{
    "Plan": {
        "Node Type": "Aggregate",
        "Strategy": "Plain",
        "Partial Mode": "Simple",
        "Parallel Aware": false,
        "Startup Cost": 20005064687.87,
        "Total Cost": 20005064687.88,
        "Plan Rows": 1,
        "Plan Width": 64,
        "Actual Startup Time": 10902.238,
        "Actual Total Time": 10931.636,
        "Actual Rows": 1,
        "Actual Loops": 1,
        "Output": [
            "min(chn.name)",
            "min(t.title)"
        ],
        "Plans": [
            {
                "Node Type": "Nested Loop",
                "Parent Relationship": "Outer",
                "Parallel Aware": false,
                "Join Type": "Inner",
                "Startup Cost": 20004761953.76,
                "Total Cost": 20005064351.26,
                "Plan Rows": 67322,
                "Plan Width": 33,
                "Actual Startup Time": 10720.767,
                "Actual Total Time": 10928.93,
                "Actual Rows": 9693,
                "Actual Loops": 1,
                "Output": [
                    "chn.name",
                    "t.title"
                ],
                "Inner Unique": true,
                "Plans": [
                    {
                        "Node Type": "Hash Join",
                        "Parent Relationship": "Outer",
                        "Parallel Aware": false,
                        "Join Type": "Inner",
                        "Startup Cost": 10004761953.31,
                        "Total Cost": 10004763637.51,
                        "Plan Rows": 67322,
                        "Plan Width": 21,
                        "Actual Startup Time": 10720.709,
                        "Actual Total Time": 10761.385,
                        "Actual Rows": 59009,
                        "Actual Loops": 1,
                        "Output": [
                            "ci.person_role_id",
                            "t.title"
                        ],
                        "Inner Unique": false,
                        "Hash Cond": "(rt.id = ci.role_id)",
                        "Plans": [
                            {
                                "Node Type": "Seq Scan",
                                "Parent Relationship": "Outer",
                                "Parallel Aware": false,
                                "Relation Name": "role_type",
                                "Schema": "public",
                                "Alias": "rt",
                                "Startup Cost": 0.0,
                                "Total Cost": 1.12,
                                "Plan Rows": 12,
                                "Plan Width": 4,
                                "Actual Startup Time": 0.053,
                                "Actual Total Time": 0.061,
                                "Actual Rows": 12,
                                "Actual Loops": 1,
                                "Output": [
                                    "rt.id",
                                    "rt.role"
                                ]
                            },
                            {
                                "Node Type": "Hash",
                                "Parent Relationship": "Inner",
                                "Parallel Aware": false,
                                "Startup Cost": 10004761111.78,
                                "Total Cost": 10004761111.78,
                                "Plan Rows": 67322,
                                "Plan Width": 25,
                                "Actual Startup Time": 10720.45,
                                "Actual Total Time": 10749.844,
                                "Actual Rows": 59009,
                                "Actual Loops": 1,
                                "Output": [
                                    "ci.person_role_id",
                                    "ci.role_id",
                                    "t.title"
                                ],
                                "Hash Buckets": 131072,
                                "Original Hash Buckets": 131072,
                                "Hash Batches": 1,
                                "Original Hash Batches": 1,
                                "Peak Memory Usage": 4085,
                                "Plans": [
                                    {
                                        "Node Type": "Gather",
                                        "Parent Relationship": "Outer",
                                        "Parallel Aware": false,
                                        "Startup Cost": 10004718411.17,
                                        "Total Cost": 10004761111.78,
                                        "Plan Rows": 67322,
                                        "Plan Width": 25,
                                        "Actual Startup Time": 10665.599,
                                        "Actual Total Time": 10743.207,
                                        "Actual Rows": 59009,
                                        "Actual Loops": 1,
                                        "Output": [
                                            "ci.person_role_id",
                                            "ci.role_id",
                                            "t.title"
                                        ],
                                        "Workers Planned": 1,
                                        "Workers Launched": 1,
                                        "Single Copy": false,
                                        "Plans": [
                                            {
                                                "Node Type": "Hash Join",
                                                "Parent Relationship": "Outer",
                                                "Parallel Aware": false,
                                                "Join Type": "Inner",
                                                "Startup Cost": 10004717411.17,
                                                "Total Cost": 10004753379.58,
                                                "Plan Rows": 39601,
                                                "Plan Width": 25,
                                                "Actual Startup Time": 10653.942,
                                                "Actual Total Time": 10690.546,
                                                "Actual Rows": 29504,
                                                "Actual Loops": 2,
                                                "Output": [
                                                    "ci.person_role_id",
                                                    "ci.role_id",
                                                    "t.title"
                                                ],
                                                "Inner Unique": true,
                                                "Hash Cond": "(mc.company_type_id = ct.id)",
                                                "Workers": [
                                                    {
                                                        "Worker Number": 0,
                                                        "Actual Startup Time": 10643.136,
                                                        "Actual Total Time": 10683.375,
                                                        "Actual Rows": 31962,
                                                        "Actual Loops": 1
                                                    }
                                                ],
                                                "Plans": [
                                                    {
                                                        "Node Type": "Hash Join",
                                                        "Parent Relationship": "Outer",
                                                        "Parallel Aware": true,
                                                        "Join Type": "Inner",
                                                        "Startup Cost": 10004717398.93,
                                                        "Total Cost": 10004753153.25,
                                                        "Plan Rows": 39601,
                                                        "Plan Width": 29,
                                                        "Actual Startup Time": 10653.553,
                                                        "Actual Total Time": 10686.277,
                                                        "Actual Rows": 29504,
                                                        "Actual Loops": 2,
                                                        "Output": [
                                                            "ci.person_role_id",
                                                            "ci.role_id",
                                                            "mc.company_type_id",
                                                            "t.title"
                                                        ],
                                                        "Inner Unique": false,
                                                        "Hash Cond": "(t.id = ci.movie_id)",
                                                        "Workers": [
                                                            {
                                                                "Worker Number": 0,
                                                                "Actual Startup Time": 10642.405,
                                                                "Actual Total Time": 10678.345,
                                                                "Actual Rows": 31962,
                                                                "Actual Loops": 1
                                                            }
                                                        ],
                                                        "Plans": [
                                                            {
                                                                "Node Type": "Hash Join",
                                                                "Parent Relationship": "Outer",
                                                                "Parallel Aware": true,
                                                                "Join Type": "Inner",
                                                                "Startup Cost": 10003828667.46,
                                                                "Total Cost": 10003864259.57,
                                                                "Plan Rows": 13759,
                                                                "Plan Width": 29,
                                                                "Actual Startup Time": 6731.788,
                                                                "Actual Total Time": 6749.041,
                                                                "Actual Rows": 9708,
                                                                "Actual Loops": 2,
                                                                "Output": [
                                                                    "mc.movie_id",
                                                                    "mc.company_type_id",
                                                                    "t.title",
                                                                    "t.id"
                                                                ],
                                                                "Inner Unique": false,
                                                                "Hash Cond": "(cn.id = mc.company_id)",
                                                                "Workers": [
                                                                    {
                                                                        "Worker Number": 0,
                                                                        "Actual Startup Time": 6731.698,
                                                                        "Actual Total Time": 6751.08,
                                                                        "Actual Rows": 10729,
                                                                        "Actual Loops": 1
                                                                    }
                                                                ],
                                                                "Plans": [
                                                                    {
                                                                        "Node Type": "Seq Scan",
                                                                        "Parent Relationship": "Outer",
                                                                        "Parallel Aware": true,
                                                                        "Relation Name": "company_name",
                                                                        "Schema": "public",
                                                                        "Alias": "cn",
                                                                        "Startup Cost": 0.0,
                                                                        "Total Cost": 4722.92,
                                                                        "Plan Rows": 5884,
                                                                        "Plan Width": 4,
                                                                        "Actual Startup Time": 0.021,
                                                                        "Actual Total Time": 11.79,
                                                                        "Actual Rows": 4906,
                                                                        "Actual Loops": 2,
                                                                        "Output": [
                                                                            "cn.id",
                                                                            "cn.name",
                                                                            "cn.country_code",
                                                                            "cn.imdb_id",
                                                                            "cn.name_pcode_nf",
                                                                            "cn.name_pcode_sf",
                                                                            "cn.md5sum"
                                                                        ],
                                                                        "Filter": "((cn.country_code)::text = '[ca]'::text)",
                                                                        "Rows Removed by Filter": 112593,
                                                                        "Workers": [
                                                                            {
                                                                                "Worker Number": 0,
                                                                                "Actual Startup Time": 0.026,
                                                                                "Actual Total Time": 13.485,
                                                                                "Actual Rows": 5283,
                                                                                "Actual Loops": 1
                                                                            }
                                                                        ]
                                                                    },
                                                                    {
                                                                        "Node Type": "Hash",
                                                                        "Parent Relationship": "Inner",
                                                                        "Parallel Aware": true,
                                                                        "Startup Cost": 10003826451.7,
                                                                        "Total Cost": 10003826451.7,
                                                                        "Plan Rows": 177261,
                                                                        "Plan Width": 33,
                                                                        "Actual Startup Time": 6727.397,
                                                                        "Actual Total Time": 6727.399,
                                                                        "Actual Rows": 204626,
                                                                        "Actual Loops": 2,
                                                                        "Output": [
                                                                            "mc.movie_id",
                                                                            "mc.company_id",
                                                                            "mc.company_type_id",
                                                                            "t.title",
                                                                            "t.id"
                                                                        ],
                                                                        "Hash Buckets": 1048576,
                                                                        "Original Hash Buckets": 1048576,
                                                                        "Hash Batches": 1,
                                                                        "Original Hash Batches": 1,
                                                                        "Peak Memory Usage": 36704,
                                                                        "Workers": [
                                                                            {
                                                                                "Worker Number": 0,
                                                                                "Actual Startup Time": 6731.633,
                                                                                "Actual Total Time": 6731.635,
                                                                                "Actual Rows": 213870,
                                                                                "Actual Loops": 1
                                                                            }
                                                                        ],
                                                                        "Plans": [
                                                                            {
                                                                                "Node Type": "Nested Loop",
                                                                                "Parent Relationship": "Outer",
                                                                                "Parallel Aware": false,
                                                                                "Join Type": "Inner",
                                                                                "Startup Cost": 10000000000.88,
                                                                                "Total Cost": 10003826451.7,
                                                                                "Plan Rows": 177261,
                                                                                "Plan Width": 33,
                                                                                "Actual Startup Time": 0.192,
                                                                                "Actual Total Time": 6603.384,
                                                                                "Actual Rows": 204626,
                                                                                "Actual Loops": 2,
                                                                                "Output": [
                                                                                    "mc.movie_id",
                                                                                    "mc.company_id",
                                                                                    "mc.company_type_id",
                                                                                    "t.title",
                                                                                    "t.id"
                                                                                ],
                                                                                "Inner Unique": true,
                                                                                "Workers": [
                                                                                    {
                                                                                        "Worker Number": 0,
                                                                                        "Actual Startup Time": 0.32,
                                                                                        "Actual Total Time": 6596.926,
                                                                                        "Actual Rows": 213870,
                                                                                        "Actual Loops": 1
                                                                                    }
                                                                                ],
                                                                                "Plans": [
                                                                                    {
                                                                                        "Node Type": "Index Scan",
                                                                                        "Parent Relationship": "Outer",
                                                                                        "Parallel Aware": true,
                                                                                        "Scan Direction": "Forward",
                                                                                        "Index Name": "company_type_id_movie_companies",
                                                                                        "Relation Name": "movie_companies",
                                                                                        "Schema": "public",
                                                                                        "Alias": "mc",
                                                                                        "Startup Cost": 0.43,
                                                                                        "Total Cost": 67155.62,
                                                                                        "Plan Rows": 841655,
                                                                                        "Plan Width": 12,
                                                                                        "Actual Startup Time": 0.049,
                                                                                        "Actual Total Time": 395.619,
                                                                                        "Actual Rows": 1304564,
                                                                                        "Actual Loops": 2,
                                                                                        "Output": [
                                                                                            "mc.id",
                                                                                            "mc.movie_id",
                                                                                            "mc.company_id",
                                                                                            "mc.company_type_id",
                                                                                            "mc.note"
                                                                                        ],
                                                                                        "Workers": [
                                                                                            {
                                                                                                "Worker Number": 0,
                                                                                                "Actual Startup Time": 0.077,
                                                                                                "Actual Total Time": 434.768,
                                                                                                "Actual Rows": 1374194,
                                                                                                "Actual Loops": 1
                                                                                            }
                                                                                        ]
                                                                                    },
                                                                                    {
                                                                                        "Node Type": "Bitmap Heap Scan",
                                                                                        "Parent Relationship": "Inner",
                                                                                        "Parallel Aware": false,
                                                                                        "Relation Name": "title",
                                                                                        "Schema": "public",
                                                                                        "Alias": "t",
                                                                                        "Startup Cost": 0.45,
                                                                                        "Total Cost": 4.47,
                                                                                        "Plan Rows": 1,
                                                                                        "Plan Width": 21,
                                                                                        "Actual Startup Time": 0.003,
                                                                                        "Actual Total Time": 0.003,
                                                                                        "Actual Rows": 0,
                                                                                        "Actual Loops": 2609129,
                                                                                        "Output": [
                                                                                            "t.id",
                                                                                            "t.title",
                                                                                            "t.imdb_index",
                                                                                            "t.kind_id",
                                                                                            "t.production_year",
                                                                                            "t.imdb_id",
                                                                                            "t.phonetic_code",
                                                                                            "t.episode_of_id",
                                                                                            "t.season_nr",
                                                                                            "t.episode_nr",
                                                                                            "t.series_years",
                                                                                            "t.md5sum"
                                                                                        ],
                                                                                        "Recheck Cond": "(t.id = mc.movie_id)",
                                                                                        "Rows Removed by Index Recheck": 0,
                                                                                        "Filter": "(t.production_year > 2009)",
                                                                                        "Rows Removed by Filter": 1,
                                                                                        "Exact Heap Blocks": 1234935,
                                                                                        "Lossy Heap Blocks": 0,
                                                                                        "Workers": [
                                                                                            {
                                                                                                "Worker Number": 0,
                                                                                                "Actual Startup Time": 0.003,
                                                                                                "Actual Total Time": 0.003,
                                                                                                "Actual Rows": 0,
                                                                                                "Actual Loops": 1374194
                                                                                            }
                                                                                        ],
                                                                                        "Plans": [
                                                                                            {
                                                                                                "Node Type": "Bitmap Index Scan",
                                                                                                "Parent Relationship": "Outer",
                                                                                                "Parallel Aware": false,
                                                                                                "Index Name": "title_pkey",
                                                                                                "Startup Cost": 0.0,
                                                                                                "Total Cost": 0.45,
                                                                                                "Plan Rows": 1,
                                                                                                "Plan Width": 0,
                                                                                                "Actual Startup Time": 0.002,
                                                                                                "Actual Total Time": 0.002,
                                                                                                "Actual Rows": 1,
                                                                                                "Actual Loops": 2609129,
                                                                                                "Index Cond": "(t.id = mc.movie_id)",
                                                                                                "Workers": [
                                                                                                    {
                                                                                                        "Worker Number": 0,
                                                                                                        "Actual Startup Time": 0.002,
                                                                                                        "Actual Total Time": 0.002,
                                                                                                        "Actual Rows": 1,
                                                                                                        "Actual Loops": 1374194
                                                                                                    }
                                                                                                ]
                                                                                            }
                                                                                        ]
                                                                                    }
                                                                                ]
                                                                            }
                                                                        ]
                                                                    }
                                                                ]
                                                            },
                                                            {
                                                                "Node Type": "Hash",
                                                                "Parent Relationship": "Inner",
                                                                "Parallel Aware": true,
                                                                "Startup Cost": 883073.06,
                                                                "Total Cost": 883073.06,
                                                                "Plan Rows": 452672,
                                                                "Plan Width": 12,
                                                                "Actual Startup Time": 3900.519,
                                                                "Actual Total Time": 3900.52,
                                                                "Actual Rows": 1248728,
                                                                "Actual Loops": 2,
                                                                "Output": [
                                                                    "ci.movie_id",
                                                                    "ci.person_role_id",
                                                                    "ci.role_id"
                                                                ],
                                                                "Hash Buckets": 4194304,
                                                                "Original Hash Buckets": 4194304,
                                                                "Hash Batches": 1,
                                                                "Original Hash Batches": 1,
                                                                "Peak Memory Usage": 136768,
                                                                "Workers": [
                                                                    {
                                                                        "Worker Number": 0,
                                                                        "Actual Startup Time": 3910.426,
                                                                        "Actual Total Time": 3910.427,
                                                                        "Actual Rows": 1237939,
                                                                        "Actual Loops": 1
                                                                    }
                                                                ],
                                                                "Plans": [
                                                                    {
                                                                        "Node Type": "Index Scan",
                                                                        "Parent Relationship": "Outer",
                                                                        "Parallel Aware": true,
                                                                        "Scan Direction": "Forward",
                                                                        "Index Name": "role_id_cast_info",
                                                                        "Relation Name": "cast_info",
                                                                        "Schema": "public",
                                                                        "Alias": "ci",
                                                                        "Startup Cost": 0.56,
                                                                        "Total Cost": 883073.06,
                                                                        "Plan Rows": 452672,
                                                                        "Plan Width": 12,
                                                                        "Actual Startup Time": 0.109,
                                                                        "Actual Total Time": 3376.762,
                                                                        "Actual Rows": 1248728,
                                                                        "Actual Loops": 2,
                                                                        "Output": [
                                                                            "ci.movie_id",
                                                                            "ci.person_role_id",
                                                                            "ci.role_id"
                                                                        ],
                                                                        "Filter": "(ci.note ~~ '%(as%'::text)",
                                                                        "Rows Removed by Filter": 16873444,
                                                                        "Workers": [
                                                                            {
                                                                                "Worker Number": 0,
                                                                                "Actual Startup Time": 0.157,
                                                                                "Actual Total Time": 3380.389,
                                                                                "Actual Rows": 1237939,
                                                                                "Actual Loops": 1
                                                                            }
                                                                        ]
                                                                    }
                                                                ]
                                                            }
                                                        ]
                                                    },
                                                    {
                                                        "Node Type": "Hash",
                                                        "Parent Relationship": "Inner",
                                                        "Parallel Aware": false,
                                                        "Startup Cost": 12.19,
                                                        "Total Cost": 12.19,
                                                        "Plan Rows": 4,
                                                        "Plan Width": 4,
                                                        "Actual Startup Time": 0.131,
                                                        "Actual Total Time": 0.131,
                                                        "Actual Rows": 4,
                                                        "Actual Loops": 2,
                                                        "Output": [
                                                            "ct.id"
                                                        ],
                                                        "Hash Buckets": 1024,
                                                        "Original Hash Buckets": 1024,
                                                        "Hash Batches": 1,
                                                        "Original Hash Batches": 1,
                                                        "Peak Memory Usage": 9,
                                                        "Workers": [
                                                            {
                                                                "Worker Number": 0,
                                                                "Actual Startup Time": 0.227,
                                                                "Actual Total Time": 0.228,
                                                                "Actual Rows": 4,
                                                                "Actual Loops": 1
                                                            }
                                                        ],
                                                        "Plans": [
                                                            {
                                                                "Node Type": "Index Scan",
                                                                "Parent Relationship": "Outer",
                                                                "Parallel Aware": false,
                                                                "Scan Direction": "Forward",
                                                                "Index Name": "company_type_pkey",
                                                                "Relation Name": "company_type",
                                                                "Schema": "public",
                                                                "Alias": "ct",
                                                                "Startup Cost": 0.13,
                                                                "Total Cost": 12.19,
                                                                "Plan Rows": 4,
                                                                "Plan Width": 4,
                                                                "Actual Startup Time": 0.108,
                                                                "Actual Total Time": 0.114,
                                                                "Actual Rows": 4,
                                                                "Actual Loops": 2,
                                                                "Output": [
                                                                    "ct.id"
                                                                ],
                                                                "Workers": [
                                                                    {
                                                                        "Worker Number": 0,
                                                                        "Actual Startup Time": 0.194,
                                                                        "Actual Total Time": 0.2,
                                                                        "Actual Rows": 4,
                                                                        "Actual Loops": 1
                                                                    }
                                                                ]
                                                            }
                                                        ]
                                                    }
                                                ]
                                            }
                                        ]
                                    }
                                ]
                            }
                        ]
                    },
                    {
                        "Node Type": "Bitmap Heap Scan",
                        "Parent Relationship": "Inner",
                        "Parallel Aware": false,
                        "Relation Name": "char_name",
                        "Schema": "public",
                        "Alias": "chn",
                        "Startup Cost": 0.45,
                        "Total Cost": 4.47,
                        "Plan Rows": 1,
                        "Plan Width": 20,
                        "Actual Startup Time": 0.001,
                        "Actual Total Time": 0.001,
                        "Actual Rows": 0,
                        "Actual Loops": 59009,
                        "Output": [
                            "chn.id",
                            "chn.name",
                            "chn.imdb_index",
                            "chn.imdb_id",
                            "chn.name_pcode_nf",
                            "chn.surname_pcode",
                            "chn.md5sum"
                        ],
                        "Recheck Cond": "(chn.id = ci.person_role_id)",
                        "Rows Removed by Index Recheck": 0,
                        "Exact Heap Blocks": 9693,
                        "Lossy Heap Blocks": 0,
                        "Plans": [
                            {
                                "Node Type": "Bitmap Index Scan",
                                "Parent Relationship": "Outer",
                                "Parallel Aware": false,
                                "Index Name": "char_name_pkey",
                                "Startup Cost": 0.0,
                                "Total Cost": 0.45,
                                "Plan Rows": 1,
                                "Plan Width": 0,
                                "Actual Startup Time": 0.001,
                                "Actual Total Time": 0.001,
                                "Actual Rows": 0,
                                "Actual Loops": 59009,
                                "Index Cond": "(chn.id = ci.person_role_id)"
                            }
                        ]
                    }
                ]
            }
        ]
    },
    "Planning Time": 4.429,
    "Triggers": [],
    "Execution Time": 10931.847
}