[
  {
    "Plan": {
      "Node Type": "Aggregate",
      "Strategy": "Plain",
      "Partial Mode": "Finalize",
      "Parallel Aware": false,
      "Startup Cost": 34926.45,
      "Total Cost": 34926.46,
      "Plan Rows": 1,
      "Plan Width": 8,
      "Actual Startup Time": 21.36,
      "Actual Total Time": 23.81,
      "Actual Rows": 1,
      "Actual Loops": 1,
      "Plans": [
        {
          "Node Type": "Gather",
          "Parent Relationship": "Outer",
          "Parallel Aware": false,
          "Startup Cost": 34926.23,
          "Total Cost": 34926.44,
          "Plan Rows": 2,
          "Plan Width": 8,
          "Actual Startup Time": 20.961,
          "Actual Total Time": 23.804,
          "Actual Rows": 3,
          "Actual Loops": 1,
          "Workers Planned": 2,
          "Workers Launched": 2,
          "Single Copy": false,
          "Plans": [
            {
              "Node Type": "Aggregate",
              "Strategy": "Plain",
              "Partial Mode": "Partial",
              "Parent Relationship": "Outer",
              "Parallel Aware": false,
              "Startup Cost": 33926.23,
              "Total Cost": 33926.24,
              "Plan Rows": 1,
              "Plan Width": 8,
              "Actual Startup Time": 15.374,
              "Actual Total Time": 15.376,
              "Actual Rows": 1,
              "Actual Loops": 3,
              "Plans": [
                {
                  "Node Type": "Nested Loop",
                  "Parent Relationship": "Outer",
                  "Parallel Aware": false,
                  "Join Type": "Inner",
                  "Startup Cost": 240.25,
                  "Total Cost": 33925.01,
                  "Plan Rows": 489,
                  "Plan Width": 0,
                  "Actual Startup Time": 0.51,
                  "Actual Total Time": 15.264,
                  "Actual Rows": 845,
                  "Actual Loops": 3,
                  "Inner Unique": true,
                  "Plans": [
                    {
                      "Node Type": "Bitmap Heap Scan",
                      "Parent Relationship": "Outer",
                      "Parallel Aware": true,
                      "Relation Name": "movie_companies",
                      "Alias": "mc",
                      "Startup Cost": 239.82,
                      "Total Cost": 17128.0,
                      "Plan Rows": 2328,
                      "Plan Width": 4,
                      "Actual Startup Time": 0.345,
                      "Actual Total Time": 1.937,
                      "Actual Rows": 3396,
                      "Actual Loops": 3,
                      "Recheck Cond": "(company_id > 225271)",
                      "Rows Removed by Index Recheck": 0,
                      "Filter": "(company_type_id > 1)",
                      "Rows Removed by Filter": 0,
                      "Exact Heap Blocks": 364,
                      "Lossy Heap Blocks": 0,
                      "Plans": [
                        {
                          "Node Type": "Bitmap Index Scan",
                          "Parent Relationship": "Outer",
                          "Parallel Aware": false,
                          "Index Name": "company_id_movie_companies",
                          "Startup Cost": 0.0,
                          "Total Cost": 238.43,
                          "Plan Rows": 10933,
                          "Plan Width": 0,
                          "Actual Startup Time": 0.785,
                          "Actual Total Time": 0.785,
                          "Actual Rows": 10189,
                          "Actual Loops": 1,
                          "Index Cond": "(company_id > 225271)"
                        }
                      ]
                    },
                    {
                      "Node Type": "Index Scan",
                      "Parent Relationship": "Inner",
                      "Parallel Aware": false,
                      "Scan Direction": "Forward",
                      "Index Name": "title_pkey",
                      "Relation Name": "title",
                      "Alias": "t",
                      "Startup Cost": 0.43,
                      "Total Cost": 7.22,
                      "Plan Rows": 1,
                      "Plan Width": 4,
                      "Actual Startup Time": 0.004,
                      "Actual Total Time": 0.004,
                      "Actual Rows": 0,
                      "Actual Loops": 10189,
                      "Index Cond": "(id = mc.movie_id)",
                      "Rows Removed by Index Recheck": 0,
                      "Filter": "(production_year > 2009)",
                      "Rows Removed by Filter": 1
                    }
                  ]
                }
              ]
            }
          ]
        }
      ]
    },
    "Planning Time": 0.301,
    "Triggers": [],
    "Execution Time": 23.853
  }
]