[
  {
    "Plan": {
      "Node Type": "Aggregate",
      "Strategy": "Plain",
      "Partial Mode": "Finalize",
      "Parallel Aware": false,
      "Startup Cost": 44641.14,
      "Total Cost": 44641.15,
      "Plan Rows": 1,
      "Plan Width": 8,
      "Actual Startup Time": 133.043,
      "Actual Total Time": 142.857,
      "Actual Rows": 1,
      "Actual Loops": 1,
      "Plans": [
        {
          "Node Type": "Gather",
          "Parent Relationship": "Outer",
          "Parallel Aware": false,
          "Startup Cost": 44640.82,
          "Total Cost": 44641.13,
          "Plan Rows": 3,
          "Plan Width": 8,
          "Actual Startup Time": 132.901,
          "Actual Total Time": 142.847,
          "Actual Rows": 4,
          "Actual Loops": 1,
          "Workers Planned": 3,
          "Workers Launched": 3,
          "Single Copy": false,
          "Plans": [
            {
              "Node Type": "Aggregate",
              "Strategy": "Plain",
              "Partial Mode": "Partial",
              "Parent Relationship": "Outer",
              "Parallel Aware": false,
              "Startup Cost": 43640.82,
              "Total Cost": 43640.83,
              "Plan Rows": 1,
              "Plan Width": 8,
              "Actual Startup Time": 126.063,
              "Actual Total Time": 126.064,
              "Actual Rows": 1,
              "Actual Loops": 4,
              "Plans": [
                {
                  "Node Type": "Seq Scan",
                  "Parent Relationship": "Outer",
                  "Parallel Aware": true,
                  "Relation Name": "movie_keyword",
                  "Alias": "mk",
                  "Startup Cost": 0.0,
                  "Total Cost": 42695.65,
                  "Plan Rows": 378066,
                  "Plan Width": 0,
                  "Actual Startup Time": 0.051,
                  "Actual Total Time": 111.164,
                  "Actual Rows": 297270,
                  "Actual Loops": 4,
                  "Filter": "(keyword_id < 1418)",
                  "Rows Removed by Filter": 833713
                }
              ]
            }
          ]
        }
      ]
    },
    "Planning Time": 0.188,
    "Triggers": [],
    "Execution Time": 142.922
  }
]