[
  {
    "Plan": {
      "Node Type": "Aggregate",
      "Strategy": "Plain",
      "Partial Mode": "Finalize",
      "Parallel Aware": false,
      "Startup Cost": 73815.62,
      "Total Cost": 73815.63,
      "Plan Rows": 1,
      "Plan Width": 8,
      "Actual Startup Time": 237.373,
      "Actual Total Time": 248.665,
      "Actual Rows": 1,
      "Actual Loops": 1,
      "Plans": [
        {
          "Node Type": "Gather",
          "Parent Relationship": "Outer",
          "Parallel Aware": false,
          "Startup Cost": 73815.2,
          "Total Cost": 73815.61,
          "Plan Rows": 4,
          "Plan Width": 8,
          "Actual Startup Time": 234.843,
          "Actual Total Time": 248.653,
          "Actual Rows": 5,
          "Actual Loops": 1,
          "Workers Planned": 4,
          "Workers Launched": 4,
          "Single Copy": false,
          "Plans": [
            {
              "Node Type": "Aggregate",
              "Strategy": "Plain",
              "Partial Mode": "Partial",
              "Parent Relationship": "Outer",
              "Parallel Aware": false,
              "Startup Cost": 72815.2,
              "Total Cost": 72815.21,
              "Plan Rows": 1,
              "Plan Width": 8,
              "Actual Startup Time": 225.159,
              "Actual Total Time": 225.162,
              "Actual Rows": 1,
              "Actual Loops": 5,
              "Plans": [
                {
                  "Node Type": "Hash Join",
                  "Parent Relationship": "Outer",
                  "Parallel Aware": true,
                  "Join Type": "Inner",
                  "Startup Cost": 26943.53,
                  "Total Cost": 72643.8,
                  "Plan Rows": 68562,
                  "Plan Width": 0,
                  "Actual Startup Time": 156.424,
                  "Actual Total Time": 222.873,
                  "Actual Rows": 54454,
                  "Actual Loops": 5,
                  "Inner Unique": false,
                  "Hash Cond": "(t.id = mc.movie_id)",
                  "Plans": [
                    {
                      "Node Type": "Seq Scan",
                      "Parent Relationship": "Outer",
                      "Parallel Aware": true,
                      "Relation Name": "title",
                      "Alias": "t",
                      "Startup Cost": 0.0,
                      "Total Cost": 42318.73,
                      "Plan Rows": 632073,
                      "Plan Width": 4,
                      "Actual Startup Time": 0.012,
                      "Actual Total Time": 65.433,
                      "Actual Rows": 505662,
                      "Actual Loops": 5
                    },
                    {
                      "Node Type": "Hash",
                      "Parent Relationship": "Inner",
                      "Parallel Aware": true,
                      "Startup Cost": 25837.69,
                      "Total Cost": 25837.69,
                      "Plan Rows": 88467,
                      "Plan Width": 4,
                      "Actual Startup Time": 70.513,
                      "Actual Total Time": 70.514,
                      "Actual Rows": 54454,
                      "Actual Loops": 5,
                      "Hash Buckets": 524288,
                      "Original Hash Buckets": 524288,
                      "Hash Batches": 1,
                      "Original Hash Batches": 1,
                      "Peak Memory Usage": 14848,
                      "Plans": [
                        {
                          "Node Type": "Bitmap Heap Scan",
                          "Parent Relationship": "Outer",
                          "Parallel Aware": true,
                          "Relation Name": "movie_companies",
                          "Alias": "mc",
                          "Startup Cost": 5941.85,
                          "Total Cost": 25837.69,
                          "Plan Rows": 88467,
                          "Plan Width": 4,
                          "Actual Startup Time": 20.917,
                          "Actual Total Time": 47.613,
                          "Actual Rows": 54454,
                          "Actual Loops": 5,
                          "Recheck Cond": "(company_id > 97161)",
                          "Rows Removed by Index Recheck": 0,
                          "Exact Heap Blocks": 1951,
                          "Lossy Heap Blocks": 0,
                          "Plans": [
                            {
                              "Node Type": "Bitmap Index Scan",
                              "Parent Relationship": "Outer",
                              "Parallel Aware": false,
                              "Index Name": "company_id_movie_companies",
                              "Startup Cost": 0.0,
                              "Total Cost": 5873.29,
                              "Plan Rows": 274248,
                              "Plan Width": 0,
                              "Actual Startup Time": 21.144,
                              "Actual Total Time": 21.144,
                              "Actual Rows": 272271,
                              "Actual Loops": 1,
                              "Index Cond": "(company_id > 97161)"
                            }
                          ]
                        }
                      ]
                    }
                  ]
                }
              ]
            }
          ]
        }
      ]
    },
    "Planning Time": 0.486,
    "Triggers": [],
    "Execution Time": 248.747
  }
]