[
  {
    "Plan": {
      "Node Type": "Aggregate",
      "Strategy": "Plain",
      "Partial Mode": "Finalize",
      "Parallel Aware": false,
      "Startup Cost": 538374.35,
      "Total Cost": 538374.36,
      "Plan Rows": 1,
      "Plan Width": 64,
      "Actual Startup Time": 5100.443,
      "Actual Total Time": 5206.791,
      "Actual Rows": 1,
      "Actual Loops": 1,
      "Plans": [
        {
          "Node Type": "Gather",
          "Parent Relationship": "Outer",
          "Parallel Aware": false,
          "Startup Cost": 538374.02,
          "Total Cost": 538374.33,
          "Plan Rows": 3,
          "Plan Width": 64,
          "Actual Startup Time": 5060.983,
          "Actual Total Time": 5206.758,
          "Actual Rows": 4,
          "Actual Loops": 1,
          "Workers Planned": 3,
          "Workers Launched": 3,
          "Single Copy": false,
          "Plans": [
            {
              "Node Type": "Aggregate",
              "Strategy": "Plain",
              "Partial Mode": "Partial",
              "Parent Relationship": "Outer",
              "Parallel Aware": false,
              "Startup Cost": 537374.02,
              "Total Cost": 537374.03,
              "Plan Rows": 1,
              "Plan Width": 64,
              "Actual Startup Time": 5038.159,
              "Actual Total Time": 5046.762,
              "Actual Rows": 1,
              "Actual Loops": 4,
              "Plans": [
                {
                  "Node Type": "Hash Join",
                  "Parent Relationship": "Outer",
                  "Parallel Aware": true,
                  "Join Type": "Inner",
                  "Startup Cost": 510339.89,
                  "Total Cost": 526073.91,
                  "Plan Rows": 2260023,
                  "Plan Width": 33,
                  "Actual Startup Time": 4814.552,
                  "Actual Total Time": 4999.634,
                  "Actual Rows": 621903,
                  "Actual Loops": 4,
                  "Inner Unique": false,
                  "Hash Cond": "(a1.person_id = n1.id)",
                  "Plans": [
                    {
                      "Node Type": "Seq Scan",
                      "Parent Relationship": "Outer",
                      "Parallel Aware": true,
                      "Relation Name": "aka_name",
                      "Alias": "a1",
                      "Startup Cost": 0.0,
                      "Total Cost": 14303.56,
                      "Plan Rows": 290756,
                      "Plan Width": 20,
                      "Actual Startup Time": 0.044,
                      "Actual Total Time": 45.96,
                      "Actual Rows": 225336,
                      "Actual Loops": 4
                    },
                    {
                      "Node Type": "Hash",
                      "Parent Relationship": "Inner",
                      "Parallel Aware": true,
                      "Startup Cost": 504245.94,
                      "Total Cost": 504245.94,
                      "Plan Rows": 487516,
                      "Plan Width": 25,
                      "Actual Startup Time": 4798.218,
                      "Actual Total Time": 4806.814,
                      "Actual Rows": 492664,
                      "Actual Loops": 4,
                      "Hash Buckets": 4194304,
                      "Original Hash Buckets": 4194304,
                      "Hash Batches": 1,
                      "Original Hash Batches": 1,
                      "Peak Memory Usage": 152512,
                      "Plans": [
                        {
                          "Node Type": "Hash Join",
                          "Parent Relationship": "Outer",
                          "Parallel Aware": true,
                          "Join Type": "Inner",
                          "Startup Cost": 166017.39,
                          "Total Cost": 504245.94,
                          "Plan Rows": 487516,
                          "Plan Width": 25,
                          "Actual Startup Time": 3391.29,
                          "Actual Total Time": 4571.942,
                          "Actual Rows": 492664,
                          "Actual Loops": 4,
                          "Inner Unique": true,
                          "Hash Cond": "(ci.person_id = n1.id)",
                          "Plans": [
                            {
                              "Node Type": "Hash Join",
                              "Parent Relationship": "Outer",
                              "Parallel Aware": true,
                              "Join Type": "Inner",
                              "Startup Cost": 86962.66,
                              "Total Cost": 423911.47,
                              "Plan Rows": 487516,
                              "Plan Width": 21,
                              "Actual Startup Time": 2528.301,
                              "Actual Total Time": 3590.695,
                              "Actual Rows": 492664,
                              "Actual Loops": 4,
                              "Inner Unique": false,
                              "Hash Cond": "(ci.movie_id = t.id)",
                              "Plans": [
                                {
                                  "Node Type": "Hash Join",
                                  "Parent Relationship": "Outer",
                                  "Parallel Aware": false,
                                  "Join Type": "Inner",
                                  "Startup Cost": 1.16,
                                  "Total Cost": 334591.75,
                                  "Plan Rows": 503635,
                                  "Plan Width": 8,
                                  "Actual Startup Time": 1352.918,
                                  "Actual Total Time": 2074.955,
                                  "Actual Rows": 682236,
                                  "Actual Loops": 4,
                                  "Inner Unique": true,
                                  "Hash Cond": "(ci.role_id = rt.id)",
                                  "Plans": [
                                    {
                                      "Node Type": "Seq Scan",
                                      "Parent Relationship": "Outer",
                                      "Parallel Aware": true,
                                      "Relation Name": "cast_info",
                                      "Alias": "ci",
                                      "Startup Cost": 0.0,
                                      "Total Cost": 313123.16,
                                      "Plan Rows": 6043616,
                                      "Plan Width": 12,
                                      "Actual Startup Time": 0.05,
                                      "Actual Total Time": 1306.156,
                                      "Actual Rows": 9061086,
                                      "Actual Loops": 4
                                    },
                                    {
                                      "Node Type": "Hash",
                                      "Parent Relationship": "Inner",
                                      "Parallel Aware": false,
                                      "Startup Cost": 1.15,
                                      "Total Cost": 1.15,
                                      "Plan Rows": 1,
                                      "Plan Width": 4,
                                      "Actual Startup Time": 0.078,
                                      "Actual Total Time": 0.08,
                                      "Actual Rows": 1,
                                      "Actual Loops": 4,
                                      "Hash Buckets": 1024,
                                      "Original Hash Buckets": 1024,
                                      "Hash Batches": 1,
                                      "Original Hash Batches": 1,
                                      "Peak Memory Usage": 9,
                                      "Plans": [
                                        {
                                          "Node Type": "Seq Scan",
                                          "Parent Relationship": "Outer",
                                          "Parallel Aware": false,
                                          "Relation Name": "role_type",
                                          "Alias": "rt",
                                          "Startup Cost": 0.0,
                                          "Total Cost": 1.15,
                                          "Plan Rows": 1,
                                          "Plan Width": 4,
                                          "Actual Startup Time": 0.062,
                                          "Actual Total Time": 0.064,
                                          "Actual Rows": 1,
                                          "Actual Loops": 4,
                                          "Filter": "((role)::text = 'writer'::text)",
                                          "Rows Removed by Filter": 11
                                        }
                                      ]
                                    }
                                  ]
                                },
                                {
                                  "Node Type": "Hash",
                                  "Parent Relationship": "Inner",
                                  "Parallel Aware": true,
                                  "Startup Cost": 84014.81,
                                  "Total Cost": 84014.81,
                                  "Plan Rows": 235735,
                                  "Plan Width": 25,
                                  "Actual Startup Time": 1173.668,
                                  "Actual Total Time": 1182.243,
                                  "Actual Rows": 288450,
                                  "Actual Loops": 4,
                                  "Hash Buckets": 2097152,
                                  "Original Hash Buckets": 1048576,
                                  "Hash Batches": 1,
                                  "Original Hash Batches": 1,
                                  "Peak Memory Usage": 95488,
                                  "Plans": [
                                    {
                                      "Node Type": "Hash Join",
                                      "Parent Relationship": "Outer",
                                      "Parallel Aware": true,
                                      "Join Type": "Inner",
                                      "Startup Cost": 38565.5,
                                      "Total Cost": 84014.81,
                                      "Plan Rows": 235735,
                                      "Plan Width": 25,
                                      "Actual Startup Time": 446.21,
                                      "Actual Total Time": 935.009,
                                      "Actual Rows": 288450,
                                      "Actual Loops": 4,
                                      "Inner Unique": false,
                                      "Hash Cond": "(t.id = mc.movie_id)",
                                      "Plans": [
                                        {
                                          "Node Type": "Seq Scan",
                                          "Parent Relationship": "Outer",
                                          "Parallel Aware": true,
                                          "Relation Name": "title",
                                          "Alias": "t",
                                          "Startup Cost": 0.0,
                                          "Total Cost": 42318.63,
                                          "Plan Rows": 632063,
                                          "Plan Width": 21,
                                          "Actual Startup Time": 0.025,
                                          "Actual Total Time": 169.907,
                                          "Actual Rows": 632078,
                                          "Actual Loops": 4
                                        },
                                        {
                                          "Node Type": "Hash",
                                          "Parent Relationship": "Inner",
                                          "Parallel Aware": true,
                                          "Startup Cost": 34763.33,
                                          "Total Cost": 34763.33,
                                          "Plan Rows": 304174,
                                          "Plan Width": 4,
                                          "Actual Startup Time": 444.541,
                                          "Actual Total Time": 453.111,
                                          "Actual Rows": 288450,
                                          "Actual Loops": 4,
                                          "Hash Buckets": 2097152,
                                          "Original Hash Buckets": 1048576,
                                          "Hash Batches": 1,
                                          "Original Hash Batches": 1,
                                          "Peak Memory Usage": 69760,
                                          "Plans": [
                                            {
                                              "Node Type": "Hash Join",
                                              "Parent Relationship": "Outer",
                                              "Parallel Aware": true,
                                              "Join Type": "Inner",
                                              "Startup Cost": 5347.39,
                                              "Total Cost": 34763.33,
                                              "Plan Rows": 304174,
                                              "Plan Width": 4,
                                              "Actual Startup Time": 26.837,
                                              "Actual Total Time": 274.862,
                                              "Actual Rows": 288450,
                                              "Actual Loops": 4,
                                              "Inner Unique": true,
                                              "Hash Cond": "(mc.company_id = cn.id)",
                                              "Plans": [
                                                {
                                                  "Node Type": "Seq Scan",
                                                  "Parent Relationship": "Outer",
                                                  "Parallel Aware": true,
                                                  "Relation Name": "movie_companies",
                                                  "Alias": "mc",
                                                  "Startup Cost": 0.0,
                                                  "Total Cost": 27206.55,
                                                  "Plan Rows": 841655,
                                                  "Plan Width": 8,
                                                  "Actual Startup Time": 0.028,
                                                  "Actual Total Time": 111.771,
                                                  "Actual Rows": 652282,
                                                  "Actual Loops": 4
                                                },
                                                {
                                                  "Node Type": "Hash",
                                                  "Parent Relationship": "Inner",
                                                  "Parallel Aware": true,
                                                  "Startup Cost": 4722.92,
                                                  "Total Cost": 4722.92,
                                                  "Plan Rows": 49958,
                                                  "Plan Width": 4,
                                                  "Actual Startup Time": 26.536,
                                                  "Actual Total Time": 26.537,
                                                  "Actual Rows": 21211,
                                                  "Actual Loops": 4,
                                                  "Hash Buckets": 131072,
                                                  "Original Hash Buckets": 131072,
                                                  "Hash Batches": 1,
                                                  "Original Hash Batches": 1,
                                                  "Peak Memory Usage": 4416,
                                                  "Plans": [
                                                    {
                                                      "Node Type": "Seq Scan",
                                                      "Parent Relationship": "Outer",
                                                      "Parallel Aware": true,
                                                      "Relation Name": "company_name",
                                                      "Alias": "cn",
                                                      "Startup Cost": 0.0,
                                                      "Total Cost": 4722.92,
                                                      "Plan Rows": 49958,
                                                      "Plan Width": 4,
                                                      "Actual Startup Time": 0.047,
                                                      "Actual Total Time": 20.474,
                                                      "Actual Rows": 21211,
                                                      "Actual Loops": 4,
                                                      "Filter": "((country_code)::text = '[us]'::text)",
                                                      "Rows Removed by Filter": 37538
                                                    }
                                                  ]
                                                }
                                              ]
                                            }
                                          ]
                                        }
                                      ]
                                    }
                                  ]
                                }
                              ]
                            },
                            {
                              "Node Type": "Hash",
                              "Parent Relationship": "Inner",
                              "Parallel Aware": true,
                              "Startup Cost": 66031.55,
                              "Total Cost": 66031.55,
                              "Plan Rows": 1041855,
                              "Plan Width": 4,
                              "Actual Startup Time": 846.51,
                              "Actual Total Time": 846.516,
                              "Actual Rows": 1041873,
                              "Actual Loops": 4,
                              "Hash Buckets": 4194304,
                              "Original Hash Buckets": 4194304,
                              "Hash Batches": 1,
                              "Original Hash Batches": 1,
                              "Peak Memory Usage": 195872,
                              "Plans": [
                                {
                                  "Node Type": "Seq Scan",
                                  "Parent Relationship": "Outer",
                                  "Parallel Aware": true,
                                  "Relation Name": "name",
                                  "Alias": "n1",
                                  "Startup Cost": 0.0,
                                  "Total Cost": 66031.55,
                                  "Plan Rows": 1041855,
                                  "Plan Width": 4,
                                  "Actual Startup Time": 0.105,
                                  "Actual Total Time": 291.835,
                                  "Actual Rows": 1041873,
                                  "Actual Loops": 4
                                }
                              ]
                            }
                          ]
                        }
                      ]
                    }
                  ]
                }
              ]
            }
          ]
        }
      ]
    },
    "Planning Time": 10.534,
    "Triggers": [],
    "Execution Time": 5207.382
  }
]