[
    {
        "Bao": {
            "Bao prediction": "NaN",
            "Bao recommended hint": "(no hint)"
        }
    },
    {
        "Plan": {
            "Node Type": "Aggregate",
            "Strategy": "Plain",
            "Partial Mode": "Finalize",
            "Parallel Aware": false,
            "Startup Cost": 171320.26,
            "Total Cost": 171320.27,
            "Plan Rows": 1,
            "Plan Width": 8,
            "Actual Startup Time": 51.938,
            "Actual Total Time": 55.107,
            "Actual Rows": 1,
            "Actual Loops": 1,
            "Output": [
                "count(*)"
            ],
            "Plans": [
                {
                    "Node Type": "Gather",
                    "Parent Relationship": "Outer",
                    "Parallel Aware": false,
                    "Startup Cost": 171319.74,
                    "Total Cost": 171320.25,
                    "Plan Rows": 5,
                    "Plan Width": 8,
                    "Actual Startup Time": 51.771,
                    "Actual Total Time": 55.099,
                    "Actual Rows": 6,
                    "Actual Loops": 1,
                    "Output": [
                        "(PARTIAL count(*))"
                    ],
                    "Workers Planned": 5,
                    "Workers Launched": 5,
                    "Single Copy": false,
                    "Plans": [
                        {
                            "Node Type": "Aggregate",
                            "Strategy": "Plain",
                            "Partial Mode": "Partial",
                            "Parent Relationship": "Outer",
                            "Parallel Aware": false,
                            "Startup Cost": 170319.74,
                            "Total Cost": 170319.75,
                            "Plan Rows": 1,
                            "Plan Width": 8,
                            "Actual Startup Time": 42.093,
                            "Actual Total Time": 42.094,
                            "Actual Rows": 1,
                            "Actual Loops": 6,
                            "Output": [
                                "PARTIAL count(*)"
                            ],
                            "Workers": [
                                {
                                    "Worker Number": 0,
                                    "Actual Startup Time": 39.506,
                                    "Actual Total Time": 39.507,
                                    "Actual Rows": 1,
                                    "Actual Loops": 1
                                },
                                {
                                    "Worker Number": 1,
                                    "Actual Startup Time": 40.023,
                                    "Actual Total Time": 40.024,
                                    "Actual Rows": 1,
                                    "Actual Loops": 1
                                },
                                {
                                    "Worker Number": 2,
                                    "Actual Startup Time": 40.322,
                                    "Actual Total Time": 40.323,
                                    "Actual Rows": 1,
                                    "Actual Loops": 1
                                },
                                {
                                    "Worker Number": 3,
                                    "Actual Startup Time": 40.53,
                                    "Actual Total Time": 40.532,
                                    "Actual Rows": 1,
                                    "Actual Loops": 1
                                },
                                {
                                    "Worker Number": 4,
                                    "Actual Startup Time": 40.86,
                                    "Actual Total Time": 40.861,
                                    "Actual Rows": 1,
                                    "Actual Loops": 1
                                }
                            ],
                            "Plans": [
                                {
                                    "Node Type": "Bitmap Heap Scan",
                                    "Parent Relationship": "Outer",
                                    "Parallel Aware": true,
                                    "Relation Name": "movie_info",
                                    "Schema": "public",
                                    "Alias": "mi",
                                    "Startup Cost": 7145.07,
                                    "Total Cost": 170122.8,
                                    "Plan Rows": 78778,
                                    "Plan Width": 0,
                                    "Actual Startup Time": 9.873,
                                    "Actual Total Time": 36.154,
                                    "Actual Rows": 71442,
                                    "Actual Loops": 6,
                                    "Recheck Cond": "(mi.info_type_id > 104)",
                                    "Rows Removed by Index Recheck": 0,
                                    "Exact Heap Blocks": 2608,
                                    "Lossy Heap Blocks": 0,
                                    "Workers": [
                                        {
                                            "Worker Number": 0,
                                            "Actual Startup Time": 7.29,
                                            "Actual Total Time": 33.799,
                                            "Actual Rows": 48602,
                                            "Actual Loops": 1
                                        },
                                        {
                                            "Worker Number": 1,
                                            "Actual Startup Time": 7.958,
                                            "Actual Total Time": 34.442,
                                            "Actual Rows": 45808,
                                            "Actual Loops": 1
                                        },
                                        {
                                            "Worker Number": 2,
                                            "Actual Startup Time": 8.116,
                                            "Actual Total Time": 34.767,
                                            "Actual Rows": 45501,
                                            "Actual Loops": 1
                                        },
                                        {
                                            "Worker Number": 3,
                                            "Actual Startup Time": 8.278,
                                            "Actual Total Time": 34.765,
                                            "Actual Rows": 47850,
                                            "Actual Loops": 1
                                        },
                                        {
                                            "Worker Number": 4,
                                            "Actual Startup Time": 8.705,
                                            "Actual Total Time": 35.254,
                                            "Actual Rows": 46299,
                                            "Actual Loops": 1
                                        }
                                    ],
                                    "Plans": [
                                        {
                                            "Node Type": "Bitmap Index Scan",
                                            "Parent Relationship": "Outer",
                                            "Parallel Aware": false,
                                            "Index Name": "info_type_id_movie_info",
                                            "Startup Cost": 0.0,
                                            "Total Cost": 7046.6,
                                            "Plan Rows": 393889,
                                            "Plan Width": 0,
                                            "Actual Startup Time": 17.93,
                                            "Actual Total Time": 17.93,
                                            "Actual Rows": 428651,
                                            "Actual Loops": 1,
                                            "Index Cond": "(mi.info_type_id > 104)"
                                        }
                                    ]
                                }
                            ]
                        }
                    ]
                }
            ]
        },
        "Planning Time": 270.247,
        "Triggers": [],
        "Execution Time": 55.213
    }
]