{
  "Plan": {
    "Node Type": "Aggregate",
    "Strategy": "Plain",
    "Partial Mode": "Finalize",
    "Parallel Aware": false,
    "Startup Cost": 100334.06,
    "Total Cost": 100334.07,
    "Plan Rows": 1,
    "Plan Width": 8,
    "Actual Startup Time": 614.881,
    "Actual Total Time": 632.939,
    "Actual Rows": 1,
    "Actual Loops": 1,
    "Plans": [
      {
        "Node Type": "Gather",
        "Parent Relationship": "Outer",
        "Parallel Aware": false,
        "Startup Cost": 100333.95,
        "Total Cost": 100334.06,
        "Plan Rows": 1,
        "Plan Width": 8,
        "Actual Startup Time": 611.251,
        "Actual Total Time": 632.932,
        "Actual Rows": 2,
        "Actual Loops": 1,
        "Workers Planned": 1,
        "Workers Launched": 1,
        "Single Copy": false,
        "Plans": [
          {
            "Node Type": "Aggregate",
            "Strategy": "Plain",
            "Partial Mode": "Partial",
            "Parent Relationship": "Outer",
            "Parallel Aware": false,
            "Startup Cost": 99333.95,
            "Total Cost": 99333.96,
            "Plan Rows": 1,
            "Plan Width": 8,
            "Actual Startup Time": 598.408,
            "Actual Total Time": 598.411,
            "Actual Rows": 1,
            "Actual Loops": 2,
            "Plans": [
              {
                "Node Type": "Hash Join",
                "Parent Relationship": "Outer",
                "Parallel Aware": true,
                "Join Type": "Inner",
                "Startup Cost": 73102.1,
                "Total Cost": 99081.77,
                "Plan Rows": 100871,
                "Plan Width": 0,
                "Actual Startup Time": 530.701,
                "Actual Total Time": 594.584,
                "Actual Rows": 81425,
                "Actual Loops": 2,
                "Inner Unique": true,
                "Hash Cond": "(mk.movie_id = t.id)",
                "Plans": [
                  {
                    "Node Type": "Bitmap Heap Scan",
                    "Parent Relationship": "Outer",
                    "Parallel Aware": true,
                    "Relation Name": "movie_keyword",
                    "Alias": "mk",
                    "Startup Cost": 3641.4,
                    "Total Cost": 29356.28,
                    "Plan Rows": 100871,
                    "Plan Width": 4,
                    "Actual Startup Time": 13.108,
                    "Actual Total Time": 52.509,
                    "Actual Rows": 81425,
                    "Actual Loops": 2,
                    "Recheck Cond": "(keyword_id > 72604)",
                    "Rows Removed by Index Recheck": 0,
                    "Exact Heap Blocks": 11560,
                    "Lossy Heap Blocks": 0,
                    "Plans": [
                      {
                        "Node Type": "Bitmap Index Scan",
                        "Parent Relationship": "Outer",
                        "Parallel Aware": false,
                        "Index Name": "keyword_id_movie_keyword",
                        "Startup Cost": 0.0,
                        "Total Cost": 3598.53,
                        "Plan Rows": 171480,
                        "Plan Width": 0,
                        "Actual Startup Time": 10.253,
                        "Actual Total Time": 10.254,
                        "Actual Rows": 162850,
                        "Actual Loops": 1,
                        "Index Cond": "(keyword_id > 72604)"
                      }
                    ]
                  },
                  {
                    "Node Type": "Hash",
                    "Parent Relationship": "Inner",
                    "Parallel Aware": true,
                    "Startup Cost": 50870.31,
                    "Total Cost": 50870.31,
                    "Plan Rows": 1487231,
                    "Plan Width": 4,
                    "Actual Startup Time": 495.648,
                    "Actual Total Time": 495.649,
                    "Actual Rows": 1264156,
                    "Actual Loops": 2,
                    "Hash Buckets": 4194304,
                    "Original Hash Buckets": 4194304,
                    "Hash Batches": 1,
                    "Original Hash Batches": 1,
                    "Peak Memory Usage": 131712,
                    "Plans": [
                      {
                        "Node Type": "Seq Scan",
                        "Parent Relationship": "Outer",
                        "Parallel Aware": true,
                        "Relation Name": "title",
                        "Alias": "t",
                        "Startup Cost": 0.0,
                        "Total Cost": 50870.31,
                        "Plan Rows": 1487231,
                        "Plan Width": 4,
                        "Actual Startup Time": 0.025,
                        "Actual Total Time": 152.767,
                        "Actual Rows": 1264156,
                        "Actual Loops": 2
                      }
                    ]
                  }
                ]
              }
            ]
          }
        ]
      }
    ]
  },
  "Planning Time": 0.663,
  "Triggers": [],
  "Execution Time": 633.026
}