{
  "Plan": {
    "Node Type": "Aggregate",
    "Strategy": "Plain",
    "Partial Mode": "Finalize",
    "Parallel Aware": false,
    "Startup Cost": 99787.32,
    "Total Cost": 99787.33,
    "Plan Rows": 1,
    "Plan Width": 8,
    "Actual Startup Time": 324.144,
    "Actual Total Time": 339.615,
    "Actual Rows": 1,
    "Actual Loops": 1,
    "Plans": [
      {
        "Node Type": "Gather",
        "Parent Relationship": "Outer",
        "Parallel Aware": false,
        "Startup Cost": 99787.21,
        "Total Cost": 99787.32,
        "Plan Rows": 1,
        "Plan Width": 8,
        "Actual Startup Time": 323.833,
        "Actual Total Time": 339.607,
        "Actual Rows": 2,
        "Actual Loops": 1,
        "Workers Planned": 1,
        "Workers Launched": 1,
        "Single Copy": false,
        "Plans": [
          {
            "Node Type": "Aggregate",
            "Strategy": "Plain",
            "Partial Mode": "Partial",
            "Parent Relationship": "Outer",
            "Parallel Aware": false,
            "Startup Cost": 98787.21,
            "Total Cost": 98787.22,
            "Plan Rows": 1,
            "Plan Width": 8,
            "Actual Startup Time": 318.187,
            "Actual Total Time": 318.191,
            "Actual Rows": 1,
            "Actual Loops": 2,
            "Plans": [
              {
                "Node Type": "Hash Join",
                "Parent Relationship": "Outer",
                "Parallel Aware": true,
                "Join Type": "Inner",
                "Startup Cost": 58723.21,
                "Total Cost": 98743.53,
                "Plan Rows": 17469,
                "Plan Width": 0,
                "Actual Startup Time": 195.645,
                "Actual Total Time": 317.266,
                "Actual Rows": 20180,
                "Actual Loops": 2,
                "Inner Unique": true,
                "Hash Cond": "(mc.movie_id = t.id)",
                "Plans": [
                  {
                    "Node Type": "Seq Scan",
                    "Parent Relationship": "Outer",
                    "Parallel Aware": true,
                    "Relation Name": "movie_companies",
                    "Alias": "mc",
                    "Startup Cost": 0.0,
                    "Total Cost": 37974.77,
                    "Plan Rows": 779260,
                    "Plan Width": 4,
                    "Actual Startup Time": 45.405,
                    "Actual Total Time": 108.036,
                    "Actual Rows": 667442,
                    "Actual Loops": 2,
                    "Filter": "(company_type_id > 1)",
                    "Rows Removed by Filter": 637123
                  },
                  {
                    "Node Type": "Hash",
                    "Parent Relationship": "Inner",
                    "Parallel Aware": true,
                    "Startup Cost": 58306.47,
                    "Total Cost": 58306.47,
                    "Plan Rows": 33339,
                    "Plan Width": 4,
                    "Actual Startup Time": 148.705,
                    "Actual Total Time": 148.706,
                    "Actual Rows": 24538,
                    "Actual Loops": 2,
                    "Hash Buckets": 65536,
                    "Original Hash Buckets": 65536,
                    "Hash Batches": 1,
                    "Original Hash Batches": 1,
                    "Peak Memory Usage": 2464,
                    "Plans": [
                      {
                        "Node Type": "Seq Scan",
                        "Parent Relationship": "Outer",
                        "Parallel Aware": true,
                        "Relation Name": "title",
                        "Alias": "t",
                        "Startup Cost": 0.0,
                        "Total Cost": 58306.47,
                        "Plan Rows": 33339,
                        "Plan Width": 4,
                        "Actual Startup Time": 0.219,
                        "Actual Total Time": 142.497,
                        "Actual Rows": 24538,
                        "Actual Loops": 2,
                        "Filter": "((kind_id < 7) AND (production_year = 2010))",
                        "Rows Removed by Filter": 1239618
                      }
                    ]
                  }
                ]
              }
            ]
          }
        ]
      }
    ]
  },
  "Planning Time": 0.459,
  "Triggers": [],
  "Execution Time": 339.683
}