{
  "Plan": {
    "Node Type": "Aggregate",
    "Strategy": "Plain",
    "Partial Mode": "Finalize",
    "Parallel Aware": false,
    "Startup Cost": 123311.84,
    "Total Cost": 123311.85,
    "Plan Rows": 1,
    "Plan Width": 8,
    "Actual Startup Time": 716.868,
    "Actual Total Time": 735.346,
    "Actual Rows": 1,
    "Actual Loops": 1,
    "Plans": [
      {
        "Node Type": "Gather",
        "Parent Relationship": "Outer",
        "Parallel Aware": false,
        "Startup Cost": 123311.73,
        "Total Cost": 123311.84,
        "Plan Rows": 1,
        "Plan Width": 8,
        "Actual Startup Time": 716.491,
        "Actual Total Time": 735.338,
        "Actual Rows": 2,
        "Actual Loops": 1,
        "Workers Planned": 1,
        "Workers Launched": 1,
        "Single Copy": false,
        "Plans": [
          {
            "Node Type": "Aggregate",
            "Strategy": "Plain",
            "Partial Mode": "Partial",
            "Parent Relationship": "Outer",
            "Parallel Aware": false,
            "Startup Cost": 122311.73,
            "Total Cost": 122311.74,
            "Plan Rows": 1,
            "Plan Width": 8,
            "Actual Startup Time": 710.33,
            "Actual Total Time": 710.333,
            "Actual Rows": 1,
            "Actual Loops": 2,
            "Plans": [
              {
                "Node Type": "Merge Join",
                "Parent Relationship": "Outer",
                "Parallel Aware": false,
                "Join Type": "Inner",
                "Startup Cost": 16425.96,
                "Total Cost": 122265.31,
                "Plan Rows": 18566,
                "Plan Width": 0,
                "Actual Startup Time": 69.244,
                "Actual Total Time": 709.78,
                "Actual Rows": 7700,
                "Actual Loops": 2,
                "Inner Unique": false,
                "Merge Cond": "(t.id = ci.movie_id)",
                "Plans": [
                  {
                    "Node Type": "Index Scan",
                    "Parent Relationship": "Outer",
                    "Parallel Aware": true,
                    "Scan Direction": "Forward",
                    "Index Name": "title_pkey",
                    "Relation Name": "title",
                    "Alias": "t",
                    "Startup Cost": 0.43,
                    "Total Cost": 103647.43,
                    "Plan Rows": 709255,
                    "Plan Width": 4,
                    "Actual Startup Time": 0.351,
                    "Actual Total Time": 608.492,
                    "Actual Rows": 596102,
                    "Actual Loops": 2,
                    "Filter": "(production_year > 2003)",
                    "Rows Removed by Filter": 666834
                  },
                  {
                    "Node Type": "Sort",
                    "Parent Relationship": "Inner",
                    "Parallel Aware": false,
                    "Startup Cost": 16425.52,
                    "Total Cost": 16590.98,
                    "Plan Rows": 66184,
                    "Plan Width": 4,
                    "Actual Startup Time": 63.803,
                    "Actual Total Time": 67.97,
                    "Actual Rows": 33099,
                    "Actual Loops": 2,
                    "Sort Key": [
                      "ci.movie_id"
                    ],
                    "Sort Method": "quicksort",
                    "Sort Space Used": 3088,
                    "Sort Space Type": "Memory",
                    "Workers": [
                      {
                        "Worker Number": 0,
                        "Sort Method": "quicksort",
                        "Sort Space Used": 3088,
                        "Sort Space Type": "Memory"
                      }
                    ],
                    "Plans": [
                      {
                        "Node Type": "Index Scan",
                        "Parent Relationship": "Outer",
                        "Parallel Aware": false,
                        "Scan Direction": "Forward",
                        "Index Name": "role_id_cast_info",
                        "Relation Name": "cast_info",
                        "Alias": "ci",
                        "Startup Cost": 0.56,
                        "Total Cost": 11126.1,
                        "Plan Rows": 66184,
                        "Plan Width": 4,
                        "Actual Startup Time": 0.235,
                        "Actual Total Time": 54.12,
                        "Actual Rows": 33099,
                        "Actual Loops": 2,
                        "Index Cond": "(role_id > 10)",
                        "Rows Removed by Index Recheck": 0,
                        "Filter": "(person_id < 801103)",
                        "Rows Removed by Filter": 283019
                      }
                    ]
                  }
                ]
              }
            ]
          }
        ]
      }
    ]
  },
  "Planning Time": 0.779,
  "Triggers": [],
  "Execution Time": 735.434
}