[
  {
    "Plan": {
      "Node Type": "Aggregate",
      "Strategy": "Plain",
      "Partial Mode": "Finalize",
      "Parallel Aware": false,
      "Startup Cost": 45394.18,
      "Total Cost": 45394.19,
      "Plan Rows": 1,
      "Plan Width": 8,
      "Actual Startup Time": 145.182,
      "Actual Total Time": 155.031,
      "Actual Rows": 1,
      "Actual Loops": 1,
      "Plans": [
        {
          "Node Type": "Gather",
          "Parent Relationship": "Outer",
          "Parallel Aware": false,
          "Startup Cost": 45393.87,
          "Total Cost": 45394.18,
          "Plan Rows": 3,
          "Plan Width": 8,
          "Actual Startup Time": 145.041,
          "Actual Total Time": 155.023,
          "Actual Rows": 4,
          "Actual Loops": 1,
          "Workers Planned": 3,
          "Workers Launched": 3,
          "Single Copy": false,
          "Plans": [
            {
              "Node Type": "Aggregate",
              "Strategy": "Plain",
              "Partial Mode": "Partial",
              "Parent Relationship": "Outer",
              "Parallel Aware": false,
              "Startup Cost": 44393.87,
              "Total Cost": 44393.88,
              "Plan Rows": 1,
              "Plan Width": 8,
              "Actual Startup Time": 136.818,
              "Actual Total Time": 136.819,
              "Actual Rows": 1,
              "Actual Loops": 4,
              "Plans": [
                {
                  "Node Type": "Seq Scan",
                  "Parent Relationship": "Outer",
                  "Parallel Aware": true,
                  "Relation Name": "movie_keyword",
                  "Alias": "mk",
                  "Startup Cost": 0.0,
                  "Total Cost": 42695.65,
                  "Plan Rows": 679285,
                  "Plan Width": 0,
                  "Actual Startup Time": 0.415,
                  "Actual Total Time": 112.005,
                  "Actual Rows": 522284,
                  "Actual Loops": 4,
                  "Filter": "(keyword_id > 5772)",
                  "Rows Removed by Filter": 608699
                }
              ]
            }
          ]
        }
      ]
    },
    "Planning Time": 0.066,
    "Triggers": [],
    "Execution Time": 155.058
  }
]