{
  "Plan": {
    "Node Type": "Aggregate",
    "Strategy": "Plain",
    "Partial Mode": "Finalize",
    "Parallel Aware": false,
    "Startup Cost": 322168.96,
    "Total Cost": 322168.97,
    "Plan Rows": 1,
    "Plan Width": 32,
    "Actual Startup Time": 2203.179,
    "Actual Total Time": 2256.426,
    "Actual Rows": 1,
    "Actual Loops": 1,
    "Plans": [
      {
        "Node Type": "Gather",
        "Parent Relationship": "Outer",
        "Parallel Aware": false,
        "Startup Cost": 322168.65,
        "Total Cost": 322168.96,
        "Plan Rows": 3,
        "Plan Width": 32,
        "Actual Startup Time": 2194.41,
        "Actual Total Time": 2256.415,
        "Actual Rows": 4,
        "Actual Loops": 1,
        "Workers Planned": 3,
        "Workers Launched": 3,
        "Single Copy": false,
        "Plans": [
          {
            "Node Type": "Aggregate",
            "Strategy": "Plain",
            "Partial Mode": "Partial",
            "Parent Relationship": "Outer",
            "Parallel Aware": false,
            "Startup Cost": 321168.65,
            "Total Cost": 321168.66,
            "Plan Rows": 1,
            "Plan Width": 32,
            "Actual Startup Time": 2185.632,
            "Actual Total Time": 2185.639,
            "Actual Rows": 1,
            "Actual Loops": 4,
            "Plans": [
              {
                "Node Type": "Hash Join",
                "Parent Relationship": "Outer",
                "Parallel Aware": false,
                "Join Type": "Inner",
                "Startup Cost": 280003.39,
                "Total Cost": 321133.84,
                "Plan Rows": 13921,
                "Plan Width": 17,
                "Actual Startup Time": 2142.535,
                "Actual Total Time": 2185.578,
                "Actual Rows": 167,
                "Actual Loops": 4,
                "Inner Unique": true,
                "Hash Cond": "(mi.info_type_id = it.id)",
                "Plans": [
                  {
                    "Node Type": "Hash Join",
                    "Parent Relationship": "Outer",
                    "Parallel Aware": true,
                    "Join Type": "Inner",
                    "Startup Cost": 279999.84,
                    "Total Cost": 321092.39,
                    "Plan Rows": 13921,
                    "Plan Width": 21,
                    "Actual Startup Time": 2141.993,
                    "Actual Total Time": 2184.98,
                    "Actual Rows": 167,
                    "Actual Loops": 4,
                    "Inner Unique": false,
                    "Hash Cond": "(t.id = mi.movie_id)",
                    "Plans": [
                      {
                        "Node Type": "Hash Join",
                        "Parent Relationship": "Outer",
                        "Parallel Aware": false,
                        "Join Type": "Inner",
                        "Startup Cost": 49396.65,
                        "Total Cost": 81203.17,
                        "Plan Rows": 10667,
                        "Plan Width": 25,
                        "Actual Startup Time": 609.121,
                        "Actual Total Time": 650.939,
                        "Actual Rows": 192,
                        "Actual Loops": 4,
                        "Inner Unique": true,
                        "Hash Cond": "(mc.company_type_id = ct.id)",
                        "Plans": [
                          {
                            "Node Type": "Hash Join",
                            "Parent Relationship": "Outer",
                            "Parallel Aware": true,
                            "Join Type": "Inner",
                            "Startup Cost": 49395.59,
                            "Total Cost": 80971.43,
                            "Plan Rows": 42668,
                            "Plan Width": 29,
                            "Actual Startup Time": 483.74,
                            "Actual Total Time": 648.861,
                            "Actual Rows": 26375,
                            "Actual Loops": 4,
                            "Inner Unique": true,
                            "Hash Cond": "(mc.movie_id = t.id)",
                            "Plans": [
                              {
                                "Node Type": "Seq Scan",
                                "Parent Relationship": "Outer",
                                "Parallel Aware": true,
                                "Relation Name": "movie_companies",
                                "Alias": "mc",
                                "Startup Cost": 0.0,
                                "Total Cost": 31414.82,
                                "Plan Rows": 61343,
                                "Plan Width": 8,
                                "Actual Startup Time": 0.052,
                                "Actual Total Time": 132.562,
                                "Actual Rows": 73907,
                                "Actual Loops": 4,
                                "Filter": "((note !~~ '%(TV)%'::text) AND (note ~~ '%(USA)%'::text))",
                                "Rows Removed by Filter": 578375
                              },
                              {
                                "Node Type": "Hash",
                                "Parent Relationship": "Inner",
                                "Parallel Aware": true,
                                "Startup Cost": 43899.59,
                                "Total Cost": 43899.59,
                                "Plan Rows": 439680,
                                "Plan Width": 21,
                                "Actual Startup Time": 479.95,
                                "Actual Total Time": 479.951,
                                "Actual Rows": 437258,
                                "Actual Loops": 4,
                                "Hash Buckets": 2097152,
                                "Original Hash Buckets": 2097152,
                                "Hash Batches": 1,
                                "Original Hash Batches": 1,
                                "Peak Memory Usage": 114400,
                                "Plans": [
                                  {
                                    "Node Type": "Seq Scan",
                                    "Parent Relationship": "Outer",
                                    "Parallel Aware": true,
                                    "Relation Name": "title",
                                    "Alias": "t",
                                    "Startup Cost": 0.0,
                                    "Total Cost": 43899.59,
                                    "Plan Rows": 439680,
                                    "Plan Width": 21,
                                    "Actual Startup Time": 0.044,
                                    "Actual Total Time": 234.462,
                                    "Actual Rows": 437258,
                                    "Actual Loops": 4,
                                    "Filter": "(production_year > 1990)",
                                    "Rows Removed by Filter": 194820
                                  }
                                ]
                              }
                            ]
                          },
                          {
                            "Node Type": "Hash",
                            "Parent Relationship": "Inner",
                            "Parallel Aware": false,
                            "Startup Cost": 1.05,
                            "Total Cost": 1.05,
                            "Plan Rows": 1,
                            "Plan Width": 4,
                            "Actual Startup Time": 0.063,
                            "Actual Total Time": 0.064,
                            "Actual Rows": 1,
                            "Actual Loops": 4,
                            "Hash Buckets": 1024,
                            "Original Hash Buckets": 1024,
                            "Hash Batches": 1,
                            "Original Hash Batches": 1,
                            "Peak Memory Usage": 9,
                            "Plans": [
                              {
                                "Node Type": "Seq Scan",
                                "Parent Relationship": "Outer",
                                "Parallel Aware": false,
                                "Relation Name": "company_type",
                                "Alias": "ct",
                                "Startup Cost": 0.0,
                                "Total Cost": 1.05,
                                "Plan Rows": 1,
                                "Plan Width": 4,
                                "Actual Startup Time": 0.053,
                                "Actual Total Time": 0.054,
                                "Actual Rows": 1,
                                "Actual Loops": 4,
                                "Filter": "((kind)::text = 'production companies'::text)",
                                "Rows Removed by Filter": 3
                              }
                            ]
                          }
                        ]
                      },
                      {
                        "Node Type": "Hash",
                        "Parent Relationship": "Inner",
                        "Parallel Aware": true,
                        "Startup Cost": 228901.28,
                        "Total Cost": 228901.28,
                        "Plan Rows": 136153,
                        "Plan Width": 8,
                        "Actual Startup Time": 1529.115,
                        "Actual Total Time": 1529.115,
                        "Actual Rows": 176668,
                        "Actual Loops": 4,
                        "Hash Buckets": 1048576,
                        "Original Hash Buckets": 1048576,
                        "Hash Batches": 1,
                        "Original Hash Batches": 1,
                        "Peak Memory Usage": 35904,
                        "Plans": [
                          {
                            "Node Type": "Seq Scan",
                            "Parent Relationship": "Outer",
                            "Parallel Aware": true,
                            "Relation Name": "movie_info",
                            "Alias": "mi",
                            "Startup Cost": 0.0,
                            "Total Cost": 228901.28,
                            "Plan Rows": 136153,
                            "Plan Width": 8,
                            "Actual Startup Time": 1.041,
                            "Actual Total Time": 1458.598,
                            "Actual Rows": 176668,
                            "Actual Loops": 4,
                            "Filter": "(info = ANY ('{Sweden,Norway,Germany,Denmark,Swedish,Denish,Norwegian,German,USA,American}'::text[]))",
                            "Rows Removed by Filter": 3532262
                          }
                        ]
                      }
                    ]
                  },
                  {
                    "Node Type": "Hash",
                    "Parent Relationship": "Inner",
                    "Parallel Aware": false,
                    "Startup Cost": 2.13,
                    "Total Cost": 2.13,
                    "Plan Rows": 113,
                    "Plan Width": 4,
                    "Actual Startup Time": 0.148,
                    "Actual Total Time": 0.149,
                    "Actual Rows": 113,
                    "Actual Loops": 4,
                    "Hash Buckets": 1024,
                    "Original Hash Buckets": 1024,
                    "Hash Batches": 1,
                    "Original Hash Batches": 1,
                    "Peak Memory Usage": 12,
                    "Plans": [
                      {
                        "Node Type": "Seq Scan",
                        "Parent Relationship": "Outer",
                        "Parallel Aware": false,
                        "Relation Name": "info_type",
                        "Alias": "it",
                        "Startup Cost": 0.0,
                        "Total Cost": 2.13,
                        "Plan Rows": 113,
                        "Plan Width": 4,
                        "Actual Startup Time": 0.066,
                        "Actual Total Time": 0.089,
                        "Actual Rows": 113,
                        "Actual Loops": 4
                      }
                    ]
                  }
                ]
              }
            ]
          }
        ]
      }
    ]
  },
  "Planning Time": 8.042,
  "Triggers": [],
  "Execution Time": 2257.047
}