[
  {
    "Plan": {
      "Node Type": "Aggregate",
      "Strategy": "Plain",
      "Partial Mode": "Finalize",
      "Parallel Aware": false,
      "Startup Cost": 31165.76,
      "Total Cost": 31165.77,
      "Plan Rows": 1,
      "Plan Width": 8,
      "Actual Startup Time": 79.946,
      "Actual Total Time": 87.963,
      "Actual Rows": 1,
      "Actual Loops": 1,
      "Plans": [
        {
          "Node Type": "Gather",
          "Parent Relationship": "Outer",
          "Parallel Aware": false,
          "Startup Cost": 31165.44,
          "Total Cost": 31165.75,
          "Plan Rows": 3,
          "Plan Width": 8,
          "Actual Startup Time": 79.774,
          "Actual Total Time": 87.952,
          "Actual Rows": 4,
          "Actual Loops": 1,
          "Workers Planned": 3,
          "Workers Launched": 3,
          "Single Copy": false,
          "Plans": [
            {
              "Node Type": "Aggregate",
              "Strategy": "Plain",
              "Partial Mode": "Partial",
              "Parent Relationship": "Outer",
              "Parallel Aware": false,
              "Startup Cost": 30165.44,
              "Total Cost": 30165.45,
              "Plan Rows": 1,
              "Plan Width": 8,
              "Actual Startup Time": 76.559,
              "Actual Total Time": 76.56,
              "Actual Rows": 1,
              "Actual Loops": 4,
              "Plans": [
                {
                  "Node Type": "Seq Scan",
                  "Parent Relationship": "Outer",
                  "Parallel Aware": true,
                  "Relation Name": "movie_companies",
                  "Alias": "mc",
                  "Startup Cost": 0.0,
                  "Total Cost": 29310.68,
                  "Plan Rows": 341905,
                  "Plan Width": 0,
                  "Actual Startup Time": 0.026,
                  "Actual Total Time": 64.444,
                  "Actual Rows": 266882,
                  "Actual Loops": 4,
                  "Filter": "(company_id < 6480)",
                  "Rows Removed by Filter": 385400
                }
              ]
            }
          ]
        }
      ]
    },
    "Planning Time": 0.103,
    "Triggers": [],
    "Execution Time": 87.993
  }
]