[
  {
    "Plan": {
      "Node Type": "Aggregate",
      "Strategy": "Plain",
      "Partial Mode": "Finalize",
      "Parallel Aware": false,
      "Startup Cost": 31172.2,
      "Total Cost": 31172.21,
      "Plan Rows": 1,
      "Plan Width": 8,
      "Actual Startup Time": 98.564,
      "Actual Total Time": 106.938,
      "Actual Rows": 1,
      "Actual Loops": 1,
      "Plans": [
        {
          "Node Type": "Gather",
          "Parent Relationship": "Outer",
          "Parallel Aware": false,
          "Startup Cost": 31171.88,
          "Total Cost": 31172.19,
          "Plan Rows": 3,
          "Plan Width": 8,
          "Actual Startup Time": 98.497,
          "Actual Total Time": 106.931,
          "Actual Rows": 4,
          "Actual Loops": 1,
          "Workers Planned": 3,
          "Workers Launched": 3,
          "Single Copy": false,
          "Plans": [
            {
              "Node Type": "Aggregate",
              "Strategy": "Plain",
              "Partial Mode": "Partial",
              "Parent Relationship": "Outer",
              "Parallel Aware": false,
              "Startup Cost": 30171.88,
              "Total Cost": 30171.89,
              "Plan Rows": 1,
              "Plan Width": 8,
              "Actual Startup Time": 92.245,
              "Actual Total Time": 92.246,
              "Actual Rows": 1,
              "Actual Loops": 4,
              "Plans": [
                {
                  "Node Type": "Seq Scan",
                  "Parent Relationship": "Outer",
                  "Parallel Aware": true,
                  "Relation Name": "movie_companies",
                  "Alias": "mc",
                  "Startup Cost": 0.0,
                  "Total Cost": 29310.68,
                  "Plan Rows": 344480,
                  "Plan Width": 0,
                  "Actual Startup Time": 0.034,
                  "Actual Total Time": 76.32,
                  "Actual Rows": 266882,
                  "Actual Loops": 4,
                  "Filter": "(company_id < 6480)",
                  "Rows Removed by Filter": 385400
                }
              ]
            }
          ]
        }
      ]
    },
    "Planning Time": 0.163,
    "Triggers": [],
    "Execution Time": 106.985
  }
]