{
    "Plan": {
        "Node Type": "Aggregate",
        "Strategy": "Plain",
        "Partial Mode": "Finalize",
        "Parallel Aware": false,
        "Startup Cost": 116167.93,
        "Total Cost": 116167.94,
        "Plan Rows": 1,
        "Plan Width": 8,
        "Actual Startup Time": 1122.369,
        "Actual Total Time": 1149.447,
        "Actual Rows": 1,
        "Actual Loops": 1,
        "Output": [
            "count(*)"
        ],
        "Plans": [
            {
                "Node Type": "Gather",
                "Parent Relationship": "Outer",
                "Parallel Aware": false,
                "Startup Cost": 116167.61,
                "Total Cost": 116167.92,
                "Plan Rows": 3,
                "Plan Width": 8,
                "Actual Startup Time": 1113.387,
                "Actual Total Time": 1149.435,
                "Actual Rows": 4,
                "Actual Loops": 1,
                "Output": [
                    "(PARTIAL count(*))"
                ],
                "Workers Planned": 3,
                "Workers Launched": 3,
                "Single Copy": false,
                "Plans": [
                    {
                        "Node Type": "Aggregate",
                        "Strategy": "Plain",
                        "Partial Mode": "Partial",
                        "Parent Relationship": "Outer",
                        "Parallel Aware": false,
                        "Startup Cost": 115167.61,
                        "Total Cost": 115167.62,
                        "Plan Rows": 1,
                        "Plan Width": 8,
                        "Actual Startup Time": 1094.353,
                        "Actual Total Time": 1094.801,
                        "Actual Rows": 1,
                        "Actual Loops": 4,
                        "Output": [
                            "PARTIAL count(*)"
                        ],
                        "Workers": [
                            {
                                "Worker Number": 0,
                                "Actual Startup Time": 1088.868,
                                "Actual Total Time": 1088.874,
                                "Actual Rows": 1,
                                "Actual Loops": 1
                            },
                            {
                                "Worker Number": 1,
                                "Actual Startup Time": 1087.548,
                                "Actual Total Time": 1087.553,
                                "Actual Rows": 1,
                                "Actual Loops": 1
                            },
                            {
                                "Worker Number": 2,
                                "Actual Startup Time": 1088.367,
                                "Actual Total Time": 1088.372,
                                "Actual Rows": 1,
                                "Actual Loops": 1
                            }
                        ],
                        "Plans": [
                            {
                                "Node Type": "Hash Join",
                                "Parent Relationship": "Outer",
                                "Parallel Aware": true,
                                "Join Type": "Inner",
                                "Startup Cost": 65034.48,
                                "Total Cost": 114396.59,
                                "Plan Rows": 308409,
                                "Plan Width": 0,
                                "Actual Startup Time": 521.133,
                                "Actual Total Time": 984.727,
                                "Actual Rows": 2298204,
                                "Actual Loops": 4,
                                "Inner Unique": false,
                                "Hash Cond": "(mk.movie_id = t.id)",
                                "Workers": [
                                    {
                                        "Worker Number": 0,
                                        "Actual Startup Time": 514.639,
                                        "Actual Total Time": 978.531,
                                        "Actual Rows": 1730182,
                                        "Actual Loops": 1
                                    },
                                    {
                                        "Worker Number": 1,
                                        "Actual Startup Time": 514.685,
                                        "Actual Total Time": 977.035,
                                        "Actual Rows": 1797183,
                                        "Actual Loops": 1
                                    },
                                    {
                                        "Worker Number": 2,
                                        "Actual Startup Time": 515.481,
                                        "Actual Total Time": 984.025,
                                        "Actual Rows": 2700216,
                                        "Actual Loops": 1
                                    }
                                ],
                                "Plans": [
                                    {
                                        "Node Type": "Seq Scan",
                                        "Parent Relationship": "Outer",
                                        "Parallel Aware": true,
                                        "Relation Name": "movie_keyword",
                                        "Schema": "public",
                                        "Alias": "mk",
                                        "Startup Cost": 0.0,
                                        "Total Cost": 42695.65,
                                        "Plan Rows": 1435048,
                                        "Plan Width": 4,
                                        "Actual Startup Time": 0.02,
                                        "Actual Total Time": 152.304,
                                        "Actual Rows": 1112304,
                                        "Actual Loops": 4,
                                        "Output": [
                                            "mk.id",
                                            "mk.movie_id",
                                            "mk.keyword_id"
                                        ],
                                        "Filter": "(mk.keyword_id > 66)",
                                        "Rows Removed by Filter": 18678,
                                        "Workers": [
                                            {
                                                "Worker Number": 0,
                                                "Actual Startup Time": 0.019,
                                                "Actual Total Time": 156.79,
                                                "Actual Rows": 835150,
                                                "Actual Loops": 1
                                            },
                                            {
                                                "Worker Number": 1,
                                                "Actual Startup Time": 0.021,
                                                "Actual Total Time": 157.391,
                                                "Actual Rows": 865955,
                                                "Actual Loops": 1
                                            },
                                            {
                                                "Worker Number": 2,
                                                "Actual Startup Time": 0.023,
                                                "Actual Total Time": 162.159,
                                                "Actual Rows": 1291951,
                                                "Actual Loops": 1
                                            }
                                        ]
                                    },
                                    {
                                        "Node Type": "Hash",
                                        "Parent Relationship": "Inner",
                                        "Parallel Aware": true,
                                        "Startup Cost": 62204.45,
                                        "Total Cost": 62204.45,
                                        "Plan Rows": 226402,
                                        "Plan Width": 8,
                                        "Actual Startup Time": 513.208,
                                        "Actual Total Time": 513.654,
                                        "Actual Rows": 238579,
                                        "Actual Loops": 4,
                                        "Output": [
                                            "t.id",
                                            "mi_idx.movie_id"
                                        ],
                                        "Hash Buckets": 1048576,
                                        "Original Hash Buckets": 1048576,
                                        "Hash Batches": 1,
                                        "Original Hash Batches": 1,
                                        "Peak Memory Usage": 45568,
                                        "Workers": [
                                            {
                                                "Worker Number": 0,
                                                "Actual Startup Time": 513.899,
                                                "Actual Total Time": 513.902,
                                                "Actual Rows": 205210,
                                                "Actual Loops": 1
                                            },
                                            {
                                                "Worker Number": 1,
                                                "Actual Startup Time": 513.889,
                                                "Actual Total Time": 513.893,
                                                "Actual Rows": 204491,
                                                "Actual Loops": 1
                                            },
                                            {
                                                "Worker Number": 2,
                                                "Actual Startup Time": 514.928,
                                                "Actual Total Time": 514.931,
                                                "Actual Rows": 246596,
                                                "Actual Loops": 1
                                            }
                                        ],
                                        "Plans": [
                                            {
                                                "Node Type": "Hash Join",
                                                "Parent Relationship": "Outer",
                                                "Parallel Aware": true,
                                                "Join Type": "Inner",
                                                "Startup Cost": 47009.89,
                                                "Total Cost": 62204.45,
                                                "Plan Rows": 226402,
                                                "Plan Width": 8,
                                                "Actual Startup Time": 259.758,
                                                "Actual Total Time": 389.745,
                                                "Actual Rows": 238579,
                                                "Actual Loops": 4,
                                                "Output": [
                                                    "t.id",
                                                    "mi_idx.movie_id"
                                                ],
                                                "Inner Unique": true,
                                                "Hash Cond": "(mi_idx.movie_id = t.id)",
                                                "Workers": [
                                                    {
                                                        "Worker Number": 0,
                                                        "Actual Startup Time": 259.858,
                                                        "Actual Total Time": 388.98,
                                                        "Actual Rows": 205210,
                                                        "Actual Loops": 1
                                                    },
                                                    {
                                                        "Worker Number": 1,
                                                        "Actual Startup Time": 259.681,
                                                        "Actual Total Time": 389.284,
                                                        "Actual Rows": 204491,
                                                        "Actual Loops": 1
                                                    },
                                                    {
                                                        "Worker Number": 2,
                                                        "Actual Startup Time": 259.548,
                                                        "Actual Total Time": 389.643,
                                                        "Actual Rows": 246596,
                                                        "Actual Loops": 1
                                                    }
                                                ],
                                                "Plans": [
                                                    {
                                                        "Node Type": "Seq Scan",
                                                        "Parent Relationship": "Outer",
                                                        "Parallel Aware": true,
                                                        "Relation Name": "movie_info_idx",
                                                        "Schema": "public",
                                                        "Alias": "mi_idx",
                                                        "Startup Cost": 0.0,
                                                        "Total Cost": 13685.15,
                                                        "Plan Rows": 575015,
                                                        "Plan Width": 4,
                                                        "Actual Startup Time": 0.015,
                                                        "Actual Total Time": 35.655,
                                                        "Actual Rows": 345009,
                                                        "Actual Loops": 4,
                                                        "Output": [
                                                            "mi_idx.id",
                                                            "mi_idx.movie_id",
                                                            "mi_idx.info_type_id",
                                                            "mi_idx.info",
                                                            "mi_idx.note"
                                                        ],
                                                        "Workers": [
                                                            {
                                                                "Worker Number": 0,
                                                                "Actual Startup Time": 0.015,
                                                                "Actual Total Time": 37.393,
                                                                "Actual Rows": 294371,
                                                                "Actual Loops": 1
                                                            },
                                                            {
                                                                "Worker Number": 1,
                                                                "Actual Startup Time": 0.014,
                                                                "Actual Total Time": 37.627,
                                                                "Actual Rows": 297078,
                                                                "Actual Loops": 1
                                                            },
                                                            {
                                                                "Worker Number": 2,
                                                                "Actual Startup Time": 0.018,
                                                                "Actual Total Time": 34.772,
                                                                "Actual Rows": 358970,
                                                                "Actual Loops": 1
                                                            }
                                                        ]
                                                    },
                                                    {
                                                        "Node Type": "Hash",
                                                        "Parent Relationship": "Inner",
                                                        "Parallel Aware": true,
                                                        "Startup Cost": 43899.01,
                                                        "Total Cost": 43899.01,
                                                        "Plan Rows": 248871,
                                                        "Plan Width": 4,
                                                        "Actual Startup Time": 255.326,
                                                        "Actual Total Time": 255.327,
                                                        "Actual Rows": 246262,
                                                        "Actual Loops": 4,
                                                        "Output": [
                                                            "t.id"
                                                        ],
                                                        "Hash Buckets": 1048576,
                                                        "Original Hash Buckets": 1048576,
                                                        "Hash Batches": 1,
                                                        "Original Hash Batches": 1,
                                                        "Peak Memory Usage": 46784,
                                                        "Workers": [
                                                            {
                                                                "Worker Number": 0,
                                                                "Actual Startup Time": 259.358,
                                                                "Actual Total Time": 259.359,
                                                                "Actual Rows": 210950,
                                                                "Actual Loops": 1
                                                            },
                                                            {
                                                                "Worker Number": 1,
                                                                "Actual Startup Time": 259.376,
                                                                "Actual Total Time": 259.377,
                                                                "Actual Rows": 211279,
                                                                "Actual Loops": 1
                                                            },
                                                            {
                                                                "Worker Number": 2,
                                                                "Actual Startup Time": 259.469,
                                                                "Actual Total Time": 259.47,
                                                                "Actual Rows": 240352,
                                                                "Actual Loops": 1
                                                            }
                                                        ],
                                                        "Plans": [
                                                            {
                                                                "Node Type": "Seq Scan",
                                                                "Parent Relationship": "Outer",
                                                                "Parallel Aware": true,
                                                                "Relation Name": "title",
                                                                "Schema": "public",
                                                                "Alias": "t",
                                                                "Startup Cost": 0.0,
                                                                "Total Cost": 43899.01,
                                                                "Plan Rows": 248871,
                                                                "Plan Width": 4,
                                                                "Actual Startup Time": 0.054,
                                                                "Actual Total Time": 113.816,
                                                                "Actual Rows": 246262,
                                                                "Actual Loops": 4,
                                                                "Output": [
                                                                    "t.id"
                                                                ],
                                                                "Filter": "(t.kind_id < 7)",
                                                                "Rows Removed by Filter": 385816,
                                                                "Workers": [
                                                                    {
                                                                        "Worker Number": 0,
                                                                        "Actual Startup Time": 0.074,
                                                                        "Actual Total Time": 117.565,
                                                                        "Actual Rows": 210950,
                                                                        "Actual Loops": 1
                                                                    },
                                                                    {
                                                                        "Worker Number": 1,
                                                                        "Actual Startup Time": 0.079,
                                                                        "Actual Total Time": 117.408,
                                                                        "Actual Rows": 211279,
                                                                        "Actual Loops": 1
                                                                    },
                                                                    {
                                                                        "Worker Number": 2,
                                                                        "Actual Startup Time": 0.047,
                                                                        "Actual Total Time": 111.684,
                                                                        "Actual Rows": 240352,
                                                                        "Actual Loops": 1
                                                                    }
                                                                ]
                                                            }
                                                        ]
                                                    }
                                                ]
                                            }
                                        ]
                                    }
                                ]
                            }
                        ]
                    }
                ]
            }
        ]
    },
    "Planning Time": 1.448,
    "Triggers": [],
    "Execution Time": 1149.558
}