[
    {
        "Bao": {
            "Bao prediction": "NaN",
            "Bao recommended hint": "(no hint)"
        }
    },
    {
        "Plan": {
            "Node Type": "Aggregate",
            "Strategy": "Plain",
            "Partial Mode": "Finalize",
            "Parallel Aware": false,
            "Startup Cost": 245548.09,
            "Total Cost": 245548.1,
            "Plan Rows": 1,
            "Plan Width": 8,
            "Actual Startup Time": 529.707,
            "Actual Total Time": 554.827,
            "Actual Rows": 1,
            "Actual Loops": 1,
            "Output": [
                "count(*)"
            ],
            "Plans": [
                {
                    "Node Type": "Gather",
                    "Parent Relationship": "Outer",
                    "Parallel Aware": false,
                    "Startup Cost": 245547.57,
                    "Total Cost": 245548.08,
                    "Plan Rows": 5,
                    "Plan Width": 8,
                    "Actual Startup Time": 528.237,
                    "Actual Total Time": 554.802,
                    "Actual Rows": 6,
                    "Actual Loops": 1,
                    "Output": [
                        "(PARTIAL count(*))"
                    ],
                    "Workers Planned": 5,
                    "Workers Launched": 5,
                    "Single Copy": false,
                    "Plans": [
                        {
                            "Node Type": "Aggregate",
                            "Strategy": "Plain",
                            "Partial Mode": "Partial",
                            "Parent Relationship": "Outer",
                            "Parallel Aware": false,
                            "Startup Cost": 244547.57,
                            "Total Cost": 244547.58,
                            "Plan Rows": 1,
                            "Plan Width": 8,
                            "Actual Startup Time": 518.041,
                            "Actual Total Time": 518.045,
                            "Actual Rows": 1,
                            "Actual Loops": 6,
                            "Output": [
                                "PARTIAL count(*)"
                            ],
                            "Workers": [
                                {
                                    "Worker Number": 0,
                                    "Actual Startup Time": 515.804,
                                    "Actual Total Time": 515.807,
                                    "Actual Rows": 1,
                                    "Actual Loops": 1
                                },
                                {
                                    "Worker Number": 1,
                                    "Actual Startup Time": 516.346,
                                    "Actual Total Time": 516.349,
                                    "Actual Rows": 1,
                                    "Actual Loops": 1
                                },
                                {
                                    "Worker Number": 2,
                                    "Actual Startup Time": 515.95,
                                    "Actual Total Time": 515.953,
                                    "Actual Rows": 1,
                                    "Actual Loops": 1
                                },
                                {
                                    "Worker Number": 3,
                                    "Actual Startup Time": 516.123,
                                    "Actual Total Time": 516.125,
                                    "Actual Rows": 1,
                                    "Actual Loops": 1
                                },
                                {
                                    "Worker Number": 4,
                                    "Actual Startup Time": 516.211,
                                    "Actual Total Time": 516.214,
                                    "Actual Rows": 1,
                                    "Actual Loops": 1
                                }
                            ],
                            "Plans": [
                                {
                                    "Node Type": "Hash Join",
                                    "Parent Relationship": "Outer",
                                    "Parallel Aware": true,
                                    "Join Type": "Inner",
                                    "Startup Cost": 44592.96,
                                    "Total Cost": 244464.68,
                                    "Plan Rows": 33157,
                                    "Plan Width": 0,
                                    "Actual Startup Time": 123.265,
                                    "Actual Total Time": 515.813,
                                    "Actual Rows": 30912,
                                    "Actual Loops": 6,
                                    "Inner Unique": true,
                                    "Hash Cond": "(mi.movie_id = t.id)",
                                    "Workers": [
                                        {
                                            "Worker Number": 0,
                                            "Actual Startup Time": 120.577,
                                            "Actual Total Time": 513.742,
                                            "Actual Rows": 41423,
                                            "Actual Loops": 1
                                        },
                                        {
                                            "Worker Number": 1,
                                            "Actual Startup Time": 121.452,
                                            "Actual Total Time": 514.101,
                                            "Actual Rows": 27082,
                                            "Actual Loops": 1
                                        },
                                        {
                                            "Worker Number": 2,
                                            "Actual Startup Time": 121.403,
                                            "Actual Total Time": 513.7,
                                            "Actual Rows": 26979,
                                            "Actual Loops": 1
                                        },
                                        {
                                            "Worker Number": 3,
                                            "Actual Startup Time": 121.563,
                                            "Actual Total Time": 513.88,
                                            "Actual Rows": 26416,
                                            "Actual Loops": 1
                                        },
                                        {
                                            "Worker Number": 4,
                                            "Actual Startup Time": 121.483,
                                            "Actual Total Time": 513.944,
                                            "Actual Rows": 27042,
                                            "Actual Loops": 1
                                        }
                                    ],
                                    "Plans": [
                                        {
                                            "Node Type": "Seq Scan",
                                            "Parent Relationship": "Outer",
                                            "Parallel Aware": true,
                                            "Relation Name": "movie_info",
                                            "Schema": "public",
                                            "Alias": "mi",
                                            "Startup Cost": 0.0,
                                            "Total Cost": 198880.74,
                                            "Plan Rows": 377518,
                                            "Plan Width": 4,
                                            "Actual Startup Time": 18.989,
                                            "Actual Total Time": 359.216,
                                            "Actual Rows": 310939,
                                            "Actual Loops": 6,
                                            "Output": [
                                                "mi.id",
                                                "mi.movie_id",
                                                "mi.info_type_id",
                                                "mi.info",
                                                "mi.note"
                                            ],
                                            "Filter": "(mi.info_type_id > 17)",
                                            "Rows Removed by Filter": 2161681,
                                            "Workers": [
                                                {
                                                    "Worker Number": 0,
                                                    "Actual Startup Time": 19.001,
                                                    "Actual Total Time": 359.142,
                                                    "Actual Rows": 416817,
                                                    "Actual Loops": 1
                                                },
                                                {
                                                    "Worker Number": 1,
                                                    "Actual Startup Time": 18.982,
                                                    "Actual Total Time": 361.662,
                                                    "Actual Rows": 268512,
                                                    "Actual Loops": 1
                                                },
                                                {
                                                    "Worker Number": 2,
                                                    "Actual Startup Time": 18.995,
                                                    "Actual Total Time": 361.834,
                                                    "Actual Rows": 268662,
                                                    "Actual Loops": 1
                                                },
                                                {
                                                    "Worker Number": 3,
                                                    "Actual Startup Time": 18.987,
                                                    "Actual Total Time": 361.571,
                                                    "Actual Rows": 268036,
                                                    "Actual Loops": 1
                                                },
                                                {
                                                    "Worker Number": 4,
                                                    "Actual Startup Time": 18.978,
                                                    "Actual Total Time": 362.611,
                                                    "Actual Rows": 268308,
                                                    "Actual Loops": 1
                                                }
                                            ]
                                        },
                                        {
                                            "Node Type": "Hash",
                                            "Parent Relationship": "Inner",
                                            "Parallel Aware": true,
                                            "Startup Cost": 43899.01,
                                            "Total Cost": 43899.01,
                                            "Plan Rows": 55516,
                                            "Plan Width": 4,
                                            "Actual Startup Time": 101.916,
                                            "Actual Total Time": 101.917,
                                            "Actual Rows": 36852,
                                            "Actual Loops": 6,
                                            "Output": [
                                                "t.id"
                                            ],
                                            "Hash Buckets": 262144,
                                            "Original Hash Buckets": 262144,
                                            "Hash Batches": 1,
                                            "Original Hash Batches": 1,
                                            "Peak Memory Usage": 10784,
                                            "Workers": [
                                                {
                                                    "Worker Number": 0,
                                                    "Actual Startup Time": 100.584,
                                                    "Actual Total Time": 100.585,
                                                    "Actual Rows": 46462,
                                                    "Actual Loops": 1
                                                },
                                                {
                                                    "Worker Number": 1,
                                                    "Actual Startup Time": 100.813,
                                                    "Actual Total Time": 100.814,
                                                    "Actual Rows": 31162,
                                                    "Actual Loops": 1
                                                },
                                                {
                                                    "Worker Number": 2,
                                                    "Actual Startup Time": 100.33,
                                                    "Actual Total Time": 100.33,
                                                    "Actual Rows": 30749,
                                                    "Actual Loops": 1
                                                },
                                                {
                                                    "Worker Number": 3,
                                                    "Actual Startup Time": 100.79,
                                                    "Actual Total Time": 100.791,
                                                    "Actual Rows": 31081,
                                                    "Actual Loops": 1
                                                },
                                                {
                                                    "Worker Number": 4,
                                                    "Actual Startup Time": 101.069,
                                                    "Actual Total Time": 101.069,
                                                    "Actual Rows": 32147,
                                                    "Actual Loops": 1
                                                }
                                            ],
                                            "Plans": [
                                                {
                                                    "Node Type": "Seq Scan",
                                                    "Parent Relationship": "Outer",
                                                    "Parallel Aware": true,
                                                    "Relation Name": "title",
                                                    "Schema": "public",
                                                    "Alias": "t",
                                                    "Startup Cost": 0.0,
                                                    "Total Cost": 43899.01,
                                                    "Plan Rows": 55516,
                                                    "Plan Width": 4,
                                                    "Actual Startup Time": 0.068,
                                                    "Actual Total Time": 85.996,
                                                    "Actual Rows": 36852,
                                                    "Actual Loops": 6,
                                                    "Output": [
                                                        "t.id"
                                                    ],
                                                    "Filter": "(t.production_year < 1958)",
                                                    "Rows Removed by Filter": 384533,
                                                    "Workers": [
                                                        {
                                                            "Worker Number": 0,
                                                            "Actual Startup Time": 0.061,
                                                            "Actual Total Time": 83.855,
                                                            "Actual Rows": 46462,
                                                            "Actual Loops": 1
                                                        },
                                                        {
                                                            "Worker Number": 1,
                                                            "Actual Startup Time": 0.085,
                                                            "Actual Total Time": 85.907,
                                                            "Actual Rows": 31162,
                                                            "Actual Loops": 1
                                                        },
                                                        {
                                                            "Worker Number": 2,
                                                            "Actual Startup Time": 0.128,
                                                            "Actual Total Time": 84.993,
                                                            "Actual Rows": 30749,
                                                            "Actual Loops": 1
                                                        },
                                                        {
                                                            "Worker Number": 3,
                                                            "Actual Startup Time": 0.081,
                                                            "Actual Total Time": 85.733,
                                                            "Actual Rows": 31081,
                                                            "Actual Loops": 1
                                                        },
                                                        {
                                                            "Worker Number": 4,
                                                            "Actual Startup Time": 0.037,
                                                            "Actual Total Time": 85.988,
                                                            "Actual Rows": 32147,
                                                            "Actual Loops": 1
                                                        }
                                                    ]
                                                }
                                            ]
                                        }
                                    ]
                                }
                            ]
                        }
                    ]
                }
            ]
        },
        "Planning Time": 291.544,
        "Triggers": [],
        "Execution Time": 554.889
    }
]