[
  {
    "Plan": {
      "Node Type": "Aggregate",
      "Strategy": "Plain",
      "Partial Mode": "Finalize",
      "Parallel Aware": false,
      "Startup Cost": 83642.62,
      "Total Cost": 83642.63,
      "Plan Rows": 1,
      "Plan Width": 8,
      "Actual Startup Time": 219.126,
      "Actual Total Time": 242.705,
      "Actual Rows": 1,
      "Actual Loops": 1,
      "Plans": [
        {
          "Node Type": "Gather",
          "Parent Relationship": "Outer",
          "Parallel Aware": false,
          "Startup Cost": 83642.3,
          "Total Cost": 83642.61,
          "Plan Rows": 3,
          "Plan Width": 8,
          "Actual Startup Time": 217.958,
          "Actual Total Time": 242.697,
          "Actual Rows": 4,
          "Actual Loops": 1,
          "Workers Planned": 3,
          "Workers Launched": 3,
          "Single Copy": false,
          "Plans": [
            {
              "Node Type": "Aggregate",
              "Strategy": "Plain",
              "Partial Mode": "Partial",
              "Parent Relationship": "Outer",
              "Parallel Aware": false,
              "Startup Cost": 82642.3,
              "Total Cost": 82642.31,
              "Plan Rows": 1,
              "Plan Width": 8,
              "Actual Startup Time": 211.338,
              "Actual Total Time": 211.341,
              "Actual Rows": 1,
              "Actual Loops": 4,
              "Plans": [
                {
                  "Node Type": "Nested Loop",
                  "Parent Relationship": "Outer",
                  "Parallel Aware": false,
                  "Join Type": "Inner",
                  "Startup Cost": 46191.78,
                  "Total Cost": 82610.56,
                  "Plan Rows": 12694,
                  "Plan Width": 0,
                  "Actual Startup Time": 144.267,
                  "Actual Total Time": 208.898,
                  "Actual Rows": 39720,
                  "Actual Loops": 4,
                  "Inner Unique": false,
                  "Plans": [
                    {
                      "Node Type": "Hash Join",
                      "Parent Relationship": "Outer",
                      "Parallel Aware": true,
                      "Join Type": "Inner",
                      "Startup Cost": 46191.35,
                      "Total Cost": 71006.54,
                      "Plan Rows": 2171,
                      "Plan Width": 8,
                      "Actual Startup Time": 144.146,
                      "Actual Total Time": 168.054,
                      "Actual Rows": 912,
                      "Actual Loops": 4,
                      "Inner Unique": true,
                      "Hash Cond": "(mk.movie_id = t.id)",
                      "Plans": [
                        {
                          "Node Type": "Bitmap Heap Scan",
                          "Parent Relationship": "Outer",
                          "Parallel Aware": true,
                          "Relation Name": "movie_keyword",
                          "Alias": "mk",
                          "Startup Cost": 1574.16,
                          "Total Cost": 26326.66,
                          "Plan Rows": 23880,
                          "Plan Width": 4,
                          "Actual Startup Time": 14.053,
                          "Actual Total Time": 32.483,
                          "Actual Rows": 18474,
                          "Actual Loops": 4,
                          "Recheck Cond": "(keyword_id > 89765)",
                          "Rows Removed by Index Recheck": 0,
                          "Exact Heap Blocks": 7393,
                          "Lossy Heap Blocks": 0,
                          "Plans": [
                            {
                              "Node Type": "Bitmap Index Scan",
                              "Parent Relationship": "Outer",
                              "Parallel Aware": false,
                              "Index Name": "keyword_id_movie_keyword",
                              "Startup Cost": 0.0,
                              "Total Cost": 1555.65,
                              "Plan Rows": 74029,
                              "Plan Width": 0,
                              "Actual Startup Time": 10.368,
                              "Actual Total Time": 10.368,
                              "Actual Rows": 73896,
                              "Actual Loops": 1,
                              "Index Cond": "(keyword_id > 89765)"
                            }
                          ]
                        },
                        {
                          "Node Type": "Hash",
                          "Parent Relationship": "Inner",
                          "Parallel Aware": true,
                          "Startup Cost": 43898.92,
                          "Total Cost": 43898.92,
                          "Plan Rows": 57462,
                          "Plan Width": 4,
                          "Actual Startup Time": 127.848,
                          "Actual Total Time": 127.849,
                          "Actual Rows": 57912,
                          "Actual Loops": 4,
                          "Hash Buckets": 262144,
                          "Original Hash Buckets": 262144,
                          "Hash Batches": 1,
                          "Original Hash Batches": 1,
                          "Peak Memory Usage": 11136,
                          "Plans": [
                            {
                              "Node Type": "Seq Scan",
                              "Parent Relationship": "Outer",
                              "Parallel Aware": true,
                              "Relation Name": "title",
                              "Alias": "t",
                              "Startup Cost": 0.0,
                              "Total Cost": 43898.92,
                              "Plan Rows": 57462,
                              "Plan Width": 4,
                              "Actual Startup Time": 0.039,
                              "Actual Total Time": 104.021,
                              "Actual Rows": 57912,
                              "Actual Loops": 4,
                              "Filter": "(production_year > 2011)",
                              "Rows Removed by Filter": 574166
                            }
                          ]
                        }
                      ]
                    },
                    {
                      "Node Type": "Index Only Scan",
                      "Parent Relationship": "Inner",
                      "Parallel Aware": false,
                      "Scan Direction": "Forward",
                      "Index Name": "movie_id_movie_info",
                      "Relation Name": "movie_info",
                      "Alias": "mi",
                      "Startup Cost": 0.43,
                      "Total Cost": 4.93,
                      "Plan Rows": 42,
                      "Plan Width": 4,
                      "Actual Startup Time": 0.011,
                      "Actual Total Time": 0.04,
                      "Actual Rows": 44,
                      "Actual Loops": 3646,
                      "Index Cond": "(movie_id = t.id)",
                      "Rows Removed by Index Recheck": 0,
                      "Heap Fetches": 158881
                    }
                  ]
                }
              ]
            }
          ]
        }
      ]
    },
    "Planning Time": 1.475,
    "Triggers": [],
    "Execution Time": 242.893
  }
]