[
  {
    "Plan": {
      "Node Type": "Aggregate",
      "Strategy": "Plain",
      "Partial Mode": "Finalize",
      "Parallel Aware": false,
      "Startup Cost": 76065.05,
      "Total Cost": 76065.06,
      "Plan Rows": 1,
      "Plan Width": 8,
      "Actual Startup Time": 245.738,
      "Actual Total Time": 260.03,
      "Actual Rows": 1,
      "Actual Loops": 1,
      "Plans": [
        {
          "Node Type": "Gather",
          "Parent Relationship": "Outer",
          "Parallel Aware": false,
          "Startup Cost": 76064.73,
          "Total Cost": 76065.04,
          "Plan Rows": 3,
          "Plan Width": 8,
          "Actual Startup Time": 245.267,
          "Actual Total Time": 260.02,
          "Actual Rows": 4,
          "Actual Loops": 1,
          "Workers Planned": 3,
          "Workers Launched": 3,
          "Single Copy": false,
          "Plans": [
            {
              "Node Type": "Aggregate",
              "Strategy": "Plain",
              "Partial Mode": "Partial",
              "Parent Relationship": "Outer",
              "Parallel Aware": false,
              "Startup Cost": 75064.73,
              "Total Cost": 75064.74,
              "Plan Rows": 1,
              "Plan Width": 8,
              "Actual Startup Time": 239.289,
              "Actual Total Time": 239.333,
              "Actual Rows": 1,
              "Actual Loops": 4,
              "Plans": [
                {
                  "Node Type": "Hash Join",
                  "Parent Relationship": "Outer",
                  "Parallel Aware": true,
                  "Join Type": "Inner",
                  "Startup Cost": 45613.25,
                  "Total Cost": 75029.14,
                  "Plan Rows": 14238,
                  "Plan Width": 0,
                  "Actual Startup Time": 126.026,
                  "Actual Total Time": 236.894,
                  "Actual Rows": 57386,
                  "Actual Loops": 4,
                  "Inner Unique": true,
                  "Hash Cond": "(mc.movie_id = t.id)",
                  "Plans": [
                    {
                      "Node Type": "Seq Scan",
                      "Parent Relationship": "Outer",
                      "Parallel Aware": true,
                      "Relation Name": "movie_companies",
                      "Alias": "mc",
                      "Startup Cost": 0.0,
                      "Total Cost": 27206.55,
                      "Plan Rows": 841655,
                      "Plan Width": 4,
                      "Actual Startup Time": 0.008,
                      "Actual Total Time": 55.491,
                      "Actual Rows": 652282,
                      "Actual Loops": 4
                    },
                    {
                      "Node Type": "Hash",
                      "Parent Relationship": "Inner",
                      "Parallel Aware": true,
                      "Startup Cost": 45479.59,
                      "Total Cost": 45479.59,
                      "Plan Rows": 10693,
                      "Plan Width": 4,
                      "Actual Startup Time": 102.242,
                      "Actual Total Time": 102.243,
                      "Actual Rows": 30090,
                      "Actual Loops": 4,
                      "Hash Buckets": 131072,
                      "Original Hash Buckets": 65536,
                      "Hash Batches": 1,
                      "Original Hash Batches": 1,
                      "Peak Memory Usage": 6336,
                      "Plans": [
                        {
                          "Node Type": "Seq Scan",
                          "Parent Relationship": "Outer",
                          "Parallel Aware": true,
                          "Relation Name": "title",
                          "Alias": "t",
                          "Startup Cost": 0.0,
                          "Total Cost": 45479.59,
                          "Plan Rows": 10693,
                          "Plan Width": 4,
                          "Actual Startup Time": 56.712,
                          "Actual Total Time": 90.89,
                          "Actual Rows": 30090,
                          "Actual Loops": 4,
                          "Filter": "((kind_id < 7) AND (production_year < 1932))",
                          "Rows Removed by Filter": 601988
                        }
                      ]
                    }
                  ]
                }
              ]
            }
          ]
        }
      ]
    },
    "Planning Time": 0.284,
    "Triggers": [],
    "Execution Time": 260.069
  }
]