[
  {
    "Plan": {
      "Node Type": "Aggregate",
      "Strategy": "Plain",
      "Partial Mode": "Finalize",
      "Parallel Aware": false,
      "Startup Cost": 76079.68,
      "Total Cost": 76079.69,
      "Plan Rows": 1,
      "Plan Width": 8,
      "Actual Startup Time": 259.219,
      "Actual Total Time": 276.486,
      "Actual Rows": 1,
      "Actual Loops": 1,
      "Plans": [
        {
          "Node Type": "Gather",
          "Parent Relationship": "Outer",
          "Parallel Aware": false,
          "Startup Cost": 76079.37,
          "Total Cost": 76079.68,
          "Plan Rows": 3,
          "Plan Width": 8,
          "Actual Startup Time": 258.653,
          "Actual Total Time": 276.466,
          "Actual Rows": 4,
          "Actual Loops": 1,
          "Workers Planned": 3,
          "Workers Launched": 3,
          "Single Copy": false,
          "Plans": [
            {
              "Node Type": "Aggregate",
              "Strategy": "Plain",
              "Partial Mode": "Partial",
              "Parent Relationship": "Outer",
              "Parallel Aware": false,
              "Startup Cost": 75079.37,
              "Total Cost": 75079.38,
              "Plan Rows": 1,
              "Plan Width": 8,
              "Actual Startup Time": 249.796,
              "Actual Total Time": 249.836,
              "Actual Rows": 1,
              "Actual Loops": 4,
              "Plans": [
                {
                  "Node Type": "Hash Join",
                  "Parent Relationship": "Outer",
                  "Parallel Aware": true,
                  "Join Type": "Inner",
                  "Startup Cost": 45624.7,
                  "Total Cost": 75040.59,
                  "Plan Rows": 15511,
                  "Plan Width": 0,
                  "Actual Startup Time": 133.685,
                  "Actual Total Time": 247.338,
                  "Actual Rows": 57386,
                  "Actual Loops": 4,
                  "Inner Unique": true,
                  "Hash Cond": "(mc.movie_id = t.id)",
                  "Plans": [
                    {
                      "Node Type": "Seq Scan",
                      "Parent Relationship": "Outer",
                      "Parallel Aware": true,
                      "Relation Name": "movie_companies",
                      "Alias": "mc",
                      "Startup Cost": 0.0,
                      "Total Cost": 27206.55,
                      "Plan Rows": 841655,
                      "Plan Width": 4,
                      "Actual Startup Time": 0.017,
                      "Actual Total Time": 57.696,
                      "Actual Rows": 652282,
                      "Actual Loops": 4
                    },
                    {
                      "Node Type": "Hash",
                      "Parent Relationship": "Inner",
                      "Parallel Aware": true,
                      "Startup Cost": 45479.1,
                      "Total Cost": 45479.1,
                      "Plan Rows": 11648,
                      "Plan Width": 4,
                      "Actual Startup Time": 108.321,
                      "Actual Total Time": 108.321,
                      "Actual Rows": 30090,
                      "Actual Loops": 4,
                      "Hash Buckets": 131072,
                      "Original Hash Buckets": 65536,
                      "Hash Batches": 1,
                      "Original Hash Batches": 1,
                      "Peak Memory Usage": 6304,
                      "Plans": [
                        {
                          "Node Type": "Seq Scan",
                          "Parent Relationship": "Outer",
                          "Parallel Aware": true,
                          "Relation Name": "title",
                          "Alias": "t",
                          "Startup Cost": 0.0,
                          "Total Cost": 45479.1,
                          "Plan Rows": 11648,
                          "Plan Width": 4,
                          "Actual Startup Time": 61.819,
                          "Actual Total Time": 96.303,
                          "Actual Rows": 30090,
                          "Actual Loops": 4,
                          "Filter": "((kind_id < 7) AND (production_year < 1932))",
                          "Rows Removed by Filter": 601988
                        }
                      ]
                    }
                  ]
                }
              ]
            }
          ]
        }
      ]
    },
    "Planning Time": 0.668,
    "Triggers": [],
    "Execution Time": 276.557
  }
]