{
  "Plan": {
    "Node Type": "Aggregate",
    "Strategy": "Plain",
    "Partial Mode": "Finalize",
    "Parallel Aware": false,
    "Startup Cost": 493526.01,
    "Total Cost": 493526.02,
    "Plan Rows": 1,
    "Plan Width": 8,
    "Actual Startup Time": 3541.47,
    "Actual Total Time": 3606.524,
    "Actual Rows": 1,
    "Actual Loops": 1,
    "Plans": [
      {
        "Node Type": "Gather",
        "Parent Relationship": "Outer",
        "Parallel Aware": false,
        "Startup Cost": 493525.89,
        "Total Cost": 493526.0,
        "Plan Rows": 1,
        "Plan Width": 8,
        "Actual Startup Time": 3539.088,
        "Actual Total Time": 3606.517,
        "Actual Rows": 2,
        "Actual Loops": 1,
        "Workers Planned": 1,
        "Workers Launched": 1,
        "Single Copy": false,
        "Plans": [
          {
            "Node Type": "Aggregate",
            "Strategy": "Plain",
            "Partial Mode": "Partial",
            "Parent Relationship": "Outer",
            "Parallel Aware": false,
            "Startup Cost": 492525.89,
            "Total Cost": 492525.9,
            "Plan Rows": 1,
            "Plan Width": 8,
            "Actual Startup Time": 3532.766,
            "Actual Total Time": 3532.769,
            "Actual Rows": 1,
            "Actual Loops": 2,
            "Plans": [
              {
                "Node Type": "Nested Loop",
                "Parent Relationship": "Outer",
                "Parallel Aware": false,
                "Join Type": "Inner",
                "Startup Cost": 65933.5,
                "Total Cost": 490167.15,
                "Plan Rows": 943498,
                "Plan Width": 0,
                "Actual Startup Time": 280.704,
                "Actual Total Time": 3298.564,
                "Actual Rows": 5186048,
                "Actual Loops": 2,
                "Inner Unique": false,
                "Plans": [
                  {
                    "Node Type": "Merge Join",
                    "Parent Relationship": "Outer",
                    "Parallel Aware": false,
                    "Join Type": "Inner",
                    "Startup Cost": 65933.07,
                    "Total Cost": 176079.44,
                    "Plan Rows": 161356,
                    "Plan Width": 8,
                    "Actual Startup Time": 280.638,
                    "Actual Total Time": 1172.457,
                    "Actual Rows": 208517,
                    "Actual Loops": 2,
                    "Inner Unique": false,
                    "Merge Cond": "(t.id = mc.movie_id)",
                    "Plans": [
                      {
                        "Node Type": "Index Scan",
                        "Parent Relationship": "Outer",
                        "Parallel Aware": true,
                        "Scan Direction": "Forward",
                        "Index Name": "title_pkey",
                        "Relation Name": "title",
                        "Alias": "t",
                        "Startup Cost": 0.43,
                        "Total Cost": 103647.43,
                        "Plan Rows": 1426674,
                        "Plan Width": 4,
                        "Actual Startup Time": 0.066,
                        "Actual Total Time": 734.508,
                        "Actual Rows": 1209972,
                        "Actual Loops": 2,
                        "Filter": "(production_year > 1911)",
                        "Rows Removed by Filter": 52872
                      },
                      {
                        "Node Type": "Sort",
                        "Parent Relationship": "Inner",
                        "Parallel Aware": false,
                        "Startup Cost": 65930.46,
                        "Total Cost": 66645.33,
                        "Plan Rows": 285949,
                        "Plan Width": 4,
                        "Actual Startup Time": 280.433,
                        "Actual Total Time": 313.451,
                        "Actual Rows": 417944,
                        "Actual Loops": 2,
                        "Sort Key": [
                          "mc.movie_id"
                        ],
                        "Sort Method": "quicksort",
                        "Sort Space Used": 31880,
                        "Sort Space Type": "Memory",
                        "Workers": [
                          {
                            "Worker Number": 0,
                            "Sort Method": "quicksort",
                            "Sort Space Used": 31880,
                            "Sort Space Type": "Memory"
                          }
                        ],
                        "Plans": [
                          {
                            "Node Type": "Bitmap Heap Scan",
                            "Parent Relationship": "Outer",
                            "Parallel Aware": false,
                            "Relation Name": "movie_companies",
                            "Alias": "mc",
                            "Startup Cost": 12512.53,
                            "Total Cost": 40015.76,
                            "Plan Rows": 285949,
                            "Plan Width": 4,
                            "Actual Startup Time": 47.999,
                            "Actual Total Time": 174.09,
                            "Actual Rows": 417944,
                            "Actual Loops": 2,
                            "Recheck Cond": "(company_id < 624)",
                            "Rows Removed by Index Recheck": 0,
                            "Filter": "(company_type_id < 2)",
                            "Rows Removed by Filter": 156783,
                            "Exact Heap Blocks": 18450,
                            "Lossy Heap Blocks": 0,
                            "Plans": [
                              {
                                "Node Type": "Bitmap Index Scan",
                                "Parent Relationship": "Outer",
                                "Parallel Aware": false,
                                "Index Name": "company_id_movie_companies",
                                "Startup Cost": 0.0,
                                "Total Cost": 12441.05,
                                "Plan Rows": 580882,
                                "Plan Width": 0,
                                "Actual Startup Time": 44.846,
                                "Actual Total Time": 44.846,
                                "Actual Rows": 574727,
                                "Actual Loops": 2,
                                "Index Cond": "(company_id < 624)"
                              }
                            ]
                          }
                        ]
                      }
                    ]
                  },
                  {
                    "Node Type": "Index Only Scan",
                    "Parent Relationship": "Inner",
                    "Parallel Aware": false,
                    "Scan Direction": "Forward",
                    "Index Name": "movie_id_movie_info",
                    "Relation Name": "movie_info",
                    "Alias": "mi",
                    "Startup Cost": 0.43,
                    "Total Cost": 1.53,
                    "Plan Rows": 42,
                    "Plan Width": 4,
                    "Actual Startup Time": 0.003,
                    "Actual Total Time": 0.008,
                    "Actual Rows": 25,
                    "Actual Loops": 417034,
                    "Index Cond": "(movie_id = t.id)",
                    "Rows Removed by Index Recheck": 0,
                    "Heap Fetches": 10372095
                  }
                ]
              }
            ]
          }
        ]
      }
    ]
  },
  "Planning Time": 1.116,
  "Triggers": [],
  "Execution Time": 3613.314
}