[
  {
    "Plan": {
      "Node Type": "Aggregate",
      "Strategy": "Plain",
      "Partial Mode": "Finalize",
      "Parallel Aware": false,
      "Startup Cost": 334632.74,
      "Total Cost": 334632.75,
      "Plan Rows": 1,
      "Plan Width": 8,
      "Actual Startup Time": 756.485,
      "Actual Total Time": 804.253,
      "Actual Rows": 1,
      "Actual Loops": 1,
      "Plans": [
        {
          "Node Type": "Gather",
          "Parent Relationship": "Outer",
          "Parallel Aware": false,
          "Startup Cost": 334632.11,
          "Total Cost": 334632.72,
          "Plan Rows": 6,
          "Plan Width": 8,
          "Actual Startup Time": 756.271,
          "Actual Total Time": 804.237,
          "Actual Rows": 7,
          "Actual Loops": 1,
          "Workers Planned": 6,
          "Workers Launched": 6,
          "Single Copy": false,
          "Plans": [
            {
              "Node Type": "Aggregate",
              "Strategy": "Plain",
              "Partial Mode": "Partial",
              "Parent Relationship": "Outer",
              "Parallel Aware": false,
              "Startup Cost": 333632.11,
              "Total Cost": 333632.12,
              "Plan Rows": 1,
              "Plan Width": 8,
              "Actual Startup Time": 747.056,
              "Actual Total Time": 747.058,
              "Actual Rows": 1,
              "Actual Loops": 7,
              "Plans": [
                {
                  "Node Type": "Seq Scan",
                  "Parent Relationship": "Outer",
                  "Parallel Aware": true,
                  "Relation Name": "cast_info",
                  "Alias": "ci",
                  "Startup Cost": 0.0,
                  "Total Cost": 328211.39,
                  "Plan Rows": 2168289,
                  "Plan Width": 0,
                  "Actual Startup Time": 0.064,
                  "Actual Total Time": 639.836,
                  "Actual Rows": 1871149,
                  "Actual Loops": 7,
                  "Filter": "(person_id < 1293008)",
                  "Rows Removed by Filter": 3306615
                }
              ]
            }
          ]
        }
      ]
    },
    "Planning Time": 0.14,
    "Triggers": [],
    "Execution Time": 804.315
  }
]