[
    {
        "Bao": {
            "Bao prediction": "NaN",
            "Bao recommended hint": "(no hint)"
        }
    },
    {
        "Plan": {
            "Node Type": "Aggregate",
            "Strategy": "Plain",
            "Partial Mode": "Finalize",
            "Parallel Aware": false,
            "Startup Cost": 26701.14,
            "Total Cost": 26701.15,
            "Plan Rows": 1,
            "Plan Width": 8,
            "Actual Startup Time": 62.004,
            "Actual Total Time": 65.611,
            "Actual Rows": 1,
            "Actual Loops": 1,
            "Output": [
                "count(*)"
            ],
            "Plans": [
                {
                    "Node Type": "Gather",
                    "Parent Relationship": "Outer",
                    "Parallel Aware": false,
                    "Startup Cost": 26700.82,
                    "Total Cost": 26701.13,
                    "Plan Rows": 3,
                    "Plan Width": 8,
                    "Actual Startup Time": 61.828,
                    "Actual Total Time": 65.604,
                    "Actual Rows": 4,
                    "Actual Loops": 1,
                    "Output": [
                        "(PARTIAL count(*))"
                    ],
                    "Workers Planned": 3,
                    "Workers Launched": 3,
                    "Single Copy": false,
                    "Plans": [
                        {
                            "Node Type": "Aggregate",
                            "Strategy": "Plain",
                            "Partial Mode": "Partial",
                            "Parent Relationship": "Outer",
                            "Parallel Aware": false,
                            "Startup Cost": 25700.82,
                            "Total Cost": 25700.83,
                            "Plan Rows": 1,
                            "Plan Width": 8,
                            "Actual Startup Time": 53.455,
                            "Actual Total Time": 53.456,
                            "Actual Rows": 1,
                            "Actual Loops": 4,
                            "Output": [
                                "PARTIAL count(*)"
                            ],
                            "Workers": [
                                {
                                    "Worker Number": 0,
                                    "Actual Startup Time": 50.466,
                                    "Actual Total Time": 50.467,
                                    "Actual Rows": 1,
                                    "Actual Loops": 1
                                },
                                {
                                    "Worker Number": 1,
                                    "Actual Startup Time": 50.729,
                                    "Actual Total Time": 50.73,
                                    "Actual Rows": 1,
                                    "Actual Loops": 1
                                },
                                {
                                    "Worker Number": 2,
                                    "Actual Startup Time": 51.045,
                                    "Actual Total Time": 51.046,
                                    "Actual Rows": 1,
                                    "Actual Loops": 1
                                }
                            ],
                            "Plans": [
                                {
                                    "Node Type": "Bitmap Heap Scan",
                                    "Parent Relationship": "Outer",
                                    "Parallel Aware": true,
                                    "Relation Name": "movie_companies",
                                    "Schema": "public",
                                    "Alias": "mc",
                                    "Startup Cost": 5559.88,
                                    "Total Cost": 25598.79,
                                    "Plan Rows": 40812,
                                    "Plan Width": 0,
                                    "Actual Startup Time": 9.822,
                                    "Actual Total Time": 49.598,
                                    "Actual Rows": 48945,
                                    "Actual Loops": 4,
                                    "Recheck Cond": "(mc.company_id < 123)",
                                    "Rows Removed by Index Recheck": 0,
                                    "Filter": "(mc.company_type_id < 2)",
                                    "Rows Removed by Filter": 14898,
                                    "Exact Heap Blocks": 9954,
                                    "Lossy Heap Blocks": 0,
                                    "Workers": [
                                        {
                                            "Worker Number": 0,
                                            "Actual Startup Time": 6.993,
                                            "Actual Total Time": 47.102,
                                            "Actual Rows": 23795,
                                            "Actual Loops": 1
                                        },
                                        {
                                            "Worker Number": 1,
                                            "Actual Startup Time": 7.194,
                                            "Actual Total Time": 47.312,
                                            "Actual Rows": 24572,
                                            "Actual Loops": 1
                                        },
                                        {
                                            "Worker Number": 2,
                                            "Actual Startup Time": 7.429,
                                            "Actual Total Time": 47.739,
                                            "Actual Rows": 23557,
                                            "Actual Loops": 1
                                        }
                                    ],
                                    "Plans": [
                                        {
                                            "Node Type": "Bitmap Index Scan",
                                            "Parent Relationship": "Outer",
                                            "Parallel Aware": false,
                                            "Index Name": "company_id_movie_companies",
                                            "Startup Cost": 0.0,
                                            "Total Cost": 5528.25,
                                            "Plan Rows": 258109,
                                            "Plan Width": 0,
                                            "Actual Startup Time": 14.343,
                                            "Actual Total Time": 14.343,
                                            "Actual Rows": 255371,
                                            "Actual Loops": 1,
                                            "Index Cond": "(mc.company_id < 123)"
                                        }
                                    ]
                                }
                            ]
                        }
                    ]
                }
            ]
        },
        "Planning Time": 178.058,
        "Triggers": [],
        "Execution Time": 65.662
    }
]