[
  {
    "Plan": {
      "Node Type": "Aggregate",
      "Strategy": "Plain",
      "Partial Mode": "Finalize",
      "Parallel Aware": false,
      "Startup Cost": 397924.17,
      "Total Cost": 397924.18,
      "Plan Rows": 1,
      "Plan Width": 8,
      "Actual Startup Time": 1295.983,
      "Actual Total Time": 1364.349,
      "Actual Rows": 1,
      "Actual Loops": 1,
      "Plans": [
        {
          "Node Type": "Gather",
          "Parent Relationship": "Outer",
          "Parallel Aware": false,
          "Startup Cost": 397923.54,
          "Total Cost": 397924.15,
          "Plan Rows": 6,
          "Plan Width": 8,
          "Actual Startup Time": 1293.609,
          "Actual Total Time": 1364.339,
          "Actual Rows": 7,
          "Actual Loops": 1,
          "Workers Planned": 6,
          "Workers Launched": 6,
          "Single Copy": false,
          "Plans": [
            {
              "Node Type": "Aggregate",
              "Strategy": "Plain",
              "Partial Mode": "Partial",
              "Parent Relationship": "Outer",
              "Parallel Aware": false,
              "Startup Cost": 396923.54,
              "Total Cost": 396923.55,
              "Plan Rows": 1,
              "Plan Width": 8,
              "Actual Startup Time": 1282.92,
              "Actual Total Time": 1282.923,
              "Actual Rows": 1,
              "Actual Loops": 7,
              "Plans": [
                {
                  "Node Type": "Hash Join",
                  "Parent Relationship": "Outer",
                  "Parallel Aware": true,
                  "Join Type": "Inner",
                  "Startup Cost": 46135.5,
                  "Total Cost": 396371.36,
                  "Plan Rows": 220875,
                  "Plan Width": 0,
                  "Actual Startup Time": 308.517,
                  "Actual Total Time": 1268.912,
                  "Actual Rows": 240374,
                  "Actual Loops": 7,
                  "Inner Unique": true,
                  "Hash Cond": "(ci.movie_id = t.id)",
                  "Plans": [
                    {
                      "Node Type": "Seq Scan",
                      "Parent Relationship": "Outer",
                      "Parallel Aware": true,
                      "Relation Name": "cast_info",
                      "Alias": "ci",
                      "Startup Cost": 0.0,
                      "Total Cost": 343257.03,
                      "Plan Rows": 2658597,
                      "Plan Width": 4,
                      "Actual Startup Time": 217.725,
                      "Actual Total Time": 739.787,
                      "Actual Rows": 2894687,
                      "Actual Loops": 7,
                      "Filter": "((person_id > 1169479) AND (role_id > 1))",
                      "Rows Removed by Filter": 2283076
                    },
                    {
                      "Node Type": "Hash",
                      "Parent Relationship": "Inner",
                      "Parallel Aware": true,
                      "Startup Cost": 45479.1,
                      "Total Cost": 45479.1,
                      "Plan Rows": 52512,
                      "Plan Width": 4,
                      "Actual Startup Time": 88.695,
                      "Actual Total Time": 88.696,
                      "Actual Rows": 26262,
                      "Actual Loops": 7,
                      "Hash Buckets": 262144,
                      "Original Hash Buckets": 262144,
                      "Hash Batches": 1,
                      "Original Hash Batches": 1,
                      "Peak Memory Usage": 9344,
                      "Plans": [
                        {
                          "Node Type": "Seq Scan",
                          "Parent Relationship": "Outer",
                          "Parallel Aware": true,
                          "Relation Name": "title",
                          "Alias": "t",
                          "Startup Cost": 0.0,
                          "Total Cost": 45479.1,
                          "Plan Rows": 52512,
                          "Plan Width": 4,
                          "Actual Startup Time": 0.085,
                          "Actual Total Time": 77.112,
                          "Actual Rows": 26262,
                          "Actual Loops": 7,
                          "Filter": "((kind_id < 7) AND (production_year > 2009))",
                          "Rows Removed by Filter": 334925
                        }
                      ]
                    }
                  ]
                }
              ]
            }
          ]
        }
      ]
    },
    "Planning Time": 0.621,
    "Triggers": [],
    "Execution Time": 1364.438
  }
]