[
  {
    "Plan": {
      "Node Type": "Aggregate",
      "Strategy": "Plain",
      "Partial Mode": "Simple",
      "Parallel Aware": false,
      "Startup Cost": 961.48,
      "Total Cost": 961.49,
      "Plan Rows": 1,
      "Plan Width": 96,
      "Actual Startup Time": 97.05,
      "Actual Total Time": 97.061,
      "Actual Rows": 1,
      "Actual Loops": 1,
      "Plans": [
        {
          "Node Type": "Nested Loop",
          "Parent Relationship": "Outer",
          "Parallel Aware": false,
          "Join Type": "Inner",
          "Startup Cost": 337.41,
          "Total Cost": 961.47,
          "Plan Rows": 1,
          "Plan Width": 48,
          "Actual Startup Time": 53.965,
          "Actual Total Time": 96.981,
          "Actual Rows": 228,
          "Actual Loops": 1,
          "Inner Unique": true,
          "Join Filter": "(ml.movie_id = t.id)",
          "Rows Removed by Join Filter": 0,
          "Plans": [
            {
              "Node Type": "Nested Loop",
              "Parent Relationship": "Outer",
              "Parallel Aware": false,
              "Join Type": "Inner",
              "Startup Cost": 336.98,
              "Total Cost": 960.97,
              "Plan Rows": 1,
              "Plan Width": 51,
              "Actual Startup Time": 53.896,
              "Actual Total Time": 96.466,
              "Actual Rows": 228,
              "Actual Loops": 1,
              "Inner Unique": true,
              "Plans": [
                {
                  "Node Type": "Merge Join",
                  "Parent Relationship": "Outer",
                  "Parallel Aware": false,
                  "Join Type": "Inner",
                  "Startup Cost": 336.56,
                  "Total Cost": 960.51,
                  "Plan Rows": 1,
                  "Plan Width": 55,
                  "Actual Startup Time": 50.873,
                  "Actual Total Time": 92.027,
                  "Actual Rows": 2280,
                  "Actual Loops": 1,
                  "Inner Unique": false,
                  "Merge Cond": "(mk.movie_id = ml.movie_id)",
                  "Plans": [
                    {
                      "Node Type": "Nested Loop",
                      "Parent Relationship": "Outer",
                      "Parallel Aware": false,
                      "Join Type": "Inner",
                      "Startup Cost": 2.14,
                      "Total Cost": 43713.05,
                      "Plan Rows": 71,
                      "Plan Width": 39,
                      "Actual Startup Time": 48.308,
                      "Actual Total Time": 88.748,
                      "Actual Rows": 121,
                      "Actual Loops": 1,
                      "Inner Unique": false,
                      "Plans": [
                        {
                          "Node Type": "Nested Loop",
                          "Parent Relationship": "Outer",
                          "Parallel Aware": false,
                          "Join Type": "Inner",
                          "Startup Cost": 1.71,
                          "Total Cost": 43698.33,
                          "Plan Rows": 8,
                          "Plan Width": 31,
                          "Actual Startup Time": 48.242,
                          "Actual Total Time": 88.539,
                          "Actual Rows": 17,
                          "Actual Loops": 1,
                          "Inner Unique": false,
                          "Plans": [
                            {
                              "Node Type": "Nested Loop",
                              "Parent Relationship": "Outer",
                              "Parallel Aware": false,
                              "Join Type": "Inner",
                              "Startup Cost": 1.27,
                              "Total Cost": 38482.81,
                              "Plan Rows": 2548,
                              "Plan Width": 27,
                              "Actual Startup Time": 2.448,
                              "Actual Total Time": 74.939,
                              "Actual Rows": 341,
                              "Actual Loops": 1,
                              "Inner Unique": true,
                              "Plans": [
                                {
                                  "Node Type": "Nested Loop",
                                  "Parent Relationship": "Outer",
                                  "Parallel Aware": false,
                                  "Join Type": "Inner",
                                  "Startup Cost": 0.85,
                                  "Total Cost": 33650.34,
                                  "Plan Rows": 10570,
                                  "Plan Width": 12,
                                  "Actual Startup Time": 0.476,
                                  "Actual Total Time": 49.26,
                                  "Actual Rows": 5674,
                                  "Actual Loops": 1,
                                  "Inner Unique": true,
                                  "Join Filter": "(mc.company_type_id = ct.id)",
                                  "Rows Removed by Join Filter": 148,
                                  "Plans": [
                                    {
                                      "Node Type": "Nested Loop",
                                      "Parent Relationship": "Outer",
                                      "Parallel Aware": false,
                                      "Join Type": "Inner",
                                      "Startup Cost": 0.85,
                                      "Total Cost": 33015.06,
                                      "Plan Rows": 42282,
                                      "Plan Width": 16,
                                      "Actual Startup Time": 0.463,
                                      "Actual Total Time": 46.77,
                                      "Actual Rows": 5822,
                                      "Actual Loops": 1,
                                      "Inner Unique": false,
                                      "Plans": [
                                        {
                                          "Node Type": "Nested Loop",
                                          "Parent Relationship": "Outer",
                                          "Parallel Aware": false,
                                          "Join Type": "Inner",
                                          "Startup Cost": 0.42,
                                          "Total Cost": 9614.77,
                                          "Plan Rows": 16886,
                                          "Plan Width": 4,
                                          "Actual Startup Time": 0.052,
                                          "Actual Total Time": 15.555,
                                          "Actual Rows": 6135,
                                          "Actual Loops": 1,
                                          "Inner Unique": true,
                                          "Join Filter": "(cc.subject_id = cct1.id)",
                                          "Rows Removed by Join Filter": 3881,
                                          "Plans": [
                                            {
                                              "Node Type": "Nested Loop",
                                              "Parent Relationship": "Outer",
                                              "Parallel Aware": false,
                                              "Join Type": "Inner",
                                              "Startup Cost": 0.42,
                                              "Total Cost": 8684.98,
                                              "Plan Rows": 33772,
                                              "Plan Width": 8,
                                              "Actual Startup Time": 0.032,
                                              "Actual Total Time": 11.352,
                                              "Actual Rows": 10016,
                                              "Actual Loops": 1,
                                              "Inner Unique": true,
                                              "Join Filter": "(cc.status_id = cct2.id)",
                                              "Rows Removed by Join Filter": 659,
                                              "Plans": [
                                                {
                                                  "Node Type": "Index Scan",
                                                  "Parent Relationship": "Outer",
                                                  "Parallel Aware": false,
                                                  "Scan Direction": "Forward",
                                                  "Index Name": "movie_id_complete_cast",
                                                  "Relation Name": "complete_cast",
                                                  "Alias": "cc",
                                                  "Startup Cost": 0.42,
                                                  "Total Cost": 6657.64,
                                                  "Plan Rows": 135086,
                                                  "Plan Width": 12,
                                                  "Actual Startup Time": 0.012,
                                                  "Actual Total Time": 6.405,
                                                  "Actual Rows": 10675,
                                                  "Actual Loops": 1
                                                },
                                                {
                                                  "Node Type": "Materialize",
                                                  "Parent Relationship": "Inner",
                                                  "Parallel Aware": false,
                                                  "Startup Cost": 0.0,
                                                  "Total Cost": 1.05,
                                                  "Plan Rows": 1,
                                                  "Plan Width": 4,
                                                  "Actual Startup Time": 0.0,
                                                  "Actual Total Time": 0.0,
                                                  "Actual Rows": 1,
                                                  "Actual Loops": 10675,
                                                  "Plans": [
                                                    {
                                                      "Node Type": "Seq Scan",
                                                      "Parent Relationship": "Outer",
                                                      "Parallel Aware": false,
                                                      "Relation Name": "comp_cast_type",
                                                      "Alias": "cct2",
                                                      "Startup Cost": 0.0,
                                                      "Total Cost": 1.05,
                                                      "Plan Rows": 1,
                                                      "Plan Width": 4,
                                                      "Actual Startup Time": 0.011,
                                                      "Actual Total Time": 0.012,
                                                      "Actual Rows": 1,
                                                      "Actual Loops": 1,
                                                      "Filter": "((kind)::text = 'complete'::text)",
                                                      "Rows Removed by Filter": 3
                                                    }
                                                  ]
                                                }
                                              ]
                                            },
                                            {
                                              "Node Type": "Materialize",
                                              "Parent Relationship": "Inner",
                                              "Parallel Aware": false,
                                              "Startup Cost": 0.0,
                                              "Total Cost": 1.06,
                                              "Plan Rows": 2,
                                              "Plan Width": 4,
                                              "Actual Startup Time": 0.0,
                                              "Actual Total Time": 0.0,
                                              "Actual Rows": 1,
                                              "Actual Loops": 10016,
                                              "Plans": [
                                                {
                                                  "Node Type": "Seq Scan",
                                                  "Parent Relationship": "Outer",
                                                  "Parallel Aware": false,
                                                  "Relation Name": "comp_cast_type",
                                                  "Alias": "cct1",
                                                  "Startup Cost": 0.0,
                                                  "Total Cost": 1.05,
                                                  "Plan Rows": 2,
                                                  "Plan Width": 4,
                                                  "Actual Startup Time": 0.014,
                                                  "Actual Total Time": 0.016,
                                                  "Actual Rows": 1,
                                                  "Actual Loops": 1,
                                                  "Filter": "((kind)::text = ANY ('{cast,cast}'::text[]))",
                                                  "Rows Removed by Filter": 3
                                                }
                                              ]
                                            }
                                          ]
                                        },
                                        {
                                          "Node Type": "Index Scan",
                                          "Parent Relationship": "Inner",
                                          "Parallel Aware": false,
                                          "Scan Direction": "Forward",
                                          "Index Name": "movie_id_movie_companies",
                                          "Relation Name": "movie_companies",
                                          "Alias": "mc",
                                          "Startup Cost": 0.43,
                                          "Total Cost": 1.36,
                                          "Plan Rows": 3,
                                          "Plan Width": 12,
                                          "Actual Startup Time": 0.004,
                                          "Actual Total Time": 0.005,
                                          "Actual Rows": 1,
                                          "Actual Loops": 6135,
                                          "Index Cond": "(movie_id = cc.movie_id)",
                                          "Rows Removed by Index Recheck": 0,
                                          "Filter": "(note IS NULL)",
                                          "Rows Removed by Filter": 1
                                        }
                                      ]
                                    },
                                    {
                                      "Node Type": "Materialize",
                                      "Parent Relationship": "Inner",
                                      "Parallel Aware": false,
                                      "Startup Cost": 0.0,
                                      "Total Cost": 1.05,
                                      "Plan Rows": 1,
                                      "Plan Width": 4,
                                      "Actual Startup Time": 0.0,
                                      "Actual Total Time": 0.0,
                                      "Actual Rows": 1,
                                      "Actual Loops": 5822,
                                      "Plans": [
                                        {
                                          "Node Type": "Seq Scan",
                                          "Parent Relationship": "Outer",
                                          "Parallel Aware": false,
                                          "Relation Name": "company_type",
                                          "Alias": "ct",
                                          "Startup Cost": 0.0,
                                          "Total Cost": 1.05,
                                          "Plan Rows": 1,
                                          "Plan Width": 4,
                                          "Actual Startup Time": 0.006,
                                          "Actual Total Time": 0.007,
                                          "Actual Rows": 1,
                                          "Actual Loops": 1,
                                          "Filter": "((kind)::text = 'production companies'::text)",
                                          "Rows Removed by Filter": 3
                                        }
                                      ]
                                    }
                                  ]
                                },
                                {
                                  "Node Type": "Index Scan",
                                  "Parent Relationship": "Inner",
                                  "Parallel Aware": false,
                                  "Scan Direction": "Forward",
                                  "Index Name": "company_name_pkey",
                                  "Relation Name": "company_name",
                                  "Alias": "cn",
                                  "Startup Cost": 0.42,
                                  "Total Cost": 0.46,
                                  "Plan Rows": 1,
                                  "Plan Width": 23,
                                  "Actual Startup Time": 0.004,
                                  "Actual Total Time": 0.004,
                                  "Actual Rows": 0,
                                  "Actual Loops": 5674,
                                  "Index Cond": "(id = mc.company_id)",
                                  "Rows Removed by Index Recheck": 0,
                                  "Filter": "(((country_code)::text <> '[pl]'::text) AND ((name ~~ '%Film%'::text) OR (name ~~ '%Warner%'::text)))",
                                  "Rows Removed by Filter": 1
                                }
                              ]
                            },
                            {
                              "Node Type": "Index Scan",
                              "Parent Relationship": "Inner",
                              "Parallel Aware": false,
                              "Scan Direction": "Forward",
                              "Index Name": "movie_id_movie_info",
                              "Relation Name": "movie_info",
                              "Alias": "mi",
                              "Startup Cost": 0.43,
                              "Total Cost": 2.04,
                              "Plan Rows": 1,
                              "Plan Width": 4,
                              "Actual Startup Time": 0.039,
                              "Actual Total Time": 0.039,
                              "Actual Rows": 0,
                              "Actual Loops": 341,
                              "Index Cond": "(movie_id = mc.movie_id)",
                              "Rows Removed by Index Recheck": 0,
                              "Filter": "(info = ANY ('{Swedish,Bulgaria,American,\"For the German TV version the scenes with the pathologist Oljelund were re-shot with German actor ''Ottfried Fischer'' (qv).\"}'::text[]))",
                              "Rows Removed by Filter": 15
                            }
                          ]
                        },
                        {
                          "Node Type": "Index Scan",
                          "Parent Relationship": "Inner",
                          "Parallel Aware": false,
                          "Scan Direction": "Forward",
                          "Index Name": "movie_id_movie_keyword",
                          "Relation Name": "movie_keyword",
                          "Alias": "mk",
                          "Startup Cost": 0.43,
                          "Total Cost": 1.38,
                          "Plan Rows": 46,
                          "Plan Width": 8,
                          "Actual Startup Time": 0.009,
                          "Actual Total Time": 0.01,
                          "Actual Rows": 7,
                          "Actual Loops": 17,
                          "Index Cond": "(movie_id = mc.movie_id)",
                          "Rows Removed by Index Recheck": 0
                        }
                      ]
                    },
                    {
                      "Node Type": "Sort",
                      "Parent Relationship": "Inner",
                      "Parallel Aware": false,
                      "Startup Cost": 334.38,
                      "Total Cost": 338.55,
                      "Plan Rows": 1666,
                      "Plan Width": 16,
                      "Actual Startup Time": 2.355,
                      "Actual Total Time": 2.632,
                      "Actual Rows": 4538,
                      "Actual Loops": 1,
                      "Sort Key": [
                        "ml.movie_id"
                      ],
                      "Sort Method": "quicksort",
                      "Sort Space Used": 205,
                      "Sort Space Type": "Memory",
                      "Plans": [
                        {
                          "Node Type": "Nested Loop",
                          "Parent Relationship": "Outer",
                          "Parallel Aware": false,
                          "Join Type": "Inner",
                          "Startup Cost": 38.82,
                          "Total Cost": 245.23,
                          "Plan Rows": 1666,
                          "Plan Width": 16,
                          "Actual Startup Time": 0.156,
                          "Actual Total Time": 1.431,
                          "Actual Rows": 2315,
                          "Actual Loops": 1,
                          "Inner Unique": false,
                          "Plans": [
                            {
                              "Node Type": "Seq Scan",
                              "Parent Relationship": "Outer",
                              "Parallel Aware": false,
                              "Relation Name": "link_type",
                              "Alias": "lt",
                              "Startup Cost": 0.0,
                              "Total Cost": 1.23,
                              "Plan Rows": 1,
                              "Plan Width": 16,
                              "Actual Startup Time": 0.013,
                              "Actual Total Time": 0.018,
                              "Actual Rows": 2,
                              "Actual Loops": 1,
                              "Filter": "((link)::text ~~ '%follow%'::text)",
                              "Rows Removed by Filter": 16
                            },
                            {
                              "Node Type": "Bitmap Heap Scan",
                              "Parent Relationship": "Inner",
                              "Parallel Aware": false,
                              "Relation Name": "movie_link",
                              "Alias": "ml",
                              "Startup Cost": 38.82,
                              "Total Cost": 225.26,
                              "Plan Rows": 1875,
                              "Plan Width": 8,
                              "Actual Startup Time": 0.1,
                              "Actual Total Time": 0.54,
                              "Actual Rows": 1158,
                              "Actual Loops": 2,
                              "Recheck Cond": "(link_type_id = lt.id)",
                              "Rows Removed by Index Recheck": 0,
                              "Exact Heap Blocks": 191,
                              "Lossy Heap Blocks": 0,
                              "Plans": [
                                {
                                  "Node Type": "Bitmap Index Scan",
                                  "Parent Relationship": "Outer",
                                  "Parallel Aware": false,
                                  "Index Name": "link_type_id_movie_link",
                                  "Startup Cost": 0.0,
                                  "Total Cost": 38.35,
                                  "Plan Rows": 1875,
                                  "Plan Width": 0,
                                  "Actual Startup Time": 0.081,
                                  "Actual Total Time": 0.081,
                                  "Actual Rows": 1158,
                                  "Actual Loops": 2,
                                  "Index Cond": "(link_type_id = lt.id)"
                                }
                              ]
                            }
                          ]
                        }
                      ]
                    }
                  ]
                },
                {
                  "Node Type": "Index Scan",
                  "Parent Relationship": "Inner",
                  "Parallel Aware": false,
                  "Scan Direction": "Forward",
                  "Index Name": "keyword_pkey",
                  "Relation Name": "keyword",
                  "Alias": "k",
                  "Startup Cost": 0.42,
                  "Total Cost": 0.44,
                  "Plan Rows": 1,
                  "Plan Width": 4,
                  "Actual Startup Time": 0.002,
                  "Actual Total Time": 0.002,
                  "Actual Rows": 0,
                  "Actual Loops": 2280,
                  "Index Cond": "(id = mk.keyword_id)",
                  "Rows Removed by Index Recheck": 0,
                  "Filter": "(keyword = 'sequel'::text)",
                  "Rows Removed by Filter": 1
                }
              ]
            },
            {
              "Node Type": "Index Scan",
              "Parent Relationship": "Inner",
              "Parallel Aware": false,
              "Scan Direction": "Forward",
              "Index Name": "title_pkey",
              "Relation Name": "title",
              "Alias": "t",
              "Startup Cost": 0.43,
              "Total Cost": 0.49,
              "Plan Rows": 1,
              "Plan Width": 21,
              "Actual Startup Time": 0.002,
              "Actual Total Time": 0.002,
              "Actual Rows": 1,
              "Actual Loops": 228,
              "Index Cond": "(id = mk.movie_id)",
              "Rows Removed by Index Recheck": 0,
              "Filter": "((production_year >= 1995) AND (production_year <= 2011))",
              "Rows Removed by Filter": 0
            }
          ]
        }
      ]
    },
    "Planning Time": 153.116,
    "Triggers": [],
    "Execution Time": 97.549
  }
]