[
  {
    "Plan": {
      "Node Type": "Aggregate",
      "Strategy": "Plain",
      "Partial Mode": "Finalize",
      "Parallel Aware": false,
      "Startup Cost": 343058.28,
      "Total Cost": 343058.29,
      "Plan Rows": 1,
      "Plan Width": 8,
      "Actual Startup Time": 946.67,
      "Actual Total Time": 999.352,
      "Actual Rows": 1,
      "Actual Loops": 1,
      "Plans": [
        {
          "Node Type": "Gather",
          "Parent Relationship": "Outer",
          "Parallel Aware": false,
          "Startup Cost": 343057.66,
          "Total Cost": 343058.27,
          "Plan Rows": 6,
          "Plan Width": 8,
          "Actual Startup Time": 946.441,
          "Actual Total Time": 999.338,
          "Actual Rows": 7,
          "Actual Loops": 1,
          "Workers Planned": 6,
          "Workers Launched": 6,
          "Single Copy": false,
          "Plans": [
            {
              "Node Type": "Aggregate",
              "Strategy": "Plain",
              "Partial Mode": "Partial",
              "Parent Relationship": "Outer",
              "Parallel Aware": false,
              "Startup Cost": 342057.66,
              "Total Cost": 342057.67,
              "Plan Rows": 1,
              "Plan Width": 8,
              "Actual Startup Time": 936.851,
              "Actual Total Time": 936.852,
              "Actual Rows": 1,
              "Actual Loops": 7,
              "Plans": [
                {
                  "Node Type": "Seq Scan",
                  "Parent Relationship": "Outer",
                  "Parallel Aware": true,
                  "Relation Name": "cast_info",
                  "Alias": "ci",
                  "Startup Cost": 0.0,
                  "Total Cost": 328211.39,
                  "Plan Rows": 5538507,
                  "Plan Width": 0,
                  "Actual Startup Time": 48.145,
                  "Actual Total Time": 694.656,
                  "Actual Rows": 4731671,
                  "Actual Loops": 7,
                  "Filter": "(person_id > 302352)",
                  "Rows Removed by Filter": 446092
                }
              ]
            }
          ]
        }
      ]
    },
    "Planning Time": 0.07,
    "Triggers": [],
    "Execution Time": 999.385
  }
]