{
    "Plan": {
        "Node Type": "Aggregate",
        "Strategy": "Plain",
        "Partial Mode": "Finalize",
        "Parallel Aware": false,
        "Startup Cost": 375539.56,
        "Total Cost": 375539.57,
        "Plan Rows": 1,
        "Plan Width": 8,
        "Actual Startup Time": 4341.724,
        "Actual Total Time": 4428.094,
        "Actual Rows": 1,
        "Actual Loops": 1,
        "Output": [
            "count(*)"
        ],
        "Plans": [
            {
                "Node Type": "Gather",
                "Parent Relationship": "Outer",
                "Parallel Aware": false,
                "Startup Cost": 375539.14,
                "Total Cost": 375539.55,
                "Plan Rows": 4,
                "Plan Width": 8,
                "Actual Startup Time": 4337.929,
                "Actual Total Time": 4428.083,
                "Actual Rows": 5,
                "Actual Loops": 1,
                "Output": [
                    "(PARTIAL count(*))"
                ],
                "Workers Planned": 4,
                "Workers Launched": 4,
                "Single Copy": false,
                "Plans": [
                    {
                        "Node Type": "Aggregate",
                        "Strategy": "Plain",
                        "Partial Mode": "Partial",
                        "Parent Relationship": "Outer",
                        "Parallel Aware": false,
                        "Startup Cost": 374539.14,
                        "Total Cost": 374539.15,
                        "Plan Rows": 1,
                        "Plan Width": 8,
                        "Actual Startup Time": 4329.029,
                        "Actual Total Time": 4329.031,
                        "Actual Rows": 1,
                        "Actual Loops": 5,
                        "Output": [
                            "PARTIAL count(*)"
                        ],
                        "Workers": [
                            {
                                "Worker Number": 0,
                                "Actual Startup Time": 4325.747,
                                "Actual Total Time": 4325.749,
                                "Actual Rows": 1,
                                "Actual Loops": 1
                            },
                            {
                                "Worker Number": 1,
                                "Actual Startup Time": 4328.66,
                                "Actual Total Time": 4328.662,
                                "Actual Rows": 1,
                                "Actual Loops": 1
                            },
                            {
                                "Worker Number": 2,
                                "Actual Startup Time": 4328.32,
                                "Actual Total Time": 4328.322,
                                "Actual Rows": 1,
                                "Actual Loops": 1
                            },
                            {
                                "Worker Number": 3,
                                "Actual Startup Time": 4325.339,
                                "Actual Total Time": 4325.342,
                                "Actual Rows": 1,
                                "Actual Loops": 1
                            }
                        ],
                        "Plans": [
                            {
                                "Node Type": "Nested Loop",
                                "Parent Relationship": "Outer",
                                "Parallel Aware": false,
                                "Join Type": "Inner",
                                "Startup Cost": 2.21,
                                "Total Cost": 371748.69,
                                "Plan Rows": 1116178,
                                "Plan Width": 0,
                                "Actual Startup Time": 3.047,
                                "Actual Total Time": 4150.185,
                                "Actual Rows": 3720471,
                                "Actual Loops": 5,
                                "Inner Unique": false,
                                "Join Filter": "(t.id = ci.movie_id)",
                                "Rows Removed by Join Filter": 0,
                                "Workers": [
                                    {
                                        "Worker Number": 0,
                                        "Actual Startup Time": 4.369,
                                        "Actual Total Time": 4134.574,
                                        "Actual Rows": 3463665,
                                        "Actual Loops": 1
                                    },
                                    {
                                        "Worker Number": 1,
                                        "Actual Startup Time": 4.06,
                                        "Actual Total Time": 4145.32,
                                        "Actual Rows": 3196859,
                                        "Actual Loops": 1
                                    },
                                    {
                                        "Worker Number": 2,
                                        "Actual Startup Time": 2.289,
                                        "Actual Total Time": 4157.687,
                                        "Actual Rows": 3832816,
                                        "Actual Loops": 1
                                    },
                                    {
                                        "Worker Number": 3,
                                        "Actual Startup Time": 4.403,
                                        "Actual Total Time": 4155.578,
                                        "Actual Rows": 3812561,
                                        "Actual Loops": 1
                                    }
                                ],
                                "Plans": [
                                    {
                                        "Node Type": "Merge Join",
                                        "Parent Relationship": "Outer",
                                        "Parallel Aware": false,
                                        "Join Type": "Inner",
                                        "Startup Cost": 1.64,
                                        "Total Cost": 152658.15,
                                        "Plan Rows": 77844,
                                        "Plan Width": 8,
                                        "Actual Startup Time": 2.784,
                                        "Actual Total Time": 840.39,
                                        "Actual Rows": 135209,
                                        "Actual Loops": 5,
                                        "Output": [
                                            "t.id",
                                            "mi_idx.movie_id"
                                        ],
                                        "Inner Unique": false,
                                        "Merge Cond": "(t.id = mi_idx.movie_id)",
                                        "Workers": [
                                            {
                                                "Worker Number": 0,
                                                "Actual Startup Time": 3.769,
                                                "Actual Total Time": 859.62,
                                                "Actual Rows": 123110,
                                                "Actual Loops": 1
                                            },
                                            {
                                                "Worker Number": 1,
                                                "Actual Startup Time": 3.84,
                                                "Actual Total Time": 860.022,
                                                "Actual Rows": 113435,
                                                "Actual Loops": 1
                                            },
                                            {
                                                "Worker Number": 2,
                                                "Actual Startup Time": 2.037,
                                                "Actual Total Time": 800.475,
                                                "Actual Rows": 141688,
                                                "Actual Loops": 1
                                            },
                                            {
                                                "Worker Number": 3,
                                                "Actual Startup Time": 4.189,
                                                "Actual Total Time": 797.36,
                                                "Actual Rows": 138111,
                                                "Actual Loops": 1
                                            }
                                        ],
                                        "Plans": [
                                            {
                                                "Node Type": "Index Scan",
                                                "Parent Relationship": "Outer",
                                                "Parallel Aware": true,
                                                "Scan Direction": "Forward",
                                                "Index Name": "title_pkey",
                                                "Relation Name": "title",
                                                "Schema": "public",
                                                "Alias": "t",
                                                "Startup Cost": 0.43,
                                                "Total Cost": 94540.09,
                                                "Plan Rows": 142616,
                                                "Plan Width": 4,
                                                "Actual Startup Time": 1.174,
                                                "Actual Total Time": 450.003,
                                                "Actual Rows": 123906,
                                                "Actual Loops": 5,
                                                "Output": [
                                                    "t.id",
                                                    "t.title",
                                                    "t.imdb_index",
                                                    "t.kind_id",
                                                    "t.production_year",
                                                    "t.imdb_id",
                                                    "t.phonetic_code",
                                                    "t.episode_of_id",
                                                    "t.season_nr",
                                                    "t.episode_nr",
                                                    "t.series_years",
                                                    "t.md5sum"
                                                ],
                                                "Filter": "((t.kind_id < 4) AND (t.production_year < 2008))",
                                                "Rows Removed by Filter": 381289,
                                                "Workers": [
                                                    {
                                                        "Worker Number": 0,
                                                        "Actual Startup Time": 1.265,
                                                        "Actual Total Time": 403.489,
                                                        "Actual Rows": 112590,
                                                        "Actual Loops": 1
                                                    },
                                                    {
                                                        "Worker Number": 1,
                                                        "Actual Startup Time": 1.687,
                                                        "Actual Total Time": 406.024,
                                                        "Actual Rows": 103672,
                                                        "Actual Loops": 1
                                                    },
                                                    {
                                                        "Worker Number": 2,
                                                        "Actual Startup Time": 0.129,
                                                        "Actual Total Time": 453.206,
                                                        "Actual Rows": 130430,
                                                        "Actual Loops": 1
                                                    },
                                                    {
                                                        "Worker Number": 3,
                                                        "Actual Startup Time": 2.759,
                                                        "Actual Total Time": 449.887,
                                                        "Actual Rows": 127219,
                                                        "Actual Loops": 1
                                                    }
                                                ]
                                            },
                                            {
                                                "Node Type": "Index Only Scan",
                                                "Parent Relationship": "Inner",
                                                "Parallel Aware": false,
                                                "Scan Direction": "Forward",
                                                "Index Name": "movie_id_movie_info_idx",
                                                "Relation Name": "movie_info_idx",
                                                "Schema": "public",
                                                "Alias": "mi_idx",
                                                "Startup Cost": 0.43,
                                                "Total Cost": 53630.81,
                                                "Plan Rows": 1380035,
                                                "Plan Width": 4,
                                                "Actual Startup Time": 0.144,
                                                "Actual Total Time": 296.923,
                                                "Actual Rows": 1380035,
                                                "Actual Loops": 5,
                                                "Output": [
                                                    "mi_idx.movie_id"
                                                ],
                                                "Heap Fetches": 6900175,
                                                "Workers": [
                                                    {
                                                        "Worker Number": 0,
                                                        "Actual Startup Time": 0.156,
                                                        "Actual Total Time": 348.1,
                                                        "Actual Rows": 1380035,
                                                        "Actual Loops": 1
                                                    },
                                                    {
                                                        "Worker Number": 1,
                                                        "Actual Startup Time": 0.179,
                                                        "Actual Total Time": 345.262,
                                                        "Actual Rows": 1380035,
                                                        "Actual Loops": 1
                                                    },
                                                    {
                                                        "Worker Number": 2,
                                                        "Actual Startup Time": 0.182,
                                                        "Actual Total Time": 264.486,
                                                        "Actual Rows": 1380035,
                                                        "Actual Loops": 1
                                                    },
                                                    {
                                                        "Worker Number": 3,
                                                        "Actual Startup Time": 0.159,
                                                        "Actual Total Time": 265.135,
                                                        "Actual Rows": 1380035,
                                                        "Actual Loops": 1
                                                    }
                                                ]
                                            }
                                        ]
                                    },
                                    {
                                        "Node Type": "Index Only Scan",
                                        "Parent Relationship": "Inner",
                                        "Parallel Aware": false,
                                        "Scan Direction": "Forward",
                                        "Index Name": "movie_id_cast_info",
                                        "Relation Name": "cast_info",
                                        "Schema": "public",
                                        "Alias": "ci",
                                        "Startup Cost": 0.56,
                                        "Total Cost": 2.34,
                                        "Plan Rows": 38,
                                        "Plan Width": 4,
                                        "Actual Startup Time": 0.004,
                                        "Actual Total Time": 0.022,
                                        "Actual Rows": 28,
                                        "Actual Loops": 676045,
                                        "Output": [
                                            "ci.movie_id"
                                        ],
                                        "Index Cond": "(ci.movie_id = mi_idx.movie_id)",
                                        "Rows Removed by Index Recheck": 0,
                                        "Heap Fetches": 18602353,
                                        "Workers": [
                                            {
                                                "Worker Number": 0,
                                                "Actual Startup Time": 0.004,
                                                "Actual Total Time": 0.024,
                                                "Actual Rows": 28,
                                                "Actual Loops": 123110
                                            },
                                            {
                                                "Worker Number": 1,
                                                "Actual Startup Time": 0.004,
                                                "Actual Total Time": 0.026,
                                                "Actual Rows": 28,
                                                "Actual Loops": 113435
                                            },
                                            {
                                                "Worker Number": 2,
                                                "Actual Startup Time": 0.003,
                                                "Actual Total Time": 0.021,
                                                "Actual Rows": 27,
                                                "Actual Loops": 141688
                                            },
                                            {
                                                "Worker Number": 3,
                                                "Actual Startup Time": 0.003,
                                                "Actual Total Time": 0.022,
                                                "Actual Rows": 28,
                                                "Actual Loops": 138111
                                            }
                                        ]
                                    }
                                ]
                            }
                        ]
                    }
                ]
            }
        ]
    },
    "Planning Time": 1.461,
    "Triggers": [],
    "Execution Time": 4428.208
}