[
  {
    "Plan": {
      "Node Type": "Aggregate",
      "Strategy": "Plain",
      "Partial Mode": "Finalize",
      "Parallel Aware": false,
      "Startup Cost": 91100.08,
      "Total Cost": 91100.09,
      "Plan Rows": 1,
      "Plan Width": 8,
      "Actual Startup Time": 621.583,
      "Actual Total Time": 643.009,
      "Actual Rows": 1,
      "Actual Loops": 1,
      "Plans": [
        {
          "Node Type": "Gather",
          "Parent Relationship": "Outer",
          "Parallel Aware": false,
          "Startup Cost": 91099.76,
          "Total Cost": 91100.07,
          "Plan Rows": 3,
          "Plan Width": 8,
          "Actual Startup Time": 604.75,
          "Actual Total Time": 642.997,
          "Actual Rows": 4,
          "Actual Loops": 1,
          "Workers Planned": 3,
          "Workers Launched": 3,
          "Single Copy": false,
          "Plans": [
            {
              "Node Type": "Aggregate",
              "Strategy": "Plain",
              "Partial Mode": "Partial",
              "Parent Relationship": "Outer",
              "Parallel Aware": false,
              "Startup Cost": 90099.76,
              "Total Cost": 90099.77,
              "Plan Rows": 1,
              "Plan Width": 8,
              "Actual Startup Time": 587.542,
              "Actual Total Time": 587.547,
              "Actual Rows": 1,
              "Actual Loops": 4,
              "Plans": [
                {
                  "Node Type": "Hash Join",
                  "Parent Relationship": "Outer",
                  "Parallel Aware": true,
                  "Join Type": "Inner",
                  "Startup Cost": 62385.26,
                  "Total Cost": 89637.28,
                  "Plan Rows": 184993,
                  "Plan Width": 0,
                  "Actual Startup Time": 445.221,
                  "Actual Total Time": 578.773,
                  "Actual Rows": 145863,
                  "Actual Loops": 4,
                  "Inner Unique": true,
                  "Hash Cond": "(mk.movie_id = t.id)",
                  "Plans": [
                    {
                      "Node Type": "Bitmap Heap Scan",
                      "Parent Relationship": "Outer",
                      "Parallel Aware": true,
                      "Relation Name": "movie_keyword",
                      "Alias": "mk",
                      "Startup Cost": 12164.88,
                      "Total Cost": 38931.29,
                      "Plan Rows": 184993,
                      "Plan Width": 4,
                      "Actual Startup Time": 30.761,
                      "Actual Total Time": 98.16,
                      "Actual Rows": 145863,
                      "Actual Loops": 4,
                      "Recheck Cond": "(keyword_id < 414)",
                      "Rows Removed by Index Recheck": 0,
                      "Exact Heap Blocks": 8871,
                      "Lossy Heap Blocks": 0,
                      "Plans": [
                        {
                          "Node Type": "Bitmap Index Scan",
                          "Parent Relationship": "Outer",
                          "Parallel Aware": false,
                          "Index Name": "keyword_id_movie_keyword",
                          "Startup Cost": 0.0,
                          "Total Cost": 12021.51,
                          "Plan Rows": 573477,
                          "Plan Width": 0,
                          "Actual Startup Time": 27.247,
                          "Actual Total Time": 27.248,
                          "Actual Rows": 583452,
                          "Actual Loops": 1,
                          "Index Cond": "(keyword_id < 414)"
                        }
                      ]
                    },
                    {
                      "Node Type": "Hash",
                      "Parent Relationship": "Inner",
                      "Parallel Aware": true,
                      "Startup Cost": 42319.06,
                      "Total Cost": 42319.06,
                      "Plan Rows": 632106,
                      "Plan Width": 4,
                      "Actual Startup Time": 403.525,
                      "Actual Total Time": 403.526,
                      "Actual Rows": 632078,
                      "Actual Loops": 4,
                      "Hash Buckets": 4194304,
                      "Original Hash Buckets": 4194304,
                      "Hash Batches": 1,
                      "Original Hash Batches": 1,
                      "Peak Memory Usage": 131744,
                      "Plans": [
                        {
                          "Node Type": "Seq Scan",
                          "Parent Relationship": "Outer",
                          "Parallel Aware": true,
                          "Relation Name": "title",
                          "Alias": "t",
                          "Startup Cost": 0.0,
                          "Total Cost": 42319.06,
                          "Plan Rows": 632106,
                          "Plan Width": 4,
                          "Actual Startup Time": 0.041,
                          "Actual Total Time": 122.574,
                          "Actual Rows": 632078,
                          "Actual Loops": 4
                        }
                      ]
                    }
                  ]
                }
              ]
            }
          ]
        }
      ]
    },
    "Planning Time": 0.516,
    "Triggers": [],
    "Execution Time": 643.086
  }
]