[
  {
    "Plan": {
      "Node Type": "Aggregate",
      "Strategy": "Plain",
      "Partial Mode": "Finalize",
      "Parallel Aware": false,
      "Startup Cost": 90979.47,
      "Total Cost": 90979.48,
      "Plan Rows": 1,
      "Plan Width": 8,
      "Actual Startup Time": 513.82,
      "Actual Total Time": 531.092,
      "Actual Rows": 1,
      "Actual Loops": 1,
      "Plans": [
        {
          "Node Type": "Gather",
          "Parent Relationship": "Outer",
          "Parallel Aware": false,
          "Startup Cost": 90979.15,
          "Total Cost": 90979.46,
          "Plan Rows": 3,
          "Plan Width": 8,
          "Actual Startup Time": 505.462,
          "Actual Total Time": 531.081,
          "Actual Rows": 4,
          "Actual Loops": 1,
          "Workers Planned": 3,
          "Workers Launched": 3,
          "Single Copy": false,
          "Plans": [
            {
              "Node Type": "Aggregate",
              "Strategy": "Plain",
              "Partial Mode": "Partial",
              "Parent Relationship": "Outer",
              "Parallel Aware": false,
              "Startup Cost": 89979.15,
              "Total Cost": 89979.16,
              "Plan Rows": 1,
              "Plan Width": 8,
              "Actual Startup Time": 487.559,
              "Actual Total Time": 487.563,
              "Actual Rows": 1,
              "Actual Loops": 4,
              "Plans": [
                {
                  "Node Type": "Hash Join",
                  "Parent Relationship": "Outer",
                  "Parallel Aware": true,
                  "Join Type": "Inner",
                  "Startup Cost": 62289.99,
                  "Total Cost": 89520.26,
                  "Plan Rows": 183555,
                  "Plan Width": 0,
                  "Actual Startup Time": 368.751,
                  "Actual Total Time": 480.996,
                  "Actual Rows": 145863,
                  "Actual Loops": 4,
                  "Inner Unique": true,
                  "Hash Cond": "(mk.movie_id = t.id)",
                  "Plans": [
                    {
                      "Node Type": "Bitmap Heap Scan",
                      "Parent Relationship": "Outer",
                      "Parallel Aware": true,
                      "Relation Name": "movie_keyword",
                      "Alias": "mk",
                      "Startup Cost": 12070.35,
                      "Total Cost": 38818.78,
                      "Plan Rows": 183555,
                      "Plan Width": 4,
                      "Actual Startup Time": 30.001,
                      "Actual Total Time": 87.31,
                      "Actual Rows": 145863,
                      "Actual Loops": 4,
                      "Recheck Cond": "(keyword_id < 414)",
                      "Rows Removed by Index Recheck": 0,
                      "Exact Heap Blocks": 7572,
                      "Lossy Heap Blocks": 0,
                      "Plans": [
                        {
                          "Node Type": "Bitmap Index Scan",
                          "Parent Relationship": "Outer",
                          "Parallel Aware": false,
                          "Index Name": "keyword_id_movie_keyword",
                          "Startup Cost": 0.0,
                          "Total Cost": 11928.09,
                          "Plan Rows": 569021,
                          "Plan Width": 0,
                          "Actual Startup Time": 26.415,
                          "Actual Total Time": 26.415,
                          "Actual Rows": 583452,
                          "Actual Loops": 1,
                          "Index Cond": "(keyword_id < 414)"
                        }
                      ]
                    },
                    {
                      "Node Type": "Hash",
                      "Parent Relationship": "Inner",
                      "Parallel Aware": true,
                      "Startup Cost": 42318.73,
                      "Total Cost": 42318.73,
                      "Plan Rows": 632073,
                      "Plan Width": 4,
                      "Actual Startup Time": 327.634,
                      "Actual Total Time": 327.635,
                      "Actual Rows": 632078,
                      "Actual Loops": 4,
                      "Hash Buckets": 4194304,
                      "Original Hash Buckets": 4194304,
                      "Hash Batches": 1,
                      "Original Hash Batches": 1,
                      "Peak Memory Usage": 131776,
                      "Plans": [
                        {
                          "Node Type": "Seq Scan",
                          "Parent Relationship": "Outer",
                          "Parallel Aware": true,
                          "Relation Name": "title",
                          "Alias": "t",
                          "Startup Cost": 0.0,
                          "Total Cost": 42318.73,
                          "Plan Rows": 632073,
                          "Plan Width": 4,
                          "Actual Startup Time": 0.037,
                          "Actual Total Time": 96.351,
                          "Actual Rows": 632078,
                          "Actual Loops": 4
                        }
                      ]
                    }
                  ]
                }
              ]
            }
          ]
        }
      ]
    },
    "Planning Time": 0.585,
    "Triggers": [],
    "Execution Time": 531.176
  }
]