[
  {
    "Plan": {
      "Node Type": "Aggregate",
      "Strategy": "Plain",
      "Partial Mode": "Finalize",
      "Parallel Aware": false,
      "Startup Cost": 402306.6,
      "Total Cost": 402306.61,
      "Plan Rows": 1,
      "Plan Width": 8,
      "Actual Startup Time": 1398.059,
      "Actual Total Time": 1463.68,
      "Actual Rows": 1,
      "Actual Loops": 1,
      "Plans": [
        {
          "Node Type": "Gather",
          "Parent Relationship": "Outer",
          "Parallel Aware": false,
          "Startup Cost": 402305.97,
          "Total Cost": 402306.58,
          "Plan Rows": 6,
          "Plan Width": 8,
          "Actual Startup Time": 1388.899,
          "Actual Total Time": 1463.66,
          "Actual Rows": 7,
          "Actual Loops": 1,
          "Workers Planned": 6,
          "Workers Launched": 6,
          "Single Copy": false,
          "Plans": [
            {
              "Node Type": "Aggregate",
              "Strategy": "Plain",
              "Partial Mode": "Partial",
              "Parent Relationship": "Outer",
              "Parallel Aware": false,
              "Startup Cost": 401305.97,
              "Total Cost": 401305.98,
              "Plan Rows": 1,
              "Plan Width": 8,
              "Actual Startup Time": 1373.414,
              "Actual Total Time": 1373.417,
              "Actual Rows": 1,
              "Actual Loops": 7,
              "Plans": [
                {
                  "Node Type": "Hash Join",
                  "Parent Relationship": "Outer",
                  "Parallel Aware": true,
                  "Join Type": "Inner",
                  "Startup Cost": 49407.22,
                  "Total Cost": 398529.02,
                  "Plan Rows": 1110782,
                  "Plan Width": 0,
                  "Actual Startup Time": 531.888,
                  "Actual Total Time": 1338.168,
                  "Actual Rows": 783324,
                  "Actual Loops": 7,
                  "Inner Unique": true,
                  "Hash Cond": "(ci.movie_id = t.id)",
                  "Plans": [
                    {
                      "Node Type": "Seq Scan",
                      "Parent Relationship": "Outer",
                      "Parallel Aware": true,
                      "Relation Name": "cast_info",
                      "Alias": "ci",
                      "Startup Cost": 0.0,
                      "Total Cost": 343257.03,
                      "Plan Rows": 2234192,
                      "Plan Width": 4,
                      "Actual Startup Time": 344.168,
                      "Actual Total Time": 660.805,
                      "Actual Rows": 1385108,
                      "Actual Loops": 7,
                      "Filter": "((person_id < 3012490) AND (role_id > 2))",
                      "Rows Removed by Filter": 3792656
                    },
                    {
                      "Node Type": "Hash",
                      "Parent Relationship": "Inner",
                      "Parallel Aware": true,
                      "Startup Cost": 45479.1,
                      "Total Cost": 45479.1,
                      "Plan Rows": 314250,
                      "Plan Width": 4,
                      "Actual Startup Time": 182.601,
                      "Actual Total Time": 182.602,
                      "Actual Rows": 196461,
                      "Actual Loops": 7,
                      "Hash Buckets": 2097152,
                      "Original Hash Buckets": 2097152,
                      "Hash Batches": 1,
                      "Original Hash Batches": 1,
                      "Peak Memory Usage": 70304,
                      "Plans": [
                        {
                          "Node Type": "Seq Scan",
                          "Parent Relationship": "Outer",
                          "Parallel Aware": true,
                          "Relation Name": "title",
                          "Alias": "t",
                          "Startup Cost": 0.0,
                          "Total Cost": 45479.1,
                          "Plan Rows": 314250,
                          "Plan Width": 4,
                          "Actual Startup Time": 0.042,
                          "Actual Total Time": 81.689,
                          "Actual Rows": 196461,
                          "Actual Loops": 7,
                          "Filter": "((kind_id > 1) AND (production_year > 1992))",
                          "Rows Removed by Filter": 164726
                        }
                      ]
                    }
                  ]
                }
              ]
            }
          ]
        }
      ]
    },
    "Planning Time": 0.636,
    "Triggers": [],
    "Execution Time": 1463.824
  }
]