[
    {
        "Bao": {
            "Bao prediction": 665.816,
            "Bao recommended hint": "(no hint)"
        }
    },
    {
        "Plan": {
            "Node Type": "Aggregate",
            "Strategy": "Plain",
            "Partial Mode": "Finalize",
            "Parallel Aware": false,
            "Startup Cost": 32157.81,
            "Total Cost": 32157.82,
            "Plan Rows": 1,
            "Plan Width": 8,
            "Actual Startup Time": 102.952,
            "Actual Total Time": 109.676,
            "Actual Rows": 1,
            "Actual Loops": 1,
            "Output": [
                "count(*)"
            ],
            "Plans": [
                {
                    "Node Type": "Gather",
                    "Parent Relationship": "Outer",
                    "Parallel Aware": false,
                    "Startup Cost": 32157.5,
                    "Total Cost": 32157.81,
                    "Plan Rows": 3,
                    "Plan Width": 8,
                    "Actual Startup Time": 102.683,
                    "Actual Total Time": 109.667,
                    "Actual Rows": 4,
                    "Actual Loops": 1,
                    "Output": [
                        "(PARTIAL count(*))"
                    ],
                    "Workers Planned": 3,
                    "Workers Launched": 3,
                    "Single Copy": false,
                    "Plans": [
                        {
                            "Node Type": "Aggregate",
                            "Strategy": "Plain",
                            "Partial Mode": "Partial",
                            "Parent Relationship": "Outer",
                            "Parallel Aware": false,
                            "Startup Cost": 31157.5,
                            "Total Cost": 31157.51,
                            "Plan Rows": 1,
                            "Plan Width": 8,
                            "Actual Startup Time": 94.476,
                            "Actual Total Time": 94.478,
                            "Actual Rows": 1,
                            "Actual Loops": 4,
                            "Output": [
                                "PARTIAL count(*)"
                            ],
                            "Workers": [
                                {
                                    "Worker Number": 0,
                                    "Actual Startup Time": 91.747,
                                    "Actual Total Time": 91.749,
                                    "Actual Rows": 1,
                                    "Actual Loops": 1
                                },
                                {
                                    "Worker Number": 1,
                                    "Actual Startup Time": 91.859,
                                    "Actual Total Time": 91.86,
                                    "Actual Rows": 1,
                                    "Actual Loops": 1
                                },
                                {
                                    "Worker Number": 2,
                                    "Actual Startup Time": 92.179,
                                    "Actual Total Time": 92.181,
                                    "Actual Rows": 1,
                                    "Actual Loops": 1
                                }
                            ],
                            "Plans": [
                                {
                                    "Node Type": "Bitmap Heap Scan",
                                    "Parent Relationship": "Outer",
                                    "Parallel Aware": true,
                                    "Relation Name": "movie_companies",
                                    "Schema": "public",
                                    "Alias": "mc",
                                    "Startup Cost": 9944.61,
                                    "Total Cost": 30967.74,
                                    "Plan Rows": 75902,
                                    "Plan Width": 0,
                                    "Actual Startup Time": 76.227,
                                    "Actual Total Time": 92.796,
                                    "Actual Rows": 27861,
                                    "Actual Loops": 4,
                                    "Recheck Cond": "(mc.company_id < 382)",
                                    "Rows Removed by Index Recheck": 0,
                                    "Filter": "(mc.company_type_id = 2)",
                                    "Rows Removed by Filter": 85594,
                                    "Exact Heap Blocks": 10249,
                                    "Lossy Heap Blocks": 0,
                                    "Workers": [
                                        {
                                            "Worker Number": 0,
                                            "Actual Startup Time": 73.503,
                                            "Actual Total Time": 90.138,
                                            "Actual Rows": 21565,
                                            "Actual Loops": 1
                                        },
                                        {
                                            "Worker Number": 1,
                                            "Actual Startup Time": 73.609,
                                            "Actual Total Time": 90.333,
                                            "Actual Rows": 20663,
                                            "Actual Loops": 1
                                        },
                                        {
                                            "Worker Number": 2,
                                            "Actual Startup Time": 73.931,
                                            "Actual Total Time": 90.58,
                                            "Actual Rows": 21363,
                                            "Actual Loops": 1
                                        }
                                    ],
                                    "Plans": [
                                        {
                                            "Node Type": "Bitmap Index Scan",
                                            "Parent Relationship": "Outer",
                                            "Parallel Aware": false,
                                            "Index Name": "company_id_movie_companies",
                                            "Startup Cost": 0.0,
                                            "Total Cost": 9885.78,
                                            "Plan Rows": 461514,
                                            "Plan Width": 0,
                                            "Actual Startup Time": 41.68,
                                            "Actual Total Time": 41.681,
                                            "Actual Rows": 453820,
                                            "Actual Loops": 1,
                                            "Index Cond": "(mc.company_id < 382)"
                                        }
                                    ]
                                }
                            ]
                        }
                    ]
                }
            ]
        },
        "Planning Time": 648.209,
        "Triggers": [],
        "Execution Time": 109.775
    }
]