[
  {
    "Plan": {
      "Node Type": "Aggregate",
      "Strategy": "Plain",
      "Partial Mode": "Finalize",
      "Parallel Aware": false,
      "Startup Cost": 44883.61,
      "Total Cost": 44883.62,
      "Plan Rows": 1,
      "Plan Width": 8,
      "Actual Startup Time": 159.093,
      "Actual Total Time": 169.189,
      "Actual Rows": 1,
      "Actual Loops": 1,
      "Plans": [
        {
          "Node Type": "Gather",
          "Parent Relationship": "Outer",
          "Parallel Aware": false,
          "Startup Cost": 44883.29,
          "Total Cost": 44883.6,
          "Plan Rows": 3,
          "Plan Width": 8,
          "Actual Startup Time": 158.989,
          "Actual Total Time": 169.177,
          "Actual Rows": 4,
          "Actual Loops": 1,
          "Workers Planned": 3,
          "Workers Launched": 3,
          "Single Copy": false,
          "Plans": [
            {
              "Node Type": "Aggregate",
              "Strategy": "Plain",
              "Partial Mode": "Partial",
              "Parent Relationship": "Outer",
              "Parallel Aware": false,
              "Startup Cost": 43883.29,
              "Total Cost": 43883.3,
              "Plan Rows": 1,
              "Plan Width": 8,
              "Actual Startup Time": 151.652,
              "Actual Total Time": 151.654,
              "Actual Rows": 1,
              "Actual Loops": 4,
              "Plans": [
                {
                  "Node Type": "Seq Scan",
                  "Parent Relationship": "Outer",
                  "Parallel Aware": true,
                  "Relation Name": "movie_keyword",
                  "Alias": "mk",
                  "Startup Cost": 0.0,
                  "Total Cost": 42695.65,
                  "Plan Rows": 475054,
                  "Plan Width": 0,
                  "Actual Startup Time": 1.796,
                  "Actual Total Time": 129.304,
                  "Actual Rows": 366017,
                  "Actual Loops": 4,
                  "Filter": "(keyword_id > 11308)",
                  "Rows Removed by Filter": 764965
                }
              ]
            }
          ]
        }
      ]
    },
    "Planning Time": 0.198,
    "Triggers": [],
    "Execution Time": 169.247
  }
]