[
  {
    "Plan": {
      "Node Type": "Aggregate",
      "Strategy": "Plain",
      "Partial Mode": "Finalize",
      "Parallel Aware": false,
      "Startup Cost": 351426.31,
      "Total Cost": 351426.32,
      "Plan Rows": 1,
      "Plan Width": 8,
      "Actual Startup Time": 442.838,
      "Actual Total Time": 512.014,
      "Actual Rows": 1,
      "Actual Loops": 1,
      "Plans": [
        {
          "Node Type": "Gather",
          "Parent Relationship": "Outer",
          "Parallel Aware": false,
          "Startup Cost": 351425.89,
          "Total Cost": 351426.3,
          "Plan Rows": 4,
          "Plan Width": 8,
          "Actual Startup Time": 442.672,
          "Actual Total Time": 512.004,
          "Actual Rows": 5,
          "Actual Loops": 1,
          "Workers Planned": 4,
          "Workers Launched": 4,
          "Single Copy": false,
          "Plans": [
            {
              "Node Type": "Aggregate",
              "Strategy": "Plain",
              "Partial Mode": "Partial",
              "Parent Relationship": "Outer",
              "Parallel Aware": false,
              "Startup Cost": 350425.89,
              "Total Cost": 350425.9,
              "Plan Rows": 1,
              "Plan Width": 8,
              "Actual Startup Time": 436.701,
              "Actual Total Time": 436.703,
              "Actual Rows": 1,
              "Actual Loops": 5,
              "Plans": [
                {
                  "Node Type": "Nested Loop",
                  "Parent Relationship": "Outer",
                  "Parallel Aware": false,
                  "Join Type": "Inner",
                  "Startup Cost": 0.56,
                  "Total Cost": 350264.15,
                  "Plan Rows": 64697,
                  "Plan Width": 0,
                  "Actual Startup Time": 0.43,
                  "Actual Total Time": 431.962,
                  "Actual Rows": 46154,
                  "Actual Loops": 5,
                  "Inner Unique": false,
                  "Plans": [
                    {
                      "Node Type": "Seq Scan",
                      "Parent Relationship": "Outer",
                      "Parallel Aware": true,
                      "Relation Name": "title",
                      "Alias": "t",
                      "Startup Cost": 0.0,
                      "Total Cost": 45479.59,
                      "Plan Rows": 10537,
                      "Plan Width": 4,
                      "Actual Startup Time": 0.274,
                      "Actual Total Time": 75.484,
                      "Actual Rows": 5956,
                      "Actual Loops": 5,
                      "Filter": "((kind_id < 4) AND (production_year = 2008))",
                      "Rows Removed by Filter": 499707
                    },
                    {
                      "Node Type": "Index Scan",
                      "Parent Relationship": "Inner",
                      "Parallel Aware": false,
                      "Scan Direction": "Forward",
                      "Index Name": "movie_id_cast_info",
                      "Relation Name": "cast_info",
                      "Alias": "ci",
                      "Startup Cost": 0.56,
                      "Total Cost": 28.78,
                      "Plan Rows": 15,
                      "Plan Width": 4,
                      "Actual Startup Time": 0.013,
                      "Actual Total Time": 0.058,
                      "Actual Rows": 8,
                      "Actual Loops": 29779,
                      "Index Cond": "(movie_id = t.id)",
                      "Rows Removed by Index Recheck": 0,
                      "Filter": "((person_id < 1984927) AND (role_id < 8))",
                      "Rows Removed by Filter": 10
                    }
                  ]
                }
              ]
            }
          ]
        }
      ]
    },
    "Planning Time": 0.279,
    "Triggers": [],
    "Execution Time": 512.073
  }
]