[
  {
    "Plan": {
      "Node Type": "Aggregate",
      "Strategy": "Plain",
      "Partial Mode": "Finalize",
      "Parallel Aware": false,
      "Startup Cost": 47319.38,
      "Total Cost": 47319.39,
      "Plan Rows": 1,
      "Plan Width": 8,
      "Actual Startup Time": 178.661,
      "Actual Total Time": 187.99,
      "Actual Rows": 1,
      "Actual Loops": 1,
      "Plans": [
        {
          "Node Type": "Gather",
          "Parent Relationship": "Outer",
          "Parallel Aware": false,
          "Startup Cost": 47319.06,
          "Total Cost": 47319.37,
          "Plan Rows": 3,
          "Plan Width": 8,
          "Actual Startup Time": 178.465,
          "Actual Total Time": 187.981,
          "Actual Rows": 4,
          "Actual Loops": 1,
          "Workers Planned": 3,
          "Workers Launched": 3,
          "Single Copy": false,
          "Plans": [
            {
              "Node Type": "Aggregate",
              "Strategy": "Plain",
              "Partial Mode": "Partial",
              "Parent Relationship": "Outer",
              "Parallel Aware": false,
              "Startup Cost": 46319.06,
              "Total Cost": 46319.07,
              "Plan Rows": 1,
              "Plan Width": 8,
              "Actual Startup Time": 172.256,
              "Actual Total Time": 172.257,
              "Actual Rows": 1,
              "Actual Loops": 4,
              "Plans": [
                {
                  "Node Type": "Seq Scan",
                  "Parent Relationship": "Outer",
                  "Parallel Aware": true,
                  "Relation Name": "movie_keyword",
                  "Alias": "mk",
                  "Startup Cost": 0.0,
                  "Total Cost": 42695.65,
                  "Plan Rows": 1449364,
                  "Plan Width": 0,
                  "Actual Startup Time": 0.048,
                  "Actual Total Time": 123.11,
                  "Actual Rows": 1124325,
                  "Actual Loops": 4,
                  "Filter": "(keyword_id > 21)",
                  "Rows Removed by Filter": 6658
                }
              ]
            }
          ]
        }
      ]
    },
    "Planning Time": 0.294,
    "Triggers": [],
    "Execution Time": 188.042
  }
]