[
  {
    "Plan": {
      "Node Type": "Aggregate",
      "Strategy": "Plain",
      "Partial Mode": "Finalize",
      "Parallel Aware": false,
      "Startup Cost": 89689.4,
      "Total Cost": 89689.41,
      "Plan Rows": 1,
      "Plan Width": 8,
      "Actual Startup Time": 307.794,
      "Actual Total Time": 327.432,
      "Actual Rows": 1,
      "Actual Loops": 1,
      "Plans": [
        {
          "Node Type": "Gather",
          "Parent Relationship": "Outer",
          "Parallel Aware": false,
          "Startup Cost": 89689.08,
          "Total Cost": 89689.39,
          "Plan Rows": 3,
          "Plan Width": 8,
          "Actual Startup Time": 306.293,
          "Actual Total Time": 327.406,
          "Actual Rows": 4,
          "Actual Loops": 1,
          "Workers Planned": 3,
          "Workers Launched": 3,
          "Single Copy": false,
          "Plans": [
            {
              "Node Type": "Aggregate",
              "Strategy": "Plain",
              "Partial Mode": "Partial",
              "Parent Relationship": "Outer",
              "Parallel Aware": false,
              "Startup Cost": 88689.08,
              "Total Cost": 88689.09,
              "Plan Rows": 1,
              "Plan Width": 8,
              "Actual Startup Time": 297.58,
              "Actual Total Time": 297.583,
              "Actual Rows": 1,
              "Actual Loops": 4,
              "Plans": [
                {
                  "Node Type": "Hash Join",
                  "Parent Relationship": "Outer",
                  "Parallel Aware": true,
                  "Join Type": "Inner",
                  "Startup Cost": 45121.09,
                  "Total Cost": 88577.07,
                  "Plan Rows": 44805,
                  "Plan Width": 0,
                  "Actual Startup Time": 149.05,
                  "Actual Total Time": 296.679,
                  "Actual Rows": 13072,
                  "Actual Loops": 4,
                  "Inner Unique": true,
                  "Hash Cond": "(mk.movie_id = t.id)",
                  "Plans": [
                    {
                      "Node Type": "Seq Scan",
                      "Parent Relationship": "Outer",
                      "Parallel Aware": true,
                      "Relation Name": "movie_keyword",
                      "Alias": "mk",
                      "Startup Cost": 0.0,
                      "Total Cost": 42695.65,
                      "Plan Rows": 289648,
                      "Plan Width": 4,
                      "Actual Startup Time": 0.029,
                      "Actual Total Time": 107.856,
                      "Actual Rows": 226504,
                      "Actual Loops": 4,
                      "Filter": "(keyword_id < 865)",
                      "Rows Removed by Filter": 904479
                    },
                    {
                      "Node Type": "Hash",
                      "Parent Relationship": "Inner",
                      "Parallel Aware": true,
                      "Startup Cost": 43898.92,
                      "Total Cost": 43898.92,
                      "Plan Rows": 97774,
                      "Plan Width": 4,
                      "Actual Startup Time": 145.156,
                      "Actual Total Time": 145.157,
                      "Actual Rows": 97916,
                      "Actual Loops": 4,
                      "Hash Buckets": 524288,
                      "Original Hash Buckets": 524288,
                      "Hash Batches": 1,
                      "Original Hash Batches": 1,
                      "Peak Memory Usage": 19488,
                      "Plans": [
                        {
                          "Node Type": "Seq Scan",
                          "Parent Relationship": "Outer",
                          "Parallel Aware": true,
                          "Relation Name": "title",
                          "Alias": "t",
                          "Startup Cost": 0.0,
                          "Total Cost": 43898.92,
                          "Plan Rows": 97774,
                          "Plan Width": 4,
                          "Actual Startup Time": 0.043,
                          "Actual Total Time": 107.426,
                          "Actual Rows": 97916,
                          "Actual Loops": 4,
                          "Filter": "(production_year > 2010)",
                          "Rows Removed by Filter": 534162
                        }
                      ]
                    }
                  ]
                }
              ]
            }
          ]
        }
      ]
    },
    "Planning Time": 0.585,
    "Triggers": [],
    "Execution Time": 327.494
  }
]