[
  {
    "Bao": {
      "Bao prediction": 601.465,
      "Bao recommended hint": "SET enable_nestloop TO off; SET enable_hashjoin TO off; "
    }
  },
  {
    "Plan": {
      "Node Type": "Aggregate",
      "Strategy": "Plain",
      "Partial Mode": "Simple",
      "Parallel Aware": false,
      "Startup Cost": 1453672.46,
      "Total Cost": 1453672.47,
      "Plan Rows": 1,
      "Plan Width": 96,
      "Actual Startup Time": 5437.132,
      "Actual Total Time": 5437.317,
      "Actual Rows": 1,
      "Actual Loops": 1,
      "Plans": [
        {
          "Node Type": "Merge Join",
          "Parent Relationship": "Outer",
          "Parallel Aware": false,
          "Join Type": "Inner",
          "Startup Cost": 1333716.51,
          "Total Cost": 1453672.45,
          "Plan Rows": 1,
          "Plan Width": 48,
          "Actual Startup Time": 4429.755,
          "Actual Total Time": 5437.263,
          "Actual Rows": 88,
          "Actual Loops": 1,
          "Inner Unique": false,
          "Merge Cond": "(t.id = mk.movie_id)",
          "Plans": [
            {
              "Node Type": "Merge Join",
              "Parent Relationship": "Outer",
              "Parallel Aware": false,
              "Join Type": "Inner",
              "Startup Cost": 1133288.39,
              "Total Cost": 1253358.42,
              "Plan Rows": 1994,
              "Plan Width": 40,
              "Actual Startup Time": 3625.737,
              "Actual Total Time": 4794.692,
              "Actual Rows": 306,
              "Actual Loops": 1,
              "Inner Unique": false,
              "Merge Cond": "(t.id = ci.movie_id)",
              "Plans": [
                {
                  "Node Type": "Index Scan",
                  "Parent Relationship": "Outer",
                  "Parallel Aware": false,
                  "Scan Direction": "Forward",
                  "Index Name": "title_pkey",
                  "Relation Name": "title",
                  "Alias": "t",
                  "Startup Cost": 0.43,
                  "Total Cost": 116680.33,
                  "Plan Rows": 1389987,
                  "Plan Width": 21,
                  "Actual Startup Time": 0.064,
                  "Actual Total Time": 1143.188,
                  "Actual Rows": 1378921,
                  "Actual Loops": 1,
                  "Filter": "(production_year > 2000)",
                  "Rows Removed by Filter": 1141453
                },
                {
                  "Node Type": "Sort",
                  "Parent Relationship": "Inner",
                  "Parallel Aware": false,
                  "Startup Cost": 1133285.11,
                  "Total Cost": 1133294.18,
                  "Plan Rows": 3628,
                  "Plan Width": 19,
                  "Actual Startup Time": 3582.123,
                  "Actual Total Time": 3582.364,
                  "Actual Rows": 486,
                  "Actual Loops": 1,
                  "Sort Key": [
                    "ci.movie_id"
                  ],
                  "Sort Method": "quicksort",
                  "Sort Space Used": 62,
                  "Sort Space Type": "Memory",
                  "Plans": [
                    {
                      "Node Type": "Gather",
                      "Parent Relationship": "Outer",
                      "Parallel Aware": false,
                      "Startup Cost": 1102485.46,
                      "Total Cost": 1133070.6,
                      "Plan Rows": 3628,
                      "Plan Width": 19,
                      "Actual Startup Time": 3323.02,
                      "Actual Total Time": 3581.971,
                      "Actual Rows": 486,
                      "Actual Loops": 1,
                      "Workers Planned": 6,
                      "Workers Launched": 6,
                      "Single Copy": false,
                      "Plans": [
                        {
                          "Node Type": "Merge Join",
                          "Parent Relationship": "Outer",
                          "Parallel Aware": false,
                          "Join Type": "Inner",
                          "Startup Cost": 1101485.46,
                          "Total Cost": 1131707.8,
                          "Plan Rows": 605,
                          "Plan Width": 19,
                          "Actual Startup Time": 3307.817,
                          "Actual Total Time": 3307.833,
                          "Actual Rows": 69,
                          "Actual Loops": 7,
                          "Inner Unique": true,
                          "Merge Cond": "(ci.person_id = n.id)",
                          "Plans": [
                            {
                              "Node Type": "Sort",
                              "Parent Relationship": "Outer",
                              "Parallel Aware": false,
                              "Startup Cost": 993761.51,
                              "Total Cost": 1008868.93,
                              "Plan Rows": 6042971,
                              "Plan Width": 8,
                              "Actual Startup Time": 2705.625,
                              "Actual Total Time": 2731.569,
                              "Actual Rows": 614802,
                              "Actual Loops": 7,
                              "Sort Key": [
                                "ci.person_id"
                              ],
                              "Sort Method": "quicksort",
                              "Sort Space Used": 441124,
                              "Sort Space Type": "Memory",
                              "Workers": [
                                {
                                  "Worker Number": 0,
                                  "Sort Method": "quicksort",
                                  "Sort Space Used": 420505,
                                  "Sort Space Type": "Memory"
                                },
                                {
                                  "Worker Number": 1,
                                  "Sort Method": "quicksort",
                                  "Sort Space Used": 416173,
                                  "Sort Space Type": "Memory"
                                },
                                {
                                  "Worker Number": 2,
                                  "Sort Method": "quicksort",
                                  "Sort Space Used": 413958,
                                  "Sort Space Type": "Memory"
                                },
                                {
                                  "Worker Number": 3,
                                  "Sort Method": "quicksort",
                                  "Sort Space Used": 421354,
                                  "Sort Space Type": "Memory"
                                },
                                {
                                  "Worker Number": 4,
                                  "Sort Method": "quicksort",
                                  "Sort Space Used": 419319,
                                  "Sort Space Type": "Memory"
                                },
                                {
                                  "Worker Number": 5,
                                  "Sort Method": "quicksort",
                                  "Sort Space Used": 542779,
                                  "Sort Space Type": "Memory"
                                }
                              ],
                              "Plans": [
                                {
                                  "Node Type": "Seq Scan",
                                  "Parent Relationship": "Outer",
                                  "Parallel Aware": true,
                                  "Relation Name": "cast_info",
                                  "Alias": "ci",
                                  "Startup Cost": 0.0,
                                  "Total Cost": 313116.71,
                                  "Plan Rows": 6042971,
                                  "Plan Width": 8,
                                  "Actual Startup Time": 0.075,
                                  "Actual Total Time": 924.283,
                                  "Actual Rows": 5177763,
                                  "Actual Loops": 7
                                }
                              ]
                            },
                            {
                              "Node Type": "Sort",
                              "Parent Relationship": "Inner",
                              "Parallel Aware": false,
                              "Startup Cost": 107723.36,
                              "Total Cost": 107724.4,
                              "Plan Rows": 417,
                              "Plan Width": 19,
                              "Actual Startup Time": 545.355,
                              "Actual Total Time": 545.356,
                              "Actual Rows": 2,
                              "Actual Loops": 7,
                              "Sort Key": [
                                "n.id"
                              ],
                              "Sort Method": "quicksort",
                              "Sort Space Used": 25,
                              "Sort Space Type": "Memory",
                              "Workers": [
                                {
                                  "Worker Number": 0,
                                  "Sort Method": "quicksort",
                                  "Sort Space Used": 25,
                                  "Sort Space Type": "Memory"
                                },
                                {
                                  "Worker Number": 1,
                                  "Sort Method": "quicksort",
                                  "Sort Space Used": 25,
                                  "Sort Space Type": "Memory"
                                },
                                {
                                  "Worker Number": 2,
                                  "Sort Method": "quicksort",
                                  "Sort Space Used": 25,
                                  "Sort Space Type": "Memory"
                                },
                                {
                                  "Worker Number": 3,
                                  "Sort Method": "quicksort",
                                  "Sort Space Used": 25,
                                  "Sort Space Type": "Memory"
                                },
                                {
                                  "Worker Number": 4,
                                  "Sort Method": "quicksort",
                                  "Sort Space Used": 25,
                                  "Sort Space Type": "Memory"
                                },
                                {
                                  "Worker Number": 5,
                                  "Sort Method": "quicksort",
                                  "Sort Space Used": 25,
                                  "Sort Space Type": "Memory"
                                }
                              ],
                              "Plans": [
                                {
                                  "Node Type": "Seq Scan",
                                  "Parent Relationship": "Outer",
                                  "Parallel Aware": false,
                                  "Relation Name": "name",
                                  "Alias": "n",
                                  "Startup Cost": 0.0,
                                  "Total Cost": 107705.21,
                                  "Plan Rows": 417,
                                  "Plan Width": 19,
                                  "Actual Startup Time": 62.618,
                                  "Actual Total Time": 545.319,
                                  "Actual Rows": 2,
                                  "Actual Loops": 7,
                                  "Filter": "(name ~~ '%Downey%Robert%'::text)",
                                  "Rows Removed by Filter": 4167489
                                }
                              ]
                            }
                          ]
                        }
                      ]
                    }
                  ]
                }
              ]
            },
            {
              "Node Type": "Sort",
              "Parent Relationship": "Inner",
              "Parallel Aware": false,
              "Startup Cost": 200428.12,
              "Total Cost": 200428.8,
              "Plan Rows": 270,
              "Plan Width": 20,
              "Actual Startup Time": 633.551,
              "Actual Total Time": 639.163,
              "Actual Rows": 35351,
              "Actual Loops": 1,
              "Sort Key": [
                "mk.movie_id"
              ],
              "Sort Method": "quicksort",
              "Sort Space Used": 3278,
              "Sort Space Type": "Memory",
              "Plans": [
                {
                  "Node Type": "Gather",
                  "Parent Relationship": "Outer",
                  "Parallel Aware": false,
                  "Startup Cost": 193118.47,
                  "Total Cost": 200417.22,
                  "Plan Rows": 270,
                  "Plan Width": 20,
                  "Actual Startup Time": 474.642,
                  "Actual Total Time": 625.54,
                  "Actual Rows": 35548,
                  "Actual Loops": 1,
                  "Workers Planned": 3,
                  "Workers Launched": 3,
                  "Single Copy": false,
                  "Plans": [
                    {
                      "Node Type": "Merge Join",
                      "Parent Relationship": "Outer",
                      "Parallel Aware": false,
                      "Join Type": "Inner",
                      "Startup Cost": 192118.47,
                      "Total Cost": 199390.22,
                      "Plan Rows": 87,
                      "Plan Width": 20,
                      "Actual Startup Time": 452.623,
                      "Actual Total Time": 592.206,
                      "Actual Rows": 8887,
                      "Actual Loops": 4,
                      "Inner Unique": true,
                      "Merge Cond": "(mk.keyword_id = k.id)",
                      "Plans": [
                        {
                          "Node Type": "Sort",
                          "Parent Relationship": "Outer",
                          "Parallel Aware": false,
                          "Startup Cost": 188460.13,
                          "Total Cost": 192108.46,
                          "Plan Rows": 1459332,
                          "Plan Width": 8,
                          "Actual Startup Time": 395.382,
                          "Actual Total Time": 515.48,
                          "Actual Rows": 699234,
                          "Actual Loops": 4,
                          "Sort Key": [
                            "mk.keyword_id"
                          ],
                          "Sort Method": "quicksort",
                          "Sort Space Used": 108798,
                          "Sort Space Type": "Memory",
                          "Workers": [
                            {
                              "Worker Number": 0,
                              "Sort Method": "quicksort",
                              "Sort Space Used": 73330,
                              "Sort Space Type": "Memory"
                            },
                            {
                              "Worker Number": 1,
                              "Sort Method": "quicksort",
                              "Sort Space Used": 101097,
                              "Sort Space Type": "Memory"
                            },
                            {
                              "Worker Number": 2,
                              "Sort Method": "quicksort",
                              "Sort Space Used": 100869,
                              "Sort Space Type": "Memory"
                            }
                          ],
                          "Plans": [
                            {
                              "Node Type": "Seq Scan",
                              "Parent Relationship": "Outer",
                              "Parallel Aware": true,
                              "Relation Name": "movie_keyword",
                              "Alias": "mk",
                              "Startup Cost": 0.0,
                              "Total Cost": 39047.32,
                              "Plan Rows": 1459332,
                              "Plan Width": 8,
                              "Actual Startup Time": 0.06,
                              "Actual Total Time": 128.186,
                              "Actual Rows": 1130982,
                              "Actual Loops": 4
                            }
                          ]
                        },
                        {
                          "Node Type": "Sort",
                          "Parent Relationship": "Inner",
                          "Parallel Aware": false,
                          "Startup Cost": 3632.52,
                          "Total Cost": 3632.54,
                          "Plan Rows": 8,
                          "Plan Width": 20,
                          "Actual Startup Time": 23.346,
                          "Actual Total Time": 23.349,
                          "Actual Rows": 8,
                          "Actual Loops": 4,
                          "Sort Key": [
                            "k.id"
                          ],
                          "Sort Method": "quicksort",
                          "Sort Space Used": 25,
                          "Sort Space Type": "Memory",
                          "Workers": [
                            {
                              "Worker Number": 0,
                              "Sort Method": "quicksort",
                              "Sort Space Used": 25,
                              "Sort Space Type": "Memory"
                            },
                            {
                              "Worker Number": 1,
                              "Sort Method": "quicksort",
                              "Sort Space Used": 25,
                              "Sort Space Type": "Memory"
                            },
                            {
                              "Worker Number": 2,
                              "Sort Method": "quicksort",
                              "Sort Space Used": 25,
                              "Sort Space Type": "Memory"
                            }
                          ],
                          "Plans": [
                            {
                              "Node Type": "Seq Scan",
                              "Parent Relationship": "Outer",
                              "Parallel Aware": false,
                              "Relation Name": "keyword",
                              "Alias": "k",
                              "Startup Cost": 0.0,
                              "Total Cost": 3632.4,
                              "Plan Rows": 8,
                              "Plan Width": 20,
                              "Actual Startup Time": 0.132,
                              "Actual Total Time": 23.329,
                              "Actual Rows": 8,
                              "Actual Loops": 4,
                              "Filter": "(keyword = ANY ('{superhero,sequel,second-part,marvel-comics,based-on-comic,tv-special,fight,violence}'::text[]))",
                              "Rows Removed by Filter": 134162
                            }
                          ]
                        }
                      ]
                    }
                  ]
                }
              ]
            }
          ]
        }
      ]
    },
    "Planning Time": 395.481,
    "Triggers": [],
    "Execution Time": 5470.152
  }
]