[
  {
    "Plan": {
      "Node Type": "Aggregate",
      "Strategy": "Plain",
      "Partial Mode": "Finalize",
      "Parallel Aware": false,
      "Startup Cost": 61892.42,
      "Total Cost": 61892.43,
      "Plan Rows": 1,
      "Plan Width": 8,
      "Actual Startup Time": 196.159,
      "Actual Total Time": 209.962,
      "Actual Rows": 1,
      "Actual Loops": 1,
      "Plans": [
        {
          "Node Type": "Gather",
          "Parent Relationship": "Outer",
          "Parallel Aware": false,
          "Startup Cost": 61892.2,
          "Total Cost": 61892.41,
          "Plan Rows": 2,
          "Plan Width": 8,
          "Actual Startup Time": 195.832,
          "Actual Total Time": 209.952,
          "Actual Rows": 3,
          "Actual Loops": 1,
          "Workers Planned": 2,
          "Workers Launched": 2,
          "Single Copy": false,
          "Plans": [
            {
              "Node Type": "Aggregate",
              "Strategy": "Plain",
              "Partial Mode": "Partial",
              "Parent Relationship": "Outer",
              "Parallel Aware": false,
              "Startup Cost": 60892.2,
              "Total Cost": 60892.21,
              "Plan Rows": 1,
              "Plan Width": 8,
              "Actual Startup Time": 188.299,
              "Actual Total Time": 188.302,
              "Actual Rows": 1,
              "Actual Loops": 3,
              "Plans": [
                {
                  "Node Type": "Hash Join",
                  "Parent Relationship": "Outer",
                  "Parallel Aware": true,
                  "Join Type": "Inner",
                  "Startup Cost": 45664.0,
                  "Total Cost": 60858.56,
                  "Plan Rows": 13457,
                  "Plan Width": 0,
                  "Actual Startup Time": 115.602,
                  "Actual Total Time": 188.025,
                  "Actual Rows": 6070,
                  "Actual Loops": 3,
                  "Inner Unique": true,
                  "Hash Cond": "(mi_idx.movie_id = t.id)",
                  "Plans": [
                    {
                      "Node Type": "Seq Scan",
                      "Parent Relationship": "Outer",
                      "Parallel Aware": true,
                      "Relation Name": "movie_info_idx",
                      "Alias": "mi_idx",
                      "Startup Cost": 0.0,
                      "Total Cost": 13685.15,
                      "Plan Rows": 575015,
                      "Plan Width": 4,
                      "Actual Startup Time": 0.022,
                      "Actual Total Time": 32.743,
                      "Actual Rows": 460012,
                      "Actual Loops": 3
                    },
                    {
                      "Node Type": "Hash",
                      "Parent Relationship": "Inner",
                      "Parallel Aware": true,
                      "Startup Cost": 45479.1,
                      "Total Cost": 45479.1,
                      "Plan Rows": 14792,
                      "Plan Width": 4,
                      "Actual Startup Time": 114.053,
                      "Actual Total Time": 114.054,
                      "Actual Rows": 20917,
                      "Actual Loops": 3,
                      "Hash Buckets": 65536,
                      "Original Hash Buckets": 65536,
                      "Hash Batches": 1,
                      "Original Hash Batches": 1,
                      "Peak Memory Usage": 3008,
                      "Plans": [
                        {
                          "Node Type": "Seq Scan",
                          "Parent Relationship": "Outer",
                          "Parallel Aware": true,
                          "Relation Name": "title",
                          "Alias": "t",
                          "Startup Cost": 0.0,
                          "Total Cost": 45479.1,
                          "Plan Rows": 14792,
                          "Plan Width": 4,
                          "Actual Startup Time": 0.038,
                          "Actual Total Time": 106.832,
                          "Actual Rows": 20917,
                          "Actual Loops": 3,
                          "Filter": "((kind_id = 7) AND (production_year = 2005))",
                          "Rows Removed by Filter": 821853
                        }
                      ]
                    }
                  ]
                }
              ]
            }
          ]
        }
      ]
    },
    "Planning Time": 0.603,
    "Triggers": [],
    "Execution Time": 210.042
  }
]