[
  {
    "Plan": {
      "Node Type": "Aggregate",
      "Strategy": "Plain",
      "Partial Mode": "Finalize",
      "Parallel Aware": false,
      "Startup Cost": 46897.15,
      "Total Cost": 46897.16,
      "Plan Rows": 1,
      "Plan Width": 8,
      "Actual Startup Time": 101.091,
      "Actual Total Time": 112.971,
      "Actual Rows": 1,
      "Actual Loops": 1,
      "Plans": [
        {
          "Node Type": "Gather",
          "Parent Relationship": "Outer",
          "Parallel Aware": false,
          "Startup Cost": 46896.73,
          "Total Cost": 46897.14,
          "Plan Rows": 4,
          "Plan Width": 8,
          "Actual Startup Time": 100.957,
          "Actual Total Time": 112.962,
          "Actual Rows": 5,
          "Actual Loops": 1,
          "Workers Planned": 4,
          "Workers Launched": 4,
          "Single Copy": false,
          "Plans": [
            {
              "Node Type": "Aggregate",
              "Strategy": "Plain",
              "Partial Mode": "Partial",
              "Parent Relationship": "Outer",
              "Parallel Aware": false,
              "Startup Cost": 45896.73,
              "Total Cost": 45896.74,
              "Plan Rows": 1,
              "Plan Width": 8,
              "Actual Startup Time": 92.259,
              "Actual Total Time": 92.26,
              "Actual Rows": 1,
              "Actual Loops": 5,
              "Plans": [
                {
                  "Node Type": "Seq Scan",
                  "Parent Relationship": "Outer",
                  "Parallel Aware": true,
                  "Relation Name": "title",
                  "Alias": "t",
                  "Startup Cost": 0.0,
                  "Total Cost": 45479.1,
                  "Plan Rows": 167051,
                  "Plan Width": 0,
                  "Actual Startup Time": 0.059,
                  "Actual Total Time": 86.914,
                  "Actual Rows": 113218,
                  "Actual Loops": 5,
                  "Filter": "((kind_id < 7) AND (production_year > 1992))",
                  "Rows Removed by Filter": 392445
                }
              ]
            }
          ]
        }
      ]
    },
    "Planning Time": 0.19,
    "Triggers": [],
    "Execution Time": 113.039
  }
]