[
  {
    "Plan": {
      "Node Type": "Aggregate",
      "Strategy": "Plain",
      "Partial Mode": "Finalize",
      "Parallel Aware": false,
      "Startup Cost": 91046.54,
      "Total Cost": 91046.55,
      "Plan Rows": 1,
      "Plan Width": 8,
      "Actual Startup Time": 514.773,
      "Actual Total Time": 527.437,
      "Actual Rows": 1,
      "Actual Loops": 1,
      "Plans": [
        {
          "Node Type": "Gather",
          "Parent Relationship": "Outer",
          "Parallel Aware": false,
          "Startup Cost": 91046.33,
          "Total Cost": 91046.54,
          "Plan Rows": 2,
          "Plan Width": 8,
          "Actual Startup Time": 511.458,
          "Actual Total Time": 527.43,
          "Actual Rows": 3,
          "Actual Loops": 1,
          "Workers Planned": 2,
          "Workers Launched": 2,
          "Single Copy": false,
          "Plans": [
            {
              "Node Type": "Aggregate",
              "Strategy": "Plain",
              "Partial Mode": "Partial",
              "Parent Relationship": "Outer",
              "Parallel Aware": false,
              "Startup Cost": 90046.33,
              "Total Cost": 90046.34,
              "Plan Rows": 1,
              "Plan Width": 8,
              "Actual Startup Time": 503.033,
              "Actual Total Time": 503.04,
              "Actual Rows": 1,
              "Actual Loops": 3,
              "Plans": [
                {
                  "Node Type": "Hash Join",
                  "Parent Relationship": "Outer",
                  "Parallel Aware": true,
                  "Join Type": "Inner",
                  "Startup Cost": 74019.85,
                  "Total Cost": 89953.82,
                  "Plan Rows": 37004,
                  "Plan Width": 0,
                  "Actual Startup Time": 426.437,
                  "Actual Total Time": 496.403,
                  "Actual Rows": 148594,
                  "Actual Loops": 3,
                  "Inner Unique": false,
                  "Hash Cond": "(mi_idx.movie_id = t.id)",
                  "Plans": [
                    {
                      "Node Type": "Seq Scan",
                      "Parent Relationship": "Outer",
                      "Parallel Aware": true,
                      "Relation Name": "movie_info_idx",
                      "Alias": "mi_idx",
                      "Startup Cost": 0.0,
                      "Total Cost": 13685.15,
                      "Plan Rows": 575015,
                      "Plan Width": 4,
                      "Actual Startup Time": 0.024,
                      "Actual Total Time": 37.063,
                      "Actual Rows": 460012,
                      "Actual Loops": 3
                    },
                    {
                      "Node Type": "Hash",
                      "Parent Relationship": "Inner",
                      "Parallel Aware": true,
                      "Startup Cost": 73511.4,
                      "Total Cost": 73511.4,
                      "Plan Rows": 40676,
                      "Plan Width": 8,
                      "Actual Startup Time": 388.591,
                      "Actual Total Time": 388.596,
                      "Actual Rows": 106459,
                      "Actual Loops": 3,
                      "Hash Buckets": 524288,
                      "Original Hash Buckets": 262144,
                      "Hash Batches": 1,
                      "Original Hash Batches": 1,
                      "Peak Memory Usage": 18688,
                      "Plans": [
                        {
                          "Node Type": "Hash Join",
                          "Parent Relationship": "Outer",
                          "Parallel Aware": true,
                          "Join Type": "Inner",
                          "Startup Cost": 27901.1,
                          "Total Cost": 73511.4,
                          "Plan Rows": 40676,
                          "Plan Width": 8,
                          "Actual Startup Time": 228.155,
                          "Actual Total Time": 353.998,
                          "Actual Rows": 106459,
                          "Actual Loops": 3,
                          "Inner Unique": false,
                          "Hash Cond": "(t.id = mc.movie_id)",
                          "Plans": [
                            {
                              "Node Type": "Seq Scan",
                              "Parent Relationship": "Outer",
                              "Parallel Aware": true,
                              "Relation Name": "title",
                              "Alias": "t",
                              "Startup Cost": 0.0,
                              "Total Cost": 42318.73,
                              "Plan Rows": 632073,
                              "Plan Width": 4,
                              "Actual Startup Time": 0.01,
                              "Actual Total Time": 94.276,
                              "Actual Rows": 842771,
                              "Actual Loops": 3
                            },
                            {
                              "Node Type": "Hash",
                              "Parent Relationship": "Inner",
                              "Parallel Aware": true,
                              "Startup Cost": 27245.03,
                              "Total Cost": 27245.03,
                              "Plan Rows": 52485,
                              "Plan Width": 4,
                              "Actual Startup Time": 96.615,
                              "Actual Total Time": 96.617,
                              "Actual Rows": 106459,
                              "Actual Loops": 3,
                              "Hash Buckets": 524288,
                              "Original Hash Buckets": 262144,
                              "Hash Batches": 1,
                              "Original Hash Batches": 1,
                              "Peak Memory Usage": 18688,
                              "Plans": [
                                {
                                  "Node Type": "Bitmap Heap Scan",
                                  "Parent Relationship": "Outer",
                                  "Parallel Aware": true,
                                  "Relation Name": "movie_companies",
                                  "Alias": "mc",
                                  "Startup Cost": 6904.47,
                                  "Total Cost": 27245.03,
                                  "Plan Rows": 52485,
                                  "Plan Width": 4,
                                  "Actual Startup Time": 28.34,
                                  "Actual Total Time": 62.86,
                                  "Actual Rows": 106459,
                                  "Actual Loops": 3,
                                  "Recheck Cond": "(company_id > 91549)",
                                  "Rows Removed by Index Recheck": 0,
                                  "Filter": "(company_type_id = 2)",
                                  "Rows Removed by Filter": 0,
                                  "Exact Heap Blocks": 2607,
                                  "Lossy Heap Blocks": 0,
                                  "Plans": [
                                    {
                                      "Node Type": "Bitmap Index Scan",
                                      "Parent Relationship": "Outer",
                                      "Parallel Aware": false,
                                      "Index Name": "company_id_movie_companies",
                                      "Startup Cost": 0.0,
                                      "Total Cost": 6863.8,
                                      "Plan Rows": 320449,
                                      "Plan Width": 0,
                                      "Actual Startup Time": 27.517,
                                      "Actual Total Time": 27.517,
                                      "Actual Rows": 319376,
                                      "Actual Loops": 1,
                                      "Index Cond": "(company_id > 91549)"
                                    }
                                  ]
                                }
                              ]
                            }
                          ]
                        }
                      ]
                    }
                  ]
                }
              ]
            }
          ]
        }
      ]
    },
    "Planning Time": 1.475,
    "Triggers": [],
    "Execution Time": 527.544
  }
]