[
  {
    "Plan": {
      "Node Type": "Aggregate",
      "Strategy": "Plain",
      "Partial Mode": "Finalize",
      "Parallel Aware": false,
      "Startup Cost": 336944.75,
      "Total Cost": 336944.76,
      "Plan Rows": 1,
      "Plan Width": 8,
      "Actual Startup Time": 761.329,
      "Actual Total Time": 821.755,
      "Actual Rows": 1,
      "Actual Loops": 1,
      "Plans": [
        {
          "Node Type": "Gather",
          "Parent Relationship": "Outer",
          "Parallel Aware": false,
          "Startup Cost": 336944.12,
          "Total Cost": 336944.73,
          "Plan Rows": 6,
          "Plan Width": 8,
          "Actual Startup Time": 761.202,
          "Actual Total Time": 821.744,
          "Actual Rows": 7,
          "Actual Loops": 1,
          "Workers Planned": 6,
          "Workers Launched": 6,
          "Single Copy": false,
          "Plans": [
            {
              "Node Type": "Aggregate",
              "Strategy": "Plain",
              "Partial Mode": "Partial",
              "Parent Relationship": "Outer",
              "Parallel Aware": false,
              "Startup Cost": 335944.12,
              "Total Cost": 335944.13,
              "Plan Rows": 1,
              "Plan Width": 8,
              "Actual Startup Time": 751.923,
              "Actual Total Time": 751.924,
              "Actual Rows": 1,
              "Actual Loops": 7,
              "Plans": [
                {
                  "Node Type": "Seq Scan",
                  "Parent Relationship": "Outer",
                  "Parallel Aware": true,
                  "Relation Name": "cast_info",
                  "Alias": "ci",
                  "Startup Cost": 0.0,
                  "Total Cost": 328162.03,
                  "Plan Rows": 3112839,
                  "Plan Width": 0,
                  "Actual Startup Time": 201.504,
                  "Actual Total Time": 629.301,
                  "Actual Rows": 2663031,
                  "Actual Loops": 7,
                  "Filter": "(person_id > 1742052)",
                  "Rows Removed by Filter": 2514733
                }
              ]
            }
          ]
        }
      ]
    },
    "Planning Time": 0.134,
    "Triggers": [],
    "Execution Time": 821.808
  }
]