[
  {
    "Plan": {
      "Node Type": "Aggregate",
      "Strategy": "Plain",
      "Partial Mode": "Finalize",
      "Parallel Aware": false,
      "Startup Cost": 31407.61,
      "Total Cost": 31407.62,
      "Plan Rows": 1,
      "Plan Width": 8,
      "Actual Startup Time": 96.235,
      "Actual Total Time": 102.102,
      "Actual Rows": 1,
      "Actual Loops": 1,
      "Plans": [
        {
          "Node Type": "Gather",
          "Parent Relationship": "Outer",
          "Parallel Aware": false,
          "Startup Cost": 31407.29,
          "Total Cost": 31407.6,
          "Plan Rows": 3,
          "Plan Width": 8,
          "Actual Startup Time": 96.106,
          "Actual Total Time": 102.093,
          "Actual Rows": 4,
          "Actual Loops": 1,
          "Workers Planned": 3,
          "Workers Launched": 3,
          "Single Copy": false,
          "Plans": [
            {
              "Node Type": "Aggregate",
              "Strategy": "Plain",
              "Partial Mode": "Partial",
              "Parent Relationship": "Outer",
              "Parallel Aware": false,
              "Startup Cost": 30407.29,
              "Total Cost": 30407.3,
              "Plan Rows": 1,
              "Plan Width": 8,
              "Actual Startup Time": 92.319,
              "Actual Total Time": 92.32,
              "Actual Rows": 1,
              "Actual Loops": 4,
              "Plans": [
                {
                  "Node Type": "Seq Scan",
                  "Parent Relationship": "Outer",
                  "Parallel Aware": true,
                  "Relation Name": "movie_companies",
                  "Alias": "mc",
                  "Startup Cost": 0.0,
                  "Total Cost": 29310.68,
                  "Plan Rows": 438644,
                  "Plan Width": 0,
                  "Actual Startup Time": 0.019,
                  "Actual Total Time": 75.171,
                  "Actual Rows": 342390,
                  "Actual Loops": 4,
                  "Filter": "(company_id < 11781)",
                  "Rows Removed by Filter": 309892
                }
              ]
            }
          ]
        }
      ]
    },
    "Planning Time": 0.151,
    "Triggers": [],
    "Execution Time": 102.15
  }
]