[
  {
    "Plan": {
      "Node Type": "Aggregate",
      "Strategy": "Plain",
      "Partial Mode": "Finalize",
      "Parallel Aware": false,
      "Startup Cost": 118094.8,
      "Total Cost": 118094.81,
      "Plan Rows": 1,
      "Plan Width": 8,
      "Actual Startup Time": 480.764,
      "Actual Total Time": 502.965,
      "Actual Rows": 1,
      "Actual Loops": 1,
      "Plans": [
        {
          "Node Type": "Gather",
          "Parent Relationship": "Outer",
          "Parallel Aware": false,
          "Startup Cost": 118094.48,
          "Total Cost": 118094.79,
          "Plan Rows": 3,
          "Plan Width": 8,
          "Actual Startup Time": 479.507,
          "Actual Total Time": 502.941,
          "Actual Rows": 4,
          "Actual Loops": 1,
          "Workers Planned": 3,
          "Workers Launched": 3,
          "Single Copy": false,
          "Plans": [
            {
              "Node Type": "Aggregate",
              "Strategy": "Plain",
              "Partial Mode": "Partial",
              "Parent Relationship": "Outer",
              "Parallel Aware": false,
              "Startup Cost": 117094.48,
              "Total Cost": 117094.49,
              "Plan Rows": 1,
              "Plan Width": 8,
              "Actual Startup Time": 470.02,
              "Actual Total Time": 470.026,
              "Actual Rows": 1,
              "Actual Loops": 4,
              "Plans": [
                {
                  "Node Type": "Hash Join",
                  "Parent Relationship": "Outer",
                  "Parallel Aware": true,
                  "Join Type": "Inner",
                  "Startup Cost": 72193.04,
                  "Total Cost": 116903.67,
                  "Plan Rows": 76323,
                  "Plan Width": 0,
                  "Actual Startup Time": 264.176,
                  "Actual Total Time": 467.38,
                  "Actual Rows": 47531,
                  "Actual Loops": 4,
                  "Inner Unique": false,
                  "Hash Cond": "(mk.movie_id = t.id)",
                  "Plans": [
                    {
                      "Node Type": "Seq Scan",
                      "Parent Relationship": "Outer",
                      "Parallel Aware": true,
                      "Relation Name": "movie_keyword",
                      "Alias": "mk",
                      "Startup Cost": 0.0,
                      "Total Cost": 39047.32,
                      "Plan Rows": 1459332,
                      "Plan Width": 4,
                      "Actual Startup Time": 0.034,
                      "Actual Total Time": 102.193,
                      "Actual Rows": 1130982,
                      "Actual Loops": 4
                    },
                    {
                      "Node Type": "Hash",
                      "Parent Relationship": "Inner",
                      "Parallel Aware": true,
                      "Startup Cost": 71779.82,
                      "Total Cost": 71779.82,
                      "Plan Rows": 33058,
                      "Plan Width": 8,
                      "Actual Startup Time": 262.064,
                      "Actual Total Time": 262.069,
                      "Actual Rows": 15075,
                      "Actual Loops": 4,
                      "Hash Buckets": 262144,
                      "Original Hash Buckets": 262144,
                      "Hash Batches": 1,
                      "Original Hash Batches": 1,
                      "Peak Memory Usage": 4480,
                      "Plans": [
                        {
                          "Node Type": "Hash Join",
                          "Parent Relationship": "Outer",
                          "Parallel Aware": true,
                          "Join Type": "Inner",
                          "Startup Cost": 26194.08,
                          "Total Cost": 71779.82,
                          "Plan Rows": 33058,
                          "Plan Width": 8,
                          "Actual Startup Time": 85.772,
                          "Actual Total Time": 254.986,
                          "Actual Rows": 15075,
                          "Actual Loops": 4,
                          "Inner Unique": false,
                          "Hash Cond": "(t.id = mc.movie_id)",
                          "Plans": [
                            {
                              "Node Type": "Seq Scan",
                              "Parent Relationship": "Outer",
                              "Parallel Aware": true,
                              "Relation Name": "title",
                              "Alias": "t",
                              "Startup Cost": 0.0,
                              "Total Cost": 42318.73,
                              "Plan Rows": 632073,
                              "Plan Width": 4,
                              "Actual Startup Time": 0.011,
                              "Actual Total Time": 84.382,
                              "Actual Rows": 632078,
                              "Actual Loops": 4
                            },
                            {
                              "Node Type": "Hash",
                              "Parent Relationship": "Inner",
                              "Parallel Aware": true,
                              "Startup Cost": 25660.89,
                              "Total Cost": 25660.89,
                              "Plan Rows": 42655,
                              "Plan Width": 4,
                              "Actual Startup Time": 84.65,
                              "Actual Total Time": 84.652,
                              "Actual Rows": 15075,
                              "Actual Loops": 4,
                              "Hash Buckets": 262144,
                              "Original Hash Buckets": 262144,
                              "Hash Batches": 1,
                              "Original Hash Batches": 1,
                              "Peak Memory Usage": 4480,
                              "Plans": [
                                {
                                  "Node Type": "Bitmap Heap Scan",
                                  "Parent Relationship": "Outer",
                                  "Parallel Aware": true,
                                  "Relation Name": "movie_companies",
                                  "Alias": "mc",
                                  "Startup Cost": 5610.73,
                                  "Total Cost": 25660.89,
                                  "Plan Rows": 42655,
                                  "Plan Width": 4,
                                  "Actual Startup Time": 65.894,
                                  "Actual Total Time": 79.576,
                                  "Actual Rows": 15075,
                                  "Actual Loops": 4,
                                  "Recheck Cond": "(company_id < 133)",
                                  "Rows Removed by Index Recheck": 0,
                                  "Filter": "(company_type_id = 2)",
                                  "Rows Removed by Filter": 49776,
                                  "Exact Heap Blocks": 8537,
                                  "Lossy Heap Blocks": 0,
                                  "Plans": [
                                    {
                                      "Node Type": "Bitmap Index Scan",
                                      "Parent Relationship": "Outer",
                                      "Parallel Aware": false,
                                      "Index Name": "company_id_movie_companies",
                                      "Startup Cost": 0.0,
                                      "Total Cost": 5577.68,
                                      "Plan Rows": 260433,
                                      "Plan Width": 0,
                                      "Actual Startup Time": 24.425,
                                      "Actual Total Time": 24.425,
                                      "Actual Rows": 259406,
                                      "Actual Loops": 1,
                                      "Index Cond": "(company_id < 133)"
                                    }
                                  ]
                                }
                              ]
                            }
                          ]
                        }
                      ]
                    }
                  ]
                }
              ]
            }
          ]
        }
      ]
    },
    "Planning Time": 1.468,
    "Triggers": [],
    "Execution Time": 503.069
  }
]