{
    "Plan": {
        "Node Type": "Aggregate",
        "Strategy": "Plain",
        "Partial Mode": "Simple",
        "Parallel Aware": false,
        "Startup Cost": 50000605289.67,
        "Total Cost": 50000605289.68,
        "Plan Rows": 1,
        "Plan Width": 64,
        "Actual Startup Time": 3192.127,
        "Actual Total Time": 3192.291,
        "Actual Rows": 1,
        "Actual Loops": 1,
        "Output": [
            "min((kt.kind)::text)",
            "min(t.title)"
        ],
        "Plans": [
            {
                "Node Type": "Nested Loop",
                "Parent Relationship": "Outer",
                "Parallel Aware": false,
                "Join Type": "Inner",
                "Startup Cost": 50000592629.33,
                "Total Cost": 50000605289.67,
                "Plan Rows": 1,
                "Plan Width": 27,
                "Actual Startup Time": 3089.807,
                "Actual Total Time": 3192.098,
                "Actual Rows": 628,
                "Actual Loops": 1,
                "Output": [
                    "kt.kind",
                    "t.title"
                ],
                "Inner Unique": true,
                "Plans": [
                    {
                        "Node Type": "Merge Join",
                        "Parent Relationship": "Outer",
                        "Parallel Aware": false,
                        "Join Type": "Inner",
                        "Startup Cost": 40000592629.19,
                        "Total Cost": 40000605283.91,
                        "Plan Rows": 1,
                        "Plan Width": 31,
                        "Actual Startup Time": 3089.779,
                        "Actual Total Time": 3189.919,
                        "Actual Rows": 628,
                        "Actual Loops": 1,
                        "Output": [
                            "mc.company_type_id",
                            "t.title",
                            "kt.kind"
                        ],
                        "Inner Unique": true,
                        "Merge Cond": "(mc.company_id = cn.id)",
                        "Plans": [
                            {
                                "Node Type": "Sort",
                                "Parent Relationship": "Outer",
                                "Parallel Aware": false,
                                "Startup Cost": 40000592628.77,
                                "Total Cost": 40000592628.77,
                                "Plan Rows": 1,
                                "Plan Width": 35,
                                "Actual Startup Time": 3080.746,
                                "Actual Total Time": 3080.972,
                                "Actual Rows": 628,
                                "Actual Loops": 1,
                                "Output": [
                                    "mc.company_id",
                                    "mc.company_type_id",
                                    "t.title",
                                    "kt.kind"
                                ],
                                "Sort Key": [
                                    "mc.company_id"
                                ],
                                "Sort Method": "quicksort",
                                "Sort Space Used": 74,
                                "Sort Space Type": "Memory",
                                "Plans": [
                                    {
                                        "Node Type": "Hash Join",
                                        "Parent Relationship": "Outer",
                                        "Parallel Aware": false,
                                        "Join Type": "Inner",
                                        "Startup Cost": 40000537963.22,
                                        "Total Cost": 40000592628.76,
                                        "Plan Rows": 1,
                                        "Plan Width": 35,
                                        "Actual Startup Time": 2799.757,
                                        "Actual Total Time": 3080.789,
                                        "Actual Rows": 628,
                                        "Actual Loops": 1,
                                        "Output": [
                                            "mc.company_id",
                                            "mc.company_type_id",
                                            "t.title",
                                            "kt.kind"
                                        ],
                                        "Inner Unique": false,
                                        "Hash Cond": "(mc.movie_id = t.id)",
                                        "Plans": [
                                            {
                                                "Node Type": "Seq Scan",
                                                "Parent Relationship": "Outer",
                                                "Parallel Aware": false,
                                                "Relation Name": "movie_companies",
                                                "Schema": "public",
                                                "Alias": "mc",
                                                "Startup Cost": 10000000000.0,
                                                "Total Cost": 10000044881.29,
                                                "Plan Rows": 2609129,
                                                "Plan Width": 12,
                                                "Actual Startup Time": 0.016,
                                                "Actual Total Time": 202.239,
                                                "Actual Rows": 2609129,
                                                "Actual Loops": 1,
                                                "Output": [
                                                    "mc.id",
                                                    "mc.movie_id",
                                                    "mc.company_id",
                                                    "mc.company_type_id",
                                                    "mc.note"
                                                ]
                                            },
                                            {
                                                "Node Type": "Hash",
                                                "Parent Relationship": "Inner",
                                                "Parallel Aware": false,
                                                "Startup Cost": 30000537963.21,
                                                "Total Cost": 30000537963.21,
                                                "Plan Rows": 1,
                                                "Plan Width": 43,
                                                "Actual Startup Time": 2712.76,
                                                "Actual Total Time": 2712.92,
                                                "Actual Rows": 625,
                                                "Actual Loops": 1,
                                                "Output": [
                                                    "cc.movie_id",
                                                    "mi.movie_id",
                                                    "mk.movie_id",
                                                    "t.title",
                                                    "t.id",
                                                    "kt.kind"
                                                ],
                                                "Hash Buckets": 1024,
                                                "Original Hash Buckets": 1024,
                                                "Hash Batches": 1,
                                                "Original Hash Batches": 1,
                                                "Peak Memory Usage": 51,
                                                "Plans": [
                                                    {
                                                        "Node Type": "Merge Join",
                                                        "Parent Relationship": "Outer",
                                                        "Parallel Aware": false,
                                                        "Join Type": "Inner",
                                                        "Startup Cost": 30000532634.55,
                                                        "Total Cost": 30000537963.21,
                                                        "Plan Rows": 1,
                                                        "Plan Width": 43,
                                                        "Actual Startup Time": 2667.83,
                                                        "Actual Total Time": 2712.797,
                                                        "Actual Rows": 625,
                                                        "Actual Loops": 1,
                                                        "Output": [
                                                            "cc.movie_id",
                                                            "mi.movie_id",
                                                            "mk.movie_id",
                                                            "t.title",
                                                            "t.id",
                                                            "kt.kind"
                                                        ],
                                                        "Inner Unique": false,
                                                        "Merge Cond": "(k.id = mk.keyword_id)",
                                                        "Plans": [
                                                            {
                                                                "Node Type": "Index Scan",
                                                                "Parent Relationship": "Outer",
                                                                "Parallel Aware": false,
                                                                "Scan Direction": "Forward",
                                                                "Index Name": "keyword_pkey",
                                                                "Relation Name": "keyword",
                                                                "Schema": "public",
                                                                "Alias": "k",
                                                                "Startup Cost": 0.42,
                                                                "Total Cost": 5007.5,
                                                                "Plan Rows": 134170,
                                                                "Plan Width": 4,
                                                                "Actual Startup Time": 0.013,
                                                                "Actual Total Time": 36.951,
                                                                "Actual Rows": 124591,
                                                                "Actual Loops": 1,
                                                                "Output": [
                                                                    "k.id",
                                                                    "k.keyword",
                                                                    "k.phonetic_code"
                                                                ]
                                                            },
                                                            {
                                                                "Node Type": "Sort",
                                                                "Parent Relationship": "Inner",
                                                                "Parallel Aware": false,
                                                                "Startup Cost": 30000532634.13,
                                                                "Total Cost": 30000532634.13,
                                                                "Plan Rows": 1,
                                                                "Plan Width": 47,
                                                                "Actual Startup Time": 2667.71,
                                                                "Actual Total Time": 2667.936,
                                                                "Actual Rows": 625,
                                                                "Actual Loops": 1,
                                                                "Output": [
                                                                    "cc.movie_id",
                                                                    "mi.movie_id",
                                                                    "mk.movie_id",
                                                                    "mk.keyword_id",
                                                                    "t.title",
                                                                    "t.id",
                                                                    "kt.kind"
                                                                ],
                                                                "Sort Key": [
                                                                    "mk.keyword_id"
                                                                ],
                                                                "Sort Method": "quicksort",
                                                                "Sort Space Used": 73,
                                                                "Sort Space Type": "Memory",
                                                                "Plans": [
                                                                    {
                                                                        "Node Type": "Nested Loop",
                                                                        "Parent Relationship": "Outer",
                                                                        "Parallel Aware": false,
                                                                        "Join Type": "Inner",
                                                                        "Startup Cost": 30000532618.51,
                                                                        "Total Cost": 30000532634.12,
                                                                        "Plan Rows": 1,
                                                                        "Plan Width": 47,
                                                                        "Actual Startup Time": 2666.928,
                                                                        "Actual Total Time": 2667.703,
                                                                        "Actual Rows": 625,
                                                                        "Actual Loops": 1,
                                                                        "Output": [
                                                                            "cc.movie_id",
                                                                            "mi.movie_id",
                                                                            "mk.movie_id",
                                                                            "mk.keyword_id",
                                                                            "t.title",
                                                                            "t.id",
                                                                            "kt.kind"
                                                                        ],
                                                                        "Inner Unique": true,
                                                                        "Plans": [
                                                                            {
                                                                                "Node Type": "Hash Join",
                                                                                "Parent Relationship": "Outer",
                                                                                "Parallel Aware": false,
                                                                                "Join Type": "Inner",
                                                                                "Startup Cost": 30000532618.38,
                                                                                "Total Cost": 30000532633.95,
                                                                                "Plan Rows": 1,
                                                                                "Plan Width": 51,
                                                                                "Actual Startup Time": 2666.835,
                                                                                "Actual Total Time": 2667.117,
                                                                                "Actual Rows": 690,
                                                                                "Actual Loops": 1,
                                                                                "Output": [
                                                                                    "cc.movie_id",
                                                                                    "cc.status_id",
                                                                                    "mi.movie_id",
                                                                                    "mk.movie_id",
                                                                                    "mk.keyword_id",
                                                                                    "t.title",
                                                                                    "t.id",
                                                                                    "kt.kind"
                                                                                ],
                                                                                "Inner Unique": false,
                                                                                "Hash Cond": "(t.id = mk.movie_id)",
                                                                                "Plans": [
                                                                                    {
                                                                                        "Node Type": "Merge Join",
                                                                                        "Parent Relationship": "Outer",
                                                                                        "Parallel Aware": false,
                                                                                        "Join Type": "Inner",
                                                                                        "Startup Cost": 30000298891.79,
                                                                                        "Total Cost": 30000298905.83,
                                                                                        "Plan Rows": 1,
                                                                                        "Plan Width": 43,
                                                                                        "Actual Startup Time": 915.562,
                                                                                        "Actual Total Time": 915.734,
                                                                                        "Actual Rows": 33,
                                                                                        "Actual Loops": 1,
                                                                                        "Output": [
                                                                                            "cc.movie_id",
                                                                                            "cc.status_id",
                                                                                            "mi.movie_id",
                                                                                            "t.title",
                                                                                            "t.id",
                                                                                            "kt.kind"
                                                                                        ],
                                                                                        "Inner Unique": false,
                                                                                        "Merge Cond": "(it1.id = mi.info_type_id)",
                                                                                        "Plans": [
                                                                                            {
                                                                                                "Node Type": "Index Scan",
                                                                                                "Parent Relationship": "Outer",
                                                                                                "Parallel Aware": false,
                                                                                                "Scan Direction": "Forward",
                                                                                                "Index Name": "info_type_pkey",
                                                                                                "Relation Name": "info_type",
                                                                                                "Schema": "public",
                                                                                                "Alias": "it1",
                                                                                                "Startup Cost": 0.14,
                                                                                                "Total Cost": 14.12,
                                                                                                "Plan Rows": 1,
                                                                                                "Plan Width": 4,
                                                                                                "Actual Startup Time": 0.021,
                                                                                                "Actual Total Time": 0.034,
                                                                                                "Actual Rows": 1,
                                                                                                "Actual Loops": 1,
                                                                                                "Output": [
                                                                                                    "it1.id",
                                                                                                    "it1.info"
                                                                                                ],
                                                                                                "Filter": "((it1.info)::text = 'release dates'::text)",
                                                                                                "Rows Removed by Filter": 112
                                                                                            },
                                                                                            {
                                                                                                "Node Type": "Sort",
                                                                                                "Parent Relationship": "Inner",
                                                                                                "Parallel Aware": false,
                                                                                                "Startup Cost": 30000298891.65,
                                                                                                "Total Cost": 30000298891.68,
                                                                                                "Plan Rows": 10,
                                                                                                "Plan Width": 47,
                                                                                                "Actual Startup Time": 915.531,
                                                                                                "Actual Total Time": 915.683,
                                                                                                "Actual Rows": 33,
                                                                                                "Actual Loops": 1,
                                                                                                "Output": [
                                                                                                    "cc.movie_id",
                                                                                                    "cc.status_id",
                                                                                                    "mi.movie_id",
                                                                                                    "mi.info_type_id",
                                                                                                    "t.title",
                                                                                                    "t.id",
                                                                                                    "kt.kind"
                                                                                                ],
                                                                                                "Sort Key": [
                                                                                                    "mi.info_type_id"
                                                                                                ],
                                                                                                "Sort Method": "quicksort",
                                                                                                "Sort Space Used": 27,
                                                                                                "Sort Space Type": "Memory",
                                                                                                "Plans": [
                                                                                                    {
                                                                                                        "Node Type": "Hash Join",
                                                                                                        "Parent Relationship": "Outer",
                                                                                                        "Parallel Aware": false,
                                                                                                        "Join Type": "Inner",
                                                                                                        "Startup Cost": 30000291459.99,
                                                                                                        "Total Cost": 30000298891.49,
                                                                                                        "Plan Rows": 10,
                                                                                                        "Plan Width": 47,
                                                                                                        "Actual Startup Time": 885.302,
                                                                                                        "Actual Total Time": 915.643,
                                                                                                        "Actual Rows": 33,
                                                                                                        "Actual Loops": 1,
                                                                                                        "Output": [
                                                                                                            "cc.movie_id",
                                                                                                            "cc.status_id",
                                                                                                            "mi.movie_id",
                                                                                                            "mi.info_type_id",
                                                                                                            "t.title",
                                                                                                            "t.id",
                                                                                                            "kt.kind"
                                                                                                        ],
                                                                                                        "Inner Unique": false,
                                                                                                        "Hash Cond": "(t.id = mi.movie_id)",
                                                                                                        "Plans": [
                                                                                                            {
                                                                                                                "Node Type": "Hash Join",
                                                                                                                "Parent Relationship": "Outer",
                                                                                                                "Parallel Aware": false,
                                                                                                                "Join Type": "Inner",
                                                                                                                "Startup Cost": 30000076787.94,
                                                                                                                "Total Cost": 30000079493.07,
                                                                                                                "Plan Rows": 11670,
                                                                                                                "Plan Width": 39,
                                                                                                                "Actual Startup Time": 467.422,
                                                                                                                "Actual Total Time": 496.812,
                                                                                                                "Actual Rows": 8474,
                                                                                                                "Actual Loops": 1,
                                                                                                                "Output": [
                                                                                                                    "cc.movie_id",
                                                                                                                    "cc.status_id",
                                                                                                                    "t.title",
                                                                                                                    "t.id",
                                                                                                                    "kt.kind"
                                                                                                                ],
                                                                                                                "Inner Unique": false,
                                                                                                                "Hash Cond": "(cc.movie_id = t.id)",
                                                                                                                "Plans": [
                                                                                                                    {
                                                                                                                        "Node Type": "Seq Scan",
                                                                                                                        "Parent Relationship": "Outer",
                                                                                                                        "Parallel Aware": false,
                                                                                                                        "Relation Name": "complete_cast",
                                                                                                                        "Schema": "public",
                                                                                                                        "Alias": "cc",
                                                                                                                        "Startup Cost": 10000000000.0,
                                                                                                                        "Total Cost": 10000002081.86,
                                                                                                                        "Plan Rows": 135086,
                                                                                                                        "Plan Width": 8,
                                                                                                                        "Actual Startup Time": 0.016,
                                                                                                                        "Actual Total Time": 8.983,
                                                                                                                        "Actual Rows": 135086,
                                                                                                                        "Actual Loops": 1,
                                                                                                                        "Output": [
                                                                                                                            "cc.id",
                                                                                                                            "cc.movie_id",
                                                                                                                            "cc.subject_id",
                                                                                                                            "cc.status_id"
                                                                                                                        ]
                                                                                                                    },
                                                                                                                    {
                                                                                                                        "Node Type": "Hash",
                                                                                                                        "Parent Relationship": "Inner",
                                                                                                                        "Parallel Aware": false,
                                                                                                                        "Startup Cost": 20000074057.69,
                                                                                                                        "Total Cost": 20000074057.69,
                                                                                                                        "Plan Rows": 218420,
                                                                                                                        "Plan Width": 31,
                                                                                                                        "Actual Startup Time": 467.058,
                                                                                                                        "Actual Total Time": 467.062,
                                                                                                                        "Actual Rows": 296768,
                                                                                                                        "Actual Loops": 1,
                                                                                                                        "Output": [
                                                                                                                            "kt.kind",
                                                                                                                            "t.title",
                                                                                                                            "t.id"
                                                                                                                        ],
                                                                                                                        "Hash Buckets": 524288,
                                                                                                                        "Original Hash Buckets": 262144,
                                                                                                                        "Hash Batches": 1,
                                                                                                                        "Original Hash Batches": 1,
                                                                                                                        "Peak Memory Usage": 21668,
                                                                                                                        "Plans": [
                                                                                                                            {
                                                                                                                                "Node Type": "Hash Join",
                                                                                                                                "Parent Relationship": "Outer",
                                                                                                                                "Parallel Aware": false,
                                                                                                                                "Join Type": "Inner",
                                                                                                                                "Startup Cost": 20000000012.27,
                                                                                                                                "Total Cost": 20000074057.69,
                                                                                                                                "Plan Rows": 218420,
                                                                                                                                "Plan Width": 31,
                                                                                                                                "Actual Startup Time": 14.529,
                                                                                                                                "Actual Total Time": 399.474,
                                                                                                                                "Actual Rows": 296768,
                                                                                                                                "Actual Loops": 1,
                                                                                                                                "Output": [
                                                                                                                                    "kt.kind",
                                                                                                                                    "t.title",
                                                                                                                                    "t.id"
                                                                                                                                ],
                                                                                                                                "Inner Unique": true,
                                                                                                                                "Hash Cond": "(t.kind_id = kt.id)",
                                                                                                                                "Plans": [
                                                                                                                                    {
                                                                                                                                        "Node Type": "Seq Scan",
                                                                                                                                        "Parent Relationship": "Outer",
                                                                                                                                        "Parallel Aware": false,
                                                                                                                                        "Relation Name": "title",
                                                                                                                                        "Schema": "public",
                                                                                                                                        "Alias": "t",
                                                                                                                                        "Startup Cost": 10000000000.0,
                                                                                                                                        "Total Cost": 10000067602.02,
                                                                                                                                        "Plan Rows": 1528941,
                                                                                                                                        "Plan Width": 25,
                                                                                                                                        "Actual Startup Time": 0.015,
                                                                                                                                        "Actual Total Time": 294.451,
                                                                                                                                        "Actual Rows": 1531613,
                                                                                                                                        "Actual Loops": 1,
                                                                                                                                        "Output": [
                                                                                                                                            "t.id",
                                                                                                                                            "t.title",
                                                                                                                                            "t.imdb_index",
                                                                                                                                            "t.kind_id",
                                                                                                                                            "t.production_year",
                                                                                                                                            "t.imdb_id",
                                                                                                                                            "t.phonetic_code",
                                                                                                                                            "t.episode_of_id",
                                                                                                                                            "t.season_nr",
                                                                                                                                            "t.episode_nr",
                                                                                                                                            "t.series_years",
                                                                                                                                            "t.md5sum"
                                                                                                                                        ],
                                                                                                                                        "Filter": "(t.production_year > 1997)",
                                                                                                                                        "Rows Removed by Filter": 996699
                                                                                                                                    },
                                                                                                                                    {
                                                                                                                                        "Node Type": "Hash",
                                                                                                                                        "Parent Relationship": "Inner",
                                                                                                                                        "Parallel Aware": false,
                                                                                                                                        "Startup Cost": 10000000012.25,
                                                                                                                                        "Total Cost": 10000000012.25,
                                                                                                                                        "Plan Rows": 1,
                                                                                                                                        "Plan Width": 14,
                                                                                                                                        "Actual Startup Time": 0.033,
                                                                                                                                        "Actual Total Time": 0.035,
                                                                                                                                        "Actual Rows": 1,
                                                                                                                                        "Actual Loops": 1,
                                                                                                                                        "Output": [
                                                                                                                                            "kt.kind",
                                                                                                                                            "kt.id"
                                                                                                                                        ],
                                                                                                                                        "Hash Buckets": 1024,
                                                                                                                                        "Original Hash Buckets": 1024,
                                                                                                                                        "Hash Batches": 1,
                                                                                                                                        "Original Hash Batches": 1,
                                                                                                                                        "Peak Memory Usage": 9,
                                                                                                                                        "Plans": [
                                                                                                                                            {
                                                                                                                                                "Node Type": "Index Scan",
                                                                                                                                                "Parent Relationship": "Outer",
                                                                                                                                                "Parallel Aware": false,
                                                                                                                                                "Scan Direction": "Forward",
                                                                                                                                                "Index Name": "kind_type_pkey",
                                                                                                                                                "Relation Name": "kind_type",
                                                                                                                                                "Schema": "public",
                                                                                                                                                "Alias": "kt",
                                                                                                                                                "Startup Cost": 10000000000.13,
                                                                                                                                                "Total Cost": 10000000012.25,
                                                                                                                                                "Plan Rows": 1,
                                                                                                                                                "Plan Width": 14,
                                                                                                                                                "Actual Startup Time": 0.026,
                                                                                                                                                "Actual Total Time": 0.029,
                                                                                                                                                "Actual Rows": 1,
                                                                                                                                                "Actual Loops": 1,
                                                                                                                                                "Output": [
                                                                                                                                                    "kt.kind",
                                                                                                                                                    "kt.id"
                                                                                                                                                ],
                                                                                                                                                "Filter": "((kt.kind)::text = 'movie'::text)",
                                                                                                                                                "Rows Removed by Filter": 6
                                                                                                                                            }
                                                                                                                                        ]
                                                                                                                                    }
                                                                                                                                ]
                                                                                                                            }
                                                                                                                        ]
                                                                                                                    }
                                                                                                                ]
                                                                                                            },
                                                                                                            {
                                                                                                                "Node Type": "Hash",
                                                                                                                "Parent Relationship": "Inner",
                                                                                                                "Parallel Aware": false,
                                                                                                                "Startup Cost": 214668.03,
                                                                                                                "Total Cost": 214668.03,
                                                                                                                "Plan Rows": 322,
                                                                                                                "Plan Width": 8,
                                                                                                                "Actual Startup Time": 417.704,
                                                                                                                "Actual Total Time": 417.846,
                                                                                                                "Actual Rows": 1783,
                                                                                                                "Actual Loops": 1,
                                                                                                                "Output": [
                                                                                                                    "mi.movie_id",
                                                                                                                    "mi.info_type_id"
                                                                                                                ],
                                                                                                                "Hash Buckets": 2048,
                                                                                                                "Original Hash Buckets": 1024,
                                                                                                                "Hash Batches": 1,
                                                                                                                "Original Hash Batches": 1,
                                                                                                                "Peak Memory Usage": 86,
                                                                                                                "Plans": [
                                                                                                                    {
                                                                                                                        "Node Type": "Gather",
                                                                                                                        "Parent Relationship": "Outer",
                                                                                                                        "Parallel Aware": false,
                                                                                                                        "Startup Cost": 1000.0,
                                                                                                                        "Total Cost": 214668.03,
                                                                                                                        "Plan Rows": 322,
                                                                                                                        "Plan Width": 8,
                                                                                                                        "Actual Startup Time": 126.634,
                                                                                                                        "Actual Total Time": 417.519,
                                                                                                                        "Actual Rows": 1783,
                                                                                                                        "Actual Loops": 1,
                                                                                                                        "Output": [
                                                                                                                            "mi.movie_id",
                                                                                                                            "mi.info_type_id"
                                                                                                                        ],
                                                                                                                        "Workers Planned": 5,
                                                                                                                        "Workers Launched": 5,
                                                                                                                        "Single Copy": false,
                                                                                                                        "Plans": [
                                                                                                                            {
                                                                                                                                "Node Type": "Seq Scan",
                                                                                                                                "Parent Relationship": "Outer",
                                                                                                                                "Parallel Aware": true,
                                                                                                                                "Relation Name": "movie_info",
                                                                                                                                "Schema": "public",
                                                                                                                                "Alias": "mi",
                                                                                                                                "Startup Cost": 0.0,
                                                                                                                                "Total Cost": 213635.83,
                                                                                                                                "Plan Rows": 64,
                                                                                                                                "Plan Width": 8,
                                                                                                                                "Actual Startup Time": 117.458,
                                                                                                                                "Actual Total Time": 407.36,
                                                                                                                                "Actual Rows": 297,
                                                                                                                                "Actual Loops": 6,
                                                                                                                                "Output": [
                                                                                                                                    "mi.movie_id",
                                                                                                                                    "mi.info_type_id"
                                                                                                                                ],
                                                                                                                                "Filter": "((mi.info IS NOT NULL) AND (mi.note ~~ '%internet%'::text) AND ((mi.info ~~ 'USA:% 199%'::text) OR (mi.info ~~ 'USA:% 200%'::text)))",
                                                                                                                                "Rows Removed by Filter": 2472323,
                                                                                                                                "Workers": [
                                                                                                                                    {
                                                                                                                                        "Worker Number": 0,
                                                                                                                                        "Actual Startup Time": 115.361,
                                                                                                                                        "Actual Total Time": 404.822,
                                                                                                                                        "Actual Rows": 277,
                                                                                                                                        "Actual Loops": 1
                                                                                                                                    },
                                                                                                                                    {
                                                                                                                                        "Worker Number": 1,
                                                                                                                                        "Actual Startup Time": 115.256,
                                                                                                                                        "Actual Total Time": 405.504,
                                                                                                                                        "Actual Rows": 247,
                                                                                                                                        "Actual Loops": 1
                                                                                                                                    },
                                                                                                                                    {
                                                                                                                                        "Worker Number": 2,
                                                                                                                                        "Actual Startup Time": 115.324,
                                                                                                                                        "Actual Total Time": 405.654,
                                                                                                                                        "Actual Rows": 279,
                                                                                                                                        "Actual Loops": 1
                                                                                                                                    },
                                                                                                                                    {
                                                                                                                                        "Worker Number": 3,
                                                                                                                                        "Actual Startup Time": 115.132,
                                                                                                                                        "Actual Total Time": 405.663,
                                                                                                                                        "Actual Rows": 262,
                                                                                                                                        "Actual Loops": 1
                                                                                                                                    },
                                                                                                                                    {
                                                                                                                                        "Worker Number": 4,
                                                                                                                                        "Actual Startup Time": 117.478,
                                                                                                                                        "Actual Total Time": 406.232,
                                                                                                                                        "Actual Rows": 256,
                                                                                                                                        "Actual Loops": 1
                                                                                                                                    }
                                                                                                                                ]
                                                                                                                            }
                                                                                                                        ]
                                                                                                                    }
                                                                                                                ]
                                                                                                            }
                                                                                                        ]
                                                                                                    }
                                                                                                ]
                                                                                            }
                                                                                        ]
                                                                                    },
                                                                                    {
                                                                                        "Node Type": "Hash",
                                                                                        "Parent Relationship": "Inner",
                                                                                        "Parallel Aware": false,
                                                                                        "Startup Cost": 177177.46,
                                                                                        "Total Cost": 177177.46,
                                                                                        "Plan Rows": 4523930,
                                                                                        "Plan Width": 8,
                                                                                        "Actual Startup Time": 1740.071,
                                                                                        "Actual Total Time": 1740.073,
                                                                                        "Actual Rows": 4523930,
                                                                                        "Actual Loops": 1,
                                                                                        "Output": [
                                                                                            "mk.movie_id",
                                                                                            "mk.keyword_id"
                                                                                        ],
                                                                                        "Hash Buckets": 8388608,
                                                                                        "Original Hash Buckets": 8388608,
                                                                                        "Hash Batches": 1,
                                                                                        "Original Hash Batches": 1,
                                                                                        "Peak Memory Usage": 242253,
                                                                                        "Plans": [
                                                                                            {
                                                                                                "Node Type": "Index Scan",
                                                                                                "Parent Relationship": "Outer",
                                                                                                "Parallel Aware": false,
                                                                                                "Scan Direction": "Forward",
                                                                                                "Index Name": "movie_id_movie_keyword",
                                                                                                "Relation Name": "movie_keyword",
                                                                                                "Schema": "public",
                                                                                                "Alias": "mk",
                                                                                                "Startup Cost": 0.43,
                                                                                                "Total Cost": 177177.46,
                                                                                                "Plan Rows": 4523930,
                                                                                                "Plan Width": 8,
                                                                                                "Actual Startup Time": 0.027,
                                                                                                "Actual Total Time": 977.211,
                                                                                                "Actual Rows": 4523930,
                                                                                                "Actual Loops": 1,
                                                                                                "Output": [
                                                                                                    "mk.movie_id",
                                                                                                    "mk.keyword_id"
                                                                                                ]
                                                                                            }
                                                                                        ]
                                                                                    }
                                                                                ]
                                                                            },
                                                                            {
                                                                                "Node Type": "Index Scan",
                                                                                "Parent Relationship": "Inner",
                                                                                "Parallel Aware": false,
                                                                                "Scan Direction": "Forward",
                                                                                "Index Name": "comp_cast_type_pkey",
                                                                                "Relation Name": "comp_cast_type",
                                                                                "Schema": "public",
                                                                                "Alias": "cct1",
                                                                                "Startup Cost": 0.13,
                                                                                "Total Cost": 0.15,
                                                                                "Plan Rows": 1,
                                                                                "Plan Width": 4,
                                                                                "Actual Startup Time": 0.001,
                                                                                "Actual Total Time": 0.001,
                                                                                "Actual Rows": 1,
                                                                                "Actual Loops": 690,
                                                                                "Output": [
                                                                                    "cct1.id",
                                                                                    "cct1.kind"
                                                                                ],
                                                                                "Index Cond": "(cct1.id = cc.status_id)",
                                                                                "Rows Removed by Index Recheck": 0,
                                                                                "Filter": "((cct1.kind)::text = 'complete+verified'::text)",
                                                                                "Rows Removed by Filter": 0
                                                                            }
                                                                        ]
                                                                    }
                                                                ]
                                                            }
                                                        ]
                                                    }
                                                ]
                                            }
                                        ]
                                    }
                                ]
                            },
                            {
                                "Node Type": "Index Scan",
                                "Parent Relationship": "Inner",
                                "Parallel Aware": false,
                                "Scan Direction": "Forward",
                                "Index Name": "company_name_pkey",
                                "Relation Name": "company_name",
                                "Schema": "public",
                                "Alias": "cn",
                                "Startup Cost": 0.42,
                                "Total Cost": 12454.44,
                                "Plan Rows": 84301,
                                "Plan Width": 4,
                                "Actual Startup Time": 0.024,
                                "Actual Total Time": 104.873,
                                "Actual Rows": 75246,
                                "Actual Loops": 1,
                                "Output": [
                                    "cn.id",
                                    "cn.name",
                                    "cn.country_code",
                                    "cn.imdb_id",
                                    "cn.name_pcode_nf",
                                    "cn.name_pcode_sf",
                                    "cn.md5sum"
                                ],
                                "Filter": "((cn.country_code)::text = '[us]'::text)",
                                "Rows Removed by Filter": 138116
                            }
                        ]
                    },
                    {
                        "Node Type": "Bitmap Heap Scan",
                        "Parent Relationship": "Inner",
                        "Parallel Aware": false,
                        "Relation Name": "company_type",
                        "Schema": "public",
                        "Alias": "ct",
                        "Startup Cost": 0.14,
                        "Total Cost": 4.15,
                        "Plan Rows": 1,
                        "Plan Width": 4,
                        "Actual Startup Time": 0.002,
                        "Actual Total Time": 0.002,
                        "Actual Rows": 1,
                        "Actual Loops": 628,
                        "Output": [
                            "ct.id",
                            "ct.kind"
                        ],
                        "Recheck Cond": "(ct.id = mc.company_type_id)",
                        "Rows Removed by Index Recheck": 0,
                        "Exact Heap Blocks": 628,
                        "Lossy Heap Blocks": 0,
                        "Plans": [
                            {
                                "Node Type": "Bitmap Index Scan",
                                "Parent Relationship": "Outer",
                                "Parallel Aware": false,
                                "Index Name": "company_type_pkey",
                                "Startup Cost": 0.0,
                                "Total Cost": 0.14,
                                "Plan Rows": 1,
                                "Plan Width": 0,
                                "Actual Startup Time": 0.001,
                                "Actual Total Time": 0.001,
                                "Actual Rows": 1,
                                "Actual Loops": 628,
                                "Index Cond": "(ct.id = mc.company_type_id)"
                            }
                        ]
                    }
                ]
            }
        ]
    },
    "Planning Time": 22.961,
    "Triggers": [],
    "Execution Time": 3194.608
}