[
  {
    "Plan": {
      "Node Type": "Aggregate",
      "Strategy": "Plain",
      "Partial Mode": "Finalize",
      "Parallel Aware": false,
      "Startup Cost": 347794.38,
      "Total Cost": 347794.39,
      "Plan Rows": 1,
      "Plan Width": 8,
      "Actual Startup Time": 646.236,
      "Actual Total Time": 702.659,
      "Actual Rows": 1,
      "Actual Loops": 1,
      "Plans": [
        {
          "Node Type": "Gather",
          "Parent Relationship": "Outer",
          "Parallel Aware": false,
          "Startup Cost": 347793.75,
          "Total Cost": 347794.36,
          "Plan Rows": 6,
          "Plan Width": 8,
          "Actual Startup Time": 646.126,
          "Actual Total Time": 702.646,
          "Actual Rows": 7,
          "Actual Loops": 1,
          "Workers Planned": 6,
          "Workers Launched": 6,
          "Single Copy": false,
          "Plans": [
            {
              "Node Type": "Aggregate",
              "Strategy": "Plain",
              "Partial Mode": "Partial",
              "Parent Relationship": "Outer",
              "Parallel Aware": false,
              "Startup Cost": 346793.75,
              "Total Cost": 346793.76,
              "Plan Rows": 1,
              "Plan Width": 8,
              "Actual Startup Time": 636.657,
              "Actual Total Time": 636.658,
              "Actual Rows": 1,
              "Actual Loops": 7,
              "Plans": [
                {
                  "Node Type": "Seq Scan",
                  "Parent Relationship": "Outer",
                  "Parallel Aware": true,
                  "Relation Name": "cast_info",
                  "Alias": "ci",
                  "Startup Cost": 0.0,
                  "Total Cost": 343257.03,
                  "Plan Rows": 1414690,
                  "Plan Width": 0,
                  "Actual Startup Time": 321.567,
                  "Actual Total Time": 604.562,
                  "Actual Rows": 762883,
                  "Actual Loops": 7,
                  "Filter": "((person_id > 2651054) AND (role_id < 8))",
                  "Rows Removed by Filter": 4414881
                }
              ]
            }
          ]
        }
      ]
    },
    "Planning Time": 0.253,
    "Triggers": [],
    "Execution Time": 702.752
  }
]