[
  {
    "Plan": {
      "Node Type": "Aggregate",
      "Strategy": "Plain",
      "Partial Mode": "Finalize",
      "Parallel Aware": false,
      "Startup Cost": 352488.6,
      "Total Cost": 352488.61,
      "Plan Rows": 1,
      "Plan Width": 8,
      "Actual Startup Time": 954.027,
      "Actual Total Time": 1000.864,
      "Actual Rows": 1,
      "Actual Loops": 1,
      "Plans": [
        {
          "Node Type": "Gather",
          "Parent Relationship": "Outer",
          "Parallel Aware": false,
          "Startup Cost": 352487.97,
          "Total Cost": 352488.58,
          "Plan Rows": 6,
          "Plan Width": 8,
          "Actual Startup Time": 953.846,
          "Actual Total Time": 1000.833,
          "Actual Rows": 7,
          "Actual Loops": 1,
          "Workers Planned": 6,
          "Workers Launched": 6,
          "Single Copy": false,
          "Plans": [
            {
              "Node Type": "Aggregate",
              "Strategy": "Plain",
              "Partial Mode": "Partial",
              "Parent Relationship": "Outer",
              "Parallel Aware": false,
              "Startup Cost": 351487.97,
              "Total Cost": 351487.98,
              "Plan Rows": 1,
              "Plan Width": 8,
              "Actual Startup Time": 945.106,
              "Actual Total Time": 945.108,
              "Actual Rows": 1,
              "Actual Loops": 7,
              "Plans": [
                {
                  "Node Type": "Seq Scan",
                  "Parent Relationship": "Outer",
                  "Parallel Aware": true,
                  "Relation Name": "cast_info",
                  "Alias": "ci",
                  "Startup Cost": 0.0,
                  "Total Cost": 343316.27,
                  "Plan Rows": 3268681,
                  "Plan Width": 0,
                  "Actual Startup Time": 106.974,
                  "Actual Total Time": 792.127,
                  "Actual Rows": 2658240,
                  "Actual Loops": 7,
                  "Filter": "((person_id > 669301) AND (role_id < 4))",
                  "Rows Removed by Filter": 2519524
                }
              ]
            }
          ]
        }
      ]
    },
    "Planning Time": 0.173,
    "Triggers": [],
    "Execution Time": 1000.924
  }
]