[
  {
    "Plan": {
      "Node Type": "Aggregate",
      "Strategy": "Plain",
      "Partial Mode": "Finalize",
      "Parallel Aware": false,
      "Startup Cost": 224068.57,
      "Total Cost": 224068.58,
      "Plan Rows": 1,
      "Plan Width": 8,
      "Actual Startup Time": 260.224,
      "Actual Total Time": 270.793,
      "Actual Rows": 1,
      "Actual Loops": 1,
      "Plans": [
        {
          "Node Type": "Gather",
          "Parent Relationship": "Outer",
          "Parallel Aware": false,
          "Startup Cost": 224068.05,
          "Total Cost": 224068.56,
          "Plan Rows": 5,
          "Plan Width": 8,
          "Actual Startup Time": 250.891,
          "Actual Total Time": 270.781,
          "Actual Rows": 6,
          "Actual Loops": 1,
          "Workers Planned": 5,
          "Workers Launched": 5,
          "Single Copy": false,
          "Plans": [
            {
              "Node Type": "Aggregate",
              "Strategy": "Plain",
              "Partial Mode": "Partial",
              "Parent Relationship": "Outer",
              "Parallel Aware": false,
              "Startup Cost": 223068.05,
              "Total Cost": 223068.06,
              "Plan Rows": 1,
              "Plan Width": 8,
              "Actual Startup Time": 242.107,
              "Actual Total Time": 242.111,
              "Actual Rows": 1,
              "Actual Loops": 6,
              "Plans": [
                {
                  "Node Type": "Hash Join",
                  "Parent Relationship": "Outer",
                  "Parallel Aware": true,
                  "Join Type": "Inner",
                  "Startup Cost": 52512.22,
                  "Total Cost": 223006.2,
                  "Plan Rows": 24739,
                  "Plan Width": 0,
                  "Actual Startup Time": 220.208,
                  "Actual Total Time": 241.591,
                  "Actual Rows": 7141,
                  "Actual Loops": 6,
                  "Inner Unique": true,
                  "Hash Cond": "(mi.movie_id = t.id)",
                  "Plans": [
                    {
                      "Node Type": "Bitmap Heap Scan",
                      "Parent Relationship": "Outer",
                      "Parallel Aware": true,
                      "Relation Name": "movie_info",
                      "Alias": "mi",
                      "Startup Cost": 3374.32,
                      "Total Cost": 173770.36,
                      "Plan Rows": 37313,
                      "Plan Width": 4,
                      "Actual Startup Time": 16.072,
                      "Actual Total Time": 26.44,
                      "Actual Rows": 30019,
                      "Actual Loops": 6,
                      "Recheck Cond": "(info_type_id = 13)",
                      "Rows Removed by Index Recheck": 0,
                      "Exact Heap Blocks": 1170,
                      "Lossy Heap Blocks": 0,
                      "Plans": [
                        {
                          "Node Type": "Bitmap Index Scan",
                          "Parent Relationship": "Outer",
                          "Parallel Aware": false,
                          "Index Name": "info_type_id_movie_info",
                          "Startup Cost": 0.0,
                          "Total Cost": 3327.68,
                          "Plan Rows": 186566,
                          "Plan Width": 0,
                          "Actual Startup Time": 15.125,
                          "Actual Total Time": 15.126,
                          "Actual Rows": 180112,
                          "Actual Loops": 1,
                          "Index Cond": "(info_type_id = 13)"
                        }
                      ]
                    },
                    {
                      "Node Type": "Hash",
                      "Parent Relationship": "Inner",
                      "Parallel Aware": true,
                      "Startup Cost": 43899.32,
                      "Total Cost": 43899.32,
                      "Plan Rows": 419086,
                      "Plan Width": 4,
                      "Actual Startup Time": 200.389,
                      "Actual Total Time": 200.39,
                      "Actual Rows": 279016,
                      "Actual Loops": 6,
                      "Hash Buckets": 2097152,
                      "Original Hash Buckets": 2097152,
                      "Hash Batches": 1,
                      "Original Hash Batches": 1,
                      "Peak Memory Usage": 81984,
                      "Plans": [
                        {
                          "Node Type": "Seq Scan",
                          "Parent Relationship": "Outer",
                          "Parallel Aware": true,
                          "Relation Name": "title",
                          "Alias": "t",
                          "Startup Cost": 0.0,
                          "Total Cost": 43899.32,
                          "Plan Rows": 419086,
                          "Plan Width": 4,
                          "Actual Startup Time": 0.035,
                          "Actual Total Time": 86.217,
                          "Actual Rows": 279016,
                          "Actual Loops": 6,
                          "Filter": "(kind_id > 3)",
                          "Rows Removed by Filter": 142369
                        }
                      ]
                    }
                  ]
                }
              ]
            }
          ]
        }
      ]
    },
    "Planning Time": 0.327,
    "Triggers": [],
    "Execution Time": 270.85
  }
]