[
  {
    "Plan": {
      "Node Type": "Aggregate",
      "Strategy": "Plain",
      "Partial Mode": "Finalize",
      "Parallel Aware": false,
      "Startup Cost": 120964.72,
      "Total Cost": 120964.73,
      "Plan Rows": 1,
      "Plan Width": 8,
      "Actual Startup Time": 575.539,
      "Actual Total Time": 610.361,
      "Actual Rows": 1,
      "Actual Loops": 1,
      "Plans": [
        {
          "Node Type": "Gather",
          "Parent Relationship": "Outer",
          "Parallel Aware": false,
          "Startup Cost": 120964.41,
          "Total Cost": 120964.72,
          "Plan Rows": 3,
          "Plan Width": 8,
          "Actual Startup Time": 571.881,
          "Actual Total Time": 610.35,
          "Actual Rows": 4,
          "Actual Loops": 1,
          "Workers Planned": 3,
          "Workers Launched": 3,
          "Single Copy": false,
          "Plans": [
            {
              "Node Type": "Aggregate",
              "Strategy": "Plain",
              "Partial Mode": "Partial",
              "Parent Relationship": "Outer",
              "Parallel Aware": false,
              "Startup Cost": 119964.41,
              "Total Cost": 119964.42,
              "Plan Rows": 1,
              "Plan Width": 8,
              "Actual Startup Time": 567.434,
              "Actual Total Time": 567.437,
              "Actual Rows": 1,
              "Actual Loops": 4,
              "Plans": [
                {
                  "Node Type": "Nested Loop",
                  "Parent Relationship": "Outer",
                  "Parallel Aware": false,
                  "Join Type": "Inner",
                  "Startup Cost": 45628.4,
                  "Total Cost": 119925.44,
                  "Plan Rows": 15588,
                  "Plan Width": 0,
                  "Actual Startup Time": 95.202,
                  "Actual Total Time": 550.819,
                  "Actual Rows": 359217,
                  "Actual Loops": 4,
                  "Inner Unique": false,
                  "Join Filter": "(t.id = mi.movie_id)",
                  "Rows Removed by Join Filter": 0,
                  "Plans": [
                    {
                      "Node Type": "Hash Join",
                      "Parent Relationship": "Outer",
                      "Parallel Aware": true,
                      "Join Type": "Inner",
                      "Startup Cost": 45627.96,
                      "Total Cost": 90831.09,
                      "Plan Rows": 17937,
                      "Plan Width": 8,
                      "Actual Startup Time": 94.834,
                      "Actual Total Time": 260.372,
                      "Actual Rows": 14147,
                      "Actual Loops": 4,
                      "Inner Unique": true,
                      "Hash Cond": "(mk.movie_id = t.id)",
                      "Plans": [
                        {
                          "Node Type": "Seq Scan",
                          "Parent Relationship": "Outer",
                          "Parallel Aware": true,
                          "Relation Name": "movie_keyword",
                          "Alias": "mk",
                          "Startup Cost": 0.0,
                          "Total Cost": 42695.65,
                          "Plan Rows": 955227,
                          "Plan Width": 4,
                          "Actual Startup Time": 0.158,
                          "Actual Total Time": 112.511,
                          "Actual Rows": 742010,
                          "Actual Loops": 4,
                          "Filter": "(keyword_id > 2324)",
                          "Rows Removed by Filter": 388972
                        },
                        {
                          "Node Type": "Hash",
                          "Parent Relationship": "Inner",
                          "Parallel Aware": true,
                          "Startup Cost": 45479.59,
                          "Total Cost": 45479.59,
                          "Plan Rows": 11870,
                          "Plan Width": 4,
                          "Actual Startup Time": 93.912,
                          "Actual Total Time": 93.913,
                          "Actual Rows": 10691,
                          "Actual Loops": 4,
                          "Hash Buckets": 65536,
                          "Original Hash Buckets": 65536,
                          "Hash Batches": 1,
                          "Original Hash Batches": 1,
                          "Peak Memory Usage": 2272,
                          "Plans": [
                            {
                              "Node Type": "Seq Scan",
                              "Parent Relationship": "Outer",
                              "Parallel Aware": true,
                              "Relation Name": "title",
                              "Alias": "t",
                              "Startup Cost": 0.0,
                              "Total Cost": 45479.59,
                              "Plan Rows": 11870,
                              "Plan Width": 4,
                              "Actual Startup Time": 0.063,
                              "Actual Total Time": 89.372,
                              "Actual Rows": 10691,
                              "Actual Loops": 4,
                              "Filter": "((kind_id < 3) AND (production_year = 2011))",
                              "Rows Removed by Filter": 621387
                            }
                          ]
                        }
                      ]
                    },
                    {
                      "Node Type": "Index Scan",
                      "Parent Relationship": "Inner",
                      "Parallel Aware": false,
                      "Scan Direction": "Forward",
                      "Index Name": "movie_id_movie_info",
                      "Relation Name": "movie_info",
                      "Alias": "mi",
                      "Startup Cost": 0.43,
                      "Total Cost": 1.55,
                      "Plan Rows": 6,
                      "Plan Width": 4,
                      "Actual Startup Time": 0.005,
                      "Actual Total Time": 0.018,
                      "Actual Rows": 25,
                      "Actual Loops": 56588,
                      "Index Cond": "(movie_id = mk.movie_id)",
                      "Rows Removed by Index Recheck": 0,
                      "Filter": "(info_type_id > 16)",
                      "Rows Removed by Filter": 47
                    }
                  ]
                }
              ]
            }
          ]
        }
      ]
    },
    "Planning Time": 0.537,
    "Triggers": [],
    "Execution Time": 610.419
  }
]