[
  {
    "Plan": {
      "Node Type": "Aggregate",
      "Strategy": "Plain",
      "Partial Mode": "Finalize",
      "Parallel Aware": false,
      "Startup Cost": 122106.13,
      "Total Cost": 122106.14,
      "Plan Rows": 1,
      "Plan Width": 8,
      "Actual Startup Time": 606.311,
      "Actual Total Time": 639.701,
      "Actual Rows": 1,
      "Actual Loops": 1,
      "Plans": [
        {
          "Node Type": "Gather",
          "Parent Relationship": "Outer",
          "Parallel Aware": false,
          "Startup Cost": 122105.82,
          "Total Cost": 122106.13,
          "Plan Rows": 3,
          "Plan Width": 8,
          "Actual Startup Time": 605.651,
          "Actual Total Time": 639.691,
          "Actual Rows": 4,
          "Actual Loops": 1,
          "Workers Planned": 3,
          "Workers Launched": 3,
          "Single Copy": false,
          "Plans": [
            {
              "Node Type": "Aggregate",
              "Strategy": "Plain",
              "Partial Mode": "Partial",
              "Parent Relationship": "Outer",
              "Parallel Aware": false,
              "Startup Cost": 121105.82,
              "Total Cost": 121105.83,
              "Plan Rows": 1,
              "Plan Width": 8,
              "Actual Startup Time": 596.213,
              "Actual Total Time": 596.217,
              "Actual Rows": 1,
              "Actual Loops": 4,
              "Plans": [
                {
                  "Node Type": "Nested Loop",
                  "Parent Relationship": "Outer",
                  "Parallel Aware": false,
                  "Join Type": "Inner",
                  "Startup Cost": 45629.77,
                  "Total Cost": 121063.95,
                  "Plan Rows": 16748,
                  "Plan Width": 0,
                  "Actual Startup Time": 108.958,
                  "Actual Total Time": 579.221,
                  "Actual Rows": 359217,
                  "Actual Loops": 4,
                  "Inner Unique": false,
                  "Join Filter": "(t.id = mi.movie_id)",
                  "Rows Removed by Join Filter": 0,
                  "Plans": [
                    {
                      "Node Type": "Hash Join",
                      "Parent Relationship": "Outer",
                      "Parallel Aware": true,
                      "Join Type": "Inner",
                      "Startup Cost": 45629.34,
                      "Total Cost": 90848.85,
                      "Plan Rows": 18283,
                      "Plan Width": 8,
                      "Actual Startup Time": 108.567,
                      "Actual Total Time": 281.332,
                      "Actual Rows": 14147,
                      "Actual Loops": 4,
                      "Inner Unique": true,
                      "Hash Cond": "(mk.movie_id = t.id)",
                      "Plans": [
                        {
                          "Node Type": "Seq Scan",
                          "Parent Relationship": "Outer",
                          "Parallel Aware": true,
                          "Relation Name": "movie_keyword",
                          "Alias": "mk",
                          "Startup Cost": 0.0,
                          "Total Cost": 42695.65,
                          "Plan Rows": 961472,
                          "Plan Width": 4,
                          "Actual Startup Time": 0.169,
                          "Actual Total Time": 115.355,
                          "Actual Rows": 742010,
                          "Actual Loops": 4,
                          "Filter": "(keyword_id > 2324)",
                          "Rows Removed by Filter": 388972
                        },
                        {
                          "Node Type": "Hash",
                          "Parent Relationship": "Inner",
                          "Parallel Aware": true,
                          "Startup Cost": 45479.1,
                          "Total Cost": 45479.1,
                          "Plan Rows": 12019,
                          "Plan Width": 4,
                          "Actual Startup Time": 106.683,
                          "Actual Total Time": 106.685,
                          "Actual Rows": 10691,
                          "Actual Loops": 4,
                          "Hash Buckets": 65536,
                          "Original Hash Buckets": 65536,
                          "Hash Batches": 1,
                          "Original Hash Batches": 1,
                          "Peak Memory Usage": 2272,
                          "Plans": [
                            {
                              "Node Type": "Seq Scan",
                              "Parent Relationship": "Outer",
                              "Parallel Aware": true,
                              "Relation Name": "title",
                              "Alias": "t",
                              "Startup Cost": 0.0,
                              "Total Cost": 45479.1,
                              "Plan Rows": 12019,
                              "Plan Width": 4,
                              "Actual Startup Time": 0.106,
                              "Actual Total Time": 102.037,
                              "Actual Rows": 10691,
                              "Actual Loops": 4,
                              "Filter": "((kind_id < 3) AND (production_year = 2011))",
                              "Rows Removed by Filter": 621387
                            }
                          ]
                        }
                      ]
                    },
                    {
                      "Node Type": "Index Scan",
                      "Parent Relationship": "Inner",
                      "Parallel Aware": false,
                      "Scan Direction": "Forward",
                      "Index Name": "movie_id_movie_info",
                      "Relation Name": "movie_info",
                      "Alias": "mi",
                      "Startup Cost": 0.43,
                      "Total Cost": 1.57,
                      "Plan Rows": 7,
                      "Plan Width": 4,
                      "Actual Startup Time": 0.005,
                      "Actual Total Time": 0.019,
                      "Actual Rows": 25,
                      "Actual Loops": 56588,
                      "Index Cond": "(movie_id = mk.movie_id)",
                      "Rows Removed by Index Recheck": 0,
                      "Filter": "(info_type_id > 16)",
                      "Rows Removed by Filter": 47
                    }
                  ]
                }
              ]
            }
          ]
        }
      ]
    },
    "Planning Time": 1.408,
    "Triggers": [],
    "Execution Time": 639.791
  }
]