{
  "Plan": {
    "Node Type": "Aggregate",
    "Strategy": "Plain",
    "Partial Mode": "Finalize",
    "Parallel Aware": false,
    "Startup Cost": 226374.42,
    "Total Cost": 226374.43,
    "Plan Rows": 1,
    "Plan Width": 8,
    "Actual Startup Time": 648.97,
    "Actual Total Time": 668.277,
    "Actual Rows": 1,
    "Actual Loops": 1,
    "Plans": [
      {
        "Node Type": "Gather",
        "Parent Relationship": "Outer",
        "Parallel Aware": false,
        "Startup Cost": 226374.3,
        "Total Cost": 226374.41,
        "Plan Rows": 1,
        "Plan Width": 8,
        "Actual Startup Time": 640.743,
        "Actual Total Time": 668.269,
        "Actual Rows": 2,
        "Actual Loops": 1,
        "Workers Planned": 1,
        "Workers Launched": 1,
        "Single Copy": false,
        "Plans": [
          {
            "Node Type": "Aggregate",
            "Strategy": "Plain",
            "Partial Mode": "Partial",
            "Parent Relationship": "Outer",
            "Parallel Aware": false,
            "Startup Cost": 225374.3,
            "Total Cost": 225374.31,
            "Plan Rows": 1,
            "Plan Width": 8,
            "Actual Startup Time": 631.272,
            "Actual Total Time": 631.276,
            "Actual Rows": 1,
            "Actual Loops": 2,
            "Plans": [
              {
                "Node Type": "Hash Join",
                "Parent Relationship": "Outer",
                "Parallel Aware": true,
                "Join Type": "Inner",
                "Startup Cost": 73323.8,
                "Total Cost": 225233.97,
                "Plan Rows": 56132,
                "Plan Width": 0,
                "Actual Startup Time": 603.704,
                "Actual Total Time": 628.54,
                "Actual Rows": 54361,
                "Actual Loops": 2,
                "Inner Unique": true,
                "Hash Cond": "(mi.movie_id = t.id)",
                "Plans": [
                  {
                    "Node Type": "Bitmap Heap Scan",
                    "Parent Relationship": "Outer",
                    "Parallel Aware": true,
                    "Relation Name": "movie_info",
                    "Alias": "mi",
                    "Startup Cost": 1913.73,
                    "Total Cost": 153661.06,
                    "Plan Rows": 62034,
                    "Plan Width": 4,
                    "Actual Startup Time": 4.137,
                    "Actual Total Time": 15.953,
                    "Actual Rows": 54517,
                    "Actual Loops": 2,
                    "Recheck Cond": "(info_type_id = 106)",
                    "Rows Removed by Index Recheck": 0,
                    "Exact Heap Blocks": 2945,
                    "Lossy Heap Blocks": 0,
                    "Plans": [
                      {
                        "Node Type": "Bitmap Index Scan",
                        "Parent Relationship": "Outer",
                        "Parallel Aware": false,
                        "Index Name": "info_type_id_movie_info",
                        "Startup Cost": 0.0,
                        "Total Cost": 1887.36,
                        "Plan Rows": 105457,
                        "Plan Width": 0,
                        "Actual Startup Time": 3.48,
                        "Actual Total Time": 3.481,
                        "Actual Rows": 109034,
                        "Actual Loops": 1,
                        "Index Cond": "(info_type_id = 106)"
                      }
                    ]
                  },
                  {
                    "Node Type": "Hash",
                    "Parent Relationship": "Inner",
                    "Parallel Aware": true,
                    "Startup Cost": 54588.39,
                    "Total Cost": 54588.39,
                    "Plan Rows": 1345735,
                    "Plan Width": 4,
                    "Actual Startup Time": 579.949,
                    "Actual Total Time": 579.95,
                    "Actual Rows": 1140804,
                    "Actual Loops": 2,
                    "Hash Buckets": 4194304,
                    "Original Hash Buckets": 4194304,
                    "Hash Batches": 1,
                    "Original Hash Batches": 1,
                    "Peak Memory Usage": 122048,
                    "Plans": [
                      {
                        "Node Type": "Seq Scan",
                        "Parent Relationship": "Outer",
                        "Parallel Aware": true,
                        "Relation Name": "title",
                        "Alias": "t",
                        "Startup Cost": 0.0,
                        "Total Cost": 54588.39,
                        "Plan Rows": 1345735,
                        "Plan Width": 4,
                        "Actual Startup Time": 0.021,
                        "Actual Total Time": 209.441,
                        "Actual Rows": 1140804,
                        "Actual Loops": 2,
                        "Filter": "(production_year > 1951)",
                        "Rows Removed by Filter": 123352
                      }
                    ]
                  }
                ]
              }
            ]
          }
        ]
      }
    ]
  },
  "Planning Time": 0.372,
  "Triggers": [],
  "Execution Time": 668.338
}