[
  {
    "Plan": {
      "Node Type": "Aggregate",
      "Strategy": "Plain",
      "Partial Mode": "Finalize",
      "Parallel Aware": false,
      "Startup Cost": 46394.33,
      "Total Cost": 46394.34,
      "Plan Rows": 1,
      "Plan Width": 8,
      "Actual Startup Time": 194.439,
      "Actual Total Time": 204.597,
      "Actual Rows": 1,
      "Actual Loops": 1,
      "Plans": [
        {
          "Node Type": "Gather",
          "Parent Relationship": "Outer",
          "Parallel Aware": false,
          "Startup Cost": 46394.01,
          "Total Cost": 46394.32,
          "Plan Rows": 3,
          "Plan Width": 8,
          "Actual Startup Time": 194.276,
          "Actual Total Time": 204.588,
          "Actual Rows": 4,
          "Actual Loops": 1,
          "Workers Planned": 3,
          "Workers Launched": 3,
          "Single Copy": false,
          "Plans": [
            {
              "Node Type": "Aggregate",
              "Strategy": "Plain",
              "Partial Mode": "Partial",
              "Parent Relationship": "Outer",
              "Parallel Aware": false,
              "Startup Cost": 45394.01,
              "Total Cost": 45394.02,
              "Plan Rows": 1,
              "Plan Width": 8,
              "Actual Startup Time": 187.43,
              "Actual Total Time": 187.431,
              "Actual Rows": 1,
              "Actual Loops": 4,
              "Plans": [
                {
                  "Node Type": "Seq Scan",
                  "Parent Relationship": "Outer",
                  "Parallel Aware": true,
                  "Relation Name": "movie_keyword",
                  "Alias": "mk",
                  "Startup Cost": 0.0,
                  "Total Cost": 42695.65,
                  "Plan Rows": 1079344,
                  "Plan Width": 0,
                  "Actual Startup Time": 0.145,
                  "Actual Total Time": 140.742,
                  "Actual Rows": 835545,
                  "Actual Loops": 4,
                  "Filter": "(keyword_id > 1399)",
                  "Rows Removed by Filter": 295437
                }
              ]
            }
          ]
        }
      ]
    },
    "Planning Time": 0.164,
    "Triggers": [],
    "Execution Time": 204.632
  }
]