{
  "Plan": {
    "Node Type": "Aggregate",
    "Strategy": "Plain",
    "Partial Mode": "Finalize",
    "Parallel Aware": false,
    "Startup Cost": 139481.09,
    "Total Cost": 139481.1,
    "Plan Rows": 1,
    "Plan Width": 8,
    "Actual Startup Time": 515.213,
    "Actual Total Time": 529.102,
    "Actual Rows": 1,
    "Actual Loops": 1,
    "Plans": [
      {
        "Node Type": "Gather",
        "Parent Relationship": "Outer",
        "Parallel Aware": false,
        "Startup Cost": 139480.98,
        "Total Cost": 139481.09,
        "Plan Rows": 1,
        "Plan Width": 8,
        "Actual Startup Time": 514.437,
        "Actual Total Time": 529.093,
        "Actual Rows": 2,
        "Actual Loops": 1,
        "Workers Planned": 1,
        "Workers Launched": 1,
        "Single Copy": false,
        "Plans": [
          {
            "Node Type": "Aggregate",
            "Strategy": "Plain",
            "Partial Mode": "Partial",
            "Parent Relationship": "Outer",
            "Parallel Aware": false,
            "Startup Cost": 138480.98,
            "Total Cost": 138480.99,
            "Plan Rows": 1,
            "Plan Width": 8,
            "Actual Startup Time": 509.388,
            "Actual Total Time": 509.393,
            "Actual Rows": 1,
            "Actual Loops": 2,
            "Plans": [
              {
                "Node Type": "Nested Loop",
                "Parent Relationship": "Outer",
                "Parallel Aware": false,
                "Join Type": "Inner",
                "Startup Cost": 28206.2,
                "Total Cost": 138438.8,
                "Plan Rows": 16872,
                "Plan Width": 0,
                "Actual Startup Time": 102.323,
                "Actual Total Time": 507.035,
                "Actual Rows": 34558,
                "Actual Loops": 2,
                "Inner Unique": false,
                "Plans": [
                  {
                    "Node Type": "Hash Join",
                    "Parent Relationship": "Outer",
                    "Parallel Aware": true,
                    "Join Type": "Inner",
                    "Startup Cost": 28205.77,
                    "Total Cost": 88988.71,
                    "Plan Rows": 92535,
                    "Plan Width": 8,
                    "Actual Startup Time": 102.108,
                    "Actual Total Time": 369.904,
                    "Actual Rows": 83516,
                    "Actual Loops": 2,
                    "Inner Unique": false,
                    "Hash Cond": "(t.id = mc.movie_id)",
                    "Plans": [
                      {
                        "Node Type": "Seq Scan",
                        "Parent Relationship": "Outer",
                        "Parallel Aware": true,
                        "Relation Name": "title",
                        "Alias": "t",
                        "Startup Cost": 0.0,
                        "Total Cost": 54588.39,
                        "Plan Rows": 904038,
                        "Plan Width": 4,
                        "Actual Startup Time": 0.011,
                        "Actual Total Time": 132.38,
                        "Actual Rows": 771632,
                        "Actual Loops": 2,
                        "Filter": "(kind_id = 7)",
                        "Rows Removed by Filter": 492524
                      },
                      {
                        "Node Type": "Hash",
                        "Parent Relationship": "Inner",
                        "Parallel Aware": true,
                        "Startup Cost": 26302.91,
                        "Total Cost": 26302.91,
                        "Plan Rows": 152229,
                        "Plan Width": 4,
                        "Actual Startup Time": 98.993,
                        "Actual Total Time": 98.994,
                        "Actual Rows": 128522,
                        "Actual Loops": 2,
                        "Hash Buckets": 262144,
                        "Original Hash Buckets": 262144,
                        "Hash Batches": 1,
                        "Original Hash Batches": 1,
                        "Peak Memory Usage": 12128,
                        "Plans": [
                          {
                            "Node Type": "Bitmap Heap Scan",
                            "Parent Relationship": "Outer",
                            "Parallel Aware": true,
                            "Relation Name": "movie_companies",
                            "Alias": "mc",
                            "Startup Cost": 5610.04,
                            "Total Cost": 26302.91,
                            "Plan Rows": 152229,
                            "Plan Width": 4,
                            "Actual Startup Time": 28.184,
                            "Actual Total Time": 72.59,
                            "Actual Rows": 128522,
                            "Actual Loops": 2,
                            "Recheck Cond": "(company_id < 127)",
                            "Rows Removed by Index Recheck": 0,
                            "Exact Heap Blocks": 11785,
                            "Lossy Heap Blocks": 0,
                            "Plans": [
                              {
                                "Node Type": "Bitmap Index Scan",
                                "Parent Relationship": "Outer",
                                "Parallel Aware": false,
                                "Index Name": "company_id_movie_companies",
                                "Startup Cost": 0.0,
                                "Total Cost": 5545.35,
                                "Plan Rows": 258789,
                                "Plan Width": 0,
                                "Actual Startup Time": 26.555,
                                "Actual Total Time": 26.555,
                                "Actual Rows": 257045,
                                "Actual Loops": 1,
                                "Index Cond": "(company_id < 127)"
                              }
                            ]
                          }
                        ]
                      }
                    ]
                  },
                  {
                    "Node Type": "Index Scan",
                    "Parent Relationship": "Inner",
                    "Parallel Aware": false,
                    "Scan Direction": "Forward",
                    "Index Name": "movie_id_movie_info_idx",
                    "Relation Name": "movie_info_idx",
                    "Alias": "mi_idx",
                    "Startup Cost": 0.43,
                    "Total Cost": 0.52,
                    "Plan Rows": 1,
                    "Plan Width": 4,
                    "Actual Startup Time": 0.001,
                    "Actual Total Time": 0.001,
                    "Actual Rows": 0,
                    "Actual Loops": 167033,
                    "Index Cond": "(movie_id = t.id)",
                    "Rows Removed by Index Recheck": 0,
                    "Filter": "(info_type_id > 100)",
                    "Rows Removed by Filter": 1
                  }
                ]
              }
            ]
          }
        ]
      }
    ]
  },
  "Planning Time": 1.059,
  "Triggers": [],
  "Execution Time": 529.202
}