[
    {
        "Bao": {
            "Bao prediction": "NaN",
            "Bao recommended hint": "(no hint)"
        }
    },
    {
        "Plan": {
            "Node Type": "Aggregate",
            "Strategy": "Plain",
            "Partial Mode": "Finalize",
            "Parallel Aware": false,
            "Startup Cost": 266814.44,
            "Total Cost": 266814.45,
            "Plan Rows": 1,
            "Plan Width": 8,
            "Actual Startup Time": 68.872,
            "Actual Total Time": 71.847,
            "Actual Rows": 1,
            "Actual Loops": 1,
            "Output": [
                "count(*)"
            ],
            "Plans": [
                {
                    "Node Type": "Gather",
                    "Parent Relationship": "Outer",
                    "Parallel Aware": false,
                    "Startup Cost": 266813.81,
                    "Total Cost": 266814.42,
                    "Plan Rows": 6,
                    "Plan Width": 8,
                    "Actual Startup Time": 68.642,
                    "Actual Total Time": 71.839,
                    "Actual Rows": 7,
                    "Actual Loops": 1,
                    "Output": [
                        "(PARTIAL count(*))"
                    ],
                    "Workers Planned": 6,
                    "Workers Launched": 6,
                    "Single Copy": false,
                    "Plans": [
                        {
                            "Node Type": "Aggregate",
                            "Strategy": "Plain",
                            "Partial Mode": "Partial",
                            "Parent Relationship": "Outer",
                            "Parallel Aware": false,
                            "Startup Cost": 265813.81,
                            "Total Cost": 265813.82,
                            "Plan Rows": 1,
                            "Plan Width": 8,
                            "Actual Startup Time": 58.055,
                            "Actual Total Time": 58.056,
                            "Actual Rows": 1,
                            "Actual Loops": 7,
                            "Output": [
                                "PARTIAL count(*)"
                            ],
                            "Workers": [
                                {
                                    "Worker Number": 0,
                                    "Actual Startup Time": 55.337,
                                    "Actual Total Time": 55.338,
                                    "Actual Rows": 1,
                                    "Actual Loops": 1
                                },
                                {
                                    "Worker Number": 1,
                                    "Actual Startup Time": 56.068,
                                    "Actual Total Time": 56.069,
                                    "Actual Rows": 1,
                                    "Actual Loops": 1
                                },
                                {
                                    "Worker Number": 2,
                                    "Actual Startup Time": 56.309,
                                    "Actual Total Time": 56.31,
                                    "Actual Rows": 1,
                                    "Actual Loops": 1
                                },
                                {
                                    "Worker Number": 3,
                                    "Actual Startup Time": 56.108,
                                    "Actual Total Time": 56.109,
                                    "Actual Rows": 1,
                                    "Actual Loops": 1
                                },
                                {
                                    "Worker Number": 4,
                                    "Actual Startup Time": 57.182,
                                    "Actual Total Time": 57.183,
                                    "Actual Rows": 1,
                                    "Actual Loops": 1
                                },
                                {
                                    "Worker Number": 5,
                                    "Actual Startup Time": 57.405,
                                    "Actual Total Time": 57.406,
                                    "Actual Rows": 1,
                                    "Actual Loops": 1
                                }
                            ],
                            "Plans": [
                                {
                                    "Node Type": "Bitmap Heap Scan",
                                    "Parent Relationship": "Outer",
                                    "Parallel Aware": true,
                                    "Relation Name": "cast_info",
                                    "Schema": "public",
                                    "Alias": "ci",
                                    "Startup Cost": 11791.63,
                                    "Total Cost": 265591.28,
                                    "Plan Rows": 89012,
                                    "Plan Width": 0,
                                    "Actual Startup Time": 21.729,
                                    "Actual Total Time": 50.955,
                                    "Actual Rows": 77788,
                                    "Actual Loops": 7,
                                    "Recheck Cond": "(ci.person_id < 59630)",
                                    "Rows Removed by Index Recheck": 0,
                                    "Exact Heap Blocks": 2376,
                                    "Lossy Heap Blocks": 0,
                                    "Workers": [
                                        {
                                            "Worker Number": 0,
                                            "Actual Startup Time": 18.923,
                                            "Actual Total Time": 48.511,
                                            "Actual Rows": 51311,
                                            "Actual Loops": 1
                                        },
                                        {
                                            "Worker Number": 1,
                                            "Actual Startup Time": 19.759,
                                            "Actual Total Time": 49.463,
                                            "Actual Rows": 52163,
                                            "Actual Loops": 1
                                        },
                                        {
                                            "Worker Number": 2,
                                            "Actual Startup Time": 20.297,
                                            "Actual Total Time": 49.664,
                                            "Actual Rows": 50759,
                                            "Actual Loops": 1
                                        },
                                        {
                                            "Worker Number": 3,
                                            "Actual Startup Time": 19.637,
                                            "Actual Total Time": 49.231,
                                            "Actual Rows": 52303,
                                            "Actual Loops": 1
                                        },
                                        {
                                            "Worker Number": 4,
                                            "Actual Startup Time": 20.85,
                                            "Actual Total Time": 50.327,
                                            "Actual Rows": 54355,
                                            "Actual Loops": 1
                                        },
                                        {
                                            "Worker Number": 5,
                                            "Actual Startup Time": 21.333,
                                            "Actual Total Time": 50.846,
                                            "Actual Rows": 50518,
                                            "Actual Loops": 1
                                        }
                                    ],
                                    "Plans": [
                                        {
                                            "Node Type": "Bitmap Index Scan",
                                            "Parent Relationship": "Outer",
                                            "Parallel Aware": false,
                                            "Index Name": "person_id_cast_info",
                                            "Startup Cost": 0.0,
                                            "Total Cost": 11658.11,
                                            "Plan Rows": 534073,
                                            "Plan Width": 0,
                                            "Actual Startup Time": 30.412,
                                            "Actual Total Time": 30.412,
                                            "Actual Rows": 544516,
                                            "Actual Loops": 1,
                                            "Index Cond": "(ci.person_id < 59630)"
                                        }
                                    ]
                                }
                            ]
                        }
                    ]
                }
            ]
        },
        "Planning Time": 180.71,
        "Triggers": [],
        "Execution Time": 71.943
    }
]