[
  {
    "Plan": {
      "Node Type": "Aggregate",
      "Strategy": "Plain",
      "Partial Mode": "Finalize",
      "Parallel Aware": false,
      "Startup Cost": 79513.41,
      "Total Cost": 79513.42,
      "Plan Rows": 1,
      "Plan Width": 8,
      "Actual Startup Time": 324.528,
      "Actual Total Time": 339.756,
      "Actual Rows": 1,
      "Actual Loops": 1,
      "Plans": [
        {
          "Node Type": "Gather",
          "Parent Relationship": "Outer",
          "Parallel Aware": false,
          "Startup Cost": 79512.99,
          "Total Cost": 79513.4,
          "Plan Rows": 4,
          "Plan Width": 8,
          "Actual Startup Time": 320.064,
          "Actual Total Time": 339.747,
          "Actual Rows": 5,
          "Actual Loops": 1,
          "Workers Planned": 4,
          "Workers Launched": 4,
          "Single Copy": false,
          "Plans": [
            {
              "Node Type": "Aggregate",
              "Strategy": "Plain",
              "Partial Mode": "Partial",
              "Parent Relationship": "Outer",
              "Parallel Aware": false,
              "Startup Cost": 78512.99,
              "Total Cost": 78513.0,
              "Plan Rows": 1,
              "Plan Width": 8,
              "Actual Startup Time": 310.779,
              "Actual Total Time": 310.883,
              "Actual Rows": 1,
              "Actual Loops": 5,
              "Plans": [
                {
                  "Node Type": "Hash Join",
                  "Parent Relationship": "Outer",
                  "Parallel Aware": true,
                  "Join Type": "Inner",
                  "Startup Cost": 32609.71,
                  "Total Cost": 78327.78,
                  "Plan Rows": 74083,
                  "Plan Width": 0,
                  "Actual Startup Time": 123.12,
                  "Actual Total Time": 305.611,
                  "Actual Rows": 118972,
                  "Actual Loops": 5,
                  "Inner Unique": false,
                  "Hash Cond": "(t.id = mc.movie_id)",
                  "Plans": [
                    {
                      "Node Type": "Seq Scan",
                      "Parent Relationship": "Outer",
                      "Parallel Aware": true,
                      "Relation Name": "title",
                      "Alias": "t",
                      "Startup Cost": 0.0,
                      "Total Cost": 42318.73,
                      "Plan Rows": 632073,
                      "Plan Width": 4,
                      "Actual Startup Time": 0.01,
                      "Actual Total Time": 62.821,
                      "Actual Rows": 505662,
                      "Actual Loops": 5
                    },
                    {
                      "Node Type": "Hash",
                      "Parent Relationship": "Inner",
                      "Parallel Aware": true,
                      "Startup Cost": 31414.82,
                      "Total Cost": 31414.82,
                      "Plan Rows": 95591,
                      "Plan Width": 4,
                      "Actual Startup Time": 120.115,
                      "Actual Total Time": 120.116,
                      "Actual Rows": 118972,
                      "Actual Loops": 5,
                      "Hash Buckets": 1048576,
                      "Original Hash Buckets": 524288,
                      "Hash Batches": 1,
                      "Original Hash Batches": 1,
                      "Peak Memory Usage": 35616,
                      "Plans": [
                        {
                          "Node Type": "Seq Scan",
                          "Parent Relationship": "Outer",
                          "Parallel Aware": true,
                          "Relation Name": "movie_companies",
                          "Alias": "mc",
                          "Startup Cost": 0.0,
                          "Total Cost": 31414.82,
                          "Plan Rows": 95591,
                          "Plan Width": 4,
                          "Actual Startup Time": 41.067,
                          "Actual Total Time": 70.722,
                          "Actual Rows": 118972,
                          "Actual Loops": 5,
                          "Filter": "((company_id > 68538) AND (company_type_id = 2))",
                          "Rows Removed by Filter": 402854
                        }
                      ]
                    }
                  ]
                }
              ]
            }
          ]
        }
      ]
    },
    "Planning Time": 0.588,
    "Triggers": [],
    "Execution Time": 339.821
  }
]