[
  {
    "Plan": {
      "Node Type": "Aggregate",
      "Strategy": "Plain",
      "Partial Mode": "Finalize",
      "Parallel Aware": false,
      "Startup Cost": 436886.43,
      "Total Cost": 436886.44,
      "Plan Rows": 1,
      "Plan Width": 8,
      "Actual Startup Time": 2699.849,
      "Actual Total Time": 2762.351,
      "Actual Rows": 1,
      "Actual Loops": 1,
      "Plans": [
        {
          "Node Type": "Gather",
          "Parent Relationship": "Outer",
          "Parallel Aware": false,
          "Startup Cost": 436885.8,
          "Total Cost": 436886.41,
          "Plan Rows": 6,
          "Plan Width": 8,
          "Actual Startup Time": 2677.56,
          "Actual Total Time": 2762.334,
          "Actual Rows": 7,
          "Actual Loops": 1,
          "Workers Planned": 6,
          "Workers Launched": 6,
          "Single Copy": false,
          "Plans": [
            {
              "Node Type": "Aggregate",
              "Strategy": "Plain",
              "Partial Mode": "Partial",
              "Parent Relationship": "Outer",
              "Parallel Aware": false,
              "Startup Cost": 435885.8,
              "Total Cost": 435885.81,
              "Plan Rows": 1,
              "Plan Width": 8,
              "Actual Startup Time": 2668.175,
              "Actual Total Time": 2668.284,
              "Actual Rows": 1,
              "Actual Loops": 7,
              "Plans": [
                {
                  "Node Type": "Hash Join",
                  "Parent Relationship": "Outer",
                  "Parallel Aware": true,
                  "Join Type": "Inner",
                  "Startup Cost": 92173.62,
                  "Total Cost": 432415.39,
                  "Plan Rows": 1388164,
                  "Plan Width": 0,
                  "Actual Startup Time": 517.389,
                  "Actual Total Time": 2490.746,
                  "Actual Rows": 3288688,
                  "Actual Loops": 7,
                  "Inner Unique": false,
                  "Hash Cond": "(ci.movie_id = t.id)",
                  "Plans": [
                    {
                      "Node Type": "Seq Scan",
                      "Parent Relationship": "Outer",
                      "Parallel Aware": true,
                      "Relation Name": "cast_info",
                      "Alias": "ci",
                      "Startup Cost": 0.0,
                      "Total Cost": 313106.51,
                      "Plan Rows": 6041951,
                      "Plan Width": 4,
                      "Actual Startup Time": 0.031,
                      "Actual Total Time": 616.607,
                      "Actual Rows": 5177763,
                      "Actual Loops": 7
                    },
                    {
                      "Node Type": "Hash",
                      "Parent Relationship": "Inner",
                      "Parallel Aware": true,
                      "Startup Cost": 89831.22,
                      "Total Cost": 89831.22,
                      "Plan Rows": 187392,
                      "Plan Width": 8,
                      "Actual Startup Time": 515.108,
                      "Actual Total Time": 515.215,
                      "Actual Rows": 83976,
                      "Actual Loops": 7,
                      "Hash Buckets": 1048576,
                      "Original Hash Buckets": 1048576,
                      "Hash Batches": 1,
                      "Original Hash Batches": 1,
                      "Peak Memory Usage": 31328,
                      "Plans": [
                        {
                          "Node Type": "Hash Join",
                          "Parent Relationship": "Outer",
                          "Parallel Aware": true,
                          "Join Type": "Inner",
                          "Startup Cost": 62542.91,
                          "Total Cost": 89831.22,
                          "Plan Rows": 187392,
                          "Plan Width": 8,
                          "Actual Startup Time": 362.389,
                          "Actual Total Time": 465.069,
                          "Actual Rows": 83976,
                          "Actual Loops": 7,
                          "Inner Unique": true,
                          "Hash Cond": "(mk.movie_id = t.id)",
                          "Plans": [
                            {
                              "Node Type": "Bitmap Heap Scan",
                              "Parent Relationship": "Outer",
                              "Parallel Aware": true,
                              "Relation Name": "movie_keyword",
                              "Alias": "mk",
                              "Startup Cost": 12322.53,
                              "Total Cost": 39118.93,
                              "Plan Rows": 187392,
                              "Plan Width": 4,
                              "Actual Startup Time": 59.762,
                              "Actual Total Time": 113.137,
                              "Actual Rows": 83976,
                              "Actual Loops": 7,
                              "Recheck Cond": "(keyword_id < 429)",
                              "Rows Removed by Index Recheck": 0,
                              "Exact Heap Blocks": 4256,
                              "Lossy Heap Blocks": 0,
                              "Plans": [
                                {
                                  "Node Type": "Bitmap Index Scan",
                                  "Parent Relationship": "Outer",
                                  "Parallel Aware": false,
                                  "Index Name": "keyword_id_movie_keyword",
                                  "Startup Cost": 0.0,
                                  "Total Cost": 12177.3,
                                  "Plan Rows": 580916,
                                  "Plan Width": 0,
                                  "Actual Startup Time": 53.824,
                                  "Actual Total Time": 53.824,
                                  "Actual Rows": 587834,
                                  "Actual Loops": 1,
                                  "Index Cond": "(keyword_id < 429)"
                                }
                              ]
                            },
                            {
                              "Node Type": "Hash",
                              "Parent Relationship": "Inner",
                              "Parallel Aware": true,
                              "Startup Cost": 42319.06,
                              "Total Cost": 42319.06,
                              "Plan Rows": 632106,
                              "Plan Width": 4,
                              "Actual Startup Time": 298.164,
                              "Actual Total Time": 298.167,
                              "Actual Rows": 361187,
                              "Actual Loops": 7,
                              "Hash Buckets": 4194304,
                              "Original Hash Buckets": 4194304,
                              "Hash Batches": 1,
                              "Original Hash Batches": 1,
                              "Peak Memory Usage": 131808,
                              "Plans": [
                                {
                                  "Node Type": "Seq Scan",
                                  "Parent Relationship": "Outer",
                                  "Parallel Aware": true,
                                  "Relation Name": "title",
                                  "Alias": "t",
                                  "Startup Cost": 0.0,
                                  "Total Cost": 42319.06,
                                  "Plan Rows": 632106,
                                  "Plan Width": 4,
                                  "Actual Startup Time": 0.049,
                                  "Actual Total Time": 89.075,
                                  "Actual Rows": 361187,
                                  "Actual Loops": 7
                                }
                              ]
                            }
                          ]
                        }
                      ]
                    }
                  ]
                }
              ]
            }
          ]
        }
      ]
    },
    "Planning Time": 0.652,
    "Triggers": [],
    "Execution Time": 2762.428
  }
]