{
  "Plan": {
    "Node Type": "Aggregate",
    "Strategy": "Plain",
    "Partial Mode": "Finalize",
    "Parallel Aware": false,
    "Startup Cost": 669382.22,
    "Total Cost": 669382.23,
    "Plan Rows": 1,
    "Plan Width": 8,
    "Actual Startup Time": 1823.417,
    "Actual Total Time": 1854.34,
    "Actual Rows": 1,
    "Actual Loops": 1,
    "Plans": [
      {
        "Node Type": "Gather",
        "Parent Relationship": "Outer",
        "Parallel Aware": false,
        "Startup Cost": 669382.11,
        "Total Cost": 669382.22,
        "Plan Rows": 1,
        "Plan Width": 8,
        "Actual Startup Time": 1819.28,
        "Actual Total Time": 1854.329,
        "Actual Rows": 2,
        "Actual Loops": 1,
        "Workers Planned": 1,
        "Workers Launched": 1,
        "Single Copy": false,
        "Plans": [
          {
            "Node Type": "Aggregate",
            "Strategy": "Plain",
            "Partial Mode": "Partial",
            "Parent Relationship": "Outer",
            "Parallel Aware": false,
            "Startup Cost": 668382.11,
            "Total Cost": 668382.12,
            "Plan Rows": 1,
            "Plan Width": 8,
            "Actual Startup Time": 1813.426,
            "Actual Total Time": 1814.28,
            "Actual Rows": 1,
            "Actual Loops": 2,
            "Plans": [
              {
                "Node Type": "Hash Join",
                "Parent Relationship": "Outer",
                "Parallel Aware": true,
                "Join Type": "Inner",
                "Startup Cost": 304508.99,
                "Total Cost": 665320.02,
                "Plan Rows": 1224838,
                "Plan Width": 0,
                "Actual Startup Time": 1008.52,
                "Actual Total Time": 1787.179,
                "Actual Rows": 644758,
                "Actual Loops": 2,
                "Inner Unique": false,
                "Hash Cond": "(ci.movie_id = t.id)",
                "Plans": [
                  {
                    "Node Type": "Bitmap Heap Scan",
                    "Parent Relationship": "Outer",
                    "Parallel Aware": true,
                    "Relation Name": "cast_info",
                    "Alias": "ci",
                    "Startup Cost": 212634.31,
                    "Total Cost": 550521.64,
                    "Plan Rows": 4191667,
                    "Plan Width": 4,
                    "Actual Startup Time": 434.188,
                    "Actual Total Time": 956.033,
                    "Actual Rows": 1624022,
                    "Actual Loops": 2,
                    "Recheck Cond": "(person_id > 2749940)",
                    "Rows Removed by Index Recheck": 0,
                    "Filter": "(role_id < 5)",
                    "Rows Removed by Filter": 3158485,
                    "Exact Heap Blocks": 57091,
                    "Lossy Heap Blocks": 0,
                    "Plans": [
                      {
                        "Node Type": "Bitmap Index Scan",
                        "Parent Relationship": "Outer",
                        "Parallel Aware": false,
                        "Index Name": "person_id_cast_info",
                        "Startup Cost": 0.0,
                        "Total Cost": 210852.85,
                        "Plan Rows": 9656038,
                        "Plan Width": 0,
                        "Actual Startup Time": 413.736,
                        "Actual Total Time": 413.737,
                        "Actual Rows": 9565013,
                        "Actual Loops": 1,
                        "Index Cond": "(person_id > 2749940)"
                      }
                    ]
                  },
                  {
                    "Node Type": "Hash",
                    "Parent Relationship": "Inner",
                    "Parallel Aware": true,
                    "Startup Cost": 86442.42,
                    "Total Cost": 86442.42,
                    "Plan Rows": 434581,
                    "Plan Width": 8,
                    "Actual Startup Time": 565.235,
                    "Actual Total Time": 566.087,
                    "Actual Rows": 197354,
                    "Actual Loops": 2,
                    "Hash Buckets": 1048576,
                    "Original Hash Buckets": 1048576,
                    "Hash Batches": 1,
                    "Original Hash Batches": 1,
                    "Peak Memory Usage": 23648,
                    "Plans": [
                      {
                        "Node Type": "Hash Join",
                        "Parent Relationship": "Outer",
                        "Parallel Aware": true,
                        "Join Type": "Inner",
                        "Startup Cost": 68258.63,
                        "Total Cost": 86442.42,
                        "Plan Rows": 434581,
                        "Plan Width": 8,
                        "Actual Startup Time": 348.898,
                        "Actual Total Time": 524.692,
                        "Actual Rows": 197354,
                        "Actual Loops": 2,
                        "Inner Unique": true,
                        "Hash Cond": "(mi_idx.movie_id = t.id)",
                        "Plans": [
                          {
                            "Node Type": "Seq Scan",
                            "Parent Relationship": "Outer",
                            "Parallel Aware": true,
                            "Relation Name": "movie_info_idx",
                            "Alias": "mi_idx",
                            "Startup Cost": 0.0,
                            "Total Cost": 16052.85,
                            "Plan Rows": 811785,
                            "Plan Width": 4,
                            "Actual Startup Time": 0.021,
                            "Actual Total Time": 50.374,
                            "Actual Rows": 690018,
                            "Actual Loops": 2
                          },
                          {
                            "Node Type": "Hash",
                            "Parent Relationship": "Inner",
                            "Parallel Aware": true,
                            "Startup Cost": 58306.47,
                            "Total Cost": 58306.47,
                            "Plan Rows": 796173,
                            "Plan Width": 4,
                            "Actual Startup Time": 339.421,
                            "Actual Total Time": 339.422,
                            "Actual Rows": 663890,
                            "Actual Loops": 2,
                            "Hash Buckets": 2097152,
                            "Original Hash Buckets": 2097152,
                            "Hash Batches": 1,
                            "Original Hash Batches": 1,
                            "Peak Memory Usage": 68352,
                            "Plans": [
                              {
                                "Node Type": "Seq Scan",
                                "Parent Relationship": "Outer",
                                "Parallel Aware": true,
                                "Relation Name": "title",
                                "Alias": "t",
                                "Startup Cost": 0.0,
                                "Total Cost": 58306.47,
                                "Plan Rows": 796173,
                                "Plan Width": 4,
                                "Actual Startup Time": 0.035,
                                "Actual Total Time": 163.692,
                                "Actual Rows": 663890,
                                "Actual Loops": 2,
                                "Filter": "((production_year < 2012) AND (kind_id = 7))",
                                "Rows Removed by Filter": 600266
                              }
                            ]
                          }
                        ]
                      }
                    ]
                  }
                ]
              }
            ]
          }
        ]
      }
    ]
  },
  "Planning Time": 0.927,
  "Triggers": [],
  "Execution Time": 1854.446
}