[
  {
    "Plan": {
      "Node Type": "Aggregate",
      "Strategy": "Plain",
      "Partial Mode": "Finalize",
      "Parallel Aware": false,
      "Startup Cost": 33074.91,
      "Total Cost": 33074.92,
      "Plan Rows": 1,
      "Plan Width": 8,
      "Actual Startup Time": 34.425,
      "Actual Total Time": 38.328,
      "Actual Rows": 1,
      "Actual Loops": 1,
      "Plans": [
        {
          "Node Type": "Gather",
          "Parent Relationship": "Outer",
          "Parallel Aware": false,
          "Startup Cost": 33074.69,
          "Total Cost": 33074.9,
          "Plan Rows": 2,
          "Plan Width": 8,
          "Actual Startup Time": 34.197,
          "Actual Total Time": 38.32,
          "Actual Rows": 3,
          "Actual Loops": 1,
          "Workers Planned": 2,
          "Workers Launched": 2,
          "Single Copy": false,
          "Plans": [
            {
              "Node Type": "Aggregate",
              "Strategy": "Plain",
              "Partial Mode": "Partial",
              "Parent Relationship": "Outer",
              "Parallel Aware": false,
              "Startup Cost": 32074.69,
              "Total Cost": 32074.7,
              "Plan Rows": 1,
              "Plan Width": 8,
              "Actual Startup Time": 26.494,
              "Actual Total Time": 26.496,
              "Actual Rows": 1,
              "Actual Loops": 3,
              "Plans": [
                {
                  "Node Type": "Nested Loop",
                  "Parent Relationship": "Outer",
                  "Parallel Aware": false,
                  "Join Type": "Inner",
                  "Startup Cost": 91.06,
                  "Total Cost": 32069.56,
                  "Plan Rows": 2053,
                  "Plan Width": 0,
                  "Actual Startup Time": 1.49,
                  "Actual Total Time": 26.084,
                  "Actual Rows": 2197,
                  "Actual Loops": 3,
                  "Inner Unique": true,
                  "Plans": [
                    {
                      "Node Type": "Bitmap Heap Scan",
                      "Parent Relationship": "Outer",
                      "Parallel Aware": true,
                      "Relation Name": "movie_info",
                      "Alias": "mi",
                      "Startup Cost": 90.63,
                      "Total Cost": 17014.81,
                      "Plan Rows": 2053,
                      "Plan Width": 4,
                      "Actual Startup Time": 1.326,
                      "Actual Total Time": 4.987,
                      "Actual Rows": 2197,
                      "Actual Loops": 3,
                      "Recheck Cond": "(info_type_id = 71)",
                      "Rows Removed by Index Recheck": 0,
                      "Exact Heap Blocks": 983,
                      "Lossy Heap Blocks": 0,
                      "Plans": [
                        {
                          "Node Type": "Bitmap Index Scan",
                          "Parent Relationship": "Outer",
                          "Parallel Aware": false,
                          "Index Name": "info_type_id_movie_info",
                          "Startup Cost": 0.0,
                          "Total Cost": 89.4,
                          "Plan Rows": 4928,
                          "Plan Width": 0,
                          "Actual Startup Time": 3.076,
                          "Actual Total Time": 3.076,
                          "Actual Rows": 6590,
                          "Actual Loops": 1,
                          "Index Cond": "(info_type_id = 71)"
                        }
                      ]
                    },
                    {
                      "Node Type": "Index Only Scan",
                      "Parent Relationship": "Inner",
                      "Parallel Aware": false,
                      "Scan Direction": "Forward",
                      "Index Name": "title_pkey",
                      "Relation Name": "title",
                      "Alias": "t",
                      "Startup Cost": 0.43,
                      "Total Cost": 7.33,
                      "Plan Rows": 1,
                      "Plan Width": 4,
                      "Actual Startup Time": 0.009,
                      "Actual Total Time": 0.009,
                      "Actual Rows": 1,
                      "Actual Loops": 6590,
                      "Index Cond": "(id = mi.movie_id)",
                      "Rows Removed by Index Recheck": 0,
                      "Heap Fetches": 6590
                    }
                  ]
                }
              ]
            }
          ]
        }
      ]
    },
    "Planning Time": 0.597,
    "Triggers": [],
    "Execution Time": 38.414
  }
]