[
    {
        "Bao": {
            "Bao prediction": "NaN",
            "Bao recommended hint": "(no hint)"
        }
    },
    {
        "Plan": {
            "Node Type": "Aggregate",
            "Strategy": "Plain",
            "Partial Mode": "Finalize",
            "Parallel Aware": false,
            "Startup Cost": 32879.0,
            "Total Cost": 32879.01,
            "Plan Rows": 1,
            "Plan Width": 8,
            "Actual Startup Time": 88.057,
            "Actual Total Time": 92.593,
            "Actual Rows": 1,
            "Actual Loops": 1,
            "Output": [
                "count(*)"
            ],
            "Plans": [
                {
                    "Node Type": "Gather",
                    "Parent Relationship": "Outer",
                    "Parallel Aware": false,
                    "Startup Cost": 32878.68,
                    "Total Cost": 32878.99,
                    "Plan Rows": 3,
                    "Plan Width": 8,
                    "Actual Startup Time": 87.936,
                    "Actual Total Time": 92.585,
                    "Actual Rows": 4,
                    "Actual Loops": 1,
                    "Output": [
                        "(PARTIAL count(*))"
                    ],
                    "Workers Planned": 3,
                    "Workers Launched": 3,
                    "Single Copy": false,
                    "Plans": [
                        {
                            "Node Type": "Aggregate",
                            "Strategy": "Plain",
                            "Partial Mode": "Partial",
                            "Parent Relationship": "Outer",
                            "Parallel Aware": false,
                            "Startup Cost": 31878.68,
                            "Total Cost": 31878.69,
                            "Plan Rows": 1,
                            "Plan Width": 8,
                            "Actual Startup Time": 79.934,
                            "Actual Total Time": 79.935,
                            "Actual Rows": 1,
                            "Actual Loops": 4,
                            "Output": [
                                "PARTIAL count(*)"
                            ],
                            "Workers": [
                                {
                                    "Worker Number": 0,
                                    "Actual Startup Time": 77.243,
                                    "Actual Total Time": 77.244,
                                    "Actual Rows": 1,
                                    "Actual Loops": 1
                                },
                                {
                                    "Worker Number": 1,
                                    "Actual Startup Time": 77.275,
                                    "Actual Total Time": 77.276,
                                    "Actual Rows": 1,
                                    "Actual Loops": 1
                                },
                                {
                                    "Worker Number": 2,
                                    "Actual Startup Time": 77.747,
                                    "Actual Total Time": 77.748,
                                    "Actual Rows": 1,
                                    "Actual Loops": 1
                                }
                            ],
                            "Plans": [
                                {
                                    "Node Type": "Seq Scan",
                                    "Parent Relationship": "Outer",
                                    "Parallel Aware": true,
                                    "Relation Name": "movie_companies",
                                    "Schema": "public",
                                    "Alias": "mc",
                                    "Startup Cost": 0.0,
                                    "Total Cost": 31414.82,
                                    "Plan Rows": 185544,
                                    "Plan Width": 0,
                                    "Actual Startup Time": 46.071,
                                    "Actual Total Time": 75.817,
                                    "Actual Rows": 91017,
                                    "Actual Loops": 4,
                                    "Output": [
                                        "id",
                                        "movie_id",
                                        "company_id",
                                        "company_type_id",
                                        "note"
                                    ],
                                    "Filter": "((mc.company_id < 8123) AND (mc.company_type_id = 2))",
                                    "Rows Removed by Filter": 561265,
                                    "Workers": [
                                        {
                                            "Worker Number": 0,
                                            "Actual Startup Time": 43.368,
                                            "Actual Total Time": 73.179,
                                            "Actual Rows": 59684,
                                            "Actual Loops": 1
                                        },
                                        {
                                            "Worker Number": 1,
                                            "Actual Startup Time": 43.421,
                                            "Actual Total Time": 73.17,
                                            "Actual Rows": 98095,
                                            "Actual Loops": 1
                                        },
                                        {
                                            "Worker Number": 2,
                                            "Actual Startup Time": 43.887,
                                            "Actual Total Time": 73.59,
                                            "Actual Rows": 98915,
                                            "Actual Loops": 1
                                        }
                                    ]
                                }
                            ]
                        }
                    ]
                }
            ]
        },
        "Planning Time": 213.956,
        "Triggers": [],
        "Execution Time": 92.682
    }
]