[
  {
    "Plan": {
      "Node Type": "Aggregate",
      "Strategy": "Plain",
      "Partial Mode": "Finalize",
      "Parallel Aware": false,
      "Startup Cost": 51632.08,
      "Total Cost": 51632.09,
      "Plan Rows": 1,
      "Plan Width": 8,
      "Actual Startup Time": 99.988,
      "Actual Total Time": 112.86,
      "Actual Rows": 1,
      "Actual Loops": 1,
      "Plans": [
        {
          "Node Type": "Gather",
          "Parent Relationship": "Outer",
          "Parallel Aware": false,
          "Startup Cost": 51631.66,
          "Total Cost": 51632.07,
          "Plan Rows": 4,
          "Plan Width": 8,
          "Actual Startup Time": 99.849,
          "Actual Total Time": 112.852,
          "Actual Rows": 5,
          "Actual Loops": 1,
          "Workers Planned": 4,
          "Workers Launched": 4,
          "Single Copy": false,
          "Plans": [
            {
              "Node Type": "Aggregate",
              "Strategy": "Plain",
              "Partial Mode": "Partial",
              "Parent Relationship": "Outer",
              "Parallel Aware": false,
              "Startup Cost": 50631.66,
              "Total Cost": 50631.67,
              "Plan Rows": 1,
              "Plan Width": 8,
              "Actual Startup Time": 90.606,
              "Actual Total Time": 90.608,
              "Actual Rows": 1,
              "Actual Loops": 5,
              "Plans": [
                {
                  "Node Type": "Nested Loop",
                  "Parent Relationship": "Outer",
                  "Parallel Aware": false,
                  "Join Type": "Inner",
                  "Startup Cost": 0.43,
                  "Total Cost": 50628.4,
                  "Plan Rows": 1306,
                  "Plan Width": 0,
                  "Actual Startup Time": 16.856,
                  "Actual Total Time": 90.524,
                  "Actual Rows": 1120,
                  "Actual Loops": 5,
                  "Inner Unique": false,
                  "Plans": [
                    {
                      "Node Type": "Seq Scan",
                      "Parent Relationship": "Outer",
                      "Parallel Aware": true,
                      "Relation Name": "title",
                      "Alias": "t",
                      "Startup Cost": 0.0,
                      "Total Cost": 43898.92,
                      "Plan Rows": 730,
                      "Plan Width": 4,
                      "Actual Startup Time": 2.928,
                      "Actual Total Time": 82.725,
                      "Actual Rows": 703,
                      "Actual Loops": 5,
                      "Filter": "(production_year > 2013)",
                      "Rows Removed by Filter": 504959
                    },
                    {
                      "Node Type": "Index Only Scan",
                      "Parent Relationship": "Inner",
                      "Parallel Aware": false,
                      "Scan Direction": "Forward",
                      "Index Name": "movie_id_movie_keyword",
                      "Relation Name": "movie_keyword",
                      "Alias": "mk",
                      "Startup Cost": 0.43,
                      "Total Cost": 8.77,
                      "Plan Rows": 45,
                      "Plan Width": 4,
                      "Actual Startup Time": 0.01,
                      "Actual Total Time": 0.01,
                      "Actual Rows": 2,
                      "Actual Loops": 3515,
                      "Index Cond": "(movie_id = t.id)",
                      "Rows Removed by Index Recheck": 0,
                      "Heap Fetches": 5598
                    }
                  ]
                }
              ]
            }
          ]
        }
      ]
    },
    "Planning Time": 0.546,
    "Triggers": [],
    "Execution Time": 112.929
  }
]