[
  {
    "Plan": {
      "Node Type": "Aggregate",
      "Strategy": "Plain",
      "Partial Mode": "Finalize",
      "Parallel Aware": false,
      "Startup Cost": 353064.31,
      "Total Cost": 353064.32,
      "Plan Rows": 1,
      "Plan Width": 8,
      "Actual Startup Time": 997.782,
      "Actual Total Time": 1062.044,
      "Actual Rows": 1,
      "Actual Loops": 1,
      "Plans": [
        {
          "Node Type": "Gather",
          "Parent Relationship": "Outer",
          "Parallel Aware": false,
          "Startup Cost": 353063.69,
          "Total Cost": 353064.3,
          "Plan Rows": 6,
          "Plan Width": 8,
          "Actual Startup Time": 997.656,
          "Actual Total Time": 1062.035,
          "Actual Rows": 7,
          "Actual Loops": 1,
          "Workers Planned": 6,
          "Workers Launched": 6,
          "Single Copy": false,
          "Plans": [
            {
              "Node Type": "Aggregate",
              "Strategy": "Plain",
              "Partial Mode": "Partial",
              "Parent Relationship": "Outer",
              "Parallel Aware": false,
              "Startup Cost": 352063.69,
              "Total Cost": 352063.7,
              "Plan Rows": 1,
              "Plan Width": 8,
              "Actual Startup Time": 988.712,
              "Actual Total Time": 988.713,
              "Actual Rows": 1,
              "Actual Loops": 7,
              "Plans": [
                {
                  "Node Type": "Seq Scan",
                  "Parent Relationship": "Outer",
                  "Parallel Aware": true,
                  "Relation Name": "cast_info",
                  "Alias": "ci",
                  "Startup Cost": 0.0,
                  "Total Cost": 343257.03,
                  "Plan Rows": 3522663,
                  "Plan Width": 0,
                  "Actual Startup Time": 270.13,
                  "Actual Total Time": 838.408,
                  "Actual Rows": 2827288,
                  "Actual Loops": 7,
                  "Filter": "((person_id < 3369658) AND (role_id > 1))",
                  "Rows Removed by Filter": 2350476
                }
              ]
            }
          ]
        }
      ]
    },
    "Planning Time": 0.164,
    "Triggers": [],
    "Execution Time": 1062.105
  }
]