[
  {
    "Plan": {
      "Node Type": "Aggregate",
      "Strategy": "Plain",
      "Partial Mode": "Finalize",
      "Parallel Aware": false,
      "Startup Cost": 302592.68,
      "Total Cost": 302592.69,
      "Plan Rows": 1,
      "Plan Width": 8,
      "Actual Startup Time": 1426.569,
      "Actual Total Time": 1469.956,
      "Actual Rows": 1,
      "Actual Loops": 1,
      "Plans": [
        {
          "Node Type": "Gather",
          "Parent Relationship": "Outer",
          "Parallel Aware": false,
          "Startup Cost": 302592.16,
          "Total Cost": 302592.67,
          "Plan Rows": 5,
          "Plan Width": 8,
          "Actual Startup Time": 1418.99,
          "Actual Total Time": 1469.944,
          "Actual Rows": 6,
          "Actual Loops": 1,
          "Workers Planned": 5,
          "Workers Launched": 5,
          "Single Copy": false,
          "Plans": [
            {
              "Node Type": "Aggregate",
              "Strategy": "Plain",
              "Partial Mode": "Partial",
              "Parent Relationship": "Outer",
              "Parallel Aware": false,
              "Startup Cost": 301592.16,
              "Total Cost": 301592.17,
              "Plan Rows": 1,
              "Plan Width": 8,
              "Actual Startup Time": 1412.412,
              "Actual Total Time": 1412.619,
              "Actual Rows": 1,
              "Actual Loops": 6,
              "Plans": [
                {
                  "Node Type": "Hash Join",
                  "Parent Relationship": "Outer",
                  "Parallel Aware": true,
                  "Join Type": "Inner",
                  "Startup Cost": 91921.8,
                  "Total Cost": 300632.41,
                  "Plan Rows": 383902,
                  "Plan Width": 0,
                  "Actual Startup Time": 334.497,
                  "Actual Total Time": 1233.174,
                  "Actual Rows": 3825880,
                  "Actual Loops": 6,
                  "Inner Unique": false,
                  "Hash Cond": "(mi.movie_id = t.id)",
                  "Plans": [
                    {
                      "Node Type": "Seq Scan",
                      "Parent Relationship": "Outer",
                      "Parallel Aware": true,
                      "Relation Name": "movie_info",
                      "Alias": "mi",
                      "Startup Cost": 0.0,
                      "Total Cost": 199108.24,
                      "Plan Rows": 2230394,
                      "Plan Width": 4,
                      "Actual Startup Time": 0.036,
                      "Actual Total Time": 347.56,
                      "Actual Rows": 1868457,
                      "Actual Loops": 6,
                      "Filter": "(info_type_id > 3)",
                      "Rows Removed by Filter": 604163
                    },
                    {
                      "Node Type": "Hash",
                      "Parent Relationship": "Inner",
                      "Parallel Aware": true,
                      "Startup Cost": 90166.96,
                      "Total Cost": 90166.96,
                      "Plan Rows": 140387,
                      "Plan Width": 8,
                      "Actual Startup Time": 332.14,
                      "Actual Total Time": 332.345,
                      "Actual Rows": 102560,
                      "Actual Loops": 6,
                      "Hash Buckets": 1048576,
                      "Original Hash Buckets": 524288,
                      "Hash Batches": 1,
                      "Original Hash Batches": 1,
                      "Peak Memory Usage": 36448,
                      "Plans": [
                        {
                          "Node Type": "Hash Join",
                          "Parent Relationship": "Outer",
                          "Parallel Aware": true,
                          "Join Type": "Inner",
                          "Startup Cost": 46212.57,
                          "Total Cost": 90166.96,
                          "Plan Rows": 140387,
                          "Plan Width": 8,
                          "Actual Startup Time": 147.364,
                          "Actual Total Time": 279.389,
                          "Actual Rows": 102560,
                          "Actual Loops": 6,
                          "Inner Unique": true,
                          "Hash Cond": "(mk.movie_id = t.id)",
                          "Plans": [
                            {
                              "Node Type": "Seq Scan",
                              "Parent Relationship": "Outer",
                              "Parallel Aware": true,
                              "Relation Name": "movie_keyword",
                              "Alias": "mk",
                              "Startup Cost": 0.0,
                              "Total Cost": 42695.65,
                              "Plan Rows": 479518,
                              "Plan Width": 4,
                              "Actual Startup Time": 0.051,
                              "Actual Total Time": 80.859,
                              "Actual Rows": 247393,
                              "Actual Loops": 6,
                              "Filter": "(keyword_id < 2124)",
                              "Rows Removed by Filter": 506596
                            },
                            {
                              "Node Type": "Hash",
                              "Parent Relationship": "Inner",
                              "Parallel Aware": true,
                              "Startup Cost": 43899.32,
                              "Total Cost": 43899.32,
                              "Plan Rows": 185060,
                              "Plan Width": 4,
                              "Actual Startup Time": 145.476,
                              "Actual Total Time": 145.478,
                              "Actual Rows": 125984,
                              "Actual Loops": 6,
                              "Hash Buckets": 1048576,
                              "Original Hash Buckets": 1048576,
                              "Hash Batches": 1,
                              "Original Hash Batches": 1,
                              "Peak Memory Usage": 37888,
                              "Plans": [
                                {
                                  "Node Type": "Seq Scan",
                                  "Parent Relationship": "Outer",
                                  "Parallel Aware": true,
                                  "Relation Name": "title",
                                  "Alias": "t",
                                  "Startup Cost": 0.0,
                                  "Total Cost": 43899.32,
                                  "Plan Rows": 185060,
                                  "Plan Width": 4,
                                  "Actual Startup Time": 0.034,
                                  "Actual Total Time": 85.242,
                                  "Actual Rows": 125984,
                                  "Actual Loops": 6,
                                  "Filter": "(production_year < 1993)",
                                  "Rows Removed by Filter": 295402
                                }
                              ]
                            }
                          ]
                        }
                      ]
                    }
                  ]
                }
              ]
            }
          ]
        }
      ]
    },
    "Planning Time": 0.692,
    "Triggers": [],
    "Execution Time": 1470.024
  }
]