[
    {
        "Bao": {
            "Bao prediction": 442.389,
            "Bao recommended hint": "(no hint)"
        }
    },
    {
        "Plan": {
            "Node Type": "Aggregate",
            "Strategy": "Plain",
            "Partial Mode": "Finalize",
            "Parallel Aware": false,
            "Startup Cost": 32882.9,
            "Total Cost": 32882.91,
            "Plan Rows": 1,
            "Plan Width": 8,
            "Actual Startup Time": 116.377,
            "Actual Total Time": 127.236,
            "Actual Rows": 1,
            "Actual Loops": 1,
            "Output": [
                "count(*)"
            ],
            "Plans": [
                {
                    "Node Type": "Gather",
                    "Parent Relationship": "Outer",
                    "Parallel Aware": false,
                    "Startup Cost": 32882.58,
                    "Total Cost": 32882.89,
                    "Plan Rows": 3,
                    "Plan Width": 8,
                    "Actual Startup Time": 116.242,
                    "Actual Total Time": 127.224,
                    "Actual Rows": 4,
                    "Actual Loops": 1,
                    "Output": [
                        "(PARTIAL count(*))"
                    ],
                    "Workers Planned": 3,
                    "Workers Launched": 3,
                    "Single Copy": false,
                    "Plans": [
                        {
                            "Node Type": "Aggregate",
                            "Strategy": "Plain",
                            "Partial Mode": "Partial",
                            "Parent Relationship": "Outer",
                            "Parallel Aware": false,
                            "Startup Cost": 31882.58,
                            "Total Cost": 31882.59,
                            "Plan Rows": 1,
                            "Plan Width": 8,
                            "Actual Startup Time": 105.581,
                            "Actual Total Time": 105.582,
                            "Actual Rows": 1,
                            "Actual Loops": 4,
                            "Output": [
                                "PARTIAL count(*)"
                            ],
                            "Workers": [
                                {
                                    "Worker Number": 0,
                                    "Actual Startup Time": 102.139,
                                    "Actual Total Time": 102.141,
                                    "Actual Rows": 1,
                                    "Actual Loops": 1
                                },
                                {
                                    "Worker Number": 1,
                                    "Actual Startup Time": 102.132,
                                    "Actual Total Time": 102.133,
                                    "Actual Rows": 1,
                                    "Actual Loops": 1
                                },
                                {
                                    "Worker Number": 2,
                                    "Actual Startup Time": 102.443,
                                    "Actual Total Time": 102.445,
                                    "Actual Rows": 1,
                                    "Actual Loops": 1
                                }
                            ],
                            "Plans": [
                                {
                                    "Node Type": "Seq Scan",
                                    "Parent Relationship": "Outer",
                                    "Parallel Aware": true,
                                    "Relation Name": "movie_companies",
                                    "Schema": "public",
                                    "Alias": "mc",
                                    "Startup Cost": 0.0,
                                    "Total Cost": 31414.82,
                                    "Plan Rows": 187105,
                                    "Plan Width": 0,
                                    "Actual Startup Time": 23.598,
                                    "Actual Total Time": 100.177,
                                    "Actual Rows": 77947,
                                    "Actual Loops": 4,
                                    "Output": [
                                        "id",
                                        "movie_id",
                                        "company_id",
                                        "company_type_id",
                                        "note"
                                    ],
                                    "Filter": "((mc.company_id > 12468) AND (mc.company_type_id = 1))",
                                    "Rows Removed by Filter": 574336,
                                    "Workers": [
                                        {
                                            "Worker Number": 0,
                                            "Actual Startup Time": 20.153,
                                            "Actual Total Time": 96.856,
                                            "Actual Rows": 72867,
                                            "Actual Loops": 1
                                        },
                                        {
                                            "Worker Number": 1,
                                            "Actual Startup Time": 20.158,
                                            "Actual Total Time": 96.881,
                                            "Actual Rows": 73472,
                                            "Actual Loops": 1
                                        },
                                        {
                                            "Worker Number": 2,
                                            "Actual Startup Time": 20.458,
                                            "Actual Total Time": 97.325,
                                            "Actual Rows": 72459,
                                            "Actual Loops": 1
                                        }
                                    ]
                                }
                            ]
                        }
                    ]
                }
            ]
        },
        "Planning Time": 1112.982,
        "Triggers": [],
        "Execution Time": 127.355
    }
]