[
  {
    "Plan": {
      "Node Type": "Aggregate",
      "Strategy": "Plain",
      "Partial Mode": "Finalize",
      "Parallel Aware": false,
      "Startup Cost": 588655.54,
      "Total Cost": 588655.55,
      "Plan Rows": 1,
      "Plan Width": 8,
      "Actual Startup Time": 1121.199,
      "Actual Total Time": 1169.509,
      "Actual Rows": 1,
      "Actual Loops": 1,
      "Plans": [
        {
          "Node Type": "Gather",
          "Parent Relationship": "Outer",
          "Parallel Aware": false,
          "Startup Cost": 588655.02,
          "Total Cost": 588655.53,
          "Plan Rows": 5,
          "Plan Width": 8,
          "Actual Startup Time": 1107.03,
          "Actual Total Time": 1169.498,
          "Actual Rows": 6,
          "Actual Loops": 1,
          "Workers Planned": 5,
          "Workers Launched": 5,
          "Single Copy": false,
          "Plans": [
            {
              "Node Type": "Aggregate",
              "Strategy": "Plain",
              "Partial Mode": "Partial",
              "Parent Relationship": "Outer",
              "Parallel Aware": false,
              "Startup Cost": 587655.02,
              "Total Cost": 587655.03,
              "Plan Rows": 1,
              "Plan Width": 8,
              "Actual Startup Time": 1092.552,
              "Actual Total Time": 1092.647,
              "Actual Rows": 1,
              "Actual Loops": 6,
              "Plans": [
                {
                  "Node Type": "Hash Join",
                  "Parent Relationship": "Outer",
                  "Parallel Aware": true,
                  "Join Type": "Inner",
                  "Startup Cost": 384305.41,
                  "Total Cost": 586632.93,
                  "Plan Rows": 408837,
                  "Plan Width": 0,
                  "Actual Startup Time": 668.571,
                  "Actual Total Time": 1080.69,
                  "Actual Rows": 288170,
                  "Actual Loops": 6,
                  "Inner Unique": false,
                  "Hash Cond": "(mi.movie_id = t.id)",
                  "Plans": [
                    {
                      "Node Type": "Seq Scan",
                      "Parent Relationship": "Outer",
                      "Parallel Aware": true,
                      "Relation Name": "movie_info",
                      "Alias": "mi",
                      "Startup Cost": 0.0,
                      "Total Cost": 198952.16,
                      "Plan Rows": 718388,
                      "Plan Width": 4,
                      "Actual Startup Time": 27.092,
                      "Actual Total Time": 283.369,
                      "Actual Rows": 604163,
                      "Actual Loops": 6,
                      "Filter": "(info_type_id < 4)",
                      "Rows Removed by Filter": 1868457
                    },
                    {
                      "Node Type": "Hash",
                      "Parent Relationship": "Inner",
                      "Parallel Aware": true,
                      "Startup Cost": 381307.79,
                      "Total Cost": 381307.79,
                      "Plan Rows": 239810,
                      "Plan Width": 8,
                      "Actual Startup Time": 636.238,
                      "Actual Total Time": 636.331,
                      "Actual Rows": 152305,
                      "Actual Loops": 6,
                      "Hash Buckets": 2097152,
                      "Original Hash Buckets": 2097152,
                      "Hash Batches": 1,
                      "Original Hash Batches": 1,
                      "Peak Memory Usage": 52224,
                      "Plans": [
                        {
                          "Node Type": "Hash Join",
                          "Parent Relationship": "Outer",
                          "Parallel Aware": true,
                          "Join Type": "Inner",
                          "Startup Cost": 120039.44,
                          "Total Cost": 381307.79,
                          "Plan Rows": 239810,
                          "Plan Width": 8,
                          "Actual Startup Time": 446.757,
                          "Actual Total Time": 567.789,
                          "Actual Rows": 152305,
                          "Actual Loops": 6,
                          "Inner Unique": true,
                          "Hash Cond": "(ci.movie_id = t.id)",
                          "Plans": [
                            {
                              "Node Type": "Bitmap Heap Scan",
                              "Parent Relationship": "Outer",
                              "Parallel Aware": true,
                              "Relation Name": "cast_info",
                              "Alias": "ci",
                              "Startup Cost": 69819.8,
                              "Total Cost": 330458.64,
                              "Plan Rows": 239810,
                              "Plan Width": 4,
                              "Actual Startup Time": 188.844,
                              "Actual Total Time": 228.233,
                              "Actual Rows": 152305,
                              "Actual Loops": 6,
                              "Recheck Cond": "(person_id < 314978)",
                              "Rows Removed by Index Recheck": 0,
                              "Filter": "(role_id > 2)",
                              "Rows Removed by Filter": 391751,
                              "Exact Heap Blocks": 6326,
                              "Lossy Heap Blocks": 0,
                              "Plans": [
                                {
                                  "Node Type": "Bitmap Index Scan",
                                  "Parent Relationship": "Outer",
                                  "Parallel Aware": false,
                                  "Index Name": "person_id_cast_info",
                                  "Startup Cost": 0.0,
                                  "Total Cost": 69460.09,
                                  "Plan Rows": 3180736,
                                  "Plan Width": 0,
                                  "Actual Startup Time": 114.502,
                                  "Actual Total Time": 114.503,
                                  "Actual Rows": 3264336,
                                  "Actual Loops": 1,
                                  "Index Cond": "(person_id < 314978)"
                                }
                              ]
                            },
                            {
                              "Node Type": "Hash",
                              "Parent Relationship": "Inner",
                              "Parallel Aware": true,
                              "Startup Cost": 42318.73,
                              "Total Cost": 42318.73,
                              "Plan Rows": 632073,
                              "Plan Width": 4,
                              "Actual Startup Time": 253.394,
                              "Actual Total Time": 253.395,
                              "Actual Rows": 421385,
                              "Actual Loops": 6,
                              "Hash Buckets": 4194304,
                              "Original Hash Buckets": 4194304,
                              "Hash Batches": 1,
                              "Original Hash Batches": 1,
                              "Peak Memory Usage": 131776,
                              "Plans": [
                                {
                                  "Node Type": "Seq Scan",
                                  "Parent Relationship": "Outer",
                                  "Parallel Aware": true,
                                  "Relation Name": "title",
                                  "Alias": "t",
                                  "Startup Cost": 0.0,
                                  "Total Cost": 42318.73,
                                  "Plan Rows": 632073,
                                  "Plan Width": 4,
                                  "Actual Startup Time": 0.05,
                                  "Actual Total Time": 72.268,
                                  "Actual Rows": 421385,
                                  "Actual Loops": 6
                                }
                              ]
                            }
                          ]
                        }
                      ]
                    }
                  ]
                }
              ]
            }
          ]
        }
      ]
    },
    "Planning Time": 1.405,
    "Triggers": [],
    "Execution Time": 1169.624
  }
]