{
  "Plan": {
    "Node Type": "Aggregate",
    "Strategy": "Plain",
    "Partial Mode": "Finalize",
    "Parallel Aware": false,
    "Startup Cost": 704239.11,
    "Total Cost": 704239.12,
    "Plan Rows": 1,
    "Plan Width": 8,
    "Actual Startup Time": 2997.281,
    "Actual Total Time": 3040.95,
    "Actual Rows": 1,
    "Actual Loops": 1,
    "Plans": [
      {
        "Node Type": "Gather",
        "Parent Relationship": "Outer",
        "Parallel Aware": false,
        "Startup Cost": 704238.99,
        "Total Cost": 704239.1,
        "Plan Rows": 1,
        "Plan Width": 8,
        "Actual Startup Time": 2997.273,
        "Actual Total Time": 3040.944,
        "Actual Rows": 2,
        "Actual Loops": 1,
        "Workers Planned": 1,
        "Workers Launched": 1,
        "Single Copy": false,
        "Plans": [
          {
            "Node Type": "Aggregate",
            "Strategy": "Plain",
            "Partial Mode": "Partial",
            "Parent Relationship": "Outer",
            "Parallel Aware": false,
            "Startup Cost": 703238.99,
            "Total Cost": 703239.0,
            "Plan Rows": 1,
            "Plan Width": 8,
            "Actual Startup Time": 2978.883,
            "Actual Total Time": 2978.889,
            "Actual Rows": 1,
            "Actual Loops": 2,
            "Plans": [
              {
                "Node Type": "Merge Join",
                "Parent Relationship": "Outer",
                "Parallel Aware": false,
                "Join Type": "Inner",
                "Startup Cost": 679137.02,
                "Total Cost": 701255.78,
                "Plan Rows": 793286,
                "Plan Width": 0,
                "Actual Startup Time": 2512.815,
                "Actual Total Time": 2918.59,
                "Actual Rows": 1519644,
                "Actual Loops": 2,
                "Inner Unique": false,
                "Merge Cond": "(t.id = mc.movie_id)",
                "Plans": [
                  {
                    "Node Type": "Sort",
                    "Parent Relationship": "Outer",
                    "Parallel Aware": false,
                    "Startup Cost": 498041.2,
                    "Total Cost": 501826.2,
                    "Plan Rows": 1514000,
                    "Plan Width": 8,
                    "Actual Startup Time": 2008.115,
                    "Actual Total Time": 2061.991,
                    "Actual Rows": 1461751,
                    "Actual Loops": 2,
                    "Sort Key": [
                      "mi.movie_id"
                    ],
                    "Sort Method": "quicksort",
                    "Sort Space Used": 118895,
                    "Sort Space Type": "Memory",
                    "Workers": [
                      {
                        "Worker Number": 0,
                        "Sort Method": "quicksort",
                        "Sort Space Used": 116449,
                        "Sort Space Type": "Memory"
                      }
                    ],
                    "Plans": [
                      {
                        "Node Type": "Hash Join",
                        "Parent Relationship": "Outer",
                        "Parallel Aware": true,
                        "Join Type": "Inner",
                        "Startup Cost": 64412.96,
                        "Total Cost": 342629.61,
                        "Plan Rows": 1514000,
                        "Plan Width": 8,
                        "Actual Startup Time": 352.496,
                        "Actual Total Time": 1690.057,
                        "Actual Rows": 1461756,
                        "Actual Loops": 2,
                        "Inner Unique": true,
                        "Hash Cond": "(mi.movie_id = t.id)",
                        "Plans": [
                          {
                            "Node Type": "Seq Scan",
                            "Parent Relationship": "Outer",
                            "Parallel Aware": true,
                            "Relation Name": "movie_info",
                            "Alias": "mi",
                            "Startup Cost": 0.0,
                            "Total Cost": 270696.42,
                            "Plan Rows": 2864842,
                            "Plan Width": 4,
                            "Actual Startup Time": 0.01,
                            "Actual Total Time": 657.055,
                            "Actual Rows": 2461983,
                            "Actual Loops": 2,
                            "Filter": "(info_type_id < 5)",
                            "Rows Removed by Filter": 4955877
                          },
                          {
                            "Node Type": "Hash",
                            "Parent Relationship": "Inner",
                            "Parallel Aware": true,
                            "Startup Cost": 54588.39,
                            "Total Cost": 54588.39,
                            "Plan Rows": 785966,
                            "Plan Width": 4,
                            "Actual Startup Time": 338.37,
                            "Actual Total Time": 338.371,
                            "Actual Rows": 674146,
                            "Actual Loops": 2,
                            "Hash Buckets": 2097152,
                            "Original Hash Buckets": 2097152,
                            "Hash Batches": 1,
                            "Original Hash Batches": 1,
                            "Peak Memory Usage": 69152,
                            "Plans": [
                              {
                                "Node Type": "Seq Scan",
                                "Parent Relationship": "Outer",
                                "Parallel Aware": true,
                                "Relation Name": "title",
                                "Alias": "t",
                                "Startup Cost": 0.0,
                                "Total Cost": 54588.39,
                                "Plan Rows": 785966,
                                "Plan Width": 4,
                                "Actual Startup Time": 0.021,
                                "Actual Total Time": 163.329,
                                "Actual Rows": 674146,
                                "Actual Loops": 2,
                                "Filter": "(production_year < 2005)",
                                "Rows Removed by Filter": 590010
                              }
                            ]
                          }
                        ]
                      }
                    ]
                  },
                  {
                    "Node Type": "Sort",
                    "Parent Relationship": "Inner",
                    "Parallel Aware": false,
                    "Startup Cost": 181095.66,
                    "Total Cost": 184407.51,
                    "Plan Rows": 1324742,
                    "Plan Width": 4,
                    "Actual Startup Time": 504.674,
                    "Actual Total Time": 577.737,
                    "Actual Rows": 2177258,
                    "Actual Loops": 2,
                    "Sort Key": [
                      "mc.movie_id"
                    ],
                    "Sort Method": "quicksort",
                    "Sort Space Used": 111725,
                    "Sort Space Type": "Memory",
                    "Workers": [
                      {
                        "Worker Number": 0,
                        "Sort Method": "quicksort",
                        "Sort Space Used": 111725,
                        "Sort Space Type": "Memory"
                      }
                    ],
                    "Plans": [
                      {
                        "Node Type": "Index Scan",
                        "Parent Relationship": "Outer",
                        "Parallel Aware": false,
                        "Scan Direction": "Forward",
                        "Index Name": "company_type_id_movie_companies",
                        "Relation Name": "movie_companies",
                        "Alias": "mc",
                        "Startup Cost": 0.43,
                        "Total Cost": 46387.42,
                        "Plan Rows": 1324742,
                        "Plan Width": 4,
                        "Actual Startup Time": 0.118,
                        "Actual Total Time": 235.399,
                        "Actual Rows": 1334883,
                        "Actual Loops": 2,
                        "Index Cond": "(company_type_id > 1)",
                        "Rows Removed by Index Recheck": 0
                      }
                    ]
                  }
                ]
              }
            ]
          }
        ]
      }
    ]
  },
  "Planning Time": 1.037,
  "Triggers": [],
  "Execution Time": 3061.785
}