[
  {
    "Plan": {
      "Node Type": "Aggregate",
      "Strategy": "Plain",
      "Partial Mode": "Finalize",
      "Parallel Aware": false,
      "Startup Cost": 90756.34,
      "Total Cost": 90756.35,
      "Plan Rows": 1,
      "Plan Width": 8,
      "Actual Startup Time": 309.123,
      "Actual Total Time": 325.969,
      "Actual Rows": 1,
      "Actual Loops": 1,
      "Plans": [
        {
          "Node Type": "Gather",
          "Parent Relationship": "Outer",
          "Parallel Aware": false,
          "Startup Cost": 90756.03,
          "Total Cost": 90756.34,
          "Plan Rows": 3,
          "Plan Width": 8,
          "Actual Startup Time": 306.385,
          "Actual Total Time": 325.956,
          "Actual Rows": 4,
          "Actual Loops": 1,
          "Workers Planned": 3,
          "Workers Launched": 3,
          "Single Copy": false,
          "Plans": [
            {
              "Node Type": "Aggregate",
              "Strategy": "Plain",
              "Partial Mode": "Partial",
              "Parent Relationship": "Outer",
              "Parallel Aware": false,
              "Startup Cost": 89756.03,
              "Total Cost": 89756.04,
              "Plan Rows": 1,
              "Plan Width": 8,
              "Actual Startup Time": 301.418,
              "Actual Total Time": 301.421,
              "Actual Rows": 1,
              "Actual Loops": 4,
              "Plans": [
                {
                  "Node Type": "Hash Join",
                  "Parent Relationship": "Outer",
                  "Parallel Aware": true,
                  "Join Type": "Inner",
                  "Startup Cost": 45676.55,
                  "Total Cost": 89511.89,
                  "Plan Rows": 97656,
                  "Plan Width": 0,
                  "Actual Startup Time": 158.021,
                  "Actual Total Time": 296.871,
                  "Actual Rows": 107477,
                  "Actual Loops": 4,
                  "Inner Unique": true,
                  "Hash Cond": "(mk.movie_id = t.id)",
                  "Plans": [
                    {
                      "Node Type": "Seq Scan",
                      "Parent Relationship": "Outer",
                      "Parallel Aware": true,
                      "Relation Name": "movie_keyword",
                      "Alias": "mk",
                      "Startup Cost": 0.0,
                      "Total Cost": 42695.65,
                      "Plan Rows": 434166,
                      "Plan Width": 4,
                      "Actual Startup Time": 0.833,
                      "Actual Total Time": 91.895,
                      "Actual Rows": 336621,
                      "Actual Loops": 4,
                      "Filter": "(keyword_id > 12661)",
                      "Rows Removed by Filter": 794362
                    },
                    {
                      "Node Type": "Hash",
                      "Parent Relationship": "Inner",
                      "Parallel Aware": true,
                      "Startup Cost": 43899.32,
                      "Total Cost": 43899.32,
                      "Plan Rows": 142178,
                      "Plan Width": 4,
                      "Actual Startup Time": 154.311,
                      "Actual Total Time": 154.312,
                      "Actual Rows": 146255,
                      "Actual Loops": 4,
                      "Hash Buckets": 1048576,
                      "Original Hash Buckets": 1048576,
                      "Hash Batches": 1,
                      "Original Hash Batches": 1,
                      "Peak Memory Usage": 31136,
                      "Plans": [
                        {
                          "Node Type": "Seq Scan",
                          "Parent Relationship": "Outer",
                          "Parallel Aware": true,
                          "Relation Name": "title",
                          "Alias": "t",
                          "Startup Cost": 0.0,
                          "Total Cost": 43899.32,
                          "Plan Rows": 142178,
                          "Plan Width": 4,
                          "Actual Startup Time": 0.02,
                          "Actual Total Time": 99.876,
                          "Actual Rows": 146255,
                          "Actual Loops": 4,
                          "Filter": "(production_year < 1985)",
                          "Rows Removed by Filter": 485823
                        }
                      ]
                    }
                  ]
                }
              ]
            }
          ]
        }
      ]
    },
    "Planning Time": 0.293,
    "Triggers": [],
    "Execution Time": 325.998
  }
]