[
  {
    "Plan": {
      "Node Type": "Aggregate",
      "Strategy": "Plain",
      "Partial Mode": "Finalize",
      "Parallel Aware": false,
      "Startup Cost": 87366.02,
      "Total Cost": 87366.03,
      "Plan Rows": 1,
      "Plan Width": 8,
      "Actual Startup Time": 343.724,
      "Actual Total Time": 360.746,
      "Actual Rows": 1,
      "Actual Loops": 1,
      "Plans": [
        {
          "Node Type": "Gather",
          "Parent Relationship": "Outer",
          "Parallel Aware": false,
          "Startup Cost": 87365.6,
          "Total Cost": 87366.01,
          "Plan Rows": 4,
          "Plan Width": 8,
          "Actual Startup Time": 341.487,
          "Actual Total Time": 360.736,
          "Actual Rows": 5,
          "Actual Loops": 1,
          "Workers Planned": 4,
          "Workers Launched": 4,
          "Single Copy": false,
          "Plans": [
            {
              "Node Type": "Aggregate",
              "Strategy": "Plain",
              "Partial Mode": "Partial",
              "Parent Relationship": "Outer",
              "Parallel Aware": false,
              "Startup Cost": 86365.6,
              "Total Cost": 86365.61,
              "Plan Rows": 1,
              "Plan Width": 8,
              "Actual Startup Time": 330.871,
              "Actual Total Time": 330.929,
              "Actual Rows": 1,
              "Actual Loops": 5,
              "Plans": [
                {
                  "Node Type": "Nested Loop",
                  "Parent Relationship": "Outer",
                  "Parallel Aware": false,
                  "Join Type": "Inner",
                  "Startup Cost": 27165.92,
                  "Total Cost": 86354.5,
                  "Plan Rows": 4440,
                  "Plan Width": 0,
                  "Actual Startup Time": 164.187,
                  "Actual Total Time": 329.54,
                  "Actual Rows": 20614,
                  "Actual Loops": 5,
                  "Inner Unique": false,
                  "Plans": [
                    {
                      "Node Type": "Hash Join",
                      "Parent Relationship": "Outer",
                      "Parallel Aware": true,
                      "Join Type": "Inner",
                      "Startup Cost": 27165.5,
                      "Total Cost": 73231.2,
                      "Plan Rows": 24693,
                      "Plan Width": 8,
                      "Actual Startup Time": 161.716,
                      "Actual Total Time": 232.438,
                      "Actual Rows": 40979,
                      "Actual Loops": 5,
                      "Inner Unique": false,
                      "Hash Cond": "(t.id = mc.movie_id)",
                      "Plans": [
                        {
                          "Node Type": "Seq Scan",
                          "Parent Relationship": "Outer",
                          "Parallel Aware": true,
                          "Relation Name": "title",
                          "Alias": "t",
                          "Startup Cost": 0.0,
                          "Total Cost": 43898.92,
                          "Plan Rows": 417426,
                          "Plan Width": 4,
                          "Actual Startup Time": 0.013,
                          "Actual Total Time": 76.786,
                          "Actual Rows": 334258,
                          "Actual Loops": 5,
                          "Filter": "(production_year < 2008)",
                          "Rows Removed by Filter": 171404
                        },
                        {
                          "Node Type": "Hash",
                          "Parent Relationship": "Inner",
                          "Parallel Aware": true,
                          "Startup Cost": 26562.42,
                          "Total Cost": 26562.42,
                          "Plan Rows": 48246,
                          "Plan Width": 4,
                          "Actual Startup Time": 85.283,
                          "Actual Total Time": 85.284,
                          "Actual Rows": 59141,
                          "Actual Loops": 5,
                          "Hash Buckets": 524288,
                          "Original Hash Buckets": 262144,
                          "Hash Batches": 1,
                          "Original Hash Batches": 1,
                          "Peak Memory Usage": 17792,
                          "Plans": [
                            {
                              "Node Type": "Bitmap Heap Scan",
                              "Parent Relationship": "Outer",
                              "Parallel Aware": true,
                              "Relation Name": "movie_companies",
                              "Alias": "mc",
                              "Startup Cost": 6347.09,
                              "Total Cost": 26562.42,
                              "Plan Rows": 48246,
                              "Plan Width": 4,
                              "Actual Startup Time": 26.137,
                              "Actual Total Time": 55.466,
                              "Actual Rows": 59141,
                              "Actual Loops": 5,
                              "Recheck Cond": "(company_id > 94756)",
                              "Rows Removed by Index Recheck": 0,
                              "Filter": "(company_type_id > 1)",
                              "Rows Removed by Filter": 0,
                              "Exact Heap Blocks": 1893,
                              "Lossy Heap Blocks": 0,
                              "Plans": [
                                {
                                  "Node Type": "Bitmap Index Scan",
                                  "Parent Relationship": "Outer",
                                  "Parallel Aware": false,
                                  "Index Name": "company_id_movie_companies",
                                  "Startup Cost": 0.0,
                                  "Total Cost": 6309.7,
                                  "Plan Rows": 294569,
                                  "Plan Width": 0,
                                  "Actual Startup Time": 28.755,
                                  "Actual Total Time": 28.756,
                                  "Actual Rows": 295705,
                                  "Actual Loops": 1,
                                  "Index Cond": "(company_id > 94756)"
                                }
                              ]
                            }
                          ]
                        }
                      ]
                    },
                    {
                      "Node Type": "Index Scan",
                      "Parent Relationship": "Inner",
                      "Parallel Aware": false,
                      "Scan Direction": "Forward",
                      "Index Name": "movie_id_movie_info_idx",
                      "Relation Name": "movie_info_idx",
                      "Alias": "mi_idx",
                      "Startup Cost": 0.43,
                      "Total Cost": 0.52,
                      "Plan Rows": 1,
                      "Plan Width": 4,
                      "Actual Startup Time": 0.002,
                      "Actual Total Time": 0.002,
                      "Actual Rows": 1,
                      "Actual Loops": 204896,
                      "Index Cond": "(movie_id = t.id)",
                      "Rows Removed by Index Recheck": 0,
                      "Filter": "(info_type_id < 100)",
                      "Rows Removed by Filter": 1
                    }
                  ]
                }
              ]
            }
          ]
        }
      ]
    },
    "Planning Time": 1.491,
    "Triggers": [],
    "Execution Time": 360.857
  }
]