[
  {
    "Plan": {
      "Node Type": "Aggregate",
      "Strategy": "Plain",
      "Partial Mode": "Finalize",
      "Parallel Aware": false,
      "Startup Cost": 44228.78,
      "Total Cost": 44228.79,
      "Plan Rows": 1,
      "Plan Width": 8,
      "Actual Startup Time": 86.071,
      "Actual Total Time": 98.478,
      "Actual Rows": 1,
      "Actual Loops": 1,
      "Plans": [
        {
          "Node Type": "Gather",
          "Parent Relationship": "Outer",
          "Parallel Aware": false,
          "Startup Cost": 44228.56,
          "Total Cost": 44228.77,
          "Plan Rows": 2,
          "Plan Width": 8,
          "Actual Startup Time": 85.835,
          "Actual Total Time": 98.471,
          "Actual Rows": 3,
          "Actual Loops": 1,
          "Workers Planned": 2,
          "Workers Launched": 2,
          "Single Copy": false,
          "Plans": [
            {
              "Node Type": "Aggregate",
              "Strategy": "Plain",
              "Partial Mode": "Partial",
              "Parent Relationship": "Outer",
              "Parallel Aware": false,
              "Startup Cost": 43228.56,
              "Total Cost": 43228.57,
              "Plan Rows": 1,
              "Plan Width": 8,
              "Actual Startup Time": 77.861,
              "Actual Total Time": 77.863,
              "Actual Rows": 1,
              "Actual Loops": 3,
              "Plans": [
                {
                  "Node Type": "Nested Loop",
                  "Parent Relationship": "Outer",
                  "Parallel Aware": false,
                  "Join Type": "Inner",
                  "Startup Cost": 182.74,
                  "Total Cost": 43219.49,
                  "Plan Rows": 3631,
                  "Plan Width": 0,
                  "Actual Startup Time": 3.444,
                  "Actual Total Time": 75.684,
                  "Actual Rows": 30243,
                  "Actual Loops": 3,
                  "Inner Unique": false,
                  "Plans": [
                    {
                      "Node Type": "Nested Loop",
                      "Parent Relationship": "Outer",
                      "Parallel Aware": false,
                      "Join Type": "Inner",
                      "Startup Cost": 182.31,
                      "Total Cost": 41064.84,
                      "Plan Rows": 3519,
                      "Plan Width": 8,
                      "Actual Startup Time": 3.254,
                      "Actual Total Time": 39.13,
                      "Actual Rows": 2779,
                      "Actual Loops": 3,
                      "Inner Unique": true,
                      "Plans": [
                        {
                          "Node Type": "Bitmap Heap Scan",
                          "Parent Relationship": "Outer",
                          "Parallel Aware": true,
                          "Relation Name": "movie_keyword",
                          "Alias": "mk",
                          "Startup Cost": 181.88,
                          "Total Cost": 17308.51,
                          "Plan Rows": 3519,
                          "Plan Width": 4,
                          "Actual Startup Time": 3.083,
                          "Actual Total Time": 14.601,
                          "Actual Rows": 2779,
                          "Actual Loops": 3,
                          "Recheck Cond": "(keyword_id = 865)",
                          "Rows Removed by Index Recheck": 0,
                          "Exact Heap Blocks": 4247,
                          "Lossy Heap Blocks": 0,
                          "Plans": [
                            {
                              "Node Type": "Bitmap Index Scan",
                              "Parent Relationship": "Outer",
                              "Parallel Aware": false,
                              "Index Name": "keyword_id_movie_keyword",
                              "Startup Cost": 0.0,
                              "Total Cost": 179.77,
                              "Plan Rows": 8445,
                              "Plan Width": 0,
                              "Actual Startup Time": 5.554,
                              "Actual Total Time": 5.555,
                              "Actual Rows": 8337,
                              "Actual Loops": 1,
                              "Index Cond": "(keyword_id = 865)"
                            }
                          ]
                        },
                        {
                          "Node Type": "Index Only Scan",
                          "Parent Relationship": "Inner",
                          "Parallel Aware": false,
                          "Scan Direction": "Forward",
                          "Index Name": "title_pkey",
                          "Relation Name": "title",
                          "Alias": "t",
                          "Startup Cost": 0.43,
                          "Total Cost": 6.75,
                          "Plan Rows": 1,
                          "Plan Width": 4,
                          "Actual Startup Time": 0.008,
                          "Actual Total Time": 0.008,
                          "Actual Rows": 1,
                          "Actual Loops": 8337,
                          "Index Cond": "(id = mk.movie_id)",
                          "Rows Removed by Index Recheck": 0,
                          "Heap Fetches": 8337
                        }
                      ]
                    },
                    {
                      "Node Type": "Index Only Scan",
                      "Parent Relationship": "Inner",
                      "Parallel Aware": false,
                      "Scan Direction": "Forward",
                      "Index Name": "movie_id_movie_companies",
                      "Relation Name": "movie_companies",
                      "Alias": "mc",
                      "Startup Cost": 0.43,
                      "Total Cost": 0.56,
                      "Plan Rows": 5,
                      "Plan Width": 4,
                      "Actual Startup Time": 0.007,
                      "Actual Total Time": 0.012,
                      "Actual Rows": 11,
                      "Actual Loops": 8337,
                      "Index Cond": "(movie_id = t.id)",
                      "Rows Removed by Index Recheck": 0,
                      "Heap Fetches": 90729
                    }
                  ]
                }
              ]
            }
          ]
        }
      ]
    },
    "Planning Time": 1.415,
    "Triggers": [],
    "Execution Time": 98.566
  }
]