{
  "Plan": {
    "Node Type": "Aggregate",
    "Strategy": "Plain",
    "Partial Mode": "Finalize",
    "Parallel Aware": false,
    "Startup Cost": 51589.9,
    "Total Cost": 51589.91,
    "Plan Rows": 1,
    "Plan Width": 8,
    "Actual Startup Time": 153.732,
    "Actual Total Time": 163.701,
    "Actual Rows": 1,
    "Actual Loops": 1,
    "Plans": [
      {
        "Node Type": "Gather",
        "Parent Relationship": "Outer",
        "Parallel Aware": false,
        "Startup Cost": 51589.79,
        "Total Cost": 51589.9,
        "Plan Rows": 1,
        "Plan Width": 8,
        "Actual Startup Time": 153.466,
        "Actual Total Time": 163.693,
        "Actual Rows": 2,
        "Actual Loops": 1,
        "Workers Planned": 1,
        "Workers Launched": 1,
        "Single Copy": false,
        "Plans": [
          {
            "Node Type": "Aggregate",
            "Strategy": "Plain",
            "Partial Mode": "Partial",
            "Parent Relationship": "Outer",
            "Parallel Aware": false,
            "Startup Cost": 50589.79,
            "Total Cost": 50589.8,
            "Plan Rows": 1,
            "Plan Width": 8,
            "Actual Startup Time": 147.356,
            "Actual Total Time": 147.364,
            "Actual Rows": 1,
            "Actual Loops": 2,
            "Plans": [
              {
                "Node Type": "Hash Join",
                "Parent Relationship": "Outer",
                "Parallel Aware": true,
                "Join Type": "Inner",
                "Startup Cost": 23298.94,
                "Total Cost": 50589.5,
                "Plan Rows": 118,
                "Plan Width": 0,
                "Actual Startup Time": 70.521,
                "Actual Total Time": 147.296,
                "Actual Rows": 834,
                "Actual Loops": 2,
                "Inner Unique": false,
                "Hash Cond": "(mk.movie_id = t.id)",
                "Plans": [
                  {
                    "Node Type": "Bitmap Heap Scan",
                    "Parent Relationship": "Outer",
                    "Parallel Aware": true,
                    "Relation Name": "movie_keyword",
                    "Alias": "mk",
                    "Startup Cost": 6295.66,
                    "Total Cost": 32931.08,
                    "Plan Rows": 174514,
                    "Plan Width": 4,
                    "Actual Startup Time": 40.552,
                    "Actual Total Time": 101.399,
                    "Actual Rows": 155743,
                    "Actual Loops": 2,
                    "Recheck Cond": "(keyword_id < 249)",
                    "Rows Removed by Index Recheck": 0,
                    "Exact Heap Blocks": 16930,
                    "Lossy Heap Blocks": 0,
                    "Plans": [
                      {
                        "Node Type": "Bitmap Index Scan",
                        "Parent Relationship": "Outer",
                        "Parallel Aware": false,
                        "Index Name": "keyword_id_movie_keyword",
                        "Startup Cost": 0.0,
                        "Total Cost": 6221.49,
                        "Plan Rows": 296674,
                        "Plan Width": 0,
                        "Actual Startup Time": 36.028,
                        "Actual Total Time": 36.029,
                        "Actual Rows": 311486,
                        "Actual Loops": 1,
                        "Index Cond": "(keyword_id < 249)"
                      }
                    ]
                  },
                  {
                    "Node Type": "Hash",
                    "Parent Relationship": "Inner",
                    "Parallel Aware": true,
                    "Startup Cost": 16990.69,
                    "Total Cost": 16990.69,
                    "Plan Rows": 1008,
                    "Plan Width": 8,
                    "Actual Startup Time": 28.814,
                    "Actual Total Time": 28.819,
                    "Actual Rows": 1998,
                    "Actual Loops": 2,
                    "Hash Buckets": 4096,
                    "Original Hash Buckets": 2048,
                    "Hash Batches": 1,
                    "Original Hash Batches": 1,
                    "Peak Memory Usage": 240,
                    "Plans": [
                      {
                        "Node Type": "Nested Loop",
                        "Parent Relationship": "Outer",
                        "Parallel Aware": false,
                        "Join Type": "Inner",
                        "Startup Cost": 79.38,
                        "Total Cost": 16990.69,
                        "Plan Rows": 1008,
                        "Plan Width": 8,
                        "Actual Startup Time": 0.616,
                        "Actual Total Time": 21.349,
                        "Actual Rows": 1998,
                        "Actual Loops": 2,
                        "Inner Unique": true,
                        "Plans": [
                          {
                            "Node Type": "Bitmap Heap Scan",
                            "Parent Relationship": "Outer",
                            "Parallel Aware": true,
                            "Relation Name": "movie_companies",
                            "Alias": "mc",
                            "Startup Cost": 78.95,
                            "Total Cost": 8915.76,
                            "Plan Rows": 1008,
                            "Plan Width": 4,
                            "Actual Startup Time": 0.461,
                            "Actual Total Time": 2.506,
                            "Actual Rows": 1998,
                            "Actual Loops": 2,
                            "Recheck Cond": "(company_id = 150)",
                            "Rows Removed by Index Recheck": 0,
                            "Filter": "(company_type_id = 1)",
                            "Rows Removed by Filter": 0,
                            "Exact Heap Blocks": 248,
                            "Lossy Heap Blocks": 0,
                            "Plans": [
                              {
                                "Node Type": "Bitmap Index Scan",
                                "Parent Relationship": "Outer",
                                "Parallel Aware": false,
                                "Index Name": "company_id_movie_companies",
                                "Startup Cost": 0.0,
                                "Total Cost": 78.52,
                                "Plan Rows": 3479,
                                "Plan Width": 0,
                                "Actual Startup Time": 0.665,
                                "Actual Total Time": 0.665,
                                "Actual Rows": 3996,
                                "Actual Loops": 1,
                                "Index Cond": "(company_id = 150)"
                              }
                            ]
                          },
                          {
                            "Node Type": "Index Only Scan",
                            "Parent Relationship": "Inner",
                            "Parallel Aware": false,
                            "Scan Direction": "Forward",
                            "Index Name": "title_pkey",
                            "Relation Name": "title",
                            "Alias": "t",
                            "Startup Cost": 0.43,
                            "Total Cost": 8.01,
                            "Plan Rows": 1,
                            "Plan Width": 4,
                            "Actual Startup Time": 0.009,
                            "Actual Total Time": 0.009,
                            "Actual Rows": 1,
                            "Actual Loops": 3995,
                            "Index Cond": "(id = mc.movie_id)",
                            "Rows Removed by Index Recheck": 0,
                            "Heap Fetches": 3995
                          }
                        ]
                      }
                    ]
                  }
                ]
              }
            ]
          }
        ]
      }
    ]
  },
  "Planning Time": 1.18,
  "Triggers": [],
  "Execution Time": 163.819
}