[
  {
    "Plan": {
      "Node Type": "Aggregate",
      "Strategy": "Plain",
      "Partial Mode": "Finalize",
      "Parallel Aware": false,
      "Startup Cost": 274483.7,
      "Total Cost": 274483.71,
      "Plan Rows": 1,
      "Plan Width": 8,
      "Actual Startup Time": 1261.047,
      "Actual Total Time": 1286.199,
      "Actual Rows": 1,
      "Actual Loops": 1,
      "Plans": [
        {
          "Node Type": "Gather",
          "Parent Relationship": "Outer",
          "Parallel Aware": false,
          "Startup Cost": 274483.39,
          "Total Cost": 274483.7,
          "Plan Rows": 3,
          "Plan Width": 8,
          "Actual Startup Time": 1236.992,
          "Actual Total Time": 1286.19,
          "Actual Rows": 4,
          "Actual Loops": 1,
          "Workers Planned": 3,
          "Workers Launched": 3,
          "Single Copy": false,
          "Plans": [
            {
              "Node Type": "Aggregate",
              "Strategy": "Plain",
              "Partial Mode": "Partial",
              "Parent Relationship": "Outer",
              "Parallel Aware": false,
              "Startup Cost": 273483.39,
              "Total Cost": 273483.4,
              "Plan Rows": 1,
              "Plan Width": 8,
              "Actual Startup Time": 1223.141,
              "Actual Total Time": 1223.148,
              "Actual Rows": 1,
              "Actual Loops": 4,
              "Plans": [
                {
                  "Node Type": "Hash Join",
                  "Parent Relationship": "Outer",
                  "Parallel Aware": true,
                  "Join Type": "Inner",
                  "Startup Cost": 241278.8,
                  "Total Cost": 272460.15,
                  "Plan Rows": 409296,
                  "Plan Width": 0,
                  "Actual Startup Time": 677.014,
                  "Actual Total Time": 1092.428,
                  "Actual Rows": 3390794,
                  "Actual Loops": 4,
                  "Inner Unique": false,
                  "Hash Cond": "(mc.movie_id = t.id)",
                  "Plans": [
                    {
                      "Node Type": "Seq Scan",
                      "Parent Relationship": "Outer",
                      "Parallel Aware": true,
                      "Relation Name": "movie_companies",
                      "Alias": "mc",
                      "Startup Cost": 0.0,
                      "Total Cost": 27206.55,
                      "Plan Rows": 841655,
                      "Plan Width": 4,
                      "Actual Startup Time": 0.017,
                      "Actual Total Time": 56.073,
                      "Actual Rows": 652282,
                      "Actual Loops": 4
                    },
                    {
                      "Node Type": "Hash",
                      "Parent Relationship": "Inner",
                      "Parallel Aware": true,
                      "Startup Cost": 238205.03,
                      "Total Cost": 238205.03,
                      "Plan Rows": 245902,
                      "Plan Width": 8,
                      "Actual Startup Time": 669.339,
                      "Actual Total Time": 669.343,
                      "Actual Rows": 296790,
                      "Actual Loops": 4,
                      "Hash Buckets": 2097152,
                      "Original Hash Buckets": 2097152,
                      "Hash Batches": 1,
                      "Original Hash Batches": 1,
                      "Peak Memory Usage": 62912,
                      "Plans": [
                        {
                          "Node Type": "Hash Join",
                          "Parent Relationship": "Outer",
                          "Parallel Aware": true,
                          "Join Type": "Inner",
                          "Startup Cost": 72492.77,
                          "Total Cost": 238205.03,
                          "Plan Rows": 245902,
                          "Plan Width": 8,
                          "Actual Startup Time": 387.772,
                          "Actual Total Time": 575.661,
                          "Actual Rows": 296790,
                          "Actual Loops": 4,
                          "Inner Unique": true,
                          "Hash Cond": "(mi.movie_id = t.id)",
                          "Plans": [
                            {
                              "Node Type": "Bitmap Heap Scan",
                              "Parent Relationship": "Outer",
                              "Parallel Aware": true,
                              "Relation Name": "movie_info",
                              "Alias": "mi",
                              "Startup Cost": 22273.12,
                              "Total Cost": 187339.89,
                              "Plan Rows": 245902,
                              "Plan Width": 4,
                              "Actual Startup Time": 56.888,
                              "Actual Total Time": 136.586,
                              "Actual Rows": 296790,
                              "Actual Loops": 4,
                              "Recheck Cond": "(info_type_id > 41)",
                              "Rows Removed by Index Recheck": 0,
                              "Exact Heap Blocks": 9563,
                              "Lossy Heap Blocks": 0,
                              "Plans": [
                                {
                                  "Node Type": "Bitmap Index Scan",
                                  "Parent Relationship": "Outer",
                                  "Parallel Aware": false,
                                  "Index Name": "info_type_id_movie_info",
                                  "Startup Cost": 0.0,
                                  "Total Cost": 21965.74,
                                  "Plan Rows": 1229508,
                                  "Plan Width": 0,
                                  "Actual Startup Time": 51.154,
                                  "Actual Total Time": 51.154,
                                  "Actual Rows": 1187158,
                                  "Actual Loops": 1,
                                  "Index Cond": "(info_type_id > 41)"
                                }
                              ]
                            },
                            {
                              "Node Type": "Hash",
                              "Parent Relationship": "Inner",
                              "Parallel Aware": true,
                              "Startup Cost": 42318.73,
                              "Total Cost": 42318.73,
                              "Plan Rows": 632073,
                              "Plan Width": 4,
                              "Actual Startup Time": 324.483,
                              "Actual Total Time": 324.483,
                              "Actual Rows": 632078,
                              "Actual Loops": 4,
                              "Hash Buckets": 4194304,
                              "Original Hash Buckets": 4194304,
                              "Hash Batches": 1,
                              "Original Hash Batches": 1,
                              "Peak Memory Usage": 131776,
                              "Plans": [
                                {
                                  "Node Type": "Seq Scan",
                                  "Parent Relationship": "Outer",
                                  "Parallel Aware": true,
                                  "Relation Name": "title",
                                  "Alias": "t",
                                  "Startup Cost": 0.0,
                                  "Total Cost": 42318.73,
                                  "Plan Rows": 632073,
                                  "Plan Width": 4,
                                  "Actual Startup Time": 0.041,
                                  "Actual Total Time": 95.789,
                                  "Actual Rows": 632078,
                                  "Actual Loops": 4
                                }
                              ]
                            }
                          ]
                        }
                      ]
                    }
                  ]
                }
              ]
            }
          ]
        }
      ]
    },
    "Planning Time": 1.405,
    "Triggers": [],
    "Execution Time": 1286.334
  }
]