[
  {
    "Plan": {
      "Node Type": "Aggregate",
      "Strategy": "Plain",
      "Partial Mode": "Finalize",
      "Parallel Aware": false,
      "Startup Cost": 332151.46,
      "Total Cost": 332151.47,
      "Plan Rows": 1,
      "Plan Width": 8,
      "Actual Startup Time": 643.102,
      "Actual Total Time": 700.557,
      "Actual Rows": 1,
      "Actual Loops": 1,
      "Plans": [
        {
          "Node Type": "Gather",
          "Parent Relationship": "Outer",
          "Parallel Aware": false,
          "Startup Cost": 332150.84,
          "Total Cost": 332151.45,
          "Plan Rows": 6,
          "Plan Width": 8,
          "Actual Startup Time": 642.958,
          "Actual Total Time": 700.538,
          "Actual Rows": 7,
          "Actual Loops": 1,
          "Workers Planned": 6,
          "Workers Launched": 6,
          "Single Copy": false,
          "Plans": [
            {
              "Node Type": "Aggregate",
              "Strategy": "Plain",
              "Partial Mode": "Partial",
              "Parent Relationship": "Outer",
              "Parallel Aware": false,
              "Startup Cost": 331150.84,
              "Total Cost": 331150.85,
              "Plan Rows": 1,
              "Plan Width": 8,
              "Actual Startup Time": 634.852,
              "Actual Total Time": 634.853,
              "Actual Rows": 1,
              "Actual Loops": 7,
              "Plans": [
                {
                  "Node Type": "Seq Scan",
                  "Parent Relationship": "Outer",
                  "Parallel Aware": true,
                  "Relation Name": "cast_info",
                  "Alias": "ci",
                  "Startup Cost": 0.0,
                  "Total Cost": 328162.03,
                  "Plan Rows": 1195524,
                  "Plan Width": 0,
                  "Actual Startup Time": 0.046,
                  "Actual Total Time": 581.449,
                  "Actual Rows": 1052093,
                  "Actual Loops": 7,
                  "Filter": "(person_id < 712338)",
                  "Rows Removed by Filter": 4125670
                }
              ]
            }
          ]
        }
      ]
    },
    "Planning Time": 0.125,
    "Triggers": [],
    "Execution Time": 700.61
  }
]