{
  "Plan": {
    "Node Type": "Aggregate",
    "Strategy": "Plain",
    "Partial Mode": "Finalize",
    "Parallel Aware": false,
    "Startup Cost": 126907.06,
    "Total Cost": 126907.07,
    "Plan Rows": 1,
    "Plan Width": 8,
    "Actual Startup Time": 596.107,
    "Actual Total Time": 613.393,
    "Actual Rows": 1,
    "Actual Loops": 1,
    "Plans": [
      {
        "Node Type": "Gather",
        "Parent Relationship": "Outer",
        "Parallel Aware": false,
        "Startup Cost": 126906.94,
        "Total Cost": 126907.05,
        "Plan Rows": 1,
        "Plan Width": 8,
        "Actual Startup Time": 593.621,
        "Actual Total Time": 613.383,
        "Actual Rows": 2,
        "Actual Loops": 1,
        "Workers Planned": 1,
        "Workers Launched": 1,
        "Single Copy": false,
        "Plans": [
          {
            "Node Type": "Aggregate",
            "Strategy": "Plain",
            "Partial Mode": "Partial",
            "Parent Relationship": "Outer",
            "Parallel Aware": false,
            "Startup Cost": 125906.94,
            "Total Cost": 125906.95,
            "Plan Rows": 1,
            "Plan Width": 8,
            "Actual Startup Time": 588.28,
            "Actual Total Time": 588.284,
            "Actual Rows": 1,
            "Actual Loops": 2,
            "Plans": [
              {
                "Node Type": "Hash Join",
                "Parent Relationship": "Outer",
                "Parallel Aware": true,
                "Join Type": "Inner",
                "Startup Cost": 65133.03,
                "Total Cost": 125115.18,
                "Plan Rows": 316704,
                "Plan Width": 0,
                "Actual Startup Time": 268.263,
                "Actual Total Time": 564.128,
                "Actual Rows": 632551,
                "Actual Loops": 2,
                "Inner Unique": true,
                "Hash Cond": "(mk.movie_id = t.id)",
                "Plans": [
                  {
                    "Node Type": "Seq Scan",
                    "Parent Relationship": "Outer",
                    "Parallel Aware": true,
                    "Relation Name": "movie_keyword",
                    "Alias": "mk",
                    "Startup Cost": 0.0,
                    "Total Cost": 57718.19,
                    "Plan Rows": 862462,
                    "Plan Width": 4,
                    "Actual Startup Time": 0.014,
                    "Actual Total Time": 163.311,
                    "Actual Rows": 740788,
                    "Actual Loops": 2,
                    "Filter": "(keyword_id < 2115)",
                    "Rows Removed by Filter": 1521177
                  },
                  {
                    "Node Type": "Hash",
                    "Parent Relationship": "Inner",
                    "Parallel Aware": true,
                    "Startup Cost": 58306.47,
                    "Total Cost": 58306.47,
                    "Plan Rows": 546125,
                    "Plan Width": 4,
                    "Actual Startup Time": 258.7,
                    "Actual Total Time": 258.701,
                    "Actual Rows": 442440,
                    "Actual Loops": 2,
                    "Hash Buckets": 1048576,
                    "Original Hash Buckets": 1048576,
                    "Hash Batches": 1,
                    "Original Hash Batches": 1,
                    "Peak Memory Usage": 42816,
                    "Plans": [
                      {
                        "Node Type": "Seq Scan",
                        "Parent Relationship": "Outer",
                        "Parallel Aware": true,
                        "Relation Name": "title",
                        "Alias": "t",
                        "Startup Cost": 0.0,
                        "Total Cost": 58306.47,
                        "Plan Rows": 546125,
                        "Plan Width": 4,
                        "Actual Startup Time": 0.036,
                        "Actual Total Time": 157.114,
                        "Actual Rows": 442440,
                        "Actual Loops": 2,
                        "Filter": "((kind_id < 7) AND (production_year > 1921))",
                        "Rows Removed by Filter": 821716
                      }
                    ]
                  }
                ]
              }
            ]
          }
        ]
      }
    ]
  },
  "Planning Time": 0.674,
  "Triggers": [],
  "Execution Time": 613.46
}