{
  "Plan": {
    "Node Type": "Aggregate",
    "Strategy": "Plain",
    "Partial Mode": "Finalize",
    "Parallel Aware": false,
    "Startup Cost": 168512.34,
    "Total Cost": 168512.35,
    "Plan Rows": 1,
    "Plan Width": 8,
    "Actual Startup Time": 687.661,
    "Actual Total Time": 704.721,
    "Actual Rows": 1,
    "Actual Loops": 1,
    "Plans": [
      {
        "Node Type": "Gather",
        "Parent Relationship": "Outer",
        "Parallel Aware": false,
        "Startup Cost": 168512.23,
        "Total Cost": 168512.34,
        "Plan Rows": 1,
        "Plan Width": 8,
        "Actual Startup Time": 686.855,
        "Actual Total Time": 704.714,
        "Actual Rows": 2,
        "Actual Loops": 1,
        "Workers Planned": 1,
        "Workers Launched": 1,
        "Single Copy": false,
        "Plans": [
          {
            "Node Type": "Aggregate",
            "Strategy": "Plain",
            "Partial Mode": "Partial",
            "Parent Relationship": "Outer",
            "Parallel Aware": false,
            "Startup Cost": 167512.23,
            "Total Cost": 167512.24,
            "Plan Rows": 1,
            "Plan Width": 8,
            "Actual Startup Time": 680.382,
            "Actual Total Time": 680.388,
            "Actual Rows": 1,
            "Actual Loops": 2,
            "Plans": [
              {
                "Node Type": "Hash Join",
                "Parent Relationship": "Outer",
                "Parallel Aware": true,
                "Join Type": "Inner",
                "Startup Cost": 101002.81,
                "Total Cost": 167238.78,
                "Plan Rows": 109379,
                "Plan Width": 0,
                "Actual Startup Time": 355.307,
                "Actual Total Time": 668.893,
                "Actual Rows": 279962,
                "Actual Loops": 2,
                "Inner Unique": false,
                "Hash Cond": "(mk.movie_id = t.id)",
                "Plans": [
                  {
                    "Node Type": "Seq Scan",
                    "Parent Relationship": "Outer",
                    "Parallel Aware": true,
                    "Relation Name": "movie_keyword",
                    "Alias": "mk",
                    "Startup Cost": 0.0,
                    "Total Cost": 57718.19,
                    "Plan Rows": 2099831,
                    "Plan Width": 4,
                    "Actual Startup Time": 0.061,
                    "Actual Total Time": 187.089,
                    "Actual Rows": 1782981,
                    "Actual Loops": 2,
                    "Filter": "(keyword_id > 895)",
                    "Rows Removed by Filter": 478984
                  },
                  {
                    "Node Type": "Hash",
                    "Parent Relationship": "Inner",
                    "Parallel Aware": true,
                    "Startup Cost": 100034.45,
                    "Total Cost": 100034.45,
                    "Plan Rows": 77469,
                    "Plan Width": 8,
                    "Actual Startup Time": 351.883,
                    "Actual Total Time": 351.887,
                    "Actual Rows": 45566,
                    "Actual Loops": 2,
                    "Hash Buckets": 262144,
                    "Original Hash Buckets": 262144,
                    "Hash Batches": 1,
                    "Original Hash Batches": 1,
                    "Peak Memory Usage": 5632,
                    "Plans": [
                      {
                        "Node Type": "Hash Join",
                        "Parent Relationship": "Outer",
                        "Parallel Aware": true,
                        "Join Type": "Inner",
                        "Startup Cost": 41345.41,
                        "Total Cost": 100034.45,
                        "Plan Rows": 77469,
                        "Plan Width": 8,
                        "Actual Startup Time": 137.064,
                        "Actual Total Time": 338.936,
                        "Actual Rows": 45566,
                        "Actual Loops": 2,
                        "Inner Unique": false,
                        "Hash Cond": "(t.id = mc.movie_id)",
                        "Plans": [
                          {
                            "Node Type": "Seq Scan",
                            "Parent Relationship": "Outer",
                            "Parallel Aware": true,
                            "Relation Name": "title",
                            "Alias": "t",
                            "Startup Cost": 0.0,
                            "Total Cost": 54588.39,
                            "Plan Rows": 583193,
                            "Plan Width": 4,
                            "Actual Startup Time": 0.013,
                            "Actual Total Time": 125.727,
                            "Actual Rows": 492524,
                            "Actual Loops": 2,
                            "Filter": "(kind_id < 7)",
                            "Rows Removed by Filter": 771632
                          },
                          {
                            "Node Type": "Hash",
                            "Parent Relationship": "Inner",
                            "Parallel Aware": true,
                            "Startup Cost": 38875.92,
                            "Total Cost": 38875.92,
                            "Plan Rows": 197559,
                            "Plan Width": 4,
                            "Actual Startup Time": 132.782,
                            "Actual Total Time": 132.784,
                            "Actual Rows": 92920,
                            "Actual Loops": 2,
                            "Hash Buckets": 524288,
                            "Original Hash Buckets": 524288,
                            "Hash Batches": 1,
                            "Original Hash Batches": 1,
                            "Peak Memory Usage": 11392,
                            "Plans": [
                              {
                                "Node Type": "Bitmap Heap Scan",
                                "Parent Relationship": "Outer",
                                "Parallel Aware": true,
                                "Relation Name": "movie_companies",
                                "Alias": "mc",
                                "Startup Cost": 14249.42,
                                "Total Cost": 38875.92,
                                "Plan Rows": 197559,
                                "Plan Width": 4,
                                "Actual Startup Time": 88.971,
                                "Actual Total Time": 112.443,
                                "Actual Rows": 92920,
                                "Actual Loops": 2,
                                "Recheck Cond": "(company_id < 937)",
                                "Rows Removed by Index Recheck": 0,
                                "Filter": "(company_type_id > 1)",
                                "Rows Removed by Filter": 235897,
                                "Exact Heap Blocks": 12712,
                                "Lossy Heap Blocks": 0,
                                "Plans": [
                                  {
                                    "Node Type": "Bitmap Index Scan",
                                    "Parent Relationship": "Outer",
                                    "Parallel Aware": false,
                                    "Index Name": "company_id_movie_companies",
                                    "Startup Cost": 0.0,
                                    "Total Cost": 14165.45,
                                    "Plan Rows": 661470,
                                    "Plan Width": 0,
                                    "Actual Startup Time": 40.508,
                                    "Actual Total Time": 40.508,
                                    "Actual Rows": 657633,
                                    "Actual Loops": 1,
                                    "Index Cond": "(company_id < 937)"
                                  }
                                ]
                              }
                            ]
                          }
                        ]
                      }
                    ]
                  }
                ]
              }
            ]
          }
        ]
      }
    ]
  },
  "Planning Time": 0.933,
  "Triggers": [],
  "Execution Time": 704.823
}