{
  "Plan": {
    "Node Type": "Aggregate",
    "Strategy": "Plain",
    "Partial Mode": "Finalize",
    "Parallel Aware": false,
    "Startup Cost": 100787.46,
    "Total Cost": 100787.47,
    "Plan Rows": 1,
    "Plan Width": 8,
    "Actual Startup Time": 782.711,
    "Actual Total Time": 803.254,
    "Actual Rows": 1,
    "Actual Loops": 1,
    "Plans": [
      {
        "Node Type": "Gather",
        "Parent Relationship": "Outer",
        "Parallel Aware": false,
        "Startup Cost": 100787.35,
        "Total Cost": 100787.46,
        "Plan Rows": 1,
        "Plan Width": 8,
        "Actual Startup Time": 774.436,
        "Actual Total Time": 803.244,
        "Actual Rows": 2,
        "Actual Loops": 1,
        "Workers Planned": 1,
        "Workers Launched": 1,
        "Single Copy": false,
        "Plans": [
          {
            "Node Type": "Aggregate",
            "Strategy": "Plain",
            "Partial Mode": "Partial",
            "Parent Relationship": "Outer",
            "Parallel Aware": false,
            "Startup Cost": 99787.35,
            "Total Cost": 99787.36,
            "Plan Rows": 1,
            "Plan Width": 8,
            "Actual Startup Time": 764.36,
            "Actual Total Time": 764.365,
            "Actual Rows": 1,
            "Actual Loops": 2,
            "Plans": [
              {
                "Node Type": "Hash Join",
                "Parent Relationship": "Outer",
                "Parallel Aware": true,
                "Join Type": "Inner",
                "Startup Cost": 73405.92,
                "Total Cost": 99513.95,
                "Plan Rows": 109358,
                "Plan Width": 0,
                "Actual Startup Time": 672.982,
                "Actual Total Time": 759.292,
                "Actual Rows": 94144,
                "Actual Loops": 2,
                "Inner Unique": true,
                "Hash Cond": "(mk.movie_id = t.id)",
                "Plans": [
                  {
                    "Node Type": "Bitmap Heap Scan",
                    "Parent Relationship": "Outer",
                    "Parallel Aware": true,
                    "Relation Name": "movie_keyword",
                    "Alias": "mk",
                    "Startup Cost": 3945.22,
                    "Total Cost": 29766.19,
                    "Plan Rows": 109358,
                    "Plan Width": 4,
                    "Actual Startup Time": 14.136,
                    "Actual Total Time": 66.809,
                    "Actual Rows": 94144,
                    "Actual Loops": 2,
                    "Recheck Cond": "(keyword_id > 71303)",
                    "Rows Removed by Index Recheck": 0,
                    "Exact Heap Blocks": 12880,
                    "Lossy Heap Blocks": 0,
                    "Plans": [
                      {
                        "Node Type": "Bitmap Index Scan",
                        "Parent Relationship": "Outer",
                        "Parallel Aware": false,
                        "Index Name": "keyword_id_movie_keyword",
                        "Startup Cost": 0.0,
                        "Total Cost": 3898.74,
                        "Plan Rows": 185908,
                        "Plan Width": 0,
                        "Actual Startup Time": 11.173,
                        "Actual Total Time": 11.173,
                        "Actual Rows": 188287,
                        "Actual Loops": 1,
                        "Index Cond": "(keyword_id > 71303)"
                      }
                    ]
                  },
                  {
                    "Node Type": "Hash",
                    "Parent Relationship": "Inner",
                    "Parallel Aware": true,
                    "Startup Cost": 50870.31,
                    "Total Cost": 50870.31,
                    "Plan Rows": 1487231,
                    "Plan Width": 4,
                    "Actual Startup Time": 638.475,
                    "Actual Total Time": 638.476,
                    "Actual Rows": 1264156,
                    "Actual Loops": 2,
                    "Hash Buckets": 4194304,
                    "Original Hash Buckets": 4194304,
                    "Hash Batches": 1,
                    "Original Hash Batches": 1,
                    "Peak Memory Usage": 131712,
                    "Plans": [
                      {
                        "Node Type": "Seq Scan",
                        "Parent Relationship": "Outer",
                        "Parallel Aware": true,
                        "Relation Name": "title",
                        "Alias": "t",
                        "Startup Cost": 0.0,
                        "Total Cost": 50870.31,
                        "Plan Rows": 1487231,
                        "Plan Width": 4,
                        "Actual Startup Time": 0.026,
                        "Actual Total Time": 188.085,
                        "Actual Rows": 1264156,
                        "Actual Loops": 2
                      }
                    ]
                  }
                ]
              }
            ]
          }
        ]
      }
    ]
  },
  "Planning Time": 0.461,
  "Triggers": [],
  "Execution Time": 803.324
}