[
  {
    "Plan": {
      "Node Type": "Aggregate",
      "Strategy": "Plain",
      "Partial Mode": "Finalize",
      "Parallel Aware": false,
      "Startup Cost": 374464.77,
      "Total Cost": 374464.78,
      "Plan Rows": 1,
      "Plan Width": 8,
      "Actual Startup Time": 1459.654,
      "Actual Total Time": 1512.726,
      "Actual Rows": 1,
      "Actual Loops": 1,
      "Plans": [
        {
          "Node Type": "Gather",
          "Parent Relationship": "Outer",
          "Parallel Aware": false,
          "Startup Cost": 374464.14,
          "Total Cost": 374464.75,
          "Plan Rows": 6,
          "Plan Width": 8,
          "Actual Startup Time": 1458.619,
          "Actual Total Time": 1512.71,
          "Actual Rows": 7,
          "Actual Loops": 1,
          "Workers Planned": 6,
          "Workers Launched": 6,
          "Single Copy": false,
          "Plans": [
            {
              "Node Type": "Aggregate",
              "Strategy": "Plain",
              "Partial Mode": "Partial",
              "Parent Relationship": "Outer",
              "Parallel Aware": false,
              "Startup Cost": 373464.14,
              "Total Cost": 373464.15,
              "Plan Rows": 1,
              "Plan Width": 8,
              "Actual Startup Time": 1449.357,
              "Actual Total Time": 1449.361,
              "Actual Rows": 1,
              "Actual Loops": 7,
              "Plans": [
                {
                  "Node Type": "Hash Join",
                  "Parent Relationship": "Outer",
                  "Parallel Aware": true,
                  "Join Type": "Inner",
                  "Startup Cost": 44104.76,
                  "Total Cost": 373071.42,
                  "Plan Rows": 157091,
                  "Plan Width": 0,
                  "Actual Startup Time": 90.02,
                  "Actual Total Time": 1439.75,
                  "Actual Rows": 135026,
                  "Actual Loops": 7,
                  "Inner Unique": true,
                  "Hash Cond": "(ci.movie_id = t.id)",
                  "Plans": [
                    {
                      "Node Type": "Seq Scan",
                      "Parent Relationship": "Outer",
                      "Parallel Aware": true,
                      "Relation Name": "cast_info",
                      "Alias": "ci",
                      "Startup Cost": 0.0,
                      "Total Cost": 313106.51,
                      "Plan Rows": 6041951,
                      "Plan Width": 4,
                      "Actual Startup Time": 0.039,
                      "Actual Total Time": 610.777,
                      "Actual Rows": 5177763,
                      "Actual Loops": 7
                    },
                    {
                      "Node Type": "Hash",
                      "Parent Relationship": "Inner",
                      "Parallel Aware": true,
                      "Startup Cost": 43899.32,
                      "Total Cost": 43899.32,
                      "Plan Rows": 16435,
                      "Plan Width": 4,
                      "Actual Startup Time": 88.966,
                      "Actual Total Time": 88.967,
                      "Actual Rows": 9118,
                      "Actual Loops": 7,
                      "Hash Buckets": 131072,
                      "Original Hash Buckets": 131072,
                      "Hash Batches": 1,
                      "Original Hash Batches": 1,
                      "Peak Memory Usage": 3648,
                      "Plans": [
                        {
                          "Node Type": "Seq Scan",
                          "Parent Relationship": "Outer",
                          "Parallel Aware": true,
                          "Relation Name": "title",
                          "Alias": "t",
                          "Startup Cost": 0.0,
                          "Total Cost": 43899.32,
                          "Plan Rows": 16435,
                          "Plan Width": 4,
                          "Actual Startup Time": 0.058,
                          "Actual Total Time": 83.216,
                          "Actual Rows": 9118,
                          "Actual Loops": 7,
                          "Filter": "(production_year = 2013)",
                          "Rows Removed by Filter": 352069
                        }
                      ]
                    }
                  ]
                }
              ]
            }
          ]
        }
      ]
    },
    "Planning Time": 0.242,
    "Triggers": [],
    "Execution Time": 1512.776
  }
]