{
  "Plan": {
    "Node Type": "Aggregate",
    "Strategy": "Plain",
    "Partial Mode": "Finalize",
    "Parallel Aware": false,
    "Startup Cost": 143526.52,
    "Total Cost": 143526.53,
    "Plan Rows": 1,
    "Plan Width": 8,
    "Actual Startup Time": 536.017,
    "Actual Total Time": 553.582,
    "Actual Rows": 1,
    "Actual Loops": 1,
    "Plans": [
      {
        "Node Type": "Gather",
        "Parent Relationship": "Outer",
        "Parallel Aware": false,
        "Startup Cost": 143526.41,
        "Total Cost": 143526.52,
        "Plan Rows": 1,
        "Plan Width": 8,
        "Actual Startup Time": 535.698,
        "Actual Total Time": 553.573,
        "Actual Rows": 2,
        "Actual Loops": 1,
        "Workers Planned": 1,
        "Workers Launched": 1,
        "Single Copy": false,
        "Plans": [
          {
            "Node Type": "Aggregate",
            "Strategy": "Plain",
            "Partial Mode": "Partial",
            "Parent Relationship": "Outer",
            "Parallel Aware": false,
            "Startup Cost": 142526.41,
            "Total Cost": 142526.42,
            "Plan Rows": 1,
            "Plan Width": 8,
            "Actual Startup Time": 529.719,
            "Actual Total Time": 529.725,
            "Actual Rows": 1,
            "Actual Loops": 2,
            "Plans": [
              {
                "Node Type": "Hash Join",
                "Parent Relationship": "Outer",
                "Parallel Aware": true,
                "Join Type": "Inner",
                "Startup Cost": 80052.7,
                "Total Cost": 142506.01,
                "Plan Rows": 8158,
                "Plan Width": 0,
                "Actual Startup Time": 246.22,
                "Actual Total Time": 529.392,
                "Actual Rows": 5560,
                "Actual Loops": 2,
                "Inner Unique": false,
                "Hash Cond": "(mk.movie_id = t.id)",
                "Plans": [
                  {
                    "Node Type": "Seq Scan",
                    "Parent Relationship": "Outer",
                    "Parallel Aware": true,
                    "Relation Name": "movie_keyword",
                    "Alias": "mk",
                    "Startup Cost": 0.0,
                    "Total Cost": 57718.19,
                    "Plan Rows": 1249901,
                    "Plan Width": 4,
                    "Actual Startup Time": 0.013,
                    "Actual Total Time": 206.203,
                    "Actual Rows": 1065110,
                    "Actual Loops": 2,
                    "Filter": "(keyword_id < 3925)",
                    "Rows Removed by Filter": 1196856
                  },
                  {
                    "Node Type": "Hash",
                    "Parent Relationship": "Inner",
                    "Parallel Aware": true,
                    "Startup Cost": 79931.36,
                    "Total Cost": 79931.36,
                    "Plan Rows": 9707,
                    "Plan Width": 8,
                    "Actual Startup Time": 244.782,
                    "Actual Total Time": 244.787,
                    "Actual Rows": 5884,
                    "Actual Loops": 2,
                    "Hash Buckets": 32768,
                    "Original Hash Buckets": 32768,
                    "Hash Batches": 1,
                    "Original Hash Batches": 1,
                    "Peak Memory Usage": 736,
                    "Plans": [
                      {
                        "Node Type": "Hash Join",
                        "Parent Relationship": "Outer",
                        "Parallel Aware": true,
                        "Join Type": "Inner",
                        "Startup Cost": 21544.05,
                        "Total Cost": 79931.36,
                        "Plan Rows": 9707,
                        "Plan Width": 8,
                        "Actual Startup Time": 37.485,
                        "Actual Total Time": 242.498,
                        "Actual Rows": 5884,
                        "Actual Loops": 2,
                        "Inner Unique": false,
                        "Hash Cond": "(t.id = mc.movie_id)",
                        "Plans": [
                          {
                            "Node Type": "Seq Scan",
                            "Parent Relationship": "Outer",
                            "Parallel Aware": true,
                            "Relation Name": "title",
                            "Alias": "t",
                            "Startup Cost": 0.0,
                            "Total Cost": 54588.39,
                            "Plan Rows": 598692,
                            "Plan Width": 4,
                            "Actual Startup Time": 0.013,
                            "Actual Total Time": 151.693,
                            "Actual Rows": 510876,
                            "Actual Loops": 2,
                            "Filter": "(production_year < 2000)",
                            "Rows Removed by Filter": 753280
                          },
                          {
                            "Node Type": "Hash",
                            "Parent Relationship": "Inner",
                            "Parallel Aware": true,
                            "Startup Cost": 21242.62,
                            "Total Cost": 21242.62,
                            "Plan Rows": 24114,
                            "Plan Width": 4,
                            "Actual Startup Time": 37.04,
                            "Actual Total Time": 37.042,
                            "Actual Rows": 8776,
                            "Actual Loops": 2,
                            "Hash Buckets": 65536,
                            "Original Hash Buckets": 65536,
                            "Hash Batches": 1,
                            "Original Hash Batches": 1,
                            "Peak Memory Usage": 1248,
                            "Plans": [
                              {
                                "Node Type": "Bitmap Heap Scan",
                                "Parent Relationship": "Outer",
                                "Parallel Aware": true,
                                "Relation Name": "movie_companies",
                                "Alias": "mc",
                                "Startup Cost": 1740.22,
                                "Total Cost": 21242.62,
                                "Plan Rows": 24114,
                                "Plan Width": 4,
                                "Actual Startup Time": 30.013,
                                "Actual Total Time": 34.955,
                                "Actual Rows": 8776,
                                "Actual Loops": 2,
                                "Recheck Cond": "(company_id < 19)",
                                "Rows Removed by Index Recheck": 0,
                                "Filter": "(company_type_id = 2)",
                                "Rows Removed by Filter": 33260,
                                "Exact Heap Blocks": 7393,
                                "Lossy Heap Blocks": 0,
                                "Plans": [
                                  {
                                    "Node Type": "Bitmap Index Scan",
                                    "Parent Relationship": "Outer",
                                    "Parallel Aware": false,
                                    "Index Name": "company_id_movie_companies",
                                    "Startup Cost": 0.0,
                                    "Total Cost": 1729.97,
                                    "Plan Rows": 80739,
                                    "Plan Width": 0,
                                    "Actual Startup Time": 12.942,
                                    "Actual Total Time": 12.942,
                                    "Actual Rows": 84071,
                                    "Actual Loops": 1,
                                    "Index Cond": "(company_id < 19)"
                                  }
                                ]
                              }
                            ]
                          }
                        ]
                      }
                    ]
                  }
                ]
              }
            ]
          }
        ]
      }
    ]
  },
  "Planning Time": 1.137,
  "Triggers": [],
  "Execution Time": 553.745
}