[
  {
    "Plan": {
      "Node Type": "Aggregate",
      "Strategy": "Plain",
      "Partial Mode": "Finalize",
      "Parallel Aware": false,
      "Startup Cost": 32711.68,
      "Total Cost": 32711.69,
      "Plan Rows": 1,
      "Plan Width": 8,
      "Actual Startup Time": 67.635,
      "Actual Total Time": 75.019,
      "Actual Rows": 1,
      "Actual Loops": 1,
      "Plans": [
        {
          "Node Type": "Gather",
          "Parent Relationship": "Outer",
          "Parallel Aware": false,
          "Startup Cost": 32711.37,
          "Total Cost": 32711.68,
          "Plan Rows": 3,
          "Plan Width": 8,
          "Actual Startup Time": 67.517,
          "Actual Total Time": 75.011,
          "Actual Rows": 4,
          "Actual Loops": 1,
          "Workers Planned": 3,
          "Workers Launched": 3,
          "Single Copy": false,
          "Plans": [
            {
              "Node Type": "Aggregate",
              "Strategy": "Plain",
              "Partial Mode": "Partial",
              "Parent Relationship": "Outer",
              "Parallel Aware": false,
              "Startup Cost": 31711.37,
              "Total Cost": 31711.38,
              "Plan Rows": 1,
              "Plan Width": 8,
              "Actual Startup Time": 62.867,
              "Actual Total Time": 62.868,
              "Actual Rows": 1,
              "Actual Loops": 4,
              "Plans": [
                {
                  "Node Type": "Seq Scan",
                  "Parent Relationship": "Outer",
                  "Parallel Aware": true,
                  "Relation Name": "movie_companies",
                  "Alias": "mc",
                  "Startup Cost": 0.0,
                  "Total Cost": 31414.82,
                  "Plan Rows": 118619,
                  "Plan Width": 0,
                  "Actual Startup Time": 16.281,
                  "Actual Total Time": 62.184,
                  "Actual Rows": 12572,
                  "Actual Loops": 4,
                  "Filter": "((company_id > 37720) AND (company_type_id = 1))",
                  "Rows Removed by Filter": 639710
                }
              ]
            }
          ]
        }
      ]
    },
    "Planning Time": 0.104,
    "Triggers": [],
    "Execution Time": 75.048
  }
]