[
  {
    "Plan": {
      "Node Type": "Aggregate",
      "Strategy": "Plain",
      "Partial Mode": "Finalize",
      "Parallel Aware": false,
      "Startup Cost": 31490.26,
      "Total Cost": 31490.27,
      "Plan Rows": 1,
      "Plan Width": 8,
      "Actual Startup Time": 102.61,
      "Actual Total Time": 110.695,
      "Actual Rows": 1,
      "Actual Loops": 1,
      "Plans": [
        {
          "Node Type": "Gather",
          "Parent Relationship": "Outer",
          "Parallel Aware": false,
          "Startup Cost": 31489.95,
          "Total Cost": 31490.26,
          "Plan Rows": 3,
          "Plan Width": 8,
          "Actual Startup Time": 102.517,
          "Actual Total Time": 110.688,
          "Actual Rows": 4,
          "Actual Loops": 1,
          "Workers Planned": 3,
          "Workers Launched": 3,
          "Single Copy": false,
          "Plans": [
            {
              "Node Type": "Aggregate",
              "Strategy": "Plain",
              "Partial Mode": "Partial",
              "Parent Relationship": "Outer",
              "Parallel Aware": false,
              "Startup Cost": 30489.95,
              "Total Cost": 30489.96,
              "Plan Rows": 1,
              "Plan Width": 8,
              "Actual Startup Time": 96.695,
              "Actual Total Time": 96.696,
              "Actual Rows": 1,
              "Actual Loops": 4,
              "Plans": [
                {
                  "Node Type": "Seq Scan",
                  "Parent Relationship": "Outer",
                  "Parallel Aware": true,
                  "Relation Name": "movie_companies",
                  "Alias": "mc",
                  "Startup Cost": 0.0,
                  "Total Cost": 29310.68,
                  "Plan Rows": 471706,
                  "Plan Width": 0,
                  "Actual Startup Time": 15.362,
                  "Actual Total Time": 81.407,
                  "Actual Rows": 365860,
                  "Actual Loops": 4,
                  "Filter": "(company_id > 8787)",
                  "Rows Removed by Filter": 286422
                }
              ]
            }
          ]
        }
      ]
    },
    "Planning Time": 0.211,
    "Triggers": [],
    "Execution Time": 110.75
  }
]