{
  "Plan": {
    "Node Type": "Aggregate",
    "Strategy": "Plain",
    "Partial Mode": "Finalize",
    "Parallel Aware": false,
    "Startup Cost": 219384.7,
    "Total Cost": 219384.71,
    "Plan Rows": 1,
    "Plan Width": 8,
    "Actual Startup Time": 672.42,
    "Actual Total Time": 676.496,
    "Actual Rows": 1,
    "Actual Loops": 1,
    "Plans": [
      {
        "Node Type": "Gather",
        "Parent Relationship": "Outer",
        "Parallel Aware": false,
        "Startup Cost": 219384.59,
        "Total Cost": 219384.7,
        "Plan Rows": 1,
        "Plan Width": 8,
        "Actual Startup Time": 672.413,
        "Actual Total Time": 676.492,
        "Actual Rows": 2,
        "Actual Loops": 1,
        "Workers Planned": 1,
        "Workers Launched": 1,
        "Single Copy": false,
        "Plans": [
          {
            "Node Type": "Aggregate",
            "Strategy": "Plain",
            "Partial Mode": "Partial",
            "Parent Relationship": "Outer",
            "Parallel Aware": false,
            "Startup Cost": 218384.59,
            "Total Cost": 218384.6,
            "Plan Rows": 1,
            "Plan Width": 8,
            "Actual Startup Time": 665.058,
            "Actual Total Time": 665.06,
            "Actual Rows": 1,
            "Actual Loops": 2,
            "Plans": [
              {
                "Node Type": "Merge Join",
                "Parent Relationship": "Outer",
                "Parallel Aware": false,
                "Join Type": "Inner",
                "Startup Cost": 210541.21,
                "Total Cost": 218025.7,
                "Plan Rows": 143554,
                "Plan Width": 0,
                "Actual Startup Time": 476.416,
                "Actual Total Time": 653.318,
                "Actual Rows": 281574,
                "Actual Loops": 2,
                "Inner Unique": true,
                "Merge Cond": "(mc.movie_id = t.id)",
                "Plans": [
                  {
                    "Node Type": "Sort",
                    "Parent Relationship": "Outer",
                    "Parallel Aware": false,
                    "Startup Cost": 90129.55,
                    "Total Cost": 91497.6,
                    "Plan Rows": 547219,
                    "Plan Width": 4,
                    "Actual Startup Time": 200.972,
                    "Actual Total Time": 221.693,
                    "Actual Rows": 471180,
                    "Actual Loops": 2,
                    "Sort Key": [
                      "mc.movie_id"
                    ],
                    "Sort Method": "quicksort",
                    "Sort Space Used": 49156,
                    "Sort Space Type": "Memory",
                    "Workers": [
                      {
                        "Worker Number": 0,
                        "Sort Method": "quicksort",
                        "Sort Space Used": 31882,
                        "Sort Space Type": "Memory"
                      }
                    ],
                    "Plans": [
                      {
                        "Node Type": "Seq Scan",
                        "Parent Relationship": "Outer",
                        "Parallel Aware": true,
                        "Relation Name": "movie_companies",
                        "Alias": "mc",
                        "Startup Cost": 0.0,
                        "Total Cost": 37974.77,
                        "Plan Rows": 547219,
                        "Plan Width": 4,
                        "Actual Startup Time": 23.134,
                        "Actual Total Time": 114.704,
                        "Actual Rows": 471180,
                        "Actual Loops": 2,
                        "Filter": "(company_id > 18934)",
                        "Rows Removed by Filter": 833384
                      }
                    ]
                  },
                  {
                    "Node Type": "Sort",
                    "Parent Relationship": "Inner",
                    "Parallel Aware": false,
                    "Startup Cost": 120411.59,
                    "Total Cost": 122069.73,
                    "Plan Rows": 663256,
                    "Plan Width": 4,
                    "Actual Startup Time": 265.983,
                    "Actual Total Time": 339.951,
                    "Actual Rows": 661642,
                    "Actual Loops": 2,
                    "Sort Key": [
                      "t.id"
                    ],
                    "Sort Method": "quicksort",
                    "Sort Space Used": 55646,
                    "Sort Space Type": "Memory",
                    "Workers": [
                      {
                        "Worker Number": 0,
                        "Sort Method": "quicksort",
                        "Sort Space Used": 55646,
                        "Sort Space Type": "Memory"
                      }
                    ],
                    "Plans": [
                      {
                        "Node Type": "Bitmap Heap Scan",
                        "Parent Relationship": "Outer",
                        "Parallel Aware": false,
                        "Relation Name": "title",
                        "Alias": "t",
                        "Startup Cost": 11988.66,
                        "Total Cost": 56277.36,
                        "Plan Rows": 663256,
                        "Plan Width": 4,
                        "Actual Startup Time": 20.598,
                        "Actual Total Time": 105.481,
                        "Actual Rows": 662825,
                        "Actual Loops": 2,
                        "Recheck Cond": "(kind_id < 2)",
                        "Rows Removed by Index Recheck": 0,
                        "Exact Heap Blocks": 12863,
                        "Lossy Heap Blocks": 0,
                        "Plans": [
                          {
                            "Node Type": "Bitmap Index Scan",
                            "Parent Relationship": "Outer",
                            "Parallel Aware": false,
                            "Index Name": "kind_id_title",
                            "Startup Cost": 0.0,
                            "Total Cost": 11822.85,
                            "Plan Rows": 663256,
                            "Plan Width": 0,
                            "Actual Startup Time": 19.13,
                            "Actual Total Time": 19.13,
                            "Actual Rows": 662825,
                            "Actual Loops": 2,
                            "Index Cond": "(kind_id < 2)"
                          }
                        ]
                      }
                    ]
                  }
                ]
              }
            ]
          }
        ]
      }
    ]
  },
  "Planning Time": 0.302,
  "Triggers": [],
  "Execution Time": 678.415
}