[
  {
    "Plan": {
      "Node Type": "Aggregate",
      "Strategy": "Plain",
      "Partial Mode": "Finalize",
      "Parallel Aware": false,
      "Startup Cost": 182369.28,
      "Total Cost": 182369.29,
      "Plan Rows": 1,
      "Plan Width": 8,
      "Actual Startup Time": 137.003,
      "Actual Total Time": 162.482,
      "Actual Rows": 1,
      "Actual Loops": 1,
      "Plans": [
        {
          "Node Type": "Gather",
          "Parent Relationship": "Outer",
          "Parallel Aware": false,
          "Startup Cost": 182368.86,
          "Total Cost": 182369.27,
          "Plan Rows": 4,
          "Plan Width": 8,
          "Actual Startup Time": 136.811,
          "Actual Total Time": 162.47,
          "Actual Rows": 5,
          "Actual Loops": 1,
          "Workers Planned": 4,
          "Workers Launched": 4,
          "Single Copy": false,
          "Plans": [
            {
              "Node Type": "Aggregate",
              "Strategy": "Plain",
              "Partial Mode": "Partial",
              "Parent Relationship": "Outer",
              "Parallel Aware": false,
              "Startup Cost": 181368.86,
              "Total Cost": 181368.87,
              "Plan Rows": 1,
              "Plan Width": 8,
              "Actual Startup Time": 132.649,
              "Actual Total Time": 132.651,
              "Actual Rows": 1,
              "Actual Loops": 5,
              "Plans": [
                {
                  "Node Type": "Nested Loop",
                  "Parent Relationship": "Outer",
                  "Parallel Aware": false,
                  "Join Type": "Inner",
                  "Startup Cost": 1.0,
                  "Total Cost": 181361.85,
                  "Plan Rows": 2804,
                  "Plan Width": 0,
                  "Actual Startup Time": 29.576,
                  "Actual Total Time": 131.743,
                  "Actual Rows": 18755,
                  "Actual Loops": 5,
                  "Inner Unique": false,
                  "Join Filter": "(t.id = ci.movie_id)",
                  "Rows Removed by Join Filter": 0,
                  "Plans": [
                    {
                      "Node Type": "Nested Loop",
                      "Parent Relationship": "Outer",
                      "Parallel Aware": false,
                      "Join Type": "Inner",
                      "Startup Cost": 0.43,
                      "Total Cost": 180106.64,
                      "Plan Rows": 296,
                      "Plan Width": 8,
                      "Actual Startup Time": 24.21,
                      "Actual Total Time": 108.968,
                      "Actual Rows": 440,
                      "Actual Loops": 5,
                      "Inner Unique": false,
                      "Plans": [
                        {
                          "Node Type": "Seq Scan",
                          "Parent Relationship": "Outer",
                          "Parallel Aware": true,
                          "Relation Name": "title",
                          "Alias": "t",
                          "Startup Cost": 0.0,
                          "Total Cost": 45479.59,
                          "Plan Rows": 1315,
                          "Plan Width": 4,
                          "Actual Startup Time": 0.472,
                          "Actual Total Time": 69.428,
                          "Actual Rows": 1176,
                          "Actual Loops": 5,
                          "Filter": "((kind_id < 7) AND (production_year = 1973))",
                          "Rows Removed by Filter": 504487
                        },
                        {
                          "Node Type": "Index Scan",
                          "Parent Relationship": "Inner",
                          "Parallel Aware": false,
                          "Scan Direction": "Forward",
                          "Index Name": "movie_id_movie_info",
                          "Relation Name": "movie_info",
                          "Alias": "mi",
                          "Startup Cost": 0.43,
                          "Total Cost": 102.36,
                          "Plan Rows": 2,
                          "Plan Width": 4,
                          "Actual Startup Time": 0.032,
                          "Actual Total Time": 0.033,
                          "Actual Rows": 0,
                          "Actual Loops": 5878,
                          "Index Cond": "(movie_id = t.id)",
                          "Rows Removed by Index Recheck": 0,
                          "Filter": "(info_type_id = 15)",
                          "Rows Removed by Filter": 10
                        }
                      ]
                    },
                    {
                      "Node Type": "Index Scan",
                      "Parent Relationship": "Inner",
                      "Parallel Aware": false,
                      "Scan Direction": "Forward",
                      "Index Name": "movie_id_cast_info",
                      "Relation Name": "cast_info",
                      "Alias": "ci",
                      "Startup Cost": 0.56,
                      "Total Cost": 3.95,
                      "Plan Rows": 23,
                      "Plan Width": 4,
                      "Actual Startup Time": 0.005,
                      "Actual Total Time": 0.047,
                      "Actual Rows": 43,
                      "Actual Loops": 2199,
                      "Index Cond": "(movie_id = mi.movie_id)",
                      "Rows Removed by Index Recheck": 0,
                      "Filter": "(person_id < 2471062)",
                      "Rows Removed by Filter": 10
                    }
                  ]
                }
              ]
            }
          ]
        }
      ]
    },
    "Planning Time": 0.541,
    "Triggers": [],
    "Execution Time": 162.539
  }
]