{
  "Plan": {
    "Node Type": "Aggregate",
    "Strategy": "Plain",
    "Partial Mode": "Simple",
    "Parallel Aware": false,
    "Startup Cost": 713.36,
    "Total Cost": 713.37,
    "Plan Rows": 1,
    "Plan Width": 8,
    "Actual Startup Time": 0.495,
    "Actual Total Time": 0.497,
    "Actual Rows": 1,
    "Actual Loops": 1,
    "Plans": [
      {
        "Node Type": "Nested Loop",
        "Parent Relationship": "Outer",
        "Parallel Aware": false,
        "Join Type": "Inner",
        "Startup Cost": 0.86,
        "Total Cost": 713.36,
        "Plan Rows": 1,
        "Plan Width": 0,
        "Actual Startup Time": 0.391,
        "Actual Total Time": 0.489,
        "Actual Rows": 1,
        "Actual Loops": 1,
        "Inner Unique": true,
        "Plans": [
          {
            "Node Type": "Index Scan",
            "Parent Relationship": "Outer",
            "Parallel Aware": false,
            "Scan Direction": "Forward",
            "Index Name": "company_id_movie_companies",
            "Relation Name": "movie_companies",
            "Alias": "mc",
            "Startup Cost": 0.43,
            "Total Cost": 273.83,
            "Plan Rows": 52,
            "Plan Width": 4,
            "Actual Startup Time": 0.327,
            "Actual Total Time": 0.353,
            "Actual Rows": 10,
            "Actual Loops": 1,
            "Index Cond": "(company_id = 10780)",
            "Rows Removed by Index Recheck": 0,
            "Filter": "(company_type_id = 2)",
            "Rows Removed by Filter": 43
          },
          {
            "Node Type": "Index Scan",
            "Parent Relationship": "Inner",
            "Parallel Aware": false,
            "Scan Direction": "Forward",
            "Index Name": "title_pkey",
            "Relation Name": "title",
            "Alias": "t",
            "Startup Cost": 0.43,
            "Total Cost": 8.45,
            "Plan Rows": 1,
            "Plan Width": 4,
            "Actual Startup Time": 0.012,
            "Actual Total Time": 0.012,
            "Actual Rows": 0,
            "Actual Loops": 10,
            "Index Cond": "(id = mc.movie_id)",
            "Rows Removed by Index Recheck": 0,
            "Filter": "((kind_id < 7) AND (production_year = 1992))",
            "Rows Removed by Filter": 1
          }
        ]
      }
    ]
  },
  "Planning Time": 0.465,
  "Triggers": [],
  "Execution Time": 0.56
}