[
  {
    "Plan": {
      "Node Type": "Aggregate",
      "Strategy": "Plain",
      "Partial Mode": "Finalize",
      "Parallel Aware": false,
      "Startup Cost": 93705.37,
      "Total Cost": 93705.38,
      "Plan Rows": 1,
      "Plan Width": 8,
      "Actual Startup Time": 426.517,
      "Actual Total Time": 441.723,
      "Actual Rows": 1,
      "Actual Loops": 1,
      "Plans": [
        {
          "Node Type": "Gather",
          "Parent Relationship": "Outer",
          "Parallel Aware": false,
          "Startup Cost": 93705.05,
          "Total Cost": 93705.36,
          "Plan Rows": 3,
          "Plan Width": 8,
          "Actual Startup Time": 423.222,
          "Actual Total Time": 441.712,
          "Actual Rows": 4,
          "Actual Loops": 1,
          "Workers Planned": 3,
          "Workers Launched": 3,
          "Single Copy": false,
          "Plans": [
            {
              "Node Type": "Aggregate",
              "Strategy": "Plain",
              "Partial Mode": "Partial",
              "Parent Relationship": "Outer",
              "Parallel Aware": false,
              "Startup Cost": 92705.05,
              "Total Cost": 92705.06,
              "Plan Rows": 1,
              "Plan Width": 8,
              "Actual Startup Time": 416.022,
              "Actual Total Time": 416.025,
              "Actual Rows": 1,
              "Actual Loops": 4,
              "Plans": [
                {
                  "Node Type": "Hash Join",
                  "Parent Relationship": "Outer",
                  "Parallel Aware": true,
                  "Join Type": "Inner",
                  "Startup Cost": 48384.71,
                  "Total Cost": 92283.69,
                  "Plan Rows": 168546,
                  "Plan Width": 0,
                  "Actual Startup Time": 224.266,
                  "Actual Total Time": 411.646,
                  "Actual Rows": 71626,
                  "Actual Loops": 4,
                  "Inner Unique": true,
                  "Hash Cond": "(mk.movie_id = t.id)",
                  "Plans": [
                    {
                      "Node Type": "Seq Scan",
                      "Parent Relationship": "Outer",
                      "Parallel Aware": true,
                      "Relation Name": "movie_keyword",
                      "Alias": "mk",
                      "Startup Cost": 0.0,
                      "Total Cost": 42695.65,
                      "Plan Rows": 458409,
                      "Plan Width": 4,
                      "Actual Startup Time": 0.915,
                      "Actual Total Time": 121.742,
                      "Actual Rows": 353958,
                      "Actual Loops": 4,
                      "Filter": "(keyword_id > 11797)",
                      "Rows Removed by Filter": 777024
                    },
                    {
                      "Node Type": "Hash",
                      "Parent Relationship": "Inner",
                      "Parallel Aware": true,
                      "Startup Cost": 45479.59,
                      "Total Cost": 45479.59,
                      "Plan Rows": 232410,
                      "Plan Width": 4,
                      "Actual Startup Time": 219.467,
                      "Actual Total Time": 219.468,
                      "Actual Rows": 213044,
                      "Actual Loops": 4,
                      "Hash Buckets": 1048576,
                      "Original Hash Buckets": 1048576,
                      "Hash Batches": 1,
                      "Original Hash Batches": 1,
                      "Peak Memory Usage": 41600,
                      "Plans": [
                        {
                          "Node Type": "Seq Scan",
                          "Parent Relationship": "Outer",
                          "Parallel Aware": true,
                          "Relation Name": "title",
                          "Alias": "t",
                          "Startup Cost": 0.0,
                          "Total Cost": 45479.59,
                          "Plan Rows": 232410,
                          "Plan Width": 4,
                          "Actual Startup Time": 0.029,
                          "Actual Total Time": 127.228,
                          "Actual Rows": 213044,
                          "Actual Loops": 4,
                          "Filter": "((kind_id > 1) AND (production_year < 2004))",
                          "Rows Removed by Filter": 419034
                        }
                      ]
                    }
                  ]
                }
              ]
            }
          ]
        }
      ]
    },
    "Planning Time": 0.286,
    "Triggers": [],
    "Execution Time": 441.764
  }
]