[
  {
    "Plan": {
      "Node Type": "Aggregate",
      "Strategy": "Plain",
      "Partial Mode": "Finalize",
      "Parallel Aware": false,
      "Startup Cost": 93669.6,
      "Total Cost": 93669.61,
      "Plan Rows": 1,
      "Plan Width": 8,
      "Actual Startup Time": 339.766,
      "Actual Total Time": 356.474,
      "Actual Rows": 1,
      "Actual Loops": 1,
      "Plans": [
        {
          "Node Type": "Gather",
          "Parent Relationship": "Outer",
          "Parallel Aware": false,
          "Startup Cost": 93669.28,
          "Total Cost": 93669.59,
          "Plan Rows": 3,
          "Plan Width": 8,
          "Actual Startup Time": 337.068,
          "Actual Total Time": 356.464,
          "Actual Rows": 4,
          "Actual Loops": 1,
          "Workers Planned": 3,
          "Workers Launched": 3,
          "Single Copy": false,
          "Plans": [
            {
              "Node Type": "Aggregate",
              "Strategy": "Plain",
              "Partial Mode": "Partial",
              "Parent Relationship": "Outer",
              "Parallel Aware": false,
              "Startup Cost": 92669.28,
              "Total Cost": 92669.29,
              "Plan Rows": 1,
              "Plan Width": 8,
              "Actual Startup Time": 328.571,
              "Actual Total Time": 328.574,
              "Actual Rows": 1,
              "Actual Loops": 4,
              "Plans": [
                {
                  "Node Type": "Hash Join",
                  "Parent Relationship": "Outer",
                  "Parallel Aware": true,
                  "Join Type": "Inner",
                  "Startup Cost": 48362.32,
                  "Total Cost": 92253.71,
                  "Plan Rows": 166228,
                  "Plan Width": 0,
                  "Actual Startup Time": 184.424,
                  "Actual Total Time": 325.547,
                  "Actual Rows": 71626,
                  "Actual Loops": 4,
                  "Inner Unique": true,
                  "Hash Cond": "(mk.movie_id = t.id)",
                  "Plans": [
                    {
                      "Node Type": "Seq Scan",
                      "Parent Relationship": "Outer",
                      "Parallel Aware": true,
                      "Relation Name": "movie_keyword",
                      "Alias": "mk",
                      "Startup Cost": 0.0,
                      "Total Cost": 42695.65,
                      "Plan Rows": 455517,
                      "Plan Width": 4,
                      "Actual Startup Time": 0.765,
                      "Actual Total Time": 92.675,
                      "Actual Rows": 353958,
                      "Actual Loops": 4,
                      "Filter": "(keyword_id > 11797)",
                      "Rows Removed by Filter": 777024
                    },
                    {
                      "Node Type": "Hash",
                      "Parent Relationship": "Inner",
                      "Parallel Aware": true,
                      "Startup Cost": 45479.1,
                      "Total Cost": 45479.1,
                      "Plan Rows": 230658,
                      "Plan Width": 4,
                      "Actual Startup Time": 178.466,
                      "Actual Total Time": 178.467,
                      "Actual Rows": 213044,
                      "Actual Loops": 4,
                      "Hash Buckets": 1048576,
                      "Original Hash Buckets": 1048576,
                      "Hash Batches": 1,
                      "Original Hash Batches": 1,
                      "Peak Memory Usage": 41600,
                      "Plans": [
                        {
                          "Node Type": "Seq Scan",
                          "Parent Relationship": "Outer",
                          "Parallel Aware": true,
                          "Relation Name": "title",
                          "Alias": "t",
                          "Startup Cost": 0.0,
                          "Total Cost": 45479.1,
                          "Plan Rows": 230658,
                          "Plan Width": 4,
                          "Actual Startup Time": 0.039,
                          "Actual Total Time": 105.33,
                          "Actual Rows": 213044,
                          "Actual Loops": 4,
                          "Filter": "((kind_id > 1) AND (production_year < 2004))",
                          "Rows Removed by Filter": 419034
                        }
                      ]
                    }
                  ]
                }
              ]
            }
          ]
        }
      ]
    },
    "Planning Time": 0.618,
    "Triggers": [],
    "Execution Time": 356.54
  }
]