[
  {
    "Plan": {
      "Node Type": "Aggregate",
      "Strategy": "Plain",
      "Partial Mode": "Finalize",
      "Parallel Aware": false,
      "Startup Cost": 46837.59,
      "Total Cost": 46837.6,
      "Plan Rows": 1,
      "Plan Width": 8,
      "Actual Startup Time": 98.722,
      "Actual Total Time": 110.412,
      "Actual Rows": 1,
      "Actual Loops": 1,
      "Plans": [
        {
          "Node Type": "Gather",
          "Parent Relationship": "Outer",
          "Parallel Aware": false,
          "Startup Cost": 46837.17,
          "Total Cost": 46837.58,
          "Plan Rows": 4,
          "Plan Width": 8,
          "Actual Startup Time": 98.567,
          "Actual Total Time": 110.402,
          "Actual Rows": 5,
          "Actual Loops": 1,
          "Workers Planned": 4,
          "Workers Launched": 4,
          "Single Copy": false,
          "Plans": [
            {
              "Node Type": "Aggregate",
              "Strategy": "Plain",
              "Partial Mode": "Partial",
              "Parent Relationship": "Outer",
              "Parallel Aware": false,
              "Startup Cost": 45837.17,
              "Total Cost": 45837.18,
              "Plan Rows": 1,
              "Plan Width": 8,
              "Actual Startup Time": 90.186,
              "Actual Total Time": 90.187,
              "Actual Rows": 1,
              "Actual Loops": 5,
              "Plans": [
                {
                  "Node Type": "Seq Scan",
                  "Parent Relationship": "Outer",
                  "Parallel Aware": true,
                  "Relation Name": "title",
                  "Alias": "t",
                  "Startup Cost": 0.0,
                  "Total Cost": 45479.1,
                  "Plan Rows": 143230,
                  "Plan Width": 0,
                  "Actual Startup Time": 44.338,
                  "Actual Total Time": 86.408,
                  "Actual Rows": 90801,
                  "Actual Loops": 5,
                  "Filter": "((production_year > 1963) AND (kind_id = 1))",
                  "Rows Removed by Filter": 414862
                }
              ]
            }
          ]
        }
      ]
    },
    "Planning Time": 0.186,
    "Triggers": [],
    "Execution Time": 110.478
  }
]