{
  "Plan": {
    "Node Type": "Aggregate",
    "Strategy": "Plain",
    "Partial Mode": "Simple",
    "Parallel Aware": false,
    "Startup Cost": 6512113.46,
    "Total Cost": 6512113.47,
    "Plan Rows": 1,
    "Plan Width": 32,
    "Actual Startup Time": 26205.763,
    "Actual Total Time": 26205.96,
    "Actual Rows": 1,
    "Actual Loops": 1,
    "Plans": [
      {
        "Node Type": "Merge Join",
        "Parent Relationship": "Outer",
        "Parallel Aware": false,
        "Join Type": "Inner",
        "Startup Cost": 6512113.43,
        "Total Cost": 6512113.45,
        "Plan Rows": 1,
        "Plan Width": 17,
        "Actual Startup Time": 26205.728,
        "Actual Total Time": 26205.93,
        "Actual Rows": 33,
        "Actual Loops": 1,
        "Inner Unique": true,
        "Merge Cond": "(t.kind_id = kt.id)",
        "Plans": [
          {
            "Node Type": "Sort",
            "Parent Relationship": "Outer",
            "Parallel Aware": false,
            "Startup Cost": 6512112.33,
            "Total Cost": 6512112.34,
            "Plan Rows": 1,
            "Plan Width": 21,
            "Actual Startup Time": 26205.689,
            "Actual Total Time": 26205.887,
            "Actual Rows": 33,
            "Actual Loops": 1,
            "Sort Key": [
              "t.kind_id"
            ],
            "Sort Method": "quicksort",
            "Sort Space Used": 26,
            "Sort Space Type": "Memory",
            "Plans": [
              {
                "Node Type": "Merge Join",
                "Parent Relationship": "Outer",
                "Parallel Aware": false,
                "Join Type": "Inner",
                "Startup Cost": 6491809.14,
                "Total Cost": 6512112.32,
                "Plan Rows": 1,
                "Plan Width": 21,
                "Actual Startup Time": 26044.371,
                "Actual Total Time": 26205.841,
                "Actual Rows": 33,
                "Actual Loops": 1,
                "Inner Unique": true,
                "Merge Cond": "(ci.person_id = n.id)",
                "Plans": [
                  {
                    "Node Type": "Sort",
                    "Parent Relationship": "Outer",
                    "Parallel Aware": false,
                    "Startup Cost": 5936304.51,
                    "Total Cost": 5936304.52,
                    "Plan Rows": 1,
                    "Plan Width": 25,
                    "Actual Startup Time": 24551.322,
                    "Actual Total Time": 24551.523,
                    "Actual Rows": 33,
                    "Actual Loops": 1,
                    "Sort Key": [
                      "ci.person_id"
                    ],
                    "Sort Method": "quicksort",
                    "Sort Space Used": 27,
                    "Sort Space Type": "Memory",
                    "Plans": [
                      {
                        "Node Type": "Merge Join",
                        "Parent Relationship": "Outer",
                        "Parallel Aware": false,
                        "Join Type": "Inner",
                        "Startup Cost": 5924852.02,
                        "Total Cost": 5936304.5,
                        "Plan Rows": 1,
                        "Plan Width": 25,
                        "Actual Startup Time": 24452.221,
                        "Actual Total Time": 24551.478,
                        "Actual Rows": 33,
                        "Actual Loops": 1,
                        "Inner Unique": true,
                        "Merge Cond": "(mk.movie_id = t.id)",
                        "Plans": [
                          {
                            "Node Type": "Sort",
                            "Parent Relationship": "Outer",
                            "Parallel Aware": false,
                            "Startup Cost": 5614978.99,
                            "Total Cost": 5614979.0,
                            "Plan Rows": 1,
                            "Plan Width": 16,
                            "Actual Startup Time": 22955.972,
                            "Actual Total Time": 22956.171,
                            "Actual Rows": 33,
                            "Actual Loops": 1,
                            "Sort Key": [
                              "cc.movie_id"
                            ],
                            "Sort Method": "quicksort",
                            "Sort Space Used": 26,
                            "Sort Space Type": "Memory",
                            "Plans": [
                              {
                                "Node Type": "Merge Join",
                                "Parent Relationship": "Outer",
                                "Parallel Aware": false,
                                "Join Type": "Inner",
                                "Startup Cost": 5614975.63,
                                "Total Cost": 5614978.98,
                                "Plan Rows": 1,
                                "Plan Width": 16,
                                "Actual Startup Time": 22913.459,
                                "Actual Total Time": 22956.143,
                                "Actual Rows": 33,
                                "Actual Loops": 1,
                                "Inner Unique": true,
                                "Merge Cond": "(ci.person_role_id = chn.id)",
                                "Plans": [
                                  {
                                    "Node Type": "Sort",
                                    "Parent Relationship": "Outer",
                                    "Parallel Aware": false,
                                    "Startup Cost": 5563697.03,
                                    "Total Cost": 5563697.25,
                                    "Plan Rows": 88,
                                    "Plan Width": 20,
                                    "Actual Startup Time": 22641.671,
                                    "Actual Total Time": 22692.209,
                                    "Actual Rows": 323186,
                                    "Actual Loops": 1,
                                    "Sort Key": [
                                      "ci.person_role_id"
                                    ],
                                    "Sort Method": "quicksort",
                                    "Sort Space Used": 65684,
                                    "Sort Space Type": "Memory",
                                    "Plans": [
                                      {
                                        "Node Type": "Merge Join",
                                        "Parent Relationship": "Outer",
                                        "Parallel Aware": false,
                                        "Join Type": "Inner",
                                        "Startup Cost": 5382442.45,
                                        "Total Cost": 5563694.19,
                                        "Plan Rows": 88,
                                        "Plan Width": 20,
                                        "Actual Startup Time": 14101.866,
                                        "Actual Total Time": 22489.156,
                                        "Actual Rows": 655591,
                                        "Actual Loops": 1,
                                        "Inner Unique": false,
                                        "Merge Cond": "(mk.movie_id = ci.movie_id)",
                                        "Plans": [
                                          {
                                            "Node Type": "Sort",
                                            "Parent Relationship": "Outer",
                                            "Parallel Aware": false,
                                            "Startup Cost": 214663.74,
                                            "Total Cost": 214663.8,
                                            "Plan Rows": 23,
                                            "Plan Width": 8,
                                            "Actual Startup Time": 700.142,
                                            "Actual Total Time": 702.799,
                                            "Actual Rows": 8765,
                                            "Actual Loops": 1,
                                            "Sort Key": [
                                              "cc.movie_id"
                                            ],
                                            "Sort Method": "quicksort",
                                            "Sort Space Used": 795,
                                            "Sort Space Type": "Memory",
                                            "Plans": [
                                              {
                                                "Node Type": "Gather",
                                                "Parent Relationship": "Outer",
                                                "Parallel Aware": false,
                                                "Startup Cost": 214660.68,
                                                "Total Cost": 214663.22,
                                                "Plan Rows": 23,
                                                "Plan Width": 8,
                                                "Actual Startup Time": 685.527,
                                                "Actual Total Time": 698.445,
                                                "Actual Rows": 8765,
                                                "Actual Loops": 1,
                                                "Workers Planned": 3,
                                                "Workers Launched": 3,
                                                "Single Copy": false,
                                                "Plans": [
                                                  {
                                                    "Node Type": "Merge Join",
                                                    "Parent Relationship": "Outer",
                                                    "Parallel Aware": false,
                                                    "Join Type": "Inner",
                                                    "Startup Cost": 213660.68,
                                                    "Total Cost": 213660.92,
                                                    "Plan Rows": 7,
                                                    "Plan Width": 8,
                                                    "Actual Startup Time": 663.197,
                                                    "Actual Total Time": 663.609,
                                                    "Actual Rows": 2191,
                                                    "Actual Loops": 4,
                                                    "Inner Unique": true,
                                                    "Merge Cond": "(cc.status_id = cct2.id)",
                                                    "Plans": [
                                                      {
                                                        "Node Type": "Sort",
                                                        "Parent Relationship": "Outer",
                                                        "Parallel Aware": false,
                                                        "Startup Cost": 213659.62,
                                                        "Total Cost": 213659.7,
                                                        "Plan Rows": 30,
                                                        "Plan Width": 12,
                                                        "Actual Startup Time": 663.183,
                                                        "Actual Total Time": 663.29,
                                                        "Actual Rows": 2191,
                                                        "Actual Loops": 4,
                                                        "Sort Key": [
                                                          "cc.status_id"
                                                        ],
                                                        "Sort Method": "quicksort",
                                                        "Sort Space Used": 203,
                                                        "Sort Space Type": "Memory",
                                                        "Workers": [
                                                          {
                                                            "Worker Number": 0,
                                                            "Sort Method": "quicksort",
                                                            "Sort Space Used": 200,
                                                            "Sort Space Type": "Memory"
                                                          },
                                                          {
                                                            "Worker Number": 1,
                                                            "Sort Method": "quicksort",
                                                            "Sort Space Used": 193,
                                                            "Sort Space Type": "Memory"
                                                          },
                                                          {
                                                            "Worker Number": 2,
                                                            "Sort Method": "quicksort",
                                                            "Sort Space Used": 201,
                                                            "Sort Space Type": "Memory"
                                                          }
                                                        ],
                                                        "Plans": [
                                                          {
                                                            "Node Type": "Merge Join",
                                                            "Parent Relationship": "Outer",
                                                            "Parallel Aware": false,
                                                            "Join Type": "Inner",
                                                            "Startup Cost": 213657.97,
                                                            "Total Cost": 213658.88,
                                                            "Plan Rows": 30,
                                                            "Plan Width": 12,
                                                            "Actual Startup Time": 662.467,
                                                            "Actual Total Time": 662.806,
                                                            "Actual Rows": 2191,
                                                            "Actual Loops": 4,
                                                            "Inner Unique": true,
                                                            "Merge Cond": "(cc.subject_id = cct1.id)",
                                                            "Plans": [
                                                              {
                                                                "Node Type": "Sort",
                                                                "Parent Relationship": "Outer",
                                                                "Parallel Aware": false,
                                                                "Startup Cost": 213656.91,
                                                                "Total Cost": 213657.21,
                                                                "Plan Rows": 121,
                                                                "Plan Width": 16,
                                                                "Actual Startup Time": 662.426,
                                                                "Actual Total Time": 662.507,
                                                                "Actual Rows": 2192,
                                                                "Actual Loops": 4,
                                                                "Sort Key": [
                                                                  "cc.subject_id"
                                                                ],
                                                                "Sort Method": "quicksort",
                                                                "Sort Space Used": 249,
                                                                "Sort Space Type": "Memory",
                                                                "Workers": [
                                                                  {
                                                                    "Worker Number": 0,
                                                                    "Sort Method": "quicksort",
                                                                    "Sort Space Used": 248,
                                                                    "Sort Space Type": "Memory"
                                                                  },
                                                                  {
                                                                    "Worker Number": 1,
                                                                    "Sort Method": "quicksort",
                                                                    "Sort Space Used": 238,
                                                                    "Sort Space Type": "Memory"
                                                                  },
                                                                  {
                                                                    "Worker Number": 2,
                                                                    "Sort Method": "quicksort",
                                                                    "Sort Space Used": 251,
                                                                    "Sort Space Type": "Memory"
                                                                  }
                                                                ],
                                                                "Plans": [
                                                                  {
                                                                    "Node Type": "Merge Join",
                                                                    "Parent Relationship": "Outer",
                                                                    "Parallel Aware": false,
                                                                    "Join Type": "Inner",
                                                                    "Startup Cost": 212986.59,
                                                                    "Total Cost": 213652.73,
                                                                    "Plan Rows": 121,
                                                                    "Plan Width": 16,
                                                                    "Actual Startup Time": 648.255,
                                                                    "Actual Total Time": 661.944,
                                                                    "Actual Rows": 3202,
                                                                    "Actual Loops": 4,
                                                                    "Inner Unique": false,
                                                                    "Merge Cond": "(mk.movie_id = cc.movie_id)",
                                                                    "Plans": [
                                                                      {
                                                                        "Node Type": "Sort",
                                                                        "Parent Relationship": "Outer",
                                                                        "Parallel Aware": false,
                                                                        "Startup Cost": 199393.02,
                                                                        "Total Cost": 199393.24,
                                                                        "Plan Rows": 87,
                                                                        "Plan Width": 4,
                                                                        "Actual Startup Time": 604.092,
                                                                        "Actual Total Time": 604.905,
                                                                        "Actual Rows": 8887,
                                                                        "Actual Loops": 4,
                                                                        "Sort Key": [
                                                                          "mk.movie_id"
                                                                        ],
                                                                        "Sort Method": "quicksort",
                                                                        "Sort Space Used": 816,
                                                                        "Sort Space Type": "Memory",
                                                                        "Workers": [
                                                                          {
                                                                            "Worker Number": 0,
                                                                            "Sort Method": "quicksort",
                                                                            "Sort Space Used": 801,
                                                                            "Sort Space Type": "Memory"
                                                                          },
                                                                          {
                                                                            "Worker Number": 1,
                                                                            "Sort Method": "quicksort",
                                                                            "Sort Space Used": 771,
                                                                            "Sort Space Type": "Memory"
                                                                          },
                                                                          {
                                                                            "Worker Number": 2,
                                                                            "Sort Method": "quicksort",
                                                                            "Sort Space Used": 817,
                                                                            "Sort Space Type": "Memory"
                                                                          }
                                                                        ],
                                                                        "Plans": [
                                                                          {
                                                                            "Node Type": "Merge Join",
                                                                            "Parent Relationship": "Outer",
                                                                            "Parallel Aware": false,
                                                                            "Join Type": "Inner",
                                                                            "Startup Cost": 192118.47,
                                                                            "Total Cost": 199390.22,
                                                                            "Plan Rows": 87,
                                                                            "Plan Width": 4,
                                                                            "Actual Startup Time": 465.698,
                                                                            "Actual Total Time": 602.051,
                                                                            "Actual Rows": 8887,
                                                                            "Actual Loops": 4,
                                                                            "Inner Unique": true,
                                                                            "Merge Cond": "(mk.keyword_id = k.id)",
                                                                            "Plans": [
                                                                              {
                                                                                "Node Type": "Sort",
                                                                                "Parent Relationship": "Outer",
                                                                                "Parallel Aware": false,
                                                                                "Startup Cost": 188460.13,
                                                                                "Total Cost": 192108.46,
                                                                                "Plan Rows": 1459332,
                                                                                "Plan Width": 8,
                                                                                "Actual Startup Time": 406.602,
                                                                                "Actual Total Time": 525.14,
                                                                                "Actual Rows": 699234,
                                                                                "Actual Loops": 4,
                                                                                "Sort Key": [
                                                                                  "mk.keyword_id"
                                                                                ],
                                                                                "Sort Method": "quicksort",
                                                                                "Sort Space Used": 105919,
                                                                                "Sort Space Type": "Memory",
                                                                                "Workers": [
                                                                                  {
                                                                                    "Worker Number": 0,
                                                                                    "Sort Method": "quicksort",
                                                                                    "Sort Space Used": 102155,
                                                                                    "Sort Space Type": "Memory"
                                                                                  },
                                                                                  {
                                                                                    "Worker Number": 1,
                                                                                    "Sort Method": "quicksort",
                                                                                    "Sort Space Used": 73694,
                                                                                    "Sort Space Type": "Memory"
                                                                                  },
                                                                                  {
                                                                                    "Worker Number": 2,
                                                                                    "Sort Method": "quicksort",
                                                                                    "Sort Space Used": 102326,
                                                                                    "Sort Space Type": "Memory"
                                                                                  }
                                                                                ],
                                                                                "Plans": [
                                                                                  {
                                                                                    "Node Type": "Seq Scan",
                                                                                    "Parent Relationship": "Outer",
                                                                                    "Parallel Aware": true,
                                                                                    "Relation Name": "movie_keyword",
                                                                                    "Alias": "mk",
                                                                                    "Startup Cost": 0.0,
                                                                                    "Total Cost": 39047.32,
                                                                                    "Plan Rows": 1459332,
                                                                                    "Plan Width": 8,
                                                                                    "Actual Startup Time": 0.055,
                                                                                    "Actual Total Time": 140.379,
                                                                                    "Actual Rows": 1130982,
                                                                                    "Actual Loops": 4
                                                                                  }
                                                                                ]
                                                                              },
                                                                              {
                                                                                "Node Type": "Sort",
                                                                                "Parent Relationship": "Inner",
                                                                                "Parallel Aware": false,
                                                                                "Startup Cost": 3632.52,
                                                                                "Total Cost": 3632.54,
                                                                                "Plan Rows": 8,
                                                                                "Plan Width": 4,
                                                                                "Actual Startup Time": 24.327,
                                                                                "Actual Total Time": 24.331,
                                                                                "Actual Rows": 8,
                                                                                "Actual Loops": 4,
                                                                                "Sort Key": [
                                                                                  "k.id"
                                                                                ],
                                                                                "Sort Method": "quicksort",
                                                                                "Sort Space Used": 25,
                                                                                "Sort Space Type": "Memory",
                                                                                "Workers": [
                                                                                  {
                                                                                    "Worker Number": 0,
                                                                                    "Sort Method": "quicksort",
                                                                                    "Sort Space Used": 25,
                                                                                    "Sort Space Type": "Memory"
                                                                                  },
                                                                                  {
                                                                                    "Worker Number": 1,
                                                                                    "Sort Method": "quicksort",
                                                                                    "Sort Space Used": 25,
                                                                                    "Sort Space Type": "Memory"
                                                                                  },
                                                                                  {
                                                                                    "Worker Number": 2,
                                                                                    "Sort Method": "quicksort",
                                                                                    "Sort Space Used": 25,
                                                                                    "Sort Space Type": "Memory"
                                                                                  }
                                                                                ],
                                                                                "Plans": [
                                                                                  {
                                                                                    "Node Type": "Seq Scan",
                                                                                    "Parent Relationship": "Outer",
                                                                                    "Parallel Aware": false,
                                                                                    "Relation Name": "keyword",
                                                                                    "Alias": "k",
                                                                                    "Startup Cost": 0.0,
                                                                                    "Total Cost": 3632.4,
                                                                                    "Plan Rows": 8,
                                                                                    "Plan Width": 4,
                                                                                    "Actual Startup Time": 0.142,
                                                                                    "Actual Total Time": 24.311,
                                                                                    "Actual Rows": 8,
                                                                                    "Actual Loops": 4,
                                                                                    "Filter": "(keyword = ANY ('{superhero,sequel,second-part,marvel-comics,based-on-comic,tv-special,fight,violence}'::text[]))",
                                                                                    "Rows Removed by Filter": 134162
                                                                                  }
                                                                                ]
                                                                              }
                                                                            ]
                                                                          }
                                                                        ]
                                                                      },
                                                                      {
                                                                        "Node Type": "Sort",
                                                                        "Parent Relationship": "Inner",
                                                                        "Parallel Aware": false,
                                                                        "Startup Cost": 13593.56,
                                                                        "Total Cost": 13931.28,
                                                                        "Plan Rows": 135086,
                                                                        "Plan Width": 12,
                                                                        "Actual Startup Time": 43.838,
                                                                        "Actual Total Time": 49.416,
                                                                        "Actual Rows": 132893,
                                                                        "Actual Loops": 4,
                                                                        "Sort Key": [
                                                                          "cc.movie_id"
                                                                        ],
                                                                        "Sort Method": "quicksort",
                                                                        "Sort Space Used": 12477,
                                                                        "Sort Space Type": "Memory",
                                                                        "Workers": [
                                                                          {
                                                                            "Worker Number": 0,
                                                                            "Sort Method": "quicksort",
                                                                            "Sort Space Used": 12477,
                                                                            "Sort Space Type": "Memory"
                                                                          },
                                                                          {
                                                                            "Worker Number": 1,
                                                                            "Sort Method": "quicksort",
                                                                            "Sort Space Used": 12477,
                                                                            "Sort Space Type": "Memory"
                                                                          },
                                                                          {
                                                                            "Worker Number": 2,
                                                                            "Sort Method": "quicksort",
                                                                            "Sort Space Used": 12477,
                                                                            "Sort Space Type": "Memory"
                                                                          }
                                                                        ],
                                                                        "Plans": [
                                                                          {
                                                                            "Node Type": "Seq Scan",
                                                                            "Parent Relationship": "Outer",
                                                                            "Parallel Aware": false,
                                                                            "Relation Name": "complete_cast",
                                                                            "Alias": "cc",
                                                                            "Startup Cost": 0.0,
                                                                            "Total Cost": 2081.86,
                                                                            "Plan Rows": 135086,
                                                                            "Plan Width": 12,
                                                                            "Actual Startup Time": 0.046,
                                                                            "Actual Total Time": 14.876,
                                                                            "Actual Rows": 135086,
                                                                            "Actual Loops": 4
                                                                          }
                                                                        ]
                                                                      }
                                                                    ]
                                                                  }
                                                                ]
                                                              },
                                                              {
                                                                "Node Type": "Sort",
                                                                "Parent Relationship": "Inner",
                                                                "Parallel Aware": false,
                                                                "Startup Cost": 1.06,
                                                                "Total Cost": 1.06,
                                                                "Plan Rows": 1,
                                                                "Plan Width": 4,
                                                                "Actual Startup Time": 0.037,
                                                                "Actual Total Time": 0.037,
                                                                "Actual Rows": 1,
                                                                "Actual Loops": 4,
                                                                "Sort Key": [
                                                                  "cct1.id"
                                                                ],
                                                                "Sort Method": "quicksort",
                                                                "Sort Space Used": 25,
                                                                "Sort Space Type": "Memory",
                                                                "Workers": [
                                                                  {
                                                                    "Worker Number": 0,
                                                                    "Sort Method": "quicksort",
                                                                    "Sort Space Used": 25,
                                                                    "Sort Space Type": "Memory"
                                                                  },
                                                                  {
                                                                    "Worker Number": 1,
                                                                    "Sort Method": "quicksort",
                                                                    "Sort Space Used": 25,
                                                                    "Sort Space Type": "Memory"
                                                                  },
                                                                  {
                                                                    "Worker Number": 2,
                                                                    "Sort Method": "quicksort",
                                                                    "Sort Space Used": 25,
                                                                    "Sort Space Type": "Memory"
                                                                  }
                                                                ],
                                                                "Plans": [
                                                                  {
                                                                    "Node Type": "Seq Scan",
                                                                    "Parent Relationship": "Outer",
                                                                    "Parallel Aware": false,
                                                                    "Relation Name": "comp_cast_type",
                                                                    "Alias": "cct1",
                                                                    "Startup Cost": 0.0,
                                                                    "Total Cost": 1.05,
                                                                    "Plan Rows": 1,
                                                                    "Plan Width": 4,
                                                                    "Actual Startup Time": 0.03,
                                                                    "Actual Total Time": 0.031,
                                                                    "Actual Rows": 1,
                                                                    "Actual Loops": 4,
                                                                    "Filter": "((kind)::text = 'cast'::text)",
                                                                    "Rows Removed by Filter": 3
                                                                  }
                                                                ]
                                                              }
                                                            ]
                                                          }
                                                        ]
                                                      },
                                                      {
                                                        "Node Type": "Sort",
                                                        "Parent Relationship": "Inner",
                                                        "Parallel Aware": false,
                                                        "Startup Cost": 1.06,
                                                        "Total Cost": 1.06,
                                                        "Plan Rows": 1,
                                                        "Plan Width": 4,
                                                        "Actual Startup Time": 0.009,
                                                        "Actual Total Time": 0.01,
                                                        "Actual Rows": 2,
                                                        "Actual Loops": 4,
                                                        "Sort Key": [
                                                          "cct2.id"
                                                        ],
                                                        "Sort Method": "quicksort",
                                                        "Sort Space Used": 25,
                                                        "Sort Space Type": "Memory",
                                                        "Workers": [
                                                          {
                                                            "Worker Number": 0,
                                                            "Sort Method": "quicksort",
                                                            "Sort Space Used": 25,
                                                            "Sort Space Type": "Memory"
                                                          },
                                                          {
                                                            "Worker Number": 1,
                                                            "Sort Method": "quicksort",
                                                            "Sort Space Used": 25,
                                                            "Sort Space Type": "Memory"
                                                          },
                                                          {
                                                            "Worker Number": 2,
                                                            "Sort Method": "quicksort",
                                                            "Sort Space Used": 25,
                                                            "Sort Space Type": "Memory"
                                                          }
                                                        ],
                                                        "Plans": [
                                                          {
                                                            "Node Type": "Seq Scan",
                                                            "Parent Relationship": "Outer",
                                                            "Parallel Aware": false,
                                                            "Relation Name": "comp_cast_type",
                                                            "Alias": "cct2",
                                                            "Startup Cost": 0.0,
                                                            "Total Cost": 1.05,
                                                            "Plan Rows": 1,
                                                            "Plan Width": 4,
                                                            "Actual Startup Time": 0.007,
                                                            "Actual Total Time": 0.008,
                                                            "Actual Rows": 2,
                                                            "Actual Loops": 4,
                                                            "Filter": "((kind)::text ~~ '%complete%'::text)",
                                                            "Rows Removed by Filter": 2
                                                          }
                                                        ]
                                                      }
                                                    ]
                                                  }
                                                ]
                                              }
                                            ]
                                          },
                                          {
                                            "Node Type": "Sort",
                                            "Parent Relationship": "Inner",
                                            "Parallel Aware": false,
                                            "Startup Cost": 5167759.37,
                                            "Total Cost": 5258403.93,
                                            "Plan Rows": 36257824,
                                            "Plan Width": 12,
                                            "Actual Startup Time": 13346.068,
                                            "Actual Total Time": 18942.387,
                                            "Actual Rows": 36406352,
                                            "Actual Loops": 1,
                                            "Sort Key": [
                                              "ci.movie_id"
                                            ],
                                            "Sort Method": "quicksort",
                                            "Sort Space Used": 3097055,
                                            "Sort Space Type": "Memory",
                                            "Plans": [
                                              {
                                                "Node Type": "Seq Scan",
                                                "Parent Relationship": "Outer",
                                                "Parallel Aware": false,
                                                "Relation Name": "cast_info",
                                                "Alias": "ci",
                                                "Startup Cost": 0.0,
                                                "Total Cost": 615265.24,
                                                "Plan Rows": 36257824,
                                                "Plan Width": 12,
                                                "Actual Startup Time": 0.018,
                                                "Actual Total Time": 3898.452,
                                                "Actual Rows": 36244344,
                                                "Actual Loops": 1
                                              }
                                            ]
                                          }
                                        ]
                                      }
                                    ]
                                  },
                                  {
                                    "Node Type": "Sort",
                                    "Parent Relationship": "Inner",
                                    "Parallel Aware": false,
                                    "Startup Cost": 51278.59,
                                    "Total Cost": 51280.16,
                                    "Plan Rows": 628,
                                    "Plan Width": 4,
                                    "Actual Startup Time": 234.256,
                                    "Actual Total Time": 234.314,
                                    "Actual Rows": 30,
                                    "Actual Loops": 1,
                                    "Sort Key": [
                                      "chn.id"
                                    ],
                                    "Sort Method": "quicksort",
                                    "Sort Space Used": 26,
                                    "Sort Space Type": "Memory",
                                    "Plans": [
                                      {
                                        "Node Type": "Gather",
                                        "Parent Relationship": "Outer",
                                        "Parallel Aware": false,
                                        "Startup Cost": 1000.0,
                                        "Total Cost": 51249.4,
                                        "Plan Rows": 628,
                                        "Plan Width": 4,
                                        "Actual Startup Time": 18.957,
                                        "Actual Total Time": 234.269,
                                        "Actual Rows": 30,
                                        "Actual Loops": 1,
                                        "Workers Planned": 4,
                                        "Workers Launched": 4,
                                        "Single Copy": false,
                                        "Plans": [
                                          {
                                            "Node Type": "Seq Scan",
                                            "Parent Relationship": "Outer",
                                            "Parallel Aware": true,
                                            "Relation Name": "char_name",
                                            "Alias": "chn",
                                            "Startup Cost": 0.0,
                                            "Total Cost": 50186.6,
                                            "Plan Rows": 157,
                                            "Plan Width": 4,
                                            "Actual Startup Time": 38.554,
                                            "Actual Total Time": 224.632,
                                            "Actual Rows": 6,
                                            "Actual Loops": 5,
                                            "Filter": "((name !~~ '%Sherlock%'::text) AND ((name ~~ '%Tony%Stark%'::text) OR (name ~~ '%Iron%Man%'::text)))",
                                            "Rows Removed by Filter": 628062
                                          }
                                        ]
                                      }
                                    ]
                                  }
                                ]
                              }
                            ]
                          },
                          {
                            "Node Type": "Sort",
                            "Parent Relationship": "Inner",
                            "Parallel Aware": false,
                            "Startup Cost": 309871.73,
                            "Total Cost": 315604.8,
                            "Plan Rows": 2293227,
                            "Plan Width": 25,
                            "Actual Startup Time": 1108.722,
                            "Actual Total Time": 1386.489,
                            "Actual Rows": 2174198,
                            "Actual Loops": 1,
                            "Sort Key": [
                              "t.id"
                            ],
                            "Sort Method": "quicksort",
                            "Sort Space Used": 271530,
                            "Sort Space Type": "Memory",
                            "Plans": [
                              {
                                "Node Type": "Seq Scan",
                                "Parent Relationship": "Outer",
                                "Parallel Aware": false,
                                "Relation Name": "title",
                                "Alias": "t",
                                "Startup Cost": 0.0,
                                "Total Cost": 67604.36,
                                "Plan Rows": 2293227,
                                "Plan Width": 25,
                                "Actual Startup Time": 0.024,
                                "Actual Total Time": 342.165,
                                "Actual Rows": 2287271,
                                "Actual Loops": 1,
                                "Filter": "(production_year > 1950)",
                                "Rows Removed by Filter": 241041
                              }
                            ]
                          }
                        ]
                      }
                    ]
                  },
                  {
                    "Node Type": "Sort",
                    "Parent Relationship": "Inner",
                    "Parallel Aware": false,
                    "Startup Cost": 555504.63,
                    "Total Cost": 565923.07,
                    "Plan Rows": 4167377,
                    "Plan Width": 4,
                    "Actual Startup Time": 1446.792,
                    "Actual Total Time": 1559.136,
                    "Actual Rows": 1857974,
                    "Actual Loops": 1,
                    "Sort Key": [
                      "n.id"
                    ],
                    "Sort Method": "quicksort",
                    "Sort Space Used": 293656,
                    "Sort Space Type": "Memory",
                    "Plans": [
                      {
                        "Node Type": "Seq Scan",
                        "Parent Relationship": "Outer",
                        "Parallel Aware": false,
                        "Relation Name": "name",
                        "Alias": "n",
                        "Startup Cost": 0.0,
                        "Total Cost": 97286.77,
                        "Plan Rows": 4167377,
                        "Plan Width": 4,
                        "Actual Startup Time": 0.039,
                        "Actual Total Time": 450.231,
                        "Actual Rows": 4167491,
                        "Actual Loops": 1
                      }
                    ]
                  }
                ]
              }
            ]
          },
          {
            "Node Type": "Sort",
            "Parent Relationship": "Inner",
            "Parallel Aware": false,
            "Startup Cost": 1.1,
            "Total Cost": 1.1,
            "Plan Rows": 1,
            "Plan Width": 4,
            "Actual Startup Time": 0.034,
            "Actual Total Time": 0.035,
            "Actual Rows": 1,
            "Actual Loops": 1,
            "Sort Key": [
              "kt.id"
            ],
            "Sort Method": "quicksort",
            "Sort Space Used": 25,
            "Sort Space Type": "Memory",
            "Plans": [
              {
                "Node Type": "Seq Scan",
                "Parent Relationship": "Outer",
                "Parallel Aware": false,
                "Relation Name": "kind_type",
                "Alias": "kt",
                "Startup Cost": 0.0,
                "Total Cost": 1.09,
                "Plan Rows": 1,
                "Plan Width": 4,
                "Actual Startup Time": 0.023,
                "Actual Total Time": 0.024,
                "Actual Rows": 1,
                "Actual Loops": 1,
                "Filter": "((kind)::text = 'movie'::text)",
                "Rows Removed by Filter": 6
              }
            ]
          }
        ]
      }
    ]
  },
  "Planning Time": 26.603,
  "Triggers": [],
  "Execution Time": 26466.023
}