[
  {
    "Plan": {
      "Node Type": "Aggregate",
      "Strategy": "Plain",
      "Partial Mode": "Finalize",
      "Parallel Aware": false,
      "Startup Cost": 32928.07,
      "Total Cost": 32928.08,
      "Plan Rows": 1,
      "Plan Width": 8,
      "Actual Startup Time": 119.994,
      "Actual Total Time": 129.297,
      "Actual Rows": 1,
      "Actual Loops": 1,
      "Plans": [
        {
          "Node Type": "Gather",
          "Parent Relationship": "Outer",
          "Parallel Aware": false,
          "Startup Cost": 32927.75,
          "Total Cost": 32928.06,
          "Plan Rows": 3,
          "Plan Width": 8,
          "Actual Startup Time": 119.769,
          "Actual Total Time": 129.285,
          "Actual Rows": 4,
          "Actual Loops": 1,
          "Workers Planned": 3,
          "Workers Launched": 3,
          "Single Copy": false,
          "Plans": [
            {
              "Node Type": "Aggregate",
              "Strategy": "Plain",
              "Partial Mode": "Partial",
              "Parent Relationship": "Outer",
              "Parallel Aware": false,
              "Startup Cost": 31927.75,
              "Total Cost": 31927.76,
              "Plan Rows": 1,
              "Plan Width": 8,
              "Actual Startup Time": 107.977,
              "Actual Total Time": 107.979,
              "Actual Rows": 1,
              "Actual Loops": 4,
              "Plans": [
                {
                  "Node Type": "Seq Scan",
                  "Parent Relationship": "Outer",
                  "Parallel Aware": true,
                  "Relation Name": "movie_companies",
                  "Alias": "mc",
                  "Startup Cost": 0.0,
                  "Total Cost": 31414.82,
                  "Plan Rows": 205174,
                  "Plan Width": 0,
                  "Actual Startup Time": 55.771,
                  "Actual Total Time": 101.296,
                  "Actual Rows": 102219,
                  "Actual Loops": 4,
                  "Filter": "((company_id < 11164) AND (company_type_id > 1))",
                  "Rows Removed by Filter": 550064
                }
              ]
            }
          ]
        }
      ]
    },
    "Planning Time": 0.223,
    "Triggers": [],
    "Execution Time": 129.359
  }
]