{
  "Plan": {
    "Node Type": "Aggregate",
    "Strategy": "Plain",
    "Partial Mode": "Finalize",
    "Parallel Aware": false,
    "Startup Cost": 811644.6,
    "Total Cost": 811644.61,
    "Plan Rows": 1,
    "Plan Width": 8,
    "Actual Startup Time": 8860.429,
    "Actual Total Time": 8933.915,
    "Actual Rows": 1,
    "Actual Loops": 1,
    "Plans": [
      {
        "Node Type": "Gather",
        "Parent Relationship": "Outer",
        "Parallel Aware": false,
        "Startup Cost": 811644.49,
        "Total Cost": 811644.6,
        "Plan Rows": 1,
        "Plan Width": 8,
        "Actual Startup Time": 8851.611,
        "Actual Total Time": 8933.906,
        "Actual Rows": 2,
        "Actual Loops": 1,
        "Workers Planned": 1,
        "Workers Launched": 1,
        "Single Copy": false,
        "Plans": [
          {
            "Node Type": "Aggregate",
            "Strategy": "Plain",
            "Partial Mode": "Partial",
            "Parent Relationship": "Outer",
            "Parallel Aware": false,
            "Startup Cost": 810644.49,
            "Total Cost": 810644.5,
            "Plan Rows": 1,
            "Plan Width": 8,
            "Actual Startup Time": 8843.072,
            "Actual Total Time": 8843.078,
            "Actual Rows": 1,
            "Actual Loops": 2,
            "Plans": [
              {
                "Node Type": "Hash Join",
                "Parent Relationship": "Outer",
                "Parallel Aware": true,
                "Join Type": "Inner",
                "Startup Cost": 142093.49,
                "Total Cost": 784023.88,
                "Plan Rows": 10648244,
                "Plan Width": 0,
                "Actual Startup Time": 1033.969,
                "Actual Total Time": 7652.756,
                "Actual Rows": 29551942,
                "Actual Loops": 2,
                "Inner Unique": false,
                "Hash Cond": "(ci.movie_id = t.id)",
                "Plans": [
                  {
                    "Node Type": "Seq Scan",
                    "Parent Relationship": "Outer",
                    "Parallel Aware": true,
                    "Relation Name": "cast_info",
                    "Alias": "ci",
                    "Startup Cost": 0.0,
                    "Total Cost": 519069.44,
                    "Plan Rows": 16059801,
                    "Plan Width": 4,
                    "Actual Startup Time": 0.016,
                    "Actual Total Time": 1601.402,
                    "Actual Rows": 13697528,
                    "Actual Loops": 2,
                    "Filter": "(person_id < 2807401)",
                    "Rows Removed by Filter": 4424644
                  },
                  {
                    "Node Type": "Hash",
                    "Parent Relationship": "Inner",
                    "Parallel Aware": true,
                    "Startup Cost": 129767.37,
                    "Total Cost": 129767.37,
                    "Plan Rows": 986089,
                    "Plan Width": 8,
                    "Actual Startup Time": 1019.006,
                    "Actual Total Time": 1019.01,
                    "Actual Rows": 841700,
                    "Actual Loops": 2,
                    "Hash Buckets": 2097152,
                    "Original Hash Buckets": 2097152,
                    "Hash Batches": 1,
                    "Original Hash Batches": 1,
                    "Peak Memory Usage": 82272,
                    "Plans": [
                      {
                        "Node Type": "Hash Join",
                        "Parent Relationship": "Outer",
                        "Parallel Aware": true,
                        "Join Type": "Inner",
                        "Startup Cost": 69460.7,
                        "Total Cost": 129767.37,
                        "Plan Rows": 986089,
                        "Plan Width": 8,
                        "Actual Startup Time": 510.874,
                        "Actual Total Time": 858.014,
                        "Actual Rows": 841700,
                        "Actual Loops": 2,
                        "Inner Unique": true,
                        "Hash Cond": "(mk.movie_id = t.id)",
                        "Plans": [
                          {
                            "Node Type": "Seq Scan",
                            "Parent Relationship": "Outer",
                            "Parallel Aware": true,
                            "Relation Name": "movie_keyword",
                            "Alias": "mk",
                            "Startup Cost": 0.0,
                            "Total Cost": 57718.19,
                            "Plan Rows": 986089,
                            "Plan Width": 4,
                            "Actual Startup Time": 0.777,
                            "Actual Total Time": 180.221,
                            "Actual Rows": 841700,
                            "Actual Loops": 2,
                            "Filter": "(keyword_id > 8624)",
                            "Rows Removed by Filter": 1420266
                          },
                          {
                            "Node Type": "Hash",
                            "Parent Relationship": "Inner",
                            "Parallel Aware": true,
                            "Startup Cost": 50870.31,
                            "Total Cost": 50870.31,
                            "Plan Rows": 1487231,
                            "Plan Width": 4,
                            "Actual Startup Time": 496.158,
                            "Actual Total Time": 496.158,
                            "Actual Rows": 1264156,
                            "Actual Loops": 2,
                            "Hash Buckets": 4194304,
                            "Original Hash Buckets": 4194304,
                            "Hash Batches": 1,
                            "Original Hash Batches": 1,
                            "Peak Memory Usage": 131712,
                            "Plans": [
                              {
                                "Node Type": "Seq Scan",
                                "Parent Relationship": "Outer",
                                "Parallel Aware": true,
                                "Relation Name": "title",
                                "Alias": "t",
                                "Startup Cost": 0.0,
                                "Total Cost": 50870.31,
                                "Plan Rows": 1487231,
                                "Plan Width": 4,
                                "Actual Startup Time": 0.028,
                                "Actual Total Time": 152.396,
                                "Actual Rows": 1264156,
                                "Actual Loops": 2
                              }
                            ]
                          }
                        ]
                      }
                    ]
                  }
                ]
              }
            ]
          }
        ]
      }
    ]
  },
  "Planning Time": 0.932,
  "Triggers": [],
  "Execution Time": 8934.04
}