[
    {
        "Bao": {
            "Bao prediction": "NaN",
            "Bao recommended hint": "(no hint)"
        }
    },
    {
        "Plan": {
            "Node Type": "Aggregate",
            "Strategy": "Plain",
            "Partial Mode": "Finalize",
            "Parallel Aware": false,
            "Startup Cost": 220055.72,
            "Total Cost": 220055.73,
            "Plan Rows": 1,
            "Plan Width": 8,
            "Actual Startup Time": 199.721,
            "Actual Total Time": 207.866,
            "Actual Rows": 1,
            "Actual Loops": 1,
            "Output": [
                "count(*)"
            ],
            "Plans": [
                {
                    "Node Type": "Gather",
                    "Parent Relationship": "Outer",
                    "Parallel Aware": false,
                    "Startup Cost": 220055.2,
                    "Total Cost": 220055.71,
                    "Plan Rows": 5,
                    "Plan Width": 8,
                    "Actual Startup Time": 194.782,
                    "Actual Total Time": 207.858,
                    "Actual Rows": 6,
                    "Actual Loops": 1,
                    "Output": [
                        "(PARTIAL count(*))"
                    ],
                    "Workers Planned": 5,
                    "Workers Launched": 5,
                    "Single Copy": false,
                    "Plans": [
                        {
                            "Node Type": "Aggregate",
                            "Strategy": "Plain",
                            "Partial Mode": "Partial",
                            "Parent Relationship": "Outer",
                            "Parallel Aware": false,
                            "Startup Cost": 219055.2,
                            "Total Cost": 219055.21,
                            "Plan Rows": 1,
                            "Plan Width": 8,
                            "Actual Startup Time": 184.785,
                            "Actual Total Time": 184.789,
                            "Actual Rows": 1,
                            "Actual Loops": 6,
                            "Output": [
                                "PARTIAL count(*)"
                            ],
                            "Workers": [
                                {
                                    "Worker Number": 0,
                                    "Actual Startup Time": 182.013,
                                    "Actual Total Time": 182.016,
                                    "Actual Rows": 1,
                                    "Actual Loops": 1
                                },
                                {
                                    "Worker Number": 1,
                                    "Actual Startup Time": 182.194,
                                    "Actual Total Time": 182.197,
                                    "Actual Rows": 1,
                                    "Actual Loops": 1
                                },
                                {
                                    "Worker Number": 2,
                                    "Actual Startup Time": 183.468,
                                    "Actual Total Time": 183.471,
                                    "Actual Rows": 1,
                                    "Actual Loops": 1
                                },
                                {
                                    "Worker Number": 3,
                                    "Actual Startup Time": 183.279,
                                    "Actual Total Time": 183.283,
                                    "Actual Rows": 1,
                                    "Actual Loops": 1
                                },
                                {
                                    "Worker Number": 4,
                                    "Actual Startup Time": 183.462,
                                    "Actual Total Time": 183.465,
                                    "Actual Rows": 1,
                                    "Actual Loops": 1
                                }
                            ],
                            "Plans": [
                                {
                                    "Node Type": "Hash Join",
                                    "Parent Relationship": "Outer",
                                    "Parallel Aware": true,
                                    "Join Type": "Inner",
                                    "Startup Cost": 55418.65,
                                    "Total Cost": 218986.8,
                                    "Plan Rows": 27360,
                                    "Plan Width": 0,
                                    "Actual Startup Time": 145.873,
                                    "Actual Total Time": 183.794,
                                    "Actual Rows": 13601,
                                    "Actual Loops": 6,
                                    "Inner Unique": true,
                                    "Hash Cond": "(mi.movie_id = t.id)",
                                    "Workers": [
                                        {
                                            "Worker Number": 0,
                                            "Actual Startup Time": 143.21,
                                            "Actual Total Time": 181.007,
                                            "Actual Rows": 11821,
                                            "Actual Loops": 1
                                        },
                                        {
                                            "Worker Number": 1,
                                            "Actual Startup Time": 143.337,
                                            "Actual Total Time": 181.171,
                                            "Actual Rows": 11910,
                                            "Actual Loops": 1
                                        },
                                        {
                                            "Worker Number": 2,
                                            "Actual Startup Time": 144.171,
                                            "Actual Total Time": 182.447,
                                            "Actual Rows": 11613,
                                            "Actual Loops": 1
                                        },
                                        {
                                            "Worker Number": 3,
                                            "Actual Startup Time": 144.516,
                                            "Actual Total Time": 182.259,
                                            "Actual Rows": 12604,
                                            "Actual Loops": 1
                                        },
                                        {
                                            "Worker Number": 4,
                                            "Actual Startup Time": 144.683,
                                            "Actual Total Time": 182.444,
                                            "Actual Rows": 12769,
                                            "Actual Loops": 1
                                        }
                                    ],
                                    "Plans": [
                                        {
                                            "Node Type": "Bitmap Heap Scan",
                                            "Parent Relationship": "Outer",
                                            "Parallel Aware": true,
                                            "Relation Name": "movie_info",
                                            "Schema": "public",
                                            "Alias": "mi",
                                            "Startup Cost": 9443.95,
                                            "Total Cost": 172738.72,
                                            "Plan Rows": 104142,
                                            "Plan Width": 4,
                                            "Actual Startup Time": 18.963,
                                            "Actual Total Time": 36.71,
                                            "Actual Rows": 90561,
                                            "Actual Loops": 6,
                                            "Output": [
                                                "mi.id",
                                                "mi.movie_id",
                                                "mi.info_type_id",
                                                "mi.info",
                                                "mi.note"
                                            ],
                                            "Recheck Cond": "(mi.info_type_id > 98)",
                                            "Rows Removed by Index Recheck": 0,
                                            "Exact Heap Blocks": 1542,
                                            "Lossy Heap Blocks": 0,
                                            "Workers": [
                                                {
                                                    "Worker Number": 0,
                                                    "Actual Startup Time": 18.975,
                                                    "Actual Total Time": 37.413,
                                                    "Actual Rows": 75472,
                                                    "Actual Loops": 1
                                                },
                                                {
                                                    "Worker Number": 1,
                                                    "Actual Startup Time": 18.988,
                                                    "Actual Total Time": 37.444,
                                                    "Actual Rows": 74543,
                                                    "Actual Loops": 1
                                                },
                                                {
                                                    "Worker Number": 2,
                                                    "Actual Startup Time": 18.975,
                                                    "Actual Total Time": 37.021,
                                                    "Actual Rows": 77626,
                                                    "Actual Loops": 1
                                                },
                                                {
                                                    "Worker Number": 3,
                                                    "Actual Startup Time": 18.961,
                                                    "Actual Total Time": 36.61,
                                                    "Actual Rows": 93765,
                                                    "Actual Loops": 1
                                                },
                                                {
                                                    "Worker Number": 4,
                                                    "Actual Startup Time": 18.957,
                                                    "Actual Total Time": 36.528,
                                                    "Actual Rows": 93636,
                                                    "Actual Loops": 1
                                                }
                                            ],
                                            "Plans": [
                                                {
                                                    "Node Type": "Bitmap Index Scan",
                                                    "Parent Relationship": "Outer",
                                                    "Parallel Aware": false,
                                                    "Index Name": "info_type_id_movie_info",
                                                    "Startup Cost": 0.0,
                                                    "Total Cost": 9313.77,
                                                    "Plan Rows": 520711,
                                                    "Plan Width": 0,
                                                    "Actual Startup Time": 18.12,
                                                    "Actual Total Time": 18.121,
                                                    "Actual Rows": 543367,
                                                    "Actual Loops": 1,
                                                    "Index Cond": "(mi.info_type_id > 98)"
                                                }
                                            ]
                                        },
                                        {
                                            "Node Type": "Hash",
                                            "Parent Relationship": "Inner",
                                            "Parallel Aware": true,
                                            "Startup Cost": 43899.01,
                                            "Total Cost": 43899.01,
                                            "Plan Rows": 166056,
                                            "Plan Width": 4,
                                            "Actual Startup Time": 124.727,
                                            "Actual Total Time": 124.728,
                                            "Actual Rows": 110472,
                                            "Actual Loops": 6,
                                            "Output": [
                                                "t.id"
                                            ],
                                            "Hash Buckets": 1048576,
                                            "Original Hash Buckets": 1048576,
                                            "Hash Batches": 1,
                                            "Original Hash Batches": 1,
                                            "Peak Memory Usage": 34208,
                                            "Workers": [
                                                {
                                                    "Worker Number": 0,
                                                    "Actual Startup Time": 123.672,
                                                    "Actual Total Time": 123.673,
                                                    "Actual Rows": 82224,
                                                    "Actual Loops": 1
                                                },
                                                {
                                                    "Worker Number": 1,
                                                    "Actual Startup Time": 123.784,
                                                    "Actual Total Time": 123.784,
                                                    "Actual Rows": 81390,
                                                    "Actual Loops": 1
                                                },
                                                {
                                                    "Worker Number": 2,
                                                    "Actual Startup Time": 124.597,
                                                    "Actual Total Time": 124.597,
                                                    "Actual Rows": 82999,
                                                    "Actual Loops": 1
                                                },
                                                {
                                                    "Worker Number": 3,
                                                    "Actual Startup Time": 124.939,
                                                    "Actual Total Time": 124.94,
                                                    "Actual Rows": 119332,
                                                    "Actual Loops": 1
                                                },
                                                {
                                                    "Worker Number": 4,
                                                    "Actual Startup Time": 125.084,
                                                    "Actual Total Time": 125.084,
                                                    "Actual Rows": 119263,
                                                    "Actual Loops": 1
                                                }
                                            ],
                                            "Plans": [
                                                {
                                                    "Node Type": "Seq Scan",
                                                    "Parent Relationship": "Outer",
                                                    "Parallel Aware": true,
                                                    "Relation Name": "title",
                                                    "Schema": "public",
                                                    "Alias": "t",
                                                    "Startup Cost": 0.0,
                                                    "Total Cost": 43899.01,
                                                    "Plan Rows": 166056,
                                                    "Plan Width": 4,
                                                    "Actual Startup Time": 0.043,
                                                    "Actual Total Time": 79.567,
                                                    "Actual Rows": 110472,
                                                    "Actual Loops": 6,
                                                    "Output": [
                                                        "t.id"
                                                    ],
                                                    "Filter": "(t.production_year < 1989)",
                                                    "Rows Removed by Filter": 310913,
                                                    "Workers": [
                                                        {
                                                            "Worker Number": 0,
                                                            "Actual Startup Time": 0.045,
                                                            "Actual Total Time": 81.624,
                                                            "Actual Rows": 82224,
                                                            "Actual Loops": 1
                                                        },
                                                        {
                                                            "Worker Number": 1,
                                                            "Actual Startup Time": 0.053,
                                                            "Actual Total Time": 81.885,
                                                            "Actual Rows": 81390,
                                                            "Actual Loops": 1
                                                        },
                                                        {
                                                            "Worker Number": 2,
                                                            "Actual Startup Time": 0.046,
                                                            "Actual Total Time": 81.402,
                                                            "Actual Rows": 82999,
                                                            "Actual Loops": 1
                                                        },
                                                        {
                                                            "Worker Number": 3,
                                                            "Actual Startup Time": 0.052,
                                                            "Actual Total Time": 79.103,
                                                            "Actual Rows": 119332,
                                                            "Actual Loops": 1
                                                        },
                                                        {
                                                            "Worker Number": 4,
                                                            "Actual Startup Time": 0.05,
                                                            "Actual Total Time": 79.679,
                                                            "Actual Rows": 119263,
                                                            "Actual Loops": 1
                                                        }
                                                    ]
                                                }
                                            ]
                                        }
                                    ]
                                }
                            ]
                        }
                    ]
                }
            ]
        },
        "Planning Time": 186.992,
        "Triggers": [],
        "Execution Time": 207.986
    }
]