[
  {
    "Plan": {
      "Node Type": "Aggregate",
      "Strategy": "Plain",
      "Partial Mode": "Finalize",
      "Parallel Aware": false,
      "Startup Cost": 350225.23,
      "Total Cost": 350225.24,
      "Plan Rows": 1,
      "Plan Width": 8,
      "Actual Startup Time": 809.773,
      "Actual Total Time": 883.506,
      "Actual Rows": 1,
      "Actual Loops": 1,
      "Plans": [
        {
          "Node Type": "Gather",
          "Parent Relationship": "Outer",
          "Parallel Aware": false,
          "Startup Cost": 350224.61,
          "Total Cost": 350225.22,
          "Plan Rows": 6,
          "Plan Width": 8,
          "Actual Startup Time": 809.637,
          "Actual Total Time": 883.494,
          "Actual Rows": 7,
          "Actual Loops": 1,
          "Workers Planned": 6,
          "Workers Launched": 6,
          "Single Copy": false,
          "Plans": [
            {
              "Node Type": "Aggregate",
              "Strategy": "Plain",
              "Partial Mode": "Partial",
              "Parent Relationship": "Outer",
              "Parallel Aware": false,
              "Startup Cost": 349224.61,
              "Total Cost": 349224.62,
              "Plan Rows": 1,
              "Plan Width": 8,
              "Actual Startup Time": 799.874,
              "Actual Total Time": 799.875,
              "Actual Rows": 1,
              "Actual Loops": 7,
              "Plans": [
                {
                  "Node Type": "Seq Scan",
                  "Parent Relationship": "Outer",
                  "Parallel Aware": true,
                  "Relation Name": "cast_info",
                  "Alias": "ci",
                  "Startup Cost": 0.0,
                  "Total Cost": 343257.03,
                  "Plan Rows": 2387031,
                  "Plan Width": 0,
                  "Actual Startup Time": 219.745,
                  "Actual Total Time": 683.276,
                  "Actual Rows": 2796192,
                  "Actual Loops": 7,
                  "Filter": "((person_id > 1417023) AND (role_id > 1))",
                  "Rows Removed by Filter": 2381572
                }
              ]
            }
          ]
        }
      ]
    },
    "Planning Time": 0.223,
    "Triggers": [],
    "Execution Time": 883.582
  }
]