{
  "Plan": {
    "Node Type": "Aggregate",
    "Strategy": "Plain",
    "Partial Mode": "Finalize",
    "Parallel Aware": false,
    "Startup Cost": 971267.98,
    "Total Cost": 971267.99,
    "Plan Rows": 1,
    "Plan Width": 8,
    "Actual Startup Time": 4389.137,
    "Actual Total Time": 4507.9,
    "Actual Rows": 1,
    "Actual Loops": 1,
    "Plans": [
      {
        "Node Type": "Gather",
        "Parent Relationship": "Outer",
        "Parallel Aware": false,
        "Startup Cost": 971267.87,
        "Total Cost": 971267.98,
        "Plan Rows": 1,
        "Plan Width": 8,
        "Actual Startup Time": 4387.626,
        "Actual Total Time": 4507.871,
        "Actual Rows": 2,
        "Actual Loops": 1,
        "Workers Planned": 1,
        "Workers Launched": 1,
        "Single Copy": false,
        "Plans": [
          {
            "Node Type": "Aggregate",
            "Strategy": "Plain",
            "Partial Mode": "Partial",
            "Parent Relationship": "Outer",
            "Parallel Aware": false,
            "Startup Cost": 970267.87,
            "Total Cost": 970267.88,
            "Plan Rows": 1,
            "Plan Width": 8,
            "Actual Startup Time": 4381.407,
            "Actual Total Time": 4381.416,
            "Actual Rows": 1,
            "Actual Loops": 2,
            "Plans": [
              {
                "Node Type": "Hash Join",
                "Parent Relationship": "Outer",
                "Parallel Aware": true,
                "Join Type": "Inner",
                "Startup Cost": 654276.03,
                "Total Cost": 963242.77,
                "Plan Rows": 2810039,
                "Plan Width": 0,
                "Actual Startup Time": 2847.171,
                "Actual Total Time": 4357.882,
                "Actual Rows": 597974,
                "Actual Loops": 2,
                "Inner Unique": false,
                "Hash Cond": "(mi.movie_id = t.id)",
                "Plans": [
                  {
                    "Node Type": "Seq Scan",
                    "Parent Relationship": "Outer",
                    "Parallel Aware": true,
                    "Relation Name": "movie_info",
                    "Alias": "mi",
                    "Startup Cost": 0.0,
                    "Total Cost": 248955.74,
                    "Plan Rows": 8696274,
                    "Plan Width": 4,
                    "Actual Startup Time": 0.016,
                    "Actual Total Time": 653.703,
                    "Actual Rows": 7417860,
                    "Actual Loops": 2
                  },
                  {
                    "Node Type": "Hash",
                    "Parent Relationship": "Inner",
                    "Parallel Aware": true,
                    "Startup Cost": 648268.89,
                    "Total Cost": 648268.89,
                    "Plan Rows": 480571,
                    "Plan Width": 8,
                    "Actual Startup Time": 2836.084,
                    "Actual Total Time": 2836.09,
                    "Actual Rows": 92686,
                    "Actual Loops": 2,
                    "Hash Buckets": 1048576,
                    "Original Hash Buckets": 1048576,
                    "Hash Batches": 1,
                    "Original Hash Batches": 1,
                    "Peak Memory Usage": 15488,
                    "Plans": [
                      {
                        "Node Type": "Hash Join",
                        "Parent Relationship": "Outer",
                        "Parallel Aware": true,
                        "Join Type": "Inner",
                        "Startup Cost": 59757.17,
                        "Total Cost": 648268.89,
                        "Plan Rows": 480571,
                        "Plan Width": 8,
                        "Actual Startup Time": 947.136,
                        "Actual Total Time": 2790.7,
                        "Actual Rows": 92686,
                        "Actual Loops": 2,
                        "Inner Unique": true,
                        "Hash Cond": "(ci.movie_id = t.id)",
                        "Plans": [
                          {
                            "Node Type": "Seq Scan",
                            "Parent Relationship": "Outer",
                            "Parallel Aware": true,
                            "Relation Name": "cast_info",
                            "Alias": "ci",
                            "Startup Cost": 0.0,
                            "Total Cost": 572345.93,
                            "Plan Rows": 6158389,
                            "Plan Width": 4,
                            "Actual Startup Time": 731.141,
                            "Actual Total Time": 2030.298,
                            "Actual Rows": 3868640,
                            "Actual Loops": 2,
                            "Filter": "((person_id > 1697339) AND (role_id < 3))",
                            "Rows Removed by Filter": 14253532
                          },
                          {
                            "Node Type": "Hash",
                            "Parent Relationship": "Inner",
                            "Parallel Aware": true,
                            "Startup Cost": 58306.47,
                            "Total Cost": 58306.47,
                            "Plan Rows": 116056,
                            "Plan Width": 4,
                            "Actual Startup Time": 213.652,
                            "Actual Total Time": 213.653,
                            "Actual Rows": 52077,
                            "Actual Loops": 2,
                            "Hash Buckets": 262144,
                            "Original Hash Buckets": 262144,
                            "Hash Batches": 1,
                            "Original Hash Batches": 1,
                            "Peak Memory Usage": 6176,
                            "Plans": [
                              {
                                "Node Type": "Seq Scan",
                                "Parent Relationship": "Outer",
                                "Parallel Aware": true,
                                "Relation Name": "title",
                                "Alias": "t",
                                "Startup Cost": 0.0,
                                "Total Cost": 58306.47,
                                "Plan Rows": 116056,
                                "Plan Width": 4,
                                "Actual Startup Time": 0.064,
                                "Actual Total Time": 189.978,
                                "Actual Rows": 52077,
                                "Actual Loops": 2,
                                "Filter": "((production_year < 1968) AND (kind_id = 7))",
                                "Rows Removed by Filter": 1212079
                              }
                            ]
                          }
                        ]
                      }
                    ]
                  }
                ]
              }
            ]
          }
        ]
      }
    ]
  },
  "Planning Time": 1.014,
  "Triggers": [],
  "Execution Time": 4508.006
}