[
  {
    "Plan": {
      "Node Type": "Aggregate",
      "Strategy": "Plain",
      "Partial Mode": "Finalize",
      "Parallel Aware": false,
      "Startup Cost": 354992.54,
      "Total Cost": 354992.55,
      "Plan Rows": 1,
      "Plan Width": 8,
      "Actual Startup Time": 854.844,
      "Actual Total Time": 902.69,
      "Actual Rows": 1,
      "Actual Loops": 1,
      "Plans": [
        {
          "Node Type": "Gather",
          "Parent Relationship": "Outer",
          "Parallel Aware": false,
          "Startup Cost": 354991.91,
          "Total Cost": 354992.52,
          "Plan Rows": 6,
          "Plan Width": 8,
          "Actual Startup Time": 854.67,
          "Actual Total Time": 902.68,
          "Actual Rows": 7,
          "Actual Loops": 1,
          "Workers Planned": 6,
          "Workers Launched": 6,
          "Single Copy": false,
          "Plans": [
            {
              "Node Type": "Aggregate",
              "Strategy": "Plain",
              "Partial Mode": "Partial",
              "Parent Relationship": "Outer",
              "Parallel Aware": false,
              "Startup Cost": 353991.91,
              "Total Cost": 353991.92,
              "Plan Rows": 1,
              "Plan Width": 8,
              "Actual Startup Time": 845.272,
              "Actual Total Time": 845.273,
              "Actual Rows": 1,
              "Actual Loops": 7,
              "Plans": [
                {
                  "Node Type": "Seq Scan",
                  "Parent Relationship": "Outer",
                  "Parallel Aware": true,
                  "Relation Name": "cast_info",
                  "Alias": "ci",
                  "Startup Cost": 0.0,
                  "Total Cost": 343316.27,
                  "Plan Rows": 4270256,
                  "Plan Width": 0,
                  "Actual Startup Time": 0.061,
                  "Actual Total Time": 674.327,
                  "Actual Rows": 3965433,
                  "Actual Loops": 7,
                  "Filter": "((person_id < 3544548) AND (role_id < 6))",
                  "Rows Removed by Filter": 1212331
                }
              ]
            }
          ]
        }
      ]
    },
    "Planning Time": 0.189,
    "Triggers": [],
    "Execution Time": 902.754
  }
]