[
  {
    "Plan": {
      "Node Type": "Aggregate",
      "Strategy": "Plain",
      "Partial Mode": "Finalize",
      "Parallel Aware": false,
      "Startup Cost": 271732.52,
      "Total Cost": 271732.53,
      "Plan Rows": 1,
      "Plan Width": 8,
      "Actual Startup Time": 210.486,
      "Actual Total Time": 252.832,
      "Actual Rows": 1,
      "Actual Loops": 1,
      "Plans": [
        {
          "Node Type": "Gather",
          "Parent Relationship": "Outer",
          "Parallel Aware": false,
          "Startup Cost": 271732.1,
          "Total Cost": 271732.51,
          "Plan Rows": 4,
          "Plan Width": 8,
          "Actual Startup Time": 210.254,
          "Actual Total Time": 252.822,
          "Actual Rows": 5,
          "Actual Loops": 1,
          "Workers Planned": 4,
          "Workers Launched": 4,
          "Single Copy": false,
          "Plans": [
            {
              "Node Type": "Aggregate",
              "Strategy": "Plain",
              "Partial Mode": "Partial",
              "Parent Relationship": "Outer",
              "Parallel Aware": false,
              "Startup Cost": 270732.1,
              "Total Cost": 270732.11,
              "Plan Rows": 1,
              "Plan Width": 8,
              "Actual Startup Time": 204.126,
              "Actual Total Time": 204.128,
              "Actual Rows": 1,
              "Actual Loops": 5,
              "Plans": [
                {
                  "Node Type": "Nested Loop",
                  "Parent Relationship": "Outer",
                  "Parallel Aware": false,
                  "Join Type": "Inner",
                  "Startup Cost": 0.56,
                  "Total Cost": 270704.65,
                  "Plan Rows": 10980,
                  "Plan Width": 0,
                  "Actual Startup Time": 60.639,
                  "Actual Total Time": 203.142,
                  "Actual Rows": 9154,
                  "Actual Loops": 5,
                  "Inner Unique": false,
                  "Plans": [
                    {
                      "Node Type": "Seq Scan",
                      "Parent Relationship": "Outer",
                      "Parallel Aware": true,
                      "Relation Name": "title",
                      "Alias": "t",
                      "Startup Cost": 0.0,
                      "Total Cost": 45479.59,
                      "Plan Rows": 2597,
                      "Plan Width": 4,
                      "Actual Startup Time": 59.773,
                      "Actual Total Time": 84.475,
                      "Actual Rows": 1294,
                      "Actual Loops": 5,
                      "Filter": "((kind_id = 1) AND (production_year = 1997))",
                      "Rows Removed by Filter": 504369
                    },
                    {
                      "Node Type": "Index Scan",
                      "Parent Relationship": "Inner",
                      "Parallel Aware": false,
                      "Scan Direction": "Forward",
                      "Index Name": "movie_id_cast_info",
                      "Relation Name": "cast_info",
                      "Alias": "ci",
                      "Startup Cost": 0.56,
                      "Total Cost": 86.63,
                      "Plan Rows": 10,
                      "Plan Width": 4,
                      "Actual Startup Time": 0.017,
                      "Actual Total Time": 0.09,
                      "Actual Rows": 7,
                      "Actual Loops": 6468,
                      "Index Cond": "(movie_id = t.id)",
                      "Rows Removed by Index Recheck": 0,
                      "Filter": "((person_id < 3080845) AND (role_id < 2))",
                      "Rows Removed by Filter": 13
                    }
                  ]
                }
              ]
            }
          ]
        }
      ]
    },
    "Planning Time": 0.631,
    "Triggers": [],
    "Execution Time": 252.915
  }
]