[
  {
    "Plan": {
      "Node Type": "Aggregate",
      "Strategy": "Plain",
      "Partial Mode": "Finalize",
      "Parallel Aware": false,
      "Startup Cost": 401593.19,
      "Total Cost": 401593.2,
      "Plan Rows": 1,
      "Plan Width": 8,
      "Actual Startup Time": 1416.043,
      "Actual Total Time": 1472.158,
      "Actual Rows": 1,
      "Actual Loops": 1,
      "Plans": [
        {
          "Node Type": "Gather",
          "Parent Relationship": "Outer",
          "Parallel Aware": false,
          "Startup Cost": 401592.56,
          "Total Cost": 401593.17,
          "Plan Rows": 6,
          "Plan Width": 8,
          "Actual Startup Time": 1412.181,
          "Actual Total Time": 1472.144,
          "Actual Rows": 7,
          "Actual Loops": 1,
          "Workers Planned": 6,
          "Workers Launched": 6,
          "Single Copy": false,
          "Plans": [
            {
              "Node Type": "Aggregate",
              "Strategy": "Plain",
              "Partial Mode": "Partial",
              "Parent Relationship": "Outer",
              "Parallel Aware": false,
              "Startup Cost": 400592.56,
              "Total Cost": 400592.57,
              "Plan Rows": 1,
              "Plan Width": 8,
              "Actual Startup Time": 1404.896,
              "Actual Total Time": 1404.899,
              "Actual Rows": 1,
              "Actual Loops": 7,
              "Plans": [
                {
                  "Node Type": "Hash Join",
                  "Parent Relationship": "Outer",
                  "Parallel Aware": true,
                  "Join Type": "Inner",
                  "Startup Cost": 47048.84,
                  "Total Cost": 398965.76,
                  "Plan Rows": 650722,
                  "Plan Width": 0,
                  "Actual Startup Time": 325.145,
                  "Actual Total Time": 1378.566,
                  "Actual Rows": 514646,
                  "Actual Loops": 7,
                  "Inner Unique": true,
                  "Hash Cond": "(ci.movie_id = t.id)",
                  "Plans": [
                    {
                      "Node Type": "Seq Scan",
                      "Parent Relationship": "Outer",
                      "Parallel Aware": true,
                      "Relation Name": "cast_info",
                      "Alias": "ci",
                      "Startup Cost": 0.0,
                      "Total Cost": 343316.27,
                      "Plan Rows": 3276434,
                      "Plan Width": 4,
                      "Actual Startup Time": 223.22,
                      "Actual Total Time": 718.347,
                      "Actual Rows": 2524210,
                      "Actual Loops": 7,
                      "Filter": "((person_id < 3054010) AND (role_id > 1))",
                      "Rows Removed by Filter": 2653554
                    },
                    {
                      "Node Type": "Hash",
                      "Parent Relationship": "Inner",
                      "Parallel Aware": true,
                      "Startup Cost": 45479.59,
                      "Total Cost": 45479.59,
                      "Plan Rows": 125540,
                      "Plan Width": 4,
                      "Actual Startup Time": 100.104,
                      "Actual Total Time": 100.105,
                      "Actual Rows": 74876,
                      "Actual Loops": 7,
                      "Hash Buckets": 524288,
                      "Original Hash Buckets": 524288,
                      "Hash Batches": 1,
                      "Original Hash Batches": 1,
                      "Peak Memory Usage": 24704,
                      "Plans": [
                        {
                          "Node Type": "Seq Scan",
                          "Parent Relationship": "Outer",
                          "Parallel Aware": true,
                          "Relation Name": "title",
                          "Alias": "t",
                          "Startup Cost": 0.0,
                          "Total Cost": 45479.59,
                          "Plan Rows": 125540,
                          "Plan Width": 4,
                          "Actual Startup Time": 41.831,
                          "Actual Total Time": 72.474,
                          "Actual Rows": 74876,
                          "Actual Loops": 7,
                          "Filter": "((production_year < 2010) AND (kind_id = 1))",
                          "Rows Removed by Filter": 286312
                        }
                      ]
                    }
                  ]
                }
              ]
            }
          ]
        }
      ]
    },
    "Planning Time": 0.339,
    "Triggers": [],
    "Execution Time": 1472.233
  }
]