{
  "Plan": {
    "Node Type": "Aggregate",
    "Strategy": "Plain",
    "Partial Mode": "Finalize",
    "Parallel Aware": false,
    "Startup Cost": 1044630.87,
    "Total Cost": 1044630.88,
    "Plan Rows": 1,
    "Plan Width": 8,
    "Actual Startup Time": 13169.239,
    "Actual Total Time": 13269.864,
    "Actual Rows": 1,
    "Actual Loops": 1,
    "Plans": [
      {
        "Node Type": "Gather",
        "Parent Relationship": "Outer",
        "Parallel Aware": false,
        "Startup Cost": 1044630.75,
        "Total Cost": 1044630.86,
        "Plan Rows": 1,
        "Plan Width": 8,
        "Actual Startup Time": 13159.31,
        "Actual Total Time": 13269.855,
        "Actual Rows": 2,
        "Actual Loops": 1,
        "Workers Planned": 1,
        "Workers Launched": 1,
        "Single Copy": false,
        "Plans": [
          {
            "Node Type": "Aggregate",
            "Strategy": "Plain",
            "Partial Mode": "Partial",
            "Parent Relationship": "Outer",
            "Parallel Aware": false,
            "Startup Cost": 1043630.75,
            "Total Cost": 1043630.76,
            "Plan Rows": 1,
            "Plan Width": 8,
            "Actual Startup Time": 13139.325,
            "Actual Total Time": 13139.331,
            "Actual Rows": 1,
            "Actual Loops": 2,
            "Plans": [
              {
                "Node Type": "Hash Join",
                "Parent Relationship": "Outer",
                "Parallel Aware": true,
                "Join Type": "Inner",
                "Startup Cost": 644145.82,
                "Total Cost": 1016891.46,
                "Plan Rows": 10695718,
                "Plan Width": 0,
                "Actual Startup Time": 5033.499,
                "Actual Total Time": 11788.823,
                "Actual Rows": 32869668,
                "Actual Loops": 2,
                "Inner Unique": false,
                "Hash Cond": "(mi.movie_id = t.id)",
                "Plans": [
                  {
                    "Node Type": "Seq Scan",
                    "Parent Relationship": "Outer",
                    "Parallel Aware": true,
                    "Relation Name": "movie_info",
                    "Alias": "mi",
                    "Startup Cost": 0.0,
                    "Total Cost": 270696.42,
                    "Plan Rows": 5217764,
                    "Plan Width": 4,
                    "Actual Startup Time": 0.019,
                    "Actual Total Time": 754.375,
                    "Actual Rows": 4483347,
                    "Actual Loops": 2,
                    "Filter": "(info_type_id < 15)",
                    "Rows Removed by Filter": 2934513
                  },
                  {
                    "Node Type": "Hash",
                    "Parent Relationship": "Inner",
                    "Parallel Aware": true,
                    "Startup Cost": 606038.01,
                    "Total Cost": 606038.01,
                    "Plan Rows": 3048625,
                    "Plan Width": 8,
                    "Actual Startup Time": 4997.292,
                    "Actual Total Time": 4997.296,
                    "Actual Rows": 2591354,
                    "Actual Loops": 2,
                    "Hash Buckets": 8388608,
                    "Original Hash Buckets": 8388608,
                    "Hash Batches": 1,
                    "Original Hash Batches": 1,
                    "Peak Memory Usage": 268320,
                    "Plans": [
                      {
                        "Node Type": "Hash Join",
                        "Parent Relationship": "Outer",
                        "Parallel Aware": true,
                        "Join Type": "Inner",
                        "Startup Cost": 60132.04,
                        "Total Cost": 606038.01,
                        "Plan Rows": 3048625,
                        "Plan Width": 8,
                        "Actual Startup Time": 719.614,
                        "Actual Total Time": 4071.27,
                        "Actual Rows": 2591354,
                        "Actual Loops": 2,
                        "Inner Unique": true,
                        "Hash Cond": "(ci.movie_id = t.id)",
                        "Plans": [
                          {
                            "Node Type": "Seq Scan",
                            "Parent Relationship": "Outer",
                            "Parallel Aware": true,
                            "Relation Name": "cast_info",
                            "Alias": "ci",
                            "Startup Cost": 0.0,
                            "Total Cost": 519069.44,
                            "Plan Rows": 10223422,
                            "Plan Width": 4,
                            "Actual Startup Time": 456.971,
                            "Actual Total Time": 1518.924,
                            "Actual Rows": 8660154,
                            "Actual Loops": 2,
                            "Filter": "(person_id > 1886072)",
                            "Rows Removed by Filter": 9462018
                          },
                          {
                            "Node Type": "Hash",
                            "Parent Relationship": "Inner",
                            "Parallel Aware": true,
                            "Startup Cost": 54588.39,
                            "Total Cost": 54588.39,
                            "Plan Rows": 443492,
                            "Plan Width": 4,
                            "Actual Startup Time": 259.632,
                            "Actual Total Time": 259.633,
                            "Actual Rows": 376838,
                            "Actual Loops": 2,
                            "Hash Buckets": 1048576,
                            "Original Hash Buckets": 1048576,
                            "Hash Batches": 1,
                            "Original Hash Batches": 1,
                            "Peak Memory Usage": 37696,
                            "Plans": [
                              {
                                "Node Type": "Seq Scan",
                                "Parent Relationship": "Outer",
                                "Parallel Aware": true,
                                "Relation Name": "title",
                                "Alias": "t",
                                "Startup Cost": 0.0,
                                "Total Cost": 54588.39,
                                "Plan Rows": 443492,
                                "Plan Width": 4,
                                "Actual Startup Time": 0.036,
                                "Actual Total Time": 148.552,
                                "Actual Rows": 376838,
                                "Actual Loops": 2,
                                "Filter": "(kind_id < 3)",
                                "Rows Removed by Filter": 887318
                              }
                            ]
                          }
                        ]
                      }
                    ]
                  }
                ]
              }
            ]
          }
        ]
      }
    ]
  },
  "Planning Time": 0.954,
  "Triggers": [],
  "Execution Time": 13269.955
}