{
    "Plan": {
        "Node Type": "Aggregate",
        "Strategy": "Plain",
        "Partial Mode": "Finalize",
        "Parallel Aware": false,
        "Startup Cost": 249777.8,
        "Total Cost": 249777.81,
        "Plan Rows": 1,
        "Plan Width": 8,
        "Actual Startup Time": 506.741,
        "Actual Total Time": 535.253,
        "Actual Rows": 1,
        "Actual Loops": 1,
        "Output": [
            "count(*)"
        ],
        "Plans": [
            {
                "Node Type": "Gather",
                "Parent Relationship": "Outer",
                "Parallel Aware": false,
                "Startup Cost": 249777.17,
                "Total Cost": 249777.78,
                "Plan Rows": 6,
                "Plan Width": 8,
                "Actual Startup Time": 506.099,
                "Actual Total Time": 535.243,
                "Actual Rows": 7,
                "Actual Loops": 1,
                "Output": [
                    "(PARTIAL count(*))"
                ],
                "Workers Planned": 6,
                "Workers Launched": 6,
                "Single Copy": false,
                "Plans": [
                    {
                        "Node Type": "Aggregate",
                        "Strategy": "Plain",
                        "Partial Mode": "Partial",
                        "Parent Relationship": "Outer",
                        "Parallel Aware": false,
                        "Startup Cost": 248777.17,
                        "Total Cost": 248777.18,
                        "Plan Rows": 1,
                        "Plan Width": 8,
                        "Actual Startup Time": 494.782,
                        "Actual Total Time": 494.785,
                        "Actual Rows": 1,
                        "Actual Loops": 7,
                        "Output": [
                            "PARTIAL count(*)"
                        ],
                        "Workers": [
                            {
                                "Worker Number": 0,
                                "Actual Startup Time": 492.258,
                                "Actual Total Time": 492.261,
                                "Actual Rows": 1,
                                "Actual Loops": 1
                            },
                            {
                                "Worker Number": 1,
                                "Actual Startup Time": 492.359,
                                "Actual Total Time": 492.363,
                                "Actual Rows": 1,
                                "Actual Loops": 1
                            },
                            {
                                "Worker Number": 2,
                                "Actual Startup Time": 493.198,
                                "Actual Total Time": 493.2,
                                "Actual Rows": 1,
                                "Actual Loops": 1
                            },
                            {
                                "Worker Number": 3,
                                "Actual Startup Time": 493.399,
                                "Actual Total Time": 493.401,
                                "Actual Rows": 1,
                                "Actual Loops": 1
                            },
                            {
                                "Worker Number": 4,
                                "Actual Startup Time": 493.513,
                                "Actual Total Time": 493.516,
                                "Actual Rows": 1,
                                "Actual Loops": 1
                            },
                            {
                                "Worker Number": 5,
                                "Actual Startup Time": 493.633,
                                "Actual Total Time": 493.637,
                                "Actual Rows": 1,
                                "Actual Loops": 1
                            }
                        ],
                        "Plans": [
                            {
                                "Node Type": "Hash Join",
                                "Parent Relationship": "Outer",
                                "Parallel Aware": true,
                                "Join Type": "Inner",
                                "Startup Cost": 45748.02,
                                "Total Cost": 248707.79,
                                "Plan Rows": 27752,
                                "Plan Width": 0,
                                "Actual Startup Time": 79.034,
                                "Actual Total Time": 492.158,
                                "Actual Rows": 45162,
                                "Actual Loops": 7,
                                "Inner Unique": true,
                                "Hash Cond": "(ci.movie_id = t.id)",
                                "Workers": [
                                    {
                                        "Worker Number": 0,
                                        "Actual Startup Time": 76.588,
                                        "Actual Total Time": 489.468,
                                        "Actual Rows": 33398,
                                        "Actual Loops": 1
                                    },
                                    {
                                        "Worker Number": 1,
                                        "Actual Startup Time": 76.756,
                                        "Actual Total Time": 489.99,
                                        "Actual Rows": 45081,
                                        "Actual Loops": 1
                                    },
                                    {
                                        "Worker Number": 2,
                                        "Actual Startup Time": 77.486,
                                        "Actual Total Time": 490.678,
                                        "Actual Rows": 48886,
                                        "Actual Loops": 1
                                    },
                                    {
                                        "Worker Number": 3,
                                        "Actual Startup Time": 77.793,
                                        "Actual Total Time": 490.88,
                                        "Actual Rows": 48746,
                                        "Actual Loops": 1
                                    },
                                    {
                                        "Worker Number": 4,
                                        "Actual Startup Time": 77.786,
                                        "Actual Total Time": 490.865,
                                        "Actual Rows": 52117,
                                        "Actual Loops": 1
                                    },
                                    {
                                        "Worker Number": 5,
                                        "Actual Startup Time": 77.864,
                                        "Actual Total Time": 491.164,
                                        "Actual Rows": 47283,
                                        "Actual Loops": 1
                                    }
                                ],
                                "Plans": [
                                    {
                                        "Node Type": "Index Scan",
                                        "Parent Relationship": "Outer",
                                        "Parallel Aware": true,
                                        "Scan Direction": "Forward",
                                        "Index Name": "role_id_cast_info",
                                        "Relation Name": "cast_info",
                                        "Schema": "public",
                                        "Alias": "ci",
                                        "Startup Cost": 0.56,
                                        "Total Cost": 200814.65,
                                        "Plan Rows": 817402,
                                        "Plan Width": 4,
                                        "Actual Startup Time": 0.19,
                                        "Actual Total Time": 253.615,
                                        "Actual Rows": 1064258,
                                        "Actual Loops": 7,
                                        "Output": [
                                            "ci.id",
                                            "ci.person_id",
                                            "ci.movie_id",
                                            "ci.person_role_id",
                                            "ci.note",
                                            "ci.nr_order",
                                            "ci.role_id"
                                        ],
                                        "Index Cond": "(ci.role_id = 2)",
                                        "Rows Removed by Index Recheck": 0,
                                        "Filter": "(ci.person_id > 1231758)",
                                        "Rows Removed by Filter": 310,
                                        "Workers": [
                                            {
                                                "Worker Number": 0,
                                                "Actual Startup Time": 0.341,
                                                "Actual Total Time": 255.513,
                                                "Actual Rows": 764296,
                                                "Actual Loops": 1
                                            },
                                            {
                                                "Worker Number": 1,
                                                "Actual Startup Time": 0.091,
                                                "Actual Total Time": 255.488,
                                                "Actual Rows": 1132934,
                                                "Actual Loops": 1
                                            },
                                            {
                                                "Worker Number": 2,
                                                "Actual Startup Time": 0.293,
                                                "Actual Total Time": 254.794,
                                                "Actual Rows": 1158806,
                                                "Actual Loops": 1
                                            },
                                            {
                                                "Worker Number": 3,
                                                "Actual Startup Time": 0.138,
                                                "Actual Total Time": 253.002,
                                                "Actual Rows": 1155648,
                                                "Actual Loops": 1
                                            },
                                            {
                                                "Worker Number": 4,
                                                "Actual Startup Time": 0.242,
                                                "Actual Total Time": 257.179,
                                                "Actual Rows": 1145946,
                                                "Actual Loops": 1
                                            },
                                            {
                                                "Worker Number": 5,
                                                "Actual Startup Time": 0.186,
                                                "Actual Total Time": 254.441,
                                                "Actual Rows": 1127188,
                                                "Actual Loops": 1
                                            }
                                        ]
                                    },
                                    {
                                        "Node Type": "Hash",
                                        "Parent Relationship": "Inner",
                                        "Parallel Aware": true,
                                        "Startup Cost": 45479.21,
                                        "Total Cost": 45479.21,
                                        "Plan Rows": 21460,
                                        "Plan Width": 4,
                                        "Actual Startup Time": 77.213,
                                        "Actual Total Time": 77.214,
                                        "Actual Rows": 13233,
                                        "Actual Loops": 7,
                                        "Output": [
                                            "t.id"
                                        ],
                                        "Hash Buckets": 131072,
                                        "Original Hash Buckets": 131072,
                                        "Hash Batches": 1,
                                        "Original Hash Batches": 1,
                                        "Peak Memory Usage": 4768,
                                        "Workers": [
                                            {
                                                "Worker Number": 0,
                                                "Actual Startup Time": 75.644,
                                                "Actual Total Time": 75.645,
                                                "Actual Rows": 10150,
                                                "Actual Loops": 1
                                            },
                                            {
                                                "Worker Number": 1,
                                                "Actual Startup Time": 75.755,
                                                "Actual Total Time": 75.756,
                                                "Actual Rows": 11834,
                                                "Actual Loops": 1
                                            },
                                            {
                                                "Worker Number": 2,
                                                "Actual Startup Time": 76.572,
                                                "Actual Total Time": 76.573,
                                                "Actual Rows": 12979,
                                                "Actual Loops": 1
                                            },
                                            {
                                                "Worker Number": 3,
                                                "Actual Startup Time": 76.866,
                                                "Actual Total Time": 76.867,
                                                "Actual Rows": 12584,
                                                "Actual Loops": 1
                                            },
                                            {
                                                "Worker Number": 4,
                                                "Actual Startup Time": 76.867,
                                                "Actual Total Time": 76.868,
                                                "Actual Rows": 12978,
                                                "Actual Loops": 1
                                            },
                                            {
                                                "Worker Number": 5,
                                                "Actual Startup Time": 76.884,
                                                "Actual Total Time": 76.886,
                                                "Actual Rows": 11629,
                                                "Actual Loops": 1
                                            }
                                        ],
                                        "Plans": [
                                            {
                                                "Node Type": "Seq Scan",
                                                "Parent Relationship": "Outer",
                                                "Parallel Aware": true,
                                                "Relation Name": "title",
                                                "Schema": "public",
                                                "Alias": "t",
                                                "Startup Cost": 0.0,
                                                "Total Cost": 45479.21,
                                                "Plan Rows": 21460,
                                                "Plan Width": 4,
                                                "Actual Startup Time": 0.072,
                                                "Actual Total Time": 70.693,
                                                "Actual Rows": 13233,
                                                "Actual Loops": 7,
                                                "Output": [
                                                    "t.id"
                                                ],
                                                "Filter": "((t.kind_id = 7) AND (t.production_year = 2010))",
                                                "Rows Removed by Filter": 347955,
                                                "Workers": [
                                                    {
                                                        "Worker Number": 0,
                                                        "Actual Startup Time": 0.105,
                                                        "Actual Total Time": 69.727,
                                                        "Actual Rows": 10150,
                                                        "Actual Loops": 1
                                                    },
                                                    {
                                                        "Worker Number": 1,
                                                        "Actual Startup Time": 0.089,
                                                        "Actual Total Time": 69.503,
                                                        "Actual Rows": 11834,
                                                        "Actual Loops": 1
                                                    },
                                                    {
                                                        "Worker Number": 2,
                                                        "Actual Startup Time": 0.069,
                                                        "Actual Total Time": 70.487,
                                                        "Actual Rows": 12979,
                                                        "Actual Loops": 1
                                                    },
                                                    {
                                                        "Worker Number": 3,
                                                        "Actual Startup Time": 0.08,
                                                        "Actual Total Time": 69.75,
                                                        "Actual Rows": 12584,
                                                        "Actual Loops": 1
                                                    },
                                                    {
                                                        "Worker Number": 4,
                                                        "Actual Startup Time": 0.075,
                                                        "Actual Total Time": 70.772,
                                                        "Actual Rows": 12978,
                                                        "Actual Loops": 1
                                                    },
                                                    {
                                                        "Worker Number": 5,
                                                        "Actual Startup Time": 0.066,
                                                        "Actual Total Time": 70.445,
                                                        "Actual Rows": 11629,
                                                        "Actual Loops": 1
                                                    }
                                                ]
                                            }
                                        ]
                                    }
                                ]
                            }
                        ]
                    }
                ]
            }
        ]
    },
    "Planning Time": 0.74,
    "Triggers": [],
    "Execution Time": 535.342
}