[
  {
    "Plan": {
      "Node Type": "Aggregate",
      "Strategy": "Plain",
      "Partial Mode": "Finalize",
      "Parallel Aware": false,
      "Startup Cost": 60453.22,
      "Total Cost": 60453.23,
      "Plan Rows": 1,
      "Plan Width": 8,
      "Actual Startup Time": 208.539,
      "Actual Total Time": 222.161,
      "Actual Rows": 1,
      "Actual Loops": 1,
      "Plans": [
        {
          "Node Type": "Gather",
          "Parent Relationship": "Outer",
          "Parallel Aware": false,
          "Startup Cost": 60453.01,
          "Total Cost": 60453.22,
          "Plan Rows": 2,
          "Plan Width": 8,
          "Actual Startup Time": 208.043,
          "Actual Total Time": 222.152,
          "Actual Rows": 3,
          "Actual Loops": 1,
          "Workers Planned": 2,
          "Workers Launched": 2,
          "Single Copy": false,
          "Plans": [
            {
              "Node Type": "Aggregate",
              "Strategy": "Plain",
              "Partial Mode": "Partial",
              "Parent Relationship": "Outer",
              "Parallel Aware": false,
              "Startup Cost": 59453.01,
              "Total Cost": 59453.02,
              "Plan Rows": 1,
              "Plan Width": 8,
              "Actual Startup Time": 200.537,
              "Actual Total Time": 200.54,
              "Actual Rows": 1,
              "Actual Loops": 3,
              "Plans": [
                {
                  "Node Type": "Hash Join",
                  "Parent Relationship": "Outer",
                  "Parallel Aware": true,
                  "Join Type": "Inner",
                  "Startup Cost": 44203.1,
                  "Total Cost": 59397.66,
                  "Plan Rows": 22138,
                  "Plan Width": 0,
                  "Actual Startup Time": 122.652,
                  "Actual Total Time": 199.672,
                  "Actual Rows": 19290,
                  "Actual Loops": 3,
                  "Inner Unique": true,
                  "Hash Cond": "(mi_idx.movie_id = t.id)",
                  "Plans": [
                    {
                      "Node Type": "Seq Scan",
                      "Parent Relationship": "Outer",
                      "Parallel Aware": true,
                      "Relation Name": "movie_info_idx",
                      "Alias": "mi_idx",
                      "Startup Cost": 0.0,
                      "Total Cost": 13685.15,
                      "Plan Rows": 575015,
                      "Plan Width": 4,
                      "Actual Startup Time": 0.026,
                      "Actual Total Time": 34.594,
                      "Actual Rows": 460012,
                      "Actual Loops": 3
                    },
                    {
                      "Node Type": "Hash",
                      "Parent Relationship": "Inner",
                      "Parallel Aware": true,
                      "Startup Cost": 43898.92,
                      "Total Cost": 43898.92,
                      "Plan Rows": 24335,
                      "Plan Width": 4,
                      "Actual Startup Time": 120.453,
                      "Actual Total Time": 120.453,
                      "Actual Rows": 31668,
                      "Actual Loops": 3,
                      "Hash Buckets": 131072,
                      "Original Hash Buckets": 131072,
                      "Hash Batches": 1,
                      "Original Hash Batches": 1,
                      "Peak Memory Usage": 4800,
                      "Plans": [
                        {
                          "Node Type": "Seq Scan",
                          "Parent Relationship": "Outer",
                          "Parallel Aware": true,
                          "Relation Name": "title",
                          "Alias": "t",
                          "Startup Cost": 0.0,
                          "Total Cost": 43898.92,
                          "Plan Rows": 24335,
                          "Plan Width": 4,
                          "Actual Startup Time": 0.042,
                          "Actual Total Time": 108.624,
                          "Actual Rows": 31668,
                          "Actual Loops": 3,
                          "Filter": "(production_year = 2005)",
                          "Rows Removed by Filter": 811102
                        }
                      ]
                    }
                  ]
                }
              ]
            }
          ]
        }
      ]
    },
    "Planning Time": 0.479,
    "Triggers": [],
    "Execution Time": 222.222
  }
]