[
  {
    "Plan": {
      "Node Type": "Aggregate",
      "Strategy": "Plain",
      "Partial Mode": "Finalize",
      "Parallel Aware": false,
      "Startup Cost": 31538.26,
      "Total Cost": 31538.27,
      "Plan Rows": 1,
      "Plan Width": 8,
      "Actual Startup Time": 87.408,
      "Actual Total Time": 95.461,
      "Actual Rows": 1,
      "Actual Loops": 1,
      "Plans": [
        {
          "Node Type": "Gather",
          "Parent Relationship": "Outer",
          "Parallel Aware": false,
          "Startup Cost": 31537.84,
          "Total Cost": 31538.25,
          "Plan Rows": 4,
          "Plan Width": 8,
          "Actual Startup Time": 87.259,
          "Actual Total Time": 95.452,
          "Actual Rows": 5,
          "Actual Loops": 1,
          "Workers Planned": 4,
          "Workers Launched": 4,
          "Single Copy": false,
          "Plans": [
            {
              "Node Type": "Aggregate",
              "Strategy": "Plain",
              "Partial Mode": "Partial",
              "Parent Relationship": "Outer",
              "Parallel Aware": false,
              "Startup Cost": 30537.84,
              "Total Cost": 30537.85,
              "Plan Rows": 1,
              "Plan Width": 8,
              "Actual Startup Time": 78.166,
              "Actual Total Time": 78.167,
              "Actual Rows": 1,
              "Actual Loops": 5,
              "Plans": [
                {
                  "Node Type": "Index Scan",
                  "Parent Relationship": "Outer",
                  "Parallel Aware": true,
                  "Scan Direction": "Forward",
                  "Index Name": "role_id_cast_info",
                  "Relation Name": "cast_info",
                  "Alias": "ci",
                  "Startup Cost": 0.56,
                  "Total Cost": 29878.05,
                  "Plan Rows": 263915,
                  "Plan Width": 0,
                  "Actual Startup Time": 0.146,
                  "Actual Total Time": 64.696,
                  "Actual Rows": 217336,
                  "Actual Loops": 5,
                  "Index Cond": "(role_id = 9)",
                  "Rows Removed by Index Recheck": 0,
                  "Filter": "(person_id > 58314)",
                  "Rows Removed by Filter": 1375
                }
              ]
            }
          ]
        }
      ]
    },
    "Planning Time": 0.197,
    "Triggers": [],
    "Execution Time": 95.518
  }
]