[
    {
        "Bao": {
            "Bao prediction": "NaN",
            "Bao recommended hint": "(no hint)"
        }
    },
    {
        "Plan": {
            "Node Type": "Aggregate",
            "Strategy": "Plain",
            "Partial Mode": "Finalize",
            "Parallel Aware": false,
            "Startup Cost": 259800.54,
            "Total Cost": 259800.55,
            "Plan Rows": 1,
            "Plan Width": 8,
            "Actual Startup Time": 1250.421,
            "Actual Total Time": 1275.549,
            "Actual Rows": 1,
            "Actual Loops": 1,
            "Output": [
                "count(*)"
            ],
            "Plans": [
                {
                    "Node Type": "Gather",
                    "Parent Relationship": "Outer",
                    "Parallel Aware": false,
                    "Startup Cost": 259800.02,
                    "Total Cost": 259800.53,
                    "Plan Rows": 5,
                    "Plan Width": 8,
                    "Actual Startup Time": 1224.34,
                    "Actual Total Time": 1275.538,
                    "Actual Rows": 6,
                    "Actual Loops": 1,
                    "Output": [
                        "(PARTIAL count(*))"
                    ],
                    "Workers Planned": 5,
                    "Workers Launched": 5,
                    "Single Copy": false,
                    "Plans": [
                        {
                            "Node Type": "Aggregate",
                            "Strategy": "Plain",
                            "Partial Mode": "Partial",
                            "Parent Relationship": "Outer",
                            "Parallel Aware": false,
                            "Startup Cost": 258800.02,
                            "Total Cost": 258800.03,
                            "Plan Rows": 1,
                            "Plan Width": 8,
                            "Actual Startup Time": 1203.45,
                            "Actual Total Time": 1203.453,
                            "Actual Rows": 1,
                            "Actual Loops": 6,
                            "Output": [
                                "PARTIAL count(*)"
                            ],
                            "Workers": [
                                {
                                    "Worker Number": 0,
                                    "Actual Startup Time": 1199.222,
                                    "Actual Total Time": 1199.225,
                                    "Actual Rows": 1,
                                    "Actual Loops": 1
                                },
                                {
                                    "Worker Number": 1,
                                    "Actual Startup Time": 1199.274,
                                    "Actual Total Time": 1199.277,
                                    "Actual Rows": 1,
                                    "Actual Loops": 1
                                },
                                {
                                    "Worker Number": 2,
                                    "Actual Startup Time": 1199.431,
                                    "Actual Total Time": 1199.434,
                                    "Actual Rows": 1,
                                    "Actual Loops": 1
                                },
                                {
                                    "Worker Number": 3,
                                    "Actual Startup Time": 1199.434,
                                    "Actual Total Time": 1199.438,
                                    "Actual Rows": 1,
                                    "Actual Loops": 1
                                },
                                {
                                    "Worker Number": 4,
                                    "Actual Startup Time": 1199.673,
                                    "Actual Total Time": 1199.676,
                                    "Actual Rows": 1,
                                    "Actual Loops": 1
                                }
                            ],
                            "Plans": [
                                {
                                    "Node Type": "Hash Join",
                                    "Parent Relationship": "Outer",
                                    "Parallel Aware": true,
                                    "Join Type": "Inner",
                                    "Startup Cost": 50219.81,
                                    "Total Cost": 254068.57,
                                    "Plan Rows": 1892579,
                                    "Plan Width": 0,
                                    "Actual Startup Time": 289.356,
                                    "Actual Total Time": 1126.122,
                                    "Actual Rows": 1570867,
                                    "Actual Loops": 6,
                                    "Inner Unique": true,
                                    "Hash Cond": "(mi.movie_id = t.id)",
                                    "Workers": [
                                        {
                                            "Worker Number": 0,
                                            "Actual Startup Time": 285.469,
                                            "Actual Total Time": 1125.116,
                                            "Actual Rows": 1705115,
                                            "Actual Loops": 1
                                        },
                                        {
                                            "Worker Number": 1,
                                            "Actual Startup Time": 285.531,
                                            "Actual Total Time": 1125.001,
                                            "Actual Rows": 1711002,
                                            "Actual Loops": 1
                                        },
                                        {
                                            "Worker Number": 2,
                                            "Actual Startup Time": 285.681,
                                            "Actual Total Time": 1127.213,
                                            "Actual Rows": 1693699,
                                            "Actual Loops": 1
                                        },
                                        {
                                            "Worker Number": 3,
                                            "Actual Startup Time": 285.681,
                                            "Actual Total Time": 1125.565,
                                            "Actual Rows": 1700705,
                                            "Actual Loops": 1
                                        },
                                        {
                                            "Worker Number": 4,
                                            "Actual Startup Time": 285.932,
                                            "Actual Total Time": 1116.696,
                                            "Actual Rows": 1209209,
                                            "Actual Loops": 1
                                        }
                                    ],
                                    "Plans": [
                                        {
                                            "Node Type": "Seq Scan",
                                            "Parent Relationship": "Outer",
                                            "Parallel Aware": true,
                                            "Relation Name": "movie_info",
                                            "Schema": "public",
                                            "Alias": "mi",
                                            "Startup Cost": 0.0,
                                            "Total Cost": 198880.74,
                                            "Plan Rows": 1892579,
                                            "Plan Width": 4,
                                            "Actual Startup Time": 16.977,
                                            "Actual Total Time": 335.753,
                                            "Actual Rows": 1570867,
                                            "Actual Loops": 6,
                                            "Output": [
                                                "mi.id",
                                                "mi.movie_id",
                                                "mi.info_type_id",
                                                "mi.info",
                                                "mi.note"
                                            ],
                                            "Filter": "(mi.info_type_id > 5)",
                                            "Rows Removed by Filter": 901753,
                                            "Workers": [
                                                {
                                                    "Worker Number": 0,
                                                    "Actual Startup Time": 17.065,
                                                    "Actual Total Time": 334.304,
                                                    "Actual Rows": 1705115,
                                                    "Actual Loops": 1
                                                },
                                                {
                                                    "Worker Number": 1,
                                                    "Actual Startup Time": 16.918,
                                                    "Actual Total Time": 335.345,
                                                    "Actual Rows": 1711002,
                                                    "Actual Loops": 1
                                                },
                                                {
                                                    "Worker Number": 2,
                                                    "Actual Startup Time": 16.901,
                                                    "Actual Total Time": 340.493,
                                                    "Actual Rows": 1693699,
                                                    "Actual Loops": 1
                                                },
                                                {
                                                    "Worker Number": 3,
                                                    "Actual Startup Time": 17.028,
                                                    "Actual Total Time": 333.85,
                                                    "Actual Rows": 1700705,
                                                    "Actual Loops": 1
                                                },
                                                {
                                                    "Worker Number": 4,
                                                    "Actual Startup Time": 16.916,
                                                    "Actual Total Time": 361.59,
                                                    "Actual Rows": 1209209,
                                                    "Actual Loops": 1
                                                }
                                            ]
                                        },
                                        {
                                            "Node Type": "Hash",
                                            "Parent Relationship": "Inner",
                                            "Parallel Aware": true,
                                            "Startup Cost": 42318.81,
                                            "Total Cost": 42318.81,
                                            "Plan Rows": 632080,
                                            "Plan Width": 4,
                                            "Actual Startup Time": 264.291,
                                            "Actual Total Time": 264.292,
                                            "Actual Rows": 421385,
                                            "Actual Loops": 6,
                                            "Output": [
                                                "t.id"
                                            ],
                                            "Hash Buckets": 4194304,
                                            "Original Hash Buckets": 4194304,
                                            "Hash Batches": 1,
                                            "Original Hash Batches": 1,
                                            "Peak Memory Usage": 131776,
                                            "Workers": [
                                                {
                                                    "Worker Number": 0,
                                                    "Actual Startup Time": 267.655,
                                                    "Actual Total Time": 267.656,
                                                    "Actual Rows": 444914,
                                                    "Actual Loops": 1
                                                },
                                                {
                                                    "Worker Number": 1,
                                                    "Actual Startup Time": 267.69,
                                                    "Actual Total Time": 267.691,
                                                    "Actual Rows": 444219,
                                                    "Actual Loops": 1
                                                },
                                                {
                                                    "Worker Number": 2,
                                                    "Actual Startup Time": 267.819,
                                                    "Actual Total Time": 267.82,
                                                    "Actual Rows": 441221,
                                                    "Actual Loops": 1
                                                },
                                                {
                                                    "Worker Number": 3,
                                                    "Actual Startup Time": 267.785,
                                                    "Actual Total Time": 267.786,
                                                    "Actual Rows": 442298,
                                                    "Actual Loops": 1
                                                },
                                                {
                                                    "Worker Number": 4,
                                                    "Actual Startup Time": 268.042,
                                                    "Actual Total Time": 268.043,
                                                    "Actual Rows": 329797,
                                                    "Actual Loops": 1
                                                }
                                            ],
                                            "Plans": [
                                                {
                                                    "Node Type": "Seq Scan",
                                                    "Parent Relationship": "Outer",
                                                    "Parallel Aware": true,
                                                    "Relation Name": "title",
                                                    "Schema": "public",
                                                    "Alias": "t",
                                                    "Startup Cost": 0.0,
                                                    "Total Cost": 42318.81,
                                                    "Plan Rows": 632080,
                                                    "Plan Width": 4,
                                                    "Actual Startup Time": 0.048,
                                                    "Actual Total Time": 75.13,
                                                    "Actual Rows": 421385,
                                                    "Actual Loops": 6,
                                                    "Output": [
                                                        "t.id"
                                                    ],
                                                    "Workers": [
                                                        {
                                                            "Worker Number": 0,
                                                            "Actual Startup Time": 0.05,
                                                            "Actual Total Time": 75.716,
                                                            "Actual Rows": 444914,
                                                            "Actual Loops": 1
                                                        },
                                                        {
                                                            "Worker Number": 1,
                                                            "Actual Startup Time": 0.063,
                                                            "Actual Total Time": 75.53,
                                                            "Actual Rows": 444219,
                                                            "Actual Loops": 1
                                                        },
                                                        {
                                                            "Worker Number": 2,
                                                            "Actual Startup Time": 0.046,
                                                            "Actual Total Time": 75.36,
                                                            "Actual Rows": 441221,
                                                            "Actual Loops": 1
                                                        },
                                                        {
                                                            "Worker Number": 3,
                                                            "Actual Startup Time": 0.056,
                                                            "Actual Total Time": 76.234,
                                                            "Actual Rows": 442298,
                                                            "Actual Loops": 1
                                                        },
                                                        {
                                                            "Worker Number": 4,
                                                            "Actual Startup Time": 0.059,
                                                            "Actual Total Time": 82.661,
                                                            "Actual Rows": 329797,
                                                            "Actual Loops": 1
                                                        }
                                                    ]
                                                }
                                            ]
                                        }
                                    ]
                                }
                            ]
                        }
                    ]
                }
            ]
        },
        "Planning Time": 239.199,
        "Triggers": [],
        "Execution Time": 1275.642
    }
]