{
  "Plan": {
    "Node Type": "Aggregate",
    "Strategy": "Plain",
    "Partial Mode": "Finalize",
    "Parallel Aware": false,
    "Startup Cost": 611878.76,
    "Total Cost": 611878.77,
    "Plan Rows": 1,
    "Plan Width": 8,
    "Actual Startup Time": 3518.374,
    "Actual Total Time": 3564.914,
    "Actual Rows": 1,
    "Actual Loops": 1,
    "Plans": [
      {
        "Node Type": "Gather",
        "Parent Relationship": "Outer",
        "Parallel Aware": false,
        "Startup Cost": 611878.65,
        "Total Cost": 611878.76,
        "Plan Rows": 1,
        "Plan Width": 8,
        "Actual Startup Time": 3518.113,
        "Actual Total Time": 3564.906,
        "Actual Rows": 2,
        "Actual Loops": 1,
        "Workers Planned": 1,
        "Workers Launched": 1,
        "Single Copy": false,
        "Plans": [
          {
            "Node Type": "Aggregate",
            "Strategy": "Plain",
            "Partial Mode": "Partial",
            "Parent Relationship": "Outer",
            "Parallel Aware": false,
            "Startup Cost": 610878.65,
            "Total Cost": 610878.66,
            "Plan Rows": 1,
            "Plan Width": 8,
            "Actual Startup Time": 3512.107,
            "Actual Total Time": 3512.11,
            "Actual Rows": 1,
            "Actual Loops": 2,
            "Plans": [
              {
                "Node Type": "Hash Join",
                "Parent Relationship": "Outer",
                "Parallel Aware": true,
                "Join Type": "Inner",
                "Startup Cost": 40006.56,
                "Total Cost": 608599.02,
                "Plan Rows": 911852,
                "Plan Width": 0,
                "Actual Startup Time": 157.952,
                "Actual Total Time": 3485.693,
                "Actual Rows": 606840,
                "Actual Loops": 2,
                "Inner Unique": true,
                "Hash Cond": "(ci.movie_id = t.id)",
                "Plans": [
                  {
                    "Node Type": "Seq Scan",
                    "Parent Relationship": "Outer",
                    "Parallel Aware": true,
                    "Relation Name": "cast_info",
                    "Alias": "ci",
                    "Startup Cost": 0.0,
                    "Total Cost": 519069.44,
                    "Plan Rows": 18865881,
                    "Plan Width": 4,
                    "Actual Startup Time": 92.189,
                    "Actual Total Time": 1576.171,
                    "Actual Rows": 15987244,
                    "Actual Loops": 2,
                    "Filter": "(person_id > 411614)",
                    "Rows Removed by Filter": 2134928
                  },
                  {
                    "Node Type": "Hash",
                    "Parent Relationship": "Inner",
                    "Parallel Aware": true,
                    "Startup Cost": 39108.02,
                    "Total Cost": 39108.02,
                    "Plan Rows": 71883,
                    "Plan Width": 4,
                    "Actual Startup Time": 63.396,
                    "Actual Total Time": 63.397,
                    "Actual Rows": 59117,
                    "Actual Loops": 2,
                    "Hash Buckets": 131072,
                    "Original Hash Buckets": 131072,
                    "Hash Batches": 1,
                    "Original Hash Batches": 1,
                    "Peak Memory Usage": 5696,
                    "Plans": [
                      {
                        "Node Type": "Bitmap Heap Scan",
                        "Parent Relationship": "Outer",
                        "Parallel Aware": true,
                        "Relation Name": "title",
                        "Alias": "t",
                        "Startup Cost": 2211.49,
                        "Total Cost": 39108.02,
                        "Plan Rows": 71883,
                        "Plan Width": 4,
                        "Actual Startup Time": 14.653,
                        "Actual Total Time": 49.248,
                        "Actual Rows": 59117,
                        "Actual Loops": 2,
                        "Recheck Cond": "(kind_id = 4)",
                        "Rows Removed by Index Recheck": 0,
                        "Exact Heap Blocks": 9899,
                        "Lossy Heap Blocks": 0,
                        "Plans": [
                          {
                            "Node Type": "Bitmap Index Scan",
                            "Parent Relationship": "Outer",
                            "Parallel Aware": false,
                            "Index Name": "kind_id_title",
                            "Startup Cost": 0.0,
                            "Total Cost": 2180.94,
                            "Plan Rows": 122201,
                            "Plan Width": 0,
                            "Actual Startup Time": 14.441,
                            "Actual Total Time": 14.441,
                            "Actual Rows": 118234,
                            "Actual Loops": 1,
                            "Index Cond": "(kind_id = 4)"
                          }
                        ]
                      }
                    ]
                  }
                ]
              }
            ]
          }
        ]
      }
    ]
  },
  "Planning Time": 0.464,
  "Triggers": [],
  "Execution Time": 3565.018
}