[
  {
    "Plan": {
      "Node Type": "Aggregate",
      "Strategy": "Plain",
      "Partial Mode": "Finalize",
      "Parallel Aware": false,
      "Startup Cost": 317410.63,
      "Total Cost": 317410.64,
      "Plan Rows": 1,
      "Plan Width": 8,
      "Actual Startup Time": 211.51,
      "Actual Total Time": 251.618,
      "Actual Rows": 1,
      "Actual Loops": 1,
      "Plans": [
        {
          "Node Type": "Gather",
          "Parent Relationship": "Outer",
          "Parallel Aware": false,
          "Startup Cost": 317410.21,
          "Total Cost": 317410.62,
          "Plan Rows": 4,
          "Plan Width": 8,
          "Actual Startup Time": 211.271,
          "Actual Total Time": 251.61,
          "Actual Rows": 5,
          "Actual Loops": 1,
          "Workers Planned": 4,
          "Workers Launched": 4,
          "Single Copy": false,
          "Plans": [
            {
              "Node Type": "Aggregate",
              "Strategy": "Plain",
              "Partial Mode": "Partial",
              "Parent Relationship": "Outer",
              "Parallel Aware": false,
              "Startup Cost": 316410.21,
              "Total Cost": 316410.22,
              "Plan Rows": 1,
              "Plan Width": 8,
              "Actual Startup Time": 204.563,
              "Actual Total Time": 204.564,
              "Actual Rows": 1,
              "Actual Loops": 5,
              "Plans": [
                {
                  "Node Type": "Nested Loop",
                  "Parent Relationship": "Outer",
                  "Parallel Aware": false,
                  "Join Type": "Inner",
                  "Startup Cost": 0.56,
                  "Total Cost": 316326.68,
                  "Plan Rows": 33414,
                  "Plan Width": 0,
                  "Actual Startup Time": 51.255,
                  "Actual Total Time": 202.815,
                  "Actual Rows": 21629,
                  "Actual Loops": 5,
                  "Inner Unique": false,
                  "Plans": [
                    {
                      "Node Type": "Seq Scan",
                      "Parent Relationship": "Outer",
                      "Parallel Aware": true,
                      "Relation Name": "title",
                      "Alias": "t",
                      "Startup Cost": 0.0,
                      "Total Cost": 45479.59,
                      "Plan Rows": 3587,
                      "Plan Width": 4,
                      "Actual Startup Time": 51.11,
                      "Actual Total Time": 72.656,
                      "Actual Rows": 1620,
                      "Actual Loops": 5,
                      "Filter": "((kind_id < 2) AND (production_year = 2000))",
                      "Rows Removed by Filter": 504042
                    },
                    {
                      "Node Type": "Index Scan",
                      "Parent Relationship": "Inner",
                      "Parallel Aware": false,
                      "Scan Direction": "Forward",
                      "Index Name": "movie_id_cast_info",
                      "Relation Name": "cast_info",
                      "Alias": "ci",
                      "Startup Cost": 0.56,
                      "Total Cost": 75.28,
                      "Plan Rows": 23,
                      "Plan Width": 4,
                      "Actual Startup Time": 0.029,
                      "Actual Total Time": 0.079,
                      "Actual Rows": 13,
                      "Actual Loops": 8100,
                      "Index Cond": "(movie_id = t.id)",
                      "Rows Removed by Index Recheck": 0,
                      "Filter": "(person_id > 1264577)",
                      "Rows Removed by Filter": 7
                    }
                  ]
                }
              ]
            }
          ]
        }
      ]
    },
    "Planning Time": 0.258,
    "Triggers": [],
    "Execution Time": 251.672
  }
]