{
  "Plan": {
    "Node Type": "Aggregate",
    "Strategy": "Plain",
    "Partial Mode": "Finalize",
    "Parallel Aware": false,
    "Startup Cost": 1059614.7,
    "Total Cost": 1059614.71,
    "Plan Rows": 1,
    "Plan Width": 8,
    "Actual Startup Time": 4193.15,
    "Actual Total Time": 4194.884,
    "Actual Rows": 1,
    "Actual Loops": 1,
    "Plans": [
      {
        "Node Type": "Gather",
        "Parent Relationship": "Outer",
        "Parallel Aware": false,
        "Startup Cost": 1059614.59,
        "Total Cost": 1059614.7,
        "Plan Rows": 1,
        "Plan Width": 8,
        "Actual Startup Time": 4193.14,
        "Actual Total Time": 4194.878,
        "Actual Rows": 2,
        "Actual Loops": 1,
        "Workers Planned": 1,
        "Workers Launched": 1,
        "Single Copy": false,
        "Plans": [
          {
            "Node Type": "Aggregate",
            "Strategy": "Plain",
            "Partial Mode": "Partial",
            "Parent Relationship": "Outer",
            "Parallel Aware": false,
            "Startup Cost": 1058614.59,
            "Total Cost": 1058614.6,
            "Plan Rows": 1,
            "Plan Width": 8,
            "Actual Startup Time": 4039.117,
            "Actual Total Time": 4039.12,
            "Actual Rows": 1,
            "Actual Loops": 2,
            "Plans": [
              {
                "Node Type": "Merge Join",
                "Parent Relationship": "Outer",
                "Parallel Aware": false,
                "Join Type": "Inner",
                "Startup Cost": 871927.69,
                "Total Cost": 1056477.81,
                "Plan Rows": 854711,
                "Plan Width": 0,
                "Actual Startup Time": 2014.043,
                "Actual Total Time": 3880.464,
                "Actual Rows": 3865036,
                "Actual Loops": 2,
                "Inner Unique": false,
                "Merge Cond": "(t.id = mc.movie_id)",
                "Plans": [
                  {
                    "Node Type": "Merge Join",
                    "Parent Relationship": "Outer",
                    "Parallel Aware": false,
                    "Join Type": "Inner",
                    "Startup Cost": 871926.65,
                    "Total Cost": 899307.66,
                    "Plan Rows": 828230,
                    "Plan Width": 8,
                    "Actual Startup Time": 1770.951,
                    "Actual Total Time": 2266.225,
                    "Actual Rows": 834010,
                    "Actual Loops": 2,
                    "Inner Unique": true,
                    "Merge Cond": "(ci.movie_id = t.id)",
                    "Plans": [
                      {
                        "Node Type": "Sort",
                        "Parent Relationship": "Outer",
                        "Parallel Aware": false,
                        "Startup Cost": 751514.73,
                        "Total Cost": 759407.64,
                        "Plan Rows": 3157164,
                        "Plan Width": 4,
                        "Actual Startup Time": 1265.548,
                        "Actual Total Time": 1595.438,
                        "Actual Rows": 2765378,
                        "Actual Loops": 2,
                        "Sort Key": [
                          "ci.movie_id"
                        ],
                        "Sort Method": "quicksort",
                        "Sort Space Used": 236210,
                        "Sort Space Type": "Memory",
                        "Workers": [
                          {
                            "Worker Number": 0,
                            "Sort Method": "quicksort",
                            "Sort Space Used": 219659,
                            "Sort Space Type": "Memory"
                          }
                        ],
                        "Plans": [
                          {
                            "Node Type": "Bitmap Heap Scan",
                            "Parent Relationship": "Outer",
                            "Parallel Aware": true,
                            "Relation Name": "cast_info",
                            "Alias": "ci",
                            "Startup Cost": 118544.2,
                            "Total Cost": 410695.75,
                            "Plan Rows": 3157164,
                            "Plan Width": 4,
                            "Actual Startup Time": 240.548,
                            "Actual Total Time": 584.734,
                            "Actual Rows": 2765448,
                            "Actual Loops": 2,
                            "Recheck Cond": "(person_id < 533910)",
                            "Rows Removed by Index Recheck": 0,
                            "Exact Heap Blocks": 31254,
                            "Lossy Heap Blocks": 0,
                            "Plans": [
                              {
                                "Node Type": "Bitmap Index Scan",
                                "Parent Relationship": "Outer",
                                "Parallel Aware": false,
                                "Index Name": "person_id_cast_info",
                                "Startup Cost": 0.0,
                                "Total Cost": 117202.41,
                                "Plan Rows": 5367179,
                                "Plan Width": 0,
                                "Actual Startup Time": 236.253,
                                "Actual Total Time": 236.254,
                                "Actual Rows": 5530895,
                                "Actual Loops": 1,
                                "Index Cond": "(person_id < 533910)"
                              }
                            ]
                          }
                        ]
                      },
                      {
                        "Node Type": "Sort",
                        "Parent Relationship": "Inner",
                        "Parallel Aware": false,
                        "Startup Cost": 120411.59,
                        "Total Cost": 122069.73,
                        "Plan Rows": 663256,
                        "Plan Width": 4,
                        "Actual Startup Time": 274.371,
                        "Actual Total Time": 372.886,
                        "Actual Rows": 661643,
                        "Actual Loops": 2,
                        "Sort Key": [
                          "t.id"
                        ],
                        "Sort Method": "quicksort",
                        "Sort Space Used": 55646,
                        "Sort Space Type": "Memory",
                        "Workers": [
                          {
                            "Worker Number": 0,
                            "Sort Method": "quicksort",
                            "Sort Space Used": 55646,
                            "Sort Space Type": "Memory"
                          }
                        ],
                        "Plans": [
                          {
                            "Node Type": "Bitmap Heap Scan",
                            "Parent Relationship": "Outer",
                            "Parallel Aware": false,
                            "Relation Name": "title",
                            "Alias": "t",
                            "Startup Cost": 11988.66,
                            "Total Cost": 56277.36,
                            "Plan Rows": 663256,
                            "Plan Width": 4,
                            "Actual Startup Time": 20.653,
                            "Actual Total Time": 112.979,
                            "Actual Rows": 662825,
                            "Actual Loops": 2,
                            "Recheck Cond": "(kind_id = 1)",
                            "Rows Removed by Index Recheck": 0,
                            "Exact Heap Blocks": 12863,
                            "Lossy Heap Blocks": 0,
                            "Plans": [
                              {
                                "Node Type": "Bitmap Index Scan",
                                "Parent Relationship": "Outer",
                                "Parallel Aware": false,
                                "Index Name": "kind_id_title",
                                "Startup Cost": 0.0,
                                "Total Cost": 11822.85,
                                "Plan Rows": 663256,
                                "Plan Width": 0,
                                "Actual Startup Time": 19.197,
                                "Actual Total Time": 19.197,
                                "Actual Rows": 662825,
                                "Actual Loops": 2,
                                "Index Cond": "(kind_id = 1)"
                              }
                            ]
                          }
                        ]
                      }
                    ]
                  },
                  {
                    "Node Type": "Index Only Scan",
                    "Parent Relationship": "Inner",
                    "Parallel Aware": false,
                    "Scan Direction": "Forward",
                    "Index Name": "movie_id_movie_companies",
                    "Relation Name": "movie_companies",
                    "Alias": "mc",
                    "Startup Cost": 0.43,
                    "Total Cost": 140059.44,
                    "Plan Rows": 2609129,
                    "Plan Width": 4,
                    "Actual Startup Time": 0.051,
                    "Actual Total Time": 1144.529,
                    "Actual Rows": 5599722,
                    "Actual Loops": 2,
                    "Heap Fetches": 11199444
                  }
                ]
              }
            ]
          }
        ]
      }
    ]
  },
  "Planning Time": 1.04,
  "Triggers": [],
  "Execution Time": 4211.843
}