[
  {
    "Plan": {
      "Node Type": "Aggregate",
      "Strategy": "Plain",
      "Partial Mode": "Finalize",
      "Parallel Aware": false,
      "Startup Cost": 258809.63,
      "Total Cost": 258809.64,
      "Plan Rows": 1,
      "Plan Width": 8,
      "Actual Startup Time": 341.382,
      "Actual Total Time": 359.554,
      "Actual Rows": 1,
      "Actual Loops": 1,
      "Plans": [
        {
          "Node Type": "Gather",
          "Parent Relationship": "Outer",
          "Parallel Aware": false,
          "Startup Cost": 258809.01,
          "Total Cost": 258809.62,
          "Plan Rows": 6,
          "Plan Width": 8,
          "Actual Startup Time": 341.178,
          "Actual Total Time": 359.403,
          "Actual Rows": 7,
          "Actual Loops": 1,
          "Workers Planned": 6,
          "Workers Launched": 6,
          "Single Copy": false,
          "Plans": [
            {
              "Node Type": "Aggregate",
              "Strategy": "Plain",
              "Partial Mode": "Partial",
              "Parent Relationship": "Outer",
              "Parallel Aware": false,
              "Startup Cost": 257809.01,
              "Total Cost": 257809.02,
              "Plan Rows": 1,
              "Plan Width": 8,
              "Actual Startup Time": 331.224,
              "Actual Total Time": 331.225,
              "Actual Rows": 1,
              "Actual Loops": 7,
              "Plans": [
                {
                  "Node Type": "Index Scan",
                  "Parent Relationship": "Outer",
                  "Parallel Aware": true,
                  "Scan Direction": "Forward",
                  "Index Name": "role_id_cast_info",
                  "Relation Name": "cast_info",
                  "Alias": "ci",
                  "Startup Cost": 0.56,
                  "Total Cost": 255086.64,
                  "Plan Rows": 1088946,
                  "Plan Width": 0,
                  "Actual Startup Time": 0.224,
                  "Actual Total Time": 280.377,
                  "Actual Rows": 1128738,
                  "Actual Loops": 7,
                  "Index Cond": "(role_id > 4)",
                  "Rows Removed by Index Recheck": 0,
                  "Filter": "(person_id > 1109549)",
                  "Rows Removed by Filter": 211934
                }
              ]
            }
          ]
        }
      ]
    },
    "Planning Time": 0.251,
    "Triggers": [],
    "Execution Time": 359.622
  }
]