{
  "Plan": {
    "Node Type": "Aggregate",
    "Strategy": "Plain",
    "Partial Mode": "Finalize",
    "Parallel Aware": false,
    "Startup Cost": 639845.89,
    "Total Cost": 639845.9,
    "Plan Rows": 1,
    "Plan Width": 8,
    "Actual Startup Time": 3555.909,
    "Actual Total Time": 3613.913,
    "Actual Rows": 1,
    "Actual Loops": 1,
    "Plans": [
      {
        "Node Type": "Gather",
        "Parent Relationship": "Outer",
        "Parallel Aware": false,
        "Startup Cost": 639845.78,
        "Total Cost": 639845.89,
        "Plan Rows": 1,
        "Plan Width": 8,
        "Actual Startup Time": 3555.132,
        "Actual Total Time": 3613.906,
        "Actual Rows": 2,
        "Actual Loops": 1,
        "Workers Planned": 1,
        "Workers Launched": 1,
        "Single Copy": false,
        "Plans": [
          {
            "Node Type": "Aggregate",
            "Strategy": "Plain",
            "Partial Mode": "Partial",
            "Parent Relationship": "Outer",
            "Parallel Aware": false,
            "Startup Cost": 638845.78,
            "Total Cost": 638845.79,
            "Plan Rows": 1,
            "Plan Width": 8,
            "Actual Startup Time": 3549.956,
            "Actual Total Time": 3549.962,
            "Actual Rows": 1,
            "Actual Loops": 2,
            "Plans": [
              {
                "Node Type": "Hash Join",
                "Parent Relationship": "Outer",
                "Parallel Aware": true,
                "Join Type": "Inner",
                "Startup Cost": 90214.34,
                "Total Cost": 637973.78,
                "Plan Rows": 348802,
                "Plan Width": 0,
                "Actual Startup Time": 297.423,
                "Actual Total Time": 3512.72,
                "Actual Rows": 834944,
                "Actual Loops": 2,
                "Inner Unique": false,
                "Hash Cond": "(ci.movie_id = t.id)",
                "Plans": [
                  {
                    "Node Type": "Seq Scan",
                    "Parent Relationship": "Outer",
                    "Parallel Aware": true,
                    "Relation Name": "cast_info",
                    "Alias": "ci",
                    "Startup Cost": 0.0,
                    "Total Cost": 465792.95,
                    "Plan Rows": 21310595,
                    "Plan Width": 4,
                    "Actual Startup Time": 0.01,
                    "Actual Total Time": 1290.116,
                    "Actual Rows": 18122172,
                    "Actual Loops": 2
                  },
                  {
                    "Node Type": "Hash",
                    "Parent Relationship": "Inner",
                    "Parallel Aware": true,
                    "Startup Cost": 89910.07,
                    "Total Cost": 89910.07,
                    "Plan Rows": 24342,
                    "Plan Width": 8,
                    "Actual Startup Time": 296.172,
                    "Actual Total Time": 296.176,
                    "Actual Rows": 25068,
                    "Actual Loops": 2,
                    "Hash Buckets": 65536,
                    "Original Hash Buckets": 65536,
                    "Hash Batches": 1,
                    "Original Hash Batches": 1,
                    "Peak Memory Usage": 2496,
                    "Plans": [
                      {
                        "Node Type": "Hash Join",
                        "Parent Relationship": "Outer",
                        "Parallel Aware": true,
                        "Join Type": "Inner",
                        "Startup Cost": 28809.75,
                        "Total Cost": 89910.07,
                        "Plan Rows": 24342,
                        "Plan Width": 8,
                        "Actual Startup Time": 103.26,
                        "Actual Total Time": 289.605,
                        "Actual Rows": 25068,
                        "Actual Loops": 2,
                        "Inner Unique": false,
                        "Hash Cond": "(t.id = mc.movie_id)",
                        "Plans": [
                          {
                            "Node Type": "Seq Scan",
                            "Parent Relationship": "Outer",
                            "Parallel Aware": true,
                            "Relation Name": "title",
                            "Alias": "t",
                            "Startup Cost": 0.0,
                            "Total Cost": 58306.47,
                            "Plan Rows": 424106,
                            "Plan Width": 4,
                            "Actual Startup Time": 0.011,
                            "Actual Total Time": 126.997,
                            "Actual Rows": 310140,
                            "Actual Loops": 2,
                            "Filter": "((kind_id < 7) AND (production_year > 1986))",
                            "Rows Removed by Filter": 954016
                          },
                          {
                            "Node Type": "Hash",
                            "Parent Relationship": "Inner",
                            "Parallel Aware": true,
                            "Startup Cost": 27742.72,
                            "Total Cost": 27742.72,
                            "Plan Rows": 85362,
                            "Plan Width": 4,
                            "Actual Startup Time": 100.928,
                            "Actual Total Time": 100.929,
                            "Actual Rows": 112192,
                            "Actual Loops": 2,
                            "Hash Buckets": 262144,
                            "Original Hash Buckets": 262144,
                            "Hash Batches": 1,
                            "Original Hash Batches": 1,
                            "Peak Memory Usage": 10848,
                            "Plans": [
                              {
                                "Node Type": "Bitmap Heap Scan",
                                "Parent Relationship": "Outer",
                                "Parallel Aware": true,
                                "Relation Name": "movie_companies",
                                "Alias": "mc",
                                "Startup Cost": 6351.63,
                                "Total Cost": 27742.72,
                                "Plan Rows": 85362,
                                "Plan Width": 4,
                                "Actual Startup Time": 28.681,
                                "Actual Total Time": 77.931,
                                "Actual Rows": 112192,
                                "Actual Loops": 2,
                                "Recheck Cond": "(company_id < 160)",
                                "Rows Removed by Index Recheck": 0,
                                "Filter": "(company_type_id < 2)",
                                "Rows Removed by Filter": 34246,
                                "Exact Heap Blocks": 11912,
                                "Lossy Heap Blocks": 0,
                                "Plans": [
                                  {
                                    "Node Type": "Bitmap Index Scan",
                                    "Parent Relationship": "Outer",
                                    "Parallel Aware": false,
                                    "Index Name": "company_id_movie_companies",
                                    "Startup Cost": 0.0,
                                    "Total Cost": 6315.35,
                                    "Plan Rows": 294790,
                                    "Plan Width": 0,
                                    "Actual Startup Time": 26.375,
                                    "Actual Total Time": 26.376,
                                    "Actual Rows": 292877,
                                    "Actual Loops": 1,
                                    "Index Cond": "(company_id < 160)"
                                  }
                                ]
                              }
                            ]
                          }
                        ]
                      }
                    ]
                  }
                ]
              }
            ]
          }
        ]
      }
    ]
  },
  "Planning Time": 1.127,
  "Triggers": [],
  "Execution Time": 3614.034
}