{
    "Plan": {
        "Node Type": "Aggregate",
        "Strategy": "Plain",
        "Partial Mode": "Finalize",
        "Parallel Aware": false,
        "Startup Cost": 134777.07,
        "Total Cost": 134777.08,
        "Plan Rows": 1,
        "Plan Width": 8,
        "Actual Startup Time": 130.507,
        "Actual Total Time": 150.432,
        "Actual Rows": 1,
        "Actual Loops": 1,
        "Output": [
            "count(*)"
        ],
        "Plans": [
            {
                "Node Type": "Gather",
                "Parent Relationship": "Outer",
                "Parallel Aware": false,
                "Startup Cost": 134776.65,
                "Total Cost": 134777.06,
                "Plan Rows": 4,
                "Plan Width": 8,
                "Actual Startup Time": 130.197,
                "Actual Total Time": 150.424,
                "Actual Rows": 5,
                "Actual Loops": 1,
                "Output": [
                    "(PARTIAL count(*))"
                ],
                "Workers Planned": 4,
                "Workers Launched": 4,
                "Single Copy": false,
                "Plans": [
                    {
                        "Node Type": "Aggregate",
                        "Strategy": "Plain",
                        "Partial Mode": "Partial",
                        "Parent Relationship": "Outer",
                        "Parallel Aware": false,
                        "Startup Cost": 133776.65,
                        "Total Cost": 133776.66,
                        "Plan Rows": 1,
                        "Plan Width": 8,
                        "Actual Startup Time": 120.198,
                        "Actual Total Time": 120.199,
                        "Actual Rows": 1,
                        "Actual Loops": 5,
                        "Output": [
                            "PARTIAL count(*)"
                        ],
                        "Workers": [
                            {
                                "Worker Number": 0,
                                "Actual Startup Time": 117.873,
                                "Actual Total Time": 117.874,
                                "Actual Rows": 1,
                                "Actual Loops": 1
                            },
                            {
                                "Worker Number": 1,
                                "Actual Startup Time": 117.667,
                                "Actual Total Time": 117.668,
                                "Actual Rows": 1,
                                "Actual Loops": 1
                            },
                            {
                                "Worker Number": 2,
                                "Actual Startup Time": 117.682,
                                "Actual Total Time": 117.684,
                                "Actual Rows": 1,
                                "Actual Loops": 1
                            },
                            {
                                "Worker Number": 3,
                                "Actual Startup Time": 118.329,
                                "Actual Total Time": 118.33,
                                "Actual Rows": 1,
                                "Actual Loops": 1
                            }
                        ],
                        "Plans": [
                            {
                                "Node Type": "Nested Loop",
                                "Parent Relationship": "Outer",
                                "Parallel Aware": false,
                                "Join Type": "Inner",
                                "Startup Cost": 0.56,
                                "Total Cost": 133768.21,
                                "Plan Rows": 3376,
                                "Plan Width": 0,
                                "Actual Startup Time": 58.999,
                                "Actual Total Time": 119.962,
                                "Actual Rows": 2073,
                                "Actual Loops": 5,
                                "Inner Unique": false,
                                "Workers": [
                                    {
                                        "Worker Number": 0,
                                        "Actual Startup Time": 56.852,
                                        "Actual Total Time": 117.562,
                                        "Actual Rows": 1387,
                                        "Actual Loops": 1
                                    },
                                    {
                                        "Worker Number": 1,
                                        "Actual Startup Time": 56.465,
                                        "Actual Total Time": 117.47,
                                        "Actual Rows": 1342,
                                        "Actual Loops": 1
                                    },
                                    {
                                        "Worker Number": 2,
                                        "Actual Startup Time": 56.489,
                                        "Actual Total Time": 117.453,
                                        "Actual Rows": 1607,
                                        "Actual Loops": 1
                                    },
                                    {
                                        "Worker Number": 3,
                                        "Actual Startup Time": 57.155,
                                        "Actual Total Time": 118.108,
                                        "Actual Rows": 1539,
                                        "Actual Loops": 1
                                    }
                                ],
                                "Plans": [
                                    {
                                        "Node Type": "Seq Scan",
                                        "Parent Relationship": "Outer",
                                        "Parallel Aware": true,
                                        "Relation Name": "title",
                                        "Schema": "public",
                                        "Alias": "t",
                                        "Startup Cost": 0.0,
                                        "Total Cost": 45479.21,
                                        "Plan Rows": 669,
                                        "Plan Width": 4,
                                        "Actual Startup Time": 58.874,
                                        "Actual Total Time": 82.021,
                                        "Actual Rows": 291,
                                        "Actual Loops": 5,
                                        "Output": [
                                            "t.id",
                                            "t.title",
                                            "t.imdb_index",
                                            "t.kind_id",
                                            "t.production_year",
                                            "t.imdb_id",
                                            "t.phonetic_code",
                                            "t.episode_of_id",
                                            "t.season_nr",
                                            "t.episode_nr",
                                            "t.series_years",
                                            "t.md5sum"
                                        ],
                                        "Filter": "((t.production_year > 2012) AND (t.kind_id = 3))",
                                        "Rows Removed by Filter": 505372,
                                        "Workers": [
                                            {
                                                "Worker Number": 0,
                                                "Actual Startup Time": 56.738,
                                                "Actual Total Time": 72.834,
                                                "Actual Rows": 154,
                                                "Actual Loops": 1
                                            },
                                            {
                                                "Worker Number": 1,
                                                "Actual Startup Time": 56.196,
                                                "Actual Total Time": 77.501,
                                                "Actual Rows": 241,
                                                "Actual Loops": 1
                                            },
                                            {
                                                "Worker Number": 2,
                                                "Actual Startup Time": 56.392,
                                                "Actual Total Time": 78.878,
                                                "Actual Rows": 233,
                                                "Actual Loops": 1
                                            },
                                            {
                                                "Worker Number": 3,
                                                "Actual Startup Time": 57.051,
                                                "Actual Total Time": 78.593,
                                                "Actual Rows": 216,
                                                "Actual Loops": 1
                                            }
                                        ]
                                    },
                                    {
                                        "Node Type": "Index Scan",
                                        "Parent Relationship": "Inner",
                                        "Parallel Aware": false,
                                        "Scan Direction": "Forward",
                                        "Index Name": "movie_id_cast_info",
                                        "Relation Name": "cast_info",
                                        "Schema": "public",
                                        "Alias": "ci",
                                        "Startup Cost": 0.56,
                                        "Total Cost": 131.83,
                                        "Plan Rows": 14,
                                        "Plan Width": 4,
                                        "Actual Startup Time": 0.025,
                                        "Actual Total Time": 0.129,
                                        "Actual Rows": 7,
                                        "Actual Loops": 1454,
                                        "Output": [
                                            "ci.id",
                                            "ci.person_id",
                                            "ci.movie_id",
                                            "ci.person_role_id",
                                            "ci.note",
                                            "ci.nr_order",
                                            "ci.role_id"
                                        ],
                                        "Index Cond": "(ci.movie_id = t.id)",
                                        "Rows Removed by Index Recheck": 0,
                                        "Filter": "(ci.role_id < 2)",
                                        "Rows Removed by Filter": 14,
                                        "Workers": [
                                            {
                                                "Worker Number": 0,
                                                "Actual Startup Time": 0.059,
                                                "Actual Total Time": 0.287,
                                                "Actual Rows": 9,
                                                "Actual Loops": 154
                                            },
                                            {
                                                "Worker Number": 1,
                                                "Actual Startup Time": 0.031,
                                                "Actual Total Time": 0.164,
                                                "Actual Rows": 6,
                                                "Actual Loops": 241
                                            },
                                            {
                                                "Worker Number": 2,
                                                "Actual Startup Time": 0.033,
                                                "Actual Total Time": 0.164,
                                                "Actual Rows": 7,
                                                "Actual Loops": 233
                                            },
                                            {
                                                "Worker Number": 3,
                                                "Actual Startup Time": 0.034,
                                                "Actual Total Time": 0.181,
                                                "Actual Rows": 7,
                                                "Actual Loops": 216
                                            }
                                        ]
                                    }
                                ]
                            }
                        ]
                    }
                ]
            }
        ]
    },
    "Planning Time": 0.723,
    "Triggers": [],
    "Execution Time": 150.513
}