[
  {
    "Plan": {
      "Node Type": "Aggregate",
      "Strategy": "Plain",
      "Partial Mode": "Finalize",
      "Parallel Aware": false,
      "Startup Cost": 32709.67,
      "Total Cost": 32709.68,
      "Plan Rows": 1,
      "Plan Width": 8,
      "Actual Startup Time": 75.464,
      "Actual Total Time": 83.578,
      "Actual Rows": 1,
      "Actual Loops": 1,
      "Plans": [
        {
          "Node Type": "Gather",
          "Parent Relationship": "Outer",
          "Parallel Aware": false,
          "Startup Cost": 32709.35,
          "Total Cost": 32709.66,
          "Plan Rows": 3,
          "Plan Width": 8,
          "Actual Startup Time": 75.314,
          "Actual Total Time": 83.57,
          "Actual Rows": 4,
          "Actual Loops": 1,
          "Workers Planned": 3,
          "Workers Launched": 3,
          "Single Copy": false,
          "Plans": [
            {
              "Node Type": "Aggregate",
              "Strategy": "Plain",
              "Partial Mode": "Partial",
              "Parent Relationship": "Outer",
              "Parallel Aware": false,
              "Startup Cost": 31709.35,
              "Total Cost": 31709.36,
              "Plan Rows": 1,
              "Plan Width": 8,
              "Actual Startup Time": 71.137,
              "Actual Total Time": 71.138,
              "Actual Rows": 1,
              "Actual Loops": 4,
              "Plans": [
                {
                  "Node Type": "Seq Scan",
                  "Parent Relationship": "Outer",
                  "Parallel Aware": true,
                  "Relation Name": "movie_companies",
                  "Alias": "mc",
                  "Startup Cost": 0.0,
                  "Total Cost": 31414.82,
                  "Plan Rows": 117812,
                  "Plan Width": 0,
                  "Actual Startup Time": 40.968,
                  "Actual Total Time": 68.881,
                  "Actual Rows": 51749,
                  "Actual Loops": 4,
                  "Filter": "((company_id < 1368) AND (company_type_id = 2))",
                  "Rows Removed by Filter": 600534
                }
              ]
            }
          ]
        }
      ]
    },
    "Planning Time": 0.234,
    "Triggers": [],
    "Execution Time": 83.636
  }
]