{
  "Plan": {
    "Node Type": "Aggregate",
    "Strategy": "Plain",
    "Partial Mode": "Finalize",
    "Parallel Aware": false,
    "Startup Cost": 76158.92,
    "Total Cost": 76158.93,
    "Plan Rows": 1,
    "Plan Width": 8,
    "Actual Startup Time": 165.697,
    "Actual Total Time": 178.659,
    "Actual Rows": 1,
    "Actual Loops": 1,
    "Plans": [
      {
        "Node Type": "Gather",
        "Parent Relationship": "Outer",
        "Parallel Aware": false,
        "Startup Cost": 76158.81,
        "Total Cost": 76158.92,
        "Plan Rows": 1,
        "Plan Width": 8,
        "Actual Startup Time": 165.475,
        "Actual Total Time": 178.642,
        "Actual Rows": 2,
        "Actual Loops": 1,
        "Workers Planned": 1,
        "Workers Launched": 1,
        "Single Copy": false,
        "Plans": [
          {
            "Node Type": "Aggregate",
            "Strategy": "Plain",
            "Partial Mode": "Partial",
            "Parent Relationship": "Outer",
            "Parallel Aware": false,
            "Startup Cost": 75158.81,
            "Total Cost": 75158.82,
            "Plan Rows": 1,
            "Plan Width": 8,
            "Actual Startup Time": 159.229,
            "Actual Total Time": 159.233,
            "Actual Rows": 1,
            "Actual Loops": 2,
            "Plans": [
              {
                "Node Type": "Hash Join",
                "Parent Relationship": "Outer",
                "Parallel Aware": true,
                "Join Type": "Inner",
                "Startup Cost": 20108.78,
                "Total Cost": 75157.43,
                "Plan Rows": 552,
                "Plan Width": 0,
                "Actual Startup Time": 32.044,
                "Actual Total Time": 159.198,
                "Actual Rows": 158,
                "Actual Loops": 2,
                "Inner Unique": false,
                "Hash Cond": "(t.id = mc.movie_id)",
                "Plans": [
                  {
                    "Node Type": "Seq Scan",
                    "Parent Relationship": "Outer",
                    "Parallel Aware": true,
                    "Relation Name": "title",
                    "Alias": "t",
                    "Startup Cost": 0.0,
                    "Total Cost": 54588.39,
                    "Plan Rows": 73122,
                    "Plan Width": 4,
                    "Actual Startup Time": 0.015,
                    "Actual Total Time": 118.204,
                    "Actual Rows": 59782,
                    "Actual Loops": 2,
                    "Filter": "(production_year = 2007)",
                    "Rows Removed by Filter": 1204374
                  },
                  {
                    "Node Type": "Hash",
                    "Parent Relationship": "Inner",
                    "Parallel Aware": true,
                    "Startup Cost": 19968.38,
                    "Total Cost": 19968.38,
                    "Plan Rows": 11232,
                    "Plan Width": 4,
                    "Actual Startup Time": 30.602,
                    "Actual Total Time": 30.604,
                    "Actual Rows": 17758,
                    "Actual Loops": 2,
                    "Hash Buckets": 65536,
                    "Original Hash Buckets": 32768,
                    "Hash Batches": 1,
                    "Original Hash Batches": 1,
                    "Peak Memory Usage": 2208,
                    "Plans": [
                      {
                        "Node Type": "Bitmap Heap Scan",
                        "Parent Relationship": "Outer",
                        "Parallel Aware": true,
                        "Relation Name": "movie_companies",
                        "Alias": "mc",
                        "Startup Cost": 836.12,
                        "Total Cost": 19968.38,
                        "Plan Rows": 11232,
                        "Plan Width": 4,
                        "Actual Startup Time": 5.276,
                        "Actual Total Time": 22.229,
                        "Actual Rows": 17758,
                        "Actual Loops": 2,
                        "Recheck Cond": "(company_id = 160)",
                        "Rows Removed by Index Recheck": 0,
                        "Filter": "(company_type_id < 2)",
                        "Rows Removed by Filter": 310,
                        "Exact Heap Blocks": 3337,
                        "Lossy Heap Blocks": 0,
                        "Plans": [
                          {
                            "Node Type": "Bitmap Index Scan",
                            "Parent Relationship": "Outer",
                            "Parallel Aware": false,
                            "Index Name": "company_id_movie_companies",
                            "Startup Cost": 0.0,
                            "Total Cost": 831.35,
                            "Plan Rows": 38789,
                            "Plan Width": 0,
                            "Actual Startup Time": 7.841,
                            "Actual Total Time": 7.842,
                            "Actual Rows": 36136,
                            "Actual Loops": 1,
                            "Index Cond": "(company_id = 160)"
                          }
                        ]
                      }
                    ]
                  }
                ]
              }
            ]
          }
        ]
      }
    ]
  },
  "Planning Time": 0.491,
  "Triggers": [],
  "Execution Time": 178.756
}