[
  {
    "Plan": {
      "Node Type": "Aggregate",
      "Strategy": "Plain",
      "Partial Mode": "Finalize",
      "Parallel Aware": false,
      "Startup Cost": 31791.76,
      "Total Cost": 31791.77,
      "Plan Rows": 1,
      "Plan Width": 8,
      "Actual Startup Time": 103.762,
      "Actual Total Time": 111.888,
      "Actual Rows": 1,
      "Actual Loops": 1,
      "Plans": [
        {
          "Node Type": "Gather",
          "Parent Relationship": "Outer",
          "Parallel Aware": false,
          "Startup Cost": 31791.44,
          "Total Cost": 31791.75,
          "Plan Rows": 3,
          "Plan Width": 8,
          "Actual Startup Time": 103.634,
          "Actual Total Time": 111.876,
          "Actual Rows": 4,
          "Actual Loops": 1,
          "Workers Planned": 3,
          "Workers Launched": 3,
          "Single Copy": false,
          "Plans": [
            {
              "Node Type": "Aggregate",
              "Strategy": "Plain",
              "Partial Mode": "Partial",
              "Parent Relationship": "Outer",
              "Parallel Aware": false,
              "Startup Cost": 30791.44,
              "Total Cost": 30791.45,
              "Plan Rows": 1,
              "Plan Width": 8,
              "Actual Startup Time": 98.213,
              "Actual Total Time": 98.214,
              "Actual Rows": 1,
              "Actual Loops": 4,
              "Plans": [
                {
                  "Node Type": "Seq Scan",
                  "Parent Relationship": "Outer",
                  "Parallel Aware": true,
                  "Relation Name": "movie_companies",
                  "Alias": "mc",
                  "Startup Cost": 0.0,
                  "Total Cost": 29310.68,
                  "Plan Rows": 592305,
                  "Plan Width": 0,
                  "Actual Startup Time": 0.045,
                  "Actual Total Time": 76.751,
                  "Actual Rows": 461053,
                  "Actual Loops": 4,
                  "Filter": "(company_id < 34710)",
                  "Rows Removed by Filter": 191229
                }
              ]
            }
          ]
        }
      ]
    },
    "Planning Time": 0.073,
    "Triggers": [],
    "Execution Time": 111.918
  }
]