{
  "Plan": {
    "Node Type": "Aggregate",
    "Strategy": "Plain",
    "Partial Mode": "Finalize",
    "Parallel Aware": false,
    "Startup Cost": 92109.78,
    "Total Cost": 92109.79,
    "Plan Rows": 1,
    "Plan Width": 8,
    "Actual Startup Time": 292.387,
    "Actual Total Time": 307.653,
    "Actual Rows": 1,
    "Actual Loops": 1,
    "Plans": [
      {
        "Node Type": "Gather",
        "Parent Relationship": "Outer",
        "Parallel Aware": false,
        "Startup Cost": 92109.67,
        "Total Cost": 92109.78,
        "Plan Rows": 1,
        "Plan Width": 8,
        "Actual Startup Time": 290.744,
        "Actual Total Time": 307.646,
        "Actual Rows": 2,
        "Actual Loops": 1,
        "Workers Planned": 1,
        "Workers Launched": 1,
        "Single Copy": false,
        "Plans": [
          {
            "Node Type": "Aggregate",
            "Strategy": "Plain",
            "Partial Mode": "Partial",
            "Parent Relationship": "Outer",
            "Parallel Aware": false,
            "Startup Cost": 91109.67,
            "Total Cost": 91109.68,
            "Plan Rows": 1,
            "Plan Width": 8,
            "Actual Startup Time": 284.841,
            "Actual Total Time": 284.845,
            "Actual Rows": 1,
            "Actual Loops": 2,
            "Plans": [
              {
                "Node Type": "Hash Join",
                "Parent Relationship": "Outer",
                "Parallel Aware": true,
                "Join Type": "Inner",
                "Startup Cost": 65401.01,
                "Total Cost": 91089.55,
                "Plan Rows": 8050,
                "Plan Width": 0,
                "Actual Startup Time": 257.082,
                "Actual Total Time": 284.271,
                "Actual Rows": 10786,
                "Actual Loops": 2,
                "Inner Unique": true,
                "Hash Cond": "(mk.movie_id = t.id)",
                "Plans": [
                  {
                    "Node Type": "Bitmap Heap Scan",
                    "Parent Relationship": "Outer",
                    "Parallel Aware": true,
                    "Relation Name": "movie_keyword",
                    "Alias": "mk",
                    "Startup Cost": 869.14,
                    "Total Cost": 26494.58,
                    "Plan Rows": 24039,
                    "Plan Width": 4,
                    "Actual Startup Time": 4.056,
                    "Actual Total Time": 22.263,
                    "Actual Rows": 20920,
                    "Actual Loops": 2,
                    "Recheck Cond": "(keyword_id = 117)",
                    "Rows Removed by Index Recheck": 0,
                    "Exact Heap Blocks": 8408,
                    "Lossy Heap Blocks": 0,
                    "Plans": [
                      {
                        "Node Type": "Bitmap Index Scan",
                        "Parent Relationship": "Outer",
                        "Parallel Aware": false,
                        "Index Name": "keyword_id_movie_keyword",
                        "Startup Cost": 0.0,
                        "Total Cost": 858.93,
                        "Plan Rows": 40866,
                        "Plan Width": 0,
                        "Actual Startup Time": 2.441,
                        "Actual Total Time": 2.441,
                        "Actual Rows": 41840,
                        "Actual Loops": 1,
                        "Index Cond": "(keyword_id = 117)"
                      }
                    ]
                  },
                  {
                    "Node Type": "Hash",
                    "Parent Relationship": "Inner",
                    "Parallel Aware": true,
                    "Startup Cost": 58306.47,
                    "Total Cost": 58306.47,
                    "Plan Rows": 498032,
                    "Plan Width": 4,
                    "Actual Startup Time": 244.273,
                    "Actual Total Time": 244.273,
                    "Actual Rows": 377580,
                    "Actual Loops": 2,
                    "Hash Buckets": 1048576,
                    "Original Hash Buckets": 1048576,
                    "Hash Batches": 1,
                    "Original Hash Batches": 1,
                    "Peak Memory Usage": 37760,
                    "Plans": [
                      {
                        "Node Type": "Seq Scan",
                        "Parent Relationship": "Outer",
                        "Parallel Aware": true,
                        "Relation Name": "title",
                        "Alias": "t",
                        "Startup Cost": 0.0,
                        "Total Cost": 58306.47,
                        "Plan Rows": 498032,
                        "Plan Width": 4,
                        "Actual Startup Time": 0.037,
                        "Actual Total Time": 154.889,
                        "Actual Rows": 377580,
                        "Actual Loops": 2,
                        "Filter": "((kind_id < 7) AND (production_year > 1965))",
                        "Rows Removed by Filter": 886576
                      }
                    ]
                  }
                ]
              }
            ]
          }
        ]
      }
    ]
  },
  "Planning Time": 0.609,
  "Triggers": [],
  "Execution Time": 307.738
}