[
  {
    "Plan": {
      "Node Type": "Aggregate",
      "Strategy": "Plain",
      "Partial Mode": "Finalize",
      "Parallel Aware": false,
      "Startup Cost": 83968.48,
      "Total Cost": 83968.49,
      "Plan Rows": 1,
      "Plan Width": 8,
      "Actual Startup Time": 297.71,
      "Actual Total Time": 337.635,
      "Actual Rows": 1,
      "Actual Loops": 1,
      "Plans": [
        {
          "Node Type": "Gather",
          "Parent Relationship": "Outer",
          "Parallel Aware": false,
          "Startup Cost": 83968.17,
          "Total Cost": 83968.48,
          "Plan Rows": 3,
          "Plan Width": 8,
          "Actual Startup Time": 297.278,
          "Actual Total Time": 337.623,
          "Actual Rows": 4,
          "Actual Loops": 1,
          "Workers Planned": 3,
          "Workers Launched": 3,
          "Single Copy": false,
          "Plans": [
            {
              "Node Type": "Aggregate",
              "Strategy": "Plain",
              "Partial Mode": "Partial",
              "Parent Relationship": "Outer",
              "Parallel Aware": false,
              "Startup Cost": 82968.17,
              "Total Cost": 82968.18,
              "Plan Rows": 1,
              "Plan Width": 8,
              "Actual Startup Time": 291.549,
              "Actual Total Time": 291.557,
              "Actual Rows": 1,
              "Actual Loops": 4,
              "Plans": [
                {
                  "Node Type": "Nested Loop",
                  "Parent Relationship": "Outer",
                  "Parallel Aware": false,
                  "Join Type": "Inner",
                  "Startup Cost": 38180.76,
                  "Total Cost": 82939.35,
                  "Plan Rows": 11528,
                  "Plan Width": 0,
                  "Actual Startup Time": 83.863,
                  "Actual Total Time": 290.901,
                  "Actual Rows": 6810,
                  "Actual Loops": 4,
                  "Inner Unique": false,
                  "Join Filter": "(t.id = ci.movie_id)",
                  "Rows Removed by Join Filter": 0,
                  "Plans": [
                    {
                      "Node Type": "Hash Join",
                      "Parent Relationship": "Outer",
                      "Parallel Aware": true,
                      "Join Type": "Inner",
                      "Startup Cost": 38180.19,
                      "Total Cost": 70272.45,
                      "Plan Rows": 3878,
                      "Plan Width": 8,
                      "Actual Startup Time": 83.373,
                      "Actual Total Time": 148.217,
                      "Actual Rows": 5985,
                      "Actual Loops": 4,
                      "Inner Unique": true,
                      "Hash Cond": "(mc.movie_id = t.id)",
                      "Plans": [
                        {
                          "Node Type": "Seq Scan",
                          "Parent Relationship": "Outer",
                          "Parallel Aware": true,
                          "Relation Name": "movie_companies",
                          "Alias": "mc",
                          "Startup Cost": 0.0,
                          "Total Cost": 31414.82,
                          "Plan Rows": 258072,
                          "Plan Width": 4,
                          "Actual Startup Time": 31.398,
                          "Actual Total Time": 68.582,
                          "Actual Rows": 253206,
                          "Actual Loops": 4,
                          "Filter": "((company_id > 6089) AND (company_type_id > 1))",
                          "Rows Removed by Filter": 399077
                        },
                        {
                          "Node Type": "Hash",
                          "Parent Relationship": "Inner",
                          "Parallel Aware": true,
                          "Startup Cost": 38061.46,
                          "Total Cost": 38061.46,
                          "Plan Rows": 9499,
                          "Plan Width": 4,
                          "Actual Startup Time": 51.575,
                          "Actual Total Time": 51.576,
                          "Actual Rows": 8480,
                          "Actual Loops": 4,
                          "Hash Buckets": 65536,
                          "Original Hash Buckets": 65536,
                          "Hash Batches": 1,
                          "Original Hash Batches": 1,
                          "Peak Memory Usage": 1888,
                          "Plans": [
                            {
                              "Node Type": "Bitmap Heap Scan",
                              "Parent Relationship": "Outer",
                              "Parallel Aware": true,
                              "Relation Name": "title",
                              "Alias": "t",
                              "Startup Cost": 1706.95,
                              "Total Cost": 38061.46,
                              "Plan Rows": 9499,
                              "Plan Width": 4,
                              "Actual Startup Time": 7.464,
                              "Actual Total Time": 48.101,
                              "Actual Rows": 8480,
                              "Actual Loops": 4,
                              "Recheck Cond": "(kind_id = 2)",
                              "Rows Removed by Index Recheck": 0,
                              "Filter": "(production_year > 2005)",
                              "Rows Removed by Filter": 14233,
                              "Exact Heap Blocks": 11964,
                              "Lossy Heap Blocks": 0,
                              "Plans": [
                                {
                                  "Node Type": "Bitmap Index Scan",
                                  "Parent Relationship": "Outer",
                                  "Parallel Aware": false,
                                  "Index Name": "kind_id_title",
                                  "Startup Cost": 0.0,
                                  "Total Cost": 1697.45,
                                  "Plan Rows": 95069,
                                  "Plan Width": 0,
                                  "Actual Startup Time": 8.679,
                                  "Actual Total Time": 8.679,
                                  "Actual Rows": 90852,
                                  "Actual Loops": 1,
                                  "Index Cond": "(kind_id = 2)"
                                }
                              ]
                            }
                          ]
                        }
                      ]
                    },
                    {
                      "Node Type": "Index Scan",
                      "Parent Relationship": "Inner",
                      "Parallel Aware": false,
                      "Scan Direction": "Forward",
                      "Index Name": "movie_id_cast_info",
                      "Relation Name": "cast_info",
                      "Alias": "ci",
                      "Startup Cost": 0.56,
                      "Total Cost": 3.18,
                      "Plan Rows": 7,
                      "Plan Width": 4,
                      "Actual Startup Time": 0.016,
                      "Actual Total Time": 0.023,
                      "Actual Rows": 1,
                      "Actual Loops": 23939,
                      "Index Cond": "(movie_id = mc.movie_id)",
                      "Rows Removed by Index Recheck": 0,
                      "Filter": "(role_id = 2)",
                      "Rows Removed by Filter": 7
                    }
                  ]
                }
              ]
            }
          ]
        }
      ]
    },
    "Planning Time": 0.559,
    "Triggers": [],
    "Execution Time": 337.703
  }
]