[
  {
    "Plan": {
      "Node Type": "Aggregate",
      "Strategy": "Plain",
      "Partial Mode": "Finalize",
      "Parallel Aware": false,
      "Startup Cost": 247464.58,
      "Total Cost": 247464.59,
      "Plan Rows": 1,
      "Plan Width": 8,
      "Actual Startup Time": 318.192,
      "Actual Total Time": 359.335,
      "Actual Rows": 1,
      "Actual Loops": 1,
      "Plans": [
        {
          "Node Type": "Gather",
          "Parent Relationship": "Outer",
          "Parallel Aware": false,
          "Startup Cost": 247464.06,
          "Total Cost": 247464.57,
          "Plan Rows": 5,
          "Plan Width": 8,
          "Actual Startup Time": 317.201,
          "Actual Total Time": 359.324,
          "Actual Rows": 6,
          "Actual Loops": 1,
          "Workers Planned": 5,
          "Workers Launched": 5,
          "Single Copy": false,
          "Plans": [
            {
              "Node Type": "Aggregate",
              "Strategy": "Plain",
              "Partial Mode": "Partial",
              "Parent Relationship": "Outer",
              "Parallel Aware": false,
              "Startup Cost": 246464.06,
              "Total Cost": 246464.07,
              "Plan Rows": 1,
              "Plan Width": 8,
              "Actual Startup Time": 309.203,
              "Actual Total Time": 309.208,
              "Actual Rows": 1,
              "Actual Loops": 6,
              "Plans": [
                {
                  "Node Type": "Nested Loop",
                  "Parent Relationship": "Outer",
                  "Parallel Aware": false,
                  "Join Type": "Inner",
                  "Startup Cost": 60699.96,
                  "Total Cost": 246246.47,
                  "Plan Rows": 87034,
                  "Plan Width": 0,
                  "Actual Startup Time": 109.001,
                  "Actual Total Time": 304.651,
                  "Actual Rows": 67025,
                  "Actual Loops": 6,
                  "Inner Unique": false,
                  "Join Filter": "(t.id = ci.movie_id)",
                  "Rows Removed by Join Filter": 0,
                  "Plans": [
                    {
                      "Node Type": "Hash Join",
                      "Parent Relationship": "Outer",
                      "Parallel Aware": true,
                      "Join Type": "Inner",
                      "Startup Cost": 60699.39,
                      "Total Cost": 225190.85,
                      "Plan Rows": 6070,
                      "Plan Width": 8,
                      "Actual Startup Time": 108.817,
                      "Actual Total Time": 145.284,
                      "Actual Rows": 2896,
                      "Actual Loops": 6,
                      "Inner Unique": true,
                      "Hash Cond": "(mi.movie_id = t.id)",
                      "Plans": [
                        {
                          "Node Type": "Bitmap Heap Scan",
                          "Parent Relationship": "Outer",
                          "Parallel Aware": true,
                          "Relation Name": "movie_info",
                          "Alias": "mi",
                          "Startup Cost": 14929.45,
                          "Total Cost": 178987.3,
                          "Plan Rows": 165188,
                          "Plan Width": 4,
                          "Actual Startup Time": 24.334,
                          "Actual Total Time": 37.655,
                          "Actual Rows": 133690,
                          "Actual Loops": 6,
                          "Recheck Cond": "(info_type_id = 1)",
                          "Rows Removed by Index Recheck": 0,
                          "Exact Heap Blocks": 1574,
                          "Lossy Heap Blocks": 0,
                          "Plans": [
                            {
                              "Node Type": "Bitmap Index Scan",
                              "Parent Relationship": "Outer",
                              "Parallel Aware": false,
                              "Index Name": "info_type_id_movie_info",
                              "Startup Cost": 0.0,
                              "Total Cost": 14722.97,
                              "Plan Rows": 825938,
                              "Plan Width": 0,
                              "Actual Startup Time": 23.504,
                              "Actual Total Time": 23.505,
                              "Actual Rows": 802140,
                              "Actual Loops": 1,
                              "Index Cond": "(info_type_id = 1)"
                            }
                          ]
                        },
                        {
                          "Node Type": "Hash",
                          "Parent Relationship": "Inner",
                          "Parallel Aware": true,
                          "Startup Cost": 45479.59,
                          "Total Cost": 45479.59,
                          "Plan Rows": 23228,
                          "Plan Width": 4,
                          "Actual Startup Time": 83.339,
                          "Actual Total Time": 83.34,
                          "Actual Rows": 16765,
                          "Actual Loops": 6,
                          "Hash Buckets": 131072,
                          "Original Hash Buckets": 131072,
                          "Hash Batches": 1,
                          "Original Hash Batches": 1,
                          "Peak Memory Usage": 5088,
                          "Plans": [
                            {
                              "Node Type": "Seq Scan",
                              "Parent Relationship": "Outer",
                              "Parallel Aware": true,
                              "Relation Name": "title",
                              "Alias": "t",
                              "Startup Cost": 0.0,
                              "Total Cost": 45479.59,
                              "Plan Rows": 23228,
                              "Plan Width": 4,
                              "Actual Startup Time": 0.056,
                              "Actual Total Time": 76.024,
                              "Actual Rows": 16765,
                              "Actual Loops": 6,
                              "Filter": "((kind_id > 1) AND (production_year = 2009))",
                              "Rows Removed by Filter": 404620
                            }
                          ]
                        }
                      ]
                    },
                    {
                      "Node Type": "Index Only Scan",
                      "Parent Relationship": "Inner",
                      "Parallel Aware": false,
                      "Scan Direction": "Forward",
                      "Index Name": "movie_id_cast_info",
                      "Relation Name": "cast_info",
                      "Alias": "ci",
                      "Startup Cost": 0.56,
                      "Total Cost": 3.03,
                      "Plan Rows": 35,
                      "Plan Width": 4,
                      "Actual Startup Time": 0.009,
                      "Actual Total Time": 0.052,
                      "Actual Rows": 23,
                      "Actual Loops": 17376,
                      "Index Cond": "(movie_id = mi.movie_id)",
                      "Rows Removed by Index Recheck": 0,
                      "Heap Fetches": 402149
                    }
                  ]
                }
              ]
            }
          ]
        }
      ]
    },
    "Planning Time": 0.876,
    "Triggers": [],
    "Execution Time": 359.441
  }
]