{
    "Plan": {
        "Node Type": "Aggregate",
        "Strategy": "Plain",
        "Partial Mode": "Finalize",
        "Parallel Aware": false,
        "Startup Cost": 449834.23,
        "Total Cost": 449834.24,
        "Plan Rows": 1,
        "Plan Width": 8,
        "Actual Startup Time": 2261.496,
        "Actual Total Time": 2305.657,
        "Actual Rows": 1,
        "Actual Loops": 1,
        "Output": [
            "count(*)"
        ],
        "Plans": [
            {
                "Node Type": "Gather",
                "Parent Relationship": "Outer",
                "Parallel Aware": false,
                "Startup Cost": 449833.6,
                "Total Cost": 449834.21,
                "Plan Rows": 6,
                "Plan Width": 8,
                "Actual Startup Time": 2235.002,
                "Actual Total Time": 2305.644,
                "Actual Rows": 7,
                "Actual Loops": 1,
                "Output": [
                    "(PARTIAL count(*))"
                ],
                "Workers Planned": 6,
                "Workers Launched": 6,
                "Single Copy": false,
                "Plans": [
                    {
                        "Node Type": "Aggregate",
                        "Strategy": "Plain",
                        "Partial Mode": "Partial",
                        "Parent Relationship": "Outer",
                        "Parallel Aware": false,
                        "Startup Cost": 448833.6,
                        "Total Cost": 448833.61,
                        "Plan Rows": 1,
                        "Plan Width": 8,
                        "Actual Startup Time": 2220.501,
                        "Actual Total Time": 2221.154,
                        "Actual Rows": 1,
                        "Actual Loops": 7,
                        "Output": [
                            "PARTIAL count(*)"
                        ],
                        "Workers": [
                            {
                                "Worker Number": 0,
                                "Actual Startup Time": 2217.469,
                                "Actual Total Time": 2217.476,
                                "Actual Rows": 1,
                                "Actual Loops": 1
                            },
                            {
                                "Worker Number": 1,
                                "Actual Startup Time": 2221.224,
                                "Actual Total Time": 2221.229,
                                "Actual Rows": 1,
                                "Actual Loops": 1
                            },
                            {
                                "Worker Number": 2,
                                "Actual Startup Time": 2217.631,
                                "Actual Total Time": 2217.635,
                                "Actual Rows": 1,
                                "Actual Loops": 1
                            },
                            {
                                "Worker Number": 3,
                                "Actual Startup Time": 2217.58,
                                "Actual Total Time": 2217.585,
                                "Actual Rows": 1,
                                "Actual Loops": 1
                            },
                            {
                                "Worker Number": 4,
                                "Actual Startup Time": 2217.799,
                                "Actual Total Time": 2217.805,
                                "Actual Rows": 1,
                                "Actual Loops": 1
                            },
                            {
                                "Worker Number": 5,
                                "Actual Startup Time": 2217.829,
                                "Actual Total Time": 2217.834,
                                "Actual Rows": 1,
                                "Actual Loops": 1
                            }
                        ],
                        "Plans": [
                            {
                                "Node Type": "Hash Join",
                                "Parent Relationship": "Outer",
                                "Parallel Aware": true,
                                "Join Type": "Inner",
                                "Startup Cost": 94454.54,
                                "Total Cost": 446868.41,
                                "Plan Rows": 786076,
                                "Plan Width": 0,
                                "Actual Startup Time": 616.76,
                                "Actual Total Time": 1905.823,
                                "Actual Rows": 6613339,
                                "Actual Loops": 7,
                                "Inner Unique": false,
                                "Hash Cond": "(ci.movie_id = t.id)",
                                "Workers": [
                                    {
                                        "Worker Number": 0,
                                        "Actual Startup Time": 614.382,
                                        "Actual Total Time": 1883.116,
                                        "Actual Rows": 5227243,
                                        "Actual Loops": 1
                                    },
                                    {
                                        "Worker Number": 1,
                                        "Actual Startup Time": 614.408,
                                        "Actual Total Time": 1887.362,
                                        "Actual Rows": 5277192,
                                        "Actual Loops": 1
                                    },
                                    {
                                        "Worker Number": 2,
                                        "Actual Startup Time": 614.377,
                                        "Actual Total Time": 1911.646,
                                        "Actual Rows": 7713892,
                                        "Actual Loops": 1
                                    },
                                    {
                                        "Worker Number": 3,
                                        "Actual Startup Time": 614.421,
                                        "Actual Total Time": 1888.728,
                                        "Actual Rows": 5458781,
                                        "Actual Loops": 1
                                    },
                                    {
                                        "Worker Number": 4,
                                        "Actual Startup Time": 614.482,
                                        "Actual Total Time": 1924.245,
                                        "Actual Rows": 7313678,
                                        "Actual Loops": 1
                                    },
                                    {
                                        "Worker Number": 5,
                                        "Actual Startup Time": 614.468,
                                        "Actual Total Time": 1924.588,
                                        "Actual Rows": 7307622,
                                        "Actual Loops": 1
                                    }
                                ],
                                "Plans": [
                                    {
                                        "Node Type": "Index Scan",
                                        "Parent Relationship": "Outer",
                                        "Parallel Aware": true,
                                        "Scan Direction": "Forward",
                                        "Index Name": "role_id_cast_info",
                                        "Relation Name": "cast_info",
                                        "Schema": "public",
                                        "Alias": "ci",
                                        "Startup Cost": 0.56,
                                        "Total Cost": 342814.42,
                                        "Plan Rows": 1883809,
                                        "Plan Width": 4,
                                        "Actual Startup Time": 100.712,
                                        "Actual Total Time": 437.093,
                                        "Actual Rows": 1377469,
                                        "Actual Loops": 7,
                                        "Output": [
                                            "ci.id",
                                            "ci.person_id",
                                            "ci.movie_id",
                                            "ci.person_role_id",
                                            "ci.note",
                                            "ci.nr_order",
                                            "ci.role_id"
                                        ],
                                        "Index Cond": "(ci.role_id = 1)",
                                        "Rows Removed by Index Recheck": 0,
                                        "Filter": "(ci.person_id > 403743)",
                                        "Rows Removed by Filter": 432629,
                                        "Workers": [
                                            {
                                                "Worker Number": 0,
                                                "Actual Startup Time": 100.758,
                                                "Actual Total Time": 444.37,
                                                "Actual Rows": 1044810,
                                                "Actual Loops": 1
                                            },
                                            {
                                                "Worker Number": 1,
                                                "Actual Startup Time": 100.697,
                                                "Actual Total Time": 444.164,
                                                "Actual Rows": 1069746,
                                                "Actual Loops": 1
                                            },
                                            {
                                                "Worker Number": 2,
                                                "Actual Startup Time": 100.688,
                                                "Actual Total Time": 446.664,
                                                "Actual Rows": 1625521,
                                                "Actual Loops": 1
                                            },
                                            {
                                                "Worker Number": 3,
                                                "Actual Startup Time": 100.751,
                                                "Actual Total Time": 448.676,
                                                "Actual Rows": 1133340,
                                                "Actual Loops": 1
                                            },
                                            {
                                                "Worker Number": 4,
                                                "Actual Startup Time": 100.692,
                                                "Actual Total Time": 440.257,
                                                "Actual Rows": 1522560,
                                                "Actual Loops": 1
                                            },
                                            {
                                                "Worker Number": 5,
                                                "Actual Startup Time": 100.695,
                                                "Actual Total Time": 442.771,
                                                "Actual Rows": 1536939,
                                                "Actual Loops": 1
                                            }
                                        ]
                                    },
                                    {
                                        "Node Type": "Hash",
                                        "Parent Relationship": "Inner",
                                        "Parallel Aware": true,
                                        "Startup Cost": 90199.86,
                                        "Total Cost": 90199.86,
                                        "Plan Rows": 340329,
                                        "Plan Width": 8,
                                        "Actual Startup Time": 511.567,
                                        "Actual Total Time": 512.218,
                                        "Actual Rows": 398849,
                                        "Actual Loops": 7,
                                        "Output": [
                                            "t.id",
                                            "mk.movie_id"
                                        ],
                                        "Hash Buckets": 4194304,
                                        "Original Hash Buckets": 2097152,
                                        "Hash Batches": 1,
                                        "Original Hash Batches": 1,
                                        "Peak Memory Usage": 158464,
                                        "Workers": [
                                            {
                                                "Worker Number": 0,
                                                "Actual Startup Time": 513.241,
                                                "Actual Total Time": 513.245,
                                                "Actual Rows": 317356,
                                                "Actual Loops": 1
                                            },
                                            {
                                                "Worker Number": 1,
                                                "Actual Startup Time": 513.297,
                                                "Actual Total Time": 513.3,
                                                "Actual Rows": 317106,
                                                "Actual Loops": 1
                                            },
                                            {
                                                "Worker Number": 2,
                                                "Actual Startup Time": 513.283,
                                                "Actual Total Time": 513.286,
                                                "Actual Rows": 458992,
                                                "Actual Loops": 1
                                            },
                                            {
                                                "Worker Number": 3,
                                                "Actual Startup Time": 513.175,
                                                "Actual Total Time": 513.177,
                                                "Actual Rows": 315747,
                                                "Actual Loops": 1
                                            },
                                            {
                                                "Worker Number": 4,
                                                "Actual Startup Time": 513.28,
                                                "Actual Total Time": 513.284,
                                                "Actual Rows": 435333,
                                                "Actual Loops": 1
                                            },
                                            {
                                                "Worker Number": 5,
                                                "Actual Startup Time": 513.267,
                                                "Actual Total Time": 513.27,
                                                "Actual Rows": 438241,
                                                "Actual Loops": 1
                                            }
                                        ],
                                        "Plans": [
                                            {
                                                "Node Type": "Hash Join",
                                                "Parent Relationship": "Outer",
                                                "Parallel Aware": true,
                                                "Join Type": "Inner",
                                                "Startup Cost": 47321.78,
                                                "Total Cost": 90199.86,
                                                "Plan Rows": 340329,
                                                "Plan Width": 8,
                                                "Actual Startup Time": 151.428,
                                                "Actual Total Time": 316.25,
                                                "Actual Rows": 398849,
                                                "Actual Loops": 7,
                                                "Output": [
                                                    "t.id",
                                                    "mk.movie_id"
                                                ],
                                                "Inner Unique": true,
                                                "Hash Cond": "(mk.movie_id = t.id)",
                                                "Workers": [
                                                    {
                                                        "Worker Number": 0,
                                                        "Actual Startup Time": 151.446,
                                                        "Actual Total Time": 316.132,
                                                        "Actual Rows": 317356,
                                                        "Actual Loops": 1
                                                    },
                                                    {
                                                        "Worker Number": 1,
                                                        "Actual Startup Time": 151.444,
                                                        "Actual Total Time": 315.392,
                                                        "Actual Rows": 317106,
                                                        "Actual Loops": 1
                                                    },
                                                    {
                                                        "Worker Number": 2,
                                                        "Actual Startup Time": 151.408,
                                                        "Actual Total Time": 316.189,
                                                        "Actual Rows": 458992,
                                                        "Actual Loops": 1
                                                    },
                                                    {
                                                        "Worker Number": 3,
                                                        "Actual Startup Time": 151.424,
                                                        "Actual Total Time": 319.586,
                                                        "Actual Rows": 315747,
                                                        "Actual Loops": 1
                                                    },
                                                    {
                                                        "Worker Number": 4,
                                                        "Actual Startup Time": 151.393,
                                                        "Actual Total Time": 316.074,
                                                        "Actual Rows": 435333,
                                                        "Actual Loops": 1
                                                    },
                                                    {
                                                        "Worker Number": 5,
                                                        "Actual Startup Time": 151.378,
                                                        "Actual Total Time": 315.688,
                                                        "Actual Rows": 438241,
                                                        "Actual Loops": 1
                                                    }
                                                ],
                                                "Plans": [
                                                    {
                                                        "Node Type": "Seq Scan",
                                                        "Parent Relationship": "Outer",
                                                        "Parallel Aware": true,
                                                        "Relation Name": "movie_keyword",
                                                        "Schema": "public",
                                                        "Alias": "mk",
                                                        "Startup Cost": 0.0,
                                                        "Total Cost": 39047.32,
                                                        "Plan Rows": 1459332,
                                                        "Plan Width": 4,
                                                        "Actual Startup Time": 0.019,
                                                        "Actual Total Time": 78.243,
                                                        "Actual Rows": 646276,
                                                        "Actual Loops": 7,
                                                        "Output": [
                                                            "mk.id",
                                                            "mk.movie_id",
                                                            "mk.keyword_id"
                                                        ],
                                                        "Workers": [
                                                            {
                                                                "Worker Number": 0,
                                                                "Actual Startup Time": 0.032,
                                                                "Actual Total Time": 80.665,
                                                                "Actual Rows": 507455,
                                                                "Actual Loops": 1
                                                            },
                                                            {
                                                                "Worker Number": 1,
                                                                "Actual Startup Time": 0.017,
                                                                "Actual Total Time": 80.595,
                                                                "Actual Rows": 510970,
                                                                "Actual Loops": 1
                                                            },
                                                            {
                                                                "Worker Number": 2,
                                                                "Actual Startup Time": 0.012,
                                                                "Actual Total Time": 81.728,
                                                                "Actual Rows": 740865,
                                                                "Actual Loops": 1
                                                            },
                                                            {
                                                                "Worker Number": 3,
                                                                "Actual Startup Time": 0.014,
                                                                "Actual Total Time": 79.181,
                                                                "Actual Rows": 504680,
                                                                "Actual Loops": 1
                                                            },
                                                            {
                                                                "Worker Number": 4,
                                                                "Actual Startup Time": 0.029,
                                                                "Actual Total Time": 81.398,
                                                                "Actual Rows": 703555,
                                                                "Actual Loops": 1
                                                            },
                                                            {
                                                                "Worker Number": 5,
                                                                "Actual Startup Time": 0.027,
                                                                "Actual Total Time": 81.301,
                                                                "Actual Rows": 703000,
                                                                "Actual Loops": 1
                                                            }
                                                        ]
                                                    },
                                                    {
                                                        "Node Type": "Hash",
                                                        "Parent Relationship": "Inner",
                                                        "Parallel Aware": true,
                                                        "Startup Cost": 45479.21,
                                                        "Total Cost": 45479.21,
                                                        "Plan Rows": 147406,
                                                        "Plan Width": 4,
                                                        "Actual Startup Time": 120.447,
                                                        "Actual Total Time": 120.448,
                                                        "Actual Rows": 84961,
                                                        "Actual Loops": 7,
                                                        "Output": [
                                                            "t.id"
                                                        ],
                                                        "Hash Buckets": 1048576,
                                                        "Original Hash Buckets": 1048576,
                                                        "Hash Batches": 1,
                                                        "Original Hash Batches": 1,
                                                        "Peak Memory Usage": 31488,
                                                        "Workers": [
                                                            {
                                                                "Worker Number": 0,
                                                                "Actual Startup Time": 121.448,
                                                                "Actual Total Time": 121.449,
                                                                "Actual Rows": 67894,
                                                                "Actual Loops": 1
                                                            },
                                                            {
                                                                "Worker Number": 1,
                                                                "Actual Startup Time": 121.467,
                                                                "Actual Total Time": 121.469,
                                                                "Actual Rows": 68701,
                                                                "Actual Loops": 1
                                                            },
                                                            {
                                                                "Worker Number": 2,
                                                                "Actual Startup Time": 121.426,
                                                                "Actual Total Time": 121.427,
                                                                "Actual Rows": 98928,
                                                                "Actual Loops": 1
                                                            },
                                                            {
                                                                "Worker Number": 3,
                                                                "Actual Startup Time": 121.591,
                                                                "Actual Total Time": 121.592,
                                                                "Actual Rows": 68607,
                                                                "Actual Loops": 1
                                                            },
                                                            {
                                                                "Worker Number": 4,
                                                                "Actual Startup Time": 121.553,
                                                                "Actual Total Time": 121.554,
                                                                "Actual Rows": 86477,
                                                                "Actual Loops": 1
                                                            },
                                                            {
                                                                "Worker Number": 5,
                                                                "Actual Startup Time": 121.427,
                                                                "Actual Total Time": 121.427,
                                                                "Actual Rows": 87176,
                                                                "Actual Loops": 1
                                                            }
                                                        ],
                                                        "Plans": [
                                                            {
                                                                "Node Type": "Seq Scan",
                                                                "Parent Relationship": "Outer",
                                                                "Parallel Aware": true,
                                                                "Relation Name": "title",
                                                                "Schema": "public",
                                                                "Alias": "t",
                                                                "Startup Cost": 0.0,
                                                                "Total Cost": 45479.21,
                                                                "Plan Rows": 147406,
                                                                "Plan Width": 4,
                                                                "Actual Startup Time": 48.415,
                                                                "Actual Total Time": 79.603,
                                                                "Actual Rows": 84961,
                                                                "Actual Loops": 7,
                                                                "Output": [
                                                                    "t.id"
                                                                ],
                                                                "Filter": "((t.production_year < 2012) AND (t.kind_id = 1))",
                                                                "Rows Removed by Filter": 276226,
                                                                "Workers": [
                                                                    {
                                                                        "Worker Number": 0,
                                                                        "Actual Startup Time": 48.49,
                                                                        "Actual Total Time": 81.423,
                                                                        "Actual Rows": 67894,
                                                                        "Actual Loops": 1
                                                                    },
                                                                    {
                                                                        "Worker Number": 1,
                                                                        "Actual Startup Time": 48.285,
                                                                        "Actual Total Time": 80.857,
                                                                        "Actual Rows": 68701,
                                                                        "Actual Loops": 1
                                                                    },
                                                                    {
                                                                        "Worker Number": 2,
                                                                        "Actual Startup Time": 48.296,
                                                                        "Actual Total Time": 79.73,
                                                                        "Actual Rows": 98928,
                                                                        "Actual Loops": 1
                                                                    },
                                                                    {
                                                                        "Worker Number": 3,
                                                                        "Actual Startup Time": 48.51,
                                                                        "Actual Total Time": 80.534,
                                                                        "Actual Rows": 68607,
                                                                        "Actual Loops": 1
                                                                    },
                                                                    {
                                                                        "Worker Number": 4,
                                                                        "Actual Startup Time": 48.391,
                                                                        "Actual Total Time": 78.842,
                                                                        "Actual Rows": 86477,
                                                                        "Actual Loops": 1
                                                                    },
                                                                    {
                                                                        "Worker Number": 5,
                                                                        "Actual Startup Time": 48.284,
                                                                        "Actual Total Time": 78.899,
                                                                        "Actual Rows": 87176,
                                                                        "Actual Loops": 1
                                                                    }
                                                                ]
                                                            }
                                                        ]
                                                    }
                                                ]
                                            }
                                        ]
                                    }
                                ]
                            }
                        ]
                    }
                ]
            }
        ]
    },
    "Planning Time": 1.542,
    "Triggers": [],
    "Execution Time": 2305.756
}