[
    {
        "Bao": {
            "Bao prediction": "NaN",
            "Bao recommended hint": "(no hint)"
        }
    },
    {
        "Plan": {
            "Node Type": "Aggregate",
            "Strategy": "Plain",
            "Partial Mode": "Finalize",
            "Parallel Aware": false,
            "Startup Cost": 70767.67,
            "Total Cost": 70767.68,
            "Plan Rows": 1,
            "Plan Width": 8,
            "Actual Startup Time": 138.021,
            "Actual Total Time": 147.204,
            "Actual Rows": 1,
            "Actual Loops": 1,
            "Output": [
                "count(*)"
            ],
            "Plans": [
                {
                    "Node Type": "Gather",
                    "Parent Relationship": "Outer",
                    "Parallel Aware": false,
                    "Startup Cost": 70767.35,
                    "Total Cost": 70767.66,
                    "Plan Rows": 3,
                    "Plan Width": 8,
                    "Actual Startup Time": 137.688,
                    "Actual Total Time": 147.194,
                    "Actual Rows": 4,
                    "Actual Loops": 1,
                    "Output": [
                        "(PARTIAL count(*))"
                    ],
                    "Workers Planned": 3,
                    "Workers Launched": 3,
                    "Single Copy": false,
                    "Plans": [
                        {
                            "Node Type": "Aggregate",
                            "Strategy": "Plain",
                            "Partial Mode": "Partial",
                            "Parent Relationship": "Outer",
                            "Parallel Aware": false,
                            "Startup Cost": 69767.35,
                            "Total Cost": 69767.36,
                            "Plan Rows": 1,
                            "Plan Width": 8,
                            "Actual Startup Time": 128.773,
                            "Actual Total Time": 128.776,
                            "Actual Rows": 1,
                            "Actual Loops": 4,
                            "Output": [
                                "PARTIAL count(*)"
                            ],
                            "Workers": [
                                {
                                    "Worker Number": 0,
                                    "Actual Startup Time": 125.627,
                                    "Actual Total Time": 125.629,
                                    "Actual Rows": 1,
                                    "Actual Loops": 1
                                },
                                {
                                    "Worker Number": 1,
                                    "Actual Startup Time": 125.767,
                                    "Actual Total Time": 125.77,
                                    "Actual Rows": 1,
                                    "Actual Loops": 1
                                },
                                {
                                    "Worker Number": 2,
                                    "Actual Startup Time": 126.353,
                                    "Actual Total Time": 126.356,
                                    "Actual Rows": 1,
                                    "Actual Loops": 1
                                }
                            ],
                            "Plans": [
                                {
                                    "Node Type": "Hash Join",
                                    "Parent Relationship": "Outer",
                                    "Parallel Aware": true,
                                    "Join Type": "Inner",
                                    "Startup Cost": 38121.28,
                                    "Total Cost": 69764.5,
                                    "Plan Rows": 1143,
                                    "Plan Width": 0,
                                    "Actual Startup Time": 81.047,
                                    "Actual Total Time": 128.618,
                                    "Actual Rows": 2929,
                                    "Actual Loops": 4,
                                    "Inner Unique": true,
                                    "Hash Cond": "(mc.movie_id = t.id)",
                                    "Workers": [
                                        {
                                            "Worker Number": 0,
                                            "Actual Startup Time": 77.878,
                                            "Actual Total Time": 125.467,
                                            "Actual Rows": 2974,
                                            "Actual Loops": 1
                                        },
                                        {
                                            "Worker Number": 1,
                                            "Actual Startup Time": 78.06,
                                            "Actual Total Time": 125.607,
                                            "Actual Rows": 2699,
                                            "Actual Loops": 1
                                        },
                                        {
                                            "Worker Number": 2,
                                            "Actual Startup Time": 78.631,
                                            "Actual Total Time": 126.196,
                                            "Actual Rows": 2932,
                                            "Actual Loops": 1
                                        }
                                    ],
                                    "Plans": [
                                        {
                                            "Node Type": "Seq Scan",
                                            "Parent Relationship": "Outer",
                                            "Parallel Aware": true,
                                            "Relation Name": "movie_companies",
                                            "Schema": "public",
                                            "Alias": "mc",
                                            "Startup Cost": 0.0,
                                            "Total Cost": 31414.82,
                                            "Plan Rows": 87008,
                                            "Plan Width": 4,
                                            "Actual Startup Time": 28.115,
                                            "Actual Total Time": 62.271,
                                            "Actual Rows": 132348,
                                            "Actual Loops": 4,
                                            "Output": [
                                                "mc.id",
                                                "mc.movie_id",
                                                "mc.company_id",
                                                "mc.company_type_id",
                                                "mc.note"
                                            ],
                                            "Filter": "((mc.company_id > 72776) AND (mc.company_type_id > 1))",
                                            "Rows Removed by Filter": 519935,
                                            "Workers": [
                                                {
                                                    "Worker Number": 0,
                                                    "Actual Startup Time": 28.118,
                                                    "Actual Total Time": 62.648,
                                                    "Actual Rows": 129908,
                                                    "Actual Loops": 1
                                                },
                                                {
                                                    "Worker Number": 1,
                                                    "Actual Startup Time": 28.127,
                                                    "Actual Total Time": 62.073,
                                                    "Actual Rows": 121761,
                                                    "Actual Loops": 1
                                                },
                                                {
                                                    "Worker Number": 2,
                                                    "Actual Startup Time": 28.099,
                                                    "Actual Total Time": 62.38,
                                                    "Actual Rows": 130307,
                                                    "Actual Loops": 1
                                                }
                                            ]
                                        },
                                        {
                                            "Node Type": "Hash",
                                            "Parent Relationship": "Inner",
                                            "Parallel Aware": true,
                                            "Startup Cost": 38017.46,
                                            "Total Cost": 38017.46,
                                            "Plan Rows": 8306,
                                            "Plan Width": 4,
                                            "Actual Startup Time": 52.479,
                                            "Actual Total Time": 52.48,
                                            "Actual Rows": 7457,
                                            "Actual Loops": 4,
                                            "Output": [
                                                "t.id"
                                            ],
                                            "Hash Buckets": 65536,
                                            "Original Hash Buckets": 65536,
                                            "Hash Batches": 1,
                                            "Original Hash Batches": 1,
                                            "Peak Memory Usage": 1728,
                                            "Workers": [
                                                {
                                                    "Worker Number": 0,
                                                    "Actual Startup Time": 49.435,
                                                    "Actual Total Time": 49.435,
                                                    "Actual Rows": 3968,
                                                    "Actual Loops": 1
                                                },
                                                {
                                                    "Worker Number": 1,
                                                    "Actual Startup Time": 49.55,
                                                    "Actual Total Time": 49.552,
                                                    "Actual Rows": 3457,
                                                    "Actual Loops": 1
                                                },
                                                {
                                                    "Worker Number": 2,
                                                    "Actual Startup Time": 50.121,
                                                    "Actual Total Time": 50.122,
                                                    "Actual Rows": 3987,
                                                    "Actual Loops": 1
                                                }
                                            ],
                                            "Plans": [
                                                {
                                                    "Node Type": "Bitmap Heap Scan",
                                                    "Parent Relationship": "Outer",
                                                    "Parallel Aware": true,
                                                    "Relation Name": "title",
                                                    "Schema": "public",
                                                    "Alias": "t",
                                                    "Startup Cost": 1670.55,
                                                    "Total Cost": 38017.46,
                                                    "Plan Rows": 8306,
                                                    "Plan Width": 4,
                                                    "Actual Startup Time": 6.33,
                                                    "Actual Total Time": 49.247,
                                                    "Actual Rows": 7457,
                                                    "Actual Loops": 4,
                                                    "Output": [
                                                        "t.id"
                                                    ],
                                                    "Recheck Cond": "(t.kind_id = 2)",
                                                    "Rows Removed by Index Recheck": 0,
                                                    "Filter": "(t.production_year > 2006)",
                                                    "Rows Removed by Filter": 15256,
                                                    "Exact Heap Blocks": 14595,
                                                    "Lossy Heap Blocks": 0,
                                                    "Workers": [
                                                        {
                                                            "Worker Number": 0,
                                                            "Actual Startup Time": 3.38,
                                                            "Actual Total Time": 46.631,
                                                            "Actual Rows": 3968,
                                                            "Actual Loops": 1
                                                        },
                                                        {
                                                            "Worker Number": 1,
                                                            "Actual Startup Time": 3.57,
                                                            "Actual Total Time": 46.825,
                                                            "Actual Rows": 3457,
                                                            "Actual Loops": 1
                                                        },
                                                        {
                                                            "Worker Number": 2,
                                                            "Actual Startup Time": 3.906,
                                                            "Actual Total Time": 47.267,
                                                            "Actual Rows": 3987,
                                                            "Actual Loops": 1
                                                        }
                                                    ],
                                                    "Plans": [
                                                        {
                                                            "Node Type": "Bitmap Index Scan",
                                                            "Parent Relationship": "Outer",
                                                            "Parallel Aware": false,
                                                            "Index Name": "kind_id_title",
                                                            "Startup Cost": 0.0,
                                                            "Total Cost": 1662.25,
                                                            "Plan Rows": 93042,
                                                            "Plan Width": 0,
                                                            "Actual Startup Time": 10.143,
                                                            "Actual Total Time": 10.143,
                                                            "Actual Rows": 90852,
                                                            "Actual Loops": 1,
                                                            "Index Cond": "(t.kind_id = 2)"
                                                        }
                                                    ]
                                                }
                                            ]
                                        }
                                    ]
                                }
                            ]
                        }
                    ]
                }
            ]
        },
        "Planning Time": 180.615,
        "Triggers": [],
        "Execution Time": 147.278
    }
]