[
  {
    "Plan": {
      "Node Type": "Aggregate",
      "Strategy": "Plain",
      "Partial Mode": "Finalize",
      "Parallel Aware": false,
      "Startup Cost": 341761.45,
      "Total Cost": 341761.46,
      "Plan Rows": 1,
      "Plan Width": 8,
      "Actual Startup Time": 794.974,
      "Actual Total Time": 839.655,
      "Actual Rows": 1,
      "Actual Loops": 1,
      "Plans": [
        {
          "Node Type": "Gather",
          "Parent Relationship": "Outer",
          "Parallel Aware": false,
          "Startup Cost": 341760.82,
          "Total Cost": 341761.43,
          "Plan Rows": 6,
          "Plan Width": 8,
          "Actual Startup Time": 794.659,
          "Actual Total Time": 839.641,
          "Actual Rows": 7,
          "Actual Loops": 1,
          "Workers Planned": 6,
          "Workers Launched": 6,
          "Single Copy": false,
          "Plans": [
            {
              "Node Type": "Aggregate",
              "Strategy": "Plain",
              "Partial Mode": "Partial",
              "Parent Relationship": "Outer",
              "Parallel Aware": false,
              "Startup Cost": 340760.82,
              "Total Cost": 340760.83,
              "Plan Rows": 1,
              "Plan Width": 8,
              "Actual Startup Time": 785.556,
              "Actual Total Time": 785.558,
              "Actual Rows": 1,
              "Actual Loops": 7,
              "Plans": [
                {
                  "Node Type": "Seq Scan",
                  "Parent Relationship": "Outer",
                  "Parallel Aware": true,
                  "Relation Name": "cast_info",
                  "Alias": "ci",
                  "Startup Cost": 0.0,
                  "Total Cost": 328211.39,
                  "Plan Rows": 5019773,
                  "Plan Width": 0,
                  "Actual Startup Time": 0.064,
                  "Actual Total Time": 595.771,
                  "Actual Rows": 4308464,
                  "Actual Loops": 7,
                  "Filter": "(person_id < 3040781)",
                  "Rows Removed by Filter": 869300
                }
              ]
            }
          ]
        }
      ]
    },
    "Planning Time": 0.12,
    "Triggers": [],
    "Execution Time": 839.704
  }
]