{
  "Plan": {
    "Node Type": "Aggregate",
    "Strategy": "Plain",
    "Partial Mode": "Finalize",
    "Parallel Aware": false,
    "Startup Cost": 546819.1,
    "Total Cost": 546819.11,
    "Plan Rows": 1,
    "Plan Width": 8,
    "Actual Startup Time": 278.544,
    "Actual Total Time": 306.673,
    "Actual Rows": 1,
    "Actual Loops": 1,
    "Plans": [
      {
        "Node Type": "Gather",
        "Parent Relationship": "Outer",
        "Parallel Aware": false,
        "Startup Cost": 546818.99,
        "Total Cost": 546819.1,
        "Plan Rows": 1,
        "Plan Width": 8,
        "Actual Startup Time": 278.421,
        "Actual Total Time": 306.665,
        "Actual Rows": 2,
        "Actual Loops": 1,
        "Workers Planned": 1,
        "Workers Launched": 1,
        "Single Copy": false,
        "Plans": [
          {
            "Node Type": "Aggregate",
            "Strategy": "Plain",
            "Partial Mode": "Partial",
            "Parent Relationship": "Outer",
            "Parallel Aware": false,
            "Startup Cost": 545818.99,
            "Total Cost": 545819.0,
            "Plan Rows": 1,
            "Plan Width": 8,
            "Actual Startup Time": 272.681,
            "Actual Total Time": 272.683,
            "Actual Rows": 1,
            "Actual Loops": 2,
            "Plans": [
              {
                "Node Type": "Nested Loop",
                "Parent Relationship": "Outer",
                "Parallel Aware": false,
                "Join Type": "Inner",
                "Startup Cost": 0.56,
                "Total Cost": 545666.38,
                "Plan Rows": 61044,
                "Plan Width": 0,
                "Actual Startup Time": 0.332,
                "Actual Total Time": 269.316,
                "Actual Rows": 43140,
                "Actual Loops": 2,
                "Inner Unique": false,
                "Plans": [
                  {
                    "Node Type": "Seq Scan",
                    "Parent Relationship": "Outer",
                    "Parallel Aware": true,
                    "Relation Name": "title",
                    "Alias": "t",
                    "Startup Cost": 0.0,
                    "Total Cost": 58306.47,
                    "Plan Rows": 5062,
                    "Plan Width": 4,
                    "Actual Startup Time": 0.176,
                    "Actual Total Time": 151.465,
                    "Actual Rows": 4244,
                    "Actual Loops": 2,
                    "Filter": "((kind_id = 7) AND (production_year = 1969))",
                    "Rows Removed by Filter": 1259912
                  },
                  {
                    "Node Type": "Index Scan",
                    "Parent Relationship": "Inner",
                    "Parallel Aware": false,
                    "Scan Direction": "Forward",
                    "Index Name": "movie_id_cast_info",
                    "Relation Name": "cast_info",
                    "Alias": "ci",
                    "Startup Cost": 0.56,
                    "Total Cost": 95.97,
                    "Plan Rows": 31,
                    "Plan Width": 4,
                    "Actual Startup Time": 0.007,
                    "Actual Total Time": 0.026,
                    "Actual Rows": 10,
                    "Actual Loops": 8488,
                    "Index Cond": "(movie_id = t.id)",
                    "Rows Removed by Index Recheck": 0,
                    "Filter": "(role_id < 9)",
                    "Rows Removed by Filter": 1
                  }
                ]
              }
            ]
          }
        ]
      }
    ]
  },
  "Planning Time": 0.276,
  "Triggers": [],
  "Execution Time": 306.729
}