[
  {
    "Plan": {
      "Node Type": "Aggregate",
      "Strategy": "Plain",
      "Partial Mode": "Finalize",
      "Parallel Aware": false,
      "Startup Cost": 460262.46,
      "Total Cost": 460262.47,
      "Plan Rows": 1,
      "Plan Width": 8,
      "Actual Startup Time": 2301.737,
      "Actual Total Time": 2362.66,
      "Actual Rows": 1,
      "Actual Loops": 1,
      "Plans": [
        {
          "Node Type": "Gather",
          "Parent Relationship": "Outer",
          "Parallel Aware": false,
          "Startup Cost": 460261.84,
          "Total Cost": 460262.45,
          "Plan Rows": 6,
          "Plan Width": 8,
          "Actual Startup Time": 2290.406,
          "Actual Total Time": 2362.641,
          "Actual Rows": 7,
          "Actual Loops": 1,
          "Workers Planned": 6,
          "Workers Launched": 6,
          "Single Copy": false,
          "Plans": [
            {
              "Node Type": "Aggregate",
              "Strategy": "Plain",
              "Partial Mode": "Partial",
              "Parent Relationship": "Outer",
              "Parallel Aware": false,
              "Startup Cost": 459261.84,
              "Total Cost": 459261.85,
              "Plan Rows": 1,
              "Plan Width": 8,
              "Actual Startup Time": 2275.763,
              "Actual Total Time": 2276.163,
              "Actual Rows": 1,
              "Actual Loops": 7,
              "Plans": [
                {
                  "Node Type": "Hash Join",
                  "Parent Relationship": "Outer",
                  "Parallel Aware": true,
                  "Join Type": "Inner",
                  "Startup Cost": 99291.24,
                  "Total Cost": 451855.29,
                  "Plan Rows": 2962620,
                  "Plan Width": 0,
                  "Actual Startup Time": 679.795,
                  "Actual Total Time": 2131.594,
                  "Actual Rows": 2511745,
                  "Actual Loops": 7,
                  "Inner Unique": false,
                  "Hash Cond": "(ci.movie_id = t.id)",
                  "Plans": [
                    {
                      "Node Type": "Seq Scan",
                      "Parent Relationship": "Outer",
                      "Parallel Aware": true,
                      "Relation Name": "cast_info",
                      "Alias": "ci",
                      "Startup Cost": 0.0,
                      "Total Cost": 328162.03,
                      "Plan Rows": 3958715,
                      "Plan Width": 4,
                      "Actual Startup Time": 248.793,
                      "Actual Total Time": 826.299,
                      "Actual Rows": 3367665,
                      "Actual Loops": 7,
                      "Filter": "(role_id > 1)",
                      "Rows Removed by Filter": 1810098
                    },
                    {
                      "Node Type": "Hash",
                      "Parent Relationship": "Inner",
                      "Parallel Aware": true,
                      "Startup Cost": 91661.72,
                      "Total Cost": 91661.72,
                      "Plan Rows": 610362,
                      "Plan Width": 8,
                      "Actual Startup Time": 426.201,
                      "Actual Total Time": 426.6,
                      "Actual Rows": 150137,
                      "Actual Loops": 7,
                      "Hash Buckets": 2097152,
                      "Original Hash Buckets": 2097152,
                      "Hash Batches": 1,
                      "Original Hash Batches": 1,
                      "Peak Memory Usage": 57632,
                      "Plans": [
                        {
                          "Node Type": "Hash Join",
                          "Parent Relationship": "Outer",
                          "Parallel Aware": true,
                          "Join Type": "Inner",
                          "Startup Cost": 48783.64,
                          "Total Cost": 91661.72,
                          "Plan Rows": 610362,
                          "Plan Width": 8,
                          "Actual Startup Time": 185.61,
                          "Actual Total Time": 363.037,
                          "Actual Rows": 150137,
                          "Actual Loops": 7,
                          "Inner Unique": true,
                          "Hash Cond": "(mk.movie_id = t.id)",
                          "Plans": [
                            {
                              "Node Type": "Seq Scan",
                              "Parent Relationship": "Outer",
                              "Parallel Aware": true,
                              "Relation Name": "movie_keyword",
                              "Alias": "mk",
                              "Startup Cost": 0.0,
                              "Total Cost": 39047.32,
                              "Plan Rows": 1459332,
                              "Plan Width": 4,
                              "Actual Startup Time": 0.034,
                              "Actual Total Time": 75.089,
                              "Actual Rows": 646276,
                              "Actual Loops": 7
                            },
                            {
                              "Node Type": "Hash",
                              "Parent Relationship": "Inner",
                              "Parallel Aware": true,
                              "Startup Cost": 45479.1,
                              "Total Cost": 45479.1,
                              "Plan Rows": 264363,
                              "Plan Width": 4,
                              "Actual Startup Time": 182.821,
                              "Actual Total Time": 182.822,
                              "Actual Rows": 143324,
                              "Actual Loops": 7,
                              "Hash Buckets": 2097152,
                              "Original Hash Buckets": 2097152,
                              "Hash Batches": 1,
                              "Original Hash Batches": 1,
                              "Peak Memory Usage": 55744,
                              "Plans": [
                                {
                                  "Node Type": "Seq Scan",
                                  "Parent Relationship": "Outer",
                                  "Parallel Aware": true,
                                  "Relation Name": "title",
                                  "Alias": "t",
                                  "Startup Cost": 0.0,
                                  "Total Cost": 45479.1,
                                  "Plan Rows": 264363,
                                  "Plan Width": 4,
                                  "Actual Startup Time": 0.057,
                                  "Actual Total Time": 93.604,
                                  "Actual Rows": 143324,
                                  "Actual Loops": 7,
                                  "Filter": "((kind_id > 1) AND (production_year < 2006))",
                                  "Rows Removed by Filter": 217863
                                }
                              ]
                            }
                          ]
                        }
                      ]
                    }
                  ]
                }
              ]
            }
          ]
        }
      ]
    },
    "Planning Time": 1.299,
    "Triggers": [],
    "Execution Time": 2362.765
  }
]