[
  {
    "Plan": {
      "Node Type": "Aggregate",
      "Strategy": "Plain",
      "Partial Mode": "Finalize",
      "Parallel Aware": false,
      "Startup Cost": 252364.19,
      "Total Cost": 252364.2,
      "Plan Rows": 1,
      "Plan Width": 8,
      "Actual Startup Time": 146.029,
      "Actual Total Time": 169.585,
      "Actual Rows": 1,
      "Actual Loops": 1,
      "Plans": [
        {
          "Node Type": "Gather",
          "Parent Relationship": "Outer",
          "Parallel Aware": false,
          "Startup Cost": 252363.77,
          "Total Cost": 252364.18,
          "Plan Rows": 4,
          "Plan Width": 8,
          "Actual Startup Time": 145.901,
          "Actual Total Time": 169.576,
          "Actual Rows": 5,
          "Actual Loops": 1,
          "Workers Planned": 4,
          "Workers Launched": 4,
          "Single Copy": false,
          "Plans": [
            {
              "Node Type": "Aggregate",
              "Strategy": "Plain",
              "Partial Mode": "Partial",
              "Parent Relationship": "Outer",
              "Parallel Aware": false,
              "Startup Cost": 251363.77,
              "Total Cost": 251363.78,
              "Plan Rows": 1,
              "Plan Width": 8,
              "Actual Startup Time": 136.195,
              "Actual Total Time": 136.197,
              "Actual Rows": 1,
              "Actual Loops": 5,
              "Plans": [
                {
                  "Node Type": "Nested Loop",
                  "Parent Relationship": "Outer",
                  "Parallel Aware": false,
                  "Join Type": "Inner",
                  "Startup Cost": 0.56,
                  "Total Cost": 251287.42,
                  "Plan Rows": 30539,
                  "Plan Width": 0,
                  "Actual Startup Time": 0.48,
                  "Actual Total Time": 134.612,
                  "Actual Rows": 17418,
                  "Actual Loops": 5,
                  "Inner Unique": false,
                  "Plans": [
                    {
                      "Node Type": "Seq Scan",
                      "Parent Relationship": "Outer",
                      "Parallel Aware": true,
                      "Relation Name": "title",
                      "Alias": "t",
                      "Startup Cost": 0.0,
                      "Total Cost": 45479.1,
                      "Plan Rows": 2131,
                      "Plan Width": 4,
                      "Actual Startup Time": 0.204,
                      "Actual Total Time": 66.225,
                      "Actual Rows": 1565,
                      "Actual Loops": 5,
                      "Filter": "((kind_id > 4) AND (production_year = 1965))",
                      "Rows Removed by Filter": 504098
                    },
                    {
                      "Node Type": "Index Only Scan",
                      "Parent Relationship": "Inner",
                      "Parallel Aware": false,
                      "Scan Direction": "Forward",
                      "Index Name": "movie_id_cast_info",
                      "Relation Name": "cast_info",
                      "Alias": "ci",
                      "Startup Cost": 0.56,
                      "Total Cost": 96.21,
                      "Plan Rows": 37,
                      "Plan Width": 4,
                      "Actual Startup Time": 0.01,
                      "Actual Total Time": 0.042,
                      "Actual Rows": 11,
                      "Actual Loops": 7824,
                      "Index Cond": "(movie_id = t.id)",
                      "Rows Removed by Index Recheck": 0,
                      "Heap Fetches": 87090
                    }
                  ]
                }
              ]
            }
          ]
        }
      ]
    },
    "Planning Time": 0.597,
    "Triggers": [],
    "Execution Time": 169.659
  }
]