{
  "Plan": {
    "Node Type": "Aggregate",
    "Strategy": "Plain",
    "Partial Mode": "Simple",
    "Parallel Aware": false,
    "Startup Cost": 179036.26,
    "Total Cost": 179036.27,
    "Plan Rows": 1,
    "Plan Width": 64,
    "Actual Startup Time": 1609.416,
    "Actual Total Time": 1609.52,
    "Actual Rows": 1,
    "Actual Loops": 1,
    "Plans": [
      {
        "Node Type": "Hash Join",
        "Parent Relationship": "Outer",
        "Parallel Aware": false,
        "Join Type": "Inner",
        "Startup Cost": 176409.58,
        "Total Cost": 179036.25,
        "Plan Rows": 1,
        "Plan Width": 23,
        "Actual Startup Time": 1587.201,
        "Actual Total Time": 1609.498,
        "Actual Rows": 6,
        "Actual Loops": 1,
        "Inner Unique": false,
        "Hash Cond": "(k.id = mk.keyword_id)",
        "Plans": [
          {
            "Node Type": "Seq Scan",
            "Parent Relationship": "Outer",
            "Parallel Aware": false,
            "Relation Name": "keyword",
            "Alias": "k",
            "Startup Cost": 0.0,
            "Total Cost": 2626.12,
            "Plan Rows": 13,
            "Plan Width": 4,
            "Actual Startup Time": 3.028,
            "Actual Total Time": 25.199,
            "Actual Rows": 30,
            "Actual Loops": 1,
            "Filter": "(keyword ~~ '%sequel%'::text)",
            "Rows Removed by Filter": 134140
          },
          {
            "Node Type": "Hash",
            "Parent Relationship": "Inner",
            "Parallel Aware": false,
            "Startup Cost": 176407.97,
            "Total Cost": 176407.97,
            "Plan Rows": 129,
            "Plan Width": 27,
            "Actual Startup Time": 1584.097,
            "Actual Total Time": 1584.199,
            "Actual Rows": 1070,
            "Actual Loops": 1,
            "Hash Buckets": 2048,
            "Original Hash Buckets": 1024,
            "Hash Batches": 1,
            "Original Hash Batches": 1,
            "Peak Memory Usage": 73,
            "Plans": [
              {
                "Node Type": "Hash Join",
                "Parent Relationship": "Outer",
                "Parallel Aware": false,
                "Join Type": "Inner",
                "Startup Cost": 89739.54,
                "Total Cost": 176407.97,
                "Plan Rows": 129,
                "Plan Width": 27,
                "Actual Startup Time": 732.35,
                "Actual Total Time": 1583.752,
                "Actual Rows": 1070,
                "Actual Loops": 1,
                "Inner Unique": true,
                "Hash Cond": "(mi_idx.movie_id = t.id)",
                "Plans": [
                  {
                    "Node Type": "Hash Join",
                    "Parent Relationship": "Outer",
                    "Parallel Aware": false,
                    "Join Type": "Inner",
                    "Startup Cost": 17183.68,
                    "Total Cost": 103849.95,
                    "Plan Rows": 823,
                    "Plan Width": 18,
                    "Actual Startup Time": 92.438,
                    "Actual Total Time": 952.535,
                    "Actual Rows": 6032,
                    "Actual Loops": 1,
                    "Inner Unique": false,
                    "Hash Cond": "(mk.movie_id = mi_idx.movie_id)",
                    "Plans": [
                      {
                        "Node Type": "Seq Scan",
                        "Parent Relationship": "Outer",
                        "Parallel Aware": false,
                        "Relation Name": "movie_keyword",
                        "Alias": "mk",
                        "Startup Cost": 0.0,
                        "Total Cost": 69693.3,
                        "Plan Rows": 4523930,
                        "Plan Width": 8,
                        "Actual Startup Time": 0.05,
                        "Actual Total Time": 447.698,
                        "Actual Rows": 4523930,
                        "Actual Loops": 1
                      },
                      {
                        "Node Type": "Hash",
                        "Parent Relationship": "Inner",
                        "Parallel Aware": false,
                        "Startup Cost": 17182.65,
                        "Total Cost": 17182.65,
                        "Plan Rows": 82,
                        "Plan Width": 10,
                        "Actual Startup Time": 81.683,
                        "Actual Total Time": 81.781,
                        "Actual Rows": 305,
                        "Actual Loops": 1,
                        "Hash Buckets": 1024,
                        "Original Hash Buckets": 1024,
                        "Hash Batches": 1,
                        "Original Hash Batches": 1,
                        "Peak Memory Usage": 20,
                        "Plans": [
                          {
                            "Node Type": "Hash Join",
                            "Parent Relationship": "Outer",
                            "Parallel Aware": false,
                            "Join Type": "Inner",
                            "Startup Cost": 17167.81,
                            "Total Cost": 17182.65,
                            "Plan Rows": 82,
                            "Plan Width": 10,
                            "Actual Startup Time": 81.528,
                            "Actual Total Time": 81.704,
                            "Actual Rows": 305,
                            "Actual Loops": 1,
                            "Inner Unique": false,
                            "Hash Cond": "(it.id = mi_idx.info_type_id)",
                            "Plans": [
                              {
                                "Node Type": "Seq Scan",
                                "Parent Relationship": "Outer",
                                "Parallel Aware": false,
                                "Relation Name": "info_type",
                                "Alias": "it",
                                "Startup Cost": 0.0,
                                "Total Cost": 2.41,
                                "Plan Rows": 1,
                                "Plan Width": 4,
                                "Actual Startup Time": 0.064,
                                "Actual Total Time": 0.068,
                                "Actual Rows": 1,
                                "Actual Loops": 1,
                                "Filter": "((info)::text = 'rating'::text)",
                                "Rows Removed by Filter": 112
                              },
                              {
                                "Node Type": "Hash",
                                "Parent Relationship": "Inner",
                                "Parallel Aware": false,
                                "Startup Cost": 17051.68,
                                "Total Cost": 17051.68,
                                "Plan Rows": 9290,
                                "Plan Width": 14,
                                "Actual Startup Time": 81.255,
                                "Actual Total Time": 81.35,
                                "Actual Rows": 8322,
                                "Actual Loops": 1,
                                "Hash Buckets": 16384,
                                "Original Hash Buckets": 16384,
                                "Hash Batches": 1,
                                "Original Hash Batches": 1,
                                "Peak Memory Usage": 489,
                                "Plans": [
                                  {
                                    "Node Type": "Gather",
                                    "Parent Relationship": "Outer",
                                    "Parallel Aware": false,
                                    "Startup Cost": 1000.0,
                                    "Total Cost": 17051.68,
                                    "Plan Rows": 9290,
                                    "Plan Width": 14,
                                    "Actual Startup Time": 1.071,
                                    "Actual Total Time": 78.763,
                                    "Actual Rows": 8322,
                                    "Actual Loops": 1,
                                    "Workers Planned": 2,
                                    "Workers Launched": 2,
                                    "Single Copy": false,
                                    "Plans": [
                                      {
                                        "Node Type": "Seq Scan",
                                        "Parent Relationship": "Outer",
                                        "Parallel Aware": true,
                                        "Relation Name": "movie_info_idx",
                                        "Alias": "mi_idx",
                                        "Startup Cost": 0.0,
                                        "Total Cost": 15122.68,
                                        "Plan Rows": 3871,
                                        "Plan Width": 14,
                                        "Actual Startup Time": 0.209,
                                        "Actual Total Time": 70.817,
                                        "Actual Rows": 2774,
                                        "Actual Loops": 3,
                                        "Filter": "(info > '9.0'::text)",
                                        "Rows Removed by Filter": 457238
                                      }
                                    ]
                                  }
                                ]
                              }
                            ]
                          }
                        ]
                      }
                    ]
                  },
                  {
                    "Node Type": "Hash",
                    "Parent Relationship": "Inner",
                    "Parallel Aware": false,
                    "Startup Cost": 67604.36,
                    "Total Cost": 67604.36,
                    "Plan Rows": 396120,
                    "Plan Width": 21,
                    "Actual Startup Time": 626.931,
                    "Actual Total Time": 626.931,
                    "Actual Rows": 391666,
                    "Actual Loops": 1,
                    "Hash Buckets": 524288,
                    "Original Hash Buckets": 524288,
                    "Hash Batches": 1,
                    "Original Hash Batches": 1,
                    "Peak Memory Usage": 25255,
                    "Plans": [
                      {
                        "Node Type": "Seq Scan",
                        "Parent Relationship": "Outer",
                        "Parallel Aware": false,
                        "Relation Name": "title",
                        "Alias": "t",
                        "Startup Cost": 0.0,
                        "Total Cost": 67604.36,
                        "Plan Rows": 396120,
                        "Plan Width": 21,
                        "Actual Startup Time": 0.043,
                        "Actual Total Time": 446.366,
                        "Actual Rows": 391666,
                        "Actual Loops": 1,
                        "Filter": "(production_year > 2010)",
                        "Rows Removed by Filter": 2136646
                      }
                    ]
                  }
                ]
              }
            ]
          }
        ]
      }
    ]
  },
  "Planning Time": 5.522,
  "Triggers": [],
  "Execution Time": 1610.56
}