[
  {
    "Plan": {
      "Node Type": "Aggregate",
      "Strategy": "Plain",
      "Partial Mode": "Finalize",
      "Parallel Aware": false,
      "Startup Cost": 77529.1,
      "Total Cost": 77529.11,
      "Plan Rows": 1,
      "Plan Width": 8,
      "Actual Startup Time": 272.692,
      "Actual Total Time": 283.749,
      "Actual Rows": 1,
      "Actual Loops": 1,
      "Plans": [
        {
          "Node Type": "Gather",
          "Parent Relationship": "Outer",
          "Parallel Aware": false,
          "Startup Cost": 77528.68,
          "Total Cost": 77529.09,
          "Plan Rows": 4,
          "Plan Width": 8,
          "Actual Startup Time": 270.713,
          "Actual Total Time": 283.74,
          "Actual Rows": 5,
          "Actual Loops": 1,
          "Workers Planned": 4,
          "Workers Launched": 4,
          "Single Copy": false,
          "Plans": [
            {
              "Node Type": "Aggregate",
              "Strategy": "Plain",
              "Partial Mode": "Partial",
              "Parent Relationship": "Outer",
              "Parallel Aware": false,
              "Startup Cost": 76528.68,
              "Total Cost": 76528.69,
              "Plan Rows": 1,
              "Plan Width": 8,
              "Actual Startup Time": 263.8,
              "Actual Total Time": 263.804,
              "Actual Rows": 1,
              "Actual Loops": 5,
              "Plans": [
                {
                  "Node Type": "Hash Join",
                  "Parent Relationship": "Outer",
                  "Parallel Aware": true,
                  "Join Type": "Inner",
                  "Startup Cost": 30486.57,
                  "Total Cost": 76282.85,
                  "Plan Rows": 98330,
                  "Plan Width": 0,
                  "Actual Startup Time": 103.087,
                  "Actual Total Time": 260.049,
                  "Actual Rows": 79807,
                  "Actual Loops": 5,
                  "Inner Unique": false,
                  "Hash Cond": "(t.id = mc.movie_id)",
                  "Plans": [
                    {
                      "Node Type": "Seq Scan",
                      "Parent Relationship": "Outer",
                      "Parallel Aware": true,
                      "Relation Name": "title",
                      "Alias": "t",
                      "Startup Cost": 0.0,
                      "Total Cost": 42318.73,
                      "Plan Rows": 632073,
                      "Plan Width": 4,
                      "Actual Startup Time": 0.011,
                      "Actual Total Time": 64.007,
                      "Actual Rows": 505662,
                      "Actual Loops": 5
                    },
                    {
                      "Node Type": "Hash",
                      "Parent Relationship": "Inner",
                      "Parallel Aware": true,
                      "Startup Cost": 28900.6,
                      "Total Cost": 28900.6,
                      "Plan Rows": 126877,
                      "Plan Width": 4,
                      "Actual Startup Time": 88.89,
                      "Actual Total Time": 88.892,
                      "Actual Rows": 79807,
                      "Actual Loops": 5,
                      "Hash Buckets": 524288,
                      "Original Hash Buckets": 524288,
                      "Hash Batches": 1,
                      "Original Hash Batches": 1,
                      "Peak Memory Usage": 19808,
                      "Plans": [
                        {
                          "Node Type": "Bitmap Heap Scan",
                          "Parent Relationship": "Outer",
                          "Parallel Aware": true,
                          "Relation Name": "movie_companies",
                          "Alias": "mc",
                          "Startup Cost": 8524.64,
                          "Total Cost": 28900.6,
                          "Plan Rows": 126877,
                          "Plan Width": 4,
                          "Actual Startup Time": 27.382,
                          "Actual Total Time": 58.278,
                          "Actual Rows": 79807,
                          "Actual Loops": 5,
                          "Recheck Cond": "(company_id > 82350)",
                          "Rows Removed by Index Recheck": 0,
                          "Exact Heap Blocks": 2243,
                          "Lossy Heap Blocks": 0,
                          "Plans": [
                            {
                              "Node Type": "Bitmap Index Scan",
                              "Parent Relationship": "Outer",
                              "Parallel Aware": false,
                              "Index Name": "company_id_movie_companies",
                              "Startup Cost": 0.0,
                              "Total Cost": 8426.32,
                              "Plan Rows": 393318,
                              "Plan Width": 0,
                              "Actual Startup Time": 27.435,
                              "Actual Total Time": 27.436,
                              "Actual Rows": 399037,
                              "Actual Loops": 1,
                              "Index Cond": "(company_id > 82350)"
                            }
                          ]
                        }
                      ]
                    }
                  ]
                }
              ]
            }
          ]
        }
      ]
    },
    "Planning Time": 0.269,
    "Triggers": [],
    "Execution Time": 283.814
  }
]