{
  "Plan": {
    "Node Type": "Aggregate",
    "Strategy": "Plain",
    "Partial Mode": "Finalize",
    "Parallel Aware": false,
    "Startup Cost": 317296.86,
    "Total Cost": 317296.87,
    "Plan Rows": 1,
    "Plan Width": 8,
    "Actual Startup Time": 2043.753,
    "Actual Total Time": 2071.287,
    "Actual Rows": 1,
    "Actual Loops": 1,
    "Plans": [
      {
        "Node Type": "Gather",
        "Parent Relationship": "Outer",
        "Parallel Aware": false,
        "Startup Cost": 317296.75,
        "Total Cost": 317296.86,
        "Plan Rows": 1,
        "Plan Width": 8,
        "Actual Startup Time": 2043.645,
        "Actual Total Time": 2071.28,
        "Actual Rows": 2,
        "Actual Loops": 1,
        "Workers Planned": 1,
        "Workers Launched": 1,
        "Single Copy": false,
        "Plans": [
          {
            "Node Type": "Aggregate",
            "Strategy": "Plain",
            "Partial Mode": "Partial",
            "Parent Relationship": "Outer",
            "Parallel Aware": false,
            "Startup Cost": 316296.75,
            "Total Cost": 316296.76,
            "Plan Rows": 1,
            "Plan Width": 8,
            "Actual Startup Time": 2037.548,
            "Actual Total Time": 2037.55,
            "Actual Rows": 1,
            "Actual Loops": 2,
            "Plans": [
              {
                "Node Type": "Merge Join",
                "Parent Relationship": "Outer",
                "Parallel Aware": false,
                "Join Type": "Inner",
                "Startup Cost": 6.55,
                "Total Cost": 315498.92,
                "Plan Rows": 319133,
                "Plan Width": 0,
                "Actual Startup Time": 5.04,
                "Actual Total Time": 1997.028,
                "Actual Rows": 979728,
                "Actual Loops": 2,
                "Inner Unique": false,
                "Merge Cond": "(t.id = mc.movie_id)",
                "Plans": [
                  {
                    "Node Type": "Merge Join",
                    "Parent Relationship": "Outer",
                    "Parallel Aware": false,
                    "Join Type": "Inner",
                    "Startup Cost": 2.9,
                    "Total Cost": 165120.12,
                    "Plan Rows": 309245,
                    "Plan Width": 8,
                    "Actual Startup Time": 3.727,
                    "Actual Total Time": 1010.337,
                    "Actual Rows": 324936,
                    "Actual Loops": 2,
                    "Inner Unique": false,
                    "Merge Cond": "(t.id = mi_idx.movie_id)",
                    "Plans": [
                      {
                        "Node Type": "Index Scan",
                        "Parent Relationship": "Outer",
                        "Parallel Aware": true,
                        "Scan Direction": "Forward",
                        "Index Name": "title_pkey",
                        "Relation Name": "title",
                        "Alias": "t",
                        "Startup Cost": 0.43,
                        "Total Cost": 103647.43,
                        "Plan Rows": 566552,
                        "Plan Width": 4,
                        "Actual Startup Time": 2.529,
                        "Actual Total Time": 649.867,
                        "Actual Rows": 485199,
                        "Actual Loops": 2,
                        "Filter": "(production_year < 1999)",
                        "Rows Removed by Filter": 777768
                      },
                      {
                        "Node Type": "Index Only Scan",
                        "Parent Relationship": "Inner",
                        "Parallel Aware": false,
                        "Scan Direction": "Forward",
                        "Index Name": "movie_id_movie_info_idx",
                        "Relation Name": "movie_info_idx",
                        "Alias": "mi_idx",
                        "Startup Cost": 0.43,
                        "Total Cost": 53620.22,
                        "Plan Rows": 1380035,
                        "Plan Width": 4,
                        "Actual Startup Time": 0.162,
                        "Actual Total Time": 247.656,
                        "Actual Rows": 1380035,
                        "Actual Loops": 2,
                        "Heap Fetches": 2760070
                      }
                    ]
                  },
                  {
                    "Node Type": "Index Only Scan",
                    "Parent Relationship": "Inner",
                    "Parallel Aware": false,
                    "Scan Direction": "Forward",
                    "Index Name": "movie_id_movie_companies",
                    "Relation Name": "movie_companies",
                    "Alias": "mc",
                    "Startup Cost": 0.43,
                    "Total Cost": 140059.44,
                    "Plan Rows": 2609129,
                    "Plan Width": 4,
                    "Actual Startup Time": 0.095,
                    "Actual Total Time": 767.338,
                    "Actual Rows": 3263117,
                    "Actual Loops": 2,
                    "Heap Fetches": 6526234
                  }
                ]
              }
            ]
          }
        ]
      }
    ]
  },
  "Planning Time": 1.025,
  "Triggers": [],
  "Execution Time": 2071.378
}