[
  {
    "Plan": {
      "Node Type": "Aggregate",
      "Strategy": "Plain",
      "Partial Mode": "Finalize",
      "Parallel Aware": false,
      "Startup Cost": 383984.03,
      "Total Cost": 383984.04,
      "Plan Rows": 1,
      "Plan Width": 8,
      "Actual Startup Time": 1131.107,
      "Actual Total Time": 1193.267,
      "Actual Rows": 1,
      "Actual Loops": 1,
      "Plans": [
        {
          "Node Type": "Gather",
          "Parent Relationship": "Outer",
          "Parallel Aware": false,
          "Startup Cost": 383983.41,
          "Total Cost": 383984.02,
          "Plan Rows": 6,
          "Plan Width": 8,
          "Actual Startup Time": 1130.576,
          "Actual Total Time": 1193.257,
          "Actual Rows": 7,
          "Actual Loops": 1,
          "Workers Planned": 6,
          "Workers Launched": 6,
          "Single Copy": false,
          "Plans": [
            {
              "Node Type": "Aggregate",
              "Strategy": "Plain",
              "Partial Mode": "Partial",
              "Parent Relationship": "Outer",
              "Parallel Aware": false,
              "Startup Cost": 382983.41,
              "Total Cost": 382983.42,
              "Plan Rows": 1,
              "Plan Width": 8,
              "Actual Startup Time": 1118.934,
              "Actual Total Time": 1118.936,
              "Actual Rows": 1,
              "Actual Loops": 7,
              "Plans": [
                {
                  "Node Type": "Hash Join",
                  "Parent Relationship": "Outer",
                  "Parallel Aware": true,
                  "Join Type": "Inner",
                  "Startup Cost": 45765.65,
                  "Total Cost": 382681.05,
                  "Plan Rows": 120942,
                  "Plan Width": 0,
                  "Actual Startup Time": 255.776,
                  "Actual Total Time": 1111.271,
                  "Actual Rows": 127985,
                  "Actual Loops": 7,
                  "Inner Unique": true,
                  "Hash Cond": "(ci.movie_id = t.id)",
                  "Plans": [
                    {
                      "Node Type": "Seq Scan",
                      "Parent Relationship": "Outer",
                      "Parallel Aware": true,
                      "Relation Name": "cast_info",
                      "Alias": "ci",
                      "Startup Cost": 0.0,
                      "Total Cost": 328162.03,
                      "Plan Rows": 3334617,
                      "Plan Width": 4,
                      "Actual Startup Time": 167.762,
                      "Actual Total Time": 612.968,
                      "Actual Rows": 2861409,
                      "Actual Loops": 7,
                      "Filter": "(person_id > 1605693)",
                      "Rows Removed by Filter": 2316354
                    },
                    {
                      "Node Type": "Hash",
                      "Parent Relationship": "Inner",
                      "Parallel Aware": true,
                      "Startup Cost": 45479.1,
                      "Total Cost": 45479.1,
                      "Plan Rows": 22924,
                      "Plan Width": 4,
                      "Actual Startup Time": 86.346,
                      "Actual Total Time": 86.347,
                      "Actual Rows": 14542,
                      "Actual Loops": 7,
                      "Hash Buckets": 131072,
                      "Original Hash Buckets": 131072,
                      "Hash Batches": 1,
                      "Original Hash Batches": 1,
                      "Peak Memory Usage": 5088,
                      "Plans": [
                        {
                          "Node Type": "Seq Scan",
                          "Parent Relationship": "Outer",
                          "Parallel Aware": true,
                          "Relation Name": "title",
                          "Alias": "t",
                          "Startup Cost": 0.0,
                          "Total Cost": 45479.1,
                          "Plan Rows": 22924,
                          "Plan Width": 4,
                          "Actual Startup Time": 0.055,
                          "Actual Total Time": 78.898,
                          "Actual Rows": 14542,
                          "Actual Loops": 7,
                          "Filter": "((kind_id > 1) AND (production_year = 2007))",
                          "Rows Removed by Filter": 346646
                        }
                      ]
                    }
                  ]
                }
              ]
            }
          ]
        }
      ]
    },
    "Planning Time": 0.638,
    "Triggers": [],
    "Execution Time": 1193.35
  }
]