[
  {
    "Plan": {
      "Node Type": "Aggregate",
      "Strategy": "Plain",
      "Partial Mode": "Finalize",
      "Parallel Aware": false,
      "Startup Cost": 754910.0,
      "Total Cost": 754910.01,
      "Plan Rows": 1,
      "Plan Width": 64,
      "Actual Startup Time": 2108.638,
      "Actual Total Time": 2284.602,
      "Actual Rows": 1,
      "Actual Loops": 1,
      "Plans": [
        {
          "Node Type": "Gather",
          "Parent Relationship": "Outer",
          "Parallel Aware": false,
          "Startup Cost": 754909.57,
          "Total Cost": 754909.98,
          "Plan Rows": 4,
          "Plan Width": 64,
          "Actual Startup Time": 2108.392,
          "Actual Total Time": 2284.584,
          "Actual Rows": 5,
          "Actual Loops": 1,
          "Workers Planned": 4,
          "Workers Launched": 4,
          "Single Copy": false,
          "Plans": [
            {
              "Node Type": "Aggregate",
              "Strategy": "Plain",
              "Partial Mode": "Partial",
              "Parent Relationship": "Outer",
              "Parallel Aware": false,
              "Startup Cost": 753909.57,
              "Total Cost": 753909.58,
              "Plan Rows": 1,
              "Plan Width": 64,
              "Actual Startup Time": 2096.847,
              "Actual Total Time": 2096.9,
              "Actual Rows": 1,
              "Actual Loops": 5,
              "Plans": [
                {
                  "Node Type": "Hash Join",
                  "Parent Relationship": "Outer",
                  "Parallel Aware": true,
                  "Join Type": "Inner",
                  "Startup Cost": 706806.51,
                  "Total Cost": 753909.57,
                  "Plan Rows": 1,
                  "Plan Width": 32,
                  "Actual Startup Time": 2055.526,
                  "Actual Total Time": 2096.888,
                  "Actual Rows": 1,
                  "Actual Loops": 5,
                  "Inner Unique": false,
                  "Hash Cond": "(t.id = mi.movie_id)",
                  "Plans": [
                    {
                      "Node Type": "Seq Scan",
                      "Parent Relationship": "Outer",
                      "Parallel Aware": true,
                      "Relation Name": "title",
                      "Alias": "t",
                      "Startup Cost": 0.0,
                      "Total Cost": 47058.86,
                      "Plan Rows": 11783,
                      "Plan Width": 21,
                      "Actual Startup Time": 0.019,
                      "Actual Total Time": 105.099,
                      "Actual Rows": 12996,
                      "Actual Loops": 5,
                      "Filter": "((title ~~ '%to%'::text) AND (production_year >= 2002) AND (production_year <= 2012))",
                      "Rows Removed by Filter": 492666
                    },
                    {
                      "Node Type": "Hash",
                      "Parent Relationship": "Inner",
                      "Parallel Aware": true,
                      "Startup Cost": 706806.5,
                      "Total Cost": 706806.5,
                      "Plan Rows": 1,
                      "Plan Width": 27,
                      "Actual Startup Time": 1989.12,
                      "Actual Total Time": 1989.17,
                      "Actual Rows": 5,
                      "Actual Loops": 5,
                      "Hash Buckets": 1024,
                      "Original Hash Buckets": 1024,
                      "Hash Batches": 1,
                      "Original Hash Batches": 1,
                      "Peak Memory Usage": 40,
                      "Plans": [
                        {
                          "Node Type": "Hash Join",
                          "Parent Relationship": "Outer",
                          "Parallel Aware": false,
                          "Join Type": "Inner",
                          "Startup Cost": 701895.55,
                          "Total Cost": 706806.5,
                          "Plan Rows": 1,
                          "Plan Width": 27,
                          "Actual Startup Time": 1987.285,
                          "Actual Total Time": 1989.077,
                          "Actual Rows": 5,
                          "Actual Loops": 5,
                          "Inner Unique": true,
                          "Hash Cond": "(ci.role_id = rt.id)",
                          "Plans": [
                            {
                              "Node Type": "Hash Join",
                              "Parent Relationship": "Outer",
                              "Parallel Aware": true,
                              "Join Type": "Inner",
                              "Startup Cost": 701894.39,
                              "Total Cost": 706805.33,
                              "Plan Rows": 1,
                              "Plan Width": 31,
                              "Actual Startup Time": 1987.148,
                              "Actual Total Time": 1988.936,
                              "Actual Rows": 5,
                              "Actual Loops": 5,
                              "Inner Unique": false,
                              "Hash Cond": "(cn.id = mc.company_id)",
                              "Plans": [
                                {
                                  "Node Type": "Seq Scan",
                                  "Parent Relationship": "Outer",
                                  "Parallel Aware": true,
                                  "Relation Name": "company_name",
                                  "Alias": "cn",
                                  "Startup Cost": 0.0,
                                  "Total Cost": 4722.92,
                                  "Plan Rows": 50137,
                                  "Plan Width": 4,
                                  "Actual Startup Time": 0.015,
                                  "Actual Total Time": 8.447,
                                  "Actual Rows": 16969,
                                  "Actual Loops": 5,
                                  "Filter": "((country_code)::text = '[us]'::text)",
                                  "Rows Removed by Filter": 30031
                                },
                                {
                                  "Node Type": "Hash",
                                  "Parent Relationship": "Inner",
                                  "Parallel Aware": true,
                                  "Startup Cost": 701894.38,
                                  "Total Cost": 701894.38,
                                  "Plan Rows": 1,
                                  "Plan Width": 35,
                                  "Actual Startup Time": 1979.135,
                                  "Actual Total Time": 1979.182,
                                  "Actual Rows": 5,
                                  "Actual Loops": 5,
                                  "Hash Buckets": 1024,
                                  "Original Hash Buckets": 1024,
                                  "Hash Batches": 1,
                                  "Original Hash Batches": 1,
                                  "Peak Memory Usage": 72,
                                  "Plans": [
                                    {
                                      "Node Type": "Hash Join",
                                      "Parent Relationship": "Outer",
                                      "Parallel Aware": true,
                                      "Join Type": "Inner",
                                      "Startup Cost": 668256.41,
                                      "Total Cost": 701894.38,
                                      "Plan Rows": 1,
                                      "Plan Width": 35,
                                      "Actual Startup Time": 1937.659,
                                      "Actual Total Time": 1979.112,
                                      "Actual Rows": 5,
                                      "Actual Loops": 5,
                                      "Inner Unique": false,
                                      "Hash Cond": "(mc.movie_id = mi.movie_id)",
                                      "Plans": [
                                        {
                                          "Node Type": "Seq Scan",
                                          "Parent Relationship": "Outer",
                                          "Parallel Aware": true,
                                          "Relation Name": "movie_companies",
                                          "Alias": "mc",
                                          "Startup Cost": 0.0,
                                          "Total Cost": 33518.95,
                                          "Plan Rows": 31735,
                                          "Plan Width": 8,
                                          "Actual Startup Time": 0.023,
                                          "Actual Total Time": 101.196,
                                          "Actual Rows": 39704,
                                          "Actual Loops": 5,
                                          "Filter": "((note ~~ '%(200%)%'::text) AND ((note ~~ '%(USA)%'::text) OR (note ~~ '%(worldwide)%'::text)))",
                                          "Rows Removed by Filter": 482122
                                        },
                                        {
                                          "Node Type": "Hash",
                                          "Parent Relationship": "Inner",
                                          "Parallel Aware": true,
                                          "Startup Cost": 668256.39,
                                          "Total Cost": 668256.39,
                                          "Plan Rows": 1,
                                          "Plan Width": 27,
                                          "Actual Startup Time": 1874.212,
                                          "Actual Total Time": 1874.256,
                                          "Actual Rows": 5,
                                          "Actual Loops": 5,
                                          "Hash Buckets": 1024,
                                          "Original Hash Buckets": 1024,
                                          "Hash Batches": 1,
                                          "Original Hash Batches": 1,
                                          "Peak Memory Usage": 40,
                                          "Plans": [
                                            {
                                              "Node Type": "Hash Join",
                                              "Parent Relationship": "Outer",
                                              "Parallel Aware": true,
                                              "Join Type": "Inner",
                                              "Startup Cost": 620985.13,
                                              "Total Cost": 668256.39,
                                              "Plan Rows": 1,
                                              "Plan Width": 27,
                                              "Actual Startup Time": 1846.54,
                                              "Actual Total Time": 1874.184,
                                              "Actual Rows": 5,
                                              "Actual Loops": 5,
                                              "Inner Unique": false,
                                              "Hash Cond": "(chn.id = ci.person_role_id)",
                                              "Plans": [
                                                {
                                                  "Node Type": "Seq Scan",
                                                  "Parent Relationship": "Outer",
                                                  "Parallel Aware": true,
                                                  "Relation Name": "char_name",
                                                  "Alias": "chn",
                                                  "Startup Cost": 0.0,
                                                  "Total Cost": 44325.46,
                                                  "Plan Rows": 785546,
                                                  "Plan Width": 4,
                                                  "Actual Startup Time": 0.015,
                                                  "Actual Total Time": 92.224,
                                                  "Actual Rows": 628068,
                                                  "Actual Loops": 5
                                                },
                                                {
                                                  "Node Type": "Hash",
                                                  "Parent Relationship": "Inner",
                                                  "Parallel Aware": true,
                                                  "Startup Cost": 620985.12,
                                                  "Total Cost": 620985.12,
                                                  "Plan Rows": 1,
                                                  "Plan Width": 31,
                                                  "Actual Startup Time": 1734.156,
                                                  "Actual Total Time": 1734.197,
                                                  "Actual Rows": 5,
                                                  "Actual Loops": 5,
                                                  "Hash Buckets": 1024,
                                                  "Original Hash Buckets": 1024,
                                                  "Hash Batches": 1,
                                                  "Original Hash Batches": 1,
                                                  "Peak Memory Usage": 104,
                                                  "Plans": [
                                                    {
                                                      "Node Type": "Hash Join",
                                                      "Parent Relationship": "Outer",
                                                      "Parallel Aware": true,
                                                      "Join Type": "Inner",
                                                      "Startup Cost": 414474.49,
                                                      "Total Cost": 620985.12,
                                                      "Plan Rows": 1,
                                                      "Plan Width": 31,
                                                      "Actual Startup Time": 1469.294,
                                                      "Actual Total Time": 1734.093,
                                                      "Actual Rows": 5,
                                                      "Actual Loops": 5,
                                                      "Inner Unique": false,
                                                      "Hash Cond": "(mi.movie_id = ci.movie_id)",
                                                      "Plans": [
                                                        {
                                                          "Node Type": "Hash Join",
                                                          "Parent Relationship": "Outer",
                                                          "Parallel Aware": false,
                                                          "Join Type": "Inner",
                                                          "Startup Cost": 2.43,
                                                          "Total Cost": 206513.03,
                                                          "Plan Rows": 3,
                                                          "Plan Width": 4,
                                                          "Actual Startup Time": 154.03,
                                                          "Actual Total Time": 597.071,
                                                          "Actual Rows": 13896,
                                                          "Actual Loops": 5,
                                                          "Inner Unique": true,
                                                          "Hash Cond": "(mi.info_type_id = it.id)",
                                                          "Plans": [
                                                            {
                                                              "Node Type": "Seq Scan",
                                                              "Parent Relationship": "Outer",
                                                              "Parallel Aware": true,
                                                              "Relation Name": "movie_info",
                                                              "Alias": "mi",
                                                              "Startup Cost": 0.0,
                                                              "Total Cost": 206509.76,
                                                              "Plan Rows": 309,
                                                              "Plan Width": 8,
                                                              "Actual Startup Time": 153.927,
                                                              "Actual Total Time": 593.738,
                                                              "Actual Rows": 13896,
                                                              "Actual Loops": 5,
                                                              "Filter": "((info IS NOT NULL) AND ((info ~~ 'Japan:%2007%'::text) OR (info ~~ 'USA:%2008%'::text)))",
                                                              "Rows Removed by Filter": 2953248
                                                            },
                                                            {
                                                              "Node Type": "Hash",
                                                              "Parent Relationship": "Inner",
                                                              "Parallel Aware": false,
                                                              "Startup Cost": 2.41,
                                                              "Total Cost": 2.41,
                                                              "Plan Rows": 1,
                                                              "Plan Width": 4,
                                                              "Actual Startup Time": 0.06,
                                                              "Actual Total Time": 0.061,
                                                              "Actual Rows": 1,
                                                              "Actual Loops": 5,
                                                              "Hash Buckets": 1024,
                                                              "Original Hash Buckets": 1024,
                                                              "Hash Batches": 1,
                                                              "Original Hash Batches": 1,
                                                              "Peak Memory Usage": 9,
                                                              "Plans": [
                                                                {
                                                                  "Node Type": "Seq Scan",
                                                                  "Parent Relationship": "Outer",
                                                                  "Parallel Aware": false,
                                                                  "Relation Name": "info_type",
                                                                  "Alias": "it",
                                                                  "Startup Cost": 0.0,
                                                                  "Total Cost": 2.41,
                                                                  "Plan Rows": 1,
                                                                  "Plan Width": 4,
                                                                  "Actual Startup Time": 0.045,
                                                                  "Actual Total Time": 0.052,
                                                                  "Actual Rows": 1,
                                                                  "Actual Loops": 5,
                                                                  "Filter": "((info)::text = 'release dates'::text)",
                                                                  "Rows Removed by Filter": 112
                                                                }
                                                              ]
                                                            }
                                                          ]
                                                        },
                                                        {
                                                          "Node Type": "Hash",
                                                          "Parent Relationship": "Inner",
                                                          "Parallel Aware": true,
                                                          "Startup Cost": 414472.05,
                                                          "Total Cost": 414472.05,
                                                          "Plan Rows": 1,
                                                          "Plan Width": 27,
                                                          "Actual Startup Time": 1135.418,
                                                          "Actual Total Time": 1135.427,
                                                          "Actual Rows": 5,
                                                          "Actual Loops": 5,
                                                          "Hash Buckets": 1024,
                                                          "Original Hash Buckets": 1024,
                                                          "Hash Batches": 1,
                                                          "Original Hash Batches": 1,
                                                          "Peak Memory Usage": 40,
                                                          "Plans": [
                                                            {
                                                              "Node Type": "Hash Join",
                                                              "Parent Relationship": "Outer",
                                                              "Parallel Aware": true,
                                                              "Join Type": "Inner",
                                                              "Startup Cost": 86307.28,
                                                              "Total Cost": 414472.05,
                                                              "Plan Rows": 1,
                                                              "Plan Width": 27,
                                                              "Actual Startup Time": 1034.841,
                                                              "Actual Total Time": 1135.318,
                                                              "Actual Rows": 5,
                                                              "Actual Loops": 5,
                                                              "Inner Unique": false,
                                                              "Hash Cond": "(ci.person_id = n.id)",
                                                              "Plans": [
                                                                {
                                                                  "Node Type": "Seq Scan",
                                                                  "Parent Relationship": "Outer",
                                                                  "Parallel Aware": true,
                                                                  "Relation Name": "cast_info",
                                                                  "Alias": "ci",
                                                                  "Startup Cost": 0.0,
                                                                  "Total Cost": 328163.97,
                                                                  "Plan Rows": 209,
                                                                  "Plan Width": 16,
                                                                  "Actual Startup Time": 693.224,
                                                                  "Actual Total Time": 900.181,
                                                                  "Actual Rows": 3,
                                                                  "Actual Loops": 5,
                                                                  "Filter": "(note = '(as Anya)'::text)",
                                                                  "Rows Removed by Filter": 7248866
                                                                },
                                                                {
                                                                  "Node Type": "Hash",
                                                                  "Parent Relationship": "Inner",
                                                                  "Parallel Aware": true,
                                                                  "Startup Cost": 86307.19,
                                                                  "Total Cost": 86307.19,
                                                                  "Plan Rows": 7,
                                                                  "Plan Width": 23,
                                                                  "Actual Startup Time": 234.92,
                                                                  "Actual Total Time": 234.926,
                                                                  "Actual Rows": 1,
                                                                  "Actual Loops": 5,
                                                                  "Hash Buckets": 1024,
                                                                  "Original Hash Buckets": 1024,
                                                                  "Hash Batches": 1,
                                                                  "Original Hash Batches": 1,
                                                                  "Peak Memory Usage": 40,
                                                                  "Plans": [
                                                                    {
                                                                      "Node Type": "Hash Join",
                                                                      "Parent Relationship": "Outer",
                                                                      "Parallel Aware": true,
                                                                      "Join Type": "Inner",
                                                                      "Startup Cost": 71240.4,
                                                                      "Total Cost": 86307.19,
                                                                      "Plan Rows": 7,
                                                                      "Plan Width": 23,
                                                                      "Actual Startup Time": 228.913,
                                                                      "Actual Total Time": 234.824,
                                                                      "Actual Rows": 1,
                                                                      "Actual Loops": 5,
                                                                      "Inner Unique": true,
                                                                      "Hash Cond": "(an.person_id = n.id)",
                                                                      "Plans": [
                                                                        {
                                                                          "Node Type": "Seq Scan",
                                                                          "Parent Relationship": "Outer",
                                                                          "Parallel Aware": true,
                                                                          "Relation Name": "aka_name",
                                                                          "Alias": "an",
                                                                          "Startup Cost": 0.0,
                                                                          "Total Cost": 14303.56,
                                                                          "Plan Rows": 290756,
                                                                          "Plan Width": 4,
                                                                          "Actual Startup Time": 0.029,
                                                                          "Actual Total Time": 34.315,
                                                                          "Actual Rows": 180269,
                                                                          "Actual Loops": 5
                                                                        },
                                                                        {
                                                                          "Node Type": "Hash",
                                                                          "Parent Relationship": "Inner",
                                                                          "Parallel Aware": true,
                                                                          "Startup Cost": 71240.1,
                                                                          "Total Cost": 71240.1,
                                                                          "Plan Rows": 24,
                                                                          "Plan Width": 19,
                                                                          "Actual Startup Time": 185.717,
                                                                          "Actual Total Time": 185.721,
                                                                          "Actual Rows": 0,
                                                                          "Actual Loops": 5,
                                                                          "Hash Buckets": 1024,
                                                                          "Original Hash Buckets": 1024,
                                                                          "Hash Batches": 1,
                                                                          "Original Hash Batches": 1,
                                                                          "Peak Memory Usage": 72,
                                                                          "Plans": [
                                                                            {
                                                                              "Node Type": "Seq Scan",
                                                                              "Parent Relationship": "Outer",
                                                                              "Parallel Aware": true,
                                                                              "Relation Name": "name",
                                                                              "Alias": "n",
                                                                              "Startup Cost": 0.0,
                                                                              "Total Cost": 71240.1,
                                                                              "Plan Rows": 24,
                                                                              "Plan Width": 19,
                                                                              "Actual Startup Time": 153.083,
                                                                              "Actual Total Time": 185.688,
                                                                              "Actual Rows": 0,
                                                                              "Actual Loops": 5,
                                                                              "Filter": "((name ~~ '%Kop,%'::text) AND ((gender)::text = 'f'::text))",
                                                                              "Rows Removed by Filter": 833498
                                                                            }
                                                                          ]
                                                                        }
                                                                      ]
                                                                    }
                                                                  ]
                                                                }
                                                              ]
                                                            }
                                                          ]
                                                        }
                                                      ]
                                                    }
                                                  ]
                                                }
                                              ]
                                            }
                                          ]
                                        }
                                      ]
                                    }
                                  ]
                                }
                              ]
                            },
                            {
                              "Node Type": "Hash",
                              "Parent Relationship": "Inner",
                              "Parallel Aware": false,
                              "Startup Cost": 1.15,
                              "Total Cost": 1.15,
                              "Plan Rows": 1,
                              "Plan Width": 4,
                              "Actual Startup Time": 0.096,
                              "Actual Total Time": 0.097,
                              "Actual Rows": 1,
                              "Actual Loops": 5,
                              "Hash Buckets": 1024,
                              "Original Hash Buckets": 1024,
                              "Hash Batches": 1,
                              "Original Hash Batches": 1,
                              "Peak Memory Usage": 9,
                              "Plans": [
                                {
                                  "Node Type": "Seq Scan",
                                  "Parent Relationship": "Outer",
                                  "Parallel Aware": false,
                                  "Relation Name": "role_type",
                                  "Alias": "rt",
                                  "Startup Cost": 0.0,
                                  "Total Cost": 1.15,
                                  "Plan Rows": 1,
                                  "Plan Width": 4,
                                  "Actual Startup Time": 0.071,
                                  "Actual Total Time": 0.076,
                                  "Actual Rows": 1,
                                  "Actual Loops": 5,
                                  "Filter": "((role)::text = 'actress'::text)",
                                  "Rows Removed by Filter": 11
                                }
                              ]
                            }
                          ]
                        }
                      ]
                    }
                  ]
                }
              ]
            }
          ]
        }
      ]
    },
    "Planning Time": 36.925,
    "Triggers": [],
    "Execution Time": 2285.081
  }
]