[
  {
    "Plan": {
      "Node Type": "Aggregate",
      "Strategy": "Plain",
      "Partial Mode": "Finalize",
      "Parallel Aware": false,
      "Startup Cost": 62692.92,
      "Total Cost": 62692.93,
      "Plan Rows": 1,
      "Plan Width": 8,
      "Actual Startup Time": 222.775,
      "Actual Total Time": 237.974,
      "Actual Rows": 1,
      "Actual Loops": 1,
      "Plans": [
        {
          "Node Type": "Gather",
          "Parent Relationship": "Outer",
          "Parallel Aware": false,
          "Startup Cost": 62692.71,
          "Total Cost": 62692.92,
          "Plan Rows": 2,
          "Plan Width": 8,
          "Actual Startup Time": 221.933,
          "Actual Total Time": 237.964,
          "Actual Rows": 3,
          "Actual Loops": 1,
          "Workers Planned": 2,
          "Workers Launched": 2,
          "Single Copy": false,
          "Plans": [
            {
              "Node Type": "Aggregate",
              "Strategy": "Plain",
              "Partial Mode": "Partial",
              "Parent Relationship": "Outer",
              "Parallel Aware": false,
              "Startup Cost": 61692.71,
              "Total Cost": 61692.72,
              "Plan Rows": 1,
              "Plan Width": 8,
              "Actual Startup Time": 219.285,
              "Actual Total Time": 219.288,
              "Actual Rows": 1,
              "Actual Loops": 3,
              "Plans": [
                {
                  "Node Type": "Hash Join",
                  "Parent Relationship": "Outer",
                  "Parallel Aware": true,
                  "Join Type": "Inner",
                  "Startup Cost": 46341.36,
                  "Total Cost": 61535.92,
                  "Plan Rows": 62715,
                  "Plan Width": 0,
                  "Actual Startup Time": 128.629,
                  "Actual Total Time": 218.289,
                  "Actual Rows": 20596,
                  "Actual Loops": 3,
                  "Inner Unique": true,
                  "Hash Cond": "(mi_idx.movie_id = t.id)",
                  "Plans": [
                    {
                      "Node Type": "Seq Scan",
                      "Parent Relationship": "Outer",
                      "Parallel Aware": true,
                      "Relation Name": "movie_info_idx",
                      "Alias": "mi_idx",
                      "Startup Cost": 0.0,
                      "Total Cost": 13685.15,
                      "Plan Rows": 575015,
                      "Plan Width": 4,
                      "Actual Startup Time": 0.011,
                      "Actual Total Time": 40.681,
                      "Actual Rows": 460012,
                      "Actual Loops": 3
                    },
                    {
                      "Node Type": "Hash",
                      "Parent Relationship": "Inner",
                      "Parallel Aware": true,
                      "Startup Cost": 45479.59,
                      "Total Cost": 45479.59,
                      "Plan Rows": 68942,
                      "Plan Width": 4,
                      "Actual Startup Time": 126.389,
                      "Actual Total Time": 126.39,
                      "Actual Rows": 59253,
                      "Actual Loops": 3,
                      "Hash Buckets": 524288,
                      "Original Hash Buckets": 524288,
                      "Hash Batches": 1,
                      "Original Hash Batches": 1,
                      "Peak Memory Usage": 11104,
                      "Plans": [
                        {
                          "Node Type": "Seq Scan",
                          "Parent Relationship": "Outer",
                          "Parallel Aware": true,
                          "Relation Name": "title",
                          "Alias": "t",
                          "Startup Cost": 0.0,
                          "Total Cost": 45479.59,
                          "Plan Rows": 68942,
                          "Plan Width": 4,
                          "Actual Startup Time": 0.025,
                          "Actual Total Time": 108.153,
                          "Actual Rows": 59253,
                          "Actual Loops": 3,
                          "Filter": "((kind_id > 4) AND (production_year < 1977))",
                          "Rows Removed by Filter": 783517
                        }
                      ]
                    }
                  ]
                }
              ]
            }
          ]
        }
      ]
    },
    "Planning Time": 0.335,
    "Triggers": [],
    "Execution Time": 238.017
  }
]