[
    {
        "Bao": {
            "Bao prediction": "NaN",
            "Bao recommended hint": "(no hint)"
        }
    },
    {
        "Plan": {
            "Node Type": "Aggregate",
            "Strategy": "Plain",
            "Partial Mode": "Finalize",
            "Parallel Aware": false,
            "Startup Cost": 309615.53,
            "Total Cost": 309615.54,
            "Plan Rows": 1,
            "Plan Width": 8,
            "Actual Startup Time": 2247.437,
            "Actual Total Time": 2277.493,
            "Actual Rows": 1,
            "Actual Loops": 1,
            "Output": [
                "count(*)"
            ],
            "Plans": [
                {
                    "Node Type": "Gather",
                    "Parent Relationship": "Outer",
                    "Parallel Aware": false,
                    "Startup Cost": 309615.01,
                    "Total Cost": 309615.52,
                    "Plan Rows": 5,
                    "Plan Width": 8,
                    "Actual Startup Time": 2230.632,
                    "Actual Total Time": 2277.468,
                    "Actual Rows": 6,
                    "Actual Loops": 1,
                    "Output": [
                        "(PARTIAL count(*))"
                    ],
                    "Workers Planned": 5,
                    "Workers Launched": 5,
                    "Single Copy": false,
                    "Plans": [
                        {
                            "Node Type": "Aggregate",
                            "Strategy": "Plain",
                            "Partial Mode": "Partial",
                            "Parent Relationship": "Outer",
                            "Parallel Aware": false,
                            "Startup Cost": 308615.01,
                            "Total Cost": 308615.02,
                            "Plan Rows": 1,
                            "Plan Width": 8,
                            "Actual Startup Time": 2220.094,
                            "Actual Total Time": 2220.201,
                            "Actual Rows": 1,
                            "Actual Loops": 6,
                            "Output": [
                                "PARTIAL count(*)"
                            ],
                            "Workers": [
                                {
                                    "Worker Number": 0,
                                    "Actual Startup Time": 2217.645,
                                    "Actual Total Time": 2217.651,
                                    "Actual Rows": 1,
                                    "Actual Loops": 1
                                },
                                {
                                    "Worker Number": 1,
                                    "Actual Startup Time": 2217.637,
                                    "Actual Total Time": 2217.643,
                                    "Actual Rows": 1,
                                    "Actual Loops": 1
                                },
                                {
                                    "Worker Number": 2,
                                    "Actual Startup Time": 2217.523,
                                    "Actual Total Time": 2217.529,
                                    "Actual Rows": 1,
                                    "Actual Loops": 1
                                },
                                {
                                    "Worker Number": 3,
                                    "Actual Startup Time": 2219.251,
                                    "Actual Total Time": 2219.257,
                                    "Actual Rows": 1,
                                    "Actual Loops": 1
                                },
                                {
                                    "Worker Number": 4,
                                    "Actual Startup Time": 2218.465,
                                    "Actual Total Time": 2218.47,
                                    "Actual Rows": 1,
                                    "Actual Loops": 1
                                }
                            ],
                            "Plans": [
                                {
                                    "Node Type": "Hash Join",
                                    "Parent Relationship": "Outer",
                                    "Parallel Aware": true,
                                    "Join Type": "Inner",
                                    "Startup Cost": 95969.18,
                                    "Total Cost": 306816.78,
                                    "Plan Rows": 719294,
                                    "Plan Width": 0,
                                    "Actual Startup Time": 598.608,
                                    "Actual Total Time": 1931.672,
                                    "Actual Rows": 4461546,
                                    "Actual Loops": 6,
                                    "Inner Unique": false,
                                    "Hash Cond": "(mi.movie_id = t.id)",
                                    "Workers": [
                                        {
                                            "Worker Number": 0,
                                            "Actual Startup Time": 596.184,
                                            "Actual Total Time": 1930.293,
                                            "Actual Rows": 4420595,
                                            "Actual Loops": 1
                                        },
                                        {
                                            "Worker Number": 1,
                                            "Actual Startup Time": 596.487,
                                            "Actual Total Time": 1929.483,
                                            "Actual Rows": 4432719,
                                            "Actual Loops": 1
                                        },
                                        {
                                            "Worker Number": 2,
                                            "Actual Startup Time": 596.1,
                                            "Actual Total Time": 1938.11,
                                            "Actual Rows": 4411884,
                                            "Actual Loops": 1
                                        },
                                        {
                                            "Worker Number": 3,
                                            "Actual Startup Time": 596.971,
                                            "Actual Total Time": 1932.292,
                                            "Actual Rows": 4413776,
                                            "Actual Loops": 1
                                        },
                                        {
                                            "Worker Number": 4,
                                            "Actual Startup Time": 596.999,
                                            "Actual Total Time": 1932.709,
                                            "Actual Rows": 4355569,
                                            "Actual Loops": 1
                                        }
                                    ],
                                    "Plans": [
                                        {
                                            "Node Type": "Seq Scan",
                                            "Parent Relationship": "Outer",
                                            "Parallel Aware": true,
                                            "Relation Name": "movie_info",
                                            "Schema": "public",
                                            "Alias": "mi",
                                            "Startup Cost": 0.0,
                                            "Total Cost": 198880.74,
                                            "Plan Rows": 2572415,
                                            "Plan Width": 4,
                                            "Actual Startup Time": 0.033,
                                            "Actual Total Time": 449.756,
                                            "Actual Rows": 2161681,
                                            "Actual Loops": 6,
                                            "Output": [
                                                "mi.id",
                                                "mi.movie_id",
                                                "mi.info_type_id",
                                                "mi.info",
                                                "mi.note"
                                            ],
                                            "Filter": "(mi.info_type_id < 18)",
                                            "Rows Removed by Filter": 310939,
                                            "Workers": [
                                                {
                                                    "Worker Number": 0,
                                                    "Actual Startup Time": 0.036,
                                                    "Actual Total Time": 459.573,
                                                    "Actual Rows": 2117607,
                                                    "Actual Loops": 1
                                                },
                                                {
                                                    "Worker Number": 1,
                                                    "Actual Startup Time": 0.041,
                                                    "Actual Total Time": 459.064,
                                                    "Actual Rows": 2126028,
                                                    "Actual Loops": 1
                                                },
                                                {
                                                    "Worker Number": 2,
                                                    "Actual Startup Time": 0.037,
                                                    "Actual Total Time": 443.309,
                                                    "Actual Rows": 2103635,
                                                    "Actual Loops": 1
                                                },
                                                {
                                                    "Worker Number": 3,
                                                    "Actual Startup Time": 0.032,
                                                    "Actual Total Time": 461.172,
                                                    "Actual Rows": 2139835,
                                                    "Actual Loops": 1
                                                },
                                                {
                                                    "Worker Number": 4,
                                                    "Actual Startup Time": 0.039,
                                                    "Actual Total Time": 461.322,
                                                    "Actual Rows": 2101509,
                                                    "Actual Loops": 1
                                                }
                                            ]
                                        },
                                        {
                                            "Node Type": "Hash",
                                            "Parent Relationship": "Inner",
                                            "Parallel Aware": true,
                                            "Startup Cost": 93118.52,
                                            "Total Cost": 93118.52,
                                            "Plan Rows": 228053,
                                            "Plan Width": 8,
                                            "Actual Startup Time": 594.569,
                                            "Actual Total Time": 594.675,
                                            "Actual Rows": 115538,
                                            "Actual Loops": 6,
                                            "Output": [
                                                "t.id",
                                                "mk.movie_id"
                                            ],
                                            "Hash Buckets": 1048576,
                                            "Original Hash Buckets": 1048576,
                                            "Hash Batches": 1,
                                            "Original Hash Batches": 1,
                                            "Peak Memory Usage": 35392,
                                            "Workers": [
                                                {
                                                    "Worker Number": 0,
                                                    "Actual Startup Time": 594.959,
                                                    "Actual Total Time": 594.962,
                                                    "Actual Rows": 111602,
                                                    "Actual Loops": 1
                                                },
                                                {
                                                    "Worker Number": 1,
                                                    "Actual Startup Time": 594.942,
                                                    "Actual Total Time": 594.946,
                                                    "Actual Rows": 112573,
                                                    "Actual Loops": 1
                                                },
                                                {
                                                    "Worker Number": 2,
                                                    "Actual Startup Time": 594.747,
                                                    "Actual Total Time": 594.751,
                                                    "Actual Rows": 112594,
                                                    "Actual Loops": 1
                                                },
                                                {
                                                    "Worker Number": 3,
                                                    "Actual Startup Time": 595.769,
                                                    "Actual Total Time": 595.774,
                                                    "Actual Rows": 112299,
                                                    "Actual Loops": 1
                                                },
                                                {
                                                    "Worker Number": 4,
                                                    "Actual Startup Time": 595.79,
                                                    "Actual Total Time": 595.794,
                                                    "Actual Rows": 110902,
                                                    "Actual Loops": 1
                                                }
                                            ],
                                            "Plans": [
                                                {
                                                    "Node Type": "Hash Join",
                                                    "Parent Relationship": "Outer",
                                                    "Parallel Aware": true,
                                                    "Join Type": "Inner",
                                                    "Startup Cost": 65215.22,
                                                    "Total Cost": 93118.52,
                                                    "Plan Rows": 228053,
                                                    "Plan Width": 8,
                                                    "Actual Startup Time": 424.64,
                                                    "Actual Total Time": 538.11,
                                                    "Actual Rows": 115538,
                                                    "Actual Loops": 6,
                                                    "Output": [
                                                        "t.id",
                                                        "mk.movie_id"
                                                    ],
                                                    "Inner Unique": true,
                                                    "Hash Cond": "(mk.movie_id = t.id)",
                                                    "Workers": [
                                                        {
                                                            "Worker Number": 0,
                                                            "Actual Startup Time": 424.695,
                                                            "Actual Total Time": 537.847,
                                                            "Actual Rows": 111602,
                                                            "Actual Loops": 1
                                                        },
                                                        {
                                                            "Worker Number": 1,
                                                            "Actual Startup Time": 424.729,
                                                            "Actual Total Time": 538.013,
                                                            "Actual Rows": 112573,
                                                            "Actual Loops": 1
                                                        },
                                                        {
                                                            "Worker Number": 2,
                                                            "Actual Startup Time": 424.341,
                                                            "Actual Total Time": 541.729,
                                                            "Actual Rows": 112594,
                                                            "Actual Loops": 1
                                                        },
                                                        {
                                                            "Worker Number": 3,
                                                            "Actual Startup Time": 424.811,
                                                            "Actual Total Time": 537.694,
                                                            "Actual Rows": 112299,
                                                            "Actual Loops": 1
                                                        },
                                                        {
                                                            "Worker Number": 4,
                                                            "Actual Startup Time": 424.552,
                                                            "Actual Total Time": 537.883,
                                                            "Actual Rows": 110902,
                                                            "Actual Loops": 1
                                                        }
                                                    ],
                                                    "Plans": [
                                                        {
                                                            "Node Type": "Bitmap Heap Scan",
                                                            "Parent Relationship": "Outer",
                                                            "Parallel Aware": true,
                                                            "Relation Name": "movie_keyword",
                                                            "Schema": "public",
                                                            "Alias": "mk",
                                                            "Startup Cost": 14995.41,
                                                            "Total Cost": 42300.08,
                                                            "Plan Rows": 228053,
                                                            "Plan Width": 4,
                                                            "Actual Startup Time": 94.37,
                                                            "Actual Total Time": 153.669,
                                                            "Actual Rows": 115538,
                                                            "Actual Loops": 6,
                                                            "Output": [
                                                                "mk.id",
                                                                "mk.movie_id",
                                                                "mk.keyword_id"
                                                            ],
                                                            "Recheck Cond": "(mk.keyword_id > 27159)",
                                                            "Rows Removed by Index Recheck": 0,
                                                            "Exact Heap Blocks": 4595,
                                                            "Lossy Heap Blocks": 0,
                                                            "Workers": [
                                                                {
                                                                    "Worker Number": 0,
                                                                    "Actual Startup Time": 94.384,
                                                                    "Actual Total Time": 155.265,
                                                                    "Actual Rows": 111602,
                                                                    "Actual Loops": 1
                                                                },
                                                                {
                                                                    "Worker Number": 1,
                                                                    "Actual Startup Time": 94.45,
                                                                    "Actual Total Time": 155.099,
                                                                    "Actual Rows": 112573,
                                                                    "Actual Loops": 1
                                                                },
                                                                {
                                                                    "Worker Number": 2,
                                                                    "Actual Startup Time": 94.284,
                                                                    "Actual Total Time": 157.856,
                                                                    "Actual Rows": 112594,
                                                                    "Actual Loops": 1
                                                                },
                                                                {
                                                                    "Worker Number": 3,
                                                                    "Actual Startup Time": 94.501,
                                                                    "Actual Total Time": 154.878,
                                                                    "Actual Rows": 112299,
                                                                    "Actual Loops": 1
                                                                },
                                                                {
                                                                    "Worker Number": 4,
                                                                    "Actual Startup Time": 94.275,
                                                                    "Actual Total Time": 154.929,
                                                                    "Actual Rows": 110902,
                                                                    "Actual Loops": 1
                                                                }
                                                            ],
                                                            "Plans": [
                                                                {
                                                                    "Node Type": "Bitmap Index Scan",
                                                                    "Parent Relationship": "Outer",
                                                                    "Parallel Aware": false,
                                                                    "Index Name": "keyword_id_movie_keyword",
                                                                    "Startup Cost": 0.0,
                                                                    "Total Cost": 14818.67,
                                                                    "Plan Rows": 706965,
                                                                    "Plan Width": 0,
                                                                    "Actual Startup Time": 88.712,
                                                                    "Actual Total Time": 88.713,
                                                                    "Actual Rows": 693230,
                                                                    "Actual Loops": 1,
                                                                    "Index Cond": "(mk.keyword_id > 27159)",
                                                                    "Workers": [
                                                                        {
                                                                            "Worker Number": 2,
                                                                            "Actual Startup Time": 88.712,
                                                                            "Actual Total Time": 88.713,
                                                                            "Actual Rows": 693230,
                                                                            "Actual Loops": 1
                                                                        }
                                                                    ]
                                                                }
                                                            ]
                                                        },
                                                        {
                                                            "Node Type": "Hash",
                                                            "Parent Relationship": "Inner",
                                                            "Parallel Aware": true,
                                                            "Startup Cost": 42318.81,
                                                            "Total Cost": 42318.81,
                                                            "Plan Rows": 632080,
                                                            "Plan Width": 4,
                                                            "Actual Startup Time": 324.152,
                                                            "Actual Total Time": 324.153,
                                                            "Actual Rows": 421385,
                                                            "Actual Loops": 6,
                                                            "Output": [
                                                                "t.id"
                                                            ],
                                                            "Hash Buckets": 4194304,
                                                            "Original Hash Buckets": 4194304,
                                                            "Hash Batches": 1,
                                                            "Original Hash Batches": 1,
                                                            "Peak Memory Usage": 131744,
                                                            "Workers": [
                                                                {
                                                                    "Worker Number": 0,
                                                                    "Actual Startup Time": 330.014,
                                                                    "Actual Total Time": 330.016,
                                                                    "Actual Rows": 410579,
                                                                    "Actual Loops": 1
                                                                },
                                                                {
                                                                    "Worker Number": 1,
                                                                    "Actual Startup Time": 329.989,
                                                                    "Actual Total Time": 329.99,
                                                                    "Actual Rows": 415298,
                                                                    "Actual Loops": 1
                                                                },
                                                                {
                                                                    "Worker Number": 2,
                                                                    "Actual Startup Time": 329.945,
                                                                    "Actual Total Time": 329.947,
                                                                    "Actual Rows": 359629,
                                                                    "Actual Loops": 1
                                                                },
                                                                {
                                                                    "Worker Number": 3,
                                                                    "Actual Startup Time": 330.022,
                                                                    "Actual Total Time": 330.023,
                                                                    "Actual Rows": 416060,
                                                                    "Actual Loops": 1
                                                                },
                                                                {
                                                                    "Worker Number": 4,
                                                                    "Actual Startup Time": 330.001,
                                                                    "Actual Total Time": 330.003,
                                                                    "Actual Rows": 406752,
                                                                    "Actual Loops": 1
                                                                }
                                                            ],
                                                            "Plans": [
                                                                {
                                                                    "Node Type": "Seq Scan",
                                                                    "Parent Relationship": "Outer",
                                                                    "Parallel Aware": true,
                                                                    "Relation Name": "title",
                                                                    "Schema": "public",
                                                                    "Alias": "t",
                                                                    "Startup Cost": 0.0,
                                                                    "Total Cost": 42318.81,
                                                                    "Plan Rows": 632080,
                                                                    "Plan Width": 4,
                                                                    "Actual Startup Time": 0.046,
                                                                    "Actual Total Time": 93.59,
                                                                    "Actual Rows": 421385,
                                                                    "Actual Loops": 6,
                                                                    "Output": [
                                                                        "t.id"
                                                                    ],
                                                                    "Workers": [
                                                                        {
                                                                            "Worker Number": 0,
                                                                            "Actual Startup Time": 0.051,
                                                                            "Actual Total Time": 97.289,
                                                                            "Actual Rows": 410579,
                                                                            "Actual Loops": 1
                                                                        },
                                                                        {
                                                                            "Worker Number": 1,
                                                                            "Actual Startup Time": 0.049,
                                                                            "Actual Total Time": 97.966,
                                                                            "Actual Rows": 415298,
                                                                            "Actual Loops": 1
                                                                        },
                                                                        {
                                                                            "Worker Number": 2,
                                                                            "Actual Startup Time": 0.073,
                                                                            "Actual Total Time": 92.218,
                                                                            "Actual Rows": 359629,
                                                                            "Actual Loops": 1
                                                                        },
                                                                        {
                                                                            "Worker Number": 3,
                                                                            "Actual Startup Time": 0.05,
                                                                            "Actual Total Time": 97.241,
                                                                            "Actual Rows": 416060,
                                                                            "Actual Loops": 1
                                                                        },
                                                                        {
                                                                            "Worker Number": 4,
                                                                            "Actual Startup Time": 0.037,
                                                                            "Actual Total Time": 97.746,
                                                                            "Actual Rows": 406752,
                                                                            "Actual Loops": 1
                                                                        }
                                                                    ]
                                                                }
                                                            ]
                                                        }
                                                    ]
                                                }
                                            ]
                                        }
                                    ]
                                }
                            ]
                        }
                    ]
                }
            ]
        },
        "Planning Time": 297.564,
        "Triggers": [],
        "Execution Time": 2277.601
    }
]