[
  {
    "Plan": {
      "Node Type": "Aggregate",
      "Strategy": "Plain",
      "Partial Mode": "Finalize",
      "Parallel Aware": false,
      "Startup Cost": 45275.51,
      "Total Cost": 45275.52,
      "Plan Rows": 1,
      "Plan Width": 8,
      "Actual Startup Time": 125.406,
      "Actual Total Time": 134.981,
      "Actual Rows": 1,
      "Actual Loops": 1,
      "Plans": [
        {
          "Node Type": "Gather",
          "Parent Relationship": "Outer",
          "Parallel Aware": false,
          "Startup Cost": 45275.19,
          "Total Cost": 45275.5,
          "Plan Rows": 3,
          "Plan Width": 8,
          "Actual Startup Time": 125.251,
          "Actual Total Time": 134.97,
          "Actual Rows": 4,
          "Actual Loops": 1,
          "Workers Planned": 3,
          "Workers Launched": 3,
          "Single Copy": false,
          "Plans": [
            {
              "Node Type": "Aggregate",
              "Strategy": "Plain",
              "Partial Mode": "Partial",
              "Parent Relationship": "Outer",
              "Parallel Aware": false,
              "Startup Cost": 44275.19,
              "Total Cost": 44275.2,
              "Plan Rows": 1,
              "Plan Width": 8,
              "Actual Startup Time": 121.781,
              "Actual Total Time": 121.782,
              "Actual Rows": 1,
              "Actual Loops": 4,
              "Plans": [
                {
                  "Node Type": "Seq Scan",
                  "Parent Relationship": "Outer",
                  "Parallel Aware": true,
                  "Relation Name": "movie_keyword",
                  "Alias": "mk",
                  "Startup Cost": 0.0,
                  "Total Cost": 42695.65,
                  "Plan Rows": 631814,
                  "Plan Width": 0,
                  "Actual Startup Time": 0.469,
                  "Actual Total Time": 100.982,
                  "Actual Rows": 486910,
                  "Actual Loops": 4,
                  "Filter": "(keyword_id > 6663)",
                  "Rows Removed by Filter": 644072
                }
              ]
            }
          ]
        }
      ]
    },
    "Planning Time": 0.109,
    "Triggers": [],
    "Execution Time": 135.015
  }
]