[
  {
    "Plan": {
      "Node Type": "Aggregate",
      "Strategy": "Plain",
      "Partial Mode": "Simple",
      "Parallel Aware": false,
      "Startup Cost": 22351.91,
      "Total Cost": 22351.92,
      "Plan Rows": 1,
      "Plan Width": 8,
      "Actual Startup Time": 37.301,
      "Actual Total Time": 37.302,
      "Actual Rows": 1,
      "Actual Loops": 1,
      "Plans": [
        {
          "Node Type": "Bitmap Heap Scan",
          "Parent Relationship": "Outer",
          "Parallel Aware": false,
          "Relation Name": "movie_companies",
          "Alias": "mc",
          "Startup Cost": 2105.11,
          "Total Cost": 22109.11,
          "Plan Rows": 97120,
          "Plan Width": 0,
          "Actual Startup Time": 9.801,
          "Actual Total Time": 31.335,
          "Actual Rows": 92000,
          "Actual Loops": 1,
          "Recheck Cond": "(company_id > 162436)",
          "Rows Removed by Index Recheck": 0,
          "Exact Heap Blocks": 2991,
          "Lossy Heap Blocks": 0,
          "Plans": [
            {
              "Node Type": "Bitmap Index Scan",
              "Parent Relationship": "Outer",
              "Parallel Aware": false,
              "Index Name": "company_id_movie_companies",
              "Startup Cost": 0.0,
              "Total Cost": 2080.83,
              "Plan Rows": 97120,
              "Plan Width": 0,
              "Actual Startup Time": 9.036,
              "Actual Total Time": 9.037,
              "Actual Rows": 92000,
              "Actual Loops": 1,
              "Index Cond": "(company_id > 162436)"
            }
          ]
        }
      ]
    },
    "Planning Time": 0.135,
    "Triggers": [],
    "Execution Time": 37.351
  }
]