{
  "Plan": {
    "Node Type": "Aggregate",
    "Strategy": "Plain",
    "Partial Mode": "Finalize",
    "Parallel Aware": false,
    "Startup Cost": 134251.64,
    "Total Cost": 134251.65,
    "Plan Rows": 1,
    "Plan Width": 8,
    "Actual Startup Time": 738.055,
    "Actual Total Time": 754.85,
    "Actual Rows": 1,
    "Actual Loops": 1,
    "Plans": [
      {
        "Node Type": "Gather",
        "Parent Relationship": "Outer",
        "Parallel Aware": false,
        "Startup Cost": 134251.53,
        "Total Cost": 134251.64,
        "Plan Rows": 1,
        "Plan Width": 8,
        "Actual Startup Time": 735.055,
        "Actual Total Time": 754.843,
        "Actual Rows": 2,
        "Actual Loops": 1,
        "Workers Planned": 1,
        "Workers Launched": 1,
        "Single Copy": false,
        "Plans": [
          {
            "Node Type": "Aggregate",
            "Strategy": "Plain",
            "Partial Mode": "Partial",
            "Parent Relationship": "Outer",
            "Parallel Aware": false,
            "Startup Cost": 133251.53,
            "Total Cost": 133251.54,
            "Plan Rows": 1,
            "Plan Width": 8,
            "Actual Startup Time": 729.109,
            "Actual Total Time": 729.112,
            "Actual Rows": 1,
            "Actual Loops": 2,
            "Plans": [
              {
                "Node Type": "Hash Join",
                "Parent Relationship": "Outer",
                "Parallel Aware": true,
                "Join Type": "Inner",
                "Startup Cost": 69509.14,
                "Total Cost": 131054.87,
                "Plan Rows": 878662,
                "Plan Width": 0,
                "Actual Startup Time": 385.306,
                "Actual Total Time": 713.266,
                "Actual Rows": 403903,
                "Actual Loops": 2,
                "Inner Unique": true,
                "Hash Cond": "(mk.movie_id = t.id)",
                "Plans": [
                  {
                    "Node Type": "Seq Scan",
                    "Parent Relationship": "Outer",
                    "Parallel Aware": true,
                    "Relation Name": "movie_keyword",
                    "Alias": "mk",
                    "Startup Cost": 0.0,
                    "Total Cost": 57718.19,
                    "Plan Rows": 1458105,
                    "Plan Width": 4,
                    "Actual Startup Time": 0.341,
                    "Actual Total Time": 181.519,
                    "Actual Rows": 1240328,
                    "Actual Loops": 2,
                    "Filter": "(keyword_id > 3644)",
                    "Rows Removed by Filter": 1021637
                  },
                  {
                    "Node Type": "Hash",
                    "Parent Relationship": "Inner",
                    "Parallel Aware": true,
                    "Startup Cost": 58306.47,
                    "Total Cost": 58306.47,
                    "Plan Rows": 896214,
                    "Plan Width": 4,
                    "Actual Startup Time": 373.791,
                    "Actual Total Time": 373.791,
                    "Actual Rows": 753616,
                    "Actual Loops": 2,
                    "Hash Buckets": 2097152,
                    "Original Hash Buckets": 2097152,
                    "Hash Batches": 1,
                    "Original Hash Batches": 1,
                    "Peak Memory Usage": 75392,
                    "Plans": [
                      {
                        "Node Type": "Seq Scan",
                        "Parent Relationship": "Outer",
                        "Parallel Aware": true,
                        "Relation Name": "title",
                        "Alias": "t",
                        "Startup Cost": 0.0,
                        "Total Cost": 58306.47,
                        "Plan Rows": 896214,
                        "Plan Width": 4,
                        "Actual Startup Time": 0.026,
                        "Actual Total Time": 168.53,
                        "Actual Rows": 753616,
                        "Actual Loops": 2,
                        "Filter": "((kind_id > 1) AND (production_year < 2011))",
                        "Rows Removed by Filter": 510540
                      }
                    ]
                  }
                ]
              }
            ]
          }
        ]
      }
    ]
  },
  "Planning Time": 0.425,
  "Triggers": [],
  "Execution Time": 754.903
}