[
  {
    "Plan": {
      "Node Type": "Aggregate",
      "Strategy": "Plain",
      "Partial Mode": "Finalize",
      "Parallel Aware": false,
      "Startup Cost": 312390.2,
      "Total Cost": 312390.21,
      "Plan Rows": 1,
      "Plan Width": 8,
      "Actual Startup Time": 3012.436,
      "Actual Total Time": 3057.704,
      "Actual Rows": 1,
      "Actual Loops": 1,
      "Plans": [
        {
          "Node Type": "Gather",
          "Parent Relationship": "Outer",
          "Parallel Aware": false,
          "Startup Cost": 312389.68,
          "Total Cost": 312390.19,
          "Plan Rows": 5,
          "Plan Width": 8,
          "Actual Startup Time": 2996.281,
          "Actual Total Time": 3057.69,
          "Actual Rows": 6,
          "Actual Loops": 1,
          "Workers Planned": 5,
          "Workers Launched": 5,
          "Single Copy": false,
          "Plans": [
            {
              "Node Type": "Aggregate",
              "Strategy": "Plain",
              "Partial Mode": "Partial",
              "Parent Relationship": "Outer",
              "Parallel Aware": false,
              "Startup Cost": 311389.68,
              "Total Cost": 311389.69,
              "Plan Rows": 1,
              "Plan Width": 8,
              "Actual Startup Time": 2986.005,
              "Actual Total Time": 2986.661,
              "Actual Rows": 1,
              "Actual Loops": 6,
              "Plans": [
                {
                  "Node Type": "Hash Join",
                  "Parent Relationship": "Outer",
                  "Parallel Aware": true,
                  "Join Type": "Inner",
                  "Startup Cost": 98775.12,
                  "Total Cost": 307113.08,
                  "Plan Rows": 1710640,
                  "Plan Width": 0,
                  "Actual Startup Time": 433.725,
                  "Actual Total Time": 2298.117,
                  "Actual Rows": 15963978,
                  "Actual Loops": 6,
                  "Inner Unique": false,
                  "Hash Cond": "(mi.movie_id = t.id)",
                  "Plans": [
                    {
                      "Node Type": "Seq Scan",
                      "Parent Relationship": "Outer",
                      "Parallel Aware": true,
                      "Relation Name": "movie_info",
                      "Alias": "mi",
                      "Startup Cost": 0.0,
                      "Total Cost": 191685.19,
                      "Plan Rows": 2969219,
                      "Plan Width": 4,
                      "Actual Startup Time": 0.031,
                      "Actual Total Time": 281.992,
                      "Actual Rows": 2472620,
                      "Actual Loops": 6
                    },
                    {
                      "Node Type": "Hash",
                      "Parent Relationship": "Inner",
                      "Parallel Aware": true,
                      "Startup Cost": 92901.38,
                      "Total Cost": 92901.38,
                      "Plan Rows": 469899,
                      "Plan Width": 8,
                      "Actual Startup Time": 428.917,
                      "Actual Total Time": 429.571,
                      "Actual Rows": 334464,
                      "Actual Loops": 6,
                      "Hash Buckets": 2097152,
                      "Original Hash Buckets": 2097152,
                      "Hash Batches": 1,
                      "Original Hash Batches": 1,
                      "Peak Memory Usage": 94976,
                      "Plans": [
                        {
                          "Node Type": "Hash Join",
                          "Parent Relationship": "Outer",
                          "Parallel Aware": true,
                          "Join Type": "Inner",
                          "Startup Cost": 46609.23,
                          "Total Cost": 92901.38,
                          "Plan Rows": 469899,
                          "Plan Width": 8,
                          "Actual Startup Time": 158.873,
                          "Actual Total Time": 335.217,
                          "Actual Rows": 334464,
                          "Actual Loops": 6,
                          "Inner Unique": true,
                          "Hash Cond": "(mk.movie_id = t.id)",
                          "Plans": [
                            {
                              "Node Type": "Seq Scan",
                              "Parent Relationship": "Outer",
                              "Parallel Aware": true,
                              "Relation Name": "movie_keyword",
                              "Alias": "mk",
                              "Startup Cost": 0.0,
                              "Total Cost": 42695.65,
                              "Plan Rows": 1370089,
                              "Plan Width": 4,
                              "Actual Startup Time": 0.033,
                              "Actual Total Time": 83.397,
                              "Actual Rows": 709278,
                              "Actual Loops": 6,
                              "Filter": "(keyword_id > 229)",
                              "Rows Removed by Filter": 44710
                            },
                            {
                              "Node Type": "Hash",
                              "Parent Relationship": "Inner",
                              "Parallel Aware": true,
                              "Startup Cost": 43899.32,
                              "Total Cost": 43899.32,
                              "Plan Rows": 216793,
                              "Plan Width": 4,
                              "Actual Startup Time": 157.112,
                              "Actual Total Time": 157.113,
                              "Actual Rows": 147608,
                              "Actual Loops": 6,
                              "Hash Buckets": 1048576,
                              "Original Hash Buckets": 1048576,
                              "Hash Batches": 1,
                              "Original Hash Batches": 1,
                              "Peak Memory Usage": 42912,
                              "Plans": [
                                {
                                  "Node Type": "Seq Scan",
                                  "Parent Relationship": "Outer",
                                  "Parallel Aware": true,
                                  "Relation Name": "title",
                                  "Alias": "t",
                                  "Startup Cost": 0.0,
                                  "Total Cost": 43899.32,
                                  "Plan Rows": 216793,
                                  "Plan Width": 4,
                                  "Actual Startup Time": 0.052,
                                  "Actual Total Time": 86.722,
                                  "Actual Rows": 147608,
                                  "Actual Loops": 6,
                                  "Filter": "(production_year < 1997)",
                                  "Rows Removed by Filter": 273777
                                }
                              ]
                            }
                          ]
                        }
                      ]
                    }
                  ]
                }
              ]
            }
          ]
        }
      ]
    },
    "Planning Time": 0.631,
    "Triggers": [],
    "Execution Time": 3057.762
  }
]