[
  {
    "Plan": {
      "Node Type": "Aggregate",
      "Strategy": "Plain",
      "Partial Mode": "Finalize",
      "Parallel Aware": false,
      "Startup Cost": 288186.19,
      "Total Cost": 288186.2,
      "Plan Rows": 1,
      "Plan Width": 8,
      "Actual Startup Time": 152.212,
      "Actual Total Time": 161.65,
      "Actual Rows": 1,
      "Actual Loops": 1,
      "Plans": [
        {
          "Node Type": "Gather",
          "Parent Relationship": "Outer",
          "Parallel Aware": false,
          "Startup Cost": 288185.56,
          "Total Cost": 288186.17,
          "Plan Rows": 6,
          "Plan Width": 8,
          "Actual Startup Time": 151.635,
          "Actual Total Time": 161.635,
          "Actual Rows": 7,
          "Actual Loops": 1,
          "Workers Planned": 6,
          "Workers Launched": 6,
          "Single Copy": false,
          "Plans": [
            {
              "Node Type": "Aggregate",
              "Strategy": "Plain",
              "Partial Mode": "Partial",
              "Parent Relationship": "Outer",
              "Parallel Aware": false,
              "Startup Cost": 287185.56,
              "Total Cost": 287185.57,
              "Plan Rows": 1,
              "Plan Width": 8,
              "Actual Startup Time": 144.254,
              "Actual Total Time": 144.256,
              "Actual Rows": 1,
              "Actual Loops": 7,
              "Plans": [
                {
                  "Node Type": "Bitmap Heap Scan",
                  "Parent Relationship": "Outer",
                  "Parallel Aware": true,
                  "Relation Name": "cast_info",
                  "Alias": "ci",
                  "Startup Cost": 30989.78,
                  "Total Cost": 286600.77,
                  "Plan Rows": 233919,
                  "Plan Width": 0,
                  "Actual Startup Time": 58.052,
                  "Actual Total Time": 131.701,
                  "Actual Rows": 189794,
                  "Actual Loops": 7,
                  "Recheck Cond": "(person_id > 3804546)",
                  "Rows Removed by Index Recheck": 0,
                  "Exact Heap Blocks": 4018,
                  "Lossy Heap Blocks": 0,
                  "Plans": [
                    {
                      "Node Type": "Bitmap Index Scan",
                      "Parent Relationship": "Outer",
                      "Parallel Aware": false,
                      "Index Name": "person_id_cast_info",
                      "Startup Cost": 0.0,
                      "Total Cost": 30638.9,
                      "Plan Rows": 1403512,
                      "Plan Width": 0,
                      "Actual Startup Time": 59.978,
                      "Actual Total Time": 59.979,
                      "Actual Rows": 1328555,
                      "Actual Loops": 1,
                      "Index Cond": "(person_id > 3804546)"
                    }
                  ]
                }
              ]
            }
          ]
        }
      ]
    },
    "Planning Time": 0.221,
    "Triggers": [],
    "Execution Time": 161.726
  }
]