[
  {
    "Plan": {
      "Node Type": "Aggregate",
      "Strategy": "Plain",
      "Partial Mode": "Finalize",
      "Parallel Aware": false,
      "Startup Cost": 249789.23,
      "Total Cost": 249789.24,
      "Plan Rows": 1,
      "Plan Width": 8,
      "Actual Startup Time": 766.663,
      "Actual Total Time": 817.702,
      "Actual Rows": 1,
      "Actual Loops": 1,
      "Plans": [
        {
          "Node Type": "Gather",
          "Parent Relationship": "Outer",
          "Parallel Aware": false,
          "Startup Cost": 249788.7,
          "Total Cost": 249789.21,
          "Plan Rows": 5,
          "Plan Width": 8,
          "Actual Startup Time": 765.358,
          "Actual Total Time": 817.694,
          "Actual Rows": 6,
          "Actual Loops": 1,
          "Workers Planned": 5,
          "Workers Launched": 5,
          "Single Copy": false,
          "Plans": [
            {
              "Node Type": "Aggregate",
              "Strategy": "Plain",
              "Partial Mode": "Partial",
              "Parent Relationship": "Outer",
              "Parallel Aware": false,
              "Startup Cost": 248788.7,
              "Total Cost": 248788.71,
              "Plan Rows": 1,
              "Plan Width": 8,
              "Actual Startup Time": 756.511,
              "Actual Total Time": 756.515,
              "Actual Rows": 1,
              "Actual Loops": 6,
              "Plans": [
                {
                  "Node Type": "Hash Join",
                  "Parent Relationship": "Outer",
                  "Parallel Aware": true,
                  "Join Type": "Inner",
                  "Startup Cost": 45706.96,
                  "Total Cost": 248682.71,
                  "Plan Rows": 42397,
                  "Plan Width": 0,
                  "Actual Startup Time": 121.638,
                  "Actual Total Time": 741.399,
                  "Actual Rows": 271730,
                  "Actual Loops": 6,
                  "Inner Unique": true,
                  "Hash Cond": "(mi.movie_id = t.id)",
                  "Plans": [
                    {
                      "Node Type": "Seq Scan",
                      "Parent Relationship": "Outer",
                      "Parallel Aware": true,
                      "Relation Name": "movie_info",
                      "Alias": "mi",
                      "Startup Cost": 0.0,
                      "Total Cost": 199108.24,
                      "Plan Rows": 1473332,
                      "Plan Width": 4,
                      "Actual Startup Time": 0.037,
                      "Actual Total Time": 425.7,
                      "Actual Rows": 1214478,
                      "Actual Loops": 6,
                      "Filter": "(info_type_id < 8)",
                      "Rows Removed by Filter": 1258142
                    },
                    {
                      "Node Type": "Hash",
                      "Parent Relationship": "Inner",
                      "Parallel Aware": true,
                      "Startup Cost": 45479.59,
                      "Total Cost": 45479.59,
                      "Plan Rows": 18190,
                      "Plan Width": 4,
                      "Actual Startup Time": 107.229,
                      "Actual Total Time": 107.23,
                      "Actual Rows": 34333,
                      "Actual Loops": 6,
                      "Hash Buckets": 262144,
                      "Original Hash Buckets": 131072,
                      "Hash Batches": 1,
                      "Original Hash Batches": 1,
                      "Peak Memory Usage": 11264,
                      "Plans": [
                        {
                          "Node Type": "Seq Scan",
                          "Parent Relationship": "Outer",
                          "Parallel Aware": true,
                          "Relation Name": "title",
                          "Alias": "t",
                          "Startup Cost": 0.0,
                          "Total Cost": 45479.59,
                          "Plan Rows": 18190,
                          "Plan Width": 4,
                          "Actual Startup Time": 50.0,
                          "Actual Total Time": 86.984,
                          "Actual Rows": 34333,
                          "Actual Loops": 6,
                          "Filter": "((production_year < 1965) AND (kind_id = 1))",
                          "Rows Removed by Filter": 387052
                        }
                      ]
                    }
                  ]
                }
              ]
            }
          ]
        }
      ]
    },
    "Planning Time": 0.269,
    "Triggers": [],
    "Execution Time": 817.752
  }
]