[
  {
    "Plan": {
      "Node Type": "Aggregate",
      "Strategy": "Plain",
      "Partial Mode": "Finalize",
      "Parallel Aware": false,
      "Startup Cost": 249534.42,
      "Total Cost": 249534.43,
      "Plan Rows": 1,
      "Plan Width": 8,
      "Actual Startup Time": 645.815,
      "Actual Total Time": 686.046,
      "Actual Rows": 1,
      "Actual Loops": 1,
      "Plans": [
        {
          "Node Type": "Gather",
          "Parent Relationship": "Outer",
          "Parallel Aware": false,
          "Startup Cost": 249533.89,
          "Total Cost": 249534.4,
          "Plan Rows": 5,
          "Plan Width": 8,
          "Actual Startup Time": 644.691,
          "Actual Total Time": 686.036,
          "Actual Rows": 6,
          "Actual Loops": 1,
          "Workers Planned": 5,
          "Workers Launched": 5,
          "Single Copy": false,
          "Plans": [
            {
              "Node Type": "Aggregate",
              "Strategy": "Plain",
              "Partial Mode": "Partial",
              "Parent Relationship": "Outer",
              "Parallel Aware": false,
              "Startup Cost": 248533.89,
              "Total Cost": 248533.9,
              "Plan Rows": 1,
              "Plan Width": 8,
              "Actual Startup Time": 635.355,
              "Actual Total Time": 635.359,
              "Actual Rows": 1,
              "Actual Loops": 6,
              "Plans": [
                {
                  "Node Type": "Hash Join",
                  "Parent Relationship": "Outer",
                  "Parallel Aware": true,
                  "Join Type": "Inner",
                  "Startup Cost": 45711.46,
                  "Total Cost": 248428.44,
                  "Plan Rows": 42180,
                  "Plan Width": 0,
                  "Actual Startup Time": 109.602,
                  "Actual Total Time": 622.505,
                  "Actual Rows": 271730,
                  "Actual Loops": 6,
                  "Inner Unique": true,
                  "Hash Cond": "(mi.movie_id = t.id)",
                  "Plans": [
                    {
                      "Node Type": "Seq Scan",
                      "Parent Relationship": "Outer",
                      "Parallel Aware": true,
                      "Relation Name": "movie_info",
                      "Alias": "mi",
                      "Startup Cost": 0.0,
                      "Total Cost": 198952.16,
                      "Plan Rows": 1434213,
                      "Plan Width": 4,
                      "Actual Startup Time": 0.027,
                      "Actual Total Time": 340.397,
                      "Actual Rows": 1214478,
                      "Actual Loops": 6,
                      "Filter": "(info_type_id < 8)",
                      "Rows Removed by Filter": 1258142
                    },
                    {
                      "Node Type": "Hash",
                      "Parent Relationship": "Inner",
                      "Parallel Aware": true,
                      "Startup Cost": 45479.1,
                      "Total Cost": 45479.1,
                      "Plan Rows": 18589,
                      "Plan Width": 4,
                      "Actual Startup Time": 95.92,
                      "Actual Total Time": 95.921,
                      "Actual Rows": 34333,
                      "Actual Loops": 6,
                      "Hash Buckets": 262144,
                      "Original Hash Buckets": 131072,
                      "Hash Batches": 1,
                      "Original Hash Batches": 1,
                      "Peak Memory Usage": 11232,
                      "Plans": [
                        {
                          "Node Type": "Seq Scan",
                          "Parent Relationship": "Outer",
                          "Parallel Aware": true,
                          "Relation Name": "title",
                          "Alias": "t",
                          "Startup Cost": 0.0,
                          "Total Cost": 45479.1,
                          "Plan Rows": 18589,
                          "Plan Width": 4,
                          "Actual Startup Time": 48.787,
                          "Actual Total Time": 79.516,
                          "Actual Rows": 34333,
                          "Actual Loops": 6,
                          "Filter": "((production_year < 1965) AND (kind_id = 1))",
                          "Rows Removed by Filter": 387052
                        }
                      ]
                    }
                  ]
                }
              ]
            }
          ]
        }
      ]
    },
    "Planning Time": 0.633,
    "Triggers": [],
    "Execution Time": 686.128
  }
]