[
  {
    "Plan": {
      "Node Type": "Aggregate",
      "Strategy": "Plain",
      "Partial Mode": "Finalize",
      "Parallel Aware": false,
      "Startup Cost": 392794.17,
      "Total Cost": 392794.18,
      "Plan Rows": 1,
      "Plan Width": 8,
      "Actual Startup Time": 777.295,
      "Actual Total Time": 839.936,
      "Actual Rows": 1,
      "Actual Loops": 1,
      "Plans": [
        {
          "Node Type": "Gather",
          "Parent Relationship": "Outer",
          "Parallel Aware": false,
          "Startup Cost": 392793.55,
          "Total Cost": 392794.16,
          "Plan Rows": 6,
          "Plan Width": 8,
          "Actual Startup Time": 774.778,
          "Actual Total Time": 839.925,
          "Actual Rows": 7,
          "Actual Loops": 1,
          "Workers Planned": 6,
          "Workers Launched": 6,
          "Single Copy": false,
          "Plans": [
            {
              "Node Type": "Aggregate",
              "Strategy": "Plain",
              "Partial Mode": "Partial",
              "Parent Relationship": "Outer",
              "Parallel Aware": false,
              "Startup Cost": 391793.55,
              "Total Cost": 391793.56,
              "Plan Rows": 1,
              "Plan Width": 8,
              "Actual Startup Time": 765.831,
              "Actual Total Time": 765.837,
              "Actual Rows": 1,
              "Actual Loops": 7,
              "Plans": [
                {
                  "Node Type": "Hash Join",
                  "Parent Relationship": "Outer",
                  "Parallel Aware": true,
                  "Join Type": "Inner",
                  "Startup Cost": 46832.64,
                  "Total Cost": 391562.93,
                  "Plan Rows": 92245,
                  "Plan Width": 0,
                  "Actual Startup Time": 591.306,
                  "Actual Total Time": 764.482,
                  "Actual Rows": 25072,
                  "Actual Loops": 7,
                  "Inner Unique": true,
                  "Hash Cond": "(ci.movie_id = t.id)",
                  "Plans": [
                    {
                      "Node Type": "Seq Scan",
                      "Parent Relationship": "Outer",
                      "Parallel Aware": true,
                      "Relation Name": "cast_info",
                      "Alias": "ci",
                      "Startup Cost": 0.0,
                      "Total Cost": 343316.27,
                      "Plan Rows": 538677,
                      "Plan Width": 4,
                      "Actual Startup Time": 494.12,
                      "Actual Total Time": 630.825,
                      "Actual Rows": 150842,
                      "Actual Loops": 7,
                      "Filter": "((person_id > 3390181) AND (role_id < 10))",
                      "Rows Removed by Filter": 5026921
                    },
                    {
                      "Node Type": "Hash",
                      "Parent Relationship": "Inner",
                      "Parallel Aware": true,
                      "Startup Cost": 45479.59,
                      "Total Cost": 45479.59,
                      "Plan Rows": 108244,
                      "Plan Width": 4,
                      "Actual Startup Time": 95.47,
                      "Actual Total Time": 95.471,
                      "Actual Rows": 52607,
                      "Actual Loops": 7,
                      "Hash Buckets": 524288,
                      "Original Hash Buckets": 524288,
                      "Hash Batches": 1,
                      "Original Hash Batches": 1,
                      "Peak Memory Usage": 18592,
                      "Plans": [
                        {
                          "Node Type": "Seq Scan",
                          "Parent Relationship": "Outer",
                          "Parallel Aware": true,
                          "Relation Name": "title",
                          "Alias": "t",
                          "Startup Cost": 0.0,
                          "Total Cost": 45479.59,
                          "Plan Rows": 108244,
                          "Plan Width": 4,
                          "Actual Startup Time": 0.051,
                          "Actual Total Time": 71.556,
                          "Actual Rows": 52607,
                          "Actual Loops": 7,
                          "Filter": "((kind_id < 7) AND (production_year > 2004))",
                          "Rows Removed by Filter": 308581
                        }
                      ]
                    }
                  ]
                }
              ]
            }
          ]
        }
      ]
    },
    "Planning Time": 0.277,
    "Triggers": [],
    "Execution Time": 839.989
  }
]