[
  {
    "Plan": {
      "Node Type": "Aggregate",
      "Strategy": "Plain",
      "Partial Mode": "Finalize",
      "Parallel Aware": false,
      "Startup Cost": 45980.78,
      "Total Cost": 45980.79,
      "Plan Rows": 1,
      "Plan Width": 8,
      "Actual Startup Time": 149.1,
      "Actual Total Time": 158.749,
      "Actual Rows": 1,
      "Actual Loops": 1,
      "Plans": [
        {
          "Node Type": "Gather",
          "Parent Relationship": "Outer",
          "Parallel Aware": false,
          "Startup Cost": 45980.47,
          "Total Cost": 45980.78,
          "Plan Rows": 3,
          "Plan Width": 8,
          "Actual Startup Time": 148.96,
          "Actual Total Time": 158.738,
          "Actual Rows": 4,
          "Actual Loops": 1,
          "Workers Planned": 3,
          "Workers Launched": 3,
          "Single Copy": false,
          "Plans": [
            {
              "Node Type": "Aggregate",
              "Strategy": "Plain",
              "Partial Mode": "Partial",
              "Parent Relationship": "Outer",
              "Parallel Aware": false,
              "Startup Cost": 44980.47,
              "Total Cost": 44980.48,
              "Plan Rows": 1,
              "Plan Width": 8,
              "Actual Startup Time": 143.842,
              "Actual Total Time": 143.843,
              "Actual Rows": 1,
              "Actual Loops": 4,
              "Plans": [
                {
                  "Node Type": "Seq Scan",
                  "Parent Relationship": "Outer",
                  "Parallel Aware": true,
                  "Relation Name": "movie_keyword",
                  "Alias": "mk",
                  "Startup Cost": 0.0,
                  "Total Cost": 42695.65,
                  "Plan Rows": 913925,
                  "Plan Width": 0,
                  "Actual Startup Time": 0.041,
                  "Actual Total Time": 112.632,
                  "Actual Rows": 710481,
                  "Actual Loops": 4,
                  "Filter": "(keyword_id < 8643)",
                  "Rows Removed by Filter": 420502
                }
              ]
            }
          ]
        }
      ]
    },
    "Planning Time": 0.095,
    "Triggers": [],
    "Execution Time": 158.789
  }
]