[
  {
    "Plan": {
      "Node Type": "Aggregate",
      "Strategy": "Plain",
      "Partial Mode": "Finalize",
      "Parallel Aware": false,
      "Startup Cost": 135247.53,
      "Total Cost": 135247.54,
      "Plan Rows": 1,
      "Plan Width": 8,
      "Actual Startup Time": 1068.311,
      "Actual Total Time": 1088.476,
      "Actual Rows": 1,
      "Actual Loops": 1,
      "Plans": [
        {
          "Node Type": "Gather",
          "Parent Relationship": "Outer",
          "Parallel Aware": false,
          "Startup Cost": 135247.22,
          "Total Cost": 135247.53,
          "Plan Rows": 3,
          "Plan Width": 8,
          "Actual Startup Time": 1060.337,
          "Actual Total Time": 1088.465,
          "Actual Rows": 4,
          "Actual Loops": 1,
          "Workers Planned": 3,
          "Workers Launched": 3,
          "Single Copy": false,
          "Plans": [
            {
              "Node Type": "Aggregate",
              "Strategy": "Plain",
              "Partial Mode": "Partial",
              "Parent Relationship": "Outer",
              "Parallel Aware": false,
              "Startup Cost": 134247.22,
              "Total Cost": 134247.23,
              "Plan Rows": 1,
              "Plan Width": 8,
              "Actual Startup Time": 1048.099,
              "Actual Total Time": 1048.996,
              "Actual Rows": 1,
              "Actual Loops": 4,
              "Plans": [
                {
                  "Node Type": "Hash Join",
                  "Parent Relationship": "Outer",
                  "Parallel Aware": true,
                  "Join Type": "Inner",
                  "Startup Cost": 86313.72,
                  "Total Cost": 132540.37,
                  "Plan Rows": 682737,
                  "Plan Width": 0,
                  "Actual Startup Time": 617.913,
                  "Actual Total Time": 969.791,
                  "Actual Rows": 2054637,
                  "Actual Loops": 4,
                  "Inner Unique": false,
                  "Hash Cond": "(mk.movie_id = t.id)",
                  "Plans": [
                    {
                      "Node Type": "Seq Scan",
                      "Parent Relationship": "Outer",
                      "Parallel Aware": true,
                      "Relation Name": "movie_keyword",
                      "Alias": "mk",
                      "Startup Cost": 0.0,
                      "Total Cost": 39047.32,
                      "Plan Rows": 1459332,
                      "Plan Width": 4,
                      "Actual Startup Time": 0.054,
                      "Actual Total Time": 87.727,
                      "Actual Rows": 1130982,
                      "Actual Loops": 4
                    },
                    {
                      "Node Type": "Hash",
                      "Parent Relationship": "Inner",
                      "Parallel Aware": true,
                      "Startup Cost": 82617.34,
                      "Total Cost": 82617.34,
                      "Plan Rows": 295710,
                      "Plan Width": 8,
                      "Actual Startup Time": 609.944,
                      "Actual Total Time": 610.839,
                      "Actual Rows": 317704,
                      "Actual Loops": 4,
                      "Hash Buckets": 2097152,
                      "Original Hash Buckets": 2097152,
                      "Hash Batches": 1,
                      "Original Hash Batches": 1,
                      "Peak Memory Usage": 66176,
                      "Plans": [
                        {
                          "Node Type": "Hash Join",
                          "Parent Relationship": "Outer",
                          "Parallel Aware": true,
                          "Join Type": "Inner",
                          "Startup Cost": 36184.34,
                          "Total Cost": 82617.34,
                          "Plan Rows": 295710,
                          "Plan Width": 8,
                          "Actual Startup Time": 191.787,
                          "Actual Total Time": 503.068,
                          "Actual Rows": 317704,
                          "Actual Loops": 4,
                          "Inner Unique": false,
                          "Hash Cond": "(t.id = mc.movie_id)",
                          "Plans": [
                            {
                              "Node Type": "Seq Scan",
                              "Parent Relationship": "Outer",
                              "Parallel Aware": true,
                              "Relation Name": "title",
                              "Alias": "t",
                              "Startup Cost": 0.0,
                              "Total Cost": 42318.73,
                              "Plan Rows": 632073,
                              "Plan Width": 4,
                              "Actual Startup Time": 0.014,
                              "Actual Total Time": 76.663,
                              "Actual Rows": 632078,
                              "Actual Loops": 4
                            },
                            {
                              "Node Type": "Hash",
                              "Parent Relationship": "Inner",
                              "Parallel Aware": true,
                              "Startup Cost": 31414.82,
                              "Total Cost": 31414.82,
                              "Plan Rows": 381562,
                              "Plan Width": 4,
                              "Actual Startup Time": 188.073,
                              "Actual Total Time": 188.074,
                              "Actual Rows": 317704,
                              "Actual Loops": 4,
                              "Hash Buckets": 2097152,
                              "Original Hash Buckets": 2097152,
                              "Hash Batches": 1,
                              "Original Hash Batches": 1,
                              "Peak Memory Usage": 66144,
                              "Plans": [
                                {
                                  "Node Type": "Seq Scan",
                                  "Parent Relationship": "Outer",
                                  "Parallel Aware": true,
                                  "Relation Name": "movie_companies",
                                  "Alias": "mc",
                                  "Startup Cost": 0.0,
                                  "Total Cost": 31414.82,
                                  "Plan Rows": 381562,
                                  "Plan Width": 4,
                                  "Actual Startup Time": 47.274,
                                  "Actual Total Time": 90.073,
                                  "Actual Rows": 317704,
                                  "Actual Loops": 4,
                                  "Filter": "((company_id > 145) AND (company_type_id = 2))",
                                  "Rows Removed by Filter": 334578
                                }
                              ]
                            }
                          ]
                        }
                      ]
                    }
                  ]
                }
              ]
            }
          ]
        }
      ]
    },
    "Planning Time": 1.402,
    "Triggers": [],
    "Execution Time": 1088.557
  }
]