[
  {
    "Plan": {
      "Node Type": "Aggregate",
      "Strategy": "Plain",
      "Partial Mode": "Finalize",
      "Parallel Aware": false,
      "Startup Cost": 44394.65,
      "Total Cost": 44394.66,
      "Plan Rows": 1,
      "Plan Width": 8,
      "Actual Startup Time": 123.153,
      "Actual Total Time": 132.788,
      "Actual Rows": 1,
      "Actual Loops": 1,
      "Plans": [
        {
          "Node Type": "Gather",
          "Parent Relationship": "Outer",
          "Parallel Aware": false,
          "Startup Cost": 44394.33,
          "Total Cost": 44394.64,
          "Plan Rows": 3,
          "Plan Width": 8,
          "Actual Startup Time": 123.022,
          "Actual Total Time": 132.779,
          "Actual Rows": 4,
          "Actual Loops": 1,
          "Workers Planned": 3,
          "Workers Launched": 3,
          "Single Copy": false,
          "Plans": [
            {
              "Node Type": "Aggregate",
              "Strategy": "Plain",
              "Partial Mode": "Partial",
              "Parent Relationship": "Outer",
              "Parallel Aware": false,
              "Startup Cost": 43394.33,
              "Total Cost": 43394.34,
              "Plan Rows": 1,
              "Plan Width": 8,
              "Actual Startup Time": 114.773,
              "Actual Total Time": 114.774,
              "Actual Rows": 1,
              "Actual Loops": 4,
              "Plans": [
                {
                  "Node Type": "Seq Scan",
                  "Parent Relationship": "Outer",
                  "Parallel Aware": true,
                  "Relation Name": "movie_keyword",
                  "Alias": "mk",
                  "Startup Cost": 0.0,
                  "Total Cost": 42695.65,
                  "Plan Rows": 279472,
                  "Plan Width": 0,
                  "Actual Startup Time": 4.963,
                  "Actual Total Time": 103.164,
                  "Actual Rows": 215300,
                  "Actual Loops": 4,
                  "Filter": "(keyword_id > 21368)",
                  "Rows Removed by Filter": 915683
                }
              ]
            }
          ]
        }
      ]
    },
    "Planning Time": 0.186,
    "Triggers": [],
    "Execution Time": 132.852
  }
]