{
  "Plan": {
    "Node Type": "Aggregate",
    "Strategy": "Plain",
    "Partial Mode": "Finalize",
    "Parallel Aware": false,
    "Startup Cost": 300191.18,
    "Total Cost": 300191.19,
    "Plan Rows": 1,
    "Plan Width": 8,
    "Actual Startup Time": 927.946,
    "Actual Total Time": 954.757,
    "Actual Rows": 1,
    "Actual Loops": 1,
    "Plans": [
      {
        "Node Type": "Gather",
        "Parent Relationship": "Outer",
        "Parallel Aware": false,
        "Startup Cost": 300191.07,
        "Total Cost": 300191.18,
        "Plan Rows": 1,
        "Plan Width": 8,
        "Actual Startup Time": 927.722,
        "Actual Total Time": 954.749,
        "Actual Rows": 2,
        "Actual Loops": 1,
        "Workers Planned": 1,
        "Workers Launched": 1,
        "Single Copy": false,
        "Plans": [
          {
            "Node Type": "Aggregate",
            "Strategy": "Plain",
            "Partial Mode": "Partial",
            "Parent Relationship": "Outer",
            "Parallel Aware": false,
            "Startup Cost": 299191.07,
            "Total Cost": 299191.08,
            "Plan Rows": 1,
            "Plan Width": 8,
            "Actual Startup Time": 923.706,
            "Actual Total Time": 923.711,
            "Actual Rows": 1,
            "Actual Loops": 2,
            "Plans": [
              {
                "Node Type": "Hash Join",
                "Parent Relationship": "Outer",
                "Parallel Aware": true,
                "Join Type": "Inner",
                "Startup Cost": 58435.33,
                "Total Cost": 299164.47,
                "Plan Rows": 10640,
                "Plan Width": 0,
                "Actual Startup Time": 567.591,
                "Actual Total Time": 923.049,
                "Actual Rows": 7928,
                "Actual Loops": 2,
                "Inner Unique": true,
                "Hash Cond": "(ci.movie_id = t.id)",
                "Plans": [
                  {
                    "Node Type": "Index Scan",
                    "Parent Relationship": "Outer",
                    "Parallel Aware": true,
                    "Scan Direction": "Forward",
                    "Index Name": "role_id_cast_info",
                    "Relation Name": "cast_info",
                    "Alias": "ci",
                    "Startup Cost": 0.56,
                    "Total Cost": 236682.84,
                    "Plan Rows": 1541657,
                    "Plan Width": 4,
                    "Actual Startup Time": 401.59,
                    "Actual Total Time": 636.018,
                    "Actual Rows": 1182842,
                    "Actual Loops": 2,
                    "Index Cond": "(role_id = 2)",
                    "Rows Removed by Index Recheck": 0,
                    "Filter": "(person_id > 2393802)",
                    "Rows Removed by Filter": 2543145
                  },
                  {
                    "Node Type": "Hash",
                    "Parent Relationship": "Inner",
                    "Parallel Aware": true,
                    "Startup Cost": 58306.47,
                    "Total Cost": 58306.47,
                    "Plan Rows": 10264,
                    "Plan Width": 4,
                    "Actual Startup Time": 164.913,
                    "Actual Total Time": 164.914,
                    "Actual Rows": 7224,
                    "Actual Loops": 2,
                    "Hash Buckets": 32768,
                    "Original Hash Buckets": 32768,
                    "Hash Batches": 1,
                    "Original Hash Batches": 1,
                    "Peak Memory Usage": 864,
                    "Plans": [
                      {
                        "Node Type": "Seq Scan",
                        "Parent Relationship": "Outer",
                        "Parallel Aware": true,
                        "Relation Name": "title",
                        "Alias": "t",
                        "Startup Cost": 0.0,
                        "Total Cost": 58306.47,
                        "Plan Rows": 10264,
                        "Plan Width": 4,
                        "Actual Startup Time": 0.774,
                        "Actual Total Time": 161.904,
                        "Actual Rows": 7224,
                        "Actual Loops": 2,
                        "Filter": "((kind_id < 7) AND (production_year = 1998))",
                        "Rows Removed by Filter": 1256932
                      }
                    ]
                  }
                ]
              }
            ]
          }
        ]
      }
    ]
  },
  "Planning Time": 0.417,
  "Triggers": [],
  "Execution Time": 954.829
}