[
  {
    "Plan": {
      "Node Type": "Aggregate",
      "Strategy": "Plain",
      "Partial Mode": "Simple",
      "Parallel Aware": false,
      "Startup Cost": 22190.49,
      "Total Cost": 22190.5,
      "Plan Rows": 1,
      "Plan Width": 8,
      "Actual Startup Time": 43.473,
      "Actual Total Time": 43.474,
      "Actual Rows": 1,
      "Actual Loops": 1,
      "Plans": [
        {
          "Node Type": "Bitmap Heap Scan",
          "Parent Relationship": "Outer",
          "Parallel Aware": false,
          "Relation Name": "movie_companies",
          "Alias": "mc",
          "Startup Cost": 2010.56,
          "Total Cost": 21958.84,
          "Plan Rows": 92662,
          "Plan Width": 0,
          "Actual Startup Time": 12.721,
          "Actual Total Time": 36.386,
          "Actual Rows": 88039,
          "Actual Loops": 1,
          "Recheck Cond": "(company_id > 164919)",
          "Rows Removed by Index Recheck": 0,
          "Exact Heap Blocks": 2907,
          "Lossy Heap Blocks": 0,
          "Plans": [
            {
              "Node Type": "Bitmap Index Scan",
              "Parent Relationship": "Outer",
              "Parallel Aware": false,
              "Index Name": "company_id_movie_companies",
              "Startup Cost": 0.0,
              "Total Cost": 1987.39,
              "Plan Rows": 92662,
              "Plan Width": 0,
              "Actual Startup Time": 11.536,
              "Actual Total Time": 11.536,
              "Actual Rows": 88039,
              "Actual Loops": 1,
              "Index Cond": "(company_id > 164919)"
            }
          ]
        }
      ]
    },
    "Planning Time": 0.18,
    "Triggers": [],
    "Execution Time": 43.536
  }
]