{
  "Plan": {
    "Node Type": "Aggregate",
    "Strategy": "Plain",
    "Partial Mode": "Finalize",
    "Parallel Aware": false,
    "Startup Cost": 103782.61,
    "Total Cost": 103782.62,
    "Plan Rows": 1,
    "Plan Width": 8,
    "Actual Startup Time": 670.497,
    "Actual Total Time": 690.299,
    "Actual Rows": 1,
    "Actual Loops": 1,
    "Plans": [
      {
        "Node Type": "Gather",
        "Parent Relationship": "Outer",
        "Parallel Aware": false,
        "Startup Cost": 103782.49,
        "Total Cost": 103782.6,
        "Plan Rows": 1,
        "Plan Width": 8,
        "Actual Startup Time": 665.9,
        "Actual Total Time": 690.292,
        "Actual Rows": 2,
        "Actual Loops": 1,
        "Workers Planned": 1,
        "Workers Launched": 1,
        "Single Copy": false,
        "Plans": [
          {
            "Node Type": "Aggregate",
            "Strategy": "Plain",
            "Partial Mode": "Partial",
            "Parent Relationship": "Outer",
            "Parallel Aware": false,
            "Startup Cost": 102782.49,
            "Total Cost": 102782.5,
            "Plan Rows": 1,
            "Plan Width": 8,
            "Actual Startup Time": 653.371,
            "Actual Total Time": 653.375,
            "Actual Rows": 1,
            "Actual Loops": 2,
            "Plans": [
              {
                "Node Type": "Hash Join",
                "Parent Relationship": "Outer",
                "Parallel Aware": true,
                "Join Type": "Inner",
                "Startup Cost": 75417.3,
                "Total Cost": 102369.56,
                "Plan Rows": 165174,
                "Plan Width": 0,
                "Actual Startup Time": 540.215,
                "Actual Total Time": 646.759,
                "Actual Rows": 148710,
                "Actual Loops": 2,
                "Inner Unique": true,
                "Hash Cond": "(mk.movie_id = t.id)",
                "Plans": [
                  {
                    "Node Type": "Bitmap Heap Scan",
                    "Parent Relationship": "Outer",
                    "Parallel Aware": true,
                    "Relation Name": "movie_keyword",
                    "Alias": "mk",
                    "Startup Cost": 5956.6,
                    "Total Cost": 32475.28,
                    "Plan Rows": 165174,
                    "Plan Width": 4,
                    "Actual Startup Time": 17.707,
                    "Actual Total Time": 71.216,
                    "Actual Rows": 148710,
                    "Actual Loops": 2,
                    "Recheck Cond": "(keyword_id < 243)",
                    "Rows Removed by Index Recheck": 0,
                    "Exact Heap Blocks": 13734,
                    "Lossy Heap Blocks": 0,
                    "Plans": [
                      {
                        "Node Type": "Bitmap Index Scan",
                        "Parent Relationship": "Outer",
                        "Parallel Aware": false,
                        "Index Name": "keyword_id_movie_keyword",
                        "Startup Cost": 0.0,
                        "Total Cost": 5886.4,
                        "Plan Rows": 280796,
                        "Plan Width": 0,
                        "Actual Startup Time": 14.149,
                        "Actual Total Time": 14.15,
                        "Actual Rows": 297420,
                        "Actual Loops": 1,
                        "Index Cond": "(keyword_id < 243)"
                      }
                    ]
                  },
                  {
                    "Node Type": "Hash",
                    "Parent Relationship": "Inner",
                    "Parallel Aware": true,
                    "Startup Cost": 50870.31,
                    "Total Cost": 50870.31,
                    "Plan Rows": 1487231,
                    "Plan Width": 4,
                    "Actual Startup Time": 501.105,
                    "Actual Total Time": 501.106,
                    "Actual Rows": 1264156,
                    "Actual Loops": 2,
                    "Hash Buckets": 4194304,
                    "Original Hash Buckets": 4194304,
                    "Hash Batches": 1,
                    "Original Hash Batches": 1,
                    "Peak Memory Usage": 131712,
                    "Plans": [
                      {
                        "Node Type": "Seq Scan",
                        "Parent Relationship": "Outer",
                        "Parallel Aware": true,
                        "Relation Name": "title",
                        "Alias": "t",
                        "Startup Cost": 0.0,
                        "Total Cost": 50870.31,
                        "Plan Rows": 1487231,
                        "Plan Width": 4,
                        "Actual Startup Time": 0.024,
                        "Actual Total Time": 151.761,
                        "Actual Rows": 1264156,
                        "Actual Loops": 2
                      }
                    ]
                  }
                ]
              }
            ]
          }
        ]
      }
    ]
  },
  "Planning Time": 0.659,
  "Triggers": [],
  "Execution Time": 690.387
}