[
    {
        "Bao": {
            "Bao prediction": "NaN",
            "Bao recommended hint": "(no hint)"
        }
    },
    {
        "Plan": {
            "Node Type": "Aggregate",
            "Strategy": "Plain",
            "Partial Mode": "Finalize",
            "Parallel Aware": false,
            "Startup Cost": 25870.56,
            "Total Cost": 25870.57,
            "Plan Rows": 1,
            "Plan Width": 8,
            "Actual Startup Time": 70.777,
            "Actual Total Time": 75.074,
            "Actual Rows": 1,
            "Actual Loops": 1,
            "Output": [
                "count(*)"
            ],
            "Plans": [
                {
                    "Node Type": "Gather",
                    "Parent Relationship": "Outer",
                    "Parallel Aware": false,
                    "Startup Cost": 25870.24,
                    "Total Cost": 25870.55,
                    "Plan Rows": 3,
                    "Plan Width": 8,
                    "Actual Startup Time": 70.487,
                    "Actual Total Time": 75.066,
                    "Actual Rows": 4,
                    "Actual Loops": 1,
                    "Output": [
                        "(PARTIAL count(*))"
                    ],
                    "Workers Planned": 3,
                    "Workers Launched": 3,
                    "Single Copy": false,
                    "Plans": [
                        {
                            "Node Type": "Aggregate",
                            "Strategy": "Plain",
                            "Partial Mode": "Partial",
                            "Parent Relationship": "Outer",
                            "Parallel Aware": false,
                            "Startup Cost": 24870.24,
                            "Total Cost": 24870.25,
                            "Plan Rows": 1,
                            "Plan Width": 8,
                            "Actual Startup Time": 61.971,
                            "Actual Total Time": 61.973,
                            "Actual Rows": 1,
                            "Actual Loops": 4,
                            "Output": [
                                "PARTIAL count(*)"
                            ],
                            "Workers": [
                                {
                                    "Worker Number": 0,
                                    "Actual Startup Time": 58.987,
                                    "Actual Total Time": 58.988,
                                    "Actual Rows": 1,
                                    "Actual Loops": 1
                                },
                                {
                                    "Worker Number": 1,
                                    "Actual Startup Time": 59.07,
                                    "Actual Total Time": 59.072,
                                    "Actual Rows": 1,
                                    "Actual Loops": 1
                                },
                                {
                                    "Worker Number": 2,
                                    "Actual Startup Time": 59.757,
                                    "Actual Total Time": 59.759,
                                    "Actual Rows": 1,
                                    "Actual Loops": 1
                                }
                            ],
                            "Plans": [
                                {
                                    "Node Type": "Bitmap Heap Scan",
                                    "Parent Relationship": "Outer",
                                    "Parallel Aware": true,
                                    "Relation Name": "movie_companies",
                                    "Schema": "public",
                                    "Alias": "mc",
                                    "Startup Cost": 4970.26,
                                    "Total Cost": 24685.24,
                                    "Plan Rows": 73999,
                                    "Plan Width": 0,
                                    "Actual Startup Time": 17.726,
                                    "Actual Total Time": 57.679,
                                    "Actual Rows": 57134,
                                    "Actual Loops": 4,
                                    "Recheck Cond": "(mc.company_id < 91)",
                                    "Rows Removed by Index Recheck": 0,
                                    "Exact Heap Blocks": 10675,
                                    "Lossy Heap Blocks": 0,
                                    "Workers": [
                                        {
                                            "Worker Number": 0,
                                            "Actual Startup Time": 14.898,
                                            "Actual Total Time": 55.281,
                                            "Actual Rows": 29569,
                                            "Actual Loops": 1
                                        },
                                        {
                                            "Worker Number": 1,
                                            "Actual Startup Time": 14.864,
                                            "Actual Total Time": 55.595,
                                            "Actual Rows": 25186,
                                            "Actual Loops": 1
                                        },
                                        {
                                            "Worker Number": 2,
                                            "Actual Startup Time": 15.555,
                                            "Actual Total Time": 55.974,
                                            "Actual Rows": 28327,
                                            "Actual Loops": 1
                                        }
                                    ],
                                    "Plans": [
                                        {
                                            "Node Type": "Bitmap Index Scan",
                                            "Parent Relationship": "Outer",
                                            "Parallel Aware": false,
                                            "Index Name": "company_id_movie_companies",
                                            "Startup Cost": 0.0,
                                            "Total Cost": 4912.91,
                                            "Plan Rows": 229397,
                                            "Plan Width": 0,
                                            "Actual Startup Time": 21.108,
                                            "Actual Total Time": 21.108,
                                            "Actual Rows": 228537,
                                            "Actual Loops": 1,
                                            "Index Cond": "(mc.company_id < 91)"
                                        }
                                    ]
                                }
                            ]
                        }
                    ]
                }
            ]
        },
        "Planning Time": 197.8,
        "Triggers": [],
        "Execution Time": 75.141
    }
]