[
  {
    "Plan": {
      "Node Type": "Aggregate",
      "Strategy": "Plain",
      "Partial Mode": "Finalize",
      "Parallel Aware": false,
      "Startup Cost": 31309.81,
      "Total Cost": 31309.82,
      "Plan Rows": 1,
      "Plan Width": 8,
      "Actual Startup Time": 105.664,
      "Actual Total Time": 114.374,
      "Actual Rows": 1,
      "Actual Loops": 1,
      "Plans": [
        {
          "Node Type": "Gather",
          "Parent Relationship": "Outer",
          "Parallel Aware": false,
          "Startup Cost": 31309.49,
          "Total Cost": 31309.8,
          "Plan Rows": 3,
          "Plan Width": 8,
          "Actual Startup Time": 105.551,
          "Actual Total Time": 114.368,
          "Actual Rows": 4,
          "Actual Loops": 1,
          "Workers Planned": 3,
          "Workers Launched": 3,
          "Single Copy": false,
          "Plans": [
            {
              "Node Type": "Aggregate",
              "Strategy": "Plain",
              "Partial Mode": "Partial",
              "Parent Relationship": "Outer",
              "Parallel Aware": false,
              "Startup Cost": 30309.49,
              "Total Cost": 30309.5,
              "Plan Rows": 1,
              "Plan Width": 8,
              "Actual Startup Time": 98.963,
              "Actual Total Time": 98.964,
              "Actual Rows": 1,
              "Actual Loops": 4,
              "Plans": [
                {
                  "Node Type": "Seq Scan",
                  "Parent Relationship": "Outer",
                  "Parallel Aware": true,
                  "Relation Name": "movie_companies",
                  "Alias": "mc",
                  "Startup Cost": 0.0,
                  "Total Cost": 29310.68,
                  "Plan Rows": 399523,
                  "Plan Width": 0,
                  "Actual Startup Time": 12.941,
                  "Actual Total Time": 82.485,
                  "Actual Rows": 307516,
                  "Actual Loops": 4,
                  "Filter": "(company_id > 11916)",
                  "Rows Removed by Filter": 344767
                }
              ]
            }
          ]
        }
      ]
    },
    "Planning Time": 0.089,
    "Triggers": [],
    "Execution Time": 114.402
  }
]