{
  "Plan": {
    "Node Type": "Aggregate",
    "Strategy": "Plain",
    "Partial Mode": "Finalize",
    "Parallel Aware": false,
    "Startup Cost": 266774.95,
    "Total Cost": 266774.96,
    "Plan Rows": 1,
    "Plan Width": 8,
    "Actual Startup Time": 1525.788,
    "Actual Total Time": 1544.153,
    "Actual Rows": 1,
    "Actual Loops": 1,
    "Plans": [
      {
        "Node Type": "Gather",
        "Parent Relationship": "Outer",
        "Parallel Aware": false,
        "Startup Cost": 266774.84,
        "Total Cost": 266774.95,
        "Plan Rows": 1,
        "Plan Width": 8,
        "Actual Startup Time": 1281.714,
        "Actual Total Time": 1544.137,
        "Actual Rows": 2,
        "Actual Loops": 1,
        "Workers Planned": 1,
        "Workers Launched": 1,
        "Single Copy": false,
        "Plans": [
          {
            "Node Type": "Aggregate",
            "Strategy": "Plain",
            "Partial Mode": "Partial",
            "Parent Relationship": "Outer",
            "Parallel Aware": false,
            "Startup Cost": 265774.84,
            "Total Cost": 265774.85,
            "Plan Rows": 1,
            "Plan Width": 8,
            "Actual Startup Time": 1395.48,
            "Actual Total Time": 1395.487,
            "Actual Rows": 1,
            "Actual Loops": 2,
            "Plans": [
              {
                "Node Type": "Merge Join",
                "Parent Relationship": "Outer",
                "Parallel Aware": false,
                "Join Type": "Inner",
                "Startup Cost": 211208.07,
                "Total Cost": 265364.95,
                "Plan Rows": 163956,
                "Plan Width": 0,
                "Actual Startup Time": 1194.032,
                "Actual Total Time": 1386.305,
                "Actual Rows": 227415,
                "Actual Loops": 2,
                "Inner Unique": false,
                "Merge Cond": "(mi_idx.movie_id = t.id)",
                "Plans": [
                  {
                    "Node Type": "Index Only Scan",
                    "Parent Relationship": "Outer",
                    "Parallel Aware": true,
                    "Scan Direction": "Forward",
                    "Index Name": "movie_id_movie_info_idx",
                    "Relation Name": "movie_info_idx",
                    "Alias": "mi_idx",
                    "Startup Cost": 0.43,
                    "Total Cost": 47937.73,
                    "Plan Rows": 811785,
                    "Plan Width": 4,
                    "Actual Startup Time": 0.109,
                    "Actual Total Time": 109.052,
                    "Actual Rows": 689934,
                    "Actual Loops": 2,
                    "Heap Fetches": 1379869
                  },
                  {
                    "Node Type": "Sort",
                    "Parent Relationship": "Inner",
                    "Parallel Aware": false,
                    "Startup Cost": 211207.59,
                    "Total Cost": 212484.19,
                    "Plan Rows": 510639,
                    "Plan Width": 8,
                    "Actual Startup Time": 1193.84,
                    "Actual Total Time": 1210.424,
                    "Actual Rows": 400800,
                    "Actual Loops": 2,
                    "Sort Key": [
                      "t.id"
                    ],
                    "Sort Method": "quicksort",
                    "Sort Space Used": 17825,
                    "Sort Space Type": "Memory",
                    "Workers": [
                      {
                        "Worker Number": 0,
                        "Sort Method": "quicksort",
                        "Sort Space Used": 17825,
                        "Sort Space Type": "Memory"
                      }
                    ],
                    "Plans": [
                      {
                        "Node Type": "Hash Join",
                        "Parent Relationship": "Outer",
                        "Parallel Aware": false,
                        "Join Type": "Inner",
                        "Startup Cost": 116093.84,
                        "Total Cost": 162794.05,
                        "Plan Rows": 510639,
                        "Plan Width": 8,
                        "Actual Startup Time": 651.716,
                        "Actual Total Time": 1130.365,
                        "Actual Rows": 249190,
                        "Actual Loops": 2,
                        "Inner Unique": true,
                        "Hash Cond": "(mk.movie_id = t.id)",
                        "Plans": [
                          {
                            "Node Type": "Bitmap Heap Scan",
                            "Parent Relationship": "Outer",
                            "Parallel Aware": false,
                            "Relation Name": "movie_keyword",
                            "Alias": "mk",
                            "Startup Cost": 31199.31,
                            "Total Cost": 74038.6,
                            "Plan Rows": 1470823,
                            "Plan Width": 4,
                            "Actual Startup Time": 117.209,
                            "Actual Total Time": 340.101,
                            "Actual Rows": 1485967,
                            "Actual Loops": 2,
                            "Recheck Cond": "(keyword_id < 2127)",
                            "Rows Removed by Index Recheck": 0,
                            "Exact Heap Blocks": 24313,
                            "Lossy Heap Blocks": 0,
                            "Plans": [
                              {
                                "Node Type": "Bitmap Index Scan",
                                "Parent Relationship": "Outer",
                                "Parallel Aware": false,
                                "Index Name": "keyword_id_movie_keyword",
                                "Startup Cost": 0.0,
                                "Total Cost": 30831.6,
                                "Plan Rows": 1470823,
                                "Plan Width": 0,
                                "Actual Startup Time": 113.257,
                                "Actual Total Time": 113.257,
                                "Actual Rows": 1485967,
                                "Actual Loops": 2,
                                "Index Cond": "(keyword_id < 2127)"
                              }
                            ]
                          },
                          {
                            "Node Type": "Hash",
                            "Parent Relationship": "Inner",
                            "Parallel Aware": false,
                            "Startup Cost": 73922.39,
                            "Total Cost": 73922.39,
                            "Plan Rows": 877771,
                            "Plan Width": 4,
                            "Actual Startup Time": 531.13,
                            "Actual Total Time": 531.131,
                            "Actual Rows": 802336,
                            "Actual Loops": 2,
                            "Hash Buckets": 1048576,
                            "Original Hash Buckets": 1048576,
                            "Hash Batches": 1,
                            "Original Hash Batches": 1,
                            "Peak Memory Usage": 36400,
                            "Plans": [
                              {
                                "Node Type": "Seq Scan",
                                "Parent Relationship": "Outer",
                                "Parallel Aware": false,
                                "Relation Name": "title",
                                "Alias": "t",
                                "Startup Cost": 0.0,
                                "Total Cost": 73922.39,
                                "Plan Rows": 877771,
                                "Plan Width": 4,
                                "Actual Startup Time": 0.035,
                                "Actual Total Time": 336.046,
                                "Actual Rows": 802336,
                                "Actual Loops": 2,
                                "Filter": "((kind_id > 2) AND (production_year < 2004))",
                                "Rows Removed by Filter": 1725976
                              }
                            ]
                          }
                        ]
                      }
                    ]
                  }
                ]
              }
            ]
          }
        ]
      }
    ]
  },
  "Planning Time": 0.63,
  "Triggers": [],
  "Execution Time": 1544.77
}