{
    "Plan": {
        "Node Type": "Aggregate",
        "Strategy": "Plain",
        "Partial Mode": "Finalize",
        "Parallel Aware": false,
        "Startup Cost": 464919.11,
        "Total Cost": 464919.12,
        "Plan Rows": 1,
        "Plan Width": 8,
        "Actual Startup Time": 2018.715,
        "Actual Total Time": 2061.114,
        "Actual Rows": 1,
        "Actual Loops": 1,
        "Output": [
            "count(*)"
        ],
        "Plans": [
            {
                "Node Type": "Gather",
                "Parent Relationship": "Outer",
                "Parallel Aware": false,
                "Startup Cost": 464918.48,
                "Total Cost": 464919.09,
                "Plan Rows": 6,
                "Plan Width": 8,
                "Actual Startup Time": 2003.629,
                "Actual Total Time": 2061.1,
                "Actual Rows": 7,
                "Actual Loops": 1,
                "Output": [
                    "(PARTIAL count(*))"
                ],
                "Workers Planned": 6,
                "Workers Launched": 6,
                "Single Copy": false,
                "Plans": [
                    {
                        "Node Type": "Aggregate",
                        "Strategy": "Plain",
                        "Partial Mode": "Partial",
                        "Parent Relationship": "Outer",
                        "Parallel Aware": false,
                        "Startup Cost": 463918.48,
                        "Total Cost": 463918.49,
                        "Plan Rows": 1,
                        "Plan Width": 8,
                        "Actual Startup Time": 1982.257,
                        "Actual Total Time": 1982.641,
                        "Actual Rows": 1,
                        "Actual Loops": 7,
                        "Output": [
                            "PARTIAL count(*)"
                        ],
                        "Workers": [
                            {
                                "Worker Number": 0,
                                "Actual Startup Time": 1978.486,
                                "Actual Total Time": 1978.491,
                                "Actual Rows": 1,
                                "Actual Loops": 1
                            },
                            {
                                "Worker Number": 1,
                                "Actual Startup Time": 1978.548,
                                "Actual Total Time": 1978.553,
                                "Actual Rows": 1,
                                "Actual Loops": 1
                            },
                            {
                                "Worker Number": 2,
                                "Actual Startup Time": 1978.378,
                                "Actual Total Time": 1978.384,
                                "Actual Rows": 1,
                                "Actual Loops": 1
                            },
                            {
                                "Worker Number": 3,
                                "Actual Startup Time": 1978.433,
                                "Actual Total Time": 1978.439,
                                "Actual Rows": 1,
                                "Actual Loops": 1
                            },
                            {
                                "Worker Number": 4,
                                "Actual Startup Time": 1980.716,
                                "Actual Total Time": 1980.72,
                                "Actual Rows": 1,
                                "Actual Loops": 1
                            },
                            {
                                "Worker Number": 5,
                                "Actual Startup Time": 1978.61,
                                "Actual Total Time": 1978.615,
                                "Actual Rows": 1,
                                "Actual Loops": 1
                            }
                        ],
                        "Plans": [
                            {
                                "Node Type": "Hash Join",
                                "Parent Relationship": "Outer",
                                "Parallel Aware": true,
                                "Join Type": "Inner",
                                "Startup Cost": 101579.64,
                                "Total Cost": 458740.71,
                                "Plan Rows": 2071111,
                                "Plan Width": 0,
                                "Actual Startup Time": 454.941,
                                "Actual Total Time": 1766.232,
                                "Actual Rows": 5224170,
                                "Actual Loops": 7,
                                "Inner Unique": false,
                                "Hash Cond": "(ci.movie_id = t.id)",
                                "Workers": [
                                    {
                                        "Worker Number": 0,
                                        "Actual Startup Time": 451.498,
                                        "Actual Total Time": 1770.919,
                                        "Actual Rows": 5265919,
                                        "Actual Loops": 1
                                    },
                                    {
                                        "Worker Number": 1,
                                        "Actual Startup Time": 451.91,
                                        "Actual Total Time": 1743.22,
                                        "Actual Rows": 3878660,
                                        "Actual Loops": 1
                                    },
                                    {
                                        "Worker Number": 2,
                                        "Actual Startup Time": 451.429,
                                        "Actual Total Time": 1766.47,
                                        "Actual Rows": 5378191,
                                        "Actual Loops": 1
                                    },
                                    {
                                        "Worker Number": 3,
                                        "Actual Startup Time": 451.353,
                                        "Actual Total Time": 1766.976,
                                        "Actual Rows": 5370049,
                                        "Actual Loops": 1
                                    },
                                    {
                                        "Worker Number": 4,
                                        "Actual Startup Time": 451.374,
                                        "Actual Total Time": 1772.98,
                                        "Actual Rows": 5509664,
                                        "Actual Loops": 1
                                    },
                                    {
                                        "Worker Number": 5,
                                        "Actual Startup Time": 451.492,
                                        "Actual Total Time": 1767.564,
                                        "Actual Rows": 5356060,
                                        "Actual Loops": 1
                                    }
                                ],
                                "Plans": [
                                    {
                                        "Node Type": "Index Scan",
                                        "Parent Relationship": "Outer",
                                        "Parallel Aware": true,
                                        "Scan Direction": "Forward",
                                        "Index Name": "role_id_cast_info",
                                        "Relation Name": "cast_info",
                                        "Schema": "public",
                                        "Alias": "ci",
                                        "Startup Cost": 0.56,
                                        "Total Cost": 342814.42,
                                        "Plan Rows": 2044322,
                                        "Plan Width": 4,
                                        "Actual Startup Time": 0.281,
                                        "Actual Total Time": 419.601,
                                        "Actual Rows": 1810098,
                                        "Actual Loops": 7,
                                        "Output": [
                                            "ci.id",
                                            "ci.person_id",
                                            "ci.movie_id",
                                            "ci.person_role_id",
                                            "ci.note",
                                            "ci.nr_order",
                                            "ci.role_id"
                                        ],
                                        "Index Cond": "(ci.role_id = 1)",
                                        "Rows Removed by Index Recheck": 0,
                                        "Filter": "(ci.person_id < 3768726)",
                                        "Rows Removed by Filter": 0,
                                        "Workers": [
                                            {
                                                "Worker Number": 0,
                                                "Actual Startup Time": 0.404,
                                                "Actual Total Time": 431.576,
                                                "Actual Rows": 1862250,
                                                "Actual Loops": 1
                                            },
                                            {
                                                "Worker Number": 1,
                                                "Actual Startup Time": 0.389,
                                                "Actual Total Time": 438.555,
                                                "Actual Rows": 1322100,
                                                "Actual Loops": 1
                                            },
                                            {
                                                "Worker Number": 2,
                                                "Actual Startup Time": 0.352,
                                                "Actual Total Time": 425.611,
                                                "Actual Rows": 1840801,
                                                "Actual Loops": 1
                                            },
                                            {
                                                "Worker Number": 3,
                                                "Actual Startup Time": 0.152,
                                                "Actual Total Time": 429.286,
                                                "Actual Rows": 1876290,
                                                "Actual Loops": 1
                                            },
                                            {
                                                "Worker Number": 4,
                                                "Actual Startup Time": 0.274,
                                                "Actual Total Time": 427.644,
                                                "Actual Rows": 1896154,
                                                "Actual Loops": 1
                                            },
                                            {
                                                "Worker Number": 5,
                                                "Actual Startup Time": 0.186,
                                                "Actual Total Time": 429.47,
                                                "Actual Rows": 1866931,
                                                "Actual Loops": 1
                                            }
                                        ]
                                    },
                                    {
                                        "Node Type": "Hash",
                                        "Parent Relationship": "Inner",
                                        "Parallel Aware": true,
                                        "Startup Cost": 91250.64,
                                        "Total Cost": 91250.64,
                                        "Plan Rows": 826275,
                                        "Plan Width": 8,
                                        "Actual Startup Time": 448.084,
                                        "Actual Total Time": 448.467,
                                        "Actual Rows": 297025,
                                        "Actual Loops": 7,
                                        "Output": [
                                            "t.id",
                                            "mk.movie_id"
                                        ],
                                        "Hash Buckets": 4194304,
                                        "Original Hash Buckets": 4194304,
                                        "Hash Batches": 1,
                                        "Original Hash Batches": 1,
                                        "Peak Memory Usage": 114240,
                                        "Workers": [
                                            {
                                                "Worker Number": 0,
                                                "Actual Startup Time": 450.588,
                                                "Actual Total Time": 450.591,
                                                "Actual Rows": 306168,
                                                "Actual Loops": 1
                                            },
                                            {
                                                "Worker Number": 1,
                                                "Actual Startup Time": 450.687,
                                                "Actual Total Time": 450.69,
                                                "Actual Rows": 210935,
                                                "Actual Loops": 1
                                            },
                                            {
                                                "Worker Number": 2,
                                                "Actual Startup Time": 450.586,
                                                "Actual Total Time": 450.591,
                                                "Actual Rows": 303623,
                                                "Actual Loops": 1
                                            },
                                            {
                                                "Worker Number": 3,
                                                "Actual Startup Time": 450.753,
                                                "Actual Total Time": 450.757,
                                                "Actual Rows": 304416,
                                                "Actual Loops": 1
                                            },
                                            {
                                                "Worker Number": 4,
                                                "Actual Startup Time": 450.656,
                                                "Actual Total Time": 450.658,
                                                "Actual Rows": 302485,
                                                "Actual Loops": 1
                                            },
                                            {
                                                "Worker Number": 5,
                                                "Actual Startup Time": 450.924,
                                                "Actual Total Time": 450.928,
                                                "Actual Rows": 307877,
                                                "Actual Loops": 1
                                            }
                                        ],
                                        "Plans": [
                                            {
                                                "Node Type": "Hash Join",
                                                "Parent Relationship": "Outer",
                                                "Parallel Aware": true,
                                                "Join Type": "Inner",
                                                "Startup Cost": 48372.56,
                                                "Total Cost": 91250.64,
                                                "Plan Rows": 826275,
                                                "Plan Width": 8,
                                                "Actual Startup Time": 180.859,
                                                "Actual Total Time": 352.303,
                                                "Actual Rows": 297025,
                                                "Actual Loops": 7,
                                                "Output": [
                                                    "t.id",
                                                    "mk.movie_id"
                                                ],
                                                "Inner Unique": true,
                                                "Hash Cond": "(mk.movie_id = t.id)",
                                                "Workers": [
                                                    {
                                                        "Worker Number": 0,
                                                        "Actual Startup Time": 180.897,
                                                        "Actual Total Time": 352.418,
                                                        "Actual Rows": 306168,
                                                        "Actual Loops": 1
                                                    },
                                                    {
                                                        "Worker Number": 1,
                                                        "Actual Startup Time": 180.904,
                                                        "Actual Total Time": 353.558,
                                                        "Actual Rows": 210935,
                                                        "Actual Loops": 1
                                                    },
                                                    {
                                                        "Worker Number": 2,
                                                        "Actual Startup Time": 180.85,
                                                        "Actual Total Time": 352.897,
                                                        "Actual Rows": 303623,
                                                        "Actual Loops": 1
                                                    },
                                                    {
                                                        "Worker Number": 3,
                                                        "Actual Startup Time": 180.872,
                                                        "Actual Total Time": 352.534,
                                                        "Actual Rows": 304416,
                                                        "Actual Loops": 1
                                                    },
                                                    {
                                                        "Worker Number": 4,
                                                        "Actual Startup Time": 180.676,
                                                        "Actual Total Time": 351.017,
                                                        "Actual Rows": 302485,
                                                        "Actual Loops": 1
                                                    },
                                                    {
                                                        "Worker Number": 5,
                                                        "Actual Startup Time": 180.862,
                                                        "Actual Total Time": 352.78,
                                                        "Actual Rows": 307877,
                                                        "Actual Loops": 1
                                                    }
                                                ],
                                                "Plans": [
                                                    {
                                                        "Node Type": "Seq Scan",
                                                        "Parent Relationship": "Outer",
                                                        "Parallel Aware": true,
                                                        "Relation Name": "movie_keyword",
                                                        "Schema": "public",
                                                        "Alias": "mk",
                                                        "Startup Cost": 0.0,
                                                        "Total Cost": 39047.32,
                                                        "Plan Rows": 1459332,
                                                        "Plan Width": 4,
                                                        "Actual Startup Time": 0.021,
                                                        "Actual Total Time": 71.032,
                                                        "Actual Rows": 646276,
                                                        "Actual Loops": 7,
                                                        "Output": [
                                                            "mk.id",
                                                            "mk.movie_id",
                                                            "mk.keyword_id"
                                                        ],
                                                        "Workers": [
                                                            {
                                                                "Worker Number": 0,
                                                                "Actual Startup Time": 0.025,
                                                                "Actual Total Time": 73.503,
                                                                "Actual Rows": 656380,
                                                                "Actual Loops": 1
                                                            },
                                                            {
                                                                "Worker Number": 1,
                                                                "Actual Startup Time": 0.028,
                                                                "Actual Total Time": 73.052,
                                                                "Actual Rows": 457505,
                                                                "Actual Loops": 1
                                                            },
                                                            {
                                                                "Worker Number": 2,
                                                                "Actual Startup Time": 0.014,
                                                                "Actual Total Time": 74.017,
                                                                "Actual Rows": 663225,
                                                                "Actual Loops": 1
                                                            },
                                                            {
                                                                "Worker Number": 3,
                                                                "Actual Startup Time": 0.022,
                                                                "Actual Total Time": 73.719,
                                                                "Actual Rows": 658230,
                                                                "Actual Loops": 1
                                                            },
                                                            {
                                                                "Worker Number": 4,
                                                                "Actual Startup Time": 0.017,
                                                                "Actual Total Time": 72.602,
                                                                "Actual Rows": 662055,
                                                                "Actual Loops": 1
                                                            },
                                                            {
                                                                "Worker Number": 5,
                                                                "Actual Startup Time": 0.027,
                                                                "Actual Total Time": 73.333,
                                                                "Actual Rows": 668775,
                                                                "Actual Loops": 1
                                                            }
                                                        ]
                                                    },
                                                    {
                                                        "Node Type": "Hash",
                                                        "Parent Relationship": "Inner",
                                                        "Parallel Aware": true,
                                                        "Startup Cost": 43899.01,
                                                        "Total Cost": 43899.01,
                                                        "Plan Rows": 357884,
                                                        "Plan Width": 4,
                                                        "Actual Startup Time": 178.961,
                                                        "Actual Total Time": 178.962,
                                                        "Actual Rows": 204924,
                                                        "Actual Loops": 7,
                                                        "Output": [
                                                            "t.id"
                                                        ],
                                                        "Hash Buckets": 2097152,
                                                        "Original Hash Buckets": 2097152,
                                                        "Hash Batches": 1,
                                                        "Original Hash Batches": 1,
                                                        "Peak Memory Usage": 72608,
                                                        "Workers": [
                                                            {
                                                                "Worker Number": 0,
                                                                "Actual Startup Time": 180.625,
                                                                "Actual Total Time": 180.626,
                                                                "Actual Rows": 197699,
                                                                "Actual Loops": 1
                                                            },
                                                            {
                                                                "Worker Number": 1,
                                                                "Actual Startup Time": 180.595,
                                                                "Actual Total Time": 180.596,
                                                                "Actual Rows": 151531,
                                                                "Actual Loops": 1
                                                            },
                                                            {
                                                                "Worker Number": 2,
                                                                "Actual Startup Time": 180.583,
                                                                "Actual Total Time": 180.584,
                                                                "Actual Rows": 197743,
                                                                "Actual Loops": 1
                                                            },
                                                            {
                                                                "Worker Number": 3,
                                                                "Actual Startup Time": 180.591,
                                                                "Actual Total Time": 180.592,
                                                                "Actual Rows": 195405,
                                                                "Actual Loops": 1
                                                            },
                                                            {
                                                                "Worker Number": 4,
                                                                "Actual Startup Time": 180.586,
                                                                "Actual Total Time": 180.587,
                                                                "Actual Rows": 198315,
                                                                "Actual Loops": 1
                                                            },
                                                            {
                                                                "Worker Number": 5,
                                                                "Actual Startup Time": 180.592,
                                                                "Actual Total Time": 180.593,
                                                                "Actual Rows": 200548,
                                                                "Actual Loops": 1
                                                            }
                                                        ],
                                                        "Plans": [
                                                            {
                                                                "Node Type": "Seq Scan",
                                                                "Parent Relationship": "Outer",
                                                                "Parallel Aware": true,
                                                                "Relation Name": "title",
                                                                "Schema": "public",
                                                                "Alias": "t",
                                                                "Startup Cost": 0.0,
                                                                "Total Cost": 43899.01,
                                                                "Plan Rows": 357884,
                                                                "Plan Width": 4,
                                                                "Actual Startup Time": 0.065,
                                                                "Actual Total Time": 77.401,
                                                                "Actual Rows": 204924,
                                                                "Actual Loops": 7,
                                                                "Output": [
                                                                    "t.id"
                                                                ],
                                                                "Filter": "(t.production_year > 1999)",
                                                                "Rows Removed by Filter": 156264,
                                                                "Workers": [
                                                                    {
                                                                        "Worker Number": 0,
                                                                        "Actual Startup Time": 0.074,
                                                                        "Actual Total Time": 79.239,
                                                                        "Actual Rows": 197699,
                                                                        "Actual Loops": 1
                                                                    },
                                                                    {
                                                                        "Worker Number": 1,
                                                                        "Actual Startup Time": 0.076,
                                                                        "Actual Total Time": 79.979,
                                                                        "Actual Rows": 151531,
                                                                        "Actual Loops": 1
                                                                    },
                                                                    {
                                                                        "Worker Number": 2,
                                                                        "Actual Startup Time": 0.075,
                                                                        "Actual Total Time": 79.187,
                                                                        "Actual Rows": 197743,
                                                                        "Actual Loops": 1
                                                                    },
                                                                    {
                                                                        "Worker Number": 3,
                                                                        "Actual Startup Time": 0.076,
                                                                        "Actual Total Time": 79.042,
                                                                        "Actual Rows": 195405,
                                                                        "Actual Loops": 1
                                                                    },
                                                                    {
                                                                        "Worker Number": 4,
                                                                        "Actual Startup Time": 0.073,
                                                                        "Actual Total Time": 80.89,
                                                                        "Actual Rows": 198315,
                                                                        "Actual Loops": 1
                                                                    },
                                                                    {
                                                                        "Worker Number": 5,
                                                                        "Actual Startup Time": 0.063,
                                                                        "Actual Total Time": 78.735,
                                                                        "Actual Rows": 200548,
                                                                        "Actual Loops": 1
                                                                    }
                                                                ]
                                                            }
                                                        ]
                                                    }
                                                ]
                                            }
                                        ]
                                    }
                                ]
                            }
                        ]
                    }
                ]
            }
        ]
    },
    "Planning Time": 1.552,
    "Triggers": [],
    "Execution Time": 2061.319
}