[
  {
    "Plan": {
      "Node Type": "Aggregate",
      "Strategy": "Plain",
      "Partial Mode": "Finalize",
      "Parallel Aware": false,
      "Startup Cost": 273338.0,
      "Total Cost": 273338.01,
      "Plan Rows": 1,
      "Plan Width": 8,
      "Actual Startup Time": 84.828,
      "Actual Total Time": 90.053,
      "Actual Rows": 1,
      "Actual Loops": 1,
      "Plans": [
        {
          "Node Type": "Gather",
          "Parent Relationship": "Outer",
          "Parallel Aware": false,
          "Startup Cost": 273337.37,
          "Total Cost": 273337.98,
          "Plan Rows": 6,
          "Plan Width": 8,
          "Actual Startup Time": 84.533,
          "Actual Total Time": 90.039,
          "Actual Rows": 7,
          "Actual Loops": 1,
          "Workers Planned": 6,
          "Workers Launched": 6,
          "Single Copy": false,
          "Plans": [
            {
              "Node Type": "Aggregate",
              "Strategy": "Plain",
              "Partial Mode": "Partial",
              "Parent Relationship": "Outer",
              "Parallel Aware": false,
              "Startup Cost": 272337.37,
              "Total Cost": 272337.38,
              "Plan Rows": 1,
              "Plan Width": 8,
              "Actual Startup Time": 75.553,
              "Actual Total Time": 75.555,
              "Actual Rows": 1,
              "Actual Loops": 7,
              "Plans": [
                {
                  "Node Type": "Bitmap Heap Scan",
                  "Parent Relationship": "Outer",
                  "Parallel Aware": true,
                  "Relation Name": "cast_info",
                  "Alias": "ci",
                  "Startup Cost": 17533.86,
                  "Total Cost": 272220.6,
                  "Plan Rows": 46710,
                  "Plan Width": 0,
                  "Actual Startup Time": 25.36,
                  "Actual Total Time": 68.685,
                  "Actual Rows": 87038,
                  "Actual Loops": 7,
                  "Recheck Cond": "(person_id < 86548)",
                  "Rows Removed by Index Recheck": 0,
                  "Filter": "(role_id < 2)",
                  "Rows Removed by Filter": 30751,
                  "Exact Heap Blocks": 2827,
                  "Lossy Heap Blocks": 0,
                  "Plans": [
                    {
                      "Node Type": "Bitmap Index Scan",
                      "Parent Relationship": "Outer",
                      "Parallel Aware": false,
                      "Index Name": "person_id_cast_info",
                      "Startup Cost": 0.0,
                      "Total Cost": 17463.79,
                      "Plan Rows": 799897,
                      "Plan Width": 0,
                      "Actual Startup Time": 31.241,
                      "Actual Total Time": 31.242,
                      "Actual Rows": 824519,
                      "Actual Loops": 1,
                      "Index Cond": "(person_id < 86548)"
                    }
                  ]
                }
              ]
            }
          ]
        }
      ]
    },
    "Planning Time": 0.232,
    "Triggers": [],
    "Execution Time": 90.128
  }
]