{
  "Plan": {
    "Node Type": "Aggregate",
    "Strategy": "Plain",
    "Partial Mode": "Simple",
    "Parallel Aware": false,
    "Startup Cost": 2268055.68,
    "Total Cost": 2268055.69,
    "Plan Rows": 1,
    "Plan Width": 64,
    "Actual Startup Time": 8924.366,
    "Actual Total Time": 8924.476,
    "Actual Rows": 1,
    "Actual Loops": 1,
    "Plans": [
      {
        "Node Type": "Merge Join",
        "Parent Relationship": "Outer",
        "Parallel Aware": false,
        "Join Type": "Inner",
        "Startup Cost": 2268055.64,
        "Total Cost": 2268055.68,
        "Plan Rows": 1,
        "Plan Width": 112,
        "Actual Startup Time": 8683.761,
        "Actual Total Time": 8706.668,
        "Actual Rows": 68185,
        "Actual Loops": 1,
        "Inner Unique": true,
        "Merge Cond": "(ml.link_type_id = lt.id)",
        "Plans": [
          {
            "Node Type": "Sort",
            "Parent Relationship": "Outer",
            "Parallel Aware": false,
            "Startup Cost": 2268054.33,
            "Total Cost": 2268054.33,
            "Plan Rows": 2,
            "Plan Width": 116,
            "Actual Startup Time": 8683.252,
            "Actual Total Time": 8692.333,
            "Actual Rows": 74280,
            "Actual Loops": 1,
            "Sort Key": [
              "ml.link_type_id"
            ],
            "Sort Method": "quicksort",
            "Sort Space Used": 78866,
            "Sort Space Type": "Memory",
            "Plans": [
              {
                "Node Type": "Merge Join",
                "Parent Relationship": "Outer",
                "Parallel Aware": false,
                "Join Type": "Inner",
                "Startup Cost": 2141290.32,
                "Total Cost": 2268054.32,
                "Plan Rows": 2,
                "Plan Width": 116,
                "Actual Startup Time": 7361.429,
                "Actual Total Time": 8601.908,
                "Actual Rows": 77651,
                "Actual Loops": 1,
                "Inner Unique": false,
                "Merge Cond": "(t.id = ci.movie_id)",
                "Plans": [
                  {
                    "Node Type": "Index Scan",
                    "Parent Relationship": "Outer",
                    "Parallel Aware": false,
                    "Scan Direction": "Forward",
                    "Index Name": "title_pkey",
                    "Relation Name": "title",
                    "Alias": "t",
                    "Startup Cost": 0.43,
                    "Total Cost": 123001.61,
                    "Plan Rows": 1557042,
                    "Plan Width": 4,
                    "Actual Startup Time": 0.022,
                    "Actual Total Time": 1120.842,
                    "Actual Rows": 1554657,
                    "Actual Loops": 1,
                    "Filter": "((production_year >= 1980) AND (production_year <= 2010))",
                    "Rows Removed by Filter": 970338
                  },
                  {
                    "Node Type": "Sort",
                    "Parent Relationship": "Inner",
                    "Parallel Aware": false,
                    "Startup Cost": 2141286.87,
                    "Total Cost": 2141286.88,
                    "Plan Rows": 4,
                    "Plan Width": 124,
                    "Actual Startup Time": 7359.368,
                    "Actual Total Time": 7382.998,
                    "Actual Rows": 127027,
                    "Actual Loops": 1,
                    "Sort Key": [
                      "ci.movie_id"
                    ],
                    "Sort Method": "quicksort",
                    "Sort Space Used": 120801,
                    "Sort Space Type": "Memory",
                    "Plans": [
                      {
                        "Node Type": "Merge Join",
                        "Parent Relationship": "Outer",
                        "Parallel Aware": false,
                        "Join Type": "Inner",
                        "Startup Cost": 2063156.43,
                        "Total Cost": 2141286.83,
                        "Plan Rows": 4,
                        "Plan Width": 124,
                        "Actual Startup Time": 7053.693,
                        "Actual Total Time": 7239.697,
                        "Actual Rows": 127027,
                        "Actual Loops": 1,
                        "Inner Unique": false,
                        "Merge Cond": "(an.person_id = n.id)",
                        "Plans": [
                          {
                            "Node Type": "Index Scan",
                            "Parent Relationship": "Outer",
                            "Parallel Aware": false,
                            "Scan Direction": "Forward",
                            "Index Name": "person_id_aka_name",
                            "Relation Name": "aka_name",
                            "Alias": "an",
                            "Startup Cost": 0.42,
                            "Total Cost": 76534.65,
                            "Plan Rows": 638408,
                            "Plan Width": 4,
                            "Actual Startup Time": 0.022,
                            "Actual Total Time": 124.263,
                            "Actual Rows": 289453,
                            "Actual Loops": 1,
                            "Filter": "((name IS NOT NULL) AND ((name ~~ '%a%'::text) OR (name ~~ 'A%'::text)))",
                            "Rows Removed by Filter": 104568
                          },
                          {
                            "Node Type": "Sort",
                            "Parent Relationship": "Inner",
                            "Parallel Aware": false,
                            "Startup Cost": 2063156.01,
                            "Total Cost": 2063156.07,
                            "Plan Rows": 24,
                            "Plan Width": 136,
                            "Actual Startup Time": 7053.637,
                            "Actual Total Time": 7073.367,
                            "Actual Rows": 145397,
                            "Actual Loops": 1,
                            "Sort Key": [
                              "pi.person_id"
                            ],
                            "Sort Method": "quicksort",
                            "Sort Space Used": 78521,
                            "Sort Space Type": "Memory",
                            "Plans": [
                              {
                                "Node Type": "Merge Join",
                                "Parent Relationship": "Outer",
                                "Parallel Aware": false,
                                "Join Type": "Inner",
                                "Startup Cost": 2061550.95,
                                "Total Cost": 2063155.46,
                                "Plan Rows": 24,
                                "Plan Width": 136,
                                "Actual Startup Time": 6641.987,
                                "Actual Total Time": 6980.766,
                                "Actual Rows": 73393,
                                "Actual Loops": 1,
                                "Inner Unique": false,
                                "Merge Cond": "(ml.linked_movie_id = ci.movie_id)",
                                "Plans": [
                                  {
                                    "Node Type": "Index Scan",
                                    "Parent Relationship": "Outer",
                                    "Parallel Aware": false,
                                    "Scan Direction": "Forward",
                                    "Index Name": "linked_movie_id_movie_link",
                                    "Relation Name": "movie_link",
                                    "Alias": "ml",
                                    "Startup Cost": 0.29,
                                    "Total Cost": 1525.74,
                                    "Plan Rows": 29997,
                                    "Plan Width": 8,
                                    "Actual Startup Time": 0.01,
                                    "Actual Total Time": 21.933,
                                    "Actual Rows": 29997,
                                    "Actual Loops": 1
                                  },
                                  {
                                    "Node Type": "Sort",
                                    "Parent Relationship": "Inner",
                                    "Parallel Aware": false,
                                    "Startup Cost": 2061550.66,
                                    "Total Cost": 2061552.57,
                                    "Plan Rows": 766,
                                    "Plan Width": 128,
                                    "Actual Startup Time": 6641.738,
                                    "Actual Total Time": 6785.557,
                                    "Actual Rows": 959016,
                                    "Actual Loops": 1,
                                    "Sort Key": [
                                      "ci.movie_id"
                                    ],
                                    "Sort Method": "quicksort",
                                    "Sort Space Used": 1009510,
                                    "Sort Space Type": "Memory",
                                    "Plans": [
                                      {
                                        "Node Type": "Merge Join",
                                        "Parent Relationship": "Outer",
                                        "Parallel Aware": false,
                                        "Join Type": "Inner",
                                        "Startup Cost": 280037.74,
                                        "Total Cost": 2061513.96,
                                        "Plan Rows": 766,
                                        "Plan Width": 128,
                                        "Actual Startup Time": 1106.462,
                                        "Actual Total Time": 5568.085,
                                        "Actual Rows": 917291,
                                        "Actual Loops": 1,
                                        "Inner Unique": false,
                                        "Merge Cond": "(n.id = ci.person_id)",
                                        "Plans": [
                                          {
                                            "Node Type": "Merge Join",
                                            "Parent Relationship": "Outer",
                                            "Parallel Aware": false,
                                            "Join Type": "Inner",
                                            "Startup Cost": 280002.49,
                                            "Total Cost": 282383.18,
                                            "Plan Rows": 88,
                                            "Plan Width": 120,
                                            "Actual Startup Time": 1106.117,
                                            "Actual Total Time": 1233.926,
                                            "Actual Rows": 13063,
                                            "Actual Loops": 1,
                                            "Inner Unique": true,
                                            "Merge Cond": "(pi.person_id = n.id)",
                                            "Plans": [
                                              {
                                                "Node Type": "Sort",
                                                "Parent Relationship": "Outer",
                                                "Parallel Aware": false,
                                                "Startup Cost": 85817.29,
                                                "Total Cost": 85819.22,
                                                "Plan Rows": 770,
                                                "Plan Width": 101,
                                                "Actual Startup Time": 457.607,
                                                "Actual Total Time": 466.358,
                                                "Actual Rows": 44624,
                                                "Actual Loops": 1,
                                                "Sort Key": [
                                                  "pi.person_id"
                                                ],
                                                "Sort Method": "quicksort",
                                                "Sort Space Used": 97431,
                                                "Sort Space Type": "Memory",
                                                "Plans": [
                                                  {
                                                    "Node Type": "Merge Join",
                                                    "Parent Relationship": "Outer",
                                                    "Parallel Aware": false,
                                                    "Join Type": "Inner",
                                                    "Startup Cost": 85337.67,
                                                    "Total Cost": 85780.37,
                                                    "Plan Rows": 770,
                                                    "Plan Width": 101,
                                                    "Actual Startup Time": 354.636,
                                                    "Actual Total Time": 378.188,
                                                    "Actual Rows": 84183,
                                                    "Actual Loops": 1,
                                                    "Inner Unique": true,
                                                    "Merge Cond": "(pi.info_type_id = it.id)",
                                                    "Plans": [
                                                      {
                                                        "Node Type": "Sort",
                                                        "Parent Relationship": "Outer",
                                                        "Parallel Aware": false,
                                                        "Startup Cost": 85335.24,
                                                        "Total Cost": 85552.74,
                                                        "Plan Rows": 87000,
                                                        "Plan Width": 105,
                                                        "Actual Startup Time": 354.599,
                                                        "Actual Total Time": 360.658,
                                                        "Actual Rows": 84183,
                                                        "Actual Loops": 1,
                                                        "Sort Key": [
                                                          "pi.info_type_id"
                                                        ],
                                                        "Sort Method": "quicksort",
                                                        "Sort Space Used": 97770,
                                                        "Sort Space Type": "Memory",
                                                        "Plans": [
                                                          {
                                                            "Node Type": "Gather",
                                                            "Parent Relationship": "Outer",
                                                            "Parallel Aware": false,
                                                            "Startup Cost": 1000.0,
                                                            "Total Cost": 78197.45,
                                                            "Plan Rows": 87000,
                                                            "Plan Width": 105,
                                                            "Actual Startup Time": 0.589,
                                                            "Actual Total Time": 325.852,
                                                            "Actual Rows": 84183,
                                                            "Actual Loops": 1,
                                                            "Workers Planned": 1,
                                                            "Workers Launched": 1,
                                                            "Single Copy": false,
                                                            "Plans": [
                                                              {
                                                                "Node Type": "Seq Scan",
                                                                "Parent Relationship": "Outer",
                                                                "Parallel Aware": true,
                                                                "Relation Name": "person_info",
                                                                "Alias": "pi",
                                                                "Startup Cost": 0.0,
                                                                "Total Cost": 68497.45,
                                                                "Plan Rows": 51176,
                                                                "Plan Width": 105,
                                                                "Actual Startup Time": 0.054,
                                                                "Actual Total Time": 313.36,
                                                                "Actual Rows": 42092,
                                                                "Actual Loops": 2,
                                                                "Filter": "(note IS NOT NULL)",
                                                                "Rows Removed by Filter": 1439740
                                                              }
                                                            ]
                                                          }
                                                        ]
                                                      },
                                                      {
                                                        "Node Type": "Sort",
                                                        "Parent Relationship": "Inner",
                                                        "Parallel Aware": false,
                                                        "Startup Cost": 2.42,
                                                        "Total Cost": 2.43,
                                                        "Plan Rows": 1,
                                                        "Plan Width": 4,
                                                        "Actual Startup Time": 0.031,
                                                        "Actual Total Time": 0.032,
                                                        "Actual Rows": 1,
                                                        "Actual Loops": 1,
                                                        "Sort Key": [
                                                          "it.id"
                                                        ],
                                                        "Sort Method": "quicksort",
                                                        "Sort Space Used": 25,
                                                        "Sort Space Type": "Memory",
                                                        "Plans": [
                                                          {
                                                            "Node Type": "Seq Scan",
                                                            "Parent Relationship": "Outer",
                                                            "Parallel Aware": false,
                                                            "Relation Name": "info_type",
                                                            "Alias": "it",
                                                            "Startup Cost": 0.0,
                                                            "Total Cost": 2.41,
                                                            "Plan Rows": 1,
                                                            "Plan Width": 4,
                                                            "Actual Startup Time": 0.017,
                                                            "Actual Total Time": 0.021,
                                                            "Actual Rows": 1,
                                                            "Actual Loops": 1,
                                                            "Filter": "((info)::text = 'mini biography'::text)",
                                                            "Rows Removed by Filter": 112
                                                          }
                                                        ]
                                                      }
                                                    ]
                                                  }
                                                ]
                                              },
                                              {
                                                "Node Type": "Sort",
                                                "Parent Relationship": "Inner",
                                                "Parallel Aware": false,
                                                "Startup Cost": 194185.2,
                                                "Total Cost": 195373.18,
                                                "Plan Rows": 475192,
                                                "Plan Width": 19,
                                                "Actual Startup Time": 648.464,
                                                "Actual Total Time": 713.615,
                                                "Actual Rows": 507621,
                                                "Actual Loops": 1,
                                                "Sort Key": [
                                                  "n.id"
                                                ],
                                                "Sort Method": "quicksort",
                                                "Sort Space Used": 49548,
                                                "Sort Space Type": "Memory",
                                                "Plans": [
                                                  {
                                                    "Node Type": "Seq Scan",
                                                    "Parent Relationship": "Outer",
                                                    "Parallel Aware": false,
                                                    "Relation Name": "name",
                                                    "Alias": "n",
                                                    "Startup Cost": 0.0,
                                                    "Total Cost": 149378.98,
                                                    "Plan Rows": 475192,
                                                    "Plan Width": 19,
                                                    "Actual Startup Time": 0.02,
                                                    "Actual Total Time": 495.046,
                                                    "Actual Rows": 507621,
                                                    "Actual Loops": 1,
                                                    "Filter": "(((name_pcode_cf)::text >= 'A'::text) AND ((name_pcode_cf)::text <= 'F'::text) AND (((gender)::text = 'm'::text) OR (((gender)::text = 'f'::text) AND (name ~~ 'A%'::text))))",
                                                    "Rows Removed by Filter": 3659870
                                                  }
                                                ]
                                              }
                                            ]
                                          },
                                          {
                                            "Node Type": "Index Scan",
                                            "Parent Relationship": "Inner",
                                            "Parallel Aware": false,
                                            "Scan Direction": "Forward",
                                            "Index Name": "person_id_cast_info",
                                            "Relation Name": "cast_info",
                                            "Alias": "ci",
                                            "Startup Cost": 0.56,
                                            "Total Cost": 1688532.46,
                                            "Plan Rows": 36257824,
                                            "Plan Width": 8,
                                            "Actual Startup Time": 0.026,
                                            "Actual Total Time": 3161.986,
                                            "Actual Rows": 18021265,
                                            "Actual Loops": 1
                                          }
                                        ]
                                      }
                                    ]
                                  }
                                ]
                              }
                            ]
                          }
                        ]
                      }
                    ]
                  }
                ]
              }
            ]
          },
          {
            "Node Type": "Sort",
            "Parent Relationship": "Inner",
            "Parallel Aware": false,
            "Startup Cost": 1.31,
            "Total Cost": 1.32,
            "Plan Rows": 4,
            "Plan Width": 4,
            "Actual Startup Time": 0.031,
            "Actual Total Time": 0.034,
            "Actual Rows": 4,
            "Actual Loops": 1,
            "Sort Key": [
              "lt.id"
            ],
            "Sort Method": "quicksort",
            "Sort Space Used": 25,
            "Sort Space Type": "Memory",
            "Plans": [
              {
                "Node Type": "Seq Scan",
                "Parent Relationship": "Outer",
                "Parallel Aware": false,
                "Relation Name": "link_type",
                "Alias": "lt",
                "Startup Cost": 0.0,
                "Total Cost": 1.27,
                "Plan Rows": 4,
                "Plan Width": 4,
                "Actual Startup Time": 0.02,
                "Actual Total Time": 0.022,
                "Actual Rows": 4,
                "Actual Loops": 1,
                "Filter": "((link)::text = ANY ('{references,\"referenced in\",features,\"featured in\"}'::text[]))",
                "Rows Removed by Filter": 14
              }
            ]
          }
        ]
      }
    ]
  },
  "Planning Time": 2.923,
  "Triggers": [],
  "Execution Time": 8992.447
}