[
  {
    "Plan": {
      "Node Type": "Aggregate",
      "Strategy": "Plain",
      "Partial Mode": "Finalize",
      "Parallel Aware": false,
      "Startup Cost": 104309.59,
      "Total Cost": 104309.6,
      "Plan Rows": 1,
      "Plan Width": 8,
      "Actual Startup Time": 560.414,
      "Actual Total Time": 579.985,
      "Actual Rows": 1,
      "Actual Loops": 1,
      "Plans": [
        {
          "Node Type": "Gather",
          "Parent Relationship": "Outer",
          "Parallel Aware": false,
          "Startup Cost": 104309.27,
          "Total Cost": 104309.58,
          "Plan Rows": 3,
          "Plan Width": 8,
          "Actual Startup Time": 551.345,
          "Actual Total Time": 579.975,
          "Actual Rows": 4,
          "Actual Loops": 1,
          "Workers Planned": 3,
          "Workers Launched": 3,
          "Single Copy": false,
          "Plans": [
            {
              "Node Type": "Aggregate",
              "Strategy": "Plain",
              "Partial Mode": "Partial",
              "Parent Relationship": "Outer",
              "Parallel Aware": false,
              "Startup Cost": 103309.27,
              "Total Cost": 103309.28,
              "Plan Rows": 1,
              "Plan Width": 8,
              "Actual Startup Time": 537.238,
              "Actual Total Time": 537.243,
              "Actual Rows": 1,
              "Actual Loops": 4,
              "Plans": [
                {
                  "Node Type": "Nested Loop",
                  "Parent Relationship": "Outer",
                  "Parallel Aware": false,
                  "Join Type": "Inner",
                  "Startup Cost": 52947.92,
                  "Total Cost": 103287.1,
                  "Plan Rows": 8870,
                  "Plan Width": 0,
                  "Actual Startup Time": 279.242,
                  "Actual Total Time": 529.84,
                  "Actual Rows": 147532,
                  "Actual Loops": 4,
                  "Inner Unique": false,
                  "Plans": [
                    {
                      "Node Type": "Hash Join",
                      "Parent Relationship": "Outer",
                      "Parallel Aware": true,
                      "Join Type": "Inner",
                      "Startup Cost": 52947.49,
                      "Total Cost": 78444.64,
                      "Plan Rows": 39373,
                      "Plan Width": 8,
                      "Actual Startup Time": 279.159,
                      "Actual Total Time": 334.59,
                      "Actual Rows": 38738,
                      "Actual Loops": 4,
                      "Inner Unique": true,
                      "Hash Cond": "(mk.movie_id = t.id)",
                      "Plans": [
                        {
                          "Node Type": "Bitmap Heap Scan",
                          "Parent Relationship": "Outer",
                          "Parallel Aware": true,
                          "Relation Name": "movie_keyword",
                          "Alias": "mk",
                          "Startup Cost": 4537.41,
                          "Total Cost": 29853.53,
                          "Plan Rows": 68969,
                          "Plan Width": 4,
                          "Actual Startup Time": 20.946,
                          "Actual Total Time": 54.299,
                          "Actual Rows": 54463,
                          "Actual Loops": 4,
                          "Recheck Cond": "(keyword_id > 65140)",
                          "Rows Removed by Index Recheck": 0,
                          "Exact Heap Blocks": 5946,
                          "Lossy Heap Blocks": 0,
                          "Plans": [
                            {
                              "Node Type": "Bitmap Index Scan",
                              "Parent Relationship": "Outer",
                              "Parallel Aware": false,
                              "Index Name": "keyword_id_movie_keyword",
                              "Startup Cost": 0.0,
                              "Total Cost": 4483.96,
                              "Plan Rows": 213804,
                              "Plan Width": 0,
                              "Actual Startup Time": 17.979,
                              "Actual Total Time": 17.979,
                              "Actual Rows": 217852,
                              "Actual Loops": 1,
                              "Index Cond": "(keyword_id > 65140)"
                            }
                          ]
                        },
                        {
                          "Node Type": "Hash",
                          "Parent Relationship": "Inner",
                          "Parallel Aware": true,
                          "Startup Cost": 43899.32,
                          "Total Cost": 43899.32,
                          "Plan Rows": 360860,
                          "Plan Width": 4,
                          "Actual Startup Time": 250.214,
                          "Actual Total Time": 250.215,
                          "Actual Rows": 360824,
                          "Actual Loops": 4,
                          "Hash Buckets": 2097152,
                          "Original Hash Buckets": 2097152,
                          "Hash Batches": 1,
                          "Original Hash Batches": 1,
                          "Peak Memory Usage": 72928,
                          "Plans": [
                            {
                              "Node Type": "Seq Scan",
                              "Parent Relationship": "Outer",
                              "Parallel Aware": true,
                              "Relation Name": "title",
                              "Alias": "t",
                              "Startup Cost": 0.0,
                              "Total Cost": 43899.32,
                              "Plan Rows": 360860,
                              "Plan Width": 4,
                              "Actual Startup Time": 0.049,
                              "Actual Total Time": 110.851,
                              "Actual Rows": 360824,
                              "Actual Loops": 4,
                              "Filter": "(production_year < 2006)",
                              "Rows Removed by Filter": 271254
                            }
                          ]
                        }
                      ]
                    },
                    {
                      "Node Type": "Index Scan",
                      "Parent Relationship": "Inner",
                      "Parallel Aware": false,
                      "Scan Direction": "Forward",
                      "Index Name": "movie_id_movie_companies",
                      "Relation Name": "movie_companies",
                      "Alias": "mc",
                      "Startup Cost": 0.43,
                      "Total Cost": 0.62,
                      "Plan Rows": 1,
                      "Plan Width": 4,
                      "Actual Startup Time": 0.003,
                      "Actual Total Time": 0.005,
                      "Actual Rows": 4,
                      "Actual Loops": 154950,
                      "Index Cond": "(movie_id = t.id)",
                      "Rows Removed by Index Recheck": 0,
                      "Filter": "((company_id < 10015) AND (company_type_id < 2))",
                      "Rows Removed by Filter": 5
                    }
                  ]
                }
              ]
            }
          ]
        }
      ]
    },
    "Planning Time": 1.488,
    "Triggers": [],
    "Execution Time": 580.1
  }
]