{
  "Plan": {
    "Node Type": "Aggregate",
    "Strategy": "Plain",
    "Partial Mode": "Finalize",
    "Parallel Aware": false,
    "Startup Cost": 112574.79,
    "Total Cost": 112574.8,
    "Plan Rows": 1,
    "Plan Width": 8,
    "Actual Startup Time": 821.897,
    "Actual Total Time": 836.816,
    "Actual Rows": 1,
    "Actual Loops": 1,
    "Plans": [
      {
        "Node Type": "Gather",
        "Parent Relationship": "Outer",
        "Parallel Aware": false,
        "Startup Cost": 112574.68,
        "Total Cost": 112574.79,
        "Plan Rows": 1,
        "Plan Width": 8,
        "Actual Startup Time": 819.176,
        "Actual Total Time": 836.807,
        "Actual Rows": 2,
        "Actual Loops": 1,
        "Workers Planned": 1,
        "Workers Launched": 1,
        "Single Copy": false,
        "Plans": [
          {
            "Node Type": "Aggregate",
            "Strategy": "Plain",
            "Partial Mode": "Partial",
            "Parent Relationship": "Outer",
            "Parallel Aware": false,
            "Startup Cost": 111574.68,
            "Total Cost": 111574.69,
            "Plan Rows": 1,
            "Plan Width": 8,
            "Actual Startup Time": 816.241,
            "Actual Total Time": 816.245,
            "Actual Rows": 1,
            "Actual Loops": 2,
            "Plans": [
              {
                "Node Type": "Hash Join",
                "Parent Relationship": "Outer",
                "Parallel Aware": true,
                "Join Type": "Inner",
                "Startup Cost": 47556.68,
                "Total Cost": 110425.69,
                "Plan Rows": 459596,
                "Plan Width": 0,
                "Actual Startup Time": 267.386,
                "Actual Total Time": 790.762,
                "Actual Rows": 501081,
                "Actual Loops": 2,
                "Inner Unique": false,
                "Hash Cond": "(t.id = mc.movie_id)",
                "Plans": [
                  {
                    "Node Type": "Seq Scan",
                    "Parent Relationship": "Outer",
                    "Parallel Aware": true,
                    "Relation Name": "title",
                    "Alias": "t",
                    "Startup Cost": 0.0,
                    "Total Cost": 50870.31,
                    "Plan Rows": 1487231,
                    "Plan Width": 4,
                    "Actual Startup Time": 0.01,
                    "Actual Total Time": 132.913,
                    "Actual Rows": 1264156,
                    "Actual Loops": 2
                  },
                  {
                    "Node Type": "Hash",
                    "Parent Relationship": "Inner",
                    "Parallel Aware": true,
                    "Startup Cost": 41811.73,
                    "Total Cost": 41811.73,
                    "Plan Rows": 459596,
                    "Plan Width": 4,
                    "Actual Startup Time": 260.995,
                    "Actual Total Time": 260.996,
                    "Actual Rows": 501081,
                    "Actual Loops": 2,
                    "Hash Buckets": 1048576,
                    "Original Hash Buckets": 1048576,
                    "Hash Batches": 1,
                    "Original Hash Batches": 1,
                    "Peak Memory Usage": 47424,
                    "Plans": [
                      {
                        "Node Type": "Seq Scan",
                        "Parent Relationship": "Outer",
                        "Parallel Aware": true,
                        "Relation Name": "movie_companies",
                        "Alias": "mc",
                        "Startup Cost": 0.0,
                        "Total Cost": 41811.73,
                        "Plan Rows": 459596,
                        "Plan Width": 4,
                        "Actual Startup Time": 64.483,
                        "Actual Total Time": 150.439,
                        "Actual Rows": 501081,
                        "Actual Loops": 2,
                        "Filter": "((company_id > 6558) AND (company_type_id > 1))",
                        "Rows Removed by Filter": 803484
                      }
                    ]
                  }
                ]
              }
            ]
          }
        ]
      }
    ]
  },
  "Planning Time": 0.361,
  "Triggers": [],
  "Execution Time": 836.86
}