{
  "Plan": {
    "Node Type": "Aggregate",
    "Strategy": "Plain",
    "Partial Mode": "Finalize",
    "Parallel Aware": false,
    "Startup Cost": 264193.64,
    "Total Cost": 264193.65,
    "Plan Rows": 1,
    "Plan Width": 8,
    "Actual Startup Time": 827.053,
    "Actual Total Time": 843.43,
    "Actual Rows": 1,
    "Actual Loops": 1,
    "Plans": [
      {
        "Node Type": "Gather",
        "Parent Relationship": "Outer",
        "Parallel Aware": false,
        "Startup Cost": 264193.53,
        "Total Cost": 264193.64,
        "Plan Rows": 1,
        "Plan Width": 8,
        "Actual Startup Time": 823.328,
        "Actual Total Time": 843.421,
        "Actual Rows": 2,
        "Actual Loops": 1,
        "Workers Planned": 1,
        "Workers Launched": 1,
        "Single Copy": false,
        "Plans": [
          {
            "Node Type": "Aggregate",
            "Strategy": "Plain",
            "Partial Mode": "Partial",
            "Parent Relationship": "Outer",
            "Parallel Aware": false,
            "Startup Cost": 263193.53,
            "Total Cost": 263193.54,
            "Plan Rows": 1,
            "Plan Width": 8,
            "Actual Startup Time": 815.442,
            "Actual Total Time": 815.447,
            "Actual Rows": 1,
            "Actual Loops": 2,
            "Plans": [
              {
                "Node Type": "Hash Join",
                "Parent Relationship": "Outer",
                "Parallel Aware": true,
                "Join Type": "Inner",
                "Startup Cost": 88391.47,
                "Total Cost": 262165.28,
                "Plan Rows": 411298,
                "Plan Width": 0,
                "Actual Startup Time": 508.794,
                "Actual Total Time": 799.039,
                "Actual Rows": 305348,
                "Actual Loops": 2,
                "Inner Unique": true,
                "Hash Cond": "(mi.movie_id = t.id)",
                "Plans": [
                  {
                    "Node Type": "Bitmap Heap Scan",
                    "Parent Relationship": "Outer",
                    "Parallel Aware": true,
                    "Relation Name": "movie_info",
                    "Alias": "mi",
                    "Startup Cost": 23986.4,
                    "Total Cost": 195715.6,
                    "Plan Rows": 778896,
                    "Plan Width": 4,
                    "Actual Startup Time": 95.79,
                    "Actual Total Time": 165.535,
                    "Actual Rows": 662680,
                    "Actual Loops": 2,
                    "Recheck Cond": "(info_type_id = 8)",
                    "Rows Removed by Index Recheck": 0,
                    "Exact Heap Blocks": 3459,
                    "Lossy Heap Blocks": 0,
                    "Plans": [
                      {
                        "Node Type": "Bitmap Index Scan",
                        "Parent Relationship": "Outer",
                        "Parallel Aware": false,
                        "Index Name": "info_type_id_movie_info",
                        "Startup Cost": 0.0,
                        "Total Cost": 23655.37,
                        "Plan Rows": 1324124,
                        "Plan Width": 0,
                        "Actual Startup Time": 93.845,
                        "Actual Total Time": 93.845,
                        "Actual Rows": 1325361,
                        "Actual Loops": 1,
                        "Index Cond": "(info_type_id = 8)"
                      }
                    ]
                  },
                  {
                    "Node Type": "Hash",
                    "Parent Relationship": "Inner",
                    "Parallel Aware": true,
                    "Startup Cost": 54588.39,
                    "Total Cost": 54588.39,
                    "Plan Rows": 785335,
                    "Plan Width": 4,
                    "Actual Startup Time": 398.182,
                    "Actual Total Time": 398.183,
                    "Actual Rows": 661432,
                    "Actual Loops": 2,
                    "Hash Buckets": 2097152,
                    "Original Hash Buckets": 2097152,
                    "Hash Batches": 1,
                    "Original Hash Batches": 1,
                    "Peak Memory Usage": 68160,
                    "Plans": [
                      {
                        "Node Type": "Seq Scan",
                        "Parent Relationship": "Outer",
                        "Parallel Aware": true,
                        "Relation Name": "title",
                        "Alias": "t",
                        "Startup Cost": 0.0,
                        "Total Cost": 54588.39,
                        "Plan Rows": 785335,
                        "Plan Width": 4,
                        "Actual Startup Time": 0.047,
                        "Actual Total Time": 194.089,
                        "Actual Rows": 661432,
                        "Actual Loops": 2,
                        "Filter": "(production_year > 2001)",
                        "Rows Removed by Filter": 602724
                      }
                    ]
                  }
                ]
              }
            ]
          }
        ]
      }
    ]
  },
  "Planning Time": 0.585,
  "Triggers": [],
  "Execution Time": 843.521
}