[
  {
    "Plan": {
      "Node Type": "Aggregate",
      "Strategy": "Plain",
      "Partial Mode": "Finalize",
      "Parallel Aware": false,
      "Startup Cost": 86509.44,
      "Total Cost": 86509.45,
      "Plan Rows": 1,
      "Plan Width": 8,
      "Actual Startup Time": 304.368,
      "Actual Total Time": 319.758,
      "Actual Rows": 1,
      "Actual Loops": 1,
      "Plans": [
        {
          "Node Type": "Gather",
          "Parent Relationship": "Outer",
          "Parallel Aware": false,
          "Startup Cost": 86509.13,
          "Total Cost": 86509.44,
          "Plan Rows": 3,
          "Plan Width": 8,
          "Actual Startup Time": 299.389,
          "Actual Total Time": 319.744,
          "Actual Rows": 4,
          "Actual Loops": 1,
          "Workers Planned": 3,
          "Workers Launched": 3,
          "Single Copy": false,
          "Plans": [
            {
              "Node Type": "Aggregate",
              "Strategy": "Plain",
              "Partial Mode": "Partial",
              "Parent Relationship": "Outer",
              "Parallel Aware": false,
              "Startup Cost": 85509.13,
              "Total Cost": 85509.14,
              "Plan Rows": 1,
              "Plan Width": 8,
              "Actual Startup Time": 291.788,
              "Actual Total Time": 291.795,
              "Actual Rows": 1,
              "Actual Loops": 4,
              "Plans": [
                {
                  "Node Type": "Hash Join",
                  "Parent Relationship": "Outer",
                  "Parallel Aware": true,
                  "Join Type": "Inner",
                  "Startup Cost": 58160.71,
                  "Total Cost": 85379.5,
                  "Plan Rows": 51852,
                  "Plan Width": 0,
                  "Actual Startup Time": 198.596,
                  "Actual Total Time": 288.814,
                  "Actual Rows": 59808,
                  "Actual Loops": 4,
                  "Inner Unique": true,
                  "Hash Cond": "(mk.movie_id = t.id)",
                  "Plans": [
                    {
                      "Node Type": "Bitmap Heap Scan",
                      "Parent Relationship": "Outer",
                      "Parallel Aware": true,
                      "Relation Name": "movie_keyword",
                      "Alias": "mk",
                      "Startup Cost": 12020.11,
                      "Total Cost": 38759.06,
                      "Plan Rows": 182796,
                      "Plan Width": 4,
                      "Actual Startup Time": 31.777,
                      "Actual Total Time": 89.797,
                      "Actual Rows": 141482,
                      "Actual Loops": 4,
                      "Recheck Cond": "(keyword_id > 32469)",
                      "Rows Removed by Index Recheck": 0,
                      "Exact Heap Blocks": 7919,
                      "Lossy Heap Blocks": 0,
                      "Plans": [
                        {
                          "Node Type": "Bitmap Index Scan",
                          "Parent Relationship": "Outer",
                          "Parallel Aware": false,
                          "Index Name": "keyword_id_movie_keyword",
                          "Startup Cost": 0.0,
                          "Total Cost": 11878.44,
                          "Plan Rows": 566668,
                          "Plan Width": 0,
                          "Actual Startup Time": 28.426,
                          "Actual Total Time": 28.427,
                          "Actual Rows": 565930,
                          "Actual Loops": 1,
                          "Index Cond": "(keyword_id > 32469)"
                        }
                      ]
                    },
                    {
                      "Node Type": "Hash",
                      "Parent Relationship": "Inner",
                      "Parallel Aware": true,
                      "Startup Cost": 43899.32,
                      "Total Cost": 43899.32,
                      "Plan Rows": 179302,
                      "Plan Width": 4,
                      "Actual Startup Time": 163.279,
                      "Actual Total Time": 163.283,
                      "Actual Rows": 182746,
                      "Actual Loops": 4,
                      "Hash Buckets": 1048576,
                      "Original Hash Buckets": 1048576,
                      "Hash Batches": 1,
                      "Original Hash Batches": 1,
                      "Peak Memory Usage": 36864,
                      "Plans": [
                        {
                          "Node Type": "Seq Scan",
                          "Parent Relationship": "Outer",
                          "Parallel Aware": true,
                          "Relation Name": "title",
                          "Alias": "t",
                          "Startup Cost": 0.0,
                          "Total Cost": 43899.32,
                          "Plan Rows": 179302,
                          "Plan Width": 4,
                          "Actual Startup Time": 0.033,
                          "Actual Total Time": 96.605,
                          "Actual Rows": 182746,
                          "Actual Loops": 4,
                          "Filter": "(production_year < 1992)",
                          "Rows Removed by Filter": 449332
                        }
                      ]
                    }
                  ]
                }
              ]
            }
          ]
        }
      ]
    },
    "Planning Time": 0.242,
    "Triggers": [],
    "Execution Time": 319.8
  }
]