[
  {
    "Plan": {
      "Node Type": "Aggregate",
      "Strategy": "Plain",
      "Partial Mode": "Finalize",
      "Parallel Aware": false,
      "Startup Cost": 86807.06,
      "Total Cost": 86807.07,
      "Plan Rows": 1,
      "Plan Width": 8,
      "Actual Startup Time": 357.771,
      "Actual Total Time": 374.495,
      "Actual Rows": 1,
      "Actual Loops": 1,
      "Plans": [
        {
          "Node Type": "Gather",
          "Parent Relationship": "Outer",
          "Parallel Aware": false,
          "Startup Cost": 86806.75,
          "Total Cost": 86807.06,
          "Plan Rows": 3,
          "Plan Width": 8,
          "Actual Startup Time": 354.821,
          "Actual Total Time": 374.484,
          "Actual Rows": 4,
          "Actual Loops": 1,
          "Workers Planned": 3,
          "Workers Launched": 3,
          "Single Copy": false,
          "Plans": [
            {
              "Node Type": "Aggregate",
              "Strategy": "Plain",
              "Partial Mode": "Partial",
              "Parent Relationship": "Outer",
              "Parallel Aware": false,
              "Startup Cost": 85806.75,
              "Total Cost": 85806.76,
              "Plan Rows": 1,
              "Plan Width": 8,
              "Actual Startup Time": 345.522,
              "Actual Total Time": 345.526,
              "Actual Rows": 1,
              "Actual Loops": 4,
              "Plans": [
                {
                  "Node Type": "Hash Join",
                  "Parent Relationship": "Outer",
                  "Parallel Aware": true,
                  "Join Type": "Inner",
                  "Startup Cost": 58404.87,
                  "Total Cost": 85673.27,
                  "Plan Rows": 53392,
                  "Plan Width": 0,
                  "Actual Startup Time": 237.988,
                  "Actual Total Time": 341.845,
                  "Actual Rows": 59808,
                  "Actual Loops": 4,
                  "Inner Unique": true,
                  "Hash Cond": "(mk.movie_id = t.id)",
                  "Plans": [
                    {
                      "Node Type": "Bitmap Heap Scan",
                      "Parent Relationship": "Outer",
                      "Parallel Aware": true,
                      "Relation Name": "movie_keyword",
                      "Alias": "mk",
                      "Startup Cost": 12238.9,
                      "Total Cost": 39018.85,
                      "Plan Rows": 186076,
                      "Plan Width": 4,
                      "Actual Startup Time": 52.51,
                      "Actual Total Time": 117.843,
                      "Actual Rows": 141482,
                      "Actual Loops": 4,
                      "Recheck Cond": "(keyword_id > 32469)",
                      "Rows Removed by Index Recheck": 0,
                      "Exact Heap Blocks": 6465,
                      "Lossy Heap Blocks": 0,
                      "Plans": [
                        {
                          "Node Type": "Bitmap Index Scan",
                          "Parent Relationship": "Outer",
                          "Parallel Aware": false,
                          "Index Name": "keyword_id_movie_keyword",
                          "Startup Cost": 0.0,
                          "Total Cost": 12094.7,
                          "Plan Rows": 576835,
                          "Plan Width": 0,
                          "Actual Startup Time": 46.857,
                          "Actual Total Time": 46.857,
                          "Actual Rows": 565930,
                          "Actual Loops": 1,
                          "Index Cond": "(keyword_id > 32469)"
                        }
                      ]
                    },
                    {
                      "Node Type": "Hash",
                      "Parent Relationship": "Inner",
                      "Parallel Aware": true,
                      "Startup Cost": 43898.92,
                      "Total Cost": 43898.92,
                      "Plan Rows": 181364,
                      "Plan Width": 4,
                      "Actual Startup Time": 179.772,
                      "Actual Total Time": 179.773,
                      "Actual Rows": 182746,
                      "Actual Loops": 4,
                      "Hash Buckets": 1048576,
                      "Original Hash Buckets": 1048576,
                      "Hash Batches": 1,
                      "Original Hash Batches": 1,
                      "Peak Memory Usage": 36864,
                      "Plans": [
                        {
                          "Node Type": "Seq Scan",
                          "Parent Relationship": "Outer",
                          "Parallel Aware": true,
                          "Relation Name": "title",
                          "Alias": "t",
                          "Startup Cost": 0.0,
                          "Total Cost": 43898.92,
                          "Plan Rows": 181364,
                          "Plan Width": 4,
                          "Actual Startup Time": 0.049,
                          "Actual Total Time": 107.884,
                          "Actual Rows": 182746,
                          "Actual Loops": 4,
                          "Filter": "(production_year < 1992)",
                          "Rows Removed by Filter": 449332
                        }
                      ]
                    }
                  ]
                }
              ]
            }
          ]
        }
      ]
    },
    "Planning Time": 0.674,
    "Triggers": [],
    "Execution Time": 374.598
  }
]