[
    {
        "Bao": {
            "Bao prediction": "NaN",
            "Bao recommended hint": "(no hint)"
        }
    },
    {
        "Plan": {
            "Node Type": "Aggregate",
            "Strategy": "Plain",
            "Partial Mode": "Finalize",
            "Parallel Aware": false,
            "Startup Cost": 460404.75,
            "Total Cost": 460404.76,
            "Plan Rows": 1,
            "Plan Width": 8,
            "Actual Startup Time": 3874.53,
            "Actual Total Time": 3902.091,
            "Actual Rows": 1,
            "Actual Loops": 1,
            "Output": [
                "count(*)"
            ],
            "Plans": [
                {
                    "Node Type": "Gather",
                    "Parent Relationship": "Outer",
                    "Parallel Aware": false,
                    "Startup Cost": 460404.13,
                    "Total Cost": 460404.74,
                    "Plan Rows": 6,
                    "Plan Width": 8,
                    "Actual Startup Time": 3859.768,
                    "Actual Total Time": 3902.068,
                    "Actual Rows": 7,
                    "Actual Loops": 1,
                    "Output": [
                        "(PARTIAL count(*))"
                    ],
                    "Workers Planned": 6,
                    "Workers Launched": 6,
                    "Single Copy": false,
                    "Plans": [
                        {
                            "Node Type": "Aggregate",
                            "Strategy": "Plain",
                            "Partial Mode": "Partial",
                            "Parent Relationship": "Outer",
                            "Parallel Aware": false,
                            "Startup Cost": 459404.13,
                            "Total Cost": 459404.14,
                            "Plan Rows": 1,
                            "Plan Width": 8,
                            "Actual Startup Time": 3849.78,
                            "Actual Total Time": 3850.468,
                            "Actual Rows": 1,
                            "Actual Loops": 7,
                            "Output": [
                                "PARTIAL count(*)"
                            ],
                            "Workers": [
                                {
                                    "Worker Number": 0,
                                    "Actual Startup Time": 3846.924,
                                    "Actual Total Time": 3846.929,
                                    "Actual Rows": 1,
                                    "Actual Loops": 1
                                },
                                {
                                    "Worker Number": 1,
                                    "Actual Startup Time": 3847.494,
                                    "Actual Total Time": 3847.498,
                                    "Actual Rows": 1,
                                    "Actual Loops": 1
                                },
                                {
                                    "Worker Number": 2,
                                    "Actual Startup Time": 3850.823,
                                    "Actual Total Time": 3850.828,
                                    "Actual Rows": 1,
                                    "Actual Loops": 1
                                },
                                {
                                    "Worker Number": 3,
                                    "Actual Startup Time": 3847.854,
                                    "Actual Total Time": 3847.858,
                                    "Actual Rows": 1,
                                    "Actual Loops": 1
                                },
                                {
                                    "Worker Number": 4,
                                    "Actual Startup Time": 3848.149,
                                    "Actual Total Time": 3848.154,
                                    "Actual Rows": 1,
                                    "Actual Loops": 1
                                },
                                {
                                    "Worker Number": 5,
                                    "Actual Startup Time": 3847.831,
                                    "Actual Total Time": 3847.836,
                                    "Actual Rows": 1,
                                    "Actual Loops": 1
                                }
                            ],
                            "Plans": [
                                {
                                    "Node Type": "Hash Join",
                                    "Parent Relationship": "Outer",
                                    "Parallel Aware": true,
                                    "Join Type": "Inner",
                                    "Startup Cost": 97081.12,
                                    "Total Cost": 453167.87,
                                    "Plan Rows": 2494502,
                                    "Plan Width": 0,
                                    "Actual Startup Time": 466.907,
                                    "Actual Total Time": 3214.836,
                                    "Actual Rows": 15132014,
                                    "Actual Loops": 7,
                                    "Inner Unique": false,
                                    "Hash Cond": "(ci.movie_id = t.id)",
                                    "Workers": [
                                        {
                                            "Worker Number": 0,
                                            "Actual Startup Time": 464.516,
                                            "Actual Total Time": 3185.318,
                                            "Actual Rows": 12579067,
                                            "Actual Loops": 1
                                        },
                                        {
                                            "Worker Number": 1,
                                            "Actual Startup Time": 465.029,
                                            "Actual Total Time": 3187.44,
                                            "Actual Rows": 13521588,
                                            "Actual Loops": 1
                                        },
                                        {
                                            "Worker Number": 2,
                                            "Actual Startup Time": 465.408,
                                            "Actual Total Time": 3226.567,
                                            "Actual Rows": 15883580,
                                            "Actual Loops": 1
                                        },
                                        {
                                            "Worker Number": 3,
                                            "Actual Startup Time": 465.345,
                                            "Actual Total Time": 3220.621,
                                            "Actual Rows": 15642444,
                                            "Actual Loops": 1
                                        },
                                        {
                                            "Worker Number": 4,
                                            "Actual Startup Time": 465.716,
                                            "Actual Total Time": 3225.854,
                                            "Actual Rows": 15902861,
                                            "Actual Loops": 1
                                        },
                                        {
                                            "Worker Number": 5,
                                            "Actual Startup Time": 465.405,
                                            "Actual Total Time": 3216.591,
                                            "Actual Rows": 15840995,
                                            "Actual Loops": 1
                                        }
                                    ],
                                    "Plans": [
                                        {
                                            "Node Type": "Seq Scan",
                                            "Parent Relationship": "Outer",
                                            "Parallel Aware": true,
                                            "Relation Name": "cast_info",
                                            "Schema": "public",
                                            "Alias": "ci",
                                            "Startup Cost": 0.0,
                                            "Total Cost": 328213.62,
                                            "Plan Rows": 5287028,
                                            "Plan Width": 4,
                                            "Actual Startup Time": 0.026,
                                            "Actual Total Time": 565.692,
                                            "Actual Rows": 4534658,
                                            "Actual Loops": 7,
                                            "Output": [
                                                "ci.id",
                                                "ci.person_id",
                                                "ci.movie_id",
                                                "ci.person_role_id",
                                                "ci.note",
                                                "ci.nr_order",
                                                "ci.role_id"
                                            ],
                                            "Filter": "(ci.person_id < 3240053)",
                                            "Rows Removed by Filter": 643106,
                                            "Workers": [
                                                {
                                                    "Worker Number": 0,
                                                    "Actual Startup Time": 0.031,
                                                    "Actual Total Time": 591.625,
                                                    "Actual Rows": 3781198,
                                                    "Actual Loops": 1
                                                },
                                                {
                                                    "Worker Number": 1,
                                                    "Actual Startup Time": 0.031,
                                                    "Actual Total Time": 574.86,
                                                    "Actual Rows": 4069946,
                                                    "Actual Loops": 1
                                                },
                                                {
                                                    "Worker Number": 2,
                                                    "Actual Startup Time": 0.029,
                                                    "Actual Total Time": 579.409,
                                                    "Actual Rows": 4756321,
                                                    "Actual Loops": 1
                                                },
                                                {
                                                    "Worker Number": 3,
                                                    "Actual Startup Time": 0.029,
                                                    "Actual Total Time": 568.034,
                                                    "Actual Rows": 4666150,
                                                    "Actual Loops": 1
                                                },
                                                {
                                                    "Worker Number": 4,
                                                    "Actual Startup Time": 0.023,
                                                    "Actual Total Time": 579.951,
                                                    "Actual Rows": 4751564,
                                                    "Actual Loops": 1
                                                },
                                                {
                                                    "Worker Number": 5,
                                                    "Actual Startup Time": 0.03,
                                                    "Actual Total Time": 567.156,
                                                    "Actual Rows": 4721009,
                                                    "Actual Loops": 1
                                                }
                                            ]
                                        },
                                        {
                                            "Node Type": "Hash",
                                            "Parent Relationship": "Inner",
                                            "Parallel Aware": true,
                                            "Startup Cost": 92271.04,
                                            "Total Cost": 92271.04,
                                            "Plan Rows": 384807,
                                            "Plan Width": 8,
                                            "Actual Startup Time": 463.727,
                                            "Actual Total Time": 464.414,
                                            "Actual Rows": 367686,
                                            "Actual Loops": 7,
                                            "Output": [
                                                "t.id",
                                                "mk.movie_id"
                                            ],
                                            "Hash Buckets": 4194304,
                                            "Original Hash Buckets": 2097152,
                                            "Hash Batches": 1,
                                            "Original Hash Batches": 1,
                                            "Peak Memory Usage": 149984,
                                            "Workers": [
                                                {
                                                    "Worker Number": 0,
                                                    "Actual Startup Time": 463.74,
                                                    "Actual Total Time": 463.744,
                                                    "Actual Rows": 271837,
                                                    "Actual Loops": 1
                                                },
                                                {
                                                    "Worker Number": 1,
                                                    "Actual Startup Time": 464.055,
                                                    "Actual Total Time": 464.058,
                                                    "Actual Rows": 272610,
                                                    "Actual Loops": 1
                                                },
                                                {
                                                    "Worker Number": 2,
                                                    "Actual Startup Time": 464.55,
                                                    "Actual Total Time": 464.554,
                                                    "Actual Rows": 407126,
                                                    "Actual Loops": 1
                                                },
                                                {
                                                    "Worker Number": 3,
                                                    "Actual Startup Time": 464.387,
                                                    "Actual Total Time": 464.391,
                                                    "Actual Rows": 396827,
                                                    "Actual Loops": 1
                                                },
                                                {
                                                    "Worker Number": 4,
                                                    "Actual Startup Time": 464.995,
                                                    "Actual Total Time": 464.998,
                                                    "Actual Rows": 402478,
                                                    "Actual Loops": 1
                                                },
                                                {
                                                    "Worker Number": 5,
                                                    "Actual Startup Time": 464.407,
                                                    "Actual Total Time": 464.411,
                                                    "Actual Rows": 399404,
                                                    "Actual Loops": 1
                                                }
                                            ],
                                            "Plans": [
                                                {
                                                    "Node Type": "Hash Join",
                                                    "Parent Relationship": "Outer",
                                                    "Parallel Aware": true,
                                                    "Join Type": "Inner",
                                                    "Startup Cost": 47009.89,
                                                    "Total Cost": 92271.04,
                                                    "Plan Rows": 384807,
                                                    "Plan Width": 8,
                                                    "Actual Startup Time": 137.126,
                                                    "Actual Total Time": 294.945,
                                                    "Actual Rows": 367686,
                                                    "Actual Loops": 7,
                                                    "Output": [
                                                        "t.id",
                                                        "mk.movie_id"
                                                    ],
                                                    "Inner Unique": true,
                                                    "Hash Cond": "(mk.movie_id = t.id)",
                                                    "Workers": [
                                                        {
                                                            "Worker Number": 0,
                                                            "Actual Startup Time": 137.074,
                                                            "Actual Total Time": 295.143,
                                                            "Actual Rows": 271837,
                                                            "Actual Loops": 1
                                                        },
                                                        {
                                                            "Worker Number": 1,
                                                            "Actual Startup Time": 137.066,
                                                            "Actual Total Time": 296.056,
                                                            "Actual Rows": 272610,
                                                            "Actual Loops": 1
                                                        },
                                                        {
                                                            "Worker Number": 2,
                                                            "Actual Startup Time": 137.047,
                                                            "Actual Total Time": 294.056,
                                                            "Actual Rows": 407126,
                                                            "Actual Loops": 1
                                                        },
                                                        {
                                                            "Worker Number": 3,
                                                            "Actual Startup Time": 137.175,
                                                            "Actual Total Time": 293.907,
                                                            "Actual Rows": 396827,
                                                            "Actual Loops": 1
                                                        },
                                                        {
                                                            "Worker Number": 4,
                                                            "Actual Startup Time": 137.082,
                                                            "Actual Total Time": 294.819,
                                                            "Actual Rows": 402478,
                                                            "Actual Loops": 1
                                                        },
                                                        {
                                                            "Worker Number": 5,
                                                            "Actual Startup Time": 137.124,
                                                            "Actual Total Time": 293.49,
                                                            "Actual Rows": 399404,
                                                            "Actual Loops": 1
                                                        }
                                                    ],
                                                    "Plans": [
                                                        {
                                                            "Node Type": "Seq Scan",
                                                            "Parent Relationship": "Outer",
                                                            "Parallel Aware": true,
                                                            "Relation Name": "movie_keyword",
                                                            "Schema": "public",
                                                            "Alias": "mk",
                                                            "Startup Cost": 0.0,
                                                            "Total Cost": 42695.65,
                                                            "Plan Rows": 977329,
                                                            "Plan Width": 4,
                                                            "Actual Startup Time": 0.082,
                                                            "Actual Total Time": 76.225,
                                                            "Actual Rows": 432760,
                                                            "Actual Loops": 7,
                                                            "Output": [
                                                                "mk.id",
                                                                "mk.movie_id",
                                                                "mk.keyword_id"
                                                            ],
                                                            "Filter": "(mk.keyword_id > 2143)",
                                                            "Rows Removed by Filter": 213516,
                                                            "Workers": [
                                                                {
                                                                    "Worker Number": 0,
                                                                    "Actual Startup Time": 0.1,
                                                                    "Actual Total Time": 78.815,
                                                                    "Actual Rows": 316371,
                                                                    "Actual Loops": 1
                                                                },
                                                                {
                                                                    "Worker Number": 1,
                                                                    "Actual Startup Time": 0.096,
                                                                    "Actual Total Time": 78.867,
                                                                    "Actual Rows": 314824,
                                                                    "Actual Loops": 1
                                                                },
                                                                {
                                                                    "Worker Number": 2,
                                                                    "Actual Startup Time": 0.097,
                                                                    "Actual Total Time": 76.617,
                                                                    "Actual Rows": 479595,
                                                                    "Actual Loops": 1
                                                                },
                                                                {
                                                                    "Worker Number": 3,
                                                                    "Actual Startup Time": 0.081,
                                                                    "Actual Total Time": 76.143,
                                                                    "Actual Rows": 468957,
                                                                    "Actual Loops": 1
                                                                },
                                                                {
                                                                    "Worker Number": 4,
                                                                    "Actual Startup Time": 0.095,
                                                                    "Actual Total Time": 77.213,
                                                                    "Actual Rows": 474141,
                                                                    "Actual Loops": 1
                                                                },
                                                                {
                                                                    "Worker Number": 5,
                                                                    "Actual Startup Time": 0.021,
                                                                    "Actual Total Time": 75.852,
                                                                    "Actual Rows": 467822,
                                                                    "Actual Loops": 1
                                                                }
                                                            ]
                                                        },
                                                        {
                                                            "Node Type": "Hash",
                                                            "Parent Relationship": "Inner",
                                                            "Parallel Aware": true,
                                                            "Startup Cost": 43899.01,
                                                            "Total Cost": 43899.01,
                                                            "Plan Rows": 248871,
                                                            "Plan Width": 4,
                                                            "Actual Startup Time": 136.061,
                                                            "Actual Total Time": 136.062,
                                                            "Actual Rows": 140721,
                                                            "Actual Loops": 7,
                                                            "Output": [
                                                                "t.id"
                                                            ],
                                                            "Hash Buckets": 1048576,
                                                            "Original Hash Buckets": 1048576,
                                                            "Hash Batches": 1,
                                                            "Original Hash Batches": 1,
                                                            "Peak Memory Usage": 46848,
                                                            "Workers": [
                                                                {
                                                                    "Worker Number": 0,
                                                                    "Actual Startup Time": 136.888,
                                                                    "Actual Total Time": 136.89,
                                                                    "Actual Rows": 105897,
                                                                    "Actual Loops": 1
                                                                },
                                                                {
                                                                    "Worker Number": 1,
                                                                    "Actual Startup Time": 136.865,
                                                                    "Actual Total Time": 136.866,
                                                                    "Actual Rows": 103072,
                                                                    "Actual Loops": 1
                                                                },
                                                                {
                                                                    "Worker Number": 2,
                                                                    "Actual Startup Time": 136.869,
                                                                    "Actual Total Time": 136.87,
                                                                    "Actual Rows": 151415,
                                                                    "Actual Loops": 1
                                                                },
                                                                {
                                                                    "Worker Number": 3,
                                                                    "Actual Startup Time": 136.861,
                                                                    "Actual Total Time": 136.862,
                                                                    "Actual Rows": 138492,
                                                                    "Actual Loops": 1
                                                                },
                                                                {
                                                                    "Worker Number": 4,
                                                                    "Actual Startup Time": 136.887,
                                                                    "Actual Total Time": 136.888,
                                                                    "Actual Rows": 150493,
                                                                    "Actual Loops": 1
                                                                },
                                                                {
                                                                    "Worker Number": 5,
                                                                    "Actual Startup Time": 136.895,
                                                                    "Actual Total Time": 136.897,
                                                                    "Actual Rows": 139816,
                                                                    "Actual Loops": 1
                                                                }
                                                            ],
                                                            "Plans": [
                                                                {
                                                                    "Node Type": "Seq Scan",
                                                                    "Parent Relationship": "Outer",
                                                                    "Parallel Aware": true,
                                                                    "Relation Name": "title",
                                                                    "Schema": "public",
                                                                    "Alias": "t",
                                                                    "Startup Cost": 0.0,
                                                                    "Total Cost": 43899.01,
                                                                    "Plan Rows": 248871,
                                                                    "Plan Width": 4,
                                                                    "Actual Startup Time": 0.059,
                                                                    "Actual Total Time": 75.998,
                                                                    "Actual Rows": 140721,
                                                                    "Actual Loops": 7,
                                                                    "Output": [
                                                                        "t.id"
                                                                    ],
                                                                    "Filter": "(t.kind_id < 7)",
                                                                    "Rows Removed by Filter": 220466,
                                                                    "Workers": [
                                                                        {
                                                                            "Worker Number": 0,
                                                                            "Actual Startup Time": 0.07,
                                                                            "Actual Total Time": 78.924,
                                                                            "Actual Rows": 105897,
                                                                            "Actual Loops": 1
                                                                        },
                                                                        {
                                                                            "Worker Number": 1,
                                                                            "Actual Startup Time": 0.061,
                                                                            "Actual Total Time": 78.199,
                                                                            "Actual Rows": 103072,
                                                                            "Actual Loops": 1
                                                                        },
                                                                        {
                                                                            "Worker Number": 2,
                                                                            "Actual Startup Time": 0.075,
                                                                            "Actual Total Time": 76.707,
                                                                            "Actual Rows": 151415,
                                                                            "Actual Loops": 1
                                                                        },
                                                                        {
                                                                            "Worker Number": 3,
                                                                            "Actual Startup Time": 0.069,
                                                                            "Actual Total Time": 74.998,
                                                                            "Actual Rows": 138492,
                                                                            "Actual Loops": 1
                                                                        },
                                                                        {
                                                                            "Worker Number": 4,
                                                                            "Actual Startup Time": 0.076,
                                                                            "Actual Total Time": 76.242,
                                                                            "Actual Rows": 150493,
                                                                            "Actual Loops": 1
                                                                        },
                                                                        {
                                                                            "Worker Number": 5,
                                                                            "Actual Startup Time": 0.05,
                                                                            "Actual Total Time": 75.942,
                                                                            "Actual Rows": 139816,
                                                                            "Actual Loops": 1
                                                                        }
                                                                    ]
                                                                }
                                                            ]
                                                        }
                                                    ]
                                                }
                                            ]
                                        }
                                    ]
                                }
                            ]
                        }
                    ]
                }
            ]
        },
        "Planning Time": 194.683,
        "Triggers": [],
        "Execution Time": 3902.148
    }
]