[
  {
    "Plan": {
      "Node Type": "Aggregate",
      "Strategy": "Plain",
      "Partial Mode": "Finalize",
      "Parallel Aware": false,
      "Startup Cost": 33035.44,
      "Total Cost": 33035.45,
      "Plan Rows": 1,
      "Plan Width": 8,
      "Actual Startup Time": 107.878,
      "Actual Total Time": 115.917,
      "Actual Rows": 1,
      "Actual Loops": 1,
      "Plans": [
        {
          "Node Type": "Gather",
          "Parent Relationship": "Outer",
          "Parallel Aware": false,
          "Startup Cost": 33035.12,
          "Total Cost": 33035.43,
          "Plan Rows": 3,
          "Plan Width": 8,
          "Actual Startup Time": 107.699,
          "Actual Total Time": 115.908,
          "Actual Rows": 4,
          "Actual Loops": 1,
          "Workers Planned": 3,
          "Workers Launched": 3,
          "Single Copy": false,
          "Plans": [
            {
              "Node Type": "Aggregate",
              "Strategy": "Plain",
              "Partial Mode": "Partial",
              "Parent Relationship": "Outer",
              "Parallel Aware": false,
              "Startup Cost": 32035.12,
              "Total Cost": 32035.13,
              "Plan Rows": 1,
              "Plan Width": 8,
              "Actual Startup Time": 103.952,
              "Actual Total Time": 103.954,
              "Actual Rows": 1,
              "Actual Loops": 4,
              "Plans": [
                {
                  "Node Type": "Seq Scan",
                  "Parent Relationship": "Outer",
                  "Parallel Aware": true,
                  "Relation Name": "movie_companies",
                  "Alias": "mc",
                  "Startup Cost": 0.0,
                  "Total Cost": 31414.82,
                  "Plan Rows": 248121,
                  "Plan Width": 0,
                  "Actual Startup Time": 0.016,
                  "Actual Total Time": 88.177,
                  "Actual Rows": 268540,
                  "Actual Loops": 4,
                  "Filter": "((company_id < 15592) AND (company_type_id < 2))",
                  "Rows Removed by Filter": 383742
                }
              ]
            }
          ]
        }
      ]
    },
    "Planning Time": 0.109,
    "Triggers": [],
    "Execution Time": 115.952
  }
]