[
  {
    "Plan": {
      "Node Type": "Aggregate",
      "Strategy": "Plain",
      "Partial Mode": "Finalize",
      "Parallel Aware": false,
      "Startup Cost": 47262.75,
      "Total Cost": 47262.76,
      "Plan Rows": 1,
      "Plan Width": 8,
      "Actual Startup Time": 165.864,
      "Actual Total Time": 175.737,
      "Actual Rows": 1,
      "Actual Loops": 1,
      "Plans": [
        {
          "Node Type": "Gather",
          "Parent Relationship": "Outer",
          "Parallel Aware": false,
          "Startup Cost": 47262.43,
          "Total Cost": 47262.74,
          "Plan Rows": 3,
          "Plan Width": 8,
          "Actual Startup Time": 165.713,
          "Actual Total Time": 175.726,
          "Actual Rows": 4,
          "Actual Loops": 1,
          "Workers Planned": 3,
          "Workers Launched": 3,
          "Single Copy": false,
          "Plans": [
            {
              "Node Type": "Aggregate",
              "Strategy": "Plain",
              "Partial Mode": "Partial",
              "Parent Relationship": "Outer",
              "Parallel Aware": false,
              "Startup Cost": 46262.43,
              "Total Cost": 46262.44,
              "Plan Rows": 1,
              "Plan Width": 8,
              "Actual Startup Time": 161.924,
              "Actual Total Time": 161.926,
              "Actual Rows": 1,
              "Actual Loops": 4,
              "Plans": [
                {
                  "Node Type": "Seq Scan",
                  "Parent Relationship": "Outer",
                  "Parallel Aware": true,
                  "Relation Name": "movie_keyword",
                  "Alias": "mk",
                  "Startup Cost": 0.0,
                  "Total Cost": 42695.65,
                  "Plan Rows": 1426712,
                  "Plan Width": 0,
                  "Actual Startup Time": 0.028,
                  "Actual Total Time": 115.581,
                  "Actual Rows": 1106098,
                  "Actual Loops": 4,
                  "Filter": "(keyword_id < 82418)",
                  "Rows Removed by Filter": 24884
                }
              ]
            }
          ]
        }
      ]
    },
    "Planning Time": 0.171,
    "Triggers": [],
    "Execution Time": 175.792
  }
]