{
  "Plan": {
    "Node Type": "Aggregate",
    "Strategy": "Plain",
    "Partial Mode": "Finalize",
    "Parallel Aware": false,
    "Startup Cost": 1035341.3,
    "Total Cost": 1035341.31,
    "Plan Rows": 1,
    "Plan Width": 8,
    "Actual Startup Time": 10947.667,
    "Actual Total Time": 11030.118,
    "Actual Rows": 1,
    "Actual Loops": 1,
    "Plans": [
      {
        "Node Type": "Gather",
        "Parent Relationship": "Outer",
        "Parallel Aware": false,
        "Startup Cost": 1035341.19,
        "Total Cost": 1035341.3,
        "Plan Rows": 1,
        "Plan Width": 8,
        "Actual Startup Time": 10941.665,
        "Actual Total Time": 11030.109,
        "Actual Rows": 2,
        "Actual Loops": 1,
        "Workers Planned": 1,
        "Workers Launched": 1,
        "Single Copy": false,
        "Plans": [
          {
            "Node Type": "Aggregate",
            "Strategy": "Plain",
            "Partial Mode": "Partial",
            "Parent Relationship": "Outer",
            "Parallel Aware": false,
            "Startup Cost": 1034341.19,
            "Total Cost": 1034341.2,
            "Plan Rows": 1,
            "Plan Width": 8,
            "Actual Startup Time": 10928.85,
            "Actual Total Time": 10928.857,
            "Actual Rows": 1,
            "Actual Loops": 2,
            "Plans": [
              {
                "Node Type": "Hash Join",
                "Parent Relationship": "Outer",
                "Parallel Aware": true,
                "Join Type": "Inner",
                "Startup Cost": 634819.82,
                "Total Cost": 1005645.81,
                "Plan Rows": 11478150,
                "Plan Width": 0,
                "Actual Startup Time": 3341.501,
                "Actual Total Time": 9523.527,
                "Actual Rows": 32784380,
                "Actual Loops": 2,
                "Inner Unique": false,
                "Hash Cond": "(mi.movie_id = t.id)",
                "Plans": [
                  {
                    "Node Type": "Seq Scan",
                    "Parent Relationship": "Outer",
                    "Parallel Aware": true,
                    "Relation Name": "movie_info",
                    "Alias": "mi",
                    "Startup Cost": 0.0,
                    "Total Cost": 248955.74,
                    "Plan Rows": 8696274,
                    "Plan Width": 4,
                    "Actual Startup Time": 0.017,
                    "Actual Total Time": 652.404,
                    "Actual Rows": 7417860,
                    "Actual Loops": 2
                  },
                  {
                    "Node Type": "Hash",
                    "Parent Relationship": "Inner",
                    "Parallel Aware": true,
                    "Startup Cost": 610282.5,
                    "Total Cost": 610282.5,
                    "Plan Rows": 1962986,
                    "Plan Width": 8,
                    "Actual Startup Time": 3316.121,
                    "Actual Total Time": 3316.126,
                    "Actual Rows": 1288592,
                    "Actual Loops": 2,
                    "Hash Buckets": 4194304,
                    "Original Hash Buckets": 4194304,
                    "Hash Batches": 1,
                    "Original Hash Batches": 1,
                    "Peak Memory Usage": 133632,
                    "Plans": [
                      {
                        "Node Type": "Hash Join",
                        "Parent Relationship": "Outer",
                        "Parallel Aware": true,
                        "Join Type": "Inner",
                        "Startup Cost": 62958.61,
                        "Total Cost": 610282.5,
                        "Plan Rows": 1962986,
                        "Plan Width": 8,
                        "Actual Startup Time": 262.604,
                        "Actual Total Time": 2864.588,
                        "Actual Rows": 1288592,
                        "Actual Loops": 2,
                        "Inner Unique": true,
                        "Hash Cond": "(ci.movie_id = t.id)",
                        "Plans": [
                          {
                            "Node Type": "Index Scan",
                            "Parent Relationship": "Outer",
                            "Parallel Aware": true,
                            "Scan Direction": "Forward",
                            "Index Name": "role_id_cast_info",
                            "Relation Name": "cast_info",
                            "Alias": "ci",
                            "Startup Cost": 0.56,
                            "Total Cost": 526730.69,
                            "Plan Rows": 7845232,
                            "Plan Width": 4,
                            "Actual Startup Time": 0.194,
                            "Actual Total Time": 1288.682,
                            "Actual Rows": 4768038,
                            "Actual Loops": 2,
                            "Index Cond": "(role_id > 2)",
                            "Rows Removed by Index Recheck": 0,
                            "Filter": "(person_id < 3000189)",
                            "Rows Removed by Filter": 3292804
                          },
                          {
                            "Node Type": "Hash",
                            "Parent Relationship": "Inner",
                            "Parallel Aware": true,
                            "Startup Cost": 58306.47,
                            "Total Cost": 58306.47,
                            "Plan Rows": 372126,
                            "Plan Width": 4,
                            "Actual Startup Time": 258.252,
                            "Actual Total Time": 258.253,
                            "Actual Rows": 266292,
                            "Actual Loops": 2,
                            "Hash Buckets": 1048576,
                            "Original Hash Buckets": 1048576,
                            "Hash Batches": 1,
                            "Original Hash Batches": 1,
                            "Peak Memory Usage": 29056,
                            "Plans": [
                              {
                                "Node Type": "Seq Scan",
                                "Parent Relationship": "Outer",
                                "Parallel Aware": true,
                                "Relation Name": "title",
                                "Alias": "t",
                                "Startup Cost": 0.0,
                                "Total Cost": 58306.47,
                                "Plan Rows": 372126,
                                "Plan Width": 4,
                                "Actual Startup Time": 0.033,
                                "Actual Total Time": 176.314,
                                "Actual Rows": 266292,
                                "Actual Loops": 2,
                                "Filter": "((kind_id < 7) AND (production_year > 1995))",
                                "Rows Removed by Filter": 997864
                              }
                            ]
                          }
                        ]
                      }
                    ]
                  }
                ]
              }
            ]
          }
        ]
      }
    ]
  },
  "Planning Time": 0.997,
  "Triggers": [],
  "Execution Time": 11030.232
}