[
  {
    "Plan": {
      "Node Type": "Aggregate",
      "Strategy": "Plain",
      "Partial Mode": "Finalize",
      "Parallel Aware": false,
      "Startup Cost": 93869.8,
      "Total Cost": 93869.81,
      "Plan Rows": 1,
      "Plan Width": 8,
      "Actual Startup Time": 228.983,
      "Actual Total Time": 239.218,
      "Actual Rows": 1,
      "Actual Loops": 1,
      "Plans": [
        {
          "Node Type": "Gather",
          "Parent Relationship": "Outer",
          "Parallel Aware": false,
          "Startup Cost": 93869.48,
          "Total Cost": 93869.79,
          "Plan Rows": 3,
          "Plan Width": 8,
          "Actual Startup Time": 225.715,
          "Actual Total Time": 239.192,
          "Actual Rows": 4,
          "Actual Loops": 1,
          "Workers Planned": 3,
          "Workers Launched": 3,
          "Single Copy": false,
          "Plans": [
            {
              "Node Type": "Aggregate",
              "Strategy": "Plain",
              "Partial Mode": "Partial",
              "Parent Relationship": "Outer",
              "Parallel Aware": false,
              "Startup Cost": 92869.48,
              "Total Cost": 92869.49,
              "Plan Rows": 1,
              "Plan Width": 8,
              "Actual Startup Time": 211.844,
              "Actual Total Time": 211.849,
              "Actual Rows": 1,
              "Actual Loops": 4,
              "Plans": [
                {
                  "Node Type": "Nested Loop",
                  "Parent Relationship": "Outer",
                  "Parallel Aware": false,
                  "Join Type": "Inner",
                  "Startup Cost": 21258.61,
                  "Total Cost": 92862.56,
                  "Plan Rows": 2768,
                  "Plan Width": 0,
                  "Actual Startup Time": 170.634,
                  "Actual Total Time": 211.687,
                  "Actual Rows": 1522,
                  "Actual Loops": 4,
                  "Inner Unique": true,
                  "Join Filter": "(mi.movie_id = t.id)",
                  "Rows Removed by Join Filter": 0,
                  "Plans": [
                    {
                      "Node Type": "Hash Join",
                      "Parent Relationship": "Outer",
                      "Parallel Aware": true,
                      "Join Type": "Inner",
                      "Startup Cost": 21258.18,
                      "Total Cost": 80298.28,
                      "Plan Rows": 21190,
                      "Plan Width": 8,
                      "Actual Startup Time": 170.44,
                      "Actual Total Time": 177.034,
                      "Actual Rows": 10053,
                      "Actual Loops": 4,
                      "Inner Unique": false,
                      "Hash Cond": "(mi.movie_id = mi_idx.movie_id)",
                      "Plans": [
                        {
                          "Node Type": "Bitmap Heap Scan",
                          "Parent Relationship": "Outer",
                          "Parallel Aware": true,
                          "Relation Name": "movie_info",
                          "Alias": "mi",
                          "Startup Cost": 385.35,
                          "Total Cost": 59311.42,
                          "Plan Rows": 6864,
                          "Plan Width": 4,
                          "Actual Startup Time": 0.727,
                          "Actual Total Time": 1.54,
                          "Actual Rows": 3424,
                          "Actual Loops": 4,
                          "Recheck Cond": "(info_type_id = 97)",
                          "Rows Removed by Index Recheck": 0,
                          "Exact Heap Blocks": 62,
                          "Lossy Heap Blocks": 0,
                          "Plans": [
                            {
                              "Node Type": "Bitmap Index Scan",
                              "Parent Relationship": "Outer",
                              "Parallel Aware": false,
                              "Index Name": "info_type_id_movie_info",
                              "Startup Cost": 0.0,
                              "Total Cost": 380.03,
                              "Plan Rows": 21279,
                              "Plan Width": 0,
                              "Actual Startup Time": 0.657,
                              "Actual Total Time": 0.657,
                              "Actual Rows": 13698,
                              "Actual Loops": 1,
                              "Index Cond": "(info_type_id = 97)"
                            }
                          ]
                        },
                        {
                          "Node Type": "Hash",
                          "Parent Relationship": "Inner",
                          "Parallel Aware": true,
                          "Startup Cost": 13685.15,
                          "Total Cost": 13685.15,
                          "Plan Rows": 575015,
                          "Plan Width": 4,
                          "Actual Startup Time": 161.853,
                          "Actual Total Time": 161.854,
                          "Actual Rows": 345009,
                          "Actual Loops": 4,
                          "Hash Buckets": 2097152,
                          "Original Hash Buckets": 2097152,
                          "Hash Batches": 1,
                          "Original Hash Batches": 1,
                          "Peak Memory Usage": 70432,
                          "Plans": [
                            {
                              "Node Type": "Seq Scan",
                              "Parent Relationship": "Outer",
                              "Parallel Aware": true,
                              "Relation Name": "movie_info_idx",
                              "Alias": "mi_idx",
                              "Startup Cost": 0.0,
                              "Total Cost": 13685.15,
                              "Plan Rows": 575015,
                              "Plan Width": 4,
                              "Actual Startup Time": 0.055,
                              "Actual Total Time": 50.462,
                              "Actual Rows": 345009,
                              "Actual Loops": 4
                            }
                          ]
                        }
                      ]
                    },
                    {
                      "Node Type": "Index Scan",
                      "Parent Relationship": "Inner",
                      "Parallel Aware": false,
                      "Scan Direction": "Forward",
                      "Index Name": "title_pkey",
                      "Relation Name": "title",
                      "Alias": "t",
                      "Startup Cost": 0.43,
                      "Total Cost": 0.58,
                      "Plan Rows": 1,
                      "Plan Width": 4,
                      "Actual Startup Time": 0.003,
                      "Actual Total Time": 0.003,
                      "Actual Rows": 0,
                      "Actual Loops": 40213,
                      "Index Cond": "(id = mi_idx.movie_id)",
                      "Rows Removed by Index Recheck": 0,
                      "Filter": "(kind_id > 1)",
                      "Rows Removed by Filter": 1
                    }
                  ]
                }
              ]
            }
          ]
        }
      ]
    },
    "Planning Time": 1.272,
    "Triggers": [],
    "Execution Time": 239.328
  }
]