[
  {
    "Plan": {
      "Node Type": "Aggregate",
      "Strategy": "Plain",
      "Partial Mode": "Finalize",
      "Parallel Aware": false,
      "Startup Cost": 31977.54,
      "Total Cost": 31977.55,
      "Plan Rows": 1,
      "Plan Width": 8,
      "Actual Startup Time": 87.885,
      "Actual Total Time": 92.344,
      "Actual Rows": 1,
      "Actual Loops": 1,
      "Plans": [
        {
          "Node Type": "Gather",
          "Parent Relationship": "Outer",
          "Parallel Aware": false,
          "Startup Cost": 31977.22,
          "Total Cost": 31977.53,
          "Plan Rows": 3,
          "Plan Width": 8,
          "Actual Startup Time": 87.7,
          "Actual Total Time": 92.336,
          "Actual Rows": 4,
          "Actual Loops": 1,
          "Workers Planned": 3,
          "Workers Launched": 3,
          "Single Copy": false,
          "Plans": [
            {
              "Node Type": "Aggregate",
              "Strategy": "Plain",
              "Partial Mode": "Partial",
              "Parent Relationship": "Outer",
              "Parallel Aware": false,
              "Startup Cost": 30977.22,
              "Total Cost": 30977.23,
              "Plan Rows": 1,
              "Plan Width": 8,
              "Actual Startup Time": 79.346,
              "Actual Total Time": 79.348,
              "Actual Rows": 1,
              "Actual Loops": 4,
              "Plans": [
                {
                  "Node Type": "Bitmap Heap Scan",
                  "Parent Relationship": "Outer",
                  "Parallel Aware": true,
                  "Relation Name": "movie_keyword",
                  "Alias": "mk",
                  "Startup Cost": 5312.16,
                  "Total Cost": 30775.38,
                  "Plan Rows": 80738,
                  "Plan Width": 0,
                  "Actual Startup Time": 25.818,
                  "Actual Total Time": 75.433,
                  "Actual Rows": 60002,
                  "Actual Loops": 4,
                  "Recheck Cond": "(keyword_id > 61900)",
                  "Rows Removed by Index Recheck": 0,
                  "Exact Heap Blocks": 11033,
                  "Lossy Heap Blocks": 0,
                  "Plans": [
                    {
                      "Node Type": "Bitmap Index Scan",
                      "Parent Relationship": "Outer",
                      "Parallel Aware": false,
                      "Index Name": "keyword_id_movie_keyword",
                      "Startup Cost": 0.0,
                      "Total Cost": 5249.59,
                      "Plan Rows": 250287,
                      "Plan Width": 0,
                      "Actual Startup Time": 29.137,
                      "Actual Total Time": 29.137,
                      "Actual Rows": 240007,
                      "Actual Loops": 1,
                      "Index Cond": "(keyword_id > 61900)"
                    }
                  ]
                }
              ]
            }
          ]
        }
      ]
    },
    "Planning Time": 0.113,
    "Triggers": [],
    "Execution Time": 92.39
  }
]