{
  "Plan": {
    "Node Type": "Aggregate",
    "Strategy": "Plain",
    "Partial Mode": "Finalize",
    "Parallel Aware": false,
    "Startup Cost": 107208.71,
    "Total Cost": 107208.72,
    "Plan Rows": 1,
    "Plan Width": 8,
    "Actual Startup Time": 635.028,
    "Actual Total Time": 650.306,
    "Actual Rows": 1,
    "Actual Loops": 1,
    "Plans": [
      {
        "Node Type": "Gather",
        "Parent Relationship": "Outer",
        "Parallel Aware": false,
        "Startup Cost": 107208.6,
        "Total Cost": 107208.71,
        "Plan Rows": 1,
        "Plan Width": 8,
        "Actual Startup Time": 632.765,
        "Actual Total Time": 650.298,
        "Actual Rows": 2,
        "Actual Loops": 1,
        "Workers Planned": 1,
        "Workers Launched": 1,
        "Single Copy": false,
        "Plans": [
          {
            "Node Type": "Aggregate",
            "Strategy": "Plain",
            "Partial Mode": "Partial",
            "Parent Relationship": "Outer",
            "Parallel Aware": false,
            "Startup Cost": 106208.6,
            "Total Cost": 106208.61,
            "Plan Rows": 1,
            "Plan Width": 8,
            "Actual Startup Time": 628.821,
            "Actual Total Time": 628.824,
            "Actual Rows": 1,
            "Actual Loops": 2,
            "Plans": [
              {
                "Node Type": "Hash Join",
                "Parent Relationship": "Outer",
                "Parallel Aware": true,
                "Join Type": "Inner",
                "Startup Cost": 64261.66,
                "Total Cost": 105280.04,
                "Plan Rows": 371422,
                "Plan Width": 0,
                "Actual Startup Time": 263.413,
                "Actual Total Time": 602.932,
                "Actual Rows": 646266,
                "Actual Loops": 2,
                "Inner Unique": true,
                "Hash Cond": "(mc.movie_id = t.id)",
                "Plans": [
                  {
                    "Node Type": "Seq Scan",
                    "Parent Relationship": "Outer",
                    "Parallel Aware": true,
                    "Relation Name": "movie_companies",
                    "Alias": "mc",
                    "Startup Cost": 0.0,
                    "Total Cost": 37974.77,
                    "Plan Rows": 1159473,
                    "Plan Width": 4,
                    "Actual Startup Time": 0.014,
                    "Actual Total Time": 119.743,
                    "Actual Rows": 979209,
                    "Actual Loops": 2,
                    "Filter": "(company_id < 54608)",
                    "Rows Removed by Filter": 325356
                  },
                  {
                    "Node Type": "Hash",
                    "Parent Relationship": "Inner",
                    "Parallel Aware": true,
                    "Startup Cost": 58306.47,
                    "Total Cost": 58306.47,
                    "Plan Rows": 476415,
                    "Plan Width": 4,
                    "Actual Startup Time": 254.782,
                    "Actual Total Time": 254.783,
                    "Actual Rows": 421509,
                    "Actual Loops": 2,
                    "Hash Buckets": 1048576,
                    "Original Hash Buckets": 1048576,
                    "Hash Batches": 1,
                    "Original Hash Batches": 1,
                    "Peak Memory Usage": 41216,
                    "Plans": [
                      {
                        "Node Type": "Seq Scan",
                        "Parent Relationship": "Outer",
                        "Parallel Aware": true,
                        "Relation Name": "title",
                        "Alias": "t",
                        "Startup Cost": 0.0,
                        "Total Cost": 58306.47,
                        "Plan Rows": 476415,
                        "Plan Width": 4,
                        "Actual Startup Time": 0.036,
                        "Actual Total Time": 156.659,
                        "Actual Rows": 421509,
                        "Actual Loops": 2,
                        "Filter": "((kind_id < 7) AND (production_year < 2011))",
                        "Rows Removed by Filter": 842647
                      }
                    ]
                  }
                ]
              }
            ]
          }
        ]
      }
    ]
  },
  "Planning Time": 0.509,
  "Triggers": [],
  "Execution Time": 650.364
}