[
    {
        "Bao": {
            "Bao prediction": "NaN",
            "Bao recommended hint": "(no hint)"
        }
    },
    {
        "Plan": {
            "Node Type": "Aggregate",
            "Strategy": "Plain",
            "Partial Mode": "Finalize",
            "Parallel Aware": false,
            "Startup Cost": 74978.25,
            "Total Cost": 74978.26,
            "Plan Rows": 1,
            "Plan Width": 8,
            "Actual Startup Time": 236.699,
            "Actual Total Time": 244.283,
            "Actual Rows": 1,
            "Actual Loops": 1,
            "Output": [
                "count(*)"
            ],
            "Plans": [
                {
                    "Node Type": "Gather",
                    "Parent Relationship": "Outer",
                    "Parallel Aware": false,
                    "Startup Cost": 74977.83,
                    "Total Cost": 74978.24,
                    "Plan Rows": 4,
                    "Plan Width": 8,
                    "Actual Startup Time": 233.994,
                    "Actual Total Time": 244.265,
                    "Actual Rows": 5,
                    "Actual Loops": 1,
                    "Output": [
                        "(PARTIAL count(*))"
                    ],
                    "Workers Planned": 4,
                    "Workers Launched": 4,
                    "Single Copy": false,
                    "Plans": [
                        {
                            "Node Type": "Aggregate",
                            "Strategy": "Plain",
                            "Partial Mode": "Partial",
                            "Parent Relationship": "Outer",
                            "Parallel Aware": false,
                            "Startup Cost": 73977.83,
                            "Total Cost": 73977.84,
                            "Plan Rows": 1,
                            "Plan Width": 8,
                            "Actual Startup Time": 224.346,
                            "Actual Total Time": 224.35,
                            "Actual Rows": 1,
                            "Actual Loops": 5,
                            "Output": [
                                "PARTIAL count(*)"
                            ],
                            "Workers": [
                                {
                                    "Worker Number": 0,
                                    "Actual Startup Time": 221.755,
                                    "Actual Total Time": 221.758,
                                    "Actual Rows": 1,
                                    "Actual Loops": 1
                                },
                                {
                                    "Worker Number": 1,
                                    "Actual Startup Time": 221.745,
                                    "Actual Total Time": 221.749,
                                    "Actual Rows": 1,
                                    "Actual Loops": 1
                                },
                                {
                                    "Worker Number": 2,
                                    "Actual Startup Time": 222.213,
                                    "Actual Total Time": 222.218,
                                    "Actual Rows": 1,
                                    "Actual Loops": 1
                                },
                                {
                                    "Worker Number": 3,
                                    "Actual Startup Time": 222.392,
                                    "Actual Total Time": 222.396,
                                    "Actual Rows": 1,
                                    "Actual Loops": 1
                                }
                            ],
                            "Plans": [
                                {
                                    "Node Type": "Hash Join",
                                    "Parent Relationship": "Outer",
                                    "Parallel Aware": true,
                                    "Join Type": "Inner",
                                    "Startup Cost": 28052.72,
                                    "Total Cost": 73783.14,
                                    "Plan Rows": 77876,
                                    "Plan Width": 0,
                                    "Actual Startup Time": 151.299,
                                    "Actual Total Time": 221.363,
                                    "Actual Rows": 62471,
                                    "Actual Loops": 5,
                                    "Inner Unique": false,
                                    "Hash Cond": "(t.id = mc.movie_id)",
                                    "Workers": [
                                        {
                                            "Worker Number": 0,
                                            "Actual Startup Time": 148.509,
                                            "Actual Total Time": 218.482,
                                            "Actual Rows": 44125,
                                            "Actual Loops": 1
                                        },
                                        {
                                            "Worker Number": 1,
                                            "Actual Startup Time": 148.381,
                                            "Actual Total Time": 219.018,
                                            "Actual Rows": 59479,
                                            "Actual Loops": 1
                                        },
                                        {
                                            "Worker Number": 2,
                                            "Actual Startup Time": 149.227,
                                            "Actual Total Time": 219.246,
                                            "Actual Rows": 66119,
                                            "Actual Loops": 1
                                        },
                                        {
                                            "Worker Number": 3,
                                            "Actual Startup Time": 149.608,
                                            "Actual Total Time": 219.645,
                                            "Actual Rows": 61208,
                                            "Actual Loops": 1
                                        }
                                    ],
                                    "Plans": [
                                        {
                                            "Node Type": "Seq Scan",
                                            "Parent Relationship": "Outer",
                                            "Parallel Aware": true,
                                            "Relation Name": "title",
                                            "Schema": "public",
                                            "Alias": "t",
                                            "Startup Cost": 0.0,
                                            "Total Cost": 42318.81,
                                            "Plan Rows": 632080,
                                            "Plan Width": 4,
                                            "Actual Startup Time": 0.011,
                                            "Actual Total Time": 62.249,
                                            "Actual Rows": 505662,
                                            "Actual Loops": 5,
                                            "Output": [
                                                "t.id",
                                                "t.title",
                                                "t.imdb_index",
                                                "t.kind_id",
                                                "t.production_year",
                                                "t.imdb_id",
                                                "t.phonetic_code",
                                                "t.episode_of_id",
                                                "t.season_nr",
                                                "t.episode_nr",
                                                "t.series_years",
                                                "t.md5sum"
                                            ],
                                            "Workers": [
                                                {
                                                    "Worker Number": 0,
                                                    "Actual Startup Time": 0.012,
                                                    "Actual Total Time": 68.075,
                                                    "Actual Rows": 361698,
                                                    "Actual Loops": 1
                                                },
                                                {
                                                    "Worker Number": 1,
                                                    "Actual Startup Time": 0.013,
                                                    "Actual Total Time": 62.36,
                                                    "Actual Rows": 480043,
                                                    "Actual Loops": 1
                                                },
                                                {
                                                    "Worker Number": 2,
                                                    "Actual Startup Time": 0.016,
                                                    "Actual Total Time": 64.305,
                                                    "Actual Rows": 529773,
                                                    "Actual Loops": 1
                                                },
                                                {
                                                    "Worker Number": 3,
                                                    "Actual Startup Time": 0.01,
                                                    "Actual Total Time": 62.231,
                                                    "Actual Rows": 491117,
                                                    "Actual Loops": 1
                                                }
                                            ]
                                        },
                                        {
                                            "Node Type": "Hash",
                                            "Parent Relationship": "Inner",
                                            "Parallel Aware": true,
                                            "Startup Cost": 26796.66,
                                            "Total Cost": 26796.66,
                                            "Plan Rows": 100485,
                                            "Plan Width": 4,
                                            "Actual Startup Time": 65.231,
                                            "Actual Total Time": 65.232,
                                            "Actual Rows": 62471,
                                            "Actual Loops": 5,
                                            "Output": [
                                                "mc.movie_id"
                                            ],
                                            "Hash Buckets": 524288,
                                            "Original Hash Buckets": 524288,
                                            "Hash Batches": 1,
                                            "Original Hash Batches": 1,
                                            "Peak Memory Usage": 16384,
                                            "Workers": [
                                                {
                                                    "Worker Number": 0,
                                                    "Actual Startup Time": 63.614,
                                                    "Actual Total Time": 63.616,
                                                    "Actual Rows": 44375,
                                                    "Actual Loops": 1
                                                },
                                                {
                                                    "Worker Number": 1,
                                                    "Actual Startup Time": 63.902,
                                                    "Actual Total Time": 63.904,
                                                    "Actual Rows": 44488,
                                                    "Actual Loops": 1
                                                },
                                                {
                                                    "Worker Number": 2,
                                                    "Actual Startup Time": 64.385,
                                                    "Actual Total Time": 64.387,
                                                    "Actual Rows": 46354,
                                                    "Actual Loops": 1
                                                },
                                                {
                                                    "Worker Number": 3,
                                                    "Actual Startup Time": 64.514,
                                                    "Actual Total Time": 64.515,
                                                    "Actual Rows": 48163,
                                                    "Actual Loops": 1
                                                }
                                            ],
                                            "Plans": [
                                                {
                                                    "Node Type": "Bitmap Heap Scan",
                                                    "Parent Relationship": "Outer",
                                                    "Parallel Aware": true,
                                                    "Relation Name": "movie_companies",
                                                    "Schema": "public",
                                                    "Alias": "mc",
                                                    "Startup Cost": 6750.59,
                                                    "Total Cost": 26796.66,
                                                    "Plan Rows": 100485,
                                                    "Plan Width": 4,
                                                    "Actual Startup Time": 12.182,
                                                    "Actual Total Time": 40.248,
                                                    "Actual Rows": 62471,
                                                    "Actual Loops": 5,
                                                    "Output": [
                                                        "mc.movie_id"
                                                    ],
                                                    "Recheck Cond": "(mc.company_id > 92348)",
                                                    "Rows Removed by Index Recheck": 0,
                                                    "Exact Heap Blocks": 1967,
                                                    "Lossy Heap Blocks": 0,
                                                    "Workers": [
                                                        {
                                                            "Worker Number": 0,
                                                            "Actual Startup Time": 10.583,
                                                            "Actual Total Time": 40.476,
                                                            "Actual Rows": 44375,
                                                            "Actual Loops": 1
                                                        },
                                                        {
                                                            "Worker Number": 1,
                                                            "Actual Startup Time": 10.841,
                                                            "Actual Total Time": 39.667,
                                                            "Actual Rows": 44488,
                                                            "Actual Loops": 1
                                                        },
                                                        {
                                                            "Worker Number": 2,
                                                            "Actual Startup Time": 11.428,
                                                            "Actual Total Time": 40.62,
                                                            "Actual Rows": 46354,
                                                            "Actual Loops": 1
                                                        },
                                                        {
                                                            "Worker Number": 3,
                                                            "Actual Startup Time": 11.49,
                                                            "Actual Total Time": 40.145,
                                                            "Actual Rows": 48163,
                                                            "Actual Loops": 1
                                                        }
                                                    ],
                                                    "Plans": [
                                                        {
                                                            "Node Type": "Bitmap Index Scan",
                                                            "Parent Relationship": "Outer",
                                                            "Parallel Aware": false,
                                                            "Index Name": "company_id_movie_companies",
                                                            "Startup Cost": 0.0,
                                                            "Total Cost": 6672.72,
                                                            "Plan Rows": 311505,
                                                            "Plan Width": 0,
                                                            "Actual Startup Time": 15.933,
                                                            "Actual Total Time": 15.933,
                                                            "Actual Rows": 312354,
                                                            "Actual Loops": 1,
                                                            "Index Cond": "(mc.company_id > 92348)"
                                                        }
                                                    ]
                                                }
                                            ]
                                        }
                                    ]
                                }
                            ]
                        }
                    ]
                }
            ]
        },
        "Planning Time": 204.358,
        "Triggers": [],
        "Execution Time": 244.354
    }
]