{
  "Plan": {
    "Node Type": "Aggregate",
    "Strategy": "Plain",
    "Partial Mode": "Finalize",
    "Parallel Aware": false,
    "Startup Cost": 99500.92,
    "Total Cost": 99500.93,
    "Plan Rows": 1,
    "Plan Width": 8,
    "Actual Startup Time": 447.708,
    "Actual Total Time": 462.807,
    "Actual Rows": 1,
    "Actual Loops": 1,
    "Plans": [
      {
        "Node Type": "Gather",
        "Parent Relationship": "Outer",
        "Parallel Aware": false,
        "Startup Cost": 99500.81,
        "Total Cost": 99500.92,
        "Plan Rows": 1,
        "Plan Width": 8,
        "Actual Startup Time": 447.288,
        "Actual Total Time": 462.8,
        "Actual Rows": 2,
        "Actual Loops": 1,
        "Workers Planned": 1,
        "Workers Launched": 1,
        "Single Copy": false,
        "Plans": [
          {
            "Node Type": "Aggregate",
            "Strategy": "Plain",
            "Partial Mode": "Partial",
            "Parent Relationship": "Outer",
            "Parallel Aware": false,
            "Startup Cost": 98500.81,
            "Total Cost": 98500.82,
            "Plan Rows": 1,
            "Plan Width": 8,
            "Actual Startup Time": 444.614,
            "Actual Total Time": 444.618,
            "Actual Rows": 1,
            "Actual Loops": 2,
            "Plans": [
              {
                "Node Type": "Hash Join",
                "Parent Relationship": "Outer",
                "Parallel Aware": true,
                "Join Type": "Inner",
                "Startup Cost": 59987.27,
                "Total Cost": 98153.9,
                "Plan Rows": 138763,
                "Plan Width": 0,
                "Actual Startup Time": 171.096,
                "Actual Total Time": 440.647,
                "Actual Rows": 72697,
                "Actual Loops": 2,
                "Inner Unique": true,
                "Hash Cond": "(mc.movie_id = t.id)",
                "Plans": [
                  {
                    "Node Type": "Seq Scan",
                    "Parent Relationship": "Outer",
                    "Parallel Aware": true,
                    "Relation Name": "movie_companies",
                    "Alias": "mc",
                    "Startup Cost": 0.0,
                    "Total Cost": 34137.82,
                    "Plan Rows": 1534782,
                    "Plan Width": 4,
                    "Actual Startup Time": 0.014,
                    "Actual Total Time": 114.508,
                    "Actual Rows": 1304564,
                    "Actual Loops": 2
                  },
                  {
                    "Node Type": "Hash",
                    "Parent Relationship": "Inner",
                    "Parallel Aware": true,
                    "Startup Cost": 58306.47,
                    "Total Cost": 58306.47,
                    "Plan Rows": 134464,
                    "Plan Width": 4,
                    "Actual Startup Time": 169.185,
                    "Actual Total Time": 169.186,
                    "Actual Rows": 54850,
                    "Actual Loops": 2,
                    "Hash Buckets": 262144,
                    "Original Hash Buckets": 262144,
                    "Hash Batches": 1,
                    "Original Hash Batches": 1,
                    "Peak Memory Usage": 6368,
                    "Plans": [
                      {
                        "Node Type": "Seq Scan",
                        "Parent Relationship": "Outer",
                        "Parallel Aware": true,
                        "Relation Name": "title",
                        "Alias": "t",
                        "Startup Cost": 0.0,
                        "Total Cost": 58306.47,
                        "Plan Rows": 134464,
                        "Plan Width": 4,
                        "Actual Startup Time": 0.019,
                        "Actual Total Time": 152.416,
                        "Actual Rows": 54850,
                        "Actual Loops": 2,
                        "Filter": "((kind_id > 1) AND (production_year < 1967))",
                        "Rows Removed by Filter": 1209306
                      }
                    ]
                  }
                ]
              }
            ]
          }
        ]
      }
    ]
  },
  "Planning Time": 0.222,
  "Triggers": [],
  "Execution Time": 462.849
}