{
    "Plan": {
        "Node Type": "Aggregate",
        "Strategy": "Plain",
        "Partial Mode": "Simple",
        "Parallel Aware": false,
        "Startup Cost": 60014870347.1,
        "Total Cost": 60014870347.11,
        "Plan Rows": 1,
        "Plan Width": 64,
        "Actual Startup Time": 5727.929,
        "Actual Total Time": 5728.168,
        "Actual Rows": 1,
        "Actual Loops": 1,
        "Output": [
            "min((kt.kind)::text)",
            "min(t.title)"
        ],
        "Plans": [
            {
                "Node Type": "Nested Loop",
                "Parent Relationship": "Outer",
                "Parallel Aware": false,
                "Join Type": "Inner",
                "Startup Cost": 60014869913.71,
                "Total Cost": 60014870347.1,
                "Plan Rows": 1,
                "Plan Width": 27,
                "Actual Startup Time": 5714.004,
                "Actual Total Time": 5728.036,
                "Actual Rows": 628,
                "Actual Loops": 1,
                "Output": [
                    "kt.kind",
                    "t.title"
                ],
                "Inner Unique": true,
                "Plans": [
                    {
                        "Node Type": "Merge Join",
                        "Parent Relationship": "Outer",
                        "Parallel Aware": false,
                        "Join Type": "Inner",
                        "Startup Cost": 50014869913.58,
                        "Total Cost": 50014870334.78,
                        "Plan Rows": 2,
                        "Plan Width": 31,
                        "Actual Startup Time": 5713.959,
                        "Actual Total Time": 5725.302,
                        "Actual Rows": 706,
                        "Actual Loops": 1,
                        "Output": [
                            "cc.status_id",
                            "t.title",
                            "kt.kind"
                        ],
                        "Inner Unique": false,
                        "Merge Cond": "(mc.company_id = cn.id)",
                        "Plans": [
                            {
                                "Node Type": "Sort",
                                "Parent Relationship": "Outer",
                                "Parallel Aware": false,
                                "Startup Cost": 40014857083.92,
                                "Total Cost": 40014857083.93,
                                "Plan Rows": 4,
                                "Plan Width": 35,
                                "Actual Startup Time": 5657.769,
                                "Actual Total Time": 5658.076,
                                "Actual Rows": 710,
                                "Actual Loops": 1,
                                "Output": [
                                    "cc.status_id",
                                    "mc.company_id",
                                    "t.title",
                                    "kt.kind"
                                ],
                                "Sort Key": [
                                    "mc.company_id"
                                ],
                                "Sort Method": "quicksort",
                                "Sort Space Used": 80,
                                "Sort Space Type": "Memory",
                                "Plans": [
                                    {
                                        "Node Type": "Nested Loop",
                                        "Parent Relationship": "Outer",
                                        "Parallel Aware": false,
                                        "Join Type": "Inner",
                                        "Startup Cost": 40014857069.16,
                                        "Total Cost": 40014857083.88,
                                        "Plan Rows": 4,
                                        "Plan Width": 35,
                                        "Actual Startup Time": 5643.904,
                                        "Actual Total Time": 5656.988,
                                        "Actual Rows": 710,
                                        "Actual Loops": 1,
                                        "Output": [
                                            "cc.status_id",
                                            "mc.company_id",
                                            "t.title",
                                            "kt.kind"
                                        ],
                                        "Inner Unique": true,
                                        "Plans": [
                                            {
                                                "Node Type": "Hash Join",
                                                "Parent Relationship": "Outer",
                                                "Parallel Aware": false,
                                                "Join Type": "Inner",
                                                "Startup Cost": 30014857069.02,
                                                "Total Cost": 30014857069.68,
                                                "Plan Rows": 4,
                                                "Plan Width": 39,
                                                "Actual Startup Time": 5643.844,
                                                "Actual Total Time": 5645.95,
                                                "Actual Rows": 710,
                                                "Actual Loops": 1,
                                                "Output": [
                                                    "cc.status_id",
                                                    "mc.company_id",
                                                    "mc.company_type_id",
                                                    "t.title",
                                                    "kt.kind"
                                                ],
                                                "Inner Unique": false,
                                                "Hash Cond": "(t.id = mc.movie_id)",
                                                "Plans": [
                                                    {
                                                        "Node Type": "Merge Join",
                                                        "Parent Relationship": "Outer",
                                                        "Parallel Aware": false,
                                                        "Join Type": "Inner",
                                                        "Startup Cost": 20014779573.62,
                                                        "Total Cost": 20014779574.26,
                                                        "Plan Rows": 1,
                                                        "Plan Width": 47,
                                                        "Actual Startup Time": 4905.571,
                                                        "Actual Total Time": 4906.656,
                                                        "Actual Rows": 690,
                                                        "Actual Loops": 1,
                                                        "Output": [
                                                            "cc.movie_id",
                                                            "cc.status_id",
                                                            "mi.movie_id",
                                                            "mk.movie_id",
                                                            "t.title",
                                                            "t.id",
                                                            "kt.kind"
                                                        ],
                                                        "Inner Unique": false,
                                                        "Merge Cond": "(it1.id = mi.info_type_id)",
                                                        "Plans": [
                                                            {
                                                                "Node Type": "Sort",
                                                                "Parent Relationship": "Outer",
                                                                "Parallel Aware": false,
                                                                "Startup Cost": 10000000002.42,
                                                                "Total Cost": 10000000002.43,
                                                                "Plan Rows": 1,
                                                                "Plan Width": 4,
                                                                "Actual Startup Time": 0.033,
                                                                "Actual Total Time": 0.035,
                                                                "Actual Rows": 1,
                                                                "Actual Loops": 1,
                                                                "Output": [
                                                                    "it1.id"
                                                                ],
                                                                "Sort Key": [
                                                                    "it1.id"
                                                                ],
                                                                "Sort Method": "quicksort",
                                                                "Sort Space Used": 25,
                                                                "Sort Space Type": "Memory",
                                                                "Plans": [
                                                                    {
                                                                        "Node Type": "Seq Scan",
                                                                        "Parent Relationship": "Outer",
                                                                        "Parallel Aware": false,
                                                                        "Relation Name": "info_type",
                                                                        "Schema": "public",
                                                                        "Alias": "it1",
                                                                        "Startup Cost": 10000000000.0,
                                                                        "Total Cost": 10000000002.41,
                                                                        "Plan Rows": 1,
                                                                        "Plan Width": 4,
                                                                        "Actual Startup Time": 0.018,
                                                                        "Actual Total Time": 0.023,
                                                                        "Actual Rows": 1,
                                                                        "Actual Loops": 1,
                                                                        "Output": [
                                                                            "it1.id"
                                                                        ],
                                                                        "Filter": "((it1.info)::text = 'release dates'::text)",
                                                                        "Rows Removed by Filter": 112
                                                                    }
                                                                ]
                                                            },
                                                            {
                                                                "Node Type": "Sort",
                                                                "Parent Relationship": "Inner",
                                                                "Parallel Aware": false,
                                                                "Startup Cost": 10014779571.2,
                                                                "Total Cost": 10014779571.51,
                                                                "Plan Rows": 124,
                                                                "Plan Width": 51,
                                                                "Actual Startup Time": 4905.531,
                                                                "Actual Total Time": 4906.055,
                                                                "Actual Rows": 690,
                                                                "Actual Loops": 1,
                                                                "Output": [
                                                                    "cc.movie_id",
                                                                    "cc.status_id",
                                                                    "mi.movie_id",
                                                                    "mi.info_type_id",
                                                                    "mk.movie_id",
                                                                    "t.title",
                                                                    "t.id",
                                                                    "kt.kind"
                                                                ],
                                                                "Sort Key": [
                                                                    "mi.info_type_id"
                                                                ],
                                                                "Sort Method": "quicksort",
                                                                "Sort Space Used": 80,
                                                                "Sort Space Type": "Memory",
                                                                "Plans": [
                                                                    {
                                                                        "Node Type": "Hash Join",
                                                                        "Parent Relationship": "Outer",
                                                                        "Parallel Aware": false,
                                                                        "Join Type": "Inner",
                                                                        "Startup Cost": 10014779549.54,
                                                                        "Total Cost": 10014779566.89,
                                                                        "Plan Rows": 124,
                                                                        "Plan Width": 51,
                                                                        "Actual Startup Time": 4902.777,
                                                                        "Actual Total Time": 4905.318,
                                                                        "Actual Rows": 690,
                                                                        "Actual Loops": 1,
                                                                        "Output": [
                                                                            "cc.movie_id",
                                                                            "cc.status_id",
                                                                            "mi.movie_id",
                                                                            "mi.info_type_id",
                                                                            "mk.movie_id",
                                                                            "t.title",
                                                                            "t.id",
                                                                            "kt.kind"
                                                                        ],
                                                                        "Inner Unique": false,
                                                                        "Hash Cond": "(t.id = cc.movie_id)",
                                                                        "Plans": [
                                                                            {
                                                                                "Node Type": "Merge Join",
                                                                                "Parent Relationship": "Outer",
                                                                                "Parallel Aware": false,
                                                                                "Join Type": "Inner",
                                                                                "Startup Cost": 10014772502.49,
                                                                                "Total Cost": 10014772517.94,
                                                                                "Plan Rows": 343,
                                                                                "Plan Width": 43,
                                                                                "Actual Startup Time": 4852.951,
                                                                                "Actual Total Time": 4854.833,
                                                                                "Actual Rows": 2555,
                                                                                "Actual Loops": 1,
                                                                                "Output": [
                                                                                    "mk.movie_id",
                                                                                    "mi.movie_id",
                                                                                    "mi.info_type_id",
                                                                                    "t.title",
                                                                                    "t.id",
                                                                                    "kt.kind"
                                                                                ],
                                                                                "Inner Unique": false,
                                                                                "Merge Cond": "(kt.id = t.kind_id)",
                                                                                "Plans": [
                                                                                    {
                                                                                        "Node Type": "Sort",
                                                                                        "Parent Relationship": "Outer",
                                                                                        "Parallel Aware": false,
                                                                                        "Startup Cost": 10000000001.1,
                                                                                        "Total Cost": 10000000001.1,
                                                                                        "Plan Rows": 1,
                                                                                        "Plan Width": 14,
                                                                                        "Actual Startup Time": 0.022,
                                                                                        "Actual Total Time": 0.023,
                                                                                        "Actual Rows": 1,
                                                                                        "Actual Loops": 1,
                                                                                        "Output": [
                                                                                            "kt.kind",
                                                                                            "kt.id"
                                                                                        ],
                                                                                        "Sort Key": [
                                                                                            "kt.id"
                                                                                        ],
                                                                                        "Sort Method": "quicksort",
                                                                                        "Sort Space Used": 25,
                                                                                        "Sort Space Type": "Memory",
                                                                                        "Plans": [
                                                                                            {
                                                                                                "Node Type": "Seq Scan",
                                                                                                "Parent Relationship": "Outer",
                                                                                                "Parallel Aware": false,
                                                                                                "Relation Name": "kind_type",
                                                                                                "Schema": "public",
                                                                                                "Alias": "kt",
                                                                                                "Startup Cost": 10000000000.0,
                                                                                                "Total Cost": 10000000001.09,
                                                                                                "Plan Rows": 1,
                                                                                                "Plan Width": 14,
                                                                                                "Actual Startup Time": 0.012,
                                                                                                "Actual Total Time": 0.013,
                                                                                                "Actual Rows": 1,
                                                                                                "Actual Loops": 1,
                                                                                                "Output": [
                                                                                                    "kt.kind",
                                                                                                    "kt.id"
                                                                                                ],
                                                                                                "Filter": "((kt.kind)::text = 'movie'::text)",
                                                                                                "Rows Removed by Filter": 6
                                                                                            }
                                                                                        ]
                                                                                    },
                                                                                    {
                                                                                        "Node Type": "Sort",
                                                                                        "Parent Relationship": "Inner",
                                                                                        "Parallel Aware": false,
                                                                                        "Startup Cost": 14772501.39,
                                                                                        "Total Cost": 14772507.4,
                                                                                        "Plan Rows": 2402,
                                                                                        "Plan Width": 37,
                                                                                        "Actual Startup Time": 4852.914,
                                                                                        "Actual Total Time": 4853.559,
                                                                                        "Actual Rows": 2556,
                                                                                        "Actual Loops": 1,
                                                                                        "Output": [
                                                                                            "mk.movie_id",
                                                                                            "mi.movie_id",
                                                                                            "mi.info_type_id",
                                                                                            "t.title",
                                                                                            "t.kind_id",
                                                                                            "t.id"
                                                                                        ],
                                                                                        "Sort Key": [
                                                                                            "t.kind_id"
                                                                                        ],
                                                                                        "Sort Method": "quicksort",
                                                                                        "Sort Space Used": 573,
                                                                                        "Sort Space Type": "Memory",
                                                                                        "Plans": [
                                                                                            {
                                                                                                "Node Type": "Gather",
                                                                                                "Parent Relationship": "Outer",
                                                                                                "Parallel Aware": false,
                                                                                                "Startup Cost": 14072770.92,
                                                                                                "Total Cost": 14772366.52,
                                                                                                "Plan Rows": 2402,
                                                                                                "Plan Width": 37,
                                                                                                "Actual Startup Time": 3844.709,
                                                                                                "Actual Total Time": 4852.174,
                                                                                                "Actual Rows": 4427,
                                                                                                "Actual Loops": 1,
                                                                                                "Output": [
                                                                                                    "mk.movie_id",
                                                                                                    "mi.movie_id",
                                                                                                    "mi.info_type_id",
                                                                                                    "t.title",
                                                                                                    "t.kind_id",
                                                                                                    "t.id"
                                                                                                ],
                                                                                                "Workers Planned": 4,
                                                                                                "Workers Launched": 4,
                                                                                                "Single Copy": false,
                                                                                                "Plans": [
                                                                                                    {
                                                                                                        "Node Type": "Hash Join",
                                                                                                        "Parent Relationship": "Outer",
                                                                                                        "Parallel Aware": true,
                                                                                                        "Join Type": "Inner",
                                                                                                        "Startup Cost": 14071770.92,
                                                                                                        "Total Cost": 14771126.32,
                                                                                                        "Plan Rows": 600,
                                                                                                        "Plan Width": 37,
                                                                                                        "Actual Startup Time": 4411.362,
                                                                                                        "Actual Total Time": 4731.135,
                                                                                                        "Actual Rows": 885,
                                                                                                        "Actual Loops": 5,
                                                                                                        "Output": [
                                                                                                            "mk.movie_id",
                                                                                                            "mi.movie_id",
                                                                                                            "mi.info_type_id",
                                                                                                            "t.title",
                                                                                                            "t.kind_id",
                                                                                                            "t.id"
                                                                                                        ],
                                                                                                        "Inner Unique": false,
                                                                                                        "Hash Cond": "(t.id = mi.movie_id)",
                                                                                                        "Workers": [
                                                                                                            {
                                                                                                                "Worker Number": 0,
                                                                                                                "Actual Startup Time": 4547.388,
                                                                                                                "Actual Total Time": 4728.899,
                                                                                                                "Actual Rows": 569,
                                                                                                                "Actual Loops": 1
                                                                                                            },
                                                                                                            {
                                                                                                                "Worker Number": 1,
                                                                                                                "Actual Startup Time": 4555.743,
                                                                                                                "Actual Total Time": 4729.098,
                                                                                                                "Actual Rows": 578,
                                                                                                                "Actual Loops": 1
                                                                                                            },
                                                                                                            {
                                                                                                                "Worker Number": 2,
                                                                                                                "Actual Startup Time": 4422.218,
                                                                                                                "Actual Total Time": 4728.939,
                                                                                                                "Actual Rows": 1387,
                                                                                                                "Actual Loops": 1
                                                                                                            },
                                                                                                            {
                                                                                                                "Worker Number": 3,
                                                                                                                "Actual Startup Time": 4687.166,
                                                                                                                "Actual Total Time": 4729.372,
                                                                                                                "Actual Rows": 94,
                                                                                                                "Actual Loops": 1
                                                                                                            }
                                                                                                        ],
                                                                                                        "Plans": [
                                                                                                            {
                                                                                                                "Node Type": "Hash Join",
                                                                                                                "Parent Relationship": "Outer",
                                                                                                                "Parallel Aware": false,
                                                                                                                "Join Type": "Inner",
                                                                                                                "Startup Cost": 13154246.8,
                                                                                                                "Total Cost": 13795854.5,
                                                                                                                "Plan Rows": 699970,
                                                                                                                "Plan Width": 29,
                                                                                                                "Actual Startup Time": 3652.225,
                                                                                                                "Actual Total Time": 3942.052,
                                                                                                                "Actual Rows": 470313,
                                                                                                                "Actual Loops": 5,
                                                                                                                "Output": [
                                                                                                                    "mk.movie_id",
                                                                                                                    "t.title",
                                                                                                                    "t.kind_id",
                                                                                                                    "t.id"
                                                                                                                ],
                                                                                                                "Inner Unique": false,
                                                                                                                "Hash Cond": "(t.id = mk.movie_id)",
                                                                                                                "Workers": [
                                                                                                                    {
                                                                                                                        "Worker Number": 0,
                                                                                                                        "Actual Startup Time": 3792.857,
                                                                                                                        "Actual Total Time": 3949.347,
                                                                                                                        "Actual Rows": 408956,
                                                                                                                        "Actual Loops": 1
                                                                                                                    },
                                                                                                                    {
                                                                                                                        "Worker Number": 1,
                                                                                                                        "Actual Startup Time": 3798.53,
                                                                                                                        "Actual Total Time": 3945.215,
                                                                                                                        "Actual Rows": 297498,
                                                                                                                        "Actual Loops": 1
                                                                                                                    },
                                                                                                                    {
                                                                                                                        "Worker Number": 2,
                                                                                                                        "Actual Startup Time": 3659.268,
                                                                                                                        "Actual Total Time": 3937.449,
                                                                                                                        "Actual Rows": 585077,
                                                                                                                        "Actual Loops": 1
                                                                                                                    },
                                                                                                                    {
                                                                                                                        "Worker Number": 3,
                                                                                                                        "Actual Startup Time": 3931.826,
                                                                                                                        "Actual Total Time": 3968.068,
                                                                                                                        "Actual Rows": 72075,
                                                                                                                        "Actual Loops": 1
                                                                                                                    }
                                                                                                                ],
                                                                                                                "Plans": [
                                                                                                                    {
                                                                                                                        "Node Type": "Seq Scan",
                                                                                                                        "Parent Relationship": "Outer",
                                                                                                                        "Parallel Aware": true,
                                                                                                                        "Relation Name": "title",
                                                                                                                        "Schema": "public",
                                                                                                                        "Alias": "t",
                                                                                                                        "Startup Cost": 0.0,
                                                                                                                        "Total Cost": 43899.01,
                                                                                                                        "Plan Rows": 391198,
                                                                                                                        "Plan Width": 25,
                                                                                                                        "Actual Startup Time": 0.04,
                                                                                                                        "Actual Total Time": 69.517,
                                                                                                                        "Actual Rows": 314114,
                                                                                                                        "Actual Loops": 5,
                                                                                                                        "Output": [
                                                                                                                            "t.id",
                                                                                                                            "t.title",
                                                                                                                            "t.imdb_index",
                                                                                                                            "t.kind_id",
                                                                                                                            "t.production_year",
                                                                                                                            "t.imdb_id",
                                                                                                                            "t.phonetic_code",
                                                                                                                            "t.episode_of_id",
                                                                                                                            "t.season_nr",
                                                                                                                            "t.episode_nr",
                                                                                                                            "t.series_years",
                                                                                                                            "t.md5sum"
                                                                                                                        ],
                                                                                                                        "Filter": "(t.production_year > 1996)",
                                                                                                                        "Rows Removed by Filter": 191549,
                                                                                                                        "Workers": [
                                                                                                                            {
                                                                                                                                "Worker Number": 0,
                                                                                                                                "Actual Startup Time": 0.082,
                                                                                                                                "Actual Total Time": 30.915,
                                                                                                                                "Actual Rows": 104427,
                                                                                                                                "Actual Loops": 1
                                                                                                                            },
                                                                                                                            {
                                                                                                                                "Worker Number": 1,
                                                                                                                                "Actual Startup Time": 0.035,
                                                                                                                                "Actual Total Time": 33.311,
                                                                                                                                "Actual Rows": 76299,
                                                                                                                                "Actual Loops": 1
                                                                                                                            },
                                                                                                                            {
                                                                                                                                "Worker Number": 2,
                                                                                                                                "Actual Startup Time": 0.03,
                                                                                                                                "Actual Total Time": 67.544,
                                                                                                                                "Actual Rows": 263271,
                                                                                                                                "Actual Loops": 1
                                                                                                                            },
                                                                                                                            {
                                                                                                                                "Worker Number": 3,
                                                                                                                                "Actual Startup Time": 0.041,
                                                                                                                                "Actual Total Time": 7.794,
                                                                                                                                "Actual Rows": 17225,
                                                                                                                                "Actual Loops": 1
                                                                                                                            }
                                                                                                                        ]
                                                                                                                    },
                                                                                                                    {
                                                                                                                        "Node Type": "Hash",
                                                                                                                        "Parent Relationship": "Inner",
                                                                                                                        "Parallel Aware": false,
                                                                                                                        "Startup Cost": 13097697.68,
                                                                                                                        "Total Cost": 13097697.68,
                                                                                                                        "Plan Rows": 4523930,
                                                                                                                        "Plan Width": 4,
                                                                                                                        "Actual Startup Time": 3614.722,
                                                                                                                        "Actual Total Time": 3614.726,
                                                                                                                        "Actual Rows": 4523930,
                                                                                                                        "Actual Loops": 5,
                                                                                                                        "Output": [
                                                                                                                            "mk.movie_id"
                                                                                                                        ],
                                                                                                                        "Hash Buckets": 8388608,
                                                                                                                        "Original Hash Buckets": 8388608,
                                                                                                                        "Hash Batches": 1,
                                                                                                                        "Original Hash Batches": 1,
                                                                                                                        "Peak Memory Usage": 224581,
                                                                                                                        "Workers": [
                                                                                                                            {
                                                                                                                                "Worker Number": 0,
                                                                                                                                "Actual Startup Time": 3748.309,
                                                                                                                                "Actual Total Time": 3748.312,
                                                                                                                                "Actual Rows": 4523930,
                                                                                                                                "Actual Loops": 1
                                                                                                                            },
                                                                                                                            {
                                                                                                                                "Worker Number": 1,
                                                                                                                                "Actual Startup Time": 3752.956,
                                                                                                                                "Actual Total Time": 3752.959,
                                                                                                                                "Actual Rows": 4523930,
                                                                                                                                "Actual Loops": 1
                                                                                                                            },
                                                                                                                            {
                                                                                                                                "Worker Number": 2,
                                                                                                                                "Actual Startup Time": 3614.71,
                                                                                                                                "Actual Total Time": 3614.713,
                                                                                                                                "Actual Rows": 4523930,
                                                                                                                                "Actual Loops": 1
                                                                                                                            },
                                                                                                                            {
                                                                                                                                "Worker Number": 3,
                                                                                                                                "Actual Startup Time": 3887.584,
                                                                                                                                "Actual Total Time": 3887.587,
                                                                                                                                "Actual Rows": 4523930,
                                                                                                                                "Actual Loops": 1
                                                                                                                            }
                                                                                                                        ],
                                                                                                                        "Plans": [
                                                                                                                            {
                                                                                                                                "Node Type": "Hash Join",
                                                                                                                                "Parent Relationship": "Outer",
                                                                                                                                "Parallel Aware": false,
                                                                                                                                "Join Type": "Inner",
                                                                                                                                "Startup Cost": 126242.43,
                                                                                                                                "Total Cost": 13097697.68,
                                                                                                                                "Plan Rows": 4523930,
                                                                                                                                "Plan Width": 4,
                                                                                                                                "Actual Startup Time": 1425.91,
                                                                                                                                "Actual Total Time": 2515.517,
                                                                                                                                "Actual Rows": 4523930,
                                                                                                                                "Actual Loops": 5,
                                                                                                                                "Output": [
                                                                                                                                    "mk.movie_id"
                                                                                                                                ],
                                                                                                                                "Inner Unique": false,
                                                                                                                                "Hash Cond": "(k.id = mk.keyword_id)",
                                                                                                                                "Workers": [
                                                                                                                                    {
                                                                                                                                        "Worker Number": 0,
                                                                                                                                        "Actual Startup Time": 1582.15,
                                                                                                                                        "Actual Total Time": 2634.681,
                                                                                                                                        "Actual Rows": 4523930,
                                                                                                                                        "Actual Loops": 1
                                                                                                                                    },
                                                                                                                                    {
                                                                                                                                        "Worker Number": 1,
                                                                                                                                        "Actual Startup Time": 1485.318,
                                                                                                                                        "Actual Total Time": 2591.083,
                                                                                                                                        "Actual Rows": 4523930,
                                                                                                                                        "Actual Loops": 1
                                                                                                                                    },
                                                                                                                                    {
                                                                                                                                        "Worker Number": 2,
                                                                                                                                        "Actual Startup Time": 1486.241,
                                                                                                                                        "Actual Total Time": 2526.009,
                                                                                                                                        "Actual Rows": 4523930,
                                                                                                                                        "Actual Loops": 1
                                                                                                                                    },
                                                                                                                                    {
                                                                                                                                        "Worker Number": 3,
                                                                                                                                        "Actual Startup Time": 1549.993,
                                                                                                                                        "Actual Total Time": 2683.5,
                                                                                                                                        "Actual Rows": 4523930,
                                                                                                                                        "Actual Loops": 1
                                                                                                                                    }
                                                                                                                                ],
                                                                                                                                "Plans": [
                                                                                                                                    {
                                                                                                                                        "Node Type": "Seq Scan",
                                                                                                                                        "Parent Relationship": "Outer",
                                                                                                                                        "Parallel Aware": false,
                                                                                                                                        "Relation Name": "keyword",
                                                                                                                                        "Schema": "public",
                                                                                                                                        "Alias": "k",
                                                                                                                                        "Startup Cost": 0.0,
                                                                                                                                        "Total Cost": 2290.7,
                                                                                                                                        "Plan Rows": 134170,
                                                                                                                                        "Plan Width": 4,
                                                                                                                                        "Actual Startup Time": 0.052,
                                                                                                                                        "Actual Total Time": 16.199,
                                                                                                                                        "Actual Rows": 134170,
                                                                                                                                        "Actual Loops": 5,
                                                                                                                                        "Output": [
                                                                                                                                            "k.id",
                                                                                                                                            "k.keyword",
                                                                                                                                            "k.phonetic_code"
                                                                                                                                        ],
                                                                                                                                        "Workers": [
                                                                                                                                            {
                                                                                                                                                "Worker Number": 0,
                                                                                                                                                "Actual Startup Time": 0.061,
                                                                                                                                                "Actual Total Time": 14.678,
                                                                                                                                                "Actual Rows": 134170,
                                                                                                                                                "Actual Loops": 1
                                                                                                                                            },
                                                                                                                                            {
                                                                                                                                                "Worker Number": 1,
                                                                                                                                                "Actual Startup Time": 0.05,
                                                                                                                                                "Actual Total Time": 19.436,
                                                                                                                                                "Actual Rows": 134170,
                                                                                                                                                "Actual Loops": 1
                                                                                                                                            },
                                                                                                                                            {
                                                                                                                                                "Worker Number": 2,
                                                                                                                                                "Actual Startup Time": 0.052,
                                                                                                                                                "Actual Total Time": 15.076,
                                                                                                                                                "Actual Rows": 134170,
                                                                                                                                                "Actual Loops": 1
                                                                                                                                            },
                                                                                                                                            {
                                                                                                                                                "Worker Number": 3,
                                                                                                                                                "Actual Startup Time": 0.075,
                                                                                                                                                "Actual Total Time": 19.646,
                                                                                                                                                "Actual Rows": 134170,
                                                                                                                                                "Actual Loops": 1
                                                                                                                                            }
                                                                                                                                        ]
                                                                                                                                    },
                                                                                                                                    {
                                                                                                                                        "Node Type": "Hash",
                                                                                                                                        "Parent Relationship": "Inner",
                                                                                                                                        "Parallel Aware": false,
                                                                                                                                        "Startup Cost": 69693.3,
                                                                                                                                        "Total Cost": 69693.3,
                                                                                                                                        "Plan Rows": 4523930,
                                                                                                                                        "Plan Width": 8,
                                                                                                                                        "Actual Startup Time": 1389.898,
                                                                                                                                        "Actual Total Time": 1389.899,
                                                                                                                                        "Actual Rows": 4523930,
                                                                                                                                        "Actual Loops": 5,
                                                                                                                                        "Output": [
                                                                                                                                            "mk.movie_id",
                                                                                                                                            "mk.keyword_id"
                                                                                                                                        ],
                                                                                                                                        "Hash Buckets": 8388608,
                                                                                                                                        "Original Hash Buckets": 8388608,
                                                                                                                                        "Hash Batches": 1,
                                                                                                                                        "Original Hash Batches": 1,
                                                                                                                                        "Peak Memory Usage": 242253,
                                                                                                                                        "Workers": [
                                                                                                                                            {
                                                                                                                                                "Worker Number": 0,
                                                                                                                                                "Actual Startup Time": 1539.506,
                                                                                                                                                "Actual Total Time": 1539.507,
                                                                                                                                                "Actual Rows": 4523930,
                                                                                                                                                "Actual Loops": 1
                                                                                                                                            },
                                                                                                                                            {
                                                                                                                                                "Worker Number": 1,
                                                                                                                                                "Actual Startup Time": 1441.978,
                                                                                                                                                "Actual Total Time": 1441.979,
                                                                                                                                                "Actual Rows": 4523930,
                                                                                                                                                "Actual Loops": 1
                                                                                                                                            },
                                                                                                                                            {
                                                                                                                                                "Worker Number": 2,
                                                                                                                                                "Actual Startup Time": 1443.211,
                                                                                                                                                "Actual Total Time": 1443.213,
                                                                                                                                                "Actual Rows": 4523930,
                                                                                                                                                "Actual Loops": 1
                                                                                                                                            },
                                                                                                                                            {
                                                                                                                                                "Worker Number": 3,
                                                                                                                                                "Actual Startup Time": 1507.016,
                                                                                                                                                "Actual Total Time": 1507.017,
                                                                                                                                                "Actual Rows": 4523930,
                                                                                                                                                "Actual Loops": 1
                                                                                                                                            }
                                                                                                                                        ],
                                                                                                                                        "Plans": [
                                                                                                                                            {
                                                                                                                                                "Node Type": "Seq Scan",
                                                                                                                                                "Parent Relationship": "Outer",
                                                                                                                                                "Parallel Aware": false,
                                                                                                                                                "Relation Name": "movie_keyword",
                                                                                                                                                "Schema": "public",
                                                                                                                                                "Alias": "mk",
                                                                                                                                                "Startup Cost": 0.0,
                                                                                                                                                "Total Cost": 69693.3,
                                                                                                                                                "Plan Rows": 4523930,
                                                                                                                                                "Plan Width": 8,
                                                                                                                                                "Actual Startup Time": 0.034,
                                                                                                                                                "Actual Total Time": 481.005,
                                                                                                                                                "Actual Rows": 4523930,
                                                                                                                                                "Actual Loops": 5,
                                                                                                                                                "Output": [
                                                                                                                                                    "mk.movie_id",
                                                                                                                                                    "mk.keyword_id"
                                                                                                                                                ],
                                                                                                                                                "Workers": [
                                                                                                                                                    {
                                                                                                                                                        "Worker Number": 0,
                                                                                                                                                        "Actual Startup Time": 0.046,
                                                                                                                                                        "Actual Total Time": 519.552,
                                                                                                                                                        "Actual Rows": 4523930,
                                                                                                                                                        "Actual Loops": 1
                                                                                                                                                    },
                                                                                                                                                    {
                                                                                                                                                        "Worker Number": 1,
                                                                                                                                                        "Actual Startup Time": 0.033,
                                                                                                                                                        "Actual Total Time": 474.311,
                                                                                                                                                        "Actual Rows": 4523930,
                                                                                                                                                        "Actual Loops": 1
                                                                                                                                                    },
                                                                                                                                                    {
                                                                                                                                                        "Worker Number": 2,
                                                                                                                                                        "Actual Startup Time": 0.033,
                                                                                                                                                        "Actual Total Time": 486.091,
                                                                                                                                                        "Actual Rows": 4523930,
                                                                                                                                                        "Actual Loops": 1
                                                                                                                                                    },
                                                                                                                                                    {
                                                                                                                                                        "Worker Number": 3,
                                                                                                                                                        "Actual Startup Time": 0.039,
                                                                                                                                                        "Actual Total Time": 507.151,
                                                                                                                                                        "Actual Rows": 4523930,
                                                                                                                                                        "Actual Loops": 1
                                                                                                                                                    }
                                                                                                                                                ]
                                                                                                                                            }
                                                                                                                                        ]
                                                                                                                                    }
                                                                                                                                ]
                                                                                                                            }
                                                                                                                        ]
                                                                                                                    }
                                                                                                                ]
                                                                                                            },
                                                                                                            {
                                                                                                                "Node Type": "Hash",
                                                                                                                "Parent Relationship": "Inner",
                                                                                                                "Parallel Aware": true,
                                                                                                                "Startup Cost": 917523.32,
                                                                                                                "Total Cost": 917523.32,
                                                                                                                "Plan Rows": 64,
                                                                                                                "Plan Width": 8,
                                                                                                                "Actual Startup Time": 755.541,
                                                                                                                "Actual Total Time": 755.542,
                                                                                                                "Actual Rows": 357,
                                                                                                                "Actual Loops": 5,
                                                                                                                "Output": [
                                                                                                                    "mi.movie_id",
                                                                                                                    "mi.info_type_id"
                                                                                                                ],
                                                                                                                "Hash Buckets": 1024,
                                                                                                                "Original Hash Buckets": 1024,
                                                                                                                "Hash Batches": 1,
                                                                                                                "Original Hash Batches": 1,
                                                                                                                "Peak Memory Usage": 168,
                                                                                                                "Workers": [
                                                                                                                    {
                                                                                                                        "Worker Number": 0,
                                                                                                                        "Actual Startup Time": 753.059,
                                                                                                                        "Actual Total Time": 753.06,
                                                                                                                        "Actual Rows": 304,
                                                                                                                        "Actual Loops": 1
                                                                                                                    },
                                                                                                                    {
                                                                                                                        "Worker Number": 1,
                                                                                                                        "Actual Startup Time": 753.211,
                                                                                                                        "Actual Total Time": 753.213,
                                                                                                                        "Actual Rows": 322,
                                                                                                                        "Actual Loops": 1
                                                                                                                    },
                                                                                                                    {
                                                                                                                        "Worker Number": 2,
                                                                                                                        "Actual Startup Time": 753.182,
                                                                                                                        "Actual Total Time": 753.183,
                                                                                                                        "Actual Rows": 333,
                                                                                                                        "Actual Loops": 1
                                                                                                                    },
                                                                                                                    {
                                                                                                                        "Worker Number": 3,
                                                                                                                        "Actual Startup Time": 753.178,
                                                                                                                        "Actual Total Time": 753.179,
                                                                                                                        "Actual Rows": 296,
                                                                                                                        "Actual Loops": 1
                                                                                                                    }
                                                                                                                ],
                                                                                                                "Plans": [
                                                                                                                    {
                                                                                                                        "Node Type": "Index Scan",
                                                                                                                        "Parent Relationship": "Outer",
                                                                                                                        "Parallel Aware": true,
                                                                                                                        "Scan Direction": "Forward",
                                                                                                                        "Index Name": "info_type_id_movie_info",
                                                                                                                        "Relation Name": "movie_info",
                                                                                                                        "Schema": "public",
                                                                                                                        "Alias": "mi",
                                                                                                                        "Startup Cost": 0.43,
                                                                                                                        "Total Cost": 917523.32,
                                                                                                                        "Plan Rows": 64,
                                                                                                                        "Plan Width": 8,
                                                                                                                        "Actual Startup Time": 454.419,
                                                                                                                        "Actual Total Time": 754.953,
                                                                                                                        "Actual Rows": 357,
                                                                                                                        "Actual Loops": 5,
                                                                                                                        "Output": [
                                                                                                                            "mi.movie_id",
                                                                                                                            "mi.info_type_id"
                                                                                                                        ],
                                                                                                                        "Filter": "((mi.info IS NOT NULL) AND (mi.note ~~ '%internet%'::text) AND ((mi.info ~~ 'USA:% 199%'::text) OR (mi.info ~~ 'USA:% 200%'::text)))",
                                                                                                                        "Rows Removed by Filter": 2966787,
                                                                                                                        "Workers": [
                                                                                                                            {
                                                                                                                                "Worker Number": 0,
                                                                                                                                "Actual Startup Time": 451.979,
                                                                                                                                "Actual Total Time": 752.314,
                                                                                                                                "Actual Rows": 304,
                                                                                                                                "Actual Loops": 1
                                                                                                                            },
                                                                                                                            {
                                                                                                                                "Worker Number": 1,
                                                                                                                                "Actual Startup Time": 451.498,
                                                                                                                                "Actual Total Time": 752.678,
                                                                                                                                "Actual Rows": 322,
                                                                                                                                "Actual Loops": 1
                                                                                                                            },
                                                                                                                            {
                                                                                                                                "Worker Number": 2,
                                                                                                                                "Actual Startup Time": 451.916,
                                                                                                                                "Actual Total Time": 752.777,
                                                                                                                                "Actual Rows": 333,
                                                                                                                                "Actual Loops": 1
                                                                                                                            },
                                                                                                                            {
                                                                                                                                "Worker Number": 3,
                                                                                                                                "Actual Startup Time": 453.141,
                                                                                                                                "Actual Total Time": 752.582,
                                                                                                                                "Actual Rows": 296,
                                                                                                                                "Actual Loops": 1
                                                                                                                            }
                                                                                                                        ]
                                                                                                                    }
                                                                                                                ]
                                                                                                            }
                                                                                                        ]
                                                                                                    }
                                                                                                ]
                                                                                            }
                                                                                        ]
                                                                                    }
                                                                                ]
                                                                            },
                                                                            {
                                                                                "Node Type": "Hash",
                                                                                "Parent Relationship": "Inner",
                                                                                "Parallel Aware": false,
                                                                                "Startup Cost": 5358.48,
                                                                                "Total Cost": 5358.48,
                                                                                "Plan Rows": 135086,
                                                                                "Plan Width": 8,
                                                                                "Actual Startup Time": 49.232,
                                                                                "Actual Total Time": 49.232,
                                                                                "Actual Rows": 135086,
                                                                                "Actual Loops": 1,
                                                                                "Output": [
                                                                                    "cc.movie_id",
                                                                                    "cc.status_id"
                                                                                ],
                                                                                "Hash Buckets": 262144,
                                                                                "Original Hash Buckets": 262144,
                                                                                "Hash Batches": 1,
                                                                                "Original Hash Batches": 1,
                                                                                "Peak Memory Usage": 7325,
                                                                                "Plans": [
                                                                                    {
                                                                                        "Node Type": "Index Scan",
                                                                                        "Parent Relationship": "Outer",
                                                                                        "Parallel Aware": false,
                                                                                        "Scan Direction": "Forward",
                                                                                        "Index Name": "status_id_complete_cast",
                                                                                        "Relation Name": "complete_cast",
                                                                                        "Schema": "public",
                                                                                        "Alias": "cc",
                                                                                        "Startup Cost": 0.42,
                                                                                        "Total Cost": 5358.48,
                                                                                        "Plan Rows": 135086,
                                                                                        "Plan Width": 8,
                                                                                        "Actual Startup Time": 0.061,
                                                                                        "Actual Total Time": 32.44,
                                                                                        "Actual Rows": 135086,
                                                                                        "Actual Loops": 1,
                                                                                        "Output": [
                                                                                            "cc.movie_id",
                                                                                            "cc.status_id"
                                                                                        ]
                                                                                    }
                                                                                ]
                                                                            }
                                                                        ]
                                                                    }
                                                                ]
                                                            }
                                                        ]
                                                    },
                                                    {
                                                        "Node Type": "Hash",
                                                        "Parent Relationship": "Inner",
                                                        "Parallel Aware": false,
                                                        "Startup Cost": 10000044881.29,
                                                        "Total Cost": 10000044881.29,
                                                        "Plan Rows": 2609129,
                                                        "Plan Width": 12,
                                                        "Actual Startup Time": 733.184,
                                                        "Actual Total Time": 733.185,
                                                        "Actual Rows": 2609129,
                                                        "Actual Loops": 1,
                                                        "Output": [
                                                            "mc.movie_id",
                                                            "mc.company_id",
                                                            "mc.company_type_id"
                                                        ],
                                                        "Hash Buckets": 4194304,
                                                        "Original Hash Buckets": 4194304,
                                                        "Hash Batches": 1,
                                                        "Original Hash Batches": 1,
                                                        "Peak Memory Usage": 144880,
                                                        "Plans": [
                                                            {
                                                                "Node Type": "Seq Scan",
                                                                "Parent Relationship": "Outer",
                                                                "Parallel Aware": false,
                                                                "Relation Name": "movie_companies",
                                                                "Schema": "public",
                                                                "Alias": "mc",
                                                                "Startup Cost": 10000000000.0,
                                                                "Total Cost": 10000044881.29,
                                                                "Plan Rows": 2609129,
                                                                "Plan Width": 12,
                                                                "Actual Startup Time": 0.028,
                                                                "Actual Total Time": 278.756,
                                                                "Actual Rows": 2609129,
                                                                "Actual Loops": 1,
                                                                "Output": [
                                                                    "mc.movie_id",
                                                                    "mc.company_id",
                                                                    "mc.company_type_id"
                                                                ]
                                                            }
                                                        ]
                                                    }
                                                ]
                                            },
                                            {
                                                "Node Type": "Bitmap Heap Scan",
                                                "Parent Relationship": "Inner",
                                                "Parallel Aware": false,
                                                "Relation Name": "company_type",
                                                "Schema": "public",
                                                "Alias": "ct",
                                                "Startup Cost": 0.14,
                                                "Total Cost": 4.15,
                                                "Plan Rows": 1,
                                                "Plan Width": 4,
                                                "Actual Startup Time": 0.007,
                                                "Actual Total Time": 0.007,
                                                "Actual Rows": 1,
                                                "Actual Loops": 710,
                                                "Output": [
                                                    "ct.id",
                                                    "ct.kind"
                                                ],
                                                "Recheck Cond": "(ct.id = mc.company_type_id)",
                                                "Rows Removed by Index Recheck": 0,
                                                "Exact Heap Blocks": 710,
                                                "Lossy Heap Blocks": 0,
                                                "Plans": [
                                                    {
                                                        "Node Type": "Bitmap Index Scan",
                                                        "Parent Relationship": "Outer",
                                                        "Parallel Aware": false,
                                                        "Index Name": "company_type_pkey",
                                                        "Startup Cost": 0.0,
                                                        "Total Cost": 0.14,
                                                        "Plan Rows": 1,
                                                        "Plan Width": 0,
                                                        "Actual Startup Time": 0.004,
                                                        "Actual Total Time": 0.004,
                                                        "Actual Rows": 1,
                                                        "Actual Loops": 710,
                                                        "Index Cond": "(ct.id = mc.company_type_id)"
                                                    }
                                                ]
                                            }
                                        ]
                                    }
                                ]
                            },
                            {
                                "Node Type": "Sort",
                                "Parent Relationship": "Inner",
                                "Parallel Aware": false,
                                "Startup Cost": 10000012829.66,
                                "Total Cost": 10000013040.41,
                                "Plan Rows": 84301,
                                "Plan Width": 4,
                                "Actual Startup Time": 54.927,
                                "Actual Total Time": 62.209,
                                "Actual Rows": 75944,
                                "Actual Loops": 1,
                                "Output": [
                                    "cn.id"
                                ],
                                "Sort Key": [
                                    "cn.id"
                                ],
                                "Sort Method": "quicksort",
                                "Sort Space Used": 7050,
                                "Sort Space Type": "Memory",
                                "Plans": [
                                    {
                                        "Node Type": "Seq Scan",
                                        "Parent Relationship": "Outer",
                                        "Parallel Aware": false,
                                        "Relation Name": "company_name",
                                        "Schema": "public",
                                        "Alias": "cn",
                                        "Startup Cost": 10000000000.0,
                                        "Total Cost": 10000005932.46,
                                        "Plan Rows": 84301,
                                        "Plan Width": 4,
                                        "Actual Startup Time": 0.028,
                                        "Actual Total Time": 33.632,
                                        "Actual Rows": 84843,
                                        "Actual Loops": 1,
                                        "Output": [
                                            "cn.id"
                                        ],
                                        "Filter": "((cn.country_code)::text = '[us]'::text)",
                                        "Rows Removed by Filter": 150154
                                    }
                                ]
                            }
                        ]
                    },
                    {
                        "Node Type": "Bitmap Heap Scan",
                        "Parent Relationship": "Inner",
                        "Parallel Aware": false,
                        "Relation Name": "comp_cast_type",
                        "Schema": "public",
                        "Alias": "cct1",
                        "Startup Cost": 0.14,
                        "Total Cost": 4.15,
                        "Plan Rows": 1,
                        "Plan Width": 4,
                        "Actual Startup Time": 0.002,
                        "Actual Total Time": 0.002,
                        "Actual Rows": 1,
                        "Actual Loops": 706,
                        "Output": [
                            "cct1.id",
                            "cct1.kind"
                        ],
                        "Recheck Cond": "(cct1.id = cc.status_id)",
                        "Rows Removed by Index Recheck": 0,
                        "Filter": "((cct1.kind)::text = 'complete+verified'::text)",
                        "Rows Removed by Filter": 0,
                        "Exact Heap Blocks": 706,
                        "Lossy Heap Blocks": 0,
                        "Plans": [
                            {
                                "Node Type": "Bitmap Index Scan",
                                "Parent Relationship": "Outer",
                                "Parallel Aware": false,
                                "Index Name": "comp_cast_type_pkey",
                                "Startup Cost": 0.0,
                                "Total Cost": 0.14,
                                "Plan Rows": 1,
                                "Plan Width": 0,
                                "Actual Startup Time": 0.001,
                                "Actual Total Time": 0.001,
                                "Actual Rows": 1,
                                "Actual Loops": 706,
                                "Index Cond": "(cct1.id = cc.status_id)"
                            }
                        ]
                    }
                ]
            }
        ]
    },
    "Planning Time": 23.72,
    "Triggers": [],
    "Execution Time": 5732.471
}