{
  "Plan": {
    "Node Type": "Aggregate",
    "Strategy": "Plain",
    "Partial Mode": "Finalize",
    "Parallel Aware": false,
    "Startup Cost": 650443.64,
    "Total Cost": 650443.65,
    "Plan Rows": 1,
    "Plan Width": 8,
    "Actual Startup Time": 2302.434,
    "Actual Total Time": 2339.036,
    "Actual Rows": 1,
    "Actual Loops": 1,
    "Plans": [
      {
        "Node Type": "Gather",
        "Parent Relationship": "Outer",
        "Parallel Aware": false,
        "Startup Cost": 650443.52,
        "Total Cost": 650443.63,
        "Plan Rows": 1,
        "Plan Width": 8,
        "Actual Startup Time": 2301.427,
        "Actual Total Time": 2339.026,
        "Actual Rows": 2,
        "Actual Loops": 1,
        "Workers Planned": 1,
        "Workers Launched": 1,
        "Single Copy": false,
        "Plans": [
          {
            "Node Type": "Aggregate",
            "Strategy": "Plain",
            "Partial Mode": "Partial",
            "Parent Relationship": "Outer",
            "Parallel Aware": false,
            "Startup Cost": 649443.52,
            "Total Cost": 649443.53,
            "Plan Rows": 1,
            "Plan Width": 8,
            "Actual Startup Time": 2295.032,
            "Actual Total Time": 2295.04,
            "Actual Rows": 1,
            "Actual Loops": 2,
            "Plans": [
              {
                "Node Type": "Hash Join",
                "Parent Relationship": "Outer",
                "Parallel Aware": true,
                "Join Type": "Inner",
                "Startup Cost": 586826.13,
                "Total Cost": 648974.45,
                "Plan Rows": 187631,
                "Plan Width": 0,
                "Actual Startup Time": 1922.591,
                "Actual Total Time": 2271.15,
                "Actual Rows": 476784,
                "Actual Loops": 2,
                "Inner Unique": false,
                "Hash Cond": "(mk.movie_id = t.id)",
                "Plans": [
                  {
                    "Node Type": "Seq Scan",
                    "Parent Relationship": "Outer",
                    "Parallel Aware": true,
                    "Relation Name": "movie_keyword",
                    "Alias": "mk",
                    "Startup Cost": 0.0,
                    "Total Cost": 51065.35,
                    "Plan Rows": 2661135,
                    "Plan Width": 4,
                    "Actual Startup Time": 0.031,
                    "Actual Total Time": 183.955,
                    "Actual Rows": 2261965,
                    "Actual Loops": 2
                  },
                  {
                    "Node Type": "Hash",
                    "Parent Relationship": "Inner",
                    "Parallel Aware": true,
                    "Startup Cost": 585515.36,
                    "Total Cost": 585515.36,
                    "Plan Rows": 104861,
                    "Plan Width": 8,
                    "Actual Startup Time": 1843.817,
                    "Actual Total Time": 1843.823,
                    "Actual Rows": 59384,
                    "Actual Loops": 2,
                    "Hash Buckets": 262144,
                    "Original Hash Buckets": 262144,
                    "Hash Batches": 1,
                    "Original Hash Batches": 1,
                    "Peak Memory Usage": 6752,
                    "Plans": [
                      {
                        "Node Type": "Hash Join",
                        "Parent Relationship": "Outer",
                        "Parallel Aware": true,
                        "Join Type": "Inner",
                        "Startup Cost": 242304.06,
                        "Total Cost": 585515.36,
                        "Plan Rows": 104861,
                        "Plan Width": 8,
                        "Actual Startup Time": 521.855,
                        "Actual Total Time": 1821.754,
                        "Actual Rows": 59384,
                        "Actual Loops": 2,
                        "Inner Unique": true,
                        "Hash Cond": "(ci.movie_id = t.id)",
                        "Plans": [
                          {
                            "Node Type": "Bitmap Heap Scan",
                            "Parent Relationship": "Outer",
                            "Parallel Aware": true,
                            "Relation Name": "cast_info",
                            "Alias": "ci",
                            "Startup Cost": 202478.99,
                            "Total Cost": 536372.94,
                            "Plan Rows": 3549465,
                            "Plan Width": 4,
                            "Actual Startup Time": 449.897,
                            "Actual Total Time": 1233.939,
                            "Actual Rows": 4562576,
                            "Actual Loops": 2,
                            "Recheck Cond": "(person_id > 2786115)",
                            "Rows Removed by Index Recheck": 0,
                            "Filter": "(role_id > 1)",
                            "Rows Removed by Filter": 0,
                            "Exact Heap Blocks": 67612,
                            "Lossy Heap Blocks": 0,
                            "Plans": [
                              {
                                "Node Type": "Bitmap Index Scan",
                                "Parent Relationship": "Outer",
                                "Parallel Aware": false,
                                "Index Name": "person_id_cast_info",
                                "Startup Cost": 0.0,
                                "Total Cost": 200970.47,
                                "Plan Rows": 9203454,
                                "Plan Width": 0,
                                "Actual Startup Time": 432.227,
                                "Actual Total Time": 432.228,
                                "Actual Rows": 9125153,
                                "Actual Loops": 1,
                                "Index Cond": "(person_id > 2786115)"
                              }
                            ]
                          },
                          {
                            "Node Type": "Hash",
                            "Parent Relationship": "Inner",
                            "Parallel Aware": true,
                            "Startup Cost": 39275.85,
                            "Total Cost": 39275.85,
                            "Plan Rows": 43937,
                            "Plan Width": 4,
                            "Actual Startup Time": 70.136,
                            "Actual Total Time": 70.138,
                            "Actual Rows": 35736,
                            "Actual Loops": 2,
                            "Hash Buckets": 131072,
                            "Original Hash Buckets": 131072,
                            "Hash Batches": 1,
                            "Original Hash Batches": 1,
                            "Peak Memory Usage": 3840,
                            "Plans": [
                              {
                                "Node Type": "Bitmap Heap Scan",
                                "Parent Relationship": "Outer",
                                "Parallel Aware": true,
                                "Relation Name": "title",
                                "Alias": "t",
                                "Startup Cost": 2199.61,
                                "Total Cost": 39275.85,
                                "Plan Rows": 43937,
                                "Plan Width": 4,
                                "Actual Startup Time": 20.502,
                                "Actual Total Time": 60.191,
                                "Actual Rows": 35736,
                                "Actual Loops": 2,
                                "Recheck Cond": "(kind_id = 4)",
                                "Rows Removed by Index Recheck": 0,
                                "Filter": "(production_year < 2007)",
                                "Rows Removed by Filter": 23381,
                                "Exact Heap Blocks": 10448,
                                "Lossy Heap Blocks": 0,
                                "Plans": [
                                  {
                                    "Node Type": "Bitmap Index Scan",
                                    "Parent Relationship": "Outer",
                                    "Parallel Aware": false,
                                    "Index Name": "kind_id_title",
                                    "Startup Cost": 0.0,
                                    "Total Cost": 2180.94,
                                    "Plan Rows": 122201,
                                    "Plan Width": 0,
                                    "Actual Startup Time": 18.465,
                                    "Actual Total Time": 18.465,
                                    "Actual Rows": 118234,
                                    "Actual Loops": 1,
                                    "Index Cond": "(kind_id = 4)"
                                  }
                                ]
                              }
                            ]
                          }
                        ]
                      }
                    ]
                  }
                ]
              }
            ]
          }
        ]
      }
    ]
  },
  "Planning Time": 1.065,
  "Triggers": [],
  "Execution Time": 2339.189
}