{
  "Plan": {
    "Node Type": "Aggregate",
    "Strategy": "Plain",
    "Partial Mode": "Finalize",
    "Parallel Aware": false,
    "Startup Cost": 562505.98,
    "Total Cost": 562505.99,
    "Plan Rows": 1,
    "Plan Width": 8,
    "Actual Startup Time": 2978.638,
    "Actual Total Time": 3001.664,
    "Actual Rows": 1,
    "Actual Loops": 1,
    "Plans": [
      {
        "Node Type": "Gather",
        "Parent Relationship": "Outer",
        "Parallel Aware": false,
        "Startup Cost": 562505.87,
        "Total Cost": 562505.98,
        "Plan Rows": 1,
        "Plan Width": 8,
        "Actual Startup Time": 2975.23,
        "Actual Total Time": 3001.657,
        "Actual Rows": 2,
        "Actual Loops": 1,
        "Workers Planned": 1,
        "Workers Launched": 1,
        "Single Copy": false,
        "Plans": [
          {
            "Node Type": "Aggregate",
            "Strategy": "Plain",
            "Partial Mode": "Partial",
            "Parent Relationship": "Outer",
            "Parallel Aware": false,
            "Startup Cost": 561505.87,
            "Total Cost": 561505.88,
            "Plan Rows": 1,
            "Plan Width": 8,
            "Actual Startup Time": 2966.543,
            "Actual Total Time": 2966.55,
            "Actual Rows": 1,
            "Actual Loops": 2,
            "Plans": [
              {
                "Node Type": "Hash Join",
                "Parent Relationship": "Outer",
                "Parallel Aware": true,
                "Join Type": "Inner",
                "Startup Cost": 232355.2,
                "Total Cost": 550659.96,
                "Plan Rows": 4338363,
                "Plan Width": 0,
                "Actual Startup Time": 805.561,
                "Actual Total Time": 2807.703,
                "Actual Rows": 3790323,
                "Actual Loops": 2,
                "Inner Unique": true,
                "Hash Cond": "(ci.movie_id = t.id)",
                "Plans": [
                  {
                    "Node Type": "Bitmap Heap Scan",
                    "Parent Relationship": "Outer",
                    "Parallel Aware": true,
                    "Relation Name": "cast_info",
                    "Alias": "ci",
                    "Startup Cost": 162894.5,
                    "Total Cost": 469811.03,
                    "Plan Rows": 4338363,
                    "Plan Width": 4,
                    "Actual Startup Time": 300.7,
                    "Actual Total Time": 671.982,
                    "Actual Rows": 3790323,
                    "Actual Loops": 2,
                    "Recheck Cond": "(person_id < 734575)",
                    "Rows Removed by Index Recheck": 0,
                    "Exact Heap Blocks": 41152,
                    "Lossy Heap Blocks": 0,
                    "Plans": [
                      {
                        "Node Type": "Bitmap Index Scan",
                        "Parent Relationship": "Outer",
                        "Parallel Aware": false,
                        "Index Name": "person_id_cast_info",
                        "Startup Cost": 0.0,
                        "Total Cost": 161050.69,
                        "Plan Rows": 7375217,
                        "Plan Width": 0,
                        "Actual Startup Time": 287.133,
                        "Actual Total Time": 287.133,
                        "Actual Rows": 7580646,
                        "Actual Loops": 1,
                        "Index Cond": "(person_id < 734575)"
                      }
                    ]
                  },
                  {
                    "Node Type": "Hash",
                    "Parent Relationship": "Inner",
                    "Parallel Aware": true,
                    "Startup Cost": 50870.31,
                    "Total Cost": 50870.31,
                    "Plan Rows": 1487231,
                    "Plan Width": 4,
                    "Actual Startup Time": 487.965,
                    "Actual Total Time": 487.966,
                    "Actual Rows": 1264156,
                    "Actual Loops": 2,
                    "Hash Buckets": 4194304,
                    "Original Hash Buckets": 4194304,
                    "Hash Batches": 1,
                    "Original Hash Batches": 1,
                    "Peak Memory Usage": 131712,
                    "Plans": [
                      {
                        "Node Type": "Seq Scan",
                        "Parent Relationship": "Outer",
                        "Parallel Aware": true,
                        "Relation Name": "title",
                        "Alias": "t",
                        "Startup Cost": 0.0,
                        "Total Cost": 50870.31,
                        "Plan Rows": 1487231,
                        "Plan Width": 4,
                        "Actual Startup Time": 0.024,
                        "Actual Total Time": 144.404,
                        "Actual Rows": 1264156,
                        "Actual Loops": 2
                      }
                    ]
                  }
                ]
              }
            ]
          }
        ]
      }
    ]
  },
  "Planning Time": 0.397,
  "Triggers": [],
  "Execution Time": 3001.724
}