[
  {
    "Plan": {
      "Node Type": "Aggregate",
      "Strategy": "Plain",
      "Partial Mode": "Finalize",
      "Parallel Aware": false,
      "Startup Cost": 351285.1,
      "Total Cost": 351285.11,
      "Plan Rows": 1,
      "Plan Width": 8,
      "Actual Startup Time": 812.329,
      "Actual Total Time": 865.863,
      "Actual Rows": 1,
      "Actual Loops": 1,
      "Plans": [
        {
          "Node Type": "Gather",
          "Parent Relationship": "Outer",
          "Parallel Aware": false,
          "Startup Cost": 351284.48,
          "Total Cost": 351285.09,
          "Plan Rows": 6,
          "Plan Width": 8,
          "Actual Startup Time": 812.112,
          "Actual Total Time": 865.853,
          "Actual Rows": 7,
          "Actual Loops": 1,
          "Workers Planned": 6,
          "Workers Launched": 6,
          "Single Copy": false,
          "Plans": [
            {
              "Node Type": "Aggregate",
              "Strategy": "Plain",
              "Partial Mode": "Partial",
              "Parent Relationship": "Outer",
              "Parallel Aware": false,
              "Startup Cost": 350284.48,
              "Total Cost": 350284.49,
              "Plan Rows": 1,
              "Plan Width": 8,
              "Actual Startup Time": 805.894,
              "Actual Total Time": 805.895,
              "Actual Rows": 1,
              "Actual Loops": 7,
              "Plans": [
                {
                  "Node Type": "Seq Scan",
                  "Parent Relationship": "Outer",
                  "Parallel Aware": true,
                  "Relation Name": "cast_info",
                  "Alias": "ci",
                  "Startup Cost": 0.0,
                  "Total Cost": 343316.27,
                  "Plan Rows": 2787282,
                  "Plan Width": 0,
                  "Actual Startup Time": 213.285,
                  "Actual Total Time": 672.539,
                  "Actual Rows": 2947493,
                  "Actual Loops": 7,
                  "Filter": "((person_id > 1031732) AND (role_id > 1))",
                  "Rows Removed by Filter": 2230271
                }
              ]
            }
          ]
        }
      ]
    },
    "Planning Time": 0.084,
    "Triggers": [],
    "Execution Time": 865.905
  }
]