{
  "Plan": {
    "Node Type": "Aggregate",
    "Strategy": "Plain",
    "Partial Mode": "Finalize",
    "Parallel Aware": false,
    "Startup Cost": 171512.28,
    "Total Cost": 171512.29,
    "Plan Rows": 1,
    "Plan Width": 8,
    "Actual Startup Time": 845.453,
    "Actual Total Time": 862.089,
    "Actual Rows": 1,
    "Actual Loops": 1,
    "Plans": [
      {
        "Node Type": "Gather",
        "Parent Relationship": "Outer",
        "Parallel Aware": false,
        "Startup Cost": 171512.16,
        "Total Cost": 171512.27,
        "Plan Rows": 1,
        "Plan Width": 8,
        "Actual Startup Time": 843.681,
        "Actual Total Time": 862.081,
        "Actual Rows": 2,
        "Actual Loops": 1,
        "Workers Planned": 1,
        "Workers Launched": 1,
        "Single Copy": false,
        "Plans": [
          {
            "Node Type": "Aggregate",
            "Strategy": "Plain",
            "Partial Mode": "Partial",
            "Parent Relationship": "Outer",
            "Parallel Aware": false,
            "Startup Cost": 170512.16,
            "Total Cost": 170512.17,
            "Plan Rows": 1,
            "Plan Width": 8,
            "Actual Startup Time": 840.604,
            "Actual Total Time": 840.927,
            "Actual Rows": 1,
            "Actual Loops": 2,
            "Plans": [
              {
                "Node Type": "Hash Join",
                "Parent Relationship": "Outer",
                "Parallel Aware": true,
                "Join Type": "Inner",
                "Startup Cost": 108146.45,
                "Total Cost": 170118.15,
                "Plan Rows": 157605,
                "Plan Width": 0,
                "Actual Startup Time": 498.305,
                "Actual Total Time": 831.11,
                "Actual Rows": 239374,
                "Actual Loops": 2,
                "Inner Unique": false,
                "Hash Cond": "(mk.movie_id = t.id)",
                "Plans": [
                  {
                    "Node Type": "Seq Scan",
                    "Parent Relationship": "Outer",
                    "Parallel Aware": true,
                    "Relation Name": "movie_keyword",
                    "Alias": "mk",
                    "Startup Cost": 0.0,
                    "Total Cost": 51065.35,
                    "Plan Rows": 2661135,
                    "Plan Width": 4,
                    "Actual Startup Time": 0.015,
                    "Actual Total Time": 147.274,
                    "Actual Rows": 2261965,
                    "Actual Loops": 2
                  },
                  {
                    "Node Type": "Hash",
                    "Parent Relationship": "Inner",
                    "Parallel Aware": true,
                    "Startup Cost": 107045.44,
                    "Total Cost": 107045.44,
                    "Plan Rows": 88081,
                    "Plan Width": 8,
                    "Actual Startup Time": 495.223,
                    "Actual Total Time": 495.545,
                    "Actual Rows": 82705,
                    "Actual Loops": 2,
                    "Hash Buckets": 262144,
                    "Original Hash Buckets": 262144,
                    "Hash Batches": 1,
                    "Original Hash Batches": 1,
                    "Peak Memory Usage": 8544,
                    "Plans": [
                      {
                        "Node Type": "Hash Join",
                        "Parent Relationship": "Outer",
                        "Parallel Aware": true,
                        "Join Type": "Inner",
                        "Startup Cost": 44828.83,
                        "Total Cost": 107045.44,
                        "Plan Rows": 88081,
                        "Plan Width": 8,
                        "Actual Startup Time": 209.755,
                        "Actual Total Time": 472.999,
                        "Actual Rows": 82705,
                        "Actual Loops": 2,
                        "Inner Unique": false,
                        "Hash Cond": "(t.id = mc.movie_id)",
                        "Plans": [
                          {
                            "Node Type": "Seq Scan",
                            "Parent Relationship": "Outer",
                            "Parallel Aware": true,
                            "Relation Name": "title",
                            "Alias": "t",
                            "Startup Cost": 0.0,
                            "Total Cost": 58306.47,
                            "Plan Rows": 542724,
                            "Plan Width": 4,
                            "Actual Startup Time": 0.011,
                            "Actual Total Time": 139.279,
                            "Actual Rows": 426089,
                            "Actual Loops": 2,
                            "Filter": "((kind_id > 1) AND (production_year < 2004))",
                            "Rows Removed by Filter": 838067
                          },
                          {
                            "Node Type": "Hash",
                            "Parent Relationship": "Inner",
                            "Parallel Aware": true,
                            "Startup Cost": 41811.73,
                            "Total Cost": 41811.73,
                            "Plan Rows": 241368,
                            "Plan Width": 4,
                            "Actual Startup Time": 206.05,
                            "Actual Total Time": 206.051,
                            "Actual Rows": 371215,
                            "Actual Loops": 2,
                            "Hash Buckets": 1048576,
                            "Original Hash Buckets": 524288,
                            "Hash Batches": 1,
                            "Original Hash Batches": 1,
                            "Peak Memory Usage": 41344,
                            "Plans": [
                              {
                                "Node Type": "Seq Scan",
                                "Parent Relationship": "Outer",
                                "Parallel Aware": true,
                                "Relation Name": "movie_companies",
                                "Alias": "mc",
                                "Startup Cost": 0.0,
                                "Total Cost": 41811.73,
                                "Plan Rows": 241368,
                                "Plan Width": 4,
                                "Actual Startup Time": 59.746,
                                "Actual Total Time": 125.568,
                                "Actual Rows": 371215,
                                "Actual Loops": 2,
                                "Filter": "((company_id > 28139) AND (company_type_id > 1))",
                                "Rows Removed by Filter": 933350
                              }
                            ]
                          }
                        ]
                      }
                    ]
                  }
                ]
              }
            ]
          }
        ]
      }
    ]
  },
  "Planning Time": 0.888,
  "Triggers": [],
  "Execution Time": 862.158
}