{
  "Plan": {
    "Node Type": "Aggregate",
    "Strategy": "Plain",
    "Partial Mode": "Finalize",
    "Parallel Aware": false,
    "Startup Cost": 216424.5,
    "Total Cost": 216424.51,
    "Plan Rows": 1,
    "Plan Width": 8,
    "Actual Startup Time": 648.739,
    "Actual Total Time": 690.483,
    "Actual Rows": 1,
    "Actual Loops": 1,
    "Plans": [
      {
        "Node Type": "Gather",
        "Parent Relationship": "Outer",
        "Parallel Aware": false,
        "Startup Cost": 216424.39,
        "Total Cost": 216424.5,
        "Plan Rows": 1,
        "Plan Width": 8,
        "Actual Startup Time": 648.23,
        "Actual Total Time": 690.474,
        "Actual Rows": 2,
        "Actual Loops": 1,
        "Workers Planned": 1,
        "Workers Launched": 1,
        "Single Copy": false,
        "Plans": [
          {
            "Node Type": "Aggregate",
            "Strategy": "Plain",
            "Partial Mode": "Partial",
            "Parent Relationship": "Outer",
            "Parallel Aware": false,
            "Startup Cost": 215424.39,
            "Total Cost": 215424.4,
            "Plan Rows": 1,
            "Plan Width": 8,
            "Actual Startup Time": 642.181,
            "Actual Total Time": 642.185,
            "Actual Rows": 1,
            "Actual Loops": 2,
            "Plans": [
              {
                "Node Type": "Nested Loop",
                "Parent Relationship": "Outer",
                "Parallel Aware": false,
                "Join Type": "Inner",
                "Startup Cost": 55378.1,
                "Total Cost": 214758.18,
                "Plan Rows": 266485,
                "Plan Width": 0,
                "Actual Startup Time": 196.15,
                "Actual Total Time": 625.669,
                "Actual Rows": 364763,
                "Actual Loops": 2,
                "Inner Unique": false,
                "Join Filter": "(t.id = mi.movie_id)",
                "Rows Removed by Join Filter": 0,
                "Plans": [
                  {
                    "Node Type": "Hash Join",
                    "Parent Relationship": "Outer",
                    "Parallel Aware": true,
                    "Join Type": "Inner",
                    "Startup Cost": 55377.66,
                    "Total Cost": 115913.64,
                    "Plan Rows": 45574,
                    "Plan Width": 8,
                    "Actual Startup Time": 196.075,
                    "Actual Total Time": 402.11,
                    "Actual Rows": 21356,
                    "Actual Loops": 2,
                    "Inner Unique": true,
                    "Hash Cond": "(mk.movie_id = t.id)",
                    "Plans": [
                      {
                        "Node Type": "Seq Scan",
                        "Parent Relationship": "Outer",
                        "Parallel Aware": true,
                        "Relation Name": "movie_keyword",
                        "Alias": "mk",
                        "Startup Cost": 0.0,
                        "Total Cost": 57718.19,
                        "Plan Rows": 1073441,
                        "Plan Width": 4,
                        "Actual Startup Time": 0.014,
                        "Actual Total Time": 172.739,
                        "Actual Rows": 917291,
                        "Actual Loops": 2,
                        "Filter": "(keyword_id < 3028)",
                        "Rows Removed by Filter": 1344674
                      },
                      {
                        "Node Type": "Hash",
                        "Parent Relationship": "Inner",
                        "Parallel Aware": true,
                        "Startup Cost": 54588.39,
                        "Total Cost": 54588.39,
                        "Plan Rows": 63142,
                        "Plan Width": 4,
                        "Actual Startup Time": 146.303,
                        "Actual Total Time": 146.304,
                        "Actual Rows": 54871,
                        "Actual Loops": 2,
                        "Hash Buckets": 131072,
                        "Original Hash Buckets": 131072,
                        "Hash Batches": 1,
                        "Original Hash Batches": 1,
                        "Peak Memory Usage": 5344,
                        "Plans": [
                          {
                            "Node Type": "Seq Scan",
                            "Parent Relationship": "Outer",
                            "Parallel Aware": true,
                            "Relation Name": "title",
                            "Alias": "t",
                            "Startup Cost": 0.0,
                            "Total Cost": 54588.39,
                            "Plan Rows": 63142,
                            "Plan Width": 4,
                            "Actual Startup Time": 54.965,
                            "Actual Total Time": 134.469,
                            "Actual Rows": 54871,
                            "Actual Loops": 2,
                            "Filter": "(production_year < 1928)",
                            "Rows Removed by Filter": 1209285
                          }
                        ]
                      }
                    ]
                  },
                  {
                    "Node Type": "Index Only Scan",
                    "Parent Relationship": "Inner",
                    "Parallel Aware": false,
                    "Scan Direction": "Forward",
                    "Index Name": "movie_id_movie_info",
                    "Relation Name": "movie_info",
                    "Alias": "mi",
                    "Startup Cost": 0.43,
                    "Total Cost": 1.64,
                    "Plan Rows": 42,
                    "Plan Width": 4,
                    "Actual Startup Time": 0.003,
                    "Actual Total Time": 0.009,
                    "Actual Rows": 17,
                    "Actual Loops": 42711,
                    "Index Cond": "(movie_id = mk.movie_id)",
                    "Rows Removed by Index Recheck": 0,
                    "Heap Fetches": 729526
                  }
                ]
              }
            ]
          }
        ]
      }
    ]
  },
  "Planning Time": 0.936,
  "Triggers": [],
  "Execution Time": 690.57
}