{
  "Plan": {
    "Node Type": "Aggregate",
    "Strategy": "Plain",
    "Partial Mode": "Finalize",
    "Parallel Aware": false,
    "Startup Cost": 133274.28,
    "Total Cost": 133274.29,
    "Plan Rows": 1,
    "Plan Width": 8,
    "Actual Startup Time": 774.021,
    "Actual Total Time": 791.003,
    "Actual Rows": 1,
    "Actual Loops": 1,
    "Plans": [
      {
        "Node Type": "Gather",
        "Parent Relationship": "Outer",
        "Parallel Aware": false,
        "Startup Cost": 133274.17,
        "Total Cost": 133274.28,
        "Plan Rows": 1,
        "Plan Width": 8,
        "Actual Startup Time": 770.897,
        "Actual Total Time": 790.996,
        "Actual Rows": 2,
        "Actual Loops": 1,
        "Workers Planned": 1,
        "Workers Launched": 1,
        "Single Copy": false,
        "Plans": [
          {
            "Node Type": "Aggregate",
            "Strategy": "Plain",
            "Partial Mode": "Partial",
            "Parent Relationship": "Outer",
            "Parallel Aware": false,
            "Startup Cost": 132274.17,
            "Total Cost": 132274.18,
            "Plan Rows": 1,
            "Plan Width": 8,
            "Actual Startup Time": 763.163,
            "Actual Total Time": 763.166,
            "Actual Rows": 1,
            "Actual Loops": 2,
            "Plans": [
              {
                "Node Type": "Hash Join",
                "Parent Relationship": "Outer",
                "Parallel Aware": true,
                "Join Type": "Inner",
                "Startup Cost": 65984.91,
                "Total Cost": 129114.68,
                "Plan Rows": 1263796,
                "Plan Width": 0,
                "Actual Startup Time": 384.326,
                "Actual Total Time": 751.622,
                "Actual Rows": 294872,
                "Actual Loops": 2,
                "Inner Unique": true,
                "Hash Cond": "(mk.movie_id = t.id)",
                "Plans": [
                  {
                    "Node Type": "Seq Scan",
                    "Parent Relationship": "Outer",
                    "Parallel Aware": true,
                    "Relation Name": "movie_keyword",
                    "Alias": "mk",
                    "Startup Cost": 0.0,
                    "Total Cost": 57718.19,
                    "Plan Rows": 2061546,
                    "Plan Width": 4,
                    "Actual Startup Time": 0.073,
                    "Actual Total Time": 192.918,
                    "Actual Rows": 1747787,
                    "Actual Loops": 2,
                    "Filter": "(keyword_id > 1002)",
                    "Rows Removed by Filter": 514178
                  },
                  {
                    "Node Type": "Hash",
                    "Parent Relationship": "Inner",
                    "Parallel Aware": true,
                    "Startup Cost": 54588.39,
                    "Total Cost": 54588.39,
                    "Plan Rows": 911722,
                    "Plan Width": 4,
                    "Actual Startup Time": 369.864,
                    "Actual Total Time": 369.864,
                    "Actual Rows": 777932,
                    "Actual Loops": 2,
                    "Hash Buckets": 2097152,
                    "Original Hash Buckets": 2097152,
                    "Hash Batches": 1,
                    "Original Hash Batches": 1,
                    "Peak Memory Usage": 77280,
                    "Plans": [
                      {
                        "Node Type": "Seq Scan",
                        "Parent Relationship": "Outer",
                        "Parallel Aware": true,
                        "Relation Name": "title",
                        "Alias": "t",
                        "Startup Cost": 0.0,
                        "Total Cost": 54588.39,
                        "Plan Rows": 911722,
                        "Plan Width": 4,
                        "Actual Startup Time": 0.025,
                        "Actual Total Time": 161.324,
                        "Actual Rows": 777932,
                        "Actual Loops": 2,
                        "Filter": "(kind_id > 4)",
                        "Rows Removed by Filter": 486224
                      }
                    ]
                  }
                ]
              }
            ]
          }
        ]
      }
    ]
  },
  "Planning Time": 0.707,
  "Triggers": [],
  "Execution Time": 791.074
}