[
  {
    "Plan": {
      "Node Type": "Aggregate",
      "Strategy": "Plain",
      "Partial Mode": "Finalize",
      "Parallel Aware": false,
      "Startup Cost": 33141.4,
      "Total Cost": 33141.41,
      "Plan Rows": 1,
      "Plan Width": 8,
      "Actual Startup Time": 100.213,
      "Actual Total Time": 107.936,
      "Actual Rows": 1,
      "Actual Loops": 1,
      "Plans": [
        {
          "Node Type": "Gather",
          "Parent Relationship": "Outer",
          "Parallel Aware": false,
          "Startup Cost": 33141.08,
          "Total Cost": 33141.39,
          "Plan Rows": 3,
          "Plan Width": 8,
          "Actual Startup Time": 100.057,
          "Actual Total Time": 107.927,
          "Actual Rows": 4,
          "Actual Loops": 1,
          "Workers Planned": 3,
          "Workers Launched": 3,
          "Single Copy": false,
          "Plans": [
            {
              "Node Type": "Aggregate",
              "Strategy": "Plain",
              "Partial Mode": "Partial",
              "Parent Relationship": "Outer",
              "Parallel Aware": false,
              "Startup Cost": 32141.08,
              "Total Cost": 32141.09,
              "Plan Rows": 1,
              "Plan Width": 8,
              "Actual Startup Time": 94.764,
              "Actual Total Time": 94.765,
              "Actual Rows": 1,
              "Actual Loops": 4,
              "Plans": [
                {
                  "Node Type": "Seq Scan",
                  "Parent Relationship": "Outer",
                  "Parallel Aware": true,
                  "Relation Name": "movie_companies",
                  "Alias": "mc",
                  "Startup Cost": 0.0,
                  "Total Cost": 31414.82,
                  "Plan Rows": 290506,
                  "Plan Width": 0,
                  "Actual Startup Time": 38.835,
                  "Actual Total Time": 81.074,
                  "Actual Rows": 271603,
                  "Actual Loops": 4,
                  "Filter": "((company_id > 2293) AND (company_type_id = 2))",
                  "Rows Removed by Filter": 380679
                }
              ]
            }
          ]
        }
      ]
    },
    "Planning Time": 0.102,
    "Triggers": [],
    "Execution Time": 107.966
  }
]