[
  {
    "Plan": {
      "Node Type": "Aggregate",
      "Strategy": "Plain",
      "Partial Mode": "Finalize",
      "Parallel Aware": false,
      "Startup Cost": 445358.83,
      "Total Cost": 445358.84,
      "Plan Rows": 1,
      "Plan Width": 8,
      "Actual Startup Time": 3250.735,
      "Actual Total Time": 3356.273,
      "Actual Rows": 1,
      "Actual Loops": 1,
      "Plans": [
        {
          "Node Type": "Gather",
          "Parent Relationship": "Outer",
          "Parallel Aware": false,
          "Startup Cost": 445358.3,
          "Total Cost": 445358.81,
          "Plan Rows": 5,
          "Plan Width": 8,
          "Actual Startup Time": 3249.337,
          "Actual Total Time": 3356.261,
          "Actual Rows": 6,
          "Actual Loops": 1,
          "Workers Planned": 5,
          "Workers Launched": 5,
          "Single Copy": false,
          "Plans": [
            {
              "Node Type": "Aggregate",
              "Strategy": "Plain",
              "Partial Mode": "Partial",
              "Parent Relationship": "Outer",
              "Parallel Aware": false,
              "Startup Cost": 444358.3,
              "Total Cost": 444358.31,
              "Plan Rows": 1,
              "Plan Width": 8,
              "Actual Startup Time": 3238.334,
              "Actual Total Time": 3238.337,
              "Actual Rows": 1,
              "Actual Loops": 6,
              "Plans": [
                {
                  "Node Type": "Nested Loop",
                  "Parent Relationship": "Outer",
                  "Parallel Aware": false,
                  "Join Type": "Inner",
                  "Startup Cost": 44363.86,
                  "Total Cost": 440623.07,
                  "Plan Rows": 1494093,
                  "Plan Width": 0,
                  "Actual Startup Time": 96.176,
                  "Actual Total Time": 3134.042,
                  "Actual Rows": 2304781,
                  "Actual Loops": 6,
                  "Inner Unique": false,
                  "Join Filter": "(t.id = ci.movie_id)",
                  "Rows Removed by Join Filter": 0,
                  "Plans": [
                    {
                      "Node Type": "Hash Join",
                      "Parent Relationship": "Outer",
                      "Parallel Aware": true,
                      "Join Type": "Inner",
                      "Startup Cost": 44363.29,
                      "Total Cost": 247972.32,
                      "Plan Rows": 104270,
                      "Plan Width": 8,
                      "Actual Startup Time": 95.126,
                      "Actual Total Time": 694.541,
                      "Actual Rows": 232505,
                      "Actual Loops": 6,
                      "Inner Unique": true,
                      "Hash Cond": "(mi.movie_id = t.id)",
                      "Plans": [
                        {
                          "Node Type": "Seq Scan",
                          "Parent Relationship": "Outer",
                          "Parallel Aware": true,
                          "Relation Name": "movie_info",
                          "Alias": "mi",
                          "Startup Cost": 0.0,
                          "Total Cost": 198952.16,
                          "Plan Rows": 1774040,
                          "Plan Width": 4,
                          "Actual Startup Time": 0.055,
                          "Actual Total Time": 333.676,
                          "Actual Rows": 1494449,
                          "Actual Loops": 6,
                          "Filter": "(info_type_id < 15)",
                          "Rows Removed by Filter": 978171
                        },
                        {
                          "Node Type": "Hash",
                          "Parent Relationship": "Inner",
                          "Parallel Aware": true,
                          "Startup Cost": 43898.92,
                          "Total Cost": 43898.92,
                          "Plan Rows": 37150,
                          "Plan Width": 4,
                          "Actual Startup Time": 87.071,
                          "Actual Total Time": 87.072,
                          "Actual Rows": 24947,
                          "Actual Loops": 6,
                          "Hash Buckets": 262144,
                          "Original Hash Buckets": 262144,
                          "Hash Batches": 1,
                          "Original Hash Batches": 1,
                          "Peak Memory Usage": 8032,
                          "Plans": [
                            {
                              "Node Type": "Seq Scan",
                              "Parent Relationship": "Outer",
                              "Parallel Aware": true,
                              "Relation Name": "title",
                              "Alias": "t",
                              "Startup Cost": 0.0,
                              "Total Cost": 43898.92,
                              "Plan Rows": 37150,
                              "Plan Width": 4,
                              "Actual Startup Time": 15.513,
                              "Actual Total Time": 77.198,
                              "Actual Rows": 24947,
                              "Actual Loops": 6,
                              "Filter": "(production_year < 1944)",
                              "Rows Removed by Filter": 396439
                            }
                          ]
                        }
                      ]
                    },
                    {
                      "Node Type": "Index Only Scan",
                      "Parent Relationship": "Inner",
                      "Parallel Aware": false,
                      "Scan Direction": "Forward",
                      "Index Name": "movie_id_cast_info",
                      "Relation Name": "cast_info",
                      "Alias": "ci",
                      "Startup Cost": 0.56,
                      "Total Cost": 1.39,
                      "Plan Rows": 37,
                      "Plan Width": 4,
                      "Actual Startup Time": 0.003,
                      "Actual Total Time": 0.009,
                      "Actual Rows": 10,
                      "Actual Loops": 1395030,
                      "Index Cond": "(movie_id = mi.movie_id)",
                      "Rows Removed by Index Recheck": 0,
                      "Heap Fetches": 13828685
                    }
                  ]
                }
              ]
            }
          ]
        }
      ]
    },
    "Planning Time": 1.352,
    "Triggers": [],
    "Execution Time": 3356.385
  }
]