[
  {
    "Plan": {
      "Node Type": "Aggregate",
      "Strategy": "Plain",
      "Partial Mode": "Simple",
      "Parallel Aware": false,
      "Startup Cost": 988.03,
      "Total Cost": 988.04,
      "Plan Rows": 1,
      "Plan Width": 8,
      "Actual Startup Time": 7.554,
      "Actual Total Time": 7.555,
      "Actual Rows": 1,
      "Actual Loops": 1,
      "Plans": [
        {
          "Node Type": "Index Scan",
          "Parent Relationship": "Outer",
          "Parallel Aware": false,
          "Scan Direction": "Forward",
          "Index Name": "person_id_cast_info",
          "Relation Name": "cast_info",
          "Alias": "ci",
          "Startup Cost": 0.56,
          "Total Cost": 987.07,
          "Plan Rows": 385,
          "Plan Width": 0,
          "Actual Startup Time": 7.483,
          "Actual Total Time": 7.535,
          "Actual Rows": 70,
          "Actual Loops": 1,
          "Index Cond": "(person_id = 1543722)",
          "Rows Removed by Index Recheck": 0,
          "Filter": "(role_id < 8)",
          "Rows Removed by Filter": 0
        }
      ]
    },
    "Planning Time": 0.222,
    "Triggers": [],
    "Execution Time": 7.606
  }
]