{
  "Plan": {
    "Node Type": "Aggregate",
    "Strategy": "Plain",
    "Partial Mode": "Finalize",
    "Parallel Aware": false,
    "Startup Cost": 94066.46,
    "Total Cost": 94066.47,
    "Plan Rows": 1,
    "Plan Width": 8,
    "Actual Startup Time": 167.96,
    "Actual Total Time": 180.354,
    "Actual Rows": 1,
    "Actual Loops": 1,
    "Plans": [
      {
        "Node Type": "Gather",
        "Parent Relationship": "Outer",
        "Parallel Aware": false,
        "Startup Cost": 94066.35,
        "Total Cost": 94066.46,
        "Plan Rows": 1,
        "Plan Width": 8,
        "Actual Startup Time": 167.833,
        "Actual Total Time": 180.346,
        "Actual Rows": 2,
        "Actual Loops": 1,
        "Workers Planned": 1,
        "Workers Launched": 1,
        "Single Copy": false,
        "Plans": [
          {
            "Node Type": "Aggregate",
            "Strategy": "Plain",
            "Partial Mode": "Partial",
            "Parent Relationship": "Outer",
            "Parallel Aware": false,
            "Startup Cost": 93066.35,
            "Total Cost": 93066.36,
            "Plan Rows": 1,
            "Plan Width": 8,
            "Actual Startup Time": 161.871,
            "Actual Total Time": 161.872,
            "Actual Rows": 1,
            "Actual Loops": 2,
            "Plans": [
              {
                "Node Type": "Nested Loop",
                "Parent Relationship": "Outer",
                "Parallel Aware": false,
                "Join Type": "Inner",
                "Startup Cost": 0.43,
                "Total Cost": 93046.17,
                "Plan Rows": 8072,
                "Plan Width": 0,
                "Actual Startup Time": 0.686,
                "Actual Total Time": 161.312,
                "Actual Rows": 10312,
                "Actual Loops": 2,
                "Inner Unique": false,
                "Plans": [
                  {
                    "Node Type": "Seq Scan",
                    "Parent Relationship": "Outer",
                    "Parallel Aware": true,
                    "Relation Name": "title",
                    "Alias": "t",
                    "Startup Cost": 0.0,
                    "Total Cost": 54588.39,
                    "Plan Rows": 4511,
                    "Plan Width": 4,
                    "Actual Startup Time": 0.528,
                    "Actual Total Time": 135.421,
                    "Actual Rows": 4746,
                    "Actual Loops": 2,
                    "Filter": "(production_year = 1957)",
                    "Rows Removed by Filter": 1259410
                  },
                  {
                    "Node Type": "Index Only Scan",
                    "Parent Relationship": "Inner",
                    "Parallel Aware": false,
                    "Scan Direction": "Forward",
                    "Index Name": "movie_id_movie_keyword",
                    "Relation Name": "movie_keyword",
                    "Alias": "mk",
                    "Startup Cost": 0.43,
                    "Total Cost": 8.08,
                    "Plan Rows": 45,
                    "Plan Width": 4,
                    "Actual Startup Time": 0.005,
                    "Actual Total Time": 0.005,
                    "Actual Rows": 2,
                    "Actual Loops": 9491,
                    "Index Cond": "(movie_id = t.id)",
                    "Rows Removed by Index Recheck": 0,
                    "Heap Fetches": 20625
                  }
                ]
              }
            ]
          }
        ]
      }
    ]
  },
  "Planning Time": 0.376,
  "Triggers": [],
  "Execution Time": 180.42
}