{
  "Plan": {
    "Node Type": "Aggregate",
    "Strategy": "Plain",
    "Partial Mode": "Finalize",
    "Parallel Aware": false,
    "Startup Cost": 530808.39,
    "Total Cost": 530808.4,
    "Plan Rows": 1,
    "Plan Width": 8,
    "Actual Startup Time": 1992.117,
    "Actual Total Time": 2020.099,
    "Actual Rows": 1,
    "Actual Loops": 1,
    "Plans": [
      {
        "Node Type": "Gather",
        "Parent Relationship": "Outer",
        "Parallel Aware": false,
        "Startup Cost": 530808.28,
        "Total Cost": 530808.39,
        "Plan Rows": 1,
        "Plan Width": 8,
        "Actual Startup Time": 1989.468,
        "Actual Total Time": 2020.09,
        "Actual Rows": 2,
        "Actual Loops": 1,
        "Workers Planned": 1,
        "Workers Launched": 1,
        "Single Copy": false,
        "Plans": [
          {
            "Node Type": "Aggregate",
            "Strategy": "Plain",
            "Partial Mode": "Partial",
            "Parent Relationship": "Outer",
            "Parallel Aware": false,
            "Startup Cost": 529808.28,
            "Total Cost": 529808.29,
            "Plan Rows": 1,
            "Plan Width": 8,
            "Actual Startup Time": 1986.454,
            "Actual Total Time": 1986.462,
            "Actual Rows": 1,
            "Actual Loops": 2,
            "Plans": [
              {
                "Node Type": "Hash Join",
                "Parent Relationship": "Outer",
                "Parallel Aware": true,
                "Join Type": "Inner",
                "Startup Cost": 212597.55,
                "Total Cost": 526437.18,
                "Plan Rows": 1348438,
                "Plan Width": 0,
                "Actual Startup Time": 541.457,
                "Actual Total Time": 1940.606,
                "Actual Rows": 872882,
                "Actual Loops": 2,
                "Inner Unique": true,
                "Hash Cond": "(ci.movie_id = t.id)",
                "Plans": [
                  {
                    "Node Type": "Bitmap Heap Scan",
                    "Parent Relationship": "Outer",
                    "Parallel Aware": true,
                    "Relation Name": "cast_info",
                    "Alias": "ci",
                    "Startup Cost": 151809.04,
                    "Total Cost": 455035.4,
                    "Plan Rows": 4043148,
                    "Plan Width": 4,
                    "Actual Startup Time": 250.064,
                    "Actual Total Time": 679.57,
                    "Actual Rows": 3359439,
                    "Actual Loops": 2,
                    "Recheck Cond": "(person_id > 2989021)",
                    "Rows Removed by Index Recheck": 0,
                    "Exact Heap Blocks": 52982,
                    "Lossy Heap Blocks": 0,
                    "Plans": [
                      {
                        "Node Type": "Bitmap Index Scan",
                        "Parent Relationship": "Outer",
                        "Parallel Aware": false,
                        "Index Name": "person_id_cast_info",
                        "Startup Cost": 0.0,
                        "Total Cost": 150090.71,
                        "Plan Rows": 6873352,
                        "Plan Width": 0,
                        "Actual Startup Time": 235.159,
                        "Actual Total Time": 235.16,
                        "Actual Rows": 6718878,
                        "Actual Loops": 1,
                        "Index Cond": "(person_id > 2989021)"
                      }
                    ]
                  },
                  {
                    "Node Type": "Hash",
                    "Parent Relationship": "Inner",
                    "Parallel Aware": true,
                    "Startup Cost": 54588.39,
                    "Total Cost": 54588.39,
                    "Plan Rows": 496009,
                    "Plan Width": 4,
                    "Actual Startup Time": 285.665,
                    "Actual Total Time": 285.665,
                    "Actual Rows": 424570,
                    "Actual Loops": 2,
                    "Hash Buckets": 1048576,
                    "Original Hash Buckets": 1048576,
                    "Hash Batches": 1,
                    "Original Hash Batches": 1,
                    "Peak Memory Usage": 41440,
                    "Plans": [
                      {
                        "Node Type": "Seq Scan",
                        "Parent Relationship": "Outer",
                        "Parallel Aware": true,
                        "Relation Name": "title",
                        "Alias": "t",
                        "Startup Cost": 0.0,
                        "Total Cost": 54588.39,
                        "Plan Rows": 496009,
                        "Plan Width": 4,
                        "Actual Startup Time": 0.018,
                        "Actual Total Time": 168.241,
                        "Actual Rows": 424570,
                        "Actual Loops": 2,
                        "Filter": "(production_year < 1996)",
                        "Rows Removed by Filter": 839586
                      }
                    ]
                  }
                ]
              }
            ]
          }
        ]
      }
    ]
  },
  "Planning Time": 0.369,
  "Triggers": [],
  "Execution Time": 2020.161
}