{
    "Plan": {
        "Node Type": "Aggregate",
        "Strategy": "Plain",
        "Partial Mode": "Simple",
        "Parallel Aware": false,
        "Startup Cost": 30001045899.56,
        "Total Cost": 30001045899.57,
        "Plan Rows": 1,
        "Plan Width": 64,
        "Actual Startup Time": 5143.075,
        "Actual Total Time": 5181.546,
        "Actual Rows": 1,
        "Actual Loops": 1,
        "Output": [
            "min(mi_idx.info)",
            "min(t.title)"
        ],
        "Plans": [
            {
                "Node Type": "Nested Loop",
                "Parent Relationship": "Outer",
                "Parallel Aware": false,
                "Join Type": "Inner",
                "Startup Cost": 30001045875.28,
                "Total Cost": 30001045899.56,
                "Plan Rows": 1,
                "Plan Width": 22,
                "Actual Startup Time": 5130.634,
                "Actual Total Time": 5181.527,
                "Actual Rows": 1,
                "Actual Loops": 1,
                "Output": [
                    "mi_idx.info",
                    "t.title"
                ],
                "Inner Unique": true,
                "Plans": [
                    {
                        "Node Type": "Nested Loop",
                        "Parent Relationship": "Outer",
                        "Parallel Aware": false,
                        "Join Type": "Inner",
                        "Startup Cost": 20001045874.86,
                        "Total Cost": 20001045892.44,
                        "Plan Rows": 1,
                        "Plan Width": 26,
                        "Actual Startup Time": 5127.992,
                        "Actual Total Time": 5173.842,
                        "Actual Rows": 379,
                        "Actual Loops": 1,
                        "Output": [
                            "mi_idx.info",
                            "mk.keyword_id",
                            "t.title"
                        ],
                        "Inner Unique": true,
                        "Plans": [
                            {
                                "Node Type": "Hash Join",
                                "Parent Relationship": "Outer",
                                "Parallel Aware": false,
                                "Join Type": "Inner",
                                "Startup Cost": 10001045874.71,
                                "Total Cost": 10001045880.09,
                                "Plan Rows": 2,
                                "Plan Width": 30,
                                "Actual Startup Time": 5127.864,
                                "Actual Total Time": 5167.623,
                                "Actual Rows": 380,
                                "Actual Loops": 1,
                                "Output": [
                                    "mi_idx.info",
                                    "mi_idx.info_type_id",
                                    "mk.keyword_id",
                                    "t.title"
                                ],
                                "Inner Unique": false,
                                "Hash Cond": "(mi.info_type_id = it1.id)",
                                "Plans": [
                                    {
                                        "Node Type": "Hash Join",
                                        "Parent Relationship": "Outer",
                                        "Parallel Aware": false,
                                        "Join Type": "Inner",
                                        "Startup Cost": 10001045872.28,
                                        "Total Cost": 10001045877.63,
                                        "Plan Rows": 7,
                                        "Plan Width": 34,
                                        "Actual Startup Time": 5127.715,
                                        "Actual Total Time": 5166.764,
                                        "Actual Rows": 1461,
                                        "Actual Loops": 1,
                                        "Output": [
                                            "t.title",
                                            "mi.info_type_id",
                                            "mi_idx.info",
                                            "mi_idx.info_type_id",
                                            "mk.keyword_id"
                                        ],
                                        "Inner Unique": false,
                                        "Hash Cond": "(kt.id = t.kind_id)",
                                        "Plans": [
                                            {
                                                "Node Type": "Seq Scan",
                                                "Parent Relationship": "Outer",
                                                "Parallel Aware": false,
                                                "Relation Name": "kind_type",
                                                "Schema": "public",
                                                "Alias": "kt",
                                                "Startup Cost": 0.0,
                                                "Total Cost": 1.09,
                                                "Plan Rows": 1,
                                                "Plan Width": 4,
                                                "Actual Startup Time": 0.016,
                                                "Actual Total Time": 0.02,
                                                "Actual Rows": 1,
                                                "Actual Loops": 1,
                                                "Output": [
                                                    "kt.id",
                                                    "kt.kind"
                                                ],
                                                "Filter": "((kt.kind)::text = 'episode'::text)",
                                                "Rows Removed by Filter": 6
                                            },
                                            {
                                                "Node Type": "Hash",
                                                "Parent Relationship": "Inner",
                                                "Parallel Aware": false,
                                                "Startup Cost": 10001045852.38,
                                                "Total Cost": 10001045852.38,
                                                "Plan Rows": 1592,
                                                "Plan Width": 38,
                                                "Actual Startup Time": 5127.674,
                                                "Actual Total Time": 5166.13,
                                                "Actual Rows": 5575,
                                                "Actual Loops": 1,
                                                "Output": [
                                                    "mi.info_type_id",
                                                    "mi_idx.info",
                                                    "mi_idx.info_type_id",
                                                    "mk.keyword_id",
                                                    "t.title",
                                                    "t.kind_id"
                                                ],
                                                "Hash Buckets": 8192,
                                                "Original Hash Buckets": 2048,
                                                "Hash Batches": 1,
                                                "Original Hash Batches": 1,
                                                "Peak Memory Usage": 514,
                                                "Plans": [
                                                    {
                                                        "Node Type": "Gather",
                                                        "Parent Relationship": "Outer",
                                                        "Parallel Aware": false,
                                                        "Startup Cost": 10000801530.59,
                                                        "Total Cost": 10001045852.38,
                                                        "Plan Rows": 1592,
                                                        "Plan Width": 38,
                                                        "Actual Startup Time": 2365.677,
                                                        "Actual Total Time": 5165.029,
                                                        "Actual Rows": 5575,
                                                        "Actual Loops": 1,
                                                        "Output": [
                                                            "mi.info_type_id",
                                                            "mi_idx.info",
                                                            "mi_idx.info_type_id",
                                                            "mk.keyword_id",
                                                            "t.title",
                                                            "t.kind_id"
                                                        ],
                                                        "Workers Planned": 4,
                                                        "Workers Launched": 4,
                                                        "Single Copy": false,
                                                        "Plans": [
                                                            {
                                                                "Node Type": "Hash Join",
                                                                "Parent Relationship": "Outer",
                                                                "Parallel Aware": true,
                                                                "Join Type": "Inner",
                                                                "Startup Cost": 10000800530.59,
                                                                "Total Cost": 10001044693.18,
                                                                "Plan Rows": 398,
                                                                "Plan Width": 38,
                                                                "Actual Startup Time": 2871.808,
                                                                "Actual Total Time": 5048.166,
                                                                "Actual Rows": 1115,
                                                                "Actual Loops": 5,
                                                                "Output": [
                                                                    "mi.info_type_id",
                                                                    "mi_idx.info",
                                                                    "mi_idx.info_type_id",
                                                                    "mk.keyword_id",
                                                                    "t.title",
                                                                    "t.kind_id"
                                                                ],
                                                                "Inner Unique": false,
                                                                "Hash Cond": "(t.id = mi.movie_id)",
                                                                "Workers": [
                                                                    {
                                                                        "Worker Number": 0,
                                                                        "Actual Startup Time": 2970.107,
                                                                        "Actual Total Time": 5031.734,
                                                                        "Actual Rows": 1923,
                                                                        "Actual Loops": 1
                                                                    },
                                                                    {
                                                                        "Worker Number": 1,
                                                                        "Actual Startup Time": 3017.235,
                                                                        "Actual Total Time": 5088.574,
                                                                        "Actual Rows": 164,
                                                                        "Actual Loops": 1
                                                                    },
                                                                    {
                                                                        "Worker Number": 2,
                                                                        "Actual Startup Time": 3008.548,
                                                                        "Actual Total Time": 5041.267,
                                                                        "Actual Rows": 147,
                                                                        "Actual Loops": 1
                                                                    },
                                                                    {
                                                                        "Worker Number": 3,
                                                                        "Actual Startup Time": 2998.604,
                                                                        "Actual Total Time": 5037.291,
                                                                        "Actual Rows": 709,
                                                                        "Actual Loops": 1
                                                                    }
                                                                ],
                                                                "Plans": [
                                                                    {
                                                                        "Node Type": "Merge Join",
                                                                        "Parent Relationship": "Outer",
                                                                        "Parallel Aware": false,
                                                                        "Join Type": "Inner",
                                                                        "Startup Cost": 10000569804.58,
                                                                        "Total Cost": 10000813750.25,
                                                                        "Plan Rows": 160,
                                                                        "Plan Width": 46,
                                                                        "Actual Startup Time": 1700.219,
                                                                        "Actual Total Time": 3883.132,
                                                                        "Actual Rows": 944,
                                                                        "Actual Loops": 5,
                                                                        "Output": [
                                                                            "mi_idx.info",
                                                                            "mi_idx.movie_id",
                                                                            "mi_idx.info_type_id",
                                                                            "mk.movie_id",
                                                                            "mk.keyword_id",
                                                                            "t.title",
                                                                            "t.kind_id",
                                                                            "t.id"
                                                                        ],
                                                                        "Inner Unique": false,
                                                                        "Merge Cond": "(t.id = mk.movie_id)",
                                                                        "Workers": [
                                                                            {
                                                                                "Worker Number": 0,
                                                                                "Actual Startup Time": 1809.528,
                                                                                "Actual Total Time": 3870.253,
                                                                                "Actual Rows": 1422,
                                                                                "Actual Loops": 1
                                                                            },
                                                                            {
                                                                                "Worker Number": 1,
                                                                                "Actual Startup Time": 1855.716,
                                                                                "Actual Total Time": 3924.588,
                                                                                "Actual Rows": 161,
                                                                                "Actual Loops": 1
                                                                            },
                                                                            {
                                                                                "Worker Number": 2,
                                                                                "Actual Startup Time": 1832.16,
                                                                                "Actual Total Time": 3879.388,
                                                                                "Actual Rows": 165,
                                                                                "Actual Loops": 1
                                                                            },
                                                                            {
                                                                                "Worker Number": 3,
                                                                                "Actual Startup Time": 1837.077,
                                                                                "Actual Total Time": 3875.281,
                                                                                "Actual Rows": 497,
                                                                                "Actual Loops": 1
                                                                            }
                                                                        ],
                                                                        "Plans": [
                                                                            {
                                                                                "Node Type": "Index Scan",
                                                                                "Parent Relationship": "Outer",
                                                                                "Parallel Aware": true,
                                                                                "Scan Direction": "Forward",
                                                                                "Index Name": "title_pkey",
                                                                                "Relation Name": "title",
                                                                                "Schema": "public",
                                                                                "Alias": "t",
                                                                                "Startup Cost": 10000000000.43,
                                                                                "Total Cost": 10000097700.49,
                                                                                "Plan Rows": 122,
                                                                                "Plan Width": 25,
                                                                                "Actual Startup Time": 3.906,
                                                                                "Actual Total Time": 378.265,
                                                                                "Actual Rows": 514,
                                                                                "Actual Loops": 5,
                                                                                "Output": [
                                                                                    "t.id",
                                                                                    "t.title",
                                                                                    "t.imdb_index",
                                                                                    "t.kind_id",
                                                                                    "t.production_year",
                                                                                    "t.imdb_id",
                                                                                    "t.phonetic_code",
                                                                                    "t.episode_of_id",
                                                                                    "t.season_nr",
                                                                                    "t.episode_nr",
                                                                                    "t.series_years",
                                                                                    "t.md5sum"
                                                                                ],
                                                                                "Filter": "((t.production_year > 1990) AND ((t.title ~~ '%murder%'::text) OR (t.title ~~ '%Murder%'::text) OR (t.title ~~ '%Mord%'::text)))",
                                                                                "Rows Removed by Filter": 504977,
                                                                                "Workers": [
                                                                                    {
                                                                                        "Worker Number": 0,
                                                                                        "Actual Startup Time": 3.331,
                                                                                        "Actual Total Time": 423.107,
                                                                                        "Actual Rows": 553,
                                                                                        "Actual Loops": 1
                                                                                    },
                                                                                    {
                                                                                        "Worker Number": 1,
                                                                                        "Actual Startup Time": 0.326,
                                                                                        "Actual Total Time": 103.569,
                                                                                        "Actual Rows": 38,
                                                                                        "Actual Loops": 1
                                                                                    },
                                                                                    {
                                                                                        "Worker Number": 2,
                                                                                        "Actual Startup Time": 2.906,
                                                                                        "Actual Total Time": 288.664,
                                                                                        "Actual Rows": 288,
                                                                                        "Actual Loops": 1
                                                                                    },
                                                                                    {
                                                                                        "Worker Number": 3,
                                                                                        "Actual Startup Time": 12.094,
                                                                                        "Actual Total Time": 305.44,
                                                                                        "Actual Rows": 244,
                                                                                        "Actual Loops": 1
                                                                                    }
                                                                                ]
                                                                            },
                                                                            {
                                                                                "Node Type": "Materialize",
                                                                                "Parent Relationship": "Inner",
                                                                                "Parallel Aware": false,
                                                                                "Startup Cost": 569804.15,
                                                                                "Total Cost": 707728.45,
                                                                                "Plan Rows": 3327756,
                                                                                "Plan Width": 21,
                                                                                "Actual Startup Time": 1505.354,
                                                                                "Actual Total Time": 3271.179,
                                                                                "Actual Rows": 2820436,
                                                                                "Actual Loops": 5,
                                                                                "Output": [
                                                                                    "mi_idx.info",
                                                                                    "mi_idx.movie_id",
                                                                                    "mi_idx.info_type_id",
                                                                                    "mk.movie_id",
                                                                                    "mk.keyword_id"
                                                                                ],
                                                                                "Workers": [
                                                                                    {
                                                                                        "Worker Number": 0,
                                                                                        "Actual Startup Time": 1518.033,
                                                                                        "Actual Total Time": 3226.814,
                                                                                        "Actual Rows": 2820436,
                                                                                        "Actual Loops": 1
                                                                                    },
                                                                                    {
                                                                                        "Worker Number": 1,
                                                                                        "Actual Startup Time": 1687.678,
                                                                                        "Actual Total Time": 3569.245,
                                                                                        "Actual Rows": 2820436,
                                                                                        "Actual Loops": 1
                                                                                    },
                                                                                    {
                                                                                        "Worker Number": 2,
                                                                                        "Actual Startup Time": 1582.45,
                                                                                        "Actual Total Time": 3355.212,
                                                                                        "Actual Rows": 2820436,
                                                                                        "Actual Loops": 1
                                                                                    },
                                                                                    {
                                                                                        "Worker Number": 3,
                                                                                        "Actual Startup Time": 1573.036,
                                                                                        "Actual Total Time": 3335.144,
                                                                                        "Actual Rows": 2820436,
                                                                                        "Actual Loops": 1
                                                                                    }
                                                                                ],
                                                                                "Plans": [
                                                                                    {
                                                                                        "Node Type": "Merge Join",
                                                                                        "Parent Relationship": "Outer",
                                                                                        "Parallel Aware": false,
                                                                                        "Join Type": "Inner",
                                                                                        "Startup Cost": 569804.15,
                                                                                        "Total Cost": 699409.06,
                                                                                        "Plan Rows": 3327756,
                                                                                        "Plan Width": 21,
                                                                                        "Actual Startup Time": 1505.342,
                                                                                        "Actual Total Time": 2712.783,
                                                                                        "Actual Rows": 2820436,
                                                                                        "Actual Loops": 5,
                                                                                        "Output": [
                                                                                            "mi_idx.info",
                                                                                            "mi_idx.movie_id",
                                                                                            "mi_idx.info_type_id",
                                                                                            "mk.movie_id",
                                                                                            "mk.keyword_id"
                                                                                        ],
                                                                                        "Inner Unique": false,
                                                                                        "Merge Cond": "(mk.movie_id = mi_idx.movie_id)",
                                                                                        "Workers": [
                                                                                            {
                                                                                                "Worker Number": 0,
                                                                                                "Actual Startup Time": 1518.019,
                                                                                                "Actual Total Time": 2689.205,
                                                                                                "Actual Rows": 2820436,
                                                                                                "Actual Loops": 1
                                                                                            },
                                                                                            {
                                                                                                "Worker Number": 1,
                                                                                                "Actual Startup Time": 1687.665,
                                                                                                "Actual Total Time": 2971.95,
                                                                                                "Actual Rows": 2820436,
                                                                                                "Actual Loops": 1
                                                                                            },
                                                                                            {
                                                                                                "Worker Number": 2,
                                                                                                "Actual Startup Time": 1582.437,
                                                                                                "Actual Total Time": 2787.89,
                                                                                                "Actual Rows": 2820436,
                                                                                                "Actual Loops": 1
                                                                                            },
                                                                                            {
                                                                                                "Worker Number": 3,
                                                                                                "Actual Startup Time": 1573.022,
                                                                                                "Actual Total Time": 2776.336,
                                                                                                "Actual Rows": 2820436,
                                                                                                "Actual Loops": 1
                                                                                            }
                                                                                        ],
                                                                                        "Plans": [
                                                                                            {
                                                                                                "Node Type": "Sort",
                                                                                                "Parent Relationship": "Outer",
                                                                                                "Parallel Aware": false,
                                                                                                "Startup Cost": 569794.43,
                                                                                                "Total Cost": 581104.25,
                                                                                                "Plan Rows": 4523930,
                                                                                                "Plan Width": 8,
                                                                                                "Actual Startup Time": 1505.228,
                                                                                                "Actual Total Time": 1705.662,
                                                                                                "Actual Rows": 4523925,
                                                                                                "Actual Loops": 5,
                                                                                                "Output": [
                                                                                                    "mk.movie_id",
                                                                                                    "mk.keyword_id"
                                                                                                ],
                                                                                                "Sort Key": [
                                                                                                    "mk.movie_id"
                                                                                                ],
                                                                                                "Sort Method": "quicksort",
                                                                                                "Sort Space Used": 408668,
                                                                                                "Sort Space Type": "Memory",
                                                                                                "Workers": [
                                                                                                    {
                                                                                                        "Worker Number": 0,
                                                                                                        "Actual Startup Time": 1517.86,
                                                                                                        "Actual Total Time": 1711.364,
                                                                                                        "Actual Rows": 4523925,
                                                                                                        "Actual Loops": 1
                                                                                                    },
                                                                                                    {
                                                                                                        "Worker Number": 1,
                                                                                                        "Actual Startup Time": 1687.554,
                                                                                                        "Actual Total Time": 1900.582,
                                                                                                        "Actual Rows": 4523925,
                                                                                                        "Actual Loops": 1
                                                                                                    },
                                                                                                    {
                                                                                                        "Worker Number": 2,
                                                                                                        "Actual Startup Time": 1582.34,
                                                                                                        "Actual Total Time": 1782.129,
                                                                                                        "Actual Rows": 4523925,
                                                                                                        "Actual Loops": 1
                                                                                                    },
                                                                                                    {
                                                                                                        "Worker Number": 3,
                                                                                                        "Actual Startup Time": 1572.893,
                                                                                                        "Actual Total Time": 1773.378,
                                                                                                        "Actual Rows": 4523925,
                                                                                                        "Actual Loops": 1
                                                                                                    }
                                                                                                ],
                                                                                                "Plans": [
                                                                                                    {
                                                                                                        "Node Type": "Seq Scan",
                                                                                                        "Parent Relationship": "Outer",
                                                                                                        "Parallel Aware": false,
                                                                                                        "Relation Name": "movie_keyword",
                                                                                                        "Schema": "public",
                                                                                                        "Alias": "mk",
                                                                                                        "Startup Cost": 0.0,
                                                                                                        "Total Cost": 69693.3,
                                                                                                        "Plan Rows": 4523930,
                                                                                                        "Plan Width": 8,
                                                                                                        "Actual Startup Time": 0.033,
                                                                                                        "Actual Total Time": 525.874,
                                                                                                        "Actual Rows": 4523930,
                                                                                                        "Actual Loops": 5,
                                                                                                        "Output": [
                                                                                                            "mk.movie_id",
                                                                                                            "mk.keyword_id"
                                                                                                        ],
                                                                                                        "Workers": [
                                                                                                            {
                                                                                                                "Worker Number": 0,
                                                                                                                "Actual Startup Time": 0.041,
                                                                                                                "Actual Total Time": 526.015,
                                                                                                                "Actual Rows": 4523930,
                                                                                                                "Actual Loops": 1
                                                                                                            },
                                                                                                            {
                                                                                                                "Worker Number": 1,
                                                                                                                "Actual Startup Time": 0.04,
                                                                                                                "Actual Total Time": 601.231,
                                                                                                                "Actual Rows": 4523930,
                                                                                                                "Actual Loops": 1
                                                                                                            },
                                                                                                            {
                                                                                                                "Worker Number": 2,
                                                                                                                "Actual Startup Time": 0.033,
                                                                                                                "Actual Total Time": 541.221,
                                                                                                                "Actual Rows": 4523930,
                                                                                                                "Actual Loops": 1
                                                                                                            },
                                                                                                            {
                                                                                                                "Worker Number": 3,
                                                                                                                "Actual Startup Time": 0.033,
                                                                                                                "Actual Total Time": 541.7,
                                                                                                                "Actual Rows": 4523930,
                                                                                                                "Actual Loops": 1
                                                                                                            }
                                                                                                        ]
                                                                                                    }
                                                                                                ]
                                                                                            },
                                                                                            {
                                                                                                "Node Type": "Materialize",
                                                                                                "Parent Relationship": "Inner",
                                                                                                "Parallel Aware": false,
                                                                                                "Startup Cost": 0.43,
                                                                                                "Total Cost": 57978.03,
                                                                                                "Plan Rows": 358850,
                                                                                                "Plan Width": 13,
                                                                                                "Actual Startup Time": 0.105,
                                                                                                "Actual Total Time": 376.255,
                                                                                                "Actual Rows": 3001800,
                                                                                                "Actual Loops": 5,
                                                                                                "Output": [
                                                                                                    "mi_idx.id",
                                                                                                    "mi_idx.movie_id",
                                                                                                    "mi_idx.info_type_id",
                                                                                                    "mi_idx.info",
                                                                                                    "mi_idx.note"
                                                                                                ],
                                                                                                "Workers": [
                                                                                                    {
                                                                                                        "Worker Number": 0,
                                                                                                        "Actual Startup Time": 0.151,
                                                                                                        "Actual Total Time": 374.536,
                                                                                                        "Actual Rows": 3001800,
                                                                                                        "Actual Loops": 1
                                                                                                    },
                                                                                                    {
                                                                                                        "Worker Number": 1,
                                                                                                        "Actual Startup Time": 0.103,
                                                                                                        "Actual Total Time": 396.073,
                                                                                                        "Actual Rows": 3001800,
                                                                                                        "Actual Loops": 1
                                                                                                    },
                                                                                                    {
                                                                                                        "Worker Number": 2,
                                                                                                        "Actual Startup Time": 0.089,
                                                                                                        "Actual Total Time": 362.448,
                                                                                                        "Actual Rows": 3001800,
                                                                                                        "Actual Loops": 1
                                                                                                    },
                                                                                                    {
                                                                                                        "Worker Number": 3,
                                                                                                        "Actual Startup Time": 0.12,
                                                                                                        "Actual Total Time": 371.518,
                                                                                                        "Actual Rows": 3001800,
                                                                                                        "Actual Loops": 1
                                                                                                    }
                                                                                                ],
                                                                                                "Plans": [
                                                                                                    {
                                                                                                        "Node Type": "Index Scan",
                                                                                                        "Parent Relationship": "Outer",
                                                                                                        "Parallel Aware": false,
                                                                                                        "Scan Direction": "Forward",
                                                                                                        "Index Name": "movie_id_movie_info_idx",
                                                                                                        "Relation Name": "movie_info_idx",
                                                                                                        "Schema": "public",
                                                                                                        "Alias": "mi_idx",
                                                                                                        "Startup Cost": 0.43,
                                                                                                        "Total Cost": 57080.9,
                                                                                                        "Plan Rows": 358850,
                                                                                                        "Plan Width": 13,
                                                                                                        "Actual Startup Time": 0.099,
                                                                                                        "Actual Total Time": 243.839,
                                                                                                        "Actual Rows": 361032,
                                                                                                        "Actual Loops": 5,
                                                                                                        "Output": [
                                                                                                            "mi_idx.id",
                                                                                                            "mi_idx.movie_id",
                                                                                                            "mi_idx.info_type_id",
                                                                                                            "mi_idx.info",
                                                                                                            "mi_idx.note"
                                                                                                        ],
                                                                                                        "Filter": "(mi_idx.info > '6.1'::text)",
                                                                                                        "Rows Removed by Filter": 1019003,
                                                                                                        "Workers": [
                                                                                                            {
                                                                                                                "Worker Number": 0,
                                                                                                                "Actual Startup Time": 0.145,
                                                                                                                "Actual Total Time": 247.811,
                                                                                                                "Actual Rows": 361032,
                                                                                                                "Actual Loops": 1
                                                                                                            },
                                                                                                            {
                                                                                                                "Worker Number": 1,
                                                                                                                "Actual Startup Time": 0.098,
                                                                                                                "Actual Total Time": 253.484,
                                                                                                                "Actual Rows": 361032,
                                                                                                                "Actual Loops": 1
                                                                                                            },
                                                                                                            {
                                                                                                                "Worker Number": 2,
                                                                                                                "Actual Startup Time": 0.084,
                                                                                                                "Actual Total Time": 230.186,
                                                                                                                "Actual Rows": 361032,
                                                                                                                "Actual Loops": 1
                                                                                                            },
                                                                                                            {
                                                                                                                "Worker Number": 3,
                                                                                                                "Actual Startup Time": 0.115,
                                                                                                                "Actual Total Time": 238.475,
                                                                                                                "Actual Rows": 361032,
                                                                                                                "Actual Loops": 1
                                                                                                            }
                                                                                                        ]
                                                                                                    }
                                                                                                ]
                                                                                            }
                                                                                        ]
                                                                                    }
                                                                                ]
                                                                            }
                                                                        ]
                                                                    },
                                                                    {
                                                                        "Node Type": "Hash",
                                                                        "Parent Relationship": "Inner",
                                                                        "Parallel Aware": true,
                                                                        "Startup Cost": 228390.93,
                                                                        "Total Cost": 228390.93,
                                                                        "Plan Rows": 186807,
                                                                        "Plan Width": 8,
                                                                        "Actual Startup Time": 1159.642,
                                                                        "Actual Total Time": 1159.643,
                                                                        "Actual Rows": 201550,
                                                                        "Actual Loops": 5,
                                                                        "Output": [
                                                                            "mi.movie_id",
                                                                            "mi.info_type_id"
                                                                        ],
                                                                        "Hash Buckets": 1048576,
                                                                        "Original Hash Buckets": 1048576,
                                                                        "Hash Batches": 1,
                                                                        "Original Hash Batches": 1,
                                                                        "Peak Memory Usage": 47712,
                                                                        "Workers": [
                                                                            {
                                                                                "Worker Number": 0,
                                                                                "Actual Startup Time": 1159.936,
                                                                                "Actual Total Time": 1159.937,
                                                                                "Actual Rows": 170315,
                                                                                "Actual Loops": 1
                                                                            },
                                                                            {
                                                                                "Worker Number": 1,
                                                                                "Actual Startup Time": 1160.976,
                                                                                "Actual Total Time": 1160.977,
                                                                                "Actual Rows": 180058,
                                                                                "Actual Loops": 1
                                                                            },
                                                                            {
                                                                                "Worker Number": 2,
                                                                                "Actual Startup Time": 1160.772,
                                                                                "Actual Total Time": 1160.773,
                                                                                "Actual Rows": 178388,
                                                                                "Actual Loops": 1
                                                                            },
                                                                            {
                                                                                "Worker Number": 3,
                                                                                "Actual Startup Time": 1160.942,
                                                                                "Actual Total Time": 1160.943,
                                                                                "Actual Rows": 181271,
                                                                                "Actual Loops": 1
                                                                            }
                                                                        ],
                                                                        "Plans": [
                                                                            {
                                                                                "Node Type": "Seq Scan",
                                                                                "Parent Relationship": "Outer",
                                                                                "Parallel Aware": true,
                                                                                "Relation Name": "movie_info",
                                                                                "Schema": "public",
                                                                                "Alias": "mi",
                                                                                "Startup Cost": 0.0,
                                                                                "Total Cost": 228390.93,
                                                                                "Plan Rows": 186807,
                                                                                "Plan Width": 8,
                                                                                "Actual Startup Time": 0.087,
                                                                                "Actual Total Time": 1058.097,
                                                                                "Actual Rows": 201550,
                                                                                "Actual Loops": 5,
                                                                                "Output": [
                                                                                    "mi.movie_id",
                                                                                    "mi.info_type_id"
                                                                                ],
                                                                                "Filter": "(mi.info = ANY ('{Denmark,English,Swedish,Norwegian,Germany,Norway,Sweden,Bulgaria,Danish,UK}'::text[]))",
                                                                                "Rows Removed by Filter": 2765594,
                                                                                "Workers": [
                                                                                    {
                                                                                        "Worker Number": 0,
                                                                                        "Actual Startup Time": 0.079,
                                                                                        "Actual Total Time": 1062.163,
                                                                                        "Actual Rows": 170315,
                                                                                        "Actual Loops": 1
                                                                                    },
                                                                                    {
                                                                                        "Worker Number": 1,
                                                                                        "Actual Startup Time": 0.096,
                                                                                        "Actual Total Time": 1059.49,
                                                                                        "Actual Rows": 180058,
                                                                                        "Actual Loops": 1
                                                                                    },
                                                                                    {
                                                                                        "Worker Number": 2,
                                                                                        "Actual Startup Time": 0.124,
                                                                                        "Actual Total Time": 1061.246,
                                                                                        "Actual Rows": 178388,
                                                                                        "Actual Loops": 1
                                                                                    },
                                                                                    {
                                                                                        "Worker Number": 3,
                                                                                        "Actual Startup Time": 0.095,
                                                                                        "Actual Total Time": 1060.035,
                                                                                        "Actual Rows": 181271,
                                                                                        "Actual Loops": 1
                                                                                    }
                                                                                ]
                                                                            }
                                                                        ]
                                                                    }
                                                                ]
                                                            }
                                                        ]
                                                    }
                                                ]
                                            }
                                        ]
                                    },
                                    {
                                        "Node Type": "Hash",
                                        "Parent Relationship": "Inner",
                                        "Parallel Aware": false,
                                        "Startup Cost": 2.41,
                                        "Total Cost": 2.41,
                                        "Plan Rows": 1,
                                        "Plan Width": 4,
                                        "Actual Startup Time": 0.069,
                                        "Actual Total Time": 0.07,
                                        "Actual Rows": 1,
                                        "Actual Loops": 1,
                                        "Output": [
                                            "it1.id"
                                        ],
                                        "Hash Buckets": 1024,
                                        "Original Hash Buckets": 1024,
                                        "Hash Batches": 1,
                                        "Original Hash Batches": 1,
                                        "Peak Memory Usage": 9,
                                        "Plans": [
                                            {
                                                "Node Type": "Seq Scan",
                                                "Parent Relationship": "Outer",
                                                "Parallel Aware": false,
                                                "Relation Name": "info_type",
                                                "Schema": "public",
                                                "Alias": "it1",
                                                "Startup Cost": 0.0,
                                                "Total Cost": 2.41,
                                                "Plan Rows": 1,
                                                "Plan Width": 4,
                                                "Actual Startup Time": 0.044,
                                                "Actual Total Time": 0.062,
                                                "Actual Rows": 1,
                                                "Actual Loops": 1,
                                                "Output": [
                                                    "it1.id"
                                                ],
                                                "Filter": "((it1.info)::text = 'countries'::text)",
                                                "Rows Removed by Filter": 112
                                            }
                                        ]
                                    }
                                ]
                            },
                            {
                                "Node Type": "Bitmap Heap Scan",
                                "Parent Relationship": "Inner",
                                "Parallel Aware": false,
                                "Relation Name": "info_type",
                                "Schema": "public",
                                "Alias": "it2",
                                "Startup Cost": 0.15,
                                "Total Cost": 4.17,
                                "Plan Rows": 1,
                                "Plan Width": 4,
                                "Actual Startup Time": 0.009,
                                "Actual Total Time": 0.009,
                                "Actual Rows": 1,
                                "Actual Loops": 380,
                                "Output": [
                                    "it2.id",
                                    "it2.info"
                                ],
                                "Recheck Cond": "(it2.id = mi_idx.info_type_id)",
                                "Rows Removed by Index Recheck": 0,
                                "Filter": "((it2.info)::text = 'rating'::text)",
                                "Rows Removed by Filter": 0,
                                "Exact Heap Blocks": 380,
                                "Lossy Heap Blocks": 0,
                                "Plans": [
                                    {
                                        "Node Type": "Bitmap Index Scan",
                                        "Parent Relationship": "Outer",
                                        "Parallel Aware": false,
                                        "Index Name": "info_type_pkey",
                                        "Startup Cost": 0.0,
                                        "Total Cost": 0.15,
                                        "Plan Rows": 1,
                                        "Plan Width": 0,
                                        "Actual Startup Time": 0.004,
                                        "Actual Total Time": 0.004,
                                        "Actual Rows": 1,
                                        "Actual Loops": 380,
                                        "Index Cond": "(it2.id = mi_idx.info_type_id)"
                                    }
                                ]
                            }
                        ]
                    },
                    {
                        "Node Type": "Bitmap Heap Scan",
                        "Parent Relationship": "Inner",
                        "Parallel Aware": false,
                        "Relation Name": "keyword",
                        "Schema": "public",
                        "Alias": "k",
                        "Startup Cost": 0.43,
                        "Total Cost": 4.44,
                        "Plan Rows": 1,
                        "Plan Width": 4,
                        "Actual Startup Time": 0.014,
                        "Actual Total Time": 0.014,
                        "Actual Rows": 0,
                        "Actual Loops": 379,
                        "Output": [
                            "k.id",
                            "k.keyword",
                            "k.phonetic_code"
                        ],
                        "Recheck Cond": "(k.id = mk.keyword_id)",
                        "Rows Removed by Index Recheck": 0,
                        "Filter": "(k.keyword = ANY ('{gore,blood-in-water}'::text[]))",
                        "Rows Removed by Filter": 1,
                        "Exact Heap Blocks": 379,
                        "Lossy Heap Blocks": 0,
                        "Plans": [
                            {
                                "Node Type": "Bitmap Index Scan",
                                "Parent Relationship": "Outer",
                                "Parallel Aware": false,
                                "Index Name": "keyword_pkey",
                                "Startup Cost": 0.0,
                                "Total Cost": 0.43,
                                "Plan Rows": 1,
                                "Plan Width": 0,
                                "Actual Startup Time": 0.008,
                                "Actual Total Time": 0.008,
                                "Actual Rows": 1,
                                "Actual Loops": 379,
                                "Index Cond": "(k.id = mk.keyword_id)"
                            }
                        ]
                    }
                ]
            }
        ]
    },
    "Planning Time": 7.057,
    "Triggers": [],
    "Execution Time": 5195.734
}