[
  {
    "Plan": {
      "Node Type": "Aggregate",
      "Strategy": "Plain",
      "Partial Mode": "Finalize",
      "Parallel Aware": false,
      "Startup Cost": 203092.66,
      "Total Cost": 203092.67,
      "Plan Rows": 1,
      "Plan Width": 8,
      "Actual Startup Time": 238.109,
      "Actual Total Time": 267.458,
      "Actual Rows": 1,
      "Actual Loops": 1,
      "Plans": [
        {
          "Node Type": "Gather",
          "Parent Relationship": "Outer",
          "Parallel Aware": false,
          "Startup Cost": 203092.03,
          "Total Cost": 203092.64,
          "Plan Rows": 6,
          "Plan Width": 8,
          "Actual Startup Time": 237.932,
          "Actual Total Time": 267.442,
          "Actual Rows": 7,
          "Actual Loops": 1,
          "Workers Planned": 6,
          "Workers Launched": 6,
          "Single Copy": false,
          "Plans": [
            {
              "Node Type": "Aggregate",
              "Strategy": "Plain",
              "Partial Mode": "Partial",
              "Parent Relationship": "Outer",
              "Parallel Aware": false,
              "Startup Cost": 202092.03,
              "Total Cost": 202092.04,
              "Plan Rows": 1,
              "Plan Width": 8,
              "Actual Startup Time": 231.622,
              "Actual Total Time": 231.623,
              "Actual Rows": 1,
              "Actual Loops": 7,
              "Plans": [
                {
                  "Node Type": "Index Scan",
                  "Parent Relationship": "Outer",
                  "Parallel Aware": true,
                  "Scan Direction": "Forward",
                  "Index Name": "role_id_cast_info",
                  "Relation Name": "cast_info",
                  "Alias": "ci",
                  "Startup Cost": 0.56,
                  "Total Cost": 201884.69,
                  "Plan Rows": 82937,
                  "Plan Width": 0,
                  "Actual Startup Time": 7.539,
                  "Actual Total Time": 231.604,
                  "Actual Rows": 40,
                  "Actual Loops": 7,
                  "Index Cond": "(role_id = 2)",
                  "Rows Removed by Index Recheck": 0,
                  "Filter": "(person_id < 240162)",
                  "Rows Removed by Filter": 1064528
                }
              ]
            }
          ]
        }
      ]
    },
    "Planning Time": 0.233,
    "Triggers": [],
    "Execution Time": 267.533
  }
]