[
  {
    "Plan": {
      "Node Type": "Aggregate",
      "Strategy": "Plain",
      "Partial Mode": "Finalize",
      "Parallel Aware": false,
      "Startup Cost": 47302.32,
      "Total Cost": 47302.33,
      "Plan Rows": 1,
      "Plan Width": 8,
      "Actual Startup Time": 92.397,
      "Actual Total Time": 105.985,
      "Actual Rows": 1,
      "Actual Loops": 1,
      "Plans": [
        {
          "Node Type": "Gather",
          "Parent Relationship": "Outer",
          "Parallel Aware": false,
          "Startup Cost": 47301.9,
          "Total Cost": 47302.31,
          "Plan Rows": 4,
          "Plan Width": 8,
          "Actual Startup Time": 92.213,
          "Actual Total Time": 105.978,
          "Actual Rows": 5,
          "Actual Loops": 1,
          "Workers Planned": 4,
          "Workers Launched": 4,
          "Single Copy": false,
          "Plans": [
            {
              "Node Type": "Aggregate",
              "Strategy": "Plain",
              "Partial Mode": "Partial",
              "Parent Relationship": "Outer",
              "Parallel Aware": false,
              "Startup Cost": 46301.9,
              "Total Cost": 46301.91,
              "Plan Rows": 1,
              "Plan Width": 8,
              "Actual Startup Time": 86.933,
              "Actual Total Time": 86.934,
              "Actual Rows": 1,
              "Actual Loops": 5,
              "Plans": [
                {
                  "Node Type": "Nested Loop",
                  "Parent Relationship": "Outer",
                  "Parallel Aware": false,
                  "Join Type": "Inner",
                  "Startup Cost": 0.43,
                  "Total Cost": 46301.76,
                  "Plan Rows": 54,
                  "Plan Width": 0,
                  "Actual Startup Time": 59.634,
                  "Actual Total Time": 86.914,
                  "Actual Rows": 85,
                  "Actual Loops": 5,
                  "Inner Unique": false,
                  "Plans": [
                    {
                      "Node Type": "Seq Scan",
                      "Parent Relationship": "Outer",
                      "Parallel Aware": true,
                      "Relation Name": "title",
                      "Alias": "t",
                      "Startup Cost": 0.0,
                      "Total Cost": 45479.59,
                      "Plan Rows": 99,
                      "Plan Width": 4,
                      "Actual Startup Time": 57.492,
                      "Actual Total Time": 84.591,
                      "Actual Rows": 221,
                      "Actual Loops": 5,
                      "Filter": "((kind_id = 1) AND (production_year = 1906))",
                      "Rows Removed by Filter": 505442
                    },
                    {
                      "Node Type": "Index Only Scan",
                      "Parent Relationship": "Inner",
                      "Parallel Aware": false,
                      "Scan Direction": "Forward",
                      "Index Name": "movie_id_movie_info_idx",
                      "Relation Name": "movie_info_idx",
                      "Alias": "mi_idx",
                      "Startup Cost": 0.43,
                      "Total Cost": 8.27,
                      "Plan Rows": 3,
                      "Plan Width": 4,
                      "Actual Startup Time": 0.01,
                      "Actual Total Time": 0.01,
                      "Actual Rows": 0,
                      "Actual Loops": 1104,
                      "Index Cond": "(movie_id = t.id)",
                      "Rows Removed by Index Recheck": 0,
                      "Heap Fetches": 423
                    }
                  ]
                }
              ]
            }
          ]
        }
      ]
    },
    "Planning Time": 0.553,
    "Triggers": [],
    "Execution Time": 106.053
  }
]