[
  {
    "Plan": {
      "Node Type": "Aggregate",
      "Strategy": "Plain",
      "Partial Mode": "Finalize",
      "Parallel Aware": false,
      "Startup Cost": 31042.91,
      "Total Cost": 31042.92,
      "Plan Rows": 1,
      "Plan Width": 8,
      "Actual Startup Time": 104.516,
      "Actual Total Time": 110.323,
      "Actual Rows": 1,
      "Actual Loops": 1,
      "Plans": [
        {
          "Node Type": "Gather",
          "Parent Relationship": "Outer",
          "Parallel Aware": false,
          "Startup Cost": 31042.6,
          "Total Cost": 31042.91,
          "Plan Rows": 3,
          "Plan Width": 8,
          "Actual Startup Time": 104.379,
          "Actual Total Time": 110.313,
          "Actual Rows": 4,
          "Actual Loops": 1,
          "Workers Planned": 3,
          "Workers Launched": 3,
          "Single Copy": false,
          "Plans": [
            {
              "Node Type": "Aggregate",
              "Strategy": "Plain",
              "Partial Mode": "Partial",
              "Parent Relationship": "Outer",
              "Parallel Aware": false,
              "Startup Cost": 30042.6,
              "Total Cost": 30042.61,
              "Plan Rows": 1,
              "Plan Width": 8,
              "Actual Startup Time": 96.282,
              "Actual Total Time": 96.283,
              "Actual Rows": 1,
              "Actual Loops": 4,
              "Plans": [
                {
                  "Node Type": "Seq Scan",
                  "Parent Relationship": "Outer",
                  "Parallel Aware": true,
                  "Relation Name": "movie_companies",
                  "Alias": "mc",
                  "Startup Cost": 0.0,
                  "Total Cost": 29310.68,
                  "Plan Rows": 292766,
                  "Plan Width": 0,
                  "Actual Startup Time": 0.041,
                  "Actual Total Time": 81.312,
                  "Actual Rows": 226820,
                  "Actual Loops": 4,
                  "Filter": "(company_id < 2986)",
                  "Rows Removed by Filter": 425462
                }
              ]
            }
          ]
        }
      ]
    },
    "Planning Time": 0.113,
    "Triggers": [],
    "Execution Time": 110.357
  }
]