{
    "Plan": {
        "Node Type": "Aggregate",
        "Strategy": "Plain",
        "Partial Mode": "Simple",
        "Parallel Aware": false,
        "Startup Cost": 20000001100.46,
        "Total Cost": 20000001100.47,
        "Plan Rows": 1,
        "Plan Width": 8,
        "Actual Startup Time": 211.558,
        "Actual Total Time": 211.56,
        "Actual Rows": 1,
        "Actual Loops": 1,
        "Output": [
            "count(*)"
        ],
        "Plans": [
            {
                "Node Type": "Nested Loop",
                "Parent Relationship": "Outer",
                "Parallel Aware": false,
                "Join Type": "Inner",
                "Startup Cost": 20000000010.47,
                "Total Cost": 20000001099.73,
                "Plan Rows": 292,
                "Plan Width": 0,
                "Actual Startup Time": 1.224,
                "Actual Total Time": 195.989,
                "Actual Rows": 223865,
                "Actual Loops": 1,
                "Inner Unique": false,
                "Plans": [
                    {
                        "Node Type": "Nested Loop",
                        "Parent Relationship": "Outer",
                        "Parallel Aware": false,
                        "Join Type": "Inner",
                        "Startup Cost": 10000000009.65,
                        "Total Cost": 10000000814.7,
                        "Plan Rows": 50,
                        "Plan Width": 8,
                        "Actual Startup Time": 1.083,
                        "Actual Total Time": 33.751,
                        "Actual Rows": 1346,
                        "Actual Loops": 1,
                        "Output": [
                            "t.id",
                            "mc.movie_id"
                        ],
                        "Inner Unique": true,
                        "Plans": [
                            {
                                "Node Type": "Bitmap Heap Scan",
                                "Parent Relationship": "Outer",
                                "Parallel Aware": false,
                                "Relation Name": "movie_companies",
                                "Schema": "public",
                                "Alias": "mc",
                                "Startup Cost": 5.21,
                                "Total Cost": 392.19,
                                "Plan Rows": 50,
                                "Plan Width": 4,
                                "Actual Startup Time": 0.943,
                                "Actual Total Time": 8.06,
                                "Actual Rows": 1346,
                                "Actual Loops": 1,
                                "Output": [
                                    "mc.id",
                                    "mc.movie_id",
                                    "mc.company_id",
                                    "mc.company_type_id",
                                    "mc.note"
                                ],
                                "Recheck Cond": "(mc.company_id = 530)",
                                "Rows Removed by Index Recheck": 0,
                                "Filter": "(mc.company_type_id < 2)",
                                "Rows Removed by Filter": 2,
                                "Exact Heap Blocks": 733,
                                "Lossy Heap Blocks": 0,
                                "Plans": [
                                    {
                                        "Node Type": "Bitmap Index Scan",
                                        "Parent Relationship": "Outer",
                                        "Parallel Aware": false,
                                        "Index Name": "company_id_movie_companies",
                                        "Startup Cost": 0.0,
                                        "Total Cost": 5.19,
                                        "Plan Rows": 102,
                                        "Plan Width": 0,
                                        "Actual Startup Time": 0.682,
                                        "Actual Total Time": 0.682,
                                        "Actual Rows": 1348,
                                        "Actual Loops": 1,
                                        "Index Cond": "(mc.company_id = 530)"
                                    }
                                ]
                            },
                            {
                                "Node Type": "Bitmap Heap Scan",
                                "Parent Relationship": "Inner",
                                "Parallel Aware": false,
                                "Relation Name": "title",
                                "Schema": "public",
                                "Alias": "t",
                                "Startup Cost": 4.44,
                                "Total Cost": 8.45,
                                "Plan Rows": 1,
                                "Plan Width": 4,
                                "Actual Startup Time": 0.016,
                                "Actual Total Time": 0.016,
                                "Actual Rows": 1,
                                "Actual Loops": 1346,
                                "Output": [
                                    "t.id",
                                    "t.title",
                                    "t.imdb_index",
                                    "t.kind_id",
                                    "t.production_year",
                                    "t.imdb_id",
                                    "t.phonetic_code",
                                    "t.episode_of_id",
                                    "t.season_nr",
                                    "t.episode_nr",
                                    "t.series_years",
                                    "t.md5sum"
                                ],
                                "Recheck Cond": "(t.id = mc.movie_id)",
                                "Rows Removed by Index Recheck": 0,
                                "Exact Heap Blocks": 1346,
                                "Lossy Heap Blocks": 0,
                                "Plans": [
                                    {
                                        "Node Type": "Bitmap Index Scan",
                                        "Parent Relationship": "Outer",
                                        "Parallel Aware": false,
                                        "Index Name": "title_pkey",
                                        "Startup Cost": 0.0,
                                        "Total Cost": 4.44,
                                        "Plan Rows": 1,
                                        "Plan Width": 0,
                                        "Actual Startup Time": 0.008,
                                        "Actual Total Time": 0.008,
                                        "Actual Rows": 1,
                                        "Actual Loops": 1346,
                                        "Index Cond": "(t.id = mc.movie_id)"
                                    }
                                ]
                            }
                        ]
                    },
                    {
                        "Node Type": "Bitmap Heap Scan",
                        "Parent Relationship": "Inner",
                        "Parallel Aware": false,
                        "Relation Name": "movie_info",
                        "Schema": "public",
                        "Alias": "mi",
                        "Startup Cost": 0.82,
                        "Total Cost": 5.31,
                        "Plan Rows": 39,
                        "Plan Width": 4,
                        "Actual Startup Time": 0.025,
                        "Actual Total Time": 0.1,
                        "Actual Rows": 166,
                        "Actual Loops": 1346,
                        "Output": [
                            "mi.id",
                            "mi.movie_id",
                            "mi.info_type_id",
                            "mi.info",
                            "mi.note"
                        ],
                        "Recheck Cond": "(mi.movie_id = t.id)",
                        "Rows Removed by Index Recheck": 0,
                        "Exact Heap Blocks": 27227,
                        "Lossy Heap Blocks": 0,
                        "Plans": [
                            {
                                "Node Type": "Bitmap Index Scan",
                                "Parent Relationship": "Outer",
                                "Parallel Aware": false,
                                "Index Name": "movie_id_movie_info",
                                "Startup Cost": 0.0,
                                "Total Cost": 0.81,
                                "Plan Rows": 39,
                                "Plan Width": 0,
                                "Actual Startup Time": 0.018,
                                "Actual Total Time": 0.018,
                                "Actual Rows": 166,
                                "Actual Loops": 1346,
                                "Index Cond": "(mi.movie_id = t.id)"
                            }
                        ]
                    }
                ]
            }
        ]
    },
    "Planning Time": 3.247,
    "Triggers": [],
    "Execution Time": 211.944
}