[
  {
    "Plan": {
      "Node Type": "Aggregate",
      "Strategy": "Plain",
      "Partial Mode": "Finalize",
      "Parallel Aware": false,
      "Startup Cost": 46769.96,
      "Total Cost": 46769.97,
      "Plan Rows": 1,
      "Plan Width": 8,
      "Actual Startup Time": 153.732,
      "Actual Total Time": 163.429,
      "Actual Rows": 1,
      "Actual Loops": 1,
      "Plans": [
        {
          "Node Type": "Gather",
          "Parent Relationship": "Outer",
          "Parallel Aware": false,
          "Startup Cost": 46769.65,
          "Total Cost": 46769.96,
          "Plan Rows": 3,
          "Plan Width": 8,
          "Actual Startup Time": 153.587,
          "Actual Total Time": 163.42,
          "Actual Rows": 4,
          "Actual Loops": 1,
          "Workers Planned": 3,
          "Workers Launched": 3,
          "Single Copy": false,
          "Plans": [
            {
              "Node Type": "Aggregate",
              "Strategy": "Plain",
              "Partial Mode": "Partial",
              "Parent Relationship": "Outer",
              "Parallel Aware": false,
              "Startup Cost": 45769.65,
              "Total Cost": 45769.66,
              "Plan Rows": 1,
              "Plan Width": 8,
              "Actual Startup Time": 150.006,
              "Actual Total Time": 150.007,
              "Actual Rows": 1,
              "Actual Loops": 4,
              "Plans": [
                {
                  "Node Type": "Seq Scan",
                  "Parent Relationship": "Outer",
                  "Parallel Aware": true,
                  "Relation Name": "movie_keyword",
                  "Alias": "mk",
                  "Startup Cost": 0.0,
                  "Total Cost": 42695.65,
                  "Plan Rows": 1229597,
                  "Plan Width": 0,
                  "Actual Startup Time": 0.026,
                  "Actual Total Time": 110.784,
                  "Actual Rows": 953450,
                  "Actual Loops": 4,
                  "Filter": "(keyword_id < 26611)",
                  "Rows Removed by Filter": 177533
                }
              ]
            }
          ]
        }
      ]
    },
    "Planning Time": 0.15,
    "Triggers": [],
    "Execution Time": 163.475
  }
]