{
  "Plan": {
    "Node Type": "Aggregate",
    "Strategy": "Plain",
    "Partial Mode": "Finalize",
    "Parallel Aware": false,
    "Startup Cost": 356145.24,
    "Total Cost": 356145.25,
    "Plan Rows": 1,
    "Plan Width": 8,
    "Actual Startup Time": 1898.129,
    "Actual Total Time": 1948.442,
    "Actual Rows": 1,
    "Actual Loops": 1,
    "Plans": [
      {
        "Node Type": "Gather",
        "Parent Relationship": "Outer",
        "Parallel Aware": false,
        "Startup Cost": 356145.13,
        "Total Cost": 356145.24,
        "Plan Rows": 1,
        "Plan Width": 8,
        "Actual Startup Time": 1895.346,
        "Actual Total Time": 1948.434,
        "Actual Rows": 2,
        "Actual Loops": 1,
        "Workers Planned": 1,
        "Workers Launched": 1,
        "Single Copy": false,
        "Plans": [
          {
            "Node Type": "Aggregate",
            "Strategy": "Plain",
            "Partial Mode": "Partial",
            "Parent Relationship": "Outer",
            "Parallel Aware": false,
            "Startup Cost": 355145.13,
            "Total Cost": 355145.14,
            "Plan Rows": 1,
            "Plan Width": 8,
            "Actual Startup Time": 1889.638,
            "Actual Total Time": 1889.641,
            "Actual Rows": 1,
            "Actual Loops": 2,
            "Plans": [
              {
                "Node Type": "Hash Join",
                "Parent Relationship": "Outer",
                "Parallel Aware": true,
                "Join Type": "Inner",
                "Startup Cost": 65888.86,
                "Total Cost": 348340.06,
                "Plan Rows": 2722028,
                "Plan Width": 0,
                "Actual Startup Time": 384.419,
                "Actual Total Time": 1839.397,
                "Actual Rows": 1287302,
                "Actual Loops": 2,
                "Inner Unique": true,
                "Hash Cond": "(mi.movie_id = t.id)",
                "Plans": [
                  {
                    "Node Type": "Seq Scan",
                    "Parent Relationship": "Outer",
                    "Parallel Aware": true,
                    "Relation Name": "movie_info",
                    "Alias": "mi",
                    "Startup Cost": 0.0,
                    "Total Cost": 270696.42,
                    "Plan Rows": 4478001,
                    "Plan Width": 4,
                    "Actual Startup Time": 33.853,
                    "Actual Total Time": 678.218,
                    "Actual Rows": 3774428,
                    "Actual Loops": 2,
                    "Filter": "(info_type_id > 7)",
                    "Rows Removed by Filter": 3643432
                  },
                  {
                    "Node Type": "Hash",
                    "Parent Relationship": "Inner",
                    "Parallel Aware": true,
                    "Startup Cost": 54588.39,
                    "Total Cost": 54588.39,
                    "Plan Rows": 904038,
                    "Plan Width": 4,
                    "Actual Startup Time": 340.042,
                    "Actual Total Time": 340.043,
                    "Actual Rows": 771632,
                    "Actual Loops": 2,
                    "Hash Buckets": 2097152,
                    "Original Hash Buckets": 2097152,
                    "Hash Batches": 1,
                    "Original Hash Batches": 1,
                    "Peak Memory Usage": 76800,
                    "Plans": [
                      {
                        "Node Type": "Seq Scan",
                        "Parent Relationship": "Outer",
                        "Parallel Aware": true,
                        "Relation Name": "title",
                        "Alias": "t",
                        "Startup Cost": 0.0,
                        "Total Cost": 54588.39,
                        "Plan Rows": 904038,
                        "Plan Width": 4,
                        "Actual Startup Time": 0.027,
                        "Actual Total Time": 154.388,
                        "Actual Rows": 771632,
                        "Actual Loops": 2,
                        "Filter": "(kind_id = 7)",
                        "Rows Removed by Filter": 492524
                      }
                    ]
                  }
                ]
              }
            ]
          }
        ]
      }
    ]
  },
  "Planning Time": 0.367,
  "Triggers": [],
  "Execution Time": 1948.498
}