[
  {
    "Plan": {
      "Node Type": "Aggregate",
      "Strategy": "Plain",
      "Partial Mode": "Finalize",
      "Parallel Aware": false,
      "Startup Cost": 37220.06,
      "Total Cost": 37220.07,
      "Plan Rows": 1,
      "Plan Width": 8,
      "Actual Startup Time": 129.93,
      "Actual Total Time": 138.042,
      "Actual Rows": 1,
      "Actual Loops": 1,
      "Plans": [
        {
          "Node Type": "Gather",
          "Parent Relationship": "Outer",
          "Parallel Aware": false,
          "Startup Cost": 37219.75,
          "Total Cost": 37220.06,
          "Plan Rows": 3,
          "Plan Width": 8,
          "Actual Startup Time": 129.63,
          "Actual Total Time": 138.032,
          "Actual Rows": 4,
          "Actual Loops": 1,
          "Workers Planned": 3,
          "Workers Launched": 3,
          "Single Copy": false,
          "Plans": [
            {
              "Node Type": "Aggregate",
              "Strategy": "Plain",
              "Partial Mode": "Partial",
              "Parent Relationship": "Outer",
              "Parallel Aware": false,
              "Startup Cost": 36219.75,
              "Total Cost": 36219.76,
              "Plan Rows": 1,
              "Plan Width": 8,
              "Actual Startup Time": 122.007,
              "Actual Total Time": 122.011,
              "Actual Rows": 1,
              "Actual Loops": 4,
              "Plans": [
                {
                  "Node Type": "Bitmap Heap Scan",
                  "Parent Relationship": "Outer",
                  "Parallel Aware": true,
                  "Relation Name": "movie_keyword",
                  "Alias": "mk",
                  "Startup Cost": 9580.49,
                  "Total Cost": 35855.54,
                  "Plan Rows": 145684,
                  "Plan Width": 0,
                  "Actual Startup Time": 45.189,
                  "Actual Total Time": 115.398,
                  "Actual Rows": 112440,
                  "Actual Loops": 4,
                  "Recheck Cond": "(keyword_id > 39501)",
                  "Rows Removed by Index Recheck": 0,
                  "Exact Heap Blocks": 10120,
                  "Lossy Heap Blocks": 0,
                  "Plans": [
                    {
                      "Node Type": "Bitmap Index Scan",
                      "Parent Relationship": "Outer",
                      "Parallel Aware": false,
                      "Index Name": "keyword_id_movie_keyword",
                      "Startup Cost": 0.0,
                      "Total Cost": 9467.58,
                      "Plan Rows": 451620,
                      "Plan Width": 0,
                      "Actual Startup Time": 48.513,
                      "Actual Total Time": 48.513,
                      "Actual Rows": 449758,
                      "Actual Loops": 1,
                      "Index Cond": "(keyword_id > 39501)"
                    }
                  ]
                }
              ]
            }
          ]
        }
      ]
    },
    "Planning Time": 0.2,
    "Triggers": [],
    "Execution Time": 138.122
  }
]