[
  {
    "Plan": {
      "Node Type": "Aggregate",
      "Strategy": "Plain",
      "Partial Mode": "Finalize",
      "Parallel Aware": false,
      "Startup Cost": 37390.48,
      "Total Cost": 37390.49,
      "Plan Rows": 1,
      "Plan Width": 8,
      "Actual Startup Time": 131.068,
      "Actual Total Time": 139.413,
      "Actual Rows": 1,
      "Actual Loops": 1,
      "Plans": [
        {
          "Node Type": "Gather",
          "Parent Relationship": "Outer",
          "Parallel Aware": false,
          "Startup Cost": 37390.16,
          "Total Cost": 37390.47,
          "Plan Rows": 3,
          "Plan Width": 8,
          "Actual Startup Time": 130.817,
          "Actual Total Time": 139.404,
          "Actual Rows": 4,
          "Actual Loops": 1,
          "Workers Planned": 3,
          "Workers Launched": 3,
          "Single Copy": false,
          "Plans": [
            {
              "Node Type": "Aggregate",
              "Strategy": "Plain",
              "Partial Mode": "Partial",
              "Parent Relationship": "Outer",
              "Parallel Aware": false,
              "Startup Cost": 36390.16,
              "Total Cost": 36390.17,
              "Plan Rows": 1,
              "Plan Width": 8,
              "Actual Startup Time": 125.129,
              "Actual Total Time": 125.131,
              "Actual Rows": 1,
              "Actual Loops": 4,
              "Plans": [
                {
                  "Node Type": "Bitmap Heap Scan",
                  "Parent Relationship": "Outer",
                  "Parallel Aware": true,
                  "Relation Name": "movie_keyword",
                  "Alias": "mk",
                  "Startup Cost": 9719.23,
                  "Total Cost": 36020.67,
                  "Plan Rows": 147796,
                  "Plan Width": 0,
                  "Actual Startup Time": 44.102,
                  "Actual Total Time": 117.499,
                  "Actual Rows": 112440,
                  "Actual Loops": 4,
                  "Recheck Cond": "(keyword_id > 39501)",
                  "Rows Removed by Index Recheck": 0,
                  "Exact Heap Blocks": 8110,
                  "Lossy Heap Blocks": 0,
                  "Plans": [
                    {
                      "Node Type": "Bitmap Index Scan",
                      "Parent Relationship": "Outer",
                      "Parallel Aware": false,
                      "Index Name": "keyword_id_movie_keyword",
                      "Startup Cost": 0.0,
                      "Total Cost": 9604.69,
                      "Plan Rows": 458167,
                      "Plan Width": 0,
                      "Actual Startup Time": 43.809,
                      "Actual Total Time": 43.809,
                      "Actual Rows": 449758,
                      "Actual Loops": 1,
                      "Index Cond": "(keyword_id > 39501)"
                    }
                  ]
                }
              ]
            }
          ]
        }
      ]
    },
    "Planning Time": 0.109,
    "Triggers": [],
    "Execution Time": 139.462
  }
]