[
  {
    "Plan": {
      "Node Type": "Aggregate",
      "Strategy": "Plain",
      "Partial Mode": "Finalize",
      "Parallel Aware": false,
      "Startup Cost": 335095.02,
      "Total Cost": 335095.03,
      "Plan Rows": 1,
      "Plan Width": 8,
      "Actual Startup Time": 637.414,
      "Actual Total Time": 693.211,
      "Actual Rows": 1,
      "Actual Loops": 1,
      "Plans": [
        {
          "Node Type": "Gather",
          "Parent Relationship": "Outer",
          "Parallel Aware": false,
          "Startup Cost": 335094.39,
          "Total Cost": 335095.0,
          "Plan Rows": 6,
          "Plan Width": 8,
          "Actual Startup Time": 637.277,
          "Actual Total Time": 693.2,
          "Actual Rows": 7,
          "Actual Loops": 1,
          "Workers Planned": 6,
          "Workers Launched": 6,
          "Single Copy": false,
          "Plans": [
            {
              "Node Type": "Aggregate",
              "Strategy": "Plain",
              "Partial Mode": "Partial",
              "Parent Relationship": "Outer",
              "Parallel Aware": false,
              "Startup Cost": 334094.39,
              "Total Cost": 334094.4,
              "Plan Rows": 1,
              "Plan Width": 8,
              "Actual Startup Time": 629.517,
              "Actual Total Time": 629.518,
              "Actual Rows": 1,
              "Actual Loops": 7,
              "Plans": [
                {
                  "Node Type": "Seq Scan",
                  "Parent Relationship": "Outer",
                  "Parallel Aware": true,
                  "Relation Name": "cast_info",
                  "Alias": "ci",
                  "Startup Cost": 0.0,
                  "Total Cost": 328162.03,
                  "Plan Rows": 2372947,
                  "Plan Width": 0,
                  "Actual Startup Time": 232.635,
                  "Actual Total Time": 546.616,
                  "Actual Rows": 2028908,
                  "Actual Loops": 7,
                  "Filter": "(person_id > 2244776)",
                  "Rows Removed by Filter": 3148855
                }
              ]
            }
          ]
        }
      ]
    },
    "Planning Time": 0.194,
    "Triggers": [],
    "Execution Time": 693.283
  }
]