[
    {
        "Bao": {
            "Bao prediction": "NaN",
            "Bao recommended hint": "(no hint)"
        }
    },
    {
        "Plan": {
            "Node Type": "Aggregate",
            "Strategy": "Plain",
            "Partial Mode": "Finalize",
            "Parallel Aware": false,
            "Startup Cost": 79389.58,
            "Total Cost": 79389.59,
            "Plan Rows": 1,
            "Plan Width": 8,
            "Actual Startup Time": 206.275,
            "Actual Total Time": 217.201,
            "Actual Rows": 1,
            "Actual Loops": 1,
            "Output": [
                "count(*)"
            ],
            "Plans": [
                {
                    "Node Type": "Gather",
                    "Parent Relationship": "Outer",
                    "Parallel Aware": false,
                    "Startup Cost": 79389.16,
                    "Total Cost": 79389.57,
                    "Plan Rows": 4,
                    "Plan Width": 8,
                    "Actual Startup Time": 204.897,
                    "Actual Total Time": 217.193,
                    "Actual Rows": 5,
                    "Actual Loops": 1,
                    "Output": [
                        "(PARTIAL count(*))"
                    ],
                    "Workers Planned": 4,
                    "Workers Launched": 4,
                    "Single Copy": false,
                    "Plans": [
                        {
                            "Node Type": "Aggregate",
                            "Strategy": "Plain",
                            "Partial Mode": "Partial",
                            "Parent Relationship": "Outer",
                            "Parallel Aware": false,
                            "Startup Cost": 78389.16,
                            "Total Cost": 78389.17,
                            "Plan Rows": 1,
                            "Plan Width": 8,
                            "Actual Startup Time": 195.961,
                            "Actual Total Time": 195.964,
                            "Actual Rows": 1,
                            "Actual Loops": 5,
                            "Output": [
                                "PARTIAL count(*)"
                            ],
                            "Workers": [
                                {
                                    "Worker Number": 0,
                                    "Actual Startup Time": 192.251,
                                    "Actual Total Time": 192.254,
                                    "Actual Rows": 1,
                                    "Actual Loops": 1
                                },
                                {
                                    "Worker Number": 1,
                                    "Actual Startup Time": 192.42,
                                    "Actual Total Time": 192.423,
                                    "Actual Rows": 1,
                                    "Actual Loops": 1
                                },
                                {
                                    "Worker Number": 2,
                                    "Actual Startup Time": 197.708,
                                    "Actual Total Time": 197.712,
                                    "Actual Rows": 1,
                                    "Actual Loops": 1
                                },
                                {
                                    "Worker Number": 3,
                                    "Actual Startup Time": 193.378,
                                    "Actual Total Time": 193.381,
                                    "Actual Rows": 1,
                                    "Actual Loops": 1
                                }
                            ],
                            "Plans": [
                                {
                                    "Node Type": "Hash Join",
                                    "Parent Relationship": "Outer",
                                    "Parallel Aware": true,
                                    "Join Type": "Inner",
                                    "Startup Cost": 32007.68,
                                    "Total Cost": 78350.98,
                                    "Plan Rows": 15273,
                                    "Plan Width": 0,
                                    "Actual Startup Time": 140.725,
                                    "Actual Total Time": 195.702,
                                    "Actual Rows": 2678,
                                    "Actual Loops": 5,
                                    "Inner Unique": false,
                                    "Hash Cond": "(t.id = mc.movie_id)",
                                    "Workers": [
                                        {
                                            "Worker Number": 0,
                                            "Actual Startup Time": 137.163,
                                            "Actual Total Time": 191.95,
                                            "Actual Rows": 2022,
                                            "Actual Loops": 1
                                        },
                                        {
                                            "Worker Number": 1,
                                            "Actual Startup Time": 140.8,
                                            "Actual Total Time": 192.175,
                                            "Actual Rows": 2825,
                                            "Actual Loops": 1
                                        },
                                        {
                                            "Worker Number": 2,
                                            "Actual Startup Time": 141.532,
                                            "Actual Total Time": 197.408,
                                            "Actual Rows": 2011,
                                            "Actual Loops": 1
                                        },
                                        {
                                            "Worker Number": 3,
                                            "Actual Startup Time": 136.336,
                                            "Actual Total Time": 193.117,
                                            "Actual Rows": 2999,
                                            "Actual Loops": 1
                                        }
                                    ],
                                    "Plans": [
                                        {
                                            "Node Type": "Seq Scan",
                                            "Parent Relationship": "Outer",
                                            "Parallel Aware": true,
                                            "Relation Name": "title",
                                            "Schema": "public",
                                            "Alias": "t",
                                            "Startup Cost": 0.0,
                                            "Total Cost": 45479.21,
                                            "Plan Rows": 162964,
                                            "Plan Width": 4,
                                            "Actual Startup Time": 32.053,
                                            "Actual Total Time": 76.066,
                                            "Actual Rows": 131262,
                                            "Actual Loops": 5,
                                            "Output": [
                                                "t.id",
                                                "t.title",
                                                "t.imdb_index",
                                                "t.kind_id",
                                                "t.production_year",
                                                "t.imdb_id",
                                                "t.phonetic_code",
                                                "t.episode_of_id",
                                                "t.season_nr",
                                                "t.episode_nr",
                                                "t.series_years",
                                                "t.md5sum"
                                            ],
                                            "Filter": "((t.production_year > 0) AND (t.kind_id = 1))",
                                            "Rows Removed by Filter": 374400,
                                            "Workers": [
                                                {
                                                    "Worker Number": 0,
                                                    "Actual Startup Time": 2.465,
                                                    "Actual Total Time": 77.174,
                                                    "Actual Rows": 97619,
                                                    "Actual Loops": 1
                                                },
                                                {
                                                    "Worker Number": 1,
                                                    "Actual Startup Time": 39.411,
                                                    "Actual Total Time": 74.727,
                                                    "Actual Rows": 137897,
                                                    "Actual Loops": 1
                                                },
                                                {
                                                    "Worker Number": 2,
                                                    "Actual Startup Time": 39.48,
                                                    "Actual Total Time": 77.276,
                                                    "Actual Rows": 98957,
                                                    "Actual Loops": 1
                                                },
                                                {
                                                    "Worker Number": 3,
                                                    "Actual Startup Time": 39.467,
                                                    "Actual Total Time": 76.066,
                                                    "Actual Rows": 149071,
                                                    "Actual Loops": 1
                                                }
                                            ]
                                        },
                                        {
                                            "Node Type": "Hash",
                                            "Parent Relationship": "Inner",
                                            "Parallel Aware": true,
                                            "Startup Cost": 31052.23,
                                            "Total Cost": 31052.23,
                                            "Plan Rows": 76436,
                                            "Plan Width": 4,
                                            "Actual Startup Time": 97.362,
                                            "Actual Total Time": 97.363,
                                            "Actual Rows": 22674,
                                            "Actual Loops": 5,
                                            "Output": [
                                                "mc.movie_id"
                                            ],
                                            "Hash Buckets": 262144,
                                            "Original Hash Buckets": 262144,
                                            "Hash Batches": 1,
                                            "Original Hash Batches": 1,
                                            "Peak Memory Usage": 6528,
                                            "Workers": [
                                                {
                                                    "Worker Number": 0,
                                                    "Actual Startup Time": 95.225,
                                                    "Actual Total Time": 95.227,
                                                    "Actual Rows": 18269,
                                                    "Actual Loops": 1
                                                },
                                                {
                                                    "Worker Number": 1,
                                                    "Actual Startup Time": 95.326,
                                                    "Actual Total Time": 95.327,
                                                    "Actual Rows": 17867,
                                                    "Actual Loops": 1
                                                },
                                                {
                                                    "Worker Number": 2,
                                                    "Actual Startup Time": 100.912,
                                                    "Actual Total Time": 100.914,
                                                    "Actual Rows": 18470,
                                                    "Actual Loops": 1
                                                },
                                                {
                                                    "Worker Number": 3,
                                                    "Actual Startup Time": 96.394,
                                                    "Actual Total Time": 96.396,
                                                    "Actual Rows": 23605,
                                                    "Actual Loops": 1
                                                }
                                            ],
                                            "Plans": [
                                                {
                                                    "Node Type": "Bitmap Heap Scan",
                                                    "Parent Relationship": "Outer",
                                                    "Parallel Aware": true,
                                                    "Relation Name": "movie_companies",
                                                    "Schema": "public",
                                                    "Alias": "mc",
                                                    "Startup Cost": 10013.38,
                                                    "Total Cost": 31052.23,
                                                    "Plan Rows": 76436,
                                                    "Plan Width": 4,
                                                    "Actual Startup Time": 75.168,
                                                    "Actual Total Time": 89.478,
                                                    "Actual Rows": 22674,
                                                    "Actual Loops": 5,
                                                    "Output": [
                                                        "mc.movie_id"
                                                    ],
                                                    "Recheck Cond": "(mc.company_id < 394)",
                                                    "Rows Removed by Index Recheck": 0,
                                                    "Filter": "(mc.company_type_id > 1)",
                                                    "Rows Removed by Filter": 68942,
                                                    "Exact Heap Blocks": 7485,
                                                    "Lossy Heap Blocks": 0,
                                                    "Workers": [
                                                        {
                                                            "Worker Number": 0,
                                                            "Actual Startup Time": 73.412,
                                                            "Actual Total Time": 88.194,
                                                            "Actual Rows": 18269,
                                                            "Actual Loops": 1
                                                        },
                                                        {
                                                            "Worker Number": 1,
                                                            "Actual Startup Time": 73.495,
                                                            "Actual Total Time": 87.486,
                                                            "Actual Rows": 17867,
                                                            "Actual Loops": 1
                                                        },
                                                        {
                                                            "Worker Number": 2,
                                                            "Actual Startup Time": 77.163,
                                                            "Actual Total Time": 92.013,
                                                            "Actual Rows": 18470,
                                                            "Actual Loops": 1
                                                        },
                                                        {
                                                            "Worker Number": 3,
                                                            "Actual Startup Time": 74.569,
                                                            "Actual Total Time": 89.277,
                                                            "Actual Rows": 23605,
                                                            "Actual Loops": 1
                                                        }
                                                    ],
                                                    "Plans": [
                                                        {
                                                            "Node Type": "Bitmap Index Scan",
                                                            "Parent Relationship": "Outer",
                                                            "Parallel Aware": false,
                                                            "Index Name": "company_id_movie_companies",
                                                            "Startup Cost": 0.0,
                                                            "Total Cost": 9954.15,
                                                            "Plan Rows": 464762,
                                                            "Plan Width": 0,
                                                            "Actual Startup Time": 37.222,
                                                            "Actual Total Time": 37.222,
                                                            "Actual Rows": 458080,
                                                            "Actual Loops": 1,
                                                            "Index Cond": "(mc.company_id < 394)"
                                                        }
                                                    ]
                                                }
                                            ]
                                        }
                                    ]
                                }
                            ]
                        }
                    ]
                }
            ]
        },
        "Planning Time": 250.173,
        "Triggers": [],
        "Execution Time": 217.329
    }
]