[
  {
    "Plan": {
      "Node Type": "Aggregate",
      "Strategy": "Plain",
      "Partial Mode": "Finalize",
      "Parallel Aware": false,
      "Startup Cost": 229466.62,
      "Total Cost": 229466.63,
      "Plan Rows": 1,
      "Plan Width": 8,
      "Actual Startup Time": 1170.726,
      "Actual Total Time": 1200.825,
      "Actual Rows": 1,
      "Actual Loops": 1,
      "Plans": [
        {
          "Node Type": "Gather",
          "Parent Relationship": "Outer",
          "Parallel Aware": false,
          "Startup Cost": 229466.31,
          "Total Cost": 229466.62,
          "Plan Rows": 3,
          "Plan Width": 8,
          "Actual Startup Time": 1166.26,
          "Actual Total Time": 1200.818,
          "Actual Rows": 4,
          "Actual Loops": 1,
          "Workers Planned": 3,
          "Workers Launched": 3,
          "Single Copy": false,
          "Plans": [
            {
              "Node Type": "Aggregate",
              "Strategy": "Plain",
              "Partial Mode": "Partial",
              "Parent Relationship": "Outer",
              "Parallel Aware": false,
              "Startup Cost": 228466.31,
              "Total Cost": 228466.32,
              "Plan Rows": 1,
              "Plan Width": 8,
              "Actual Startup Time": 1160.144,
              "Actual Total Time": 1160.147,
              "Actual Rows": 1,
              "Actual Loops": 4,
              "Plans": [
                {
                  "Node Type": "Nested Loop",
                  "Parent Relationship": "Outer",
                  "Parallel Aware": false,
                  "Join Type": "Inner",
                  "Startup Cost": 56261.01,
                  "Total Cost": 227433.08,
                  "Plan Rows": 413292,
                  "Plan Width": 0,
                  "Actual Startup Time": 231.868,
                  "Actual Total Time": 1064.412,
                  "Actual Rows": 2204989,
                  "Actual Loops": 4,
                  "Inner Unique": false,
                  "Plans": [
                    {
                      "Node Type": "Hash Join",
                      "Parent Relationship": "Outer",
                      "Parallel Aware": true,
                      "Join Type": "Inner",
                      "Startup Cost": 56260.57,
                      "Total Cost": 82406.77,
                      "Plan Rows": 70819,
                      "Plan Width": 8,
                      "Actual Startup Time": 231.802,
                      "Actual Total Time": 292.9,
                      "Actual Rows": 44382,
                      "Actual Loops": 4,
                      "Inner Unique": true,
                      "Hash Cond": "(mk.movie_id = t.id)",
                      "Plans": [
                        {
                          "Node Type": "Bitmap Heap Scan",
                          "Parent Relationship": "Outer",
                          "Parallel Aware": true,
                          "Relation Name": "movie_keyword",
                          "Alias": "mk",
                          "Startup Cost": 7360.37,
                          "Total Cost": 33212.87,
                          "Plan Rows": 111881,
                          "Plan Width": 4,
                          "Actual Startup Time": 28.302,
                          "Actual Total Time": 56.991,
                          "Actual Rows": 87244,
                          "Actual Loops": 4,
                          "Recheck Cond": "(keyword_id < 309)",
                          "Rows Removed by Index Recheck": 0,
                          "Exact Heap Blocks": 6973,
                          "Lossy Heap Blocks": 0,
                          "Plans": [
                            {
                              "Node Type": "Bitmap Index Scan",
                              "Parent Relationship": "Outer",
                              "Parallel Aware": false,
                              "Index Name": "keyword_id_movie_keyword",
                              "Startup Cost": 0.0,
                              "Total Cost": 7273.66,
                              "Plan Rows": 346830,
                              "Plan Width": 0,
                              "Actual Startup Time": 24.676,
                              "Actual Total Time": 24.676,
                              "Actual Rows": 348976,
                              "Actual Loops": 1,
                              "Index Cond": "(keyword_id < 309)"
                            }
                          ]
                        },
                        {
                          "Node Type": "Hash",
                          "Parent Relationship": "Inner",
                          "Parallel Aware": true,
                          "Startup Cost": 43899.01,
                          "Total Cost": 43899.01,
                          "Plan Rows": 400096,
                          "Plan Width": 4,
                          "Actual Startup Time": 199.047,
                          "Actual Total Time": 199.047,
                          "Actual Rows": 401769,
                          "Actual Loops": 4,
                          "Hash Buckets": 2097152,
                          "Original Hash Buckets": 2097152,
                          "Hash Batches": 1,
                          "Original Hash Batches": 1,
                          "Peak Memory Usage": 79328,
                          "Plans": [
                            {
                              "Node Type": "Seq Scan",
                              "Parent Relationship": "Outer",
                              "Parallel Aware": true,
                              "Relation Name": "title",
                              "Alias": "t",
                              "Startup Cost": 0.0,
                              "Total Cost": 43899.01,
                              "Plan Rows": 400096,
                              "Plan Width": 4,
                              "Actual Startup Time": 0.015,
                              "Actual Total Time": 87.505,
                              "Actual Rows": 401769,
                              "Actual Loops": 4,
                              "Filter": "(production_year > 1995)",
                              "Rows Removed by Filter": 230309
                            }
                          ]
                        }
                      ]
                    },
                    {
                      "Node Type": "Index Only Scan",
                      "Parent Relationship": "Inner",
                      "Parallel Aware": false,
                      "Scan Direction": "Forward",
                      "Index Name": "movie_id_movie_info",
                      "Relation Name": "movie_info",
                      "Alias": "mi",
                      "Startup Cost": 0.43,
                      "Total Cost": 1.66,
                      "Plan Rows": 39,
                      "Plan Width": 4,
                      "Actual Startup Time": 0.004,
                      "Actual Total Time": 0.014,
                      "Actual Rows": 50,
                      "Actual Loops": 177528,
                      "Index Cond": "(movie_id = t.id)",
                      "Rows Removed by Index Recheck": 0,
                      "Heap Fetches": 8819957
                    }
                  ]
                }
              ]
            }
          ]
        }
      ]
    },
    "Planning Time": 0.511,
    "Triggers": [],
    "Execution Time": 1200.881
  }
]