[
  {
    "Plan": {
      "Node Type": "Aggregate",
      "Strategy": "Plain",
      "Partial Mode": "Finalize",
      "Parallel Aware": false,
      "Startup Cost": 45654.74,
      "Total Cost": 45654.75,
      "Plan Rows": 1,
      "Plan Width": 8,
      "Actual Startup Time": 153.765,
      "Actual Total Time": 163.507,
      "Actual Rows": 1,
      "Actual Loops": 1,
      "Plans": [
        {
          "Node Type": "Gather",
          "Parent Relationship": "Outer",
          "Parallel Aware": false,
          "Startup Cost": 45654.42,
          "Total Cost": 45654.73,
          "Plan Rows": 3,
          "Plan Width": 8,
          "Actual Startup Time": 153.65,
          "Actual Total Time": 163.497,
          "Actual Rows": 4,
          "Actual Loops": 1,
          "Workers Planned": 3,
          "Workers Launched": 3,
          "Single Copy": false,
          "Plans": [
            {
              "Node Type": "Aggregate",
              "Strategy": "Plain",
              "Partial Mode": "Partial",
              "Parent Relationship": "Outer",
              "Parallel Aware": false,
              "Startup Cost": 44654.42,
              "Total Cost": 44654.43,
              "Plan Rows": 1,
              "Plan Width": 8,
              "Actual Startup Time": 145.175,
              "Actual Total Time": 145.176,
              "Actual Rows": 1,
              "Actual Loops": 4,
              "Plans": [
                {
                  "Node Type": "Seq Scan",
                  "Parent Relationship": "Outer",
                  "Parallel Aware": true,
                  "Relation Name": "movie_keyword",
                  "Alias": "mk",
                  "Startup Cost": 0.0,
                  "Total Cost": 42695.65,
                  "Plan Rows": 783508,
                  "Plan Width": 0,
                  "Actual Startup Time": 0.059,
                  "Actual Total Time": 117.412,
                  "Actual Rows": 607288,
                  "Actual Loops": 4,
                  "Filter": "(keyword_id < 5760)",
                  "Rows Removed by Filter": 523694
                }
              ]
            }
          ]
        }
      ]
    },
    "Planning Time": 0.15,
    "Triggers": [],
    "Execution Time": 163.563
  }
]