{
  "Plan": {
    "Node Type": "Aggregate",
    "Strategy": "Plain",
    "Partial Mode": "Finalize",
    "Parallel Aware": false,
    "Startup Cost": 34240.54,
    "Total Cost": 34240.55,
    "Plan Rows": 1,
    "Plan Width": 8,
    "Actual Startup Time": 68.402,
    "Actual Total Time": 78.261,
    "Actual Rows": 1,
    "Actual Loops": 1,
    "Plans": [
      {
        "Node Type": "Gather",
        "Parent Relationship": "Outer",
        "Parallel Aware": false,
        "Startup Cost": 34240.42,
        "Total Cost": 34240.53,
        "Plan Rows": 1,
        "Plan Width": 8,
        "Actual Startup Time": 68.302,
        "Actual Total Time": 78.256,
        "Actual Rows": 2,
        "Actual Loops": 1,
        "Workers Planned": 1,
        "Workers Launched": 1,
        "Single Copy": false,
        "Plans": [
          {
            "Node Type": "Aggregate",
            "Strategy": "Plain",
            "Partial Mode": "Partial",
            "Parent Relationship": "Outer",
            "Parallel Aware": false,
            "Startup Cost": 33240.42,
            "Total Cost": 33240.43,
            "Plan Rows": 1,
            "Plan Width": 8,
            "Actual Startup Time": 62.047,
            "Actual Total Time": 62.049,
            "Actual Rows": 1,
            "Actual Loops": 2,
            "Plans": [
              {
                "Node Type": "Nested Loop",
                "Parent Relationship": "Outer",
                "Parallel Aware": false,
                "Join Type": "Inner",
                "Startup Cost": 101.52,
                "Total Cost": 33236.09,
                "Plan Rows": 1735,
                "Plan Width": 0,
                "Actual Startup Time": 3.762,
                "Actual Total Time": 60.823,
                "Actual Rows": 16140,
                "Actual Loops": 2,
                "Inner Unique": false,
                "Plans": [
                  {
                    "Node Type": "Nested Loop",
                    "Parent Relationship": "Outer",
                    "Parallel Aware": false,
                    "Join Type": "Inner",
                    "Startup Cost": 101.09,
                    "Total Cost": 32158.94,
                    "Plan Rows": 1681,
                    "Plan Width": 8,
                    "Actual Startup Time": 3.608,
                    "Actual Total Time": 34.766,
                    "Actual Rows": 1890,
                    "Actual Loops": 2,
                    "Inner Unique": true,
                    "Plans": [
                      {
                        "Node Type": "Bitmap Heap Scan",
                        "Parent Relationship": "Outer",
                        "Parallel Aware": true,
                        "Relation Name": "movie_keyword",
                        "Alias": "mk",
                        "Startup Cost": 100.66,
                        "Total Cost": 11857.91,
                        "Plan Rows": 2750,
                        "Plan Width": 4,
                        "Actual Startup Time": 3.467,
                        "Actual Total Time": 13.126,
                        "Actual Rows": 2529,
                        "Actual Loops": 2,
                        "Recheck Cond": "(keyword_id = 1633)",
                        "Rows Removed by Index Recheck": 0,
                        "Exact Heap Blocks": 3416,
                        "Lossy Heap Blocks": 0,
                        "Plans": [
                          {
                            "Node Type": "Bitmap Index Scan",
                            "Parent Relationship": "Outer",
                            "Parallel Aware": false,
                            "Index Name": "keyword_id_movie_keyword",
                            "Startup Cost": 0.0,
                            "Total Cost": 99.5,
                            "Plan Rows": 4675,
                            "Plan Width": 0,
                            "Actual Startup Time": 4.381,
                            "Actual Total Time": 4.381,
                            "Actual Rows": 5058,
                            "Actual Loops": 1,
                            "Index Cond": "(keyword_id = 1633)"
                          }
                        ]
                      },
                      {
                        "Node Type": "Index Scan",
                        "Parent Relationship": "Inner",
                        "Parallel Aware": false,
                        "Scan Direction": "Forward",
                        "Index Name": "title_pkey",
                        "Relation Name": "title",
                        "Alias": "t",
                        "Startup Cost": 0.43,
                        "Total Cost": 7.38,
                        "Plan Rows": 1,
                        "Plan Width": 4,
                        "Actual Startup Time": 0.008,
                        "Actual Total Time": 0.008,
                        "Actual Rows": 1,
                        "Actual Loops": 5058,
                        "Index Cond": "(id = mk.movie_id)",
                        "Rows Removed by Index Recheck": 0,
                        "Filter": "(production_year < 2007)",
                        "Rows Removed by Filter": 0
                      }
                    ]
                  },
                  {
                    "Node Type": "Index Only Scan",
                    "Parent Relationship": "Inner",
                    "Parallel Aware": false,
                    "Scan Direction": "Forward",
                    "Index Name": "movie_id_movie_companies",
                    "Relation Name": "movie_companies",
                    "Alias": "mc",
                    "Startup Cost": 0.43,
                    "Total Cost": 0.59,
                    "Plan Rows": 5,
                    "Plan Width": 4,
                    "Actual Startup Time": 0.008,
                    "Actual Total Time": 0.013,
                    "Actual Rows": 9,
                    "Actual Loops": 3781,
                    "Index Cond": "(movie_id = t.id)",
                    "Rows Removed by Index Recheck": 0,
                    "Heap Fetches": 32281
                  }
                ]
              }
            ]
          }
        ]
      }
    ]
  },
  "Planning Time": 1.094,
  "Triggers": [],
  "Execution Time": 78.369
}