[
  {
    "Plan": {
      "Node Type": "Aggregate",
      "Strategy": "Plain",
      "Partial Mode": "Finalize",
      "Parallel Aware": false,
      "Startup Cost": 333501.6,
      "Total Cost": 333501.61,
      "Plan Rows": 1,
      "Plan Width": 8,
      "Actual Startup Time": 600.951,
      "Actual Total Time": 655.319,
      "Actual Rows": 1,
      "Actual Loops": 1,
      "Plans": [
        {
          "Node Type": "Gather",
          "Parent Relationship": "Outer",
          "Parallel Aware": false,
          "Startup Cost": 333500.98,
          "Total Cost": 333501.59,
          "Plan Rows": 6,
          "Plan Width": 8,
          "Actual Startup Time": 600.807,
          "Actual Total Time": 655.307,
          "Actual Rows": 7,
          "Actual Loops": 1,
          "Workers Planned": 6,
          "Workers Launched": 6,
          "Single Copy": false,
          "Plans": [
            {
              "Node Type": "Aggregate",
              "Strategy": "Plain",
              "Partial Mode": "Partial",
              "Parent Relationship": "Outer",
              "Parallel Aware": false,
              "Startup Cost": 332500.98,
              "Total Cost": 332500.99,
              "Plan Rows": 1,
              "Plan Width": 8,
              "Actual Startup Time": 592.443,
              "Actual Total Time": 592.444,
              "Actual Rows": 1,
              "Actual Loops": 7,
              "Plans": [
                {
                  "Node Type": "Seq Scan",
                  "Parent Relationship": "Outer",
                  "Parallel Aware": true,
                  "Relation Name": "cast_info",
                  "Alias": "ci",
                  "Startup Cost": 0.0,
                  "Total Cost": 328162.03,
                  "Plan Rows": 1735580,
                  "Plan Width": 0,
                  "Actual Startup Time": 271.7,
                  "Actual Total Time": 527.573,
                  "Actual Rows": 1470779,
                  "Actual Loops": 7,
                  "Filter": "(person_id > 2682229)",
                  "Rows Removed by Filter": 3706985
                }
              ]
            }
          ]
        }
      ]
    },
    "Planning Time": 0.195,
    "Triggers": [],
    "Execution Time": 655.395
  }
]