[
  {
    "Plan": {
      "Node Type": "Aggregate",
      "Strategy": "Plain",
      "Partial Mode": "Simple",
      "Parallel Aware": false,
      "Startup Cost": 19567.1,
      "Total Cost": 19567.11,
      "Plan Rows": 1,
      "Plan Width": 8,
      "Actual Startup Time": 5.443,
      "Actual Total Time": 5.444,
      "Actual Rows": 1,
      "Actual Loops": 1,
      "Plans": [
        {
          "Node Type": "Bitmap Heap Scan",
          "Parent Relationship": "Outer",
          "Parallel Aware": false,
          "Relation Name": "movie_companies",
          "Alias": "mc",
          "Startup Cost": 352.85,
          "Total Cost": 19546.26,
          "Plan Rows": 8336,
          "Plan Width": 0,
          "Actual Startup Time": 0.675,
          "Actual Total Time": 4.655,
          "Actual Rows": 15373,
          "Actual Loops": 1,
          "Recheck Cond": "(company_id > 220487)",
          "Rows Removed by Index Recheck": 0,
          "Filter": "(company_type_id = 2)",
          "Rows Removed by Filter": 0,
          "Exact Heap Blocks": 680,
          "Lossy Heap Blocks": 0,
          "Plans": [
            {
              "Node Type": "Bitmap Index Scan",
              "Parent Relationship": "Outer",
              "Parallel Aware": false,
              "Index Name": "company_id_movie_companies",
              "Startup Cost": 0.0,
              "Total Cost": 350.76,
              "Plan Rows": 16311,
              "Plan Width": 0,
              "Actual Startup Time": 0.594,
              "Actual Total Time": 0.594,
              "Actual Rows": 15373,
              "Actual Loops": 1,
              "Index Cond": "(company_id > 220487)"
            }
          ]
        }
      ]
    },
    "Planning Time": 0.083,
    "Triggers": [],
    "Execution Time": 5.467
  }
]