[
  {
    "Plan": {
      "Node Type": "Aggregate",
      "Strategy": "Plain",
      "Partial Mode": "Finalize",
      "Parallel Aware": false,
      "Startup Cost": 30980.75,
      "Total Cost": 30980.76,
      "Plan Rows": 1,
      "Plan Width": 8,
      "Actual Startup Time": 95.45,
      "Actual Total Time": 103.031,
      "Actual Rows": 1,
      "Actual Loops": 1,
      "Plans": [
        {
          "Node Type": "Gather",
          "Parent Relationship": "Outer",
          "Parallel Aware": false,
          "Startup Cost": 30980.44,
          "Total Cost": 30980.75,
          "Plan Rows": 3,
          "Plan Width": 8,
          "Actual Startup Time": 95.365,
          "Actual Total Time": 103.024,
          "Actual Rows": 4,
          "Actual Loops": 1,
          "Workers Planned": 3,
          "Workers Launched": 3,
          "Single Copy": false,
          "Plans": [
            {
              "Node Type": "Aggregate",
              "Strategy": "Plain",
              "Partial Mode": "Partial",
              "Parent Relationship": "Outer",
              "Parallel Aware": false,
              "Startup Cost": 29980.44,
              "Total Cost": 29980.45,
              "Plan Rows": 1,
              "Plan Width": 8,
              "Actual Startup Time": 87.219,
              "Actual Total Time": 87.22,
              "Actual Rows": 1,
              "Actual Loops": 4,
              "Plans": [
                {
                  "Node Type": "Seq Scan",
                  "Parent Relationship": "Outer",
                  "Parallel Aware": true,
                  "Relation Name": "movie_companies",
                  "Alias": "mc",
                  "Startup Cost": 0.0,
                  "Total Cost": 29310.68,
                  "Plan Rows": 267902,
                  "Plan Width": 0,
                  "Actual Startup Time": 24.245,
                  "Actual Total Time": 78.201,
                  "Actual Rows": 210740,
                  "Actual Loops": 4,
                  "Filter": "(company_id > 25880)",
                  "Rows Removed by Filter": 441542
                }
              ]
            }
          ]
        }
      ]
    },
    "Planning Time": 0.101,
    "Triggers": [],
    "Execution Time": 103.071
  }
]