[
  {
    "Plan": {
      "Node Type": "Aggregate",
      "Strategy": "Plain",
      "Partial Mode": "Finalize",
      "Parallel Aware": false,
      "Startup Cost": 32159.28,
      "Total Cost": 32159.29,
      "Plan Rows": 1,
      "Plan Width": 8,
      "Actual Startup Time": 116.001,
      "Actual Total Time": 124.094,
      "Actual Rows": 1,
      "Actual Loops": 1,
      "Plans": [
        {
          "Node Type": "Gather",
          "Parent Relationship": "Outer",
          "Parallel Aware": false,
          "Startup Cost": 32158.96,
          "Total Cost": 32159.27,
          "Plan Rows": 3,
          "Plan Width": 8,
          "Actual Startup Time": 115.887,
          "Actual Total Time": 124.088,
          "Actual Rows": 4,
          "Actual Loops": 1,
          "Workers Planned": 3,
          "Workers Launched": 3,
          "Single Copy": false,
          "Plans": [
            {
              "Node Type": "Aggregate",
              "Strategy": "Plain",
              "Partial Mode": "Partial",
              "Parent Relationship": "Outer",
              "Parallel Aware": false,
              "Startup Cost": 31158.96,
              "Total Cost": 31158.97,
              "Plan Rows": 1,
              "Plan Width": 8,
              "Actual Startup Time": 109.501,
              "Actual Total Time": 109.502,
              "Actual Rows": 1,
              "Actual Loops": 4,
              "Plans": [
                {
                  "Node Type": "Seq Scan",
                  "Parent Relationship": "Outer",
                  "Parallel Aware": true,
                  "Relation Name": "movie_companies",
                  "Alias": "mc",
                  "Startup Cost": 0.0,
                  "Total Cost": 29310.68,
                  "Plan Rows": 739311,
                  "Plan Width": 0,
                  "Actual Startup Time": 0.04,
                  "Actual Total Time": 82.493,
                  "Actual Rows": 573442,
                  "Actual Loops": 4,
                  "Filter": "(company_id < 91978)",
                  "Rows Removed by Filter": 78840
                }
              ]
            }
          ]
        }
      ]
    },
    "Planning Time": 0.153,
    "Triggers": [],
    "Execution Time": 124.142
  }
]