{
    "Plan": {
        "Node Type": "Aggregate",
        "Strategy": "Plain",
        "Partial Mode": "Simple",
        "Parallel Aware": false,
        "Startup Cost": 60002953920.44,
        "Total Cost": 60002953920.45,
        "Plan Rows": 1,
        "Plan Width": 96,
        "Actual Startup Time": 8736.623,
        "Actual Total Time": 8736.86,
        "Actual Rows": 1,
        "Actual Loops": 1,
        "Output": [
            "min(chn.name)",
            "min(n.name)",
            "min(t.title)"
        ],
        "Plans": [
            {
                "Node Type": "Nested Loop",
                "Parent Relationship": "Outer",
                "Parallel Aware": false,
                "Join Type": "Inner",
                "Startup Cost": 60002953912.38,
                "Total Cost": 60002953920.43,
                "Plan Rows": 1,
                "Plan Width": 48,
                "Actual Startup Time": 8736.593,
                "Actual Total Time": 8736.848,
                "Actual Rows": 5,
                "Actual Loops": 1,
                "Output": [
                    "chn.name",
                    "n.name",
                    "t.title"
                ],
                "Inner Unique": true,
                "Plans": [
                    {
                        "Node Type": "Merge Join",
                        "Parent Relationship": "Outer",
                        "Parallel Aware": false,
                        "Join Type": "Inner",
                        "Startup Cost": 50002953912.23,
                        "Total Cost": 50002953912.26,
                        "Plan Rows": 1,
                        "Plan Width": 52,
                        "Actual Startup Time": 8736.548,
                        "Actual Total Time": 8736.787,
                        "Actual Rows": 5,
                        "Actual Loops": 1,
                        "Output": [
                            "ci.role_id",
                            "chn.name",
                            "n.name",
                            "t.title"
                        ],
                        "Inner Unique": false,
                        "Merge Cond": "(it.id = mi.info_type_id)",
                        "Plans": [
                            {
                                "Node Type": "Sort",
                                "Parent Relationship": "Outer",
                                "Parallel Aware": false,
                                "Startup Cost": 10000000002.42,
                                "Total Cost": 10000000002.43,
                                "Plan Rows": 1,
                                "Plan Width": 4,
                                "Actual Startup Time": 0.049,
                                "Actual Total Time": 0.051,
                                "Actual Rows": 1,
                                "Actual Loops": 1,
                                "Output": [
                                    "it.id"
                                ],
                                "Sort Key": [
                                    "it.id"
                                ],
                                "Sort Method": "quicksort",
                                "Sort Space Used": 25,
                                "Sort Space Type": "Memory",
                                "Plans": [
                                    {
                                        "Node Type": "Seq Scan",
                                        "Parent Relationship": "Outer",
                                        "Parallel Aware": false,
                                        "Relation Name": "info_type",
                                        "Schema": "public",
                                        "Alias": "it",
                                        "Startup Cost": 10000000000.0,
                                        "Total Cost": 10000000002.41,
                                        "Plan Rows": 1,
                                        "Plan Width": 4,
                                        "Actual Startup Time": 0.035,
                                        "Actual Total Time": 0.043,
                                        "Actual Rows": 1,
                                        "Actual Loops": 1,
                                        "Output": [
                                            "it.id"
                                        ],
                                        "Filter": "((it.info)::text = 'release dates'::text)",
                                        "Rows Removed by Filter": 112
                                    }
                                ]
                            },
                            {
                                "Node Type": "Sort",
                                "Parent Relationship": "Inner",
                                "Parallel Aware": false,
                                "Startup Cost": 40002953909.81,
                                "Total Cost": 40002953909.82,
                                "Plan Rows": 1,
                                "Plan Width": 56,
                                "Actual Startup Time": 8736.496,
                                "Actual Total Time": 8736.73,
                                "Actual Rows": 5,
                                "Actual Loops": 1,
                                "Output": [
                                    "ci.role_id",
                                    "chn.name",
                                    "mi.info_type_id",
                                    "n.name",
                                    "t.title"
                                ],
                                "Sort Key": [
                                    "mi.info_type_id"
                                ],
                                "Sort Method": "quicksort",
                                "Sort Space Used": 25,
                                "Sort Space Type": "Memory",
                                "Plans": [
                                    {
                                        "Node Type": "Merge Join",
                                        "Parent Relationship": "Outer",
                                        "Parallel Aware": false,
                                        "Join Type": "Inner",
                                        "Startup Cost": 40002953726.13,
                                        "Total Cost": 40002953909.8,
                                        "Plan Rows": 1,
                                        "Plan Width": 56,
                                        "Actual Startup Time": 8735.993,
                                        "Actual Total Time": 8736.723,
                                        "Actual Rows": 5,
                                        "Actual Loops": 1,
                                        "Output": [
                                            "ci.role_id",
                                            "chn.name",
                                            "mi.info_type_id",
                                            "n.name",
                                            "t.title"
                                        ],
                                        "Inner Unique": false,
                                        "Merge Cond": "(n.id = ci.person_id)",
                                        "Plans": [
                                            {
                                                "Node Type": "Sort",
                                                "Parent Relationship": "Outer",
                                                "Parallel Aware": false,
                                                "Startup Cost": 10000121000.85,
                                                "Total Cost": 10000121095.37,
                                                "Plan Rows": 37808,
                                                "Plan Width": 19,
                                                "Actual Startup Time": 738.266,
                                                "Actual Total Time": 740.108,
                                                "Actual Rows": 29736,
                                                "Actual Loops": 1,
                                                "Output": [
                                                    "n.name",
                                                    "n.id"
                                                ],
                                                "Sort Key": [
                                                    "n.id"
                                                ],
                                                "Sort Method": "quicksort",
                                                "Sort Space Used": 5246,
                                                "Sort Space Type": "Memory",
                                                "Plans": [
                                                    {
                                                        "Node Type": "Seq Scan",
                                                        "Parent Relationship": "Outer",
                                                        "Parallel Aware": false,
                                                        "Relation Name": "name",
                                                        "Schema": "public",
                                                        "Alias": "n",
                                                        "Startup Cost": 10000000000.0,
                                                        "Total Cost": 10000118126.24,
                                                        "Plan Rows": 37808,
                                                        "Plan Width": 19,
                                                        "Actual Startup Time": 301.869,
                                                        "Actual Total Time": 721.081,
                                                        "Actual Rows": 50011,
                                                        "Actual Loops": 1,
                                                        "Output": [
                                                            "n.name",
                                                            "n.id"
                                                        ],
                                                        "Filter": "((n.name ~~ '%An%'::text) AND ((n.gender)::text = 'f'::text))",
                                                        "Rows Removed by Filter": 4117480
                                                    }
                                                ]
                                            },
                                            {
                                                "Node Type": "Sort",
                                                "Parent Relationship": "Inner",
                                                "Parallel Aware": false,
                                                "Startup Cost": 30002832725.26,
                                                "Total Cost": 30002832725.27,
                                                "Plan Rows": 1,
                                                "Plan Width": 49,
                                                "Actual Startup Time": 7994.699,
                                                "Actual Total Time": 7994.934,
                                                "Actual Rows": 55,
                                                "Actual Loops": 1,
                                                "Output": [
                                                    "an.person_id",
                                                    "ci.person_id",
                                                    "ci.role_id",
                                                    "chn.name",
                                                    "mi.info_type_id",
                                                    "t.title"
                                                ],
                                                "Sort Key": [
                                                    "an.person_id"
                                                ],
                                                "Sort Method": "quicksort",
                                                "Sort Space Used": 30,
                                                "Sort Space Type": "Memory",
                                                "Plans": [
                                                    {
                                                        "Node Type": "Merge Join",
                                                        "Parent Relationship": "Outer",
                                                        "Parallel Aware": false,
                                                        "Join Type": "Inner",
                                                        "Startup Cost": 30002822597.93,
                                                        "Total Cost": 30002832725.25,
                                                        "Plan Rows": 1,
                                                        "Plan Width": 49,
                                                        "Actual Startup Time": 7994.654,
                                                        "Actual Total Time": 7994.904,
                                                        "Actual Rows": 55,
                                                        "Actual Loops": 1,
                                                        "Output": [
                                                            "an.person_id",
                                                            "ci.person_id",
                                                            "ci.role_id",
                                                            "chn.name",
                                                            "mi.info_type_id",
                                                            "t.title"
                                                        ],
                                                        "Inner Unique": false,
                                                        "Merge Cond": "(t.id = ci.movie_id)",
                                                        "Plans": [
                                                            {
                                                                "Node Type": "Sort",
                                                                "Parent Relationship": "Outer",
                                                                "Parallel Aware": false,
                                                                "Startup Cost": 20000751169.0,
                                                                "Total Cost": 20000751169.0,
                                                                "Plan Rows": 1,
                                                                "Plan Width": 37,
                                                                "Actual Startup Time": 2134.024,
                                                                "Actual Total Time": 2134.173,
                                                                "Actual Rows": 1,
                                                                "Actual Loops": 1,
                                                                "Output": [
                                                                    "mc.movie_id",
                                                                    "mi.movie_id",
                                                                    "mi.info_type_id",
                                                                    "mk.movie_id",
                                                                    "t.title",
                                                                    "t.id"
                                                                ],
                                                                "Sort Key": [
                                                                    "mc.movie_id"
                                                                ],
                                                                "Sort Method": "quicksort",
                                                                "Sort Space Used": 25,
                                                                "Sort Space Type": "Memory",
                                                                "Plans": [
                                                                    {
                                                                        "Node Type": "Hash Join",
                                                                        "Parent Relationship": "Outer",
                                                                        "Parallel Aware": false,
                                                                        "Join Type": "Inner",
                                                                        "Startup Cost": 20000730014.14,
                                                                        "Total Cost": 20000751168.99,
                                                                        "Plan Rows": 1,
                                                                        "Plan Width": 37,
                                                                        "Actual Startup Time": 2036.713,
                                                                        "Actual Total Time": 2134.163,
                                                                        "Actual Rows": 1,
                                                                        "Actual Loops": 1,
                                                                        "Output": [
                                                                            "mc.movie_id",
                                                                            "mi.movie_id",
                                                                            "mi.info_type_id",
                                                                            "mk.movie_id",
                                                                            "t.title",
                                                                            "t.id"
                                                                        ],
                                                                        "Inner Unique": false,
                                                                        "Hash Cond": "(mk.keyword_id = k.id)",
                                                                        "Plans": [
                                                                            {
                                                                                "Node Type": "Nested Loop",
                                                                                "Parent Relationship": "Outer",
                                                                                "Parallel Aware": false,
                                                                                "Join Type": "Inner",
                                                                                "Startup Cost": 20000727052.54,
                                                                                "Total Cost": 20000748207.37,
                                                                                "Plan Rows": 1,
                                                                                "Plan Width": 41,
                                                                                "Actual Startup Time": 2015.045,
                                                                                "Actual Total Time": 2112.508,
                                                                                "Actual Rows": 35,
                                                                                "Actual Loops": 1,
                                                                                "Output": [
                                                                                    "mc.movie_id",
                                                                                    "mi.movie_id",
                                                                                    "mi.info_type_id",
                                                                                    "mk.movie_id",
                                                                                    "mk.keyword_id",
                                                                                    "t.title",
                                                                                    "t.id"
                                                                                ],
                                                                                "Inner Unique": true,
                                                                                "Join Filter": "(mi.movie_id = t.id)",
                                                                                "Rows Removed by Join Filter": 0,
                                                                                "Plans": [
                                                                                    {
                                                                                        "Node Type": "Hash Join",
                                                                                        "Parent Relationship": "Outer",
                                                                                        "Parallel Aware": false,
                                                                                        "Join Type": "Inner",
                                                                                        "Startup Cost": 20000727052.11,
                                                                                        "Total Cost": 20000748164.97,
                                                                                        "Plan Rows": 84,
                                                                                        "Plan Width": 20,
                                                                                        "Actual Startup Time": 2014.554,
                                                                                        "Actual Total Time": 2108.944,
                                                                                        "Actual Rows": 2111,
                                                                                        "Actual Loops": 1,
                                                                                        "Output": [
                                                                                            "mc.movie_id",
                                                                                            "mi.movie_id",
                                                                                            "mi.info_type_id",
                                                                                            "mk.movie_id",
                                                                                            "mk.keyword_id"
                                                                                        ],
                                                                                        "Inner Unique": false,
                                                                                        "Hash Cond": "(mi.movie_id = mk.movie_id)",
                                                                                        "Plans": [
                                                                                            {
                                                                                                "Node Type": "Merge Join",
                                                                                                "Parent Relationship": "Outer",
                                                                                                "Parallel Aware": false,
                                                                                                "Join Type": "Inner",
                                                                                                "Startup Cost": 10000600809.68,
                                                                                                "Total Cost": 10000621911.14,
                                                                                                "Plan Rows": 7,
                                                                                                "Plan Width": 12,
                                                                                                "Actual Startup Time": 755.405,
                                                                                                "Actual Total Time": 849.371,
                                                                                                "Actual Rows": 288,
                                                                                                "Actual Loops": 1,
                                                                                                "Output": [
                                                                                                    "mc.movie_id",
                                                                                                    "mi.movie_id",
                                                                                                    "mi.info_type_id"
                                                                                                ],
                                                                                                "Inner Unique": false,
                                                                                                "Merge Cond": "(cn.id = mc.company_id)",
                                                                                                "Plans": [
                                                                                                    {
                                                                                                        "Node Type": "Index Scan",
                                                                                                        "Parent Relationship": "Outer",
                                                                                                        "Parallel Aware": false,
                                                                                                        "Scan Direction": "Forward",
                                                                                                        "Index Name": "company_name_pkey",
                                                                                                        "Relation Name": "company_name",
                                                                                                        "Schema": "public",
                                                                                                        "Alias": "cn",
                                                                                                        "Startup Cost": 10000000000.42,
                                                                                                        "Total Cost": 10000013041.93,
                                                                                                        "Plan Rows": 1,
                                                                                                        "Plan Width": 4,
                                                                                                        "Actual Startup Time": 0.481,
                                                                                                        "Actual Total Time": 94.206,
                                                                                                        "Actual Rows": 1,
                                                                                                        "Actual Loops": 1,
                                                                                                        "Output": [
                                                                                                            "cn.id",
                                                                                                            "cn.name",
                                                                                                            "cn.country_code",
                                                                                                            "cn.imdb_id",
                                                                                                            "cn.name_pcode_nf",
                                                                                                            "cn.name_pcode_sf",
                                                                                                            "cn.md5sum"
                                                                                                        ],
                                                                                                        "Filter": "(((cn.country_code)::text = '[us]'::text) AND (cn.name = 'NBC Universal Television'::text))",
                                                                                                        "Rows Removed by Filter": 234996
                                                                                                    },
                                                                                                    {
                                                                                                        "Node Type": "Sort",
                                                                                                        "Parent Relationship": "Inner",
                                                                                                        "Parallel Aware": false,
                                                                                                        "Startup Cost": 600606.99,
                                                                                                        "Total Cost": 604738.06,
                                                                                                        "Plan Rows": 1652427,
                                                                                                        "Plan Width": 16,
                                                                                                        "Actual Startup Time": 741.932,
                                                                                                        "Actual Total Time": 750.429,
                                                                                                        "Actual Rows": 55074,
                                                                                                        "Actual Loops": 1,
                                                                                                        "Output": [
                                                                                                            "mc.movie_id",
                                                                                                            "mc.company_id",
                                                                                                            "mi.movie_id",
                                                                                                            "mi.info_type_id"
                                                                                                        ],
                                                                                                        "Sort Key": [
                                                                                                            "mc.company_id"
                                                                                                        ],
                                                                                                        "Sort Method": "quicksort",
                                                                                                        "Sort Space Used": 34004,
                                                                                                        "Sort Space Type": "Memory",
                                                                                                        "Plans": [
                                                                                                            {
                                                                                                                "Node Type": "Gather",
                                                                                                                "Parent Relationship": "Outer",
                                                                                                                "Parallel Aware": false,
                                                                                                                "Startup Cost": 1000.43,
                                                                                                                "Total Cost": 429943.05,
                                                                                                                "Plan Rows": 1652427,
                                                                                                                "Plan Width": 16,
                                                                                                                "Actual Startup Time": 80.48,
                                                                                                                "Actual Total Time": 659.345,
                                                                                                                "Actual Rows": 463263,
                                                                                                                "Actual Loops": 1,
                                                                                                                "Output": [
                                                                                                                    "mc.movie_id",
                                                                                                                    "mc.company_id",
                                                                                                                    "mi.movie_id",
                                                                                                                    "mi.info_type_id"
                                                                                                                ],
                                                                                                                "Workers Planned": 5,
                                                                                                                "Workers Launched": 5,
                                                                                                                "Single Copy": false,
                                                                                                                "Plans": [
                                                                                                                    {
                                                                                                                        "Node Type": "Nested Loop",
                                                                                                                        "Parent Relationship": "Outer",
                                                                                                                        "Parallel Aware": false,
                                                                                                                        "Join Type": "Inner",
                                                                                                                        "Startup Cost": 0.43,
                                                                                                                        "Total Cost": 263700.35,
                                                                                                                        "Plan Rows": 330485,
                                                                                                                        "Plan Width": 16,
                                                                                                                        "Actual Startup Time": 105.534,
                                                                                                                        "Actual Total Time": 649.128,
                                                                                                                        "Actual Rows": 77210,
                                                                                                                        "Actual Loops": 6,
                                                                                                                        "Output": [
                                                                                                                            "mc.movie_id",
                                                                                                                            "mc.company_id",
                                                                                                                            "mi.movie_id",
                                                                                                                            "mi.info_type_id"
                                                                                                                        ],
                                                                                                                        "Inner Unique": false,
                                                                                                                        "Workers": [
                                                                                                                            {
                                                                                                                                "Worker Number": 0,
                                                                                                                                "Actual Startup Time": 133.245,
                                                                                                                                "Actual Total Time": 659.113,
                                                                                                                                "Actual Rows": 67268,
                                                                                                                                "Actual Loops": 1
                                                                                                                            },
                                                                                                                            {
                                                                                                                                "Worker Number": 1,
                                                                                                                                "Actual Startup Time": 133.663,
                                                                                                                                "Actual Total Time": 658.73,
                                                                                                                                "Actual Rows": 69318,
                                                                                                                                "Actual Loops": 1
                                                                                                                            },
                                                                                                                            {
                                                                                                                                "Worker Number": 2,
                                                                                                                                "Actual Startup Time": 133.707,
                                                                                                                                "Actual Total Time": 658.804,
                                                                                                                                "Actual Rows": 69093,
                                                                                                                                "Actual Loops": 1
                                                                                                                            },
                                                                                                                            {
                                                                                                                                "Worker Number": 3,
                                                                                                                                "Actual Startup Time": 82.798,
                                                                                                                                "Actual Total Time": 660.309,
                                                                                                                                "Actual Rows": 100321,
                                                                                                                                "Actual Loops": 1
                                                                                                                            },
                                                                                                                            {
                                                                                                                                "Worker Number": 4,
                                                                                                                                "Actual Startup Time": 69.72,
                                                                                                                                "Actual Total Time": 659.989,
                                                                                                                                "Actual Rows": 68315,
                                                                                                                                "Actual Loops": 1
                                                                                                                            }
                                                                                                                        ],
                                                                                                                        "Plans": [
                                                                                                                            {
                                                                                                                                "Node Type": "Seq Scan",
                                                                                                                                "Parent Relationship": "Outer",
                                                                                                                                "Parallel Aware": true,
                                                                                                                                "Relation Name": "movie_info",
                                                                                                                                "Schema": "public",
                                                                                                                                "Alias": "mi",
                                                                                                                                "Startup Cost": 0.0,
                                                                                                                                "Total Cost": 206258.29,
                                                                                                                                "Plan Rows": 61311,
                                                                                                                                "Plan Width": 8,
                                                                                                                                "Actual Startup Time": 105.247,
                                                                                                                                "Actual Total Time": 489.561,
                                                                                                                                "Actual Rows": 50208,
                                                                                                                                "Actual Loops": 6,
                                                                                                                                "Output": [
                                                                                                                                    "mi.id",
                                                                                                                                    "mi.movie_id",
                                                                                                                                    "mi.info_type_id",
                                                                                                                                    "mi.info",
                                                                                                                                    "mi.note"
                                                                                                                                ],
                                                                                                                                "Filter": "((mi.info IS NOT NULL) AND ((mi.info ~~ 'Japan:%201%'::text) OR (mi.info ~~ 'USA:%201%'::text)))",
                                                                                                                                "Rows Removed by Filter": 2422412,
                                                                                                                                "Workers": [
                                                                                                                                    {
                                                                                                                                        "Worker Number": 0,
                                                                                                                                        "Actual Startup Time": 133.164,
                                                                                                                                        "Actual Total Time": 492.116,
                                                                                                                                        "Actual Rows": 44364,
                                                                                                                                        "Actual Loops": 1
                                                                                                                                    },
                                                                                                                                    {
                                                                                                                                        "Worker Number": 1,
                                                                                                                                        "Actual Startup Time": 133.576,
                                                                                                                                        "Actual Total Time": 492.849,
                                                                                                                                        "Actual Rows": 43346,
                                                                                                                                        "Actual Loops": 1
                                                                                                                                    },
                                                                                                                                    {
                                                                                                                                        "Worker Number": 2,
                                                                                                                                        "Actual Startup Time": 133.625,
                                                                                                                                        "Actual Total Time": 491.801,
                                                                                                                                        "Actual Rows": 43577,
                                                                                                                                        "Actual Loops": 1
                                                                                                                                    },
                                                                                                                                    {
                                                                                                                                        "Worker Number": 3,
                                                                                                                                        "Actual Startup Time": 82.716,
                                                                                                                                        "Actual Total Time": 493.243,
                                                                                                                                        "Actual Rows": 65068,
                                                                                                                                        "Actual Loops": 1
                                                                                                                                    },
                                                                                                                                    {
                                                                                                                                        "Worker Number": 4,
                                                                                                                                        "Actual Startup Time": 69.619,
                                                                                                                                        "Actual Total Time": 492.103,
                                                                                                                                        "Actual Rows": 44095,
                                                                                                                                        "Actual Loops": 1
                                                                                                                                    }
                                                                                                                                ]
                                                                                                                            },
                                                                                                                            {
                                                                                                                                "Node Type": "Index Scan",
                                                                                                                                "Parent Relationship": "Inner",
                                                                                                                                "Parallel Aware": false,
                                                                                                                                "Scan Direction": "Forward",
                                                                                                                                "Index Name": "movie_id_movie_companies",
                                                                                                                                "Relation Name": "movie_companies",
                                                                                                                                "Schema": "public",
                                                                                                                                "Alias": "mc",
                                                                                                                                "Startup Cost": 0.43,
                                                                                                                                "Total Cost": 0.89,
                                                                                                                                "Plan Rows": 5,
                                                                                                                                "Plan Width": 8,
                                                                                                                                "Actual Startup Time": 0.002,
                                                                                                                                "Actual Total Time": 0.003,
                                                                                                                                "Actual Rows": 2,
                                                                                                                                "Actual Loops": 301247,
                                                                                                                                "Output": [
                                                                                                                                    "mc.id",
                                                                                                                                    "mc.movie_id",
                                                                                                                                    "mc.company_id",
                                                                                                                                    "mc.company_type_id",
                                                                                                                                    "mc.note"
                                                                                                                                ],
                                                                                                                                "Index Cond": "(mc.movie_id = mi.movie_id)",
                                                                                                                                "Rows Removed by Index Recheck": 0,
                                                                                                                                "Workers": [
                                                                                                                                    {
                                                                                                                                        "Worker Number": 0,
                                                                                                                                        "Actual Startup Time": 0.003,
                                                                                                                                        "Actual Total Time": 0.003,
                                                                                                                                        "Actual Rows": 2,
                                                                                                                                        "Actual Loops": 44364
                                                                                                                                    },
                                                                                                                                    {
                                                                                                                                        "Worker Number": 1,
                                                                                                                                        "Actual Startup Time": 0.003,
                                                                                                                                        "Actual Total Time": 0.003,
                                                                                                                                        "Actual Rows": 2,
                                                                                                                                        "Actual Loops": 43346
                                                                                                                                    },
                                                                                                                                    {
                                                                                                                                        "Worker Number": 2,
                                                                                                                                        "Actual Startup Time": 0.003,
                                                                                                                                        "Actual Total Time": 0.003,
                                                                                                                                        "Actual Rows": 2,
                                                                                                                                        "Actual Loops": 43577
                                                                                                                                    },
                                                                                                                                    {
                                                                                                                                        "Worker Number": 3,
                                                                                                                                        "Actual Startup Time": 0.002,
                                                                                                                                        "Actual Total Time": 0.002,
                                                                                                                                        "Actual Rows": 2,
                                                                                                                                        "Actual Loops": 65068
                                                                                                                                    },
                                                                                                                                    {
                                                                                                                                        "Worker Number": 4,
                                                                                                                                        "Actual Startup Time": 0.003,
                                                                                                                                        "Actual Total Time": 0.003,
                                                                                                                                        "Actual Rows": 2,
                                                                                                                                        "Actual Loops": 44095
                                                                                                                                    }
                                                                                                                                ]
                                                                                                                            }
                                                                                                                        ]
                                                                                                                    }
                                                                                                                ]
                                                                                                            }
                                                                                                        ]
                                                                                                    }
                                                                                                ]
                                                                                            },
                                                                                            {
                                                                                                "Node Type": "Hash",
                                                                                                "Parent Relationship": "Inner",
                                                                                                "Parallel Aware": false,
                                                                                                "Startup Cost": 10000069693.3,
                                                                                                "Total Cost": 10000069693.3,
                                                                                                "Plan Rows": 4523930,
                                                                                                "Plan Width": 8,
                                                                                                "Actual Startup Time": 1249.965,
                                                                                                "Actual Total Time": 1249.966,
                                                                                                "Actual Rows": 4523930,
                                                                                                "Actual Loops": 1,
                                                                                                "Output": [
                                                                                                    "mk.movie_id",
                                                                                                    "mk.keyword_id"
                                                                                                ],
                                                                                                "Hash Buckets": 8388608,
                                                                                                "Original Hash Buckets": 8388608,
                                                                                                "Hash Batches": 1,
                                                                                                "Original Hash Batches": 1,
                                                                                                "Peak Memory Usage": 242253,
                                                                                                "Plans": [
                                                                                                    {
                                                                                                        "Node Type": "Seq Scan",
                                                                                                        "Parent Relationship": "Outer",
                                                                                                        "Parallel Aware": false,
                                                                                                        "Relation Name": "movie_keyword",
                                                                                                        "Schema": "public",
                                                                                                        "Alias": "mk",
                                                                                                        "Startup Cost": 10000000000.0,
                                                                                                        "Total Cost": 10000069693.3,
                                                                                                        "Plan Rows": 4523930,
                                                                                                        "Plan Width": 8,
                                                                                                        "Actual Startup Time": 0.02,
                                                                                                        "Actual Total Time": 574.061,
                                                                                                        "Actual Rows": 4523930,
                                                                                                        "Actual Loops": 1,
                                                                                                        "Output": [
                                                                                                            "mk.movie_id",
                                                                                                            "mk.keyword_id"
                                                                                                        ]
                                                                                                    }
                                                                                                ]
                                                                                            }
                                                                                        ]
                                                                                    },
                                                                                    {
                                                                                        "Node Type": "Index Scan",
                                                                                        "Parent Relationship": "Inner",
                                                                                        "Parallel Aware": false,
                                                                                        "Scan Direction": "Forward",
                                                                                        "Index Name": "title_pkey",
                                                                                        "Relation Name": "title",
                                                                                        "Schema": "public",
                                                                                        "Alias": "t",
                                                                                        "Startup Cost": 0.43,
                                                                                        "Total Cost": 0.49,
                                                                                        "Plan Rows": 1,
                                                                                        "Plan Width": 21,
                                                                                        "Actual Startup Time": 0.001,
                                                                                        "Actual Total Time": 0.001,
                                                                                        "Actual Rows": 0,
                                                                                        "Actual Loops": 2111,
                                                                                        "Output": [
                                                                                            "t.id",
                                                                                            "t.title",
                                                                                            "t.imdb_index",
                                                                                            "t.kind_id",
                                                                                            "t.production_year",
                                                                                            "t.imdb_id",
                                                                                            "t.phonetic_code",
                                                                                            "t.episode_of_id",
                                                                                            "t.season_nr",
                                                                                            "t.episode_nr",
                                                                                            "t.series_years",
                                                                                            "t.md5sum"
                                                                                        ],
                                                                                        "Index Cond": "(t.id = mk.movie_id)",
                                                                                        "Rows Removed by Index Recheck": 0,
                                                                                        "Filter": "((t.title ~~ 'Kung Fu Panda%'::text) AND (t.production_year > 2008))",
                                                                                        "Rows Removed by Filter": 1
                                                                                    }
                                                                                ]
                                                                            },
                                                                            {
                                                                                "Node Type": "Hash",
                                                                                "Parent Relationship": "Inner",
                                                                                "Parallel Aware": false,
                                                                                "Startup Cost": 2961.55,
                                                                                "Total Cost": 2961.55,
                                                                                "Plan Rows": 4,
                                                                                "Plan Width": 4,
                                                                                "Actual Startup Time": 21.633,
                                                                                "Actual Total Time": 21.633,
                                                                                "Actual Rows": 4,
                                                                                "Actual Loops": 1,
                                                                                "Output": [
                                                                                    "k.id"
                                                                                ],
                                                                                "Hash Buckets": 1024,
                                                                                "Original Hash Buckets": 1024,
                                                                                "Hash Batches": 1,
                                                                                "Original Hash Batches": 1,
                                                                                "Peak Memory Usage": 9,
                                                                                "Plans": [
                                                                                    {
                                                                                        "Node Type": "Seq Scan",
                                                                                        "Parent Relationship": "Outer",
                                                                                        "Parallel Aware": false,
                                                                                        "Relation Name": "keyword",
                                                                                        "Schema": "public",
                                                                                        "Alias": "k",
                                                                                        "Startup Cost": 0.0,
                                                                                        "Total Cost": 2961.55,
                                                                                        "Plan Rows": 4,
                                                                                        "Plan Width": 4,
                                                                                        "Actual Startup Time": 0.413,
                                                                                        "Actual Total Time": 21.626,
                                                                                        "Actual Rows": 4,
                                                                                        "Actual Loops": 1,
                                                                                        "Output": [
                                                                                            "k.id"
                                                                                        ],
                                                                                        "Filter": "(k.keyword = ANY ('{claw,laser,tv-special,martial-artist}'::text[]))",
                                                                                        "Rows Removed by Filter": 134166
                                                                                    }
                                                                                ]
                                                                            }
                                                                        ]
                                                                    }
                                                                ]
                                                            },
                                                            {
                                                                "Node Type": "Sort",
                                                                "Parent Relationship": "Inner",
                                                                "Parallel Aware": false,
                                                                "Startup Cost": 10002071428.93,
                                                                "Total Cost": 10002076492.58,
                                                                "Plan Rows": 2025461,
                                                                "Plan Width": 32,
                                                                "Actual Startup Time": 5554.993,
                                                                "Actual Total Time": 5751.374,
                                                                "Actual Rows": 1571022,
                                                                "Actual Loops": 1,
                                                                "Output": [
                                                                    "an.person_id",
                                                                    "ci.movie_id",
                                                                    "ci.person_id",
                                                                    "ci.role_id",
                                                                    "chn.name"
                                                                ],
                                                                "Sort Key": [
                                                                    "ci.movie_id"
                                                                ],
                                                                "Sort Method": "quicksort",
                                                                "Sort Space Used": 184999,
                                                                "Sort Space Type": "Memory",
                                                                "Plans": [
                                                                    {
                                                                        "Node Type": "Merge Join",
                                                                        "Parent Relationship": "Outer",
                                                                        "Parallel Aware": false,
                                                                        "Join Type": "Inner",
                                                                        "Startup Cost": 10001829266.8,
                                                                        "Total Cost": 10001859263.73,
                                                                        "Plan Rows": 2025461,
                                                                        "Plan Width": 32,
                                                                        "Actual Startup Time": 3909.517,
                                                                        "Actual Total Time": 5084.046,
                                                                        "Actual Rows": 1732265,
                                                                        "Actual Loops": 1,
                                                                        "Output": [
                                                                            "an.person_id",
                                                                            "ci.movie_id",
                                                                            "ci.person_id",
                                                                            "ci.role_id",
                                                                            "chn.name"
                                                                        ],
                                                                        "Inner Unique": false,
                                                                        "Merge Cond": "(chn.id = ci.person_role_id)",
                                                                        "Plans": [
                                                                            {
                                                                                "Node Type": "Sort",
                                                                                "Parent Relationship": "Outer",
                                                                                "Parallel Aware": false,
                                                                                "Startup Cost": 10000406719.03,
                                                                                "Total Cost": 10000414569.6,
                                                                                "Plan Rows": 3140227,
                                                                                "Plan Width": 20,
                                                                                "Actual Startup Time": 1346.742,
                                                                                "Actual Total Time": 1799.591,
                                                                                "Actual Rows": 3140192,
                                                                                "Actual Loops": 1,
                                                                                "Output": [
                                                                                    "chn.name",
                                                                                    "chn.id"
                                                                                ],
                                                                                "Sort Key": [
                                                                                    "chn.id"
                                                                                ],
                                                                                "Sort Method": "quicksort",
                                                                                "Sort Space Used": 318840,
                                                                                "Sort Space Type": "Memory",
                                                                                "Plans": [
                                                                                    {
                                                                                        "Node Type": "Seq Scan",
                                                                                        "Parent Relationship": "Outer",
                                                                                        "Parallel Aware": false,
                                                                                        "Relation Name": "char_name",
                                                                                        "Schema": "public",
                                                                                        "Alias": "chn",
                                                                                        "Startup Cost": 10000000000.0,
                                                                                        "Total Cost": 10000067850.27,
                                                                                        "Plan Rows": 3140227,
                                                                                        "Plan Width": 20,
                                                                                        "Actual Startup Time": 0.026,
                                                                                        "Actual Total Time": 341.877,
                                                                                        "Actual Rows": 3140339,
                                                                                        "Actual Loops": 1,
                                                                                        "Output": [
                                                                                            "chn.name",
                                                                                            "chn.id"
                                                                                        ]
                                                                                    }
                                                                                ]
                                                                            },
                                                                            {
                                                                                "Node Type": "Sort",
                                                                                "Parent Relationship": "Inner",
                                                                                "Parallel Aware": false,
                                                                                "Startup Cost": 1422035.47,
                                                                                "Total Cost": 1427099.13,
                                                                                "Plan Rows": 2025461,
                                                                                "Plan Width": 20,
                                                                                "Actual Startup Time": 2562.763,
                                                                                "Actual Total Time": 2752.687,
                                                                                "Actual Rows": 1732266,
                                                                                "Actual Loops": 1,
                                                                                "Output": [
                                                                                    "an.person_id",
                                                                                    "ci.movie_id",
                                                                                    "ci.person_id",
                                                                                    "ci.role_id",
                                                                                    "ci.person_role_id"
                                                                                ],
                                                                                "Sort Key": [
                                                                                    "ci.person_role_id"
                                                                                ],
                                                                                "Sort Method": "quicksort",
                                                                                "Sort Space Used": 187970,
                                                                                "Sort Space Type": "Memory",
                                                                                "Plans": [
                                                                                    {
                                                                                        "Node Type": "Merge Join",
                                                                                        "Parent Relationship": "Outer",
                                                                                        "Parallel Aware": false,
                                                                                        "Join Type": "Inner",
                                                                                        "Startup Cost": 1175613.73,
                                                                                        "Total Cost": 1209870.27,
                                                                                        "Plan Rows": 2025461,
                                                                                        "Plan Width": 20,
                                                                                        "Actual Startup Time": 1737.025,
                                                                                        "Actual Total Time": 2132.745,
                                                                                        "Actual Rows": 1806603,
                                                                                        "Actual Loops": 1,
                                                                                        "Output": [
                                                                                            "an.person_id",
                                                                                            "ci.movie_id",
                                                                                            "ci.person_id",
                                                                                            "ci.role_id",
                                                                                            "ci.person_role_id"
                                                                                        ],
                                                                                        "Inner Unique": false,
                                                                                        "Merge Cond": "(an.person_id = ci.person_id)",
                                                                                        "Plans": [
                                                                                            {
                                                                                                "Node Type": "Sort",
                                                                                                "Parent Relationship": "Outer",
                                                                                                "Parallel Aware": false,
                                                                                                "Startup Cost": 109559.99,
                                                                                                "Total Cost": 111813.35,
                                                                                                "Plan Rows": 901343,
                                                                                                "Plan Width": 4,
                                                                                                "Actual Startup Time": 307.135,
                                                                                                "Actual Total Time": 362.153,
                                                                                                "Actual Rows": 766497,
                                                                                                "Actual Loops": 1,
                                                                                                "Output": [
                                                                                                    "an.person_id"
                                                                                                ],
                                                                                                "Sort Key": [
                                                                                                    "an.person_id"
                                                                                                ],
                                                                                                "Sort Method": "quicksort",
                                                                                                "Sort Space Used": 66827,
                                                                                                "Sort Space Type": "Memory",
                                                                                                "Plans": [
                                                                                                    {
                                                                                                        "Node Type": "Seq Scan",
                                                                                                        "Parent Relationship": "Outer",
                                                                                                        "Parallel Aware": false,
                                                                                                        "Relation Name": "aka_name",
                                                                                                        "Schema": "public",
                                                                                                        "Alias": "an",
                                                                                                        "Startup Cost": 0.0,
                                                                                                        "Total Cost": 20409.43,
                                                                                                        "Plan Rows": 901343,
                                                                                                        "Plan Width": 4,
                                                                                                        "Actual Startup Time": 0.023,
                                                                                                        "Actual Total Time": 91.419,
                                                                                                        "Actual Rows": 901343,
                                                                                                        "Actual Loops": 1,
                                                                                                        "Output": [
                                                                                                            "an.person_id"
                                                                                                        ]
                                                                                                    }
                                                                                                ]
                                                                                            },
                                                                                            {
                                                                                                "Node Type": "Sort",
                                                                                                "Parent Relationship": "Inner",
                                                                                                "Parallel Aware": false,
                                                                                                "Startup Cost": 1066053.29,
                                                                                                "Total Cost": 1068155.95,
                                                                                                "Plan Rows": 841064,
                                                                                                "Plan Width": 16,
                                                                                                "Actual Startup Time": 1429.875,
                                                                                                "Actual Total Time": 1508.54,
                                                                                                "Actual Rows": 2133543,
                                                                                                "Actual Loops": 1,
                                                                                                "Output": [
                                                                                                    "ci.movie_id",
                                                                                                    "ci.person_id",
                                                                                                    "ci.role_id",
                                                                                                    "ci.person_role_id"
                                                                                                ],
                                                                                                "Sort Key": [
                                                                                                    "ci.person_id"
                                                                                                ],
                                                                                                "Sort Method": "quicksort",
                                                                                                "Sort Space Used": 65239,
                                                                                                "Sort Space Type": "Memory",
                                                                                                "Plans": [
                                                                                                    {
                                                                                                        "Node Type": "Gather",
                                                                                                        "Parent Relationship": "Outer",
                                                                                                        "Parallel Aware": false,
                                                                                                        "Startup Cost": 1000.57,
                                                                                                        "Total Cost": 983284.79,
                                                                                                        "Plan Rows": 841064,
                                                                                                        "Plan Width": 16,
                                                                                                        "Actual Startup Time": 0.447,
                                                                                                        "Actual Total Time": 1284.118,
                                                                                                        "Actual Rows": 867477,
                                                                                                        "Actual Loops": 1,
                                                                                                        "Output": [
                                                                                                            "ci.movie_id",
                                                                                                            "ci.person_id",
                                                                                                            "ci.role_id",
                                                                                                            "ci.person_role_id"
                                                                                                        ],
                                                                                                        "Workers Planned": 6,
                                                                                                        "Workers Launched": 6,
                                                                                                        "Single Copy": false,
                                                                                                        "Plans": [
                                                                                                            {
                                                                                                                "Node Type": "Index Scan",
                                                                                                                "Parent Relationship": "Outer",
                                                                                                                "Parallel Aware": true,
                                                                                                                "Scan Direction": "Forward",
                                                                                                                "Index Name": "role_id_cast_info",
                                                                                                                "Relation Name": "cast_info",
                                                                                                                "Schema": "public",
                                                                                                                "Alias": "ci",
                                                                                                                "Startup Cost": 0.56,
                                                                                                                "Total Cost": 898178.39,
                                                                                                                "Plan Rows": 140177,
                                                                                                                "Plan Width": 16,
                                                                                                                "Actual Startup Time": 0.391,
                                                                                                                "Actual Total Time": 1296.937,
                                                                                                                "Actual Rows": 123925,
                                                                                                                "Actual Loops": 7,
                                                                                                                "Output": [
                                                                                                                    "ci.movie_id",
                                                                                                                    "ci.person_id",
                                                                                                                    "ci.role_id",
                                                                                                                    "ci.person_role_id"
                                                                                                                ],
                                                                                                                "Filter": "(ci.note = ANY ('{(voice),\"(voice: Japanese version)\",\"(voice) (uncredited)\",\"(voice: English version)\"}'::text[]))",
                                                                                                                "Rows Removed by Filter": 5053838,
                                                                                                                "Workers": [
                                                                                                                    {
                                                                                                                        "Worker Number": 0,
                                                                                                                        "Actual Startup Time": 0.573,
                                                                                                                        "Actual Total Time": 1326.332,
                                                                                                                        "Actual Rows": 112907,
                                                                                                                        "Actual Loops": 1
                                                                                                                    },
                                                                                                                    {
                                                                                                                        "Worker Number": 1,
                                                                                                                        "Actual Startup Time": 0.325,
                                                                                                                        "Actual Total Time": 1321.198,
                                                                                                                        "Actual Rows": 118226,
                                                                                                                        "Actual Loops": 1
                                                                                                                    },
                                                                                                                    {
                                                                                                                        "Worker Number": 2,
                                                                                                                        "Actual Startup Time": 0.138,
                                                                                                                        "Actual Total Time": 1323.733,
                                                                                                                        "Actual Rows": 119410,
                                                                                                                        "Actual Loops": 1
                                                                                                                    },
                                                                                                                    {
                                                                                                                        "Worker Number": 3,
                                                                                                                        "Actual Startup Time": 0.512,
                                                                                                                        "Actual Total Time": 1327.026,
                                                                                                                        "Actual Rows": 115379,
                                                                                                                        "Actual Loops": 1
                                                                                                                    },
                                                                                                                    {
                                                                                                                        "Worker Number": 4,
                                                                                                                        "Actual Startup Time": 0.976,
                                                                                                                        "Actual Total Time": 1325.368,
                                                                                                                        "Actual Rows": 161299,
                                                                                                                        "Actual Loops": 1
                                                                                                                    },
                                                                                                                    {
                                                                                                                        "Worker Number": 5,
                                                                                                                        "Actual Startup Time": 0.182,
                                                                                                                        "Actual Total Time": 1323.426,
                                                                                                                        "Actual Rows": 123394,
                                                                                                                        "Actual Loops": 1
                                                                                                                    }
                                                                                                                ]
                                                                                                            }
                                                                                                        ]
                                                                                                    }
                                                                                                ]
                                                                                            }
                                                                                        ]
                                                                                    }
                                                                                ]
                                                                            }
                                                                        ]
                                                                    }
                                                                ]
                                                            }
                                                        ]
                                                    }
                                                ]
                                            }
                                        ]
                                    }
                                ]
                            }
                        ]
                    },
                    {
                        "Node Type": "Bitmap Heap Scan",
                        "Parent Relationship": "Inner",
                        "Parallel Aware": false,
                        "Relation Name": "role_type",
                        "Schema": "public",
                        "Alias": "rt",
                        "Startup Cost": 0.14,
                        "Total Cost": 4.16,
                        "Plan Rows": 1,
                        "Plan Width": 4,
                        "Actual Startup Time": 0.007,
                        "Actual Total Time": 0.007,
                        "Actual Rows": 1,
                        "Actual Loops": 5,
                        "Output": [
                            "rt.id",
                            "rt.role"
                        ],
                        "Recheck Cond": "(rt.id = ci.role_id)",
                        "Rows Removed by Index Recheck": 0,
                        "Filter": "((rt.role)::text = 'actress'::text)",
                        "Rows Removed by Filter": 0,
                        "Exact Heap Blocks": 5,
                        "Lossy Heap Blocks": 0,
                        "Plans": [
                            {
                                "Node Type": "Bitmap Index Scan",
                                "Parent Relationship": "Outer",
                                "Parallel Aware": false,
                                "Index Name": "role_type_pkey",
                                "Startup Cost": 0.0,
                                "Total Cost": 0.14,
                                "Plan Rows": 1,
                                "Plan Width": 0,
                                "Actual Startup Time": 0.004,
                                "Actual Total Time": 0.004,
                                "Actual Rows": 1,
                                "Actual Loops": 5,
                                "Index Cond": "(rt.id = ci.role_id)"
                            }
                        ]
                    }
                ]
            }
        ]
    },
    "Planning Time": 54.26,
    "Triggers": [],
    "Execution Time": 8783.938
}