[
  {
    "Plan": {
      "Node Type": "Aggregate",
      "Strategy": "Plain",
      "Partial Mode": "Finalize",
      "Parallel Aware": false,
      "Startup Cost": 396436.43,
      "Total Cost": 396436.44,
      "Plan Rows": 1,
      "Plan Width": 8,
      "Actual Startup Time": 1545.991,
      "Actual Total Time": 1598.81,
      "Actual Rows": 1,
      "Actual Loops": 1,
      "Plans": [
        {
          "Node Type": "Gather",
          "Parent Relationship": "Outer",
          "Parallel Aware": false,
          "Startup Cost": 396435.8,
          "Total Cost": 396436.41,
          "Plan Rows": 6,
          "Plan Width": 8,
          "Actual Startup Time": 1537.77,
          "Actual Total Time": 1598.797,
          "Actual Rows": 7,
          "Actual Loops": 1,
          "Workers Planned": 6,
          "Workers Launched": 6,
          "Single Copy": false,
          "Plans": [
            {
              "Node Type": "Aggregate",
              "Strategy": "Plain",
              "Partial Mode": "Partial",
              "Parent Relationship": "Outer",
              "Parallel Aware": false,
              "Startup Cost": 395435.8,
              "Total Cost": 395435.81,
              "Plan Rows": 1,
              "Plan Width": 8,
              "Actual Startup Time": 1524.83,
              "Actual Total Time": 1524.833,
              "Actual Rows": 1,
              "Actual Loops": 7,
              "Plans": [
                {
                  "Node Type": "Hash Join",
                  "Parent Relationship": "Outer",
                  "Parallel Aware": true,
                  "Join Type": "Inner",
                  "Startup Cost": 48717.81,
                  "Total Cost": 394185.99,
                  "Plan Rows": 499926,
                  "Plan Width": 0,
                  "Actual Startup Time": 549.671,
                  "Actual Total Time": 1479.344,
                  "Actual Rows": 875318,
                  "Actual Loops": 7,
                  "Inner Unique": true,
                  "Hash Cond": "(ci.movie_id = t.id)",
                  "Plans": [
                    {
                      "Node Type": "Seq Scan",
                      "Parent Relationship": "Outer",
                      "Parallel Aware": true,
                      "Relation Name": "cast_info",
                      "Alias": "ci",
                      "Startup Cost": 0.0,
                      "Total Cost": 343316.27,
                      "Plan Rows": 819775,
                      "Plan Width": 4,
                      "Actual Startup Time": 332.428,
                      "Actual Total Time": 683.233,
                      "Actual Rows": 1464800,
                      "Actual Loops": 7,
                      "Filter": "((person_id > 2604132) AND (role_id > 2))",
                      "Rows Removed by Filter": 3712963
                    },
                    {
                      "Node Type": "Hash",
                      "Parent Relationship": "Inner",
                      "Parallel Aware": true,
                      "Startup Cost": 43899.32,
                      "Total Cost": 43899.32,
                      "Plan Rows": 385479,
                      "Plan Width": 4,
                      "Actual Startup Time": 212.345,
                      "Actual Total Time": 212.346,
                      "Actual Rows": 220466,
                      "Actual Loops": 7,
                      "Hash Buckets": 2097152,
                      "Original Hash Buckets": 2097152,
                      "Hash Batches": 1,
                      "Original Hash Batches": 1,
                      "Peak Memory Usage": 76896,
                      "Plans": [
                        {
                          "Node Type": "Seq Scan",
                          "Parent Relationship": "Outer",
                          "Parallel Aware": true,
                          "Relation Name": "title",
                          "Alias": "t",
                          "Startup Cost": 0.0,
                          "Total Cost": 43899.32,
                          "Plan Rows": 385479,
                          "Plan Width": 4,
                          "Actual Startup Time": 0.059,
                          "Actual Total Time": 86.129,
                          "Actual Rows": 220466,
                          "Actual Loops": 7,
                          "Filter": "(kind_id = 7)",
                          "Rows Removed by Filter": 140721
                        }
                      ]
                    }
                  ]
                }
              ]
            }
          ]
        }
      ]
    },
    "Planning Time": 0.595,
    "Triggers": [],
    "Execution Time": 1598.885
  }
]