{
  "Plan": {
    "Node Type": "Aggregate",
    "Strategy": "Plain",
    "Partial Mode": "Finalize",
    "Parallel Aware": false,
    "Startup Cost": 140481.55,
    "Total Cost": 140481.56,
    "Plan Rows": 1,
    "Plan Width": 8,
    "Actual Startup Time": 968.036,
    "Actual Total Time": 985.551,
    "Actual Rows": 1,
    "Actual Loops": 1,
    "Plans": [
      {
        "Node Type": "Gather",
        "Parent Relationship": "Outer",
        "Parallel Aware": false,
        "Startup Cost": 140481.44,
        "Total Cost": 140481.55,
        "Plan Rows": 1,
        "Plan Width": 8,
        "Actual Startup Time": 964.94,
        "Actual Total Time": 985.537,
        "Actual Rows": 2,
        "Actual Loops": 1,
        "Workers Planned": 1,
        "Workers Launched": 1,
        "Single Copy": false,
        "Plans": [
          {
            "Node Type": "Aggregate",
            "Strategy": "Plain",
            "Partial Mode": "Partial",
            "Parent Relationship": "Outer",
            "Parallel Aware": false,
            "Startup Cost": 139481.44,
            "Total Cost": 139481.45,
            "Plan Rows": 1,
            "Plan Width": 8,
            "Actual Startup Time": 959.22,
            "Actual Total Time": 959.818,
            "Actual Rows": 1,
            "Actual Loops": 2,
            "Plans": [
              {
                "Node Type": "Hash Join",
                "Parent Relationship": "Outer",
                "Parallel Aware": true,
                "Join Type": "Inner",
                "Startup Cost": 117809.66,
                "Total Cost": 139015.54,
                "Plan Rows": 186360,
                "Plan Width": 0,
                "Actual Startup Time": 785.195,
                "Actual Total Time": 950.358,
                "Actual Rows": 225872,
                "Actual Loops": 2,
                "Inner Unique": false,
                "Hash Cond": "(mi_idx.movie_id = t.id)",
                "Plans": [
                  {
                    "Node Type": "Seq Scan",
                    "Parent Relationship": "Outer",
                    "Parallel Aware": true,
                    "Relation Name": "movie_info_idx",
                    "Alias": "mi_idx",
                    "Startup Cost": 0.0,
                    "Total Cost": 18082.32,
                    "Plan Rows": 540622,
                    "Plan Width": 4,
                    "Actual Startup Time": 0.027,
                    "Actual Total Time": 66.125,
                    "Actual Rows": 459925,
                    "Actual Loops": 2,
                    "Filter": "(info_type_id < 101)",
                    "Rows Removed by Filter": 230092
                  },
                  {
                    "Node Type": "Hash",
                    "Parent Relationship": "Inner",
                    "Parallel Aware": true,
                    "Startup Cost": 111401.29,
                    "Total Cost": 111401.29,
                    "Plan Rows": 512669,
                    "Plan Width": 8,
                    "Actual Startup Time": 775.874,
                    "Actual Total Time": 776.47,
                    "Actual Rows": 276124,
                    "Actual Loops": 2,
                    "Hash Buckets": 1048576,
                    "Original Hash Buckets": 1048576,
                    "Hash Batches": 1,
                    "Original Hash Batches": 1,
                    "Peak Memory Usage": 29856,
                    "Plans": [
                      {
                        "Node Type": "Hash Join",
                        "Parent Relationship": "Outer",
                        "Parallel Aware": true,
                        "Join Type": "Inner",
                        "Startup Cost": 48220.09,
                        "Total Cost": 111401.29,
                        "Plan Rows": 512669,
                        "Plan Width": 8,
                        "Actual Startup Time": 227.239,
                        "Actual Total Time": 685.49,
                        "Actual Rows": 276124,
                        "Actual Loops": 2,
                        "Inner Unique": false,
                        "Hash Cond": "(t.id = mc.movie_id)",
                        "Plans": [
                          {
                            "Node Type": "Seq Scan",
                            "Parent Relationship": "Outer",
                            "Parallel Aware": true,
                            "Relation Name": "title",
                            "Alias": "t",
                            "Startup Cost": 0.0,
                            "Total Cost": 50870.31,
                            "Plan Rows": 1487231,
                            "Plan Width": 4,
                            "Actual Startup Time": 0.01,
                            "Actual Total Time": 134.556,
                            "Actual Rows": 1264156,
                            "Actual Loops": 2
                          },
                          {
                            "Node Type": "Hash",
                            "Parent Relationship": "Inner",
                            "Parallel Aware": true,
                            "Startup Cost": 41811.73,
                            "Total Cost": 41811.73,
                            "Plan Rows": 512669,
                            "Plan Width": 4,
                            "Actual Startup Time": 221.731,
                            "Actual Total Time": 221.732,
                            "Actual Rows": 276124,
                            "Actual Loops": 2,
                            "Hash Buckets": 1048576,
                            "Original Hash Buckets": 1048576,
                            "Hash Batches": 1,
                            "Original Hash Batches": 1,
                            "Peak Memory Usage": 29824,
                            "Plans": [
                              {
                                "Node Type": "Seq Scan",
                                "Parent Relationship": "Outer",
                                "Parallel Aware": true,
                                "Relation Name": "movie_companies",
                                "Alias": "mc",
                                "Startup Cost": 0.0,
                                "Total Cost": 41811.73,
                                "Plan Rows": 512669,
                                "Plan Width": 4,
                                "Actual Startup Time": 73.617,
                                "Actual Total Time": 142.145,
                                "Actual Rows": 276124,
                                "Actual Loops": 2,
                                "Filter": "((company_id < 21033) AND (company_type_id = 2))",
                                "Rows Removed by Filter": 1028441
                              }
                            ]
                          }
                        ]
                      }
                    ]
                  }
                ]
              }
            ]
          }
        ]
      }
    ]
  },
  "Planning Time": 1.111,
  "Triggers": [],
  "Execution Time": 985.645
}