{
  "Plan": {
    "Node Type": "Aggregate",
    "Strategy": "Plain",
    "Partial Mode": "Finalize",
    "Parallel Aware": false,
    "Startup Cost": 98152.74,
    "Total Cost": 98152.75,
    "Plan Rows": 1,
    "Plan Width": 8,
    "Actual Startup Time": 648.26,
    "Actual Total Time": 677.228,
    "Actual Rows": 1,
    "Actual Loops": 1,
    "Plans": [
      {
        "Node Type": "Gather",
        "Parent Relationship": "Outer",
        "Parallel Aware": false,
        "Startup Cost": 98152.63,
        "Total Cost": 98152.74,
        "Plan Rows": 1,
        "Plan Width": 8,
        "Actual Startup Time": 643.977,
        "Actual Total Time": 677.215,
        "Actual Rows": 2,
        "Actual Loops": 1,
        "Workers Planned": 1,
        "Workers Launched": 1,
        "Single Copy": false,
        "Plans": [
          {
            "Node Type": "Aggregate",
            "Strategy": "Plain",
            "Partial Mode": "Partial",
            "Parent Relationship": "Outer",
            "Parallel Aware": false,
            "Startup Cost": 97152.63,
            "Total Cost": 97152.64,
            "Plan Rows": 1,
            "Plan Width": 8,
            "Actual Startup Time": 635.813,
            "Actual Total Time": 635.82,
            "Actual Rows": 1,
            "Actual Loops": 2,
            "Plans": [
              {
                "Node Type": "Nested Loop",
                "Parent Relationship": "Outer",
                "Parallel Aware": false,
                "Join Type": "Inner",
                "Startup Cost": 63303.15,
                "Total Cost": 97131.51,
                "Plan Rows": 8448,
                "Plan Width": 0,
                "Actual Startup Time": 434.773,
                "Actual Total Time": 629.878,
                "Actual Rows": 83278,
                "Actual Loops": 2,
                "Inner Unique": false,
                "Plans": [
                  {
                    "Node Type": "Hash Join",
                    "Parent Relationship": "Outer",
                    "Parallel Aware": true,
                    "Join Type": "Inner",
                    "Startup Cost": 63302.72,
                    "Total Cost": 88353.67,
                    "Plan Rows": 15476,
                    "Plan Width": 8,
                    "Actual Startup Time": 434.632,
                    "Actual Total Time": 497.141,
                    "Actual Rows": 33087,
                    "Actual Loops": 2,
                    "Inner Unique": true,
                    "Hash Cond": "(mk.movie_id = t.id)",
                    "Plans": [
                      {
                        "Node Type": "Bitmap Heap Scan",
                        "Parent Relationship": "Outer",
                        "Parallel Aware": true,
                        "Relation Name": "movie_keyword",
                        "Alias": "mk",
                        "Startup Cost": 1424.42,
                        "Total Cost": 26371.76,
                        "Plan Rows": 39468,
                        "Plan Width": 4,
                        "Actual Startup Time": 11.721,
                        "Actual Total Time": 52.138,
                        "Actual Rows": 33087,
                        "Actual Loops": 2,
                        "Recheck Cond": "(keyword_id > 92615)",
                        "Rows Removed by Index Recheck": 0,
                        "Exact Heap Blocks": 8134,
                        "Lossy Heap Blocks": 0,
                        "Plans": [
                          {
                            "Node Type": "Bitmap Index Scan",
                            "Parent Relationship": "Outer",
                            "Parallel Aware": false,
                            "Index Name": "keyword_id_movie_keyword",
                            "Startup Cost": 0.0,
                            "Total Cost": 1407.64,
                            "Plan Rows": 67095,
                            "Plan Width": 0,
                            "Actual Startup Time": 7.999,
                            "Actual Total Time": 8.0,
                            "Actual Rows": 66174,
                            "Actual Loops": 1,
                            "Index Cond": "(keyword_id > 92615)"
                          }
                        ]
                      },
                      {
                        "Node Type": "Hash",
                        "Parent Relationship": "Inner",
                        "Parallel Aware": true,
                        "Startup Cost": 54588.39,
                        "Total Cost": 54588.39,
                        "Plan Rows": 583193,
                        "Plan Width": 4,
                        "Actual Startup Time": 412.314,
                        "Actual Total Time": 412.316,
                        "Actual Rows": 492524,
                        "Actual Loops": 2,
                        "Hash Buckets": 1048576,
                        "Original Hash Buckets": 1048576,
                        "Hash Batches": 1,
                        "Original Hash Batches": 1,
                        "Peak Memory Usage": 46784,
                        "Plans": [
                          {
                            "Node Type": "Seq Scan",
                            "Parent Relationship": "Outer",
                            "Parallel Aware": true,
                            "Relation Name": "title",
                            "Alias": "t",
                            "Startup Cost": 0.0,
                            "Total Cost": 54588.39,
                            "Plan Rows": 583193,
                            "Plan Width": 4,
                            "Actual Startup Time": 0.031,
                            "Actual Total Time": 226.976,
                            "Actual Rows": 492524,
                            "Actual Loops": 2,
                            "Filter": "(kind_id < 7)",
                            "Rows Removed by Filter": 771632
                          }
                        ]
                      }
                    ]
                  },
                  {
                    "Node Type": "Index Only Scan",
                    "Parent Relationship": "Inner",
                    "Parallel Aware": false,
                    "Scan Direction": "Forward",
                    "Index Name": "movie_id_movie_info_idx",
                    "Relation Name": "movie_info_idx",
                    "Alias": "mi_idx",
                    "Startup Cost": 0.43,
                    "Total Cost": 0.54,
                    "Plan Rows": 3,
                    "Plan Width": 4,
                    "Actual Startup Time": 0.003,
                    "Actual Total Time": 0.003,
                    "Actual Rows": 3,
                    "Actual Loops": 66174,
                    "Index Cond": "(movie_id = t.id)",
                    "Rows Removed by Index Recheck": 0,
                    "Heap Fetches": 166555
                  }
                ]
              }
            ]
          }
        ]
      }
    ]
  },
  "Planning Time": 1.126,
  "Triggers": [],
  "Execution Time": 677.344
}