{
  "Plan": {
    "Node Type": "Aggregate",
    "Strategy": "Plain",
    "Partial Mode": "Finalize",
    "Parallel Aware": false,
    "Startup Cost": 65526.4,
    "Total Cost": 65526.41,
    "Plan Rows": 1,
    "Plan Width": 8,
    "Actual Startup Time": 140.297,
    "Actual Total Time": 149.611,
    "Actual Rows": 1,
    "Actual Loops": 1,
    "Plans": [
      {
        "Node Type": "Gather",
        "Parent Relationship": "Outer",
        "Parallel Aware": false,
        "Startup Cost": 65526.29,
        "Total Cost": 65526.4,
        "Plan Rows": 1,
        "Plan Width": 8,
        "Actual Startup Time": 140.143,
        "Actual Total Time": 149.603,
        "Actual Rows": 2,
        "Actual Loops": 1,
        "Workers Planned": 1,
        "Workers Launched": 1,
        "Single Copy": false,
        "Plans": [
          {
            "Node Type": "Aggregate",
            "Strategy": "Plain",
            "Partial Mode": "Partial",
            "Parent Relationship": "Outer",
            "Parallel Aware": false,
            "Startup Cost": 64526.29,
            "Total Cost": 64526.3,
            "Plan Rows": 1,
            "Plan Width": 8,
            "Actual Startup Time": 133.819,
            "Actual Total Time": 133.824,
            "Actual Rows": 1,
            "Actual Loops": 2,
            "Plans": [
              {
                "Node Type": "Hash Join",
                "Parent Relationship": "Outer",
                "Parallel Aware": true,
                "Join Type": "Inner",
                "Startup Cost": 45409.77,
                "Total Cost": 64520.48,
                "Plan Rows": 2324,
                "Plan Width": 0,
                "Actual Startup Time": 40.93,
                "Actual Total Time": 133.496,
                "Actual Rows": 6688,
                "Actual Loops": 2,
                "Inner Unique": false,
                "Hash Cond": "(mi_idx.movie_id = t.id)",
                "Plans": [
                  {
                    "Node Type": "Seq Scan",
                    "Parent Relationship": "Outer",
                    "Parallel Aware": true,
                    "Relation Name": "movie_info_idx",
                    "Alias": "mi_idx",
                    "Startup Cost": 0.0,
                    "Total Cost": 16052.85,
                    "Plan Rows": 811785,
                    "Plan Width": 4,
                    "Actual Startup Time": 0.013,
                    "Actual Total Time": 46.279,
                    "Actual Rows": 690018,
                    "Actual Loops": 2
                  },
                  {
                    "Node Type": "Hash",
                    "Parent Relationship": "Inner",
                    "Parallel Aware": true,
                    "Startup Cost": 45356.54,
                    "Total Cost": 45356.54,
                    "Plan Rows": 4258,
                    "Plan Width": 8,
                    "Actual Startup Time": 39.581,
                    "Actual Total Time": 39.584,
                    "Actual Rows": 2702,
                    "Actual Loops": 2,
                    "Hash Buckets": 8192,
                    "Original Hash Buckets": 8192,
                    "Hash Batches": 1,
                    "Original Hash Batches": 1,
                    "Peak Memory Usage": 320,
                    "Plans": [
                      {
                        "Node Type": "Nested Loop",
                        "Parent Relationship": "Outer",
                        "Parallel Aware": false,
                        "Join Type": "Inner",
                        "Startup Cost": 156.96,
                        "Total Cost": 45356.54,
                        "Plan Rows": 4258,
                        "Plan Width": 8,
                        "Actual Startup Time": 2.981,
                        "Actual Total Time": 38.399,
                        "Actual Rows": 2702,
                        "Actual Loops": 2,
                        "Inner Unique": true,
                        "Plans": [
                          {
                            "Node Type": "Bitmap Heap Scan",
                            "Parent Relationship": "Outer",
                            "Parallel Aware": true,
                            "Relation Name": "movie_keyword",
                            "Alias": "mk",
                            "Startup Cost": 156.53,
                            "Total Cost": 15825.27,
                            "Plan Rows": 4258,
                            "Plan Width": 4,
                            "Actual Startup Time": 2.841,
                            "Actual Total Time": 14.447,
                            "Actual Rows": 2702,
                            "Actual Loops": 2,
                            "Recheck Cond": "(keyword_id = 107)",
                            "Rows Removed by Index Recheck": 0,
                            "Exact Heap Blocks": 3993,
                            "Lossy Heap Blocks": 0,
                            "Plans": [
                              {
                                "Node Type": "Bitmap Index Scan",
                                "Parent Relationship": "Outer",
                                "Parallel Aware": false,
                                "Index Name": "keyword_id_movie_keyword",
                                "Startup Cost": 0.0,
                                "Total Cost": 154.72,
                                "Plan Rows": 7238,
                                "Plan Width": 0,
                                "Actual Startup Time": 2.939,
                                "Actual Total Time": 2.939,
                                "Actual Rows": 5403,
                                "Actual Loops": 1,
                                "Index Cond": "(keyword_id = 107)"
                              }
                            ]
                          },
                          {
                            "Node Type": "Index Only Scan",
                            "Parent Relationship": "Inner",
                            "Parallel Aware": false,
                            "Scan Direction": "Forward",
                            "Index Name": "title_pkey",
                            "Relation Name": "title",
                            "Alias": "t",
                            "Startup Cost": 0.43,
                            "Total Cost": 6.94,
                            "Plan Rows": 1,
                            "Plan Width": 4,
                            "Actual Startup Time": 0.008,
                            "Actual Total Time": 0.008,
                            "Actual Rows": 1,
                            "Actual Loops": 5403,
                            "Index Cond": "(id = mk.movie_id)",
                            "Rows Removed by Index Recheck": 0,
                            "Heap Fetches": 5403
                          }
                        ]
                      }
                    ]
                  }
                ]
              }
            ]
          }
        ]
      }
    ]
  },
  "Planning Time": 1.044,
  "Triggers": [],
  "Execution Time": 149.717
}