[
  {
    "Plan": {
      "Node Type": "Aggregate",
      "Strategy": "Plain",
      "Partial Mode": "Finalize",
      "Parallel Aware": false,
      "Startup Cost": 61984.62,
      "Total Cost": 61984.63,
      "Plan Rows": 1,
      "Plan Width": 8,
      "Actual Startup Time": 234.636,
      "Actual Total Time": 249.199,
      "Actual Rows": 1,
      "Actual Loops": 1,
      "Plans": [
        {
          "Node Type": "Gather",
          "Parent Relationship": "Outer",
          "Parallel Aware": false,
          "Startup Cost": 61984.4,
          "Total Cost": 61984.61,
          "Plan Rows": 2,
          "Plan Width": 8,
          "Actual Startup Time": 233.383,
          "Actual Total Time": 249.189,
          "Actual Rows": 3,
          "Actual Loops": 1,
          "Workers Planned": 2,
          "Workers Launched": 2,
          "Single Copy": false,
          "Plans": [
            {
              "Node Type": "Aggregate",
              "Strategy": "Plain",
              "Partial Mode": "Partial",
              "Parent Relationship": "Outer",
              "Parallel Aware": false,
              "Startup Cost": 60984.4,
              "Total Cost": 60984.41,
              "Plan Rows": 1,
              "Plan Width": 8,
              "Actual Startup Time": 229.344,
              "Actual Total Time": 229.443,
              "Actual Rows": 1,
              "Actual Loops": 3,
              "Plans": [
                {
                  "Node Type": "Hash Join",
                  "Parent Relationship": "Outer",
                  "Parallel Aware": true,
                  "Join Type": "Inner",
                  "Startup Cost": 45742.09,
                  "Total Cost": 60936.65,
                  "Plan Rows": 19103,
                  "Plan Width": 0,
                  "Actual Startup Time": 171.461,
                  "Actual Total Time": 227.333,
                  "Actual Rows": 50079,
                  "Actual Loops": 3,
                  "Inner Unique": true,
                  "Hash Cond": "(mi_idx.movie_id = t.id)",
                  "Plans": [
                    {
                      "Node Type": "Seq Scan",
                      "Parent Relationship": "Outer",
                      "Parallel Aware": true,
                      "Relation Name": "movie_info_idx",
                      "Alias": "mi_idx",
                      "Startup Cost": 0.0,
                      "Total Cost": 13685.15,
                      "Plan Rows": 575015,
                      "Plan Width": 4,
                      "Actual Startup Time": 0.01,
                      "Actual Total Time": 37.812,
                      "Actual Rows": 460012,
                      "Actual Loops": 3
                    },
                    {
                      "Node Type": "Hash",
                      "Parent Relationship": "Inner",
                      "Parallel Aware": true,
                      "Startup Cost": 45479.59,
                      "Total Cost": 45479.59,
                      "Plan Rows": 21000,
                      "Plan Width": 4,
                      "Actual Startup Time": 134.856,
                      "Actual Total Time": 134.857,
                      "Actual Rows": 72532,
                      "Actual Loops": 3,
                      "Hash Buckets": 262144,
                      "Original Hash Buckets": 131072,
                      "Hash Batches": 1,
                      "Original Hash Batches": 1,
                      "Peak Memory Usage": 11616,
                      "Plans": [
                        {
                          "Node Type": "Seq Scan",
                          "Parent Relationship": "Outer",
                          "Parallel Aware": true,
                          "Relation Name": "title",
                          "Alias": "t",
                          "Startup Cost": 0.0,
                          "Total Cost": 45479.59,
                          "Plan Rows": 21000,
                          "Plan Width": 4,
                          "Actual Startup Time": 63.883,
                          "Actual Total Time": 110.094,
                          "Actual Rows": 72532,
                          "Actual Loops": 3,
                          "Filter": "((production_year < 1968) AND (kind_id = 1))",
                          "Rows Removed by Filter": 770238
                        }
                      ]
                    }
                  ]
                }
              ]
            }
          ]
        }
      ]
    },
    "Planning Time": 0.619,
    "Triggers": [],
    "Execution Time": 249.269
  }
]