[
  {
    "Plan": {
      "Node Type": "Aggregate",
      "Strategy": "Plain",
      "Partial Mode": "Finalize",
      "Parallel Aware": false,
      "Startup Cost": 61988.36,
      "Total Cost": 61988.37,
      "Plan Rows": 1,
      "Plan Width": 8,
      "Actual Startup Time": 240.764,
      "Actual Total Time": 253.846,
      "Actual Rows": 1,
      "Actual Loops": 1,
      "Plans": [
        {
          "Node Type": "Gather",
          "Parent Relationship": "Outer",
          "Parallel Aware": false,
          "Startup Cost": 61988.15,
          "Total Cost": 61988.36,
          "Plan Rows": 2,
          "Plan Width": 8,
          "Actual Startup Time": 239.948,
          "Actual Total Time": 253.838,
          "Actual Rows": 3,
          "Actual Loops": 1,
          "Workers Planned": 2,
          "Workers Launched": 2,
          "Single Copy": false,
          "Plans": [
            {
              "Node Type": "Aggregate",
              "Strategy": "Plain",
              "Partial Mode": "Partial",
              "Parent Relationship": "Outer",
              "Parallel Aware": false,
              "Startup Cost": 60988.15,
              "Total Cost": 60988.16,
              "Plan Rows": 1,
              "Plan Width": 8,
              "Actual Startup Time": 234.326,
              "Actual Total Time": 234.42,
              "Actual Rows": 1,
              "Actual Loops": 3,
              "Plans": [
                {
                  "Node Type": "Hash Join",
                  "Parent Relationship": "Outer",
                  "Parallel Aware": true,
                  "Join Type": "Inner",
                  "Startup Cost": 45745.17,
                  "Total Cost": 60939.73,
                  "Plan Rows": 19365,
                  "Plan Width": 0,
                  "Actual Startup Time": 175.895,
                  "Actual Total Time": 232.275,
                  "Actual Rows": 50079,
                  "Actual Loops": 3,
                  "Inner Unique": true,
                  "Hash Cond": "(mi_idx.movie_id = t.id)",
                  "Plans": [
                    {
                      "Node Type": "Seq Scan",
                      "Parent Relationship": "Outer",
                      "Parallel Aware": true,
                      "Relation Name": "movie_info_idx",
                      "Alias": "mi_idx",
                      "Startup Cost": 0.0,
                      "Total Cost": 13685.15,
                      "Plan Rows": 575015,
                      "Plan Width": 4,
                      "Actual Startup Time": 0.023,
                      "Actual Total Time": 35.96,
                      "Actual Rows": 460012,
                      "Actual Loops": 3
                    },
                    {
                      "Node Type": "Hash",
                      "Parent Relationship": "Inner",
                      "Parallel Aware": true,
                      "Startup Cost": 45479.1,
                      "Total Cost": 45479.1,
                      "Plan Rows": 21286,
                      "Plan Width": 4,
                      "Actual Startup Time": 137.555,
                      "Actual Total Time": 137.556,
                      "Actual Rows": 72532,
                      "Actual Loops": 3,
                      "Hash Buckets": 262144,
                      "Original Hash Buckets": 131072,
                      "Hash Batches": 1,
                      "Original Hash Batches": 1,
                      "Peak Memory Usage": 11616,
                      "Plans": [
                        {
                          "Node Type": "Seq Scan",
                          "Parent Relationship": "Outer",
                          "Parallel Aware": true,
                          "Relation Name": "title",
                          "Alias": "t",
                          "Startup Cost": 0.0,
                          "Total Cost": 45479.1,
                          "Plan Rows": 21286,
                          "Plan Width": 4,
                          "Actual Startup Time": 67.37,
                          "Actual Total Time": 113.051,
                          "Actual Rows": 72532,
                          "Actual Loops": 3,
                          "Filter": "((production_year < 1968) AND (kind_id = 1))",
                          "Rows Removed by Filter": 770238
                        }
                      ]
                    }
                  ]
                }
              ]
            }
          ]
        }
      ]
    },
    "Planning Time": 0.487,
    "Triggers": [],
    "Execution Time": 253.905
  }
]