[
  {
    "Plan": {
      "Node Type": "Aggregate",
      "Strategy": "Plain",
      "Partial Mode": "Finalize",
      "Parallel Aware": false,
      "Startup Cost": 32892.29,
      "Total Cost": 32892.3,
      "Plan Rows": 1,
      "Plan Width": 8,
      "Actual Startup Time": 75.567,
      "Actual Total Time": 83.036,
      "Actual Rows": 1,
      "Actual Loops": 1,
      "Plans": [
        {
          "Node Type": "Gather",
          "Parent Relationship": "Outer",
          "Parallel Aware": false,
          "Startup Cost": 32891.97,
          "Total Cost": 32892.28,
          "Plan Rows": 3,
          "Plan Width": 8,
          "Actual Startup Time": 75.428,
          "Actual Total Time": 83.027,
          "Actual Rows": 4,
          "Actual Loops": 1,
          "Workers Planned": 3,
          "Workers Launched": 3,
          "Single Copy": false,
          "Plans": [
            {
              "Node Type": "Aggregate",
              "Strategy": "Plain",
              "Partial Mode": "Partial",
              "Parent Relationship": "Outer",
              "Parallel Aware": false,
              "Startup Cost": 31891.97,
              "Total Cost": 31891.98,
              "Plan Rows": 1,
              "Plan Width": 8,
              "Actual Startup Time": 71.762,
              "Actual Total Time": 71.763,
              "Actual Rows": 1,
              "Actual Loops": 4,
              "Plans": [
                {
                  "Node Type": "Seq Scan",
                  "Parent Relationship": "Outer",
                  "Parallel Aware": true,
                  "Relation Name": "movie_companies",
                  "Alias": "mc",
                  "Startup Cost": 0.0,
                  "Total Cost": 31414.82,
                  "Plan Rows": 190860,
                  "Plan Width": 0,
                  "Actual Startup Time": 12.252,
                  "Actual Total Time": 67.878,
                  "Actual Rows": 79230,
                  "Actual Loops": 4,
                  "Filter": "((company_id > 12323) AND (company_type_id = 1))",
                  "Rows Removed by Filter": 573052
                }
              ]
            }
          ]
        }
      ]
    },
    "Planning Time": 0.074,
    "Triggers": [],
    "Execution Time": 83.06
  }
]