[
  {
    "Plan": {
      "Node Type": "Aggregate",
      "Strategy": "Plain",
      "Partial Mode": "Finalize",
      "Parallel Aware": false,
      "Startup Cost": 32890.7,
      "Total Cost": 32890.71,
      "Plan Rows": 1,
      "Plan Width": 8,
      "Actual Startup Time": 109.97,
      "Actual Total Time": 116.623,
      "Actual Rows": 1,
      "Actual Loops": 1,
      "Plans": [
        {
          "Node Type": "Gather",
          "Parent Relationship": "Outer",
          "Parallel Aware": false,
          "Startup Cost": 32890.39,
          "Total Cost": 32890.7,
          "Plan Rows": 3,
          "Plan Width": 8,
          "Actual Startup Time": 109.841,
          "Actual Total Time": 116.613,
          "Actual Rows": 4,
          "Actual Loops": 1,
          "Workers Planned": 3,
          "Workers Launched": 3,
          "Single Copy": false,
          "Plans": [
            {
              "Node Type": "Aggregate",
              "Strategy": "Plain",
              "Partial Mode": "Partial",
              "Parent Relationship": "Outer",
              "Parallel Aware": false,
              "Startup Cost": 31890.39,
              "Total Cost": 31890.4,
              "Plan Rows": 1,
              "Plan Width": 8,
              "Actual Startup Time": 101.58,
              "Actual Total Time": 101.581,
              "Actual Rows": 1,
              "Actual Loops": 4,
              "Plans": [
                {
                  "Node Type": "Seq Scan",
                  "Parent Relationship": "Outer",
                  "Parallel Aware": true,
                  "Relation Name": "movie_companies",
                  "Alias": "mc",
                  "Startup Cost": 0.0,
                  "Total Cost": 31414.82,
                  "Plan Rows": 190227,
                  "Plan Width": 0,
                  "Actual Startup Time": 23.633,
                  "Actual Total Time": 96.158,
                  "Actual Rows": 79230,
                  "Actual Loops": 4,
                  "Filter": "((company_id > 12323) AND (company_type_id = 1))",
                  "Rows Removed by Filter": 573052
                }
              ]
            }
          ]
        }
      ]
    },
    "Planning Time": 0.19,
    "Triggers": [],
    "Execution Time": 116.677
  }
]