[
  {
    "Plan": {
      "Node Type": "Aggregate",
      "Strategy": "Plain",
      "Partial Mode": "Finalize",
      "Parallel Aware": false,
      "Startup Cost": 349258.3,
      "Total Cost": 349258.31,
      "Plan Rows": 1,
      "Plan Width": 8,
      "Actual Startup Time": 814.435,
      "Actual Total Time": 863.092,
      "Actual Rows": 1,
      "Actual Loops": 1,
      "Plans": [
        {
          "Node Type": "Gather",
          "Parent Relationship": "Outer",
          "Parallel Aware": false,
          "Startup Cost": 349257.67,
          "Total Cost": 349258.28,
          "Plan Rows": 6,
          "Plan Width": 8,
          "Actual Startup Time": 814.085,
          "Actual Total Time": 863.077,
          "Actual Rows": 7,
          "Actual Loops": 1,
          "Workers Planned": 6,
          "Workers Launched": 6,
          "Single Copy": false,
          "Plans": [
            {
              "Node Type": "Aggregate",
              "Strategy": "Plain",
              "Partial Mode": "Partial",
              "Parent Relationship": "Outer",
              "Parallel Aware": false,
              "Startup Cost": 348257.67,
              "Total Cost": 348257.68,
              "Plan Rows": 1,
              "Plan Width": 8,
              "Actual Startup Time": 805.675,
              "Actual Total Time": 805.677,
              "Actual Rows": 1,
              "Actual Loops": 7,
              "Plans": [
                {
                  "Node Type": "Seq Scan",
                  "Parent Relationship": "Outer",
                  "Parallel Aware": true,
                  "Relation Name": "cast_info",
                  "Alias": "ci",
                  "Startup Cost": 0.0,
                  "Total Cost": 343316.27,
                  "Plan Rows": 1976560,
                  "Plan Width": 0,
                  "Actual Startup Time": 0.049,
                  "Actual Total Time": 707.078,
                  "Actual Rows": 1936423,
                  "Actual Loops": 7,
                  "Filter": "((person_id < 1487549) AND (role_id < 8))",
                  "Rows Removed by Filter": 3241340
                }
              ]
            }
          ]
        }
      ]
    },
    "Planning Time": 0.107,
    "Triggers": [],
    "Execution Time": 863.132
  }
]