[
  {
    "Plan": {
      "Node Type": "Aggregate",
      "Strategy": "Plain",
      "Partial Mode": "Finalize",
      "Parallel Aware": false,
      "Startup Cost": 286547.09,
      "Total Cost": 286547.1,
      "Plan Rows": 1,
      "Plan Width": 8,
      "Actual Startup Time": 2016.201,
      "Actual Total Time": 2067.598,
      "Actual Rows": 1,
      "Actual Loops": 1,
      "Plans": [
        {
          "Node Type": "Gather",
          "Parent Relationship": "Outer",
          "Parallel Aware": false,
          "Startup Cost": 286546.57,
          "Total Cost": 286547.08,
          "Plan Rows": 5,
          "Plan Width": 8,
          "Actual Startup Time": 2003.818,
          "Actual Total Time": 2067.581,
          "Actual Rows": 6,
          "Actual Loops": 1,
          "Workers Planned": 5,
          "Workers Launched": 5,
          "Single Copy": false,
          "Plans": [
            {
              "Node Type": "Aggregate",
              "Strategy": "Plain",
              "Partial Mode": "Partial",
              "Parent Relationship": "Outer",
              "Parallel Aware": false,
              "Startup Cost": 285546.57,
              "Total Cost": 285546.58,
              "Plan Rows": 1,
              "Plan Width": 8,
              "Actual Startup Time": 1996.754,
              "Actual Total Time": 1997.05,
              "Actual Rows": 1,
              "Actual Loops": 6,
              "Plans": [
                {
                  "Node Type": "Hash Join",
                  "Parent Relationship": "Outer",
                  "Parallel Aware": true,
                  "Join Type": "Inner",
                  "Startup Cost": 79380.04,
                  "Total Cost": 284085.3,
                  "Plan Rows": 584505,
                  "Plan Width": 0,
                  "Actual Startup Time": 332.648,
                  "Actual Total Time": 1655.958,
                  "Actual Rows": 7453865,
                  "Actual Loops": 6,
                  "Inner Unique": false,
                  "Hash Cond": "(mi.movie_id = t.id)",
                  "Plans": [
                    {
                      "Node Type": "Seq Scan",
                      "Parent Relationship": "Outer",
                      "Parallel Aware": true,
                      "Relation Name": "movie_info",
                      "Alias": "mi",
                      "Startup Cost": 0.0,
                      "Total Cost": 191685.19,
                      "Plan Rows": 2969219,
                      "Plan Width": 4,
                      "Actual Startup Time": 0.056,
                      "Actual Total Time": 296.645,
                      "Actual Rows": 2472620,
                      "Actual Loops": 6
                    },
                    {
                      "Node Type": "Hash",
                      "Parent Relationship": "Inner",
                      "Parallel Aware": true,
                      "Startup Cost": 77373.05,
                      "Total Cost": 77373.05,
                      "Plan Rows": 160559,
                      "Plan Width": 8,
                      "Actual Startup Time": 329.317,
                      "Actual Total Time": 329.611,
                      "Actual Rows": 159568,
                      "Actual Loops": 6,
                      "Hash Buckets": 1048576,
                      "Original Hash Buckets": 524288,
                      "Hash Batches": 1,
                      "Original Hash Batches": 1,
                      "Peak Memory Usage": 49856,
                      "Plans": [
                        {
                          "Node Type": "Hash Join",
                          "Parent Relationship": "Outer",
                          "Parallel Aware": true,
                          "Join Type": "Inner",
                          "Startup Cost": 46982.15,
                          "Total Cost": 77373.05,
                          "Plan Rows": 160559,
                          "Plan Width": 8,
                          "Actual Startup Time": 147.86,
                          "Actual Total Time": 263.863,
                          "Actual Rows": 159568,
                          "Actual Loops": 6,
                          "Inner Unique": true,
                          "Hash Cond": "(mc.movie_id = t.id)",
                          "Plans": [
                            {
                              "Node Type": "Seq Scan",
                              "Parent Relationship": "Outer",
                              "Parallel Aware": true,
                              "Relation Name": "movie_companies",
                              "Alias": "mc",
                              "Startup Cost": 0.0,
                              "Total Cost": 29310.68,
                              "Plan Rows": 411513,
                              "Plan Width": 4,
                              "Actual Startup Time": 0.014,
                              "Actual Total Time": 51.212,
                              "Actual Rows": 212374,
                              "Actual Loops": 6,
                              "Filter": "(company_type_id = 1)",
                              "Rows Removed by Filter": 222480
                            },
                            {
                              "Node Type": "Hash",
                              "Parent Relationship": "Inner",
                              "Parallel Aware": true,
                              "Startup Cost": 43899.32,
                              "Total Cost": 43899.32,
                              "Plan Rows": 246626,
                              "Plan Width": 4,
                              "Actual Startup Time": 146.452,
                              "Actual Total Time": 146.453,
                              "Actual Rows": 164175,
                              "Actual Loops": 6,
                              "Hash Buckets": 1048576,
                              "Original Hash Buckets": 1048576,
                              "Hash Batches": 1,
                              "Original Hash Batches": 1,
                              "Peak Memory Usage": 46848,
                              "Plans": [
                                {
                                  "Node Type": "Seq Scan",
                                  "Parent Relationship": "Outer",
                                  "Parallel Aware": true,
                                  "Relation Name": "title",
                                  "Alias": "t",
                                  "Startup Cost": 0.0,
                                  "Total Cost": 43899.32,
                                  "Plan Rows": 246626,
                                  "Plan Width": 4,
                                  "Actual Startup Time": 0.038,
                                  "Actual Total Time": 79.563,
                                  "Actual Rows": 164175,
                                  "Actual Loops": 6,
                                  "Filter": "(kind_id < 7)",
                                  "Rows Removed by Filter": 257211
                                }
                              ]
                            }
                          ]
                        }
                      ]
                    }
                  ]
                }
              ]
            }
          ]
        }
      ]
    },
    "Planning Time": 0.467,
    "Triggers": [],
    "Execution Time": 2067.658
  }
]