[
  {
    "Plan": {
      "Node Type": "Aggregate",
      "Strategy": "Plain",
      "Partial Mode": "Finalize",
      "Parallel Aware": false,
      "Startup Cost": 46390.88,
      "Total Cost": 46390.89,
      "Plan Rows": 1,
      "Plan Width": 8,
      "Actual Startup Time": 172.748,
      "Actual Total Time": 180.496,
      "Actual Rows": 1,
      "Actual Loops": 1,
      "Plans": [
        {
          "Node Type": "Gather",
          "Parent Relationship": "Outer",
          "Parallel Aware": false,
          "Startup Cost": 46390.56,
          "Total Cost": 46390.87,
          "Plan Rows": 3,
          "Plan Width": 8,
          "Actual Startup Time": 172.436,
          "Actual Total Time": 180.487,
          "Actual Rows": 4,
          "Actual Loops": 1,
          "Workers Planned": 3,
          "Workers Launched": 3,
          "Single Copy": false,
          "Plans": [
            {
              "Node Type": "Aggregate",
              "Strategy": "Plain",
              "Partial Mode": "Partial",
              "Parent Relationship": "Outer",
              "Parallel Aware": false,
              "Startup Cost": 45390.56,
              "Total Cost": 45390.57,
              "Plan Rows": 1,
              "Plan Width": 8,
              "Actual Startup Time": 165.56,
              "Actual Total Time": 165.561,
              "Actual Rows": 1,
              "Actual Loops": 4,
              "Plans": [
                {
                  "Node Type": "Seq Scan",
                  "Parent Relationship": "Outer",
                  "Parallel Aware": true,
                  "Relation Name": "movie_keyword",
                  "Alias": "mk",
                  "Startup Cost": 0.0,
                  "Total Cost": 42695.65,
                  "Plan Rows": 1077963,
                  "Plan Width": 0,
                  "Actual Startup Time": 0.066,
                  "Actual Total Time": 125.777,
                  "Actual Rows": 834210,
                  "Actual Loops": 4,
                  "Filter": "(keyword_id < 15639)",
                  "Rows Removed by Filter": 296773
                }
              ]
            }
          ]
        }
      ]
    },
    "Planning Time": 0.26,
    "Triggers": [],
    "Execution Time": 180.582
  }
]