[
  {
    "Plan": {
      "Node Type": "Aggregate",
      "Strategy": "Plain",
      "Partial Mode": "Finalize",
      "Parallel Aware": false,
      "Startup Cost": 344079.15,
      "Total Cost": 344079.16,
      "Plan Rows": 1,
      "Plan Width": 8,
      "Actual Startup Time": 879.941,
      "Actual Total Time": 938.749,
      "Actual Rows": 1,
      "Actual Loops": 1,
      "Plans": [
        {
          "Node Type": "Gather",
          "Parent Relationship": "Outer",
          "Parallel Aware": false,
          "Startup Cost": 344078.52,
          "Total Cost": 344079.13,
          "Plan Rows": 6,
          "Plan Width": 8,
          "Actual Startup Time": 879.821,
          "Actual Total Time": 938.738,
          "Actual Rows": 7,
          "Actual Loops": 1,
          "Workers Planned": 6,
          "Workers Launched": 6,
          "Single Copy": false,
          "Plans": [
            {
              "Node Type": "Aggregate",
              "Strategy": "Plain",
              "Partial Mode": "Partial",
              "Parent Relationship": "Outer",
              "Parallel Aware": false,
              "Startup Cost": 343078.52,
              "Total Cost": 343078.53,
              "Plan Rows": 1,
              "Plan Width": 8,
              "Actual Startup Time": 870.394,
              "Actual Total Time": 870.396,
              "Actual Rows": 1,
              "Actual Loops": 7,
              "Plans": [
                {
                  "Node Type": "Seq Scan",
                  "Parent Relationship": "Outer",
                  "Parallel Aware": true,
                  "Relation Name": "cast_info",
                  "Alias": "ci",
                  "Startup Cost": 0.0,
                  "Total Cost": 328162.03,
                  "Plan Rows": 5966599,
                  "Plan Width": 0,
                  "Actual Startup Time": 0.046,
                  "Actual Total Time": 655.133,
                  "Actual Rows": 5118981,
                  "Actual Loops": 7,
                  "Filter": "(person_id < 3984413)",
                  "Rows Removed by Filter": 58782
                }
              ]
            }
          ]
        }
      ]
    },
    "Planning Time": 0.175,
    "Triggers": [],
    "Execution Time": 938.802
  }
]