{
  "Plan": {
    "Node Type": "Aggregate",
    "Strategy": "Plain",
    "Partial Mode": "Finalize",
    "Parallel Aware": false,
    "Startup Cost": 183666.1,
    "Total Cost": 183666.11,
    "Plan Rows": 1,
    "Plan Width": 8,
    "Actual Startup Time": 1018.758,
    "Actual Total Time": 1036.64,
    "Actual Rows": 1,
    "Actual Loops": 1,
    "Plans": [
      {
        "Node Type": "Gather",
        "Parent Relationship": "Outer",
        "Parallel Aware": false,
        "Startup Cost": 183665.99,
        "Total Cost": 183666.1,
        "Plan Rows": 1,
        "Plan Width": 8,
        "Actual Startup Time": 1016.888,
        "Actual Total Time": 1036.631,
        "Actual Rows": 2,
        "Actual Loops": 1,
        "Workers Planned": 1,
        "Workers Launched": 1,
        "Single Copy": false,
        "Plans": [
          {
            "Node Type": "Aggregate",
            "Strategy": "Plain",
            "Partial Mode": "Partial",
            "Parent Relationship": "Outer",
            "Parallel Aware": false,
            "Startup Cost": 182665.99,
            "Total Cost": 182666.0,
            "Plan Rows": 1,
            "Plan Width": 8,
            "Actual Startup Time": 1010.715,
            "Actual Total Time": 1010.721,
            "Actual Rows": 1,
            "Actual Loops": 2,
            "Plans": [
              {
                "Node Type": "Hash Join",
                "Parent Relationship": "Outer",
                "Parallel Aware": true,
                "Join Type": "Inner",
                "Startup Cost": 111672.85,
                "Total Cost": 181593.88,
                "Plan Rows": 428845,
                "Plan Width": 0,
                "Actual Startup Time": 585.222,
                "Actual Total Time": 1003.212,
                "Actual Rows": 148313,
                "Actual Loops": 2,
                "Inner Unique": false,
                "Hash Cond": "(mk.movie_id = t.id)",
                "Plans": [
                  {
                    "Node Type": "Seq Scan",
                    "Parent Relationship": "Outer",
                    "Parallel Aware": true,
                    "Relation Name": "movie_keyword",
                    "Alias": "mk",
                    "Startup Cost": 0.0,
                    "Total Cost": 57718.19,
                    "Plan Rows": 2581394,
                    "Plan Width": 4,
                    "Actual Startup Time": 0.015,
                    "Actual Total Time": 232.943,
                    "Actual Rows": 2196126,
                    "Actual Loops": 2,
                    "Filter": "(keyword_id < 76120)",
                    "Rows Removed by Filter": 65840
                  },
                  {
                    "Node Type": "Hash",
                    "Parent Relationship": "Inner",
                    "Parallel Aware": true,
                    "Startup Cost": 108584.45,
                    "Total Cost": 108584.45,
                    "Plan Rows": 247072,
                    "Plan Width": 8,
                    "Actual Startup Time": 579.171,
                    "Actual Total Time": 579.175,
                    "Actual Rows": 100950,
                    "Actual Loops": 2,
                    "Hash Buckets": 524288,
                    "Original Hash Buckets": 524288,
                    "Hash Batches": 1,
                    "Original Hash Batches": 1,
                    "Peak Memory Usage": 12000,
                    "Plans": [
                      {
                        "Node Type": "Hash Join",
                        "Parent Relationship": "Outer",
                        "Parallel Aware": true,
                        "Join Type": "Inner",
                        "Startup Cost": 46892.45,
                        "Total Cost": 108584.45,
                        "Plan Rows": 247072,
                        "Plan Width": 8,
                        "Actual Startup Time": 213.812,
                        "Actual Total Time": 547.773,
                        "Actual Rows": 100950,
                        "Actual Loops": 2,
                        "Inner Unique": false,
                        "Hash Cond": "(t.id = mc.movie_id)",
                        "Plans": [
                          {
                            "Node Type": "Seq Scan",
                            "Parent Relationship": "Outer",
                            "Parallel Aware": true,
                            "Relation Name": "title",
                            "Alias": "t",
                            "Startup Cost": 0.0,
                            "Total Cost": 54588.39,
                            "Plan Rows": 904038,
                            "Plan Width": 4,
                            "Actual Startup Time": 0.011,
                            "Actual Total Time": 157.426,
                            "Actual Rows": 771632,
                            "Actual Loops": 2,
                            "Filter": "(kind_id = 7)",
                            "Rows Removed by Filter": 492524
                          },
                          {
                            "Node Type": "Hash",
                            "Parent Relationship": "Inner",
                            "Parallel Aware": true,
                            "Startup Cost": 41811.73,
                            "Total Cost": 41811.73,
                            "Plan Rows": 406458,
                            "Plan Width": 4,
                            "Actual Startup Time": 207.519,
                            "Actual Total Time": 207.52,
                            "Actual Rows": 220210,
                            "Actual Loops": 2,
                            "Hash Buckets": 1048576,
                            "Original Hash Buckets": 1048576,
                            "Hash Batches": 1,
                            "Original Hash Batches": 1,
                            "Peak Memory Usage": 25472,
                            "Plans": [
                              {
                                "Node Type": "Seq Scan",
                                "Parent Relationship": "Outer",
                                "Parallel Aware": true,
                                "Relation Name": "movie_companies",
                                "Alias": "mc",
                                "Startup Cost": 0.0,
                                "Total Cost": 41811.73,
                                "Plan Rows": 406458,
                                "Plan Width": 4,
                                "Actual Startup Time": 75.481,
                                "Actual Total Time": 143.583,
                                "Actual Rows": 220210,
                                "Actual Loops": 2,
                                "Filter": "((company_id < 11643) AND (company_type_id > 1))",
                                "Rows Removed by Filter": 1084354
                              }
                            ]
                          }
                        ]
                      }
                    ]
                  }
                ]
              }
            ]
          }
        ]
      }
    ]
  },
  "Planning Time": 1.078,
  "Triggers": [],
  "Execution Time": 1036.728
}