[
  {
    "Plan": {
      "Node Type": "Aggregate",
      "Strategy": "Plain",
      "Partial Mode": "Finalize",
      "Parallel Aware": false,
      "Startup Cost": 83281.6,
      "Total Cost": 83281.61,
      "Plan Rows": 1,
      "Plan Width": 8,
      "Actual Startup Time": 445.29,
      "Actual Total Time": 463.175,
      "Actual Rows": 1,
      "Actual Loops": 1,
      "Plans": [
        {
          "Node Type": "Gather",
          "Parent Relationship": "Outer",
          "Parallel Aware": false,
          "Startup Cost": 83281.18,
          "Total Cost": 83281.59,
          "Plan Rows": 4,
          "Plan Width": 8,
          "Actual Startup Time": 438.695,
          "Actual Total Time": 463.15,
          "Actual Rows": 5,
          "Actual Loops": 1,
          "Workers Planned": 4,
          "Workers Launched": 4,
          "Single Copy": false,
          "Plans": [
            {
              "Node Type": "Aggregate",
              "Strategy": "Plain",
              "Partial Mode": "Partial",
              "Parent Relationship": "Outer",
              "Parallel Aware": false,
              "Startup Cost": 82281.18,
              "Total Cost": 82281.19,
              "Plan Rows": 1,
              "Plan Width": 8,
              "Actual Startup Time": 429.402,
              "Actual Total Time": 429.552,
              "Actual Rows": 1,
              "Actual Loops": 5,
              "Plans": [
                {
                  "Node Type": "Hash Join",
                  "Parent Relationship": "Outer",
                  "Parallel Aware": true,
                  "Join Type": "Inner",
                  "Startup Cost": 35390.66,
                  "Total Cost": 81664.92,
                  "Plan Rows": 246502,
                  "Plan Width": 0,
                  "Actual Startup Time": 188.046,
                  "Actual Total Time": 419.11,
                  "Actual Rows": 229580,
                  "Actual Loops": 5,
                  "Inner Unique": false,
                  "Hash Cond": "(t.id = mc.movie_id)",
                  "Plans": [
                    {
                      "Node Type": "Seq Scan",
                      "Parent Relationship": "Outer",
                      "Parallel Aware": true,
                      "Relation Name": "title",
                      "Alias": "t",
                      "Startup Cost": 0.0,
                      "Total Cost": 42318.73,
                      "Plan Rows": 632073,
                      "Plan Width": 4,
                      "Actual Startup Time": 0.012,
                      "Actual Total Time": 67.429,
                      "Actual Rows": 505662,
                      "Actual Loops": 5
                    },
                    {
                      "Node Type": "Hash",
                      "Parent Relationship": "Inner",
                      "Parallel Aware": true,
                      "Startup Cost": 31414.82,
                      "Total Cost": 31414.82,
                      "Plan Rows": 318067,
                      "Plan Width": 4,
                      "Actual Startup Time": 183.654,
                      "Actual Total Time": 183.655,
                      "Actual Rows": 229580,
                      "Actual Loops": 5,
                      "Hash Buckets": 2097152,
                      "Original Hash Buckets": 1048576,
                      "Hash Batches": 1,
                      "Original Hash Batches": 1,
                      "Peak Memory Usage": 69600,
                      "Plans": [
                        {
                          "Node Type": "Seq Scan",
                          "Parent Relationship": "Outer",
                          "Parallel Aware": true,
                          "Relation Name": "movie_companies",
                          "Alias": "mc",
                          "Startup Cost": 0.0,
                          "Total Cost": 31414.82,
                          "Plan Rows": 318067,
                          "Plan Width": 4,
                          "Actual Startup Time": 46.395,
                          "Actual Total Time": 83.356,
                          "Actual Rows": 229580,
                          "Actual Loops": 5,
                          "Filter": "((company_id > 981) AND (company_type_id = 2))",
                          "Rows Removed by Filter": 292246
                        }
                      ]
                    }
                  ]
                }
              ]
            }
          ]
        }
      ]
    },
    "Planning Time": 0.645,
    "Triggers": [],
    "Execution Time": 463.244
  }
]