[
  {
    "Plan": {
      "Node Type": "Aggregate",
      "Strategy": "Plain",
      "Partial Mode": "Finalize",
      "Parallel Aware": false,
      "Startup Cost": 536696.24,
      "Total Cost": 536696.25,
      "Plan Rows": 1,
      "Plan Width": 8,
      "Actual Startup Time": 1471.951,
      "Actual Total Time": 1552.41,
      "Actual Rows": 1,
      "Actual Loops": 1,
      "Plans": [
        {
          "Node Type": "Gather",
          "Parent Relationship": "Outer",
          "Parallel Aware": false,
          "Startup Cost": 536695.72,
          "Total Cost": 536696.23,
          "Plan Rows": 5,
          "Plan Width": 8,
          "Actual Startup Time": 1461.152,
          "Actual Total Time": 1552.399,
          "Actual Rows": 6,
          "Actual Loops": 1,
          "Workers Planned": 5,
          "Workers Launched": 5,
          "Single Copy": false,
          "Plans": [
            {
              "Node Type": "Aggregate",
              "Strategy": "Plain",
              "Partial Mode": "Partial",
              "Parent Relationship": "Outer",
              "Parallel Aware": false,
              "Startup Cost": 535695.72,
              "Total Cost": 535695.73,
              "Plan Rows": 1,
              "Plan Width": 8,
              "Actual Startup Time": 1448.484,
              "Actual Total Time": 1448.489,
              "Actual Rows": 1,
              "Actual Loops": 6,
              "Plans": [
                {
                  "Node Type": "Nested Loop",
                  "Parent Relationship": "Outer",
                  "Parallel Aware": false,
                  "Join Type": "Inner",
                  "Startup Cost": 72266.17,
                  "Total Cost": 534532.06,
                  "Plan Rows": 465461,
                  "Plan Width": 0,
                  "Actual Startup Time": 233.46,
                  "Actual Total Time": 1418.502,
                  "Actual Rows": 452654,
                  "Actual Loops": 6,
                  "Inner Unique": false,
                  "Join Filter": "(t.id = ci.movie_id)",
                  "Rows Removed by Join Filter": 0,
                  "Plans": [
                    {
                      "Node Type": "Hash Join",
                      "Parent Relationship": "Outer",
                      "Parallel Aware": true,
                      "Join Type": "Inner",
                      "Startup Cost": 72265.6,
                      "Total Cost": 238173.21,
                      "Plan Rows": 111385,
                      "Plan Width": 8,
                      "Actual Startup Time": 233.104,
                      "Actual Total Time": 357.734,
                      "Actual Rows": 39400,
                      "Actual Loops": 6,
                      "Inner Unique": true,
                      "Hash Cond": "(mi.movie_id = t.id)",
                      "Plans": [
                        {
                          "Node Type": "Bitmap Heap Scan",
                          "Parent Relationship": "Outer",
                          "Parallel Aware": true,
                          "Relation Name": "movie_info",
                          "Alias": "mi",
                          "Startup Cost": 23385.59,
                          "Total Cost": 188613.81,
                          "Plan Rows": 258817,
                          "Plan Width": 4,
                          "Actual Startup Time": 46.726,
                          "Actual Total Time": 78.808,
                          "Actual Rows": 216498,
                          "Actual Loops": 6,
                          "Recheck Cond": "(info_type_id = 4)",
                          "Rows Removed by Index Recheck": 0,
                          "Exact Heap Blocks": 2008,
                          "Lossy Heap Blocks": 0,
                          "Plans": [
                            {
                              "Node Type": "Bitmap Index Scan",
                              "Parent Relationship": "Outer",
                              "Parallel Aware": false,
                              "Index Name": "info_type_id_movie_info",
                              "Startup Cost": 0.0,
                              "Total Cost": 23062.07,
                              "Plan Rows": 1294085,
                              "Plan Width": 0,
                              "Actual Startup Time": 45.351,
                              "Actual Total Time": 45.352,
                              "Actual Rows": 1298989,
                              "Actual Loops": 1,
                              "Index Cond": "(info_type_id = 4)"
                            }
                          ]
                        },
                        {
                          "Node Type": "Hash",
                          "Parent Relationship": "Inner",
                          "Parallel Aware": true,
                          "Startup Cost": 45479.59,
                          "Total Cost": 45479.59,
                          "Plan Rows": 272034,
                          "Plan Width": 4,
                          "Actual Startup Time": 182.215,
                          "Actual Total Time": 182.216,
                          "Actual Rows": 196151,
                          "Actual Loops": 6,
                          "Hash Buckets": 2097152,
                          "Original Hash Buckets": 2097152,
                          "Hash Batches": 1,
                          "Original Hash Batches": 1,
                          "Peak Memory Usage": 62528,
                          "Plans": [
                            {
                              "Node Type": "Seq Scan",
                              "Parent Relationship": "Outer",
                              "Parallel Aware": true,
                              "Relation Name": "title",
                              "Alias": "t",
                              "Startup Cost": 0.0,
                              "Total Cost": 45479.59,
                              "Plan Rows": 272034,
                              "Plan Width": 4,
                              "Actual Startup Time": 0.041,
                              "Actual Total Time": 91.82,
                              "Actual Rows": 196151,
                              "Actual Loops": 6,
                              "Filter": "((production_year > 1989) AND (kind_id = 7))",
                              "Rows Removed by Filter": 225234
                            }
                          ]
                        }
                      ]
                    },
                    {
                      "Node Type": "Index Scan",
                      "Parent Relationship": "Inner",
                      "Parallel Aware": false,
                      "Scan Direction": "Forward",
                      "Index Name": "movie_id_cast_info",
                      "Relation Name": "cast_info",
                      "Alias": "ci",
                      "Startup Cost": 0.56,
                      "Total Cost": 2.54,
                      "Plan Rows": 10,
                      "Plan Width": 4,
                      "Actual Startup Time": 0.013,
                      "Actual Total Time": 0.025,
                      "Actual Rows": 11,
                      "Actual Loops": 236399,
                      "Index Cond": "(movie_id = mi.movie_id)",
                      "Rows Removed by Index Recheck": 0,
                      "Filter": "((person_id > 2032922) AND (role_id > 1))",
                      "Rows Removed by Filter": 13
                    }
                  ]
                }
              ]
            }
          ]
        }
      ]
    },
    "Planning Time": 0.91,
    "Triggers": [],
    "Execution Time": 1552.518
  }
]