[
  {
    "Plan": {
      "Node Type": "Aggregate",
      "Strategy": "Plain",
      "Partial Mode": "Finalize",
      "Parallel Aware": false,
      "Startup Cost": 33194.87,
      "Total Cost": 33194.88,
      "Plan Rows": 1,
      "Plan Width": 8,
      "Actual Startup Time": 87.864,
      "Actual Total Time": 96.001,
      "Actual Rows": 1,
      "Actual Loops": 1,
      "Plans": [
        {
          "Node Type": "Gather",
          "Parent Relationship": "Outer",
          "Parallel Aware": false,
          "Startup Cost": 33194.55,
          "Total Cost": 33194.86,
          "Plan Rows": 3,
          "Plan Width": 8,
          "Actual Startup Time": 87.737,
          "Actual Total Time": 95.993,
          "Actual Rows": 4,
          "Actual Loops": 1,
          "Workers Planned": 3,
          "Workers Launched": 3,
          "Single Copy": false,
          "Plans": [
            {
              "Node Type": "Aggregate",
              "Strategy": "Plain",
              "Partial Mode": "Partial",
              "Parent Relationship": "Outer",
              "Parallel Aware": false,
              "Startup Cost": 32194.55,
              "Total Cost": 32194.56,
              "Plan Rows": 1,
              "Plan Width": 8,
              "Actual Startup Time": 82.926,
              "Actual Total Time": 82.927,
              "Actual Rows": 1,
              "Actual Loops": 4,
              "Plans": [
                {
                  "Node Type": "Seq Scan",
                  "Parent Relationship": "Outer",
                  "Parallel Aware": true,
                  "Relation Name": "movie_companies",
                  "Alias": "mc",
                  "Startup Cost": 0.0,
                  "Total Cost": 31414.82,
                  "Plan Rows": 311892,
                  "Plan Width": 0,
                  "Actual Startup Time": 43.249,
                  "Actual Total Time": 76.156,
                  "Actual Rows": 163862,
                  "Actual Loops": 4,
                  "Filter": "((company_id < 42483) AND (company_type_id > 1))",
                  "Rows Removed by Filter": 488420
                }
              ]
            }
          ]
        }
      ]
    },
    "Planning Time": 0.217,
    "Triggers": [],
    "Execution Time": 96.068
  }
]