{
  "Plan": {
    "Node Type": "Aggregate",
    "Strategy": "Plain",
    "Partial Mode": "Simple",
    "Parallel Aware": false,
    "Startup Cost": 3810.73,
    "Total Cost": 3810.74,
    "Plan Rows": 1,
    "Plan Width": 96,
    "Actual Startup Time": 33.515,
    "Actual Total Time": 33.518,
    "Actual Rows": 1,
    "Actual Loops": 1,
    "Plans": [
      {
        "Node Type": "Nested Loop",
        "Parent Relationship": "Outer",
        "Parallel Aware": false,
        "Join Type": "Inner",
        "Startup Cost": 12.21,
        "Total Cost": 3810.72,
        "Plan Rows": 1,
        "Plan Width": 48,
        "Actual Startup Time": 3.914,
        "Actual Total Time": 33.491,
        "Actual Rows": 6,
        "Actual Loops": 1,
        "Inner Unique": true,
        "Plans": [
          {
            "Node Type": "Nested Loop",
            "Parent Relationship": "Outer",
            "Parallel Aware": false,
            "Join Type": "Inner",
            "Startup Cost": 11.78,
            "Total Cost": 3777.76,
            "Plan Rows": 72,
            "Plan Width": 37,
            "Actual Startup Time": 0.898,
            "Actual Total Time": 21.519,
            "Actual Rows": 1224,
            "Actual Loops": 1,
            "Inner Unique": false,
            "Join Filter": "(t.id = ci.movie_id)",
            "Rows Removed by Join Filter": 0,
            "Plans": [
              {
                "Node Type": "Nested Loop",
                "Parent Relationship": "Outer",
                "Parallel Aware": false,
                "Join Type": "Inner",
                "Startup Cost": 11.21,
                "Total Cost": 3767.69,
                "Plan Rows": 5,
                "Plan Width": 41,
                "Actual Startup Time": 0.867,
                "Actual Total Time": 17.824,
                "Actual Rows": 11,
                "Actual Loops": 1,
                "Inner Unique": true,
                "Plans": [
                  {
                    "Node Type": "Nested Loop",
                    "Parent Relationship": "Outer",
                    "Parallel Aware": false,
                    "Join Type": "Inner",
                    "Startup Cost": 10.78,
                    "Total Cost": 3751.04,
                    "Plan Rows": 34,
                    "Plan Width": 20,
                    "Actual Startup Time": 0.84,
                    "Actual Total Time": 17.625,
                    "Actual Rows": 14,
                    "Actual Loops": 1,
                    "Inner Unique": false,
                    "Plans": [
                      {
                        "Node Type": "Seq Scan",
                        "Parent Relationship": "Outer",
                        "Parallel Aware": false,
                        "Relation Name": "keyword",
                        "Alias": "k",
                        "Startup Cost": 0.0,
                        "Total Cost": 2626.12,
                        "Plan Rows": 1,
                        "Plan Width": 20,
                        "Actual Startup Time": 0.779,
                        "Actual Total Time": 17.503,
                        "Actual Rows": 1,
                        "Actual Loops": 1,
                        "Filter": "(keyword = 'marvel-cinematic-universe'::text)",
                        "Rows Removed by Filter": 134169
                      },
                      {
                        "Node Type": "Bitmap Heap Scan",
                        "Parent Relationship": "Inner",
                        "Parallel Aware": false,
                        "Relation Name": "movie_keyword",
                        "Alias": "mk",
                        "Startup Cost": 10.78,
                        "Total Cost": 1121.89,
                        "Plan Rows": 303,
                        "Plan Width": 8,
                        "Actual Startup Time": 0.049,
                        "Actual Total Time": 0.102,
                        "Actual Rows": 14,
                        "Actual Loops": 1,
                        "Recheck Cond": "(keyword_id = k.id)",
                        "Rows Removed by Index Recheck": 0,
                        "Exact Heap Blocks": 12,
                        "Lossy Heap Blocks": 0,
                        "Plans": [
                          {
                            "Node Type": "Bitmap Index Scan",
                            "Parent Relationship": "Outer",
                            "Parallel Aware": false,
                            "Index Name": "keyword_id_movie_keyword",
                            "Startup Cost": 0.0,
                            "Total Cost": 10.71,
                            "Plan Rows": 303,
                            "Plan Width": 0,
                            "Actual Startup Time": 0.031,
                            "Actual Total Time": 0.031,
                            "Actual Rows": 14,
                            "Actual Loops": 1,
                            "Index Cond": "(keyword_id = k.id)"
                          }
                        ]
                      }
                    ]
                  },
                  {
                    "Node Type": "Index Scan",
                    "Parent Relationship": "Inner",
                    "Parallel Aware": false,
                    "Scan Direction": "Forward",
                    "Index Name": "title_pkey",
                    "Relation Name": "title",
                    "Alias": "t",
                    "Startup Cost": 0.43,
                    "Total Cost": 0.49,
                    "Plan Rows": 1,
                    "Plan Width": 21,
                    "Actual Startup Time": 0.013,
                    "Actual Total Time": 0.013,
                    "Actual Rows": 1,
                    "Actual Loops": 14,
                    "Index Cond": "(id = mk.movie_id)",
                    "Rows Removed by Index Recheck": 0,
                    "Filter": "(production_year > 2010)",
                    "Rows Removed by Filter": 0
                  }
                ]
              },
              {
                "Node Type": "Index Scan",
                "Parent Relationship": "Inner",
                "Parallel Aware": false,
                "Scan Direction": "Forward",
                "Index Name": "movie_id_cast_info",
                "Relation Name": "cast_info",
                "Alias": "ci",
                "Startup Cost": 0.56,
                "Total Cost": 1.55,
                "Plan Rows": 37,
                "Plan Width": 8,
                "Actual Startup Time": 0.02,
                "Actual Total Time": 0.287,
                "Actual Rows": 111,
                "Actual Loops": 11,
                "Index Cond": "(movie_id = mk.movie_id)",
                "Rows Removed by Index Recheck": 0
              }
            ]
          },
          {
            "Node Type": "Index Scan",
            "Parent Relationship": "Inner",
            "Parallel Aware": false,
            "Scan Direction": "Forward",
            "Index Name": "name_pkey",
            "Relation Name": "name",
            "Alias": "n",
            "Startup Cost": 0.43,
            "Total Cost": 0.46,
            "Plan Rows": 1,
            "Plan Width": 19,
            "Actual Startup Time": 0.009,
            "Actual Total Time": 0.009,
            "Actual Rows": 0,
            "Actual Loops": 1224,
            "Index Cond": "(id = ci.person_id)",
            "Rows Removed by Index Recheck": 0,
            "Filter": "(name ~~ '%Downey%Robert%'::text)",
            "Rows Removed by Filter": 1
          }
        ]
      }
    ]
  },
  "Planning Time": 1.023,
  "Triggers": [],
  "Execution Time": 33.637
}