[
  {
    "Plan": {
      "Node Type": "Aggregate",
      "Strategy": "Plain",
      "Partial Mode": "Finalize",
      "Parallel Aware": false,
      "Startup Cost": 115764.45,
      "Total Cost": 115764.46,
      "Plan Rows": 1,
      "Plan Width": 8,
      "Actual Startup Time": 464.888,
      "Actual Total Time": 482.526,
      "Actual Rows": 1,
      "Actual Loops": 1,
      "Plans": [
        {
          "Node Type": "Gather",
          "Parent Relationship": "Outer",
          "Parallel Aware": false,
          "Startup Cost": 115764.13,
          "Total Cost": 115764.44,
          "Plan Rows": 3,
          "Plan Width": 8,
          "Actual Startup Time": 456.301,
          "Actual Total Time": 482.514,
          "Actual Rows": 4,
          "Actual Loops": 1,
          "Workers Planned": 3,
          "Workers Launched": 3,
          "Single Copy": false,
          "Plans": [
            {
              "Node Type": "Aggregate",
              "Strategy": "Plain",
              "Partial Mode": "Partial",
              "Parent Relationship": "Outer",
              "Parallel Aware": false,
              "Startup Cost": 114764.13,
              "Total Cost": 114764.14,
              "Plan Rows": 1,
              "Plan Width": 8,
              "Actual Startup Time": 452.479,
              "Actual Total Time": 452.486,
              "Actual Rows": 1,
              "Actual Loops": 4,
              "Plans": [
                {
                  "Node Type": "Hash Join",
                  "Parent Relationship": "Outer",
                  "Parallel Aware": true,
                  "Join Type": "Inner",
                  "Startup Cost": 65566.21,
                  "Total Cost": 114180.62,
                  "Plan Rows": 233407,
                  "Plan Width": 0,
                  "Actual Startup Time": 262.537,
                  "Actual Total Time": 447.079,
                  "Actual Rows": 132681,
                  "Actual Loops": 4,
                  "Inner Unique": false,
                  "Hash Cond": "(mk.movie_id = t.id)",
                  "Plans": [
                    {
                      "Node Type": "Seq Scan",
                      "Parent Relationship": "Outer",
                      "Parallel Aware": true,
                      "Relation Name": "movie_keyword",
                      "Alias": "mk",
                      "Startup Cost": 0.0,
                      "Total Cost": 42695.65,
                      "Plan Rows": 1318993,
                      "Plan Width": 4,
                      "Actual Startup Time": 0.074,
                      "Actual Total Time": 108.67,
                      "Actual Rows": 1021936,
                      "Actual Loops": 4,
                      "Filter": "(keyword_id > 335)",
                      "Rows Removed by Filter": 109047
                    },
                    {
                      "Node Type": "Hash",
                      "Parent Relationship": "Inner",
                      "Parallel Aware": true,
                      "Startup Cost": 63235.86,
                      "Total Cost": 63235.86,
                      "Plan Rows": 186428,
                      "Plan Width": 8,
                      "Actual Startup Time": 260.585,
                      "Actual Total Time": 260.59,
                      "Actual Rows": 62930,
                      "Actual Loops": 4,
                      "Hash Buckets": 524288,
                      "Original Hash Buckets": 524288,
                      "Hash Batches": 1,
                      "Original Hash Batches": 1,
                      "Peak Memory Usage": 13984,
                      "Plans": [
                        {
                          "Node Type": "Hash Join",
                          "Parent Relationship": "Outer",
                          "Parallel Aware": true,
                          "Join Type": "Inner",
                          "Startup Cost": 48041.3,
                          "Total Cost": 63235.86,
                          "Plan Rows": 186428,
                          "Plan Width": 8,
                          "Actual Startup Time": 164.449,
                          "Actual Total Time": 245.362,
                          "Actual Rows": 62930,
                          "Actual Loops": 4,
                          "Inner Unique": true,
                          "Hash Cond": "(mi_idx.movie_id = t.id)",
                          "Plans": [
                            {
                              "Node Type": "Seq Scan",
                              "Parent Relationship": "Outer",
                              "Parallel Aware": true,
                              "Relation Name": "movie_info_idx",
                              "Alias": "mi_idx",
                              "Startup Cost": 0.0,
                              "Total Cost": 13685.15,
                              "Plan Rows": 575015,
                              "Plan Width": 4,
                              "Actual Startup Time": 0.012,
                              "Actual Total Time": 28.294,
                              "Actual Rows": 345009,
                              "Actual Loops": 4
                            },
                            {
                              "Node Type": "Hash",
                              "Parent Relationship": "Inner",
                              "Parallel Aware": true,
                              "Startup Cost": 45479.59,
                              "Total Cost": 45479.59,
                              "Plan Rows": 204937,
                              "Plan Width": 4,
                              "Actual Startup Time": 162.523,
                              "Actual Total Time": 162.524,
                              "Actual Rows": 184690,
                              "Actual Loops": 4,
                              "Hash Buckets": 1048576,
                              "Original Hash Buckets": 1048576,
                              "Hash Batches": 1,
                              "Original Hash Batches": 1,
                              "Peak Memory Usage": 37152,
                              "Plans": [
                                {
                                  "Node Type": "Seq Scan",
                                  "Parent Relationship": "Outer",
                                  "Parallel Aware": true,
                                  "Relation Name": "title",
                                  "Alias": "t",
                                  "Startup Cost": 0.0,
                                  "Total Cost": 45479.59,
                                  "Plan Rows": 204937,
                                  "Plan Width": 4,
                                  "Actual Startup Time": 0.014,
                                  "Actual Total Time": 98.467,
                                  "Actual Rows": 184690,
                                  "Actual Loops": 4,
                                  "Filter": "((production_year < 2005) AND (kind_id = 7))",
                                  "Rows Removed by Filter": 447388
                                }
                              ]
                            }
                          ]
                        }
                      ]
                    }
                  ]
                }
              ]
            }
          ]
        }
      ]
    },
    "Planning Time": 0.522,
    "Triggers": [],
    "Execution Time": 482.569
  }
]