[
  {
    "Plan": {
      "Node Type": "Aggregate",
      "Strategy": "Plain",
      "Partial Mode": "Finalize",
      "Parallel Aware": false,
      "Startup Cost": 132082.59,
      "Total Cost": 132082.6,
      "Plan Rows": 1,
      "Plan Width": 8,
      "Actual Startup Time": 945.616,
      "Actual Total Time": 970.342,
      "Actual Rows": 1,
      "Actual Loops": 1,
      "Plans": [
        {
          "Node Type": "Gather",
          "Parent Relationship": "Outer",
          "Parallel Aware": false,
          "Startup Cost": 132082.27,
          "Total Cost": 132082.58,
          "Plan Rows": 3,
          "Plan Width": 8,
          "Actual Startup Time": 934.054,
          "Actual Total Time": 970.333,
          "Actual Rows": 4,
          "Actual Loops": 1,
          "Workers Planned": 3,
          "Workers Launched": 3,
          "Single Copy": false,
          "Plans": [
            {
              "Node Type": "Aggregate",
              "Strategy": "Plain",
              "Partial Mode": "Partial",
              "Parent Relationship": "Outer",
              "Parallel Aware": false,
              "Startup Cost": 131082.27,
              "Total Cost": 131082.28,
              "Plan Rows": 1,
              "Plan Width": 8,
              "Actual Startup Time": 924.936,
              "Actual Total Time": 925.468,
              "Actual Rows": 1,
              "Actual Loops": 4,
              "Plans": [
                {
                  "Node Type": "Hash Join",
                  "Parent Relationship": "Outer",
                  "Parallel Aware": true,
                  "Join Type": "Inner",
                  "Startup Cost": 97588.53,
                  "Total Cost": 130412.96,
                  "Plan Rows": 267725,
                  "Plan Width": 0,
                  "Actual Startup Time": 583.652,
                  "Actual Total Time": 858.697,
                  "Actual Rows": 1713306,
                  "Actual Loops": 4,
                  "Inner Unique": false,
                  "Hash Cond": "(mc.movie_id = t.id)",
                  "Plans": [
                    {
                      "Node Type": "Seq Scan",
                      "Parent Relationship": "Outer",
                      "Parallel Aware": true,
                      "Relation Name": "movie_companies",
                      "Alias": "mc",
                      "Startup Cost": 0.0,
                      "Total Cost": 29310.68,
                      "Plan Rows": 706698,
                      "Plan Width": 4,
                      "Actual Startup Time": 0.023,
                      "Actual Total Time": 71.181,
                      "Actual Rows": 545848,
                      "Actual Loops": 4,
                      "Filter": "(company_id < 79656)",
                      "Rows Removed by Filter": 106434
                    },
                    {
                      "Node Type": "Hash",
                      "Parent Relationship": "Inner",
                      "Parallel Aware": true,
                      "Startup Cost": 93726.35,
                      "Total Cost": 93726.35,
                      "Plan Rows": 308974,
                      "Plan Width": 8,
                      "Actual Startup Time": 574.191,
                      "Actual Total Time": 574.722,
                      "Actual Rows": 238800,
                      "Actual Loops": 4,
                      "Hash Buckets": 1048576,
                      "Original Hash Buckets": 1048576,
                      "Hash Batches": 1,
                      "Original Hash Batches": 1,
                      "Peak Memory Usage": 45600,
                      "Plans": [
                        {
                          "Node Type": "Hash Join",
                          "Parent Relationship": "Outer",
                          "Parallel Aware": true,
                          "Join Type": "Inner",
                          "Startup Cost": 50219.64,
                          "Total Cost": 93726.35,
                          "Plan Rows": 308974,
                          "Plan Width": 8,
                          "Actual Startup Time": 353.811,
                          "Actual Total Time": 506.67,
                          "Actual Rows": 238800,
                          "Actual Loops": 4,
                          "Inner Unique": true,
                          "Hash Cond": "(mk.movie_id = t.id)",
                          "Plans": [
                            {
                              "Node Type": "Seq Scan",
                              "Parent Relationship": "Outer",
                              "Parallel Aware": true,
                              "Relation Name": "movie_keyword",
                              "Alias": "mk",
                              "Startup Cost": 0.0,
                              "Total Cost": 42695.65,
                              "Plan Rows": 308974,
                              "Plan Width": 4,
                              "Actual Startup Time": 1.421,
                              "Actual Total Time": 93.371,
                              "Actual Rows": 238800,
                              "Actual Loops": 4,
                              "Filter": "(keyword_id > 19854)",
                              "Rows Removed by Filter": 892183
                            },
                            {
                              "Node Type": "Hash",
                              "Parent Relationship": "Inner",
                              "Parallel Aware": true,
                              "Startup Cost": 42318.73,
                              "Total Cost": 42318.73,
                              "Plan Rows": 632073,
                              "Plan Width": 4,
                              "Actual Startup Time": 344.62,
                              "Actual Total Time": 344.621,
                              "Actual Rows": 632078,
                              "Actual Loops": 4,
                              "Hash Buckets": 4194304,
                              "Original Hash Buckets": 4194304,
                              "Hash Batches": 1,
                              "Original Hash Batches": 1,
                              "Peak Memory Usage": 131744,
                              "Plans": [
                                {
                                  "Node Type": "Seq Scan",
                                  "Parent Relationship": "Outer",
                                  "Parallel Aware": true,
                                  "Relation Name": "title",
                                  "Alias": "t",
                                  "Startup Cost": 0.0,
                                  "Total Cost": 42318.73,
                                  "Plan Rows": 632073,
                                  "Plan Width": 4,
                                  "Actual Startup Time": 0.045,
                                  "Actual Total Time": 97.189,
                                  "Actual Rows": 632078,
                                  "Actual Loops": 4
                                }
                              ]
                            }
                          ]
                        }
                      ]
                    }
                  ]
                }
              ]
            }
          ]
        }
      ]
    },
    "Planning Time": 1.398,
    "Triggers": [],
    "Execution Time": 970.418
  }
]