[
  {
    "Plan": {
      "Node Type": "Aggregate",
      "Strategy": "Plain",
      "Partial Mode": "Finalize",
      "Parallel Aware": false,
      "Startup Cost": 32851.94,
      "Total Cost": 32851.95,
      "Plan Rows": 1,
      "Plan Width": 8,
      "Actual Startup Time": 83.711,
      "Actual Total Time": 91.016,
      "Actual Rows": 1,
      "Actual Loops": 1,
      "Plans": [
        {
          "Node Type": "Gather",
          "Parent Relationship": "Outer",
          "Parallel Aware": false,
          "Startup Cost": 32851.62,
          "Total Cost": 32851.93,
          "Plan Rows": 3,
          "Plan Width": 8,
          "Actual Startup Time": 83.584,
          "Actual Total Time": 91.004,
          "Actual Rows": 4,
          "Actual Loops": 1,
          "Workers Planned": 3,
          "Workers Launched": 3,
          "Single Copy": false,
          "Plans": [
            {
              "Node Type": "Aggregate",
              "Strategy": "Plain",
              "Partial Mode": "Partial",
              "Parent Relationship": "Outer",
              "Parallel Aware": false,
              "Startup Cost": 31851.62,
              "Total Cost": 31851.63,
              "Plan Rows": 1,
              "Plan Width": 8,
              "Actual Startup Time": 78.087,
              "Actual Total Time": 78.088,
              "Actual Rows": 1,
              "Actual Loops": 4,
              "Plans": [
                {
                  "Node Type": "Seq Scan",
                  "Parent Relationship": "Outer",
                  "Parallel Aware": true,
                  "Relation Name": "movie_companies",
                  "Alias": "mc",
                  "Startup Cost": 0.0,
                  "Total Cost": 31414.82,
                  "Plan Rows": 174720,
                  "Plan Width": 0,
                  "Actual Startup Time": 44.263,
                  "Actual Total Time": 74.459,
                  "Actual Rows": 83094,
                  "Actual Loops": 4,
                  "Filter": "((company_id < 6477) AND (company_type_id > 1))",
                  "Rows Removed by Filter": 569188
                }
              ]
            }
          ]
        }
      ]
    },
    "Planning Time": 0.254,
    "Triggers": [],
    "Execution Time": 91.076
  }
]