[
  {
    "Plan": {
      "Node Type": "Aggregate",
      "Strategy": "Plain",
      "Partial Mode": "Finalize",
      "Parallel Aware": false,
      "Startup Cost": 32852.36,
      "Total Cost": 32852.37,
      "Plan Rows": 1,
      "Plan Width": 8,
      "Actual Startup Time": 84.787,
      "Actual Total Time": 92.304,
      "Actual Rows": 1,
      "Actual Loops": 1,
      "Plans": [
        {
          "Node Type": "Gather",
          "Parent Relationship": "Outer",
          "Parallel Aware": false,
          "Startup Cost": 32852.04,
          "Total Cost": 32852.35,
          "Plan Rows": 3,
          "Plan Width": 8,
          "Actual Startup Time": 84.662,
          "Actual Total Time": 92.297,
          "Actual Rows": 4,
          "Actual Loops": 1,
          "Workers Planned": 3,
          "Workers Launched": 3,
          "Single Copy": false,
          "Plans": [
            {
              "Node Type": "Aggregate",
              "Strategy": "Plain",
              "Partial Mode": "Partial",
              "Parent Relationship": "Outer",
              "Parallel Aware": false,
              "Startup Cost": 31852.04,
              "Total Cost": 31852.05,
              "Plan Rows": 1,
              "Plan Width": 8,
              "Actual Startup Time": 78.146,
              "Actual Total Time": 78.148,
              "Actual Rows": 1,
              "Actual Loops": 4,
              "Plans": [
                {
                  "Node Type": "Seq Scan",
                  "Parent Relationship": "Outer",
                  "Parallel Aware": true,
                  "Relation Name": "movie_companies",
                  "Alias": "mc",
                  "Startup Cost": 0.0,
                  "Total Cost": 31414.82,
                  "Plan Rows": 174889,
                  "Plan Width": 0,
                  "Actual Startup Time": 46.53,
                  "Actual Total Time": 74.8,
                  "Actual Rows": 83094,
                  "Actual Loops": 4,
                  "Filter": "((company_id < 6477) AND (company_type_id > 1))",
                  "Rows Removed by Filter": 569188
                }
              ]
            }
          ]
        }
      ]
    },
    "Planning Time": 0.209,
    "Triggers": [],
    "Execution Time": 92.358
  }
]