[
  {
    "Plan": {
      "Node Type": "Aggregate",
      "Strategy": "Plain",
      "Partial Mode": "Simple",
      "Parallel Aware": false,
      "Startup Cost": 20735.87,
      "Total Cost": 20735.88,
      "Plan Rows": 1,
      "Plan Width": 8,
      "Actual Startup Time": 12.397,
      "Actual Total Time": 12.399,
      "Actual Rows": 1,
      "Actual Loops": 1,
      "Plans": [
        {
          "Node Type": "Bitmap Heap Scan",
          "Parent Relationship": "Outer",
          "Parallel Aware": false,
          "Relation Name": "movie_companies",
          "Alias": "mc",
          "Startup Cost": 585.7,
          "Total Cost": 20668.37,
          "Plan Rows": 27003,
          "Plan Width": 0,
          "Actual Startup Time": 2.083,
          "Actual Total Time": 10.108,
          "Actual Rows": 26163,
          "Actual Loops": 1,
          "Recheck Cond": "(company_id > 210996)",
          "Rows Removed by Index Recheck": 0,
          "Exact Heap Blocks": 1095,
          "Lossy Heap Blocks": 0,
          "Plans": [
            {
              "Node Type": "Bitmap Index Scan",
              "Parent Relationship": "Outer",
              "Parallel Aware": false,
              "Index Name": "company_id_movie_companies",
              "Startup Cost": 0.0,
              "Total Cost": 578.95,
              "Plan Rows": 27003,
              "Plan Width": 0,
              "Actual Startup Time": 1.839,
              "Actual Total Time": 1.839,
              "Actual Rows": 26163,
              "Actual Loops": 1,
              "Index Cond": "(company_id > 210996)"
            }
          ]
        }
      ]
    },
    "Planning Time": 0.154,
    "Triggers": [],
    "Execution Time": 12.438
  }
]