[
  {
    "Plan": {
      "Node Type": "Aggregate",
      "Strategy": "Plain",
      "Partial Mode": "Simple",
      "Parallel Aware": false,
      "Startup Cost": 20725.43,
      "Total Cost": 20725.44,
      "Plan Rows": 1,
      "Plan Width": 8,
      "Actual Startup Time": 20.139,
      "Actual Total Time": 20.14,
      "Actual Rows": 1,
      "Actual Loops": 1,
      "Plans": [
        {
          "Node Type": "Bitmap Heap Scan",
          "Parent Relationship": "Outer",
          "Parallel Aware": false,
          "Relation Name": "movie_companies",
          "Alias": "mc",
          "Startup Cost": 615.37,
          "Total Cost": 20654.8,
          "Plan Rows": 28250,
          "Plan Width": 0,
          "Actual Startup Time": 3.748,
          "Actual Total Time": 16.342,
          "Actual Rows": 26163,
          "Actual Loops": 1,
          "Recheck Cond": "(company_id > 210996)",
          "Rows Removed by Index Recheck": 0,
          "Exact Heap Blocks": 1095,
          "Lossy Heap Blocks": 0,
          "Plans": [
            {
              "Node Type": "Bitmap Index Scan",
              "Parent Relationship": "Outer",
              "Parallel Aware": false,
              "Index Name": "company_id_movie_companies",
              "Startup Cost": 0.0,
              "Total Cost": 608.3,
              "Plan Rows": 28250,
              "Plan Width": 0,
              "Actual Startup Time": 3.325,
              "Actual Total Time": 3.325,
              "Actual Rows": 26163,
              "Actual Loops": 1,
              "Index Cond": "(company_id > 210996)"
            }
          ]
        }
      ]
    },
    "Planning Time": 0.229,
    "Triggers": [],
    "Execution Time": 20.2
  }
]