{
    "Plan": {
        "Node Type": "Aggregate",
        "Strategy": "Plain",
        "Partial Mode": "Finalize",
        "Parallel Aware": false,
        "Startup Cost": 603055.82,
        "Total Cost": 603055.83,
        "Plan Rows": 1,
        "Plan Width": 8,
        "Actual Startup Time": 3097.315,
        "Actual Total Time": 3178.503,
        "Actual Rows": 1,
        "Actual Loops": 1,
        "Output": [
            "count(*)"
        ],
        "Plans": [
            {
                "Node Type": "Gather",
                "Parent Relationship": "Outer",
                "Parallel Aware": false,
                "Startup Cost": 603055.2,
                "Total Cost": 603055.81,
                "Plan Rows": 6,
                "Plan Width": 8,
                "Actual Startup Time": 3076.154,
                "Actual Total Time": 3178.487,
                "Actual Rows": 7,
                "Actual Loops": 1,
                "Output": [
                    "(PARTIAL count(*))"
                ],
                "Workers Planned": 6,
                "Workers Launched": 6,
                "Single Copy": false,
                "Plans": [
                    {
                        "Node Type": "Aggregate",
                        "Strategy": "Plain",
                        "Partial Mode": "Partial",
                        "Parent Relationship": "Outer",
                        "Parallel Aware": false,
                        "Startup Cost": 602055.2,
                        "Total Cost": 602055.21,
                        "Plan Rows": 1,
                        "Plan Width": 8,
                        "Actual Startup Time": 3053.058,
                        "Actual Total Time": 3053.538,
                        "Actual Rows": 1,
                        "Actual Loops": 7,
                        "Output": [
                            "PARTIAL count(*)"
                        ],
                        "Workers": [
                            {
                                "Worker Number": 0,
                                "Actual Startup Time": 3048.865,
                                "Actual Total Time": 3048.87,
                                "Actual Rows": 1,
                                "Actual Loops": 1
                            },
                            {
                                "Worker Number": 1,
                                "Actual Startup Time": 3049.073,
                                "Actual Total Time": 3049.078,
                                "Actual Rows": 1,
                                "Actual Loops": 1
                            },
                            {
                                "Worker Number": 2,
                                "Actual Startup Time": 3048.752,
                                "Actual Total Time": 3048.757,
                                "Actual Rows": 1,
                                "Actual Loops": 1
                            },
                            {
                                "Worker Number": 3,
                                "Actual Startup Time": 3049.07,
                                "Actual Total Time": 3049.074,
                                "Actual Rows": 1,
                                "Actual Loops": 1
                            },
                            {
                                "Worker Number": 4,
                                "Actual Startup Time": 3049.075,
                                "Actual Total Time": 3049.081,
                                "Actual Rows": 1,
                                "Actual Loops": 1
                            },
                            {
                                "Worker Number": 5,
                                "Actual Startup Time": 3051.498,
                                "Actual Total Time": 3051.502,
                                "Actual Rows": 1,
                                "Actual Loops": 1
                            }
                        ],
                        "Plans": [
                            {
                                "Node Type": "Hash Join",
                                "Parent Relationship": "Outer",
                                "Parallel Aware": true,
                                "Join Type": "Inner",
                                "Startup Cost": 254987.06,
                                "Total Cost": 596507.72,
                                "Plan Rows": 2218990,
                                "Plan Width": 0,
                                "Actual Startup Time": 853.097,
                                "Actual Total Time": 2772.313,
                                "Actual Rows": 6944066,
                                "Actual Loops": 7,
                                "Inner Unique": false,
                                "Hash Cond": "(ci.movie_id = t.id)",
                                "Workers": [
                                    {
                                        "Worker Number": 0,
                                        "Actual Startup Time": 849.267,
                                        "Actual Total Time": 2742.84,
                                        "Actual Rows": 5734444,
                                        "Actual Loops": 1
                                    },
                                    {
                                        "Worker Number": 1,
                                        "Actual Startup Time": 849.378,
                                        "Actual Total Time": 2768.442,
                                        "Actual Rows": 7276618,
                                        "Actual Loops": 1
                                    },
                                    {
                                        "Worker Number": 2,
                                        "Actual Startup Time": 849.255,
                                        "Actual Total Time": 2786.502,
                                        "Actual Rows": 6874266,
                                        "Actual Loops": 1
                                    },
                                    {
                                        "Worker Number": 3,
                                        "Actual Startup Time": 849.414,
                                        "Actual Total Time": 2771.325,
                                        "Actual Rows": 7128695,
                                        "Actual Loops": 1
                                    },
                                    {
                                        "Worker Number": 4,
                                        "Actual Startup Time": 849.406,
                                        "Actual Total Time": 2772.949,
                                        "Actual Rows": 7158747,
                                        "Actual Loops": 1
                                    },
                                    {
                                        "Worker Number": 5,
                                        "Actual Startup Time": 849.415,
                                        "Actual Total Time": 2770.841,
                                        "Actual Rows": 7273979,
                                        "Actual Loops": 1
                                    }
                                ],
                                "Plans": [
                                    {
                                        "Node Type": "Seq Scan",
                                        "Parent Relationship": "Outer",
                                        "Parallel Aware": true,
                                        "Relation Name": "cast_info",
                                        "Schema": "public",
                                        "Alias": "ci",
                                        "Startup Cost": 0.0,
                                        "Total Cost": 328213.62,
                                        "Plan Rows": 2365083,
                                        "Plan Width": 4,
                                        "Actual Startup Time": 0.051,
                                        "Actual Total Time": 548.872,
                                        "Actual Rows": 2025270,
                                        "Actual Loops": 7,
                                        "Output": [
                                            "ci.id",
                                            "ci.person_id",
                                            "ci.movie_id",
                                            "ci.person_role_id",
                                            "ci.note",
                                            "ci.nr_order",
                                            "ci.role_id"
                                        ],
                                        "Filter": "(ci.person_id < 1395999)",
                                        "Rows Removed by Filter": 3152493,
                                        "Workers": [
                                            {
                                                "Worker Number": 0,
                                                "Actual Startup Time": 0.054,
                                                "Actual Total Time": 566.85,
                                                "Actual Rows": 1661902,
                                                "Actual Loops": 1
                                            },
                                            {
                                                "Worker Number": 1,
                                                "Actual Startup Time": 0.038,
                                                "Actual Total Time": 560.438,
                                                "Actual Rows": 2126484,
                                                "Actual Loops": 1
                                            },
                                            {
                                                "Worker Number": 2,
                                                "Actual Startup Time": 0.097,
                                                "Actual Total Time": 557.412,
                                                "Actual Rows": 2012597,
                                                "Actual Loops": 1
                                            },
                                            {
                                                "Worker Number": 3,
                                                "Actual Startup Time": 0.038,
                                                "Actual Total Time": 563.498,
                                                "Actual Rows": 2095997,
                                                "Actual Loops": 1
                                            },
                                            {
                                                "Worker Number": 4,
                                                "Actual Startup Time": 0.034,
                                                "Actual Total Time": 559.126,
                                                "Actual Rows": 2094181,
                                                "Actual Loops": 1
                                            },
                                            {
                                                "Worker Number": 5,
                                                "Actual Startup Time": 0.042,
                                                "Actual Total Time": 558.874,
                                                "Actual Rows": 2114573,
                                                "Actual Loops": 1
                                            }
                                        ]
                                    },
                                    {
                                        "Node Type": "Hash",
                                        "Parent Relationship": "Inner",
                                        "Parallel Aware": true,
                                        "Startup Cost": 249056.7,
                                        "Total Cost": 249056.7,
                                        "Plan Rows": 474429,
                                        "Plan Width": 8,
                                        "Actual Startup Time": 845.858,
                                        "Actual Total Time": 846.336,
                                        "Actual Rows": 373475,
                                        "Actual Loops": 7,
                                        "Output": [
                                            "t.id",
                                            "mi.movie_id"
                                        ],
                                        "Hash Buckets": 4194304,
                                        "Original Hash Buckets": 4194304,
                                        "Hash Batches": 1,
                                        "Original Hash Batches": 1,
                                        "Peak Memory Usage": 135136,
                                        "Workers": [
                                            {
                                                "Worker Number": 0,
                                                "Actual Startup Time": 848.328,
                                                "Actual Total Time": 848.331,
                                                "Actual Rows": 285086,
                                                "Actual Loops": 1
                                            },
                                            {
                                                "Worker Number": 1,
                                                "Actual Startup Time": 848.491,
                                                "Actual Total Time": 848.494,
                                                "Actual Rows": 387390,
                                                "Actual Loops": 1
                                            },
                                            {
                                                "Worker Number": 2,
                                                "Actual Startup Time": 848.302,
                                                "Actual Total Time": 848.306,
                                                "Actual Rows": 369625,
                                                "Actual Loops": 1
                                            },
                                            {
                                                "Worker Number": 3,
                                                "Actual Startup Time": 848.528,
                                                "Actual Total Time": 848.531,
                                                "Actual Rows": 385655,
                                                "Actual Loops": 1
                                            },
                                            {
                                                "Worker Number": 4,
                                                "Actual Startup Time": 848.46,
                                                "Actual Total Time": 848.464,
                                                "Actual Rows": 380124,
                                                "Actual Loops": 1
                                            },
                                            {
                                                "Worker Number": 5,
                                                "Actual Startup Time": 848.507,
                                                "Actual Total Time": 848.51,
                                                "Actual Rows": 382704,
                                                "Actual Loops": 1
                                            }
                                        ],
                                        "Plans": [
                                            {
                                                "Node Type": "Hash Join",
                                                "Parent Relationship": "Outer",
                                                "Parallel Aware": true,
                                                "Join Type": "Inner",
                                                "Startup Cost": 46935.92,
                                                "Total Cost": 249056.7,
                                                "Plan Rows": 474429,
                                                "Plan Width": 8,
                                                "Actual Startup Time": 160.934,
                                                "Actual Total Time": 678.336,
                                                "Actual Rows": 373475,
                                                "Actual Loops": 7,
                                                "Output": [
                                                    "t.id",
                                                    "mi.movie_id"
                                                ],
                                                "Inner Unique": true,
                                                "Hash Cond": "(mi.movie_id = t.id)",
                                                "Workers": [
                                                    {
                                                        "Worker Number": 0,
                                                        "Actual Startup Time": 161.067,
                                                        "Actual Total Time": 680.775,
                                                        "Actual Rows": 285086,
                                                        "Actual Loops": 1
                                                    },
                                                    {
                                                        "Worker Number": 1,
                                                        "Actual Startup Time": 160.86,
                                                        "Actual Total Time": 678.662,
                                                        "Actual Rows": 387390,
                                                        "Actual Loops": 1
                                                    },
                                                    {
                                                        "Worker Number": 2,
                                                        "Actual Startup Time": 161.01,
                                                        "Actual Total Time": 679.29,
                                                        "Actual Rows": 369625,
                                                        "Actual Loops": 1
                                                    },
                                                    {
                                                        "Worker Number": 3,
                                                        "Actual Startup Time": 160.825,
                                                        "Actual Total Time": 678.375,
                                                        "Actual Rows": 385655,
                                                        "Actual Loops": 1
                                                    },
                                                    {
                                                        "Worker Number": 4,
                                                        "Actual Startup Time": 161.001,
                                                        "Actual Total Time": 678.55,
                                                        "Actual Rows": 380124,
                                                        "Actual Loops": 1
                                                    },
                                                    {
                                                        "Worker Number": 5,
                                                        "Actual Startup Time": 160.804,
                                                        "Actual Total Time": 680.371,
                                                        "Actual Rows": 382704,
                                                        "Actual Loops": 1
                                                    }
                                                ],
                                                "Plans": [
                                                    {
                                                        "Node Type": "Seq Scan",
                                                        "Parent Relationship": "Outer",
                                                        "Parallel Aware": true,
                                                        "Relation Name": "movie_info",
                                                        "Schema": "public",
                                                        "Alias": "mi",
                                                        "Startup Cost": 0.0,
                                                        "Total Cost": 198880.74,
                                                        "Plan Rows": 1234303,
                                                        "Plan Width": 4,
                                                        "Actual Startup Time": 13.992,
                                                        "Actual Total Time": 294.863,
                                                        "Actual Rows": 889071,
                                                        "Actual Loops": 7,
                                                        "Output": [
                                                            "mi.id",
                                                            "mi.movie_id",
                                                            "mi.info_type_id",
                                                            "mi.info",
                                                            "mi.note"
                                                        ],
                                                        "Filter": "(mi.info_type_id > 8)",
                                                        "Rows Removed by Filter": 1230318,
                                                        "Workers": [
                                                            {
                                                                "Worker Number": 0,
                                                                "Actual Startup Time": 13.961,
                                                                "Actual Total Time": 306.131,
                                                                "Actual Rows": 673572,
                                                                "Actual Loops": 1
                                                            },
                                                            {
                                                                "Worker Number": 1,
                                                                "Actual Startup Time": 13.975,
                                                                "Actual Total Time": 298.269,
                                                                "Actual Rows": 925642,
                                                                "Actual Loops": 1
                                                            },
                                                            {
                                                                "Worker Number": 2,
                                                                "Actual Startup Time": 14.02,
                                                                "Actual Total Time": 303.246,
                                                                "Actual Rows": 868686,
                                                                "Actual Loops": 1
                                                            },
                                                            {
                                                                "Worker Number": 3,
                                                                "Actual Startup Time": 13.97,
                                                                "Actual Total Time": 298.299,
                                                                "Actual Rows": 922646,
                                                                "Actual Loops": 1
                                                            },
                                                            {
                                                                "Worker Number": 4,
                                                                "Actual Startup Time": 13.987,
                                                                "Actual Total Time": 297.376,
                                                                "Actual Rows": 906686,
                                                                "Actual Loops": 1
                                                            },
                                                            {
                                                                "Worker Number": 5,
                                                                "Actual Startup Time": 13.966,
                                                                "Actual Total Time": 299.228,
                                                                "Actual Rows": 924247,
                                                                "Actual Loops": 1
                                                            }
                                                        ]
                                                    },
                                                    {
                                                        "Node Type": "Hash",
                                                        "Parent Relationship": "Inner",
                                                        "Parallel Aware": true,
                                                        "Startup Cost": 43899.01,
                                                        "Total Cost": 43899.01,
                                                        "Plan Rows": 242953,
                                                        "Plan Width": 4,
                                                        "Actual Startup Time": 145.636,
                                                        "Actual Total Time": 145.637,
                                                        "Actual Rows": 138741,
                                                        "Actual Loops": 7,
                                                        "Output": [
                                                            "t.id"
                                                        ],
                                                        "Hash Buckets": 1048576,
                                                        "Original Hash Buckets": 1048576,
                                                        "Hash Batches": 1,
                                                        "Original Hash Batches": 1,
                                                        "Peak Memory Usage": 46304,
                                                        "Workers": [
                                                            {
                                                                "Worker Number": 0,
                                                                "Actual Startup Time": 146.541,
                                                                "Actual Total Time": 146.541,
                                                                "Actual Rows": 102586,
                                                                "Actual Loops": 1
                                                            },
                                                            {
                                                                "Worker Number": 1,
                                                                "Actual Startup Time": 146.552,
                                                                "Actual Total Time": 146.553,
                                                                "Actual Rows": 138417,
                                                                "Actual Loops": 1
                                                            },
                                                            {
                                                                "Worker Number": 2,
                                                                "Actual Startup Time": 146.507,
                                                                "Actual Total Time": 146.508,
                                                                "Actual Rows": 122741,
                                                                "Actual Loops": 1
                                                            },
                                                            {
                                                                "Worker Number": 3,
                                                                "Actual Startup Time": 146.51,
                                                                "Actual Total Time": 146.511,
                                                                "Actual Rows": 138746,
                                                                "Actual Loops": 1
                                                            },
                                                            {
                                                                "Worker Number": 4,
                                                                "Actual Startup Time": 146.503,
                                                                "Actual Total Time": 146.504,
                                                                "Actual Rows": 136330,
                                                                "Actual Loops": 1
                                                            },
                                                            {
                                                                "Worker Number": 5,
                                                                "Actual Startup Time": 146.526,
                                                                "Actual Total Time": 146.527,
                                                                "Actual Rows": 137293,
                                                                "Actual Loops": 1
                                                            }
                                                        ],
                                                        "Plans": [
                                                            {
                                                                "Node Type": "Seq Scan",
                                                                "Parent Relationship": "Outer",
                                                                "Parallel Aware": true,
                                                                "Relation Name": "title",
                                                                "Schema": "public",
                                                                "Alias": "t",
                                                                "Startup Cost": 0.0,
                                                                "Total Cost": 43899.01,
                                                                "Plan Rows": 242953,
                                                                "Plan Width": 4,
                                                                "Actual Startup Time": 0.065,
                                                                "Actual Total Time": 76.15,
                                                                "Actual Rows": 138741,
                                                                "Actual Loops": 7,
                                                                "Output": [
                                                                    "t.id"
                                                                ],
                                                                "Filter": "(t.production_year < 1999)",
                                                                "Rows Removed by Filter": 222446,
                                                                "Workers": [
                                                                    {
                                                                        "Worker Number": 0,
                                                                        "Actual Startup Time": 0.078,
                                                                        "Actual Total Time": 78.661,
                                                                        "Actual Rows": 102586,
                                                                        "Actual Loops": 1
                                                                    },
                                                                    {
                                                                        "Worker Number": 1,
                                                                        "Actual Startup Time": 0.066,
                                                                        "Actual Total Time": 77.396,
                                                                        "Actual Rows": 138417,
                                                                        "Actual Loops": 1
                                                                    },
                                                                    {
                                                                        "Worker Number": 2,
                                                                        "Actual Startup Time": 0.078,
                                                                        "Actual Total Time": 76.94,
                                                                        "Actual Rows": 122741,
                                                                        "Actual Loops": 1
                                                                    },
                                                                    {
                                                                        "Worker Number": 3,
                                                                        "Actual Startup Time": 0.065,
                                                                        "Actual Total Time": 77.833,
                                                                        "Actual Rows": 138746,
                                                                        "Actual Loops": 1
                                                                    },
                                                                    {
                                                                        "Worker Number": 4,
                                                                        "Actual Startup Time": 0.076,
                                                                        "Actual Total Time": 77.042,
                                                                        "Actual Rows": 136330,
                                                                        "Actual Loops": 1
                                                                    },
                                                                    {
                                                                        "Worker Number": 5,
                                                                        "Actual Startup Time": 0.075,
                                                                        "Actual Total Time": 77.193,
                                                                        "Actual Rows": 137293,
                                                                        "Actual Loops": 1
                                                                    }
                                                                ]
                                                            }
                                                        ]
                                                    }
                                                ]
                                            }
                                        ]
                                    }
                                ]
                            }
                        ]
                    }
                ]
            }
        ]
    },
    "Planning Time": 1.569,
    "Triggers": [],
    "Execution Time": 3178.616
}