[
    {
        "Bao": {
            "Bao prediction": "NaN",
            "Bao recommended hint": "(no hint)"
        }
    },
    {
        "Plan": {
            "Node Type": "Aggregate",
            "Strategy": "Plain",
            "Partial Mode": "Finalize",
            "Parallel Aware": false,
            "Startup Cost": 36925.35,
            "Total Cost": 36925.36,
            "Plan Rows": 1,
            "Plan Width": 8,
            "Actual Startup Time": 142.554,
            "Actual Total Time": 149.116,
            "Actual Rows": 1,
            "Actual Loops": 1,
            "Output": [
                "count(*)"
            ],
            "Plans": [
                {
                    "Node Type": "Gather",
                    "Parent Relationship": "Outer",
                    "Parallel Aware": false,
                    "Startup Cost": 36925.03,
                    "Total Cost": 36925.34,
                    "Plan Rows": 3,
                    "Plan Width": 8,
                    "Actual Startup Time": 142.242,
                    "Actual Total Time": 149.104,
                    "Actual Rows": 4,
                    "Actual Loops": 1,
                    "Output": [
                        "(PARTIAL count(*))"
                    ],
                    "Workers Planned": 3,
                    "Workers Launched": 3,
                    "Single Copy": false,
                    "Plans": [
                        {
                            "Node Type": "Aggregate",
                            "Strategy": "Plain",
                            "Partial Mode": "Partial",
                            "Parent Relationship": "Outer",
                            "Parallel Aware": false,
                            "Startup Cost": 35925.03,
                            "Total Cost": 35925.04,
                            "Plan Rows": 1,
                            "Plan Width": 8,
                            "Actual Startup Time": 132.728,
                            "Actual Total Time": 132.73,
                            "Actual Rows": 1,
                            "Actual Loops": 4,
                            "Output": [
                                "PARTIAL count(*)"
                            ],
                            "Workers": [
                                {
                                    "Worker Number": 0,
                                    "Actual Startup Time": 129.332,
                                    "Actual Total Time": 129.333,
                                    "Actual Rows": 1,
                                    "Actual Loops": 1
                                },
                                {
                                    "Worker Number": 1,
                                    "Actual Startup Time": 129.665,
                                    "Actual Total Time": 129.666,
                                    "Actual Rows": 1,
                                    "Actual Loops": 1
                                },
                                {
                                    "Worker Number": 2,
                                    "Actual Startup Time": 130.228,
                                    "Actual Total Time": 130.23,
                                    "Actual Rows": 1,
                                    "Actual Loops": 1
                                }
                            ],
                            "Plans": [
                                {
                                    "Node Type": "Bitmap Heap Scan",
                                    "Parent Relationship": "Outer",
                                    "Parallel Aware": true,
                                    "Relation Name": "movie_keyword",
                                    "Schema": "public",
                                    "Alias": "mk",
                                    "Startup Cost": 9340.63,
                                    "Total Cost": 35569.96,
                                    "Plan Rows": 142027,
                                    "Plan Width": 0,
                                    "Actual Startup Time": 39.316,
                                    "Actual Total Time": 125.394,
                                    "Actual Rows": 107609,
                                    "Actual Loops": 4,
                                    "Recheck Cond": "(mk.keyword_id > 40642)",
                                    "Rows Removed by Index Recheck": 0,
                                    "Exact Heap Blocks": 7836,
                                    "Lossy Heap Blocks": 0,
                                    "Workers": [
                                        {
                                            "Worker Number": 0,
                                            "Actual Startup Time": 35.998,
                                            "Actual Total Time": 122.905,
                                            "Actual Rows": 100201,
                                            "Actual Loops": 1
                                        },
                                        {
                                            "Worker Number": 1,
                                            "Actual Startup Time": 36.332,
                                            "Actual Total Time": 123.358,
                                            "Actual Rows": 103383,
                                            "Actual Loops": 1
                                        },
                                        {
                                            "Worker Number": 2,
                                            "Actual Startup Time": 37.033,
                                            "Actual Total Time": 123.306,
                                            "Actual Rows": 79432,
                                            "Actual Loops": 1
                                        }
                                    ],
                                    "Plans": [
                                        {
                                            "Node Type": "Bitmap Index Scan",
                                            "Parent Relationship": "Outer",
                                            "Parallel Aware": false,
                                            "Index Name": "keyword_id_movie_keyword",
                                            "Startup Cost": 0.0,
                                            "Total Cost": 9230.56,
                                            "Plan Rows": 440283,
                                            "Plan Width": 0,
                                            "Actual Startup Time": 42.513,
                                            "Actual Total Time": 42.513,
                                            "Actual Rows": 430435,
                                            "Actual Loops": 1,
                                            "Index Cond": "(mk.keyword_id > 40642)"
                                        }
                                    ]
                                }
                            ]
                        }
                    ]
                }
            ]
        },
        "Planning Time": 300.052,
        "Triggers": [],
        "Execution Time": 149.254
    }
]