[
  {
    "Plan": {
      "Node Type": "Aggregate",
      "Strategy": "Plain",
      "Partial Mode": "Finalize",
      "Parallel Aware": false,
      "Startup Cost": 423919.9,
      "Total Cost": 423919.91,
      "Plan Rows": 1,
      "Plan Width": 8,
      "Actual Startup Time": 1347.063,
      "Actual Total Time": 1405.365,
      "Actual Rows": 1,
      "Actual Loops": 1,
      "Plans": [
        {
          "Node Type": "Gather",
          "Parent Relationship": "Outer",
          "Parallel Aware": false,
          "Startup Cost": 423919.28,
          "Total Cost": 423919.89,
          "Plan Rows": 6,
          "Plan Width": 8,
          "Actual Startup Time": 1332.524,
          "Actual Total Time": 1405.337,
          "Actual Rows": 7,
          "Actual Loops": 1,
          "Workers Planned": 6,
          "Workers Launched": 6,
          "Single Copy": false,
          "Plans": [
            {
              "Node Type": "Aggregate",
              "Strategy": "Plain",
              "Partial Mode": "Partial",
              "Parent Relationship": "Outer",
              "Parallel Aware": false,
              "Startup Cost": 422919.28,
              "Total Cost": 422919.29,
              "Plan Rows": 1,
              "Plan Width": 8,
              "Actual Startup Time": 1322.88,
              "Actual Total Time": 1323.084,
              "Actual Rows": 1,
              "Actual Loops": 7,
              "Plans": [
                {
                  "Node Type": "Hash Join",
                  "Parent Relationship": "Outer",
                  "Parallel Aware": true,
                  "Join Type": "Inner",
                  "Startup Cost": 83979.59,
                  "Total Cost": 421701.14,
                  "Plan Rows": 487256,
                  "Plan Width": 0,
                  "Actual Startup Time": 333.936,
                  "Actual Total Time": 1307.148,
                  "Actual Rows": 305789,
                  "Actual Loops": 7,
                  "Inner Unique": false,
                  "Hash Cond": "(ci.movie_id = t.id)",
                  "Plans": [
                    {
                      "Node Type": "Seq Scan",
                      "Parent Relationship": "Outer",
                      "Parallel Aware": true,
                      "Relation Name": "cast_info",
                      "Alias": "ci",
                      "Startup Cost": 0.0,
                      "Total Cost": 328211.39,
                      "Plan Rows": 2116898,
                      "Plan Width": 4,
                      "Actual Startup Time": 0.057,
                      "Actual Total Time": 687.666,
                      "Actual Rows": 1810098,
                      "Actual Loops": 7,
                      "Filter": "(role_id < 2)",
                      "Rows Removed by Filter": 3367665
                    },
                    {
                      "Node Type": "Hash",
                      "Parent Relationship": "Inner",
                      "Parallel Aware": true,
                      "Startup Cost": 81632.9,
                      "Total Cost": 81632.9,
                      "Plan Rows": 187735,
                      "Plan Width": 8,
                      "Actual Startup Time": 331.084,
                      "Actual Total Time": 331.284,
                      "Actual Rows": 37090,
                      "Actual Loops": 7,
                      "Hash Buckets": 1048576,
                      "Original Hash Buckets": 1048576,
                      "Hash Batches": 1,
                      "Original Hash Batches": 1,
                      "Peak Memory Usage": 18432,
                      "Plans": [
                        {
                          "Node Type": "Hash Join",
                          "Parent Relationship": "Outer",
                          "Parallel Aware": true,
                          "Join Type": "Inner",
                          "Startup Cost": 49160.15,
                          "Total Cost": 81632.9,
                          "Plan Rows": 187735,
                          "Plan Width": 8,
                          "Actual Startup Time": 222.643,
                          "Actual Total Time": 306.24,
                          "Actual Rows": 37090,
                          "Actual Loops": 7,
                          "Inner Unique": true,
                          "Hash Cond": "(mc.movie_id = t.id)",
                          "Plans": [
                            {
                              "Node Type": "Seq Scan",
                              "Parent Relationship": "Outer",
                              "Parallel Aware": true,
                              "Relation Name": "movie_companies",
                              "Alias": "mc",
                              "Startup Cost": 0.0,
                              "Total Cost": 31414.82,
                              "Plan Rows": 403023,
                              "Plan Width": 4,
                              "Actual Startup Time": 24.517,
                              "Actual Total Time": 52.67,
                              "Actual Rows": 185267,
                              "Actual Loops": 7,
                              "Filter": "((company_id > 27) AND (company_type_id = 2))",
                              "Rows Removed by Filter": 187465
                            },
                            {
                              "Node Type": "Hash",
                              "Parent Relationship": "Inner",
                              "Parallel Aware": true,
                              "Startup Cost": 45479.59,
                              "Total Cost": 45479.59,
                              "Plan Rows": 294445,
                              "Plan Width": 4,
                              "Actual Startup Time": 195.244,
                              "Actual Total Time": 195.246,
                              "Actual Rows": 180118,
                              "Actual Loops": 7,
                              "Hash Buckets": 2097152,
                              "Original Hash Buckets": 2097152,
                              "Hash Batches": 1,
                              "Original Hash Batches": 1,
                              "Peak Memory Usage": 65792,
                              "Plans": [
                                {
                                  "Node Type": "Seq Scan",
                                  "Parent Relationship": "Outer",
                                  "Parallel Aware": true,
                                  "Relation Name": "title",
                                  "Alias": "t",
                                  "Startup Cost": 0.0,
                                  "Total Cost": 45479.59,
                                  "Plan Rows": 294445,
                                  "Plan Width": 4,
                                  "Actual Startup Time": 0.077,
                                  "Actual Total Time": 89.928,
                                  "Actual Rows": 180118,
                                  "Actual Loops": 7,
                                  "Filter": "((production_year > 1981) AND (kind_id = 7))",
                                  "Rows Removed by Filter": 181069
                                }
                              ]
                            }
                          ]
                        }
                      ]
                    }
                  ]
                }
              ]
            }
          ]
        }
      ]
    },
    "Planning Time": 0.725,
    "Triggers": [],
    "Execution Time": 1405.436
  }
]