{
  "Plan": {
    "Node Type": "Aggregate",
    "Strategy": "Plain",
    "Partial Mode": "Finalize",
    "Parallel Aware": false,
    "Startup Cost": 73307.25,
    "Total Cost": 73307.26,
    "Plan Rows": 1,
    "Plan Width": 8,
    "Actual Startup Time": 185.085,
    "Actual Total Time": 205.073,
    "Actual Rows": 1,
    "Actual Loops": 1,
    "Plans": [
      {
        "Node Type": "Gather",
        "Parent Relationship": "Outer",
        "Parallel Aware": false,
        "Startup Cost": 73307.14,
        "Total Cost": 73307.25,
        "Plan Rows": 1,
        "Plan Width": 8,
        "Actual Startup Time": 184.98,
        "Actual Total Time": 205.066,
        "Actual Rows": 2,
        "Actual Loops": 1,
        "Workers Planned": 1,
        "Workers Launched": 1,
        "Single Copy": false,
        "Plans": [
          {
            "Node Type": "Aggregate",
            "Strategy": "Plain",
            "Partial Mode": "Partial",
            "Parent Relationship": "Outer",
            "Parallel Aware": false,
            "Startup Cost": 72307.14,
            "Total Cost": 72307.15,
            "Plan Rows": 1,
            "Plan Width": 8,
            "Actual Startup Time": 180.452,
            "Actual Total Time": 180.454,
            "Actual Rows": 1,
            "Actual Loops": 2,
            "Plans": [
              {
                "Node Type": "Nested Loop",
                "Parent Relationship": "Outer",
                "Parallel Aware": false,
                "Join Type": "Inner",
                "Startup Cost": 0.86,
                "Total Cost": 72300.62,
                "Plan Rows": 2608,
                "Plan Width": 0,
                "Actual Startup Time": 2.944,
                "Actual Total Time": 179.501,
                "Actual Rows": 15596,
                "Actual Loops": 2,
                "Inner Unique": false,
                "Join Filter": "(t.id = mi.movie_id)",
                "Rows Removed by Join Filter": 0,
                "Plans": [
                  {
                    "Node Type": "Nested Loop",
                    "Parent Relationship": "Outer",
                    "Parallel Aware": false,
                    "Join Type": "Inner",
                    "Startup Cost": 0.43,
                    "Total Cost": 70949.59,
                    "Plan Rows": 695,
                    "Plan Width": 8,
                    "Actual Startup Time": 2.817,
                    "Actual Total Time": 140.058,
                    "Actual Rows": 3158,
                    "Actual Loops": 2,
                    "Inner Unique": false,
                    "Plans": [
                      {
                        "Node Type": "Seq Scan",
                        "Parent Relationship": "Outer",
                        "Parallel Aware": true,
                        "Relation Name": "title",
                        "Alias": "t",
                        "Startup Cost": 0.0,
                        "Total Cost": 58306.47,
                        "Plan Rows": 674,
                        "Plan Width": 4,
                        "Actual Startup Time": 2.676,
                        "Actual Total Time": 124.908,
                        "Actual Rows": 1689,
                        "Actual Loops": 2,
                        "Filter": "((kind_id < 7) AND (production_year > 2013))",
                        "Rows Removed by Filter": 1262467
                      },
                      {
                        "Node Type": "Index Only Scan",
                        "Parent Relationship": "Inner",
                        "Parallel Aware": false,
                        "Scan Direction": "Forward",
                        "Index Name": "movie_id_movie_companies",
                        "Relation Name": "movie_companies",
                        "Alias": "mc",
                        "Startup Cost": 0.43,
                        "Total Cost": 18.71,
                        "Plan Rows": 5,
                        "Plan Width": 4,
                        "Actual Startup Time": 0.008,
                        "Actual Total Time": 0.008,
                        "Actual Rows": 2,
                        "Actual Loops": 3378,
                        "Index Cond": "(movie_id = t.id)",
                        "Rows Removed by Index Recheck": 0,
                        "Heap Fetches": 6315
                      }
                    ]
                  },
                  {
                    "Node Type": "Index Scan",
                    "Parent Relationship": "Inner",
                    "Parallel Aware": false,
                    "Scan Direction": "Forward",
                    "Index Name": "movie_id_movie_info",
                    "Relation Name": "movie_info",
                    "Alias": "mi",
                    "Startup Cost": 0.43,
                    "Total Cost": 1.61,
                    "Plan Rows": 27,
                    "Plan Width": 4,
                    "Actual Startup Time": 0.006,
                    "Actual Total Time": 0.012,
                    "Actual Rows": 5,
                    "Actual Loops": 6315,
                    "Index Cond": "(movie_id = mc.movie_id)",
                    "Rows Removed by Index Recheck": 0,
                    "Filter": "(info_type_id < 16)",
                    "Rows Removed by Filter": 3
                  }
                ]
              }
            ]
          }
        ]
      }
    ]
  },
  "Planning Time": 0.453,
  "Triggers": [],
  "Execution Time": 205.13
}