[
  {
    "Plan": {
      "Node Type": "Aggregate",
      "Strategy": "Plain",
      "Partial Mode": "Finalize",
      "Parallel Aware": false,
      "Startup Cost": 45443.05,
      "Total Cost": 45443.06,
      "Plan Rows": 1,
      "Plan Width": 8,
      "Actual Startup Time": 157.965,
      "Actual Total Time": 167.735,
      "Actual Rows": 1,
      "Actual Loops": 1,
      "Plans": [
        {
          "Node Type": "Gather",
          "Parent Relationship": "Outer",
          "Parallel Aware": false,
          "Startup Cost": 45442.73,
          "Total Cost": 45443.04,
          "Plan Rows": 3,
          "Plan Width": 8,
          "Actual Startup Time": 157.834,
          "Actual Total Time": 167.725,
          "Actual Rows": 4,
          "Actual Loops": 1,
          "Workers Planned": 3,
          "Workers Launched": 3,
          "Single Copy": false,
          "Plans": [
            {
              "Node Type": "Aggregate",
              "Strategy": "Plain",
              "Partial Mode": "Partial",
              "Parent Relationship": "Outer",
              "Parallel Aware": false,
              "Startup Cost": 44442.73,
              "Total Cost": 44442.74,
              "Plan Rows": 1,
              "Plan Width": 8,
              "Actual Startup Time": 149.453,
              "Actual Total Time": 149.454,
              "Actual Rows": 1,
              "Actual Loops": 4,
              "Plans": [
                {
                  "Node Type": "Seq Scan",
                  "Parent Relationship": "Outer",
                  "Parallel Aware": true,
                  "Relation Name": "movie_keyword",
                  "Alias": "mk",
                  "Startup Cost": 0.0,
                  "Total Cost": 42695.65,
                  "Plan Rows": 698830,
                  "Plan Width": 0,
                  "Actual Startup Time": 0.791,
                  "Actual Total Time": 122.408,
                  "Actual Rows": 542012,
                  "Actual Loops": 4,
                  "Filter": "(keyword_id > 5294)",
                  "Rows Removed by Filter": 588971
                }
              ]
            }
          ]
        }
      ]
    },
    "Planning Time": 0.161,
    "Triggers": [],
    "Execution Time": 167.794
  }
]