[
  {
    "Plan": {
      "Node Type": "Aggregate",
      "Strategy": "Plain",
      "Partial Mode": "Finalize",
      "Parallel Aware": false,
      "Startup Cost": 94739.77,
      "Total Cost": 94739.78,
      "Plan Rows": 1,
      "Plan Width": 8,
      "Actual Startup Time": 447.745,
      "Actual Total Time": 465.295,
      "Actual Rows": 1,
      "Actual Loops": 1,
      "Plans": [
        {
          "Node Type": "Gather",
          "Parent Relationship": "Outer",
          "Parallel Aware": false,
          "Startup Cost": 94739.46,
          "Total Cost": 94739.77,
          "Plan Rows": 3,
          "Plan Width": 8,
          "Actual Startup Time": 444.113,
          "Actual Total Time": 465.288,
          "Actual Rows": 4,
          "Actual Loops": 1,
          "Workers Planned": 3,
          "Workers Launched": 3,
          "Single Copy": false,
          "Plans": [
            {
              "Node Type": "Aggregate",
              "Strategy": "Plain",
              "Partial Mode": "Partial",
              "Parent Relationship": "Outer",
              "Parallel Aware": false,
              "Startup Cost": 93739.46,
              "Total Cost": 93739.47,
              "Plan Rows": 1,
              "Plan Width": 8,
              "Actual Startup Time": 431.809,
              "Actual Total Time": 431.812,
              "Actual Rows": 1,
              "Actual Loops": 4,
              "Plans": [
                {
                  "Node Type": "Hash Join",
                  "Parent Relationship": "Outer",
                  "Parallel Aware": true,
                  "Join Type": "Inner",
                  "Startup Cost": 48071.0,
                  "Total Cost": 92744.69,
                  "Plan Rows": 397906,
                  "Plan Width": 0,
                  "Actual Startup Time": 242.269,
                  "Actual Total Time": 422.29,
                  "Actual Rows": 237310,
                  "Actual Loops": 4,
                  "Inner Unique": true,
                  "Hash Cond": "(mk.movie_id = t.id)",
                  "Plans": [
                    {
                      "Node Type": "Seq Scan",
                      "Parent Relationship": "Outer",
                      "Parallel Aware": true,
                      "Relation Name": "movie_keyword",
                      "Alias": "mk",
                      "Startup Cost": 0.0,
                      "Total Cost": 42695.65,
                      "Plan Rows": 753537,
                      "Plan Width": 4,
                      "Actual Startup Time": 0.275,
                      "Actual Total Time": 102.906,
                      "Actual Rows": 583227,
                      "Actual Loops": 4,
                      "Filter": "(keyword_id > 4333)",
                      "Rows Removed by Filter": 547755
                    },
                    {
                      "Node Type": "Hash",
                      "Parent Relationship": "Inner",
                      "Parallel Aware": true,
                      "Startup Cost": 43898.92,
                      "Total Cost": 43898.92,
                      "Plan Rows": 333767,
                      "Plan Width": 4,
                      "Actual Startup Time": 234.113,
                      "Actual Total Time": 234.114,
                      "Actual Rows": 330716,
                      "Actual Loops": 4,
                      "Hash Buckets": 2097152,
                      "Original Hash Buckets": 2097152,
                      "Hash Batches": 1,
                      "Original Hash Batches": 1,
                      "Peak Memory Usage": 68224,
                      "Plans": [
                        {
                          "Node Type": "Seq Scan",
                          "Parent Relationship": "Outer",
                          "Parallel Aware": true,
                          "Relation Name": "title",
                          "Alias": "t",
                          "Startup Cost": 0.0,
                          "Total Cost": 43898.92,
                          "Plan Rows": 333767,
                          "Plan Width": 4,
                          "Actual Startup Time": 0.041,
                          "Actual Total Time": 106.017,
                          "Actual Rows": 330716,
                          "Actual Loops": 4,
                          "Filter": "(production_year > 2001)",
                          "Rows Removed by Filter": 301362
                        }
                      ]
                    }
                  ]
                }
              ]
            }
          ]
        }
      ]
    },
    "Planning Time": 0.641,
    "Triggers": [],
    "Execution Time": 465.364
  }
]