[
  {
    "Plan": {
      "Node Type": "Aggregate",
      "Strategy": "Plain",
      "Partial Mode": "Finalize",
      "Parallel Aware": false,
      "Startup Cost": 46070.32,
      "Total Cost": 46070.33,
      "Plan Rows": 1,
      "Plan Width": 8,
      "Actual Startup Time": 188.492,
      "Actual Total Time": 197.926,
      "Actual Rows": 1,
      "Actual Loops": 1,
      "Plans": [
        {
          "Node Type": "Gather",
          "Parent Relationship": "Outer",
          "Parallel Aware": false,
          "Startup Cost": 46070.01,
          "Total Cost": 46070.32,
          "Plan Rows": 3,
          "Plan Width": 8,
          "Actual Startup Time": 188.366,
          "Actual Total Time": 197.916,
          "Actual Rows": 4,
          "Actual Loops": 1,
          "Workers Planned": 3,
          "Workers Launched": 3,
          "Single Copy": false,
          "Plans": [
            {
              "Node Type": "Aggregate",
              "Strategy": "Plain",
              "Partial Mode": "Partial",
              "Parent Relationship": "Outer",
              "Parallel Aware": false,
              "Startup Cost": 45070.01,
              "Total Cost": 45070.02,
              "Plan Rows": 1,
              "Plan Width": 8,
              "Actual Startup Time": 179.719,
              "Actual Total Time": 179.72,
              "Actual Rows": 1,
              "Actual Loops": 4,
              "Plans": [
                {
                  "Node Type": "Seq Scan",
                  "Parent Relationship": "Outer",
                  "Parallel Aware": true,
                  "Relation Name": "movie_keyword",
                  "Alias": "mk",
                  "Startup Cost": 0.0,
                  "Total Cost": 42695.65,
                  "Plan Rows": 949741,
                  "Plan Width": 0,
                  "Actual Startup Time": 0.063,
                  "Actual Total Time": 139.985,
                  "Actual Rows": 733926,
                  "Actual Loops": 4,
                  "Filter": "(keyword_id < 9775)",
                  "Rows Removed by Filter": 397056
                }
              ]
            }
          ]
        }
      ]
    },
    "Planning Time": 0.16,
    "Triggers": [],
    "Execution Time": 197.979
  }
]