[
  {
    "Plan": {
      "Node Type": "Aggregate",
      "Strategy": "Plain",
      "Partial Mode": "Finalize",
      "Parallel Aware": false,
      "Startup Cost": 337293.78,
      "Total Cost": 337293.79,
      "Plan Rows": 1,
      "Plan Width": 8,
      "Actual Startup Time": 699.369,
      "Actual Total Time": 756.719,
      "Actual Rows": 1,
      "Actual Loops": 1,
      "Plans": [
        {
          "Node Type": "Gather",
          "Parent Relationship": "Outer",
          "Parallel Aware": false,
          "Startup Cost": 337293.16,
          "Total Cost": 337293.77,
          "Plan Rows": 6,
          "Plan Width": 8,
          "Actual Startup Time": 699.23,
          "Actual Total Time": 756.708,
          "Actual Rows": 7,
          "Actual Loops": 1,
          "Workers Planned": 6,
          "Workers Launched": 6,
          "Single Copy": false,
          "Plans": [
            {
              "Node Type": "Aggregate",
              "Strategy": "Plain",
              "Partial Mode": "Partial",
              "Parent Relationship": "Outer",
              "Parallel Aware": false,
              "Startup Cost": 336293.16,
              "Total Cost": 336293.17,
              "Plan Rows": 1,
              "Plan Width": 8,
              "Actual Startup Time": 689.151,
              "Actual Total Time": 689.152,
              "Actual Rows": 1,
              "Actual Loops": 7,
              "Plans": [
                {
                  "Node Type": "Seq Scan",
                  "Parent Relationship": "Outer",
                  "Parallel Aware": true,
                  "Relation Name": "cast_info",
                  "Alias": "ci",
                  "Startup Cost": 0.0,
                  "Total Cost": 328162.03,
                  "Plan Rows": 3252453,
                  "Plan Width": 0,
                  "Actual Startup Time": 0.051,
                  "Actual Total Time": 568.871,
                  "Actual Rows": 2797523,
                  "Actual Loops": 7,
                  "Filter": "(person_id < 1962047)",
                  "Rows Removed by Filter": 2380241
                }
              ]
            }
          ]
        }
      ]
    },
    "Planning Time": 0.176,
    "Triggers": [],
    "Execution Time": 756.785
  }
]