[
  {
    "Plan": {
      "Node Type": "Aggregate",
      "Strategy": "Plain",
      "Partial Mode": "Finalize",
      "Parallel Aware": false,
      "Startup Cost": 49348.14,
      "Total Cost": 49348.15,
      "Plan Rows": 1,
      "Plan Width": 8,
      "Actual Startup Time": 110.475,
      "Actual Total Time": 124.341,
      "Actual Rows": 1,
      "Actual Loops": 1,
      "Plans": [
        {
          "Node Type": "Gather",
          "Parent Relationship": "Outer",
          "Parallel Aware": false,
          "Startup Cost": 49347.72,
          "Total Cost": 49348.13,
          "Plan Rows": 4,
          "Plan Width": 8,
          "Actual Startup Time": 110.303,
          "Actual Total Time": 124.328,
          "Actual Rows": 5,
          "Actual Loops": 1,
          "Workers Planned": 4,
          "Workers Launched": 4,
          "Single Copy": false,
          "Plans": [
            {
              "Node Type": "Aggregate",
              "Strategy": "Plain",
              "Partial Mode": "Partial",
              "Parent Relationship": "Outer",
              "Parallel Aware": false,
              "Startup Cost": 48347.72,
              "Total Cost": 48347.73,
              "Plan Rows": 1,
              "Plan Width": 8,
              "Actual Startup Time": 102.885,
              "Actual Total Time": 102.888,
              "Actual Rows": 1,
              "Actual Loops": 5,
              "Plans": [
                {
                  "Node Type": "Nested Loop",
                  "Parent Relationship": "Outer",
                  "Parallel Aware": false,
                  "Join Type": "Inner",
                  "Startup Cost": 0.43,
                  "Total Cost": 48347.38,
                  "Plan Rows": 135,
                  "Plan Width": 0,
                  "Actual Startup Time": 6.632,
                  "Actual Total Time": 102.825,
                  "Actual Rows": 422,
                  "Actual Loops": 5,
                  "Inner Unique": false,
                  "Plans": [
                    {
                      "Node Type": "Seq Scan",
                      "Parent Relationship": "Outer",
                      "Parallel Aware": true,
                      "Relation Name": "title",
                      "Alias": "t",
                      "Startup Cost": 0.0,
                      "Total Cost": 45479.59,
                      "Plan Rows": 370,
                      "Plan Width": 4,
                      "Actual Startup Time": 2.57,
                      "Actual Total Time": 94.482,
                      "Actual Rows": 530,
                      "Actual Loops": 5,
                      "Filter": "((kind_id < 7) AND (production_year = 1949))",
                      "Rows Removed by Filter": 505132
                    },
                    {
                      "Node Type": "Index Scan",
                      "Parent Relationship": "Inner",
                      "Parallel Aware": false,
                      "Scan Direction": "Forward",
                      "Index Name": "movie_id_movie_info_idx",
                      "Relation Name": "movie_info_idx",
                      "Alias": "mi_idx",
                      "Startup Cost": 0.43,
                      "Total Cost": 7.73,
                      "Plan Rows": 2,
                      "Plan Width": 4,
                      "Actual Startup Time": 0.015,
                      "Actual Total Time": 0.015,
                      "Actual Rows": 1,
                      "Actual Loops": 2651,
                      "Index Cond": "(movie_id = t.id)",
                      "Rows Removed by Index Recheck": 0,
                      "Filter": "(info_type_id > 99)",
                      "Rows Removed by Filter": 0
                    }
                  ]
                }
              ]
            }
          ]
        }
      ]
    },
    "Planning Time": 0.249,
    "Triggers": [],
    "Execution Time": 124.389
  }
]