[
  {
    "Plan": {
      "Node Type": "Aggregate",
      "Strategy": "Plain",
      "Partial Mode": "Finalize",
      "Parallel Aware": false,
      "Startup Cost": 32013.06,
      "Total Cost": 32013.07,
      "Plan Rows": 1,
      "Plan Width": 8,
      "Actual Startup Time": 114.473,
      "Actual Total Time": 122.151,
      "Actual Rows": 1,
      "Actual Loops": 1,
      "Plans": [
        {
          "Node Type": "Gather",
          "Parent Relationship": "Outer",
          "Parallel Aware": false,
          "Startup Cost": 32012.74,
          "Total Cost": 32013.05,
          "Plan Rows": 3,
          "Plan Width": 8,
          "Actual Startup Time": 114.34,
          "Actual Total Time": 122.142,
          "Actual Rows": 4,
          "Actual Loops": 1,
          "Workers Planned": 3,
          "Workers Launched": 3,
          "Single Copy": false,
          "Plans": [
            {
              "Node Type": "Aggregate",
              "Strategy": "Plain",
              "Partial Mode": "Partial",
              "Parent Relationship": "Outer",
              "Parallel Aware": false,
              "Startup Cost": 31012.74,
              "Total Cost": 31012.75,
              "Plan Rows": 1,
              "Plan Width": 8,
              "Actual Startup Time": 108.485,
              "Actual Total Time": 108.486,
              "Actual Rows": 1,
              "Actual Loops": 4,
              "Plans": [
                {
                  "Node Type": "Seq Scan",
                  "Parent Relationship": "Outer",
                  "Parallel Aware": true,
                  "Relation Name": "movie_companies",
                  "Alias": "mc",
                  "Startup Cost": 0.0,
                  "Total Cost": 29310.68,
                  "Plan Rows": 680825,
                  "Plan Width": 0,
                  "Actual Startup Time": 0.092,
                  "Actual Total Time": 83.113,
                  "Actual Rows": 529292,
                  "Actual Loops": 4,
                  "Filter": "(company_id > 428)",
                  "Rows Removed by Filter": 122991
                }
              ]
            }
          ]
        }
      ]
    },
    "Planning Time": 0.076,
    "Triggers": [],
    "Execution Time": 122.181
  }
]