[
  {
    "Plan": {
      "Node Type": "Aggregate",
      "Strategy": "Plain",
      "Partial Mode": "Finalize",
      "Parallel Aware": false,
      "Startup Cost": 45834.5,
      "Total Cost": 45834.51,
      "Plan Rows": 1,
      "Plan Width": 8,
      "Actual Startup Time": 111.997,
      "Actual Total Time": 123.696,
      "Actual Rows": 1,
      "Actual Loops": 1,
      "Plans": [
        {
          "Node Type": "Gather",
          "Parent Relationship": "Outer",
          "Parallel Aware": false,
          "Startup Cost": 45834.08,
          "Total Cost": 45834.49,
          "Plan Rows": 4,
          "Plan Width": 8,
          "Actual Startup Time": 111.652,
          "Actual Total Time": 123.679,
          "Actual Rows": 5,
          "Actual Loops": 1,
          "Workers Planned": 4,
          "Workers Launched": 4,
          "Single Copy": false,
          "Plans": [
            {
              "Node Type": "Aggregate",
              "Strategy": "Plain",
              "Partial Mode": "Partial",
              "Parent Relationship": "Outer",
              "Parallel Aware": false,
              "Startup Cost": 44834.08,
              "Total Cost": 44834.09,
              "Plan Rows": 1,
              "Plan Width": 8,
              "Actual Startup Time": 104.949,
              "Actual Total Time": 104.951,
              "Actual Rows": 1,
              "Actual Loops": 5,
              "Plans": [
                {
                  "Node Type": "Seq Scan",
                  "Parent Relationship": "Outer",
                  "Parallel Aware": true,
                  "Relation Name": "title",
                  "Alias": "t",
                  "Startup Cost": 0.0,
                  "Total Cost": 43899.32,
                  "Plan Rows": 373904,
                  "Plan Width": 0,
                  "Actual Startup Time": 0.04,
                  "Actual Total Time": 90.581,
                  "Actual Rows": 297006,
                  "Actual Loops": 5,
                  "Filter": "(production_year > 1998)",
                  "Rows Removed by Filter": 208656
                }
              ]
            }
          ]
        }
      ]
    },
    "Planning Time": 0.065,
    "Triggers": [],
    "Execution Time": 123.731
  }
]