[
  {
    "Plan": {
      "Node Type": "Aggregate",
      "Strategy": "Plain",
      "Partial Mode": "Finalize",
      "Parallel Aware": false,
      "Startup Cost": 342696.99,
      "Total Cost": 342697.0,
      "Plan Rows": 1,
      "Plan Width": 8,
      "Actual Startup Time": 903.325,
      "Actual Total Time": 959.376,
      "Actual Rows": 1,
      "Actual Loops": 1,
      "Plans": [
        {
          "Node Type": "Gather",
          "Parent Relationship": "Outer",
          "Parallel Aware": false,
          "Startup Cost": 342696.37,
          "Total Cost": 342696.98,
          "Plan Rows": 6,
          "Plan Width": 8,
          "Actual Startup Time": 903.081,
          "Actual Total Time": 959.366,
          "Actual Rows": 7,
          "Actual Loops": 1,
          "Workers Planned": 6,
          "Workers Launched": 6,
          "Single Copy": false,
          "Plans": [
            {
              "Node Type": "Aggregate",
              "Strategy": "Plain",
              "Partial Mode": "Partial",
              "Parent Relationship": "Outer",
              "Parallel Aware": false,
              "Startup Cost": 341696.37,
              "Total Cost": 341696.38,
              "Plan Rows": 1,
              "Plan Width": 8,
              "Actual Startup Time": 894.676,
              "Actual Total Time": 894.677,
              "Actual Rows": 1,
              "Actual Loops": 7,
              "Plans": [
                {
                  "Node Type": "Seq Scan",
                  "Parent Relationship": "Outer",
                  "Parallel Aware": true,
                  "Relation Name": "cast_info",
                  "Alias": "ci",
                  "Startup Cost": 0.0,
                  "Total Cost": 328162.03,
                  "Plan Rows": 5413736,
                  "Plan Width": 0,
                  "Actual Startup Time": 53.571,
                  "Actual Total Time": 683.096,
                  "Actual Rows": 4624063,
                  "Actual Loops": 7,
                  "Filter": "(person_id > 370733)",
                  "Rows Removed by Filter": 553700
                }
              ]
            }
          ]
        }
      ]
    },
    "Planning Time": 0.196,
    "Triggers": [],
    "Execution Time": 959.446
  }
]