[
  {
    "Plan": {
      "Node Type": "Aggregate",
      "Strategy": "Plain",
      "Partial Mode": "Finalize",
      "Parallel Aware": false,
      "Startup Cost": 76994.54,
      "Total Cost": 76994.55,
      "Plan Rows": 1,
      "Plan Width": 8,
      "Actual Startup Time": 73.965,
      "Actual Total Time": 87.517,
      "Actual Rows": 1,
      "Actual Loops": 1,
      "Plans": [
        {
          "Node Type": "Gather",
          "Parent Relationship": "Outer",
          "Parallel Aware": false,
          "Startup Cost": 76994.23,
          "Total Cost": 76994.54,
          "Plan Rows": 3,
          "Plan Width": 8,
          "Actual Startup Time": 73.777,
          "Actual Total Time": 87.507,
          "Actual Rows": 4,
          "Actual Loops": 1,
          "Workers Planned": 3,
          "Workers Launched": 3,
          "Single Copy": false,
          "Plans": [
            {
              "Node Type": "Aggregate",
              "Strategy": "Plain",
              "Partial Mode": "Partial",
              "Parent Relationship": "Outer",
              "Parallel Aware": false,
              "Startup Cost": 75994.23,
              "Total Cost": 75994.24,
              "Plan Rows": 1,
              "Plan Width": 8,
              "Actual Startup Time": 65.645,
              "Actual Total Time": 65.647,
              "Actual Rows": 1,
              "Actual Loops": 4,
              "Plans": [
                {
                  "Node Type": "Nested Loop",
                  "Parent Relationship": "Outer",
                  "Parallel Aware": false,
                  "Join Type": "Inner",
                  "Startup Cost": 252.36,
                  "Total Cost": 75897.3,
                  "Plan Rows": 38769,
                  "Plan Width": 0,
                  "Actual Startup Time": 2.188,
                  "Actual Total Time": 64.574,
                  "Actual Rows": 9558,
                  "Actual Loops": 4,
                  "Inner Unique": false,
                  "Plans": [
                    {
                      "Node Type": "Nested Loop",
                      "Parent Relationship": "Outer",
                      "Parallel Aware": false,
                      "Join Type": "Inner",
                      "Startup Cost": 251.8,
                      "Total Cost": 68921.75,
                      "Plan Rows": 2705,
                      "Plan Width": 8,
                      "Actual Startup Time": 1.972,
                      "Actual Total Time": 29.667,
                      "Actual Rows": 246,
                      "Actual Loops": 4,
                      "Inner Unique": true,
                      "Plans": [
                        {
                          "Node Type": "Bitmap Heap Scan",
                          "Parent Relationship": "Outer",
                          "Parallel Aware": true,
                          "Relation Name": "movie_info",
                          "Alias": "mi",
                          "Startup Cost": 251.37,
                          "Total Cost": 41897.97,
                          "Plan Rows": 4451,
                          "Plan Width": 4,
                          "Actual Startup Time": 1.728,
                          "Actual Total Time": 3.514,
                          "Actual Rows": 4551,
                          "Actual Loops": 4,
                          "Recheck Cond": "(info_type_id = 11)",
                          "Rows Removed by Index Recheck": 0,
                          "Exact Heap Blocks": 307,
                          "Lossy Heap Blocks": 0,
                          "Plans": [
                            {
                              "Node Type": "Bitmap Index Scan",
                              "Parent Relationship": "Outer",
                              "Parallel Aware": false,
                              "Index Name": "info_type_id_movie_info",
                              "Startup Cost": 0.0,
                              "Total Cost": 247.92,
                              "Plan Rows": 13798,
                              "Plan Width": 0,
                              "Actual Startup Time": 6.167,
                              "Actual Total Time": 6.168,
                              "Actual Rows": 18205,
                              "Actual Loops": 1,
                              "Index Cond": "(info_type_id = 11)"
                            }
                          ]
                        },
                        {
                          "Node Type": "Index Scan",
                          "Parent Relationship": "Inner",
                          "Parallel Aware": false,
                          "Scan Direction": "Forward",
                          "Index Name": "title_pkey",
                          "Relation Name": "title",
                          "Alias": "t",
                          "Startup Cost": 0.43,
                          "Total Cost": 6.07,
                          "Plan Rows": 1,
                          "Plan Width": 4,
                          "Actual Startup Time": 0.005,
                          "Actual Total Time": 0.005,
                          "Actual Rows": 0,
                          "Actual Loops": 18205,
                          "Index Cond": "(id = mi.movie_id)",
                          "Rows Removed by Index Recheck": 0,
                          "Filter": "(kind_id = 7)",
                          "Rows Removed by Filter": 1
                        }
                      ]
                    },
                    {
                      "Node Type": "Index Only Scan",
                      "Parent Relationship": "Inner",
                      "Parallel Aware": false,
                      "Scan Direction": "Forward",
                      "Index Name": "movie_id_cast_info",
                      "Relation Name": "cast_info",
                      "Alias": "ci",
                      "Startup Cost": 0.56,
                      "Total Cost": 2.21,
                      "Plan Rows": 37,
                      "Plan Width": 4,
                      "Actual Startup Time": 0.017,
                      "Actual Total Time": 0.135,
                      "Actual Rows": 39,
                      "Actual Loops": 985,
                      "Index Cond": "(movie_id = t.id)",
                      "Rows Removed by Index Recheck": 0,
                      "Heap Fetches": 38234
                    }
                  ]
                }
              ]
            }
          ]
        }
      ]
    },
    "Planning Time": 1.341,
    "Triggers": [],
    "Execution Time": 87.62
  }
]