[
  {
    "Plan": {
      "Node Type": "Aggregate",
      "Strategy": "Plain",
      "Partial Mode": "Finalize",
      "Parallel Aware": false,
      "Startup Cost": 399559.75,
      "Total Cost": 399559.76,
      "Plan Rows": 1,
      "Plan Width": 8,
      "Actual Startup Time": 1079.153,
      "Actual Total Time": 1145.419,
      "Actual Rows": 1,
      "Actual Loops": 1,
      "Plans": [
        {
          "Node Type": "Gather",
          "Parent Relationship": "Outer",
          "Parallel Aware": false,
          "Startup Cost": 399559.13,
          "Total Cost": 399559.74,
          "Plan Rows": 6,
          "Plan Width": 8,
          "Actual Startup Time": 1069.414,
          "Actual Total Time": 1145.408,
          "Actual Rows": 7,
          "Actual Loops": 1,
          "Workers Planned": 6,
          "Workers Launched": 6,
          "Single Copy": false,
          "Plans": [
            {
              "Node Type": "Aggregate",
              "Strategy": "Plain",
              "Partial Mode": "Partial",
              "Parent Relationship": "Outer",
              "Parallel Aware": false,
              "Startup Cost": 398559.13,
              "Total Cost": 398559.14,
              "Plan Rows": 1,
              "Plan Width": 8,
              "Actual Startup Time": 1059.457,
              "Actual Total Time": 1059.461,
              "Actual Rows": 1,
              "Actual Loops": 7,
              "Plans": [
                {
                  "Node Type": "Hash Join",
                  "Parent Relationship": "Outer",
                  "Parallel Aware": true,
                  "Join Type": "Inner",
                  "Startup Cost": 49516.47,
                  "Total Cost": 396247.28,
                  "Plan Rows": 924737,
                  "Plan Width": 0,
                  "Actual Startup Time": 426.383,
                  "Actual Total Time": 1041.985,
                  "Actual Rows": 339979,
                  "Actual Loops": 7,
                  "Inner Unique": true,
                  "Hash Cond": "(ci.movie_id = t.id)",
                  "Plans": [
                    {
                      "Node Type": "Seq Scan",
                      "Parent Relationship": "Outer",
                      "Parallel Aware": true,
                      "Relation Name": "cast_info",
                      "Alias": "ci",
                      "Startup Cost": 0.0,
                      "Total Cost": 343316.27,
                      "Plan Rows": 1300774,
                      "Plan Width": 4,
                      "Actual Startup Time": 225.648,
                      "Actual Total Time": 637.13,
                      "Actual Rows": 481985,
                      "Actual Loops": 7,
                      "Filter": "((person_id < 1195512) AND (role_id > 1))",
                      "Rows Removed by Filter": 4695778
                    },
                    {
                      "Node Type": "Hash",
                      "Parent Relationship": "Inner",
                      "Parallel Aware": true,
                      "Startup Cost": 43899.32,
                      "Total Cost": 43899.32,
                      "Plan Rows": 449372,
                      "Plan Width": 4,
                      "Actual Startup Time": 196.402,
                      "Actual Total Time": 196.403,
                      "Actual Rows": 256308,
                      "Actual Loops": 7,
                      "Hash Buckets": 2097152,
                      "Original Hash Buckets": 2097152,
                      "Hash Batches": 1,
                      "Original Hash Batches": 1,
                      "Peak Memory Usage": 86656,
                      "Plans": [
                        {
                          "Node Type": "Seq Scan",
                          "Parent Relationship": "Outer",
                          "Parallel Aware": true,
                          "Relation Name": "title",
                          "Alias": "t",
                          "Startup Cost": 0.0,
                          "Total Cost": 43899.32,
                          "Plan Rows": 449372,
                          "Plan Width": 4,
                          "Actual Startup Time": 0.031,
                          "Actual Total Time": 85.097,
                          "Actual Rows": 256308,
                          "Actual Loops": 7,
                          "Filter": "(production_year < 2009)",
                          "Rows Removed by Filter": 104880
                        }
                      ]
                    }
                  ]
                }
              ]
            }
          ]
        }
      ]
    },
    "Planning Time": 0.34,
    "Triggers": [],
    "Execution Time": 1145.477
  }
]