[
  {
    "Plan": {
      "Node Type": "Aggregate",
      "Strategy": "Plain",
      "Partial Mode": "Finalize",
      "Parallel Aware": false,
      "Startup Cost": 46878.92,
      "Total Cost": 46878.93,
      "Plan Rows": 1,
      "Plan Width": 8,
      "Actual Startup Time": 116.743,
      "Actual Total Time": 128.962,
      "Actual Rows": 1,
      "Actual Loops": 1,
      "Plans": [
        {
          "Node Type": "Gather",
          "Parent Relationship": "Outer",
          "Parallel Aware": false,
          "Startup Cost": 46878.5,
          "Total Cost": 46878.91,
          "Plan Rows": 4,
          "Plan Width": 8,
          "Actual Startup Time": 116.436,
          "Actual Total Time": 128.95,
          "Actual Rows": 5,
          "Actual Loops": 1,
          "Workers Planned": 4,
          "Workers Launched": 4,
          "Single Copy": false,
          "Plans": [
            {
              "Node Type": "Aggregate",
              "Strategy": "Plain",
              "Partial Mode": "Partial",
              "Parent Relationship": "Outer",
              "Parallel Aware": false,
              "Startup Cost": 45878.5,
              "Total Cost": 45878.51,
              "Plan Rows": 1,
              "Plan Width": 8,
              "Actual Startup Time": 108.262,
              "Actual Total Time": 108.264,
              "Actual Rows": 1,
              "Actual Loops": 5,
              "Plans": [
                {
                  "Node Type": "Seq Scan",
                  "Parent Relationship": "Outer",
                  "Parallel Aware": true,
                  "Relation Name": "title",
                  "Alias": "t",
                  "Startup Cost": 0.0,
                  "Total Cost": 45479.59,
                  "Plan Rows": 159564,
                  "Plan Width": 0,
                  "Actual Startup Time": 49.87,
                  "Actual Total Time": 101.936,
                  "Actual Rows": 129016,
                  "Actual Loops": 5,
                  "Filter": "((production_year > 1902) AND (kind_id = 1))",
                  "Rows Removed by Filter": 376647
                }
              ]
            }
          ]
        }
      ]
    },
    "Planning Time": 0.109,
    "Triggers": [],
    "Execution Time": 129.001
  }
]