[
  {
    "Plan": {
      "Node Type": "Aggregate",
      "Strategy": "Plain",
      "Partial Mode": "Finalize",
      "Parallel Aware": false,
      "Startup Cost": 46880.74,
      "Total Cost": 46880.75,
      "Plan Rows": 1,
      "Plan Width": 8,
      "Actual Startup Time": 99.985,
      "Actual Total Time": 111.918,
      "Actual Rows": 1,
      "Actual Loops": 1,
      "Plans": [
        {
          "Node Type": "Gather",
          "Parent Relationship": "Outer",
          "Parallel Aware": false,
          "Startup Cost": 46880.32,
          "Total Cost": 46880.73,
          "Plan Rows": 4,
          "Plan Width": 8,
          "Actual Startup Time": 99.828,
          "Actual Total Time": 111.91,
          "Actual Rows": 5,
          "Actual Loops": 1,
          "Workers Planned": 4,
          "Workers Launched": 4,
          "Single Copy": false,
          "Plans": [
            {
              "Node Type": "Aggregate",
              "Strategy": "Plain",
              "Partial Mode": "Partial",
              "Parent Relationship": "Outer",
              "Parallel Aware": false,
              "Startup Cost": 45880.32,
              "Total Cost": 45880.33,
              "Plan Rows": 1,
              "Plan Width": 8,
              "Actual Startup Time": 92.214,
              "Actual Total Time": 92.216,
              "Actual Rows": 1,
              "Actual Loops": 5,
              "Plans": [
                {
                  "Node Type": "Seq Scan",
                  "Parent Relationship": "Outer",
                  "Parallel Aware": true,
                  "Relation Name": "title",
                  "Alias": "t",
                  "Startup Cost": 0.0,
                  "Total Cost": 45479.1,
                  "Plan Rows": 160488,
                  "Plan Width": 0,
                  "Actual Startup Time": 43.428,
                  "Actual Total Time": 87.122,
                  "Actual Rows": 129016,
                  "Actual Loops": 5,
                  "Filter": "((production_year > 1902) AND (kind_id = 1))",
                  "Rows Removed by Filter": 376647
                }
              ]
            }
          ]
        }
      ]
    },
    "Planning Time": 0.131,
    "Triggers": [],
    "Execution Time": 111.96
  }
]