[
    {
        "Bao": {
            "Bao prediction": "NaN",
            "Bao recommended hint": "(no hint)"
        }
    },
    {
        "Plan": {
            "Node Type": "Aggregate",
            "Strategy": "Plain",
            "Partial Mode": "Finalize",
            "Parallel Aware": false,
            "Startup Cost": 33136.42,
            "Total Cost": 33136.43,
            "Plan Rows": 1,
            "Plan Width": 8,
            "Actual Startup Time": 108.96,
            "Actual Total Time": 114.847,
            "Actual Rows": 1,
            "Actual Loops": 1,
            "Output": [
                "count(*)"
            ],
            "Plans": [
                {
                    "Node Type": "Gather",
                    "Parent Relationship": "Outer",
                    "Parallel Aware": false,
                    "Startup Cost": 33136.1,
                    "Total Cost": 33136.41,
                    "Plan Rows": 3,
                    "Plan Width": 8,
                    "Actual Startup Time": 108.853,
                    "Actual Total Time": 114.837,
                    "Actual Rows": 4,
                    "Actual Loops": 1,
                    "Output": [
                        "(PARTIAL count(*))"
                    ],
                    "Workers Planned": 3,
                    "Workers Launched": 3,
                    "Single Copy": false,
                    "Plans": [
                        {
                            "Node Type": "Aggregate",
                            "Strategy": "Plain",
                            "Partial Mode": "Partial",
                            "Parent Relationship": "Outer",
                            "Parallel Aware": false,
                            "Startup Cost": 32136.1,
                            "Total Cost": 32136.11,
                            "Plan Rows": 1,
                            "Plan Width": 8,
                            "Actual Startup Time": 100.766,
                            "Actual Total Time": 100.767,
                            "Actual Rows": 1,
                            "Actual Loops": 4,
                            "Output": [
                                "PARTIAL count(*)"
                            ],
                            "Workers": [
                                {
                                    "Worker Number": 0,
                                    "Actual Startup Time": 97.64,
                                    "Actual Total Time": 97.641,
                                    "Actual Rows": 1,
                                    "Actual Loops": 1
                                },
                                {
                                    "Worker Number": 1,
                                    "Actual Startup Time": 98.37,
                                    "Actual Total Time": 98.372,
                                    "Actual Rows": 1,
                                    "Actual Loops": 1
                                },
                                {
                                    "Worker Number": 2,
                                    "Actual Startup Time": 98.533,
                                    "Actual Total Time": 98.534,
                                    "Actual Rows": 1,
                                    "Actual Loops": 1
                                }
                            ],
                            "Plans": [
                                {
                                    "Node Type": "Seq Scan",
                                    "Parent Relationship": "Outer",
                                    "Parallel Aware": true,
                                    "Relation Name": "movie_companies",
                                    "Schema": "public",
                                    "Alias": "mc",
                                    "Startup Cost": 0.0,
                                    "Total Cost": 31414.82,
                                    "Plan Rows": 288513,
                                    "Plan Width": 0,
                                    "Actual Startup Time": 46.538,
                                    "Actual Total Time": 87.309,
                                    "Actual Rows": 271350,
                                    "Actual Loops": 4,
                                    "Output": [
                                        "id",
                                        "movie_id",
                                        "company_id",
                                        "company_type_id",
                                        "note"
                                    ],
                                    "Filter": "((mc.company_id > 2378) AND (mc.company_type_id = 2))",
                                    "Rows Removed by Filter": 380932,
                                    "Workers": [
                                        {
                                            "Worker Number": 0,
                                            "Actual Startup Time": 43.413,
                                            "Actual Total Time": 84.761,
                                            "Actual Rows": 197055,
                                            "Actual Loops": 1
                                        },
                                        {
                                            "Worker Number": 1,
                                            "Actual Startup Time": 44.138,
                                            "Actual Total Time": 85.3,
                                            "Actual Rows": 324388,
                                            "Actual Loops": 1
                                        },
                                        {
                                            "Worker Number": 2,
                                            "Actual Startup Time": 44.297,
                                            "Actual Total Time": 85.401,
                                            "Actual Rows": 325619,
                                            "Actual Loops": 1
                                        }
                                    ]
                                }
                            ]
                        }
                    ]
                }
            ]
        },
        "Planning Time": 298.758,
        "Triggers": [],
        "Execution Time": 114.897
    }
]