[
  {
    "Plan": {
      "Node Type": "Aggregate",
      "Strategy": "Plain",
      "Partial Mode": "Finalize",
      "Parallel Aware": false,
      "Startup Cost": 291195.75,
      "Total Cost": 291195.76,
      "Plan Rows": 1,
      "Plan Width": 8,
      "Actual Startup Time": 1647.833,
      "Actual Total Time": 1695.4,
      "Actual Rows": 1,
      "Actual Loops": 1,
      "Plans": [
        {
          "Node Type": "Gather",
          "Parent Relationship": "Outer",
          "Parallel Aware": false,
          "Startup Cost": 291195.23,
          "Total Cost": 291195.74,
          "Plan Rows": 5,
          "Plan Width": 8,
          "Actual Startup Time": 1638.599,
          "Actual Total Time": 1695.388,
          "Actual Rows": 6,
          "Actual Loops": 1,
          "Workers Planned": 5,
          "Workers Launched": 5,
          "Single Copy": false,
          "Plans": [
            {
              "Node Type": "Aggregate",
              "Strategy": "Plain",
              "Partial Mode": "Partial",
              "Parent Relationship": "Outer",
              "Parallel Aware": false,
              "Startup Cost": 290195.23,
              "Total Cost": 290195.24,
              "Plan Rows": 1,
              "Plan Width": 8,
              "Actual Startup Time": 1628.061,
              "Actual Total Time": 1628.431,
              "Actual Rows": 1,
              "Actual Loops": 6,
              "Plans": [
                {
                  "Node Type": "Hash Join",
                  "Parent Relationship": "Outer",
                  "Parallel Aware": true,
                  "Join Type": "Inner",
                  "Startup Cost": 83036.79,
                  "Total Cost": 287940.05,
                  "Plan Rows": 902072,
                  "Plan Width": 0,
                  "Actual Startup Time": 435.14,
                  "Actual Total Time": 1516.681,
                  "Actual Rows": 2492597,
                  "Actual Loops": 6,
                  "Inner Unique": false,
                  "Hash Cond": "(mi.movie_id = t.id)",
                  "Plans": [
                    {
                      "Node Type": "Seq Scan",
                      "Parent Relationship": "Outer",
                      "Parallel Aware": true,
                      "Relation Name": "movie_info",
                      "Alias": "mi",
                      "Startup Cost": 0.0,
                      "Total Cost": 191560.33,
                      "Plan Rows": 2956733,
                      "Plan Width": 4,
                      "Actual Startup Time": 0.016,
                      "Actual Total Time": 309.692,
                      "Actual Rows": 2472620,
                      "Actual Loops": 6
                    },
                    {
                      "Node Type": "Hash",
                      "Parent Relationship": "Inner",
                      "Parallel Aware": true,
                      "Startup Cost": 80626.29,
                      "Total Cost": 80626.29,
                      "Plan Rows": 192840,
                      "Plan Width": 8,
                      "Actual Startup Time": 429.476,
                      "Actual Total Time": 429.845,
                      "Actual Rows": 165391,
                      "Actual Loops": 6,
                      "Hash Buckets": 1048576,
                      "Original Hash Buckets": 1048576,
                      "Hash Batches": 1,
                      "Original Hash Batches": 1,
                      "Peak Memory Usage": 47136,
                      "Plans": [
                        {
                          "Node Type": "Hash Join",
                          "Parent Relationship": "Outer",
                          "Parallel Aware": true,
                          "Join Type": "Inner",
                          "Startup Cost": 34525.13,
                          "Total Cost": 80626.29,
                          "Plan Rows": 192840,
                          "Plan Width": 8,
                          "Actual Startup Time": 139.537,
                          "Actual Total Time": 360.008,
                          "Actual Rows": 165391,
                          "Actual Loops": 6,
                          "Inner Unique": false,
                          "Hash Cond": "(t.id = mc.movie_id)",
                          "Plans": [
                            {
                              "Node Type": "Seq Scan",
                              "Parent Relationship": "Outer",
                              "Parallel Aware": true,
                              "Relation Name": "title",
                              "Alias": "t",
                              "Startup Cost": 0.0,
                              "Total Cost": 42318.73,
                              "Plan Rows": 632073,
                              "Plan Width": 4,
                              "Actual Startup Time": 0.011,
                              "Actual Total Time": 62.642,
                              "Actual Rows": 421385,
                              "Actual Loops": 6
                            },
                            {
                              "Node Type": "Hash",
                              "Parent Relationship": "Inner",
                              "Parallel Aware": true,
                              "Startup Cost": 31414.82,
                              "Total Cost": 31414.82,
                              "Plan Rows": 248825,
                              "Plan Width": 4,
                              "Actual Startup Time": 137.662,
                              "Actual Total Time": 137.663,
                              "Actual Rows": 165391,
                              "Actual Loops": 6,
                              "Hash Buckets": 1048576,
                              "Original Hash Buckets": 1048576,
                              "Hash Batches": 1,
                              "Original Hash Batches": 1,
                              "Peak Memory Usage": 47104,
                              "Plans": [
                                {
                                  "Node Type": "Seq Scan",
                                  "Parent Relationship": "Outer",
                                  "Parallel Aware": true,
                                  "Relation Name": "movie_companies",
                                  "Alias": "mc",
                                  "Startup Cost": 0.0,
                                  "Total Cost": 31414.82,
                                  "Plan Rows": 248825,
                                  "Plan Width": 4,
                                  "Actual Startup Time": 42.432,
                                  "Actual Total Time": 73.739,
                                  "Actual Rows": 165391,
                                  "Actual Loops": 6,
                                  "Filter": "((company_id > 7195) AND (company_type_id > 1))",
                                  "Rows Removed by Filter": 269464
                                }
                              ]
                            }
                          ]
                        }
                      ]
                    }
                  ]
                }
              ]
            }
          ]
        }
      ]
    },
    "Planning Time": 1.473,
    "Triggers": [],
    "Execution Time": 1695.488
  }
]