{
  "Plan": {
    "Node Type": "Aggregate",
    "Strategy": "Plain",
    "Partial Mode": "Finalize",
    "Parallel Aware": false,
    "Startup Cost": 246630.47,
    "Total Cost": 246630.48,
    "Plan Rows": 1,
    "Plan Width": 8,
    "Actual Startup Time": 611.756,
    "Actual Total Time": 626.137,
    "Actual Rows": 1,
    "Actual Loops": 1,
    "Plans": [
      {
        "Node Type": "Gather",
        "Parent Relationship": "Outer",
        "Parallel Aware": false,
        "Startup Cost": 246630.36,
        "Total Cost": 246630.47,
        "Plan Rows": 1,
        "Plan Width": 8,
        "Actual Startup Time": 606.95,
        "Actual Total Time": 626.129,
        "Actual Rows": 2,
        "Actual Loops": 1,
        "Workers Planned": 1,
        "Workers Launched": 1,
        "Single Copy": false,
        "Plans": [
          {
            "Node Type": "Aggregate",
            "Strategy": "Plain",
            "Partial Mode": "Partial",
            "Parent Relationship": "Outer",
            "Parallel Aware": false,
            "Startup Cost": 245630.36,
            "Total Cost": 245630.37,
            "Plan Rows": 1,
            "Plan Width": 8,
            "Actual Startup Time": 599.494,
            "Actual Total Time": 599.498,
            "Actual Rows": 1,
            "Actual Loops": 2,
            "Plans": [
              {
                "Node Type": "Hash Join",
                "Parent Relationship": "Outer",
                "Parallel Aware": true,
                "Join Type": "Inner",
                "Startup Cost": 78014.4,
                "Total Cost": 245040.66,
                "Plan Rows": 235879,
                "Plan Width": 0,
                "Actual Startup Time": 485.35,
                "Actual Total Time": 589.262,
                "Actual Rows": 205023,
                "Actual Loops": 2,
                "Inner Unique": true,
                "Hash Cond": "(mi.movie_id = t.id)",
                "Plans": [
                  {
                    "Node Type": "Bitmap Heap Scan",
                    "Parent Relationship": "Outer",
                    "Parallel Aware": true,
                    "Relation Name": "movie_info",
                    "Alias": "mi",
                    "Startup Cost": 10248.78,
                    "Total Cost": 176401.5,
                    "Plan Rows": 332778,
                    "Plan Width": 4,
                    "Actual Startup Time": 16.994,
                    "Actual Total Time": 48.344,
                    "Actual Rows": 271684,
                    "Actual Loops": 2,
                    "Recheck Cond": "(info_type_id > 98)",
                    "Rows Removed by Index Recheck": 0,
                    "Exact Heap Blocks": 3805,
                    "Lossy Heap Blocks": 0,
                    "Plans": [
                      {
                        "Node Type": "Bitmap Index Scan",
                        "Parent Relationship": "Outer",
                        "Parallel Aware": false,
                        "Index Name": "info_type_id_movie_info",
                        "Startup Cost": 0.0,
                        "Total Cost": 10107.35,
                        "Plan Rows": 565722,
                        "Plan Width": 0,
                        "Actual Startup Time": 16.159,
                        "Actual Total Time": 16.159,
                        "Actual Rows": 543367,
                        "Actual Loops": 1,
                        "Index Cond": "(info_type_id > 98)"
                      }
                    ]
                  },
                  {
                    "Node Type": "Hash",
                    "Parent Relationship": "Inner",
                    "Parallel Aware": true,
                    "Startup Cost": 54588.39,
                    "Total Cost": 54588.39,
                    "Plan Rows": 1054178,
                    "Plan Width": 4,
                    "Actual Startup Time": 453.809,
                    "Actual Total Time": 453.81,
                    "Actual Rows": 897076,
                    "Actual Loops": 2,
                    "Hash Buckets": 2097152,
                    "Original Hash Buckets": 2097152,
                    "Hash Batches": 1,
                    "Original Hash Batches": 1,
                    "Peak Memory Usage": 86592,
                    "Plans": [
                      {
                        "Node Type": "Seq Scan",
                        "Parent Relationship": "Outer",
                        "Parallel Aware": true,
                        "Relation Name": "title",
                        "Alias": "t",
                        "Startup Cost": 0.0,
                        "Total Cost": 54588.39,
                        "Plan Rows": 1054178,
                        "Plan Width": 4,
                        "Actual Startup Time": 0.028,
                        "Actual Total Time": 201.376,
                        "Actual Rows": 897076,
                        "Actual Loops": 2,
                        "Filter": "(production_year < 2009)",
                        "Rows Removed by Filter": 367080
                      }
                    ]
                  }
                ]
              }
            ]
          }
        ]
      }
    ]
  },
  "Planning Time": 0.586,
  "Triggers": [],
  "Execution Time": 626.215
}