[
  {
    "Plan": {
      "Node Type": "Aggregate",
      "Strategy": "Plain",
      "Partial Mode": "Finalize",
      "Parallel Aware": false,
      "Startup Cost": 452631.54,
      "Total Cost": 452631.55,
      "Plan Rows": 1,
      "Plan Width": 8,
      "Actual Startup Time": 2034.384,
      "Actual Total Time": 2102.251,
      "Actual Rows": 1,
      "Actual Loops": 1,
      "Plans": [
        {
          "Node Type": "Gather",
          "Parent Relationship": "Outer",
          "Parallel Aware": false,
          "Startup Cost": 452630.91,
          "Total Cost": 452631.52,
          "Plan Rows": 6,
          "Plan Width": 8,
          "Actual Startup Time": 2020.167,
          "Actual Total Time": 2102.234,
          "Actual Rows": 7,
          "Actual Loops": 1,
          "Workers Planned": 6,
          "Workers Launched": 6,
          "Single Copy": false,
          "Plans": [
            {
              "Node Type": "Aggregate",
              "Strategy": "Plain",
              "Partial Mode": "Partial",
              "Parent Relationship": "Outer",
              "Parallel Aware": false,
              "Startup Cost": 451630.91,
              "Total Cost": 451630.92,
              "Plan Rows": 1,
              "Plan Width": 8,
              "Actual Startup Time": 2008.648,
              "Actual Total Time": 2008.982,
              "Actual Rows": 1,
              "Actual Loops": 7,
              "Plans": [
                {
                  "Node Type": "Hash Join",
                  "Parent Relationship": "Outer",
                  "Parallel Aware": true,
                  "Join Type": "Inner",
                  "Startup Cost": 85442.67,
                  "Total Cost": 448839.24,
                  "Plan Rows": 1116668,
                  "Plan Width": 0,
                  "Actual Startup Time": 397.335,
                  "Actual Total Time": 1940.964,
                  "Actual Rows": 1388423,
                  "Actual Loops": 7,
                  "Inner Unique": false,
                  "Hash Cond": "(ci.movie_id = t.id)",
                  "Plans": [
                    {
                      "Node Type": "Seq Scan",
                      "Parent Relationship": "Outer",
                      "Parallel Aware": true,
                      "Relation Name": "cast_info",
                      "Alias": "ci",
                      "Startup Cost": 0.0,
                      "Total Cost": 343257.03,
                      "Plan Rows": 4409972,
                      "Plan Width": 4,
                      "Actual Startup Time": 36.354,
                      "Actual Total Time": 785.282,
                      "Actual Rows": 3736389,
                      "Actual Loops": 7,
                      "Filter": "((person_id > 287717) AND (role_id < 8))",
                      "Rows Removed by Filter": 1441374
                    },
                    {
                      "Node Type": "Hash",
                      "Parent Relationship": "Inner",
                      "Parallel Aware": true,
                      "Startup Cost": 82861.22,
                      "Total Cost": 82861.22,
                      "Plan Rows": 206516,
                      "Plan Width": 8,
                      "Actual Startup Time": 357.342,
                      "Actual Total Time": 357.674,
                      "Actual Rows": 80854,
                      "Actual Loops": 7,
                      "Hash Buckets": 1048576,
                      "Original Hash Buckets": 1048576,
                      "Hash Batches": 1,
                      "Original Hash Batches": 1,
                      "Peak Memory Usage": 30432,
                      "Plans": [
                        {
                          "Node Type": "Hash Join",
                          "Parent Relationship": "Outer",
                          "Parallel Aware": true,
                          "Join Type": "Inner",
                          "Startup Cost": 50611.95,
                          "Total Cost": 82861.22,
                          "Plan Rows": 206516,
                          "Plan Width": 8,
                          "Actual Startup Time": 213.097,
                          "Actual Total Time": 322.896,
                          "Actual Rows": 80854,
                          "Actual Loops": 7,
                          "Inner Unique": true,
                          "Hash Cond": "(mc.movie_id = t.id)",
                          "Plans": [
                            {
                              "Node Type": "Seq Scan",
                              "Parent Relationship": "Outer",
                              "Parallel Aware": true,
                              "Relation Name": "movie_companies",
                              "Alias": "mc",
                              "Startup Cost": 0.0,
                              "Total Cost": 31414.82,
                              "Plan Rows": 317887,
                              "Plan Width": 4,
                              "Actual Startup Time": 0.026,
                              "Actual Total Time": 51.94,
                              "Actual Rows": 180611,
                              "Actual Loops": 7,
                              "Filter": "((company_id < 62102) AND (company_type_id < 2))",
                              "Rows Removed by Filter": 192122
                            },
                            {
                              "Node Type": "Hash",
                              "Parent Relationship": "Inner",
                              "Parallel Aware": true,
                              "Startup Cost": 45479.1,
                              "Total Cost": 45479.1,
                              "Plan Rows": 410628,
                              "Plan Width": 4,
                              "Actual Startup Time": 210.233,
                              "Actual Total Time": 210.236,
                              "Actual Rows": 232834,
                              "Actual Loops": 7,
                              "Hash Buckets": 2097152,
                              "Original Hash Buckets": 2097152,
                              "Hash Batches": 1,
                              "Original Hash Batches": 1,
                              "Peak Memory Usage": 80256,
                              "Plans": [
                                {
                                  "Node Type": "Seq Scan",
                                  "Parent Relationship": "Outer",
                                  "Parallel Aware": true,
                                  "Relation Name": "title",
                                  "Alias": "t",
                                  "Startup Cost": 0.0,
                                  "Total Cost": 45479.1,
                                  "Plan Rows": 410628,
                                  "Plan Width": 4,
                                  "Actual Startup Time": 0.048,
                                  "Actual Total Time": 87.66,
                                  "Actual Rows": 232834,
                                  "Actual Loops": 7,
                                  "Filter": "((kind_id > 1) AND (production_year < 2012))",
                                  "Rows Removed by Filter": 128353
                                }
                              ]
                            }
                          ]
                        }
                      ]
                    }
                  ]
                }
              ]
            }
          ]
        }
      ]
    },
    "Planning Time": 1.439,
    "Triggers": [],
    "Execution Time": 2102.356
  }
]