[
  {
    "Plan": {
      "Node Type": "Aggregate",
      "Strategy": "Plain",
      "Partial Mode": "Finalize",
      "Parallel Aware": false,
      "Startup Cost": 31679.43,
      "Total Cost": 31679.44,
      "Plan Rows": 1,
      "Plan Width": 8,
      "Actual Startup Time": 113.966,
      "Actual Total Time": 122.511,
      "Actual Rows": 1,
      "Actual Loops": 1,
      "Plans": [
        {
          "Node Type": "Gather",
          "Parent Relationship": "Outer",
          "Parallel Aware": false,
          "Startup Cost": 31679.11,
          "Total Cost": 31679.42,
          "Plan Rows": 3,
          "Plan Width": 8,
          "Actual Startup Time": 113.818,
          "Actual Total Time": 122.503,
          "Actual Rows": 4,
          "Actual Loops": 1,
          "Workers Planned": 3,
          "Workers Launched": 3,
          "Single Copy": false,
          "Plans": [
            {
              "Node Type": "Aggregate",
              "Strategy": "Plain",
              "Partial Mode": "Partial",
              "Parent Relationship": "Outer",
              "Parallel Aware": false,
              "Startup Cost": 30679.11,
              "Total Cost": 30679.12,
              "Plan Rows": 1,
              "Plan Width": 8,
              "Actual Startup Time": 105.366,
              "Actual Total Time": 105.367,
              "Actual Rows": 1,
              "Actual Loops": 4,
              "Plans": [
                {
                  "Node Type": "Seq Scan",
                  "Parent Relationship": "Outer",
                  "Parallel Aware": true,
                  "Relation Name": "movie_companies",
                  "Alias": "mc",
                  "Startup Cost": 0.0,
                  "Total Cost": 29310.68,
                  "Plan Rows": 547371,
                  "Plan Width": 0,
                  "Actual Startup Time": 1.32,
                  "Actual Total Time": 84.965,
                  "Actual Rows": 424380,
                  "Actual Loops": 4,
                  "Filter": "(company_id > 3058)",
                  "Rows Removed by Filter": 227902
                }
              ]
            }
          ]
        }
      ]
    },
    "Planning Time": 0.091,
    "Triggers": [],
    "Execution Time": 122.541
  }
]