[
  {
    "Plan": {
      "Node Type": "Aggregate",
      "Strategy": "Plain",
      "Partial Mode": "Finalize",
      "Parallel Aware": false,
      "Startup Cost": 347858.32,
      "Total Cost": 347858.33,
      "Plan Rows": 1,
      "Plan Width": 8,
      "Actual Startup Time": 700.713,
      "Actual Total Time": 753.969,
      "Actual Rows": 1,
      "Actual Loops": 1,
      "Plans": [
        {
          "Node Type": "Gather",
          "Parent Relationship": "Outer",
          "Parallel Aware": false,
          "Startup Cost": 347857.69,
          "Total Cost": 347858.3,
          "Plan Rows": 6,
          "Plan Width": 8,
          "Actual Startup Time": 700.59,
          "Actual Total Time": 753.959,
          "Actual Rows": 7,
          "Actual Loops": 1,
          "Workers Planned": 6,
          "Workers Launched": 6,
          "Single Copy": false,
          "Plans": [
            {
              "Node Type": "Aggregate",
              "Strategy": "Plain",
              "Partial Mode": "Partial",
              "Parent Relationship": "Outer",
              "Parallel Aware": false,
              "Startup Cost": 346857.69,
              "Total Cost": 346857.7,
              "Plan Rows": 1,
              "Plan Width": 8,
              "Actual Startup Time": 691.487,
              "Actual Total Time": 691.488,
              "Actual Rows": 1,
              "Actual Loops": 7,
              "Plans": [
                {
                  "Node Type": "Seq Scan",
                  "Parent Relationship": "Outer",
                  "Parallel Aware": true,
                  "Relation Name": "cast_info",
                  "Alias": "ci",
                  "Startup Cost": 0.0,
                  "Total Cost": 343257.03,
                  "Plan Rows": 1440266,
                  "Plan Width": 0,
                  "Actual Startup Time": 360.963,
                  "Actual Total Time": 638.716,
                  "Actual Rows": 1201660,
                  "Actual Loops": 7,
                  "Filter": "((person_id > 2824998) AND (role_id < 11))",
                  "Rows Removed by Filter": 3976103
                }
              ]
            }
          ]
        }
      ]
    },
    "Planning Time": 0.187,
    "Triggers": [],
    "Execution Time": 754.031
  }
]