[
  {
    "Plan": {
      "Node Type": "Aggregate",
      "Strategy": "Plain",
      "Partial Mode": "Finalize",
      "Parallel Aware": false,
      "Startup Cost": 97577.28,
      "Total Cost": 97577.29,
      "Plan Rows": 1,
      "Plan Width": 8,
      "Actual Startup Time": 565.197,
      "Actual Total Time": 586.086,
      "Actual Rows": 1,
      "Actual Loops": 1,
      "Plans": [
        {
          "Node Type": "Gather",
          "Parent Relationship": "Outer",
          "Parallel Aware": false,
          "Startup Cost": 97577.06,
          "Total Cost": 97577.27,
          "Plan Rows": 2,
          "Plan Width": 8,
          "Actual Startup Time": 559.207,
          "Actual Total Time": 586.076,
          "Actual Rows": 3,
          "Actual Loops": 1,
          "Workers Planned": 2,
          "Workers Launched": 2,
          "Single Copy": false,
          "Plans": [
            {
              "Node Type": "Aggregate",
              "Strategy": "Plain",
              "Partial Mode": "Partial",
              "Parent Relationship": "Outer",
              "Parallel Aware": false,
              "Startup Cost": 96577.06,
              "Total Cost": 96577.07,
              "Plan Rows": 1,
              "Plan Width": 8,
              "Actual Startup Time": 550.444,
              "Actual Total Time": 550.983,
              "Actual Rows": 1,
              "Actual Loops": 3,
              "Plans": [
                {
                  "Node Type": "Hash Join",
                  "Parent Relationship": "Outer",
                  "Parallel Aware": true,
                  "Join Type": "Inner",
                  "Startup Cost": 79911.57,
                  "Total Cost": 96534.24,
                  "Plan Rows": 17129,
                  "Plan Width": 0,
                  "Actual Startup Time": 436.079,
                  "Actual Total Time": 544.865,
                  "Actual Rows": 125586,
                  "Actual Loops": 3,
                  "Inner Unique": false,
                  "Hash Cond": "(mi_idx.movie_id = t.id)",
                  "Plans": [
                    {
                      "Node Type": "Seq Scan",
                      "Parent Relationship": "Outer",
                      "Parallel Aware": true,
                      "Relation Name": "movie_info_idx",
                      "Alias": "mi_idx",
                      "Startup Cost": 0.0,
                      "Total Cost": 15122.68,
                      "Plan Rows": 385260,
                      "Plan Width": 4,
                      "Actual Startup Time": 0.022,
                      "Actual Total Time": 52.731,
                      "Actual Rows": 306703,
                      "Actual Loops": 3,
                      "Filter": "(info_type_id > 99)",
                      "Rows Removed by Filter": 153308
                    },
                    {
                      "Node Type": "Hash",
                      "Parent Relationship": "Inner",
                      "Parallel Aware": true,
                      "Startup Cost": 79458.27,
                      "Total Cost": 79458.27,
                      "Plan Rows": 36264,
                      "Plan Width": 8,
                      "Actual Startup Time": 433.91,
                      "Actual Total Time": 434.446,
                      "Actual Rows": 117916,
                      "Actual Loops": 3,
                      "Hash Buckets": 524288,
                      "Original Hash Buckets": 131072,
                      "Hash Batches": 1,
                      "Original Hash Batches": 1,
                      "Peak Memory Usage": 21088,
                      "Plans": [
                        {
                          "Node Type": "Hash Join",
                          "Parent Relationship": "Outer",
                          "Parallel Aware": true,
                          "Join Type": "Inner",
                          "Startup Cost": 47705.56,
                          "Total Cost": 79458.27,
                          "Plan Rows": 36264,
                          "Plan Width": 8,
                          "Actual Startup Time": 258.337,
                          "Actual Total Time": 386.755,
                          "Actual Rows": 117916,
                          "Actual Loops": 3,
                          "Inner Unique": true,
                          "Hash Cond": "(mc.movie_id = t.id)",
                          "Plans": [
                            {
                              "Node Type": "Seq Scan",
                              "Parent Relationship": "Outer",
                              "Parallel Aware": true,
                              "Relation Name": "movie_companies",
                              "Alias": "mc",
                              "Startup Cost": 0.0,
                              "Total Cost": 31414.82,
                              "Plan Rows": 128722,
                              "Plan Width": 4,
                              "Actual Startup Time": 40.65,
                              "Actual Total Time": 92.654,
                              "Actual Rows": 237203,
                              "Actual Loops": 3,
                              "Filter": "((company_id > 33697) AND (company_type_id > 1))",
                              "Rows Removed by Filter": 632506
                            },
                            {
                              "Node Type": "Hash",
                              "Parent Relationship": "Inner",
                              "Parallel Aware": true,
                              "Startup Cost": 45479.59,
                              "Total Cost": 45479.59,
                              "Plan Rows": 178078,
                              "Plan Width": 4,
                              "Actual Startup Time": 212.464,
                              "Actual Total Time": 212.466,
                              "Actual Rows": 204052,
                              "Actual Loops": 3,
                              "Hash Buckets": 1048576,
                              "Original Hash Buckets": 1048576,
                              "Hash Batches": 1,
                              "Original Hash Batches": 1,
                              "Peak Memory Usage": 32224,
                              "Plans": [
                                {
                                  "Node Type": "Seq Scan",
                                  "Parent Relationship": "Outer",
                                  "Parallel Aware": true,
                                  "Relation Name": "title",
                                  "Alias": "t",
                                  "Startup Cost": 0.0,
                                  "Total Cost": 45479.59,
                                  "Plan Rows": 178078,
                                  "Plan Width": 4,
                                  "Actual Startup Time": 0.059,
                                  "Actual Total Time": 137.063,
                                  "Actual Rows": 204052,
                                  "Actual Loops": 3,
                                  "Filter": "((kind_id < 7) AND (production_year > 1987))",
                                  "Rows Removed by Filter": 638719
                                }
                              ]
                            }
                          ]
                        }
                      ]
                    }
                  ]
                }
              ]
            }
          ]
        }
      ]
    },
    "Planning Time": 1.531,
    "Triggers": [],
    "Execution Time": 586.172
  }
]