[
  {
    "Plan": {
      "Node Type": "Aggregate",
      "Strategy": "Plain",
      "Partial Mode": "Finalize",
      "Parallel Aware": false,
      "Startup Cost": 128581.76,
      "Total Cost": 128581.77,
      "Plan Rows": 1,
      "Plan Width": 8,
      "Actual Startup Time": 1108.87,
      "Actual Total Time": 1127.975,
      "Actual Rows": 1,
      "Actual Loops": 1,
      "Plans": [
        {
          "Node Type": "Gather",
          "Parent Relationship": "Outer",
          "Parallel Aware": false,
          "Startup Cost": 128581.44,
          "Total Cost": 128581.75,
          "Plan Rows": 3,
          "Plan Width": 8,
          "Actual Startup Time": 1100.145,
          "Actual Total Time": 1127.965,
          "Actual Rows": 4,
          "Actual Loops": 1,
          "Workers Planned": 3,
          "Workers Launched": 3,
          "Single Copy": false,
          "Plans": [
            {
              "Node Type": "Aggregate",
              "Strategy": "Plain",
              "Partial Mode": "Partial",
              "Parent Relationship": "Outer",
              "Parallel Aware": false,
              "Startup Cost": 127581.44,
              "Total Cost": 127581.45,
              "Plan Rows": 1,
              "Plan Width": 8,
              "Actual Startup Time": 1095.252,
              "Actual Total Time": 1095.608,
              "Actual Rows": 1,
              "Actual Loops": 4,
              "Plans": [
                {
                  "Node Type": "Hash Join",
                  "Parent Relationship": "Outer",
                  "Parallel Aware": true,
                  "Join Type": "Inner",
                  "Startup Cost": 80670.95,
                  "Total Cost": 127174.97,
                  "Plan Rows": 162586,
                  "Plan Width": 0,
                  "Actual Startup Time": 431.733,
                  "Actual Total Time": 917.136,
                  "Actual Rows": 3997304,
                  "Actual Loops": 4,
                  "Inner Unique": false,
                  "Hash Cond": "(mk.movie_id = t.id)",
                  "Plans": [
                    {
                      "Node Type": "Seq Scan",
                      "Parent Relationship": "Outer",
                      "Parallel Aware": true,
                      "Relation Name": "movie_keyword",
                      "Alias": "mk",
                      "Startup Cost": 0.0,
                      "Total Cost": 42695.65,
                      "Plan Rows": 875706,
                      "Plan Width": 4,
                      "Actual Startup Time": 0.223,
                      "Actual Total Time": 114.002,
                      "Actual Rows": 678252,
                      "Actual Loops": 4,
                      "Filter": "(keyword_id > 2940)",
                      "Rows Removed by Filter": 452730
                    },
                    {
                      "Node Type": "Hash",
                      "Parent Relationship": "Inner",
                      "Parallel Aware": true,
                      "Startup Cost": 78778.06,
                      "Total Cost": 78778.06,
                      "Plan Rows": 151431,
                      "Plan Width": 8,
                      "Actual Startup Time": 429.529,
                      "Actual Total Time": 429.882,
                      "Actual Rows": 235582,
                      "Actual Loops": 4,
                      "Hash Buckets": 1048576,
                      "Original Hash Buckets": 524288,
                      "Hash Batches": 1,
                      "Original Hash Batches": 1,
                      "Peak Memory Usage": 49248,
                      "Plans": [
                        {
                          "Node Type": "Hash Join",
                          "Parent Relationship": "Outer",
                          "Parallel Aware": true,
                          "Join Type": "Inner",
                          "Startup Cost": 48387.16,
                          "Total Cost": 78778.06,
                          "Plan Rows": 151431,
                          "Plan Width": 8,
                          "Actual Startup Time": 183.816,
                          "Actual Total Time": 346.56,
                          "Actual Rows": 235582,
                          "Actual Loops": 4,
                          "Inner Unique": true,
                          "Hash Cond": "(mc.movie_id = t.id)",
                          "Plans": [
                            {
                              "Node Type": "Seq Scan",
                              "Parent Relationship": "Outer",
                              "Parallel Aware": true,
                              "Relation Name": "movie_companies",
                              "Alias": "mc",
                              "Startup Cost": 0.0,
                              "Total Cost": 29310.68,
                              "Plan Rows": 411513,
                              "Plan Width": 4,
                              "Actual Startup Time": 0.012,
                              "Actual Total Time": 70.64,
                              "Actual Rows": 318562,
                              "Actual Loops": 4,
                              "Filter": "(company_type_id < 2)",
                              "Rows Removed by Filter": 333721
                            },
                            {
                              "Node Type": "Hash",
                              "Parent Relationship": "Inner",
                              "Parallel Aware": true,
                              "Startup Cost": 45479.59,
                              "Total Cost": 45479.59,
                              "Plan Rows": 232606,
                              "Plan Width": 4,
                              "Actual Startup Time": 181.85,
                              "Actual Total Time": 181.851,
                              "Actual Rows": 237673,
                              "Actual Loops": 4,
                              "Hash Buckets": 1048576,
                              "Original Hash Buckets": 1048576,
                              "Hash Batches": 1,
                              "Original Hash Batches": 1,
                              "Peak Memory Usage": 45440,
                              "Plans": [
                                {
                                  "Node Type": "Seq Scan",
                                  "Parent Relationship": "Outer",
                                  "Parallel Aware": true,
                                  "Relation Name": "title",
                                  "Alias": "t",
                                  "Startup Cost": 0.0,
                                  "Total Cost": 45479.59,
                                  "Plan Rows": 232606,
                                  "Plan Width": 4,
                                  "Actual Startup Time": 0.042,
                                  "Actual Total Time": 99.46,
                                  "Actual Rows": 237673,
                                  "Actual Loops": 4,
                                  "Filter": "((kind_id < 7) AND (production_year < 2013))",
                                  "Rows Removed by Filter": 394405
                                }
                              ]
                            }
                          ]
                        }
                      ]
                    }
                  ]
                }
              ]
            }
          ]
        }
      ]
    },
    "Planning Time": 0.429,
    "Triggers": [],
    "Execution Time": 1128.013
  }
]