{
  "Plan": {
    "Node Type": "Aggregate",
    "Strategy": "Plain",
    "Partial Mode": "Finalize",
    "Parallel Aware": false,
    "Startup Cost": 520441.74,
    "Total Cost": 520441.75,
    "Plan Rows": 1,
    "Plan Width": 8,
    "Actual Startup Time": 7580.327,
    "Actual Total Time": 7667.149,
    "Actual Rows": 1,
    "Actual Loops": 1,
    "Plans": [
      {
        "Node Type": "Gather",
        "Parent Relationship": "Outer",
        "Parallel Aware": false,
        "Startup Cost": 520441.63,
        "Total Cost": 520441.74,
        "Plan Rows": 1,
        "Plan Width": 8,
        "Actual Startup Time": 7559.8,
        "Actual Total Time": 7667.139,
        "Actual Rows": 2,
        "Actual Loops": 1,
        "Workers Planned": 1,
        "Workers Launched": 1,
        "Single Copy": false,
        "Plans": [
          {
            "Node Type": "Aggregate",
            "Strategy": "Plain",
            "Partial Mode": "Partial",
            "Parent Relationship": "Outer",
            "Parallel Aware": false,
            "Startup Cost": 519441.63,
            "Total Cost": 519441.64,
            "Plan Rows": 1,
            "Plan Width": 8,
            "Actual Startup Time": 7534.326,
            "Actual Total Time": 7537.238,
            "Actual Rows": 1,
            "Actual Loops": 2,
            "Plans": [
              {
                "Node Type": "Hash Join",
                "Parent Relationship": "Outer",
                "Parallel Aware": true,
                "Join Type": "Inner",
                "Startup Cost": 409235.07,
                "Total Cost": 507467.35,
                "Plan Rows": 4789712,
                "Plan Width": 0,
                "Actual Startup Time": 4909.075,
                "Actual Total Time": 6746.02,
                "Actual Rows": 20084472,
                "Actual Loops": 2,
                "Inner Unique": false,
                "Hash Cond": "(mk.movie_id = t.id)",
                "Plans": [
                  {
                    "Node Type": "Seq Scan",
                    "Parent Relationship": "Outer",
                    "Parallel Aware": true,
                    "Relation Name": "movie_keyword",
                    "Alias": "mk",
                    "Startup Cost": 0.0,
                    "Total Cost": 57718.19,
                    "Plan Rows": 1410207,
                    "Plan Width": 4,
                    "Actual Startup Time": 0.32,
                    "Actual Total Time": 192.409,
                    "Actual Rows": 1196386,
                    "Actual Loops": 2,
                    "Filter": "(keyword_id > 3933)",
                    "Rows Removed by Filter": 1065578
                  },
                  {
                    "Node Type": "Hash",
                    "Parent Relationship": "Inner",
                    "Parallel Aware": true,
                    "Startup Cost": 346093.56,
                    "Total Cost": 346093.56,
                    "Plan Rows": 5051321,
                    "Plan Width": 8,
                    "Actual Startup Time": 4853.191,
                    "Actual Total Time": 4856.101,
                    "Actual Rows": 4243157,
                    "Actual Loops": 2,
                    "Hash Buckets": 16777216,
                    "Original Hash Buckets": 16777216,
                    "Hash Batches": 1,
                    "Original Hash Batches": 1,
                    "Peak Memory Usage": 463072,
                    "Plans": [
                      {
                        "Node Type": "Hash Join",
                        "Parent Relationship": "Outer",
                        "Parallel Aware": true,
                        "Join Type": "Inner",
                        "Startup Cost": 69461.26,
                        "Total Cost": 346093.56,
                        "Plan Rows": 5051321,
                        "Plan Width": 8,
                        "Actual Startup Time": 577.898,
                        "Actual Total Time": 3366.837,
                        "Actual Rows": 4243157,
                        "Actual Loops": 2,
                        "Inner Unique": true,
                        "Hash Cond": "(ci.movie_id = t.id)",
                        "Plans": [
                          {
                            "Node Type": "Index Scan",
                            "Parent Relationship": "Outer",
                            "Parallel Aware": true,
                            "Scan Direction": "Forward",
                            "Index Name": "role_id_cast_info",
                            "Relation Name": "cast_info",
                            "Alias": "ci",
                            "Startup Cost": 0.56,
                            "Total Cost": 263373.12,
                            "Plan Rows": 5051321,
                            "Plan Width": 4,
                            "Actual Startup Time": 0.195,
                            "Actual Total Time": 695.032,
                            "Actual Rows": 4243157,
                            "Actual Loops": 2,
                            "Index Cond": "(role_id > 5)",
                            "Rows Removed by Index Recheck": 0
                          },
                          {
                            "Node Type": "Hash",
                            "Parent Relationship": "Inner",
                            "Parallel Aware": true,
                            "Startup Cost": 50870.31,
                            "Total Cost": 50870.31,
                            "Plan Rows": 1487231,
                            "Plan Width": 4,
                            "Actual Startup Time": 566.275,
                            "Actual Total Time": 566.276,
                            "Actual Rows": 1264156,
                            "Actual Loops": 2,
                            "Hash Buckets": 4194304,
                            "Original Hash Buckets": 4194304,
                            "Hash Batches": 1,
                            "Original Hash Batches": 1,
                            "Peak Memory Usage": 131712,
                            "Plans": [
                              {
                                "Node Type": "Seq Scan",
                                "Parent Relationship": "Outer",
                                "Parallel Aware": true,
                                "Relation Name": "title",
                                "Alias": "t",
                                "Startup Cost": 0.0,
                                "Total Cost": 50870.31,
                                "Plan Rows": 1487231,
                                "Plan Width": 4,
                                "Actual Startup Time": 0.027,
                                "Actual Total Time": 176.285,
                                "Actual Rows": 1264156,
                                "Actual Loops": 2
                              }
                            ]
                          }
                        ]
                      }
                    ]
                  }
                ]
              }
            ]
          }
        ]
      }
    ]
  },
  "Planning Time": 1.072,
  "Triggers": [],
  "Execution Time": 7667.237
}