{
  "Plan": {
    "Node Type": "Aggregate",
    "Strategy": "Plain",
    "Partial Mode": "Finalize",
    "Parallel Aware": false,
    "Startup Cost": 761286.24,
    "Total Cost": 761286.25,
    "Plan Rows": 1,
    "Plan Width": 8,
    "Actual Startup Time": 2502.004,
    "Actual Total Time": 2579.39,
    "Actual Rows": 1,
    "Actual Loops": 1,
    "Plans": [
      {
        "Node Type": "Gather",
        "Parent Relationship": "Outer",
        "Parallel Aware": false,
        "Startup Cost": 761286.13,
        "Total Cost": 761286.24,
        "Plan Rows": 1,
        "Plan Width": 8,
        "Actual Startup Time": 2501.656,
        "Actual Total Time": 2579.382,
        "Actual Rows": 2,
        "Actual Loops": 1,
        "Workers Planned": 1,
        "Workers Launched": 1,
        "Single Copy": false,
        "Plans": [
          {
            "Node Type": "Aggregate",
            "Strategy": "Plain",
            "Partial Mode": "Partial",
            "Parent Relationship": "Outer",
            "Parallel Aware": false,
            "Startup Cost": 760286.13,
            "Total Cost": 760286.14,
            "Plan Rows": 1,
            "Plan Width": 8,
            "Actual Startup Time": 2495.701,
            "Actual Total Time": 2495.706,
            "Actual Rows": 1,
            "Actual Loops": 2,
            "Plans": [
              {
                "Node Type": "Hash Join",
                "Parent Relationship": "Outer",
                "Parallel Aware": true,
                "Join Type": "Inner",
                "Startup Cost": 327119.24,
                "Total Cost": 759863.85,
                "Plan Rows": 168912,
                "Plan Width": 0,
                "Actual Startup Time": 1930.987,
                "Actual Total Time": 2486.991,
                "Actual Rows": 206232,
                "Actual Loops": 2,
                "Inner Unique": false,
                "Hash Cond": "(ci.movie_id = t.id)",
                "Plans": [
                  {
                    "Node Type": "Index Scan",
                    "Parent Relationship": "Outer",
                    "Parallel Aware": true,
                    "Scan Direction": "Forward",
                    "Index Name": "role_id_cast_info",
                    "Relation Name": "cast_info",
                    "Alias": "ci",
                    "Startup Cost": 0.56,
                    "Total Cost": 400977.7,
                    "Plan Rows": 4923821,
                    "Plan Width": 4,
                    "Actual Startup Time": 527.742,
                    "Actual Total Time": 852.18,
                    "Actual Rows": 2035538,
                    "Actual Loops": 2,
                    "Index Cond": "(role_id = 1)",
                    "Rows Removed by Index Recheck": 0,
                    "Filter": "(person_id > 1171678)",
                    "Rows Removed by Filter": 4299806
                  },
                  {
                    "Node Type": "Hash",
                    "Parent Relationship": "Inner",
                    "Parallel Aware": true,
                    "Startup Cost": 326480.94,
                    "Total Cost": 326480.94,
                    "Plan Rows": 51019,
                    "Plan Width": 8,
                    "Actual Startup Time": 1400.786,
                    "Actual Total Time": 1400.789,
                    "Actual Rows": 50858,
                    "Actual Loops": 2,
                    "Hash Buckets": 131072,
                    "Original Hash Buckets": 131072,
                    "Hash Batches": 1,
                    "Original Hash Batches": 1,
                    "Peak Memory Usage": 5024,
                    "Plans": [
                      {
                        "Node Type": "Hash Join",
                        "Parent Relationship": "Outer",
                        "Parallel Aware": true,
                        "Join Type": "Inner",
                        "Startup Cost": 54697.45,
                        "Total Cost": 326480.94,
                        "Plan Rows": 51019,
                        "Plan Width": 8,
                        "Actual Startup Time": 135.549,
                        "Actual Total Time": 1385.339,
                        "Actual Rows": 50858,
                        "Actual Loops": 2,
                        "Inner Unique": true,
                        "Hash Cond": "(mi.movie_id = t.id)",
                        "Plans": [
                          {
                            "Node Type": "Seq Scan",
                            "Parent Relationship": "Outer",
                            "Parallel Aware": true,
                            "Relation Name": "movie_info",
                            "Alias": "mi",
                            "Startup Cost": 0.0,
                            "Total Cost": 248955.74,
                            "Plan Rows": 8696274,
                            "Plan Width": 4,
                            "Actual Startup Time": 0.009,
                            "Actual Total Time": 629.229,
                            "Actual Rows": 7417860,
                            "Actual Loops": 2
                          },
                          {
                            "Node Type": "Hash",
                            "Parent Relationship": "Inner",
                            "Parallel Aware": true,
                            "Startup Cost": 54588.39,
                            "Total Cost": 54588.39,
                            "Plan Rows": 8725,
                            "Plan Width": 4,
                            "Actual Startup Time": 134.645,
                            "Actual Total Time": 134.646,
                            "Actual Rows": 7385,
                            "Actual Loops": 2,
                            "Hash Buckets": 16384,
                            "Original Hash Buckets": 16384,
                            "Hash Batches": 1,
                            "Original Hash Batches": 1,
                            "Peak Memory Usage": 736,
                            "Plans": [
                              {
                                "Node Type": "Seq Scan",
                                "Parent Relationship": "Outer",
                                "Parallel Aware": true,
                                "Relation Name": "title",
                                "Alias": "t",
                                "Startup Cost": 0.0,
                                "Total Cost": 54588.39,
                                "Plan Rows": 8725,
                                "Plan Width": 4,
                                "Actual Startup Time": 0.081,
                                "Actual Total Time": 132.017,
                                "Actual Rows": 7385,
                                "Actual Loops": 2,
                                "Filter": "(production_year = 1982)",
                                "Rows Removed by Filter": 1256771
                              }
                            ]
                          }
                        ]
                      }
                    ]
                  }
                ]
              }
            ]
          }
        ]
      }
    ]
  },
  "Planning Time": 1.084,
  "Triggers": [],
  "Execution Time": 2579.495
}