[
  {
    "Plan": {
      "Node Type": "Aggregate",
      "Strategy": "Plain",
      "Partial Mode": "Simple",
      "Parallel Aware": false,
      "Startup Cost": 695.92,
      "Total Cost": 695.93,
      "Plan Rows": 1,
      "Plan Width": 8,
      "Actual Startup Time": 12.815,
      "Actual Total Time": 12.817,
      "Actual Rows": 1,
      "Actual Loops": 1,
      "Plans": [
        {
          "Node Type": "Nested Loop",
          "Parent Relationship": "Outer",
          "Parallel Aware": false,
          "Join Type": "Inner",
          "Startup Cost": 0.86,
          "Total Cost": 695.91,
          "Plan Rows": 5,
          "Plan Width": 0,
          "Actual Startup Time": 0.574,
          "Actual Total Time": 12.808,
          "Actual Rows": 2,
          "Actual Loops": 1,
          "Inner Unique": true,
          "Plans": [
            {
              "Node Type": "Index Scan",
              "Parent Relationship": "Outer",
              "Parallel Aware": false,
              "Scan Direction": "Forward",
              "Index Name": "company_id_movie_companies",
              "Relation Name": "movie_companies",
              "Alias": "mc",
              "Startup Cost": 0.43,
              "Total Cost": 273.41,
              "Plan Rows": 50,
              "Plan Width": 4,
              "Actual Startup Time": 0.133,
              "Actual Total Time": 2.154,
              "Actual Rows": 1621,
              "Actual Loops": 1,
              "Index Cond": "(company_id = 466)",
              "Rows Removed by Index Recheck": 0,
              "Filter": "(company_type_id < 2)",
              "Rows Removed by Filter": 276
            },
            {
              "Node Type": "Index Scan",
              "Parent Relationship": "Inner",
              "Parallel Aware": false,
              "Scan Direction": "Forward",
              "Index Name": "title_pkey",
              "Relation Name": "title",
              "Alias": "t",
              "Startup Cost": 0.43,
              "Total Cost": 8.45,
              "Plan Rows": 1,
              "Plan Width": 4,
              "Actual Startup Time": 0.006,
              "Actual Total Time": 0.006,
              "Actual Rows": 0,
              "Actual Loops": 1621,
              "Index Cond": "(id = mc.movie_id)",
              "Rows Removed by Index Recheck": 0,
              "Filter": "(production_year < 1964)",
              "Rows Removed by Filter": 1
            }
          ]
        }
      ]
    },
    "Planning Time": 0.488,
    "Triggers": [],
    "Execution Time": 12.864
  }
]