[
  {
    "Plan": {
      "Node Type": "Aggregate",
      "Strategy": "Plain",
      "Partial Mode": "Finalize",
      "Parallel Aware": false,
      "Startup Cost": 245894.43,
      "Total Cost": 245894.44,
      "Plan Rows": 1,
      "Plan Width": 8,
      "Actual Startup Time": 306.896,
      "Actual Total Time": 346.474,
      "Actual Rows": 1,
      "Actual Loops": 1,
      "Plans": [
        {
          "Node Type": "Gather",
          "Parent Relationship": "Outer",
          "Parallel Aware": false,
          "Startup Cost": 245893.91,
          "Total Cost": 245894.42,
          "Plan Rows": 5,
          "Plan Width": 8,
          "Actual Startup Time": 306.078,
          "Actual Total Time": 346.464,
          "Actual Rows": 6,
          "Actual Loops": 1,
          "Workers Planned": 5,
          "Workers Launched": 5,
          "Single Copy": false,
          "Plans": [
            {
              "Node Type": "Aggregate",
              "Strategy": "Plain",
              "Partial Mode": "Partial",
              "Parent Relationship": "Outer",
              "Parallel Aware": false,
              "Startup Cost": 244893.91,
              "Total Cost": 244893.92,
              "Plan Rows": 1,
              "Plan Width": 8,
              "Actual Startup Time": 295.14,
              "Actual Total Time": 295.144,
              "Actual Rows": 1,
              "Actual Loops": 6,
              "Plans": [
                {
                  "Node Type": "Nested Loop",
                  "Parent Relationship": "Outer",
                  "Parallel Aware": false,
                  "Join Type": "Inner",
                  "Startup Cost": 62296.33,
                  "Total Cost": 244783.38,
                  "Plan Rows": 44209,
                  "Plan Width": 0,
                  "Actual Startup Time": 142.693,
                  "Actual Total Time": 293.29,
                  "Actual Rows": 24073,
                  "Actual Loops": 6,
                  "Inner Unique": false,
                  "Join Filter": "(t.id = ci.movie_id)",
                  "Rows Removed by Join Filter": 0,
                  "Plans": [
                    {
                      "Node Type": "Hash Join",
                      "Parent Relationship": "Outer",
                      "Parallel Aware": true,
                      "Join Type": "Inner",
                      "Startup Cost": 62295.77,
                      "Total Cost": 227056.97,
                      "Plan Rows": 5470,
                      "Plan Width": 8,
                      "Actual Startup Time": 142.596,
                      "Actual Total Time": 188.875,
                      "Actual Rows": 1306,
                      "Actual Loops": 6,
                      "Inner Unique": true,
                      "Hash Cond": "(mi.movie_id = t.id)",
                      "Plans": [
                        {
                          "Node Type": "Bitmap Heap Scan",
                          "Parent Relationship": "Outer",
                          "Parallel Aware": true,
                          "Relation Name": "movie_info",
                          "Alias": "mi",
                          "Startup Cost": 16580.53,
                          "Total Cost": 180861.3,
                          "Plan Rows": 183022,
                          "Plan Width": 4,
                          "Actual Startup Time": 33.791,
                          "Actual Total Time": 81.775,
                          "Actual Rows": 145371,
                          "Actual Loops": 6,
                          "Recheck Cond": "(info_type_id > 97)",
                          "Rows Removed by Index Recheck": 0,
                          "Exact Heap Blocks": 10338,
                          "Lossy Heap Blocks": 0,
                          "Plans": [
                            {
                              "Node Type": "Bitmap Index Scan",
                              "Parent Relationship": "Outer",
                              "Parallel Aware": false,
                              "Index Name": "info_type_id_movie_info",
                              "Startup Cost": 0.0,
                              "Total Cost": 16351.75,
                              "Plan Rows": 915109,
                              "Plan Width": 0,
                              "Actual Startup Time": 28.869,
                              "Actual Total Time": 28.87,
                              "Actual Rows": 872224,
                              "Actual Loops": 1,
                              "Index Cond": "(info_type_id > 97)"
                            }
                          ]
                        },
                        {
                          "Node Type": "Hash",
                          "Parent Relationship": "Inner",
                          "Parallel Aware": true,
                          "Startup Cost": 45479.1,
                          "Total Cost": 45479.1,
                          "Plan Rows": 18891,
                          "Plan Width": 4,
                          "Actual Startup Time": 81.837,
                          "Actual Total Time": 81.838,
                          "Actual Rows": 14013,
                          "Actual Loops": 6,
                          "Hash Buckets": 131072,
                          "Original Hash Buckets": 131072,
                          "Hash Batches": 1,
                          "Original Hash Batches": 1,
                          "Peak Memory Usage": 4416,
                          "Plans": [
                            {
                              "Node Type": "Seq Scan",
                              "Parent Relationship": "Outer",
                              "Parallel Aware": true,
                              "Relation Name": "title",
                              "Alias": "t",
                              "Startup Cost": 0.0,
                              "Total Cost": 45479.1,
                              "Plan Rows": 18891,
                              "Plan Width": 4,
                              "Actual Startup Time": 0.045,
                              "Actual Total Time": 75.701,
                              "Actual Rows": 14013,
                              "Actual Loops": 6,
                              "Filter": "((kind_id = 7) AND (production_year = 2007))",
                              "Rows Removed by Filter": 407373
                            }
                          ]
                        }
                      ]
                    },
                    {
                      "Node Type": "Index Scan",
                      "Parent Relationship": "Inner",
                      "Parallel Aware": false,
                      "Scan Direction": "Forward",
                      "Index Name": "movie_id_cast_info",
                      "Relation Name": "cast_info",
                      "Alias": "ci",
                      "Startup Cost": 0.56,
                      "Total Cost": 2.98,
                      "Plan Rows": 21,
                      "Plan Width": 4,
                      "Actual Startup Time": 0.009,
                      "Actual Total Time": 0.077,
                      "Actual Rows": 18,
                      "Actual Loops": 7837,
                      "Index Cond": "(movie_id = mi.movie_id)",
                      "Rows Removed by Index Recheck": 0,
                      "Filter": "(person_id < 2058476)",
                      "Rows Removed by Filter": 18
                    }
                  ]
                }
              ]
            }
          ]
        }
      ]
    },
    "Planning Time": 1.333,
    "Triggers": [],
    "Execution Time": 346.597
  }
]