{
  "Plan": {
    "Node Type": "Hash Join",
    "Parallel Aware": false,
    "Join Type": "Inner",
    "Startup Cost": 54074.7,
    "Total Cost": 144028.56,
    "Plan Rows": 518519,
    "Plan Width": 4,
    "Actual Startup Time": 360.143,
    "Actual Total Time": 1286.615,
    "Actual Rows": 521808,
    "Actual Loops": 1,
    "Inner Unique": true,
    "Hash Cond": "(mc.company_id = cn.id)",
    "Plans": [
      {
        "Node Type": "Hash Join",
        "Parent Relationship": "Outer",
        "Parallel Aware": false,
        "Join Type": "Inner",
        "Startup Cost": 45792.26,
        "Total Cost": 134385.0,
        "Plan Rows": 518519,
        "Plan Width": 4,
        "Actual Startup Time": 286.72,
        "Actual Total Time": 1133.855,
        "Actual Rows": 521808,
        "Actual Loops": 1,
        "Inner Unique": false,
        "Hash Cond": "(t.id = mc.movie_id)",
        "Plans": [
          {
            "Node Type": "Seq Scan",
            "Parent Relationship": "Outer",
            "Parallel Aware": false,
            "Relation Name": "title",
            "Alias": "t",
            "Startup Cost": 0.0,
            "Total Cost": 61283.09,
            "Plan Rows": 2528509,
            "Plan Width": 4,
            "Actual Startup Time": 0.013,
            "Actual Total Time": 216.63,
            "Actual Rows": 2528312,
            "Actual Loops": 1
          },
          {
            "Node Type": "Hash",
            "Parent Relationship": "Inner",
            "Parallel Aware": false,
            "Startup Cost": 39310.78,
            "Total Cost": 39310.78,
            "Plan Rows": 518519,
            "Plan Width": 8,
            "Actual Startup Time": 284.941,
            "Actual Total Time": 284.947,
            "Actual Rows": 521808,
            "Actual Loops": 1,
            "Hash Buckets": 524288,
            "Original Hash Buckets": 524288,
            "Hash Batches": 1,
            "Original Hash Batches": 1,
            "Peak Memory Usage": 24480,
            "Plans": [
              {
                "Node Type": "Hash Join",
                "Parent Relationship": "Outer",
                "Parallel Aware": false,
                "Join Type": "Inner",
                "Startup Cost": 11236.04,
                "Total Cost": 39310.78,
                "Plan Rows": 518519,
                "Plan Width": 8,
                "Actual Startup Time": 38.766,
                "Actual Total Time": 194.048,
                "Actual Rows": 521808,
                "Actual Loops": 1,
                "Inner Unique": true,
                "Hash Cond": "(mc.company_type_id = ct.id)",
                "Plans": [
                  {
                    "Node Type": "Bitmap Heap Scan",
                    "Parent Relationship": "Outer",
                    "Parallel Aware": false,
                    "Relation Name": "movie_companies",
                    "Alias": "mc",
                    "Startup Cost": 11234.95,
                    "Total Cost": 36506.44,
                    "Plan Rows": 518519,
                    "Plan Width": 12,
                    "Actual Startup Time": 38.739,
                    "Actual Total Time": 120.94,
                    "Actual Rows": 521808,
                    "Actual Loops": 1,
                    "Recheck Cond": "(company_id < 476)",
                    "Rows Removed by Index Recheck": 0,
                    "Exact Heap Blocks": 18355,
                    "Lossy Heap Blocks": 0,
                    "Plans": [
                      {
                        "Node Type": "Bitmap Index Scan",
                        "Parent Relationship": "Outer",
                        "Parallel Aware": false,
                        "Index Name": "company_id_movie_companies",
                        "Startup Cost": 0.0,
                        "Total Cost": 11105.32,
                        "Plan Rows": 518519,
                        "Plan Width": 0,
                        "Actual Startup Time": 36.511,
                        "Actual Total Time": 36.512,
                        "Actual Rows": 521808,
                        "Actual Loops": 1,
                        "Index Cond": "(company_id < 476)"
                      }
                    ]
                  },
                  {
                    "Node Type": "Hash",
                    "Parent Relationship": "Inner",
                    "Parallel Aware": false,
                    "Startup Cost": 1.04,
                    "Total Cost": 1.04,
                    "Plan Rows": 4,
                    "Plan Width": 4,
                    "Actual Startup Time": 0.015,
                    "Actual Total Time": 0.016,
                    "Actual Rows": 4,
                    "Actual Loops": 1,
                    "Hash Buckets": 1024,
                    "Original Hash Buckets": 1024,
                    "Hash Batches": 1,
                    "Original Hash Batches": 1,
                    "Peak Memory Usage": 9,
                    "Plans": [
                      {
                        "Node Type": "Seq Scan",
                        "Parent Relationship": "Outer",
                        "Parallel Aware": false,
                        "Relation Name": "company_type",
                        "Alias": "ct",
                        "Startup Cost": 0.0,
                        "Total Cost": 1.04,
                        "Plan Rows": 4,
                        "Plan Width": 4,
                        "Actual Startup Time": 0.008,
                        "Actual Total Time": 0.009,
                        "Actual Rows": 4,
                        "Actual Loops": 1
                      }
                    ]
                  }
                ]
              }
            ]
          }
        ]
      },
      {
        "Node Type": "Hash",
        "Parent Relationship": "Inner",
        "Parallel Aware": false,
        "Startup Cost": 5344.97,
        "Total Cost": 5344.97,
        "Plan Rows": 234997,
        "Plan Width": 4,
        "Actual Startup Time": 73.021,
        "Actual Total Time": 73.022,
        "Actual Rows": 234997,
        "Actual Loops": 1,
        "Hash Buckets": 262144,
        "Original Hash Buckets": 262144,
        "Hash Batches": 1,
        "Original Hash Batches": 1,
        "Peak Memory Usage": 10310,
        "Plans": [
          {
            "Node Type": "Seq Scan",
            "Parent Relationship": "Outer",
            "Parallel Aware": false,
            "Relation Name": "company_name",
            "Alias": "cn",
            "Startup Cost": 0.0,
            "Total Cost": 5344.97,
            "Plan Rows": 234997,
            "Plan Width": 4,
            "Actual Startup Time": 0.035,
            "Actual Total Time": 36.613,
            "Actual Rows": 234997,
            "Actual Loops": 1
          }
        ]
      }
    ]
  },
  "Planning Time": 0.749,
  "Triggers": [],
  "Execution Time": 1303.712
}