[
  {
    "Plan": {
      "Node Type": "Aggregate",
      "Strategy": "Plain",
      "Partial Mode": "Finalize",
      "Parallel Aware": false,
      "Startup Cost": 512982.6,
      "Total Cost": 512982.61,
      "Plan Rows": 1,
      "Plan Width": 8,
      "Actual Startup Time": 5296.577,
      "Actual Total Time": 5406.842,
      "Actual Rows": 1,
      "Actual Loops": 1,
      "Plans": [
        {
          "Node Type": "Gather",
          "Parent Relationship": "Outer",
          "Parallel Aware": false,
          "Startup Cost": 512982.08,
          "Total Cost": 512982.59,
          "Plan Rows": 5,
          "Plan Width": 8,
          "Actual Startup Time": 5293.577,
          "Actual Total Time": 5406.83,
          "Actual Rows": 6,
          "Actual Loops": 1,
          "Workers Planned": 5,
          "Workers Launched": 5,
          "Single Copy": false,
          "Plans": [
            {
              "Node Type": "Aggregate",
              "Strategy": "Plain",
              "Partial Mode": "Partial",
              "Parent Relationship": "Outer",
              "Parallel Aware": false,
              "Startup Cost": 511982.08,
              "Total Cost": 511982.09,
              "Plan Rows": 1,
              "Plan Width": 8,
              "Actual Startup Time": 5283.27,
              "Actual Total Time": 5283.276,
              "Actual Rows": 1,
              "Actual Loops": 6,
              "Plans": [
                {
                  "Node Type": "Nested Loop",
                  "Parent Relationship": "Outer",
                  "Parallel Aware": false,
                  "Join Type": "Inner",
                  "Startup Cost": 47054.34,
                  "Total Cost": 507723.55,
                  "Plan Rows": 1703411,
                  "Plan Width": 0,
                  "Actual Startup Time": 306.479,
                  "Actual Total Time": 4982.664,
                  "Actual Rows": 6804743,
                  "Actual Loops": 6,
                  "Inner Unique": false,
                  "Join Filter": "(t.id = ci.movie_id)",
                  "Rows Removed by Join Filter": 0,
                  "Plans": [
                    {
                      "Node Type": "Hash Join",
                      "Parent Relationship": "Outer",
                      "Parallel Aware": true,
                      "Join Type": "Inner",
                      "Startup Cost": 47053.77,
                      "Total Cost": 247571.68,
                      "Plan Rows": 118878,
                      "Plan Width": 8,
                      "Actual Startup Time": 306.35,
                      "Actual Total Time": 579.254,
                      "Actual Rows": 151823,
                      "Actual Loops": 6,
                      "Inner Unique": true,
                      "Hash Cond": "(mi.movie_id = t.id)",
                      "Plans": [
                        {
                          "Node Type": "Seq Scan",
                          "Parent Relationship": "Outer",
                          "Parallel Aware": true,
                          "Relation Name": "movie_info",
                          "Alias": "mi",
                          "Startup Cost": 0.0,
                          "Total Cost": 198952.16,
                          "Plan Rows": 596472,
                          "Plan Width": 4,
                          "Actual Startup Time": 78.701,
                          "Actual Total Time": 309.233,
                          "Actual Rows": 506120,
                          "Actual Loops": 6,
                          "Filter": "(info_type_id = 16)",
                          "Rows Removed by Filter": 1966500
                        },
                        {
                          "Node Type": "Hash",
                          "Parent Relationship": "Inner",
                          "Parallel Aware": true,
                          "Startup Cost": 45479.1,
                          "Total Cost": 45479.1,
                          "Plan Rows": 125974,
                          "Plan Width": 4,
                          "Actual Startup Time": 122.948,
                          "Actual Total Time": 122.951,
                          "Actual Rows": 87355,
                          "Actual Loops": 6,
                          "Hash Buckets": 524288,
                          "Original Hash Buckets": 524288,
                          "Hash Batches": 1,
                          "Original Hash Batches": 1,
                          "Peak Memory Usage": 24704,
                          "Plans": [
                            {
                              "Node Type": "Seq Scan",
                              "Parent Relationship": "Outer",
                              "Parallel Aware": true,
                              "Relation Name": "title",
                              "Alias": "t",
                              "Startup Cost": 0.0,
                              "Total Cost": 45479.1,
                              "Plan Rows": 125974,
                              "Plan Width": 4,
                              "Actual Startup Time": 53.949,
                              "Actual Total Time": 90.625,
                              "Actual Rows": 87355,
                              "Actual Loops": 6,
                              "Filter": "((production_year < 2010) AND (kind_id = 1))",
                              "Rows Removed by Filter": 334030
                            }
                          ]
                        }
                      ]
                    },
                    {
                      "Node Type": "Index Only Scan",
                      "Parent Relationship": "Inner",
                      "Parallel Aware": false,
                      "Scan Direction": "Forward",
                      "Index Name": "movie_id_cast_info",
                      "Relation Name": "cast_info",
                      "Alias": "ci",
                      "Startup Cost": 0.56,
                      "Total Cost": 1.73,
                      "Plan Rows": 37,
                      "Plan Width": 4,
                      "Actual Startup Time": 0.004,
                      "Actual Total Time": 0.025,
                      "Actual Rows": 45,
                      "Actual Loops": 910939,
                      "Index Cond": "(movie_id = mi.movie_id)",
                      "Rows Removed by Index Recheck": 0,
                      "Heap Fetches": 40828456
                    }
                  ]
                }
              ]
            }
          ]
        }
      ]
    },
    "Planning Time": 1.343,
    "Triggers": [],
    "Execution Time": 5406.965
  }
]