[
  {
    "Plan": {
      "Node Type": "Aggregate",
      "Strategy": "Plain",
      "Partial Mode": "Finalize",
      "Parallel Aware": false,
      "Startup Cost": 349002.44,
      "Total Cost": 349002.45,
      "Plan Rows": 1,
      "Plan Width": 8,
      "Actual Startup Time": 689.181,
      "Actual Total Time": 748.541,
      "Actual Rows": 1,
      "Actual Loops": 1,
      "Plans": [
        {
          "Node Type": "Gather",
          "Parent Relationship": "Outer",
          "Parallel Aware": false,
          "Startup Cost": 349001.82,
          "Total Cost": 349002.43,
          "Plan Rows": 6,
          "Plan Width": 8,
          "Actual Startup Time": 689.039,
          "Actual Total Time": 748.531,
          "Actual Rows": 7,
          "Actual Loops": 1,
          "Workers Planned": 6,
          "Workers Launched": 6,
          "Single Copy": false,
          "Plans": [
            {
              "Node Type": "Aggregate",
              "Strategy": "Plain",
              "Partial Mode": "Partial",
              "Parent Relationship": "Outer",
              "Parallel Aware": false,
              "Startup Cost": 348001.82,
              "Total Cost": 348001.83,
              "Plan Rows": 1,
              "Plan Width": 8,
              "Actual Startup Time": 678.568,
              "Actual Total Time": 678.57,
              "Actual Rows": 1,
              "Actual Loops": 7,
              "Plans": [
                {
                  "Node Type": "Seq Scan",
                  "Parent Relationship": "Outer",
                  "Parallel Aware": true,
                  "Relation Name": "cast_info",
                  "Alias": "ci",
                  "Startup Cost": 0.0,
                  "Total Cost": 343257.03,
                  "Plan Rows": 1897915,
                  "Plan Width": 0,
                  "Actual Startup Time": 355.986,
                  "Actual Total Time": 641.003,
                  "Actual Rows": 838949,
                  "Actual Loops": 7,
                  "Filter": "((person_id < 2609457) AND (role_id > 2))",
                  "Rows Removed by Filter": 4338814
                }
              ]
            }
          ]
        }
      ]
    },
    "Planning Time": 0.201,
    "Triggers": [],
    "Execution Time": 748.608
  }
]