[
  {
    "Plan": {
      "Node Type": "Aggregate",
      "Strategy": "Plain",
      "Partial Mode": "Finalize",
      "Parallel Aware": false,
      "Startup Cost": 413026.77,
      "Total Cost": 413026.78,
      "Plan Rows": 1,
      "Plan Width": 8,
      "Actual Startup Time": 999.463,
      "Actual Total Time": 1084.833,
      "Actual Rows": 1,
      "Actual Loops": 1,
      "Plans": [
        {
          "Node Type": "Gather",
          "Parent Relationship": "Outer",
          "Parallel Aware": false,
          "Startup Cost": 413026.24,
          "Total Cost": 413026.75,
          "Plan Rows": 5,
          "Plan Width": 8,
          "Actual Startup Time": 985.531,
          "Actual Total Time": 1084.82,
          "Actual Rows": 6,
          "Actual Loops": 1,
          "Workers Planned": 5,
          "Workers Launched": 5,
          "Single Copy": false,
          "Plans": [
            {
              "Node Type": "Aggregate",
              "Strategy": "Plain",
              "Partial Mode": "Partial",
              "Parent Relationship": "Outer",
              "Parallel Aware": false,
              "Startup Cost": 412026.24,
              "Total Cost": 412026.25,
              "Plan Rows": 1,
              "Plan Width": 8,
              "Actual Startup Time": 971.804,
              "Actual Total Time": 971.808,
              "Actual Rows": 1,
              "Actual Loops": 6,
              "Plans": [
                {
                  "Node Type": "Nested Loop",
                  "Parent Relationship": "Outer",
                  "Parallel Aware": false,
                  "Join Type": "Inner",
                  "Startup Cost": 59437.53,
                  "Total Cost": 409183.66,
                  "Plan Rows": 1137034,
                  "Plan Width": 0,
                  "Actual Startup Time": 285.393,
                  "Actual Total Time": 948.876,
                  "Actual Rows": 331949,
                  "Actual Loops": 6,
                  "Inner Unique": false,
                  "Plans": [
                    {
                      "Node Type": "Hash Join",
                      "Parent Relationship": "Outer",
                      "Parallel Aware": true,
                      "Join Type": "Inner",
                      "Startup Cost": 59436.97,
                      "Total Cost": 223053.29,
                      "Plan Rows": 79304,
                      "Plan Width": 8,
                      "Actual Startup Time": 285.246,
                      "Actual Total Time": 336.052,
                      "Actual Rows": 12112,
                      "Actual Loops": 6,
                      "Inner Unique": true,
                      "Hash Cond": "(mi.movie_id = t.id)",
                      "Plans": [
                        {
                          "Node Type": "Bitmap Heap Scan",
                          "Parent Relationship": "Outer",
                          "Parallel Aware": true,
                          "Relation Name": "movie_info",
                          "Alias": "mi",
                          "Startup Cost": 9699.36,
                          "Total Cost": 173033.94,
                          "Plan Rows": 107327,
                          "Plan Width": 4,
                          "Actual Startup Time": 17.2,
                          "Actual Total Time": 32.196,
                          "Actual Rows": 90561,
                          "Actual Loops": 6,
                          "Recheck Cond": "(info_type_id > 98)",
                          "Rows Removed by Index Recheck": 0,
                          "Exact Heap Blocks": 1991,
                          "Lossy Heap Blocks": 0,
                          "Plans": [
                            {
                              "Node Type": "Bitmap Index Scan",
                              "Parent Relationship": "Outer",
                              "Parallel Aware": false,
                              "Index Name": "info_type_id_movie_info",
                              "Startup Cost": 0.0,
                              "Total Cost": 9565.2,
                              "Plan Rows": 536635,
                              "Plan Width": 0,
                              "Actual Startup Time": 16.263,
                              "Actual Total Time": 16.264,
                              "Actual Rows": 543367,
                              "Actual Loops": 1,
                              "Index Cond": "(info_type_id > 98)"
                            }
                          ]
                        },
                        {
                          "Node Type": "Hash",
                          "Parent Relationship": "Inner",
                          "Parallel Aware": true,
                          "Startup Cost": 43899.32,
                          "Total Cost": 43899.32,
                          "Plan Rows": 467063,
                          "Plan Width": 4,
                          "Actual Startup Time": 261.152,
                          "Actual Total Time": 261.153,
                          "Actual Rows": 310914,
                          "Actual Loops": 6,
                          "Hash Buckets": 2097152,
                          "Original Hash Buckets": 2097152,
                          "Hash Batches": 1,
                          "Original Hash Batches": 1,
                          "Peak Memory Usage": 89440,
                          "Plans": [
                            {
                              "Node Type": "Seq Scan",
                              "Parent Relationship": "Outer",
                              "Parallel Aware": true,
                              "Relation Name": "title",
                              "Alias": "t",
                              "Startup Cost": 0.0,
                              "Total Cost": 43899.32,
                              "Plan Rows": 467063,
                              "Plan Width": 4,
                              "Actual Startup Time": 0.049,
                              "Actual Total Time": 103.465,
                              "Actual Rows": 310914,
                              "Actual Loops": 6,
                              "Filter": "(kind_id > 1)",
                              "Rows Removed by Filter": 110471
                            }
                          ]
                        }
                      ]
                    },
                    {
                      "Node Type": "Index Only Scan",
                      "Parent Relationship": "Inner",
                      "Parallel Aware": false,
                      "Scan Direction": "Forward",
                      "Index Name": "movie_id_cast_info",
                      "Relation Name": "cast_info",
                      "Alias": "ci",
                      "Startup Cost": 0.56,
                      "Total Cost": 2.0,
                      "Plan Rows": 35,
                      "Plan Width": 4,
                      "Actual Startup Time": 0.009,
                      "Actual Total Time": 0.048,
                      "Actual Rows": 27,
                      "Actual Loops": 72670,
                      "Index Cond": "(movie_id = t.id)",
                      "Rows Removed by Index Recheck": 0,
                      "Heap Fetches": 1991694
                    }
                  ]
                }
              ]
            }
          ]
        }
      ]
    },
    "Planning Time": 1.37,
    "Triggers": [],
    "Execution Time": 1084.967
  }
]