[
  {
    "Plan": {
      "Node Type": "Aggregate",
      "Strategy": "Plain",
      "Partial Mode": "Finalize",
      "Parallel Aware": false,
      "Startup Cost": 82712.29,
      "Total Cost": 82712.3,
      "Plan Rows": 1,
      "Plan Width": 8,
      "Actual Startup Time": 477.805,
      "Actual Total Time": 492.13,
      "Actual Rows": 1,
      "Actual Loops": 1,
      "Plans": [
        {
          "Node Type": "Gather",
          "Parent Relationship": "Outer",
          "Parallel Aware": false,
          "Startup Cost": 82711.97,
          "Total Cost": 82712.28,
          "Plan Rows": 3,
          "Plan Width": 8,
          "Actual Startup Time": 472.858,
          "Actual Total Time": 492.119,
          "Actual Rows": 4,
          "Actual Loops": 1,
          "Workers Planned": 3,
          "Workers Launched": 3,
          "Single Copy": false,
          "Plans": [
            {
              "Node Type": "Aggregate",
              "Strategy": "Plain",
              "Partial Mode": "Partial",
              "Parent Relationship": "Outer",
              "Parallel Aware": false,
              "Startup Cost": 81711.97,
              "Total Cost": 81711.98,
              "Plan Rows": 1,
              "Plan Width": 8,
              "Actual Startup Time": 461.064,
              "Actual Total Time": 461.067,
              "Actual Rows": 1,
              "Actual Loops": 4,
              "Plans": [
                {
                  "Node Type": "Hash Join",
                  "Parent Relationship": "Outer",
                  "Parallel Aware": true,
                  "Join Type": "Inner",
                  "Startup Cost": 49499.24,
                  "Total Cost": 80542.42,
                  "Plan Rows": 467821,
                  "Plan Width": 0,
                  "Actual Startup Time": 244.924,
                  "Actual Total Time": 445.299,
                  "Actual Rows": 409275,
                  "Actual Loops": 4,
                  "Inner Unique": true,
                  "Hash Cond": "(mc.movie_id = t.id)",
                  "Plans": [
                    {
                      "Node Type": "Seq Scan",
                      "Parent Relationship": "Outer",
                      "Parallel Aware": true,
                      "Relation Name": "movie_companies",
                      "Alias": "mc",
                      "Startup Cost": 0.0,
                      "Total Cost": 29310.68,
                      "Plan Rows": 660000,
                      "Plan Width": 4,
                      "Actual Startup Time": 0.017,
                      "Actual Total Time": 65.278,
                      "Actual Rows": 506476,
                      "Actual Loops": 4,
                      "Filter": "(company_id < 71001)",
                      "Rows Removed by Filter": 145806
                    },
                    {
                      "Node Type": "Hash",
                      "Parent Relationship": "Inner",
                      "Parallel Aware": true,
                      "Startup Cost": 43898.92,
                      "Total Cost": 43898.92,
                      "Plan Rows": 448026,
                      "Plan Width": 4,
                      "Actual Startup Time": 237.083,
                      "Actual Total Time": 237.084,
                      "Actual Rows": 448538,
                      "Actual Loops": 4,
                      "Hash Buckets": 2097152,
                      "Original Hash Buckets": 2097152,
                      "Hash Batches": 1,
                      "Original Hash Batches": 1,
                      "Peak Memory Usage": 86624,
                      "Plans": [
                        {
                          "Node Type": "Seq Scan",
                          "Parent Relationship": "Outer",
                          "Parallel Aware": true,
                          "Relation Name": "title",
                          "Alias": "t",
                          "Startup Cost": 0.0,
                          "Total Cost": 43898.92,
                          "Plan Rows": 448026,
                          "Plan Width": 4,
                          "Actual Startup Time": 0.035,
                          "Actual Total Time": 103.164,
                          "Actual Rows": 448538,
                          "Actual Loops": 4,
                          "Filter": "(production_year < 2009)",
                          "Rows Removed by Filter": 183540
                        }
                      ]
                    }
                  ]
                }
              ]
            }
          ]
        }
      ]
    },
    "Planning Time": 0.624,
    "Triggers": [],
    "Execution Time": 492.208
  }
]