[
  {
    "Plan": {
      "Node Type": "Aggregate",
      "Strategy": "Plain",
      "Partial Mode": "Finalize",
      "Parallel Aware": false,
      "Startup Cost": 81982.12,
      "Total Cost": 81982.13,
      "Plan Rows": 1,
      "Plan Width": 8,
      "Actual Startup Time": 161.678,
      "Actual Total Time": 183.216,
      "Actual Rows": 1,
      "Actual Loops": 1,
      "Plans": [
        {
          "Node Type": "Gather",
          "Parent Relationship": "Outer",
          "Parallel Aware": false,
          "Startup Cost": 81981.7,
          "Total Cost": 81982.11,
          "Plan Rows": 4,
          "Plan Width": 8,
          "Actual Startup Time": 161.533,
          "Actual Total Time": 183.209,
          "Actual Rows": 5,
          "Actual Loops": 1,
          "Workers Planned": 4,
          "Workers Launched": 4,
          "Single Copy": false,
          "Plans": [
            {
              "Node Type": "Aggregate",
              "Strategy": "Plain",
              "Partial Mode": "Partial",
              "Parent Relationship": "Outer",
              "Parallel Aware": false,
              "Startup Cost": 80981.7,
              "Total Cost": 80981.71,
              "Plan Rows": 1,
              "Plan Width": 8,
              "Actual Startup Time": 143.101,
              "Actual Total Time": 143.102,
              "Actual Rows": 1,
              "Actual Loops": 5,
              "Plans": [
                {
                  "Node Type": "Nested Loop",
                  "Parent Relationship": "Outer",
                  "Parallel Aware": false,
                  "Join Type": "Inner",
                  "Startup Cost": 0.43,
                  "Total Cost": 80977.49,
                  "Plan Rows": 1681,
                  "Plan Width": 0,
                  "Actual Startup Time": 0.806,
                  "Actual Total Time": 142.615,
                  "Actual Rows": 4118,
                  "Actual Loops": 5,
                  "Inner Unique": false,
                  "Plans": [
                    {
                      "Node Type": "Seq Scan",
                      "Parent Relationship": "Outer",
                      "Parallel Aware": true,
                      "Relation Name": "title",
                      "Alias": "t",
                      "Startup Cost": 0.0,
                      "Total Cost": 45479.1,
                      "Plan Rows": 5122,
                      "Plan Width": 4,
                      "Actual Startup Time": 0.385,
                      "Actual Total Time": 98.552,
                      "Actual Rows": 3778,
                      "Actual Loops": 5,
                      "Filter": "((kind_id < 7) AND (production_year = 2001))",
                      "Rows Removed by Filter": 501884
                    },
                    {
                      "Node Type": "Index Scan",
                      "Parent Relationship": "Inner",
                      "Parallel Aware": false,
                      "Scan Direction": "Forward",
                      "Index Name": "movie_id_movie_keyword",
                      "Relation Name": "movie_keyword",
                      "Alias": "mk",
                      "Startup Cost": 0.43,
                      "Total Cost": 6.85,
                      "Plan Rows": 8,
                      "Plan Width": 4,
                      "Actual Startup Time": 0.01,
                      "Actual Total Time": 0.011,
                      "Actual Rows": 1,
                      "Actual Loops": 18892,
                      "Index Cond": "(movie_id = t.id)",
                      "Rows Removed by Index Recheck": 0,
                      "Filter": "(keyword_id < 803)",
                      "Rows Removed by Filter": 4
                    }
                  ]
                }
              ]
            }
          ]
        }
      ]
    },
    "Planning Time": 0.691,
    "Triggers": [],
    "Execution Time": 183.294
  }
]