[
  {
    "Plan": {
      "Node Type": "Aggregate",
      "Strategy": "Plain",
      "Partial Mode": "Finalize",
      "Parallel Aware": false,
      "Startup Cost": 237270.1,
      "Total Cost": 237270.11,
      "Plan Rows": 1,
      "Plan Width": 8,
      "Actual Startup Time": 408.268,
      "Actual Total Time": 425.779,
      "Actual Rows": 1,
      "Actual Loops": 1,
      "Plans": [
        {
          "Node Type": "Gather",
          "Parent Relationship": "Outer",
          "Parallel Aware": false,
          "Startup Cost": 237269.58,
          "Total Cost": 237270.09,
          "Plan Rows": 5,
          "Plan Width": 8,
          "Actual Startup Time": 400.645,
          "Actual Total Time": 425.769,
          "Actual Rows": 6,
          "Actual Loops": 1,
          "Workers Planned": 5,
          "Workers Launched": 5,
          "Single Copy": false,
          "Plans": [
            {
              "Node Type": "Aggregate",
              "Strategy": "Plain",
              "Partial Mode": "Partial",
              "Parent Relationship": "Outer",
              "Parallel Aware": false,
              "Startup Cost": 236269.58,
              "Total Cost": 236269.59,
              "Plan Rows": 1,
              "Plan Width": 8,
              "Actual Startup Time": 389.87,
              "Actual Total Time": 390.014,
              "Actual Rows": 1,
              "Actual Loops": 6,
              "Plans": [
                {
                  "Node Type": "Hash Join",
                  "Parent Relationship": "Outer",
                  "Parallel Aware": true,
                  "Join Type": "Inner",
                  "Startup Cost": 70408.92,
                  "Total Cost": 236024.28,
                  "Plan Rows": 98119,
                  "Plan Width": 0,
                  "Actual Startup Time": 281.235,
                  "Actual Total Time": 389.094,
                  "Actual Rows": 16954,
                  "Actual Loops": 6,
                  "Inner Unique": true,
                  "Hash Cond": "(mi.movie_id = t.id)",
                  "Plans": [
                    {
                      "Node Type": "Bitmap Heap Scan",
                      "Parent Relationship": "Outer",
                      "Parallel Aware": true,
                      "Relation Name": "movie_info",
                      "Alias": "mi",
                      "Startup Cost": 21692.88,
                      "Total Cost": 186679.57,
                      "Plan Rows": 239495,
                      "Plan Width": 4,
                      "Actual Startup Time": 53.602,
                      "Actual Total Time": 127.649,
                      "Actual Rows": 192385,
                      "Actual Loops": 6,
                      "Recheck Cond": "(info_type_id > 50)",
                      "Rows Removed by Index Recheck": 0,
                      "Exact Heap Blocks": 7771,
                      "Lossy Heap Blocks": 0,
                      "Plans": [
                        {
                          "Node Type": "Bitmap Index Scan",
                          "Parent Relationship": "Outer",
                          "Parallel Aware": false,
                          "Index Name": "info_type_id_movie_info",
                          "Startup Cost": 0.0,
                          "Total Cost": 21393.51,
                          "Plan Rows": 1197477,
                          "Plan Width": 0,
                          "Actual Startup Time": 47.809,
                          "Actual Total Time": 47.81,
                          "Actual Rows": 1154311,
                          "Actual Loops": 1,
                          "Index Cond": "(info_type_id > 50)"
                        }
                      ]
                    },
                    {
                      "Node Type": "Hash",
                      "Parent Relationship": "Inner",
                      "Parallel Aware": true,
                      "Startup Cost": 45479.1,
                      "Total Cost": 45479.1,
                      "Plan Rows": 258955,
                      "Plan Width": 4,
                      "Actual Startup Time": 205.152,
                      "Actual Total Time": 205.153,
                      "Actual Rows": 189038,
                      "Actual Loops": 6,
                      "Hash Buckets": 2097152,
                      "Original Hash Buckets": 1048576,
                      "Hash Batches": 1,
                      "Original Hash Batches": 1,
                      "Peak Memory Usage": 69024,
                      "Plans": [
                        {
                          "Node Type": "Seq Scan",
                          "Parent Relationship": "Outer",
                          "Parallel Aware": true,
                          "Relation Name": "title",
                          "Alias": "t",
                          "Startup Cost": 0.0,
                          "Total Cost": 45479.1,
                          "Plan Rows": 258955,
                          "Plan Width": 4,
                          "Actual Startup Time": 0.044,
                          "Actual Total Time": 88.779,
                          "Actual Rows": 189038,
                          "Actual Loops": 6,
                          "Filter": "((production_year > 1992) AND (kind_id = 7))",
                          "Rows Removed by Filter": 232347
                        }
                      ]
                    }
                  ]
                }
              ]
            }
          ]
        }
      ]
    },
    "Planning Time": 0.582,
    "Triggers": [],
    "Execution Time": 425.867
  }
]