[
    {
        "Bao": {
            "Bao prediction": "NaN",
            "Bao recommended hint": "(no hint)"
        }
    },
    {
        "Plan": {
            "Node Type": "Aggregate",
            "Strategy": "Plain",
            "Partial Mode": "Finalize",
            "Parallel Aware": false,
            "Startup Cost": 348200.11,
            "Total Cost": 348200.12,
            "Plan Rows": 1,
            "Plan Width": 8,
            "Actual Startup Time": 580.686,
            "Actual Total Time": 601.864,
            "Actual Rows": 1,
            "Actual Loops": 1,
            "Output": [
                "count(*)"
            ],
            "Plans": [
                {
                    "Node Type": "Gather",
                    "Parent Relationship": "Outer",
                    "Parallel Aware": false,
                    "Startup Cost": 348199.48,
                    "Total Cost": 348200.09,
                    "Plan Rows": 6,
                    "Plan Width": 8,
                    "Actual Startup Time": 580.507,
                    "Actual Total Time": 601.856,
                    "Actual Rows": 7,
                    "Actual Loops": 1,
                    "Output": [
                        "(PARTIAL count(*))"
                    ],
                    "Workers Planned": 6,
                    "Workers Launched": 6,
                    "Single Copy": false,
                    "Plans": [
                        {
                            "Node Type": "Aggregate",
                            "Strategy": "Plain",
                            "Partial Mode": "Partial",
                            "Parent Relationship": "Outer",
                            "Parallel Aware": false,
                            "Startup Cost": 347199.48,
                            "Total Cost": 347199.49,
                            "Plan Rows": 1,
                            "Plan Width": 8,
                            "Actual Startup Time": 570.342,
                            "Actual Total Time": 570.344,
                            "Actual Rows": 1,
                            "Actual Loops": 7,
                            "Output": [
                                "PARTIAL count(*)"
                            ],
                            "Workers": [
                                {
                                    "Worker Number": 0,
                                    "Actual Startup Time": 568.046,
                                    "Actual Total Time": 568.047,
                                    "Actual Rows": 1,
                                    "Actual Loops": 1
                                },
                                {
                                    "Worker Number": 1,
                                    "Actual Startup Time": 568.529,
                                    "Actual Total Time": 568.53,
                                    "Actual Rows": 1,
                                    "Actual Loops": 1
                                },
                                {
                                    "Worker Number": 2,
                                    "Actual Startup Time": 568.686,
                                    "Actual Total Time": 568.688,
                                    "Actual Rows": 1,
                                    "Actual Loops": 1
                                },
                                {
                                    "Worker Number": 3,
                                    "Actual Startup Time": 568.732,
                                    "Actual Total Time": 568.734,
                                    "Actual Rows": 1,
                                    "Actual Loops": 1
                                },
                                {
                                    "Worker Number": 4,
                                    "Actual Startup Time": 569.177,
                                    "Actual Total Time": 569.178,
                                    "Actual Rows": 1,
                                    "Actual Loops": 1
                                },
                                {
                                    "Worker Number": 5,
                                    "Actual Startup Time": 569.032,
                                    "Actual Total Time": 569.034,
                                    "Actual Rows": 1,
                                    "Actual Loops": 1
                                }
                            ],
                            "Plans": [
                                {
                                    "Node Type": "Index Scan",
                                    "Parent Relationship": "Outer",
                                    "Parallel Aware": true,
                                    "Scan Direction": "Forward",
                                    "Index Name": "role_id_cast_info",
                                    "Relation Name": "cast_info",
                                    "Schema": "public",
                                    "Alias": "ci",
                                    "Startup Cost": 0.56,
                                    "Total Cost": 342814.42,
                                    "Plan Rows": 1754023,
                                    "Plan Width": 0,
                                    "Actual Startup Time": 0.127,
                                    "Actual Total Time": 467.726,
                                    "Actual Rows": 1810098,
                                    "Actual Loops": 7,
                                    "Output": [
                                        "id",
                                        "person_id",
                                        "movie_id",
                                        "person_role_id",
                                        "note",
                                        "nr_order",
                                        "role_id"
                                    ],
                                    "Index Cond": "(ci.role_id < 2)",
                                    "Rows Removed by Index Recheck": 0,
                                    "Filter": "(ci.person_id < 3020697)",
                                    "Rows Removed by Filter": 0,
                                    "Workers": [
                                        {
                                            "Worker Number": 0,
                                            "Actual Startup Time": 0.146,
                                            "Actual Total Time": 463.589,
                                            "Actual Rows": 1479244,
                                            "Actual Loops": 1
                                        },
                                        {
                                            "Worker Number": 1,
                                            "Actual Startup Time": 0.167,
                                            "Actual Total Time": 463.243,
                                            "Actual Rows": 1494480,
                                            "Actual Loops": 1
                                        },
                                        {
                                            "Worker Number": 2,
                                            "Actual Startup Time": 0.153,
                                            "Actual Total Time": 463.757,
                                            "Actual Rows": 1487462,
                                            "Actual Loops": 1
                                        },
                                        {
                                            "Worker Number": 3,
                                            "Actual Startup Time": 0.13,
                                            "Actual Total Time": 464.522,
                                            "Actual Rows": 1478101,
                                            "Actual Loops": 1
                                        },
                                        {
                                            "Worker Number": 4,
                                            "Actual Startup Time": 0.146,
                                            "Actual Total Time": 472.699,
                                            "Actual Rows": 2148900,
                                            "Actual Loops": 1
                                        },
                                        {
                                            "Worker Number": 5,
                                            "Actual Startup Time": 0.121,
                                            "Actual Total Time": 472.741,
                                            "Actual Rows": 2101320,
                                            "Actual Loops": 1
                                        }
                                    ]
                                }
                            ]
                        }
                    ]
                }
            ]
        },
        "Planning Time": 197.794,
        "Triggers": [],
        "Execution Time": 601.921
    }
]