[
  {
    "Plan": {
      "Node Type": "Aggregate",
      "Strategy": "Plain",
      "Partial Mode": "Finalize",
      "Parallel Aware": false,
      "Startup Cost": 196758.01,
      "Total Cost": 196758.02,
      "Plan Rows": 1,
      "Plan Width": 8,
      "Actual Startup Time": 554.092,
      "Actual Total Time": 591.892,
      "Actual Rows": 1,
      "Actual Loops": 1,
      "Plans": [
        {
          "Node Type": "Gather",
          "Parent Relationship": "Outer",
          "Parallel Aware": false,
          "Startup Cost": 196757.69,
          "Total Cost": 196758.0,
          "Plan Rows": 3,
          "Plan Width": 8,
          "Actual Startup Time": 553.317,
          "Actual Total Time": 591.883,
          "Actual Rows": 4,
          "Actual Loops": 1,
          "Workers Planned": 3,
          "Workers Launched": 3,
          "Single Copy": false,
          "Plans": [
            {
              "Node Type": "Aggregate",
              "Strategy": "Plain",
              "Partial Mode": "Partial",
              "Parent Relationship": "Outer",
              "Parallel Aware": false,
              "Startup Cost": 195757.69,
              "Total Cost": 195757.7,
              "Plan Rows": 1,
              "Plan Width": 8,
              "Actual Startup Time": 544.378,
              "Actual Total Time": 544.382,
              "Actual Rows": 1,
              "Actual Loops": 4,
              "Plans": [
                {
                  "Node Type": "Nested Loop",
                  "Parent Relationship": "Outer",
                  "Parallel Aware": false,
                  "Join Type": "Inner",
                  "Startup Cost": 44403.16,
                  "Total Cost": 195534.29,
                  "Plan Rows": 89360,
                  "Plan Width": 0,
                  "Actual Startup Time": 107.222,
                  "Actual Total Time": 540.357,
                  "Actual Rows": 75936,
                  "Actual Loops": 4,
                  "Inner Unique": false,
                  "Join Filter": "(t.id = mi.movie_id)",
                  "Rows Removed by Join Filter": 0,
                  "Plans": [
                    {
                      "Node Type": "Hash Join",
                      "Parent Relationship": "Outer",
                      "Parallel Aware": true,
                      "Join Type": "Inner",
                      "Startup Cost": 44402.73,
                      "Total Cost": 89687.66,
                      "Plan Rows": 62899,
                      "Plan Width": 8,
                      "Actual Startup Time": 107.108,
                      "Actual Total Time": 267.246,
                      "Actual Rows": 23788,
                      "Actual Loops": 4,
                      "Inner Unique": true,
                      "Hash Cond": "(mk.movie_id = t.id)",
                      "Plans": [
                        {
                          "Node Type": "Seq Scan",
                          "Parent Relationship": "Outer",
                          "Parallel Aware": true,
                          "Relation Name": "movie_keyword",
                          "Alias": "mk",
                          "Startup Cost": 0.0,
                          "Total Cost": 42695.65,
                          "Plan Rows": 986393,
                          "Plan Width": 4,
                          "Actual Startup Time": 0.025,
                          "Actual Total Time": 99.938,
                          "Actual Rows": 762324,
                          "Actual Loops": 4,
                          "Filter": "(keyword_id < 11172)",
                          "Rows Removed by Filter": 368658
                        },
                        {
                          "Node Type": "Hash",
                          "Parent Relationship": "Inner",
                          "Parallel Aware": true,
                          "Startup Cost": 43898.92,
                          "Total Cost": 43898.92,
                          "Plan Rows": 40305,
                          "Plan Width": 4,
                          "Actual Startup Time": 104.7,
                          "Actual Total Time": 104.701,
                          "Actual Rows": 40004,
                          "Actual Loops": 4,
                          "Hash Buckets": 262144,
                          "Original Hash Buckets": 262144,
                          "Hash Batches": 1,
                          "Original Hash Batches": 1,
                          "Peak Memory Usage": 8384,
                          "Plans": [
                            {
                              "Node Type": "Seq Scan",
                              "Parent Relationship": "Outer",
                              "Parallel Aware": true,
                              "Relation Name": "title",
                              "Alias": "t",
                              "Startup Cost": 0.0,
                              "Total Cost": 43898.92,
                              "Plan Rows": 40305,
                              "Plan Width": 4,
                              "Actual Startup Time": 0.039,
                              "Actual Total Time": 90.806,
                              "Actual Rows": 40004,
                              "Actual Loops": 4,
                              "Filter": "(production_year = 2011)",
                              "Rows Removed by Filter": 592074
                            }
                          ]
                        }
                      ]
                    },
                    {
                      "Node Type": "Index Scan",
                      "Parent Relationship": "Inner",
                      "Parallel Aware": false,
                      "Scan Direction": "Forward",
                      "Index Name": "movie_id_movie_info",
                      "Relation Name": "movie_info",
                      "Alias": "mi",
                      "Startup Cost": 0.43,
                      "Total Cost": 1.56,
                      "Plan Rows": 10,
                      "Plan Width": 4,
                      "Actual Startup Time": 0.004,
                      "Actual Total Time": 0.011,
                      "Actual Rows": 3,
                      "Actual Loops": 95153,
                      "Index Cond": "(movie_id = mk.movie_id)",
                      "Rows Removed by Index Recheck": 0,
                      "Filter": "(info_type_id < 4)",
                      "Rows Removed by Filter": 40
                    }
                  ]
                }
              ]
            }
          ]
        }
      ]
    },
    "Planning Time": 1.327,
    "Triggers": [],
    "Execution Time": 591.984
  }
]