[
  {
    "Plan": {
      "Node Type": "Aggregate",
      "Strategy": "Plain",
      "Partial Mode": "Finalize",
      "Parallel Aware": false,
      "Startup Cost": 46351.33,
      "Total Cost": 46351.34,
      "Plan Rows": 1,
      "Plan Width": 8,
      "Actual Startup Time": 158.15,
      "Actual Total Time": 167.573,
      "Actual Rows": 1,
      "Actual Loops": 1,
      "Plans": [
        {
          "Node Type": "Gather",
          "Parent Relationship": "Outer",
          "Parallel Aware": false,
          "Startup Cost": 46351.02,
          "Total Cost": 46351.33,
          "Plan Rows": 3,
          "Plan Width": 8,
          "Actual Startup Time": 157.956,
          "Actual Total Time": 167.564,
          "Actual Rows": 4,
          "Actual Loops": 1,
          "Workers Planned": 3,
          "Workers Launched": 3,
          "Single Copy": false,
          "Plans": [
            {
              "Node Type": "Aggregate",
              "Strategy": "Plain",
              "Partial Mode": "Partial",
              "Parent Relationship": "Outer",
              "Parallel Aware": false,
              "Startup Cost": 45351.02,
              "Total Cost": 45351.03,
              "Plan Rows": 1,
              "Plan Width": 8,
              "Actual Startup Time": 152.415,
              "Actual Total Time": 152.416,
              "Actual Rows": 1,
              "Actual Loops": 4,
              "Plans": [
                {
                  "Node Type": "Seq Scan",
                  "Parent Relationship": "Outer",
                  "Parallel Aware": true,
                  "Relation Name": "movie_keyword",
                  "Alias": "mk",
                  "Startup Cost": 0.0,
                  "Total Cost": 42695.65,
                  "Plan Rows": 1062145,
                  "Plan Width": 0,
                  "Actual Startup Time": 0.051,
                  "Actual Total Time": 117.5,
                  "Actual Rows": 821570,
                  "Actual Loops": 4,
                  "Filter": "(keyword_id < 14625)",
                  "Rows Removed by Filter": 309412
                }
              ]
            }
          ]
        }
      ]
    },
    "Planning Time": 0.151,
    "Triggers": [],
    "Execution Time": 167.62
  }
]