[
  {
    "Plan": {
      "Node Type": "Aggregate",
      "Strategy": "Plain",
      "Partial Mode": "Finalize",
      "Parallel Aware": false,
      "Startup Cost": 78747.19,
      "Total Cost": 78747.2,
      "Plan Rows": 1,
      "Plan Width": 8,
      "Actual Startup Time": 182.921,
      "Actual Total Time": 199.833,
      "Actual Rows": 1,
      "Actual Loops": 1,
      "Plans": [
        {
          "Node Type": "Gather",
          "Parent Relationship": "Outer",
          "Parallel Aware": false,
          "Startup Cost": 78746.77,
          "Total Cost": 78747.18,
          "Plan Rows": 4,
          "Plan Width": 8,
          "Actual Startup Time": 182.052,
          "Actual Total Time": 199.822,
          "Actual Rows": 5,
          "Actual Loops": 1,
          "Workers Planned": 4,
          "Workers Launched": 4,
          "Single Copy": false,
          "Plans": [
            {
              "Node Type": "Aggregate",
              "Strategy": "Plain",
              "Partial Mode": "Partial",
              "Parent Relationship": "Outer",
              "Parallel Aware": false,
              "Startup Cost": 77746.77,
              "Total Cost": 77746.78,
              "Plan Rows": 1,
              "Plan Width": 8,
              "Actual Startup Time": 171.708,
              "Actual Total Time": 171.712,
              "Actual Rows": 1,
              "Actual Loops": 5,
              "Plans": [
                {
                  "Node Type": "Nested Loop",
                  "Parent Relationship": "Outer",
                  "Parallel Aware": false,
                  "Join Type": "Inner",
                  "Startup Cost": 20718.77,
                  "Total Cost": 77724.89,
                  "Plan Rows": 8752,
                  "Plan Width": 0,
                  "Actual Startup Time": 33.429,
                  "Actual Total Time": 170.71,
                  "Actual Rows": 17662,
                  "Actual Loops": 5,
                  "Inner Unique": false,
                  "Plans": [
                    {
                      "Node Type": "Hash Join",
                      "Parent Relationship": "Outer",
                      "Parallel Aware": true,
                      "Join Type": "Inner",
                      "Startup Cost": 20718.33,
                      "Total Cost": 65877.01,
                      "Plan Rows": 6347,
                      "Plan Width": 8,
                      "Actual Startup Time": 32.647,
                      "Actual Total Time": 145.93,
                      "Actual Rows": 1755,
                      "Actual Loops": 5,
                      "Inner Unique": false,
                      "Hash Cond": "(t.id = mc.movie_id)",
                      "Plans": [
                        {
                          "Node Type": "Seq Scan",
                          "Parent Relationship": "Outer",
                          "Parallel Aware": true,
                          "Relation Name": "title",
                          "Alias": "t",
                          "Startup Cost": 0.0,
                          "Total Cost": 43898.92,
                          "Plan Rows": 247857,
                          "Plan Width": 4,
                          "Actual Startup Time": 0.022,
                          "Actual Total Time": 80.607,
                          "Actual Rows": 197010,
                          "Actual Loops": 5,
                          "Filter": "(kind_id < 7)",
                          "Rows Removed by Filter": 308653
                        },
                        {
                          "Node Type": "Hash",
                          "Parent Relationship": "Inner",
                          "Parallel Aware": true,
                          "Startup Cost": 20457.27,
                          "Total Cost": 20457.27,
                          "Plan Rows": 20885,
                          "Plan Width": 4,
                          "Actual Startup Time": 31.005,
                          "Actual Total Time": 31.007,
                          "Actual Rows": 13357,
                          "Actual Loops": 5,
                          "Hash Buckets": 65536,
                          "Original Hash Buckets": 65536,
                          "Hash Batches": 1,
                          "Original Hash Batches": 1,
                          "Peak Memory Usage": 3200,
                          "Plans": [
                            {
                              "Node Type": "Bitmap Heap Scan",
                              "Parent Relationship": "Outer",
                              "Parallel Aware": true,
                              "Relation Name": "movie_companies",
                              "Alias": "mc",
                              "Startup Cost": 1406.2,
                              "Total Cost": 20457.27,
                              "Plan Rows": 20885,
                              "Plan Width": 4,
                              "Actual Startup Time": 5.123,
                              "Actual Total Time": 23.476,
                              "Actual Rows": 13357,
                              "Actual Loops": 5,
                              "Recheck Cond": "(company_id < 7)",
                              "Rows Removed by Index Recheck": 0,
                              "Exact Heap Blocks": 3569,
                              "Lossy Heap Blocks": 0,
                              "Plans": [
                                {
                                  "Node Type": "Bitmap Index Scan",
                                  "Parent Relationship": "Outer",
                                  "Parallel Aware": false,
                                  "Index Name": "company_id_movie_companies",
                                  "Startup Cost": 0.0,
                                  "Total Cost": 1390.02,
                                  "Plan Rows": 64745,
                                  "Plan Width": 0,
                                  "Actual Startup Time": 8.97,
                                  "Actual Total Time": 8.97,
                                  "Actual Rows": 66787,
                                  "Actual Loops": 1,
                                  "Index Cond": "(company_id < 7)"
                                }
                              ]
                            }
                          ]
                        }
                      ]
                    },
                    {
                      "Node Type": "Index Scan",
                      "Parent Relationship": "Inner",
                      "Parallel Aware": false,
                      "Scan Direction": "Forward",
                      "Index Name": "movie_id_movie_keyword",
                      "Relation Name": "movie_keyword",
                      "Alias": "mk",
                      "Startup Cost": 0.43,
                      "Total Cost": 1.52,
                      "Plan Rows": 35,
                      "Plan Width": 4,
                      "Actual Startup Time": 0.011,
                      "Actual Total Time": 0.013,
                      "Actual Rows": 10,
                      "Actual Loops": 8773,
                      "Index Cond": "(movie_id = t.id)",
                      "Rows Removed by Index Recheck": 0,
                      "Filter": "(keyword_id > 1036)",
                      "Rows Removed by Filter": 3
                    }
                  ]
                }
              ]
            }
          ]
        }
      ]
    },
    "Planning Time": 1.479,
    "Triggers": [],
    "Execution Time": 199.954
  }
]