[
  {
    "Plan": {
      "Node Type": "Aggregate",
      "Strategy": "Plain",
      "Partial Mode": "Simple",
      "Parallel Aware": false,
      "Startup Cost": 1943.11,
      "Total Cost": 1943.12,
      "Plan Rows": 1,
      "Plan Width": 8,
      "Actual Startup Time": 20.079,
      "Actual Total Time": 20.082,
      "Actual Rows": 1,
      "Actual Loops": 1,
      "Plans": [
        {
          "Node Type": "Nested Loop",
          "Parent Relationship": "Outer",
          "Parallel Aware": false,
          "Join Type": "Inner",
          "Startup Cost": 1.43,
          "Total Cost": 1942.84,
          "Plan Rows": 109,
          "Plan Width": 0,
          "Actual Startup Time": 16.148,
          "Actual Total Time": 20.007,
          "Actual Rows": 292,
          "Actual Loops": 1,
          "Inner Unique": false,
          "Plans": [
            {
              "Node Type": "Nested Loop",
              "Parent Relationship": "Outer",
              "Parallel Aware": false,
              "Join Type": "Inner",
              "Startup Cost": 0.99,
              "Total Cost": 1832.07,
              "Plan Rows": 61,
              "Plan Width": 8,
              "Actual Startup Time": 16.125,
              "Actual Total Time": 18.187,
              "Actual Rows": 197,
              "Actual Loops": 1,
              "Inner Unique": true,
              "Plans": [
                {
                  "Node Type": "Index Scan",
                  "Parent Relationship": "Outer",
                  "Parallel Aware": false,
                  "Scan Direction": "Forward",
                  "Index Name": "person_id_cast_info",
                  "Relation Name": "cast_info",
                  "Alias": "ci",
                  "Startup Cost": 0.56,
                  "Total Cost": 987.07,
                  "Plan Rows": 100,
                  "Plan Width": 4,
                  "Actual Startup Time": 15.549,
                  "Actual Total Time": 15.733,
                  "Actual Rows": 237,
                  "Actual Loops": 1,
                  "Index Cond": "(person_id = 2233739)",
                  "Rows Removed by Index Recheck": 0,
                  "Filter": "(role_id = 2)",
                  "Rows Removed by Filter": 0
                },
                {
                  "Node Type": "Index Scan",
                  "Parent Relationship": "Inner",
                  "Parallel Aware": false,
                  "Scan Direction": "Forward",
                  "Index Name": "title_pkey",
                  "Relation Name": "title",
                  "Alias": "t",
                  "Startup Cost": 0.43,
                  "Total Cost": 8.45,
                  "Plan Rows": 1,
                  "Plan Width": 4,
                  "Actual Startup Time": 0.009,
                  "Actual Total Time": 0.009,
                  "Actual Rows": 1,
                  "Actual Loops": 237,
                  "Index Cond": "(id = ci.movie_id)",
                  "Rows Removed by Index Recheck": 0,
                  "Filter": "(kind_id = 7)",
                  "Rows Removed by Filter": 0
                }
              ]
            },
            {
              "Node Type": "Index Only Scan",
              "Parent Relationship": "Inner",
              "Parallel Aware": false,
              "Scan Direction": "Forward",
              "Index Name": "movie_id_movie_keyword",
              "Relation Name": "movie_keyword",
              "Alias": "mk",
              "Startup Cost": 0.43,
              "Total Cost": 1.36,
              "Plan Rows": 46,
              "Plan Width": 4,
              "Actual Startup Time": 0.007,
              "Actual Total Time": 0.008,
              "Actual Rows": 1,
              "Actual Loops": 197,
              "Index Cond": "(movie_id = t.id)",
              "Rows Removed by Index Recheck": 0,
              "Heap Fetches": 292
            }
          ]
        }
      ]
    },
    "Planning Time": 1.362,
    "Triggers": [],
    "Execution Time": 20.16
  }
]