{
  "Plan": {
    "Node Type": "Aggregate",
    "Strategy": "Plain",
    "Partial Mode": "Finalize",
    "Parallel Aware": false,
    "Startup Cost": 109146.69,
    "Total Cost": 109146.7,
    "Plan Rows": 1,
    "Plan Width": 8,
    "Actual Startup Time": 358.188,
    "Actual Total Time": 386.67,
    "Actual Rows": 1,
    "Actual Loops": 1,
    "Plans": [
      {
        "Node Type": "Gather",
        "Parent Relationship": "Outer",
        "Parallel Aware": false,
        "Startup Cost": 109146.57,
        "Total Cost": 109146.68,
        "Plan Rows": 1,
        "Plan Width": 8,
        "Actual Startup Time": 357.974,
        "Actual Total Time": 386.663,
        "Actual Rows": 2,
        "Actual Loops": 1,
        "Workers Planned": 1,
        "Workers Launched": 1,
        "Single Copy": false,
        "Plans": [
          {
            "Node Type": "Aggregate",
            "Strategy": "Plain",
            "Partial Mode": "Partial",
            "Parent Relationship": "Outer",
            "Parallel Aware": false,
            "Startup Cost": 108146.57,
            "Total Cost": 108146.58,
            "Plan Rows": 1,
            "Plan Width": 8,
            "Actual Startup Time": 352.047,
            "Actual Total Time": 352.051,
            "Actual Rows": 1,
            "Actual Loops": 2,
            "Plans": [
              {
                "Node Type": "Nested Loop",
                "Parent Relationship": "Outer",
                "Parallel Aware": false,
                "Join Type": "Inner",
                "Startup Cost": 58370.86,
                "Total Cost": 108098.76,
                "Plan Rows": 19126,
                "Plan Width": 0,
                "Actual Startup Time": 213.865,
                "Actual Total Time": 351.26,
                "Actual Rows": 11194,
                "Actual Loops": 2,
                "Inner Unique": false,
                "Join Filter": "(t.id = ci.movie_id)",
                "Rows Removed by Join Filter": 0,
                "Plans": [
                  {
                    "Node Type": "Hash Join",
                    "Parent Relationship": "Outer",
                    "Parallel Aware": true,
                    "Join Type": "Inner",
                    "Startup Cost": 58370.29,
                    "Total Cost": 101738.63,
                    "Plan Rows": 2036,
                    "Plan Width": 8,
                    "Actual Startup Time": 213.407,
                    "Actual Total Time": 310.979,
                    "Actual Rows": 1139,
                    "Actual Loops": 2,
                    "Inner Unique": true,
                    "Hash Cond": "(mc.movie_id = t.id)",
                    "Plans": [
                      {
                        "Node Type": "Seq Scan",
                        "Parent Relationship": "Outer",
                        "Parallel Aware": true,
                        "Relation Name": "movie_companies",
                        "Alias": "mc",
                        "Startup Cost": 0.0,
                        "Total Cost": 41811.73,
                        "Plan Rows": 592994,
                        "Plan Width": 4,
                        "Actual Startup Time": 57.143,
                        "Actual Total Time": 124.948,
                        "Actual Rows": 357030,
                        "Actual Loops": 2,
                        "Filter": "((company_id < 58197) AND (company_type_id > 1))",
                        "Rows Removed by Filter": 947534
                      },
                      {
                        "Node Type": "Hash",
                        "Parent Relationship": "Inner",
                        "Parallel Aware": true,
                        "Startup Cost": 58306.47,
                        "Total Cost": 58306.47,
                        "Plan Rows": 5106,
                        "Plan Width": 4,
                        "Actual Startup Time": 154.903,
                        "Actual Total Time": 154.904,
                        "Actual Rows": 4246,
                        "Actual Loops": 2,
                        "Hash Buckets": 16384,
                        "Original Hash Buckets": 16384,
                        "Hash Batches": 1,
                        "Original Hash Batches": 1,
                        "Peak Memory Usage": 480,
                        "Plans": [
                          {
                            "Node Type": "Seq Scan",
                            "Parent Relationship": "Outer",
                            "Parallel Aware": true,
                            "Relation Name": "title",
                            "Alias": "t",
                            "Startup Cost": 0.0,
                            "Total Cost": 58306.47,
                            "Plan Rows": 5106,
                            "Plan Width": 4,
                            "Actual Startup Time": 0.187,
                            "Actual Total Time": 153.022,
                            "Actual Rows": 4246,
                            "Actual Loops": 2,
                            "Filter": "((kind_id > 4) AND (production_year = 1969))",
                            "Rows Removed by Filter": 1259910
                          }
                        ]
                      }
                    ]
                  },
                  {
                    "Node Type": "Index Scan",
                    "Parent Relationship": "Inner",
                    "Parallel Aware": false,
                    "Scan Direction": "Forward",
                    "Index Name": "movie_id_cast_info",
                    "Relation Name": "cast_info",
                    "Alias": "ci",
                    "Startup Cost": 0.56,
                    "Total Cost": 2.82,
                    "Plan Rows": 24,
                    "Plan Width": 4,
                    "Actual Startup Time": 0.021,
                    "Actual Total Time": 0.034,
                    "Actual Rows": 10,
                    "Actual Loops": 2278,
                    "Index Cond": "(movie_id = mc.movie_id)",
                    "Rows Removed by Index Recheck": 0,
                    "Filter": "(role_id > 1)",
                    "Rows Removed by Filter": 7
                  }
                ]
              }
            ]
          }
        ]
      }
    ]
  },
  "Planning Time": 1.038,
  "Triggers": [],
  "Execution Time": 386.759
}