{
  "Plan": {
    "Node Type": "Aggregate",
    "Strategy": "Plain",
    "Partial Mode": "Finalize",
    "Parallel Aware": false,
    "Startup Cost": 403229.73,
    "Total Cost": 403229.74,
    "Plan Rows": 1,
    "Plan Width": 8,
    "Actual Startup Time": 536.571,
    "Actual Total Time": 554.427,
    "Actual Rows": 1,
    "Actual Loops": 1,
    "Plans": [
      {
        "Node Type": "Gather",
        "Parent Relationship": "Outer",
        "Parallel Aware": false,
        "Startup Cost": 403229.61,
        "Total Cost": 403229.72,
        "Plan Rows": 1,
        "Plan Width": 8,
        "Actual Startup Time": 536.115,
        "Actual Total Time": 554.419,
        "Actual Rows": 2,
        "Actual Loops": 1,
        "Workers Planned": 1,
        "Workers Launched": 1,
        "Single Copy": false,
        "Plans": [
          {
            "Node Type": "Aggregate",
            "Strategy": "Plain",
            "Partial Mode": "Partial",
            "Parent Relationship": "Outer",
            "Parallel Aware": false,
            "Startup Cost": 402229.61,
            "Total Cost": 402229.62,
            "Plan Rows": 1,
            "Plan Width": 8,
            "Actual Startup Time": 529.76,
            "Actual Total Time": 529.772,
            "Actual Rows": 1,
            "Actual Loops": 2,
            "Plans": [
              {
                "Node Type": "Hash Join",
                "Parent Relationship": "Outer",
                "Parallel Aware": true,
                "Join Type": "Inner",
                "Startup Cost": 128791.67,
                "Total Cost": 402215.91,
                "Plan Rows": 5481,
                "Plan Width": 0,
                "Actual Startup Time": 328.568,
                "Actual Total Time": 529.583,
                "Actual Rows": 3155,
                "Actual Loops": 2,
                "Inner Unique": false,
                "Hash Cond": "(ci.movie_id = t.id)",
                "Plans": [
                  {
                    "Node Type": "Bitmap Heap Scan",
                    "Parent Relationship": "Outer",
                    "Parallel Aware": true,
                    "Relation Name": "cast_info",
                    "Alias": "ci",
                    "Startup Cost": 47366.77,
                    "Total Cost": 319117.54,
                    "Plan Rows": 437662,
                    "Plan Width": 4,
                    "Actual Startup Time": 86.722,
                    "Actual Total Time": 235.785,
                    "Actual Rows": 769008,
                    "Actual Loops": 2,
                    "Recheck Cond": "(person_id < 211197)",
                    "Rows Removed by Index Recheck": 0,
                    "Filter": "(role_id < 2)",
                    "Rows Removed by Filter": 306496,
                    "Exact Heap Blocks": 12085,
                    "Lossy Heap Blocks": 0,
                    "Plans": [
                      {
                        "Node Type": "Bitmap Index Scan",
                        "Parent Relationship": "Outer",
                        "Parallel Aware": false,
                        "Index Name": "person_id_cast_info",
                        "Startup Cost": 0.0,
                        "Total Cost": 47180.76,
                        "Plan Rows": 2160560,
                        "Plan Width": 0,
                        "Actual Startup Time": 83.31,
                        "Actual Total Time": 83.311,
                        "Actual Rows": 2151007,
                        "Actual Loops": 1,
                        "Index Cond": "(person_id < 211197)"
                      }
                    ]
                  },
                  {
                    "Node Type": "Hash",
                    "Parent Relationship": "Inner",
                    "Parallel Aware": true,
                    "Startup Cost": 81192.1,
                    "Total Cost": 81192.1,
                    "Plan Rows": 18624,
                    "Plan Width": 8,
                    "Actual Startup Time": 240.435,
                    "Actual Total Time": 240.445,
                    "Actual Rows": 3289,
                    "Actual Loops": 2,
                    "Hash Buckets": 32768,
                    "Original Hash Buckets": 32768,
                    "Hash Batches": 1,
                    "Original Hash Batches": 1,
                    "Peak Memory Usage": 544,
                    "Plans": [
                      {
                        "Node Type": "Hash Join",
                        "Parent Relationship": "Outer",
                        "Parallel Aware": true,
                        "Join Type": "Inner",
                        "Startup Cost": 20917.05,
                        "Total Cost": 81192.1,
                        "Plan Rows": 18624,
                        "Plan Width": 8,
                        "Actual Startup Time": 27.067,
                        "Actual Total Time": 239.101,
                        "Actual Rows": 3289,
                        "Actual Loops": 2,
                        "Inner Unique": false,
                        "Hash Cond": "(t.id = mc.movie_id)",
                        "Plans": [
                          {
                            "Node Type": "Seq Scan",
                            "Parent Relationship": "Outer",
                            "Parallel Aware": true,
                            "Relation Name": "title",
                            "Alias": "t",
                            "Startup Cost": 0.0,
                            "Total Cost": 50870.31,
                            "Plan Rows": 1487231,
                            "Plan Width": 4,
                            "Actual Startup Time": 0.028,
                            "Actual Total Time": 120.428,
                            "Actual Rows": 1264156,
                            "Actual Loops": 2
                          },
                          {
                            "Node Type": "Hash",
                            "Parent Relationship": "Inner",
                            "Parallel Aware": true,
                            "Startup Cost": 20684.25,
                            "Total Cost": 20684.25,
                            "Plan Rows": 18624,
                            "Plan Width": 4,
                            "Actual Startup Time": 25.897,
                            "Actual Total Time": 25.899,
                            "Actual Rows": 3289,
                            "Actual Loops": 2,
                            "Hash Buckets": 32768,
                            "Original Hash Buckets": 32768,
                            "Hash Batches": 1,
                            "Original Hash Batches": 1,
                            "Peak Memory Usage": 544,
                            "Plans": [
                              {
                                "Node Type": "Bitmap Heap Scan",
                                "Parent Relationship": "Outer",
                                "Parallel Aware": true,
                                "Relation Name": "movie_companies",
                                "Alias": "mc",
                                "Startup Cost": 1344.03,
                                "Total Cost": 20684.25,
                                "Plan Rows": 18624,
                                "Plan Width": 4,
                                "Actual Startup Time": 22.864,
                                "Actual Total Time": 24.909,
                                "Actual Rows": 3289,
                                "Actual Loops": 2,
                                "Recheck Cond": "(company_id = 6)",
                                "Rows Removed by Index Recheck": 0,
                                "Filter": "(company_type_id > 1)",
                                "Rows Removed by Filter": 27748,
                                "Exact Heap Blocks": 4468,
                                "Lossy Heap Blocks": 0,
                                "Plans": [
                                  {
                                    "Node Type": "Bitmap Index Scan",
                                    "Parent Relationship": "Outer",
                                    "Parallel Aware": false,
                                    "Index Name": "company_id_movie_companies",
                                    "Startup Cost": 0.0,
                                    "Total Cost": 1336.12,
                                    "Plan Rows": 62358,
                                    "Plan Width": 0,
                                    "Actual Startup Time": 8.565,
                                    "Actual Total Time": 8.565,
                                    "Actual Rows": 62075,
                                    "Actual Loops": 1,
                                    "Index Cond": "(company_id = 6)"
                                  }
                                ]
                              }
                            ]
                          }
                        ]
                      }
                    ]
                  }
                ]
              }
            ]
          }
        ]
      }
    ]
  },
  "Planning Time": 0.927,
  "Triggers": [],
  "Execution Time": 554.546
}