[
  {
    "Plan": {
      "Node Type": "Aggregate",
      "Strategy": "Plain",
      "Partial Mode": "Finalize",
      "Parallel Aware": false,
      "Startup Cost": 41557.1,
      "Total Cost": 41557.11,
      "Plan Rows": 1,
      "Plan Width": 8,
      "Actual Startup Time": 62.56,
      "Actual Total Time": 72.922,
      "Actual Rows": 1,
      "Actual Loops": 1,
      "Plans": [
        {
          "Node Type": "Gather",
          "Parent Relationship": "Outer",
          "Parallel Aware": false,
          "Startup Cost": 41556.89,
          "Total Cost": 41557.1,
          "Plan Rows": 2,
          "Plan Width": 8,
          "Actual Startup Time": 62.278,
          "Actual Total Time": 72.915,
          "Actual Rows": 3,
          "Actual Loops": 1,
          "Workers Planned": 2,
          "Workers Launched": 2,
          "Single Copy": false,
          "Plans": [
            {
              "Node Type": "Aggregate",
              "Strategy": "Plain",
              "Partial Mode": "Partial",
              "Parent Relationship": "Outer",
              "Parallel Aware": false,
              "Startup Cost": 40556.89,
              "Total Cost": 40556.9,
              "Plan Rows": 1,
              "Plan Width": 8,
              "Actual Startup Time": 54.133,
              "Actual Total Time": 54.134,
              "Actual Rows": 1,
              "Actual Loops": 3,
              "Plans": [
                {
                  "Node Type": "Nested Loop",
                  "Parent Relationship": "Outer",
                  "Parallel Aware": false,
                  "Join Type": "Inner",
                  "Startup Cost": 177.14,
                  "Total Cost": 40556.72,
                  "Plan Rows": 67,
                  "Plan Width": 0,
                  "Actual Startup Time": 11.274,
                  "Actual Total Time": 54.1,
                  "Actual Rows": 152,
                  "Actual Loops": 3,
                  "Inner Unique": true,
                  "Plans": [
                    {
                      "Node Type": "Bitmap Heap Scan",
                      "Parent Relationship": "Outer",
                      "Parallel Aware": true,
                      "Relation Name": "movie_keyword",
                      "Alias": "mk",
                      "Startup Cost": 176.71,
                      "Total Cost": 17130.16,
                      "Plan Rows": 3456,
                      "Plan Width": 4,
                      "Actual Startup Time": 4.244,
                      "Actual Total Time": 19.086,
                      "Actual Rows": 3314,
                      "Actual Loops": 3,
                      "Recheck Cond": "(keyword_id = 56)",
                      "Rows Removed by Index Recheck": 0,
                      "Exact Heap Blocks": 5134,
                      "Lossy Heap Blocks": 0,
                      "Plans": [
                        {
                          "Node Type": "Bitmap Index Scan",
                          "Parent Relationship": "Outer",
                          "Parallel Aware": false,
                          "Index Name": "keyword_id_movie_keyword",
                          "Startup Cost": 0.0,
                          "Total Cost": 174.64,
                          "Plan Rows": 8294,
                          "Plan Width": 0,
                          "Actual Startup Time": 7.694,
                          "Actual Total Time": 7.694,
                          "Actual Rows": 9942,
                          "Actual Loops": 1,
                          "Index Cond": "(keyword_id = 56)"
                        }
                      ]
                    },
                    {
                      "Node Type": "Index Scan",
                      "Parent Relationship": "Inner",
                      "Parallel Aware": false,
                      "Scan Direction": "Forward",
                      "Index Name": "title_pkey",
                      "Relation Name": "title",
                      "Alias": "t",
                      "Startup Cost": 0.43,
                      "Total Cost": 6.78,
                      "Plan Rows": 1,
                      "Plan Width": 4,
                      "Actual Startup Time": 0.01,
                      "Actual Total Time": 0.01,
                      "Actual Rows": 0,
                      "Actual Loops": 9942,
                      "Index Cond": "(id = mk.movie_id)",
                      "Rows Removed by Index Recheck": 0,
                      "Filter": "((kind_id < 7) AND (production_year = 2007))",
                      "Rows Removed by Filter": 1
                    }
                  ]
                }
              ]
            }
          ]
        }
      ]
    },
    "Planning Time": 0.728,
    "Triggers": [],
    "Execution Time": 73.015
  }
]