[
  {
    "Plan": {
      "Node Type": "Aggregate",
      "Strategy": "Plain",
      "Partial Mode": "Finalize",
      "Parallel Aware": false,
      "Startup Cost": 29066.4,
      "Total Cost": 29066.41,
      "Plan Rows": 1,
      "Plan Width": 8,
      "Actual Startup Time": 53.024,
      "Actual Total Time": 60.609,
      "Actual Rows": 1,
      "Actual Loops": 1,
      "Plans": [
        {
          "Node Type": "Gather",
          "Parent Relationship": "Outer",
          "Parallel Aware": false,
          "Startup Cost": 29066.08,
          "Total Cost": 29066.39,
          "Plan Rows": 3,
          "Plan Width": 8,
          "Actual Startup Time": 52.703,
          "Actual Total Time": 60.602,
          "Actual Rows": 4,
          "Actual Loops": 1,
          "Workers Planned": 3,
          "Workers Launched": 3,
          "Single Copy": false,
          "Plans": [
            {
              "Node Type": "Aggregate",
              "Strategy": "Plain",
              "Partial Mode": "Partial",
              "Parent Relationship": "Outer",
              "Parallel Aware": false,
              "Startup Cost": 28066.08,
              "Total Cost": 28066.09,
              "Plan Rows": 1,
              "Plan Width": 8,
              "Actual Startup Time": 49.328,
              "Actual Total Time": 49.329,
              "Actual Rows": 1,
              "Actual Loops": 4,
              "Plans": [
                {
                  "Node Type": "Bitmap Heap Scan",
                  "Parent Relationship": "Outer",
                  "Parallel Aware": true,
                  "Relation Name": "movie_keyword",
                  "Alias": "mk",
                  "Startup Cost": 2941.88,
                  "Total Cost": 27954.38,
                  "Plan Rows": 44680,
                  "Plan Width": 0,
                  "Actual Startup Time": 11.141,
                  "Actual Total Time": 47.484,
                  "Actual Rows": 34112,
                  "Actual Loops": 4,
                  "Recheck Cond": "(keyword_id > 75418)",
                  "Rows Removed by Index Recheck": 0,
                  "Exact Heap Blocks": 8140,
                  "Lossy Heap Blocks": 0,
                  "Plans": [
                    {
                      "Node Type": "Bitmap Index Scan",
                      "Parent Relationship": "Outer",
                      "Parallel Aware": false,
                      "Index Name": "keyword_id_movie_keyword",
                      "Startup Cost": 0.0,
                      "Total Cost": 2907.25,
                      "Plan Rows": 138509,
                      "Plan Width": 0,
                      "Actual Startup Time": 10.8,
                      "Actual Total Time": 10.801,
                      "Actual Rows": 136447,
                      "Actual Loops": 1,
                      "Index Cond": "(keyword_id > 75418)"
                    }
                  ]
                }
              ]
            }
          ]
        }
      ]
    },
    "Planning Time": 0.083,
    "Triggers": [],
    "Execution Time": 60.643
  }
]