[
  {
    "Plan": {
      "Node Type": "Aggregate",
      "Strategy": "Plain",
      "Partial Mode": "Finalize",
      "Parallel Aware": false,
      "Startup Cost": 345915.53,
      "Total Cost": 345915.54,
      "Plan Rows": 1,
      "Plan Width": 8,
      "Actual Startup Time": 665.489,
      "Actual Total Time": 728.915,
      "Actual Rows": 1,
      "Actual Loops": 1,
      "Plans": [
        {
          "Node Type": "Gather",
          "Parent Relationship": "Outer",
          "Parallel Aware": false,
          "Startup Cost": 345914.9,
          "Total Cost": 345915.51,
          "Plan Rows": 6,
          "Plan Width": 8,
          "Actual Startup Time": 665.367,
          "Actual Total Time": 728.906,
          "Actual Rows": 7,
          "Actual Loops": 1,
          "Workers Planned": 6,
          "Workers Launched": 6,
          "Single Copy": false,
          "Plans": [
            {
              "Node Type": "Aggregate",
              "Strategy": "Plain",
              "Partial Mode": "Partial",
              "Parent Relationship": "Outer",
              "Parallel Aware": false,
              "Startup Cost": 344914.9,
              "Total Cost": 344914.91,
              "Plan Rows": 1,
              "Plan Width": 8,
              "Actual Startup Time": 655.963,
              "Actual Total Time": 655.964,
              "Actual Rows": 1,
              "Actual Loops": 7,
              "Plans": [
                {
                  "Node Type": "Seq Scan",
                  "Parent Relationship": "Outer",
                  "Parallel Aware": true,
                  "Relation Name": "cast_info",
                  "Alias": "ci",
                  "Startup Cost": 0.0,
                  "Total Cost": 343257.03,
                  "Plan Rows": 663150,
                  "Plan Width": 0,
                  "Actual Startup Time": 340.592,
                  "Actual Total Time": 604.698,
                  "Actual Rows": 1246093,
                  "Actual Loops": 7,
                  "Filter": "((person_id > 2818175) AND (role_id > 2))",
                  "Rows Removed by Filter": 3931671
                }
              ]
            }
          ]
        }
      ]
    },
    "Planning Time": 0.181,
    "Triggers": [],
    "Execution Time": 728.98
  }
]