[
  {
    "Plan": {
      "Node Type": "Aggregate",
      "Strategy": "Plain",
      "Partial Mode": "Finalize",
      "Parallel Aware": false,
      "Startup Cost": 105731.27,
      "Total Cost": 105731.28,
      "Plan Rows": 1,
      "Plan Width": 8,
      "Actual Startup Time": 635.263,
      "Actual Total Time": 658.113,
      "Actual Rows": 1,
      "Actual Loops": 1,
      "Plans": [
        {
          "Node Type": "Gather",
          "Parent Relationship": "Outer",
          "Parallel Aware": false,
          "Startup Cost": 105731.05,
          "Total Cost": 105731.26,
          "Plan Rows": 2,
          "Plan Width": 8,
          "Actual Startup Time": 631.5,
          "Actual Total Time": 658.102,
          "Actual Rows": 3,
          "Actual Loops": 1,
          "Workers Planned": 2,
          "Workers Launched": 2,
          "Single Copy": false,
          "Plans": [
            {
              "Node Type": "Aggregate",
              "Strategy": "Plain",
              "Partial Mode": "Partial",
              "Parent Relationship": "Outer",
              "Parallel Aware": false,
              "Startup Cost": 104731.05,
              "Total Cost": 104731.06,
              "Plan Rows": 1,
              "Plan Width": 8,
              "Actual Startup Time": 627.162,
              "Actual Total Time": 627.243,
              "Actual Rows": 1,
              "Actual Loops": 3,
              "Plans": [
                {
                  "Node Type": "Hash Join",
                  "Parent Relationship": "Outer",
                  "Parallel Aware": true,
                  "Join Type": "Inner",
                  "Startup Cost": 88501.18,
                  "Total Cost": 104561.46,
                  "Plan Rows": 67837,
                  "Plan Width": 0,
                  "Actual Startup Time": 468.348,
                  "Actual Total Time": 604.219,
                  "Actual Rows": 449227,
                  "Actual Loops": 3,
                  "Inner Unique": false,
                  "Hash Cond": "(mi_idx.movie_id = t.id)",
                  "Plans": [
                    {
                      "Node Type": "Seq Scan",
                      "Parent Relationship": "Outer",
                      "Parallel Aware": true,
                      "Relation Name": "movie_info_idx",
                      "Alias": "mi_idx",
                      "Startup Cost": 0.0,
                      "Total Cost": 13685.15,
                      "Plan Rows": 575015,
                      "Plan Width": 4,
                      "Actual Startup Time": 0.018,
                      "Actual Total Time": 43.446,
                      "Actual Rows": 460012,
                      "Actual Loops": 3
                    },
                    {
                      "Node Type": "Hash",
                      "Parent Relationship": "Inner",
                      "Parallel Aware": true,
                      "Startup Cost": 87298.39,
                      "Total Cost": 87298.39,
                      "Plan Rows": 96223,
                      "Plan Width": 8,
                      "Actual Startup Time": 464.149,
                      "Actual Total Time": 464.228,
                      "Actual Rows": 193587,
                      "Actual Loops": 3,
                      "Hash Buckets": 1048576,
                      "Original Hash Buckets": 524288,
                      "Hash Batches": 1,
                      "Original Hash Batches": 1,
                      "Peak Memory Usage": 35072,
                      "Plans": [
                        {
                          "Node Type": "Hash Join",
                          "Parent Relationship": "Outer",
                          "Parallel Aware": true,
                          "Join Type": "Inner",
                          "Startup Cost": 44420.31,
                          "Total Cost": 87298.39,
                          "Plan Rows": 96223,
                          "Plan Width": 8,
                          "Actual Startup Time": 139.823,
                          "Actual Total Time": 410.862,
                          "Actual Rows": 193587,
                          "Actual Loops": 3,
                          "Inner Unique": true,
                          "Hash Cond": "(mk.movie_id = t.id)",
                          "Plans": [
                            {
                              "Node Type": "Seq Scan",
                              "Parent Relationship": "Outer",
                              "Parallel Aware": true,
                              "Relation Name": "movie_keyword",
                              "Alias": "mk",
                              "Startup Cost": 0.0,
                              "Total Cost": 39047.32,
                              "Plan Rows": 1459332,
                              "Plan Width": 4,
                              "Actual Startup Time": 0.029,
                              "Actual Total Time": 120.45,
                              "Actual Rows": 1507977,
                              "Actual Loops": 3
                            },
                            {
                              "Node Type": "Hash",
                              "Parent Relationship": "Inner",
                              "Parallel Aware": true,
                              "Startup Cost": 43899.32,
                              "Total Cost": 43899.32,
                              "Plan Rows": 41679,
                              "Plan Width": 4,
                              "Actual Startup Time": 137.912,
                              "Actual Total Time": 137.913,
                              "Actual Rows": 60319,
                              "Actual Loops": 3,
                              "Hash Buckets": 262144,
                              "Original Hash Buckets": 262144,
                              "Hash Batches": 1,
                              "Original Hash Batches": 1,
                              "Peak Memory Usage": 9184,
                              "Plans": [
                                {
                                  "Node Type": "Seq Scan",
                                  "Parent Relationship": "Outer",
                                  "Parallel Aware": true,
                                  "Relation Name": "title",
                                  "Alias": "t",
                                  "Startup Cost": 0.0,
                                  "Total Cost": 43899.32,
                                  "Plan Rows": 41679,
                                  "Plan Width": 4,
                                  "Actual Startup Time": 0.125,
                                  "Actual Total Time": 116.453,
                                  "Actual Rows": 60319,
                                  "Actual Loops": 3,
                                  "Filter": "(production_year < 1953)",
                                  "Rows Removed by Filter": 782452
                                }
                              ]
                            }
                          ]
                        }
                      ]
                    }
                  ]
                }
              ]
            }
          ]
        }
      ]
    },
    "Planning Time": 1.04,
    "Triggers": [],
    "Execution Time": 658.182
  }
]