[
  {
    "Plan": {
      "Node Type": "Aggregate",
      "Strategy": "Plain",
      "Partial Mode": "Finalize",
      "Parallel Aware": false,
      "Startup Cost": 89820.42,
      "Total Cost": 89820.43,
      "Plan Rows": 1,
      "Plan Width": 8,
      "Actual Startup Time": 930.001,
      "Actual Total Time": 1004.579,
      "Actual Rows": 1,
      "Actual Loops": 1,
      "Plans": [
        {
          "Node Type": "Gather",
          "Parent Relationship": "Outer",
          "Parallel Aware": false,
          "Startup Cost": 89820.0,
          "Total Cost": 89820.41,
          "Plan Rows": 4,
          "Plan Width": 8,
          "Actual Startup Time": 929.818,
          "Actual Total Time": 1004.57,
          "Actual Rows": 5,
          "Actual Loops": 1,
          "Workers Planned": 4,
          "Workers Launched": 4,
          "Single Copy": false,
          "Plans": [
            {
              "Node Type": "Aggregate",
              "Strategy": "Plain",
              "Partial Mode": "Partial",
              "Parent Relationship": "Outer",
              "Parallel Aware": false,
              "Startup Cost": 88820.0,
              "Total Cost": 88820.01,
              "Plan Rows": 1,
              "Plan Width": 8,
              "Actual Startup Time": 919.254,
              "Actual Total Time": 919.258,
              "Actual Rows": 1,
              "Actual Loops": 5,
              "Plans": [
                {
                  "Node Type": "Nested Loop",
                  "Parent Relationship": "Outer",
                  "Parallel Aware": false,
                  "Join Type": "Inner",
                  "Startup Cost": 21182.16,
                  "Total Cost": 88667.23,
                  "Plan Rows": 61110,
                  "Plan Width": 0,
                  "Actual Startup Time": 133.942,
                  "Actual Total Time": 908.75,
                  "Actual Rows": 171934,
                  "Actual Loops": 5,
                  "Inner Unique": false,
                  "Plans": [
                    {
                      "Node Type": "Hash Join",
                      "Parent Relationship": "Outer",
                      "Parallel Aware": true,
                      "Join Type": "Inner",
                      "Startup Cost": 21181.59,
                      "Total Cost": 66695.09,
                      "Plan Rows": 10663,
                      "Plan Width": 8,
                      "Actual Startup Time": 133.736,
                      "Actual Total Time": 195.827,
                      "Actual Rows": 16097,
                      "Actual Loops": 5,
                      "Inner Unique": false,
                      "Hash Cond": "(t.id = mc.movie_id)",
                      "Plans": [
                        {
                          "Node Type": "Seq Scan",
                          "Parent Relationship": "Outer",
                          "Parallel Aware": true,
                          "Relation Name": "title",
                          "Alias": "t",
                          "Startup Cost": 0.0,
                          "Total Cost": 42318.73,
                          "Plan Rows": 632073,
                          "Plan Width": 4,
                          "Actual Startup Time": 0.015,
                          "Actual Total Time": 70.199,
                          "Actual Rows": 505662,
                          "Actual Loops": 5
                        },
                        {
                          "Node Type": "Hash",
                          "Parent Relationship": "Inner",
                          "Parallel Aware": true,
                          "Startup Cost": 21009.61,
                          "Total Cost": 21009.61,
                          "Plan Rows": 13759,
                          "Plan Width": 4,
                          "Actual Startup Time": 33.61,
                          "Actual Total Time": 33.611,
                          "Actual Rows": 16097,
                          "Actual Loops": 5,
                          "Hash Buckets": 131072,
                          "Original Hash Buckets": 65536,
                          "Hash Batches": 1,
                          "Original Hash Batches": 1,
                          "Peak Memory Usage": 4768,
                          "Plans": [
                            {
                              "Node Type": "Bitmap Heap Scan",
                              "Parent Relationship": "Outer",
                              "Parallel Aware": true,
                              "Relation Name": "movie_companies",
                              "Alias": "mc",
                              "Startup Cost": 1813.13,
                              "Total Cost": 21009.61,
                              "Plan Rows": 13759,
                              "Plan Width": 4,
                              "Actual Startup Time": 4.137,
                              "Actual Total Time": 20.384,
                              "Actual Rows": 16097,
                              "Actual Loops": 5,
                              "Recheck Cond": "(company_id > 169742)",
                              "Rows Removed by Index Recheck": 0,
                              "Filter": "(company_type_id > 1)",
                              "Rows Removed by Filter": 0,
                              "Exact Heap Blocks": 915,
                              "Lossy Heap Blocks": 0,
                              "Plans": [
                                {
                                  "Node Type": "Bitmap Index Scan",
                                  "Parent Relationship": "Outer",
                                  "Parallel Aware": false,
                                  "Index Name": "company_id_movie_companies",
                                  "Startup Cost": 0.0,
                                  "Total Cost": 1802.47,
                                  "Plan Rows": 84005,
                                  "Plan Width": 0,
                                  "Actual Startup Time": 10.796,
                                  "Actual Total Time": 10.796,
                                  "Actual Rows": 80485,
                                  "Actual Loops": 1,
                                  "Index Cond": "(company_id > 169742)"
                                }
                              ]
                            }
                          ]
                        }
                      ]
                    },
                    {
                      "Node Type": "Index Scan",
                      "Parent Relationship": "Inner",
                      "Parallel Aware": false,
                      "Scan Direction": "Forward",
                      "Index Name": "movie_id_cast_info",
                      "Relation Name": "cast_info",
                      "Alias": "ci",
                      "Startup Cost": 0.56,
                      "Total Cost": 1.91,
                      "Plan Rows": 15,
                      "Plan Width": 4,
                      "Actual Startup Time": 0.024,
                      "Actual Total Time": 0.043,
                      "Actual Rows": 11,
                      "Actual Loops": 80485,
                      "Index Cond": "(movie_id = t.id)",
                      "Rows Removed by Index Recheck": 0,
                      "Filter": "(person_id > 2217115)",
                      "Rows Removed by Filter": 15
                    }
                  ]
                }
              ]
            }
          ]
        }
      ]
    },
    "Planning Time": 1.494,
    "Triggers": [],
    "Execution Time": 1004.724
  }
]