[
  {
    "Plan": {
      "Node Type": "Aggregate",
      "Strategy": "Plain",
      "Partial Mode": "Finalize",
      "Parallel Aware": false,
      "Startup Cost": 45598.18,
      "Total Cost": 45598.19,
      "Plan Rows": 1,
      "Plan Width": 8,
      "Actual Startup Time": 162.821,
      "Actual Total Time": 173.103,
      "Actual Rows": 1,
      "Actual Loops": 1,
      "Plans": [
        {
          "Node Type": "Gather",
          "Parent Relationship": "Outer",
          "Parallel Aware": false,
          "Startup Cost": 45597.86,
          "Total Cost": 45598.17,
          "Plan Rows": 3,
          "Plan Width": 8,
          "Actual Startup Time": 162.683,
          "Actual Total Time": 173.095,
          "Actual Rows": 4,
          "Actual Loops": 1,
          "Workers Planned": 3,
          "Workers Launched": 3,
          "Single Copy": false,
          "Plans": [
            {
              "Node Type": "Aggregate",
              "Strategy": "Plain",
              "Partial Mode": "Partial",
              "Parent Relationship": "Outer",
              "Parallel Aware": false,
              "Startup Cost": 44597.86,
              "Total Cost": 44597.87,
              "Plan Rows": 1,
              "Plan Width": 8,
              "Actual Startup Time": 157.685,
              "Actual Total Time": 157.687,
              "Actual Rows": 1,
              "Actual Loops": 4,
              "Plans": [
                {
                  "Node Type": "Seq Scan",
                  "Parent Relationship": "Outer",
                  "Parallel Aware": true,
                  "Relation Name": "movie_keyword",
                  "Alias": "mk",
                  "Startup Cost": 0.0,
                  "Total Cost": 42695.65,
                  "Plan Rows": 760884,
                  "Plan Width": 0,
                  "Actual Startup Time": 0.03,
                  "Actual Total Time": 126.049,
                  "Actual Rows": 593632,
                  "Actual Loops": 4,
                  "Filter": "(keyword_id < 5408)",
                  "Rows Removed by Filter": 537350
                }
              ]
            }
          ]
        }
      ]
    },
    "Planning Time": 0.083,
    "Triggers": [],
    "Execution Time": 173.136
  }
]