[
    {
        "Bao": {
            "Bao prediction": "NaN",
            "Bao recommended hint": "(no hint)"
        }
    },
    {
        "Plan": {
            "Node Type": "Aggregate",
            "Strategy": "Plain",
            "Partial Mode": "Simple",
            "Parallel Aware": false,
            "Startup Cost": 28376.35,
            "Total Cost": 28376.36,
            "Plan Rows": 1,
            "Plan Width": 8,
            "Actual Startup Time": 54.344,
            "Actual Total Time": 54.345,
            "Actual Rows": 1,
            "Actual Loops": 1,
            "Output": [
                "count(*)"
            ],
            "Plans": [
                {
                    "Node Type": "Bitmap Heap Scan",
                    "Parent Relationship": "Outer",
                    "Parallel Aware": false,
                    "Relation Name": "movie_keyword",
                    "Schema": "public",
                    "Alias": "mk",
                    "Startup Cost": 2299.11,
                    "Total Cost": 28105.81,
                    "Plan Rows": 108216,
                    "Plan Width": 0,
                    "Actual Startup Time": 11.555,
                    "Actual Total Time": 49.672,
                    "Actual Rows": 111546,
                    "Actual Loops": 1,
                    "Recheck Cond": "(mk.keyword_id < 110)",
                    "Rows Removed by Index Recheck": 0,
                    "Exact Heap Blocks": 22247,
                    "Lossy Heap Blocks": 0,
                    "Plans": [
                        {
                            "Node Type": "Bitmap Index Scan",
                            "Parent Relationship": "Outer",
                            "Parallel Aware": false,
                            "Index Name": "keyword_id_movie_keyword",
                            "Startup Cost": 0.0,
                            "Total Cost": 2272.05,
                            "Plan Rows": 108216,
                            "Plan Width": 0,
                            "Actual Startup Time": 8.377,
                            "Actual Total Time": 8.377,
                            "Actual Rows": 111546,
                            "Actual Loops": 1,
                            "Index Cond": "(mk.keyword_id < 110)"
                        }
                    ]
                }
            ]
        },
        "Planning Time": 194.853,
        "Triggers": [],
        "Execution Time": 54.397
    }
]