[
  {
    "Plan": {
      "Node Type": "Aggregate",
      "Strategy": "Plain",
      "Partial Mode": "Finalize",
      "Parallel Aware": false,
      "Startup Cost": 76198.54,
      "Total Cost": 76198.55,
      "Plan Rows": 1,
      "Plan Width": 8,
      "Actual Startup Time": 259.418,
      "Actual Total Time": 274.237,
      "Actual Rows": 1,
      "Actual Loops": 1,
      "Plans": [
        {
          "Node Type": "Gather",
          "Parent Relationship": "Outer",
          "Parallel Aware": false,
          "Startup Cost": 76198.22,
          "Total Cost": 76198.53,
          "Plan Rows": 3,
          "Plan Width": 8,
          "Actual Startup Time": 258.485,
          "Actual Total Time": 274.229,
          "Actual Rows": 4,
          "Actual Loops": 1,
          "Workers Planned": 3,
          "Workers Launched": 3,
          "Single Copy": false,
          "Plans": [
            {
              "Node Type": "Aggregate",
              "Strategy": "Plain",
              "Partial Mode": "Partial",
              "Parent Relationship": "Outer",
              "Parallel Aware": false,
              "Startup Cost": 75198.22,
              "Total Cost": 75198.23,
              "Plan Rows": 1,
              "Plan Width": 8,
              "Actual Startup Time": 255.322,
              "Actual Total Time": 255.384,
              "Actual Rows": 1,
              "Actual Loops": 4,
              "Plans": [
                {
                  "Node Type": "Hash Join",
                  "Parent Relationship": "Outer",
                  "Parallel Aware": true,
                  "Join Type": "Inner",
                  "Startup Cost": 45718.66,
                  "Total Cost": 75134.55,
                  "Plan Rows": 25467,
                  "Plan Width": 0,
                  "Actual Startup Time": 125.993,
                  "Actual Total Time": 250.283,
                  "Actual Rows": 111610,
                  "Actual Loops": 4,
                  "Inner Unique": true,
                  "Hash Cond": "(mc.movie_id = t.id)",
                  "Plans": [
                    {
                      "Node Type": "Seq Scan",
                      "Parent Relationship": "Outer",
                      "Parallel Aware": true,
                      "Relation Name": "movie_companies",
                      "Alias": "mc",
                      "Startup Cost": 0.0,
                      "Total Cost": 27206.55,
                      "Plan Rows": 841655,
                      "Plan Width": 4,
                      "Actual Startup Time": 0.008,
                      "Actual Total Time": 56.052,
                      "Actual Rows": 652282,
                      "Actual Loops": 4
                    },
                    {
                      "Node Type": "Hash",
                      "Parent Relationship": "Inner",
                      "Parallel Aware": true,
                      "Startup Cost": 45479.59,
                      "Total Cost": 45479.59,
                      "Plan Rows": 19126,
                      "Plan Width": 4,
                      "Actual Startup Time": 101.073,
                      "Actual Total Time": 101.074,
                      "Actual Rows": 52438,
                      "Actual Loops": 4,
                      "Hash Buckets": 262144,
                      "Original Hash Buckets": 131072,
                      "Hash Batches": 1,
                      "Original Hash Batches": 1,
                      "Peak Memory Usage": 11360,
                      "Plans": [
                        {
                          "Node Type": "Seq Scan",
                          "Parent Relationship": "Outer",
                          "Parallel Aware": true,
                          "Relation Name": "title",
                          "Alias": "t",
                          "Startup Cost": 0.0,
                          "Total Cost": 45479.59,
                          "Plan Rows": 19126,
                          "Plan Width": 4,
                          "Actual Startup Time": 46.517,
                          "Actual Total Time": 83.411,
                          "Actual Rows": 52438,
                          "Actual Loops": 4,
                          "Filter": "((production_year < 1966) AND (kind_id = 1))",
                          "Rows Removed by Filter": 579640
                        }
                      ]
                    }
                  ]
                }
              ]
            }
          ]
        }
      ]
    },
    "Planning Time": 0.452,
    "Triggers": [],
    "Execution Time": 274.272
  }
]