[
  {
    "Plan": {
      "Node Type": "Aggregate",
      "Strategy": "Plain",
      "Partial Mode": "Finalize",
      "Parallel Aware": false,
      "Startup Cost": 115191.86,
      "Total Cost": 115191.87,
      "Plan Rows": 1,
      "Plan Width": 8,
      "Actual Startup Time": 488.708,
      "Actual Total Time": 507.705,
      "Actual Rows": 1,
      "Actual Loops": 1,
      "Plans": [
        {
          "Node Type": "Gather",
          "Parent Relationship": "Outer",
          "Parallel Aware": false,
          "Startup Cost": 115191.54,
          "Total Cost": 115191.85,
          "Plan Rows": 3,
          "Plan Width": 8,
          "Actual Startup Time": 487.607,
          "Actual Total Time": 507.697,
          "Actual Rows": 4,
          "Actual Loops": 1,
          "Workers Planned": 3,
          "Workers Launched": 3,
          "Single Copy": false,
          "Plans": [
            {
              "Node Type": "Aggregate",
              "Strategy": "Plain",
              "Partial Mode": "Partial",
              "Parent Relationship": "Outer",
              "Parallel Aware": false,
              "Startup Cost": 114191.54,
              "Total Cost": 114191.55,
              "Plan Rows": 1,
              "Plan Width": 8,
              "Actual Startup Time": 477.814,
              "Actual Total Time": 477.82,
              "Actual Rows": 1,
              "Actual Loops": 4,
              "Plans": [
                {
                  "Node Type": "Hash Join",
                  "Parent Relationship": "Outer",
                  "Parallel Aware": true,
                  "Join Type": "Inner",
                  "Startup Cost": 81877.36,
                  "Total Cost": 114069.38,
                  "Plan Rows": 48864,
                  "Plan Width": 0,
                  "Actual Startup Time": 304.174,
                  "Actual Total Time": 468.49,
                  "Actual Rows": 190746,
                  "Actual Loops": 4,
                  "Inner Unique": false,
                  "Hash Cond": "(mc.movie_id = t.id)",
                  "Plans": [
                    {
                      "Node Type": "Seq Scan",
                      "Parent Relationship": "Outer",
                      "Parallel Aware": true,
                      "Relation Name": "movie_companies",
                      "Alias": "mc",
                      "Startup Cost": 0.0,
                      "Total Cost": 29310.68,
                      "Plan Rows": 726326,
                      "Plan Width": 4,
                      "Actual Startup Time": 0.061,
                      "Actual Total Time": 85.318,
                      "Actual Rows": 564613,
                      "Actual Loops": 4,
                      "Filter": "(company_id > 166)",
                      "Rows Removed by Filter": 87669
                    },
                    {
                      "Node Type": "Hash",
                      "Parent Relationship": "Inner",
                      "Parallel Aware": true,
                      "Startup Cost": 81191.47,
                      "Total Cost": 81191.47,
                      "Plan Rows": 54871,
                      "Plan Width": 8,
                      "Actual Startup Time": 301.932,
                      "Actual Total Time": 301.937,
                      "Actual Rows": 45782,
                      "Actual Loops": 4,
                      "Hash Buckets": 262144,
                      "Original Hash Buckets": 262144,
                      "Hash Batches": 1,
                      "Original Hash Batches": 1,
                      "Peak Memory Usage": 9248,
                      "Plans": [
                        {
                          "Node Type": "Hash Join",
                          "Parent Relationship": "Outer",
                          "Parallel Aware": true,
                          "Join Type": "Inner",
                          "Startup Cost": 38313.39,
                          "Total Cost": 81191.47,
                          "Plan Rows": 54871,
                          "Plan Width": 8,
                          "Actual Startup Time": 83.194,
                          "Actual Total Time": 291.122,
                          "Actual Rows": 45782,
                          "Actual Loops": 4,
                          "Inner Unique": true,
                          "Hash Cond": "(mk.movie_id = t.id)",
                          "Plans": [
                            {
                              "Node Type": "Seq Scan",
                              "Parent Relationship": "Outer",
                              "Parallel Aware": true,
                              "Relation Name": "movie_keyword",
                              "Alias": "mk",
                              "Startup Cost": 0.0,
                              "Total Cost": 39047.32,
                              "Plan Rows": 1459332,
                              "Plan Width": 4,
                              "Actual Startup Time": 0.013,
                              "Actual Total Time": 103.127,
                              "Actual Rows": 1130982,
                              "Actual Loops": 4
                            },
                            {
                              "Node Type": "Hash",
                              "Parent Relationship": "Inner",
                              "Parallel Aware": true,
                              "Startup Cost": 38016.31,
                              "Total Cost": 38016.31,
                              "Plan Rows": 23767,
                              "Plan Width": 4,
                              "Actual Startup Time": 82.506,
                              "Actual Total Time": 82.508,
                              "Actual Rows": 22713,
                              "Actual Loops": 4,
                              "Hash Buckets": 131072,
                              "Original Hash Buckets": 131072,
                              "Hash Batches": 1,
                              "Original Hash Batches": 1,
                              "Peak Memory Usage": 4672,
                              "Plans": [
                                {
                                  "Node Type": "Bitmap Heap Scan",
                                  "Parent Relationship": "Outer",
                                  "Parallel Aware": true,
                                  "Relation Name": "title",
                                  "Alias": "t",
                                  "Startup Cost": 1721.21,
                                  "Total Cost": 38016.31,
                                  "Plan Rows": 23767,
                                  "Plan Width": 4,
                                  "Actual Startup Time": 21.122,
                                  "Actual Total Time": 73.267,
                                  "Actual Rows": 22713,
                                  "Actual Loops": 4,
                                  "Recheck Cond": "(kind_id = 2)",
                                  "Rows Removed by Index Recheck": 0,
                                  "Exact Heap Blocks": 14777,
                                  "Lossy Heap Blocks": 0,
                                  "Plans": [
                                    {
                                      "Node Type": "Bitmap Index Scan",
                                      "Parent Relationship": "Outer",
                                      "Parallel Aware": false,
                                      "Index Name": "kind_id_title",
                                      "Startup Cost": 0.0,
                                      "Total Cost": 1697.45,
                                      "Plan Rows": 95069,
                                      "Plan Width": 0,
                                      "Actual Startup Time": 16.177,
                                      "Actual Total Time": 16.177,
                                      "Actual Rows": 90852,
                                      "Actual Loops": 1,
                                      "Index Cond": "(kind_id = 2)"
                                    }
                                  ]
                                }
                              ]
                            }
                          ]
                        }
                      ]
                    }
                  ]
                }
              ]
            }
          ]
        }
      ]
    },
    "Planning Time": 1.505,
    "Triggers": [],
    "Execution Time": 507.827
  }
]