[
  {
    "Plan": {
      "Node Type": "Aggregate",
      "Strategy": "Plain",
      "Partial Mode": "Finalize",
      "Parallel Aware": false,
      "Startup Cost": 45469.32,
      "Total Cost": 45469.33,
      "Plan Rows": 1,
      "Plan Width": 8,
      "Actual Startup Time": 142.73,
      "Actual Total Time": 152.441,
      "Actual Rows": 1,
      "Actual Loops": 1,
      "Plans": [
        {
          "Node Type": "Gather",
          "Parent Relationship": "Outer",
          "Parallel Aware": false,
          "Startup Cost": 45469.01,
          "Total Cost": 45469.32,
          "Plan Rows": 3,
          "Plan Width": 8,
          "Actual Startup Time": 142.6,
          "Actual Total Time": 152.433,
          "Actual Rows": 4,
          "Actual Loops": 1,
          "Workers Planned": 3,
          "Workers Launched": 3,
          "Single Copy": false,
          "Plans": [
            {
              "Node Type": "Aggregate",
              "Strategy": "Plain",
              "Partial Mode": "Partial",
              "Parent Relationship": "Outer",
              "Parallel Aware": false,
              "Startup Cost": 44469.01,
              "Total Cost": 44469.02,
              "Plan Rows": 1,
              "Plan Width": 8,
              "Actual Startup Time": 138.777,
              "Actual Total Time": 138.779,
              "Actual Rows": 1,
              "Actual Loops": 4,
              "Plans": [
                {
                  "Node Type": "Seq Scan",
                  "Parent Relationship": "Outer",
                  "Parallel Aware": true,
                  "Relation Name": "movie_keyword",
                  "Alias": "mk",
                  "Startup Cost": 0.0,
                  "Total Cost": 42695.65,
                  "Plan Rows": 709341,
                  "Plan Width": 0,
                  "Actual Startup Time": 0.224,
                  "Actual Total Time": 112.851,
                  "Actual Rows": 546874,
                  "Actual Loops": 4,
                  "Filter": "(keyword_id > 5163)",
                  "Rows Removed by Filter": 584108
                }
              ]
            }
          ]
        }
      ]
    },
    "Planning Time": 0.081,
    "Triggers": [],
    "Execution Time": 152.469
  }
]