[
  {
    "Plan": {
      "Node Type": "Aggregate",
      "Strategy": "Plain",
      "Partial Mode": "Finalize",
      "Parallel Aware": false,
      "Startup Cost": 396639.66,
      "Total Cost": 396639.67,
      "Plan Rows": 1,
      "Plan Width": 8,
      "Actual Startup Time": 897.371,
      "Actual Total Time": 958.6,
      "Actual Rows": 1,
      "Actual Loops": 1,
      "Plans": [
        {
          "Node Type": "Gather",
          "Parent Relationship": "Outer",
          "Parallel Aware": false,
          "Startup Cost": 396639.03,
          "Total Cost": 396639.64,
          "Plan Rows": 6,
          "Plan Width": 8,
          "Actual Startup Time": 894.658,
          "Actual Total Time": 958.587,
          "Actual Rows": 7,
          "Actual Loops": 1,
          "Workers Planned": 6,
          "Workers Launched": 6,
          "Single Copy": false,
          "Plans": [
            {
              "Node Type": "Aggregate",
              "Strategy": "Plain",
              "Partial Mode": "Partial",
              "Parent Relationship": "Outer",
              "Parallel Aware": false,
              "Startup Cost": 395639.03,
              "Total Cost": 395639.04,
              "Plan Rows": 1,
              "Plan Width": 8,
              "Actual Startup Time": 884.186,
              "Actual Total Time": 884.189,
              "Actual Rows": 1,
              "Actual Loops": 7,
              "Plans": [
                {
                  "Node Type": "Hash Join",
                  "Parent Relationship": "Outer",
                  "Parallel Aware": true,
                  "Join Type": "Inner",
                  "Startup Cost": 46604.79,
                  "Total Cost": 394948.78,
                  "Plan Rows": 276101,
                  "Plan Width": 0,
                  "Actual Startup Time": 315.965,
                  "Actual Total Time": 878.131,
                  "Actual Rows": 127719,
                  "Actual Loops": 7,
                  "Inner Unique": true,
                  "Hash Cond": "(ci.movie_id = t.id)",
                  "Plans": [
                    {
                      "Node Type": "Seq Scan",
                      "Parent Relationship": "Outer",
                      "Parallel Aware": true,
                      "Relation Name": "cast_info",
                      "Alias": "ci",
                      "Startup Cost": 0.0,
                      "Total Cost": 343257.03,
                      "Plan Rows": 1937887,
                      "Plan Width": 4,
                      "Actual Startup Time": 209.777,
                      "Actual Total Time": 601.66,
                      "Actual Rows": 729738,
                      "Actual Loops": 7,
                      "Filter": "((person_id < 1761205) AND (role_id > 1))",
                      "Rows Removed by Filter": 4448025
                    },
                    {
                      "Node Type": "Hash",
                      "Parent Relationship": "Inner",
                      "Parallel Aware": true,
                      "Startup Cost": 45479.1,
                      "Total Cost": 45479.1,
                      "Plan Rows": 90055,
                      "Plan Width": 4,
                      "Actual Startup Time": 103.469,
                      "Actual Total Time": 103.47,
                      "Actual Rows": 67196,
                      "Actual Loops": 7,
                      "Hash Buckets": 524288,
                      "Original Hash Buckets": 524288,
                      "Hash Batches": 1,
                      "Original Hash Batches": 1,
                      "Peak Memory Usage": 22656,
                      "Plans": [
                        {
                          "Node Type": "Seq Scan",
                          "Parent Relationship": "Outer",
                          "Parallel Aware": true,
                          "Relation Name": "title",
                          "Alias": "t",
                          "Startup Cost": 0.0,
                          "Total Cost": 45479.1,
                          "Plan Rows": 90055,
                          "Plan Width": 4,
                          "Actual Startup Time": 0.049,
                          "Actual Total Time": 74.936,
                          "Actual Rows": 67196,
                          "Actual Loops": 7,
                          "Filter": "((kind_id < 7) AND (production_year < 1998))",
                          "Rows Removed by Filter": 293992
                        }
                      ]
                    }
                  ]
                }
              ]
            }
          ]
        }
      ]
    },
    "Planning Time": 0.638,
    "Triggers": [],
    "Execution Time": 958.685
  }
]