[
  {
    "Plan": {
      "Node Type": "Aggregate",
      "Strategy": "Plain",
      "Partial Mode": "Finalize",
      "Parallel Aware": false,
      "Startup Cost": 44076.54,
      "Total Cost": 44076.55,
      "Plan Rows": 1,
      "Plan Width": 8,
      "Actual Startup Time": 152.176,
      "Actual Total Time": 161.171,
      "Actual Rows": 1,
      "Actual Loops": 1,
      "Plans": [
        {
          "Node Type": "Gather",
          "Parent Relationship": "Outer",
          "Parallel Aware": false,
          "Startup Cost": 44076.23,
          "Total Cost": 44076.54,
          "Plan Rows": 3,
          "Plan Width": 8,
          "Actual Startup Time": 151.851,
          "Actual Total Time": 161.16,
          "Actual Rows": 4,
          "Actual Loops": 1,
          "Workers Planned": 3,
          "Workers Launched": 3,
          "Single Copy": false,
          "Plans": [
            {
              "Node Type": "Aggregate",
              "Strategy": "Plain",
              "Partial Mode": "Partial",
              "Parent Relationship": "Outer",
              "Parallel Aware": false,
              "Startup Cost": 43076.23,
              "Total Cost": 43076.24,
              "Plan Rows": 1,
              "Plan Width": 8,
              "Actual Startup Time": 148.011,
              "Actual Total Time": 148.012,
              "Actual Rows": 1,
              "Actual Loops": 4,
              "Plans": [
                {
                  "Node Type": "Bitmap Heap Scan",
                  "Parent Relationship": "Outer",
                  "Parallel Aware": true,
                  "Relation Name": "movie_keyword",
                  "Alias": "mk",
                  "Startup Cost": 15163.75,
                  "Total Cost": 42499.81,
                  "Plan Rows": 230565,
                  "Plan Width": 0,
                  "Actual Startup Time": 59.144,
                  "Actual Total Time": 138.555,
                  "Actual Rows": 178112,
                  "Actual Loops": 4,
                  "Recheck Cond": "(keyword_id > 26498)",
                  "Rows Removed by Index Recheck": 0,
                  "Exact Heap Blocks": 9292,
                  "Lossy Heap Blocks": 0,
                  "Plans": [
                    {
                      "Node Type": "Bitmap Index Scan",
                      "Parent Relationship": "Outer",
                      "Parallel Aware": false,
                      "Index Name": "keyword_id_movie_keyword",
                      "Startup Cost": 0.0,
                      "Total Cost": 14985.07,
                      "Plan Rows": 714751,
                      "Plan Width": 0,
                      "Actual Startup Time": 58.551,
                      "Actual Total Time": 58.552,
                      "Actual Rows": 712450,
                      "Actual Loops": 1,
                      "Index Cond": "(keyword_id > 26498)"
                    }
                  ]
                }
              ]
            }
          ]
        }
      ]
    },
    "Planning Time": 0.195,
    "Triggers": [],
    "Execution Time": 161.251
  }
]