[
  {
    "Plan": {
      "Node Type": "Aggregate",
      "Strategy": "Plain",
      "Partial Mode": "Finalize",
      "Parallel Aware": false,
      "Startup Cost": 246068.41,
      "Total Cost": 246068.42,
      "Plan Rows": 1,
      "Plan Width": 8,
      "Actual Startup Time": 2063.228,
      "Actual Total Time": 2108.728,
      "Actual Rows": 1,
      "Actual Loops": 1,
      "Plans": [
        {
          "Node Type": "Gather",
          "Parent Relationship": "Outer",
          "Parallel Aware": false,
          "Startup Cost": 246068.09,
          "Total Cost": 246068.4,
          "Plan Rows": 3,
          "Plan Width": 8,
          "Actual Startup Time": 2053.151,
          "Actual Total Time": 2108.717,
          "Actual Rows": 4,
          "Actual Loops": 1,
          "Workers Planned": 3,
          "Workers Launched": 3,
          "Single Copy": false,
          "Plans": [
            {
              "Node Type": "Aggregate",
              "Strategy": "Plain",
              "Partial Mode": "Partial",
              "Parent Relationship": "Outer",
              "Parallel Aware": false,
              "Startup Cost": 245068.09,
              "Total Cost": 245068.1,
              "Plan Rows": 1,
              "Plan Width": 8,
              "Actual Startup Time": 2037.008,
              "Actual Total Time": 2037.015,
              "Actual Rows": 1,
              "Actual Loops": 4,
              "Plans": [
                {
                  "Node Type": "Nested Loop",
                  "Parent Relationship": "Outer",
                  "Parallel Aware": false,
                  "Join Type": "Inner",
                  "Startup Cost": 55824.02,
                  "Total Cost": 243817.52,
                  "Plan Rows": 500227,
                  "Plan Width": 0,
                  "Actual Startup Time": 394.193,
                  "Actual Total Time": 1870.734,
                  "Actual Rows": 3988074,
                  "Actual Loops": 4,
                  "Inner Unique": false,
                  "Plans": [
                    {
                      "Node Type": "Hash Join",
                      "Parent Relationship": "Outer",
                      "Parallel Aware": true,
                      "Join Type": "Inner",
                      "Startup Cost": 55823.58,
                      "Total Cost": 81566.13,
                      "Plan Rows": 85193,
                      "Plan Width": 8,
                      "Actual Startup Time": 394.083,
                      "Actual Total Time": 462.649,
                      "Actual Rows": 67574,
                      "Actual Loops": 4,
                      "Inner Unique": true,
                      "Hash Cond": "(mk.movie_id = t.id)",
                      "Plans": [
                        {
                          "Node Type": "Bitmap Heap Scan",
                          "Parent Relationship": "Outer",
                          "Parallel Aware": true,
                          "Relation Name": "movie_keyword",
                          "Alias": "mk",
                          "Startup Cost": 5603.2,
                          "Total Cost": 31122.12,
                          "Plan Rows": 85193,
                          "Plan Width": 4,
                          "Actual Startup Time": 19.445,
                          "Actual Total Time": 54.188,
                          "Actual Rows": 67574,
                          "Actual Loops": 4,
                          "Recheck Cond": "(keyword_id > 58268)",
                          "Rows Removed by Index Recheck": 0,
                          "Exact Heap Blocks": 5887,
                          "Lossy Heap Blocks": 0,
                          "Plans": [
                            {
                              "Node Type": "Bitmap Index Scan",
                              "Parent Relationship": "Outer",
                              "Parallel Aware": false,
                              "Index Name": "keyword_id_movie_keyword",
                              "Startup Cost": 0.0,
                              "Total Cost": 5537.18,
                              "Plan Rows": 264099,
                              "Plan Width": 0,
                              "Actual Startup Time": 16.354,
                              "Actual Total Time": 16.354,
                              "Actual Rows": 270295,
                              "Actual Loops": 1,
                              "Index Cond": "(keyword_id > 58268)"
                            }
                          ]
                        },
                        {
                          "Node Type": "Hash",
                          "Parent Relationship": "Inner",
                          "Parallel Aware": true,
                          "Startup Cost": 42319.06,
                          "Total Cost": 42319.06,
                          "Plan Rows": 632106,
                          "Plan Width": 4,
                          "Actual Startup Time": 363.89,
                          "Actual Total Time": 363.891,
                          "Actual Rows": 632078,
                          "Actual Loops": 4,
                          "Hash Buckets": 4194304,
                          "Original Hash Buckets": 4194304,
                          "Hash Batches": 1,
                          "Original Hash Batches": 1,
                          "Peak Memory Usage": 131744,
                          "Plans": [
                            {
                              "Node Type": "Seq Scan",
                              "Parent Relationship": "Outer",
                              "Parallel Aware": true,
                              "Relation Name": "title",
                              "Alias": "t",
                              "Startup Cost": 0.0,
                              "Total Cost": 42319.06,
                              "Plan Rows": 632106,
                              "Plan Width": 4,
                              "Actual Startup Time": 0.05,
                              "Actual Total Time": 104.843,
                              "Actual Rows": 632078,
                              "Actual Loops": 4
                            }
                          ]
                        }
                      ]
                    },
                    {
                      "Node Type": "Index Only Scan",
                      "Parent Relationship": "Inner",
                      "Parallel Aware": false,
                      "Scan Direction": "Forward",
                      "Index Name": "movie_id_movie_info",
                      "Relation Name": "movie_info",
                      "Alias": "mi",
                      "Startup Cost": 0.43,
                      "Total Cost": 1.49,
                      "Plan Rows": 41,
                      "Plan Width": 4,
                      "Actual Startup Time": 0.004,
                      "Actual Total Time": 0.017,
                      "Actual Rows": 59,
                      "Actual Loops": 270295,
                      "Index Cond": "(movie_id = t.id)",
                      "Rows Removed by Index Recheck": 0,
                      "Heap Fetches": 15952298
                    }
                  ]
                }
              ]
            }
          ]
        }
      ]
    },
    "Planning Time": 0.868,
    "Triggers": [],
    "Execution Time": 2108.812
  }
]