[
  {
    "Plan": {
      "Node Type": "Aggregate",
      "Strategy": "Plain",
      "Partial Mode": "Finalize",
      "Parallel Aware": false,
      "Startup Cost": 60722.55,
      "Total Cost": 60722.56,
      "Plan Rows": 1,
      "Plan Width": 8,
      "Actual Startup Time": 120.56,
      "Actual Total Time": 134.067,
      "Actual Rows": 1,
      "Actual Loops": 1,
      "Plans": [
        {
          "Node Type": "Gather",
          "Parent Relationship": "Outer",
          "Parallel Aware": false,
          "Startup Cost": 60722.13,
          "Total Cost": 60722.54,
          "Plan Rows": 4,
          "Plan Width": 8,
          "Actual Startup Time": 120.403,
          "Actual Total Time": 134.058,
          "Actual Rows": 5,
          "Actual Loops": 1,
          "Workers Planned": 4,
          "Workers Launched": 4,
          "Single Copy": false,
          "Plans": [
            {
              "Node Type": "Aggregate",
              "Strategy": "Plain",
              "Partial Mode": "Partial",
              "Parent Relationship": "Outer",
              "Parallel Aware": false,
              "Startup Cost": 59722.13,
              "Total Cost": 59722.14,
              "Plan Rows": 1,
              "Plan Width": 8,
              "Actual Startup Time": 110.263,
              "Actual Total Time": 110.265,
              "Actual Rows": 1,
              "Actual Loops": 5,
              "Plans": [
                {
                  "Node Type": "Nested Loop",
                  "Parent Relationship": "Outer",
                  "Parallel Aware": false,
                  "Join Type": "Inner",
                  "Startup Cost": 0.43,
                  "Total Cost": 59714.82,
                  "Plan Rows": 2927,
                  "Plan Width": 0,
                  "Actual Startup Time": 2.498,
                  "Actual Total Time": 109.77,
                  "Actual Rows": 7042,
                  "Actual Loops": 5,
                  "Inner Unique": false,
                  "Plans": [
                    {
                      "Node Type": "Seq Scan",
                      "Parent Relationship": "Outer",
                      "Parallel Aware": true,
                      "Relation Name": "title",
                      "Alias": "t",
                      "Startup Cost": 0.0,
                      "Total Cost": 45479.59,
                      "Plan Rows": 1636,
                      "Plan Width": 4,
                      "Actual Startup Time": 1.855,
                      "Actual Total Time": 90.366,
                      "Actual Rows": 1466,
                      "Actual Loops": 5,
                      "Filter": "((kind_id < 7) AND (production_year = 1984))",
                      "Rows Removed by Filter": 504197
                    },
                    {
                      "Node Type": "Index Only Scan",
                      "Parent Relationship": "Inner",
                      "Parallel Aware": false,
                      "Scan Direction": "Forward",
                      "Index Name": "movie_id_movie_keyword",
                      "Relation Name": "movie_keyword",
                      "Alias": "mk",
                      "Startup Cost": 0.43,
                      "Total Cost": 8.24,
                      "Plan Rows": 46,
                      "Plan Width": 4,
                      "Actual Startup Time": 0.011,
                      "Actual Total Time": 0.012,
                      "Actual Rows": 5,
                      "Actual Loops": 7329,
                      "Index Cond": "(movie_id = t.id)",
                      "Rows Removed by Index Recheck": 0,
                      "Heap Fetches": 35212
                    }
                  ]
                }
              ]
            }
          ]
        }
      ]
    },
    "Planning Time": 0.615,
    "Triggers": [],
    "Execution Time": 134.142
  }
]