[
  {
    "Plan": {
      "Node Type": "Aggregate",
      "Strategy": "Plain",
      "Partial Mode": "Finalize",
      "Parallel Aware": false,
      "Startup Cost": 45710.43,
      "Total Cost": 45710.44,
      "Plan Rows": 1,
      "Plan Width": 8,
      "Actual Startup Time": 164.974,
      "Actual Total Time": 182.083,
      "Actual Rows": 1,
      "Actual Loops": 1,
      "Plans": [
        {
          "Node Type": "Gather",
          "Parent Relationship": "Outer",
          "Parallel Aware": false,
          "Startup Cost": 45710.12,
          "Total Cost": 45710.43,
          "Plan Rows": 3,
          "Plan Width": 8,
          "Actual Startup Time": 164.815,
          "Actual Total Time": 182.073,
          "Actual Rows": 4,
          "Actual Loops": 1,
          "Workers Planned": 3,
          "Workers Launched": 3,
          "Single Copy": false,
          "Plans": [
            {
              "Node Type": "Aggregate",
              "Strategy": "Plain",
              "Partial Mode": "Partial",
              "Parent Relationship": "Outer",
              "Parallel Aware": false,
              "Startup Cost": 44710.12,
              "Total Cost": 44710.13,
              "Plan Rows": 1,
              "Plan Width": 8,
              "Actual Startup Time": 160.543,
              "Actual Total Time": 160.544,
              "Actual Rows": 1,
              "Actual Loops": 4,
              "Plans": [
                {
                  "Node Type": "Seq Scan",
                  "Parent Relationship": "Outer",
                  "Parallel Aware": true,
                  "Relation Name": "movie_keyword",
                  "Alias": "mk",
                  "Startup Cost": 0.0,
                  "Total Cost": 42695.65,
                  "Plan Rows": 805785,
                  "Plan Width": 0,
                  "Actual Startup Time": 0.263,
                  "Actual Total Time": 129.32,
                  "Actual Rows": 624099,
                  "Actual Loops": 4,
                  "Filter": "(keyword_id > 3635)",
                  "Rows Removed by Filter": 506883
                }
              ]
            }
          ]
        }
      ]
    },
    "Planning Time": 0.127,
    "Triggers": [],
    "Execution Time": 182.134
  }
]