[
  {
    "Plan": {
      "Node Type": "Aggregate",
      "Strategy": "Plain",
      "Partial Mode": "Finalize",
      "Parallel Aware": false,
      "Startup Cost": 93421.84,
      "Total Cost": 93421.85,
      "Plan Rows": 1,
      "Plan Width": 8,
      "Actual Startup Time": 416.922,
      "Actual Total Time": 432.353,
      "Actual Rows": 1,
      "Actual Loops": 1,
      "Plans": [
        {
          "Node Type": "Gather",
          "Parent Relationship": "Outer",
          "Parallel Aware": false,
          "Startup Cost": 93421.53,
          "Total Cost": 93421.84,
          "Plan Rows": 3,
          "Plan Width": 8,
          "Actual Startup Time": 412.163,
          "Actual Total Time": 432.336,
          "Actual Rows": 4,
          "Actual Loops": 1,
          "Workers Planned": 3,
          "Workers Launched": 3,
          "Single Copy": false,
          "Plans": [
            {
              "Node Type": "Aggregate",
              "Strategy": "Plain",
              "Partial Mode": "Partial",
              "Parent Relationship": "Outer",
              "Parallel Aware": false,
              "Startup Cost": 92421.53,
              "Total Cost": 92421.54,
              "Plan Rows": 1,
              "Plan Width": 8,
              "Actual Startup Time": 400.611,
              "Actual Total Time": 400.615,
              "Actual Rows": 1,
              "Actual Loops": 4,
              "Plans": [
                {
                  "Node Type": "Hash Join",
                  "Parent Relationship": "Outer",
                  "Parallel Aware": true,
                  "Join Type": "Inner",
                  "Startup Cost": 48410.07,
                  "Total Cost": 91958.09,
                  "Plan Rows": 185373,
                  "Plan Width": 0,
                  "Actual Startup Time": 254.299,
                  "Actual Total Time": 393.102,
                  "Actual Rows": 177506,
                  "Actual Loops": 4,
                  "Inner Unique": true,
                  "Hash Cond": "(mk.movie_id = t.id)",
                  "Plans": [
                    {
                      "Node Type": "Seq Scan",
                      "Parent Relationship": "Outer",
                      "Parallel Aware": true,
                      "Relation Name": "movie_keyword",
                      "Alias": "mk",
                      "Startup Cost": 0.0,
                      "Total Cost": 42695.65,
                      "Plan Rows": 324712,
                      "Plan Width": 4,
                      "Actual Startup Time": 1.48,
                      "Actual Total Time": 88.098,
                      "Actual Rows": 252240,
                      "Actual Loops": 4,
                      "Filter": "(keyword_id > 18168)",
                      "Rows Removed by Filter": 878742
                    },
                    {
                      "Node Type": "Hash",
                      "Parent Relationship": "Inner",
                      "Parallel Aware": true,
                      "Startup Cost": 43899.32,
                      "Total Cost": 43899.32,
                      "Plan Rows": 360860,
                      "Plan Width": 4,
                      "Actual Startup Time": 244.921,
                      "Actual Total Time": 244.922,
                      "Actual Rows": 360824,
                      "Actual Loops": 4,
                      "Hash Buckets": 2097152,
                      "Original Hash Buckets": 2097152,
                      "Hash Batches": 1,
                      "Original Hash Batches": 1,
                      "Peak Memory Usage": 72928,
                      "Plans": [
                        {
                          "Node Type": "Seq Scan",
                          "Parent Relationship": "Outer",
                          "Parallel Aware": true,
                          "Relation Name": "title",
                          "Alias": "t",
                          "Startup Cost": 0.0,
                          "Total Cost": 43899.32,
                          "Plan Rows": 360860,
                          "Plan Width": 4,
                          "Actual Startup Time": 0.052,
                          "Actual Total Time": 106.839,
                          "Actual Rows": 360824,
                          "Actual Loops": 4,
                          "Filter": "(production_year < 2006)",
                          "Rows Removed by Filter": 271254
                        }
                      ]
                    }
                  ]
                }
              ]
            }
          ]
        }
      ]
    },
    "Planning Time": 0.545,
    "Triggers": [],
    "Execution Time": 432.416
  }
]