[
  {
    "Plan": {
      "Node Type": "Aggregate",
      "Strategy": "Plain",
      "Partial Mode": "Finalize",
      "Parallel Aware": false,
      "Startup Cost": 32989.48,
      "Total Cost": 32989.49,
      "Plan Rows": 1,
      "Plan Width": 8,
      "Actual Startup Time": 92.719,
      "Actual Total Time": 101.05,
      "Actual Rows": 1,
      "Actual Loops": 1,
      "Plans": [
        {
          "Node Type": "Gather",
          "Parent Relationship": "Outer",
          "Parallel Aware": false,
          "Startup Cost": 32989.16,
          "Total Cost": 32989.47,
          "Plan Rows": 3,
          "Plan Width": 8,
          "Actual Startup Time": 92.603,
          "Actual Total Time": 101.044,
          "Actual Rows": 4,
          "Actual Loops": 1,
          "Workers Planned": 3,
          "Workers Launched": 3,
          "Single Copy": false,
          "Plans": [
            {
              "Node Type": "Aggregate",
              "Strategy": "Plain",
              "Partial Mode": "Partial",
              "Parent Relationship": "Outer",
              "Parallel Aware": false,
              "Startup Cost": 31989.16,
              "Total Cost": 31989.17,
              "Plan Rows": 1,
              "Plan Width": 8,
              "Actual Startup Time": 85.683,
              "Actual Total Time": 85.684,
              "Actual Rows": 1,
              "Actual Loops": 4,
              "Plans": [
                {
                  "Node Type": "Seq Scan",
                  "Parent Relationship": "Outer",
                  "Parallel Aware": true,
                  "Relation Name": "movie_companies",
                  "Alias": "mc",
                  "Startup Cost": 0.0,
                  "Total Cost": 31414.82,
                  "Plan Rows": 229737,
                  "Plan Width": 0,
                  "Actual Startup Time": 47.531,
                  "Actual Total Time": 80.555,
                  "Actual Rows": 112626,
                  "Actual Loops": 4,
                  "Filter": "((company_id < 12193) AND (company_type_id > 1))",
                  "Rows Removed by Filter": 539656
                }
              ]
            }
          ]
        }
      ]
    },
    "Planning Time": 0.212,
    "Triggers": [],
    "Execution Time": 101.105
  }
]