[
  {
    "Plan": {
      "Node Type": "Aggregate",
      "Strategy": "Plain",
      "Partial Mode": "Finalize",
      "Parallel Aware": false,
      "Startup Cost": 125588.65,
      "Total Cost": 125588.66,
      "Plan Rows": 1,
      "Plan Width": 8,
      "Actual Startup Time": 555.999,
      "Actual Total Time": 578.357,
      "Actual Rows": 1,
      "Actual Loops": 1,
      "Plans": [
        {
          "Node Type": "Gather",
          "Parent Relationship": "Outer",
          "Parallel Aware": false,
          "Startup Cost": 125588.33,
          "Total Cost": 125588.64,
          "Plan Rows": 3,
          "Plan Width": 8,
          "Actual Startup Time": 549.642,
          "Actual Total Time": 578.344,
          "Actual Rows": 4,
          "Actual Loops": 1,
          "Workers Planned": 3,
          "Workers Launched": 3,
          "Single Copy": false,
          "Plans": [
            {
              "Node Type": "Aggregate",
              "Strategy": "Plain",
              "Partial Mode": "Partial",
              "Parent Relationship": "Outer",
              "Parallel Aware": false,
              "Startup Cost": 124588.33,
              "Total Cost": 124588.34,
              "Plan Rows": 1,
              "Plan Width": 8,
              "Actual Startup Time": 540.672,
              "Actual Total Time": 540.811,
              "Actual Rows": 1,
              "Actual Loops": 4,
              "Plans": [
                {
                  "Node Type": "Hash Join",
                  "Parent Relationship": "Outer",
                  "Parallel Aware": true,
                  "Join Type": "Inner",
                  "Startup Cost": 79213.52,
                  "Total Cost": 124215.02,
                  "Plan Rows": 149323,
                  "Plan Width": 0,
                  "Actual Startup Time": 338.506,
                  "Actual Total Time": 538.852,
                  "Actual Rows": 38720,
                  "Actual Loops": 4,
                  "Inner Unique": false,
                  "Hash Cond": "(mk.movie_id = t.id)",
                  "Plans": [
                    {
                      "Node Type": "Seq Scan",
                      "Parent Relationship": "Outer",
                      "Parallel Aware": true,
                      "Relation Name": "movie_keyword",
                      "Alias": "mk",
                      "Startup Cost": 0.0,
                      "Total Cost": 39047.32,
                      "Plan Rows": 1459332,
                      "Plan Width": 4,
                      "Actual Startup Time": 0.062,
                      "Actual Total Time": 99.61,
                      "Actual Rows": 1130982,
                      "Actual Loops": 4
                    },
                    {
                      "Node Type": "Hash",
                      "Parent Relationship": "Inner",
                      "Parallel Aware": true,
                      "Startup Cost": 78170.32,
                      "Total Cost": 78170.32,
                      "Plan Rows": 83456,
                      "Plan Width": 8,
                      "Actual Startup Time": 335.639,
                      "Actual Total Time": 335.776,
                      "Actual Rows": 27057,
                      "Actual Loops": 4,
                      "Hash Buckets": 262144,
                      "Original Hash Buckets": 262144,
                      "Hash Batches": 1,
                      "Original Hash Batches": 1,
                      "Peak Memory Usage": 6336,
                      "Plans": [
                        {
                          "Node Type": "Hash Join",
                          "Parent Relationship": "Outer",
                          "Parallel Aware": true,
                          "Join Type": "Inner",
                          "Startup Cost": 48230.39,
                          "Total Cost": 78170.32,
                          "Plan Rows": 83456,
                          "Plan Width": 8,
                          "Actual Startup Time": 240.163,
                          "Actual Total Time": 324.608,
                          "Actual Rows": 27057,
                          "Actual Loops": 4,
                          "Inner Unique": true,
                          "Hash Cond": "(mc.movie_id = t.id)",
                          "Plans": [
                            {
                              "Node Type": "Seq Scan",
                              "Parent Relationship": "Outer",
                              "Parallel Aware": true,
                              "Relation Name": "movie_companies",
                              "Alias": "mc",
                              "Startup Cost": 0.0,
                              "Total Cost": 29310.68,
                              "Plan Rows": 239717,
                              "Plan Width": 4,
                              "Actual Startup Time": 16.107,
                              "Actual Total Time": 70.227,
                              "Actual Rows": 184306,
                              "Actual Loops": 4,
                              "Filter": "(company_id > 39239)",
                              "Rows Removed by Filter": 467976
                            },
                            {
                              "Node Type": "Hash",
                              "Parent Relationship": "Inner",
                              "Parallel Aware": true,
                              "Startup Cost": 45479.59,
                              "Total Cost": 45479.59,
                              "Plan Rows": 220064,
                              "Plan Width": 4,
                              "Actual Startup Time": 196.718,
                              "Actual Total Time": 196.719,
                              "Actual Rows": 200378,
                              "Actual Loops": 4,
                              "Hash Buckets": 1048576,
                              "Original Hash Buckets": 1048576,
                              "Hash Batches": 1,
                              "Original Hash Batches": 1,
                              "Peak Memory Usage": 39616,
                              "Plans": [
                                {
                                  "Node Type": "Seq Scan",
                                  "Parent Relationship": "Outer",
                                  "Parallel Aware": true,
                                  "Relation Name": "title",
                                  "Alias": "t",
                                  "Startup Cost": 0.0,
                                  "Total Cost": 45479.59,
                                  "Plan Rows": 220064,
                                  "Plan Width": 4,
                                  "Actual Startup Time": 0.058,
                                  "Actual Total Time": 115.856,
                                  "Actual Rows": 200378,
                                  "Actual Loops": 4,
                                  "Filter": "((production_year < 2006) AND (kind_id = 7))",
                                  "Rows Removed by Filter": 431700
                                }
                              ]
                            }
                          ]
                        }
                      ]
                    }
                  ]
                }
              ]
            }
          ]
        }
      ]
    },
    "Planning Time": 1.495,
    "Triggers": [],
    "Execution Time": 578.448
  }
]