[
  {
    "Plan": {
      "Node Type": "Aggregate",
      "Strategy": "Plain",
      "Partial Mode": "Finalize",
      "Parallel Aware": false,
      "Startup Cost": 363171.4,
      "Total Cost": 363171.41,
      "Plan Rows": 1,
      "Plan Width": 8,
      "Actual Startup Time": 1074.425,
      "Actual Total Time": 1101.303,
      "Actual Rows": 1,
      "Actual Loops": 1,
      "Plans": [
        {
          "Node Type": "Gather",
          "Parent Relationship": "Outer",
          "Parallel Aware": false,
          "Startup Cost": 363171.08,
          "Total Cost": 363171.39,
          "Plan Rows": 3,
          "Plan Width": 8,
          "Actual Startup Time": 1064.48,
          "Actual Total Time": 1101.291,
          "Actual Rows": 4,
          "Actual Loops": 1,
          "Workers Planned": 3,
          "Workers Launched": 3,
          "Single Copy": false,
          "Plans": [
            {
              "Node Type": "Aggregate",
              "Strategy": "Plain",
              "Partial Mode": "Partial",
              "Parent Relationship": "Outer",
              "Parallel Aware": false,
              "Startup Cost": 362171.08,
              "Total Cost": 362171.09,
              "Plan Rows": 1,
              "Plan Width": 8,
              "Actual Startup Time": 1054.909,
              "Actual Total Time": 1054.918,
              "Actual Rows": 1,
              "Actual Loops": 4,
              "Plans": [
                {
                  "Node Type": "Hash Join",
                  "Parent Relationship": "Outer",
                  "Parallel Aware": true,
                  "Join Type": "Inner",
                  "Startup Cost": 330380.23,
                  "Total Cost": 361314.22,
                  "Plan Rows": 342742,
                  "Plan Width": 0,
                  "Actual Startup Time": 722.982,
                  "Actual Total Time": 1015.585,
                  "Actual Rows": 939799,
                  "Actual Loops": 4,
                  "Inner Unique": false,
                  "Hash Cond": "(mc.movie_id = t.id)",
                  "Plans": [
                    {
                      "Node Type": "Seq Scan",
                      "Parent Relationship": "Outer",
                      "Parallel Aware": true,
                      "Relation Name": "movie_companies",
                      "Alias": "mc",
                      "Startup Cost": 0.0,
                      "Total Cost": 27206.55,
                      "Plan Rows": 841655,
                      "Plan Width": 4,
                      "Actual Startup Time": 0.02,
                      "Actual Total Time": 59.351,
                      "Actual Rows": 652282,
                      "Actual Loops": 4
                    },
                    {
                      "Node Type": "Hash",
                      "Parent Relationship": "Inner",
                      "Parallel Aware": true,
                      "Startup Cost": 328235.16,
                      "Total Cost": 328235.16,
                      "Plan Rows": 171606,
                      "Plan Width": 8,
                      "Actual Startup Time": 720.217,
                      "Actual Total Time": 720.223,
                      "Actual Rows": 246157,
                      "Actual Loops": 4,
                      "Hash Buckets": 1048576,
                      "Original Hash Buckets": 1048576,
                      "Hash Batches": 1,
                      "Original Hash Batches": 1,
                      "Peak Memory Usage": 46784,
                      "Plans": [
                        {
                          "Node Type": "Hash Join",
                          "Parent Relationship": "Outer",
                          "Parallel Aware": true,
                          "Join Type": "Inner",
                          "Startup Cost": 72952.62,
                          "Total Cost": 328235.16,
                          "Plan Rows": 171606,
                          "Plan Width": 8,
                          "Actual Startup Time": 411.372,
                          "Actual Total Time": 619.511,
                          "Actual Rows": 246157,
                          "Actual Loops": 4,
                          "Inner Unique": true,
                          "Hash Cond": "(ci.movie_id = t.id)",
                          "Plans": [
                            {
                              "Node Type": "Bitmap Heap Scan",
                              "Parent Relationship": "Outer",
                              "Parallel Aware": true,
                              "Relation Name": "cast_info",
                              "Alias": "ci",
                              "Startup Cost": 22732.24,
                              "Total Cost": 277564.31,
                              "Plan Rows": 171606,
                              "Plan Width": 4,
                              "Actual Startup Time": 34.553,
                              "Actual Total Time": 89.456,
                              "Actual Rows": 246157,
                              "Actual Loops": 4,
                              "Recheck Cond": "(person_id > 3872447)",
                              "Rows Removed by Index Recheck": 0,
                              "Exact Heap Blocks": 3944,
                              "Lossy Heap Blocks": 0,
                              "Plans": [
                                {
                                  "Node Type": "Bitmap Index Scan",
                                  "Parent Relationship": "Outer",
                                  "Parallel Aware": false,
                                  "Index Name": "person_id_cast_info",
                                  "Startup Cost": 0.0,
                                  "Total Cost": 22474.83,
                                  "Plan Rows": 1029635,
                                  "Plan Width": 0,
                                  "Actual Startup Time": 32.346,
                                  "Actual Total Time": 32.346,
                                  "Actual Rows": 984627,
                                  "Actual Loops": 1,
                                  "Index Cond": "(person_id > 3872447)"
                                }
                              ]
                            },
                            {
                              "Node Type": "Hash",
                              "Parent Relationship": "Inner",
                              "Parallel Aware": true,
                              "Startup Cost": 42319.06,
                              "Total Cost": 42319.06,
                              "Plan Rows": 632106,
                              "Plan Width": 4,
                              "Actual Startup Time": 369.377,
                              "Actual Total Time": 369.379,
                              "Actual Rows": 632078,
                              "Actual Loops": 4,
                              "Hash Buckets": 4194304,
                              "Original Hash Buckets": 4194304,
                              "Hash Batches": 1,
                              "Original Hash Batches": 1,
                              "Peak Memory Usage": 131744,
                              "Plans": [
                                {
                                  "Node Type": "Seq Scan",
                                  "Parent Relationship": "Outer",
                                  "Parallel Aware": true,
                                  "Relation Name": "title",
                                  "Alias": "t",
                                  "Startup Cost": 0.0,
                                  "Total Cost": 42319.06,
                                  "Plan Rows": 632106,
                                  "Plan Width": 4,
                                  "Actual Startup Time": 0.054,
                                  "Actual Total Time": 101.371,
                                  "Actual Rows": 632078,
                                  "Actual Loops": 4
                                }
                              ]
                            }
                          ]
                        }
                      ]
                    }
                  ]
                }
              ]
            }
          ]
        }
      ]
    },
    "Planning Time": 0.395,
    "Triggers": [],
    "Execution Time": 1101.35
  }
]