[
  {
    "Plan": {
      "Node Type": "Aggregate",
      "Strategy": "Plain",
      "Partial Mode": "Finalize",
      "Parallel Aware": false,
      "Startup Cost": 338148.08,
      "Total Cost": 338148.09,
      "Plan Rows": 1,
      "Plan Width": 8,
      "Actual Startup Time": 353.067,
      "Actual Total Time": 371.102,
      "Actual Rows": 1,
      "Actual Loops": 1,
      "Plans": [
        {
          "Node Type": "Gather",
          "Parent Relationship": "Outer",
          "Parallel Aware": false,
          "Startup Cost": 338147.46,
          "Total Cost": 338148.07,
          "Plan Rows": 6,
          "Plan Width": 8,
          "Actual Startup Time": 347.412,
          "Actual Total Time": 371.085,
          "Actual Rows": 7,
          "Actual Loops": 1,
          "Workers Planned": 6,
          "Workers Launched": 6,
          "Single Copy": false,
          "Plans": [
            {
              "Node Type": "Aggregate",
              "Strategy": "Plain",
              "Partial Mode": "Partial",
              "Parent Relationship": "Outer",
              "Parallel Aware": false,
              "Startup Cost": 337147.46,
              "Total Cost": 337147.47,
              "Plan Rows": 1,
              "Plan Width": 8,
              "Actual Startup Time": 337.791,
              "Actual Total Time": 337.797,
              "Actual Rows": 1,
              "Actual Loops": 7,
              "Plans": [
                {
                  "Node Type": "Nested Loop",
                  "Parent Relationship": "Outer",
                  "Parallel Aware": false,
                  "Join Type": "Inner",
                  "Startup Cost": 70210.58,
                  "Total Cost": 337126.79,
                  "Plan Rows": 8266,
                  "Plan Width": 0,
                  "Actual Startup Time": 168.759,
                  "Actual Total Time": 336.546,
                  "Actual Rows": 12767,
                  "Actual Loops": 7,
                  "Inner Unique": false,
                  "Plans": [
                    {
                      "Node Type": "Hash Join",
                      "Parent Relationship": "Outer",
                      "Parallel Aware": true,
                      "Join Type": "Inner",
                      "Startup Cost": 70210.15,
                      "Total Cost": 325643.21,
                      "Plan Rows": 15673,
                      "Plan Width": 8,
                      "Actual Startup Time": 167.598,
                      "Actual Total Time": 251.594,
                      "Actual Rows": 24331,
                      "Actual Loops": 7,
                      "Inner Unique": true,
                      "Hash Cond": "(ci.movie_id = t.id)",
                      "Plans": [
                        {
                          "Node Type": "Bitmap Heap Scan",
                          "Parent Relationship": "Outer",
                          "Parallel Aware": true,
                          "Relation Name": "cast_info",
                          "Alias": "ci",
                          "Startup Cost": 22681.47,
                          "Total Cost": 277955.89,
                          "Plan Rows": 60436,
                          "Plan Width": 4,
                          "Actual Startup Time": 42.927,
                          "Actual Total Time": 85.329,
                          "Actual Rows": 112007,
                          "Actual Loops": 7,
                          "Recheck Cond": "(person_id < 109822)",
                          "Rows Removed by Index Recheck": 0,
                          "Filter": "(role_id = 1)",
                          "Rows Removed by Filter": 41582,
                          "Exact Heap Blocks": 1967,
                          "Lossy Heap Blocks": 0,
                          "Plans": [
                            {
                              "Node Type": "Bitmap Index Scan",
                              "Parent Relationship": "Outer",
                              "Parallel Aware": false,
                              "Index Name": "person_id_cast_info",
                              "Startup Cost": 0.0,
                              "Total Cost": 22590.82,
                              "Plan Rows": 1034967,
                              "Plan Width": 0,
                              "Actual Startup Time": 40.719,
                              "Actual Total Time": 40.72,
                              "Actual Rows": 1075122,
                              "Actual Loops": 1,
                              "Index Cond": "(person_id < 109822)"
                            }
                          ]
                        },
                        {
                          "Node Type": "Hash",
                          "Parent Relationship": "Inner",
                          "Parallel Aware": true,
                          "Startup Cost": 45479.59,
                          "Total Cost": 45479.59,
                          "Plan Rows": 163927,
                          "Plan Width": 4,
                          "Actual Startup Time": 122.368,
                          "Actual Total Time": 122.37,
                          "Actual Rows": 80560,
                          "Actual Loops": 7,
                          "Hash Buckets": 1048576,
                          "Original Hash Buckets": 1048576,
                          "Hash Batches": 1,
                          "Original Hash Batches": 1,
                          "Peak Memory Usage": 30368,
                          "Plans": [
                            {
                              "Node Type": "Seq Scan",
                              "Parent Relationship": "Outer",
                              "Parallel Aware": true,
                              "Relation Name": "title",
                              "Alias": "t",
                              "Startup Cost": 0.0,
                              "Total Cost": 45479.59,
                              "Plan Rows": 163927,
                              "Plan Width": 4,
                              "Actual Startup Time": 0.031,
                              "Actual Total Time": 81.138,
                              "Actual Rows": 80560,
                              "Actual Loops": 7,
                              "Filter": "((kind_id > 4) AND (production_year < 2001))",
                              "Rows Removed by Filter": 280628
                            }
                          ]
                        }
                      ]
                    },
                    {
                      "Node Type": "Index Scan",
                      "Parent Relationship": "Inner",
                      "Parallel Aware": false,
                      "Scan Direction": "Forward",
                      "Index Name": "movie_id_movie_companies",
                      "Relation Name": "movie_companies",
                      "Alias": "mc",
                      "Startup Cost": 0.43,
                      "Total Cost": 0.7,
                      "Plan Rows": 3,
                      "Plan Width": 4,
                      "Actual Startup Time": 0.003,
                      "Actual Total Time": 0.003,
                      "Actual Rows": 1,
                      "Actual Loops": 170320,
                      "Index Cond": "(movie_id = t.id)",
                      "Rows Removed by Index Recheck": 0,
                      "Filter": "(company_type_id > 1)",
                      "Rows Removed by Filter": 0
                    }
                  ]
                }
              ]
            }
          ]
        }
      ]
    },
    "Planning Time": 0.66,
    "Triggers": [],
    "Execution Time": 371.173
  }
]