{
  "Plan": {
    "Node Type": "Aggregate",
    "Strategy": "Plain",
    "Partial Mode": "Finalize",
    "Parallel Aware": false,
    "Startup Cost": 92305.04,
    "Total Cost": 92305.05,
    "Plan Rows": 1,
    "Plan Width": 8,
    "Actual Startup Time": 424.632,
    "Actual Total Time": 437.429,
    "Actual Rows": 1,
    "Actual Loops": 1,
    "Plans": [
      {
        "Node Type": "Gather",
        "Parent Relationship": "Outer",
        "Parallel Aware": false,
        "Startup Cost": 92304.93,
        "Total Cost": 92305.04,
        "Plan Rows": 1,
        "Plan Width": 8,
        "Actual Startup Time": 423.455,
        "Actual Total Time": 437.417,
        "Actual Rows": 2,
        "Actual Loops": 1,
        "Workers Planned": 1,
        "Workers Launched": 1,
        "Single Copy": false,
        "Plans": [
          {
            "Node Type": "Aggregate",
            "Strategy": "Plain",
            "Partial Mode": "Partial",
            "Parent Relationship": "Outer",
            "Parallel Aware": false,
            "Startup Cost": 91304.93,
            "Total Cost": 91304.94,
            "Plan Rows": 1,
            "Plan Width": 8,
            "Actual Startup Time": 417.517,
            "Actual Total Time": 417.521,
            "Actual Rows": 1,
            "Actual Loops": 2,
            "Plans": [
              {
                "Node Type": "Hash Join",
                "Parent Relationship": "Outer",
                "Parallel Aware": true,
                "Join Type": "Inner",
                "Startup Cost": 32350.7,
                "Total Cost": 91089.93,
                "Plan Rows": 86000,
                "Plan Width": 0,
                "Actual Startup Time": 137.905,
                "Actual Total Time": 408.277,
                "Actual Rows": 172971,
                "Actual Loops": 2,
                "Inner Unique": false,
                "Hash Cond": "(t.id = mc.movie_id)",
                "Plans": [
                  {
                    "Node Type": "Seq Scan",
                    "Parent Relationship": "Outer",
                    "Parallel Aware": true,
                    "Relation Name": "title",
                    "Alias": "t",
                    "Startup Cost": 0.0,
                    "Total Cost": 54588.39,
                    "Plan Rows": 583193,
                    "Plan Width": 4,
                    "Actual Startup Time": 0.014,
                    "Actual Total Time": 148.237,
                    "Actual Rows": 492524,
                    "Actual Loops": 2,
                    "Filter": "(kind_id < 7)",
                    "Rows Removed by Filter": 771632
                  },
                  {
                    "Node Type": "Hash",
                    "Parent Relationship": "Inner",
                    "Parallel Aware": true,
                    "Startup Cost": 29609.29,
                    "Total Cost": 29609.29,
                    "Plan Rows": 219313,
                    "Plan Width": 4,
                    "Actual Startup Time": 127.414,
                    "Actual Total Time": 127.416,
                    "Actual Rows": 188535,
                    "Actual Loops": 2,
                    "Hash Buckets": 524288,
                    "Original Hash Buckets": 524288,
                    "Hash Batches": 1,
                    "Original Hash Batches": 1,
                    "Peak Memory Usage": 18880,
                    "Plans": [
                      {
                        "Node Type": "Bitmap Heap Scan",
                        "Parent Relationship": "Outer",
                        "Parallel Aware": true,
                        "Relation Name": "movie_companies",
                        "Alias": "mc",
                        "Startup Cost": 8077.88,
                        "Total Cost": 29609.29,
                        "Plan Rows": 219313,
                        "Plan Width": 4,
                        "Actual Startup Time": 33.388,
                        "Actual Total Time": 78.751,
                        "Actual Rows": 188535,
                        "Actual Loops": 2,
                        "Recheck Cond": "(company_id > 84725)",
                        "Rows Removed by Index Recheck": 0,
                        "Exact Heap Blocks": 3191,
                        "Lossy Heap Blocks": 0,
                        "Plans": [
                          {
                            "Node Type": "Bitmap Index Scan",
                            "Parent Relationship": "Outer",
                            "Parallel Aware": false,
                            "Index Name": "company_id_movie_companies",
                            "Startup Cost": 0.0,
                            "Total Cost": 7984.67,
                            "Plan Rows": 372832,
                            "Plan Width": 0,
                            "Actual Startup Time": 32.532,
                            "Actual Total Time": 32.533,
                            "Actual Rows": 377070,
                            "Actual Loops": 1,
                            "Index Cond": "(company_id > 84725)"
                          }
                        ]
                      }
                    ]
                  }
                ]
              }
            ]
          }
        ]
      }
    ]
  },
  "Planning Time": 0.456,
  "Triggers": [],
  "Execution Time": 437.526
}