[
  {
    "Plan": {
      "Node Type": "Aggregate",
      "Strategy": "Plain",
      "Partial Mode": "Finalize",
      "Parallel Aware": false,
      "Startup Cost": 122660.21,
      "Total Cost": 122660.22,
      "Plan Rows": 1,
      "Plan Width": 8,
      "Actual Startup Time": 1249.777,
      "Actual Total Time": 1287.934,
      "Actual Rows": 1,
      "Actual Loops": 1,
      "Plans": [
        {
          "Node Type": "Gather",
          "Parent Relationship": "Outer",
          "Parallel Aware": false,
          "Startup Cost": 122659.9,
          "Total Cost": 122660.21,
          "Plan Rows": 3,
          "Plan Width": 8,
          "Actual Startup Time": 1232.404,
          "Actual Total Time": 1287.909,
          "Actual Rows": 4,
          "Actual Loops": 1,
          "Workers Planned": 3,
          "Workers Launched": 3,
          "Single Copy": false,
          "Plans": [
            {
              "Node Type": "Aggregate",
              "Strategy": "Plain",
              "Partial Mode": "Partial",
              "Parent Relationship": "Outer",
              "Parallel Aware": false,
              "Startup Cost": 121659.9,
              "Total Cost": 121659.91,
              "Plan Rows": 1,
              "Plan Width": 8,
              "Actual Startup Time": 1224.988,
              "Actual Total Time": 1225.338,
              "Actual Rows": 1,
              "Actual Loops": 4,
              "Plans": [
                {
                  "Node Type": "Hash Join",
                  "Parent Relationship": "Outer",
                  "Parallel Aware": true,
                  "Join Type": "Inner",
                  "Startup Cost": 90466.04,
                  "Total Cost": 121511.45,
                  "Plan Rows": 59380,
                  "Plan Width": 0,
                  "Actual Startup Time": 712.856,
                  "Actual Total Time": 1106.411,
                  "Actual Rows": 1842830,
                  "Actual Loops": 4,
                  "Inner Unique": false,
                  "Hash Cond": "(mc.movie_id = t.id)",
                  "Plans": [
                    {
                      "Node Type": "Seq Scan",
                      "Parent Relationship": "Outer",
                      "Parallel Aware": true,
                      "Relation Name": "movie_companies",
                      "Alias": "mc",
                      "Startup Cost": 0.0,
                      "Total Cost": 29310.68,
                      "Plan Rows": 411513,
                      "Plan Width": 4,
                      "Actual Startup Time": 0.031,
                      "Actual Total Time": 107.888,
                      "Actual Rows": 318562,
                      "Actual Loops": 4,
                      "Filter": "(company_type_id < 2)",
                      "Rows Removed by Filter": 333721
                    },
                    {
                      "Node Type": "Hash",
                      "Parent Relationship": "Inner",
                      "Parallel Aware": true,
                      "Startup Cost": 88994.89,
                      "Total Cost": 88994.89,
                      "Plan Rows": 117692,
                      "Plan Width": 8,
                      "Actual Startup Time": 709.089,
                      "Actual Total Time": 709.436,
                      "Actual Rows": 307791,
                      "Actual Loops": 4,
                      "Hash Buckets": 2097152,
                      "Original Hash Buckets": 524288,
                      "Hash Batches": 1,
                      "Original Hash Batches": 1,
                      "Peak Memory Usage": 76928,
                      "Plans": [
                        {
                          "Node Type": "Hash Join",
                          "Parent Relationship": "Outer",
                          "Parallel Aware": true,
                          "Join Type": "Inner",
                          "Startup Cost": 46116.81,
                          "Total Cost": 88994.89,
                          "Plan Rows": 117692,
                          "Plan Width": 8,
                          "Actual Startup Time": 184.269,
                          "Actual Total Time": 538.647,
                          "Actual Rows": 307791,
                          "Actual Loops": 4,
                          "Inner Unique": true,
                          "Hash Cond": "(mk.movie_id = t.id)",
                          "Plans": [
                            {
                              "Node Type": "Seq Scan",
                              "Parent Relationship": "Outer",
                              "Parallel Aware": true,
                              "Relation Name": "movie_keyword",
                              "Alias": "mk",
                              "Startup Cost": 0.0,
                              "Total Cost": 39047.32,
                              "Plan Rows": 1459332,
                              "Plan Width": 4,
                              "Actual Startup Time": 0.037,
                              "Actual Total Time": 146.234,
                              "Actual Rows": 1130982,
                              "Actual Loops": 4
                            },
                            {
                              "Node Type": "Hash",
                              "Parent Relationship": "Inner",
                              "Parallel Aware": true,
                              "Startup Cost": 45479.59,
                              "Total Cost": 45479.59,
                              "Plan Rows": 50978,
                              "Plan Width": 4,
                              "Actual Startup Time": 183.221,
                              "Actual Total Time": 183.223,
                              "Actual Rows": 80145,
                              "Actual Loops": 4,
                              "Hash Buckets": 524288,
                              "Original Hash Buckets": 262144,
                              "Hash Batches": 1,
                              "Original Hash Batches": 1,
                              "Peak Memory Usage": 18720,
                              "Plans": [
                                {
                                  "Node Type": "Seq Scan",
                                  "Parent Relationship": "Outer",
                                  "Parallel Aware": true,
                                  "Relation Name": "title",
                                  "Alias": "t",
                                  "Startup Cost": 0.0,
                                  "Total Cost": 45479.59,
                                  "Plan Rows": 50978,
                                  "Plan Width": 4,
                                  "Actual Startup Time": 0.113,
                                  "Actual Total Time": 132.25,
                                  "Actual Rows": 80145,
                                  "Actual Loops": 4,
                                  "Filter": "((kind_id < 7) AND (production_year < 1982))",
                                  "Rows Removed by Filter": 551933
                                }
                              ]
                            }
                          ]
                        }
                      ]
                    }
                  ]
                }
              ]
            }
          ]
        }
      ]
    },
    "Planning Time": 1.37,
    "Triggers": [],
    "Execution Time": 1288.015
  }
]