[
    {
        "Bao": {
            "Bao prediction": 1168.972,
            "Bao recommended hint": "SET enable_nestloop TO off; "
        }
    },
    {
        "Plan": {
            "Node Type": "Aggregate",
            "Strategy": "Plain",
            "Partial Mode": "Finalize",
            "Parallel Aware": false,
            "Startup Cost": 287205.75,
            "Total Cost": 287205.76,
            "Plan Rows": 1,
            "Plan Width": 8,
            "Actual Startup Time": 965.183,
            "Actual Total Time": 997.908,
            "Actual Rows": 1,
            "Actual Loops": 1,
            "Output": [
                "count(*)"
            ],
            "Plans": [
                {
                    "Node Type": "Gather",
                    "Parent Relationship": "Outer",
                    "Parallel Aware": false,
                    "Startup Cost": 287205.23,
                    "Total Cost": 287205.74,
                    "Plan Rows": 5,
                    "Plan Width": 8,
                    "Actual Startup Time": 961.525,
                    "Actual Total Time": 997.898,
                    "Actual Rows": 6,
                    "Actual Loops": 1,
                    "Output": [
                        "(PARTIAL count(*))"
                    ],
                    "Workers Planned": 5,
                    "Workers Launched": 5,
                    "Single Copy": false,
                    "Plans": [
                        {
                            "Node Type": "Aggregate",
                            "Strategy": "Plain",
                            "Partial Mode": "Partial",
                            "Parent Relationship": "Outer",
                            "Parallel Aware": false,
                            "Startup Cost": 286205.23,
                            "Total Cost": 286205.24,
                            "Plan Rows": 1,
                            "Plan Width": 8,
                            "Actual Startup Time": 951.92,
                            "Actual Total Time": 951.925,
                            "Actual Rows": 1,
                            "Actual Loops": 6,
                            "Output": [
                                "PARTIAL count(*)"
                            ],
                            "Workers": [
                                {
                                    "Worker Number": 0,
                                    "Actual Startup Time": 949.59,
                                    "Actual Total Time": 949.595,
                                    "Actual Rows": 1,
                                    "Actual Loops": 1
                                },
                                {
                                    "Worker Number": 1,
                                    "Actual Startup Time": 949.949,
                                    "Actual Total Time": 949.954,
                                    "Actual Rows": 1,
                                    "Actual Loops": 1
                                },
                                {
                                    "Worker Number": 2,
                                    "Actual Startup Time": 950.273,
                                    "Actual Total Time": 950.279,
                                    "Actual Rows": 1,
                                    "Actual Loops": 1
                                },
                                {
                                    "Worker Number": 3,
                                    "Actual Startup Time": 950.265,
                                    "Actual Total Time": 950.271,
                                    "Actual Rows": 1,
                                    "Actual Loops": 1
                                },
                                {
                                    "Worker Number": 4,
                                    "Actual Startup Time": 950.881,
                                    "Actual Total Time": 950.887,
                                    "Actual Rows": 1,
                                    "Actual Loops": 1
                                }
                            ],
                            "Plans": [
                                {
                                    "Node Type": "Hash Join",
                                    "Parent Relationship": "Outer",
                                    "Parallel Aware": true,
                                    "Join Type": "Inner",
                                    "Startup Cost": 81420.47,
                                    "Total Cost": 285097.61,
                                    "Plan Rows": 443049,
                                    "Plan Width": 0,
                                    "Actual Startup Time": 252.284,
                                    "Actual Total Time": 932.155,
                                    "Actual Rows": 308771,
                                    "Actual Loops": 6,
                                    "Inner Unique": false,
                                    "Hash Cond": "(mi.movie_id = t.id)",
                                    "Workers": [
                                        {
                                            "Worker Number": 0,
                                            "Actual Startup Time": 249.955,
                                            "Actual Total Time": 930.06,
                                            "Actual Rows": 267854,
                                            "Actual Loops": 1
                                        },
                                        {
                                            "Worker Number": 1,
                                            "Actual Startup Time": 250.33,
                                            "Actual Total Time": 930.227,
                                            "Actual Rows": 264985,
                                            "Actual Loops": 1
                                        },
                                        {
                                            "Worker Number": 2,
                                            "Actual Startup Time": 250.668,
                                            "Actual Total Time": 930.344,
                                            "Actual Rows": 274095,
                                            "Actual Loops": 1
                                        },
                                        {
                                            "Worker Number": 3,
                                            "Actual Startup Time": 250.643,
                                            "Actual Total Time": 930.737,
                                            "Actual Rows": 267481,
                                            "Actual Loops": 1
                                        },
                                        {
                                            "Worker Number": 4,
                                            "Actual Startup Time": 251.163,
                                            "Actual Total Time": 931.246,
                                            "Actual Rows": 268259,
                                            "Actual Loops": 1
                                        }
                                    ],
                                    "Plans": [
                                        {
                                            "Node Type": "Seq Scan",
                                            "Parent Relationship": "Outer",
                                            "Parallel Aware": true,
                                            "Relation Name": "movie_info",
                                            "Schema": "public",
                                            "Alias": "mi",
                                            "Startup Cost": 0.0,
                                            "Total Cost": 191503.19,
                                            "Plan Rows": 2951019,
                                            "Plan Width": 4,
                                            "Actual Startup Time": 0.017,
                                            "Actual Total Time": 354.758,
                                            "Actual Rows": 2472620,
                                            "Actual Loops": 6,
                                            "Output": [
                                                "mi.id",
                                                "mi.movie_id",
                                                "mi.info_type_id",
                                                "mi.info",
                                                "mi.note"
                                            ],
                                            "Workers": [
                                                {
                                                    "Worker Number": 0,
                                                    "Actual Startup Time": 0.02,
                                                    "Actual Total Time": 364.162,
                                                    "Actual Rows": 2130779,
                                                    "Actual Loops": 1
                                                },
                                                {
                                                    "Worker Number": 1,
                                                    "Actual Startup Time": 0.019,
                                                    "Actual Total Time": 357.673,
                                                    "Actual Rows": 2124450,
                                                    "Actual Loops": 1
                                                },
                                                {
                                                    "Worker Number": 2,
                                                    "Actual Startup Time": 0.019,
                                                    "Actual Total Time": 358.968,
                                                    "Actual Rows": 2172008,
                                                    "Actual Loops": 1
                                                },
                                                {
                                                    "Worker Number": 3,
                                                    "Actual Startup Time": 0.017,
                                                    "Actual Total Time": 359.108,
                                                    "Actual Rows": 2179246,
                                                    "Actual Loops": 1
                                                },
                                                {
                                                    "Worker Number": 4,
                                                    "Actual Startup Time": 0.018,
                                                    "Actual Total Time": 365.753,
                                                    "Actual Rows": 2142645,
                                                    "Actual Loops": 1
                                                }
                                            ]
                                        },
                                        {
                                            "Node Type": "Hash",
                                            "Parent Relationship": "Inner",
                                            "Parallel Aware": true,
                                            "Startup Cost": 80234.26,
                                            "Total Cost": 80234.26,
                                            "Plan Rows": 94897,
                                            "Plan Width": 8,
                                            "Actual Startup Time": 233.476,
                                            "Actual Total Time": 233.48,
                                            "Actual Rows": 13150,
                                            "Actual Loops": 6,
                                            "Output": [
                                                "t.id",
                                                "mc.movie_id"
                                            ],
                                            "Hash Buckets": 524288,
                                            "Original Hash Buckets": 524288,
                                            "Hash Batches": 1,
                                            "Original Hash Batches": 1,
                                            "Peak Memory Usage": 7296,
                                            "Workers": [
                                                {
                                                    "Worker Number": 0,
                                                    "Actual Startup Time": 233.233,
                                                    "Actual Total Time": 233.236,
                                                    "Actual Rows": 11345,
                                                    "Actual Loops": 1
                                                },
                                                {
                                                    "Worker Number": 1,
                                                    "Actual Startup Time": 233.482,
                                                    "Actual Total Time": 233.486,
                                                    "Actual Rows": 11390,
                                                    "Actual Loops": 1
                                                },
                                                {
                                                    "Worker Number": 2,
                                                    "Actual Startup Time": 233.832,
                                                    "Actual Total Time": 233.836,
                                                    "Actual Rows": 11634,
                                                    "Actual Loops": 1
                                                },
                                                {
                                                    "Worker Number": 3,
                                                    "Actual Startup Time": 233.88,
                                                    "Actual Total Time": 233.884,
                                                    "Actual Rows": 11749,
                                                    "Actual Loops": 1
                                                },
                                                {
                                                    "Worker Number": 4,
                                                    "Actual Startup Time": 234.421,
                                                    "Actual Total Time": 234.425,
                                                    "Actual Rows": 11506,
                                                    "Actual Loops": 1
                                                }
                                            ],
                                            "Plans": [
                                                {
                                                    "Node Type": "Hash Join",
                                                    "Parent Relationship": "Outer",
                                                    "Parallel Aware": true,
                                                    "Join Type": "Inner",
                                                    "Startup Cost": 33025.06,
                                                    "Total Cost": 80234.26,
                                                    "Plan Rows": 94897,
                                                    "Plan Width": 8,
                                                    "Actual Startup Time": 177.035,
                                                    "Actual Total Time": 225.819,
                                                    "Actual Rows": 13150,
                                                    "Actual Loops": 6,
                                                    "Output": [
                                                        "t.id",
                                                        "mc.movie_id"
                                                    ],
                                                    "Inner Unique": false,
                                                    "Hash Cond": "(t.id = mc.movie_id)",
                                                    "Workers": [
                                                        {
                                                            "Worker Number": 0,
                                                            "Actual Startup Time": 178.612,
                                                            "Actual Total Time": 225.747,
                                                            "Actual Rows": 11345,
                                                            "Actual Loops": 1
                                                        },
                                                        {
                                                            "Worker Number": 1,
                                                            "Actual Startup Time": 177.222,
                                                            "Actual Total Time": 225.836,
                                                            "Actual Rows": 11390,
                                                            "Actual Loops": 1
                                                        },
                                                        {
                                                            "Worker Number": 2,
                                                            "Actual Startup Time": 178.519,
                                                            "Actual Total Time": 225.622,
                                                            "Actual Rows": 11634,
                                                            "Actual Loops": 1
                                                        },
                                                        {
                                                            "Worker Number": 3,
                                                            "Actual Startup Time": 174.598,
                                                            "Actual Total Time": 226.32,
                                                            "Actual Rows": 11749,
                                                            "Actual Loops": 1
                                                        },
                                                        {
                                                            "Worker Number": 4,
                                                            "Actual Startup Time": 178.617,
                                                            "Actual Total Time": 225.659,
                                                            "Actual Rows": 11506,
                                                            "Actual Loops": 1
                                                        }
                                                    ],
                                                    "Plans": [
                                                        {
                                                            "Node Type": "Seq Scan",
                                                            "Parent Relationship": "Outer",
                                                            "Parallel Aware": true,
                                                            "Relation Name": "title",
                                                            "Schema": "public",
                                                            "Alias": "t",
                                                            "Startup Cost": 0.0,
                                                            "Total Cost": 43899.01,
                                                            "Plan Rows": 600816,
                                                            "Plan Width": 4,
                                                            "Actual Startup Time": 0.017,
                                                            "Actual Total Time": 86.944,
                                                            "Actual Rows": 400749,
                                                            "Actual Loops": 6,
                                                            "Output": [
                                                                "t.id",
                                                                "t.title",
                                                                "t.imdb_index",
                                                                "t.kind_id",
                                                                "t.production_year",
                                                                "t.imdb_id",
                                                                "t.phonetic_code",
                                                                "t.episode_of_id",
                                                                "t.season_nr",
                                                                "t.episode_nr",
                                                                "t.series_years",
                                                                "t.md5sum"
                                                            ],
                                                            "Filter": "(t.production_year > 1913)",
                                                            "Rows Removed by Filter": 20636,
                                                            "Workers": [
                                                                {
                                                                    "Worker Number": 0,
                                                                    "Actual Startup Time": 0.024,
                                                                    "Actual Total Time": 88.624,
                                                                    "Actual Rows": 345310,
                                                                    "Actual Loops": 1
                                                                },
                                                                {
                                                                    "Worker Number": 1,
                                                                    "Actual Startup Time": 0.023,
                                                                    "Actual Total Time": 88.191,
                                                                    "Actual Rows": 339987,
                                                                    "Actual Loops": 1
                                                                },
                                                                {
                                                                    "Worker Number": 2,
                                                                    "Actual Startup Time": 0.014,
                                                                    "Actual Total Time": 88.015,
                                                                    "Actual Rows": 348346,
                                                                    "Actual Loops": 1
                                                                },
                                                                {
                                                                    "Worker Number": 3,
                                                                    "Actual Startup Time": 0.013,
                                                                    "Actual Total Time": 88.652,
                                                                    "Actual Rows": 348974,
                                                                    "Actual Loops": 1
                                                                },
                                                                {
                                                                    "Worker Number": 4,
                                                                    "Actual Startup Time": 0.02,
                                                                    "Actual Total Time": 88.728,
                                                                    "Actual Rows": 349371,
                                                                    "Actual Loops": 1
                                                                }
                                                            ]
                                                        },
                                                        {
                                                            "Node Type": "Hash",
                                                            "Parent Relationship": "Inner",
                                                            "Parallel Aware": true,
                                                            "Startup Cost": 31414.82,
                                                            "Total Cost": 31414.82,
                                                            "Plan Rows": 128819,
                                                            "Plan Width": 4,
                                                            "Actual Startup Time": 81.82,
                                                            "Actual Total Time": 81.821,
                                                            "Actual Rows": 13286,
                                                            "Actual Loops": 6,
                                                            "Output": [
                                                                "mc.movie_id"
                                                            ],
                                                            "Hash Buckets": 524288,
                                                            "Original Hash Buckets": 524288,
                                                            "Hash Batches": 1,
                                                            "Original Hash Batches": 1,
                                                            "Peak Memory Usage": 7264,
                                                            "Workers": [
                                                                {
                                                                    "Worker Number": 0,
                                                                    "Actual Startup Time": 83.055,
                                                                    "Actual Total Time": 83.056,
                                                                    "Actual Rows": 11296,
                                                                    "Actual Loops": 1
                                                                },
                                                                {
                                                                    "Worker Number": 1,
                                                                    "Actual Startup Time": 83.052,
                                                                    "Actual Total Time": 83.053,
                                                                    "Actual Rows": 11165,
                                                                    "Actual Loops": 1
                                                                },
                                                                {
                                                                    "Worker Number": 2,
                                                                    "Actual Startup Time": 82.996,
                                                                    "Actual Total Time": 82.997,
                                                                    "Actual Rows": 11337,
                                                                    "Actual Loops": 1
                                                                },
                                                                {
                                                                    "Worker Number": 3,
                                                                    "Actual Startup Time": 82.982,
                                                                    "Actual Total Time": 82.983,
                                                                    "Actual Rows": 11266,
                                                                    "Actual Loops": 1
                                                                },
                                                                {
                                                                    "Worker Number": 4,
                                                                    "Actual Startup Time": 83.091,
                                                                    "Actual Total Time": 83.093,
                                                                    "Actual Rows": 10377,
                                                                    "Actual Loops": 1
                                                                }
                                                            ],
                                                            "Plans": [
                                                                {
                                                                    "Node Type": "Seq Scan",
                                                                    "Parent Relationship": "Outer",
                                                                    "Parallel Aware": true,
                                                                    "Relation Name": "movie_companies",
                                                                    "Schema": "public",
                                                                    "Alias": "mc",
                                                                    "Startup Cost": 0.0,
                                                                    "Total Cost": 31414.82,
                                                                    "Plan Rows": 128819,
                                                                    "Plan Width": 4,
                                                                    "Actual Startup Time": 23.681,
                                                                    "Actual Total Time": 69.749,
                                                                    "Actual Rows": 13286,
                                                                    "Actual Loops": 6,
                                                                    "Output": [
                                                                        "mc.movie_id"
                                                                    ],
                                                                    "Filter": "((mc.company_id > 28437) AND (mc.company_type_id < 2))",
                                                                    "Rows Removed by Filter": 421569,
                                                                    "Workers": [
                                                                        {
                                                                            "Worker Number": 0,
                                                                            "Actual Startup Time": 23.678,
                                                                            "Actual Total Time": 70.085,
                                                                            "Actual Rows": 11296,
                                                                            "Actual Loops": 1
                                                                        },
                                                                        {
                                                                            "Worker Number": 1,
                                                                            "Actual Startup Time": 23.694,
                                                                            "Actual Total Time": 70.066,
                                                                            "Actual Rows": 11165,
                                                                            "Actual Loops": 1
                                                                        },
                                                                        {
                                                                            "Worker Number": 2,
                                                                            "Actual Startup Time": 23.661,
                                                                            "Actual Total Time": 69.956,
                                                                            "Actual Rows": 11337,
                                                                            "Actual Loops": 1
                                                                        },
                                                                        {
                                                                            "Worker Number": 3,
                                                                            "Actual Startup Time": 23.676,
                                                                            "Actual Total Time": 70.086,
                                                                            "Actual Rows": 11266,
                                                                            "Actual Loops": 1
                                                                        },
                                                                        {
                                                                            "Worker Number": 4,
                                                                            "Actual Startup Time": 23.684,
                                                                            "Actual Total Time": 69.426,
                                                                            "Actual Rows": 10377,
                                                                            "Actual Loops": 1
                                                                        }
                                                                    ]
                                                                }
                                                            ]
                                                        }
                                                    ]
                                                }
                                            ]
                                        }
                                    ]
                                }
                            ]
                        }
                    ]
                }
            ]
        },
        "Planning Time": 3808.014,
        "Triggers": [],
        "Execution Time": 998.031
    }
]