{
  "Plan": {
    "Node Type": "Aggregate",
    "Strategy": "Plain",
    "Partial Mode": "Finalize",
    "Parallel Aware": false,
    "Startup Cost": 76638.2,
    "Total Cost": 76638.21,
    "Plan Rows": 1,
    "Plan Width": 8,
    "Actual Startup Time": 177.764,
    "Actual Total Time": 193.599,
    "Actual Rows": 1,
    "Actual Loops": 1,
    "Plans": [
      {
        "Node Type": "Gather",
        "Parent Relationship": "Outer",
        "Parallel Aware": false,
        "Startup Cost": 76638.09,
        "Total Cost": 76638.2,
        "Plan Rows": 1,
        "Plan Width": 8,
        "Actual Startup Time": 177.636,
        "Actual Total Time": 193.592,
        "Actual Rows": 2,
        "Actual Loops": 1,
        "Workers Planned": 1,
        "Workers Launched": 1,
        "Single Copy": false,
        "Plans": [
          {
            "Node Type": "Aggregate",
            "Strategy": "Plain",
            "Partial Mode": "Partial",
            "Parent Relationship": "Outer",
            "Parallel Aware": false,
            "Startup Cost": 75638.09,
            "Total Cost": 75638.1,
            "Plan Rows": 1,
            "Plan Width": 8,
            "Actual Startup Time": 171.752,
            "Actual Total Time": 171.754,
            "Actual Rows": 1,
            "Actual Loops": 2,
            "Plans": [
              {
                "Node Type": "Nested Loop",
                "Parent Relationship": "Outer",
                "Parallel Aware": false,
                "Join Type": "Inner",
                "Startup Cost": 0.86,
                "Total Cost": 75636.89,
                "Plan Rows": 482,
                "Plan Width": 0,
                "Actual Startup Time": 9.817,
                "Actual Total Time": 171.526,
                "Actual Rows": 2453,
                "Actual Loops": 2,
                "Inner Unique": false,
                "Join Filter": "(t.id = mc.movie_id)",
                "Rows Removed by Join Filter": 0,
                "Plans": [
                  {
                    "Node Type": "Nested Loop",
                    "Parent Relationship": "Outer",
                    "Parallel Aware": false,
                    "Join Type": "Inner",
                    "Startup Cost": 0.43,
                    "Total Cost": 75250.48,
                    "Plan Rows": 468,
                    "Plan Width": 8,
                    "Actual Startup Time": 9.718,
                    "Actual Total Time": 160.289,
                    "Actual Rows": 770,
                    "Actual Loops": 2,
                    "Inner Unique": false,
                    "Plans": [
                      {
                        "Node Type": "Seq Scan",
                        "Parent Relationship": "Outer",
                        "Parallel Aware": true,
                        "Relation Name": "title",
                        "Alias": "t",
                        "Startup Cost": 0.0,
                        "Total Cost": 58306.47,
                        "Plan Rows": 2566,
                        "Plan Width": 4,
                        "Actual Startup Time": 2.623,
                        "Actual Total Time": 142.226,
                        "Actual Rows": 2170,
                        "Actual Loops": 2,
                        "Filter": "((kind_id < 7) AND (production_year = 1961))",
                        "Rows Removed by Filter": 1261986
                      },
                      {
                        "Node Type": "Index Scan",
                        "Parent Relationship": "Inner",
                        "Parallel Aware": false,
                        "Scan Direction": "Forward",
                        "Index Name": "movie_id_movie_info_idx",
                        "Relation Name": "movie_info_idx",
                        "Alias": "mi_idx",
                        "Startup Cost": 0.43,
                        "Total Cost": 6.59,
                        "Plan Rows": 1,
                        "Plan Width": 4,
                        "Actual Startup Time": 0.008,
                        "Actual Total Time": 0.008,
                        "Actual Rows": 0,
                        "Actual Loops": 4339,
                        "Index Cond": "(movie_id = t.id)",
                        "Rows Removed by Index Recheck": 0,
                        "Filter": "(info_type_id > 100)",
                        "Rows Removed by Filter": 1
                      }
                    ]
                  },
                  {
                    "Node Type": "Index Only Scan",
                    "Parent Relationship": "Inner",
                    "Parallel Aware": false,
                    "Scan Direction": "Forward",
                    "Index Name": "movie_id_movie_companies",
                    "Relation Name": "movie_companies",
                    "Alias": "mc",
                    "Startup Cost": 0.43,
                    "Total Cost": 0.76,
                    "Plan Rows": 5,
                    "Plan Width": 4,
                    "Actual Startup Time": 0.011,
                    "Actual Total Time": 0.014,
                    "Actual Rows": 3,
                    "Actual Loops": 1541,
                    "Index Cond": "(movie_id = mi_idx.movie_id)",
                    "Rows Removed by Index Recheck": 0,
                    "Heap Fetches": 4906
                  }
                ]
              }
            ]
          }
        ]
      }
    ]
  },
  "Planning Time": 0.71,
  "Triggers": [],
  "Execution Time": 193.664
}