[
  {
    "Plan": {
      "Node Type": "Aggregate",
      "Strategy": "Plain",
      "Partial Mode": "Finalize",
      "Parallel Aware": false,
      "Startup Cost": 45186.42,
      "Total Cost": 45186.43,
      "Plan Rows": 1,
      "Plan Width": 8,
      "Actual Startup Time": 150.92,
      "Actual Total Time": 158.226,
      "Actual Rows": 1,
      "Actual Loops": 1,
      "Plans": [
        {
          "Node Type": "Gather",
          "Parent Relationship": "Outer",
          "Parallel Aware": false,
          "Startup Cost": 45186.1,
          "Total Cost": 45186.41,
          "Plan Rows": 3,
          "Plan Width": 8,
          "Actual Startup Time": 150.818,
          "Actual Total Time": 158.215,
          "Actual Rows": 4,
          "Actual Loops": 1,
          "Workers Planned": 3,
          "Workers Launched": 3,
          "Single Copy": false,
          "Plans": [
            {
              "Node Type": "Aggregate",
              "Strategy": "Plain",
              "Partial Mode": "Partial",
              "Parent Relationship": "Outer",
              "Parallel Aware": false,
              "Startup Cost": 44186.1,
              "Total Cost": 44186.11,
              "Plan Rows": 1,
              "Plan Width": 8,
              "Actual Startup Time": 145.217,
              "Actual Total Time": 145.219,
              "Actual Rows": 1,
              "Actual Loops": 4,
              "Plans": [
                {
                  "Node Type": "Seq Scan",
                  "Parent Relationship": "Outer",
                  "Parallel Aware": true,
                  "Relation Name": "movie_keyword",
                  "Alias": "mk",
                  "Startup Cost": 0.0,
                  "Total Cost": 42695.65,
                  "Plan Rows": 596180,
                  "Plan Width": 0,
                  "Actual Startup Time": 0.665,
                  "Actual Total Time": 120.252,
                  "Actual Rows": 460337,
                  "Actual Loops": 4,
                  "Filter": "(keyword_id > 7555)",
                  "Rows Removed by Filter": 670645
                }
              ]
            }
          ]
        }
      ]
    },
    "Planning Time": 0.158,
    "Triggers": [],
    "Execution Time": 158.27
  }
]