[
  {
    "Plan": {
      "Node Type": "Aggregate",
      "Strategy": "Plain",
      "Partial Mode": "Finalize",
      "Parallel Aware": false,
      "Startup Cost": 334317.67,
      "Total Cost": 334317.68,
      "Plan Rows": 1,
      "Plan Width": 8,
      "Actual Startup Time": 681.257,
      "Actual Total Time": 730.0,
      "Actual Rows": 1,
      "Actual Loops": 1,
      "Plans": [
        {
          "Node Type": "Gather",
          "Parent Relationship": "Outer",
          "Parallel Aware": false,
          "Startup Cost": 334317.05,
          "Total Cost": 334317.66,
          "Plan Rows": 6,
          "Plan Width": 8,
          "Actual Startup Time": 681.054,
          "Actual Total Time": 729.982,
          "Actual Rows": 7,
          "Actual Loops": 1,
          "Workers Planned": 6,
          "Workers Launched": 6,
          "Single Copy": false,
          "Plans": [
            {
              "Node Type": "Aggregate",
              "Strategy": "Plain",
              "Partial Mode": "Partial",
              "Parent Relationship": "Outer",
              "Parallel Aware": false,
              "Startup Cost": 333317.05,
              "Total Cost": 333317.06,
              "Plan Rows": 1,
              "Plan Width": 8,
              "Actual Startup Time": 674.37,
              "Actual Total Time": 674.372,
              "Actual Rows": 1,
              "Actual Loops": 7,
              "Plans": [
                {
                  "Node Type": "Seq Scan",
                  "Parent Relationship": "Outer",
                  "Parallel Aware": true,
                  "Relation Name": "cast_info",
                  "Alias": "ci",
                  "Startup Cost": 0.0,
                  "Total Cost": 328211.39,
                  "Plan Rows": 2042263,
                  "Plan Width": 0,
                  "Actual Startup Time": 0.041,
                  "Actual Total Time": 587.866,
                  "Actual Rows": 1767087,
                  "Actual Loops": 7,
                  "Filter": "(person_id < 1219602)",
                  "Rows Removed by Filter": 3410677
                }
              ]
            }
          ]
        }
      ]
    },
    "Planning Time": 0.198,
    "Triggers": [],
    "Execution Time": 730.067
  }
]