{
    "Plan": {
        "Node Type": "Aggregate",
        "Strategy": "Plain",
        "Partial Mode": "Finalize",
        "Parallel Aware": false,
        "Startup Cost": 33156.03,
        "Total Cost": 33156.04,
        "Plan Rows": 1,
        "Plan Width": 8,
        "Actual Startup Time": 158.366,
        "Actual Total Time": 172.141,
        "Actual Rows": 1,
        "Actual Loops": 1,
        "Output": [
            "count(*)"
        ],
        "Plans": [
            {
                "Node Type": "Gather",
                "Parent Relationship": "Outer",
                "Parallel Aware": false,
                "Startup Cost": 33155.72,
                "Total Cost": 33156.03,
                "Plan Rows": 3,
                "Plan Width": 8,
                "Actual Startup Time": 157.952,
                "Actual Total Time": 172.131,
                "Actual Rows": 4,
                "Actual Loops": 1,
                "Output": [
                    "(PARTIAL count(*))"
                ],
                "Workers Planned": 3,
                "Workers Launched": 3,
                "Single Copy": false,
                "Plans": [
                    {
                        "Node Type": "Aggregate",
                        "Strategy": "Plain",
                        "Partial Mode": "Partial",
                        "Parent Relationship": "Outer",
                        "Parallel Aware": false,
                        "Startup Cost": 32155.72,
                        "Total Cost": 32155.73,
                        "Plan Rows": 1,
                        "Plan Width": 8,
                        "Actual Startup Time": 149.97,
                        "Actual Total Time": 149.972,
                        "Actual Rows": 1,
                        "Actual Loops": 4,
                        "Output": [
                            "PARTIAL count(*)"
                        ],
                        "Workers": [
                            {
                                "Worker Number": 0,
                                "Actual Startup Time": 145.668,
                                "Actual Total Time": 145.67,
                                "Actual Rows": 1,
                                "Actual Loops": 1
                            },
                            {
                                "Worker Number": 1,
                                "Actual Startup Time": 145.742,
                                "Actual Total Time": 145.744,
                                "Actual Rows": 1,
                                "Actual Loops": 1
                            },
                            {
                                "Worker Number": 2,
                                "Actual Startup Time": 151.43,
                                "Actual Total Time": 151.432,
                                "Actual Rows": 1,
                                "Actual Loops": 1
                            }
                        ],
                        "Plans": [
                            {
                                "Node Type": "Bitmap Heap Scan",
                                "Parent Relationship": "Outer",
                                "Parallel Aware": true,
                                "Relation Name": "movie_keyword",
                                "Schema": "public",
                                "Alias": "mk",
                                "Startup Cost": 6271.37,
                                "Total Cost": 31917.33,
                                "Plan Rows": 95356,
                                "Plan Width": 0,
                                "Actual Startup Time": 46.295,
                                "Actual Total Time": 143.851,
                                "Actual Rows": 73321,
                                "Actual Loops": 4,
                                "Recheck Cond": "(mk.keyword_id > 54976)",
                                "Rows Removed by Index Recheck": 0,
                                "Exact Heap Blocks": 6322,
                                "Lossy Heap Blocks": 0,
                                "Workers": [
                                    {
                                        "Worker Number": 0,
                                        "Actual Startup Time": 42.146,
                                        "Actual Total Time": 139.488,
                                        "Actual Rows": 67972,
                                        "Actual Loops": 1
                                    },
                                    {
                                        "Worker Number": 1,
                                        "Actual Startup Time": 42.239,
                                        "Actual Total Time": 139.442,
                                        "Actual Rows": 69327,
                                        "Actual Loops": 1
                                    },
                                    {
                                        "Worker Number": 2,
                                        "Actual Startup Time": 47.614,
                                        "Actual Total Time": 146.224,
                                        "Actual Rows": 69967,
                                        "Actual Loops": 1
                                    }
                                ],
                                "Plans": [
                                    {
                                        "Node Type": "Bitmap Index Scan",
                                        "Parent Relationship": "Outer",
                                        "Parallel Aware": false,
                                        "Index Name": "keyword_id_movie_keyword",
                                        "Startup Cost": 0.0,
                                        "Total Cost": 6197.47,
                                        "Plan Rows": 295605,
                                        "Plan Width": 0,
                                        "Actual Startup Time": 48.142,
                                        "Actual Total Time": 48.142,
                                        "Actual Rows": 293284,
                                        "Actual Loops": 1,
                                        "Index Cond": "(mk.keyword_id > 54976)"
                                    }
                                ]
                            }
                        ]
                    }
                ]
            }
        ]
    },
    "Planning Time": 1.859,
    "Triggers": [],
    "Execution Time": 172.452
}