{
  "Plan": {
    "Node Type": "Aggregate",
    "Strategy": "Plain",
    "Partial Mode": "Finalize",
    "Parallel Aware": false,
    "Startup Cost": 16553.96,
    "Total Cost": 16553.97,
    "Plan Rows": 1,
    "Plan Width": 8,
    "Actual Startup Time": 30.632,
    "Actual Total Time": 34.367,
    "Actual Rows": 1,
    "Actual Loops": 1,
    "Plans": [
      {
        "Node Type": "Gather",
        "Parent Relationship": "Outer",
        "Parallel Aware": false,
        "Startup Cost": 16553.84,
        "Total Cost": 16553.95,
        "Plan Rows": 1,
        "Plan Width": 8,
        "Actual Startup Time": 30.522,
        "Actual Total Time": 34.361,
        "Actual Rows": 2,
        "Actual Loops": 1,
        "Workers Planned": 1,
        "Workers Launched": 1,
        "Single Copy": false,
        "Plans": [
          {
            "Node Type": "Aggregate",
            "Strategy": "Plain",
            "Partial Mode": "Partial",
            "Parent Relationship": "Outer",
            "Parallel Aware": false,
            "Startup Cost": 15553.84,
            "Total Cost": 15553.85,
            "Plan Rows": 1,
            "Plan Width": 8,
            "Actual Startup Time": 24.457,
            "Actual Total Time": 24.459,
            "Actual Rows": 1,
            "Actual Loops": 2,
            "Plans": [
              {
                "Node Type": "Nested Loop",
                "Parent Relationship": "Outer",
                "Parallel Aware": false,
                "Join Type": "Inner",
                "Startup Cost": 68.73,
                "Total Cost": 15551.58,
                "Plan Rows": 906,
                "Plan Width": 0,
                "Actual Startup Time": 2.385,
                "Actual Total Time": 24.156,
                "Actual Rows": 1572,
                "Actual Loops": 2,
                "Inner Unique": true,
                "Plans": [
                  {
                    "Node Type": "Bitmap Heap Scan",
                    "Parent Relationship": "Outer",
                    "Parallel Aware": true,
                    "Relation Name": "movie_companies",
                    "Alias": "mc",
                    "Startup Cost": 68.3,
                    "Total Cost": 8257.96,
                    "Plan Rows": 906,
                    "Plan Width": 4,
                    "Actual Startup Time": 2.242,
                    "Actual Total Time": 8.028,
                    "Actual Rows": 1572,
                    "Actual Loops": 2,
                    "Recheck Cond": "(company_id = 11147)",
                    "Rows Removed by Index Recheck": 0,
                    "Filter": "(company_type_id = 1)",
                    "Rows Removed by Filter": 128,
                    "Exact Heap Blocks": 2035,
                    "Lossy Heap Blocks": 0,
                    "Plans": [
                      {
                        "Node Type": "Bitmap Index Scan",
                        "Parent Relationship": "Outer",
                        "Parallel Aware": false,
                        "Index Name": "company_id_movie_companies",
                        "Startup Cost": 0.0,
                        "Total Cost": 67.91,
                        "Plan Rows": 3131,
                        "Plan Width": 0,
                        "Actual Startup Time": 3.167,
                        "Actual Total Time": 3.167,
                        "Actual Rows": 3401,
                        "Actual Loops": 1,
                        "Index Cond": "(company_id = 11147)"
                      }
                    ]
                  },
                  {
                    "Node Type": "Index Only Scan",
                    "Parent Relationship": "Inner",
                    "Parallel Aware": false,
                    "Scan Direction": "Forward",
                    "Index Name": "title_pkey",
                    "Relation Name": "title",
                    "Alias": "t",
                    "Startup Cost": 0.43,
                    "Total Cost": 8.05,
                    "Plan Rows": 1,
                    "Plan Width": 4,
                    "Actual Startup Time": 0.009,
                    "Actual Total Time": 0.009,
                    "Actual Rows": 1,
                    "Actual Loops": 3144,
                    "Index Cond": "(id = mc.movie_id)",
                    "Rows Removed by Index Recheck": 0,
                    "Heap Fetches": 3144
                  }
                ]
              }
            ]
          }
        ]
      }
    ]
  },
  "Planning Time": 0.682,
  "Triggers": [],
  "Execution Time": 34.452
}