[
  {
    "Plan": {
      "Node Type": "Aggregate",
      "Strategy": "Plain",
      "Partial Mode": "Finalize",
      "Parallel Aware": false,
      "Startup Cost": 62369.71,
      "Total Cost": 62369.72,
      "Plan Rows": 1,
      "Plan Width": 8,
      "Actual Startup Time": 211.463,
      "Actual Total Time": 224.768,
      "Actual Rows": 1,
      "Actual Loops": 1,
      "Plans": [
        {
          "Node Type": "Gather",
          "Parent Relationship": "Outer",
          "Parallel Aware": false,
          "Startup Cost": 62369.49,
          "Total Cost": 62369.7,
          "Plan Rows": 2,
          "Plan Width": 8,
          "Actual Startup Time": 210.341,
          "Actual Total Time": 224.756,
          "Actual Rows": 3,
          "Actual Loops": 1,
          "Workers Planned": 2,
          "Workers Launched": 2,
          "Single Copy": false,
          "Plans": [
            {
              "Node Type": "Aggregate",
              "Strategy": "Plain",
              "Partial Mode": "Partial",
              "Parent Relationship": "Outer",
              "Parallel Aware": false,
              "Startup Cost": 61369.49,
              "Total Cost": 61369.5,
              "Plan Rows": 1,
              "Plan Width": 8,
              "Actual Startup Time": 203.268,
              "Actual Total Time": 203.272,
              "Actual Rows": 1,
              "Actual Loops": 3,
              "Plans": [
                {
                  "Node Type": "Hash Join",
                  "Parent Relationship": "Outer",
                  "Parallel Aware": true,
                  "Join Type": "Inner",
                  "Startup Cost": 45724.17,
                  "Total Cost": 61354.52,
                  "Plan Rows": 5987,
                  "Plan Width": 0,
                  "Actual Startup Time": 136.976,
                  "Actual Total Time": 202.643,
                  "Actual Rows": 12030,
                  "Actual Loops": 3,
                  "Inner Unique": true,
                  "Hash Cond": "(mi_idx.movie_id = t.id)",
                  "Plans": [
                    {
                      "Node Type": "Seq Scan",
                      "Parent Relationship": "Outer",
                      "Parallel Aware": true,
                      "Relation Name": "movie_info_idx",
                      "Alias": "mi_idx",
                      "Startup Cost": 0.0,
                      "Total Cost": 15122.68,
                      "Plan Rows": 193397,
                      "Plan Width": 4,
                      "Actual Startup Time": 0.011,
                      "Actual Total Time": 40.392,
                      "Actual Rows": 153395,
                      "Actual Loops": 3,
                      "Filter": "(info_type_id > 100)",
                      "Rows Removed by Filter": 306617
                    },
                    {
                      "Node Type": "Hash",
                      "Parent Relationship": "Inner",
                      "Parallel Aware": true,
                      "Startup Cost": 45479.59,
                      "Total Cost": 45479.59,
                      "Plan Rows": 19567,
                      "Plan Width": 4,
                      "Actual Startup Time": 135.224,
                      "Actual Total Time": 135.225,
                      "Actual Rows": 61272,
                      "Actual Loops": 3,
                      "Hash Buckets": 262144,
                      "Original Hash Buckets": 131072,
                      "Hash Batches": 1,
                      "Original Hash Batches": 1,
                      "Peak Memory Usage": 10304,
                      "Plans": [
                        {
                          "Node Type": "Seq Scan",
                          "Parent Relationship": "Outer",
                          "Parallel Aware": true,
                          "Relation Name": "title",
                          "Alias": "t",
                          "Startup Cost": 0.0,
                          "Total Cost": 45479.59,
                          "Plan Rows": 19567,
                          "Plan Width": 4,
                          "Actual Startup Time": 0.518,
                          "Actual Total Time": 116.932,
                          "Actual Rows": 61272,
                          "Actual Loops": 3,
                          "Filter": "((kind_id < 7) AND (production_year < 1957))",
                          "Rows Removed by Filter": 781499
                        }
                      ]
                    }
                  ]
                }
              ]
            }
          ]
        }
      ]
    },
    "Planning Time": 0.501,
    "Triggers": [],
    "Execution Time": 224.828
  }
]