[
  {
    "Plan": {
      "Node Type": "Aggregate",
      "Strategy": "Plain",
      "Partial Mode": "Finalize",
      "Parallel Aware": false,
      "Startup Cost": 649796.81,
      "Total Cost": 649796.82,
      "Plan Rows": 1,
      "Plan Width": 8,
      "Actual Startup Time": 4595.473,
      "Actual Total Time": 4681.281,
      "Actual Rows": 1,
      "Actual Loops": 1,
      "Plans": [
        {
          "Node Type": "Gather",
          "Parent Relationship": "Outer",
          "Parallel Aware": false,
          "Startup Cost": 649796.18,
          "Total Cost": 649796.79,
          "Plan Rows": 6,
          "Plan Width": 8,
          "Actual Startup Time": 4559.123,
          "Actual Total Time": 4681.265,
          "Actual Rows": 7,
          "Actual Loops": 1,
          "Workers Planned": 6,
          "Workers Launched": 6,
          "Single Copy": false,
          "Plans": [
            {
              "Node Type": "Aggregate",
              "Strategy": "Plain",
              "Partial Mode": "Partial",
              "Parent Relationship": "Outer",
              "Parallel Aware": false,
              "Startup Cost": 648796.18,
              "Total Cost": 648796.19,
              "Plan Rows": 1,
              "Plan Width": 8,
              "Actual Startup Time": 4522.3,
              "Actual Total Time": 4522.308,
              "Actual Rows": 1,
              "Actual Loops": 7,
              "Plans": [
                {
                  "Node Type": "Hash Join",
                  "Parent Relationship": "Outer",
                  "Parallel Aware": true,
                  "Join Type": "Inner",
                  "Startup Cost": 266774.62,
                  "Total Cost": 625673.4,
                  "Plan Rows": 9249115,
                  "Plan Width": 0,
                  "Actual Startup Time": 1751.749,
                  "Actual Total Time": 4156.028,
                  "Actual Rows": 8027609,
                  "Actual Loops": 7,
                  "Inner Unique": false,
                  "Hash Cond": "(ci.movie_id = t.id)",
                  "Plans": [
                    {
                      "Node Type": "Seq Scan",
                      "Parent Relationship": "Outer",
                      "Parallel Aware": true,
                      "Relation Name": "cast_info",
                      "Alias": "ci",
                      "Startup Cost": 0.0,
                      "Total Cost": 328211.39,
                      "Plan Rows": 3250442,
                      "Plan Width": 4,
                      "Actual Startup Time": 210.383,
                      "Actual Total Time": 653.871,
                      "Actual Rows": 2757340,
                      "Actual Loops": 7,
                      "Filter": "(person_id > 1674510)",
                      "Rows Removed by Filter": 2420423
                    },
                    {
                      "Node Type": "Hash",
                      "Parent Relationship": "Inner",
                      "Parallel Aware": true,
                      "Startup Cost": 248788.08,
                      "Total Cost": 248788.08,
                      "Plan Rows": 1438923,
                      "Plan Width": 8,
                      "Actual Startup Time": 1530.128,
                      "Actual Total Time": 1530.133,
                      "Actual Rows": 614585,
                      "Actual Loops": 7,
                      "Hash Buckets": 8388608,
                      "Original Hash Buckets": 8388608,
                      "Hash Batches": 1,
                      "Original Hash Batches": 1,
                      "Peak Memory Usage": 233952,
                      "Plans": [
                        {
                          "Node Type": "Hash Join",
                          "Parent Relationship": "Outer",
                          "Parallel Aware": true,
                          "Join Type": "Inner",
                          "Startup Cost": 49308.67,
                          "Total Cost": 248788.08,
                          "Plan Rows": 1438923,
                          "Plan Width": 8,
                          "Actual Startup Time": 228.063,
                          "Actual Total Time": 1200.206,
                          "Actual Rows": 614585,
                          "Actual Loops": 7,
                          "Inner Unique": true,
                          "Hash Cond": "(mi.movie_id = t.id)",
                          "Plans": [
                            {
                              "Node Type": "Seq Scan",
                              "Parent Relationship": "Outer",
                              "Parallel Aware": true,
                              "Relation Name": "movie_info",
                              "Alias": "mi",
                              "Startup Cost": 0.0,
                              "Total Cost": 191685.19,
                              "Plan Rows": 2969219,
                              "Plan Width": 4,
                              "Actual Startup Time": 0.042,
                              "Actual Total Time": 339.089,
                              "Actual Rows": 2119389,
                              "Actual Loops": 7
                            },
                            {
                              "Node Type": "Hash",
                              "Parent Relationship": "Inner",
                              "Parallel Aware": true,
                              "Startup Cost": 45479.59,
                              "Total Cost": 45479.59,
                              "Plan Rows": 306327,
                              "Plan Width": 4,
                              "Actual Startup Time": 225.216,
                              "Actual Total Time": 225.218,
                              "Actual Rows": 189833,
                              "Actual Loops": 7,
                              "Hash Buckets": 2097152,
                              "Original Hash Buckets": 2097152,
                              "Hash Batches": 1,
                              "Original Hash Batches": 1,
                              "Peak Memory Usage": 68448,
                              "Plans": [
                                {
                                  "Node Type": "Seq Scan",
                                  "Parent Relationship": "Outer",
                                  "Parallel Aware": true,
                                  "Relation Name": "title",
                                  "Alias": "t",
                                  "Startup Cost": 0.0,
                                  "Total Cost": 45479.59,
                                  "Plan Rows": 306327,
                                  "Plan Width": 4,
                                  "Actual Startup Time": 0.05,
                                  "Actual Total Time": 108.178,
                                  "Actual Rows": 189833,
                                  "Actual Loops": 7,
                                  "Filter": "((kind_id > 1) AND (production_year > 1994))",
                                  "Rows Removed by Filter": 171355
                                }
                              ]
                            }
                          ]
                        }
                      ]
                    }
                  ]
                }
              ]
            }
          ]
        }
      ]
    },
    "Planning Time": 0.996,
    "Triggers": [],
    "Execution Time": 4681.359
  }
]