[
  {
    "Plan": {
      "Node Type": "Aggregate",
      "Strategy": "Plain",
      "Partial Mode": "Finalize",
      "Parallel Aware": false,
      "Startup Cost": 41591.97,
      "Total Cost": 41591.98,
      "Plan Rows": 1,
      "Plan Width": 8,
      "Actual Startup Time": 128.202,
      "Actual Total Time": 136.804,
      "Actual Rows": 1,
      "Actual Loops": 1,
      "Plans": [
        {
          "Node Type": "Gather",
          "Parent Relationship": "Outer",
          "Parallel Aware": false,
          "Startup Cost": 41591.65,
          "Total Cost": 41591.96,
          "Plan Rows": 3,
          "Plan Width": 8,
          "Actual Startup Time": 127.855,
          "Actual Total Time": 136.795,
          "Actual Rows": 4,
          "Actual Loops": 1,
          "Workers Planned": 3,
          "Workers Launched": 3,
          "Single Copy": false,
          "Plans": [
            {
              "Node Type": "Aggregate",
              "Strategy": "Plain",
              "Partial Mode": "Partial",
              "Parent Relationship": "Outer",
              "Parallel Aware": false,
              "Startup Cost": 40591.65,
              "Total Cost": 40591.66,
              "Plan Rows": 1,
              "Plan Width": 8,
              "Actual Startup Time": 120.657,
              "Actual Total Time": 120.661,
              "Actual Rows": 1,
              "Actual Loops": 4,
              "Plans": [
                {
                  "Node Type": "Bitmap Heap Scan",
                  "Parent Relationship": "Outer",
                  "Parallel Aware": true,
                  "Relation Name": "movie_keyword",
                  "Alias": "mk",
                  "Startup Cost": 13140.64,
                  "Total Cost": 40092.15,
                  "Plan Rows": 199801,
                  "Plan Width": 0,
                  "Actual Startup Time": 37.777,
                  "Actual Total Time": 112.563,
                  "Actual Rows": 154310,
                  "Actual Loops": 4,
                  "Recheck Cond": "(keyword_id > 29550)",
                  "Rows Removed by Index Recheck": 0,
                  "Exact Heap Blocks": 10051,
                  "Lossy Heap Blocks": 0,
                  "Plans": [
                    {
                      "Node Type": "Bitmap Index Scan",
                      "Parent Relationship": "Outer",
                      "Parallel Aware": false,
                      "Index Name": "keyword_id_movie_keyword",
                      "Startup Cost": 0.0,
                      "Total Cost": 12985.8,
                      "Plan Rows": 619382,
                      "Plan Width": 0,
                      "Actual Startup Time": 41.073,
                      "Actual Total Time": 41.074,
                      "Actual Rows": 617238,
                      "Actual Loops": 1,
                      "Index Cond": "(keyword_id > 29550)"
                    }
                  ]
                }
              ]
            }
          ]
        }
      ]
    },
    "Planning Time": 0.097,
    "Triggers": [],
    "Execution Time": 136.847
  }
]