[
  {
    "Plan": {
      "Node Type": "Aggregate",
      "Strategy": "Plain",
      "Partial Mode": "Finalize",
      "Parallel Aware": false,
      "Startup Cost": 32945.12,
      "Total Cost": 32945.13,
      "Plan Rows": 1,
      "Plan Width": 8,
      "Actual Startup Time": 82.215,
      "Actual Total Time": 88.113,
      "Actual Rows": 1,
      "Actual Loops": 1,
      "Plans": [
        {
          "Node Type": "Gather",
          "Parent Relationship": "Outer",
          "Parallel Aware": false,
          "Startup Cost": 32944.8,
          "Total Cost": 32945.11,
          "Plan Rows": 3,
          "Plan Width": 8,
          "Actual Startup Time": 82.094,
          "Actual Total Time": 88.104,
          "Actual Rows": 4,
          "Actual Loops": 1,
          "Workers Planned": 3,
          "Workers Launched": 3,
          "Single Copy": false,
          "Plans": [
            {
              "Node Type": "Aggregate",
              "Strategy": "Plain",
              "Partial Mode": "Partial",
              "Parent Relationship": "Outer",
              "Parallel Aware": false,
              "Startup Cost": 31944.8,
              "Total Cost": 31944.81,
              "Plan Rows": 1,
              "Plan Width": 8,
              "Actual Startup Time": 76.75,
              "Actual Total Time": 76.751,
              "Actual Rows": 1,
              "Actual Loops": 4,
              "Plans": [
                {
                  "Node Type": "Seq Scan",
                  "Parent Relationship": "Outer",
                  "Parallel Aware": true,
                  "Relation Name": "movie_companies",
                  "Alias": "mc",
                  "Startup Cost": 0.0,
                  "Total Cost": 31414.82,
                  "Plan Rows": 211993,
                  "Plan Width": 0,
                  "Actual Startup Time": 13.99,
                  "Actual Total Time": 71.705,
                  "Actual Rows": 103696,
                  "Actual Loops": 4,
                  "Filter": "((company_id > 11203) AND (company_type_id = 1))",
                  "Rows Removed by Filter": 548586
                }
              ]
            }
          ]
        }
      ]
    },
    "Planning Time": 0.098,
    "Triggers": [],
    "Execution Time": 88.15
  }
]