[
  {
    "Plan": {
      "Node Type": "Aggregate",
      "Strategy": "Plain",
      "Partial Mode": "Finalize",
      "Parallel Aware": false,
      "Startup Cost": 341358.23,
      "Total Cost": 341358.24,
      "Plan Rows": 1,
      "Plan Width": 8,
      "Actual Startup Time": 447.378,
      "Actual Total Time": 468.513,
      "Actual Rows": 1,
      "Actual Loops": 1,
      "Plans": [
        {
          "Node Type": "Gather",
          "Parent Relationship": "Outer",
          "Parallel Aware": false,
          "Startup Cost": 341357.6,
          "Total Cost": 341358.21,
          "Plan Rows": 6,
          "Plan Width": 8,
          "Actual Startup Time": 447.276,
          "Actual Total Time": 468.504,
          "Actual Rows": 7,
          "Actual Loops": 1,
          "Workers Planned": 6,
          "Workers Launched": 6,
          "Single Copy": false,
          "Plans": [
            {
              "Node Type": "Aggregate",
              "Strategy": "Plain",
              "Partial Mode": "Partial",
              "Parent Relationship": "Outer",
              "Parallel Aware": false,
              "Startup Cost": 340357.6,
              "Total Cost": 340357.61,
              "Plan Rows": 1,
              "Plan Width": 8,
              "Actual Startup Time": 437.842,
              "Actual Total Time": 437.857,
              "Actual Rows": 1,
              "Actual Loops": 7,
              "Plans": [
                {
                  "Node Type": "Index Scan",
                  "Parent Relationship": "Outer",
                  "Parallel Aware": true,
                  "Scan Direction": "Forward",
                  "Index Name": "role_id_cast_info",
                  "Relation Name": "cast_info",
                  "Alias": "ci",
                  "Startup Cost": 0.56,
                  "Total Cost": 335235.55,
                  "Plan Rows": 2048822,
                  "Plan Width": 0,
                  "Actual Startup Time": 26.423,
                  "Actual Total Time": 363.768,
                  "Actual Rows": 1755294,
                  "Actual Loops": 7,
                  "Index Cond": "(role_id = 1)",
                  "Rows Removed by Index Recheck": 0,
                  "Filter": "(person_id > 56921)",
                  "Rows Removed by Filter": 54804
                }
              ]
            }
          ]
        }
      ]
    },
    "Planning Time": 0.235,
    "Triggers": [],
    "Execution Time": 468.578
  }
]