[
    {
        "Bao": {
            "Bao prediction": "NaN",
            "Bao recommended hint": "(no hint)"
        }
    },
    {
        "Plan": {
            "Node Type": "Aggregate",
            "Strategy": "Plain",
            "Partial Mode": "Finalize",
            "Parallel Aware": false,
            "Startup Cost": 300849.82,
            "Total Cost": 300849.83,
            "Plan Rows": 1,
            "Plan Width": 8,
            "Actual Startup Time": 1574.33,
            "Actual Total Time": 1595.848,
            "Actual Rows": 1,
            "Actual Loops": 1,
            "Output": [
                "count(*)"
            ],
            "Plans": [
                {
                    "Node Type": "Gather",
                    "Parent Relationship": "Outer",
                    "Parallel Aware": false,
                    "Startup Cost": 300849.3,
                    "Total Cost": 300849.81,
                    "Plan Rows": 5,
                    "Plan Width": 8,
                    "Actual Startup Time": 1562.815,
                    "Actual Total Time": 1595.838,
                    "Actual Rows": 6,
                    "Actual Loops": 1,
                    "Output": [
                        "(PARTIAL count(*))"
                    ],
                    "Workers Planned": 5,
                    "Workers Launched": 5,
                    "Single Copy": false,
                    "Plans": [
                        {
                            "Node Type": "Aggregate",
                            "Strategy": "Plain",
                            "Partial Mode": "Partial",
                            "Parent Relationship": "Outer",
                            "Parallel Aware": false,
                            "Startup Cost": 299849.3,
                            "Total Cost": 299849.31,
                            "Plan Rows": 1,
                            "Plan Width": 8,
                            "Actual Startup Time": 1553.384,
                            "Actual Total Time": 1553.794,
                            "Actual Rows": 1,
                            "Actual Loops": 6,
                            "Output": [
                                "PARTIAL count(*)"
                            ],
                            "Workers": [
                                {
                                    "Worker Number": 0,
                                    "Actual Startup Time": 1550.445,
                                    "Actual Total Time": 1550.45,
                                    "Actual Rows": 1,
                                    "Actual Loops": 1
                                },
                                {
                                    "Worker Number": 1,
                                    "Actual Startup Time": 1552.214,
                                    "Actual Total Time": 1552.219,
                                    "Actual Rows": 1,
                                    "Actual Loops": 1
                                },
                                {
                                    "Worker Number": 2,
                                    "Actual Startup Time": 1551.498,
                                    "Actual Total Time": 1551.504,
                                    "Actual Rows": 1,
                                    "Actual Loops": 1
                                },
                                {
                                    "Worker Number": 3,
                                    "Actual Startup Time": 1551.798,
                                    "Actual Total Time": 1551.804,
                                    "Actual Rows": 1,
                                    "Actual Loops": 1
                                },
                                {
                                    "Worker Number": 4,
                                    "Actual Startup Time": 1551.889,
                                    "Actual Total Time": 1551.894,
                                    "Actual Rows": 1,
                                    "Actual Loops": 1
                                }
                            ],
                            "Plans": [
                                {
                                    "Node Type": "Hash Join",
                                    "Parent Relationship": "Outer",
                                    "Parallel Aware": true,
                                    "Join Type": "Inner",
                                    "Startup Cost": 85698.03,
                                    "Total Cost": 297037.31,
                                    "Plan Rows": 1124796,
                                    "Plan Width": 0,
                                    "Actual Startup Time": 431.445,
                                    "Actual Total Time": 1447.567,
                                    "Actual Rows": 2474599,
                                    "Actual Loops": 6,
                                    "Inner Unique": false,
                                    "Hash Cond": "(mi.movie_id = t.id)",
                                    "Workers": [
                                        {
                                            "Worker Number": 0,
                                            "Actual Startup Time": 427.731,
                                            "Actual Total Time": 1442.821,
                                            "Actual Rows": 2440057,
                                            "Actual Loops": 1
                                        },
                                        {
                                            "Worker Number": 1,
                                            "Actual Startup Time": 429.308,
                                            "Actual Total Time": 1452.784,
                                            "Actual Rows": 2427572,
                                            "Actual Loops": 1
                                        },
                                        {
                                            "Worker Number": 2,
                                            "Actual Startup Time": 430.185,
                                            "Actual Total Time": 1443.493,
                                            "Actual Rows": 2445936,
                                            "Actual Loops": 1
                                        },
                                        {
                                            "Worker Number": 3,
                                            "Actual Startup Time": 430.403,
                                            "Actual Total Time": 1444.495,
                                            "Actual Rows": 2432075,
                                            "Actual Loops": 1
                                        },
                                        {
                                            "Worker Number": 4,
                                            "Actual Startup Time": 430.435,
                                            "Actual Total Time": 1443.941,
                                            "Actual Rows": 2447745,
                                            "Actual Loops": 1
                                        }
                                    ],
                                    "Plans": [
                                        {
                                            "Node Type": "Seq Scan",
                                            "Parent Relationship": "Outer",
                                            "Parallel Aware": true,
                                            "Relation Name": "movie_info",
                                            "Schema": "public",
                                            "Alias": "mi",
                                            "Startup Cost": 0.0,
                                            "Total Cost": 198880.74,
                                            "Plan Rows": 2572415,
                                            "Plan Width": 4,
                                            "Actual Startup Time": 0.021,
                                            "Actual Total Time": 315.714,
                                            "Actual Rows": 2161681,
                                            "Actual Loops": 6,
                                            "Output": [
                                                "mi.id",
                                                "mi.movie_id",
                                                "mi.info_type_id",
                                                "mi.info",
                                                "mi.note"
                                            ],
                                            "Filter": "(mi.info_type_id < 18)",
                                            "Rows Removed by Filter": 310939,
                                            "Workers": [
                                                {
                                                    "Worker Number": 0,
                                                    "Actual Startup Time": 0.021,
                                                    "Actual Total Time": 322.912,
                                                    "Actual Rows": 2134930,
                                                    "Actual Loops": 1
                                                },
                                                {
                                                    "Worker Number": 1,
                                                    "Actual Startup Time": 0.02,
                                                    "Actual Total Time": 325.592,
                                                    "Actual Rows": 2115684,
                                                    "Actual Loops": 1
                                                },
                                                {
                                                    "Worker Number": 2,
                                                    "Actual Startup Time": 0.02,
                                                    "Actual Total Time": 321.665,
                                                    "Actual Rows": 2142141,
                                                    "Actual Loops": 1
                                                },
                                                {
                                                    "Worker Number": 3,
                                                    "Actual Startup Time": 0.021,
                                                    "Actual Total Time": 321.32,
                                                    "Actual Rows": 2126153,
                                                    "Actual Loops": 1
                                                },
                                                {
                                                    "Worker Number": 4,
                                                    "Actual Startup Time": 0.031,
                                                    "Actual Total Time": 322.095,
                                                    "Actual Rows": 2139215,
                                                    "Actual Loops": 1
                                                }
                                            ]
                                        },
                                        {
                                            "Node Type": "Hash",
                                            "Parent Relationship": "Inner",
                                            "Parallel Aware": true,
                                            "Startup Cost": 82243.29,
                                            "Total Cost": 82243.29,
                                            "Plan Rows": 276379,
                                            "Plan Width": 8,
                                            "Actual Startup Time": 426.893,
                                            "Actual Total Time": 427.293,
                                            "Actual Rows": 205283,
                                            "Actual Loops": 6,
                                            "Output": [
                                                "t.id",
                                                "mc.movie_id"
                                            ],
                                            "Hash Buckets": 2097152,
                                            "Original Hash Buckets": 2097152,
                                            "Hash Batches": 1,
                                            "Original Hash Batches": 1,
                                            "Peak Memory Usage": 64672,
                                            "Workers": [
                                                {
                                                    "Worker Number": 0,
                                                    "Actual Startup Time": 427.005,
                                                    "Actual Total Time": 427.009,
                                                    "Actual Rows": 204381,
                                                    "Actual Loops": 1
                                                },
                                                {
                                                    "Worker Number": 1,
                                                    "Actual Startup Time": 427.101,
                                                    "Actual Total Time": 427.105,
                                                    "Actual Rows": 196465,
                                                    "Actual Loops": 1
                                                },
                                                {
                                                    "Worker Number": 2,
                                                    "Actual Startup Time": 427.842,
                                                    "Actual Total Time": 427.846,
                                                    "Actual Rows": 204569,
                                                    "Actual Loops": 1
                                                },
                                                {
                                                    "Worker Number": 3,
                                                    "Actual Startup Time": 428.236,
                                                    "Actual Total Time": 428.239,
                                                    "Actual Rows": 202677,
                                                    "Actual Loops": 1
                                                },
                                                {
                                                    "Worker Number": 4,
                                                    "Actual Startup Time": 428.315,
                                                    "Actual Total Time": 428.319,
                                                    "Actual Rows": 204090,
                                                    "Actual Loops": 1
                                                }
                                            ],
                                            "Plans": [
                                                {
                                                    "Node Type": "Hash Join",
                                                    "Parent Relationship": "Outer",
                                                    "Parallel Aware": true,
                                                    "Join Type": "Inner",
                                                    "Startup Cost": 35872.54,
                                                    "Total Cost": 82243.29,
                                                    "Plan Rows": 276379,
                                                    "Plan Width": 8,
                                                    "Actual Startup Time": 144.537,
                                                    "Actual Total Time": 352.394,
                                                    "Actual Rows": 205283,
                                                    "Actual Loops": 6,
                                                    "Output": [
                                                        "t.id",
                                                        "mc.movie_id"
                                                    ],
                                                    "Inner Unique": false,
                                                    "Hash Cond": "(t.id = mc.movie_id)",
                                                    "Workers": [
                                                        {
                                                            "Worker Number": 0,
                                                            "Actual Startup Time": 144.525,
                                                            "Actual Total Time": 350.332,
                                                            "Actual Rows": 204381,
                                                            "Actual Loops": 1
                                                        },
                                                        {
                                                            "Worker Number": 1,
                                                            "Actual Startup Time": 144.521,
                                                            "Actual Total Time": 352.764,
                                                            "Actual Rows": 196465,
                                                            "Actual Loops": 1
                                                        },
                                                        {
                                                            "Worker Number": 2,
                                                            "Actual Startup Time": 144.576,
                                                            "Actual Total Time": 354.107,
                                                            "Actual Rows": 204569,
                                                            "Actual Loops": 1
                                                        },
                                                        {
                                                            "Worker Number": 3,
                                                            "Actual Startup Time": 144.457,
                                                            "Actual Total Time": 353.539,
                                                            "Actual Rows": 202677,
                                                            "Actual Loops": 1
                                                        },
                                                        {
                                                            "Worker Number": 4,
                                                            "Actual Startup Time": 144.57,
                                                            "Actual Total Time": 352.681,
                                                            "Actual Rows": 204090,
                                                            "Actual Loops": 1
                                                        }
                                                    ],
                                                    "Plans": [
                                                        {
                                                            "Node Type": "Seq Scan",
                                                            "Parent Relationship": "Outer",
                                                            "Parallel Aware": true,
                                                            "Relation Name": "title",
                                                            "Schema": "public",
                                                            "Alias": "t",
                                                            "Startup Cost": 0.0,
                                                            "Total Cost": 42318.81,
                                                            "Plan Rows": 632080,
                                                            "Plan Width": 4,
                                                            "Actual Startup Time": 0.019,
                                                            "Actual Total Time": 51.696,
                                                            "Actual Rows": 421385,
                                                            "Actual Loops": 6,
                                                            "Output": [
                                                                "t.id",
                                                                "t.title",
                                                                "t.imdb_index",
                                                                "t.kind_id",
                                                                "t.production_year",
                                                                "t.imdb_id",
                                                                "t.phonetic_code",
                                                                "t.episode_of_id",
                                                                "t.season_nr",
                                                                "t.episode_nr",
                                                                "t.series_years",
                                                                "t.md5sum"
                                                            ],
                                                            "Workers": [
                                                                {
                                                                    "Worker Number": 0,
                                                                    "Actual Startup Time": 0.015,
                                                                    "Actual Total Time": 53.957,
                                                                    "Actual Rows": 416476,
                                                                    "Actual Loops": 1
                                                                },
                                                                {
                                                                    "Worker Number": 1,
                                                                    "Actual Startup Time": 0.021,
                                                                    "Actual Total Time": 53.36,
                                                                    "Actual Rows": 401318,
                                                                    "Actual Loops": 1
                                                                },
                                                                {
                                                                    "Worker Number": 2,
                                                                    "Actual Startup Time": 0.014,
                                                                    "Actual Total Time": 54.103,
                                                                    "Actual Rows": 419546,
                                                                    "Actual Loops": 1
                                                                },
                                                                {
                                                                    "Worker Number": 3,
                                                                    "Actual Startup Time": 0.034,
                                                                    "Actual Total Time": 54.025,
                                                                    "Actual Rows": 415764,
                                                                    "Actual Loops": 1
                                                                },
                                                                {
                                                                    "Worker Number": 4,
                                                                    "Actual Startup Time": 0.024,
                                                                    "Actual Total Time": 53.667,
                                                                    "Actual Rows": 417372,
                                                                    "Actual Loops": 1
                                                                }
                                                            ]
                                                        },
                                                        {
                                                            "Node Type": "Hash",
                                                            "Parent Relationship": "Inner",
                                                            "Parallel Aware": true,
                                                            "Startup Cost": 31414.82,
                                                            "Total Cost": 31414.82,
                                                            "Plan Rows": 356618,
                                                            "Plan Width": 4,
                                                            "Actual Startup Time": 142.179,
                                                            "Actual Total Time": 142.181,
                                                            "Actual Rows": 205283,
                                                            "Actual Loops": 6,
                                                            "Output": [
                                                                "mc.movie_id"
                                                            ],
                                                            "Hash Buckets": 2097152,
                                                            "Original Hash Buckets": 2097152,
                                                            "Hash Batches": 1,
                                                            "Original Hash Batches": 1,
                                                            "Peak Memory Usage": 64640,
                                                            "Workers": [
                                                                {
                                                                    "Worker Number": 0,
                                                                    "Actual Startup Time": 144.228,
                                                                    "Actual Total Time": 144.23,
                                                                    "Actual Rows": 203320,
                                                                    "Actual Loops": 1
                                                                },
                                                                {
                                                                    "Worker Number": 1,
                                                                    "Actual Startup Time": 144.245,
                                                                    "Actual Total Time": 144.246,
                                                                    "Actual Rows": 188056,
                                                                    "Actual Loops": 1
                                                                },
                                                                {
                                                                    "Worker Number": 2,
                                                                    "Actual Startup Time": 144.318,
                                                                    "Actual Total Time": 144.32,
                                                                    "Actual Rows": 206541,
                                                                    "Actual Loops": 1
                                                                },
                                                                {
                                                                    "Worker Number": 3,
                                                                    "Actual Startup Time": 144.367,
                                                                    "Actual Total Time": 144.369,
                                                                    "Actual Rows": 202948,
                                                                    "Actual Loops": 1
                                                                },
                                                                {
                                                                    "Worker Number": 4,
                                                                    "Actual Startup Time": 144.267,
                                                                    "Actual Total Time": 144.268,
                                                                    "Actual Rows": 203609,
                                                                    "Actual Loops": 1
                                                                }
                                                            ],
                                                            "Plans": [
                                                                {
                                                                    "Node Type": "Seq Scan",
                                                                    "Parent Relationship": "Outer",
                                                                    "Parallel Aware": true,
                                                                    "Relation Name": "movie_companies",
                                                                    "Schema": "public",
                                                                    "Alias": "mc",
                                                                    "Startup Cost": 0.0,
                                                                    "Total Cost": 31414.82,
                                                                    "Plan Rows": 356618,
                                                                    "Plan Width": 4,
                                                                    "Actual Startup Time": 40.24,
                                                                    "Actual Total Time": 70.2,
                                                                    "Actual Rows": 205283,
                                                                    "Actual Loops": 6,
                                                                    "Output": [
                                                                        "mc.movie_id"
                                                                    ],
                                                                    "Filter": "((mc.company_id > 312) AND (mc.company_type_id > 1))",
                                                                    "Rows Removed by Filter": 229572,
                                                                    "Workers": [
                                                                        {
                                                                            "Worker Number": 0,
                                                                            "Actual Startup Time": 40.218,
                                                                            "Actual Total Time": 70.782,
                                                                            "Actual Rows": 203320,
                                                                            "Actual Loops": 1
                                                                        },
                                                                        {
                                                                            "Worker Number": 1,
                                                                            "Actual Startup Time": 40.227,
                                                                            "Actual Total Time": 68.636,
                                                                            "Actual Rows": 188056,
                                                                            "Actual Loops": 1
                                                                        },
                                                                        {
                                                                            "Worker Number": 2,
                                                                            "Actual Startup Time": 40.251,
                                                                            "Actual Total Time": 71.297,
                                                                            "Actual Rows": 206541,
                                                                            "Actual Loops": 1
                                                                        },
                                                                        {
                                                                            "Worker Number": 3,
                                                                            "Actual Startup Time": 40.226,
                                                                            "Actual Total Time": 70.899,
                                                                            "Actual Rows": 202948,
                                                                            "Actual Loops": 1
                                                                        },
                                                                        {
                                                                            "Worker Number": 4,
                                                                            "Actual Startup Time": 40.231,
                                                                            "Actual Total Time": 70.963,
                                                                            "Actual Rows": 203609,
                                                                            "Actual Loops": 1
                                                                        }
                                                                    ]
                                                                }
                                                            ]
                                                        }
                                                    ]
                                                }
                                            ]
                                        }
                                    ]
                                }
                            ]
                        }
                    ]
                }
            ]
        },
        "Planning Time": 267.148,
        "Triggers": [],
        "Execution Time": 1595.926
    }
]