[
  {
    "Plan": {
      "Node Type": "Aggregate",
      "Strategy": "Plain",
      "Partial Mode": "Simple",
      "Parallel Aware": false,
      "Startup Cost": 28475.5,
      "Total Cost": 28475.51,
      "Plan Rows": 1,
      "Plan Width": 8,
      "Actual Startup Time": 75.536,
      "Actual Total Time": 75.537,
      "Actual Rows": 1,
      "Actual Loops": 1,
      "Plans": [
        {
          "Node Type": "Bitmap Heap Scan",
          "Parent Relationship": "Outer",
          "Parallel Aware": false,
          "Relation Name": "movie_keyword",
          "Alias": "mk",
          "Startup Cost": 2356.62,
          "Total Cost": 28198.02,
          "Plan Rows": 110992,
          "Plan Width": 0,
          "Actual Startup Time": 27.581,
          "Actual Total Time": 70.358,
          "Actual Rows": 111118,
          "Actual Loops": 1,
          "Recheck Cond": "(keyword_id > 79931)",
          "Rows Removed by Index Recheck": 0,
          "Exact Heap Blocks": 17882,
          "Lossy Heap Blocks": 0,
          "Plans": [
            {
              "Node Type": "Bitmap Index Scan",
              "Parent Relationship": "Outer",
              "Parallel Aware": false,
              "Index Name": "keyword_id_movie_keyword",
              "Startup Cost": 0.0,
              "Total Cost": 2328.87,
              "Plan Rows": 110992,
              "Plan Width": 0,
              "Actual Startup Time": 22.449,
              "Actual Total Time": 22.449,
              "Actual Rows": 111118,
              "Actual Loops": 1,
              "Index Cond": "(keyword_id > 79931)"
            }
          ]
        }
      ]
    },
    "Planning Time": 0.224,
    "Triggers": [],
    "Execution Time": 75.717
  }
]