[
  {
    "Plan": {
      "Node Type": "Aggregate",
      "Strategy": "Plain",
      "Partial Mode": "Finalize",
      "Parallel Aware": false,
      "Startup Cost": 335826.22,
      "Total Cost": 335826.23,
      "Plan Rows": 1,
      "Plan Width": 8,
      "Actual Startup Time": 732.818,
      "Actual Total Time": 789.211,
      "Actual Rows": 1,
      "Actual Loops": 1,
      "Plans": [
        {
          "Node Type": "Gather",
          "Parent Relationship": "Outer",
          "Parallel Aware": false,
          "Startup Cost": 335825.59,
          "Total Cost": 335826.2,
          "Plan Rows": 6,
          "Plan Width": 8,
          "Actual Startup Time": 732.718,
          "Actual Total Time": 789.198,
          "Actual Rows": 7,
          "Actual Loops": 1,
          "Workers Planned": 6,
          "Workers Launched": 6,
          "Single Copy": false,
          "Plans": [
            {
              "Node Type": "Aggregate",
              "Strategy": "Plain",
              "Partial Mode": "Partial",
              "Parent Relationship": "Outer",
              "Parallel Aware": false,
              "Startup Cost": 334825.59,
              "Total Cost": 334825.6,
              "Plan Rows": 1,
              "Plan Width": 8,
              "Actual Startup Time": 722.648,
              "Actual Total Time": 722.649,
              "Actual Rows": 1,
              "Actual Loops": 7,
              "Plans": [
                {
                  "Node Type": "Seq Scan",
                  "Parent Relationship": "Outer",
                  "Parallel Aware": true,
                  "Relation Name": "cast_info",
                  "Alias": "ci",
                  "Startup Cost": 0.0,
                  "Total Cost": 328162.03,
                  "Plan Rows": 2665426,
                  "Plan Width": 0,
                  "Actual Startup Time": 0.061,
                  "Actual Total Time": 613.627,
                  "Actual Rows": 2284462,
                  "Actual Loops": 7,
                  "Filter": "(person_id < 1581329)",
                  "Rows Removed by Filter": 2893301
                }
              ]
            }
          ]
        }
      ]
    },
    "Planning Time": 0.21,
    "Triggers": [],
    "Execution Time": 789.29
  }
]