[
  {
    "Plan": {
      "Node Type": "Aggregate",
      "Strategy": "Plain",
      "Partial Mode": "Finalize",
      "Parallel Aware": false,
      "Startup Cost": 41548.29,
      "Total Cost": 41548.3,
      "Plan Rows": 1,
      "Plan Width": 8,
      "Actual Startup Time": 57.422,
      "Actual Total Time": 64.587,
      "Actual Rows": 1,
      "Actual Loops": 1,
      "Plans": [
        {
          "Node Type": "Gather",
          "Parent Relationship": "Outer",
          "Parallel Aware": false,
          "Startup Cost": 41548.08,
          "Total Cost": 41548.29,
          "Plan Rows": 2,
          "Plan Width": 8,
          "Actual Startup Time": 57.182,
          "Actual Total Time": 64.58,
          "Actual Rows": 3,
          "Actual Loops": 1,
          "Workers Planned": 2,
          "Workers Launched": 2,
          "Single Copy": false,
          "Plans": [
            {
              "Node Type": "Aggregate",
              "Strategy": "Plain",
              "Partial Mode": "Partial",
              "Parent Relationship": "Outer",
              "Parallel Aware": false,
              "Startup Cost": 40548.08,
              "Total Cost": 40548.09,
              "Plan Rows": 1,
              "Plan Width": 8,
              "Actual Startup Time": 49.288,
              "Actual Total Time": 49.289,
              "Actual Rows": 1,
              "Actual Loops": 3,
              "Plans": [
                {
                  "Node Type": "Nested Loop",
                  "Parent Relationship": "Outer",
                  "Parallel Aware": false,
                  "Join Type": "Inner",
                  "Startup Cost": 177.14,
                  "Total Cost": 40539.44,
                  "Plan Rows": 3456,
                  "Plan Width": 0,
                  "Actual Startup Time": 5.887,
                  "Actual Total Time": 48.863,
                  "Actual Rows": 3213,
                  "Actual Loops": 3,
                  "Inner Unique": true,
                  "Plans": [
                    {
                      "Node Type": "Bitmap Heap Scan",
                      "Parent Relationship": "Outer",
                      "Parallel Aware": true,
                      "Relation Name": "movie_keyword",
                      "Alias": "mk",
                      "Startup Cost": 176.71,
                      "Total Cost": 17130.16,
                      "Plan Rows": 3456,
                      "Plan Width": 4,
                      "Actual Startup Time": 5.739,
                      "Actual Total Time": 18.861,
                      "Actual Rows": 3213,
                      "Actual Loops": 3,
                      "Recheck Cond": "(keyword_id = 236)",
                      "Rows Removed by Index Recheck": 0,
                      "Exact Heap Blocks": 5619,
                      "Lossy Heap Blocks": 0,
                      "Plans": [
                        {
                          "Node Type": "Bitmap Index Scan",
                          "Parent Relationship": "Outer",
                          "Parallel Aware": false,
                          "Index Name": "keyword_id_movie_keyword",
                          "Startup Cost": 0.0,
                          "Total Cost": 174.64,
                          "Plan Rows": 8294,
                          "Plan Width": 0,
                          "Actual Startup Time": 8.908,
                          "Actual Total Time": 8.908,
                          "Actual Rows": 9638,
                          "Actual Loops": 1,
                          "Index Cond": "(keyword_id = 236)"
                        }
                      ]
                    },
                    {
                      "Node Type": "Index Only Scan",
                      "Parent Relationship": "Inner",
                      "Parallel Aware": false,
                      "Scan Direction": "Forward",
                      "Index Name": "title_pkey",
                      "Relation Name": "title",
                      "Alias": "t",
                      "Startup Cost": 0.43,
                      "Total Cost": 6.77,
                      "Plan Rows": 1,
                      "Plan Width": 4,
                      "Actual Startup Time": 0.009,
                      "Actual Total Time": 0.009,
                      "Actual Rows": 1,
                      "Actual Loops": 9638,
                      "Index Cond": "(id = mk.movie_id)",
                      "Rows Removed by Index Recheck": 0,
                      "Heap Fetches": 9638
                    }
                  ]
                }
              ]
            }
          ]
        }
      ]
    },
    "Planning Time": 0.583,
    "Triggers": [],
    "Execution Time": 64.707
  }
]