{
    "Plan": {
        "Node Type": "Aggregate",
        "Strategy": "Plain",
        "Partial Mode": "Simple",
        "Parallel Aware": false,
        "Startup Cost": 50000700664.26,
        "Total Cost": 50000700664.27,
        "Plan Rows": 1,
        "Plan Width": 64,
        "Actual Startup Time": 7408.568,
        "Actual Total Time": 7408.581,
        "Actual Rows": 1,
        "Actual Loops": 1,
        "Output": [
            "min(mi_idx.info)",
            "min(t.title)"
        ],
        "Plans": [
            {
                "Node Type": "Hash Join",
                "Parent Relationship": "Outer",
                "Parallel Aware": false,
                "Join Type": "Inner",
                "Startup Cost": 50000677736.57,
                "Total Cost": 50000700664.26,
                "Plan Rows": 1,
                "Plan Width": 22,
                "Actual Startup Time": 7405.021,
                "Actual Total Time": 7408.569,
                "Actual Rows": 1,
                "Actual Loops": 1,
                "Output": [
                    "mi_idx.info",
                    "t.title"
                ],
                "Inner Unique": false,
                "Hash Cond": "(t.id = mi.movie_id)",
                "Plans": [
                    {
                        "Node Type": "Nested Loop",
                        "Parent Relationship": "Outer",
                        "Parallel Aware": false,
                        "Join Type": "Inner",
                        "Startup Cost": 20000572421.19,
                        "Total Cost": 20000595348.84,
                        "Plan Rows": 1,
                        "Plan Width": 25,
                        "Actual Startup Time": 1563.039,
                        "Actual Total Time": 1567.216,
                        "Actual Rows": 2,
                        "Actual Loops": 1,
                        "Output": [
                            "mk.movie_id",
                            "t.title",
                            "t.id"
                        ],
                        "Inner Unique": true,
                        "Plans": [
                            {
                                "Node Type": "Nested Loop",
                                "Parent Relationship": "Outer",
                                "Parallel Aware": false,
                                "Join Type": "Inner",
                                "Startup Cost": 10000572421.01,
                                "Total Cost": 10000595340.63,
                                "Plan Rows": 1,
                                "Plan Width": 29,
                                "Actual Startup Time": 1563.021,
                                "Actual Total Time": 1567.182,
                                "Actual Rows": 2,
                                "Actual Loops": 1,
                                "Output": [
                                    "mk.movie_id",
                                    "t.title",
                                    "t.kind_id",
                                    "t.id"
                                ],
                                "Inner Unique": true,
                                "Plans": [
                                    {
                                        "Node Type": "Merge Join",
                                        "Parent Relationship": "Outer",
                                        "Parallel Aware": false,
                                        "Join Type": "Inner",
                                        "Startup Cost": 572420.56,
                                        "Total Cost": 595041.22,
                                        "Plan Rows": 67,
                                        "Plan Width": 4,
                                        "Actual Startup Time": 1458.986,
                                        "Actual Total Time": 1533.931,
                                        "Actual Rows": 3672,
                                        "Actual Loops": 1,
                                        "Output": [
                                            "mk.movie_id"
                                        ],
                                        "Inner Unique": false,
                                        "Merge Cond": "(mk.keyword_id = k.id)",
                                        "Plans": [
                                            {
                                                "Node Type": "Sort",
                                                "Parent Relationship": "Outer",
                                                "Parallel Aware": false,
                                                "Startup Cost": 569794.43,
                                                "Total Cost": 581104.25,
                                                "Plan Rows": 4523930,
                                                "Plan Width": 8,
                                                "Actual Startup Time": 1270.21,
                                                "Actual Total Time": 1456.228,
                                                "Actual Rows": 766944,
                                                "Actual Loops": 1,
                                                "Output": [
                                                    "mk.movie_id",
                                                    "mk.keyword_id"
                                                ],
                                                "Sort Key": [
                                                    "mk.keyword_id"
                                                ],
                                                "Sort Method": "quicksort",
                                                "Sort Space Used": 408668,
                                                "Sort Space Type": "Memory",
                                                "Plans": [
                                                    {
                                                        "Node Type": "Seq Scan",
                                                        "Parent Relationship": "Outer",
                                                        "Parallel Aware": false,
                                                        "Relation Name": "movie_keyword",
                                                        "Schema": "public",
                                                        "Alias": "mk",
                                                        "Startup Cost": 0.0,
                                                        "Total Cost": 69693.3,
                                                        "Plan Rows": 4523930,
                                                        "Plan Width": 8,
                                                        "Actual Startup Time": 0.033,
                                                        "Actual Total Time": 463.104,
                                                        "Actual Rows": 4523930,
                                                        "Actual Loops": 1,
                                                        "Output": [
                                                            "mk.movie_id",
                                                            "mk.keyword_id"
                                                        ]
                                                    }
                                                ]
                                            },
                                            {
                                                "Node Type": "Sort",
                                                "Parent Relationship": "Inner",
                                                "Parallel Aware": false,
                                                "Startup Cost": 2626.14,
                                                "Total Cost": 2626.14,
                                                "Plan Rows": 2,
                                                "Plan Width": 4,
                                                "Actual Startup Time": 12.365,
                                                "Actual Total Time": 12.758,
                                                "Actual Rows": 2153,
                                                "Actual Loops": 1,
                                                "Output": [
                                                    "k.id"
                                                ],
                                                "Sort Key": [
                                                    "k.id"
                                                ],
                                                "Sort Method": "quicksort",
                                                "Sort Space Used": 25,
                                                "Sort Space Type": "Memory",
                                                "Plans": [
                                                    {
                                                        "Node Type": "Seq Scan",
                                                        "Parent Relationship": "Outer",
                                                        "Parallel Aware": false,
                                                        "Relation Name": "keyword",
                                                        "Schema": "public",
                                                        "Alias": "k",
                                                        "Startup Cost": 0.0,
                                                        "Total Cost": 2626.12,
                                                        "Plan Rows": 2,
                                                        "Plan Width": 4,
                                                        "Actual Startup Time": 0.077,
                                                        "Actual Total Time": 12.34,
                                                        "Actual Rows": 2,
                                                        "Actual Loops": 1,
                                                        "Output": [
                                                            "k.id"
                                                        ],
                                                        "Filter": "(k.keyword = ANY ('{based-on-comic,gift}'::text[]))",
                                                        "Rows Removed by Filter": 134168
                                                    }
                                                ]
                                            }
                                        ]
                                    },
                                    {
                                        "Node Type": "Bitmap Heap Scan",
                                        "Parent Relationship": "Inner",
                                        "Parallel Aware": false,
                                        "Relation Name": "title",
                                        "Schema": "public",
                                        "Alias": "t",
                                        "Startup Cost": 0.45,
                                        "Total Cost": 4.47,
                                        "Plan Rows": 1,
                                        "Plan Width": 25,
                                        "Actual Startup Time": 0.007,
                                        "Actual Total Time": 0.007,
                                        "Actual Rows": 0,
                                        "Actual Loops": 3672,
                                        "Output": [
                                            "t.id",
                                            "t.title",
                                            "t.imdb_index",
                                            "t.kind_id",
                                            "t.production_year",
                                            "t.imdb_id",
                                            "t.phonetic_code",
                                            "t.episode_of_id",
                                            "t.season_nr",
                                            "t.episode_nr",
                                            "t.series_years",
                                            "t.md5sum"
                                        ],
                                        "Recheck Cond": "(t.id = mk.movie_id)",
                                        "Rows Removed by Index Recheck": 0,
                                        "Filter": "((t.production_year > 2008) AND ((t.title ~~ '%murder%'::text) OR (t.title ~~ '%Murder%'::text) OR (t.title ~~ '%Mord%'::text)))",
                                        "Rows Removed by Filter": 1,
                                        "Exact Heap Blocks": 3672,
                                        "Lossy Heap Blocks": 0,
                                        "Plans": [
                                            {
                                                "Node Type": "Bitmap Index Scan",
                                                "Parent Relationship": "Outer",
                                                "Parallel Aware": false,
                                                "Index Name": "title_pkey",
                                                "Startup Cost": 0.0,
                                                "Total Cost": 0.45,
                                                "Plan Rows": 1,
                                                "Plan Width": 0,
                                                "Actual Startup Time": 0.004,
                                                "Actual Total Time": 0.004,
                                                "Actual Rows": 1,
                                                "Actual Loops": 3672,
                                                "Index Cond": "(t.id = mk.movie_id)"
                                            }
                                        ]
                                    }
                                ]
                            },
                            {
                                "Node Type": "Bitmap Heap Scan",
                                "Parent Relationship": "Inner",
                                "Parallel Aware": false,
                                "Relation Name": "kind_type",
                                "Schema": "public",
                                "Alias": "kt",
                                "Startup Cost": 0.18,
                                "Total Cost": 4.2,
                                "Plan Rows": 1,
                                "Plan Width": 4,
                                "Actual Startup Time": 0.009,
                                "Actual Total Time": 0.009,
                                "Actual Rows": 1,
                                "Actual Loops": 2,
                                "Output": [
                                    "kt.id",
                                    "kt.kind"
                                ],
                                "Recheck Cond": "(kt.id = t.kind_id)",
                                "Rows Removed by Index Recheck": 0,
                                "Filter": "((kt.kind)::text = 'episode'::text)",
                                "Rows Removed by Filter": 0,
                                "Exact Heap Blocks": 2,
                                "Lossy Heap Blocks": 0,
                                "Plans": [
                                    {
                                        "Node Type": "Bitmap Index Scan",
                                        "Parent Relationship": "Outer",
                                        "Parallel Aware": false,
                                        "Index Name": "kind_type_pkey",
                                        "Startup Cost": 0.0,
                                        "Total Cost": 0.18,
                                        "Plan Rows": 1,
                                        "Plan Width": 0,
                                        "Actual Startup Time": 0.004,
                                        "Actual Total Time": 0.004,
                                        "Actual Rows": 1,
                                        "Actual Loops": 2,
                                        "Index Cond": "(kt.id = t.kind_id)"
                                    }
                                ]
                            }
                        ]
                    },
                    {
                        "Node Type": "Hash",
                        "Parent Relationship": "Inner",
                        "Parallel Aware": false,
                        "Startup Cost": 30000105313.47,
                        "Total Cost": 30000105313.47,
                        "Plan Rows": 153,
                        "Plan Width": 13,
                        "Actual Startup Time": 5841.315,
                        "Actual Total Time": 5841.321,
                        "Actual Rows": 151452,
                        "Actual Loops": 1,
                        "Output": [
                            "mi.movie_id",
                            "mi_idx.info",
                            "mi_idx.movie_id"
                        ],
                        "Hash Buckets": 262144,
                        "Original Hash Buckets": 1024,
                        "Hash Batches": 1,
                        "Original Hash Batches": 1,
                        "Peak Memory Usage": 8556,
                        "Plans": [
                            {
                                "Node Type": "Hash Join",
                                "Parent Relationship": "Outer",
                                "Parallel Aware": false,
                                "Join Type": "Inner",
                                "Startup Cost": 30000074350.72,
                                "Total Cost": 30000105313.47,
                                "Plan Rows": 153,
                                "Plan Width": 13,
                                "Actual Startup Time": 228.034,
                                "Actual Total Time": 5784.384,
                                "Actual Rows": 151452,
                                "Actual Loops": 1,
                                "Output": [
                                    "mi.movie_id",
                                    "mi_idx.info",
                                    "mi_idx.movie_id"
                                ],
                                "Inner Unique": true,
                                "Hash Cond": "(mi.info_type_id = it1.id)",
                                "Plans": [
                                    {
                                        "Node Type": "Nested Loop",
                                        "Parent Relationship": "Outer",
                                        "Parallel Aware": false,
                                        "Join Type": "Inner",
                                        "Startup Cost": 20000074336.58,
                                        "Total Cost": 20000105252.18,
                                        "Plan Rows": 17313,
                                        "Plan Width": 17,
                                        "Actual Startup Time": 227.954,
                                        "Actual Total Time": 5711.422,
                                        "Actual Rows": 379202,
                                        "Actual Loops": 1,
                                        "Output": [
                                            "mi_idx.info",
                                            "mi_idx.movie_id",
                                            "mi.movie_id",
                                            "mi.info_type_id"
                                        ],
                                        "Inner Unique": false,
                                        "Plans": [
                                            {
                                                "Node Type": "Merge Join",
                                                "Parent Relationship": "Outer",
                                                "Parallel Aware": false,
                                                "Join Type": "Inner",
                                                "Startup Cost": 10000074335.44,
                                                "Total Cost": 10000076969.85,
                                                "Plan Rows": 4582,
                                                "Plan Width": 9,
                                                "Actual Startup Time": 227.846,
                                                "Actual Total Time": 415.21,
                                                "Actual Rows": 360246,
                                                "Actual Loops": 1,
                                                "Output": [
                                                    "mi_idx.info",
                                                    "mi_idx.movie_id"
                                                ],
                                                "Inner Unique": false,
                                                "Merge Cond": "(mi_idx.info_type_id = it2.id)",
                                                "Plans": [
                                                    {
                                                        "Node Type": "Sort",
                                                        "Parent Relationship": "Outer",
                                                        "Parallel Aware": false,
                                                        "Startup Cost": 10000074321.55,
                                                        "Total Cost": 10000075615.85,
                                                        "Plan Rows": 517718,
                                                        "Plan Width": 13,
                                                        "Actual Startup Time": 206.866,
                                                        "Actual Total Time": 268.509,
                                                        "Actual Rows": 526219,
                                                        "Actual Loops": 1,
                                                        "Output": [
                                                            "mi_idx.info",
                                                            "mi_idx.movie_id",
                                                            "mi_idx.info_type_id"
                                                        ],
                                                        "Sort Key": [
                                                            "mi_idx.info_type_id"
                                                        ],
                                                        "Sort Method": "quicksort",
                                                        "Sort Space Used": 49515,
                                                        "Sort Space Type": "Memory",
                                                        "Plans": [
                                                            {
                                                                "Node Type": "Seq Scan",
                                                                "Parent Relationship": "Outer",
                                                                "Parallel Aware": false,
                                                                "Relation Name": "movie_info_idx",
                                                                "Schema": "public",
                                                                "Alias": "mi_idx",
                                                                "Startup Cost": 10000000000.0,
                                                                "Total Cost": 10000025185.44,
                                                                "Plan Rows": 517718,
                                                                "Plan Width": 13,
                                                                "Actual Startup Time": 0.014,
                                                                "Actual Total Time": 143.2,
                                                                "Actual Rows": 526276,
                                                                "Actual Loops": 1,
                                                                "Output": [
                                                                    "mi_idx.info",
                                                                    "mi_idx.movie_id",
                                                                    "mi_idx.info_type_id"
                                                                ],
                                                                "Filter": "(mi_idx.info > '5'::text)",
                                                                "Rows Removed by Filter": 853759
                                                            }
                                                        ]
                                                    },
                                                    {
                                                        "Node Type": "Sort",
                                                        "Parent Relationship": "Inner",
                                                        "Parallel Aware": false,
                                                        "Startup Cost": 2.42,
                                                        "Total Cost": 2.43,
                                                        "Plan Rows": 1,
                                                        "Plan Width": 4,
                                                        "Actual Startup Time": 0.038,
                                                        "Actual Total Time": 28.114,
                                                        "Actual Rows": 1,
                                                        "Actual Loops": 1,
                                                        "Output": [
                                                            "it2.id"
                                                        ],
                                                        "Sort Key": [
                                                            "it2.id"
                                                        ],
                                                        "Sort Method": "quicksort",
                                                        "Sort Space Used": 25,
                                                        "Sort Space Type": "Memory",
                                                        "Plans": [
                                                            {
                                                                "Node Type": "Seq Scan",
                                                                "Parent Relationship": "Outer",
                                                                "Parallel Aware": false,
                                                                "Relation Name": "info_type",
                                                                "Schema": "public",
                                                                "Alias": "it2",
                                                                "Startup Cost": 0.0,
                                                                "Total Cost": 2.41,
                                                                "Plan Rows": 1,
                                                                "Plan Width": 4,
                                                                "Actual Startup Time": 0.025,
                                                                "Actual Total Time": 0.026,
                                                                "Actual Rows": 1,
                                                                "Actual Loops": 1,
                                                                "Output": [
                                                                    "it2.id"
                                                                ],
                                                                "Filter": "((it2.info)::text = 'rating'::text)",
                                                                "Rows Removed by Filter": 112
                                                            }
                                                        ]
                                                    }
                                                ]
                                            },
                                            {
                                                "Node Type": "Bitmap Heap Scan",
                                                "Parent Relationship": "Inner",
                                                "Parallel Aware": false,
                                                "Relation Name": "movie_info",
                                                "Schema": "public",
                                                "Alias": "mi",
                                                "Startup Cost": 1.15,
                                                "Total Cost": 6.12,
                                                "Plan Rows": 5,
                                                "Plan Width": 8,
                                                "Actual Startup Time": 0.008,
                                                "Actual Total Time": 0.013,
                                                "Actual Rows": 1,
                                                "Actual Loops": 360246,
                                                "Output": [
                                                    "mi.id",
                                                    "mi.movie_id",
                                                    "mi.info_type_id",
                                                    "mi.info",
                                                    "mi.note"
                                                ],
                                                "Recheck Cond": "(mi.movie_id = mi_idx.movie_id)",
                                                "Rows Removed by Index Recheck": 0,
                                                "Filter": "(mi.info = ANY ('{Norwegian,American,Bulgaria,Denmark,America,Danish,USA,English,Norway,USA}'::text[]))",
                                                "Rows Removed by Filter": 15,
                                                "Exact Heap Blocks": 2800493,
                                                "Lossy Heap Blocks": 0,
                                                "Plans": [
                                                    {
                                                        "Node Type": "Bitmap Index Scan",
                                                        "Parent Relationship": "Outer",
                                                        "Parallel Aware": false,
                                                        "Index Name": "movie_id_movie_info",
                                                        "Startup Cost": 0.0,
                                                        "Total Cost": 1.15,
                                                        "Plan Rows": 39,
                                                        "Plan Width": 0,
                                                        "Actual Startup Time": 0.003,
                                                        "Actual Total Time": 0.003,
                                                        "Actual Rows": 16,
                                                        "Actual Loops": 360246,
                                                        "Index Cond": "(mi.movie_id = mi_idx.movie_id)"
                                                    }
                                                ]
                                            }
                                        ]
                                    },
                                    {
                                        "Node Type": "Hash",
                                        "Parent Relationship": "Inner",
                                        "Parallel Aware": false,
                                        "Startup Cost": 10000000014.12,
                                        "Total Cost": 10000000014.12,
                                        "Plan Rows": 1,
                                        "Plan Width": 4,
                                        "Actual Startup Time": 0.031,
                                        "Actual Total Time": 0.032,
                                        "Actual Rows": 1,
                                        "Actual Loops": 1,
                                        "Output": [
                                            "it1.id"
                                        ],
                                        "Hash Buckets": 1024,
                                        "Original Hash Buckets": 1024,
                                        "Hash Batches": 1,
                                        "Original Hash Batches": 1,
                                        "Peak Memory Usage": 9,
                                        "Plans": [
                                            {
                                                "Node Type": "Index Scan",
                                                "Parent Relationship": "Outer",
                                                "Parallel Aware": false,
                                                "Scan Direction": "Forward",
                                                "Index Name": "info_type_pkey",
                                                "Relation Name": "info_type",
                                                "Schema": "public",
                                                "Alias": "it1",
                                                "Startup Cost": 10000000000.14,
                                                "Total Cost": 10000000014.12,
                                                "Plan Rows": 1,
                                                "Plan Width": 4,
                                                "Actual Startup Time": 0.016,
                                                "Actual Total Time": 0.027,
                                                "Actual Rows": 1,
                                                "Actual Loops": 1,
                                                "Output": [
                                                    "it1.id"
                                                ],
                                                "Filter": "((it1.info)::text = 'countries'::text)",
                                                "Rows Removed by Filter": 112
                                            }
                                        ]
                                    }
                                ]
                            }
                        ]
                    }
                ]
            }
        ]
    },
    "Planning Time": 6.092,
    "Triggers": [],
    "Execution Time": 7408.885
}