[
  {
    "Plan": {
      "Node Type": "Aggregate",
      "Strategy": "Plain",
      "Partial Mode": "Finalize",
      "Parallel Aware": false,
      "Startup Cost": 126825.45,
      "Total Cost": 126825.46,
      "Plan Rows": 1,
      "Plan Width": 8,
      "Actual Startup Time": 1679.243,
      "Actual Total Time": 1762.227,
      "Actual Rows": 1,
      "Actual Loops": 1,
      "Plans": [
        {
          "Node Type": "Gather",
          "Parent Relationship": "Outer",
          "Parallel Aware": false,
          "Startup Cost": 126825.03,
          "Total Cost": 126825.44,
          "Plan Rows": 4,
          "Plan Width": 8,
          "Actual Startup Time": 1677.928,
          "Actual Total Time": 1762.218,
          "Actual Rows": 5,
          "Actual Loops": 1,
          "Workers Planned": 4,
          "Workers Launched": 4,
          "Single Copy": false,
          "Plans": [
            {
              "Node Type": "Aggregate",
              "Strategy": "Plain",
              "Partial Mode": "Partial",
              "Parent Relationship": "Outer",
              "Parallel Aware": false,
              "Startup Cost": 125825.03,
              "Total Cost": 125825.04,
              "Plan Rows": 1,
              "Plan Width": 8,
              "Actual Startup Time": 1667.413,
              "Actual Total Time": 1667.417,
              "Actual Rows": 1,
              "Actual Loops": 5,
              "Plans": [
                {
                  "Node Type": "Nested Loop",
                  "Parent Relationship": "Outer",
                  "Parallel Aware": false,
                  "Join Type": "Inner",
                  "Startup Cost": 24563.23,
                  "Total Cost": 124927.79,
                  "Plan Rows": 358896,
                  "Plan Width": 0,
                  "Actual Startup Time": 84.968,
                  "Actual Total Time": 1610.795,
                  "Actual Rows": 972104,
                  "Actual Loops": 5,
                  "Inner Unique": false,
                  "Plans": [
                    {
                      "Node Type": "Hash Join",
                      "Parent Relationship": "Outer",
                      "Parallel Aware": true,
                      "Join Type": "Inner",
                      "Startup Cost": 24562.66,
                      "Total Cost": 70122.55,
                      "Plan Rows": 25047,
                      "Plan Width": 8,
                      "Actual Startup Time": 84.859,
                      "Actual Total Time": 304.084,
                      "Actual Rows": 32255,
                      "Actual Loops": 5,
                      "Inner Unique": false,
                      "Hash Cond": "(t.id = mc.movie_id)",
                      "Plans": [
                        {
                          "Node Type": "Seq Scan",
                          "Parent Relationship": "Outer",
                          "Parallel Aware": true,
                          "Relation Name": "title",
                          "Alias": "t",
                          "Startup Cost": 0.0,
                          "Total Cost": 42318.73,
                          "Plan Rows": 632073,
                          "Plan Width": 4,
                          "Actual Startup Time": 0.011,
                          "Actual Total Time": 70.576,
                          "Actual Rows": 505662,
                          "Actual Loops": 5
                        },
                        {
                          "Node Type": "Hash",
                          "Parent Relationship": "Inner",
                          "Parallel Aware": true,
                          "Startup Cost": 24158.69,
                          "Total Cost": 24158.69,
                          "Plan Rows": 32318,
                          "Plan Width": 4,
                          "Actual Startup Time": 83.31,
                          "Actual Total Time": 83.311,
                          "Actual Rows": 32255,
                          "Actual Loops": 5,
                          "Hash Buckets": 262144,
                          "Original Hash Buckets": 131072,
                          "Hash Batches": 1,
                          "Original Hash Batches": 1,
                          "Peak Memory Usage": 9536,
                          "Plans": [
                            {
                              "Node Type": "Bitmap Heap Scan",
                              "Parent Relationship": "Outer",
                              "Parallel Aware": true,
                              "Relation Name": "movie_companies",
                              "Alias": "mc",
                              "Startup Cost": 4383.9,
                              "Total Cost": 24158.69,
                              "Plan Rows": 32318,
                              "Plan Width": 4,
                              "Actual Startup Time": 23.02,
                              "Actual Total Time": 62.013,
                              "Actual Rows": 32255,
                              "Actual Loops": 5,
                              "Recheck Cond": "(company_id < 67)",
                              "Rows Removed by Index Recheck": 0,
                              "Filter": "(company_type_id < 2)",
                              "Rows Removed by Filter": 8403,
                              "Exact Heap Blocks": 6843,
                              "Lossy Heap Blocks": 0,
                              "Plans": [
                                {
                                  "Node Type": "Bitmap Index Scan",
                                  "Parent Relationship": "Outer",
                                  "Parallel Aware": false,
                                  "Index Name": "company_id_movie_companies",
                                  "Startup Cost": 0.0,
                                  "Total Cost": 4358.85,
                                  "Plan Rows": 203523,
                                  "Plan Width": 0,
                                  "Actual Startup Time": 23.334,
                                  "Actual Total Time": 23.334,
                                  "Actual Rows": 203291,
                                  "Actual Loops": 1,
                                  "Index Cond": "(company_id < 67)"
                                }
                              ]
                            }
                          ]
                        }
                      ]
                    },
                    {
                      "Node Type": "Index Only Scan",
                      "Parent Relationship": "Inner",
                      "Parallel Aware": false,
                      "Scan Direction": "Forward",
                      "Index Name": "movie_id_cast_info",
                      "Relation Name": "cast_info",
                      "Alias": "ci",
                      "Startup Cost": 0.56,
                      "Total Cost": 1.82,
                      "Plan Rows": 37,
                      "Plan Width": 4,
                      "Actual Startup Time": 0.007,
                      "Actual Total Time": 0.038,
                      "Actual Rows": 30,
                      "Actual Loops": 161275,
                      "Index Cond": "(movie_id = t.id)",
                      "Rows Removed by Index Recheck": 0,
                      "Heap Fetches": 4860519
                    }
                  ]
                }
              ]
            }
          ]
        }
      ]
    },
    "Planning Time": 1.446,
    "Triggers": [],
    "Execution Time": 1762.367
  }
]