[
  {
    "Plan": {
      "Node Type": "Aggregate",
      "Strategy": "Plain",
      "Partial Mode": "Finalize",
      "Parallel Aware": false,
      "Startup Cost": 121693.96,
      "Total Cost": 121693.97,
      "Plan Rows": 1,
      "Plan Width": 8,
      "Actual Startup Time": 154.083,
      "Actual Total Time": 164.407,
      "Actual Rows": 1,
      "Actual Loops": 1,
      "Plans": [
        {
          "Node Type": "Gather",
          "Parent Relationship": "Outer",
          "Parallel Aware": false,
          "Startup Cost": 121693.44,
          "Total Cost": 121693.95,
          "Plan Rows": 5,
          "Plan Width": 8,
          "Actual Startup Time": 153.975,
          "Actual Total Time": 164.399,
          "Actual Rows": 6,
          "Actual Loops": 1,
          "Workers Planned": 5,
          "Workers Launched": 5,
          "Single Copy": false,
          "Plans": [
            {
              "Node Type": "Aggregate",
              "Strategy": "Plain",
              "Partial Mode": "Partial",
              "Parent Relationship": "Outer",
              "Parallel Aware": false,
              "Startup Cost": 120693.44,
              "Total Cost": 120693.45,
              "Plan Rows": 1,
              "Plan Width": 8,
              "Actual Startup Time": 145.828,
              "Actual Total Time": 145.829,
              "Actual Rows": 1,
              "Actual Loops": 6,
              "Plans": [
                {
                  "Node Type": "Index Scan",
                  "Parent Relationship": "Outer",
                  "Parallel Aware": true,
                  "Scan Direction": "Forward",
                  "Index Name": "role_id_cast_info",
                  "Relation Name": "cast_info",
                  "Alias": "ci",
                  "Startup Cost": 0.56,
                  "Total Cost": 119623.46,
                  "Plan Rows": 427993,
                  "Plan Width": 0,
                  "Actual Startup Time": 0.14,
                  "Actual Total Time": 140.279,
                  "Actual Rows": 114613,
                  "Actual Loops": 6,
                  "Index Cond": "(role_id = 10)",
                  "Rows Removed by Index Recheck": 0,
                  "Filter": "(person_id < 1756121)",
                  "Rows Removed by Filter": 605890
                }
              ]
            }
          ]
        }
      ]
    },
    "Planning Time": 0.228,
    "Triggers": [],
    "Execution Time": 164.469
  }
]