[
  {
    "Plan": {
      "Node Type": "Aggregate",
      "Strategy": "Plain",
      "Partial Mode": "Finalize",
      "Parallel Aware": false,
      "Startup Cost": 436775.52,
      "Total Cost": 436775.53,
      "Plan Rows": 1,
      "Plan Width": 8,
      "Actual Startup Time": 2211.006,
      "Actual Total Time": 2279.988,
      "Actual Rows": 1,
      "Actual Loops": 1,
      "Plans": [
        {
          "Node Type": "Gather",
          "Parent Relationship": "Outer",
          "Parallel Aware": false,
          "Startup Cost": 436774.89,
          "Total Cost": 436775.5,
          "Plan Rows": 6,
          "Plan Width": 8,
          "Actual Startup Time": 2200.002,
          "Actual Total Time": 2279.978,
          "Actual Rows": 7,
          "Actual Loops": 1,
          "Workers Planned": 6,
          "Workers Launched": 6,
          "Single Copy": false,
          "Plans": [
            {
              "Node Type": "Aggregate",
              "Strategy": "Plain",
              "Partial Mode": "Partial",
              "Parent Relationship": "Outer",
              "Parallel Aware": false,
              "Startup Cost": 435774.89,
              "Total Cost": 435774.9,
              "Plan Rows": 1,
              "Plan Width": 8,
              "Actual Startup Time": 2188.107,
              "Actual Total Time": 2188.163,
              "Actual Rows": 1,
              "Actual Loops": 7,
              "Plans": [
                {
                  "Node Type": "Hash Join",
                  "Parent Relationship": "Outer",
                  "Parallel Aware": true,
                  "Join Type": "Inner",
                  "Startup Cost": 92137.61,
                  "Total Cost": 432313.48,
                  "Plan Rows": 1384565,
                  "Plan Width": 0,
                  "Actual Startup Time": 402.294,
                  "Actual Total Time": 2049.935,
                  "Actual Rows": 3288688,
                  "Actual Loops": 7,
                  "Inner Unique": false,
                  "Hash Cond": "(ci.movie_id = t.id)",
                  "Plans": [
                    {
                      "Node Type": "Seq Scan",
                      "Parent Relationship": "Outer",
                      "Parallel Aware": true,
                      "Relation Name": "cast_info",
                      "Alias": "ci",
                      "Startup Cost": 0.0,
                      "Total Cost": 313067.02,
                      "Plan Rows": 6038002,
                      "Plan Width": 4,
                      "Actual Startup Time": 0.019,
                      "Actual Total Time": 529.383,
                      "Actual Rows": 5177763,
                      "Actual Loops": 7
                    },
                    {
                      "Node Type": "Hash",
                      "Parent Relationship": "Inner",
                      "Parallel Aware": true,
                      "Startup Cost": 89799.87,
                      "Total Cost": 89799.87,
                      "Plan Rows": 187019,
                      "Plan Width": 8,
                      "Actual Startup Time": 399.051,
                      "Actual Total Time": 399.107,
                      "Actual Rows": 83976,
                      "Actual Loops": 7,
                      "Hash Buckets": 1048576,
                      "Original Hash Buckets": 1048576,
                      "Hash Batches": 1,
                      "Original Hash Batches": 1,
                      "Peak Memory Usage": 31296,
                      "Plans": [
                        {
                          "Node Type": "Hash Join",
                          "Parent Relationship": "Outer",
                          "Parallel Aware": true,
                          "Join Type": "Inner",
                          "Startup Cost": 62517.21,
                          "Total Cost": 89799.87,
                          "Plan Rows": 187019,
                          "Plan Width": 8,
                          "Actual Startup Time": 275.937,
                          "Actual Total Time": 358.467,
                          "Actual Rows": 83976,
                          "Actual Loops": 7,
                          "Inner Unique": true,
                          "Hash Cond": "(mk.movie_id = t.id)",
                          "Plans": [
                            {
                              "Node Type": "Bitmap Heap Scan",
                              "Parent Relationship": "Outer",
                              "Parallel Aware": true,
                              "Relation Name": "movie_keyword",
                              "Alias": "mk",
                              "Startup Cost": 12297.56,
                              "Total Cost": 39089.3,
                              "Plan Rows": 187019,
                              "Plan Width": 4,
                              "Actual Startup Time": 29.537,
                              "Actual Total Time": 73.899,
                              "Actual Rows": 83976,
                              "Actual Loops": 7,
                              "Recheck Cond": "(keyword_id < 429)",
                              "Rows Removed by Index Recheck": 0,
                              "Exact Heap Blocks": 4974,
                              "Lossy Heap Blocks": 0,
                              "Plans": [
                                {
                                  "Node Type": "Bitmap Index Scan",
                                  "Parent Relationship": "Outer",
                                  "Parallel Aware": false,
                                  "Index Name": "keyword_id_movie_keyword",
                                  "Startup Cost": 0.0,
                                  "Total Cost": 12152.63,
                                  "Plan Rows": 579759,
                                  "Plan Width": 0,
                                  "Actual Startup Time": 25.871,
                                  "Actual Total Time": 25.872,
                                  "Actual Rows": 587834,
                                  "Actual Loops": 1,
                                  "Index Cond": "(keyword_id < 429)"
                                }
                              ]
                            },
                            {
                              "Node Type": "Hash",
                              "Parent Relationship": "Inner",
                              "Parallel Aware": true,
                              "Startup Cost": 42318.73,
                              "Total Cost": 42318.73,
                              "Plan Rows": 632073,
                              "Plan Width": 4,
                              "Actual Startup Time": 242.124,
                              "Actual Total Time": 242.125,
                              "Actual Rows": 361187,
                              "Actual Loops": 7,
                              "Hash Buckets": 4194304,
                              "Original Hash Buckets": 4194304,
                              "Hash Batches": 1,
                              "Original Hash Batches": 1,
                              "Peak Memory Usage": 131776,
                              "Plans": [
                                {
                                  "Node Type": "Seq Scan",
                                  "Parent Relationship": "Outer",
                                  "Parallel Aware": true,
                                  "Relation Name": "title",
                                  "Alias": "t",
                                  "Startup Cost": 0.0,
                                  "Total Cost": 42318.73,
                                  "Plan Rows": 632073,
                                  "Plan Width": 4,
                                  "Actual Startup Time": 0.049,
                                  "Actual Total Time": 70.559,
                                  "Actual Rows": 361187,
                                  "Actual Loops": 7
                                }
                              ]
                            }
                          ]
                        }
                      ]
                    }
                  ]
                }
              ]
            }
          ]
        }
      ]
    },
    "Planning Time": 1.286,
    "Triggers": [],
    "Execution Time": 2280.108
  }
]