[
    {
        "Bao": {
            "Bao prediction": "NaN",
            "Bao recommended hint": "(no hint)"
        }
    },
    {
        "Plan": {
            "Node Type": "Aggregate",
            "Strategy": "Plain",
            "Partial Mode": "Finalize",
            "Parallel Aware": false,
            "Startup Cost": 453622.63,
            "Total Cost": 453622.64,
            "Plan Rows": 1,
            "Plan Width": 8,
            "Actual Startup Time": 1315.74,
            "Actual Total Time": 1352.347,
            "Actual Rows": 1,
            "Actual Loops": 1,
            "Output": [
                "count(*)"
            ],
            "Plans": [
                {
                    "Node Type": "Gather",
                    "Parent Relationship": "Outer",
                    "Parallel Aware": false,
                    "Startup Cost": 453622.01,
                    "Total Cost": 453622.62,
                    "Plan Rows": 6,
                    "Plan Width": 8,
                    "Actual Startup Time": 1302.109,
                    "Actual Total Time": 1352.335,
                    "Actual Rows": 7,
                    "Actual Loops": 1,
                    "Output": [
                        "(PARTIAL count(*))"
                    ],
                    "Workers Planned": 6,
                    "Workers Launched": 6,
                    "Single Copy": false,
                    "Plans": [
                        {
                            "Node Type": "Aggregate",
                            "Strategy": "Plain",
                            "Partial Mode": "Partial",
                            "Parent Relationship": "Outer",
                            "Parallel Aware": false,
                            "Startup Cost": 452622.01,
                            "Total Cost": 452622.02,
                            "Plan Rows": 1,
                            "Plan Width": 8,
                            "Actual Startup Time": 1293.132,
                            "Actual Total Time": 1293.274,
                            "Actual Rows": 1,
                            "Actual Loops": 7,
                            "Output": [
                                "PARTIAL count(*)"
                            ],
                            "Workers": [
                                {
                                    "Worker Number": 0,
                                    "Actual Startup Time": 1290.829,
                                    "Actual Total Time": 1290.833,
                                    "Actual Rows": 1,
                                    "Actual Loops": 1
                                },
                                {
                                    "Worker Number": 1,
                                    "Actual Startup Time": 1290.499,
                                    "Actual Total Time": 1290.504,
                                    "Actual Rows": 1,
                                    "Actual Loops": 1
                                },
                                {
                                    "Worker Number": 2,
                                    "Actual Startup Time": 1295.163,
                                    "Actual Total Time": 1295.169,
                                    "Actual Rows": 1,
                                    "Actual Loops": 1
                                },
                                {
                                    "Worker Number": 3,
                                    "Actual Startup Time": 1291.144,
                                    "Actual Total Time": 1291.149,
                                    "Actual Rows": 1,
                                    "Actual Loops": 1
                                },
                                {
                                    "Worker Number": 4,
                                    "Actual Startup Time": 1291.41,
                                    "Actual Total Time": 1291.415,
                                    "Actual Rows": 1,
                                    "Actual Loops": 1
                                },
                                {
                                    "Worker Number": 5,
                                    "Actual Startup Time": 1291.562,
                                    "Actual Total Time": 1291.567,
                                    "Actual Rows": 1,
                                    "Actual Loops": 1
                                }
                            ],
                            "Plans": [
                                {
                                    "Node Type": "Hash Join",
                                    "Parent Relationship": "Outer",
                                    "Parallel Aware": true,
                                    "Join Type": "Inner",
                                    "Startup Cost": 95999.58,
                                    "Total Cost": 450858.94,
                                    "Plan Rows": 705226,
                                    "Plan Width": 0,
                                    "Actual Startup Time": 473.136,
                                    "Actual Total Time": 1263.719,
                                    "Actual Rows": 488863,
                                    "Actual Loops": 7,
                                    "Inner Unique": false,
                                    "Hash Cond": "(ci.movie_id = t.id)",
                                    "Workers": [
                                        {
                                            "Worker Number": 0,
                                            "Actual Startup Time": 470.405,
                                            "Actual Total Time": 1260.528,
                                            "Actual Rows": 378833,
                                            "Actual Loops": 1
                                        },
                                        {
                                            "Worker Number": 1,
                                            "Actual Startup Time": 470.552,
                                            "Actual Total Time": 1260.177,
                                            "Actual Rows": 381789,
                                            "Actual Loops": 1
                                        },
                                        {
                                            "Worker Number": 2,
                                            "Actual Startup Time": 475.239,
                                            "Actual Total Time": 1266.836,
                                            "Actual Rows": 351608,
                                            "Actual Loops": 1
                                        },
                                        {
                                            "Worker Number": 3,
                                            "Actual Startup Time": 471.22,
                                            "Actual Total Time": 1261.77,
                                            "Actual Rows": 545078,
                                            "Actual Loops": 1
                                        },
                                        {
                                            "Worker Number": 4,
                                            "Actual Startup Time": 471.491,
                                            "Actual Total Time": 1261.55,
                                            "Actual Rows": 574628,
                                            "Actual Loops": 1
                                        },
                                        {
                                            "Worker Number": 5,
                                            "Actual Startup Time": 471.646,
                                            "Actual Total Time": 1261.772,
                                            "Actual Rows": 564653,
                                            "Actual Loops": 1
                                        }
                                    ],
                                    "Plans": [
                                        {
                                            "Node Type": "Seq Scan",
                                            "Parent Relationship": "Outer",
                                            "Parallel Aware": true,
                                            "Relation Name": "cast_info",
                                            "Schema": "public",
                                            "Alias": "ci",
                                            "Startup Cost": 0.0,
                                            "Total Cost": 343318.94,
                                            "Plan Rows": 2470801,
                                            "Plan Width": 4,
                                            "Actual Startup Time": 202.484,
                                            "Actual Total Time": 663.226,
                                            "Actual Rows": 1856026,
                                            "Actual Loops": 7,
                                            "Output": [
                                                "ci.id",
                                                "ci.person_id",
                                                "ci.movie_id",
                                                "ci.person_role_id",
                                                "ci.note",
                                                "ci.nr_order",
                                                "ci.role_id"
                                            ],
                                            "Filter": "((ci.person_id > 1740234) AND (ci.role_id < 8))",
                                            "Rows Removed by Filter": 3321737,
                                            "Workers": [
                                                {
                                                    "Worker Number": 0,
                                                    "Actual Startup Time": 202.499,
                                                    "Actual Total Time": 673.616,
                                                    "Actual Rows": 1454588,
                                                    "Actual Loops": 1
                                                },
                                                {
                                                    "Worker Number": 1,
                                                    "Actual Startup Time": 202.482,
                                                    "Actual Total Time": 673.848,
                                                    "Actual Rows": 1459817,
                                                    "Actual Loops": 1
                                                },
                                                {
                                                    "Worker Number": 2,
                                                    "Actual Startup Time": 202.507,
                                                    "Actual Total Time": 657.93,
                                                    "Actual Rows": 1327473,
                                                    "Actual Loops": 1
                                                },
                                                {
                                                    "Worker Number": 3,
                                                    "Actual Startup Time": 202.493,
                                                    "Actual Total Time": 661.723,
                                                    "Actual Rows": 2069684,
                                                    "Actual Loops": 1
                                                },
                                                {
                                                    "Worker Number": 4,
                                                    "Actual Startup Time": 202.437,
                                                    "Actual Total Time": 660.537,
                                                    "Actual Rows": 2146879,
                                                    "Actual Loops": 1
                                                },
                                                {
                                                    "Worker Number": 5,
                                                    "Actual Startup Time": 202.485,
                                                    "Actual Total Time": 663.21,
                                                    "Actual Rows": 2113331,
                                                    "Actual Loops": 1
                                                }
                                            ]
                                        },
                                        {
                                            "Node Type": "Hash",
                                            "Parent Relationship": "Inner",
                                            "Parallel Aware": true,
                                            "Startup Cost": 93089.73,
                                            "Total Cost": 93089.73,
                                            "Plan Rows": 232788,
                                            "Plan Width": 8,
                                            "Actual Startup Time": 268.643,
                                            "Actual Total Time": 268.784,
                                            "Actual Rows": 59833,
                                            "Actual Loops": 7,
                                            "Output": [
                                                "t.id",
                                                "mk.movie_id"
                                            ],
                                            "Hash Buckets": 1048576,
                                            "Original Hash Buckets": 1048576,
                                            "Hash Batches": 1,
                                            "Original Hash Batches": 1,
                                            "Peak Memory Usage": 24736,
                                            "Workers": [
                                                {
                                                    "Worker Number": 0,
                                                    "Actual Startup Time": 267.085,
                                                    "Actual Total Time": 267.088,
                                                    "Actual Rows": 43890,
                                                    "Actual Loops": 1
                                                },
                                                {
                                                    "Worker Number": 1,
                                                    "Actual Startup Time": 267.366,
                                                    "Actual Total Time": 267.369,
                                                    "Actual Rows": 44438,
                                                    "Actual Loops": 1
                                                },
                                                {
                                                    "Worker Number": 2,
                                                    "Actual Startup Time": 272.383,
                                                    "Actual Total Time": 272.387,
                                                    "Actual Rows": 64079,
                                                    "Actual Loops": 1
                                                },
                                                {
                                                    "Worker Number": 3,
                                                    "Actual Startup Time": 267.963,
                                                    "Actual Total Time": 267.966,
                                                    "Actual Rows": 64134,
                                                    "Actual Loops": 1
                                                },
                                                {
                                                    "Worker Number": 4,
                                                    "Actual Startup Time": 268.15,
                                                    "Actual Total Time": 268.153,
                                                    "Actual Rows": 63817,
                                                    "Actual Loops": 1
                                                },
                                                {
                                                    "Worker Number": 5,
                                                    "Actual Startup Time": 268.396,
                                                    "Actual Total Time": 268.4,
                                                    "Actual Rows": 65602,
                                                    "Actual Loops": 1
                                                }
                                            ],
                                            "Plans": [
                                                {
                                                    "Node Type": "Hash Join",
                                                    "Parent Relationship": "Outer",
                                                    "Parallel Aware": true,
                                                    "Join Type": "Inner",
                                                    "Startup Cost": 49037.06,
                                                    "Total Cost": 93089.73,
                                                    "Plan Rows": 232788,
                                                    "Plan Width": 8,
                                                    "Actual Startup Time": 146.012,
                                                    "Actual Total Time": 249.331,
                                                    "Actual Rows": 59833,
                                                    "Actual Loops": 7,
                                                    "Output": [
                                                        "t.id",
                                                        "mk.movie_id"
                                                    ],
                                                    "Inner Unique": true,
                                                    "Hash Cond": "(mk.movie_id = t.id)",
                                                    "Workers": [
                                                        {
                                                            "Worker Number": 0,
                                                            "Actual Startup Time": 144.888,
                                                            "Actual Total Time": 248.739,
                                                            "Actual Rows": 43890,
                                                            "Actual Loops": 1
                                                        },
                                                        {
                                                            "Worker Number": 1,
                                                            "Actual Startup Time": 145.147,
                                                            "Actual Total Time": 248.897,
                                                            "Actual Rows": 44438,
                                                            "Actual Loops": 1
                                                        },
                                                        {
                                                            "Worker Number": 2,
                                                            "Actual Startup Time": 147.073,
                                                            "Actual Total Time": 250.187,
                                                            "Actual Rows": 64079,
                                                            "Actual Loops": 1
                                                        },
                                                        {
                                                            "Worker Number": 3,
                                                            "Actual Startup Time": 145.782,
                                                            "Actual Total Time": 247.691,
                                                            "Actual Rows": 64134,
                                                            "Actual Loops": 1
                                                        },
                                                        {
                                                            "Worker Number": 4,
                                                            "Actual Startup Time": 146.027,
                                                            "Actual Total Time": 250.205,
                                                            "Actual Rows": 63817,
                                                            "Actual Loops": 1
                                                        },
                                                        {
                                                            "Worker Number": 5,
                                                            "Actual Startup Time": 146.175,
                                                            "Actual Total Time": 249.789,
                                                            "Actual Rows": 65602,
                                                            "Actual Loops": 1
                                                        }
                                                    ],
                                                    "Plans": [
                                                        {
                                                            "Node Type": "Seq Scan",
                                                            "Parent Relationship": "Outer",
                                                            "Parallel Aware": true,
                                                            "Relation Name": "movie_keyword",
                                                            "Schema": "public",
                                                            "Alias": "mk",
                                                            "Startup Cost": 0.0,
                                                            "Total Cost": 42695.65,
                                                            "Plan Rows": 516959,
                                                            "Plan Width": 4,
                                                            "Actual Startup Time": 0.017,
                                                            "Actual Total Time": 65.331,
                                                            "Actual Rows": 229456,
                                                            "Actual Loops": 7,
                                                            "Output": [
                                                                "mk.id",
                                                                "mk.movie_id",
                                                                "mk.keyword_id"
                                                            ],
                                                            "Filter": "(mk.keyword_id < 2488)",
                                                            "Rows Removed by Filter": 416820,
                                                            "Workers": [
                                                                {
                                                                    "Worker Number": 0,
                                                                    "Actual Startup Time": 0.022,
                                                                    "Actual Total Time": 67.929,
                                                                    "Actual Rows": 170812,
                                                                    "Actual Loops": 1
                                                                },
                                                                {
                                                                    "Worker Number": 1,
                                                                    "Actual Startup Time": 0.016,
                                                                    "Actual Total Time": 67.631,
                                                                    "Actual Rows": 172792,
                                                                    "Actual Loops": 1
                                                                },
                                                                {
                                                                    "Worker Number": 2,
                                                                    "Actual Startup Time": 0.026,
                                                                    "Actual Total Time": 64.891,
                                                                    "Actual Rows": 248297,
                                                                    "Actual Loops": 1
                                                                },
                                                                {
                                                                    "Worker Number": 3,
                                                                    "Actual Startup Time": 0.02,
                                                                    "Actual Total Time": 64.386,
                                                                    "Actual Rows": 241000,
                                                                    "Actual Loops": 1
                                                                },
                                                                {
                                                                    "Worker Number": 4,
                                                                    "Actual Startup Time": 0.013,
                                                                    "Actual Total Time": 65.814,
                                                                    "Actual Rows": 248967,
                                                                    "Actual Loops": 1
                                                                },
                                                                {
                                                                    "Worker Number": 5,
                                                                    "Actual Startup Time": 0.013,
                                                                    "Actual Total Time": 65.714,
                                                                    "Actual Rows": 248508,
                                                                    "Actual Loops": 1
                                                                }
                                                            ]
                                                        },
                                                        {
                                                            "Node Type": "Hash",
                                                            "Parent Relationship": "Inner",
                                                            "Parallel Aware": true,
                                                            "Startup Cost": 45479.21,
                                                            "Total Cost": 45479.21,
                                                            "Plan Rows": 284628,
                                                            "Plan Width": 4,
                                                            "Actual Startup Time": 144.184,
                                                            "Actual Total Time": 144.186,
                                                            "Actual Rows": 156512,
                                                            "Actual Loops": 7,
                                                            "Output": [
                                                                "t.id"
                                                            ],
                                                            "Hash Buckets": 2097152,
                                                            "Original Hash Buckets": 2097152,
                                                            "Hash Batches": 1,
                                                            "Original Hash Batches": 1,
                                                            "Peak Memory Usage": 59360,
                                                            "Workers": [
                                                                {
                                                                    "Worker Number": 0,
                                                                    "Actual Startup Time": 144.76,
                                                                    "Actual Total Time": 144.761,
                                                                    "Actual Rows": 116489,
                                                                    "Actual Loops": 1
                                                                },
                                                                {
                                                                    "Worker Number": 1,
                                                                    "Actual Startup Time": 145.032,
                                                                    "Actual Total Time": 145.033,
                                                                    "Actual Rows": 112158,
                                                                    "Actual Loops": 1
                                                                },
                                                                {
                                                                    "Worker Number": 2,
                                                                    "Actual Startup Time": 146.862,
                                                                    "Actual Total Time": 146.863,
                                                                    "Actual Rows": 168717,
                                                                    "Actual Loops": 1
                                                                },
                                                                {
                                                                    "Worker Number": 3,
                                                                    "Actual Startup Time": 145.665,
                                                                    "Actual Total Time": 145.666,
                                                                    "Actual Rows": 155383,
                                                                    "Actual Loops": 1
                                                                },
                                                                {
                                                                    "Worker Number": 4,
                                                                    "Actual Startup Time": 145.957,
                                                                    "Actual Total Time": 145.959,
                                                                    "Actual Rows": 156527,
                                                                    "Actual Loops": 1
                                                                },
                                                                {
                                                                    "Worker Number": 5,
                                                                    "Actual Startup Time": 146.069,
                                                                    "Actual Total Time": 146.071,
                                                                    "Actual Rows": 148650,
                                                                    "Actual Loops": 1
                                                                }
                                                            ],
                                                            "Plans": [
                                                                {
                                                                    "Node Type": "Seq Scan",
                                                                    "Parent Relationship": "Outer",
                                                                    "Parallel Aware": true,
                                                                    "Relation Name": "title",
                                                                    "Schema": "public",
                                                                    "Alias": "t",
                                                                    "Startup Cost": 0.0,
                                                                    "Total Cost": 45479.21,
                                                                    "Plan Rows": 284628,
                                                                    "Plan Width": 4,
                                                                    "Actual Startup Time": 0.041,
                                                                    "Actual Total Time": 72.107,
                                                                    "Actual Rows": 156512,
                                                                    "Actual Loops": 7,
                                                                    "Output": [
                                                                        "t.id"
                                                                    ],
                                                                    "Filter": "((t.kind_id > 1) AND (t.production_year < 2007))",
                                                                    "Rows Removed by Filter": 204676,
                                                                    "Workers": [
                                                                        {
                                                                            "Worker Number": 0,
                                                                            "Actual Startup Time": 0.058,
                                                                            "Actual Total Time": 74.502,
                                                                            "Actual Rows": 116489,
                                                                            "Actual Loops": 1
                                                                        },
                                                                        {
                                                                            "Worker Number": 1,
                                                                            "Actual Startup Time": 0.045,
                                                                            "Actual Total Time": 74.37,
                                                                            "Actual Rows": 112158,
                                                                            "Actual Loops": 1
                                                                        },
                                                                        {
                                                                            "Worker Number": 2,
                                                                            "Actual Startup Time": 0.019,
                                                                            "Actual Total Time": 70.04,
                                                                            "Actual Rows": 168717,
                                                                            "Actual Loops": 1
                                                                        },
                                                                        {
                                                                            "Worker Number": 3,
                                                                            "Actual Startup Time": 0.053,
                                                                            "Actual Total Time": 73.261,
                                                                            "Actual Rows": 155383,
                                                                            "Actual Loops": 1
                                                                        },
                                                                        {
                                                                            "Worker Number": 4,
                                                                            "Actual Startup Time": 0.035,
                                                                            "Actual Total Time": 73.682,
                                                                            "Actual Rows": 156527,
                                                                            "Actual Loops": 1
                                                                        },
                                                                        {
                                                                            "Worker Number": 5,
                                                                            "Actual Startup Time": 0.063,
                                                                            "Actual Total Time": 73.768,
                                                                            "Actual Rows": 148650,
                                                                            "Actual Loops": 1
                                                                        }
                                                                    ]
                                                                }
                                                            ]
                                                        }
                                                    ]
                                                }
                                            ]
                                        }
                                    ]
                                }
                            ]
                        }
                    ]
                }
            ]
        },
        "Planning Time": 187.249,
        "Triggers": [],
        "Execution Time": 1352.46
    }
]