{
  "Plan": {
    "Node Type": "Aggregate",
    "Strategy": "Plain",
    "Partial Mode": "Finalize",
    "Parallel Aware": false,
    "Startup Cost": 110768.75,
    "Total Cost": 110768.76,
    "Plan Rows": 1,
    "Plan Width": 8,
    "Actual Startup Time": 711.363,
    "Actual Total Time": 726.951,
    "Actual Rows": 1,
    "Actual Loops": 1,
    "Plans": [
      {
        "Node Type": "Gather",
        "Parent Relationship": "Outer",
        "Parallel Aware": false,
        "Startup Cost": 110768.64,
        "Total Cost": 110768.75,
        "Plan Rows": 1,
        "Plan Width": 8,
        "Actual Startup Time": 709.398,
        "Actual Total Time": 726.944,
        "Actual Rows": 2,
        "Actual Loops": 1,
        "Workers Planned": 1,
        "Workers Launched": 1,
        "Single Copy": false,
        "Plans": [
          {
            "Node Type": "Aggregate",
            "Strategy": "Plain",
            "Partial Mode": "Partial",
            "Parent Relationship": "Outer",
            "Parallel Aware": false,
            "Startup Cost": 109768.64,
            "Total Cost": 109768.65,
            "Plan Rows": 1,
            "Plan Width": 8,
            "Actual Startup Time": 703.604,
            "Actual Total Time": 703.607,
            "Actual Rows": 1,
            "Actual Loops": 2,
            "Plans": [
              {
                "Node Type": "Hash Join",
                "Parent Relationship": "Outer",
                "Parallel Aware": true,
                "Join Type": "Inner",
                "Startup Cost": 46475.6,
                "Total Cost": 108835.87,
                "Plan Rows": 373110,
                "Plan Width": 0,
                "Actual Startup Time": 237.52,
                "Actual Total Time": 685.817,
                "Actual Rows": 447266,
                "Actual Loops": 2,
                "Inner Unique": false,
                "Hash Cond": "(t.id = mc.movie_id)",
                "Plans": [
                  {
                    "Node Type": "Seq Scan",
                    "Parent Relationship": "Outer",
                    "Parallel Aware": true,
                    "Relation Name": "title",
                    "Alias": "t",
                    "Startup Cost": 0.0,
                    "Total Cost": 50870.31,
                    "Plan Rows": 1487231,
                    "Plan Width": 4,
                    "Actual Startup Time": 0.011,
                    "Actual Total Time": 116.485,
                    "Actual Rows": 1264156,
                    "Actual Loops": 2
                  },
                  {
                    "Node Type": "Hash",
                    "Parent Relationship": "Inner",
                    "Parallel Aware": true,
                    "Startup Cost": 41811.73,
                    "Total Cost": 41811.73,
                    "Plan Rows": 373110,
                    "Plan Width": 4,
                    "Actual Startup Time": 227.994,
                    "Actual Total Time": 227.994,
                    "Actual Rows": 447266,
                    "Actual Loops": 2,
                    "Hash Buckets": 1048576,
                    "Original Hash Buckets": 1048576,
                    "Hash Batches": 1,
                    "Original Hash Batches": 1,
                    "Peak Memory Usage": 43232,
                    "Plans": [
                      {
                        "Node Type": "Seq Scan",
                        "Parent Relationship": "Outer",
                        "Parallel Aware": true,
                        "Relation Name": "movie_companies",
                        "Alias": "mc",
                        "Startup Cost": 0.0,
                        "Total Cost": 41811.73,
                        "Plan Rows": 373110,
                        "Plan Width": 4,
                        "Actual Startup Time": 66.845,
                        "Actual Total Time": 136.164,
                        "Actual Rows": 447266,
                        "Actual Loops": 2,
                        "Filter": "((company_id > 11630) AND (company_type_id > 1))",
                        "Rows Removed by Filter": 857298
                      }
                    ]
                  }
                ]
              }
            ]
          }
        ]
      }
    ]
  },
  "Planning Time": 0.718,
  "Triggers": [],
  "Execution Time": 727.019
}