{
  "Plan": {
    "Node Type": "Aggregate",
    "Strategy": "Plain",
    "Partial Mode": "Finalize",
    "Parallel Aware": false,
    "Startup Cost": 677918.05,
    "Total Cost": 677918.06,
    "Plan Rows": 1,
    "Plan Width": 8,
    "Actual Startup Time": 5512.602,
    "Actual Total Time": 5586.471,
    "Actual Rows": 1,
    "Actual Loops": 1,
    "Plans": [
      {
        "Node Type": "Gather",
        "Parent Relationship": "Outer",
        "Parallel Aware": false,
        "Startup Cost": 677917.93,
        "Total Cost": 677918.04,
        "Plan Rows": 1,
        "Plan Width": 8,
        "Actual Startup Time": 5505.986,
        "Actual Total Time": 5586.46,
        "Actual Rows": 2,
        "Actual Loops": 1,
        "Workers Planned": 1,
        "Workers Launched": 1,
        "Single Copy": false,
        "Plans": [
          {
            "Node Type": "Aggregate",
            "Strategy": "Plain",
            "Partial Mode": "Partial",
            "Parent Relationship": "Outer",
            "Parallel Aware": false,
            "Startup Cost": 676917.93,
            "Total Cost": 676917.94,
            "Plan Rows": 1,
            "Plan Width": 8,
            "Actual Startup Time": 5499.859,
            "Actual Total Time": 5500.203,
            "Actual Rows": 1,
            "Actual Loops": 2,
            "Plans": [
              {
                "Node Type": "Hash Join",
                "Parent Relationship": "Outer",
                "Parallel Aware": true,
                "Join Type": "Inner",
                "Startup Cost": 106838.03,
                "Total Cost": 669649.02,
                "Plan Rows": 2907565,
                "Plan Width": 0,
                "Actual Startup Time": 742.969,
                "Actual Total Time": 5175.118,
                "Actual Rows": 7817993,
                "Actual Loops": 2,
                "Inner Unique": false,
                "Hash Cond": "(ci.movie_id = t.id)",
                "Plans": [
                  {
                    "Node Type": "Seq Scan",
                    "Parent Relationship": "Outer",
                    "Parallel Aware": true,
                    "Relation Name": "cast_info",
                    "Alias": "ci",
                    "Startup Cost": 0.0,
                    "Total Cost": 465792.95,
                    "Plan Rows": 21310595,
                    "Plan Width": 4,
                    "Actual Startup Time": 0.015,
                    "Actual Total Time": 1323.227,
                    "Actual Rows": 18122172,
                    "Actual Loops": 2
                  },
                  {
                    "Node Type": "Hash",
                    "Parent Relationship": "Inner",
                    "Parallel Aware": true,
                    "Startup Cost": 104301.6,
                    "Total Cost": 104301.6,
                    "Plan Rows": 202914,
                    "Plan Width": 8,
                    "Actual Startup Time": 737.108,
                    "Actual Total Time": 737.45,
                    "Actual Rows": 181846,
                    "Actual Loops": 2,
                    "Hash Buckets": 524288,
                    "Original Hash Buckets": 524288,
                    "Hash Batches": 1,
                    "Original Hash Batches": 1,
                    "Peak Memory Usage": 18368,
                    "Plans": [
                      {
                        "Node Type": "Hash Join",
                        "Parent Relationship": "Outer",
                        "Parallel Aware": true,
                        "Join Type": "Inner",
                        "Startup Cost": 76778.53,
                        "Total Cost": 104301.6,
                        "Plan Rows": 202914,
                        "Plan Width": 8,
                        "Actual Startup Time": 569.93,
                        "Actual Total Time": 697.006,
                        "Actual Rows": 181846,
                        "Actual Loops": 2,
                        "Inner Unique": true,
                        "Hash Cond": "(mk.movie_id = t.id)",
                        "Plans": [
                          {
                            "Node Type": "Bitmap Heap Scan",
                            "Parent Relationship": "Outer",
                            "Parallel Aware": true,
                            "Relation Name": "movie_keyword",
                            "Alias": "mk",
                            "Startup Cost": 7317.83,
                            "Total Cost": 34308.25,
                            "Plan Rows": 202914,
                            "Plan Width": 4,
                            "Actual Startup Time": 25.771,
                            "Actual Total Time": 85.513,
                            "Actual Rows": 181846,
                            "Actual Loops": 2,
                            "Recheck Cond": "(keyword_id < 335)",
                            "Rows Removed by Index Recheck": 0,
                            "Exact Heap Blocks": 13428,
                            "Lossy Heap Blocks": 0,
                            "Plans": [
                              {
                                "Node Type": "Bitmap Index Scan",
                                "Parent Relationship": "Outer",
                                "Parallel Aware": false,
                                "Index Name": "keyword_id_movie_keyword",
                                "Startup Cost": 0.0,
                                "Total Cost": 7231.59,
                                "Plan Rows": 344954,
                                "Plan Width": 0,
                                "Actual Startup Time": 22.196,
                                "Actual Total Time": 22.196,
                                "Actual Rows": 363692,
                                "Actual Loops": 1,
                                "Index Cond": "(keyword_id < 335)"
                              }
                            ]
                          },
                          {
                            "Node Type": "Hash",
                            "Parent Relationship": "Inner",
                            "Parallel Aware": true,
                            "Startup Cost": 50870.31,
                            "Total Cost": 50870.31,
                            "Plan Rows": 1487231,
                            "Plan Width": 4,
                            "Actual Startup Time": 526.077,
                            "Actual Total Time": 526.078,
                            "Actual Rows": 1264156,
                            "Actual Loops": 2,
                            "Hash Buckets": 4194304,
                            "Original Hash Buckets": 4194304,
                            "Hash Batches": 1,
                            "Original Hash Batches": 1,
                            "Peak Memory Usage": 131712,
                            "Plans": [
                              {
                                "Node Type": "Seq Scan",
                                "Parent Relationship": "Outer",
                                "Parallel Aware": true,
                                "Relation Name": "title",
                                "Alias": "t",
                                "Startup Cost": 0.0,
                                "Total Cost": 50870.31,
                                "Plan Rows": 1487231,
                                "Plan Width": 4,
                                "Actual Startup Time": 0.035,
                                "Actual Total Time": 154.349,
                                "Actual Rows": 1264156,
                                "Actual Loops": 2
                              }
                            ]
                          }
                        ]
                      }
                    ]
                  }
                ]
              }
            ]
          }
        ]
      }
    ]
  },
  "Planning Time": 0.953,
  "Triggers": [],
  "Execution Time": 5586.587
}