[
  {
    "Plan": {
      "Node Type": "Aggregate",
      "Strategy": "Plain",
      "Partial Mode": "Finalize",
      "Parallel Aware": false,
      "Startup Cost": 314953.55,
      "Total Cost": 314953.56,
      "Plan Rows": 1,
      "Plan Width": 8,
      "Actual Startup Time": 3091.284,
      "Actual Total Time": 3135.007,
      "Actual Rows": 1,
      "Actual Loops": 1,
      "Plans": [
        {
          "Node Type": "Gather",
          "Parent Relationship": "Outer",
          "Parallel Aware": false,
          "Startup Cost": 314953.02,
          "Total Cost": 314953.53,
          "Plan Rows": 5,
          "Plan Width": 8,
          "Actual Startup Time": 3066.938,
          "Actual Total Time": 3134.992,
          "Actual Rows": 6,
          "Actual Loops": 1,
          "Workers Planned": 5,
          "Workers Launched": 5,
          "Single Copy": false,
          "Plans": [
            {
              "Node Type": "Aggregate",
              "Strategy": "Plain",
              "Partial Mode": "Partial",
              "Parent Relationship": "Outer",
              "Parallel Aware": false,
              "Startup Cost": 313953.02,
              "Total Cost": 313953.03,
              "Plan Rows": 1,
              "Plan Width": 8,
              "Actual Startup Time": 3052.145,
              "Actual Total Time": 3052.561,
              "Actual Rows": 1,
              "Actual Loops": 6,
              "Plans": [
                {
                  "Node Type": "Hash Join",
                  "Parent Relationship": "Outer",
                  "Parallel Aware": true,
                  "Join Type": "Inner",
                  "Startup Cost": 101149.53,
                  "Total Cost": 309518.97,
                  "Plan Rows": 1773622,
                  "Plan Width": 0,
                  "Actual Startup Time": 535.945,
                  "Actual Total Time": 2422.567,
                  "Actual Rows": 14005264,
                  "Actual Loops": 6,
                  "Inner Unique": false,
                  "Hash Cond": "(mi.movie_id = t.id)",
                  "Plans": [
                    {
                      "Node Type": "Seq Scan",
                      "Parent Relationship": "Outer",
                      "Parallel Aware": true,
                      "Relation Name": "movie_info",
                      "Alias": "mi",
                      "Startup Cost": 0.0,
                      "Total Cost": 191560.33,
                      "Plan Rows": 2956733,
                      "Plan Width": 4,
                      "Actual Startup Time": 0.035,
                      "Actual Total Time": 322.016,
                      "Actual Rows": 2472620,
                      "Actual Loops": 6
                    },
                    {
                      "Node Type": "Hash",
                      "Parent Relationship": "Inner",
                      "Parallel Aware": true,
                      "Startup Cost": 95034.13,
                      "Total Cost": 95034.13,
                      "Plan Rows": 489232,
                      "Plan Width": 8,
                      "Actual Startup Time": 529.791,
                      "Actual Total Time": 530.205,
                      "Actual Rows": 241586,
                      "Actual Loops": 6,
                      "Hash Buckets": 2097152,
                      "Original Hash Buckets": 2097152,
                      "Hash Batches": 1,
                      "Original Hash Batches": 1,
                      "Peak Memory Usage": 73216,
                      "Plans": [
                        {
                          "Node Type": "Hash Join",
                          "Parent Relationship": "Outer",
                          "Parallel Aware": true,
                          "Join Type": "Inner",
                          "Startup Cost": 50886.35,
                          "Total Cost": 95034.13,
                          "Plan Rows": 489232,
                          "Plan Width": 8,
                          "Actual Startup Time": 291.748,
                          "Actual Total Time": 445.338,
                          "Actual Rows": 241586,
                          "Actual Loops": 6,
                          "Inner Unique": true,
                          "Hash Cond": "(mk.movie_id = t.id)",
                          "Plans": [
                            {
                              "Node Type": "Seq Scan",
                              "Parent Relationship": "Outer",
                              "Parallel Aware": true,
                              "Relation Name": "movie_keyword",
                              "Alias": "mk",
                              "Startup Cost": 0.0,
                              "Total Cost": 42695.65,
                              "Plan Rows": 553190,
                              "Plan Width": 4,
                              "Actual Startup Time": 0.46,
                              "Actual Total Time": 85.837,
                              "Actual Rows": 286502,
                              "Actual Loops": 6,
                              "Filter": "(keyword_id > 8263)",
                              "Rows Removed by Filter": 467486
                            },
                            {
                              "Node Type": "Hash",
                              "Parent Relationship": "Inner",
                              "Parallel Aware": true,
                              "Startup Cost": 43898.92,
                              "Total Cost": 43898.92,
                              "Plan Rows": 558995,
                              "Plan Width": 4,
                              "Actual Startup Time": 286.725,
                              "Actual Total Time": 286.726,
                              "Actual Rows": 370889,
                              "Actual Loops": 6,
                              "Hash Buckets": 4194304,
                              "Original Hash Buckets": 4194304,
                              "Hash Batches": 1,
                              "Original Hash Batches": 1,
                              "Peak Memory Usage": 119936,
                              "Plans": [
                                {
                                  "Node Type": "Seq Scan",
                                  "Parent Relationship": "Outer",
                                  "Parallel Aware": true,
                                  "Relation Name": "title",
                                  "Alias": "t",
                                  "Startup Cost": 0.0,
                                  "Total Cost": 43898.92,
                                  "Plan Rows": 558995,
                                  "Plan Width": 4,
                                  "Actual Startup Time": 0.068,
                                  "Actual Total Time": 95.06,
                                  "Actual Rows": 370889,
                                  "Actual Loops": 6,
                                  "Filter": "(production_year > 1958)",
                                  "Rows Removed by Filter": 50496
                                }
                              ]
                            }
                          ]
                        }
                      ]
                    }
                  ]
                }
              ]
            }
          ]
        }
      ]
    },
    "Planning Time": 1.786,
    "Triggers": [],
    "Execution Time": 3135.097
  }
]