{
    "Plan": {
        "Node Type": "Aggregate",
        "Strategy": "Plain",
        "Partial Mode": "Finalize",
        "Parallel Aware": false,
        "Startup Cost": 392157.42,
        "Total Cost": 392157.43,
        "Plan Rows": 1,
        "Plan Width": 8,
        "Actual Startup Time": 1964.596,
        "Actual Total Time": 2015.975,
        "Actual Rows": 1,
        "Actual Loops": 1,
        "Output": [
            "count(*)"
        ],
        "Plans": [
            {
                "Node Type": "Gather",
                "Parent Relationship": "Outer",
                "Parallel Aware": false,
                "Startup Cost": 392156.79,
                "Total Cost": 392157.4,
                "Plan Rows": 6,
                "Plan Width": 8,
                "Actual Startup Time": 1957.158,
                "Actual Total Time": 2015.966,
                "Actual Rows": 7,
                "Actual Loops": 1,
                "Output": [
                    "(PARTIAL count(*))"
                ],
                "Workers Planned": 6,
                "Workers Launched": 6,
                "Single Copy": false,
                "Plans": [
                    {
                        "Node Type": "Aggregate",
                        "Strategy": "Plain",
                        "Partial Mode": "Partial",
                        "Parent Relationship": "Outer",
                        "Parallel Aware": false,
                        "Startup Cost": 391156.79,
                        "Total Cost": 391156.8,
                        "Plan Rows": 1,
                        "Plan Width": 8,
                        "Actual Startup Time": 1945.297,
                        "Actual Total Time": 1945.3,
                        "Actual Rows": 1,
                        "Actual Loops": 7,
                        "Output": [
                            "PARTIAL count(*)"
                        ],
                        "Workers": [
                            {
                                "Worker Number": 0,
                                "Actual Startup Time": 1943.153,
                                "Actual Total Time": 1943.156,
                                "Actual Rows": 1,
                                "Actual Loops": 1
                            },
                            {
                                "Worker Number": 1,
                                "Actual Startup Time": 1943.523,
                                "Actual Total Time": 1943.525,
                                "Actual Rows": 1,
                                "Actual Loops": 1
                            },
                            {
                                "Worker Number": 2,
                                "Actual Startup Time": 1943.447,
                                "Actual Total Time": 1943.449,
                                "Actual Rows": 1,
                                "Actual Loops": 1
                            },
                            {
                                "Worker Number": 3,
                                "Actual Startup Time": 1943.056,
                                "Actual Total Time": 1943.06,
                                "Actual Rows": 1,
                                "Actual Loops": 1
                            },
                            {
                                "Worker Number": 4,
                                "Actual Startup Time": 1943.722,
                                "Actual Total Time": 1943.725,
                                "Actual Rows": 1,
                                "Actual Loops": 1
                            },
                            {
                                "Worker Number": 5,
                                "Actual Startup Time": 1943.918,
                                "Actual Total Time": 1943.921,
                                "Actual Rows": 1,
                                "Actual Loops": 1
                            }
                        ],
                        "Plans": [
                            {
                                "Node Type": "Hash Join",
                                "Parent Relationship": "Outer",
                                "Parallel Aware": true,
                                "Join Type": "Inner",
                                "Startup Cost": 48637.56,
                                "Total Cost": 387212.27,
                                "Plan Rows": 1577807,
                                "Plan Width": 0,
                                "Actual Startup Time": 297.945,
                                "Actual Total Time": 1884.75,
                                "Actual Rows": 1165637,
                                "Actual Loops": 7,
                                "Inner Unique": true,
                                "Hash Cond": "(ci.movie_id = t.id)",
                                "Workers": [
                                    {
                                        "Worker Number": 0,
                                        "Actual Startup Time": 295.785,
                                        "Actual Total Time": 1882.915,
                                        "Actual Rows": 918600,
                                        "Actual Loops": 1
                                    },
                                    {
                                        "Worker Number": 1,
                                        "Actual Startup Time": 296.155,
                                        "Actual Total Time": 1881.878,
                                        "Actual Rows": 1056054,
                                        "Actual Loops": 1
                                    },
                                    {
                                        "Worker Number": 2,
                                        "Actual Startup Time": 296.411,
                                        "Actual Total Time": 1878.344,
                                        "Actual Rows": 992548,
                                        "Actual Loops": 1
                                    },
                                    {
                                        "Worker Number": 3,
                                        "Actual Startup Time": 295.765,
                                        "Actual Total Time": 1882.938,
                                        "Actual Rows": 905677,
                                        "Actual Loops": 1
                                    },
                                    {
                                        "Worker Number": 4,
                                        "Actual Startup Time": 296.405,
                                        "Actual Total Time": 1887.617,
                                        "Actual Rows": 1369017,
                                        "Actual Loops": 1
                                    },
                                    {
                                        "Worker Number": 5,
                                        "Actual Startup Time": 296.577,
                                        "Actual Total Time": 1887.195,
                                        "Actual Rows": 1392976,
                                        "Actual Loops": 1
                                    }
                                ],
                                "Plans": [
                                    {
                                        "Node Type": "Seq Scan",
                                        "Parent Relationship": "Outer",
                                        "Parallel Aware": true,
                                        "Relation Name": "cast_info",
                                        "Schema": "public",
                                        "Alias": "ci",
                                        "Startup Cost": 0.0,
                                        "Total Cost": 328213.62,
                                        "Plan Rows": 3947077,
                                        "Plan Width": 4,
                                        "Actual Startup Time": 138.676,
                                        "Actual Total Time": 666.618,
                                        "Actual Rows": 3380385,
                                        "Actual Loops": 7,
                                        "Output": [
                                            "ci.id",
                                            "ci.person_id",
                                            "ci.movie_id",
                                            "ci.person_role_id",
                                            "ci.note",
                                            "ci.nr_order",
                                            "ci.role_id"
                                        ],
                                        "Filter": "(ci.person_id > 1240822)",
                                        "Rows Removed by Filter": 1797378,
                                        "Workers": [
                                            {
                                                "Worker Number": 0,
                                                "Actual Startup Time": 138.711,
                                                "Actual Total Time": 678.824,
                                                "Actual Rows": 2660241,
                                                "Actual Loops": 1
                                            },
                                            {
                                                "Worker Number": 1,
                                                "Actual Startup Time": 138.671,
                                                "Actual Total Time": 691.03,
                                                "Actual Rows": 3078297,
                                                "Actual Loops": 1
                                            },
                                            {
                                                "Worker Number": 2,
                                                "Actual Startup Time": 138.617,
                                                "Actual Total Time": 697.98,
                                                "Actual Rows": 2874963,
                                                "Actual Loops": 1
                                            },
                                            {
                                                "Worker Number": 3,
                                                "Actual Startup Time": 138.814,
                                                "Actual Total Time": 676.032,
                                                "Actual Rows": 2610118,
                                                "Actual Loops": 1
                                            },
                                            {
                                                "Worker Number": 4,
                                                "Actual Startup Time": 138.639,
                                                "Actual Total Time": 658.495,
                                                "Actual Rows": 3946026,
                                                "Actual Loops": 1
                                            },
                                            {
                                                "Worker Number": 5,
                                                "Actual Startup Time": 138.639,
                                                "Actual Total Time": 663.811,
                                                "Actual Rows": 4039122,
                                                "Actual Loops": 1
                                            }
                                        ]
                                    },
                                    {
                                        "Node Type": "Hash",
                                        "Parent Relationship": "Inner",
                                        "Parallel Aware": true,
                                        "Startup Cost": 45479.21,
                                        "Total Cost": 45479.21,
                                        "Plan Rows": 252668,
                                        "Plan Width": 4,
                                        "Actual Startup Time": 155.693,
                                        "Actual Total Time": 155.694,
                                        "Actual Rows": 137159,
                                        "Actual Loops": 7,
                                        "Output": [
                                            "t.id"
                                        ],
                                        "Hash Buckets": 1048576,
                                        "Original Hash Buckets": 1048576,
                                        "Hash Batches": 1,
                                        "Original Hash Batches": 1,
                                        "Peak Memory Usage": 45856,
                                        "Workers": [
                                            {
                                                "Worker Number": 0,
                                                "Actual Startup Time": 156.315,
                                                "Actual Total Time": 156.316,
                                                "Actual Rows": 106064,
                                                "Actual Loops": 1
                                            },
                                            {
                                                "Worker Number": 1,
                                                "Actual Startup Time": 156.663,
                                                "Actual Total Time": 156.665,
                                                "Actual Rows": 117290,
                                                "Actual Loops": 1
                                            },
                                            {
                                                "Worker Number": 2,
                                                "Actual Startup Time": 156.678,
                                                "Actual Total Time": 156.679,
                                                "Actual Rows": 93892,
                                                "Actual Loops": 1
                                            },
                                            {
                                                "Worker Number": 3,
                                                "Actual Startup Time": 156.357,
                                                "Actual Total Time": 156.358,
                                                "Actual Rows": 103942,
                                                "Actual Loops": 1
                                            },
                                            {
                                                "Worker Number": 4,
                                                "Actual Startup Time": 156.936,
                                                "Actual Total Time": 156.938,
                                                "Actual Rows": 152569,
                                                "Actual Loops": 1
                                            },
                                            {
                                                "Worker Number": 5,
                                                "Actual Startup Time": 157.113,
                                                "Actual Total Time": 157.114,
                                                "Actual Rows": 155112,
                                                "Actual Loops": 1
                                            }
                                        ],
                                        "Plans": [
                                            {
                                                "Node Type": "Seq Scan",
                                                "Parent Relationship": "Outer",
                                                "Parallel Aware": true,
                                                "Relation Name": "title",
                                                "Schema": "public",
                                                "Alias": "t",
                                                "Startup Cost": 0.0,
                                                "Total Cost": 45479.21,
                                                "Plan Rows": 252668,
                                                "Plan Width": 4,
                                                "Actual Startup Time": 0.062,
                                                "Actual Total Time": 81.69,
                                                "Actual Rows": 137159,
                                                "Actual Loops": 7,
                                                "Output": [
                                                    "t.id"
                                                ],
                                                "Filter": "((t.production_year < 2008) AND (t.kind_id = 7))",
                                                "Rows Removed by Filter": 224028,
                                                "Workers": [
                                                    {
                                                        "Worker Number": 0,
                                                        "Actual Startup Time": 0.069,
                                                        "Actual Total Time": 82.847,
                                                        "Actual Rows": 106064,
                                                        "Actual Loops": 1
                                                    },
                                                    {
                                                        "Worker Number": 1,
                                                        "Actual Startup Time": 0.085,
                                                        "Actual Total Time": 85.408,
                                                        "Actual Rows": 117290,
                                                        "Actual Loops": 1
                                                    },
                                                    {
                                                        "Worker Number": 2,
                                                        "Actual Startup Time": 0.065,
                                                        "Actual Total Time": 85.015,
                                                        "Actual Rows": 93892,
                                                        "Actual Loops": 1
                                                    },
                                                    {
                                                        "Worker Number": 3,
                                                        "Actual Startup Time": 0.065,
                                                        "Actual Total Time": 80.901,
                                                        "Actual Rows": 103942,
                                                        "Actual Loops": 1
                                                    },
                                                    {
                                                        "Worker Number": 4,
                                                        "Actual Startup Time": 0.063,
                                                        "Actual Total Time": 82.281,
                                                        "Actual Rows": 152569,
                                                        "Actual Loops": 1
                                                    },
                                                    {
                                                        "Worker Number": 5,
                                                        "Actual Startup Time": 0.066,
                                                        "Actual Total Time": 82.679,
                                                        "Actual Rows": 155112,
                                                        "Actual Loops": 1
                                                    }
                                                ]
                                            }
                                        ]
                                    }
                                ]
                            }
                        ]
                    }
                ]
            }
        ]
    },
    "Planning Time": 0.719,
    "Triggers": [],
    "Execution Time": 2016.059
}