[
  {
    "Plan": {
      "Node Type": "Aggregate",
      "Strategy": "Plain",
      "Partial Mode": "Finalize",
      "Parallel Aware": false,
      "Startup Cost": 46698.9,
      "Total Cost": 46698.91,
      "Plan Rows": 1,
      "Plan Width": 8,
      "Actual Startup Time": 185.598,
      "Actual Total Time": 196.089,
      "Actual Rows": 1,
      "Actual Loops": 1,
      "Plans": [
        {
          "Node Type": "Gather",
          "Parent Relationship": "Outer",
          "Parallel Aware": false,
          "Startup Cost": 46698.58,
          "Total Cost": 46698.89,
          "Plan Rows": 3,
          "Plan Width": 8,
          "Actual Startup Time": 185.483,
          "Actual Total Time": 196.08,
          "Actual Rows": 4,
          "Actual Loops": 1,
          "Workers Planned": 3,
          "Workers Launched": 3,
          "Single Copy": false,
          "Plans": [
            {
              "Node Type": "Aggregate",
              "Strategy": "Plain",
              "Partial Mode": "Partial",
              "Parent Relationship": "Outer",
              "Parallel Aware": false,
              "Startup Cost": 45698.58,
              "Total Cost": 45698.59,
              "Plan Rows": 1,
              "Plan Width": 8,
              "Actual Startup Time": 177.067,
              "Actual Total Time": 177.068,
              "Actual Rows": 1,
              "Actual Loops": 4,
              "Plans": [
                {
                  "Node Type": "Seq Scan",
                  "Parent Relationship": "Outer",
                  "Parallel Aware": true,
                  "Relation Name": "movie_keyword",
                  "Alias": "mk",
                  "Startup Cost": 0.0,
                  "Total Cost": 42695.65,
                  "Plan Rows": 1201172,
                  "Plan Width": 0,
                  "Actual Startup Time": 0.068,
                  "Actual Total Time": 132.363,
                  "Actual Rows": 933136,
                  "Actual Loops": 4,
                  "Filter": "(keyword_id < 23660)",
                  "Rows Removed by Filter": 197846
                }
              ]
            }
          ]
        }
      ]
    },
    "Planning Time": 0.178,
    "Triggers": [],
    "Execution Time": 196.144
  }
]