{
  "Plan": {
    "Node Type": "Aggregate",
    "Strategy": "Plain",
    "Partial Mode": "Finalize",
    "Parallel Aware": false,
    "Startup Cost": 124218.73,
    "Total Cost": 124218.74,
    "Plan Rows": 1,
    "Plan Width": 8,
    "Actual Startup Time": 495.687,
    "Actual Total Time": 510.211,
    "Actual Rows": 1,
    "Actual Loops": 1,
    "Plans": [
      {
        "Node Type": "Gather",
        "Parent Relationship": "Outer",
        "Parallel Aware": false,
        "Startup Cost": 124218.62,
        "Total Cost": 124218.73,
        "Plan Rows": 1,
        "Plan Width": 8,
        "Actual Startup Time": 495.441,
        "Actual Total Time": 510.202,
        "Actual Rows": 2,
        "Actual Loops": 1,
        "Workers Planned": 1,
        "Workers Launched": 1,
        "Single Copy": false,
        "Plans": [
          {
            "Node Type": "Aggregate",
            "Strategy": "Plain",
            "Partial Mode": "Partial",
            "Parent Relationship": "Outer",
            "Parallel Aware": false,
            "Startup Cost": 123218.62,
            "Total Cost": 123218.63,
            "Plan Rows": 1,
            "Plan Width": 8,
            "Actual Startup Time": 489.904,
            "Actual Total Time": 489.908,
            "Actual Rows": 1,
            "Actual Loops": 2,
            "Plans": [
              {
                "Node Type": "Hash Join",
                "Parent Relationship": "Outer",
                "Parallel Aware": true,
                "Join Type": "Inner",
                "Startup Cost": 58556.06,
                "Total Cost": 123130.95,
                "Plan Rows": 35069,
                "Plan Width": 0,
                "Actual Startup Time": 157.826,
                "Actual Total Time": 489.132,
                "Actual Rows": 17069,
                "Actual Loops": 2,
                "Inner Unique": true,
                "Hash Cond": "(mk.movie_id = t.id)",
                "Plans": [
                  {
                    "Node Type": "Seq Scan",
                    "Parent Relationship": "Outer",
                    "Parallel Aware": true,
                    "Relation Name": "movie_keyword",
                    "Alias": "mk",
                    "Startup Cost": 0.0,
                    "Total Cost": 57718.19,
                    "Plan Rows": 2612073,
                    "Plan Width": 4,
                    "Actual Startup Time": 0.019,
                    "Actual Total Time": 203.135,
                    "Actual Rows": 2216058,
                    "Actual Loops": 2,
                    "Filter": "(keyword_id > 77)",
                    "Rows Removed by Filter": 45908
                  },
                  {
                    "Node Type": "Hash",
                    "Parent Relationship": "Inner",
                    "Parallel Aware": true,
                    "Startup Cost": 58306.47,
                    "Total Cost": 58306.47,
                    "Plan Rows": 19967,
                    "Plan Width": 4,
                    "Actual Startup Time": 155.683,
                    "Actual Total Time": 155.685,
                    "Actual Rows": 19948,
                    "Actual Loops": 2,
                    "Hash Buckets": 65536,
                    "Original Hash Buckets": 65536,
                    "Hash Batches": 1,
                    "Original Hash Batches": 1,
                    "Peak Memory Usage": 2080,
                    "Plans": [
                      {
                        "Node Type": "Seq Scan",
                        "Parent Relationship": "Outer",
                        "Parallel Aware": true,
                        "Relation Name": "title",
                        "Alias": "t",
                        "Startup Cost": 0.0,
                        "Total Cost": 58306.47,
                        "Plan Rows": 19967,
                        "Plan Width": 4,
                        "Actual Startup Time": 0.05,
                        "Actual Total Time": 147.522,
                        "Actual Rows": 19948,
                        "Actual Loops": 2,
                        "Filter": "((kind_id > 3) AND (production_year = 2000))",
                        "Rows Removed by Filter": 1244208
                      }
                    ]
                  }
                ]
              }
            ]
          }
        ]
      }
    ]
  },
  "Planning Time": 0.483,
  "Triggers": [],
  "Execution Time": 510.287
}