{
  "Plan": {
    "Node Type": "Aggregate",
    "Strategy": "Plain",
    "Partial Mode": "Finalize",
    "Parallel Aware": false,
    "Startup Cost": 42603.45,
    "Total Cost": 42603.46,
    "Plan Rows": 1,
    "Plan Width": 8,
    "Actual Startup Time": 79.025,
    "Actual Total Time": 91.088,
    "Actual Rows": 1,
    "Actual Loops": 1,
    "Plans": [
      {
        "Node Type": "Gather",
        "Parent Relationship": "Outer",
        "Parallel Aware": false,
        "Startup Cost": 42603.34,
        "Total Cost": 42603.45,
        "Plan Rows": 1,
        "Plan Width": 8,
        "Actual Startup Time": 78.925,
        "Actual Total Time": 91.081,
        "Actual Rows": 2,
        "Actual Loops": 1,
        "Workers Planned": 1,
        "Workers Launched": 1,
        "Single Copy": false,
        "Plans": [
          {
            "Node Type": "Aggregate",
            "Strategy": "Plain",
            "Partial Mode": "Partial",
            "Parent Relationship": "Outer",
            "Parallel Aware": false,
            "Startup Cost": 41603.34,
            "Total Cost": 41603.35,
            "Plan Rows": 1,
            "Plan Width": 8,
            "Actual Startup Time": 72.593,
            "Actual Total Time": 72.595,
            "Actual Rows": 1,
            "Actual Loops": 2,
            "Plans": [
              {
                "Node Type": "Nested Loop",
                "Parent Relationship": "Outer",
                "Parallel Aware": false,
                "Join Type": "Inner",
                "Startup Cost": 132.04,
                "Total Cost": 41594.19,
                "Plan Rows": 3662,
                "Plan Width": 0,
                "Actual Startup Time": 4.232,
                "Actual Total Time": 70.864,
                "Actual Rows": 25936,
                "Actual Loops": 2,
                "Inner Unique": false,
                "Plans": [
                  {
                    "Node Type": "Nested Loop",
                    "Parent Relationship": "Outer",
                    "Parallel Aware": false,
                    "Join Type": "Inner",
                    "Startup Cost": 131.61,
                    "Total Cost": 39421.78,
                    "Plan Rows": 3548,
                    "Plan Width": 8,
                    "Actual Startup Time": 4.086,
                    "Actual Total Time": 37.688,
                    "Actual Rows": 3846,
                    "Actual Loops": 2,
                    "Inner Unique": true,
                    "Plans": [
                      {
                        "Node Type": "Bitmap Heap Scan",
                        "Parent Relationship": "Outer",
                        "Parallel Aware": true,
                        "Relation Name": "movie_keyword",
                        "Alias": "mk",
                        "Startup Cost": 131.18,
                        "Total Cost": 14106.22,
                        "Plan Rows": 3548,
                        "Plan Width": 4,
                        "Actual Startup Time": 3.925,
                        "Actual Total Time": 14.248,
                        "Actual Rows": 3846,
                        "Actual Loops": 2,
                        "Recheck Cond": "(keyword_id = 186)",
                        "Rows Removed by Index Recheck": 0,
                        "Exact Heap Blocks": 4078,
                        "Lossy Heap Blocks": 0,
                        "Plans": [
                          {
                            "Node Type": "Bitmap Index Scan",
                            "Parent Relationship": "Outer",
                            "Parallel Aware": false,
                            "Index Name": "keyword_id_movie_keyword",
                            "Startup Cost": 0.0,
                            "Total Cost": 129.67,
                            "Plan Rows": 6032,
                            "Plan Width": 0,
                            "Actual Startup Time": 4.814,
                            "Actual Total Time": 4.815,
                            "Actual Rows": 7692,
                            "Actual Loops": 1,
                            "Index Cond": "(keyword_id = 186)"
                          }
                        ]
                      },
                      {
                        "Node Type": "Index Only Scan",
                        "Parent Relationship": "Inner",
                        "Parallel Aware": false,
                        "Scan Direction": "Forward",
                        "Index Name": "title_pkey",
                        "Relation Name": "title",
                        "Alias": "t",
                        "Startup Cost": 0.43,
                        "Total Cost": 7.14,
                        "Plan Rows": 1,
                        "Plan Width": 4,
                        "Actual Startup Time": 0.006,
                        "Actual Total Time": 0.006,
                        "Actual Rows": 1,
                        "Actual Loops": 7692,
                        "Index Cond": "(id = mk.movie_id)",
                        "Rows Removed by Index Recheck": 0,
                        "Heap Fetches": 7692
                      }
                    ]
                  },
                  {
                    "Node Type": "Index Only Scan",
                    "Parent Relationship": "Inner",
                    "Parallel Aware": false,
                    "Scan Direction": "Forward",
                    "Index Name": "movie_id_movie_companies",
                    "Relation Name": "movie_companies",
                    "Alias": "mc",
                    "Startup Cost": 0.43,
                    "Total Cost": 0.56,
                    "Plan Rows": 5,
                    "Plan Width": 4,
                    "Actual Startup Time": 0.005,
                    "Actual Total Time": 0.008,
                    "Actual Rows": 7,
                    "Actual Loops": 7692,
                    "Index Cond": "(movie_id = t.id)",
                    "Rows Removed by Index Recheck": 0,
                    "Heap Fetches": 51871
                  }
                ]
              }
            ]
          }
        ]
      }
    ]
  },
  "Planning Time": 1.123,
  "Triggers": [],
  "Execution Time": 91.182
}