[
  {
    "Plan": {
      "Node Type": "Aggregate",
      "Strategy": "Plain",
      "Partial Mode": "Finalize",
      "Parallel Aware": false,
      "Startup Cost": 90788.45,
      "Total Cost": 90788.46,
      "Plan Rows": 1,
      "Plan Width": 8,
      "Actual Startup Time": 496.284,
      "Actual Total Time": 512.879,
      "Actual Rows": 1,
      "Actual Loops": 1,
      "Plans": [
        {
          "Node Type": "Gather",
          "Parent Relationship": "Outer",
          "Parallel Aware": false,
          "Startup Cost": 90788.13,
          "Total Cost": 90788.44,
          "Plan Rows": 3,
          "Plan Width": 8,
          "Actual Startup Time": 489.028,
          "Actual Total Time": 512.871,
          "Actual Rows": 4,
          "Actual Loops": 1,
          "Workers Planned": 3,
          "Workers Launched": 3,
          "Single Copy": false,
          "Plans": [
            {
              "Node Type": "Aggregate",
              "Strategy": "Plain",
              "Partial Mode": "Partial",
              "Parent Relationship": "Outer",
              "Parallel Aware": false,
              "Startup Cost": 89788.13,
              "Total Cost": 89788.14,
              "Plan Rows": 1,
              "Plan Width": 8,
              "Actual Startup Time": 477.397,
              "Actual Total Time": 477.401,
              "Actual Rows": 1,
              "Actual Loops": 4,
              "Plans": [
                {
                  "Node Type": "Hash Join",
                  "Parent Relationship": "Outer",
                  "Parallel Aware": true,
                  "Join Type": "Inner",
                  "Startup Cost": 62139.49,
                  "Total Cost": 89334.99,
                  "Plan Rows": 181256,
                  "Plan Width": 0,
                  "Actual Startup Time": 371.148,
                  "Actual Total Time": 470.853,
                  "Actual Rows": 140287,
                  "Actual Loops": 4,
                  "Inner Unique": true,
                  "Hash Cond": "(mk.movie_id = t.id)",
                  "Plans": [
                    {
                      "Node Type": "Bitmap Heap Scan",
                      "Parent Relationship": "Outer",
                      "Parallel Aware": true,
                      "Relation Name": "movie_keyword",
                      "Alias": "mk",
                      "Startup Cost": 11919.11,
                      "Total Cost": 38638.81,
                      "Plan Rows": 181256,
                      "Plan Width": 4,
                      "Actual Startup Time": 33.891,
                      "Actual Total Time": 88.924,
                      "Actual Rows": 140287,
                      "Actual Loops": 4,
                      "Recheck Cond": "(keyword_id > 32763)",
                      "Rows Removed by Index Recheck": 0,
                      "Exact Heap Blocks": 7419,
                      "Lossy Heap Blocks": 0,
                      "Plans": [
                        {
                          "Node Type": "Bitmap Index Scan",
                          "Parent Relationship": "Outer",
                          "Parallel Aware": false,
                          "Index Name": "keyword_id_movie_keyword",
                          "Startup Cost": 0.0,
                          "Total Cost": 11778.64,
                          "Plan Rows": 561894,
                          "Plan Width": 0,
                          "Actual Startup Time": 30.457,
                          "Actual Total Time": 30.458,
                          "Actual Rows": 561148,
                          "Actual Loops": 1,
                          "Index Cond": "(keyword_id > 32763)"
                        }
                      ]
                    },
                    {
                      "Node Type": "Hash",
                      "Parent Relationship": "Inner",
                      "Parallel Aware": true,
                      "Startup Cost": 42319.06,
                      "Total Cost": 42319.06,
                      "Plan Rows": 632106,
                      "Plan Width": 4,
                      "Actual Startup Time": 329.181,
                      "Actual Total Time": 329.182,
                      "Actual Rows": 632078,
                      "Actual Loops": 4,
                      "Hash Buckets": 4194304,
                      "Original Hash Buckets": 4194304,
                      "Hash Batches": 1,
                      "Original Hash Batches": 1,
                      "Peak Memory Usage": 131744,
                      "Plans": [
                        {
                          "Node Type": "Seq Scan",
                          "Parent Relationship": "Outer",
                          "Parallel Aware": true,
                          "Relation Name": "title",
                          "Alias": "t",
                          "Startup Cost": 0.0,
                          "Total Cost": 42319.06,
                          "Plan Rows": 632106,
                          "Plan Width": 4,
                          "Actual Startup Time": 0.04,
                          "Actual Total Time": 96.964,
                          "Actual Rows": 632078,
                          "Actual Loops": 4
                        }
                      ]
                    }
                  ]
                }
              ]
            }
          ]
        }
      ]
    },
    "Planning Time": 0.499,
    "Triggers": [],
    "Execution Time": 512.924
  }
]