[
  {
    "Plan": {
      "Node Type": "Aggregate",
      "Strategy": "Plain",
      "Partial Mode": "Finalize",
      "Parallel Aware": false,
      "Startup Cost": 33248.02,
      "Total Cost": 33248.03,
      "Plan Rows": 1,
      "Plan Width": 8,
      "Actual Startup Time": 104.932,
      "Actual Total Time": 113.355,
      "Actual Rows": 1,
      "Actual Loops": 1,
      "Plans": [
        {
          "Node Type": "Gather",
          "Parent Relationship": "Outer",
          "Parallel Aware": false,
          "Startup Cost": 33247.71,
          "Total Cost": 33248.02,
          "Plan Rows": 3,
          "Plan Width": 8,
          "Actual Startup Time": 104.81,
          "Actual Total Time": 113.347,
          "Actual Rows": 4,
          "Actual Loops": 1,
          "Workers Planned": 3,
          "Workers Launched": 3,
          "Single Copy": false,
          "Plans": [
            {
              "Node Type": "Aggregate",
              "Strategy": "Plain",
              "Partial Mode": "Partial",
              "Parent Relationship": "Outer",
              "Parallel Aware": false,
              "Startup Cost": 32247.71,
              "Total Cost": 32247.72,
              "Plan Rows": 1,
              "Plan Width": 8,
              "Actual Startup Time": 97.586,
              "Actual Total Time": 97.587,
              "Actual Rows": 1,
              "Actual Loops": 4,
              "Plans": [
                {
                  "Node Type": "Seq Scan",
                  "Parent Relationship": "Outer",
                  "Parallel Aware": true,
                  "Relation Name": "movie_companies",
                  "Alias": "mc",
                  "Startup Cost": 0.0,
                  "Total Cost": 31414.82,
                  "Plan Rows": 333155,
                  "Plan Width": 0,
                  "Actual Startup Time": 49.055,
                  "Actual Total Time": 85.878,
                  "Actual Rows": 295052,
                  "Actual Loops": 4,
                  "Filter": "((company_id > 596) AND (company_type_id = 2))",
                  "Rows Removed by Filter": 357230
                }
              ]
            }
          ]
        }
      ]
    },
    "Planning Time": 0.22,
    "Triggers": [],
    "Execution Time": 113.416
  }
]