[
  {
    "Plan": {
      "Node Type": "Aggregate",
      "Strategy": "Plain",
      "Partial Mode": "Finalize",
      "Parallel Aware": false,
      "Startup Cost": 46663.48,
      "Total Cost": 46663.49,
      "Plan Rows": 1,
      "Plan Width": 8,
      "Actual Startup Time": 169.861,
      "Actual Total Time": 179.129,
      "Actual Rows": 1,
      "Actual Loops": 1,
      "Plans": [
        {
          "Node Type": "Gather",
          "Parent Relationship": "Outer",
          "Parallel Aware": false,
          "Startup Cost": 46663.17,
          "Total Cost": 46663.48,
          "Plan Rows": 3,
          "Plan Width": 8,
          "Actual Startup Time": 169.737,
          "Actual Total Time": 179.119,
          "Actual Rows": 4,
          "Actual Loops": 1,
          "Workers Planned": 3,
          "Workers Launched": 3,
          "Single Copy": false,
          "Plans": [
            {
              "Node Type": "Aggregate",
              "Strategy": "Plain",
              "Partial Mode": "Partial",
              "Parent Relationship": "Outer",
              "Parallel Aware": false,
              "Startup Cost": 45663.17,
              "Total Cost": 45663.18,
              "Plan Rows": 1,
              "Plan Width": 8,
              "Actual Startup Time": 161.48,
              "Actual Total Time": 161.481,
              "Actual Rows": 1,
              "Actual Loops": 4,
              "Plans": [
                {
                  "Node Type": "Seq Scan",
                  "Parent Relationship": "Outer",
                  "Parallel Aware": true,
                  "Relation Name": "movie_keyword",
                  "Alias": "mk",
                  "Startup Cost": 0.0,
                  "Total Cost": 42695.65,
                  "Plan Rows": 1187005,
                  "Plan Width": 0,
                  "Actual Startup Time": 0.061,
                  "Actual Total Time": 120.968,
                  "Actual Rows": 922106,
                  "Actual Loops": 4,
                  "Filter": "(keyword_id < 22033)",
                  "Rows Removed by Filter": 208876
                }
              ]
            }
          ]
        }
      ]
    },
    "Planning Time": 0.208,
    "Triggers": [],
    "Execution Time": 179.188
  }
]