[
  {
    "Plan": {
      "Node Type": "Aggregate",
      "Strategy": "Plain",
      "Partial Mode": "Finalize",
      "Parallel Aware": false,
      "Startup Cost": 44493.08,
      "Total Cost": 44493.09,
      "Plan Rows": 1,
      "Plan Width": 8,
      "Actual Startup Time": 131.793,
      "Actual Total Time": 142.557,
      "Actual Rows": 1,
      "Actual Loops": 1,
      "Plans": [
        {
          "Node Type": "Gather",
          "Parent Relationship": "Outer",
          "Parallel Aware": false,
          "Startup Cost": 44492.76,
          "Total Cost": 44493.07,
          "Plan Rows": 3,
          "Plan Width": 8,
          "Actual Startup Time": 131.63,
          "Actual Total Time": 142.544,
          "Actual Rows": 4,
          "Actual Loops": 1,
          "Workers Planned": 3,
          "Workers Launched": 3,
          "Single Copy": false,
          "Plans": [
            {
              "Node Type": "Aggregate",
              "Strategy": "Plain",
              "Partial Mode": "Partial",
              "Parent Relationship": "Outer",
              "Parallel Aware": false,
              "Startup Cost": 43492.76,
              "Total Cost": 43492.77,
              "Plan Rows": 1,
              "Plan Width": 8,
              "Actual Startup Time": 124.828,
              "Actual Total Time": 124.829,
              "Actual Rows": 1,
              "Actual Loops": 4,
              "Plans": [
                {
                  "Node Type": "Seq Scan",
                  "Parent Relationship": "Outer",
                  "Parallel Aware": true,
                  "Relation Name": "movie_keyword",
                  "Alias": "mk",
                  "Startup Cost": 0.0,
                  "Total Cost": 42695.65,
                  "Plan Rows": 318842,
                  "Plan Width": 0,
                  "Actual Startup Time": 1.058,
                  "Actual Total Time": 111.409,
                  "Actual Rows": 246038,
                  "Actual Loops": 4,
                  "Filter": "(keyword_id > 18807)",
                  "Rows Removed by Filter": 884945
                }
              ]
            }
          ]
        }
      ]
    },
    "Planning Time": 0.104,
    "Triggers": [],
    "Execution Time": 142.588
  }
]