[
    {
        "Bao": {
            "Bao prediction": "NaN",
            "Bao recommended hint": "(no hint)"
        }
    },
    {
        "Plan": {
            "Node Type": "Aggregate",
            "Strategy": "Plain",
            "Partial Mode": "Simple",
            "Parallel Aware": false,
            "Startup Cost": 39057.95,
            "Total Cost": 39057.96,
            "Plan Rows": 1,
            "Plan Width": 8,
            "Actual Startup Time": 43.666,
            "Actual Total Time": 43.668,
            "Actual Rows": 1,
            "Actual Loops": 1,
            "Output": [
                "count(*)"
            ],
            "Plans": [
                {
                    "Node Type": "Bitmap Heap Scan",
                    "Parent Relationship": "Outer",
                    "Parallel Aware": false,
                    "Relation Name": "title",
                    "Schema": "public",
                    "Alias": "t",
                    "Startup Cost": 1662.43,
                    "Total Cost": 39056.06,
                    "Plan Rows": 754,
                    "Plan Width": 0,
                    "Actual Startup Time": 10.232,
                    "Actual Total Time": 43.609,
                    "Actual Rows": 949,
                    "Actual Loops": 1,
                    "Recheck Cond": "(t.kind_id = 2)",
                    "Rows Removed by Index Recheck": 0,
                    "Filter": "(t.production_year = 1987)",
                    "Rows Removed by Filter": 89903,
                    "Exact Heap Blocks": 23872,
                    "Lossy Heap Blocks": 0,
                    "Plans": [
                        {
                            "Node Type": "Bitmap Index Scan",
                            "Parent Relationship": "Outer",
                            "Parallel Aware": false,
                            "Index Name": "kind_id_title",
                            "Startup Cost": 0.0,
                            "Total Cost": 1662.25,
                            "Plan Rows": 93042,
                            "Plan Width": 0,
                            "Actual Startup Time": 6.348,
                            "Actual Total Time": 6.348,
                            "Actual Rows": 90852,
                            "Actual Loops": 1,
                            "Index Cond": "(t.kind_id = 2)"
                        }
                    ]
                }
            ]
        },
        "Planning Time": 188.27,
        "Triggers": [],
        "Execution Time": 43.709
    }
]