[
  {
    "Plan": {
      "Node Type": "Aggregate",
      "Strategy": "Plain",
      "Partial Mode": "Finalize",
      "Parallel Aware": false,
      "Startup Cost": 79306.13,
      "Total Cost": 79306.14,
      "Plan Rows": 1,
      "Plan Width": 8,
      "Actual Startup Time": 231.784,
      "Actual Total Time": 250.624,
      "Actual Rows": 1,
      "Actual Loops": 1,
      "Plans": [
        {
          "Node Type": "Gather",
          "Parent Relationship": "Outer",
          "Parallel Aware": false,
          "Startup Cost": 79305.71,
          "Total Cost": 79306.12,
          "Plan Rows": 4,
          "Plan Width": 8,
          "Actual Startup Time": 231.0,
          "Actual Total Time": 250.612,
          "Actual Rows": 5,
          "Actual Loops": 1,
          "Workers Planned": 4,
          "Workers Launched": 4,
          "Single Copy": false,
          "Plans": [
            {
              "Node Type": "Aggregate",
              "Strategy": "Plain",
              "Partial Mode": "Partial",
              "Parent Relationship": "Outer",
              "Parallel Aware": false,
              "Startup Cost": 78305.71,
              "Total Cost": 78305.72,
              "Plan Rows": 1,
              "Plan Width": 8,
              "Actual Startup Time": 221.358,
              "Actual Total Time": 221.362,
              "Actual Rows": 1,
              "Actual Loops": 5,
              "Plans": [
                {
                  "Node Type": "Hash Join",
                  "Parent Relationship": "Outer",
                  "Parallel Aware": true,
                  "Join Type": "Inner",
                  "Startup Cost": 32456.73,
                  "Total Cost": 78144.21,
                  "Plan Rows": 64599,
                  "Plan Width": 0,
                  "Actual Startup Time": 77.964,
                  "Actual Total Time": 219.685,
                  "Actual Rows": 27285,
                  "Actual Loops": 5,
                  "Inner Unique": false,
                  "Hash Cond": "(t.id = mc.movie_id)",
                  "Plans": [
                    {
                      "Node Type": "Seq Scan",
                      "Parent Relationship": "Outer",
                      "Parallel Aware": true,
                      "Relation Name": "title",
                      "Alias": "t",
                      "Startup Cost": 0.0,
                      "Total Cost": 42318.73,
                      "Plan Rows": 632073,
                      "Plan Width": 4,
                      "Actual Startup Time": 0.015,
                      "Actual Total Time": 66.988,
                      "Actual Rows": 505662,
                      "Actual Loops": 5
                    },
                    {
                      "Node Type": "Hash",
                      "Parent Relationship": "Inner",
                      "Parallel Aware": true,
                      "Startup Cost": 31414.82,
                      "Total Cost": 31414.82,
                      "Plan Rows": 83353,
                      "Plan Width": 4,
                      "Actual Startup Time": 76.081,
                      "Actual Total Time": 76.082,
                      "Actual Rows": 27285,
                      "Actual Loops": 5,
                      "Hash Buckets": 262144,
                      "Original Hash Buckets": 262144,
                      "Hash Batches": 1,
                      "Original Hash Batches": 1,
                      "Peak Memory Usage": 7424,
                      "Plans": [
                        {
                          "Node Type": "Seq Scan",
                          "Parent Relationship": "Outer",
                          "Parallel Aware": true,
                          "Relation Name": "movie_companies",
                          "Alias": "mc",
                          "Startup Cost": 0.0,
                          "Total Cost": 31414.82,
                          "Plan Rows": 83353,
                          "Plan Width": 4,
                          "Actual Startup Time": 42.226,
                          "Actual Total Time": 67.212,
                          "Actual Rows": 27285,
                          "Actual Loops": 5,
                          "Filter": "((company_id < 459) AND (company_type_id > 1))",
                          "Rows Removed by Filter": 494541
                        }
                      ]
                    }
                  ]
                }
              ]
            }
          ]
        }
      ]
    },
    "Planning Time": 0.626,
    "Triggers": [],
    "Execution Time": 250.702
  }
]