[
  {
    "Plan": {
      "Node Type": "Aggregate",
      "Strategy": "Plain",
      "Partial Mode": "Finalize",
      "Parallel Aware": false,
      "Startup Cost": 45258.95,
      "Total Cost": 45258.96,
      "Plan Rows": 1,
      "Plan Width": 8,
      "Actual Startup Time": 157.173,
      "Actual Total Time": 166.863,
      "Actual Rows": 1,
      "Actual Loops": 1,
      "Plans": [
        {
          "Node Type": "Gather",
          "Parent Relationship": "Outer",
          "Parallel Aware": false,
          "Startup Cost": 45258.64,
          "Total Cost": 45258.95,
          "Plan Rows": 3,
          "Plan Width": 8,
          "Actual Startup Time": 157.036,
          "Actual Total Time": 166.852,
          "Actual Rows": 4,
          "Actual Loops": 1,
          "Workers Planned": 3,
          "Workers Launched": 3,
          "Single Copy": false,
          "Plans": [
            {
              "Node Type": "Aggregate",
              "Strategy": "Plain",
              "Partial Mode": "Partial",
              "Parent Relationship": "Outer",
              "Parallel Aware": false,
              "Startup Cost": 44258.64,
              "Total Cost": 44258.65,
              "Plan Rows": 1,
              "Plan Width": 8,
              "Actual Startup Time": 148.785,
              "Actual Total Time": 148.786,
              "Actual Rows": 1,
              "Actual Loops": 4,
              "Plans": [
                {
                  "Node Type": "Seq Scan",
                  "Parent Relationship": "Outer",
                  "Parallel Aware": true,
                  "Relation Name": "movie_keyword",
                  "Alias": "mk",
                  "Startup Cost": 0.0,
                  "Total Cost": 42695.65,
                  "Plan Rows": 625193,
                  "Plan Width": 0,
                  "Actual Startup Time": 0.065,
                  "Actual Total Time": 123.418,
                  "Actual Rows": 486308,
                  "Actual Loops": 4,
                  "Filter": "(keyword_id < 3357)",
                  "Rows Removed by Filter": 644675
                }
              ]
            }
          ]
        }
      ]
    },
    "Planning Time": 0.176,
    "Triggers": [],
    "Execution Time": 166.92
  }
]