[
  {
    "Plan": {
      "Node Type": "Aggregate",
      "Strategy": "Plain",
      "Partial Mode": "Finalize",
      "Parallel Aware": false,
      "Startup Cost": 289601.03,
      "Total Cost": 289601.04,
      "Plan Rows": 1,
      "Plan Width": 8,
      "Actual Startup Time": 967.467,
      "Actual Total Time": 1010.544,
      "Actual Rows": 1,
      "Actual Loops": 1,
      "Plans": [
        {
          "Node Type": "Gather",
          "Parent Relationship": "Outer",
          "Parallel Aware": false,
          "Startup Cost": 289600.5,
          "Total Cost": 289601.01,
          "Plan Rows": 5,
          "Plan Width": 8,
          "Actual Startup Time": 961.15,
          "Actual Total Time": 1010.533,
          "Actual Rows": 6,
          "Actual Loops": 1,
          "Workers Planned": 5,
          "Workers Launched": 5,
          "Single Copy": false,
          "Plans": [
            {
              "Node Type": "Aggregate",
              "Strategy": "Plain",
              "Partial Mode": "Partial",
              "Parent Relationship": "Outer",
              "Parallel Aware": false,
              "Startup Cost": 288600.5,
              "Total Cost": 288600.51,
              "Plan Rows": 1,
              "Plan Width": 8,
              "Actual Startup Time": 950.309,
              "Actual Total Time": 950.381,
              "Actual Rows": 1,
              "Actual Loops": 6,
              "Plans": [
                {
                  "Node Type": "Hash Join",
                  "Parent Relationship": "Outer",
                  "Parallel Aware": true,
                  "Join Type": "Inner",
                  "Startup Cost": 82766.08,
                  "Total Cost": 287007.33,
                  "Plan Rows": 637268,
                  "Plan Width": 0,
                  "Actual Startup Time": 271.295,
                  "Actual Total Time": 930.208,
                  "Actual Rows": 466487,
                  "Actual Loops": 6,
                  "Inner Unique": false,
                  "Hash Cond": "(mi.movie_id = t.id)",
                  "Plans": [
                    {
                      "Node Type": "Seq Scan",
                      "Parent Relationship": "Outer",
                      "Parallel Aware": true,
                      "Relation Name": "movie_info",
                      "Alias": "mi",
                      "Startup Cost": 0.0,
                      "Total Cost": 191560.33,
                      "Plan Rows": 2956733,
                      "Plan Width": 4,
                      "Actual Startup Time": 0.021,
                      "Actual Total Time": 294.31,
                      "Actual Rows": 2472620,
                      "Actual Loops": 6
                    },
                    {
                      "Node Type": "Hash",
                      "Parent Relationship": "Inner",
                      "Parallel Aware": true,
                      "Startup Cost": 81063.18,
                      "Total Cost": 81063.18,
                      "Plan Rows": 136232,
                      "Plan Width": 8,
                      "Actual Startup Time": 266.803,
                      "Actual Total Time": 266.874,
                      "Actual Rows": 55817,
                      "Actual Loops": 6,
                      "Hash Buckets": 1048576,
                      "Original Hash Buckets": 1048576,
                      "Hash Batches": 1,
                      "Original Hash Batches": 1,
                      "Peak Memory Usage": 21408,
                      "Plans": [
                        {
                          "Node Type": "Hash Join",
                          "Parent Relationship": "Outer",
                          "Parallel Aware": true,
                          "Join Type": "Inner",
                          "Startup Cost": 34393.51,
                          "Total Cost": 81063.18,
                          "Plan Rows": 136232,
                          "Plan Width": 8,
                          "Actual Startup Time": 100.751,
                          "Actual Total Time": 240.213,
                          "Actual Rows": 55817,
                          "Actual Loops": 6,
                          "Inner Unique": false,
                          "Hash Cond": "(t.id = mc.movie_id)",
                          "Plans": [
                            {
                              "Node Type": "Seq Scan",
                              "Parent Relationship": "Outer",
                              "Parallel Aware": true,
                              "Relation Name": "title",
                              "Alias": "t",
                              "Startup Cost": 0.0,
                              "Total Cost": 43898.92,
                              "Plan Rows": 466259,
                              "Plan Width": 4,
                              "Actual Startup Time": 0.013,
                              "Actual Total Time": 68.319,
                              "Actual Rows": 310914,
                              "Actual Loops": 6,
                              "Filter": "(kind_id > 1)",
                              "Rows Removed by Filter": 110471
                            },
                            {
                              "Node Type": "Hash",
                              "Parent Relationship": "Inner",
                              "Parallel Aware": true,
                              "Startup Cost": 31414.82,
                              "Total Cost": 31414.82,
                              "Plan Rows": 238295,
                              "Plan Width": 4,
                              "Actual Startup Time": 99.04,
                              "Actual Total Time": 99.041,
                              "Actual Rows": 77688,
                              "Actual Loops": 6,
                              "Hash Buckets": 1048576,
                              "Original Hash Buckets": 1048576,
                              "Hash Batches": 1,
                              "Original Hash Batches": 1,
                              "Peak Memory Usage": 26528,
                              "Plans": [
                                {
                                  "Node Type": "Seq Scan",
                                  "Parent Relationship": "Outer",
                                  "Parallel Aware": true,
                                  "Relation Name": "movie_companies",
                                  "Alias": "mc",
                                  "Startup Cost": 0.0,
                                  "Total Cost": 31414.82,
                                  "Plan Rows": 238295,
                                  "Plan Width": 4,
                                  "Actual Startup Time": 40.684,
                                  "Actual Total Time": 65.328,
                                  "Actual Rows": 77688,
                                  "Actual Loops": 6,
                                  "Filter": "((company_id < 13031) AND (company_type_id = 2))",
                                  "Rows Removed by Filter": 357167
                                }
                              ]
                            }
                          ]
                        }
                      ]
                    }
                  ]
                }
              ]
            }
          ]
        }
      ]
    },
    "Planning Time": 1.502,
    "Triggers": [],
    "Execution Time": 1010.643
  }
]