[
  {
    "Plan": {
      "Node Type": "Aggregate",
      "Strategy": "Plain",
      "Partial Mode": "Finalize",
      "Parallel Aware": false,
      "Startup Cost": 599033.69,
      "Total Cost": 599033.7,
      "Plan Rows": 1,
      "Plan Width": 8,
      "Actual Startup Time": 2313.871,
      "Actual Total Time": 2392.759,
      "Actual Rows": 1,
      "Actual Loops": 1,
      "Plans": [
        {
          "Node Type": "Gather",
          "Parent Relationship": "Outer",
          "Parallel Aware": false,
          "Startup Cost": 599033.17,
          "Total Cost": 599033.68,
          "Plan Rows": 5,
          "Plan Width": 8,
          "Actual Startup Time": 2305.962,
          "Actual Total Time": 2392.751,
          "Actual Rows": 6,
          "Actual Loops": 1,
          "Workers Planned": 5,
          "Workers Launched": 5,
          "Single Copy": false,
          "Plans": [
            {
              "Node Type": "Aggregate",
              "Strategy": "Plain",
              "Partial Mode": "Partial",
              "Parent Relationship": "Outer",
              "Parallel Aware": false,
              "Startup Cost": 598033.17,
              "Total Cost": 598033.18,
              "Plan Rows": 1,
              "Plan Width": 8,
              "Actual Startup Time": 2288.935,
              "Actual Total Time": 2288.943,
              "Actual Rows": 1,
              "Actual Loops": 6,
              "Plans": [
                {
                  "Node Type": "Hash Join",
                  "Parent Relationship": "Outer",
                  "Parallel Aware": true,
                  "Join Type": "Inner",
                  "Startup Cost": 384238.41,
                  "Total Cost": 591448.17,
                  "Plan Rows": 2634000,
                  "Plan Width": 0,
                  "Actual Startup Time": 1236.281,
                  "Actual Total Time": 2219.768,
                  "Actual Rows": 1581607,
                  "Actual Loops": 6,
                  "Inner Unique": false,
                  "Hash Cond": "(mi.movie_id = t.id)",
                  "Plans": [
                    {
                      "Node Type": "Seq Scan",
                      "Parent Relationship": "Outer",
                      "Parallel Aware": true,
                      "Relation Name": "movie_info",
                      "Alias": "mi",
                      "Startup Cost": 0.0,
                      "Total Cost": 191685.19,
                      "Plan Rows": 2969219,
                      "Plan Width": 4,
                      "Actual Startup Time": 0.027,
                      "Actual Total Time": 298.192,
                      "Actual Rows": 2472620,
                      "Actual Loops": 6
                    },
                    {
                      "Node Type": "Hash",
                      "Parent Relationship": "Inner",
                      "Parallel Aware": true,
                      "Startup Cost": 379565.56,
                      "Total Cost": 379565.56,
                      "Plan Rows": 373828,
                      "Plan Width": 8,
                      "Actual Startup Time": 1230.073,
                      "Actual Total Time": 1230.079,
                      "Actual Rows": 218923,
                      "Actual Loops": 6,
                      "Hash Buckets": 4194304,
                      "Original Hash Buckets": 4194304,
                      "Hash Batches": 1,
                      "Original Hash Batches": 1,
                      "Peak Memory Usage": 84256,
                      "Plans": [
                        {
                          "Node Type": "Hash Join",
                          "Parent Relationship": "Outer",
                          "Parallel Aware": true,
                          "Join Type": "Inner",
                          "Startup Cost": 47481.94,
                          "Total Cost": 379565.56,
                          "Plan Rows": 373828,
                          "Plan Width": 8,
                          "Actual Startup Time": 511.984,
                          "Actual Total Time": 1119.719,
                          "Actual Rows": 218923,
                          "Actual Loops": 6,
                          "Inner Unique": true,
                          "Hash Cond": "(ci.movie_id = t.id)",
                          "Plans": [
                            {
                              "Node Type": "Seq Scan",
                              "Parent Relationship": "Outer",
                              "Parallel Aware": true,
                              "Relation Name": "cast_info",
                              "Alias": "ci",
                              "Startup Cost": 0.0,
                              "Total Cost": 328211.39,
                              "Plan Rows": 1475130,
                              "Plan Width": 4,
                              "Actual Startup Time": 371.067,
                              "Actual Total Time": 654.462,
                              "Actual Rows": 1454847,
                              "Actual Loops": 6,
                              "Filter": "(person_id > 2817559)",
                              "Rows Removed by Filter": 4585877
                            },
                            {
                              "Node Type": "Hash",
                              "Parent Relationship": "Inner",
                              "Parallel Aware": true,
                              "Startup Cost": 45479.59,
                              "Total Cost": 45479.59,
                              "Plan Rows": 160188,
                              "Plan Width": 4,
                              "Actual Startup Time": 139.54,
                              "Actual Total Time": 139.542,
                              "Actual Rows": 88762,
                              "Actual Loops": 6,
                              "Hash Buckets": 1048576,
                              "Original Hash Buckets": 1048576,
                              "Hash Batches": 1,
                              "Original Hash Batches": 1,
                              "Peak Memory Usage": 29120,
                              "Plans": [
                                {
                                  "Node Type": "Seq Scan",
                                  "Parent Relationship": "Outer",
                                  "Parallel Aware": true,
                                  "Relation Name": "title",
                                  "Alias": "t",
                                  "Startup Cost": 0.0,
                                  "Total Cost": 45479.59,
                                  "Plan Rows": 160188,
                                  "Plan Width": 4,
                                  "Actual Startup Time": 0.057,
                                  "Actual Total Time": 91.671,
                                  "Actual Rows": 88762,
                                  "Actual Loops": 6,
                                  "Filter": "((kind_id > 1) AND (production_year < 1997))",
                                  "Rows Removed by Filter": 332623
                                }
                              ]
                            }
                          ]
                        }
                      ]
                    }
                  ]
                }
              ]
            }
          ]
        }
      ]
    },
    "Planning Time": 0.888,
    "Triggers": [],
    "Execution Time": 2392.827
  }
]