[
    {
        "Bao": {
            "Bao prediction": "NaN",
            "Bao recommended hint": "(no hint)"
        }
    },
    {
        "Plan": {
            "Node Type": "Aggregate",
            "Strategy": "Plain",
            "Partial Mode": "Finalize",
            "Parallel Aware": false,
            "Startup Cost": 188920.34,
            "Total Cost": 188920.35,
            "Plan Rows": 1,
            "Plan Width": 8,
            "Actual Startup Time": 133.875,
            "Actual Total Time": 137.739,
            "Actual Rows": 1,
            "Actual Loops": 1,
            "Output": [
                "count(*)"
            ],
            "Plans": [
                {
                    "Node Type": "Gather",
                    "Parent Relationship": "Outer",
                    "Parallel Aware": false,
                    "Startup Cost": 188919.82,
                    "Total Cost": 188920.33,
                    "Plan Rows": 5,
                    "Plan Width": 8,
                    "Actual Startup Time": 133.632,
                    "Actual Total Time": 137.73,
                    "Actual Rows": 6,
                    "Actual Loops": 1,
                    "Output": [
                        "(PARTIAL count(*))"
                    ],
                    "Workers Planned": 5,
                    "Workers Launched": 5,
                    "Single Copy": false,
                    "Plans": [
                        {
                            "Node Type": "Aggregate",
                            "Strategy": "Plain",
                            "Partial Mode": "Partial",
                            "Parent Relationship": "Outer",
                            "Parallel Aware": false,
                            "Startup Cost": 187919.82,
                            "Total Cost": 187919.83,
                            "Plan Rows": 1,
                            "Plan Width": 8,
                            "Actual Startup Time": 122.613,
                            "Actual Total Time": 122.614,
                            "Actual Rows": 1,
                            "Actual Loops": 6,
                            "Output": [
                                "PARTIAL count(*)"
                            ],
                            "Workers": [
                                {
                                    "Worker Number": 0,
                                    "Actual Startup Time": 119.225,
                                    "Actual Total Time": 119.226,
                                    "Actual Rows": 1,
                                    "Actual Loops": 1
                                },
                                {
                                    "Worker Number": 1,
                                    "Actual Startup Time": 120.209,
                                    "Actual Total Time": 120.21,
                                    "Actual Rows": 1,
                                    "Actual Loops": 1
                                },
                                {
                                    "Worker Number": 2,
                                    "Actual Startup Time": 120.762,
                                    "Actual Total Time": 120.764,
                                    "Actual Rows": 1,
                                    "Actual Loops": 1
                                },
                                {
                                    "Worker Number": 3,
                                    "Actual Startup Time": 120.845,
                                    "Actual Total Time": 120.846,
                                    "Actual Rows": 1,
                                    "Actual Loops": 1
                                },
                                {
                                    "Worker Number": 4,
                                    "Actual Startup Time": 121.565,
                                    "Actual Total Time": 121.566,
                                    "Actual Rows": 1,
                                    "Actual Loops": 1
                                }
                            ],
                            "Plans": [
                                {
                                    "Node Type": "Bitmap Heap Scan",
                                    "Parent Relationship": "Outer",
                                    "Parallel Aware": true,
                                    "Relation Name": "movie_info",
                                    "Schema": "public",
                                    "Alias": "mi",
                                    "Startup Cost": 22246.9,
                                    "Total Cost": 187306.49,
                                    "Plan Rows": 245328,
                                    "Plan Width": 0,
                                    "Actual Startup Time": 58.169,
                                    "Actual Total Time": 106.772,
                                    "Actual Rows": 216498,
                                    "Actual Loops": 6,
                                    "Recheck Cond": "(mi.info_type_id = 4)",
                                    "Rows Removed by Index Recheck": 0,
                                    "Exact Heap Blocks": 1926,
                                    "Lossy Heap Blocks": 0,
                                    "Workers": [
                                        {
                                            "Worker Number": 0,
                                            "Actual Startup Time": 55.21,
                                            "Actual Total Time": 103.716,
                                            "Actual Rows": 170817,
                                            "Actual Loops": 1
                                        },
                                        {
                                            "Worker Number": 1,
                                            "Actual Startup Time": 55.634,
                                            "Actual Total Time": 104.879,
                                            "Actual Rows": 177337,
                                            "Actual Loops": 1
                                        },
                                        {
                                            "Worker Number": 2,
                                            "Actual Startup Time": 56.628,
                                            "Actual Total Time": 105.411,
                                            "Actual Rows": 213614,
                                            "Actual Loops": 1
                                        },
                                        {
                                            "Worker Number": 3,
                                            "Actual Startup Time": 56.449,
                                            "Actual Total Time": 105.437,
                                            "Actual Rows": 211576,
                                            "Actual Loops": 1
                                        },
                                        {
                                            "Worker Number": 4,
                                            "Actual Startup Time": 56.988,
                                            "Actual Total Time": 106.508,
                                            "Actual Rows": 226841,
                                            "Actual Loops": 1
                                        }
                                    ],
                                    "Plans": [
                                        {
                                            "Node Type": "Bitmap Index Scan",
                                            "Parent Relationship": "Outer",
                                            "Parallel Aware": false,
                                            "Index Name": "info_type_id_movie_info",
                                            "Startup Cost": 0.0,
                                            "Total Cost": 21940.24,
                                            "Plan Rows": 1226640,
                                            "Plan Width": 0,
                                            "Actual Startup Time": 66.199,
                                            "Actual Total Time": 66.2,
                                            "Actual Rows": 1298989,
                                            "Actual Loops": 1,
                                            "Index Cond": "(mi.info_type_id = 4)"
                                        }
                                    ]
                                }
                            ]
                        }
                    ]
                }
            ]
        },
        "Planning Time": 333.403,
        "Triggers": [],
        "Execution Time": 137.831
    }
]