[
  {
    "Plan": {
      "Node Type": "Aggregate",
      "Strategy": "Plain",
      "Partial Mode": "Finalize",
      "Parallel Aware": false,
      "Startup Cost": 32388.54,
      "Total Cost": 32388.55,
      "Plan Rows": 1,
      "Plan Width": 8,
      "Actual Startup Time": 130.862,
      "Actual Total Time": 138.901,
      "Actual Rows": 1,
      "Actual Loops": 1,
      "Plans": [
        {
          "Node Type": "Gather",
          "Parent Relationship": "Outer",
          "Parallel Aware": false,
          "Startup Cost": 32388.22,
          "Total Cost": 32388.53,
          "Plan Rows": 3,
          "Plan Width": 8,
          "Actual Startup Time": 130.661,
          "Actual Total Time": 138.89,
          "Actual Rows": 4,
          "Actual Loops": 1,
          "Workers Planned": 3,
          "Workers Launched": 3,
          "Single Copy": false,
          "Plans": [
            {
              "Node Type": "Aggregate",
              "Strategy": "Plain",
              "Partial Mode": "Partial",
              "Parent Relationship": "Outer",
              "Parallel Aware": false,
              "Startup Cost": 31388.22,
              "Total Cost": 31388.23,
              "Plan Rows": 1,
              "Plan Width": 8,
              "Actual Startup Time": 122.432,
              "Actual Total Time": 122.433,
              "Actual Rows": 1,
              "Actual Loops": 4,
              "Plans": [
                {
                  "Node Type": "Seq Scan",
                  "Parent Relationship": "Outer",
                  "Parallel Aware": true,
                  "Relation Name": "movie_companies",
                  "Alias": "mc",
                  "Startup Cost": 0.0,
                  "Total Cost": 29310.68,
                  "Plan Rows": 831017,
                  "Plan Width": 0,
                  "Actual Startup Time": 0.038,
                  "Actual Total Time": 89.459,
                  "Actual Rows": 644210,
                  "Actual Loops": 4,
                  "Filter": "(company_id < 205792)",
                  "Rows Removed by Filter": 8072
                }
              ]
            }
          ]
        }
      ]
    },
    "Planning Time": 0.179,
    "Triggers": [],
    "Execution Time": 138.936
  }
]