{
    "Plan": {
        "Node Type": "Aggregate",
        "Strategy": "Plain",
        "Partial Mode": "Finalize",
        "Parallel Aware": false,
        "Startup Cost": 439012.59,
        "Total Cost": 439012.6,
        "Plan Rows": 1,
        "Plan Width": 8,
        "Actual Startup Time": 3697.311,
        "Actual Total Time": 3746.04,
        "Actual Rows": 1,
        "Actual Loops": 1,
        "Output": [
            "count(*)"
        ],
        "Plans": [
            {
                "Node Type": "Gather",
                "Parent Relationship": "Outer",
                "Parallel Aware": false,
                "Startup Cost": 439011.97,
                "Total Cost": 439012.58,
                "Plan Rows": 6,
                "Plan Width": 8,
                "Actual Startup Time": 3689.352,
                "Actual Total Time": 3746.031,
                "Actual Rows": 7,
                "Actual Loops": 1,
                "Output": [
                    "(PARTIAL count(*))"
                ],
                "Workers Planned": 6,
                "Workers Launched": 6,
                "Single Copy": false,
                "Plans": [
                    {
                        "Node Type": "Aggregate",
                        "Strategy": "Plain",
                        "Partial Mode": "Partial",
                        "Parent Relationship": "Outer",
                        "Parallel Aware": false,
                        "Startup Cost": 438011.97,
                        "Total Cost": 438011.98,
                        "Plan Rows": 1,
                        "Plan Width": 8,
                        "Actual Startup Time": 3676.371,
                        "Actual Total Time": 3676.376,
                        "Actual Rows": 1,
                        "Actual Loops": 7,
                        "Output": [
                            "PARTIAL count(*)"
                        ],
                        "Workers": [
                            {
                                "Worker Number": 0,
                                "Actual Startup Time": 3673.53,
                                "Actual Total Time": 3673.536,
                                "Actual Rows": 1,
                                "Actual Loops": 1
                            },
                            {
                                "Worker Number": 1,
                                "Actual Startup Time": 3674.427,
                                "Actual Total Time": 3674.432,
                                "Actual Rows": 1,
                                "Actual Loops": 1
                            },
                            {
                                "Worker Number": 2,
                                "Actual Startup Time": 3674.583,
                                "Actual Total Time": 3674.588,
                                "Actual Rows": 1,
                                "Actual Loops": 1
                            },
                            {
                                "Worker Number": 3,
                                "Actual Startup Time": 3674.569,
                                "Actual Total Time": 3674.574,
                                "Actual Rows": 1,
                                "Actual Loops": 1
                            },
                            {
                                "Worker Number": 4,
                                "Actual Startup Time": 3674.527,
                                "Actual Total Time": 3674.533,
                                "Actual Rows": 1,
                                "Actual Loops": 1
                            },
                            {
                                "Worker Number": 5,
                                "Actual Startup Time": 3674.627,
                                "Actual Total Time": 3674.632,
                                "Actual Rows": 1,
                                "Actual Loops": 1
                            }
                        ],
                        "Plans": [
                            {
                                "Node Type": "Hash Join",
                                "Parent Relationship": "Outer",
                                "Parallel Aware": true,
                                "Join Type": "Inner",
                                "Startup Cost": 94425.2,
                                "Total Cost": 434597.39,
                                "Plan Rows": 1365833,
                                "Plan Width": 0,
                                "Actual Startup Time": 387.557,
                                "Actual Total Time": 3121.952,
                                "Actual Rows": 13004460,
                                "Actual Loops": 7,
                                "Inner Unique": false,
                                "Hash Cond": "(ci.movie_id = t.id)",
                                "Workers": [
                                    {
                                        "Worker Number": 0,
                                        "Actual Startup Time": 385.03,
                                        "Actual Total Time": 3132.392,
                                        "Actual Rows": 11646904,
                                        "Actual Loops": 1
                                    },
                                    {
                                        "Worker Number": 1,
                                        "Actual Startup Time": 385.901,
                                        "Actual Total Time": 3103.402,
                                        "Actual Rows": 12075613,
                                        "Actual Loops": 1
                                    },
                                    {
                                        "Worker Number": 2,
                                        "Actual Startup Time": 385.978,
                                        "Actual Total Time": 3136.267,
                                        "Actual Rows": 14171091,
                                        "Actual Loops": 1
                                    },
                                    {
                                        "Worker Number": 3,
                                        "Actual Startup Time": 385.955,
                                        "Actual Total Time": 3138.556,
                                        "Actual Rows": 14106725,
                                        "Actual Loops": 1
                                    },
                                    {
                                        "Worker Number": 4,
                                        "Actual Startup Time": 385.987,
                                        "Actual Total Time": 3158.81,
                                        "Actual Rows": 13470225,
                                        "Actual Loops": 1
                                    },
                                    {
                                        "Worker Number": 5,
                                        "Actual Startup Time": 386.011,
                                        "Actual Total Time": 3132.031,
                                        "Actual Rows": 14274038,
                                        "Actual Loops": 1
                                    }
                                ],
                                "Plans": [
                                    {
                                        "Node Type": "Seq Scan",
                                        "Parent Relationship": "Outer",
                                        "Parallel Aware": true,
                                        "Relation Name": "cast_info",
                                        "Schema": "public",
                                        "Alias": "ci",
                                        "Startup Cost": 0.0,
                                        "Total Cost": 313108.29,
                                        "Plan Rows": 6042129,
                                        "Plan Width": 4,
                                        "Actual Startup Time": 0.025,
                                        "Actual Total Time": 547.996,
                                        "Actual Rows": 5177763,
                                        "Actual Loops": 7,
                                        "Output": [
                                            "ci.id",
                                            "ci.person_id",
                                            "ci.movie_id",
                                            "ci.person_role_id",
                                            "ci.note",
                                            "ci.nr_order",
                                            "ci.role_id"
                                        ],
                                        "Workers": [
                                            {
                                                "Worker Number": 0,
                                                "Actual Startup Time": 0.031,
                                                "Actual Total Time": 571.84,
                                                "Actual Rows": 4654534,
                                                "Actual Loops": 1
                                            },
                                            {
                                                "Worker Number": 1,
                                                "Actual Startup Time": 0.027,
                                                "Actual Total Time": 567.21,
                                                "Actual Rows": 4834360,
                                                "Actual Loops": 1
                                            },
                                            {
                                                "Worker Number": 2,
                                                "Actual Startup Time": 0.029,
                                                "Actual Total Time": 561.395,
                                                "Actual Rows": 5690196,
                                                "Actual Loops": 1
                                            },
                                            {
                                                "Worker Number": 3,
                                                "Actual Startup Time": 0.028,
                                                "Actual Total Time": 561.436,
                                                "Actual Rows": 5688729,
                                                "Actual Loops": 1
                                            },
                                            {
                                                "Worker Number": 4,
                                                "Actual Startup Time": 0.024,
                                                "Actual Total Time": 567.337,
                                                "Actual Rows": 5324842,
                                                "Actual Loops": 1
                                            },
                                            {
                                                "Worker Number": 5,
                                                "Actual Startup Time": 0.023,
                                                "Actual Total Time": 564.018,
                                                "Actual Rows": 5727482,
                                                "Actual Loops": 1
                                            }
                                        ]
                                    },
                                    {
                                        "Node Type": "Hash",
                                        "Parent Relationship": "Inner",
                                        "Parallel Aware": true,
                                        "Startup Cost": 92120.64,
                                        "Total Cost": 92120.64,
                                        "Plan Rows": 184365,
                                        "Plan Width": 8,
                                        "Actual Startup Time": 384.07,
                                        "Actual Total Time": 384.074,
                                        "Actual Rows": 228651,
                                        "Actual Loops": 7,
                                        "Output": [
                                            "t.id",
                                            "mk.movie_id"
                                        ],
                                        "Hash Buckets": 2097152,
                                        "Original Hash Buckets": 1048576,
                                        "Hash Batches": 1,
                                        "Original Hash Batches": 1,
                                        "Peak Memory Usage": 87296,
                                        "Workers": [
                                            {
                                                "Worker Number": 0,
                                                "Actual Startup Time": 384.095,
                                                "Actual Total Time": 384.1,
                                                "Actual Rows": 175268,
                                                "Actual Loops": 1
                                            },
                                            {
                                                "Worker Number": 1,
                                                "Actual Startup Time": 385.161,
                                                "Actual Total Time": 385.165,
                                                "Actual Rows": 180681,
                                                "Actual Loops": 1
                                            },
                                            {
                                                "Worker Number": 2,
                                                "Actual Startup Time": 385.261,
                                                "Actual Total Time": 385.264,
                                                "Actual Rows": 264947,
                                                "Actual Loops": 1
                                            },
                                            {
                                                "Worker Number": 3,
                                                "Actual Startup Time": 385.224,
                                                "Actual Total Time": 385.228,
                                                "Actual Rows": 262581,
                                                "Actual Loops": 1
                                            },
                                            {
                                                "Worker Number": 4,
                                                "Actual Startup Time": 385.203,
                                                "Actual Total Time": 385.208,
                                                "Actual Rows": 248742,
                                                "Actual Loops": 1
                                            },
                                            {
                                                "Worker Number": 5,
                                                "Actual Startup Time": 385.284,
                                                "Actual Total Time": 385.288,
                                                "Actual Rows": 263842,
                                                "Actual Loops": 1
                                            }
                                        ],
                                        "Plans": [
                                            {
                                                "Node Type": "Hash Join",
                                                "Parent Relationship": "Outer",
                                                "Parallel Aware": true,
                                                "Join Type": "Inner",
                                                "Startup Cost": 47190.28,
                                                "Total Cost": 92120.64,
                                                "Plan Rows": 184365,
                                                "Plan Width": 8,
                                                "Actual Startup Time": 150.991,
                                                "Actual Total Time": 280.266,
                                                "Actual Rows": 228651,
                                                "Actual Loops": 7,
                                                "Output": [
                                                    "t.id",
                                                    "mk.movie_id"
                                                ],
                                                "Inner Unique": true,
                                                "Hash Cond": "(mk.movie_id = t.id)",
                                                "Workers": [
                                                    {
                                                        "Worker Number": 0,
                                                        "Actual Startup Time": 150.99,
                                                        "Actual Total Time": 281.422,
                                                        "Actual Rows": 175268,
                                                        "Actual Loops": 1
                                                    },
                                                    {
                                                        "Worker Number": 1,
                                                        "Actual Startup Time": 150.966,
                                                        "Actual Total Time": 280.971,
                                                        "Actual Rows": 180681,
                                                        "Actual Loops": 1
                                                    },
                                                    {
                                                        "Worker Number": 2,
                                                        "Actual Startup Time": 150.945,
                                                        "Actual Total Time": 280.52,
                                                        "Actual Rows": 264947,
                                                        "Actual Loops": 1
                                                    },
                                                    {
                                                        "Worker Number": 3,
                                                        "Actual Startup Time": 151.001,
                                                        "Actual Total Time": 280.52,
                                                        "Actual Rows": 262581,
                                                        "Actual Loops": 1
                                                    },
                                                    {
                                                        "Worker Number": 4,
                                                        "Actual Startup Time": 150.977,
                                                        "Actual Total Time": 280.367,
                                                        "Actual Rows": 248742,
                                                        "Actual Loops": 1
                                                    },
                                                    {
                                                        "Worker Number": 5,
                                                        "Actual Startup Time": 150.949,
                                                        "Actual Total Time": 280.882,
                                                        "Actual Rows": 263842,
                                                        "Actual Loops": 1
                                                    }
                                                ],
                                                "Plans": [
                                                    {
                                                        "Node Type": "Seq Scan",
                                                        "Parent Relationship": "Outer",
                                                        "Parallel Aware": true,
                                                        "Relation Name": "movie_keyword",
                                                        "Schema": "public",
                                                        "Alias": "mk",
                                                        "Startup Cost": 0.0,
                                                        "Total Cost": 42695.65,
                                                        "Plan Rows": 851315,
                                                        "Plan Width": 4,
                                                        "Actual Startup Time": 0.02,
                                                        "Actual Total Time": 87.556,
                                                        "Actual Rows": 379167,
                                                        "Actual Loops": 7,
                                                        "Output": [
                                                            "mk.id",
                                                            "mk.movie_id",
                                                            "mk.keyword_id"
                                                        ],
                                                        "Filter": "(mk.keyword_id < 7365)",
                                                        "Rows Removed by Filter": 267108,
                                                        "Workers": [
                                                            {
                                                                "Worker Number": 0,
                                                                "Actual Startup Time": 0.036,
                                                                "Actual Total Time": 89.529,
                                                                "Actual Rows": 285490,
                                                                "Actual Loops": 1
                                                            },
                                                            {
                                                                "Worker Number": 1,
                                                                "Actual Startup Time": 0.025,
                                                                "Actual Total Time": 89.894,
                                                                "Actual Rows": 298776,
                                                                "Actual Loops": 1
                                                            },
                                                            {
                                                                "Worker Number": 2,
                                                                "Actual Startup Time": 0.016,
                                                                "Actual Total Time": 88.873,
                                                                "Actual Rows": 437684,
                                                                "Actual Loops": 1
                                                            },
                                                            {
                                                                "Worker Number": 3,
                                                                "Actual Startup Time": 0.015,
                                                                "Actual Total Time": 88.738,
                                                                "Actual Rows": 435831,
                                                                "Actual Loops": 1
                                                            },
                                                            {
                                                                "Worker Number": 4,
                                                                "Actual Startup Time": 0.021,
                                                                "Actual Total Time": 88.124,
                                                                "Actual Rows": 409595,
                                                                "Actual Loops": 1
                                                            },
                                                            {
                                                                "Worker Number": 5,
                                                                "Actual Startup Time": 0.016,
                                                                "Actual Total Time": 89.002,
                                                                "Actual Rows": 438764,
                                                                "Actual Loops": 1
                                                            }
                                                        ]
                                                    },
                                                    {
                                                        "Node Type": "Hash",
                                                        "Parent Relationship": "Inner",
                                                        "Parallel Aware": true,
                                                        "Startup Cost": 45479.21,
                                                        "Total Cost": 45479.21,
                                                        "Plan Rows": 136886,
                                                        "Plan Width": 4,
                                                        "Actual Startup Time": 123.035,
                                                        "Actual Total Time": 123.036,
                                                        "Actual Rows": 79617,
                                                        "Actual Loops": 7,
                                                        "Output": [
                                                            "t.id"
                                                        ],
                                                        "Hash Buckets": 1048576,
                                                        "Original Hash Buckets": 1048576,
                                                        "Hash Batches": 1,
                                                        "Original Hash Batches": 1,
                                                        "Peak Memory Usage": 30112,
                                                        "Workers": [
                                                            {
                                                                "Worker Number": 0,
                                                                "Actual Startup Time": 124.413,
                                                                "Actual Total Time": 124.414,
                                                                "Actual Rows": 59083,
                                                                "Actual Loops": 1
                                                            },
                                                            {
                                                                "Worker Number": 1,
                                                                "Actual Startup Time": 124.548,
                                                                "Actual Total Time": 124.549,
                                                                "Actual Rows": 64483,
                                                                "Actual Loops": 1
                                                            },
                                                            {
                                                                "Worker Number": 2,
                                                                "Actual Startup Time": 124.411,
                                                                "Actual Total Time": 124.412,
                                                                "Actual Rows": 90070,
                                                                "Actual Loops": 1
                                                            },
                                                            {
                                                                "Worker Number": 3,
                                                                "Actual Startup Time": 124.447,
                                                                "Actual Total Time": 124.448,
                                                                "Actual Rows": 90779,
                                                                "Actual Loops": 1
                                                            },
                                                            {
                                                                "Worker Number": 4,
                                                                "Actual Startup Time": 124.427,
                                                                "Actual Total Time": 124.429,
                                                                "Actual Rows": 83309,
                                                                "Actual Loops": 1
                                                            },
                                                            {
                                                                "Worker Number": 5,
                                                                "Actual Startup Time": 124.419,
                                                                "Actual Total Time": 124.42,
                                                                "Actual Rows": 91022,
                                                                "Actual Loops": 1
                                                            }
                                                        ],
                                                        "Plans": [
                                                            {
                                                                "Node Type": "Seq Scan",
                                                                "Parent Relationship": "Outer",
                                                                "Parallel Aware": true,
                                                                "Relation Name": "title",
                                                                "Schema": "public",
                                                                "Alias": "t",
                                                                "Startup Cost": 0.0,
                                                                "Total Cost": 45479.21,
                                                                "Plan Rows": 136886,
                                                                "Plan Width": 4,
                                                                "Actual Startup Time": 50.968,
                                                                "Actual Total Time": 81.346,
                                                                "Actual Rows": 79617,
                                                                "Actual Loops": 7,
                                                                "Output": [
                                                                    "t.id"
                                                                ],
                                                                "Filter": "((t.kind_id < 2) AND (t.production_year < 2011))",
                                                                "Rows Removed by Filter": 281570,
                                                                "Workers": [
                                                                    {
                                                                        "Worker Number": 0,
                                                                        "Actual Startup Time": 50.99,
                                                                        "Actual Total Time": 81.36,
                                                                        "Actual Rows": 59083,
                                                                        "Actual Loops": 1
                                                                    },
                                                                    {
                                                                        "Worker Number": 1,
                                                                        "Actual Startup Time": 50.852,
                                                                        "Actual Total Time": 82.552,
                                                                        "Actual Rows": 64483,
                                                                        "Actual Loops": 1
                                                                    },
                                                                    {
                                                                        "Worker Number": 2,
                                                                        "Actual Startup Time": 50.952,
                                                                        "Actual Total Time": 81.467,
                                                                        "Actual Rows": 90070,
                                                                        "Actual Loops": 1
                                                                    },
                                                                    {
                                                                        "Worker Number": 3,
                                                                        "Actual Startup Time": 50.902,
                                                                        "Actual Total Time": 81.869,
                                                                        "Actual Rows": 90779,
                                                                        "Actual Loops": 1
                                                                    },
                                                                    {
                                                                        "Worker Number": 4,
                                                                        "Actual Startup Time": 51.188,
                                                                        "Actual Total Time": 80.984,
                                                                        "Actual Rows": 83309,
                                                                        "Actual Loops": 1
                                                                    },
                                                                    {
                                                                        "Worker Number": 5,
                                                                        "Actual Startup Time": 50.945,
                                                                        "Actual Total Time": 81.671,
                                                                        "Actual Rows": 91022,
                                                                        "Actual Loops": 1
                                                                    }
                                                                ]
                                                            }
                                                        ]
                                                    }
                                                ]
                                            }
                                        ]
                                    }
                                ]
                            }
                        ]
                    }
                ]
            }
        ]
    },
    "Planning Time": 1.491,
    "Triggers": [],
    "Execution Time": 3746.135
}