[
  {
    "Plan": {
      "Node Type": "Aggregate",
      "Strategy": "Plain",
      "Partial Mode": "Finalize",
      "Parallel Aware": false,
      "Startup Cost": 347737.02,
      "Total Cost": 347737.03,
      "Plan Rows": 1,
      "Plan Width": 8,
      "Actual Startup Time": 758.726,
      "Actual Total Time": 813.72,
      "Actual Rows": 1,
      "Actual Loops": 1,
      "Plans": [
        {
          "Node Type": "Gather",
          "Parent Relationship": "Outer",
          "Parallel Aware": false,
          "Startup Cost": 347736.4,
          "Total Cost": 347737.01,
          "Plan Rows": 6,
          "Plan Width": 8,
          "Actual Startup Time": 758.633,
          "Actual Total Time": 813.709,
          "Actual Rows": 7,
          "Actual Loops": 1,
          "Workers Planned": 6,
          "Workers Launched": 6,
          "Single Copy": false,
          "Plans": [
            {
              "Node Type": "Aggregate",
              "Strategy": "Plain",
              "Partial Mode": "Partial",
              "Parent Relationship": "Outer",
              "Parallel Aware": false,
              "Startup Cost": 346736.4,
              "Total Cost": 346736.41,
              "Plan Rows": 1,
              "Plan Width": 8,
              "Actual Startup Time": 749.331,
              "Actual Total Time": 749.332,
              "Actual Rows": 1,
              "Actual Loops": 7,
              "Plans": [
                {
                  "Node Type": "Seq Scan",
                  "Parent Relationship": "Outer",
                  "Parallel Aware": true,
                  "Relation Name": "cast_info",
                  "Alias": "ci",
                  "Startup Cost": 0.0,
                  "Total Cost": 343257.03,
                  "Plan Rows": 1391748,
                  "Plan Width": 0,
                  "Actual Startup Time": 302.105,
                  "Actual Total Time": 666.95,
                  "Actual Rows": 1814527,
                  "Actual Loops": 7,
                  "Filter": "((person_id > 2410456) AND (role_id > 1))",
                  "Rows Removed by Filter": 3363237
                }
              ]
            }
          ]
        }
      ]
    },
    "Planning Time": 0.189,
    "Triggers": [],
    "Execution Time": 813.781
  }
]