[
  {
    "Plan": {
      "Node Type": "Aggregate",
      "Strategy": "Plain",
      "Partial Mode": "Finalize",
      "Parallel Aware": false,
      "Startup Cost": 33465.99,
      "Total Cost": 33466.0,
      "Plan Rows": 1,
      "Plan Width": 8,
      "Actual Startup Time": 105.017,
      "Actual Total Time": 112.84,
      "Actual Rows": 1,
      "Actual Loops": 1,
      "Plans": [
        {
          "Node Type": "Gather",
          "Parent Relationship": "Outer",
          "Parallel Aware": false,
          "Startup Cost": 33465.68,
          "Total Cost": 33465.99,
          "Plan Rows": 3,
          "Plan Width": 8,
          "Actual Startup Time": 104.917,
          "Actual Total Time": 112.833,
          "Actual Rows": 4,
          "Actual Loops": 1,
          "Workers Planned": 3,
          "Workers Launched": 3,
          "Single Copy": false,
          "Plans": [
            {
              "Node Type": "Aggregate",
              "Strategy": "Plain",
              "Partial Mode": "Partial",
              "Parent Relationship": "Outer",
              "Parallel Aware": false,
              "Startup Cost": 32465.68,
              "Total Cost": 32465.69,
              "Plan Rows": 1,
              "Plan Width": 8,
              "Actual Startup Time": 97.155,
              "Actual Total Time": 97.156,
              "Actual Rows": 1,
              "Actual Loops": 4,
              "Plans": [
                {
                  "Node Type": "Seq Scan",
                  "Parent Relationship": "Outer",
                  "Parallel Aware": true,
                  "Relation Name": "movie_companies",
                  "Alias": "mc",
                  "Startup Cost": 0.0,
                  "Total Cost": 31414.82,
                  "Plan Rows": 420343,
                  "Plan Width": 0,
                  "Actual Startup Time": 49.522,
                  "Actual Total Time": 85.029,
                  "Actual Rows": 323705,
                  "Actual Loops": 4,
                  "Filter": "((company_id < 199390) AND (company_type_id = 2))",
                  "Rows Removed by Filter": 328577
                }
              ]
            }
          ]
        }
      ]
    },
    "Planning Time": 0.213,
    "Triggers": [],
    "Execution Time": 112.896
  }
]