{
  "Plan": {
    "Node Type": "Aggregate",
    "Strategy": "Plain",
    "Partial Mode": "Finalize",
    "Parallel Aware": false,
    "Startup Cost": 510826.83,
    "Total Cost": 510826.84,
    "Plan Rows": 1,
    "Plan Width": 8,
    "Actual Startup Time": 2432.728,
    "Actual Total Time": 2460.315,
    "Actual Rows": 1,
    "Actual Loops": 1,
    "Plans": [
      {
        "Node Type": "Gather",
        "Parent Relationship": "Outer",
        "Parallel Aware": false,
        "Startup Cost": 510826.72,
        "Total Cost": 510826.83,
        "Plan Rows": 1,
        "Plan Width": 8,
        "Actual Startup Time": 2426.245,
        "Actual Total Time": 2460.306,
        "Actual Rows": 2,
        "Actual Loops": 1,
        "Workers Planned": 1,
        "Workers Launched": 1,
        "Single Copy": false,
        "Plans": [
          {
            "Node Type": "Aggregate",
            "Strategy": "Plain",
            "Partial Mode": "Partial",
            "Parent Relationship": "Outer",
            "Parallel Aware": false,
            "Startup Cost": 509826.72,
            "Total Cost": 509826.73,
            "Plan Rows": 1,
            "Plan Width": 8,
            "Actual Startup Time": 2414.002,
            "Actual Total Time": 2414.006,
            "Actual Rows": 1,
            "Actual Loops": 2,
            "Plans": [
              {
                "Node Type": "Hash Join",
                "Parent Relationship": "Outer",
                "Parallel Aware": true,
                "Join Type": "Inner",
                "Startup Cost": 195344.3,
                "Total Cost": 504309.99,
                "Plan Rows": 2206692,
                "Plan Width": 0,
                "Actual Startup Time": 832.07,
                "Actual Total Time": 2299.013,
                "Actual Rows": 2771924,
                "Actual Loops": 2,
                "Inner Unique": true,
                "Hash Cond": "(ci.movie_id = t.id)",
                "Plans": [
                  {
                    "Node Type": "Bitmap Heap Scan",
                    "Parent Relationship": "Outer",
                    "Parallel Aware": true,
                    "Relation Name": "cast_info",
                    "Alias": "ci",
                    "Startup Cost": 125883.6,
                    "Total Cost": 429056.71,
                    "Plan Rows": 2206692,
                    "Plan Width": 4,
                    "Actual Startup Time": 313.26,
                    "Actual Total Time": 718.806,
                    "Actual Rows": 2771924,
                    "Actual Loops": 2,
                    "Recheck Cond": "(person_id > 3098919)",
                    "Rows Removed by Index Recheck": 0,
                    "Filter": "(role_id > 1)",
                    "Rows Removed by Filter": 0,
                    "Exact Heap Blocks": 38588,
                    "Lossy Heap Blocks": 0,
                    "Plans": [
                      {
                        "Node Type": "Bitmap Index Scan",
                        "Parent Relationship": "Outer",
                        "Parallel Aware": false,
                        "Index Name": "person_id_cast_info",
                        "Startup Cost": 0.0,
                        "Total Cost": 124945.76,
                        "Plan Rows": 5721759,
                        "Plan Width": 0,
                        "Actual Startup Time": 299.834,
                        "Actual Total Time": 299.835,
                        "Actual Rows": 5543849,
                        "Actual Loops": 1,
                        "Index Cond": "(person_id > 3098919)"
                      }
                    ]
                  },
                  {
                    "Node Type": "Hash",
                    "Parent Relationship": "Inner",
                    "Parallel Aware": true,
                    "Startup Cost": 50870.31,
                    "Total Cost": 50870.31,
                    "Plan Rows": 1487231,
                    "Plan Width": 4,
                    "Actual Startup Time": 496.767,
                    "Actual Total Time": 496.768,
                    "Actual Rows": 1264156,
                    "Actual Loops": 2,
                    "Hash Buckets": 4194304,
                    "Original Hash Buckets": 4194304,
                    "Hash Batches": 1,
                    "Original Hash Batches": 1,
                    "Peak Memory Usage": 131712,
                    "Plans": [
                      {
                        "Node Type": "Seq Scan",
                        "Parent Relationship": "Outer",
                        "Parallel Aware": true,
                        "Relation Name": "title",
                        "Alias": "t",
                        "Startup Cost": 0.0,
                        "Total Cost": 50870.31,
                        "Plan Rows": 1487231,
                        "Plan Width": 4,
                        "Actual Startup Time": 0.025,
                        "Actual Total Time": 151.685,
                        "Actual Rows": 1264156,
                        "Actual Loops": 2
                      }
                    ]
                  }
                ]
              }
            ]
          }
        ]
      }
    ]
  },
  "Planning Time": 0.656,
  "Triggers": [],
  "Execution Time": 2460.407
}