[
  {
    "Plan": {
      "Node Type": "Aggregate",
      "Strategy": "Plain",
      "Partial Mode": "Finalize",
      "Parallel Aware": false,
      "Startup Cost": 173851.55,
      "Total Cost": 173851.56,
      "Plan Rows": 1,
      "Plan Width": 8,
      "Actual Startup Time": 69.101,
      "Actual Total Time": 72.845,
      "Actual Rows": 1,
      "Actual Loops": 1,
      "Plans": [
        {
          "Node Type": "Gather",
          "Parent Relationship": "Outer",
          "Parallel Aware": false,
          "Startup Cost": 173851.03,
          "Total Cost": 173851.54,
          "Plan Rows": 5,
          "Plan Width": 8,
          "Actual Startup Time": 68.962,
          "Actual Total Time": 72.838,
          "Actual Rows": 6,
          "Actual Loops": 1,
          "Workers Planned": 5,
          "Workers Launched": 5,
          "Single Copy": false,
          "Plans": [
            {
              "Node Type": "Aggregate",
              "Strategy": "Plain",
              "Partial Mode": "Partial",
              "Parent Relationship": "Outer",
              "Parallel Aware": false,
              "Startup Cost": 172851.03,
              "Total Cost": 172851.04,
              "Plan Rows": 1,
              "Plan Width": 8,
              "Actual Startup Time": 60.738,
              "Actual Total Time": 60.739,
              "Actual Rows": 1,
              "Actual Loops": 6,
              "Plans": [
                {
                  "Node Type": "Bitmap Heap Scan",
                  "Parent Relationship": "Outer",
                  "Parallel Aware": true,
                  "Relation Name": "movie_info",
                  "Alias": "mi",
                  "Startup Cost": 9312.65,
                  "Total Cost": 172593.47,
                  "Plan Rows": 103025,
                  "Plan Width": 0,
                  "Actual Startup Time": 25.291,
                  "Actual Total Time": 53.48,
                  "Actual Rows": 87794,
                  "Actual Loops": 6,
                  "Recheck Cond": "(info_type_id > 102)",
                  "Rows Removed by Index Recheck": 0,
                  "Exact Heap Blocks": 2891,
                  "Lossy Heap Blocks": 0,
                  "Plans": [
                    {
                      "Node Type": "Bitmap Index Scan",
                      "Parent Relationship": "Outer",
                      "Parallel Aware": false,
                      "Index Name": "info_type_id_movie_info",
                      "Startup Cost": 0.0,
                      "Total Cost": 9183.87,
                      "Plan Rows": 515125,
                      "Plan Width": 0,
                      "Actual Startup Time": 31.614,
                      "Actual Total Time": 31.615,
                      "Actual Rows": 526764,
                      "Actual Loops": 1,
                      "Index Cond": "(info_type_id > 102)"
                    }
                  ]
                }
              ]
            }
          ]
        }
      ]
    },
    "Planning Time": 0.196,
    "Triggers": [],
    "Execution Time": 72.892
  }
]