[
  {
    "Plan": {
      "Node Type": "Aggregate",
      "Strategy": "Plain",
      "Partial Mode": "Finalize",
      "Parallel Aware": false,
      "Startup Cost": 98688.02,
      "Total Cost": 98688.03,
      "Plan Rows": 1,
      "Plan Width": 8,
      "Actual Startup Time": 581.989,
      "Actual Total Time": 597.679,
      "Actual Rows": 1,
      "Actual Loops": 1,
      "Plans": [
        {
          "Node Type": "Gather",
          "Parent Relationship": "Outer",
          "Parallel Aware": false,
          "Startup Cost": 98687.71,
          "Total Cost": 98688.02,
          "Plan Rows": 3,
          "Plan Width": 8,
          "Actual Startup Time": 577.167,
          "Actual Total Time": 597.669,
          "Actual Rows": 4,
          "Actual Loops": 1,
          "Workers Planned": 3,
          "Workers Launched": 3,
          "Single Copy": false,
          "Plans": [
            {
              "Node Type": "Aggregate",
              "Strategy": "Plain",
              "Partial Mode": "Partial",
              "Parent Relationship": "Outer",
              "Parallel Aware": false,
              "Startup Cost": 97687.71,
              "Total Cost": 97687.72,
              "Plan Rows": 1,
              "Plan Width": 8,
              "Actual Startup Time": 567.675,
              "Actual Total Time": 567.682,
              "Actual Rows": 1,
              "Actual Loops": 4,
              "Plans": [
                {
                  "Node Type": "Hash Join",
                  "Parent Relationship": "Outer",
                  "Parallel Aware": true,
                  "Join Type": "Inner",
                  "Startup Cost": 49125.55,
                  "Total Cost": 95420.42,
                  "Plan Rows": 906914,
                  "Plan Width": 0,
                  "Actual Startup Time": 270.433,
                  "Actual Total Time": 534.132,
                  "Actual Rows": 848872,
                  "Actual Loops": 4,
                  "Inner Unique": true,
                  "Hash Cond": "(mk.movie_id = t.id)",
                  "Plans": [
                    {
                      "Node Type": "Seq Scan",
                      "Parent Relationship": "Outer",
                      "Parallel Aware": true,
                      "Relation Name": "movie_keyword",
                      "Alias": "mk",
                      "Startup Cost": 0.0,
                      "Total Cost": 42695.65,
                      "Plan Rows": 1371128,
                      "Plan Width": 4,
                      "Actual Startup Time": 0.025,
                      "Actual Total Time": 108.261,
                      "Actual Rows": 1061140,
                      "Actual Loops": 4,
                      "Filter": "(keyword_id < 57010)",
                      "Rows Removed by Filter": 69843
                    },
                    {
                      "Node Type": "Hash",
                      "Parent Relationship": "Inner",
                      "Parallel Aware": true,
                      "Startup Cost": 43899.32,
                      "Total Cost": 43899.32,
                      "Plan Rows": 418098,
                      "Plan Width": 4,
                      "Actual Startup Time": 263.689,
                      "Actual Total Time": 263.693,
                      "Actual Rows": 417823,
                      "Actual Loops": 4,
                      "Hash Buckets": 2097152,
                      "Original Hash Buckets": 2097152,
                      "Hash Batches": 1,
                      "Original Hash Batches": 1,
                      "Peak Memory Usage": 81824,
                      "Plans": [
                        {
                          "Node Type": "Seq Scan",
                          "Parent Relationship": "Outer",
                          "Parallel Aware": true,
                          "Relation Name": "title",
                          "Alias": "t",
                          "Startup Cost": 0.0,
                          "Total Cost": 43899.32,
                          "Plan Rows": 418098,
                          "Plan Width": 4,
                          "Actual Startup Time": 0.055,
                          "Actual Total Time": 106.645,
                          "Actual Rows": 417823,
                          "Actual Loops": 4,
                          "Filter": "(production_year < 2008)",
                          "Rows Removed by Filter": 214255
                        }
                      ]
                    }
                  ]
                }
              ]
            }
          ]
        }
      ]
    },
    "Planning Time": 0.437,
    "Triggers": [],
    "Execution Time": 597.792
  }
]