{
  "Plan": {
    "Node Type": "Aggregate",
    "Strategy": "Plain",
    "Partial Mode": "Simple",
    "Parallel Aware": false,
    "Startup Cost": 96602.4,
    "Total Cost": 96602.41,
    "Plan Rows": 1,
    "Plan Width": 96,
    "Actual Startup Time": 475.548,
    "Actual Total Time": 475.559,
    "Actual Rows": 1,
    "Actual Loops": 1,
    "Plans": [
      {
        "Node Type": "Nested Loop",
        "Parent Relationship": "Outer",
        "Parallel Aware": false,
        "Join Type": "Inner",
        "Startup Cost": 93790.58,
        "Total Cost": 96602.39,
        "Plan Rows": 1,
        "Plan Width": 60,
        "Actual Startup Time": 475.544,
        "Actual Total Time": 475.554,
        "Actual Rows": 0,
        "Actual Loops": 1,
        "Inner Unique": true,
        "Plans": [
          {
            "Node Type": "Hash Join",
            "Parent Relationship": "Outer",
            "Parallel Aware": false,
            "Join Type": "Inner",
            "Startup Cost": 93790.16,
            "Total Cost": 96599.65,
            "Plan Rows": 6,
            "Plan Width": 45,
            "Actual Startup Time": 462.551,
            "Actual Total Time": 475.452,
            "Actual Rows": 16,
            "Actual Loops": 1,
            "Inner Unique": false,
            "Hash Cond": "(k.id = mk.keyword_id)",
            "Plans": [
              {
                "Node Type": "Seq Scan",
                "Parent Relationship": "Outer",
                "Parallel Aware": false,
                "Relation Name": "keyword",
                "Alias": "k",
                "Startup Cost": 0.0,
                "Total Cost": 2793.84,
                "Plan Rows": 3,
                "Plan Width": 4,
                "Actual Startup Time": 1.849,
                "Actual Total Time": 14.737,
                "Actual Rows": 3,
                "Actual Loops": 1,
                "Filter": "(keyword = ANY ('{sequel,revenge,based-on-novel}'::text[]))",
                "Rows Removed by Filter": 134167
              },
              {
                "Node Type": "Hash",
                "Parent Relationship": "Inner",
                "Parallel Aware": false,
                "Startup Cost": 90622.69,
                "Total Cost": 90622.69,
                "Plan Rows": 253398,
                "Plan Width": 49,
                "Actual Startup Time": 458.82,
                "Actual Total Time": 458.828,
                "Actual Rows": 45176,
                "Actual Loops": 1,
                "Hash Buckets": 262144,
                "Original Hash Buckets": 262144,
                "Hash Batches": 1,
                "Original Hash Batches": 1,
                "Peak Memory Usage": 6082,
                "Plans": [
                  {
                    "Node Type": "Hash Join",
                    "Parent Relationship": "Outer",
                    "Parallel Aware": false,
                    "Join Type": "Inner",
                    "Startup Cost": 72172.05,
                    "Total Cost": 90622.69,
                    "Plan Rows": 253398,
                    "Plan Width": 49,
                    "Actual Startup Time": 395.307,
                    "Actual Total Time": 449.195,
                    "Actual Rows": 45176,
                    "Actual Loops": 1,
                    "Inner Unique": true,
                    "Hash Cond": "(mc.company_type_id = ct.id)",
                    "Plans": [
                      {
                        "Node Type": "Merge Join",
                        "Parent Relationship": "Outer",
                        "Parallel Aware": false,
                        "Join Type": "Inner",
                        "Startup Cost": 72170.96,
                        "Total Cost": 88795.03,
                        "Plan Rows": 337862,
                        "Plan Width": 53,
                        "Actual Startup Time": 395.246,
                        "Actual Total Time": 443.173,
                        "Actual Rows": 48221,
                        "Actual Loops": 1,
                        "Inner Unique": false,
                        "Merge Cond": "(mc.movie_id = ml.movie_id)",
                        "Plans": [
                          {
                            "Node Type": "Index Scan",
                            "Parent Relationship": "Outer",
                            "Parallel Aware": false,
                            "Scan Direction": "Forward",
                            "Index Name": "movie_id_movie_companies",
                            "Relation Name": "movie_companies",
                            "Alias": "mc",
                            "Startup Cost": 0.43,
                            "Total Cost": 140404.76,
                            "Plan Rows": 1339266,
                            "Plan Width": 36,
                            "Actual Startup Time": 0.023,
                            "Actual Total Time": 20.475,
                            "Actual Rows": 42105,
                            "Actual Loops": 1,
                            "Filter": "(note IS NOT NULL)",
                            "Rows Removed by Filter": 41390
                          },
                          {
                            "Node Type": "Materialize",
                            "Parent Relationship": "Inner",
                            "Parallel Aware": false,
                            "Startup Cost": 72168.57,
                            "Total Cost": 78441.4,
                            "Plan Rows": 131597,
                            "Plan Width": 33,
                            "Actual Startup Time": 394.133,
                            "Actual Total Time": 415.047,
                            "Actual Rows": 48919,
                            "Actual Loops": 1,
                            "Plans": [
                              {
                                "Node Type": "Merge Join",
                                "Parent Relationship": "Outer",
                                "Parallel Aware": false,
                                "Join Type": "Inner",
                                "Startup Cost": 72168.57,
                                "Total Cost": 78112.4,
                                "Plan Rows": 131597,
                                "Plan Width": 33,
                                "Actual Startup Time": 394.124,
                                "Actual Total Time": 412.002,
                                "Actual Rows": 6714,
                                "Actual Loops": 1,
                                "Inner Unique": false,
                                "Merge Cond": "(mk.movie_id = ml.movie_id)",
                                "Plans": [
                                  {
                                    "Node Type": "Index Scan",
                                    "Parent Relationship": "Outer",
                                    "Parallel Aware": false,
                                    "Scan Direction": "Forward",
                                    "Index Name": "movie_id_movie_keyword",
                                    "Relation Name": "movie_keyword",
                                    "Alias": "mk",
                                    "Startup Cost": 0.43,
                                    "Total Cost": 177148.48,
                                    "Plan Rows": 4523930,
                                    "Plan Width": 8,
                                    "Actual Startup Time": 0.019,
                                    "Actual Total Time": 12.311,
                                    "Actual Rows": 81778,
                                    "Actual Loops": 1
                                  },
                                  {
                                    "Node Type": "Sort",
                                    "Parent Relationship": "Inner",
                                    "Parallel Aware": false,
                                    "Startup Cost": 72167.67,
                                    "Total Cost": 72174.76,
                                    "Plan Rows": 2837,
                                    "Plan Width": 25,
                                    "Actual Startup Time": 393.613,
                                    "Actual Total Time": 393.915,
                                    "Actual Rows": 6880,
                                    "Actual Loops": 1,
                                    "Sort Key": [
                                      "ml.movie_id"
                                    ],
                                    "Sort Method": "quicksort",
                                    "Sort Space Used": 132,
                                    "Sort Space Type": "Memory",
                                    "Plans": [
                                      {
                                        "Node Type": "Hash Join",
                                        "Parent Relationship": "Outer",
                                        "Parallel Aware": false,
                                        "Join Type": "Inner",
                                        "Startup Cost": 71431.68,
                                        "Total Cost": 72004.96,
                                        "Plan Rows": 2837,
                                        "Plan Width": 25,
                                        "Actual Startup Time": 387.668,
                                        "Actual Total Time": 393.277,
                                        "Actual Rows": 1088,
                                        "Actual Loops": 1,
                                        "Inner Unique": true,
                                        "Hash Cond": "(ml.movie_id = t.id)",
                                        "Plans": [
                                          {
                                            "Node Type": "Hash Join",
                                            "Parent Relationship": "Outer",
                                            "Parallel Aware": false,
                                            "Join Type": "Inner",
                                            "Startup Cost": 837.93,
                                            "Total Cost": 1332.47,
                                            "Plan Rows": 29997,
                                            "Plan Width": 4,
                                            "Actual Startup Time": 13.044,
                                            "Actual Total Time": 15.468,
                                            "Actual Rows": 29997,
                                            "Actual Loops": 1,
                                            "Inner Unique": false,
                                            "Hash Cond": "(lt.id = ml.link_type_id)",
                                            "Plans": [
                                              {
                                                "Node Type": "Seq Scan",
                                                "Parent Relationship": "Outer",
                                                "Parallel Aware": false,
                                                "Relation Name": "link_type",
                                                "Alias": "lt",
                                                "Startup Cost": 0.0,
                                                "Total Cost": 1.18,
                                                "Plan Rows": 18,
                                                "Plan Width": 4,
                                                "Actual Startup Time": 0.006,
                                                "Actual Total Time": 0.011,
                                                "Actual Rows": 18,
                                                "Actual Loops": 1
                                              },
                                              {
                                                "Node Type": "Hash",
                                                "Parent Relationship": "Inner",
                                                "Parallel Aware": false,
                                                "Startup Cost": 462.97,
                                                "Total Cost": 462.97,
                                                "Plan Rows": 29997,
                                                "Plan Width": 8,
                                                "Actual Startup Time": 12.762,
                                                "Actual Total Time": 12.763,
                                                "Actual Rows": 29997,
                                                "Actual Loops": 1,
                                                "Hash Buckets": 32768,
                                                "Original Hash Buckets": 32768,
                                                "Hash Batches": 1,
                                                "Original Hash Batches": 1,
                                                "Peak Memory Usage": 1428,
                                                "Plans": [
                                                  {
                                                    "Node Type": "Seq Scan",
                                                    "Parent Relationship": "Outer",
                                                    "Parallel Aware": false,
                                                    "Relation Name": "movie_link",
                                                    "Alias": "ml",
                                                    "Startup Cost": 0.0,
                                                    "Total Cost": 462.97,
                                                    "Plan Rows": 29997,
                                                    "Plan Width": 8,
                                                    "Actual Startup Time": 0.021,
                                                    "Actual Total Time": 6.418,
                                                    "Actual Rows": 29997,
                                                    "Actual Loops": 1
                                                  }
                                                ]
                                              }
                                            ]
                                          },
                                          {
                                            "Node Type": "Hash",
                                            "Parent Relationship": "Inner",
                                            "Parallel Aware": false,
                                            "Startup Cost": 67604.36,
                                            "Total Cost": 67604.36,
                                            "Plan Rows": 239151,
                                            "Plan Width": 21,
                                            "Actual Startup Time": 373.031,
                                            "Actual Total Time": 373.031,
                                            "Actual Rows": 241400,
                                            "Actual Loops": 1,
                                            "Hash Buckets": 262144,
                                            "Original Hash Buckets": 262144,
                                            "Hash Batches": 1,
                                            "Original Hash Batches": 1,
                                            "Peak Memory Usage": 15492,
                                            "Plans": [
                                              {
                                                "Node Type": "Seq Scan",
                                                "Parent Relationship": "Outer",
                                                "Parallel Aware": false,
                                                "Relation Name": "title",
                                                "Alias": "t",
                                                "Startup Cost": 0.0,
                                                "Total Cost": 67604.36,
                                                "Plan Rows": 239151,
                                                "Plan Width": 21,
                                                "Actual Startup Time": 0.032,
                                                "Actual Total Time": 304.248,
                                                "Actual Rows": 241400,
                                                "Actual Loops": 1,
                                                "Filter": "(production_year < 1960)",
                                                "Rows Removed by Filter": 2286912
                                              }
                                            ]
                                          }
                                        ]
                                      }
                                    ]
                                  }
                                ]
                              }
                            ]
                          }
                        ]
                      },
                      {
                        "Node Type": "Hash",
                        "Parent Relationship": "Inner",
                        "Parallel Aware": false,
                        "Startup Cost": 1.05,
                        "Total Cost": 1.05,
                        "Plan Rows": 3,
                        "Plan Width": 4,
                        "Actual Startup Time": 0.027,
                        "Actual Total Time": 0.027,
                        "Actual Rows": 3,
                        "Actual Loops": 1,
                        "Hash Buckets": 1024,
                        "Original Hash Buckets": 1024,
                        "Hash Batches": 1,
                        "Original Hash Batches": 1,
                        "Peak Memory Usage": 9,
                        "Plans": [
                          {
                            "Node Type": "Seq Scan",
                            "Parent Relationship": "Outer",
                            "Parallel Aware": false,
                            "Relation Name": "company_type",
                            "Alias": "ct",
                            "Startup Cost": 0.0,
                            "Total Cost": 1.05,
                            "Plan Rows": 3,
                            "Plan Width": 4,
                            "Actual Startup Time": 0.014,
                            "Actual Total Time": 0.016,
                            "Actual Rows": 3,
                            "Actual Loops": 1,
                            "Filter": "((kind IS NOT NULL) AND ((kind)::text <> 'production companies'::text))",
                            "Rows Removed by Filter": 1
                          }
                        ]
                      }
                    ]
                  }
                ]
              }
            ]
          },
          {
            "Node Type": "Index Scan",
            "Parent Relationship": "Inner",
            "Parallel Aware": false,
            "Scan Direction": "Forward",
            "Index Name": "company_name_pkey",
            "Relation Name": "company_name",
            "Alias": "cn",
            "Startup Cost": 0.42,
            "Total Cost": 0.46,
            "Plan Rows": 1,
            "Plan Width": 23,
            "Actual Startup Time": 0.006,
            "Actual Total Time": 0.006,
            "Actual Rows": 0,
            "Actual Loops": 16,
            "Index Cond": "(id = mc.company_id)",
            "Rows Removed by Index Recheck": 0,
            "Filter": "(((country_code)::text <> '[pl]'::text) AND ((name ~~ '20th Century Fox%'::text) OR (name ~~ 'Twentieth Century Fox%'::text)))",
            "Rows Removed by Filter": 1
          }
        ]
      }
    ]
  },
  "Planning Time": 14.734,
  "Triggers": [],
  "Execution Time": 476.646
}