[
  {
    "Plan": {
      "Node Type": "Aggregate",
      "Strategy": "Plain",
      "Partial Mode": "Finalize",
      "Parallel Aware": false,
      "Startup Cost": 221836.5,
      "Total Cost": 221836.51,
      "Plan Rows": 1,
      "Plan Width": 8,
      "Actual Startup Time": 1046.304,
      "Actual Total Time": 1074.369,
      "Actual Rows": 1,
      "Actual Loops": 1,
      "Plans": [
        {
          "Node Type": "Gather",
          "Parent Relationship": "Outer",
          "Parallel Aware": false,
          "Startup Cost": 221836.18,
          "Total Cost": 221836.49,
          "Plan Rows": 3,
          "Plan Width": 8,
          "Actual Startup Time": 1034.63,
          "Actual Total Time": 1074.357,
          "Actual Rows": 4,
          "Actual Loops": 1,
          "Workers Planned": 3,
          "Workers Launched": 3,
          "Single Copy": false,
          "Plans": [
            {
              "Node Type": "Aggregate",
              "Strategy": "Plain",
              "Partial Mode": "Partial",
              "Parent Relationship": "Outer",
              "Parallel Aware": false,
              "Startup Cost": 220836.18,
              "Total Cost": 220836.19,
              "Plan Rows": 1,
              "Plan Width": 8,
              "Actual Startup Time": 1021.811,
              "Actual Total Time": 1022.433,
              "Actual Rows": 1,
              "Actual Loops": 4,
              "Plans": [
                {
                  "Node Type": "Hash Join",
                  "Parent Relationship": "Outer",
                  "Parallel Aware": true,
                  "Join Type": "Inner",
                  "Startup Cost": 173325.89,
                  "Total Cost": 219174.81,
                  "Plan Rows": 664551,
                  "Plan Width": 0,
                  "Actual Startup Time": 651.618,
                  "Actual Total Time": 960.228,
                  "Actual Rows": 1426808,
                  "Actual Loops": 4,
                  "Inner Unique": false,
                  "Hash Cond": "(mk.movie_id = t.id)",
                  "Plans": [
                    {
                      "Node Type": "Seq Scan",
                      "Parent Relationship": "Outer",
                      "Parallel Aware": true,
                      "Relation Name": "movie_keyword",
                      "Alias": "mk",
                      "Startup Cost": 0.0,
                      "Total Cost": 39047.32,
                      "Plan Rows": 1459332,
                      "Plan Width": 4,
                      "Actual Startup Time": 0.029,
                      "Actual Total Time": 93.996,
                      "Actual Rows": 1130982,
                      "Actual Loops": 4
                    },
                    {
                      "Node Type": "Hash",
                      "Parent Relationship": "Inner",
                      "Parallel Aware": true,
                      "Startup Cost": 170447.55,
                      "Total Cost": 170447.55,
                      "Plan Rows": 230267,
                      "Plan Width": 8,
                      "Actual Startup Time": 643.871,
                      "Actual Total Time": 644.491,
                      "Actual Rows": 94434,
                      "Actual Loops": 4,
                      "Hash Buckets": 2097152,
                      "Original Hash Buckets": 2097152,
                      "Hash Batches": 1,
                      "Original Hash Batches": 1,
                      "Peak Memory Usage": 31200,
                      "Plans": [
                        {
                          "Node Type": "Hash Join",
                          "Parent Relationship": "Outer",
                          "Parallel Aware": true,
                          "Join Type": "Inner",
                          "Startup Cost": 50220.21,
                          "Total Cost": 170447.55,
                          "Plan Rows": 230267,
                          "Plan Width": 8,
                          "Actual Startup Time": 353.618,
                          "Actual Total Time": 595.173,
                          "Actual Rows": 94434,
                          "Actual Loops": 4,
                          "Inner Unique": true,
                          "Hash Cond": "(ci.movie_id = t.id)",
                          "Plans": [
                            {
                              "Node Type": "Index Scan",
                              "Parent Relationship": "Outer",
                              "Parallel Aware": true,
                              "Scan Direction": "Forward",
                              "Index Name": "role_id_cast_info",
                              "Relation Name": "cast_info",
                              "Alias": "ci",
                              "Startup Cost": 0.56,
                              "Total Cost": 119623.46,
                              "Plan Rows": 230267,
                              "Plan Width": 4,
                              "Actual Startup Time": 0.195,
                              "Actual Total Time": 179.454,
                              "Actual Rows": 94434,
                              "Actual Loops": 4,
                              "Index Cond": "(role_id = 10)",
                              "Rows Removed by Index Recheck": 0,
                              "Filter": "(person_id < 943289)",
                              "Rows Removed by Filter": 986321
                            },
                            {
                              "Node Type": "Hash",
                              "Parent Relationship": "Inner",
                              "Parallel Aware": true,
                              "Startup Cost": 42318.73,
                              "Total Cost": 42318.73,
                              "Plan Rows": 632073,
                              "Plan Width": 4,
                              "Actual Startup Time": 346.534,
                              "Actual Total Time": 346.535,
                              "Actual Rows": 632078,
                              "Actual Loops": 4,
                              "Hash Buckets": 4194304,
                              "Original Hash Buckets": 4194304,
                              "Hash Batches": 1,
                              "Original Hash Batches": 1,
                              "Peak Memory Usage": 131776,
                              "Plans": [
                                {
                                  "Node Type": "Seq Scan",
                                  "Parent Relationship": "Outer",
                                  "Parallel Aware": true,
                                  "Relation Name": "title",
                                  "Alias": "t",
                                  "Startup Cost": 0.0,
                                  "Total Cost": 42318.73,
                                  "Plan Rows": 632073,
                                  "Plan Width": 4,
                                  "Actual Startup Time": 0.035,
                                  "Actual Total Time": 100.086,
                                  "Actual Rows": 632078,
                                  "Actual Loops": 4
                                }
                              ]
                            }
                          ]
                        }
                      ]
                    }
                  ]
                }
              ]
            }
          ]
        }
      ]
    },
    "Planning Time": 1.308,
    "Triggers": [],
    "Execution Time": 1074.458
  }
]