[
  {
    "Plan": {
      "Node Type": "Aggregate",
      "Strategy": "Plain",
      "Partial Mode": "Finalize",
      "Parallel Aware": false,
      "Startup Cost": 25678.57,
      "Total Cost": 25678.58,
      "Plan Rows": 1,
      "Plan Width": 8,
      "Actual Startup Time": 68.677,
      "Actual Total Time": 72.191,
      "Actual Rows": 1,
      "Actual Loops": 1,
      "Plans": [
        {
          "Node Type": "Gather",
          "Parent Relationship": "Outer",
          "Parallel Aware": false,
          "Startup Cost": 25678.26,
          "Total Cost": 25678.57,
          "Plan Rows": 3,
          "Plan Width": 8,
          "Actual Startup Time": 68.511,
          "Actual Total Time": 72.183,
          "Actual Rows": 4,
          "Actual Loops": 1,
          "Workers Planned": 3,
          "Workers Launched": 3,
          "Single Copy": false,
          "Plans": [
            {
              "Node Type": "Aggregate",
              "Strategy": "Plain",
              "Partial Mode": "Partial",
              "Parent Relationship": "Outer",
              "Parallel Aware": false,
              "Startup Cost": 24678.26,
              "Total Cost": 24678.27,
              "Plan Rows": 1,
              "Plan Width": 8,
              "Actual Startup Time": 62.429,
              "Actual Total Time": 62.43,
              "Actual Rows": 1,
              "Actual Loops": 4,
              "Plans": [
                {
                  "Node Type": "Bitmap Heap Scan",
                  "Parent Relationship": "Outer",
                  "Parallel Aware": true,
                  "Relation Name": "movie_companies",
                  "Alias": "mc",
                  "Startup Cost": 4813.63,
                  "Total Cost": 24499.15,
                  "Plan Rows": 71642,
                  "Plan Width": 0,
                  "Actual Startup Time": 15.013,
                  "Actual Total Time": 57.219,
                  "Actual Rows": 55406,
                  "Actual Loops": 4,
                  "Recheck Cond": "(company_id < 77)",
                  "Rows Removed by Index Recheck": 0,
                  "Exact Heap Blocks": 8720,
                  "Lossy Heap Blocks": 0,
                  "Plans": [
                    {
                      "Node Type": "Bitmap Index Scan",
                      "Parent Relationship": "Outer",
                      "Parallel Aware": false,
                      "Index Name": "company_id_movie_companies",
                      "Startup Cost": 0.0,
                      "Total Cost": 4758.11,
                      "Plan Rows": 222090,
                      "Plan Width": 0,
                      "Actual Startup Time": 16.073,
                      "Actual Total Time": 16.073,
                      "Actual Rows": 221625,
                      "Actual Loops": 1,
                      "Index Cond": "(company_id < 77)"
                    }
                  ]
                }
              ]
            }
          ]
        }
      ]
    },
    "Planning Time": 0.098,
    "Triggers": [],
    "Execution Time": 72.238
  }
]