{
  "Plan": {
    "Node Type": "Aggregate",
    "Strategy": "Plain",
    "Partial Mode": "Finalize",
    "Parallel Aware": false,
    "Startup Cost": 111228.43,
    "Total Cost": 111228.44,
    "Plan Rows": 1,
    "Plan Width": 8,
    "Actual Startup Time": 271.927,
    "Actual Total Time": 286.72,
    "Actual Rows": 1,
    "Actual Loops": 1,
    "Plans": [
      {
        "Node Type": "Gather",
        "Parent Relationship": "Outer",
        "Parallel Aware": false,
        "Startup Cost": 111228.32,
        "Total Cost": 111228.43,
        "Plan Rows": 1,
        "Plan Width": 8,
        "Actual Startup Time": 271.796,
        "Actual Total Time": 286.712,
        "Actual Rows": 2,
        "Actual Loops": 1,
        "Workers Planned": 1,
        "Workers Launched": 1,
        "Single Copy": false,
        "Plans": [
          {
            "Node Type": "Aggregate",
            "Strategy": "Plain",
            "Partial Mode": "Partial",
            "Parent Relationship": "Outer",
            "Parallel Aware": false,
            "Startup Cost": 110228.32,
            "Total Cost": 110228.33,
            "Plan Rows": 1,
            "Plan Width": 8,
            "Actual Startup Time": 267.454,
            "Actual Total Time": 267.457,
            "Actual Rows": 1,
            "Actual Loops": 2,
            "Plans": [
              {
                "Node Type": "Hash Join",
                "Parent Relationship": "Outer",
                "Parallel Aware": true,
                "Join Type": "Inner",
                "Startup Cost": 54644.08,
                "Total Cost": 110226.9,
                "Plan Rows": 568,
                "Plan Width": 0,
                "Actual Startup Time": 137.016,
                "Actual Total Time": 267.427,
                "Actual Rows": 244,
                "Actual Loops": 2,
                "Inner Unique": true,
                "Hash Cond": "(ci.movie_id = t.id)",
                "Plans": [
                  {
                    "Node Type": "Index Scan",
                    "Parent Relationship": "Outer",
                    "Parallel Aware": true,
                    "Scan Direction": "Forward",
                    "Index Name": "role_id_cast_info",
                    "Relation Name": "cast_info",
                    "Alias": "ci",
                    "Startup Cost": 0.56,
                    "Total Cost": 55080.34,
                    "Plan Rows": 191636,
                    "Plan Width": 4,
                    "Actual Startup Time": 0.126,
                    "Actual Total Time": 112.132,
                    "Actual Rows": 250900,
                    "Actual Loops": 2,
                    "Index Cond": "(role_id = 8)",
                    "Rows Removed by Index Recheck": 0,
                    "Filter": "(person_id > 2987726)",
                    "Rows Removed by Filter": 600872
                  },
                  {
                    "Node Type": "Hash",
                    "Parent Relationship": "Inner",
                    "Parallel Aware": true,
                    "Startup Cost": 54588.39,
                    "Total Cost": 54588.39,
                    "Plan Rows": 4410,
                    "Plan Width": 4,
                    "Actual Startup Time": 130.429,
                    "Actual Total Time": 130.43,
                    "Actual Rows": 3844,
                    "Actual Loops": 2,
                    "Hash Buckets": 8192,
                    "Original Hash Buckets": 8192,
                    "Hash Batches": 1,
                    "Original Hash Batches": 1,
                    "Peak Memory Usage": 416,
                    "Plans": [
                      {
                        "Node Type": "Seq Scan",
                        "Parent Relationship": "Outer",
                        "Parallel Aware": true,
                        "Relation Name": "title",
                        "Alias": "t",
                        "Startup Cost": 0.0,
                        "Total Cost": 54588.39,
                        "Plan Rows": 4410,
                        "Plan Width": 4,
                        "Actual Startup Time": 70.946,
                        "Actual Total Time": 129.277,
                        "Actual Rows": 3844,
                        "Actual Loops": 2,
                        "Filter": "(production_year < 1901)",
                        "Rows Removed by Filter": 1260312
                      }
                    ]
                  }
                ]
              }
            ]
          }
        ]
      }
    ]
  },
  "Planning Time": 0.398,
  "Triggers": [],
  "Execution Time": 286.785
}