[
  {
    "Plan": {
      "Node Type": "Aggregate",
      "Strategy": "Plain",
      "Partial Mode": "Finalize",
      "Parallel Aware": false,
      "Startup Cost": 45117.91,
      "Total Cost": 45117.92,
      "Plan Rows": 1,
      "Plan Width": 8,
      "Actual Startup Time": 132.547,
      "Actual Total Time": 142.6,
      "Actual Rows": 1,
      "Actual Loops": 1,
      "Plans": [
        {
          "Node Type": "Gather",
          "Parent Relationship": "Outer",
          "Parallel Aware": false,
          "Startup Cost": 45117.59,
          "Total Cost": 45117.9,
          "Plan Rows": 3,
          "Plan Width": 8,
          "Actual Startup Time": 132.272,
          "Actual Total Time": 142.587,
          "Actual Rows": 4,
          "Actual Loops": 1,
          "Workers Planned": 3,
          "Workers Launched": 3,
          "Single Copy": false,
          "Plans": [
            {
              "Node Type": "Aggregate",
              "Strategy": "Plain",
              "Partial Mode": "Partial",
              "Parent Relationship": "Outer",
              "Parallel Aware": false,
              "Startup Cost": 44117.59,
              "Total Cost": 44117.6,
              "Plan Rows": 1,
              "Plan Width": 8,
              "Actual Startup Time": 126.397,
              "Actual Total Time": 126.399,
              "Actual Rows": 1,
              "Actual Loops": 4,
              "Plans": [
                {
                  "Node Type": "Seq Scan",
                  "Parent Relationship": "Outer",
                  "Parallel Aware": true,
                  "Relation Name": "movie_keyword",
                  "Alias": "mk",
                  "Startup Cost": 0.0,
                  "Total Cost": 42695.65,
                  "Plan Rows": 568776,
                  "Plan Width": 0,
                  "Actual Startup Time": 0.615,
                  "Actual Total Time": 106.324,
                  "Actual Rows": 436921,
                  "Actual Loops": 4,
                  "Filter": "(keyword_id > 7986)",
                  "Rows Removed by Filter": 694062
                }
              ]
            }
          ]
        }
      ]
    },
    "Planning Time": 0.179,
    "Triggers": [],
    "Execution Time": 142.653
  }
]