{
  "Plan": {
    "Node Type": "Aggregate",
    "Strategy": "Plain",
    "Partial Mode": "Finalize",
    "Parallel Aware": false,
    "Startup Cost": 109055.42,
    "Total Cost": 109055.43,
    "Plan Rows": 1,
    "Plan Width": 8,
    "Actual Startup Time": 682.705,
    "Actual Total Time": 702.24,
    "Actual Rows": 1,
    "Actual Loops": 1,
    "Plans": [
      {
        "Node Type": "Gather",
        "Parent Relationship": "Outer",
        "Parallel Aware": false,
        "Startup Cost": 109055.31,
        "Total Cost": 109055.42,
        "Plan Rows": 1,
        "Plan Width": 8,
        "Actual Startup Time": 678.786,
        "Actual Total Time": 702.233,
        "Actual Rows": 2,
        "Actual Loops": 1,
        "Workers Planned": 1,
        "Workers Launched": 1,
        "Single Copy": false,
        "Plans": [
          {
            "Node Type": "Aggregate",
            "Strategy": "Plain",
            "Partial Mode": "Partial",
            "Parent Relationship": "Outer",
            "Parallel Aware": false,
            "Startup Cost": 108055.31,
            "Total Cost": 108055.32,
            "Plan Rows": 1,
            "Plan Width": 8,
            "Actual Startup Time": 665.66,
            "Actual Total Time": 665.665,
            "Actual Rows": 1,
            "Actual Loops": 2,
            "Plans": [
              {
                "Node Type": "Hash Join",
                "Parent Relationship": "Outer",
                "Parallel Aware": true,
                "Join Type": "Inner",
                "Startup Cost": 78959.19,
                "Total Cost": 107396.85,
                "Plan Rows": 263382,
                "Plan Width": 0,
                "Actual Startup Time": 539.535,
                "Actual Total Time": 656.088,
                "Actual Rows": 218486,
                "Actual Loops": 2,
                "Inner Unique": true,
                "Hash Cond": "(mk.movie_id = t.id)",
                "Plans": [
                  {
                    "Node Type": "Bitmap Heap Scan",
                    "Parent Relationship": "Outer",
                    "Parallel Aware": true,
                    "Relation Name": "movie_keyword",
                    "Alias": "mk",
                    "Startup Cost": 9498.5,
                    "Total Cost": 37244.77,
                    "Plan Rows": 263382,
                    "Plan Width": 4,
                    "Actual Startup Time": 25.561,
                    "Actual Total Time": 85.278,
                    "Actual Rows": 218486,
                    "Actual Loops": 2,
                    "Recheck Cond": "(keyword_id > 40224)",
                    "Rows Removed by Index Recheck": 0,
                    "Exact Heap Blocks": 12938,
                    "Lossy Heap Blocks": 0,
                    "Plans": [
                      {
                        "Node Type": "Bitmap Index Scan",
                        "Parent Relationship": "Outer",
                        "Parallel Aware": false,
                        "Index Name": "keyword_id_movie_keyword",
                        "Startup Cost": 0.0,
                        "Total Cost": 9386.56,
                        "Plan Rows": 447750,
                        "Plan Width": 0,
                        "Actual Startup Time": 22.231,
                        "Actual Total Time": 22.232,
                        "Actual Rows": 436973,
                        "Actual Loops": 1,
                        "Index Cond": "(keyword_id > 40224)"
                      }
                    ]
                  },
                  {
                    "Node Type": "Hash",
                    "Parent Relationship": "Inner",
                    "Parallel Aware": true,
                    "Startup Cost": 50870.31,
                    "Total Cost": 50870.31,
                    "Plan Rows": 1487231,
                    "Plan Width": 4,
                    "Actual Startup Time": 491.59,
                    "Actual Total Time": 491.591,
                    "Actual Rows": 1264156,
                    "Actual Loops": 2,
                    "Hash Buckets": 4194304,
                    "Original Hash Buckets": 4194304,
                    "Hash Batches": 1,
                    "Original Hash Batches": 1,
                    "Peak Memory Usage": 131712,
                    "Plans": [
                      {
                        "Node Type": "Seq Scan",
                        "Parent Relationship": "Outer",
                        "Parallel Aware": true,
                        "Relation Name": "title",
                        "Alias": "t",
                        "Startup Cost": 0.0,
                        "Total Cost": 50870.31,
                        "Plan Rows": 1487231,
                        "Plan Width": 4,
                        "Actual Startup Time": 0.025,
                        "Actual Total Time": 150.427,
                        "Actual Rows": 1264156,
                        "Actual Loops": 2
                      }
                    ]
                  }
                ]
              }
            ]
          }
        ]
      }
    ]
  },
  "Planning Time": 0.655,
  "Triggers": [],
  "Execution Time": 702.373
}