[
  {
    "Plan": {
      "Node Type": "Aggregate",
      "Strategy": "Plain",
      "Partial Mode": "Finalize",
      "Parallel Aware": false,
      "Startup Cost": 32114.94,
      "Total Cost": 32114.95,
      "Plan Rows": 1,
      "Plan Width": 8,
      "Actual Startup Time": 127.39,
      "Actual Total Time": 135.7,
      "Actual Rows": 1,
      "Actual Loops": 1,
      "Plans": [
        {
          "Node Type": "Gather",
          "Parent Relationship": "Outer",
          "Parallel Aware": false,
          "Startup Cost": 32114.63,
          "Total Cost": 32114.94,
          "Plan Rows": 3,
          "Plan Width": 8,
          "Actual Startup Time": 127.277,
          "Actual Total Time": 135.691,
          "Actual Rows": 4,
          "Actual Loops": 1,
          "Workers Planned": 3,
          "Workers Launched": 3,
          "Single Copy": false,
          "Plans": [
            {
              "Node Type": "Aggregate",
              "Strategy": "Plain",
              "Partial Mode": "Partial",
              "Parent Relationship": "Outer",
              "Parallel Aware": false,
              "Startup Cost": 31114.63,
              "Total Cost": 31114.64,
              "Plan Rows": 1,
              "Plan Width": 8,
              "Actual Startup Time": 118.465,
              "Actual Total Time": 118.466,
              "Actual Rows": 1,
              "Actual Loops": 4,
              "Plans": [
                {
                  "Node Type": "Seq Scan",
                  "Parent Relationship": "Outer",
                  "Parallel Aware": true,
                  "Relation Name": "movie_companies",
                  "Alias": "mc",
                  "Startup Cost": 0.0,
                  "Total Cost": 29310.68,
                  "Plan Rows": 721578,
                  "Plan Width": 0,
                  "Actual Startup Time": 0.043,
                  "Actual Total Time": 89.112,
                  "Actual Rows": 558168,
                  "Actual Loops": 4,
                  "Filter": "(company_id < 84838)",
                  "Rows Removed by Filter": 94114
                }
              ]
            }
          ]
        }
      ]
    },
    "Planning Time": 0.192,
    "Triggers": [],
    "Execution Time": 135.758
  }
]