{
  "Plan": {
    "Node Type": "Aggregate",
    "Strategy": "Plain",
    "Partial Mode": "Finalize",
    "Parallel Aware": false,
    "Startup Cost": 118754.63,
    "Total Cost": 118754.64,
    "Plan Rows": 1,
    "Plan Width": 8,
    "Actual Startup Time": 449.248,
    "Actual Total Time": 466.45,
    "Actual Rows": 1,
    "Actual Loops": 1,
    "Plans": [
      {
        "Node Type": "Gather",
        "Parent Relationship": "Outer",
        "Parallel Aware": false,
        "Startup Cost": 118754.52,
        "Total Cost": 118754.63,
        "Plan Rows": 1,
        "Plan Width": 8,
        "Actual Startup Time": 448.88,
        "Actual Total Time": 466.443,
        "Actual Rows": 2,
        "Actual Loops": 1,
        "Workers Planned": 1,
        "Workers Launched": 1,
        "Single Copy": false,
        "Plans": [
          {
            "Node Type": "Aggregate",
            "Strategy": "Plain",
            "Partial Mode": "Partial",
            "Parent Relationship": "Outer",
            "Parallel Aware": false,
            "Startup Cost": 117754.52,
            "Total Cost": 117754.53,
            "Plan Rows": 1,
            "Plan Width": 8,
            "Actual Startup Time": 443.402,
            "Actual Total Time": 443.406,
            "Actual Rows": 1,
            "Actual Loops": 2,
            "Plans": [
              {
                "Node Type": "Hash Join",
                "Parent Relationship": "Outer",
                "Parallel Aware": true,
                "Join Type": "Inner",
                "Startup Cost": 59335.44,
                "Total Cost": 117386.29,
                "Plan Rows": 147293,
                "Plan Width": 0,
                "Actual Startup Time": 145.075,
                "Actual Total Time": 442.791,
                "Actual Rows": 15520,
                "Actual Loops": 2,
                "Inner Unique": true,
                "Hash Cond": "(mk.movie_id = t.id)",
                "Plans": [
                  {
                    "Node Type": "Seq Scan",
                    "Parent Relationship": "Outer",
                    "Parallel Aware": true,
                    "Relation Name": "movie_keyword",
                    "Alias": "mk",
                    "Startup Cost": 0.0,
                    "Total Cost": 51065.35,
                    "Plan Rows": 2661135,
                    "Plan Width": 4,
                    "Actual Startup Time": 0.013,
                    "Actual Total Time": 148.117,
                    "Actual Rows": 2261965,
                    "Actual Loops": 2
                  },
                  {
                    "Node Type": "Hash",
                    "Parent Relationship": "Inner",
                    "Parallel Aware": true,
                    "Startup Cost": 58306.47,
                    "Total Cost": 58306.47,
                    "Plan Rows": 82318,
                    "Plan Width": 4,
                    "Actual Startup Time": 140.982,
                    "Actual Total Time": 140.983,
                    "Actual Rows": 23214,
                    "Actual Loops": 2,
                    "Hash Buckets": 262144,
                    "Original Hash Buckets": 262144,
                    "Hash Batches": 1,
                    "Original Hash Batches": 1,
                    "Peak Memory Usage": 3872,
                    "Plans": [
                      {
                        "Node Type": "Seq Scan",
                        "Parent Relationship": "Outer",
                        "Parallel Aware": true,
                        "Relation Name": "title",
                        "Alias": "t",
                        "Startup Cost": 0.0,
                        "Total Cost": 58306.47,
                        "Plan Rows": 82318,
                        "Plan Width": 4,
                        "Actual Startup Time": 0.032,
                        "Actual Total Time": 133.36,
                        "Actual Rows": 23214,
                        "Actual Loops": 2,
                        "Filter": "((production_year < 1960) AND (kind_id = 7))",
                        "Rows Removed by Filter": 1240942
                      }
                    ]
                  }
                ]
              }
            ]
          }
        ]
      }
    ]
  },
  "Planning Time": 0.368,
  "Triggers": [],
  "Execution Time": 466.51
}