[
  {
    "Plan": {
      "Node Type": "Aggregate",
      "Strategy": "Plain",
      "Partial Mode": "Finalize",
      "Parallel Aware": false,
      "Startup Cost": 390033.49,
      "Total Cost": 390033.5,
      "Plan Rows": 1,
      "Plan Width": 8,
      "Actual Startup Time": 995.72,
      "Actual Total Time": 1023.866,
      "Actual Rows": 1,
      "Actual Loops": 1,
      "Plans": [
        {
          "Node Type": "Gather",
          "Parent Relationship": "Outer",
          "Parallel Aware": false,
          "Startup Cost": 390032.87,
          "Total Cost": 390033.48,
          "Plan Rows": 6,
          "Plan Width": 8,
          "Actual Startup Time": 988.49,
          "Actual Total Time": 1023.854,
          "Actual Rows": 7,
          "Actual Loops": 1,
          "Workers Planned": 6,
          "Workers Launched": 6,
          "Single Copy": false,
          "Plans": [
            {
              "Node Type": "Aggregate",
              "Strategy": "Plain",
              "Partial Mode": "Partial",
              "Parent Relationship": "Outer",
              "Parallel Aware": false,
              "Startup Cost": 389032.87,
              "Total Cost": 389032.88,
              "Plan Rows": 1,
              "Plan Width": 8,
              "Actual Startup Time": 976.889,
              "Actual Total Time": 976.893,
              "Actual Rows": 1,
              "Actual Loops": 7,
              "Plans": [
                {
                  "Node Type": "Hash Join",
                  "Parent Relationship": "Outer",
                  "Parallel Aware": true,
                  "Join Type": "Inner",
                  "Startup Cost": 48362.89,
                  "Total Cost": 387631.13,
                  "Plan Rows": 560694,
                  "Plan Width": 0,
                  "Actual Startup Time": 139.328,
                  "Actual Total Time": 951.9,
                  "Actual Rows": 622910,
                  "Actual Loops": 7,
                  "Inner Unique": true,
                  "Hash Cond": "(ci.movie_id = t.id)",
                  "Plans": [
                    {
                      "Node Type": "Index Scan",
                      "Parent Relationship": "Outer",
                      "Parallel Aware": true,
                      "Scan Direction": "Forward",
                      "Index Name": "role_id_cast_info",
                      "Relation Name": "cast_info",
                      "Alias": "ci",
                      "Startup Cost": 0.56,
                      "Total Cost": 335235.55,
                      "Plan Rows": 1536476,
                      "Plan Width": 4,
                      "Actual Startup Time": 0.133,
                      "Actual Total Time": 341.767,
                      "Actual Rows": 1810098,
                      "Actual Loops": 7,
                      "Index Cond": "(role_id < 2)",
                      "Rows Removed by Index Recheck": 0,
                      "Filter": "(person_id < 2766384)",
                      "Rows Removed by Filter": 0
                    },
                    {
                      "Node Type": "Hash",
                      "Parent Relationship": "Inner",
                      "Parallel Aware": true,
                      "Startup Cost": 45479.1,
                      "Total Cost": 45479.1,
                      "Plan Rows": 230658,
                      "Plan Width": 4,
                      "Actual Startup Time": 135.85,
                      "Actual Total Time": 135.851,
                      "Actual Rows": 121740,
                      "Actual Loops": 7,
                      "Hash Buckets": 1048576,
                      "Original Hash Buckets": 1048576,
                      "Hash Batches": 1,
                      "Original Hash Batches": 1,
                      "Peak Memory Usage": 41632,
                      "Plans": [
                        {
                          "Node Type": "Seq Scan",
                          "Parent Relationship": "Outer",
                          "Parallel Aware": true,
                          "Relation Name": "title",
                          "Alias": "t",
                          "Startup Cost": 0.0,
                          "Total Cost": 45479.1,
                          "Plan Rows": 230658,
                          "Plan Width": 4,
                          "Actual Startup Time": 0.045,
                          "Actual Total Time": 77.912,
                          "Actual Rows": 121740,
                          "Actual Loops": 7,
                          "Filter": "((kind_id > 1) AND (production_year < 2004))",
                          "Rows Removed by Filter": 239448
                        }
                      ]
                    }
                  ]
                }
              ]
            }
          ]
        }
      ]
    },
    "Planning Time": 0.715,
    "Triggers": [],
    "Execution Time": 1023.951
  }
]