{
  "Plan": {
    "Node Type": "Aggregate",
    "Strategy": "Plain",
    "Partial Mode": "Finalize",
    "Parallel Aware": false,
    "Startup Cost": 190168.78,
    "Total Cost": 190168.79,
    "Plan Rows": 1,
    "Plan Width": 8,
    "Actual Startup Time": 1230.111,
    "Actual Total Time": 1251.863,
    "Actual Rows": 1,
    "Actual Loops": 1,
    "Plans": [
      {
        "Node Type": "Gather",
        "Parent Relationship": "Outer",
        "Parallel Aware": false,
        "Startup Cost": 190168.66,
        "Total Cost": 190168.77,
        "Plan Rows": 1,
        "Plan Width": 8,
        "Actual Startup Time": 1225.008,
        "Actual Total Time": 1251.855,
        "Actual Rows": 2,
        "Actual Loops": 1,
        "Workers Planned": 1,
        "Workers Launched": 1,
        "Single Copy": false,
        "Plans": [
          {
            "Node Type": "Aggregate",
            "Strategy": "Plain",
            "Partial Mode": "Partial",
            "Parent Relationship": "Outer",
            "Parallel Aware": false,
            "Startup Cost": 189168.66,
            "Total Cost": 189168.67,
            "Plan Rows": 1,
            "Plan Width": 8,
            "Actual Startup Time": 1218.885,
            "Actual Total Time": 1218.891,
            "Actual Rows": 1,
            "Actual Loops": 2,
            "Plans": [
              {
                "Node Type": "Hash Join",
                "Parent Relationship": "Outer",
                "Parallel Aware": true,
                "Join Type": "Inner",
                "Startup Cost": 116290.27,
                "Total Cost": 187260.55,
                "Plan Rows": 763245,
                "Plan Width": 0,
                "Actual Startup Time": 740.099,
                "Actual Total Time": 1169.062,
                "Actual Rows": 1263570,
                "Actual Loops": 2,
                "Inner Unique": false,
                "Hash Cond": "(mk.movie_id = t.id)",
                "Plans": [
                  {
                    "Node Type": "Seq Scan",
                    "Parent Relationship": "Outer",
                    "Parallel Aware": true,
                    "Relation Name": "movie_keyword",
                    "Alias": "mk",
                    "Startup Cost": 0.0,
                    "Total Cost": 57718.19,
                    "Plan Rows": 2336645,
                    "Plan Width": 4,
                    "Actual Startup Time": 0.032,
                    "Actual Total Time": 196.699,
                    "Actual Rows": 1978830,
                    "Actual Loops": 2,
                    "Filter": "(keyword_id > 398)",
                    "Rows Removed by Filter": 283135
                  },
                  {
                    "Node Type": "Hash",
                    "Parent Relationship": "Inner",
                    "Parallel Aware": true,
                    "Startup Cost": 110217.88,
                    "Total Cost": 110217.88,
                    "Plan Rows": 485791,
                    "Plan Width": 8,
                    "Actual Startup Time": 730.792,
                    "Actual Total Time": 730.796,
                    "Actual Rows": 281260,
                    "Actual Loops": 2,
                    "Hash Buckets": 1048576,
                    "Original Hash Buckets": 1048576,
                    "Hash Batches": 1,
                    "Original Hash Batches": 1,
                    "Peak Memory Usage": 30240,
                    "Plans": [
                      {
                        "Node Type": "Hash Join",
                        "Parent Relationship": "Outer",
                        "Parallel Aware": true,
                        "Join Type": "Inner",
                        "Startup Cost": 70259.87,
                        "Total Cost": 110217.88,
                        "Plan Rows": 485791,
                        "Plan Width": 8,
                        "Actual Startup Time": 399.619,
                        "Actual Total Time": 666.078,
                        "Actual Rows": 281260,
                        "Actual Loops": 2,
                        "Inner Unique": true,
                        "Hash Cond": "(mc.movie_id = t.id)",
                        "Plans": [
                          {
                            "Node Type": "Seq Scan",
                            "Parent Relationship": "Outer",
                            "Parallel Aware": true,
                            "Relation Name": "movie_companies",
                            "Alias": "mc",
                            "Startup Cost": 0.0,
                            "Total Cost": 37974.77,
                            "Plan Rows": 755522,
                            "Plan Width": 4,
                            "Actual Startup Time": 0.015,
                            "Actual Total Time": 111.194,
                            "Actual Rows": 637123,
                            "Actual Loops": 2,
                            "Filter": "(company_type_id = 1)",
                            "Rows Removed by Filter": 667442
                          },
                          {
                            "Node Type": "Hash",
                            "Parent Relationship": "Inner",
                            "Parallel Aware": true,
                            "Startup Cost": 58306.47,
                            "Total Cost": 58306.47,
                            "Plan Rows": 956272,
                            "Plan Width": 4,
                            "Actual Startup Time": 390.183,
                            "Actual Total Time": 390.184,
                            "Actual Rows": 865960,
                            "Actual Loops": 2,
                            "Hash Buckets": 2097152,
                            "Original Hash Buckets": 2097152,
                            "Hash Batches": 1,
                            "Original Hash Batches": 1,
                            "Peak Memory Usage": 84192,
                            "Plans": [
                              {
                                "Node Type": "Seq Scan",
                                "Parent Relationship": "Outer",
                                "Parallel Aware": true,
                                "Relation Name": "title",
                                "Alias": "t",
                                "Startup Cost": 0.0,
                                "Total Cost": 58306.47,
                                "Plan Rows": 956272,
                                "Plan Width": 4,
                                "Actual Startup Time": 0.036,
                                "Actual Total Time": 174.161,
                                "Actual Rows": 865960,
                                "Actual Loops": 2,
                                "Filter": "((kind_id > 1) AND (production_year > 1961))",
                                "Rows Removed by Filter": 398196
                              }
                            ]
                          }
                        ]
                      }
                    ]
                  }
                ]
              }
            ]
          }
        ]
      }
    ]
  },
  "Planning Time": 0.976,
  "Triggers": [],
  "Execution Time": 1251.943
}