[
  {
    "Plan": {
      "Node Type": "Aggregate",
      "Strategy": "Plain",
      "Partial Mode": "Finalize",
      "Parallel Aware": false,
      "Startup Cost": 754830.03,
      "Total Cost": 754830.04,
      "Plan Rows": 1,
      "Plan Width": 64,
      "Actual Startup Time": 3630.251,
      "Actual Total Time": 3822.527,
      "Actual Rows": 1,
      "Actual Loops": 1,
      "Plans": [
        {
          "Node Type": "Gather",
          "Parent Relationship": "Outer",
          "Parallel Aware": false,
          "Startup Cost": 754829.91,
          "Total Cost": 754830.02,
          "Plan Rows": 1,
          "Plan Width": 64,
          "Actual Startup Time": 3630.041,
          "Actual Total Time": 3822.518,
          "Actual Rows": 2,
          "Actual Loops": 1,
          "Workers Planned": 1,
          "Workers Launched": 1,
          "Single Copy": false,
          "Plans": [
            {
              "Node Type": "Aggregate",
              "Strategy": "Plain",
              "Partial Mode": "Partial",
              "Parent Relationship": "Outer",
              "Parallel Aware": false,
              "Startup Cost": 753829.91,
              "Total Cost": 753829.92,
              "Plan Rows": 1,
              "Plan Width": 64,
              "Actual Startup Time": 3623.162,
              "Actual Total Time": 3623.189,
              "Actual Rows": 1,
              "Actual Loops": 2,
              "Plans": [
                {
                  "Node Type": "Hash Join",
                  "Parent Relationship": "Outer",
                  "Parallel Aware": false,
                  "Join Type": "Inner",
                  "Startup Cost": 748918.96,
                  "Total Cost": 753829.91,
                  "Plan Rows": 1,
                  "Plan Width": 32,
                  "Actual Startup Time": 3615.875,
                  "Actual Total Time": 3623.18,
                  "Actual Rows": 1,
                  "Actual Loops": 2,
                  "Inner Unique": true,
                  "Hash Cond": "(ci.role_id = rt.id)",
                  "Plans": [
                    {
                      "Node Type": "Hash Join",
                      "Parent Relationship": "Outer",
                      "Parallel Aware": true,
                      "Join Type": "Inner",
                      "Startup Cost": 748917.8,
                      "Total Cost": 753828.74,
                      "Plan Rows": 1,
                      "Plan Width": 36,
                      "Actual Startup Time": 3615.404,
                      "Actual Total Time": 3622.706,
                      "Actual Rows": 1,
                      "Actual Loops": 2,
                      "Inner Unique": false,
                      "Hash Cond": "(cn.id = mc.company_id)",
                      "Plans": [
                        {
                          "Node Type": "Seq Scan",
                          "Parent Relationship": "Outer",
                          "Parallel Aware": true,
                          "Relation Name": "company_name",
                          "Alias": "cn",
                          "Startup Cost": 0.0,
                          "Total Cost": 4722.92,
                          "Plan Rows": 50137,
                          "Plan Width": 4,
                          "Actual Startup Time": 0.015,
                          "Actual Total Time": 14.079,
                          "Actual Rows": 42422,
                          "Actual Loops": 2,
                          "Filter": "((country_code)::text = '[us]'::text)",
                          "Rows Removed by Filter": 75077
                        },
                        {
                          "Node Type": "Hash",
                          "Parent Relationship": "Inner",
                          "Parallel Aware": true,
                          "Startup Cost": 748917.79,
                          "Total Cost": 748917.79,
                          "Plan Rows": 1,
                          "Plan Width": 40,
                          "Actual Startup Time": 3606.146,
                          "Actual Total Time": 3606.167,
                          "Actual Rows": 1,
                          "Actual Loops": 2,
                          "Hash Buckets": 1024,
                          "Original Hash Buckets": 1024,
                          "Hash Batches": 1,
                          "Original Hash Batches": 1,
                          "Peak Memory Usage": 40,
                          "Plans": [
                            {
                              "Node Type": "Hash Join",
                              "Parent Relationship": "Outer",
                              "Parallel Aware": true,
                              "Join Type": "Inner",
                              "Startup Cost": 701646.52,
                              "Total Cost": 748917.79,
                              "Plan Rows": 1,
                              "Plan Width": 40,
                              "Actual Startup Time": 3606.026,
                              "Actual Total Time": 3606.121,
                              "Actual Rows": 1,
                              "Actual Loops": 2,
                              "Inner Unique": false,
                              "Hash Cond": "(chn.id = ci.person_role_id)",
                              "Plans": [
                                {
                                  "Node Type": "Seq Scan",
                                  "Parent Relationship": "Outer",
                                  "Parallel Aware": true,
                                  "Relation Name": "char_name",
                                  "Alias": "chn",
                                  "Startup Cost": 0.0,
                                  "Total Cost": 44325.46,
                                  "Plan Rows": 785546,
                                  "Plan Width": 4,
                                  "Actual Startup Time": 0.011,
                                  "Actual Total Time": 170.276,
                                  "Actual Rows": 1570170,
                                  "Actual Loops": 2
                                },
                                {
                                  "Node Type": "Hash",
                                  "Parent Relationship": "Inner",
                                  "Parallel Aware": true,
                                  "Startup Cost": 701646.51,
                                  "Total Cost": 701646.51,
                                  "Plan Rows": 1,
                                  "Plan Width": 44,
                                  "Actual Startup Time": 3342.433,
                                  "Actual Total Time": 3342.452,
                                  "Actual Rows": 1,
                                  "Actual Loops": 2,
                                  "Hash Buckets": 1024,
                                  "Original Hash Buckets": 1024,
                                  "Hash Batches": 1,
                                  "Original Hash Batches": 1,
                                  "Peak Memory Usage": 72,
                                  "Plans": [
                                    {
                                      "Node Type": "Hash Join",
                                      "Parent Relationship": "Outer",
                                      "Parallel Aware": true,
                                      "Join Type": "Inner",
                                      "Startup Cost": 686579.68,
                                      "Total Cost": 701646.51,
                                      "Plan Rows": 1,
                                      "Plan Width": 44,
                                      "Actual Startup Time": 3333.426,
                                      "Actual Total Time": 3342.431,
                                      "Actual Rows": 1,
                                      "Actual Loops": 2,
                                      "Inner Unique": false,
                                      "Hash Cond": "(n.id = ci.person_id)",
                                      "Plans": [
                                        {
                                          "Node Type": "Hash Join",
                                          "Parent Relationship": "Outer",
                                          "Parallel Aware": true,
                                          "Join Type": "Inner",
                                          "Startup Cost": 71240.4,
                                          "Total Cost": 86307.19,
                                          "Plan Rows": 7,
                                          "Plan Width": 23,
                                          "Actual Startup Time": 365.771,
                                          "Actual Total Time": 374.763,
                                          "Actual Rows": 1,
                                          "Actual Loops": 2,
                                          "Inner Unique": true,
                                          "Hash Cond": "(an.person_id = n.id)",
                                          "Plans": [
                                            {
                                              "Node Type": "Seq Scan",
                                              "Parent Relationship": "Outer",
                                              "Parallel Aware": true,
                                              "Relation Name": "aka_name",
                                              "Alias": "an",
                                              "Startup Cost": 0.0,
                                              "Total Cost": 14303.56,
                                              "Plan Rows": 290756,
                                              "Plan Width": 4,
                                              "Actual Startup Time": 0.024,
                                              "Actual Total Time": 51.395,
                                              "Actual Rows": 450672,
                                              "Actual Loops": 2
                                            },
                                            {
                                              "Node Type": "Hash",
                                              "Parent Relationship": "Inner",
                                              "Parallel Aware": true,
                                              "Startup Cost": 71240.1,
                                              "Total Cost": 71240.1,
                                              "Plan Rows": 24,
                                              "Plan Width": 19,
                                              "Actual Startup Time": 296.134,
                                              "Actual Total Time": 296.135,
                                              "Actual Rows": 0,
                                              "Actual Loops": 2,
                                              "Hash Buckets": 1024,
                                              "Original Hash Buckets": 1024,
                                              "Hash Batches": 1,
                                              "Original Hash Batches": 1,
                                              "Peak Memory Usage": 40,
                                              "Plans": [
                                                {
                                                  "Node Type": "Seq Scan",
                                                  "Parent Relationship": "Outer",
                                                  "Parallel Aware": true,
                                                  "Relation Name": "name",
                                                  "Alias": "n",
                                                  "Startup Cost": 0.0,
                                                  "Total Cost": 71240.1,
                                                  "Plan Rows": 24,
                                                  "Plan Width": 19,
                                                  "Actual Startup Time": 245.232,
                                                  "Actual Total Time": 296.11,
                                                  "Actual Rows": 0,
                                                  "Actual Loops": 2,
                                                  "Filter": "((name ~~ '%Wilkner,%'::text) AND ((gender)::text = 'f'::text))",
                                                  "Rows Removed by Filter": 2083745
                                                }
                                              ]
                                            }
                                          ]
                                        },
                                        {
                                          "Node Type": "Hash",
                                          "Parent Relationship": "Inner",
                                          "Parallel Aware": true,
                                          "Startup Cost": 615339.27,
                                          "Total Cost": 615339.27,
                                          "Plan Rows": 1,
                                          "Plan Width": 33,
                                          "Actual Startup Time": 2967.61,
                                          "Actual Total Time": 2967.621,
                                          "Actual Rows": 0,
                                          "Actual Loops": 2,
                                          "Hash Buckets": 1024,
                                          "Original Hash Buckets": 1024,
                                          "Hash Batches": 1,
                                          "Original Hash Batches": 1,
                                          "Peak Memory Usage": 40,
                                          "Plans": [
                                            {
                                              "Node Type": "Hash Join",
                                              "Parent Relationship": "Outer",
                                              "Parallel Aware": true,
                                              "Join Type": "Inner",
                                              "Startup Cost": 287174.5,
                                              "Total Cost": 615339.27,
                                              "Plan Rows": 1,
                                              "Plan Width": 33,
                                              "Actual Startup Time": 2627.372,
                                              "Actual Total Time": 2967.602,
                                              "Actual Rows": 0,
                                              "Actual Loops": 2,
                                              "Inner Unique": false,
                                              "Hash Cond": "(ci.movie_id = t.id)",
                                              "Plans": [
                                                {
                                                  "Node Type": "Seq Scan",
                                                  "Parent Relationship": "Outer",
                                                  "Parallel Aware": true,
                                                  "Relation Name": "cast_info",
                                                  "Alias": "ci",
                                                  "Startup Cost": 0.0,
                                                  "Total Cost": 328163.97,
                                                  "Plan Rows": 209,
                                                  "Plan Width": 16,
                                                  "Actual Startup Time": 586.107,
                                                  "Actual Total Time": 1462.029,
                                                  "Actual Rows": 50,
                                                  "Actual Loops": 2,
                                                  "Filter": "(note = '(as April)'::text)",
                                                  "Rows Removed by Filter": 18122122
                                                },
                                                {
                                                  "Node Type": "Hash",
                                                  "Parent Relationship": "Inner",
                                                  "Parallel Aware": true,
                                                  "Startup Cost": 287174.49,
                                                  "Total Cost": 287174.49,
                                                  "Plan Rows": 1,
                                                  "Plan Width": 33,
                                                  "Actual Startup Time": 1505.498,
                                                  "Actual Total Time": 1505.507,
                                                  "Actual Rows": 82,
                                                  "Actual Loops": 2,
                                                  "Hash Buckets": 1024,
                                                  "Original Hash Buckets": 1024,
                                                  "Hash Batches": 1,
                                                  "Original Hash Batches": 1,
                                                  "Peak Memory Usage": 72,
                                                  "Plans": [
                                                    {
                                                      "Node Type": "Hash Join",
                                                      "Parent Relationship": "Outer",
                                                      "Parallel Aware": true,
                                                      "Join Type": "Inner",
                                                      "Startup Cost": 80663.86,
                                                      "Total Cost": 287174.49,
                                                      "Plan Rows": 1,
                                                      "Plan Width": 33,
                                                      "Actual Startup Time": 729.13,
                                                      "Actual Total Time": 1505.426,
                                                      "Actual Rows": 82,
                                                      "Actual Loops": 2,
                                                      "Inner Unique": false,
                                                      "Hash Cond": "(mi.movie_id = t.id)",
                                                      "Plans": [
                                                        {
                                                          "Node Type": "Hash Join",
                                                          "Parent Relationship": "Outer",
                                                          "Parallel Aware": false,
                                                          "Join Type": "Inner",
                                                          "Startup Cost": 2.43,
                                                          "Total Cost": 206513.03,
                                                          "Plan Rows": 3,
                                                          "Plan Width": 4,
                                                          "Actual Startup Time": 291.269,
                                                          "Actual Total Time": 1067.95,
                                                          "Actual Rows": 34739,
                                                          "Actual Loops": 2,
                                                          "Inner Unique": true,
                                                          "Hash Cond": "(mi.info_type_id = it.id)",
                                                          "Plans": [
                                                            {
                                                              "Node Type": "Seq Scan",
                                                              "Parent Relationship": "Outer",
                                                              "Parallel Aware": true,
                                                              "Relation Name": "movie_info",
                                                              "Alias": "mi",
                                                              "Startup Cost": 0.0,
                                                              "Total Cost": 206509.76,
                                                              "Plan Rows": 309,
                                                              "Plan Width": 8,
                                                              "Actual Startup Time": 291.187,
                                                              "Actual Total Time": 1062.24,
                                                              "Actual Rows": 34739,
                                                              "Actual Loops": 2,
                                                              "Filter": "((info IS NOT NULL) AND ((info ~~ 'Japan:%2007%'::text) OR (info ~~ 'USA:%2008%'::text)))",
                                                              "Rows Removed by Filter": 7383121
                                                            },
                                                            {
                                                              "Node Type": "Hash",
                                                              "Parent Relationship": "Inner",
                                                              "Parallel Aware": false,
                                                              "Startup Cost": 2.41,
                                                              "Total Cost": 2.41,
                                                              "Plan Rows": 1,
                                                              "Plan Width": 4,
                                                              "Actual Startup Time": 0.044,
                                                              "Actual Total Time": 0.045,
                                                              "Actual Rows": 1,
                                                              "Actual Loops": 2,
                                                              "Hash Buckets": 1024,
                                                              "Original Hash Buckets": 1024,
                                                              "Hash Batches": 1,
                                                              "Original Hash Batches": 1,
                                                              "Peak Memory Usage": 9,
                                                              "Plans": [
                                                                {
                                                                  "Node Type": "Seq Scan",
                                                                  "Parent Relationship": "Outer",
                                                                  "Parallel Aware": false,
                                                                  "Relation Name": "info_type",
                                                                  "Alias": "it",
                                                                  "Startup Cost": 0.0,
                                                                  "Total Cost": 2.41,
                                                                  "Plan Rows": 1,
                                                                  "Plan Width": 4,
                                                                  "Actual Startup Time": 0.031,
                                                                  "Actual Total Time": 0.036,
                                                                  "Actual Rows": 1,
                                                                  "Actual Loops": 2,
                                                                  "Filter": "((info)::text = 'release dates'::text)",
                                                                  "Rows Removed by Filter": 112
                                                                }
                                                              ]
                                                            }
                                                          ]
                                                        },
                                                        {
                                                          "Node Type": "Hash",
                                                          "Parent Relationship": "Inner",
                                                          "Parallel Aware": true,
                                                          "Startup Cost": 80661.42,
                                                          "Total Cost": 80661.42,
                                                          "Plan Rows": 1,
                                                          "Plan Width": 29,
                                                          "Actual Startup Time": 434.042,
                                                          "Actual Total Time": 434.046,
                                                          "Actual Rows": 284,
                                                          "Actual Loops": 2,
                                                          "Hash Buckets": 1024,
                                                          "Original Hash Buckets": 1024,
                                                          "Hash Batches": 1,
                                                          "Original Hash Batches": 1,
                                                          "Peak Memory Usage": 72,
                                                          "Plans": [
                                                            {
                                                              "Node Type": "Hash Join",
                                                              "Parent Relationship": "Outer",
                                                              "Parallel Aware": true,
                                                              "Join Type": "Inner",
                                                              "Startup Cost": 47059.16,
                                                              "Total Cost": 80661.42,
                                                              "Plan Rows": 1,
                                                              "Plan Width": 29,
                                                              "Actual Startup Time": 250.588,
                                                              "Actual Total Time": 433.868,
                                                              "Actual Rows": 284,
                                                              "Actual Loops": 2,
                                                              "Inner Unique": true,
                                                              "Hash Cond": "(mc.movie_id = t.id)",
                                                              "Plans": [
                                                                {
                                                                  "Node Type": "Seq Scan",
                                                                  "Parent Relationship": "Outer",
                                                                  "Parallel Aware": true,
                                                                  "Relation Name": "movie_companies",
                                                                  "Alias": "mc",
                                                                  "Startup Cost": 0.0,
                                                                  "Total Cost": 33518.95,
                                                                  "Plan Rows": 31735,
                                                                  "Plan Width": 8,
                                                                  "Actual Startup Time": 0.018,
                                                                  "Actual Total Time": 174.876,
                                                                  "Actual Rows": 99260,
                                                                  "Actual Loops": 2,
                                                                  "Filter": "((note ~~ '%(200%)%'::text) AND ((note ~~ '%(USA)%'::text) OR (note ~~ '%(worldwide)%'::text)))",
                                                                  "Rows Removed by Filter": 1205305
                                                                },
                                                                {
                                                                  "Node Type": "Hash",
                                                                  "Parent Relationship": "Inner",
                                                                  "Parallel Aware": true,
                                                                  "Startup Cost": 47058.86,
                                                                  "Total Cost": 47058.86,
                                                                  "Plan Rows": 24,
                                                                  "Plan Width": 21,
                                                                  "Actual Startup Time": 248.485,
                                                                  "Actual Total Time": 248.486,
                                                                  "Actual Rows": 2386,
                                                                  "Actual Loops": 2,
                                                                  "Hash Buckets": 4096,
                                                                  "Original Hash Buckets": 1024,
                                                                  "Hash Batches": 1,
                                                                  "Original Hash Batches": 1,
                                                                  "Peak Memory Usage": 376,
                                                                  "Plans": [
                                                                    {
                                                                      "Node Type": "Seq Scan",
                                                                      "Parent Relationship": "Outer",
                                                                      "Parallel Aware": true,
                                                                      "Relation Name": "title",
                                                                      "Alias": "t",
                                                                      "Startup Cost": 0.0,
                                                                      "Total Cost": 47058.86,
                                                                      "Plan Rows": 24,
                                                                      "Plan Width": 21,
                                                                      "Actual Startup Time": 0.672,
                                                                      "Actual Total Time": 235.495,
                                                                      "Actual Rows": 2386,
                                                                      "Actual Loops": 2,
                                                                      "Filter": "((title ~~ '%For%'::text) AND (production_year >= 2006) AND (production_year <= 2013))",
                                                                      "Rows Removed by Filter": 1261770
                                                                    }
                                                                  ]
                                                                }
                                                              ]
                                                            }
                                                          ]
                                                        }
                                                      ]
                                                    }
                                                  ]
                                                }
                                              ]
                                            }
                                          ]
                                        }
                                      ]
                                    }
                                  ]
                                }
                              ]
                            }
                          ]
                        }
                      ]
                    },
                    {
                      "Node Type": "Hash",
                      "Parent Relationship": "Inner",
                      "Parallel Aware": false,
                      "Startup Cost": 1.15,
                      "Total Cost": 1.15,
                      "Plan Rows": 1,
                      "Plan Width": 4,
                      "Actual Startup Time": 0.074,
                      "Actual Total Time": 0.075,
                      "Actual Rows": 1,
                      "Actual Loops": 2,
                      "Hash Buckets": 1024,
                      "Original Hash Buckets": 1024,
                      "Hash Batches": 1,
                      "Original Hash Batches": 1,
                      "Peak Memory Usage": 9,
                      "Plans": [
                        {
                          "Node Type": "Seq Scan",
                          "Parent Relationship": "Outer",
                          "Parallel Aware": false,
                          "Relation Name": "role_type",
                          "Alias": "rt",
                          "Startup Cost": 0.0,
                          "Total Cost": 1.15,
                          "Plan Rows": 1,
                          "Plan Width": 4,
                          "Actual Startup Time": 0.049,
                          "Actual Total Time": 0.052,
                          "Actual Rows": 1,
                          "Actual Loops": 2,
                          "Filter": "((role)::text = 'actress'::text)",
                          "Rows Removed by Filter": 11
                        }
                      ]
                    }
                  ]
                }
              ]
            }
          ]
        }
      ]
    },
    "Planning Time": 37.78,
    "Triggers": [],
    "Execution Time": 3822.928
  }
]