[
    {
        "Bao": {
            "Bao prediction": "NaN",
            "Bao recommended hint": "(no hint)"
        }
    },
    {
        "Plan": {
            "Node Type": "Aggregate",
            "Strategy": "Plain",
            "Partial Mode": "Finalize",
            "Parallel Aware": false,
            "Startup Cost": 339043.78,
            "Total Cost": 339043.79,
            "Plan Rows": 1,
            "Plan Width": 8,
            "Actual Startup Time": 726.796,
            "Actual Total Time": 754.908,
            "Actual Rows": 1,
            "Actual Loops": 1,
            "Output": [
                "count(*)"
            ],
            "Plans": [
                {
                    "Node Type": "Gather",
                    "Parent Relationship": "Outer",
                    "Parallel Aware": false,
                    "Startup Cost": 339043.16,
                    "Total Cost": 339043.77,
                    "Plan Rows": 6,
                    "Plan Width": 8,
                    "Actual Startup Time": 726.704,
                    "Actual Total Time": 754.892,
                    "Actual Rows": 7,
                    "Actual Loops": 1,
                    "Output": [
                        "(PARTIAL count(*))"
                    ],
                    "Workers Planned": 6,
                    "Workers Launched": 6,
                    "Single Copy": false,
                    "Plans": [
                        {
                            "Node Type": "Aggregate",
                            "Strategy": "Plain",
                            "Partial Mode": "Partial",
                            "Parent Relationship": "Outer",
                            "Parallel Aware": false,
                            "Startup Cost": 338043.16,
                            "Total Cost": 338043.17,
                            "Plan Rows": 1,
                            "Plan Width": 8,
                            "Actual Startup Time": 716.687,
                            "Actual Total Time": 716.687,
                            "Actual Rows": 1,
                            "Actual Loops": 7,
                            "Output": [
                                "PARTIAL count(*)"
                            ],
                            "Workers": [
                                {
                                    "Worker Number": 0,
                                    "Actual Startup Time": 714.248,
                                    "Actual Total Time": 714.249,
                                    "Actual Rows": 1,
                                    "Actual Loops": 1
                                },
                                {
                                    "Worker Number": 1,
                                    "Actual Startup Time": 714.497,
                                    "Actual Total Time": 714.498,
                                    "Actual Rows": 1,
                                    "Actual Loops": 1
                                },
                                {
                                    "Worker Number": 2,
                                    "Actual Startup Time": 714.814,
                                    "Actual Total Time": 714.815,
                                    "Actual Rows": 1,
                                    "Actual Loops": 1
                                },
                                {
                                    "Worker Number": 3,
                                    "Actual Startup Time": 715.51,
                                    "Actual Total Time": 715.511,
                                    "Actual Rows": 1,
                                    "Actual Loops": 1
                                },
                                {
                                    "Worker Number": 4,
                                    "Actual Startup Time": 715.663,
                                    "Actual Total Time": 715.664,
                                    "Actual Rows": 1,
                                    "Actual Loops": 1
                                },
                                {
                                    "Worker Number": 5,
                                    "Actual Startup Time": 716.076,
                                    "Actual Total Time": 716.078,
                                    "Actual Rows": 1,
                                    "Actual Loops": 1
                                }
                            ],
                            "Plans": [
                                {
                                    "Node Type": "Seq Scan",
                                    "Parent Relationship": "Outer",
                                    "Parallel Aware": true,
                                    "Relation Name": "cast_info",
                                    "Schema": "public",
                                    "Alias": "ci",
                                    "Startup Cost": 0.0,
                                    "Total Cost": 328213.62,
                                    "Plan Rows": 3931816,
                                    "Plan Width": 0,
                                    "Actual Startup Time": 135.942,
                                    "Actual Total Time": 569.885,
                                    "Actual Rows": 3368597,
                                    "Actual Loops": 7,
                                    "Output": [
                                        "id",
                                        "person_id",
                                        "movie_id",
                                        "person_role_id",
                                        "note",
                                        "nr_order",
                                        "role_id"
                                    ],
                                    "Filter": "(ci.person_id > 1249255)",
                                    "Rows Removed by Filter": 1809166,
                                    "Workers": [
                                        {
                                            "Worker Number": 0,
                                            "Actual Startup Time": 133.497,
                                            "Actual Total Time": 564.13,
                                            "Actual Rows": 2275974,
                                            "Actual Loops": 1
                                        },
                                        {
                                            "Worker Number": 1,
                                            "Actual Startup Time": 133.749,
                                            "Actual Total Time": 570.043,
                                            "Actual Rows": 3340098,
                                            "Actual Loops": 1
                                        },
                                        {
                                            "Worker Number": 2,
                                            "Actual Startup Time": 134.083,
                                            "Actual Total Time": 575.028,
                                            "Actual Rows": 3439730,
                                            "Actual Loops": 1
                                        },
                                        {
                                            "Worker Number": 3,
                                            "Actual Startup Time": 134.758,
                                            "Actual Total Time": 571.002,
                                            "Actual Rows": 3342719,
                                            "Actual Loops": 1
                                        },
                                        {
                                            "Worker Number": 4,
                                            "Actual Startup Time": 134.911,
                                            "Actual Total Time": 571.212,
                                            "Actual Rows": 3337472,
                                            "Actual Loops": 1
                                        },
                                        {
                                            "Worker Number": 5,
                                            "Actual Startup Time": 135.344,
                                            "Actual Total Time": 576.101,
                                            "Actual Rows": 3439196,
                                            "Actual Loops": 1
                                        }
                                    ]
                                }
                            ]
                        }
                    ]
                }
            ]
        },
        "Planning Time": 207.504,
        "Triggers": [],
        "Execution Time": 754.999
    }
]