[
    {
        "Bao": {
            "Bao prediction": "NaN",
            "Bao recommended hint": "(no hint)"
        }
    },
    {
        "Plan": {
            "Node Type": "Aggregate",
            "Strategy": "Plain",
            "Partial Mode": "Finalize",
            "Parallel Aware": false,
            "Startup Cost": 286136.38,
            "Total Cost": 286136.39,
            "Plan Rows": 1,
            "Plan Width": 8,
            "Actual Startup Time": 980.092,
            "Actual Total Time": 1013.681,
            "Actual Rows": 1,
            "Actual Loops": 1,
            "Output": [
                "count(*)"
            ],
            "Plans": [
                {
                    "Node Type": "Gather",
                    "Parent Relationship": "Outer",
                    "Parallel Aware": false,
                    "Startup Cost": 286135.86,
                    "Total Cost": 286136.37,
                    "Plan Rows": 5,
                    "Plan Width": 8,
                    "Actual Startup Time": 974.027,
                    "Actual Total Time": 1013.672,
                    "Actual Rows": 6,
                    "Actual Loops": 1,
                    "Output": [
                        "(PARTIAL count(*))"
                    ],
                    "Workers Planned": 5,
                    "Workers Launched": 5,
                    "Single Copy": false,
                    "Plans": [
                        {
                            "Node Type": "Aggregate",
                            "Strategy": "Plain",
                            "Partial Mode": "Partial",
                            "Parent Relationship": "Outer",
                            "Parallel Aware": false,
                            "Startup Cost": 285135.86,
                            "Total Cost": 285135.87,
                            "Plan Rows": 1,
                            "Plan Width": 8,
                            "Actual Startup Time": 964.399,
                            "Actual Total Time": 964.464,
                            "Actual Rows": 1,
                            "Actual Loops": 6,
                            "Output": [
                                "PARTIAL count(*)"
                            ],
                            "Workers": [
                                {
                                    "Worker Number": 0,
                                    "Actual Startup Time": 962.337,
                                    "Actual Total Time": 962.342,
                                    "Actual Rows": 1,
                                    "Actual Loops": 1
                                },
                                {
                                    "Worker Number": 1,
                                    "Actual Startup Time": 962.095,
                                    "Actual Total Time": 962.1,
                                    "Actual Rows": 1,
                                    "Actual Loops": 1
                                },
                                {
                                    "Worker Number": 2,
                                    "Actual Startup Time": 962.46,
                                    "Actual Total Time": 962.465,
                                    "Actual Rows": 1,
                                    "Actual Loops": 1
                                },
                                {
                                    "Worker Number": 3,
                                    "Actual Startup Time": 962.68,
                                    "Actual Total Time": 962.685,
                                    "Actual Rows": 1,
                                    "Actual Loops": 1
                                },
                                {
                                    "Worker Number": 4,
                                    "Actual Startup Time": 963.221,
                                    "Actual Total Time": 963.226,
                                    "Actual Rows": 1,
                                    "Actual Loops": 1
                                }
                            ],
                            "Plans": [
                                {
                                    "Node Type": "Hash Join",
                                    "Parent Relationship": "Outer",
                                    "Parallel Aware": true,
                                    "Join Type": "Inner",
                                    "Startup Cost": 79798.19,
                                    "Total Cost": 283927.22,
                                    "Plan Rows": 483453,
                                    "Plan Width": 0,
                                    "Actual Startup Time": 251.568,
                                    "Actual Total Time": 947.001,
                                    "Actual Rows": 304693,
                                    "Actual Loops": 6,
                                    "Inner Unique": false,
                                    "Hash Cond": "(mi.movie_id = t.id)",
                                    "Workers": [
                                        {
                                            "Worker Number": 0,
                                            "Actual Startup Time": 249.463,
                                            "Actual Total Time": 945.04,
                                            "Actual Rows": 251290,
                                            "Actual Loops": 1
                                        },
                                        {
                                            "Worker Number": 1,
                                            "Actual Startup Time": 249.581,
                                            "Actual Total Time": 945.149,
                                            "Actual Rows": 241804,
                                            "Actual Loops": 1
                                        },
                                        {
                                            "Worker Number": 2,
                                            "Actual Startup Time": 249.521,
                                            "Actual Total Time": 945.358,
                                            "Actual Rows": 248809,
                                            "Actual Loops": 1
                                        },
                                        {
                                            "Worker Number": 3,
                                            "Actual Startup Time": 250.101,
                                            "Actual Total Time": 944.715,
                                            "Actual Rows": 228490,
                                            "Actual Loops": 1
                                        },
                                        {
                                            "Worker Number": 4,
                                            "Actual Startup Time": 249.929,
                                            "Actual Total Time": 946.64,
                                            "Actual Rows": 396618,
                                            "Actual Loops": 1
                                        }
                                    ],
                                    "Plans": [
                                        {
                                            "Node Type": "Seq Scan",
                                            "Parent Relationship": "Outer",
                                            "Parallel Aware": true,
                                            "Relation Name": "movie_info",
                                            "Schema": "public",
                                            "Alias": "mi",
                                            "Startup Cost": 0.0,
                                            "Total Cost": 191503.19,
                                            "Plan Rows": 2951019,
                                            "Plan Width": 4,
                                            "Actual Startup Time": 0.018,
                                            "Actual Total Time": 335.578,
                                            "Actual Rows": 2472620,
                                            "Actual Loops": 6,
                                            "Output": [
                                                "mi.id",
                                                "mi.movie_id",
                                                "mi.info_type_id",
                                                "mi.info",
                                                "mi.note"
                                            ],
                                            "Workers": [
                                                {
                                                    "Worker Number": 0,
                                                    "Actual Startup Time": 0.019,
                                                    "Actual Total Time": 348.503,
                                                    "Actual Rows": 2014817,
                                                    "Actual Loops": 1
                                                },
                                                {
                                                    "Worker Number": 1,
                                                    "Actual Startup Time": 0.021,
                                                    "Actual Total Time": 342.915,
                                                    "Actual Rows": 1923521,
                                                    "Actual Loops": 1
                                                },
                                                {
                                                    "Worker Number": 2,
                                                    "Actual Startup Time": 0.02,
                                                    "Actual Total Time": 341.455,
                                                    "Actual Rows": 1991247,
                                                    "Actual Loops": 1
                                                },
                                                {
                                                    "Worker Number": 3,
                                                    "Actual Startup Time": 0.02,
                                                    "Actual Total Time": 352.794,
                                                    "Actual Rows": 1799360,
                                                    "Actual Loops": 1
                                                },
                                                {
                                                    "Worker Number": 4,
                                                    "Actual Startup Time": 0.017,
                                                    "Actual Total Time": 341.689,
                                                    "Actual Rows": 3200420,
                                                    "Actual Loops": 1
                                                }
                                            ]
                                        },
                                        {
                                            "Node Type": "Hash",
                                            "Parent Relationship": "Inner",
                                            "Parallel Aware": true,
                                            "Startup Cost": 78128.02,
                                            "Total Cost": 78128.02,
                                            "Plan Rows": 133614,
                                            "Plan Width": 8,
                                            "Actual Startup Time": 249.251,
                                            "Actual Total Time": 249.315,
                                            "Actual Rows": 32552,
                                            "Actual Loops": 6,
                                            "Output": [
                                                "t.id",
                                                "mc.movie_id"
                                            ],
                                            "Hash Buckets": 524288,
                                            "Original Hash Buckets": 524288,
                                            "Hash Batches": 1,
                                            "Original Hash Batches": 1,
                                            "Peak Memory Usage": 11840,
                                            "Workers": [
                                                {
                                                    "Worker Number": 0,
                                                    "Actual Startup Time": 247.791,
                                                    "Actual Total Time": 247.794,
                                                    "Actual Rows": 28118,
                                                    "Actual Loops": 1
                                                },
                                                {
                                                    "Worker Number": 1,
                                                    "Actual Startup Time": 247.992,
                                                    "Actual Total Time": 247.996,
                                                    "Actual Rows": 27433,
                                                    "Actual Loops": 1
                                                },
                                                {
                                                    "Worker Number": 2,
                                                    "Actual Startup Time": 248.35,
                                                    "Actual Total Time": 248.353,
                                                    "Actual Rows": 28240,
                                                    "Actual Loops": 1
                                                },
                                                {
                                                    "Worker Number": 3,
                                                    "Actual Startup Time": 248.551,
                                                    "Actual Total Time": 248.555,
                                                    "Actual Rows": 25772,
                                                    "Actual Loops": 1
                                                },
                                                {
                                                    "Worker Number": 4,
                                                    "Actual Startup Time": 249.07,
                                                    "Actual Total Time": 249.073,
                                                    "Actual Rows": 40315,
                                                    "Actual Loops": 1
                                                }
                                            ],
                                            "Plans": [
                                                {
                                                    "Node Type": "Hash Join",
                                                    "Parent Relationship": "Outer",
                                                    "Parallel Aware": true,
                                                    "Join Type": "Inner",
                                                    "Startup Cost": 47027.45,
                                                    "Total Cost": 78128.02,
                                                    "Plan Rows": 133614,
                                                    "Plan Width": 8,
                                                    "Actual Startup Time": 111.87,
                                                    "Actual Total Time": 236.812,
                                                    "Actual Rows": 32552,
                                                    "Actual Loops": 6,
                                                    "Output": [
                                                        "t.id",
                                                        "mc.movie_id"
                                                    ],
                                                    "Inner Unique": true,
                                                    "Hash Cond": "(mc.movie_id = t.id)",
                                                    "Workers": [
                                                        {
                                                            "Worker Number": 0,
                                                            "Actual Startup Time": 110.532,
                                                            "Actual Total Time": 235.944,
                                                            "Actual Rows": 28118,
                                                            "Actual Loops": 1
                                                        },
                                                        {
                                                            "Worker Number": 1,
                                                            "Actual Startup Time": 110.349,
                                                            "Actual Total Time": 234.227,
                                                            "Actual Rows": 27433,
                                                            "Actual Loops": 1
                                                        },
                                                        {
                                                            "Worker Number": 2,
                                                            "Actual Startup Time": 110.669,
                                                            "Actual Total Time": 235.521,
                                                            "Actual Rows": 28240,
                                                            "Actual Loops": 1
                                                        },
                                                        {
                                                            "Worker Number": 3,
                                                            "Actual Startup Time": 111.547,
                                                            "Actual Total Time": 236.604,
                                                            "Actual Rows": 25772,
                                                            "Actual Loops": 1
                                                        },
                                                        {
                                                            "Worker Number": 4,
                                                            "Actual Startup Time": 111.965,
                                                            "Actual Total Time": 236.39,
                                                            "Actual Rows": 40315,
                                                            "Actual Loops": 1
                                                        }
                                                    ],
                                                    "Plans": [
                                                        {
                                                            "Node Type": "Seq Scan",
                                                            "Parent Relationship": "Outer",
                                                            "Parallel Aware": true,
                                                            "Relation Name": "movie_companies",
                                                            "Schema": "public",
                                                            "Alias": "mc",
                                                            "Startup Cost": 0.0,
                                                            "Total Cost": 29310.68,
                                                            "Plan Rows": 681863,
                                                            "Plan Width": 4,
                                                            "Actual Startup Time": 0.065,
                                                            "Actual Total Time": 62.529,
                                                            "Actual Rows": 353435,
                                                            "Actual Loops": 6,
                                                            "Output": [
                                                                "mc.id",
                                                                "mc.movie_id",
                                                                "mc.company_id",
                                                                "mc.company_type_id",
                                                                "mc.note"
                                                            ],
                                                            "Filter": "(mc.company_id > 426)",
                                                            "Rows Removed by Filter": 81420,
                                                            "Workers": [
                                                                {
                                                                    "Worker Number": 0,
                                                                    "Actual Startup Time": 0.033,
                                                                    "Actual Total Time": 64.69,
                                                                    "Actual Rows": 303581,
                                                                    "Actual Loops": 1
                                                                },
                                                                {
                                                                    "Worker Number": 1,
                                                                    "Actual Startup Time": 0.038,
                                                                    "Actual Total Time": 63.095,
                                                                    "Actual Rows": 291677,
                                                                    "Actual Loops": 1
                                                                },
                                                                {
                                                                    "Worker Number": 2,
                                                                    "Actual Startup Time": 0.129,
                                                                    "Actual Total Time": 63.101,
                                                                    "Actual Rows": 295152,
                                                                    "Actual Loops": 1
                                                                },
                                                                {
                                                                    "Worker Number": 3,
                                                                    "Actual Startup Time": 0.034,
                                                                    "Actual Total Time": 67.605,
                                                                    "Actual Rows": 270753,
                                                                    "Actual Loops": 1
                                                                },
                                                                {
                                                                    "Worker Number": 4,
                                                                    "Actual Startup Time": 0.028,
                                                                    "Actual Total Time": 61.702,
                                                                    "Actual Rows": 458890,
                                                                    "Actual Loops": 1
                                                                }
                                                            ]
                                                        },
                                                        {
                                                            "Node Type": "Hash",
                                                            "Parent Relationship": "Inner",
                                                            "Parallel Aware": true,
                                                            "Startup Cost": 45479.21,
                                                            "Total Cost": 45479.21,
                                                            "Plan Rows": 123859,
                                                            "Plan Width": 4,
                                                            "Actual Startup Time": 110.833,
                                                            "Actual Total Time": 110.834,
                                                            "Actual Rows": 60277,
                                                            "Actual Loops": 6,
                                                            "Output": [
                                                                "t.id"
                                                            ],
                                                            "Hash Buckets": 524288,
                                                            "Original Hash Buckets": 524288,
                                                            "Hash Batches": 1,
                                                            "Original Hash Batches": 1,
                                                            "Peak Memory Usage": 18368,
                                                            "Workers": [
                                                                {
                                                                    "Worker Number": 0,
                                                                    "Actual Startup Time": 109.994,
                                                                    "Actual Total Time": 109.995,
                                                                    "Actual Rows": 46211,
                                                                    "Actual Loops": 1
                                                                },
                                                                {
                                                                    "Worker Number": 1,
                                                                    "Actual Startup Time": 110.089,
                                                                    "Actual Total Time": 110.09,
                                                                    "Actual Rows": 45931,
                                                                    "Actual Loops": 1
                                                                },
                                                                {
                                                                    "Worker Number": 2,
                                                                    "Actual Startup Time": 110.431,
                                                                    "Actual Total Time": 110.433,
                                                                    "Actual Rows": 45891,
                                                                    "Actual Loops": 1
                                                                },
                                                                {
                                                                    "Worker Number": 3,
                                                                    "Actual Startup Time": 110.644,
                                                                    "Actual Total Time": 110.645,
                                                                    "Actual Rows": 43899,
                                                                    "Actual Loops": 1
                                                                },
                                                                {
                                                                    "Worker Number": 4,
                                                                    "Actual Startup Time": 111.196,
                                                                    "Actual Total Time": 111.197,
                                                                    "Actual Rows": 66727,
                                                                    "Actual Loops": 1
                                                                }
                                                            ],
                                                            "Plans": [
                                                                {
                                                                    "Node Type": "Seq Scan",
                                                                    "Parent Relationship": "Outer",
                                                                    "Parallel Aware": true,
                                                                    "Relation Name": "title",
                                                                    "Schema": "public",
                                                                    "Alias": "t",
                                                                    "Startup Cost": 0.0,
                                                                    "Total Cost": 45479.21,
                                                                    "Plan Rows": 123859,
                                                                    "Plan Width": 4,
                                                                    "Actual Startup Time": 0.039,
                                                                    "Actual Total Time": 86.438,
                                                                    "Actual Rows": 60277,
                                                                    "Actual Loops": 6,
                                                                    "Output": [
                                                                        "t.id"
                                                                    ],
                                                                    "Filter": "((t.kind_id > 2) AND (t.production_year < 1991))",
                                                                    "Rows Removed by Filter": 361108,
                                                                    "Workers": [
                                                                        {
                                                                            "Worker Number": 0,
                                                                            "Actual Startup Time": 0.04,
                                                                            "Actual Total Time": 86.446,
                                                                            "Actual Rows": 46211,
                                                                            "Actual Loops": 1
                                                                        },
                                                                        {
                                                                            "Worker Number": 1,
                                                                            "Actual Startup Time": 0.049,
                                                                            "Actual Total Time": 87.904,
                                                                            "Actual Rows": 45931,
                                                                            "Actual Loops": 1
                                                                        },
                                                                        {
                                                                            "Worker Number": 2,
                                                                            "Actual Startup Time": 0.038,
                                                                            "Actual Total Time": 87.459,
                                                                            "Actual Rows": 45891,
                                                                            "Actual Loops": 1
                                                                        },
                                                                        {
                                                                            "Worker Number": 3,
                                                                            "Actual Startup Time": 0.05,
                                                                            "Actual Total Time": 89.914,
                                                                            "Actual Rows": 43899,
                                                                            "Actual Loops": 1
                                                                        },
                                                                        {
                                                                            "Worker Number": 4,
                                                                            "Actual Startup Time": 0.045,
                                                                            "Actual Total Time": 86.558,
                                                                            "Actual Rows": 66727,
                                                                            "Actual Loops": 1
                                                                        }
                                                                    ]
                                                                }
                                                            ]
                                                        }
                                                    ]
                                                }
                                            ]
                                        }
                                    ]
                                }
                            ]
                        }
                    ]
                }
            ]
        },
        "Planning Time": 185.531,
        "Triggers": [],
        "Execution Time": 1013.764
    }
]