[
  {
    "Plan": {
      "Node Type": "Aggregate",
      "Strategy": "Plain",
      "Partial Mode": "Finalize",
      "Parallel Aware": false,
      "Startup Cost": 209219.77,
      "Total Cost": 209219.78,
      "Plan Rows": 1,
      "Plan Width": 8,
      "Actual Startup Time": 1308.323,
      "Actual Total Time": 1345.035,
      "Actual Rows": 1,
      "Actual Loops": 1,
      "Plans": [
        {
          "Node Type": "Gather",
          "Parent Relationship": "Outer",
          "Parallel Aware": false,
          "Startup Cost": 209219.46,
          "Total Cost": 209219.77,
          "Plan Rows": 3,
          "Plan Width": 8,
          "Actual Startup Time": 1297.655,
          "Actual Total Time": 1345.026,
          "Actual Rows": 4,
          "Actual Loops": 1,
          "Workers Planned": 3,
          "Workers Launched": 3,
          "Single Copy": false,
          "Plans": [
            {
              "Node Type": "Aggregate",
              "Strategy": "Plain",
              "Partial Mode": "Partial",
              "Parent Relationship": "Outer",
              "Parallel Aware": false,
              "Startup Cost": 208219.46,
              "Total Cost": 208219.47,
              "Plan Rows": 1,
              "Plan Width": 8,
              "Actual Startup Time": 1289.53,
              "Actual Total Time": 1289.537,
              "Actual Rows": 1,
              "Actual Loops": 4,
              "Plans": [
                {
                  "Node Type": "Hash Join",
                  "Parent Relationship": "Outer",
                  "Parallel Aware": true,
                  "Join Type": "Inner",
                  "Startup Cost": 177481.82,
                  "Total Cost": 208032.02,
                  "Plan Rows": 74976,
                  "Plan Width": 0,
                  "Actual Startup Time": 913.893,
                  "Actual Total Time": 1221.23,
                  "Actual Rows": 1691552,
                  "Actual Loops": 4,
                  "Inner Unique": false,
                  "Hash Cond": "(mc.movie_id = t.id)",
                  "Plans": [
                    {
                      "Node Type": "Seq Scan",
                      "Parent Relationship": "Outer",
                      "Parallel Aware": true,
                      "Relation Name": "movie_companies",
                      "Alias": "mc",
                      "Startup Cost": 0.0,
                      "Total Cost": 27206.55,
                      "Plan Rows": 841655,
                      "Plan Width": 4,
                      "Actual Startup Time": 0.012,
                      "Actual Total Time": 56.383,
                      "Actual Rows": 652282,
                      "Actual Loops": 4
                    },
                    {
                      "Node Type": "Hash",
                      "Parent Relationship": "Inner",
                      "Parallel Aware": true,
                      "Startup Cost": 176777.96,
                      "Total Cost": 176777.96,
                      "Plan Rows": 56309,
                      "Plan Width": 8,
                      "Actual Startup Time": 910.688,
                      "Actual Total Time": 910.692,
                      "Actual Rows": 419312,
                      "Actual Loops": 4,
                      "Hash Buckets": 2097152,
                      "Original Hash Buckets": 262144,
                      "Hash Batches": 1,
                      "Original Hash Batches": 1,
                      "Peak Memory Usage": 96384,
                      "Plans": [
                        {
                          "Node Type": "Hash Join",
                          "Parent Relationship": "Outer",
                          "Parallel Aware": true,
                          "Join Type": "Inner",
                          "Startup Cost": 127235.09,
                          "Total Cost": 176777.96,
                          "Plan Rows": 56309,
                          "Plan Width": 8,
                          "Actual Startup Time": 403.472,
                          "Actual Total Time": 771.594,
                          "Actual Rows": 419312,
                          "Actual Loops": 4,
                          "Inner Unique": false,
                          "Hash Cond": "(t.id = ci.movie_id)",
                          "Plans": [
                            {
                              "Node Type": "Seq Scan",
                              "Parent Relationship": "Outer",
                              "Parallel Aware": true,
                              "Relation Name": "title",
                              "Alias": "t",
                              "Startup Cost": 0.0,
                              "Total Cost": 42319.06,
                              "Plan Rows": 632106,
                              "Plan Width": 4,
                              "Actual Startup Time": 0.017,
                              "Actual Total Time": 77.659,
                              "Actual Rows": 632078,
                              "Actual Loops": 4
                            },
                            {
                              "Node Type": "Hash",
                              "Parent Relationship": "Inner",
                              "Parallel Aware": true,
                              "Startup Cost": 126672.01,
                              "Total Cost": 126672.01,
                              "Plan Rows": 45047,
                              "Plan Width": 4,
                              "Actual Startup Time": 402.127,
                              "Actual Total Time": 402.128,
                              "Actual Rows": 419312,
                              "Actual Loops": 4,
                              "Hash Buckets": 2097152,
                              "Original Hash Buckets": 262144,
                              "Hash Batches": 1,
                              "Original Hash Batches": 1,
                              "Peak Memory Usage": 96384,
                              "Plans": [
                                {
                                  "Node Type": "Index Scan",
                                  "Parent Relationship": "Outer",
                                  "Parallel Aware": true,
                                  "Scan Direction": "Forward",
                                  "Index Name": "role_id_cast_info",
                                  "Relation Name": "cast_info",
                                  "Alias": "ci",
                                  "Startup Cost": 0.56,
                                  "Total Cost": 126672.01,
                                  "Plan Rows": 45047,
                                  "Plan Width": 4,
                                  "Actual Startup Time": 80.612,
                                  "Actual Total Time": 229.678,
                                  "Actual Rows": 419312,
                                  "Actual Loops": 4,
                                  "Index Cond": "(role_id > 9)",
                                  "Rows Removed by Index Recheck": 0,
                                  "Filter": "(person_id > 3729404)",
                                  "Rows Removed by Filter": 740472
                                }
                              ]
                            }
                          ]
                        }
                      ]
                    }
                  ]
                }
              ]
            }
          ]
        }
      ]
    },
    "Planning Time": 1.493,
    "Triggers": [],
    "Execution Time": 1345.13
  }
]