[
  {
    "Plan": {
      "Node Type": "Aggregate",
      "Strategy": "Plain",
      "Partial Mode": "Simple",
      "Parallel Aware": false,
      "Startup Cost": 31618.87,
      "Total Cost": 31618.88,
      "Plan Rows": 1,
      "Plan Width": 8,
      "Actual Startup Time": 7.149,
      "Actual Total Time": 7.151,
      "Actual Rows": 1,
      "Actual Loops": 1,
      "Plans": [
        {
          "Node Type": "Bitmap Heap Scan",
          "Parent Relationship": "Outer",
          "Parallel Aware": false,
          "Relation Name": "movie_info",
          "Alias": "mi",
          "Startup Cost": 180.82,
          "Total Cost": 31594.23,
          "Plan Rows": 9856,
          "Plan Width": 0,
          "Actual Startup Time": 1.497,
          "Actual Total Time": 6.525,
          "Actual Rows": 6536,
          "Actual Loops": 1,
          "Recheck Cond": "(info_type_id = 66)",
          "Rows Removed by Index Recheck": 0,
          "Exact Heap Blocks": 1314,
          "Lossy Heap Blocks": 0,
          "Plans": [
            {
              "Node Type": "Bitmap Index Scan",
              "Parent Relationship": "Outer",
              "Parallel Aware": false,
              "Index Name": "info_type_id_movie_info",
              "Startup Cost": 0.0,
              "Total Cost": 178.36,
              "Plan Rows": 9856,
              "Plan Width": 0,
              "Actual Startup Time": 0.831,
              "Actual Total Time": 0.831,
              "Actual Rows": 6536,
              "Actual Loops": 1,
              "Index Cond": "(info_type_id = 66)"
            }
          ]
        }
      ]
    },
    "Planning Time": 0.118,
    "Triggers": [],
    "Execution Time": 7.197
  }
]