[
  {
    "Plan": {
      "Node Type": "Aggregate",
      "Strategy": "Plain",
      "Partial Mode": "Finalize",
      "Parallel Aware": false,
      "Startup Cost": 102486.42,
      "Total Cost": 102486.43,
      "Plan Rows": 1,
      "Plan Width": 8,
      "Actual Startup Time": 462.254,
      "Actual Total Time": 485.41,
      "Actual Rows": 1,
      "Actual Loops": 1,
      "Plans": [
        {
          "Node Type": "Gather",
          "Parent Relationship": "Outer",
          "Parallel Aware": false,
          "Startup Cost": 102486.11,
          "Total Cost": 102486.42,
          "Plan Rows": 3,
          "Plan Width": 8,
          "Actual Startup Time": 458.439,
          "Actual Total Time": 485.399,
          "Actual Rows": 4,
          "Actual Loops": 1,
          "Workers Planned": 3,
          "Workers Launched": 3,
          "Single Copy": false,
          "Plans": [
            {
              "Node Type": "Aggregate",
              "Strategy": "Plain",
              "Partial Mode": "Partial",
              "Parent Relationship": "Outer",
              "Parallel Aware": false,
              "Startup Cost": 101486.11,
              "Total Cost": 101486.12,
              "Plan Rows": 1,
              "Plan Width": 8,
              "Actual Startup Time": 449.732,
              "Actual Total Time": 449.736,
              "Actual Rows": 1,
              "Actual Loops": 4,
              "Plans": [
                {
                  "Node Type": "Nested Loop",
                  "Parent Relationship": "Outer",
                  "Parallel Aware": false,
                  "Join Type": "Inner",
                  "Startup Cost": 45611.66,
                  "Total Cost": 101423.38,
                  "Plan Rows": 25089,
                  "Plan Width": 0,
                  "Actual Startup Time": 109.184,
                  "Actual Total Time": 433.788,
                  "Actual Rows": 356316,
                  "Actual Loops": 4,
                  "Inner Unique": false,
                  "Join Filter": "(t.id = mk.movie_id)",
                  "Rows Removed by Join Filter": 0,
                  "Plans": [
                    {
                      "Node Type": "Hash Join",
                      "Parent Relationship": "Outer",
                      "Parallel Aware": true,
                      "Join Type": "Inner",
                      "Startup Cost": 45611.22,
                      "Total Cost": 75027.11,
                      "Plan Rows": 14022,
                      "Plan Width": 8,
                      "Actual Startup Time": 108.556,
                      "Actual Total Time": 239.437,
                      "Actual Rows": 17804,
                      "Actual Loops": 4,
                      "Inner Unique": true,
                      "Hash Cond": "(mc.movie_id = t.id)",
                      "Plans": [
                        {
                          "Node Type": "Seq Scan",
                          "Parent Relationship": "Outer",
                          "Parallel Aware": true,
                          "Relation Name": "movie_companies",
                          "Alias": "mc",
                          "Startup Cost": 0.0,
                          "Total Cost": 27206.55,
                          "Plan Rows": 841655,
                          "Plan Width": 4,
                          "Actual Startup Time": 0.019,
                          "Actual Total Time": 61.113,
                          "Actual Rows": 652282,
                          "Actual Loops": 4
                        },
                        {
                          "Node Type": "Hash",
                          "Parent Relationship": "Inner",
                          "Parallel Aware": true,
                          "Startup Cost": 45479.59,
                          "Total Cost": 45479.59,
                          "Plan Rows": 10531,
                          "Plan Width": 4,
                          "Actual Startup Time": 107.083,
                          "Actual Total Time": 107.083,
                          "Actual Rows": 8476,
                          "Actual Loops": 4,
                          "Hash Buckets": 65536,
                          "Original Hash Buckets": 65536,
                          "Hash Batches": 1,
                          "Original Hash Batches": 1,
                          "Peak Memory Usage": 1920,
                          "Plans": [
                            {
                              "Node Type": "Seq Scan",
                              "Parent Relationship": "Outer",
                              "Parallel Aware": true,
                              "Relation Name": "title",
                              "Alias": "t",
                              "Startup Cost": 0.0,
                              "Total Cost": 45479.59,
                              "Plan Rows": 10531,
                              "Plan Width": 4,
                              "Actual Startup Time": 0.122,
                              "Actual Total Time": 103.274,
                              "Actual Rows": 8476,
                              "Actual Loops": 4,
                              "Filter": "((kind_id < 7) AND (production_year = 2006))",
                              "Rows Removed by Filter": 623602
                            }
                          ]
                        }
                      ]
                    },
                    {
                      "Node Type": "Index Only Scan",
                      "Parent Relationship": "Inner",
                      "Parallel Aware": false,
                      "Scan Direction": "Forward",
                      "Index Name": "movie_id_movie_keyword",
                      "Relation Name": "movie_keyword",
                      "Alias": "mk",
                      "Startup Cost": 0.43,
                      "Total Cost": 1.31,
                      "Plan Rows": 46,
                      "Plan Width": 4,
                      "Actual Startup Time": 0.006,
                      "Actual Total Time": 0.009,
                      "Actual Rows": 20,
                      "Actual Loops": 71217,
                      "Index Cond": "(movie_id = mc.movie_id)",
                      "Rows Removed by Index Recheck": 0,
                      "Heap Fetches": 1425264
                    }
                  ]
                }
              ]
            }
          ]
        }
      ]
    },
    "Planning Time": 2.19,
    "Triggers": [],
    "Execution Time": 485.519
  }
]