[
  {
    "Plan": {
      "Node Type": "Aggregate",
      "Strategy": "Plain",
      "Partial Mode": "Finalize",
      "Parallel Aware": false,
      "Startup Cost": 69012.03,
      "Total Cost": 69012.04,
      "Plan Rows": 1,
      "Plan Width": 8,
      "Actual Startup Time": 190.746,
      "Actual Total Time": 204.128,
      "Actual Rows": 1,
      "Actual Loops": 1,
      "Plans": [
        {
          "Node Type": "Gather",
          "Parent Relationship": "Outer",
          "Parallel Aware": false,
          "Startup Cost": 69011.61,
          "Total Cost": 69012.02,
          "Plan Rows": 4,
          "Plan Width": 8,
          "Actual Startup Time": 189.919,
          "Actual Total Time": 204.121,
          "Actual Rows": 5,
          "Actual Loops": 1,
          "Workers Planned": 4,
          "Workers Launched": 4,
          "Single Copy": false,
          "Plans": [
            {
              "Node Type": "Aggregate",
              "Strategy": "Plain",
              "Partial Mode": "Partial",
              "Parent Relationship": "Outer",
              "Parallel Aware": false,
              "Startup Cost": 68011.61,
              "Total Cost": 68011.62,
              "Plan Rows": 1,
              "Plan Width": 8,
              "Actual Startup Time": 180.034,
              "Actual Total Time": 180.037,
              "Actual Rows": 1,
              "Actual Loops": 5,
              "Plans": [
                {
                  "Node Type": "Hash Join",
                  "Parent Relationship": "Outer",
                  "Parallel Aware": true,
                  "Join Type": "Inner",
                  "Startup Cost": 21080.84,
                  "Total Cost": 67988.2,
                  "Plan Rows": 9364,
                  "Plan Width": 0,
                  "Actual Startup Time": 40.316,
                  "Actual Total Time": 179.13,
                  "Actual Rows": 13283,
                  "Actual Loops": 5,
                  "Inner Unique": false,
                  "Hash Cond": "(t.id = mc.movie_id)",
                  "Plans": [
                    {
                      "Node Type": "Seq Scan",
                      "Parent Relationship": "Outer",
                      "Parallel Aware": true,
                      "Relation Name": "title",
                      "Alias": "t",
                      "Startup Cost": 0.0,
                      "Total Cost": 43898.92,
                      "Plan Rows": 595647,
                      "Plan Width": 4,
                      "Actual Startup Time": 0.019,
                      "Actual Total Time": 78.482,
                      "Actual Rows": 475670,
                      "Actual Loops": 5,
                      "Filter": "(production_year > 1917)",
                      "Rows Removed by Filter": 29992
                    },
                    {
                      "Node Type": "Hash",
                      "Parent Relationship": "Inner",
                      "Parallel Aware": true,
                      "Startup Cost": 20920.58,
                      "Total Cost": 20920.58,
                      "Plan Rows": 12821,
                      "Plan Width": 4,
                      "Actual Startup Time": 38.936,
                      "Actual Total Time": 38.937,
                      "Actual Rows": 13304,
                      "Actual Loops": 5,
                      "Hash Buckets": 65536,
                      "Original Hash Buckets": 65536,
                      "Hash Batches": 1,
                      "Original Hash Batches": 1,
                      "Peak Memory Usage": 3200,
                      "Plans": [
                        {
                          "Node Type": "Bitmap Heap Scan",
                          "Parent Relationship": "Outer",
                          "Parallel Aware": true,
                          "Relation Name": "movie_companies",
                          "Alias": "mc",
                          "Startup Cost": 1739.91,
                          "Total Cost": 20920.58,
                          "Plan Rows": 12821,
                          "Plan Width": 4,
                          "Actual Startup Time": 9.927,
                          "Actual Total Time": 32.049,
                          "Actual Rows": 13304,
                          "Actual Loops": 5,
                          "Recheck Cond": "(company_id < 19)",
                          "Rows Removed by Index Recheck": 0,
                          "Filter": "(company_type_id = 1)",
                          "Rows Removed by Filter": 3510,
                          "Exact Heap Blocks": 5305,
                          "Lossy Heap Blocks": 0,
                          "Plans": [
                            {
                              "Node Type": "Bitmap Index Scan",
                              "Parent Relationship": "Outer",
                              "Parallel Aware": false,
                              "Index Name": "company_id_movie_companies",
                              "Startup Cost": 0.0,
                              "Total Cost": 1729.97,
                              "Plan Rows": 80739,
                              "Plan Width": 0,
                              "Actual Startup Time": 12.79,
                              "Actual Total Time": 12.79,
                              "Actual Rows": 84071,
                              "Actual Loops": 1,
                              "Index Cond": "(company_id < 19)"
                            }
                          ]
                        }
                      ]
                    }
                  ]
                }
              ]
            }
          ]
        }
      ]
    },
    "Planning Time": 0.737,
    "Triggers": [],
    "Execution Time": 204.22
  }
]