{
  "Plan": {
    "Node Type": "Aggregate",
    "Strategy": "Plain",
    "Partial Mode": "Finalize",
    "Parallel Aware": false,
    "Startup Cost": 397467.14,
    "Total Cost": 397467.15,
    "Plan Rows": 1,
    "Plan Width": 8,
    "Actual Startup Time": 2591.9,
    "Actual Total Time": 2617.281,
    "Actual Rows": 1,
    "Actual Loops": 1,
    "Plans": [
      {
        "Node Type": "Gather",
        "Parent Relationship": "Outer",
        "Parallel Aware": false,
        "Startup Cost": 397467.02,
        "Total Cost": 397467.13,
        "Plan Rows": 1,
        "Plan Width": 8,
        "Actual Startup Time": 2584.353,
        "Actual Total Time": 2617.275,
        "Actual Rows": 2,
        "Actual Loops": 1,
        "Workers Planned": 1,
        "Workers Launched": 1,
        "Single Copy": false,
        "Plans": [
          {
            "Node Type": "Aggregate",
            "Strategy": "Plain",
            "Partial Mode": "Partial",
            "Parent Relationship": "Outer",
            "Parallel Aware": false,
            "Startup Cost": 396467.02,
            "Total Cost": 396467.03,
            "Plan Rows": 1,
            "Plan Width": 8,
            "Actual Startup Time": 2578.215,
            "Actual Total Time": 2578.219,
            "Actual Rows": 1,
            "Actual Loops": 2,
            "Plans": [
              {
                "Node Type": "Merge Join",
                "Parent Relationship": "Outer",
                "Parallel Aware": false,
                "Join Type": "Inner",
                "Startup Cost": 252282.96,
                "Total Cost": 395136.52,
                "Plan Rows": 532202,
                "Plan Width": 0,
                "Actual Startup Time": 1426.768,
                "Actual Total Time": 2395.323,
                "Actual Rows": 4360572,
                "Actual Loops": 2,
                "Inner Unique": false,
                "Merge Cond": "(mc.movie_id = t.id)",
                "Plans": [
                  {
                    "Node Type": "Index Only Scan",
                    "Parent Relationship": "Outer",
                    "Parallel Aware": true,
                    "Scan Direction": "Forward",
                    "Index Name": "movie_id_movie_companies",
                    "Relation Name": "movie_companies",
                    "Alias": "mc",
                    "Startup Cost": 0.43,
                    "Total Cost": 129315.97,
                    "Plan Rows": 1534782,
                    "Plan Width": 4,
                    "Actual Startup Time": 0.113,
                    "Actual Total Time": 329.772,
                    "Actual Rows": 1304564,
                    "Actual Loops": 2,
                    "Heap Fetches": 2609129
                  },
                  {
                    "Node Type": "Sort",
                    "Parent Relationship": "Inner",
                    "Parallel Aware": false,
                    "Startup Cost": 252282.44,
                    "Total Cost": 254474.23,
                    "Plan Rows": 876713,
                    "Plan Width": 8,
                    "Actual Startup Time": 1424.043,
                    "Actual Total Time": 1599.753,
                    "Actual Rows": 4996209,
                    "Actual Loops": 2,
                    "Sort Key": [
                      "t.id"
                    ],
                    "Sort Method": "quicksort",
                    "Sort Space Used": 105836,
                    "Sort Space Type": "Memory",
                    "Workers": [
                      {
                        "Worker Number": 0,
                        "Sort Method": "quicksort",
                        "Sort Space Used": 105836,
                        "Sort Space Type": "Memory"
                      }
                    ],
                    "Plans": [
                      {
                        "Node Type": "Hash Join",
                        "Parent Relationship": "Outer",
                        "Parallel Aware": false,
                        "Join Type": "Inner",
                        "Startup Cost": 77007.31,
                        "Total Cost": 165743.22,
                        "Plan Rows": 876713,
                        "Plan Width": 8,
                        "Actual Startup Time": 450.916,
                        "Actual Total Time": 1190.346,
                        "Actual Rows": 1209240,
                        "Actual Loops": 2,
                        "Inner Unique": true,
                        "Hash Cond": "(mk.movie_id = t.id)",
                        "Plans": [
                          {
                            "Node Type": "Seq Scan",
                            "Parent Relationship": "Outer",
                            "Parallel Aware": false,
                            "Relation Name": "movie_keyword",
                            "Alias": "mk",
                            "Startup Cost": 0.0,
                            "Total Cost": 81003.12,
                            "Plan Rows": 2945818,
                            "Plan Width": 4,
                            "Actual Startup Time": 1.593,
                            "Actual Total Time": 384.034,
                            "Actual Rows": 2927300,
                            "Actual Loops": 2,
                            "Filter": "(keyword_id > 2447)",
                            "Rows Removed by Filter": 1596630
                          },
                          {
                            "Node Type": "Hash",
                            "Parent Relationship": "Inner",
                            "Parallel Aware": false,
                            "Startup Cost": 67601.66,
                            "Total Cost": 67601.66,
                            "Plan Rows": 752452,
                            "Plan Width": 4,
                            "Actual Startup Time": 437.864,
                            "Actual Total Time": 437.865,
                            "Actual Rows": 755902,
                            "Actual Loops": 2,
                            "Hash Buckets": 1048576,
                            "Original Hash Buckets": 1048576,
                            "Hash Batches": 1,
                            "Original Hash Batches": 1,
                            "Peak Memory Usage": 34767,
                            "Plans": [
                              {
                                "Node Type": "Seq Scan",
                                "Parent Relationship": "Outer",
                                "Parallel Aware": false,
                                "Relation Name": "title",
                                "Alias": "t",
                                "Startup Cost": 0.0,
                                "Total Cost": 67601.66,
                                "Plan Rows": 752452,
                                "Plan Width": 4,
                                "Actual Startup Time": 0.039,
                                "Actual Total Time": 263.73,
                                "Actual Rows": 755902,
                                "Actual Loops": 2,
                                "Filter": "(production_year < 1993)",
                                "Rows Removed by Filter": 1772410
                              }
                            ]
                          }
                        ]
                      }
                    ]
                  }
                ]
              }
            ]
          }
        ]
      }
    ]
  },
  "Planning Time": 1.034,
  "Triggers": [],
  "Execution Time": 2630.878
}