{
  "Plan": {
    "Node Type": "Aggregate",
    "Strategy": "Plain",
    "Partial Mode": "Finalize",
    "Parallel Aware": false,
    "Startup Cost": 116812.45,
    "Total Cost": 116812.46,
    "Plan Rows": 1,
    "Plan Width": 8,
    "Actual Startup Time": 291.394,
    "Actual Total Time": 309.011,
    "Actual Rows": 1,
    "Actual Loops": 1,
    "Plans": [
      {
        "Node Type": "Gather",
        "Parent Relationship": "Outer",
        "Parallel Aware": false,
        "Startup Cost": 116812.33,
        "Total Cost": 116812.44,
        "Plan Rows": 1,
        "Plan Width": 8,
        "Actual Startup Time": 290.759,
        "Actual Total Time": 309.003,
        "Actual Rows": 2,
        "Actual Loops": 1,
        "Workers Planned": 1,
        "Workers Launched": 1,
        "Single Copy": false,
        "Plans": [
          {
            "Node Type": "Aggregate",
            "Strategy": "Plain",
            "Partial Mode": "Partial",
            "Parent Relationship": "Outer",
            "Parallel Aware": false,
            "Startup Cost": 115812.33,
            "Total Cost": 115812.34,
            "Plan Rows": 1,
            "Plan Width": 8,
            "Actual Startup Time": 284.15,
            "Actual Total Time": 284.154,
            "Actual Rows": 1,
            "Actual Loops": 2,
            "Plans": [
              {
                "Node Type": "Nested Loop",
                "Parent Relationship": "Outer",
                "Parallel Aware": false,
                "Join Type": "Inner",
                "Startup Cost": 69973.46,
                "Total Cost": 115772.7,
                "Plan Rows": 15855,
                "Plan Width": 0,
                "Actual Startup Time": 232.135,
                "Actual Total Time": 283.785,
                "Actual Rows": 6434,
                "Actual Loops": 2,
                "Inner Unique": false,
                "Join Filter": "(t.id = mk.movie_id)",
                "Rows Removed by Join Filter": 0,
                "Plans": [
                  {
                    "Node Type": "Hash Join",
                    "Parent Relationship": "Outer",
                    "Parallel Aware": true,
                    "Join Type": "Inner",
                    "Startup Cost": 69973.03,
                    "Total Cost": 93462.25,
                    "Plan Rows": 8861,
                    "Plan Width": 8,
                    "Actual Startup Time": 232.018,
                    "Actual Total Time": 266.297,
                    "Actual Rows": 2152,
                    "Actual Loops": 2,
                    "Inner Unique": true,
                    "Hash Cond": "(mc.movie_id = t.id)",
                    "Plans": [
                      {
                        "Node Type": "Bitmap Heap Scan",
                        "Parent Relationship": "Outer",
                        "Parallel Aware": true,
                        "Relation Name": "movie_companies",
                        "Alias": "mc",
                        "Startup Cost": 10538.91,
                        "Total Cost": 33644.66,
                        "Plan Rows": 146084,
                        "Plan Width": 4,
                        "Actual Startup Time": 57.179,
                        "Actual Total Time": 77.51,
                        "Actual Rows": 65866,
                        "Actual Loops": 2,
                        "Recheck Cond": "(company_id < 428)",
                        "Rows Removed by Index Recheck": 0,
                        "Filter": "(company_type_id > 1)",
                        "Rows Removed by Filter": 178400,
                        "Exact Heap Blocks": 12334,
                        "Lossy Heap Blocks": 0,
                        "Plans": [
                          {
                            "Node Type": "Bitmap Index Scan",
                            "Parent Relationship": "Outer",
                            "Parallel Aware": false,
                            "Index Name": "company_id_movie_companies",
                            "Startup Cost": 0.0,
                            "Total Cost": 10476.82,
                            "Plan Rows": 489119,
                            "Plan Width": 0,
                            "Actual Startup Time": 17.789,
                            "Actual Total Time": 17.79,
                            "Actual Rows": 488533,
                            "Actual Loops": 1,
                            "Index Cond": "(company_id < 428)"
                          }
                        ]
                      },
                      {
                        "Node Type": "Hash",
                        "Parent Relationship": "Inner",
                        "Parallel Aware": true,
                        "Startup Cost": 58306.47,
                        "Total Cost": 58306.47,
                        "Plan Rows": 90212,
                        "Plan Width": 4,
                        "Actual Startup Time": 171.408,
                        "Actual Total Time": 171.409,
                        "Actual Rows": 67380,
                        "Actual Loops": 2,
                        "Hash Buckets": 262144,
                        "Original Hash Buckets": 262144,
                        "Hash Batches": 1,
                        "Original Hash Batches": 1,
                        "Peak Memory Usage": 7328,
                        "Plans": [
                          {
                            "Node Type": "Seq Scan",
                            "Parent Relationship": "Outer",
                            "Parallel Aware": true,
                            "Relation Name": "title",
                            "Alias": "t",
                            "Startup Cost": 0.0,
                            "Total Cost": 58306.47,
                            "Plan Rows": 90212,
                            "Plan Width": 4,
                            "Actual Startup Time": 0.084,
                            "Actual Total Time": 152.642,
                            "Actual Rows": 67380,
                            "Actual Loops": 2,
                            "Filter": "((kind_id < 7) AND (production_year > 2010))",
                            "Rows Removed by Filter": 1196776
                          }
                        ]
                      }
                    ]
                  },
                  {
                    "Node Type": "Index Only Scan",
                    "Parent Relationship": "Inner",
                    "Parallel Aware": false,
                    "Scan Direction": "Forward",
                    "Index Name": "movie_id_movie_keyword",
                    "Relation Name": "movie_keyword",
                    "Alias": "mk",
                    "Startup Cost": 0.43,
                    "Total Cost": 1.96,
                    "Plan Rows": 45,
                    "Plan Width": 4,
                    "Actual Startup Time": 0.007,
                    "Actual Total Time": 0.007,
                    "Actual Rows": 3,
                    "Actual Loops": 4304,
                    "Index Cond": "(movie_id = mc.movie_id)",
                    "Rows Removed by Index Recheck": 0,
                    "Heap Fetches": 12867
                  }
                ]
              }
            ]
          }
        ]
      }
    ]
  },
  "Planning Time": 1.03,
  "Triggers": [],
  "Execution Time": 309.148
}