{
  "Plan": {
    "Node Type": "Aggregate",
    "Strategy": "Plain",
    "Partial Mode": "Finalize",
    "Parallel Aware": false,
    "Startup Cost": 123024.85,
    "Total Cost": 123024.86,
    "Plan Rows": 1,
    "Plan Width": 8,
    "Actual Startup Time": 875.709,
    "Actual Total Time": 944.417,
    "Actual Rows": 1,
    "Actual Loops": 1,
    "Plans": [
      {
        "Node Type": "Gather",
        "Parent Relationship": "Outer",
        "Parallel Aware": false,
        "Startup Cost": 123024.73,
        "Total Cost": 123024.84,
        "Plan Rows": 1,
        "Plan Width": 8,
        "Actual Startup Time": 875.466,
        "Actual Total Time": 944.408,
        "Actual Rows": 2,
        "Actual Loops": 1,
        "Workers Planned": 1,
        "Workers Launched": 1,
        "Single Copy": false,
        "Plans": [
          {
            "Node Type": "Aggregate",
            "Strategy": "Plain",
            "Partial Mode": "Partial",
            "Parent Relationship": "Outer",
            "Parallel Aware": false,
            "Startup Cost": 122024.73,
            "Total Cost": 122024.74,
            "Plan Rows": 1,
            "Plan Width": 8,
            "Actual Startup Time": 869.224,
            "Actual Total Time": 869.228,
            "Actual Rows": 1,
            "Actual Loops": 2,
            "Plans": [
              {
                "Node Type": "Nested Loop",
                "Parent Relationship": "Outer",
                "Parallel Aware": false,
                "Join Type": "Inner",
                "Startup Cost": 20577.94,
                "Total Cost": 121547.49,
                "Plan Rows": 190896,
                "Plan Width": 0,
                "Actual Startup Time": 190.168,
                "Actual Total Time": 854.747,
                "Actual Rows": 286174,
                "Actual Loops": 2,
                "Inner Unique": false,
                "Plans": [
                  {
                    "Node Type": "Hash Join",
                    "Parent Relationship": "Outer",
                    "Parallel Aware": true,
                    "Join Type": "Inner",
                    "Startup Cost": 20577.38,
                    "Total Cost": 80853.16,
                    "Plan Rows": 18748,
                    "Plan Width": 8,
                    "Actual Startup Time": 190.043,
                    "Actual Total Time": 280.321,
                    "Actual Rows": 14794,
                    "Actual Loops": 2,
                    "Inner Unique": false,
                    "Hash Cond": "(t.id = mc.movie_id)",
                    "Plans": [
                      {
                        "Node Type": "Seq Scan",
                        "Parent Relationship": "Outer",
                        "Parallel Aware": true,
                        "Relation Name": "title",
                        "Alias": "t",
                        "Startup Cost": 0.0,
                        "Total Cost": 50870.31,
                        "Plan Rows": 1487231,
                        "Plan Width": 4,
                        "Actual Startup Time": 0.016,
                        "Actual Total Time": 119.657,
                        "Actual Rows": 1264156,
                        "Actual Loops": 2
                      },
                      {
                        "Node Type": "Hash",
                        "Parent Relationship": "Inner",
                        "Parallel Aware": true,
                        "Startup Cost": 20343.03,
                        "Total Cost": 20343.03,
                        "Plan Rows": 18748,
                        "Plan Width": 4,
                        "Actual Startup Time": 19.254,
                        "Actual Total Time": 19.255,
                        "Actual Rows": 14794,
                        "Actual Loops": 2,
                        "Hash Buckets": 32768,
                        "Original Hash Buckets": 32768,
                        "Hash Batches": 1,
                        "Original Hash Batches": 1,
                        "Peak Memory Usage": 1440,
                        "Plans": [
                          {
                            "Node Type": "Bitmap Heap Scan",
                            "Parent Relationship": "Outer",
                            "Parallel Aware": true,
                            "Relation Name": "movie_companies",
                            "Alias": "mc",
                            "Startup Cost": 691.43,
                            "Total Cost": 20343.03,
                            "Plan Rows": 18748,
                            "Plan Width": 4,
                            "Actual Startup Time": 2.525,
                            "Actual Total Time": 13.138,
                            "Actual Rows": 14794,
                            "Actual Loops": 2,
                            "Recheck Cond": "(company_id > 208053)",
                            "Rows Removed by Index Recheck": 0,
                            "Exact Heap Blocks": 944,
                            "Lossy Heap Blocks": 0,
                            "Plans": [
                              {
                                "Node Type": "Bitmap Index Scan",
                                "Parent Relationship": "Outer",
                                "Parallel Aware": false,
                                "Index Name": "company_id_movie_companies",
                                "Startup Cost": 0.0,
                                "Total Cost": 683.46,
                                "Plan Rows": 31871,
                                "Plan Width": 0,
                                "Actual Startup Time": 4.373,
                                "Actual Total Time": 4.373,
                                "Actual Rows": 29589,
                                "Actual Loops": 1,
                                "Index Cond": "(company_id > 208053)"
                              }
                            ]
                          }
                        ]
                      }
                    ]
                  },
                  {
                    "Node Type": "Index Scan",
                    "Parent Relationship": "Inner",
                    "Parallel Aware": false,
                    "Scan Direction": "Forward",
                    "Index Name": "movie_id_cast_info",
                    "Relation Name": "cast_info",
                    "Alias": "ci",
                    "Startup Cost": 0.56,
                    "Total Cost": 1.91,
                    "Plan Rows": 26,
                    "Plan Width": 4,
                    "Actual Startup Time": 0.012,
                    "Actual Total Time": 0.037,
                    "Actual Rows": 19,
                    "Actual Loops": 29589,
                    "Index Cond": "(movie_id = t.id)",
                    "Rows Removed by Index Recheck": 0,
                    "Filter": "(person_id > 1033588)",
                    "Rows Removed by Filter": 8
                  }
                ]
              }
            ]
          }
        ]
      }
    ]
  },
  "Planning Time": 1.049,
  "Triggers": [],
  "Execution Time": 944.561
}