{
    "Plan": {
        "Node Type": "Aggregate",
        "Strategy": "Plain",
        "Partial Mode": "Simple",
        "Parallel Aware": false,
        "Startup Cost": 7493.74,
        "Total Cost": 7493.75,
        "Plan Rows": 1,
        "Plan Width": 96,
        "Actual Startup Time": 794.732,
        "Actual Total Time": 794.741,
        "Actual Rows": 1,
        "Actual Loops": 1,
        "Plans": [
            {
                "Node Type": "Nested Loop",
                "Parent Relationship": "Outer",
                "Parallel Aware": false,
                "Join Type": "Inner",
                "Startup Cost": 9.37,
                "Total Cost": 7493.74,
                "Plan Rows": 1,
                "Plan Width": 41,
                "Actual Startup Time": 3.484,
                "Actual Total Time": 793.261,
                "Actual Rows": 4803,
                "Actual Loops": 1,
                "Inner Unique": true,
                "Join Filter": "(t.kind_id = kt.id)",
                "Rows Removed by Join Filter": 481,
                "Plans": [
                    {
                        "Node Type": "Nested Loop",
                        "Parent Relationship": "Outer",
                        "Parallel Aware": false,
                        "Join Type": "Inner",
                        "Startup Cost": 9.37,
                        "Total Cost": 7492.62,
                        "Plan Rows": 1,
                        "Plan Width": 45,
                        "Actual Startup Time": 3.475,
                        "Actual Total Time": 780.272,
                        "Actual Rows": 4979,
                        "Actual Loops": 1,
                        "Inner Unique": true,
                        "Join Filter": "(mi.info_type_id = it1.id)",
                        "Rows Removed by Join Filter": 563,
                        "Plans": [
                            {
                                "Node Type": "Nested Loop",
                                "Parent Relationship": "Outer",
                                "Parallel Aware": false,
                                "Join Type": "Inner",
                                "Startup Cost": 9.37,
                                "Total Cost": 7490.2,
                                "Plan Rows": 1,
                                "Plan Width": 49,
                                "Actual Startup Time": 3.468,
                                "Actual Total Time": 756.36,
                                "Actual Rows": 5542,
                                "Actual Loops": 1,
                                "Inner Unique": false,
                                "Join Filter": "(t.id = mi.movie_id)",
                                "Rows Removed by Join Filter": 0,
                                "Plans": [
                                    {
                                        "Node Type": "Nested Loop",
                                        "Parent Relationship": "Outer",
                                        "Parallel Aware": false,
                                        "Join Type": "Inner",
                                        "Startup Cost": 8.93,
                                        "Total Cost": 7488.3,
                                        "Plan Rows": 1,
                                        "Plan Width": 65,
                                        "Actual Startup Time": 3.439,
                                        "Actual Total Time": 450.142,
                                        "Actual Rows": 4558,
                                        "Actual Loops": 1,
                                        "Inner Unique": true,
                                        "Plans": [
                                            {
                                                "Node Type": "Nested Loop",
                                                "Parent Relationship": "Outer",
                                                "Parallel Aware": false,
                                                "Join Type": "Inner",
                                                "Startup Cost": 8.5,
                                                "Total Cost": 7487.81,
                                                "Plan Rows": 1,
                                                "Plan Width": 40,
                                                "Actual Startup Time": 3.424,
                                                "Actual Total Time": 422.243,
                                                "Actual Rows": 8934,
                                                "Actual Loops": 1,
                                                "Inner Unique": true,
                                                "Join Filter": "(mc.company_type_id = ct.id)",
                                                "Rows Removed by Join Filter": 0,
                                                "Plans": [
                                                    {
                                                        "Node Type": "Nested Loop",
                                                        "Parent Relationship": "Outer",
                                                        "Parallel Aware": false,
                                                        "Join Type": "Inner",
                                                        "Startup Cost": 8.5,
                                                        "Total Cost": 7486.72,
                                                        "Plan Rows": 1,
                                                        "Plan Width": 44,
                                                        "Actual Startup Time": 3.417,
                                                        "Actual Total Time": 398.046,
                                                        "Actual Rows": 8934,
                                                        "Actual Loops": 1,
                                                        "Inner Unique": true,
                                                        "Plans": [
                                                            {
                                                                "Node Type": "Nested Loop",
                                                                "Parent Relationship": "Outer",
                                                                "Parallel Aware": false,
                                                                "Join Type": "Inner",
                                                                "Startup Cost": 8.08,
                                                                "Total Cost": 7486.19,
                                                                "Plan Rows": 1,
                                                                "Plan Width": 29,
                                                                "Actual Startup Time": 3.406,
                                                                "Actual Total Time": 371.602,
                                                                "Actual Rows": 9535,
                                                                "Actual Loops": 1,
                                                                "Inner Unique": false,
                                                                "Plans": [
                                                                    {
                                                                        "Node Type": "Nested Loop",
                                                                        "Parent Relationship": "Outer",
                                                                        "Parallel Aware": false,
                                                                        "Join Type": "Inner",
                                                                        "Startup Cost": 7.65,
                                                                        "Total Cost": 7485.61,
                                                                        "Plan Rows": 1,
                                                                        "Plan Width": 17,
                                                                        "Actual Startup Time": 3.388,
                                                                        "Actual Total Time": 329.628,
                                                                        "Actual Rows": 3662,
                                                                        "Actual Loops": 1,
                                                                        "Inner Unique": true,
                                                                        "Join Filter": "(cc.status_id = cct2.id)",
                                                                        "Rows Removed by Join Filter": 14257,
                                                                        "Plans": [
                                                                            {
                                                                                "Node Type": "Nested Loop",
                                                                                "Parent Relationship": "Outer",
                                                                                "Parallel Aware": false,
                                                                                "Join Type": "Inner",
                                                                                "Startup Cost": 7.65,
                                                                                "Total Cost": 7484.52,
                                                                                "Plan Rows": 1,
                                                                                "Plan Width": 21,
                                                                                "Actual Startup Time": 3.383,
                                                                                "Actual Total Time": 314.513,
                                                                                "Actual Rows": 5973,
                                                                                "Actual Loops": 1,
                                                                                "Inner Unique": true,
                                                                                "Join Filter": "(cc.subject_id = cct1.id)",
                                                                                "Rows Removed by Join Filter": 13371,
                                                                                "Plans": [
                                                                                    {
                                                                                        "Node Type": "Nested Loop",
                                                                                        "Parent Relationship": "Outer",
                                                                                        "Parallel Aware": false,
                                                                                        "Join Type": "Inner",
                                                                                        "Startup Cost": 7.65,
                                                                                        "Total Cost": 7483.46,
                                                                                        "Plan Rows": 1,
                                                                                        "Plan Width": 25,
                                                                                        "Actual Startup Time": 3.13,
                                                                                        "Actual Total Time": 259.278,
                                                                                        "Actual Rows": 19344,
                                                                                        "Actual Loops": 1,
                                                                                        "Inner Unique": false,
                                                                                        "Plans": [
                                                                                            {
                                                                                                "Node Type": "Nested Loop",
                                                                                                "Parent Relationship": "Outer",
                                                                                                "Parallel Aware": false,
                                                                                                "Join Type": "Inner",
                                                                                                "Startup Cost": 7.23,
                                                                                                "Total Cost": 7482.03,
                                                                                                "Plan Rows": 3,
                                                                                                "Plan Width": 13,
                                                                                                "Actual Startup Time": 2.775,
                                                                                                "Actual Total Time": 200.583,
                                                                                                "Actual Rows": 31800,
                                                                                                "Actual Loops": 1,
                                                                                                "Inner Unique": false,
                                                                                                "Join Filter": "(mi_idx.info_type_id = it2.id)",
                                                                                                "Rows Removed by Join Filter": 62093,
                                                                                                "Plans": [
                                                                                                    {
                                                                                                        "Node Type": "Seq Scan",
                                                                                                        "Parent Relationship": "Outer",
                                                                                                        "Parallel Aware": false,
                                                                                                        "Relation Name": "info_type",
                                                                                                        "Alias": "it2",
                                                                                                        "Startup Cost": 0.0,
                                                                                                        "Total Cost": 2.41,
                                                                                                        "Plan Rows": 1,
                                                                                                        "Plan Width": 4,
                                                                                                        "Actual Startup Time": 0.021,
                                                                                                        "Actual Total Time": 0.024,
                                                                                                        "Actual Rows": 1,
                                                                                                        "Actual Loops": 1,
                                                                                                        "Filter": "((info)::text = 'rating'::text)",
                                                                                                        "Rows Removed by Filter": 112
                                                                                                    },
                                                                                                    {
                                                                                                        "Node Type": "Nested Loop",
                                                                                                        "Parent Relationship": "Inner",
                                                                                                        "Parallel Aware": false,
                                                                                                        "Join Type": "Inner",
                                                                                                        "Startup Cost": 7.23,
                                                                                                        "Total Cost": 7474.82,
                                                                                                        "Plan Rows": 384,
                                                                                                        "Plan Width": 17,
                                                                                                        "Actual Startup Time": 2.75,
                                                                                                        "Actual Total Time": 193.161,
                                                                                                        "Actual Rows": 93893,
                                                                                                        "Actual Loops": 1,
                                                                                                        "Inner Unique": false,
                                                                                                        "Plans": [
                                                                                                            {
                                                                                                                "Node Type": "Nested Loop",
                                                                                                                "Parent Relationship": "Outer",
                                                                                                                "Parallel Aware": false,
                                                                                                                "Join Type": "Inner",
                                                                                                                "Startup Cost": 6.8,
                                                                                                                "Total Cost": 7403.56,
                                                                                                                "Plan Rows": 135,
                                                                                                                "Plan Width": 4,
                                                                                                                "Actual Startup Time": 2.729,
                                                                                                                "Actual Total Time": 71.534,
                                                                                                                "Actual Rows": 37091,
                                                                                                                "Actual Loops": 1,
                                                                                                                "Inner Unique": false,
                                                                                                                "Plans": [
                                                                                                                    {
                                                                                                                        "Node Type": "Seq Scan",
                                                                                                                        "Parent Relationship": "Outer",
                                                                                                                        "Parallel Aware": false,
                                                                                                                        "Relation Name": "keyword",
                                                                                                                        "Alias": "k",
                                                                                                                        "Startup Cost": 0.0,
                                                                                                                        "Total Cost": 2961.55,
                                                                                                                        "Plan Rows": 4,
                                                                                                                        "Plan Width": 4,
                                                                                                                        "Actual Startup Time": 0.785,
                                                                                                                        "Actual Total Time": 14.602,
                                                                                                                        "Actual Rows": 3,
                                                                                                                        "Actual Loops": 1,
                                                                                                                        "Filter": "(keyword = ANY ('{murder,murder-in-title,blood,violence}'::text[]))",
                                                                                                                        "Rows Removed by Filter": 134167
                                                                                                                    },
                                                                                                                    {
                                                                                                                        "Node Type": "Bitmap Heap Scan",
                                                                                                                        "Parent Relationship": "Inner",
                                                                                                                        "Parallel Aware": false,
                                                                                                                        "Relation Name": "movie_keyword",
                                                                                                                        "Alias": "mk",
                                                                                                                        "Startup Cost": 6.8,
                                                                                                                        "Total Cost": 1107.44,
                                                                                                                        "Plan Rows": 306,
                                                                                                                        "Plan Width": 8,
                                                                                                                        "Actual Startup Time": 1.997,
                                                                                                                        "Actual Total Time": 17.726,
                                                                                                                        "Actual Rows": 12364,
                                                                                                                        "Actual Loops": 3,
                                                                                                                        "Recheck Cond": "(keyword_id = k.id)",
                                                                                                                        "Rows Removed by Index Recheck": 0,
                                                                                                                        "Exact Heap Blocks": 26312,
                                                                                                                        "Lossy Heap Blocks": 0,
                                                                                                                        "Plans": [
                                                                                                                            {
                                                                                                                                "Node Type": "Bitmap Index Scan",
                                                                                                                                "Parent Relationship": "Outer",
                                                                                                                                "Parallel Aware": false,
                                                                                                                                "Index Name": "keyword_id_movie_keyword",
                                                                                                                                "Startup Cost": 0.0,
                                                                                                                                "Total Cost": 6.73,
                                                                                                                                "Plan Rows": 306,
                                                                                                                                "Plan Width": 0,
                                                                                                                                "Actual Startup Time": 0.995,
                                                                                                                                "Actual Total Time": 0.995,
                                                                                                                                "Actual Rows": 12364,
                                                                                                                                "Actual Loops": 3,
                                                                                                                                "Index Cond": "(keyword_id = k.id)"
                                                                                                                            }
                                                                                                                        ]
                                                                                                                    }
                                                                                                                ]
                                                                                                            },
                                                                                                            {
                                                                                                                "Node Type": "Index Scan",
                                                                                                                "Parent Relationship": "Inner",
                                                                                                                "Parallel Aware": false,
                                                                                                                "Scan Direction": "Forward",
                                                                                                                "Index Name": "movie_id_movie_info_idx",
                                                                                                                "Relation Name": "movie_info_idx",
                                                                                                                "Alias": "mi_idx",
                                                                                                                "Startup Cost": 0.43,
                                                                                                                "Total Cost": 0.5,
                                                                                                                "Plan Rows": 3,
                                                                                                                "Plan Width": 13,
                                                                                                                "Actual Startup Time": 0.002,
                                                                                                                "Actual Total Time": 0.003,
                                                                                                                "Actual Rows": 3,
                                                                                                                "Actual Loops": 37091,
                                                                                                                "Index Cond": "(movie_id = mk.movie_id)",
                                                                                                                "Rows Removed by Index Recheck": 0,
                                                                                                                "Filter": "(info < '8.5'::text)",
                                                                                                                "Rows Removed by Filter": 0
                                                                                                            }
                                                                                                        ]
                                                                                                    }
                                                                                                ]
                                                                                            },
                                                                                            {
                                                                                                "Node Type": "Index Scan",
                                                                                                "Parent Relationship": "Inner",
                                                                                                "Parallel Aware": false,
                                                                                                "Scan Direction": "Forward",
                                                                                                "Index Name": "movie_id_complete_cast",
                                                                                                "Relation Name": "complete_cast",
                                                                                                "Alias": "cc",
                                                                                                "Startup Cost": 0.42,
                                                                                                "Total Cost": 0.46,
                                                                                                "Plan Rows": 2,
                                                                                                "Plan Width": 12,
                                                                                                "Actual Startup Time": 0.001,
                                                                                                "Actual Total Time": 0.002,
                                                                                                "Actual Rows": 1,
                                                                                                "Actual Loops": 31800,
                                                                                                "Index Cond": "(movie_id = mk.movie_id)",
                                                                                                "Rows Removed by Index Recheck": 0
                                                                                            }
                                                                                        ]
                                                                                    },
                                                                                    {
                                                                                        "Node Type": "Seq Scan",
                                                                                        "Parent Relationship": "Inner",
                                                                                        "Parallel Aware": false,
                                                                                        "Relation Name": "comp_cast_type",
                                                                                        "Alias": "cct1",
                                                                                        "Startup Cost": 0.0,
                                                                                        "Total Cost": 1.05,
                                                                                        "Plan Rows": 1,
                                                                                        "Plan Width": 4,
                                                                                        "Actual Startup Time": 0.001,
                                                                                        "Actual Total Time": 0.001,
                                                                                        "Actual Rows": 1,
                                                                                        "Actual Loops": 19344,
                                                                                        "Filter": "((kind)::text = 'crew'::text)",
                                                                                        "Rows Removed by Filter": 2
                                                                                    }
                                                                                ]
                                                                            },
                                                                            {
                                                                                "Node Type": "Seq Scan",
                                                                                "Parent Relationship": "Inner",
                                                                                "Parallel Aware": false,
                                                                                "Relation Name": "comp_cast_type",
                                                                                "Alias": "cct2",
                                                                                "Startup Cost": 0.0,
                                                                                "Total Cost": 1.05,
                                                                                "Plan Rows": 3,
                                                                                "Plan Width": 4,
                                                                                "Actual Startup Time": 0.001,
                                                                                "Actual Total Time": 0.001,
                                                                                "Actual Rows": 3,
                                                                                "Actual Loops": 5973,
                                                                                "Filter": "((kind)::text <> 'complete+verified'::text)",
                                                                                "Rows Removed by Filter": 0
                                                                            }
                                                                        ]
                                                                    },
                                                                    {
                                                                        "Node Type": "Index Scan",
                                                                        "Parent Relationship": "Inner",
                                                                        "Parallel Aware": false,
                                                                        "Scan Direction": "Forward",
                                                                        "Index Name": "movie_id_movie_companies",
                                                                        "Relation Name": "movie_companies",
                                                                        "Alias": "mc",
                                                                        "Startup Cost": 0.43,
                                                                        "Total Cost": 0.57,
                                                                        "Plan Rows": 1,
                                                                        "Plan Width": 12,
                                                                        "Actual Startup Time": 0.007,
                                                                        "Actual Total Time": 0.011,
                                                                        "Actual Rows": 3,
                                                                        "Actual Loops": 3662,
                                                                        "Index Cond": "(movie_id = mk.movie_id)",
                                                                        "Rows Removed by Index Recheck": 0,
                                                                        "Filter": "((note !~~ '%(USA)%'::text) AND (note ~~ '%(200%)%'::text))",
                                                                        "Rows Removed by Filter": 9
                                                                    }
                                                                ]
                                                            },
                                                            {
                                                                "Node Type": "Index Scan",
                                                                "Parent Relationship": "Inner",
                                                                "Parallel Aware": false,
                                                                "Scan Direction": "Forward",
                                                                "Index Name": "company_name_pkey",
                                                                "Relation Name": "company_name",
                                                                "Alias": "cn",
                                                                "Startup Cost": 0.42,
                                                                "Total Cost": 0.53,
                                                                "Plan Rows": 1,
                                                                "Plan Width": 23,
                                                                "Actual Startup Time": 0.002,
                                                                "Actual Total Time": 0.002,
                                                                "Actual Rows": 1,
                                                                "Actual Loops": 9535,
                                                                "Index Cond": "(id = mc.company_id)",
                                                                "Rows Removed by Index Recheck": 0,
                                                                "Filter": "((country_code)::text <> '[us]'::text)",
                                                                "Rows Removed by Filter": 0
                                                            }
                                                        ]
                                                    },
                                                    {
                                                        "Node Type": "Seq Scan",
                                                        "Parent Relationship": "Inner",
                                                        "Parallel Aware": false,
                                                        "Relation Name": "company_type",
                                                        "Alias": "ct",
                                                        "Startup Cost": 0.0,
                                                        "Total Cost": 1.04,
                                                        "Plan Rows": 4,
                                                        "Plan Width": 4,
                                                        "Actual Startup Time": 0.001,
                                                        "Actual Total Time": 0.001,
                                                        "Actual Rows": 1,
                                                        "Actual Loops": 8934
                                                    }
                                                ]
                                            },
                                            {
                                                "Node Type": "Index Scan",
                                                "Parent Relationship": "Inner",
                                                "Parallel Aware": false,
                                                "Scan Direction": "Forward",
                                                "Index Name": "title_pkey",
                                                "Relation Name": "title",
                                                "Alias": "t",
                                                "Startup Cost": 0.43,
                                                "Total Cost": 0.49,
                                                "Plan Rows": 1,
                                                "Plan Width": 25,
                                                "Actual Startup Time": 0.003,
                                                "Actual Total Time": 0.003,
                                                "Actual Rows": 1,
                                                "Actual Loops": 8934,
                                                "Index Cond": "(id = mk.movie_id)",
                                                "Rows Removed by Index Recheck": 0,
                                                "Filter": "(production_year > 2000)",
                                                "Rows Removed by Filter": 0
                                            }
                                        ]
                                    },
                                    {
                                        "Node Type": "Index Scan",
                                        "Parent Relationship": "Inner",
                                        "Parallel Aware": false,
                                        "Scan Direction": "Forward",
                                        "Index Name": "movie_id_movie_info",
                                        "Relation Name": "movie_info",
                                        "Alias": "mi",
                                        "Startup Cost": 0.43,
                                        "Total Cost": 1.87,
                                        "Plan Rows": 2,
                                        "Plan Width": 8,
                                        "Actual Startup Time": 0.058,
                                        "Actual Total Time": 0.067,
                                        "Actual Rows": 1,
                                        "Actual Loops": 4558,
                                        "Index Cond": "(movie_id = mk.movie_id)",
                                        "Rows Removed by Index Recheck": 0,
                                        "Filter": "(info = ANY ('{Sweden,Norway,Germany,Denmark,Swedish,Danish,Norwegian,German,USA,American}'::text[]))",
                                        "Rows Removed by Filter": 240
                                    }
                                ]
                            },
                            {
                                "Node Type": "Seq Scan",
                                "Parent Relationship": "Inner",
                                "Parallel Aware": false,
                                "Relation Name": "info_type",
                                "Alias": "it1",
                                "Startup Cost": 0.0,
                                "Total Cost": 2.41,
                                "Plan Rows": 1,
                                "Plan Width": 4,
                                "Actual Startup Time": 0.002,
                                "Actual Total Time": 0.003,
                                "Actual Rows": 1,
                                "Actual Loops": 5542,
                                "Filter": "((info)::text = 'countries'::text)",
                                "Rows Removed by Filter": 18
                            }
                        ]
                    },
                    {
                        "Node Type": "Seq Scan",
                        "Parent Relationship": "Inner",
                        "Parallel Aware": false,
                        "Relation Name": "kind_type",
                        "Alias": "kt",
                        "Startup Cost": 0.0,
                        "Total Cost": 1.09,
                        "Plan Rows": 2,
                        "Plan Width": 4,
                        "Actual Startup Time": 0.001,
                        "Actual Total Time": 0.001,
                        "Actual Rows": 1,
                        "Actual Loops": 4979,
                        "Filter": "((kind)::text = ANY ('{movie,episode}'::text[]))",
                        "Rows Removed by Filter": 0
                    }
                ]
            }
        ]
    },
    "Planning Time": 208.889,
    "Triggers": [],
    "Execution Time": 794.87
}