[
  {
    "Plan": {
      "Node Type": "Aggregate",
      "Strategy": "Plain",
      "Partial Mode": "Finalize",
      "Parallel Aware": false,
      "Startup Cost": 316185.15,
      "Total Cost": 316185.16,
      "Plan Rows": 1,
      "Plan Width": 8,
      "Actual Startup Time": 1062.964,
      "Actual Total Time": 1081.616,
      "Actual Rows": 1,
      "Actual Loops": 1,
      "Plans": [
        {
          "Node Type": "Gather",
          "Parent Relationship": "Outer",
          "Parallel Aware": false,
          "Startup Cost": 316184.53,
          "Total Cost": 316185.14,
          "Plan Rows": 6,
          "Plan Width": 8,
          "Actual Startup Time": 1051.364,
          "Actual Total Time": 1081.608,
          "Actual Rows": 7,
          "Actual Loops": 1,
          "Workers Planned": 6,
          "Workers Launched": 6,
          "Single Copy": false,
          "Plans": [
            {
              "Node Type": "Aggregate",
              "Strategy": "Plain",
              "Partial Mode": "Partial",
              "Parent Relationship": "Outer",
              "Parallel Aware": false,
              "Startup Cost": 315184.53,
              "Total Cost": 315184.54,
              "Plan Rows": 1,
              "Plan Width": 8,
              "Actual Startup Time": 1043.438,
              "Actual Total Time": 1043.783,
              "Actual Rows": 1,
              "Actual Loops": 7,
              "Plans": [
                {
                  "Node Type": "Hash Join",
                  "Parent Relationship": "Outer",
                  "Parallel Aware": true,
                  "Join Type": "Inner",
                  "Startup Cost": 81559.29,
                  "Total Cost": 313860.63,
                  "Plan Rows": 529557,
                  "Plan Width": 0,
                  "Actual Startup Time": 352.797,
                  "Actual Total Time": 980.927,
                  "Actual Rows": 1228886,
                  "Actual Loops": 7,
                  "Inner Unique": false,
                  "Hash Cond": "(ci.movie_id = t.id)",
                  "Plans": [
                    {
                      "Node Type": "Index Scan",
                      "Parent Relationship": "Outer",
                      "Parallel Aware": true,
                      "Scan Direction": "Forward",
                      "Index Name": "role_id_cast_info",
                      "Relation Name": "cast_info",
                      "Alias": "ci",
                      "Startup Cost": 0.56,
                      "Total Cost": 226293.54,
                      "Plan Rows": 1146700,
                      "Plan Width": 4,
                      "Actual Startup Time": 0.188,
                      "Actual Total Time": 241.772,
                      "Actual Rows": 1095277,
                      "Actual Loops": 7,
                      "Index Cond": "(role_id > 5)",
                      "Rows Removed by Index Recheck": 0,
                      "Filter": "(person_id > 661637)",
                      "Rows Removed by Filter": 117054
                    },
                    {
                      "Node Type": "Hash",
                      "Parent Relationship": "Inner",
                      "Parallel Aware": true,
                      "Startup Cost": 76850.65,
                      "Total Cost": 76850.65,
                      "Plan Rows": 376646,
                      "Plan Width": 8,
                      "Actual Startup Time": 350.292,
                      "Actual Total Time": 350.635,
                      "Actual Rows": 209595,
                      "Actual Loops": 7,
                      "Hash Buckets": 2097152,
                      "Original Hash Buckets": 2097152,
                      "Hash Batches": 1,
                      "Original Hash Batches": 1,
                      "Peak Memory Usage": 73920,
                      "Plans": [
                        {
                          "Node Type": "Hash Join",
                          "Parent Relationship": "Outer",
                          "Parallel Aware": true,
                          "Join Type": "Inner",
                          "Startup Cost": 47434.76,
                          "Total Cost": 76850.65,
                          "Plan Rows": 376646,
                          "Plan Width": 8,
                          "Actual Startup Time": 142.084,
                          "Actual Total Time": 278.812,
                          "Actual Rows": 209595,
                          "Actual Loops": 7,
                          "Inner Unique": true,
                          "Hash Cond": "(mc.movie_id = t.id)",
                          "Plans": [
                            {
                              "Node Type": "Seq Scan",
                              "Parent Relationship": "Outer",
                              "Parallel Aware": true,
                              "Relation Name": "movie_companies",
                              "Alias": "mc",
                              "Startup Cost": 0.0,
                              "Total Cost": 27206.55,
                              "Plan Rows": 841655,
                              "Plan Width": 4,
                              "Actual Startup Time": 0.019,
                              "Actual Total Time": 36.822,
                              "Actual Rows": 372733,
                              "Actual Loops": 7
                            },
                            {
                              "Node Type": "Hash",
                              "Parent Relationship": "Inner",
                              "Parallel Aware": true,
                              "Startup Cost": 43899.01,
                              "Total Cost": 43899.01,
                              "Plan Rows": 282860,
                              "Plan Width": 4,
                              "Actual Startup Time": 140.18,
                              "Actual Total Time": 140.181,
                              "Actual Rows": 161908,
                              "Actual Loops": 7,
                              "Hash Buckets": 2097152,
                              "Original Hash Buckets": 2097152,
                              "Hash Batches": 1,
                              "Original Hash Batches": 1,
                              "Peak Memory Usage": 60832,
                              "Plans": [
                                {
                                  "Node Type": "Seq Scan",
                                  "Parent Relationship": "Outer",
                                  "Parallel Aware": true,
                                  "Relation Name": "title",
                                  "Alias": "t",
                                  "Startup Cost": 0.0,
                                  "Total Cost": 43899.01,
                                  "Plan Rows": 282860,
                                  "Plan Width": 4,
                                  "Actual Startup Time": 0.039,
                                  "Actual Total Time": 68.154,
                                  "Actual Rows": 161908,
                                  "Actual Loops": 7,
                                  "Filter": "(production_year < 2002)",
                                  "Rows Removed by Filter": 199280
                                }
                              ]
                            }
                          ]
                        }
                      ]
                    }
                  ]
                }
              ]
            }
          ]
        }
      ]
    },
    "Planning Time": 0.419,
    "Triggers": [],
    "Execution Time": 1081.655
  }
]