[
    {
        "Bao": {
            "Bao prediction": "NaN",
            "Bao recommended hint": "(no hint)"
        }
    },
    {
        "Plan": {
            "Node Type": "Aggregate",
            "Strategy": "Plain",
            "Partial Mode": "Finalize",
            "Parallel Aware": false,
            "Startup Cost": 350034.44,
            "Total Cost": 350034.45,
            "Plan Rows": 1,
            "Plan Width": 8,
            "Actual Startup Time": 849.205,
            "Actual Total Time": 879.964,
            "Actual Rows": 1,
            "Actual Loops": 1,
            "Output": [
                "count(*)"
            ],
            "Plans": [
                {
                    "Node Type": "Gather",
                    "Parent Relationship": "Outer",
                    "Parallel Aware": false,
                    "Startup Cost": 350033.81,
                    "Total Cost": 350034.42,
                    "Plan Rows": 6,
                    "Plan Width": 8,
                    "Actual Startup Time": 849.088,
                    "Actual Total Time": 879.954,
                    "Actual Rows": 7,
                    "Actual Loops": 1,
                    "Output": [
                        "(PARTIAL count(*))"
                    ],
                    "Workers Planned": 6,
                    "Workers Launched": 6,
                    "Single Copy": false,
                    "Plans": [
                        {
                            "Node Type": "Aggregate",
                            "Strategy": "Plain",
                            "Partial Mode": "Partial",
                            "Parent Relationship": "Outer",
                            "Parallel Aware": false,
                            "Startup Cost": 349033.81,
                            "Total Cost": 349033.82,
                            "Plan Rows": 1,
                            "Plan Width": 8,
                            "Actual Startup Time": 839.888,
                            "Actual Total Time": 839.889,
                            "Actual Rows": 1,
                            "Actual Loops": 7,
                            "Output": [
                                "PARTIAL count(*)"
                            ],
                            "Workers": [
                                {
                                    "Worker Number": 0,
                                    "Actual Startup Time": 837.115,
                                    "Actual Total Time": 837.116,
                                    "Actual Rows": 1,
                                    "Actual Loops": 1
                                },
                                {
                                    "Worker Number": 1,
                                    "Actual Startup Time": 837.259,
                                    "Actual Total Time": 837.26,
                                    "Actual Rows": 1,
                                    "Actual Loops": 1
                                },
                                {
                                    "Worker Number": 2,
                                    "Actual Startup Time": 837.62,
                                    "Actual Total Time": 837.621,
                                    "Actual Rows": 1,
                                    "Actual Loops": 1
                                },
                                {
                                    "Worker Number": 3,
                                    "Actual Startup Time": 837.889,
                                    "Actual Total Time": 837.89,
                                    "Actual Rows": 1,
                                    "Actual Loops": 1
                                },
                                {
                                    "Worker Number": 4,
                                    "Actual Startup Time": 838.634,
                                    "Actual Total Time": 838.636,
                                    "Actual Rows": 1,
                                    "Actual Loops": 1
                                },
                                {
                                    "Worker Number": 5,
                                    "Actual Startup Time": 842.164,
                                    "Actual Total Time": 842.165,
                                    "Actual Rows": 1,
                                    "Actual Loops": 1
                                }
                            ],
                            "Plans": [
                                {
                                    "Node Type": "Seq Scan",
                                    "Parent Relationship": "Outer",
                                    "Parallel Aware": true,
                                    "Relation Name": "cast_info",
                                    "Schema": "public",
                                    "Alias": "ci",
                                    "Startup Cost": 0.0,
                                    "Total Cost": 343318.94,
                                    "Plan Rows": 2285949,
                                    "Plan Width": 0,
                                    "Actual Startup Time": 272.392,
                                    "Actual Total Time": 765.525,
                                    "Actual Rows": 1200070,
                                    "Actual Loops": 7,
                                    "Output": [
                                        "id",
                                        "person_id",
                                        "movie_id",
                                        "person_role_id",
                                        "note",
                                        "nr_order",
                                        "role_id"
                                    ],
                                    "Filter": "((ci.person_id < 2127204) AND (ci.role_id > 1))",
                                    "Rows Removed by Filter": 3977694,
                                    "Workers": [
                                        {
                                            "Worker Number": 0,
                                            "Actual Startup Time": 269.622,
                                            "Actual Total Time": 764.349,
                                            "Actual Rows": 1081024,
                                            "Actual Loops": 1
                                        },
                                        {
                                            "Worker Number": 1,
                                            "Actual Startup Time": 269.742,
                                            "Actual Total Time": 766.545,
                                            "Actual Rows": 1048388,
                                            "Actual Loops": 1
                                        },
                                        {
                                            "Worker Number": 2,
                                            "Actual Startup Time": 270.124,
                                            "Actual Total Time": 764.624,
                                            "Actual Rows": 1082198,
                                            "Actual Loops": 1
                                        },
                                        {
                                            "Worker Number": 3,
                                            "Actual Startup Time": 270.397,
                                            "Actual Total Time": 767.25,
                                            "Actual Rows": 1037565,
                                            "Actual Loops": 1
                                        },
                                        {
                                            "Worker Number": 4,
                                            "Actual Startup Time": 271.148,
                                            "Actual Total Time": 765.464,
                                            "Actual Rows": 1086610,
                                            "Actual Loops": 1
                                        },
                                        {
                                            "Worker Number": 5,
                                            "Actual Startup Time": 274.67,
                                            "Actual Total Time": 768.22,
                                            "Actual Rows": 1687060,
                                            "Actual Loops": 1
                                        }
                                    ]
                                }
                            ]
                        }
                    ]
                }
            ]
        },
        "Planning Time": 322.932,
        "Triggers": [],
        "Execution Time": 880.033
    }
]