[
  {
    "Plan": {
      "Node Type": "Aggregate",
      "Strategy": "Plain",
      "Partial Mode": "Finalize",
      "Parallel Aware": false,
      "Startup Cost": 390386.78,
      "Total Cost": 390386.79,
      "Plan Rows": 1,
      "Plan Width": 8,
      "Actual Startup Time": 554.42,
      "Actual Total Time": 593.751,
      "Actual Rows": 1,
      "Actual Loops": 1,
      "Plans": [
        {
          "Node Type": "Gather",
          "Parent Relationship": "Outer",
          "Parallel Aware": false,
          "Startup Cost": 390386.15,
          "Total Cost": 390386.76,
          "Plan Rows": 6,
          "Plan Width": 8,
          "Actual Startup Time": 551.521,
          "Actual Total Time": 593.732,
          "Actual Rows": 7,
          "Actual Loops": 1,
          "Workers Planned": 6,
          "Workers Launched": 6,
          "Single Copy": false,
          "Plans": [
            {
              "Node Type": "Aggregate",
              "Strategy": "Plain",
              "Partial Mode": "Partial",
              "Parent Relationship": "Outer",
              "Parallel Aware": false,
              "Startup Cost": 389386.15,
              "Total Cost": 389386.16,
              "Plan Rows": 1,
              "Plan Width": 8,
              "Actual Startup Time": 540.278,
              "Actual Total Time": 540.283,
              "Actual Rows": 1,
              "Actual Loops": 7,
              "Plans": [
                {
                  "Node Type": "Hash Join",
                  "Parent Relationship": "Outer",
                  "Parallel Aware": true,
                  "Join Type": "Inner",
                  "Startup Cost": 44616.56,
                  "Total Cost": 389098.71,
                  "Plan Rows": 114976,
                  "Plan Width": 0,
                  "Actual Startup Time": 414.469,
                  "Actual Total Time": 538.929,
                  "Actual Rows": 24375,
                  "Actual Loops": 7,
                  "Inner Unique": true,
                  "Hash Cond": "(ci.movie_id = t.id)",
                  "Plans": [
                    {
                      "Node Type": "Index Scan",
                      "Parent Relationship": "Outer",
                      "Parallel Aware": true,
                      "Scan Direction": "Forward",
                      "Index Name": "role_id_cast_info",
                      "Relation Name": "cast_info",
                      "Alias": "ci",
                      "Startup Cost": 0.56,
                      "Total Cost": 341155.22,
                      "Plan Rows": 1267613,
                      "Plan Width": 4,
                      "Actual Startup Time": 315.797,
                      "Actual Total Time": 384.613,
                      "Actual Rows": 298366,
                      "Actual Loops": 7,
                      "Index Cond": "(role_id < 2)",
                      "Rows Removed by Index Recheck": 0,
                      "Filter": "(person_id > 1446679)",
                      "Rows Removed by Filter": 1511732
                    },
                    {
                      "Node Type": "Hash",
                      "Parent Relationship": "Inner",
                      "Parallel Aware": true,
                      "Startup Cost": 43899.32,
                      "Total Cost": 43899.32,
                      "Plan Rows": 57334,
                      "Plan Width": 4,
                      "Actual Startup Time": 96.881,
                      "Actual Total Time": 96.882,
                      "Actual Rows": 33093,
                      "Actual Loops": 7,
                      "Hash Buckets": 262144,
                      "Original Hash Buckets": 262144,
                      "Hash Batches": 1,
                      "Original Hash Batches": 1,
                      "Peak Memory Usage": 11264,
                      "Plans": [
                        {
                          "Node Type": "Seq Scan",
                          "Parent Relationship": "Outer",
                          "Parallel Aware": true,
                          "Relation Name": "title",
                          "Alias": "t",
                          "Startup Cost": 0.0,
                          "Total Cost": 43899.32,
                          "Plan Rows": 57334,
                          "Plan Width": 4,
                          "Actual Startup Time": 0.066,
                          "Actual Total Time": 80.382,
                          "Actual Rows": 33093,
                          "Actual Loops": 7,
                          "Filter": "(production_year > 2011)",
                          "Rows Removed by Filter": 328095
                        }
                      ]
                    }
                  ]
                }
              ]
            }
          ]
        }
      ]
    },
    "Planning Time": 0.627,
    "Triggers": [],
    "Execution Time": 593.839
  }
]