{
  "Plan": {
    "Node Type": "Aggregate",
    "Strategy": "Plain",
    "Partial Mode": "Finalize",
    "Parallel Aware": false,
    "Startup Cost": 689715.76,
    "Total Cost": 689715.77,
    "Plan Rows": 1,
    "Plan Width": 128,
    "Actual Startup Time": 4459.839,
    "Actual Total Time": 4460.192,
    "Actual Rows": 1,
    "Actual Loops": 1,
    "Plans": [
      {
        "Node Type": "Gather",
        "Parent Relationship": "Outer",
        "Parallel Aware": false,
        "Startup Cost": 689715.64,
        "Total Cost": 689715.75,
        "Plan Rows": 1,
        "Plan Width": 128,
        "Actual Startup Time": 4459.831,
        "Actual Total Time": 4460.184,
        "Actual Rows": 1,
        "Actual Loops": 1,
        "Workers Planned": 1,
        "Workers Launched": 0,
        "Single Copy": false,
        "Plans": [
          {
            "Node Type": "Aggregate",
            "Strategy": "Plain",
            "Partial Mode": "Partial",
            "Parent Relationship": "Outer",
            "Parallel Aware": false,
            "Startup Cost": 688715.64,
            "Total Cost": 688715.65,
            "Plan Rows": 1,
            "Plan Width": 128,
            "Actual Startup Time": 4458.497,
            "Actual Total Time": 4458.51,
            "Actual Rows": 1,
            "Actual Loops": 1,
            "Plans": [
              {
                "Node Type": "Nested Loop",
                "Parent Relationship": "Outer",
                "Parallel Aware": false,
                "Join Type": "Inner",
                "Startup Cost": 688676.15,
                "Total Cost": 688714.95,
                "Plan Rows": 69,
                "Plan Width": 64,
                "Actual Startup Time": 4418.595,
                "Actual Total Time": 4455.566,
                "Actual Rows": 19518,
                "Actual Loops": 1,
                "Inner Unique": true,
                "Plans": [
                  {
                    "Node Type": "Merge Join",
                    "Parent Relationship": "Outer",
                    "Parallel Aware": false,
                    "Join Type": "Inner",
                    "Startup Cost": 688675.72,
                    "Total Cost": 688680.59,
                    "Plan Rows": 69,
                    "Plan Width": 52,
                    "Actual Startup Time": 4418.558,
                    "Actual Total Time": 4423.004,
                    "Actual Rows": 20427,
                    "Actual Loops": 1,
                    "Inner Unique": true,
                    "Merge Cond": "(ci.role_id = rt.id)",
                    "Plans": [
                      {
                        "Node Type": "Sort",
                        "Parent Relationship": "Outer",
                        "Parallel Aware": false,
                        "Startup Cost": 688674.56,
                        "Total Cost": 688676.64,
                        "Plan Rows": 834,
                        "Plan Width": 56,
                        "Actual Startup Time": 4418.496,
                        "Actual Total Time": 4419.688,
                        "Actual Rows": 20428,
                        "Actual Loops": 1,
                        "Sort Key": [
                          "ci.role_id"
                        ],
                        "Sort Method": "quicksort",
                        "Sort Space Used": 3954,
                        "Sort Space Type": "Memory",
                        "Plans": [
                          {
                            "Node Type": "Nested Loop",
                            "Parent Relationship": "Outer",
                            "Parallel Aware": false,
                            "Join Type": "Inner",
                            "Startup Cost": 92525.92,
                            "Total Cost": 688634.09,
                            "Plan Rows": 834,
                            "Plan Width": 56,
                            "Actual Startup Time": 1638.109,
                            "Actual Total Time": 4411.024,
                            "Actual Rows": 24598,
                            "Actual Loops": 1,
                            "Inner Unique": false,
                            "Join Filter": "(n.id = an.person_id)",
                            "Rows Removed by Join Filter": 0,
                            "Plans": [
                              {
                                "Node Type": "Nested Loop",
                                "Parent Relationship": "Outer",
                                "Parallel Aware": false,
                                "Join Type": "Inner",
                                "Startup Cost": 92525.49,
                                "Total Cost": 686706.33,
                                "Plan Rows": 3852,
                                "Plan Width": 48,
                                "Actual Startup Time": 1638.083,
                                "Actual Total Time": 4370.497,
                                "Actual Rows": 22799,
                                "Actual Loops": 1,
                                "Inner Unique": true,
                                "Plans": [
                                  {
                                    "Node Type": "Nested Loop",
                                    "Parent Relationship": "Outer",
                                    "Parallel Aware": false,
                                    "Join Type": "Inner",
                                    "Startup Cost": 92525.07,
                                    "Total Cost": 681969.5,
                                    "Plan Rows": 10622,
                                    "Plan Width": 52,
                                    "Actual Startup Time": 1638.023,
                                    "Actual Total Time": 4255.067,
                                    "Actual Rows": 49483,
                                    "Actual Loops": 1,
                                    "Inner Unique": false,
                                    "Plans": [
                                      {
                                        "Node Type": "Nested Loop",
                                        "Parent Relationship": "Outer",
                                        "Parallel Aware": false,
                                        "Join Type": "Inner",
                                        "Startup Cost": 92524.64,
                                        "Total Cost": 675821.04,
                                        "Plan Rows": 10292,
                                        "Plan Width": 56,
                                        "Actual Startup Time": 1638.005,
                                        "Actual Total Time": 4177.891,
                                        "Actual Rows": 14145,
                                        "Actual Loops": 1,
                                        "Inner Unique": true,
                                        "Plans": [
                                          {
                                            "Node Type": "Hash Join",
                                            "Parent Relationship": "Outer",
                                            "Parallel Aware": true,
                                            "Join Type": "Inner",
                                            "Startup Cost": 92524.21,
                                            "Total Cost": 670726.19,
                                            "Plan Rows": 10292,
                                            "Plan Width": 35,
                                            "Actual Startup Time": 1637.974,
                                            "Actual Total Time": 4109.057,
                                            "Actual Rows": 14145,
                                            "Actual Loops": 1,
                                            "Inner Unique": true,
                                            "Hash Cond": "(ci.person_id = n.id)",
                                            "Plans": [
                                              {
                                                "Node Type": "Seq Scan",
                                                "Parent Relationship": "Outer",
                                                "Parallel Aware": true,
                                                "Relation Name": "cast_info",
                                                "Alias": "ci",
                                                "Startup Cost": 0.0,
                                                "Total Cost": 572354.19,
                                                "Plan Rows": 2227725,
                                                "Plan Width": 16,
                                                "Actual Startup Time": 0.016,
                                                "Actual Total Time": 3246.526,
                                                "Actual Rows": 3764821,
                                                "Actual Loops": 1,
                                                "Filter": "(note = ANY ('{(uncredited),(producer),\"(executive producer)\",(voice)}'::text[]))",
                                                "Rows Removed by Filter": 32479523
                                              },
                                              {
                                                "Node Type": "Hash",
                                                "Parent Relationship": "Inner",
                                                "Parallel Aware": true,
                                                "Startup Cost": 92382.65,
                                                "Total Cost": 92382.65,
                                                "Plan Rows": 11325,
                                                "Plan Width": 19,
                                                "Actual Startup Time": 532.562,
                                                "Actual Total Time": 532.563,
                                                "Actual Rows": 27877,
                                                "Actual Loops": 1,
                                                "Hash Buckets": 32768,
                                                "Original Hash Buckets": 32768,
                                                "Hash Batches": 1,
                                                "Original Hash Batches": 1,
                                                "Peak Memory Usage": 1792,
                                                "Plans": [
                                                  {
                                                    "Node Type": "Seq Scan",
                                                    "Parent Relationship": "Outer",
                                                    "Parallel Aware": true,
                                                    "Relation Name": "name",
                                                    "Alias": "n",
                                                    "Startup Cost": 0.0,
                                                    "Total Cost": 92382.65,
                                                    "Plan Rows": 11325,
                                                    "Plan Width": 19,
                                                    "Actual Startup Time": 230.504,
                                                    "Actual Total Time": 524.767,
                                                    "Actual Rows": 27877,
                                                    "Actual Loops": 1,
                                                    "Filter": "((name ~~ '%Al%'::text) AND ((gender)::text = 'f'::text))",
                                                    "Rows Removed by Filter": 4139614
                                                  }
                                                ]
                                              }
                                            ]
                                          },
                                          {
                                            "Node Type": "Index Scan",
                                            "Parent Relationship": "Inner",
                                            "Parallel Aware": false,
                                            "Scan Direction": "Forward",
                                            "Index Name": "title_pkey",
                                            "Relation Name": "title",
                                            "Alias": "t",
                                            "Startup Cost": 0.43,
                                            "Total Cost": 0.5,
                                            "Plan Rows": 1,
                                            "Plan Width": 21,
                                            "Actual Startup Time": 0.005,
                                            "Actual Total Time": 0.005,
                                            "Actual Rows": 1,
                                            "Actual Loops": 14145,
                                            "Index Cond": "(id = ci.movie_id)",
                                            "Rows Removed by Index Recheck": 0
                                          }
                                        ]
                                      },
                                      {
                                        "Node Type": "Index Scan",
                                        "Parent Relationship": "Inner",
                                        "Parallel Aware": false,
                                        "Scan Direction": "Forward",
                                        "Index Name": "movie_id_movie_companies",
                                        "Relation Name": "movie_companies",
                                        "Alias": "mc",
                                        "Startup Cost": 0.43,
                                        "Total Cost": 0.55,
                                        "Plan Rows": 5,
                                        "Plan Width": 8,
                                        "Actual Startup Time": 0.004,
                                        "Actual Total Time": 0.005,
                                        "Actual Rows": 3,
                                        "Actual Loops": 14145,
                                        "Index Cond": "(movie_id = ci.movie_id)",
                                        "Rows Removed by Index Recheck": 0
                                      }
                                    ]
                                  },
                                  {
                                    "Node Type": "Index Scan",
                                    "Parent Relationship": "Inner",
                                    "Parallel Aware": false,
                                    "Scan Direction": "Forward",
                                    "Index Name": "company_name_pkey",
                                    "Relation Name": "company_name",
                                    "Alias": "cn",
                                    "Startup Cost": 0.42,
                                    "Total Cost": 0.45,
                                    "Plan Rows": 1,
                                    "Plan Width": 4,
                                    "Actual Startup Time": 0.002,
                                    "Actual Total Time": 0.002,
                                    "Actual Rows": 0,
                                    "Actual Loops": 49483,
                                    "Index Cond": "(id = mc.company_id)",
                                    "Rows Removed by Index Recheck": 0,
                                    "Filter": "((country_code)::text = '[us]'::text)",
                                    "Rows Removed by Filter": 1
                                  }
                                ]
                              },
                              {
                                "Node Type": "Index Scan",
                                "Parent Relationship": "Inner",
                                "Parallel Aware": false,
                                "Scan Direction": "Forward",
                                "Index Name": "person_id_aka_name",
                                "Relation Name": "aka_name",
                                "Alias": "an",
                                "Startup Cost": 0.42,
                                "Total Cost": 0.48,
                                "Plan Rows": 2,
                                "Plan Width": 20,
                                "Actual Startup Time": 0.001,
                                "Actual Total Time": 0.001,
                                "Actual Rows": 1,
                                "Actual Loops": 22799,
                                "Index Cond": "(person_id = ci.person_id)",
                                "Rows Removed by Index Recheck": 0
                              }
                            ]
                          }
                        ]
                      },
                      {
                        "Node Type": "Sort",
                        "Parent Relationship": "Inner",
                        "Parallel Aware": false,
                        "Startup Cost": 1.16,
                        "Total Cost": 1.16,
                        "Plan Rows": 1,
                        "Plan Width": 4,
                        "Actual Startup Time": 0.055,
                        "Actual Total Time": 0.056,
                        "Actual Rows": 1,
                        "Actual Loops": 1,
                        "Sort Key": [
                          "rt.id"
                        ],
                        "Sort Method": "quicksort",
                        "Sort Space Used": 25,
                        "Sort Space Type": "Memory",
                        "Plans": [
                          {
                            "Node Type": "Seq Scan",
                            "Parent Relationship": "Outer",
                            "Parallel Aware": false,
                            "Relation Name": "role_type",
                            "Alias": "rt",
                            "Startup Cost": 0.0,
                            "Total Cost": 1.15,
                            "Plan Rows": 1,
                            "Plan Width": 4,
                            "Actual Startup Time": 0.017,
                            "Actual Total Time": 0.018,
                            "Actual Rows": 1,
                            "Actual Loops": 1,
                            "Filter": "((role)::text = 'actress'::text)",
                            "Rows Removed by Filter": 11
                          }
                        ]
                      }
                    ]
                  },
                  {
                    "Node Type": "Index Scan",
                    "Parent Relationship": "Inner",
                    "Parallel Aware": false,
                    "Scan Direction": "Forward",
                    "Index Name": "char_name_pkey",
                    "Relation Name": "char_name",
                    "Alias": "chn",
                    "Startup Cost": 0.43,
                    "Total Cost": 0.5,
                    "Plan Rows": 1,
                    "Plan Width": 20,
                    "Actual Startup Time": 0.001,
                    "Actual Total Time": 0.001,
                    "Actual Rows": 1,
                    "Actual Loops": 20427,
                    "Index Cond": "(id = ci.person_role_id)",
                    "Rows Removed by Index Recheck": 0
                  }
                ]
              }
            ]
          }
        ]
      }
    ]
  },
  "Planning Time": 2.95,
  "Triggers": [],
  "Execution Time": 4460.393
}