[
  {
    "Plan": {
      "Node Type": "Aggregate",
      "Strategy": "Plain",
      "Partial Mode": "Finalize",
      "Parallel Aware": false,
      "Startup Cost": 32986.05,
      "Total Cost": 32986.06,
      "Plan Rows": 1,
      "Plan Width": 8,
      "Actual Startup Time": 83.233,
      "Actual Total Time": 91.352,
      "Actual Rows": 1,
      "Actual Loops": 1,
      "Plans": [
        {
          "Node Type": "Gather",
          "Parent Relationship": "Outer",
          "Parallel Aware": false,
          "Startup Cost": 32985.73,
          "Total Cost": 32986.04,
          "Plan Rows": 3,
          "Plan Width": 8,
          "Actual Startup Time": 83.118,
          "Actual Total Time": 91.34,
          "Actual Rows": 4,
          "Actual Loops": 1,
          "Workers Planned": 3,
          "Workers Launched": 3,
          "Single Copy": false,
          "Plans": [
            {
              "Node Type": "Aggregate",
              "Strategy": "Plain",
              "Partial Mode": "Partial",
              "Parent Relationship": "Outer",
              "Parallel Aware": false,
              "Startup Cost": 31985.73,
              "Total Cost": 31985.74,
              "Plan Rows": 1,
              "Plan Width": 8,
              "Actual Startup Time": 79.767,
              "Actual Total Time": 79.768,
              "Actual Rows": 1,
              "Actual Loops": 4,
              "Plans": [
                {
                  "Node Type": "Seq Scan",
                  "Parent Relationship": "Outer",
                  "Parallel Aware": true,
                  "Relation Name": "movie_companies",
                  "Alias": "mc",
                  "Startup Cost": 0.0,
                  "Total Cost": 31414.82,
                  "Plan Rows": 228365,
                  "Plan Width": 0,
                  "Actual Startup Time": 0.015,
                  "Actual Total Time": 68.995,
                  "Actual Rows": 247688,
                  "Actual Loops": 4,
                  "Filter": "((company_id < 13114) AND (company_type_id = 1))",
                  "Rows Removed by Filter": 404594
                }
              ]
            }
          ]
        }
      ]
    },
    "Planning Time": 0.132,
    "Triggers": [],
    "Execution Time": 91.383
  }
]