[
  {
    "Plan": {
      "Node Type": "Aggregate",
      "Strategy": "Plain",
      "Partial Mode": "Finalize",
      "Parallel Aware": false,
      "Startup Cost": 32994.3,
      "Total Cost": 32994.31,
      "Plan Rows": 1,
      "Plan Width": 8,
      "Actual Startup Time": 105.755,
      "Actual Total Time": 111.589,
      "Actual Rows": 1,
      "Actual Loops": 1,
      "Plans": [
        {
          "Node Type": "Gather",
          "Parent Relationship": "Outer",
          "Parallel Aware": false,
          "Startup Cost": 32993.98,
          "Total Cost": 32994.29,
          "Plan Rows": 3,
          "Plan Width": 8,
          "Actual Startup Time": 105.638,
          "Actual Total Time": 111.581,
          "Actual Rows": 4,
          "Actual Loops": 1,
          "Workers Planned": 3,
          "Workers Launched": 3,
          "Single Copy": false,
          "Plans": [
            {
              "Node Type": "Aggregate",
              "Strategy": "Plain",
              "Partial Mode": "Partial",
              "Parent Relationship": "Outer",
              "Parallel Aware": false,
              "Startup Cost": 31993.98,
              "Total Cost": 31993.99,
              "Plan Rows": 1,
              "Plan Width": 8,
              "Actual Startup Time": 98.561,
              "Actual Total Time": 98.562,
              "Actual Rows": 1,
              "Actual Loops": 4,
              "Plans": [
                {
                  "Node Type": "Seq Scan",
                  "Parent Relationship": "Outer",
                  "Parallel Aware": true,
                  "Relation Name": "movie_companies",
                  "Alias": "mc",
                  "Startup Cost": 0.0,
                  "Total Cost": 31414.82,
                  "Plan Rows": 231665,
                  "Plan Width": 0,
                  "Actual Startup Time": 0.042,
                  "Actual Total Time": 82.93,
                  "Actual Rows": 247688,
                  "Actual Loops": 4,
                  "Filter": "((company_id < 13114) AND (company_type_id = 1))",
                  "Rows Removed by Filter": 404594
                }
              ]
            }
          ]
        }
      ]
    },
    "Planning Time": 0.228,
    "Triggers": [],
    "Execution Time": 111.646
  }
]