[
  {
    "Plan": {
      "Node Type": "Aggregate",
      "Strategy": "Plain",
      "Partial Mode": "Finalize",
      "Parallel Aware": false,
      "Startup Cost": 32007.82,
      "Total Cost": 32007.83,
      "Plan Rows": 1,
      "Plan Width": 8,
      "Actual Startup Time": 121.654,
      "Actual Total Time": 131.782,
      "Actual Rows": 1,
      "Actual Loops": 1,
      "Plans": [
        {
          "Node Type": "Gather",
          "Parent Relationship": "Outer",
          "Parallel Aware": false,
          "Startup Cost": 32007.5,
          "Total Cost": 32007.81,
          "Plan Rows": 3,
          "Plan Width": 8,
          "Actual Startup Time": 121.551,
          "Actual Total Time": 131.775,
          "Actual Rows": 4,
          "Actual Loops": 1,
          "Workers Planned": 3,
          "Workers Launched": 3,
          "Single Copy": false,
          "Plans": [
            {
              "Node Type": "Aggregate",
              "Strategy": "Plain",
              "Partial Mode": "Partial",
              "Parent Relationship": "Outer",
              "Parallel Aware": false,
              "Startup Cost": 31007.5,
              "Total Cost": 31007.51,
              "Plan Rows": 1,
              "Plan Width": 8,
              "Actual Startup Time": 117.059,
              "Actual Total Time": 117.06,
              "Actual Rows": 1,
              "Actual Loops": 4,
              "Plans": [
                {
                  "Node Type": "Seq Scan",
                  "Parent Relationship": "Outer",
                  "Parallel Aware": true,
                  "Relation Name": "movie_companies",
                  "Alias": "mc",
                  "Startup Cost": 0.0,
                  "Total Cost": 29310.68,
                  "Plan Rows": 678727,
                  "Plan Width": 0,
                  "Actual Startup Time": 0.025,
                  "Actual Total Time": 89.576,
                  "Actual Rows": 523348,
                  "Actual Loops": 4,
                  "Filter": "(company_id < 73548)",
                  "Rows Removed by Filter": 128934
                }
              ]
            }
          ]
        }
      ]
    },
    "Planning Time": 0.113,
    "Triggers": [],
    "Execution Time": 131.816
  }
]