[
  {
    "Plan": {
      "Node Type": "Aggregate",
      "Strategy": "Plain",
      "Partial Mode": "Finalize",
      "Parallel Aware": false,
      "Startup Cost": 345952.76,
      "Total Cost": 345952.77,
      "Plan Rows": 1,
      "Plan Width": 8,
      "Actual Startup Time": 653.178,
      "Actual Total Time": 703.981,
      "Actual Rows": 1,
      "Actual Loops": 1,
      "Plans": [
        {
          "Node Type": "Gather",
          "Parent Relationship": "Outer",
          "Parallel Aware": false,
          "Startup Cost": 345952.14,
          "Total Cost": 345952.75,
          "Plan Rows": 6,
          "Plan Width": 8,
          "Actual Startup Time": 652.969,
          "Actual Total Time": 703.965,
          "Actual Rows": 7,
          "Actual Loops": 1,
          "Workers Planned": 6,
          "Workers Launched": 6,
          "Single Copy": false,
          "Plans": [
            {
              "Node Type": "Aggregate",
              "Strategy": "Plain",
              "Partial Mode": "Partial",
              "Parent Relationship": "Outer",
              "Parallel Aware": false,
              "Startup Cost": 344952.14,
              "Total Cost": 344952.15,
              "Plan Rows": 1,
              "Plan Width": 8,
              "Actual Startup Time": 646.421,
              "Actual Total Time": 646.423,
              "Actual Rows": 1,
              "Actual Loops": 7,
              "Plans": [
                {
                  "Node Type": "Seq Scan",
                  "Parent Relationship": "Outer",
                  "Parallel Aware": true,
                  "Relation Name": "cast_info",
                  "Alias": "ci",
                  "Startup Cost": 0.0,
                  "Total Cost": 343316.27,
                  "Plan Rows": 654347,
                  "Plan Width": 0,
                  "Actual Startup Time": 349.554,
                  "Actual Total Time": 628.982,
                  "Actual Rows": 355215,
                  "Actual Loops": 7,
                  "Filter": "((person_id < 877336) AND (role_id > 2))",
                  "Rows Removed by Filter": 4822548
                }
              ]
            }
          ]
        }
      ]
    },
    "Planning Time": 0.237,
    "Triggers": [],
    "Execution Time": 704.054
  }
]