[
    {
        "Bao": {
            "Bao prediction": 505.804,
            "Bao recommended hint": "(no hint)"
        }
    },
    {
        "Plan": {
            "Node Type": "Aggregate",
            "Strategy": "Plain",
            "Partial Mode": "Finalize",
            "Parallel Aware": false,
            "Startup Cost": 300352.54,
            "Total Cost": 300352.55,
            "Plan Rows": 1,
            "Plan Width": 8,
            "Actual Startup Time": 638.98,
            "Actual Total Time": 659.465,
            "Actual Rows": 1,
            "Actual Loops": 1,
            "Output": [
                "count(*)"
            ],
            "Plans": [
                {
                    "Node Type": "Gather",
                    "Parent Relationship": "Outer",
                    "Parallel Aware": false,
                    "Startup Cost": 300351.91,
                    "Total Cost": 300352.52,
                    "Plan Rows": 6,
                    "Plan Width": 8,
                    "Actual Startup Time": 632.636,
                    "Actual Total Time": 659.456,
                    "Actual Rows": 7,
                    "Actual Loops": 1,
                    "Output": [
                        "(PARTIAL count(*))"
                    ],
                    "Workers Planned": 6,
                    "Workers Launched": 6,
                    "Single Copy": false,
                    "Plans": [
                        {
                            "Node Type": "Aggregate",
                            "Strategy": "Plain",
                            "Partial Mode": "Partial",
                            "Parent Relationship": "Outer",
                            "Parallel Aware": false,
                            "Startup Cost": 299351.91,
                            "Total Cost": 299351.92,
                            "Plan Rows": 1,
                            "Plan Width": 8,
                            "Actual Startup Time": 622.163,
                            "Actual Total Time": 622.167,
                            "Actual Rows": 1,
                            "Actual Loops": 7,
                            "Output": [
                                "PARTIAL count(*)"
                            ],
                            "Workers": [
                                {
                                    "Worker Number": 0,
                                    "Actual Startup Time": 620.554,
                                    "Actual Total Time": 620.557,
                                    "Actual Rows": 1,
                                    "Actual Loops": 1
                                },
                                {
                                    "Worker Number": 1,
                                    "Actual Startup Time": 620.608,
                                    "Actual Total Time": 620.611,
                                    "Actual Rows": 1,
                                    "Actual Loops": 1
                                },
                                {
                                    "Worker Number": 2,
                                    "Actual Startup Time": 620.38,
                                    "Actual Total Time": 620.383,
                                    "Actual Rows": 1,
                                    "Actual Loops": 1
                                },
                                {
                                    "Worker Number": 3,
                                    "Actual Startup Time": 620.464,
                                    "Actual Total Time": 620.467,
                                    "Actual Rows": 1,
                                    "Actual Loops": 1
                                },
                                {
                                    "Worker Number": 4,
                                    "Actual Startup Time": 620.48,
                                    "Actual Total Time": 620.484,
                                    "Actual Rows": 1,
                                    "Actual Loops": 1
                                },
                                {
                                    "Worker Number": 5,
                                    "Actual Startup Time": 621.002,
                                    "Actual Total Time": 621.004,
                                    "Actual Rows": 1,
                                    "Actual Loops": 1
                                }
                            ],
                            "Plans": [
                                {
                                    "Node Type": "Hash Join",
                                    "Parent Relationship": "Outer",
                                    "Parallel Aware": true,
                                    "Join Type": "Inner",
                                    "Startup Cost": 47232.07,
                                    "Total Cost": 299251.46,
                                    "Plan Rows": 40182,
                                    "Plan Width": 0,
                                    "Actual Startup Time": 151.166,
                                    "Actual Total Time": 612.303,
                                    "Actual Rows": 144335,
                                    "Actual Loops": 7,
                                    "Inner Unique": true,
                                    "Hash Cond": "(ci.movie_id = t.id)",
                                    "Workers": [
                                        {
                                            "Worker Number": 0,
                                            "Actual Startup Time": 149.584,
                                            "Actual Total Time": 610.43,
                                            "Actual Rows": 132264,
                                            "Actual Loops": 1
                                        },
                                        {
                                            "Worker Number": 1,
                                            "Actual Startup Time": 149.71,
                                            "Actual Total Time": 610.463,
                                            "Actual Rows": 134740,
                                            "Actual Loops": 1
                                        },
                                        {
                                            "Worker Number": 2,
                                            "Actual Startup Time": 149.654,
                                            "Actual Total Time": 610.434,
                                            "Actual Rows": 132493,
                                            "Actual Loops": 1
                                        },
                                        {
                                            "Worker Number": 3,
                                            "Actual Startup Time": 149.46,
                                            "Actual Total Time": 610.408,
                                            "Actual Rows": 133221,
                                            "Actual Loops": 1
                                        },
                                        {
                                            "Worker Number": 4,
                                            "Actual Startup Time": 149.498,
                                            "Actual Total Time": 610.314,
                                            "Actual Rows": 135335,
                                            "Actual Loops": 1
                                        },
                                        {
                                            "Worker Number": 5,
                                            "Actual Startup Time": 149.596,
                                            "Actual Total Time": 611.154,
                                            "Actual Rows": 130651,
                                            "Actual Loops": 1
                                        }
                                    ],
                                    "Plans": [
                                        {
                                            "Node Type": "Index Scan",
                                            "Parent Relationship": "Outer",
                                            "Parallel Aware": true,
                                            "Scan Direction": "Forward",
                                            "Index Name": "role_id_cast_info",
                                            "Relation Name": "cast_info",
                                            "Schema": "public",
                                            "Alias": "ci",
                                            "Startup Cost": 0.56,
                                            "Total Cost": 251544.36,
                                            "Plan Rows": 181178,
                                            "Plan Width": 4,
                                            "Actual Startup Time": 22.442,
                                            "Actual Total Time": 326.193,
                                            "Actual Rows": 598650,
                                            "Actual Loops": 7,
                                            "Output": [
                                                "ci.id",
                                                "ci.person_id",
                                                "ci.movie_id",
                                                "ci.person_role_id",
                                                "ci.note",
                                                "ci.nr_order",
                                                "ci.role_id"
                                            ],
                                            "Index Cond": "(ci.role_id > 4)",
                                            "Rows Removed by Index Recheck": 0,
                                            "Filter": "(ci.person_id > 3290569)",
                                            "Rows Removed by Filter": 742022,
                                            "Workers": [
                                                {
                                                    "Worker Number": 0,
                                                    "Actual Startup Time": 22.552,
                                                    "Actual Total Time": 325.622,
                                                    "Actual Rows": 545409,
                                                    "Actual Loops": 1
                                                },
                                                {
                                                    "Worker Number": 1,
                                                    "Actual Startup Time": 22.371,
                                                    "Actual Total Time": 326.183,
                                                    "Actual Rows": 551421,
                                                    "Actual Loops": 1
                                                },
                                                {
                                                    "Worker Number": 2,
                                                    "Actual Startup Time": 22.375,
                                                    "Actual Total Time": 326.625,
                                                    "Actual Rows": 546027,
                                                    "Actual Loops": 1
                                                },
                                                {
                                                    "Worker Number": 3,
                                                    "Actual Startup Time": 22.503,
                                                    "Actual Total Time": 333.624,
                                                    "Actual Rows": 559547,
                                                    "Actual Loops": 1
                                                },
                                                {
                                                    "Worker Number": 4,
                                                    "Actual Startup Time": 22.399,
                                                    "Actual Total Time": 332.364,
                                                    "Actual Rows": 558656,
                                                    "Actual Loops": 1
                                                },
                                                {
                                                    "Worker Number": 5,
                                                    "Actual Startup Time": 22.52,
                                                    "Actual Total Time": 324.094,
                                                    "Actual Rows": 551198,
                                                    "Actual Loops": 1
                                                }
                                            ]
                                        },
                                        {
                                            "Node Type": "Hash",
                                            "Parent Relationship": "Inner",
                                            "Parallel Aware": true,
                                            "Startup Cost": 45479.21,
                                            "Total Cost": 45479.21,
                                            "Plan Rows": 140184,
                                            "Plan Width": 4,
                                            "Actual Startup Time": 125.308,
                                            "Actual Total Time": 125.309,
                                            "Actual Rows": 62673,
                                            "Actual Loops": 7,
                                            "Output": [
                                                "t.id"
                                            ],
                                            "Hash Buckets": 1048576,
                                            "Original Hash Buckets": 1048576,
                                            "Hash Batches": 1,
                                            "Original Hash Batches": 1,
                                            "Peak Memory Usage": 25472,
                                            "Workers": [
                                                {
                                                    "Worker Number": 0,
                                                    "Actual Startup Time": 126.574,
                                                    "Actual Total Time": 126.575,
                                                    "Actual Rows": 56898,
                                                    "Actual Loops": 1
                                                },
                                                {
                                                    "Worker Number": 1,
                                                    "Actual Startup Time": 126.652,
                                                    "Actual Total Time": 126.653,
                                                    "Actual Rows": 57089,
                                                    "Actual Loops": 1
                                                },
                                                {
                                                    "Worker Number": 2,
                                                    "Actual Startup Time": 126.444,
                                                    "Actual Total Time": 126.445,
                                                    "Actual Rows": 57402,
                                                    "Actual Loops": 1
                                                },
                                                {
                                                    "Worker Number": 3,
                                                    "Actual Startup Time": 126.503,
                                                    "Actual Total Time": 126.504,
                                                    "Actual Rows": 55331,
                                                    "Actual Loops": 1
                                                },
                                                {
                                                    "Worker Number": 4,
                                                    "Actual Startup Time": 126.48,
                                                    "Actual Total Time": 126.481,
                                                    "Actual Rows": 55083,
                                                    "Actual Loops": 1
                                                },
                                                {
                                                    "Worker Number": 5,
                                                    "Actual Startup Time": 126.675,
                                                    "Actual Total Time": 126.675,
                                                    "Actual Rows": 56702,
                                                    "Actual Loops": 1
                                                }
                                            ],
                                            "Plans": [
                                                {
                                                    "Node Type": "Seq Scan",
                                                    "Parent Relationship": "Outer",
                                                    "Parallel Aware": true,
                                                    "Relation Name": "title",
                                                    "Schema": "public",
                                                    "Alias": "t",
                                                    "Startup Cost": 0.0,
                                                    "Total Cost": 45479.21,
                                                    "Plan Rows": 140184,
                                                    "Plan Width": 4,
                                                    "Actual Startup Time": 48.243,
                                                    "Actual Total Time": 90.93,
                                                    "Actual Rows": 62673,
                                                    "Actual Loops": 7,
                                                    "Output": [
                                                        "t.id"
                                                    ],
                                                    "Filter": "((t.production_year > 1967) AND (t.kind_id = 1))",
                                                    "Rows Removed by Filter": 298514,
                                                    "Workers": [
                                                        {
                                                            "Worker Number": 0,
                                                            "Actual Startup Time": 6.646,
                                                            "Actual Total Time": 91.643,
                                                            "Actual Rows": 56898,
                                                            "Actual Loops": 1
                                                        },
                                                        {
                                                            "Worker Number": 1,
                                                            "Actual Startup Time": 55.032,
                                                            "Actual Total Time": 91.971,
                                                            "Actual Rows": 57089,
                                                            "Actual Loops": 1
                                                        },
                                                        {
                                                            "Worker Number": 2,
                                                            "Actual Startup Time": 55.123,
                                                            "Actual Total Time": 91.9,
                                                            "Actual Rows": 57402,
                                                            "Actual Loops": 1
                                                        },
                                                        {
                                                            "Worker Number": 3,
                                                            "Actual Startup Time": 55.187,
                                                            "Actual Total Time": 91.403,
                                                            "Actual Rows": 55331,
                                                            "Actual Loops": 1
                                                        },
                                                        {
                                                            "Worker Number": 4,
                                                            "Actual Startup Time": 55.299,
                                                            "Actual Total Time": 91.568,
                                                            "Actual Rows": 55083,
                                                            "Actual Loops": 1
                                                        },
                                                        {
                                                            "Worker Number": 5,
                                                            "Actual Startup Time": 55.08,
                                                            "Actual Total Time": 91.664,
                                                            "Actual Rows": 56702,
                                                            "Actual Loops": 1
                                                        }
                                                    ]
                                                }
                                            ]
                                        }
                                    ]
                                }
                            ]
                        }
                    ]
                }
            ]
        },
        "Planning Time": 1459.095,
        "Triggers": [],
        "Execution Time": 659.629
    }
]