{
  "Plan": {
    "Node Type": "Aggregate",
    "Strategy": "Plain",
    "Partial Mode": "Finalize",
    "Parallel Aware": false,
    "Startup Cost": 96715.86,
    "Total Cost": 96715.87,
    "Plan Rows": 1,
    "Plan Width": 8,
    "Actual Startup Time": 372.9,
    "Actual Total Time": 386.134,
    "Actual Rows": 1,
    "Actual Loops": 1,
    "Plans": [
      {
        "Node Type": "Gather",
        "Parent Relationship": "Outer",
        "Parallel Aware": false,
        "Startup Cost": 96715.75,
        "Total Cost": 96715.86,
        "Plan Rows": 1,
        "Plan Width": 8,
        "Actual Startup Time": 371.971,
        "Actual Total Time": 386.119,
        "Actual Rows": 2,
        "Actual Loops": 1,
        "Workers Planned": 1,
        "Workers Launched": 1,
        "Single Copy": false,
        "Plans": [
          {
            "Node Type": "Aggregate",
            "Strategy": "Plain",
            "Partial Mode": "Partial",
            "Parent Relationship": "Outer",
            "Parallel Aware": false,
            "Startup Cost": 95715.75,
            "Total Cost": 95715.76,
            "Plan Rows": 1,
            "Plan Width": 8,
            "Actual Startup Time": 366.184,
            "Actual Total Time": 366.19,
            "Actual Rows": 1,
            "Actual Loops": 2,
            "Plans": [
              {
                "Node Type": "Hash Join",
                "Parent Relationship": "Outer",
                "Parallel Aware": true,
                "Join Type": "Inner",
                "Startup Cost": 72005.04,
                "Total Cost": 95633.35,
                "Plan Rows": 32962,
                "Plan Width": 0,
                "Actual Startup Time": 237.863,
                "Actual Total Time": 365.089,
                "Actual Rows": 16540,
                "Actual Loops": 2,
                "Inner Unique": true,
                "Hash Cond": "(mc.movie_id = t.id)",
                "Plans": [
                  {
                    "Node Type": "Bitmap Heap Scan",
                    "Parent Relationship": "Outer",
                    "Parallel Aware": true,
                    "Relation Name": "movie_companies",
                    "Alias": "mc",
                    "Startup Cost": 11782.96,
                    "Total Cost": 34571.56,
                    "Plan Rows": 319888,
                    "Plan Width": 4,
                    "Actual Startup Time": 26.508,
                    "Actual Total Time": 92.558,
                    "Actual Rows": 270140,
                    "Actual Loops": 2,
                    "Recheck Cond": "(company_id < 531)",
                    "Rows Removed by Index Recheck": 0,
                    "Exact Heap Blocks": 8337,
                    "Lossy Heap Blocks": 0,
                    "Plans": [
                      {
                        "Node Type": "Bitmap Index Scan",
                        "Parent Relationship": "Outer",
                        "Parallel Aware": false,
                        "Index Name": "company_id_movie_companies",
                        "Startup Cost": 0.0,
                        "Total Cost": 11647.01,
                        "Plan Rows": 543810,
                        "Plan Width": 0,
                        "Actual Startup Time": 23.752,
                        "Actual Total Time": 23.752,
                        "Actual Rows": 540279,
                        "Actual Loops": 1,
                        "Index Cond": "(company_id < 531)"
                      }
                    ]
                  },
                  {
                    "Node Type": "Hash",
                    "Parent Relationship": "Inner",
                    "Parallel Aware": true,
                    "Startup Cost": 58306.47,
                    "Total Cost": 58306.47,
                    "Plan Rows": 153249,
                    "Plan Width": 4,
                    "Actual Startup Time": 207.873,
                    "Actual Total Time": 207.875,
                    "Actual Rows": 113924,
                    "Actual Loops": 2,
                    "Hash Buckets": 262144,
                    "Original Hash Buckets": 262144,
                    "Hash Batches": 1,
                    "Original Hash Batches": 1,
                    "Peak Memory Usage": 10976,
                    "Plans": [
                      {
                        "Node Type": "Seq Scan",
                        "Parent Relationship": "Outer",
                        "Parallel Aware": true,
                        "Relation Name": "title",
                        "Alias": "t",
                        "Startup Cost": 0.0,
                        "Total Cost": 58306.47,
                        "Plan Rows": 153249,
                        "Plan Width": 4,
                        "Actual Startup Time": 0.094,
                        "Actual Total Time": 170.334,
                        "Actual Rows": 113924,
                        "Actual Loops": 2,
                        "Filter": "((kind_id < 7) AND (production_year > 2008))",
                        "Rows Removed by Filter": 1150232
                      }
                    ]
                  }
                ]
              }
            ]
          }
        ]
      }
    ]
  },
  "Planning Time": 0.656,
  "Triggers": [],
  "Execution Time": 386.233
}