[
  {
    "Plan": {
      "Node Type": "Aggregate",
      "Strategy": "Plain",
      "Partial Mode": "Finalize",
      "Parallel Aware": false,
      "Startup Cost": 159723.25,
      "Total Cost": 159723.26,
      "Plan Rows": 1,
      "Plan Width": 8,
      "Actual Startup Time": 313.546,
      "Actual Total Time": 332.906,
      "Actual Rows": 1,
      "Actual Loops": 1,
      "Plans": [
        {
          "Node Type": "Gather",
          "Parent Relationship": "Outer",
          "Parallel Aware": false,
          "Startup Cost": 159722.73,
          "Total Cost": 159723.24,
          "Plan Rows": 5,
          "Plan Width": 8,
          "Actual Startup Time": 312.592,
          "Actual Total Time": 332.897,
          "Actual Rows": 6,
          "Actual Loops": 1,
          "Workers Planned": 5,
          "Workers Launched": 5,
          "Single Copy": false,
          "Plans": [
            {
              "Node Type": "Aggregate",
              "Strategy": "Plain",
              "Partial Mode": "Partial",
              "Parent Relationship": "Outer",
              "Parallel Aware": false,
              "Startup Cost": 158722.73,
              "Total Cost": 158722.74,
              "Plan Rows": 1,
              "Plan Width": 8,
              "Actual Startup Time": 302.019,
              "Actual Total Time": 302.022,
              "Actual Rows": 1,
              "Actual Loops": 6,
              "Plans": [
                {
                  "Node Type": "Hash Join",
                  "Parent Relationship": "Outer",
                  "Parallel Aware": true,
                  "Join Type": "Inner",
                  "Startup Cost": 46084.36,
                  "Total Cost": 158572.53,
                  "Plan Rows": 60077,
                  "Plan Width": 0,
                  "Actual Startup Time": 92.639,
                  "Actual Total Time": 301.611,
                  "Actual Rows": 8333,
                  "Actual Loops": 6,
                  "Inner Unique": true,
                  "Hash Cond": "(ci.movie_id = t.id)",
                  "Plans": [
                    {
                      "Node Type": "Index Scan",
                      "Parent Relationship": "Outer",
                      "Parallel Aware": true,
                      "Scan Direction": "Forward",
                      "Index Name": "role_id_cast_info",
                      "Relation Name": "cast_info",
                      "Alias": "ci",
                      "Startup Cost": 0.56,
                      "Total Cost": 110428.26,
                      "Plan Rows": 784945,
                      "Plan Width": 4,
                      "Actual Startup Time": 0.476,
                      "Actual Total Time": 132.518,
                      "Actual Rows": 654465,
                      "Actual Loops": 6,
                      "Index Cond": "(role_id = 3)",
                      "Rows Removed by Index Recheck": 0,
                      "Filter": "(person_id > 112321)",
                      "Rows Removed by Filter": 13541
                    },
                    {
                      "Node Type": "Hash",
                      "Parent Relationship": "Inner",
                      "Parallel Aware": true,
                      "Startup Cost": 45479.1,
                      "Total Cost": 45479.1,
                      "Plan Rows": 48376,
                      "Plan Width": 4,
                      "Actual Startup Time": 89.368,
                      "Actual Total Time": 89.37,
                      "Actual Rows": 12493,
                      "Actual Loops": 6,
                      "Hash Buckets": 262144,
                      "Original Hash Buckets": 262144,
                      "Hash Batches": 1,
                      "Original Hash Batches": 1,
                      "Peak Memory Usage": 5120,
                      "Plans": [
                        {
                          "Node Type": "Seq Scan",
                          "Parent Relationship": "Outer",
                          "Parallel Aware": true,
                          "Relation Name": "title",
                          "Alias": "t",
                          "Startup Cost": 0.0,
                          "Total Cost": 45479.1,
                          "Plan Rows": 48376,
                          "Plan Width": 4,
                          "Actual Startup Time": 0.044,
                          "Actual Total Time": 82.541,
                          "Actual Rows": 12493,
                          "Actual Loops": 6,
                          "Filter": "((kind_id > 1) AND (production_year < 1963))",
                          "Rows Removed by Filter": 408893
                        }
                      ]
                    }
                  ]
                }
              ]
            }
          ]
        }
      ]
    },
    "Planning Time": 0.652,
    "Triggers": [],
    "Execution Time": 332.986
  }
]