[
  {
    "Plan": {
      "Node Type": "Aggregate",
      "Strategy": "Plain",
      "Partial Mode": "Finalize",
      "Parallel Aware": false,
      "Startup Cost": 46531.02,
      "Total Cost": 46531.03,
      "Plan Rows": 1,
      "Plan Width": 8,
      "Actual Startup Time": 97.534,
      "Actual Total Time": 109.588,
      "Actual Rows": 1,
      "Actual Loops": 1,
      "Plans": [
        {
          "Node Type": "Gather",
          "Parent Relationship": "Outer",
          "Parallel Aware": false,
          "Startup Cost": 46530.6,
          "Total Cost": 46531.01,
          "Plan Rows": 4,
          "Plan Width": 8,
          "Actual Startup Time": 97.265,
          "Actual Total Time": 109.579,
          "Actual Rows": 5,
          "Actual Loops": 1,
          "Workers Planned": 4,
          "Workers Launched": 4,
          "Single Copy": false,
          "Plans": [
            {
              "Node Type": "Aggregate",
              "Strategy": "Plain",
              "Partial Mode": "Partial",
              "Parent Relationship": "Outer",
              "Parallel Aware": false,
              "Startup Cost": 45530.6,
              "Total Cost": 45530.61,
              "Plan Rows": 1,
              "Plan Width": 8,
              "Actual Startup Time": 88.046,
              "Actual Total Time": 88.047,
              "Actual Rows": 1,
              "Actual Loops": 5,
              "Plans": [
                {
                  "Node Type": "Seq Scan",
                  "Parent Relationship": "Outer",
                  "Parallel Aware": true,
                  "Relation Name": "title",
                  "Alias": "t",
                  "Startup Cost": 0.0,
                  "Total Cost": 45479.1,
                  "Plan Rows": 20602,
                  "Plan Width": 0,
                  "Actual Startup Time": 42.566,
                  "Actual Total Time": 88.035,
                  "Actual Rows": 4,
                  "Actual Loops": 5,
                  "Filter": "((production_year < 1938) AND (kind_id = 7))",
                  "Rows Removed by Filter": 505658
                }
              ]
            }
          ]
        }
      ]
    },
    "Planning Time": 0.179,
    "Triggers": [],
    "Execution Time": 109.644
  }
]