{
  "Plan": {
    "Node Type": "Aggregate",
    "Strategy": "Plain",
    "Partial Mode": "Finalize",
    "Parallel Aware": false,
    "Startup Cost": 119541.79,
    "Total Cost": 119541.8,
    "Plan Rows": 1,
    "Plan Width": 8,
    "Actual Startup Time": 615.422,
    "Actual Total Time": 633.395,
    "Actual Rows": 1,
    "Actual Loops": 1,
    "Plans": [
      {
        "Node Type": "Gather",
        "Parent Relationship": "Outer",
        "Parallel Aware": false,
        "Startup Cost": 119541.68,
        "Total Cost": 119541.79,
        "Plan Rows": 1,
        "Plan Width": 8,
        "Actual Startup Time": 612.274,
        "Actual Total Time": 633.388,
        "Actual Rows": 2,
        "Actual Loops": 1,
        "Workers Planned": 1,
        "Workers Launched": 1,
        "Single Copy": false,
        "Plans": [
          {
            "Node Type": "Aggregate",
            "Strategy": "Plain",
            "Partial Mode": "Partial",
            "Parent Relationship": "Outer",
            "Parallel Aware": false,
            "Startup Cost": 118541.68,
            "Total Cost": 118541.69,
            "Plan Rows": 1,
            "Plan Width": 8,
            "Actual Startup Time": 603.965,
            "Actual Total Time": 603.97,
            "Actual Rows": 1,
            "Actual Loops": 2,
            "Plans": [
              {
                "Node Type": "Hash Join",
                "Parent Relationship": "Outer",
                "Parallel Aware": true,
                "Join Type": "Inner",
                "Startup Cost": 85182.3,
                "Total Cost": 117728.61,
                "Plan Rows": 325226,
                "Plan Width": 0,
                "Actual Startup Time": 425.322,
                "Actual Total Time": 600.853,
                "Actual Rows": 56190,
                "Actual Loops": 2,
                "Inner Unique": true,
                "Hash Cond": "(mk.movie_id = t.id)",
                "Plans": [
                  {
                    "Node Type": "Bitmap Heap Scan",
                    "Parent Relationship": "Outer",
                    "Parallel Aware": true,
                    "Relation Name": "movie_keyword",
                    "Alias": "mk",
                    "Startup Cost": 19293.44,
                    "Total Cost": 50435.3,
                    "Plan Rows": 535029,
                    "Plan Width": 4,
                    "Actual Startup Time": 62.432,
                    "Actual Total Time": 147.568,
                    "Actual Rows": 460166,
                    "Actual Loops": 2,
                    "Recheck Cond": "(keyword_id < 870)",
                    "Rows Removed by Index Recheck": 0,
                    "Exact Heap Blocks": 12404,
                    "Lossy Heap Blocks": 0,
                    "Plans": [
                      {
                        "Node Type": "Bitmap Index Scan",
                        "Parent Relationship": "Outer",
                        "Parallel Aware": false,
                        "Index Name": "keyword_id_movie_keyword",
                        "Startup Cost": 0.0,
                        "Total Cost": 19066.05,
                        "Plan Rows": 909549,
                        "Plan Width": 0,
                        "Actual Startup Time": 58.852,
                        "Actual Total Time": 58.853,
                        "Actual Rows": 920332,
                        "Actual Loops": 1,
                        "Index Cond": "(keyword_id < 870)"
                      }
                    ]
                  },
                  {
                    "Node Type": "Hash",
                    "Parent Relationship": "Inner",
                    "Parallel Aware": true,
                    "Startup Cost": 54588.39,
                    "Total Cost": 54588.39,
                    "Plan Rows": 904038,
                    "Plan Width": 4,
                    "Actual Startup Time": 348.397,
                    "Actual Total Time": 348.398,
                    "Actual Rows": 771632,
                    "Actual Loops": 2,
                    "Hash Buckets": 2097152,
                    "Original Hash Buckets": 2097152,
                    "Hash Batches": 1,
                    "Original Hash Batches": 1,
                    "Peak Memory Usage": 76800,
                    "Plans": [
                      {
                        "Node Type": "Seq Scan",
                        "Parent Relationship": "Outer",
                        "Parallel Aware": true,
                        "Relation Name": "title",
                        "Alias": "t",
                        "Startup Cost": 0.0,
                        "Total Cost": 54588.39,
                        "Plan Rows": 904038,
                        "Plan Width": 4,
                        "Actual Startup Time": 0.029,
                        "Actual Total Time": 157.291,
                        "Actual Rows": 771632,
                        "Actual Loops": 2,
                        "Filter": "(kind_id = 7)",
                        "Rows Removed by Filter": 492524
                      }
                    ]
                  }
                ]
              }
            ]
          }
        ]
      }
    ]
  },
  "Planning Time": 0.672,
  "Triggers": [],
  "Execution Time": 633.483
}