[
  {
    "Plan": {
      "Node Type": "Aggregate",
      "Strategy": "Plain",
      "Partial Mode": "Finalize",
      "Parallel Aware": false,
      "Startup Cost": 47274.19,
      "Total Cost": 47274.2,
      "Plan Rows": 1,
      "Plan Width": 8,
      "Actual Startup Time": 229.061,
      "Actual Total Time": 241.572,
      "Actual Rows": 1,
      "Actual Loops": 1,
      "Plans": [
        {
          "Node Type": "Gather",
          "Parent Relationship": "Outer",
          "Parallel Aware": false,
          "Startup Cost": 47273.87,
          "Total Cost": 47274.18,
          "Plan Rows": 3,
          "Plan Width": 8,
          "Actual Startup Time": 228.89,
          "Actual Total Time": 241.558,
          "Actual Rows": 4,
          "Actual Loops": 1,
          "Workers Planned": 3,
          "Workers Launched": 3,
          "Single Copy": false,
          "Plans": [
            {
              "Node Type": "Aggregate",
              "Strategy": "Plain",
              "Partial Mode": "Partial",
              "Parent Relationship": "Outer",
              "Parallel Aware": false,
              "Startup Cost": 46273.87,
              "Total Cost": 46273.88,
              "Plan Rows": 1,
              "Plan Width": 8,
              "Actual Startup Time": 221.508,
              "Actual Total Time": 221.509,
              "Actual Rows": 1,
              "Actual Loops": 4,
              "Plans": [
                {
                  "Node Type": "Seq Scan",
                  "Parent Relationship": "Outer",
                  "Parallel Aware": true,
                  "Relation Name": "movie_keyword",
                  "Alias": "mk",
                  "Startup Cost": 0.0,
                  "Total Cost": 42695.65,
                  "Plan Rows": 1431286,
                  "Plan Width": 0,
                  "Actual Startup Time": 0.054,
                  "Actual Total Time": 156.955,
                  "Actual Rows": 1109730,
                  "Actual Loops": 4,
                  "Filter": "(keyword_id < 86338)",
                  "Rows Removed by Filter": 21253
                }
              ]
            }
          ]
        }
      ]
    },
    "Planning Time": 0.216,
    "Triggers": [],
    "Execution Time": 241.628
  }
]