[
  {
    "Plan": {
      "Node Type": "Aggregate",
      "Strategy": "Plain",
      "Partial Mode": "Finalize",
      "Parallel Aware": false,
      "Startup Cost": 27286.2,
      "Total Cost": 27286.21,
      "Plan Rows": 1,
      "Plan Width": 8,
      "Actual Startup Time": 95.279,
      "Actual Total Time": 102.343,
      "Actual Rows": 1,
      "Actual Loops": 1,
      "Plans": [
        {
          "Node Type": "Gather",
          "Parent Relationship": "Outer",
          "Parallel Aware": false,
          "Startup Cost": 27285.88,
          "Total Cost": 27286.19,
          "Plan Rows": 3,
          "Plan Width": 8,
          "Actual Startup Time": 95.009,
          "Actual Total Time": 102.334,
          "Actual Rows": 4,
          "Actual Loops": 1,
          "Workers Planned": 3,
          "Workers Launched": 3,
          "Single Copy": false,
          "Plans": [
            {
              "Node Type": "Aggregate",
              "Strategy": "Plain",
              "Partial Mode": "Partial",
              "Parent Relationship": "Outer",
              "Parallel Aware": false,
              "Startup Cost": 26285.88,
              "Total Cost": 26285.89,
              "Plan Rows": 1,
              "Plan Width": 8,
              "Actual Startup Time": 86.813,
              "Actual Total Time": 86.814,
              "Actual Rows": 1,
              "Actual Loops": 4,
              "Plans": [
                {
                  "Node Type": "Bitmap Heap Scan",
                  "Parent Relationship": "Outer",
                  "Parallel Aware": true,
                  "Relation Name": "movie_companies",
                  "Alias": "mc",
                  "Startup Cost": 6030.29,
                  "Total Cost": 26174.76,
                  "Plan Rows": 44450,
                  "Plan Width": 0,
                  "Actual Startup Time": 28.525,
                  "Actual Total Time": 81.839,
                  "Actual Rows": 53401,
                  "Actual Loops": 4,
                  "Recheck Cond": "(company_id < 147)",
                  "Rows Removed by Index Recheck": 0,
                  "Filter": "(company_type_id = 1)",
                  "Rows Removed by Filter": 16020,
                  "Exact Heap Blocks": 7479,
                  "Lossy Heap Blocks": 0,
                  "Plans": [
                    {
                      "Node Type": "Bitmap Index Scan",
                      "Parent Relationship": "Outer",
                      "Parallel Aware": false,
                      "Index Name": "company_id_movie_companies",
                      "Startup Cost": 0.0,
                      "Total Cost": 5995.85,
                      "Plan Rows": 279922,
                      "Plan Width": 0,
                      "Actual Startup Time": 30.243,
                      "Actual Total Time": 30.243,
                      "Actual Rows": 277682,
                      "Actual Loops": 1,
                      "Index Cond": "(company_id < 147)"
                    }
                  ]
                }
              ]
            }
          ]
        }
      ]
    },
    "Planning Time": 0.229,
    "Triggers": [],
    "Execution Time": 102.419
  }
]