[
  {
    "Plan": {
      "Node Type": "Aggregate",
      "Strategy": "Plain",
      "Partial Mode": "Finalize",
      "Parallel Aware": false,
      "Startup Cost": 347452.97,
      "Total Cost": 347452.98,
      "Plan Rows": 1,
      "Plan Width": 8,
      "Actual Startup Time": 688.948,
      "Actual Total Time": 742.07,
      "Actual Rows": 1,
      "Actual Loops": 1,
      "Plans": [
        {
          "Node Type": "Gather",
          "Parent Relationship": "Outer",
          "Parallel Aware": false,
          "Startup Cost": 347452.35,
          "Total Cost": 347452.96,
          "Plan Rows": 6,
          "Plan Width": 8,
          "Actual Startup Time": 688.833,
          "Actual Total Time": 742.06,
          "Actual Rows": 7,
          "Actual Loops": 1,
          "Workers Planned": 6,
          "Workers Launched": 6,
          "Single Copy": false,
          "Plans": [
            {
              "Node Type": "Aggregate",
              "Strategy": "Plain",
              "Partial Mode": "Partial",
              "Parent Relationship": "Outer",
              "Parallel Aware": false,
              "Startup Cost": 346452.35,
              "Total Cost": 346452.36,
              "Plan Rows": 1,
              "Plan Width": 8,
              "Actual Startup Time": 679.092,
              "Actual Total Time": 679.093,
              "Actual Rows": 1,
              "Actual Loops": 7,
              "Plans": [
                {
                  "Node Type": "Seq Scan",
                  "Parent Relationship": "Outer",
                  "Parallel Aware": true,
                  "Relation Name": "cast_info",
                  "Alias": "ci",
                  "Startup Cost": 0.0,
                  "Total Cost": 343257.03,
                  "Plan Rows": 1278127,
                  "Plan Width": 0,
                  "Actual Startup Time": 358.889,
                  "Actual Total Time": 647.317,
                  "Actual Rows": 677601,
                  "Actual Loops": 7,
                  "Filter": "((person_id < 1680542) AND (role_id > 2))",
                  "Rows Removed by Filter": 4500162
                }
              ]
            }
          ]
        }
      ]
    },
    "Planning Time": 0.22,
    "Triggers": [],
    "Execution Time": 742.142
  }
]