[
  {
    "Plan": {
      "Node Type": "Aggregate",
      "Strategy": "Plain",
      "Partial Mode": "Finalize",
      "Parallel Aware": false,
      "Startup Cost": 463564.18,
      "Total Cost": 463564.19,
      "Plan Rows": 1,
      "Plan Width": 8,
      "Actual Startup Time": 3124.0,
      "Actual Total Time": 3196.911,
      "Actual Rows": 1,
      "Actual Loops": 1,
      "Plans": [
        {
          "Node Type": "Gather",
          "Parent Relationship": "Outer",
          "Parallel Aware": false,
          "Startup Cost": 463563.56,
          "Total Cost": 463564.17,
          "Plan Rows": 6,
          "Plan Width": 8,
          "Actual Startup Time": 3105.781,
          "Actual Total Time": 3196.888,
          "Actual Rows": 7,
          "Actual Loops": 1,
          "Workers Planned": 6,
          "Workers Launched": 6,
          "Single Copy": false,
          "Plans": [
            {
              "Node Type": "Aggregate",
              "Strategy": "Plain",
              "Partial Mode": "Partial",
              "Parent Relationship": "Outer",
              "Parallel Aware": false,
              "Startup Cost": 462563.56,
              "Total Cost": 462563.57,
              "Plan Rows": 1,
              "Plan Width": 8,
              "Actual Startup Time": 3083.255,
              "Actual Total Time": 3084.107,
              "Actual Rows": 1,
              "Actual Loops": 7,
              "Plans": [
                {
                  "Node Type": "Hash Join",
                  "Parent Relationship": "Outer",
                  "Parallel Aware": true,
                  "Join Type": "Inner",
                  "Startup Cost": 90731.76,
                  "Total Cost": 455114.05,
                  "Plan Rows": 2979803,
                  "Plan Width": 0,
                  "Actual Startup Time": 720.296,
                  "Actual Total Time": 2844.772,
                  "Actual Rows": 4977551,
                  "Actual Loops": 7,
                  "Inner Unique": false,
                  "Hash Cond": "(ci.movie_id = t.id)",
                  "Plans": [
                    {
                      "Node Type": "Seq Scan",
                      "Parent Relationship": "Outer",
                      "Parallel Aware": true,
                      "Relation Name": "cast_info",
                      "Alias": "ci",
                      "Startup Cost": 0.0,
                      "Total Cost": 343316.27,
                      "Plan Rows": 3054333,
                      "Plan Width": 4,
                      "Actual Startup Time": 47.037,
                      "Actual Total Time": 755.846,
                      "Actual Rows": 2512332,
                      "Actual Loops": 7,
                      "Filter": "((person_id > 337290) AND (role_id < 3))",
                      "Rows Removed by Filter": 2665431
                    },
                    {
                      "Node Type": "Hash",
                      "Parent Relationship": "Inner",
                      "Parallel Aware": true,
                      "Startup Cost": 80785.29,
                      "Total Cost": 80785.29,
                      "Plan Rows": 795718,
                      "Plan Width": 8,
                      "Actual Startup Time": 665.968,
                      "Actual Total Time": 666.816,
                      "Actual Rows": 350477,
                      "Actual Loops": 7,
                      "Hash Buckets": 4194304,
                      "Original Hash Buckets": 4194304,
                      "Hash Batches": 1,
                      "Original Hash Batches": 1,
                      "Peak Memory Usage": 128832,
                      "Plans": [
                        {
                          "Node Type": "Hash Join",
                          "Parent Relationship": "Outer",
                          "Parallel Aware": true,
                          "Join Type": "Inner",
                          "Startup Cost": 51369.4,
                          "Total Cost": 80785.29,
                          "Plan Rows": 795718,
                          "Plan Width": 8,
                          "Actual Startup Time": 292.985,
                          "Actual Total Time": 498.593,
                          "Actual Rows": 350477,
                          "Actual Loops": 7,
                          "Inner Unique": true,
                          "Hash Cond": "(mc.movie_id = t.id)",
                          "Plans": [
                            {
                              "Node Type": "Seq Scan",
                              "Parent Relationship": "Outer",
                              "Parallel Aware": true,
                              "Relation Name": "movie_companies",
                              "Alias": "mc",
                              "Startup Cost": 0.0,
                              "Total Cost": 27206.55,
                              "Plan Rows": 841655,
                              "Plan Width": 4,
                              "Actual Startup Time": 0.023,
                              "Actual Total Time": 46.561,
                              "Actual Rows": 372733,
                              "Actual Loops": 7
                            },
                            {
                              "Node Type": "Hash",
                              "Parent Relationship": "Inner",
                              "Parallel Aware": true,
                              "Startup Cost": 43899.32,
                              "Total Cost": 43899.32,
                              "Plan Rows": 597606,
                              "Plan Width": 4,
                              "Actual Startup Time": 288.591,
                              "Actual Total Time": 288.593,
                              "Actual Rows": 341243,
                              "Actual Loops": 7,
                              "Hash Buckets": 4194304,
                              "Original Hash Buckets": 4194304,
                              "Hash Batches": 1,
                              "Original Hash Batches": 1,
                              "Peak Memory Usage": 126336,
                              "Plans": [
                                {
                                  "Node Type": "Seq Scan",
                                  "Parent Relationship": "Outer",
                                  "Parallel Aware": true,
                                  "Relation Name": "title",
                                  "Alias": "t",
                                  "Startup Cost": 0.0,
                                  "Total Cost": 43899.32,
                                  "Plan Rows": 597606,
                                  "Plan Width": 4,
                                  "Actual Startup Time": 0.073,
                                  "Actual Total Time": 94.154,
                                  "Actual Rows": 341243,
                                  "Actual Loops": 7,
                                  "Filter": "(production_year > 1915)",
                                  "Rows Removed by Filter": 19944
                                }
                              ]
                            }
                          ]
                        }
                      ]
                    }
                  ]
                }
              ]
            }
          ]
        }
      ]
    },
    "Planning Time": 1.422,
    "Triggers": [],
    "Execution Time": 3197.008
  }
]