[
  {
    "Plan": {
      "Node Type": "Aggregate",
      "Strategy": "Plain",
      "Partial Mode": "Finalize",
      "Parallel Aware": false,
      "Startup Cost": 44596.35,
      "Total Cost": 44596.36,
      "Plan Rows": 1,
      "Plan Width": 8,
      "Actual Startup Time": 146.265,
      "Actual Total Time": 155.965,
      "Actual Rows": 1,
      "Actual Loops": 1,
      "Plans": [
        {
          "Node Type": "Gather",
          "Parent Relationship": "Outer",
          "Parallel Aware": false,
          "Startup Cost": 44596.03,
          "Total Cost": 44596.34,
          "Plan Rows": 3,
          "Plan Width": 8,
          "Actual Startup Time": 146.109,
          "Actual Total Time": 155.953,
          "Actual Rows": 4,
          "Actual Loops": 1,
          "Workers Planned": 3,
          "Workers Launched": 3,
          "Single Copy": false,
          "Plans": [
            {
              "Node Type": "Aggregate",
              "Strategy": "Plain",
              "Partial Mode": "Partial",
              "Parent Relationship": "Outer",
              "Parallel Aware": false,
              "Startup Cost": 43596.03,
              "Total Cost": 43596.04,
              "Plan Rows": 1,
              "Plan Width": 8,
              "Actual Startup Time": 137.903,
              "Actual Total Time": 137.904,
              "Actual Rows": 1,
              "Actual Loops": 4,
              "Plans": [
                {
                  "Node Type": "Seq Scan",
                  "Parent Relationship": "Outer",
                  "Parallel Aware": true,
                  "Relation Name": "movie_keyword",
                  "Alias": "mk",
                  "Startup Cost": 0.0,
                  "Total Cost": 42695.65,
                  "Plan Rows": 360152,
                  "Plan Width": 0,
                  "Actual Startup Time": 0.061,
                  "Actual Total Time": 120.934,
                  "Actual Rows": 281150,
                  "Actual Loops": 4,
                  "Filter": "(keyword_id < 1214)",
                  "Rows Removed by Filter": 849832
                }
              ]
            }
          ]
        }
      ]
    },
    "Planning Time": 0.153,
    "Triggers": [],
    "Execution Time": 156.023
  }
]