[
  {
    "Plan": {
      "Node Type": "Aggregate",
      "Strategy": "Plain",
      "Partial Mode": "Finalize",
      "Parallel Aware": false,
      "Startup Cost": 66350.23,
      "Total Cost": 66350.24,
      "Plan Rows": 1,
      "Plan Width": 8,
      "Actual Startup Time": 106.541,
      "Actual Total Time": 120.84,
      "Actual Rows": 1,
      "Actual Loops": 1,
      "Plans": [
        {
          "Node Type": "Gather",
          "Parent Relationship": "Outer",
          "Parallel Aware": false,
          "Startup Cost": 66349.81,
          "Total Cost": 66350.22,
          "Plan Rows": 4,
          "Plan Width": 8,
          "Actual Startup Time": 106.351,
          "Actual Total Time": 120.827,
          "Actual Rows": 5,
          "Actual Loops": 1,
          "Workers Planned": 4,
          "Workers Launched": 4,
          "Single Copy": false,
          "Plans": [
            {
              "Node Type": "Aggregate",
              "Strategy": "Plain",
              "Partial Mode": "Partial",
              "Parent Relationship": "Outer",
              "Parallel Aware": false,
              "Startup Cost": 65349.81,
              "Total Cost": 65349.82,
              "Plan Rows": 1,
              "Plan Width": 8,
              "Actual Startup Time": 98.743,
              "Actual Total Time": 98.745,
              "Actual Rows": 1,
              "Actual Loops": 5,
              "Plans": [
                {
                  "Node Type": "Nested Loop",
                  "Parent Relationship": "Outer",
                  "Parallel Aware": false,
                  "Join Type": "Inner",
                  "Startup Cost": 0.43,
                  "Total Cost": 65345.89,
                  "Plan Rows": 1569,
                  "Plan Width": 0,
                  "Actual Startup Time": 1.681,
                  "Actual Total Time": 98.495,
                  "Actual Rows": 2418,
                  "Actual Loops": 5,
                  "Inner Unique": false,
                  "Plans": [
                    {
                      "Node Type": "Seq Scan",
                      "Parent Relationship": "Outer",
                      "Parallel Aware": true,
                      "Relation Name": "title",
                      "Alias": "t",
                      "Startup Cost": 0.0,
                      "Total Cost": 45479.59,
                      "Plan Rows": 1521,
                      "Plan Width": 4,
                      "Actual Startup Time": 1.554,
                      "Actual Total Time": 82.707,
                      "Actual Rows": 1246,
                      "Actual Loops": 5,
                      "Filter": "((kind_id < 7) AND (production_year = 1970))",
                      "Rows Removed by Filter": 504416
                    },
                    {
                      "Node Type": "Index Only Scan",
                      "Parent Relationship": "Inner",
                      "Parallel Aware": false,
                      "Scan Direction": "Forward",
                      "Index Name": "movie_id_movie_companies",
                      "Relation Name": "movie_companies",
                      "Alias": "mc",
                      "Startup Cost": 0.43,
                      "Total Cost": 13.01,
                      "Plan Rows": 5,
                      "Plan Width": 4,
                      "Actual Startup Time": 0.01,
                      "Actual Total Time": 0.012,
                      "Actual Rows": 2,
                      "Actual Loops": 6232,
                      "Index Cond": "(movie_id = t.id)",
                      "Rows Removed by Index Recheck": 0,
                      "Heap Fetches": 12088
                    }
                  ]
                }
              ]
            }
          ]
        }
      ]
    },
    "Planning Time": 0.563,
    "Triggers": [],
    "Execution Time": 120.907
  }
]