[
    {
        "Bao": {
            "Bao prediction": 1622.065,
            "Bao recommended hint": "SET enable_mergejoin TO off; SET enable_indexscan TO off; "
        }
    },
    {
        "Plan": {
            "Node Type": "Aggregate",
            "Strategy": "Plain",
            "Partial Mode": "Finalize",
            "Parallel Aware": false,
            "Startup Cost": 564033.98,
            "Total Cost": 564033.99,
            "Plan Rows": 1,
            "Plan Width": 128,
            "Actual Startup Time": 3574.751,
            "Actual Total Time": 3831.292,
            "Actual Rows": 1,
            "Actual Loops": 1,
            "Output": [
                "min(an.name)",
                "min(chn.name)",
                "min(n.name)",
                "min(t.title)"
            ],
            "Plans": [
                {
                    "Node Type": "Gather",
                    "Parent Relationship": "Outer",
                    "Parallel Aware": false,
                    "Startup Cost": 564033.64,
                    "Total Cost": 564033.95,
                    "Plan Rows": 3,
                    "Plan Width": 128,
                    "Actual Startup Time": 3557.276,
                    "Actual Total Time": 3831.274,
                    "Actual Rows": 4,
                    "Actual Loops": 1,
                    "Output": [
                        "(PARTIAL min(an.name))",
                        "(PARTIAL min(chn.name))",
                        "(PARTIAL min(n.name))",
                        "(PARTIAL min(t.title))"
                    ],
                    "Workers Planned": 3,
                    "Workers Launched": 3,
                    "Single Copy": false,
                    "Plans": [
                        {
                            "Node Type": "Aggregate",
                            "Strategy": "Plain",
                            "Partial Mode": "Partial",
                            "Parent Relationship": "Outer",
                            "Parallel Aware": false,
                            "Startup Cost": 563033.64,
                            "Total Cost": 563033.65,
                            "Plan Rows": 1,
                            "Plan Width": 128,
                            "Actual Startup Time": 3541.893,
                            "Actual Total Time": 3544.351,
                            "Actual Rows": 1,
                            "Actual Loops": 4,
                            "Output": [
                                "PARTIAL min(an.name)",
                                "PARTIAL min(chn.name)",
                                "PARTIAL min(n.name)",
                                "PARTIAL min(t.title)"
                            ],
                            "Workers": [
                                {
                                    "Worker Number": 0,
                                    "Actual Startup Time": 3536.414,
                                    "Actual Total Time": 3536.436,
                                    "Actual Rows": 1,
                                    "Actual Loops": 1
                                },
                                {
                                    "Worker Number": 1,
                                    "Actual Startup Time": 3539.565,
                                    "Actual Total Time": 3539.583,
                                    "Actual Rows": 1,
                                    "Actual Loops": 1
                                },
                                {
                                    "Worker Number": 2,
                                    "Actual Startup Time": 3536.373,
                                    "Actual Total Time": 3536.389,
                                    "Actual Rows": 1,
                                    "Actual Loops": 1
                                }
                            ],
                            "Plans": [
                                {
                                    "Node Type": "Hash Join",
                                    "Parent Relationship": "Outer",
                                    "Parallel Aware": true,
                                    "Join Type": "Inner",
                                    "Startup Cost": 547160.62,
                                    "Total Cost": 562568.05,
                                    "Plan Rows": 46559,
                                    "Plan Width": 64,
                                    "Actual Startup Time": 3406.766,
                                    "Actual Total Time": 3517.593,
                                    "Actual Rows": 224408,
                                    "Actual Loops": 4,
                                    "Output": [
                                        "an.name",
                                        "chn.name",
                                        "n.name",
                                        "t.title"
                                    ],
                                    "Inner Unique": false,
                                    "Hash Cond": "(an.person_id = n.id)",
                                    "Workers": [
                                        {
                                            "Worker Number": 0,
                                            "Actual Startup Time": 3405.137,
                                            "Actual Total Time": 3502.14,
                                            "Actual Rows": 285345,
                                            "Actual Loops": 1
                                        },
                                        {
                                            "Worker Number": 1,
                                            "Actual Startup Time": 3402.248,
                                            "Actual Total Time": 3514.931,
                                            "Actual Rows": 203114,
                                            "Actual Loops": 1
                                        },
                                        {
                                            "Worker Number": 2,
                                            "Actual Startup Time": 3399.437,
                                            "Actual Total Time": 3511.091,
                                            "Actual Rows": 218426,
                                            "Actual Loops": 1
                                        }
                                    ],
                                    "Plans": [
                                        {
                                            "Node Type": "Seq Scan",
                                            "Parent Relationship": "Outer",
                                            "Parallel Aware": true,
                                            "Relation Name": "aka_name",
                                            "Schema": "public",
                                            "Alias": "an",
                                            "Startup Cost": 0.0,
                                            "Total Cost": 14303.56,
                                            "Plan Rows": 290756,
                                            "Plan Width": 20,
                                            "Actual Startup Time": 0.023,
                                            "Actual Total Time": 26.305,
                                            "Actual Rows": 225336,
                                            "Actual Loops": 4,
                                            "Output": [
                                                "an.id",
                                                "an.person_id",
                                                "an.name",
                                                "an.imdb_index",
                                                "an.name_pcode_cf",
                                                "an.name_pcode_nf",
                                                "an.surname_pcode",
                                                "an.md5sum"
                                            ],
                                            "Workers": [
                                                {
                                                    "Worker Number": 0,
                                                    "Actual Startup Time": 0.024,
                                                    "Actual Total Time": 21.302,
                                                    "Actual Rows": 179636,
                                                    "Actual Loops": 1
                                                },
                                                {
                                                    "Worker Number": 1,
                                                    "Actual Startup Time": 0.023,
                                                    "Actual Total Time": 28.046,
                                                    "Actual Rows": 241733,
                                                    "Actual Loops": 1
                                                },
                                                {
                                                    "Worker Number": 2,
                                                    "Actual Startup Time": 0.024,
                                                    "Actual Total Time": 27.301,
                                                    "Actual Rows": 233233,
                                                    "Actual Loops": 1
                                                }
                                            ]
                                        },
                                        {
                                            "Node Type": "Hash",
                                            "Parent Relationship": "Inner",
                                            "Parallel Aware": true,
                                            "Startup Cost": 546918.07,
                                            "Total Cost": 546918.07,
                                            "Plan Rows": 19404,
                                            "Plan Width": 56,
                                            "Actual Startup Time": 3402.527,
                                            "Actual Total Time": 3404.984,
                                            "Actual Rows": 154109,
                                            "Actual Loops": 4,
                                            "Output": [
                                                "chn.name",
                                                "ci.person_id",
                                                "n.name",
                                                "n.id",
                                                "t.title"
                                            ],
                                            "Hash Buckets": 1048576,
                                            "Original Hash Buckets": 65536,
                                            "Hash Batches": 1,
                                            "Original Hash Batches": 1,
                                            "Peak Memory Usage": 72736,
                                            "Workers": [
                                                {
                                                    "Worker Number": 0,
                                                    "Actual Startup Time": 3398.93,
                                                    "Actual Total Time": 3398.95,
                                                    "Actual Rows": 153558,
                                                    "Actual Loops": 1
                                                },
                                                {
                                                    "Worker Number": 1,
                                                    "Actual Startup Time": 3398.801,
                                                    "Actual Total Time": 3398.818,
                                                    "Actual Rows": 158864,
                                                    "Actual Loops": 1
                                                },
                                                {
                                                    "Worker Number": 2,
                                                    "Actual Startup Time": 3398.739,
                                                    "Actual Total Time": 3398.754,
                                                    "Actual Rows": 149071,
                                                    "Actual Loops": 1
                                                }
                                            ],
                                            "Plans": [
                                                {
                                                    "Node Type": "Hash Join",
                                                    "Parent Relationship": "Outer",
                                                    "Parallel Aware": true,
                                                    "Join Type": "Inner",
                                                    "Startup Cost": 516306.35,
                                                    "Total Cost": 546918.07,
                                                    "Plan Rows": 19404,
                                                    "Plan Width": 56,
                                                    "Actual Startup Time": 3045.273,
                                                    "Actual Total Time": 3295.009,
                                                    "Actual Rows": 154109,
                                                    "Actual Loops": 4,
                                                    "Output": [
                                                        "chn.name",
                                                        "ci.person_id",
                                                        "n.name",
                                                        "n.id",
                                                        "t.title"
                                                    ],
                                                    "Inner Unique": false,
                                                    "Hash Cond": "(mc.movie_id = ci.movie_id)",
                                                    "Workers": [
                                                        {
                                                            "Worker Number": 0,
                                                            "Actual Startup Time": 3041.645,
                                                            "Actual Total Time": 3289.356,
                                                            "Actual Rows": 153558,
                                                            "Actual Loops": 1
                                                        },
                                                        {
                                                            "Worker Number": 1,
                                                            "Actual Startup Time": 3041.491,
                                                            "Actual Total Time": 3288.468,
                                                            "Actual Rows": 158864,
                                                            "Actual Loops": 1
                                                        },
                                                        {
                                                            "Worker Number": 2,
                                                            "Actual Startup Time": 3041.535,
                                                            "Actual Total Time": 3288.869,
                                                            "Actual Rows": 149071,
                                                            "Actual Loops": 1
                                                        }
                                                    ],
                                                    "Plans": [
                                                        {
                                                            "Node Type": "Hash Join",
                                                            "Parent Relationship": "Outer",
                                                            "Parallel Aware": true,
                                                            "Join Type": "Inner",
                                                            "Startup Cost": 5351.02,
                                                            "Total Cost": 34766.95,
                                                            "Plan Rows": 305940,
                                                            "Plan Width": 4,
                                                            "Actual Startup Time": 16.12,
                                                            "Actual Total Time": 180.779,
                                                            "Actual Rows": 288450,
                                                            "Actual Loops": 4,
                                                            "Output": [
                                                                "mc.movie_id"
                                                            ],
                                                            "Inner Unique": true,
                                                            "Hash Cond": "(mc.company_id = cn.id)",
                                                            "Workers": [
                                                                {
                                                                    "Worker Number": 0,
                                                                    "Actual Startup Time": 15.508,
                                                                    "Actual Total Time": 178.338,
                                                                    "Actual Rows": 295224,
                                                                    "Actual Loops": 1
                                                                },
                                                                {
                                                                    "Worker Number": 1,
                                                                    "Actual Startup Time": 16.287,
                                                                    "Actual Total Time": 178.074,
                                                                    "Actual Rows": 292094,
                                                                    "Actual Loops": 1
                                                                },
                                                                {
                                                                    "Worker Number": 2,
                                                                    "Actual Startup Time": 16.066,
                                                                    "Actual Total Time": 176.887,
                                                                    "Actual Rows": 279475,
                                                                    "Actual Loops": 1
                                                                }
                                                            ],
                                                            "Plans": [
                                                                {
                                                                    "Node Type": "Seq Scan",
                                                                    "Parent Relationship": "Outer",
                                                                    "Parallel Aware": true,
                                                                    "Relation Name": "movie_companies",
                                                                    "Schema": "public",
                                                                    "Alias": "mc",
                                                                    "Startup Cost": 0.0,
                                                                    "Total Cost": 27206.55,
                                                                    "Plan Rows": 841655,
                                                                    "Plan Width": 8,
                                                                    "Actual Startup Time": 0.025,
                                                                    "Actual Total Time": 61.11,
                                                                    "Actual Rows": 652282,
                                                                    "Actual Loops": 4,
                                                                    "Output": [
                                                                        "mc.id",
                                                                        "mc.movie_id",
                                                                        "mc.company_id",
                                                                        "mc.company_type_id",
                                                                        "mc.note"
                                                                    ],
                                                                    "Workers": [
                                                                        {
                                                                            "Worker Number": 0,
                                                                            "Actual Startup Time": 0.03,
                                                                            "Actual Total Time": 61.379,
                                                                            "Actual Rows": 664995,
                                                                            "Actual Loops": 1
                                                                        },
                                                                        {
                                                                            "Worker Number": 1,
                                                                            "Actual Startup Time": 0.028,
                                                                            "Actual Total Time": 61.034,
                                                                            "Actual Rows": 664358,
                                                                            "Actual Loops": 1
                                                                        },
                                                                        {
                                                                            "Worker Number": 2,
                                                                            "Actual Startup Time": 0.033,
                                                                            "Actual Total Time": 59.671,
                                                                            "Actual Rows": 623122,
                                                                            "Actual Loops": 1
                                                                        }
                                                                    ]
                                                                },
                                                                {
                                                                    "Node Type": "Hash",
                                                                    "Parent Relationship": "Inner",
                                                                    "Parallel Aware": true,
                                                                    "Startup Cost": 4722.92,
                                                                    "Total Cost": 4722.92,
                                                                    "Plan Rows": 50248,
                                                                    "Plan Width": 4,
                                                                    "Actual Startup Time": 15.593,
                                                                    "Actual Total Time": 15.594,
                                                                    "Actual Rows": 21211,
                                                                    "Actual Loops": 4,
                                                                    "Output": [
                                                                        "cn.id"
                                                                    ],
                                                                    "Hash Buckets": 131072,
                                                                    "Original Hash Buckets": 131072,
                                                                    "Hash Batches": 1,
                                                                    "Original Hash Batches": 1,
                                                                    "Peak Memory Usage": 4448,
                                                                    "Workers": [
                                                                        {
                                                                            "Worker Number": 0,
                                                                            "Actual Startup Time": 15.432,
                                                                            "Actual Total Time": 15.433,
                                                                            "Actual Rows": 21390,
                                                                            "Actual Loops": 1
                                                                        },
                                                                        {
                                                                            "Worker Number": 1,
                                                                            "Actual Startup Time": 16.214,
                                                                            "Actual Total Time": 16.215,
                                                                            "Actual Rows": 21276,
                                                                            "Actual Loops": 1
                                                                        },
                                                                        {
                                                                            "Worker Number": 2,
                                                                            "Actual Startup Time": 15.975,
                                                                            "Actual Total Time": 15.977,
                                                                            "Actual Rows": 20649,
                                                                            "Actual Loops": 1
                                                                        }
                                                                    ],
                                                                    "Plans": [
                                                                        {
                                                                            "Node Type": "Seq Scan",
                                                                            "Parent Relationship": "Outer",
                                                                            "Parallel Aware": true,
                                                                            "Relation Name": "company_name",
                                                                            "Schema": "public",
                                                                            "Alias": "cn",
                                                                            "Startup Cost": 0.0,
                                                                            "Total Cost": 4722.92,
                                                                            "Plan Rows": 50248,
                                                                            "Plan Width": 4,
                                                                            "Actual Startup Time": 0.021,
                                                                            "Actual Total Time": 9.43,
                                                                            "Actual Rows": 21211,
                                                                            "Actual Loops": 4,
                                                                            "Output": [
                                                                                "cn.id"
                                                                            ],
                                                                            "Filter": "((cn.country_code)::text = '[us]'::text)",
                                                                            "Rows Removed by Filter": 37538,
                                                                            "Workers": [
                                                                                {
                                                                                    "Worker Number": 0,
                                                                                    "Actual Startup Time": 0.021,
                                                                                    "Actual Total Time": 9.54,
                                                                                    "Actual Rows": 21390,
                                                                                    "Actual Loops": 1
                                                                                },
                                                                                {
                                                                                    "Worker Number": 1,
                                                                                    "Actual Startup Time": 0.024,
                                                                                    "Actual Total Time": 9.599,
                                                                                    "Actual Rows": 21276,
                                                                                    "Actual Loops": 1
                                                                                },
                                                                                {
                                                                                    "Worker Number": 2,
                                                                                    "Actual Startup Time": 0.022,
                                                                                    "Actual Total Time": 8.855,
                                                                                    "Actual Rows": 20649,
                                                                                    "Actual Loops": 1
                                                                                }
                                                                            ]
                                                                        }
                                                                    ]
                                                                }
                                                            ]
                                                        },
                                                        {
                                                            "Node Type": "Hash",
                                                            "Parent Relationship": "Inner",
                                                            "Parallel Aware": true,
                                                            "Startup Cost": 510749.67,
                                                            "Total Cost": 510749.67,
                                                            "Plan Rows": 16453,
                                                            "Plan Width": 64,
                                                            "Actual Startup Time": 3027.947,
                                                            "Actual Total Time": 3027.96,
                                                            "Actual Rows": 90368,
                                                            "Actual Loops": 4,
                                                            "Output": [
                                                                "chn.name",
                                                                "ci.movie_id",
                                                                "ci.person_id",
                                                                "n.name",
                                                                "n.id",
                                                                "t.title",
                                                                "t.id"
                                                            ],
                                                            "Hash Buckets": 524288,
                                                            "Original Hash Buckets": 131072,
                                                            "Hash Batches": 1,
                                                            "Original Hash Batches": 1,
                                                            "Peak Memory Usage": 43872,
                                                            "Workers": [
                                                                {
                                                                    "Worker Number": 0,
                                                                    "Actual Startup Time": 3024.954,
                                                                    "Actual Total Time": 3024.967,
                                                                    "Actual Rows": 91696,
                                                                    "Actual Loops": 1
                                                                },
                                                                {
                                                                    "Worker Number": 1,
                                                                    "Actual Startup Time": 3024.858,
                                                                    "Actual Total Time": 3024.869,
                                                                    "Actual Rows": 90260,
                                                                    "Actual Loops": 1
                                                                },
                                                                {
                                                                    "Worker Number": 2,
                                                                    "Actual Startup Time": 3024.872,
                                                                    "Actual Total Time": 3024.882,
                                                                    "Actual Rows": 88756,
                                                                    "Actual Loops": 1
                                                                }
                                                            ],
                                                            "Plans": [
                                                                {
                                                                    "Node Type": "Hash Join",
                                                                    "Parent Relationship": "Outer",
                                                                    "Parallel Aware": true,
                                                                    "Join Type": "Inner",
                                                                    "Startup Cost": 466032.79,
                                                                    "Total Cost": 510749.67,
                                                                    "Plan Rows": 16453,
                                                                    "Plan Width": 64,
                                                                    "Actual Startup Time": 2697.71,
                                                                    "Actual Total Time": 2948.289,
                                                                    "Actual Rows": 90368,
                                                                    "Actual Loops": 4,
                                                                    "Output": [
                                                                        "chn.name",
                                                                        "ci.movie_id",
                                                                        "ci.person_id",
                                                                        "n.name",
                                                                        "n.id",
                                                                        "t.title",
                                                                        "t.id"
                                                                    ],
                                                                    "Inner Unique": false,
                                                                    "Hash Cond": "(t.id = ci.movie_id)",
                                                                    "Workers": [
                                                                        {
                                                                            "Worker Number": 0,
                                                                            "Actual Startup Time": 2694.737,
                                                                            "Actual Total Time": 2944.386,
                                                                            "Actual Rows": 91696,
                                                                            "Actual Loops": 1
                                                                        },
                                                                        {
                                                                            "Worker Number": 1,
                                                                            "Actual Startup Time": 2694.567,
                                                                            "Actual Total Time": 2944.996,
                                                                            "Actual Rows": 90260,
                                                                            "Actual Loops": 1
                                                                        },
                                                                        {
                                                                            "Worker Number": 2,
                                                                            "Actual Startup Time": 2694.6,
                                                                            "Actual Total Time": 2945.68,
                                                                            "Actual Rows": 88756,
                                                                            "Actual Loops": 1
                                                                        }
                                                                    ],
                                                                    "Plans": [
                                                                        {
                                                                            "Node Type": "Seq Scan",
                                                                            "Parent Relationship": "Outer",
                                                                            "Parallel Aware": true,
                                                                            "Relation Name": "title",
                                                                            "Schema": "public",
                                                                            "Alias": "t",
                                                                            "Startup Cost": 0.0,
                                                                            "Total Cost": 42319.06,
                                                                            "Plan Rows": 632106,
                                                                            "Plan Width": 21,
                                                                            "Actual Startup Time": 0.037,
                                                                            "Actual Total Time": 81.573,
                                                                            "Actual Rows": 632078,
                                                                            "Actual Loops": 4,
                                                                            "Output": [
                                                                                "t.id",
                                                                                "t.title",
                                                                                "t.imdb_index",
                                                                                "t.kind_id",
                                                                                "t.production_year",
                                                                                "t.imdb_id",
                                                                                "t.phonetic_code",
                                                                                "t.episode_of_id",
                                                                                "t.season_nr",
                                                                                "t.episode_nr",
                                                                                "t.series_years",
                                                                                "t.md5sum"
                                                                            ],
                                                                            "Workers": [
                                                                                {
                                                                                    "Worker Number": 0,
                                                                                    "Actual Startup Time": 0.035,
                                                                                    "Actual Total Time": 81.773,
                                                                                    "Actual Rows": 638198,
                                                                                    "Actual Loops": 1
                                                                                },
                                                                                {
                                                                                    "Worker Number": 1,
                                                                                    "Actual Startup Time": 0.045,
                                                                                    "Actual Total Time": 81.65,
                                                                                    "Actual Rows": 635922,
                                                                                    "Actual Loops": 1
                                                                                },
                                                                                {
                                                                                    "Worker Number": 2,
                                                                                    "Actual Startup Time": 0.055,
                                                                                    "Actual Total Time": 81.02,
                                                                                    "Actual Rows": 624653,
                                                                                    "Actual Loops": 1
                                                                                }
                                                                            ]
                                                                        },
                                                                        {
                                                                            "Node Type": "Hash",
                                                                            "Parent Relationship": "Inner",
                                                                            "Parallel Aware": true,
                                                                            "Startup Cost": 465895.68,
                                                                            "Total Cost": 465895.68,
                                                                            "Plan Rows": 10969,
                                                                            "Plan Width": 43,
                                                                            "Actual Startup Time": 2696.891,
                                                                            "Actual Total Time": 2696.9,
                                                                            "Actual Rows": 90368,
                                                                            "Actual Loops": 4,
                                                                            "Output": [
                                                                                "chn.name",
                                                                                "ci.movie_id",
                                                                                "ci.person_id",
                                                                                "n.name",
                                                                                "n.id"
                                                                            ],
                                                                            "Hash Buckets": 524288,
                                                                            "Original Hash Buckets": 131072,
                                                                            "Hash Batches": 1,
                                                                            "Original Hash Batches": 1,
                                                                            "Peak Memory Usage": 34432,
                                                                            "Workers": [
                                                                                {
                                                                                    "Worker Number": 0,
                                                                                    "Actual Startup Time": 2694.424,
                                                                                    "Actual Total Time": 2694.435,
                                                                                    "Actual Rows": 81547,
                                                                                    "Actual Loops": 1
                                                                                },
                                                                                {
                                                                                    "Worker Number": 1,
                                                                                    "Actual Startup Time": 2694.426,
                                                                                    "Actual Total Time": 2694.434,
                                                                                    "Actual Rows": 81131,
                                                                                    "Actual Loops": 1
                                                                                },
                                                                                {
                                                                                    "Worker Number": 2,
                                                                                    "Actual Startup Time": 2694.447,
                                                                                    "Actual Total Time": 2694.454,
                                                                                    "Actual Rows": 80435,
                                                                                    "Actual Loops": 1
                                                                                }
                                                                            ],
                                                                            "Plans": [
                                                                                {
                                                                                    "Node Type": "Nested Loop",
                                                                                    "Parent Relationship": "Outer",
                                                                                    "Parallel Aware": false,
                                                                                    "Join Type": "Inner",
                                                                                    "Startup Cost": 71666.29,
                                                                                    "Total Cost": 465895.68,
                                                                                    "Plan Rows": 10969,
                                                                                    "Plan Width": 43,
                                                                                    "Actual Startup Time": 781.591,
                                                                                    "Actual Total Time": 2592.099,
                                                                                    "Actual Rows": 90368,
                                                                                    "Actual Loops": 4,
                                                                                    "Output": [
                                                                                        "chn.name",
                                                                                        "ci.movie_id",
                                                                                        "ci.person_id",
                                                                                        "n.name",
                                                                                        "n.id"
                                                                                    ],
                                                                                    "Inner Unique": true,
                                                                                    "Workers": [
                                                                                        {
                                                                                            "Worker Number": 0,
                                                                                            "Actual Startup Time": 779.161,
                                                                                            "Actual Total Time": 2591.374,
                                                                                            "Actual Rows": 81547,
                                                                                            "Actual Loops": 1
                                                                                        },
                                                                                        {
                                                                                            "Worker Number": 1,
                                                                                            "Actual Startup Time": 779.068,
                                                                                            "Actual Total Time": 2585.207,
                                                                                            "Actual Rows": 81131,
                                                                                            "Actual Loops": 1
                                                                                        },
                                                                                        {
                                                                                            "Worker Number": 2,
                                                                                            "Actual Startup Time": 779.151,
                                                                                            "Actual Total Time": 2595.521,
                                                                                            "Actual Rows": 80435,
                                                                                            "Actual Loops": 1
                                                                                        }
                                                                                    ],
                                                                                    "Plans": [
                                                                                        {
                                                                                            "Node Type": "Hash Join",
                                                                                            "Parent Relationship": "Outer",
                                                                                            "Parallel Aware": false,
                                                                                            "Join Type": "Inner",
                                                                                            "Startup Cost": 71665.84,
                                                                                            "Total Cost": 416935.75,
                                                                                            "Plan Rows": 10969,
                                                                                            "Plan Width": 31,
                                                                                            "Actual Startup Time": 781.454,
                                                                                            "Actual Total Time": 1856.604,
                                                                                            "Actual Rows": 97579,
                                                                                            "Actual Loops": 4,
                                                                                            "Output": [
                                                                                                "ci.movie_id",
                                                                                                "ci.person_id",
                                                                                                "ci.person_role_id",
                                                                                                "n.name",
                                                                                                "n.id"
                                                                                            ],
                                                                                            "Inner Unique": true,
                                                                                            "Hash Cond": "(ci.role_id = rt.id)",
                                                                                            "Workers": [
                                                                                                {
                                                                                                    "Worker Number": 0,
                                                                                                    "Actual Startup Time": 779.037,
                                                                                                    "Actual Total Time": 1856.173,
                                                                                                    "Actual Rows": 88530,
                                                                                                    "Actual Loops": 1
                                                                                                },
                                                                                                {
                                                                                                    "Worker Number": 1,
                                                                                                    "Actual Startup Time": 778.911,
                                                                                                    "Actual Total Time": 1849.952,
                                                                                                    "Actual Rows": 87487,
                                                                                                    "Actual Loops": 1
                                                                                                },
                                                                                                {
                                                                                                    "Worker Number": 2,
                                                                                                    "Actual Startup Time": 778.989,
                                                                                                    "Actual Total Time": 1850.635,
                                                                                                    "Actual Rows": 86568,
                                                                                                    "Actual Loops": 1
                                                                                                }
                                                                                            ],
                                                                                            "Plans": [
                                                                                                {
                                                                                                    "Node Type": "Hash Join",
                                                                                                    "Parent Relationship": "Outer",
                                                                                                    "Parallel Aware": true,
                                                                                                    "Join Type": "Inner",
                                                                                                    "Startup Cost": 71664.68,
                                                                                                    "Total Cost": 416467.04,
                                                                                                    "Plan Rows": 131626,
                                                                                                    "Plan Width": 35,
                                                                                                    "Actual Startup Time": 781.294,
                                                                                                    "Actual Total Time": 1822.924,
                                                                                                    "Actual Rows": 138448,
                                                                                                    "Actual Loops": 4,
                                                                                                    "Output": [
                                                                                                        "ci.movie_id",
                                                                                                        "ci.role_id",
                                                                                                        "ci.person_id",
                                                                                                        "ci.person_role_id",
                                                                                                        "n.name",
                                                                                                        "n.id"
                                                                                                    ],
                                                                                                    "Inner Unique": true,
                                                                                                    "Hash Cond": "(ci.person_id = n.id)",
                                                                                                    "Workers": [
                                                                                                        {
                                                                                                            "Worker Number": 0,
                                                                                                            "Actual Startup Time": 778.867,
                                                                                                            "Actual Total Time": 1822.003,
                                                                                                            "Actual Rows": 125816,
                                                                                                            "Actual Loops": 1
                                                                                                        },
                                                                                                        {
                                                                                                            "Worker Number": 1,
                                                                                                            "Actual Startup Time": 778.74,
                                                                                                            "Actual Total Time": 1815.946,
                                                                                                            "Actual Rows": 124546,
                                                                                                            "Actual Loops": 1
                                                                                                        },
                                                                                                        {
                                                                                                            "Worker Number": 2,
                                                                                                            "Actual Startup Time": 778.815,
                                                                                                            "Actual Total Time": 1816.788,
                                                                                                            "Actual Rows": 125840,
                                                                                                            "Actual Loops": 1
                                                                                                        }
                                                                                                    ],
                                                                                                    "Plans": [
                                                                                                        {
                                                                                                            "Node Type": "Seq Scan",
                                                                                                            "Parent Relationship": "Outer",
                                                                                                            "Parallel Aware": true,
                                                                                                            "Relation Name": "cast_info",
                                                                                                            "Schema": "public",
                                                                                                            "Alias": "ci",
                                                                                                            "Startup Cost": 0.0,
                                                                                                            "Total Cost": 343316.27,
                                                                                                            "Plan Rows": 566131,
                                                                                                            "Plan Width": 16,
                                                                                                            "Actual Startup Time": 0.026,
                                                                                                            "Actual Total Time": 1289.27,
                                                                                                            "Actual Rows": 868615,
                                                                                                            "Actual Loops": 4,
                                                                                                            "Output": [
                                                                                                                "ci.id",
                                                                                                                "ci.person_id",
                                                                                                                "ci.movie_id",
                                                                                                                "ci.person_role_id",
                                                                                                                "ci.note",
                                                                                                                "ci.nr_order",
                                                                                                                "ci.role_id"
                                                                                                            ],
                                                                                                            "Filter": "(ci.note = ANY ('{(producer),(uncredited),(voice),(writer)}'::text[]))",
                                                                                                            "Rows Removed by Filter": 8192471,
                                                                                                            "Workers": [
                                                                                                                {
                                                                                                                    "Worker Number": 0,
                                                                                                                    "Actual Startup Time": 0.025,
                                                                                                                    "Actual Total Time": 1293.907,
                                                                                                                    "Actual Rows": 782250,
                                                                                                                    "Actual Loops": 1
                                                                                                                },
                                                                                                                {
                                                                                                                    "Worker Number": 1,
                                                                                                                    "Actual Startup Time": 0.03,
                                                                                                                    "Actual Total Time": 1287.438,
                                                                                                                    "Actual Rows": 794294,
                                                                                                                    "Actual Loops": 1
                                                                                                                },
                                                                                                                {
                                                                                                                    "Worker Number": 2,
                                                                                                                    "Actual Startup Time": 0.017,
                                                                                                                    "Actual Total Time": 1287.135,
                                                                                                                    "Actual Rows": 801681,
                                                                                                                    "Actual Loops": 1
                                                                                                                }
                                                                                                            ]
                                                                                                        },
                                                                                                        {
                                                                                                            "Node Type": "Hash",
                                                                                                            "Parent Relationship": "Inner",
                                                                                                            "Parallel Aware": true,
                                                                                                            "Startup Cost": 68636.68,
                                                                                                            "Total Cost": 68636.68,
                                                                                                            "Plan Rows": 242240,
                                                                                                            "Plan Width": 19,
                                                                                                            "Actual Startup Time": 325.443,
                                                                                                            "Actual Total Time": 325.444,
                                                                                                            "Actual Rows": 240389,
                                                                                                            "Actual Loops": 4,
                                                                                                            "Output": [
                                                                                                                "n.name",
                                                                                                                "n.id"
                                                                                                            ],
                                                                                                            "Hash Buckets": 1048576,
                                                                                                            "Original Hash Buckets": 1048576,
                                                                                                            "Hash Batches": 1,
                                                                                                            "Original Hash Batches": 1,
                                                                                                            "Peak Memory Usage": 60576,
                                                                                                            "Workers": [
                                                                                                                {
                                                                                                                    "Worker Number": 0,
                                                                                                                    "Actual Startup Time": 326.496,
                                                                                                                    "Actual Total Time": 326.497,
                                                                                                                    "Actual Rows": 220674,
                                                                                                                    "Actual Loops": 1
                                                                                                                },
                                                                                                                {
                                                                                                                    "Worker Number": 1,
                                                                                                                    "Actual Startup Time": 326.357,
                                                                                                                    "Actual Total Time": 326.358,
                                                                                                                    "Actual Rows": 218366,
                                                                                                                    "Actual Loops": 1
                                                                                                                },
                                                                                                                {
                                                                                                                    "Worker Number": 2,
                                                                                                                    "Actual Startup Time": 326.423,
                                                                                                                    "Actual Total Time": 326.424,
                                                                                                                    "Actual Rows": 201024,
                                                                                                                    "Actual Loops": 1
                                                                                                                }
                                                                                                            ],
                                                                                                            "Plans": [
                                                                                                                {
                                                                                                                    "Node Type": "Seq Scan",
                                                                                                                    "Parent Relationship": "Outer",
                                                                                                                    "Parallel Aware": true,
                                                                                                                    "Relation Name": "name",
                                                                                                                    "Schema": "public",
                                                                                                                    "Alias": "n",
                                                                                                                    "Startup Cost": 0.0,
                                                                                                                    "Total Cost": 68636.68,
                                                                                                                    "Plan Rows": 242240,
                                                                                                                    "Plan Width": 19,
                                                                                                                    "Actual Startup Time": 90.404,
                                                                                                                    "Actual Total Time": 206.548,
                                                                                                                    "Actual Rows": 240389,
                                                                                                                    "Actual Loops": 4,
                                                                                                                    "Output": [
                                                                                                                        "n.name",
                                                                                                                        "n.id"
                                                                                                                    ],
                                                                                                                    "Filter": "((n.gender)::text = 'f'::text)",
                                                                                                                    "Rows Removed by Filter": 801484,
                                                                                                                    "Workers": [
                                                                                                                        {
                                                                                                                            "Worker Number": 0,
                                                                                                                            "Actual Startup Time": 90.369,
                                                                                                                            "Actual Total Time": 208.207,
                                                                                                                            "Actual Rows": 220674,
                                                                                                                            "Actual Loops": 1
                                                                                                                        },
                                                                                                                        {
                                                                                                                            "Worker Number": 1,
                                                                                                                            "Actual Startup Time": 90.387,
                                                                                                                            "Actual Total Time": 208.288,
                                                                                                                            "Actual Rows": 218366,
                                                                                                                            "Actual Loops": 1
                                                                                                                        },
                                                                                                                        {
                                                                                                                            "Worker Number": 2,
                                                                                                                            "Actual Startup Time": 90.413,
                                                                                                                            "Actual Total Time": 205.031,
                                                                                                                            "Actual Rows": 201024,
                                                                                                                            "Actual Loops": 1
                                                                                                                        }
                                                                                                                    ]
                                                                                                                }
                                                                                                            ]
                                                                                                        }
                                                                                                    ]
                                                                                                },
                                                                                                {
                                                                                                    "Node Type": "Hash",
                                                                                                    "Parent Relationship": "Inner",
                                                                                                    "Parallel Aware": false,
                                                                                                    "Startup Cost": 1.15,
                                                                                                    "Total Cost": 1.15,
                                                                                                    "Plan Rows": 1,
                                                                                                    "Plan Width": 4,
                                                                                                    "Actual Startup Time": 0.1,
                                                                                                    "Actual Total Time": 0.101,
                                                                                                    "Actual Rows": 1,
                                                                                                    "Actual Loops": 4,
                                                                                                    "Output": [
                                                                                                        "rt.id"
                                                                                                    ],
                                                                                                    "Hash Buckets": 1024,
                                                                                                    "Original Hash Buckets": 1024,
                                                                                                    "Hash Batches": 1,
                                                                                                    "Original Hash Batches": 1,
                                                                                                    "Peak Memory Usage": 9,
                                                                                                    "Workers": [
                                                                                                        {
                                                                                                            "Worker Number": 0,
                                                                                                            "Actual Startup Time": 0.111,
                                                                                                            "Actual Total Time": 0.111,
                                                                                                            "Actual Rows": 1,
                                                                                                            "Actual Loops": 1
                                                                                                        },
                                                                                                        {
                                                                                                            "Worker Number": 1,
                                                                                                            "Actual Startup Time": 0.112,
                                                                                                            "Actual Total Time": 0.113,
                                                                                                            "Actual Rows": 1,
                                                                                                            "Actual Loops": 1
                                                                                                        },
                                                                                                        {
                                                                                                            "Worker Number": 2,
                                                                                                            "Actual Startup Time": 0.116,
                                                                                                            "Actual Total Time": 0.116,
                                                                                                            "Actual Rows": 1,
                                                                                                            "Actual Loops": 1
                                                                                                        }
                                                                                                    ],
                                                                                                    "Plans": [
                                                                                                        {
                                                                                                            "Node Type": "Seq Scan",
                                                                                                            "Parent Relationship": "Outer",
                                                                                                            "Parallel Aware": false,
                                                                                                            "Relation Name": "role_type",
                                                                                                            "Schema": "public",
                                                                                                            "Alias": "rt",
                                                                                                            "Startup Cost": 0.0,
                                                                                                            "Total Cost": 1.15,
                                                                                                            "Plan Rows": 1,
                                                                                                            "Plan Width": 4,
                                                                                                            "Actual Startup Time": 0.071,
                                                                                                            "Actual Total Time": 0.077,
                                                                                                            "Actual Rows": 1,
                                                                                                            "Actual Loops": 4,
                                                                                                            "Output": [
                                                                                                                "rt.id"
                                                                                                            ],
                                                                                                            "Filter": "((rt.role)::text = 'actress'::text)",
                                                                                                            "Rows Removed by Filter": 11,
                                                                                                            "Workers": [
                                                                                                                {
                                                                                                                    "Worker Number": 0,
                                                                                                                    "Actual Startup Time": 0.083,
                                                                                                                    "Actual Total Time": 0.089,
                                                                                                                    "Actual Rows": 1,
                                                                                                                    "Actual Loops": 1
                                                                                                                },
                                                                                                                {
                                                                                                                    "Worker Number": 1,
                                                                                                                    "Actual Startup Time": 0.084,
                                                                                                                    "Actual Total Time": 0.09,
                                                                                                                    "Actual Rows": 1,
                                                                                                                    "Actual Loops": 1
                                                                                                                },
                                                                                                                {
                                                                                                                    "Worker Number": 2,
                                                                                                                    "Actual Startup Time": 0.087,
                                                                                                                    "Actual Total Time": 0.092,
                                                                                                                    "Actual Rows": 1,
                                                                                                                    "Actual Loops": 1
                                                                                                                }
                                                                                                            ]
                                                                                                        }
                                                                                                    ]
                                                                                                }
                                                                                            ]
                                                                                        },
                                                                                        {
                                                                                            "Node Type": "Bitmap Heap Scan",
                                                                                            "Parent Relationship": "Inner",
                                                                                            "Parallel Aware": false,
                                                                                            "Relation Name": "char_name",
                                                                                            "Schema": "public",
                                                                                            "Alias": "chn",
                                                                                            "Startup Cost": 0.45,
                                                                                            "Total Cost": 4.46,
                                                                                            "Plan Rows": 1,
                                                                                            "Plan Width": 20,
                                                                                            "Actual Startup Time": 0.005,
                                                                                            "Actual Total Time": 0.005,
                                                                                            "Actual Rows": 1,
                                                                                            "Actual Loops": 390317,
                                                                                            "Output": [
                                                                                                "chn.id",
                                                                                                "chn.name",
                                                                                                "chn.imdb_index",
                                                                                                "chn.imdb_id",
                                                                                                "chn.name_pcode_nf",
                                                                                                "chn.surname_pcode",
                                                                                                "chn.md5sum"
                                                                                            ],
                                                                                            "Recheck Cond": "(chn.id = ci.person_role_id)",
                                                                                            "Rows Removed by Index Recheck": 0,
                                                                                            "Exact Heap Blocks": 118359,
                                                                                            "Lossy Heap Blocks": 0,
                                                                                            "Workers": [
                                                                                                {
                                                                                                    "Worker Number": 0,
                                                                                                    "Actual Startup Time": 0.005,
                                                                                                    "Actual Total Time": 0.005,
                                                                                                    "Actual Rows": 1,
                                                                                                    "Actual Loops": 88530
                                                                                                },
                                                                                                {
                                                                                                    "Worker Number": 1,
                                                                                                    "Actual Startup Time": 0.005,
                                                                                                    "Actual Total Time": 0.005,
                                                                                                    "Actual Rows": 1,
                                                                                                    "Actual Loops": 87487
                                                                                                },
                                                                                                {
                                                                                                    "Worker Number": 2,
                                                                                                    "Actual Startup Time": 0.006,
                                                                                                    "Actual Total Time": 0.006,
                                                                                                    "Actual Rows": 1,
                                                                                                    "Actual Loops": 86568
                                                                                                }
                                                                                            ],
                                                                                            "Plans": [
                                                                                                {
                                                                                                    "Node Type": "Bitmap Index Scan",
                                                                                                    "Parent Relationship": "Outer",
                                                                                                    "Parallel Aware": false,
                                                                                                    "Index Name": "char_name_pkey",
                                                                                                    "Startup Cost": 0.0,
                                                                                                    "Total Cost": 0.45,
                                                                                                    "Plan Rows": 1,
                                                                                                    "Plan Width": 0,
                                                                                                    "Actual Startup Time": 0.003,
                                                                                                    "Actual Total Time": 0.003,
                                                                                                    "Actual Rows": 1,
                                                                                                    "Actual Loops": 390317,
                                                                                                    "Index Cond": "(chn.id = ci.person_role_id)",
                                                                                                    "Workers": [
                                                                                                        {
                                                                                                            "Worker Number": 0,
                                                                                                            "Actual Startup Time": 0.003,
                                                                                                            "Actual Total Time": 0.003,
                                                                                                            "Actual Rows": 1,
                                                                                                            "Actual Loops": 88530
                                                                                                        },
                                                                                                        {
                                                                                                            "Worker Number": 1,
                                                                                                            "Actual Startup Time": 0.003,
                                                                                                            "Actual Total Time": 0.003,
                                                                                                            "Actual Rows": 1,
                                                                                                            "Actual Loops": 87487
                                                                                                        },
                                                                                                        {
                                                                                                            "Worker Number": 2,
                                                                                                            "Actual Startup Time": 0.004,
                                                                                                            "Actual Total Time": 0.004,
                                                                                                            "Actual Rows": 1,
                                                                                                            "Actual Loops": 86568
                                                                                                        }
                                                                                                    ]
                                                                                                }
                                                                                            ]
                                                                                        }
                                                                                    ]
                                                                                }
                                                                            ]
                                                                        }
                                                                    ]
                                                                }
                                                            ]
                                                        }
                                                    ]
                                                }
                                            ]
                                        }
                                    ]
                                }
                            ]
                        }
                    ]
                }
            ]
        },
        "Planning Time": 832.229,
        "Triggers": [],
        "Execution Time": 3832.437
    }
]