{
    "Plan": {
        "Node Type": "Aggregate",
        "Strategy": "Plain",
        "Partial Mode": "Finalize",
        "Parallel Aware": false,
        "Startup Cost": 703146.91,
        "Total Cost": 703146.92,
        "Plan Rows": 1,
        "Plan Width": 8,
        "Actual Startup Time": 8521.543,
        "Actual Total Time": 8601.766,
        "Actual Rows": 1,
        "Actual Loops": 1,
        "Output": [
            "count(*)"
        ],
        "Plans": [
            {
                "Node Type": "Gather",
                "Parent Relationship": "Outer",
                "Parallel Aware": false,
                "Startup Cost": 703146.38,
                "Total Cost": 703146.89,
                "Plan Rows": 5,
                "Plan Width": 8,
                "Actual Startup Time": 8472.533,
                "Actual Total Time": 8601.754,
                "Actual Rows": 6,
                "Actual Loops": 1,
                "Output": [
                    "(PARTIAL count(*))"
                ],
                "Workers Planned": 5,
                "Workers Launched": 5,
                "Single Copy": false,
                "Plans": [
                    {
                        "Node Type": "Aggregate",
                        "Strategy": "Plain",
                        "Partial Mode": "Partial",
                        "Parent Relationship": "Outer",
                        "Parallel Aware": false,
                        "Startup Cost": 702146.38,
                        "Total Cost": 702146.39,
                        "Plan Rows": 1,
                        "Plan Width": 8,
                        "Actual Startup Time": 8409.052,
                        "Actual Total Time": 8409.062,
                        "Actual Rows": 1,
                        "Actual Loops": 6,
                        "Output": [
                            "PARTIAL count(*)"
                        ],
                        "Workers": [
                            {
                                "Worker Number": 0,
                                "Actual Startup Time": 8396.34,
                                "Actual Total Time": 8396.345,
                                "Actual Rows": 1,
                                "Actual Loops": 1
                            },
                            {
                                "Worker Number": 1,
                                "Actual Startup Time": 8397.203,
                                "Actual Total Time": 8397.209,
                                "Actual Rows": 1,
                                "Actual Loops": 1
                            },
                            {
                                "Worker Number": 2,
                                "Actual Startup Time": 8396.409,
                                "Actual Total Time": 8396.413,
                                "Actual Rows": 1,
                                "Actual Loops": 1
                            },
                            {
                                "Worker Number": 3,
                                "Actual Startup Time": 8396.282,
                                "Actual Total Time": 8396.288,
                                "Actual Rows": 1,
                                "Actual Loops": 1
                            },
                            {
                                "Worker Number": 4,
                                "Actual Startup Time": 8396.451,
                                "Actual Total Time": 8396.457,
                                "Actual Rows": 1,
                                "Actual Loops": 1
                            }
                        ],
                        "Plans": [
                            {
                                "Node Type": "Hash Join",
                                "Parent Relationship": "Outer",
                                "Parallel Aware": true,
                                "Join Type": "Inner",
                                "Startup Cost": 428479.44,
                                "Total Cost": 661701.19,
                                "Plan Rows": 16178079,
                                "Plan Width": 0,
                                "Actual Startup Time": 3309.626,
                                "Actual Total Time": 7415.629,
                                "Actual Rows": 23165254,
                                "Actual Loops": 6,
                                "Inner Unique": false,
                                "Hash Cond": "(mi.movie_id = t.id)",
                                "Workers": [
                                    {
                                        "Worker Number": 0,
                                        "Actual Startup Time": 3298.486,
                                        "Actual Total Time": 7363.09,
                                        "Actual Rows": 22142089,
                                        "Actual Loops": 1
                                    },
                                    {
                                        "Worker Number": 1,
                                        "Actual Startup Time": 3299.406,
                                        "Actual Total Time": 7392.684,
                                        "Actual Rows": 21255551,
                                        "Actual Loops": 1
                                    },
                                    {
                                        "Worker Number": 2,
                                        "Actual Startup Time": 3298.603,
                                        "Actual Total Time": 7429.687,
                                        "Actual Rows": 25179759,
                                        "Actual Loops": 1
                                    },
                                    {
                                        "Worker Number": 3,
                                        "Actual Startup Time": 3298.577,
                                        "Actual Total Time": 7434.174,
                                        "Actual Rows": 25050693,
                                        "Actual Loops": 1
                                    },
                                    {
                                        "Worker Number": 4,
                                        "Actual Startup Time": 3298.663,
                                        "Actual Total Time": 7386.696,
                                        "Actual Rows": 20816035,
                                        "Actual Loops": 1
                                    }
                                ],
                                "Plans": [
                                    {
                                        "Node Type": "Seq Scan",
                                        "Parent Relationship": "Outer",
                                        "Parallel Aware": true,
                                        "Relation Name": "movie_info",
                                        "Schema": "public",
                                        "Alias": "mi",
                                        "Startup Cost": 0.0,
                                        "Total Cost": 191503.19,
                                        "Plan Rows": 2951019,
                                        "Plan Width": 4,
                                        "Actual Startup Time": 0.041,
                                        "Actual Total Time": 321.241,
                                        "Actual Rows": 2472620,
                                        "Actual Loops": 6,
                                        "Output": [
                                            "mi.id",
                                            "mi.movie_id",
                                            "mi.info_type_id",
                                            "mi.info",
                                            "mi.note"
                                        ],
                                        "Workers": [
                                            {
                                                "Worker Number": 0,
                                                "Actual Startup Time": 0.053,
                                                "Actual Total Time": 350.619,
                                                "Actual Rows": 2313012,
                                                "Actual Loops": 1
                                            },
                                            {
                                                "Worker Number": 1,
                                                "Actual Startup Time": 0.055,
                                                "Actual Total Time": 333.556,
                                                "Actual Rows": 2218828,
                                                "Actual Loops": 1
                                            },
                                            {
                                                "Worker Number": 2,
                                                "Actual Startup Time": 0.033,
                                                "Actual Total Time": 338.735,
                                                "Actual Rows": 2734638,
                                                "Actual Loops": 1
                                            },
                                            {
                                                "Worker Number": 3,
                                                "Actual Startup Time": 0.047,
                                                "Actual Total Time": 339.852,
                                                "Actual Rows": 2712448,
                                                "Actual Loops": 1
                                            },
                                            {
                                                "Worker Number": 4,
                                                "Actual Startup Time": 0.049,
                                                "Actual Total Time": 335.027,
                                                "Actual Rows": 2195518,
                                                "Actual Loops": 1
                                            }
                                        ]
                                    },
                                    {
                                        "Node Type": "Hash",
                                        "Parent Relationship": "Inner",
                                        "Parallel Aware": true,
                                        "Startup Cost": 399602.84,
                                        "Total Cost": 399602.84,
                                        "Plan Rows": 2310128,
                                        "Plan Width": 8,
                                        "Actual Startup Time": 3287.646,
                                        "Actual Total Time": 3287.651,
                                        "Actual Rows": 1880574,
                                        "Actual Loops": 6,
                                        "Output": [
                                            "t.id",
                                            "ci.movie_id"
                                        ],
                                        "Hash Buckets": 16777216,
                                        "Original Hash Buckets": 16777216,
                                        "Hash Batches": 1,
                                        "Original Hash Batches": 1,
                                        "Peak Memory Usage": 572544,
                                        "Workers": [
                                            {
                                                "Worker Number": 0,
                                                "Actual Startup Time": 3297.75,
                                                "Actual Total Time": 3297.754,
                                                "Actual Rows": 1659137,
                                                "Actual Loops": 1
                                            },
                                            {
                                                "Worker Number": 1,
                                                "Actual Startup Time": 3298.744,
                                                "Actual Total Time": 3298.748,
                                                "Actual Rows": 1568003,
                                                "Actual Loops": 1
                                            },
                                            {
                                                "Worker Number": 2,
                                                "Actual Startup Time": 3297.718,
                                                "Actual Total Time": 3297.721,
                                                "Actual Rows": 2189252,
                                                "Actual Loops": 1
                                            },
                                            {
                                                "Worker Number": 3,
                                                "Actual Startup Time": 3297.683,
                                                "Actual Total Time": 3297.687,
                                                "Actual Rows": 2138862,
                                                "Actual Loops": 1
                                            },
                                            {
                                                "Worker Number": 4,
                                                "Actual Startup Time": 3297.87,
                                                "Actual Total Time": 3297.874,
                                                "Actual Rows": 1595887,
                                                "Actual Loops": 1
                                            }
                                        ],
                                        "Plans": [
                                            {
                                                "Node Type": "Hash Join",
                                                "Parent Relationship": "Outer",
                                                "Parallel Aware": true,
                                                "Join Type": "Inner",
                                                "Startup Cost": 50219.81,
                                                "Total Cost": 399602.84,
                                                "Plan Rows": 2310128,
                                                "Plan Width": 8,
                                                "Actual Startup Time": 875.745,
                                                "Actual Total Time": 2298.192,
                                                "Actual Rows": 1880574,
                                                "Actual Loops": 6,
                                                "Output": [
                                                    "t.id",
                                                    "ci.movie_id"
                                                ],
                                                "Inner Unique": true,
                                                "Hash Cond": "(ci.movie_id = t.id)",
                                                "Workers": [
                                                    {
                                                        "Worker Number": 0,
                                                        "Actual Startup Time": 875.721,
                                                        "Actual Total Time": 2301.251,
                                                        "Actual Rows": 1659137,
                                                        "Actual Loops": 1
                                                    },
                                                    {
                                                        "Worker Number": 1,
                                                        "Actual Startup Time": 875.791,
                                                        "Actual Total Time": 2313.351,
                                                        "Actual Rows": 1568003,
                                                        "Actual Loops": 1
                                                    },
                                                    {
                                                        "Worker Number": 2,
                                                        "Actual Startup Time": 875.712,
                                                        "Actual Total Time": 2296.916,
                                                        "Actual Rows": 2189252,
                                                        "Actual Loops": 1
                                                    },
                                                    {
                                                        "Worker Number": 3,
                                                        "Actual Startup Time": 875.707,
                                                        "Actual Total Time": 2296.9,
                                                        "Actual Rows": 2138862,
                                                        "Actual Loops": 1
                                                    },
                                                    {
                                                        "Worker Number": 4,
                                                        "Actual Startup Time": 875.671,
                                                        "Actual Total Time": 2298.107,
                                                        "Actual Rows": 1595887,
                                                        "Actual Loops": 1
                                                    }
                                                ],
                                                "Plans": [
                                                    {
                                                        "Node Type": "Seq Scan",
                                                        "Parent Relationship": "Outer",
                                                        "Parallel Aware": true,
                                                        "Relation Name": "cast_info",
                                                        "Schema": "public",
                                                        "Alias": "ci",
                                                        "Startup Cost": 0.0,
                                                        "Total Cost": 343318.94,
                                                        "Plan Rows": 2310128,
                                                        "Plan Width": 4,
                                                        "Actual Startup Time": 525.696,
                                                        "Actual Total Time": 986.389,
                                                        "Actual Rows": 1880574,
                                                        "Actual Loops": 6,
                                                        "Output": [
                                                            "ci.id",
                                                            "ci.person_id",
                                                            "ci.movie_id",
                                                            "ci.person_role_id",
                                                            "ci.note",
                                                            "ci.nr_order",
                                                            "ci.role_id"
                                                        ],
                                                        "Filter": "((ci.person_id < 3191622) AND (ci.role_id > 2))",
                                                        "Rows Removed by Filter": 4160150,
                                                        "Workers": [
                                                            {
                                                                "Worker Number": 0,
                                                                "Actual Startup Time": 525.757,
                                                                "Actual Total Time": 1030.796,
                                                                "Actual Rows": 1659137,
                                                                "Actual Loops": 1
                                                            },
                                                            {
                                                                "Worker Number": 1,
                                                                "Actual Startup Time": 525.667,
                                                                "Actual Total Time": 1024.8,
                                                                "Actual Rows": 1568003,
                                                                "Actual Loops": 1
                                                            },
                                                            {
                                                                "Worker Number": 2,
                                                                "Actual Startup Time": 525.622,
                                                                "Actual Total Time": 977.246,
                                                                "Actual Rows": 2189252,
                                                                "Actual Loops": 1
                                                            },
                                                            {
                                                                "Worker Number": 3,
                                                                "Actual Startup Time": 525.663,
                                                                "Actual Total Time": 980.756,
                                                                "Actual Rows": 2138862,
                                                                "Actual Loops": 1
                                                            },
                                                            {
                                                                "Worker Number": 4,
                                                                "Actual Startup Time": 525.729,
                                                                "Actual Total Time": 999.062,
                                                                "Actual Rows": 1595887,
                                                                "Actual Loops": 1
                                                            }
                                                        ]
                                                    },
                                                    {
                                                        "Node Type": "Hash",
                                                        "Parent Relationship": "Inner",
                                                        "Parallel Aware": true,
                                                        "Startup Cost": 42318.81,
                                                        "Total Cost": 42318.81,
                                                        "Plan Rows": 632080,
                                                        "Plan Width": 4,
                                                        "Actual Startup Time": 344.812,
                                                        "Actual Total Time": 344.814,
                                                        "Actual Rows": 421385,
                                                        "Actual Loops": 6,
                                                        "Output": [
                                                            "t.id"
                                                        ],
                                                        "Hash Buckets": 4194304,
                                                        "Original Hash Buckets": 4194304,
                                                        "Hash Batches": 1,
                                                        "Original Hash Batches": 1,
                                                        "Peak Memory Usage": 131744,
                                                        "Workers": [
                                                            {
                                                                "Worker Number": 0,
                                                                "Actual Startup Time": 349.873,
                                                                "Actual Total Time": 349.875,
                                                                "Actual Rows": 364520,
                                                                "Actual Loops": 1
                                                            },
                                                            {
                                                                "Worker Number": 1,
                                                                "Actual Startup Time": 349.782,
                                                                "Actual Total Time": 349.783,
                                                                "Actual Rows": 352389,
                                                                "Actual Loops": 1
                                                            },
                                                            {
                                                                "Worker Number": 2,
                                                                "Actual Startup Time": 349.761,
                                                                "Actual Total Time": 349.762,
                                                                "Actual Rows": 479781,
                                                                "Actual Loops": 1
                                                            },
                                                            {
                                                                "Worker Number": 3,
                                                                "Actual Startup Time": 349.717,
                                                                "Actual Total Time": 349.719,
                                                                "Actual Rows": 474729,
                                                                "Actual Loops": 1
                                                            },
                                                            {
                                                                "Worker Number": 4,
                                                                "Actual Startup Time": 349.691,
                                                                "Actual Total Time": 349.693,
                                                                "Actual Rows": 397374,
                                                                "Actual Loops": 1
                                                            }
                                                        ],
                                                        "Plans": [
                                                            {
                                                                "Node Type": "Seq Scan",
                                                                "Parent Relationship": "Outer",
                                                                "Parallel Aware": true,
                                                                "Relation Name": "title",
                                                                "Schema": "public",
                                                                "Alias": "t",
                                                                "Startup Cost": 0.0,
                                                                "Total Cost": 42318.81,
                                                                "Plan Rows": 632080,
                                                                "Plan Width": 4,
                                                                "Actual Startup Time": 0.076,
                                                                "Actual Total Time": 112.983,
                                                                "Actual Rows": 421385,
                                                                "Actual Loops": 6,
                                                                "Output": [
                                                                    "t.id"
                                                                ],
                                                                "Workers": [
                                                                    {
                                                                        "Worker Number": 0,
                                                                        "Actual Startup Time": 0.108,
                                                                        "Actual Total Time": 117.847,
                                                                        "Actual Rows": 364520,
                                                                        "Actual Loops": 1
                                                                    },
                                                                    {
                                                                        "Worker Number": 1,
                                                                        "Actual Startup Time": 0.057,
                                                                        "Actual Total Time": 120.735,
                                                                        "Actual Rows": 352389,
                                                                        "Actual Loops": 1
                                                                    },
                                                                    {
                                                                        "Worker Number": 2,
                                                                        "Actual Startup Time": 0.082,
                                                                        "Actual Total Time": 114.86,
                                                                        "Actual Rows": 479781,
                                                                        "Actual Loops": 1
                                                                    },
                                                                    {
                                                                        "Worker Number": 3,
                                                                        "Actual Startup Time": 0.094,
                                                                        "Actual Total Time": 113.748,
                                                                        "Actual Rows": 474729,
                                                                        "Actual Loops": 1
                                                                    },
                                                                    {
                                                                        "Worker Number": 4,
                                                                        "Actual Startup Time": 0.089,
                                                                        "Actual Total Time": 112.576,
                                                                        "Actual Rows": 397374,
                                                                        "Actual Loops": 1
                                                                    }
                                                                ]
                                                            }
                                                        ]
                                                    }
                                                ]
                                            }
                                        ]
                                    }
                                ]
                            }
                        ]
                    }
                ]
            }
        ]
    },
    "Planning Time": 1.568,
    "Triggers": [],
    "Execution Time": 8601.856
}