[
  {
    "Plan": {
      "Node Type": "Aggregate",
      "Strategy": "Plain",
      "Partial Mode": "Finalize",
      "Parallel Aware": false,
      "Startup Cost": 76201.64,
      "Total Cost": 76201.65,
      "Plan Rows": 1,
      "Plan Width": 8,
      "Actual Startup Time": 351.211,
      "Actual Total Time": 379.61,
      "Actual Rows": 1,
      "Actual Loops": 1,
      "Plans": [
        {
          "Node Type": "Gather",
          "Parent Relationship": "Outer",
          "Parallel Aware": false,
          "Startup Cost": 76201.32,
          "Total Cost": 76201.63,
          "Plan Rows": 3,
          "Plan Width": 8,
          "Actual Startup Time": 350.439,
          "Actual Total Time": 379.577,
          "Actual Rows": 4,
          "Actual Loops": 1,
          "Workers Planned": 3,
          "Workers Launched": 3,
          "Single Copy": false,
          "Plans": [
            {
              "Node Type": "Aggregate",
              "Strategy": "Plain",
              "Partial Mode": "Partial",
              "Parent Relationship": "Outer",
              "Parallel Aware": false,
              "Startup Cost": 75201.32,
              "Total Cost": 75201.33,
              "Plan Rows": 1,
              "Plan Width": 8,
              "Actual Startup Time": 335.808,
              "Actual Total Time": 335.812,
              "Actual Rows": 1,
              "Actual Loops": 4,
              "Plans": [
                {
                  "Node Type": "Hash Join",
                  "Parent Relationship": "Outer",
                  "Parallel Aware": true,
                  "Join Type": "Inner",
                  "Startup Cost": 45721.11,
                  "Total Cost": 75137.0,
                  "Plan Rows": 25727,
                  "Plan Width": 0,
                  "Actual Startup Time": 144.354,
                  "Actual Total Time": 333.787,
                  "Actual Rows": 25178,
                  "Actual Loops": 4,
                  "Inner Unique": true,
                  "Hash Cond": "(mc.movie_id = t.id)",
                  "Plans": [
                    {
                      "Node Type": "Seq Scan",
                      "Parent Relationship": "Outer",
                      "Parallel Aware": true,
                      "Relation Name": "movie_companies",
                      "Alias": "mc",
                      "Startup Cost": 0.0,
                      "Total Cost": 27206.55,
                      "Plan Rows": 841655,
                      "Plan Width": 4,
                      "Actual Startup Time": 0.043,
                      "Actual Total Time": 89.484,
                      "Actual Rows": 652282,
                      "Actual Loops": 4
                    },
                    {
                      "Node Type": "Hash",
                      "Parent Relationship": "Inner",
                      "Parallel Aware": true,
                      "Startup Cost": 45479.59,
                      "Total Cost": 45479.59,
                      "Plan Rows": 19322,
                      "Plan Width": 4,
                      "Actual Startup Time": 142.137,
                      "Actual Total Time": 142.138,
                      "Actual Rows": 18532,
                      "Actual Loops": 4,
                      "Hash Buckets": 131072,
                      "Original Hash Buckets": 131072,
                      "Hash Batches": 1,
                      "Original Hash Batches": 1,
                      "Peak Memory Usage": 3968,
                      "Plans": [
                        {
                          "Node Type": "Seq Scan",
                          "Parent Relationship": "Outer",
                          "Parallel Aware": true,
                          "Relation Name": "title",
                          "Alias": "t",
                          "Startup Cost": 0.0,
                          "Total Cost": 45479.59,
                          "Plan Rows": 19322,
                          "Plan Width": 4,
                          "Actual Startup Time": 0.154,
                          "Actual Total Time": 132.907,
                          "Actual Rows": 18532,
                          "Actual Loops": 4,
                          "Filter": "((kind_id < 4) AND (production_year > 2011))",
                          "Rows Removed by Filter": 613546
                        }
                      ]
                    }
                  ]
                }
              ]
            }
          ]
        }
      ]
    },
    "Planning Time": 0.84,
    "Triggers": [],
    "Execution Time": 379.755
  }
]