[
    {
        "Bao": {
            "Bao prediction": "NaN",
            "Bao recommended hint": "(no hint)"
        }
    },
    {
        "Plan": {
            "Node Type": "Aggregate",
            "Strategy": "Plain",
            "Partial Mode": "Finalize",
            "Parallel Aware": false,
            "Startup Cost": 478108.14,
            "Total Cost": 478108.15,
            "Plan Rows": 1,
            "Plan Width": 8,
            "Actual Startup Time": 4258.759,
            "Actual Total Time": 4300.201,
            "Actual Rows": 1,
            "Actual Loops": 1,
            "Output": [
                "count(*)"
            ],
            "Plans": [
                {
                    "Node Type": "Gather",
                    "Parent Relationship": "Outer",
                    "Parallel Aware": false,
                    "Startup Cost": 478107.51,
                    "Total Cost": 478108.12,
                    "Plan Rows": 6,
                    "Plan Width": 8,
                    "Actual Startup Time": 4224.0,
                    "Actual Total Time": 4300.188,
                    "Actual Rows": 7,
                    "Actual Loops": 1,
                    "Output": [
                        "(PARTIAL count(*))"
                    ],
                    "Workers Planned": 6,
                    "Workers Launched": 6,
                    "Single Copy": false,
                    "Plans": [
                        {
                            "Node Type": "Aggregate",
                            "Strategy": "Plain",
                            "Partial Mode": "Partial",
                            "Parent Relationship": "Outer",
                            "Parallel Aware": false,
                            "Startup Cost": 477107.51,
                            "Total Cost": 477107.52,
                            "Plan Rows": 1,
                            "Plan Width": 8,
                            "Actual Startup Time": 4213.668,
                            "Actual Total Time": 4214.247,
                            "Actual Rows": 1,
                            "Actual Loops": 7,
                            "Output": [
                                "PARTIAL count(*)"
                            ],
                            "Workers": [
                                {
                                    "Worker Number": 0,
                                    "Actual Startup Time": 4216.698,
                                    "Actual Total Time": 4216.705,
                                    "Actual Rows": 1,
                                    "Actual Loops": 1
                                },
                                {
                                    "Worker Number": 1,
                                    "Actual Startup Time": 4210.901,
                                    "Actual Total Time": 4210.907,
                                    "Actual Rows": 1,
                                    "Actual Loops": 1
                                },
                                {
                                    "Worker Number": 2,
                                    "Actual Startup Time": 4210.943,
                                    "Actual Total Time": 4210.95,
                                    "Actual Rows": 1,
                                    "Actual Loops": 1
                                },
                                {
                                    "Worker Number": 3,
                                    "Actual Startup Time": 4211.185,
                                    "Actual Total Time": 4211.19,
                                    "Actual Rows": 1,
                                    "Actual Loops": 1
                                },
                                {
                                    "Worker Number": 4,
                                    "Actual Startup Time": 4211.163,
                                    "Actual Total Time": 4211.169,
                                    "Actual Rows": 1,
                                    "Actual Loops": 1
                                },
                                {
                                    "Worker Number": 5,
                                    "Actual Startup Time": 4211.282,
                                    "Actual Total Time": 4211.286,
                                    "Actual Rows": 1,
                                    "Actual Loops": 1
                                }
                            ],
                            "Plans": [
                                {
                                    "Node Type": "Hash Join",
                                    "Parent Relationship": "Outer",
                                    "Parallel Aware": true,
                                    "Join Type": "Inner",
                                    "Startup Cost": 102443.35,
                                    "Total Cost": 466009.46,
                                    "Plan Rows": 4439221,
                                    "Plan Width": 0,
                                    "Actual Startup Time": 577.962,
                                    "Actual Total Time": 3531.844,
                                    "Actual Rows": 14575334,
                                    "Actual Loops": 7,
                                    "Inner Unique": false,
                                    "Hash Cond": "(ci.movie_id = t.id)",
                                    "Workers": [
                                        {
                                            "Worker Number": 0,
                                            "Actual Startup Time": 576.069,
                                            "Actual Total Time": 3535.554,
                                            "Actual Rows": 12663977,
                                            "Actual Loops": 1
                                        },
                                        {
                                            "Worker Number": 1,
                                            "Actual Startup Time": 576.011,
                                            "Actual Total Time": 3521.302,
                                            "Actual Rows": 12481313,
                                            "Actual Loops": 1
                                        },
                                        {
                                            "Worker Number": 2,
                                            "Actual Startup Time": 576.021,
                                            "Actual Total Time": 3528.058,
                                            "Actual Rows": 12616827,
                                            "Actual Loops": 1
                                        },
                                        {
                                            "Worker Number": 3,
                                            "Actual Startup Time": 576.34,
                                            "Actual Total Time": 3500.184,
                                            "Actual Rows": 13091910,
                                            "Actual Loops": 1
                                        },
                                        {
                                            "Worker Number": 4,
                                            "Actual Startup Time": 576.31,
                                            "Actual Total Time": 3549.8,
                                            "Actual Rows": 16911916,
                                            "Actual Loops": 1
                                        },
                                        {
                                            "Worker Number": 5,
                                            "Actual Startup Time": 576.324,
                                            "Actual Total Time": 3544.767,
                                            "Actual Rows": 17007287,
                                            "Actual Loops": 1
                                        }
                                    ],
                                    "Plans": [
                                        {
                                            "Node Type": "Seq Scan",
                                            "Parent Relationship": "Outer",
                                            "Parallel Aware": true,
                                            "Relation Name": "cast_info",
                                            "Schema": "public",
                                            "Alias": "ci",
                                            "Startup Cost": 0.0,
                                            "Total Cost": 328213.62,
                                            "Plan Rows": 5608648,
                                            "Plan Width": 4,
                                            "Actual Startup Time": 27.895,
                                            "Actual Total Time": 642.892,
                                            "Actual Rows": 4800758,
                                            "Actual Loops": 7,
                                            "Output": [
                                                "ci.id",
                                                "ci.person_id",
                                                "ci.movie_id",
                                                "ci.person_role_id",
                                                "ci.note",
                                                "ci.nr_order",
                                                "ci.role_id"
                                            ],
                                            "Filter": "(ci.person_id > 253457)",
                                            "Rows Removed by Filter": 377006,
                                            "Workers": [
                                                {
                                                    "Worker Number": 0,
                                                    "Actual Startup Time": 27.944,
                                                    "Actual Total Time": 642.522,
                                                    "Actual Rows": 4198746,
                                                    "Actual Loops": 1
                                                },
                                                {
                                                    "Worker Number": 1,
                                                    "Actual Startup Time": 27.923,
                                                    "Actual Total Time": 654.318,
                                                    "Actual Rows": 3989480,
                                                    "Actual Loops": 1
                                                },
                                                {
                                                    "Worker Number": 2,
                                                    "Actual Startup Time": 27.881,
                                                    "Actual Total Time": 644.661,
                                                    "Actual Rows": 4066135,
                                                    "Actual Loops": 1
                                                },
                                                {
                                                    "Worker Number": 3,
                                                    "Actual Startup Time": 27.879,
                                                    "Actual Total Time": 678.931,
                                                    "Actual Rows": 4199526,
                                                    "Actual Loops": 1
                                                },
                                                {
                                                    "Worker Number": 4,
                                                    "Actual Startup Time": 27.902,
                                                    "Actual Total Time": 655.386,
                                                    "Actual Rows": 5651856,
                                                    "Actual Loops": 1
                                                },
                                                {
                                                    "Worker Number": 5,
                                                    "Actual Startup Time": 27.891,
                                                    "Actual Total Time": 655.767,
                                                    "Actual Rows": 5681614,
                                                    "Actual Loops": 1
                                                }
                                            ]
                                        },
                                        {
                                            "Node Type": "Hash",
                                            "Parent Relationship": "Inner",
                                            "Parallel Aware": true,
                                            "Startup Cost": 94374.18,
                                            "Total Cost": 94374.18,
                                            "Plan Rows": 645534,
                                            "Plan Width": 8,
                                            "Actual Startup Time": 546.21,
                                            "Actual Total Time": 546.786,
                                            "Actual Rows": 343632,
                                            "Actual Loops": 7,
                                            "Output": [
                                                "t.id",
                                                "mk.movie_id"
                                            ],
                                            "Hash Buckets": 4194304,
                                            "Original Hash Buckets": 2097152,
                                            "Hash Batches": 1,
                                            "Original Hash Batches": 1,
                                            "Peak Memory Usage": 143360,
                                            "Workers": [
                                                {
                                                    "Worker Number": 0,
                                                    "Actual Startup Time": 547.266,
                                                    "Actual Total Time": 547.27,
                                                    "Actual Rows": 274132,
                                                    "Actual Loops": 1
                                                },
                                                {
                                                    "Worker Number": 1,
                                                    "Actual Startup Time": 547.236,
                                                    "Actual Total Time": 547.24,
                                                    "Actual Rows": 277789,
                                                    "Actual Loops": 1
                                                },
                                                {
                                                    "Worker Number": 2,
                                                    "Actual Startup Time": 547.094,
                                                    "Actual Total Time": 547.099,
                                                    "Actual Rows": 273077,
                                                    "Actual Loops": 1
                                                },
                                                {
                                                    "Worker Number": 3,
                                                    "Actual Startup Time": 547.645,
                                                    "Actual Total Time": 547.649,
                                                    "Actual Rows": 283511,
                                                    "Actual Loops": 1
                                                },
                                                {
                                                    "Worker Number": 4,
                                                    "Actual Startup Time": 547.644,
                                                    "Actual Total Time": 547.648,
                                                    "Actual Rows": 421279,
                                                    "Actual Loops": 1
                                                },
                                                {
                                                    "Worker Number": 5,
                                                    "Actual Startup Time": 547.616,
                                                    "Actual Total Time": 547.619,
                                                    "Actual Rows": 427569,
                                                    "Actual Loops": 1
                                                }
                                            ],
                                            "Plans": [
                                                {
                                                    "Node Type": "Hash Join",
                                                    "Parent Relationship": "Outer",
                                                    "Parallel Aware": true,
                                                    "Join Type": "Inner",
                                                    "Startup Cost": 49108.52,
                                                    "Total Cost": 94374.18,
                                                    "Plan Rows": 645534,
                                                    "Plan Width": 8,
                                                    "Actual Startup Time": 198.916,
                                                    "Actual Total Time": 373.223,
                                                    "Actual Rows": 343632,
                                                    "Actual Loops": 7,
                                                    "Output": [
                                                        "t.id",
                                                        "mk.movie_id"
                                                    ],
                                                    "Inner Unique": true,
                                                    "Hash Cond": "(mk.movie_id = t.id)",
                                                    "Workers": [
                                                        {
                                                            "Worker Number": 0,
                                                            "Actual Startup Time": 198.913,
                                                            "Actual Total Time": 372.659,
                                                            "Actual Rows": 274132,
                                                            "Actual Loops": 1
                                                        },
                                                        {
                                                            "Worker Number": 1,
                                                            "Actual Startup Time": 198.921,
                                                            "Actual Total Time": 373.76,
                                                            "Actual Rows": 277789,
                                                            "Actual Loops": 1
                                                        },
                                                        {
                                                            "Worker Number": 2,
                                                            "Actual Startup Time": 198.89,
                                                            "Actual Total Time": 374.796,
                                                            "Actual Rows": 273077,
                                                            "Actual Loops": 1
                                                        },
                                                        {
                                                            "Worker Number": 3,
                                                            "Actual Startup Time": 198.907,
                                                            "Actual Total Time": 372.9,
                                                            "Actual Rows": 283511,
                                                            "Actual Loops": 1
                                                        },
                                                        {
                                                            "Worker Number": 4,
                                                            "Actual Startup Time": 198.887,
                                                            "Actual Total Time": 372.345,
                                                            "Actual Rows": 421279,
                                                            "Actual Loops": 1
                                                        },
                                                        {
                                                            "Worker Number": 5,
                                                            "Actual Startup Time": 198.879,
                                                            "Actual Total Time": 371.894,
                                                            "Actual Rows": 427569,
                                                            "Actual Loops": 1
                                                        }
                                                    ],
                                                    "Plans": [
                                                        {
                                                            "Node Type": "Seq Scan",
                                                            "Parent Relationship": "Outer",
                                                            "Parallel Aware": true,
                                                            "Relation Name": "movie_keyword",
                                                            "Schema": "public",
                                                            "Alias": "mk",
                                                            "Startup Cost": 0.0,
                                                            "Total Cost": 42695.65,
                                                            "Plan Rows": 979050,
                                                            "Plan Width": 4,
                                                            "Actual Startup Time": 0.099,
                                                            "Actual Total Time": 85.184,
                                                            "Actual Rows": 433102,
                                                            "Actual Loops": 7,
                                                            "Output": [
                                                                "mk.id",
                                                                "mk.movie_id",
                                                                "mk.keyword_id"
                                                            ],
                                                            "Filter": "(mk.keyword_id > 2130)",
                                                            "Rows Removed by Filter": 213173,
                                                            "Workers": [
                                                                {
                                                                    "Worker Number": 0,
                                                                    "Actual Startup Time": 0.084,
                                                                    "Actual Total Time": 86.869,
                                                                    "Actual Rows": 344339,
                                                                    "Actual Loops": 1
                                                                },
                                                                {
                                                                    "Worker Number": 1,
                                                                    "Actual Startup Time": 0.083,
                                                                    "Actual Total Time": 87.424,
                                                                    "Actual Rows": 347767,
                                                                    "Actual Loops": 1
                                                                },
                                                                {
                                                                    "Worker Number": 2,
                                                                    "Actual Startup Time": 0.062,
                                                                    "Actual Total Time": 87.226,
                                                                    "Actual Rows": 346438,
                                                                    "Actual Loops": 1
                                                                },
                                                                {
                                                                    "Worker Number": 3,
                                                                    "Actual Startup Time": 0.218,
                                                                    "Actual Total Time": 87.643,
                                                                    "Actual Rows": 358159,
                                                                    "Actual Loops": 1
                                                                },
                                                                {
                                                                    "Worker Number": 4,
                                                                    "Actual Startup Time": 0.074,
                                                                    "Actual Total Time": 84.2,
                                                                    "Actual Rows": 533108,
                                                                    "Actual Loops": 1
                                                                },
                                                                {
                                                                    "Worker Number": 5,
                                                                    "Actual Startup Time": 0.103,
                                                                    "Actual Total Time": 84.714,
                                                                    "Actual Rows": 536782,
                                                                    "Actual Loops": 1
                                                                }
                                                            ]
                                                        },
                                                        {
                                                            "Node Type": "Hash",
                                                            "Parent Relationship": "Inner",
                                                            "Parallel Aware": true,
                                                            "Startup Cost": 43899.01,
                                                            "Total Cost": 43899.01,
                                                            "Plan Rows": 416761,
                                                            "Plan Width": 4,
                                                            "Actual Startup Time": 196.849,
                                                            "Actual Total Time": 196.85,
                                                            "Actual Rows": 238756,
                                                            "Actual Loops": 7,
                                                            "Output": [
                                                                "t.id"
                                                            ],
                                                            "Hash Buckets": 2097152,
                                                            "Original Hash Buckets": 2097152,
                                                            "Hash Batches": 1,
                                                            "Original Hash Batches": 1,
                                                            "Peak Memory Usage": 81856,
                                                            "Workers": [
                                                                {
                                                                    "Worker Number": 0,
                                                                    "Actual Startup Time": 198.551,
                                                                    "Actual Total Time": 198.553,
                                                                    "Actual Rows": 180755,
                                                                    "Actual Loops": 1
                                                                },
                                                                {
                                                                    "Worker Number": 1,
                                                                    "Actual Startup Time": 198.568,
                                                                    "Actual Total Time": 198.57,
                                                                    "Actual Rows": 184738,
                                                                    "Actual Loops": 1
                                                                },
                                                                {
                                                                    "Worker Number": 2,
                                                                    "Actual Startup Time": 198.552,
                                                                    "Actual Total Time": 198.554,
                                                                    "Actual Rows": 184161,
                                                                    "Actual Loops": 1
                                                                },
                                                                {
                                                                    "Worker Number": 3,
                                                                    "Actual Startup Time": 198.596,
                                                                    "Actual Total Time": 198.598,
                                                                    "Actual Rows": 195662,
                                                                    "Actual Loops": 1
                                                                },
                                                                {
                                                                    "Worker Number": 4,
                                                                    "Actual Startup Time": 198.569,
                                                                    "Actual Total Time": 198.572,
                                                                    "Actual Rows": 266311,
                                                                    "Actual Loops": 1
                                                                },
                                                                {
                                                                    "Worker Number": 5,
                                                                    "Actual Startup Time": 198.531,
                                                                    "Actual Total Time": 198.532,
                                                                    "Actual Rows": 269667,
                                                                    "Actual Loops": 1
                                                                }
                                                            ],
                                                            "Plans": [
                                                                {
                                                                    "Node Type": "Seq Scan",
                                                                    "Parent Relationship": "Outer",
                                                                    "Parallel Aware": true,
                                                                    "Relation Name": "title",
                                                                    "Schema": "public",
                                                                    "Alias": "t",
                                                                    "Startup Cost": 0.0,
                                                                    "Total Cost": 43899.01,
                                                                    "Plan Rows": 416761,
                                                                    "Plan Width": 4,
                                                                    "Actual Startup Time": 0.044,
                                                                    "Actual Total Time": 84.245,
                                                                    "Actual Rows": 238756,
                                                                    "Actual Loops": 7,
                                                                    "Output": [
                                                                        "t.id"
                                                                    ],
                                                                    "Filter": "(t.production_year < 2008)",
                                                                    "Rows Removed by Filter": 122431,
                                                                    "Workers": [
                                                                        {
                                                                            "Worker Number": 0,
                                                                            "Actual Startup Time": 0.05,
                                                                            "Actual Total Time": 86.074,
                                                                            "Actual Rows": 180755,
                                                                            "Actual Loops": 1
                                                                        },
                                                                        {
                                                                            "Worker Number": 1,
                                                                            "Actual Startup Time": 0.048,
                                                                            "Actual Total Time": 85.722,
                                                                            "Actual Rows": 184738,
                                                                            "Actual Loops": 1
                                                                        },
                                                                        {
                                                                            "Worker Number": 2,
                                                                            "Actual Startup Time": 0.064,
                                                                            "Actual Total Time": 86.425,
                                                                            "Actual Rows": 184161,
                                                                            "Actual Loops": 1
                                                                        },
                                                                        {
                                                                            "Worker Number": 3,
                                                                            "Actual Startup Time": 0.029,
                                                                            "Actual Total Time": 89.258,
                                                                            "Actual Rows": 195662,
                                                                            "Actual Loops": 1
                                                                        },
                                                                        {
                                                                            "Worker Number": 4,
                                                                            "Actual Startup Time": 0.05,
                                                                            "Actual Total Time": 85.104,
                                                                            "Actual Rows": 266311,
                                                                            "Actual Loops": 1
                                                                        },
                                                                        {
                                                                            "Worker Number": 5,
                                                                            "Actual Startup Time": 0.054,
                                                                            "Actual Total Time": 84.829,
                                                                            "Actual Rows": 269667,
                                                                            "Actual Loops": 1
                                                                        }
                                                                    ]
                                                                }
                                                            ]
                                                        }
                                                    ]
                                                }
                                            ]
                                        }
                                    ]
                                }
                            ]
                        }
                    ]
                }
            ]
        },
        "Planning Time": 204.862,
        "Triggers": [],
        "Execution Time": 4300.278
    }
]