[
  {
    "Plan": {
      "Node Type": "Aggregate",
      "Strategy": "Plain",
      "Partial Mode": "Finalize",
      "Parallel Aware": false,
      "Startup Cost": 97956.77,
      "Total Cost": 97956.78,
      "Plan Rows": 1,
      "Plan Width": 8,
      "Actual Startup Time": 122.043,
      "Actual Total Time": 138.563,
      "Actual Rows": 1,
      "Actual Loops": 1,
      "Plans": [
        {
          "Node Type": "Gather",
          "Parent Relationship": "Outer",
          "Parallel Aware": false,
          "Startup Cost": 97956.35,
          "Total Cost": 97956.76,
          "Plan Rows": 4,
          "Plan Width": 8,
          "Actual Startup Time": 121.888,
          "Actual Total Time": 138.55,
          "Actual Rows": 5,
          "Actual Loops": 1,
          "Workers Planned": 4,
          "Workers Launched": 4,
          "Single Copy": false,
          "Plans": [
            {
              "Node Type": "Aggregate",
              "Strategy": "Plain",
              "Partial Mode": "Partial",
              "Parent Relationship": "Outer",
              "Parallel Aware": false,
              "Startup Cost": 96956.35,
              "Total Cost": 96956.36,
              "Plan Rows": 1,
              "Plan Width": 8,
              "Actual Startup Time": 111.914,
              "Actual Total Time": 111.917,
              "Actual Rows": 1,
              "Actual Loops": 5,
              "Plans": [
                {
                  "Node Type": "Nested Loop",
                  "Parent Relationship": "Outer",
                  "Parallel Aware": false,
                  "Join Type": "Inner",
                  "Startup Cost": 0.43,
                  "Total Cost": 96955.88,
                  "Plan Rows": 185,
                  "Plan Width": 0,
                  "Actual Startup Time": 63.572,
                  "Actual Total Time": 111.852,
                  "Actual Rows": 365,
                  "Actual Loops": 5,
                  "Inner Unique": false,
                  "Plans": [
                    {
                      "Node Type": "Seq Scan",
                      "Parent Relationship": "Outer",
                      "Parallel Aware": true,
                      "Relation Name": "title",
                      "Alias": "t",
                      "Startup Cost": 0.0,
                      "Total Cost": 45479.59,
                      "Plan Rows": 362,
                      "Plan Width": 4,
                      "Actual Startup Time": 63.08,
                      "Actual Total Time": 86.366,
                      "Actual Rows": 723,
                      "Actual Loops": 5,
                      "Filter": "((kind_id < 7) AND (production_year = 1919))",
                      "Rows Removed by Filter": 504940
                    },
                    {
                      "Node Type": "Index Scan",
                      "Parent Relationship": "Inner",
                      "Parallel Aware": false,
                      "Scan Direction": "Forward",
                      "Index Name": "movie_id_movie_info",
                      "Relation Name": "movie_info",
                      "Alias": "mi",
                      "Startup Cost": 0.43,
                      "Total Cost": 142.16,
                      "Plan Rows": 4,
                      "Plan Width": 4,
                      "Actual Startup Time": 0.025,
                      "Actual Total Time": 0.035,
                      "Actual Rows": 1,
                      "Actual Loops": 3613,
                      "Index Cond": "(movie_id = t.id)",
                      "Rows Removed by Index Recheck": 0,
                      "Filter": "(info_type_id = 4)",
                      "Rows Removed by Filter": 10
                    }
                  ]
                }
              ]
            }
          ]
        }
      ]
    },
    "Planning Time": 0.56,
    "Triggers": [],
    "Execution Time": 138.632
  }
]