[
  {
    "Plan": {
      "Node Type": "Aggregate",
      "Strategy": "Plain",
      "Partial Mode": "Finalize",
      "Parallel Aware": false,
      "Startup Cost": 106946.44,
      "Total Cost": 106946.45,
      "Plan Rows": 1,
      "Plan Width": 8,
      "Actual Startup Time": 116.481,
      "Actual Total Time": 133.085,
      "Actual Rows": 1,
      "Actual Loops": 1,
      "Plans": [
        {
          "Node Type": "Gather",
          "Parent Relationship": "Outer",
          "Parallel Aware": false,
          "Startup Cost": 106946.02,
          "Total Cost": 106946.43,
          "Plan Rows": 4,
          "Plan Width": 8,
          "Actual Startup Time": 116.368,
          "Actual Total Time": 133.078,
          "Actual Rows": 5,
          "Actual Loops": 1,
          "Workers Planned": 4,
          "Workers Launched": 4,
          "Single Copy": false,
          "Plans": [
            {
              "Node Type": "Aggregate",
              "Strategy": "Plain",
              "Partial Mode": "Partial",
              "Parent Relationship": "Outer",
              "Parallel Aware": false,
              "Startup Cost": 105946.02,
              "Total Cost": 105946.03,
              "Plan Rows": 1,
              "Plan Width": 8,
              "Actual Startup Time": 106.5,
              "Actual Total Time": 106.503,
              "Actual Rows": 1,
              "Actual Loops": 5,
              "Plans": [
                {
                  "Node Type": "Nested Loop",
                  "Parent Relationship": "Outer",
                  "Parallel Aware": false,
                  "Join Type": "Inner",
                  "Startup Cost": 0.43,
                  "Total Cost": 105945.48,
                  "Plan Rows": 217,
                  "Plan Width": 0,
                  "Actual Startup Time": 59.916,
                  "Actual Total Time": 106.445,
                  "Actual Rows": 365,
                  "Actual Loops": 5,
                  "Inner Unique": false,
                  "Plans": [
                    {
                      "Node Type": "Seq Scan",
                      "Parent Relationship": "Outer",
                      "Parallel Aware": true,
                      "Relation Name": "title",
                      "Alias": "t",
                      "Startup Cost": 0.0,
                      "Total Cost": 45479.1,
                      "Plan Rows": 430,
                      "Plan Width": 4,
                      "Actual Startup Time": 59.619,
                      "Actual Total Time": 82.271,
                      "Actual Rows": 723,
                      "Actual Loops": 5,
                      "Filter": "((kind_id < 7) AND (production_year = 1919))",
                      "Rows Removed by Filter": 504940
                    },
                    {
                      "Node Type": "Index Scan",
                      "Parent Relationship": "Inner",
                      "Parallel Aware": false,
                      "Scan Direction": "Forward",
                      "Index Name": "movie_id_movie_info",
                      "Relation Name": "movie_info",
                      "Alias": "mi",
                      "Startup Cost": 0.43,
                      "Total Cost": 140.58,
                      "Plan Rows": 4,
                      "Plan Width": 4,
                      "Actual Startup Time": 0.022,
                      "Actual Total Time": 0.033,
                      "Actual Rows": 1,
                      "Actual Loops": 3613,
                      "Index Cond": "(movie_id = t.id)",
                      "Rows Removed by Index Recheck": 0,
                      "Filter": "(info_type_id = 4)",
                      "Rows Removed by Filter": 10
                    }
                  ]
                }
              ]
            }
          ]
        }
      ]
    },
    "Planning Time": 0.598,
    "Triggers": [],
    "Execution Time": 133.151
  }
]