[
    {
        "Bao": {
            "Bao prediction": "NaN",
            "Bao recommended hint": "(no hint)"
        }
    },
    {
        "Plan": {
            "Node Type": "Aggregate",
            "Strategy": "Plain",
            "Partial Mode": "Finalize",
            "Parallel Aware": false,
            "Startup Cost": 301688.03,
            "Total Cost": 301688.04,
            "Plan Rows": 1,
            "Plan Width": 8,
            "Actual Startup Time": 571.554,
            "Actual Total Time": 590.819,
            "Actual Rows": 1,
            "Actual Loops": 1,
            "Output": [
                "count(*)"
            ],
            "Plans": [
                {
                    "Node Type": "Gather",
                    "Parent Relationship": "Outer",
                    "Parallel Aware": false,
                    "Startup Cost": 301687.41,
                    "Total Cost": 301688.02,
                    "Plan Rows": 6,
                    "Plan Width": 8,
                    "Actual Startup Time": 563.58,
                    "Actual Total Time": 590.809,
                    "Actual Rows": 7,
                    "Actual Loops": 1,
                    "Output": [
                        "(PARTIAL count(*))"
                    ],
                    "Workers Planned": 6,
                    "Workers Launched": 6,
                    "Single Copy": false,
                    "Plans": [
                        {
                            "Node Type": "Aggregate",
                            "Strategy": "Plain",
                            "Partial Mode": "Partial",
                            "Parent Relationship": "Outer",
                            "Parallel Aware": false,
                            "Startup Cost": 300687.41,
                            "Total Cost": 300687.42,
                            "Plan Rows": 1,
                            "Plan Width": 8,
                            "Actual Startup Time": 553.32,
                            "Actual Total Time": 553.323,
                            "Actual Rows": 1,
                            "Actual Loops": 7,
                            "Output": [
                                "PARTIAL count(*)"
                            ],
                            "Workers": [
                                {
                                    "Worker Number": 0,
                                    "Actual Startup Time": 551.003,
                                    "Actual Total Time": 551.006,
                                    "Actual Rows": 1,
                                    "Actual Loops": 1
                                },
                                {
                                    "Worker Number": 1,
                                    "Actual Startup Time": 551.389,
                                    "Actual Total Time": 551.392,
                                    "Actual Rows": 1,
                                    "Actual Loops": 1
                                },
                                {
                                    "Worker Number": 2,
                                    "Actual Startup Time": 551.248,
                                    "Actual Total Time": 551.25,
                                    "Actual Rows": 1,
                                    "Actual Loops": 1
                                },
                                {
                                    "Worker Number": 3,
                                    "Actual Startup Time": 552.105,
                                    "Actual Total Time": 552.108,
                                    "Actual Rows": 1,
                                    "Actual Loops": 1
                                },
                                {
                                    "Worker Number": 4,
                                    "Actual Startup Time": 551.974,
                                    "Actual Total Time": 551.976,
                                    "Actual Rows": 1,
                                    "Actual Loops": 1
                                },
                                {
                                    "Worker Number": 5,
                                    "Actual Startup Time": 552.522,
                                    "Actual Total Time": 552.528,
                                    "Actual Rows": 1,
                                    "Actual Loops": 1
                                }
                            ],
                            "Plans": [
                                {
                                    "Node Type": "Hash Join",
                                    "Parent Relationship": "Outer",
                                    "Parallel Aware": true,
                                    "Join Type": "Inner",
                                    "Startup Cost": 47010.46,
                                    "Total Cost": 300105.66,
                                    "Plan Rows": 232701,
                                    "Plan Width": 0,
                                    "Actual Startup Time": 143.72,
                                    "Actual Total Time": 545.576,
                                    "Actual Rows": 130931,
                                    "Actual Loops": 7,
                                    "Inner Unique": true,
                                    "Hash Cond": "(ci.movie_id = t.id)",
                                    "Workers": [
                                        {
                                            "Worker Number": 0,
                                            "Actual Startup Time": 141.46,
                                            "Actual Total Time": 542.764,
                                            "Actual Rows": 111730,
                                            "Actual Loops": 1
                                        },
                                        {
                                            "Worker Number": 1,
                                            "Actual Startup Time": 141.917,
                                            "Actual Total Time": 543.235,
                                            "Actual Rows": 110919,
                                            "Actual Loops": 1
                                        },
                                        {
                                            "Worker Number": 2,
                                            "Actual Startup Time": 141.836,
                                            "Actual Total Time": 542.999,
                                            "Actual Rows": 111252,
                                            "Actual Loops": 1
                                        },
                                        {
                                            "Worker Number": 3,
                                            "Actual Startup Time": 141.805,
                                            "Actual Total Time": 544.012,
                                            "Actual Rows": 108236,
                                            "Actual Loops": 1
                                        },
                                        {
                                            "Worker Number": 4,
                                            "Actual Startup Time": 142.588,
                                            "Actual Total Time": 544.883,
                                            "Actual Rows": 156482,
                                            "Actual Loops": 1
                                        },
                                        {
                                            "Worker Number": 5,
                                            "Actual Startup Time": 142.991,
                                            "Actual Total Time": 545.236,
                                            "Actual Rows": 152179,
                                            "Actual Loops": 1
                                        }
                                    ],
                                    "Plans": [
                                        {
                                            "Node Type": "Index Scan",
                                            "Parent Relationship": "Outer",
                                            "Parallel Aware": true,
                                            "Scan Direction": "Forward",
                                            "Index Name": "role_id_cast_info",
                                            "Relation Name": "cast_info",
                                            "Schema": "public",
                                            "Alias": "ci",
                                            "Startup Cost": 0.56,
                                            "Total Cost": 251544.36,
                                            "Plan Rows": 591012,
                                            "Plan Width": 4,
                                            "Actual Startup Time": 0.185,
                                            "Actual Total Time": 290.54,
                                            "Actual Rows": 257096,
                                            "Actual Loops": 7,
                                            "Output": [
                                                "ci.id",
                                                "ci.person_id",
                                                "ci.movie_id",
                                                "ci.person_role_id",
                                                "ci.note",
                                                "ci.nr_order",
                                                "ci.role_id"
                                            ],
                                            "Index Cond": "(ci.role_id > 4)",
                                            "Rows Removed by Index Recheck": 0,
                                            "Filter": "(ci.person_id < 1350005)",
                                            "Rows Removed by Filter": 1083576,
                                            "Workers": [
                                                {
                                                    "Worker Number": 0,
                                                    "Actual Startup Time": 0.14,
                                                    "Actual Total Time": 296.22,
                                                    "Actual Rows": 215703,
                                                    "Actual Loops": 1
                                                },
                                                {
                                                    "Worker Number": 1,
                                                    "Actual Startup Time": 0.203,
                                                    "Actual Total Time": 296.655,
                                                    "Actual Rows": 216292,
                                                    "Actual Loops": 1
                                                },
                                                {
                                                    "Worker Number": 2,
                                                    "Actual Startup Time": 0.231,
                                                    "Actual Total Time": 295.626,
                                                    "Actual Rows": 213186,
                                                    "Actual Loops": 1
                                                },
                                                {
                                                    "Worker Number": 3,
                                                    "Actual Startup Time": 0.188,
                                                    "Actual Total Time": 294.33,
                                                    "Actual Rows": 223821,
                                                    "Actual Loops": 1
                                                },
                                                {
                                                    "Worker Number": 4,
                                                    "Actual Startup Time": 0.261,
                                                    "Actual Total Time": 286.372,
                                                    "Actual Rows": 301167,
                                                    "Actual Loops": 1
                                                },
                                                {
                                                    "Worker Number": 5,
                                                    "Actual Startup Time": 0.152,
                                                    "Actual Total Time": 287.563,
                                                    "Actual Rows": 295852,
                                                    "Actual Loops": 1
                                                }
                                            ]
                                        },
                                        {
                                            "Node Type": "Hash",
                                            "Parent Relationship": "Inner",
                                            "Parallel Aware": true,
                                            "Startup Cost": 43899.01,
                                            "Total Cost": 43899.01,
                                            "Plan Rows": 248871,
                                            "Plan Width": 4,
                                            "Actual Startup Time": 141.166,
                                            "Actual Total Time": 141.167,
                                            "Actual Rows": 140721,
                                            "Actual Loops": 7,
                                            "Output": [
                                                "t.id"
                                            ],
                                            "Hash Buckets": 1048576,
                                            "Original Hash Buckets": 1048576,
                                            "Hash Batches": 1,
                                            "Original Hash Batches": 1,
                                            "Peak Memory Usage": 46880,
                                            "Workers": [
                                                {
                                                    "Worker Number": 0,
                                                    "Actual Startup Time": 140.871,
                                                    "Actual Total Time": 140.872,
                                                    "Actual Rows": 117891,
                                                    "Actual Loops": 1
                                                },
                                                {
                                                    "Worker Number": 1,
                                                    "Actual Startup Time": 141.249,
                                                    "Actual Total Time": 141.25,
                                                    "Actual Rows": 117914,
                                                    "Actual Loops": 1
                                                },
                                                {
                                                    "Worker Number": 2,
                                                    "Actual Startup Time": 141.136,
                                                    "Actual Total Time": 141.137,
                                                    "Actual Rows": 116252,
                                                    "Actual Loops": 1
                                                },
                                                {
                                                    "Worker Number": 3,
                                                    "Actual Startup Time": 141.188,
                                                    "Actual Total Time": 141.189,
                                                    "Actual Rows": 116419,
                                                    "Actual Loops": 1
                                                },
                                                {
                                                    "Worker Number": 4,
                                                    "Actual Startup Time": 141.833,
                                                    "Actual Total Time": 141.834,
                                                    "Actual Rows": 166531,
                                                    "Actual Loops": 1
                                                },
                                                {
                                                    "Worker Number": 5,
                                                    "Actual Startup Time": 142.378,
                                                    "Actual Total Time": 142.379,
                                                    "Actual Rows": 154887,
                                                    "Actual Loops": 1
                                                }
                                            ],
                                            "Plans": [
                                                {
                                                    "Node Type": "Seq Scan",
                                                    "Parent Relationship": "Outer",
                                                    "Parallel Aware": true,
                                                    "Relation Name": "title",
                                                    "Schema": "public",
                                                    "Alias": "t",
                                                    "Startup Cost": 0.0,
                                                    "Total Cost": 43899.01,
                                                    "Plan Rows": 248871,
                                                    "Plan Width": 4,
                                                    "Actual Startup Time": 0.051,
                                                    "Actual Total Time": 80.724,
                                                    "Actual Rows": 140721,
                                                    "Actual Loops": 7,
                                                    "Output": [
                                                        "t.id"
                                                    ],
                                                    "Filter": "(t.kind_id < 7)",
                                                    "Rows Removed by Filter": 220466,
                                                    "Workers": [
                                                        {
                                                            "Worker Number": 0,
                                                            "Actual Startup Time": 0.057,
                                                            "Actual Total Time": 82.48,
                                                            "Actual Rows": 117891,
                                                            "Actual Loops": 1
                                                        },
                                                        {
                                                            "Worker Number": 1,
                                                            "Actual Startup Time": 0.07,
                                                            "Actual Total Time": 82.319,
                                                            "Actual Rows": 117914,
                                                            "Actual Loops": 1
                                                        },
                                                        {
                                                            "Worker Number": 2,
                                                            "Actual Startup Time": 0.045,
                                                            "Actual Total Time": 82.318,
                                                            "Actual Rows": 116252,
                                                            "Actual Loops": 1
                                                        },
                                                        {
                                                            "Worker Number": 3,
                                                            "Actual Startup Time": 0.048,
                                                            "Actual Total Time": 83.16,
                                                            "Actual Rows": 116419,
                                                            "Actual Loops": 1
                                                        },
                                                        {
                                                            "Worker Number": 4,
                                                            "Actual Startup Time": 0.049,
                                                            "Actual Total Time": 80.428,
                                                            "Actual Rows": 166531,
                                                            "Actual Loops": 1
                                                        },
                                                        {
                                                            "Worker Number": 5,
                                                            "Actual Startup Time": 0.067,
                                                            "Actual Total Time": 80.533,
                                                            "Actual Rows": 154887,
                                                            "Actual Loops": 1
                                                        }
                                                    ]
                                                }
                                            ]
                                        }
                                    ]
                                }
                            ]
                        }
                    ]
                }
            ]
        },
        "Planning Time": 222.169,
        "Triggers": [],
        "Execution Time": 590.905
    }
]