[
    {
        "Bao": {
            "Bao prediction": 793.784,
            "Bao recommended hint": "(no hint)"
        }
    },
    {
        "Plan": {
            "Node Type": "Aggregate",
            "Strategy": "Plain",
            "Partial Mode": "Finalize",
            "Parallel Aware": false,
            "Startup Cost": 389776.71,
            "Total Cost": 389776.72,
            "Plan Rows": 1,
            "Plan Width": 8,
            "Actual Startup Time": 2031.541,
            "Actual Total Time": 2064.933,
            "Actual Rows": 1,
            "Actual Loops": 1,
            "Output": [
                "count(*)"
            ],
            "Plans": [
                {
                    "Node Type": "Gather",
                    "Parent Relationship": "Outer",
                    "Parallel Aware": false,
                    "Startup Cost": 389776.09,
                    "Total Cost": 389776.7,
                    "Plan Rows": 6,
                    "Plan Width": 8,
                    "Actual Startup Time": 2017.466,
                    "Actual Total Time": 2064.911,
                    "Actual Rows": 7,
                    "Actual Loops": 1,
                    "Output": [
                        "(PARTIAL count(*))"
                    ],
                    "Workers Planned": 6,
                    "Workers Launched": 6,
                    "Single Copy": false,
                    "Plans": [
                        {
                            "Node Type": "Aggregate",
                            "Strategy": "Plain",
                            "Partial Mode": "Partial",
                            "Parent Relationship": "Outer",
                            "Parallel Aware": false,
                            "Startup Cost": 388776.09,
                            "Total Cost": 388776.1,
                            "Plan Rows": 1,
                            "Plan Width": 8,
                            "Actual Startup Time": 2002.546,
                            "Actual Total Time": 2002.549,
                            "Actual Rows": 1,
                            "Actual Loops": 7,
                            "Output": [
                                "PARTIAL count(*)"
                            ],
                            "Workers": [
                                {
                                    "Worker Number": 0,
                                    "Actual Startup Time": 1999.678,
                                    "Actual Total Time": 1999.681,
                                    "Actual Rows": 1,
                                    "Actual Loops": 1
                                },
                                {
                                    "Worker Number": 1,
                                    "Actual Startup Time": 2000.184,
                                    "Actual Total Time": 2000.186,
                                    "Actual Rows": 1,
                                    "Actual Loops": 1
                                },
                                {
                                    "Worker Number": 2,
                                    "Actual Startup Time": 2000.184,
                                    "Actual Total Time": 2000.186,
                                    "Actual Rows": 1,
                                    "Actual Loops": 1
                                },
                                {
                                    "Worker Number": 3,
                                    "Actual Startup Time": 2000.2,
                                    "Actual Total Time": 2000.202,
                                    "Actual Rows": 1,
                                    "Actual Loops": 1
                                },
                                {
                                    "Worker Number": 4,
                                    "Actual Startup Time": 2000.662,
                                    "Actual Total Time": 2000.665,
                                    "Actual Rows": 1,
                                    "Actual Loops": 1
                                },
                                {
                                    "Worker Number": 5,
                                    "Actual Startup Time": 2000.331,
                                    "Actual Total Time": 2000.335,
                                    "Actual Rows": 1,
                                    "Actual Loops": 1
                                }
                            ],
                            "Plans": [
                                {
                                    "Node Type": "Hash Join",
                                    "Parent Relationship": "Outer",
                                    "Parallel Aware": true,
                                    "Join Type": "Inner",
                                    "Startup Cost": 49797.81,
                                    "Total Cost": 385090.83,
                                    "Plan Rows": 1474103,
                                    "Plan Width": 0,
                                    "Actual Startup Time": 501.511,
                                    "Actual Total Time": 1899.635,
                                    "Actual Rows": 1495726,
                                    "Actual Loops": 7,
                                    "Inner Unique": true,
                                    "Hash Cond": "(ci.movie_id = t.id)",
                                    "Workers": [
                                        {
                                            "Worker Number": 0,
                                            "Actual Startup Time": 499.213,
                                            "Actual Total Time": 1894.578,
                                            "Actual Rows": 1429570,
                                            "Actual Loops": 1
                                        },
                                        {
                                            "Worker Number": 1,
                                            "Actual Startup Time": 499.379,
                                            "Actual Total Time": 1895.082,
                                            "Actual Rows": 1475375,
                                            "Actual Loops": 1
                                        },
                                        {
                                            "Worker Number": 2,
                                            "Actual Startup Time": 499.257,
                                            "Actual Total Time": 1893.902,
                                            "Actual Rows": 1463629,
                                            "Actual Loops": 1
                                        },
                                        {
                                            "Worker Number": 3,
                                            "Actual Startup Time": 499.171,
                                            "Actual Total Time": 1894.505,
                                            "Actual Rows": 1457191,
                                            "Actual Loops": 1
                                        },
                                        {
                                            "Worker Number": 4,
                                            "Actual Startup Time": 498.734,
                                            "Actual Total Time": 1899.839,
                                            "Actual Rows": 1478965,
                                            "Actual Loops": 1
                                        },
                                        {
                                            "Worker Number": 5,
                                            "Actual Startup Time": 499.279,
                                            "Actual Total Time": 1897.27,
                                            "Actual Rows": 1420719,
                                            "Actual Loops": 1
                                        }
                                    ],
                                    "Plans": [
                                        {
                                            "Node Type": "Seq Scan",
                                            "Parent Relationship": "Outer",
                                            "Parallel Aware": true,
                                            "Relation Name": "cast_info",
                                            "Schema": "public",
                                            "Alias": "ci",
                                            "Startup Cost": 0.0,
                                            "Total Cost": 328213.62,
                                            "Plan Rows": 2696913,
                                            "Plan Width": 4,
                                            "Actual Startup Time": 270.455,
                                            "Actual Total Time": 722.399,
                                            "Actual Rows": 2321893,
                                            "Actual Loops": 7,
                                            "Output": [
                                                "ci.id",
                                                "ci.person_id",
                                                "ci.movie_id",
                                                "ci.person_role_id",
                                                "ci.note",
                                                "ci.nr_order",
                                                "ci.role_id"
                                            ],
                                            "Filter": "(ci.person_id > 2007857)",
                                            "Rows Removed by Filter": 2855870,
                                            "Workers": [
                                                {
                                                    "Worker Number": 0,
                                                    "Actual Startup Time": 270.455,
                                                    "Actual Total Time": 732.07,
                                                    "Actual Rows": 2204453,
                                                    "Actual Loops": 1
                                                },
                                                {
                                                    "Worker Number": 1,
                                                    "Actual Startup Time": 270.478,
                                                    "Actual Total Time": 728.81,
                                                    "Actual Rows": 2301978,
                                                    "Actual Loops": 1
                                                },
                                                {
                                                    "Worker Number": 2,
                                                    "Actual Startup Time": 270.483,
                                                    "Actual Total Time": 731.082,
                                                    "Actual Rows": 2275994,
                                                    "Actual Loops": 1
                                                },
                                                {
                                                    "Worker Number": 3,
                                                    "Actual Startup Time": 270.358,
                                                    "Actual Total Time": 729.535,
                                                    "Actual Rows": 2275597,
                                                    "Actual Loops": 1
                                                },
                                                {
                                                    "Worker Number": 4,
                                                    "Actual Startup Time": 270.475,
                                                    "Actual Total Time": 731.607,
                                                    "Actual Rows": 2291726,
                                                    "Actual Loops": 1
                                                },
                                                {
                                                    "Worker Number": 5,
                                                    "Actual Startup Time": 270.467,
                                                    "Actual Total Time": 735.295,
                                                    "Actual Rows": 2211227,
                                                    "Actual Loops": 1
                                                }
                                            ]
                                        },
                                        {
                                            "Node Type": "Hash",
                                            "Parent Relationship": "Inner",
                                            "Parallel Aware": true,
                                            "Startup Cost": 45479.21,
                                            "Total Cost": 45479.21,
                                            "Plan Rows": 345488,
                                            "Plan Width": 4,
                                            "Actual Startup Time": 225.904,
                                            "Actual Total Time": 225.905,
                                            "Actual Rows": 216942,
                                            "Actual Loops": 7,
                                            "Output": [
                                                "t.id"
                                            ],
                                            "Hash Buckets": 2097152,
                                            "Original Hash Buckets": 2097152,
                                            "Hash Batches": 1,
                                            "Original Hash Batches": 1,
                                            "Peak Memory Usage": 75936,
                                            "Workers": [
                                                {
                                                    "Worker Number": 0,
                                                    "Actual Startup Time": 227.271,
                                                    "Actual Total Time": 227.272,
                                                    "Actual Rows": 166786,
                                                    "Actual Loops": 1
                                                },
                                                {
                                                    "Worker Number": 1,
                                                    "Actual Startup Time": 227.863,
                                                    "Actual Total Time": 227.864,
                                                    "Actual Rows": 225797,
                                                    "Actual Loops": 1
                                                },
                                                {
                                                    "Worker Number": 2,
                                                    "Actual Startup Time": 227.857,
                                                    "Actual Total Time": 227.858,
                                                    "Actual Rows": 223543,
                                                    "Actual Loops": 1
                                                },
                                                {
                                                    "Worker Number": 3,
                                                    "Actual Startup Time": 227.973,
                                                    "Actual Total Time": 227.974,
                                                    "Actual Rows": 221445,
                                                    "Actual Loops": 1
                                                },
                                                {
                                                    "Worker Number": 4,
                                                    "Actual Startup Time": 227.253,
                                                    "Actual Total Time": 227.254,
                                                    "Actual Rows": 142642,
                                                    "Actual Loops": 1
                                                },
                                                {
                                                    "Worker Number": 5,
                                                    "Actual Startup Time": 228.067,
                                                    "Actual Total Time": 228.068,
                                                    "Actual Rows": 227537,
                                                    "Actual Loops": 1
                                                }
                                            ],
                                            "Plans": [
                                                {
                                                    "Node Type": "Seq Scan",
                                                    "Parent Relationship": "Outer",
                                                    "Parallel Aware": true,
                                                    "Relation Name": "title",
                                                    "Schema": "public",
                                                    "Alias": "t",
                                                    "Startup Cost": 0.0,
                                                    "Total Cost": 45479.21,
                                                    "Plan Rows": 345488,
                                                    "Plan Width": 4,
                                                    "Actual Startup Time": 0.045,
                                                    "Actual Total Time": 102.697,
                                                    "Actual Rows": 216942,
                                                    "Actual Loops": 7,
                                                    "Output": [
                                                        "t.id"
                                                    ],
                                                    "Filter": "((t.kind_id > 1) AND (t.production_year > 1983))",
                                                    "Rows Removed by Filter": 144246,
                                                    "Workers": [
                                                        {
                                                            "Worker Number": 0,
                                                            "Actual Startup Time": 0.04,
                                                            "Actual Total Time": 108.049,
                                                            "Actual Rows": 166786,
                                                            "Actual Loops": 1
                                                        },
                                                        {
                                                            "Worker Number": 1,
                                                            "Actual Startup Time": 0.045,
                                                            "Actual Total Time": 102.572,
                                                            "Actual Rows": 225797,
                                                            "Actual Loops": 1
                                                        },
                                                        {
                                                            "Worker Number": 2,
                                                            "Actual Startup Time": 0.047,
                                                            "Actual Total Time": 102.974,
                                                            "Actual Rows": 223543,
                                                            "Actual Loops": 1
                                                        },
                                                        {
                                                            "Worker Number": 3,
                                                            "Actual Startup Time": 0.059,
                                                            "Actual Total Time": 102.662,
                                                            "Actual Rows": 221445,
                                                            "Actual Loops": 1
                                                        },
                                                        {
                                                            "Worker Number": 4,
                                                            "Actual Startup Time": 0.058,
                                                            "Actual Total Time": 109.209,
                                                            "Actual Rows": 142642,
                                                            "Actual Loops": 1
                                                        },
                                                        {
                                                            "Worker Number": 5,
                                                            "Actual Startup Time": 0.046,
                                                            "Actual Total Time": 103.484,
                                                            "Actual Rows": 227537,
                                                            "Actual Loops": 1
                                                        }
                                                    ]
                                                }
                                            ]
                                        }
                                    ]
                                }
                            ]
                        }
                    ]
                }
            ]
        },
        "Planning Time": 1032.843,
        "Triggers": [],
        "Execution Time": 2065.049
    }
]