[
  {
    "Plan": {
      "Node Type": "Aggregate",
      "Strategy": "Plain",
      "Partial Mode": "Finalize",
      "Parallel Aware": false,
      "Startup Cost": 45242.74,
      "Total Cost": 45242.75,
      "Plan Rows": 1,
      "Plan Width": 8,
      "Actual Startup Time": 153.894,
      "Actual Total Time": 163.443,
      "Actual Rows": 1,
      "Actual Loops": 1,
      "Plans": [
        {
          "Node Type": "Gather",
          "Parent Relationship": "Outer",
          "Parallel Aware": false,
          "Startup Cost": 45242.43,
          "Total Cost": 45242.74,
          "Plan Rows": 3,
          "Plan Width": 8,
          "Actual Startup Time": 153.787,
          "Actual Total Time": 163.435,
          "Actual Rows": 4,
          "Actual Loops": 1,
          "Workers Planned": 3,
          "Workers Launched": 3,
          "Single Copy": false,
          "Plans": [
            {
              "Node Type": "Aggregate",
              "Strategy": "Plain",
              "Partial Mode": "Partial",
              "Parent Relationship": "Outer",
              "Parallel Aware": false,
              "Startup Cost": 44242.43,
              "Total Cost": 44242.44,
              "Plan Rows": 1,
              "Plan Width": 8,
              "Actual Startup Time": 145.269,
              "Actual Total Time": 145.27,
              "Actual Rows": 1,
              "Actual Loops": 4,
              "Plans": [
                {
                  "Node Type": "Seq Scan",
                  "Parent Relationship": "Outer",
                  "Parallel Aware": true,
                  "Relation Name": "movie_keyword",
                  "Alias": "mk",
                  "Startup Cost": 0.0,
                  "Total Cost": 42695.65,
                  "Plan Rows": 618709,
                  "Plan Width": 0,
                  "Actual Startup Time": 1.064,
                  "Actual Total Time": 120.64,
                  "Actual Rows": 480398,
                  "Actual Loops": 4,
                  "Filter": "(keyword_id > 6999)",
                  "Rows Removed by Filter": 650584
                }
              ]
            }
          ]
        }
      ]
    },
    "Planning Time": 0.156,
    "Triggers": [],
    "Execution Time": 163.496
  }
]