[
  {
    "Plan": {
      "Node Type": "Aggregate",
      "Strategy": "Plain",
      "Partial Mode": "Finalize",
      "Parallel Aware": false,
      "Startup Cost": 376038.48,
      "Total Cost": 376038.49,
      "Plan Rows": 1,
      "Plan Width": 8,
      "Actual Startup Time": 1652.438,
      "Actual Total Time": 1723.688,
      "Actual Rows": 1,
      "Actual Loops": 1,
      "Plans": [
        {
          "Node Type": "Gather",
          "Parent Relationship": "Outer",
          "Parallel Aware": false,
          "Startup Cost": 376037.85,
          "Total Cost": 376038.46,
          "Plan Rows": 6,
          "Plan Width": 8,
          "Actual Startup Time": 1651.224,
          "Actual Total Time": 1723.674,
          "Actual Rows": 7,
          "Actual Loops": 1,
          "Workers Planned": 6,
          "Workers Launched": 6,
          "Single Copy": false,
          "Plans": [
            {
              "Node Type": "Aggregate",
              "Strategy": "Plain",
              "Partial Mode": "Partial",
              "Parent Relationship": "Outer",
              "Parallel Aware": false,
              "Startup Cost": 375037.85,
              "Total Cost": 375037.86,
              "Plan Rows": 1,
              "Plan Width": 8,
              "Actual Startup Time": 1641.098,
              "Actual Total Time": 1641.14,
              "Actual Rows": 1,
              "Actual Loops": 7,
              "Plans": [
                {
                  "Node Type": "Hash Join",
                  "Parent Relationship": "Outer",
                  "Parallel Aware": true,
                  "Join Type": "Inner",
                  "Startup Cost": 45699.66,
                  "Total Cost": 374616.46,
                  "Plan Rows": 168557,
                  "Plan Width": 0,
                  "Actual Startup Time": 100.515,
                  "Actual Total Time": 1625.58,
                  "Actual Rows": 239031,
                  "Actual Loops": 7,
                  "Inner Unique": true,
                  "Hash Cond": "(ci.movie_id = t.id)",
                  "Plans": [
                    {
                      "Node Type": "Seq Scan",
                      "Parent Relationship": "Outer",
                      "Parallel Aware": true,
                      "Relation Name": "cast_info",
                      "Alias": "ci",
                      "Startup Cost": 0.0,
                      "Total Cost": 313067.02,
                      "Plan Rows": 6038002,
                      "Plan Width": 4,
                      "Actual Startup Time": 0.027,
                      "Actual Total Time": 634.526,
                      "Actual Rows": 5177763,
                      "Actual Loops": 7
                    },
                    {
                      "Node Type": "Hash",
                      "Parent Relationship": "Inner",
                      "Parallel Aware": true,
                      "Startup Cost": 45479.1,
                      "Total Cost": 45479.1,
                      "Plan Rows": 17645,
                      "Plan Width": 4,
                      "Actual Startup Time": 98.686,
                      "Actual Total Time": 98.687,
                      "Actual Rows": 24842,
                      "Actual Loops": 7,
                      "Hash Buckets": 262144,
                      "Original Hash Buckets": 131072,
                      "Hash Batches": 1,
                      "Original Hash Batches": 1,
                      "Peak Memory Usage": 10016,
                      "Plans": [
                        {
                          "Node Type": "Seq Scan",
                          "Parent Relationship": "Outer",
                          "Parallel Aware": true,
                          "Relation Name": "title",
                          "Alias": "t",
                          "Startup Cost": 0.0,
                          "Total Cost": 45479.1,
                          "Plan Rows": 17645,
                          "Plan Width": 4,
                          "Actual Startup Time": 1.077,
                          "Actual Total Time": 81.286,
                          "Actual Rows": 24842,
                          "Actual Loops": 7,
                          "Filter": "((kind_id < 7) AND (production_year < 1954))",
                          "Rows Removed by Filter": 336345
                        }
                      ]
                    }
                  ]
                }
              ]
            }
          ]
        }
      ]
    },
    "Planning Time": 0.622,
    "Triggers": [],
    "Execution Time": 1723.779
  }
]