[
  {
    "Plan": {
      "Node Type": "Aggregate",
      "Strategy": "Plain",
      "Partial Mode": "Finalize",
      "Parallel Aware": false,
      "Startup Cost": 382337.82,
      "Total Cost": 382337.83,
      "Plan Rows": 1,
      "Plan Width": 8,
      "Actual Startup Time": 1164.943,
      "Actual Total Time": 1232.478,
      "Actual Rows": 1,
      "Actual Loops": 1,
      "Plans": [
        {
          "Node Type": "Gather",
          "Parent Relationship": "Outer",
          "Parallel Aware": false,
          "Startup Cost": 382337.2,
          "Total Cost": 382337.81,
          "Plan Rows": 6,
          "Plan Width": 8,
          "Actual Startup Time": 1163.961,
          "Actual Total Time": 1232.467,
          "Actual Rows": 7,
          "Actual Loops": 1,
          "Workers Planned": 6,
          "Workers Launched": 6,
          "Single Copy": false,
          "Plans": [
            {
              "Node Type": "Aggregate",
              "Strategy": "Plain",
              "Partial Mode": "Partial",
              "Parent Relationship": "Outer",
              "Parallel Aware": false,
              "Startup Cost": 381337.2,
              "Total Cost": 381337.21,
              "Plan Rows": 1,
              "Plan Width": 8,
              "Actual Startup Time": 1153.514,
              "Actual Total Time": 1153.517,
              "Actual Rows": 1,
              "Actual Loops": 7,
              "Plans": [
                {
                  "Node Type": "Hash Join",
                  "Parent Relationship": "Outer",
                  "Parallel Aware": true,
                  "Join Type": "Inner",
                  "Startup Cost": 45761.34,
                  "Total Cost": 381093.27,
                  "Plan Rows": 97570,
                  "Plan Width": 0,
                  "Actual Startup Time": 456.014,
                  "Actual Total Time": 1146.889,
                  "Actual Rows": 115792,
                  "Actual Loops": 7,
                  "Inner Unique": true,
                  "Hash Cond": "(ci.movie_id = t.id)",
                  "Plans": [
                    {
                      "Node Type": "Seq Scan",
                      "Parent Relationship": "Outer",
                      "Parallel Aware": true,
                      "Relation Name": "cast_info",
                      "Alias": "ci",
                      "Startup Cost": 0.0,
                      "Total Cost": 328162.03,
                      "Plan Rows": 2731391,
                      "Plan Width": 4,
                      "Actual Startup Time": 364.371,
                      "Actual Total Time": 726.44,
                      "Actual Rows": 2303098,
                      "Actual Loops": 7,
                      "Filter": "(role_id > 2)",
                      "Rows Removed by Filter": 2874666
                    },
                    {
                      "Node Type": "Hash",
                      "Parent Relationship": "Inner",
                      "Parallel Aware": true,
                      "Startup Cost": 45479.1,
                      "Total Cost": 45479.1,
                      "Plan Rows": 22579,
                      "Plan Width": 4,
                      "Actual Startup Time": 89.834,
                      "Actual Total Time": 89.835,
                      "Actual Rows": 13783,
                      "Actual Loops": 7,
                      "Hash Buckets": 131072,
                      "Original Hash Buckets": 131072,
                      "Hash Batches": 1,
                      "Original Hash Batches": 1,
                      "Peak Memory Usage": 4928,
                      "Plans": [
                        {
                          "Node Type": "Seq Scan",
                          "Parent Relationship": "Outer",
                          "Parallel Aware": true,
                          "Relation Name": "title",
                          "Alias": "t",
                          "Startup Cost": 0.0,
                          "Total Cost": 45479.1,
                          "Plan Rows": 22579,
                          "Plan Width": 4,
                          "Actual Startup Time": 0.047,
                          "Actual Total Time": 82.024,
                          "Actual Rows": 13783,
                          "Actual Loops": 7,
                          "Filter": "((kind_id > 2) AND (production_year = 2009))",
                          "Rows Removed by Filter": 347405
                        }
                      ]
                    }
                  ]
                }
              ]
            }
          ]
        }
      ]
    },
    "Planning Time": 0.709,
    "Triggers": [],
    "Execution Time": 1232.587
  }
]