[
  {
    "Plan": {
      "Node Type": "Aggregate",
      "Strategy": "Plain",
      "Partial Mode": "Finalize",
      "Parallel Aware": false,
      "Startup Cost": 425769.91,
      "Total Cost": 425769.92,
      "Plan Rows": 1,
      "Plan Width": 8,
      "Actual Startup Time": 6566.323,
      "Actual Total Time": 6655.072,
      "Actual Rows": 1,
      "Actual Loops": 1,
      "Plans": [
        {
          "Node Type": "Gather",
          "Parent Relationship": "Outer",
          "Parallel Aware": false,
          "Startup Cost": 425769.29,
          "Total Cost": 425769.9,
          "Plan Rows": 6,
          "Plan Width": 8,
          "Actual Startup Time": 6562.245,
          "Actual Total Time": 6655.062,
          "Actual Rows": 7,
          "Actual Loops": 1,
          "Workers Planned": 6,
          "Workers Launched": 6,
          "Single Copy": false,
          "Plans": [
            {
              "Node Type": "Aggregate",
              "Strategy": "Plain",
              "Partial Mode": "Partial",
              "Parent Relationship": "Outer",
              "Parallel Aware": false,
              "Startup Cost": 424769.29,
              "Total Cost": 424769.3,
              "Plan Rows": 1,
              "Plan Width": 8,
              "Actual Startup Time": 6552.513,
              "Actual Total Time": 6552.516,
              "Actual Rows": 1,
              "Actual Loops": 7,
              "Plans": [
                {
                  "Node Type": "Nested Loop",
                  "Parent Relationship": "Outer",
                  "Parallel Aware": false,
                  "Join Type": "Inner",
                  "Startup Cost": 96776.19,
                  "Total Cost": 421451.03,
                  "Plan Rows": 1327303,
                  "Plan Width": 0,
                  "Actual Startup Time": 441.327,
                  "Actual Total Time": 6103.051,
                  "Actual Rows": 9859046,
                  "Actual Loops": 7,
                  "Inner Unique": false,
                  "Join Filter": "(t.id = ci.movie_id)",
                  "Rows Removed by Join Filter": 0,
                  "Plans": [
                    {
                      "Node Type": "Merge Join",
                      "Parent Relationship": "Outer",
                      "Parallel Aware": false,
                      "Join Type": "Inner",
                      "Startup Cost": 96775.63,
                      "Total Cost": 240612.35,
                      "Plan Rows": 92574,
                      "Plan Width": 8,
                      "Actual Startup Time": 441.219,
                      "Actual Total Time": 758.826,
                      "Actual Rows": 258454,
                      "Actual Loops": 7,
                      "Inner Unique": true,
                      "Merge Cond": "(mk.movie_id = t.id)",
                      "Plans": [
                        {
                          "Node Type": "Index Only Scan",
                          "Parent Relationship": "Outer",
                          "Parallel Aware": true,
                          "Scan Direction": "Forward",
                          "Index Name": "movie_id_movie_keyword",
                          "Relation Name": "movie_keyword",
                          "Alias": "mk",
                          "Startup Cost": 0.43,
                          "Total Cost": 139476.27,
                          "Plan Rows": 753988,
                          "Plan Width": 4,
                          "Actual Startup Time": 0.14,
                          "Actual Total Time": 154.974,
                          "Actual Rows": 646276,
                          "Actual Loops": 7,
                          "Heap Fetches": 4523930
                        },
                        {
                          "Node Type": "Sort",
                          "Parent Relationship": "Inner",
                          "Parallel Aware": false,
                          "Startup Cost": 96774.59,
                          "Total Cost": 97550.69,
                          "Plan Rows": 310439,
                          "Plan Width": 4,
                          "Actual Startup Time": 441.033,
                          "Actual Total Time": 517.345,
                          "Actual Rows": 432451,
                          "Actual Loops": 7,
                          "Sort Key": [
                            "t.id"
                          ],
                          "Sort Method": "quicksort",
                          "Sort Space Used": 32602,
                          "Sort Space Type": "Memory",
                          "Workers": [
                            {
                              "Worker Number": 0,
                              "Sort Method": "quicksort",
                              "Sort Space Used": 32602,
                              "Sort Space Type": "Memory"
                            },
                            {
                              "Worker Number": 1,
                              "Sort Method": "quicksort",
                              "Sort Space Used": 32602,
                              "Sort Space Type": "Memory"
                            },
                            {
                              "Worker Number": 2,
                              "Sort Method": "quicksort",
                              "Sort Space Used": 32602,
                              "Sort Space Type": "Memory"
                            },
                            {
                              "Worker Number": 3,
                              "Sort Method": "quicksort",
                              "Sort Space Used": 32602,
                              "Sort Space Type": "Memory"
                            },
                            {
                              "Worker Number": 4,
                              "Sort Method": "quicksort",
                              "Sort Space Used": 32602,
                              "Sort Space Type": "Memory"
                            },
                            {
                              "Worker Number": 5,
                              "Sort Method": "quicksort",
                              "Sort Space Used": 32602,
                              "Sort Space Type": "Memory"
                            }
                          ],
                          "Plans": [
                            {
                              "Node Type": "Bitmap Heap Scan",
                              "Parent Relationship": "Outer",
                              "Parallel Aware": false,
                              "Relation Name": "title",
                              "Alias": "t",
                              "Startup Cost": 17660.83,
                              "Total Cost": 68456.42,
                              "Plan Rows": 310439,
                              "Plan Width": 4,
                              "Actual Startup Time": 67.107,
                              "Actual Total Time": 291.255,
                              "Actual Rows": 433359,
                              "Actual Loops": 7,
                              "Recheck Cond": "(kind_id < 7)",
                              "Rows Removed by Index Recheck": 0,
                              "Filter": "(production_year < 1995)",
                              "Rows Removed by Filter": 551689,
                              "Exact Heap Blocks": 35472,
                              "Lossy Heap Blocks": 0,
                              "Plans": [
                                {
                                  "Node Type": "Bitmap Index Scan",
                                  "Parent Relationship": "Outer",
                                  "Parallel Aware": false,
                                  "Index Name": "kind_id_title",
                                  "Startup Cost": 0.0,
                                  "Total Cost": 17583.22,
                                  "Plan Rows": 986506,
                                  "Plan Width": 0,
                                  "Actual Startup Time": 60.197,
                                  "Actual Total Time": 60.197,
                                  "Actual Rows": 985048,
                                  "Actual Loops": 7,
                                  "Index Cond": "(kind_id < 7)"
                                }
                              ]
                            }
                          ]
                        }
                      ]
                    },
                    {
                      "Node Type": "Index Only Scan",
                      "Parent Relationship": "Inner",
                      "Parallel Aware": false,
                      "Scan Direction": "Forward",
                      "Index Name": "movie_id_cast_info",
                      "Relation Name": "cast_info",
                      "Alias": "ci",
                      "Startup Cost": 0.56,
                      "Total Cost": 1.52,
                      "Plan Rows": 35,
                      "Plan Width": 4,
                      "Actual Startup Time": 0.003,
                      "Actual Total Time": 0.017,
                      "Actual Rows": 38,
                      "Actual Loops": 1809180,
                      "Index Cond": "(movie_id = mk.movie_id)",
                      "Rows Removed by Index Recheck": 0,
                      "Heap Fetches": 69013325
                    }
                  ]
                }
              ]
            }
          ]
        }
      ]
    },
    "Planning Time": 0.828,
    "Triggers": [],
    "Execution Time": 6663.413
  }
]