[
  {
    "Plan": {
      "Node Type": "Aggregate",
      "Strategy": "Plain",
      "Partial Mode": "Finalize",
      "Parallel Aware": false,
      "Startup Cost": 75966.31,
      "Total Cost": 75966.32,
      "Plan Rows": 1,
      "Plan Width": 8,
      "Actual Startup Time": 332.968,
      "Actual Total Time": 344.087,
      "Actual Rows": 1,
      "Actual Loops": 1,
      "Plans": [
        {
          "Node Type": "Gather",
          "Parent Relationship": "Outer",
          "Parallel Aware": false,
          "Startup Cost": 75965.99,
          "Total Cost": 75966.3,
          "Plan Rows": 3,
          "Plan Width": 8,
          "Actual Startup Time": 326.481,
          "Actual Total Time": 344.078,
          "Actual Rows": 4,
          "Actual Loops": 1,
          "Workers Planned": 3,
          "Workers Launched": 3,
          "Single Copy": false,
          "Plans": [
            {
              "Node Type": "Aggregate",
              "Strategy": "Plain",
              "Partial Mode": "Partial",
              "Parent Relationship": "Outer",
              "Parallel Aware": false,
              "Startup Cost": 74965.99,
              "Total Cost": 74966.0,
              "Plan Rows": 1,
              "Plan Width": 8,
              "Actual Startup Time": 313.876,
              "Actual Total Time": 313.879,
              "Actual Rows": 1,
              "Actual Loops": 4,
              "Plans": [
                {
                  "Node Type": "Hash Join",
                  "Parent Relationship": "Outer",
                  "Parallel Aware": true,
                  "Join Type": "Inner",
                  "Startup Cost": 49615.75,
                  "Total Cost": 74944.88,
                  "Plan Rows": 8443,
                  "Plan Width": 0,
                  "Actual Startup Time": 282.779,
                  "Actual Total Time": 313.717,
                  "Actual Rows": 1814,
                  "Actual Loops": 4,
                  "Inner Unique": true,
                  "Hash Cond": "(mk.movie_id = t.id)",
                  "Plans": [
                    {
                      "Node Type": "Bitmap Heap Scan",
                      "Parent Relationship": "Outer",
                      "Parallel Aware": true,
                      "Relation Name": "movie_keyword",
                      "Alias": "mk",
                      "Startup Cost": 914.13,
                      "Total Cost": 26206.8,
                      "Plan Rows": 13890,
                      "Plan Width": 4,
                      "Actual Startup Time": 5.777,
                      "Actual Total Time": 27.869,
                      "Actual Rows": 9723,
                      "Actual Loops": 4,
                      "Recheck Cond": "(keyword_id < 47)",
                      "Rows Removed by Index Recheck": 0,
                      "Exact Heap Blocks": 6943,
                      "Lossy Heap Blocks": 0,
                      "Plans": [
                        {
                          "Node Type": "Bitmap Index Scan",
                          "Parent Relationship": "Outer",
                          "Parallel Aware": false,
                          "Index Name": "keyword_id_movie_keyword",
                          "Startup Cost": 0.0,
                          "Total Cost": 903.37,
                          "Plan Rows": 43058,
                          "Plan Width": 0,
                          "Actual Startup Time": 3.594,
                          "Actual Total Time": 3.594,
                          "Actual Rows": 38892,
                          "Actual Loops": 1,
                          "Index Cond": "(keyword_id < 47)"
                        }
                      ]
                    },
                    {
                      "Node Type": "Hash",
                      "Parent Relationship": "Inner",
                      "Parallel Aware": true,
                      "Startup Cost": 43898.92,
                      "Total Cost": 43898.92,
                      "Plan Rows": 384216,
                      "Plan Width": 4,
                      "Actual Startup Time": 269.09,
                      "Actual Total Time": 269.091,
                      "Actual Rows": 385816,
                      "Actual Loops": 4,
                      "Hash Buckets": 2097152,
                      "Original Hash Buckets": 2097152,
                      "Hash Batches": 1,
                      "Original Hash Batches": 1,
                      "Peak Memory Usage": 76800,
                      "Plans": [
                        {
                          "Node Type": "Seq Scan",
                          "Parent Relationship": "Outer",
                          "Parallel Aware": true,
                          "Relation Name": "title",
                          "Alias": "t",
                          "Startup Cost": 0.0,
                          "Total Cost": 43898.92,
                          "Plan Rows": 384216,
                          "Plan Width": 4,
                          "Actual Startup Time": 0.041,
                          "Actual Total Time": 112.86,
                          "Actual Rows": 385816,
                          "Actual Loops": 4,
                          "Filter": "(kind_id = 7)",
                          "Rows Removed by Filter": 246262
                        }
                      ]
                    }
                  ]
                }
              ]
            }
          ]
        }
      ]
    },
    "Planning Time": 0.657,
    "Triggers": [],
    "Execution Time": 344.178
  }
]