{
  "Plan": {
    "Node Type": "Aggregate",
    "Strategy": "Plain",
    "Partial Mode": "Finalize",
    "Parallel Aware": false,
    "Startup Cost": 683178.46,
    "Total Cost": 683178.47,
    "Plan Rows": 1,
    "Plan Width": 8,
    "Actual Startup Time": 6007.594,
    "Actual Total Time": 6056.292,
    "Actual Rows": 1,
    "Actual Loops": 1,
    "Plans": [
      {
        "Node Type": "Gather",
        "Parent Relationship": "Outer",
        "Parallel Aware": false,
        "Startup Cost": 683178.34,
        "Total Cost": 683178.45,
        "Plan Rows": 1,
        "Plan Width": 8,
        "Actual Startup Time": 6003.415,
        "Actual Total Time": 6056.279,
        "Actual Rows": 2,
        "Actual Loops": 1,
        "Workers Planned": 1,
        "Workers Launched": 1,
        "Single Copy": false,
        "Plans": [
          {
            "Node Type": "Aggregate",
            "Strategy": "Plain",
            "Partial Mode": "Partial",
            "Parent Relationship": "Outer",
            "Parallel Aware": false,
            "Startup Cost": 682178.34,
            "Total Cost": 682178.35,
            "Plan Rows": 1,
            "Plan Width": 8,
            "Actual Startup Time": 5997.42,
            "Actual Total Time": 5998.228,
            "Actual Rows": 1,
            "Actual Loops": 2,
            "Plans": [
              {
                "Node Type": "Hash Join",
                "Parent Relationship": "Outer",
                "Parallel Aware": true,
                "Join Type": "Inner",
                "Startup Cost": 124280.34,
                "Total Cost": 676476.59,
                "Plan Rows": 2280700,
                "Plan Width": 0,
                "Actual Startup Time": 725.687,
                "Actual Total Time": 5087.57,
                "Actual Rows": 21665266,
                "Actual Loops": 2,
                "Inner Unique": false,
                "Hash Cond": "(ci.movie_id = t.id)",
                "Plans": [
                  {
                    "Node Type": "Index Scan",
                    "Parent Relationship": "Outer",
                    "Parallel Aware": true,
                    "Scan Direction": "Forward",
                    "Index Name": "role_id_cast_info",
                    "Relation Name": "cast_info",
                    "Alias": "ci",
                    "Startup Cost": 0.56,
                    "Total Cost": 502630.18,
                    "Plan Rows": 9640203,
                    "Plan Width": 4,
                    "Actual Startup Time": 0.114,
                    "Actual Total Time": 1106.411,
                    "Actual Rows": 8060842,
                    "Actual Loops": 2,
                    "Index Cond": "(role_id > 2)",
                    "Rows Removed by Index Recheck": 0
                  },
                  {
                    "Node Type": "Hash",
                    "Parent Relationship": "Inner",
                    "Parallel Aware": true,
                    "Startup Cost": 119881.63,
                    "Total Cost": 119881.63,
                    "Plan Rows": 351852,
                    "Plan Width": 8,
                    "Actual Startup Time": 716.879,
                    "Actual Total Time": 717.685,
                    "Actual Rows": 768642,
                    "Actual Loops": 2,
                    "Hash Buckets": 2097152,
                    "Original Hash Buckets": 1048576,
                    "Hash Batches": 1,
                    "Original Hash Batches": 1,
                    "Peak Memory Usage": 84736,
                    "Plans": [
                      {
                        "Node Type": "Hash Join",
                        "Parent Relationship": "Outer",
                        "Parallel Aware": true,
                        "Join Type": "Inner",
                        "Startup Cost": 58435.25,
                        "Total Cost": 119881.63,
                        "Plan Rows": 351852,
                        "Plan Width": 8,
                        "Actual Startup Time": 240.066,
                        "Actual Total Time": 564.832,
                        "Actual Rows": 768642,
                        "Actual Loops": 2,
                        "Inner Unique": true,
                        "Hash Cond": "(mk.movie_id = t.id)",
                        "Plans": [
                          {
                            "Node Type": "Seq Scan",
                            "Parent Relationship": "Outer",
                            "Parallel Aware": true,
                            "Relation Name": "movie_keyword",
                            "Alias": "mk",
                            "Startup Cost": 0.0,
                            "Total Cost": 57718.19,
                            "Plan Rows": 1420259,
                            "Plan Width": 4,
                            "Actual Startup Time": 0.411,
                            "Actual Total Time": 205.466,
                            "Actual Rows": 1205439,
                            "Actual Loops": 2,
                            "Filter": "(keyword_id > 3842)",
                            "Rows Removed by Filter": 1056526
                          },
                          {
                            "Node Type": "Hash",
                            "Parent Relationship": "Inner",
                            "Parallel Aware": true,
                            "Startup Cost": 53829.7,
                            "Total Cost": 53829.7,
                            "Plan Rows": 368444,
                            "Plan Width": 4,
                            "Actual Startup Time": 178.221,
                            "Actual Total Time": 178.222,
                            "Actual Rows": 317145,
                            "Actual Loops": 2,
                            "Hash Buckets": 1048576,
                            "Original Hash Buckets": 1048576,
                            "Hash Batches": 1,
                            "Original Hash Batches": 1,
                            "Peak Memory Usage": 33024,
                            "Plans": [
                              {
                                "Node Type": "Bitmap Heap Scan",
                                "Parent Relationship": "Outer",
                                "Parallel Aware": true,
                                "Relation Name": "title",
                                "Alias": "t",
                                "Startup Cost": 11979.44,
                                "Total Cost": 53829.7,
                                "Plan Rows": 368444,
                                "Plan Width": 4,
                                "Actual Startup Time": 26.262,
                                "Actual Total Time": 101.67,
                                "Actual Rows": 317145,
                                "Actual Loops": 2,
                                "Recheck Cond": "(kind_id = 1)",
                                "Rows Removed by Index Recheck": 0,
                                "Filter": "(production_year < 2013)",
                                "Rows Removed by Filter": 14268,
                                "Exact Heap Blocks": 7403,
                                "Lossy Heap Blocks": 0,
                                "Plans": [
                                  {
                                    "Node Type": "Bitmap Index Scan",
                                    "Parent Relationship": "Outer",
                                    "Parallel Aware": false,
                                    "Index Name": "kind_id_title",
                                    "Startup Cost": 0.0,
                                    "Total Cost": 11822.85,
                                    "Plan Rows": 663256,
                                    "Plan Width": 0,
                                    "Actual Startup Time": 24.318,
                                    "Actual Total Time": 24.318,
                                    "Actual Rows": 662825,
                                    "Actual Loops": 1,
                                    "Index Cond": "(kind_id = 1)"
                                  }
                                ]
                              }
                            ]
                          }
                        ]
                      }
                    ]
                  }
                ]
              }
            ]
          }
        ]
      }
    ]
  },
  "Planning Time": 1.004,
  "Triggers": [],
  "Execution Time": 6056.423
}