{
    "Plan": {
        "Node Type": "Aggregate",
        "Strategy": "Plain",
        "Partial Mode": "Simple",
        "Parallel Aware": false,
        "Startup Cost": 10000680738.8,
        "Total Cost": 10000680738.81,
        "Plan Rows": 1,
        "Plan Width": 8,
        "Actual Startup Time": 803.216,
        "Actual Total Time": 803.221,
        "Actual Rows": 1,
        "Actual Loops": 1,
        "Output": [
            "count(*)"
        ],
        "Plans": [
            {
                "Node Type": "Hash Join",
                "Parent Relationship": "Outer",
                "Parallel Aware": false,
                "Join Type": "Inner",
                "Startup Cost": 10000240631.63,
                "Total Cost": 10000680734.41,
                "Plan Rows": 1755,
                "Plan Width": 0,
                "Actual Startup Time": 179.321,
                "Actual Total Time": 803.097,
                "Actual Rows": 1479,
                "Actual Loops": 1,
                "Inner Unique": false,
                "Hash Cond": "(t.id = ci.movie_id)",
                "Plans": [
                    {
                        "Node Type": "Nested Loop",
                        "Parent Relationship": "Outer",
                        "Parallel Aware": false,
                        "Join Type": "Inner",
                        "Startup Cost": 10000033110.52,
                        "Total Cost": 10000468786.55,
                        "Plan Rows": 88184,
                        "Plan Width": 8,
                        "Actual Startup Time": 85.673,
                        "Actual Total Time": 715.99,
                        "Actual Rows": 14899,
                        "Actual Loops": 1,
                        "Output": [
                            "t.id",
                            "mk.movie_id"
                        ],
                        "Inner Unique": false,
                        "Plans": [
                            {
                                "Node Type": "Bitmap Heap Scan",
                                "Parent Relationship": "Outer",
                                "Parallel Aware": false,
                                "Relation Name": "title",
                                "Schema": "public",
                                "Alias": "t",
                                "Startup Cost": 33108.01,
                                "Total Cost": 96960.53,
                                "Plan Rows": 49284,
                                "Plan Width": 4,
                                "Actual Startup Time": 83.591,
                                "Actual Total Time": 478.356,
                                "Actual Rows": 45321,
                                "Actual Loops": 1,
                                "Output": [
                                    "t.id",
                                    "t.title",
                                    "t.imdb_index",
                                    "t.kind_id",
                                    "t.production_year",
                                    "t.imdb_id",
                                    "t.phonetic_code",
                                    "t.episode_of_id",
                                    "t.season_nr",
                                    "t.episode_nr",
                                    "t.series_years",
                                    "t.md5sum"
                                ],
                                "Recheck Cond": "(t.kind_id > 1)",
                                "Rows Removed by Index Recheck": 0,
                                "Filter": "(t.production_year > 2012)",
                                "Rows Removed by Filter": 1820166,
                                "Exact Heap Blocks": 35995,
                                "Lossy Heap Blocks": 0,
                                "Plans": [
                                    {
                                        "Node Type": "Bitmap Index Scan",
                                        "Parent Relationship": "Outer",
                                        "Parallel Aware": false,
                                        "Index Name": "kind_id_title",
                                        "Startup Cost": 0.0,
                                        "Total Cost": 33095.69,
                                        "Plan Rows": 1856968,
                                        "Plan Width": 0,
                                        "Actual Startup Time": 78.534,
                                        "Actual Total Time": 78.534,
                                        "Actual Rows": 1865487,
                                        "Actual Loops": 1,
                                        "Index Cond": "(t.kind_id > 1)"
                                    }
                                ]
                            },
                            {
                                "Node Type": "Bitmap Heap Scan",
                                "Parent Relationship": "Inner",
                                "Parallel Aware": false,
                                "Relation Name": "movie_keyword",
                                "Schema": "public",
                                "Alias": "mk",
                                "Startup Cost": 2.51,
                                "Total Cost": 7.08,
                                "Plan Rows": 46,
                                "Plan Width": 4,
                                "Actual Startup Time": 0.004,
                                "Actual Total Time": 0.004,
                                "Actual Rows": 0,
                                "Actual Loops": 45321,
                                "Output": [
                                    "mk.id",
                                    "mk.movie_id",
                                    "mk.keyword_id"
                                ],
                                "Recheck Cond": "(mk.movie_id = t.id)",
                                "Rows Removed by Index Recheck": 0,
                                "Exact Heap Blocks": 2521,
                                "Lossy Heap Blocks": 0,
                                "Plans": [
                                    {
                                        "Node Type": "Bitmap Index Scan",
                                        "Parent Relationship": "Outer",
                                        "Parallel Aware": false,
                                        "Index Name": "movie_id_movie_keyword",
                                        "Startup Cost": 0.0,
                                        "Total Cost": 2.5,
                                        "Plan Rows": 46,
                                        "Plan Width": 0,
                                        "Actual Startup Time": 0.003,
                                        "Actual Total Time": 0.003,
                                        "Actual Rows": 0,
                                        "Actual Loops": 45321,
                                        "Index Cond": "(mk.movie_id = t.id)"
                                    }
                                ]
                            }
                        ]
                    },
                    {
                        "Node Type": "Hash",
                        "Parent Relationship": "Inner",
                        "Parallel Aware": false,
                        "Startup Cost": 206892.2,
                        "Total Cost": 206892.2,
                        "Plan Rows": 50313,
                        "Plan Width": 4,
                        "Actual Startup Time": 83.428,
                        "Actual Total Time": 83.43,
                        "Actual Rows": 143170,
                        "Actual Loops": 1,
                        "Output": [
                            "ci.movie_id"
                        ],
                        "Hash Buckets": 262144,
                        "Original Hash Buckets": 65536,
                        "Hash Batches": 1,
                        "Original Hash Batches": 1,
                        "Peak Memory Usage": 7082,
                        "Plans": [
                            {
                                "Node Type": "Bitmap Heap Scan",
                                "Parent Relationship": "Outer",
                                "Parallel Aware": false,
                                "Relation Name": "cast_info",
                                "Schema": "public",
                                "Alias": "ci",
                                "Startup Cost": 2499.45,
                                "Total Cost": 206892.2,
                                "Plan Rows": 50313,
                                "Plan Width": 4,
                                "Actual Startup Time": 19.015,
                                "Actual Total Time": 58.971,
                                "Actual Rows": 143170,
                                "Actual Loops": 1,
                                "Output": [
                                    "ci.movie_id"
                                ],
                                "Recheck Cond": "(ci.person_id > 4039477)",
                                "Rows Removed by Index Recheck": 0,
                                "Filter": "(ci.role_id > 2)",
                                "Rows Removed by Filter": 0,
                                "Exact Heap Blocks": 1502,
                                "Lossy Heap Blocks": 0,
                                "Plans": [
                                    {
                                        "Node Type": "Bitmap Index Scan",
                                        "Parent Relationship": "Outer",
                                        "Parallel Aware": false,
                                        "Index Name": "person_id_cast_info",
                                        "Startup Cost": 0.0,
                                        "Total Cost": 2486.87,
                                        "Plan Rows": 113907,
                                        "Plan Width": 0,
                                        "Actual Startup Time": 18.757,
                                        "Actual Total Time": 18.757,
                                        "Actual Rows": 143170,
                                        "Actual Loops": 1,
                                        "Index Cond": "(ci.person_id > 4039477)"
                                    }
                                ]
                            }
                        ]
                    }
                ]
            }
        ]
    },
    "Planning Time": 3.672,
    "Triggers": [],
    "Execution Time": 804.066
}