[
  {
    "Plan": {
      "Node Type": "Aggregate",
      "Strategy": "Plain",
      "Partial Mode": "Simple",
      "Parallel Aware": false,
      "Startup Cost": 57377.52,
      "Total Cost": 57377.53,
      "Plan Rows": 1,
      "Plan Width": 8,
      "Actual Startup Time": 7.306,
      "Actual Total Time": 7.307,
      "Actual Rows": 1,
      "Actual Loops": 1,
      "Plans": [
        {
          "Node Type": "Index Scan",
          "Parent Relationship": "Outer",
          "Parallel Aware": false,
          "Scan Direction": "Forward",
          "Index Name": "person_id_cast_info",
          "Relation Name": "cast_info",
          "Alias": "ci",
          "Startup Cost": 0.56,
          "Total Cost": 57351.37,
          "Plan Rows": 10460,
          "Plan Width": 0,
          "Actual Startup Time": 0.022,
          "Actual Total Time": 6.145,
          "Actual Rows": 19959,
          "Actual Loops": 1,
          "Index Cond": "(person_id < 3645)",
          "Rows Removed by Index Recheck": 0,
          "Filter": "(role_id = 1)",
          "Rows Removed by Filter": 6428
        }
      ]
    },
    "Planning Time": 0.307,
    "Triggers": [],
    "Execution Time": 7.346
  }
]