{
  "Plan": {
    "Node Type": "Aggregate",
    "Strategy": "Plain",
    "Partial Mode": "Finalize",
    "Parallel Aware": false,
    "Startup Cost": 85856.92,
    "Total Cost": 85856.93,
    "Plan Rows": 1,
    "Plan Width": 8,
    "Actual Startup Time": 285.213,
    "Actual Total Time": 301.442,
    "Actual Rows": 1,
    "Actual Loops": 1,
    "Plans": [
      {
        "Node Type": "Gather",
        "Parent Relationship": "Outer",
        "Parallel Aware": false,
        "Startup Cost": 85856.81,
        "Total Cost": 85856.92,
        "Plan Rows": 1,
        "Plan Width": 8,
        "Actual Startup Time": 284.793,
        "Actual Total Time": 301.433,
        "Actual Rows": 2,
        "Actual Loops": 1,
        "Workers Planned": 1,
        "Workers Launched": 1,
        "Single Copy": false,
        "Plans": [
          {
            "Node Type": "Aggregate",
            "Strategy": "Plain",
            "Partial Mode": "Partial",
            "Parent Relationship": "Outer",
            "Parallel Aware": false,
            "Startup Cost": 84856.81,
            "Total Cost": 84856.82,
            "Plan Rows": 1,
            "Plan Width": 8,
            "Actual Startup Time": 278.888,
            "Actual Total Time": 278.892,
            "Actual Rows": 1,
            "Actual Loops": 2,
            "Plans": [
              {
                "Node Type": "Nested Loop",
                "Parent Relationship": "Outer",
                "Parallel Aware": false,
                "Join Type": "Inner",
                "Startup Cost": 55488.59,
                "Total Cost": 84842.32,
                "Plan Rows": 5796,
                "Plan Width": 0,
                "Actual Startup Time": 150.179,
                "Actual Total Time": 277.944,
                "Actual Rows": 16818,
                "Actual Loops": 2,
                "Inner Unique": false,
                "Join Filter": "(t.id = mc.movie_id)",
                "Rows Removed by Join Filter": 0,
                "Plans": [
                  {
                    "Node Type": "Hash Join",
                    "Parent Relationship": "Outer",
                    "Parallel Aware": true,
                    "Join Type": "Inner",
                    "Startup Cost": 55488.16,
                    "Total Cost": 74272.48,
                    "Plan Rows": 12944,
                    "Plan Width": 8,
                    "Actual Startup Time": 150.129,
                    "Actual Total Time": 234.862,
                    "Actual Rows": 9766,
                    "Actual Loops": 2,
                    "Inner Unique": true,
                    "Hash Cond": "(mi_idx.movie_id = t.id)",
                    "Plans": [
                      {
                        "Node Type": "Seq Scan",
                        "Parent Relationship": "Outer",
                        "Parallel Aware": true,
                        "Relation Name": "movie_info_idx",
                        "Alias": "mi_idx",
                        "Startup Cost": 0.0,
                        "Total Cost": 18082.32,
                        "Plan Rows": 267429,
                        "Plan Width": 4,
                        "Actual Startup Time": 0.019,
                        "Actual Total Time": 48.692,
                        "Actual Rows": 229962,
                        "Actual Loops": 2,
                        "Filter": "(info_type_id < 100)",
                        "Rows Removed by Filter": 460055
                      },
                      {
                        "Node Type": "Hash",
                        "Parent Relationship": "Inner",
                        "Parallel Aware": true,
                        "Startup Cost": 54588.39,
                        "Total Cost": 54588.39,
                        "Plan Rows": 71982,
                        "Plan Width": 4,
                        "Actual Startup Time": 147.746,
                        "Actual Total Time": 147.747,
                        "Actual Rows": 61430,
                        "Actual Loops": 2,
                        "Hash Buckets": 131072,
                        "Original Hash Buckets": 131072,
                        "Hash Batches": 1,
                        "Original Hash Batches": 1,
                        "Peak Memory Usage": 5888,
                        "Plans": [
                          {
                            "Node Type": "Seq Scan",
                            "Parent Relationship": "Outer",
                            "Parallel Aware": true,
                            "Relation Name": "title",
                            "Alias": "t",
                            "Startup Cost": 0.0,
                            "Total Cost": 54588.39,
                            "Plan Rows": 71982,
                            "Plan Width": 4,
                            "Actual Startup Time": 0.031,
                            "Actual Total Time": 131.428,
                            "Actual Rows": 61430,
                            "Actual Loops": 2,
                            "Filter": "(production_year = 2008)",
                            "Rows Removed by Filter": 1202726
                          }
                        ]
                      }
                    ]
                  },
                  {
                    "Node Type": "Index Scan",
                    "Parent Relationship": "Inner",
                    "Parallel Aware": false,
                    "Scan Direction": "Forward",
                    "Index Name": "movie_id_movie_companies",
                    "Relation Name": "movie_companies",
                    "Alias": "mc",
                    "Startup Cost": 0.43,
                    "Total Cost": 0.79,
                    "Plan Rows": 2,
                    "Plan Width": 4,
                    "Actual Startup Time": 0.003,
                    "Actual Total Time": 0.004,
                    "Actual Rows": 2,
                    "Actual Loops": 19531,
                    "Index Cond": "(movie_id = mi_idx.movie_id)",
                    "Rows Removed by Index Recheck": 0,
                    "Filter": "((company_id < 93042) AND (company_type_id = 1))",
                    "Rows Removed by Filter": 1
                  }
                ]
              }
            ]
          }
        ]
      }
    ]
  },
  "Planning Time": 0.945,
  "Triggers": [],
  "Execution Time": 301.528
}