{
  "Plan": {
    "Node Type": "Aggregate",
    "Strategy": "Plain",
    "Partial Mode": "Finalize",
    "Parallel Aware": false,
    "Startup Cost": 645878.36,
    "Total Cost": 645878.37,
    "Plan Rows": 1,
    "Plan Width": 8,
    "Actual Startup Time": 6877.4,
    "Actual Total Time": 6942.272,
    "Actual Rows": 1,
    "Actual Loops": 1,
    "Plans": [
      {
        "Node Type": "Gather",
        "Parent Relationship": "Outer",
        "Parallel Aware": false,
        "Startup Cost": 645878.24,
        "Total Cost": 645878.35,
        "Plan Rows": 1,
        "Plan Width": 8,
        "Actual Startup Time": 6874.944,
        "Actual Total Time": 6942.264,
        "Actual Rows": 2,
        "Actual Loops": 1,
        "Workers Planned": 1,
        "Workers Launched": 1,
        "Single Copy": false,
        "Plans": [
          {
            "Node Type": "Aggregate",
            "Strategy": "Plain",
            "Partial Mode": "Partial",
            "Parent Relationship": "Outer",
            "Parallel Aware": false,
            "Startup Cost": 644878.24,
            "Total Cost": 644878.25,
            "Plan Rows": 1,
            "Plan Width": 8,
            "Actual Startup Time": 6867.136,
            "Actual Total Time": 6867.14,
            "Actual Rows": 1,
            "Actual Loops": 2,
            "Plans": [
              {
                "Node Type": "Hash Join",
                "Parent Relationship": "Outer",
                "Parallel Aware": true,
                "Join Type": "Inner",
                "Startup Cost": 66716.65,
                "Total Cost": 622232.88,
                "Plan Rows": 9058144,
                "Plan Width": 0,
                "Actual Startup Time": 810.315,
                "Actual Total Time": 6501.632,
                "Actual Rows": 8509120,
                "Actual Loops": 2,
                "Inner Unique": true,
                "Hash Cond": "(ci.movie_id = t.id)",
                "Plans": [
                  {
                    "Node Type": "Seq Scan",
                    "Parent Relationship": "Outer",
                    "Parallel Aware": true,
                    "Relation Name": "cast_info",
                    "Alias": "ci",
                    "Startup Cost": 0.0,
                    "Total Cost": 519069.44,
                    "Plan Rows": 13884470,
                    "Plan Width": 4,
                    "Actual Startup Time": 349.374,
                    "Actual Total Time": 1671.161,
                    "Actual Rows": 11815752,
                    "Actual Loops": 2,
                    "Filter": "(person_id > 1244415)",
                    "Rows Removed by Filter": 6306420
                  },
                  {
                    "Node Type": "Hash",
                    "Parent Relationship": "Inner",
                    "Parallel Aware": true,
                    "Startup Cost": 54588.39,
                    "Total Cost": 54588.39,
                    "Plan Rows": 970261,
                    "Plan Width": 4,
                    "Actual Startup Time": 446.458,
                    "Actual Total Time": 446.459,
                    "Actual Rows": 821757,
                    "Actual Loops": 2,
                    "Hash Buckets": 2097152,
                    "Original Hash Buckets": 2097152,
                    "Hash Batches": 1,
                    "Original Hash Batches": 1,
                    "Peak Memory Usage": 80704,
                    "Plans": [
                      {
                        "Node Type": "Seq Scan",
                        "Parent Relationship": "Outer",
                        "Parallel Aware": true,
                        "Relation Name": "title",
                        "Alias": "t",
                        "Startup Cost": 0.0,
                        "Total Cost": 54588.39,
                        "Plan Rows": 970261,
                        "Plan Width": 4,
                        "Actual Startup Time": 0.05,
                        "Actual Total Time": 205.793,
                        "Actual Rows": 821757,
                        "Actual Loops": 2,
                        "Filter": "(production_year > 1994)",
                        "Rows Removed by Filter": 442399
                      }
                    ]
                  }
                ]
              }
            ]
          }
        ]
      }
    ]
  },
  "Planning Time": 0.674,
  "Triggers": [],
  "Execution Time": 6942.383
}