{
  "Plan": {
    "Node Type": "Aggregate",
    "Strategy": "Plain",
    "Partial Mode": "Finalize",
    "Parallel Aware": false,
    "Startup Cost": 168878.57,
    "Total Cost": 168878.58,
    "Plan Rows": 1,
    "Plan Width": 8,
    "Actual Startup Time": 1403.02,
    "Actual Total Time": 1424.482,
    "Actual Rows": 1,
    "Actual Loops": 1,
    "Plans": [
      {
        "Node Type": "Gather",
        "Parent Relationship": "Outer",
        "Parallel Aware": false,
        "Startup Cost": 168878.46,
        "Total Cost": 168878.57,
        "Plan Rows": 1,
        "Plan Width": 8,
        "Actual Startup Time": 1400.285,
        "Actual Total Time": 1424.475,
        "Actual Rows": 2,
        "Actual Loops": 1,
        "Workers Planned": 1,
        "Workers Launched": 1,
        "Single Copy": false,
        "Plans": [
          {
            "Node Type": "Aggregate",
            "Strategy": "Plain",
            "Partial Mode": "Partial",
            "Parent Relationship": "Outer",
            "Parallel Aware": false,
            "Startup Cost": 167878.46,
            "Total Cost": 167878.47,
            "Plan Rows": 1,
            "Plan Width": 8,
            "Actual Startup Time": 1393.812,
            "Actual Total Time": 1393.818,
            "Actual Rows": 1,
            "Actual Loops": 2,
            "Plans": [
              {
                "Node Type": "Hash Join",
                "Parent Relationship": "Outer",
                "Parallel Aware": true,
                "Join Type": "Inner",
                "Startup Cost": 102442.58,
                "Total Cost": 166568.78,
                "Plan Rows": 523871,
                "Plan Width": 0,
                "Actual Startup Time": 719.128,
                "Actual Total Time": 1301.948,
                "Actual Rows": 1800356,
                "Actual Loops": 2,
                "Inner Unique": false,
                "Hash Cond": "(mk.movie_id = t.id)",
                "Plans": [
                  {
                    "Node Type": "Seq Scan",
                    "Parent Relationship": "Outer",
                    "Parallel Aware": true,
                    "Relation Name": "movie_keyword",
                    "Alias": "mk",
                    "Startup Cost": 0.0,
                    "Total Cost": 51065.35,
                    "Plan Rows": 2661135,
                    "Plan Width": 4,
                    "Actual Startup Time": 0.019,
                    "Actual Total Time": 184.555,
                    "Actual Rows": 2261965,
                    "Actual Loops": 2
                  },
                  {
                    "Node Type": "Hash",
                    "Parent Relationship": "Inner",
                    "Parallel Aware": true,
                    "Startup Cost": 98782.88,
                    "Total Cost": 98782.88,
                    "Plan Rows": 292776,
                    "Plan Width": 8,
                    "Actual Startup Time": 704.854,
                    "Actual Total Time": 704.859,
                    "Actual Rows": 252732,
                    "Actual Loops": 2,
                    "Hash Buckets": 524288,
                    "Original Hash Buckets": 524288,
                    "Hash Batches": 1,
                    "Original Hash Batches": 1,
                    "Peak Memory Usage": 23904,
                    "Plans": [
                      {
                        "Node Type": "Hash Join",
                        "Parent Relationship": "Outer",
                        "Parallel Aware": true,
                        "Join Type": "Inner",
                        "Startup Cost": 36895.17,
                        "Total Cost": 98782.88,
                        "Plan Rows": 292776,
                        "Plan Width": 8,
                        "Actual Startup Time": 151.444,
                        "Actual Total Time": 633.282,
                        "Actual Rows": 252732,
                        "Actual Loops": 2,
                        "Inner Unique": false,
                        "Hash Cond": "(t.id = mc.movie_id)",
                        "Plans": [
                          {
                            "Node Type": "Seq Scan",
                            "Parent Relationship": "Outer",
                            "Parallel Aware": true,
                            "Relation Name": "title",
                            "Alias": "t",
                            "Startup Cost": 0.0,
                            "Total Cost": 50870.31,
                            "Plan Rows": 1487231,
                            "Plan Width": 4,
                            "Actual Startup Time": 0.012,
                            "Actual Total Time": 140.068,
                            "Actual Rows": 1264156,
                            "Actual Loops": 2
                          },
                          {
                            "Node Type": "Hash",
                            "Parent Relationship": "Inner",
                            "Parallel Aware": true,
                            "Startup Cost": 33235.47,
                            "Total Cost": 33235.47,
                            "Plan Rows": 292776,
                            "Plan Width": 4,
                            "Actual Startup Time": 147.593,
                            "Actual Total Time": 147.594,
                            "Actual Rows": 252732,
                            "Actual Loops": 2,
                            "Hash Buckets": 524288,
                            "Original Hash Buckets": 524288,
                            "Hash Batches": 1,
                            "Original Hash Batches": 1,
                            "Peak Memory Usage": 23904,
                            "Plans": [
                              {
                                "Node Type": "Bitmap Heap Scan",
                                "Parent Relationship": "Outer",
                                "Parallel Aware": true,
                                "Relation Name": "movie_companies",
                                "Alias": "mc",
                                "Startup Cost": 10785.76,
                                "Total Cost": 33235.47,
                                "Plan Rows": 292776,
                                "Plan Width": 4,
                                "Actual Startup Time": 36.907,
                                "Actual Total Time": 89.578,
                                "Actual Rows": 252732,
                                "Actual Loops": 2,
                                "Recheck Cond": "(company_id > 73942)",
                                "Rows Removed by Index Recheck": 0,
                                "Exact Heap Blocks": 5050,
                                "Lossy Heap Blocks": 0,
                                "Plans": [
                                  {
                                    "Node Type": "Bitmap Index Scan",
                                    "Parent Relationship": "Outer",
                                    "Parallel Aware": false,
                                    "Index Name": "company_id_movie_companies",
                                    "Startup Cost": 0.0,
                                    "Total Cost": 10661.33,
                                    "Plan Rows": 497720,
                                    "Plan Width": 0,
                                    "Actual Startup Time": 35.778,
                                    "Actual Total Time": 35.778,
                                    "Actual Rows": 505463,
                                    "Actual Loops": 1,
                                    "Index Cond": "(company_id > 73942)"
                                  }
                                ]
                              }
                            ]
                          }
                        ]
                      }
                    ]
                  }
                ]
              }
            ]
          }
        ]
      }
    ]
  },
  "Planning Time": 1.02,
  "Triggers": [],
  "Execution Time": 1424.585
}