[
  {
    "Plan": {
      "Node Type": "Aggregate",
      "Strategy": "Plain",
      "Partial Mode": "Finalize",
      "Parallel Aware": false,
      "Startup Cost": 44682.61,
      "Total Cost": 44682.62,
      "Plan Rows": 1,
      "Plan Width": 8,
      "Actual Startup Time": 140.241,
      "Actual Total Time": 150.157,
      "Actual Rows": 1,
      "Actual Loops": 1,
      "Plans": [
        {
          "Node Type": "Gather",
          "Parent Relationship": "Outer",
          "Parallel Aware": false,
          "Startup Cost": 44682.3,
          "Total Cost": 44682.61,
          "Plan Rows": 3,
          "Plan Width": 8,
          "Actual Startup Time": 140.146,
          "Actual Total Time": 150.148,
          "Actual Rows": 4,
          "Actual Loops": 1,
          "Workers Planned": 3,
          "Workers Launched": 3,
          "Single Copy": false,
          "Plans": [
            {
              "Node Type": "Aggregate",
              "Strategy": "Plain",
              "Partial Mode": "Partial",
              "Parent Relationship": "Outer",
              "Parallel Aware": false,
              "Startup Cost": 43682.3,
              "Total Cost": 43682.31,
              "Plan Rows": 1,
              "Plan Width": 8,
              "Actual Startup Time": 131.545,
              "Actual Total Time": 131.547,
              "Actual Rows": 1,
              "Actual Loops": 4,
              "Plans": [
                {
                  "Node Type": "Seq Scan",
                  "Parent Relationship": "Outer",
                  "Parallel Aware": true,
                  "Relation Name": "movie_keyword",
                  "Alias": "mk",
                  "Startup Cost": 0.0,
                  "Total Cost": 42695.65,
                  "Plan Rows": 394657,
                  "Plan Width": 0,
                  "Actual Startup Time": 2.653,
                  "Actual Total Time": 114.884,
                  "Actual Rows": 307252,
                  "Actual Loops": 4,
                  "Filter": "(keyword_id > 14764)",
                  "Rows Removed by Filter": 823730
                }
              ]
            }
          ]
        }
      ]
    },
    "Planning Time": 0.194,
    "Triggers": [],
    "Execution Time": 150.269
  }
]