[
  {
    "Plan": {
      "Node Type": "Aggregate",
      "Strategy": "Plain",
      "Partial Mode": "Finalize",
      "Parallel Aware": false,
      "Startup Cost": 86781.85,
      "Total Cost": 86781.86,
      "Plan Rows": 1,
      "Plan Width": 8,
      "Actual Startup Time": 234.421,
      "Actual Total Time": 249.224,
      "Actual Rows": 1,
      "Actual Loops": 1,
      "Plans": [
        {
          "Node Type": "Gather",
          "Parent Relationship": "Outer",
          "Parallel Aware": false,
          "Startup Cost": 86781.53,
          "Total Cost": 86781.84,
          "Plan Rows": 3,
          "Plan Width": 8,
          "Actual Startup Time": 233.774,
          "Actual Total Time": 249.214,
          "Actual Rows": 4,
          "Actual Loops": 1,
          "Workers Planned": 3,
          "Workers Launched": 3,
          "Single Copy": false,
          "Plans": [
            {
              "Node Type": "Aggregate",
              "Strategy": "Plain",
              "Partial Mode": "Partial",
              "Parent Relationship": "Outer",
              "Parallel Aware": false,
              "Startup Cost": 85781.53,
              "Total Cost": 85781.54,
              "Plan Rows": 1,
              "Plan Width": 8,
              "Actual Startup Time": 226.926,
              "Actual Total Time": 226.929,
              "Actual Rows": 1,
              "Actual Loops": 4,
              "Plans": [
                {
                  "Node Type": "Hash Join",
                  "Parent Relationship": "Outer",
                  "Parallel Aware": true,
                  "Join Type": "Inner",
                  "Startup Cost": 58118.71,
                  "Total Cost": 85756.36,
                  "Plan Rows": 10068,
                  "Plan Width": 0,
                  "Actual Startup Time": 140.192,
                  "Actual Total Time": 226.43,
                  "Actual Rows": 6154,
                  "Actual Loops": 4,
                  "Inner Unique": true,
                  "Hash Cond": "(mk.movie_id = t.id)",
                  "Plans": [
                    {
                      "Node Type": "Bitmap Heap Scan",
                      "Parent Relationship": "Outer",
                      "Parallel Aware": true,
                      "Relation Name": "movie_keyword",
                      "Alias": "mk",
                      "Startup Cost": 13841.44,
                      "Total Cost": 40926.56,
                      "Plan Rows": 210489,
                      "Plan Width": 4,
                      "Actual Startup Time": 38.439,
                      "Actual Total Time": 100.652,
                      "Actual Rows": 164354,
                      "Actual Loops": 4,
                      "Recheck Cond": "(keyword_id > 28588)",
                      "Rows Removed by Index Recheck": 0,
                      "Exact Heap Blocks": 8478,
                      "Lossy Heap Blocks": 0,
                      "Plans": [
                        {
                          "Node Type": "Bitmap Index Scan",
                          "Parent Relationship": "Outer",
                          "Parallel Aware": false,
                          "Index Name": "keyword_id_movie_keyword",
                          "Startup Cost": 0.0,
                          "Total Cost": 13678.31,
                          "Plan Rows": 652517,
                          "Plan Width": 0,
                          "Actual Startup Time": 34.933,
                          "Actual Total Time": 34.933,
                          "Actual Rows": 657414,
                          "Actual Loops": 1,
                          "Index Cond": "(keyword_id > 28588)"
                        }
                      ]
                    },
                    {
                      "Node Type": "Hash",
                      "Parent Relationship": "Inner",
                      "Parallel Aware": true,
                      "Startup Cost": 43899.32,
                      "Total Cost": 43899.32,
                      "Plan Rows": 30236,
                      "Plan Width": 4,
                      "Actual Startup Time": 99.681,
                      "Actual Total Time": 99.682,
                      "Actual Rows": 29891,
                      "Actual Loops": 4,
                      "Hash Buckets": 131072,
                      "Original Hash Buckets": 131072,
                      "Hash Batches": 1,
                      "Original Hash Batches": 1,
                      "Peak Memory Usage": 5760,
                      "Plans": [
                        {
                          "Node Type": "Seq Scan",
                          "Parent Relationship": "Outer",
                          "Parallel Aware": true,
                          "Relation Name": "title",
                          "Alias": "t",
                          "Startup Cost": 0.0,
                          "Total Cost": 43899.32,
                          "Plan Rows": 30236,
                          "Plan Width": 4,
                          "Actual Startup Time": 0.042,
                          "Actual Total Time": 89.534,
                          "Actual Rows": 29891,
                          "Actual Loops": 4,
                          "Filter": "(production_year = 2007)",
                          "Rows Removed by Filter": 602187
                        }
                      ]
                    }
                  ]
                }
              ]
            }
          ]
        }
      ]
    },
    "Planning Time": 0.701,
    "Triggers": [],
    "Execution Time": 249.322
  }
]