[
  {
    "Plan": {
      "Node Type": "Aggregate",
      "Strategy": "Plain",
      "Partial Mode": "Finalize",
      "Parallel Aware": false,
      "Startup Cost": 46634.9,
      "Total Cost": 46634.91,
      "Plan Rows": 1,
      "Plan Width": 8,
      "Actual Startup Time": 96.017,
      "Actual Total Time": 105.307,
      "Actual Rows": 1,
      "Actual Loops": 1,
      "Plans": [
        {
          "Node Type": "Gather",
          "Parent Relationship": "Outer",
          "Parallel Aware": false,
          "Startup Cost": 46634.48,
          "Total Cost": 46634.89,
          "Plan Rows": 4,
          "Plan Width": 8,
          "Actual Startup Time": 95.848,
          "Actual Total Time": 105.294,
          "Actual Rows": 5,
          "Actual Loops": 1,
          "Workers Planned": 4,
          "Workers Launched": 4,
          "Single Copy": false,
          "Plans": [
            {
              "Node Type": "Aggregate",
              "Strategy": "Plain",
              "Partial Mode": "Partial",
              "Parent Relationship": "Outer",
              "Parallel Aware": false,
              "Startup Cost": 45634.48,
              "Total Cost": 45634.49,
              "Plan Rows": 1,
              "Plan Width": 8,
              "Actual Startup Time": 89.194,
              "Actual Total Time": 89.196,
              "Actual Rows": 1,
              "Actual Loops": 5,
              "Plans": [
                {
                  "Node Type": "Seq Scan",
                  "Parent Relationship": "Outer",
                  "Parallel Aware": true,
                  "Relation Name": "title",
                  "Alias": "t",
                  "Startup Cost": 0.0,
                  "Total Cost": 45479.59,
                  "Plan Rows": 61957,
                  "Plan Width": 0,
                  "Actual Startup Time": 0.041,
                  "Actual Total Time": 86.936,
                  "Actual Rows": 30773,
                  "Actual Loops": 5,
                  "Filter": "((production_year < 1974) AND (kind_id = 7))",
                  "Rows Removed by Filter": 474890
                }
              ]
            }
          ]
        }
      ]
    },
    "Planning Time": 0.138,
    "Triggers": [],
    "Execution Time": 105.356
  }
]