[
  {
    "Plan": {
      "Node Type": "Aggregate",
      "Strategy": "Plain",
      "Partial Mode": "Finalize",
      "Parallel Aware": false,
      "Startup Cost": 36763.6,
      "Total Cost": 36763.61,
      "Plan Rows": 1,
      "Plan Width": 8,
      "Actual Startup Time": 105.66,
      "Actual Total Time": 111.387,
      "Actual Rows": 1,
      "Actual Loops": 1,
      "Plans": [
        {
          "Node Type": "Gather",
          "Parent Relationship": "Outer",
          "Parallel Aware": false,
          "Startup Cost": 36763.28,
          "Total Cost": 36763.59,
          "Plan Rows": 3,
          "Plan Width": 8,
          "Actual Startup Time": 105.369,
          "Actual Total Time": 111.381,
          "Actual Rows": 4,
          "Actual Loops": 1,
          "Workers Planned": 3,
          "Workers Launched": 3,
          "Single Copy": false,
          "Plans": [
            {
              "Node Type": "Aggregate",
              "Strategy": "Plain",
              "Partial Mode": "Partial",
              "Parent Relationship": "Outer",
              "Parallel Aware": false,
              "Startup Cost": 35763.28,
              "Total Cost": 35763.29,
              "Plan Rows": 1,
              "Plan Width": 8,
              "Actual Startup Time": 101.89,
              "Actual Total Time": 101.891,
              "Actual Rows": 1,
              "Actual Loops": 4,
              "Plans": [
                {
                  "Node Type": "Bitmap Heap Scan",
                  "Parent Relationship": "Outer",
                  "Parallel Aware": true,
                  "Relation Name": "movie_keyword",
                  "Alias": "mk",
                  "Startup Cost": 9208.76,
                  "Total Cost": 35413.19,
                  "Plan Rows": 140035,
                  "Plan Width": 0,
                  "Actual Startup Time": 29.001,
                  "Actual Total Time": 95.347,
                  "Actual Rows": 106283,
                  "Actual Loops": 4,
                  "Recheck Cond": "(keyword_id > 41126)",
                  "Rows Removed by Index Recheck": 0,
                  "Exact Heap Blocks": 10058,
                  "Lossy Heap Blocks": 0,
                  "Plans": [
                    {
                      "Node Type": "Bitmap Index Scan",
                      "Parent Relationship": "Outer",
                      "Parallel Aware": false,
                      "Index Name": "keyword_id_movie_keyword",
                      "Startup Cost": 0.0,
                      "Total Cost": 9100.24,
                      "Plan Rows": 434107,
                      "Plan Width": 0,
                      "Actual Startup Time": 28.826,
                      "Actual Total Time": 28.826,
                      "Actual Rows": 425133,
                      "Actual Loops": 1,
                      "Index Cond": "(keyword_id > 41126)"
                    }
                  ]
                }
              ]
            }
          ]
        }
      ]
    },
    "Planning Time": 0.053,
    "Triggers": [],
    "Execution Time": 111.414
  }
]