[
    {
        "Bao": {
            "Bao prediction": 664.036,
            "Bao recommended hint": "(no hint)"
        }
    },
    {
        "Plan": {
            "Node Type": "Aggregate",
            "Strategy": "Plain",
            "Partial Mode": "Finalize",
            "Parallel Aware": false,
            "Startup Cost": 31257.29,
            "Total Cost": 31257.3,
            "Plan Rows": 1,
            "Plan Width": 8,
            "Actual Startup Time": 99.71,
            "Actual Total Time": 103.089,
            "Actual Rows": 1,
            "Actual Loops": 1,
            "Output": [
                "count(*)"
            ],
            "Plans": [
                {
                    "Node Type": "Gather",
                    "Parent Relationship": "Outer",
                    "Parallel Aware": false,
                    "Startup Cost": 31256.97,
                    "Total Cost": 31257.28,
                    "Plan Rows": 3,
                    "Plan Width": 8,
                    "Actual Startup Time": 99.58,
                    "Actual Total Time": 103.079,
                    "Actual Rows": 4,
                    "Actual Loops": 1,
                    "Output": [
                        "(PARTIAL count(*))"
                    ],
                    "Workers Planned": 3,
                    "Workers Launched": 3,
                    "Single Copy": false,
                    "Plans": [
                        {
                            "Node Type": "Aggregate",
                            "Strategy": "Plain",
                            "Partial Mode": "Partial",
                            "Parent Relationship": "Outer",
                            "Parallel Aware": false,
                            "Startup Cost": 30256.97,
                            "Total Cost": 30256.98,
                            "Plan Rows": 1,
                            "Plan Width": 8,
                            "Actual Startup Time": 91.333,
                            "Actual Total Time": 91.335,
                            "Actual Rows": 1,
                            "Actual Loops": 4,
                            "Output": [
                                "PARTIAL count(*)"
                            ],
                            "Workers": [
                                {
                                    "Worker Number": 0,
                                    "Actual Startup Time": 88.743,
                                    "Actual Total Time": 88.744,
                                    "Actual Rows": 1,
                                    "Actual Loops": 1
                                },
                                {
                                    "Worker Number": 1,
                                    "Actual Startup Time": 88.671,
                                    "Actual Total Time": 88.673,
                                    "Actual Rows": 1,
                                    "Actual Loops": 1
                                },
                                {
                                    "Worker Number": 2,
                                    "Actual Startup Time": 88.965,
                                    "Actual Total Time": 88.966,
                                    "Actual Rows": 1,
                                    "Actual Loops": 1
                                }
                            ],
                            "Plans": [
                                {
                                    "Node Type": "Bitmap Heap Scan",
                                    "Parent Relationship": "Outer",
                                    "Parallel Aware": true,
                                    "Relation Name": "movie_companies",
                                    "Schema": "public",
                                    "Alias": "mc",
                                    "Startup Cost": 9220.42,
                                    "Total Cost": 30081.03,
                                    "Plan Rows": 70378,
                                    "Plan Width": 0,
                                    "Actual Startup Time": 40.36,
                                    "Actual Total Time": 82.436,
                                    "Actual Rows": 108224,
                                    "Actual Loops": 4,
                                    "Recheck Cond": "(mc.company_id > 78866)",
                                    "Rows Removed by Index Recheck": 0,
                                    "Filter": "(mc.company_type_id > 1)",
                                    "Rows Removed by Filter": 0,
                                    "Exact Heap Blocks": 2866,
                                    "Lossy Heap Blocks": 0,
                                    "Workers": [
                                        {
                                            "Worker Number": 0,
                                            "Actual Startup Time": 37.845,
                                            "Actual Total Time": 80.446,
                                            "Actual Rows": 87948,
                                            "Actual Loops": 1
                                        },
                                        {
                                            "Worker Number": 1,
                                            "Actual Startup Time": 37.85,
                                            "Actual Total Time": 80.489,
                                            "Actual Rows": 87017,
                                            "Actual Loops": 1
                                        },
                                        {
                                            "Worker Number": 2,
                                            "Actual Startup Time": 38.044,
                                            "Actual Total Time": 80.85,
                                            "Actual Rows": 86273,
                                            "Actual Loops": 1
                                        }
                                    ],
                                    "Plans": [
                                        {
                                            "Node Type": "Bitmap Index Scan",
                                            "Parent Relationship": "Outer",
                                            "Parallel Aware": false,
                                            "Index Name": "company_id_movie_companies",
                                            "Startup Cost": 0.0,
                                            "Total Cost": 9165.88,
                                            "Plan Rows": 427926,
                                            "Plan Width": 0,
                                            "Actual Startup Time": 46.358,
                                            "Actual Total Time": 46.359,
                                            "Actual Rows": 432897,
                                            "Actual Loops": 1,
                                            "Index Cond": "(mc.company_id > 78866)"
                                        }
                                    ]
                                }
                            ]
                        }
                    ]
                }
            ]
        },
        "Planning Time": 2441.797,
        "Triggers": [],
        "Execution Time": 103.213
    }
]