[
    {
        "Bao": {
            "Bao prediction": "NaN",
            "Bao recommended hint": "(no hint)"
        }
    },
    {
        "Plan": {
            "Node Type": "Aggregate",
            "Strategy": "Plain",
            "Partial Mode": "Finalize",
            "Parallel Aware": false,
            "Startup Cost": 53223.09,
            "Total Cost": 53223.1,
            "Plan Rows": 1,
            "Plan Width": 8,
            "Actual Startup Time": 60.122,
            "Actual Total Time": 65.67,
            "Actual Rows": 1,
            "Actual Loops": 1,
            "Output": [
                "count(*)"
            ],
            "Plans": [
                {
                    "Node Type": "Gather",
                    "Parent Relationship": "Outer",
                    "Parallel Aware": false,
                    "Startup Cost": 53222.67,
                    "Total Cost": 53223.08,
                    "Plan Rows": 4,
                    "Plan Width": 8,
                    "Actual Startup Time": 59.884,
                    "Actual Total Time": 65.663,
                    "Actual Rows": 5,
                    "Actual Loops": 1,
                    "Output": [
                        "(PARTIAL count(*))"
                    ],
                    "Workers Planned": 4,
                    "Workers Launched": 4,
                    "Single Copy": false,
                    "Plans": [
                        {
                            "Node Type": "Aggregate",
                            "Strategy": "Plain",
                            "Partial Mode": "Partial",
                            "Parent Relationship": "Outer",
                            "Parallel Aware": false,
                            "Startup Cost": 52222.67,
                            "Total Cost": 52222.68,
                            "Plan Rows": 1,
                            "Plan Width": 8,
                            "Actual Startup Time": 50.165,
                            "Actual Total Time": 50.167,
                            "Actual Rows": 1,
                            "Actual Loops": 5,
                            "Output": [
                                "PARTIAL count(*)"
                            ],
                            "Workers": [
                                {
                                    "Worker Number": 0,
                                    "Actual Startup Time": 47.328,
                                    "Actual Total Time": 47.33,
                                    "Actual Rows": 1,
                                    "Actual Loops": 1
                                },
                                {
                                    "Worker Number": 1,
                                    "Actual Startup Time": 47.815,
                                    "Actual Total Time": 47.817,
                                    "Actual Rows": 1,
                                    "Actual Loops": 1
                                },
                                {
                                    "Worker Number": 2,
                                    "Actual Startup Time": 48.186,
                                    "Actual Total Time": 48.189,
                                    "Actual Rows": 1,
                                    "Actual Loops": 1
                                },
                                {
                                    "Worker Number": 3,
                                    "Actual Startup Time": 48.297,
                                    "Actual Total Time": 48.299,
                                    "Actual Rows": 1,
                                    "Actual Loops": 1
                                }
                            ],
                            "Plans": [
                                {
                                    "Node Type": "Nested Loop",
                                    "Parent Relationship": "Outer",
                                    "Parallel Aware": false,
                                    "Join Type": "Inner",
                                    "Startup Cost": 1803.78,
                                    "Total Cost": 52220.83,
                                    "Plan Rows": 736,
                                    "Plan Width": 0,
                                    "Actual Startup Time": 13.578,
                                    "Actual Total Time": 50.127,
                                    "Actual Rows": 225,
                                    "Actual Loops": 5,
                                    "Inner Unique": false,
                                    "Join Filter": "(t.id = mk.movie_id)",
                                    "Rows Removed by Join Filter": 0,
                                    "Workers": [
                                        {
                                            "Worker Number": 0,
                                            "Actual Startup Time": 14.869,
                                            "Actual Total Time": 47.31,
                                            "Actual Rows": 39,
                                            "Actual Loops": 1
                                        },
                                        {
                                            "Worker Number": 1,
                                            "Actual Startup Time": 11.357,
                                            "Actual Total Time": 47.783,
                                            "Actual Rows": 195,
                                            "Actual Loops": 1
                                        },
                                        {
                                            "Worker Number": 2,
                                            "Actual Startup Time": 11.332,
                                            "Actual Total Time": 48.151,
                                            "Actual Rows": 164,
                                            "Actual Loops": 1
                                        },
                                        {
                                            "Worker Number": 3,
                                            "Actual Startup Time": 10.633,
                                            "Actual Total Time": 48.27,
                                            "Actual Rows": 126,
                                            "Actual Loops": 1
                                        }
                                    ],
                                    "Plans": [
                                        {
                                            "Node Type": "Nested Loop",
                                            "Parent Relationship": "Outer",
                                            "Parallel Aware": false,
                                            "Join Type": "Inner",
                                            "Startup Cost": 1803.35,
                                            "Total Cost": 51184.3,
                                            "Plan Rows": 458,
                                            "Plan Width": 8,
                                            "Actual Startup Time": 13.417,
                                            "Actual Total Time": 47.355,
                                            "Actual Rows": 103,
                                            "Actual Loops": 5,
                                            "Output": [
                                                "t.id",
                                                "mi_idx.movie_id"
                                            ],
                                            "Inner Unique": false,
                                            "Workers": [
                                                {
                                                    "Worker Number": 0,
                                                    "Actual Startup Time": 14.661,
                                                    "Actual Total Time": 45.119,
                                                    "Actual Rows": 40,
                                                    "Actual Loops": 1
                                                },
                                                {
                                                    "Worker Number": 1,
                                                    "Actual Startup Time": 11.157,
                                                    "Actual Total Time": 44.667,
                                                    "Actual Rows": 71,
                                                    "Actual Loops": 1
                                                },
                                                {
                                                    "Worker Number": 2,
                                                    "Actual Startup Time": 11.142,
                                                    "Actual Total Time": 44.559,
                                                    "Actual Rows": 70,
                                                    "Actual Loops": 1
                                                },
                                                {
                                                    "Worker Number": 3,
                                                    "Actual Startup Time": 10.443,
                                                    "Actual Total Time": 45.174,
                                                    "Actual Rows": 59,
                                                    "Actual Loops": 1
                                                }
                                            ],
                                            "Plans": [
                                                {
                                                    "Node Type": "Bitmap Heap Scan",
                                                    "Parent Relationship": "Outer",
                                                    "Parallel Aware": true,
                                                    "Relation Name": "title",
                                                    "Schema": "public",
                                                    "Alias": "t",
                                                    "Startup Cost": 1802.92,
                                                    "Total Cost": 38178.91,
                                                    "Plan Rows": 2522,
                                                    "Plan Width": 4,
                                                    "Actual Startup Time": 10.988,
                                                    "Actual Total Time": 38.955,
                                                    "Actual Rows": 659,
                                                    "Actual Loops": 5,
                                                    "Output": [
                                                        "t.id",
                                                        "t.title",
                                                        "t.imdb_index",
                                                        "t.kind_id",
                                                        "t.production_year",
                                                        "t.imdb_id",
                                                        "t.phonetic_code",
                                                        "t.episode_of_id",
                                                        "t.season_nr",
                                                        "t.episode_nr",
                                                        "t.series_years",
                                                        "t.md5sum"
                                                    ],
                                                    "Recheck Cond": "(t.kind_id = 3)",
                                                    "Rows Removed by Index Recheck": 0,
                                                    "Filter": "(t.production_year < 1961)",
                                                    "Rows Removed by Filter": 19449,
                                                    "Exact Heap Blocks": 7112,
                                                    "Lossy Heap Blocks": 0,
                                                    "Workers": [
                                                        {
                                                            "Worker Number": 0,
                                                            "Actual Startup Time": 8.125,
                                                            "Actual Total Time": 36.975,
                                                            "Actual Rows": 320,
                                                            "Actual Loops": 1
                                                        },
                                                        {
                                                            "Worker Number": 1,
                                                            "Actual Startup Time": 8.781,
                                                            "Actual Total Time": 35.68,
                                                            "Actual Rows": 428,
                                                            "Actual Loops": 1
                                                        },
                                                        {
                                                            "Worker Number": 2,
                                                            "Actual Startup Time": 8.975,
                                                            "Actual Total Time": 36.169,
                                                            "Actual Rows": 375,
                                                            "Actual Loops": 1
                                                        },
                                                        {
                                                            "Worker Number": 3,
                                                            "Actual Startup Time": 9.446,
                                                            "Actual Total Time": 36.802,
                                                            "Actual Rows": 363,
                                                            "Actual Loops": 1
                                                        }
                                                    ],
                                                    "Plans": [
                                                        {
                                                            "Node Type": "Bitmap Index Scan",
                                                            "Parent Relationship": "Outer",
                                                            "Parallel Aware": false,
                                                            "Index Name": "kind_id_title",
                                                            "Startup Cost": 0.0,
                                                            "Total Cost": 1800.4,
                                                            "Plan Rows": 100796,
                                                            "Plan Width": 0,
                                                            "Actual Startup Time": 15.118,
                                                            "Actual Total Time": 15.118,
                                                            "Actual Rows": 100537,
                                                            "Actual Loops": 1,
                                                            "Index Cond": "(t.kind_id = 3)"
                                                        }
                                                    ]
                                                },
                                                {
                                                    "Node Type": "Index Scan",
                                                    "Parent Relationship": "Inner",
                                                    "Parallel Aware": false,
                                                    "Scan Direction": "Forward",
                                                    "Index Name": "movie_id_movie_info_idx",
                                                    "Relation Name": "movie_info_idx",
                                                    "Schema": "public",
                                                    "Alias": "mi_idx",
                                                    "Startup Cost": 0.43,
                                                    "Total Cost": 5.15,
                                                    "Plan Rows": 1,
                                                    "Plan Width": 4,
                                                    "Actual Startup Time": 0.012,
                                                    "Actual Total Time": 0.012,
                                                    "Actual Rows": 0,
                                                    "Actual Loops": 3293,
                                                    "Output": [
                                                        "mi_idx.id",
                                                        "mi_idx.movie_id",
                                                        "mi_idx.info_type_id",
                                                        "mi_idx.info",
                                                        "mi_idx.note"
                                                    ],
                                                    "Index Cond": "(mi_idx.movie_id = t.id)",
                                                    "Rows Removed by Index Recheck": 0,
                                                    "Filter": "(mi_idx.info_type_id = 101)",
                                                    "Rows Removed by Filter": 0,
                                                    "Workers": [
                                                        {
                                                            "Worker Number": 0,
                                                            "Actual Startup Time": 0.024,
                                                            "Actual Total Time": 0.024,
                                                            "Actual Rows": 0,
                                                            "Actual Loops": 320
                                                        },
                                                        {
                                                            "Worker Number": 1,
                                                            "Actual Startup Time": 0.02,
                                                            "Actual Total Time": 0.02,
                                                            "Actual Rows": 0,
                                                            "Actual Loops": 428
                                                        },
                                                        {
                                                            "Worker Number": 2,
                                                            "Actual Startup Time": 0.021,
                                                            "Actual Total Time": 0.021,
                                                            "Actual Rows": 0,
                                                            "Actual Loops": 375
                                                        },
                                                        {
                                                            "Worker Number": 3,
                                                            "Actual Startup Time": 0.022,
                                                            "Actual Total Time": 0.022,
                                                            "Actual Rows": 0,
                                                            "Actual Loops": 363
                                                        }
                                                    ]
                                                }
                                            ]
                                        },
                                        {
                                            "Node Type": "Index Scan",
                                            "Parent Relationship": "Inner",
                                            "Parallel Aware": false,
                                            "Scan Direction": "Forward",
                                            "Index Name": "movie_id_movie_keyword",
                                            "Relation Name": "movie_keyword",
                                            "Schema": "public",
                                            "Alias": "mk",
                                            "Startup Cost": 0.43,
                                            "Total Cost": 1.75,
                                            "Plan Rows": 41,
                                            "Plan Width": 4,
                                            "Actual Startup Time": 0.025,
                                            "Actual Total Time": 0.026,
                                            "Actual Rows": 2,
                                            "Actual Loops": 517,
                                            "Output": [
                                                "mk.id",
                                                "mk.movie_id",
                                                "mk.keyword_id"
                                            ],
                                            "Index Cond": "(mk.movie_id = mi_idx.movie_id)",
                                            "Rows Removed by Index Recheck": 0,
                                            "Filter": "(mk.keyword_id < 39409)",
                                            "Rows Removed by Filter": 0,
                                            "Workers": [
                                                {
                                                    "Worker Number": 0,
                                                    "Actual Startup Time": 0.053,
                                                    "Actual Total Time": 0.053,
                                                    "Actual Rows": 1,
                                                    "Actual Loops": 40
                                                },
                                                {
                                                    "Worker Number": 1,
                                                    "Actual Startup Time": 0.041,
                                                    "Actual Total Time": 0.042,
                                                    "Actual Rows": 3,
                                                    "Actual Loops": 71
                                                },
                                                {
                                                    "Worker Number": 2,
                                                    "Actual Startup Time": 0.049,
                                                    "Actual Total Time": 0.05,
                                                    "Actual Rows": 2,
                                                    "Actual Loops": 70
                                                },
                                                {
                                                    "Worker Number": 3,
                                                    "Actual Startup Time": 0.05,
                                                    "Actual Total Time": 0.051,
                                                    "Actual Rows": 2,
                                                    "Actual Loops": 59
                                                }
                                            ]
                                        }
                                    ]
                                }
                            ]
                        }
                    ]
                }
            ]
        },
        "Planning Time": 290.376,
        "Triggers": [],
        "Execution Time": 65.83
    }
]