{
  "Plan": {
    "Node Type": "Aggregate",
    "Strategy": "Plain",
    "Partial Mode": "Finalize",
    "Parallel Aware": false,
    "Startup Cost": 119506.2,
    "Total Cost": 119506.21,
    "Plan Rows": 1,
    "Plan Width": 8,
    "Actual Startup Time": 400.107,
    "Actual Total Time": 413.483,
    "Actual Rows": 1,
    "Actual Loops": 1,
    "Plans": [
      {
        "Node Type": "Gather",
        "Parent Relationship": "Outer",
        "Parallel Aware": false,
        "Startup Cost": 119506.08,
        "Total Cost": 119506.19,
        "Plan Rows": 1,
        "Plan Width": 8,
        "Actual Startup Time": 399.732,
        "Actual Total Time": 413.476,
        "Actual Rows": 2,
        "Actual Loops": 1,
        "Workers Planned": 1,
        "Workers Launched": 1,
        "Single Copy": false,
        "Plans": [
          {
            "Node Type": "Aggregate",
            "Strategy": "Plain",
            "Partial Mode": "Partial",
            "Parent Relationship": "Outer",
            "Parallel Aware": false,
            "Startup Cost": 118506.08,
            "Total Cost": 118506.09,
            "Plan Rows": 1,
            "Plan Width": 8,
            "Actual Startup Time": 393.484,
            "Actual Total Time": 393.49,
            "Actual Rows": 1,
            "Actual Loops": 2,
            "Plans": [
              {
                "Node Type": "Nested Loop",
                "Parent Relationship": "Outer",
                "Parallel Aware": false,
                "Join Type": "Inner",
                "Startup Cost": 39182.63,
                "Total Cost": 118490.76,
                "Plan Rows": 6131,
                "Plan Width": 0,
                "Actual Startup Time": 106.455,
                "Actual Total Time": 391.76,
                "Actual Rows": 26040,
                "Actual Loops": 2,
                "Inner Unique": false,
                "Join Filter": "(t.id = mi_idx.movie_id)",
                "Rows Removed by Join Filter": 0,
                "Plans": [
                  {
                    "Node Type": "Hash Join",
                    "Parent Relationship": "Outer",
                    "Parallel Aware": true,
                    "Join Type": "Inner",
                    "Startup Cost": 39182.21,
                    "Total Cost": 100647.71,
                    "Plan Rows": 34093,
                    "Plan Width": 8,
                    "Actual Startup Time": 106.351,
                    "Actual Total Time": 329.492,
                    "Actual Rows": 31290,
                    "Actual Loops": 2,
                    "Inner Unique": true,
                    "Hash Cond": "(mk.movie_id = t.id)",
                    "Plans": [
                      {
                        "Node Type": "Seq Scan",
                        "Parent Relationship": "Outer",
                        "Parallel Aware": true,
                        "Relation Name": "movie_keyword",
                        "Alias": "mk",
                        "Startup Cost": 0.0,
                        "Total Cost": 57718.19,
                        "Plan Rows": 1427544,
                        "Plan Width": 4,
                        "Actual Startup Time": 0.351,
                        "Actual Total Time": 185.476,
                        "Actual Rows": 1210652,
                        "Actual Loops": 2,
                        "Filter": "(keyword_id > 3784)",
                        "Rows Removed by Filter": 1051313
                      },
                      {
                        "Node Type": "Hash",
                        "Parent Relationship": "Inner",
                        "Parallel Aware": true,
                        "Startup Cost": 38738.23,
                        "Total Cost": 38738.23,
                        "Plan Rows": 35518,
                        "Plan Width": 4,
                        "Actual Startup Time": 57.029,
                        "Actual Total Time": 57.032,
                        "Actual Rows": 24498,
                        "Actual Loops": 2,
                        "Hash Buckets": 65536,
                        "Original Hash Buckets": 65536,
                        "Hash Batches": 1,
                        "Original Hash Batches": 1,
                        "Peak Memory Usage": 2464,
                        "Plans": [
                          {
                            "Node Type": "Bitmap Heap Scan",
                            "Parent Relationship": "Outer",
                            "Parallel Aware": true,
                            "Relation Name": "title",
                            "Alias": "t",
                            "Startup Cost": 1838.23,
                            "Total Cost": 38738.23,
                            "Plan Rows": 35518,
                            "Plan Width": 4,
                            "Actual Startup Time": 14.515,
                            "Actual Total Time": 50.626,
                            "Actual Rows": 24498,
                            "Actual Loops": 2,
                            "Recheck Cond": "(kind_id = 3)",
                            "Rows Removed by Index Recheck": 0,
                            "Filter": "(production_year > 1998)",
                            "Rows Removed by Filter": 25771,
                            "Exact Heap Blocks": 10492,
                            "Lossy Heap Blocks": 0,
                            "Plans": [
                              {
                                "Node Type": "Bitmap Index Scan",
                                "Parent Relationship": "Outer",
                                "Parallel Aware": false,
                                "Index Name": "kind_id_title",
                                "Startup Cost": 0.0,
                                "Total Cost": 1823.13,
                                "Plan Rows": 102227,
                                "Plan Width": 0,
                                "Actual Startup Time": 15.067,
                                "Actual Total Time": 15.068,
                                "Actual Rows": 100537,
                                "Actual Loops": 1,
                                "Index Cond": "(kind_id = 3)"
                              }
                            ]
                          }
                        ]
                      }
                    ]
                  },
                  {
                    "Node Type": "Index Scan",
                    "Parent Relationship": "Inner",
                    "Parallel Aware": false,
                    "Scan Direction": "Forward",
                    "Index Name": "movie_id_movie_info_idx",
                    "Relation Name": "movie_info_idx",
                    "Alias": "mi_idx",
                    "Startup Cost": 0.43,
                    "Total Cost": 0.51,
                    "Plan Rows": 1,
                    "Plan Width": 4,
                    "Actual Startup Time": 0.001,
                    "Actual Total Time": 0.002,
                    "Actual Rows": 1,
                    "Actual Loops": 62580,
                    "Index Cond": "(movie_id = mk.movie_id)",
                    "Rows Removed by Index Recheck": 0,
                    "Filter": "(info_type_id = 99)",
                    "Rows Removed by Filter": 2
                  }
                ]
              }
            ]
          }
        ]
      }
    ]
  },
  "Planning Time": 1.004,
  "Triggers": [],
  "Execution Time": 413.586
}