[
    {
        "Bao": {
            "Bao prediction": "NaN",
            "Bao recommended hint": "(no hint)"
        }
    },
    {
        "Plan": {
            "Node Type": "Aggregate",
            "Strategy": "Plain",
            "Partial Mode": "Finalize",
            "Parallel Aware": false,
            "Startup Cost": 36141.61,
            "Total Cost": 36141.62,
            "Plan Rows": 1,
            "Plan Width": 8,
            "Actual Startup Time": 103.153,
            "Actual Total Time": 110.865,
            "Actual Rows": 1,
            "Actual Loops": 1,
            "Output": [
                "count(*)"
            ],
            "Plans": [
                {
                    "Node Type": "Gather",
                    "Parent Relationship": "Outer",
                    "Parallel Aware": false,
                    "Startup Cost": 36141.29,
                    "Total Cost": 36141.6,
                    "Plan Rows": 3,
                    "Plan Width": 8,
                    "Actual Startup Time": 102.876,
                    "Actual Total Time": 110.857,
                    "Actual Rows": 4,
                    "Actual Loops": 1,
                    "Output": [
                        "(PARTIAL count(*))"
                    ],
                    "Workers Planned": 3,
                    "Workers Launched": 3,
                    "Single Copy": false,
                    "Plans": [
                        {
                            "Node Type": "Aggregate",
                            "Strategy": "Plain",
                            "Partial Mode": "Partial",
                            "Parent Relationship": "Outer",
                            "Parallel Aware": false,
                            "Startup Cost": 35141.29,
                            "Total Cost": 35141.3,
                            "Plan Rows": 1,
                            "Plan Width": 8,
                            "Actual Startup Time": 94.478,
                            "Actual Total Time": 94.48,
                            "Actual Rows": 1,
                            "Actual Loops": 4,
                            "Output": [
                                "PARTIAL count(*)"
                            ],
                            "Workers": [
                                {
                                    "Worker Number": 0,
                                    "Actual Startup Time": 91.631,
                                    "Actual Total Time": 91.632,
                                    "Actual Rows": 1,
                                    "Actual Loops": 1
                                },
                                {
                                    "Worker Number": 1,
                                    "Actual Startup Time": 91.666,
                                    "Actual Total Time": 91.668,
                                    "Actual Rows": 1,
                                    "Actual Loops": 1
                                },
                                {
                                    "Worker Number": 2,
                                    "Actual Startup Time": 92.039,
                                    "Actual Total Time": 92.041,
                                    "Actual Rows": 1,
                                    "Actual Loops": 1
                                }
                            ],
                            "Plans": [
                                {
                                    "Node Type": "Bitmap Heap Scan",
                                    "Parent Relationship": "Outer",
                                    "Parallel Aware": true,
                                    "Relation Name": "movie_keyword",
                                    "Schema": "public",
                                    "Alias": "mk",
                                    "Startup Cost": 8702.85,
                                    "Total Cost": 34810.55,
                                    "Plan Rows": 132296,
                                    "Plan Width": 0,
                                    "Actual Startup Time": 21.931,
                                    "Actual Total Time": 88.526,
                                    "Actual Rows": 100792,
                                    "Actual Loops": 4,
                                    "Recheck Cond": "(mk.keyword_id > 43070)",
                                    "Rows Removed by Index Recheck": 0,
                                    "Exact Heap Blocks": 10878,
                                    "Lossy Heap Blocks": 0,
                                    "Workers": [
                                        {
                                            "Worker Number": 0,
                                            "Actual Startup Time": 19.263,
                                            "Actual Total Time": 86.377,
                                            "Actual Rows": 75801,
                                            "Actual Loops": 1
                                        },
                                        {
                                            "Worker Number": 1,
                                            "Actual Startup Time": 19.26,
                                            "Actual Total Time": 86.376,
                                            "Actual Rows": 56723,
                                            "Actual Loops": 1
                                        },
                                        {
                                            "Worker Number": 2,
                                            "Actual Startup Time": 19.48,
                                            "Actual Total Time": 86.756,
                                            "Actual Rows": 77279,
                                            "Actual Loops": 1
                                        }
                                    ],
                                    "Plans": [
                                        {
                                            "Node Type": "Bitmap Index Scan",
                                            "Parent Relationship": "Outer",
                                            "Parallel Aware": false,
                                            "Index Name": "keyword_id_movie_keyword",
                                            "Startup Cost": 0.0,
                                            "Total Cost": 8600.32,
                                            "Plan Rows": 410118,
                                            "Plan Width": 0,
                                            "Actual Startup Time": 26.467,
                                            "Actual Total Time": 26.468,
                                            "Actual Rows": 403166,
                                            "Actual Loops": 1,
                                            "Index Cond": "(mk.keyword_id > 43070)"
                                        }
                                    ]
                                }
                            ]
                        }
                    ]
                }
            ]
        },
        "Planning Time": 207.67,
        "Triggers": [],
        "Execution Time": 110.928
    }
]