[
  {
    "Plan": {
      "Node Type": "Aggregate",
      "Strategy": "Plain",
      "Partial Mode": "Finalize",
      "Parallel Aware": false,
      "Startup Cost": 45304.16,
      "Total Cost": 45304.17,
      "Plan Rows": 1,
      "Plan Width": 8,
      "Actual Startup Time": 169.851,
      "Actual Total Time": 182.344,
      "Actual Rows": 1,
      "Actual Loops": 1,
      "Plans": [
        {
          "Node Type": "Gather",
          "Parent Relationship": "Outer",
          "Parallel Aware": false,
          "Startup Cost": 45303.84,
          "Total Cost": 45304.15,
          "Plan Rows": 3,
          "Plan Width": 8,
          "Actual Startup Time": 169.704,
          "Actual Total Time": 182.334,
          "Actual Rows": 4,
          "Actual Loops": 1,
          "Workers Planned": 3,
          "Workers Launched": 3,
          "Single Copy": false,
          "Plans": [
            {
              "Node Type": "Aggregate",
              "Strategy": "Plain",
              "Partial Mode": "Partial",
              "Parent Relationship": "Outer",
              "Parallel Aware": false,
              "Startup Cost": 44303.84,
              "Total Cost": 44303.85,
              "Plan Rows": 1,
              "Plan Width": 8,
              "Actual Startup Time": 163.912,
              "Actual Total Time": 163.914,
              "Actual Rows": 1,
              "Actual Loops": 4,
              "Plans": [
                {
                  "Node Type": "Seq Scan",
                  "Parent Relationship": "Outer",
                  "Parallel Aware": true,
                  "Relation Name": "movie_keyword",
                  "Alias": "mk",
                  "Startup Cost": 0.0,
                  "Total Cost": 42695.65,
                  "Plan Rows": 643275,
                  "Plan Width": 0,
                  "Actual Startup Time": 0.042,
                  "Actual Total Time": 134.33,
                  "Actual Rows": 500406,
                  "Actual Loops": 4,
                  "Filter": "(keyword_id < 3546)",
                  "Rows Removed by Filter": 630577
                }
              ]
            }
          ]
        }
      ]
    },
    "Planning Time": 0.185,
    "Triggers": [],
    "Execution Time": 182.398
  }
]