[
  {
    "Plan": {
      "Node Type": "Aggregate",
      "Strategy": "Plain",
      "Partial Mode": "Finalize",
      "Parallel Aware": false,
      "Startup Cost": 102410.3,
      "Total Cost": 102410.31,
      "Plan Rows": 1,
      "Plan Width": 8,
      "Actual Startup Time": 703.805,
      "Actual Total Time": 723.35,
      "Actual Rows": 1,
      "Actual Loops": 1,
      "Plans": [
        {
          "Node Type": "Gather",
          "Parent Relationship": "Outer",
          "Parallel Aware": false,
          "Startup Cost": 102410.09,
          "Total Cost": 102410.3,
          "Plan Rows": 2,
          "Plan Width": 8,
          "Actual Startup Time": 697.151,
          "Actual Total Time": 723.343,
          "Actual Rows": 3,
          "Actual Loops": 1,
          "Workers Planned": 2,
          "Workers Launched": 2,
          "Single Copy": false,
          "Plans": [
            {
              "Node Type": "Aggregate",
              "Strategy": "Plain",
              "Partial Mode": "Partial",
              "Parent Relationship": "Outer",
              "Parallel Aware": false,
              "Startup Cost": 101410.09,
              "Total Cost": 101410.1,
              "Plan Rows": 1,
              "Plan Width": 8,
              "Actual Startup Time": 688.613,
              "Actual Total Time": 688.618,
              "Actual Rows": 1,
              "Actual Loops": 3,
              "Plans": [
                {
                  "Node Type": "Hash Join",
                  "Parent Relationship": "Outer",
                  "Parallel Aware": true,
                  "Join Type": "Inner",
                  "Startup Cost": 85117.25,
                  "Total Cost": 101213.01,
                  "Plan Rows": 78833,
                  "Plan Width": 0,
                  "Actual Startup Time": 594.385,
                  "Actual Total Time": 678.443,
                  "Actual Rows": 260661,
                  "Actual Loops": 3,
                  "Inner Unique": false,
                  "Hash Cond": "(mi_idx.movie_id = t.id)",
                  "Plans": [
                    {
                      "Node Type": "Seq Scan",
                      "Parent Relationship": "Outer",
                      "Parallel Aware": true,
                      "Relation Name": "movie_info_idx",
                      "Alias": "mi_idx",
                      "Startup Cost": 0.0,
                      "Total Cost": 13685.15,
                      "Plan Rows": 575015,
                      "Plan Width": 4,
                      "Actual Startup Time": 0.029,
                      "Actual Total Time": 33.91,
                      "Actual Rows": 460012,
                      "Actual Loops": 3
                    },
                    {
                      "Node Type": "Hash",
                      "Parent Relationship": "Inner",
                      "Parallel Aware": true,
                      "Startup Cost": 83719.58,
                      "Total Cost": 83719.58,
                      "Plan Rows": 111814,
                      "Plan Width": 8,
                      "Actual Startup Time": 573.432,
                      "Actual Total Time": 573.436,
                      "Actual Rows": 112074,
                      "Actual Loops": 3,
                      "Hash Buckets": 524288,
                      "Original Hash Buckets": 524288,
                      "Hash Batches": 1,
                      "Original Hash Batches": 1,
                      "Peak Memory Usage": 17312,
                      "Plans": [
                        {
                          "Node Type": "Hash Join",
                          "Parent Relationship": "Outer",
                          "Parallel Aware": true,
                          "Join Type": "Inner",
                          "Startup Cost": 57574.4,
                          "Total Cost": 83719.58,
                          "Plan Rows": 111814,
                          "Plan Width": 8,
                          "Actual Startup Time": 451.993,
                          "Actual Total Time": 543.354,
                          "Actual Rows": 112074,
                          "Actual Loops": 3,
                          "Inner Unique": true,
                          "Hash Cond": "(mk.movie_id = t.id)",
                          "Plans": [
                            {
                              "Node Type": "Bitmap Heap Scan",
                              "Parent Relationship": "Outer",
                              "Parallel Aware": true,
                              "Relation Name": "movie_keyword",
                              "Alias": "mk",
                              "Startup Cost": 7354.75,
                              "Total Cost": 33206.42,
                              "Plan Rows": 111814,
                              "Plan Width": 4,
                              "Actual Startup Time": 27.289,
                              "Actual Total Time": 80.697,
                              "Actual Rows": 112074,
                              "Actual Loops": 3,
                              "Recheck Cond": "(keyword_id > 49090)",
                              "Rows Removed by Index Recheck": 0,
                              "Exact Heap Blocks": 8583,
                              "Lossy Heap Blocks": 0,
                              "Plans": [
                                {
                                  "Node Type": "Bitmap Index Scan",
                                  "Parent Relationship": "Outer",
                                  "Parallel Aware": false,
                                  "Index Name": "keyword_id_movie_keyword",
                                  "Startup Cost": 0.0,
                                  "Total Cost": 7268.1,
                                  "Plan Rows": 346622,
                                  "Plan Width": 0,
                                  "Actual Startup Time": 24.106,
                                  "Actual Total Time": 24.107,
                                  "Actual Rows": 336221,
                                  "Actual Loops": 1,
                                  "Index Cond": "(keyword_id > 49090)"
                                }
                              ]
                            },
                            {
                              "Node Type": "Hash",
                              "Parent Relationship": "Inner",
                              "Parallel Aware": true,
                              "Startup Cost": 42318.73,
                              "Total Cost": 42318.73,
                              "Plan Rows": 632073,
                              "Plan Width": 4,
                              "Actual Startup Time": 412.69,
                              "Actual Total Time": 412.691,
                              "Actual Rows": 842771,
                              "Actual Loops": 3,
                              "Hash Buckets": 4194304,
                              "Original Hash Buckets": 4194304,
                              "Hash Batches": 1,
                              "Original Hash Batches": 1,
                              "Peak Memory Usage": 131744,
                              "Plans": [
                                {
                                  "Node Type": "Seq Scan",
                                  "Parent Relationship": "Outer",
                                  "Parallel Aware": true,
                                  "Relation Name": "title",
                                  "Alias": "t",
                                  "Startup Cost": 0.0,
                                  "Total Cost": 42318.73,
                                  "Plan Rows": 632073,
                                  "Plan Width": 4,
                                  "Actual Startup Time": 0.041,
                                  "Actual Total Time": 114.474,
                                  "Actual Rows": 842771,
                                  "Actual Loops": 3
                                }
                              ]
                            }
                          ]
                        }
                      ]
                    }
                  ]
                }
              ]
            }
          ]
        }
      ]
    },
    "Planning Time": 1.304,
    "Triggers": [],
    "Execution Time": 723.454
  }
]