[
  {
    "Plan": {
      "Node Type": "Aggregate",
      "Strategy": "Plain",
      "Partial Mode": "Finalize",
      "Parallel Aware": false,
      "Startup Cost": 130488.92,
      "Total Cost": 130488.93,
      "Plan Rows": 1,
      "Plan Width": 8,
      "Actual Startup Time": 928.259,
      "Actual Total Time": 968.943,
      "Actual Rows": 1,
      "Actual Loops": 1,
      "Plans": [
        {
          "Node Type": "Gather",
          "Parent Relationship": "Outer",
          "Parallel Aware": false,
          "Startup Cost": 130488.6,
          "Total Cost": 130488.91,
          "Plan Rows": 3,
          "Plan Width": 8,
          "Actual Startup Time": 918.814,
          "Actual Total Time": 968.928,
          "Actual Rows": 4,
          "Actual Loops": 1,
          "Workers Planned": 3,
          "Workers Launched": 3,
          "Single Copy": false,
          "Plans": [
            {
              "Node Type": "Aggregate",
              "Strategy": "Plain",
              "Partial Mode": "Partial",
              "Parent Relationship": "Outer",
              "Parallel Aware": false,
              "Startup Cost": 129488.6,
              "Total Cost": 129488.61,
              "Plan Rows": 1,
              "Plan Width": 8,
              "Actual Startup Time": 909.569,
              "Actual Total Time": 910.278,
              "Actual Rows": 1,
              "Actual Loops": 4,
              "Plans": [
                {
                  "Node Type": "Hash Join",
                  "Parent Relationship": "Outer",
                  "Parallel Aware": true,
                  "Join Type": "Inner",
                  "Startup Cost": 83194.53,
                  "Total Cost": 129168.17,
                  "Plan Rows": 128172,
                  "Plan Width": 0,
                  "Actual Startup Time": 604.726,
                  "Actual Total Time": 899.298,
                  "Actual Rows": 168156,
                  "Actual Loops": 4,
                  "Inner Unique": false,
                  "Hash Cond": "(mk.movie_id = t.id)",
                  "Plans": [
                    {
                      "Node Type": "Seq Scan",
                      "Parent Relationship": "Outer",
                      "Parallel Aware": true,
                      "Relation Name": "movie_keyword",
                      "Alias": "mk",
                      "Startup Cost": 0.0,
                      "Total Cost": 42695.65,
                      "Plan Rows": 788684,
                      "Plan Width": 4,
                      "Actual Startup Time": 0.062,
                      "Actual Total Time": 176.875,
                      "Actual Rows": 612162,
                      "Actual Loops": 4,
                      "Filter": "(keyword_id < 5835)",
                      "Rows Removed by Filter": 518821
                    },
                    {
                      "Node Type": "Hash",
                      "Parent Relationship": "Inner",
                      "Parallel Aware": true,
                      "Startup Cost": 81910.53,
                      "Total Cost": 81910.53,
                      "Plan Rows": 102720,
                      "Plan Width": 8,
                      "Actual Startup Time": 601.296,
                      "Actual Total Time": 602.002,
                      "Actual Rows": 86240,
                      "Actual Loops": 4,
                      "Hash Buckets": 524288,
                      "Original Hash Buckets": 524288,
                      "Hash Batches": 1,
                      "Original Hash Batches": 1,
                      "Peak Memory Usage": 17664,
                      "Plans": [
                        {
                          "Node Type": "Hash Join",
                          "Parent Relationship": "Outer",
                          "Parallel Aware": true,
                          "Join Type": "Inner",
                          "Startup Cost": 34259.29,
                          "Total Cost": 81910.53,
                          "Plan Rows": 102720,
                          "Plan Width": 8,
                          "Actual Startup Time": 221.925,
                          "Actual Total Time": 558.471,
                          "Actual Rows": 86240,
                          "Actual Loops": 4,
                          "Inner Unique": false,
                          "Hash Cond": "(t.id = mc.movie_id)",
                          "Plans": [
                            {
                              "Node Type": "Seq Scan",
                              "Parent Relationship": "Outer",
                              "Parallel Aware": true,
                              "Relation Name": "title",
                              "Alias": "t",
                              "Startup Cost": 0.0,
                              "Total Cost": 45479.1,
                              "Plan Rows": 368155,
                              "Plan Width": 4,
                              "Actual Startup Time": 0.014,
                              "Actual Total Time": 151.307,
                              "Actual Rows": 362818,
                              "Actual Loops": 4,
                              "Filter": "((kind_id > 3) AND (production_year < 2012))",
                              "Rows Removed by Filter": 269260
                            },
                            {
                              "Node Type": "Hash",
                              "Parent Relationship": "Inner",
                              "Parallel Aware": true,
                              "Startup Cost": 31414.82,
                              "Total Cost": 31414.82,
                              "Plan Rows": 227558,
                              "Plan Width": 4,
                              "Actual Startup Time": 218.745,
                              "Actual Total Time": 218.747,
                              "Actual Rows": 243637,
                              "Actual Loops": 4,
                              "Hash Buckets": 1048576,
                              "Original Hash Buckets": 1048576,
                              "Hash Batches": 1,
                              "Original Hash Batches": 1,
                              "Peak Memory Usage": 46368,
                              "Plans": [
                                {
                                  "Node Type": "Seq Scan",
                                  "Parent Relationship": "Outer",
                                  "Parallel Aware": true,
                                  "Relation Name": "movie_companies",
                                  "Alias": "mc",
                                  "Startup Cost": 0.0,
                                  "Total Cost": 31414.82,
                                  "Plan Rows": 227558,
                                  "Plan Width": 4,
                                  "Actual Startup Time": 0.067,
                                  "Actual Total Time": 115.035,
                                  "Actual Rows": 243637,
                                  "Actual Loops": 4,
                                  "Filter": "((company_id < 12673) AND (company_type_id < 2))",
                                  "Rows Removed by Filter": 408646
                                }
                              ]
                            }
                          ]
                        }
                      ]
                    }
                  ]
                }
              ]
            }
          ]
        }
      ]
    },
    "Planning Time": 1.487,
    "Triggers": [],
    "Execution Time": 969.042
  }
]