[
  {
    "Plan": {
      "Node Type": "Aggregate",
      "Strategy": "Plain",
      "Partial Mode": "Finalize",
      "Parallel Aware": false,
      "Startup Cost": 41996.6,
      "Total Cost": 41996.61,
      "Plan Rows": 1,
      "Plan Width": 8,
      "Actual Startup Time": 140.253,
      "Actual Total Time": 148.363,
      "Actual Rows": 1,
      "Actual Loops": 1,
      "Plans": [
        {
          "Node Type": "Gather",
          "Parent Relationship": "Outer",
          "Parallel Aware": false,
          "Startup Cost": 41996.29,
          "Total Cost": 41996.6,
          "Plan Rows": 3,
          "Plan Width": 8,
          "Actual Startup Time": 140.012,
          "Actual Total Time": 148.354,
          "Actual Rows": 4,
          "Actual Loops": 1,
          "Workers Planned": 3,
          "Workers Launched": 3,
          "Single Copy": false,
          "Plans": [
            {
              "Node Type": "Aggregate",
              "Strategy": "Plain",
              "Partial Mode": "Partial",
              "Parent Relationship": "Outer",
              "Parallel Aware": false,
              "Startup Cost": 40996.29,
              "Total Cost": 40996.3,
              "Plan Rows": 1,
              "Plan Width": 8,
              "Actual Startup Time": 133.279,
              "Actual Total Time": 133.281,
              "Actual Rows": 1,
              "Actual Loops": 4,
              "Plans": [
                {
                  "Node Type": "Bitmap Heap Scan",
                  "Parent Relationship": "Outer",
                  "Parallel Aware": true,
                  "Relation Name": "movie_keyword",
                  "Alias": "mk",
                  "Startup Cost": 13469.7,
                  "Total Cost": 40484.19,
                  "Plan Rows": 204839,
                  "Plan Width": 0,
                  "Actual Startup Time": 52.684,
                  "Actual Total Time": 125.007,
                  "Actual Rows": 154120,
                  "Actual Loops": 4,
                  "Recheck Cond": "(keyword_id > 29580)",
                  "Rows Removed by Index Recheck": 0,
                  "Exact Heap Blocks": 10303,
                  "Lossy Heap Blocks": 0,
                  "Plans": [
                    {
                      "Node Type": "Bitmap Index Scan",
                      "Parent Relationship": "Outer",
                      "Parallel Aware": false,
                      "Index Name": "keyword_id_movie_keyword",
                      "Startup Cost": 0.0,
                      "Total Cost": 13310.95,
                      "Plan Rows": 635002,
                      "Plan Width": 0,
                      "Actual Startup Time": 55.14,
                      "Actual Total Time": 55.14,
                      "Actual Rows": 616479,
                      "Actual Loops": 1,
                      "Index Cond": "(keyword_id > 29580)"
                    }
                  ]
                }
              ]
            }
          ]
        }
      ]
    },
    "Planning Time": 0.179,
    "Triggers": [],
    "Execution Time": 148.439
  }
]