[
    {
        "Bao": {
            "Bao prediction": "NaN",
            "Bao recommended hint": "(no hint)"
        }
    },
    {
        "Plan": {
            "Node Type": "Aggregate",
            "Strategy": "Plain",
            "Partial Mode": "Finalize",
            "Parallel Aware": false,
            "Startup Cost": 33157.86,
            "Total Cost": 33157.87,
            "Plan Rows": 1,
            "Plan Width": 8,
            "Actual Startup Time": 86.382,
            "Actual Total Time": 91.605,
            "Actual Rows": 1,
            "Actual Loops": 1,
            "Output": [
                "count(*)"
            ],
            "Plans": [
                {
                    "Node Type": "Gather",
                    "Parent Relationship": "Outer",
                    "Parallel Aware": false,
                    "Startup Cost": 33157.54,
                    "Total Cost": 33157.85,
                    "Plan Rows": 3,
                    "Plan Width": 8,
                    "Actual Startup Time": 86.284,
                    "Actual Total Time": 91.598,
                    "Actual Rows": 4,
                    "Actual Loops": 1,
                    "Output": [
                        "(PARTIAL count(*))"
                    ],
                    "Workers Planned": 3,
                    "Workers Launched": 3,
                    "Single Copy": false,
                    "Plans": [
                        {
                            "Node Type": "Aggregate",
                            "Strategy": "Plain",
                            "Partial Mode": "Partial",
                            "Parent Relationship": "Outer",
                            "Parallel Aware": false,
                            "Startup Cost": 32157.54,
                            "Total Cost": 32157.55,
                            "Plan Rows": 1,
                            "Plan Width": 8,
                            "Actual Startup Time": 78.39,
                            "Actual Total Time": 78.391,
                            "Actual Rows": 1,
                            "Actual Loops": 4,
                            "Output": [
                                "PARTIAL count(*)"
                            ],
                            "Workers": [
                                {
                                    "Worker Number": 0,
                                    "Actual Startup Time": 75.644,
                                    "Actual Total Time": 75.645,
                                    "Actual Rows": 1,
                                    "Actual Loops": 1
                                },
                                {
                                    "Worker Number": 1,
                                    "Actual Startup Time": 75.727,
                                    "Actual Total Time": 75.728,
                                    "Actual Rows": 1,
                                    "Actual Loops": 1
                                },
                                {
                                    "Worker Number": 2,
                                    "Actual Startup Time": 76.21,
                                    "Actual Total Time": 76.21,
                                    "Actual Rows": 1,
                                    "Actual Loops": 1
                                }
                            ],
                            "Plans": [
                                {
                                    "Node Type": "Seq Scan",
                                    "Parent Relationship": "Outer",
                                    "Parallel Aware": true,
                                    "Relation Name": "movie_companies",
                                    "Schema": "public",
                                    "Alias": "mc",
                                    "Startup Cost": 0.0,
                                    "Total Cost": 31414.82,
                                    "Plan Rows": 297089,
                                    "Plan Width": 0,
                                    "Actual Startup Time": 41.314,
                                    "Actual Total Time": 72.07,
                                    "Actual Rows": 150908,
                                    "Actual Loops": 4,
                                    "Output": [
                                        "id",
                                        "movie_id",
                                        "company_id",
                                        "company_type_id",
                                        "note"
                                    ],
                                    "Filter": "((mc.company_id < 29837) AND (mc.company_type_id = 2))",
                                    "Rows Removed by Filter": 501374,
                                    "Workers": [
                                        {
                                            "Worker Number": 0,
                                            "Actual Startup Time": 38.568,
                                            "Actual Total Time": 69.541,
                                            "Actual Rows": 143855,
                                            "Actual Loops": 1
                                        },
                                        {
                                            "Worker Number": 1,
                                            "Actual Startup Time": 38.656,
                                            "Actual Total Time": 69.796,
                                            "Actual Rows": 140745,
                                            "Actual Loops": 1
                                        },
                                        {
                                            "Worker Number": 2,
                                            "Actual Startup Time": 39.13,
                                            "Actual Total Time": 70.092,
                                            "Actual Rows": 145442,
                                            "Actual Loops": 1
                                        }
                                    ]
                                }
                            ]
                        }
                    ]
                }
            ]
        },
        "Planning Time": 175.308,
        "Triggers": [],
        "Execution Time": 91.656
    }
]