[
    {
        "Bao": {
            "Bao prediction": "NaN",
            "Bao recommended hint": "(no hint)"
        }
    },
    {
        "Plan": {
            "Node Type": "Aggregate",
            "Strategy": "Plain",
            "Partial Mode": "Finalize",
            "Parallel Aware": false,
            "Startup Cost": 32674.21,
            "Total Cost": 32674.22,
            "Plan Rows": 1,
            "Plan Width": 8,
            "Actual Startup Time": 81.849,
            "Actual Total Time": 87.991,
            "Actual Rows": 1,
            "Actual Loops": 1,
            "Output": [
                "count(*)"
            ],
            "Plans": [
                {
                    "Node Type": "Gather",
                    "Parent Relationship": "Outer",
                    "Parallel Aware": false,
                    "Startup Cost": 32673.89,
                    "Total Cost": 32674.2,
                    "Plan Rows": 3,
                    "Plan Width": 8,
                    "Actual Startup Time": 81.755,
                    "Actual Total Time": 87.984,
                    "Actual Rows": 4,
                    "Actual Loops": 1,
                    "Output": [
                        "(PARTIAL count(*))"
                    ],
                    "Workers Planned": 3,
                    "Workers Launched": 3,
                    "Single Copy": false,
                    "Plans": [
                        {
                            "Node Type": "Aggregate",
                            "Strategy": "Plain",
                            "Partial Mode": "Partial",
                            "Parent Relationship": "Outer",
                            "Parallel Aware": false,
                            "Startup Cost": 31673.89,
                            "Total Cost": 31673.9,
                            "Plan Rows": 1,
                            "Plan Width": 8,
                            "Actual Startup Time": 74.093,
                            "Actual Total Time": 74.094,
                            "Actual Rows": 1,
                            "Actual Loops": 4,
                            "Output": [
                                "PARTIAL count(*)"
                            ],
                            "Workers": [
                                {
                                    "Worker Number": 0,
                                    "Actual Startup Time": 70.633,
                                    "Actual Total Time": 70.634,
                                    "Actual Rows": 1,
                                    "Actual Loops": 1
                                },
                                {
                                    "Worker Number": 1,
                                    "Actual Startup Time": 71.068,
                                    "Actual Total Time": 71.07,
                                    "Actual Rows": 1,
                                    "Actual Loops": 1
                                },
                                {
                                    "Worker Number": 2,
                                    "Actual Startup Time": 73.186,
                                    "Actual Total Time": 73.188,
                                    "Actual Rows": 1,
                                    "Actual Loops": 1
                                }
                            ],
                            "Plans": [
                                {
                                    "Node Type": "Seq Scan",
                                    "Parent Relationship": "Outer",
                                    "Parallel Aware": true,
                                    "Relation Name": "movie_companies",
                                    "Schema": "public",
                                    "Alias": "mc",
                                    "Startup Cost": 0.0,
                                    "Total Cost": 31414.82,
                                    "Plan Rows": 103629,
                                    "Plan Width": 0,
                                    "Actual Startup Time": 43.406,
                                    "Actual Total Time": 72.073,
                                    "Actual Rows": 43774,
                                    "Actual Loops": 4,
                                    "Output": [
                                        "id",
                                        "movie_id",
                                        "company_id",
                                        "company_type_id",
                                        "note"
                                    ],
                                    "Filter": "((mc.company_id < 809) AND (mc.company_type_id = 2))",
                                    "Rows Removed by Filter": 608509,
                                    "Workers": [
                                        {
                                            "Worker Number": 0,
                                            "Actual Startup Time": 39.949,
                                            "Actual Total Time": 68.678,
                                            "Actual Rows": 37578,
                                            "Actual Loops": 1
                                        },
                                        {
                                            "Worker Number": 1,
                                            "Actual Startup Time": 40.381,
                                            "Actual Total Time": 69.153,
                                            "Actual Rows": 43876,
                                            "Actual Loops": 1
                                        },
                                        {
                                            "Worker Number": 2,
                                            "Actual Startup Time": 42.498,
                                            "Actual Total Time": 71.196,
                                            "Actual Rows": 37963,
                                            "Actual Loops": 1
                                        }
                                    ]
                                }
                            ]
                        }
                    ]
                }
            ]
        },
        "Planning Time": 223.16,
        "Triggers": [],
        "Execution Time": 88.048
    }
]