{
  "Plan": {
    "Node Type": "Aggregate",
    "Strategy": "Plain",
    "Partial Mode": "Finalize",
    "Parallel Aware": false,
    "Startup Cost": 177698.51,
    "Total Cost": 177698.52,
    "Plan Rows": 1,
    "Plan Width": 8,
    "Actual Startup Time": 1664.362,
    "Actual Total Time": 1693.994,
    "Actual Rows": 1,
    "Actual Loops": 1,
    "Plans": [
      {
        "Node Type": "Gather",
        "Parent Relationship": "Outer",
        "Parallel Aware": false,
        "Startup Cost": 177698.4,
        "Total Cost": 177698.51,
        "Plan Rows": 1,
        "Plan Width": 8,
        "Actual Startup Time": 1658.41,
        "Actual Total Time": 1693.985,
        "Actual Rows": 2,
        "Actual Loops": 1,
        "Workers Planned": 1,
        "Workers Launched": 1,
        "Single Copy": false,
        "Plans": [
          {
            "Node Type": "Aggregate",
            "Strategy": "Plain",
            "Partial Mode": "Partial",
            "Parent Relationship": "Outer",
            "Parallel Aware": false,
            "Startup Cost": 176698.4,
            "Total Cost": 176698.41,
            "Plan Rows": 1,
            "Plan Width": 8,
            "Actual Startup Time": 1652.873,
            "Actual Total Time": 1652.879,
            "Actual Rows": 1,
            "Actual Loops": 2,
            "Plans": [
              {
                "Node Type": "Hash Join",
                "Parent Relationship": "Outer",
                "Parallel Aware": true,
                "Join Type": "Inner",
                "Startup Cost": 129798.76,
                "Total Cost": 175477.89,
                "Plan Rows": 488205,
                "Plan Width": 0,
                "Actual Startup Time": 985.239,
                "Actual Total Time": 1519.096,
                "Actual Rows": 3426613,
                "Actual Loops": 2,
                "Inner Unique": false,
                "Hash Cond": "(mc.movie_id = t.id)",
                "Plans": [
                  {
                    "Node Type": "Seq Scan",
                    "Parent Relationship": "Outer",
                    "Parallel Aware": true,
                    "Relation Name": "movie_companies",
                    "Alias": "mc",
                    "Startup Cost": 0.0,
                    "Total Cost": 37974.77,
                    "Plan Rows": 1288684,
                    "Plan Width": 4,
                    "Actual Startup Time": 0.018,
                    "Actual Total Time": 129.121,
                    "Actual Rows": 1091696,
                    "Actual Loops": 2,
                    "Filter": "(company_id < 79656)",
                    "Rows Removed by Filter": 212868
                  },
                  {
                    "Node Type": "Hash",
                    "Parent Relationship": "Inner",
                    "Parallel Aware": true,
                    "Startup Cost": 122755.98,
                    "Total Cost": 122755.98,
                    "Plan Rows": 563422,
                    "Plan Width": 8,
                    "Actual Startup Time": 970.03,
                    "Actual Total Time": 970.034,
                    "Actual Rows": 477600,
                    "Actual Loops": 2,
                    "Hash Buckets": 1048576,
                    "Original Hash Buckets": 1048576,
                    "Hash Batches": 1,
                    "Original Hash Batches": 1,
                    "Peak Memory Usage": 45600,
                    "Plans": [
                      {
                        "Node Type": "Hash Join",
                        "Parent Relationship": "Outer",
                        "Parallel Aware": true,
                        "Join Type": "Inner",
                        "Startup Cost": 89780.22,
                        "Total Cost": 122755.98,
                        "Plan Rows": 563422,
                        "Plan Width": 8,
                        "Actual Startup Time": 638.673,
                        "Actual Total Time": 865.691,
                        "Actual Rows": 477600,
                        "Actual Loops": 2,
                        "Inner Unique": true,
                        "Hash Cond": "(mk.movie_id = t.id)",
                        "Plans": [
                          {
                            "Node Type": "Bitmap Heap Scan",
                            "Parent Relationship": "Outer",
                            "Parallel Aware": true,
                            "Relation Name": "movie_keyword",
                            "Alias": "mk",
                            "Startup Cost": 20319.52,
                            "Total Cost": 51816.3,
                            "Plan Rows": 563422,
                            "Plan Width": 4,
                            "Actual Startup Time": 52.296,
                            "Actual Total Time": 154.054,
                            "Actual Rows": 477600,
                            "Actual Loops": 2,
                            "Recheck Cond": "(keyword_id > 19854)",
                            "Rows Removed by Index Recheck": 0,
                            "Exact Heap Blocks": 12569,
                            "Lossy Heap Blocks": 0,
                            "Plans": [
                              {
                                "Node Type": "Bitmap Index Scan",
                                "Parent Relationship": "Outer",
                                "Parallel Aware": false,
                                "Index Name": "keyword_id_movie_keyword",
                                "Startup Cost": 0.0,
                                "Total Cost": 20080.07,
                                "Plan Rows": 957818,
                                "Plan Width": 0,
                                "Actual Startup Time": 48.635,
                                "Actual Total Time": 48.636,
                                "Actual Rows": 955199,
                                "Actual Loops": 1,
                                "Index Cond": "(keyword_id > 19854)"
                              }
                            ]
                          },
                          {
                            "Node Type": "Hash",
                            "Parent Relationship": "Inner",
                            "Parallel Aware": true,
                            "Startup Cost": 50870.31,
                            "Total Cost": 50870.31,
                            "Plan Rows": 1487231,
                            "Plan Width": 4,
                            "Actual Startup Time": 570.338,
                            "Actual Total Time": 570.339,
                            "Actual Rows": 1264156,
                            "Actual Loops": 2,
                            "Hash Buckets": 4194304,
                            "Original Hash Buckets": 4194304,
                            "Hash Batches": 1,
                            "Original Hash Batches": 1,
                            "Peak Memory Usage": 131680,
                            "Plans": [
                              {
                                "Node Type": "Seq Scan",
                                "Parent Relationship": "Outer",
                                "Parallel Aware": true,
                                "Relation Name": "title",
                                "Alias": "t",
                                "Startup Cost": 0.0,
                                "Total Cost": 50870.31,
                                "Plan Rows": 1487231,
                                "Plan Width": 4,
                                "Actual Startup Time": 0.033,
                                "Actual Total Time": 162.713,
                                "Actual Rows": 1264156,
                                "Actual Loops": 2
                              }
                            ]
                          }
                        ]
                      }
                    ]
                  }
                ]
              }
            ]
          }
        ]
      }
    ]
  },
  "Planning Time": 0.779,
  "Triggers": [],
  "Execution Time": 1694.093
}