[
  {
    "Plan": {
      "Node Type": "Aggregate",
      "Strategy": "Plain",
      "Partial Mode": "Finalize",
      "Parallel Aware": false,
      "Startup Cost": 235299.37,
      "Total Cost": 235299.38,
      "Plan Rows": 1,
      "Plan Width": 8,
      "Actual Startup Time": 2549.39,
      "Actual Total Time": 2605.479,
      "Actual Rows": 1,
      "Actual Loops": 1,
      "Plans": [
        {
          "Node Type": "Gather",
          "Parent Relationship": "Outer",
          "Parallel Aware": false,
          "Startup Cost": 235299.05,
          "Total Cost": 235299.36,
          "Plan Rows": 3,
          "Plan Width": 8,
          "Actual Startup Time": 2547.944,
          "Actual Total Time": 2605.464,
          "Actual Rows": 4,
          "Actual Loops": 1,
          "Workers Planned": 3,
          "Workers Launched": 3,
          "Single Copy": false,
          "Plans": [
            {
              "Node Type": "Aggregate",
              "Strategy": "Plain",
              "Partial Mode": "Partial",
              "Parent Relationship": "Outer",
              "Parallel Aware": false,
              "Startup Cost": 234299.05,
              "Total Cost": 234299.06,
              "Plan Rows": 1,
              "Plan Width": 8,
              "Actual Startup Time": 2542.324,
              "Actual Total Time": 2542.442,
              "Actual Rows": 1,
              "Actual Loops": 4,
              "Plans": [
                {
                  "Node Type": "Nested Loop",
                  "Parent Relationship": "Outer",
                  "Parallel Aware": false,
                  "Join Type": "Inner",
                  "Startup Cost": 46220.66,
                  "Total Cost": 233140.96,
                  "Plan Rows": 463236,
                  "Plan Width": 0,
                  "Actual Startup Time": 126.679,
                  "Actual Total Time": 2351.976,
                  "Actual Rows": 4602915,
                  "Actual Loops": 4,
                  "Inner Unique": false,
                  "Join Filter": "(t.id = mi.movie_id)",
                  "Rows Removed by Join Filter": 0,
                  "Plans": [
                    {
                      "Node Type": "Hash Join",
                      "Parent Relationship": "Outer",
                      "Parallel Aware": true,
                      "Join Type": "Inner",
                      "Startup Cost": 46220.22,
                      "Total Cost": 75636.11,
                      "Plan Rows": 78893,
                      "Plan Width": 8,
                      "Actual Startup Time": 126.586,
                      "Actual Total Time": 358.903,
                      "Actual Rows": 182516,
                      "Actual Loops": 4,
                      "Inner Unique": true,
                      "Hash Cond": "(mc.movie_id = t.id)",
                      "Plans": [
                        {
                          "Node Type": "Seq Scan",
                          "Parent Relationship": "Outer",
                          "Parallel Aware": true,
                          "Relation Name": "movie_companies",
                          "Alias": "mc",
                          "Startup Cost": 0.0,
                          "Total Cost": 27206.55,
                          "Plan Rows": 841655,
                          "Plan Width": 4,
                          "Actual Startup Time": 0.009,
                          "Actual Total Time": 57.556,
                          "Actual Rows": 652282,
                          "Actual Loops": 4
                        },
                        {
                          "Node Type": "Hash",
                          "Parent Relationship": "Inner",
                          "Parallel Aware": true,
                          "Startup Cost": 45479.59,
                          "Total Cost": 45479.59,
                          "Plan Rows": 59251,
                          "Plan Width": 4,
                          "Actual Startup Time": 125.43,
                          "Actual Total Time": 125.431,
                          "Actual Rows": 89374,
                          "Actual Loops": 4,
                          "Hash Buckets": 524288,
                          "Original Hash Buckets": 262144,
                          "Hash Batches": 1,
                          "Original Hash Batches": 1,
                          "Peak Memory Usage": 20192,
                          "Plans": [
                            {
                              "Node Type": "Seq Scan",
                              "Parent Relationship": "Outer",
                              "Parallel Aware": true,
                              "Relation Name": "title",
                              "Alias": "t",
                              "Startup Cost": 0.0,
                              "Total Cost": 45479.59,
                              "Plan Rows": 59251,
                              "Plan Width": 4,
                              "Actual Startup Time": 0.042,
                              "Actual Total Time": 90.868,
                              "Actual Rows": 89374,
                              "Actual Loops": 4,
                              "Filter": "((kind_id < 7) AND (production_year < 1987))",
                              "Rows Removed by Filter": 542704
                            }
                          ]
                        }
                      ]
                    },
                    {
                      "Node Type": "Index Only Scan",
                      "Parent Relationship": "Inner",
                      "Parallel Aware": false,
                      "Scan Direction": "Forward",
                      "Index Name": "movie_id_movie_info",
                      "Relation Name": "movie_info",
                      "Alias": "mi",
                      "Startup Cost": 0.43,
                      "Total Cost": 1.48,
                      "Plan Rows": 41,
                      "Plan Width": 4,
                      "Actual Startup Time": 0.003,
                      "Actual Total Time": 0.009,
                      "Actual Rows": 25,
                      "Actual Loops": 730062,
                      "Index Cond": "(movie_id = mc.movie_id)",
                      "Rows Removed by Index Recheck": 0,
                      "Heap Fetches": 18411661
                    }
                  ]
                }
              ]
            }
          ]
        }
      ]
    },
    "Planning Time": 0.368,
    "Triggers": [],
    "Execution Time": 2605.528
  }
]