[
  {
    "Plan": {
      "Node Type": "Aggregate",
      "Strategy": "Plain",
      "Partial Mode": "Finalize",
      "Parallel Aware": false,
      "Startup Cost": 94972.6,
      "Total Cost": 94972.61,
      "Plan Rows": 1,
      "Plan Width": 8,
      "Actual Startup Time": 396.715,
      "Actual Total Time": 413.157,
      "Actual Rows": 1,
      "Actual Loops": 1,
      "Plans": [
        {
          "Node Type": "Gather",
          "Parent Relationship": "Outer",
          "Parallel Aware": false,
          "Startup Cost": 94972.28,
          "Total Cost": 94972.59,
          "Plan Rows": 3,
          "Plan Width": 8,
          "Actual Startup Time": 395.012,
          "Actual Total Time": 413.145,
          "Actual Rows": 4,
          "Actual Loops": 1,
          "Workers Planned": 3,
          "Workers Launched": 3,
          "Single Copy": false,
          "Plans": [
            {
              "Node Type": "Aggregate",
              "Strategy": "Plain",
              "Partial Mode": "Partial",
              "Parent Relationship": "Outer",
              "Parallel Aware": false,
              "Startup Cost": 93972.28,
              "Total Cost": 93972.29,
              "Plan Rows": 1,
              "Plan Width": 8,
              "Actual Startup Time": 386.177,
              "Actual Total Time": 386.18,
              "Actual Rows": 1,
              "Actual Loops": 4,
              "Plans": [
                {
                  "Node Type": "Hash Join",
                  "Parent Relationship": "Outer",
                  "Parallel Aware": true,
                  "Join Type": "Inner",
                  "Startup Cost": 47333.97,
                  "Total Cost": 93251.84,
                  "Plan Rows": 288178,
                  "Plan Width": 0,
                  "Actual Startup Time": 188.257,
                  "Actual Total Time": 366.64,
                  "Actual Rows": 471966,
                  "Actual Loops": 4,
                  "Inner Unique": true,
                  "Hash Cond": "(mk.movie_id = t.id)",
                  "Plans": [
                    {
                      "Node Type": "Seq Scan",
                      "Parent Relationship": "Outer",
                      "Parallel Aware": true,
                      "Relation Name": "movie_keyword",
                      "Alias": "mk",
                      "Startup Cost": 0.0,
                      "Total Cost": 42695.65,
                      "Plan Rows": 1227509,
                      "Plan Width": 4,
                      "Actual Startup Time": 0.026,
                      "Actual Total Time": 106.364,
                      "Actual Rows": 953132,
                      "Actual Loops": 4,
                      "Filter": "(keyword_id < 26569)",
                      "Rows Removed by Filter": 177850
                    },
                    {
                      "Node Type": "Hash",
                      "Parent Relationship": "Inner",
                      "Parallel Aware": true,
                      "Startup Cost": 45479.1,
                      "Total Cost": 45479.1,
                      "Plan Rows": 148390,
                      "Plan Width": 4,
                      "Actual Startup Time": 147.043,
                      "Actual Total Time": 147.044,
                      "Actual Rows": 119778,
                      "Actual Loops": 4,
                      "Hash Buckets": 1048576,
                      "Original Hash Buckets": 1048576,
                      "Hash Batches": 1,
                      "Original Hash Batches": 1,
                      "Peak Memory Usage": 26976,
                      "Plans": [
                        {
                          "Node Type": "Seq Scan",
                          "Parent Relationship": "Outer",
                          "Parallel Aware": true,
                          "Relation Name": "title",
                          "Alias": "t",
                          "Startup Cost": 0.0,
                          "Total Cost": 45479.1,
                          "Plan Rows": 148390,
                          "Plan Width": 4,
                          "Actual Startup Time": 48.459,
                          "Actual Total Time": 103.067,
                          "Actual Rows": 119778,
                          "Actual Loops": 4,
                          "Filter": "((production_year > 1955) AND (kind_id = 1))",
                          "Rows Removed by Filter": 512300
                        }
                      ]
                    }
                  ]
                }
              ]
            }
          ]
        }
      ]
    },
    "Planning Time": 0.621,
    "Triggers": [],
    "Execution Time": 413.229
  }
]