[
  {
    "Bao": {
      "Bao prediction": 400.845,
      "Bao recommended hint": "SET enable_nestloop TO off; SET enable_hashjoin TO off; "
    }
  },
  {
    "Plan": {
      "Node Type": "Aggregate",
      "Strategy": "Plain",
      "Partial Mode": "Simple",
      "Parallel Aware": false,
      "Startup Cost": 1354843.41,
      "Total Cost": 1354843.42,
      "Plan Rows": 1,
      "Plan Width": 96,
      "Actual Startup Time": 3677.812,
      "Actual Total Time": 3705.369,
      "Actual Rows": 1,
      "Actual Loops": 1,
      "Plans": [
        {
          "Node Type": "Merge Join",
          "Parent Relationship": "Outer",
          "Parallel Aware": false,
          "Join Type": "Inner",
          "Startup Cost": 1354825.24,
          "Total Cost": 1354843.4,
          "Plan Rows": 1,
          "Plan Width": 48,
          "Actual Startup Time": 3677.788,
          "Actual Total Time": 3705.347,
          "Actual Rows": 2,
          "Actual Loops": 1,
          "Inner Unique": false,
          "Merge Cond": "(ci.movie_id = t.id)",
          "Plans": [
            {
              "Node Type": "Sort",
              "Parent Relationship": "Outer",
              "Parallel Aware": false,
              "Startup Cost": 1133285.11,
              "Total Cost": 1133294.18,
              "Plan Rows": 3628,
              "Plan Width": 19,
              "Actual Startup Time": 3039.863,
              "Actual Total Time": 3040.206,
              "Actual Rows": 441,
              "Actual Loops": 1,
              "Sort Key": [
                "ci.movie_id"
              ],
              "Sort Method": "quicksort",
              "Sort Space Used": 62,
              "Sort Space Type": "Memory",
              "Plans": [
                {
                  "Node Type": "Gather",
                  "Parent Relationship": "Outer",
                  "Parallel Aware": false,
                  "Startup Cost": 1102485.46,
                  "Total Cost": 1133070.6,
                  "Plan Rows": 3628,
                  "Plan Width": 19,
                  "Actual Startup Time": 3019.917,
                  "Actual Total Time": 3040.003,
                  "Actual Rows": 486,
                  "Actual Loops": 1,
                  "Workers Planned": 6,
                  "Workers Launched": 6,
                  "Single Copy": false,
                  "Plans": [
                    {
                      "Node Type": "Merge Join",
                      "Parent Relationship": "Outer",
                      "Parallel Aware": false,
                      "Join Type": "Inner",
                      "Startup Cost": 1101485.46,
                      "Total Cost": 1131707.8,
                      "Plan Rows": 605,
                      "Plan Width": 19,
                      "Actual Startup Time": 2920.434,
                      "Actual Total Time": 2920.45,
                      "Actual Rows": 69,
                      "Actual Loops": 7,
                      "Inner Unique": true,
                      "Merge Cond": "(ci.person_id = n.id)",
                      "Plans": [
                        {
                          "Node Type": "Sort",
                          "Parent Relationship": "Outer",
                          "Parallel Aware": false,
                          "Startup Cost": 993761.51,
                          "Total Cost": 1008868.93,
                          "Plan Rows": 6042971,
                          "Plan Width": 8,
                          "Actual Startup Time": 2345.313,
                          "Actual Total Time": 2369.26,
                          "Actual Rows": 614802,
                          "Actual Loops": 7,
                          "Sort Key": [
                            "ci.person_id"
                          ],
                          "Sort Method": "quicksort",
                          "Sort Space Used": 471738,
                          "Sort Space Type": "Memory",
                          "Workers": [
                            {
                              "Worker Number": 0,
                              "Sort Method": "quicksort",
                              "Sort Space Used": 275228,
                              "Sort Space Type": "Memory"
                            },
                            {
                              "Worker Number": 1,
                              "Sort Method": "quicksort",
                              "Sort Space Used": 457553,
                              "Sort Space Type": "Memory"
                            },
                            {
                              "Worker Number": 2,
                              "Sort Method": "quicksort",
                              "Sort Space Used": 270776,
                              "Sort Space Type": "Memory"
                            },
                            {
                              "Worker Number": 3,
                              "Sort Method": "quicksort",
                              "Sort Space Used": 467825,
                              "Sort Space Type": "Memory"
                            },
                            {
                              "Worker Number": 4,
                              "Sort Method": "quicksort",
                              "Sort Space Used": 468566,
                              "Sort Space Type": "Memory"
                            },
                            {
                              "Worker Number": 5,
                              "Sort Method": "quicksort",
                              "Sort Space Used": 466920,
                              "Sort Space Type": "Memory"
                            }
                          ],
                          "Plans": [
                            {
                              "Node Type": "Seq Scan",
                              "Parent Relationship": "Outer",
                              "Parallel Aware": true,
                              "Relation Name": "cast_info",
                              "Alias": "ci",
                              "Startup Cost": 0.0,
                              "Total Cost": 313116.71,
                              "Plan Rows": 6042971,
                              "Plan Width": 8,
                              "Actual Startup Time": 0.059,
                              "Actual Total Time": 747.369,
                              "Actual Rows": 5177763,
                              "Actual Loops": 7
                            }
                          ]
                        },
                        {
                          "Node Type": "Sort",
                          "Parent Relationship": "Inner",
                          "Parallel Aware": false,
                          "Startup Cost": 107723.36,
                          "Total Cost": 107724.4,
                          "Plan Rows": 417,
                          "Plan Width": 19,
                          "Actual Startup Time": 521.127,
                          "Actual Total Time": 521.129,
                          "Actual Rows": 2,
                          "Actual Loops": 7,
                          "Sort Key": [
                            "n.id"
                          ],
                          "Sort Method": "quicksort",
                          "Sort Space Used": 25,
                          "Sort Space Type": "Memory",
                          "Workers": [
                            {
                              "Worker Number": 0,
                              "Sort Method": "quicksort",
                              "Sort Space Used": 25,
                              "Sort Space Type": "Memory"
                            },
                            {
                              "Worker Number": 1,
                              "Sort Method": "quicksort",
                              "Sort Space Used": 25,
                              "Sort Space Type": "Memory"
                            },
                            {
                              "Worker Number": 2,
                              "Sort Method": "quicksort",
                              "Sort Space Used": 25,
                              "Sort Space Type": "Memory"
                            },
                            {
                              "Worker Number": 3,
                              "Sort Method": "quicksort",
                              "Sort Space Used": 25,
                              "Sort Space Type": "Memory"
                            },
                            {
                              "Worker Number": 4,
                              "Sort Method": "quicksort",
                              "Sort Space Used": 25,
                              "Sort Space Type": "Memory"
                            },
                            {
                              "Worker Number": 5,
                              "Sort Method": "quicksort",
                              "Sort Space Used": 25,
                              "Sort Space Type": "Memory"
                            }
                          ],
                          "Plans": [
                            {
                              "Node Type": "Seq Scan",
                              "Parent Relationship": "Outer",
                              "Parallel Aware": false,
                              "Relation Name": "name",
                              "Alias": "n",
                              "Startup Cost": 0.0,
                              "Total Cost": 107705.21,
                              "Plan Rows": 417,
                              "Plan Width": 19,
                              "Actual Startup Time": 60.207,
                              "Actual Total Time": 521.093,
                              "Actual Rows": 2,
                              "Actual Loops": 7,
                              "Filter": "(name ~~ '%Downey%Robert%'::text)",
                              "Rows Removed by Filter": 4167489
                            }
                          ]
                        }
                      ]
                    }
                  ]
                }
              ]
            },
            {
              "Node Type": "Sort",
              "Parent Relationship": "Inner",
              "Parallel Aware": false,
              "Startup Cost": 221540.14,
              "Total Cost": 221540.14,
              "Plan Rows": 1,
              "Plan Width": 41,
              "Actual Startup Time": 637.732,
              "Actual Total Time": 665.018,
              "Actual Rows": 2,
              "Actual Loops": 1,
              "Sort Key": [
                "mk.movie_id"
              ],
              "Sort Method": "quicksort",
              "Sort Space Used": 25,
              "Sort Space Type": "Memory",
              "Plans": [
                {
                  "Node Type": "Gather",
                  "Parent Relationship": "Outer",
                  "Parallel Aware": false,
                  "Startup Cost": 221535.24,
                  "Total Cost": 221540.13,
                  "Plan Rows": 1,
                  "Plan Width": 41,
                  "Actual Startup Time": 635.331,
                  "Actual Total Time": 665.0,
                  "Actual Rows": 2,
                  "Actual Loops": 1,
                  "Workers Planned": 3,
                  "Workers Launched": 3,
                  "Single Copy": false,
                  "Plans": [
                    {
                      "Node Type": "Merge Join",
                      "Parent Relationship": "Outer",
                      "Parallel Aware": false,
                      "Join Type": "Inner",
                      "Startup Cost": 220535.24,
                      "Total Cost": 220540.03,
                      "Plan Rows": 1,
                      "Plan Width": 41,
                      "Actual Startup Time": 627.906,
                      "Actual Total Time": 627.909,
                      "Actual Rows": 0,
                      "Actual Loops": 4,
                      "Inner Unique": true,
                      "Merge Cond": "(mk.keyword_id = k.id)",
                      "Plans": [
                        {
                          "Node Type": "Sort",
                          "Parent Relationship": "Outer",
                          "Parallel Aware": false,
                          "Startup Cost": 217909.09,
                          "Total Cost": 217911.48,
                          "Plan Rows": 957,
                          "Plan Width": 29,
                          "Actual Startup Time": 616.732,
                          "Actual Total Time": 616.755,
                          "Actual Rows": 164,
                          "Actual Loops": 4,
                          "Sort Key": [
                            "mk.keyword_id"
                          ],
                          "Sort Method": "quicksort",
                          "Sort Space Used": 46,
                          "Sort Space Type": "Memory",
                          "Workers": [
                            {
                              "Worker Number": 0,
                              "Sort Method": "quicksort",
                              "Sort Space Used": 53,
                              "Sort Space Type": "Memory"
                            },
                            {
                              "Worker Number": 1,
                              "Sort Method": "quicksort",
                              "Sort Space Used": 46,
                              "Sort Space Type": "Memory"
                            },
                            {
                              "Worker Number": 2,
                              "Sort Method": "quicksort",
                              "Sort Space Used": 37,
                              "Sort Space Type": "Memory"
                            }
                          ],
                          "Plans": [
                            {
                              "Node Type": "Merge Join",
                              "Parent Relationship": "Outer",
                              "Parallel Aware": false,
                              "Join Type": "Inner",
                              "Startup Cost": 67693.46,
                              "Total Cost": 217861.71,
                              "Plan Rows": 957,
                              "Plan Width": 29,
                              "Actual Startup Time": 309.813,
                              "Actual Total Time": 616.534,
                              "Actual Rows": 264,
                              "Actual Loops": 4,
                              "Inner Unique": true,
                              "Merge Cond": "(mk.movie_id = t.id)",
                              "Plans": [
                                {
                                  "Node Type": "Index Scan",
                                  "Parent Relationship": "Outer",
                                  "Parallel Aware": true,
                                  "Scan Direction": "Forward",
                                  "Index Name": "movie_id_movie_keyword",
                                  "Relation Name": "movie_keyword",
                                  "Alias": "mk",
                                  "Startup Cost": 0.43,
                                  "Total Cost": 146502.5,
                                  "Plan Rows": 1459332,
                                  "Plan Width": 8,
                                  "Actual Startup Time": 0.06,
                                  "Actual Total Time": 289.442,
                                  "Actual Rows": 1126972,
                                  "Actual Loops": 4
                                },
                                {
                                  "Node Type": "Sort",
                                  "Parent Relationship": "Inner",
                                  "Parallel Aware": false,
                                  "Startup Cost": 67693.03,
                                  "Total Cost": 67697.17,
                                  "Plan Rows": 1658,
                                  "Plan Width": 21,
                                  "Actual Startup Time": 254.496,
                                  "Actual Total Time": 254.631,
                                  "Actual Rows": 438,
                                  "Actual Loops": 4,
                                  "Sort Key": [
                                    "t.id"
                                  ],
                                  "Sort Method": "quicksort",
                                  "Sort Space Used": 55,
                                  "Sort Space Type": "Memory",
                                  "Workers": [
                                    {
                                      "Worker Number": 0,
                                      "Sort Method": "quicksort",
                                      "Sort Space Used": 55,
                                      "Sort Space Type": "Memory"
                                    },
                                    {
                                      "Worker Number": 1,
                                      "Sort Method": "quicksort",
                                      "Sort Space Used": 55,
                                      "Sort Space Type": "Memory"
                                    },
                                    {
                                      "Worker Number": 2,
                                      "Sort Method": "quicksort",
                                      "Sort Space Used": 55,
                                      "Sort Space Type": "Memory"
                                    }
                                  ],
                                  "Plans": [
                                    {
                                      "Node Type": "Seq Scan",
                                      "Parent Relationship": "Outer",
                                      "Parallel Aware": false,
                                      "Relation Name": "title",
                                      "Alias": "t",
                                      "Startup Cost": 0.0,
                                      "Total Cost": 67604.36,
                                      "Plan Rows": 1658,
                                      "Plan Width": 21,
                                      "Actual Startup Time": 34.905,
                                      "Actual Total Time": 254.151,
                                      "Actual Rows": 438,
                                      "Actual Loops": 4,
                                      "Filter": "(production_year > 2014)",
                                      "Rows Removed by Filter": 2527874
                                    }
                                  ]
                                }
                              ]
                            }
                          ]
                        },
                        {
                          "Node Type": "Sort",
                          "Parent Relationship": "Inner",
                          "Parallel Aware": false,
                          "Startup Cost": 2626.14,
                          "Total Cost": 2626.14,
                          "Plan Rows": 1,
                          "Plan Width": 20,
                          "Actual Startup Time": 11.136,
                          "Actual Total Time": 11.137,
                          "Actual Rows": 1,
                          "Actual Loops": 4,
                          "Sort Key": [
                            "k.id"
                          ],
                          "Sort Method": "quicksort",
                          "Sort Space Used": 25,
                          "Sort Space Type": "Memory",
                          "Workers": [
                            {
                              "Worker Number": 0,
                              "Sort Method": "quicksort",
                              "Sort Space Used": 25,
                              "Sort Space Type": "Memory"
                            },
                            {
                              "Worker Number": 1,
                              "Sort Method": "quicksort",
                              "Sort Space Used": 25,
                              "Sort Space Type": "Memory"
                            },
                            {
                              "Worker Number": 2,
                              "Sort Method": "quicksort",
                              "Sort Space Used": 25,
                              "Sort Space Type": "Memory"
                            }
                          ],
                          "Plans": [
                            {
                              "Node Type": "Seq Scan",
                              "Parent Relationship": "Outer",
                              "Parallel Aware": false,
                              "Relation Name": "keyword",
                              "Alias": "k",
                              "Startup Cost": 0.0,
                              "Total Cost": 2626.12,
                              "Plan Rows": 1,
                              "Plan Width": 20,
                              "Actual Startup Time": 0.317,
                              "Actual Total Time": 11.106,
                              "Actual Rows": 1,
                              "Actual Loops": 4,
                              "Filter": "(keyword = 'marvel-cinematic-universe'::text)",
                              "Rows Removed by Filter": 134169
                            }
                          ]
                        }
                      ]
                    }
                  ]
                }
              ]
            }
          ]
        }
      ]
    },
    "Planning Time": 280.986,
    "Triggers": [],
    "Execution Time": 3741.157
  }
]