[
  {
    "Plan": {
      "Node Type": "Aggregate",
      "Strategy": "Plain",
      "Partial Mode": "Finalize",
      "Parallel Aware": false,
      "Startup Cost": 44943.03,
      "Total Cost": 44943.04,
      "Plan Rows": 1,
      "Plan Width": 8,
      "Actual Startup Time": 94.622,
      "Actual Total Time": 106.666,
      "Actual Rows": 1,
      "Actual Loops": 1,
      "Plans": [
        {
          "Node Type": "Gather",
          "Parent Relationship": "Outer",
          "Parallel Aware": false,
          "Startup Cost": 44942.61,
          "Total Cost": 44943.02,
          "Plan Rows": 4,
          "Plan Width": 8,
          "Actual Startup Time": 94.329,
          "Actual Total Time": 106.652,
          "Actual Rows": 5,
          "Actual Loops": 1,
          "Workers Planned": 4,
          "Workers Launched": 4,
          "Single Copy": false,
          "Plans": [
            {
              "Node Type": "Aggregate",
              "Strategy": "Plain",
              "Partial Mode": "Partial",
              "Parent Relationship": "Outer",
              "Parallel Aware": false,
              "Startup Cost": 43942.61,
              "Total Cost": 43942.62,
              "Plan Rows": 1,
              "Plan Width": 8,
              "Actual Startup Time": 87.274,
              "Actual Total Time": 87.275,
              "Actual Rows": 1,
              "Actual Loops": 5,
              "Plans": [
                {
                  "Node Type": "Seq Scan",
                  "Parent Relationship": "Outer",
                  "Parallel Aware": true,
                  "Relation Name": "title",
                  "Alias": "t",
                  "Startup Cost": 0.0,
                  "Total Cost": 43899.32,
                  "Plan Rows": 17316,
                  "Plan Width": 0,
                  "Actual Startup Time": 0.054,
                  "Actual Total Time": 86.07,
                  "Actual Rows": 13468,
                  "Actual Loops": 5,
                  "Filter": "(production_year > 2012)",
                  "Rows Removed by Filter": 492194
                }
              ]
            }
          ]
        }
      ]
    },
    "Planning Time": 0.167,
    "Triggers": [],
    "Execution Time": 106.725
  }
]