[
  {
    "Plan": {
      "Node Type": "Aggregate",
      "Strategy": "Plain",
      "Partial Mode": "Finalize",
      "Parallel Aware": false,
      "Startup Cost": 44942.37,
      "Total Cost": 44942.38,
      "Plan Rows": 1,
      "Plan Width": 8,
      "Actual Startup Time": 86.073,
      "Actual Total Time": 100.922,
      "Actual Rows": 1,
      "Actual Loops": 1,
      "Plans": [
        {
          "Node Type": "Gather",
          "Parent Relationship": "Outer",
          "Parallel Aware": false,
          "Startup Cost": 44941.95,
          "Total Cost": 44942.36,
          "Plan Rows": 4,
          "Plan Width": 8,
          "Actual Startup Time": 85.926,
          "Actual Total Time": 100.913,
          "Actual Rows": 5,
          "Actual Loops": 1,
          "Workers Planned": 4,
          "Workers Launched": 4,
          "Single Copy": false,
          "Plans": [
            {
              "Node Type": "Aggregate",
              "Strategy": "Plain",
              "Partial Mode": "Partial",
              "Parent Relationship": "Outer",
              "Parallel Aware": false,
              "Startup Cost": 43941.95,
              "Total Cost": 43941.96,
              "Plan Rows": 1,
              "Plan Width": 8,
              "Actual Startup Time": 81.448,
              "Actual Total Time": 81.449,
              "Actual Rows": 1,
              "Actual Loops": 5,
              "Plans": [
                {
                  "Node Type": "Seq Scan",
                  "Parent Relationship": "Outer",
                  "Parallel Aware": true,
                  "Relation Name": "title",
                  "Alias": "t",
                  "Startup Cost": 0.0,
                  "Total Cost": 43898.92,
                  "Plan Rows": 17213,
                  "Plan Width": 0,
                  "Actual Startup Time": 0.031,
                  "Actual Total Time": 80.243,
                  "Actual Rows": 13468,
                  "Actual Loops": 5,
                  "Filter": "(production_year > 2012)",
                  "Rows Removed by Filter": 492194
                }
              ]
            }
          ]
        }
      ]
    },
    "Planning Time": 0.065,
    "Triggers": [],
    "Execution Time": 100.951
  }
]