[
  {
    "Plan": {
      "Node Type": "Aggregate",
      "Strategy": "Plain",
      "Partial Mode": "Finalize",
      "Parallel Aware": false,
      "Startup Cost": 45573.28,
      "Total Cost": 45573.29,
      "Plan Rows": 1,
      "Plan Width": 8,
      "Actual Startup Time": 142.614,
      "Actual Total Time": 154.215,
      "Actual Rows": 1,
      "Actual Loops": 1,
      "Plans": [
        {
          "Node Type": "Gather",
          "Parent Relationship": "Outer",
          "Parallel Aware": false,
          "Startup Cost": 45572.96,
          "Total Cost": 45573.27,
          "Plan Rows": 3,
          "Plan Width": 8,
          "Actual Startup Time": 142.479,
          "Actual Total Time": 154.204,
          "Actual Rows": 4,
          "Actual Loops": 1,
          "Workers Planned": 3,
          "Workers Launched": 3,
          "Single Copy": false,
          "Plans": [
            {
              "Node Type": "Aggregate",
              "Strategy": "Plain",
              "Partial Mode": "Partial",
              "Parent Relationship": "Outer",
              "Parallel Aware": false,
              "Startup Cost": 44572.96,
              "Total Cost": 44572.97,
              "Plan Rows": 1,
              "Plan Width": 8,
              "Actual Startup Time": 138.802,
              "Actual Total Time": 138.803,
              "Actual Rows": 1,
              "Actual Loops": 4,
              "Plans": [
                {
                  "Node Type": "Seq Scan",
                  "Parent Relationship": "Outer",
                  "Parallel Aware": true,
                  "Relation Name": "movie_keyword",
                  "Alias": "mk",
                  "Startup Cost": 0.0,
                  "Total Cost": 42695.65,
                  "Plan Rows": 750922,
                  "Plan Width": 0,
                  "Actual Startup Time": 0.03,
                  "Actual Total Time": 112.478,
                  "Actual Rows": 585009,
                  "Actual Loops": 4,
                  "Filter": "(keyword_id < 5185)",
                  "Rows Removed by Filter": 545973
                }
              ]
            }
          ]
        }
      ]
    },
    "Planning Time": 0.099,
    "Triggers": [],
    "Execution Time": 154.246
  }
]