[
  {
    "Plan": {
      "Node Type": "Aggregate",
      "Strategy": "Plain",
      "Partial Mode": "Finalize",
      "Parallel Aware": false,
      "Startup Cost": 438150.02,
      "Total Cost": 438150.03,
      "Plan Rows": 1,
      "Plan Width": 8,
      "Actual Startup Time": 2004.351,
      "Actual Total Time": 2062.344,
      "Actual Rows": 1,
      "Actual Loops": 1,
      "Plans": [
        {
          "Node Type": "Gather",
          "Parent Relationship": "Outer",
          "Parallel Aware": false,
          "Startup Cost": 438149.39,
          "Total Cost": 438150.0,
          "Plan Rows": 6,
          "Plan Width": 8,
          "Actual Startup Time": 1993.865,
          "Actual Total Time": 2062.328,
          "Actual Rows": 7,
          "Actual Loops": 1,
          "Workers Planned": 6,
          "Workers Launched": 6,
          "Single Copy": false,
          "Plans": [
            {
              "Node Type": "Aggregate",
              "Strategy": "Plain",
              "Partial Mode": "Partial",
              "Parent Relationship": "Outer",
              "Parallel Aware": false,
              "Startup Cost": 437149.39,
              "Total Cost": 437149.4,
              "Plan Rows": 1,
              "Plan Width": 8,
              "Actual Startup Time": 1984.663,
              "Actual Total Time": 1984.957,
              "Actual Rows": 1,
              "Actual Loops": 7,
              "Plans": [
                {
                  "Node Type": "Hash Join",
                  "Parent Relationship": "Outer",
                  "Parallel Aware": true,
                  "Join Type": "Inner",
                  "Startup Cost": 79320.41,
                  "Total Cost": 435706.81,
                  "Plan Rows": 577034,
                  "Plan Width": 0,
                  "Actual Startup Time": 607.416,
                  "Actual Total Time": 1902.242,
                  "Actual Rows": 1578253,
                  "Actual Loops": 7,
                  "Inner Unique": false,
                  "Hash Cond": "(ci.movie_id = t.id)",
                  "Plans": [
                    {
                      "Node Type": "Seq Scan",
                      "Parent Relationship": "Outer",
                      "Parallel Aware": true,
                      "Relation Name": "cast_info",
                      "Alias": "ci",
                      "Startup Cost": 0.0,
                      "Total Cost": 343316.27,
                      "Plan Rows": 2988993,
                      "Plan Width": 4,
                      "Actual Startup Time": 237.168,
                      "Actual Total Time": 744.337,
                      "Actual Rows": 2146467,
                      "Actual Loops": 7,
                      "Filter": "((person_id < 2832406) AND (role_id > 1))",
                      "Rows Removed by Filter": 3031296
                    },
                    {
                      "Node Type": "Hash",
                      "Parent Relationship": "Inner",
                      "Parallel Aware": true,
                      "Startup Cost": 77352.19,
                      "Total Cost": 77352.19,
                      "Plan Rows": 157458,
                      "Plan Width": 8,
                      "Actual Startup Time": 368.229,
                      "Actual Total Time": 368.522,
                      "Actual Rows": 149114,
                      "Actual Loops": 7,
                      "Hash Buckets": 1048576,
                      "Original Hash Buckets": 524288,
                      "Hash Batches": 1,
                      "Original Hash Batches": 1,
                      "Peak Memory Usage": 53216,
                      "Plans": [
                        {
                          "Node Type": "Hash Join",
                          "Parent Relationship": "Outer",
                          "Parallel Aware": true,
                          "Join Type": "Inner",
                          "Startup Cost": 46982.15,
                          "Total Cost": 77352.19,
                          "Plan Rows": 157458,
                          "Plan Width": 8,
                          "Actual Startup Time": 165.096,
                          "Actual Total Time": 288.463,
                          "Actual Rows": 149114,
                          "Actual Loops": 7,
                          "Inner Unique": true,
                          "Hash Cond": "(mc.movie_id = t.id)",
                          "Plans": [
                            {
                              "Node Type": "Seq Scan",
                              "Parent Relationship": "Outer",
                              "Parallel Aware": true,
                              "Relation Name": "movie_companies",
                              "Alias": "mc",
                              "Startup Cost": 0.0,
                              "Total Cost": 29310.68,
                              "Plan Rows": 403566,
                              "Plan Width": 4,
                              "Actual Startup Time": 8.299,
                              "Actual Total Time": 56.503,
                              "Actual Rows": 177480,
                              "Actual Loops": 7,
                              "Filter": "(company_id > 11758)",
                              "Rows Removed by Filter": 195252
                            },
                            {
                              "Node Type": "Hash",
                              "Parent Relationship": "Inner",
                              "Parallel Aware": true,
                              "Startup Cost": 43899.32,
                              "Total Cost": 43899.32,
                              "Plan Rows": 246626,
                              "Plan Width": 4,
                              "Actual Startup Time": 155.415,
                              "Actual Total Time": 155.417,
                              "Actual Rows": 140721,
                              "Actual Loops": 7,
                              "Hash Buckets": 1048576,
                              "Original Hash Buckets": 1048576,
                              "Hash Batches": 1,
                              "Original Hash Batches": 1,
                              "Peak Memory Usage": 46848,
                              "Plans": [
                                {
                                  "Node Type": "Seq Scan",
                                  "Parent Relationship": "Outer",
                                  "Parallel Aware": true,
                                  "Relation Name": "title",
                                  "Alias": "t",
                                  "Startup Cost": 0.0,
                                  "Total Cost": 43899.32,
                                  "Plan Rows": 246626,
                                  "Plan Width": 4,
                                  "Actual Startup Time": 0.047,
                                  "Actual Total Time": 88.391,
                                  "Actual Rows": 140721,
                                  "Actual Loops": 7,
                                  "Filter": "(kind_id < 7)",
                                  "Rows Removed by Filter": 220466
                                }
                              ]
                            }
                          ]
                        }
                      ]
                    }
                  ]
                }
              ]
            }
          ]
        }
      ]
    },
    "Planning Time": 0.625,
    "Triggers": [],
    "Execution Time": 2062.411
  }
]