{
  "Plan": {
    "Node Type": "Aggregate",
    "Strategy": "Plain",
    "Partial Mode": "Finalize",
    "Parallel Aware": false,
    "Startup Cost": 2470526.32,
    "Total Cost": 2470526.33,
    "Plan Rows": 1,
    "Plan Width": 8,
    "Actual Startup Time": 22094.097,
    "Actual Total Time": 22183.234,
    "Actual Rows": 1,
    "Actual Loops": 1,
    "Plans": [
      {
        "Node Type": "Gather",
        "Parent Relationship": "Outer",
        "Parallel Aware": false,
        "Startup Cost": 2470526.21,
        "Total Cost": 2470526.32,
        "Plan Rows": 1,
        "Plan Width": 8,
        "Actual Startup Time": 22092.275,
        "Actual Total Time": 22183.225,
        "Actual Rows": 2,
        "Actual Loops": 1,
        "Workers Planned": 1,
        "Workers Launched": 1,
        "Single Copy": false,
        "Plans": [
          {
            "Node Type": "Aggregate",
            "Strategy": "Plain",
            "Partial Mode": "Partial",
            "Parent Relationship": "Outer",
            "Parallel Aware": false,
            "Startup Cost": 2469526.21,
            "Total Cost": 2469526.22,
            "Plan Rows": 1,
            "Plan Width": 8,
            "Actual Startup Time": 22083.881,
            "Actual Total Time": 22083.885,
            "Actual Rows": 1,
            "Actual Loops": 2,
            "Plans": [
              {
                "Node Type": "Hash Join",
                "Parent Relationship": "Outer",
                "Parallel Aware": true,
                "Join Type": "Inner",
                "Startup Cost": 49643.69,
                "Total Cost": 2452567.69,
                "Plan Rows": 6783410,
                "Plan Width": 0,
                "Actual Startup Time": 370.531,
                "Actual Total Time": 21595.201,
                "Actual Rows": 11421113,
                "Actual Loops": 2,
                "Inner Unique": false,
                "Hash Cond": "(t.id = mc.movie_id)",
                "Plans": [
                  {
                    "Node Type": "Merge Join",
                    "Parent Relationship": "Outer",
                    "Parallel Aware": false,
                    "Join Type": "Inner",
                    "Startup Cost": 42.96,
                    "Total Cost": 2261875.19,
                    "Plan Rows": 16190298,
                    "Plan Width": 8,
                    "Actual Startup Time": 0.139,
                    "Actual Total Time": 19133.75,
                    "Actual Rows": 13811365,
                    "Actual Loops": 2,
                    "Inner Unique": true,
                    "Merge Cond": "(ci.movie_id = t.id)",
                    "Plans": [
                      {
                        "Node Type": "Index Only Scan",
                        "Parent Relationship": "Outer",
                        "Parallel Aware": true,
                        "Scan Direction": "Forward",
                        "Index Name": "movie_id_cast_info",
                        "Relation Name": "cast_info",
                        "Alias": "ci",
                        "Startup Cost": 0.56,
                        "Total Cost": 1925345.15,
                        "Plan Rows": 21310595,
                        "Plan Width": 4,
                        "Actual Startup Time": 0.062,
                        "Actual Total Time": 15464.764,
                        "Actual Rows": 18122172,
                        "Actual Loops": 2,
                        "Heap Fetches": 36244344
                      },
                      {
                        "Node Type": "Index Scan",
                        "Parent Relationship": "Inner",
                        "Parallel Aware": false,
                        "Scan Direction": "Forward",
                        "Index Name": "title_pkey",
                        "Relation Name": "title",
                        "Alias": "t",
                        "Startup Cost": 0.43,
                        "Total Cost": 116660.7,
                        "Plan Rows": 1920820,
                        "Plan Width": 4,
                        "Actual Startup Time": 0.039,
                        "Actual Total Time": 1888.414,
                        "Actual Rows": 1921866,
                        "Actual Loops": 2,
                        "Filter": "(production_year < 2010)",
                        "Rows Removed by Filter": 604220
                      }
                    ]
                  },
                  {
                    "Node Type": "Hash",
                    "Parent Relationship": "Inner",
                    "Parallel Aware": true,
                    "Startup Cost": 41811.73,
                    "Total Cost": 41811.73,
                    "Plan Rows": 623120,
                    "Plan Width": 4,
                    "Actual Startup Time": 352.834,
                    "Actual Total Time": 352.835,
                    "Actual Rows": 597274,
                    "Actual Loops": 2,
                    "Hash Buckets": 2097152,
                    "Original Hash Buckets": 2097152,
                    "Hash Batches": 1,
                    "Original Hash Batches": 1,
                    "Peak Memory Usage": 63168,
                    "Plans": [
                      {
                        "Node Type": "Seq Scan",
                        "Parent Relationship": "Outer",
                        "Parallel Aware": true,
                        "Relation Name": "movie_companies",
                        "Alias": "mc",
                        "Startup Cost": 0.0,
                        "Total Cost": 41811.73,
                        "Plan Rows": 623120,
                        "Plan Width": 4,
                        "Actual Startup Time": 70.033,
                        "Actual Total Time": 169.173,
                        "Actual Rows": 597274,
                        "Actual Loops": 2,
                        "Filter": "((company_id > 475) AND (company_type_id = 2))",
                        "Rows Removed by Filter": 707290
                      }
                    ]
                  }
                ]
              }
            ]
          }
        ]
      }
    ]
  },
  "Planning Time": 0.953,
  "Triggers": [],
  "Execution Time": 22183.353
}