[
  {
    "Plan": {
      "Node Type": "Aggregate",
      "Strategy": "Plain",
      "Partial Mode": "Simple",
      "Parallel Aware": false,
      "Startup Cost": 7489.54,
      "Total Cost": 7489.55,
      "Plan Rows": 1,
      "Plan Width": 64,
      "Actual Startup Time": 231.528,
      "Actual Total Time": 231.536,
      "Actual Rows": 1,
      "Actual Loops": 1,
      "Plans": [
        {
          "Node Type": "Nested Loop",
          "Parent Relationship": "Outer",
          "Parallel Aware": false,
          "Join Type": "Inner",
          "Startup Cost": 12.09,
          "Total Cost": 7489.54,
          "Plan Rows": 1,
          "Plan Width": 22,
          "Actual Startup Time": 13.712,
          "Actual Total Time": 231.322,
          "Actual Rows": 932,
          "Actual Loops": 1,
          "Inner Unique": false,
          "Join Filter": "(mi.info_type_id = it1.id)",
          "Rows Removed by Join Filter": 1163,
          "Plans": [
            {
              "Node Type": "Seq Scan",
              "Parent Relationship": "Outer",
              "Parallel Aware": false,
              "Relation Name": "info_type",
              "Alias": "it1",
              "Startup Cost": 0.0,
              "Total Cost": 2.41,
              "Plan Rows": 1,
              "Plan Width": 4,
              "Actual Startup Time": 0.014,
              "Actual Total Time": 0.02,
              "Actual Rows": 1,
              "Actual Loops": 1,
              "Filter": "((info)::text = 'countries'::text)",
              "Rows Removed by Filter": 112
            },
            {
              "Node Type": "Nested Loop",
              "Parent Relationship": "Inner",
              "Parallel Aware": false,
              "Join Type": "Inner",
              "Startup Cost": 12.09,
              "Total Cost": 7487.1,
              "Plan Rows": 2,
              "Plan Width": 26,
              "Actual Startup Time": 12.887,
              "Actual Total Time": 231.06,
              "Actual Rows": 2095,
              "Actual Loops": 1,
              "Inner Unique": false,
              "Join Filter": "(t.id = mi.movie_id)",
              "Rows Removed by Join Filter": 0,
              "Plans": [
                {
                  "Node Type": "Nested Loop",
                  "Parent Relationship": "Outer",
                  "Parallel Aware": false,
                  "Join Type": "Inner",
                  "Startup Cost": 11.65,
                  "Total Cost": 7485.19,
                  "Plan Rows": 1,
                  "Plan Width": 34,
                  "Actual Startup Time": 6.993,
                  "Actual Total Time": 123.041,
                  "Actual Rows": 1427,
                  "Actual Loops": 1,
                  "Inner Unique": false,
                  "Join Filter": "(mi_idx.info_type_id = it2.id)",
                  "Rows Removed by Join Filter": 3002,
                  "Plans": [
                    {
                      "Node Type": "Seq Scan",
                      "Parent Relationship": "Outer",
                      "Parallel Aware": false,
                      "Relation Name": "info_type",
                      "Alias": "it2",
                      "Startup Cost": 0.0,
                      "Total Cost": 2.41,
                      "Plan Rows": 1,
                      "Plan Width": 4,
                      "Actual Startup Time": 0.022,
                      "Actual Total Time": 0.024,
                      "Actual Rows": 1,
                      "Actual Loops": 1,
                      "Filter": "((info)::text = 'rating'::text)",
                      "Rows Removed by Filter": 112
                    },
                    {
                      "Node Type": "Nested Loop",
                      "Parent Relationship": "Inner",
                      "Parallel Aware": false,
                      "Join Type": "Inner",
                      "Startup Cost": 11.65,
                      "Total Cost": 7482.24,
                      "Plan Rows": 43,
                      "Plan Width": 38,
                      "Actual Startup Time": 6.967,
                      "Actual Total Time": 122.601,
                      "Actual Rows": 4429,
                      "Actual Loops": 1,
                      "Inner Unique": false,
                      "Join Filter": "(t.id = mi_idx.movie_id)",
                      "Rows Removed by Join Filter": 0,
                      "Plans": [
                        {
                          "Node Type": "Nested Loop",
                          "Parent Relationship": "Outer",
                          "Parallel Aware": false,
                          "Join Type": "Inner",
                          "Startup Cost": 11.23,
                          "Total Cost": 7474.18,
                          "Plan Rows": 15,
                          "Plan Width": 25,
                          "Actual Startup Time": 6.893,
                          "Actual Total Time": 105.181,
                          "Actual Rows": 2180,
                          "Actual Loops": 1,
                          "Inner Unique": true,
                          "Join Filter": "(t.kind_id = kt.id)",
                          "Rows Removed by Join Filter": 1440,
                          "Plans": [
                            {
                              "Node Type": "Nested Loop",
                              "Parent Relationship": "Outer",
                              "Parallel Aware": false,
                              "Join Type": "Inner",
                              "Startup Cost": 11.23,
                              "Total Cost": 7471.55,
                              "Plan Rows": 54,
                              "Plan Width": 29,
                              "Actual Startup Time": 1.283,
                              "Actual Total Time": 104.18,
                              "Actual Rows": 2823,
                              "Actual Loops": 1,
                              "Inner Unique": true,
                              "Plans": [
                                {
                                  "Node Type": "Nested Loop",
                                  "Parent Relationship": "Outer",
                                  "Parallel Aware": false,
                                  "Join Type": "Inner",
                                  "Startup Cost": 10.8,
                                  "Total Cost": 7405.43,
                                  "Plan Rows": 135,
                                  "Plan Width": 4,
                                  "Actual Startup Time": 1.147,
                                  "Actual Total Time": 47.259,
                                  "Actual Rows": 11560,
                                  "Actual Loops": 1,
                                  "Inner Unique": false,
                                  "Plans": [
                                    {
                                      "Node Type": "Seq Scan",
                                      "Parent Relationship": "Outer",
                                      "Parallel Aware": false,
                                      "Relation Name": "keyword",
                                      "Alias": "k",
                                      "Startup Cost": 0.0,
                                      "Total Cost": 2961.55,
                                      "Plan Rows": 4,
                                      "Plan Width": 4,
                                      "Actual Startup Time": 0.137,
                                      "Actual Total Time": 14.907,
                                      "Actual Rows": 3,
                                      "Actual Loops": 1,
                                      "Filter": "((keyword IS NOT NULL) AND (keyword = ANY ('{based-on-comic,based-on-comic,violence,playing-footsie}'::text[])))",
                                      "Rows Removed by Filter": 134167
                                    },
                                    {
                                      "Node Type": "Bitmap Heap Scan",
                                      "Parent Relationship": "Inner",
                                      "Parallel Aware": false,
                                      "Relation Name": "movie_keyword",
                                      "Alias": "mk",
                                      "Startup Cost": 10.8,
                                      "Total Cost": 1107.92,
                                      "Plan Rows": 305,
                                      "Plan Width": 8,
                                      "Actual Startup Time": 1.162,
                                      "Actual Total Time": 10.275,
                                      "Actual Rows": 3853,
                                      "Actual Loops": 3,
                                      "Recheck Cond": "(keyword_id = k.id)",
                                      "Rows Removed by Index Recheck": 0,
                                      "Exact Heap Blocks": 8903,
                                      "Lossy Heap Blocks": 0,
                                      "Plans": [
                                        {
                                          "Node Type": "Bitmap Index Scan",
                                          "Parent Relationship": "Outer",
                                          "Parallel Aware": false,
                                          "Index Name": "keyword_id_movie_keyword",
                                          "Startup Cost": 0.0,
                                          "Total Cost": 10.72,
                                          "Plan Rows": 305,
                                          "Plan Width": 0,
                                          "Actual Startup Time": 0.772,
                                          "Actual Total Time": 0.772,
                                          "Actual Rows": 3853,
                                          "Actual Loops": 3,
                                          "Index Cond": "(keyword_id = k.id)"
                                        }
                                      ]
                                    }
                                  ]
                                },
                                {
                                  "Node Type": "Index Scan",
                                  "Parent Relationship": "Inner",
                                  "Parallel Aware": false,
                                  "Scan Direction": "Forward",
                                  "Index Name": "title_pkey",
                                  "Relation Name": "title",
                                  "Alias": "t",
                                  "Startup Cost": 0.43,
                                  "Total Cost": 0.49,
                                  "Plan Rows": 1,
                                  "Plan Width": 25,
                                  "Actual Startup Time": 0.005,
                                  "Actual Total Time": 0.005,
                                  "Actual Rows": 0,
                                  "Actual Loops": 11560,
                                  "Index Cond": "(id = mk.movie_id)",
                                  "Rows Removed by Index Recheck": 0,
                                  "Filter": "(production_year > 2005)",
                                  "Rows Removed by Filter": 1
                                }
                              ]
                            },
                            {
                              "Node Type": "Materialize",
                              "Parent Relationship": "Inner",
                              "Parallel Aware": false,
                              "Startup Cost": 0.0,
                              "Total Cost": 1.1,
                              "Plan Rows": 2,
                              "Plan Width": 4,
                              "Actual Startup Time": 0.0,
                              "Actual Total Time": 0.0,
                              "Actual Rows": 1,
                              "Actual Loops": 2823,
                              "Plans": [
                                {
                                  "Node Type": "Seq Scan",
                                  "Parent Relationship": "Outer",
                                  "Parallel Aware": false,
                                  "Relation Name": "kind_type",
                                  "Alias": "kt",
                                  "Startup Cost": 0.0,
                                  "Total Cost": 1.09,
                                  "Plan Rows": 2,
                                  "Plan Width": 4,
                                  "Actual Startup Time": 0.009,
                                  "Actual Total Time": 0.011,
                                  "Actual Rows": 2,
                                  "Actual Loops": 1,
                                  "Filter": "((kind)::text = ANY ('{movie,episode}'::text[]))",
                                  "Rows Removed by Filter": 5
                                }
                              ]
                            }
                          ]
                        },
                        {
                          "Node Type": "Index Scan",
                          "Parent Relationship": "Inner",
                          "Parallel Aware": false,
                          "Scan Direction": "Forward",
                          "Index Name": "movie_id_movie_info_idx",
                          "Relation Name": "movie_info_idx",
                          "Alias": "mi_idx",
                          "Startup Cost": 0.43,
                          "Total Cost": 0.5,
                          "Plan Rows": 3,
                          "Plan Width": 13,
                          "Actual Startup Time": 0.007,
                          "Actual Total Time": 0.007,
                          "Actual Rows": 2,
                          "Actual Loops": 2180,
                          "Index Cond": "(movie_id = mk.movie_id)",
                          "Rows Removed by Index Recheck": 0,
                          "Filter": "(info < '7.6'::text)",
                          "Rows Removed by Filter": 0
                        }
                      ]
                    }
                  ]
                },
                {
                  "Node Type": "Index Scan",
                  "Parent Relationship": "Inner",
                  "Parallel Aware": false,
                  "Scan Direction": "Forward",
                  "Index Name": "movie_id_movie_info",
                  "Relation Name": "movie_info",
                  "Alias": "mi",
                  "Startup Cost": 0.43,
                  "Total Cost": 1.86,
                  "Plan Rows": 4,
                  "Plan Width": 8,
                  "Actual Startup Time": 0.025,
                  "Actual Total Time": 0.075,
                  "Actual Rows": 1,
                  "Actual Loops": 1427,
                  "Index Cond": "(movie_id = mk.movie_id)",
                  "Rows Removed by Index Recheck": 0,
                  "Filter": "(info = ANY ('{Germany,Denmark,Sweden,America,Norwegian,German,Bulgaria,Denish,English,USA}'::text[]))",
                  "Rows Removed by Filter": 76
                }
              ]
            }
          ]
        }
      ]
    },
    "Planning Time": 16.062,
    "Triggers": [],
    "Execution Time": 231.988
  }
]