[
  {
    "Plan": {
      "Node Type": "Aggregate",
      "Strategy": "Plain",
      "Partial Mode": "Finalize",
      "Parallel Aware": false,
      "Startup Cost": 63554.41,
      "Total Cost": 63554.42,
      "Plan Rows": 1,
      "Plan Width": 8,
      "Actual Startup Time": 292.329,
      "Actual Total Time": 309.742,
      "Actual Rows": 1,
      "Actual Loops": 1,
      "Plans": [
        {
          "Node Type": "Gather",
          "Parent Relationship": "Outer",
          "Parallel Aware": false,
          "Startup Cost": 63554.19,
          "Total Cost": 63554.4,
          "Plan Rows": 2,
          "Plan Width": 8,
          "Actual Startup Time": 290.431,
          "Actual Total Time": 309.732,
          "Actual Rows": 3,
          "Actual Loops": 1,
          "Workers Planned": 2,
          "Workers Launched": 2,
          "Single Copy": false,
          "Plans": [
            {
              "Node Type": "Aggregate",
              "Strategy": "Plain",
              "Partial Mode": "Partial",
              "Parent Relationship": "Outer",
              "Parallel Aware": false,
              "Startup Cost": 62554.19,
              "Total Cost": 62554.2,
              "Plan Rows": 1,
              "Plan Width": 8,
              "Actual Startup Time": 282.9,
              "Actual Total Time": 282.907,
              "Actual Rows": 1,
              "Actual Loops": 3,
              "Plans": [
                {
                  "Node Type": "Hash Join",
                  "Parent Relationship": "Outer",
                  "Parallel Aware": true,
                  "Join Type": "Inner",
                  "Startup Cost": 46851.97,
                  "Total Cost": 62471.91,
                  "Plan Rows": 32915,
                  "Plan Width": 0,
                  "Actual Startup Time": 188.133,
                  "Actual Total Time": 281.005,
                  "Actual Rows": 34969,
                  "Actual Loops": 3,
                  "Inner Unique": true,
                  "Hash Cond": "(mi_idx.movie_id = t.id)",
                  "Plans": [
                    {
                      "Node Type": "Seq Scan",
                      "Parent Relationship": "Outer",
                      "Parallel Aware": true,
                      "Relation Name": "movie_info_idx",
                      "Alias": "mi_idx",
                      "Startup Cost": 0.0,
                      "Total Cost": 15122.68,
                      "Plan Rows": 189429,
                      "Plan Width": 4,
                      "Actual Startup Time": 0.028,
                      "Actual Total Time": 47.541,
                      "Actual Rows": 153308,
                      "Actual Loops": 3,
                      "Filter": "(info_type_id < 100)",
                      "Rows Removed by Filter": 306703
                    },
                    {
                      "Node Type": "Hash",
                      "Parent Relationship": "Inner",
                      "Parallel Aware": true,
                      "Startup Cost": 45479.1,
                      "Total Cost": 45479.1,
                      "Plan Rows": 109830,
                      "Plan Width": 4,
                      "Actual Startup Time": 183.812,
                      "Actual Total Time": 183.813,
                      "Actual Rows": 122749,
                      "Actual Loops": 3,
                      "Hash Buckets": 524288,
                      "Original Hash Buckets": 524288,
                      "Hash Batches": 1,
                      "Original Hash Batches": 1,
                      "Peak Memory Usage": 18560,
                      "Plans": [
                        {
                          "Node Type": "Seq Scan",
                          "Parent Relationship": "Outer",
                          "Parallel Aware": true,
                          "Relation Name": "title",
                          "Alias": "t",
                          "Startup Cost": 0.0,
                          "Total Cost": 45479.1,
                          "Plan Rows": 109830,
                          "Plan Width": 4,
                          "Actual Startup Time": 0.049,
                          "Actual Total Time": 137.53,
                          "Actual Rows": 122749,
                          "Actual Loops": 3,
                          "Filter": "((kind_id < 7) AND (production_year > 2004))",
                          "Rows Removed by Filter": 720022
                        }
                      ]
                    }
                  ]
                }
              ]
            }
          ]
        }
      ]
    },
    "Planning Time": 0.628,
    "Triggers": [],
    "Execution Time": 309.812
  }
]