{
    "Plan": {
        "Node Type": "Aggregate",
        "Strategy": "Plain",
        "Partial Mode": "Finalize",
        "Parallel Aware": false,
        "Startup Cost": 246858.37,
        "Total Cost": 246858.38,
        "Plan Rows": 1,
        "Plan Width": 8,
        "Actual Startup Time": 500.483,
        "Actual Total Time": 543.838,
        "Actual Rows": 1,
        "Actual Loops": 1,
        "Output": [
            "count(*)"
        ],
        "Plans": [
            {
                "Node Type": "Gather",
                "Parent Relationship": "Outer",
                "Parallel Aware": false,
                "Startup Cost": 246857.85,
                "Total Cost": 246858.36,
                "Plan Rows": 5,
                "Plan Width": 8,
                "Actual Startup Time": 498.405,
                "Actual Total Time": 543.82,
                "Actual Rows": 6,
                "Actual Loops": 1,
                "Output": [
                    "(PARTIAL count(*))"
                ],
                "Workers Planned": 5,
                "Workers Launched": 5,
                "Single Copy": false,
                "Plans": [
                    {
                        "Node Type": "Aggregate",
                        "Strategy": "Plain",
                        "Partial Mode": "Partial",
                        "Parent Relationship": "Outer",
                        "Parallel Aware": false,
                        "Startup Cost": 245857.85,
                        "Total Cost": 245857.86,
                        "Plan Rows": 1,
                        "Plan Width": 8,
                        "Actual Startup Time": 487.893,
                        "Actual Total Time": 487.959,
                        "Actual Rows": 1,
                        "Actual Loops": 6,
                        "Output": [
                            "PARTIAL count(*)"
                        ],
                        "Workers": [
                            {
                                "Worker Number": 0,
                                "Actual Startup Time": 485.539,
                                "Actual Total Time": 485.544,
                                "Actual Rows": 1,
                                "Actual Loops": 1
                            },
                            {
                                "Worker Number": 1,
                                "Actual Startup Time": 485.89,
                                "Actual Total Time": 485.893,
                                "Actual Rows": 1,
                                "Actual Loops": 1
                            },
                            {
                                "Worker Number": 2,
                                "Actual Startup Time": 486.496,
                                "Actual Total Time": 486.499,
                                "Actual Rows": 1,
                                "Actual Loops": 1
                            },
                            {
                                "Worker Number": 3,
                                "Actual Startup Time": 486.056,
                                "Actual Total Time": 486.06,
                                "Actual Rows": 1,
                                "Actual Loops": 1
                            },
                            {
                                "Worker Number": 4,
                                "Actual Startup Time": 486.023,
                                "Actual Total Time": 486.026,
                                "Actual Rows": 1,
                                "Actual Loops": 1
                            }
                        ],
                        "Plans": [
                            {
                                "Node Type": "Hash Join",
                                "Parent Relationship": "Outer",
                                "Parallel Aware": true,
                                "Join Type": "Inner",
                                "Startup Cost": 46153.47,
                                "Total Cost": 245795.94,
                                "Plan Rows": 24764,
                                "Plan Width": 0,
                                "Actual Startup Time": 189.952,
                                "Actual Total Time": 482.574,
                                "Actual Rows": 127006,
                                "Actual Loops": 6,
                                "Inner Unique": true,
                                "Hash Cond": "(mi.movie_id = t.id)",
                                "Workers": [
                                    {
                                        "Worker Number": 0,
                                        "Actual Startup Time": 187.682,
                                        "Actual Total Time": 480.125,
                                        "Actual Rows": 127983,
                                        "Actual Loops": 1
                                    },
                                    {
                                        "Worker Number": 1,
                                        "Actual Startup Time": 188.025,
                                        "Actual Total Time": 480.427,
                                        "Actual Rows": 129036,
                                        "Actual Loops": 1
                                    },
                                    {
                                        "Worker Number": 2,
                                        "Actual Startup Time": 188.16,
                                        "Actual Total Time": 481.036,
                                        "Actual Rows": 129283,
                                        "Actual Loops": 1
                                    },
                                    {
                                        "Worker Number": 3,
                                        "Actual Startup Time": 188.197,
                                        "Actual Total Time": 480.615,
                                        "Actual Rows": 128906,
                                        "Actual Loops": 1
                                    },
                                    {
                                        "Worker Number": 4,
                                        "Actual Startup Time": 188.134,
                                        "Actual Total Time": 480.611,
                                        "Actual Rows": 128006,
                                        "Actual Loops": 1
                                    }
                                ],
                                "Plans": [
                                    {
                                        "Node Type": "Seq Scan",
                                        "Parent Relationship": "Outer",
                                        "Parallel Aware": true,
                                        "Relation Name": "movie_info",
                                        "Schema": "public",
                                        "Alias": "mi",
                                        "Startup Cost": 0.0,
                                        "Total Cost": 198880.74,
                                        "Plan Rows": 290184,
                                        "Plan Width": 4,
                                        "Actual Startup Time": 52.741,
                                        "Actual Total Time": 319.417,
                                        "Actual Rows": 233650,
                                        "Actual Loops": 6,
                                        "Output": [
                                            "mi.id",
                                            "mi.movie_id",
                                            "mi.info_type_id",
                                            "mi.info",
                                            "mi.note"
                                        ],
                                        "Filter": "(mi.info_type_id = 7)",
                                        "Rows Removed by Filter": 2238970,
                                        "Workers": [
                                            {
                                                "Worker Number": 0,
                                                "Actual Startup Time": 52.738,
                                                "Actual Total Time": 320.217,
                                                "Actual Rows": 236411,
                                                "Actual Loops": 1
                                            },
                                            {
                                                "Worker Number": 1,
                                                "Actual Startup Time": 52.73,
                                                "Actual Total Time": 320.243,
                                                "Actual Rows": 237496,
                                                "Actual Loops": 1
                                            },
                                            {
                                                "Worker Number": 2,
                                                "Actual Startup Time": 52.738,
                                                "Actual Total Time": 320.381,
                                                "Actual Rows": 237246,
                                                "Actual Loops": 1
                                            },
                                            {
                                                "Worker Number": 3,
                                                "Actual Startup Time": 52.717,
                                                "Actual Total Time": 320.335,
                                                "Actual Rows": 236956,
                                                "Actual Loops": 1
                                            },
                                            {
                                                "Worker Number": 4,
                                                "Actual Startup Time": 52.761,
                                                "Actual Total Time": 320.163,
                                                "Actual Rows": 233750,
                                                "Actual Loops": 1
                                            }
                                        ]
                                    },
                                    {
                                        "Node Type": "Hash",
                                        "Parent Relationship": "Inner",
                                        "Parallel Aware": true,
                                        "Startup Cost": 45479.21,
                                        "Total Cost": 45479.21,
                                        "Plan Rows": 53941,
                                        "Plan Width": 4,
                                        "Actual Startup Time": 116.649,
                                        "Actual Total Time": 116.65,
                                        "Actual Rows": 56938,
                                        "Actual Loops": 6,
                                        "Output": [
                                            "t.id"
                                        ],
                                        "Hash Buckets": 524288,
                                        "Original Hash Buckets": 262144,
                                        "Hash Batches": 1,
                                        "Original Hash Batches": 1,
                                        "Peak Memory Usage": 19584,
                                        "Workers": [
                                            {
                                                "Worker Number": 0,
                                                "Actual Startup Time": 115.896,
                                                "Actual Total Time": 115.898,
                                                "Actual Rows": 57675,
                                                "Actual Loops": 1
                                            },
                                            {
                                                "Worker Number": 1,
                                                "Actual Startup Time": 116.247,
                                                "Actual Total Time": 116.248,
                                                "Actual Rows": 57101,
                                                "Actual Loops": 1
                                            },
                                            {
                                                "Worker Number": 2,
                                                "Actual Startup Time": 116.375,
                                                "Actual Total Time": 116.377,
                                                "Actual Rows": 57839,
                                                "Actual Loops": 1
                                            },
                                            {
                                                "Worker Number": 3,
                                                "Actual Startup Time": 116.388,
                                                "Actual Total Time": 116.389,
                                                "Actual Rows": 58043,
                                                "Actual Loops": 1
                                            },
                                            {
                                                "Worker Number": 4,
                                                "Actual Startup Time": 116.389,
                                                "Actual Total Time": 116.39,
                                                "Actual Rows": 55687,
                                                "Actual Loops": 1
                                            }
                                        ],
                                        "Plans": [
                                            {
                                                "Node Type": "Seq Scan",
                                                "Parent Relationship": "Outer",
                                                "Parallel Aware": true,
                                                "Relation Name": "title",
                                                "Schema": "public",
                                                "Alias": "t",
                                                "Startup Cost": 0.0,
                                                "Total Cost": 45479.21,
                                                "Plan Rows": 53941,
                                                "Plan Width": 4,
                                                "Actual Startup Time": 53.521,
                                                "Actual Total Time": 88.265,
                                                "Actual Rows": 56938,
                                                "Actual Loops": 6,
                                                "Output": [
                                                    "t.id"
                                                ],
                                                "Filter": "((t.production_year < 1995) AND (t.kind_id = 1))",
                                                "Rows Removed by Filter": 364448,
                                                "Workers": [
                                                    {
                                                        "Worker Number": 0,
                                                        "Actual Startup Time": 52.641,
                                                        "Actual Total Time": 88.518,
                                                        "Actual Rows": 57675,
                                                        "Actual Loops": 1
                                                    },
                                                    {
                                                        "Worker Number": 1,
                                                        "Actual Startup Time": 52.926,
                                                        "Actual Total Time": 88.6,
                                                        "Actual Rows": 57101,
                                                        "Actual Loops": 1
                                                    },
                                                    {
                                                        "Worker Number": 2,
                                                        "Actual Startup Time": 53.776,
                                                        "Actual Total Time": 88.788,
                                                        "Actual Rows": 57839,
                                                        "Actual Loops": 1
                                                    },
                                                    {
                                                        "Worker Number": 3,
                                                        "Actual Startup Time": 53.293,
                                                        "Actual Total Time": 88.753,
                                                        "Actual Rows": 58043,
                                                        "Actual Loops": 1
                                                    },
                                                    {
                                                        "Worker Number": 4,
                                                        "Actual Startup Time": 53.07,
                                                        "Actual Total Time": 88.438,
                                                        "Actual Rows": 55687,
                                                        "Actual Loops": 1
                                                    }
                                                ]
                                            }
                                        ]
                                    }
                                ]
                            }
                        ]
                    }
                ]
            }
        ]
    },
    "Planning Time": 0.924,
    "Triggers": [],
    "Execution Time": 543.95
}