[
  {
    "Plan": {
      "Node Type": "Aggregate",
      "Strategy": "Plain",
      "Partial Mode": "Finalize",
      "Parallel Aware": false,
      "Startup Cost": 335601.1,
      "Total Cost": 335601.11,
      "Plan Rows": 1,
      "Plan Width": 8,
      "Actual Startup Time": 799.594,
      "Actual Total Time": 858.096,
      "Actual Rows": 1,
      "Actual Loops": 1,
      "Plans": [
        {
          "Node Type": "Gather",
          "Parent Relationship": "Outer",
          "Parallel Aware": false,
          "Startup Cost": 335600.47,
          "Total Cost": 335601.08,
          "Plan Rows": 6,
          "Plan Width": 8,
          "Actual Startup Time": 799.288,
          "Actual Total Time": 858.084,
          "Actual Rows": 7,
          "Actual Loops": 1,
          "Workers Planned": 6,
          "Workers Launched": 6,
          "Single Copy": false,
          "Plans": [
            {
              "Node Type": "Aggregate",
              "Strategy": "Plain",
              "Partial Mode": "Partial",
              "Parent Relationship": "Outer",
              "Parallel Aware": false,
              "Startup Cost": 334600.47,
              "Total Cost": 334600.48,
              "Plan Rows": 1,
              "Plan Width": 8,
              "Actual Startup Time": 789.016,
              "Actual Total Time": 789.017,
              "Actual Rows": 1,
              "Actual Loops": 7,
              "Plans": [
                {
                  "Node Type": "Seq Scan",
                  "Parent Relationship": "Outer",
                  "Parallel Aware": true,
                  "Relation Name": "cast_info",
                  "Alias": "ci",
                  "Startup Cost": 0.0,
                  "Total Cost": 328211.39,
                  "Plan Rows": 2555632,
                  "Plan Width": 0,
                  "Actual Startup Time": 0.053,
                  "Actual Total Time": 665.889,
                  "Actual Rows": 2210050,
                  "Actual Loops": 7,
                  "Filter": "(person_id < 1525230)",
                  "Rows Removed by Filter": 2967713
                }
              ]
            }
          ]
        }
      ]
    },
    "Planning Time": 0.211,
    "Triggers": [],
    "Execution Time": 858.178
  }
]