[
  {
    "Plan": {
      "Node Type": "Aggregate",
      "Strategy": "Plain",
      "Partial Mode": "Finalize",
      "Parallel Aware": false,
      "Startup Cost": 335625.0,
      "Total Cost": 335625.01,
      "Plan Rows": 1,
      "Plan Width": 8,
      "Actual Startup Time": 703.94,
      "Actual Total Time": 763.773,
      "Actual Rows": 1,
      "Actual Loops": 1,
      "Plans": [
        {
          "Node Type": "Gather",
          "Parent Relationship": "Outer",
          "Parallel Aware": false,
          "Startup Cost": 335624.37,
          "Total Cost": 335624.98,
          "Plan Rows": 6,
          "Plan Width": 8,
          "Actual Startup Time": 703.796,
          "Actual Total Time": 763.762,
          "Actual Rows": 7,
          "Actual Loops": 1,
          "Workers Planned": 6,
          "Workers Launched": 6,
          "Single Copy": false,
          "Plans": [
            {
              "Node Type": "Aggregate",
              "Strategy": "Plain",
              "Partial Mode": "Partial",
              "Parent Relationship": "Outer",
              "Parallel Aware": false,
              "Startup Cost": 334624.37,
              "Total Cost": 334624.38,
              "Plan Rows": 1,
              "Plan Width": 8,
              "Actual Startup Time": 694.234,
              "Actual Total Time": 694.236,
              "Actual Rows": 1,
              "Actual Loops": 7,
              "Plans": [
                {
                  "Node Type": "Seq Scan",
                  "Parent Relationship": "Outer",
                  "Parallel Aware": true,
                  "Relation Name": "cast_info",
                  "Alias": "ci",
                  "Startup Cost": 0.0,
                  "Total Cost": 328162.03,
                  "Plan Rows": 2584939,
                  "Plan Width": 0,
                  "Actual Startup Time": 0.05,
                  "Actual Total Time": 592.179,
                  "Actual Rows": 2210050,
                  "Actual Loops": 7,
                  "Filter": "(person_id < 1525230)",
                  "Rows Removed by Filter": 2967713
                }
              ]
            }
          ]
        }
      ]
    },
    "Planning Time": 0.196,
    "Triggers": [],
    "Execution Time": 763.846
  }
]