[
  {
    "Plan": {
      "Node Type": "Aggregate",
      "Strategy": "Plain",
      "Partial Mode": "Finalize",
      "Parallel Aware": false,
      "Startup Cost": 428230.62,
      "Total Cost": 428230.63,
      "Plan Rows": 1,
      "Plan Width": 8,
      "Actual Startup Time": 1625.773,
      "Actual Total Time": 1688.434,
      "Actual Rows": 1,
      "Actual Loops": 1,
      "Plans": [
        {
          "Node Type": "Gather",
          "Parent Relationship": "Outer",
          "Parallel Aware": false,
          "Startup Cost": 428230.0,
          "Total Cost": 428230.61,
          "Plan Rows": 6,
          "Plan Width": 8,
          "Actual Startup Time": 1612.192,
          "Actual Total Time": 1688.422,
          "Actual Rows": 7,
          "Actual Loops": 1,
          "Workers Planned": 6,
          "Workers Launched": 6,
          "Single Copy": false,
          "Plans": [
            {
              "Node Type": "Aggregate",
              "Strategy": "Plain",
              "Partial Mode": "Partial",
              "Parent Relationship": "Outer",
              "Parallel Aware": false,
              "Startup Cost": 427230.0,
              "Total Cost": 427230.01,
              "Plan Rows": 1,
              "Plan Width": 8,
              "Actual Startup Time": 1599.757,
              "Actual Total Time": 1599.84,
              "Actual Rows": 1,
              "Actual Loops": 7,
              "Plans": [
                {
                  "Node Type": "Hash Join",
                  "Parent Relationship": "Outer",
                  "Parallel Aware": true,
                  "Join Type": "Inner",
                  "Startup Cost": 80922.3,
                  "Total Cost": 424534.89,
                  "Plan Rows": 1078044,
                  "Plan Width": 0,
                  "Actual Startup Time": 303.457,
                  "Actual Total Time": 1550.975,
                  "Actual Rows": 1058444,
                  "Actual Loops": 7,
                  "Inner Unique": false,
                  "Hash Cond": "(ci.movie_id = t.id)",
                  "Plans": [
                    {
                      "Node Type": "Seq Scan",
                      "Parent Relationship": "Outer",
                      "Parallel Aware": true,
                      "Relation Name": "cast_info",
                      "Alias": "ci",
                      "Startup Cost": 0.0,
                      "Total Cost": 328162.03,
                      "Plan Rows": 3192800,
                      "Plan Width": 4,
                      "Actual Startup Time": 0.045,
                      "Actual Total Time": 610.192,
                      "Actual Rows": 2750122,
                      "Actual Loops": 7,
                      "Filter": "(person_id < 1923700)",
                      "Rows Removed by Filter": 2427642
                    },
                    {
                      "Node Type": "Hash",
                      "Parent Relationship": "Inner",
                      "Parallel Aware": true,
                      "Startup Cost": 77480.06,
                      "Total Cost": 77480.06,
                      "Plan Rows": 275379,
                      "Plan Width": 8,
                      "Actual Startup Time": 299.77,
                      "Actual Total Time": 299.851,
                      "Actual Rows": 90490,
                      "Actual Loops": 7,
                      "Hash Buckets": 1048576,
                      "Original Hash Buckets": 1048576,
                      "Hash Batches": 1,
                      "Original Hash Batches": 1,
                      "Peak Memory Usage": 33056,
                      "Plans": [
                        {
                          "Node Type": "Hash Join",
                          "Parent Relationship": "Outer",
                          "Parallel Aware": true,
                          "Join Type": "Inner",
                          "Startup Cost": 48064.17,
                          "Total Cost": 77480.06,
                          "Plan Rows": 275379,
                          "Plan Width": 8,
                          "Actual Startup Time": 136.299,
                          "Actual Total Time": 261.857,
                          "Actual Rows": 90490,
                          "Actual Loops": 7,
                          "Inner Unique": true,
                          "Hash Cond": "(mc.movie_id = t.id)",
                          "Plans": [
                            {
                              "Node Type": "Seq Scan",
                              "Parent Relationship": "Outer",
                              "Parallel Aware": true,
                              "Relation Name": "movie_companies",
                              "Alias": "mc",
                              "Startup Cost": 0.0,
                              "Total Cost": 27206.55,
                              "Plan Rows": 841655,
                              "Plan Width": 4,
                              "Actual Startup Time": 0.024,
                              "Actual Total Time": 40.263,
                              "Actual Rows": 372733,
                              "Actual Loops": 7
                            },
                            {
                              "Node Type": "Hash",
                              "Parent Relationship": "Inner",
                              "Parallel Aware": true,
                              "Startup Cost": 45479.1,
                              "Total Cost": 45479.1,
                              "Plan Rows": 206806,
                              "Plan Width": 4,
                              "Actual Startup Time": 134.522,
                              "Actual Total Time": 134.523,
                              "Actual Rows": 106046,
                              "Actual Loops": 7,
                              "Hash Buckets": 1048576,
                              "Original Hash Buckets": 1048576,
                              "Hash Batches": 1,
                              "Original Hash Batches": 1,
                              "Peak Memory Usage": 37344,
                              "Plans": [
                                {
                                  "Node Type": "Seq Scan",
                                  "Parent Relationship": "Outer",
                                  "Parallel Aware": true,
                                  "Relation Name": "title",
                                  "Alias": "t",
                                  "Startup Cost": 0.0,
                                  "Total Cost": 45479.1,
                                  "Plan Rows": 206806,
                                  "Plan Width": 4,
                                  "Actual Startup Time": 0.042,
                                  "Actual Total Time": 78.549,
                                  "Actual Rows": 106046,
                                  "Actual Loops": 7,
                                  "Filter": "((kind_id > 1) AND (production_year < 2002))",
                                  "Rows Removed by Filter": 255142
                                }
                              ]
                            }
                          ]
                        }
                      ]
                    }
                  ]
                }
              ]
            }
          ]
        }
      ]
    },
    "Planning Time": 1.456,
    "Triggers": [],
    "Execution Time": 1688.532
  }
]