[
  {
    "Plan": {
      "Node Type": "Aggregate",
      "Strategy": "Plain",
      "Partial Mode": "Finalize",
      "Parallel Aware": false,
      "Startup Cost": 30855.01,
      "Total Cost": 30855.02,
      "Plan Rows": 1,
      "Plan Width": 8,
      "Actual Startup Time": 83.362,
      "Actual Total Time": 90.857,
      "Actual Rows": 1,
      "Actual Loops": 1,
      "Plans": [
        {
          "Node Type": "Gather",
          "Parent Relationship": "Outer",
          "Parallel Aware": false,
          "Startup Cost": 30854.69,
          "Total Cost": 30855.0,
          "Plan Rows": 3,
          "Plan Width": 8,
          "Actual Startup Time": 83.252,
          "Actual Total Time": 90.85,
          "Actual Rows": 4,
          "Actual Loops": 1,
          "Workers Planned": 3,
          "Workers Launched": 3,
          "Single Copy": false,
          "Plans": [
            {
              "Node Type": "Aggregate",
              "Strategy": "Plain",
              "Partial Mode": "Partial",
              "Parent Relationship": "Outer",
              "Parallel Aware": false,
              "Startup Cost": 29854.69,
              "Total Cost": 29854.7,
              "Plan Rows": 1,
              "Plan Width": 8,
              "Actual Startup Time": 79.162,
              "Actual Total Time": 79.163,
              "Actual Rows": 1,
              "Actual Loops": 4,
              "Plans": [
                {
                  "Node Type": "Seq Scan",
                  "Parent Relationship": "Outer",
                  "Parallel Aware": true,
                  "Relation Name": "movie_companies",
                  "Alias": "mc",
                  "Startup Cost": 0.0,
                  "Total Cost": 29310.68,
                  "Plan Rows": 217603,
                  "Plan Width": 0,
                  "Actual Startup Time": 25.501,
                  "Actual Total Time": 71.143,
                  "Actual Rows": 167175,
                  "Actual Loops": 4,
                  "Filter": "(company_id > 50785)",
                  "Rows Removed by Filter": 485108
                }
              ]
            }
          ]
        }
      ]
    },
    "Planning Time": 0.195,
    "Triggers": [],
    "Execution Time": 90.941
  }
]