[
  {
    "Plan": {
      "Node Type": "Aggregate",
      "Strategy": "Plain",
      "Partial Mode": "Finalize",
      "Parallel Aware": false,
      "Startup Cost": 30380.72,
      "Total Cost": 30380.73,
      "Plan Rows": 1,
      "Plan Width": 8,
      "Actual Startup Time": 98.689,
      "Actual Total Time": 105.91,
      "Actual Rows": 1,
      "Actual Loops": 1,
      "Plans": [
        {
          "Node Type": "Gather",
          "Parent Relationship": "Outer",
          "Parallel Aware": false,
          "Startup Cost": 30380.41,
          "Total Cost": 30380.72,
          "Plan Rows": 3,
          "Plan Width": 8,
          "Actual Startup Time": 98.467,
          "Actual Total Time": 105.901,
          "Actual Rows": 4,
          "Actual Loops": 1,
          "Workers Planned": 3,
          "Workers Launched": 3,
          "Single Copy": false,
          "Plans": [
            {
              "Node Type": "Aggregate",
              "Strategy": "Plain",
              "Partial Mode": "Partial",
              "Parent Relationship": "Outer",
              "Parallel Aware": false,
              "Startup Cost": 29380.41,
              "Total Cost": 29380.42,
              "Plan Rows": 1,
              "Plan Width": 8,
              "Actual Startup Time": 89.772,
              "Actual Total Time": 89.773,
              "Actual Rows": 1,
              "Actual Loops": 4,
              "Plans": [
                {
                  "Node Type": "Bitmap Heap Scan",
                  "Parent Relationship": "Outer",
                  "Parallel Aware": true,
                  "Relation Name": "movie_companies",
                  "Alias": "mc",
                  "Startup Cost": 8519.55,
                  "Total Cost": 29223.39,
                  "Plan Rows": 62808,
                  "Plan Width": 0,
                  "Actual Startup Time": 31.855,
                  "Actual Total Time": 84.438,
                  "Actual Rows": 74605,
                  "Actual Loops": 4,
                  "Recheck Cond": "(company_id < 236)",
                  "Rows Removed by Index Recheck": 0,
                  "Filter": "(company_type_id < 2)",
                  "Rows Removed by Filter": 23211,
                  "Exact Heap Blocks": 8618,
                  "Lossy Heap Blocks": 0,
                  "Plans": [
                    {
                      "Node Type": "Bitmap Index Scan",
                      "Parent Relationship": "Outer",
                      "Parallel Aware": false,
                      "Index Name": "company_id_movie_companies",
                      "Startup Cost": 0.0,
                      "Total Cost": 8470.88,
                      "Plan Rows": 395526,
                      "Plan Width": 0,
                      "Actual Startup Time": 36.08,
                      "Actual Total Time": 36.08,
                      "Actual Rows": 391263,
                      "Actual Loops": 1,
                      "Index Cond": "(company_id < 236)"
                    }
                  ]
                }
              ]
            }
          ]
        }
      ]
    },
    "Planning Time": 0.194,
    "Triggers": [],
    "Execution Time": 105.983
  }
]