[
  {
    "Plan": {
      "Node Type": "Aggregate",
      "Strategy": "Plain",
      "Partial Mode": "Finalize",
      "Parallel Aware": false,
      "Startup Cost": 30881.26,
      "Total Cost": 30881.27,
      "Plan Rows": 1,
      "Plan Width": 8,
      "Actual Startup Time": 94.852,
      "Actual Total Time": 103.449,
      "Actual Rows": 1,
      "Actual Loops": 1,
      "Plans": [
        {
          "Node Type": "Gather",
          "Parent Relationship": "Outer",
          "Parallel Aware": false,
          "Startup Cost": 30880.94,
          "Total Cost": 30881.25,
          "Plan Rows": 3,
          "Plan Width": 8,
          "Actual Startup Time": 94.728,
          "Actual Total Time": 103.442,
          "Actual Rows": 4,
          "Actual Loops": 1,
          "Workers Planned": 3,
          "Workers Launched": 3,
          "Single Copy": false,
          "Plans": [
            {
              "Node Type": "Aggregate",
              "Strategy": "Plain",
              "Partial Mode": "Partial",
              "Parent Relationship": "Outer",
              "Parallel Aware": false,
              "Startup Cost": 29880.94,
              "Total Cost": 29880.95,
              "Plan Rows": 1,
              "Plan Width": 8,
              "Actual Startup Time": 89.463,
              "Actual Total Time": 89.464,
              "Actual Rows": 1,
              "Actual Loops": 4,
              "Plans": [
                {
                  "Node Type": "Seq Scan",
                  "Parent Relationship": "Outer",
                  "Parallel Aware": true,
                  "Relation Name": "movie_companies",
                  "Alias": "mc",
                  "Startup Cost": 0.0,
                  "Total Cost": 29310.68,
                  "Plan Rows": 228105,
                  "Plan Width": 0,
                  "Actual Startup Time": 27.305,
                  "Actual Total Time": 80.522,
                  "Actual Rows": 175182,
                  "Actual Loops": 4,
                  "Filter": "(company_id > 45443)",
                  "Rows Removed by Filter": 477100
                }
              ]
            }
          ]
        }
      ]
    },
    "Planning Time": 0.167,
    "Triggers": [],
    "Execution Time": 103.496
  }
]