[
  {
    "Plan": {
      "Node Type": "Aggregate",
      "Strategy": "Plain",
      "Partial Mode": "Simple",
      "Parallel Aware": false,
      "Startup Cost": 20591.59,
      "Total Cost": 20591.6,
      "Plan Rows": 1,
      "Plan Width": 8,
      "Actual Startup Time": 7.418,
      "Actual Total Time": 7.419,
      "Actual Rows": 1,
      "Actual Loops": 1,
      "Plans": [
        {
          "Node Type": "Bitmap Heap Scan",
          "Parent Relationship": "Outer",
          "Parallel Aware": false,
          "Relation Name": "movie_companies",
          "Alias": "mc",
          "Startup Cost": 690.86,
          "Total Cost": 20512.1,
          "Plan Rows": 31798,
          "Plan Width": 0,
          "Actual Startup Time": 1.144,
          "Actual Total Time": 5.927,
          "Actual Rows": 31157,
          "Actual Loops": 1,
          "Recheck Cond": "(company_id > 206745)",
          "Rows Removed by Index Recheck": 0,
          "Exact Heap Blocks": 1264,
          "Lossy Heap Blocks": 0,
          "Plans": [
            {
              "Node Type": "Bitmap Index Scan",
              "Parent Relationship": "Outer",
              "Parallel Aware": false,
              "Index Name": "company_id_movie_companies",
              "Startup Cost": 0.0,
              "Total Cost": 682.91,
              "Plan Rows": 31798,
              "Plan Width": 0,
              "Actual Startup Time": 1.024,
              "Actual Total Time": 1.025,
              "Actual Rows": 31157,
              "Actual Loops": 1,
              "Index Cond": "(company_id > 206745)"
            }
          ]
        }
      ]
    },
    "Planning Time": 0.115,
    "Triggers": [],
    "Execution Time": 7.442
  }
]