[
  {
    "Plan": {
      "Node Type": "Aggregate",
      "Strategy": "Plain",
      "Partial Mode": "Simple",
      "Parallel Aware": false,
      "Startup Cost": 20491.06,
      "Total Cost": 20491.07,
      "Plan Rows": 1,
      "Plan Width": 8,
      "Actual Startup Time": 19.521,
      "Actual Total Time": 19.522,
      "Actual Rows": 1,
      "Actual Loops": 1,
      "Plans": [
        {
          "Node Type": "Bitmap Heap Scan",
          "Parent Relationship": "Outer",
          "Parallel Aware": false,
          "Relation Name": "movie_companies",
          "Alias": "mc",
          "Startup Cost": 727.9,
          "Total Cost": 20407.36,
          "Plan Rows": 33480,
          "Plan Width": 0,
          "Actual Startup Time": 2.98,
          "Actual Total Time": 15.722,
          "Actual Rows": 31157,
          "Actual Loops": 1,
          "Recheck Cond": "(company_id > 206745)",
          "Rows Removed by Index Recheck": 0,
          "Exact Heap Blocks": 1264,
          "Lossy Heap Blocks": 0,
          "Plans": [
            {
              "Node Type": "Bitmap Index Scan",
              "Parent Relationship": "Outer",
              "Parallel Aware": false,
              "Index Name": "company_id_movie_companies",
              "Startup Cost": 0.0,
              "Total Cost": 719.53,
              "Plan Rows": 33480,
              "Plan Width": 0,
              "Actual Startup Time": 2.647,
              "Actual Total Time": 2.647,
              "Actual Rows": 31157,
              "Actual Loops": 1,
              "Index Cond": "(company_id > 206745)"
            }
          ]
        }
      ]
    },
    "Planning Time": 0.165,
    "Triggers": [],
    "Execution Time": 19.566
  }
]