[
    {
        "Bao": {
            "Bao prediction": 452.831,
            "Bao recommended hint": "SET enable_mergejoin TO off; SET enable_indexscan TO off; "
        }
    },
    {
        "Plan": {
            "Node Type": "Aggregate",
            "Strategy": "Plain",
            "Partial Mode": "Finalize",
            "Parallel Aware": false,
            "Startup Cost": 345519.68,
            "Total Cost": 345519.7,
            "Plan Rows": 1,
            "Plan Width": 8,
            "Actual Startup Time": 699.975,
            "Actual Total Time": 729.744,
            "Actual Rows": 1,
            "Actual Loops": 1,
            "Output": [
                "count(*)"
            ],
            "Plans": [
                {
                    "Node Type": "Gather",
                    "Parent Relationship": "Outer",
                    "Parallel Aware": false,
                    "Startup Cost": 345519.06,
                    "Total Cost": 345519.67,
                    "Plan Rows": 6,
                    "Plan Width": 8,
                    "Actual Startup Time": 699.883,
                    "Actual Total Time": 729.736,
                    "Actual Rows": 7,
                    "Actual Loops": 1,
                    "Output": [
                        "(PARTIAL count(*))"
                    ],
                    "Workers Planned": 6,
                    "Workers Launched": 6,
                    "Single Copy": false,
                    "Plans": [
                        {
                            "Node Type": "Aggregate",
                            "Strategy": "Plain",
                            "Partial Mode": "Partial",
                            "Parent Relationship": "Outer",
                            "Parallel Aware": false,
                            "Startup Cost": 344519.06,
                            "Total Cost": 344519.07,
                            "Plan Rows": 1,
                            "Plan Width": 8,
                            "Actual Startup Time": 690.404,
                            "Actual Total Time": 690.405,
                            "Actual Rows": 1,
                            "Actual Loops": 7,
                            "Output": [
                                "PARTIAL count(*)"
                            ],
                            "Workers": [
                                {
                                    "Worker Number": 0,
                                    "Actual Startup Time": 688.562,
                                    "Actual Total Time": 688.563,
                                    "Actual Rows": 1,
                                    "Actual Loops": 1
                                },
                                {
                                    "Worker Number": 1,
                                    "Actual Startup Time": 688.732,
                                    "Actual Total Time": 688.734,
                                    "Actual Rows": 1,
                                    "Actual Loops": 1
                                },
                                {
                                    "Worker Number": 2,
                                    "Actual Startup Time": 688.874,
                                    "Actual Total Time": 688.875,
                                    "Actual Rows": 1,
                                    "Actual Loops": 1
                                },
                                {
                                    "Worker Number": 3,
                                    "Actual Startup Time": 689.225,
                                    "Actual Total Time": 689.226,
                                    "Actual Rows": 1,
                                    "Actual Loops": 1
                                },
                                {
                                    "Worker Number": 4,
                                    "Actual Startup Time": 689.161,
                                    "Actual Total Time": 689.163,
                                    "Actual Rows": 1,
                                    "Actual Loops": 1
                                },
                                {
                                    "Worker Number": 5,
                                    "Actual Startup Time": 689.232,
                                    "Actual Total Time": 689.233,
                                    "Actual Rows": 1,
                                    "Actual Loops": 1
                                }
                            ],
                            "Plans": [
                                {
                                    "Node Type": "Seq Scan",
                                    "Parent Relationship": "Outer",
                                    "Parallel Aware": true,
                                    "Relation Name": "cast_info",
                                    "Schema": "public",
                                    "Alias": "ci",
                                    "Startup Cost": 0.0,
                                    "Total Cost": 343318.94,
                                    "Plan Rows": 480048,
                                    "Plan Width": 0,
                                    "Actual Startup Time": 570.047,
                                    "Actual Total Time": 681.944,
                                    "Actual Rows": 144363,
                                    "Actual Loops": 7,
                                    "Output": [
                                        "id",
                                        "person_id",
                                        "movie_id",
                                        "person_role_id",
                                        "note",
                                        "nr_order",
                                        "role_id"
                                    ],
                                    "Filter": "((ci.person_id < 1819005) AND (ci.role_id > 8))",
                                    "Rows Removed by Filter": 5033401,
                                    "Workers": [
                                        {
                                            "Worker Number": 0,
                                            "Actual Startup Time": 568.182,
                                            "Actual Total Time": 680.295,
                                            "Actual Rows": 114988,
                                            "Actual Loops": 1
                                        },
                                        {
                                            "Worker Number": 1,
                                            "Actual Startup Time": 568.379,
                                            "Actual Total Time": 680.586,
                                            "Actual Rows": 115153,
                                            "Actual Loops": 1
                                        },
                                        {
                                            "Worker Number": 2,
                                            "Actual Startup Time": 568.537,
                                            "Actual Total Time": 680.671,
                                            "Actual Rows": 116486,
                                            "Actual Loops": 1
                                        },
                                        {
                                            "Worker Number": 3,
                                            "Actual Startup Time": 568.903,
                                            "Actual Total Time": 680.959,
                                            "Actual Rows": 116779,
                                            "Actual Loops": 1
                                        },
                                        {
                                            "Worker Number": 4,
                                            "Actual Startup Time": 568.776,
                                            "Actual Total Time": 681.025,
                                            "Actual Rows": 114961,
                                            "Actual Loops": 1
                                        },
                                        {
                                            "Worker Number": 5,
                                            "Actual Startup Time": 568.885,
                                            "Actual Total Time": 680.665,
                                            "Actual Rows": 180058,
                                            "Actual Loops": 1
                                        }
                                    ]
                                }
                            ]
                        }
                    ]
                }
            ]
        },
        "Planning Time": 988.578,
        "Triggers": [],
        "Execution Time": 729.839
    }
]