[
    {
        "Bao": {
            "Bao prediction": 492.374,
            "Bao recommended hint": "SET enable_nestloop TO off; "
        }
    },
    {
        "Plan": {
            "Node Type": "Aggregate",
            "Strategy": "Plain",
            "Partial Mode": "Finalize",
            "Parallel Aware": false,
            "Startup Cost": 87999.36,
            "Total Cost": 87999.37,
            "Plan Rows": 1,
            "Plan Width": 8,
            "Actual Startup Time": 310.212,
            "Actual Total Time": 321.742,
            "Actual Rows": 1,
            "Actual Loops": 1,
            "Output": [
                "count(*)"
            ],
            "Plans": [
                {
                    "Node Type": "Gather",
                    "Parent Relationship": "Outer",
                    "Parallel Aware": false,
                    "Startup Cost": 87999.04,
                    "Total Cost": 87999.35,
                    "Plan Rows": 3,
                    "Plan Width": 8,
                    "Actual Startup Time": 309.665,
                    "Actual Total Time": 321.731,
                    "Actual Rows": 4,
                    "Actual Loops": 1,
                    "Output": [
                        "(PARTIAL count(*))"
                    ],
                    "Workers Planned": 3,
                    "Workers Launched": 3,
                    "Single Copy": false,
                    "Plans": [
                        {
                            "Node Type": "Aggregate",
                            "Strategy": "Plain",
                            "Partial Mode": "Partial",
                            "Parent Relationship": "Outer",
                            "Parallel Aware": false,
                            "Startup Cost": 86999.04,
                            "Total Cost": 86999.05,
                            "Plan Rows": 1,
                            "Plan Width": 8,
                            "Actual Startup Time": 301.062,
                            "Actual Total Time": 301.068,
                            "Actual Rows": 1,
                            "Actual Loops": 4,
                            "Output": [
                                "PARTIAL count(*)"
                            ],
                            "Workers": [
                                {
                                    "Worker Number": 0,
                                    "Actual Startup Time": 298.261,
                                    "Actual Total Time": 298.265,
                                    "Actual Rows": 1,
                                    "Actual Loops": 1
                                },
                                {
                                    "Worker Number": 1,
                                    "Actual Startup Time": 298.497,
                                    "Actual Total Time": 298.502,
                                    "Actual Rows": 1,
                                    "Actual Loops": 1
                                },
                                {
                                    "Worker Number": 2,
                                    "Actual Startup Time": 298.585,
                                    "Actual Total Time": 298.59,
                                    "Actual Rows": 1,
                                    "Actual Loops": 1
                                }
                            ],
                            "Plans": [
                                {
                                    "Node Type": "Hash Join",
                                    "Parent Relationship": "Outer",
                                    "Parallel Aware": true,
                                    "Join Type": "Inner",
                                    "Startup Cost": 56636.21,
                                    "Total Cost": 86999.0,
                                    "Plan Rows": 15,
                                    "Plan Width": 0,
                                    "Actual Startup Time": 166.485,
                                    "Actual Total Time": 301.052,
                                    "Actual Rows": 38,
                                    "Actual Loops": 4,
                                    "Inner Unique": false,
                                    "Hash Cond": "(mc.movie_id = t.id)",
                                    "Workers": [
                                        {
                                            "Worker Number": 0,
                                            "Actual Startup Time": 162.272,
                                            "Actual Total Time": 298.249,
                                            "Actual Rows": 32,
                                            "Actual Loops": 1
                                        },
                                        {
                                            "Worker Number": 1,
                                            "Actual Startup Time": 163.142,
                                            "Actual Total Time": 298.484,
                                            "Actual Rows": 44,
                                            "Actual Loops": 1
                                        },
                                        {
                                            "Worker Number": 2,
                                            "Actual Startup Time": 164.974,
                                            "Actual Total Time": 298.576,
                                            "Actual Rows": 27,
                                            "Actual Loops": 1
                                        }
                                    ],
                                    "Plans": [
                                        {
                                            "Node Type": "Seq Scan",
                                            "Parent Relationship": "Outer",
                                            "Parallel Aware": true,
                                            "Relation Name": "movie_companies",
                                            "Schema": "public",
                                            "Alias": "mc",
                                            "Startup Cost": 0.0,
                                            "Total Cost": 27206.55,
                                            "Plan Rows": 841655,
                                            "Plan Width": 4,
                                            "Actual Startup Time": 0.025,
                                            "Actual Total Time": 73.123,
                                            "Actual Rows": 652282,
                                            "Actual Loops": 4,
                                            "Output": [
                                                "mc.id",
                                                "mc.movie_id",
                                                "mc.company_id",
                                                "mc.company_type_id",
                                                "mc.note"
                                            ],
                                            "Workers": [
                                                {
                                                    "Worker Number": 0,
                                                    "Actual Startup Time": 0.028,
                                                    "Actual Total Time": 74.559,
                                                    "Actual Rows": 631156,
                                                    "Actual Loops": 1
                                                },
                                                {
                                                    "Worker Number": 1,
                                                    "Actual Startup Time": 0.033,
                                                    "Actual Total Time": 74.564,
                                                    "Actual Rows": 632093,
                                                    "Actual Loops": 1
                                                },
                                                {
                                                    "Worker Number": 2,
                                                    "Actual Startup Time": 0.032,
                                                    "Actual Total Time": 74.411,
                                                    "Actual Rows": 631601,
                                                    "Actual Loops": 1
                                                }
                                            ]
                                        },
                                        {
                                            "Node Type": "Hash",
                                            "Parent Relationship": "Inner",
                                            "Parallel Aware": true,
                                            "Startup Cost": 56636.07,
                                            "Total Cost": 56636.07,
                                            "Plan Rows": 11,
                                            "Plan Width": 8,
                                            "Actual Startup Time": 163.49,
                                            "Actual Total Time": 163.494,
                                            "Actual Rows": 17,
                                            "Actual Loops": 4,
                                            "Output": [
                                                "t.id",
                                                "mk.movie_id"
                                            ],
                                            "Hash Buckets": 1024,
                                            "Original Hash Buckets": 1024,
                                            "Hash Batches": 1,
                                            "Original Hash Batches": 1,
                                            "Peak Memory Usage": 136,
                                            "Workers": [
                                                {
                                                    "Worker Number": 0,
                                                    "Actual Startup Time": 161.377,
                                                    "Actual Total Time": 161.379,
                                                    "Actual Rows": 9,
                                                    "Actual Loops": 1
                                                },
                                                {
                                                    "Worker Number": 1,
                                                    "Actual Startup Time": 161.6,
                                                    "Actual Total Time": 161.604,
                                                    "Actual Rows": 14,
                                                    "Actual Loops": 1
                                                },
                                                {
                                                    "Worker Number": 2,
                                                    "Actual Startup Time": 161.715,
                                                    "Actual Total Time": 161.718,
                                                    "Actual Rows": 13,
                                                    "Actual Loops": 1
                                                }
                                            ],
                                            "Plans": [
                                                {
                                                    "Node Type": "Merge Join",
                                                    "Parent Relationship": "Outer",
                                                    "Parallel Aware": false,
                                                    "Join Type": "Inner",
                                                    "Startup Cost": 56060.64,
                                                    "Total Cost": 56636.07,
                                                    "Plan Rows": 11,
                                                    "Plan Width": 8,
                                                    "Actual Startup Time": 147.743,
                                                    "Actual Total Time": 161.768,
                                                    "Actual Rows": 17,
                                                    "Actual Loops": 4,
                                                    "Output": [
                                                        "t.id",
                                                        "mk.movie_id"
                                                    ],
                                                    "Inner Unique": false,
                                                    "Merge Cond": "(t.id = mk.movie_id)",
                                                    "Workers": [
                                                        {
                                                            "Worker Number": 0,
                                                            "Actual Startup Time": 145.861,
                                                            "Actual Total Time": 156.436,
                                                            "Actual Rows": 9,
                                                            "Actual Loops": 1
                                                        },
                                                        {
                                                            "Worker Number": 1,
                                                            "Actual Startup Time": 147.425,
                                                            "Actual Total Time": 160.517,
                                                            "Actual Rows": 14,
                                                            "Actual Loops": 1
                                                        },
                                                        {
                                                            "Worker Number": 2,
                                                            "Actual Startup Time": 148.923,
                                                            "Actual Total Time": 160.905,
                                                            "Actual Rows": 13,
                                                            "Actual Loops": 1
                                                        }
                                                    ],
                                                    "Plans": [
                                                        {
                                                            "Node Type": "Sort",
                                                            "Parent Relationship": "Outer",
                                                            "Parallel Aware": false,
                                                            "Startup Cost": 55142.13,
                                                            "Total Cost": 55429.53,
                                                            "Plan Rows": 114961,
                                                            "Plan Width": 4,
                                                            "Actual Startup Time": 136.176,
                                                            "Actual Total Time": 143.989,
                                                            "Actual Rows": 86053,
                                                            "Actual Loops": 4,
                                                            "Output": [
                                                                "t.id"
                                                            ],
                                                            "Sort Key": [
                                                                "t.id"
                                                            ],
                                                            "Sort Method": "quicksort",
                                                            "Sort Space Used": 12348,
                                                            "Sort Space Type": "Memory",
                                                            "Workers": [
                                                                {
                                                                    "Worker Number": 0,
                                                                    "Actual Startup Time": 131.863,
                                                                    "Actual Total Time": 137.286,
                                                                    "Actual Rows": 62232,
                                                                    "Actual Loops": 1
                                                                },
                                                                {
                                                                    "Worker Number": 1,
                                                                    "Actual Startup Time": 134.24,
                                                                    "Actual Total Time": 140.712,
                                                                    "Actual Rows": 74277,
                                                                    "Actual Loops": 1
                                                                },
                                                                {
                                                                    "Worker Number": 2,
                                                                    "Actual Startup Time": 134.464,
                                                                    "Actual Total Time": 141.115,
                                                                    "Actual Rows": 75367,
                                                                    "Actual Loops": 1
                                                                }
                                                            ],
                                                            "Plans": [
                                                                {
                                                                    "Node Type": "Seq Scan",
                                                                    "Parent Relationship": "Outer",
                                                                    "Parallel Aware": true,
                                                                    "Relation Name": "title",
                                                                    "Schema": "public",
                                                                    "Alias": "t",
                                                                    "Startup Cost": 0.0,
                                                                    "Total Cost": 45479.21,
                                                                    "Plan Rows": 114961,
                                                                    "Plan Width": 4,
                                                                    "Actual Startup Time": 0.041,
                                                                    "Actual Total Time": 106.908,
                                                                    "Actual Rows": 86053,
                                                                    "Actual Loops": 4,
                                                                    "Output": [
                                                                        "t.id"
                                                                    ],
                                                                    "Filter": "((t.production_year < 1993) AND (t.kind_id = 7))",
                                                                    "Rows Removed by Filter": 546025,
                                                                    "Workers": [
                                                                        {
                                                                            "Worker Number": 0,
                                                                            "Actual Startup Time": 0.046,
                                                                            "Actual Total Time": 106.793,
                                                                            "Actual Rows": 62232,
                                                                            "Actual Loops": 1
                                                                        },
                                                                        {
                                                                            "Worker Number": 1,
                                                                            "Actual Startup Time": 0.049,
                                                                            "Actual Total Time": 106.489,
                                                                            "Actual Rows": 74277,
                                                                            "Actual Loops": 1
                                                                        },
                                                                        {
                                                                            "Worker Number": 2,
                                                                            "Actual Startup Time": 0.045,
                                                                            "Actual Total Time": 106.56,
                                                                            "Actual Rows": 75368,
                                                                            "Actual Loops": 1
                                                                        }
                                                                    ]
                                                                }
                                                            ]
                                                        },
                                                        {
                                                            "Node Type": "Sort",
                                                            "Parent Relationship": "Inner",
                                                            "Parallel Aware": false,
                                                            "Startup Cost": 918.38,
                                                            "Total Cost": 918.99,
                                                            "Plan Rows": 244,
                                                            "Plan Width": 4,
                                                            "Actual Startup Time": 10.826,
                                                            "Actual Total Time": 10.914,
                                                            "Actual Rows": 1528,
                                                            "Actual Loops": 4,
                                                            "Output": [
                                                                "mk.movie_id"
                                                            ],
                                                            "Sort Key": [
                                                                "mk.movie_id"
                                                            ],
                                                            "Sort Method": "quicksort",
                                                            "Sort Space Used": 224,
                                                            "Sort Space Type": "Memory",
                                                            "Workers": [
                                                                {
                                                                    "Worker Number": 0,
                                                                    "Actual Startup Time": 13.664,
                                                                    "Actual Total Time": 13.688,
                                                                    "Actual Rows": 342,
                                                                    "Actual Loops": 1
                                                                },
                                                                {
                                                                    "Worker Number": 1,
                                                                    "Actual Startup Time": 12.891,
                                                                    "Actual Total Time": 13.046,
                                                                    "Actual Rows": 2714,
                                                                    "Actual Loops": 1
                                                                },
                                                                {
                                                                    "Worker Number": 2,
                                                                    "Actual Startup Time": 12.792,
                                                                    "Actual Total Time": 12.946,
                                                                    "Actual Rows": 2714,
                                                                    "Actual Loops": 1
                                                                }
                                                            ],
                                                            "Plans": [
                                                                {
                                                                    "Node Type": "Bitmap Heap Scan",
                                                                    "Parent Relationship": "Outer",
                                                                    "Parallel Aware": false,
                                                                    "Relation Name": "movie_keyword",
                                                                    "Schema": "public",
                                                                    "Alias": "mk",
                                                                    "Startup Cost": 6.32,
                                                                    "Total Cost": 908.7,
                                                                    "Plan Rows": 244,
                                                                    "Plan Width": 4,
                                                                    "Actual Startup Time": 0.902,
                                                                    "Actual Total Time": 9.873,
                                                                    "Actual Rows": 2714,
                                                                    "Actual Loops": 4,
                                                                    "Output": [
                                                                        "mk.movie_id"
                                                                    ],
                                                                    "Recheck Cond": "(mk.keyword_id = 1806)",
                                                                    "Rows Removed by Index Recheck": 0,
                                                                    "Exact Heap Blocks": 2379,
                                                                    "Lossy Heap Blocks": 0,
                                                                    "Workers": [
                                                                        {
                                                                            "Worker Number": 0,
                                                                            "Actual Startup Time": 1.049,
                                                                            "Actual Total Time": 12.489,
                                                                            "Actual Rows": 2714,
                                                                            "Actual Loops": 1
                                                                        },
                                                                        {
                                                                            "Worker Number": 1,
                                                                            "Actual Startup Time": 1.039,
                                                                            "Actual Total Time": 11.745,
                                                                            "Actual Rows": 2714,
                                                                            "Actual Loops": 1
                                                                        },
                                                                        {
                                                                            "Worker Number": 2,
                                                                            "Actual Startup Time": 1.029,
                                                                            "Actual Total Time": 11.648,
                                                                            "Actual Rows": 2714,
                                                                            "Actual Loops": 1
                                                                        }
                                                                    ],
                                                                    "Plans": [
                                                                        {
                                                                            "Node Type": "Bitmap Index Scan",
                                                                            "Parent Relationship": "Outer",
                                                                            "Parallel Aware": false,
                                                                            "Index Name": "keyword_id_movie_keyword",
                                                                            "Startup Cost": 0.0,
                                                                            "Total Cost": 6.26,
                                                                            "Plan Rows": 244,
                                                                            "Plan Width": 0,
                                                                            "Actual Startup Time": 0.548,
                                                                            "Actual Total Time": 0.548,
                                                                            "Actual Rows": 2714,
                                                                            "Actual Loops": 4,
                                                                            "Index Cond": "(mk.keyword_id = 1806)",
                                                                            "Workers": [
                                                                                {
                                                                                    "Worker Number": 0,
                                                                                    "Actual Startup Time": 0.665,
                                                                                    "Actual Total Time": 0.665,
                                                                                    "Actual Rows": 2714,
                                                                                    "Actual Loops": 1
                                                                                },
                                                                                {
                                                                                    "Worker Number": 1,
                                                                                    "Actual Startup Time": 0.644,
                                                                                    "Actual Total Time": 0.644,
                                                                                    "Actual Rows": 2714,
                                                                                    "Actual Loops": 1
                                                                                },
                                                                                {
                                                                                    "Worker Number": 2,
                                                                                    "Actual Startup Time": 0.631,
                                                                                    "Actual Total Time": 0.632,
                                                                                    "Actual Rows": 2714,
                                                                                    "Actual Loops": 1
                                                                                }
                                                                            ]
                                                                        }
                                                                    ]
                                                                }
                                                            ]
                                                        }
                                                    ]
                                                }
                                            ]
                                        }
                                    ]
                                }
                            ]
                        }
                    ]
                }
            ]
        },
        "Planning Time": 791.016,
        "Triggers": [],
        "Execution Time": 321.909
    }
]