{
  "Plan": {
    "Node Type": "Aggregate",
    "Strategy": "Plain",
    "Partial Mode": "Finalize",
    "Parallel Aware": false,
    "Startup Cost": 81728.48,
    "Total Cost": 81728.49,
    "Plan Rows": 1,
    "Plan Width": 8,
    "Actual Startup Time": 345.401,
    "Actual Total Time": 355.602,
    "Actual Rows": 1,
    "Actual Loops": 1,
    "Plans": [
      {
        "Node Type": "Gather",
        "Parent Relationship": "Outer",
        "Parallel Aware": false,
        "Startup Cost": 81728.36,
        "Total Cost": 81728.47,
        "Plan Rows": 1,
        "Plan Width": 8,
        "Actual Startup Time": 345.279,
        "Actual Total Time": 355.595,
        "Actual Rows": 2,
        "Actual Loops": 1,
        "Workers Planned": 1,
        "Workers Launched": 1,
        "Single Copy": false,
        "Plans": [
          {
            "Node Type": "Aggregate",
            "Strategy": "Plain",
            "Partial Mode": "Partial",
            "Parent Relationship": "Outer",
            "Parallel Aware": false,
            "Startup Cost": 80728.36,
            "Total Cost": 80728.37,
            "Plan Rows": 1,
            "Plan Width": 8,
            "Actual Startup Time": 339.022,
            "Actual Total Time": 339.026,
            "Actual Rows": 1,
            "Actual Loops": 2,
            "Plans": [
              {
                "Node Type": "Hash Join",
                "Parent Relationship": "Outer",
                "Parallel Aware": true,
                "Join Type": "Inner",
                "Startup Cost": 19665.45,
                "Total Cost": 80722.9,
                "Plan Rows": 2184,
                "Plan Width": 0,
                "Actual Startup Time": 21.888,
                "Actual Total Time": 338.823,
                "Actual Rows": 3921,
                "Actual Loops": 2,
                "Inner Unique": false,
                "Hash Cond": "(mk.movie_id = t.id)",
                "Plans": [
                  {
                    "Node Type": "Seq Scan",
                    "Parent Relationship": "Outer",
                    "Parallel Aware": true,
                    "Relation Name": "movie_keyword",
                    "Alias": "mk",
                    "Startup Cost": 0.0,
                    "Total Cost": 51065.35,
                    "Plan Rows": 2661135,
                    "Plan Width": 4,
                    "Actual Startup Time": 0.022,
                    "Actual Total Time": 163.387,
                    "Actual Rows": 2261965,
                    "Actual Loops": 2
                  },
                  {
                    "Node Type": "Hash",
                    "Parent Relationship": "Inner",
                    "Parallel Aware": true,
                    "Startup Cost": 19650.18,
                    "Total Cost": 19650.18,
                    "Plan Rows": 1221,
                    "Plan Width": 8,
                    "Actual Startup Time": 20.726,
                    "Actual Total Time": 20.728,
                    "Actual Rows": 994,
                    "Actual Loops": 2,
                    "Hash Buckets": 4096,
                    "Original Hash Buckets": 4096,
                    "Hash Batches": 1,
                    "Original Hash Batches": 1,
                    "Peak Memory Usage": 160,
                    "Plans": [
                      {
                        "Node Type": "Nested Loop",
                        "Parent Relationship": "Outer",
                        "Parallel Aware": false,
                        "Join Type": "Inner",
                        "Startup Cost": 92.04,
                        "Total Cost": 19650.18,
                        "Plan Rows": 1221,
                        "Plan Width": 8,
                        "Actual Startup Time": 2.993,
                        "Actual Total Time": 19.898,
                        "Actual Rows": 994,
                        "Actual Loops": 2,
                        "Inner Unique": true,
                        "Plans": [
                          {
                            "Node Type": "Bitmap Heap Scan",
                            "Parent Relationship": "Outer",
                            "Parallel Aware": true,
                            "Relation Name": "movie_companies",
                            "Alias": "mc",
                            "Startup Cost": 91.61,
                            "Total Cost": 9976.0,
                            "Plan Rows": 1221,
                            "Plan Width": 4,
                            "Actual Startup Time": 2.81,
                            "Actual Total Time": 5.793,
                            "Actual Rows": 994,
                            "Actual Loops": 2,
                            "Recheck Cond": "(company_id = 69)",
                            "Rows Removed by Index Recheck": 0,
                            "Filter": "(company_type_id > 1)",
                            "Rows Removed by Filter": 1145,
                            "Exact Heap Blocks": 1654,
                            "Lossy Heap Blocks": 0,
                            "Plans": [
                              {
                                "Node Type": "Bitmap Index Scan",
                                "Parent Relationship": "Outer",
                                "Parallel Aware": false,
                                "Index Name": "company_id_movie_companies",
                                "Startup Cost": 0.0,
                                "Total Cost": 91.09,
                                "Plan Rows": 4088,
                                "Plan Width": 0,
                                "Actual Startup Time": 1.322,
                                "Actual Total Time": 1.322,
                                "Actual Rows": 4279,
                                "Actual Loops": 1,
                                "Index Cond": "(company_id = 69)"
                              }
                            ]
                          },
                          {
                            "Node Type": "Index Only Scan",
                            "Parent Relationship": "Inner",
                            "Parallel Aware": false,
                            "Scan Direction": "Forward",
                            "Index Name": "title_pkey",
                            "Relation Name": "title",
                            "Alias": "t",
                            "Startup Cost": 0.43,
                            "Total Cost": 7.92,
                            "Plan Rows": 1,
                            "Plan Width": 4,
                            "Actual Startup Time": 0.013,
                            "Actual Total Time": 0.013,
                            "Actual Rows": 1,
                            "Actual Loops": 1989,
                            "Index Cond": "(id = mc.movie_id)",
                            "Rows Removed by Index Recheck": 0,
                            "Heap Fetches": 1989
                          }
                        ]
                      }
                    ]
                  }
                ]
              }
            ]
          }
        ]
      }
    ]
  },
  "Planning Time": 1.066,
  "Triggers": [],
  "Execution Time": 355.703
}