[
  {
    "Plan": {
      "Node Type": "Aggregate",
      "Strategy": "Plain",
      "Partial Mode": "Finalize",
      "Parallel Aware": false,
      "Startup Cost": 340859.97,
      "Total Cost": 340859.98,
      "Plan Rows": 1,
      "Plan Width": 8,
      "Actual Startup Time": 517.928,
      "Actual Total Time": 540.893,
      "Actual Rows": 1,
      "Actual Loops": 1,
      "Plans": [
        {
          "Node Type": "Gather",
          "Parent Relationship": "Outer",
          "Parallel Aware": false,
          "Startup Cost": 340859.35,
          "Total Cost": 340859.96,
          "Plan Rows": 6,
          "Plan Width": 8,
          "Actual Startup Time": 517.868,
          "Actual Total Time": 540.883,
          "Actual Rows": 7,
          "Actual Loops": 1,
          "Workers Planned": 6,
          "Workers Launched": 6,
          "Single Copy": false,
          "Plans": [
            {
              "Node Type": "Aggregate",
              "Strategy": "Plain",
              "Partial Mode": "Partial",
              "Parent Relationship": "Outer",
              "Parallel Aware": false,
              "Startup Cost": 339859.35,
              "Total Cost": 339859.36,
              "Plan Rows": 1,
              "Plan Width": 8,
              "Actual Startup Time": 507.932,
              "Actual Total Time": 507.933,
              "Actual Rows": 1,
              "Actual Loops": 7,
              "Plans": [
                {
                  "Node Type": "Index Scan",
                  "Parent Relationship": "Outer",
                  "Parallel Aware": true,
                  "Scan Direction": "Forward",
                  "Index Name": "role_id_cast_info",
                  "Relation Name": "cast_info",
                  "Alias": "ci",
                  "Startup Cost": 0.56,
                  "Total Cost": 335235.55,
                  "Plan Rows": 1849520,
                  "Plan Width": 0,
                  "Actual Startup Time": 0.134,
                  "Actual Total Time": 416.599,
                  "Actual Rows": 1810098,
                  "Actual Loops": 7,
                  "Index Cond": "(role_id = 1)",
                  "Rows Removed by Index Recheck": 0,
                  "Filter": "(person_id < 3366971)",
                  "Rows Removed by Filter": 0
                }
              ]
            }
          ]
        }
      ]
    },
    "Planning Time": 0.273,
    "Triggers": [],
    "Execution Time": 540.977
  }
]