[
  {
    "Plan": {
      "Node Type": "Aggregate",
      "Strategy": "Plain",
      "Partial Mode": "Finalize",
      "Parallel Aware": false,
      "Startup Cost": 50372.51,
      "Total Cost": 50372.52,
      "Plan Rows": 1,
      "Plan Width": 8,
      "Actual Startup Time": 90.721,
      "Actual Total Time": 99.666,
      "Actual Rows": 1,
      "Actual Loops": 1,
      "Plans": [
        {
          "Node Type": "Gather",
          "Parent Relationship": "Outer",
          "Parallel Aware": false,
          "Startup Cost": 50372.09,
          "Total Cost": 50372.5,
          "Plan Rows": 4,
          "Plan Width": 8,
          "Actual Startup Time": 90.61,
          "Actual Total Time": 99.655,
          "Actual Rows": 5,
          "Actual Loops": 1,
          "Workers Planned": 4,
          "Workers Launched": 4,
          "Single Copy": false,
          "Plans": [
            {
              "Node Type": "Aggregate",
              "Strategy": "Plain",
              "Partial Mode": "Partial",
              "Parent Relationship": "Outer",
              "Parallel Aware": false,
              "Startup Cost": 49372.09,
              "Total Cost": 49372.1,
              "Plan Rows": 1,
              "Plan Width": 8,
              "Actual Startup Time": 83.489,
              "Actual Total Time": 83.49,
              "Actual Rows": 1,
              "Actual Loops": 5,
              "Plans": [
                {
                  "Node Type": "Index Scan",
                  "Parent Relationship": "Outer",
                  "Parallel Aware": true,
                  "Scan Direction": "Forward",
                  "Index Name": "role_id_cast_info",
                  "Relation Name": "cast_info",
                  "Alias": "ci",
                  "Startup Cost": 0.56,
                  "Total Cost": 49093.36,
                  "Plan Rows": 111493,
                  "Plan Width": 0,
                  "Actual Startup Time": 0.119,
                  "Actual Total Time": 78.047,
                  "Actual Rows": 83800,
                  "Actual Loops": 5,
                  "Index Cond": "(role_id = 8)",
                  "Rows Removed by Index Recheck": 0,
                  "Filter": "(person_id < 908194)",
                  "Rows Removed by Filter": 256908
                }
              ]
            }
          ]
        }
      ]
    },
    "Planning Time": 0.244,
    "Triggers": [],
    "Execution Time": 99.729
  }
]