[
  {
    "Plan": {
      "Node Type": "Aggregate",
      "Strategy": "Plain",
      "Partial Mode": "Finalize",
      "Parallel Aware": false,
      "Startup Cost": 47174.24,
      "Total Cost": 47174.25,
      "Plan Rows": 1,
      "Plan Width": 8,
      "Actual Startup Time": 177.727,
      "Actual Total Time": 187.456,
      "Actual Rows": 1,
      "Actual Loops": 1,
      "Plans": [
        {
          "Node Type": "Gather",
          "Parent Relationship": "Outer",
          "Parallel Aware": false,
          "Startup Cost": 47173.92,
          "Total Cost": 47174.23,
          "Plan Rows": 3,
          "Plan Width": 8,
          "Actual Startup Time": 177.56,
          "Actual Total Time": 187.448,
          "Actual Rows": 4,
          "Actual Loops": 1,
          "Workers Planned": 3,
          "Workers Launched": 3,
          "Single Copy": false,
          "Plans": [
            {
              "Node Type": "Aggregate",
              "Strategy": "Plain",
              "Partial Mode": "Partial",
              "Parent Relationship": "Outer",
              "Parallel Aware": false,
              "Startup Cost": 46173.92,
              "Total Cost": 46173.93,
              "Plan Rows": 1,
              "Plan Width": 8,
              "Actual Startup Time": 171.939,
              "Actual Total Time": 171.941,
              "Actual Rows": 1,
              "Actual Loops": 4,
              "Plans": [
                {
                  "Node Type": "Seq Scan",
                  "Parent Relationship": "Outer",
                  "Parallel Aware": true,
                  "Relation Name": "movie_keyword",
                  "Alias": "mk",
                  "Startup Cost": 0.0,
                  "Total Cost": 42695.65,
                  "Plan Rows": 1391308,
                  "Plan Width": 0,
                  "Actual Startup Time": 0.047,
                  "Actual Total Time": 123.172,
                  "Actual Rows": 1078906,
                  "Actual Loops": 4,
                  "Filter": "(keyword_id > 137)",
                  "Rows Removed by Filter": 52076
                }
              ]
            }
          ]
        }
      ]
    },
    "Planning Time": 0.187,
    "Triggers": [],
    "Execution Time": 187.51
  }
]