[
  {
    "Bao": {
      "Bao prediction": 651.983,
      "Bao recommended hint": "SET enable_nestloop TO off; "
    }
  },
  {
    "Plan": {
      "Node Type": "Aggregate",
      "Strategy": "Plain",
      "Partial Mode": "Finalize",
      "Parallel Aware": false,
      "Startup Cost": 279380.86,
      "Total Cost": 279380.87,
      "Plan Rows": 1,
      "Plan Width": 32,
      "Actual Startup Time": 855.085,
      "Actual Total Time": 897.853,
      "Actual Rows": 1,
      "Actual Loops": 1,
      "Plans": [
        {
          "Node Type": "Gather",
          "Parent Relationship": "Outer",
          "Parallel Aware": false,
          "Startup Cost": 279380.54,
          "Total Cost": 279380.85,
          "Plan Rows": 3,
          "Plan Width": 32,
          "Actual Startup Time": 854.737,
          "Actual Total Time": 897.844,
          "Actual Rows": 4,
          "Actual Loops": 1,
          "Workers Planned": 3,
          "Workers Launched": 3,
          "Single Copy": false,
          "Plans": [
            {
              "Node Type": "Aggregate",
              "Strategy": "Plain",
              "Partial Mode": "Partial",
              "Parent Relationship": "Outer",
              "Parallel Aware": false,
              "Startup Cost": 278380.54,
              "Total Cost": 278380.55,
              "Plan Rows": 1,
              "Plan Width": 32,
              "Actual Startup Time": 844.194,
              "Actual Total Time": 844.204,
              "Actual Rows": 1,
              "Actual Loops": 4,
              "Plans": [
                {
                  "Node Type": "Hash Join",
                  "Parent Relationship": "Outer",
                  "Parallel Aware": true,
                  "Join Type": "Inner",
                  "Startup Cost": 245117.17,
                  "Total Cost": 278380.54,
                  "Plan Rows": 1,
                  "Plan Width": 17,
                  "Actual Startup Time": 844.187,
                  "Actual Total Time": 844.197,
                  "Actual Rows": 0,
                  "Actual Loops": 4,
                  "Inner Unique": false,
                  "Hash Cond": "(t.id = mi.movie_id)",
                  "Plans": [
                    {
                      "Node Type": "Bitmap Heap Scan",
                      "Parent Relationship": "Outer",
                      "Parallel Aware": true,
                      "Relation Name": "title",
                      "Alias": "t",
                      "Startup Cost": 427.75,
                      "Total Cost": 33663.74,
                      "Plan Rows": 7297,
                      "Plan Width": 21,
                      "Actual Startup Time": 4.244,
                      "Actual Total Time": 23.452,
                      "Actual Rows": 6127,
                      "Actual Loops": 4,
                      "Recheck Cond": "(production_year < 1910)",
                      "Rows Removed by Index Recheck": 0,
                      "Exact Heap Blocks": 2370,
                      "Lossy Heap Blocks": 0,
                      "Plans": [
                        {
                          "Node Type": "Bitmap Index Scan",
                          "Parent Relationship": "Outer",
                          "Parallel Aware": false,
                          "Index Name": "idx_title_production_year",
                          "Startup Cost": 0.0,
                          "Total Cost": 422.09,
                          "Plan Rows": 22622,
                          "Plan Width": 0,
                          "Actual Startup Time": 2.801,
                          "Actual Total Time": 2.802,
                          "Actual Rows": 24508,
                          "Actual Loops": 1,
                          "Index Cond": "(production_year < 1910)"
                        }
                      ]
                    },
                    {
                      "Node Type": "Hash",
                      "Parent Relationship": "Inner",
                      "Parallel Aware": true,
                      "Startup Cost": 244689.41,
                      "Total Cost": 244689.41,
                      "Plan Rows": 1,
                      "Plan Width": 8,
                      "Actual Startup Time": 818.978,
                      "Actual Total Time": 818.986,
                      "Actual Rows": 5,
                      "Actual Loops": 4,
                      "Hash Buckets": 1024,
                      "Original Hash Buckets": 1024,
                      "Hash Batches": 1,
                      "Original Hash Batches": 1,
                      "Peak Memory Usage": 136,
                      "Plans": [
                        {
                          "Node Type": "Hash Join",
                          "Parent Relationship": "Outer",
                          "Parallel Aware": true,
                          "Join Type": "Inner",
                          "Startup Cost": 45506.24,
                          "Total Cost": 244689.41,
                          "Plan Rows": 1,
                          "Plan Width": 8,
                          "Actual Startup Time": 346.628,
                          "Actual Total Time": 818.795,
                          "Actual Rows": 5,
                          "Actual Loops": 4,
                          "Inner Unique": false,
                          "Hash Cond": "(mi.movie_id = mk.movie_id)",
                          "Plans": [
                            {
                              "Node Type": "Seq Scan",
                              "Parent Relationship": "Outer",
                              "Parallel Aware": true,
                              "Relation Name": "movie_info",
                              "Alias": "mi",
                              "Startup Cost": 0.0,
                              "Total Cost": 199182.58,
                              "Plan Rows": 77,
                              "Plan Width": 4,
                              "Actual Startup Time": 32.334,
                              "Actual Total Time": 514.182,
                              "Actual Rows": 572,
                              "Actual Loops": 4,
                              "Filter": "(info = 'Bulgaria'::text)",
                              "Rows Removed by Filter": 3708358
                            },
                            {
                              "Node Type": "Hash",
                              "Parent Relationship": "Inner",
                              "Parallel Aware": true,
                              "Startup Cost": 45504.48,
                              "Total Cost": 45504.48,
                              "Plan Rows": 141,
                              "Plan Width": 4,
                              "Actual Startup Time": 303.986,
                              "Actual Total Time": 303.992,
                              "Actual Rows": 3238,
                              "Actual Loops": 4,
                              "Hash Buckets": 16384,
                              "Original Hash Buckets": 1024,
                              "Hash Batches": 1,
                              "Original Hash Batches": 1,
                              "Peak Memory Usage": 824,
                              "Plans": [
                                {
                                  "Node Type": "Hash Join",
                                  "Parent Relationship": "Outer",
                                  "Parallel Aware": false,
                                  "Join Type": "Inner",
                                  "Startup Cost": 2626.29,
                                  "Total Cost": 45504.48,
                                  "Plan Rows": 141,
                                  "Plan Width": 4,
                                  "Actual Startup Time": 35.208,
                                  "Actual Total Time": 260.627,
                                  "Actual Rows": 3238,
                                  "Actual Loops": 4,
                                  "Inner Unique": true,
                                  "Hash Cond": "(mk.keyword_id = k.id)",
                                  "Plans": [
                                    {
                                      "Node Type": "Seq Scan",
                                      "Parent Relationship": "Outer",
                                      "Parallel Aware": true,
                                      "Relation Name": "movie_keyword",
                                      "Alias": "mk",
                                      "Startup Cost": 0.0,
                                      "Total Cost": 39047.32,
                                      "Plan Rows": 1459332,
                                      "Plan Width": 8,
                                      "Actual Startup Time": 0.034,
                                      "Actual Total Time": 124.137,
                                      "Actual Rows": 1130982,
                                      "Actual Loops": 4
                                    },
                                    {
                                      "Node Type": "Hash",
                                      "Parent Relationship": "Inner",
                                      "Parallel Aware": false,
                                      "Startup Cost": 2626.12,
                                      "Total Cost": 2626.12,
                                      "Plan Rows": 13,
                                      "Plan Width": 4,
                                      "Actual Startup Time": 34.886,
                                      "Actual Total Time": 34.888,
                                      "Actual Rows": 30,
                                      "Actual Loops": 4,
                                      "Hash Buckets": 1024,
                                      "Original Hash Buckets": 1024,
                                      "Hash Batches": 1,
                                      "Original Hash Batches": 1,
                                      "Peak Memory Usage": 10,
                                      "Plans": [
                                        {
                                          "Node Type": "Seq Scan",
                                          "Parent Relationship": "Outer",
                                          "Parallel Aware": false,
                                          "Relation Name": "keyword",
                                          "Alias": "k",
                                          "Startup Cost": 0.0,
                                          "Total Cost": 2626.12,
                                          "Plan Rows": 13,
                                          "Plan Width": 4,
                                          "Actual Startup Time": 3.218,
                                          "Actual Total Time": 34.822,
                                          "Actual Rows": 30,
                                          "Actual Loops": 4,
                                          "Filter": "(keyword ~~ '%sequel%'::text)",
                                          "Rows Removed by Filter": 134140
                                        }
                                      ]
                                    }
                                  ]
                                }
                              ]
                            }
                          ]
                        }
                      ]
                    }
                  ]
                }
              ]
            }
          ]
        }
      ]
    },
    "Planning Time": 370.13,
    "Triggers": [],
    "Execution Time": 898.194
  }
]