{
  "Plan": {
    "Node Type": "Aggregate",
    "Strategy": "Plain",
    "Partial Mode": "Finalize",
    "Parallel Aware": false,
    "Startup Cost": 146054.4,
    "Total Cost": 146054.41,
    "Plan Rows": 1,
    "Plan Width": 8,
    "Actual Startup Time": 1123.354,
    "Actual Total Time": 1146.672,
    "Actual Rows": 1,
    "Actual Loops": 1,
    "Plans": [
      {
        "Node Type": "Gather",
        "Parent Relationship": "Outer",
        "Parallel Aware": false,
        "Startup Cost": 146054.29,
        "Total Cost": 146054.4,
        "Plan Rows": 1,
        "Plan Width": 8,
        "Actual Startup Time": 1119.012,
        "Actual Total Time": 1146.664,
        "Actual Rows": 2,
        "Actual Loops": 1,
        "Workers Planned": 1,
        "Workers Launched": 1,
        "Single Copy": false,
        "Plans": [
          {
            "Node Type": "Aggregate",
            "Strategy": "Plain",
            "Partial Mode": "Partial",
            "Parent Relationship": "Outer",
            "Parallel Aware": false,
            "Startup Cost": 145054.29,
            "Total Cost": 145054.3,
            "Plan Rows": 1,
            "Plan Width": 8,
            "Actual Startup Time": 1112.99,
            "Actual Total Time": 1112.996,
            "Actual Rows": 1,
            "Actual Loops": 2,
            "Plans": [
              {
                "Node Type": "Hash Join",
                "Parent Relationship": "Outer",
                "Parallel Aware": true,
                "Join Type": "Inner",
                "Startup Cost": 110758.18,
                "Total Cost": 144579.88,
                "Plan Rows": 189764,
                "Plan Width": 0,
                "Actual Startup Time": 863.972,
                "Actual Total Time": 1084.449,
                "Actual Rows": 531852,
                "Actual Loops": 2,
                "Inner Unique": false,
                "Hash Cond": "(mk.movie_id = t.id)",
                "Plans": [
                  {
                    "Node Type": "Bitmap Heap Scan",
                    "Parent Relationship": "Outer",
                    "Parallel Aware": true,
                    "Relation Name": "movie_keyword",
                    "Alias": "mk",
                    "Startup Cost": 18310.44,
                    "Total Cost": 49111.7,
                    "Plan Rows": 507781,
                    "Plan Width": 4,
                    "Actual Startup Time": 48.539,
                    "Actual Total Time": 140.437,
                    "Actual Rows": 435314,
                    "Actual Loops": 2,
                    "Recheck Cond": "(keyword_id < 827)",
                    "Rows Removed by Index Recheck": 0,
                    "Exact Heap Blocks": 9656,
                    "Lossy Heap Blocks": 0,
                    "Plans": [
                      {
                        "Node Type": "Bitmap Index Scan",
                        "Parent Relationship": "Outer",
                        "Parallel Aware": false,
                        "Index Name": "keyword_id_movie_keyword",
                        "Startup Cost": 0.0,
                        "Total Cost": 18094.63,
                        "Plan Rows": 863227,
                        "Plan Width": 0,
                        "Actual Startup Time": 44.951,
                        "Actual Total Time": 44.952,
                        "Actual Rows": 870627,
                        "Actual Loops": 1,
                        "Index Cond": "(keyword_id < 827)"
                      }
                    ]
                  },
                  {
                    "Node Type": "Hash",
                    "Parent Relationship": "Inner",
                    "Parallel Aware": true,
                    "Startup Cost": 85500.28,
                    "Total Cost": 85500.28,
                    "Plan Rows": 555797,
                    "Plan Width": 8,
                    "Actual Startup Time": 808.486,
                    "Actual Total Time": 808.489,
                    "Actual Rows": 446730,
                    "Actual Loops": 2,
                    "Hash Buckets": 1048576,
                    "Original Hash Buckets": 1048576,
                    "Hash Batches": 1,
                    "Original Hash Batches": 1,
                    "Peak Memory Usage": 43200,
                    "Plans": [
                      {
                        "Node Type": "Hash Join",
                        "Parent Relationship": "Outer",
                        "Parallel Aware": true,
                        "Join Type": "Inner",
                        "Startup Cost": 67316.49,
                        "Total Cost": 85500.28,
                        "Plan Rows": 555797,
                        "Plan Width": 8,
                        "Actual Startup Time": 468.652,
                        "Actual Total Time": 708.599,
                        "Actual Rows": 446730,
                        "Actual Loops": 2,
                        "Inner Unique": true,
                        "Hash Cond": "(mi_idx.movie_id = t.id)",
                        "Plans": [
                          {
                            "Node Type": "Seq Scan",
                            "Parent Relationship": "Outer",
                            "Parallel Aware": true,
                            "Relation Name": "movie_info_idx",
                            "Alias": "mi_idx",
                            "Startup Cost": 0.0,
                            "Total Cost": 16052.85,
                            "Plan Rows": 811785,
                            "Plan Width": 4,
                            "Actual Startup Time": 0.018,
                            "Actual Total Time": 59.615,
                            "Actual Rows": 690018,
                            "Actual Loops": 2
                          },
                          {
                            "Node Type": "Hash",
                            "Parent Relationship": "Inner",
                            "Parallel Aware": true,
                            "Startup Cost": 54588.39,
                            "Total Cost": 54588.39,
                            "Plan Rows": 1018248,
                            "Plan Width": 4,
                            "Actual Startup Time": 459.58,
                            "Actual Total Time": 459.581,
                            "Actual Rows": 862616,
                            "Actual Loops": 2,
                            "Hash Buckets": 2097152,
                            "Original Hash Buckets": 2097152,
                            "Hash Batches": 1,
                            "Original Hash Batches": 1,
                            "Peak Memory Usage": 83904,
                            "Plans": [
                              {
                                "Node Type": "Seq Scan",
                                "Parent Relationship": "Outer",
                                "Parallel Aware": true,
                                "Relation Name": "title",
                                "Alias": "t",
                                "Startup Cost": 0.0,
                                "Total Cost": 54588.39,
                                "Plan Rows": 1018248,
                                "Plan Width": 4,
                                "Actual Startup Time": 0.033,
                                "Actual Total Time": 199.047,
                                "Actual Rows": 862616,
                                "Actual Loops": 2,
                                "Filter": "(production_year > 1991)",
                                "Rows Removed by Filter": 401540
                              }
                            ]
                          }
                        ]
                      }
                    ]
                  }
                ]
              }
            ]
          }
        ]
      }
    ]
  },
  "Planning Time": 0.605,
  "Triggers": [],
  "Execution Time": 1146.744
}