[
    {
        "Bao": {
            "Bao prediction": "NaN",
            "Bao recommended hint": "(no hint)"
        }
    },
    {
        "Plan": {
            "Node Type": "Aggregate",
            "Strategy": "Plain",
            "Partial Mode": "Finalize",
            "Parallel Aware": false,
            "Startup Cost": 423096.07,
            "Total Cost": 423096.08,
            "Plan Rows": 1,
            "Plan Width": 8,
            "Actual Startup Time": 1335.12,
            "Actual Total Time": 1372.344,
            "Actual Rows": 1,
            "Actual Loops": 1,
            "Output": [
                "count(*)"
            ],
            "Plans": [
                {
                    "Node Type": "Gather",
                    "Parent Relationship": "Outer",
                    "Parallel Aware": false,
                    "Startup Cost": 423095.45,
                    "Total Cost": 423096.06,
                    "Plan Rows": 6,
                    "Plan Width": 8,
                    "Actual Startup Time": 1324.32,
                    "Actual Total Time": 1372.334,
                    "Actual Rows": 7,
                    "Actual Loops": 1,
                    "Output": [
                        "(PARTIAL count(*))"
                    ],
                    "Workers Planned": 6,
                    "Workers Launched": 6,
                    "Single Copy": false,
                    "Plans": [
                        {
                            "Node Type": "Aggregate",
                            "Strategy": "Plain",
                            "Partial Mode": "Partial",
                            "Parent Relationship": "Outer",
                            "Parallel Aware": false,
                            "Startup Cost": 422095.45,
                            "Total Cost": 422095.46,
                            "Plan Rows": 1,
                            "Plan Width": 8,
                            "Actual Startup Time": 1314.033,
                            "Actual Total Time": 1314.246,
                            "Actual Rows": 1,
                            "Actual Loops": 7,
                            "Output": [
                                "PARTIAL count(*)"
                            ],
                            "Workers": [
                                {
                                    "Worker Number": 0,
                                    "Actual Startup Time": 1311.67,
                                    "Actual Total Time": 1311.676,
                                    "Actual Rows": 1,
                                    "Actual Loops": 1
                                },
                                {
                                    "Worker Number": 1,
                                    "Actual Startup Time": 1311.896,
                                    "Actual Total Time": 1311.901,
                                    "Actual Rows": 1,
                                    "Actual Loops": 1
                                },
                                {
                                    "Worker Number": 2,
                                    "Actual Startup Time": 1313.231,
                                    "Actual Total Time": 1313.237,
                                    "Actual Rows": 1,
                                    "Actual Loops": 1
                                },
                                {
                                    "Worker Number": 3,
                                    "Actual Startup Time": 1312.445,
                                    "Actual Total Time": 1312.45,
                                    "Actual Rows": 1,
                                    "Actual Loops": 1
                                },
                                {
                                    "Worker Number": 4,
                                    "Actual Startup Time": 1312.428,
                                    "Actual Total Time": 1312.434,
                                    "Actual Rows": 1,
                                    "Actual Loops": 1
                                },
                                {
                                    "Worker Number": 5,
                                    "Actual Startup Time": 1312.633,
                                    "Actual Total Time": 1312.637,
                                    "Actual Rows": 1,
                                    "Actual Loops": 1
                                }
                            ],
                            "Plans": [
                                {
                                    "Node Type": "Hash Join",
                                    "Parent Relationship": "Outer",
                                    "Parallel Aware": true,
                                    "Join Type": "Inner",
                                    "Startup Cost": 81197.75,
                                    "Total Cost": 420927.03,
                                    "Plan Rows": 467367,
                                    "Plan Width": 0,
                                    "Actual Startup Time": 559.725,
                                    "Actual Total Time": 1278.992,
                                    "Actual Rows": 694094,
                                    "Actual Loops": 7,
                                    "Inner Unique": false,
                                    "Hash Cond": "(ci.movie_id = t.id)",
                                    "Workers": [
                                        {
                                            "Worker Number": 0,
                                            "Actual Startup Time": 557.702,
                                            "Actual Total Time": 1276.638,
                                            "Actual Rows": 525451,
                                            "Actual Loops": 1
                                        },
                                        {
                                            "Worker Number": 1,
                                            "Actual Startup Time": 557.644,
                                            "Actual Total Time": 1275.16,
                                            "Actual Rows": 533920,
                                            "Actual Loops": 1
                                        },
                                        {
                                            "Worker Number": 2,
                                            "Actual Startup Time": 558.27,
                                            "Actual Total Time": 1278.042,
                                            "Actual Rows": 526359,
                                            "Actual Loops": 1
                                        },
                                        {
                                            "Worker Number": 3,
                                            "Actual Startup Time": 558.23,
                                            "Actual Total Time": 1279.022,
                                            "Actual Rows": 788411,
                                            "Actual Loops": 1
                                        },
                                        {
                                            "Worker Number": 4,
                                            "Actual Startup Time": 558.193,
                                            "Actual Total Time": 1278.694,
                                            "Actual Rows": 823166,
                                            "Actual Loops": 1
                                        },
                                        {
                                            "Worker Number": 5,
                                            "Actual Startup Time": 558.372,
                                            "Actual Total Time": 1279.58,
                                            "Actual Rows": 812096,
                                            "Actual Loops": 1
                                        }
                                    ],
                                    "Plans": [
                                        {
                                            "Node Type": "Seq Scan",
                                            "Parent Relationship": "Outer",
                                            "Parallel Aware": true,
                                            "Relation Name": "cast_info",
                                            "Schema": "public",
                                            "Alias": "ci",
                                            "Startup Cost": 0.0,
                                            "Total Cost": 328213.62,
                                            "Plan Rows": 2668808,
                                            "Plan Width": 4,
                                            "Actual Startup Time": 317.571,
                                            "Actual Total Time": 655.93,
                                            "Actual Rows": 2303098,
                                            "Actual Loops": 7,
                                            "Output": [
                                                "ci.id",
                                                "ci.person_id",
                                                "ci.movie_id",
                                                "ci.person_role_id",
                                                "ci.note",
                                                "ci.nr_order",
                                                "ci.role_id"
                                            ],
                                            "Filter": "(ci.role_id > 2)",
                                            "Rows Removed by Filter": 2874666,
                                            "Workers": [
                                                {
                                                    "Worker Number": 0,
                                                    "Actual Startup Time": 317.564,
                                                    "Actual Total Time": 661.445,
                                                    "Actual Rows": 1747882,
                                                    "Actual Loops": 1
                                                },
                                                {
                                                    "Worker Number": 1,
                                                    "Actual Startup Time": 317.519,
                                                    "Actual Total Time": 663.896,
                                                    "Actual Rows": 1758903,
                                                    "Actual Loops": 1
                                                },
                                                {
                                                    "Worker Number": 2,
                                                    "Actual Startup Time": 317.586,
                                                    "Actual Total Time": 662.317,
                                                    "Actual Rows": 1760582,
                                                    "Actual Loops": 1
                                                },
                                                {
                                                    "Worker Number": 3,
                                                    "Actual Startup Time": 317.61,
                                                    "Actual Total Time": 651.983,
                                                    "Actual Rows": 2605112,
                                                    "Actual Loops": 1
                                                },
                                                {
                                                    "Worker Number": 4,
                                                    "Actual Startup Time": 317.556,
                                                    "Actual Total Time": 649.194,
                                                    "Actual Rows": 2743093,
                                                    "Actual Loops": 1
                                                },
                                                {
                                                    "Worker Number": 5,
                                                    "Actual Startup Time": 317.599,
                                                    "Actual Total Time": 652.595,
                                                    "Actual Rows": 2684277,
                                                    "Actual Loops": 1
                                                }
                                            ]
                                        },
                                        {
                                            "Node Type": "Hash",
                                            "Parent Relationship": "Inner",
                                            "Parallel Aware": true,
                                            "Startup Cost": 79412.42,
                                            "Total Cost": 79412.42,
                                            "Plan Rows": 142827,
                                            "Plan Width": 8,
                                            "Actual Startup Time": 240.308,
                                            "Actual Total Time": 240.519,
                                            "Actual Rows": 40896,
                                            "Actual Loops": 7,
                                            "Output": [
                                                "t.id",
                                                "mc.movie_id"
                                            ],
                                            "Hash Buckets": 524288,
                                            "Original Hash Buckets": 524288,
                                            "Hash Batches": 1,
                                            "Original Hash Batches": 1,
                                            "Peak Memory Usage": 15392,
                                            "Workers": [
                                                {
                                                    "Worker Number": 0,
                                                    "Actual Startup Time": 238.901,
                                                    "Actual Total Time": 238.905,
                                                    "Actual Rows": 32388,
                                                    "Actual Loops": 1
                                                },
                                                {
                                                    "Worker Number": 1,
                                                    "Actual Startup Time": 239.31,
                                                    "Actual Total Time": 239.313,
                                                    "Actual Rows": 32107,
                                                    "Actual Loops": 1
                                                },
                                                {
                                                    "Worker Number": 2,
                                                    "Actual Startup Time": 239.772,
                                                    "Actual Total Time": 239.776,
                                                    "Actual Rows": 33138,
                                                    "Actual Loops": 1
                                                },
                                                {
                                                    "Worker Number": 3,
                                                    "Actual Startup Time": 239.533,
                                                    "Actual Total Time": 239.536,
                                                    "Actual Rows": 46783,
                                                    "Actual Loops": 1
                                                },
                                                {
                                                    "Worker Number": 4,
                                                    "Actual Startup Time": 239.701,
                                                    "Actual Total Time": 239.706,
                                                    "Actual Rows": 46545,
                                                    "Actual Loops": 1
                                                },
                                                {
                                                    "Worker Number": 5,
                                                    "Actual Startup Time": 239.929,
                                                    "Actual Total Time": 239.933,
                                                    "Actual Rows": 48061,
                                                    "Actual Loops": 1
                                                }
                                            ],
                                            "Plans": [
                                                {
                                                    "Node Type": "Hash Join",
                                                    "Parent Relationship": "Outer",
                                                    "Parallel Aware": true,
                                                    "Join Type": "Inner",
                                                    "Startup Cost": 47060.67,
                                                    "Total Cost": 79412.42,
                                                    "Plan Rows": 142827,
                                                    "Plan Width": 8,
                                                    "Actual Startup Time": 157.855,
                                                    "Actual Total Time": 224.185,
                                                    "Actual Rows": 40896,
                                                    "Actual Loops": 7,
                                                    "Output": [
                                                        "t.id",
                                                        "mc.movie_id"
                                                    ],
                                                    "Inner Unique": true,
                                                    "Hash Cond": "(mc.movie_id = t.id)",
                                                    "Workers": [
                                                        {
                                                            "Worker Number": 0,
                                                            "Actual Startup Time": 156.571,
                                                            "Actual Total Time": 223.75,
                                                            "Actual Rows": 32388,
                                                            "Actual Loops": 1
                                                        },
                                                        {
                                                            "Worker Number": 1,
                                                            "Actual Startup Time": 156.796,
                                                            "Actual Total Time": 223.297,
                                                            "Actual Rows": 32107,
                                                            "Actual Loops": 1
                                                        },
                                                        {
                                                            "Worker Number": 2,
                                                            "Actual Startup Time": 157.239,
                                                            "Actual Total Time": 223.374,
                                                            "Actual Rows": 33138,
                                                            "Actual Loops": 1
                                                        },
                                                        {
                                                            "Worker Number": 3,
                                                            "Actual Startup Time": 157.118,
                                                            "Actual Total Time": 222.99,
                                                            "Actual Rows": 46783,
                                                            "Actual Loops": 1
                                                        },
                                                        {
                                                            "Worker Number": 4,
                                                            "Actual Startup Time": 157.169,
                                                            "Actual Total Time": 222.952,
                                                            "Actual Rows": 46545,
                                                            "Actual Loops": 1
                                                        },
                                                        {
                                                            "Worker Number": 5,
                                                            "Actual Startup Time": 157.515,
                                                            "Actual Total Time": 223.257,
                                                            "Actual Rows": 48061,
                                                            "Actual Loops": 1
                                                        }
                                                    ],
                                                    "Plans": [
                                                        {
                                                            "Node Type": "Seq Scan",
                                                            "Parent Relationship": "Outer",
                                                            "Parallel Aware": true,
                                                            "Relation Name": "movie_companies",
                                                            "Schema": "public",
                                                            "Alias": "mc",
                                                            "Startup Cost": 0.0,
                                                            "Total Cost": 31414.82,
                                                            "Plan Rows": 356926,
                                                            "Plan Width": 4,
                                                            "Actual Startup Time": 22.778,
                                                            "Actual Total Time": 48.869,
                                                            "Actual Rows": 127402,
                                                            "Actual Loops": 7,
                                                            "Output": [
                                                                "mc.id",
                                                                "mc.movie_id",
                                                                "mc.company_id",
                                                                "mc.company_type_id",
                                                                "mc.note"
                                                            ],
                                                            "Filter": "((mc.company_id < 77925) AND (mc.company_type_id = 2))",
                                                            "Rows Removed by Filter": 245331,
                                                            "Workers": [
                                                                {
                                                                    "Worker Number": 0,
                                                                    "Actual Startup Time": 22.765,
                                                                    "Actual Total Time": 50.668,
                                                                    "Actual Rows": 104102,
                                                                    "Actual Loops": 1
                                                                },
                                                                {
                                                                    "Worker Number": 1,
                                                                    "Actual Startup Time": 22.894,
                                                                    "Actual Total Time": 51.697,
                                                                    "Actual Rows": 101471,
                                                                    "Actual Loops": 1
                                                                },
                                                                {
                                                                    "Worker Number": 2,
                                                                    "Actual Startup Time": 22.753,
                                                                    "Actual Total Time": 50.625,
                                                                    "Actual Rows": 103261,
                                                                    "Actual Loops": 1
                                                                },
                                                                {
                                                                    "Worker Number": 3,
                                                                    "Actual Startup Time": 22.734,
                                                                    "Actual Total Time": 47.797,
                                                                    "Actual Rows": 142921,
                                                                    "Actual Loops": 1
                                                                },
                                                                {
                                                                    "Worker Number": 4,
                                                                    "Actual Startup Time": 22.758,
                                                                    "Actual Total Time": 47.671,
                                                                    "Actual Rows": 145230,
                                                                    "Actual Loops": 1
                                                                },
                                                                {
                                                                    "Worker Number": 5,
                                                                    "Actual Startup Time": 22.764,
                                                                    "Actual Total Time": 47.663,
                                                                    "Actual Rows": 144647,
                                                                    "Actual Loops": 1
                                                                }
                                                            ]
                                                        },
                                                        {
                                                            "Node Type": "Hash",
                                                            "Parent Relationship": "Inner",
                                                            "Parallel Aware": true,
                                                            "Startup Cost": 43899.01,
                                                            "Total Cost": 43899.01,
                                                            "Plan Rows": 252933,
                                                            "Plan Width": 4,
                                                            "Actual Startup Time": 133.902,
                                                            "Actual Total Time": 133.904,
                                                            "Actual Rows": 144703,
                                                            "Actual Loops": 7,
                                                            "Output": [
                                                                "t.id"
                                                            ],
                                                            "Hash Buckets": 1048576,
                                                            "Original Hash Buckets": 1048576,
                                                            "Hash Batches": 1,
                                                            "Original Hash Batches": 1,
                                                            "Peak Memory Usage": 47936,
                                                            "Workers": [
                                                                {
                                                                    "Worker Number": 0,
                                                                    "Actual Startup Time": 133.504,
                                                                    "Actual Total Time": 133.506,
                                                                    "Actual Rows": 111254,
                                                                    "Actual Loops": 1
                                                                },
                                                                {
                                                                    "Worker Number": 1,
                                                                    "Actual Startup Time": 133.797,
                                                                    "Actual Total Time": 133.798,
                                                                    "Actual Rows": 110207,
                                                                    "Actual Loops": 1
                                                                },
                                                                {
                                                                    "Worker Number": 2,
                                                                    "Actual Startup Time": 134.232,
                                                                    "Actual Total Time": 134.233,
                                                                    "Actual Rows": 111236,
                                                                    "Actual Loops": 1
                                                                },
                                                                {
                                                                    "Worker Number": 3,
                                                                    "Actual Startup Time": 134.132,
                                                                    "Actual Total Time": 134.133,
                                                                    "Actual Rows": 150651,
                                                                    "Actual Loops": 1
                                                                },
                                                                {
                                                                    "Worker Number": 4,
                                                                    "Actual Startup Time": 134.161,
                                                                    "Actual Total Time": 134.163,
                                                                    "Actual Rows": 151320,
                                                                    "Actual Loops": 1
                                                                },
                                                                {
                                                                    "Worker Number": 5,
                                                                    "Actual Startup Time": 134.421,
                                                                    "Actual Total Time": 134.423,
                                                                    "Actual Rows": 153885,
                                                                    "Actual Loops": 1
                                                                }
                                                            ],
                                                            "Plans": [
                                                                {
                                                                    "Node Type": "Seq Scan",
                                                                    "Parent Relationship": "Outer",
                                                                    "Parallel Aware": true,
                                                                    "Relation Name": "title",
                                                                    "Schema": "public",
                                                                    "Alias": "t",
                                                                    "Startup Cost": 0.0,
                                                                    "Total Cost": 43899.01,
                                                                    "Plan Rows": 252933,
                                                                    "Plan Width": 4,
                                                                    "Actual Startup Time": 0.048,
                                                                    "Actual Total Time": 75.438,
                                                                    "Actual Rows": 144703,
                                                                    "Actual Loops": 7,
                                                                    "Output": [
                                                                        "t.id"
                                                                    ],
                                                                    "Filter": "(t.production_year > 2005)",
                                                                    "Rows Removed by Filter": 216485,
                                                                    "Workers": [
                                                                        {
                                                                            "Worker Number": 0,
                                                                            "Actual Startup Time": 0.068,
                                                                            "Actual Total Time": 77.806,
                                                                            "Actual Rows": 111254,
                                                                            "Actual Loops": 1
                                                                        },
                                                                        {
                                                                            "Worker Number": 1,
                                                                            "Actual Startup Time": 0.056,
                                                                            "Actual Total Time": 78.715,
                                                                            "Actual Rows": 110207,
                                                                            "Actual Loops": 1
                                                                        },
                                                                        {
                                                                            "Worker Number": 2,
                                                                            "Actual Startup Time": 0.058,
                                                                            "Actual Total Time": 78.172,
                                                                            "Actual Rows": 111236,
                                                                            "Actual Loops": 1
                                                                        },
                                                                        {
                                                                            "Worker Number": 3,
                                                                            "Actual Startup Time": 0.046,
                                                                            "Actual Total Time": 75.739,
                                                                            "Actual Rows": 150651,
                                                                            "Actual Loops": 1
                                                                        },
                                                                        {
                                                                            "Worker Number": 4,
                                                                            "Actual Startup Time": 0.05,
                                                                            "Actual Total Time": 76.188,
                                                                            "Actual Rows": 151320,
                                                                            "Actual Loops": 1
                                                                        },
                                                                        {
                                                                            "Worker Number": 5,
                                                                            "Actual Startup Time": 0.044,
                                                                            "Actual Total Time": 75.528,
                                                                            "Actual Rows": 153885,
                                                                            "Actual Loops": 1
                                                                        }
                                                                    ]
                                                                }
                                                            ]
                                                        }
                                                    ]
                                                }
                                            ]
                                        }
                                    ]
                                }
                            ]
                        }
                    ]
                }
            ]
        },
        "Planning Time": 180.391,
        "Triggers": [],
        "Execution Time": 1372.418
    }
]