[
    {
        "Bao": {
            "Bao prediction": "NaN",
            "Bao recommended hint": "(no hint)"
        }
    },
    {
        "Plan": {
            "Node Type": "Aggregate",
            "Strategy": "Plain",
            "Partial Mode": "Finalize",
            "Parallel Aware": false,
            "Startup Cost": 32659.93,
            "Total Cost": 32659.94,
            "Plan Rows": 1,
            "Plan Width": 8,
            "Actual Startup Time": 73.955,
            "Actual Total Time": 79.871,
            "Actual Rows": 1,
            "Actual Loops": 1,
            "Output": [
                "count(*)"
            ],
            "Plans": [
                {
                    "Node Type": "Gather",
                    "Parent Relationship": "Outer",
                    "Parallel Aware": false,
                    "Startup Cost": 32659.62,
                    "Total Cost": 32659.93,
                    "Plan Rows": 3,
                    "Plan Width": 8,
                    "Actual Startup Time": 73.852,
                    "Actual Total Time": 79.865,
                    "Actual Rows": 4,
                    "Actual Loops": 1,
                    "Output": [
                        "(PARTIAL count(*))"
                    ],
                    "Workers Planned": 3,
                    "Workers Launched": 3,
                    "Single Copy": false,
                    "Plans": [
                        {
                            "Node Type": "Aggregate",
                            "Strategy": "Plain",
                            "Partial Mode": "Partial",
                            "Parent Relationship": "Outer",
                            "Parallel Aware": false,
                            "Startup Cost": 31659.62,
                            "Total Cost": 31659.63,
                            "Plan Rows": 1,
                            "Plan Width": 8,
                            "Actual Startup Time": 65.785,
                            "Actual Total Time": 65.786,
                            "Actual Rows": 1,
                            "Actual Loops": 4,
                            "Output": [
                                "PARTIAL count(*)"
                            ],
                            "Workers": [
                                {
                                    "Worker Number": 0,
                                    "Actual Startup Time": 62.765,
                                    "Actual Total Time": 62.766,
                                    "Actual Rows": 1,
                                    "Actual Loops": 1
                                },
                                {
                                    "Worker Number": 1,
                                    "Actual Startup Time": 63.227,
                                    "Actual Total Time": 63.228,
                                    "Actual Rows": 1,
                                    "Actual Loops": 1
                                },
                                {
                                    "Worker Number": 2,
                                    "Actual Startup Time": 63.545,
                                    "Actual Total Time": 63.546,
                                    "Actual Rows": 1,
                                    "Actual Loops": 1
                                }
                            ],
                            "Plans": [
                                {
                                    "Node Type": "Seq Scan",
                                    "Parent Relationship": "Outer",
                                    "Parallel Aware": true,
                                    "Relation Name": "movie_companies",
                                    "Schema": "public",
                                    "Alias": "mc",
                                    "Startup Cost": 0.0,
                                    "Total Cost": 31414.82,
                                    "Plan Rows": 97919,
                                    "Plan Width": 0,
                                    "Actual Startup Time": 34.071,
                                    "Actual Total Time": 65.656,
                                    "Actual Rows": 2288,
                                    "Actual Loops": 4,
                                    "Output": [
                                        "id",
                                        "movie_id",
                                        "company_id",
                                        "company_type_id",
                                        "note"
                                    ],
                                    "Filter": "((mc.company_id > 62760) AND (mc.company_type_id < 2))",
                                    "Rows Removed by Filter": 649994,
                                    "Workers": [
                                        {
                                            "Worker Number": 0,
                                            "Actual Startup Time": 31.045,
                                            "Actual Total Time": 62.637,
                                            "Actual Rows": 1672,
                                            "Actual Loops": 1
                                        },
                                        {
                                            "Worker Number": 1,
                                            "Actual Startup Time": 31.517,
                                            "Actual Total Time": 63.1,
                                            "Actual Rows": 2201,
                                            "Actual Loops": 1
                                        },
                                        {
                                            "Worker Number": 2,
                                            "Actual Startup Time": 31.84,
                                            "Actual Total Time": 63.421,
                                            "Actual Rows": 2102,
                                            "Actual Loops": 1
                                        }
                                    ]
                                }
                            ]
                        }
                    ]
                }
            ]
        },
        "Planning Time": 198.578,
        "Triggers": [],
        "Execution Time": 79.909
    }
]