[
  {
    "Plan": {
      "Node Type": "Aggregate",
      "Strategy": "Plain",
      "Partial Mode": "Finalize",
      "Parallel Aware": false,
      "Startup Cost": 32025.79,
      "Total Cost": 32025.8,
      "Plan Rows": 1,
      "Plan Width": 8,
      "Actual Startup Time": 120.176,
      "Actual Total Time": 128.662,
      "Actual Rows": 1,
      "Actual Loops": 1,
      "Plans": [
        {
          "Node Type": "Gather",
          "Parent Relationship": "Outer",
          "Parallel Aware": false,
          "Startup Cost": 32025.47,
          "Total Cost": 32025.78,
          "Plan Rows": 3,
          "Plan Width": 8,
          "Actual Startup Time": 120.047,
          "Actual Total Time": 128.649,
          "Actual Rows": 4,
          "Actual Loops": 1,
          "Workers Planned": 3,
          "Workers Launched": 3,
          "Single Copy": false,
          "Plans": [
            {
              "Node Type": "Aggregate",
              "Strategy": "Plain",
              "Partial Mode": "Partial",
              "Parent Relationship": "Outer",
              "Parallel Aware": false,
              "Startup Cost": 31025.47,
              "Total Cost": 31025.48,
              "Plan Rows": 1,
              "Plan Width": 8,
              "Actual Startup Time": 111.405,
              "Actual Total Time": 111.407,
              "Actual Rows": 1,
              "Actual Loops": 4,
              "Plans": [
                {
                  "Node Type": "Seq Scan",
                  "Parent Relationship": "Outer",
                  "Parallel Aware": true,
                  "Relation Name": "movie_companies",
                  "Alias": "mc",
                  "Startup Cost": 0.0,
                  "Total Cost": 29310.68,
                  "Plan Rows": 685915,
                  "Plan Width": 0,
                  "Actual Startup Time": 0.059,
                  "Actual Total Time": 83.963,
                  "Actual Rows": 532087,
                  "Actual Loops": 4,
                  "Filter": "(company_id < 75184)",
                  "Rows Removed by Filter": 120196
                }
              ]
            }
          ]
        }
      ]
    },
    "Planning Time": 0.16,
    "Triggers": [],
    "Execution Time": 128.712
  }
]