[
  {
    "Plan": {
      "Node Type": "Aggregate",
      "Strategy": "Plain",
      "Partial Mode": "Finalize",
      "Parallel Aware": false,
      "Startup Cost": 25876.25,
      "Total Cost": 25876.26,
      "Plan Rows": 1,
      "Plan Width": 8,
      "Actual Startup Time": 60.834,
      "Actual Total Time": 63.929,
      "Actual Rows": 1,
      "Actual Loops": 1,
      "Plans": [
        {
          "Node Type": "Gather",
          "Parent Relationship": "Outer",
          "Parallel Aware": false,
          "Startup Cost": 25875.93,
          "Total Cost": 25876.24,
          "Plan Rows": 3,
          "Plan Width": 8,
          "Actual Startup Time": 60.674,
          "Actual Total Time": 63.921,
          "Actual Rows": 4,
          "Actual Loops": 1,
          "Workers Planned": 3,
          "Workers Launched": 3,
          "Single Copy": false,
          "Plans": [
            {
              "Node Type": "Aggregate",
              "Strategy": "Plain",
              "Partial Mode": "Partial",
              "Parent Relationship": "Outer",
              "Parallel Aware": false,
              "Startup Cost": 24875.93,
              "Total Cost": 24875.94,
              "Plan Rows": 1,
              "Plan Width": 8,
              "Actual Startup Time": 53.998,
              "Actual Total Time": 53.999,
              "Actual Rows": 1,
              "Actual Loops": 4,
              "Plans": [
                {
                  "Node Type": "Bitmap Heap Scan",
                  "Parent Relationship": "Outer",
                  "Parallel Aware": true,
                  "Relation Name": "movie_companies",
                  "Alias": "mc",
                  "Startup Cost": 4975.3,
                  "Total Cost": 24690.82,
                  "Plan Rows": 74042,
                  "Plan Width": 0,
                  "Actual Startup Time": 21.309,
                  "Actual Total Time": 49.193,
                  "Actual Rows": 56768,
                  "Actual Loops": 4,
                  "Recheck Cond": "(company_id > 106155)",
                  "Rows Removed by Index Recheck": 0,
                  "Exact Heap Blocks": 2620,
                  "Lossy Heap Blocks": 0,
                  "Plans": [
                    {
                      "Node Type": "Bitmap Index Scan",
                      "Parent Relationship": "Outer",
                      "Parallel Aware": false,
                      "Index Name": "company_id_movie_companies",
                      "Startup Cost": 0.0,
                      "Total Cost": 4917.91,
                      "Plan Rows": 229531,
                      "Plan Width": 0,
                      "Actual Startup Time": 26.026,
                      "Actual Total Time": 26.026,
                      "Actual Rows": 227074,
                      "Actual Loops": 1,
                      "Index Cond": "(company_id > 106155)"
                    }
                  ]
                }
              ]
            }
          ]
        }
      ]
    },
    "Planning Time": 0.188,
    "Triggers": [],
    "Execution Time": 64.004
  }
]