[
  {
    "Bao": {
      "Bao prediction": 1242.317,
      "Bao recommended hint": "SET enable_nestloop TO off; SET enable_mergejoin TO off; SET enable_indexscan TO off; "
    }
  },
  {
    "Plan": {
      "Node Type": "Aggregate",
      "Strategy": "Plain",
      "Partial Mode": "Finalize",
      "Parallel Aware": false,
      "Startup Cost": 321461.15,
      "Total Cost": 321461.16,
      "Plan Rows": 1,
      "Plan Width": 32,
      "Actual Startup Time": 2018.014,
      "Actual Total Time": 2087.051,
      "Actual Rows": 1,
      "Actual Loops": 1,
      "Plans": [
        {
          "Node Type": "Gather",
          "Parent Relationship": "Outer",
          "Parallel Aware": false,
          "Startup Cost": 321460.73,
          "Total Cost": 321461.14,
          "Plan Rows": 4,
          "Plan Width": 32,
          "Actual Startup Time": 2017.318,
          "Actual Total Time": 2087.027,
          "Actual Rows": 5,
          "Actual Loops": 1,
          "Workers Planned": 4,
          "Workers Launched": 4,
          "Single Copy": false,
          "Plans": [
            {
              "Node Type": "Aggregate",
              "Strategy": "Plain",
              "Partial Mode": "Partial",
              "Parent Relationship": "Outer",
              "Parallel Aware": false,
              "Startup Cost": 320460.73,
              "Total Cost": 320460.74,
              "Plan Rows": 1,
              "Plan Width": 32,
              "Actual Startup Time": 2005.867,
              "Actual Total Time": 2005.882,
              "Actual Rows": 1,
              "Actual Loops": 5,
              "Plans": [
                {
                  "Node Type": "Hash Join",
                  "Parent Relationship": "Outer",
                  "Parallel Aware": true,
                  "Join Type": "Inner",
                  "Startup Cost": 274925.83,
                  "Total Cost": 320460.41,
                  "Plan Rows": 128,
                  "Plan Width": 17,
                  "Actual Startup Time": 1812.669,
                  "Actual Total Time": 2005.453,
                  "Actual Rows": 1450,
                  "Actual Loops": 5,
                  "Inner Unique": false,
                  "Hash Cond": "(t.id = mi.movie_id)",
                  "Plans": [
                    {
                      "Node Type": "Seq Scan",
                      "Parent Relationship": "Outer",
                      "Parallel Aware": true,
                      "Relation Name": "title",
                      "Alias": "t",
                      "Startup Cost": 0.0,
                      "Total Cost": 43897.41,
                      "Plan Rows": 436509,
                      "Plan Width": 21,
                      "Actual Startup Time": 0.043,
                      "Actual Total Time": 144.981,
                      "Actual Rows": 349806,
                      "Actual Loops": 5,
                      "Filter": "(production_year > 1990)",
                      "Rows Removed by Filter": 155856
                    },
                    {
                      "Node Type": "Hash",
                      "Parent Relationship": "Inner",
                      "Parallel Aware": true,
                      "Startup Cost": 274923.98,
                      "Total Cost": 274923.98,
                      "Plan Rows": 148,
                      "Plan Width": 8,
                      "Actual Startup Time": 1802.299,
                      "Actual Total Time": 1802.31,
                      "Actual Rows": 2433,
                      "Actual Loops": 5,
                      "Hash Buckets": 16384,
                      "Original Hash Buckets": 1024,
                      "Hash Batches": 1,
                      "Original Hash Batches": 1,
                      "Peak Memory Usage": 792,
                      "Plans": [
                        {
                          "Node Type": "Hash Join",
                          "Parent Relationship": "Outer",
                          "Parallel Aware": true,
                          "Join Type": "Inner",
                          "Startup Cost": 45506.24,
                          "Total Cost": 274923.98,
                          "Plan Rows": 148,
                          "Plan Width": 8,
                          "Actual Startup Time": 456.409,
                          "Actual Total Time": 1678.636,
                          "Actual Rows": 2433,
                          "Actual Loops": 5,
                          "Inner Unique": false,
                          "Hash Cond": "(mi.movie_id = mk.movie_id)",
                          "Plans": [
                            {
                              "Node Type": "Seq Scan",
                              "Parent Relationship": "Outer",
                              "Parallel Aware": true,
                              "Relation Name": "movie_info",
                              "Alias": "mi",
                              "Startup Cost": 0.0,
                              "Total Cost": 228667.57,
                              "Plan Rows": 119950,
                              "Plan Width": 4,
                              "Actual Startup Time": 0.635,
                              "Actual Total Time": 1205.902,
                              "Actual Rows": 141335,
                              "Actual Loops": 5,
                              "Filter": "(info = ANY ('{Sweden,Norway,Germany,Denmark,Swedish,Denish,Norwegian,German,USA,American}'::text[]))",
                              "Rows Removed by Filter": 2825809
                            },
                            {
                              "Node Type": "Hash",
                              "Parent Relationship": "Inner",
                              "Parallel Aware": true,
                              "Startup Cost": 45504.48,
                              "Total Cost": 45504.48,
                              "Plan Rows": 141,
                              "Plan Width": 4,
                              "Actual Startup Time": 447.269,
                              "Actual Total Time": 447.275,
                              "Actual Rows": 2590,
                              "Actual Loops": 5,
                              "Hash Buckets": 16384,
                              "Original Hash Buckets": 1024,
                              "Hash Batches": 1,
                              "Original Hash Batches": 1,
                              "Peak Memory Usage": 888,
                              "Plans": [
                                {
                                  "Node Type": "Hash Join",
                                  "Parent Relationship": "Outer",
                                  "Parallel Aware": false,
                                  "Join Type": "Inner",
                                  "Startup Cost": 2626.29,
                                  "Total Cost": 45504.48,
                                  "Plan Rows": 141,
                                  "Plan Width": 4,
                                  "Actual Startup Time": 39.567,
                                  "Actual Total Time": 276.356,
                                  "Actual Rows": 2590,
                                  "Actual Loops": 5,
                                  "Inner Unique": true,
                                  "Hash Cond": "(mk.keyword_id = k.id)",
                                  "Plans": [
                                    {
                                      "Node Type": "Seq Scan",
                                      "Parent Relationship": "Outer",
                                      "Parallel Aware": true,
                                      "Relation Name": "movie_keyword",
                                      "Alias": "mk",
                                      "Startup Cost": 0.0,
                                      "Total Cost": 39047.32,
                                      "Plan Rows": 1459332,
                                      "Plan Width": 8,
                                      "Actual Startup Time": 0.038,
                                      "Actual Total Time": 137.614,
                                      "Actual Rows": 904786,
                                      "Actual Loops": 5
                                    },
                                    {
                                      "Node Type": "Hash",
                                      "Parent Relationship": "Inner",
                                      "Parallel Aware": false,
                                      "Startup Cost": 2626.12,
                                      "Total Cost": 2626.12,
                                      "Plan Rows": 13,
                                      "Plan Width": 4,
                                      "Actual Startup Time": 37.921,
                                      "Actual Total Time": 37.923,
                                      "Actual Rows": 30,
                                      "Actual Loops": 5,
                                      "Hash Buckets": 1024,
                                      "Original Hash Buckets": 1024,
                                      "Hash Batches": 1,
                                      "Original Hash Batches": 1,
                                      "Peak Memory Usage": 10,
                                      "Plans": [
                                        {
                                          "Node Type": "Seq Scan",
                                          "Parent Relationship": "Outer",
                                          "Parallel Aware": false,
                                          "Relation Name": "keyword",
                                          "Alias": "k",
                                          "Startup Cost": 0.0,
                                          "Total Cost": 2626.12,
                                          "Plan Rows": 13,
                                          "Plan Width": 4,
                                          "Actual Startup Time": 3.35,
                                          "Actual Total Time": 37.877,
                                          "Actual Rows": 30,
                                          "Actual Loops": 5,
                                          "Filter": "(keyword ~~ '%sequel%'::text)",
                                          "Rows Removed by Filter": 134140
                                        }
                                      ]
                                    }
                                  ]
                                }
                              ]
                            }
                          ]
                        }
                      ]
                    }
                  ]
                }
              ]
            }
          ]
        }
      ]
    },
    "Planning Time": 476.09,
    "Triggers": [],
    "Execution Time": 2087.47
  }
]