[
  {
    "Plan": {
      "Node Type": "Aggregate",
      "Strategy": "Plain",
      "Partial Mode": "Finalize",
      "Parallel Aware": false,
      "Startup Cost": 45994.26,
      "Total Cost": 45994.27,
      "Plan Rows": 1,
      "Plan Width": 8,
      "Actual Startup Time": 173.84,
      "Actual Total Time": 184.193,
      "Actual Rows": 1,
      "Actual Loops": 1,
      "Plans": [
        {
          "Node Type": "Gather",
          "Parent Relationship": "Outer",
          "Parallel Aware": false,
          "Startup Cost": 45993.95,
          "Total Cost": 45994.26,
          "Plan Rows": 3,
          "Plan Width": 8,
          "Actual Startup Time": 173.584,
          "Actual Total Time": 184.181,
          "Actual Rows": 4,
          "Actual Loops": 1,
          "Workers Planned": 3,
          "Workers Launched": 3,
          "Single Copy": false,
          "Plans": [
            {
              "Node Type": "Aggregate",
              "Strategy": "Plain",
              "Partial Mode": "Partial",
              "Parent Relationship": "Outer",
              "Parallel Aware": false,
              "Startup Cost": 44993.95,
              "Total Cost": 44993.96,
              "Plan Rows": 1,
              "Plan Width": 8,
              "Actual Startup Time": 165.254,
              "Actual Total Time": 165.255,
              "Actual Rows": 1,
              "Actual Loops": 4,
              "Plans": [
                {
                  "Node Type": "Seq Scan",
                  "Parent Relationship": "Outer",
                  "Parallel Aware": true,
                  "Relation Name": "movie_keyword",
                  "Alias": "mk",
                  "Startup Cost": 0.0,
                  "Total Cost": 42695.65,
                  "Plan Rows": 919317,
                  "Plan Width": 0,
                  "Actual Startup Time": 0.192,
                  "Actual Total Time": 129.066,
                  "Actual Rows": 710897,
                  "Actual Loops": 4,
                  "Filter": "(keyword_id > 2591)",
                  "Rows Removed by Filter": 420085
                }
              ]
            }
          ]
        }
      ]
    },
    "Planning Time": 0.065,
    "Triggers": [],
    "Execution Time": 184.218
  }
]