[
  {
    "Plan": {
      "Node Type": "Aggregate",
      "Strategy": "Plain",
      "Partial Mode": "Finalize",
      "Parallel Aware": false,
      "Startup Cost": 113921.7,
      "Total Cost": 113921.71,
      "Plan Rows": 1,
      "Plan Width": 8,
      "Actual Startup Time": 640.292,
      "Actual Total Time": 661.623,
      "Actual Rows": 1,
      "Actual Loops": 1,
      "Plans": [
        {
          "Node Type": "Gather",
          "Parent Relationship": "Outer",
          "Parallel Aware": false,
          "Startup Cost": 113921.38,
          "Total Cost": 113921.69,
          "Plan Rows": 3,
          "Plan Width": 8,
          "Actual Startup Time": 627.503,
          "Actual Total Time": 661.612,
          "Actual Rows": 4,
          "Actual Loops": 1,
          "Workers Planned": 3,
          "Workers Launched": 3,
          "Single Copy": false,
          "Plans": [
            {
              "Node Type": "Aggregate",
              "Strategy": "Plain",
              "Partial Mode": "Partial",
              "Parent Relationship": "Outer",
              "Parallel Aware": false,
              "Startup Cost": 112921.38,
              "Total Cost": 112921.39,
              "Plan Rows": 1,
              "Plan Width": 8,
              "Actual Startup Time": 606.795,
              "Actual Total Time": 606.8,
              "Actual Rows": 1,
              "Actual Loops": 4,
              "Plans": [
                {
                  "Node Type": "Hash Join",
                  "Parent Relationship": "Outer",
                  "Parallel Aware": true,
                  "Join Type": "Inner",
                  "Startup Cost": 80734.05,
                  "Total Cost": 112785.31,
                  "Plan Rows": 54428,
                  "Plan Width": 0,
                  "Actual Startup Time": 450.887,
                  "Actual Total Time": 589.688,
                  "Actual Rows": 398055,
                  "Actual Loops": 4,
                  "Inner Unique": false,
                  "Hash Cond": "(mc.movie_id = t.id)",
                  "Plans": [
                    {
                      "Node Type": "Seq Scan",
                      "Parent Relationship": "Outer",
                      "Parallel Aware": true,
                      "Relation Name": "movie_companies",
                      "Alias": "mc",
                      "Startup Cost": 0.0,
                      "Total Cost": 29310.68,
                      "Plan Rows": 684003,
                      "Plan Width": 4,
                      "Actual Startup Time": 0.032,
                      "Actual Total Time": 74.217,
                      "Actual Rows": 528290,
                      "Actual Loops": 4,
                      "Filter": "(company_id < 74404)",
                      "Rows Removed by Filter": 123992
                    },
                    {
                      "Node Type": "Hash",
                      "Parent Relationship": "Inner",
                      "Parallel Aware": true,
                      "Startup Cost": 79922.82,
                      "Total Cost": 79922.82,
                      "Plan Rows": 64898,
                      "Plan Width": 8,
                      "Actual Startup Time": 423.457,
                      "Actual Total Time": 423.461,
                      "Actual Rows": 49684,
                      "Actual Loops": 4,
                      "Hash Buckets": 262144,
                      "Original Hash Buckets": 262144,
                      "Hash Batches": 1,
                      "Original Hash Batches": 1,
                      "Peak Memory Usage": 9888,
                      "Plans": [
                        {
                          "Node Type": "Hash Join",
                          "Parent Relationship": "Outer",
                          "Parallel Aware": true,
                          "Join Type": "Inner",
                          "Startup Cost": 54487.25,
                          "Total Cost": 79922.82,
                          "Plan Rows": 64898,
                          "Plan Width": 8,
                          "Actual Startup Time": 351.229,
                          "Actual Total Time": 405.964,
                          "Actual Rows": 49684,
                          "Actual Loops": 4,
                          "Inner Unique": true,
                          "Hash Cond": "(mk.movie_id = t.id)",
                          "Plans": [
                            {
                              "Node Type": "Bitmap Heap Scan",
                              "Parent Relationship": "Outer",
                              "Parallel Aware": true,
                              "Relation Name": "movie_keyword",
                              "Alias": "mk",
                              "Startup Cost": 4267.6,
                              "Total Cost": 29532.82,
                              "Plan Rows": 64898,
                              "Plan Width": 4,
                              "Actual Startup Time": 14.083,
                              "Actual Total Time": 49.985,
                              "Actual Rows": 49684,
                              "Actual Loops": 4,
                              "Recheck Cond": "(keyword_id > 69021)",
                              "Rows Removed by Index Recheck": 0,
                              "Exact Heap Blocks": 6928,
                              "Lossy Heap Blocks": 0,
                              "Plans": [
                                {
                                  "Node Type": "Bitmap Index Scan",
                                  "Parent Relationship": "Outer",
                                  "Parallel Aware": false,
                                  "Index Name": "keyword_id_movie_keyword",
                                  "Startup Cost": 0.0,
                                  "Total Cost": 4217.3,
                                  "Plan Rows": 201183,
                                  "Plan Width": 0,
                                  "Actual Startup Time": 11.117,
                                  "Actual Total Time": 11.117,
                                  "Actual Rows": 198734,
                                  "Actual Loops": 1,
                                  "Index Cond": "(keyword_id > 69021)"
                                }
                              ]
                            },
                            {
                              "Node Type": "Hash",
                              "Parent Relationship": "Inner",
                              "Parallel Aware": true,
                              "Startup Cost": 42318.73,
                              "Total Cost": 42318.73,
                              "Plan Rows": 632073,
                              "Plan Width": 4,
                              "Actual Startup Time": 328.167,
                              "Actual Total Time": 328.167,
                              "Actual Rows": 632078,
                              "Actual Loops": 4,
                              "Hash Buckets": 4194304,
                              "Original Hash Buckets": 4194304,
                              "Hash Batches": 1,
                              "Original Hash Batches": 1,
                              "Peak Memory Usage": 131744,
                              "Plans": [
                                {
                                  "Node Type": "Seq Scan",
                                  "Parent Relationship": "Outer",
                                  "Parallel Aware": true,
                                  "Relation Name": "title",
                                  "Alias": "t",
                                  "Startup Cost": 0.0,
                                  "Total Cost": 42318.73,
                                  "Plan Rows": 632073,
                                  "Plan Width": 4,
                                  "Actual Startup Time": 0.043,
                                  "Actual Total Time": 100.427,
                                  "Actual Rows": 632078,
                                  "Actual Loops": 4
                                }
                              ]
                            }
                          ]
                        }
                      ]
                    }
                  ]
                }
              ]
            }
          ]
        }
      ]
    },
    "Planning Time": 1.412,
    "Triggers": [],
    "Execution Time": 661.729
  }
]