{
  "Plan": {
    "Node Type": "Aggregate",
    "Strategy": "Plain",
    "Partial Mode": "Finalize",
    "Parallel Aware": false,
    "Startup Cost": 189242.56,
    "Total Cost": 189242.57,
    "Plan Rows": 1,
    "Plan Width": 8,
    "Actual Startup Time": 1017.932,
    "Actual Total Time": 1058.317,
    "Actual Rows": 1,
    "Actual Loops": 1,
    "Plans": [
      {
        "Node Type": "Gather",
        "Parent Relationship": "Outer",
        "Parallel Aware": false,
        "Startup Cost": 189242.44,
        "Total Cost": 189242.55,
        "Plan Rows": 1,
        "Plan Width": 8,
        "Actual Startup Time": 1017.525,
        "Actual Total Time": 1058.31,
        "Actual Rows": 2,
        "Actual Loops": 1,
        "Workers Planned": 1,
        "Workers Launched": 1,
        "Single Copy": false,
        "Plans": [
          {
            "Node Type": "Aggregate",
            "Strategy": "Plain",
            "Partial Mode": "Partial",
            "Parent Relationship": "Outer",
            "Parallel Aware": false,
            "Startup Cost": 188242.44,
            "Total Cost": 188242.45,
            "Plan Rows": 1,
            "Plan Width": 8,
            "Actual Startup Time": 1011.152,
            "Actual Total Time": 1011.157,
            "Actual Rows": 1,
            "Actual Loops": 2,
            "Plans": [
              {
                "Node Type": "Nested Loop",
                "Parent Relationship": "Outer",
                "Parallel Aware": false,
                "Join Type": "Inner",
                "Startup Cost": 40016.6,
                "Total Cost": 187999.42,
                "Plan Rows": 97211,
                "Plan Width": 0,
                "Actual Startup Time": 120.245,
                "Actual Total Time": 985.149,
                "Actual Rows": 539598,
                "Actual Loops": 2,
                "Inner Unique": false,
                "Join Filter": "(t.id = mi.movie_id)",
                "Rows Removed by Join Filter": 0,
                "Plans": [
                  {
                    "Node Type": "Hash Join",
                    "Parent Relationship": "Outer",
                    "Parallel Aware": true,
                    "Join Type": "Inner",
                    "Startup Cost": 40016.16,
                    "Total Cost": 100785.92,
                    "Plan Rows": 45900,
                    "Plan Width": 8,
                    "Actual Startup Time": 120.186,
                    "Actual Total Time": 356.701,
                    "Actual Rows": 102144,
                    "Actual Loops": 2,
                    "Inner Unique": true,
                    "Hash Cond": "(mk.movie_id = t.id)",
                    "Plans": [
                      {
                        "Node Type": "Seq Scan",
                        "Parent Relationship": "Outer",
                        "Parallel Aware": true,
                        "Relation Name": "movie_keyword",
                        "Alias": "mk",
                        "Startup Cost": 0.0,
                        "Total Cost": 57718.19,
                        "Plan Rows": 1162500,
                        "Plan Width": 4,
                        "Actual Startup Time": 0.579,
                        "Actual Total Time": 184.226,
                        "Actual Rows": 989018,
                        "Actual Loops": 2,
                        "Filter": "(keyword_id > 6395)",
                        "Rows Removed by Filter": 1272948
                      },
                      {
                        "Node Type": "Hash",
                        "Parent Relationship": "Inner",
                        "Parallel Aware": true,
                        "Startup Cost": 39282.14,
                        "Total Cost": 39282.14,
                        "Plan Rows": 58722,
                        "Plan Width": 4,
                        "Actual Startup Time": 68.343,
                        "Actual Total Time": 68.345,
                        "Actual Rows": 52287,
                        "Actual Loops": 2,
                        "Hash Buckets": 131072,
                        "Original Hash Buckets": 131072,
                        "Hash Batches": 1,
                        "Original Hash Batches": 1,
                        "Peak Memory Usage": 5152,
                        "Plans": [
                          {
                            "Node Type": "Bitmap Heap Scan",
                            "Parent Relationship": "Outer",
                            "Parallel Aware": true,
                            "Relation Name": "title",
                            "Alias": "t",
                            "Startup Cost": 2205.89,
                            "Total Cost": 39282.14,
                            "Plan Rows": 58722,
                            "Plan Width": 4,
                            "Actual Startup Time": 14.884,
                            "Actual Total Time": 53.956,
                            "Actual Rows": 52287,
                            "Actual Loops": 2,
                            "Recheck Cond": "(kind_id = 4)",
                            "Rows Removed by Index Recheck": 0,
                            "Filter": "(production_year < 2011)",
                            "Rows Removed by Filter": 6830,
                            "Exact Heap Blocks": 9624,
                            "Lossy Heap Blocks": 0,
                            "Plans": [
                              {
                                "Node Type": "Bitmap Index Scan",
                                "Parent Relationship": "Outer",
                                "Parallel Aware": false,
                                "Index Name": "kind_id_title",
                                "Startup Cost": 0.0,
                                "Total Cost": 2180.94,
                                "Plan Rows": 122201,
                                "Plan Width": 0,
                                "Actual Startup Time": 14.682,
                                "Actual Total Time": 14.682,
                                "Actual Rows": 118234,
                                "Actual Loops": 1,
                                "Index Cond": "(kind_id = 4)"
                              }
                            ]
                          }
                        ]
                      }
                    ]
                  },
                  {
                    "Node Type": "Index Scan",
                    "Parent Relationship": "Inner",
                    "Parallel Aware": false,
                    "Scan Direction": "Forward",
                    "Index Name": "movie_id_movie_info",
                    "Relation Name": "movie_info",
                    "Alias": "mi",
                    "Startup Cost": 0.43,
                    "Total Cost": 1.71,
                    "Plan Rows": 15,
                    "Plan Width": 4,
                    "Actual Startup Time": 0.002,
                    "Actual Total Time": 0.006,
                    "Actual Rows": 5,
                    "Actual Loops": 204288,
                    "Index Cond": "(movie_id = mk.movie_id)",
                    "Rows Removed by Index Recheck": 0,
                    "Filter": "(info_type_id < 6)",
                    "Rows Removed by Filter": 6
                  }
                ]
              }
            ]
          }
        ]
      }
    ]
  },
  "Planning Time": 1.103,
  "Triggers": [],
  "Execution Time": 1058.43
}