[
  {
    "Plan": {
      "Node Type": "Aggregate",
      "Strategy": "Plain",
      "Partial Mode": "Finalize",
      "Parallel Aware": false,
      "Startup Cost": 33304.24,
      "Total Cost": 33304.25,
      "Plan Rows": 1,
      "Plan Width": 8,
      "Actual Startup Time": 114.351,
      "Actual Total Time": 122.45,
      "Actual Rows": 1,
      "Actual Loops": 1,
      "Plans": [
        {
          "Node Type": "Gather",
          "Parent Relationship": "Outer",
          "Parallel Aware": false,
          "Startup Cost": 33303.93,
          "Total Cost": 33304.24,
          "Plan Rows": 3,
          "Plan Width": 8,
          "Actual Startup Time": 114.224,
          "Actual Total Time": 122.442,
          "Actual Rows": 4,
          "Actual Loops": 1,
          "Workers Planned": 3,
          "Workers Launched": 3,
          "Single Copy": false,
          "Plans": [
            {
              "Node Type": "Aggregate",
              "Strategy": "Plain",
              "Partial Mode": "Partial",
              "Parent Relationship": "Outer",
              "Parallel Aware": false,
              "Startup Cost": 32303.93,
              "Total Cost": 32303.94,
              "Plan Rows": 1,
              "Plan Width": 8,
              "Actual Startup Time": 105.173,
              "Actual Total Time": 105.174,
              "Actual Rows": 1,
              "Actual Loops": 4,
              "Plans": [
                {
                  "Node Type": "Seq Scan",
                  "Parent Relationship": "Outer",
                  "Parallel Aware": true,
                  "Relation Name": "movie_companies",
                  "Alias": "mc",
                  "Startup Cost": 0.0,
                  "Total Cost": 31414.82,
                  "Plan Rows": 355643,
                  "Plan Width": 0,
                  "Actual Startup Time": 53.198,
                  "Actual Total Time": 93.935,
                  "Actual Rows": 221288,
                  "Actual Loops": 4,
                  "Filter": "((company_id < 77339) AND (company_type_id > 1))",
                  "Rows Removed by Filter": 430994
                }
              ]
            }
          ]
        }
      ]
    },
    "Planning Time": 0.223,
    "Triggers": [],
    "Execution Time": 122.508
  }
]