[
    {
        "Bao": {
            "Bao prediction": "NaN",
            "Bao recommended hint": "(no hint)"
        }
    },
    {
        "Plan": {
            "Node Type": "Aggregate",
            "Strategy": "Plain",
            "Partial Mode": "Finalize",
            "Parallel Aware": false,
            "Startup Cost": 32800.59,
            "Total Cost": 32800.6,
            "Plan Rows": 1,
            "Plan Width": 8,
            "Actual Startup Time": 89.017,
            "Actual Total Time": 94.253,
            "Actual Rows": 1,
            "Actual Loops": 1,
            "Output": [
                "count(*)"
            ],
            "Plans": [
                {
                    "Node Type": "Gather",
                    "Parent Relationship": "Outer",
                    "Parallel Aware": false,
                    "Startup Cost": 32800.27,
                    "Total Cost": 32800.58,
                    "Plan Rows": 3,
                    "Plan Width": 8,
                    "Actual Startup Time": 88.932,
                    "Actual Total Time": 94.247,
                    "Actual Rows": 4,
                    "Actual Loops": 1,
                    "Output": [
                        "(PARTIAL count(*))"
                    ],
                    "Workers Planned": 3,
                    "Workers Launched": 3,
                    "Single Copy": false,
                    "Plans": [
                        {
                            "Node Type": "Aggregate",
                            "Strategy": "Plain",
                            "Partial Mode": "Partial",
                            "Parent Relationship": "Outer",
                            "Parallel Aware": false,
                            "Startup Cost": 31800.27,
                            "Total Cost": 31800.28,
                            "Plan Rows": 1,
                            "Plan Width": 8,
                            "Actual Startup Time": 80.656,
                            "Actual Total Time": 80.657,
                            "Actual Rows": 1,
                            "Actual Loops": 4,
                            "Output": [
                                "PARTIAL count(*)"
                            ],
                            "Workers": [
                                {
                                    "Worker Number": 0,
                                    "Actual Startup Time": 77.816,
                                    "Actual Total Time": 77.817,
                                    "Actual Rows": 1,
                                    "Actual Loops": 1
                                },
                                {
                                    "Worker Number": 1,
                                    "Actual Startup Time": 78.005,
                                    "Actual Total Time": 78.007,
                                    "Actual Rows": 1,
                                    "Actual Loops": 1
                                },
                                {
                                    "Worker Number": 2,
                                    "Actual Startup Time": 78.143,
                                    "Actual Total Time": 78.145,
                                    "Actual Rows": 1,
                                    "Actual Loops": 1
                                }
                            ],
                            "Plans": [
                                {
                                    "Node Type": "Seq Scan",
                                    "Parent Relationship": "Outer",
                                    "Parallel Aware": true,
                                    "Relation Name": "movie_companies",
                                    "Schema": "public",
                                    "Alias": "mc",
                                    "Startup Cost": 0.0,
                                    "Total Cost": 31414.82,
                                    "Plan Rows": 154180,
                                    "Plan Width": 0,
                                    "Actual Startup Time": 40.206,
                                    "Actual Total Time": 72.673,
                                    "Actual Rows": 199021,
                                    "Actual Loops": 4,
                                    "Output": [
                                        "id",
                                        "movie_id",
                                        "company_id",
                                        "company_type_id",
                                        "note"
                                    ],
                                    "Filter": "((mc.company_id > 18974) AND (mc.company_type_id > 1))",
                                    "Rows Removed by Filter": 453261,
                                    "Workers": [
                                        {
                                            "Worker Number": 0,
                                            "Actual Startup Time": 37.371,
                                            "Actual Total Time": 70.144,
                                            "Actual Rows": 186395,
                                            "Actual Loops": 1
                                        },
                                        {
                                            "Worker Number": 1,
                                            "Actual Startup Time": 37.559,
                                            "Actual Total Time": 70.275,
                                            "Actual Rows": 190404,
                                            "Actual Loops": 1
                                        },
                                        {
                                            "Worker Number": 2,
                                            "Actual Startup Time": 37.696,
                                            "Actual Total Time": 70.407,
                                            "Actual Rows": 189047,
                                            "Actual Loops": 1
                                        }
                                    ]
                                }
                            ]
                        }
                    ]
                }
            ]
        },
        "Planning Time": 195.988,
        "Triggers": [],
        "Execution Time": 94.298
    }
]