{
    "Plan": {
        "Node Type": "Aggregate",
        "Strategy": "Plain",
        "Partial Mode": "Simple",
        "Parallel Aware": false,
        "Startup Cost": 10000209406.53,
        "Total Cost": 10000209406.54,
        "Plan Rows": 1,
        "Plan Width": 8,
        "Actual Startup Time": 3401.972,
        "Actual Total Time": 3401.975,
        "Actual Rows": 1,
        "Actual Loops": 1,
        "Output": [
            "count(*)"
        ],
        "Plans": [
            {
                "Node Type": "Hash Join",
                "Parent Relationship": "Outer",
                "Parallel Aware": false,
                "Join Type": "Inner",
                "Startup Cost": 10000165038.29,
                "Total Cost": 10000206287.2,
                "Plan Rows": 1247729,
                "Plan Width": 0,
                "Actual Startup Time": 2911.138,
                "Actual Total Time": 3351.108,
                "Actual Rows": 1214780,
                "Actual Loops": 1,
                "Inner Unique": true,
                "Hash Cond": "(mc.movie_id = t.id)",
                "Plans": [
                    {
                        "Node Type": "Bitmap Heap Scan",
                        "Parent Relationship": "Outer",
                        "Parallel Aware": false,
                        "Relation Name": "movie_companies",
                        "Schema": "public",
                        "Alias": "mc",
                        "Startup Cost": 23092.17,
                        "Total Cost": 61065.79,
                        "Plan Rows": 1247729,
                        "Plan Width": 4,
                        "Actual Startup Time": 85.457,
                        "Actual Total Time": 258.837,
                        "Actual Rows": 1214780,
                        "Actual Loops": 1,
                        "Output": [
                            "mc.id",
                            "mc.movie_id",
                            "mc.company_id",
                            "mc.company_type_id",
                            "mc.note"
                        ],
                        "Recheck Cond": "(mc.company_type_id < 2)",
                        "Rows Removed by Index Recheck": 0,
                        "Filter": "(mc.company_id > 6)",
                        "Rows Removed by Filter": 59466,
                        "Exact Heap Blocks": 11177,
                        "Lossy Heap Blocks": 0,
                        "Plans": [
                            {
                                "Node Type": "Bitmap Index Scan",
                                "Parent Relationship": "Outer",
                                "Parallel Aware": false,
                                "Index Name": "company_type_id_movie_companies",
                                "Startup Cost": 0.0,
                                "Total Cost": 22780.24,
                                "Plan Rows": 1278908,
                                "Plan Width": 0,
                                "Actual Startup Time": 83.379,
                                "Actual Total Time": 83.38,
                                "Actual Rows": 1274246,
                                "Actual Loops": 1,
                                "Index Cond": "(mc.company_type_id < 2)"
                            }
                        ]
                    },
                    {
                        "Node Type": "Hash",
                        "Parent Relationship": "Inner",
                        "Parallel Aware": false,
                        "Startup Cost": 10000110342.1,
                        "Total Cost": 10000110342.1,
                        "Plan Rows": 2528322,
                        "Plan Width": 4,
                        "Actual Startup Time": 2801.298,
                        "Actual Total Time": 2801.299,
                        "Actual Rows": 2528312,
                        "Actual Loops": 1,
                        "Output": [
                            "t.id"
                        ],
                        "Hash Buckets": 4194304,
                        "Original Hash Buckets": 4194304,
                        "Hash Batches": 1,
                        "Original Hash Batches": 1,
                        "Peak Memory Usage": 121654,
                        "Plans": [
                            {
                                "Node Type": "Index Scan",
                                "Parent Relationship": "Outer",
                                "Parallel Aware": false,
                                "Scan Direction": "Forward",
                                "Index Name": "title_pkey",
                                "Relation Name": "title",
                                "Schema": "public",
                                "Alias": "t",
                                "Startup Cost": 10000000000.43,
                                "Total Cost": 10000110342.1,
                                "Plan Rows": 2528322,
                                "Plan Width": 4,
                                "Actual Startup Time": 0.034,
                                "Actual Total Time": 1943.414,
                                "Actual Rows": 2528312,
                                "Actual Loops": 1,
                                "Output": [
                                    "t.id"
                                ]
                            }
                        ]
                    }
                ]
            }
        ]
    },
    "Planning Time": 2.807,
    "Triggers": [],
    "Execution Time": 3405.284
}