{
  "Plan": {
    "Node Type": "Aggregate",
    "Strategy": "Plain",
    "Partial Mode": "Finalize",
    "Parallel Aware": false,
    "Startup Cost": 100628.44,
    "Total Cost": 100628.45,
    "Plan Rows": 1,
    "Plan Width": 8,
    "Actual Startup Time": 362.197,
    "Actual Total Time": 377.592,
    "Actual Rows": 1,
    "Actual Loops": 1,
    "Plans": [
      {
        "Node Type": "Gather",
        "Parent Relationship": "Outer",
        "Parallel Aware": false,
        "Startup Cost": 100628.33,
        "Total Cost": 100628.44,
        "Plan Rows": 1,
        "Plan Width": 8,
        "Actual Startup Time": 361.803,
        "Actual Total Time": 377.58,
        "Actual Rows": 2,
        "Actual Loops": 1,
        "Workers Planned": 1,
        "Workers Launched": 1,
        "Single Copy": false,
        "Plans": [
          {
            "Node Type": "Aggregate",
            "Strategy": "Plain",
            "Partial Mode": "Partial",
            "Parent Relationship": "Outer",
            "Parallel Aware": false,
            "Startup Cost": 99628.33,
            "Total Cost": 99628.34,
            "Plan Rows": 1,
            "Plan Width": 8,
            "Actual Startup Time": 358.662,
            "Actual Total Time": 358.665,
            "Actual Rows": 1,
            "Actual Loops": 2,
            "Plans": [
              {
                "Node Type": "Hash Join",
                "Parent Relationship": "Outer",
                "Parallel Aware": true,
                "Join Type": "Inner",
                "Startup Cost": 58644.73,
                "Total Cost": 99577.08,
                "Plan Rows": 20501,
                "Plan Width": 0,
                "Actual Startup Time": 150.729,
                "Actual Total Time": 357.974,
                "Actual Rows": 13364,
                "Actual Loops": 2,
                "Inner Unique": true,
                "Hash Cond": "(mc.movie_id = t.id)",
                "Plans": [
                  {
                    "Node Type": "Seq Scan",
                    "Parent Relationship": "Outer",
                    "Parallel Aware": true,
                    "Relation Name": "movie_companies",
                    "Alias": "mc",
                    "Startup Cost": 0.0,
                    "Total Cost": 37974.77,
                    "Plan Rows": 1126695,
                    "Plan Width": 4,
                    "Actual Startup Time": 0.018,
                    "Actual Total Time": 122.233,
                    "Actual Rows": 949947,
                    "Actual Loops": 2,
                    "Filter": "(company_id < 44018)",
                    "Rows Removed by Filter": 354618
                  },
                  {
                    "Node Type": "Hash",
                    "Parent Relationship": "Inner",
                    "Parallel Aware": true,
                    "Startup Cost": 58306.47,
                    "Total Cost": 58306.47,
                    "Plan Rows": 27061,
                    "Plan Width": 4,
                    "Actual Startup Time": 149.642,
                    "Actual Total Time": 149.643,
                    "Actual Rows": 26432,
                    "Actual Loops": 2,
                    "Hash Buckets": 65536,
                    "Original Hash Buckets": 65536,
                    "Hash Batches": 1,
                    "Original Hash Batches": 1,
                    "Peak Memory Usage": 2624,
                    "Plans": [
                      {
                        "Node Type": "Seq Scan",
                        "Parent Relationship": "Outer",
                        "Parallel Aware": true,
                        "Relation Name": "title",
                        "Alias": "t",
                        "Startup Cost": 0.0,
                        "Total Cost": 58306.47,
                        "Plan Rows": 27061,
                        "Plan Width": 4,
                        "Actual Startup Time": 0.025,
                        "Actual Total Time": 140.282,
                        "Actual Rows": 26432,
                        "Actual Loops": 2,
                        "Filter": "((kind_id > 1) AND (production_year = 2002))",
                        "Rows Removed by Filter": 1237724
                      }
                    ]
                  }
                ]
              }
            ]
          }
        ]
      }
    ]
  },
  "Planning Time": 0.295,
  "Triggers": [],
  "Execution Time": 377.64
}