[
  {
    "Plan": {
      "Node Type": "Aggregate",
      "Strategy": "Plain",
      "Partial Mode": "Finalize",
      "Parallel Aware": false,
      "Startup Cost": 401843.08,
      "Total Cost": 401843.09,
      "Plan Rows": 1,
      "Plan Width": 8,
      "Actual Startup Time": 988.185,
      "Actual Total Time": 1012.179,
      "Actual Rows": 1,
      "Actual Loops": 1,
      "Plans": [
        {
          "Node Type": "Gather",
          "Parent Relationship": "Outer",
          "Parallel Aware": false,
          "Startup Cost": 401842.77,
          "Total Cost": 401843.08,
          "Plan Rows": 3,
          "Plan Width": 8,
          "Actual Startup Time": 984.165,
          "Actual Total Time": 1012.17,
          "Actual Rows": 4,
          "Actual Loops": 1,
          "Workers Planned": 3,
          "Workers Launched": 3,
          "Single Copy": false,
          "Plans": [
            {
              "Node Type": "Aggregate",
              "Strategy": "Plain",
              "Partial Mode": "Partial",
              "Parent Relationship": "Outer",
              "Parallel Aware": false,
              "Startup Cost": 400842.77,
              "Total Cost": 400842.78,
              "Plan Rows": 1,
              "Plan Width": 8,
              "Actual Startup Time": 978.607,
              "Actual Total Time": 978.613,
              "Actual Rows": 1,
              "Actual Loops": 4,
              "Plans": [
                {
                  "Node Type": "Hash Join",
                  "Parent Relationship": "Outer",
                  "Parallel Aware": true,
                  "Join Type": "Inner",
                  "Startup Cost": 355068.05,
                  "Total Cost": 400340.11,
                  "Plan Rows": 201061,
                  "Plan Width": 0,
                  "Actual Startup Time": 658.426,
                  "Actual Total Time": 921.198,
                  "Actual Rows": 1279554,
                  "Actual Loops": 4,
                  "Inner Unique": false,
                  "Hash Cond": "(mk.movie_id = t.id)",
                  "Plans": [
                    {
                      "Node Type": "Seq Scan",
                      "Parent Relationship": "Outer",
                      "Parallel Aware": true,
                      "Relation Name": "movie_keyword",
                      "Alias": "mk",
                      "Startup Cost": 0.0,
                      "Total Cost": 42695.65,
                      "Plan Rows": 597684,
                      "Plan Width": 4,
                      "Actual Startup Time": 0.38,
                      "Actual Total Time": 97.866,
                      "Actual Rows": 460832,
                      "Actual Loops": 4,
                      "Filter": "(keyword_id > 7532)",
                      "Rows Removed by Filter": 670151
                    },
                    {
                      "Node Type": "Hash",
                      "Parent Relationship": "Inner",
                      "Parallel Aware": true,
                      "Startup Cost": 353296.05,
                      "Total Cost": 353296.05,
                      "Plan Rows": 141760,
                      "Plan Width": 8,
                      "Actual Startup Time": 655.132,
                      "Actual Total Time": 655.136,
                      "Actual Rows": 234952,
                      "Actual Loops": 4,
                      "Hash Buckets": 1048576,
                      "Original Hash Buckets": 1048576,
                      "Hash Batches": 1,
                      "Original Hash Batches": 1,
                      "Peak Memory Usage": 45024,
                      "Plans": [
                        {
                          "Node Type": "Hash Join",
                          "Parent Relationship": "Outer",
                          "Parallel Aware": true,
                          "Join Type": "Inner",
                          "Startup Cost": 95113.65,
                          "Total Cost": 353296.05,
                          "Plan Rows": 141760,
                          "Plan Width": 8,
                          "Actual Startup Time": 280.916,
                          "Actual Total Time": 575.204,
                          "Actual Rows": 234952,
                          "Actual Loops": 4,
                          "Inner Unique": true,
                          "Hash Cond": "(ci.movie_id = t.id)",
                          "Plans": [
                            {
                              "Node Type": "Bitmap Heap Scan",
                              "Parent Relationship": "Outer",
                              "Parallel Aware": true,
                              "Relation Name": "cast_info",
                              "Alias": "ci",
                              "Startup Cost": 48131.5,
                              "Total Cost": 305360.15,
                              "Plan Rows": 363332,
                              "Plan Width": 4,
                              "Actual Startup Time": 108.422,
                              "Actual Total Time": 196.569,
                              "Actual Rows": 560876,
                              "Actual Loops": 4,
                              "Recheck Cond": "(person_id < 218827)",
                              "Rows Removed by Index Recheck": 0,
                              "Exact Heap Blocks": 5434,
                              "Lossy Heap Blocks": 0,
                              "Plans": [
                                {
                                  "Node Type": "Bitmap Index Scan",
                                  "Parent Relationship": "Outer",
                                  "Parallel Aware": false,
                                  "Index Name": "person_id_cast_info",
                                  "Startup Cost": 0.0,
                                  "Total Cost": 47586.51,
                                  "Plan Rows": 2179992,
                                  "Plan Width": 0,
                                  "Actual Startup Time": 102.727,
                                  "Actual Total Time": 102.728,
                                  "Actual Rows": 2243503,
                                  "Actual Loops": 1,
                                  "Index Cond": "(person_id < 218827)"
                                }
                              ]
                            },
                            {
                              "Node Type": "Hash",
                              "Parent Relationship": "Inner",
                              "Parallel Aware": true,
                              "Startup Cost": 43899.32,
                              "Total Cost": 43899.32,
                              "Plan Rows": 246626,
                              "Plan Width": 4,
                              "Actual Startup Time": 169.96,
                              "Actual Total Time": 169.961,
                              "Actual Rows": 246262,
                              "Actual Loops": 4,
                              "Hash Buckets": 1048576,
                              "Original Hash Buckets": 1048576,
                              "Hash Batches": 1,
                              "Original Hash Batches": 1,
                              "Peak Memory Usage": 46816,
                              "Plans": [
                                {
                                  "Node Type": "Seq Scan",
                                  "Parent Relationship": "Outer",
                                  "Parallel Aware": true,
                                  "Relation Name": "title",
                                  "Alias": "t",
                                  "Startup Cost": 0.0,
                                  "Total Cost": 43899.32,
                                  "Plan Rows": 246626,
                                  "Plan Width": 4,
                                  "Actual Startup Time": 0.034,
                                  "Actual Total Time": 95.889,
                                  "Actual Rows": 246262,
                                  "Actual Loops": 4,
                                  "Filter": "(kind_id < 7)",
                                  "Rows Removed by Filter": 385816
                                }
                              ]
                            }
                          ]
                        }
                      ]
                    }
                  ]
                }
              ]
            }
          ]
        }
      ]
    },
    "Planning Time": 0.571,
    "Triggers": [],
    "Execution Time": 1012.243
  }
]