[
    {
        "Bao": {
            "Bao prediction": "NaN",
            "Bao recommended hint": "(no hint)"
        }
    },
    {
        "Plan": {
            "Node Type": "Aggregate",
            "Strategy": "Plain",
            "Partial Mode": "Finalize",
            "Parallel Aware": false,
            "Startup Cost": 391813.03,
            "Total Cost": 391813.04,
            "Plan Rows": 1,
            "Plan Width": 8,
            "Actual Startup Time": 2301.002,
            "Actual Total Time": 2339.168,
            "Actual Rows": 1,
            "Actual Loops": 1,
            "Output": [
                "count(*)"
            ],
            "Plans": [
                {
                    "Node Type": "Gather",
                    "Parent Relationship": "Outer",
                    "Parallel Aware": false,
                    "Startup Cost": 391812.4,
                    "Total Cost": 391813.01,
                    "Plan Rows": 6,
                    "Plan Width": 8,
                    "Actual Startup Time": 2284.561,
                    "Actual Total Time": 2339.155,
                    "Actual Rows": 7,
                    "Actual Loops": 1,
                    "Output": [
                        "(PARTIAL count(*))"
                    ],
                    "Workers Planned": 6,
                    "Workers Launched": 6,
                    "Single Copy": false,
                    "Plans": [
                        {
                            "Node Type": "Aggregate",
                            "Strategy": "Plain",
                            "Partial Mode": "Partial",
                            "Parent Relationship": "Outer",
                            "Parallel Aware": false,
                            "Startup Cost": 390812.4,
                            "Total Cost": 390812.41,
                            "Plan Rows": 1,
                            "Plan Width": 8,
                            "Actual Startup Time": 2269.037,
                            "Actual Total Time": 2269.04,
                            "Actual Rows": 1,
                            "Actual Loops": 7,
                            "Output": [
                                "PARTIAL count(*)"
                            ],
                            "Workers": [
                                {
                                    "Worker Number": 0,
                                    "Actual Startup Time": 2266.1,
                                    "Actual Total Time": 2266.103,
                                    "Actual Rows": 1,
                                    "Actual Loops": 1
                                },
                                {
                                    "Worker Number": 1,
                                    "Actual Startup Time": 2266.25,
                                    "Actual Total Time": 2266.252,
                                    "Actual Rows": 1,
                                    "Actual Loops": 1
                                },
                                {
                                    "Worker Number": 2,
                                    "Actual Startup Time": 2267.685,
                                    "Actual Total Time": 2267.687,
                                    "Actual Rows": 1,
                                    "Actual Loops": 1
                                },
                                {
                                    "Worker Number": 3,
                                    "Actual Startup Time": 2266.466,
                                    "Actual Total Time": 2266.468,
                                    "Actual Rows": 1,
                                    "Actual Loops": 1
                                },
                                {
                                    "Worker Number": 4,
                                    "Actual Startup Time": 2266.517,
                                    "Actual Total Time": 2266.519,
                                    "Actual Rows": 1,
                                    "Actual Loops": 1
                                },
                                {
                                    "Worker Number": 5,
                                    "Actual Startup Time": 2266.642,
                                    "Actual Total Time": 2266.644,
                                    "Actual Rows": 1,
                                    "Actual Loops": 1
                                }
                            ],
                            "Plans": [
                                {
                                    "Node Type": "Hash Join",
                                    "Parent Relationship": "Outer",
                                    "Parallel Aware": true,
                                    "Join Type": "Inner",
                                    "Startup Cost": 49830.91,
                                    "Total Cost": 385489.24,
                                    "Plan Rows": 2129264,
                                    "Plan Width": 0,
                                    "Actual Startup Time": 243.839,
                                    "Actual Total Time": 2144.308,
                                    "Actual Rows": 1854180,
                                    "Actual Loops": 7,
                                    "Inner Unique": true,
                                    "Hash Cond": "(ci.movie_id = t.id)",
                                    "Workers": [
                                        {
                                            "Worker Number": 0,
                                            "Actual Startup Time": 241.074,
                                            "Actual Total Time": 2140.762,
                                            "Actual Rows": 1852443,
                                            "Actual Loops": 1
                                        },
                                        {
                                            "Worker Number": 1,
                                            "Actual Startup Time": 241.099,
                                            "Actual Total Time": 2142.112,
                                            "Actual Rows": 1969783,
                                            "Actual Loops": 1
                                        },
                                        {
                                            "Worker Number": 2,
                                            "Actual Startup Time": 241.491,
                                            "Actual Total Time": 2148.153,
                                            "Actual Rows": 1784385,
                                            "Actual Loops": 1
                                        },
                                        {
                                            "Worker Number": 3,
                                            "Actual Startup Time": 241.48,
                                            "Actual Total Time": 2145.824,
                                            "Actual Rows": 1763819,
                                            "Actual Loops": 1
                                        },
                                        {
                                            "Worker Number": 4,
                                            "Actual Startup Time": 241.523,
                                            "Actual Total Time": 2135.905,
                                            "Actual Rows": 1827228,
                                            "Actual Loops": 1
                                        },
                                        {
                                            "Worker Number": 5,
                                            "Actual Startup Time": 241.614,
                                            "Actual Total Time": 2137.322,
                                            "Actual Rows": 1805234,
                                            "Actual Loops": 1
                                        }
                                    ],
                                    "Plans": [
                                        {
                                            "Node Type": "Seq Scan",
                                            "Parent Relationship": "Outer",
                                            "Parallel Aware": true,
                                            "Relation Name": "cast_info",
                                            "Schema": "public",
                                            "Alias": "ci",
                                            "Startup Cost": 0.0,
                                            "Total Cost": 328213.62,
                                            "Plan Rows": 2836080,
                                            "Plan Width": 4,
                                            "Actual Startup Time": 0.032,
                                            "Actual Total Time": 712.551,
                                            "Actual Rows": 2420234,
                                            "Actual Loops": 7,
                                            "Output": [
                                                "ci.id",
                                                "ci.person_id",
                                                "ci.movie_id",
                                                "ci.person_role_id",
                                                "ci.note",
                                                "ci.nr_order",
                                                "ci.role_id"
                                            ],
                                            "Filter": "(ci.person_id < 1674365)",
                                            "Rows Removed by Filter": 2757529,
                                            "Workers": [
                                                {
                                                    "Worker Number": 0,
                                                    "Actual Startup Time": 0.032,
                                                    "Actual Total Time": 727.539,
                                                    "Actual Rows": 2413972,
                                                    "Actual Loops": 1
                                                },
                                                {
                                                    "Worker Number": 1,
                                                    "Actual Startup Time": 0.032,
                                                    "Actual Total Time": 719.278,
                                                    "Actual Rows": 2582216,
                                                    "Actual Loops": 1
                                                },
                                                {
                                                    "Worker Number": 2,
                                                    "Actual Startup Time": 0.033,
                                                    "Actual Total Time": 700.264,
                                                    "Actual Rows": 2335328,
                                                    "Actual Loops": 1
                                                },
                                                {
                                                    "Worker Number": 3,
                                                    "Actual Startup Time": 0.035,
                                                    "Actual Total Time": 703.858,
                                                    "Actual Rows": 2299475,
                                                    "Actual Loops": 1
                                                },
                                                {
                                                    "Worker Number": 4,
                                                    "Actual Startup Time": 0.037,
                                                    "Actual Total Time": 737.278,
                                                    "Actual Rows": 2378825,
                                                    "Actual Loops": 1
                                                },
                                                {
                                                    "Worker Number": 5,
                                                    "Actual Startup Time": 0.037,
                                                    "Actual Total Time": 734.306,
                                                    "Actual Rows": 2356555,
                                                    "Actual Loops": 1
                                                }
                                            ]
                                        },
                                        {
                                            "Node Type": "Hash",
                                            "Parent Relationship": "Inner",
                                            "Parallel Aware": true,
                                            "Startup Cost": 43899.01,
                                            "Total Cost": 43899.01,
                                            "Plan Rows": 474552,
                                            "Plan Width": 4,
                                            "Actual Startup Time": 238.642,
                                            "Actual Total Time": 238.643,
                                            "Actual Rows": 271894,
                                            "Actual Loops": 7,
                                            "Output": [
                                                "t.id"
                                            ],
                                            "Hash Buckets": 2097152,
                                            "Original Hash Buckets": 2097152,
                                            "Hash Batches": 1,
                                            "Original Hash Batches": 1,
                                            "Peak Memory Usage": 90976,
                                            "Workers": [
                                                {
                                                    "Worker Number": 0,
                                                    "Actual Startup Time": 240.087,
                                                    "Actual Total Time": 240.088,
                                                    "Actual Rows": 266232,
                                                    "Actual Loops": 1
                                                },
                                                {
                                                    "Worker Number": 1,
                                                    "Actual Startup Time": 240.317,
                                                    "Actual Total Time": 240.318,
                                                    "Actual Rows": 265897,
                                                    "Actual Loops": 1
                                                },
                                                {
                                                    "Worker Number": 2,
                                                    "Actual Startup Time": 240.506,
                                                    "Actual Total Time": 240.507,
                                                    "Actual Rows": 242385,
                                                    "Actual Loops": 1
                                                },
                                                {
                                                    "Worker Number": 3,
                                                    "Actual Startup Time": 240.475,
                                                    "Actual Total Time": 240.476,
                                                    "Actual Rows": 245577,
                                                    "Actual Loops": 1
                                                },
                                                {
                                                    "Worker Number": 4,
                                                    "Actual Startup Time": 240.556,
                                                    "Actual Total Time": 240.557,
                                                    "Actual Rows": 264126,
                                                    "Actual Loops": 1
                                                },
                                                {
                                                    "Worker Number": 5,
                                                    "Actual Startup Time": 240.659,
                                                    "Actual Total Time": 240.66,
                                                    "Actual Rows": 266003,
                                                    "Actual Loops": 1
                                                }
                                            ],
                                            "Plans": [
                                                {
                                                    "Node Type": "Seq Scan",
                                                    "Parent Relationship": "Outer",
                                                    "Parallel Aware": true,
                                                    "Relation Name": "title",
                                                    "Schema": "public",
                                                    "Alias": "t",
                                                    "Startup Cost": 0.0,
                                                    "Total Cost": 43899.01,
                                                    "Plan Rows": 474552,
                                                    "Plan Width": 4,
                                                    "Actual Startup Time": 0.062,
                                                    "Actual Total Time": 97.612,
                                                    "Actual Rows": 271894,
                                                    "Actual Loops": 7,
                                                    "Output": [
                                                        "t.id"
                                                    ],
                                                    "Filter": "(t.production_year > 1982)",
                                                    "Rows Removed by Filter": 89293,
                                                    "Workers": [
                                                        {
                                                            "Worker Number": 0,
                                                            "Actual Startup Time": 0.106,
                                                            "Actual Total Time": 100.974,
                                                            "Actual Rows": 266232,
                                                            "Actual Loops": 1
                                                        },
                                                        {
                                                            "Worker Number": 1,
                                                            "Actual Startup Time": 0.076,
                                                            "Actual Total Time": 100.801,
                                                            "Actual Rows": 265897,
                                                            "Actual Loops": 1
                                                        },
                                                        {
                                                            "Worker Number": 2,
                                                            "Actual Startup Time": 0.05,
                                                            "Actual Total Time": 97.004,
                                                            "Actual Rows": 242385,
                                                            "Actual Loops": 1
                                                        },
                                                        {
                                                            "Worker Number": 3,
                                                            "Actual Startup Time": 0.061,
                                                            "Actual Total Time": 98.091,
                                                            "Actual Rows": 245577,
                                                            "Actual Loops": 1
                                                        },
                                                        {
                                                            "Worker Number": 4,
                                                            "Actual Startup Time": 0.073,
                                                            "Actual Total Time": 101.585,
                                                            "Actual Rows": 264126,
                                                            "Actual Loops": 1
                                                        },
                                                        {
                                                            "Worker Number": 5,
                                                            "Actual Startup Time": 0.052,
                                                            "Actual Total Time": 100.666,
                                                            "Actual Rows": 266003,
                                                            "Actual Loops": 1
                                                        }
                                                    ]
                                                }
                                            ]
                                        }
                                    ]
                                }
                            ]
                        }
                    ]
                }
            ]
        },
        "Planning Time": 283.343,
        "Triggers": [],
        "Execution Time": 2339.272
    }
]