[
  {
    "Plan": {
      "Node Type": "Aggregate",
      "Strategy": "Plain",
      "Partial Mode": "Finalize",
      "Parallel Aware": false,
      "Startup Cost": 275568.97,
      "Total Cost": 275568.98,
      "Plan Rows": 1,
      "Plan Width": 8,
      "Actual Startup Time": 102.155,
      "Actual Total Time": 109.155,
      "Actual Rows": 1,
      "Actual Loops": 1,
      "Plans": [
        {
          "Node Type": "Gather",
          "Parent Relationship": "Outer",
          "Parallel Aware": false,
          "Startup Cost": 275568.34,
          "Total Cost": 275568.95,
          "Plan Rows": 6,
          "Plan Width": 8,
          "Actual Startup Time": 101.835,
          "Actual Total Time": 109.145,
          "Actual Rows": 7,
          "Actual Loops": 1,
          "Workers Planned": 6,
          "Workers Launched": 6,
          "Single Copy": false,
          "Plans": [
            {
              "Node Type": "Aggregate",
              "Strategy": "Plain",
              "Partial Mode": "Partial",
              "Parent Relationship": "Outer",
              "Parallel Aware": false,
              "Startup Cost": 274568.34,
              "Total Cost": 274568.35,
              "Plan Rows": 1,
              "Plan Width": 8,
              "Actual Startup Time": 94.171,
              "Actual Total Time": 94.173,
              "Actual Rows": 1,
              "Actual Loops": 7,
              "Plans": [
                {
                  "Node Type": "Bitmap Heap Scan",
                  "Parent Relationship": "Outer",
                  "Parallel Aware": true,
                  "Relation Name": "cast_info",
                  "Alias": "ci",
                  "Startup Cost": 19524.12,
                  "Total Cost": 274438.29,
                  "Plan Rows": 52022,
                  "Plan Width": 0,
                  "Actual Startup Time": 35.081,
                  "Actual Total Time": 86.653,
                  "Actual Rows": 97211,
                  "Actual Loops": 7,
                  "Recheck Cond": "(person_id < 95555)",
                  "Rows Removed by Index Recheck": 0,
                  "Filter": "(role_id < 2)",
                  "Rows Removed by Filter": 35099,
                  "Exact Heap Blocks": 3244,
                  "Lossy Heap Blocks": 0,
                  "Plans": [
                    {
                      "Node Type": "Bitmap Index Scan",
                      "Parent Relationship": "Outer",
                      "Parallel Aware": false,
                      "Index Name": "person_id_cast_info",
                      "Startup Cost": 0.0,
                      "Total Cost": 19446.08,
                      "Plan Rows": 890869,
                      "Plan Width": 0,
                      "Actual Startup Time": 40.551,
                      "Actual Total Time": 40.551,
                      "Actual Rows": 926173,
                      "Actual Loops": 1,
                      "Index Cond": "(person_id < 95555)"
                    }
                  ]
                }
              ]
            }
          ]
        }
      ]
    },
    "Planning Time": 0.236,
    "Triggers": [],
    "Execution Time": 109.237
  }
]