[
  {
    "Plan": {
      "Node Type": "Aggregate",
      "Strategy": "Plain",
      "Partial Mode": "Finalize",
      "Parallel Aware": false,
      "Startup Cost": 276544.43,
      "Total Cost": 276544.44,
      "Plan Rows": 1,
      "Plan Width": 8,
      "Actual Startup Time": 125.666,
      "Actual Total Time": 130.769,
      "Actual Rows": 1,
      "Actual Loops": 1,
      "Plans": [
        {
          "Node Type": "Gather",
          "Parent Relationship": "Outer",
          "Parallel Aware": false,
          "Startup Cost": 276543.8,
          "Total Cost": 276544.41,
          "Plan Rows": 6,
          "Plan Width": 8,
          "Actual Startup Time": 125.304,
          "Actual Total Time": 130.759,
          "Actual Rows": 7,
          "Actual Loops": 1,
          "Workers Planned": 6,
          "Workers Launched": 6,
          "Single Copy": false,
          "Plans": [
            {
              "Node Type": "Aggregate",
              "Strategy": "Plain",
              "Partial Mode": "Partial",
              "Parent Relationship": "Outer",
              "Parallel Aware": false,
              "Startup Cost": 275543.8,
              "Total Cost": 275543.81,
              "Plan Rows": 1,
              "Plan Width": 8,
              "Actual Startup Time": 115.018,
              "Actual Total Time": 115.02,
              "Actual Rows": 1,
              "Actual Loops": 7,
              "Plans": [
                {
                  "Node Type": "Bitmap Heap Scan",
                  "Parent Relationship": "Outer",
                  "Parallel Aware": true,
                  "Relation Name": "cast_info",
                  "Alias": "ci",
                  "Startup Cost": 20397.66,
                  "Total Cost": 275410.32,
                  "Plan Rows": 53392,
                  "Plan Width": 0,
                  "Actual Startup Time": 54.26,
                  "Actual Total Time": 106.697,
                  "Actual Rows": 97211,
                  "Actual Loops": 7,
                  "Recheck Cond": "(person_id < 95555)",
                  "Rows Removed by Index Recheck": 0,
                  "Filter": "(role_id < 2)",
                  "Rows Removed by Filter": 35099,
                  "Exact Heap Blocks": 2017,
                  "Lossy Heap Blocks": 0,
                  "Plans": [
                    {
                      "Node Type": "Bitmap Index Scan",
                      "Parent Relationship": "Outer",
                      "Parallel Aware": false,
                      "Index Name": "person_id_cast_info",
                      "Startup Cost": 0.0,
                      "Total Cost": 20317.57,
                      "Plan Rows": 930267,
                      "Plan Width": 0,
                      "Actual Startup Time": 61.072,
                      "Actual Total Time": 61.072,
                      "Actual Rows": 926173,
                      "Actual Loops": 1,
                      "Index Cond": "(person_id < 95555)"
                    }
                  ]
                }
              ]
            }
          ]
        }
      ]
    },
    "Planning Time": 0.228,
    "Triggers": [],
    "Execution Time": 130.855
  }
]