[
  {
    "Plan": {
      "Node Type": "Aggregate",
      "Strategy": "Plain",
      "Partial Mode": "Finalize",
      "Parallel Aware": false,
      "Startup Cost": 129197.25,
      "Total Cost": 129197.26,
      "Plan Rows": 1,
      "Plan Width": 8,
      "Actual Startup Time": 929.222,
      "Actual Total Time": 950.91,
      "Actual Rows": 1,
      "Actual Loops": 1,
      "Plans": [
        {
          "Node Type": "Gather",
          "Parent Relationship": "Outer",
          "Parallel Aware": false,
          "Startup Cost": 129196.93,
          "Total Cost": 129197.24,
          "Plan Rows": 3,
          "Plan Width": 8,
          "Actual Startup Time": 924.153,
          "Actual Total Time": 950.9,
          "Actual Rows": 4,
          "Actual Loops": 1,
          "Workers Planned": 3,
          "Workers Launched": 3,
          "Single Copy": false,
          "Plans": [
            {
              "Node Type": "Aggregate",
              "Strategy": "Plain",
              "Partial Mode": "Partial",
              "Parent Relationship": "Outer",
              "Parallel Aware": false,
              "Startup Cost": 128196.93,
              "Total Cost": 128196.94,
              "Plan Rows": 1,
              "Plan Width": 8,
              "Actual Startup Time": 915.182,
              "Actual Total Time": 915.537,
              "Actual Rows": 1,
              "Actual Loops": 4,
              "Plans": [
                {
                  "Node Type": "Hash Join",
                  "Parent Relationship": "Outer",
                  "Parallel Aware": true,
                  "Join Type": "Inner",
                  "Startup Cost": 81872.79,
                  "Total Cost": 127294.77,
                  "Plan Rows": 360864,
                  "Plan Width": 0,
                  "Actual Startup Time": 538.065,
                  "Actual Total Time": 854.556,
                  "Actual Rows": 1519605,
                  "Actual Loops": 4,
                  "Inner Unique": false,
                  "Hash Cond": "(mk.movie_id = t.id)",
                  "Plans": [
                    {
                      "Node Type": "Seq Scan",
                      "Parent Relationship": "Outer",
                      "Parallel Aware": true,
                      "Relation Name": "movie_keyword",
                      "Alias": "mk",
                      "Startup Cost": 0.0,
                      "Total Cost": 39047.32,
                      "Plan Rows": 1459332,
                      "Plan Width": 4,
                      "Actual Startup Time": 0.057,
                      "Actual Total Time": 88.232,
                      "Actual Rows": 1130982,
                      "Actual Loops": 4
                    },
                    {
                      "Node Type": "Hash",
                      "Parent Relationship": "Inner",
                      "Parallel Aware": true,
                      "Startup Cost": 79919.06,
                      "Total Cost": 79919.06,
                      "Plan Rows": 156299,
                      "Plan Width": 8,
                      "Actual Startup Time": 532.623,
                      "Actual Total Time": 532.976,
                      "Actual Rows": 222472,
                      "Actual Loops": 4,
                      "Hash Buckets": 1048576,
                      "Original Hash Buckets": 1048576,
                      "Hash Batches": 1,
                      "Original Hash Batches": 1,
                      "Peak Memory Usage": 43104,
                      "Plans": [
                        {
                          "Node Type": "Hash Join",
                          "Parent Relationship": "Outer",
                          "Parallel Aware": true,
                          "Join Type": "Inner",
                          "Startup Cost": 33935.77,
                          "Total Cost": 79919.06,
                          "Plan Rows": 156299,
                          "Plan Width": 8,
                          "Actual Startup Time": 161.076,
                          "Actual Total Time": 457.851,
                          "Actual Rows": 222472,
                          "Actual Loops": 4,
                          "Inner Unique": false,
                          "Hash Cond": "(t.id = mc.movie_id)",
                          "Plans": [
                            {
                              "Node Type": "Seq Scan",
                              "Parent Relationship": "Outer",
                              "Parallel Aware": true,
                              "Relation Name": "title",
                              "Alias": "t",
                              "Startup Cost": 0.0,
                              "Total Cost": 42318.73,
                              "Plan Rows": 632073,
                              "Plan Width": 4,
                              "Actual Startup Time": 0.015,
                              "Actual Total Time": 76.819,
                              "Actual Rows": 632078,
                              "Actual Loops": 4
                            },
                            {
                              "Node Type": "Hash",
                              "Parent Relationship": "Inner",
                              "Parallel Aware": true,
                              "Startup Cost": 31414.82,
                              "Total Cost": 31414.82,
                              "Plan Rows": 201676,
                              "Plan Width": 4,
                              "Actual Startup Time": 158.246,
                              "Actual Total Time": 158.247,
                              "Actual Rows": 222472,
                              "Actual Loops": 4,
                              "Hash Buckets": 1048576,
                              "Original Hash Buckets": 1048576,
                              "Hash Batches": 1,
                              "Original Hash Batches": 1,
                              "Peak Memory Usage": 43072,
                              "Plans": [
                                {
                                  "Node Type": "Seq Scan",
                                  "Parent Relationship": "Outer",
                                  "Parallel Aware": true,
                                  "Relation Name": "movie_companies",
                                  "Alias": "mc",
                                  "Startup Cost": 0.0,
                                  "Total Cost": 31414.82,
                                  "Plan Rows": 201676,
                                  "Plan Width": 4,
                                  "Actual Startup Time": 48.976,
                                  "Actual Total Time": 87.733,
                                  "Actual Rows": 222472,
                                  "Actual Loops": 4,
                                  "Filter": "((company_id > 11856) AND (company_type_id > 1))",
                                  "Rows Removed by Filter": 429810
                                }
                              ]
                            }
                          ]
                        }
                      ]
                    }
                  ]
                }
              ]
            }
          ]
        }
      ]
    },
    "Planning Time": 1.403,
    "Triggers": [],
    "Execution Time": 950.992
  }
]