[
  {
    "Plan": {
      "Node Type": "Aggregate",
      "Strategy": "Plain",
      "Partial Mode": "Finalize",
      "Parallel Aware": false,
      "Startup Cost": 46900.61,
      "Total Cost": 46900.62,
      "Plan Rows": 1,
      "Plan Width": 8,
      "Actual Startup Time": 175.542,
      "Actual Total Time": 185.516,
      "Actual Rows": 1,
      "Actual Loops": 1,
      "Plans": [
        {
          "Node Type": "Gather",
          "Parent Relationship": "Outer",
          "Parallel Aware": false,
          "Startup Cost": 46900.29,
          "Total Cost": 46900.6,
          "Plan Rows": 3,
          "Plan Width": 8,
          "Actual Startup Time": 175.4,
          "Actual Total Time": 185.507,
          "Actual Rows": 4,
          "Actual Loops": 1,
          "Workers Planned": 3,
          "Workers Launched": 3,
          "Single Copy": false,
          "Plans": [
            {
              "Node Type": "Aggregate",
              "Strategy": "Plain",
              "Partial Mode": "Partial",
              "Parent Relationship": "Outer",
              "Parallel Aware": false,
              "Startup Cost": 45900.29,
              "Total Cost": 45900.3,
              "Plan Rows": 1,
              "Plan Width": 8,
              "Actual Startup Time": 167.937,
              "Actual Total Time": 167.938,
              "Actual Rows": 1,
              "Actual Loops": 4,
              "Plans": [
                {
                  "Node Type": "Seq Scan",
                  "Parent Relationship": "Outer",
                  "Parallel Aware": true,
                  "Relation Name": "movie_keyword",
                  "Alias": "mk",
                  "Startup Cost": 0.0,
                  "Total Cost": 42695.65,
                  "Plan Rows": 1281856,
                  "Plan Width": 0,
                  "Actual Startup Time": 0.063,
                  "Actual Total Time": 124.26,
                  "Actual Rows": 996432,
                  "Actual Loops": 4,
                  "Filter": "(keyword_id < 34162)",
                  "Rows Removed by Filter": 134550
                }
              ]
            }
          ]
        }
      ]
    },
    "Planning Time": 0.209,
    "Triggers": [],
    "Execution Time": 185.574
  }
]