[
  {
    "Plan": {
      "Node Type": "Aggregate",
      "Strategy": "Plain",
      "Partial Mode": "Finalize",
      "Parallel Aware": false,
      "Startup Cost": 46887.28,
      "Total Cost": 46887.29,
      "Plan Rows": 1,
      "Plan Width": 8,
      "Actual Startup Time": 162.847,
      "Actual Total Time": 170.13,
      "Actual Rows": 1,
      "Actual Loops": 1,
      "Plans": [
        {
          "Node Type": "Gather",
          "Parent Relationship": "Outer",
          "Parallel Aware": false,
          "Startup Cost": 46886.96,
          "Total Cost": 46887.27,
          "Plan Rows": 3,
          "Plan Width": 8,
          "Actual Startup Time": 162.712,
          "Actual Total Time": 170.12,
          "Actual Rows": 4,
          "Actual Loops": 1,
          "Workers Planned": 3,
          "Workers Launched": 3,
          "Single Copy": false,
          "Plans": [
            {
              "Node Type": "Aggregate",
              "Strategy": "Plain",
              "Partial Mode": "Partial",
              "Parent Relationship": "Outer",
              "Parallel Aware": false,
              "Startup Cost": 45886.96,
              "Total Cost": 45886.97,
              "Plan Rows": 1,
              "Plan Width": 8,
              "Actual Startup Time": 159.17,
              "Actual Total Time": 159.171,
              "Actual Rows": 1,
              "Actual Loops": 4,
              "Plans": [
                {
                  "Node Type": "Seq Scan",
                  "Parent Relationship": "Outer",
                  "Parallel Aware": true,
                  "Relation Name": "movie_keyword",
                  "Alias": "mk",
                  "Startup Cost": 0.0,
                  "Total Cost": 42695.65,
                  "Plan Rows": 1276524,
                  "Plan Width": 0,
                  "Actual Startup Time": 0.023,
                  "Actual Total Time": 115.26,
                  "Actual Rows": 989555,
                  "Actual Loops": 4,
                  "Filter": "(keyword_id < 32482)",
                  "Rows Removed by Filter": 141428
                }
              ]
            }
          ]
        }
      ]
    },
    "Planning Time": 0.185,
    "Triggers": [],
    "Execution Time": 170.191
  }
]