{
  "Plan": {
    "Node Type": "Aggregate",
    "Strategy": "Plain",
    "Partial Mode": "Simple",
    "Parallel Aware": false,
    "Startup Cost": 228032.88,
    "Total Cost": 228032.89,
    "Plan Rows": 1,
    "Plan Width": 8,
    "Actual Startup Time": 2310.967,
    "Actual Total Time": 2310.97,
    "Actual Rows": 1,
    "Actual Loops": 1,
    "Plans": [
      {
        "Node Type": "Hash Join",
        "Parent Relationship": "Outer",
        "Parallel Aware": false,
        "Join Type": "Inner",
        "Startup Cost": 226963.96,
        "Total Cost": 228031.51,
        "Plan Rows": 548,
        "Plan Width": 0,
        "Actual Startup Time": 2310.955,
        "Actual Total Time": 2310.962,
        "Actual Rows": 16,
        "Actual Loops": 1,
        "Inner Unique": false,
        "Hash Cond": "(ci.movie_id = t.id)",
        "Plans": [
          {
            "Node Type": "Index Scan",
            "Parent Relationship": "Outer",
            "Parallel Aware": false,
            "Scan Direction": "Forward",
            "Index Name": "person_id_cast_info",
            "Relation Name": "cast_info",
            "Alias": "ci",
            "Startup Cost": 0.56,
            "Total Cost": 1059.67,
            "Plan Rows": 395,
            "Plan Width": 4,
            "Actual Startup Time": 0.221,
            "Actual Total Time": 0.225,
            "Actual Rows": 1,
            "Actual Loops": 1,
            "Index Cond": "(person_id = 1827603)",
            "Rows Removed by Index Recheck": 0,
            "Filter": "(role_id < 8)",
            "Rows Removed by Filter": 0
          },
          {
            "Node Type": "Hash",
            "Parent Relationship": "Inner",
            "Parallel Aware": false,
            "Startup Cost": 183099.21,
            "Total Cost": 183099.21,
            "Plan Rows": 3509135,
            "Plan Width": 8,
            "Actual Startup Time": 2276.923,
            "Actual Total Time": 2276.925,
            "Actual Rows": 3503148,
            "Actual Loops": 1,
            "Hash Buckets": 4194304,
            "Original Hash Buckets": 4194304,
            "Hash Batches": 1,
            "Original Hash Batches": 1,
            "Peak Memory Usage": 169610,
            "Plans": [
              {
                "Node Type": "Hash Join",
                "Parent Relationship": "Outer",
                "Parallel Aware": false,
                "Join Type": "Inner",
                "Startup Cost": 92884.59,
                "Total Cost": 183099.21,
                "Plan Rows": 3509135,
                "Plan Width": 8,
                "Actual Startup Time": 827.768,
                "Actual Total Time": 1788.186,
                "Actual Rows": 3503148,
                "Actual Loops": 1,
                "Inner Unique": true,
                "Hash Cond": "(mk.movie_id = t.id)",
                "Plans": [
                  {
                    "Node Type": "Seq Scan",
                    "Parent Relationship": "Outer",
                    "Parallel Aware": false,
                    "Relation Name": "movie_keyword",
                    "Alias": "mk",
                    "Startup Cost": 0.0,
                    "Total Cost": 81003.12,
                    "Plan Rows": 3509135,
                    "Plan Width": 4,
                    "Actual Startup Time": 0.152,
                    "Actual Total Time": 403.557,
                    "Actual Rows": 3503148,
                    "Actual Loops": 1,
                    "Filter": "(keyword_id > 992)",
                    "Rows Removed by Filter": 1020782
                  },
                  {
                    "Node Type": "Hash",
                    "Parent Relationship": "Inner",
                    "Parallel Aware": false,
                    "Startup Cost": 61280.93,
                    "Total Cost": 61280.93,
                    "Plan Rows": 2528293,
                    "Plan Width": 4,
                    "Actual Startup Time": 810.433,
                    "Actual Total Time": 810.434,
                    "Actual Rows": 2528312,
                    "Actual Loops": 1,
                    "Hash Buckets": 4194304,
                    "Original Hash Buckets": 4194304,
                    "Hash Batches": 1,
                    "Original Hash Batches": 1,
                    "Peak Memory Usage": 121654,
                    "Plans": [
                      {
                        "Node Type": "Seq Scan",
                        "Parent Relationship": "Outer",
                        "Parallel Aware": false,
                        "Relation Name": "title",
                        "Alias": "t",
                        "Startup Cost": 0.0,
                        "Total Cost": 61280.93,
                        "Plan Rows": 2528293,
                        "Plan Width": 4,
                        "Actual Startup Time": 0.012,
                        "Actual Total Time": 253.883,
                        "Actual Rows": 2528312,
                        "Actual Loops": 1
                      }
                    ]
                  }
                ]
              }
            ]
          }
        ]
      }
    ]
  },
  "Planning Time": 0.898,
  "Triggers": [],
  "Execution Time": 2323.092
}