[
  {
    "Plan": {
      "Node Type": "Aggregate",
      "Strategy": "Plain",
      "Partial Mode": "Finalize",
      "Parallel Aware": false,
      "Startup Cost": 133575.47,
      "Total Cost": 133575.48,
      "Plan Rows": 1,
      "Plan Width": 8,
      "Actual Startup Time": 1047.865,
      "Actual Total Time": 1067.432,
      "Actual Rows": 1,
      "Actual Loops": 1,
      "Plans": [
        {
          "Node Type": "Gather",
          "Parent Relationship": "Outer",
          "Parallel Aware": false,
          "Startup Cost": 133575.16,
          "Total Cost": 133575.47,
          "Plan Rows": 3,
          "Plan Width": 8,
          "Actual Startup Time": 1036.174,
          "Actual Total Time": 1067.424,
          "Actual Rows": 4,
          "Actual Loops": 1,
          "Workers Planned": 3,
          "Workers Launched": 3,
          "Single Copy": false,
          "Plans": [
            {
              "Node Type": "Aggregate",
              "Strategy": "Plain",
              "Partial Mode": "Partial",
              "Parent Relationship": "Outer",
              "Parallel Aware": false,
              "Startup Cost": 132575.16,
              "Total Cost": 132575.17,
              "Plan Rows": 1,
              "Plan Width": 8,
              "Actual Startup Time": 1025.969,
              "Actual Total Time": 1025.975,
              "Actual Rows": 1,
              "Actual Loops": 4,
              "Plans": [
                {
                  "Node Type": "Hash Join",
                  "Parent Relationship": "Outer",
                  "Parallel Aware": true,
                  "Join Type": "Inner",
                  "Startup Cost": 85574.41,
                  "Total Cost": 131491.93,
                  "Plan Rows": 433289,
                  "Plan Width": 0,
                  "Actual Startup Time": 608.907,
                  "Actual Total Time": 950.575,
                  "Actual Rows": 1683213,
                  "Actual Loops": 4,
                  "Inner Unique": false,
                  "Hash Cond": "(mk.movie_id = t.id)",
                  "Plans": [
                    {
                      "Node Type": "Seq Scan",
                      "Parent Relationship": "Outer",
                      "Parallel Aware": true,
                      "Relation Name": "movie_keyword",
                      "Alias": "mk",
                      "Startup Cost": 0.0,
                      "Total Cost": 39047.32,
                      "Plan Rows": 1459332,
                      "Plan Width": 4,
                      "Actual Startup Time": 0.038,
                      "Actual Total Time": 90.984,
                      "Actual Rows": 1130982,
                      "Actual Loops": 4
                    },
                    {
                      "Node Type": "Hash",
                      "Parent Relationship": "Inner",
                      "Parallel Aware": true,
                      "Startup Cost": 82547.34,
                      "Total Cost": 82547.34,
                      "Plan Rows": 242165,
                      "Plan Width": 8,
                      "Actual Startup Time": 603.243,
                      "Actual Total Time": 603.247,
                      "Actual Rows": 233213,
                      "Actual Loops": 4,
                      "Hash Buckets": 1048576,
                      "Original Hash Buckets": 1048576,
                      "Hash Batches": 1,
                      "Original Hash Batches": 1,
                      "Peak Memory Usage": 44768,
                      "Plans": [
                        {
                          "Node Type": "Hash Join",
                          "Parent Relationship": "Outer",
                          "Parallel Aware": true,
                          "Join Type": "Inner",
                          "Startup Cost": 50354.42,
                          "Total Cost": 82547.34,
                          "Plan Rows": 242165,
                          "Plan Width": 8,
                          "Actual Startup Time": 361.763,
                          "Actual Total Time": 522.602,
                          "Actual Rows": 233213,
                          "Actual Loops": 4,
                          "Inner Unique": true,
                          "Hash Cond": "(mc.movie_id = t.id)",
                          "Plans": [
                            {
                              "Node Type": "Seq Scan",
                              "Parent Relationship": "Outer",
                              "Parallel Aware": true,
                              "Relation Name": "movie_companies",
                              "Alias": "mc",
                              "Startup Cost": 0.0,
                              "Total Cost": 31414.82,
                              "Plan Rows": 296421,
                              "Plan Width": 4,
                              "Actual Startup Time": 35.346,
                              "Actual Total Time": 79.719,
                              "Actual Rows": 275145,
                              "Actual Loops": 4,
                              "Filter": "((company_id > 1880) AND (company_type_id > 1))",
                              "Rows Removed by Filter": 377138
                            },
                            {
                              "Node Type": "Hash",
                              "Parent Relationship": "Inner",
                              "Parallel Aware": true,
                              "Startup Cost": 43899.32,
                              "Total Cost": 43899.32,
                              "Plan Rows": 516408,
                              "Plan Width": 4,
                              "Actual Startup Time": 321.611,
                              "Actual Total Time": 321.612,
                              "Actual Rows": 516138,
                              "Actual Loops": 4,
                              "Hash Buckets": 2097152,
                              "Original Hash Buckets": 2097152,
                              "Hash Batches": 1,
                              "Original Hash Batches": 1,
                              "Peak Memory Usage": 97184,
                              "Plans": [
                                {
                                  "Node Type": "Seq Scan",
                                  "Parent Relationship": "Outer",
                                  "Parallel Aware": true,
                                  "Relation Name": "title",
                                  "Alias": "t",
                                  "Startup Cost": 0.0,
                                  "Total Cost": 43899.32,
                                  "Plan Rows": 516408,
                                  "Plan Width": 4,
                                  "Actual Startup Time": 0.054,
                                  "Actual Total Time": 124.429,
                                  "Actual Rows": 516138,
                                  "Actual Loops": 4,
                                  "Filter": "(production_year < 2011)",
                                  "Rows Removed by Filter": 115940
                                }
                              ]
                            }
                          ]
                        }
                      ]
                    }
                  ]
                }
              ]
            }
          ]
        }
      ]
    },
    "Planning Time": 1.317,
    "Triggers": [],
    "Execution Time": 1067.508
  }
]