[
  {
    "Plan": {
      "Node Type": "Aggregate",
      "Strategy": "Plain",
      "Partial Mode": "Finalize",
      "Parallel Aware": false,
      "Startup Cost": 132140.69,
      "Total Cost": 132140.7,
      "Plan Rows": 1,
      "Plan Width": 8,
      "Actual Startup Time": 880.754,
      "Actual Total Time": 900.475,
      "Actual Rows": 1,
      "Actual Loops": 1,
      "Plans": [
        {
          "Node Type": "Gather",
          "Parent Relationship": "Outer",
          "Parallel Aware": false,
          "Startup Cost": 132140.37,
          "Total Cost": 132140.68,
          "Plan Rows": 3,
          "Plan Width": 8,
          "Actual Startup Time": 875.226,
          "Actual Total Time": 900.464,
          "Actual Rows": 4,
          "Actual Loops": 1,
          "Workers Planned": 3,
          "Workers Launched": 3,
          "Single Copy": false,
          "Plans": [
            {
              "Node Type": "Aggregate",
              "Strategy": "Plain",
              "Partial Mode": "Partial",
              "Parent Relationship": "Outer",
              "Parallel Aware": false,
              "Startup Cost": 131140.37,
              "Total Cost": 131140.38,
              "Plan Rows": 1,
              "Plan Width": 8,
              "Actual Startup Time": 866.715,
              "Actual Total Time": 867.064,
              "Actual Rows": 1,
              "Actual Loops": 4,
              "Plans": [
                {
                  "Node Type": "Hash Join",
                  "Parent Relationship": "Outer",
                  "Parallel Aware": true,
                  "Join Type": "Inner",
                  "Startup Cost": 84478.15,
                  "Total Cost": 130069.17,
                  "Plan Rows": 428481,
                  "Plan Width": 0,
                  "Actual Startup Time": 491.523,
                  "Actual Total Time": 801.148,
                  "Actual Rows": 1683213,
                  "Actual Loops": 4,
                  "Inner Unique": false,
                  "Hash Cond": "(mk.movie_id = t.id)",
                  "Plans": [
                    {
                      "Node Type": "Seq Scan",
                      "Parent Relationship": "Outer",
                      "Parallel Aware": true,
                      "Relation Name": "movie_keyword",
                      "Alias": "mk",
                      "Startup Cost": 0.0,
                      "Total Cost": 39047.32,
                      "Plan Rows": 1459332,
                      "Plan Width": 4,
                      "Actual Startup Time": 0.023,
                      "Actual Total Time": 82.596,
                      "Actual Rows": 1130982,
                      "Actual Loops": 4
                    },
                    {
                      "Node Type": "Hash",
                      "Parent Relationship": "Inner",
                      "Parallel Aware": true,
                      "Startup Cost": 82158.32,
                      "Total Cost": 82158.32,
                      "Plan Rows": 185586,
                      "Plan Width": 8,
                      "Actual Startup Time": 485.459,
                      "Actual Total Time": 485.806,
                      "Actual Rows": 233213,
                      "Actual Loops": 4,
                      "Hash Buckets": 1048576,
                      "Original Hash Buckets": 1048576,
                      "Hash Batches": 1,
                      "Original Hash Batches": 1,
                      "Peak Memory Usage": 44736,
                      "Plans": [
                        {
                          "Node Type": "Hash Join",
                          "Parent Relationship": "Outer",
                          "Parallel Aware": true,
                          "Join Type": "Inner",
                          "Startup Cost": 35079.02,
                          "Total Cost": 82158.32,
                          "Plan Rows": 185586,
                          "Plan Width": 8,
                          "Actual Startup Time": 175.47,
                          "Actual Total Time": 418.969,
                          "Actual Rows": 233213,
                          "Actual Loops": 4,
                          "Inner Unique": false,
                          "Hash Cond": "(t.id = mc.movie_id)",
                          "Plans": [
                            {
                              "Node Type": "Seq Scan",
                              "Parent Relationship": "Outer",
                              "Parallel Aware": true,
                              "Relation Name": "title",
                              "Alias": "t",
                              "Startup Cost": 0.0,
                              "Total Cost": 43898.92,
                              "Plan Rows": 516346,
                              "Plan Width": 4,
                              "Actual Startup Time": 0.012,
                              "Actual Total Time": 88.306,
                              "Actual Rows": 516138,
                              "Actual Loops": 4,
                              "Filter": "(production_year < 2011)",
                              "Rows Removed by Filter": 115940
                            },
                            {
                              "Node Type": "Hash",
                              "Parent Relationship": "Inner",
                              "Parallel Aware": true,
                              "Startup Cost": 31414.82,
                              "Total Cost": 31414.82,
                              "Plan Rows": 293136,
                              "Plan Width": 4,
                              "Actual Startup Time": 172.847,
                              "Actual Total Time": 172.848,
                              "Actual Rows": 275145,
                              "Actual Loops": 4,
                              "Hash Buckets": 2097152,
                              "Original Hash Buckets": 1048576,
                              "Hash Batches": 1,
                              "Original Hash Batches": 1,
                              "Peak Memory Usage": 67680,
                              "Plans": [
                                {
                                  "Node Type": "Seq Scan",
                                  "Parent Relationship": "Outer",
                                  "Parallel Aware": true,
                                  "Relation Name": "movie_companies",
                                  "Alias": "mc",
                                  "Startup Cost": 0.0,
                                  "Total Cost": 31414.82,
                                  "Plan Rows": 293136,
                                  "Plan Width": 4,
                                  "Actual Startup Time": 47.116,
                                  "Actual Total Time": 86.44,
                                  "Actual Rows": 275145,
                                  "Actual Loops": 4,
                                  "Filter": "((company_id > 1880) AND (company_type_id > 1))",
                                  "Rows Removed by Filter": 377138
                                }
                              ]
                            }
                          ]
                        }
                      ]
                    }
                  ]
                }
              ]
            }
          ]
        }
      ]
    },
    "Planning Time": 1.419,
    "Triggers": [],
    "Execution Time": 900.571
  }
]