[
  {
    "Plan": {
      "Node Type": "Aggregate",
      "Strategy": "Plain",
      "Partial Mode": "Finalize",
      "Parallel Aware": false,
      "Startup Cost": 194008.07,
      "Total Cost": 194008.08,
      "Plan Rows": 1,
      "Plan Width": 8,
      "Actual Startup Time": 129.034,
      "Actual Total Time": 148.668,
      "Actual Rows": 1,
      "Actual Loops": 1,
      "Plans": [
        {
          "Node Type": "Gather",
          "Parent Relationship": "Outer",
          "Parallel Aware": false,
          "Startup Cost": 194007.65,
          "Total Cost": 194008.06,
          "Plan Rows": 4,
          "Plan Width": 8,
          "Actual Startup Time": 128.874,
          "Actual Total Time": 148.658,
          "Actual Rows": 5,
          "Actual Loops": 1,
          "Workers Planned": 4,
          "Workers Launched": 4,
          "Single Copy": false,
          "Plans": [
            {
              "Node Type": "Aggregate",
              "Strategy": "Plain",
              "Partial Mode": "Partial",
              "Parent Relationship": "Outer",
              "Parallel Aware": false,
              "Startup Cost": 193007.65,
              "Total Cost": 193007.66,
              "Plan Rows": 1,
              "Plan Width": 8,
              "Actual Startup Time": 118.668,
              "Actual Total Time": 118.669,
              "Actual Rows": 1,
              "Actual Loops": 5,
              "Plans": [
                {
                  "Node Type": "Nested Loop",
                  "Parent Relationship": "Outer",
                  "Parallel Aware": false,
                  "Join Type": "Inner",
                  "Startup Cost": 0.43,
                  "Total Cost": 193005.79,
                  "Plan Rows": 744,
                  "Plan Width": 0,
                  "Actual Startup Time": 61.69,
                  "Actual Total Time": 118.636,
                  "Actual Rows": 157,
                  "Actual Loops": 5,
                  "Inner Unique": false,
                  "Plans": [
                    {
                      "Node Type": "Seq Scan",
                      "Parent Relationship": "Outer",
                      "Parallel Aware": true,
                      "Relation Name": "title",
                      "Alias": "t",
                      "Startup Cost": 0.0,
                      "Total Cost": 43899.32,
                      "Plan Rows": 1559,
                      "Plan Width": 4,
                      "Actual Startup Time": 60.819,
                      "Actual Total Time": 82.133,
                      "Actual Rows": 1625,
                      "Actual Loops": 5,
                      "Filter": "(production_year = 1914)",
                      "Rows Removed by Filter": 504037
                    },
                    {
                      "Node Type": "Index Scan",
                      "Parent Relationship": "Inner",
                      "Parallel Aware": false,
                      "Scan Direction": "Forward",
                      "Index Name": "movie_id_movie_info",
                      "Relation Name": "movie_info",
                      "Alias": "mi",
                      "Startup Cost": 0.43,
                      "Total Cost": 95.61,
                      "Plan Rows": 3,
                      "Plan Width": 4,
                      "Actual Startup Time": 0.022,
                      "Actual Total Time": 0.022,
                      "Actual Rows": 0,
                      "Actual Loops": 8125,
                      "Index Cond": "(movie_id = t.id)",
                      "Rows Removed by Index Recheck": 0,
                      "Filter": "(info_type_id > 18)",
                      "Rows Removed by Filter": 12
                    }
                  ]
                }
              ]
            }
          ]
        }
      ]
    },
    "Planning Time": 0.595,
    "Triggers": [],
    "Execution Time": 148.732
  }
]