{
  "Plan": {
    "Node Type": "Aggregate",
    "Strategy": "Plain",
    "Partial Mode": "Simple",
    "Parallel Aware": false,
    "Startup Cost": 589743.92,
    "Total Cost": 589743.93,
    "Plan Rows": 1,
    "Plan Width": 96,
    "Actual Startup Time": 3038.591,
    "Actual Total Time": 3038.788,
    "Actual Rows": 1,
    "Actual Loops": 1,
    "Plans": [
      {
        "Node Type": "Merge Join",
        "Parent Relationship": "Outer",
        "Parallel Aware": false,
        "Join Type": "Inner",
        "Startup Cost": 589743.8,
        "Total Cost": 589743.91,
        "Plan Rows": 1,
        "Plan Width": 42,
        "Actual Startup Time": 3038.472,
        "Actual Total Time": 3038.729,
        "Actual Rows": 397,
        "Actual Loops": 1,
        "Inner Unique": true,
        "Merge Cond": "(mi_idx.info_type_id = it2.id)",
        "Plans": [
          {
            "Node Type": "Sort",
            "Parent Relationship": "Outer",
            "Parallel Aware": false,
            "Startup Cost": 589741.37,
            "Total Cost": 589741.42,
            "Plan Rows": 20,
            "Plan Width": 46,
            "Actual Startup Time": 3038.351,
            "Actual Total Time": 3038.594,
            "Actual Rows": 1428,
            "Actual Loops": 1,
            "Sort Key": [
              "mi_idx.info_type_id"
            ],
            "Sort Method": "quicksort",
            "Sort Space Used": 188,
            "Sort Space Type": "Memory",
            "Plans": [
              {
                "Node Type": "Merge Join",
                "Parent Relationship": "Outer",
                "Parallel Aware": false,
                "Join Type": "Inner",
                "Startup Cost": 589729.13,
                "Total Cost": 589740.94,
                "Plan Rows": 20,
                "Plan Width": 46,
                "Actual Startup Time": 3037.764,
                "Actual Total Time": 3038.179,
                "Actual Rows": 1428,
                "Actual Loops": 1,
                "Inner Unique": false,
                "Merge Cond": "(it1.id = mi.info_type_id)",
                "Plans": [
                  {
                    "Node Type": "Sort",
                    "Parent Relationship": "Outer",
                    "Parallel Aware": false,
                    "Startup Cost": 2.42,
                    "Total Cost": 2.43,
                    "Plan Rows": 1,
                    "Plan Width": 4,
                    "Actual Startup Time": 0.062,
                    "Actual Total Time": 0.063,
                    "Actual Rows": 1,
                    "Actual Loops": 1,
                    "Sort Key": [
                      "it1.id"
                    ],
                    "Sort Method": "quicksort",
                    "Sort Space Used": 25,
                    "Sort Space Type": "Memory",
                    "Plans": [
                      {
                        "Node Type": "Seq Scan",
                        "Parent Relationship": "Outer",
                        "Parallel Aware": false,
                        "Relation Name": "info_type",
                        "Alias": "it1",
                        "Startup Cost": 0.0,
                        "Total Cost": 2.41,
                        "Plan Rows": 1,
                        "Plan Width": 4,
                        "Actual Startup Time": 0.023,
                        "Actual Total Time": 0.037,
                        "Actual Rows": 1,
                        "Actual Loops": 1,
                        "Filter": "((info)::text = 'genres'::text)",
                        "Rows Removed by Filter": 112
                      }
                    ]
                  },
                  {
                    "Node Type": "Sort",
                    "Parent Relationship": "Inner",
                    "Parallel Aware": false,
                    "Startup Cost": 589726.71,
                    "Total Cost": 589732.5,
                    "Plan Rows": 2317,
                    "Plan Width": 50,
                    "Actual Startup Time": 3037.697,
                    "Actual Total Time": 3037.944,
                    "Actual Rows": 1428,
                    "Actual Loops": 1,
                    "Sort Key": [
                      "mi.info_type_id"
                    ],
                    "Sort Method": "quicksort",
                    "Sort Space Used": 205,
                    "Sort Space Type": "Memory",
                    "Plans": [
                      {
                        "Node Type": "Merge Join",
                        "Parent Relationship": "Outer",
                        "Parallel Aware": false,
                        "Join Type": "Inner",
                        "Startup Cost": 589113.94,
                        "Total Cost": 589597.21,
                        "Plan Rows": 2317,
                        "Plan Width": 50,
                        "Actual Startup Time": 3017.707,
                        "Actual Total Time": 3037.425,
                        "Actual Rows": 1428,
                        "Actual Loops": 1,
                        "Inner Unique": true,
                        "Merge Cond": "(mc.company_id = cn.id)",
                        "Plans": [
                          {
                            "Node Type": "Sort",
                            "Parent Relationship": "Outer",
                            "Parallel Aware": false,
                            "Startup Cost": 576138.08,
                            "Total Cost": 576153.93,
                            "Plan Rows": 6337,
                            "Plan Width": 35,
                            "Actual Startup Time": 2962.685,
                            "Actual Total Time": 2963.464,
                            "Actual Rows": 3808,
                            "Actual Loops": 1,
                            "Sort Key": [
                              "mc.company_id"
                            ],
                            "Sort Method": "quicksort",
                            "Sort Space Used": 406,
                            "Sort Space Type": "Memory",
                            "Plans": [
                              {
                                "Node Type": "Merge Join",
                                "Parent Relationship": "Outer",
                                "Parallel Aware": false,
                                "Join Type": "Inner",
                                "Startup Cost": 574358.88,
                                "Total Cost": 575737.91,
                                "Plan Rows": 6337,
                                "Plan Width": 35,
                                "Actual Startup Time": 2934.903,
                                "Actual Total Time": 2961.653,
                                "Actual Rows": 3808,
                                "Actual Loops": 1,
                                "Inner Unique": false,
                                "Merge Cond": "(t.id = mi.movie_id)",
                                "Plans": [
                                  {
                                    "Node Type": "Sort",
                                    "Parent Relationship": "Outer",
                                    "Parallel Aware": false,
                                    "Startup Cost": 324282.14,
                                    "Total Cost": 324309.34,
                                    "Plan Rows": 10880,
                                    "Plan Width": 43,
                                    "Actual Startup Time": 2389.661,
                                    "Actual Total Time": 2390.374,
                                    "Actual Rows": 15644,
                                    "Actual Loops": 1,
                                    "Sort Key": [
                                      "mc.movie_id"
                                    ],
                                    "Sort Method": "quicksort",
                                    "Sort Space Used": 1798,
                                    "Sort Space Type": "Memory",
                                    "Plans": [
                                      {
                                        "Node Type": "Merge Join",
                                        "Parent Relationship": "Outer",
                                        "Parallel Aware": false,
                                        "Join Type": "Inner",
                                        "Startup Cost": 323226.27,
                                        "Total Cost": 323552.67,
                                        "Plan Rows": 10880,
                                        "Plan Width": 43,
                                        "Actual Startup Time": 2379.442,
                                        "Actual Total Time": 2383.869,
                                        "Actual Rows": 15644,
                                        "Actual Loops": 1,
                                        "Inner Unique": false,
                                        "Merge Cond": "(ct.id = mc.company_type_id)",
                                        "Plans": [
                                          {
                                            "Node Type": "Sort",
                                            "Parent Relationship": "Outer",
                                            "Parallel Aware": false,
                                            "Startup Cost": 1.06,
                                            "Total Cost": 1.06,
                                            "Plan Rows": 1,
                                            "Plan Width": 4,
                                            "Actual Startup Time": 0.029,
                                            "Actual Total Time": 0.031,
                                            "Actual Rows": 1,
                                            "Actual Loops": 1,
                                            "Sort Key": [
                                              "ct.id"
                                            ],
                                            "Sort Method": "quicksort",
                                            "Sort Space Used": 25,
                                            "Sort Space Type": "Memory",
                                            "Plans": [
                                              {
                                                "Node Type": "Seq Scan",
                                                "Parent Relationship": "Outer",
                                                "Parallel Aware": false,
                                                "Relation Name": "company_type",
                                                "Alias": "ct",
                                                "Startup Cost": 0.0,
                                                "Total Cost": 1.05,
                                                "Plan Rows": 1,
                                                "Plan Width": 4,
                                                "Actual Startup Time": 0.009,
                                                "Actual Total Time": 0.01,
                                                "Actual Rows": 1,
                                                "Actual Loops": 1,
                                                "Filter": "((kind)::text = 'production companies'::text)",
                                                "Rows Removed by Filter": 3
                                              }
                                            ]
                                          },
                                          {
                                            "Node Type": "Sort",
                                            "Parent Relationship": "Inner",
                                            "Parallel Aware": false,
                                            "Startup Cost": 323225.21,
                                            "Total Cost": 323334.01,
                                            "Plan Rows": 43518,
                                            "Plan Width": 47,
                                            "Actual Startup Time": 2376.062,
                                            "Actual Total Time": 2378.707,
                                            "Actual Rows": 38393,
                                            "Actual Loops": 1,
                                            "Sort Key": [
                                              "mc.company_type_id"
                                            ],
                                            "Sort Method": "quicksort",
                                            "Sort Space Used": 5258,
                                            "Sort Space Type": "Memory",
                                            "Plans": [
                                              {
                                                "Node Type": "Gather Merge",
                                                "Parent Relationship": "Outer",
                                                "Parallel Aware": false,
                                                "Startup Cost": 117165.04,
                                                "Total Cost": 319872.3,
                                                "Plan Rows": 43518,
                                                "Plan Width": 47,
                                                "Actual Startup Time": 752.216,
                                                "Actual Total Time": 2364.762,
                                                "Actual Rows": 38393,
                                                "Actual Loops": 1,
                                                "Workers Planned": 2,
                                                "Workers Launched": 2,
                                                "Plans": [
                                                  {
                                                    "Node Type": "Merge Join",
                                                    "Parent Relationship": "Outer",
                                                    "Parallel Aware": false,
                                                    "Join Type": "Inner",
                                                    "Startup Cost": 116165.02,
                                                    "Total Cost": 313849.22,
                                                    "Plan Rows": 18132,
                                                    "Plan Width": 47,
                                                    "Actual Startup Time": 741.36,
                                                    "Actual Total Time": 2210.792,
                                                    "Actual Rows": 12798,
                                                    "Actual Loops": 3,
                                                    "Inner Unique": true,
                                                    "Merge Cond": "(mi_idx.movie_id = t.id)",
                                                    "Plans": [
                                                      {
                                                        "Node Type": "Merge Join",
                                                        "Parent Relationship": "Outer",
                                                        "Parallel Aware": false,
                                                        "Join Type": "Inner",
                                                        "Startup Cost": 4.07,
                                                        "Total Cost": 195005.55,
                                                        "Plan Rows": 101928,
                                                        "Plan Width": 26,
                                                        "Actual Startup Time": 0.886,
                                                        "Actual Total Time": 1320.128,
                                                        "Actual Rows": 60279,
                                                        "Actual Loops": 3,
                                                        "Inner Unique": false,
                                                        "Merge Cond": "(mi_idx.movie_id = mc.movie_id)",
                                                        "Plans": [
                                                          {
                                                            "Node Type": "Index Scan",
                                                            "Parent Relationship": "Outer",
                                                            "Parallel Aware": true,
                                                            "Scan Direction": "Forward",
                                                            "Index Name": "movie_id_movie_info_idx",
                                                            "Relation Name": "movie_info_idx",
                                                            "Alias": "mi_idx",
                                                            "Startup Cost": 0.43,
                                                            "Total Cost": 47010.07,
                                                            "Plan Rows": 20378,
                                                            "Plan Width": 14,
                                                            "Actual Startup Time": 0.138,
                                                            "Actual Total Time": 114.792,
                                                            "Actual Rows": 17543,
                                                            "Actual Loops": 3,
                                                            "Filter": "(info > '8.0'::text)",
                                                            "Rows Removed by Filter": 442469
                                                          },
                                                          {
                                                            "Node Type": "Index Scan",
                                                            "Parent Relationship": "Inner",
                                                            "Parallel Aware": false,
                                                            "Scan Direction": "Forward",
                                                            "Index Name": "movie_id_movie_companies",
                                                            "Relation Name": "movie_companies",
                                                            "Alias": "mc",
                                                            "Startup Cost": 0.43,
                                                            "Total Cost": 140404.76,
                                                            "Plan Rows": 2609129,
                                                            "Plan Width": 12,
                                                            "Actual Startup Time": 0.106,
                                                            "Actual Total Time": 946.668,
                                                            "Actual Rows": 2600546,
                                                            "Actual Loops": 3
                                                          }
                                                        ]
                                                      },
                                                      {
                                                        "Node Type": "Sort",
                                                        "Parent Relationship": "Inner",
                                                        "Parallel Aware": false,
                                                        "Startup Cost": 116160.85,
                                                        "Total Cost": 117285.39,
                                                        "Plan Rows": 449814,
                                                        "Plan Width": 21,
                                                        "Actual Startup Time": 739.219,
                                                        "Actual Total Time": 820.527,
                                                        "Actual Rows": 445040,
                                                        "Actual Loops": 3,
                                                        "Sort Key": [
                                                          "t.id"
                                                        ],
                                                        "Sort Method": "quicksort",
                                                        "Sort Space Used": 43032,
                                                        "Sort Space Type": "Memory",
                                                        "Workers": [
                                                          {
                                                            "Worker Number": 0,
                                                            "Sort Method": "quicksort",
                                                            "Sort Space Used": 43032,
                                                            "Sort Space Type": "Memory"
                                                          },
                                                          {
                                                            "Worker Number": 1,
                                                            "Sort Method": "quicksort",
                                                            "Sort Space Used": 43032,
                                                            "Sort Space Type": "Memory"
                                                          }
                                                        ],
                                                        "Plans": [
                                                          {
                                                            "Node Type": "Seq Scan",
                                                            "Parent Relationship": "Outer",
                                                            "Parallel Aware": false,
                                                            "Relation Name": "title",
                                                            "Alias": "t",
                                                            "Startup Cost": 0.0,
                                                            "Total Cost": 73925.64,
                                                            "Plan Rows": 449814,
                                                            "Plan Width": 21,
                                                            "Actual Startup Time": 0.091,
                                                            "Actual Total Time": 508.0,
                                                            "Actual Rows": 445860,
                                                            "Actual Loops": 3,
                                                            "Filter": "((production_year >= 2005) AND (production_year <= 2008))",
                                                            "Rows Removed by Filter": 2082452
                                                          }
                                                        ]
                                                      }
                                                    ]
                                                  }
                                                ]
                                              }
                                            ]
                                          }
                                        ]
                                      }
                                    ]
                                  },
                                  {
                                    "Node Type": "Sort",
                                    "Parent Relationship": "Inner",
                                    "Parallel Aware": false,
                                    "Startup Cost": 250076.74,
                                    "Total Cost": 250733.44,
                                    "Plan Rows": 262677,
                                    "Plan Width": 8,
                                    "Actual Startup Time": 545.195,
                                    "Actual Total Time": 556.108,
                                    "Actual Rows": 276535,
                                    "Actual Loops": 1,
                                    "Sort Key": [
                                      "mi.movie_id"
                                    ],
                                    "Sort Method": "quicksort",
                                    "Sort Space Used": 25162,
                                    "Sort Space Type": "Memory",
                                    "Plans": [
                                      {
                                        "Node Type": "Gather",
                                        "Parent Relationship": "Outer",
                                        "Parallel Aware": false,
                                        "Startup Cost": 1000.0,
                                        "Total Cost": 226431.97,
                                        "Plan Rows": 262677,
                                        "Plan Width": 8,
                                        "Actual Startup Time": 325.578,
                                        "Actual Total Time": 491.858,
                                        "Actual Rows": 274644,
                                        "Actual Loops": 1,
                                        "Workers Planned": 5,
                                        "Workers Launched": 5,
                                        "Single Copy": false,
                                        "Plans": [
                                          {
                                            "Node Type": "Seq Scan",
                                            "Parent Relationship": "Outer",
                                            "Parallel Aware": true,
                                            "Relation Name": "movie_info",
                                            "Alias": "mi",
                                            "Startup Cost": 0.0,
                                            "Total Cost": 199164.27,
                                            "Plan Rows": 52535,
                                            "Plan Width": 8,
                                            "Actual Startup Time": 314.999,
                                            "Actual Total Time": 488.4,
                                            "Actual Rows": 45774,
                                            "Actual Loops": 6,
                                            "Filter": "(info = ANY ('{Drama,Horror}'::text[]))",
                                            "Rows Removed by Filter": 2426846
                                          }
                                        ]
                                      }
                                    ]
                                  }
                                ]
                              }
                            ]
                          },
                          {
                            "Node Type": "Sort",
                            "Parent Relationship": "Inner",
                            "Parallel Aware": false,
                            "Startup Cost": 12974.89,
                            "Total Cost": 13189.72,
                            "Plan Rows": 85931,
                            "Plan Width": 23,
                            "Actual Startup Time": 55.009,
                            "Actual Total Time": 64.874,
                            "Actual Rows": 84843,
                            "Actual Loops": 1,
                            "Sort Key": [
                              "cn.id"
                            ],
                            "Sort Method": "quicksort",
                            "Sort Space Used": 9413,
                            "Sort Space Type": "Memory",
                            "Plans": [
                              {
                                "Node Type": "Seq Scan",
                                "Parent Relationship": "Outer",
                                "Parallel Aware": false,
                                "Relation Name": "company_name",
                                "Alias": "cn",
                                "Startup Cost": 0.0,
                                "Total Cost": 5932.46,
                                "Plan Rows": 85931,
                                "Plan Width": 23,
                                "Actual Startup Time": 0.024,
                                "Actual Total Time": 28.992,
                                "Actual Rows": 84843,
                                "Actual Loops": 1,
                                "Filter": "((country_code)::text = '[us]'::text)",
                                "Rows Removed by Filter": 150154
                              }
                            ]
                          }
                        ]
                      }
                    ]
                  }
                ]
              }
            ]
          },
          {
            "Node Type": "Sort",
            "Parent Relationship": "Inner",
            "Parallel Aware": false,
            "Startup Cost": 2.42,
            "Total Cost": 2.43,
            "Plan Rows": 1,
            "Plan Width": 4,
            "Actual Startup Time": 0.028,
            "Actual Total Time": 0.028,
            "Actual Rows": 1,
            "Actual Loops": 1,
            "Sort Key": [
              "it2.id"
            ],
            "Sort Method": "quicksort",
            "Sort Space Used": 25,
            "Sort Space Type": "Memory",
            "Plans": [
              {
                "Node Type": "Seq Scan",
                "Parent Relationship": "Outer",
                "Parallel Aware": false,
                "Relation Name": "info_type",
                "Alias": "it2",
                "Startup Cost": 0.0,
                "Total Cost": 2.41,
                "Plan Rows": 1,
                "Plan Width": 4,
                "Actual Startup Time": 0.02,
                "Actual Total Time": 0.021,
                "Actual Rows": 1,
                "Actual Loops": 1,
                "Filter": "((info)::text = 'rating'::text)",
                "Rows Removed by Filter": 112
              }
            ]
          }
        ]
      }
    ]
  },
  "Planning Time": 16.66,
  "Triggers": [],
  "Execution Time": 3045.285
}