[
  {
    "Plan": {
      "Node Type": "Aggregate",
      "Strategy": "Plain",
      "Partial Mode": "Simple",
      "Parallel Aware": false,
      "Startup Cost": 220032.95,
      "Total Cost": 220032.96,
      "Plan Rows": 1,
      "Plan Width": 64,
      "Actual Startup Time": 2748.316,
      "Actual Total Time": 2748.321,
      "Actual Rows": 1,
      "Actual Loops": 1,
      "Output": [
        "min(mi_idx.info)",
        "min(t.title)"
      ],
      "Plans": [
        {
          "Node Type": "Hash Join",
          "Parent Relationship": "Outer",
          "Parallel Aware": false,
          "Join Type": "Inner",
          "Startup Cost": 111766.51,
          "Total Cost": 204259.89,
          "Plan Rows": 3154612,
          "Plan Width": 22,
          "Actual Startup Time": 1487.024,
          "Actual Total Time": 2599.746,
          "Actual Rows": 1497335,
          "Actual Loops": 1,
          "Output": [
            "mi_idx.info",
            "t.title"
          ],
          "Inner Unique": false,
          "Hash Cond": "(mk.movie_id = t.id)",
          "Plans": [
            {
              "Node Type": "Seq Scan",
              "Parent Relationship": "Outer",
              "Parallel Aware": false,
              "Relation Name": "movie_keyword",
              "Schema": "public",
              "Alias": "mk",
              "Startup Cost": 0.0,
              "Total Cost": 69693.3,
              "Plan Rows": 4523930,
              "Plan Width": 4,
              "Actual Startup Time": 0.023,
              "Actual Total Time": 501.753,
              "Actual Rows": 4523930,
              "Actual Loops": 1,
              "Output": [
                "mk.id",
                "mk.movie_id",
                "mk.keyword_id"
              ]
            },
            {
              "Node Type": "Hash",
              "Parent Relationship": "Inner",
              "Parallel Aware": false,
              "Startup Cost": 107689.99,
              "Total Cost": 107689.99,
              "Plan Rows": 326121,
              "Plan Width": 30,
              "Actual Startup Time": 1480.276,
              "Actual Total Time": 1480.279,
              "Actual Rows": 253306,
              "Actual Loops": 1,
              "Output": [
                "mi_idx.info",
                "mi_idx.movie_id",
                "t.title",
                "t.id"
              ],
              "Hash Buckets": 524288,
              "Original Hash Buckets": 524288,
              "Hash Batches": 1,
              "Original Hash Batches": 1,
              "Peak Memory Usage": 20053,
              "Plans": [
                {
                  "Node Type": "Hash Join",
                  "Parent Relationship": "Outer",
                  "Parallel Aware": false,
                  "Join Type": "Inner",
                  "Startup Cost": 80388.76,
                  "Total Cost": 107689.99,
                  "Plan Rows": 326121,
                  "Plan Width": 30,
                  "Actual Startup Time": 906.225,
                  "Actual Total Time": 1384.609,
                  "Actual Rows": 253306,
                  "Actual Loops": 1,
                  "Output": [
                    "mi_idx.info",
                    "mi_idx.movie_id",
                    "t.title",
                    "t.id"
                  ],
                  "Inner Unique": true,
                  "Hash Cond": "(mi_idx.movie_id = t.id)",
                  "Plans": [
                    {
                      "Node Type": "Seq Scan",
                      "Parent Relationship": "Outer",
                      "Parallel Aware": false,
                      "Relation Name": "movie_info_idx",
                      "Schema": "public",
                      "Alias": "mi_idx",
                      "Startup Cost": 0.0,
                      "Total Cost": 25185.44,
                      "Plan Rows": 806017,
                      "Plan Width": 9,
                      "Actual Startup Time": 0.034,
                      "Actual Total Time": 238.245,
                      "Actual Rows": 806365,
                      "Actual Loops": 1,
                      "Output": [
                        "mi_idx.id",
                        "mi_idx.movie_id",
                        "mi_idx.info_type_id",
                        "mi_idx.info",
                        "mi_idx.note"
                      ],
                      "Filter": "(mi_idx.info > '2.0'::text)",
                      "Rows Removed by Filter": 573670
                    },
                    {
                      "Node Type": "Hash",
                      "Parent Relationship": "Inner",
                      "Parallel Aware": false,
                      "Startup Cost": 67601.66,
                      "Total Cost": 67601.66,
                      "Plan Rows": 1022968,
                      "Plan Width": 21,
                      "Actual Startup Time": 893.732,
                      "Actual Total Time": 893.733,
                      "Actual Rows": 1012920,
                      "Actual Loops": 1,
                      "Output": [
                        "t.title",
                        "t.id"
                      ],
                      "Hash Buckets": 1048576,
                      "Original Hash Buckets": 1048576,
                      "Hash Batches": 1,
                      "Original Hash Batches": 1,
                      "Peak Memory Usage": 62527,
                      "Plans": [
                        {
                          "Node Type": "Seq Scan",
                          "Parent Relationship": "Outer",
                          "Parallel Aware": false,
                          "Relation Name": "title",
                          "Schema": "public",
                          "Alias": "t",
                          "Startup Cost": 0.0,
                          "Total Cost": 67601.66,
                          "Plan Rows": 1022968,
                          "Plan Width": 21,
                          "Actual Startup Time": 0.104,
                          "Actual Total Time": 521.248,
                          "Actual Rows": 1012920,
                          "Actual Loops": 1,
                          "Output": [
                            "t.title",
                            "t.id"
                          ],
                          "Filter": "(t.production_year > 2005)",
                          "Rows Removed by Filter": 1515392
                        }
                      ]
                    }
                  ]
                }
              ]
            }
          ]
        }
      ]
    },
    "Planning Time": 5711.993,
    "Triggers": [],
    "Execution Time": 2749.908
  }
]