[
  {
    "Plan": {
      "Node Type": "Aggregate",
      "Strategy": "Plain",
      "Partial Mode": "Finalize",
      "Parallel Aware": false,
      "Startup Cost": 92863.72,
      "Total Cost": 92863.73,
      "Plan Rows": 1,
      "Plan Width": 8,
      "Actual Startup Time": 306.547,
      "Actual Total Time": 325.484,
      "Actual Rows": 1,
      "Actual Loops": 1,
      "Plans": [
        {
          "Node Type": "Gather",
          "Parent Relationship": "Outer",
          "Parallel Aware": false,
          "Startup Cost": 92863.4,
          "Total Cost": 92863.71,
          "Plan Rows": 3,
          "Plan Width": 8,
          "Actual Startup Time": 306.113,
          "Actual Total Time": 325.474,
          "Actual Rows": 4,
          "Actual Loops": 1,
          "Workers Planned": 3,
          "Workers Launched": 3,
          "Single Copy": false,
          "Plans": [
            {
              "Node Type": "Aggregate",
              "Strategy": "Plain",
              "Partial Mode": "Partial",
              "Parent Relationship": "Outer",
              "Parallel Aware": false,
              "Startup Cost": 91863.4,
              "Total Cost": 91863.41,
              "Plan Rows": 1,
              "Plan Width": 8,
              "Actual Startup Time": 297.351,
              "Actual Total Time": 297.354,
              "Actual Rows": 1,
              "Actual Loops": 4,
              "Plans": [
                {
                  "Node Type": "Hash Join",
                  "Parent Relationship": "Outer",
                  "Parallel Aware": true,
                  "Join Type": "Inner",
                  "Startup Cost": 45621.4,
                  "Total Cost": 91803.6,
                  "Plan Rows": 23922,
                  "Plan Width": 0,
                  "Actual Startup Time": 109.603,
                  "Actual Total Time": 297.198,
                  "Actual Rows": 2584,
                  "Actual Loops": 4,
                  "Inner Unique": true,
                  "Hash Cond": "(mk.movie_id = t.id)",
                  "Plans": [
                    {
                      "Node Type": "Seq Scan",
                      "Parent Relationship": "Outer",
                      "Parallel Aware": true,
                      "Relation Name": "movie_keyword",
                      "Alias": "mk",
                      "Startup Cost": 0.0,
                      "Total Cost": 42695.65,
                      "Plan Rows": 1328204,
                      "Plan Width": 4,
                      "Actual Startup Time": 0.027,
                      "Actual Total Time": 118.977,
                      "Actual Rows": 1032216,
                      "Actual Loops": 4,
                      "Filter": "(keyword_id < 43689)",
                      "Rows Removed by Filter": 98766
                    },
                    {
                      "Node Type": "Hash",
                      "Parent Relationship": "Inner",
                      "Parallel Aware": true,
                      "Startup Cost": 45479.1,
                      "Total Cost": 45479.1,
                      "Plan Rows": 11384,
                      "Plan Width": 4,
                      "Actual Startup Time": 107.044,
                      "Actual Total Time": 107.045,
                      "Actual Rows": 10389,
                      "Actual Loops": 4,
                      "Hash Buckets": 65536,
                      "Original Hash Buckets": 65536,
                      "Hash Batches": 1,
                      "Original Hash Batches": 1,
                      "Peak Memory Usage": 2240,
                      "Plans": [
                        {
                          "Node Type": "Seq Scan",
                          "Parent Relationship": "Outer",
                          "Parallel Aware": true,
                          "Relation Name": "title",
                          "Alias": "t",
                          "Startup Cost": 0.0,
                          "Total Cost": 45479.1,
                          "Plan Rows": 11384,
                          "Plan Width": 4,
                          "Actual Startup Time": 0.073,
                          "Actual Total Time": 101.745,
                          "Actual Rows": 10389,
                          "Actual Loops": 4,
                          "Filter": "((kind_id > 3) AND (production_year > 2012))",
                          "Rows Removed by Filter": 621689
                        }
                      ]
                    }
                  ]
                }
              ]
            }
          ]
        }
      ]
    },
    "Planning Time": 0.626,
    "Triggers": [],
    "Execution Time": 325.555
  }
]