{
    "Plan": {
        "Node Type": "Aggregate",
        "Strategy": "Plain",
        "Partial Mode": "Simple",
        "Parallel Aware": false,
        "Startup Cost": 90057129878.45,
        "Total Cost": 90057129878.46,
        "Plan Rows": 1,
        "Plan Width": 96,
        "Actual Startup Time": 124246.202,
        "Actual Total Time": 124246.231,
        "Actual Rows": 1,
        "Actual Loops": 1,
        "Output": [
            "min(chn.name)",
            "min(n.name)",
            "min(t.title)"
        ],
        "Plans": [
            {
                "Node Type": "Nested Loop",
                "Parent Relationship": "Outer",
                "Parallel Aware": false,
                "Join Type": "Inner",
                "Startup Cost": 90057129874.37,
                "Total Cost": 90057129878.44,
                "Plan Rows": 1,
                "Plan Width": 48,
                "Actual Startup Time": 124246.164,
                "Actual Total Time": 124246.217,
                "Actual Rows": 5,
                "Actual Loops": 1,
                "Output": [
                    "chn.name",
                    "n.name",
                    "t.title"
                ],
                "Inner Unique": true,
                "Join Filter": "(mi.movie_id = t.id)",
                "Rows Removed by Join Filter": 0,
                "Plans": [
                    {
                        "Node Type": "Merge Join",
                        "Parent Relationship": "Outer",
                        "Parallel Aware": false,
                        "Join Type": "Inner",
                        "Startup Cost": 80057129873.93,
                        "Total Cost": 80057129873.96,
                        "Plan Rows": 1,
                        "Plan Width": 47,
                        "Actual Startup Time": 124246.121,
                        "Actual Total Time": 124246.152,
                        "Actual Rows": 5,
                        "Actual Loops": 1,
                        "Output": [
                            "ci.movie_id",
                            "chn.name",
                            "mc.movie_id",
                            "mi.movie_id",
                            "mk.movie_id",
                            "n.name"
                        ],
                        "Inner Unique": false,
                        "Merge Cond": "(k.id = mk.keyword_id)",
                        "Plans": [
                            {
                                "Node Type": "Sort",
                                "Parent Relationship": "Outer",
                                "Parallel Aware": false,
                                "Startup Cost": 2961.59,
                                "Total Cost": 2961.6,
                                "Plan Rows": 4,
                                "Plan Width": 4,
                                "Actual Startup Time": 21.783,
                                "Actual Total Time": 21.785,
                                "Actual Rows": 3,
                                "Actual Loops": 1,
                                "Output": [
                                    "k.id"
                                ],
                                "Sort Key": [
                                    "k.id"
                                ],
                                "Sort Method": "quicksort",
                                "Sort Space Used": 25,
                                "Sort Space Type": "Memory",
                                "Plans": [
                                    {
                                        "Node Type": "Seq Scan",
                                        "Parent Relationship": "Outer",
                                        "Parallel Aware": false,
                                        "Relation Name": "keyword",
                                        "Schema": "public",
                                        "Alias": "k",
                                        "Startup Cost": 0.0,
                                        "Total Cost": 2961.55,
                                        "Plan Rows": 4,
                                        "Plan Width": 4,
                                        "Actual Startup Time": 1.017,
                                        "Actual Total Time": 21.773,
                                        "Actual Rows": 3,
                                        "Actual Loops": 1,
                                        "Output": [
                                            "k.id"
                                        ],
                                        "Filter": "(k.keyword = ANY ('{sequel,violence,sequel,dojo}'::text[]))",
                                        "Rows Removed by Filter": 134167
                                    }
                                ]
                            },
                            {
                                "Node Type": "Sort",
                                "Parent Relationship": "Inner",
                                "Parallel Aware": false,
                                "Startup Cost": 80057126912.34,
                                "Total Cost": 80057126912.34,
                                "Plan Rows": 1,
                                "Plan Width": 51,
                                "Actual Startup Time": 124224.317,
                                "Actual Total Time": 124224.348,
                                "Actual Rows": 81,
                                "Actual Loops": 1,
                                "Output": [
                                    "ci.movie_id",
                                    "chn.name",
                                    "mc.movie_id",
                                    "mi.movie_id",
                                    "mk.movie_id",
                                    "mk.keyword_id",
                                    "n.name"
                                ],
                                "Sort Key": [
                                    "mk.keyword_id"
                                ],
                                "Sort Method": "quicksort",
                                "Sort Space Used": 38,
                                "Sort Space Type": "Memory",
                                "Plans": [
                                    {
                                        "Node Type": "Nested Loop",
                                        "Parent Relationship": "Outer",
                                        "Parallel Aware": false,
                                        "Join Type": "Inner",
                                        "Startup Cost": 80057120388.24,
                                        "Total Cost": 80057126912.33,
                                        "Plan Rows": 1,
                                        "Plan Width": 51,
                                        "Actual Startup Time": 124204.963,
                                        "Actual Total Time": 124224.283,
                                        "Actual Rows": 175,
                                        "Actual Loops": 1,
                                        "Output": [
                                            "ci.movie_id",
                                            "chn.name",
                                            "mc.movie_id",
                                            "mi.movie_id",
                                            "mk.movie_id",
                                            "mk.keyword_id",
                                            "n.name"
                                        ],
                                        "Inner Unique": false,
                                        "Join Filter": "(n.id = an.person_id)",
                                        "Rows Removed by Join Filter": 0,
                                        "Plans": [
                                            {
                                                "Node Type": "Hash Join",
                                                "Parent Relationship": "Outer",
                                                "Parallel Aware": false,
                                                "Join Type": "Inner",
                                                "Startup Cost": 70057120387.79,
                                                "Total Cost": 70057126907.82,
                                                "Plan Rows": 1,
                                                "Plan Width": 59,
                                                "Actual Startup Time": 124204.895,
                                                "Actual Total Time": 124223.952,
                                                "Actual Rows": 35,
                                                "Actual Loops": 1,
                                                "Output": [
                                                    "chn.name",
                                                    "ci.movie_id",
                                                    "ci.person_id",
                                                    "mc.movie_id",
                                                    "mi.movie_id",
                                                    "mk.movie_id",
                                                    "mk.keyword_id",
                                                    "n.name",
                                                    "n.id"
                                                ],
                                                "Inner Unique": false,
                                                "Hash Cond": "(cn.id = mc.company_id)",
                                                "Plans": [
                                                    {
                                                        "Node Type": "Seq Scan",
                                                        "Parent Relationship": "Outer",
                                                        "Parallel Aware": false,
                                                        "Relation Name": "company_name",
                                                        "Schema": "public",
                                                        "Alias": "cn",
                                                        "Startup Cost": 0.0,
                                                        "Total Cost": 6519.95,
                                                        "Plan Rows": 1,
                                                        "Plan Width": 4,
                                                        "Actual Startup Time": 5.168,
                                                        "Actual Total Time": 24.192,
                                                        "Actual Rows": 1,
                                                        "Actual Loops": 1,
                                                        "Output": [
                                                            "cn.id",
                                                            "cn.name",
                                                            "cn.country_code",
                                                            "cn.imdb_id",
                                                            "cn.name_pcode_nf",
                                                            "cn.name_pcode_sf",
                                                            "cn.md5sum"
                                                        ],
                                                        "Filter": "(((cn.country_code)::text = '[us]'::text) AND (cn.name = 'NBC Universal Television'::text))",
                                                        "Rows Removed by Filter": 234996
                                                    },
                                                    {
                                                        "Node Type": "Hash",
                                                        "Parent Relationship": "Inner",
                                                        "Parallel Aware": false,
                                                        "Startup Cost": 70057120386.3,
                                                        "Total Cost": 70057120386.3,
                                                        "Plan Rows": 119,
                                                        "Plan Width": 63,
                                                        "Actual Startup Time": 124199.711,
                                                        "Actual Total Time": 124199.734,
                                                        "Actual Rows": 259372,
                                                        "Actual Loops": 1,
                                                        "Output": [
                                                            "chn.name",
                                                            "ci.movie_id",
                                                            "ci.person_id",
                                                            "mc.movie_id",
                                                            "mc.company_id",
                                                            "mi.movie_id",
                                                            "mk.movie_id",
                                                            "mk.keyword_id",
                                                            "n.name",
                                                            "n.id"
                                                        ],
                                                        "Hash Buckets": 262144,
                                                        "Original Hash Buckets": 1024,
                                                        "Hash Batches": 1,
                                                        "Original Hash Batches": 1,
                                                        "Peak Memory Usage": 26170,
                                                        "Plans": [
                                                            {
                                                                "Node Type": "Hash Join",
                                                                "Parent Relationship": "Outer",
                                                                "Parallel Aware": false,
                                                                "Join Type": "Inner",
                                                                "Startup Cost": 70056992381.53,
                                                                "Total Cost": 70057120386.3,
                                                                "Plan Rows": 119,
                                                                "Plan Width": 63,
                                                                "Actual Startup Time": 123792.596,
                                                                "Actual Total Time": 124126.339,
                                                                "Actual Rows": 259372,
                                                                "Actual Loops": 1,
                                                                "Output": [
                                                                    "chn.name",
                                                                    "ci.movie_id",
                                                                    "ci.person_id",
                                                                    "mc.movie_id",
                                                                    "mc.company_id",
                                                                    "mi.movie_id",
                                                                    "mk.movie_id",
                                                                    "mk.keyword_id",
                                                                    "n.name",
                                                                    "n.id"
                                                                ],
                                                                "Inner Unique": false,
                                                                "Hash Cond": "(n.id = ci.person_id)",
                                                                "Plans": [
                                                                    {
                                                                        "Node Type": "Seq Scan",
                                                                        "Parent Relationship": "Outer",
                                                                        "Parallel Aware": false,
                                                                        "Relation Name": "name",
                                                                        "Schema": "public",
                                                                        "Alias": "n",
                                                                        "Startup Cost": 10000000000.0,
                                                                        "Total Cost": 10000118126.24,
                                                                        "Plan Rows": 37808,
                                                                        "Plan Width": 19,
                                                                        "Actual Startup Time": 310.324,
                                                                        "Actual Total Time": 598.689,
                                                                        "Actual Rows": 50011,
                                                                        "Actual Loops": 1,
                                                                        "Output": [
                                                                            "n.id",
                                                                            "n.name",
                                                                            "n.imdb_index",
                                                                            "n.imdb_id",
                                                                            "n.gender",
                                                                            "n.name_pcode_cf",
                                                                            "n.name_pcode_nf",
                                                                            "n.surname_pcode",
                                                                            "n.md5sum"
                                                                        ],
                                                                        "Filter": "((n.name ~~ '%An%'::text) AND ((n.gender)::text = 'f'::text))",
                                                                        "Rows Removed by Filter": 4117480
                                                                    },
                                                                    {
                                                                        "Node Type": "Hash",
                                                                        "Parent Relationship": "Inner",
                                                                        "Parallel Aware": false,
                                                                        "Startup Cost": 60056992217.92,
                                                                        "Total Cost": 60056992217.92,
                                                                        "Plan Rows": 13089,
                                                                        "Plan Width": 44,
                                                                        "Actual Startup Time": 123480.694,
                                                                        "Actual Total Time": 123480.715,
                                                                        "Actual Rows": 6029155,
                                                                        "Actual Loops": 1,
                                                                        "Output": [
                                                                            "chn.name",
                                                                            "ci.movie_id",
                                                                            "ci.person_id",
                                                                            "mc.movie_id",
                                                                            "mc.company_id",
                                                                            "mi.movie_id",
                                                                            "mk.movie_id",
                                                                            "mk.keyword_id"
                                                                        ],
                                                                        "Hash Buckets": 8388608,
                                                                        "Original Hash Buckets": 16384,
                                                                        "Hash Batches": 1,
                                                                        "Original Hash Batches": 1,
                                                                        "Peak Memory Usage": 508242,
                                                                        "Plans": [
                                                                            {
                                                                                "Node Type": "Hash Join",
                                                                                "Parent Relationship": "Outer",
                                                                                "Parallel Aware": false,
                                                                                "Join Type": "Inner",
                                                                                "Startup Cost": 60005538414.28,
                                                                                "Total Cost": 60056992217.92,
                                                                                "Plan Rows": 13089,
                                                                                "Plan Width": 44,
                                                                                "Actual Startup Time": 120400.094,
                                                                                "Actual Total Time": 122030.985,
                                                                                "Actual Rows": 6029155,
                                                                                "Actual Loops": 1,
                                                                                "Output": [
                                                                                    "chn.name",
                                                                                    "ci.movie_id",
                                                                                    "ci.person_id",
                                                                                    "mc.movie_id",
                                                                                    "mc.company_id",
                                                                                    "mi.movie_id",
                                                                                    "mk.movie_id",
                                                                                    "mk.keyword_id"
                                                                                ],
                                                                                "Inner Unique": false,
                                                                                "Hash Cond": "(chn.id = ci.person_role_id)",
                                                                                "Plans": [
                                                                                    {
                                                                                        "Node Type": "Seq Scan",
                                                                                        "Parent Relationship": "Outer",
                                                                                        "Parallel Aware": false,
                                                                                        "Relation Name": "char_name",
                                                                                        "Schema": "public",
                                                                                        "Alias": "chn",
                                                                                        "Startup Cost": 10000000000.0,
                                                                                        "Total Cost": 10000067850.27,
                                                                                        "Plan Rows": 3140227,
                                                                                        "Plan Width": 20,
                                                                                        "Actual Startup Time": 0.015,
                                                                                        "Actual Total Time": 256.334,
                                                                                        "Actual Rows": 3140339,
                                                                                        "Actual Loops": 1,
                                                                                        "Output": [
                                                                                            "chn.id",
                                                                                            "chn.name",
                                                                                            "chn.imdb_index",
                                                                                            "chn.imdb_id",
                                                                                            "chn.name_pcode_nf",
                                                                                            "chn.surname_pcode",
                                                                                            "chn.md5sum"
                                                                                        ]
                                                                                    },
                                                                                    {
                                                                                        "Node Type": "Hash",
                                                                                        "Parent Relationship": "Inner",
                                                                                        "Parallel Aware": false,
                                                                                        "Startup Cost": 50005538250.67,
                                                                                        "Total Cost": 50005538250.67,
                                                                                        "Plan Rows": 13089,
                                                                                        "Plan Width": 32,
                                                                                        "Actual Startup Time": 120399.907,
                                                                                        "Actual Total Time": 120399.926,
                                                                                        "Actual Rows": 6029155,
                                                                                        "Actual Loops": 1,
                                                                                        "Output": [
                                                                                            "ci.movie_id",
                                                                                            "ci.person_id",
                                                                                            "ci.person_role_id",
                                                                                            "mc.movie_id",
                                                                                            "mc.company_id",
                                                                                            "mi.movie_id",
                                                                                            "mk.movie_id",
                                                                                            "mk.keyword_id"
                                                                                        ],
                                                                                        "Hash Buckets": 8388608,
                                                                                        "Original Hash Buckets": 16384,
                                                                                        "Hash Batches": 1,
                                                                                        "Original Hash Batches": 1,
                                                                                        "Peak Memory Usage": 442359,
                                                                                        "Plans": [
                                                                                            {
                                                                                                "Node Type": "Nested Loop",
                                                                                                "Parent Relationship": "Outer",
                                                                                                "Parallel Aware": false,
                                                                                                "Join Type": "Inner",
                                                                                                "Startup Cost": 50004878399.88,
                                                                                                "Total Cost": 50005538250.67,
                                                                                                "Plan Rows": 13089,
                                                                                                "Plan Width": 32,
                                                                                                "Actual Startup Time": 17471.747,
                                                                                                "Actual Total Time": 117498.807,
                                                                                                "Actual Rows": 6725914,
                                                                                                "Actual Loops": 1,
                                                                                                "Output": [
                                                                                                    "ci.movie_id",
                                                                                                    "ci.person_id",
                                                                                                    "ci.person_role_id",
                                                                                                    "mc.movie_id",
                                                                                                    "mc.company_id",
                                                                                                    "mi.movie_id",
                                                                                                    "mk.movie_id",
                                                                                                    "mk.keyword_id"
                                                                                                ],
                                                                                                "Inner Unique": true,
                                                                                                "Plans": [
                                                                                                    {
                                                                                                        "Node Type": "Merge Join",
                                                                                                        "Parent Relationship": "Outer",
                                                                                                        "Parallel Aware": false,
                                                                                                        "Join Type": "Inner",
                                                                                                        "Startup Cost": 40004878399.74,
                                                                                                        "Total Cost": 40004885056.33,
                                                                                                        "Plan Rows": 157071,
                                                                                                        "Plan Width": 36,
                                                                                                        "Actual Startup Time": 17471.69,
                                                                                                        "Actual Total Time": 28604.826,
                                                                                                        "Actual Rows": 24560169,
                                                                                                        "Actual Loops": 1,
                                                                                                        "Output": [
                                                                                                            "ci.movie_id",
                                                                                                            "ci.person_id",
                                                                                                            "ci.role_id",
                                                                                                            "ci.person_role_id",
                                                                                                            "mc.movie_id",
                                                                                                            "mc.company_id",
                                                                                                            "mi.movie_id",
                                                                                                            "mk.movie_id",
                                                                                                            "mk.keyword_id"
                                                                                                        ],
                                                                                                        "Inner Unique": false,
                                                                                                        "Merge Cond": "(ci.movie_id = mi.movie_id)",
                                                                                                        "Plans": [
                                                                                                            {
                                                                                                                "Node Type": "Sort",
                                                                                                                "Parent Relationship": "Outer",
                                                                                                                "Parallel Aware": false,
                                                                                                                "Startup Cost": 10000879247.14,
                                                                                                                "Total Cost": 10000881349.8,
                                                                                                                "Plan Rows": 841064,
                                                                                                                "Plan Width": 16,
                                                                                                                "Actual Startup Time": 3851.673,
                                                                                                                "Actual Total Time": 3970.194,
                                                                                                                "Actual Rows": 867471,
                                                                                                                "Actual Loops": 1,
                                                                                                                "Output": [
                                                                                                                    "ci.movie_id",
                                                                                                                    "ci.person_id",
                                                                                                                    "ci.role_id",
                                                                                                                    "ci.person_role_id"
                                                                                                                ],
                                                                                                                "Sort Key": [
                                                                                                                    "ci.movie_id"
                                                                                                                ],
                                                                                                                "Sort Method": "quicksort",
                                                                                                                "Sort Space Used": 65239,
                                                                                                                "Sort Space Type": "Memory",
                                                                                                                "Plans": [
                                                                                                                    {
                                                                                                                        "Node Type": "Seq Scan",
                                                                                                                        "Parent Relationship": "Outer",
                                                                                                                        "Parallel Aware": false,
                                                                                                                        "Relation Name": "cast_info",
                                                                                                                        "Schema": "public",
                                                                                                                        "Alias": "ci",
                                                                                                                        "Startup Cost": 10000000000.0,
                                                                                                                        "Total Cost": 10000796478.64,
                                                                                                                        "Plan Rows": 841064,
                                                                                                                        "Plan Width": 16,
                                                                                                                        "Actual Startup Time": 0.035,
                                                                                                                        "Actual Total Time": 3642.494,
                                                                                                                        "Actual Rows": 867477,
                                                                                                                        "Actual Loops": 1,
                                                                                                                        "Output": [
                                                                                                                            "ci.movie_id",
                                                                                                                            "ci.person_id",
                                                                                                                            "ci.role_id",
                                                                                                                            "ci.person_role_id"
                                                                                                                        ],
                                                                                                                        "Filter": "(ci.note = ANY ('{(voice),\"(voice: Japanese version)\",\"(voice) (uncredited)\",\"(voice: English version)\"}'::text[]))",
                                                                                                                        "Rows Removed by Filter": 35376867
                                                                                                                    }
                                                                                                                ]
                                                                                                            },
                                                                                                            {
                                                                                                                "Node Type": "Sort",
                                                                                                                "Parent Relationship": "Inner",
                                                                                                                "Parallel Aware": false,
                                                                                                                "Startup Cost": 30003999152.18,
                                                                                                                "Total Cost": 30003999592.79,
                                                                                                                "Plan Rows": 176246,
                                                                                                                "Plan Width": 20,
                                                                                                                "Actual Startup Time": 13618.972,
                                                                                                                "Actual Total Time": 18709.535,
                                                                                                                "Actual Rows": 36983621,
                                                                                                                "Actual Loops": 1,
                                                                                                                "Output": [
                                                                                                                    "mi.movie_id",
                                                                                                                    "mc.movie_id",
                                                                                                                    "mc.company_id",
                                                                                                                    "mk.movie_id",
                                                                                                                    "mk.keyword_id"
                                                                                                                ],
                                                                                                                "Sort Key": [
                                                                                                                    "mi.movie_id"
                                                                                                                ],
                                                                                                                "Sort Method": "quicksort",
                                                                                                                "Sort Space Used": 1649174,
                                                                                                                "Sort Space Type": "Memory",
                                                                                                                "Plans": [
                                                                                                                    {
                                                                                                                        "Node Type": "Hash Join",
                                                                                                                        "Parent Relationship": "Outer",
                                                                                                                        "Parallel Aware": false,
                                                                                                                        "Join Type": "Inner",
                                                                                                                        "Startup Cost": 30002442061.77,
                                                                                                                        "Total Cost": 30003983794.78,
                                                                                                                        "Plan Rows": 176246,
                                                                                                                        "Plan Width": 20,
                                                                                                                        "Actual Startup Time": 7965.544,
                                                                                                                        "Actual Total Time": 10185.417,
                                                                                                                        "Actual Rows": 16076253,
                                                                                                                        "Actual Loops": 1,
                                                                                                                        "Output": [
                                                                                                                            "mi.movie_id",
                                                                                                                            "mc.movie_id",
                                                                                                                            "mc.company_id",
                                                                                                                            "mk.movie_id",
                                                                                                                            "mk.keyword_id"
                                                                                                                        ],
                                                                                                                        "Inner Unique": false,
                                                                                                                        "Hash Cond": "(mk.movie_id = mi.movie_id)",
                                                                                                                        "Plans": [
                                                                                                                            {
                                                                                                                                "Node Type": "Seq Scan",
                                                                                                                                "Parent Relationship": "Outer",
                                                                                                                                "Parallel Aware": false,
                                                                                                                                "Relation Name": "movie_keyword",
                                                                                                                                "Schema": "public",
                                                                                                                                "Alias": "mk",
                                                                                                                                "Startup Cost": 10000000000.0,
                                                                                                                                "Total Cost": 10000069693.3,
                                                                                                                                "Plan Rows": 4523930,
                                                                                                                                "Plan Width": 8,
                                                                                                                                "Actual Startup Time": 0.032,
                                                                                                                                "Actual Total Time": 319.974,
                                                                                                                                "Actual Rows": 4523930,
                                                                                                                                "Actual Loops": 1,
                                                                                                                                "Output": [
                                                                                                                                    "mk.id",
                                                                                                                                    "mk.movie_id",
                                                                                                                                    "mk.keyword_id"
                                                                                                                                ]
                                                                                                                            },
                                                                                                                            {
                                                                                                                                "Node Type": "Hash",
                                                                                                                                "Parent Relationship": "Inner",
                                                                                                                                "Parallel Aware": false,
                                                                                                                                "Startup Cost": 20002441878.97,
                                                                                                                                "Total Cost": 20002441878.97,
                                                                                                                                "Plan Rows": 14624,
                                                                                                                                "Plan Width": 12,
                                                                                                                                "Actual Startup Time": 7965.475,
                                                                                                                                "Actual Total Time": 7965.48,
                                                                                                                                "Actual Rows": 463258,
                                                                                                                                "Actual Loops": 1,
                                                                                                                                "Output": [
                                                                                                                                    "mi.movie_id",
                                                                                                                                    "mc.movie_id",
                                                                                                                                    "mc.company_id"
                                                                                                                                ],
                                                                                                                                "Hash Buckets": 524288,
                                                                                                                                "Original Hash Buckets": 16384,
                                                                                                                                "Hash Batches": 1,
                                                                                                                                "Original Hash Batches": 1,
                                                                                                                                "Peak Memory Usage": 24002,
                                                                                                                                "Plans": [
                                                                                                                                    {
                                                                                                                                        "Node Type": "Nested Loop",
                                                                                                                                        "Parent Relationship": "Outer",
                                                                                                                                        "Parallel Aware": false,
                                                                                                                                        "Join Type": "Inner",
                                                                                                                                        "Startup Cost": 20000000001.18,
                                                                                                                                        "Total Cost": 20002441878.97,
                                                                                                                                        "Plan Rows": 14624,
                                                                                                                                        "Plan Width": 12,
                                                                                                                                        "Actual Startup Time": 0.137,
                                                                                                                                        "Actual Total Time": 7865.723,
                                                                                                                                        "Actual Rows": 463258,
                                                                                                                                        "Actual Loops": 1,
                                                                                                                                        "Output": [
                                                                                                                                            "mi.movie_id",
                                                                                                                                            "mc.movie_id",
                                                                                                                                            "mc.company_id"
                                                                                                                                        ],
                                                                                                                                        "Inner Unique": false,
                                                                                                                                        "Plans": [
                                                                                                                                            {
                                                                                                                                                "Node Type": "Nested Loop",
                                                                                                                                                "Parent Relationship": "Outer",
                                                                                                                                                "Parallel Aware": false,
                                                                                                                                                "Join Type": "Inner",
                                                                                                                                                "Startup Cost": 10000000000.59,
                                                                                                                                                "Total Cost": 10002429113.03,
                                                                                                                                                "Plan Rows": 2713,
                                                                                                                                                "Plan Width": 4,
                                                                                                                                                "Actual Startup Time": 0.099,
                                                                                                                                                "Actual Total Time": 6308.526,
                                                                                                                                                "Actual Rows": 301243,
                                                                                                                                                "Actual Loops": 1,
                                                                                                                                                "Output": [
                                                                                                                                                    "mi.movie_id"
                                                                                                                                                ],
                                                                                                                                                "Inner Unique": true,
                                                                                                                                                "Plans": [
                                                                                                                                                    {
                                                                                                                                                        "Node Type": "Index Scan",
                                                                                                                                                        "Parent Relationship": "Outer",
                                                                                                                                                        "Parallel Aware": false,
                                                                                                                                                        "Scan Direction": "Forward",
                                                                                                                                                        "Index Name": "movie_id_movie_info",
                                                                                                                                                        "Relation Name": "movie_info",
                                                                                                                                                        "Schema": "public",
                                                                                                                                                        "Alias": "mi",
                                                                                                                                                        "Startup Cost": 0.43,
                                                                                                                                                        "Total Cost": 1152203.85,
                                                                                                                                                        "Plan Rows": 306554,
                                                                                                                                                        "Plan Width": 8,
                                                                                                                                                        "Actual Startup Time": 0.068,
                                                                                                                                                        "Actual Total Time": 5043.416,
                                                                                                                                                        "Actual Rows": 301247,
                                                                                                                                                        "Actual Loops": 1,
                                                                                                                                                        "Output": [
                                                                                                                                                            "mi.id",
                                                                                                                                                            "mi.movie_id",
                                                                                                                                                            "mi.info_type_id",
                                                                                                                                                            "mi.info",
                                                                                                                                                            "mi.note"
                                                                                                                                                        ],
                                                                                                                                                        "Filter": "((mi.info IS NOT NULL) AND ((mi.info ~~ 'Japan:%201%'::text) OR (mi.info ~~ 'USA:%201%'::text)))",
                                                                                                                                                        "Rows Removed by Filter": 14534473
                                                                                                                                                    },
                                                                                                                                                    {
                                                                                                                                                        "Node Type": "Bitmap Heap Scan",
                                                                                                                                                        "Parent Relationship": "Inner",
                                                                                                                                                        "Parallel Aware": false,
                                                                                                                                                        "Relation Name": "info_type",
                                                                                                                                                        "Schema": "public",
                                                                                                                                                        "Alias": "it",
                                                                                                                                                        "Startup Cost": 0.15,
                                                                                                                                                        "Total Cost": 4.17,
                                                                                                                                                        "Plan Rows": 1,
                                                                                                                                                        "Plan Width": 4,
                                                                                                                                                        "Actual Startup Time": 0.002,
                                                                                                                                                        "Actual Total Time": 0.002,
                                                                                                                                                        "Actual Rows": 1,
                                                                                                                                                        "Actual Loops": 301247,
                                                                                                                                                        "Output": [
                                                                                                                                                            "it.id",
                                                                                                                                                            "it.info"
                                                                                                                                                        ],
                                                                                                                                                        "Recheck Cond": "(it.id = mi.info_type_id)",
                                                                                                                                                        "Rows Removed by Index Recheck": 0,
                                                                                                                                                        "Filter": "((it.info)::text = 'release dates'::text)",
                                                                                                                                                        "Rows Removed by Filter": 0,
                                                                                                                                                        "Exact Heap Blocks": 301247,
                                                                                                                                                        "Lossy Heap Blocks": 0,
                                                                                                                                                        "Plans": [
                                                                                                                                                            {
                                                                                                                                                                "Node Type": "Bitmap Index Scan",
                                                                                                                                                                "Parent Relationship": "Outer",
                                                                                                                                                                "Parallel Aware": false,
                                                                                                                                                                "Index Name": "info_type_pkey",
                                                                                                                                                                "Startup Cost": 0.0,
                                                                                                                                                                "Total Cost": 0.15,
                                                                                                                                                                "Plan Rows": 1,
                                                                                                                                                                "Plan Width": 0,
                                                                                                                                                                "Actual Startup Time": 0.001,
                                                                                                                                                                "Actual Total Time": 0.001,
                                                                                                                                                                "Actual Rows": 1,
                                                                                                                                                                "Actual Loops": 301247,
                                                                                                                                                                "Index Cond": "(it.id = mi.info_type_id)"
                                                                                                                                                            }
                                                                                                                                                        ]
                                                                                                                                                    }
                                                                                                                                                ]
                                                                                                                                            },
                                                                                                                                            {
                                                                                                                                                "Node Type": "Bitmap Heap Scan",
                                                                                                                                                "Parent Relationship": "Inner",
                                                                                                                                                "Parallel Aware": false,
                                                                                                                                                "Relation Name": "movie_companies",
                                                                                                                                                "Schema": "public",
                                                                                                                                                "Alias": "mc",
                                                                                                                                                "Startup Cost": 0.59,
                                                                                                                                                "Total Cost": 4.66,
                                                                                                                                                "Plan Rows": 5,
                                                                                                                                                "Plan Width": 8,
                                                                                                                                                "Actual Startup Time": 0.003,
                                                                                                                                                "Actual Total Time": 0.003,
                                                                                                                                                "Actual Rows": 2,
                                                                                                                                                "Actual Loops": 301243,
                                                                                                                                                "Output": [
                                                                                                                                                    "mc.id",
                                                                                                                                                    "mc.movie_id",
                                                                                                                                                    "mc.company_id",
                                                                                                                                                    "mc.company_type_id",
                                                                                                                                                    "mc.note"
                                                                                                                                                ],
                                                                                                                                                "Recheck Cond": "(mc.movie_id = mi.movie_id)",
                                                                                                                                                "Rows Removed by Index Recheck": 0,
                                                                                                                                                "Exact Heap Blocks": 192574,
                                                                                                                                                "Lossy Heap Blocks": 0,
                                                                                                                                                "Plans": [
                                                                                                                                                    {
                                                                                                                                                        "Node Type": "Bitmap Index Scan",
                                                                                                                                                        "Parent Relationship": "Outer",
                                                                                                                                                        "Parallel Aware": false,
                                                                                                                                                        "Index Name": "movie_id_movie_companies",
                                                                                                                                                        "Startup Cost": 0.0,
                                                                                                                                                        "Total Cost": 0.59,
                                                                                                                                                        "Plan Rows": 5,
                                                                                                                                                        "Plan Width": 0,
                                                                                                                                                        "Actual Startup Time": 0.002,
                                                                                                                                                        "Actual Total Time": 0.002,
                                                                                                                                                        "Actual Rows": 2,
                                                                                                                                                        "Actual Loops": 301243,
                                                                                                                                                        "Index Cond": "(mc.movie_id = mi.movie_id)"
                                                                                                                                                    }
                                                                                                                                                ]
                                                                                                                                            }
                                                                                                                                        ]
                                                                                                                                    }
                                                                                                                                ]
                                                                                                                            }
                                                                                                                        ]
                                                                                                                    }
                                                                                                                ]
                                                                                                            }
                                                                                                        ]
                                                                                                    },
                                                                                                    {
                                                                                                        "Node Type": "Bitmap Heap Scan",
                                                                                                        "Parent Relationship": "Inner",
                                                                                                        "Parallel Aware": false,
                                                                                                        "Relation Name": "role_type",
                                                                                                        "Schema": "public",
                                                                                                        "Alias": "rt",
                                                                                                        "Startup Cost": 0.14,
                                                                                                        "Total Cost": 4.16,
                                                                                                        "Plan Rows": 1,
                                                                                                        "Plan Width": 4,
                                                                                                        "Actual Startup Time": 0.002,
                                                                                                        "Actual Total Time": 0.002,
                                                                                                        "Actual Rows": 0,
                                                                                                        "Actual Loops": 24560169,
                                                                                                        "Output": [
                                                                                                            "rt.id",
                                                                                                            "rt.role"
                                                                                                        ],
                                                                                                        "Recheck Cond": "(rt.id = ci.role_id)",
                                                                                                        "Rows Removed by Index Recheck": 0,
                                                                                                        "Filter": "((rt.role)::text = 'actress'::text)",
                                                                                                        "Rows Removed by Filter": 1,
                                                                                                        "Exact Heap Blocks": 24560169,
                                                                                                        "Lossy Heap Blocks": 0,
                                                                                                        "Plans": [
                                                                                                            {
                                                                                                                "Node Type": "Bitmap Index Scan",
                                                                                                                "Parent Relationship": "Outer",
                                                                                                                "Parallel Aware": false,
                                                                                                                "Index Name": "role_type_pkey",
                                                                                                                "Startup Cost": 0.0,
                                                                                                                "Total Cost": 0.14,
                                                                                                                "Plan Rows": 1,
                                                                                                                "Plan Width": 0,
                                                                                                                "Actual Startup Time": 0.001,
                                                                                                                "Actual Total Time": 0.001,
                                                                                                                "Actual Rows": 1,
                                                                                                                "Actual Loops": 24560169,
                                                                                                                "Index Cond": "(rt.id = ci.role_id)"
                                                                                                            }
                                                                                                        ]
                                                                                                    }
                                                                                                ]
                                                                                            }
                                                                                        ]
                                                                                    }
                                                                                ]
                                                                            }
                                                                        ]
                                                                    }
                                                                ]
                                                            }
                                                        ]
                                                    }
                                                ]
                                            },
                                            {
                                                "Node Type": "Bitmap Heap Scan",
                                                "Parent Relationship": "Inner",
                                                "Parallel Aware": false,
                                                "Relation Name": "aka_name",
                                                "Schema": "public",
                                                "Alias": "an",
                                                "Startup Cost": 0.46,
                                                "Total Cost": 4.48,
                                                "Plan Rows": 2,
                                                "Plan Width": 4,
                                                "Actual Startup Time": 0.005,
                                                "Actual Total Time": 0.006,
                                                "Actual Rows": 5,
                                                "Actual Loops": 35,
                                                "Output": [
                                                    "an.id",
                                                    "an.person_id",
                                                    "an.name",
                                                    "an.imdb_index",
                                                    "an.name_pcode_cf",
                                                    "an.name_pcode_nf",
                                                    "an.surname_pcode",
                                                    "an.md5sum"
                                                ],
                                                "Recheck Cond": "(an.person_id = ci.person_id)",
                                                "Rows Removed by Index Recheck": 0,
                                                "Exact Heap Blocks": 70,
                                                "Lossy Heap Blocks": 0,
                                                "Plans": [
                                                    {
                                                        "Node Type": "Bitmap Index Scan",
                                                        "Parent Relationship": "Outer",
                                                        "Parallel Aware": false,
                                                        "Index Name": "person_id_aka_name",
                                                        "Startup Cost": 0.0,
                                                        "Total Cost": 0.46,
                                                        "Plan Rows": 2,
                                                        "Plan Width": 0,
                                                        "Actual Startup Time": 0.004,
                                                        "Actual Total Time": 0.004,
                                                        "Actual Rows": 5,
                                                        "Actual Loops": 35,
                                                        "Index Cond": "(an.person_id = ci.person_id)"
                                                    }
                                                ]
                                            }
                                        ]
                                    }
                                ]
                            }
                        ]
                    },
                    {
                        "Node Type": "Bitmap Heap Scan",
                        "Parent Relationship": "Inner",
                        "Parallel Aware": false,
                        "Relation Name": "title",
                        "Schema": "public",
                        "Alias": "t",
                        "Startup Cost": 0.45,
                        "Total Cost": 4.46,
                        "Plan Rows": 1,
                        "Plan Width": 21,
                        "Actual Startup Time": 0.007,
                        "Actual Total Time": 0.007,
                        "Actual Rows": 1,
                        "Actual Loops": 5,
                        "Output": [
                            "t.id",
                            "t.title",
                            "t.imdb_index",
                            "t.kind_id",
                            "t.production_year",
                            "t.imdb_id",
                            "t.phonetic_code",
                            "t.episode_of_id",
                            "t.season_nr",
                            "t.episode_nr",
                            "t.series_years",
                            "t.md5sum"
                        ],
                        "Recheck Cond": "(t.id = mk.movie_id)",
                        "Rows Removed by Index Recheck": 0,
                        "Filter": "((t.title ~~ 'Kung Fu Panda%'::text) AND (t.production_year > 2008))",
                        "Rows Removed by Filter": 0,
                        "Exact Heap Blocks": 5,
                        "Lossy Heap Blocks": 0,
                        "Plans": [
                            {
                                "Node Type": "Bitmap Index Scan",
                                "Parent Relationship": "Outer",
                                "Parallel Aware": false,
                                "Index Name": "title_pkey",
                                "Startup Cost": 0.0,
                                "Total Cost": 0.45,
                                "Plan Rows": 1,
                                "Plan Width": 0,
                                "Actual Startup Time": 0.004,
                                "Actual Total Time": 0.004,
                                "Actual Rows": 1,
                                "Actual Loops": 5,
                                "Index Cond": "(t.id = mk.movie_id)"
                            }
                        ]
                    }
                ]
            }
        ]
    },
    "Planning Time": 46.599,
    "Triggers": [],
    "Execution Time": 124295.221
}