[
  {
    "Plan": {
      "Node Type": "Aggregate",
      "Strategy": "Plain",
      "Partial Mode": "Finalize",
      "Parallel Aware": false,
      "Startup Cost": 225892.97,
      "Total Cost": 225892.98,
      "Plan Rows": 1,
      "Plan Width": 8,
      "Actual Startup Time": 1274.856,
      "Actual Total Time": 1331.803,
      "Actual Rows": 1,
      "Actual Loops": 1,
      "Plans": [
        {
          "Node Type": "Gather",
          "Parent Relationship": "Outer",
          "Parallel Aware": false,
          "Startup Cost": 225892.55,
          "Total Cost": 225892.96,
          "Plan Rows": 4,
          "Plan Width": 8,
          "Actual Startup Time": 1271.809,
          "Actual Total Time": 1331.793,
          "Actual Rows": 5,
          "Actual Loops": 1,
          "Workers Planned": 4,
          "Workers Launched": 4,
          "Single Copy": false,
          "Plans": [
            {
              "Node Type": "Aggregate",
              "Strategy": "Plain",
              "Partial Mode": "Partial",
              "Parent Relationship": "Outer",
              "Parallel Aware": false,
              "Startup Cost": 224892.55,
              "Total Cost": 224892.56,
              "Plan Rows": 1,
              "Plan Width": 8,
              "Actual Startup Time": 1266.234,
              "Actual Total Time": 1266.237,
              "Actual Rows": 1,
              "Actual Loops": 5,
              "Plans": [
                {
                  "Node Type": "Nested Loop",
                  "Parent Relationship": "Outer",
                  "Parallel Aware": false,
                  "Join Type": "Inner",
                  "Startup Cost": 17512.67,
                  "Total Cost": 224043.29,
                  "Plan Rows": 339704,
                  "Plan Width": 0,
                  "Actual Startup Time": 67.978,
                  "Actual Total Time": 1246.242,
                  "Actual Rows": 352713,
                  "Actual Loops": 5,
                  "Inner Unique": false,
                  "Plans": [
                    {
                      "Node Type": "Hash Join",
                      "Parent Relationship": "Outer",
                      "Parallel Aware": true,
                      "Join Type": "Inner",
                      "Startup Cost": 17512.11,
                      "Total Cost": 64507.87,
                      "Plan Rows": 61070,
                      "Plan Width": 8,
                      "Actual Startup Time": 67.901,
                      "Actual Total Time": 245.378,
                      "Actual Rows": 26314,
                      "Actual Loops": 5,
                      "Inner Unique": false,
                      "Hash Cond": "(t.id = mi_idx.movie_id)",
                      "Plans": [
                        {
                          "Node Type": "Seq Scan",
                          "Parent Relationship": "Outer",
                          "Parallel Aware": true,
                          "Relation Name": "title",
                          "Alias": "t",
                          "Startup Cost": 0.0,
                          "Total Cost": 45479.21,
                          "Plan Rows": 336559,
                          "Plan Width": 4,
                          "Actual Startup Time": 0.019,
                          "Actual Total Time": 73.353,
                          "Actual Rows": 265556,
                          "Actual Loops": 5,
                          "Filter": "((production_year < 2012) AND (kind_id = 7))",
                          "Rows Removed by Filter": 240106
                        },
                        {
                          "Node Type": "Hash",
                          "Parent Relationship": "Inner",
                          "Parallel Aware": true,
                          "Startup Cost": 15122.68,
                          "Total Cost": 15122.68,
                          "Plan Rows": 191154,
                          "Plan Width": 4,
                          "Actual Startup Time": 65.746,
                          "Actual Total Time": 65.746,
                          "Actual Rows": 92037,
                          "Actual Loops": 5,
                          "Hash Buckets": 524288,
                          "Original Hash Buckets": 524288,
                          "Hash Batches": 1,
                          "Original Hash Batches": 1,
                          "Peak Memory Usage": 22208,
                          "Plans": [
                            {
                              "Node Type": "Seq Scan",
                              "Parent Relationship": "Outer",
                              "Parallel Aware": true,
                              "Relation Name": "movie_info_idx",
                              "Alias": "mi_idx",
                              "Startup Cost": 0.0,
                              "Total Cost": 15122.68,
                              "Plan Rows": 191154,
                              "Plan Width": 4,
                              "Actual Startup Time": 0.035,
                              "Actual Total Time": 35.089,
                              "Actual Rows": 92037,
                              "Actual Loops": 5,
                              "Filter": "(info_type_id > 100)",
                              "Rows Removed by Filter": 183970
                            }
                          ]
                        }
                      ]
                    },
                    {
                      "Node Type": "Index Scan",
                      "Parent Relationship": "Inner",
                      "Parallel Aware": false,
                      "Scan Direction": "Forward",
                      "Index Name": "movie_id_cast_info",
                      "Relation Name": "cast_info",
                      "Alias": "ci",
                      "Startup Cost": 0.56,
                      "Total Cost": 2.46,
                      "Plan Rows": 15,
                      "Plan Width": 4,
                      "Actual Startup Time": 0.007,
                      "Actual Total Time": 0.037,
                      "Actual Rows": 13,
                      "Actual Loops": 131569,
                      "Index Cond": "(movie_id = t.id)",
                      "Rows Removed by Index Recheck": 0,
                      "Filter": "(person_id < 1383022)",
                      "Rows Removed by Filter": 22
                    }
                  ]
                }
              ]
            }
          ]
        }
      ]
    },
    "Planning Time": 0.893,
    "Triggers": [],
    "Execution Time": 1331.883
  }
]