{
  "Plan": {
    "Node Type": "Aggregate",
    "Strategy": "Plain",
    "Partial Mode": "Finalize",
    "Parallel Aware": false,
    "Startup Cost": 138657.0,
    "Total Cost": 138657.01,
    "Plan Rows": 1,
    "Plan Width": 8,
    "Actual Startup Time": 415.937,
    "Actual Total Time": 433.447,
    "Actual Rows": 1,
    "Actual Loops": 1,
    "Plans": [
      {
        "Node Type": "Gather",
        "Parent Relationship": "Outer",
        "Parallel Aware": false,
        "Startup Cost": 138656.89,
        "Total Cost": 138657.0,
        "Plan Rows": 1,
        "Plan Width": 8,
        "Actual Startup Time": 415.509,
        "Actual Total Time": 433.44,
        "Actual Rows": 2,
        "Actual Loops": 1,
        "Workers Planned": 1,
        "Workers Launched": 1,
        "Single Copy": false,
        "Plans": [
          {
            "Node Type": "Aggregate",
            "Strategy": "Plain",
            "Partial Mode": "Partial",
            "Parent Relationship": "Outer",
            "Parallel Aware": false,
            "Startup Cost": 137656.89,
            "Total Cost": 137656.9,
            "Plan Rows": 1,
            "Plan Width": 8,
            "Actual Startup Time": 409.434,
            "Actual Total Time": 409.437,
            "Actual Rows": 1,
            "Actual Loops": 2,
            "Plans": [
              {
                "Node Type": "Nested Loop",
                "Parent Relationship": "Outer",
                "Parallel Aware": false,
                "Join Type": "Inner",
                "Startup Cost": 82917.52,
                "Total Cost": 137643.02,
                "Plan Rows": 5545,
                "Plan Width": 0,
                "Actual Startup Time": 284.596,
                "Actual Total Time": 409.374,
                "Actual Rows": 506,
                "Actual Loops": 2,
                "Inner Unique": false,
                "Join Filter": "(t.id = mc.movie_id)",
                "Rows Removed by Join Filter": 0,
                "Plans": [
                  {
                    "Node Type": "Hash Join",
                    "Parent Relationship": "Outer",
                    "Parallel Aware": true,
                    "Join Type": "Inner",
                    "Startup Cost": 82917.09,
                    "Total Cost": 117326.31,
                    "Plan Rows": 30961,
                    "Plan Width": 8,
                    "Actual Startup Time": 221.424,
                    "Actual Total Time": 378.226,
                    "Actual Rows": 7833,
                    "Actual Loops": 2,
                    "Inner Unique": true,
                    "Hash Cond": "(mk.movie_id = t.id)",
                    "Plans": [
                      {
                        "Node Type": "Bitmap Heap Scan",
                        "Parent Relationship": "Outer",
                        "Parallel Aware": true,
                        "Relation Name": "movie_keyword",
                        "Alias": "mk",
                        "Startup Cost": 23736.16,
                        "Total Cost": 56417.61,
                        "Plan Rows": 658196,
                        "Plan Width": 4,
                        "Actual Startup Time": 67.211,
                        "Actual Total Time": 160.694,
                        "Actual Rows": 564076,
                        "Actual Loops": 2,
                        "Recheck Cond": "(keyword_id < 1226)",
                        "Rows Removed by Index Recheck": 0,
                        "Exact Heap Blocks": 14126,
                        "Lossy Heap Blocks": 0,
                        "Plans": [
                          {
                            "Node Type": "Bitmap Index Scan",
                            "Parent Relationship": "Outer",
                            "Parallel Aware": false,
                            "Index Name": "keyword_id_movie_keyword",
                            "Startup Cost": 0.0,
                            "Total Cost": 23456.43,
                            "Plan Rows": 1118933,
                            "Plan Width": 0,
                            "Actual Startup Time": 63.518,
                            "Actual Total Time": 63.519,
                            "Actual Rows": 1128151,
                            "Actual Loops": 1,
                            "Index Cond": "(keyword_id < 1226)"
                          }
                        ]
                      },
                      {
                        "Node Type": "Hash",
                        "Parent Relationship": "Inner",
                        "Parallel Aware": true,
                        "Startup Cost": 58306.47,
                        "Total Cost": 58306.47,
                        "Plan Rows": 69957,
                        "Plan Width": 4,
                        "Actual Startup Time": 151.922,
                        "Actual Total Time": 151.923,
                        "Actual Rows": 61303,
                        "Actual Loops": 2,
                        "Hash Buckets": 131072,
                        "Original Hash Buckets": 131072,
                        "Hash Batches": 1,
                        "Original Hash Batches": 1,
                        "Peak Memory Usage": 5856,
                        "Plans": [
                          {
                            "Node Type": "Seq Scan",
                            "Parent Relationship": "Outer",
                            "Parallel Aware": true,
                            "Relation Name": "title",
                            "Alias": "t",
                            "Startup Cost": 0.0,
                            "Total Cost": 58306.47,
                            "Plan Rows": 69957,
                            "Plan Width": 4,
                            "Actual Startup Time": 0.036,
                            "Actual Total Time": 136.071,
                            "Actual Rows": 61303,
                            "Actual Loops": 2,
                            "Filter": "((kind_id > 1) AND (production_year = 2011))",
                            "Rows Removed by Filter": 1202853
                          }
                        ]
                      }
                    ]
                  },
                  {
                    "Node Type": "Index Scan",
                    "Parent Relationship": "Inner",
                    "Parallel Aware": false,
                    "Scan Direction": "Forward",
                    "Index Name": "movie_id_movie_companies",
                    "Relation Name": "movie_companies",
                    "Alias": "mc",
                    "Startup Cost": 0.43,
                    "Total Cost": 0.64,
                    "Plan Rows": 1,
                    "Plan Width": 4,
                    "Actual Startup Time": 0.004,
                    "Actual Total Time": 0.004,
                    "Actual Rows": 0,
                    "Actual Loops": 15666,
                    "Index Cond": "(movie_id = mk.movie_id)",
                    "Rows Removed by Index Recheck": 0,
                    "Filter": "((company_id > 19487) AND (company_type_id = 1))",
                    "Rows Removed by Filter": 3
                  }
                ]
              }
            ]
          }
        ]
      }
    ]
  },
  "Planning Time": 1.057,
  "Triggers": [],
  "Execution Time": 433.552
}