[
  {
    "Plan": {
      "Node Type": "Aggregate",
      "Strategy": "Plain",
      "Partial Mode": "Finalize",
      "Parallel Aware": false,
      "Startup Cost": 349010.42,
      "Total Cost": 349010.43,
      "Plan Rows": 1,
      "Plan Width": 8,
      "Actual Startup Time": 570.039,
      "Actual Total Time": 590.359,
      "Actual Rows": 1,
      "Actual Loops": 1,
      "Plans": [
        {
          "Node Type": "Gather",
          "Parent Relationship": "Outer",
          "Parallel Aware": false,
          "Startup Cost": 349009.79,
          "Total Cost": 349010.4,
          "Plan Rows": 6,
          "Plan Width": 8,
          "Actual Startup Time": 549.741,
          "Actual Total Time": 590.348,
          "Actual Rows": 7,
          "Actual Loops": 1,
          "Workers Planned": 6,
          "Workers Launched": 6,
          "Single Copy": false,
          "Plans": [
            {
              "Node Type": "Aggregate",
              "Strategy": "Plain",
              "Partial Mode": "Partial",
              "Parent Relationship": "Outer",
              "Parallel Aware": false,
              "Startup Cost": 348009.79,
              "Total Cost": 348009.8,
              "Plan Rows": 1,
              "Plan Width": 8,
              "Actual Startup Time": 527.955,
              "Actual Total Time": 527.961,
              "Actual Rows": 1,
              "Actual Loops": 7,
              "Plans": [
                {
                  "Node Type": "Hash Join",
                  "Parent Relationship": "Outer",
                  "Parallel Aware": true,
                  "Join Type": "Inner",
                  "Startup Cost": 90028.4,
                  "Total Cost": 347258.82,
                  "Plan Rows": 300391,
                  "Plan Width": 0,
                  "Actual Startup Time": 320.763,
                  "Actual Total Time": 514.47,
                  "Actual Rows": 249662,
                  "Actual Loops": 7,
                  "Inner Unique": true,
                  "Hash Cond": "(ci.movie_id = t.id)",
                  "Plans": [
                    {
                      "Node Type": "Bitmap Heap Scan",
                      "Parent Relationship": "Outer",
                      "Parallel Aware": true,
                      "Relation Name": "cast_info",
                      "Alias": "ci",
                      "Startup Cost": 39808.75,
                      "Total Cost": 296250.64,
                      "Plan Rows": 300391,
                      "Plan Width": 4,
                      "Actual Startup Time": 62.678,
                      "Actual Total Time": 122.582,
                      "Actual Rows": 249662,
                      "Actual Loops": 7,
                      "Recheck Cond": "(person_id > 3716066)",
                      "Rows Removed by Index Recheck": 0,
                      "Exact Heap Blocks": 4390,
                      "Lossy Heap Blocks": 0,
                      "Plans": [
                        {
                          "Node Type": "Bitmap Index Scan",
                          "Parent Relationship": "Outer",
                          "Parallel Aware": false,
                          "Index Name": "person_id_cast_info",
                          "Startup Cost": 0.0,
                          "Total Cost": 39358.17,
                          "Plan Rows": 1802347,
                          "Plan Width": 0,
                          "Actual Startup Time": 58.682,
                          "Actual Total Time": 58.683,
                          "Actual Rows": 1747632,
                          "Actual Loops": 1,
                          "Index Cond": "(person_id > 3716066)"
                        }
                      ]
                    },
                    {
                      "Node Type": "Hash",
                      "Parent Relationship": "Inner",
                      "Parallel Aware": true,
                      "Startup Cost": 42318.73,
                      "Total Cost": 42318.73,
                      "Plan Rows": 632073,
                      "Plan Width": 4,
                      "Actual Startup Time": 251.338,
                      "Actual Total Time": 251.34,
                      "Actual Rows": 361187,
                      "Actual Loops": 7,
                      "Hash Buckets": 4194304,
                      "Original Hash Buckets": 4194304,
                      "Hash Batches": 1,
                      "Original Hash Batches": 1,
                      "Peak Memory Usage": 131776,
                      "Plans": [
                        {
                          "Node Type": "Seq Scan",
                          "Parent Relationship": "Outer",
                          "Parallel Aware": true,
                          "Relation Name": "title",
                          "Alias": "t",
                          "Startup Cost": 0.0,
                          "Total Cost": 42318.73,
                          "Plan Rows": 632073,
                          "Plan Width": 4,
                          "Actual Startup Time": 0.04,
                          "Actual Total Time": 76.29,
                          "Actual Rows": 361187,
                          "Actual Loops": 7
                        }
                      ]
                    }
                  ]
                }
              ]
            }
          ]
        }
      ]
    },
    "Planning Time": 0.595,
    "Triggers": [],
    "Execution Time": 590.451
  }
]