[
  {
    "Plan": {
      "Node Type": "Aggregate",
      "Strategy": "Plain",
      "Partial Mode": "Finalize",
      "Parallel Aware": false,
      "Startup Cost": 233125.36,
      "Total Cost": 233125.37,
      "Plan Rows": 1,
      "Plan Width": 8,
      "Actual Startup Time": 338.079,
      "Actual Total Time": 355.179,
      "Actual Rows": 1,
      "Actual Loops": 1,
      "Plans": [
        {
          "Node Type": "Gather",
          "Parent Relationship": "Outer",
          "Parallel Aware": false,
          "Startup Cost": 233124.73,
          "Total Cost": 233125.34,
          "Plan Rows": 6,
          "Plan Width": 8,
          "Actual Startup Time": 338.065,
          "Actual Total Time": 355.171,
          "Actual Rows": 7,
          "Actual Loops": 1,
          "Workers Planned": 6,
          "Workers Launched": 6,
          "Single Copy": false,
          "Plans": [
            {
              "Node Type": "Aggregate",
              "Strategy": "Plain",
              "Partial Mode": "Partial",
              "Parent Relationship": "Outer",
              "Parallel Aware": false,
              "Startup Cost": 232124.73,
              "Total Cost": 232124.74,
              "Plan Rows": 1,
              "Plan Width": 8,
              "Actual Startup Time": 328.343,
              "Actual Total Time": 328.344,
              "Actual Rows": 1,
              "Actual Loops": 7,
              "Plans": [
                {
                  "Node Type": "Index Scan",
                  "Parent Relationship": "Outer",
                  "Parallel Aware": true,
                  "Scan Direction": "Forward",
                  "Index Name": "role_id_cast_info",
                  "Relation Name": "cast_info",
                  "Alias": "ci",
                  "Startup Cost": 0.56,
                  "Total Cost": 230750.01,
                  "Plan Rows": 549891,
                  "Plan Width": 0,
                  "Actual Startup Time": 0.264,
                  "Actual Total Time": 285.13,
                  "Actual Rows": 872628,
                  "Actual Loops": 7,
                  "Index Cond": "(role_id > 5)",
                  "Rows Removed by Index Recheck": 0,
                  "Filter": "(person_id > 2278563)",
                  "Rows Removed by Filter": 339703
                }
              ]
            }
          ]
        }
      ]
    },
    "Planning Time": 0.239,
    "Triggers": [],
    "Execution Time": 355.25
  }
]