[
  {
    "Plan": {
      "Node Type": "Aggregate",
      "Strategy": "Plain",
      "Partial Mode": "Finalize",
      "Parallel Aware": false,
      "Startup Cost": 44941.5,
      "Total Cost": 44941.51,
      "Plan Rows": 1,
      "Plan Width": 8,
      "Actual Startup Time": 133.396,
      "Actual Total Time": 143.185,
      "Actual Rows": 1,
      "Actual Loops": 1,
      "Plans": [
        {
          "Node Type": "Gather",
          "Parent Relationship": "Outer",
          "Parallel Aware": false,
          "Startup Cost": 44941.18,
          "Total Cost": 44941.49,
          "Plan Rows": 3,
          "Plan Width": 8,
          "Actual Startup Time": 133.298,
          "Actual Total Time": 143.176,
          "Actual Rows": 4,
          "Actual Loops": 1,
          "Workers Planned": 3,
          "Workers Launched": 3,
          "Single Copy": false,
          "Plans": [
            {
              "Node Type": "Aggregate",
              "Strategy": "Plain",
              "Partial Mode": "Partial",
              "Parent Relationship": "Outer",
              "Parallel Aware": false,
              "Startup Cost": 43941.18,
              "Total Cost": 43941.19,
              "Plan Rows": 1,
              "Plan Width": 8,
              "Actual Startup Time": 127.408,
              "Actual Total Time": 127.409,
              "Actual Rows": 1,
              "Actual Loops": 4,
              "Plans": [
                {
                  "Node Type": "Seq Scan",
                  "Parent Relationship": "Outer",
                  "Parallel Aware": true,
                  "Relation Name": "movie_keyword",
                  "Alias": "mk",
                  "Startup Cost": 0.0,
                  "Total Cost": 42695.65,
                  "Plan Rows": 498210,
                  "Plan Width": 0,
                  "Actual Startup Time": 0.058,
                  "Actual Total Time": 107.984,
                  "Actual Rows": 389042,
                  "Actual Loops": 4,
                  "Filter": "(keyword_id < 2329)",
                  "Rows Removed by Filter": 741940
                }
              ]
            }
          ]
        }
      ]
    },
    "Planning Time": 0.151,
    "Triggers": [],
    "Execution Time": 143.231
  }
]