[
  {
    "Plan": {
      "Node Type": "Aggregate",
      "Strategy": "Plain",
      "Partial Mode": "Finalize",
      "Parallel Aware": false,
      "Startup Cost": 46864.78,
      "Total Cost": 46864.79,
      "Plan Rows": 1,
      "Plan Width": 8,
      "Actual Startup Time": 110.394,
      "Actual Total Time": 123.12,
      "Actual Rows": 1,
      "Actual Loops": 1,
      "Plans": [
        {
          "Node Type": "Gather",
          "Parent Relationship": "Outer",
          "Parallel Aware": false,
          "Startup Cost": 46864.36,
          "Total Cost": 46864.77,
          "Plan Rows": 4,
          "Plan Width": 8,
          "Actual Startup Time": 110.175,
          "Actual Total Time": 123.108,
          "Actual Rows": 5,
          "Actual Loops": 1,
          "Workers Planned": 4,
          "Workers Launched": 4,
          "Single Copy": false,
          "Plans": [
            {
              "Node Type": "Aggregate",
              "Strategy": "Plain",
              "Partial Mode": "Partial",
              "Parent Relationship": "Outer",
              "Parallel Aware": false,
              "Startup Cost": 45864.36,
              "Total Cost": 45864.37,
              "Plan Rows": 1,
              "Plan Width": 8,
              "Actual Startup Time": 101.814,
              "Actual Total Time": 101.815,
              "Actual Rows": 1,
              "Actual Loops": 5,
              "Plans": [
                {
                  "Node Type": "Seq Scan",
                  "Parent Relationship": "Outer",
                  "Parallel Aware": true,
                  "Relation Name": "title",
                  "Alias": "t",
                  "Startup Cost": 0.0,
                  "Total Cost": 45479.59,
                  "Plan Rows": 153909,
                  "Plan Width": 0,
                  "Actual Startup Time": 46.699,
                  "Actual Total Time": 96.585,
                  "Actual Rows": 110467,
                  "Actual Loops": 5,
                  "Filter": "((production_year > 1925) AND (kind_id = 1))",
                  "Rows Removed by Filter": 395196
                }
              ]
            }
          ]
        }
      ]
    },
    "Planning Time": 0.2,
    "Triggers": [],
    "Execution Time": 123.182
  }
]