{
  "Plan": {
    "Node Type": "Aggregate",
    "Strategy": "Plain",
    "Partial Mode": "Finalize",
    "Parallel Aware": false,
    "Startup Cost": 877739.88,
    "Total Cost": 877739.89,
    "Plan Rows": 1,
    "Plan Width": 8,
    "Actual Startup Time": 7004.007,
    "Actual Total Time": 7067.471,
    "Actual Rows": 1,
    "Actual Loops": 1,
    "Plans": [
      {
        "Node Type": "Gather",
        "Parent Relationship": "Outer",
        "Parallel Aware": false,
        "Startup Cost": 877739.77,
        "Total Cost": 877739.88,
        "Plan Rows": 1,
        "Plan Width": 8,
        "Actual Startup Time": 6997.855,
        "Actual Total Time": 7067.462,
        "Actual Rows": 2,
        "Actual Loops": 1,
        "Workers Planned": 1,
        "Workers Launched": 1,
        "Single Copy": false,
        "Plans": [
          {
            "Node Type": "Aggregate",
            "Strategy": "Plain",
            "Partial Mode": "Partial",
            "Parent Relationship": "Outer",
            "Parallel Aware": false,
            "Startup Cost": 876739.77,
            "Total Cost": 876739.78,
            "Plan Rows": 1,
            "Plan Width": 8,
            "Actual Startup Time": 6986.134,
            "Actual Total Time": 6986.989,
            "Actual Rows": 1,
            "Actual Loops": 2,
            "Plans": [
              {
                "Node Type": "Hash Join",
                "Parent Relationship": "Outer",
                "Parallel Aware": true,
                "Join Type": "Inner",
                "Startup Cost": 369061.28,
                "Total Cost": 855365.59,
                "Plan Rows": 8549671,
                "Plan Width": 0,
                "Actual Startup Time": 2233.253,
                "Actual Total Time": 6455.511,
                "Actual Rows": 13272269,
                "Actual Loops": 2,
                "Inner Unique": false,
                "Hash Cond": "(ci.movie_id = t.id)",
                "Plans": [
                  {
                    "Node Type": "Index Scan",
                    "Parent Relationship": "Outer",
                    "Parallel Aware": true,
                    "Scan Direction": "Forward",
                    "Index Name": "role_id_cast_info",
                    "Relation Name": "cast_info",
                    "Alias": "ci",
                    "Startup Cost": 0.56,
                    "Total Cost": 400977.7,
                    "Plan Rows": 7006995,
                    "Plan Width": 4,
                    "Actual Startup Time": 0.045,
                    "Actual Total Time": 1012.764,
                    "Actual Rows": 6335344,
                    "Actual Loops": 2,
                    "Index Cond": "(role_id = 1)",
                    "Rows Removed by Index Recheck": 0,
                    "Filter": "(person_id < 3747023)",
                    "Rows Removed by Filter": 0
                  },
                  {
                    "Node Type": "Hash",
                    "Parent Relationship": "Inner",
                    "Parallel Aware": true,
                    "Startup Cost": 346377.41,
                    "Total Cost": 346377.41,
                    "Plan Rows": 1814664,
                    "Plan Width": 8,
                    "Actual Startup Time": 2211.087,
                    "Actual Total Time": 2211.94,
                    "Actual Rows": 1161526,
                    "Actual Loops": 2,
                    "Hash Buckets": 4194304,
                    "Original Hash Buckets": 4194304,
                    "Hash Batches": 1,
                    "Original Hash Batches": 1,
                    "Peak Memory Usage": 123680,
                    "Plans": [
                      {
                        "Node Type": "Hash Join",
                        "Parent Relationship": "Outer",
                        "Parallel Aware": true,
                        "Join Type": "Inner",
                        "Startup Cost": 60373.46,
                        "Total Cost": 346377.41,
                        "Plan Rows": 1814664,
                        "Plan Width": 8,
                        "Actual Startup Time": 275.965,
                        "Actual Total Time": 1888.888,
                        "Actual Rows": 1161526,
                        "Actual Loops": 2,
                        "Inner Unique": true,
                        "Hash Cond": "(mi.movie_id = t.id)",
                        "Plans": [
                          {
                            "Node Type": "Seq Scan",
                            "Parent Relationship": "Outer",
                            "Parallel Aware": true,
                            "Relation Name": "movie_info",
                            "Alias": "mi",
                            "Startup Cost": 0.0,
                            "Total Cost": 270696.42,
                            "Plan Rows": 5831431,
                            "Plan Width": 4,
                            "Actual Startup Time": 32.749,
                            "Actual Total Time": 714.767,
                            "Actual Rows": 4955877,
                            "Actual Loops": 2,
                            "Filter": "(info_type_id > 4)",
                            "Rows Removed by Filter": 2461983
                          },
                          {
                            "Node Type": "Hash",
                            "Parent Relationship": "Inner",
                            "Parallel Aware": true,
                            "Startup Cost": 54588.39,
                            "Total Cost": 54588.39,
                            "Plan Rows": 462806,
                            "Plan Width": 4,
                            "Actual Startup Time": 240.293,
                            "Actual Total Time": 240.294,
                            "Actual Rows": 392463,
                            "Actual Loops": 2,
                            "Hash Buckets": 1048576,
                            "Original Hash Buckets": 1048576,
                            "Hash Batches": 1,
                            "Original Hash Batches": 1,
                            "Peak Memory Usage": 38944,
                            "Plans": [
                              {
                                "Node Type": "Seq Scan",
                                "Parent Relationship": "Outer",
                                "Parallel Aware": true,
                                "Relation Name": "title",
                                "Alias": "t",
                                "Startup Cost": 0.0,
                                "Total Cost": 54588.39,
                                "Plan Rows": 462806,
                                "Plan Width": 4,
                                "Actual Startup Time": 0.027,
                                "Actual Total Time": 143.742,
                                "Actual Rows": 392463,
                                "Actual Loops": 2,
                                "Filter": "(production_year > 2007)",
                                "Rows Removed by Filter": 871693
                              }
                            ]
                          }
                        ]
                      }
                    ]
                  }
                ]
              }
            ]
          }
        ]
      }
    ]
  },
  "Planning Time": 0.954,
  "Triggers": [],
  "Execution Time": 7067.569
}