[
  {
    "Plan": {
      "Node Type": "Aggregate",
      "Strategy": "Plain",
      "Partial Mode": "Finalize",
      "Parallel Aware": false,
      "Startup Cost": 464746.91,
      "Total Cost": 464746.92,
      "Plan Rows": 1,
      "Plan Width": 8,
      "Actual Startup Time": 2471.786,
      "Actual Total Time": 2550.925,
      "Actual Rows": 1,
      "Actual Loops": 1,
      "Plans": [
        {
          "Node Type": "Gather",
          "Parent Relationship": "Outer",
          "Parallel Aware": false,
          "Startup Cost": 464746.28,
          "Total Cost": 464746.89,
          "Plan Rows": 6,
          "Plan Width": 8,
          "Actual Startup Time": 2455.245,
          "Actual Total Time": 2550.914,
          "Actual Rows": 7,
          "Actual Loops": 1,
          "Workers Planned": 6,
          "Workers Launched": 6,
          "Single Copy": false,
          "Plans": [
            {
              "Node Type": "Aggregate",
              "Strategy": "Plain",
              "Partial Mode": "Partial",
              "Parent Relationship": "Outer",
              "Parallel Aware": false,
              "Startup Cost": 463746.28,
              "Total Cost": 463746.29,
              "Plan Rows": 1,
              "Plan Width": 8,
              "Actual Startup Time": 2439.551,
              "Actual Total Time": 2439.556,
              "Actual Rows": 1,
              "Actual Loops": 7,
              "Plans": [
                {
                  "Node Type": "Hash Join",
                  "Parent Relationship": "Outer",
                  "Parallel Aware": true,
                  "Join Type": "Inner",
                  "Startup Cost": 100144.47,
                  "Total Cost": 451567.96,
                  "Plan Rows": 4871328,
                  "Plan Width": 0,
                  "Actual Startup Time": 365.707,
                  "Actual Total Time": 2231.09,
                  "Actual Rows": 4321382,
                  "Actual Loops": 7,
                  "Inner Unique": false,
                  "Hash Cond": "(ci.movie_id = t.id)",
                  "Plans": [
                    {
                      "Node Type": "Seq Scan",
                      "Parent Relationship": "Outer",
                      "Parallel Aware": true,
                      "Relation Name": "cast_info",
                      "Alias": "ci",
                      "Startup Cost": 0.0,
                      "Total Cost": 313067.02,
                      "Plan Rows": 6038002,
                      "Plan Width": 4,
                      "Actual Startup Time": 0.02,
                      "Actual Total Time": 557.307,
                      "Actual Rows": 5177763,
                      "Actual Loops": 7
                    },
                    {
                      "Node Type": "Hash",
                      "Parent Relationship": "Inner",
                      "Parallel Aware": true,
                      "Startup Cost": 91919.58,
                      "Total Cost": 91919.58,
                      "Plan Rows": 657991,
                      "Plan Width": 8,
                      "Actual Startup Time": 360.919,
                      "Actual Total Time": 360.923,
                      "Actual Rows": 163297,
                      "Actual Loops": 7,
                      "Hash Buckets": 2097152,
                      "Original Hash Buckets": 2097152,
                      "Hash Batches": 1,
                      "Original Hash Batches": 1,
                      "Peak Memory Usage": 61216,
                      "Plans": [
                        {
                          "Node Type": "Hash Join",
                          "Parent Relationship": "Outer",
                          "Parallel Aware": true,
                          "Join Type": "Inner",
                          "Startup Cost": 49041.5,
                          "Total Cost": 91919.58,
                          "Plan Rows": 657991,
                          "Plan Width": 8,
                          "Actual Startup Time": 163.7,
                          "Actual Total Time": 306.987,
                          "Actual Rows": 163297,
                          "Actual Loops": 7,
                          "Inner Unique": true,
                          "Hash Cond": "(mk.movie_id = t.id)",
                          "Plans": [
                            {
                              "Node Type": "Seq Scan",
                              "Parent Relationship": "Outer",
                              "Parallel Aware": true,
                              "Relation Name": "movie_keyword",
                              "Alias": "mk",
                              "Startup Cost": 0.0,
                              "Total Cost": 39047.32,
                              "Plan Rows": 1459332,
                              "Plan Width": 4,
                              "Actual Startup Time": 0.024,
                              "Actual Total Time": 60.142,
                              "Actual Rows": 646276,
                              "Actual Loops": 7
                            },
                            {
                              "Node Type": "Hash",
                              "Parent Relationship": "Inner",
                              "Parallel Aware": true,
                              "Startup Cost": 45479.1,
                              "Total Cost": 45479.1,
                              "Plan Rows": 284992,
                              "Plan Width": 4,
                              "Actual Startup Time": 161.648,
                              "Actual Total Time": 161.649,
                              "Actual Rows": 156512,
                              "Actual Loops": 7,
                              "Hash Buckets": 2097152,
                              "Original Hash Buckets": 2097152,
                              "Hash Batches": 1,
                              "Original Hash Batches": 1,
                              "Peak Memory Usage": 59328,
                              "Plans": [
                                {
                                  "Node Type": "Seq Scan",
                                  "Parent Relationship": "Outer",
                                  "Parallel Aware": true,
                                  "Relation Name": "title",
                                  "Alias": "t",
                                  "Startup Cost": 0.0,
                                  "Total Cost": 45479.1,
                                  "Plan Rows": 284992,
                                  "Plan Width": 4,
                                  "Actual Startup Time": 0.041,
                                  "Actual Total Time": 80.636,
                                  "Actual Rows": 156512,
                                  "Actual Loops": 7,
                                  "Filter": "((kind_id > 1) AND (production_year < 2007))",
                                  "Rows Removed by Filter": 204676
                                }
                              ]
                            }
                          ]
                        }
                      ]
                    }
                  ]
                }
              ]
            }
          ]
        }
      ]
    },
    "Planning Time": 1.242,
    "Triggers": [],
    "Execution Time": 2551.023
  }
]