[
  {
    "Plan": {
      "Node Type": "Aggregate",
      "Strategy": "Plain",
      "Partial Mode": "Finalize",
      "Parallel Aware": false,
      "Startup Cost": 46724.07,
      "Total Cost": 46724.08,
      "Plan Rows": 1,
      "Plan Width": 8,
      "Actual Startup Time": 96.397,
      "Actual Total Time": 107.841,
      "Actual Rows": 1,
      "Actual Loops": 1,
      "Plans": [
        {
          "Node Type": "Gather",
          "Parent Relationship": "Outer",
          "Parallel Aware": false,
          "Startup Cost": 46723.65,
          "Total Cost": 46724.06,
          "Plan Rows": 4,
          "Plan Width": 8,
          "Actual Startup Time": 96.111,
          "Actual Total Time": 107.83,
          "Actual Rows": 5,
          "Actual Loops": 1,
          "Workers Planned": 4,
          "Workers Launched": 4,
          "Single Copy": false,
          "Plans": [
            {
              "Node Type": "Aggregate",
              "Strategy": "Plain",
              "Partial Mode": "Partial",
              "Parent Relationship": "Outer",
              "Parallel Aware": false,
              "Startup Cost": 45723.65,
              "Total Cost": 45723.66,
              "Plan Rows": 1,
              "Plan Width": 8,
              "Actual Startup Time": 89.703,
              "Actual Total Time": 89.705,
              "Actual Rows": 1,
              "Actual Loops": 5,
              "Plans": [
                {
                  "Node Type": "Seq Scan",
                  "Parent Relationship": "Outer",
                  "Parallel Aware": true,
                  "Relation Name": "title",
                  "Alias": "t",
                  "Startup Cost": 0.0,
                  "Total Cost": 45479.59,
                  "Plan Rows": 97626,
                  "Plan Width": 0,
                  "Actual Startup Time": 40.423,
                  "Actual Total Time": 86.99,
                  "Actual Rows": 57939,
                  "Actual Loops": 5,
                  "Filter": "((production_year > 1998) AND (kind_id = 1))",
                  "Rows Removed by Filter": 447724
                }
              ]
            }
          ]
        }
      ]
    },
    "Planning Time": 0.06,
    "Triggers": [],
    "Execution Time": 107.866
  }
]