[
  {
    "Plan": {
      "Node Type": "Aggregate",
      "Strategy": "Plain",
      "Partial Mode": "Finalize",
      "Parallel Aware": false,
      "Startup Cost": 46724.36,
      "Total Cost": 46724.37,
      "Plan Rows": 1,
      "Plan Width": 8,
      "Actual Startup Time": 93.848,
      "Actual Total Time": 106.048,
      "Actual Rows": 1,
      "Actual Loops": 1,
      "Plans": [
        {
          "Node Type": "Gather",
          "Parent Relationship": "Outer",
          "Parallel Aware": false,
          "Startup Cost": 46723.94,
          "Total Cost": 46724.35,
          "Plan Rows": 4,
          "Plan Width": 8,
          "Actual Startup Time": 93.722,
          "Actual Total Time": 106.039,
          "Actual Rows": 5,
          "Actual Loops": 1,
          "Workers Planned": 4,
          "Workers Launched": 4,
          "Single Copy": false,
          "Plans": [
            {
              "Node Type": "Aggregate",
              "Strategy": "Plain",
              "Partial Mode": "Partial",
              "Parent Relationship": "Outer",
              "Parallel Aware": false,
              "Startup Cost": 45723.94,
              "Total Cost": 45723.95,
              "Plan Rows": 1,
              "Plan Width": 8,
              "Actual Startup Time": 88.685,
              "Actual Total Time": 88.686,
              "Actual Rows": 1,
              "Actual Loops": 5,
              "Plans": [
                {
                  "Node Type": "Seq Scan",
                  "Parent Relationship": "Outer",
                  "Parallel Aware": true,
                  "Relation Name": "title",
                  "Alias": "t",
                  "Startup Cost": 0.0,
                  "Total Cost": 45479.1,
                  "Plan Rows": 97938,
                  "Plan Width": 0,
                  "Actual Startup Time": 43.294,
                  "Actual Total Time": 86.013,
                  "Actual Rows": 57939,
                  "Actual Loops": 5,
                  "Filter": "((production_year > 1998) AND (kind_id = 1))",
                  "Rows Removed by Filter": 447724
                }
              ]
            }
          ]
        }
      ]
    },
    "Planning Time": 0.189,
    "Triggers": [],
    "Execution Time": 106.117
  }
]