[
  {
    "Plan": {
      "Node Type": "Aggregate",
      "Strategy": "Plain",
      "Partial Mode": "Finalize",
      "Parallel Aware": false,
      "Startup Cost": 33108.66,
      "Total Cost": 33108.67,
      "Plan Rows": 1,
      "Plan Width": 8,
      "Actual Startup Time": 85.747,
      "Actual Total Time": 93.37,
      "Actual Rows": 1,
      "Actual Loops": 1,
      "Plans": [
        {
          "Node Type": "Gather",
          "Parent Relationship": "Outer",
          "Parallel Aware": false,
          "Startup Cost": 33108.35,
          "Total Cost": 33108.66,
          "Plan Rows": 3,
          "Plan Width": 8,
          "Actual Startup Time": 85.655,
          "Actual Total Time": 93.363,
          "Actual Rows": 4,
          "Actual Loops": 1,
          "Workers Planned": 3,
          "Workers Launched": 3,
          "Single Copy": false,
          "Plans": [
            {
              "Node Type": "Aggregate",
              "Strategy": "Plain",
              "Partial Mode": "Partial",
              "Parent Relationship": "Outer",
              "Parallel Aware": false,
              "Startup Cost": 32108.35,
              "Total Cost": 32108.36,
              "Plan Rows": 1,
              "Plan Width": 8,
              "Actual Startup Time": 80.281,
              "Actual Total Time": 80.282,
              "Actual Rows": 1,
              "Actual Loops": 4,
              "Plans": [
                {
                  "Node Type": "Seq Scan",
                  "Parent Relationship": "Outer",
                  "Parallel Aware": true,
                  "Relation Name": "movie_companies",
                  "Alias": "mc",
                  "Startup Cost": 0.0,
                  "Total Cost": 31414.82,
                  "Plan Rows": 277411,
                  "Plan Width": 0,
                  "Actual Startup Time": 1.173,
                  "Actual Total Time": 72.696,
                  "Actual Rows": 166993,
                  "Actual Loops": 4,
                  "Filter": "((company_id > 2452) AND (company_type_id = 1))",
                  "Rows Removed by Filter": 485290
                }
              ]
            }
          ]
        }
      ]
    },
    "Planning Time": 0.139,
    "Triggers": [],
    "Execution Time": 93.409
  }
]