[
  {
    "Plan": {
      "Node Type": "Aggregate",
      "Strategy": "Plain",
      "Partial Mode": "Finalize",
      "Parallel Aware": false,
      "Startup Cost": 33242.82,
      "Total Cost": 33242.83,
      "Plan Rows": 1,
      "Plan Width": 8,
      "Actual Startup Time": 93.494,
      "Actual Total Time": 99.832,
      "Actual Rows": 1,
      "Actual Loops": 1,
      "Plans": [
        {
          "Node Type": "Gather",
          "Parent Relationship": "Outer",
          "Parallel Aware": false,
          "Startup Cost": 33242.5,
          "Total Cost": 33242.81,
          "Plan Rows": 3,
          "Plan Width": 8,
          "Actual Startup Time": 93.381,
          "Actual Total Time": 99.823,
          "Actual Rows": 4,
          "Actual Loops": 1,
          "Workers Planned": 3,
          "Workers Launched": 3,
          "Single Copy": false,
          "Plans": [
            {
              "Node Type": "Aggregate",
              "Strategy": "Plain",
              "Partial Mode": "Partial",
              "Parent Relationship": "Outer",
              "Parallel Aware": false,
              "Startup Cost": 32242.5,
              "Total Cost": 32242.51,
              "Plan Rows": 1,
              "Plan Width": 8,
              "Actual Startup Time": 87.765,
              "Actual Total Time": 87.766,
              "Actual Rows": 1,
              "Actual Loops": 4,
              "Plans": [
                {
                  "Node Type": "Seq Scan",
                  "Parent Relationship": "Outer",
                  "Parallel Aware": true,
                  "Relation Name": "movie_companies",
                  "Alias": "mc",
                  "Startup Cost": 0.0,
                  "Total Cost": 31414.82,
                  "Plan Rows": 331072,
                  "Plan Width": 0,
                  "Actual Startup Time": 0.29,
                  "Actual Total Time": 76.345,
                  "Actual Rows": 222740,
                  "Actual Loops": 4,
                  "Filter": "((company_id > 480) AND (company_type_id = 1))",
                  "Rows Removed by Filter": 429542
                }
              ]
            }
          ]
        }
      ]
    },
    "Planning Time": 0.219,
    "Triggers": [],
    "Execution Time": 99.886
  }
]