[
  {
    "Plan": {
      "Node Type": "Aggregate",
      "Strategy": "Plain",
      "Partial Mode": "Finalize",
      "Parallel Aware": false,
      "Startup Cost": 338477.71,
      "Total Cost": 338477.72,
      "Plan Rows": 1,
      "Plan Width": 8,
      "Actual Startup Time": 911.667,
      "Actual Total Time": 959.154,
      "Actual Rows": 1,
      "Actual Loops": 1,
      "Plans": [
        {
          "Node Type": "Gather",
          "Parent Relationship": "Outer",
          "Parallel Aware": false,
          "Startup Cost": 338477.08,
          "Total Cost": 338477.69,
          "Plan Rows": 6,
          "Plan Width": 8,
          "Actual Startup Time": 911.41,
          "Actual Total Time": 959.136,
          "Actual Rows": 7,
          "Actual Loops": 1,
          "Workers Planned": 6,
          "Workers Launched": 6,
          "Single Copy": false,
          "Plans": [
            {
              "Node Type": "Aggregate",
              "Strategy": "Plain",
              "Partial Mode": "Partial",
              "Parent Relationship": "Outer",
              "Parallel Aware": false,
              "Startup Cost": 337477.08,
              "Total Cost": 337477.09,
              "Plan Rows": 1,
              "Plan Width": 8,
              "Actual Startup Time": 902.956,
              "Actual Total Time": 902.958,
              "Actual Rows": 1,
              "Actual Loops": 7,
              "Plans": [
                {
                  "Node Type": "Seq Scan",
                  "Parent Relationship": "Outer",
                  "Parallel Aware": true,
                  "Relation Name": "cast_info",
                  "Alias": "ci",
                  "Startup Cost": 0.0,
                  "Total Cost": 328211.39,
                  "Plan Rows": 3706276,
                  "Plan Width": 0,
                  "Actual Startup Time": 185.399,
                  "Actual Total Time": 718.088,
                  "Actual Rows": 3154760,
                  "Actual Loops": 7,
                  "Filter": "(person_id > 1394295)",
                  "Rows Removed by Filter": 2023003
                }
              ]
            }
          ]
        }
      ]
    },
    "Planning Time": 0.069,
    "Triggers": [],
    "Execution Time": 959.196
  }
]