[
    {
        "Bao": {
            "Bao prediction": "NaN",
            "Bao recommended hint": "(no hint)"
        }
    },
    {
        "Plan": {
            "Node Type": "Aggregate",
            "Strategy": "Plain",
            "Partial Mode": "Finalize",
            "Parallel Aware": false,
            "Startup Cost": 351271.3,
            "Total Cost": 351271.32,
            "Plan Rows": 1,
            "Plan Width": 8,
            "Actual Startup Time": 758.418,
            "Actual Total Time": 787.815,
            "Actual Rows": 1,
            "Actual Loops": 1,
            "Output": [
                "count(*)"
            ],
            "Plans": [
                {
                    "Node Type": "Gather",
                    "Parent Relationship": "Outer",
                    "Parallel Aware": false,
                    "Startup Cost": 351270.68,
                    "Total Cost": 351271.29,
                    "Plan Rows": 6,
                    "Plan Width": 8,
                    "Actual Startup Time": 758.276,
                    "Actual Total Time": 787.805,
                    "Actual Rows": 7,
                    "Actual Loops": 1,
                    "Output": [
                        "(PARTIAL count(*))"
                    ],
                    "Workers Planned": 6,
                    "Workers Launched": 6,
                    "Single Copy": false,
                    "Plans": [
                        {
                            "Node Type": "Aggregate",
                            "Strategy": "Plain",
                            "Partial Mode": "Partial",
                            "Parent Relationship": "Outer",
                            "Parallel Aware": false,
                            "Startup Cost": 350270.68,
                            "Total Cost": 350270.69,
                            "Plan Rows": 1,
                            "Plan Width": 8,
                            "Actual Startup Time": 748.525,
                            "Actual Total Time": 748.526,
                            "Actual Rows": 1,
                            "Actual Loops": 7,
                            "Output": [
                                "PARTIAL count(*)"
                            ],
                            "Workers": [
                                {
                                    "Worker Number": 0,
                                    "Actual Startup Time": 746.251,
                                    "Actual Total Time": 746.252,
                                    "Actual Rows": 1,
                                    "Actual Loops": 1
                                },
                                {
                                    "Worker Number": 1,
                                    "Actual Startup Time": 746.269,
                                    "Actual Total Time": 746.271,
                                    "Actual Rows": 1,
                                    "Actual Loops": 1
                                },
                                {
                                    "Worker Number": 2,
                                    "Actual Startup Time": 746.872,
                                    "Actual Total Time": 746.873,
                                    "Actual Rows": 1,
                                    "Actual Loops": 1
                                },
                                {
                                    "Worker Number": 3,
                                    "Actual Startup Time": 747.101,
                                    "Actual Total Time": 747.102,
                                    "Actual Rows": 1,
                                    "Actual Loops": 1
                                },
                                {
                                    "Worker Number": 4,
                                    "Actual Startup Time": 747.445,
                                    "Actual Total Time": 747.446,
                                    "Actual Rows": 1,
                                    "Actual Loops": 1
                                },
                                {
                                    "Worker Number": 5,
                                    "Actual Startup Time": 747.847,
                                    "Actual Total Time": 747.848,
                                    "Actual Rows": 1,
                                    "Actual Loops": 1
                                }
                            ],
                            "Plans": [
                                {
                                    "Node Type": "Seq Scan",
                                    "Parent Relationship": "Outer",
                                    "Parallel Aware": true,
                                    "Relation Name": "cast_info",
                                    "Schema": "public",
                                    "Alias": "ci",
                                    "Startup Cost": 0.0,
                                    "Total Cost": 343318.94,
                                    "Plan Rows": 2780696,
                                    "Plan Width": 0,
                                    "Actual Startup Time": 222.714,
                                    "Actual Total Time": 657.563,
                                    "Actual Rows": 1860801,
                                    "Actual Loops": 7,
                                    "Output": [
                                        "id",
                                        "person_id",
                                        "movie_id",
                                        "person_role_id",
                                        "note",
                                        "nr_order",
                                        "role_id"
                                    ],
                                    "Filter": "((ci.person_id < 2654301) AND (ci.role_id > 1))",
                                    "Rows Removed by Filter": 3316963,
                                    "Workers": [
                                        {
                                            "Worker Number": 0,
                                            "Actual Startup Time": 220.425,
                                            "Actual Total Time": 654.339,
                                            "Actual Rows": 1369036,
                                            "Actual Loops": 1
                                        },
                                        {
                                            "Worker Number": 1,
                                            "Actual Startup Time": 220.468,
                                            "Actual Total Time": 655.368,
                                            "Actual Rows": 1359400,
                                            "Actual Loops": 1
                                        },
                                        {
                                            "Worker Number": 2,
                                            "Actual Startup Time": 221.067,
                                            "Actual Total Time": 656.293,
                                            "Actual Rows": 1352625,
                                            "Actual Loops": 1
                                        },
                                        {
                                            "Worker Number": 3,
                                            "Actual Startup Time": 221.287,
                                            "Actual Total Time": 660.378,
                                            "Actual Rows": 2107885,
                                            "Actual Loops": 1
                                        },
                                        {
                                            "Worker Number": 4,
                                            "Actual Startup Time": 221.636,
                                            "Actual Total Time": 657.815,
                                            "Actual Rows": 2112335,
                                            "Actual Loops": 1
                                        },
                                        {
                                            "Worker Number": 5,
                                            "Actual Startup Time": 222.036,
                                            "Actual Total Time": 658.036,
                                            "Actual Rows": 2116774,
                                            "Actual Loops": 1
                                        }
                                    ]
                                }
                            ]
                        }
                    ]
                }
            ]
        },
        "Planning Time": 185.256,
        "Triggers": [],
        "Execution Time": 787.862
    }
]