[
  {
    "Plan": {
      "Node Type": "Aggregate",
      "Strategy": "Plain",
      "Partial Mode": "Finalize",
      "Parallel Aware": false,
      "Startup Cost": 31037.74,
      "Total Cost": 31037.75,
      "Plan Rows": 1,
      "Plan Width": 8,
      "Actual Startup Time": 104.48,
      "Actual Total Time": 113.697,
      "Actual Rows": 1,
      "Actual Loops": 1,
      "Plans": [
        {
          "Node Type": "Gather",
          "Parent Relationship": "Outer",
          "Parallel Aware": false,
          "Startup Cost": 31037.42,
          "Total Cost": 31037.73,
          "Plan Rows": 3,
          "Plan Width": 8,
          "Actual Startup Time": 104.355,
          "Actual Total Time": 113.686,
          "Actual Rows": 4,
          "Actual Loops": 1,
          "Workers Planned": 3,
          "Workers Launched": 3,
          "Single Copy": false,
          "Plans": [
            {
              "Node Type": "Aggregate",
              "Strategy": "Plain",
              "Partial Mode": "Partial",
              "Parent Relationship": "Outer",
              "Parallel Aware": false,
              "Startup Cost": 30037.42,
              "Total Cost": 30037.43,
              "Plan Rows": 1,
              "Plan Width": 8,
              "Actual Startup Time": 98.794,
              "Actual Total Time": 98.796,
              "Actual Rows": 1,
              "Actual Loops": 4,
              "Plans": [
                {
                  "Node Type": "Seq Scan",
                  "Parent Relationship": "Outer",
                  "Parallel Aware": true,
                  "Relation Name": "movie_companies",
                  "Alias": "mc",
                  "Startup Cost": 0.0,
                  "Total Cost": 29310.68,
                  "Plan Rows": 290697,
                  "Plan Width": 0,
                  "Actual Startup Time": 18.015,
                  "Actual Total Time": 86.171,
                  "Actual Rows": 223108,
                  "Actual Loops": 4,
                  "Filter": "(company_id > 21913)",
                  "Rows Removed by Filter": 429174
                }
              ]
            }
          ]
        }
      ]
    },
    "Planning Time": 0.116,
    "Triggers": [],
    "Execution Time": 113.739
  }
]