[
  {
    "Bao": {
      "Bao prediction": 121.606,
      "Bao recommended hint": "SET enable_hashjoin TO off; SET enable_mergejoin TO off; "
    }
  },
  {
    "Plan": {
      "Node Type": "Aggregate",
      "Strategy": "Plain",
      "Partial Mode": "Simple",
      "Parallel Aware": false,
      "Startup Cost": 3854.51,
      "Total Cost": 3854.52,
      "Plan Rows": 1,
      "Plan Width": 96,
      "Actual Startup Time": 46.24,
      "Actual Total Time": 46.244,
      "Actual Rows": 1,
      "Actual Loops": 1,
      "Plans": [
        {
          "Node Type": "Nested Loop",
          "Parent Relationship": "Outer",
          "Parallel Aware": false,
          "Join Type": "Inner",
          "Startup Cost": 12.2,
          "Total Cost": 3854.5,
          "Plan Rows": 1,
          "Plan Width": 48,
          "Actual Startup Time": 10.816,
          "Actual Total Time": 46.229,
          "Actual Rows": 6,
          "Actual Loops": 1,
          "Inner Unique": true,
          "Plans": [
            {
              "Node Type": "Nested Loop",
              "Parent Relationship": "Outer",
              "Parallel Aware": false,
              "Join Type": "Inner",
              "Startup Cost": 11.77,
              "Total Cost": 3773.93,
              "Plan Rows": 176,
              "Plan Width": 37,
              "Actual Startup Time": 1.027,
              "Actual Total Time": 23.164,
              "Actual Rows": 1224,
              "Actual Loops": 1,
              "Inner Unique": false,
              "Join Filter": "(t.id = ci.movie_id)",
              "Rows Removed by Join Filter": 0,
              "Plans": [
                {
                  "Node Type": "Nested Loop",
                  "Parent Relationship": "Outer",
                  "Parallel Aware": false,
                  "Join Type": "Inner",
                  "Startup Cost": 11.2,
                  "Total Cost": 3764.16,
                  "Plan Rows": 5,
                  "Plan Width": 41,
                  "Actual Startup Time": 0.94,
                  "Actual Total Time": 13.092,
                  "Actual Rows": 11,
                  "Actual Loops": 1,
                  "Inner Unique": true,
                  "Plans": [
                    {
                      "Node Type": "Nested Loop",
                      "Parent Relationship": "Outer",
                      "Parallel Aware": false,
                      "Join Type": "Inner",
                      "Startup Cost": 10.77,
                      "Total Cost": 3747.51,
                      "Plan Rows": 34,
                      "Plan Width": 20,
                      "Actual Startup Time": 0.885,
                      "Actual Total Time": 12.596,
                      "Actual Rows": 14,
                      "Actual Loops": 1,
                      "Inner Unique": false,
                      "Plans": [
                        {
                          "Node Type": "Seq Scan",
                          "Parent Relationship": "Outer",
                          "Parallel Aware": false,
                          "Relation Name": "keyword",
                          "Alias": "k",
                          "Startup Cost": 0.0,
                          "Total Cost": 2626.12,
                          "Plan Rows": 1,
                          "Plan Width": 20,
                          "Actual Startup Time": 0.748,
                          "Actual Total Time": 12.314,
                          "Actual Rows": 1,
                          "Actual Loops": 1,
                          "Filter": "(keyword = 'marvel-cinematic-universe'::text)",
                          "Rows Removed by Filter": 134169
                        },
                        {
                          "Node Type": "Bitmap Heap Scan",
                          "Parent Relationship": "Inner",
                          "Parallel Aware": false,
                          "Relation Name": "movie_keyword",
                          "Alias": "mk",
                          "Startup Cost": 10.77,
                          "Total Cost": 1118.36,
                          "Plan Rows": 302,
                          "Plan Width": 8,
                          "Actual Startup Time": 0.131,
                          "Actual Total Time": 0.269,
                          "Actual Rows": 14,
                          "Actual Loops": 1,
                          "Recheck Cond": "(keyword_id = k.id)",
                          "Rows Removed by Index Recheck": 0,
                          "Exact Heap Blocks": 12,
                          "Lossy Heap Blocks": 0,
                          "Plans": [
                            {
                              "Node Type": "Bitmap Index Scan",
                              "Parent Relationship": "Outer",
                              "Parallel Aware": false,
                              "Index Name": "keyword_id_movie_keyword",
                              "Startup Cost": 0.0,
                              "Total Cost": 10.7,
                              "Plan Rows": 302,
                              "Plan Width": 0,
                              "Actual Startup Time": 0.103,
                              "Actual Total Time": 0.103,
                              "Actual Rows": 14,
                              "Actual Loops": 1,
                              "Index Cond": "(keyword_id = k.id)"
                            }
                          ]
                        }
                      ]
                    },
                    {
                      "Node Type": "Index Scan",
                      "Parent Relationship": "Inner",
                      "Parallel Aware": false,
                      "Scan Direction": "Forward",
                      "Index Name": "title_pkey",
                      "Relation Name": "title",
                      "Alias": "t",
                      "Startup Cost": 0.43,
                      "Total Cost": 0.49,
                      "Plan Rows": 1,
                      "Plan Width": 21,
                      "Actual Startup Time": 0.034,
                      "Actual Total Time": 0.034,
                      "Actual Rows": 1,
                      "Actual Loops": 14,
                      "Index Cond": "(id = mk.movie_id)",
                      "Rows Removed by Index Recheck": 0,
                      "Filter": "(production_year > 2010)",
                      "Rows Removed by Filter": 0
                    }
                  ]
                },
                {
                  "Node Type": "Index Scan",
                  "Parent Relationship": "Inner",
                  "Parallel Aware": false,
                  "Scan Direction": "Forward",
                  "Index Name": "movie_id_cast_info",
                  "Relation Name": "cast_info",
                  "Alias": "ci",
                  "Startup Cost": 0.56,
                  "Total Cost": 1.52,
                  "Plan Rows": 35,
                  "Plan Width": 8,
                  "Actual Startup Time": 0.047,
                  "Actual Total Time": 0.884,
                  "Actual Rows": 111,
                  "Actual Loops": 11,
                  "Index Cond": "(movie_id = mk.movie_id)",
                  "Rows Removed by Index Recheck": 0
                }
              ]
            },
            {
              "Node Type": "Index Scan",
              "Parent Relationship": "Inner",
              "Parallel Aware": false,
              "Scan Direction": "Forward",
              "Index Name": "name_pkey",
              "Relation Name": "name",
              "Alias": "n",
              "Startup Cost": 0.43,
              "Total Cost": 0.46,
              "Plan Rows": 1,
              "Plan Width": 19,
              "Actual Startup Time": 0.018,
              "Actual Total Time": 0.018,
              "Actual Rows": 0,
              "Actual Loops": 1224,
              "Index Cond": "(id = ci.person_id)",
              "Rows Removed by Index Recheck": 0,
              "Filter": "(name ~~ '%Downey%Robert%'::text)",
              "Rows Removed by Filter": 1
            }
          ]
        }
      ]
    },
    "Planning Time": 304.976,
    "Triggers": [],
    "Execution Time": 46.895
  }
]