[
    {
        "Bao": {
            "Bao prediction": 470.931,
            "Bao recommended hint": "SET enable_mergejoin TO off; SET enable_indexscan TO off; "
        }
    },
    {
        "Plan": {
            "Node Type": "Aggregate",
            "Strategy": "Plain",
            "Partial Mode": "Finalize",
            "Parallel Aware": false,
            "Startup Cost": 347483.78,
            "Total Cost": 347483.79,
            "Plan Rows": 1,
            "Plan Width": 8,
            "Actual Startup Time": 779.14,
            "Actual Total Time": 811.106,
            "Actual Rows": 1,
            "Actual Loops": 1,
            "Output": [
                "count(*)"
            ],
            "Plans": [
                {
                    "Node Type": "Gather",
                    "Parent Relationship": "Outer",
                    "Parallel Aware": false,
                    "Startup Cost": 347483.16,
                    "Total Cost": 347483.77,
                    "Plan Rows": 6,
                    "Plan Width": 8,
                    "Actual Startup Time": 779.012,
                    "Actual Total Time": 811.096,
                    "Actual Rows": 7,
                    "Actual Loops": 1,
                    "Output": [
                        "(PARTIAL count(*))"
                    ],
                    "Workers Planned": 6,
                    "Workers Launched": 6,
                    "Single Copy": false,
                    "Plans": [
                        {
                            "Node Type": "Aggregate",
                            "Strategy": "Plain",
                            "Partial Mode": "Partial",
                            "Parent Relationship": "Outer",
                            "Parallel Aware": false,
                            "Startup Cost": 346483.16,
                            "Total Cost": 346483.17,
                            "Plan Rows": 1,
                            "Plan Width": 8,
                            "Actual Startup Time": 769.758,
                            "Actual Total Time": 769.759,
                            "Actual Rows": 1,
                            "Actual Loops": 7,
                            "Output": [
                                "PARTIAL count(*)"
                            ],
                            "Workers": [
                                {
                                    "Worker Number": 0,
                                    "Actual Startup Time": 767.898,
                                    "Actual Total Time": 767.899,
                                    "Actual Rows": 1,
                                    "Actual Loops": 1
                                },
                                {
                                    "Worker Number": 1,
                                    "Actual Startup Time": 768.048,
                                    "Actual Total Time": 768.049,
                                    "Actual Rows": 1,
                                    "Actual Loops": 1
                                },
                                {
                                    "Worker Number": 2,
                                    "Actual Startup Time": 768.043,
                                    "Actual Total Time": 768.044,
                                    "Actual Rows": 1,
                                    "Actual Loops": 1
                                },
                                {
                                    "Worker Number": 3,
                                    "Actual Startup Time": 768.25,
                                    "Actual Total Time": 768.251,
                                    "Actual Rows": 1,
                                    "Actual Loops": 1
                                },
                                {
                                    "Worker Number": 4,
                                    "Actual Startup Time": 768.736,
                                    "Actual Total Time": 768.737,
                                    "Actual Rows": 1,
                                    "Actual Loops": 1
                                },
                                {
                                    "Worker Number": 5,
                                    "Actual Startup Time": 769.138,
                                    "Actual Total Time": 769.139,
                                    "Actual Rows": 1,
                                    "Actual Loops": 1
                                }
                            ],
                            "Plans": [
                                {
                                    "Node Type": "Seq Scan",
                                    "Parent Relationship": "Outer",
                                    "Parallel Aware": true,
                                    "Relation Name": "cast_info",
                                    "Schema": "public",
                                    "Alias": "ci",
                                    "Startup Cost": 0.0,
                                    "Total Cost": 343318.94,
                                    "Plan Rows": 1265688,
                                    "Plan Width": 0,
                                    "Actual Startup Time": 488.831,
                                    "Actual Total Time": 733.71,
                                    "Actual Rows": 573210,
                                    "Actual Loops": 7,
                                    "Output": [
                                        "id",
                                        "person_id",
                                        "movie_id",
                                        "person_role_id",
                                        "note",
                                        "nr_order",
                                        "role_id"
                                    ],
                                    "Filter": "((ci.person_id < 2328793) AND (ci.role_id > 3))",
                                    "Rows Removed by Filter": 4604554,
                                    "Workers": [
                                        {
                                            "Worker Number": 0,
                                            "Actual Startup Time": 486.979,
                                            "Actual Total Time": 732.332,
                                            "Actual Rows": 521801,
                                            "Actual Loops": 1
                                        },
                                        {
                                            "Worker Number": 1,
                                            "Actual Startup Time": 487.11,
                                            "Actual Total Time": 732.86,
                                            "Actual Rows": 517477,
                                            "Actual Loops": 1
                                        },
                                        {
                                            "Worker Number": 2,
                                            "Actual Startup Time": 487.114,
                                            "Actual Total Time": 732.641,
                                            "Actual Rows": 520788,
                                            "Actual Loops": 1
                                        },
                                        {
                                            "Worker Number": 3,
                                            "Actual Startup Time": 487.324,
                                            "Actual Total Time": 733.845,
                                            "Actual Rows": 504234,
                                            "Actual Loops": 1
                                        },
                                        {
                                            "Worker Number": 4,
                                            "Actual Startup Time": 487.803,
                                            "Actual Total Time": 733.464,
                                            "Actual Rows": 512319,
                                            "Actual Loops": 1
                                        },
                                        {
                                            "Worker Number": 5,
                                            "Actual Startup Time": 488.215,
                                            "Actual Total Time": 733.601,
                                            "Actual Rows": 523219,
                                            "Actual Loops": 1
                                        }
                                    ]
                                }
                            ]
                        }
                    ]
                }
            ]
        },
        "Planning Time": 1104.887,
        "Triggers": [],
        "Execution Time": 811.2
    }
]