[
  {
    "Plan": {
      "Node Type": "Aggregate",
      "Strategy": "Plain",
      "Partial Mode": "Finalize",
      "Parallel Aware": false,
      "Startup Cost": 46913.35,
      "Total Cost": 46913.36,
      "Plan Rows": 1,
      "Plan Width": 8,
      "Actual Startup Time": 169.099,
      "Actual Total Time": 175.267,
      "Actual Rows": 1,
      "Actual Loops": 1,
      "Plans": [
        {
          "Node Type": "Gather",
          "Parent Relationship": "Outer",
          "Parallel Aware": false,
          "Startup Cost": 46913.03,
          "Total Cost": 46913.34,
          "Plan Rows": 3,
          "Plan Width": 8,
          "Actual Startup Time": 169.035,
          "Actual Total Time": 175.26,
          "Actual Rows": 4,
          "Actual Loops": 1,
          "Workers Planned": 3,
          "Workers Launched": 3,
          "Single Copy": false,
          "Plans": [
            {
              "Node Type": "Aggregate",
              "Strategy": "Plain",
              "Partial Mode": "Partial",
              "Parent Relationship": "Outer",
              "Parallel Aware": false,
              "Startup Cost": 45913.03,
              "Total Cost": 45913.04,
              "Plan Rows": 1,
              "Plan Width": 8,
              "Actual Startup Time": 164.906,
              "Actual Total Time": 164.906,
              "Actual Rows": 1,
              "Actual Loops": 4,
              "Plans": [
                {
                  "Node Type": "Seq Scan",
                  "Parent Relationship": "Outer",
                  "Parallel Aware": true,
                  "Relation Name": "movie_keyword",
                  "Alias": "mk",
                  "Startup Cost": 0.0,
                  "Total Cost": 42695.65,
                  "Plan Rows": 1286952,
                  "Plan Width": 0,
                  "Actual Startup Time": 0.025,
                  "Actual Total Time": 117.185,
                  "Actual Rows": 1000142,
                  "Actual Loops": 4,
                  "Filter": "(keyword_id < 34644)",
                  "Rows Removed by Filter": 130840
                }
              ]
            }
          ]
        }
      ]
    },
    "Planning Time": 0.088,
    "Triggers": [],
    "Execution Time": 175.298
  }
]