{
  "Plan": {
    "Node Type": "Aggregate",
    "Strategy": "Plain",
    "Partial Mode": "Simple",
    "Parallel Aware": false,
    "Startup Cost": 2812.28,
    "Total Cost": 2812.29,
    "Plan Rows": 1,
    "Plan Width": 8,
    "Actual Startup Time": 7.663,
    "Actual Total Time": 7.666,
    "Actual Rows": 1,
    "Actual Loops": 1,
    "Plans": [
      {
        "Node Type": "Nested Loop",
        "Parent Relationship": "Outer",
        "Parallel Aware": false,
        "Join Type": "Inner",
        "Startup Cost": 1.43,
        "Total Cost": 2809.81,
        "Plan Rows": 988,
        "Plan Width": 0,
        "Actual Startup Time": 0.131,
        "Actual Total Time": 7.245,
        "Actual Rows": 3256,
        "Actual Loops": 1,
        "Inner Unique": false,
        "Plans": [
          {
            "Node Type": "Nested Loop",
            "Parent Relationship": "Outer",
            "Parallel Aware": false,
            "Join Type": "Inner",
            "Startup Cost": 0.99,
            "Total Cost": 2483.3,
            "Plan Rows": 169,
            "Plan Width": 8,
            "Actual Startup Time": 0.114,
            "Actual Total Time": 1.846,
            "Actual Rows": 245,
            "Actual Loops": 1,
            "Inner Unique": true,
            "Plans": [
              {
                "Node Type": "Index Scan",
                "Parent Relationship": "Outer",
                "Parallel Aware": false,
                "Scan Direction": "Forward",
                "Index Name": "person_id_cast_info",
                "Relation Name": "cast_info",
                "Alias": "ci",
                "Startup Cost": 0.56,
                "Total Cost": 1059.67,
                "Plan Rows": 169,
                "Plan Width": 4,
                "Actual Startup Time": 0.095,
                "Actual Total Time": 0.226,
                "Actual Rows": 245,
                "Actual Loops": 1,
                "Index Cond": "(person_id = 3376033)",
                "Rows Removed by Index Recheck": 0,
                "Filter": "(role_id > 3)",
                "Rows Removed by Filter": 0
              },
              {
                "Node Type": "Index Only Scan",
                "Parent Relationship": "Inner",
                "Parallel Aware": false,
                "Scan Direction": "Forward",
                "Index Name": "title_pkey",
                "Relation Name": "title",
                "Alias": "t",
                "Startup Cost": 0.43,
                "Total Cost": 8.42,
                "Plan Rows": 1,
                "Plan Width": 4,
                "Actual Startup Time": 0.006,
                "Actual Total Time": 0.006,
                "Actual Rows": 1,
                "Actual Loops": 245,
                "Index Cond": "(id = ci.movie_id)",
                "Rows Removed by Index Recheck": 0,
                "Heap Fetches": 245
              }
            ]
          },
          {
            "Node Type": "Index Only Scan",
            "Parent Relationship": "Inner",
            "Parallel Aware": false,
            "Scan Direction": "Forward",
            "Index Name": "movie_id_movie_info",
            "Relation Name": "movie_info",
            "Alias": "mi",
            "Startup Cost": 0.43,
            "Total Cost": 1.51,
            "Plan Rows": 42,
            "Plan Width": 4,
            "Actual Startup Time": 0.008,
            "Actual Total Time": 0.019,
            "Actual Rows": 13,
            "Actual Loops": 245,
            "Index Cond": "(movie_id = t.id)",
            "Rows Removed by Index Recheck": 0,
            "Heap Fetches": 3256
          }
        ]
      }
    ]
  },
  "Planning Time": 0.623,
  "Triggers": [],
  "Execution Time": 7.748
}