[
  {
    "Plan": {
      "Node Type": "Aggregate",
      "Strategy": "Plain",
      "Partial Mode": "Finalize",
      "Parallel Aware": false,
      "Startup Cost": 350938.58,
      "Total Cost": 350938.59,
      "Plan Rows": 1,
      "Plan Width": 8,
      "Actual Startup Time": 740.397,
      "Actual Total Time": 798.755,
      "Actual Rows": 1,
      "Actual Loops": 1,
      "Plans": [
        {
          "Node Type": "Gather",
          "Parent Relationship": "Outer",
          "Parallel Aware": false,
          "Startup Cost": 350937.96,
          "Total Cost": 350938.57,
          "Plan Rows": 6,
          "Plan Width": 8,
          "Actual Startup Time": 740.262,
          "Actual Total Time": 798.744,
          "Actual Rows": 7,
          "Actual Loops": 1,
          "Workers Planned": 6,
          "Workers Launched": 6,
          "Single Copy": false,
          "Plans": [
            {
              "Node Type": "Aggregate",
              "Strategy": "Plain",
              "Partial Mode": "Partial",
              "Parent Relationship": "Outer",
              "Parallel Aware": false,
              "Startup Cost": 349937.96,
              "Total Cost": 349937.97,
              "Plan Rows": 1,
              "Plan Width": 8,
              "Actual Startup Time": 731.166,
              "Actual Total Time": 731.182,
              "Actual Rows": 1,
              "Actual Loops": 7,
              "Plans": [
                {
                  "Node Type": "Seq Scan",
                  "Parent Relationship": "Outer",
                  "Parallel Aware": true,
                  "Relation Name": "cast_info",
                  "Alias": "ci",
                  "Startup Cost": 0.0,
                  "Total Cost": 343257.03,
                  "Plan Rows": 2672372,
                  "Plan Width": 0,
                  "Actual Startup Time": 94.155,
                  "Actual Total Time": 644.651,
                  "Actual Rows": 2141933,
                  "Actual Loops": 7,
                  "Filter": "((person_id > 688218) AND (role_id < 3))",
                  "Rows Removed by Filter": 3035830
                }
              ]
            }
          ]
        }
      ]
    },
    "Planning Time": 0.215,
    "Triggers": [],
    "Execution Time": 798.82
  }
]