[
  {
    "Plan": {
      "Node Type": "Aggregate",
      "Strategy": "Plain",
      "Partial Mode": "Finalize",
      "Parallel Aware": false,
      "Startup Cost": 346626.96,
      "Total Cost": 346626.97,
      "Plan Rows": 1,
      "Plan Width": 8,
      "Actual Startup Time": 680.605,
      "Actual Total Time": 733.281,
      "Actual Rows": 1,
      "Actual Loops": 1,
      "Plans": [
        {
          "Node Type": "Gather",
          "Parent Relationship": "Outer",
          "Parallel Aware": false,
          "Startup Cost": 346626.33,
          "Total Cost": 346626.94,
          "Plan Rows": 6,
          "Plan Width": 8,
          "Actual Startup Time": 680.475,
          "Actual Total Time": 733.269,
          "Actual Rows": 7,
          "Actual Loops": 1,
          "Workers Planned": 6,
          "Workers Launched": 6,
          "Single Copy": false,
          "Plans": [
            {
              "Node Type": "Aggregate",
              "Strategy": "Plain",
              "Partial Mode": "Partial",
              "Parent Relationship": "Outer",
              "Parallel Aware": false,
              "Startup Cost": 345626.33,
              "Total Cost": 345626.34,
              "Plan Rows": 1,
              "Plan Width": 8,
              "Actual Startup Time": 671.7,
              "Actual Total Time": 671.717,
              "Actual Rows": 1,
              "Actual Loops": 7,
              "Plans": [
                {
                  "Node Type": "Seq Scan",
                  "Parent Relationship": "Outer",
                  "Parallel Aware": true,
                  "Relation Name": "cast_info",
                  "Alias": "ci",
                  "Startup Cost": 0.0,
                  "Total Cost": 343257.03,
                  "Plan Rows": 947721,
                  "Plan Width": 0,
                  "Actual Startup Time": 353.402,
                  "Actual Total Time": 620.455,
                  "Actual Rows": 1228623,
                  "Actual Loops": 7,
                  "Filter": "((person_id > 2828336) AND (role_id > 1))",
                  "Rows Removed by Filter": 3949140
                }
              ]
            }
          ]
        }
      ]
    },
    "Planning Time": 0.183,
    "Triggers": [],
    "Execution Time": 733.345
  }
]