[
  {
    "Plan": {
      "Node Type": "Aggregate",
      "Strategy": "Plain",
      "Partial Mode": "Finalize",
      "Parallel Aware": false,
      "Startup Cost": 33122.61,
      "Total Cost": 33122.62,
      "Plan Rows": 1,
      "Plan Width": 8,
      "Actual Startup Time": 87.8,
      "Actual Total Time": 93.742,
      "Actual Rows": 1,
      "Actual Loops": 1,
      "Plans": [
        {
          "Node Type": "Gather",
          "Parent Relationship": "Outer",
          "Parallel Aware": false,
          "Startup Cost": 33122.3,
          "Total Cost": 33122.61,
          "Plan Rows": 3,
          "Plan Width": 8,
          "Actual Startup Time": 87.659,
          "Actual Total Time": 93.734,
          "Actual Rows": 4,
          "Actual Loops": 1,
          "Workers Planned": 3,
          "Workers Launched": 3,
          "Single Copy": false,
          "Plans": [
            {
              "Node Type": "Aggregate",
              "Strategy": "Plain",
              "Partial Mode": "Partial",
              "Parent Relationship": "Outer",
              "Parallel Aware": false,
              "Startup Cost": 32122.3,
              "Total Cost": 32122.31,
              "Plan Rows": 1,
              "Plan Width": 8,
              "Actual Startup Time": 81.194,
              "Actual Total Time": 81.195,
              "Actual Rows": 1,
              "Actual Loops": 4,
              "Plans": [
                {
                  "Node Type": "Seq Scan",
                  "Parent Relationship": "Outer",
                  "Parallel Aware": true,
                  "Relation Name": "movie_companies",
                  "Alias": "mc",
                  "Startup Cost": 0.0,
                  "Total Cost": 31414.82,
                  "Plan Rows": 282991,
                  "Plan Width": 0,
                  "Actual Startup Time": 0.484,
                  "Actual Total Time": 72.437,
                  "Actual Rows": 173824,
                  "Actual Loops": 4,
                  "Filter": "((company_id > 1894) AND (company_type_id < 2))",
                  "Rows Removed by Filter": 478458
                }
              ]
            }
          ]
        }
      ]
    },
    "Planning Time": 0.223,
    "Triggers": [],
    "Execution Time": 93.781
  }
]