[
  {
    "Plan": {
      "Node Type": "Aggregate",
      "Strategy": "Plain",
      "Partial Mode": "Finalize",
      "Parallel Aware": false,
      "Startup Cost": 33100.62,
      "Total Cost": 33100.63,
      "Plan Rows": 1,
      "Plan Width": 8,
      "Actual Startup Time": 112.831,
      "Actual Total Time": 121.87,
      "Actual Rows": 1,
      "Actual Loops": 1,
      "Plans": [
        {
          "Node Type": "Gather",
          "Parent Relationship": "Outer",
          "Parallel Aware": false,
          "Startup Cost": 33100.3,
          "Total Cost": 33100.61,
          "Plan Rows": 3,
          "Plan Width": 8,
          "Actual Startup Time": 112.713,
          "Actual Total Time": 121.86,
          "Actual Rows": 4,
          "Actual Loops": 1,
          "Workers Planned": 3,
          "Workers Launched": 3,
          "Single Copy": false,
          "Plans": [
            {
              "Node Type": "Aggregate",
              "Strategy": "Plain",
              "Partial Mode": "Partial",
              "Parent Relationship": "Outer",
              "Parallel Aware": false,
              "Startup Cost": 32100.3,
              "Total Cost": 32100.31,
              "Plan Rows": 1,
              "Plan Width": 8,
              "Actual Startup Time": 104.049,
              "Actual Total Time": 104.05,
              "Actual Rows": 1,
              "Actual Loops": 4,
              "Plans": [
                {
                  "Node Type": "Seq Scan",
                  "Parent Relationship": "Outer",
                  "Parallel Aware": true,
                  "Relation Name": "movie_companies",
                  "Alias": "mc",
                  "Startup Cost": 0.0,
                  "Total Cost": 31414.82,
                  "Plan Rows": 274194,
                  "Plan Width": 0,
                  "Actual Startup Time": 53.605,
                  "Actual Total Time": 92.343,
                  "Actual Rows": 264089,
                  "Actual Loops": 4,
                  "Filter": "((company_id > 3612) AND (company_type_id = 2))",
                  "Rows Removed by Filter": 388193
                }
              ]
            }
          ]
        }
      ]
    },
    "Planning Time": 0.27,
    "Triggers": [],
    "Execution Time": 121.931
  }
]