[
  {
    "Plan": {
      "Node Type": "Aggregate",
      "Strategy": "Plain",
      "Partial Mode": "Finalize",
      "Parallel Aware": false,
      "Startup Cost": 342360.43,
      "Total Cost": 342360.44,
      "Plan Rows": 1,
      "Plan Width": 8,
      "Actual Startup Time": 830.127,
      "Actual Total Time": 891.321,
      "Actual Rows": 1,
      "Actual Loops": 1,
      "Plans": [
        {
          "Node Type": "Gather",
          "Parent Relationship": "Outer",
          "Parallel Aware": false,
          "Startup Cost": 342359.81,
          "Total Cost": 342360.42,
          "Plan Rows": 6,
          "Plan Width": 8,
          "Actual Startup Time": 830.012,
          "Actual Total Time": 891.31,
          "Actual Rows": 7,
          "Actual Loops": 1,
          "Workers Planned": 6,
          "Workers Launched": 6,
          "Single Copy": false,
          "Plans": [
            {
              "Node Type": "Aggregate",
              "Strategy": "Plain",
              "Partial Mode": "Partial",
              "Parent Relationship": "Outer",
              "Parallel Aware": false,
              "Startup Cost": 341359.81,
              "Total Cost": 341359.82,
              "Plan Rows": 1,
              "Plan Width": 8,
              "Actual Startup Time": 819.284,
              "Actual Total Time": 819.285,
              "Actual Rows": 1,
              "Actual Loops": 7,
              "Plans": [
                {
                  "Node Type": "Seq Scan",
                  "Parent Relationship": "Outer",
                  "Parallel Aware": true,
                  "Relation Name": "cast_info",
                  "Alias": "ci",
                  "Startup Cost": 0.0,
                  "Total Cost": 328162.03,
                  "Plan Rows": 5279112,
                  "Plan Width": 0,
                  "Actual Startup Time": 63.837,
                  "Actual Total Time": 633.805,
                  "Actual Rows": 4510270,
                  "Actual Loops": 7,
                  "Filter": "(person_id > 452449)",
                  "Rows Removed by Filter": 667493
                }
              ]
            }
          ]
        }
      ]
    },
    "Planning Time": 0.193,
    "Triggers": [],
    "Execution Time": 891.39
  }
]