[
  {
    "Plan": {
      "Node Type": "Aggregate",
      "Strategy": "Plain",
      "Partial Mode": "Finalize",
      "Parallel Aware": false,
      "Startup Cost": 348367.78,
      "Total Cost": 348367.79,
      "Plan Rows": 1,
      "Plan Width": 8,
      "Actual Startup Time": 2742.98,
      "Actual Total Time": 2824.382,
      "Actual Rows": 1,
      "Actual Loops": 1,
      "Plans": [
        {
          "Node Type": "Gather",
          "Parent Relationship": "Outer",
          "Parallel Aware": false,
          "Startup Cost": 348367.25,
          "Total Cost": 348367.76,
          "Plan Rows": 5,
          "Plan Width": 8,
          "Actual Startup Time": 2739.792,
          "Actual Total Time": 2824.374,
          "Actual Rows": 6,
          "Actual Loops": 1,
          "Workers Planned": 5,
          "Workers Launched": 5,
          "Single Copy": false,
          "Plans": [
            {
              "Node Type": "Aggregate",
              "Strategy": "Plain",
              "Partial Mode": "Partial",
              "Parent Relationship": "Outer",
              "Parallel Aware": false,
              "Startup Cost": 347367.25,
              "Total Cost": 347367.26,
              "Plan Rows": 1,
              "Plan Width": 8,
              "Actual Startup Time": 2731.728,
              "Actual Total Time": 2731.731,
              "Actual Rows": 1,
              "Actual Loops": 6,
              "Plans": [
                {
                  "Node Type": "Nested Loop",
                  "Parent Relationship": "Outer",
                  "Parallel Aware": false,
                  "Join Type": "Inner",
                  "Startup Cost": 79169.23,
                  "Total Cost": 346838.07,
                  "Plan Rows": 211674,
                  "Plan Width": 0,
                  "Actual Startup Time": 360.926,
                  "Actual Total Time": 2727.209,
                  "Actual Rows": 57129,
                  "Actual Loops": 6,
                  "Inner Unique": false,
                  "Plans": [
                    {
                      "Node Type": "Merge Join",
                      "Parent Relationship": "Outer",
                      "Parallel Aware": false,
                      "Join Type": "Inner",
                      "Startup Cost": 79168.67,
                      "Total Cost": 173445.94,
                      "Plan Rows": 85920,
                      "Plan Width": 8,
                      "Actual Startup Time": 347.432,
                      "Actual Total Time": 677.986,
                      "Actual Rows": 70875,
                      "Actual Loops": 6,
                      "Inner Unique": false,
                      "Merge Cond": "(t.id = mk.movie_id)",
                      "Plans": [
                        {
                          "Node Type": "Index Only Scan",
                          "Parent Relationship": "Outer",
                          "Parallel Aware": true,
                          "Scan Direction": "Forward",
                          "Index Name": "title_pkey",
                          "Relation Name": "title",
                          "Alias": "t",
                          "Startup Cost": 0.43,
                          "Total Cost": 90125.02,
                          "Plan Rows": 505685,
                          "Plan Width": 4,
                          "Actual Startup Time": 0.124,
                          "Actual Total Time": 310.519,
                          "Actual Rows": 420996,
                          "Actual Loops": 6,
                          "Heap Fetches": 2525977
                        },
                        {
                          "Node Type": "Sort",
                          "Parent Relationship": "Inner",
                          "Parallel Aware": false,
                          "Startup Cost": 79132.81,
                          "Total Cost": 80206.82,
                          "Plan Rows": 429602,
                          "Plan Width": 4,
                          "Actual Startup Time": 288.608,
                          "Actual Total Time": 311.804,
                          "Actual Rows": 425251,
                          "Actual Loops": 6,
                          "Sort Key": [
                            "mk.movie_id"
                          ],
                          "Sort Method": "quicksort",
                          "Sort Space Used": 32222,
                          "Sort Space Type": "Memory",
                          "Workers": [
                            {
                              "Worker Number": 0,
                              "Sort Method": "quicksort",
                              "Sort Space Used": 32222,
                              "Sort Space Type": "Memory"
                            },
                            {
                              "Worker Number": 1,
                              "Sort Method": "quicksort",
                              "Sort Space Used": 32222,
                              "Sort Space Type": "Memory"
                            },
                            {
                              "Worker Number": 2,
                              "Sort Method": "quicksort",
                              "Sort Space Used": 32222,
                              "Sort Space Type": "Memory"
                            },
                            {
                              "Worker Number": 3,
                              "Sort Method": "quicksort",
                              "Sort Space Used": 32222,
                              "Sort Space Type": "Memory"
                            },
                            {
                              "Worker Number": 4,
                              "Sort Method": "quicksort",
                              "Sort Space Used": 32222,
                              "Sort Space Type": "Memory"
                            }
                          ],
                          "Plans": [
                            {
                              "Node Type": "Bitmap Heap Scan",
                              "Parent Relationship": "Outer",
                              "Parallel Aware": false,
                              "Relation Name": "movie_keyword",
                              "Alias": "mk",
                              "Startup Cost": 9113.85,
                              "Total Cost": 38937.87,
                              "Plan Rows": 429602,
                              "Plan Width": 4,
                              "Actual Startup Time": 41.536,
                              "Actual Total Time": 182.47,
                              "Actual Rows": 425251,
                              "Actual Loops": 6,
                              "Recheck Cond": "(keyword_id > 41113)",
                              "Rows Removed by Index Recheck": 0,
                              "Exact Heap Blocks": 22654,
                              "Lossy Heap Blocks": 0,
                              "Plans": [
                                {
                                  "Node Type": "Bitmap Index Scan",
                                  "Parent Relationship": "Outer",
                                  "Parallel Aware": false,
                                  "Index Name": "keyword_id_movie_keyword",
                                  "Startup Cost": 0.0,
                                  "Total Cost": 9006.45,
                                  "Plan Rows": 429602,
                                  "Plan Width": 0,
                                  "Actual Startup Time": 38.391,
                                  "Actual Total Time": 38.391,
                                  "Actual Rows": 425251,
                                  "Actual Loops": 6,
                                  "Index Cond": "(keyword_id > 41113)"
                                }
                              ]
                            }
                          ]
                        }
                      ]
                    },
                    {
                      "Node Type": "Index Scan",
                      "Parent Relationship": "Inner",
                      "Parallel Aware": false,
                      "Scan Direction": "Forward",
                      "Index Name": "movie_id_cast_info",
                      "Relation Name": "cast_info",
                      "Alias": "ci",
                      "Startup Cost": 0.56,
                      "Total Cost": 1.96,
                      "Plan Rows": 6,
                      "Plan Width": 4,
                      "Actual Startup Time": 0.021,
                      "Actual Total Time": 0.029,
                      "Actual Rows": 1,
                      "Actual Loops": 425251,
                      "Index Cond": "(movie_id = t.id)",
                      "Rows Removed by Index Recheck": 0,
                      "Filter": "((person_id > 2598806) AND (role_id < 3))",
                      "Rows Removed by Filter": 48
                    }
                  ]
                }
              ]
            }
          ]
        }
      ]
    },
    "Planning Time": 0.535,
    "Triggers": [],
    "Execution Time": 2830.441
  }
]