[
  {
    "Plan": {
      "Node Type": "Aggregate",
      "Strategy": "Plain",
      "Partial Mode": "Finalize",
      "Parallel Aware": false,
      "Startup Cost": 348557.7,
      "Total Cost": 348557.71,
      "Plan Rows": 1,
      "Plan Width": 8,
      "Actual Startup Time": 782.151,
      "Actual Total Time": 837.129,
      "Actual Rows": 1,
      "Actual Loops": 1,
      "Plans": [
        {
          "Node Type": "Gather",
          "Parent Relationship": "Outer",
          "Parallel Aware": false,
          "Startup Cost": 348557.07,
          "Total Cost": 348557.68,
          "Plan Rows": 6,
          "Plan Width": 8,
          "Actual Startup Time": 781.984,
          "Actual Total Time": 837.118,
          "Actual Rows": 7,
          "Actual Loops": 1,
          "Workers Planned": 6,
          "Workers Launched": 6,
          "Single Copy": false,
          "Plans": [
            {
              "Node Type": "Aggregate",
              "Strategy": "Plain",
              "Partial Mode": "Partial",
              "Parent Relationship": "Outer",
              "Parallel Aware": false,
              "Startup Cost": 347557.07,
              "Total Cost": 347557.08,
              "Plan Rows": 1,
              "Plan Width": 8,
              "Actual Startup Time": 773.389,
              "Actual Total Time": 773.391,
              "Actual Rows": 1,
              "Actual Loops": 7,
              "Plans": [
                {
                  "Node Type": "Seq Scan",
                  "Parent Relationship": "Outer",
                  "Parallel Aware": true,
                  "Relation Name": "cast_info",
                  "Alias": "ci",
                  "Startup Cost": 0.0,
                  "Total Cost": 343316.27,
                  "Plan Rows": 1696321,
                  "Plan Width": 0,
                  "Actual Startup Time": 355.351,
                  "Actual Total Time": 687.694,
                  "Actual Rows": 1775020,
                  "Actual Loops": 7,
                  "Filter": "((person_id > 1316262) AND (role_id > 2))",
                  "Rows Removed by Filter": 3402744
                }
              ]
            }
          ]
        }
      ]
    },
    "Planning Time": 0.094,
    "Triggers": [],
    "Execution Time": 837.176
  }
]