[
  {
    "Plan": {
      "Node Type": "Aggregate",
      "Strategy": "Plain",
      "Partial Mode": "Finalize",
      "Parallel Aware": false,
      "Startup Cost": 347187.61,
      "Total Cost": 347187.62,
      "Plan Rows": 1,
      "Plan Width": 8,
      "Actual Startup Time": 611.776,
      "Actual Total Time": 659.159,
      "Actual Rows": 1,
      "Actual Loops": 1,
      "Plans": [
        {
          "Node Type": "Gather",
          "Parent Relationship": "Outer",
          "Parallel Aware": false,
          "Startup Cost": 347186.99,
          "Total Cost": 347187.6,
          "Plan Rows": 6,
          "Plan Width": 8,
          "Actual Startup Time": 611.57,
          "Actual Total Time": 659.146,
          "Actual Rows": 7,
          "Actual Loops": 1,
          "Workers Planned": 6,
          "Workers Launched": 6,
          "Single Copy": false,
          "Plans": [
            {
              "Node Type": "Aggregate",
              "Strategy": "Plain",
              "Partial Mode": "Partial",
              "Parent Relationship": "Outer",
              "Parallel Aware": false,
              "Startup Cost": 346186.99,
              "Total Cost": 346187.0,
              "Plan Rows": 1,
              "Plan Width": 8,
              "Actual Startup Time": 604.937,
              "Actual Total Time": 604.939,
              "Actual Rows": 1,
              "Actual Loops": 7,
              "Plans": [
                {
                  "Node Type": "Seq Scan",
                  "Parent Relationship": "Outer",
                  "Parallel Aware": true,
                  "Relation Name": "cast_info",
                  "Alias": "ci",
                  "Startup Cost": 0.0,
                  "Total Cost": 343316.27,
                  "Plan Rows": 1148287,
                  "Plan Width": 0,
                  "Actual Startup Time": 219.462,
                  "Actual Total Time": 585.395,
                  "Actual Rows": 424722,
                  "Actual Loops": 7,
                  "Filter": "((person_id < 1042909) AND (role_id > 1))",
                  "Rows Removed by Filter": 4753042
                }
              ]
            }
          ]
        }
      ]
    },
    "Planning Time": 0.134,
    "Triggers": [],
    "Execution Time": 659.21
  }
]