[
    {
        "Bao": {
            "Bao prediction": 525.794,
            "Bao recommended hint": "(no hint)"
        }
    },
    {
        "Plan": {
            "Node Type": "Aggregate",
            "Strategy": "Plain",
            "Partial Mode": "Finalize",
            "Parallel Aware": false,
            "Startup Cost": 88565.96,
            "Total Cost": 88565.97,
            "Plan Rows": 1,
            "Plan Width": 8,
            "Actual Startup Time": 263.25,
            "Actual Total Time": 278.786,
            "Actual Rows": 1,
            "Actual Loops": 1,
            "Output": [
                "count(*)"
            ],
            "Plans": [
                {
                    "Node Type": "Gather",
                    "Parent Relationship": "Outer",
                    "Parallel Aware": false,
                    "Startup Cost": 88565.64,
                    "Total Cost": 88565.95,
                    "Plan Rows": 3,
                    "Plan Width": 8,
                    "Actual Startup Time": 262.657,
                    "Actual Total Time": 278.778,
                    "Actual Rows": 4,
                    "Actual Loops": 1,
                    "Output": [
                        "(PARTIAL count(*))"
                    ],
                    "Workers Planned": 3,
                    "Workers Launched": 3,
                    "Single Copy": false,
                    "Plans": [
                        {
                            "Node Type": "Aggregate",
                            "Strategy": "Plain",
                            "Partial Mode": "Partial",
                            "Parent Relationship": "Outer",
                            "Parallel Aware": false,
                            "Startup Cost": 87565.64,
                            "Total Cost": 87565.65,
                            "Plan Rows": 1,
                            "Plan Width": 8,
                            "Actual Startup Time": 254.094,
                            "Actual Total Time": 254.1,
                            "Actual Rows": 1,
                            "Actual Loops": 4,
                            "Output": [
                                "PARTIAL count(*)"
                            ],
                            "Workers": [
                                {
                                    "Worker Number": 0,
                                    "Actual Startup Time": 251.172,
                                    "Actual Total Time": 251.177,
                                    "Actual Rows": 1,
                                    "Actual Loops": 1
                                },
                                {
                                    "Worker Number": 1,
                                    "Actual Startup Time": 251.665,
                                    "Actual Total Time": 251.668,
                                    "Actual Rows": 1,
                                    "Actual Loops": 1
                                },
                                {
                                    "Worker Number": 2,
                                    "Actual Startup Time": 251.593,
                                    "Actual Total Time": 251.606,
                                    "Actual Rows": 1,
                                    "Actual Loops": 1
                                }
                            ],
                            "Plans": [
                                {
                                    "Node Type": "Hash Join",
                                    "Parent Relationship": "Outer",
                                    "Parallel Aware": true,
                                    "Join Type": "Inner",
                                    "Startup Cost": 59837.74,
                                    "Total Cost": 87553.57,
                                    "Plan Rows": 4829,
                                    "Plan Width": 0,
                                    "Actual Startup Time": 152.58,
                                    "Actual Total Time": 253.984,
                                    "Actual Rows": 1009,
                                    "Actual Loops": 4,
                                    "Inner Unique": true,
                                    "Hash Cond": "(mk.movie_id = t.id)",
                                    "Workers": [
                                        {
                                            "Worker Number": 0,
                                            "Actual Startup Time": 149.317,
                                            "Actual Total Time": 251.061,
                                            "Actual Rows": 680,
                                            "Actual Loops": 1
                                        },
                                        {
                                            "Worker Number": 1,
                                            "Actual Startup Time": 150.536,
                                            "Actual Total Time": 251.535,
                                            "Actual Rows": 897,
                                            "Actual Loops": 1
                                        },
                                        {
                                            "Worker Number": 2,
                                            "Actual Startup Time": 150.382,
                                            "Actual Total Time": 251.487,
                                            "Actual Rows": 697,
                                            "Actual Loops": 1
                                        }
                                    ],
                                    "Plans": [
                                        {
                                            "Node Type": "Bitmap Heap Scan",
                                            "Parent Relationship": "Outer",
                                            "Parallel Aware": true,
                                            "Relation Name": "movie_keyword",
                                            "Schema": "public",
                                            "Alias": "mk",
                                            "Startup Cost": 14181.62,
                                            "Total Cost": 41331.34,
                                            "Plan Rows": 215658,
                                            "Plan Width": 4,
                                            "Actual Startup Time": 37.229,
                                            "Actual Total Time": 112.205,
                                            "Actual Rows": 167790,
                                            "Actual Loops": 4,
                                            "Output": [
                                                "mk.id",
                                                "mk.movie_id",
                                                "mk.keyword_id"
                                            ],
                                            "Recheck Cond": "(mk.keyword_id < 536)",
                                            "Rows Removed by Index Recheck": 0,
                                            "Exact Heap Blocks": 9563,
                                            "Lossy Heap Blocks": 0,
                                            "Workers": [
                                                {
                                                    "Worker Number": 0,
                                                    "Actual Startup Time": 37.2,
                                                    "Actual Total Time": 113.671,
                                                    "Actual Rows": 136549,
                                                    "Actual Loops": 1
                                                },
                                                {
                                                    "Worker Number": 1,
                                                    "Actual Startup Time": 37.435,
                                                    "Actual Total Time": 112.598,
                                                    "Actual Rows": 137962,
                                                    "Actual Loops": 1
                                                },
                                                {
                                                    "Worker Number": 2,
                                                    "Actual Startup Time": 37.261,
                                                    "Actual Total Time": 112.35,
                                                    "Actual Rows": 137327,
                                                    "Actual Loops": 1
                                                }
                                            ],
                                            "Plans": [
                                                {
                                                    "Node Type": "Bitmap Index Scan",
                                                    "Parent Relationship": "Outer",
                                                    "Parallel Aware": false,
                                                    "Index Name": "keyword_id_movie_keyword",
                                                    "Startup Cost": 0.0,
                                                    "Total Cost": 14014.48,
                                                    "Plan Rows": 668540,
                                                    "Plan Width": 0,
                                                    "Actual Startup Time": 33.524,
                                                    "Actual Total Time": 33.524,
                                                    "Actual Rows": 671159,
                                                    "Actual Loops": 1,
                                                    "Index Cond": "(mk.keyword_id < 536)"
                                                }
                                            ]
                                        },
                                        {
                                            "Node Type": "Hash",
                                            "Parent Relationship": "Inner",
                                            "Parallel Aware": true,
                                            "Startup Cost": 45479.21,
                                            "Total Cost": 45479.21,
                                            "Plan Rows": 14153,
                                            "Plan Width": 4,
                                            "Actual Startup Time": 113.394,
                                            "Actual Total Time": 113.395,
                                            "Actual Rows": 15688,
                                            "Actual Loops": 4,
                                            "Output": [
                                                "t.id"
                                            ],
                                            "Hash Buckets": 65536,
                                            "Original Hash Buckets": 65536,
                                            "Hash Batches": 1,
                                            "Original Hash Batches": 1,
                                            "Peak Memory Usage": 3040,
                                            "Workers": [
                                                {
                                                    "Worker Number": 0,
                                                    "Actual Startup Time": 111.348,
                                                    "Actual Total Time": 111.349,
                                                    "Actual Rows": 12244,
                                                    "Actual Loops": 1
                                                },
                                                {
                                                    "Worker Number": 1,
                                                    "Actual Startup Time": 111.768,
                                                    "Actual Total Time": 111.769,
                                                    "Actual Rows": 12775,
                                                    "Actual Loops": 1
                                                },
                                                {
                                                    "Worker Number": 2,
                                                    "Actual Startup Time": 111.762,
                                                    "Actual Total Time": 111.763,
                                                    "Actual Rows": 12334,
                                                    "Actual Loops": 1
                                                }
                                            ],
                                            "Plans": [
                                                {
                                                    "Node Type": "Seq Scan",
                                                    "Parent Relationship": "Outer",
                                                    "Parallel Aware": true,
                                                    "Relation Name": "title",
                                                    "Schema": "public",
                                                    "Alias": "t",
                                                    "Startup Cost": 0.0,
                                                    "Total Cost": 45479.21,
                                                    "Plan Rows": 14153,
                                                    "Plan Width": 4,
                                                    "Actual Startup Time": 0.038,
                                                    "Actual Total Time": 105.871,
                                                    "Actual Rows": 15688,
                                                    "Actual Loops": 4,
                                                    "Output": [
                                                        "t.id"
                                                    ],
                                                    "Filter": "((t.kind_id = 7) AND (t.production_year = 2005))",
                                                    "Rows Removed by Filter": 616390,
                                                    "Workers": [
                                                        {
                                                            "Worker Number": 0,
                                                            "Actual Startup Time": 0.038,
                                                            "Actual Total Time": 104.863,
                                                            "Actual Rows": 12244,
                                                            "Actual Loops": 1
                                                        },
                                                        {
                                                            "Worker Number": 1,
                                                            "Actual Startup Time": 0.039,
                                                            "Actual Total Time": 104.004,
                                                            "Actual Rows": 12775,
                                                            "Actual Loops": 1
                                                        },
                                                        {
                                                            "Worker Number": 2,
                                                            "Actual Startup Time": 0.051,
                                                            "Actual Total Time": 104.388,
                                                            "Actual Rows": 12334,
                                                            "Actual Loops": 1
                                                        }
                                                    ]
                                                }
                                            ]
                                        }
                                    ]
                                }
                            ]
                        }
                    ]
                }
            ]
        },
        "Planning Time": 625.216,
        "Triggers": [],
        "Execution Time": 278.922
    }
]