[
  {
    "Plan": {
      "Node Type": "Aggregate",
      "Strategy": "Plain",
      "Partial Mode": "Finalize",
      "Parallel Aware": false,
      "Startup Cost": 288695.82,
      "Total Cost": 288695.83,
      "Plan Rows": 1,
      "Plan Width": 8,
      "Actual Startup Time": 738.109,
      "Actual Total Time": 763.64,
      "Actual Rows": 1,
      "Actual Loops": 1,
      "Plans": [
        {
          "Node Type": "Gather",
          "Parent Relationship": "Outer",
          "Parallel Aware": false,
          "Startup Cost": 288695.3,
          "Total Cost": 288695.81,
          "Plan Rows": 5,
          "Plan Width": 8,
          "Actual Startup Time": 733.509,
          "Actual Total Time": 763.631,
          "Actual Rows": 6,
          "Actual Loops": 1,
          "Workers Planned": 5,
          "Workers Launched": 5,
          "Single Copy": false,
          "Plans": [
            {
              "Node Type": "Aggregate",
              "Strategy": "Plain",
              "Partial Mode": "Partial",
              "Parent Relationship": "Outer",
              "Parallel Aware": false,
              "Startup Cost": 287695.3,
              "Total Cost": 287695.31,
              "Plan Rows": 1,
              "Plan Width": 8,
              "Actual Startup Time": 726.277,
              "Actual Total Time": 726.323,
              "Actual Rows": 1,
              "Actual Loops": 6,
              "Plans": [
                {
                  "Node Type": "Hash Join",
                  "Parent Relationship": "Outer",
                  "Parallel Aware": true,
                  "Join Type": "Inner",
                  "Startup Cost": 80634.22,
                  "Total Cost": 286883.36,
                  "Plan Rows": 324776,
                  "Plan Width": 0,
                  "Actual Startup Time": 213.594,
                  "Actual Total Time": 712.939,
                  "Actual Rows": 286790,
                  "Actual Loops": 6,
                  "Inner Unique": false,
                  "Hash Cond": "(mi.movie_id = t.id)",
                  "Plans": [
                    {
                      "Node Type": "Seq Scan",
                      "Parent Relationship": "Outer",
                      "Parallel Aware": true,
                      "Relation Name": "movie_info",
                      "Alias": "mi",
                      "Startup Cost": 0.0,
                      "Total Cost": 198880.74,
                      "Plan Rows": 1748389,
                      "Plan Width": 4,
                      "Actual Startup Time": 0.017,
                      "Actual Total Time": 305.633,
                      "Actual Rows": 1464430,
                      "Actual Loops": 6,
                      "Filter": "(info_type_id < 13)",
                      "Rows Removed by Filter": 1008190
                    },
                    {
                      "Node Type": "Hash",
                      "Parent Relationship": "Inner",
                      "Parallel Aware": true,
                      "Startup Cost": 79166.55,
                      "Total Cost": 79166.55,
                      "Plan Rows": 117414,
                      "Plan Width": 8,
                      "Actual Startup Time": 210.945,
                      "Actual Total Time": 210.991,
                      "Actual Rows": 44679,
                      "Actual Loops": 6,
                      "Hash Buckets": 524288,
                      "Original Hash Buckets": 524288,
                      "Hash Batches": 1,
                      "Original Hash Batches": 1,
                      "Peak Memory Usage": 14688,
                      "Plans": [
                        {
                          "Node Type": "Hash Join",
                          "Parent Relationship": "Outer",
                          "Parallel Aware": true,
                          "Join Type": "Inner",
                          "Startup Cost": 33308.59,
                          "Total Cost": 79166.55,
                          "Plan Rows": 117414,
                          "Plan Width": 8,
                          "Actual Startup Time": 73.646,
                          "Actual Total Time": 195.567,
                          "Actual Rows": 44679,
                          "Actual Loops": 6,
                          "Inner Unique": false,
                          "Hash Cond": "(t.id = mc.movie_id)",
                          "Plans": [
                            {
                              "Node Type": "Seq Scan",
                              "Parent Relationship": "Outer",
                              "Parallel Aware": true,
                              "Relation Name": "title",
                              "Alias": "t",
                              "Startup Cost": 0.0,
                              "Total Cost": 42318.81,
                              "Plan Rows": 632080,
                              "Plan Width": 4,
                              "Actual Startup Time": 0.014,
                              "Actual Total Time": 51.464,
                              "Actual Rows": 421385,
                              "Actual Loops": 6
                            },
                            {
                              "Node Type": "Hash",
                              "Parent Relationship": "Inner",
                              "Parallel Aware": true,
                              "Startup Cost": 31414.82,
                              "Total Cost": 31414.82,
                              "Plan Rows": 151502,
                              "Plan Width": 4,
                              "Actual Startup Time": 72.552,
                              "Actual Total Time": 72.553,
                              "Actual Rows": 44679,
                              "Actual Loops": 6,
                              "Hash Buckets": 524288,
                              "Original Hash Buckets": 524288,
                              "Hash Batches": 1,
                              "Original Hash Batches": 1,
                              "Peak Memory Usage": 14656,
                              "Plans": [
                                {
                                  "Node Type": "Seq Scan",
                                  "Parent Relationship": "Outer",
                                  "Parallel Aware": true,
                                  "Relation Name": "movie_companies",
                                  "Alias": "mc",
                                  "Startup Cost": 0.0,
                                  "Total Cost": 31414.82,
                                  "Plan Rows": 151502,
                                  "Plan Width": 4,
                                  "Actual Startup Time": 33.149,
                                  "Actual Total Time": 55.224,
                                  "Actual Rows": 44679,
                                  "Actual Loops": 6,
                                  "Filter": "((company_id < 3141) AND (company_type_id > 1))",
                                  "Rows Removed by Filter": 390176
                                }
                              ]
                            }
                          ]
                        }
                      ]
                    }
                  ]
                }
              ]
            }
          ]
        }
      ]
    },
    "Planning Time": 0.91,
    "Triggers": [],
    "Execution Time": 763.697
  }
]