[
  {
    "Plan": {
      "Node Type": "Aggregate",
      "Strategy": "Plain",
      "Partial Mode": "Finalize",
      "Parallel Aware": false,
      "Startup Cost": 32878.75,
      "Total Cost": 32878.76,
      "Plan Rows": 1,
      "Plan Width": 8,
      "Actual Startup Time": 56.38,
      "Actual Total Time": 67.731,
      "Actual Rows": 1,
      "Actual Loops": 1,
      "Plans": [
        {
          "Node Type": "Gather",
          "Parent Relationship": "Outer",
          "Parallel Aware": false,
          "Startup Cost": 32878.54,
          "Total Cost": 32878.75,
          "Plan Rows": 2,
          "Plan Width": 8,
          "Actual Startup Time": 56.138,
          "Actual Total Time": 67.724,
          "Actual Rows": 3,
          "Actual Loops": 1,
          "Workers Planned": 2,
          "Workers Launched": 2,
          "Single Copy": false,
          "Plans": [
            {
              "Node Type": "Aggregate",
              "Strategy": "Plain",
              "Partial Mode": "Partial",
              "Parent Relationship": "Outer",
              "Parallel Aware": false,
              "Startup Cost": 31878.54,
              "Total Cost": 31878.55,
              "Plan Rows": 1,
              "Plan Width": 8,
              "Actual Startup Time": 52.897,
              "Actual Total Time": 52.9,
              "Actual Rows": 1,
              "Actual Loops": 3,
              "Plans": [
                {
                  "Node Type": "Nested Loop",
                  "Parent Relationship": "Outer",
                  "Parallel Aware": false,
                  "Join Type": "Inner",
                  "Startup Cost": 185.73,
                  "Total Cost": 31816.93,
                  "Plan Rows": 24643,
                  "Plan Width": 0,
                  "Actual Startup Time": 1.091,
                  "Actual Total Time": 51.974,
                  "Actual Rows": 12745,
                  "Actual Loops": 3,
                  "Inner Unique": false,
                  "Plans": [
                    {
                      "Node Type": "Nested Loop",
                      "Parent Relationship": "Outer",
                      "Parallel Aware": false,
                      "Join Type": "Inner",
                      "Startup Cost": 185.16,
                      "Total Cost": 28150.19,
                      "Plan Rows": 1719,
                      "Plan Width": 8,
                      "Actual Startup Time": 1.004,
                      "Actual Total Time": 18.115,
                      "Actual Rows": 2335,
                      "Actual Loops": 3,
                      "Inner Unique": true,
                      "Plans": [
                        {
                          "Node Type": "Bitmap Heap Scan",
                          "Parent Relationship": "Outer",
                          "Parallel Aware": true,
                          "Relation Name": "movie_companies",
                          "Alias": "mc",
                          "Startup Cost": 184.73,
                          "Total Cost": 15280.85,
                          "Plan Rows": 1719,
                          "Plan Width": 4,
                          "Actual Startup Time": 0.921,
                          "Actual Total Time": 6.25,
                          "Actual Rows": 2335,
                          "Actual Loops": 3,
                          "Recheck Cond": "(company_id = 11141)",
                          "Rows Removed by Index Recheck": 0,
                          "Filter": "(company_type_id = 1)",
                          "Rows Removed by Filter": 742,
                          "Exact Heap Blocks": 2685,
                          "Lossy Heap Blocks": 0,
                          "Plans": [
                            {
                              "Node Type": "Bitmap Index Scan",
                              "Parent Relationship": "Outer",
                              "Parallel Aware": false,
                              "Index Name": "company_id_movie_companies",
                              "Startup Cost": 0.0,
                              "Total Cost": 183.7,
                              "Plan Rows": 8436,
                              "Plan Width": 0,
                              "Actual Startup Time": 1.963,
                              "Actual Total Time": 1.964,
                              "Actual Rows": 9230,
                              "Actual Loops": 1,
                              "Index Cond": "(company_id = 11141)"
                            }
                          ]
                        },
                        {
                          "Node Type": "Index Only Scan",
                          "Parent Relationship": "Inner",
                          "Parallel Aware": false,
                          "Scan Direction": "Forward",
                          "Index Name": "title_pkey",
                          "Relation Name": "title",
                          "Alias": "t",
                          "Startup Cost": 0.43,
                          "Total Cost": 7.49,
                          "Plan Rows": 1,
                          "Plan Width": 4,
                          "Actual Startup Time": 0.005,
                          "Actual Total Time": 0.005,
                          "Actual Rows": 1,
                          "Actual Loops": 7005,
                          "Index Cond": "(id = mc.movie_id)",
                          "Rows Removed by Index Recheck": 0,
                          "Heap Fetches": 7005
                        }
                      ]
                    },
                    {
                      "Node Type": "Index Only Scan",
                      "Parent Relationship": "Inner",
                      "Parallel Aware": false,
                      "Scan Direction": "Forward",
                      "Index Name": "movie_id_cast_info",
                      "Relation Name": "cast_info",
                      "Alias": "ci",
                      "Startup Cost": 0.56,
                      "Total Cost": 1.78,
                      "Plan Rows": 35,
                      "Plan Width": 4,
                      "Actual Startup Time": 0.006,
                      "Actual Total Time": 0.014,
                      "Actual Rows": 5,
                      "Actual Loops": 7005,
                      "Index Cond": "(movie_id = t.id)",
                      "Rows Removed by Index Recheck": 0,
                      "Heap Fetches": 38236
                    }
                  ]
                }
              ]
            }
          ]
        }
      ]
    },
    "Planning Time": 0.533,
    "Triggers": [],
    "Execution Time": 67.838
  }
]