[
  {
    "Plan": {
      "Node Type": "Aggregate",
      "Strategy": "Plain",
      "Partial Mode": "Finalize",
      "Parallel Aware": false,
      "Startup Cost": 62667.79,
      "Total Cost": 62667.8,
      "Plan Rows": 1,
      "Plan Width": 8,
      "Actual Startup Time": 189.433,
      "Actual Total Time": 202.736,
      "Actual Rows": 1,
      "Actual Loops": 1,
      "Plans": [
        {
          "Node Type": "Gather",
          "Parent Relationship": "Outer",
          "Parallel Aware": false,
          "Startup Cost": 62667.57,
          "Total Cost": 62667.78,
          "Plan Rows": 2,
          "Plan Width": 8,
          "Actual Startup Time": 189.265,
          "Actual Total Time": 202.729,
          "Actual Rows": 3,
          "Actual Loops": 1,
          "Workers Planned": 2,
          "Workers Launched": 2,
          "Single Copy": false,
          "Plans": [
            {
              "Node Type": "Aggregate",
              "Strategy": "Plain",
              "Partial Mode": "Partial",
              "Parent Relationship": "Outer",
              "Parallel Aware": false,
              "Startup Cost": 61667.57,
              "Total Cost": 61667.58,
              "Plan Rows": 1,
              "Plan Width": 8,
              "Actual Startup Time": 181.795,
              "Actual Total Time": 181.798,
              "Actual Rows": 1,
              "Actual Loops": 3,
              "Plans": [
                {
                  "Node Type": "Hash Join",
                  "Parent Relationship": "Outer",
                  "Parallel Aware": true,
                  "Join Type": "Inner",
                  "Startup Cost": 45533.12,
                  "Total Cost": 61661.02,
                  "Plan Rows": 2619,
                  "Plan Width": 0,
                  "Actual Startup Time": 143.843,
                  "Actual Total Time": 181.729,
                  "Actual Rows": 991,
                  "Actual Loops": 3,
                  "Inner Unique": true,
                  "Hash Cond": "(mi_idx.movie_id = t.id)",
                  "Plans": [
                    {
                      "Node Type": "Seq Scan",
                      "Parent Relationship": "Outer",
                      "Parallel Aware": true,
                      "Relation Name": "movie_info_idx",
                      "Alias": "mi_idx",
                      "Startup Cost": 0.0,
                      "Total Cost": 15122.68,
                      "Plan Rows": 382940,
                      "Plan Width": 4,
                      "Actual Startup Time": 0.025,
                      "Actual Total Time": 44.873,
                      "Actual Rows": 306617,
                      "Actual Loops": 3,
                      "Filter": "(info_type_id < 101)",
                      "Rows Removed by Filter": 153395
                    },
                    {
                      "Node Type": "Hash",
                      "Parent Relationship": "Inner",
                      "Parallel Aware": true,
                      "Startup Cost": 45479.1,
                      "Total Cost": 45479.1,
                      "Plan Rows": 4322,
                      "Plan Width": 4,
                      "Actual Startup Time": 113.412,
                      "Actual Total Time": 113.412,
                      "Actual Rows": 6268,
                      "Actual Loops": 3,
                      "Hash Buckets": 32768,
                      "Original Hash Buckets": 32768,
                      "Hash Batches": 1,
                      "Original Hash Batches": 1,
                      "Peak Memory Usage": 1024,
                      "Plans": [
                        {
                          "Node Type": "Seq Scan",
                          "Parent Relationship": "Outer",
                          "Parallel Aware": true,
                          "Relation Name": "title",
                          "Alias": "t",
                          "Startup Cost": 0.0,
                          "Total Cost": 45479.1,
                          "Plan Rows": 4322,
                          "Plan Width": 4,
                          "Actual Startup Time": 69.062,
                          "Actual Total Time": 111.064,
                          "Actual Rows": 6268,
                          "Actual Loops": 3,
                          "Filter": "((kind_id = 1) AND (production_year = 2013))",
                          "Rows Removed by Filter": 836503
                        }
                      ]
                    }
                  ]
                }
              ]
            }
          ]
        }
      ]
    },
    "Planning Time": 0.617,
    "Triggers": [],
    "Execution Time": 202.809
  }
]