[
    {
        "Bao": {
            "Bao prediction": "NaN",
            "Bao recommended hint": "(no hint)"
        }
    },
    {
        "Plan": {
            "Node Type": "Aggregate",
            "Strategy": "Plain",
            "Partial Mode": "Simple",
            "Parallel Aware": false,
            "Startup Cost": 22134.87,
            "Total Cost": 22134.88,
            "Plan Rows": 1,
            "Plan Width": 8,
            "Actual Startup Time": 46.37,
            "Actual Total Time": 46.371,
            "Actual Rows": 1,
            "Actual Loops": 1,
            "Output": [
                "count(*)"
            ],
            "Plans": [
                {
                    "Node Type": "Bitmap Heap Scan",
                    "Parent Relationship": "Outer",
                    "Parallel Aware": false,
                    "Relation Name": "movie_companies",
                    "Schema": "public",
                    "Alias": "mc",
                    "Startup Cost": 1906.54,
                    "Total Cost": 22022.22,
                    "Plan Rows": 45058,
                    "Plan Width": 0,
                    "Actual Startup Time": 12.687,
                    "Actual Total Time": 39.764,
                    "Actual Rows": 90323,
                    "Actual Loops": 1,
                    "Recheck Cond": "(mc.company_id > 163498)",
                    "Rows Removed by Index Recheck": 0,
                    "Filter": "(mc.company_type_id > 1)",
                    "Rows Removed by Filter": 0,
                    "Exact Heap Blocks": 2950,
                    "Lossy Heap Blocks": 0,
                    "Plans": [
                        {
                            "Node Type": "Bitmap Index Scan",
                            "Parent Relationship": "Outer",
                            "Parallel Aware": false,
                            "Index Name": "company_id_movie_companies",
                            "Startup Cost": 0.0,
                            "Total Cost": 1895.27,
                            "Plan Rows": 88379,
                            "Plan Width": 0,
                            "Actual Startup Time": 11.798,
                            "Actual Total Time": 11.798,
                            "Actual Rows": 90323,
                            "Actual Loops": 1,
                            "Index Cond": "(mc.company_id > 163498)"
                        }
                    ]
                }
            ]
        },
        "Planning Time": 237.692,
        "Triggers": [],
        "Execution Time": 46.455
    }
]