[
  {
    "Plan": {
      "Node Type": "Aggregate",
      "Strategy": "Plain",
      "Partial Mode": "Finalize",
      "Parallel Aware": false,
      "Startup Cost": 33172.59,
      "Total Cost": 33172.6,
      "Plan Rows": 1,
      "Plan Width": 8,
      "Actual Startup Time": 111.822,
      "Actual Total Time": 121.22,
      "Actual Rows": 1,
      "Actual Loops": 1,
      "Plans": [
        {
          "Node Type": "Gather",
          "Parent Relationship": "Outer",
          "Parallel Aware": false,
          "Startup Cost": 33172.27,
          "Total Cost": 33172.58,
          "Plan Rows": 3,
          "Plan Width": 8,
          "Actual Startup Time": 111.646,
          "Actual Total Time": 121.195,
          "Actual Rows": 4,
          "Actual Loops": 1,
          "Workers Planned": 3,
          "Workers Launched": 3,
          "Single Copy": false,
          "Plans": [
            {
              "Node Type": "Aggregate",
              "Strategy": "Plain",
              "Partial Mode": "Partial",
              "Parent Relationship": "Outer",
              "Parallel Aware": false,
              "Startup Cost": 32172.27,
              "Total Cost": 32172.28,
              "Plan Rows": 1,
              "Plan Width": 8,
              "Actual Startup Time": 106.482,
              "Actual Total Time": 106.483,
              "Actual Rows": 1,
              "Actual Loops": 4,
              "Plans": [
                {
                  "Node Type": "Seq Scan",
                  "Parent Relationship": "Outer",
                  "Parallel Aware": true,
                  "Relation Name": "movie_companies",
                  "Alias": "mc",
                  "Startup Cost": 0.0,
                  "Total Cost": 31414.82,
                  "Plan Rows": 302982,
                  "Plan Width": 0,
                  "Actual Startup Time": 0.73,
                  "Actual Total Time": 94.078,
                  "Actual Rows": 196445,
                  "Actual Loops": 4,
                  "Filter": "((company_id > 1194) AND (company_type_id < 2))",
                  "Rows Removed by Filter": 455837
                }
              ]
            }
          ]
        }
      ]
    },
    "Planning Time": 0.246,
    "Triggers": [],
    "Execution Time": 121.278
  }
]