[
    {
        "Bao": {
            "Bao prediction": "NaN",
            "Bao recommended hint": "(no hint)"
        }
    },
    {
        "Plan": {
            "Node Type": "Aggregate",
            "Strategy": "Plain",
            "Partial Mode": "Finalize",
            "Parallel Aware": false,
            "Startup Cost": 30879.67,
            "Total Cost": 30879.68,
            "Plan Rows": 1,
            "Plan Width": 8,
            "Actual Startup Time": 79.741,
            "Actual Total Time": 85.819,
            "Actual Rows": 1,
            "Actual Loops": 1,
            "Output": [
                "count(*)"
            ],
            "Plans": [
                {
                    "Node Type": "Gather",
                    "Parent Relationship": "Outer",
                    "Parallel Aware": false,
                    "Startup Cost": 30879.35,
                    "Total Cost": 30879.66,
                    "Plan Rows": 3,
                    "Plan Width": 8,
                    "Actual Startup Time": 79.533,
                    "Actual Total Time": 85.812,
                    "Actual Rows": 4,
                    "Actual Loops": 1,
                    "Output": [
                        "(PARTIAL count(*))"
                    ],
                    "Workers Planned": 3,
                    "Workers Launched": 3,
                    "Single Copy": false,
                    "Plans": [
                        {
                            "Node Type": "Aggregate",
                            "Strategy": "Plain",
                            "Partial Mode": "Partial",
                            "Parent Relationship": "Outer",
                            "Parallel Aware": false,
                            "Startup Cost": 29879.35,
                            "Total Cost": 29879.36,
                            "Plan Rows": 1,
                            "Plan Width": 8,
                            "Actual Startup Time": 70.702,
                            "Actual Total Time": 70.704,
                            "Actual Rows": 1,
                            "Actual Loops": 4,
                            "Output": [
                                "PARTIAL count(*)"
                            ],
                            "Workers": [
                                {
                                    "Worker Number": 0,
                                    "Actual Startup Time": 67.671,
                                    "Actual Total Time": 67.672,
                                    "Actual Rows": 1,
                                    "Actual Loops": 1
                                },
                                {
                                    "Worker Number": 1,
                                    "Actual Startup Time": 67.747,
                                    "Actual Total Time": 67.749,
                                    "Actual Rows": 1,
                                    "Actual Loops": 1
                                },
                                {
                                    "Worker Number": 2,
                                    "Actual Startup Time": 68.156,
                                    "Actual Total Time": 68.157,
                                    "Actual Rows": 1,
                                    "Actual Loops": 1
                                }
                            ],
                            "Plans": [
                                {
                                    "Node Type": "Bitmap Heap Scan",
                                    "Parent Relationship": "Outer",
                                    "Parallel Aware": true,
                                    "Relation Name": "movie_keyword",
                                    "Schema": "public",
                                    "Alias": "mk",
                                    "Startup Cost": 4417.95,
                                    "Total Cost": 29711.45,
                                    "Plan Rows": 67160,
                                    "Plan Width": 0,
                                    "Actual Startup Time": 15.855,
                                    "Actual Total Time": 67.432,
                                    "Actual Rows": 51446,
                                    "Actual Loops": 4,
                                    "Recheck Cond": "(mk.keyword_id > 67366)",
                                    "Rows Removed by Index Recheck": 0,
                                    "Exact Heap Blocks": 11050,
                                    "Lossy Heap Blocks": 0,
                                    "Workers": [
                                        {
                                            "Worker Number": 0,
                                            "Actual Startup Time": 12.917,
                                            "Actual Total Time": 64.765,
                                            "Actual Rows": 33702,
                                            "Actual Loops": 1
                                        },
                                        {
                                            "Worker Number": 1,
                                            "Actual Startup Time": 12.915,
                                            "Actual Total Time": 64.85,
                                            "Actual Rows": 34080,
                                            "Actual Loops": 1
                                        },
                                        {
                                            "Worker Number": 2,
                                            "Actual Startup Time": 13.484,
                                            "Actual Total Time": 65.58,
                                            "Actual Rows": 26613,
                                            "Actual Loops": 1
                                        }
                                    ],
                                    "Plans": [
                                        {
                                            "Node Type": "Bitmap Index Scan",
                                            "Parent Relationship": "Outer",
                                            "Parallel Aware": false,
                                            "Index Name": "keyword_id_movie_keyword",
                                            "Startup Cost": 0.0,
                                            "Total Cost": 4365.9,
                                            "Plan Rows": 208196,
                                            "Plan Width": 0,
                                            "Actual Startup Time": 20.003,
                                            "Actual Total Time": 20.004,
                                            "Actual Rows": 205783,
                                            "Actual Loops": 1,
                                            "Index Cond": "(mk.keyword_id > 67366)"
                                        }
                                    ]
                                }
                            ]
                        }
                    ]
                }
            ]
        },
        "Planning Time": 203.77,
        "Triggers": [],
        "Execution Time": 85.879
    }
]