[
  {
    "Plan": {
      "Node Type": "Aggregate",
      "Strategy": "Plain",
      "Partial Mode": "Finalize",
      "Parallel Aware": false,
      "Startup Cost": 46651.5,
      "Total Cost": 46651.51,
      "Plan Rows": 1,
      "Plan Width": 8,
      "Actual Startup Time": 167.378,
      "Actual Total Time": 177.186,
      "Actual Rows": 1,
      "Actual Loops": 1,
      "Plans": [
        {
          "Node Type": "Gather",
          "Parent Relationship": "Outer",
          "Parallel Aware": false,
          "Startup Cost": 46651.19,
          "Total Cost": 46651.5,
          "Plan Rows": 3,
          "Plan Width": 8,
          "Actual Startup Time": 167.177,
          "Actual Total Time": 177.179,
          "Actual Rows": 4,
          "Actual Loops": 1,
          "Workers Planned": 3,
          "Workers Launched": 3,
          "Single Copy": false,
          "Plans": [
            {
              "Node Type": "Aggregate",
              "Strategy": "Plain",
              "Partial Mode": "Partial",
              "Parent Relationship": "Outer",
              "Parallel Aware": false,
              "Startup Cost": 45651.19,
              "Total Cost": 45651.2,
              "Plan Rows": 1,
              "Plan Width": 8,
              "Actual Startup Time": 161.315,
              "Actual Total Time": 161.316,
              "Actual Rows": 1,
              "Actual Loops": 4,
              "Plans": [
                {
                  "Node Type": "Seq Scan",
                  "Parent Relationship": "Outer",
                  "Parallel Aware": true,
                  "Relation Name": "movie_keyword",
                  "Alias": "mk",
                  "Startup Cost": 0.0,
                  "Total Cost": 42695.65,
                  "Plan Rows": 1182213,
                  "Plan Width": 0,
                  "Actual Startup Time": 0.06,
                  "Actual Total Time": 121.045,
                  "Actual Rows": 917947,
                  "Actual Loops": 4,
                  "Filter": "(keyword_id < 21558)",
                  "Rows Removed by Filter": 213035
                }
              ]
            }
          ]
        }
      ]
    },
    "Planning Time": 0.182,
    "Triggers": [],
    "Execution Time": 177.241
  }
]