{
  "Plan": {
    "Node Type": "Aggregate",
    "Strategy": "Plain",
    "Partial Mode": "Finalize",
    "Parallel Aware": false,
    "Startup Cost": 118384.46,
    "Total Cost": 118384.47,
    "Plan Rows": 1,
    "Plan Width": 8,
    "Actual Startup Time": 566.431,
    "Actual Total Time": 580.513,
    "Actual Rows": 1,
    "Actual Loops": 1,
    "Plans": [
      {
        "Node Type": "Gather",
        "Parent Relationship": "Outer",
        "Parallel Aware": false,
        "Startup Cost": 118384.35,
        "Total Cost": 118384.46,
        "Plan Rows": 1,
        "Plan Width": 8,
        "Actual Startup Time": 565.842,
        "Actual Total Time": 580.499,
        "Actual Rows": 2,
        "Actual Loops": 1,
        "Workers Planned": 1,
        "Workers Launched": 1,
        "Single Copy": false,
        "Plans": [
          {
            "Node Type": "Aggregate",
            "Strategy": "Plain",
            "Partial Mode": "Partial",
            "Parent Relationship": "Outer",
            "Parallel Aware": false,
            "Startup Cost": 117384.35,
            "Total Cost": 117384.36,
            "Plan Rows": 1,
            "Plan Width": 8,
            "Actual Startup Time": 560.076,
            "Actual Total Time": 560.082,
            "Actual Rows": 1,
            "Actual Loops": 2,
            "Plans": [
              {
                "Node Type": "Hash Join",
                "Parent Relationship": "Outer",
                "Parallel Aware": true,
                "Join Type": "Inner",
                "Startup Cost": 59062.83,
                "Total Cost": 117113.67,
                "Plan Rows": 108270,
                "Plan Width": 0,
                "Actual Startup Time": 183.393,
                "Actual Total Time": 545.729,
                "Actual Rows": 368146,
                "Actual Loops": 2,
                "Inner Unique": true,
                "Hash Cond": "(mk.movie_id = t.id)",
                "Plans": [
                  {
                    "Node Type": "Seq Scan",
                    "Parent Relationship": "Outer",
                    "Parallel Aware": true,
                    "Relation Name": "movie_keyword",
                    "Alias": "mk",
                    "Startup Cost": 0.0,
                    "Total Cost": 51065.35,
                    "Plan Rows": 2661135,
                    "Plan Width": 4,
                    "Actual Startup Time": 0.011,
                    "Actual Total Time": 155.845,
                    "Actual Rows": 2261965,
                    "Actual Loops": 2
                  },
                  {
                    "Node Type": "Hash",
                    "Parent Relationship": "Inner",
                    "Parallel Aware": true,
                    "Startup Cost": 58306.47,
                    "Total Cost": 58306.47,
                    "Plan Rows": 60509,
                    "Plan Width": 4,
                    "Actual Startup Time": 180.732,
                    "Actual Total Time": 180.734,
                    "Actual Rows": 103912,
                    "Actual Loops": 2,
                    "Hash Buckets": 262144,
                    "Original Hash Buckets": 131072,
                    "Hash Batches": 1,
                    "Original Hash Batches": 1,
                    "Peak Memory Usage": 11232,
                    "Plans": [
                      {
                        "Node Type": "Seq Scan",
                        "Parent Relationship": "Outer",
                        "Parallel Aware": true,
                        "Relation Name": "title",
                        "Alias": "t",
                        "Startup Cost": 0.0,
                        "Total Cost": 58306.47,
                        "Plan Rows": 60509,
                        "Plan Width": 4,
                        "Actual Startup Time": 0.273,
                        "Actual Total Time": 147.704,
                        "Actual Rows": 103912,
                        "Actual Loops": 2,
                        "Filter": "((kind_id < 7) AND (production_year < 1963))",
                        "Rows Removed by Filter": 1160244
                      }
                    ]
                  }
                ]
              }
            ]
          }
        ]
      }
    ]
  },
  "Planning Time": 0.463,
  "Triggers": [],
  "Execution Time": 580.614
}