[
  {
    "Plan": {
      "Node Type": "Aggregate",
      "Strategy": "Plain",
      "Partial Mode": "Finalize",
      "Parallel Aware": false,
      "Startup Cost": 32667.53,
      "Total Cost": 32667.54,
      "Plan Rows": 1,
      "Plan Width": 8,
      "Actual Startup Time": 116.089,
      "Actual Total Time": 122.541,
      "Actual Rows": 1,
      "Actual Loops": 1,
      "Plans": [
        {
          "Node Type": "Gather",
          "Parent Relationship": "Outer",
          "Parallel Aware": false,
          "Startup Cost": 32667.21,
          "Total Cost": 32667.52,
          "Plan Rows": 3,
          "Plan Width": 8,
          "Actual Startup Time": 115.821,
          "Actual Total Time": 122.529,
          "Actual Rows": 4,
          "Actual Loops": 1,
          "Workers Planned": 3,
          "Workers Launched": 3,
          "Single Copy": false,
          "Plans": [
            {
              "Node Type": "Aggregate",
              "Strategy": "Plain",
              "Partial Mode": "Partial",
              "Parent Relationship": "Outer",
              "Parallel Aware": false,
              "Startup Cost": 31667.21,
              "Total Cost": 31667.22,
              "Plan Rows": 1,
              "Plan Width": 8,
              "Actual Startup Time": 112.391,
              "Actual Total Time": 112.392,
              "Actual Rows": 1,
              "Actual Loops": 4,
              "Plans": [
                {
                  "Node Type": "Bitmap Heap Scan",
                  "Parent Relationship": "Outer",
                  "Parallel Aware": true,
                  "Relation Name": "movie_keyword",
                  "Alias": "mk",
                  "Startup Cost": 5873.77,
                  "Total Cost": 31443.97,
                  "Plan Rows": 89296,
                  "Plan Width": 0,
                  "Actual Startup Time": 36.087,
                  "Actual Total Time": 106.446,
                  "Actual Rows": 67065,
                  "Actual Loops": 4,
                  "Recheck Cond": "(keyword_id < 230)",
                  "Rows Removed by Index Recheck": 0,
                  "Exact Heap Blocks": 6847,
                  "Lossy Heap Blocks": 0,
                  "Plans": [
                    {
                      "Node Type": "Bitmap Index Scan",
                      "Parent Relationship": "Outer",
                      "Parallel Aware": false,
                      "Index Name": "keyword_id_movie_keyword",
                      "Startup Cost": 0.0,
                      "Total Cost": 5804.57,
                      "Plan Rows": 276818,
                      "Plan Width": 0,
                      "Actual Startup Time": 31.56,
                      "Actual Total Time": 31.561,
                      "Actual Rows": 268261,
                      "Actual Loops": 1,
                      "Index Cond": "(keyword_id < 230)"
                    }
                  ]
                }
              ]
            }
          ]
        }
      ]
    },
    "Planning Time": 0.139,
    "Triggers": [],
    "Execution Time": 122.601
  }
]