[
    {
        "Bao": {
            "Bao prediction": "NaN",
            "Bao recommended hint": "(no hint)"
        }
    },
    {
        "Plan": {
            "Node Type": "Aggregate",
            "Strategy": "Plain",
            "Partial Mode": "Finalize",
            "Parallel Aware": false,
            "Startup Cost": 460409.9,
            "Total Cost": 460409.91,
            "Plan Rows": 1,
            "Plan Width": 8,
            "Actual Startup Time": 2864.222,
            "Actual Total Time": 2894.745,
            "Actual Rows": 1,
            "Actual Loops": 1,
            "Output": [
                "count(*)"
            ],
            "Plans": [
                {
                    "Node Type": "Gather",
                    "Parent Relationship": "Outer",
                    "Parallel Aware": false,
                    "Startup Cost": 460409.27,
                    "Total Cost": 460409.88,
                    "Plan Rows": 6,
                    "Plan Width": 8,
                    "Actual Startup Time": 2853.022,
                    "Actual Total Time": 2894.733,
                    "Actual Rows": 7,
                    "Actual Loops": 1,
                    "Output": [
                        "(PARTIAL count(*))"
                    ],
                    "Workers Planned": 6,
                    "Workers Launched": 6,
                    "Single Copy": false,
                    "Plans": [
                        {
                            "Node Type": "Aggregate",
                            "Strategy": "Plain",
                            "Partial Mode": "Partial",
                            "Parent Relationship": "Outer",
                            "Parallel Aware": false,
                            "Startup Cost": 459409.27,
                            "Total Cost": 459409.28,
                            "Plan Rows": 1,
                            "Plan Width": 8,
                            "Actual Startup Time": 2843.083,
                            "Actual Total Time": 2843.281,
                            "Actual Rows": 1,
                            "Actual Loops": 7,
                            "Output": [
                                "PARTIAL count(*)"
                            ],
                            "Workers": [
                                {
                                    "Worker Number": 0,
                                    "Actual Startup Time": 2840.303,
                                    "Actual Total Time": 2840.309,
                                    "Actual Rows": 1,
                                    "Actual Loops": 1
                                },
                                {
                                    "Worker Number": 1,
                                    "Actual Startup Time": 2840.819,
                                    "Actual Total Time": 2840.825,
                                    "Actual Rows": 1,
                                    "Actual Loops": 1
                                },
                                {
                                    "Worker Number": 2,
                                    "Actual Startup Time": 2841.013,
                                    "Actual Total Time": 2841.018,
                                    "Actual Rows": 1,
                                    "Actual Loops": 1
                                },
                                {
                                    "Worker Number": 3,
                                    "Actual Startup Time": 2843.437,
                                    "Actual Total Time": 2843.441,
                                    "Actual Rows": 1,
                                    "Actual Loops": 1
                                },
                                {
                                    "Worker Number": 4,
                                    "Actual Startup Time": 2841.678,
                                    "Actual Total Time": 2841.684,
                                    "Actual Rows": 1,
                                    "Actual Loops": 1
                                },
                                {
                                    "Worker Number": 5,
                                    "Actual Startup Time": 2841.964,
                                    "Actual Total Time": 2841.969,
                                    "Actual Rows": 1,
                                    "Actual Loops": 1
                                }
                            ],
                            "Plans": [
                                {
                                    "Node Type": "Hash Join",
                                    "Parent Relationship": "Outer",
                                    "Parallel Aware": true,
                                    "Join Type": "Inner",
                                    "Startup Cost": 95603.28,
                                    "Total Cost": 456845.71,
                                    "Plan Rows": 1025424,
                                    "Plan Width": 0,
                                    "Actual Startup Time": 348.371,
                                    "Actual Total Time": 2387.018,
                                    "Actual Rows": 10094240,
                                    "Actual Loops": 7,
                                    "Inner Unique": false,
                                    "Hash Cond": "(ci.movie_id = t.id)",
                                    "Workers": [
                                        {
                                            "Worker Number": 0,
                                            "Actual Startup Time": 345.898,
                                            "Actual Total Time": 2350.257,
                                            "Actual Rows": 7048896,
                                            "Actual Loops": 1
                                        },
                                        {
                                            "Worker Number": 1,
                                            "Actual Startup Time": 346.509,
                                            "Actual Total Time": 2386.613,
                                            "Actual Rows": 10538998,
                                            "Actual Loops": 1
                                        },
                                        {
                                            "Worker Number": 2,
                                            "Actual Startup Time": 346.693,
                                            "Actual Total Time": 2388.019,
                                            "Actual Rows": 10509991,
                                            "Actual Loops": 1
                                        },
                                        {
                                            "Worker Number": 3,
                                            "Actual Startup Time": 346.839,
                                            "Actual Total Time": 2388.17,
                                            "Actual Rows": 10568082,
                                            "Actual Loops": 1
                                        },
                                        {
                                            "Worker Number": 4,
                                            "Actual Startup Time": 347.232,
                                            "Actual Total Time": 2390.482,
                                            "Actual Rows": 10536902,
                                            "Actual Loops": 1
                                        },
                                        {
                                            "Worker Number": 5,
                                            "Actual Startup Time": 347.482,
                                            "Actual Total Time": 2392.255,
                                            "Actual Rows": 10507274,
                                            "Actual Loops": 1
                                        }
                                    ],
                                    "Plans": [
                                        {
                                            "Node Type": "Seq Scan",
                                            "Parent Relationship": "Outer",
                                            "Parallel Aware": true,
                                            "Relation Name": "cast_info",
                                            "Schema": "public",
                                            "Alias": "ci",
                                            "Startup Cost": 0.0,
                                            "Total Cost": 343318.94,
                                            "Plan Rows": 3897516,
                                            "Plan Width": 4,
                                            "Actual Startup Time": 0.045,
                                            "Actual Total Time": 644.035,
                                            "Actual Rows": 3447243,
                                            "Actual Loops": 7,
                                            "Output": [
                                                "ci.id",
                                                "ci.person_id",
                                                "ci.movie_id",
                                                "ci.person_role_id",
                                                "ci.note",
                                                "ci.nr_order",
                                                "ci.role_id"
                                            ],
                                            "Filter": "((ci.person_id < 3794608) AND (ci.role_id < 4))",
                                            "Rows Removed by Filter": 1730521,
                                            "Workers": [
                                                {
                                                    "Worker Number": 0,
                                                    "Actual Startup Time": 0.03,
                                                    "Actual Total Time": 661.667,
                                                    "Actual Rows": 2344884,
                                                    "Actual Loops": 1
                                                },
                                                {
                                                    "Worker Number": 1,
                                                    "Actual Startup Time": 0.073,
                                                    "Actual Total Time": 643.23,
                                                    "Actual Rows": 3590022,
                                                    "Actual Loops": 1
                                                },
                                                {
                                                    "Worker Number": 2,
                                                    "Actual Startup Time": 0.063,
                                                    "Actual Total Time": 645.207,
                                                    "Actual Rows": 3612748,
                                                    "Actual Loops": 1
                                                },
                                                {
                                                    "Worker Number": 3,
                                                    "Actual Startup Time": 0.082,
                                                    "Actual Total Time": 643.254,
                                                    "Actual Rows": 3600716,
                                                    "Actual Loops": 1
                                                },
                                                {
                                                    "Worker Number": 4,
                                                    "Actual Startup Time": 0.024,
                                                    "Actual Total Time": 654.351,
                                                    "Actual Rows": 3623951,
                                                    "Actual Loops": 1
                                                },
                                                {
                                                    "Worker Number": 5,
                                                    "Actual Startup Time": 0.03,
                                                    "Actual Total Time": 650.781,
                                                    "Actual Rows": 3586886,
                                                    "Actual Loops": 1
                                                }
                                            ]
                                        },
                                        {
                                            "Node Type": "Hash",
                                            "Parent Relationship": "Inner",
                                            "Parallel Aware": true,
                                            "Startup Cost": 92921.05,
                                            "Total Cost": 92921.05,
                                            "Plan Rows": 214578,
                                            "Plan Width": 8,
                                            "Actual Startup Time": 346.018,
                                            "Actual Total Time": 346.214,
                                            "Actual Rows": 298756,
                                            "Actual Loops": 7,
                                            "Output": [
                                                "t.id",
                                                "mk.movie_id"
                                            ],
                                            "Hash Buckets": 2097152,
                                            "Original Hash Buckets": 1048576,
                                            "Hash Batches": 1,
                                            "Original Hash Batches": 1,
                                            "Peak Memory Usage": 106528,
                                            "Workers": [
                                                {
                                                    "Worker Number": 0,
                                                    "Actual Startup Time": 344.873,
                                                    "Actual Total Time": 344.877,
                                                    "Actual Rows": 205391,
                                                    "Actual Loops": 1
                                                },
                                                {
                                                    "Worker Number": 1,
                                                    "Actual Startup Time": 345.536,
                                                    "Actual Total Time": 345.54,
                                                    "Actual Rows": 305247,
                                                    "Actual Loops": 1
                                                },
                                                {
                                                    "Worker Number": 2,
                                                    "Actual Startup Time": 345.755,
                                                    "Actual Total Time": 345.759,
                                                    "Actual Rows": 307243,
                                                    "Actual Loops": 1
                                                },
                                                {
                                                    "Worker Number": 3,
                                                    "Actual Startup Time": 345.934,
                                                    "Actual Total Time": 345.937,
                                                    "Actual Rows": 305135,
                                                    "Actual Loops": 1
                                                },
                                                {
                                                    "Worker Number": 4,
                                                    "Actual Startup Time": 346.336,
                                                    "Actual Total Time": 346.34,
                                                    "Actual Rows": 313943,
                                                    "Actual Loops": 1
                                                },
                                                {
                                                    "Worker Number": 5,
                                                    "Actual Startup Time": 346.594,
                                                    "Actual Total Time": 346.598,
                                                    "Actual Rows": 311718,
                                                    "Actual Loops": 1
                                                }
                                            ],
                                            "Plans": [
                                                {
                                                    "Node Type": "Hash Join",
                                                    "Parent Relationship": "Outer",
                                                    "Parallel Aware": true,
                                                    "Join Type": "Inner",
                                                    "Startup Cost": 46765.48,
                                                    "Total Cost": 92921.05,
                                                    "Plan Rows": 214578,
                                                    "Plan Width": 8,
                                                    "Actual Startup Time": 125.732,
                                                    "Actual Total Time": 249.96,
                                                    "Actual Rows": 298756,
                                                    "Actual Loops": 7,
                                                    "Output": [
                                                        "t.id",
                                                        "mk.movie_id"
                                                    ],
                                                    "Inner Unique": true,
                                                    "Hash Cond": "(mk.movie_id = t.id)",
                                                    "Workers": [
                                                        {
                                                            "Worker Number": 0,
                                                            "Actual Startup Time": 124.687,
                                                            "Actual Total Time": 249.715,
                                                            "Actual Rows": 205391,
                                                            "Actual Loops": 1
                                                        },
                                                        {
                                                            "Worker Number": 1,
                                                            "Actual Startup Time": 125.205,
                                                            "Actual Total Time": 248.817,
                                                            "Actual Rows": 305247,
                                                            "Actual Loops": 1
                                                        },
                                                        {
                                                            "Worker Number": 2,
                                                            "Actual Startup Time": 125.391,
                                                            "Actual Total Time": 248.893,
                                                            "Actual Rows": 307243,
                                                            "Actual Loops": 1
                                                        },
                                                        {
                                                            "Worker Number": 3,
                                                            "Actual Startup Time": 125.558,
                                                            "Actual Total Time": 250.658,
                                                            "Actual Rows": 305135,
                                                            "Actual Loops": 1
                                                        },
                                                        {
                                                            "Worker Number": 4,
                                                            "Actual Startup Time": 126.056,
                                                            "Actual Total Time": 249.778,
                                                            "Actual Rows": 313943,
                                                            "Actual Loops": 1
                                                        },
                                                        {
                                                            "Worker Number": 5,
                                                            "Actual Startup Time": 126.343,
                                                            "Actual Total Time": 251.113,
                                                            "Actual Rows": 311718,
                                                            "Actual Loops": 1
                                                        }
                                                    ],
                                                    "Plans": [
                                                        {
                                                            "Node Type": "Seq Scan",
                                                            "Parent Relationship": "Outer",
                                                            "Parallel Aware": true,
                                                            "Relation Name": "movie_keyword",
                                                            "Schema": "public",
                                                            "Alias": "mk",
                                                            "Startup Cost": 0.0,
                                                            "Total Cost": 42695.65,
                                                            "Plan Rows": 1318059,
                                                            "Plan Width": 4,
                                                            "Actual Startup Time": 0.023,
                                                            "Actual Total Time": 72.202,
                                                            "Actual Rows": 583963,
                                                            "Actual Loops": 7,
                                                            "Output": [
                                                                "mk.id",
                                                                "mk.movie_id",
                                                                "mk.keyword_id"
                                                            ],
                                                            "Filter": "(mk.keyword_id > 335)",
                                                            "Rows Removed by Filter": 62313,
                                                            "Workers": [
                                                                {
                                                                    "Worker Number": 0,
                                                                    "Actual Startup Time": 0.015,
                                                                    "Actual Total Time": 74.428,
                                                                    "Actual Rows": 398714,
                                                                    "Actual Loops": 1
                                                                },
                                                                {
                                                                    "Worker Number": 1,
                                                                    "Actual Startup Time": 0.026,
                                                                    "Actual Total Time": 72.665,
                                                                    "Actual Rows": 595896,
                                                                    "Actual Loops": 1
                                                                },
                                                                {
                                                                    "Worker Number": 2,
                                                                    "Actual Startup Time": 0.023,
                                                                    "Actual Total Time": 72.486,
                                                                    "Actual Rows": 594687,
                                                                    "Actual Loops": 1
                                                                },
                                                                {
                                                                    "Worker Number": 3,
                                                                    "Actual Startup Time": 0.037,
                                                                    "Actual Total Time": 73.237,
                                                                    "Actual Rows": 600735,
                                                                    "Actual Loops": 1
                                                                },
                                                                {
                                                                    "Worker Number": 4,
                                                                    "Actual Startup Time": 0.022,
                                                                    "Actual Total Time": 72.703,
                                                                    "Actual Rows": 618838,
                                                                    "Actual Loops": 1
                                                                },
                                                                {
                                                                    "Worker Number": 5,
                                                                    "Actual Startup Time": 0.028,
                                                                    "Actual Total Time": 73.454,
                                                                    "Actual Rows": 607202,
                                                                    "Actual Loops": 1
                                                                }
                                                            ]
                                                        },
                                                        {
                                                            "Node Type": "Hash",
                                                            "Parent Relationship": "Inner",
                                                            "Parallel Aware": true,
                                                            "Startup Cost": 45479.21,
                                                            "Total Cost": 45479.21,
                                                            "Plan Rows": 102902,
                                                            "Plan Width": 4,
                                                            "Actual Startup Time": 102.275,
                                                            "Actual Total Time": 102.277,
                                                            "Actual Rows": 65164,
                                                            "Actual Loops": 7,
                                                            "Output": [
                                                                "t.id"
                                                            ],
                                                            "Hash Buckets": 524288,
                                                            "Original Hash Buckets": 524288,
                                                            "Hash Batches": 1,
                                                            "Original Hash Batches": 1,
                                                            "Peak Memory Usage": 22048,
                                                            "Workers": [
                                                                {
                                                                    "Worker Number": 0,
                                                                    "Actual Startup Time": 101.665,
                                                                    "Actual Total Time": 101.667,
                                                                    "Actual Rows": 46321,
                                                                    "Actual Loops": 1
                                                                },
                                                                {
                                                                    "Worker Number": 1,
                                                                    "Actual Startup Time": 102.364,
                                                                    "Actual Total Time": 102.366,
                                                                    "Actual Rows": 63345,
                                                                    "Actual Loops": 1
                                                                },
                                                                {
                                                                    "Worker Number": 2,
                                                                    "Actual Startup Time": 102.409,
                                                                    "Actual Total Time": 102.41,
                                                                    "Actual Rows": 64300,
                                                                    "Actual Loops": 1
                                                                },
                                                                {
                                                                    "Worker Number": 3,
                                                                    "Actual Startup Time": 102.727,
                                                                    "Actual Total Time": 102.728,
                                                                    "Actual Rows": 62824,
                                                                    "Actual Loops": 1
                                                                },
                                                                {
                                                                    "Worker Number": 4,
                                                                    "Actual Startup Time": 103.033,
                                                                    "Actual Total Time": 103.034,
                                                                    "Actual Rows": 68143,
                                                                    "Actual Loops": 1
                                                                },
                                                                {
                                                                    "Worker Number": 5,
                                                                    "Actual Startup Time": 103.272,
                                                                    "Actual Total Time": 103.274,
                                                                    "Actual Rows": 65881,
                                                                    "Actual Loops": 1
                                                                }
                                                            ],
                                                            "Plans": [
                                                                {
                                                                    "Node Type": "Seq Scan",
                                                                    "Parent Relationship": "Outer",
                                                                    "Parallel Aware": true,
                                                                    "Relation Name": "title",
                                                                    "Schema": "public",
                                                                    "Alias": "t",
                                                                    "Startup Cost": 0.0,
                                                                    "Total Cost": 45479.21,
                                                                    "Plan Rows": 102902,
                                                                    "Plan Width": 4,
                                                                    "Actual Startup Time": 47.242,
                                                                    "Actual Total Time": 75.011,
                                                                    "Actual Rows": 65164,
                                                                    "Actual Loops": 7,
                                                                    "Output": [
                                                                        "t.id"
                                                                    ],
                                                                    "Filter": "((t.production_year < 2007) AND (t.kind_id = 1))",
                                                                    "Rows Removed by Filter": 296024,
                                                                    "Workers": [
                                                                        {
                                                                            "Worker Number": 0,
                                                                            "Actual Startup Time": 47.121,
                                                                            "Actual Total Time": 76.36,
                                                                            "Actual Rows": 46321,
                                                                            "Actual Loops": 1
                                                                        },
                                                                        {
                                                                            "Worker Number": 1,
                                                                            "Actual Startup Time": 47.033,
                                                                            "Actual Total Time": 74.803,
                                                                            "Actual Rows": 63345,
                                                                            "Actual Loops": 1
                                                                        },
                                                                        {
                                                                            "Worker Number": 2,
                                                                            "Actual Startup Time": 47.463,
                                                                            "Actual Total Time": 75.181,
                                                                            "Actual Rows": 64300,
                                                                            "Actual Loops": 1
                                                                        },
                                                                        {
                                                                            "Worker Number": 3,
                                                                            "Actual Startup Time": 47.249,
                                                                            "Actual Total Time": 75.211,
                                                                            "Actual Rows": 62824,
                                                                            "Actual Loops": 1
                                                                        },
                                                                        {
                                                                            "Worker Number": 4,
                                                                            "Actual Startup Time": 47.299,
                                                                            "Actual Total Time": 75.659,
                                                                            "Actual Rows": 68143,
                                                                            "Actual Loops": 1
                                                                        },
                                                                        {
                                                                            "Worker Number": 5,
                                                                            "Actual Startup Time": 47.272,
                                                                            "Actual Total Time": 75.22,
                                                                            "Actual Rows": 65881,
                                                                            "Actual Loops": 1
                                                                        }
                                                                    ]
                                                                }
                                                            ]
                                                        }
                                                    ]
                                                }
                                            ]
                                        }
                                    ]
                                }
                            ]
                        }
                    ]
                }
            ]
        },
        "Planning Time": 187.283,
        "Triggers": [],
        "Execution Time": 2894.897
    }
]