[
  {
    "Plan": {
      "Node Type": "Aggregate",
      "Strategy": "Plain",
      "Partial Mode": "Finalize",
      "Parallel Aware": false,
      "Startup Cost": 35825.58,
      "Total Cost": 35825.59,
      "Plan Rows": 1,
      "Plan Width": 8,
      "Actual Startup Time": 61.931,
      "Actual Total Time": 70.656,
      "Actual Rows": 1,
      "Actual Loops": 1,
      "Plans": [
        {
          "Node Type": "Gather",
          "Parent Relationship": "Outer",
          "Parallel Aware": false,
          "Startup Cost": 35825.27,
          "Total Cost": 35825.58,
          "Plan Rows": 3,
          "Plan Width": 8,
          "Actual Startup Time": 61.694,
          "Actual Total Time": 70.649,
          "Actual Rows": 4,
          "Actual Loops": 1,
          "Workers Planned": 3,
          "Workers Launched": 3,
          "Single Copy": false,
          "Plans": [
            {
              "Node Type": "Aggregate",
              "Strategy": "Plain",
              "Partial Mode": "Partial",
              "Parent Relationship": "Outer",
              "Parallel Aware": false,
              "Startup Cost": 34825.27,
              "Total Cost": 34825.28,
              "Plan Rows": 1,
              "Plan Width": 8,
              "Actual Startup Time": 52.249,
              "Actual Total Time": 52.251,
              "Actual Rows": 1,
              "Actual Loops": 4,
              "Plans": [
                {
                  "Node Type": "Nested Loop",
                  "Parent Relationship": "Outer",
                  "Parallel Aware": false,
                  "Join Type": "Inner",
                  "Startup Cost": 310.02,
                  "Total Cost": 34824.6,
                  "Plan Rows": 265,
                  "Plan Width": 0,
                  "Actual Startup Time": 19.9,
                  "Actual Total Time": 51.826,
                  "Actual Rows": 4706,
                  "Actual Loops": 4,
                  "Inner Unique": false,
                  "Plans": [
                    {
                      "Node Type": "Nested Loop",
                      "Parent Relationship": "Outer",
                      "Parallel Aware": false,
                      "Join Type": "Inner",
                      "Startup Cost": 309.59,
                      "Total Cost": 34526.5,
                      "Plan Rows": 485,
                      "Plan Width": 8,
                      "Actual Startup Time": 19.749,
                      "Actual Total Time": 40.172,
                      "Actual Rows": 1581,
                      "Actual Loops": 4,
                      "Inner Unique": true,
                      "Plans": [
                        {
                          "Node Type": "Bitmap Heap Scan",
                          "Parent Relationship": "Outer",
                          "Parallel Aware": true,
                          "Relation Name": "movie_companies",
                          "Alias": "mc",
                          "Startup Cost": 309.16,
                          "Total Cost": 18726.34,
                          "Plan Rows": 2265,
                          "Plan Width": 4,
                          "Actual Startup Time": 2.363,
                          "Actual Total Time": 9.233,
                          "Actual Rows": 3197,
                          "Actual Loops": 4,
                          "Recheck Cond": "(company_id = 34)",
                          "Rows Removed by Index Recheck": 0,
                          "Filter": "(company_type_id < 2)",
                          "Rows Removed by Filter": 27,
                          "Exact Heap Blocks": 2164,
                          "Lossy Heap Blocks": 0,
                          "Plans": [
                            {
                              "Node Type": "Bitmap Index Scan",
                              "Parent Relationship": "Outer",
                              "Parallel Aware": false,
                              "Index Name": "company_id_movie_companies",
                              "Startup Cost": 0.0,
                              "Total Cost": 307.4,
                              "Plan Rows": 14263,
                              "Plan Width": 0,
                              "Actual Startup Time": 6.87,
                              "Actual Total Time": 6.87,
                              "Actual Rows": 12894,
                              "Actual Loops": 1,
                              "Index Cond": "(company_id = 34)"
                            }
                          ]
                        },
                        {
                          "Node Type": "Index Scan",
                          "Parent Relationship": "Inner",
                          "Parallel Aware": false,
                          "Scan Direction": "Forward",
                          "Index Name": "title_pkey",
                          "Relation Name": "title",
                          "Alias": "t",
                          "Startup Cost": 0.43,
                          "Total Cost": 6.98,
                          "Plan Rows": 1,
                          "Plan Width": 4,
                          "Actual Startup Time": 0.009,
                          "Actual Total Time": 0.009,
                          "Actual Rows": 0,
                          "Actual Loops": 12787,
                          "Index Cond": "(id = mc.movie_id)",
                          "Rows Removed by Index Recheck": 0,
                          "Filter": "((production_year < 2011) AND (kind_id = 1))",
                          "Rows Removed by Filter": 1
                        }
                      ]
                    },
                    {
                      "Node Type": "Index Only Scan",
                      "Parent Relationship": "Inner",
                      "Parallel Aware": false,
                      "Scan Direction": "Forward",
                      "Index Name": "movie_id_movie_info_idx",
                      "Relation Name": "movie_info_idx",
                      "Alias": "mi_idx",
                      "Startup Cost": 0.43,
                      "Total Cost": 0.58,
                      "Plan Rows": 3,
                      "Plan Width": 4,
                      "Actual Startup Time": 0.006,
                      "Actual Total Time": 0.007,
                      "Actual Rows": 3,
                      "Actual Loops": 6323,
                      "Index Cond": "(movie_id = t.id)",
                      "Rows Removed by Index Recheck": 0,
                      "Heap Fetches": 18822
                    }
                  ]
                }
              ]
            }
          ]
        }
      ]
    },
    "Planning Time": 1.492,
    "Triggers": [],
    "Execution Time": 70.756
  }
]