[
  {
    "Plan": {
      "Node Type": "Aggregate",
      "Strategy": "Plain",
      "Partial Mode": "Finalize",
      "Parallel Aware": false,
      "Startup Cost": 394949.05,
      "Total Cost": 394949.06,
      "Plan Rows": 1,
      "Plan Width": 8,
      "Actual Startup Time": 1726.386,
      "Actual Total Time": 1843.604,
      "Actual Rows": 1,
      "Actual Loops": 1,
      "Plans": [
        {
          "Node Type": "Gather",
          "Parent Relationship": "Outer",
          "Parallel Aware": false,
          "Startup Cost": 394948.74,
          "Total Cost": 394949.05,
          "Plan Rows": 3,
          "Plan Width": 8,
          "Actual Startup Time": 1719.277,
          "Actual Total Time": 1843.592,
          "Actual Rows": 4,
          "Actual Loops": 1,
          "Workers Planned": 3,
          "Workers Launched": 3,
          "Single Copy": false,
          "Plans": [
            {
              "Node Type": "Aggregate",
              "Strategy": "Plain",
              "Partial Mode": "Partial",
              "Parent Relationship": "Outer",
              "Parallel Aware": false,
              "Startup Cost": 393948.74,
              "Total Cost": 393948.75,
              "Plan Rows": 1,
              "Plan Width": 8,
              "Actual Startup Time": 1710.049,
              "Actual Total Time": 1710.054,
              "Actual Rows": 1,
              "Actual Loops": 4,
              "Plans": [
                {
                  "Node Type": "Nested Loop",
                  "Parent Relationship": "Outer",
                  "Parallel Aware": false,
                  "Join Type": "Inner",
                  "Startup Cost": 63584.21,
                  "Total Cost": 389954.06,
                  "Plan Rows": 1597869,
                  "Plan Width": 0,
                  "Actual Startup Time": 351.493,
                  "Actual Total Time": 1634.916,
                  "Actual Rows": 1131025,
                  "Actual Loops": 4,
                  "Inner Unique": false,
                  "Plans": [
                    {
                      "Node Type": "Hash Join",
                      "Parent Relationship": "Outer",
                      "Parallel Aware": true,
                      "Join Type": "Inner",
                      "Startup Cost": 63583.64,
                      "Total Cost": 91246.55,
                      "Plan Rows": 111445,
                      "Plan Width": 8,
                      "Actual Startup Time": 351.274,
                      "Actual Total Time": 459.104,
                      "Actual Rows": 43060,
                      "Actual Loops": 4,
                      "Inner Unique": true,
                      "Hash Cond": "(mk.movie_id = t.id)",
                      "Plans": [
                        {
                          "Node Type": "Bitmap Heap Scan",
                          "Parent Relationship": "Outer",
                          "Parallel Aware": true,
                          "Relation Name": "movie_keyword",
                          "Alias": "mk",
                          "Startup Cost": 13953.55,
                          "Total Cost": 41059.53,
                          "Plan Rows": 212159,
                          "Plan Width": 4,
                          "Actual Startup Time": 64.778,
                          "Actual Total Time": 120.091,
                          "Actual Rows": 165519,
                          "Actual Loops": 4,
                          "Recheck Cond": "(keyword_id > 28392)",
                          "Rows Removed by Index Recheck": 0,
                          "Exact Heap Blocks": 6446,
                          "Lossy Heap Blocks": 0,
                          "Plans": [
                            {
                              "Node Type": "Bitmap Index Scan",
                              "Parent Relationship": "Outer",
                              "Parallel Aware": false,
                              "Index Name": "keyword_id_movie_keyword",
                              "Startup Cost": 0.0,
                              "Total Cost": 13789.12,
                              "Plan Rows": 657692,
                              "Plan Width": 0,
                              "Actual Startup Time": 59.164,
                              "Actual Total Time": 59.165,
                              "Actual Rows": 662076,
                              "Actual Loops": 1,
                              "Index Cond": "(keyword_id > 28392)"
                            }
                          ]
                        },
                        {
                          "Node Type": "Hash",
                          "Parent Relationship": "Inner",
                          "Parallel Aware": true,
                          "Startup Cost": 45479.59,
                          "Total Cost": 45479.59,
                          "Plan Rows": 332041,
                          "Plan Width": 4,
                          "Actual Startup Time": 280.402,
                          "Actual Total Time": 280.403,
                          "Actual Rows": 324532,
                          "Actual Loops": 4,
                          "Hash Buckets": 2097152,
                          "Original Hash Buckets": 2097152,
                          "Hash Batches": 1,
                          "Original Hash Batches": 1,
                          "Peak Memory Usage": 67232,
                          "Plans": [
                            {
                              "Node Type": "Seq Scan",
                              "Parent Relationship": "Outer",
                              "Parallel Aware": true,
                              "Relation Name": "title",
                              "Alias": "t",
                              "Startup Cost": 0.0,
                              "Total Cost": 45479.59,
                              "Plan Rows": 332041,
                              "Plan Width": 4,
                              "Actual Startup Time": 0.035,
                              "Actual Total Time": 134.029,
                              "Actual Rows": 324532,
                              "Actual Loops": 4,
                              "Filter": "((kind_id > 1) AND (production_year < 2009))",
                              "Rows Removed by Filter": 307546
                            }
                          ]
                        }
                      ]
                    },
                    {
                      "Node Type": "Index Only Scan",
                      "Parent Relationship": "Inner",
                      "Parallel Aware": false,
                      "Scan Direction": "Forward",
                      "Index Name": "movie_id_cast_info",
                      "Relation Name": "cast_info",
                      "Alias": "ci",
                      "Startup Cost": 0.56,
                      "Total Cost": 2.33,
                      "Plan Rows": 35,
                      "Plan Width": 4,
                      "Actual Startup Time": 0.005,
                      "Actual Total Time": 0.024,
                      "Actual Rows": 26,
                      "Actual Loops": 172238,
                      "Index Cond": "(movie_id = t.id)",
                      "Rows Removed by Index Recheck": 0,
                      "Heap Fetches": 4524099
                    }
                  ]
                }
              ]
            }
          ]
        }
      ]
    },
    "Planning Time": 0.634,
    "Triggers": [],
    "Execution Time": 1843.69
  }
]