[
  {
    "Plan": {
      "Node Type": "Aggregate",
      "Strategy": "Plain",
      "Partial Mode": "Finalize",
      "Parallel Aware": false,
      "Startup Cost": 345239.87,
      "Total Cost": 345239.88,
      "Plan Rows": 1,
      "Plan Width": 8,
      "Actual Startup Time": 669.186,
      "Actual Total Time": 711.933,
      "Actual Rows": 1,
      "Actual Loops": 1,
      "Plans": [
        {
          "Node Type": "Gather",
          "Parent Relationship": "Outer",
          "Parallel Aware": false,
          "Startup Cost": 345239.24,
          "Total Cost": 345239.85,
          "Plan Rows": 6,
          "Plan Width": 8,
          "Actual Startup Time": 668.949,
          "Actual Total Time": 711.918,
          "Actual Rows": 7,
          "Actual Loops": 1,
          "Workers Planned": 6,
          "Workers Launched": 6,
          "Single Copy": false,
          "Plans": [
            {
              "Node Type": "Aggregate",
              "Strategy": "Plain",
              "Partial Mode": "Partial",
              "Parent Relationship": "Outer",
              "Parallel Aware": false,
              "Startup Cost": 344239.24,
              "Total Cost": 344239.26,
              "Plan Rows": 1,
              "Plan Width": 8,
              "Actual Startup Time": 660.535,
              "Actual Total Time": 660.537,
              "Actual Rows": 1,
              "Actual Loops": 7,
              "Plans": [
                {
                  "Node Type": "Seq Scan",
                  "Parent Relationship": "Outer",
                  "Parallel Aware": true,
                  "Relation Name": "cast_info",
                  "Alias": "ci",
                  "Startup Cost": 0.0,
                  "Total Cost": 343316.27,
                  "Plan Rows": 369190,
                  "Plan Width": 0,
                  "Actual Startup Time": 443.671,
                  "Actual Total Time": 626.109,
                  "Actual Rows": 711860,
                  "Actual Loops": 7,
                  "Filter": "((person_id > 3172056) AND (role_id > 2))",
                  "Rows Removed by Filter": 4465904
                }
              ]
            }
          ]
        }
      ]
    },
    "Planning Time": 0.232,
    "Triggers": [],
    "Execution Time": 712.005
  }
]