[
  {
    "Plan": {
      "Node Type": "Aggregate",
      "Strategy": "Plain",
      "Partial Mode": "Finalize",
      "Parallel Aware": false,
      "Startup Cost": 92403.61,
      "Total Cost": 92403.62,
      "Plan Rows": 1,
      "Plan Width": 8,
      "Actual Startup Time": 258.123,
      "Actual Total Time": 288.286,
      "Actual Rows": 1,
      "Actual Loops": 1,
      "Plans": [
        {
          "Node Type": "Gather",
          "Parent Relationship": "Outer",
          "Parallel Aware": false,
          "Startup Cost": 92403.29,
          "Total Cost": 92403.6,
          "Plan Rows": 3,
          "Plan Width": 8,
          "Actual Startup Time": 257.571,
          "Actual Total Time": 288.275,
          "Actual Rows": 4,
          "Actual Loops": 1,
          "Workers Planned": 3,
          "Workers Launched": 3,
          "Single Copy": false,
          "Plans": [
            {
              "Node Type": "Aggregate",
              "Strategy": "Plain",
              "Partial Mode": "Partial",
              "Parent Relationship": "Outer",
              "Parallel Aware": false,
              "Startup Cost": 91403.29,
              "Total Cost": 91403.3,
              "Plan Rows": 1,
              "Plan Width": 8,
              "Actual Startup Time": 248.366,
              "Actual Total Time": 248.372,
              "Actual Rows": 1,
              "Actual Loops": 4,
              "Plans": [
                {
                  "Node Type": "Nested Loop",
                  "Parent Relationship": "Outer",
                  "Parallel Aware": false,
                  "Join Type": "Inner",
                  "Startup Cost": 45606.91,
                  "Total Cost": 91330.42,
                  "Plan Rows": 29147,
                  "Plan Width": 0,
                  "Actual Startup Time": 97.669,
                  "Actual Total Time": 246.488,
                  "Actual Rows": 34900,
                  "Actual Loops": 4,
                  "Inner Unique": false,
                  "Join Filter": "(t.id = mi.movie_id)",
                  "Rows Removed by Join Filter": 0,
                  "Plans": [
                    {
                      "Node Type": "Hash Join",
                      "Parent Relationship": "Outer",
                      "Parallel Aware": true,
                      "Join Type": "Inner",
                      "Startup Cost": 45606.47,
                      "Total Cost": 75997.38,
                      "Plan Rows": 6608,
                      "Plan Width": 8,
                      "Actual Startup Time": 97.598,
                      "Actual Total Time": 187.267,
                      "Actual Rows": 3097,
                      "Actual Loops": 4,
                      "Inner Unique": true,
                      "Hash Cond": "(mc.movie_id = t.id)",
                      "Plans": [
                        {
                          "Node Type": "Seq Scan",
                          "Parent Relationship": "Outer",
                          "Parallel Aware": true,
                          "Relation Name": "movie_companies",
                          "Alias": "mc",
                          "Startup Cost": 0.0,
                          "Total Cost": 29310.68,
                          "Plan Rows": 411513,
                          "Plan Width": 4,
                          "Actual Startup Time": 0.026,
                          "Actual Total Time": 62.008,
                          "Actual Rows": 318562,
                          "Actual Loops": 4,
                          "Filter": "(company_type_id < 2)",
                          "Rows Removed by Filter": 333721
                        },
                        {
                          "Node Type": "Hash",
                          "Parent Relationship": "Inner",
                          "Parallel Aware": true,
                          "Startup Cost": 45479.59,
                          "Total Cost": 45479.59,
                          "Plan Rows": 10151,
                          "Plan Width": 4,
                          "Actual Startup Time": 97.003,
                          "Actual Total Time": 97.004,
                          "Actual Rows": 11228,
                          "Actual Loops": 4,
                          "Hash Buckets": 65536,
                          "Original Hash Buckets": 65536,
                          "Hash Batches": 1,
                          "Original Hash Batches": 1,
                          "Peak Memory Usage": 2336,
                          "Plans": [
                            {
                              "Node Type": "Seq Scan",
                              "Parent Relationship": "Outer",
                              "Parallel Aware": true,
                              "Relation Name": "title",
                              "Alias": "t",
                              "Startup Cost": 0.0,
                              "Total Cost": 45479.59,
                              "Plan Rows": 10151,
                              "Plan Width": 4,
                              "Actual Startup Time": 0.044,
                              "Actual Total Time": 92.129,
                              "Actual Rows": 11228,
                              "Actual Loops": 4,
                              "Filter": "((kind_id > 1) AND (production_year = 2000))",
                              "Rows Removed by Filter": 620850
                            }
                          ]
                        }
                      ]
                    },
                    {
                      "Node Type": "Index Scan",
                      "Parent Relationship": "Inner",
                      "Parallel Aware": false,
                      "Scan Direction": "Forward",
                      "Index Name": "movie_id_movie_info",
                      "Relation Name": "movie_info",
                      "Alias": "mi",
                      "Startup Cost": 0.43,
                      "Total Cost": 1.93,
                      "Plan Rows": 31,
                      "Plan Width": 4,
                      "Actual Startup Time": 0.006,
                      "Actual Total Time": 0.018,
                      "Actual Rows": 11,
                      "Actual Loops": 12389,
                      "Index Cond": "(movie_id = mc.movie_id)",
                      "Rows Removed by Index Recheck": 0,
                      "Filter": "(info_type_id > 3)",
                      "Rows Removed by Filter": 3
                    }
                  ]
                }
              ]
            }
          ]
        }
      ]
    },
    "Planning Time": 0.468,
    "Triggers": [],
    "Execution Time": 288.337
  }
]