[
  {
    "Plan": {
      "Node Type": "Aggregate",
      "Strategy": "Plain",
      "Partial Mode": "Finalize",
      "Parallel Aware": false,
      "Startup Cost": 337134.12,
      "Total Cost": 337134.13,
      "Plan Rows": 1,
      "Plan Width": 8,
      "Actual Startup Time": 433.91,
      "Actual Total Time": 455.147,
      "Actual Rows": 1,
      "Actual Loops": 1,
      "Plans": [
        {
          "Node Type": "Gather",
          "Parent Relationship": "Outer",
          "Parallel Aware": false,
          "Startup Cost": 337133.49,
          "Total Cost": 337134.1,
          "Plan Rows": 6,
          "Plan Width": 8,
          "Actual Startup Time": 433.792,
          "Actual Total Time": 455.137,
          "Actual Rows": 7,
          "Actual Loops": 1,
          "Workers Planned": 6,
          "Workers Launched": 6,
          "Single Copy": false,
          "Plans": [
            {
              "Node Type": "Aggregate",
              "Strategy": "Plain",
              "Partial Mode": "Partial",
              "Parent Relationship": "Outer",
              "Parallel Aware": false,
              "Startup Cost": 336133.49,
              "Total Cost": 336133.5,
              "Plan Rows": 1,
              "Plan Width": 8,
              "Actual Startup Time": 423.035,
              "Actual Total Time": 423.036,
              "Actual Rows": 1,
              "Actual Loops": 7,
              "Plans": [
                {
                  "Node Type": "Index Scan",
                  "Parent Relationship": "Outer",
                  "Parallel Aware": true,
                  "Scan Direction": "Forward",
                  "Index Name": "role_id_cast_info",
                  "Relation Name": "cast_info",
                  "Alias": "ci",
                  "Startup Cost": 0.56,
                  "Total Cost": 331632.96,
                  "Plan Rows": 1800213,
                  "Plan Width": 0,
                  "Actual Startup Time": 0.175,
                  "Actual Total Time": 369.661,
                  "Actual Rows": 1112074,
                  "Actual Loops": 7,
                  "Index Cond": "(role_id > 3)",
                  "Rows Removed by Index Recheck": 0,
                  "Filter": "(person_id < 3269323)",
                  "Rows Removed by Filter": 618447
                }
              ]
            }
          ]
        }
      ]
    },
    "Planning Time": 0.198,
    "Triggers": [],
    "Execution Time": 455.208
  }
]