[
  {
    "Plan": {
      "Node Type": "Aggregate",
      "Strategy": "Plain",
      "Partial Mode": "Finalize",
      "Parallel Aware": false,
      "Startup Cost": 316927.09,
      "Total Cost": 316927.1,
      "Plan Rows": 1,
      "Plan Width": 8,
      "Actual Startup Time": 204.525,
      "Actual Total Time": 239.709,
      "Actual Rows": 1,
      "Actual Loops": 1,
      "Plans": [
        {
          "Node Type": "Gather",
          "Parent Relationship": "Outer",
          "Parallel Aware": false,
          "Startup Cost": 316926.67,
          "Total Cost": 316927.08,
          "Plan Rows": 4,
          "Plan Width": 8,
          "Actual Startup Time": 204.377,
          "Actual Total Time": 239.7,
          "Actual Rows": 5,
          "Actual Loops": 1,
          "Workers Planned": 4,
          "Workers Launched": 4,
          "Single Copy": false,
          "Plans": [
            {
              "Node Type": "Aggregate",
              "Strategy": "Plain",
              "Partial Mode": "Partial",
              "Parent Relationship": "Outer",
              "Parallel Aware": false,
              "Startup Cost": 315926.67,
              "Total Cost": 315926.68,
              "Plan Rows": 1,
              "Plan Width": 8,
              "Actual Startup Time": 195.88,
              "Actual Total Time": 195.881,
              "Actual Rows": 1,
              "Actual Loops": 5,
              "Plans": [
                {
                  "Node Type": "Nested Loop",
                  "Parent Relationship": "Outer",
                  "Parallel Aware": false,
                  "Join Type": "Inner",
                  "Startup Cost": 0.56,
                  "Total Cost": 315867.27,
                  "Plan Rows": 23763,
                  "Plan Width": 0,
                  "Actual Startup Time": 0.958,
                  "Actual Total Time": 194.74,
                  "Actual Rows": 13311,
                  "Actual Loops": 5,
                  "Inner Unique": false,
                  "Plans": [
                    {
                      "Node Type": "Seq Scan",
                      "Parent Relationship": "Outer",
                      "Parallel Aware": true,
                      "Relation Name": "title",
                      "Alias": "t",
                      "Startup Cost": 0.0,
                      "Total Cost": 43898.92,
                      "Plan Rows": 3666,
                      "Plan Width": 4,
                      "Actual Startup Time": 0.092,
                      "Actual Total Time": 63.407,
                      "Actual Rows": 2920,
                      "Actual Loops": 5,
                      "Filter": "(production_year = 1967)",
                      "Rows Removed by Filter": 502742
                    },
                    {
                      "Node Type": "Index Scan",
                      "Parent Relationship": "Inner",
                      "Parallel Aware": false,
                      "Scan Direction": "Forward",
                      "Index Name": "movie_id_cast_info",
                      "Relation Name": "cast_info",
                      "Alias": "ci",
                      "Startup Cost": 0.56,
                      "Total Cost": 74.02,
                      "Plan Rows": 17,
                      "Plan Width": 4,
                      "Actual Startup Time": 0.033,
                      "Actual Total Time": 0.044,
                      "Actual Rows": 5,
                      "Actual Loops": 14601,
                      "Index Cond": "(movie_id = t.id)",
                      "Rows Removed by Index Recheck": 0,
                      "Filter": "(role_id > 2)",
                      "Rows Removed by Filter": 8
                    }
                  ]
                }
              ]
            }
          ]
        }
      ]
    },
    "Planning Time": 0.633,
    "Triggers": [],
    "Execution Time": 239.796
  }
]