[
  {
    "Plan": {
      "Node Type": "Aggregate",
      "Strategy": "Plain",
      "Partial Mode": "Finalize",
      "Parallel Aware": false,
      "Startup Cost": 347968.43,
      "Total Cost": 347968.44,
      "Plan Rows": 1,
      "Plan Width": 8,
      "Actual Startup Time": 862.114,
      "Actual Total Time": 913.42,
      "Actual Rows": 1,
      "Actual Loops": 1,
      "Plans": [
        {
          "Node Type": "Gather",
          "Parent Relationship": "Outer",
          "Parallel Aware": false,
          "Startup Cost": 347967.8,
          "Total Cost": 347968.41,
          "Plan Rows": 6,
          "Plan Width": 8,
          "Actual Startup Time": 861.906,
          "Actual Total Time": 913.404,
          "Actual Rows": 7,
          "Actual Loops": 1,
          "Workers Planned": 6,
          "Workers Launched": 6,
          "Single Copy": false,
          "Plans": [
            {
              "Node Type": "Aggregate",
              "Strategy": "Plain",
              "Partial Mode": "Partial",
              "Parent Relationship": "Outer",
              "Parallel Aware": false,
              "Startup Cost": 346967.8,
              "Total Cost": 346967.81,
              "Plan Rows": 1,
              "Plan Width": 8,
              "Actual Startup Time": 851.724,
              "Actual Total Time": 851.726,
              "Actual Rows": 1,
              "Actual Loops": 7,
              "Plans": [
                {
                  "Node Type": "Seq Scan",
                  "Parent Relationship": "Outer",
                  "Parallel Aware": true,
                  "Relation Name": "cast_info",
                  "Alias": "ci",
                  "Startup Cost": 0.0,
                  "Total Cost": 343316.27,
                  "Plan Rows": 1460613,
                  "Plan Width": 0,
                  "Actual Startup Time": 318.555,
                  "Actual Total Time": 744.499,
                  "Actual Rows": 1894746,
                  "Actual Loops": 7,
                  "Filter": "((person_id > 2347011) AND (role_id > 1))",
                  "Rows Removed by Filter": 3283018
                }
              ]
            }
          ]
        }
      ]
    },
    "Planning Time": 0.21,
    "Triggers": [],
    "Execution Time": 913.495
  }
]