[
  {
    "Plan": {
      "Node Type": "Aggregate",
      "Strategy": "Plain",
      "Partial Mode": "Finalize",
      "Parallel Aware": false,
      "Startup Cost": 347890.39,
      "Total Cost": 347890.4,
      "Plan Rows": 1,
      "Plan Width": 8,
      "Actual Startup Time": 721.896,
      "Actual Total Time": 779.619,
      "Actual Rows": 1,
      "Actual Loops": 1,
      "Plans": [
        {
          "Node Type": "Gather",
          "Parent Relationship": "Outer",
          "Parallel Aware": false,
          "Startup Cost": 347889.76,
          "Total Cost": 347890.37,
          "Plan Rows": 6,
          "Plan Width": 8,
          "Actual Startup Time": 721.748,
          "Actual Total Time": 779.608,
          "Actual Rows": 7,
          "Actual Loops": 1,
          "Workers Planned": 6,
          "Workers Launched": 6,
          "Single Copy": false,
          "Plans": [
            {
              "Node Type": "Aggregate",
              "Strategy": "Plain",
              "Partial Mode": "Partial",
              "Parent Relationship": "Outer",
              "Parallel Aware": false,
              "Startup Cost": 346889.76,
              "Total Cost": 346889.77,
              "Plan Rows": 1,
              "Plan Width": 8,
              "Actual Startup Time": 714.813,
              "Actual Total Time": 714.814,
              "Actual Rows": 1,
              "Actual Loops": 7,
              "Plans": [
                {
                  "Node Type": "Seq Scan",
                  "Parent Relationship": "Outer",
                  "Parallel Aware": true,
                  "Relation Name": "cast_info",
                  "Alias": "ci",
                  "Startup Cost": 0.0,
                  "Total Cost": 343257.03,
                  "Plan Rows": 1453093,
                  "Plan Width": 0,
                  "Actual Startup Time": 282.709,
                  "Actual Total Time": 636.705,
                  "Actual Rows": 1894746,
                  "Actual Loops": 7,
                  "Filter": "((person_id > 2347011) AND (role_id > 1))",
                  "Rows Removed by Filter": 3283018
                }
              ]
            }
          ]
        }
      ]
    },
    "Planning Time": 0.186,
    "Triggers": [],
    "Execution Time": 779.685
  }
]