[
  {
    "Plan": {
      "Node Type": "Aggregate",
      "Strategy": "Plain",
      "Partial Mode": "Finalize",
      "Parallel Aware": false,
      "Startup Cost": 89619.8,
      "Total Cost": 89619.81,
      "Plan Rows": 1,
      "Plan Width": 8,
      "Actual Startup Time": 355.268,
      "Actual Total Time": 375.587,
      "Actual Rows": 1,
      "Actual Loops": 1,
      "Plans": [
        {
          "Node Type": "Gather",
          "Parent Relationship": "Outer",
          "Parallel Aware": false,
          "Startup Cost": 89619.48,
          "Total Cost": 89619.79,
          "Plan Rows": 3,
          "Plan Width": 8,
          "Actual Startup Time": 354.42,
          "Actual Total Time": 375.577,
          "Actual Rows": 4,
          "Actual Loops": 1,
          "Workers Planned": 3,
          "Workers Launched": 3,
          "Single Copy": false,
          "Plans": [
            {
              "Node Type": "Aggregate",
              "Strategy": "Plain",
              "Partial Mode": "Partial",
              "Parent Relationship": "Outer",
              "Parallel Aware": false,
              "Startup Cost": 88619.48,
              "Total Cost": 88619.49,
              "Plan Rows": 1,
              "Plan Width": 8,
              "Actual Startup Time": 348.228,
              "Actual Total Time": 348.231,
              "Actual Rows": 1,
              "Actual Loops": 4,
              "Plans": [
                {
                  "Node Type": "Hash Join",
                  "Parent Relationship": "Outer",
                  "Parallel Aware": true,
                  "Join Type": "Inner",
                  "Startup Cost": 45658.7,
                  "Total Cost": 88536.78,
                  "Plan Rows": 33081,
                  "Plan Width": 0,
                  "Actual Startup Time": 127.2,
                  "Actual Total Time": 341.844,
                  "Actual Rows": 124351,
                  "Actual Loops": 4,
                  "Inner Unique": true,
                  "Hash Cond": "(mk.movie_id = t.id)",
                  "Plans": [
                    {
                      "Node Type": "Seq Scan",
                      "Parent Relationship": "Outer",
                      "Parallel Aware": true,
                      "Relation Name": "movie_keyword",
                      "Alias": "mk",
                      "Startup Cost": 0.0,
                      "Total Cost": 39047.32,
                      "Plan Rows": 1459332,
                      "Plan Width": 4,
                      "Actual Startup Time": 0.036,
                      "Actual Total Time": 101.513,
                      "Actual Rows": 1130982,
                      "Actual Loops": 4
                    },
                    {
                      "Node Type": "Hash",
                      "Parent Relationship": "Inner",
                      "Parallel Aware": true,
                      "Startup Cost": 45479.59,
                      "Total Cost": 45479.59,
                      "Plan Rows": 14329,
                      "Plan Width": 4,
                      "Actual Startup Time": 125.134,
                      "Actual Total Time": 125.135,
                      "Actual Rows": 39890,
                      "Actual Loops": 4,
                      "Hash Buckets": 262144,
                      "Original Hash Buckets": 65536,
                      "Hash Batches": 1,
                      "Original Hash Batches": 1,
                      "Peak Memory Usage": 9888,
                      "Plans": [
                        {
                          "Node Type": "Seq Scan",
                          "Parent Relationship": "Outer",
                          "Parallel Aware": true,
                          "Relation Name": "title",
                          "Alias": "t",
                          "Startup Cost": 0.0,
                          "Total Cost": 45479.59,
                          "Plan Rows": 14329,
                          "Plan Width": 4,
                          "Actual Startup Time": 1.05,
                          "Actual Total Time": 105.722,
                          "Actual Rows": 39890,
                          "Actual Loops": 4,
                          "Filter": "((kind_id < 7) AND (production_year < 1949))",
                          "Rows Removed by Filter": 592188
                        }
                      ]
                    }
                  ]
                }
              ]
            }
          ]
        }
      ]
    },
    "Planning Time": 0.581,
    "Triggers": [],
    "Execution Time": 375.657
  }
]