[
  {
    "Plan": {
      "Node Type": "Aggregate",
      "Strategy": "Plain",
      "Partial Mode": "Finalize",
      "Parallel Aware": false,
      "Startup Cost": 104724.71,
      "Total Cost": 104724.72,
      "Plan Rows": 1,
      "Plan Width": 8,
      "Actual Startup Time": 709.044,
      "Actual Total Time": 729.556,
      "Actual Rows": 1,
      "Actual Loops": 1,
      "Plans": [
        {
          "Node Type": "Gather",
          "Parent Relationship": "Outer",
          "Parallel Aware": false,
          "Startup Cost": 104724.5,
          "Total Cost": 104724.71,
          "Plan Rows": 2,
          "Plan Width": 8,
          "Actual Startup Time": 703.686,
          "Actual Total Time": 729.545,
          "Actual Rows": 3,
          "Actual Loops": 1,
          "Workers Planned": 2,
          "Workers Launched": 2,
          "Single Copy": false,
          "Plans": [
            {
              "Node Type": "Aggregate",
              "Strategy": "Plain",
              "Partial Mode": "Partial",
              "Parent Relationship": "Outer",
              "Parallel Aware": false,
              "Startup Cost": 103724.5,
              "Total Cost": 103724.51,
              "Plan Rows": 1,
              "Plan Width": 8,
              "Actual Startup Time": 695.867,
              "Actual Total Time": 696.325,
              "Actual Rows": 1,
              "Actual Loops": 3,
              "Plans": [
                {
                  "Node Type": "Hash Join",
                  "Parent Relationship": "Outer",
                  "Parallel Aware": true,
                  "Join Type": "Inner",
                  "Startup Cost": 87586.5,
                  "Total Cost": 103595.02,
                  "Plan Rows": 51793,
                  "Plan Width": 0,
                  "Actual Startup Time": 532.126,
                  "Actual Total Time": 674.244,
                  "Actual Rows": 407309,
                  "Actual Loops": 3,
                  "Inner Unique": false,
                  "Hash Cond": "(mi_idx.movie_id = t.id)",
                  "Plans": [
                    {
                      "Node Type": "Seq Scan",
                      "Parent Relationship": "Outer",
                      "Parallel Aware": true,
                      "Relation Name": "movie_info_idx",
                      "Alias": "mi_idx",
                      "Startup Cost": 0.0,
                      "Total Cost": 13685.15,
                      "Plan Rows": 575015,
                      "Plan Width": 4,
                      "Actual Startup Time": 0.017,
                      "Actual Total Time": 46.626,
                      "Actual Rows": 460012,
                      "Actual Loops": 3
                    },
                    {
                      "Node Type": "Hash",
                      "Parent Relationship": "Inner",
                      "Parallel Aware": true,
                      "Startup Cost": 86668.18,
                      "Total Cost": 86668.18,
                      "Plan Rows": 73465,
                      "Plan Width": 8,
                      "Actual Startup Time": 521.141,
                      "Actual Total Time": 521.597,
                      "Actual Rows": 168449,
                      "Actual Loops": 3,
                      "Hash Buckets": 524288,
                      "Original Hash Buckets": 262144,
                      "Hash Batches": 1,
                      "Original Hash Batches": 1,
                      "Peak Memory Usage": 25952,
                      "Plans": [
                        {
                          "Node Type": "Hash Join",
                          "Parent Relationship": "Outer",
                          "Parallel Aware": true,
                          "Join Type": "Inner",
                          "Startup Cost": 59366.28,
                          "Total Cost": 86668.18,
                          "Plan Rows": 73465,
                          "Plan Width": 8,
                          "Actual Startup Time": 318.879,
                          "Actual Total Time": 465.914,
                          "Actual Rows": 168449,
                          "Actual Loops": 3,
                          "Inner Unique": true,
                          "Hash Cond": "(mk.movie_id = t.id)",
                          "Plans": [
                            {
                              "Node Type": "Bitmap Heap Scan",
                              "Parent Relationship": "Outer",
                              "Parallel Aware": true,
                              "Relation Name": "movie_keyword",
                              "Alias": "mk",
                              "Startup Cost": 12384.13,
                              "Total Cost": 39191.77,
                              "Plan Rows": 188291,
                              "Plan Width": 4,
                              "Actual Startup Time": 60.609,
                              "Actual Total Time": 138.092,
                              "Actual Rows": 194655,
                              "Actual Loops": 3,
                              "Recheck Cond": "(keyword_id > 31420)",
                              "Rows Removed by Index Recheck": 0,
                              "Exact Heap Blocks": 7271,
                              "Lossy Heap Blocks": 0,
                              "Plans": [
                                {
                                  "Node Type": "Bitmap Index Scan",
                                  "Parent Relationship": "Outer",
                                  "Parallel Aware": false,
                                  "Index Name": "keyword_id_movie_keyword",
                                  "Startup Cost": 0.0,
                                  "Total Cost": 12238.2,
                                  "Plan Rows": 583703,
                                  "Plan Width": 0,
                                  "Actual Startup Time": 55.061,
                                  "Actual Total Time": 55.062,
                                  "Actual Rows": 583964,
                                  "Actual Loops": 1,
                                  "Index Cond": "(keyword_id > 31420)"
                                }
                              ]
                            },
                            {
                              "Node Type": "Hash",
                              "Parent Relationship": "Inner",
                              "Parallel Aware": true,
                              "Startup Cost": 43899.32,
                              "Total Cost": 43899.32,
                              "Plan Rows": 246626,
                              "Plan Width": 4,
                              "Actual Startup Time": 255.041,
                              "Actual Total Time": 255.042,
                              "Actual Rows": 328349,
                              "Actual Loops": 3,
                              "Hash Buckets": 1048576,
                              "Original Hash Buckets": 1048576,
                              "Hash Batches": 1,
                              "Original Hash Batches": 1,
                              "Peak Memory Usage": 46752,
                              "Plans": [
                                {
                                  "Node Type": "Seq Scan",
                                  "Parent Relationship": "Outer",
                                  "Parallel Aware": true,
                                  "Relation Name": "title",
                                  "Alias": "t",
                                  "Startup Cost": 0.0,
                                  "Total Cost": 43899.32,
                                  "Plan Rows": 246626,
                                  "Plan Width": 4,
                                  "Actual Startup Time": 0.039,
                                  "Actual Total Time": 140.141,
                                  "Actual Rows": 328349,
                                  "Actual Loops": 3,
                                  "Filter": "(kind_id < 7)",
                                  "Rows Removed by Filter": 514421
                                }
                              ]
                            }
                          ]
                        }
                      ]
                    }
                  ]
                }
              ]
            }
          ]
        }
      ]
    },
    "Planning Time": 0.602,
    "Triggers": [],
    "Execution Time": 729.632
  }
]