[
  {
    "Plan": {
      "Node Type": "Aggregate",
      "Strategy": "Plain",
      "Partial Mode": "Finalize",
      "Parallel Aware": false,
      "Startup Cost": 45824.2,
      "Total Cost": 45824.21,
      "Plan Rows": 1,
      "Plan Width": 8,
      "Actual Startup Time": 149.754,
      "Actual Total Time": 156.865,
      "Actual Rows": 1,
      "Actual Loops": 1,
      "Plans": [
        {
          "Node Type": "Gather",
          "Parent Relationship": "Outer",
          "Parallel Aware": false,
          "Startup Cost": 45823.89,
          "Total Cost": 45824.2,
          "Plan Rows": 3,
          "Plan Width": 8,
          "Actual Startup Time": 149.645,
          "Actual Total Time": 156.859,
          "Actual Rows": 4,
          "Actual Loops": 1,
          "Workers Planned": 3,
          "Workers Launched": 3,
          "Single Copy": false,
          "Plans": [
            {
              "Node Type": "Aggregate",
              "Strategy": "Plain",
              "Partial Mode": "Partial",
              "Parent Relationship": "Outer",
              "Parallel Aware": false,
              "Startup Cost": 44823.89,
              "Total Cost": 44823.9,
              "Plan Rows": 1,
              "Plan Width": 8,
              "Actual Startup Time": 144.637,
              "Actual Total Time": 144.638,
              "Actual Rows": 1,
              "Actual Loops": 4,
              "Plans": [
                {
                  "Node Type": "Seq Scan",
                  "Parent Relationship": "Outer",
                  "Parallel Aware": true,
                  "Relation Name": "movie_keyword",
                  "Alias": "mk",
                  "Startup Cost": 0.0,
                  "Total Cost": 42695.65,
                  "Plan Rows": 851293,
                  "Plan Width": 0,
                  "Actual Startup Time": 0.028,
                  "Actual Total Time": 114.12,
                  "Actual Rows": 663086,
                  "Actual Loops": 4,
                  "Filter": "(keyword_id < 7351)",
                  "Rows Removed by Filter": 467897
                }
              ]
            }
          ]
        }
      ]
    },
    "Planning Time": 0.087,
    "Triggers": [],
    "Execution Time": 156.892
  }
]