{
  "Plan": {
    "Node Type": "Aggregate",
    "Strategy": "Plain",
    "Partial Mode": "Finalize",
    "Parallel Aware": false,
    "Startup Cost": 185294.04,
    "Total Cost": 185294.05,
    "Plan Rows": 1,
    "Plan Width": 8,
    "Actual Startup Time": 857.28,
    "Actual Total Time": 877.021,
    "Actual Rows": 1,
    "Actual Loops": 1,
    "Plans": [
      {
        "Node Type": "Gather",
        "Parent Relationship": "Outer",
        "Parallel Aware": false,
        "Startup Cost": 185293.93,
        "Total Cost": 185294.04,
        "Plan Rows": 1,
        "Plan Width": 8,
        "Actual Startup Time": 855.647,
        "Actual Total Time": 877.013,
        "Actual Rows": 2,
        "Actual Loops": 1,
        "Workers Planned": 1,
        "Workers Launched": 1,
        "Single Copy": false,
        "Plans": [
          {
            "Node Type": "Aggregate",
            "Strategy": "Plain",
            "Partial Mode": "Partial",
            "Parent Relationship": "Outer",
            "Parallel Aware": false,
            "Startup Cost": 184293.93,
            "Total Cost": 184293.94,
            "Plan Rows": 1,
            "Plan Width": 8,
            "Actual Startup Time": 849.702,
            "Actual Total Time": 849.704,
            "Actual Rows": 1,
            "Actual Loops": 2,
            "Plans": [
              {
                "Node Type": "Merge Join",
                "Parent Relationship": "Outer",
                "Parallel Aware": false,
                "Join Type": "Inner",
                "Startup Cost": 75759.55,
                "Total Cost": 184035.97,
                "Plan Rows": 103183,
                "Plan Width": 0,
                "Actual Startup Time": 190.45,
                "Actual Total Time": 845.674,
                "Actual Rows": 84252,
                "Actual Loops": 2,
                "Inner Unique": false,
                "Merge Cond": "(t.id = ci.movie_id)",
                "Plans": [
                  {
                    "Node Type": "Index Scan",
                    "Parent Relationship": "Outer",
                    "Parallel Aware": true,
                    "Scan Direction": "Forward",
                    "Index Name": "title_pkey",
                    "Relation Name": "title",
                    "Alias": "t",
                    "Startup Cost": 0.43,
                    "Total Cost": 103647.43,
                    "Plan Rows": 583193,
                    "Plan Width": 4,
                    "Actual Startup Time": 0.32,
                    "Actual Total Time": 574.657,
                    "Actual Rows": 491841,
                    "Actual Loops": 2,
                    "Filter": "(kind_id < 7)",
                    "Rows Removed by Filter": 771137
                  },
                  {
                    "Node Type": "Sort",
                    "Parent Relationship": "Inner",
                    "Parallel Aware": false,
                    "Startup Cost": 75759.07,
                    "Total Cost": 76877.38,
                    "Plan Rows": 447324,
                    "Plan Width": 4,
                    "Actual Startup Time": 189.782,
                    "Actual Total Time": 221.269,
                    "Actual Rows": 240266,
                    "Actual Loops": 2,
                    "Sort Key": [
                      "ci.movie_id"
                    ],
                    "Sort Method": "quicksort",
                    "Sort Space Used": 17407,
                    "Sort Space Type": "Memory",
                    "Workers": [
                      {
                        "Worker Number": 0,
                        "Sort Method": "quicksort",
                        "Sort Space Used": 17407,
                        "Sort Space Type": "Memory"
                      }
                    ],
                    "Plans": [
                      {
                        "Node Type": "Index Scan",
                        "Parent Relationship": "Outer",
                        "Parallel Aware": false,
                        "Scan Direction": "Forward",
                        "Index Name": "role_id_cast_info",
                        "Relation Name": "cast_info",
                        "Alias": "ci",
                        "Startup Cost": 0.56,
                        "Total Cost": 33775.57,
                        "Plan Rows": 447324,
                        "Plan Width": 4,
                        "Actual Startup Time": 0.184,
                        "Actual Total Time": 128.225,
                        "Actual Rows": 240266,
                        "Actual Loops": 2,
                        "Index Cond": "(role_id = 5)",
                        "Rows Removed by Index Recheck": 0,
                        "Filter": "(person_id < 1777647)",
                        "Rows Removed by Filter": 658123
                      }
                    ]
                  }
                ]
              }
            ]
          }
        ]
      }
    ]
  },
  "Planning Time": 0.692,
  "Triggers": [],
  "Execution Time": 877.101
}