{
  "Plan": {
    "Node Type": "Aggregate",
    "Strategy": "Plain",
    "Partial Mode": "Finalize",
    "Parallel Aware": false,
    "Startup Cost": 84642.61,
    "Total Cost": 84642.62,
    "Plan Rows": 1,
    "Plan Width": 8,
    "Actual Startup Time": 346.023,
    "Actual Total Time": 358.248,
    "Actual Rows": 1,
    "Actual Loops": 1,
    "Plans": [
      {
        "Node Type": "Gather",
        "Parent Relationship": "Outer",
        "Parallel Aware": false,
        "Startup Cost": 84642.49,
        "Total Cost": 84642.6,
        "Plan Rows": 1,
        "Plan Width": 8,
        "Actual Startup Time": 345.479,
        "Actual Total Time": 358.239,
        "Actual Rows": 2,
        "Actual Loops": 1,
        "Workers Planned": 1,
        "Workers Launched": 1,
        "Single Copy": false,
        "Plans": [
          {
            "Node Type": "Aggregate",
            "Strategy": "Plain",
            "Partial Mode": "Partial",
            "Parent Relationship": "Outer",
            "Parallel Aware": false,
            "Startup Cost": 83642.49,
            "Total Cost": 83642.5,
            "Plan Rows": 1,
            "Plan Width": 8,
            "Actual Startup Time": 339.449,
            "Actual Total Time": 339.453,
            "Actual Rows": 1,
            "Actual Loops": 2,
            "Plans": [
              {
                "Node Type": "Hash Join",
                "Parent Relationship": "Outer",
                "Parallel Aware": true,
                "Join Type": "Inner",
                "Startup Cost": 23156.69,
                "Total Cost": 83546.97,
                "Plan Rows": 38211,
                "Plan Width": 0,
                "Actual Startup Time": 235.939,
                "Actual Total Time": 336.785,
                "Actual Rows": 61812,
                "Actual Loops": 2,
                "Inner Unique": false,
                "Hash Cond": "(t.id = mc.movie_id)",
                "Plans": [
                  {
                    "Node Type": "Seq Scan",
                    "Parent Relationship": "Outer",
                    "Parallel Aware": true,
                    "Relation Name": "title",
                    "Alias": "t",
                    "Startup Cost": 0.0,
                    "Total Cost": 50870.31,
                    "Plan Rows": 1487231,
                    "Plan Width": 4,
                    "Actual Startup Time": 0.011,
                    "Actual Total Time": 115.509,
                    "Actual Rows": 1264156,
                    "Actual Loops": 2
                  },
                  {
                    "Node Type": "Hash",
                    "Parent Relationship": "Inner",
                    "Parallel Aware": true,
                    "Startup Cost": 22679.05,
                    "Total Cost": 22679.05,
                    "Plan Rows": 38211,
                    "Plan Width": 4,
                    "Actual Startup Time": 58.689,
                    "Actual Total Time": 58.691,
                    "Actual Rows": 61812,
                    "Actual Loops": 2,
                    "Hash Buckets": 131072,
                    "Original Hash Buckets": 65536,
                    "Hash Batches": 1,
                    "Original Hash Batches": 1,
                    "Peak Memory Usage": 6400,
                    "Plans": [
                      {
                        "Node Type": "Bitmap Heap Scan",
                        "Parent Relationship": "Outer",
                        "Parallel Aware": true,
                        "Relation Name": "movie_companies",
                        "Alias": "mc",
                        "Startup Cost": 2760.2,
                        "Total Cost": 22679.05,
                        "Plan Rows": 38211,
                        "Plan Width": 4,
                        "Actual Startup Time": 16.559,
                        "Actual Total Time": 41.981,
                        "Actual Rows": 61812,
                        "Actual Loops": 2,
                        "Recheck Cond": "(company_id > 144475)",
                        "Rows Removed by Index Recheck": 0,
                        "Filter": "(company_type_id = 2)",
                        "Rows Removed by Filter": 0,
                        "Exact Heap Blocks": 2645,
                        "Lossy Heap Blocks": 0,
                        "Plans": [
                          {
                            "Node Type": "Bitmap Index Scan",
                            "Parent Relationship": "Outer",
                            "Parallel Aware": false,
                            "Index Name": "company_id_movie_companies",
                            "Startup Cost": 0.0,
                            "Total Cost": 2743.96,
                            "Plan Rows": 127937,
                            "Plan Width": 0,
                            "Actual Startup Time": 19.771,
                            "Actual Total Time": 19.771,
                            "Actual Rows": 123625,
                            "Actual Loops": 1,
                            "Index Cond": "(company_id > 144475)"
                          }
                        ]
                      }
                    ]
                  }
                ]
              }
            ]
          }
        ]
      }
    ]
  },
  "Planning Time": 0.505,
  "Triggers": [],
  "Execution Time": 358.344
}