[
  {
    "Plan": {
      "Node Type": "Aggregate",
      "Strategy": "Plain",
      "Partial Mode": "Finalize",
      "Parallel Aware": false,
      "Startup Cost": 82234.9,
      "Total Cost": 82234.91,
      "Plan Rows": 1,
      "Plan Width": 8,
      "Actual Startup Time": 280.763,
      "Actual Total Time": 295.729,
      "Actual Rows": 1,
      "Actual Loops": 1,
      "Plans": [
        {
          "Node Type": "Gather",
          "Parent Relationship": "Outer",
          "Parallel Aware": false,
          "Startup Cost": 82234.48,
          "Total Cost": 82234.89,
          "Plan Rows": 4,
          "Plan Width": 8,
          "Actual Startup Time": 276.891,
          "Actual Total Time": 295.722,
          "Actual Rows": 5,
          "Actual Loops": 1,
          "Workers Planned": 4,
          "Workers Launched": 4,
          "Single Copy": false,
          "Plans": [
            {
              "Node Type": "Aggregate",
              "Strategy": "Plain",
              "Partial Mode": "Partial",
              "Parent Relationship": "Outer",
              "Parallel Aware": false,
              "Startup Cost": 81234.48,
              "Total Cost": 81234.49,
              "Plan Rows": 1,
              "Plan Width": 8,
              "Actual Startup Time": 267.052,
              "Actual Total Time": 267.055,
              "Actual Rows": 1,
              "Actual Loops": 5,
              "Plans": [
                {
                  "Node Type": "Hash Join",
                  "Parent Relationship": "Outer",
                  "Parallel Aware": true,
                  "Join Type": "Inner",
                  "Startup Cost": 33819.13,
                  "Total Cost": 80908.0,
                  "Plan Rows": 130592,
                  "Plan Width": 0,
                  "Actual Startup Time": 194.816,
                  "Actual Total Time": 264.822,
                  "Actual Rows": 49024,
                  "Actual Loops": 5,
                  "Inner Unique": false,
                  "Hash Cond": "(t.id = mc.movie_id)",
                  "Plans": [
                    {
                      "Node Type": "Seq Scan",
                      "Parent Relationship": "Outer",
                      "Parallel Aware": true,
                      "Relation Name": "title",
                      "Alias": "t",
                      "Startup Cost": 0.0,
                      "Total Cost": 43898.92,
                      "Plan Rows": 553736,
                      "Plan Width": 4,
                      "Actual Startup Time": 0.015,
                      "Actual Total Time": 82.73,
                      "Actual Rows": 440739,
                      "Actual Loops": 5,
                      "Filter": "(production_year > 1960)",
                      "Rows Removed by Filter": 64923
                    },
                    {
                      "Node Type": "Hash",
                      "Parent Relationship": "Inner",
                      "Parallel Aware": true,
                      "Startup Cost": 31414.82,
                      "Total Cost": 31414.82,
                      "Plan Rows": 192345,
                      "Plan Width": 4,
                      "Actual Startup Time": 98.312,
                      "Actual Total Time": 98.313,
                      "Actual Rows": 65863,
                      "Actual Loops": 5,
                      "Hash Buckets": 1048576,
                      "Original Hash Buckets": 1048576,
                      "Hash Batches": 1,
                      "Original Hash Batches": 1,
                      "Peak Memory Usage": 21152,
                      "Plans": [
                        {
                          "Node Type": "Seq Scan",
                          "Parent Relationship": "Outer",
                          "Parallel Aware": true,
                          "Relation Name": "movie_companies",
                          "Alias": "mc",
                          "Startup Cost": 0.0,
                          "Total Cost": 31414.82,
                          "Plan Rows": 192345,
                          "Plan Width": 4,
                          "Actual Startup Time": 20.595,
                          "Actual Total Time": 71.474,
                          "Actual Rows": 65863,
                          "Actual Loops": 5,
                          "Filter": "((company_id > 12117) AND (company_type_id = 1))",
                          "Rows Removed by Filter": 455963
                        }
                      ]
                    }
                  ]
                }
              ]
            }
          ]
        }
      ]
    },
    "Planning Time": 0.721,
    "Triggers": [],
    "Execution Time": 295.804
  }
]