[
    {
        "Bao": {
            "Bao prediction": "NaN",
            "Bao recommended hint": "(no hint)"
        }
    },
    {
        "Plan": {
            "Node Type": "Aggregate",
            "Strategy": "Plain",
            "Partial Mode": "Finalize",
            "Parallel Aware": false,
            "Startup Cost": 343544.43,
            "Total Cost": 343544.44,
            "Plan Rows": 1,
            "Plan Width": 8,
            "Actual Startup Time": 830.979,
            "Actual Total Time": 859.468,
            "Actual Rows": 1,
            "Actual Loops": 1,
            "Output": [
                "count(*)"
            ],
            "Plans": [
                {
                    "Node Type": "Gather",
                    "Parent Relationship": "Outer",
                    "Parallel Aware": false,
                    "Startup Cost": 343543.81,
                    "Total Cost": 343544.42,
                    "Plan Rows": 6,
                    "Plan Width": 8,
                    "Actual Startup Time": 830.849,
                    "Actual Total Time": 859.461,
                    "Actual Rows": 7,
                    "Actual Loops": 1,
                    "Output": [
                        "(PARTIAL count(*))"
                    ],
                    "Workers Planned": 6,
                    "Workers Launched": 6,
                    "Single Copy": false,
                    "Plans": [
                        {
                            "Node Type": "Aggregate",
                            "Strategy": "Plain",
                            "Partial Mode": "Partial",
                            "Parent Relationship": "Outer",
                            "Parallel Aware": false,
                            "Startup Cost": 342543.81,
                            "Total Cost": 342543.82,
                            "Plan Rows": 1,
                            "Plan Width": 8,
                            "Actual Startup Time": 820.863,
                            "Actual Total Time": 820.864,
                            "Actual Rows": 1,
                            "Actual Loops": 7,
                            "Output": [
                                "PARTIAL count(*)"
                            ],
                            "Workers": [
                                {
                                    "Worker Number": 0,
                                    "Actual Startup Time": 818.762,
                                    "Actual Total Time": 818.763,
                                    "Actual Rows": 1,
                                    "Actual Loops": 1
                                },
                                {
                                    "Worker Number": 1,
                                    "Actual Startup Time": 818.966,
                                    "Actual Total Time": 818.967,
                                    "Actual Rows": 1,
                                    "Actual Loops": 1
                                },
                                {
                                    "Worker Number": 2,
                                    "Actual Startup Time": 818.976,
                                    "Actual Total Time": 818.977,
                                    "Actual Rows": 1,
                                    "Actual Loops": 1
                                },
                                {
                                    "Worker Number": 3,
                                    "Actual Startup Time": 819.675,
                                    "Actual Total Time": 819.677,
                                    "Actual Rows": 1,
                                    "Actual Loops": 1
                                },
                                {
                                    "Worker Number": 4,
                                    "Actual Startup Time": 819.687,
                                    "Actual Total Time": 819.688,
                                    "Actual Rows": 1,
                                    "Actual Loops": 1
                                },
                                {
                                    "Worker Number": 5,
                                    "Actual Startup Time": 819.955,
                                    "Actual Total Time": 819.957,
                                    "Actual Rows": 1,
                                    "Actual Loops": 1
                                }
                            ],
                            "Plans": [
                                {
                                    "Node Type": "Seq Scan",
                                    "Parent Relationship": "Outer",
                                    "Parallel Aware": true,
                                    "Relation Name": "cast_info",
                                    "Schema": "public",
                                    "Alias": "ci",
                                    "Startup Cost": 0.0,
                                    "Total Cost": 328213.62,
                                    "Plan Rows": 5732076,
                                    "Plan Width": 0,
                                    "Actual Startup Time": 35.303,
                                    "Actual Total Time": 608.93,
                                    "Actual Rows": 4907913,
                                    "Actual Loops": 7,
                                    "Output": [
                                        "id",
                                        "person_id",
                                        "movie_id",
                                        "person_role_id",
                                        "note",
                                        "nr_order",
                                        "role_id"
                                    ],
                                    "Filter": "(ci.person_id > 185684)",
                                    "Rows Removed by Filter": 269850,
                                    "Workers": [
                                        {
                                            "Worker Number": 0,
                                            "Actual Startup Time": 33.211,
                                            "Actual Total Time": 603.966,
                                            "Actual Rows": 3265277,
                                            "Actual Loops": 1
                                        },
                                        {
                                            "Worker Number": 1,
                                            "Actual Startup Time": 33.418,
                                            "Actual Total Time": 613.46,
                                            "Actual Rows": 5055761,
                                            "Actual Loops": 1
                                        },
                                        {
                                            "Worker Number": 2,
                                            "Actual Startup Time": 33.419,
                                            "Actual Total Time": 614.52,
                                            "Actual Rows": 4935183,
                                            "Actual Loops": 1
                                        },
                                        {
                                            "Worker Number": 3,
                                            "Actual Startup Time": 34.117,
                                            "Actual Total Time": 613.389,
                                            "Actual Rows": 4887889,
                                            "Actual Loops": 1
                                        },
                                        {
                                            "Worker Number": 4,
                                            "Actual Startup Time": 34.128,
                                            "Actual Total Time": 613.701,
                                            "Actual Rows": 4873140,
                                            "Actual Loops": 1
                                        },
                                        {
                                            "Worker Number": 5,
                                            "Actual Startup Time": 34.385,
                                            "Actual Total Time": 613.51,
                                            "Actual Rows": 4894077,
                                            "Actual Loops": 1
                                        }
                                    ]
                                }
                            ]
                        }
                    ]
                }
            ]
        },
        "Planning Time": 221.446,
        "Triggers": [],
        "Execution Time": 859.559
    }
]