{
  "Plan": {
    "Node Type": "Aggregate",
    "Strategy": "Plain",
    "Partial Mode": "Finalize",
    "Parallel Aware": false,
    "Startup Cost": 238864.05,
    "Total Cost": 238864.06,
    "Plan Rows": 1,
    "Plan Width": 8,
    "Actual Startup Time": 364.244,
    "Actual Total Time": 374.572,
    "Actual Rows": 1,
    "Actual Loops": 1,
    "Plans": [
      {
        "Node Type": "Gather",
        "Parent Relationship": "Outer",
        "Parallel Aware": false,
        "Startup Cost": 238863.94,
        "Total Cost": 238864.05,
        "Plan Rows": 1,
        "Plan Width": 8,
        "Actual Startup Time": 362.692,
        "Actual Total Time": 374.564,
        "Actual Rows": 2,
        "Actual Loops": 1,
        "Workers Planned": 1,
        "Workers Launched": 1,
        "Single Copy": false,
        "Plans": [
          {
            "Node Type": "Aggregate",
            "Strategy": "Plain",
            "Partial Mode": "Partial",
            "Parent Relationship": "Outer",
            "Parallel Aware": false,
            "Startup Cost": 237863.94,
            "Total Cost": 237863.95,
            "Plan Rows": 1,
            "Plan Width": 8,
            "Actual Startup Time": 356.771,
            "Actual Total Time": 356.776,
            "Actual Rows": 1,
            "Actual Loops": 2,
            "Plans": [
              {
                "Node Type": "Hash Join",
                "Parent Relationship": "Outer",
                "Parallel Aware": true,
                "Join Type": "Inner",
                "Startup Cost": 71690.39,
                "Total Cost": 237677.56,
                "Plan Rows": 74552,
                "Plan Width": 0,
                "Actual Startup Time": 274.409,
                "Actual Total Time": 348.578,
                "Actual Rows": 194078,
                "Actual Loops": 2,
                "Inner Unique": true,
                "Hash Cond": "(mi.movie_id = t.id)",
                "Plans": [
                  {
                    "Node Type": "Bitmap Heap Scan",
                    "Parent Relationship": "Outer",
                    "Parallel Aware": true,
                    "Relation Name": "movie_info",
                    "Alias": "mi",
                    "Startup Cost": 8135.65,
                    "Total Cost": 173429.61,
                    "Plan Rows": 264077,
                    "Plan Width": 4,
                    "Actual Startup Time": 13.598,
                    "Actual Total Time": 39.311,
                    "Actual Rows": 214326,
                    "Actual Loops": 2,
                    "Recheck Cond": "(info_type_id > 104)",
                    "Rows Removed by Index Recheck": 0,
                    "Exact Heap Blocks": 3042,
                    "Lossy Heap Blocks": 0,
                    "Plans": [
                      {
                        "Node Type": "Bitmap Index Scan",
                        "Parent Relationship": "Outer",
                        "Parallel Aware": false,
                        "Index Name": "info_type_id_movie_info",
                        "Startup Cost": 0.0,
                        "Total Cost": 8023.42,
                        "Plan Rows": 448931,
                        "Plan Width": 0,
                        "Actual Startup Time": 12.805,
                        "Actual Total Time": 12.806,
                        "Actual Rows": 428651,
                        "Actual Loops": 1,
                        "Index Cond": "(info_type_id > 104)"
                      }
                    ]
                  },
                  {
                    "Node Type": "Hash",
                    "Parent Relationship": "Inner",
                    "Parallel Aware": true,
                    "Startup Cost": 58306.47,
                    "Total Cost": 58306.47,
                    "Plan Rows": 419862,
                    "Plan Width": 4,
                    "Actual Startup Time": 250.093,
                    "Actual Total Time": 250.094,
                    "Actual Rows": 306078,
                    "Actual Loops": 2,
                    "Hash Buckets": 1048576,
                    "Original Hash Buckets": 1048576,
                    "Hash Batches": 1,
                    "Original Hash Batches": 1,
                    "Peak Memory Usage": 32160,
                    "Plans": [
                      {
                        "Node Type": "Seq Scan",
                        "Parent Relationship": "Outer",
                        "Parallel Aware": true,
                        "Relation Name": "title",
                        "Alias": "t",
                        "Startup Cost": 0.0,
                        "Total Cost": 58306.47,
                        "Plan Rows": 419862,
                        "Plan Width": 4,
                        "Actual Startup Time": 0.034,
                        "Actual Total Time": 156.887,
                        "Actual Rows": 306078,
                        "Actual Loops": 2,
                        "Filter": "((kind_id < 7) AND (production_year > 1987))",
                        "Rows Removed by Filter": 958078
                      }
                    ]
                  }
                ]
              }
            ]
          }
        ]
      }
    ]
  },
  "Planning Time": 0.644,
  "Triggers": [],
  "Execution Time": 374.663
}