[
  {
    "Plan": {
      "Node Type": "Aggregate",
      "Strategy": "Plain",
      "Partial Mode": "Finalize",
      "Parallel Aware": false,
      "Startup Cost": 47273.06,
      "Total Cost": 47273.07,
      "Plan Rows": 1,
      "Plan Width": 8,
      "Actual Startup Time": 186.755,
      "Actual Total Time": 197.131,
      "Actual Rows": 1,
      "Actual Loops": 1,
      "Plans": [
        {
          "Node Type": "Gather",
          "Parent Relationship": "Outer",
          "Parallel Aware": false,
          "Startup Cost": 47272.74,
          "Total Cost": 47273.05,
          "Plan Rows": 3,
          "Plan Width": 8,
          "Actual Startup Time": 186.648,
          "Actual Total Time": 197.122,
          "Actual Rows": 4,
          "Actual Loops": 1,
          "Workers Planned": 3,
          "Workers Launched": 3,
          "Single Copy": false,
          "Plans": [
            {
              "Node Type": "Aggregate",
              "Strategy": "Plain",
              "Partial Mode": "Partial",
              "Parent Relationship": "Outer",
              "Parallel Aware": false,
              "Startup Cost": 46272.74,
              "Total Cost": 46272.75,
              "Plan Rows": 1,
              "Plan Width": 8,
              "Actual Startup Time": 178.18,
              "Actual Total Time": 178.182,
              "Actual Rows": 1,
              "Actual Loops": 4,
              "Plans": [
                {
                  "Node Type": "Seq Scan",
                  "Parent Relationship": "Outer",
                  "Parallel Aware": true,
                  "Relation Name": "movie_keyword",
                  "Alias": "mk",
                  "Startup Cost": 0.0,
                  "Total Cost": 42695.65,
                  "Plan Rows": 1430834,
                  "Plan Width": 0,
                  "Actual Startup Time": 0.06,
                  "Actual Total Time": 127.919,
                  "Actual Rows": 1109395,
                  "Actual Loops": 4,
                  "Filter": "(keyword_id < 85959)",
                  "Rows Removed by Filter": 21588
                }
              ]
            }
          ]
        }
      ]
    },
    "Planning Time": 0.161,
    "Triggers": [],
    "Execution Time": 197.19
  }
]