[
  {
    "Plan": {
      "Node Type": "Aggregate",
      "Strategy": "Plain",
      "Partial Mode": "Finalize",
      "Parallel Aware": false,
      "Startup Cost": 31742.55,
      "Total Cost": 31742.56,
      "Plan Rows": 1,
      "Plan Width": 8,
      "Actual Startup Time": 120.366,
      "Actual Total Time": 126.104,
      "Actual Rows": 1,
      "Actual Loops": 1,
      "Plans": [
        {
          "Node Type": "Gather",
          "Parent Relationship": "Outer",
          "Parallel Aware": false,
          "Startup Cost": 31742.23,
          "Total Cost": 31742.54,
          "Plan Rows": 3,
          "Plan Width": 8,
          "Actual Startup Time": 120.199,
          "Actual Total Time": 126.092,
          "Actual Rows": 4,
          "Actual Loops": 1,
          "Workers Planned": 3,
          "Workers Launched": 3,
          "Single Copy": false,
          "Plans": [
            {
              "Node Type": "Aggregate",
              "Strategy": "Plain",
              "Partial Mode": "Partial",
              "Parent Relationship": "Outer",
              "Parallel Aware": false,
              "Startup Cost": 30742.23,
              "Total Cost": 30742.24,
              "Plan Rows": 1,
              "Plan Width": 8,
              "Actual Startup Time": 111.752,
              "Actual Total Time": 111.754,
              "Actual Rows": 1,
              "Actual Loops": 4,
              "Plans": [
                {
                  "Node Type": "Seq Scan",
                  "Parent Relationship": "Outer",
                  "Parallel Aware": true,
                  "Relation Name": "movie_companies",
                  "Alias": "mc",
                  "Startup Cost": 0.0,
                  "Total Cost": 29310.68,
                  "Plan Rows": 572621,
                  "Plan Width": 0,
                  "Actual Startup Time": 0.059,
                  "Actual Total Time": 85.417,
                  "Actual Rows": 446291,
                  "Actual Loops": 4,
                  "Filter": "(company_id < 28079)",
                  "Rows Removed by Filter": 205992
                }
              ]
            }
          ]
        }
      ]
    },
    "Planning Time": 0.224,
    "Triggers": [],
    "Execution Time": 126.164
  }
]