[
  {
    "Plan": {
      "Node Type": "Aggregate",
      "Strategy": "Plain",
      "Partial Mode": "Finalize",
      "Parallel Aware": false,
      "Startup Cost": 31762.84,
      "Total Cost": 31762.85,
      "Plan Rows": 1,
      "Plan Width": 8,
      "Actual Startup Time": 119.851,
      "Actual Total Time": 127.699,
      "Actual Rows": 1,
      "Actual Loops": 1,
      "Plans": [
        {
          "Node Type": "Gather",
          "Parent Relationship": "Outer",
          "Parallel Aware": false,
          "Startup Cost": 31762.52,
          "Total Cost": 31762.83,
          "Plan Rows": 3,
          "Plan Width": 8,
          "Actual Startup Time": 119.725,
          "Actual Total Time": 127.688,
          "Actual Rows": 4,
          "Actual Loops": 1,
          "Workers Planned": 3,
          "Workers Launched": 3,
          "Single Copy": false,
          "Plans": [
            {
              "Node Type": "Aggregate",
              "Strategy": "Plain",
              "Partial Mode": "Partial",
              "Parent Relationship": "Outer",
              "Parallel Aware": false,
              "Startup Cost": 30762.52,
              "Total Cost": 30762.53,
              "Plan Rows": 1,
              "Plan Width": 8,
              "Actual Startup Time": 112.496,
              "Actual Total Time": 112.497,
              "Actual Rows": 1,
              "Actual Loops": 4,
              "Plans": [
                {
                  "Node Type": "Seq Scan",
                  "Parent Relationship": "Outer",
                  "Parallel Aware": true,
                  "Relation Name": "movie_companies",
                  "Alias": "mc",
                  "Startup Cost": 0.0,
                  "Total Cost": 29310.68,
                  "Plan Rows": 580737,
                  "Plan Width": 0,
                  "Actual Startup Time": 0.04,
                  "Actual Total Time": 87.102,
                  "Actual Rows": 446291,
                  "Actual Loops": 4,
                  "Filter": "(company_id < 28079)",
                  "Rows Removed by Filter": 205992
                }
              ]
            }
          ]
        }
      ]
    },
    "Planning Time": 0.193,
    "Triggers": [],
    "Execution Time": 127.754
  }
]