{
  "Plan": {
    "Node Type": "Aggregate",
    "Strategy": "Plain",
    "Partial Mode": "Finalize",
    "Parallel Aware": false,
    "Startup Cost": 35748.12,
    "Total Cost": 35748.13,
    "Plan Rows": 1,
    "Plan Width": 8,
    "Actual Startup Time": 74.374,
    "Actual Total Time": 86.973,
    "Actual Rows": 1,
    "Actual Loops": 1,
    "Plans": [
      {
        "Node Type": "Gather",
        "Parent Relationship": "Outer",
        "Parallel Aware": false,
        "Startup Cost": 35748.01,
        "Total Cost": 35748.12,
        "Plan Rows": 1,
        "Plan Width": 8,
        "Actual Startup Time": 74.115,
        "Actual Total Time": 86.967,
        "Actual Rows": 2,
        "Actual Loops": 1,
        "Workers Planned": 1,
        "Workers Launched": 1,
        "Single Copy": false,
        "Plans": [
          {
            "Node Type": "Aggregate",
            "Strategy": "Plain",
            "Partial Mode": "Partial",
            "Parent Relationship": "Outer",
            "Parallel Aware": false,
            "Startup Cost": 34748.01,
            "Total Cost": 34748.02,
            "Plan Rows": 1,
            "Plan Width": 8,
            "Actual Startup Time": 67.889,
            "Actual Total Time": 67.891,
            "Actual Rows": 1,
            "Actual Loops": 2,
            "Plans": [
              {
                "Node Type": "Nested Loop",
                "Parent Relationship": "Outer",
                "Parallel Aware": false,
                "Join Type": "Inner",
                "Startup Cost": 106.69,
                "Total Cost": 34742.19,
                "Plan Rows": 2327,
                "Plan Width": 0,
                "Actual Startup Time": 4.093,
                "Actual Total Time": 66.462,
                "Actual Rows": 22660,
                "Actual Loops": 2,
                "Inner Unique": false,
                "Plans": [
                  {
                    "Node Type": "Nested Loop",
                    "Parent Relationship": "Outer",
                    "Parallel Aware": false,
                    "Join Type": "Inner",
                    "Startup Cost": 106.26,
                    "Total Cost": 32996.8,
                    "Plan Rows": 2839,
                    "Plan Width": 8,
                    "Actual Startup Time": 3.942,
                    "Actual Total Time": 36.239,
                    "Actual Rows": 3006,
                    "Actual Loops": 2,
                    "Inner Unique": true,
                    "Plans": [
                      {
                        "Node Type": "Bitmap Heap Scan",
                        "Parent Relationship": "Outer",
                        "Parallel Aware": true,
                        "Relation Name": "movie_keyword",
                        "Alias": "mk",
                        "Startup Cost": 105.83,
                        "Total Cost": 12127.48,
                        "Plan Rows": 2839,
                        "Plan Width": 4,
                        "Actual Startup Time": 3.789,
                        "Actual Total Time": 12.925,
                        "Actual Rows": 3006,
                        "Actual Loops": 2,
                        "Recheck Cond": "(keyword_id = 1732)",
                        "Rows Removed by Index Recheck": 0,
                        "Exact Heap Blocks": 3835,
                        "Lossy Heap Blocks": 0,
                        "Plans": [
                          {
                            "Node Type": "Bitmap Index Scan",
                            "Parent Relationship": "Outer",
                            "Parallel Aware": false,
                            "Index Name": "keyword_id_movie_keyword",
                            "Startup Cost": 0.0,
                            "Total Cost": 104.63,
                            "Plan Rows": 4826,
                            "Plan Width": 0,
                            "Actual Startup Time": 4.819,
                            "Actual Total Time": 4.82,
                            "Actual Rows": 6011,
                            "Actual Loops": 1,
                            "Index Cond": "(keyword_id = 1732)"
                          }
                        ]
                      },
                      {
                        "Node Type": "Index Only Scan",
                        "Parent Relationship": "Inner",
                        "Parallel Aware": false,
                        "Scan Direction": "Forward",
                        "Index Name": "title_pkey",
                        "Relation Name": "title",
                        "Alias": "t",
                        "Startup Cost": 0.43,
                        "Total Cost": 7.35,
                        "Plan Rows": 1,
                        "Plan Width": 4,
                        "Actual Startup Time": 0.007,
                        "Actual Total Time": 0.007,
                        "Actual Rows": 1,
                        "Actual Loops": 6011,
                        "Index Cond": "(id = mk.movie_id)",
                        "Rows Removed by Index Recheck": 0,
                        "Heap Fetches": 6011
                      }
                    ]
                  },
                  {
                    "Node Type": "Index Scan",
                    "Parent Relationship": "Inner",
                    "Parallel Aware": false,
                    "Scan Direction": "Forward",
                    "Index Name": "movie_id_movie_companies",
                    "Relation Name": "movie_companies",
                    "Alias": "mc",
                    "Startup Cost": 0.43,
                    "Total Cost": 0.57,
                    "Plan Rows": 4,
                    "Plan Width": 4,
                    "Actual Startup Time": 0.006,
                    "Actual Total Time": 0.009,
                    "Actual Rows": 8,
                    "Actual Loops": 6011,
                    "Index Cond": "(movie_id = t.id)",
                    "Rows Removed by Index Recheck": 0,
                    "Filter": "(company_id < 71961)",
                    "Rows Removed by Filter": 1
                  }
                ]
              }
            ]
          }
        ]
      }
    ]
  },
  "Planning Time": 0.962,
  "Triggers": [],
  "Execution Time": 87.067
}