[
    {
        "Bao": {
            "Bao prediction": "NaN",
            "Bao recommended hint": "(no hint)"
        }
    },
    {
        "Plan": {
            "Node Type": "Aggregate",
            "Strategy": "Plain",
            "Partial Mode": "Finalize",
            "Parallel Aware": false,
            "Startup Cost": 32990.01,
            "Total Cost": 32990.02,
            "Plan Rows": 1,
            "Plan Width": 8,
            "Actual Startup Time": 93.745,
            "Actual Total Time": 97.744,
            "Actual Rows": 1,
            "Actual Loops": 1,
            "Output": [
                "count(*)"
            ],
            "Plans": [
                {
                    "Node Type": "Gather",
                    "Parent Relationship": "Outer",
                    "Parallel Aware": false,
                    "Startup Cost": 32989.69,
                    "Total Cost": 32990.0,
                    "Plan Rows": 3,
                    "Plan Width": 8,
                    "Actual Startup Time": 93.65,
                    "Actual Total Time": 97.736,
                    "Actual Rows": 4,
                    "Actual Loops": 1,
                    "Output": [
                        "(PARTIAL count(*))"
                    ],
                    "Workers Planned": 3,
                    "Workers Launched": 3,
                    "Single Copy": false,
                    "Plans": [
                        {
                            "Node Type": "Aggregate",
                            "Strategy": "Plain",
                            "Partial Mode": "Partial",
                            "Parent Relationship": "Outer",
                            "Parallel Aware": false,
                            "Startup Cost": 31989.69,
                            "Total Cost": 31989.7,
                            "Plan Rows": 1,
                            "Plan Width": 8,
                            "Actual Startup Time": 85.32,
                            "Actual Total Time": 85.321,
                            "Actual Rows": 1,
                            "Actual Loops": 4,
                            "Output": [
                                "PARTIAL count(*)"
                            ],
                            "Workers": [
                                {
                                    "Worker Number": 0,
                                    "Actual Startup Time": 82.566,
                                    "Actual Total Time": 82.567,
                                    "Actual Rows": 1,
                                    "Actual Loops": 1
                                },
                                {
                                    "Worker Number": 1,
                                    "Actual Startup Time": 82.657,
                                    "Actual Total Time": 82.658,
                                    "Actual Rows": 1,
                                    "Actual Loops": 1
                                },
                                {
                                    "Worker Number": 2,
                                    "Actual Startup Time": 82.939,
                                    "Actual Total Time": 82.94,
                                    "Actual Rows": 1,
                                    "Actual Loops": 1
                                }
                            ],
                            "Plans": [
                                {
                                    "Node Type": "Seq Scan",
                                    "Parent Relationship": "Outer",
                                    "Parallel Aware": true,
                                    "Relation Name": "movie_companies",
                                    "Schema": "public",
                                    "Alias": "mc",
                                    "Startup Cost": 0.0,
                                    "Total Cost": 31414.82,
                                    "Plan Rows": 229949,
                                    "Plan Width": 0,
                                    "Actual Startup Time": 48.975,
                                    "Actual Total Time": 80.076,
                                    "Actual Rows": 112156,
                                    "Actual Loops": 4,
                                    "Output": [
                                        "id",
                                        "movie_id",
                                        "company_id",
                                        "company_type_id",
                                        "note"
                                    ],
                                    "Filter": "((mc.company_id < 12062) AND (mc.company_type_id > 1))",
                                    "Rows Removed by Filter": 540127,
                                    "Workers": [
                                        {
                                            "Worker Number": 0,
                                            "Actual Startup Time": 46.223,
                                            "Actual Total Time": 77.566,
                                            "Actual Rows": 119431,
                                            "Actual Loops": 1
                                        },
                                        {
                                            "Worker Number": 1,
                                            "Actual Startup Time": 46.314,
                                            "Actual Total Time": 77.717,
                                            "Actual Rows": 117950,
                                            "Actual Loops": 1
                                        },
                                        {
                                            "Worker Number": 2,
                                            "Actual Startup Time": 46.59,
                                            "Actual Total Time": 77.928,
                                            "Actual Rows": 120092,
                                            "Actual Loops": 1
                                        }
                                    ]
                                }
                            ]
                        }
                    ]
                }
            ]
        },
        "Planning Time": 311.63,
        "Triggers": [],
        "Execution Time": 97.824
    }
]