[
  {
    "Plan": {
      "Node Type": "Aggregate",
      "Strategy": "Plain",
      "Partial Mode": "Finalize",
      "Parallel Aware": false,
      "Startup Cost": 187793.79,
      "Total Cost": 187793.8,
      "Plan Rows": 1,
      "Plan Width": 8,
      "Actual Startup Time": 176.377,
      "Actual Total Time": 188.996,
      "Actual Rows": 1,
      "Actual Loops": 1,
      "Plans": [
        {
          "Node Type": "Gather",
          "Parent Relationship": "Outer",
          "Parallel Aware": false,
          "Startup Cost": 187793.27,
          "Total Cost": 187793.78,
          "Plan Rows": 5,
          "Plan Width": 8,
          "Actual Startup Time": 175.311,
          "Actual Total Time": 188.981,
          "Actual Rows": 6,
          "Actual Loops": 1,
          "Workers Planned": 5,
          "Workers Launched": 5,
          "Single Copy": false,
          "Plans": [
            {
              "Node Type": "Aggregate",
              "Strategy": "Plain",
              "Partial Mode": "Partial",
              "Parent Relationship": "Outer",
              "Parallel Aware": false,
              "Startup Cost": 186793.27,
              "Total Cost": 186793.28,
              "Plan Rows": 1,
              "Plan Width": 8,
              "Actual Startup Time": 166.032,
              "Actual Total Time": 166.034,
              "Actual Rows": 1,
              "Actual Loops": 6,
              "Plans": [
                {
                  "Node Type": "Bitmap Heap Scan",
                  "Parent Relationship": "Outer",
                  "Parallel Aware": true,
                  "Relation Name": "movie_info",
                  "Alias": "mi",
                  "Startup Cost": 21269.53,
                  "Total Cost": 186204.81,
                  "Plan Rows": 235383,
                  "Plan Width": 0,
                  "Actual Startup Time": 62.118,
                  "Actual Total Time": 152.183,
                  "Actual Rows": 194415,
                  "Actual Loops": 6,
                  "Recheck Cond": "(info_type_id > 46)",
                  "Rows Removed by Index Recheck": 0,
                  "Exact Heap Blocks": 11927,
                  "Lossy Heap Blocks": 0,
                  "Plans": [
                    {
                      "Node Type": "Bitmap Index Scan",
                      "Parent Relationship": "Outer",
                      "Parallel Aware": false,
                      "Index Name": "info_type_id_movie_info",
                      "Startup Cost": 0.0,
                      "Total Cost": 20975.3,
                      "Plan Rows": 1176915,
                      "Plan Width": 0,
                      "Actual Startup Time": 64.185,
                      "Actual Total Time": 64.186,
                      "Actual Rows": 1166488,
                      "Actual Loops": 1,
                      "Index Cond": "(info_type_id > 46)"
                    }
                  ]
                }
              ]
            }
          ]
        }
      ]
    },
    "Planning Time": 0.18,
    "Triggers": [],
    "Execution Time": 189.074
  }
]