[
  {
    "Plan": {
      "Node Type": "Aggregate",
      "Strategy": "Plain",
      "Partial Mode": "Finalize",
      "Parallel Aware": false,
      "Startup Cost": 277601.21,
      "Total Cost": 277601.22,
      "Plan Rows": 1,
      "Plan Width": 8,
      "Actual Startup Time": 119.473,
      "Actual Total Time": 127.091,
      "Actual Rows": 1,
      "Actual Loops": 1,
      "Plans": [
        {
          "Node Type": "Gather",
          "Parent Relationship": "Outer",
          "Parallel Aware": false,
          "Startup Cost": 277600.59,
          "Total Cost": 277601.2,
          "Plan Rows": 6,
          "Plan Width": 8,
          "Actual Startup Time": 118.85,
          "Actual Total Time": 127.077,
          "Actual Rows": 7,
          "Actual Loops": 1,
          "Workers Planned": 6,
          "Workers Launched": 6,
          "Single Copy": false,
          "Plans": [
            {
              "Node Type": "Aggregate",
              "Strategy": "Plain",
              "Partial Mode": "Partial",
              "Parent Relationship": "Outer",
              "Parallel Aware": false,
              "Startup Cost": 276600.59,
              "Total Cost": 276600.6,
              "Plan Rows": 1,
              "Plan Width": 8,
              "Actual Startup Time": 111.777,
              "Actual Total Time": 111.779,
              "Actual Rows": 1,
              "Actual Loops": 7,
              "Plans": [
                {
                  "Node Type": "Bitmap Heap Scan",
                  "Parent Relationship": "Outer",
                  "Parallel Aware": true,
                  "Relation Name": "cast_info",
                  "Alias": "ci",
                  "Startup Cost": 21481.14,
                  "Total Cost": 276195.18,
                  "Plan Rows": 162163,
                  "Plan Width": 0,
                  "Actual Startup Time": 49.634,
                  "Actual Total Time": 102.823,
                  "Actual Rows": 132918,
                  "Actual Loops": 7,
                  "Recheck Cond": "(person_id > 3883618)",
                  "Rows Removed by Index Recheck": 0,
                  "Exact Heap Blocks": 4204,
                  "Lossy Heap Blocks": 0,
                  "Plans": [
                    {
                      "Node Type": "Bitmap Index Scan",
                      "Parent Relationship": "Outer",
                      "Parallel Aware": false,
                      "Index Name": "person_id_cast_info",
                      "Startup Cost": 0.0,
                      "Total Cost": 21237.9,
                      "Plan Rows": 972978,
                      "Plan Width": 0,
                      "Actual Startup Time": 52.872,
                      "Actual Total Time": 52.872,
                      "Actual Rows": 930427,
                      "Actual Loops": 1,
                      "Index Cond": "(person_id > 3883618)"
                    }
                  ]
                }
              ]
            }
          ]
        }
      ]
    },
    "Planning Time": 0.298,
    "Triggers": [],
    "Execution Time": 127.197
  }
]