[
  {
    "Plan": {
      "Node Type": "Aggregate",
      "Strategy": "Plain",
      "Partial Mode": "Finalize",
      "Parallel Aware": false,
      "Startup Cost": 277244.13,
      "Total Cost": 277244.14,
      "Plan Rows": 1,
      "Plan Width": 8,
      "Actual Startup Time": 120.254,
      "Actual Total Time": 125.614,
      "Actual Rows": 1,
      "Actual Loops": 1,
      "Plans": [
        {
          "Node Type": "Gather",
          "Parent Relationship": "Outer",
          "Parallel Aware": false,
          "Startup Cost": 277243.51,
          "Total Cost": 277244.12,
          "Plan Rows": 6,
          "Plan Width": 8,
          "Actual Startup Time": 119.72,
          "Actual Total Time": 125.606,
          "Actual Rows": 7,
          "Actual Loops": 1,
          "Workers Planned": 6,
          "Workers Launched": 6,
          "Single Copy": false,
          "Plans": [
            {
              "Node Type": "Aggregate",
              "Strategy": "Plain",
              "Partial Mode": "Partial",
              "Parent Relationship": "Outer",
              "Parallel Aware": false,
              "Startup Cost": 276243.51,
              "Total Cost": 276243.52,
              "Plan Rows": 1,
              "Plan Width": 8,
              "Actual Startup Time": 110.639,
              "Actual Total Time": 110.64,
              "Actual Rows": 1,
              "Actual Loops": 7,
              "Plans": [
                {
                  "Node Type": "Bitmap Heap Scan",
                  "Parent Relationship": "Outer",
                  "Parallel Aware": true,
                  "Relation Name": "cast_info",
                  "Alias": "ci",
                  "Startup Cost": 21161.4,
                  "Total Cost": 275844.32,
                  "Plan Rows": 159674,
                  "Plan Width": 0,
                  "Actual Startup Time": 52.478,
                  "Actual Total Time": 101.845,
                  "Actual Rows": 132918,
                  "Actual Loops": 7,
                  "Recheck Cond": "(person_id > 3883618)",
                  "Rows Removed by Index Recheck": 0,
                  "Exact Heap Blocks": 4197,
                  "Lossy Heap Blocks": 0,
                  "Plans": [
                    {
                      "Node Type": "Bitmap Index Scan",
                      "Parent Relationship": "Outer",
                      "Parallel Aware": false,
                      "Index Name": "person_id_cast_info",
                      "Startup Cost": 0.0,
                      "Total Cost": 20921.89,
                      "Plan Rows": 958043,
                      "Plan Width": 0,
                      "Actual Startup Time": 58.459,
                      "Actual Total Time": 58.459,
                      "Actual Rows": 930427,
                      "Actual Loops": 1,
                      "Index Cond": "(person_id > 3883618)"
                    }
                  ]
                }
              ]
            }
          ]
        }
      ]
    },
    "Planning Time": 0.199,
    "Triggers": [],
    "Execution Time": 125.688
  }
]