[
  {
    "Plan": {
      "Node Type": "Aggregate",
      "Strategy": "Plain",
      "Partial Mode": "Finalize",
      "Parallel Aware": false,
      "Startup Cost": 399999.44,
      "Total Cost": 399999.45,
      "Plan Rows": 1,
      "Plan Width": 8,
      "Actual Startup Time": 1532.214,
      "Actual Total Time": 1586.569,
      "Actual Rows": 1,
      "Actual Loops": 1,
      "Plans": [
        {
          "Node Type": "Gather",
          "Parent Relationship": "Outer",
          "Parallel Aware": false,
          "Startup Cost": 399998.81,
          "Total Cost": 399999.42,
          "Plan Rows": 6,
          "Plan Width": 8,
          "Actual Startup Time": 1526.354,
          "Actual Total Time": 1586.559,
          "Actual Rows": 7,
          "Actual Loops": 1,
          "Workers Planned": 6,
          "Workers Launched": 6,
          "Single Copy": false,
          "Plans": [
            {
              "Node Type": "Aggregate",
              "Strategy": "Plain",
              "Partial Mode": "Partial",
              "Parent Relationship": "Outer",
              "Parallel Aware": false,
              "Startup Cost": 398998.81,
              "Total Cost": 398998.82,
              "Plan Rows": 1,
              "Plan Width": 8,
              "Actual Startup Time": 1518.336,
              "Actual Total Time": 1518.339,
              "Actual Rows": 1,
              "Actual Loops": 7,
              "Plans": [
                {
                  "Node Type": "Hash Join",
                  "Parent Relationship": "Outer",
                  "Parallel Aware": true,
                  "Join Type": "Inner",
                  "Startup Cost": 47758.46,
                  "Total Cost": 397291.25,
                  "Plan Rows": 683025,
                  "Plan Width": 0,
                  "Actual Startup Time": 492.643,
                  "Actual Total Time": 1475.902,
                  "Actual Rows": 779803,
                  "Actual Loops": 7,
                  "Inner Unique": true,
                  "Hash Cond": "(ci.movie_id = t.id)",
                  "Plans": [
                    {
                      "Node Type": "Seq Scan",
                      "Parent Relationship": "Outer",
                      "Parallel Aware": true,
                      "Relation Name": "cast_info",
                      "Alias": "ci",
                      "Startup Cost": 0.0,
                      "Total Cost": 343316.27,
                      "Plan Rows": 2368194,
                      "Plan Width": 4,
                      "Actual Startup Time": 364.791,
                      "Actual Total Time": 743.308,
                      "Actual Rows": 2132752,
                      "Actual Loops": 7,
                      "Filter": "((person_id > 413234) AND (role_id > 2))",
                      "Rows Removed by Filter": 3045012
                    },
                    {
                      "Node Type": "Hash",
                      "Parent Relationship": "Inner",
                      "Parallel Aware": true,
                      "Startup Cost": 45479.59,
                      "Total Cost": 45479.59,
                      "Plan Rows": 182310,
                      "Plan Width": 4,
                      "Actual Startup Time": 125.613,
                      "Actual Total Time": 125.614,
                      "Actual Rows": 113737,
                      "Actual Loops": 7,
                      "Hash Buckets": 1048576,
                      "Original Hash Buckets": 1048576,
                      "Hash Batches": 1,
                      "Original Hash Batches": 1,
                      "Peak Memory Usage": 39424,
                      "Plans": [
                        {
                          "Node Type": "Seq Scan",
                          "Parent Relationship": "Outer",
                          "Parallel Aware": true,
                          "Relation Name": "title",
                          "Alias": "t",
                          "Startup Cost": 0.0,
                          "Total Cost": 45479.59,
                          "Plan Rows": 182310,
                          "Plan Width": 4,
                          "Actual Startup Time": 0.038,
                          "Actual Total Time": 78.67,
                          "Actual Rows": 113737,
                          "Actual Loops": 7,
                          "Filter": "((production_year > 2003) AND (kind_id = 7))",
                          "Rows Removed by Filter": 247450
                        }
                      ]
                    }
                  ]
                }
              ]
            }
          ]
        }
      ]
    },
    "Planning Time": 0.229,
    "Triggers": [],
    "Execution Time": 1586.619
  }
]