[
  {
    "Plan": {
      "Node Type": "Aggregate",
      "Strategy": "Plain",
      "Partial Mode": "Finalize",
      "Parallel Aware": false,
      "Startup Cost": 33216.57,
      "Total Cost": 33216.58,
      "Plan Rows": 1,
      "Plan Width": 8,
      "Actual Startup Time": 104.278,
      "Actual Total Time": 111.931,
      "Actual Rows": 1,
      "Actual Loops": 1,
      "Plans": [
        {
          "Node Type": "Gather",
          "Parent Relationship": "Outer",
          "Parallel Aware": false,
          "Startup Cost": 33216.25,
          "Total Cost": 33216.56,
          "Plan Rows": 3,
          "Plan Width": 8,
          "Actual Startup Time": 104.133,
          "Actual Total Time": 111.922,
          "Actual Rows": 4,
          "Actual Loops": 1,
          "Workers Planned": 3,
          "Workers Launched": 3,
          "Single Copy": false,
          "Plans": [
            {
              "Node Type": "Aggregate",
              "Strategy": "Plain",
              "Partial Mode": "Partial",
              "Parent Relationship": "Outer",
              "Parallel Aware": false,
              "Startup Cost": 32216.25,
              "Total Cost": 32216.26,
              "Plan Rows": 1,
              "Plan Width": 8,
              "Actual Startup Time": 95.825,
              "Actual Total Time": 95.826,
              "Actual Rows": 1,
              "Actual Loops": 4,
              "Plans": [
                {
                  "Node Type": "Seq Scan",
                  "Parent Relationship": "Outer",
                  "Parallel Aware": true,
                  "Relation Name": "movie_companies",
                  "Alias": "mc",
                  "Startup Cost": 0.0,
                  "Total Cost": 31414.82,
                  "Plan Rows": 320573,
                  "Plan Width": 0,
                  "Actual Startup Time": 0.047,
                  "Actual Total Time": 79.398,
                  "Actual Rows": 317386,
                  "Actual Loops": 4,
                  "Filter": "((company_id < 66614) AND (company_type_id < 2))",
                  "Rows Removed by Filter": 334896
                }
              ]
            }
          ]
        }
      ]
    },
    "Planning Time": 0.137,
    "Triggers": [],
    "Execution Time": 111.969
  }
]