[
  {
    "Plan": {
      "Node Type": "Aggregate",
      "Strategy": "Plain",
      "Partial Mode": "Finalize",
      "Parallel Aware": false,
      "Startup Cost": 61629.74,
      "Total Cost": 61629.75,
      "Plan Rows": 1,
      "Plan Width": 8,
      "Actual Startup Time": 114.235,
      "Actual Total Time": 128.199,
      "Actual Rows": 1,
      "Actual Loops": 1,
      "Plans": [
        {
          "Node Type": "Gather",
          "Parent Relationship": "Outer",
          "Parallel Aware": false,
          "Startup Cost": 61629.32,
          "Total Cost": 61629.73,
          "Plan Rows": 4,
          "Plan Width": 8,
          "Actual Startup Time": 114.129,
          "Actual Total Time": 128.192,
          "Actual Rows": 5,
          "Actual Loops": 1,
          "Workers Planned": 4,
          "Workers Launched": 4,
          "Single Copy": false,
          "Plans": [
            {
              "Node Type": "Aggregate",
              "Strategy": "Plain",
              "Partial Mode": "Partial",
              "Parent Relationship": "Outer",
              "Parallel Aware": false,
              "Startup Cost": 60629.32,
              "Total Cost": 60629.33,
              "Plan Rows": 1,
              "Plan Width": 8,
              "Actual Startup Time": 104.795,
              "Actual Total Time": 104.797,
              "Actual Rows": 1,
              "Actual Loops": 5,
              "Plans": [
                {
                  "Node Type": "Nested Loop",
                  "Parent Relationship": "Outer",
                  "Parallel Aware": false,
                  "Join Type": "Inner",
                  "Startup Cost": 0.43,
                  "Total Cost": 60624.81,
                  "Plan Rows": 1807,
                  "Plan Width": 0,
                  "Actual Startup Time": 1.572,
                  "Actual Total Time": 104.654,
                  "Actual Rows": 1274,
                  "Actual Loops": 5,
                  "Inner Unique": false,
                  "Plans": [
                    {
                      "Node Type": "Seq Scan",
                      "Parent Relationship": "Outer",
                      "Parallel Aware": true,
                      "Relation Name": "title",
                      "Alias": "t",
                      "Startup Cost": 0.0,
                      "Total Cost": 45479.1,
                      "Plan Rows": 3310,
                      "Plan Width": 4,
                      "Actual Startup Time": 0.112,
                      "Actual Total Time": 88.688,
                      "Actual Rows": 2411,
                      "Actual Loops": 5,
                      "Filter": "((kind_id > 1) AND (production_year = 1984))",
                      "Rows Removed by Filter": 503251
                    },
                    {
                      "Node Type": "Index Only Scan",
                      "Parent Relationship": "Inner",
                      "Parallel Aware": false,
                      "Scan Direction": "Forward",
                      "Index Name": "movie_id_movie_info_idx",
                      "Relation Name": "movie_info_idx",
                      "Alias": "mi_idx",
                      "Startup Cost": 0.43,
                      "Total Cost": 4.55,
                      "Plan Rows": 3,
                      "Plan Width": 4,
                      "Actual Startup Time": 0.006,
                      "Actual Total Time": 0.006,
                      "Actual Rows": 1,
                      "Actual Loops": 12057,
                      "Index Cond": "(movie_id = t.id)",
                      "Rows Removed by Index Recheck": 0,
                      "Heap Fetches": 6369
                    }
                  ]
                }
              ]
            }
          ]
        }
      ]
    },
    "Planning Time": 0.566,
    "Triggers": [],
    "Execution Time": 128.295
  }
]