[
  {
    "Plan": {
      "Node Type": "Aggregate",
      "Strategy": "Plain",
      "Partial Mode": "Finalize",
      "Parallel Aware": false,
      "Startup Cost": 89036.76,
      "Total Cost": 89036.77,
      "Plan Rows": 1,
      "Plan Width": 8,
      "Actual Startup Time": 238.996,
      "Actual Total Time": 265.263,
      "Actual Rows": 1,
      "Actual Loops": 1,
      "Plans": [
        {
          "Node Type": "Gather",
          "Parent Relationship": "Outer",
          "Parallel Aware": false,
          "Startup Cost": 89036.44,
          "Total Cost": 89036.75,
          "Plan Rows": 3,
          "Plan Width": 8,
          "Actual Startup Time": 238.739,
          "Actual Total Time": 265.255,
          "Actual Rows": 4,
          "Actual Loops": 1,
          "Workers Planned": 3,
          "Workers Launched": 3,
          "Single Copy": false,
          "Plans": [
            {
              "Node Type": "Aggregate",
              "Strategy": "Plain",
              "Partial Mode": "Partial",
              "Parent Relationship": "Outer",
              "Parallel Aware": false,
              "Startup Cost": 88036.44,
              "Total Cost": 88036.45,
              "Plan Rows": 1,
              "Plan Width": 8,
              "Actual Startup Time": 232.537,
              "Actual Total Time": 232.539,
              "Actual Rows": 1,
              "Actual Loops": 4,
              "Plans": [
                {
                  "Node Type": "Nested Loop",
                  "Parent Relationship": "Outer",
                  "Parallel Aware": false,
                  "Join Type": "Inner",
                  "Startup Cost": 643.04,
                  "Total Cost": 87894.5,
                  "Plan Rows": 56778,
                  "Plan Width": 0,
                  "Actual Startup Time": 1.788,
                  "Actual Total Time": 222.148,
                  "Actual Rows": 194598,
                  "Actual Loops": 4,
                  "Inner Unique": false,
                  "Plans": [
                    {
                      "Node Type": "Nested Loop",
                      "Parent Relationship": "Outer",
                      "Parallel Aware": false,
                      "Join Type": "Inner",
                      "Startup Cost": 642.6,
                      "Total Cost": 69900.43,
                      "Plan Rows": 9729,
                      "Plan Width": 8,
                      "Actual Startup Time": 1.662,
                      "Actual Total Time": 52.751,
                      "Actual Rows": 7360,
                      "Actual Loops": 4,
                      "Inner Unique": true,
                      "Plans": [
                        {
                          "Node Type": "Bitmap Heap Scan",
                          "Parent Relationship": "Outer",
                          "Parallel Aware": true,
                          "Relation Name": "movie_keyword",
                          "Alias": "mk",
                          "Startup Cost": 642.17,
                          "Total Cost": 26502.96,
                          "Plan Rows": 9729,
                          "Plan Width": 4,
                          "Actual Startup Time": 1.524,
                          "Actual Total Time": 14.634,
                          "Actual Rows": 7360,
                          "Actual Loops": 4,
                          "Recheck Cond": "(keyword_id = 359)",
                          "Rows Removed by Index Recheck": 0,
                          "Exact Heap Blocks": 4861,
                          "Lossy Heap Blocks": 0,
                          "Plans": [
                            {
                              "Node Type": "Bitmap Index Scan",
                              "Parent Relationship": "Outer",
                              "Parallel Aware": false,
                              "Index Name": "keyword_id_movie_keyword",
                              "Startup Cost": 0.0,
                              "Total Cost": 634.63,
                              "Plan Rows": 30160,
                              "Plan Width": 0,
                              "Actual Startup Time": 2.823,
                              "Actual Total Time": 2.824,
                              "Actual Rows": 29440,
                              "Actual Loops": 1,
                              "Index Cond": "(keyword_id = 359)"
                            }
                          ]
                        },
                        {
                          "Node Type": "Index Only Scan",
                          "Parent Relationship": "Inner",
                          "Parallel Aware": false,
                          "Scan Direction": "Forward",
                          "Index Name": "title_pkey",
                          "Relation Name": "title",
                          "Alias": "t",
                          "Startup Cost": 0.43,
                          "Total Cost": 4.46,
                          "Plan Rows": 1,
                          "Plan Width": 4,
                          "Actual Startup Time": 0.005,
                          "Actual Total Time": 0.005,
                          "Actual Rows": 1,
                          "Actual Loops": 29440,
                          "Index Cond": "(id = mk.movie_id)",
                          "Rows Removed by Index Recheck": 0,
                          "Heap Fetches": 29440
                        }
                      ]
                    },
                    {
                      "Node Type": "Index Only Scan",
                      "Parent Relationship": "Inner",
                      "Parallel Aware": false,
                      "Scan Direction": "Forward",
                      "Index Name": "movie_id_movie_info",
                      "Relation Name": "movie_info",
                      "Alias": "mi",
                      "Startup Cost": 0.43,
                      "Total Cost": 1.46,
                      "Plan Rows": 39,
                      "Plan Width": 4,
                      "Actual Startup Time": 0.007,
                      "Actual Total Time": 0.021,
                      "Actual Rows": 26,
                      "Actual Loops": 29440,
                      "Index Cond": "(movie_id = t.id)",
                      "Rows Removed by Index Recheck": 0,
                      "Heap Fetches": 778392
                    }
                  ]
                }
              ]
            }
          ]
        }
      ]
    },
    "Planning Time": 0.403,
    "Triggers": [],
    "Execution Time": 265.311
  }
]