{
  "Plan": {
    "Node Type": "Aggregate",
    "Strategy": "Plain",
    "Partial Mode": "Finalize",
    "Parallel Aware": false,
    "Startup Cost": 162391.84,
    "Total Cost": 162391.85,
    "Plan Rows": 1,
    "Plan Width": 8,
    "Actual Startup Time": 1638.028,
    "Actual Total Time": 1660.052,
    "Actual Rows": 1,
    "Actual Loops": 1,
    "Plans": [
      {
        "Node Type": "Gather",
        "Parent Relationship": "Outer",
        "Parallel Aware": false,
        "Startup Cost": 162391.73,
        "Total Cost": 162391.84,
        "Plan Rows": 1,
        "Plan Width": 8,
        "Actual Startup Time": 1630.28,
        "Actual Total Time": 1660.045,
        "Actual Rows": 2,
        "Actual Loops": 1,
        "Workers Planned": 1,
        "Workers Launched": 1,
        "Single Copy": false,
        "Plans": [
          {
            "Node Type": "Aggregate",
            "Strategy": "Plain",
            "Partial Mode": "Partial",
            "Parent Relationship": "Outer",
            "Parallel Aware": false,
            "Startup Cost": 161391.73,
            "Total Cost": 161391.74,
            "Plan Rows": 1,
            "Plan Width": 8,
            "Actual Startup Time": 1623.45,
            "Actual Total Time": 1623.456,
            "Actual Rows": 1,
            "Actual Loops": 2,
            "Plans": [
              {
                "Node Type": "Hash Join",
                "Parent Relationship": "Outer",
                "Parallel Aware": true,
                "Join Type": "Inner",
                "Startup Cost": 92140.89,
                "Total Cost": 158944.26,
                "Plan Rows": 978989,
                "Plan Width": 0,
                "Actual Startup Time": 805.883,
                "Actual Total Time": 1478.781,
                "Actual Rows": 2921890,
                "Actual Loops": 2,
                "Inner Unique": false,
                "Hash Cond": "(mk.movie_id = t.id)",
                "Plans": [
                  {
                    "Node Type": "Seq Scan",
                    "Parent Relationship": "Outer",
                    "Parallel Aware": true,
                    "Relation Name": "movie_keyword",
                    "Alias": "mk",
                    "Startup Cost": 0.0,
                    "Total Cost": 51065.35,
                    "Plan Rows": 2661135,
                    "Plan Width": 4,
                    "Actual Startup Time": 0.023,
                    "Actual Total Time": 189.729,
                    "Actual Rows": 2261965,
                    "Actual Loops": 2
                  },
                  {
                    "Node Type": "Hash",
                    "Parent Relationship": "Inner",
                    "Parallel Aware": true,
                    "Startup Cost": 85301.78,
                    "Total Cost": 85301.78,
                    "Plan Rows": 547129,
                    "Plan Width": 8,
                    "Actual Startup Time": 796.439,
                    "Actual Total Time": 796.443,
                    "Actual Rows": 437516,
                    "Actual Loops": 2,
                    "Hash Buckets": 1048576,
                    "Original Hash Buckets": 1048576,
                    "Hash Batches": 1,
                    "Original Hash Batches": 1,
                    "Peak Memory Usage": 42464,
                    "Plans": [
                      {
                        "Node Type": "Hash Join",
                        "Parent Relationship": "Outer",
                        "Parallel Aware": true,
                        "Join Type": "Inner",
                        "Startup Cost": 67117.99,
                        "Total Cost": 85301.78,
                        "Plan Rows": 547129,
                        "Plan Width": 8,
                        "Actual Startup Time": 468.608,
                        "Actual Total Time": 699.326,
                        "Actual Rows": 437516,
                        "Actual Loops": 2,
                        "Inner Unique": true,
                        "Hash Cond": "(mi_idx.movie_id = t.id)",
                        "Plans": [
                          {
                            "Node Type": "Seq Scan",
                            "Parent Relationship": "Outer",
                            "Parallel Aware": true,
                            "Relation Name": "movie_info_idx",
                            "Alias": "mi_idx",
                            "Startup Cost": 0.0,
                            "Total Cost": 16052.85,
                            "Plan Rows": 811785,
                            "Plan Width": 4,
                            "Actual Startup Time": 0.026,
                            "Actual Total Time": 60.743,
                            "Actual Rows": 690018,
                            "Actual Loops": 2
                          },
                          {
                            "Node Type": "Hash",
                            "Parent Relationship": "Inner",
                            "Parallel Aware": true,
                            "Startup Cost": 54588.39,
                            "Total Cost": 54588.39,
                            "Plan Rows": 1002368,
                            "Plan Width": 4,
                            "Actual Startup Time": 458.532,
                            "Actual Total Time": 458.533,
                            "Actual Rows": 850158,
                            "Actual Loops": 2,
                            "Hash Buckets": 2097152,
                            "Original Hash Buckets": 2097152,
                            "Hash Batches": 1,
                            "Original Hash Batches": 1,
                            "Peak Memory Usage": 82944,
                            "Plans": [
                              {
                                "Node Type": "Seq Scan",
                                "Parent Relationship": "Outer",
                                "Parallel Aware": true,
                                "Relation Name": "title",
                                "Alias": "t",
                                "Startup Cost": 0.0,
                                "Total Cost": 54588.39,
                                "Plan Rows": 1002368,
                                "Plan Width": 4,
                                "Actual Startup Time": 0.034,
                                "Actual Total Time": 205.94,
                                "Actual Rows": 850158,
                                "Actual Loops": 2,
                                "Filter": "(production_year > 1992)",
                                "Rows Removed by Filter": 413998
                              }
                            ]
                          }
                        ]
                      }
                    ]
                  }
                ]
              }
            ]
          }
        ]
      }
    ]
  },
  "Planning Time": 1.01,
  "Triggers": [],
  "Execution Time": 1660.131
}