[
  {
    "Plan": {
      "Node Type": "Aggregate",
      "Strategy": "Plain",
      "Partial Mode": "Finalize",
      "Parallel Aware": false,
      "Startup Cost": 337034.77,
      "Total Cost": 337034.78,
      "Plan Rows": 1,
      "Plan Width": 8,
      "Actual Startup Time": 793.282,
      "Actual Total Time": 839.08,
      "Actual Rows": 1,
      "Actual Loops": 1,
      "Plans": [
        {
          "Node Type": "Gather",
          "Parent Relationship": "Outer",
          "Parallel Aware": false,
          "Startup Cost": 337034.15,
          "Total Cost": 337034.76,
          "Plan Rows": 6,
          "Plan Width": 8,
          "Actual Startup Time": 793.105,
          "Actual Total Time": 839.069,
          "Actual Rows": 7,
          "Actual Loops": 1,
          "Workers Planned": 6,
          "Workers Launched": 6,
          "Single Copy": false,
          "Plans": [
            {
              "Node Type": "Aggregate",
              "Strategy": "Plain",
              "Partial Mode": "Partial",
              "Parent Relationship": "Outer",
              "Parallel Aware": false,
              "Startup Cost": 336034.15,
              "Total Cost": 336034.16,
              "Plan Rows": 1,
              "Plan Width": 8,
              "Actual Startup Time": 784.18,
              "Actual Total Time": 784.182,
              "Actual Rows": 1,
              "Actual Loops": 7,
              "Plans": [
                {
                  "Node Type": "Seq Scan",
                  "Parent Relationship": "Outer",
                  "Parallel Aware": true,
                  "Relation Name": "cast_info",
                  "Alias": "ci",
                  "Startup Cost": 0.0,
                  "Total Cost": 328211.39,
                  "Plan Rows": 3129102,
                  "Plan Width": 0,
                  "Actual Startup Time": 206.141,
                  "Actual Total Time": 640.055,
                  "Actual Rows": 2663314,
                  "Actual Loops": 7,
                  "Filter": "(person_id > 1741845)",
                  "Rows Removed by Filter": 2514450
                }
              ]
            }
          ]
        }
      ]
    },
    "Planning Time": 0.099,
    "Triggers": [],
    "Execution Time": 839.138
  }
]