[
  {
    "Plan": {
      "Node Type": "Aggregate",
      "Strategy": "Plain",
      "Partial Mode": "Finalize",
      "Parallel Aware": false,
      "Startup Cost": 47136.49,
      "Total Cost": 47136.5,
      "Plan Rows": 1,
      "Plan Width": 8,
      "Actual Startup Time": 155.958,
      "Actual Total Time": 166.273,
      "Actual Rows": 1,
      "Actual Loops": 1,
      "Plans": [
        {
          "Node Type": "Gather",
          "Parent Relationship": "Outer",
          "Parallel Aware": false,
          "Startup Cost": 47136.17,
          "Total Cost": 47136.48,
          "Plan Rows": 3,
          "Plan Width": 8,
          "Actual Startup Time": 155.784,
          "Actual Total Time": 166.263,
          "Actual Rows": 4,
          "Actual Loops": 1,
          "Workers Planned": 3,
          "Workers Launched": 3,
          "Single Copy": false,
          "Plans": [
            {
              "Node Type": "Aggregate",
              "Strategy": "Plain",
              "Partial Mode": "Partial",
              "Parent Relationship": "Outer",
              "Parallel Aware": false,
              "Startup Cost": 46136.17,
              "Total Cost": 46136.18,
              "Plan Rows": 1,
              "Plan Width": 8,
              "Actual Startup Time": 152.633,
              "Actual Total Time": 152.634,
              "Actual Rows": 1,
              "Actual Loops": 4,
              "Plans": [
                {
                  "Node Type": "Seq Scan",
                  "Parent Relationship": "Outer",
                  "Parallel Aware": true,
                  "Relation Name": "movie_keyword",
                  "Alias": "mk",
                  "Startup Cost": 0.0,
                  "Total Cost": 42695.65,
                  "Plan Rows": 1376207,
                  "Plan Width": 0,
                  "Actual Startup Time": 0.026,
                  "Actual Total Time": 109.905,
                  "Actual Rows": 1065022,
                  "Actual Loops": 4,
                  "Filter": "(keyword_id < 59190)",
                  "Rows Removed by Filter": 65960
                }
              ]
            }
          ]
        }
      ]
    },
    "Planning Time": 0.186,
    "Triggers": [],
    "Execution Time": 166.326
  }
]