{
  "Plan": {
    "Node Type": "Aggregate",
    "Strategy": "Plain",
    "Partial Mode": "Finalize",
    "Parallel Aware": false,
    "Startup Cost": 425166.31,
    "Total Cost": 425166.32,
    "Plan Rows": 1,
    "Plan Width": 8,
    "Actual Startup Time": 2606.4,
    "Actual Total Time": 2661.672,
    "Actual Rows": 1,
    "Actual Loops": 1,
    "Plans": [
      {
        "Node Type": "Gather",
        "Parent Relationship": "Outer",
        "Parallel Aware": false,
        "Startup Cost": 425166.2,
        "Total Cost": 425166.31,
        "Plan Rows": 1,
        "Plan Width": 8,
        "Actual Startup Time": 2602.411,
        "Actual Total Time": 2661.665,
        "Actual Rows": 2,
        "Actual Loops": 1,
        "Workers Planned": 1,
        "Workers Launched": 1,
        "Single Copy": false,
        "Plans": [
          {
            "Node Type": "Aggregate",
            "Strategy": "Plain",
            "Partial Mode": "Partial",
            "Parent Relationship": "Outer",
            "Parallel Aware": false,
            "Startup Cost": 424166.2,
            "Total Cost": 424166.21,
            "Plan Rows": 1,
            "Plan Width": 8,
            "Actual Startup Time": 2593.995,
            "Actual Total Time": 2593.999,
            "Actual Rows": 1,
            "Actual Loops": 2,
            "Plans": [
              {
                "Node Type": "Hash Join",
                "Parent Relationship": "Outer",
                "Parallel Aware": true,
                "Join Type": "Inner",
                "Startup Cost": 114730.91,
                "Total Cost": 421708.77,
                "Plan Rows": 982972,
                "Plan Width": 0,
                "Actual Startup Time": 515.033,
                "Actual Total Time": 2561.056,
                "Actual Rows": 801964,
                "Actual Loops": 2,
                "Inner Unique": false,
                "Hash Cond": "(t.id = mc.movie_id)",
                "Plans": [
                  {
                    "Node Type": "Hash Join",
                    "Parent Relationship": "Outer",
                    "Parallel Aware": true,
                    "Join Type": "Inner",
                    "Startup Cost": 64278.49,
                    "Total Cost": 352256.29,
                    "Plan Rows": 2114860,
                    "Plan Width": 8,
                    "Actual Startup Time": 237.739,
                    "Actual Total Time": 1981.14,
                    "Actual Rows": 1009902,
                    "Actual Loops": 2,
                    "Inner Unique": true,
                    "Hash Cond": "(mi.movie_id = t.id)",
                    "Plans": [
                      {
                        "Node Type": "Seq Scan",
                        "Parent Relationship": "Outer",
                        "Parallel Aware": true,
                        "Relation Name": "movie_info",
                        "Alias": "mi",
                        "Startup Cost": 0.0,
                        "Total Cost": 270696.42,
                        "Plan Rows": 6583369,
                        "Plan Width": 4,
                        "Actual Startup Time": 0.01,
                        "Actual Total Time": 718.889,
                        "Actual Rows": 5605372,
                        "Actual Loops": 2,
                        "Filter": "(info_type_id > 3)",
                        "Rows Removed by Filter": 1812488
                      },
                      {
                        "Node Type": "Hash",
                        "Parent Relationship": "Inner",
                        "Parallel Aware": true,
                        "Startup Cost": 58306.47,
                        "Total Cost": 58306.47,
                        "Plan Rows": 477762,
                        "Plan Width": 4,
                        "Actual Startup Time": 234.678,
                        "Actual Total Time": 234.679,
                        "Actual Rows": 369380,
                        "Actual Loops": 2,
                        "Hash Buckets": 1048576,
                        "Original Hash Buckets": 1048576,
                        "Hash Batches": 1,
                        "Original Hash Batches": 1,
                        "Peak Memory Usage": 37120,
                        "Plans": [
                          {
                            "Node Type": "Seq Scan",
                            "Parent Relationship": "Outer",
                            "Parallel Aware": true,
                            "Relation Name": "title",
                            "Alias": "t",
                            "Startup Cost": 0.0,
                            "Total Cost": 58306.47,
                            "Plan Rows": 477762,
                            "Plan Width": 4,
                            "Actual Startup Time": 0.02,
                            "Actual Total Time": 143.183,
                            "Actual Rows": 369380,
                            "Actual Loops": 2,
                            "Filter": "((production_year < 2005) AND (kind_id = 7))",
                            "Rows Removed by Filter": 894776
                          }
                        ]
                      }
                    ]
                  },
                  {
                    "Node Type": "Hash",
                    "Parent Relationship": "Inner",
                    "Parallel Aware": true,
                    "Startup Cost": 41811.73,
                    "Total Cost": 41811.73,
                    "Plan Rows": 691255,
                    "Plan Width": 4,
                    "Actual Startup Time": 261.174,
                    "Actual Total Time": 261.175,
                    "Actual Rows": 519589,
                    "Actual Loops": 2,
                    "Hash Buckets": 2097152,
                    "Original Hash Buckets": 2097152,
                    "Hash Batches": 1,
                    "Original Hash Batches": 1,
                    "Peak Memory Usage": 57088,
                    "Plans": [
                      {
                        "Node Type": "Seq Scan",
                        "Parent Relationship": "Outer",
                        "Parallel Aware": true,
                        "Relation Name": "movie_companies",
                        "Alias": "mc",
                        "Startup Cost": 0.0,
                        "Total Cost": 41811.73,
                        "Plan Rows": 691255,
                        "Plan Width": 4,
                        "Actual Startup Time": 65.509,
                        "Actual Total Time": 138.394,
                        "Actual Rows": 519589,
                        "Actual Loops": 2,
                        "Filter": "((company_id < 94757) AND (company_type_id = 2))",
                        "Rows Removed by Filter": 784976
                      }
                    ]
                  }
                ]
              }
            ]
          }
        ]
      }
    ]
  },
  "Planning Time": 0.999,
  "Triggers": [],
  "Execution Time": 2661.76
}