[
    {
        "Bao": {
            "Bao prediction": "NaN",
            "Bao recommended hint": "(no hint)"
        }
    },
    {
        "Plan": {
            "Node Type": "Aggregate",
            "Strategy": "Plain",
            "Partial Mode": "Finalize",
            "Parallel Aware": false,
            "Startup Cost": 76426.95,
            "Total Cost": 76426.96,
            "Plan Rows": 1,
            "Plan Width": 8,
            "Actual Startup Time": 291.152,
            "Actual Total Time": 299.619,
            "Actual Rows": 1,
            "Actual Loops": 1,
            "Output": [
                "count(*)"
            ],
            "Plans": [
                {
                    "Node Type": "Gather",
                    "Parent Relationship": "Outer",
                    "Parallel Aware": false,
                    "Startup Cost": 76426.53,
                    "Total Cost": 76426.94,
                    "Plan Rows": 4,
                    "Plan Width": 8,
                    "Actual Startup Time": 288.93,
                    "Actual Total Time": 299.607,
                    "Actual Rows": 5,
                    "Actual Loops": 1,
                    "Output": [
                        "(PARTIAL count(*))"
                    ],
                    "Workers Planned": 4,
                    "Workers Launched": 4,
                    "Single Copy": false,
                    "Plans": [
                        {
                            "Node Type": "Aggregate",
                            "Strategy": "Plain",
                            "Partial Mode": "Partial",
                            "Parent Relationship": "Outer",
                            "Parallel Aware": false,
                            "Startup Cost": 75426.53,
                            "Total Cost": 75426.54,
                            "Plan Rows": 1,
                            "Plan Width": 8,
                            "Actual Startup Time": 279.024,
                            "Actual Total Time": 279.029,
                            "Actual Rows": 1,
                            "Actual Loops": 5,
                            "Output": [
                                "PARTIAL count(*)"
                            ],
                            "Workers": [
                                {
                                    "Worker Number": 0,
                                    "Actual Startup Time": 276.841,
                                    "Actual Total Time": 276.846,
                                    "Actual Rows": 1,
                                    "Actual Loops": 1
                                },
                                {
                                    "Worker Number": 1,
                                    "Actual Startup Time": 276.584,
                                    "Actual Total Time": 276.588,
                                    "Actual Rows": 1,
                                    "Actual Loops": 1
                                },
                                {
                                    "Worker Number": 2,
                                    "Actual Startup Time": 276.561,
                                    "Actual Total Time": 276.565,
                                    "Actual Rows": 1,
                                    "Actual Loops": 1
                                },
                                {
                                    "Worker Number": 3,
                                    "Actual Startup Time": 276.635,
                                    "Actual Total Time": 276.638,
                                    "Actual Rows": 1,
                                    "Actual Loops": 1
                                }
                            ],
                            "Plans": [
                                {
                                    "Node Type": "Hash Join",
                                    "Parent Relationship": "Outer",
                                    "Parallel Aware": true,
                                    "Join Type": "Inner",
                                    "Startup Cost": 29434.96,
                                    "Total Cost": 75202.82,
                                    "Plan Rows": 89483,
                                    "Plan Width": 0,
                                    "Actual Startup Time": 121.17,
                                    "Actual Total Time": 275.082,
                                    "Actual Rows": 72694,
                                    "Actual Loops": 5,
                                    "Inner Unique": false,
                                    "Hash Cond": "(t.id = mc.movie_id)",
                                    "Workers": [
                                        {
                                            "Worker Number": 0,
                                            "Actual Startup Time": 99.274,
                                            "Actual Total Time": 272.685,
                                            "Actual Rows": 55111,
                                            "Actual Loops": 1
                                        },
                                        {
                                            "Worker Number": 1,
                                            "Actual Startup Time": 130.313,
                                            "Actual Total Time": 272.827,
                                            "Actual Rows": 82552,
                                            "Actual Loops": 1
                                        },
                                        {
                                            "Worker Number": 2,
                                            "Actual Startup Time": 104.775,
                                            "Actual Total Time": 272.908,
                                            "Actual Rows": 79119,
                                            "Actual Loops": 1
                                        },
                                        {
                                            "Worker Number": 3,
                                            "Actual Startup Time": 140.611,
                                            "Actual Total Time": 273.005,
                                            "Actual Rows": 78263,
                                            "Actual Loops": 1
                                        }
                                    ],
                                    "Plans": [
                                        {
                                            "Node Type": "Seq Scan",
                                            "Parent Relationship": "Outer",
                                            "Parallel Aware": true,
                                            "Relation Name": "title",
                                            "Schema": "public",
                                            "Alias": "t",
                                            "Startup Cost": 0.0,
                                            "Total Cost": 42318.81,
                                            "Plan Rows": 632080,
                                            "Plan Width": 4,
                                            "Actual Startup Time": 0.01,
                                            "Actual Total Time": 66.764,
                                            "Actual Rows": 505662,
                                            "Actual Loops": 5,
                                            "Output": [
                                                "t.id",
                                                "t.title",
                                                "t.imdb_index",
                                                "t.kind_id",
                                                "t.production_year",
                                                "t.imdb_id",
                                                "t.phonetic_code",
                                                "t.episode_of_id",
                                                "t.season_nr",
                                                "t.episode_nr",
                                                "t.series_years",
                                                "t.md5sum"
                                            ],
                                            "Workers": [
                                                {
                                                    "Worker Number": 0,
                                                    "Actual Startup Time": 0.008,
                                                    "Actual Total Time": 71.46,
                                                    "Actual Rows": 385167,
                                                    "Actual Loops": 1
                                                },
                                                {
                                                    "Worker Number": 1,
                                                    "Actual Startup Time": 0.014,
                                                    "Actual Total Time": 66.37,
                                                    "Actual Rows": 575487,
                                                    "Actual Loops": 1
                                                },
                                                {
                                                    "Worker Number": 2,
                                                    "Actual Startup Time": 0.011,
                                                    "Actual Total Time": 69.449,
                                                    "Actual Rows": 540378,
                                                    "Actual Loops": 1
                                                },
                                                {
                                                    "Worker Number": 3,
                                                    "Actual Startup Time": 0.012,
                                                    "Actual Total Time": 69.234,
                                                    "Actual Rows": 536137,
                                                    "Actual Loops": 1
                                                }
                                            ]
                                        },
                                        {
                                            "Node Type": "Hash",
                                            "Parent Relationship": "Inner",
                                            "Parallel Aware": true,
                                            "Startup Cost": 27991.69,
                                            "Total Cost": 27991.69,
                                            "Plan Rows": 115462,
                                            "Plan Width": 4,
                                            "Actual Startup Time": 96.046,
                                            "Actual Total Time": 96.048,
                                            "Actual Rows": 72694,
                                            "Actual Loops": 5,
                                            "Output": [
                                                "mc.movie_id"
                                            ],
                                            "Hash Buckets": 524288,
                                            "Original Hash Buckets": 524288,
                                            "Hash Batches": 1,
                                            "Original Hash Batches": 1,
                                            "Peak Memory Usage": 18400,
                                            "Workers": [
                                                {
                                                    "Worker Number": 0,
                                                    "Actual Startup Time": 95.048,
                                                    "Actual Total Time": 95.049,
                                                    "Actual Rows": 60502,
                                                    "Actual Loops": 1
                                                },
                                                {
                                                    "Worker Number": 1,
                                                    "Actual Startup Time": 95.046,
                                                    "Actual Total Time": 95.048,
                                                    "Actual Rows": 71666,
                                                    "Actual Loops": 1
                                                },
                                                {
                                                    "Worker Number": 2,
                                                    "Actual Startup Time": 95.047,
                                                    "Actual Total Time": 95.049,
                                                    "Actual Rows": 64018,
                                                    "Actual Loops": 1
                                                },
                                                {
                                                    "Worker Number": 3,
                                                    "Actual Startup Time": 95.119,
                                                    "Actual Total Time": 95.12,
                                                    "Actual Rows": 63091,
                                                    "Actual Loops": 1
                                                }
                                            ],
                                            "Plans": [
                                                {
                                                    "Node Type": "Bitmap Heap Scan",
                                                    "Parent Relationship": "Outer",
                                                    "Parallel Aware": true,
                                                    "Relation Name": "movie_companies",
                                                    "Schema": "public",
                                                    "Alias": "mc",
                                                    "Startup Cost": 7758.41,
                                                    "Total Cost": 27991.69,
                                                    "Plan Rows": 115462,
                                                    "Plan Width": 4,
                                                    "Actual Startup Time": 29.997,
                                                    "Actual Total Time": 62.113,
                                                    "Actual Rows": 72694,
                                                    "Actual Loops": 5,
                                                    "Output": [
                                                        "mc.movie_id"
                                                    ],
                                                    "Recheck Cond": "(mc.company_id > 86362)",
                                                    "Rows Removed by Index Recheck": 0,
                                                    "Exact Heap Blocks": 1758,
                                                    "Lossy Heap Blocks": 0,
                                                    "Workers": [
                                                        {
                                                            "Worker Number": 0,
                                                            "Actual Startup Time": 28.985,
                                                            "Actual Total Time": 62.505,
                                                            "Actual Rows": 60502,
                                                            "Actual Loops": 1
                                                        },
                                                        {
                                                            "Worker Number": 1,
                                                            "Actual Startup Time": 28.974,
                                                            "Actual Total Time": 62.168,
                                                            "Actual Rows": 71666,
                                                            "Actual Loops": 1
                                                        },
                                                        {
                                                            "Worker Number": 2,
                                                            "Actual Startup Time": 29.06,
                                                            "Actual Total Time": 61.959,
                                                            "Actual Rows": 64018,
                                                            "Actual Loops": 1
                                                        },
                                                        {
                                                            "Worker Number": 3,
                                                            "Actual Startup Time": 29.187,
                                                            "Actual Total Time": 62.419,
                                                            "Actual Rows": 63091,
                                                            "Actual Loops": 1
                                                        }
                                                    ],
                                                    "Plans": [
                                                        {
                                                            "Node Type": "Bitmap Index Scan",
                                                            "Parent Relationship": "Outer",
                                                            "Parallel Aware": false,
                                                            "Index Name": "company_id_movie_companies",
                                                            "Startup Cost": 0.0,
                                                            "Total Cost": 7668.93,
                                                            "Plan Rows": 357933,
                                                            "Plan Width": 0,
                                                            "Actual Startup Time": 32.584,
                                                            "Actual Total Time": 32.585,
                                                            "Actual Rows": 363471,
                                                            "Actual Loops": 1,
                                                            "Index Cond": "(mc.company_id > 86362)"
                                                        }
                                                    ]
                                                }
                                            ]
                                        }
                                    ]
                                }
                            ]
                        }
                    ]
                }
            ]
        },
        "Planning Time": 312.93,
        "Triggers": [],
        "Execution Time": 299.709
    }
]