{
  "Plan": {
    "Node Type": "Aggregate",
    "Strategy": "Plain",
    "Partial Mode": "Finalize",
    "Parallel Aware": false,
    "Startup Cost": 237505.23,
    "Total Cost": 237505.24,
    "Plan Rows": 1,
    "Plan Width": 8,
    "Actual Startup Time": 495.607,
    "Actual Total Time": 513.002,
    "Actual Rows": 1,
    "Actual Loops": 1,
    "Plans": [
      {
        "Node Type": "Gather",
        "Parent Relationship": "Outer",
        "Parallel Aware": false,
        "Startup Cost": 237505.12,
        "Total Cost": 237505.23,
        "Plan Rows": 1,
        "Plan Width": 8,
        "Actual Startup Time": 492.976,
        "Actual Total Time": 512.995,
        "Actual Rows": 2,
        "Actual Loops": 1,
        "Workers Planned": 1,
        "Workers Launched": 1,
        "Single Copy": false,
        "Plans": [
          {
            "Node Type": "Aggregate",
            "Strategy": "Plain",
            "Partial Mode": "Partial",
            "Parent Relationship": "Outer",
            "Parallel Aware": false,
            "Startup Cost": 236505.12,
            "Total Cost": 236505.13,
            "Plan Rows": 1,
            "Plan Width": 8,
            "Actual Startup Time": 484.874,
            "Actual Total Time": 484.878,
            "Actual Rows": 1,
            "Actual Loops": 2,
            "Plans": [
              {
                "Node Type": "Hash Join",
                "Parent Relationship": "Outer",
                "Parallel Aware": true,
                "Join Type": "Inner",
                "Startup Cost": 71121.66,
                "Total Cost": 236223.18,
                "Plan Rows": 112776,
                "Plan Width": 0,
                "Actual Startup Time": 375.114,
                "Actual Total Time": 480.631,
                "Actual Rows": 94760,
                "Actual Loops": 2,
                "Inner Unique": true,
                "Hash Cond": "(mi.movie_id = t.id)",
                "Plans": [
                  {
                    "Node Type": "Bitmap Heap Scan",
                    "Parent Relationship": "Outer",
                    "Parallel Aware": true,
                    "Relation Name": "movie_info",
                    "Alias": "mi",
                    "Startup Cost": 6332.18,
                    "Total Cost": 170894.21,
                    "Plan Rows": 205522,
                    "Plan Width": 4,
                    "Actual Startup Time": 15.137,
                    "Actual Total Time": 62.103,
                    "Actual Rows": 164428,
                    "Actual Loops": 2,
                    "Recheck Cond": "(info_type_id = 98)",
                    "Rows Removed by Index Recheck": 0,
                    "Exact Heap Blocks": 14142,
                    "Lossy Heap Blocks": 0,
                    "Plans": [
                      {
                        "Node Type": "Bitmap Index Scan",
                        "Parent Relationship": "Outer",
                        "Parallel Aware": false,
                        "Index Name": "info_type_id_movie_info",
                        "Startup Cost": 0.0,
                        "Total Cost": 6244.84,
                        "Plan Rows": 349387,
                        "Plan Width": 0,
                        "Actual Startup Time": 11.498,
                        "Actual Total Time": 11.499,
                        "Actual Rows": 328857,
                        "Actual Loops": 1,
                        "Index Cond": "(info_type_id = 98)"
                      }
                    ]
                  },
                  {
                    "Node Type": "Hash",
                    "Parent Relationship": "Inner",
                    "Parallel Aware": true,
                    "Startup Cost": 54588.39,
                    "Total Cost": 54588.39,
                    "Plan Rows": 816087,
                    "Plan Width": 4,
                    "Actual Startup Time": 345.699,
                    "Actual Total Time": 345.699,
                    "Actual Rows": 690726,
                    "Actual Loops": 2,
                    "Hash Buckets": 2097152,
                    "Original Hash Buckets": 2097152,
                    "Hash Batches": 1,
                    "Original Hash Batches": 1,
                    "Peak Memory Usage": 70464,
                    "Plans": [
                      {
                        "Node Type": "Seq Scan",
                        "Parent Relationship": "Outer",
                        "Parallel Aware": true,
                        "Relation Name": "title",
                        "Alias": "t",
                        "Startup Cost": 0.0,
                        "Total Cost": 54588.39,
                        "Plan Rows": 816087,
                        "Plan Width": 4,
                        "Actual Startup Time": 0.041,
                        "Actual Total Time": 166.806,
                        "Actual Rows": 690726,
                        "Actual Loops": 2,
                        "Filter": "(production_year > 2000)",
                        "Rows Removed by Filter": 573430
                      }
                    ]
                  }
                ]
              }
            ]
          }
        ]
      }
    ]
  },
  "Planning Time": 0.596,
  "Triggers": [],
  "Execution Time": 513.092
}