[
    {
        "Bao": {
            "Bao prediction": 462.482,
            "Bao recommended hint": "SET enable_mergejoin TO off; SET enable_indexscan TO off; "
        }
    },
    {
        "Plan": {
            "Node Type": "Aggregate",
            "Strategy": "Plain",
            "Partial Mode": "Finalize",
            "Parallel Aware": false,
            "Startup Cost": 346924.89,
            "Total Cost": 346924.9,
            "Plan Rows": 1,
            "Plan Width": 8,
            "Actual Startup Time": 709.332,
            "Actual Total Time": 742.011,
            "Actual Rows": 1,
            "Actual Loops": 1,
            "Output": [
                "count(*)"
            ],
            "Plans": [
                {
                    "Node Type": "Gather",
                    "Parent Relationship": "Outer",
                    "Parallel Aware": false,
                    "Startup Cost": 346924.26,
                    "Total Cost": 346924.87,
                    "Plan Rows": 6,
                    "Plan Width": 8,
                    "Actual Startup Time": 709.245,
                    "Actual Total Time": 742.003,
                    "Actual Rows": 7,
                    "Actual Loops": 1,
                    "Output": [
                        "(PARTIAL count(*))"
                    ],
                    "Workers Planned": 6,
                    "Workers Launched": 6,
                    "Single Copy": false,
                    "Plans": [
                        {
                            "Node Type": "Aggregate",
                            "Strategy": "Plain",
                            "Partial Mode": "Partial",
                            "Parent Relationship": "Outer",
                            "Parallel Aware": false,
                            "Startup Cost": 345924.26,
                            "Total Cost": 345924.27,
                            "Plan Rows": 1,
                            "Plan Width": 8,
                            "Actual Startup Time": 699.903,
                            "Actual Total Time": 699.904,
                            "Actual Rows": 1,
                            "Actual Loops": 7,
                            "Output": [
                                "PARTIAL count(*)"
                            ],
                            "Workers": [
                                {
                                    "Worker Number": 0,
                                    "Actual Startup Time": 698.111,
                                    "Actual Total Time": 698.112,
                                    "Actual Rows": 1,
                                    "Actual Loops": 1
                                },
                                {
                                    "Worker Number": 1,
                                    "Actual Startup Time": 698.345,
                                    "Actual Total Time": 698.346,
                                    "Actual Rows": 1,
                                    "Actual Loops": 1
                                },
                                {
                                    "Worker Number": 2,
                                    "Actual Startup Time": 698.507,
                                    "Actual Total Time": 698.507,
                                    "Actual Rows": 1,
                                    "Actual Loops": 1
                                },
                                {
                                    "Worker Number": 3,
                                    "Actual Startup Time": 698.547,
                                    "Actual Total Time": 698.549,
                                    "Actual Rows": 1,
                                    "Actual Loops": 1
                                },
                                {
                                    "Worker Number": 4,
                                    "Actual Startup Time": 698.546,
                                    "Actual Total Time": 698.547,
                                    "Actual Rows": 1,
                                    "Actual Loops": 1
                                },
                                {
                                    "Worker Number": 5,
                                    "Actual Startup Time": 698.875,
                                    "Actual Total Time": 698.877,
                                    "Actual Rows": 1,
                                    "Actual Loops": 1
                                }
                            ],
                            "Plans": [
                                {
                                    "Node Type": "Seq Scan",
                                    "Parent Relationship": "Outer",
                                    "Parallel Aware": true,
                                    "Relation Name": "cast_info",
                                    "Schema": "public",
                                    "Alias": "ci",
                                    "Startup Cost": 0.0,
                                    "Total Cost": 343318.94,
                                    "Plan Rows": 1042128,
                                    "Plan Width": 0,
                                    "Actual Startup Time": 503.172,
                                    "Actual Total Time": 677.219,
                                    "Actual Rows": 389850,
                                    "Actual Loops": 7,
                                    "Output": [
                                        "id",
                                        "person_id",
                                        "movie_id",
                                        "person_role_id",
                                        "note",
                                        "nr_order",
                                        "role_id"
                                    ],
                                    "Filter": "((ci.person_id < 2466014) AND (ci.role_id > 4))",
                                    "Rows Removed by Filter": 4787913,
                                    "Workers": [
                                        {
                                            "Worker Number": 0,
                                            "Actual Startup Time": 501.376,
                                            "Actual Total Time": 675.496,
                                            "Actual Rows": 329363,
                                            "Actual Loops": 1
                                        },
                                        {
                                            "Worker Number": 1,
                                            "Actual Startup Time": 501.624,
                                            "Actual Total Time": 675.723,
                                            "Actual Rows": 329810,
                                            "Actual Loops": 1
                                        },
                                        {
                                            "Worker Number": 2,
                                            "Actual Startup Time": 501.765,
                                            "Actual Total Time": 675.994,
                                            "Actual Rows": 328302,
                                            "Actual Loops": 1
                                        },
                                        {
                                            "Worker Number": 3,
                                            "Actual Startup Time": 501.82,
                                            "Actual Total Time": 675.724,
                                            "Actual Rows": 473784,
                                            "Actual Loops": 1
                                        },
                                        {
                                            "Worker Number": 4,
                                            "Actual Startup Time": 501.828,
                                            "Actual Total Time": 676.373,
                                            "Actual Rows": 322767,
                                            "Actual Loops": 1
                                        },
                                        {
                                            "Worker Number": 5,
                                            "Actual Startup Time": 502.138,
                                            "Actual Total Time": 676.916,
                                            "Actual Rows": 316957,
                                            "Actual Loops": 1
                                        }
                                    ]
                                }
                            ]
                        }
                    ]
                }
            ]
        },
        "Planning Time": 670.275,
        "Triggers": [],
        "Execution Time": 742.108
    }
]