{
  "Plan": {
    "Node Type": "Aggregate",
    "Strategy": "Plain",
    "Partial Mode": "Finalize",
    "Parallel Aware": false,
    "Startup Cost": 136079.6,
    "Total Cost": 136079.61,
    "Plan Rows": 1,
    "Plan Width": 8,
    "Actual Startup Time": 829.482,
    "Actual Total Time": 853.875,
    "Actual Rows": 1,
    "Actual Loops": 1,
    "Plans": [
      {
        "Node Type": "Gather",
        "Parent Relationship": "Outer",
        "Parallel Aware": false,
        "Startup Cost": 136079.49,
        "Total Cost": 136079.6,
        "Plan Rows": 1,
        "Plan Width": 8,
        "Actual Startup Time": 829.028,
        "Actual Total Time": 853.868,
        "Actual Rows": 2,
        "Actual Loops": 1,
        "Workers Planned": 1,
        "Workers Launched": 1,
        "Single Copy": false,
        "Plans": [
          {
            "Node Type": "Aggregate",
            "Strategy": "Plain",
            "Partial Mode": "Partial",
            "Parent Relationship": "Outer",
            "Parallel Aware": false,
            "Startup Cost": 135079.49,
            "Total Cost": 135079.5,
            "Plan Rows": 1,
            "Plan Width": 8,
            "Actual Startup Time": 823.049,
            "Actual Total Time": 823.052,
            "Actual Rows": 1,
            "Actual Loops": 2,
            "Plans": [
              {
                "Node Type": "Merge Join",
                "Parent Relationship": "Outer",
                "Parallel Aware": false,
                "Join Type": "Inner",
                "Startup Cost": 30848.03,
                "Total Cost": 134996.2,
                "Plan Rows": 33314,
                "Plan Width": 0,
                "Actual Startup Time": 608.955,
                "Actual Total Time": 821.439,
                "Actual Rows": 27668,
                "Actual Loops": 2,
                "Inner Unique": false,
                "Merge Cond": "(t.id = mk.movie_id)",
                "Plans": [
                  {
                    "Node Type": "Index Only Scan",
                    "Parent Relationship": "Outer",
                    "Parallel Aware": true,
                    "Scan Direction": "Forward",
                    "Index Name": "title_pkey",
                    "Relation Name": "title",
                    "Alias": "t",
                    "Startup Cost": 0.43,
                    "Total Cost": 99929.35,
                    "Plan Rows": 1487231,
                    "Plan Width": 4,
                    "Actual Startup Time": 0.099,
                    "Actual Total Time": 668.173,
                    "Actual Rows": 1262823,
                    "Actual Loops": 2,
                    "Heap Fetches": 2525646
                  },
                  {
                    "Node Type": "Sort",
                    "Parent Relationship": "Inner",
                    "Parallel Aware": false,
                    "Startup Cost": 30836.24,
                    "Total Cost": 30977.83,
                    "Plan Rows": 56633,
                    "Plan Width": 4,
                    "Actual Startup Time": 67.189,
                    "Actual Total Time": 70.811,
                    "Actual Rows": 55337,
                    "Actual Loops": 2,
                    "Sort Key": [
                      "mk.movie_id"
                    ],
                    "Sort Method": "quicksort",
                    "Sort Space Used": 4130,
                    "Sort Space Type": "Memory",
                    "Workers": [
                      {
                        "Worker Number": 0,
                        "Sort Method": "quicksort",
                        "Sort Space Used": 4130,
                        "Sort Space Type": "Memory"
                      }
                    ],
                    "Plans": [
                      {
                        "Node Type": "Bitmap Heap Scan",
                        "Parent Relationship": "Outer",
                        "Parallel Aware": false,
                        "Relation Name": "movie_keyword",
                        "Alias": "mk",
                        "Startup Cost": 1203.34,
                        "Total Cost": 26365.25,
                        "Plan Rows": 56633,
                        "Plan Width": 4,
                        "Actual Startup Time": 15.571,
                        "Actual Total Time": 53.487,
                        "Actual Rows": 55337,
                        "Actual Loops": 2,
                        "Recheck Cond": "(keyword_id > 97167)",
                        "Rows Removed by Index Recheck": 0,
                        "Exact Heap Blocks": 13054,
                        "Lossy Heap Blocks": 0,
                        "Plans": [
                          {
                            "Node Type": "Bitmap Index Scan",
                            "Parent Relationship": "Outer",
                            "Parallel Aware": false,
                            "Index Name": "keyword_id_movie_keyword",
                            "Startup Cost": 0.0,
                            "Total Cost": 1189.18,
                            "Plan Rows": 56633,
                            "Plan Width": 0,
                            "Actual Startup Time": 11.544,
                            "Actual Total Time": 11.544,
                            "Actual Rows": 55337,
                            "Actual Loops": 2,
                            "Index Cond": "(keyword_id > 97167)"
                          }
                        ]
                      }
                    ]
                  }
                ]
              }
            ]
          }
        ]
      }
    ]
  },
  "Planning Time": 0.683,
  "Triggers": [],
  "Execution Time": 853.968
}