[
  {
    "Plan": {
      "Node Type": "Aggregate",
      "Strategy": "Plain",
      "Partial Mode": "Finalize",
      "Parallel Aware": false,
      "Startup Cost": 405119.1,
      "Total Cost": 405119.11,
      "Plan Rows": 1,
      "Plan Width": 8,
      "Actual Startup Time": 1857.503,
      "Actual Total Time": 1912.833,
      "Actual Rows": 1,
      "Actual Loops": 1,
      "Plans": [
        {
          "Node Type": "Gather",
          "Parent Relationship": "Outer",
          "Parallel Aware": false,
          "Startup Cost": 405118.48,
          "Total Cost": 405119.09,
          "Plan Rows": 6,
          "Plan Width": 8,
          "Actual Startup Time": 1848.098,
          "Actual Total Time": 1912.815,
          "Actual Rows": 7,
          "Actual Loops": 1,
          "Workers Planned": 6,
          "Workers Launched": 6,
          "Single Copy": false,
          "Plans": [
            {
              "Node Type": "Aggregate",
              "Strategy": "Plain",
              "Partial Mode": "Partial",
              "Parent Relationship": "Outer",
              "Parallel Aware": false,
              "Startup Cost": 404118.48,
              "Total Cost": 404118.49,
              "Plan Rows": 1,
              "Plan Width": 8,
              "Actual Startup Time": 1834.777,
              "Actual Total Time": 1834.783,
              "Actual Rows": 1,
              "Actual Loops": 7,
              "Plans": [
                {
                  "Node Type": "Hash Join",
                  "Parent Relationship": "Outer",
                  "Parallel Aware": true,
                  "Join Type": "Inner",
                  "Startup Cost": 50986.51,
                  "Total Cost": 400202.44,
                  "Plan Rows": 1566414,
                  "Plan Width": 0,
                  "Actual Startup Time": 222.848,
                  "Actual Total Time": 1766.025,
                  "Actual Rows": 1464610,
                  "Actual Loops": 7,
                  "Inner Unique": true,
                  "Hash Cond": "(ci.movie_id = t.id)",
                  "Plans": [
                    {
                      "Node Type": "Seq Scan",
                      "Parent Relationship": "Outer",
                      "Parallel Aware": true,
                      "Relation Name": "cast_info",
                      "Alias": "ci",
                      "Startup Cost": 0.0,
                      "Total Cost": 343316.27,
                      "Plan Rows": 2247486,
                      "Plan Width": 4,
                      "Actual Startup Time": 0.045,
                      "Actual Total Time": 700.005,
                      "Actual Rows": 2134830,
                      "Actual Loops": 7,
                      "Filter": "((person_id < 1540997) AND (role_id < 10))",
                      "Rows Removed by Filter": 3042933
                    },
                    {
                      "Node Type": "Hash",
                      "Parent Relationship": "Inner",
                      "Parallel Aware": true,
                      "Startup Cost": 45479.59,
                      "Total Cost": 45479.59,
                      "Plan Rows": 440554,
                      "Plan Width": 4,
                      "Actual Startup Time": 217.867,
                      "Actual Total Time": 217.869,
                      "Actual Rows": 257129,
                      "Actual Loops": 7,
                      "Hash Buckets": 2097152,
                      "Original Hash Buckets": 2097152,
                      "Hash Batches": 1,
                      "Original Hash Batches": 1,
                      "Peak Memory Usage": 86880,
                      "Plans": [
                        {
                          "Node Type": "Seq Scan",
                          "Parent Relationship": "Outer",
                          "Parallel Aware": true,
                          "Relation Name": "title",
                          "Alias": "t",
                          "Startup Cost": 0.0,
                          "Total Cost": 45479.59,
                          "Plan Rows": 440554,
                          "Plan Width": 4,
                          "Actual Startup Time": 0.043,
                          "Actual Total Time": 89.441,
                          "Actual Rows": 257129,
                          "Actual Loops": 7,
                          "Filter": "((kind_id > 1) AND (production_year > 1916))",
                          "Rows Removed by Filter": 104058
                        }
                      ]
                    }
                  ]
                }
              ]
            }
          ]
        }
      ]
    },
    "Planning Time": 0.589,
    "Triggers": [],
    "Execution Time": 1912.909
  }
]