[
  {
    "Plan": {
      "Node Type": "Aggregate",
      "Strategy": "Plain",
      "Partial Mode": "Finalize",
      "Parallel Aware": false,
      "Startup Cost": 405160.12,
      "Total Cost": 405160.13,
      "Plan Rows": 1,
      "Plan Width": 8,
      "Actual Startup Time": 2002.888,
      "Actual Total Time": 2077.858,
      "Actual Rows": 1,
      "Actual Loops": 1,
      "Plans": [
        {
          "Node Type": "Gather",
          "Parent Relationship": "Outer",
          "Parallel Aware": false,
          "Startup Cost": 405159.5,
          "Total Cost": 405160.11,
          "Plan Rows": 6,
          "Plan Width": 8,
          "Actual Startup Time": 1991.884,
          "Actual Total Time": 2077.843,
          "Actual Rows": 7,
          "Actual Loops": 1,
          "Workers Planned": 6,
          "Workers Launched": 6,
          "Single Copy": false,
          "Plans": [
            {
              "Node Type": "Aggregate",
              "Strategy": "Plain",
              "Partial Mode": "Partial",
              "Parent Relationship": "Outer",
              "Parallel Aware": false,
              "Startup Cost": 404159.5,
              "Total Cost": 404159.51,
              "Plan Rows": 1,
              "Plan Width": 8,
              "Actual Startup Time": 1977.465,
              "Actual Total Time": 1977.47,
              "Actual Rows": 1,
              "Actual Loops": 7,
              "Plans": [
                {
                  "Node Type": "Hash Join",
                  "Parent Relationship": "Outer",
                  "Parallel Aware": true,
                  "Join Type": "Inner",
                  "Startup Cost": 50981.6,
                  "Total Cost": 400203.29,
                  "Plan Rows": 1582483,
                  "Plan Width": 0,
                  "Actual Startup Time": 223.617,
                  "Actual Total Time": 1897.891,
                  "Actual Rows": 1464610,
                  "Actual Loops": 7,
                  "Inner Unique": true,
                  "Hash Cond": "(ci.movie_id = t.id)",
                  "Plans": [
                    {
                      "Node Type": "Seq Scan",
                      "Parent Relationship": "Outer",
                      "Parallel Aware": true,
                      "Relation Name": "cast_info",
                      "Alias": "ci",
                      "Startup Cost": 0.0,
                      "Total Cost": 343257.03,
                      "Plan Rows": 2272248,
                      "Plan Width": 4,
                      "Actual Startup Time": 0.029,
                      "Actual Total Time": 778.109,
                      "Actual Rows": 2134830,
                      "Actual Loops": 7,
                      "Filter": "((person_id < 1540997) AND (role_id < 10))",
                      "Rows Removed by Filter": 3042933
                    },
                    {
                      "Node Type": "Hash",
                      "Parent Relationship": "Inner",
                      "Parallel Aware": true,
                      "Startup Cost": 45479.1,
                      "Total Cost": 45479.1,
                      "Plan Rows": 440200,
                      "Plan Width": 4,
                      "Actual Startup Time": 218.776,
                      "Actual Total Time": 218.777,
                      "Actual Rows": 257129,
                      "Actual Loops": 7,
                      "Hash Buckets": 2097152,
                      "Original Hash Buckets": 2097152,
                      "Hash Batches": 1,
                      "Original Hash Batches": 1,
                      "Peak Memory Usage": 86944,
                      "Plans": [
                        {
                          "Node Type": "Seq Scan",
                          "Parent Relationship": "Outer",
                          "Parallel Aware": true,
                          "Relation Name": "title",
                          "Alias": "t",
                          "Startup Cost": 0.0,
                          "Total Cost": 45479.1,
                          "Plan Rows": 440200,
                          "Plan Width": 4,
                          "Actual Startup Time": 0.048,
                          "Actual Total Time": 92.706,
                          "Actual Rows": 257129,
                          "Actual Loops": 7,
                          "Filter": "((kind_id > 1) AND (production_year > 1916))",
                          "Rows Removed by Filter": 104058
                        }
                      ]
                    }
                  ]
                }
              ]
            }
          ]
        }
      ]
    },
    "Planning Time": 0.632,
    "Triggers": [],
    "Execution Time": 2077.949
  }
]