[
  {
    "Plan": {
      "Node Type": "Aggregate",
      "Strategy": "Plain",
      "Partial Mode": "Finalize",
      "Parallel Aware": false,
      "Startup Cost": 309781.36,
      "Total Cost": 309781.37,
      "Plan Rows": 1,
      "Plan Width": 8,
      "Actual Startup Time": 219.206,
      "Actual Total Time": 232.742,
      "Actual Rows": 1,
      "Actual Loops": 1,
      "Plans": [
        {
          "Node Type": "Gather",
          "Parent Relationship": "Outer",
          "Parallel Aware": false,
          "Startup Cost": 309780.73,
          "Total Cost": 309781.34,
          "Plan Rows": 6,
          "Plan Width": 8,
          "Actual Startup Time": 218.434,
          "Actual Total Time": 232.723,
          "Actual Rows": 7,
          "Actual Loops": 1,
          "Workers Planned": 6,
          "Workers Launched": 6,
          "Single Copy": false,
          "Plans": [
            {
              "Node Type": "Aggregate",
              "Strategy": "Plain",
              "Partial Mode": "Partial",
              "Parent Relationship": "Outer",
              "Parallel Aware": false,
              "Startup Cost": 308780.73,
              "Total Cost": 308780.74,
              "Plan Rows": 1,
              "Plan Width": 8,
              "Actual Startup Time": 211.37,
              "Actual Total Time": 211.372,
              "Actual Rows": 1,
              "Actual Loops": 7,
              "Plans": [
                {
                  "Node Type": "Bitmap Heap Scan",
                  "Parent Relationship": "Outer",
                  "Parallel Aware": true,
                  "Relation Name": "cast_info",
                  "Alias": "ci",
                  "Startup Cost": 50388.08,
                  "Total Cost": 307829.79,
                  "Plan Rows": 380377,
                  "Plan Width": 0,
                  "Actual Startup Time": 94.772,
                  "Actual Total Time": 190.584,
                  "Actual Rows": 335795,
                  "Actual Loops": 7,
                  "Recheck Cond": "(person_id < 228738)",
                  "Rows Removed by Index Recheck": 0,
                  "Exact Heap Blocks": 5244,
                  "Lossy Heap Blocks": 0,
                  "Plans": [
                    {
                      "Node Type": "Bitmap Index Scan",
                      "Parent Relationship": "Outer",
                      "Parallel Aware": false,
                      "Index Name": "person_id_cast_info",
                      "Startup Cost": 0.0,
                      "Total Cost": 49817.51,
                      "Plan Rows": 2282260,
                      "Plan Width": 0,
                      "Actual Startup Time": 97.183,
                      "Actual Total Time": 97.184,
                      "Actual Rows": 2350567,
                      "Actual Loops": 1,
                      "Index Cond": "(person_id < 228738)"
                    }
                  ]
                }
              ]
            }
          ]
        }
      ]
    },
    "Planning Time": 0.149,
    "Triggers": [],
    "Execution Time": 232.802
  }
]