[
  {
    "Plan": {
      "Node Type": "Aggregate",
      "Strategy": "Plain",
      "Partial Mode": "Finalize",
      "Parallel Aware": false,
      "Startup Cost": 311139.07,
      "Total Cost": 311139.08,
      "Plan Rows": 1,
      "Plan Width": 8,
      "Actual Startup Time": 196.955,
      "Actual Total Time": 205.292,
      "Actual Rows": 1,
      "Actual Loops": 1,
      "Plans": [
        {
          "Node Type": "Gather",
          "Parent Relationship": "Outer",
          "Parallel Aware": false,
          "Startup Cost": 311138.44,
          "Total Cost": 311139.05,
          "Plan Rows": 6,
          "Plan Width": 8,
          "Actual Startup Time": 196.587,
          "Actual Total Time": 205.284,
          "Actual Rows": 7,
          "Actual Loops": 1,
          "Workers Planned": 6,
          "Workers Launched": 6,
          "Single Copy": false,
          "Plans": [
            {
              "Node Type": "Aggregate",
              "Strategy": "Plain",
              "Partial Mode": "Partial",
              "Parent Relationship": "Outer",
              "Parallel Aware": false,
              "Startup Cost": 310138.44,
              "Total Cost": 310138.45,
              "Plan Rows": 1,
              "Plan Width": 8,
              "Actual Startup Time": 187.823,
              "Actual Total Time": 187.825,
              "Actual Rows": 1,
              "Actual Loops": 7,
              "Plans": [
                {
                  "Node Type": "Bitmap Heap Scan",
                  "Parent Relationship": "Outer",
                  "Parallel Aware": true,
                  "Relation Name": "cast_info",
                  "Alias": "ci",
                  "Startup Cost": 51609.77,
                  "Total Cost": 309164.83,
                  "Plan Rows": 389445,
                  "Plan Width": 0,
                  "Actual Startup Time": 95.248,
                  "Actual Total Time": 169.133,
                  "Actual Rows": 335795,
                  "Actual Loops": 7,
                  "Recheck Cond": "(person_id < 228738)",
                  "Rows Removed by Index Recheck": 0,
                  "Exact Heap Blocks": 5854,
                  "Lossy Heap Blocks": 0,
                  "Plans": [
                    {
                      "Node Type": "Bitmap Index Scan",
                      "Parent Relationship": "Outer",
                      "Parallel Aware": false,
                      "Index Name": "person_id_cast_info",
                      "Startup Cost": 0.0,
                      "Total Cost": 51025.6,
                      "Plan Rows": 2336671,
                      "Plan Width": 0,
                      "Actual Startup Time": 99.368,
                      "Actual Total Time": 99.369,
                      "Actual Rows": 2350567,
                      "Actual Loops": 1,
                      "Index Cond": "(person_id < 228738)"
                    }
                  ]
                }
              ]
            }
          ]
        }
      ]
    },
    "Planning Time": 0.167,
    "Triggers": [],
    "Execution Time": 205.367
  }
]