[
  {
    "Plan": {
      "Node Type": "Aggregate",
      "Strategy": "Plain",
      "Partial Mode": "Simple",
      "Parallel Aware": false,
      "Startup Cost": 767.96,
      "Total Cost": 767.97,
      "Plan Rows": 1,
      "Plan Width": 8,
      "Actual Startup Time": 32.374,
      "Actual Total Time": 32.376,
      "Actual Rows": 1,
      "Actual Loops": 1,
      "Plans": [
        {
          "Node Type": "Nested Loop",
          "Parent Relationship": "Outer",
          "Parallel Aware": false,
          "Join Type": "Inner",
          "Startup Cost": 1.29,
          "Total Cost": 767.94,
          "Plan Rows": 7,
          "Plan Width": 0,
          "Actual Startup Time": 0.236,
          "Actual Total Time": 32.002,
          "Actual Rows": 2586,
          "Actual Loops": 1,
          "Inner Unique": false,
          "Plans": [
            {
              "Node Type": "Nested Loop",
              "Parent Relationship": "Outer",
              "Parallel Aware": false,
              "Join Type": "Inner",
              "Startup Cost": 0.86,
              "Total Cost": 696.2,
              "Plan Rows": 50,
              "Plan Width": 8,
              "Actual Startup Time": 0.211,
              "Actual Total Time": 11.574,
              "Actual Rows": 1334,
              "Actual Loops": 1,
              "Inner Unique": true,
              "Plans": [
                {
                  "Node Type": "Index Scan",
                  "Parent Relationship": "Outer",
                  "Parallel Aware": false,
                  "Scan Direction": "Forward",
                  "Index Name": "company_id_movie_companies",
                  "Relation Name": "movie_companies",
                  "Alias": "mc",
                  "Startup Cost": 0.43,
                  "Total Cost": 273.83,
                  "Plan Rows": 50,
                  "Plan Width": 4,
                  "Actual Startup Time": 0.186,
                  "Actual Total Time": 2.286,
                  "Actual Rows": 1334,
                  "Actual Loops": 1,
                  "Index Cond": "(company_id = 699)",
                  "Rows Removed by Index Recheck": 0,
                  "Filter": "(company_type_id = 1)",
                  "Rows Removed by Filter": 11
                },
                {
                  "Node Type": "Index Only Scan",
                  "Parent Relationship": "Inner",
                  "Parallel Aware": false,
                  "Scan Direction": "Forward",
                  "Index Name": "title_pkey",
                  "Relation Name": "title",
                  "Alias": "t",
                  "Startup Cost": 0.43,
                  "Total Cost": 8.45,
                  "Plan Rows": 1,
                  "Plan Width": 4,
                  "Actual Startup Time": 0.006,
                  "Actual Total Time": 0.006,
                  "Actual Rows": 1,
                  "Actual Loops": 1334,
                  "Index Cond": "(id = mc.movie_id)",
                  "Rows Removed by Index Recheck": 0,
                  "Heap Fetches": 1334
                }
              ]
            },
            {
              "Node Type": "Index Scan",
              "Parent Relationship": "Inner",
              "Parallel Aware": false,
              "Scan Direction": "Forward",
              "Index Name": "movie_id_movie_keyword",
              "Relation Name": "movie_keyword",
              "Alias": "mk",
              "Startup Cost": 0.43,
              "Total Cost": 1.4,
              "Plan Rows": 3,
              "Plan Width": 4,
              "Actual Startup Time": 0.009,
              "Actual Total Time": 0.014,
              "Actual Rows": 2,
              "Actual Loops": 1334,
              "Index Cond": "(movie_id = t.id)",
              "Rows Removed by Index Recheck": 0,
              "Filter": "(keyword_id < 335)",
              "Rows Removed by Filter": 25
            }
          ]
        }
      ]
    },
    "Planning Time": 1.453,
    "Triggers": [],
    "Execution Time": 32.442
  }
]