[
  {
    "Plan": {
      "Node Type": "Aggregate",
      "Strategy": "Plain",
      "Partial Mode": "Finalize",
      "Parallel Aware": false,
      "Startup Cost": 668026.95,
      "Total Cost": 668026.96,
      "Plan Rows": 1,
      "Plan Width": 8,
      "Actual Startup Time": 7047.406,
      "Actual Total Time": 7149.737,
      "Actual Rows": 1,
      "Actual Loops": 1,
      "Plans": [
        {
          "Node Type": "Gather",
          "Parent Relationship": "Outer",
          "Parallel Aware": false,
          "Startup Cost": 668026.32,
          "Total Cost": 668026.93,
          "Plan Rows": 6,
          "Plan Width": 8,
          "Actual Startup Time": 6969.431,
          "Actual Total Time": 7149.719,
          "Actual Rows": 7,
          "Actual Loops": 1,
          "Workers Planned": 6,
          "Workers Launched": 6,
          "Single Copy": false,
          "Plans": [
            {
              "Node Type": "Aggregate",
              "Strategy": "Plain",
              "Partial Mode": "Partial",
              "Parent Relationship": "Outer",
              "Parallel Aware": false,
              "Startup Cost": 667026.32,
              "Total Cost": 667026.33,
              "Plan Rows": 1,
              "Plan Width": 8,
              "Actual Startup Time": 6913.036,
              "Actual Total Time": 6914.395,
              "Actual Rows": 1,
              "Actual Loops": 7,
              "Plans": [
                {
                  "Node Type": "Hash Join",
                  "Parent Relationship": "Outer",
                  "Parallel Aware": true,
                  "Join Type": "Inner",
                  "Startup Cost": 278401.68,
                  "Total Cost": 641055.04,
                  "Plan Rows": 10388512,
                  "Plan Width": 0,
                  "Actual Startup Time": 2350.321,
                  "Actual Total Time": 6175.599,
                  "Actual Rows": 15681022,
                  "Actual Loops": 7,
                  "Inner Unique": false,
                  "Hash Cond": "(ci.movie_id = t.id)",
                  "Plans": [
                    {
                      "Node Type": "Seq Scan",
                      "Parent Relationship": "Outer",
                      "Parallel Aware": true,
                      "Relation Name": "cast_info",
                      "Alias": "ci",
                      "Startup Cost": 0.0,
                      "Total Cost": 328211.39,
                      "Plan Rows": 2732989,
                      "Plan Width": 4,
                      "Actual Startup Time": 234.501,
                      "Actual Total Time": 649.803,
                      "Actual Rows": 2306328,
                      "Actual Loops": 7,
                      "Filter": "(person_id > 2018581)",
                      "Rows Removed by Filter": 2871436
                    },
                    {
                      "Node Type": "Hash",
                      "Parent Relationship": "Inner",
                      "Parallel Aware": true,
                      "Startup Cost": 254374.37,
                      "Total Cost": 254374.37,
                      "Plan Rows": 1922185,
                      "Plan Width": 8,
                      "Actual Startup Time": 2092.208,
                      "Actual Total Time": 2093.564,
                      "Actual Rows": 1366450,
                      "Actual Loops": 7,
                      "Hash Buckets": 16777216,
                      "Original Hash Buckets": 16777216,
                      "Hash Batches": 1,
                      "Original Hash Batches": 1,
                      "Peak Memory Usage": 505344,
                      "Plans": [
                        {
                          "Node Type": "Hash Join",
                          "Parent Relationship": "Outer",
                          "Parallel Aware": true,
                          "Join Type": "Inner",
                          "Startup Cost": 50220.38,
                          "Total Cost": 254374.37,
                          "Plan Rows": 1922185,
                          "Plan Width": 8,
                          "Actual Startup Time": 318.737,
                          "Actual Total Time": 1281.966,
                          "Actual Rows": 1366450,
                          "Actual Loops": 7,
                          "Inner Unique": true,
                          "Hash Cond": "(mi.movie_id = t.id)",
                          "Plans": [
                            {
                              "Node Type": "Seq Scan",
                              "Parent Relationship": "Outer",
                              "Parallel Aware": true,
                              "Relation Name": "movie_info",
                              "Alias": "mi",
                              "Startup Cost": 0.0,
                              "Total Cost": 199108.24,
                              "Plan Rows": 1922185,
                              "Plan Width": 4,
                              "Actual Startup Time": 0.042,
                              "Actual Total Time": 398.022,
                              "Actual Rows": 1366450,
                              "Actual Loops": 7,
                              "Filter": "(info_type_id < 16)",
                              "Rows Removed by Filter": 752938
                            },
                            {
                              "Node Type": "Hash",
                              "Parent Relationship": "Inner",
                              "Parallel Aware": true,
                              "Startup Cost": 42319.06,
                              "Total Cost": 42319.06,
                              "Plan Rows": 632106,
                              "Plan Width": 4,
                              "Actual Startup Time": 313.374,
                              "Actual Total Time": 313.375,
                              "Actual Rows": 361187,
                              "Actual Loops": 7,
                              "Hash Buckets": 4194304,
                              "Original Hash Buckets": 4194304,
                              "Hash Batches": 1,
                              "Original Hash Batches": 1,
                              "Peak Memory Usage": 131808,
                              "Plans": [
                                {
                                  "Node Type": "Seq Scan",
                                  "Parent Relationship": "Outer",
                                  "Parallel Aware": true,
                                  "Relation Name": "title",
                                  "Alias": "t",
                                  "Startup Cost": 0.0,
                                  "Total Cost": 42319.06,
                                  "Plan Rows": 632106,
                                  "Plan Width": 4,
                                  "Actual Startup Time": 0.061,
                                  "Actual Total Time": 89.377,
                                  "Actual Rows": 361187,
                                  "Actual Loops": 7
                                }
                              ]
                            }
                          ]
                        }
                      ]
                    }
                  ]
                }
              ]
            }
          ]
        }
      ]
    },
    "Planning Time": 1.347,
    "Triggers": [],
    "Execution Time": 7149.832
  }
]