{
  "Plan": {
    "Node Type": "Aggregate",
    "Strategy": "Plain",
    "Partial Mode": "Simple",
    "Parallel Aware": false,
    "Startup Cost": 3804.09,
    "Total Cost": 3804.1,
    "Plan Rows": 1,
    "Plan Width": 8,
    "Actual Startup Time": 80.285,
    "Actual Total Time": 80.298,
    "Actual Rows": 1,
    "Actual Loops": 1,
    "Plans": [
      {
        "Node Type": "Nested Loop",
        "Parent Relationship": "Outer",
        "Parallel Aware": false,
        "Join Type": "Inner",
        "Startup Cost": 15.51,
        "Total Cost": 3804.08,
        "Plan Rows": 1,
        "Plan Width": 0,
        "Actual Startup Time": 80.277,
        "Actual Total Time": 80.289,
        "Actual Rows": 0,
        "Actual Loops": 1,
        "Inner Unique": true,
        "Plans": [
          {
            "Node Type": "Nested Loop",
            "Parent Relationship": "Outer",
            "Parallel Aware": false,
            "Join Type": "Inner",
            "Startup Cost": 15.37,
            "Total Cost": 3803.9,
            "Plan Rows": 1,
            "Plan Width": 4,
            "Actual Startup Time": 80.276,
            "Actual Total Time": 80.288,
            "Actual Rows": 0,
            "Actual Loops": 1,
            "Inner Unique": false,
            "Join Filter": "(n.id = pi.person_id)",
            "Rows Removed by Join Filter": 0,
            "Plans": [
              {
                "Node Type": "Nested Loop",
                "Parent Relationship": "Outer",
                "Parallel Aware": false,
                "Join Type": "Inner",
                "Startup Cost": 14.94,
                "Total Cost": 3802.46,
                "Plan Rows": 1,
                "Plan Width": 12,
                "Actual Startup Time": 80.275,
                "Actual Total Time": 80.286,
                "Actual Rows": 0,
                "Actual Loops": 1,
                "Inner Unique": true,
                "Plans": [
                  {
                    "Node Type": "Nested Loop",
                    "Parent Relationship": "Outer",
                    "Parallel Aware": false,
                    "Join Type": "Inner",
                    "Startup Cost": 14.52,
                    "Total Cost": 3802.02,
                    "Plan Rows": 1,
                    "Plan Width": 16,
                    "Actual Startup Time": 80.275,
                    "Actual Total Time": 80.285,
                    "Actual Rows": 0,
                    "Actual Loops": 1,
                    "Inner Unique": true,
                    "Plans": [
                      {
                        "Node Type": "Nested Loop",
                        "Parent Relationship": "Outer",
                        "Parallel Aware": false,
                        "Join Type": "Inner",
                        "Startup Cost": 14.38,
                        "Total Cost": 3801.84,
                        "Plan Rows": 1,
                        "Plan Width": 20,
                        "Actual Startup Time": 80.274,
                        "Actual Total Time": 80.283,
                        "Actual Rows": 0,
                        "Actual Loops": 1,
                        "Inner Unique": true,
                        "Plans": [
                          {
                            "Node Type": "Nested Loop",
                            "Parent Relationship": "Outer",
                            "Parallel Aware": false,
                            "Join Type": "Inner",
                            "Startup Cost": 13.95,
                            "Total Cost": 3800.92,
                            "Plan Rows": 1,
                            "Plan Width": 24,
                            "Actual Startup Time": 44.726,
                            "Actual Total Time": 80.036,
                            "Actual Rows": 44,
                            "Actual Loops": 1,
                            "Inner Unique": false,
                            "Join Filter": "(n.id = an.person_id)",
                            "Rows Removed by Join Filter": 0,
                            "Plans": [
                              {
                                "Node Type": "Nested Loop",
                                "Parent Relationship": "Outer",
                                "Parallel Aware": false,
                                "Join Type": "Inner",
                                "Startup Cost": 13.53,
                                "Total Cost": 3800.37,
                                "Plan Rows": 1,
                                "Plan Width": 20,
                                "Actual Startup Time": 44.042,
                                "Actual Total Time": 79.61,
                                "Actual Rows": 44,
                                "Actual Loops": 1,
                                "Inner Unique": true,
                                "Join Filter": "(mi.info_type_id = it.id)",
                                "Rows Removed by Join Filter": 0,
                                "Plans": [
                                  {
                                    "Node Type": "Nested Loop",
                                    "Parent Relationship": "Outer",
                                    "Parallel Aware": false,
                                    "Join Type": "Inner",
                                    "Startup Cost": 13.53,
                                    "Total Cost": 3797.94,
                                    "Plan Rows": 1,
                                    "Plan Width": 24,
                                    "Actual Startup Time": 44.018,
                                    "Actual Total Time": 78.968,
                                    "Actual Rows": 44,
                                    "Actual Loops": 1,
                                    "Inner Unique": false,
                                    "Plans": [
                                      {
                                        "Node Type": "Nested Loop",
                                        "Parent Relationship": "Outer",
                                        "Parallel Aware": false,
                                        "Join Type": "Inner",
                                        "Startup Cost": 13.09,
                                        "Total Cost": 3796.52,
                                        "Plan Rows": 1,
                                        "Plan Width": 40,
                                        "Actual Startup Time": 43.944,
                                        "Actual Total Time": 69.257,
                                        "Actual Rows": 44,
                                        "Actual Loops": 1,
                                        "Inner Unique": true,
                                        "Plans": [
                                          {
                                            "Node Type": "Nested Loop",
                                            "Parent Relationship": "Outer",
                                            "Parallel Aware": false,
                                            "Join Type": "Inner",
                                            "Startup Cost": 12.66,
                                            "Total Cost": 3795.73,
                                            "Plan Rows": 1,
                                            "Plan Width": 36,
                                            "Actual Startup Time": 43.917,
                                            "Actual Total Time": 64.764,
                                            "Actual Rows": 836,
                                            "Actual Loops": 1,
                                            "Inner Unique": false,
                                            "Plans": [
                                              {
                                                "Node Type": "Nested Loop",
                                                "Parent Relationship": "Outer",
                                                "Parallel Aware": false,
                                                "Join Type": "Inner",
                                                "Startup Cost": 12.1,
                                                "Total Cost": 3794.1,
                                                "Plan Rows": 1,
                                                "Plan Width": 20,
                                                "Actual Startup Time": 43.865,
                                                "Actual Total Time": 57.672,
                                                "Actual Rows": 22,
                                                "Actual Loops": 1,
                                                "Inner Unique": true,
                                                "Join Filter": "(cc.subject_id = cct1.id)",
                                                "Rows Removed by Join Filter": 0,
                                                "Plans": [
                                                  {
                                                    "Node Type": "Nested Loop",
                                                    "Parent Relationship": "Outer",
                                                    "Parallel Aware": false,
                                                    "Join Type": "Inner",
                                                    "Startup Cost": 12.1,
                                                    "Total Cost": 3793.03,
                                                    "Plan Rows": 1,
                                                    "Plan Width": 24,
                                                    "Actual Startup Time": 43.841,
                                                    "Actual Total Time": 57.447,
                                                    "Actual Rows": 22,
                                                    "Actual Loops": 1,
                                                    "Inner Unique": false,
                                                    "Plans": [
                                                      {
                                                        "Node Type": "Nested Loop",
                                                        "Parent Relationship": "Outer",
                                                        "Parallel Aware": false,
                                                        "Join Type": "Inner",
                                                        "Startup Cost": 11.67,
                                                        "Total Cost": 3792.44,
                                                        "Plan Rows": 1,
                                                        "Plan Width": 16,
                                                        "Actual Startup Time": 43.819,
                                                        "Actual Total Time": 57.389,
                                                        "Actual Rows": 1,
                                                        "Actual Loops": 1,
                                                        "Inner Unique": true,
                                                        "Plans": [
                                                          {
                                                            "Node Type": "Nested Loop",
                                                            "Parent Relationship": "Outer",
                                                            "Parallel Aware": false,
                                                            "Join Type": "Inner",
                                                            "Startup Cost": 11.24,
                                                            "Total Cost": 3786.49,
                                                            "Plan Rows": 12,
                                                            "Plan Width": 12,
                                                            "Actual Startup Time": 41.094,
                                                            "Actual Total Time": 57.082,
                                                            "Actual Rows": 25,
                                                            "Actual Loops": 1,
                                                            "Inner Unique": false,
                                                            "Join Filter": "(cc.status_id = cct2.id)",
                                                            "Rows Removed by Join Filter": 65,
                                                            "Plans": [
                                                              {
                                                                "Node Type": "Seq Scan",
                                                                "Parent Relationship": "Outer",
                                                                "Parallel Aware": false,
                                                                "Relation Name": "comp_cast_type",
                                                                "Alias": "cct2",
                                                                "Startup Cost": 0.0,
                                                                "Total Cost": 1.05,
                                                                "Plan Rows": 1,
                                                                "Plan Width": 4,
                                                                "Actual Startup Time": 0.023,
                                                                "Actual Total Time": 0.024,
                                                                "Actual Rows": 1,
                                                                "Actual Loops": 1,
                                                                "Filter": "((kind)::text = 'complete+verified'::text)",
                                                                "Rows Removed by Filter": 3
                                                              },
                                                              {
                                                                "Node Type": "Nested Loop",
                                                                "Parent Relationship": "Inner",
                                                                "Parallel Aware": false,
                                                                "Join Type": "Inner",
                                                                "Startup Cost": 11.24,
                                                                "Total Cost": 3784.87,
                                                                "Plan Rows": 46,
                                                                "Plan Width": 16,
                                                                "Actual Startup Time": 40.504,
                                                                "Actual Total Time": 57.024,
                                                                "Actual Rows": 90,
                                                                "Actual Loops": 1,
                                                                "Inner Unique": false,
                                                                "Plans": [
                                                                  {
                                                                    "Node Type": "Nested Loop",
                                                                    "Parent Relationship": "Outer",
                                                                    "Parallel Aware": false,
                                                                    "Join Type": "Inner",
                                                                    "Startup Cost": 10.82,
                                                                    "Total Cost": 3768.68,
                                                                    "Plan Rows": 34,
                                                                    "Plan Width": 4,
                                                                    "Actual Startup Time": 40.264,
                                                                    "Actual Total Time": 54.514,
                                                                    "Actual Rows": 414,
                                                                    "Actual Loops": 1,
                                                                    "Inner Unique": false,
                                                                    "Plans": [
                                                                      {
                                                                        "Node Type": "Seq Scan",
                                                                        "Parent Relationship": "Outer",
                                                                        "Parallel Aware": false,
                                                                        "Relation Name": "keyword",
                                                                        "Alias": "k",
                                                                        "Startup Cost": 0.0,
                                                                        "Total Cost": 2626.12,
                                                                        "Plan Rows": 1,
                                                                        "Plan Width": 4,
                                                                        "Actual Startup Time": 0.098,
                                                                        "Actual Total Time": 12.86,
                                                                        "Actual Rows": 1,
                                                                        "Actual Loops": 1,
                                                                        "Filter": "(keyword = 'computer-animation'::text)",
                                                                        "Rows Removed by Filter": 134169
                                                                      },
                                                                      {
                                                                        "Node Type": "Bitmap Heap Scan",
                                                                        "Parent Relationship": "Inner",
                                                                        "Parallel Aware": false,
                                                                        "Relation Name": "movie_keyword",
                                                                        "Alias": "mk",
                                                                        "Startup Cost": 10.82,
                                                                        "Total Cost": 1139.48,
                                                                        "Plan Rows": 308,
                                                                        "Plan Width": 8,
                                                                        "Actual Startup Time": 40.153,
                                                                        "Actual Total Time": 41.518,
                                                                        "Actual Rows": 414,
                                                                        "Actual Loops": 1,
                                                                        "Recheck Cond": "(keyword_id = k.id)",
                                                                        "Rows Removed by Index Recheck": 0,
                                                                        "Exact Heap Blocks": 358,
                                                                        "Lossy Heap Blocks": 0,
                                                                        "Plans": [
                                                                          {
                                                                            "Node Type": "Bitmap Index Scan",
                                                                            "Parent Relationship": "Outer",
                                                                            "Parallel Aware": false,
                                                                            "Index Name": "keyword_id_movie_keyword",
                                                                            "Startup Cost": 0.0,
                                                                            "Total Cost": 10.74,
                                                                            "Plan Rows": 308,
                                                                            "Plan Width": 0,
                                                                            "Actual Startup Time": 39.978,
                                                                            "Actual Total Time": 39.979,
                                                                            "Actual Rows": 414,
                                                                            "Actual Loops": 1,
                                                                            "Index Cond": "(keyword_id = k.id)"
                                                                          }
                                                                        ]
                                                                      }
                                                                    ]
                                                                  },
                                                                  {
                                                                    "Node Type": "Index Scan",
                                                                    "Parent Relationship": "Inner",
                                                                    "Parallel Aware": false,
                                                                    "Scan Direction": "Forward",
                                                                    "Index Name": "movie_id_complete_cast",
                                                                    "Relation Name": "complete_cast",
                                                                    "Alias": "cc",
                                                                    "Startup Cost": 0.42,
                                                                    "Total Cost": 0.46,
                                                                    "Plan Rows": 2,
                                                                    "Plan Width": 12,
                                                                    "Actual Startup Time": 0.005,
                                                                    "Actual Total Time": 0.005,
                                                                    "Actual Rows": 0,
                                                                    "Actual Loops": 414,
                                                                    "Index Cond": "(movie_id = mk.movie_id)",
                                                                    "Rows Removed by Index Recheck": 0
                                                                  }
                                                                ]
                                                              }
                                                            ]
                                                          },
                                                          {
                                                            "Node Type": "Index Scan",
                                                            "Parent Relationship": "Inner",
                                                            "Parallel Aware": false,
                                                            "Scan Direction": "Forward",
                                                            "Index Name": "title_pkey",
                                                            "Relation Name": "title",
                                                            "Alias": "t",
                                                            "Startup Cost": 0.43,
                                                            "Total Cost": 0.49,
                                                            "Plan Rows": 1,
                                                            "Plan Width": 4,
                                                            "Actual Startup Time": 0.011,
                                                            "Actual Total Time": 0.011,
                                                            "Actual Rows": 0,
                                                            "Actual Loops": 25,
                                                            "Index Cond": "(id = mk.movie_id)",
                                                            "Rows Removed by Index Recheck": 0,
                                                            "Filter": "((production_year >= 1995) AND (production_year <= 2012) AND (title = 'Shrek 2'::text))",
                                                            "Rows Removed by Filter": 1
                                                          }
                                                        ]
                                                      },
                                                      {
                                                        "Node Type": "Index Scan",
                                                        "Parent Relationship": "Inner",
                                                        "Parallel Aware": false,
                                                        "Scan Direction": "Forward",
                                                        "Index Name": "movie_id_movie_companies",
                                                        "Relation Name": "movie_companies",
                                                        "Alias": "mc",
                                                        "Startup Cost": 0.43,
                                                        "Total Cost": 0.54,
                                                        "Plan Rows": 5,
                                                        "Plan Width": 8,
                                                        "Actual Startup Time": 0.019,
                                                        "Actual Total Time": 0.043,
                                                        "Actual Rows": 22,
                                                        "Actual Loops": 1,
                                                        "Index Cond": "(movie_id = mk.movie_id)",
                                                        "Rows Removed by Index Recheck": 0
                                                      }
                                                    ]
                                                  },
                                                  {
                                                    "Node Type": "Seq Scan",
                                                    "Parent Relationship": "Inner",
                                                    "Parallel Aware": false,
                                                    "Relation Name": "comp_cast_type",
                                                    "Alias": "cct1",
                                                    "Startup Cost": 0.0,
                                                    "Total Cost": 1.05,
                                                    "Plan Rows": 1,
                                                    "Plan Width": 4,
                                                    "Actual Startup Time": 0.004,
                                                    "Actual Total Time": 0.004,
                                                    "Actual Rows": 1,
                                                    "Actual Loops": 22,
                                                    "Filter": "((kind)::text = 'cast'::text)",
                                                    "Rows Removed by Filter": 0
                                                  }
                                                ]
                                              },
                                              {
                                                "Node Type": "Index Scan",
                                                "Parent Relationship": "Inner",
                                                "Parallel Aware": false,
                                                "Scan Direction": "Forward",
                                                "Index Name": "movie_id_cast_info",
                                                "Relation Name": "cast_info",
                                                "Alias": "ci",
                                                "Startup Cost": 0.56,
                                                "Total Cost": 1.63,
                                                "Plan Rows": 1,
                                                "Plan Width": 16,
                                                "Actual Startup Time": 0.017,
                                                "Actual Total Time": 0.308,
                                                "Actual Rows": 38,
                                                "Actual Loops": 22,
                                                "Index Cond": "(movie_id = mk.movie_id)",
                                                "Rows Removed by Index Recheck": 0,
                                                "Filter": "(note = ANY ('{(voice),\"(voice) (uncredited)\",\"(voice: English version)\"}'::text[]))",
                                                "Rows Removed by Filter": 191
                                              }
                                            ]
                                          },
                                          {
                                            "Node Type": "Index Scan",
                                            "Parent Relationship": "Inner",
                                            "Parallel Aware": false,
                                            "Scan Direction": "Forward",
                                            "Index Name": "name_pkey",
                                            "Relation Name": "name",
                                            "Alias": "n",
                                            "Startup Cost": 0.43,
                                            "Total Cost": 0.78,
                                            "Plan Rows": 1,
                                            "Plan Width": 4,
                                            "Actual Startup Time": 0.005,
                                            "Actual Total Time": 0.005,
                                            "Actual Rows": 0,
                                            "Actual Loops": 836,
                                            "Index Cond": "(id = ci.person_id)",
                                            "Rows Removed by Index Recheck": 0,
                                            "Filter": "((name ~~ '%An%'::text) AND ((gender)::text = 'm'::text))",
                                            "Rows Removed by Filter": 1
                                          }
                                        ]
                                      },
                                      {
                                        "Node Type": "Index Scan",
                                        "Parent Relationship": "Inner",
                                        "Parallel Aware": false,
                                        "Scan Direction": "Forward",
                                        "Index Name": "movie_id_movie_info",
                                        "Relation Name": "movie_info",
                                        "Alias": "mi",
                                        "Startup Cost": 0.43,
                                        "Total Cost": 1.41,
                                        "Plan Rows": 2,
                                        "Plan Width": 8,
                                        "Actual Startup Time": 0.028,
                                        "Actual Total Time": 0.219,
                                        "Actual Rows": 1,
                                        "Actual Loops": 44,
                                        "Index Cond": "(movie_id = mk.movie_id)",
                                        "Rows Removed by Index Recheck": 0,
                                        "Filter": "(info ~~ 'USA:%200%'::text)",
                                        "Rows Removed by Filter": 456
                                      }
                                    ]
                                  },
                                  {
                                    "Node Type": "Seq Scan",
                                    "Parent Relationship": "Inner",
                                    "Parallel Aware": false,
                                    "Relation Name": "info_type",
                                    "Alias": "it",
                                    "Startup Cost": 0.0,
                                    "Total Cost": 2.41,
                                    "Plan Rows": 1,
                                    "Plan Width": 4,
                                    "Actual Startup Time": 0.009,
                                    "Actual Total Time": 0.009,
                                    "Actual Rows": 1,
                                    "Actual Loops": 44,
                                    "Filter": "((info)::text = 'release dates'::text)",
                                    "Rows Removed by Filter": 15
                                  }
                                ]
                              },
                              {
                                "Node Type": "Index Only Scan",
                                "Parent Relationship": "Inner",
                                "Parallel Aware": false,
                                "Scan Direction": "Forward",
                                "Index Name": "person_id_aka_name",
                                "Relation Name": "aka_name",
                                "Alias": "an",
                                "Startup Cost": 0.42,
                                "Total Cost": 0.53,
                                "Plan Rows": 2,
                                "Plan Width": 4,
                                "Actual Startup Time": 0.006,
                                "Actual Total Time": 0.007,
                                "Actual Rows": 1,
                                "Actual Loops": 44,
                                "Index Cond": "(person_id = ci.person_id)",
                                "Rows Removed by Index Recheck": 0,
                                "Heap Fetches": 44
                              }
                            ]
                          },
                          {
                            "Node Type": "Index Scan",
                            "Parent Relationship": "Inner",
                            "Parallel Aware": false,
                            "Scan Direction": "Forward",
                            "Index Name": "char_name_pkey",
                            "Relation Name": "char_name",
                            "Alias": "chn",
                            "Startup Cost": 0.43,
                            "Total Cost": 0.67,
                            "Plan Rows": 1,
                            "Plan Width": 4,
                            "Actual Startup Time": 0.005,
                            "Actual Total Time": 0.005,
                            "Actual Rows": 0,
                            "Actual Loops": 44,
                            "Index Cond": "(id = ci.person_role_id)",
                            "Rows Removed by Index Recheck": 0,
                            "Filter": "(name = 'Queen'::text)",
                            "Rows Removed by Filter": 1
                          }
                        ]
                      },
                      {
                        "Node Type": "Index Scan",
                        "Parent Relationship": "Inner",
                        "Parallel Aware": false,
                        "Scan Direction": "Forward",
                        "Index Name": "role_type_pkey",
                        "Relation Name": "role_type",
                        "Alias": "rt",
                        "Startup Cost": 0.14,
                        "Total Cost": 0.16,
                        "Plan Rows": 1,
                        "Plan Width": 4,
                        "Actual Startup Time": 0.0,
                        "Actual Total Time": 0.0,
                        "Actual Rows": 0,
                        "Actual Loops": 0,
                        "Index Cond": "(id = ci.role_id)",
                        "Rows Removed by Index Recheck": 0,
                        "Filter": "((role)::text = 'actress'::text)",
                        "Rows Removed by Filter": 0
                      }
                    ]
                  },
                  {
                    "Node Type": "Index Scan",
                    "Parent Relationship": "Inner",
                    "Parallel Aware": false,
                    "Scan Direction": "Forward",
                    "Index Name": "company_name_pkey",
                    "Relation Name": "company_name",
                    "Alias": "cn",
                    "Startup Cost": 0.42,
                    "Total Cost": 0.45,
                    "Plan Rows": 1,
                    "Plan Width": 4,
                    "Actual Startup Time": 0.0,
                    "Actual Total Time": 0.0,
                    "Actual Rows": 0,
                    "Actual Loops": 0,
                    "Index Cond": "(id = mc.company_id)",
                    "Rows Removed by Index Recheck": 0,
                    "Filter": "((country_code)::text = '[us]'::text)",
                    "Rows Removed by Filter": 0
                  }
                ]
              },
              {
                "Node Type": "Index Scan",
                "Parent Relationship": "Inner",
                "Parallel Aware": false,
                "Scan Direction": "Forward",
                "Index Name": "person_id_person_info",
                "Relation Name": "person_info",
                "Alias": "pi",
                "Startup Cost": 0.43,
                "Total Cost": 1.14,
                "Plan Rows": 24,
                "Plan Width": 8,
                "Actual Startup Time": 0.0,
                "Actual Total Time": 0.0,
                "Actual Rows": 0,
                "Actual Loops": 0,
                "Index Cond": "(person_id = an.person_id)",
                "Rows Removed by Index Recheck": 0
              }
            ]
          },
          {
            "Node Type": "Index Scan",
            "Parent Relationship": "Inner",
            "Parallel Aware": false,
            "Scan Direction": "Forward",
            "Index Name": "info_type_pkey",
            "Relation Name": "info_type",
            "Alias": "it3",
            "Startup Cost": 0.14,
            "Total Cost": 0.16,
            "Plan Rows": 1,
            "Plan Width": 4,
            "Actual Startup Time": 0.0,
            "Actual Total Time": 0.0,
            "Actual Rows": 0,
            "Actual Loops": 0,
            "Index Cond": "(id = pi.info_type_id)",
            "Rows Removed by Index Recheck": 0,
            "Filter": "((info)::text = 'height'::text)",
            "Rows Removed by Filter": 0
          }
        ]
      }
    ]
  },
  "Planning Time": 5.904,
  "Triggers": [],
  "Execution Time": 80.575
}