{
  "Plan": {
    "Node Type": "Aggregate",
    "Strategy": "Plain",
    "Partial Mode": "Finalize",
    "Parallel Aware": false,
    "Startup Cost": 150451.93,
    "Total Cost": 150451.94,
    "Plan Rows": 1,
    "Plan Width": 8,
    "Actual Startup Time": 693.604,
    "Actual Total Time": 711.956,
    "Actual Rows": 1,
    "Actual Loops": 1,
    "Plans": [
      {
        "Node Type": "Gather",
        "Parent Relationship": "Outer",
        "Parallel Aware": false,
        "Startup Cost": 150451.82,
        "Total Cost": 150451.93,
        "Plan Rows": 1,
        "Plan Width": 8,
        "Actual Startup Time": 692.439,
        "Actual Total Time": 711.947,
        "Actual Rows": 2,
        "Actual Loops": 1,
        "Workers Planned": 1,
        "Workers Launched": 1,
        "Single Copy": false,
        "Plans": [
          {
            "Node Type": "Aggregate",
            "Strategy": "Plain",
            "Partial Mode": "Partial",
            "Parent Relationship": "Outer",
            "Parallel Aware": false,
            "Startup Cost": 149451.82,
            "Total Cost": 149451.83,
            "Plan Rows": 1,
            "Plan Width": 8,
            "Actual Startup Time": 686.409,
            "Actual Total Time": 686.574,
            "Actual Rows": 1,
            "Actual Loops": 2,
            "Plans": [
              {
                "Node Type": "Hash Join",
                "Parent Relationship": "Outer",
                "Parallel Aware": true,
                "Join Type": "Inner",
                "Startup Cost": 86864.87,
                "Total Cost": 149332.32,
                "Plan Rows": 47801,
                "Plan Width": 0,
                "Actual Startup Time": 458.955,
                "Actual Total Time": 671.827,
                "Actual Rows": 360675,
                "Actual Loops": 2,
                "Inner Unique": false,
                "Hash Cond": "(mk.movie_id = t.id)",
                "Plans": [
                  {
                    "Node Type": "Seq Scan",
                    "Parent Relationship": "Outer",
                    "Parallel Aware": true,
                    "Relation Name": "movie_keyword",
                    "Alias": "mk",
                    "Startup Cost": 0.0,
                    "Total Cost": 57718.19,
                    "Plan Rows": 1191487,
                    "Plan Width": 4,
                    "Actual Startup Time": 0.486,
                    "Actual Total Time": 173.039,
                    "Actual Rows": 1010244,
                    "Actual Loops": 2,
                    "Filter": "(keyword_id > 6122)",
                    "Rows Removed by Filter": 1251722
                  },
                  {
                    "Node Type": "Hash",
                    "Parent Relationship": "Inner",
                    "Parallel Aware": true,
                    "Startup Cost": 86119.06,
                    "Total Cost": 86119.06,
                    "Plan Rows": 59665,
                    "Plan Width": 8,
                    "Actual Startup Time": 390.57,
                    "Actual Total Time": 390.734,
                    "Actual Rows": 97065,
                    "Actual Loops": 2,
                    "Hash Buckets": 262144,
                    "Original Hash Buckets": 131072,
                    "Hash Batches": 1,
                    "Original Hash Batches": 1,
                    "Peak Memory Usage": 10688,
                    "Plans": [
                      {
                        "Node Type": "Hash Join",
                        "Parent Relationship": "Outer",
                        "Parallel Aware": true,
                        "Join Type": "Inner",
                        "Startup Cost": 25602.58,
                        "Total Cost": 86119.06,
                        "Plan Rows": 59665,
                        "Plan Width": 8,
                        "Actual Startup Time": 256.944,
                        "Actual Total Time": 368.966,
                        "Actual Rows": 97065,
                        "Actual Loops": 2,
                        "Inner Unique": false,
                        "Hash Cond": "(t.id = mc.movie_id)",
                        "Plans": [
                          {
                            "Node Type": "Seq Scan",
                            "Parent Relationship": "Outer",
                            "Parallel Aware": true,
                            "Relation Name": "title",
                            "Alias": "t",
                            "Startup Cost": 0.0,
                            "Total Cost": 50870.31,
                            "Plan Rows": 1487231,
                            "Plan Width": 4,
                            "Actual Startup Time": 0.009,
                            "Actual Total Time": 114.287,
                            "Actual Rows": 1264156,
                            "Actual Loops": 2
                          },
                          {
                            "Node Type": "Hash",
                            "Parent Relationship": "Inner",
                            "Parallel Aware": true,
                            "Startup Cost": 24856.77,
                            "Total Cost": 24856.77,
                            "Plan Rows": 59665,
                            "Plan Width": 4,
                            "Actual Startup Time": 77.463,
                            "Actual Total Time": 77.464,
                            "Actual Rows": 97065,
                            "Actual Loops": 2,
                            "Hash Buckets": 262144,
                            "Original Hash Buckets": 131072,
                            "Hash Batches": 1,
                            "Original Hash Batches": 1,
                            "Peak Memory Usage": 10688,
                            "Plans": [
                              {
                                "Node Type": "Bitmap Heap Scan",
                                "Parent Relationship": "Outer",
                                "Parallel Aware": true,
                                "Relation Name": "movie_companies",
                                "Alias": "mc",
                                "Startup Cost": 4304.08,
                                "Total Cost": 24856.77,
                                "Plan Rows": 59665,
                                "Plan Width": 4,
                                "Actual Startup Time": 22.166,
                                "Actual Total Time": 53.624,
                                "Actual Rows": 97065,
                                "Actual Loops": 2,
                                "Recheck Cond": "(company_id > 115364)",
                                "Rows Removed by Index Recheck": 0,
                                "Filter": "(company_type_id = 2)",
                                "Rows Removed by Filter": 0,
                                "Exact Heap Blocks": 3036,
                                "Lossy Heap Blocks": 0,
                                "Plans": [
                                  {
                                    "Node Type": "Bitmap Index Scan",
                                    "Parent Relationship": "Outer",
                                    "Parallel Aware": false,
                                    "Index Name": "company_id_movie_companies",
                                    "Startup Cost": 0.0,
                                    "Total Cost": 4278.72,
                                    "Plan Rows": 199772,
                                    "Plan Width": 0,
                                    "Actual Startup Time": 23.651,
                                    "Actual Total Time": 23.651,
                                    "Actual Rows": 194130,
                                    "Actual Loops": 1,
                                    "Index Cond": "(company_id > 115364)"
                                  }
                                ]
                              }
                            ]
                          }
                        ]
                      }
                    ]
                  }
                ]
              }
            ]
          }
        ]
      }
    ]
  },
  "Planning Time": 1.185,
  "Triggers": [],
  "Execution Time": 712.059
}