[
  {
    "Plan": {
      "Node Type": "Aggregate",
      "Strategy": "Plain",
      "Partial Mode": "Finalize",
      "Parallel Aware": false,
      "Startup Cost": 58700.89,
      "Total Cost": 58700.9,
      "Plan Rows": 1,
      "Plan Width": 8,
      "Actual Startup Time": 20.463,
      "Actual Total Time": 23.821,
      "Actual Rows": 1,
      "Actual Loops": 1,
      "Plans": [
        {
          "Node Type": "Gather",
          "Parent Relationship": "Outer",
          "Parallel Aware": false,
          "Startup Cost": 58700.58,
          "Total Cost": 58700.89,
          "Plan Rows": 3,
          "Plan Width": 8,
          "Actual Startup Time": 20.274,
          "Actual Total Time": 23.817,
          "Actual Rows": 4,
          "Actual Loops": 1,
          "Workers Planned": 3,
          "Workers Launched": 3,
          "Single Copy": false,
          "Plans": [
            {
              "Node Type": "Aggregate",
              "Strategy": "Plain",
              "Partial Mode": "Partial",
              "Parent Relationship": "Outer",
              "Parallel Aware": false,
              "Startup Cost": 57700.58,
              "Total Cost": 57700.59,
              "Plan Rows": 1,
              "Plan Width": 8,
              "Actual Startup Time": 15.439,
              "Actual Total Time": 15.44,
              "Actual Rows": 1,
              "Actual Loops": 4,
              "Plans": [
                {
                  "Node Type": "Nested Loop",
                  "Parent Relationship": "Outer",
                  "Parallel Aware": false,
                  "Join Type": "Inner",
                  "Startup Cost": 985.13,
                  "Total Cost": 57689.19,
                  "Plan Rows": 4553,
                  "Plan Width": 0,
                  "Actual Startup Time": 6.866,
                  "Actual Total Time": 15.315,
                  "Actual Rows": 1081,
                  "Actual Loops": 4,
                  "Inner Unique": true,
                  "Plans": [
                    {
                      "Node Type": "Bitmap Heap Scan",
                      "Parent Relationship": "Outer",
                      "Parallel Aware": true,
                      "Relation Name": "movie_companies",
                      "Alias": "mc",
                      "Startup Cost": 984.7,
                      "Total Cost": 19995.64,
                      "Plan Rows": 7509,
                      "Plan Width": 4,
                      "Actual Startup Time": 6.706,
                      "Actual Total Time": 7.6,
                      "Actual Rows": 1297,
                      "Actual Loops": 4,
                      "Recheck Cond": "(company_id = 19)",
                      "Rows Removed by Index Recheck": 0,
                      "Filter": "(company_type_id = 2)",
                      "Rows Removed by Filter": 10516,
                      "Exact Heap Blocks": 3329,
                      "Lossy Heap Blocks": 0,
                      "Plans": [
                        {
                          "Node Type": "Bitmap Index Scan",
                          "Parent Relationship": "Outer",
                          "Parallel Aware": false,
                          "Index Name": "company_id_movie_companies",
                          "Startup Cost": 0.0,
                          "Total Cost": 978.88,
                          "Plan Rows": 45660,
                          "Plan Width": 0,
                          "Actual Startup Time": 2.834,
                          "Actual Total Time": 2.834,
                          "Actual Rows": 47252,
                          "Actual Loops": 1,
                          "Index Cond": "(company_id = 19)"
                        }
                      ]
                    },
                    {
                      "Node Type": "Index Scan",
                      "Parent Relationship": "Inner",
                      "Parallel Aware": false,
                      "Scan Direction": "Forward",
                      "Index Name": "title_pkey",
                      "Relation Name": "title",
                      "Alias": "t",
                      "Startup Cost": 0.43,
                      "Total Cost": 5.02,
                      "Plan Rows": 1,
                      "Plan Width": 4,
                      "Actual Startup Time": 0.006,
                      "Actual Total Time": 0.006,
                      "Actual Rows": 1,
                      "Actual Loops": 5188,
                      "Index Cond": "(id = mc.movie_id)",
                      "Rows Removed by Index Recheck": 0,
                      "Filter": "(kind_id = 7)",
                      "Rows Removed by Filter": 0
                    }
                  ]
                }
              ]
            }
          ]
        }
      ]
    },
    "Planning Time": 0.277,
    "Triggers": [],
    "Execution Time": 23.86
  }
]