[
  {
    "Plan": {
      "Node Type": "Aggregate",
      "Strategy": "Plain",
      "Partial Mode": "Finalize",
      "Parallel Aware": false,
      "Startup Cost": 84276.81,
      "Total Cost": 84276.82,
      "Plan Rows": 1,
      "Plan Width": 8,
      "Actual Startup Time": 396.318,
      "Actual Total Time": 411.254,
      "Actual Rows": 1,
      "Actual Loops": 1,
      "Plans": [
        {
          "Node Type": "Gather",
          "Parent Relationship": "Outer",
          "Parallel Aware": false,
          "Startup Cost": 84276.39,
          "Total Cost": 84276.8,
          "Plan Rows": 4,
          "Plan Width": 8,
          "Actual Startup Time": 390.649,
          "Actual Total Time": 411.245,
          "Actual Rows": 5,
          "Actual Loops": 1,
          "Workers Planned": 4,
          "Workers Launched": 4,
          "Single Copy": false,
          "Plans": [
            {
              "Node Type": "Aggregate",
              "Strategy": "Plain",
              "Partial Mode": "Partial",
              "Parent Relationship": "Outer",
              "Parallel Aware": false,
              "Startup Cost": 83276.39,
              "Total Cost": 83276.4,
              "Plan Rows": 1,
              "Plan Width": 8,
              "Actual Startup Time": 377.128,
              "Actual Total Time": 377.132,
              "Actual Rows": 1,
              "Actual Loops": 5,
              "Plans": [
                {
                  "Node Type": "Hash Join",
                  "Parent Relationship": "Outer",
                  "Parallel Aware": true,
                  "Join Type": "Inner",
                  "Startup Cost": 36125.13,
                  "Total Cost": 82546.29,
                  "Plan Rows": 292039,
                  "Plan Width": 0,
                  "Actual Startup Time": 152.569,
                  "Actual Total Time": 368.415,
                  "Actual Rows": 205664,
                  "Actual Loops": 5,
                  "Inner Unique": false,
                  "Hash Cond": "(t.id = mc.movie_id)",
                  "Plans": [
                    {
                      "Node Type": "Seq Scan",
                      "Parent Relationship": "Outer",
                      "Parallel Aware": true,
                      "Relation Name": "title",
                      "Alias": "t",
                      "Startup Cost": 0.0,
                      "Total Cost": 42318.73,
                      "Plan Rows": 632073,
                      "Plan Width": 4,
                      "Actual Startup Time": 0.015,
                      "Actual Total Time": 62.121,
                      "Actual Rows": 505662,
                      "Actual Loops": 5
                    },
                    {
                      "Node Type": "Hash",
                      "Parent Relationship": "Inner",
                      "Parallel Aware": true,
                      "Startup Cost": 31414.82,
                      "Total Cost": 31414.82,
                      "Plan Rows": 376825,
                      "Plan Width": 4,
                      "Actual Startup Time": 146.033,
                      "Actual Total Time": 146.034,
                      "Actual Rows": 205664,
                      "Actual Loops": 5,
                      "Hash Buckets": 2097152,
                      "Original Hash Buckets": 2097152,
                      "Hash Batches": 1,
                      "Original Hash Batches": 1,
                      "Peak Memory Usage": 56672,
                      "Plans": [
                        {
                          "Node Type": "Seq Scan",
                          "Parent Relationship": "Outer",
                          "Parallel Aware": true,
                          "Relation Name": "movie_companies",
                          "Alias": "mc",
                          "Startup Cost": 0.0,
                          "Total Cost": 31414.82,
                          "Plan Rows": 376825,
                          "Plan Width": 4,
                          "Actual Startup Time": 44.978,
                          "Actual Total Time": 78.043,
                          "Actual Rows": 205664,
                          "Actual Loops": 5,
                          "Filter": "((company_id < 93148) AND (company_type_id = 2))",
                          "Rows Removed by Filter": 316162
                        }
                      ]
                    }
                  ]
                }
              ]
            }
          ]
        }
      ]
    },
    "Planning Time": 0.653,
    "Triggers": [],
    "Execution Time": 411.324
  }
]