[
  {
    "Plan": {
      "Node Type": "Aggregate",
      "Strategy": "Plain",
      "Partial Mode": "Finalize",
      "Parallel Aware": false,
      "Startup Cost": 31117.47,
      "Total Cost": 31117.48,
      "Plan Rows": 1,
      "Plan Width": 8,
      "Actual Startup Time": 99.848,
      "Actual Total Time": 111.753,
      "Actual Rows": 1,
      "Actual Loops": 1,
      "Plans": [
        {
          "Node Type": "Gather",
          "Parent Relationship": "Outer",
          "Parallel Aware": false,
          "Startup Cost": 31117.15,
          "Total Cost": 31117.46,
          "Plan Rows": 3,
          "Plan Width": 8,
          "Actual Startup Time": 99.619,
          "Actual Total Time": 111.745,
          "Actual Rows": 4,
          "Actual Loops": 1,
          "Workers Planned": 3,
          "Workers Launched": 3,
          "Single Copy": false,
          "Plans": [
            {
              "Node Type": "Aggregate",
              "Strategy": "Plain",
              "Partial Mode": "Partial",
              "Parent Relationship": "Outer",
              "Parallel Aware": false,
              "Startup Cost": 30117.15,
              "Total Cost": 30117.16,
              "Plan Rows": 1,
              "Plan Width": 8,
              "Actual Startup Time": 94.164,
              "Actual Total Time": 94.165,
              "Actual Rows": 1,
              "Actual Loops": 4,
              "Plans": [
                {
                  "Node Type": "Seq Scan",
                  "Parent Relationship": "Outer",
                  "Parallel Aware": true,
                  "Relation Name": "movie_companies",
                  "Alias": "mc",
                  "Startup Cost": 0.0,
                  "Total Cost": 29310.68,
                  "Plan Rows": 322587,
                  "Plan Width": 0,
                  "Actual Startup Time": 0.032,
                  "Actual Total Time": 78.76,
                  "Actual Rows": 250095,
                  "Actual Loops": 4,
                  "Filter": "(company_id < 4631)",
                  "Rows Removed by Filter": 402187
                }
              ]
            }
          ]
        }
      ]
    },
    "Planning Time": 0.13,
    "Triggers": [],
    "Execution Time": 111.789
  }
]