{
  "Plan": {
    "Node Type": "Aggregate",
    "Strategy": "Plain",
    "Partial Mode": "Finalize",
    "Parallel Aware": false,
    "Startup Cost": 127785.18,
    "Total Cost": 127785.19,
    "Plan Rows": 1,
    "Plan Width": 8,
    "Actual Startup Time": 717.307,
    "Actual Total Time": 789.023,
    "Actual Rows": 1,
    "Actual Loops": 1,
    "Plans": [
      {
        "Node Type": "Gather",
        "Parent Relationship": "Outer",
        "Parallel Aware": false,
        "Startup Cost": 127785.07,
        "Total Cost": 127785.18,
        "Plan Rows": 1,
        "Plan Width": 8,
        "Actual Startup Time": 717.277,
        "Actual Total Time": 789.015,
        "Actual Rows": 2,
        "Actual Loops": 1,
        "Workers Planned": 1,
        "Workers Launched": 1,
        "Single Copy": false,
        "Plans": [
          {
            "Node Type": "Aggregate",
            "Strategy": "Plain",
            "Partial Mode": "Partial",
            "Parent Relationship": "Outer",
            "Parallel Aware": false,
            "Startup Cost": 126785.07,
            "Total Cost": 126785.08,
            "Plan Rows": 1,
            "Plan Width": 8,
            "Actual Startup Time": 711.011,
            "Actual Total Time": 711.014,
            "Actual Rows": 1,
            "Actual Loops": 2,
            "Plans": [
              {
                "Node Type": "Nested Loop",
                "Parent Relationship": "Outer",
                "Parallel Aware": false,
                "Join Type": "Inner",
                "Startup Cost": 58771.88,
                "Total Cost": 126727.89,
                "Plan Rows": 22872,
                "Plan Width": 0,
                "Actual Startup Time": 150.605,
                "Actual Total Time": 709.148,
                "Actual Rows": 26150,
                "Actual Loops": 2,
                "Inner Unique": false,
                "Join Filter": "(t.id = ci.movie_id)",
                "Rows Removed by Join Filter": 0,
                "Plans": [
                  {
                    "Node Type": "Hash Join",
                    "Parent Relationship": "Outer",
                    "Parallel Aware": true,
                    "Join Type": "Inner",
                    "Startup Cost": 58771.32,
                    "Total Cost": 76955.11,
                    "Plan Rows": 20299,
                    "Plan Width": 8,
                    "Actual Startup Time": 150.254,
                    "Actual Total Time": 264.306,
                    "Actual Rows": 18986,
                    "Actual Loops": 2,
                    "Inner Unique": true,
                    "Hash Cond": "(mi_idx.movie_id = t.id)",
                    "Plans": [
                      {
                        "Node Type": "Seq Scan",
                        "Parent Relationship": "Outer",
                        "Parallel Aware": true,
                        "Relation Name": "movie_info_idx",
                        "Alias": "mi_idx",
                        "Startup Cost": 0.0,
                        "Total Cost": 16052.85,
                        "Plan Rows": 811785,
                        "Plan Width": 4,
                        "Actual Startup Time": 0.02,
                        "Actual Total Time": 45.189,
                        "Actual Rows": 690018,
                        "Actual Loops": 2
                      },
                      {
                        "Node Type": "Hash",
                        "Parent Relationship": "Inner",
                        "Parallel Aware": true,
                        "Startup Cost": 58306.47,
                        "Total Cost": 58306.47,
                        "Plan Rows": 37188,
                        "Plan Width": 4,
                        "Actual Startup Time": 148.909,
                        "Actual Total Time": 148.909,
                        "Actual Rows": 26885,
                        "Actual Loops": 2,
                        "Hash Buckets": 65536,
                        "Original Hash Buckets": 65536,
                        "Hash Batches": 1,
                        "Original Hash Batches": 1,
                        "Peak Memory Usage": 2656,
                        "Plans": [
                          {
                            "Node Type": "Seq Scan",
                            "Parent Relationship": "Outer",
                            "Parallel Aware": true,
                            "Relation Name": "title",
                            "Alias": "t",
                            "Startup Cost": 0.0,
                            "Total Cost": 58306.47,
                            "Plan Rows": 37188,
                            "Plan Width": 4,
                            "Actual Startup Time": 0.11,
                            "Actual Total Time": 142.198,
                            "Actual Rows": 26885,
                            "Actual Loops": 2,
                            "Filter": "((kind_id < 7) AND (production_year = 2011))",
                            "Rows Removed by Filter": 1237271
                          }
                        ]
                      }
                    ]
                  },
                  {
                    "Node Type": "Index Scan",
                    "Parent Relationship": "Inner",
                    "Parallel Aware": false,
                    "Scan Direction": "Forward",
                    "Index Name": "movie_id_cast_info",
                    "Relation Name": "cast_info",
                    "Alias": "ci",
                    "Startup Cost": 0.56,
                    "Total Cost": 2.41,
                    "Plan Rows": 3,
                    "Plan Width": 4,
                    "Actual Startup Time": 0.017,
                    "Actual Total Time": 0.023,
                    "Actual Rows": 1,
                    "Actual Loops": 37971,
                    "Index Cond": "(movie_id = mi_idx.movie_id)",
                    "Rows Removed by Index Recheck": 0,
                    "Filter": "(role_id = 4)",
                    "Rows Removed by Filter": 26
                  }
                ]
              }
            ]
          }
        ]
      }
    ]
  },
  "Planning Time": 0.904,
  "Triggers": [],
  "Execution Time": 789.127
}