[
  {
    "Plan": {
      "Node Type": "Aggregate",
      "Strategy": "Plain",
      "Partial Mode": "Finalize",
      "Parallel Aware": false,
      "Startup Cost": 381696.64,
      "Total Cost": 381696.65,
      "Plan Rows": 1,
      "Plan Width": 8,
      "Actual Startup Time": 1329.495,
      "Actual Total Time": 1442.899,
      "Actual Rows": 1,
      "Actual Loops": 1,
      "Plans": [
        {
          "Node Type": "Gather",
          "Parent Relationship": "Outer",
          "Parallel Aware": false,
          "Startup Cost": 381696.02,
          "Total Cost": 381696.63,
          "Plan Rows": 6,
          "Plan Width": 8,
          "Actual Startup Time": 1324.215,
          "Actual Total Time": 1442.885,
          "Actual Rows": 7,
          "Actual Loops": 1,
          "Workers Planned": 6,
          "Workers Launched": 6,
          "Single Copy": false,
          "Plans": [
            {
              "Node Type": "Aggregate",
              "Strategy": "Plain",
              "Partial Mode": "Partial",
              "Parent Relationship": "Outer",
              "Parallel Aware": false,
              "Startup Cost": 380696.02,
              "Total Cost": 380696.03,
              "Plan Rows": 1,
              "Plan Width": 8,
              "Actual Startup Time": 1313.337,
              "Actual Total Time": 1313.343,
              "Actual Rows": 1,
              "Actual Loops": 7,
              "Plans": [
                {
                  "Node Type": "Hash Join",
                  "Parent Relationship": "Outer",
                  "Parallel Aware": true,
                  "Join Type": "Inner",
                  "Startup Cost": 46935.47,
                  "Total Cost": 379867.6,
                  "Plan Rows": 331366,
                  "Plan Width": 0,
                  "Actual Startup Time": 504.988,
                  "Actual Total Time": 1297.511,
                  "Actual Rows": 305480,
                  "Actual Loops": 7,
                  "Inner Unique": true,
                  "Hash Cond": "(ci.movie_id = t.id)",
                  "Plans": [
                    {
                      "Node Type": "Seq Scan",
                      "Parent Relationship": "Outer",
                      "Parallel Aware": true,
                      "Relation Name": "cast_info",
                      "Alias": "ci",
                      "Startup Cost": 0.0,
                      "Total Cost": 328211.39,
                      "Plan Rows": 1798372,
                      "Plan Width": 4,
                      "Actual Startup Time": 363.75,
                      "Actual Total Time": 770.696,
                      "Actual Rows": 1525399,
                      "Actual Loops": 7,
                      "Filter": "(person_id > 2639715)",
                      "Rows Removed by Filter": 3652364
                    },
                    {
                      "Node Type": "Hash",
                      "Parent Relationship": "Inner",
                      "Parallel Aware": true,
                      "Startup Cost": 45479.59,
                      "Total Cost": 45479.59,
                      "Plan Rows": 116471,
                      "Plan Width": 4,
                      "Actual Startup Time": 138.401,
                      "Actual Total Time": 138.404,
                      "Actual Rows": 48678,
                      "Actual Loops": 7,
                      "Hash Buckets": 524288,
                      "Original Hash Buckets": 524288,
                      "Hash Batches": 1,
                      "Original Hash Batches": 1,
                      "Peak Memory Usage": 17536,
                      "Plans": [
                        {
                          "Node Type": "Seq Scan",
                          "Parent Relationship": "Outer",
                          "Parallel Aware": true,
                          "Relation Name": "title",
                          "Alias": "t",
                          "Startup Cost": 0.0,
                          "Total Cost": 45479.59,
                          "Plan Rows": 116471,
                          "Plan Width": 4,
                          "Actual Startup Time": 57.639,
                          "Actual Total Time": 109.033,
                          "Actual Rows": 48678,
                          "Actual Loops": 7,
                          "Filter": "((production_year > 1989) AND (kind_id = 1))",
                          "Rows Removed by Filter": 312509
                        }
                      ]
                    }
                  ]
                }
              ]
            }
          ]
        }
      ]
    },
    "Planning Time": 0.644,
    "Triggers": [],
    "Execution Time": 1443.0
  }
]