[
  {
    "Plan": {
      "Node Type": "Aggregate",
      "Strategy": "Plain",
      "Partial Mode": "Finalize",
      "Parallel Aware": false,
      "Startup Cost": 31086.57,
      "Total Cost": 31086.58,
      "Plan Rows": 1,
      "Plan Width": 8,
      "Actual Startup Time": 70.759,
      "Actual Total Time": 78.485,
      "Actual Rows": 1,
      "Actual Loops": 1,
      "Plans": [
        {
          "Node Type": "Gather",
          "Parent Relationship": "Outer",
          "Parallel Aware": false,
          "Startup Cost": 31086.25,
          "Total Cost": 31086.56,
          "Plan Rows": 3,
          "Plan Width": 8,
          "Actual Startup Time": 70.427,
          "Actual Total Time": 78.479,
          "Actual Rows": 4,
          "Actual Loops": 1,
          "Workers Planned": 3,
          "Workers Launched": 3,
          "Single Copy": false,
          "Plans": [
            {
              "Node Type": "Aggregate",
              "Strategy": "Plain",
              "Partial Mode": "Partial",
              "Parent Relationship": "Outer",
              "Parallel Aware": false,
              "Startup Cost": 30086.25,
              "Total Cost": 30086.26,
              "Plan Rows": 1,
              "Plan Width": 8,
              "Actual Startup Time": 66.271,
              "Actual Total Time": 66.272,
              "Actual Rows": 1,
              "Actual Loops": 4,
              "Plans": [
                {
                  "Node Type": "Bitmap Heap Scan",
                  "Parent Relationship": "Outer",
                  "Parallel Aware": true,
                  "Relation Name": "movie_keyword",
                  "Alias": "mk",
                  "Startup Cost": 4586.84,
                  "Total Cost": 29912.01,
                  "Plan Rows": 69694,
                  "Plan Width": 0,
                  "Actual Startup Time": 15.354,
                  "Actual Total Time": 63.066,
                  "Actual Rows": 55047,
                  "Actual Loops": 4,
                  "Recheck Cond": "(keyword_id > 64690)",
                  "Rows Removed by Index Recheck": 0,
                  "Exact Heap Blocks": 10775,
                  "Lossy Heap Blocks": 0,
                  "Plans": [
                    {
                      "Node Type": "Bitmap Index Scan",
                      "Parent Relationship": "Outer",
                      "Parallel Aware": false,
                      "Index Name": "keyword_id_movie_keyword",
                      "Startup Cost": 0.0,
                      "Total Cost": 4532.82,
                      "Plan Rows": 216052,
                      "Plan Width": 0,
                      "Actual Startup Time": 15.835,
                      "Actual Total Time": 15.835,
                      "Actual Rows": 220188,
                      "Actual Loops": 1,
                      "Index Cond": "(keyword_id > 64690)"
                    }
                  ]
                }
              ]
            }
          ]
        }
      ]
    },
    "Planning Time": 0.073,
    "Triggers": [],
    "Execution Time": 78.515
  }
]