[
  {
    "Plan": {
      "Node Type": "Aggregate",
      "Strategy": "Plain",
      "Partial Mode": "Finalize",
      "Parallel Aware": false,
      "Startup Cost": 304017.93,
      "Total Cost": 304017.94,
      "Plan Rows": 1,
      "Plan Width": 8,
      "Actual Startup Time": 2039.216,
      "Actual Total Time": 2090.06,
      "Actual Rows": 1,
      "Actual Loops": 1,
      "Plans": [
        {
          "Node Type": "Gather",
          "Parent Relationship": "Outer",
          "Parallel Aware": false,
          "Startup Cost": 304017.41,
          "Total Cost": 304017.92,
          "Plan Rows": 5,
          "Plan Width": 8,
          "Actual Startup Time": 2013.824,
          "Actual Total Time": 2090.042,
          "Actual Rows": 6,
          "Actual Loops": 1,
          "Workers Planned": 5,
          "Workers Launched": 5,
          "Single Copy": false,
          "Plans": [
            {
              "Node Type": "Aggregate",
              "Strategy": "Plain",
              "Partial Mode": "Partial",
              "Parent Relationship": "Outer",
              "Parallel Aware": false,
              "Startup Cost": 303017.41,
              "Total Cost": 303017.42,
              "Plan Rows": 1,
              "Plan Width": 8,
              "Actual Startup Time": 2005.13,
              "Actual Total Time": 2005.25,
              "Actual Rows": 1,
              "Actual Loops": 6,
              "Plans": [
                {
                  "Node Type": "Hash Join",
                  "Parent Relationship": "Outer",
                  "Parallel Aware": true,
                  "Join Type": "Inner",
                  "Startup Cost": 95539.97,
                  "Total Cost": 300983.77,
                  "Plan Rows": 813455,
                  "Plan Width": 0,
                  "Actual Startup Time": 522.025,
                  "Actual Total Time": 1704.184,
                  "Actual Rows": 6290816,
                  "Actual Loops": 6,
                  "Inner Unique": false,
                  "Hash Cond": "(mi.movie_id = t.id)",
                  "Plans": [
                    {
                      "Node Type": "Seq Scan",
                      "Parent Relationship": "Outer",
                      "Parallel Aware": true,
                      "Relation Name": "movie_info",
                      "Alias": "mi",
                      "Startup Cost": 0.0,
                      "Total Cost": 191685.19,
                      "Plan Rows": 2969219,
                      "Plan Width": 4,
                      "Actual Startup Time": 0.041,
                      "Actual Total Time": 306.404,
                      "Actual Rows": 2472620,
                      "Actual Loops": 6
                    },
                    {
                      "Node Type": "Hash",
                      "Parent Relationship": "Inner",
                      "Parallel Aware": true,
                      "Startup Cost": 92746.86,
                      "Total Cost": 92746.86,
                      "Plan Rows": 223449,
                      "Plan Width": 8,
                      "Actual Startup Time": 519.015,
                      "Actual Total Time": 519.132,
                      "Actual Rows": 115219,
                      "Actual Loops": 6,
                      "Hash Buckets": 1048576,
                      "Original Hash Buckets": 1048576,
                      "Hash Batches": 1,
                      "Original Hash Batches": 1,
                      "Peak Memory Usage": 35328,
                      "Plans": [
                        {
                          "Node Type": "Hash Join",
                          "Parent Relationship": "Outer",
                          "Parallel Aware": true,
                          "Join Type": "Inner",
                          "Startup Cost": 64913.19,
                          "Total Cost": 92746.86,
                          "Plan Rows": 223449,
                          "Plan Width": 8,
                          "Actual Startup Time": 363.502,
                          "Actual Total Time": 467.584,
                          "Actual Rows": 115219,
                          "Actual Loops": 6,
                          "Inner Unique": true,
                          "Hash Cond": "(mk.movie_id = t.id)",
                          "Plans": [
                            {
                              "Node Type": "Bitmap Heap Scan",
                              "Parent Relationship": "Outer",
                              "Parallel Aware": true,
                              "Relation Name": "movie_keyword",
                              "Alias": "mk",
                              "Startup Cost": 14692.8,
                              "Total Cost": 41939.92,
                              "Plan Rows": 223449,
                              "Plan Width": 4,
                              "Actual Startup Time": 63.817,
                              "Actual Total Time": 121.602,
                              "Actual Rows": 115219,
                              "Actual Loops": 6,
                              "Recheck Cond": "(keyword_id > 27243)",
                              "Rows Removed by Index Recheck": 0,
                              "Exact Heap Blocks": 4851,
                              "Lossy Heap Blocks": 0,
                              "Plans": [
                                {
                                  "Node Type": "Bitmap Index Scan",
                                  "Parent Relationship": "Outer",
                                  "Parallel Aware": false,
                                  "Index Name": "keyword_id_movie_keyword",
                                  "Startup Cost": 0.0,
                                  "Total Cost": 14519.63,
                                  "Plan Rows": 692693,
                                  "Plan Width": 0,
                                  "Actual Startup Time": 58.137,
                                  "Actual Total Time": 58.138,
                                  "Actual Rows": 691313,
                                  "Actual Loops": 1,
                                  "Index Cond": "(keyword_id > 27243)"
                                }
                              ]
                            },
                            {
                              "Node Type": "Hash",
                              "Parent Relationship": "Inner",
                              "Parallel Aware": true,
                              "Startup Cost": 42319.06,
                              "Total Cost": 42319.06,
                              "Plan Rows": 632106,
                              "Plan Width": 4,
                              "Actual Startup Time": 294.61,
                              "Actual Total Time": 294.611,
                              "Actual Rows": 421385,
                              "Actual Loops": 6,
                              "Hash Buckets": 4194304,
                              "Original Hash Buckets": 4194304,
                              "Hash Batches": 1,
                              "Original Hash Batches": 1,
                              "Peak Memory Usage": 131776,
                              "Plans": [
                                {
                                  "Node Type": "Seq Scan",
                                  "Parent Relationship": "Outer",
                                  "Parallel Aware": true,
                                  "Relation Name": "title",
                                  "Alias": "t",
                                  "Startup Cost": 0.0,
                                  "Total Cost": 42319.06,
                                  "Plan Rows": 632106,
                                  "Plan Width": 4,
                                  "Actual Startup Time": 0.045,
                                  "Actual Total Time": 89.241,
                                  "Actual Rows": 421385,
                                  "Actual Loops": 6
                                }
                              ]
                            }
                          ]
                        }
                      ]
                    }
                  ]
                }
              ]
            }
          ]
        }
      ]
    },
    "Planning Time": 0.618,
    "Triggers": [],
    "Execution Time": 2090.131
  }
]