[
  {
    "Plan": {
      "Node Type": "Aggregate",
      "Strategy": "Plain",
      "Partial Mode": "Finalize",
      "Parallel Aware": false,
      "Startup Cost": 82612.09,
      "Total Cost": 82612.1,
      "Plan Rows": 1,
      "Plan Width": 8,
      "Actual Startup Time": 330.241,
      "Actual Total Time": 347.909,
      "Actual Rows": 1,
      "Actual Loops": 1,
      "Plans": [
        {
          "Node Type": "Gather",
          "Parent Relationship": "Outer",
          "Parallel Aware": false,
          "Startup Cost": 82611.67,
          "Total Cost": 82612.08,
          "Plan Rows": 4,
          "Plan Width": 8,
          "Actual Startup Time": 325.558,
          "Actual Total Time": 347.897,
          "Actual Rows": 5,
          "Actual Loops": 1,
          "Workers Planned": 4,
          "Workers Launched": 4,
          "Single Copy": false,
          "Plans": [
            {
              "Node Type": "Aggregate",
              "Strategy": "Plain",
              "Partial Mode": "Partial",
              "Parent Relationship": "Outer",
              "Parallel Aware": false,
              "Startup Cost": 81611.67,
              "Total Cost": 81611.68,
              "Plan Rows": 1,
              "Plan Width": 8,
              "Actual Startup Time": 316.463,
              "Actual Total Time": 316.466,
              "Actual Rows": 1,
              "Actual Loops": 5,
              "Plans": [
                {
                  "Node Type": "Hash Join",
                  "Parent Relationship": "Outer",
                  "Parallel Aware": true,
                  "Join Type": "Inner",
                  "Startup Cost": 34656.83,
                  "Total Cost": 81255.48,
                  "Plan Rows": 142476,
                  "Plan Width": 0,
                  "Actual Startup Time": 129.063,
                  "Actual Total Time": 312.185,
                  "Actual Rows": 80091,
                  "Actual Loops": 5,
                  "Inner Unique": false,
                  "Hash Cond": "(t.id = mc.movie_id)",
                  "Plans": [
                    {
                      "Node Type": "Seq Scan",
                      "Parent Relationship": "Outer",
                      "Parallel Aware": true,
                      "Relation Name": "title",
                      "Alias": "t",
                      "Startup Cost": 0.0,
                      "Total Cost": 43898.92,
                      "Plan Rows": 448026,
                      "Plan Width": 4,
                      "Actual Startup Time": 0.012,
                      "Actual Total Time": 87.129,
                      "Actual Rows": 358831,
                      "Actual Loops": 5,
                      "Filter": "(production_year < 2009)",
                      "Rows Removed by Filter": 146832
                    },
                    {
                      "Node Type": "Hash",
                      "Parent Relationship": "Inner",
                      "Parallel Aware": true,
                      "Startup Cost": 31414.82,
                      "Total Cost": 31414.82,
                      "Plan Rows": 259361,
                      "Plan Width": 4,
                      "Actual Startup Time": 124.681,
                      "Actual Total Time": 124.682,
                      "Actual Rows": 100514,
                      "Actual Loops": 5,
                      "Hash Buckets": 1048576,
                      "Original Hash Buckets": 1048576,
                      "Hash Batches": 1,
                      "Original Hash Batches": 1,
                      "Peak Memory Usage": 27904,
                      "Plans": [
                        {
                          "Node Type": "Seq Scan",
                          "Parent Relationship": "Outer",
                          "Parallel Aware": true,
                          "Relation Name": "movie_companies",
                          "Alias": "mc",
                          "Startup Cost": 0.0,
                          "Total Cost": 31414.82,
                          "Plan Rows": 259361,
                          "Plan Width": 4,
                          "Actual Startup Time": 50.018,
                          "Actual Total Time": 82.493,
                          "Actual Rows": 100514,
                          "Actual Loops": 5,
                          "Filter": "((company_id < 15330) AND (company_type_id = 2))",
                          "Rows Removed by Filter": 421312
                        }
                      ]
                    }
                  ]
                }
              ]
            }
          ]
        }
      ]
    },
    "Planning Time": 0.699,
    "Triggers": [],
    "Execution Time": 347.983
  }
]