[
  {
    "Plan": {
      "Node Type": "Aggregate",
      "Strategy": "Plain",
      "Partial Mode": "Simple",
      "Parallel Aware": false,
      "Startup Cost": 57663.18,
      "Total Cost": 57663.19,
      "Plan Rows": 1,
      "Plan Width": 64,
      "Actual Startup Time": 11851.761,
      "Actual Total Time": 11851.766,
      "Actual Rows": 1,
      "Actual Loops": 1,
      "Output": [
        "min(t.title)",
        "min(pi.info)"
      ],
      "Plans": [
        {
          "Node Type": "Nested Loop",
          "Parent Relationship": "Outer",
          "Parallel Aware": false,
          "Join Type": "Inner",
          "Startup Cost": 2405.71,
          "Total Cost": 57663.17,
          "Plan Rows": 1,
          "Plan Width": 114,
          "Actual Startup Time": 59.31,
          "Actual Total Time": 11847.268,
          "Actual Rows": 14554,
          "Actual Loops": 1,
          "Output": [
            "t.title",
            "pi.info"
          ],
          "Inner Unique": true,
          "Join Filter": "(mi.movie_id = t.id)",
          "Rows Removed by Join Filter": 0,
          "Plans": [
            {
              "Node Type": "Nested Loop",
              "Parent Relationship": "Outer",
              "Parallel Aware": false,
              "Join Type": "Inner",
              "Startup Cost": 2405.28,
              "Total Cost": 57662.71,
              "Plan Rows": 0,
              "Plan Width": 105,
              "Actual Startup Time": 59.221,
              "Actual Total Time": 11720.794,
              "Actual Rows": 14554,
              "Actual Loops": 1,
              "Output": [
                "pi.info",
                "ci.movie_id",
                "mi.movie_id"
              ],
              "Inner Unique": false,
              "Plans": [
                {
                  "Node Type": "Seq Scan",
                  "Parent Relationship": "Outer",
                  "Parallel Aware": false,
                  "Relation Name": "info_type",
                  "Schema": "public",
                  "Alias": "it2",
                  "Startup Cost": 0.0,
                  "Total Cost": 2.41,
                  "Plan Rows": 1,
                  "Plan Width": 4,
                  "Actual Startup Time": 0.049,
                  "Actual Total Time": 0.053,
                  "Actual Rows": 1,
                  "Actual Loops": 1,
                  "Output": [
                    "it2.id",
                    "it2.info"
                  ],
                  "Filter": "(it2.id = 3)",
                  "Rows Removed by Filter": 112
                },
                {
                  "Node Type": "Nested Loop",
                  "Parent Relationship": "Inner",
                  "Parallel Aware": false,
                  "Join Type": "Inner",
                  "Startup Cost": 2405.28,
                  "Total Cost": 57660.28,
                  "Plan Rows": 2,
                  "Plan Width": 109,
                  "Actual Startup Time": 59.169,
                  "Actual Total Time": 11718.36,
                  "Actual Rows": 14554,
                  "Actual Loops": 1,
                  "Output": [
                    "pi.info",
                    "ci.movie_id",
                    "mi.movie_id",
                    "mi.info_type_id"
                  ],
                  "Inner Unique": false,
                  "Plans": [
                    {
                      "Node Type": "Nested Loop",
                      "Parent Relationship": "Outer",
                      "Parallel Aware": false,
                      "Join Type": "Inner",
                      "Startup Cost": 2404.84,
                      "Total Cost": 57487.78,
                      "Plan Rows": 122,
                      "Plan Width": 101,
                      "Actual Startup Time": 58.676,
                      "Actual Total Time": 1272.008,
                      "Actual Rows": 466077,
                      "Actual Loops": 1,
                      "Output": [
                        "pi.info",
                        "ci.movie_id"
                      ],
                      "Inner Unique": false,
                      "Plans": [
                        {
                          "Node Type": "Nested Loop",
                          "Parent Relationship": "Outer",
                          "Parallel Aware": false,
                          "Join Type": "Inner",
                          "Startup Cost": 2404.28,
                          "Total Cost": 57281.08,
                          "Plan Rows": 14,
                          "Plan Width": 105,
                          "Actual Startup Time": 58.592,
                          "Actual Total Time": 783.351,
                          "Actual Rows": 13909,
                          "Actual Loops": 1,
                          "Output": [
                            "pi.info",
                            "pi.person_id",
                            "n.id"
                          ],
                          "Inner Unique": true,
                          "Plans": [
                            {
                              "Node Type": "Nested Loop",
                              "Parent Relationship": "Outer",
                              "Parallel Aware": false,
                              "Join Type": "Inner",
                              "Startup Cost": 2403.85,
                              "Total Cost": 57166.46,
                              "Plan Rows": 14,
                              "Plan Width": 101,
                              "Actual Startup Time": 58.554,
                              "Actual Total Time": 630.561,
                              "Actual Rows": 13909,
                              "Actual Loops": 1,
                              "Output": [
                                "pi.info",
                                "pi.person_id"
                              ],
                              "Inner Unique": false,
                              "Plans": [
                                {
                                  "Node Type": "Seq Scan",
                                  "Parent Relationship": "Outer",
                                  "Parallel Aware": false,
                                  "Relation Name": "info_type",
                                  "Schema": "public",
                                  "Alias": "it1",
                                  "Startup Cost": 0.0,
                                  "Total Cost": 2.41,
                                  "Plan Rows": 1,
                                  "Plan Width": 4,
                                  "Actual Startup Time": 0.037,
                                  "Actual Total Time": 0.058,
                                  "Actual Rows": 1,
                                  "Actual Loops": 1,
                                  "Output": [
                                    "it1.id",
                                    "it1.info"
                                  ],
                                  "Filter": "((it1.info)::text ~~* 'birth date'::text)",
                                  "Rows Removed by Filter": 112
                                },
                                {
                                  "Node Type": "Bitmap Heap Scan",
                                  "Parent Relationship": "Inner",
                                  "Parallel Aware": false,
                                  "Relation Name": "person_info",
                                  "Schema": "public",
                                  "Alias": "pi",
                                  "Startup Cost": 2403.85,
                                  "Total Cost": 57163.3,
                                  "Plan Rows": 74,
                                  "Plan Width": 105,
                                  "Actual Startup Time": 58.507,
                                  "Actual Total Time": 627.502,
                                  "Actual Rows": 13909,
                                  "Actual Loops": 1,
                                  "Output": [
                                    "pi.id",
                                    "pi.person_id",
                                    "pi.info_type_id",
                                    "pi.info",
                                    "pi.note"
                                  ],
                                  "Recheck Cond": "(pi.info_type_id = it1.id)",
                                  "Rows Removed by Index Recheck": 0,
                                  "Filter": "((pi.info ~~* '%189%'::text) OR (pi.info ~~* '188%'::text) OR (pi.info ~~* '187%'::text) OR (pi.info ~~* '186%'::text) OR (pi.info ~~* '185%'::text) OR (pi.info ~~* '184%'::text))",
                                  "Rows Removed by Filter": 339373,
                                  "Exact Heap Blocks": 46437,
                                  "Lossy Heap Blocks": 0,
                                  "Plans": [
                                    {
                                      "Node Type": "Bitmap Index Scan",
                                      "Parent Relationship": "Outer",
                                      "Parallel Aware": false,
                                      "Index Name": "info_type_id_person_info",
                                      "Startup Cost": 0.0,
                                      "Total Cost": 2403.83,
                                      "Plan Rows": 134853,
                                      "Plan Width": 0,
                                      "Actual Startup Time": 48.459,
                                      "Actual Total Time": 48.46,
                                      "Actual Rows": 353282,
                                      "Actual Loops": 1,
                                      "Index Cond": "(pi.info_type_id = it1.id)"
                                    }
                                  ]
                                }
                              ]
                            },
                            {
                              "Node Type": "Index Only Scan",
                              "Parent Relationship": "Inner",
                              "Parallel Aware": false,
                              "Scan Direction": "Forward",
                              "Index Name": "name_pkey",
                              "Relation Name": "name",
                              "Schema": "public",
                              "Alias": "n",
                              "Startup Cost": 0.43,
                              "Total Cost": 8.19,
                              "Plan Rows": 1,
                              "Plan Width": 4,
                              "Actual Startup Time": 0.01,
                              "Actual Total Time": 0.01,
                              "Actual Rows": 1,
                              "Actual Loops": 13909,
                              "Output": [
                                "n.id"
                              ],
                              "Index Cond": "(n.id = pi.person_id)",
                              "Rows Removed by Index Recheck": 0,
                              "Heap Fetches": 13909
                            }
                          ]
                        },
                        {
                          "Node Type": "Index Scan",
                          "Parent Relationship": "Inner",
                          "Parallel Aware": false,
                          "Scan Direction": "Forward",
                          "Index Name": "person_id_cast_info",
                          "Relation Name": "cast_info",
                          "Schema": "public",
                          "Alias": "ci",
                          "Startup Cost": 0.56,
                          "Total Cost": 9.73,
                          "Plan Rows": 503,
                          "Plan Width": 8,
                          "Actual Startup Time": 0.019,
                          "Actual Total Time": 0.031,
                          "Actual Rows": 34,
                          "Actual Loops": 13909,
                          "Output": [
                            "ci.id",
                            "ci.person_id",
                            "ci.movie_id",
                            "ci.person_role_id",
                            "ci.note",
                            "ci.nr_order",
                            "ci.role_id"
                          ],
                          "Index Cond": "(ci.person_id = n.id)",
                          "Rows Removed by Index Recheck": 0
                        }
                      ]
                    },
                    {
                      "Node Type": "Index Scan",
                      "Parent Relationship": "Inner",
                      "Parallel Aware": false,
                      "Scan Direction": "Forward",
                      "Index Name": "movie_id_movie_info",
                      "Relation Name": "movie_info",
                      "Schema": "public",
                      "Alias": "mi",
                      "Startup Cost": 0.43,
                      "Total Cost": 1.4,
                      "Plan Rows": 1,
                      "Plan Width": 8,
                      "Actual Startup Time": 0.022,
                      "Actual Total Time": 0.022,
                      "Actual Rows": 0,
                      "Actual Loops": 466077,
                      "Output": [
                        "mi.id",
                        "mi.movie_id",
                        "mi.info_type_id",
                        "mi.info",
                        "mi.note"
                      ],
                      "Index Cond": "(mi.movie_id = ci.movie_id)",
                      "Rows Removed by Index Recheck": 0,
                      "Filter": "((mi.info ~~* '%documentary%'::text) AND (mi.info_type_id = 3))",
                      "Rows Removed by Filter": 19
                    }
                  ]
                }
              ]
            },
            {
              "Node Type": "Index Scan",
              "Parent Relationship": "Inner",
              "Parallel Aware": false,
              "Scan Direction": "Forward",
              "Index Name": "title_pkey",
              "Relation Name": "title",
              "Schema": "public",
              "Alias": "t",
              "Startup Cost": 0.43,
              "Total Cost": 0.45,
              "Plan Rows": 1,
              "Plan Width": 21,
              "Actual Startup Time": 0.008,
              "Actual Total Time": 0.008,
              "Actual Rows": 1,
              "Actual Loops": 14554,
              "Output": [
                "t.id",
                "t.title",
                "t.imdb_index",
                "t.kind_id",
                "t.production_year",
                "t.imdb_id",
                "t.phonetic_code",
                "t.episode_of_id",
                "t.season_nr",
                "t.episode_nr",
                "t.series_years",
                "t.md5sum"
              ],
              "Index Cond": "(t.id = ci.movie_id)",
              "Rows Removed by Index Recheck": 0
            }
          ]
        }
      ]
    },
    "Planning Time": 15145.849,
    "Triggers": [],
    "Execution Time": 11852.245
  }
]