[
  {
    "Plan": {
      "Node Type": "Aggregate",
      "Strategy": "Plain",
      "Partial Mode": "Finalize",
      "Parallel Aware": false,
      "Startup Cost": 65868.37,
      "Total Cost": 65868.38,
      "Plan Rows": 1,
      "Plan Width": 8,
      "Actual Startup Time": 138.914,
      "Actual Total Time": 152.925,
      "Actual Rows": 1,
      "Actual Loops": 1,
      "Plans": [
        {
          "Node Type": "Gather",
          "Parent Relationship": "Outer",
          "Parallel Aware": false,
          "Startup Cost": 65868.05,
          "Total Cost": 65868.36,
          "Plan Rows": 3,
          "Plan Width": 8,
          "Actual Startup Time": 138.588,
          "Actual Total Time": 152.916,
          "Actual Rows": 4,
          "Actual Loops": 1,
          "Workers Planned": 3,
          "Workers Launched": 3,
          "Single Copy": false,
          "Plans": [
            {
              "Node Type": "Aggregate",
              "Strategy": "Plain",
              "Partial Mode": "Partial",
              "Parent Relationship": "Outer",
              "Parallel Aware": false,
              "Startup Cost": 64868.05,
              "Total Cost": 64868.06,
              "Plan Rows": 1,
              "Plan Width": 8,
              "Actual Startup Time": 129.414,
              "Actual Total Time": 129.418,
              "Actual Rows": 1,
              "Actual Loops": 4,
              "Plans": [
                {
                  "Node Type": "Hash Join",
                  "Parent Relationship": "Outer",
                  "Parallel Aware": true,
                  "Join Type": "Inner",
                  "Startup Cost": 45683.84,
                  "Total Cost": 64867.76,
                  "Plan Rows": 115,
                  "Plan Width": 0,
                  "Actual Startup Time": 111.897,
                  "Actual Total Time": 129.367,
                  "Actual Rows": 470,
                  "Actual Loops": 4,
                  "Inner Unique": true,
                  "Hash Cond": "(mc.movie_id = t.id)",
                  "Plans": [
                    {
                      "Node Type": "Bitmap Heap Scan",
                      "Parent Relationship": "Outer",
                      "Parallel Aware": true,
                      "Relation Name": "movie_companies",
                      "Alias": "mc",
                      "Startup Cost": 1750.16,
                      "Total Cost": 20865.72,
                      "Plan Rows": 26045,
                      "Plan Width": 4,
                      "Actual Startup Time": 8.167,
                      "Actual Total Time": 22.528,
                      "Actual Rows": 21018,
                      "Actual Loops": 4,
                      "Recheck Cond": "(company_id < 19)",
                      "Rows Removed by Index Recheck": 0,
                      "Exact Heap Blocks": 3486,
                      "Lossy Heap Blocks": 0,
                      "Plans": [
                        {
                          "Node Type": "Bitmap Index Scan",
                          "Parent Relationship": "Outer",
                          "Parallel Aware": false,
                          "Index Name": "company_id_movie_companies",
                          "Startup Cost": 0.0,
                          "Total Cost": 1729.97,
                          "Plan Rows": 80739,
                          "Plan Width": 0,
                          "Actual Startup Time": 6.298,
                          "Actual Total Time": 6.299,
                          "Actual Rows": 84071,
                          "Actual Loops": 1,
                          "Index Cond": "(company_id < 19)"
                        }
                      ]
                    },
                    {
                      "Node Type": "Hash",
                      "Parent Relationship": "Inner",
                      "Parallel Aware": true,
                      "Startup Cost": 43898.92,
                      "Total Cost": 43898.92,
                      "Plan Rows": 2781,
                      "Plan Width": 4,
                      "Actual Startup Time": 102.04,
                      "Actual Total Time": 102.04,
                      "Actual Rows": 2768,
                      "Actual Loops": 4,
                      "Hash Buckets": 16384,
                      "Original Hash Buckets": 16384,
                      "Hash Batches": 1,
                      "Original Hash Batches": 1,
                      "Peak Memory Usage": 640,
                      "Plans": [
                        {
                          "Node Type": "Seq Scan",
                          "Parent Relationship": "Outer",
                          "Parallel Aware": true,
                          "Relation Name": "title",
                          "Alias": "t",
                          "Startup Cost": 0.0,
                          "Total Cost": 43898.92,
                          "Plan Rows": 2781,
                          "Plan Width": 4,
                          "Actual Startup Time": 0.148,
                          "Actual Total Time": 100.202,
                          "Actual Rows": 2768,
                          "Actual Loops": 4,
                          "Filter": "(production_year = 1961)",
                          "Rows Removed by Filter": 629310
                        }
                      ]
                    }
                  ]
                }
              ]
            }
          ]
        }
      ]
    },
    "Planning Time": 0.636,
    "Triggers": [],
    "Execution Time": 153.01
  }
]