[
  {
    "Plan": {
      "Node Type": "Aggregate",
      "Strategy": "Plain",
      "Partial Mode": "Simple",
      "Parallel Aware": false,
      "Startup Cost": 2959.14,
      "Total Cost": 2959.15,
      "Plan Rows": 1,
      "Plan Width": 8,
      "Actual Startup Time": 3.766,
      "Actual Total Time": 3.768,
      "Actual Rows": 1,
      "Actual Loops": 1,
      "Plans": [
        {
          "Node Type": "Nested Loop",
          "Parent Relationship": "Outer",
          "Parallel Aware": false,
          "Join Type": "Inner",
          "Startup Cost": 6.75,
          "Total Cost": 2959.11,
          "Plan Rows": 9,
          "Plan Width": 0,
          "Actual Startup Time": 0.343,
          "Actual Total Time": 3.762,
          "Actual Rows": 2,
          "Actual Loops": 1,
          "Inner Unique": true,
          "Plans": [
            {
              "Node Type": "Bitmap Heap Scan",
              "Parent Relationship": "Outer",
              "Parallel Aware": false,
              "Relation Name": "movie_keyword",
              "Alias": "mk",
              "Startup Cost": 6.32,
              "Total Cost": 908.7,
              "Plan Rows": 244,
              "Plan Width": 4,
              "Actual Startup Time": 0.182,
              "Actual Total Time": 0.98,
              "Actual Rows": 440,
              "Actual Loops": 1,
              "Recheck Cond": "(keyword_id = 7556)",
              "Rows Removed by Index Recheck": 0,
              "Exact Heap Blocks": 431,
              "Lossy Heap Blocks": 0,
              "Plans": [
                {
                  "Node Type": "Bitmap Index Scan",
                  "Parent Relationship": "Outer",
                  "Parallel Aware": false,
                  "Index Name": "keyword_id_movie_keyword",
                  "Startup Cost": 0.0,
                  "Total Cost": 6.26,
                  "Plan Rows": 244,
                  "Plan Width": 0,
                  "Actual Startup Time": 0.093,
                  "Actual Total Time": 0.094,
                  "Actual Rows": 440,
                  "Actual Loops": 1,
                  "Index Cond": "(keyword_id = 7556)"
                }
              ]
            },
            {
              "Node Type": "Index Scan",
              "Parent Relationship": "Inner",
              "Parallel Aware": false,
              "Scan Direction": "Forward",
              "Index Name": "title_pkey",
              "Relation Name": "title",
              "Alias": "t",
              "Startup Cost": 0.43,
              "Total Cost": 8.4,
              "Plan Rows": 1,
              "Plan Width": 4,
              "Actual Startup Time": 0.006,
              "Actual Total Time": 0.006,
              "Actual Rows": 0,
              "Actual Loops": 440,
              "Index Cond": "(id = mk.movie_id)",
              "Rows Removed by Index Recheck": 0,
              "Filter": "((kind_id = 7) AND (production_year = 2011))",
              "Rows Removed by Filter": 1
            }
          ]
        }
      ]
    },
    "Planning Time": 0.39,
    "Triggers": [],
    "Execution Time": 3.817
  }
]