[
  {
    "Bao": {
      "Bao prediction": 548.892,
      "Bao recommended hint": "SET enable_nestloop TO off; SET enable_hashjoin TO off; "
    }
  },
  {
    "Plan": {
      "Node Type": "Aggregate",
      "Strategy": "Plain",
      "Partial Mode": "Simple",
      "Parallel Aware": false,
      "Startup Cost": 1446175.02,
      "Total Cost": 1446175.03,
      "Plan Rows": 1,
      "Plan Width": 64,
      "Actual Startup Time": 6213.697,
      "Actual Total Time": 6213.976,
      "Actual Rows": 1,
      "Actual Loops": 1,
      "Plans": [
        {
          "Node Type": "Merge Join",
          "Parent Relationship": "Outer",
          "Parallel Aware": false,
          "Join Type": "Inner",
          "Startup Cost": 1262416.32,
          "Total Cost": 1446175.01,
          "Plan Rows": 1,
          "Plan Width": 32,
          "Actual Startup Time": 4951.301,
          "Actual Total Time": 6212.699,
          "Actual Rows": 5406,
          "Actual Loops": 1,
          "Inner Unique": false,
          "Merge Cond": "(n.id = ci.person_id)",
          "Plans": [
            {
              "Node Type": "Index Scan",
              "Parent Relationship": "Outer",
              "Parallel Aware": false,
              "Scan Direction": "Forward",
              "Index Name": "name_pkey",
              "Relation Name": "name",
              "Alias": "n",
              "Startup Cost": 0.43,
              "Total Cost": 178171.22,
              "Plan Rows": 4167377,
              "Plan Width": 19,
              "Actual Startup Time": 0.02,
              "Actual Total Time": 1045.486,
              "Actual Rows": 2699680,
              "Actual Loops": 1
            },
            {
              "Node Type": "Sort",
              "Parent Relationship": "Inner",
              "Parallel Aware": false,
              "Startup Cost": 1262415.89,
              "Total Cost": 1262415.9,
              "Plan Rows": 1,
              "Plan Width": 21,
              "Actual Startup Time": 4949.581,
              "Actual Total Time": 4951.444,
              "Actual Rows": 5406,
              "Actual Loops": 1,
              "Sort Key": [
                "ci.person_id"
              ],
              "Sort Method": "quicksort",
              "Sort Space Used": 554,
              "Sort Space Type": "Memory",
              "Plans": [
                {
                  "Node Type": "Gather",
                  "Parent Relationship": "Outer",
                  "Parallel Aware": false,
                  "Startup Cost": 1262415.76,
                  "Total Cost": 1262415.88,
                  "Plan Rows": 1,
                  "Plan Width": 21,
                  "Actual Startup Time": 4931.785,
                  "Actual Total Time": 4948.294,
                  "Actual Rows": 5406,
                  "Actual Loops": 1,
                  "Workers Planned": 6,
                  "Workers Launched": 6,
                  "Single Copy": false,
                  "Plans": [
                    {
                      "Node Type": "Merge Join",
                      "Parent Relationship": "Outer",
                      "Parallel Aware": false,
                      "Join Type": "Inner",
                      "Startup Cost": 1261415.76,
                      "Total Cost": 1261415.78,
                      "Plan Rows": 1,
                      "Plan Width": 21,
                      "Actual Startup Time": 4921.658,
                      "Actual Total Time": 4921.804,
                      "Actual Rows": 772,
                      "Actual Loops": 7,
                      "Inner Unique": true,
                      "Merge Cond": "(t.kind_id = kt.id)",
                      "Plans": [
                        {
                          "Node Type": "Sort",
                          "Parent Relationship": "Outer",
                          "Parallel Aware": false,
                          "Startup Cost": 1261414.66,
                          "Total Cost": 1261414.66,
                          "Plan Rows": 1,
                          "Plan Width": 25,
                          "Actual Startup Time": 4921.613,
                          "Actual Total Time": 4921.659,
                          "Actual Rows": 773,
                          "Actual Loops": 7,
                          "Sort Key": [
                            "t.kind_id"
                          ],
                          "Sort Method": "quicksort",
                          "Sort Space Used": 87,
                          "Sort Space Type": "Memory",
                          "Workers": [
                            {
                              "Worker Number": 0,
                              "Sort Method": "quicksort",
                              "Sort Space Used": 70,
                              "Sort Space Type": "Memory"
                            },
                            {
                              "Worker Number": 1,
                              "Sort Method": "quicksort",
                              "Sort Space Used": 86,
                              "Sort Space Type": "Memory"
                            },
                            {
                              "Worker Number": 2,
                              "Sort Method": "quicksort",
                              "Sort Space Used": 85,
                              "Sort Space Type": "Memory"
                            },
                            {
                              "Worker Number": 3,
                              "Sort Method": "quicksort",
                              "Sort Space Used": 92,
                              "Sort Space Type": "Memory"
                            },
                            {
                              "Worker Number": 4,
                              "Sort Method": "quicksort",
                              "Sort Space Used": 90,
                              "Sort Space Type": "Memory"
                            },
                            {
                              "Worker Number": 5,
                              "Sort Method": "quicksort",
                              "Sort Space Used": 94,
                              "Sort Space Type": "Memory"
                            }
                          ],
                          "Plans": [
                            {
                              "Node Type": "Merge Join",
                              "Parent Relationship": "Outer",
                              "Parallel Aware": false,
                              "Join Type": "Inner",
                              "Startup Cost": 1261354.03,
                              "Total Cost": 1261414.65,
                              "Plan Rows": 1,
                              "Plan Width": 25,
                              "Actual Startup Time": 4893.71,
                              "Actual Total Time": 4921.366,
                              "Actual Rows": 817,
                              "Actual Loops": 7,
                              "Inner Unique": true,
                              "Merge Cond": "(mk.keyword_id = k.id)",
                              "Plans": [
                                {
                                  "Node Type": "Sort",
                                  "Parent Relationship": "Outer",
                                  "Parallel Aware": false,
                                  "Startup Cost": 1257385.83,
                                  "Total Cost": 1257416.21,
                                  "Plan Rows": 12154,
                                  "Plan Width": 29,
                                  "Actual Startup Time": 4863.868,
                                  "Actual Total Time": 4884.901,
                                  "Actual Rows": 127450,
                                  "Actual Loops": 7,
                                  "Sort Key": [
                                    "mk.keyword_id"
                                  ],
                                  "Sort Method": "quicksort",
                                  "Sort Space Used": 21146,
                                  "Sort Space Type": "Memory",
                                  "Workers": [
                                    {
                                      "Worker Number": 0,
                                      "Sort Method": "quicksort",
                                      "Sort Space Used": 12342,
                                      "Sort Space Type": "Memory"
                                    },
                                    {
                                      "Worker Number": 1,
                                      "Sort Method": "quicksort",
                                      "Sort Space Used": 19997,
                                      "Sort Space Type": "Memory"
                                    },
                                    {
                                      "Worker Number": 2,
                                      "Sort Method": "quicksort",
                                      "Sort Space Used": 19983,
                                      "Sort Space Type": "Memory"
                                    },
                                    {
                                      "Worker Number": 3,
                                      "Sort Method": "quicksort",
                                      "Sort Space Used": 20929,
                                      "Sort Space Type": "Memory"
                                    },
                                    {
                                      "Worker Number": 4,
                                      "Sort Method": "quicksort",
                                      "Sort Space Used": 21370,
                                      "Sort Space Type": "Memory"
                                    },
                                    {
                                      "Worker Number": 5,
                                      "Sort Method": "quicksort",
                                      "Sort Space Used": 21731,
                                      "Sort Space Type": "Memory"
                                    }
                                  ],
                                  "Plans": [
                                    {
                                      "Node Type": "Merge Join",
                                      "Parent Relationship": "Outer",
                                      "Parallel Aware": false,
                                      "Join Type": "Inner",
                                      "Startup Cost": 945336.14,
                                      "Total Cost": 1256561.23,
                                      "Plan Rows": 12154,
                                      "Plan Width": 29,
                                      "Actual Startup Time": 2232.966,
                                      "Actual Total Time": 4809.521,
                                      "Actual Rows": 174854,
                                      "Actual Loops": 7,
                                      "Inner Unique": false,
                                      "Merge Cond": "(t.id = mk.movie_id)",
                                      "Plans": [
                                        {
                                          "Node Type": "Merge Join",
                                          "Parent Relationship": "Outer",
                                          "Parallel Aware": false,
                                          "Join Type": "Inner",
                                          "Startup Cost": 945335.71,
                                          "Total Cost": 1068191.22,
                                          "Plan Rows": 2606,
                                          "Plan Width": 37,
                                          "Actual Startup Time": 2230.815,
                                          "Actual Total Time": 3876.242,
                                          "Actual Rows": 3074,
                                          "Actual Loops": 7,
                                          "Inner Unique": false,
                                          "Merge Cond": "(ci.movie_id = t.id)",
                                          "Plans": [
                                            {
                                              "Node Type": "Sort",
                                              "Parent Relationship": "Outer",
                                              "Parallel Aware": false,
                                              "Startup Cost": 937123.94,
                                              "Total Cost": 938485.01,
                                              "Plan Rows": 544428,
                                              "Plan Width": 8,
                                              "Actual Startup Time": 2156.114,
                                              "Actual Total Time": 2172.517,
                                              "Actual Rows": 89084,
                                              "Actual Loops": 7,
                                              "Sort Key": [
                                                "ci.movie_id"
                                              ],
                                              "Sort Method": "quicksort",
                                              "Sort Space Used": 7621,
                                              "Sort Space Type": "Memory",
                                              "Workers": [
                                                {
                                                  "Worker Number": 0,
                                                  "Sort Method": "quicksort",
                                                  "Sort Space Used": 4517,
                                                  "Sort Space Type": "Memory"
                                                },
                                                {
                                                  "Worker Number": 1,
                                                  "Sort Method": "quicksort",
                                                  "Sort Space Used": 7266,
                                                  "Sort Space Type": "Memory"
                                                },
                                                {
                                                  "Worker Number": 2,
                                                  "Sort Method": "quicksort",
                                                  "Sort Space Used": 7110,
                                                  "Sort Space Type": "Memory"
                                                },
                                                {
                                                  "Worker Number": 3,
                                                  "Sort Method": "quicksort",
                                                  "Sort Space Used": 7550,
                                                  "Sort Space Type": "Memory"
                                                },
                                                {
                                                  "Worker Number": 4,
                                                  "Sort Method": "quicksort",
                                                  "Sort Space Used": 7391,
                                                  "Sort Space Type": "Memory"
                                                },
                                                {
                                                  "Worker Number": 5,
                                                  "Sort Method": "quicksort",
                                                  "Sort Space Used": 7747,
                                                  "Sort Space Type": "Memory"
                                                }
                                              ],
                                              "Plans": [
                                                {
                                                  "Node Type": "Merge Join",
                                                  "Parent Relationship": "Outer",
                                                  "Parallel Aware": false,
                                                  "Join Type": "Inner",
                                                  "Startup Cost": 171095.42,
                                                  "Total Cost": 885255.25,
                                                  "Plan Rows": 544428,
                                                  "Plan Width": 8,
                                                  "Actual Startup Time": 754.394,
                                                  "Actual Total Time": 2128.639,
                                                  "Actual Rows": 89084,
                                                  "Actual Loops": 7,
                                                  "Inner Unique": true,
                                                  "Merge Cond": "(ci.person_role_id = chn.id)",
                                                  "Plans": [
                                                    {
                                                      "Node Type": "Index Scan",
                                                      "Parent Relationship": "Outer",
                                                      "Parallel Aware": true,
                                                      "Scan Direction": "Forward",
                                                      "Index Name": "person_role_id_cast_info",
                                                      "Relation Name": "cast_info",
                                                      "Alias": "ci",
                                                      "Startup Cost": 0.56,
                                                      "Total Cost": 1567975.83,
                                                      "Plan Rows": 6042971,
                                                      "Plan Width": 12,
                                                      "Actual Startup Time": 0.121,
                                                      "Actual Total Time": 1248.734,
                                                      "Actual Rows": 2510218,
                                                      "Actual Loops": 7
                                                    },
                                                    {
                                                      "Node Type": "Sort",
                                                      "Parent Relationship": "Inner",
                                                      "Parallel Aware": false,
                                                      "Startup Cost": 109169.65,
                                                      "Total Cost": 109876.93,
                                                      "Plan Rows": 282914,
                                                      "Plan Width": 4,
                                                      "Actual Startup Time": 643.348,
                                                      "Actual Total Time": 673.725,
                                                      "Actual Rows": 180138,
                                                      "Actual Loops": 7,
                                                      "Sort Key": [
                                                        "chn.id"
                                                      ],
                                                      "Sort Method": "quicksort",
                                                      "Sort Space Used": 14589,
                                                      "Sort Space Type": "Memory",
                                                      "Workers": [
                                                        {
                                                          "Worker Number": 0,
                                                          "Sort Method": "quicksort",
                                                          "Sort Space Used": 14589,
                                                          "Sort Space Type": "Memory"
                                                        },
                                                        {
                                                          "Worker Number": 1,
                                                          "Sort Method": "quicksort",
                                                          "Sort Space Used": 14589,
                                                          "Sort Space Type": "Memory"
                                                        },
                                                        {
                                                          "Worker Number": 2,
                                                          "Sort Method": "quicksort",
                                                          "Sort Space Used": 14589,
                                                          "Sort Space Type": "Memory"
                                                        },
                                                        {
                                                          "Worker Number": 3,
                                                          "Sort Method": "quicksort",
                                                          "Sort Space Used": 14589,
                                                          "Sort Space Type": "Memory"
                                                        },
                                                        {
                                                          "Worker Number": 4,
                                                          "Sort Method": "quicksort",
                                                          "Sort Space Used": 14589,
                                                          "Sort Space Type": "Memory"
                                                        },
                                                        {
                                                          "Worker Number": 5,
                                                          "Sort Method": "quicksort",
                                                          "Sort Space Used": 14589,
                                                          "Sort Space Type": "Memory"
                                                        }
                                                      ],
                                                      "Plans": [
                                                        {
                                                          "Node Type": "Seq Scan",
                                                          "Parent Relationship": "Outer",
                                                          "Parallel Aware": false,
                                                          "Relation Name": "char_name",
                                                          "Alias": "chn",
                                                          "Startup Cost": 0.0,
                                                          "Total Cost": 83551.78,
                                                          "Plan Rows": 282914,
                                                          "Plan Width": 4,
                                                          "Actual Startup Time": 0.1,
                                                          "Actual Total Time": 590.628,
                                                          "Actual Rows": 180152,
                                                          "Actual Loops": 7,
                                                          "Filter": "((name IS NOT NULL) AND ((name ~~ '%man%'::text) OR (name ~~ '%Man%'::text)))",
                                                          "Rows Removed by Filter": 2960187
                                                        }
                                                      ]
                                                    }
                                                  ]
                                                }
                                              ]
                                            },
                                            {
                                              "Node Type": "Materialize",
                                              "Parent Relationship": "Inner",
                                              "Parallel Aware": false,
                                              "Startup Cost": 8211.76,
                                              "Total Cost": 128453.1,
                                              "Plan Rows": 4641,
                                              "Plan Width": 29,
                                              "Actual Startup Time": 73.541,
                                              "Actual Total Time": 1694.151,
                                              "Actual Rows": 24112,
                                              "Actual Loops": 7,
                                              "Plans": [
                                                {
                                                  "Node Type": "Merge Join",
                                                  "Parent Relationship": "Outer",
                                                  "Parallel Aware": false,
                                                  "Join Type": "Inner",
                                                  "Startup Cost": 8211.76,
                                                  "Total Cost": 128441.5,
                                                  "Plan Rows": 4641,
                                                  "Plan Width": 29,
                                                  "Actual Startup Time": 73.535,
                                                  "Actual Total Time": 1687.758,
                                                  "Actual Rows": 23414,
                                                  "Actual Loops": 7,
                                                  "Inner Unique": false,
                                                  "Merge Cond": "(t.id = cc.movie_id)",
                                                  "Plans": [
                                                    {
                                                      "Node Type": "Index Scan",
                                                      "Parent Relationship": "Outer",
                                                      "Parallel Aware": false,
                                                      "Scan Direction": "Forward",
                                                      "Index Name": "title_pkey",
                                                      "Relation Name": "title",
                                                      "Alias": "t",
                                                      "Startup Cost": 0.43,
                                                      "Total Cost": 116680.33,
                                                      "Plan Rows": 1389987,
                                                      "Plan Width": 25,
                                                      "Actual Startup Time": 0.058,
                                                      "Actual Total Time": 1527.335,
                                                      "Actual Rows": 1381161,
                                                      "Actual Loops": 7,
                                                      "Filter": "(production_year > 2000)",
                                                      "Rows Removed by Filter": 1145086
                                                    },
                                                    {
                                                      "Node Type": "Sort",
                                                      "Parent Relationship": "Inner",
                                                      "Parallel Aware": false,
                                                      "Startup Cost": 8197.59,
                                                      "Total Cost": 8218.7,
                                                      "Plan Rows": 8443,
                                                      "Plan Width": 4,
                                                      "Actual Startup Time": 71.725,
                                                      "Actual Total Time": 82.725,
                                                      "Actual Rows": 84180,
                                                      "Actual Loops": 7,
                                                      "Sort Key": [
                                                        "cc.movie_id"
                                                      ],
                                                      "Sort Method": "quicksort",
                                                      "Sort Space Used": 7101,
                                                      "Sort Space Type": "Memory",
                                                      "Workers": [
                                                        {
                                                          "Worker Number": 0,
                                                          "Sort Method": "quicksort",
                                                          "Sort Space Used": 7101,
                                                          "Sort Space Type": "Memory"
                                                        },
                                                        {
                                                          "Worker Number": 1,
                                                          "Sort Method": "quicksort",
                                                          "Sort Space Used": 7101,
                                                          "Sort Space Type": "Memory"
                                                        },
                                                        {
                                                          "Worker Number": 2,
                                                          "Sort Method": "quicksort",
                                                          "Sort Space Used": 7101,
                                                          "Sort Space Type": "Memory"
                                                        },
                                                        {
                                                          "Worker Number": 3,
                                                          "Sort Method": "quicksort",
                                                          "Sort Space Used": 7101,
                                                          "Sort Space Type": "Memory"
                                                        },
                                                        {
                                                          "Worker Number": 4,
                                                          "Sort Method": "quicksort",
                                                          "Sort Space Used": 7101,
                                                          "Sort Space Type": "Memory"
                                                        },
                                                        {
                                                          "Worker Number": 5,
                                                          "Sort Method": "quicksort",
                                                          "Sort Space Used": 7101,
                                                          "Sort Space Type": "Memory"
                                                        }
                                                      ],
                                                      "Plans": [
                                                        {
                                                          "Node Type": "Merge Join",
                                                          "Parent Relationship": "Outer",
                                                          "Parallel Aware": false,
                                                          "Join Type": "Inner",
                                                          "Startup Cost": 7393.66,
                                                          "Total Cost": 7646.96,
                                                          "Plan Rows": 8443,
                                                          "Plan Width": 4,
                                                          "Actual Startup Time": 39.202,
                                                          "Actual Total Time": 52.296,
                                                          "Actual Rows": 85941,
                                                          "Actual Loops": 7,
                                                          "Inner Unique": true,
                                                          "Merge Cond": "(cc.status_id = cct2.id)",
                                                          "Plans": [
                                                            {
                                                              "Node Type": "Sort",
                                                              "Parent Relationship": "Outer",
                                                              "Parallel Aware": false,
                                                              "Startup Cost": 7392.6,
                                                              "Total Cost": 7477.03,
                                                              "Plan Rows": 33772,
                                                              "Plan Width": 8,
                                                              "Actual Startup Time": 39.149,
                                                              "Actual Total Time": 42.953,
                                                              "Actual Rows": 85941,
                                                              "Actual Loops": 7,
                                                              "Sort Key": [
                                                                "cc.status_id"
                                                              ],
                                                              "Sort Method": "quicksort",
                                                              "Sort Space Used": 7101,
                                                              "Sort Space Type": "Memory",
                                                              "Workers": [
                                                                {
                                                                  "Worker Number": 0,
                                                                  "Sort Method": "quicksort",
                                                                  "Sort Space Used": 7101,
                                                                  "Sort Space Type": "Memory"
                                                                },
                                                                {
                                                                  "Worker Number": 1,
                                                                  "Sort Method": "quicksort",
                                                                  "Sort Space Used": 7101,
                                                                  "Sort Space Type": "Memory"
                                                                },
                                                                {
                                                                  "Worker Number": 2,
                                                                  "Sort Method": "quicksort",
                                                                  "Sort Space Used": 7101,
                                                                  "Sort Space Type": "Memory"
                                                                },
                                                                {
                                                                  "Worker Number": 3,
                                                                  "Sort Method": "quicksort",
                                                                  "Sort Space Used": 7101,
                                                                  "Sort Space Type": "Memory"
                                                                },
                                                                {
                                                                  "Worker Number": 4,
                                                                  "Sort Method": "quicksort",
                                                                  "Sort Space Used": 7101,
                                                                  "Sort Space Type": "Memory"
                                                                },
                                                                {
                                                                  "Worker Number": 5,
                                                                  "Sort Method": "quicksort",
                                                                  "Sort Space Used": 7101,
                                                                  "Sort Space Type": "Memory"
                                                                }
                                                              ],
                                                              "Plans": [
                                                                {
                                                                  "Node Type": "Merge Join",
                                                                  "Parent Relationship": "Outer",
                                                                  "Parallel Aware": false,
                                                                  "Join Type": "Inner",
                                                                  "Startup Cost": 0.55,
                                                                  "Total Cost": 4852.35,
                                                                  "Plan Rows": 33772,
                                                                  "Plan Width": 8,
                                                                  "Actual Startup Time": 0.051,
                                                                  "Actual Total Time": 26.066,
                                                                  "Actual Rows": 85941,
                                                                  "Actual Loops": 7,
                                                                  "Inner Unique": true,
                                                                  "Merge Cond": "(cc.subject_id = cct1.id)",
                                                                  "Plans": [
                                                                    {
                                                                      "Node Type": "Index Scan",
                                                                      "Parent Relationship": "Outer",
                                                                      "Parallel Aware": false,
                                                                      "Scan Direction": "Forward",
                                                                      "Index Name": "subject_id_complete_cast",
                                                                      "Relation Name": "complete_cast",
                                                                      "Alias": "cc",
                                                                      "Startup Cost": 0.42,
                                                                      "Total Cost": 4164.71,
                                                                      "Plan Rows": 135086,
                                                                      "Plan Width": 12,
                                                                      "Actual Startup Time": 0.033,
                                                                      "Actual Total Time": 15.121,
                                                                      "Actual Rows": 85942,
                                                                      "Actual Loops": 7
                                                                    },
                                                                    {
                                                                      "Node Type": "Index Scan",
                                                                      "Parent Relationship": "Inner",
                                                                      "Parallel Aware": false,
                                                                      "Scan Direction": "Forward",
                                                                      "Index Name": "comp_cast_type_pkey",
                                                                      "Relation Name": "comp_cast_type",
                                                                      "Alias": "cct1",
                                                                      "Startup Cost": 0.13,
                                                                      "Total Cost": 12.2,
                                                                      "Plan Rows": 1,
                                                                      "Plan Width": 4,
                                                                      "Actual Startup Time": 0.014,
                                                                      "Actual Total Time": 0.018,
                                                                      "Actual Rows": 1,
                                                                      "Actual Loops": 7,
                                                                      "Filter": "((kind)::text = 'cast'::text)",
                                                                      "Rows Removed by Filter": 3
                                                                    }
                                                                  ]
                                                                }
                                                              ]
                                                            },
                                                            {
                                                              "Node Type": "Sort",
                                                              "Parent Relationship": "Inner",
                                                              "Parallel Aware": false,
                                                              "Startup Cost": 1.06,
                                                              "Total Cost": 1.06,
                                                              "Plan Rows": 1,
                                                              "Plan Width": 4,
                                                              "Actual Startup Time": 0.047,
                                                              "Actual Total Time": 0.049,
                                                              "Actual Rows": 2,
                                                              "Actual Loops": 7,
                                                              "Sort Key": [
                                                                "cct2.id"
                                                              ],
                                                              "Sort Method": "quicksort",
                                                              "Sort Space Used": 25,
                                                              "Sort Space Type": "Memory",
                                                              "Workers": [
                                                                {
                                                                  "Worker Number": 0,
                                                                  "Sort Method": "quicksort",
                                                                  "Sort Space Used": 25,
                                                                  "Sort Space Type": "Memory"
                                                                },
                                                                {
                                                                  "Worker Number": 1,
                                                                  "Sort Method": "quicksort",
                                                                  "Sort Space Used": 25,
                                                                  "Sort Space Type": "Memory"
                                                                },
                                                                {
                                                                  "Worker Number": 2,
                                                                  "Sort Method": "quicksort",
                                                                  "Sort Space Used": 25,
                                                                  "Sort Space Type": "Memory"
                                                                },
                                                                {
                                                                  "Worker Number": 3,
                                                                  "Sort Method": "quicksort",
                                                                  "Sort Space Used": 25,
                                                                  "Sort Space Type": "Memory"
                                                                },
                                                                {
                                                                  "Worker Number": 4,
                                                                  "Sort Method": "quicksort",
                                                                  "Sort Space Used": 25,
                                                                  "Sort Space Type": "Memory"
                                                                },
                                                                {
                                                                  "Worker Number": 5,
                                                                  "Sort Method": "quicksort",
                                                                  "Sort Space Used": 25,
                                                                  "Sort Space Type": "Memory"
                                                                }
                                                              ],
                                                              "Plans": [
                                                                {
                                                                  "Node Type": "Seq Scan",
                                                                  "Parent Relationship": "Outer",
                                                                  "Parallel Aware": false,
                                                                  "Relation Name": "comp_cast_type",
                                                                  "Alias": "cct2",
                                                                  "Startup Cost": 0.0,
                                                                  "Total Cost": 1.05,
                                                                  "Plan Rows": 1,
                                                                  "Plan Width": 4,
                                                                  "Actual Startup Time": 0.039,
                                                                  "Actual Total Time": 0.04,
                                                                  "Actual Rows": 2,
                                                                  "Actual Loops": 7,
                                                                  "Filter": "((kind)::text ~~ '%complete%'::text)",
                                                                  "Rows Removed by Filter": 2
                                                                }
                                                              ]
                                                            }
                                                          ]
                                                        }
                                                      ]
                                                    }
                                                  ]
                                                }
                                              ]
                                            }
                                          ]
                                        },
                                        {
                                          "Node Type": "Index Scan",
                                          "Parent Relationship": "Inner",
                                          "Parallel Aware": false,
                                          "Scan Direction": "Forward",
                                          "Index Name": "movie_id_movie_keyword",
                                          "Relation Name": "movie_keyword",
                                          "Alias": "mk",
                                          "Startup Cost": 0.43,
                                          "Total Cost": 177148.48,
                                          "Plan Rows": 4523930,
                                          "Plan Width": 8,
                                          "Actual Startup Time": 0.033,
                                          "Actual Total Time": 653.937,
                                          "Actual Rows": 4581979,
                                          "Actual Loops": 7
                                        }
                                      ]
                                    }
                                  ]
                                },
                                {
                                  "Node Type": "Sort",
                                  "Parent Relationship": "Inner",
                                  "Parallel Aware": false,
                                  "Startup Cost": 3967.99,
                                  "Total Cost": 3968.02,
                                  "Plan Rows": 10,
                                  "Plan Width": 4,
                                  "Actual Startup Time": 26.297,
                                  "Actual Total Time": 26.301,
                                  "Actual Rows": 10,
                                  "Actual Loops": 7,
                                  "Sort Key": [
                                    "k.id"
                                  ],
                                  "Sort Method": "quicksort",
                                  "Sort Space Used": 25,
                                  "Sort Space Type": "Memory",
                                  "Workers": [
                                    {
                                      "Worker Number": 0,
                                      "Sort Method": "quicksort",
                                      "Sort Space Used": 25,
                                      "Sort Space Type": "Memory"
                                    },
                                    {
                                      "Worker Number": 1,
                                      "Sort Method": "quicksort",
                                      "Sort Space Used": 25,
                                      "Sort Space Type": "Memory"
                                    },
                                    {
                                      "Worker Number": 2,
                                      "Sort Method": "quicksort",
                                      "Sort Space Used": 25,
                                      "Sort Space Type": "Memory"
                                    },
                                    {
                                      "Worker Number": 3,
                                      "Sort Method": "quicksort",
                                      "Sort Space Used": 25,
                                      "Sort Space Type": "Memory"
                                    },
                                    {
                                      "Worker Number": 4,
                                      "Sort Method": "quicksort",
                                      "Sort Space Used": 25,
                                      "Sort Space Type": "Memory"
                                    },
                                    {
                                      "Worker Number": 5,
                                      "Sort Method": "quicksort",
                                      "Sort Space Used": 25,
                                      "Sort Space Type": "Memory"
                                    }
                                  ],
                                  "Plans": [
                                    {
                                      "Node Type": "Seq Scan",
                                      "Parent Relationship": "Outer",
                                      "Parallel Aware": false,
                                      "Relation Name": "keyword",
                                      "Alias": "k",
                                      "Startup Cost": 0.0,
                                      "Total Cost": 3967.82,
                                      "Plan Rows": 10,
                                      "Plan Width": 4,
                                      "Actual Startup Time": 0.132,
                                      "Actual Total Time": 26.283,
                                      "Actual Rows": 10,
                                      "Actual Loops": 7,
                                      "Filter": "(keyword = ANY ('{superhero,marvel-comics,based-on-comic,tv-special,fight,violence,magnet,web,claw,laser}'::text[]))",
                                      "Rows Removed by Filter": 134160
                                    }
                                  ]
                                }
                              ]
                            }
                          ]
                        },
                        {
                          "Node Type": "Sort",
                          "Parent Relationship": "Inner",
                          "Parallel Aware": false,
                          "Startup Cost": 1.1,
                          "Total Cost": 1.1,
                          "Plan Rows": 1,
                          "Plan Width": 4,
                          "Actual Startup Time": 0.04,
                          "Actual Total Time": 0.041,
                          "Actual Rows": 1,
                          "Actual Loops": 7,
                          "Sort Key": [
                            "kt.id"
                          ],
                          "Sort Method": "quicksort",
                          "Sort Space Used": 25,
                          "Sort Space Type": "Memory",
                          "Workers": [
                            {
                              "Worker Number": 0,
                              "Sort Method": "quicksort",
                              "Sort Space Used": 25,
                              "Sort Space Type": "Memory"
                            },
                            {
                              "Worker Number": 1,
                              "Sort Method": "quicksort",
                              "Sort Space Used": 25,
                              "Sort Space Type": "Memory"
                            },
                            {
                              "Worker Number": 2,
                              "Sort Method": "quicksort",
                              "Sort Space Used": 25,
                              "Sort Space Type": "Memory"
                            },
                            {
                              "Worker Number": 3,
                              "Sort Method": "quicksort",
                              "Sort Space Used": 25,
                              "Sort Space Type": "Memory"
                            },
                            {
                              "Worker Number": 4,
                              "Sort Method": "quicksort",
                              "Sort Space Used": 25,
                              "Sort Space Type": "Memory"
                            },
                            {
                              "Worker Number": 5,
                              "Sort Method": "quicksort",
                              "Sort Space Used": 25,
                              "Sort Space Type": "Memory"
                            }
                          ],
                          "Plans": [
                            {
                              "Node Type": "Seq Scan",
                              "Parent Relationship": "Outer",
                              "Parallel Aware": false,
                              "Relation Name": "kind_type",
                              "Alias": "kt",
                              "Startup Cost": 0.0,
                              "Total Cost": 1.09,
                              "Plan Rows": 1,
                              "Plan Width": 4,
                              "Actual Startup Time": 0.029,
                              "Actual Total Time": 0.029,
                              "Actual Rows": 1,
                              "Actual Loops": 7,
                              "Filter": "((kind)::text = 'movie'::text)",
                              "Rows Removed by Filter": 6
                            }
                          ]
                        }
                      ]
                    }
                  ]
                }
              ]
            }
          ]
        }
      ]
    },
    "Planning Time": 572.219,
    "Triggers": [],
    "Execution Time": 6221.644
  }
]