{
    "Plan": {
        "Node Type": "Aggregate",
        "Strategy": "Plain",
        "Partial Mode": "Simple",
        "Parallel Aware": false,
        "Startup Cost": 30001229635.95,
        "Total Cost": 30001229635.96,
        "Plan Rows": 1,
        "Plan Width": 64,
        "Actual Startup Time": 7220.272,
        "Actual Total Time": 7256.17,
        "Actual Rows": 1,
        "Actual Loops": 1,
        "Output": [
            "min(mi_idx.info)",
            "min(t.title)"
        ],
        "Plans": [
            {
                "Node Type": "Nested Loop",
                "Parent Relationship": "Outer",
                "Parallel Aware": false,
                "Join Type": "Inner",
                "Startup Cost": 30001229581.16,
                "Total Cost": 30001229635.95,
                "Plan Rows": 1,
                "Plan Width": 22,
                "Actual Startup Time": 7202.383,
                "Actual Total Time": 7256.152,
                "Actual Rows": 1,
                "Actual Loops": 1,
                "Output": [
                    "mi_idx.info",
                    "t.title"
                ],
                "Inner Unique": true,
                "Plans": [
                    {
                        "Node Type": "Nested Loop",
                        "Parent Relationship": "Outer",
                        "Parallel Aware": false,
                        "Join Type": "Inner",
                        "Startup Cost": 20001229580.73,
                        "Total Cost": 20001229628.83,
                        "Plan Rows": 1,
                        "Plan Width": 26,
                        "Actual Startup Time": 7198.644,
                        "Actual Total Time": 7248.528,
                        "Actual Rows": 420,
                        "Actual Loops": 1,
                        "Output": [
                            "mi_idx.info",
                            "mk.keyword_id",
                            "t.title"
                        ],
                        "Inner Unique": true,
                        "Plans": [
                            {
                                "Node Type": "Hash Join",
                                "Parent Relationship": "Outer",
                                "Parallel Aware": false,
                                "Join Type": "Inner",
                                "Startup Cost": 10001229580.58,
                                "Total Cost": 10001229595.66,
                                "Plan Rows": 7,
                                "Plan Width": 30,
                                "Actual Startup Time": 7198.523,
                                "Actual Total Time": 7236.565,
                                "Actual Rows": 843,
                                "Actual Loops": 1,
                                "Output": [
                                    "mi_idx.info",
                                    "mi_idx.info_type_id",
                                    "mk.keyword_id",
                                    "t.title"
                                ],
                                "Inner Unique": false,
                                "Hash Cond": "(mi.info_type_id = it1.id)",
                                "Plans": [
                                    {
                                        "Node Type": "Hash Join",
                                        "Parent Relationship": "Outer",
                                        "Parallel Aware": false,
                                        "Join Type": "Inner",
                                        "Startup Cost": 10001229578.16,
                                        "Total Cost": 10001229593.14,
                                        "Plan Rows": 21,
                                        "Plan Width": 34,
                                        "Actual Startup Time": 7198.42,
                                        "Actual Total Time": 7235.164,
                                        "Actual Rows": 2234,
                                        "Actual Loops": 1,
                                        "Output": [
                                            "t.title",
                                            "mi.info_type_id",
                                            "mi_idx.info",
                                            "mi_idx.info_type_id",
                                            "mk.keyword_id"
                                        ],
                                        "Inner Unique": false,
                                        "Hash Cond": "(kt.id = t.kind_id)",
                                        "Plans": [
                                            {
                                                "Node Type": "Seq Scan",
                                                "Parent Relationship": "Outer",
                                                "Parallel Aware": false,
                                                "Relation Name": "kind_type",
                                                "Schema": "public",
                                                "Alias": "kt",
                                                "Startup Cost": 0.0,
                                                "Total Cost": 1.09,
                                                "Plan Rows": 1,
                                                "Plan Width": 4,
                                                "Actual Startup Time": 0.018,
                                                "Actual Total Time": 0.021,
                                                "Actual Rows": 1,
                                                "Actual Loops": 1,
                                                "Output": [
                                                    "kt.id",
                                                    "kt.kind"
                                                ],
                                                "Filter": "((kt.kind)::text = 'episode'::text)",
                                                "Rows Removed by Filter": 6
                                            },
                                            {
                                                "Node Type": "Hash",
                                                "Parent Relationship": "Inner",
                                                "Parallel Aware": false,
                                                "Startup Cost": 10001229513.33,
                                                "Total Cost": 10001229513.33,
                                                "Plan Rows": 5186,
                                                "Plan Width": 38,
                                                "Actual Startup Time": 7198.366,
                                                "Actual Total Time": 7234.254,
                                                "Actual Rows": 15975,
                                                "Actual Loops": 1,
                                                "Output": [
                                                    "mi.info_type_id",
                                                    "mi_idx.info",
                                                    "mi_idx.info_type_id",
                                                    "mk.keyword_id",
                                                    "t.title",
                                                    "t.kind_id"
                                                ],
                                                "Hash Buckets": 16384,
                                                "Original Hash Buckets": 8192,
                                                "Hash Batches": 1,
                                                "Original Hash Batches": 1,
                                                "Peak Memory Usage": 1419,
                                                "Plans": [
                                                    {
                                                        "Node Type": "Gather",
                                                        "Parent Relationship": "Outer",
                                                        "Parallel Aware": false,
                                                        "Startup Cost": 10000925783.72,
                                                        "Total Cost": 10001229513.33,
                                                        "Plan Rows": 5186,
                                                        "Plan Width": 38,
                                                        "Actual Startup Time": 2481.41,
                                                        "Actual Total Time": 7231.496,
                                                        "Actual Rows": 15975,
                                                        "Actual Loops": 1,
                                                        "Output": [
                                                            "mi.info_type_id",
                                                            "mi_idx.info",
                                                            "mi_idx.info_type_id",
                                                            "mk.keyword_id",
                                                            "t.title",
                                                            "t.kind_id"
                                                        ],
                                                        "Workers Planned": 4,
                                                        "Workers Launched": 4,
                                                        "Single Copy": false,
                                                        "Plans": [
                                                            {
                                                                "Node Type": "Hash Join",
                                                                "Parent Relationship": "Outer",
                                                                "Parallel Aware": true,
                                                                "Join Type": "Inner",
                                                                "Startup Cost": 10000924783.72,
                                                                "Total Cost": 10001227994.73,
                                                                "Plan Rows": 1296,
                                                                "Plan Width": 38,
                                                                "Actual Startup Time": 2865.819,
                                                                "Actual Total Time": 6472.307,
                                                                "Actual Rows": 3195,
                                                                "Actual Loops": 5,
                                                                "Output": [
                                                                    "mi.info_type_id",
                                                                    "mi_idx.info",
                                                                    "mi_idx.info_type_id",
                                                                    "mk.keyword_id",
                                                                    "t.title",
                                                                    "t.kind_id"
                                                                ],
                                                                "Inner Unique": false,
                                                                "Hash Cond": "(t.id = mi.movie_id)",
                                                                "Workers": [
                                                                    {
                                                                        "Worker Number": 0,
                                                                        "Actual Startup Time": 2652.29,
                                                                        "Actual Total Time": 6121.882,
                                                                        "Actual Rows": 3888,
                                                                        "Actual Loops": 1
                                                                    },
                                                                    {
                                                                        "Worker Number": 1,
                                                                        "Actual Startup Time": 2705.899,
                                                                        "Actual Total Time": 6789.15,
                                                                        "Actual Rows": 4214,
                                                                        "Actual Loops": 1
                                                                    },
                                                                    {
                                                                        "Worker Number": 2,
                                                                        "Actual Startup Time": 2721.445,
                                                                        "Actual Total Time": 5321.421,
                                                                        "Actual Rows": 4838,
                                                                        "Actual Loops": 1
                                                                    },
                                                                    {
                                                                        "Worker Number": 3,
                                                                        "Actual Startup Time": 3771.14,
                                                                        "Actual Total Time": 7045.807,
                                                                        "Actual Rows": 1506,
                                                                        "Actual Loops": 1
                                                                    }
                                                                ],
                                                                "Plans": [
                                                                    {
                                                                        "Node Type": "Merge Join",
                                                                        "Parent Relationship": "Outer",
                                                                        "Parallel Aware": false,
                                                                        "Join Type": "Inner",
                                                                        "Startup Cost": 10000692888.66,
                                                                        "Total Cost": 10000995629.1,
                                                                        "Plan Rows": 347,
                                                                        "Plan Width": 46,
                                                                        "Actual Startup Time": 1934.118,
                                                                        "Actual Total Time": 5567.154,
                                                                        "Actual Rows": 1709,
                                                                        "Actual Loops": 5,
                                                                        "Output": [
                                                                            "mi_idx.info",
                                                                            "mi_idx.movie_id",
                                                                            "mi_idx.info_type_id",
                                                                            "mk.movie_id",
                                                                            "mk.keyword_id",
                                                                            "t.title",
                                                                            "t.kind_id",
                                                                            "t.id"
                                                                        ],
                                                                        "Inner Unique": false,
                                                                        "Merge Cond": "(t.id = mk.movie_id)",
                                                                        "Workers": [
                                                                            {
                                                                                "Worker Number": 0,
                                                                                "Actual Startup Time": 1751.703,
                                                                                "Actual Total Time": 5219.682,
                                                                                "Actual Rows": 2048,
                                                                                "Actual Loops": 1
                                                                            },
                                                                            {
                                                                                "Worker Number": 1,
                                                                                "Actual Startup Time": 1805.291,
                                                                                "Actual Total Time": 5886.755,
                                                                                "Actual Rows": 2529,
                                                                                "Actual Loops": 1
                                                                            },
                                                                            {
                                                                                "Worker Number": 2,
                                                                                "Actual Startup Time": 1679.077,
                                                                                "Actual Total Time": 4416.29,
                                                                                "Actual Rows": 2016,
                                                                                "Actual Loops": 1
                                                                            },
                                                                            {
                                                                                "Worker Number": 3,
                                                                                "Actual Startup Time": 2870.885,
                                                                                "Actual Total Time": 6144.933,
                                                                                "Actual Rows": 957,
                                                                                "Actual Loops": 1
                                                                            }
                                                                        ],
                                                                        "Plans": [
                                                                            {
                                                                                "Node Type": "Index Scan",
                                                                                "Parent Relationship": "Outer",
                                                                                "Parallel Aware": true,
                                                                                "Scan Direction": "Forward",
                                                                                "Index Name": "title_pkey",
                                                                                "Relation Name": "title",
                                                                                "Schema": "public",
                                                                                "Alias": "t",
                                                                                "Startup Cost": 10000000000.43,
                                                                                "Total Cost": 10000097700.49,
                                                                                "Plan Rows": 96,
                                                                                "Plan Width": 25,
                                                                                "Actual Startup Time": 3.322,
                                                                                "Actual Total Time": 312.149,
                                                                                "Actual Rows": 343,
                                                                                "Actual Loops": 5,
                                                                                "Output": [
                                                                                    "t.id",
                                                                                    "t.title",
                                                                                    "t.imdb_index",
                                                                                    "t.kind_id",
                                                                                    "t.production_year",
                                                                                    "t.imdb_id",
                                                                                    "t.phonetic_code",
                                                                                    "t.episode_of_id",
                                                                                    "t.season_nr",
                                                                                    "t.episode_nr",
                                                                                    "t.series_years",
                                                                                    "t.md5sum"
                                                                                ],
                                                                                "Filter": "((t.production_year > 2000) AND ((t.title ~~ '%murder%'::text) OR (t.title ~~ '%Murder%'::text) OR (t.title ~~ '%Mord%'::text)))",
                                                                                "Rows Removed by Filter": 505198,
                                                                                "Workers": [
                                                                                    {
                                                                                        "Worker Number": 0,
                                                                                        "Actual Startup Time": 0.203,
                                                                                        "Actual Total Time": 196.083,
                                                                                        "Actual Rows": 299,
                                                                                        "Actual Loops": 1
                                                                                    },
                                                                                    {
                                                                                        "Worker Number": 1,
                                                                                        "Actual Startup Time": 6.441,
                                                                                        "Actual Total Time": 571.859,
                                                                                        "Actual Rows": 684,
                                                                                        "Actual Loops": 1
                                                                                    },
                                                                                    {
                                                                                        "Worker Number": 2,
                                                                                        "Actual Startup Time": 0.808,
                                                                                        "Actual Total Time": 374.124,
                                                                                        "Actual Rows": 351,
                                                                                        "Actual Loops": 1
                                                                                    },
                                                                                    {
                                                                                        "Worker Number": 3,
                                                                                        "Actual Startup Time": 8.107,
                                                                                        "Actual Total Time": 151.649,
                                                                                        "Actual Rows": 117,
                                                                                        "Actual Loops": 1
                                                                                    }
                                                                                ]
                                                                            },
                                                                            {
                                                                                "Node Type": "Materialize",
                                                                                "Parent Relationship": "Inner",
                                                                                "Parallel Aware": false,
                                                                                "Startup Cost": 692888.23,
                                                                                "Total Cost": 875121.93,
                                                                                "Plan Rows": 9121194,
                                                                                "Plan Width": 21,
                                                                                "Actual Startup Time": 1793.633,
                                                                                "Actual Total Time": 4707.941,
                                                                                "Actual Rows": 6741335,
                                                                                "Actual Loops": 5,
                                                                                "Output": [
                                                                                    "mi_idx.info",
                                                                                    "mi_idx.movie_id",
                                                                                    "mi_idx.info_type_id",
                                                                                    "mk.movie_id",
                                                                                    "mk.keyword_id"
                                                                                ],
                                                                                "Workers": [
                                                                                    {
                                                                                        "Worker Number": 0,
                                                                                        "Actual Startup Time": 1678.947,
                                                                                        "Actual Total Time": 4492.602,
                                                                                        "Actual Rows": 6794476,
                                                                                        "Actual Loops": 1
                                                                                    },
                                                                                    {
                                                                                        "Worker Number": 1,
                                                                                        "Actual Startup Time": 1672.543,
                                                                                        "Actual Total Time": 4739.102,
                                                                                        "Actual Rows": 7377848,
                                                                                        "Actual Loops": 1
                                                                                    },
                                                                                    {
                                                                                        "Worker Number": 2,
                                                                                        "Actual Startup Time": 1678.025,
                                                                                        "Actual Total Time": 3668.943,
                                                                                        "Actual Rows": 4778656,
                                                                                        "Actual Loops": 1
                                                                                    },
                                                                                    {
                                                                                        "Worker Number": 3,
                                                                                        "Actual Startup Time": 2400.26,
                                                                                        "Actual Total Time": 5429.608,
                                                                                        "Actual Rows": 7377848,
                                                                                        "Actual Loops": 1
                                                                                    }
                                                                                ],
                                                                                "Plans": [
                                                                                    {
                                                                                        "Node Type": "Merge Join",
                                                                                        "Parent Relationship": "Outer",
                                                                                        "Parallel Aware": false,
                                                                                        "Join Type": "Inner",
                                                                                        "Startup Cost": 692888.23,
                                                                                        "Total Cost": 852318.95,
                                                                                        "Plan Rows": 9121194,
                                                                                        "Plan Width": 21,
                                                                                        "Actual Startup Time": 1793.622,
                                                                                        "Actual Total Time": 3364.838,
                                                                                        "Actual Rows": 6741335,
                                                                                        "Actual Loops": 5,
                                                                                        "Output": [
                                                                                            "mi_idx.info",
                                                                                            "mi_idx.movie_id",
                                                                                            "mi_idx.info_type_id",
                                                                                            "mk.movie_id",
                                                                                            "mk.keyword_id"
                                                                                        ],
                                                                                        "Inner Unique": false,
                                                                                        "Merge Cond": "(mk.movie_id = mi_idx.movie_id)",
                                                                                        "Workers": [
                                                                                            {
                                                                                                "Worker Number": 0,
                                                                                                "Actual Startup Time": 1678.934,
                                                                                                "Actual Total Time": 3193.826,
                                                                                                "Actual Rows": 6794476,
                                                                                                "Actual Loops": 1
                                                                                            },
                                                                                            {
                                                                                                "Worker Number": 1,
                                                                                                "Actual Startup Time": 1672.534,
                                                                                                "Actual Total Time": 3324.16,
                                                                                                "Actual Rows": 7377848,
                                                                                                "Actual Loops": 1
                                                                                            },
                                                                                            {
                                                                                                "Worker Number": 2,
                                                                                                "Actual Startup Time": 1678.015,
                                                                                                "Actual Total Time": 2757.677,
                                                                                                "Actual Rows": 4778656,
                                                                                                "Actual Loops": 1
                                                                                            },
                                                                                            {
                                                                                                "Worker Number": 3,
                                                                                                "Actual Startup Time": 2400.247,
                                                                                                "Actual Total Time": 4030.72,
                                                                                                "Actual Rows": 7377848,
                                                                                                "Actual Loops": 1
                                                                                            }
                                                                                        ],
                                                                                        "Plans": [
                                                                                            {
                                                                                                "Node Type": "Sort",
                                                                                                "Parent Relationship": "Outer",
                                                                                                "Parallel Aware": false,
                                                                                                "Startup Cost": 569794.43,
                                                                                                "Total Cost": 581104.25,
                                                                                                "Plan Rows": 4523930,
                                                                                                "Plan Width": 8,
                                                                                                "Actual Startup Time": 1387.082,
                                                                                                "Actual Total Time": 1579.532,
                                                                                                "Actual Rows": 4152539,
                                                                                                "Actual Loops": 5,
                                                                                                "Output": [
                                                                                                    "mk.movie_id",
                                                                                                    "mk.keyword_id"
                                                                                                ],
                                                                                                "Sort Key": [
                                                                                                    "mk.movie_id"
                                                                                                ],
                                                                                                "Sort Method": "quicksort",
                                                                                                "Sort Space Used": 408668,
                                                                                                "Sort Space Type": "Memory",
                                                                                                "Workers": [
                                                                                                    {
                                                                                                        "Worker Number": 0,
                                                                                                        "Actual Startup Time": 1269.75,
                                                                                                        "Actual Total Time": 1454.6,
                                                                                                        "Actual Rows": 4179699,
                                                                                                        "Actual Loops": 1
                                                                                                    },
                                                                                                    {
                                                                                                        "Worker Number": 1,
                                                                                                        "Actual Startup Time": 1262.751,
                                                                                                        "Actual Total Time": 1466.913,
                                                                                                        "Actual Rows": 4523925,
                                                                                                        "Actual Loops": 1
                                                                                                    },
                                                                                                    {
                                                                                                        "Worker Number": 2,
                                                                                                        "Actual Startup Time": 1269.584,
                                                                                                        "Actual Total Time": 1402.491,
                                                                                                        "Actual Rows": 3011222,
                                                                                                        "Actual Loops": 1
                                                                                                    },
                                                                                                    {
                                                                                                        "Worker Number": 3,
                                                                                                        "Actual Startup Time": 1988.069,
                                                                                                        "Actual Total Time": 2189.231,
                                                                                                        "Actual Rows": 4523925,
                                                                                                        "Actual Loops": 1
                                                                                                    }
                                                                                                ],
                                                                                                "Plans": [
                                                                                                    {
                                                                                                        "Node Type": "Seq Scan",
                                                                                                        "Parent Relationship": "Outer",
                                                                                                        "Parallel Aware": false,
                                                                                                        "Relation Name": "movie_keyword",
                                                                                                        "Schema": "public",
                                                                                                        "Alias": "mk",
                                                                                                        "Startup Cost": 0.0,
                                                                                                        "Total Cost": 69693.3,
                                                                                                        "Plan Rows": 4523930,
                                                                                                        "Plan Width": 8,
                                                                                                        "Actual Startup Time": 0.025,
                                                                                                        "Actual Total Time": 467.278,
                                                                                                        "Actual Rows": 4523930,
                                                                                                        "Actual Loops": 5,
                                                                                                        "Output": [
                                                                                                            "mk.movie_id",
                                                                                                            "mk.keyword_id"
                                                                                                        ],
                                                                                                        "Workers": [
                                                                                                            {
                                                                                                                "Worker Number": 0,
                                                                                                                "Actual Startup Time": 0.03,
                                                                                                                "Actual Total Time": 419.37,
                                                                                                                "Actual Rows": 4523930,
                                                                                                                "Actual Loops": 1
                                                                                                            },
                                                                                                            {
                                                                                                                "Worker Number": 1,
                                                                                                                "Actual Startup Time": 0.023,
                                                                                                                "Actual Total Time": 416.33,
                                                                                                                "Actual Rows": 4523930,
                                                                                                                "Actual Loops": 1
                                                                                                            },
                                                                                                            {
                                                                                                                "Worker Number": 2,
                                                                                                                "Actual Startup Time": 0.024,
                                                                                                                "Actual Total Time": 420.696,
                                                                                                                "Actual Rows": 4523930,
                                                                                                                "Actual Loops": 1
                                                                                                            },
                                                                                                            {
                                                                                                                "Worker Number": 3,
                                                                                                                "Actual Startup Time": 0.03,
                                                                                                                "Actual Total Time": 668.304,
                                                                                                                "Actual Rows": 4523930,
                                                                                                                "Actual Loops": 1
                                                                                                            }
                                                                                                        ]
                                                                                                    }
                                                                                                ]
                                                                                            },
                                                                                            {
                                                                                                "Node Type": "Sort",
                                                                                                "Parent Relationship": "Inner",
                                                                                                "Parallel Aware": false,
                                                                                                "Startup Cost": 123090.29,
                                                                                                "Total Cost": 125549.26,
                                                                                                "Plan Rows": 983588,
                                                                                                "Plan Width": 13,
                                                                                                "Actual Startup Time": 406.527,
                                                                                                "Actual Total Time": 665.551,
                                                                                                "Actual Rows": 7195524,
                                                                                                "Actual Loops": 5,
                                                                                                "Output": [
                                                                                                    "mi_idx.info",
                                                                                                    "mi_idx.movie_id",
                                                                                                    "mi_idx.info_type_id"
                                                                                                ],
                                                                                                "Sort Key": [
                                                                                                    "mi_idx.movie_id"
                                                                                                ],
                                                                                                "Sort Method": "quicksort",
                                                                                                "Sort Space Used": 73470,
                                                                                                "Sort Space Type": "Memory",
                                                                                                "Workers": [
                                                                                                    {
                                                                                                        "Worker Number": 0,
                                                                                                        "Actual Startup Time": 409.174,
                                                                                                        "Actual Total Time": 658.594,
                                                                                                        "Actual Rows": 7245509,
                                                                                                        "Actual Loops": 1
                                                                                                    },
                                                                                                    {
                                                                                                        "Worker Number": 1,
                                                                                                        "Actual Startup Time": 409.771,
                                                                                                        "Actual Total Time": 681.514,
                                                                                                        "Actual Rows": 7853839,
                                                                                                        "Actual Loops": 1
                                                                                                    },
                                                                                                    {
                                                                                                        "Worker Number": 2,
                                                                                                        "Actual Startup Time": 408.418,
                                                                                                        "Actual Total Time": 586.7,
                                                                                                        "Actual Rows": 5170595,
                                                                                                        "Actual Loops": 1
                                                                                                    },
                                                                                                    {
                                                                                                        "Worker Number": 3,
                                                                                                        "Actual Startup Time": 412.166,
                                                                                                        "Actual Total Time": 679.722,
                                                                                                        "Actual Rows": 7853839,
                                                                                                        "Actual Loops": 1
                                                                                                    }
                                                                                                ],
                                                                                                "Plans": [
                                                                                                    {
                                                                                                        "Node Type": "Seq Scan",
                                                                                                        "Parent Relationship": "Outer",
                                                                                                        "Parallel Aware": false,
                                                                                                        "Relation Name": "movie_info_idx",
                                                                                                        "Schema": "public",
                                                                                                        "Alias": "mi_idx",
                                                                                                        "Startup Cost": 0.0,
                                                                                                        "Total Cost": 25185.44,
                                                                                                        "Plan Rows": 983588,
                                                                                                        "Plan Width": 13,
                                                                                                        "Actual Startup Time": 0.08,
                                                                                                        "Actual Total Time": 176.46,
                                                                                                        "Actual Rows": 983489,
                                                                                                        "Actual Loops": 5,
                                                                                                        "Output": [
                                                                                                            "mi_idx.info",
                                                                                                            "mi_idx.movie_id",
                                                                                                            "mi_idx.info_type_id"
                                                                                                        ],
                                                                                                        "Filter": "(mi_idx.info > '10'::text)",
                                                                                                        "Rows Removed by Filter": 396546,
                                                                                                        "Workers": [
                                                                                                            {
                                                                                                                "Worker Number": 0,
                                                                                                                "Actual Startup Time": 0.054,
                                                                                                                "Actual Total Time": 176.98,
                                                                                                                "Actual Rows": 983489,
                                                                                                                "Actual Loops": 1
                                                                                                            },
                                                                                                            {
                                                                                                                "Worker Number": 1,
                                                                                                                "Actual Startup Time": 0.115,
                                                                                                                "Actual Total Time": 177.719,
                                                                                                                "Actual Rows": 983489,
                                                                                                                "Actual Loops": 1
                                                                                                            },
                                                                                                            {
                                                                                                                "Worker Number": 2,
                                                                                                                "Actual Startup Time": 0.066,
                                                                                                                "Actual Total Time": 175.87,
                                                                                                                "Actual Rows": 983489,
                                                                                                                "Actual Loops": 1
                                                                                                            },
                                                                                                            {
                                                                                                                "Worker Number": 3,
                                                                                                                "Actual Startup Time": 0.135,
                                                                                                                "Actual Total Time": 183.52,
                                                                                                                "Actual Rows": 983489,
                                                                                                                "Actual Loops": 1
                                                                                                            }
                                                                                                        ]
                                                                                                    }
                                                                                                ]
                                                                                            }
                                                                                        ]
                                                                                    }
                                                                                ]
                                                                            }
                                                                        ]
                                                                    },
                                                                    {
                                                                        "Node Type": "Hash",
                                                                        "Parent Relationship": "Inner",
                                                                        "Parallel Aware": true,
                                                                        "Startup Cost": 228390.93,
                                                                        "Total Cost": 228390.93,
                                                                        "Plan Rows": 280331,
                                                                        "Plan Width": 8,
                                                                        "Actual Startup Time": 897.703,
                                                                        "Actual Total Time": 897.704,
                                                                        "Actual Rows": 294140,
                                                                        "Actual Loops": 5,
                                                                        "Output": [
                                                                            "mi.movie_id",
                                                                            "mi.info_type_id"
                                                                        ],
                                                                        "Hash Buckets": 2097152,
                                                                        "Original Hash Buckets": 2097152,
                                                                        "Hash Batches": 1,
                                                                        "Original Hash Batches": 1,
                                                                        "Peak Memory Usage": 73984,
                                                                        "Workers": [
                                                                            {
                                                                                "Worker Number": 0,
                                                                                "Actual Startup Time": 900.037,
                                                                                "Actual Total Time": 900.038,
                                                                                "Actual Rows": 298795,
                                                                                "Actual Loops": 1
                                                                            },
                                                                            {
                                                                                "Worker Number": 1,
                                                                                "Actual Startup Time": 899.888,
                                                                                "Actual Total Time": 899.889,
                                                                                "Actual Rows": 304124,
                                                                                "Actual Loops": 1
                                                                            },
                                                                            {
                                                                                "Worker Number": 2,
                                                                                "Actual Startup Time": 899.915,
                                                                                "Actual Total Time": 899.916,
                                                                                "Actual Rows": 300925,
                                                                                "Actual Loops": 1
                                                                            },
                                                                            {
                                                                                "Worker Number": 3,
                                                                                "Actual Startup Time": 899.697,
                                                                                "Actual Total Time": 899.698,
                                                                                "Actual Rows": 210820,
                                                                                "Actual Loops": 1
                                                                            }
                                                                        ],
                                                                        "Plans": [
                                                                            {
                                                                                "Node Type": "Seq Scan",
                                                                                "Parent Relationship": "Outer",
                                                                                "Parallel Aware": true,
                                                                                "Relation Name": "movie_info",
                                                                                "Schema": "public",
                                                                                "Alias": "mi",
                                                                                "Startup Cost": 0.0,
                                                                                "Total Cost": 228390.93,
                                                                                "Plan Rows": 280331,
                                                                                "Plan Width": 8,
                                                                                "Actual Startup Time": 0.085,
                                                                                "Actual Total Time": 772.424,
                                                                                "Actual Rows": 294140,
                                                                                "Actual Loops": 5,
                                                                                "Output": [
                                                                                    "mi.movie_id",
                                                                                    "mi.info_type_id"
                                                                                ],
                                                                                "Filter": "(mi.info = ANY ('{America,Danish,Norwegian,English,Germany,German,Bulgaria,American,Norway,USA}'::text[]))",
                                                                                "Rows Removed by Filter": 2673004,
                                                                                "Workers": [
                                                                                    {
                                                                                        "Worker Number": 0,
                                                                                        "Actual Startup Time": 0.102,
                                                                                        "Actual Total Time": 773.038,
                                                                                        "Actual Rows": 298795,
                                                                                        "Actual Loops": 1
                                                                                    },
                                                                                    {
                                                                                        "Worker Number": 1,
                                                                                        "Actual Startup Time": 0.102,
                                                                                        "Actual Total Time": 773.667,
                                                                                        "Actual Rows": 304124,
                                                                                        "Actual Loops": 1
                                                                                    },
                                                                                    {
                                                                                        "Worker Number": 2,
                                                                                        "Actual Startup Time": 0.098,
                                                                                        "Actual Total Time": 772.841,
                                                                                        "Actual Rows": 300925,
                                                                                        "Actual Loops": 1
                                                                                    },
                                                                                    {
                                                                                        "Worker Number": 3,
                                                                                        "Actual Startup Time": 0.102,
                                                                                        "Actual Total Time": 777.298,
                                                                                        "Actual Rows": 210820,
                                                                                        "Actual Loops": 1
                                                                                    }
                                                                                ]
                                                                            }
                                                                        ]
                                                                    }
                                                                ]
                                                            }
                                                        ]
                                                    }
                                                ]
                                            }
                                        ]
                                    },
                                    {
                                        "Node Type": "Hash",
                                        "Parent Relationship": "Inner",
                                        "Parallel Aware": false,
                                        "Startup Cost": 2.41,
                                        "Total Cost": 2.41,
                                        "Plan Rows": 1,
                                        "Plan Width": 4,
                                        "Actual Startup Time": 0.084,
                                        "Actual Total Time": 0.085,
                                        "Actual Rows": 1,
                                        "Actual Loops": 1,
                                        "Output": [
                                            "it1.id"
                                        ],
                                        "Hash Buckets": 1024,
                                        "Original Hash Buckets": 1024,
                                        "Hash Batches": 1,
                                        "Original Hash Batches": 1,
                                        "Peak Memory Usage": 9,
                                        "Plans": [
                                            {
                                                "Node Type": "Seq Scan",
                                                "Parent Relationship": "Outer",
                                                "Parallel Aware": false,
                                                "Relation Name": "info_type",
                                                "Schema": "public",
                                                "Alias": "it1",
                                                "Startup Cost": 0.0,
                                                "Total Cost": 2.41,
                                                "Plan Rows": 1,
                                                "Plan Width": 4,
                                                "Actual Startup Time": 0.043,
                                                "Actual Total Time": 0.075,
                                                "Actual Rows": 1,
                                                "Actual Loops": 1,
                                                "Output": [
                                                    "it1.id"
                                                ],
                                                "Filter": "((it1.info)::text = 'countries'::text)",
                                                "Rows Removed by Filter": 112
                                            }
                                        ]
                                    }
                                ]
                            },
                            {
                                "Node Type": "Bitmap Heap Scan",
                                "Parent Relationship": "Inner",
                                "Parallel Aware": false,
                                "Relation Name": "info_type",
                                "Schema": "public",
                                "Alias": "it2",
                                "Startup Cost": 0.15,
                                "Total Cost": 4.17,
                                "Plan Rows": 1,
                                "Plan Width": 4,
                                "Actual Startup Time": 0.008,
                                "Actual Total Time": 0.008,
                                "Actual Rows": 0,
                                "Actual Loops": 843,
                                "Output": [
                                    "it2.id",
                                    "it2.info"
                                ],
                                "Recheck Cond": "(it2.id = mi_idx.info_type_id)",
                                "Rows Removed by Index Recheck": 0,
                                "Filter": "((it2.info)::text = 'rating'::text)",
                                "Rows Removed by Filter": 1,
                                "Exact Heap Blocks": 843,
                                "Lossy Heap Blocks": 0,
                                "Plans": [
                                    {
                                        "Node Type": "Bitmap Index Scan",
                                        "Parent Relationship": "Outer",
                                        "Parallel Aware": false,
                                        "Index Name": "info_type_pkey",
                                        "Startup Cost": 0.0,
                                        "Total Cost": 0.15,
                                        "Plan Rows": 1,
                                        "Plan Width": 0,
                                        "Actual Startup Time": 0.004,
                                        "Actual Total Time": 0.004,
                                        "Actual Rows": 1,
                                        "Actual Loops": 843,
                                        "Index Cond": "(it2.id = mi_idx.info_type_id)"
                                    }
                                ]
                            }
                        ]
                    },
                    {
                        "Node Type": "Bitmap Heap Scan",
                        "Parent Relationship": "Inner",
                        "Parallel Aware": false,
                        "Relation Name": "keyword",
                        "Schema": "public",
                        "Alias": "k",
                        "Startup Cost": 0.43,
                        "Total Cost": 4.44,
                        "Plan Rows": 1,
                        "Plan Width": 4,
                        "Actual Startup Time": 0.013,
                        "Actual Total Time": 0.013,
                        "Actual Rows": 0,
                        "Actual Loops": 420,
                        "Output": [
                            "k.id",
                            "k.keyword",
                            "k.phonetic_code"
                        ],
                        "Recheck Cond": "(k.id = mk.keyword_id)",
                        "Rows Removed by Index Recheck": 0,
                        "Filter": "(k.keyword = ANY ('{violence,lodge}'::text[]))",
                        "Rows Removed by Filter": 1,
                        "Exact Heap Blocks": 420,
                        "Lossy Heap Blocks": 0,
                        "Plans": [
                            {
                                "Node Type": "Bitmap Index Scan",
                                "Parent Relationship": "Outer",
                                "Parallel Aware": false,
                                "Index Name": "keyword_pkey",
                                "Startup Cost": 0.0,
                                "Total Cost": 0.43,
                                "Plan Rows": 1,
                                "Plan Width": 0,
                                "Actual Startup Time": 0.008,
                                "Actual Total Time": 0.008,
                                "Actual Rows": 1,
                                "Actual Loops": 420,
                                "Index Cond": "(k.id = mk.keyword_id)"
                            }
                        ]
                    }
                ]
            }
        ]
    },
    "Planning Time": 6.051,
    "Triggers": [],
    "Execution Time": 7272.144
}