[
  {
    "Plan": {
      "Node Type": "Hash Join",
      "Parallel Aware": false,
      "Join Type": "Inner",
      "Startup Cost": 14029.76,
      "Total Cost": 36830.13,
      "Plan Rows": 265148,
      "Plan Width": 40,
      "Actual Startup Time": 95.176,
      "Actual Total Time": 191.563,
      "Actual Rows": 259406,
      "Actual Loops": 1,
      "Inner Unique": true,
      "Hash Cond": "(mc.company_id = cn.id)",
      "Plans": [
        {
          "Node Type": "Bitmap Heap Scan",
          "Parent Relationship": "Outer",
          "Parallel Aware": false,
          "Relation Name": "movie_companies",
          "Alias": "mc",
          "Startup Cost": 5747.33,
          "Total Cost": 27851.68,
          "Plan Rows": 265148,
          "Plan Width": 40,
          "Actual Startup Time": 13.41,
          "Actual Total Time": 67.86,
          "Actual Rows": 259406,
          "Actual Loops": 1,
          "Recheck Cond": "(company_id < 133)",
          "Rows Removed by Index Recheck": 0,
          "Exact Heap Blocks": 17059,
          "Lossy Heap Blocks": 0,
          "Plans": [
            {
              "Node Type": "Bitmap Index Scan",
              "Parent Relationship": "Outer",
              "Parallel Aware": false,
              "Index Name": "company_id_movie_companies",
              "Startup Cost": 0.0,
              "Total Cost": 5681.04,
              "Plan Rows": 265148,
              "Plan Width": 0,
              "Actual Startup Time": 11.267,
              "Actual Total Time": 11.268,
              "Actual Rows": 259406,
              "Actual Loops": 1,
              "Index Cond": "(company_id < 133)"
            }
          ]
        },
        {
          "Node Type": "Hash",
          "Parent Relationship": "Inner",
          "Parallel Aware": false,
          "Startup Cost": 5344.97,
          "Total Cost": 5344.97,
          "Plan Rows": 234997,
          "Plan Width": 4,
          "Actual Startup Time": 79.001,
          "Actual Total Time": 79.002,
          "Actual Rows": 234997,
          "Actual Loops": 1,
          "Hash Buckets": 262144,
          "Original Hash Buckets": 262144,
          "Hash Batches": 1,
          "Original Hash Batches": 1,
          "Peak Memory Usage": 10310,
          "Plans": [
            {
              "Node Type": "Seq Scan",
              "Parent Relationship": "Outer",
              "Parallel Aware": false,
              "Relation Name": "company_name",
              "Alias": "cn",
              "Startup Cost": 0.0,
              "Total Cost": 5344.97,
              "Plan Rows": 234997,
              "Plan Width": 4,
              "Actual Startup Time": 0.059,
              "Actual Total Time": 37.765,
              "Actual Rows": 234997,
              "Actual Loops": 1
            }
          ]
        }
      ]
    },
    "Planning Time": 3.466,
    "Triggers": [],
    "Execution Time": 199.593
  }
]