{
  "Plan": {
    "Node Type": "Aggregate",
    "Strategy": "Plain",
    "Partial Mode": "Finalize",
    "Parallel Aware": false,
    "Startup Cost": 106046.86,
    "Total Cost": 106046.87,
    "Plan Rows": 1,
    "Plan Width": 8,
    "Actual Startup Time": 491.573,
    "Actual Total Time": 504.486,
    "Actual Rows": 1,
    "Actual Loops": 1,
    "Plans": [
      {
        "Node Type": "Gather",
        "Parent Relationship": "Outer",
        "Parallel Aware": false,
        "Startup Cost": 106046.74,
        "Total Cost": 106046.85,
        "Plan Rows": 1,
        "Plan Width": 8,
        "Actual Startup Time": 490.414,
        "Actual Total Time": 504.481,
        "Actual Rows": 2,
        "Actual Loops": 1,
        "Workers Planned": 1,
        "Workers Launched": 1,
        "Single Copy": false,
        "Plans": [
          {
            "Node Type": "Aggregate",
            "Strategy": "Plain",
            "Partial Mode": "Partial",
            "Parent Relationship": "Outer",
            "Parallel Aware": false,
            "Startup Cost": 105046.74,
            "Total Cost": 105046.75,
            "Plan Rows": 1,
            "Plan Width": 8,
            "Actual Startup Time": 487.633,
            "Actual Total Time": 487.635,
            "Actual Rows": 1,
            "Actual Loops": 2,
            "Plans": [
              {
                "Node Type": "Hash Join",
                "Parent Relationship": "Outer",
                "Parallel Aware": true,
                "Join Type": "Inner",
                "Startup Cost": 64389.01,
                "Total Cost": 104409.33,
                "Plan Rows": 254964,
                "Plan Width": 0,
                "Actual Startup Time": 291.194,
                "Actual Total Time": 480.634,
                "Actual Rows": 171688,
                "Actual Loops": 2,
                "Inner Unique": true,
                "Hash Cond": "(mc.movie_id = t.id)",
                "Plans": [
                  {
                    "Node Type": "Seq Scan",
                    "Parent Relationship": "Outer",
                    "Parallel Aware": true,
                    "Relation Name": "movie_companies",
                    "Alias": "mc",
                    "Startup Cost": 0.0,
                    "Total Cost": 37974.77,
                    "Plan Rows": 779260,
                    "Plan Width": 4,
                    "Actual Startup Time": 48.555,
                    "Actual Total Time": 113.687,
                    "Actual Rows": 667442,
                    "Actual Loops": 2,
                    "Filter": "(company_type_id > 1)",
                    "Rows Removed by Filter": 637123
                  },
                  {
                    "Node Type": "Hash",
                    "Parent Relationship": "Inner",
                    "Parallel Aware": true,
                    "Startup Cost": 58306.47,
                    "Total Cost": 58306.47,
                    "Plan Rows": 486603,
                    "Plan Width": 4,
                    "Actual Startup Time": 237.773,
                    "Actual Total Time": 237.774,
                    "Actual Rows": 371160,
                    "Actual Loops": 2,
                    "Hash Buckets": 1048576,
                    "Original Hash Buckets": 1048576,
                    "Hash Batches": 1,
                    "Original Hash Batches": 1,
                    "Peak Memory Usage": 37248,
                    "Plans": [
                      {
                        "Node Type": "Seq Scan",
                        "Parent Relationship": "Outer",
                        "Parallel Aware": true,
                        "Relation Name": "title",
                        "Alias": "t",
                        "Startup Cost": 0.0,
                        "Total Cost": 58306.47,
                        "Plan Rows": 486603,
                        "Plan Width": 4,
                        "Actual Startup Time": 0.019,
                        "Actual Total Time": 148.188,
                        "Actual Rows": 371160,
                        "Actual Loops": 2,
                        "Filter": "((kind_id > 1) AND (production_year < 2002))",
                        "Rows Removed by Filter": 892996
                      }
                    ]
                  }
                ]
              }
            ]
          }
        ]
      }
    ]
  },
  "Planning Time": 0.329,
  "Triggers": [],
  "Execution Time": 504.524
}