[
  {
    "Plan": {
      "Node Type": "Aggregate",
      "Strategy": "Plain",
      "Partial Mode": "Finalize",
      "Parallel Aware": false,
      "Startup Cost": 81031.2,
      "Total Cost": 81031.21,
      "Plan Rows": 1,
      "Plan Width": 8,
      "Actual Startup Time": 468.753,
      "Actual Total Time": 483.322,
      "Actual Rows": 1,
      "Actual Loops": 1,
      "Plans": [
        {
          "Node Type": "Gather",
          "Parent Relationship": "Outer",
          "Parallel Aware": false,
          "Startup Cost": 81030.88,
          "Total Cost": 81031.19,
          "Plan Rows": 3,
          "Plan Width": 8,
          "Actual Startup Time": 464.015,
          "Actual Total Time": 483.311,
          "Actual Rows": 4,
          "Actual Loops": 1,
          "Workers Planned": 3,
          "Workers Launched": 3,
          "Single Copy": false,
          "Plans": [
            {
              "Node Type": "Aggregate",
              "Strategy": "Plain",
              "Partial Mode": "Partial",
              "Parent Relationship": "Outer",
              "Parallel Aware": false,
              "Startup Cost": 80030.88,
              "Total Cost": 80030.89,
              "Plan Rows": 1,
              "Plan Width": 8,
              "Actual Startup Time": 451.019,
              "Actual Total Time": 451.023,
              "Actual Rows": 1,
              "Actual Loops": 4,
              "Plans": [
                {
                  "Node Type": "Hash Join",
                  "Parent Relationship": "Outer",
                  "Parallel Aware": true,
                  "Join Type": "Inner",
                  "Startup Cost": 48378.63,
                  "Total Cost": 79209.82,
                  "Plan Rows": 328423,
                  "Plan Width": 0,
                  "Actual Startup Time": 245.672,
                  "Actual Total Time": 438.686,
                  "Actual Rows": 298967,
                  "Actual Loops": 4,
                  "Inner Unique": true,
                  "Hash Cond": "(mc.movie_id = t.id)",
                  "Plans": [
                    {
                      "Node Type": "Seq Scan",
                      "Parent Relationship": "Outer",
                      "Parallel Aware": true,
                      "Relation Name": "movie_companies",
                      "Alias": "mc",
                      "Startup Cost": 0.0,
                      "Total Cost": 29310.68,
                      "Plan Rows": 579243,
                      "Plan Width": 4,
                      "Actual Startup Time": 0.498,
                      "Actual Total Time": 67.519,
                      "Actual Rows": 450834,
                      "Actual Loops": 4,
                      "Filter": "(company_id > 1822)",
                      "Rows Removed by Filter": 201448
                    },
                    {
                      "Node Type": "Hash",
                      "Parent Relationship": "Inner",
                      "Parallel Aware": true,
                      "Startup Cost": 43898.92,
                      "Total Cost": 43898.92,
                      "Plan Rows": 358377,
                      "Plan Width": 4,
                      "Actual Startup Time": 237.089,
                      "Actual Total Time": 237.09,
                      "Actual Rows": 360824,
                      "Actual Loops": 4,
                      "Hash Buckets": 2097152,
                      "Original Hash Buckets": 2097152,
                      "Hash Batches": 1,
                      "Original Hash Batches": 1,
                      "Peak Memory Usage": 72896,
                      "Plans": [
                        {
                          "Node Type": "Seq Scan",
                          "Parent Relationship": "Outer",
                          "Parallel Aware": true,
                          "Relation Name": "title",
                          "Alias": "t",
                          "Startup Cost": 0.0,
                          "Total Cost": 43898.92,
                          "Plan Rows": 358377,
                          "Plan Width": 4,
                          "Actual Startup Time": 0.035,
                          "Actual Total Time": 107.703,
                          "Actual Rows": 360824,
                          "Actual Loops": 4,
                          "Filter": "(production_year < 2006)",
                          "Rows Removed by Filter": 271254
                        }
                      ]
                    }
                  ]
                }
              ]
            }
          ]
        }
      ]
    },
    "Planning Time": 0.617,
    "Triggers": [],
    "Execution Time": 483.404
  }
]