[
  {
    "Plan": {
      "Node Type": "Aggregate",
      "Strategy": "Plain",
      "Partial Mode": "Finalize",
      "Parallel Aware": false,
      "Startup Cost": 33061.13,
      "Total Cost": 33061.14,
      "Plan Rows": 1,
      "Plan Width": 8,
      "Actual Startup Time": 147.867,
      "Actual Total Time": 162.764,
      "Actual Rows": 1,
      "Actual Loops": 1,
      "Plans": [
        {
          "Node Type": "Gather",
          "Parent Relationship": "Outer",
          "Parallel Aware": false,
          "Startup Cost": 33060.81,
          "Total Cost": 33061.12,
          "Plan Rows": 3,
          "Plan Width": 8,
          "Actual Startup Time": 147.688,
          "Actual Total Time": 162.75,
          "Actual Rows": 4,
          "Actual Loops": 1,
          "Workers Planned": 3,
          "Workers Launched": 3,
          "Single Copy": false,
          "Plans": [
            {
              "Node Type": "Aggregate",
              "Strategy": "Plain",
              "Partial Mode": "Partial",
              "Parent Relationship": "Outer",
              "Parallel Aware": false,
              "Startup Cost": 32060.81,
              "Total Cost": 32060.82,
              "Plan Rows": 1,
              "Plan Width": 8,
              "Actual Startup Time": 139.546,
              "Actual Total Time": 139.548,
              "Actual Rows": 1,
              "Actual Loops": 4,
              "Plans": [
                {
                  "Node Type": "Seq Scan",
                  "Parent Relationship": "Outer",
                  "Parallel Aware": true,
                  "Relation Name": "movie_companies",
                  "Alias": "mc",
                  "Startup Cost": 0.0,
                  "Total Cost": 31414.82,
                  "Plan Rows": 258397,
                  "Plan Width": 0,
                  "Actual Startup Time": 0.058,
                  "Actual Total Time": 119.921,
                  "Actual Rows": 279152,
                  "Actual Loops": 4,
                  "Filter": "((company_id < 18096) AND (company_type_id < 2))",
                  "Rows Removed by Filter": 373130
                }
              ]
            }
          ]
        }
      ]
    },
    "Planning Time": 0.188,
    "Triggers": [],
    "Execution Time": 162.828
  }
]