[
  {
    "Plan": {
      "Node Type": "Aggregate",
      "Strategy": "Plain",
      "Partial Mode": "Finalize",
      "Parallel Aware": false,
      "Startup Cost": 33074.23,
      "Total Cost": 33074.24,
      "Plan Rows": 1,
      "Plan Width": 8,
      "Actual Startup Time": 132.587,
      "Actual Total Time": 140.485,
      "Actual Rows": 1,
      "Actual Loops": 1,
      "Plans": [
        {
          "Node Type": "Gather",
          "Parent Relationship": "Outer",
          "Parallel Aware": false,
          "Startup Cost": 33073.91,
          "Total Cost": 33074.22,
          "Plan Rows": 3,
          "Plan Width": 8,
          "Actual Startup Time": 132.513,
          "Actual Total Time": 140.473,
          "Actual Rows": 4,
          "Actual Loops": 1,
          "Workers Planned": 3,
          "Workers Launched": 3,
          "Single Copy": false,
          "Plans": [
            {
              "Node Type": "Aggregate",
              "Strategy": "Plain",
              "Partial Mode": "Partial",
              "Parent Relationship": "Outer",
              "Parallel Aware": false,
              "Startup Cost": 32073.91,
              "Total Cost": 32073.92,
              "Plan Rows": 1,
              "Plan Width": 8,
              "Actual Startup Time": 126.523,
              "Actual Total Time": 126.524,
              "Actual Rows": 1,
              "Actual Loops": 4,
              "Plans": [
                {
                  "Node Type": "Seq Scan",
                  "Parent Relationship": "Outer",
                  "Parallel Aware": true,
                  "Relation Name": "movie_companies",
                  "Alias": "mc",
                  "Startup Cost": 0.0,
                  "Total Cost": 31414.82,
                  "Plan Rows": 263636,
                  "Plan Width": 0,
                  "Actual Startup Time": 0.036,
                  "Actual Total Time": 106.432,
                  "Actual Rows": 279152,
                  "Actual Loops": 4,
                  "Filter": "((company_id < 18096) AND (company_type_id < 2))",
                  "Rows Removed by Filter": 373130
                }
              ]
            }
          ]
        }
      ]
    },
    "Planning Time": 0.205,
    "Triggers": [],
    "Execution Time": 140.539
  }
]