[
    {
        "Bao": {
            "Bao prediction": 2328.691,
            "Bao recommended hint": "(no hint)"
        }
    },
    {
        "Plan": {
            "Node Type": "Aggregate",
            "Strategy": "Plain",
            "Partial Mode": "Finalize",
            "Parallel Aware": false,
            "Startup Cost": 152427.59,
            "Total Cost": 152427.6,
            "Plan Rows": 1,
            "Plan Width": 64,
            "Actual Startup Time": 1933.176,
            "Actual Total Time": 2022.958,
            "Actual Rows": 1,
            "Actual Loops": 1,
            "Output": [
                "min(a1.name)",
                "min(t.title)"
            ],
            "Plans": [
                {
                    "Node Type": "Gather",
                    "Parent Relationship": "Outer",
                    "Parallel Aware": false,
                    "Startup Cost": 152427.26,
                    "Total Cost": 152427.57,
                    "Plan Rows": 3,
                    "Plan Width": 64,
                    "Actual Startup Time": 1931.365,
                    "Actual Total Time": 2022.941,
                    "Actual Rows": 4,
                    "Actual Loops": 1,
                    "Output": [
                        "(PARTIAL min(a1.name))",
                        "(PARTIAL min(t.title))"
                    ],
                    "Workers Planned": 3,
                    "Workers Launched": 3,
                    "Single Copy": false,
                    "Plans": [
                        {
                            "Node Type": "Aggregate",
                            "Strategy": "Plain",
                            "Partial Mode": "Partial",
                            "Parent Relationship": "Outer",
                            "Parallel Aware": false,
                            "Startup Cost": 151427.26,
                            "Total Cost": 151427.27,
                            "Plan Rows": 1,
                            "Plan Width": 64,
                            "Actual Startup Time": 1919.896,
                            "Actual Total Time": 1919.91,
                            "Actual Rows": 1,
                            "Actual Loops": 4,
                            "Output": [
                                "PARTIAL min(a1.name)",
                                "PARTIAL min(t.title)"
                            ],
                            "Workers": [
                                {
                                    "Worker Number": 0,
                                    "Actual Startup Time": 1916.886,
                                    "Actual Total Time": 1916.897,
                                    "Actual Rows": 1,
                                    "Actual Loops": 1
                                },
                                {
                                    "Worker Number": 1,
                                    "Actual Startup Time": 1916.541,
                                    "Actual Total Time": 1916.553,
                                    "Actual Rows": 1,
                                    "Actual Loops": 1
                                },
                                {
                                    "Worker Number": 2,
                                    "Actual Startup Time": 1916.563,
                                    "Actual Total Time": 1916.574,
                                    "Actual Rows": 1,
                                    "Actual Loops": 1
                                }
                            ],
                            "Plans": [
                                {
                                    "Node Type": "Hash Join",
                                    "Parent Relationship": "Outer",
                                    "Parallel Aware": true,
                                    "Join Type": "Inner",
                                    "Startup Cost": 135131.25,
                                    "Total Cost": 150574.72,
                                    "Plan Rows": 170508,
                                    "Plan Width": 33,
                                    "Actual Startup Time": 1834.805,
                                    "Actual Total Time": 1916.225,
                                    "Actual Rows": 34187,
                                    "Actual Loops": 4,
                                    "Output": [
                                        "a1.name",
                                        "t.title"
                                    ],
                                    "Inner Unique": false,
                                    "Hash Cond": "(a1.person_id = n1.id)",
                                    "Workers": [
                                        {
                                            "Worker Number": 0,
                                            "Actual Startup Time": 1831.523,
                                            "Actual Total Time": 1913.351,
                                            "Actual Rows": 26439,
                                            "Actual Loops": 1
                                        },
                                        {
                                            "Worker Number": 1,
                                            "Actual Startup Time": 1831.664,
                                            "Actual Total Time": 1913.124,
                                            "Actual Rows": 40481,
                                            "Actual Loops": 1
                                        },
                                        {
                                            "Worker Number": 2,
                                            "Actual Startup Time": 1831.561,
                                            "Actual Total Time": 1913.055,
                                            "Actual Rows": 40294,
                                            "Actual Loops": 1
                                        }
                                    ],
                                    "Plans": [
                                        {
                                            "Node Type": "Seq Scan",
                                            "Parent Relationship": "Outer",
                                            "Parallel Aware": true,
                                            "Relation Name": "aka_name",
                                            "Schema": "public",
                                            "Alias": "a1",
                                            "Startup Cost": 0.0,
                                            "Total Cost": 14303.56,
                                            "Plan Rows": 290756,
                                            "Plan Width": 20,
                                            "Actual Startup Time": 0.046,
                                            "Actual Total Time": 36.448,
                                            "Actual Rows": 225336,
                                            "Actual Loops": 4,
                                            "Output": [
                                                "a1.id",
                                                "a1.person_id",
                                                "a1.name",
                                                "a1.imdb_index",
                                                "a1.name_pcode_cf",
                                                "a1.name_pcode_nf",
                                                "a1.surname_pcode",
                                                "a1.md5sum"
                                            ],
                                            "Workers": [
                                                {
                                                    "Worker Number": 0,
                                                    "Actual Startup Time": 0.063,
                                                    "Actual Total Time": 37.444,
                                                    "Actual Rows": 190860,
                                                    "Actual Loops": 1
                                                },
                                                {
                                                    "Worker Number": 1,
                                                    "Actual Startup Time": 0.05,
                                                    "Actual Total Time": 35.896,
                                                    "Actual Rows": 264475,
                                                    "Actual Loops": 1
                                                },
                                                {
                                                    "Worker Number": 2,
                                                    "Actual Startup Time": 0.047,
                                                    "Actual Total Time": 36.163,
                                                    "Actual Rows": 255304,
                                                    "Actual Loops": 1
                                                }
                                            ]
                                        },
                                        {
                                            "Node Type": "Hash",
                                            "Parent Relationship": "Inner",
                                            "Parallel Aware": true,
                                            "Startup Cost": 134242.99,
                                            "Total Cost": 134242.99,
                                            "Plan Rows": 71061,
                                            "Plan Width": 25,
                                            "Actual Startup Time": 1832.574,
                                            "Actual Total Time": 1832.585,
                                            "Actual Rows": 68463,
                                            "Actual Loops": 4,
                                            "Output": [
                                                "ci.person_id",
                                                "n1.id",
                                                "t.title"
                                            ],
                                            "Hash Buckets": 524288,
                                            "Original Hash Buckets": 262144,
                                            "Hash Batches": 1,
                                            "Original Hash Batches": 1,
                                            "Peak Memory Usage": 22688,
                                            "Workers": [
                                                {
                                                    "Worker Number": 0,
                                                    "Actual Startup Time": 1831.049,
                                                    "Actual Total Time": 1831.059,
                                                    "Actual Rows": 68168,
                                                    "Actual Loops": 1
                                                },
                                                {
                                                    "Worker Number": 1,
                                                    "Actual Startup Time": 1831.061,
                                                    "Actual Total Time": 1831.071,
                                                    "Actual Rows": 71209,
                                                    "Actual Loops": 1
                                                },
                                                {
                                                    "Worker Number": 2,
                                                    "Actual Startup Time": 1830.937,
                                                    "Actual Total Time": 1830.947,
                                                    "Actual Rows": 67868,
                                                    "Actual Loops": 1
                                                }
                                            ],
                                            "Plans": [
                                                {
                                                    "Node Type": "Nested Loop",
                                                    "Parent Relationship": "Outer",
                                                    "Parallel Aware": false,
                                                    "Join Type": "Inner",
                                                    "Startup Cost": 4775.62,
                                                    "Total Cost": 134242.99,
                                                    "Plan Rows": 71061,
                                                    "Plan Width": 25,
                                                    "Actual Startup Time": 21.066,
                                                    "Actual Total Time": 1775.113,
                                                    "Actual Rows": 68463,
                                                    "Actual Loops": 4,
                                                    "Output": [
                                                        "ci.person_id",
                                                        "n1.id",
                                                        "t.title"
                                                    ],
                                                    "Inner Unique": true,
                                                    "Workers": [
                                                        {
                                                            "Worker Number": 0,
                                                            "Actual Startup Time": 19.335,
                                                            "Actual Total Time": 1766.047,
                                                            "Actual Rows": 68168,
                                                            "Actual Loops": 1
                                                        },
                                                        {
                                                            "Worker Number": 1,
                                                            "Actual Startup Time": 19.76,
                                                            "Actual Total Time": 1779.415,
                                                            "Actual Rows": 71209,
                                                            "Actual Loops": 1
                                                        },
                                                        {
                                                            "Worker Number": 2,
                                                            "Actual Startup Time": 19.753,
                                                            "Actual Total Time": 1781.458,
                                                            "Actual Rows": 67868,
                                                            "Actual Loops": 1
                                                        }
                                                    ],
                                                    "Plans": [
                                                        {
                                                            "Node Type": "Hash Join",
                                                            "Parent Relationship": "Outer",
                                                            "Parallel Aware": false,
                                                            "Join Type": "Inner",
                                                            "Startup Cost": 4775.19,
                                                            "Total Cost": 101889.44,
                                                            "Plan Rows": 71061,
                                                            "Plan Width": 21,
                                                            "Actual Startup Time": 20.902,
                                                            "Actual Total Time": 1477.056,
                                                            "Actual Rows": 68463,
                                                            "Actual Loops": 4,
                                                            "Output": [
                                                                "ci.person_id",
                                                                "t.title"
                                                            ],
                                                            "Inner Unique": true,
                                                            "Hash Cond": "(ci.role_id = rt.id)",
                                                            "Workers": [
                                                                {
                                                                    "Worker Number": 0,
                                                                    "Actual Startup Time": 19.127,
                                                                    "Actual Total Time": 1468.167,
                                                                    "Actual Rows": 68168,
                                                                    "Actual Loops": 1
                                                                },
                                                                {
                                                                    "Worker Number": 1,
                                                                    "Actual Startup Time": 19.615,
                                                                    "Actual Total Time": 1478.304,
                                                                    "Actual Rows": 71209,
                                                                    "Actual Loops": 1
                                                                },
                                                                {
                                                                    "Worker Number": 2,
                                                                    "Actual Startup Time": 19.559,
                                                                    "Actual Total Time": 1481.074,
                                                                    "Actual Rows": 67868,
                                                                    "Actual Loops": 1
                                                                }
                                                            ],
                                                            "Plans": [
                                                                {
                                                                    "Node Type": "Nested Loop",
                                                                    "Parent Relationship": "Outer",
                                                                    "Parallel Aware": false,
                                                                    "Join Type": "Inner",
                                                                    "Startup Cost": 4774.03,
                                                                    "Total Cost": 98859.3,
                                                                    "Plan Rows": 852732,
                                                                    "Plan Width": 25,
                                                                    "Actual Startup Time": 20.55,
                                                                    "Actual Total Time": 1390.207,
                                                                    "Actual Rows": 668023,
                                                                    "Actual Loops": 4,
                                                                    "Output": [
                                                                        "ci.person_id",
                                                                        "ci.role_id",
                                                                        "t.title"
                                                                    ],
                                                                    "Inner Unique": false,
                                                                    "Workers": [
                                                                        {
                                                                            "Worker Number": 0,
                                                                            "Actual Startup Time": 18.985,
                                                                            "Actual Total Time": 1380.902,
                                                                            "Actual Rows": 663696,
                                                                            "Actual Loops": 1
                                                                        },
                                                                        {
                                                                            "Worker Number": 1,
                                                                            "Actual Startup Time": 19.041,
                                                                            "Actual Total Time": 1391.482,
                                                                            "Actual Rows": 683969,
                                                                            "Actual Loops": 1
                                                                        },
                                                                        {
                                                                            "Worker Number": 2,
                                                                            "Actual Startup Time": 18.984,
                                                                            "Actual Total Time": 1393.838,
                                                                            "Actual Rows": 658055,
                                                                            "Actual Loops": 1
                                                                        }
                                                                    ],
                                                                    "Plans": [
                                                                        {
                                                                            "Node Type": "Nested Loop",
                                                                            "Parent Relationship": "Outer",
                                                                            "Parallel Aware": false,
                                                                            "Join Type": "Inner",
                                                                            "Startup Cost": 4773.46,
                                                                            "Total Cost": 46795.46,
                                                                            "Plan Rows": 24408,
                                                                            "Plan Width": 25,
                                                                            "Actual Startup Time": 20.427,
                                                                            "Actual Total Time": 327.932,
                                                                            "Actual Rows": 26249,
                                                                            "Actual Loops": 4,
                                                                            "Output": [
                                                                                "mc.movie_id",
                                                                                "t.title",
                                                                                "t.id"
                                                                            ],
                                                                            "Inner Unique": true,
                                                                            "Workers": [
                                                                                {
                                                                                    "Worker Number": 0,
                                                                                    "Actual Startup Time": 18.86,
                                                                                    "Actual Total Time": 328.869,
                                                                                    "Actual Rows": 25813,
                                                                                    "Actual Loops": 1
                                                                                },
                                                                                {
                                                                                    "Worker Number": 1,
                                                                                    "Actual Startup Time": 18.849,
                                                                                    "Actual Total Time": 321.653,
                                                                                    "Actual Rows": 26873,
                                                                                    "Actual Loops": 1
                                                                                },
                                                                                {
                                                                                    "Worker Number": 2,
                                                                                    "Actual Startup Time": 18.887,
                                                                                    "Actual Total Time": 333.692,
                                                                                    "Actual Rows": 26227,
                                                                                    "Actual Loops": 1
                                                                                }
                                                                            ],
                                                                            "Plans": [
                                                                                {
                                                                                    "Node Type": "Hash Join",
                                                                                    "Parent Relationship": "Outer",
                                                                                    "Parallel Aware": true,
                                                                                    "Join Type": "Inner",
                                                                                    "Startup Cost": 4773.03,
                                                                                    "Total Cost": 34188.97,
                                                                                    "Plan Rows": 24408,
                                                                                    "Plan Width": 4,
                                                                                    "Actual Startup Time": 20.314,
                                                                                    "Actual Total Time": 205.149,
                                                                                    "Actual Rows": 26249,
                                                                                    "Actual Loops": 4,
                                                                                    "Output": [
                                                                                        "mc.movie_id"
                                                                                    ],
                                                                                    "Inner Unique": true,
                                                                                    "Hash Cond": "(mc.company_id = cn.id)",
                                                                                    "Workers": [
                                                                                        {
                                                                                            "Worker Number": 0,
                                                                                            "Actual Startup Time": 18.741,
                                                                                            "Actual Total Time": 207.351,
                                                                                            "Actual Rows": 25813,
                                                                                            "Actual Loops": 1
                                                                                        },
                                                                                        {
                                                                                            "Worker Number": 1,
                                                                                            "Actual Startup Time": 18.723,
                                                                                            "Actual Total Time": 199.471,
                                                                                            "Actual Rows": 26873,
                                                                                            "Actual Loops": 1
                                                                                        },
                                                                                        {
                                                                                            "Worker Number": 2,
                                                                                            "Actual Startup Time": 18.743,
                                                                                            "Actual Total Time": 209.378,
                                                                                            "Actual Rows": 26227,
                                                                                            "Actual Loops": 1
                                                                                        }
                                                                                    ],
                                                                                    "Plans": [
                                                                                        {
                                                                                            "Node Type": "Seq Scan",
                                                                                            "Parent Relationship": "Outer",
                                                                                            "Parallel Aware": true,
                                                                                            "Relation Name": "movie_companies",
                                                                                            "Schema": "public",
                                                                                            "Alias": "mc",
                                                                                            "Startup Cost": 0.0,
                                                                                            "Total Cost": 27206.55,
                                                                                            "Plan Rows": 841655,
                                                                                            "Plan Width": 8,
                                                                                            "Actual Startup Time": 0.025,
                                                                                            "Actual Total Time": 82.491,
                                                                                            "Actual Rows": 652282,
                                                                                            "Actual Loops": 4,
                                                                                            "Output": [
                                                                                                "mc.id",
                                                                                                "mc.movie_id",
                                                                                                "mc.company_id",
                                                                                                "mc.company_type_id",
                                                                                                "mc.note"
                                                                                            ],
                                                                                            "Workers": [
                                                                                                {
                                                                                                    "Worker Number": 0,
                                                                                                    "Actual Startup Time": 0.021,
                                                                                                    "Actual Total Time": 84.69,
                                                                                                    "Actual Rows": 660682,
                                                                                                    "Actual Loops": 1
                                                                                                },
                                                                                                {
                                                                                                    "Worker Number": 1,
                                                                                                    "Actual Startup Time": 0.024,
                                                                                                    "Actual Total Time": 81.051,
                                                                                                    "Actual Rows": 655643,
                                                                                                    "Actual Loops": 1
                                                                                                },
                                                                                                {
                                                                                                    "Worker Number": 2,
                                                                                                    "Actual Startup Time": 0.03,
                                                                                                    "Actual Total Time": 86.525,
                                                                                                    "Actual Rows": 650316,
                                                                                                    "Actual Loops": 1
                                                                                                }
                                                                                            ]
                                                                                        },
                                                                                        {
                                                                                            "Node Type": "Hash",
                                                                                            "Parent Relationship": "Inner",
                                                                                            "Parallel Aware": true,
                                                                                            "Startup Cost": 4722.92,
                                                                                            "Total Cost": 4722.92,
                                                                                            "Plan Rows": 4009,
                                                                                            "Plan Width": 4,
                                                                                            "Actual Startup Time": 20.12,
                                                                                            "Actual Total Time": 20.121,
                                                                                            "Actual Rows": 1688,
                                                                                            "Actual Loops": 4,
                                                                                            "Output": [
                                                                                                "cn.id"
                                                                                            ],
                                                                                            "Hash Buckets": 8192,
                                                                                            "Original Hash Buckets": 8192,
                                                                                            "Hash Batches": 1,
                                                                                            "Original Hash Batches": 1,
                                                                                            "Peak Memory Usage": 352,
                                                                                            "Workers": [
                                                                                                {
                                                                                                    "Worker Number": 0,
                                                                                                    "Actual Startup Time": 18.584,
                                                                                                    "Actual Total Time": 18.585,
                                                                                                    "Actual Rows": 1607,
                                                                                                    "Actual Loops": 1
                                                                                                },
                                                                                                {
                                                                                                    "Worker Number": 1,
                                                                                                    "Actual Startup Time": 18.577,
                                                                                                    "Actual Total Time": 18.578,
                                                                                                    "Actual Rows": 1450,
                                                                                                    "Actual Loops": 1
                                                                                                },
                                                                                                {
                                                                                                    "Worker Number": 2,
                                                                                                    "Actual Startup Time": 18.588,
                                                                                                    "Actual Total Time": 18.59,
                                                                                                    "Actual Rows": 1445,
                                                                                                    "Actual Loops": 1
                                                                                                }
                                                                                            ],
                                                                                            "Plans": [
                                                                                                {
                                                                                                    "Node Type": "Seq Scan",
                                                                                                    "Parent Relationship": "Outer",
                                                                                                    "Parallel Aware": true,
                                                                                                    "Relation Name": "company_name",
                                                                                                    "Schema": "public",
                                                                                                    "Alias": "cn",
                                                                                                    "Startup Cost": 0.0,
                                                                                                    "Total Cost": 4722.92,
                                                                                                    "Plan Rows": 4009,
                                                                                                    "Plan Width": 4,
                                                                                                    "Actual Startup Time": 0.045,
                                                                                                    "Actual Total Time": 18.882,
                                                                                                    "Actual Rows": 1688,
                                                                                                    "Actual Loops": 4,
                                                                                                    "Output": [
                                                                                                        "cn.id"
                                                                                                    ],
                                                                                                    "Filter": "((cn.country_code)::text = '[jp]'::text)",
                                                                                                    "Rows Removed by Filter": 57061,
                                                                                                    "Workers": [
                                                                                                        {
                                                                                                            "Worker Number": 0,
                                                                                                            "Actual Startup Time": 0.055,
                                                                                                            "Actual Total Time": 17.441,
                                                                                                            "Actual Rows": 1607,
                                                                                                            "Actual Loops": 1
                                                                                                        },
                                                                                                        {
                                                                                                            "Worker Number": 1,
                                                                                                            "Actual Startup Time": 0.04,
                                                                                                            "Actual Total Time": 17.445,
                                                                                                            "Actual Rows": 1450,
                                                                                                            "Actual Loops": 1
                                                                                                        },
                                                                                                        {
                                                                                                            "Worker Number": 2,
                                                                                                            "Actual Startup Time": 0.05,
                                                                                                            "Actual Total Time": 17.503,
                                                                                                            "Actual Rows": 1445,
                                                                                                            "Actual Loops": 1
                                                                                                        }
                                                                                                    ]
                                                                                                }
                                                                                            ]
                                                                                        }
                                                                                    ]
                                                                                },
                                                                                {
                                                                                    "Node Type": "Index Scan",
                                                                                    "Parent Relationship": "Inner",
                                                                                    "Parallel Aware": false,
                                                                                    "Scan Direction": "Forward",
                                                                                    "Index Name": "title_pkey",
                                                                                    "Relation Name": "title",
                                                                                    "Schema": "public",
                                                                                    "Alias": "t",
                                                                                    "Startup Cost": 0.43,
                                                                                    "Total Cost": 0.52,
                                                                                    "Plan Rows": 1,
                                                                                    "Plan Width": 21,
                                                                                    "Actual Startup Time": 0.004,
                                                                                    "Actual Total Time": 0.004,
                                                                                    "Actual Rows": 1,
                                                                                    "Actual Loops": 104995,
                                                                                    "Output": [
                                                                                        "t.id",
                                                                                        "t.title",
                                                                                        "t.imdb_index",
                                                                                        "t.kind_id",
                                                                                        "t.production_year",
                                                                                        "t.imdb_id",
                                                                                        "t.phonetic_code",
                                                                                        "t.episode_of_id",
                                                                                        "t.season_nr",
                                                                                        "t.episode_nr",
                                                                                        "t.series_years",
                                                                                        "t.md5sum"
                                                                                    ],
                                                                                    "Index Cond": "(t.id = mc.movie_id)",
                                                                                    "Rows Removed by Index Recheck": 0,
                                                                                    "Workers": [
                                                                                        {
                                                                                            "Worker Number": 0,
                                                                                            "Actual Startup Time": 0.004,
                                                                                            "Actual Total Time": 0.004,
                                                                                            "Actual Rows": 1,
                                                                                            "Actual Loops": 25813
                                                                                        },
                                                                                        {
                                                                                            "Worker Number": 1,
                                                                                            "Actual Startup Time": 0.004,
                                                                                            "Actual Total Time": 0.004,
                                                                                            "Actual Rows": 1,
                                                                                            "Actual Loops": 26873
                                                                                        },
                                                                                        {
                                                                                            "Worker Number": 2,
                                                                                            "Actual Startup Time": 0.004,
                                                                                            "Actual Total Time": 0.004,
                                                                                            "Actual Rows": 1,
                                                                                            "Actual Loops": 26227
                                                                                        }
                                                                                    ]
                                                                                }
                                                                            ]
                                                                        },
                                                                        {
                                                                            "Node Type": "Index Scan",
                                                                            "Parent Relationship": "Inner",
                                                                            "Parallel Aware": false,
                                                                            "Scan Direction": "Forward",
                                                                            "Index Name": "movie_id_cast_info",
                                                                            "Relation Name": "cast_info",
                                                                            "Schema": "public",
                                                                            "Alias": "ci",
                                                                            "Startup Cost": 0.56,
                                                                            "Total Cost": 1.78,
                                                                            "Plan Rows": 35,
                                                                            "Plan Width": 12,
                                                                            "Actual Startup Time": 0.006,
                                                                            "Actual Total Time": 0.035,
                                                                            "Actual Rows": 25,
                                                                            "Actual Loops": 104995,
                                                                            "Output": [
                                                                                "ci.id",
                                                                                "ci.person_id",
                                                                                "ci.movie_id",
                                                                                "ci.person_role_id",
                                                                                "ci.note",
                                                                                "ci.nr_order",
                                                                                "ci.role_id"
                                                                            ],
                                                                            "Index Cond": "(ci.movie_id = t.id)",
                                                                            "Rows Removed by Index Recheck": 0,
                                                                            "Workers": [
                                                                                {
                                                                                    "Worker Number": 0,
                                                                                    "Actual Startup Time": 0.006,
                                                                                    "Actual Total Time": 0.036,
                                                                                    "Actual Rows": 26,
                                                                                    "Actual Loops": 25813
                                                                                },
                                                                                {
                                                                                    "Worker Number": 1,
                                                                                    "Actual Startup Time": 0.006,
                                                                                    "Actual Total Time": 0.035,
                                                                                    "Actual Rows": 25,
                                                                                    "Actual Loops": 26873
                                                                                },
                                                                                {
                                                                                    "Worker Number": 2,
                                                                                    "Actual Startup Time": 0.006,
                                                                                    "Actual Total Time": 0.035,
                                                                                    "Actual Rows": 25,
                                                                                    "Actual Loops": 26227
                                                                                }
                                                                            ]
                                                                        }
                                                                    ]
                                                                },
                                                                {
                                                                    "Node Type": "Hash",
                                                                    "Parent Relationship": "Inner",
                                                                    "Parallel Aware": false,
                                                                    "Startup Cost": 1.15,
                                                                    "Total Cost": 1.15,
                                                                    "Plan Rows": 1,
                                                                    "Plan Width": 4,
                                                                    "Actual Startup Time": 0.086,
                                                                    "Actual Total Time": 0.087,
                                                                    "Actual Rows": 1,
                                                                    "Actual Loops": 4,
                                                                    "Output": [
                                                                        "rt.id"
                                                                    ],
                                                                    "Hash Buckets": 1024,
                                                                    "Original Hash Buckets": 1024,
                                                                    "Hash Batches": 1,
                                                                    "Original Hash Batches": 1,
                                                                    "Peak Memory Usage": 9,
                                                                    "Workers": [
                                                                        {
                                                                            "Worker Number": 0,
                                                                            "Actual Startup Time": 0.1,
                                                                            "Actual Total Time": 0.1,
                                                                            "Actual Rows": 1,
                                                                            "Actual Loops": 1
                                                                        },
                                                                        {
                                                                            "Worker Number": 1,
                                                                            "Actual Startup Time": 0.106,
                                                                            "Actual Total Time": 0.107,
                                                                            "Actual Rows": 1,
                                                                            "Actual Loops": 1
                                                                        },
                                                                        {
                                                                            "Worker Number": 2,
                                                                            "Actual Startup Time": 0.087,
                                                                            "Actual Total Time": 0.089,
                                                                            "Actual Rows": 1,
                                                                            "Actual Loops": 1
                                                                        }
                                                                    ],
                                                                    "Plans": [
                                                                        {
                                                                            "Node Type": "Seq Scan",
                                                                            "Parent Relationship": "Outer",
                                                                            "Parallel Aware": false,
                                                                            "Relation Name": "role_type",
                                                                            "Schema": "public",
                                                                            "Alias": "rt",
                                                                            "Startup Cost": 0.0,
                                                                            "Total Cost": 1.15,
                                                                            "Plan Rows": 1,
                                                                            "Plan Width": 4,
                                                                            "Actual Startup Time": 0.065,
                                                                            "Actual Total Time": 0.069,
                                                                            "Actual Rows": 1,
                                                                            "Actual Loops": 4,
                                                                            "Output": [
                                                                                "rt.id"
                                                                            ],
                                                                            "Filter": "((rt.role)::text = 'producer'::text)",
                                                                            "Rows Removed by Filter": 11,
                                                                            "Workers": [
                                                                                {
                                                                                    "Worker Number": 0,
                                                                                    "Actual Startup Time": 0.079,
                                                                                    "Actual Total Time": 0.084,
                                                                                    "Actual Rows": 1,
                                                                                    "Actual Loops": 1
                                                                                },
                                                                                {
                                                                                    "Worker Number": 1,
                                                                                    "Actual Startup Time": 0.085,
                                                                                    "Actual Total Time": 0.088,
                                                                                    "Actual Rows": 1,
                                                                                    "Actual Loops": 1
                                                                                },
                                                                                {
                                                                                    "Worker Number": 2,
                                                                                    "Actual Startup Time": 0.066,
                                                                                    "Actual Total Time": 0.071,
                                                                                    "Actual Rows": 1,
                                                                                    "Actual Loops": 1
                                                                                }
                                                                            ]
                                                                        }
                                                                    ]
                                                                }
                                                            ]
                                                        },
                                                        {
                                                            "Node Type": "Index Only Scan",
                                                            "Parent Relationship": "Inner",
                                                            "Parallel Aware": false,
                                                            "Scan Direction": "Forward",
                                                            "Index Name": "name_pkey",
                                                            "Relation Name": "name",
                                                            "Schema": "public",
                                                            "Alias": "n1",
                                                            "Startup Cost": 0.43,
                                                            "Total Cost": 0.46,
                                                            "Plan Rows": 1,
                                                            "Plan Width": 4,
                                                            "Actual Startup Time": 0.004,
                                                            "Actual Total Time": 0.004,
                                                            "Actual Rows": 1,
                                                            "Actual Loops": 273851,
                                                            "Output": [
                                                                "n1.id"
                                                            ],
                                                            "Index Cond": "(n1.id = ci.person_id)",
                                                            "Rows Removed by Index Recheck": 0,
                                                            "Heap Fetches": 273851,
                                                            "Workers": [
                                                                {
                                                                    "Worker Number": 0,
                                                                    "Actual Startup Time": 0.004,
                                                                    "Actual Total Time": 0.004,
                                                                    "Actual Rows": 1,
                                                                    "Actual Loops": 68168
                                                                },
                                                                {
                                                                    "Worker Number": 1,
                                                                    "Actual Startup Time": 0.004,
                                                                    "Actual Total Time": 0.004,
                                                                    "Actual Rows": 1,
                                                                    "Actual Loops": 71209
                                                                },
                                                                {
                                                                    "Worker Number": 2,
                                                                    "Actual Startup Time": 0.004,
                                                                    "Actual Total Time": 0.004,
                                                                    "Actual Rows": 1,
                                                                    "Actual Loops": 67868
                                                                }
                                                            ]
                                                        }
                                                    ]
                                                }
                                            ]
                                        }
                                    ]
                                }
                            ]
                        }
                    ]
                }
            ]
        },
        "Planning Time": 2105.809,
        "Triggers": [],
        "Execution Time": 2023.975
    }
]