{
  "Plan": {
    "Node Type": "Aggregate",
    "Strategy": "Plain",
    "Partial Mode": "Finalize",
    "Parallel Aware": false,
    "Startup Cost": 995429.19,
    "Total Cost": 995429.2,
    "Plan Rows": 1,
    "Plan Width": 8,
    "Actual Startup Time": 10624.118,
    "Actual Total Time": 10729.268,
    "Actual Rows": 1,
    "Actual Loops": 1,
    "Plans": [
      {
        "Node Type": "Gather",
        "Parent Relationship": "Outer",
        "Parallel Aware": false,
        "Startup Cost": 995429.08,
        "Total Cost": 995429.19,
        "Plan Rows": 1,
        "Plan Width": 8,
        "Actual Startup Time": 10615.144,
        "Actual Total Time": 10729.257,
        "Actual Rows": 2,
        "Actual Loops": 1,
        "Workers Planned": 1,
        "Workers Launched": 1,
        "Single Copy": false,
        "Plans": [
          {
            "Node Type": "Aggregate",
            "Strategy": "Plain",
            "Partial Mode": "Partial",
            "Parent Relationship": "Outer",
            "Parallel Aware": false,
            "Startup Cost": 994429.08,
            "Total Cost": 994429.09,
            "Plan Rows": 1,
            "Plan Width": 8,
            "Actual Startup Time": 10603.871,
            "Actual Total Time": 10604.268,
            "Actual Rows": 1,
            "Actual Loops": 2,
            "Plans": [
              {
                "Node Type": "Hash Join",
                "Parent Relationship": "Outer",
                "Parallel Aware": true,
                "Join Type": "Inner",
                "Startup Cost": 602103.05,
                "Total Cost": 978954.46,
                "Plan Rows": 6189849,
                "Plan Width": 0,
                "Actual Startup Time": 4945.268,
                "Actual Total Time": 9686.918,
                "Actual Rows": 22801034,
                "Actual Loops": 2,
                "Inner Unique": false,
                "Hash Cond": "(mi.movie_id = t.id)",
                "Plans": [
                  {
                    "Node Type": "Seq Scan",
                    "Parent Relationship": "Outer",
                    "Parallel Aware": true,
                    "Relation Name": "movie_info",
                    "Alias": "mi",
                    "Startup Cost": 0.0,
                    "Total Cost": 270696.42,
                    "Plan Rows": 5579529,
                    "Plan Width": 4,
                    "Actual Startup Time": 0.024,
                    "Actual Total Time": 734.106,
                    "Actual Rows": 4782576,
                    "Actual Loops": 2,
                    "Filter": "(info_type_id < 16)",
                    "Rows Removed by Filter": 2635284
                  },
                  {
                    "Node Type": "Hash",
                    "Parent Relationship": "Inner",
                    "Parallel Aware": true,
                    "Startup Cost": 581479.13,
                    "Total Cost": 581479.13,
                    "Plan Rows": 1649913,
                    "Plan Width": 8,
                    "Actual Startup Time": 4919.475,
                    "Actual Total Time": 4919.87,
                    "Actual Rows": 1854028,
                    "Actual Loops": 2,
                    "Hash Buckets": 4194304,
                    "Original Hash Buckets": 4194304,
                    "Hash Batches": 1,
                    "Original Hash Batches": 1,
                    "Peak Memory Usage": 177856,
                    "Plans": [
                      {
                        "Node Type": "Hash Join",
                        "Parent Relationship": "Outer",
                        "Parallel Aware": true,
                        "Join Type": "Inner",
                        "Startup Cost": 59745.78,
                        "Total Cost": 581479.13,
                        "Plan Rows": 1649913,
                        "Plan Width": 8,
                        "Actual Startup Time": 179.361,
                        "Actual Total Time": 4339.333,
                        "Actual Rows": 1854028,
                        "Actual Loops": 2,
                        "Inner Unique": true,
                        "Hash Cond": "(ci.movie_id = t.id)",
                        "Plans": [
                          {
                            "Node Type": "Seq Scan",
                            "Parent Relationship": "Outer",
                            "Parallel Aware": true,
                            "Relation Name": "cast_info",
                            "Alias": "ci",
                            "Startup Cost": 0.0,
                            "Total Cost": 465792.95,
                            "Plan Rows": 21310595,
                            "Plan Width": 4,
                            "Actual Startup Time": 0.013,
                            "Actual Total Time": 1391.449,
                            "Actual Rows": 18122172,
                            "Actual Loops": 2
                          },
                          {
                            "Node Type": "Hash",
                            "Parent Relationship": "Inner",
                            "Parallel Aware": true,
                            "Startup Cost": 58306.47,
                            "Total Cost": 58306.47,
                            "Plan Rows": 115145,
                            "Plan Width": 4,
                            "Actual Startup Time": 178.503,
                            "Actual Total Time": 178.504,
                            "Actual Rows": 153597,
                            "Actual Loops": 2,
                            "Hash Buckets": 524288,
                            "Original Hash Buckets": 262144,
                            "Hash Batches": 1,
                            "Original Hash Batches": 1,
                            "Peak Memory Usage": 18208,
                            "Plans": [
                              {
                                "Node Type": "Seq Scan",
                                "Parent Relationship": "Outer",
                                "Parallel Aware": true,
                                "Relation Name": "title",
                                "Alias": "t",
                                "Startup Cost": 0.0,
                                "Total Cost": 58306.47,
                                "Plan Rows": 115145,
                                "Plan Width": 4,
                                "Actual Startup Time": 0.091,
                                "Actual Total Time": 140.492,
                                "Actual Rows": 153597,
                                "Actual Loops": 2,
                                "Filter": "((kind_id < 7) AND (production_year < 1980))",
                                "Rows Removed by Filter": 1110559
                              }
                            ]
                          }
                        ]
                      }
                    ]
                  }
                ]
              }
            ]
          }
        ]
      }
    ]
  },
  "Planning Time": 0.909,
  "Triggers": [],
  "Execution Time": 10729.367
}