{
  "Plan": {
    "Node Type": "Aggregate",
    "Strategy": "Plain",
    "Partial Mode": "Simple",
    "Parallel Aware": false,
    "Startup Cost": 3149.58,
    "Total Cost": 3149.59,
    "Plan Rows": 1,
    "Plan Width": 8,
    "Actual Startup Time": 22.282,
    "Actual Total Time": 22.284,
    "Actual Rows": 1,
    "Actual Loops": 1,
    "Plans": [
      {
        "Node Type": "Nested Loop",
        "Parent Relationship": "Outer",
        "Parallel Aware": false,
        "Join Type": "Inner",
        "Startup Cost": 7.21,
        "Total Cost": 3149.27,
        "Plan Rows": 123,
        "Plan Width": 0,
        "Actual Startup Time": 0.669,
        "Actual Total Time": 21.923,
        "Actual Rows": 1671,
        "Actual Loops": 1,
        "Inner Unique": false,
        "Plans": [
          {
            "Node Type": "Nested Loop",
            "Parent Relationship": "Outer",
            "Parallel Aware": false,
            "Join Type": "Inner",
            "Startup Cost": 6.78,
            "Total Cost": 3006.58,
            "Plan Rows": 235,
            "Plan Width": 8,
            "Actual Startup Time": 0.61,
            "Actual Total Time": 9.903,
            "Actual Rows": 721,
            "Actual Loops": 1,
            "Inner Unique": true,
            "Plans": [
              {
                "Node Type": "Bitmap Heap Scan",
                "Parent Relationship": "Outer",
                "Parallel Aware": false,
                "Relation Name": "movie_keyword",
                "Alias": "mk",
                "Startup Cost": 6.35,
                "Total Cost": 922.98,
                "Plan Rows": 248,
                "Plan Width": 4,
                "Actual Startup Time": 0.58,
                "Actual Total Time": 2.77,
                "Actual Rows": 723,
                "Actual Loops": 1,
                "Recheck Cond": "(keyword_id = 1399)",
                "Rows Removed by Index Recheck": 0,
                "Exact Heap Blocks": 686,
                "Lossy Heap Blocks": 0,
                "Plans": [
                  {
                    "Node Type": "Bitmap Index Scan",
                    "Parent Relationship": "Outer",
                    "Parallel Aware": false,
                    "Index Name": "keyword_id_movie_keyword",
                    "Startup Cost": 0.0,
                    "Total Cost": 6.29,
                    "Plan Rows": 248,
                    "Plan Width": 0,
                    "Actual Startup Time": 0.307,
                    "Actual Total Time": 0.308,
                    "Actual Rows": 723,
                    "Actual Loops": 1,
                    "Index Cond": "(keyword_id = 1399)"
                  }
                ]
              },
              {
                "Node Type": "Index Scan",
                "Parent Relationship": "Inner",
                "Parallel Aware": false,
                "Scan Direction": "Forward",
                "Index Name": "title_pkey",
                "Relation Name": "title",
                "Alias": "t",
                "Startup Cost": 0.43,
                "Total Cost": 8.4,
                "Plan Rows": 1,
                "Plan Width": 4,
                "Actual Startup Time": 0.009,
                "Actual Total Time": 0.009,
                "Actual Rows": 1,
                "Actual Loops": 723,
                "Index Cond": "(id = mk.movie_id)",
                "Rows Removed by Index Recheck": 0,
                "Filter": "(production_year > 1914)",
                "Rows Removed by Filter": 0
              }
            ]
          },
          {
            "Node Type": "Index Scan",
            "Parent Relationship": "Inner",
            "Parallel Aware": false,
            "Scan Direction": "Forward",
            "Index Name": "movie_id_movie_companies",
            "Relation Name": "movie_companies",
            "Alias": "mc",
            "Startup Cost": 0.43,
            "Total Cost": 0.58,
            "Plan Rows": 3,
            "Plan Width": 4,
            "Actual Startup Time": 0.014,
            "Actual Total Time": 0.016,
            "Actual Rows": 2,
            "Actual Loops": 721,
            "Index Cond": "(movie_id = t.id)",
            "Rows Removed by Index Recheck": 0,
            "Filter": "(company_type_id = 2)",
            "Rows Removed by Filter": 7
          }
        ]
      }
    ]
  },
  "Planning Time": 1.096,
  "Triggers": [],
  "Execution Time": 22.366
}