[
  {
    "Plan": {
      "Node Type": "Aggregate",
      "Strategy": "Plain",
      "Partial Mode": "Finalize",
      "Parallel Aware": false,
      "Startup Cost": 44901.36,
      "Total Cost": 44901.37,
      "Plan Rows": 1,
      "Plan Width": 8,
      "Actual Startup Time": 123.534,
      "Actual Total Time": 129.293,
      "Actual Rows": 1,
      "Actual Loops": 1,
      "Plans": [
        {
          "Node Type": "Gather",
          "Parent Relationship": "Outer",
          "Parallel Aware": false,
          "Startup Cost": 44901.04,
          "Total Cost": 44901.35,
          "Plan Rows": 3,
          "Plan Width": 8,
          "Actual Startup Time": 123.456,
          "Actual Total Time": 129.287,
          "Actual Rows": 4,
          "Actual Loops": 1,
          "Workers Planned": 3,
          "Workers Launched": 3,
          "Single Copy": false,
          "Plans": [
            {
              "Node Type": "Aggregate",
              "Strategy": "Plain",
              "Partial Mode": "Partial",
              "Parent Relationship": "Outer",
              "Parallel Aware": false,
              "Startup Cost": 43901.04,
              "Total Cost": 43901.05,
              "Plan Rows": 1,
              "Plan Width": 8,
              "Actual Startup Time": 119.057,
              "Actual Total Time": 119.058,
              "Actual Rows": 1,
              "Actual Loops": 4,
              "Plans": [
                {
                  "Node Type": "Seq Scan",
                  "Parent Relationship": "Outer",
                  "Parallel Aware": true,
                  "Relation Name": "movie_keyword",
                  "Alias": "mk",
                  "Startup Cost": 0.0,
                  "Total Cost": 42695.65,
                  "Plan Rows": 482154,
                  "Plan Width": 0,
                  "Actual Startup Time": 0.777,
                  "Actual Total Time": 100.558,
                  "Actual Rows": 367448,
                  "Actual Loops": 4,
                  "Filter": "(keyword_id > 11213)",
                  "Rows Removed by Filter": 763534
                }
              ]
            }
          ]
        }
      ]
    },
    "Planning Time": 0.14,
    "Triggers": [],
    "Execution Time": 129.323
  }
]