[
  {
    "Plan": {
      "Node Type": "Aggregate",
      "Strategy": "Plain",
      "Partial Mode": "Finalize",
      "Parallel Aware": false,
      "Startup Cost": 46683.56,
      "Total Cost": 46683.57,
      "Plan Rows": 1,
      "Plan Width": 8,
      "Actual Startup Time": 202.847,
      "Actual Total Time": 211.61,
      "Actual Rows": 1,
      "Actual Loops": 1,
      "Plans": [
        {
          "Node Type": "Gather",
          "Parent Relationship": "Outer",
          "Parallel Aware": false,
          "Startup Cost": 46683.25,
          "Total Cost": 46683.56,
          "Plan Rows": 3,
          "Plan Width": 8,
          "Actual Startup Time": 202.756,
          "Actual Total Time": 211.603,
          "Actual Rows": 4,
          "Actual Loops": 1,
          "Workers Planned": 3,
          "Workers Launched": 3,
          "Single Copy": false,
          "Plans": [
            {
              "Node Type": "Aggregate",
              "Strategy": "Plain",
              "Partial Mode": "Partial",
              "Parent Relationship": "Outer",
              "Parallel Aware": false,
              "Startup Cost": 45683.25,
              "Total Cost": 45683.26,
              "Plan Rows": 1,
              "Plan Width": 8,
              "Actual Startup Time": 195.631,
              "Actual Total Time": 195.632,
              "Actual Rows": 1,
              "Actual Loops": 4,
              "Plans": [
                {
                  "Node Type": "Seq Scan",
                  "Parent Relationship": "Outer",
                  "Parallel Aware": true,
                  "Relation Name": "movie_keyword",
                  "Alias": "mk",
                  "Startup Cost": 0.0,
                  "Total Cost": 42695.65,
                  "Plan Rows": 1195037,
                  "Plan Width": 0,
                  "Actual Startup Time": 0.051,
                  "Actual Total Time": 141.251,
                  "Actual Rows": 931022,
                  "Actual Loops": 4,
                  "Filter": "(keyword_id < 23112)",
                  "Rows Removed by Filter": 199960
                }
              ]
            }
          ]
        }
      ]
    },
    "Planning Time": 0.081,
    "Triggers": [],
    "Execution Time": 211.635
  }
]