{
  "Plan": {
    "Node Type": "Aggregate",
    "Strategy": "Plain",
    "Partial Mode": "Finalize",
    "Parallel Aware": false,
    "Startup Cost": 1483799.58,
    "Total Cost": 1483799.59,
    "Plan Rows": 1,
    "Plan Width": 8,
    "Actual Startup Time": 3870.861,
    "Actual Total Time": 3952.463,
    "Actual Rows": 1,
    "Actual Loops": 1,
    "Plans": [
      {
        "Node Type": "Gather",
        "Parent Relationship": "Outer",
        "Parallel Aware": false,
        "Startup Cost": 1483799.47,
        "Total Cost": 1483799.58,
        "Plan Rows": 1,
        "Plan Width": 8,
        "Actual Startup Time": 3870.759,
        "Actual Total Time": 3952.455,
        "Actual Rows": 2,
        "Actual Loops": 1,
        "Workers Planned": 1,
        "Workers Launched": 1,
        "Single Copy": false,
        "Plans": [
          {
            "Node Type": "Aggregate",
            "Strategy": "Plain",
            "Partial Mode": "Partial",
            "Parent Relationship": "Outer",
            "Parallel Aware": false,
            "Startup Cost": 1482799.47,
            "Total Cost": 1482799.48,
            "Plan Rows": 1,
            "Plan Width": 8,
            "Actual Startup Time": 3864.775,
            "Actual Total Time": 3864.776,
            "Actual Rows": 1,
            "Actual Loops": 2,
            "Plans": [
              {
                "Node Type": "Nested Loop",
                "Parent Relationship": "Outer",
                "Parallel Aware": false,
                "Join Type": "Inner",
                "Startup Cost": 0.56,
                "Total Cost": 1477126.88,
                "Plan Rows": 2269035,
                "Plan Width": 0,
                "Actual Startup Time": 0.43,
                "Actual Total Time": 3782.832,
                "Actual Rows": 1514038,
                "Actual Loops": 2,
                "Inner Unique": false,
                "Plans": [
                  {
                    "Node Type": "Seq Scan",
                    "Parent Relationship": "Outer",
                    "Parallel Aware": true,
                    "Relation Name": "title",
                    "Alias": "t",
                    "Startup Cost": 0.0,
                    "Total Cost": 58306.47,
                    "Plan Rows": 328468,
                    "Plan Width": 4,
                    "Actual Startup Time": 0.03,
                    "Actual Total Time": 152.449,
                    "Actual Rows": 227117,
                    "Actual Loops": 2,
                    "Filter": "((production_year < 1998) AND (kind_id = 7))",
                    "Rows Removed by Filter": 1037039
                  },
                  {
                    "Node Type": "Index Scan",
                    "Parent Relationship": "Inner",
                    "Parallel Aware": false,
                    "Scan Direction": "Forward",
                    "Index Name": "movie_id_cast_info",
                    "Relation Name": "cast_info",
                    "Alias": "ci",
                    "Startup Cost": 0.56,
                    "Total Cost": 4.14,
                    "Plan Rows": 18,
                    "Plan Width": 4,
                    "Actual Startup Time": 0.009,
                    "Actual Total Time": 0.015,
                    "Actual Rows": 7,
                    "Actual Loops": 454234,
                    "Index Cond": "(movie_id = t.id)",
                    "Rows Removed by Index Recheck": 0,
                    "Filter": "((person_id > 950543) AND (role_id > 1))",
                    "Rows Removed by Filter": 6
                  }
                ]
              }
            ]
          }
        ]
      }
    ]
  },
  "Planning Time": 0.743,
  "Triggers": [],
  "Execution Time": 3952.55
}