{
  "Plan": {
    "Node Type": "Aggregate",
    "Strategy": "Plain",
    "Partial Mode": "Finalize",
    "Parallel Aware": false,
    "Startup Cost": 115042.78,
    "Total Cost": 115042.79,
    "Plan Rows": 1,
    "Plan Width": 8,
    "Actual Startup Time": 1102.152,
    "Actual Total Time": 1129.34,
    "Actual Rows": 1,
    "Actual Loops": 1,
    "Plans": [
      {
        "Node Type": "Gather",
        "Parent Relationship": "Outer",
        "Parallel Aware": false,
        "Startup Cost": 115042.67,
        "Total Cost": 115042.78,
        "Plan Rows": 1,
        "Plan Width": 8,
        "Actual Startup Time": 1094.304,
        "Actual Total Time": 1129.33,
        "Actual Rows": 2,
        "Actual Loops": 1,
        "Workers Planned": 1,
        "Workers Launched": 1,
        "Single Copy": false,
        "Plans": [
          {
            "Node Type": "Aggregate",
            "Strategy": "Plain",
            "Partial Mode": "Partial",
            "Parent Relationship": "Outer",
            "Parallel Aware": false,
            "Startup Cost": 114042.67,
            "Total Cost": 114042.68,
            "Plan Rows": 1,
            "Plan Width": 8,
            "Actual Startup Time": 1085.595,
            "Actual Total Time": 1085.601,
            "Actual Rows": 1,
            "Actual Loops": 2,
            "Plans": [
              {
                "Node Type": "Hash Join",
                "Parent Relationship": "Outer",
                "Parallel Aware": true,
                "Join Type": "Inner",
                "Startup Cost": 82980.7,
                "Total Cost": 113105.37,
                "Plan Rows": 374920,
                "Plan Width": 0,
                "Actual Startup Time": 815.568,
                "Actual Total Time": 1062.887,
                "Actual Rows": 324027,
                "Actual Loops": 2,
                "Inner Unique": true,
                "Hash Cond": "(mk.movie_id = t.id)",
                "Plans": [
                  {
                    "Node Type": "Bitmap Heap Scan",
                    "Parent Relationship": "Outer",
                    "Parallel Aware": true,
                    "Relation Name": "movie_keyword",
                    "Alias": "mk",
                    "Startup Cost": 13520.0,
                    "Total Cost": 42660.5,
                    "Plan Rows": 374920,
                    "Plan Width": 4,
                    "Actual Startup Time": 64.85,
                    "Actual Total Time": 173.121,
                    "Actual Rows": 324027,
                    "Actual Loops": 2,
                    "Recheck Cond": "(keyword_id < 500)",
                    "Rows Removed by Index Recheck": 0,
                    "Exact Heap Blocks": 13129,
                    "Lossy Heap Blocks": 0,
                    "Plans": [
                      {
                        "Node Type": "Bitmap Index Scan",
                        "Parent Relationship": "Outer",
                        "Parallel Aware": false,
                        "Index Name": "keyword_id_movie_keyword",
                        "Startup Cost": 0.0,
                        "Total Cost": 13360.66,
                        "Plan Rows": 637364,
                        "Plan Width": 0,
                        "Actual Startup Time": 59.039,
                        "Actual Total Time": 59.04,
                        "Actual Rows": 648054,
                        "Actual Loops": 1,
                        "Index Cond": "(keyword_id < 500)"
                      }
                    ]
                  },
                  {
                    "Node Type": "Hash",
                    "Parent Relationship": "Inner",
                    "Parallel Aware": true,
                    "Startup Cost": 50870.31,
                    "Total Cost": 50870.31,
                    "Plan Rows": 1487231,
                    "Plan Width": 4,
                    "Actual Startup Time": 731.926,
                    "Actual Total Time": 731.927,
                    "Actual Rows": 1264156,
                    "Actual Loops": 2,
                    "Hash Buckets": 4194304,
                    "Original Hash Buckets": 4194304,
                    "Hash Batches": 1,
                    "Original Hash Batches": 1,
                    "Peak Memory Usage": 131680,
                    "Plans": [
                      {
                        "Node Type": "Seq Scan",
                        "Parent Relationship": "Outer",
                        "Parallel Aware": true,
                        "Relation Name": "title",
                        "Alias": "t",
                        "Startup Cost": 0.0,
                        "Total Cost": 50870.31,
                        "Plan Rows": 1487231,
                        "Plan Width": 4,
                        "Actual Startup Time": 0.037,
                        "Actual Total Time": 221.351,
                        "Actual Rows": 1264156,
                        "Actual Loops": 2
                      }
                    ]
                  }
                ]
              }
            ]
          }
        ]
      }
    ]
  },
  "Planning Time": 0.4,
  "Triggers": [],
  "Execution Time": 1129.402
}