[
  {
    "Plan": {
      "Node Type": "Aggregate",
      "Strategy": "Plain",
      "Partial Mode": "Finalize",
      "Parallel Aware": false,
      "Startup Cost": 31676.08,
      "Total Cost": 31676.09,
      "Plan Rows": 1,
      "Plan Width": 8,
      "Actual Startup Time": 111.147,
      "Actual Total Time": 119.05,
      "Actual Rows": 1,
      "Actual Loops": 1,
      "Plans": [
        {
          "Node Type": "Gather",
          "Parent Relationship": "Outer",
          "Parallel Aware": false,
          "Startup Cost": 31675.77,
          "Total Cost": 31676.08,
          "Plan Rows": 3,
          "Plan Width": 8,
          "Actual Startup Time": 111.026,
          "Actual Total Time": 119.043,
          "Actual Rows": 4,
          "Actual Loops": 1,
          "Workers Planned": 3,
          "Workers Launched": 3,
          "Single Copy": false,
          "Plans": [
            {
              "Node Type": "Aggregate",
              "Strategy": "Plain",
              "Partial Mode": "Partial",
              "Parent Relationship": "Outer",
              "Parallel Aware": false,
              "Startup Cost": 30675.77,
              "Total Cost": 30675.78,
              "Plan Rows": 1,
              "Plan Width": 8,
              "Actual Startup Time": 102.636,
              "Actual Total Time": 102.637,
              "Actual Rows": 1,
              "Actual Loops": 4,
              "Plans": [
                {
                  "Node Type": "Seq Scan",
                  "Parent Relationship": "Outer",
                  "Parallel Aware": true,
                  "Relation Name": "movie_companies",
                  "Alias": "mc",
                  "Startup Cost": 0.0,
                  "Total Cost": 29310.68,
                  "Plan Rows": 546034,
                  "Plan Width": 0,
                  "Actual Startup Time": 2.405,
                  "Actual Total Time": 84.26,
                  "Actual Rows": 423678,
                  "Actual Loops": 4,
                  "Filter": "(company_id > 3099)",
                  "Rows Removed by Filter": 228604
                }
              ]
            }
          ]
        }
      ]
    },
    "Planning Time": 0.16,
    "Triggers": [],
    "Execution Time": 119.127
  }
]