{
    "Plan": {
        "Node Type": "Aggregate",
        "Strategy": "Plain",
        "Partial Mode": "Simple",
        "Parallel Aware": false,
        "Startup Cost": 20001284794.92,
        "Total Cost": 20001284794.93,
        "Plan Rows": 1,
        "Plan Width": 8,
        "Actual Startup Time": 9704.112,
        "Actual Total Time": 9704.115,
        "Actual Rows": 1,
        "Actual Loops": 1,
        "Output": [
            "count(*)"
        ],
        "Plans": [
            {
                "Node Type": "Hash Join",
                "Parent Relationship": "Outer",
                "Parallel Aware": false,
                "Join Type": "Inner",
                "Startup Cost": 20000140183.0,
                "Total Cost": 20001257343.13,
                "Plan Rows": 10980717,
                "Plan Width": 0,
                "Actual Startup Time": 2782.136,
                "Actual Total Time": 9294.356,
                "Actual Rows": 9986871,
                "Actual Loops": 1,
                "Inner Unique": true,
                "Hash Cond": "(mi.movie_id = t.id)",
                "Plans": [
                    {
                        "Node Type": "Index Scan",
                        "Parent Relationship": "Outer",
                        "Parallel Aware": false,
                        "Scan Direction": "Forward",
                        "Index Name": "movie_id_movie_info",
                        "Relation Name": "movie_info",
                        "Schema": "public",
                        "Alias": "mi",
                        "Startup Cost": 10000000000.43,
                        "Total Cost": 10001078428.37,
                        "Plan Rows": 14755095,
                        "Plan Width": 4,
                        "Actual Startup Time": 0.142,
                        "Actual Total Time": 4125.737,
                        "Actual Rows": 14835720,
                        "Actual Loops": 1,
                        "Output": [
                            "mi.id",
                            "mi.movie_id",
                            "mi.info_type_id",
                            "mi.info",
                            "mi.note"
                        ]
                    },
                    {
                        "Node Type": "Hash",
                        "Parent Relationship": "Inner",
                        "Parallel Aware": false,
                        "Startup Cost": 10000116662.9,
                        "Total Cost": 10000116662.9,
                        "Plan Rows": 1881573,
                        "Plan Width": 4,
                        "Actual Startup Time": 2762.98,
                        "Actual Total Time": 2762.981,
                        "Actual Rows": 1887769,
                        "Actual Loops": 1,
                        "Output": [
                            "t.id"
                        ],
                        "Hash Buckets": 2097152,
                        "Original Hash Buckets": 2097152,
                        "Hash Batches": 1,
                        "Original Hash Batches": 1,
                        "Peak Memory Usage": 82751,
                        "Plans": [
                            {
                                "Node Type": "Index Scan",
                                "Parent Relationship": "Outer",
                                "Parallel Aware": false,
                                "Scan Direction": "Forward",
                                "Index Name": "title_pkey",
                                "Relation Name": "title",
                                "Schema": "public",
                                "Alias": "t",
                                "Startup Cost": 10000000000.43,
                                "Total Cost": 10000116662.9,
                                "Plan Rows": 1881573,
                                "Plan Width": 4,
                                "Actual Startup Time": 0.06,
                                "Actual Total Time": 2120.506,
                                "Actual Rows": 1887769,
                                "Actual Loops": 1,
                                "Output": [
                                    "t.id"
                                ],
                                "Filter": "(t.production_year > 1983)",
                                "Rows Removed by Filter": 640543
                            }
                        ]
                    }
                ]
            }
        ]
    },
    "Planning Time": 2.647,
    "Triggers": [],
    "Execution Time": 9706.064
}