{
  "Plan": {
    "Node Type": "Aggregate",
    "Strategy": "Plain",
    "Partial Mode": "Finalize",
    "Parallel Aware": false,
    "Startup Cost": 102765.95,
    "Total Cost": 102765.96,
    "Plan Rows": 1,
    "Plan Width": 8,
    "Actual Startup Time": 290.756,
    "Actual Total Time": 304.181,
    "Actual Rows": 1,
    "Actual Loops": 1,
    "Plans": [
      {
        "Node Type": "Gather",
        "Parent Relationship": "Outer",
        "Parallel Aware": false,
        "Startup Cost": 102765.84,
        "Total Cost": 102765.95,
        "Plan Rows": 1,
        "Plan Width": 8,
        "Actual Startup Time": 290.605,
        "Actual Total Time": 304.174,
        "Actual Rows": 2,
        "Actual Loops": 1,
        "Workers Planned": 1,
        "Workers Launched": 1,
        "Single Copy": false,
        "Plans": [
          {
            "Node Type": "Aggregate",
            "Strategy": "Plain",
            "Partial Mode": "Partial",
            "Parent Relationship": "Outer",
            "Parallel Aware": false,
            "Startup Cost": 101765.84,
            "Total Cost": 101765.85,
            "Plan Rows": 1,
            "Plan Width": 8,
            "Actual Startup Time": 284.873,
            "Actual Total Time": 284.876,
            "Actual Rows": 1,
            "Actual Loops": 2,
            "Plans": [
              {
                "Node Type": "Hash Join",
                "Parent Relationship": "Outer",
                "Parallel Aware": true,
                "Join Type": "Inner",
                "Startup Cost": 58347.78,
                "Total Cost": 101762.45,
                "Plan Rows": 1357,
                "Plan Width": 0,
                "Actual Startup Time": 197.927,
                "Actual Total Time": 284.756,
                "Actual Rows": 1614,
                "Actual Loops": 2,
                "Inner Unique": true,
                "Hash Cond": "(mc.movie_id = t.id)",
                "Plans": [
                  {
                    "Node Type": "Seq Scan",
                    "Parent Relationship": "Outer",
                    "Parallel Aware": true,
                    "Relation Name": "movie_companies",
                    "Alias": "mc",
                    "Startup Cost": 0.0,
                    "Total Cost": 41811.73,
                    "Plan Rows": 610645,
                    "Plan Width": 4,
                    "Actual Startup Time": 51.72,
                    "Actual Total Time": 112.539,
                    "Actual Rows": 373496,
                    "Actual Loops": 2,
                    "Filter": "((company_id < 70885) AND (company_type_id = 2))",
                    "Rows Removed by Filter": 931068
                  },
                  {
                    "Node Type": "Hash",
                    "Parent Relationship": "Inner",
                    "Parallel Aware": true,
                    "Startup Cost": 58306.47,
                    "Total Cost": 58306.47,
                    "Plan Rows": 3305,
                    "Plan Width": 4,
                    "Actual Startup Time": 144.808,
                    "Actual Total Time": 144.809,
                    "Actual Rows": 3116,
                    "Actual Loops": 2,
                    "Hash Buckets": 8192,
                    "Original Hash Buckets": 8192,
                    "Hash Batches": 1,
                    "Original Hash Batches": 1,
                    "Peak Memory Usage": 352,
                    "Plans": [
                      {
                        "Node Type": "Seq Scan",
                        "Parent Relationship": "Outer",
                        "Parallel Aware": true,
                        "Relation Name": "title",
                        "Alias": "t",
                        "Startup Cost": 0.0,
                        "Total Cost": 58306.47,
                        "Plan Rows": 3305,
                        "Plan Width": 4,
                        "Actual Startup Time": 0.457,
                        "Actual Total Time": 143.493,
                        "Actual Rows": 3116,
                        "Actual Loops": 2,
                        "Filter": "((kind_id < 7) AND (production_year = 1970))",
                        "Rows Removed by Filter": 1261040
                      }
                    ]
                  }
                ]
              }
            ]
          }
        ]
      }
    ]
  },
  "Planning Time": 0.553,
  "Triggers": [],
  "Execution Time": 304.257
}