[
  {
    "Plan": {
      "Node Type": "Aggregate",
      "Strategy": "Plain",
      "Partial Mode": "Finalize",
      "Parallel Aware": false,
      "Startup Cost": 31230.68,
      "Total Cost": 31230.69,
      "Plan Rows": 1,
      "Plan Width": 8,
      "Actual Startup Time": 119.818,
      "Actual Total Time": 130.096,
      "Actual Rows": 1,
      "Actual Loops": 1,
      "Plans": [
        {
          "Node Type": "Gather",
          "Parent Relationship": "Outer",
          "Parallel Aware": false,
          "Startup Cost": 31230.36,
          "Total Cost": 31230.67,
          "Plan Rows": 3,
          "Plan Width": 8,
          "Actual Startup Time": 119.676,
          "Actual Total Time": 130.088,
          "Actual Rows": 4,
          "Actual Loops": 1,
          "Workers Planned": 3,
          "Workers Launched": 3,
          "Single Copy": false,
          "Plans": [
            {
              "Node Type": "Aggregate",
              "Strategy": "Plain",
              "Partial Mode": "Partial",
              "Parent Relationship": "Outer",
              "Parallel Aware": false,
              "Startup Cost": 30230.36,
              "Total Cost": 30230.37,
              "Plan Rows": 1,
              "Plan Width": 8,
              "Actual Startup Time": 111.108,
              "Actual Total Time": 111.11,
              "Actual Rows": 1,
              "Actual Loops": 4,
              "Plans": [
                {
                  "Node Type": "Seq Scan",
                  "Parent Relationship": "Outer",
                  "Parallel Aware": true,
                  "Relation Name": "movie_companies",
                  "Alias": "mc",
                  "Startup Cost": 0.0,
                  "Total Cost": 29310.68,
                  "Plan Rows": 367873,
                  "Plan Width": 0,
                  "Actual Startup Time": 22.954,
                  "Actual Total Time": 94.699,
                  "Actual Rows": 283532,
                  "Actual Loops": 4,
                  "Filter": "(company_id > 13494)",
                  "Rows Removed by Filter": 368750
                }
              ]
            }
          ]
        }
      ]
    },
    "Planning Time": 0.166,
    "Triggers": [],
    "Execution Time": 130.155
  }
]