[
  {
    "Plan": {
      "Node Type": "Aggregate",
      "Strategy": "Plain",
      "Partial Mode": "Finalize",
      "Parallel Aware": false,
      "Startup Cost": 46307.65,
      "Total Cost": 46307.66,
      "Plan Rows": 1,
      "Plan Width": 8,
      "Actual Startup Time": 156.53,
      "Actual Total Time": 166.173,
      "Actual Rows": 1,
      "Actual Loops": 1,
      "Plans": [
        {
          "Node Type": "Gather",
          "Parent Relationship": "Outer",
          "Parallel Aware": false,
          "Startup Cost": 46307.33,
          "Total Cost": 46307.64,
          "Plan Rows": 3,
          "Plan Width": 8,
          "Actual Startup Time": 156.392,
          "Actual Total Time": 166.16,
          "Actual Rows": 4,
          "Actual Loops": 1,
          "Workers Planned": 3,
          "Workers Launched": 3,
          "Single Copy": false,
          "Plans": [
            {
              "Node Type": "Aggregate",
              "Strategy": "Plain",
              "Partial Mode": "Partial",
              "Parent Relationship": "Outer",
              "Parallel Aware": false,
              "Startup Cost": 45307.33,
              "Total Cost": 45307.34,
              "Plan Rows": 1,
              "Plan Width": 8,
              "Actual Startup Time": 150.761,
              "Actual Total Time": 150.763,
              "Actual Rows": 1,
              "Actual Loops": 4,
              "Plans": [
                {
                  "Node Type": "Seq Scan",
                  "Parent Relationship": "Outer",
                  "Parallel Aware": true,
                  "Relation Name": "movie_keyword",
                  "Alias": "mk",
                  "Startup Cost": 0.0,
                  "Total Cost": 42695.65,
                  "Plan Rows": 1044671,
                  "Plan Width": 0,
                  "Actual Startup Time": 0.153,
                  "Actual Total Time": 116.118,
                  "Actual Rows": 806237,
                  "Actual Loops": 4,
                  "Filter": "(keyword_id > 1684)",
                  "Rows Removed by Filter": 324746
                }
              ]
            }
          ]
        }
      ]
    },
    "Planning Time": 0.117,
    "Triggers": [],
    "Execution Time": 166.211
  }
]