[
  {
    "Plan": {
      "Node Type": "Aggregate",
      "Strategy": "Plain",
      "Partial Mode": "Finalize",
      "Parallel Aware": false,
      "Startup Cost": 231572.26,
      "Total Cost": 231572.27,
      "Plan Rows": 1,
      "Plan Width": 8,
      "Actual Startup Time": 214.399,
      "Actual Total Time": 251.249,
      "Actual Rows": 1,
      "Actual Loops": 1,
      "Plans": [
        {
          "Node Type": "Gather",
          "Parent Relationship": "Outer",
          "Parallel Aware": false,
          "Startup Cost": 231571.84,
          "Total Cost": 231572.25,
          "Plan Rows": 4,
          "Plan Width": 8,
          "Actual Startup Time": 214.27,
          "Actual Total Time": 251.241,
          "Actual Rows": 5,
          "Actual Loops": 1,
          "Workers Planned": 4,
          "Workers Launched": 4,
          "Single Copy": false,
          "Plans": [
            {
              "Node Type": "Aggregate",
              "Strategy": "Plain",
              "Partial Mode": "Partial",
              "Parent Relationship": "Outer",
              "Parallel Aware": false,
              "Startup Cost": 230571.84,
              "Total Cost": 230571.85,
              "Plan Rows": 1,
              "Plan Width": 8,
              "Actual Startup Time": 204.413,
              "Actual Total Time": 204.414,
              "Actual Rows": 1,
              "Actual Loops": 5,
              "Plans": [
                {
                  "Node Type": "Nested Loop",
                  "Parent Relationship": "Outer",
                  "Parallel Aware": false,
                  "Join Type": "Inner",
                  "Startup Cost": 0.43,
                  "Total Cost": 230508.52,
                  "Plan Rows": 25327,
                  "Plan Width": 0,
                  "Actual Startup Time": 0.648,
                  "Actual Total Time": 201.241,
                  "Actual Rows": 35079,
                  "Actual Loops": 5,
                  "Inner Unique": false,
                  "Plans": [
                    {
                      "Node Type": "Seq Scan",
                      "Parent Relationship": "Outer",
                      "Parallel Aware": true,
                      "Relation Name": "title",
                      "Alias": "t",
                      "Startup Cost": 0.0,
                      "Total Cost": 45479.1,
                      "Plan Rows": 5032,
                      "Plan Width": 4,
                      "Actual Startup Time": 0.418,
                      "Actual Total Time": 84.505,
                      "Actual Rows": 3471,
                      "Actual Loops": 5,
                      "Filter": "((kind_id < 7) AND (production_year = 2000))",
                      "Rows Removed by Filter": 502191
                    },
                    {
                      "Node Type": "Index Scan",
                      "Parent Relationship": "Inner",
                      "Parallel Aware": false,
                      "Scan Direction": "Forward",
                      "Index Name": "movie_id_movie_info",
                      "Relation Name": "movie_info",
                      "Alias": "mi",
                      "Startup Cost": 0.43,
                      "Total Cost": 36.41,
                      "Plan Rows": 36,
                      "Plan Width": 4,
                      "Actual Startup Time": 0.012,
                      "Actual Total Time": 0.032,
                      "Actual Rows": 10,
                      "Actual Loops": 17357,
                      "Index Cond": "(movie_id = t.id)",
                      "Rows Removed by Index Recheck": 0,
                      "Filter": "(info_type_id > 2)",
                      "Rows Removed by Filter": 2
                    }
                  ]
                }
              ]
            }
          ]
        }
      ]
    },
    "Planning Time": 0.646,
    "Triggers": [],
    "Execution Time": 251.335
  }
]