[
  {
    "Plan": {
      "Node Type": "Aggregate",
      "Strategy": "Plain",
      "Partial Mode": "Finalize",
      "Parallel Aware": false,
      "Startup Cost": 46686.29,
      "Total Cost": 46686.3,
      "Plan Rows": 1,
      "Plan Width": 8,
      "Actual Startup Time": 178.055,
      "Actual Total Time": 187.183,
      "Actual Rows": 1,
      "Actual Loops": 1,
      "Plans": [
        {
          "Node Type": "Gather",
          "Parent Relationship": "Outer",
          "Parallel Aware": false,
          "Startup Cost": 46685.97,
          "Total Cost": 46686.28,
          "Plan Rows": 3,
          "Plan Width": 8,
          "Actual Startup Time": 177.932,
          "Actual Total Time": 187.174,
          "Actual Rows": 4,
          "Actual Loops": 1,
          "Workers Planned": 3,
          "Workers Launched": 3,
          "Single Copy": false,
          "Plans": [
            {
              "Node Type": "Aggregate",
              "Strategy": "Plain",
              "Partial Mode": "Partial",
              "Parent Relationship": "Outer",
              "Parallel Aware": false,
              "Startup Cost": 45685.97,
              "Total Cost": 45685.98,
              "Plan Rows": 1,
              "Plan Width": 8,
              "Actual Startup Time": 171.053,
              "Actual Total Time": 171.055,
              "Actual Rows": 1,
              "Actual Loops": 4,
              "Plans": [
                {
                  "Node Type": "Seq Scan",
                  "Parent Relationship": "Outer",
                  "Parallel Aware": true,
                  "Relation Name": "movie_keyword",
                  "Alias": "mk",
                  "Startup Cost": 0.0,
                  "Total Cost": 42695.65,
                  "Plan Rows": 1196126,
                  "Plan Width": 0,
                  "Actual Startup Time": 0.052,
                  "Actual Total Time": 126.663,
                  "Actual Rows": 927943,
                  "Actual Loops": 4,
                  "Filter": "(keyword_id < 22624)",
                  "Rows Removed by Filter": 203040
                }
              ]
            }
          ]
        }
      ]
    },
    "Planning Time": 0.191,
    "Triggers": [],
    "Execution Time": 187.269
  }
]