[
  {
    "Plan": {
      "Node Type": "Aggregate",
      "Strategy": "Plain",
      "Partial Mode": "Finalize",
      "Parallel Aware": false,
      "Startup Cost": 313464.31,
      "Total Cost": 313464.32,
      "Plan Rows": 1,
      "Plan Width": 8,
      "Actual Startup Time": 2842.942,
      "Actual Total Time": 2970.239,
      "Actual Rows": 1,
      "Actual Loops": 1,
      "Plans": [
        {
          "Node Type": "Gather",
          "Parent Relationship": "Outer",
          "Parallel Aware": false,
          "Startup Cost": 313463.79,
          "Total Cost": 313464.3,
          "Plan Rows": 5,
          "Plan Width": 8,
          "Actual Startup Time": 2839.38,
          "Actual Total Time": 2970.23,
          "Actual Rows": 6,
          "Actual Loops": 1,
          "Workers Planned": 5,
          "Workers Launched": 5,
          "Single Copy": false,
          "Plans": [
            {
              "Node Type": "Aggregate",
              "Strategy": "Plain",
              "Partial Mode": "Partial",
              "Parent Relationship": "Outer",
              "Parallel Aware": false,
              "Startup Cost": 312463.79,
              "Total Cost": 312463.8,
              "Plan Rows": 1,
              "Plan Width": 8,
              "Actual Startup Time": 2831.236,
              "Actual Total Time": 2831.238,
              "Actual Rows": 1,
              "Actual Loops": 6,
              "Plans": [
                {
                  "Node Type": "Nested Loop",
                  "Parent Relationship": "Outer",
                  "Parallel Aware": false,
                  "Join Type": "Inner",
                  "Startup Cost": 70597.84,
                  "Total Cost": 311981.29,
                  "Plan Rows": 193000,
                  "Plan Width": 0,
                  "Actual Startup Time": 267.558,
                  "Actual Total Time": 2780.816,
                  "Actual Rows": 945386,
                  "Actual Loops": 6,
                  "Inner Unique": false,
                  "Plans": [
                    {
                      "Node Type": "Merge Join",
                      "Parent Relationship": "Outer",
                      "Parallel Aware": false,
                      "Join Type": "Inner",
                      "Startup Cost": 70597.28,
                      "Total Cost": 164426.44,
                      "Plan Rows": 73117,
                      "Plan Width": 8,
                      "Actual Startup Time": 267.208,
                      "Actual Total Time": 674.305,
                      "Actual Rows": 60615,
                      "Actual Loops": 6,
                      "Inner Unique": false,
                      "Merge Cond": "(t.id = mk.movie_id)",
                      "Plans": [
                        {
                          "Node Type": "Index Only Scan",
                          "Parent Relationship": "Outer",
                          "Parallel Aware": true,
                          "Scan Direction": "Forward",
                          "Index Name": "title_pkey",
                          "Relation Name": "title",
                          "Alias": "t",
                          "Startup Cost": 0.43,
                          "Total Cost": 90125.02,
                          "Plan Rows": 505685,
                          "Plan Width": 4,
                          "Actual Startup Time": 0.137,
                          "Actual Total Time": 329.075,
                          "Actual Rows": 420965,
                          "Actual Loops": 6,
                          "Heap Fetches": 2525791
                        },
                        {
                          "Node Type": "Sort",
                          "Parent Relationship": "Inner",
                          "Parallel Aware": false,
                          "Startup Cost": 70561.42,
                          "Total Cost": 71475.39,
                          "Plan Rows": 365586,
                          "Plan Width": 4,
                          "Actual Startup Time": 266.867,
                          "Actual Total Time": 288.226,
                          "Actual Rows": 363692,
                          "Actual Loops": 6,
                          "Sort Key": [
                            "mk.movie_id"
                          ],
                          "Sort Method": "quicksort",
                          "Sort Space Used": 29337,
                          "Sort Space Type": "Memory",
                          "Workers": [
                            {
                              "Worker Number": 0,
                              "Sort Method": "quicksort",
                              "Sort Space Used": 29337,
                              "Sort Space Type": "Memory"
                            },
                            {
                              "Worker Number": 1,
                              "Sort Method": "quicksort",
                              "Sort Space Used": 29337,
                              "Sort Space Type": "Memory"
                            },
                            {
                              "Worker Number": 2,
                              "Sort Method": "quicksort",
                              "Sort Space Used": 29337,
                              "Sort Space Type": "Memory"
                            },
                            {
                              "Worker Number": 3,
                              "Sort Method": "quicksort",
                              "Sort Space Used": 29337,
                              "Sort Space Type": "Memory"
                            },
                            {
                              "Worker Number": 4,
                              "Sort Method": "quicksort",
                              "Sort Space Used": 29337,
                              "Sort Space Type": "Memory"
                            }
                          ],
                          "Plans": [
                            {
                              "Node Type": "Bitmap Heap Scan",
                              "Parent Relationship": "Outer",
                              "Parallel Aware": false,
                              "Relation Name": "movie_keyword",
                              "Alias": "mk",
                              "Startup Cost": 7757.72,
                              "Total Cost": 36781.55,
                              "Plan Rows": 365586,
                              "Plan Width": 4,
                              "Actual Startup Time": 41.209,
                              "Actual Total Time": 170.692,
                              "Actual Rows": 363692,
                              "Actual Loops": 6,
                              "Recheck Cond": "(keyword_id < 335)",
                              "Rows Removed by Index Recheck": 0,
                              "Exact Heap Blocks": 24238,
                              "Lossy Heap Blocks": 0,
                              "Plans": [
                                {
                                  "Node Type": "Bitmap Index Scan",
                                  "Parent Relationship": "Outer",
                                  "Parallel Aware": false,
                                  "Index Name": "keyword_id_movie_keyword",
                                  "Startup Cost": 0.0,
                                  "Total Cost": 7666.33,
                                  "Plan Rows": 365586,
                                  "Plan Width": 0,
                                  "Actual Startup Time": 37.092,
                                  "Actual Total Time": 37.092,
                                  "Actual Rows": 363692,
                                  "Actual Loops": 6,
                                  "Index Cond": "(keyword_id < 335)"
                                }
                              ]
                            }
                          ]
                        }
                      ]
                    },
                    {
                      "Node Type": "Index Scan",
                      "Parent Relationship": "Inner",
                      "Parallel Aware": false,
                      "Scan Direction": "Forward",
                      "Index Name": "movie_id_cast_info",
                      "Relation Name": "cast_info",
                      "Alias": "ci",
                      "Startup Cost": 0.56,
                      "Total Cost": 1.96,
                      "Plan Rows": 6,
                      "Plan Width": 4,
                      "Actual Startup Time": 0.005,
                      "Actual Total Time": 0.033,
                      "Actual Rows": 16,
                      "Actual Loops": 363692,
                      "Index Cond": "(movie_id = t.id)",
                      "Rows Removed by Index Recheck": 0,
                      "Filter": "((person_id < 1923573) AND (role_id < 2))",
                      "Rows Removed by Filter": 27
                    }
                  ]
                }
              ]
            }
          ]
        }
      ]
    },
    "Planning Time": 0.418,
    "Triggers": [],
    "Execution Time": 2975.583
  }
]