[
  {
    "Plan": {
      "Node Type": "Aggregate",
      "Strategy": "Plain",
      "Partial Mode": "Finalize",
      "Parallel Aware": false,
      "Startup Cost": 73080.06,
      "Total Cost": 73080.07,
      "Plan Rows": 1,
      "Plan Width": 8,
      "Actual Startup Time": 224.601,
      "Actual Total Time": 237.952,
      "Actual Rows": 1,
      "Actual Loops": 1,
      "Plans": [
        {
          "Node Type": "Gather",
          "Parent Relationship": "Outer",
          "Parallel Aware": false,
          "Startup Cost": 73079.75,
          "Total Cost": 73080.06,
          "Plan Rows": 3,
          "Plan Width": 8,
          "Actual Startup Time": 220.876,
          "Actual Total Time": 237.944,
          "Actual Rows": 4,
          "Actual Loops": 1,
          "Workers Planned": 3,
          "Workers Launched": 3,
          "Single Copy": false,
          "Plans": [
            {
              "Node Type": "Aggregate",
              "Strategy": "Plain",
              "Partial Mode": "Partial",
              "Parent Relationship": "Outer",
              "Parallel Aware": false,
              "Startup Cost": 72079.75,
              "Total Cost": 72079.76,
              "Plan Rows": 1,
              "Plan Width": 8,
              "Actual Startup Time": 214.32,
              "Actual Total Time": 214.323,
              "Actual Rows": 1,
              "Actual Loops": 4,
              "Plans": [
                {
                  "Node Type": "Hash Join",
                  "Parent Relationship": "Outer",
                  "Parallel Aware": true,
                  "Join Type": "Inner",
                  "Startup Cost": 51826.18,
                  "Total Cost": 72050.47,
                  "Plan Rows": 11712,
                  "Plan Width": 0,
                  "Actual Startup Time": 168.388,
                  "Actual Total Time": 211.452,
                  "Actual Rows": 57055,
                  "Actual Loops": 4,
                  "Inner Unique": true,
                  "Hash Cond": "(mc.movie_id = t.id)",
                  "Plans": [
                    {
                      "Node Type": "Bitmap Heap Scan",
                      "Parent Relationship": "Outer",
                      "Parallel Aware": true,
                      "Relation Name": "movie_companies",
                      "Alias": "mc",
                      "Startup Cost": 5863.82,
                      "Total Cost": 25970.36,
                      "Plan Rows": 44856,
                      "Plan Width": 4,
                      "Actual Startup Time": 13.442,
                      "Actual Total Time": 31.168,
                      "Actual Rows": 67166,
                      "Actual Loops": 4,
                      "Recheck Cond": "(company_id > 97932)",
                      "Rows Removed by Index Recheck": 0,
                      "Filter": "(company_type_id = 2)",
                      "Rows Removed by Filter": 0,
                      "Exact Heap Blocks": 1524,
                      "Lossy Heap Blocks": 0,
                      "Plans": [
                        {
                          "Node Type": "Bitmap Index Scan",
                          "Parent Relationship": "Outer",
                          "Parallel Aware": false,
                          "Index Name": "company_id_movie_companies",
                          "Startup Cost": 0.0,
                          "Total Cost": 5829.06,
                          "Plan Rows": 272084,
                          "Plan Width": 0,
                          "Actual Startup Time": 12.686,
                          "Actual Total Time": 12.687,
                          "Actual Rows": 268662,
                          "Actual Loops": 1,
                          "Index Cond": "(company_id > 97932)"
                        }
                      ]
                    },
                    {
                      "Node Type": "Hash",
                      "Parent Relationship": "Inner",
                      "Parallel Aware": true,
                      "Startup Cost": 43899.32,
                      "Total Cost": 43899.32,
                      "Plan Rows": 165043,
                      "Plan Width": 4,
                      "Actual Startup Time": 151.494,
                      "Actual Total Time": 151.495,
                      "Actual Rows": 165706,
                      "Actual Loops": 4,
                      "Hash Buckets": 1048576,
                      "Original Hash Buckets": 1048576,
                      "Hash Batches": 1,
                      "Original Hash Batches": 1,
                      "Peak Memory Usage": 34176,
                      "Plans": [
                        {
                          "Node Type": "Seq Scan",
                          "Parent Relationship": "Outer",
                          "Parallel Aware": true,
                          "Relation Name": "title",
                          "Alias": "t",
                          "Startup Cost": 0.0,
                          "Total Cost": 43899.32,
                          "Plan Rows": 165043,
                          "Plan Width": 4,
                          "Actual Startup Time": 39.93,
                          "Actual Total Time": 95.443,
                          "Actual Rows": 165706,
                          "Actual Loops": 4,
                          "Filter": "(kind_id = 1)",
                          "Rows Removed by Filter": 466372
                        }
                      ]
                    }
                  ]
                }
              ]
            }
          ]
        }
      ]
    },
    "Planning Time": 0.501,
    "Triggers": [],
    "Execution Time": 238.004
  }
]