[
  {
    "Plan": {
      "Node Type": "Aggregate",
      "Strategy": "Plain",
      "Partial Mode": "Finalize",
      "Parallel Aware": false,
      "Startup Cost": 152311.06,
      "Total Cost": 152311.07,
      "Plan Rows": 1,
      "Plan Width": 8,
      "Actual Startup Time": 351.65,
      "Actual Total Time": 374.71,
      "Actual Rows": 1,
      "Actual Loops": 1,
      "Plans": [
        {
          "Node Type": "Gather",
          "Parent Relationship": "Outer",
          "Parallel Aware": false,
          "Startup Cost": 152310.74,
          "Total Cost": 152311.05,
          "Plan Rows": 3,
          "Plan Width": 8,
          "Actual Startup Time": 350.378,
          "Actual Total Time": 374.701,
          "Actual Rows": 4,
          "Actual Loops": 1,
          "Workers Planned": 3,
          "Workers Launched": 3,
          "Single Copy": false,
          "Plans": [
            {
              "Node Type": "Aggregate",
              "Strategy": "Plain",
              "Partial Mode": "Partial",
              "Parent Relationship": "Outer",
              "Parallel Aware": false,
              "Startup Cost": 151310.74,
              "Total Cost": 151310.75,
              "Plan Rows": 1,
              "Plan Width": 8,
              "Actual Startup Time": 340.606,
              "Actual Total Time": 340.61,
              "Actual Rows": 1,
              "Actual Loops": 4,
              "Plans": [
                {
                  "Node Type": "Nested Loop",
                  "Parent Relationship": "Outer",
                  "Parallel Aware": false,
                  "Join Type": "Inner",
                  "Startup Cost": 91585.66,
                  "Total Cost": 151271.06,
                  "Plan Rows": 15874,
                  "Plan Width": 0,
                  "Actual Startup Time": 174.852,
                  "Actual Total Time": 339.08,
                  "Actual Rows": 20662,
                  "Actual Loops": 4,
                  "Inner Unique": true,
                  "Join Filter": "(ci.movie_id = t.id)",
                  "Rows Removed by Join Filter": 0,
                  "Plans": [
                    {
                      "Node Type": "Hash Join",
                      "Parent Relationship": "Outer",
                      "Parallel Aware": true,
                      "Join Type": "Inner",
                      "Startup Cost": 91585.23,
                      "Total Cost": 120942.45,
                      "Plan Rows": 40655,
                      "Plan Width": 8,
                      "Actual Startup Time": 174.74,
                      "Actual Total Time": 263.03,
                      "Actual Rows": 20662,
                      "Actual Loops": 4,
                      "Inner Unique": false,
                      "Hash Cond": "(mk.movie_id = ci.movie_id)",
                      "Plans": [
                        {
                          "Node Type": "Bitmap Heap Scan",
                          "Parent Relationship": "Outer",
                          "Parallel Aware": true,
                          "Relation Name": "movie_keyword",
                          "Alias": "mk",
                          "Startup Cost": 13350.17,
                          "Total Cost": 40342.02,
                          "Plan Rows": 203028,
                          "Plan Width": 4,
                          "Actual Startup Time": 37.508,
                          "Actual Total Time": 93.257,
                          "Actual Rows": 160432,
                          "Actual Loops": 4,
                          "Recheck Cond": "(keyword_id < 498)",
                          "Rows Removed by Index Recheck": 0,
                          "Exact Heap Blocks": 7553,
                          "Lossy Heap Blocks": 0,
                          "Plans": [
                            {
                              "Node Type": "Bitmap Index Scan",
                              "Parent Relationship": "Outer",
                              "Parallel Aware": false,
                              "Index Name": "keyword_id_movie_keyword",
                              "Startup Cost": 0.0,
                              "Total Cost": 13192.83,
                              "Plan Rows": 629386,
                              "Plan Width": 0,
                              "Actual Startup Time": 33.758,
                              "Actual Total Time": 33.759,
                              "Actual Rows": 641726,
                              "Actual Loops": 1,
                              "Index Cond": "(keyword_id < 498)"
                            }
                          ]
                        },
                        {
                          "Node Type": "Hash",
                          "Parent Relationship": "Inner",
                          "Parallel Aware": true,
                          "Startup Cost": 77740.85,
                          "Total Cost": 77740.85,
                          "Plan Rows": 39536,
                          "Plan Width": 4,
                          "Actual Startup Time": 134.635,
                          "Actual Total Time": 134.636,
                          "Actual Rows": 46130,
                          "Actual Loops": 4,
                          "Hash Buckets": 262144,
                          "Original Hash Buckets": 262144,
                          "Hash Batches": 1,
                          "Original Hash Batches": 1,
                          "Peak Memory Usage": 9344,
                          "Plans": [
                            {
                              "Node Type": "Index Scan",
                              "Parent Relationship": "Outer",
                              "Parallel Aware": true,
                              "Scan Direction": "Forward",
                              "Index Name": "role_id_cast_info",
                              "Relation Name": "cast_info",
                              "Alias": "ci",
                              "Startup Cost": 0.56,
                              "Total Cost": 77740.85,
                              "Plan Rows": 39536,
                              "Plan Width": 4,
                              "Actual Startup Time": 0.133,
                              "Actual Total Time": 117.067,
                              "Actual Rows": 46130,
                              "Actual Loops": 4,
                              "Index Cond": "(role_id = 4)",
                              "Rows Removed by Index Recheck": 0,
                              "Filter": "(person_id < 245546)",
                              "Rows Removed by Filter": 636106
                            }
                          ]
                        }
                      ]
                    },
                    {
                      "Node Type": "Index Only Scan",
                      "Parent Relationship": "Inner",
                      "Parallel Aware": false,
                      "Scan Direction": "Forward",
                      "Index Name": "title_pkey",
                      "Relation Name": "title",
                      "Alias": "t",
                      "Startup Cost": 0.43,
                      "Total Cost": 0.73,
                      "Plan Rows": 1,
                      "Plan Width": 4,
                      "Actual Startup Time": 0.003,
                      "Actual Total Time": 0.003,
                      "Actual Rows": 1,
                      "Actual Loops": 82647,
                      "Index Cond": "(id = mk.movie_id)",
                      "Rows Removed by Index Recheck": 0,
                      "Heap Fetches": 82647
                    }
                  ]
                }
              ]
            }
          ]
        }
      ]
    },
    "Planning Time": 1.411,
    "Triggers": [],
    "Execution Time": 374.83
  }
]