[
  {
    "Plan": {
      "Node Type": "Aggregate",
      "Strategy": "Plain",
      "Partial Mode": "Finalize",
      "Parallel Aware": false,
      "Startup Cost": 386081.95,
      "Total Cost": 386081.96,
      "Plan Rows": 1,
      "Plan Width": 8,
      "Actual Startup Time": 1447.142,
      "Actual Total Time": 1506.711,
      "Actual Rows": 1,
      "Actual Loops": 1,
      "Plans": [
        {
          "Node Type": "Gather",
          "Parent Relationship": "Outer",
          "Parallel Aware": false,
          "Startup Cost": 386081.33,
          "Total Cost": 386081.94,
          "Plan Rows": 6,
          "Plan Width": 8,
          "Actual Startup Time": 1434.185,
          "Actual Total Time": 1506.698,
          "Actual Rows": 7,
          "Actual Loops": 1,
          "Workers Planned": 6,
          "Workers Launched": 6,
          "Single Copy": false,
          "Plans": [
            {
              "Node Type": "Aggregate",
              "Strategy": "Plain",
              "Partial Mode": "Partial",
              "Parent Relationship": "Outer",
              "Parallel Aware": false,
              "Startup Cost": 385081.33,
              "Total Cost": 385081.34,
              "Plan Rows": 1,
              "Plan Width": 8,
              "Actual Startup Time": 1421.253,
              "Actual Total Time": 1421.257,
              "Actual Rows": 1,
              "Actual Loops": 7,
              "Plans": [
                {
                  "Node Type": "Hash Join",
                  "Parent Relationship": "Outer",
                  "Parallel Aware": true,
                  "Join Type": "Inner",
                  "Startup Cost": 49475.31,
                  "Total Cost": 382109.07,
                  "Plan Rows": 1188903,
                  "Plan Width": 0,
                  "Actual Startup Time": 487.86,
                  "Actual Total Time": 1368.443,
                  "Actual Rows": 1148002,
                  "Actual Loops": 7,
                  "Inner Unique": true,
                  "Hash Cond": "(ci.movie_id = t.id)",
                  "Plans": [
                    {
                      "Node Type": "Seq Scan",
                      "Parent Relationship": "Outer",
                      "Parallel Aware": true,
                      "Relation Name": "cast_info",
                      "Alias": "ci",
                      "Startup Cost": 0.0,
                      "Total Cost": 328211.39,
                      "Plan Rows": 1684707,
                      "Plan Width": 4,
                      "Actual Startup Time": 274.188,
                      "Actual Total Time": 549.912,
                      "Actual Rows": 1427241,
                      "Actual Loops": 7,
                      "Filter": "(person_id > 2715524)",
                      "Rows Removed by Filter": 3750522
                    },
                    {
                      "Node Type": "Hash",
                      "Parent Relationship": "Inner",
                      "Parallel Aware": true,
                      "Startup Cost": 43899.32,
                      "Total Cost": 43899.32,
                      "Plan Rows": 446079,
                      "Plan Width": 4,
                      "Actual Startup Time": 209.13,
                      "Actual Total Time": 209.131,
                      "Actual Rows": 253153,
                      "Actual Loops": 7,
                      "Hash Buckets": 2097152,
                      "Original Hash Buckets": 2097152,
                      "Hash Batches": 1,
                      "Original Hash Batches": 1,
                      "Peak Memory Usage": 85792,
                      "Plans": [
                        {
                          "Node Type": "Seq Scan",
                          "Parent Relationship": "Outer",
                          "Parallel Aware": true,
                          "Relation Name": "title",
                          "Alias": "t",
                          "Startup Cost": 0.0,
                          "Total Cost": 43899.32,
                          "Plan Rows": 446079,
                          "Plan Width": 4,
                          "Actual Startup Time": 0.058,
                          "Actual Total Time": 84.019,
                          "Actual Rows": 253153,
                          "Actual Loops": 7,
                          "Filter": "(production_year > 1989)",
                          "Rows Removed by Filter": 108034
                        }
                      ]
                    }
                  ]
                }
              ]
            }
          ]
        }
      ]
    },
    "Planning Time": 0.482,
    "Triggers": [],
    "Execution Time": 1506.773
  }
]