[
  {
    "Plan": {
      "Node Type": "Aggregate",
      "Strategy": "Plain",
      "Partial Mode": "Finalize",
      "Parallel Aware": false,
      "Startup Cost": 82457.26,
      "Total Cost": 82457.27,
      "Plan Rows": 1,
      "Plan Width": 8,
      "Actual Startup Time": 472.169,
      "Actual Total Time": 488.861,
      "Actual Rows": 1,
      "Actual Loops": 1,
      "Plans": [
        {
          "Node Type": "Gather",
          "Parent Relationship": "Outer",
          "Parallel Aware": false,
          "Startup Cost": 82456.95,
          "Total Cost": 82457.26,
          "Plan Rows": 3,
          "Plan Width": 8,
          "Actual Startup Time": 463.523,
          "Actual Total Time": 488.851,
          "Actual Rows": 4,
          "Actual Loops": 1,
          "Workers Planned": 3,
          "Workers Launched": 3,
          "Single Copy": false,
          "Plans": [
            {
              "Node Type": "Aggregate",
              "Strategy": "Plain",
              "Partial Mode": "Partial",
              "Parent Relationship": "Outer",
              "Parallel Aware": false,
              "Startup Cost": 81456.95,
              "Total Cost": 81456.96,
              "Plan Rows": 1,
              "Plan Width": 8,
              "Actual Startup Time": 446.745,
              "Actual Total Time": 446.749,
              "Actual Rows": 1,
              "Actual Loops": 4,
              "Plans": [
                {
                  "Node Type": "Hash Join",
                  "Parent Relationship": "Outer",
                  "Parallel Aware": true,
                  "Join Type": "Inner",
                  "Startup Cost": 55569.73,
                  "Total Cost": 81253.65,
                  "Plan Rows": 81317,
                  "Plan Width": 0,
                  "Actual Startup Time": 377.088,
                  "Actual Total Time": 443.615,
                  "Actual Rows": 60371,
                  "Actual Loops": 4,
                  "Inner Unique": true,
                  "Hash Cond": "(mk.movie_id = t.id)",
                  "Plans": [
                    {
                      "Node Type": "Bitmap Heap Scan",
                      "Parent Relationship": "Outer",
                      "Parallel Aware": true,
                      "Relation Name": "movie_keyword",
                      "Alias": "mk",
                      "Startup Cost": 5350.08,
                      "Total Cost": 30820.55,
                      "Plan Rows": 81317,
                      "Plan Width": 4,
                      "Actual Startup Time": 17.635,
                      "Actual Total Time": 60.333,
                      "Actual Rows": 60371,
                      "Actual Loops": 4,
                      "Recheck Cond": "(keyword_id > 61644)",
                      "Rows Removed by Index Recheck": 0,
                      "Exact Heap Blocks": 7191,
                      "Lossy Heap Blocks": 0,
                      "Plans": [
                        {
                          "Node Type": "Bitmap Index Scan",
                          "Parent Relationship": "Outer",
                          "Parallel Aware": false,
                          "Index Name": "keyword_id_movie_keyword",
                          "Startup Cost": 0.0,
                          "Total Cost": 5287.06,
                          "Plan Rows": 252084,
                          "Plan Width": 0,
                          "Actual Startup Time": 14.508,
                          "Actual Total Time": 14.509,
                          "Actual Rows": 241485,
                          "Actual Loops": 1,
                          "Index Cond": "(keyword_id > 61644)"
                        }
                      ]
                    },
                    {
                      "Node Type": "Hash",
                      "Parent Relationship": "Inner",
                      "Parallel Aware": true,
                      "Startup Cost": 42318.73,
                      "Total Cost": 42318.73,
                      "Plan Rows": 632073,
                      "Plan Width": 4,
                      "Actual Startup Time": 348.927,
                      "Actual Total Time": 348.928,
                      "Actual Rows": 632078,
                      "Actual Loops": 4,
                      "Hash Buckets": 4194304,
                      "Original Hash Buckets": 4194304,
                      "Hash Batches": 1,
                      "Original Hash Batches": 1,
                      "Peak Memory Usage": 131744,
                      "Plans": [
                        {
                          "Node Type": "Seq Scan",
                          "Parent Relationship": "Outer",
                          "Parallel Aware": true,
                          "Relation Name": "title",
                          "Alias": "t",
                          "Startup Cost": 0.0,
                          "Total Cost": 42318.73,
                          "Plan Rows": 632073,
                          "Plan Width": 4,
                          "Actual Startup Time": 0.037,
                          "Actual Total Time": 98.692,
                          "Actual Rows": 632078,
                          "Actual Loops": 4
                        }
                      ]
                    }
                  ]
                }
              ]
            }
          ]
        }
      ]
    },
    "Planning Time": 0.545,
    "Triggers": [],
    "Execution Time": 489.043
  }
]