[
    {
        "Bao": {
            "Bao prediction": "NaN",
            "Bao recommended hint": "(no hint)"
        }
    },
    {
        "Plan": {
            "Node Type": "Aggregate",
            "Strategy": "Plain",
            "Partial Mode": "Finalize",
            "Parallel Aware": false,
            "Startup Cost": 29980.34,
            "Total Cost": 29980.35,
            "Plan Rows": 1,
            "Plan Width": 8,
            "Actual Startup Time": 69.973,
            "Actual Total Time": 74.868,
            "Actual Rows": 1,
            "Actual Loops": 1,
            "Output": [
                "count(*)"
            ],
            "Plans": [
                {
                    "Node Type": "Gather",
                    "Parent Relationship": "Outer",
                    "Parallel Aware": false,
                    "Startup Cost": 29980.03,
                    "Total Cost": 29980.34,
                    "Plan Rows": 3,
                    "Plan Width": 8,
                    "Actual Startup Time": 69.697,
                    "Actual Total Time": 74.862,
                    "Actual Rows": 4,
                    "Actual Loops": 1,
                    "Output": [
                        "(PARTIAL count(*))"
                    ],
                    "Workers Planned": 3,
                    "Workers Launched": 3,
                    "Single Copy": false,
                    "Plans": [
                        {
                            "Node Type": "Aggregate",
                            "Strategy": "Plain",
                            "Partial Mode": "Partial",
                            "Parent Relationship": "Outer",
                            "Parallel Aware": false,
                            "Startup Cost": 28980.03,
                            "Total Cost": 28980.04,
                            "Plan Rows": 1,
                            "Plan Width": 8,
                            "Actual Startup Time": 61.127,
                            "Actual Total Time": 61.129,
                            "Actual Rows": 1,
                            "Actual Loops": 4,
                            "Output": [
                                "PARTIAL count(*)"
                            ],
                            "Workers": [
                                {
                                    "Worker Number": 0,
                                    "Actual Startup Time": 57.915,
                                    "Actual Total Time": 57.916,
                                    "Actual Rows": 1,
                                    "Actual Loops": 1
                                },
                                {
                                    "Worker Number": 1,
                                    "Actual Startup Time": 58.476,
                                    "Actual Total Time": 58.478,
                                    "Actual Rows": 1,
                                    "Actual Loops": 1
                                },
                                {
                                    "Worker Number": 2,
                                    "Actual Startup Time": 58.64,
                                    "Actual Total Time": 58.642,
                                    "Actual Rows": 1,
                                    "Actual Loops": 1
                                }
                            ],
                            "Plans": [
                                {
                                    "Node Type": "Bitmap Heap Scan",
                                    "Parent Relationship": "Outer",
                                    "Parallel Aware": true,
                                    "Relation Name": "movie_companies",
                                    "Schema": "public",
                                    "Alias": "mc",
                                    "Startup Cost": 8193.36,
                                    "Total Cost": 28823.65,
                                    "Plan Rows": 62550,
                                    "Plan Width": 0,
                                    "Actual Startup Time": 46.508,
                                    "Actual Total Time": 59.976,
                                    "Actual Rows": 21758,
                                    "Actual Loops": 4,
                                    "Recheck Cond": "(mc.company_id < 225)",
                                    "Rows Removed by Index Recheck": 0,
                                    "Filter": "(mc.company_type_id = 2)",
                                    "Rows Removed by Filter": 72397,
                                    "Exact Heap Blocks": 10484,
                                    "Lossy Heap Blocks": 0,
                                    "Workers": [
                                        {
                                            "Worker Number": 0,
                                            "Actual Startup Time": 43.294,
                                            "Actual Total Time": 56.927,
                                            "Actual Rows": 16405,
                                            "Actual Loops": 1
                                        },
                                        {
                                            "Worker Number": 1,
                                            "Actual Startup Time": 43.859,
                                            "Actual Total Time": 57.378,
                                            "Actual Rows": 17915,
                                            "Actual Loops": 1
                                        },
                                        {
                                            "Worker Number": 2,
                                            "Actual Startup Time": 44.023,
                                            "Actual Total Time": 57.599,
                                            "Actual Rows": 16887,
                                            "Actual Loops": 1
                                        }
                                    ],
                                    "Plans": [
                                        {
                                            "Node Type": "Bitmap Index Scan",
                                            "Parent Relationship": "Outer",
                                            "Parallel Aware": false,
                                            "Index Name": "company_id_movie_companies",
                                            "Startup Cost": 0.0,
                                            "Total Cost": 8144.88,
                                            "Plan Rows": 380327,
                                            "Plan Width": 0,
                                            "Actual Startup Time": 17.365,
                                            "Actual Total Time": 17.365,
                                            "Actual Rows": 376622,
                                            "Actual Loops": 1,
                                            "Index Cond": "(mc.company_id < 225)"
                                        }
                                    ]
                                }
                            ]
                        }
                    ]
                }
            ]
        },
        "Planning Time": 189.162,
        "Triggers": [],
        "Execution Time": 74.915
    }
]