[
  {
    "Plan": {
      "Node Type": "Aggregate",
      "Strategy": "Plain",
      "Partial Mode": "Finalize",
      "Parallel Aware": false,
      "Startup Cost": 212825.65,
      "Total Cost": 212825.66,
      "Plan Rows": 1,
      "Plan Width": 8,
      "Actual Startup Time": 301.553,
      "Actual Total Time": 315.878,
      "Actual Rows": 1,
      "Actual Loops": 1,
      "Plans": [
        {
          "Node Type": "Gather",
          "Parent Relationship": "Outer",
          "Parallel Aware": false,
          "Startup Cost": 212825.02,
          "Total Cost": 212825.63,
          "Plan Rows": 6,
          "Plan Width": 8,
          "Actual Startup Time": 301.404,
          "Actual Total Time": 315.87,
          "Actual Rows": 7,
          "Actual Loops": 1,
          "Workers Planned": 6,
          "Workers Launched": 6,
          "Single Copy": false,
          "Plans": [
            {
              "Node Type": "Aggregate",
              "Strategy": "Plain",
              "Partial Mode": "Partial",
              "Parent Relationship": "Outer",
              "Parallel Aware": false,
              "Startup Cost": 211825.02,
              "Total Cost": 211825.03,
              "Plan Rows": 1,
              "Plan Width": 8,
              "Actual Startup Time": 290.896,
              "Actual Total Time": 290.897,
              "Actual Rows": 1,
              "Actual Loops": 7,
              "Plans": [
                {
                  "Node Type": "Index Scan",
                  "Parent Relationship": "Outer",
                  "Parallel Aware": true,
                  "Scan Direction": "Forward",
                  "Index Name": "role_id_cast_info",
                  "Relation Name": "cast_info",
                  "Alias": "ci",
                  "Startup Cost": 0.56,
                  "Total Cost": 209040.78,
                  "Plan Rows": 1113695,
                  "Plan Width": 0,
                  "Actual Startup Time": 0.163,
                  "Actual Total Time": 241.96,
                  "Actual Rows": 1023041,
                  "Actual Loops": 7,
                  "Index Cond": "(role_id > 6)",
                  "Rows Removed by Index Recheck": 0,
                  "Filter": "(person_id > 509868)",
                  "Rows Removed by Filter": 78765
                }
              ]
            }
          ]
        }
      ]
    },
    "Planning Time": 0.256,
    "Triggers": [],
    "Execution Time": 315.951
  }
]