{
    "Plan": {
        "Node Type": "Aggregate",
        "Strategy": "Plain",
        "Partial Mode": "Finalize",
        "Parallel Aware": false,
        "Startup Cost": 489176.45,
        "Total Cost": 489176.46,
        "Plan Rows": 1,
        "Plan Width": 8,
        "Actual Startup Time": 1394.283,
        "Actual Total Time": 1493.004,
        "Actual Rows": 1,
        "Actual Loops": 1,
        "Output": [
            "count(*)"
        ],
        "Plans": [
            {
                "Node Type": "Gather",
                "Parent Relationship": "Outer",
                "Parallel Aware": false,
                "Startup Cost": 489175.92,
                "Total Cost": 489176.43,
                "Plan Rows": 5,
                "Plan Width": 8,
                "Actual Startup Time": 1379.54,
                "Actual Total Time": 1492.991,
                "Actual Rows": 6,
                "Actual Loops": 1,
                "Output": [
                    "(PARTIAL count(*))"
                ],
                "Workers Planned": 5,
                "Workers Launched": 5,
                "Single Copy": false,
                "Plans": [
                    {
                        "Node Type": "Aggregate",
                        "Strategy": "Plain",
                        "Partial Mode": "Partial",
                        "Parent Relationship": "Outer",
                        "Parallel Aware": false,
                        "Startup Cost": 488175.92,
                        "Total Cost": 488175.93,
                        "Plan Rows": 1,
                        "Plan Width": 8,
                        "Actual Startup Time": 1363.983,
                        "Actual Total Time": 1363.987,
                        "Actual Rows": 1,
                        "Actual Loops": 6,
                        "Output": [
                            "PARTIAL count(*)"
                        ],
                        "Workers": [
                            {
                                "Worker Number": 0,
                                "Actual Startup Time": 1362.379,
                                "Actual Total Time": 1362.384,
                                "Actual Rows": 1,
                                "Actual Loops": 1
                            },
                            {
                                "Worker Number": 1,
                                "Actual Startup Time": 1360.679,
                                "Actual Total Time": 1360.683,
                                "Actual Rows": 1,
                                "Actual Loops": 1
                            },
                            {
                                "Worker Number": 2,
                                "Actual Startup Time": 1360.707,
                                "Actual Total Time": 1360.711,
                                "Actual Rows": 1,
                                "Actual Loops": 1
                            },
                            {
                                "Worker Number": 3,
                                "Actual Startup Time": 1360.68,
                                "Actual Total Time": 1360.684,
                                "Actual Rows": 1,
                                "Actual Loops": 1
                            },
                            {
                                "Worker Number": 4,
                                "Actual Startup Time": 1360.821,
                                "Actual Total Time": 1360.826,
                                "Actual Rows": 1,
                                "Actual Loops": 1
                            }
                        ],
                        "Plans": [
                            {
                                "Node Type": "Nested Loop",
                                "Parent Relationship": "Outer",
                                "Parallel Aware": false,
                                "Join Type": "Inner",
                                "Startup Cost": 48689.68,
                                "Total Cost": 484920.08,
                                "Plan Rows": 1302336,
                                "Plan Width": 0,
                                "Actual Startup Time": 241.135,
                                "Actual Total Time": 1329.426,
                                "Actual Rows": 646749,
                                "Actual Loops": 6,
                                "Inner Unique": false,
                                "Workers": [
                                    {
                                        "Worker Number": 0,
                                        "Actual Startup Time": 239.224,
                                        "Actual Total Time": 1328.307,
                                        "Actual Rows": 427054,
                                        "Actual Loops": 1
                                    },
                                    {
                                        "Worker Number": 1,
                                        "Actual Startup Time": 237.909,
                                        "Actual Total Time": 1327.368,
                                        "Actual Rows": 694380,
                                        "Actual Loops": 1
                                    },
                                    {
                                        "Worker Number": 2,
                                        "Actual Startup Time": 237.939,
                                        "Actual Total Time": 1323.419,
                                        "Actual Rows": 478662,
                                        "Actual Loops": 1
                                    },
                                    {
                                        "Worker Number": 3,
                                        "Actual Startup Time": 237.906,
                                        "Actual Total Time": 1327.19,
                                        "Actual Rows": 701322,
                                        "Actual Loops": 1
                                    },
                                    {
                                        "Worker Number": 4,
                                        "Actual Startup Time": 238.061,
                                        "Actual Total Time": 1331.605,
                                        "Actual Rows": 606562,
                                        "Actual Loops": 1
                                    }
                                ],
                                "Plans": [
                                    {
                                        "Node Type": "Hash Join",
                                        "Parent Relationship": "Outer",
                                        "Parallel Aware": true,
                                        "Join Type": "Inner",
                                        "Startup Cost": 48689.12,
                                        "Total Cost": 247963.12,
                                        "Plan Rows": 90827,
                                        "Plan Width": 8,
                                        "Actual Startup Time": 240.855,
                                        "Actual Total Time": 573.383,
                                        "Actual Rows": 28173,
                                        "Actual Loops": 6,
                                        "Output": [
                                            "t.id",
                                            "mi.movie_id"
                                        ],
                                        "Inner Unique": true,
                                        "Hash Cond": "(mi.movie_id = t.id)",
                                        "Workers": [
                                            {
                                                "Worker Number": 0,
                                                "Actual Startup Time": 237.975,
                                                "Actual Total Time": 569.107,
                                                "Actual Rows": 18321,
                                                "Actual Loops": 1
                                            },
                                            {
                                                "Worker Number": 1,
                                                "Actual Startup Time": 237.803,
                                                "Actual Total Time": 569.242,
                                                "Actual Rows": 29101,
                                                "Actual Loops": 1
                                            },
                                            {
                                                "Worker Number": 2,
                                                "Actual Startup Time": 237.841,
                                                "Actual Total Time": 566.477,
                                                "Actual Rows": 19765,
                                                "Actual Loops": 1
                                            },
                                            {
                                                "Worker Number": 3,
                                                "Actual Startup Time": 237.806,
                                                "Actual Total Time": 567.679,
                                                "Actual Rows": 30312,
                                                "Actual Loops": 1
                                            },
                                            {
                                                "Worker Number": 4,
                                                "Actual Startup Time": 237.967,
                                                "Actual Total Time": 571.288,
                                                "Actual Rows": 27541,
                                                "Actual Loops": 1
                                            }
                                        ],
                                        "Plans": [
                                            {
                                                "Node Type": "Seq Scan",
                                                "Parent Relationship": "Outer",
                                                "Parallel Aware": true,
                                                "Relation Name": "movie_info",
                                                "Schema": "public",
                                                "Alias": "mi",
                                                "Startup Cost": 0.0,
                                                "Total Cost": 198880.74,
                                                "Plan Rows": 149813,
                                                "Plan Width": 4,
                                                "Actual Startup Time": 28.83,
                                                "Actual Total Time": 298.4,
                                                "Actual Rows": 133690,
                                                "Actual Loops": 6,
                                                "Output": [
                                                    "mi.id",
                                                    "mi.movie_id",
                                                    "mi.info_type_id",
                                                    "mi.info",
                                                    "mi.note"
                                                ],
                                                "Filter": "(mi.info_type_id = 1)",
                                                "Rows Removed by Filter": 2338930,
                                                "Workers": [
                                                    {
                                                        "Worker Number": 0,
                                                        "Actual Startup Time": 28.855,
                                                        "Actual Total Time": 299.71,
                                                        "Actual Rows": 97535,
                                                        "Actual Loops": 1
                                                    },
                                                    {
                                                        "Worker Number": 1,
                                                        "Actual Startup Time": 28.828,
                                                        "Actual Total Time": 298.222,
                                                        "Actual Rows": 147318,
                                                        "Actual Loops": 1
                                                    },
                                                    {
                                                        "Worker Number": 2,
                                                        "Actual Startup Time": 28.77,
                                                        "Actual Total Time": 300.546,
                                                        "Actual Rows": 107989,
                                                        "Actual Loops": 1
                                                    },
                                                    {
                                                        "Worker Number": 3,
                                                        "Actual Startup Time": 28.837,
                                                        "Actual Total Time": 297.896,
                                                        "Actual Rows": 145423,
                                                        "Actual Loops": 1
                                                    },
                                                    {
                                                        "Worker Number": 4,
                                                        "Actual Startup Time": 28.849,
                                                        "Actual Total Time": 297.233,
                                                        "Actual Rows": 132101,
                                                        "Actual Loops": 1
                                                    }
                                                ]
                                            },
                                            {
                                                "Node Type": "Hash",
                                                "Parent Relationship": "Inner",
                                                "Parallel Aware": true,
                                                "Startup Cost": 43899.01,
                                                "Total Cost": 43899.01,
                                                "Plan Rows": 383209,
                                                "Plan Width": 4,
                                                "Actual Startup Time": 206.51,
                                                "Actual Total Time": 206.511,
                                                "Actual Rows": 257211,
                                                "Actual Loops": 6,
                                                "Output": [
                                                    "t.id"
                                                ],
                                                "Hash Buckets": 2097152,
                                                "Original Hash Buckets": 2097152,
                                                "Hash Batches": 1,
                                                "Original Hash Batches": 1,
                                                "Peak Memory Usage": 76864,
                                                "Workers": [
                                                    {
                                                        "Worker Number": 0,
                                                        "Actual Startup Time": 208.748,
                                                        "Actual Total Time": 208.749,
                                                        "Actual Rows": 190703,
                                                        "Actual Loops": 1
                                                    },
                                                    {
                                                        "Worker Number": 1,
                                                        "Actual Startup Time": 208.528,
                                                        "Actual Total Time": 208.529,
                                                        "Actual Rows": 264467,
                                                        "Actual Loops": 1
                                                    },
                                                    {
                                                        "Worker Number": 2,
                                                        "Actual Startup Time": 208.377,
                                                        "Actual Total Time": 208.378,
                                                        "Actual Rows": 204333,
                                                        "Actual Loops": 1
                                                    },
                                                    {
                                                        "Worker Number": 3,
                                                        "Actual Startup Time": 208.526,
                                                        "Actual Total Time": 208.527,
                                                        "Actual Rows": 263228,
                                                        "Actual Loops": 1
                                                    },
                                                    {
                                                        "Worker Number": 4,
                                                        "Actual Startup Time": 208.652,
                                                        "Actual Total Time": 208.654,
                                                        "Actual Rows": 244069,
                                                        "Actual Loops": 1
                                                    }
                                                ],
                                                "Plans": [
                                                    {
                                                        "Node Type": "Seq Scan",
                                                        "Parent Relationship": "Outer",
                                                        "Parallel Aware": true,
                                                        "Relation Name": "title",
                                                        "Schema": "public",
                                                        "Alias": "t",
                                                        "Startup Cost": 0.0,
                                                        "Total Cost": 43899.01,
                                                        "Plan Rows": 383209,
                                                        "Plan Width": 4,
                                                        "Actual Startup Time": 0.063,
                                                        "Actual Total Time": 82.938,
                                                        "Actual Rows": 257211,
                                                        "Actual Loops": 6,
                                                        "Output": [
                                                            "t.id"
                                                        ],
                                                        "Filter": "(t.kind_id = 7)",
                                                        "Rows Removed by Filter": 164175,
                                                        "Workers": [
                                                            {
                                                                "Worker Number": 0,
                                                                "Actual Startup Time": 0.073,
                                                                "Actual Total Time": 85.622,
                                                                "Actual Rows": 190703,
                                                                "Actual Loops": 1
                                                            },
                                                            {
                                                                "Worker Number": 1,
                                                                "Actual Startup Time": 0.064,
                                                                "Actual Total Time": 84.917,
                                                                "Actual Rows": 264467,
                                                                "Actual Loops": 1
                                                            },
                                                            {
                                                                "Worker Number": 2,
                                                                "Actual Startup Time": 0.072,
                                                                "Actual Total Time": 87.098,
                                                                "Actual Rows": 204333,
                                                                "Actual Loops": 1
                                                            },
                                                            {
                                                                "Worker Number": 3,
                                                                "Actual Startup Time": 0.063,
                                                                "Actual Total Time": 84.784,
                                                                "Actual Rows": 263228,
                                                                "Actual Loops": 1
                                                            },
                                                            {
                                                                "Worker Number": 4,
                                                                "Actual Startup Time": 0.089,
                                                                "Actual Total Time": 82.702,
                                                                "Actual Rows": 244069,
                                                                "Actual Loops": 1
                                                            }
                                                        ]
                                                    }
                                                ]
                                            }
                                        ]
                                    },
                                    {
                                        "Node Type": "Index Only Scan",
                                        "Parent Relationship": "Inner",
                                        "Parallel Aware": false,
                                        "Scan Direction": "Forward",
                                        "Index Name": "movie_id_cast_info",
                                        "Relation Name": "cast_info",
                                        "Schema": "public",
                                        "Alias": "ci",
                                        "Startup Cost": 0.56,
                                        "Total Cost": 2.23,
                                        "Plan Rows": 38,
                                        "Plan Width": 4,
                                        "Actual Startup Time": 0.004,
                                        "Actual Total Time": 0.025,
                                        "Actual Rows": 23,
                                        "Actual Loops": 169038,
                                        "Output": [
                                            "ci.movie_id"
                                        ],
                                        "Index Cond": "(ci.movie_id = t.id)",
                                        "Rows Removed by Index Recheck": 0,
                                        "Heap Fetches": 3880496,
                                        "Workers": [
                                            {
                                                "Worker Number": 0,
                                                "Actual Startup Time": 0.007,
                                                "Actual Total Time": 0.038,
                                                "Actual Rows": 23,
                                                "Actual Loops": 18321
                                            },
                                            {
                                                "Worker Number": 1,
                                                "Actual Startup Time": 0.004,
                                                "Actual Total Time": 0.024,
                                                "Actual Rows": 24,
                                                "Actual Loops": 29101
                                            },
                                            {
                                                "Worker Number": 2,
                                                "Actual Startup Time": 0.006,
                                                "Actual Total Time": 0.035,
                                                "Actual Rows": 24,
                                                "Actual Loops": 19765
                                            },
                                            {
                                                "Worker Number": 3,
                                                "Actual Startup Time": 0.004,
                                                "Actual Total Time": 0.023,
                                                "Actual Rows": 23,
                                                "Actual Loops": 30312
                                            },
                                            {
                                                "Worker Number": 4,
                                                "Actual Startup Time": 0.005,
                                                "Actual Total Time": 0.026,
                                                "Actual Rows": 22,
                                                "Actual Loops": 27541
                                            }
                                        ]
                                    }
                                ]
                            }
                        ]
                    }
                ]
            }
        ]
    },
    "Planning Time": 1.49,
    "Triggers": [],
    "Execution Time": 1493.113
}