[
  {
    "Plan": {
      "Node Type": "Aggregate",
      "Strategy": "Plain",
      "Partial Mode": "Finalize",
      "Parallel Aware": false,
      "Startup Cost": 46488.48,
      "Total Cost": 46488.49,
      "Plan Rows": 1,
      "Plan Width": 8,
      "Actual Startup Time": 99.125,
      "Actual Total Time": 110.841,
      "Actual Rows": 1,
      "Actual Loops": 1,
      "Plans": [
        {
          "Node Type": "Gather",
          "Parent Relationship": "Outer",
          "Parallel Aware": false,
          "Startup Cost": 46488.06,
          "Total Cost": 46488.47,
          "Plan Rows": 4,
          "Plan Width": 8,
          "Actual Startup Time": 98.99,
          "Actual Total Time": 110.823,
          "Actual Rows": 5,
          "Actual Loops": 1,
          "Workers Planned": 4,
          "Workers Launched": 4,
          "Single Copy": false,
          "Plans": [
            {
              "Node Type": "Aggregate",
              "Strategy": "Plain",
              "Partial Mode": "Partial",
              "Parent Relationship": "Outer",
              "Parallel Aware": false,
              "Startup Cost": 45488.06,
              "Total Cost": 45488.07,
              "Plan Rows": 1,
              "Plan Width": 8,
              "Actual Startup Time": 92.638,
              "Actual Total Time": 92.64,
              "Actual Rows": 1,
              "Actual Loops": 5,
              "Plans": [
                {
                  "Node Type": "Seq Scan",
                  "Parent Relationship": "Outer",
                  "Parallel Aware": true,
                  "Relation Name": "title",
                  "Alias": "t",
                  "Startup Cost": 0.0,
                  "Total Cost": 45479.1,
                  "Plan Rows": 3586,
                  "Plan Width": 0,
                  "Actual Startup Time": 0.283,
                  "Actual Total Time": 92.336,
                  "Actual Rows": 2442,
                  "Actual Loops": 5,
                  "Filter": "((kind_id < 7) AND (production_year = 1996))",
                  "Rows Removed by Filter": 503221
                }
              ]
            }
          ]
        }
      ]
    },
    "Planning Time": 0.123,
    "Triggers": [],
    "Execution Time": 110.884
  }
]