[
  {
    "Plan": {
      "Node Type": "Aggregate",
      "Strategy": "Plain",
      "Partial Mode": "Finalize",
      "Parallel Aware": false,
      "Startup Cost": 354849.75,
      "Total Cost": 354849.76,
      "Plan Rows": 1,
      "Plan Width": 8,
      "Actual Startup Time": 961.968,
      "Actual Total Time": 1030.462,
      "Actual Rows": 1,
      "Actual Loops": 1,
      "Plans": [
        {
          "Node Type": "Gather",
          "Parent Relationship": "Outer",
          "Parallel Aware": false,
          "Startup Cost": 354849.12,
          "Total Cost": 354849.73,
          "Plan Rows": 6,
          "Plan Width": 8,
          "Actual Startup Time": 961.671,
          "Actual Total Time": 1030.441,
          "Actual Rows": 7,
          "Actual Loops": 1,
          "Workers Planned": 6,
          "Workers Launched": 6,
          "Single Copy": false,
          "Plans": [
            {
              "Node Type": "Aggregate",
              "Strategy": "Plain",
              "Partial Mode": "Partial",
              "Parent Relationship": "Outer",
              "Parallel Aware": false,
              "Startup Cost": 353849.12,
              "Total Cost": 353849.14,
              "Plan Rows": 1,
              "Plan Width": 8,
              "Actual Startup Time": 950.96,
              "Actual Total Time": 950.962,
              "Actual Rows": 1,
              "Actual Loops": 7,
              "Plans": [
                {
                  "Node Type": "Seq Scan",
                  "Parent Relationship": "Outer",
                  "Parallel Aware": true,
                  "Relation Name": "cast_info",
                  "Alias": "ci",
                  "Startup Cost": 0.0,
                  "Total Cost": 343316.27,
                  "Plan Rows": 4213142,
                  "Plan Width": 0,
                  "Actual Startup Time": 0.085,
                  "Actual Total Time": 767.719,
                  "Actual Rows": 3926769,
                  "Actual Loops": 7,
                  "Filter": "((person_id < 2950787) AND (role_id < 10))",
                  "Rows Removed by Filter": 1250994
                }
              ]
            }
          ]
        }
      ]
    },
    "Planning Time": 0.301,
    "Triggers": [],
    "Execution Time": 1030.538
  }
]