[
  {
    "Plan": {
      "Node Type": "Aggregate",
      "Strategy": "Plain",
      "Partial Mode": "Finalize",
      "Parallel Aware": false,
      "Startup Cost": 79879.19,
      "Total Cost": 79879.2,
      "Plan Rows": 1,
      "Plan Width": 8,
      "Actual Startup Time": 223.483,
      "Actual Total Time": 239.443,
      "Actual Rows": 1,
      "Actual Loops": 1,
      "Plans": [
        {
          "Node Type": "Gather",
          "Parent Relationship": "Outer",
          "Parallel Aware": false,
          "Startup Cost": 79878.87,
          "Total Cost": 79879.18,
          "Plan Rows": 3,
          "Plan Width": 8,
          "Actual Startup Time": 222.229,
          "Actual Total Time": 239.434,
          "Actual Rows": 4,
          "Actual Loops": 1,
          "Workers Planned": 3,
          "Workers Launched": 3,
          "Single Copy": false,
          "Plans": [
            {
              "Node Type": "Aggregate",
              "Strategy": "Plain",
              "Partial Mode": "Partial",
              "Parent Relationship": "Outer",
              "Parallel Aware": false,
              "Startup Cost": 78878.87,
              "Total Cost": 78878.88,
              "Plan Rows": 1,
              "Plan Width": 8,
              "Actual Startup Time": 213.498,
              "Actual Total Time": 213.501,
              "Actual Rows": 1,
              "Actual Loops": 4,
              "Plans": [
                {
                  "Node Type": "Hash Join",
                  "Parent Relationship": "Outer",
                  "Parallel Aware": true,
                  "Join Type": "Inner",
                  "Startup Cost": 46382.17,
                  "Total Cost": 78772.66,
                  "Plan Rows": 42484,
                  "Plan Width": 0,
                  "Actual Startup Time": 144.165,
                  "Actual Total Time": 212.457,
                  "Actual Rows": 25842,
                  "Actual Loops": 4,
                  "Inner Unique": true,
                  "Hash Cond": "(mc.movie_id = t.id)",
                  "Plans": [
                    {
                      "Node Type": "Seq Scan",
                      "Parent Relationship": "Outer",
                      "Parallel Aware": true,
                      "Relation Name": "movie_companies",
                      "Alias": "mc",
                      "Startup Cost": 0.0,
                      "Total Cost": 31414.82,
                      "Plan Rows": 371685,
                      "Plan Width": 4,
                      "Actual Startup Time": 29.659,
                      "Actual Total Time": 64.521,
                      "Actual Rows": 248384,
                      "Actual Loops": 4,
                      "Filter": "((company_id < 89187) AND (company_type_id = 2))",
                      "Rows Removed by Filter": 403898
                    },
                    {
                      "Node Type": "Hash",
                      "Parent Relationship": "Inner",
                      "Parallel Aware": true,
                      "Startup Cost": 45479.1,
                      "Total Cost": 45479.1,
                      "Plan Rows": 72246,
                      "Plan Width": 4,
                      "Actual Startup Time": 110.908,
                      "Actual Total Time": 110.909,
                      "Actual Rows": 46471,
                      "Actual Loops": 4,
                      "Hash Buckets": 524288,
                      "Original Hash Buckets": 524288,
                      "Hash Batches": 1,
                      "Original Hash Batches": 1,
                      "Peak Memory Usage": 11424,
                      "Plans": [
                        {
                          "Node Type": "Seq Scan",
                          "Parent Relationship": "Outer",
                          "Parallel Aware": true,
                          "Relation Name": "title",
                          "Alias": "t",
                          "Startup Cost": 0.0,
                          "Total Cost": 45479.1,
                          "Plan Rows": 72246,
                          "Plan Width": 4,
                          "Actual Startup Time": 0.036,
                          "Actual Total Time": 93.614,
                          "Actual Rows": 46471,
                          "Actual Loops": 4,
                          "Filter": "((kind_id > 4) AND (production_year < 1978))",
                          "Rows Removed by Filter": 585607
                        }
                      ]
                    }
                  ]
                }
              ]
            }
          ]
        }
      ]
    },
    "Planning Time": 0.633,
    "Triggers": [],
    "Execution Time": 239.51
  }
]