[
  {
    "Plan": {
      "Node Type": "Aggregate",
      "Strategy": "Plain",
      "Partial Mode": "Finalize",
      "Parallel Aware": false,
      "Startup Cost": 235988.91,
      "Total Cost": 235988.92,
      "Plan Rows": 1,
      "Plan Width": 8,
      "Actual Startup Time": 1449.6,
      "Actual Total Time": 1494.614,
      "Actual Rows": 1,
      "Actual Loops": 1,
      "Plans": [
        {
          "Node Type": "Gather",
          "Parent Relationship": "Outer",
          "Parallel Aware": false,
          "Startup Cost": 235988.6,
          "Total Cost": 235988.91,
          "Plan Rows": 3,
          "Plan Width": 8,
          "Actual Startup Time": 1447.78,
          "Actual Total Time": 1494.605,
          "Actual Rows": 4,
          "Actual Loops": 1,
          "Workers Planned": 3,
          "Workers Launched": 3,
          "Single Copy": false,
          "Plans": [
            {
              "Node Type": "Aggregate",
              "Strategy": "Plain",
              "Partial Mode": "Partial",
              "Parent Relationship": "Outer",
              "Parallel Aware": false,
              "Startup Cost": 234988.6,
              "Total Cost": 234988.61,
              "Plan Rows": 1,
              "Plan Width": 8,
              "Actual Startup Time": 1442.365,
              "Actual Total Time": 1442.369,
              "Actual Rows": 1,
              "Actual Loops": 4,
              "Plans": [
                {
                  "Node Type": "Nested Loop",
                  "Parent Relationship": "Outer",
                  "Parallel Aware": false,
                  "Join Type": "Inner",
                  "Startup Cost": 46745.88,
                  "Total Cost": 234018.07,
                  "Plan Rows": 388211,
                  "Plan Width": 0,
                  "Actual Startup Time": 205.241,
                  "Actual Total Time": 1353.699,
                  "Actual Rows": 2132064,
                  "Actual Loops": 4,
                  "Inner Unique": false,
                  "Join Filter": "(t.id = mi.movie_id)",
                  "Rows Removed by Join Filter": 0,
                  "Plans": [
                    {
                      "Node Type": "Hash Join",
                      "Parent Relationship": "Outer",
                      "Parallel Aware": true,
                      "Join Type": "Inner",
                      "Startup Cost": 46745.45,
                      "Total Cost": 79243.56,
                      "Plan Rows": 66116,
                      "Plan Width": 8,
                      "Actual Startup Time": 205.107,
                      "Actual Total Time": 305.988,
                      "Actual Rows": 101013,
                      "Actual Loops": 4,
                      "Inner Unique": true,
                      "Hash Cond": "(mc.movie_id = t.id)",
                      "Plans": [
                        {
                          "Node Type": "Seq Scan",
                          "Parent Relationship": "Outer",
                          "Parallel Aware": true,
                          "Relation Name": "movie_companies",
                          "Alias": "mc",
                          "Startup Cost": 0.0,
                          "Total Cost": 31414.82,
                          "Plan Rows": 412683,
                          "Plan Width": 4,
                          "Actual Startup Time": 32.557,
                          "Actual Total Time": 75.258,
                          "Actual Rows": 307536,
                          "Actual Loops": 4,
                          "Filter": "((company_id < 154783) AND (company_type_id = 2))",
                          "Rows Removed by Filter": 344746
                        },
                        {
                          "Node Type": "Hash",
                          "Parent Relationship": "Inner",
                          "Parallel Aware": true,
                          "Startup Cost": 45479.59,
                          "Total Cost": 45479.59,
                          "Plan Rows": 101269,
                          "Plan Width": 4,
                          "Actual Startup Time": 131.125,
                          "Actual Total Time": 131.126,
                          "Actual Rows": 114036,
                          "Actual Loops": 4,
                          "Hash Buckets": 524288,
                          "Original Hash Buckets": 524288,
                          "Hash Batches": 1,
                          "Original Hash Batches": 1,
                          "Peak Memory Usage": 22016,
                          "Plans": [
                            {
                              "Node Type": "Seq Scan",
                              "Parent Relationship": "Outer",
                              "Parallel Aware": true,
                              "Relation Name": "title",
                              "Alias": "t",
                              "Startup Cost": 0.0,
                              "Total Cost": 45479.59,
                              "Plan Rows": 101269,
                              "Plan Width": 4,
                              "Actual Startup Time": 52.307,
                              "Actual Total Time": 95.166,
                              "Actual Rows": 114036,
                              "Actual Loops": 4,
                              "Filter": "((production_year < 2007) AND (kind_id = 1))",
                              "Rows Removed by Filter": 518042
                            }
                          ]
                        }
                      ]
                    },
                    {
                      "Node Type": "Index Only Scan",
                      "Parent Relationship": "Inner",
                      "Parallel Aware": false,
                      "Scan Direction": "Forward",
                      "Index Name": "movie_id_movie_info",
                      "Relation Name": "movie_info",
                      "Alias": "mi",
                      "Startup Cost": 0.43,
                      "Total Cost": 1.83,
                      "Plan Rows": 41,
                      "Plan Width": 4,
                      "Actual Startup Time": 0.003,
                      "Actual Total Time": 0.008,
                      "Actual Rows": 21,
                      "Actual Loops": 404051,
                      "Index Cond": "(movie_id = mc.movie_id)",
                      "Rows Removed by Index Recheck": 0,
                      "Heap Fetches": 8528258
                    }
                  ]
                }
              ]
            }
          ]
        }
      ]
    },
    "Planning Time": 0.576,
    "Triggers": [],
    "Execution Time": 1494.669
  }
]