[
  {
    "Plan": {
      "Node Type": "Aggregate",
      "Strategy": "Plain",
      "Partial Mode": "Finalize",
      "Parallel Aware": false,
      "Startup Cost": 40471.64,
      "Total Cost": 40471.65,
      "Plan Rows": 1,
      "Plan Width": 8,
      "Actual Startup Time": 139.785,
      "Actual Total Time": 150.395,
      "Actual Rows": 1,
      "Actual Loops": 1,
      "Plans": [
        {
          "Node Type": "Gather",
          "Parent Relationship": "Outer",
          "Parallel Aware": false,
          "Startup Cost": 40471.32,
          "Total Cost": 40471.63,
          "Plan Rows": 3,
          "Plan Width": 8,
          "Actual Startup Time": 139.355,
          "Actual Total Time": 150.386,
          "Actual Rows": 4,
          "Actual Loops": 1,
          "Workers Planned": 3,
          "Workers Launched": 3,
          "Single Copy": false,
          "Plans": [
            {
              "Node Type": "Aggregate",
              "Strategy": "Plain",
              "Partial Mode": "Partial",
              "Parent Relationship": "Outer",
              "Parallel Aware": false,
              "Startup Cost": 39471.32,
              "Total Cost": 39471.33,
              "Plan Rows": 1,
              "Plan Width": 8,
              "Actual Startup Time": 131.51,
              "Actual Total Time": 131.512,
              "Actual Rows": 1,
              "Actual Loops": 4,
              "Plans": [
                {
                  "Node Type": "Bitmap Heap Scan",
                  "Parent Relationship": "Outer",
                  "Parallel Aware": true,
                  "Relation Name": "movie_keyword",
                  "Alias": "mk",
                  "Startup Cost": 12228.0,
                  "Total Cost": 39006.43,
                  "Plan Rows": 185955,
                  "Plan Width": 0,
                  "Actual Startup Time": 42.921,
                  "Actual Total Time": 123.051,
                  "Actual Rows": 143900,
                  "Actual Loops": 4,
                  "Recheck Cond": "(keyword_id > 31866)",
                  "Rows Removed by Index Recheck": 0,
                  "Exact Heap Blocks": 11033,
                  "Lossy Heap Blocks": 0,
                  "Plans": [
                    {
                      "Node Type": "Bitmap Index Scan",
                      "Parent Relationship": "Outer",
                      "Parallel Aware": false,
                      "Index Name": "keyword_id_movie_keyword",
                      "Startup Cost": 0.0,
                      "Total Cost": 12083.88,
                      "Plan Rows": 576460,
                      "Plan Width": 0,
                      "Actual Startup Time": 46.659,
                      "Actual Total Time": 46.66,
                      "Actual Rows": 575599,
                      "Actual Loops": 1,
                      "Index Cond": "(keyword_id > 31866)"
                    }
                  ]
                }
              ]
            }
          ]
        }
      ]
    },
    "Planning Time": 0.156,
    "Triggers": [],
    "Execution Time": 150.458
  }
]