[
  {
    "Plan": {
      "Node Type": "Aggregate",
      "Strategy": "Plain",
      "Partial Mode": "Finalize",
      "Parallel Aware": false,
      "Startup Cost": 80358.76,
      "Total Cost": 80358.77,
      "Plan Rows": 1,
      "Plan Width": 8,
      "Actual Startup Time": 386.565,
      "Actual Total Time": 400.393,
      "Actual Rows": 1,
      "Actual Loops": 1,
      "Plans": [
        {
          "Node Type": "Gather",
          "Parent Relationship": "Outer",
          "Parallel Aware": false,
          "Startup Cost": 80358.45,
          "Total Cost": 80358.76,
          "Plan Rows": 3,
          "Plan Width": 8,
          "Actual Startup Time": 380.889,
          "Actual Total Time": 400.383,
          "Actual Rows": 4,
          "Actual Loops": 1,
          "Workers Planned": 3,
          "Workers Launched": 3,
          "Single Copy": false,
          "Plans": [
            {
              "Node Type": "Aggregate",
              "Strategy": "Plain",
              "Partial Mode": "Partial",
              "Parent Relationship": "Outer",
              "Parallel Aware": false,
              "Startup Cost": 79358.45,
              "Total Cost": 79358.46,
              "Plan Rows": 1,
              "Plan Width": 8,
              "Actual Startup Time": 372.234,
              "Actual Total Time": 372.458,
              "Actual Rows": 1,
              "Actual Loops": 4,
              "Plans": [
                {
                  "Node Type": "Hash Join",
                  "Parent Relationship": "Outer",
                  "Parallel Aware": true,
                  "Join Type": "Inner",
                  "Startup Cost": 48556.71,
                  "Total Cost": 78954.98,
                  "Plan Rows": 161388,
                  "Plan Width": 0,
                  "Actual Startup Time": 238.477,
                  "Actual Total Time": 369.307,
                  "Actual Rows": 78614,
                  "Actual Loops": 4,
                  "Inner Unique": true,
                  "Hash Cond": "(mc.movie_id = t.id)",
                  "Plans": [
                    {
                      "Node Type": "Seq Scan",
                      "Parent Relationship": "Outer",
                      "Parallel Aware": true,
                      "Relation Name": "movie_companies",
                      "Alias": "mc",
                      "Startup Cost": 0.0,
                      "Total Cost": 29310.68,
                      "Plan Rows": 414318,
                      "Plan Width": 4,
                      "Actual Startup Time": 0.021,
                      "Actual Total Time": 63.827,
                      "Actual Rows": 318562,
                      "Actual Loops": 4,
                      "Filter": "(company_type_id < 2)",
                      "Rows Removed by Filter": 333721
                    },
                    {
                      "Node Type": "Hash",
                      "Parent Relationship": "Inner",
                      "Parallel Aware": true,
                      "Startup Cost": 45479.1,
                      "Total Cost": 45479.1,
                      "Plan Rows": 246209,
                      "Plan Width": 4,
                      "Actual Startup Time": 233.009,
                      "Actual Total Time": 233.01,
                      "Actual Rows": 264397,
                      "Actual Loops": 4,
                      "Hash Buckets": 2097152,
                      "Original Hash Buckets": 1048576,
                      "Hash Batches": 1,
                      "Original Hash Batches": 1,
                      "Peak Memory Usage": 65984,
                      "Plans": [
                        {
                          "Node Type": "Seq Scan",
                          "Parent Relationship": "Outer",
                          "Parallel Aware": true,
                          "Relation Name": "title",
                          "Alias": "t",
                          "Startup Cost": 0.0,
                          "Total Cost": 45479.1,
                          "Plan Rows": 246209,
                          "Plan Width": 4,
                          "Actual Startup Time": 0.039,
                          "Actual Total Time": 108.867,
                          "Actual Rows": 264397,
                          "Actual Loops": 4,
                          "Filter": "((kind_id > 1) AND (production_year > 2001))",
                          "Rows Removed by Filter": 367681
                        }
                      ]
                    }
                  ]
                }
              ]
            }
          ]
        }
      ]
    },
    "Planning Time": 0.746,
    "Triggers": [],
    "Execution Time": 400.466
  }
]