{
  "Plan": {
    "Node Type": "Aggregate",
    "Strategy": "Plain",
    "Partial Mode": "Finalize",
    "Parallel Aware": false,
    "Startup Cost": 676020.95,
    "Total Cost": 676020.96,
    "Plan Rows": 1,
    "Plan Width": 8,
    "Actual Startup Time": 4617.6,
    "Actual Total Time": 4690.5,
    "Actual Rows": 1,
    "Actual Loops": 1,
    "Plans": [
      {
        "Node Type": "Gather",
        "Parent Relationship": "Outer",
        "Parallel Aware": false,
        "Startup Cost": 676020.84,
        "Total Cost": 676020.95,
        "Plan Rows": 1,
        "Plan Width": 8,
        "Actual Startup Time": 4610.912,
        "Actual Total Time": 4690.489,
        "Actual Rows": 2,
        "Actual Loops": 1,
        "Workers Planned": 1,
        "Workers Launched": 1,
        "Single Copy": false,
        "Plans": [
          {
            "Node Type": "Aggregate",
            "Strategy": "Plain",
            "Partial Mode": "Partial",
            "Parent Relationship": "Outer",
            "Parallel Aware": false,
            "Startup Cost": 675020.84,
            "Total Cost": 675020.85,
            "Plan Rows": 1,
            "Plan Width": 8,
            "Actual Startup Time": 4599.284,
            "Actual Total Time": 4599.609,
            "Actual Rows": 1,
            "Actual Loops": 2,
            "Plans": [
              {
                "Node Type": "Hash Join",
                "Parent Relationship": "Outer",
                "Parallel Aware": true,
                "Join Type": "Inner",
                "Startup Cost": 599150.4,
                "Total Cost": 672899.33,
                "Plan Rows": 848605,
                "Plan Width": 0,
                "Actual Startup Time": 4295.309,
                "Actual Total Time": 4582.262,
                "Actual Rows": 405650,
                "Actual Loops": 2,
                "Inner Unique": false,
                "Hash Cond": "(mk.movie_id = t.id)",
                "Plans": [
                  {
                    "Node Type": "Seq Scan",
                    "Parent Relationship": "Outer",
                    "Parallel Aware": true,
                    "Relation Name": "movie_keyword",
                    "Alias": "mk",
                    "Startup Cost": 0.0,
                    "Total Cost": 57718.19,
                    "Plan Rows": 883116,
                    "Plan Width": 4,
                    "Actual Startup Time": 0.928,
                    "Actual Total Time": 162.364,
                    "Actual Rows": 756684,
                    "Actual Loops": 2,
                    "Filter": "(keyword_id > 10706)",
                    "Rows Removed by Filter": 1505280
                  },
                  {
                    "Node Type": "Hash",
                    "Parent Relationship": "Inner",
                    "Parallel Aware": true,
                    "Startup Cost": 581286.51,
                    "Total Cost": 581286.51,
                    "Plan Rows": 1429111,
                    "Plan Width": 8,
                    "Actual Startup Time": 4272.923,
                    "Actual Total Time": 4273.247,
                    "Actual Rows": 1202140,
                    "Actual Loops": 2,
                    "Hash Buckets": 4194304,
                    "Original Hash Buckets": 4194304,
                    "Hash Batches": 1,
                    "Original Hash Batches": 1,
                    "Peak Memory Usage": 126880,
                    "Plans": [
                      {
                        "Node Type": "Hash Join",
                        "Parent Relationship": "Outer",
                        "Parallel Aware": true,
                        "Join Type": "Inner",
                        "Startup Cost": 59553.16,
                        "Total Cost": 581286.51,
                        "Plan Rows": 1429111,
                        "Plan Width": 8,
                        "Actual Startup Time": 161.573,
                        "Actual Total Time": 3887.215,
                        "Actual Rows": 1202140,
                        "Actual Loops": 2,
                        "Inner Unique": true,
                        "Hash Cond": "(ci.movie_id = t.id)",
                        "Plans": [
                          {
                            "Node Type": "Seq Scan",
                            "Parent Relationship": "Outer",
                            "Parallel Aware": true,
                            "Relation Name": "cast_info",
                            "Alias": "ci",
                            "Startup Cost": 0.0,
                            "Total Cost": 465792.95,
                            "Plan Rows": 21310595,
                            "Plan Width": 4,
                            "Actual Startup Time": 0.014,
                            "Actual Total Time": 1327.272,
                            "Actual Rows": 18122172,
                            "Actual Loops": 2
                          },
                          {
                            "Node Type": "Hash",
                            "Parent Relationship": "Inner",
                            "Parallel Aware": true,
                            "Startup Cost": 58306.47,
                            "Total Cost": 58306.47,
                            "Plan Rows": 99735,
                            "Plan Width": 4,
                            "Actual Startup Time": 160.687,
                            "Actual Total Time": 160.688,
                            "Actual Rows": 85034,
                            "Actual Loops": 2,
                            "Hash Buckets": 262144,
                            "Original Hash Buckets": 262144,
                            "Hash Batches": 1,
                            "Original Hash Batches": 1,
                            "Peak Memory Usage": 8736,
                            "Plans": [
                              {
                                "Node Type": "Seq Scan",
                                "Parent Relationship": "Outer",
                                "Parallel Aware": true,
                                "Relation Name": "title",
                                "Alias": "t",
                                "Startup Cost": 0.0,
                                "Total Cost": 58306.47,
                                "Plan Rows": 99735,
                                "Plan Width": 4,
                                "Actual Startup Time": 0.028,
                                "Actual Total Time": 138.185,
                                "Actual Rows": 85034,
                                "Actual Loops": 2,
                                "Filter": "((kind_id > 1) AND (production_year > 2011))",
                                "Rows Removed by Filter": 1179122
                              }
                            ]
                          }
                        ]
                      }
                    ]
                  }
                ]
              }
            ]
          }
        ]
      }
    ]
  },
  "Planning Time": 0.946,
  "Triggers": [],
  "Execution Time": 4690.602
}