[
  {
    "Plan": {
      "Node Type": "Aggregate",
      "Strategy": "Plain",
      "Partial Mode": "Finalize",
      "Parallel Aware": false,
      "Startup Cost": 223295.51,
      "Total Cost": 223295.52,
      "Plan Rows": 1,
      "Plan Width": 8,
      "Actual Startup Time": 161.496,
      "Actual Total Time": 185.763,
      "Actual Rows": 1,
      "Actual Loops": 1,
      "Plans": [
        {
          "Node Type": "Gather",
          "Parent Relationship": "Outer",
          "Parallel Aware": false,
          "Startup Cost": 223295.09,
          "Total Cost": 223295.5,
          "Plan Rows": 4,
          "Plan Width": 8,
          "Actual Startup Time": 161.337,
          "Actual Total Time": 185.755,
          "Actual Rows": 5,
          "Actual Loops": 1,
          "Workers Planned": 4,
          "Workers Launched": 4,
          "Single Copy": false,
          "Plans": [
            {
              "Node Type": "Aggregate",
              "Strategy": "Plain",
              "Partial Mode": "Partial",
              "Parent Relationship": "Outer",
              "Parallel Aware": false,
              "Startup Cost": 222295.09,
              "Total Cost": 222295.1,
              "Plan Rows": 1,
              "Plan Width": 8,
              "Actual Startup Time": 151.364,
              "Actual Total Time": 151.365,
              "Actual Rows": 1,
              "Actual Loops": 5,
              "Plans": [
                {
                  "Node Type": "Nested Loop",
                  "Parent Relationship": "Outer",
                  "Parallel Aware": false,
                  "Join Type": "Inner",
                  "Startup Cost": 0.43,
                  "Total Cost": 222281.54,
                  "Plan Rows": 5418,
                  "Plan Width": 0,
                  "Actual Startup Time": 0.787,
                  "Actual Total Time": 150.763,
                  "Actual Rows": 4284,
                  "Actual Loops": 5,
                  "Inner Unique": false,
                  "Plans": [
                    {
                      "Node Type": "Seq Scan",
                      "Parent Relationship": "Outer",
                      "Parallel Aware": true,
                      "Relation Name": "title",
                      "Alias": "t",
                      "Startup Cost": 0.0,
                      "Total Cost": 43898.92,
                      "Plan Rows": 3814,
                      "Plan Width": 4,
                      "Actual Startup Time": 0.089,
                      "Actual Total Time": 78.159,
                      "Actual Rows": 2799,
                      "Actual Loops": 5,
                      "Filter": "(production_year = 1976)",
                      "Rows Removed by Filter": 502864
                    },
                    {
                      "Node Type": "Index Scan",
                      "Parent Relationship": "Inner",
                      "Parallel Aware": false,
                      "Scan Direction": "Forward",
                      "Index Name": "movie_id_movie_info",
                      "Relation Name": "movie_info",
                      "Alias": "mi",
                      "Startup Cost": 0.43,
                      "Total Cost": 46.67,
                      "Plan Rows": 10,
                      "Plan Width": 4,
                      "Actual Startup Time": 0.016,
                      "Actual Total Time": 0.025,
                      "Actual Rows": 2,
                      "Actual Loops": 13994,
                      "Index Cond": "(movie_id = t.id)",
                      "Rows Removed by Index Recheck": 0,
                      "Filter": "(info_type_id < 4)",
                      "Rows Removed by Filter": 5
                    }
                  ]
                }
              ]
            }
          ]
        }
      ]
    },
    "Planning Time": 0.643,
    "Triggers": [],
    "Execution Time": 185.843
  }
]