[
  {
    "Plan": {
      "Node Type": "Aggregate",
      "Strategy": "Plain",
      "Partial Mode": "Finalize",
      "Parallel Aware": false,
      "Startup Cost": 70696.96,
      "Total Cost": 70696.97,
      "Plan Rows": 1,
      "Plan Width": 8,
      "Actual Startup Time": 196.661,
      "Actual Total Time": 209.018,
      "Actual Rows": 1,
      "Actual Loops": 1,
      "Plans": [
        {
          "Node Type": "Gather",
          "Parent Relationship": "Outer",
          "Parallel Aware": false,
          "Startup Cost": 70696.54,
          "Total Cost": 70696.95,
          "Plan Rows": 4,
          "Plan Width": 8,
          "Actual Startup Time": 192.991,
          "Actual Total Time": 209.007,
          "Actual Rows": 5,
          "Actual Loops": 1,
          "Workers Planned": 4,
          "Workers Launched": 4,
          "Single Copy": false,
          "Plans": [
            {
              "Node Type": "Aggregate",
              "Strategy": "Plain",
              "Partial Mode": "Partial",
              "Parent Relationship": "Outer",
              "Parallel Aware": false,
              "Startup Cost": 69696.54,
              "Total Cost": 69696.55,
              "Plan Rows": 1,
              "Plan Width": 8,
              "Actual Startup Time": 182.973,
              "Actual Total Time": 182.99,
              "Actual Rows": 1,
              "Actual Loops": 5,
              "Plans": [
                {
                  "Node Type": "Hash Join",
                  "Parent Relationship": "Outer",
                  "Parallel Aware": true,
                  "Join Type": "Inner",
                  "Startup Cost": 47054.34,
                  "Total Cost": 69682.43,
                  "Plan Rows": 5642,
                  "Plan Width": 0,
                  "Actual Startup Time": 129.459,
                  "Actual Total Time": 181.772,
                  "Actual Rows": 28150,
                  "Actual Loops": 5,
                  "Inner Unique": true,
                  "Hash Cond": "(ci.movie_id = t.id)",
                  "Plans": [
                    {
                      "Node Type": "Index Scan",
                      "Parent Relationship": "Outer",
                      "Parallel Aware": true,
                      "Scan Direction": "Forward",
                      "Index Name": "role_id_cast_info",
                      "Relation Name": "cast_info",
                      "Alias": "ci",
                      "Startup Cost": 0.56,
                      "Total Cost": 22554.34,
                      "Plan Rows": 28311,
                      "Plan Width": 4,
                      "Actual Startup Time": 0.246,
                      "Actual Total Time": 26.099,
                      "Actual Rows": 85643,
                      "Actual Loops": 5,
                      "Index Cond": "(role_id = 6)",
                      "Rows Removed by Index Recheck": 0,
                      "Filter": "(person_id > 3181729)",
                      "Rows Removed by Filter": 69092
                    },
                    {
                      "Node Type": "Hash",
                      "Parent Relationship": "Inner",
                      "Parallel Aware": true,
                      "Startup Cost": 45479.1,
                      "Total Cost": 45479.1,
                      "Plan Rows": 125974,
                      "Plan Width": 4,
                      "Actual Startup Time": 126.341,
                      "Actual Total Time": 126.341,
                      "Actual Rows": 104826,
                      "Actual Loops": 5,
                      "Hash Buckets": 524288,
                      "Original Hash Buckets": 524288,
                      "Hash Batches": 1,
                      "Original Hash Batches": 1,
                      "Peak Memory Usage": 24672,
                      "Plans": [
                        {
                          "Node Type": "Seq Scan",
                          "Parent Relationship": "Outer",
                          "Parallel Aware": true,
                          "Relation Name": "title",
                          "Alias": "t",
                          "Startup Cost": 0.0,
                          "Total Cost": 45479.1,
                          "Plan Rows": 125974,
                          "Plan Width": 4,
                          "Actual Startup Time": 54.749,
                          "Actual Total Time": 91.677,
                          "Actual Rows": 104826,
                          "Actual Loops": 5,
                          "Filter": "((production_year < 2010) AND (kind_id = 1))",
                          "Rows Removed by Filter": 400837
                        }
                      ]
                    }
                  ]
                }
              ]
            }
          ]
        }
      ]
    },
    "Planning Time": 0.681,
    "Triggers": [],
    "Execution Time": 209.097
  }
]