[
  {
    "Plan": {
      "Node Type": "Aggregate",
      "Strategy": "Plain",
      "Partial Mode": "Finalize",
      "Parallel Aware": false,
      "Startup Cost": 125092.02,
      "Total Cost": 125092.03,
      "Plan Rows": 1,
      "Plan Width": 8,
      "Actual Startup Time": 363.65,
      "Actual Total Time": 384.69,
      "Actual Rows": 1,
      "Actual Loops": 1,
      "Plans": [
        {
          "Node Type": "Gather",
          "Parent Relationship": "Outer",
          "Parallel Aware": false,
          "Startup Cost": 125091.71,
          "Total Cost": 125092.02,
          "Plan Rows": 3,
          "Plan Width": 8,
          "Actual Startup Time": 362.966,
          "Actual Total Time": 384.681,
          "Actual Rows": 4,
          "Actual Loops": 1,
          "Workers Planned": 3,
          "Workers Launched": 3,
          "Single Copy": false,
          "Plans": [
            {
              "Node Type": "Aggregate",
              "Strategy": "Plain",
              "Partial Mode": "Partial",
              "Parent Relationship": "Outer",
              "Parallel Aware": false,
              "Startup Cost": 124091.71,
              "Total Cost": 124091.72,
              "Plan Rows": 1,
              "Plan Width": 8,
              "Actual Startup Time": 354.402,
              "Actual Total Time": 354.474,
              "Actual Rows": 1,
              "Actual Loops": 4,
              "Plans": [
                {
                  "Node Type": "Hash Join",
                  "Parent Relationship": "Outer",
                  "Parallel Aware": true,
                  "Join Type": "Inner",
                  "Startup Cost": 76777.58,
                  "Total Cost": 123981.42,
                  "Plan Rows": 44113,
                  "Plan Width": 0,
                  "Actual Startup Time": 198.786,
                  "Actual Total Time": 353.987,
                  "Actual Rows": 11734,
                  "Actual Loops": 4,
                  "Inner Unique": false,
                  "Hash Cond": "(mk.movie_id = t.id)",
                  "Plans": [
                    {
                      "Node Type": "Seq Scan",
                      "Parent Relationship": "Outer",
                      "Parallel Aware": true,
                      "Relation Name": "movie_keyword",
                      "Alias": "mk",
                      "Startup Cost": 0.0,
                      "Total Cost": 42695.65,
                      "Plan Rows": 1164237,
                      "Plan Width": 4,
                      "Actual Startup Time": 0.028,
                      "Actual Total Time": 102.33,
                      "Actual Rows": 905530,
                      "Actual Loops": 4,
                      "Filter": "(keyword_id < 20476)",
                      "Rows Removed by Filter": 225452
                    },
                    {
                      "Node Type": "Hash",
                      "Parent Relationship": "Inner",
                      "Parallel Aware": true,
                      "Startup Cost": 76391.31,
                      "Total Cost": 76391.31,
                      "Plan Rows": 30902,
                      "Plan Width": 8,
                      "Actual Startup Time": 196.8,
                      "Actual Total Time": 196.871,
                      "Actual Rows": 11038,
                      "Actual Loops": 4,
                      "Hash Buckets": 131072,
                      "Original Hash Buckets": 131072,
                      "Hash Batches": 1,
                      "Original Hash Batches": 1,
                      "Peak Memory Usage": 2816,
                      "Plans": [
                        {
                          "Node Type": "Hash Join",
                          "Parent Relationship": "Outer",
                          "Parallel Aware": true,
                          "Join Type": "Inner",
                          "Startup Cost": 46297.75,
                          "Total Cost": 76391.31,
                          "Plan Rows": 30902,
                          "Plan Width": 8,
                          "Actual Startup Time": 115.856,
                          "Actual Total Time": 193.402,
                          "Actual Rows": 11038,
                          "Actual Loops": 4,
                          "Inner Unique": true,
                          "Hash Cond": "(mc.movie_id = t.id)",
                          "Plans": [
                            {
                              "Node Type": "Seq Scan",
                              "Parent Relationship": "Outer",
                              "Parallel Aware": true,
                              "Relation Name": "movie_companies",
                              "Alias": "mc",
                              "Startup Cost": 0.0,
                              "Total Cost": 29310.68,
                              "Plan Rows": 298239,
                              "Plan Width": 4,
                              "Actual Startup Time": 9.205,
                              "Actual Total Time": 58.262,
                              "Actual Rows": 233915,
                              "Actual Loops": 4,
                              "Filter": "(company_id > 19209)",
                              "Rows Removed by Filter": 418368
                            },
                            {
                              "Node Type": "Hash",
                              "Parent Relationship": "Inner",
                              "Parallel Aware": true,
                              "Startup Cost": 45479.1,
                              "Total Cost": 45479.1,
                              "Plan Rows": 65492,
                              "Plan Width": 4,
                              "Actual Startup Time": 104.819,
                              "Actual Total Time": 104.82,
                              "Actual Rows": 34994,
                              "Actual Loops": 4,
                              "Hash Buckets": 262144,
                              "Original Hash Buckets": 262144,
                              "Hash Batches": 1,
                              "Original Hash Batches": 1,
                              "Peak Memory Usage": 7584,
                              "Plans": [
                                {
                                  "Node Type": "Seq Scan",
                                  "Parent Relationship": "Outer",
                                  "Parallel Aware": true,
                                  "Relation Name": "title",
                                  "Alias": "t",
                                  "Startup Cost": 0.0,
                                  "Total Cost": 45479.1,
                                  "Plan Rows": 65492,
                                  "Plan Width": 4,
                                  "Actual Startup Time": 0.047,
                                  "Actual Total Time": 92.128,
                                  "Actual Rows": 34994,
                                  "Actual Loops": 4,
                                  "Filter": "((kind_id > 1) AND (production_year < 1970))",
                                  "Rows Removed by Filter": 597084
                                }
                              ]
                            }
                          ]
                        }
                      ]
                    }
                  ]
                }
              ]
            }
          ]
        }
      ]
    },
    "Planning Time": 1.439,
    "Triggers": [],
    "Execution Time": 384.829
  }
]