[
  {
    "Plan": {
      "Node Type": "Aggregate",
      "Strategy": "Plain",
      "Partial Mode": "Finalize",
      "Parallel Aware": false,
      "Startup Cost": 246987.2,
      "Total Cost": 246987.21,
      "Plan Rows": 1,
      "Plan Width": 8,
      "Actual Startup Time": 403.311,
      "Actual Total Time": 427.526,
      "Actual Rows": 1,
      "Actual Loops": 1,
      "Plans": [
        {
          "Node Type": "Gather",
          "Parent Relationship": "Outer",
          "Parallel Aware": false,
          "Startup Cost": 246986.57,
          "Total Cost": 246987.18,
          "Plan Rows": 6,
          "Plan Width": 8,
          "Actual Startup Time": 403.087,
          "Actual Total Time": 427.517,
          "Actual Rows": 7,
          "Actual Loops": 1,
          "Workers Planned": 6,
          "Workers Launched": 6,
          "Single Copy": false,
          "Plans": [
            {
              "Node Type": "Aggregate",
              "Strategy": "Plain",
              "Partial Mode": "Partial",
              "Parent Relationship": "Outer",
              "Parallel Aware": false,
              "Startup Cost": 245986.57,
              "Total Cost": 245986.58,
              "Plan Rows": 1,
              "Plan Width": 8,
              "Actual Startup Time": 395.84,
              "Actual Total Time": 395.844,
              "Actual Rows": 1,
              "Actual Loops": 7,
              "Plans": [
                {
                  "Node Type": "Hash Join",
                  "Parent Relationship": "Outer",
                  "Parallel Aware": true,
                  "Join Type": "Inner",
                  "Startup Cost": 43932.81,
                  "Total Cost": 245973.52,
                  "Plan Rows": 5220,
                  "Plan Width": 0,
                  "Actual Startup Time": 74.569,
                  "Actual Total Time": 395.526,
                  "Actual Rows": 3721,
                  "Actual Loops": 7,
                  "Inner Unique": true,
                  "Hash Cond": "(ci.movie_id = t.id)",
                  "Plans": [
                    {
                      "Node Type": "Index Scan",
                      "Parent Relationship": "Outer",
                      "Parallel Aware": true,
                      "Scan Direction": "Forward",
                      "Index Name": "role_id_cast_info",
                      "Relation Name": "cast_info",
                      "Alias": "ci",
                      "Startup Cost": 0.56,
                      "Total Cost": 198752.95,
                      "Plan Rows": 1252698,
                      "Plan Width": 4,
                      "Actual Startup Time": 0.196,
                      "Actual Total Time": 204.091,
                      "Actual Rows": 1064568,
                      "Actual Loops": 7,
                      "Index Cond": "(role_id = 2)",
                      "Rows Removed by Index Recheck": 0
                    },
                    {
                      "Node Type": "Hash",
                      "Parent Relationship": "Inner",
                      "Parallel Aware": true,
                      "Startup Cost": 43899.32,
                      "Total Cost": 43899.32,
                      "Plan Rows": 2634,
                      "Plan Width": 4,
                      "Actual Startup Time": 73.397,
                      "Actual Total Time": 73.398,
                      "Actual Rows": 1593,
                      "Actual Loops": 7,
                      "Hash Buckets": 16384,
                      "Original Hash Buckets": 16384,
                      "Hash Batches": 1,
                      "Original Hash Batches": 1,
                      "Peak Memory Usage": 672,
                      "Plans": [
                        {
                          "Node Type": "Seq Scan",
                          "Parent Relationship": "Outer",
                          "Parallel Aware": true,
                          "Relation Name": "title",
                          "Alias": "t",
                          "Startup Cost": 0.0,
                          "Total Cost": 43899.32,
                          "Plan Rows": 2634,
                          "Plan Width": 4,
                          "Actual Startup Time": 0.155,
                          "Actual Total Time": 72.236,
                          "Actual Rows": 1593,
                          "Actual Loops": 7,
                          "Filter": "(production_year = 1963)",
                          "Rows Removed by Filter": 359594
                        }
                      ]
                    }
                  ]
                }
              ]
            }
          ]
        }
      ]
    },
    "Planning Time": 0.353,
    "Triggers": [],
    "Execution Time": 427.579
  }
]