{
  "Plan": {
    "Node Type": "Aggregate",
    "Strategy": "Plain",
    "Partial Mode": "Finalize",
    "Parallel Aware": false,
    "Startup Cost": 1540977.97,
    "Total Cost": 1540977.98,
    "Plan Rows": 1,
    "Plan Width": 8,
    "Actual Startup Time": 5617.681,
    "Actual Total Time": 5678.492,
    "Actual Rows": 1,
    "Actual Loops": 1,
    "Plans": [
      {
        "Node Type": "Gather",
        "Parent Relationship": "Outer",
        "Parallel Aware": false,
        "Startup Cost": 1540977.86,
        "Total Cost": 1540977.97,
        "Plan Rows": 1,
        "Plan Width": 8,
        "Actual Startup Time": 5614.516,
        "Actual Total Time": 5678.485,
        "Actual Rows": 2,
        "Actual Loops": 1,
        "Workers Planned": 1,
        "Workers Launched": 1,
        "Single Copy": false,
        "Plans": [
          {
            "Node Type": "Aggregate",
            "Strategy": "Plain",
            "Partial Mode": "Partial",
            "Parent Relationship": "Outer",
            "Parallel Aware": false,
            "Startup Cost": 1539977.86,
            "Total Cost": 1539977.87,
            "Plan Rows": 1,
            "Plan Width": 8,
            "Actual Startup Time": 5591.49,
            "Actual Total Time": 5591.493,
            "Actual Rows": 1,
            "Actual Loops": 2,
            "Plans": [
              {
                "Node Type": "Merge Join",
                "Parent Relationship": "Outer",
                "Parallel Aware": false,
                "Join Type": "Inner",
                "Startup Cost": 1448469.14,
                "Total Cost": 1533967.78,
                "Plan Rows": 2404031,
                "Plan Width": 0,
                "Actual Startup Time": 3507.669,
                "Actual Total Time": 5405.729,
                "Actual Rows": 4362041,
                "Actual Loops": 2,
                "Inner Unique": false,
                "Merge Cond": "(t.id = ci.movie_id)",
                "Plans": [
                  {
                    "Node Type": "Merge Join",
                    "Parent Relationship": "Outer",
                    "Parallel Aware": false,
                    "Join Type": "Inner",
                    "Startup Cost": 812377.75,
                    "Total Cost": 848488.76,
                    "Plan Rows": 1386556,
                    "Plan Width": 8,
                    "Actual Startup Time": 1828.164,
                    "Actual Total Time": 2432.916,
                    "Actual Rows": 996078,
                    "Actual Loops": 2,
                    "Inner Unique": true,
                    "Merge Cond": "(mi.movie_id = t.id)",
                    "Plans": [
                      {
                        "Node Type": "Sort",
                        "Parent Relationship": "Outer",
                        "Parallel Aware": false,
                        "Startup Cost": 642661.63,
                        "Total Cost": 651228.91,
                        "Plan Rows": 3426912,
                        "Plan Width": 4,
                        "Actual Startup Time": 1332.436,
                        "Actual Total Time": 1472.948,
                        "Actual Rows": 2942475,
                        "Actual Loops": 2,
                        "Sort Key": [
                          "mi.movie_id"
                        ],
                        "Sort Method": "quicksort",
                        "Sort Space Used": 239331,
                        "Sort Space Type": "Memory",
                        "Workers": [
                          {
                            "Worker Number": 0,
                            "Sort Method": "quicksort",
                            "Sort Space Used": 233135,
                            "Sort Space Type": "Memory"
                          }
                        ],
                        "Plans": [
                          {
                            "Node Type": "Seq Scan",
                            "Parent Relationship": "Outer",
                            "Parallel Aware": true,
                            "Relation Name": "movie_info",
                            "Alias": "mi",
                            "Startup Cost": 0.0,
                            "Total Cost": 270696.42,
                            "Plan Rows": 3426912,
                            "Plan Width": 4,
                            "Actual Startup Time": 0.029,
                            "Actual Total Time": 711.027,
                            "Actual Rows": 2942482,
                            "Actual Loops": 2,
                            "Filter": "(info_type_id < 7)",
                            "Rows Removed by Filter": 4475378
                          }
                        ]
                      },
                      {
                        "Node Type": "Sort",
                        "Parent Relationship": "Inner",
                        "Parallel Aware": false,
                        "Startup Cost": 169716.01,
                        "Total Cost": 172273.43,
                        "Plan Rows": 1022968,
                        "Plan Width": 4,
                        "Actual Startup Time": 495.716,
                        "Actual Total Time": 647.502,
                        "Actual Rows": 1012684,
                        "Actual Loops": 2,
                        "Sort Key": [
                          "t.id"
                        ],
                        "Sort Method": "quicksort",
                        "Sort Space Used": 72057,
                        "Sort Space Type": "Memory",
                        "Workers": [
                          {
                            "Worker Number": 0,
                            "Sort Method": "quicksort",
                            "Sort Space Used": 72057,
                            "Sort Space Type": "Memory"
                          }
                        ],
                        "Plans": [
                          {
                            "Node Type": "Seq Scan",
                            "Parent Relationship": "Outer",
                            "Parallel Aware": false,
                            "Relation Name": "title",
                            "Alias": "t",
                            "Startup Cost": 0.0,
                            "Total Cost": 67601.66,
                            "Plan Rows": 1022968,
                            "Plan Width": 4,
                            "Actual Startup Time": 0.032,
                            "Actual Total Time": 248.255,
                            "Actual Rows": 1012920,
                            "Actual Loops": 2,
                            "Filter": "(production_year > 2005)",
                            "Rows Removed by Filter": 1515392
                          }
                        ]
                      }
                    ]
                  },
                  {
                    "Node Type": "Sort",
                    "Parent Relationship": "Inner",
                    "Parallel Aware": false,
                    "Startup Cost": 636090.92,
                    "Total Cost": 647049.89,
                    "Plan Rows": 4383589,
                    "Plan Width": 4,
                    "Actual Startup Time": 1679.496,
                    "Actual Total Time": 2299.237,
                    "Actual Rows": 7610271,
                    "Actual Loops": 2,
                    "Sort Key": [
                      "ci.movie_id"
                    ],
                    "Sort Method": "quicksort",
                    "Sort Space Used": 399250,
                    "Sort Space Type": "Memory",
                    "Workers": [
                      {
                        "Worker Number": 0,
                        "Sort Method": "quicksort",
                        "Sort Space Used": 399250,
                        "Sort Space Type": "Memory"
                      }
                    ],
                    "Plans": [
                      {
                        "Node Type": "Index Scan",
                        "Parent Relationship": "Outer",
                        "Parallel Aware": false,
                        "Scan Direction": "Forward",
                        "Index Name": "role_id_cast_info",
                        "Relation Name": "cast_info",
                        "Alias": "ci",
                        "Startup Cost": 0.56,
                        "Total Cost": 152500.37,
                        "Plan Rows": 4383589,
                        "Plan Width": 4,
                        "Actual Startup Time": 0.104,
                        "Actual Total Time": 681.695,
                        "Actual Rows": 4323018,
                        "Actual Loops": 2,
                        "Index Cond": "(role_id = 10)",
                        "Rows Removed by Index Recheck": 0
                      }
                    ]
                  }
                ]
              }
            ]
          }
        ]
      }
    ]
  },
  "Planning Time": 1.029,
  "Triggers": [],
  "Execution Time": 5730.661
}