[
  {
    "Plan": {
      "Node Type": "Aggregate",
      "Strategy": "Plain",
      "Partial Mode": "Finalize",
      "Parallel Aware": false,
      "Startup Cost": 91197.26,
      "Total Cost": 91197.27,
      "Plan Rows": 1,
      "Plan Width": 8,
      "Actual Startup Time": 280.154,
      "Actual Total Time": 300.165,
      "Actual Rows": 1,
      "Actual Loops": 1,
      "Plans": [
        {
          "Node Type": "Gather",
          "Parent Relationship": "Outer",
          "Parallel Aware": false,
          "Startup Cost": 91196.94,
          "Total Cost": 91197.25,
          "Plan Rows": 3,
          "Plan Width": 8,
          "Actual Startup Time": 279.522,
          "Actual Total Time": 300.137,
          "Actual Rows": 4,
          "Actual Loops": 1,
          "Workers Planned": 3,
          "Workers Launched": 3,
          "Single Copy": false,
          "Plans": [
            {
              "Node Type": "Aggregate",
              "Strategy": "Plain",
              "Partial Mode": "Partial",
              "Parent Relationship": "Outer",
              "Parallel Aware": false,
              "Startup Cost": 90196.94,
              "Total Cost": 90196.95,
              "Plan Rows": 1,
              "Plan Width": 8,
              "Actual Startup Time": 270.663,
              "Actual Total Time": 270.713,
              "Actual Rows": 1,
              "Actual Loops": 4,
              "Plans": [
                {
                  "Node Type": "Hash Join",
                  "Parent Relationship": "Outer",
                  "Parallel Aware": true,
                  "Join Type": "Inner",
                  "Startup Cost": 45616.85,
                  "Total Cost": 90166.16,
                  "Plan Rows": 12311,
                  "Plan Width": 0,
                  "Actual Startup Time": 142.961,
                  "Actual Total Time": 270.085,
                  "Actual Rows": 10982,
                  "Actual Loops": 4,
                  "Inner Unique": true,
                  "Hash Cond": "(mk.movie_id = t.id)",
                  "Plans": [
                    {
                      "Node Type": "Seq Scan",
                      "Parent Relationship": "Outer",
                      "Parallel Aware": true,
                      "Relation Name": "movie_keyword",
                      "Alias": "mk",
                      "Startup Cost": 0.0,
                      "Total Cost": 42695.65,
                      "Plan Rows": 706156,
                      "Plan Width": 4,
                      "Actual Startup Time": 0.327,
                      "Actual Total Time": 109.644,
                      "Actual Rows": 547276,
                      "Actual Loops": 4,
                      "Filter": "(keyword_id > 5159)",
                      "Rows Removed by Filter": 583707
                    },
                    {
                      "Node Type": "Hash",
                      "Parent Relationship": "Inner",
                      "Parallel Aware": true,
                      "Startup Cost": 45479.1,
                      "Total Cost": 45479.1,
                      "Plan Rows": 11020,
                      "Plan Width": 4,
                      "Actual Startup Time": 111.279,
                      "Actual Total Time": 111.28,
                      "Actual Rows": 28828,
                      "Actual Loops": 4,
                      "Hash Buckets": 131072,
                      "Original Hash Buckets": 65536,
                      "Hash Batches": 1,
                      "Original Hash Batches": 1,
                      "Peak Memory Usage": 6112,
                      "Plans": [
                        {
                          "Node Type": "Seq Scan",
                          "Parent Relationship": "Outer",
                          "Parallel Aware": true,
                          "Relation Name": "title",
                          "Alias": "t",
                          "Startup Cost": 0.0,
                          "Total Cost": 45479.1,
                          "Plan Rows": 11020,
                          "Plan Width": 4,
                          "Actual Startup Time": 62.77,
                          "Actual Total Time": 100.1,
                          "Actual Rows": 28828,
                          "Actual Loops": 4,
                          "Filter": "((kind_id < 7) AND (production_year < 1930))",
                          "Rows Removed by Filter": 603250
                        }
                      ]
                    }
                  ]
                }
              ]
            }
          ]
        }
      ]
    },
    "Planning Time": 0.711,
    "Triggers": [],
    "Execution Time": 300.238
  }
]