[
  {
    "Plan": {
      "Node Type": "Aggregate",
      "Strategy": "Plain",
      "Partial Mode": "Finalize",
      "Parallel Aware": false,
      "Startup Cost": 32307.63,
      "Total Cost": 32307.64,
      "Plan Rows": 1,
      "Plan Width": 8,
      "Actual Startup Time": 135.261,
      "Actual Total Time": 143.039,
      "Actual Rows": 1,
      "Actual Loops": 1,
      "Plans": [
        {
          "Node Type": "Gather",
          "Parent Relationship": "Outer",
          "Parallel Aware": false,
          "Startup Cost": 32307.31,
          "Total Cost": 32307.62,
          "Plan Rows": 3,
          "Plan Width": 8,
          "Actual Startup Time": 135.105,
          "Actual Total Time": 143.03,
          "Actual Rows": 4,
          "Actual Loops": 1,
          "Workers Planned": 3,
          "Workers Launched": 3,
          "Single Copy": false,
          "Plans": [
            {
              "Node Type": "Aggregate",
              "Strategy": "Plain",
              "Partial Mode": "Partial",
              "Parent Relationship": "Outer",
              "Parallel Aware": false,
              "Startup Cost": 31307.31,
              "Total Cost": 31307.32,
              "Plan Rows": 1,
              "Plan Width": 8,
              "Actual Startup Time": 128.048,
              "Actual Total Time": 128.049,
              "Actual Rows": 1,
              "Actual Loops": 4,
              "Plans": [
                {
                  "Node Type": "Seq Scan",
                  "Parent Relationship": "Outer",
                  "Parallel Aware": true,
                  "Relation Name": "movie_companies",
                  "Alias": "mc",
                  "Startup Cost": 0.0,
                  "Total Cost": 29310.68,
                  "Plan Rows": 798651,
                  "Plan Width": 0,
                  "Actual Startup Time": 0.044,
                  "Actual Total Time": 93.53,
                  "Actual Rows": 619943,
                  "Actual Loops": 4,
                  "Filter": "(company_id < 141547)",
                  "Rows Removed by Filter": 32339
                }
              ]
            }
          ]
        }
      ]
    },
    "Planning Time": 0.13,
    "Triggers": [],
    "Execution Time": 143.082
  }
]