{
    "Plan": {
        "Node Type": "Aggregate",
        "Strategy": "Plain",
        "Partial Mode": "Finalize",
        "Parallel Aware": false,
        "Startup Cost": 326153.02,
        "Total Cost": 326153.03,
        "Plan Rows": 1,
        "Plan Width": 8,
        "Actual Startup Time": 1638.364,
        "Actual Total Time": 1693.485,
        "Actual Rows": 1,
        "Actual Loops": 1,
        "Output": [
            "count(*)"
        ],
        "Plans": [
            {
                "Node Type": "Gather",
                "Parent Relationship": "Outer",
                "Parallel Aware": false,
                "Startup Cost": 326152.5,
                "Total Cost": 326153.01,
                "Plan Rows": 5,
                "Plan Width": 8,
                "Actual Startup Time": 1619.614,
                "Actual Total Time": 1693.466,
                "Actual Rows": 6,
                "Actual Loops": 1,
                "Output": [
                    "(PARTIAL count(*))"
                ],
                "Workers Planned": 5,
                "Workers Launched": 5,
                "Single Copy": false,
                "Plans": [
                    {
                        "Node Type": "Aggregate",
                        "Strategy": "Plain",
                        "Partial Mode": "Partial",
                        "Parent Relationship": "Outer",
                        "Parallel Aware": false,
                        "Startup Cost": 325152.5,
                        "Total Cost": 325152.51,
                        "Plan Rows": 1,
                        "Plan Width": 8,
                        "Actual Startup Time": 1597.79,
                        "Actual Total Time": 1598.129,
                        "Actual Rows": 1,
                        "Actual Loops": 6,
                        "Output": [
                            "PARTIAL count(*)"
                        ],
                        "Workers": [
                            {
                                "Worker Number": 0,
                                "Actual Startup Time": 1594.211,
                                "Actual Total Time": 1594.217,
                                "Actual Rows": 1,
                                "Actual Loops": 1
                            },
                            {
                                "Worker Number": 1,
                                "Actual Startup Time": 1593.44,
                                "Actual Total Time": 1593.447,
                                "Actual Rows": 1,
                                "Actual Loops": 1
                            },
                            {
                                "Worker Number": 2,
                                "Actual Startup Time": 1593.518,
                                "Actual Total Time": 1593.523,
                                "Actual Rows": 1,
                                "Actual Loops": 1
                            },
                            {
                                "Worker Number": 3,
                                "Actual Startup Time": 1593.497,
                                "Actual Total Time": 1593.502,
                                "Actual Rows": 1,
                                "Actual Loops": 1
                            },
                            {
                                "Worker Number": 4,
                                "Actual Startup Time": 1593.466,
                                "Actual Total Time": 1593.473,
                                "Actual Rows": 1,
                                "Actual Loops": 1
                            }
                        ],
                        "Plans": [
                            {
                                "Node Type": "Hash Join",
                                "Parent Relationship": "Outer",
                                "Parallel Aware": true,
                                "Join Type": "Inner",
                                "Startup Cost": 105368.71,
                                "Total Cost": 317636.41,
                                "Plan Rows": 3006436,
                                "Plan Width": 0,
                                "Actual Startup Time": 527.339,
                                "Actual Total Time": 1543.249,
                                "Actual Rows": 1080616,
                                "Actual Loops": 6,
                                "Inner Unique": false,
                                "Hash Cond": "(mi.movie_id = t.id)",
                                "Workers": [
                                    {
                                        "Worker Number": 0,
                                        "Actual Startup Time": 522.709,
                                        "Actual Total Time": 1540.18,
                                        "Actual Rows": 867656,
                                        "Actual Loops": 1
                                    },
                                    {
                                        "Worker Number": 1,
                                        "Actual Startup Time": 523.304,
                                        "Actual Total Time": 1534.296,
                                        "Actual Rows": 947767,
                                        "Actual Loops": 1
                                    },
                                    {
                                        "Worker Number": 2,
                                        "Actual Startup Time": 523.418,
                                        "Actual Total Time": 1537.603,
                                        "Actual Rows": 900375,
                                        "Actual Loops": 1
                                    },
                                    {
                                        "Worker Number": 3,
                                        "Actual Startup Time": 523.333,
                                        "Actual Total Time": 1541.026,
                                        "Actual Rows": 1246634,
                                        "Actual Loops": 1
                                    },
                                    {
                                        "Worker Number": 4,
                                        "Actual Startup Time": 522.895,
                                        "Actual Total Time": 1542.316,
                                        "Actual Rows": 1215860,
                                        "Actual Loops": 1
                                    }
                                ],
                                "Plans": [
                                    {
                                        "Node Type": "Seq Scan",
                                        "Parent Relationship": "Outer",
                                        "Parallel Aware": true,
                                        "Relation Name": "movie_info",
                                        "Schema": "public",
                                        "Alias": "mi",
                                        "Startup Cost": 0.0,
                                        "Total Cost": 191503.19,
                                        "Plan Rows": 2951019,
                                        "Plan Width": 4,
                                        "Actual Startup Time": 0.044,
                                        "Actual Total Time": 371.944,
                                        "Actual Rows": 2472620,
                                        "Actual Loops": 6,
                                        "Output": [
                                            "mi.id",
                                            "mi.movie_id",
                                            "mi.info_type_id",
                                            "mi.info",
                                            "mi.note"
                                        ],
                                        "Workers": [
                                            {
                                                "Worker Number": 0,
                                                "Actual Startup Time": 0.062,
                                                "Actual Total Time": 391.599,
                                                "Actual Rows": 1857487,
                                                "Actual Loops": 1
                                            },
                                            {
                                                "Worker Number": 1,
                                                "Actual Startup Time": 0.051,
                                                "Actual Total Time": 386.307,
                                                "Actual Rows": 2122636,
                                                "Actual Loops": 1
                                            },
                                            {
                                                "Worker Number": 2,
                                                "Actual Startup Time": 0.045,
                                                "Actual Total Time": 388.321,
                                                "Actual Rows": 2150261,
                                                "Actual Loops": 1
                                            },
                                            {
                                                "Worker Number": 3,
                                                "Actual Startup Time": 0.036,
                                                "Actual Total Time": 367.882,
                                                "Actual Rows": 2769695,
                                                "Actual Loops": 1
                                            },
                                            {
                                                "Worker Number": 4,
                                                "Actual Startup Time": 0.05,
                                                "Actual Total Time": 375.735,
                                                "Actual Rows": 2806515,
                                                "Actual Loops": 1
                                            }
                                        ]
                                    },
                                    {
                                        "Node Type": "Hash",
                                        "Parent Relationship": "Inner",
                                        "Parallel Aware": true,
                                        "Startup Cost": 94982.41,
                                        "Total Cost": 94982.41,
                                        "Plan Rows": 830904,
                                        "Plan Width": 8,
                                        "Actual Startup Time": 518.715,
                                        "Actual Total Time": 519.052,
                                        "Actual Rows": 104762,
                                        "Actual Loops": 6,
                                        "Output": [
                                            "t.id",
                                            "mk.movie_id"
                                        ],
                                        "Hash Buckets": 4194304,
                                        "Original Hash Buckets": 4194304,
                                        "Hash Batches": 1,
                                        "Original Hash Batches": 1,
                                        "Peak Memory Usage": 57472,
                                        "Workers": [
                                            {
                                                "Worker Number": 0,
                                                "Actual Startup Time": 521.35,
                                                "Actual Total Time": 521.354,
                                                "Actual Rows": 81509,
                                                "Actual Loops": 1
                                            },
                                            {
                                                "Worker Number": 1,
                                                "Actual Startup Time": 522.013,
                                                "Actual Total Time": 522.018,
                                                "Actual Rows": 90967,
                                                "Actual Loops": 1
                                            },
                                            {
                                                "Worker Number": 2,
                                                "Actual Startup Time": 522.083,
                                                "Actual Total Time": 522.088,
                                                "Actual Rows": 92596,
                                                "Actual Loops": 1
                                            },
                                            {
                                                "Worker Number": 3,
                                                "Actual Startup Time": 522.057,
                                                "Actual Total Time": 522.06,
                                                "Actual Rows": 84226,
                                                "Actual Loops": 1
                                            },
                                            {
                                                "Worker Number": 4,
                                                "Actual Startup Time": 522.034,
                                                "Actual Total Time": 522.039,
                                                "Actual Rows": 132000,
                                                "Actual Loops": 1
                                            }
                                        ],
                                        "Plans": [
                                            {
                                                "Node Type": "Hash Join",
                                                "Parent Relationship": "Outer",
                                                "Parallel Aware": true,
                                                "Join Type": "Inner",
                                                "Startup Cost": 48689.12,
                                                "Total Cost": 94982.41,
                                                "Plan Rows": 830904,
                                                "Plan Width": 8,
                                                "Actual Startup Time": 243.357,
                                                "Actual Total Time": 465.704,
                                                "Actual Rows": 104762,
                                                "Actual Loops": 6,
                                                "Output": [
                                                    "t.id",
                                                    "mk.movie_id"
                                                ],
                                                "Inner Unique": true,
                                                "Hash Cond": "(mk.movie_id = t.id)",
                                                "Workers": [
                                                    {
                                                        "Worker Number": 0,
                                                        "Actual Startup Time": 243.385,
                                                        "Actual Total Time": 465.789,
                                                        "Actual Rows": 81509,
                                                        "Actual Loops": 1
                                                    },
                                                    {
                                                        "Worker Number": 1,
                                                        "Actual Startup Time": 243.39,
                                                        "Actual Total Time": 464.882,
                                                        "Actual Rows": 90967,
                                                        "Actual Loops": 1
                                                    },
                                                    {
                                                        "Worker Number": 2,
                                                        "Actual Startup Time": 243.318,
                                                        "Actual Total Time": 465.349,
                                                        "Actual Rows": 92596,
                                                        "Actual Loops": 1
                                                    },
                                                    {
                                                        "Worker Number": 3,
                                                        "Actual Startup Time": 243.338,
                                                        "Actual Total Time": 464.357,
                                                        "Actual Rows": 84226,
                                                        "Actual Loops": 1
                                                    },
                                                    {
                                                        "Worker Number": 4,
                                                        "Actual Startup Time": 243.277,
                                                        "Actual Total Time": 465.432,
                                                        "Actual Rows": 132000,
                                                        "Actual Loops": 1
                                                    }
                                                ],
                                                "Plans": [
                                                    {
                                                        "Node Type": "Seq Scan",
                                                        "Parent Relationship": "Outer",
                                                        "Parallel Aware": true,
                                                        "Relation Name": "movie_keyword",
                                                        "Schema": "public",
                                                        "Alias": "mk",
                                                        "Startup Cost": 0.0,
                                                        "Total Cost": 42695.65,
                                                        "Plan Rows": 1370525,
                                                        "Plan Width": 4,
                                                        "Actual Startup Time": 0.032,
                                                        "Actual Total Time": 117.078,
                                                        "Actual Rows": 708190,
                                                        "Actual Loops": 6,
                                                        "Output": [
                                                            "mk.id",
                                                            "mk.movie_id",
                                                            "mk.keyword_id"
                                                        ],
                                                        "Filter": "(mk.keyword_id < 57745)",
                                                        "Rows Removed by Filter": 45798,
                                                        "Workers": [
                                                            {
                                                                "Worker Number": 0,
                                                                "Actual Startup Time": 0.05,
                                                                "Actual Total Time": 115.842,
                                                                "Actual Rows": 536808,
                                                                "Actual Loops": 1
                                                            },
                                                            {
                                                                "Worker Number": 1,
                                                                "Actual Startup Time": 0.04,
                                                                "Actual Total Time": 120.703,
                                                                "Actual Rows": 593920,
                                                                "Actual Loops": 1
                                                            },
                                                            {
                                                                "Worker Number": 2,
                                                                "Actual Startup Time": 0.023,
                                                                "Actual Total Time": 120.565,
                                                                "Actual Rows": 595317,
                                                                "Actual Loops": 1
                                                            },
                                                            {
                                                                "Worker Number": 3,
                                                                "Actual Startup Time": 0.03,
                                                                "Actual Total Time": 119.017,
                                                                "Actual Rows": 754977,
                                                                "Actual Loops": 1
                                                            },
                                                            {
                                                                "Worker Number": 4,
                                                                "Actual Startup Time": 0.028,
                                                                "Actual Total Time": 119.135,
                                                                "Actual Rows": 818267,
                                                                "Actual Loops": 1
                                                            }
                                                        ]
                                                    },
                                                    {
                                                        "Node Type": "Hash",
                                                        "Parent Relationship": "Inner",
                                                        "Parallel Aware": true,
                                                        "Startup Cost": 43899.01,
                                                        "Total Cost": 43899.01,
                                                        "Plan Rows": 383209,
                                                        "Plan Width": 4,
                                                        "Actual Startup Time": 240.791,
                                                        "Actual Total Time": 240.792,
                                                        "Actual Rows": 257211,
                                                        "Actual Loops": 6,
                                                        "Output": [
                                                            "t.id"
                                                        ],
                                                        "Hash Buckets": 2097152,
                                                        "Original Hash Buckets": 2097152,
                                                        "Hash Batches": 1,
                                                        "Original Hash Batches": 1,
                                                        "Peak Memory Usage": 76864,
                                                        "Workers": [
                                                            {
                                                                "Worker Number": 0,
                                                                "Actual Startup Time": 242.844,
                                                                "Actual Total Time": 242.846,
                                                                "Actual Rows": 175880,
                                                                "Actual Loops": 1
                                                            },
                                                            {
                                                                "Worker Number": 1,
                                                                "Actual Startup Time": 242.977,
                                                                "Actual Total Time": 242.979,
                                                                "Actual Rows": 221608,
                                                                "Actual Loops": 1
                                                            },
                                                            {
                                                                "Worker Number": 2,
                                                                "Actual Startup Time": 243.151,
                                                                "Actual Total Time": 243.152,
                                                                "Actual Rows": 221945,
                                                                "Actual Loops": 1
                                                            },
                                                            {
                                                                "Worker Number": 3,
                                                                "Actual Startup Time": 242.968,
                                                                "Actual Total Time": 242.969,
                                                                "Actual Rows": 270801,
                                                                "Actual Loops": 1
                                                            },
                                                            {
                                                                "Worker Number": 4,
                                                                "Actual Startup Time": 243.12,
                                                                "Actual Total Time": 243.121,
                                                                "Actual Rows": 280067,
                                                                "Actual Loops": 1
                                                            }
                                                        ],
                                                        "Plans": [
                                                            {
                                                                "Node Type": "Seq Scan",
                                                                "Parent Relationship": "Outer",
                                                                "Parallel Aware": true,
                                                                "Relation Name": "title",
                                                                "Schema": "public",
                                                                "Alias": "t",
                                                                "Startup Cost": 0.0,
                                                                "Total Cost": 43899.01,
                                                                "Plan Rows": 383209,
                                                                "Plan Width": 4,
                                                                "Actual Startup Time": 0.077,
                                                                "Actual Total Time": 103.847,
                                                                "Actual Rows": 257211,
                                                                "Actual Loops": 6,
                                                                "Output": [
                                                                    "t.id"
                                                                ],
                                                                "Filter": "(t.kind_id = 7)",
                                                                "Rows Removed by Filter": 164175,
                                                                "Workers": [
                                                                    {
                                                                        "Worker Number": 0,
                                                                        "Actual Startup Time": 0.103,
                                                                        "Actual Total Time": 101.867,
                                                                        "Actual Rows": 175880,
                                                                        "Actual Loops": 1
                                                                    },
                                                                    {
                                                                        "Worker Number": 1,
                                                                        "Actual Startup Time": 0.082,
                                                                        "Actual Total Time": 107.479,
                                                                        "Actual Rows": 221608,
                                                                        "Actual Loops": 1
                                                                    },
                                                                    {
                                                                        "Worker Number": 2,
                                                                        "Actual Startup Time": 0.097,
                                                                        "Actual Total Time": 108.438,
                                                                        "Actual Rows": 221945,
                                                                        "Actual Loops": 1
                                                                    },
                                                                    {
                                                                        "Worker Number": 3,
                                                                        "Actual Startup Time": 0.082,
                                                                        "Actual Total Time": 105.32,
                                                                        "Actual Rows": 270801,
                                                                        "Actual Loops": 1
                                                                    },
                                                                    {
                                                                        "Worker Number": 4,
                                                                        "Actual Startup Time": 0.073,
                                                                        "Actual Total Time": 105.423,
                                                                        "Actual Rows": 280067,
                                                                        "Actual Loops": 1
                                                                    }
                                                                ]
                                                            }
                                                        ]
                                                    }
                                                ]
                                            }
                                        ]
                                    }
                                ]
                            }
                        ]
                    }
                ]
            }
        ]
    },
    "Planning Time": 1.554,
    "Triggers": [],
    "Execution Time": 1693.598
}