[
  {
    "Plan": {
      "Node Type": "Aggregate",
      "Strategy": "Plain",
      "Partial Mode": "Finalize",
      "Parallel Aware": false,
      "Startup Cost": 31720.6,
      "Total Cost": 31720.61,
      "Plan Rows": 1,
      "Plan Width": 8,
      "Actual Startup Time": 109.157,
      "Actual Total Time": 116.726,
      "Actual Rows": 1,
      "Actual Loops": 1,
      "Plans": [
        {
          "Node Type": "Gather",
          "Parent Relationship": "Outer",
          "Parallel Aware": false,
          "Startup Cost": 31720.28,
          "Total Cost": 31720.59,
          "Plan Rows": 3,
          "Plan Width": 8,
          "Actual Startup Time": 109.013,
          "Actual Total Time": 116.719,
          "Actual Rows": 4,
          "Actual Loops": 1,
          "Workers Planned": 3,
          "Workers Launched": 3,
          "Single Copy": false,
          "Plans": [
            {
              "Node Type": "Aggregate",
              "Strategy": "Plain",
              "Partial Mode": "Partial",
              "Parent Relationship": "Outer",
              "Parallel Aware": false,
              "Startup Cost": 30720.28,
              "Total Cost": 30720.29,
              "Plan Rows": 1,
              "Plan Width": 8,
              "Actual Startup Time": 103.72,
              "Actual Total Time": 103.721,
              "Actual Rows": 1,
              "Actual Loops": 4,
              "Plans": [
                {
                  "Node Type": "Seq Scan",
                  "Parent Relationship": "Outer",
                  "Parallel Aware": true,
                  "Relation Name": "movie_companies",
                  "Alias": "mc",
                  "Startup Cost": 0.0,
                  "Total Cost": 29310.68,
                  "Plan Rows": 563839,
                  "Plan Width": 0,
                  "Actual Startup Time": 0.023,
                  "Actual Total Time": 80.604,
                  "Actual Rows": 439570,
                  "Actual Loops": 4,
                  "Filter": "(company_id < 25131)",
                  "Rows Removed by Filter": 212712
                }
              ]
            }
          ]
        }
      ]
    },
    "Planning Time": 0.069,
    "Triggers": [],
    "Execution Time": 116.752
  }
]