[
    {
        "Bao": {
            "Bao prediction": "NaN",
            "Bao recommended hint": "(no hint)"
        }
    },
    {
        "Plan": {
            "Node Type": "Aggregate",
            "Strategy": "Plain",
            "Partial Mode": "Finalize",
            "Parallel Aware": false,
            "Startup Cost": 223581.59,
            "Total Cost": 223581.6,
            "Plan Rows": 1,
            "Plan Width": 8,
            "Actual Startup Time": 301.446,
            "Actual Total Time": 315.721,
            "Actual Rows": 1,
            "Actual Loops": 1,
            "Output": [
                "count(*)"
            ],
            "Plans": [
                {
                    "Node Type": "Gather",
                    "Parent Relationship": "Outer",
                    "Parallel Aware": false,
                    "Startup Cost": 223581.07,
                    "Total Cost": 223581.58,
                    "Plan Rows": 5,
                    "Plan Width": 8,
                    "Actual Startup Time": 294.902,
                    "Actual Total Time": 315.71,
                    "Actual Rows": 6,
                    "Actual Loops": 1,
                    "Output": [
                        "(PARTIAL count(*))"
                    ],
                    "Workers Planned": 5,
                    "Workers Launched": 5,
                    "Single Copy": false,
                    "Plans": [
                        {
                            "Node Type": "Aggregate",
                            "Strategy": "Plain",
                            "Partial Mode": "Partial",
                            "Parent Relationship": "Outer",
                            "Parallel Aware": false,
                            "Startup Cost": 222581.07,
                            "Total Cost": 222581.08,
                            "Plan Rows": 1,
                            "Plan Width": 8,
                            "Actual Startup Time": 284.131,
                            "Actual Total Time": 284.135,
                            "Actual Rows": 1,
                            "Actual Loops": 6,
                            "Output": [
                                "PARTIAL count(*)"
                            ],
                            "Workers": [
                                {
                                    "Worker Number": 0,
                                    "Actual Startup Time": 282.898,
                                    "Actual Total Time": 282.901,
                                    "Actual Rows": 1,
                                    "Actual Loops": 1
                                },
                                {
                                    "Worker Number": 1,
                                    "Actual Startup Time": 281.88,
                                    "Actual Total Time": 281.883,
                                    "Actual Rows": 1,
                                    "Actual Loops": 1
                                },
                                {
                                    "Worker Number": 2,
                                    "Actual Startup Time": 281.855,
                                    "Actual Total Time": 281.858,
                                    "Actual Rows": 1,
                                    "Actual Loops": 1
                                },
                                {
                                    "Worker Number": 3,
                                    "Actual Startup Time": 281.849,
                                    "Actual Total Time": 281.852,
                                    "Actual Rows": 1,
                                    "Actual Loops": 1
                                },
                                {
                                    "Worker Number": 4,
                                    "Actual Startup Time": 281.844,
                                    "Actual Total Time": 281.847,
                                    "Actual Rows": 1,
                                    "Actual Loops": 1
                                }
                            ],
                            "Plans": [
                                {
                                    "Node Type": "Hash Join",
                                    "Parent Relationship": "Outer",
                                    "Parallel Aware": true,
                                    "Join Type": "Inner",
                                    "Startup Cost": 58872.93,
                                    "Total Cost": 222395.39,
                                    "Plan Rows": 74270,
                                    "Plan Width": 0,
                                    "Actual Startup Time": 233.726,
                                    "Actual Total Time": 282.197,
                                    "Actual Rows": 29874,
                                    "Actual Loops": 6,
                                    "Inner Unique": true,
                                    "Hash Cond": "(mi.movie_id = t.id)",
                                    "Workers": [
                                        {
                                            "Worker Number": 0,
                                            "Actual Startup Time": 231.482,
                                            "Actual Total Time": 281.151,
                                            "Actual Rows": 37922,
                                            "Actual Loops": 1
                                        },
                                        {
                                            "Worker Number": 1,
                                            "Actual Startup Time": 231.719,
                                            "Actual Total Time": 280.009,
                                            "Actual Rows": 29627,
                                            "Actual Loops": 1
                                        },
                                        {
                                            "Worker Number": 2,
                                            "Actual Startup Time": 231.656,
                                            "Actual Total Time": 280.007,
                                            "Actual Rows": 29652,
                                            "Actual Loops": 1
                                        },
                                        {
                                            "Worker Number": 3,
                                            "Actual Startup Time": 231.661,
                                            "Actual Total Time": 279.801,
                                            "Actual Rows": 27339,
                                            "Actual Loops": 1
                                        },
                                        {
                                            "Worker Number": 4,
                                            "Actual Startup Time": 231.644,
                                            "Actual Total Time": 279.767,
                                            "Actual Rows": 27482,
                                            "Actual Loops": 1
                                        }
                                    ],
                                    "Plans": [
                                        {
                                            "Node Type": "Bitmap Heap Scan",
                                            "Parent Relationship": "Outer",
                                            "Parallel Aware": true,
                                            "Relation Name": "movie_info",
                                            "Schema": "public",
                                            "Alias": "mi",
                                            "Startup Cost": 9170.9,
                                            "Total Cost": 172427.92,
                                            "Plan Rows": 101122,
                                            "Plan Width": 4,
                                            "Actual Startup Time": 20.728,
                                            "Actual Total Time": 31.126,
                                            "Actual Rows": 79074,
                                            "Actual Loops": 6,
                                            "Output": [
                                                "mi.id",
                                                "mi.movie_id",
                                                "mi.info_type_id",
                                                "mi.info",
                                                "mi.note"
                                            ],
                                            "Recheck Cond": "(mi.info_type_id = 6)",
                                            "Rows Removed by Index Recheck": 0,
                                            "Exact Heap Blocks": 471,
                                            "Lossy Heap Blocks": 0,
                                            "Workers": [
                                                {
                                                    "Worker Number": 0,
                                                    "Actual Startup Time": 20.66,
                                                    "Actual Total Time": 30.874,
                                                    "Actual Rows": 89248,
                                                    "Actual Loops": 1
                                                },
                                                {
                                                    "Worker Number": 1,
                                                    "Actual Startup Time": 20.883,
                                                    "Actual Total Time": 31.235,
                                                    "Actual Rows": 80263,
                                                    "Actual Loops": 1
                                                },
                                                {
                                                    "Worker Number": 2,
                                                    "Actual Startup Time": 20.74,
                                                    "Actual Total Time": 31.03,
                                                    "Actual Rows": 80064,
                                                    "Actual Loops": 1
                                                },
                                                {
                                                    "Worker Number": 3,
                                                    "Actual Startup Time": 20.65,
                                                    "Actual Total Time": 31.401,
                                                    "Actual Rows": 77182,
                                                    "Actual Loops": 1
                                                },
                                                {
                                                    "Worker Number": 4,
                                                    "Actual Startup Time": 20.673,
                                                    "Actual Total Time": 31.442,
                                                    "Actual Rows": 77965,
                                                    "Actual Loops": 1
                                                }
                                            ],
                                            "Plans": [
                                                {
                                                    "Node Type": "Bitmap Index Scan",
                                                    "Parent Relationship": "Outer",
                                                    "Parallel Aware": false,
                                                    "Index Name": "info_type_id_movie_info",
                                                    "Startup Cost": 0.0,
                                                    "Total Cost": 9044.49,
                                                    "Plan Rows": 505608,
                                                    "Plan Width": 0,
                                                    "Actual Startup Time": 20.219,
                                                    "Actual Total Time": 20.22,
                                                    "Actual Rows": 474443,
                                                    "Actual Loops": 1,
                                                    "Index Cond": "(mi.info_type_id = 6)",
                                                    "Workers": [
                                                        {
                                                            "Worker Number": 0,
                                                            "Actual Startup Time": 20.219,
                                                            "Actual Total Time": 20.22,
                                                            "Actual Rows": 474443,
                                                            "Actual Loops": 1
                                                        }
                                                    ]
                                                }
                                            ]
                                        },
                                        {
                                            "Node Type": "Hash",
                                            "Parent Relationship": "Inner",
                                            "Parallel Aware": true,
                                            "Startup Cost": 43899.01,
                                            "Total Cost": 43899.01,
                                            "Plan Rows": 464242,
                                            "Plan Width": 4,
                                            "Actual Startup Time": 209.063,
                                            "Actual Total Time": 209.064,
                                            "Actual Rows": 310914,
                                            "Actual Loops": 6,
                                            "Output": [
                                                "t.id"
                                            ],
                                            "Hash Buckets": 2097152,
                                            "Original Hash Buckets": 2097152,
                                            "Hash Batches": 1,
                                            "Original Hash Batches": 1,
                                            "Peak Memory Usage": 89504,
                                            "Workers": [
                                                {
                                                    "Worker Number": 0,
                                                    "Actual Startup Time": 210.434,
                                                    "Actual Total Time": 210.435,
                                                    "Actual Rows": 311930,
                                                    "Actual Loops": 1
                                                },
                                                {
                                                    "Worker Number": 1,
                                                    "Actual Startup Time": 210.416,
                                                    "Actual Total Time": 210.417,
                                                    "Actual Rows": 294615,
                                                    "Actual Loops": 1
                                                },
                                                {
                                                    "Worker Number": 2,
                                                    "Actual Startup Time": 210.334,
                                                    "Actual Total Time": 210.335,
                                                    "Actual Rows": 297066,
                                                    "Actual Loops": 1
                                                },
                                                {
                                                    "Worker Number": 3,
                                                    "Actual Startup Time": 210.389,
                                                    "Actual Total Time": 210.389,
                                                    "Actual Rows": 324901,
                                                    "Actual Loops": 1
                                                },
                                                {
                                                    "Worker Number": 4,
                                                    "Actual Startup Time": 210.335,
                                                    "Actual Total Time": 210.336,
                                                    "Actual Rows": 316983,
                                                    "Actual Loops": 1
                                                }
                                            ],
                                            "Plans": [
                                                {
                                                    "Node Type": "Seq Scan",
                                                    "Parent Relationship": "Outer",
                                                    "Parallel Aware": true,
                                                    "Relation Name": "title",
                                                    "Schema": "public",
                                                    "Alias": "t",
                                                    "Startup Cost": 0.0,
                                                    "Total Cost": 43899.01,
                                                    "Plan Rows": 464242,
                                                    "Plan Width": 4,
                                                    "Actual Startup Time": 0.04,
                                                    "Actual Total Time": 80.003,
                                                    "Actual Rows": 310914,
                                                    "Actual Loops": 6,
                                                    "Output": [
                                                        "t.id"
                                                    ],
                                                    "Filter": "(t.kind_id > 1)",
                                                    "Rows Removed by Filter": 110471,
                                                    "Workers": [
                                                        {
                                                            "Worker Number": 0,
                                                            "Actual Startup Time": 0.032,
                                                            "Actual Total Time": 82.231,
                                                            "Actual Rows": 311930,
                                                            "Actual Loops": 1
                                                        },
                                                        {
                                                            "Worker Number": 1,
                                                            "Actual Startup Time": 0.065,
                                                            "Actual Total Time": 80.381,
                                                            "Actual Rows": 294615,
                                                            "Actual Loops": 1
                                                        },
                                                        {
                                                            "Worker Number": 2,
                                                            "Actual Startup Time": 0.058,
                                                            "Actual Total Time": 80.863,
                                                            "Actual Rows": 297066,
                                                            "Actual Loops": 1
                                                        },
                                                        {
                                                            "Worker Number": 3,
                                                            "Actual Startup Time": 0.031,
                                                            "Actual Total Time": 82.061,
                                                            "Actual Rows": 324901,
                                                            "Actual Loops": 1
                                                        },
                                                        {
                                                            "Worker Number": 4,
                                                            "Actual Startup Time": 0.044,
                                                            "Actual Total Time": 82.486,
                                                            "Actual Rows": 316983,
                                                            "Actual Loops": 1
                                                        }
                                                    ]
                                                }
                                            ]
                                        }
                                    ]
                                }
                            ]
                        }
                    ]
                }
            ]
        },
        "Planning Time": 290.009,
        "Triggers": [],
        "Execution Time": 315.789
    }
]