[
  {
    "Plan": {
      "Node Type": "Aggregate",
      "Strategy": "Plain",
      "Partial Mode": "Finalize",
      "Parallel Aware": false,
      "Startup Cost": 394337.48,
      "Total Cost": 394337.49,
      "Plan Rows": 1,
      "Plan Width": 8,
      "Actual Startup Time": 871.151,
      "Actual Total Time": 936.511,
      "Actual Rows": 1,
      "Actual Loops": 1,
      "Plans": [
        {
          "Node Type": "Gather",
          "Parent Relationship": "Outer",
          "Parallel Aware": false,
          "Startup Cost": 394336.86,
          "Total Cost": 394337.47,
          "Plan Rows": 6,
          "Plan Width": 8,
          "Actual Startup Time": 869.654,
          "Actual Total Time": 936.496,
          "Actual Rows": 7,
          "Actual Loops": 1,
          "Workers Planned": 6,
          "Workers Launched": 6,
          "Single Copy": false,
          "Plans": [
            {
              "Node Type": "Aggregate",
              "Strategy": "Plain",
              "Partial Mode": "Partial",
              "Parent Relationship": "Outer",
              "Parallel Aware": false,
              "Startup Cost": 393336.86,
              "Total Cost": 393336.87,
              "Plan Rows": 1,
              "Plan Width": 8,
              "Actual Startup Time": 859.197,
              "Actual Total Time": 859.2,
              "Actual Rows": 1,
              "Actual Loops": 7,
              "Plans": [
                {
                  "Node Type": "Hash Join",
                  "Parent Relationship": "Outer",
                  "Parallel Aware": true,
                  "Join Type": "Inner",
                  "Startup Cost": 44401.94,
                  "Total Cost": 393012.26,
                  "Plan Rows": 129838,
                  "Plan Width": 0,
                  "Actual Startup Time": 306.223,
                  "Actual Total Time": 855.939,
                  "Actual Rows": 56784,
                  "Actual Loops": 7,
                  "Inner Unique": true,
                  "Hash Cond": "(ci.movie_id = t.id)",
                  "Plans": [
                    {
                      "Node Type": "Seq Scan",
                      "Parent Relationship": "Outer",
                      "Parallel Aware": true,
                      "Relation Name": "cast_info",
                      "Alias": "ci",
                      "Startup Cost": 0.0,
                      "Total Cost": 343257.03,
                      "Plan Rows": 2039345,
                      "Plan Width": 4,
                      "Actual Startup Time": 218.184,
                      "Actual Total Time": 632.395,
                      "Actual Rows": 861380,
                      "Actual Loops": 7,
                      "Filter": "((person_id < 1863111) AND (role_id > 1))",
                      "Rows Removed by Filter": 4316384
                    },
                    {
                      "Node Type": "Hash",
                      "Parent Relationship": "Inner",
                      "Parallel Aware": true,
                      "Startup Cost": 43898.92,
                      "Total Cost": 43898.92,
                      "Plan Rows": 40242,
                      "Plan Width": 4,
                      "Actual Startup Time": 86.132,
                      "Actual Total Time": 86.132,
                      "Actual Rows": 23472,
                      "Actual Loops": 7,
                      "Hash Buckets": 262144,
                      "Original Hash Buckets": 262144,
                      "Hash Batches": 1,
                      "Original Hash Batches": 1,
                      "Peak Memory Usage": 8576,
                      "Plans": [
                        {
                          "Node Type": "Seq Scan",
                          "Parent Relationship": "Outer",
                          "Parallel Aware": true,
                          "Relation Name": "title",
                          "Alias": "t",
                          "Startup Cost": 0.0,
                          "Total Cost": 43898.92,
                          "Plan Rows": 40242,
                          "Plan Width": 4,
                          "Actual Startup Time": 0.048,
                          "Actual Total Time": 74.687,
                          "Actual Rows": 23472,
                          "Actual Loops": 7,
                          "Filter": "(production_year = 2012)",
                          "Rows Removed by Filter": 337715
                        }
                      ]
                    }
                  ]
                }
              ]
            }
          ]
        }
      ]
    },
    "Planning Time": 0.664,
    "Triggers": [],
    "Execution Time": 936.612
  }
]