{
  "Plan": {
    "Node Type": "Aggregate",
    "Strategy": "Plain",
    "Partial Mode": "Finalize",
    "Parallel Aware": false,
    "Startup Cost": 859214.23,
    "Total Cost": 859214.24,
    "Plan Rows": 1,
    "Plan Width": 8,
    "Actual Startup Time": 5623.318,
    "Actual Total Time": 5685.72,
    "Actual Rows": 1,
    "Actual Loops": 1,
    "Plans": [
      {
        "Node Type": "Gather",
        "Parent Relationship": "Outer",
        "Parallel Aware": false,
        "Startup Cost": 859214.11,
        "Total Cost": 859214.22,
        "Plan Rows": 1,
        "Plan Width": 8,
        "Actual Startup Time": 5615.514,
        "Actual Total Time": 5685.707,
        "Actual Rows": 2,
        "Actual Loops": 1,
        "Workers Planned": 1,
        "Workers Launched": 1,
        "Single Copy": false,
        "Plans": [
          {
            "Node Type": "Aggregate",
            "Strategy": "Plain",
            "Partial Mode": "Partial",
            "Parent Relationship": "Outer",
            "Parallel Aware": false,
            "Startup Cost": 858214.11,
            "Total Cost": 858214.12,
            "Plan Rows": 1,
            "Plan Width": 8,
            "Actual Startup Time": 5604.524,
            "Actual Total Time": 5605.564,
            "Actual Rows": 1,
            "Actual Loops": 2,
            "Plans": [
              {
                "Node Type": "Hash Join",
                "Parent Relationship": "Outer",
                "Parallel Aware": true,
                "Join Type": "Inner",
                "Startup Cost": 523257.69,
                "Total Cost": 845252.15,
                "Plan Rows": 5184784,
                "Plan Width": 0,
                "Actual Startup Time": 2771.89,
                "Actual Total Time": 5342.711,
                "Actual Rows": 6398028,
                "Actual Loops": 2,
                "Inner Unique": false,
                "Hash Cond": "(mi.movie_id = t.id)",
                "Plans": [
                  {
                    "Node Type": "Seq Scan",
                    "Parent Relationship": "Outer",
                    "Parallel Aware": true,
                    "Relation Name": "movie_info",
                    "Alias": "mi",
                    "Startup Cost": 0.0,
                    "Total Cost": 270696.42,
                    "Plan Rows": 5546484,
                    "Plan Width": 4,
                    "Actual Startup Time": 35.612,
                    "Actual Total Time": 766.664,
                    "Actual Rows": 4712600,
                    "Actual Loops": 2,
                    "Filter": "(info_type_id > 5)",
                    "Rows Removed by Filter": 2705260
                  },
                  {
                    "Node Type": "Hash",
                    "Parent Relationship": "Inner",
                    "Parallel Aware": true,
                    "Startup Cost": 505879.63,
                    "Total Cost": 505879.63,
                    "Plan Rows": 1390245,
                    "Plan Width": 8,
                    "Actual Startup Time": 2715.612,
                    "Actual Total Time": 2716.649,
                    "Actual Rows": 1695141,
                    "Actual Loops": 2,
                    "Hash Buckets": 4194304,
                    "Original Hash Buckets": 4194304,
                    "Hash Batches": 1,
                    "Original Hash Batches": 1,
                    "Peak Memory Usage": 165440,
                    "Plans": [
                      {
                        "Node Type": "Hash Join",
                        "Parent Relationship": "Outer",
                        "Parallel Aware": true,
                        "Join Type": "Inner",
                        "Startup Cost": 195355.12,
                        "Total Cost": 505879.63,
                        "Plan Rows": 1390245,
                        "Plan Width": 8,
                        "Actual Startup Time": 633.41,
                        "Actual Total Time": 2152.553,
                        "Actual Rows": 1695141,
                        "Actual Loops": 2,
                        "Inner Unique": true,
                        "Hash Cond": "(ci.movie_id = t.id)",
                        "Plans": [
                          {
                            "Node Type": "Bitmap Heap Scan",
                            "Parent Relationship": "Outer",
                            "Parallel Aware": true,
                            "Relation Name": "cast_info",
                            "Alias": "ci",
                            "Startup Cost": 129370.2,
                            "Total Cost": 433941.69,
                            "Plan Rows": 2267814,
                            "Plan Width": 4,
                            "Actual Startup Time": 240.564,
                            "Actual Total Time": 718.661,
                            "Actual Rows": 2845224,
                            "Actual Loops": 2,
                            "Recheck Cond": "(person_id > 3079699)",
                            "Rows Removed by Index Recheck": 0,
                            "Filter": "(role_id > 1)",
                            "Rows Removed by Filter": 0,
                            "Exact Heap Blocks": 38701,
                            "Lossy Heap Blocks": 0,
                            "Plans": [
                              {
                                "Node Type": "Bitmap Index Scan",
                                "Parent Relationship": "Outer",
                                "Parallel Aware": false,
                                "Index Name": "person_id_cast_info",
                                "Startup Cost": 0.0,
                                "Total Cost": 128406.38,
                                "Plan Rows": 5880242,
                                "Plan Width": 0,
                                "Actual Startup Time": 226.96,
                                "Actual Total Time": 226.96,
                                "Actual Rows": 5690449,
                                "Actual Loops": 1,
                                "Index Cond": "(person_id > 3079699)"
                              }
                            ]
                          },
                          {
                            "Node Type": "Hash",
                            "Parent Relationship": "Inner",
                            "Parallel Aware": true,
                            "Startup Cost": 54588.39,
                            "Total Cost": 54588.39,
                            "Plan Rows": 911722,
                            "Plan Width": 4,
                            "Actual Startup Time": 387.176,
                            "Actual Total Time": 387.178,
                            "Actual Rows": 777932,
                            "Actual Loops": 2,
                            "Hash Buckets": 2097152,
                            "Original Hash Buckets": 2097152,
                            "Hash Batches": 1,
                            "Original Hash Batches": 1,
                            "Peak Memory Usage": 77280,
                            "Plans": [
                              {
                                "Node Type": "Seq Scan",
                                "Parent Relationship": "Outer",
                                "Parallel Aware": true,
                                "Relation Name": "title",
                                "Alias": "t",
                                "Startup Cost": 0.0,
                                "Total Cost": 54588.39,
                                "Plan Rows": 911722,
                                "Plan Width": 4,
                                "Actual Startup Time": 0.051,
                                "Actual Total Time": 163.421,
                                "Actual Rows": 777932,
                                "Actual Loops": 2,
                                "Filter": "(kind_id > 4)",
                                "Rows Removed by Filter": 486224
                              }
                            ]
                          }
                        ]
                      }
                    ]
                  }
                ]
              }
            ]
          }
        ]
      }
    ]
  },
  "Planning Time": 1.011,
  "Triggers": [],
  "Execution Time": 5685.834
}