[
  {
    "Plan": {
      "Node Type": "Aggregate",
      "Strategy": "Plain",
      "Partial Mode": "Finalize",
      "Parallel Aware": false,
      "Startup Cost": 53821.53,
      "Total Cost": 53821.54,
      "Plan Rows": 1,
      "Plan Width": 8,
      "Actual Startup Time": 201.559,
      "Actual Total Time": 221.814,
      "Actual Rows": 1,
      "Actual Loops": 1,
      "Plans": [
        {
          "Node Type": "Gather",
          "Parent Relationship": "Outer",
          "Parallel Aware": false,
          "Startup Cost": 53821.11,
          "Total Cost": 53821.52,
          "Plan Rows": 4,
          "Plan Width": 8,
          "Actual Startup Time": 195.937,
          "Actual Total Time": 221.803,
          "Actual Rows": 5,
          "Actual Loops": 1,
          "Workers Planned": 4,
          "Workers Launched": 4,
          "Single Copy": false,
          "Plans": [
            {
              "Node Type": "Aggregate",
              "Strategy": "Plain",
              "Partial Mode": "Partial",
              "Parent Relationship": "Outer",
              "Parallel Aware": false,
              "Startup Cost": 52821.11,
              "Total Cost": 52821.12,
              "Plan Rows": 1,
              "Plan Width": 8,
              "Actual Startup Time": 189.601,
              "Actual Total Time": 189.602,
              "Actual Rows": 1,
              "Actual Loops": 5,
              "Plans": [
                {
                  "Node Type": "Nested Loop",
                  "Parent Relationship": "Outer",
                  "Parallel Aware": false,
                  "Join Type": "Inner",
                  "Startup Cost": 1.0,
                  "Total Cost": 52783.66,
                  "Plan Rows": 14978,
                  "Plan Width": 0,
                  "Actual Startup Time": 5.565,
                  "Actual Total Time": 182.95,
                  "Actual Rows": 144801,
                  "Actual Loops": 5,
                  "Inner Unique": false,
                  "Join Filter": "(t.id = ci.movie_id)",
                  "Rows Removed by Join Filter": 0,
                  "Plans": [
                    {
                      "Node Type": "Nested Loop",
                      "Parent Relationship": "Outer",
                      "Parallel Aware": false,
                      "Join Type": "Inner",
                      "Startup Cost": 0.43,
                      "Total Cost": 50338.02,
                      "Plan Rows": 1244,
                      "Plan Width": 8,
                      "Actual Startup Time": 3.186,
                      "Actual Total Time": 81.239,
                      "Actual Rows": 4193,
                      "Actual Loops": 5,
                      "Inner Unique": false,
                      "Plans": [
                        {
                          "Node Type": "Seq Scan",
                          "Parent Relationship": "Outer",
                          "Parallel Aware": true,
                          "Relation Name": "title",
                          "Alias": "t",
                          "Startup Cost": 0.0,
                          "Total Cost": 43899.32,
                          "Plan Rows": 695,
                          "Plan Width": 4,
                          "Actual Startup Time": 2.131,
                          "Actual Total Time": 73.406,
                          "Actual Rows": 568,
                          "Actual Loops": 5,
                          "Filter": "(production_year = 1948)",
                          "Rows Removed by Filter": 505094
                        },
                        {
                          "Node Type": "Index Only Scan",
                          "Parent Relationship": "Inner",
                          "Parallel Aware": false,
                          "Scan Direction": "Forward",
                          "Index Name": "movie_id_movie_keyword",
                          "Relation Name": "movie_keyword",
                          "Alias": "mk",
                          "Startup Cost": 0.43,
                          "Total Cost": 8.8,
                          "Plan Rows": 46,
                          "Plan Width": 4,
                          "Actual Startup Time": 0.011,
                          "Actual Total Time": 0.013,
                          "Actual Rows": 7,
                          "Actual Loops": 2840,
                          "Index Cond": "(movie_id = t.id)",
                          "Rows Removed by Index Recheck": 0,
                          "Heap Fetches": 20967
                        }
                      ]
                    },
                    {
                      "Node Type": "Index Scan",
                      "Parent Relationship": "Inner",
                      "Parallel Aware": false,
                      "Scan Direction": "Forward",
                      "Index Name": "movie_id_cast_info",
                      "Relation Name": "cast_info",
                      "Alias": "ci",
                      "Startup Cost": 0.56,
                      "Total Cost": 1.6,
                      "Plan Rows": 29,
                      "Plan Width": 4,
                      "Actual Startup Time": 0.003,
                      "Actual Total Time": 0.021,
                      "Actual Rows": 35,
                      "Actual Loops": 20967,
                      "Index Cond": "(movie_id = mk.movie_id)",
                      "Rows Removed by Index Recheck": 0,
                      "Filter": "(person_id < 3073120)",
                      "Rows Removed by Filter": 4
                    }
                  ]
                }
              ]
            }
          ]
        }
      ]
    },
    "Planning Time": 1.1,
    "Triggers": [],
    "Execution Time": 221.908
  }
]