{
  "Plan": {
    "Node Type": "Aggregate",
    "Strategy": "Plain",
    "Partial Mode": "Finalize",
    "Parallel Aware": false,
    "Startup Cost": 117715.29,
    "Total Cost": 117715.3,
    "Plan Rows": 1,
    "Plan Width": 8,
    "Actual Startup Time": 448.227,
    "Actual Total Time": 462.126,
    "Actual Rows": 1,
    "Actual Loops": 1,
    "Plans": [
      {
        "Node Type": "Gather",
        "Parent Relationship": "Outer",
        "Parallel Aware": false,
        "Startup Cost": 117715.18,
        "Total Cost": 117715.29,
        "Plan Rows": 1,
        "Plan Width": 8,
        "Actual Startup Time": 447.423,
        "Actual Total Time": 462.118,
        "Actual Rows": 2,
        "Actual Loops": 1,
        "Workers Planned": 1,
        "Workers Launched": 1,
        "Single Copy": false,
        "Plans": [
          {
            "Node Type": "Aggregate",
            "Strategy": "Plain",
            "Partial Mode": "Partial",
            "Parent Relationship": "Outer",
            "Parallel Aware": false,
            "Startup Cost": 116715.18,
            "Total Cost": 116715.19,
            "Plan Rows": 1,
            "Plan Width": 8,
            "Actual Startup Time": 443.532,
            "Actual Total Time": 443.536,
            "Actual Rows": 1,
            "Actual Loops": 2,
            "Plans": [
              {
                "Node Type": "Hash Join",
                "Parent Relationship": "Outer",
                "Parallel Aware": true,
                "Join Type": "Inner",
                "Startup Cost": 81707.98,
                "Total Cost": 116485.08,
                "Plan Rows": 92040,
                "Plan Width": 0,
                "Actual Startup Time": 256.077,
                "Actual Total Time": 438.388,
                "Actual Rows": 115225,
                "Actual Loops": 2,
                "Inner Unique": true,
                "Hash Cond": "(mk.movie_id = t.id)",
                "Plans": [
                  {
                    "Node Type": "Bitmap Heap Scan",
                    "Parent Relationship": "Outer",
                    "Parallel Aware": true,
                    "Relation Name": "movie_keyword",
                    "Alias": "mk",
                    "Startup Cost": 24612.62,
                    "Total Cost": 57598.1,
                    "Plan Rows": 682519,
                    "Plan Width": 4,
                    "Actual Startup Time": 66.296,
                    "Actual Total Time": 164.992,
                    "Actual Rows": 584391,
                    "Actual Loops": 2,
                    "Recheck Cond": "(keyword_id > 16006)",
                    "Rows Removed by Index Recheck": 0,
                    "Exact Heap Blocks": 13676,
                    "Lossy Heap Blocks": 0,
                    "Plans": [
                      {
                        "Node Type": "Bitmap Index Scan",
                        "Parent Relationship": "Outer",
                        "Parallel Aware": false,
                        "Index Name": "keyword_id_movie_keyword",
                        "Startup Cost": 0.0,
                        "Total Cost": 24322.55,
                        "Plan Rows": 1160282,
                        "Plan Width": 0,
                        "Actual Startup Time": 62.656,
                        "Actual Total Time": 62.657,
                        "Actual Rows": 1168782,
                        "Actual Loops": 1,
                        "Index Cond": "(keyword_id > 16006)"
                      }
                    ]
                  },
                  {
                    "Node Type": "Hash",
                    "Parent Relationship": "Inner",
                    "Parallel Aware": true,
                    "Startup Cost": 54588.39,
                    "Total Cost": 54588.39,
                    "Plan Rows": 200558,
                    "Plan Width": 4,
                    "Actual Startup Time": 183.669,
                    "Actual Total Time": 183.67,
                    "Actual Rows": 176040,
                    "Actual Loops": 2,
                    "Hash Buckets": 524288,
                    "Original Hash Buckets": 524288,
                    "Hash Batches": 1,
                    "Original Hash Batches": 1,
                    "Peak Memory Usage": 17888,
                    "Plans": [
                      {
                        "Node Type": "Seq Scan",
                        "Parent Relationship": "Outer",
                        "Parallel Aware": true,
                        "Relation Name": "title",
                        "Alias": "t",
                        "Startup Cost": 0.0,
                        "Total Cost": 54588.39,
                        "Plan Rows": 200558,
                        "Plan Width": 4,
                        "Actual Startup Time": 0.027,
                        "Actual Total Time": 137.125,
                        "Actual Rows": 176040,
                        "Actual Loops": 2,
                        "Filter": "(production_year < 1969)",
                        "Rows Removed by Filter": 1088116
                      }
                    ]
                  }
                ]
              }
            ]
          }
        ]
      }
    ]
  },
  "Planning Time": 0.704,
  "Triggers": [],
  "Execution Time": 462.314
}