[
    {
        "Bao": {
            "Bao prediction": 549.817,
            "Bao recommended hint": "(no hint)"
        }
    },
    {
        "Plan": {
            "Node Type": "Aggregate",
            "Strategy": "Plain",
            "Partial Mode": "Simple",
            "Parallel Aware": false,
            "Startup Cost": 26324.03,
            "Total Cost": 26324.04,
            "Plan Rows": 1,
            "Plan Width": 8,
            "Actual Startup Time": 30.712,
            "Actual Total Time": 30.713,
            "Actual Rows": 1,
            "Actual Loops": 1,
            "Output": [
                "count(*)"
            ],
            "Plans": [
                {
                    "Node Type": "Bitmap Heap Scan",
                    "Parent Relationship": "Outer",
                    "Parallel Aware": false,
                    "Relation Name": "movie_keyword",
                    "Schema": "public",
                    "Alias": "mk",
                    "Startup Cost": 541.21,
                    "Total Cost": 26260.56,
                    "Plan Rows": 25391,
                    "Plan Width": 0,
                    "Actual Startup Time": 8.643,
                    "Actual Total Time": 28.078,
                    "Actual Rows": 21791,
                    "Actual Loops": 1,
                    "Recheck Cond": "(mk.keyword_id > 116022)",
                    "Rows Removed by Index Recheck": 0,
                    "Exact Heap Blocks": 6527,
                    "Lossy Heap Blocks": 0,
                    "Plans": [
                        {
                            "Node Type": "Bitmap Index Scan",
                            "Parent Relationship": "Outer",
                            "Parallel Aware": false,
                            "Index Name": "keyword_id_movie_keyword",
                            "Startup Cost": 0.0,
                            "Total Cost": 534.87,
                            "Plan Rows": 25391,
                            "Plan Width": 0,
                            "Actual Startup Time": 5.434,
                            "Actual Total Time": 5.434,
                            "Actual Rows": 21791,
                            "Actual Loops": 1,
                            "Index Cond": "(mk.keyword_id > 116022)"
                        }
                    ]
                }
            ]
        },
        "Planning Time": 1756.312,
        "Triggers": [],
        "Execution Time": 30.817
    }
]