[
  {
    "Plan": {
      "Node Type": "Aggregate",
      "Strategy": "Plain",
      "Partial Mode": "Finalize",
      "Parallel Aware": false,
      "Startup Cost": 56042.3,
      "Total Cost": 56042.31,
      "Plan Rows": 1,
      "Plan Width": 8,
      "Actual Startup Time": 98.161,
      "Actual Total Time": 110.643,
      "Actual Rows": 1,
      "Actual Loops": 1,
      "Plans": [
        {
          "Node Type": "Gather",
          "Parent Relationship": "Outer",
          "Parallel Aware": false,
          "Startup Cost": 56041.88,
          "Total Cost": 56042.29,
          "Plan Rows": 4,
          "Plan Width": 8,
          "Actual Startup Time": 98.003,
          "Actual Total Time": 110.635,
          "Actual Rows": 5,
          "Actual Loops": 1,
          "Workers Planned": 4,
          "Workers Launched": 4,
          "Single Copy": false,
          "Plans": [
            {
              "Node Type": "Aggregate",
              "Strategy": "Plain",
              "Partial Mode": "Partial",
              "Parent Relationship": "Outer",
              "Parallel Aware": false,
              "Startup Cost": 55041.88,
              "Total Cost": 55041.89,
              "Plan Rows": 1,
              "Plan Width": 8,
              "Actual Startup Time": 92.035,
              "Actual Total Time": 92.036,
              "Actual Rows": 1,
              "Actual Loops": 5,
              "Plans": [
                {
                  "Node Type": "Nested Loop",
                  "Parent Relationship": "Outer",
                  "Parallel Aware": false,
                  "Join Type": "Inner",
                  "Startup Cost": 0.43,
                  "Total Cost": 55039.71,
                  "Plan Rows": 867,
                  "Plan Width": 0,
                  "Actual Startup Time": 3.995,
                  "Actual Total Time": 92.001,
                  "Actual Rows": 211,
                  "Actual Loops": 5,
                  "Inner Unique": false,
                  "Plans": [
                    {
                      "Node Type": "Seq Scan",
                      "Parent Relationship": "Outer",
                      "Parallel Aware": true,
                      "Relation Name": "title",
                      "Alias": "t",
                      "Startup Cost": 0.0,
                      "Total Cost": 45479.59,
                      "Plan Rows": 1588,
                      "Plan Width": 4,
                      "Actual Startup Time": 0.371,
                      "Actual Total Time": 86.589,
                      "Actual Rows": 897,
                      "Actual Loops": 5,
                      "Filter": "((kind_id > 1) AND (production_year = 1954))",
                      "Rows Removed by Filter": 504765
                    },
                    {
                      "Node Type": "Index Only Scan",
                      "Parent Relationship": "Inner",
                      "Parallel Aware": false,
                      "Scan Direction": "Forward",
                      "Index Name": "movie_id_movie_info_idx",
                      "Relation Name": "movie_info_idx",
                      "Alias": "mi_idx",
                      "Startup Cost": 0.43,
                      "Total Cost": 5.99,
                      "Plan Rows": 3,
                      "Plan Width": 4,
                      "Actual Startup Time": 0.005,
                      "Actual Total Time": 0.005,
                      "Actual Rows": 0,
                      "Actual Loops": 4487,
                      "Index Cond": "(movie_id = t.id)",
                      "Rows Removed by Index Recheck": 0,
                      "Heap Fetches": 1056
                    }
                  ]
                }
              ]
            }
          ]
        }
      ]
    },
    "Planning Time": 0.612,
    "Triggers": [],
    "Execution Time": 110.715
  }
]