[
  {
    "Plan": {
      "Node Type": "Aggregate",
      "Strategy": "Plain",
      "Partial Mode": "Finalize",
      "Parallel Aware": false,
      "Startup Cost": 75494.96,
      "Total Cost": 75494.97,
      "Plan Rows": 1,
      "Plan Width": 8,
      "Actual Startup Time": 211.053,
      "Actual Total Time": 224.448,
      "Actual Rows": 1,
      "Actual Loops": 1,
      "Plans": [
        {
          "Node Type": "Gather",
          "Parent Relationship": "Outer",
          "Parallel Aware": false,
          "Startup Cost": 75494.65,
          "Total Cost": 75494.96,
          "Plan Rows": 3,
          "Plan Width": 8,
          "Actual Startup Time": 210.653,
          "Actual Total Time": 224.439,
          "Actual Rows": 4,
          "Actual Loops": 1,
          "Workers Planned": 3,
          "Workers Launched": 3,
          "Single Copy": false,
          "Plans": [
            {
              "Node Type": "Aggregate",
              "Strategy": "Plain",
              "Partial Mode": "Partial",
              "Parent Relationship": "Outer",
              "Parallel Aware": false,
              "Startup Cost": 74494.65,
              "Total Cost": 74494.66,
              "Plan Rows": 1,
              "Plan Width": 8,
              "Actual Startup Time": 205.815,
              "Actual Total Time": 205.818,
              "Actual Rows": 1,
              "Actual Loops": 4,
              "Plans": [
                {
                  "Node Type": "Hash Join",
                  "Parent Relationship": "Outer",
                  "Parallel Aware": true,
                  "Join Type": "Inner",
                  "Startup Cost": 44104.76,
                  "Total Cost": 74468.57,
                  "Plan Rows": 10431,
                  "Plan Width": 0,
                  "Actual Startup Time": 98.691,
                  "Actual Total Time": 205.478,
                  "Actual Rows": 4346,
                  "Actual Loops": 4,
                  "Inner Unique": true,
                  "Hash Cond": "(mc.movie_id = t.id)",
                  "Plans": [
                    {
                      "Node Type": "Seq Scan",
                      "Parent Relationship": "Outer",
                      "Parallel Aware": true,
                      "Relation Name": "movie_companies",
                      "Alias": "mc",
                      "Startup Cost": 0.0,
                      "Total Cost": 29310.68,
                      "Plan Rows": 401192,
                      "Plan Width": 4,
                      "Actual Startup Time": 0.012,
                      "Actual Total Time": 71.421,
                      "Actual Rows": 314096,
                      "Actual Loops": 4,
                      "Filter": "(company_id < 11160)",
                      "Rows Removed by Filter": 338186
                    },
                    {
                      "Node Type": "Hash",
                      "Parent Relationship": "Inner",
                      "Parallel Aware": true,
                      "Startup Cost": 43899.32,
                      "Total Cost": 43899.32,
                      "Plan Rows": 16435,
                      "Plan Width": 4,
                      "Actual Startup Time": 97.567,
                      "Actual Total Time": 97.567,
                      "Actual Rows": 15957,
                      "Actual Loops": 4,
                      "Hash Buckets": 131072,
                      "Original Hash Buckets": 131072,
                      "Hash Batches": 1,
                      "Original Hash Batches": 1,
                      "Peak Memory Usage": 3584,
                      "Plans": [
                        {
                          "Node Type": "Seq Scan",
                          "Parent Relationship": "Outer",
                          "Parallel Aware": true,
                          "Relation Name": "title",
                          "Alias": "t",
                          "Startup Cost": 0.0,
                          "Total Cost": 43899.32,
                          "Plan Rows": 16435,
                          "Plan Width": 4,
                          "Actual Startup Time": 0.033,
                          "Actual Total Time": 90.597,
                          "Actual Rows": 15957,
                          "Actual Loops": 4,
                          "Filter": "(production_year = 2013)",
                          "Rows Removed by Filter": 616121
                        }
                      ]
                    }
                  ]
                }
              ]
            }
          ]
        }
      ]
    },
    "Planning Time": 0.289,
    "Triggers": [],
    "Execution Time": 224.486
  }
]