[
  {
    "Plan": {
      "Node Type": "Aggregate",
      "Strategy": "Plain",
      "Partial Mode": "Finalize",
      "Parallel Aware": false,
      "Startup Cost": 45086.21,
      "Total Cost": 45086.22,
      "Plan Rows": 1,
      "Plan Width": 8,
      "Actual Startup Time": 139.256,
      "Actual Total Time": 147.298,
      "Actual Rows": 1,
      "Actual Loops": 1,
      "Plans": [
        {
          "Node Type": "Gather",
          "Parent Relationship": "Outer",
          "Parallel Aware": false,
          "Startup Cost": 45085.89,
          "Total Cost": 45086.2,
          "Plan Rows": 3,
          "Plan Width": 8,
          "Actual Startup Time": 139.132,
          "Actual Total Time": 147.289,
          "Actual Rows": 4,
          "Actual Loops": 1,
          "Workers Planned": 3,
          "Workers Launched": 3,
          "Single Copy": false,
          "Plans": [
            {
              "Node Type": "Aggregate",
              "Strategy": "Plain",
              "Partial Mode": "Partial",
              "Parent Relationship": "Outer",
              "Parallel Aware": false,
              "Startup Cost": 44085.89,
              "Total Cost": 44085.9,
              "Plan Rows": 1,
              "Plan Width": 8,
              "Actual Startup Time": 132.746,
              "Actual Total Time": 132.747,
              "Actual Rows": 1,
              "Actual Loops": 4,
              "Plans": [
                {
                  "Node Type": "Seq Scan",
                  "Parent Relationship": "Outer",
                  "Parallel Aware": true,
                  "Relation Name": "movie_keyword",
                  "Alias": "mk",
                  "Startup Cost": 0.0,
                  "Total Cost": 42695.65,
                  "Plan Rows": 556094,
                  "Plan Width": 0,
                  "Actual Startup Time": 0.046,
                  "Actual Total Time": 110.637,
                  "Actual Rows": 433092,
                  "Actual Loops": 4,
                  "Filter": "(keyword_id < 2826)",
                  "Rows Removed by Filter": 697890
                }
              ]
            }
          ]
        }
      ]
    },
    "Planning Time": 0.151,
    "Triggers": [],
    "Execution Time": 147.345
  }
]