[
  {
    "Plan": {
      "Node Type": "Aggregate",
      "Strategy": "Plain",
      "Partial Mode": "Finalize",
      "Parallel Aware": false,
      "Startup Cost": 46997.18,
      "Total Cost": 46997.19,
      "Plan Rows": 1,
      "Plan Width": 8,
      "Actual Startup Time": 97.995,
      "Actual Total Time": 110.149,
      "Actual Rows": 1,
      "Actual Loops": 1,
      "Plans": [
        {
          "Node Type": "Gather",
          "Parent Relationship": "Outer",
          "Parallel Aware": false,
          "Startup Cost": 46996.76,
          "Total Cost": 46997.17,
          "Plan Rows": 4,
          "Plan Width": 8,
          "Actual Startup Time": 97.806,
          "Actual Total Time": 110.134,
          "Actual Rows": 5,
          "Actual Loops": 1,
          "Workers Planned": 4,
          "Workers Launched": 4,
          "Single Copy": false,
          "Plans": [
            {
              "Node Type": "Aggregate",
              "Strategy": "Plain",
              "Partial Mode": "Partial",
              "Parent Relationship": "Outer",
              "Parallel Aware": false,
              "Startup Cost": 45996.76,
              "Total Cost": 45996.77,
              "Plan Rows": 1,
              "Plan Width": 8,
              "Actual Startup Time": 91.864,
              "Actual Total Time": 91.866,
              "Actual Rows": 1,
              "Actual Loops": 5,
              "Plans": [
                {
                  "Node Type": "Seq Scan",
                  "Parent Relationship": "Outer",
                  "Parallel Aware": true,
                  "Relation Name": "title",
                  "Alias": "t",
                  "Startup Cost": 0.0,
                  "Total Cost": 45479.59,
                  "Plan Rows": 206869,
                  "Plan Width": 0,
                  "Actual Startup Time": 0.036,
                  "Actual Total Time": 84.198,
                  "Actual Rows": 169485,
                  "Actual Loops": 5,
                  "Filter": "((kind_id < 4) AND (production_year > 0))",
                  "Rows Removed by Filter": 336178
                }
              ]
            }
          ]
        }
      ]
    },
    "Planning Time": 0.197,
    "Triggers": [],
    "Execution Time": 110.218
  }
]