[
  {
    "Plan": {
      "Node Type": "Aggregate",
      "Strategy": "Plain",
      "Partial Mode": "Finalize",
      "Parallel Aware": false,
      "Startup Cost": 334989.08,
      "Total Cost": 334989.09,
      "Plan Rows": 1,
      "Plan Width": 8,
      "Actual Startup Time": 636.845,
      "Actual Total Time": 677.93,
      "Actual Rows": 1,
      "Actual Loops": 1,
      "Plans": [
        {
          "Node Type": "Gather",
          "Parent Relationship": "Outer",
          "Parallel Aware": false,
          "Startup Cost": 334988.46,
          "Total Cost": 334989.07,
          "Plan Rows": 6,
          "Plan Width": 8,
          "Actual Startup Time": 636.664,
          "Actual Total Time": 677.919,
          "Actual Rows": 7,
          "Actual Loops": 1,
          "Workers Planned": 6,
          "Workers Launched": 6,
          "Single Copy": false,
          "Plans": [
            {
              "Node Type": "Aggregate",
              "Strategy": "Plain",
              "Partial Mode": "Partial",
              "Parent Relationship": "Outer",
              "Parallel Aware": false,
              "Startup Cost": 333988.46,
              "Total Cost": 333988.47,
              "Plan Rows": 1,
              "Plan Width": 8,
              "Actual Startup Time": 629.44,
              "Actual Total Time": 629.441,
              "Actual Rows": 1,
              "Actual Loops": 7,
              "Plans": [
                {
                  "Node Type": "Seq Scan",
                  "Parent Relationship": "Outer",
                  "Parallel Aware": true,
                  "Relation Name": "cast_info",
                  "Alias": "ci",
                  "Startup Cost": 0.0,
                  "Total Cost": 328211.39,
                  "Plan Rows": 2310827,
                  "Plan Width": 0,
                  "Actual Startup Time": 237.351,
                  "Actual Total Time": 542.704,
                  "Actual Rows": 1941573,
                  "Actual Loops": 7,
                  "Filter": "(person_id > 2312135)",
                  "Rows Removed by Filter": 3236190
                }
              ]
            }
          ]
        }
      ]
    },
    "Planning Time": 0.196,
    "Triggers": [],
    "Execution Time": 677.999
  }
]