[
    {
        "Bao": {
            "Bao prediction": "NaN",
            "Bao recommended hint": "(no hint)"
        }
    },
    {
        "Plan": {
            "Node Type": "Aggregate",
            "Strategy": "Plain",
            "Partial Mode": "Finalize",
            "Parallel Aware": false,
            "Startup Cost": 33109.1,
            "Total Cost": 33109.11,
            "Plan Rows": 1,
            "Plan Width": 8,
            "Actual Startup Time": 92.702,
            "Actual Total Time": 98.387,
            "Actual Rows": 1,
            "Actual Loops": 1,
            "Output": [
                "count(*)"
            ],
            "Plans": [
                {
                    "Node Type": "Gather",
                    "Parent Relationship": "Outer",
                    "Parallel Aware": false,
                    "Startup Cost": 33108.78,
                    "Total Cost": 33109.09,
                    "Plan Rows": 3,
                    "Plan Width": 8,
                    "Actual Startup Time": 92.624,
                    "Actual Total Time": 98.382,
                    "Actual Rows": 4,
                    "Actual Loops": 1,
                    "Output": [
                        "(PARTIAL count(*))"
                    ],
                    "Workers Planned": 3,
                    "Workers Launched": 3,
                    "Single Copy": false,
                    "Plans": [
                        {
                            "Node Type": "Aggregate",
                            "Strategy": "Plain",
                            "Partial Mode": "Partial",
                            "Parent Relationship": "Outer",
                            "Parallel Aware": false,
                            "Startup Cost": 32108.78,
                            "Total Cost": 32108.79,
                            "Plan Rows": 1,
                            "Plan Width": 8,
                            "Actual Startup Time": 84.728,
                            "Actual Total Time": 84.728,
                            "Actual Rows": 1,
                            "Actual Loops": 4,
                            "Output": [
                                "PARTIAL count(*)"
                            ],
                            "Workers": [
                                {
                                    "Worker Number": 0,
                                    "Actual Startup Time": 81.887,
                                    "Actual Total Time": 81.888,
                                    "Actual Rows": 1,
                                    "Actual Loops": 1
                                },
                                {
                                    "Worker Number": 1,
                                    "Actual Startup Time": 81.99,
                                    "Actual Total Time": 81.99,
                                    "Actual Rows": 1,
                                    "Actual Loops": 1
                                },
                                {
                                    "Worker Number": 2,
                                    "Actual Startup Time": 82.666,
                                    "Actual Total Time": 82.667,
                                    "Actual Rows": 1,
                                    "Actual Loops": 1
                                }
                            ],
                            "Plans": [
                                {
                                    "Node Type": "Seq Scan",
                                    "Parent Relationship": "Outer",
                                    "Parallel Aware": true,
                                    "Relation Name": "movie_companies",
                                    "Schema": "public",
                                    "Alias": "mc",
                                    "Startup Cost": 0.0,
                                    "Total Cost": 31414.82,
                                    "Plan Rows": 277585,
                                    "Plan Width": 0,
                                    "Actual Startup Time": 40.57,
                                    "Actual Total Time": 74.141,
                                    "Actual Rows": 266702,
                                    "Actual Loops": 4,
                                    "Output": [
                                        "id",
                                        "movie_id",
                                        "company_id",
                                        "company_type_id",
                                        "note"
                                    ],
                                    "Filter": "((mc.company_id > 3141) AND (mc.company_type_id = 2))",
                                    "Rows Removed by Filter": 385580,
                                    "Workers": [
                                        {
                                            "Worker Number": 0,
                                            "Actual Startup Time": 37.725,
                                            "Actual Total Time": 71.576,
                                            "Actual Rows": 255192,
                                            "Actual Loops": 1
                                        },
                                        {
                                            "Worker Number": 1,
                                            "Actual Startup Time": 37.839,
                                            "Actual Total Time": 71.658,
                                            "Actual Rows": 250899,
                                            "Actual Loops": 1
                                        },
                                        {
                                            "Worker Number": 2,
                                            "Actual Startup Time": 38.507,
                                            "Actual Total Time": 72.26,
                                            "Actual Rows": 258071,
                                            "Actual Loops": 1
                                        }
                                    ]
                                }
                            ]
                        }
                    ]
                }
            ]
        },
        "Planning Time": 196.898,
        "Triggers": [],
        "Execution Time": 98.431
    }
]