{
  "Plan": {
    "Node Type": "Aggregate",
    "Strategy": "Plain",
    "Partial Mode": "Finalize",
    "Parallel Aware": false,
    "Startup Cost": 169414.71,
    "Total Cost": 169414.72,
    "Plan Rows": 1,
    "Plan Width": 8,
    "Actual Startup Time": 857.872,
    "Actual Total Time": 879.444,
    "Actual Rows": 1,
    "Actual Loops": 1,
    "Plans": [
      {
        "Node Type": "Gather",
        "Parent Relationship": "Outer",
        "Parallel Aware": false,
        "Startup Cost": 169414.6,
        "Total Cost": 169414.71,
        "Plan Rows": 1,
        "Plan Width": 8,
        "Actual Startup Time": 855.552,
        "Actual Total Time": 879.437,
        "Actual Rows": 2,
        "Actual Loops": 1,
        "Workers Planned": 1,
        "Workers Launched": 1,
        "Single Copy": false,
        "Plans": [
          {
            "Node Type": "Aggregate",
            "Strategy": "Plain",
            "Partial Mode": "Partial",
            "Parent Relationship": "Outer",
            "Parallel Aware": false,
            "Startup Cost": 168414.6,
            "Total Cost": 168414.61,
            "Plan Rows": 1,
            "Plan Width": 8,
            "Actual Startup Time": 847.911,
            "Actual Total Time": 847.917,
            "Actual Rows": 1,
            "Actual Loops": 2,
            "Plans": [
              {
                "Node Type": "Hash Join",
                "Parent Relationship": "Outer",
                "Parallel Aware": true,
                "Join Type": "Inner",
                "Startup Cost": 105124.86,
                "Total Cost": 167745.0,
                "Plan Rows": 267841,
                "Plan Width": 0,
                "Actual Startup Time": 498.903,
                "Actual Total Time": 835.705,
                "Actual Rows": 305420,
                "Actual Loops": 2,
                "Inner Unique": false,
                "Hash Cond": "(mk.movie_id = t.id)",
                "Plans": [
                  {
                    "Node Type": "Seq Scan",
                    "Parent Relationship": "Outer",
                    "Parallel Aware": true,
                    "Relation Name": "movie_keyword",
                    "Alias": "mk",
                    "Startup Cost": 0.0,
                    "Total Cost": 51065.35,
                    "Plan Rows": 2661135,
                    "Plan Width": 4,
                    "Actual Startup Time": 0.011,
                    "Actual Total Time": 149.175,
                    "Actual Rows": 2261965,
                    "Actual Loops": 2
                  },
                  {
                    "Node Type": "Hash",
                    "Parent Relationship": "Inner",
                    "Parallel Aware": true,
                    "Startup Cost": 103253.76,
                    "Total Cost": 103253.76,
                    "Plan Rows": 149688,
                    "Plan Width": 8,
                    "Actual Startup Time": 495.177,
                    "Actual Total Time": 495.181,
                    "Actual Rows": 86223,
                    "Actual Loops": 2,
                    "Hash Buckets": 262144,
                    "Original Hash Buckets": 262144,
                    "Hash Batches": 1,
                    "Original Hash Batches": 1,
                    "Peak Memory Usage": 8800,
                    "Plans": [
                      {
                        "Node Type": "Hash Join",
                        "Parent Relationship": "Outer",
                        "Parallel Aware": true,
                        "Join Type": "Inner",
                        "Startup Cost": 63994.83,
                        "Total Cost": 103253.76,
                        "Plan Rows": 149688,
                        "Plan Width": 8,
                        "Actual Startup Time": 268.503,
                        "Actual Total Time": 475.587,
                        "Actual Rows": 86223,
                        "Actual Loops": 2,
                        "Inner Unique": true,
                        "Hash Cond": "(mc.movie_id = t.id)",
                        "Plans": [
                          {
                            "Node Type": "Seq Scan",
                            "Parent Relationship": "Outer",
                            "Parallel Aware": true,
                            "Relation Name": "movie_companies",
                            "Alias": "mc",
                            "Startup Cost": 0.0,
                            "Total Cost": 37974.77,
                            "Plan Rows": 489203,
                            "Plan Width": 4,
                            "Actual Startup Time": 0.016,
                            "Actual Total Time": 103.518,
                            "Actual Rows": 413858,
                            "Actual Loops": 2,
                            "Filter": "(company_id < 2042)",
                            "Rows Removed by Filter": 890706
                          },
                          {
                            "Node Type": "Hash",
                            "Parent Relationship": "Inner",
                            "Parallel Aware": true,
                            "Startup Cost": 58306.47,
                            "Total Cost": 58306.47,
                            "Plan Rows": 455069,
                            "Plan Width": 4,
                            "Actual Startup Time": 261.429,
                            "Actual Total Time": 261.43,
                            "Actual Rows": 420005,
                            "Actual Loops": 2,
                            "Hash Buckets": 1048576,
                            "Original Hash Buckets": 1048576,
                            "Hash Batches": 1,
                            "Original Hash Batches": 1,
                            "Peak Memory Usage": 41088,
                            "Plans": [
                              {
                                "Node Type": "Seq Scan",
                                "Parent Relationship": "Outer",
                                "Parallel Aware": true,
                                "Relation Name": "title",
                                "Alias": "t",
                                "Startup Cost": 0.0,
                                "Total Cost": 58306.47,
                                "Plan Rows": 455069,
                                "Plan Width": 4,
                                "Actual Startup Time": 0.029,
                                "Actual Total Time": 158.778,
                                "Actual Rows": 420005,
                                "Actual Loops": 2,
                                "Filter": "((production_year > 2002) AND (kind_id = 7))",
                                "Rows Removed by Filter": 844151
                              }
                            ]
                          }
                        ]
                      }
                    ]
                  }
                ]
              }
            ]
          }
        ]
      }
    ]
  },
  "Planning Time": 1.077,
  "Triggers": [],
  "Execution Time": 879.531
}