[
  {
    "Plan": {
      "Node Type": "Aggregate",
      "Strategy": "Plain",
      "Partial Mode": "Finalize",
      "Parallel Aware": false,
      "Startup Cost": 34245.78,
      "Total Cost": 34245.79,
      "Plan Rows": 1,
      "Plan Width": 8,
      "Actual Startup Time": 30.629,
      "Actual Total Time": 38.186,
      "Actual Rows": 1,
      "Actual Loops": 1,
      "Plans": [
        {
          "Node Type": "Gather",
          "Parent Relationship": "Outer",
          "Parallel Aware": false,
          "Startup Cost": 34245.57,
          "Total Cost": 34245.78,
          "Plan Rows": 2,
          "Plan Width": 8,
          "Actual Startup Time": 30.524,
          "Actual Total Time": 38.18,
          "Actual Rows": 3,
          "Actual Loops": 1,
          "Workers Planned": 2,
          "Workers Launched": 2,
          "Single Copy": false,
          "Plans": [
            {
              "Node Type": "Aggregate",
              "Strategy": "Plain",
              "Partial Mode": "Partial",
              "Parent Relationship": "Outer",
              "Parallel Aware": false,
              "Startup Cost": 33245.57,
              "Total Cost": 33245.58,
              "Plan Rows": 1,
              "Plan Width": 8,
              "Actual Startup Time": 27.716,
              "Actual Total Time": 27.717,
              "Actual Rows": 1,
              "Actual Loops": 3,
              "Plans": [
                {
                  "Node Type": "Nested Loop",
                  "Parent Relationship": "Outer",
                  "Parallel Aware": false,
                  "Join Type": "Inner",
                  "Startup Cost": 137.95,
                  "Total Cost": 33238.97,
                  "Plan Rows": 2639,
                  "Plan Width": 0,
                  "Actual Startup Time": 1.156,
                  "Actual Total Time": 27.458,
                  "Actual Rows": 2101,
                  "Actual Loops": 3,
                  "Inner Unique": true,
                  "Plans": [
                    {
                      "Node Type": "Bitmap Heap Scan",
                      "Parent Relationship": "Outer",
                      "Parallel Aware": true,
                      "Relation Name": "movie_keyword",
                      "Alias": "mk",
                      "Startup Cost": 137.52,
                      "Total Cost": 14545.79,
                      "Plan Rows": 2639,
                      "Plan Width": 4,
                      "Actual Startup Time": 1.081,
                      "Actual Total Time": 9.836,
                      "Actual Rows": 2101,
                      "Actual Loops": 3,
                      "Recheck Cond": "(keyword_id = 135)",
                      "Rows Removed by Index Recheck": 0,
                      "Exact Heap Blocks": 3212,
                      "Lossy Heap Blocks": 0,
                      "Plans": [
                        {
                          "Node Type": "Bitmap Index Scan",
                          "Parent Relationship": "Outer",
                          "Parallel Aware": false,
                          "Index Name": "keyword_id_movie_keyword",
                          "Startup Cost": 0.0,
                          "Total Cost": 135.94,
                          "Plan Rows": 6334,
                          "Plan Width": 0,
                          "Actual Startup Time": 2.047,
                          "Actual Total Time": 2.047,
                          "Actual Rows": 6303,
                          "Actual Loops": 1,
                          "Index Cond": "(keyword_id = 135)"
                        }
                      ]
                    },
                    {
                      "Node Type": "Index Only Scan",
                      "Parent Relationship": "Inner",
                      "Parallel Aware": false,
                      "Scan Direction": "Forward",
                      "Index Name": "title_pkey",
                      "Relation Name": "title",
                      "Alias": "t",
                      "Startup Cost": 0.43,
                      "Total Cost": 7.08,
                      "Plan Rows": 1,
                      "Plan Width": 4,
                      "Actual Startup Time": 0.008,
                      "Actual Total Time": 0.008,
                      "Actual Rows": 1,
                      "Actual Loops": 6303,
                      "Index Cond": "(id = mk.movie_id)",
                      "Rows Removed by Index Recheck": 0,
                      "Heap Fetches": 6303
                    }
                  ]
                }
              ]
            }
          ]
        }
      ]
    },
    "Planning Time": 0.295,
    "Triggers": [],
    "Execution Time": 38.234
  }
]