[
  {
    "Plan": {
      "Node Type": "Aggregate",
      "Strategy": "Plain",
      "Partial Mode": "Finalize",
      "Parallel Aware": false,
      "Startup Cost": 117181.55,
      "Total Cost": 117181.56,
      "Plan Rows": 1,
      "Plan Width": 8,
      "Actual Startup Time": 1510.247,
      "Actual Total Time": 1584.537,
      "Actual Rows": 1,
      "Actual Loops": 1,
      "Plans": [
        {
          "Node Type": "Gather",
          "Parent Relationship": "Outer",
          "Parallel Aware": false,
          "Startup Cost": 117181.13,
          "Total Cost": 117181.54,
          "Plan Rows": 4,
          "Plan Width": 8,
          "Actual Startup Time": 1509.394,
          "Actual Total Time": 1584.524,
          "Actual Rows": 5,
          "Actual Loops": 1,
          "Workers Planned": 4,
          "Workers Launched": 4,
          "Single Copy": false,
          "Plans": [
            {
              "Node Type": "Aggregate",
              "Strategy": "Plain",
              "Partial Mode": "Partial",
              "Parent Relationship": "Outer",
              "Parallel Aware": false,
              "Startup Cost": 116181.13,
              "Total Cost": 116181.14,
              "Plan Rows": 1,
              "Plan Width": 8,
              "Actual Startup Time": 1500.172,
              "Actual Total Time": 1500.287,
              "Actual Rows": 1,
              "Actual Loops": 5,
              "Plans": [
                {
                  "Node Type": "Nested Loop",
                  "Parent Relationship": "Outer",
                  "Parallel Aware": false,
                  "Join Type": "Inner",
                  "Startup Cost": 23763.65,
                  "Total Cost": 115973.04,
                  "Plan Rows": 83235,
                  "Plan Width": 0,
                  "Actual Startup Time": 159.138,
                  "Actual Total Time": 1484.241,
                  "Actual Rows": 280323,
                  "Actual Loops": 5,
                  "Inner Unique": false,
                  "Plans": [
                    {
                      "Node Type": "Hash Join",
                      "Parent Relationship": "Outer",
                      "Parallel Aware": true,
                      "Join Type": "Inner",
                      "Startup Cost": 23763.09,
                      "Total Cost": 69313.75,
                      "Plan Rows": 22186,
                      "Plan Width": 8,
                      "Actual Startup Time": 158.868,
                      "Actual Total Time": 246.586,
                      "Actual Rows": 34087,
                      "Actual Loops": 5,
                      "Inner Unique": false,
                      "Hash Cond": "(t.id = mc.movie_id)",
                      "Plans": [
                        {
                          "Node Type": "Seq Scan",
                          "Parent Relationship": "Outer",
                          "Parallel Aware": true,
                          "Relation Name": "title",
                          "Alias": "t",
                          "Startup Cost": 0.0,
                          "Total Cost": 42318.73,
                          "Plan Rows": 632073,
                          "Plan Width": 4,
                          "Actual Startup Time": 0.015,
                          "Actual Total Time": 66.453,
                          "Actual Rows": 505662,
                          "Actual Loops": 5
                        },
                        {
                          "Node Type": "Hash",
                          "Parent Relationship": "Inner",
                          "Parallel Aware": true,
                          "Startup Cost": 23405.25,
                          "Total Cost": 23405.25,
                          "Plan Rows": 28627,
                          "Plan Width": 4,
                          "Actual Startup Time": 61.253,
                          "Actual Total Time": 61.255,
                          "Actual Rows": 34087,
                          "Actual Loops": 5,
                          "Hash Buckets": 262144,
                          "Original Hash Buckets": 131072,
                          "Hash Batches": 1,
                          "Original Hash Batches": 1,
                          "Peak Memory Usage": 9824,
                          "Plans": [
                            {
                              "Node Type": "Bitmap Heap Scan",
                              "Parent Relationship": "Outer",
                              "Parallel Aware": true,
                              "Relation Name": "movie_companies",
                              "Alias": "mc",
                              "Startup Cost": 3769.51,
                              "Total Cost": 23405.25,
                              "Plan Rows": 28627,
                              "Plan Width": 4,
                              "Actual Startup Time": 14.104,
                              "Actual Total Time": 39.391,
                              "Actual Rows": 34087,
                              "Actual Loops": 5,
                              "Recheck Cond": "(company_id > 123704)",
                              "Rows Removed by Index Recheck": 0,
                              "Filter": "(company_type_id = 2)",
                              "Rows Removed by Filter": 0,
                              "Exact Heap Blocks": 1635,
                              "Lossy Heap Blocks": 0,
                              "Plans": [
                                {
                                  "Node Type": "Bitmap Index Scan",
                                  "Parent Relationship": "Outer",
                                  "Parallel Aware": false,
                                  "Index Name": "company_id_movie_companies",
                                  "Startup Cost": 0.0,
                                  "Total Cost": 3747.32,
                                  "Plan Rows": 174786,
                                  "Plan Width": 0,
                                  "Actual Startup Time": 18.296,
                                  "Actual Total Time": 18.297,
                                  "Actual Rows": 170433,
                                  "Actual Loops": 1,
                                  "Index Cond": "(company_id > 123704)"
                                }
                              ]
                            }
                          ]
                        }
                      ]
                    },
                    {
                      "Node Type": "Index Scan",
                      "Parent Relationship": "Inner",
                      "Parallel Aware": false,
                      "Scan Direction": "Forward",
                      "Index Name": "movie_id_cast_info",
                      "Relation Name": "cast_info",
                      "Alias": "ci",
                      "Startup Cost": 0.56,
                      "Total Cost": 2.0,
                      "Plan Rows": 10,
                      "Plan Width": 4,
                      "Actual Startup Time": 0.026,
                      "Actual Total Time": 0.035,
                      "Actual Rows": 8,
                      "Actual Loops": 170433,
                      "Index Cond": "(movie_id = t.id)",
                      "Rows Removed by Index Recheck": 0,
                      "Filter": "((person_id > 837260) AND (role_id > 3))",
                      "Rows Removed by Filter": 18
                    }
                  ]
                }
              ]
            }
          ]
        }
      ]
    },
    "Planning Time": 1.195,
    "Triggers": [],
    "Execution Time": 1584.656
  }
]