[
    {
        "Bao": {
            "Bao prediction": "NaN",
            "Bao recommended hint": "(no hint)"
        }
    },
    {
        "Plan": {
            "Node Type": "Aggregate",
            "Strategy": "Plain",
            "Partial Mode": "Finalize",
            "Parallel Aware": false,
            "Startup Cost": 82477.67,
            "Total Cost": 82477.68,
            "Plan Rows": 1,
            "Plan Width": 8,
            "Actual Startup Time": 224.502,
            "Actual Total Time": 234.258,
            "Actual Rows": 1,
            "Actual Loops": 1,
            "Output": [
                "count(*)"
            ],
            "Plans": [
                {
                    "Node Type": "Gather",
                    "Parent Relationship": "Outer",
                    "Parallel Aware": false,
                    "Startup Cost": 82477.35,
                    "Total Cost": 82477.66,
                    "Plan Rows": 3,
                    "Plan Width": 8,
                    "Actual Startup Time": 224.06,
                    "Actual Total Time": 234.249,
                    "Actual Rows": 4,
                    "Actual Loops": 1,
                    "Output": [
                        "(PARTIAL count(*))"
                    ],
                    "Workers Planned": 3,
                    "Workers Launched": 3,
                    "Single Copy": false,
                    "Plans": [
                        {
                            "Node Type": "Aggregate",
                            "Strategy": "Plain",
                            "Partial Mode": "Partial",
                            "Parent Relationship": "Outer",
                            "Parallel Aware": false,
                            "Startup Cost": 81477.35,
                            "Total Cost": 81477.36,
                            "Plan Rows": 1,
                            "Plan Width": 8,
                            "Actual Startup Time": 214.974,
                            "Actual Total Time": 214.978,
                            "Actual Rows": 1,
                            "Actual Loops": 4,
                            "Output": [
                                "PARTIAL count(*)"
                            ],
                            "Workers": [
                                {
                                    "Worker Number": 0,
                                    "Actual Startup Time": 211.913,
                                    "Actual Total Time": 211.918,
                                    "Actual Rows": 1,
                                    "Actual Loops": 1
                                },
                                {
                                    "Worker Number": 1,
                                    "Actual Startup Time": 212.216,
                                    "Actual Total Time": 212.22,
                                    "Actual Rows": 1,
                                    "Actual Loops": 1
                                },
                                {
                                    "Worker Number": 2,
                                    "Actual Startup Time": 212.441,
                                    "Actual Total Time": 212.443,
                                    "Actual Rows": 1,
                                    "Actual Loops": 1
                                }
                            ],
                            "Plans": [
                                {
                                    "Node Type": "Hash Join",
                                    "Parent Relationship": "Outer",
                                    "Parallel Aware": true,
                                    "Join Type": "Inner",
                                    "Startup Cost": 54894.45,
                                    "Total Cost": 81468.7,
                                    "Plan Rows": 3459,
                                    "Plan Width": 0,
                                    "Actual Startup Time": 140.235,
                                    "Actual Total Time": 214.652,
                                    "Actual Rows": 3008,
                                    "Actual Loops": 4,
                                    "Inner Unique": true,
                                    "Hash Cond": "(mk.movie_id = t.id)",
                                    "Workers": [
                                        {
                                            "Worker Number": 0,
                                            "Actual Startup Time": 137.054,
                                            "Actual Total Time": 211.632,
                                            "Actual Rows": 2240,
                                            "Actual Loops": 1
                                        },
                                        {
                                            "Worker Number": 1,
                                            "Actual Startup Time": 137.804,
                                            "Actual Total Time": 211.922,
                                            "Actual Rows": 2359,
                                            "Actual Loops": 1
                                        },
                                        {
                                            "Worker Number": 2,
                                            "Actual Startup Time": 138.11,
                                            "Actual Total Time": 212.126,
                                            "Actual Rows": 3629,
                                            "Actual Loops": 1
                                        }
                                    ],
                                    "Plans": [
                                        {
                                            "Node Type": "Bitmap Heap Scan",
                                            "Parent Relationship": "Outer",
                                            "Parallel Aware": true,
                                            "Relation Name": "movie_keyword",
                                            "Schema": "public",
                                            "Alias": "mk",
                                            "Startup Cost": 9220.3,
                                            "Total Cost": 35426.57,
                                            "Plan Rows": 140182,
                                            "Plan Width": 4,
                                            "Actual Startup Time": 40.58,
                                            "Actual Total Time": 97.406,
                                            "Actual Rows": 106348,
                                            "Actual Loops": 4,
                                            "Output": [
                                                "mk.id",
                                                "mk.movie_id",
                                                "mk.keyword_id"
                                            ],
                                            "Recheck Cond": "(mk.keyword_id > 41089)",
                                            "Rows Removed by Index Recheck": 0,
                                            "Exact Heap Blocks": 7320,
                                            "Lossy Heap Blocks": 0,
                                            "Workers": [
                                                {
                                                    "Worker Number": 0,
                                                    "Actual Startup Time": 40.658,
                                                    "Actual Total Time": 98.699,
                                                    "Actual Rows": 88243,
                                                    "Actual Loops": 1
                                                },
                                                {
                                                    "Worker Number": 1,
                                                    "Actual Startup Time": 40.624,
                                                    "Actual Total Time": 98.605,
                                                    "Actual Rows": 82807,
                                                    "Actual Loops": 1
                                                },
                                                {
                                                    "Worker Number": 2,
                                                    "Actual Startup Time": 40.571,
                                                    "Actual Total Time": 98.501,
                                                    "Actual Rows": 117975,
                                                    "Actual Loops": 1
                                                }
                                            ],
                                            "Plans": [
                                                {
                                                    "Node Type": "Bitmap Index Scan",
                                                    "Parent Relationship": "Outer",
                                                    "Parallel Aware": false,
                                                    "Index Name": "keyword_id_movie_keyword",
                                                    "Startup Cost": 0.0,
                                                    "Total Cost": 9111.66,
                                                    "Plan Rows": 434563,
                                                    "Plan Width": 0,
                                                    "Actual Startup Time": 35.208,
                                                    "Actual Total Time": 35.209,
                                                    "Actual Rows": 425394,
                                                    "Actual Loops": 1,
                                                    "Index Cond": "(mk.keyword_id > 41089)"
                                                }
                                            ]
                                        },
                                        {
                                            "Node Type": "Hash",
                                            "Parent Relationship": "Inner",
                                            "Parallel Aware": true,
                                            "Startup Cost": 45479.21,
                                            "Total Cost": 45479.21,
                                            "Plan Rows": 15596,
                                            "Plan Width": 4,
                                            "Actual Startup Time": 98.231,
                                            "Actual Total Time": 98.232,
                                            "Actual Rows": 13442,
                                            "Actual Loops": 4,
                                            "Output": [
                                                "t.id"
                                            ],
                                            "Hash Buckets": 65536,
                                            "Original Hash Buckets": 65536,
                                            "Hash Batches": 1,
                                            "Original Hash Batches": 1,
                                            "Peak Memory Usage": 2688,
                                            "Workers": [
                                                {
                                                    "Worker Number": 0,
                                                    "Actual Startup Time": 95.319,
                                                    "Actual Total Time": 95.32,
                                                    "Actual Rows": 10652,
                                                    "Actual Loops": 1
                                                },
                                                {
                                                    "Worker Number": 1,
                                                    "Actual Startup Time": 95.559,
                                                    "Actual Total Time": 95.56,
                                                    "Actual Rows": 10365,
                                                    "Actual Loops": 1
                                                },
                                                {
                                                    "Worker Number": 2,
                                                    "Actual Startup Time": 95.835,
                                                    "Actual Total Time": 95.836,
                                                    "Actual Rows": 17048,
                                                    "Actual Loops": 1
                                                }
                                            ],
                                            "Plans": [
                                                {
                                                    "Node Type": "Seq Scan",
                                                    "Parent Relationship": "Outer",
                                                    "Parallel Aware": true,
                                                    "Relation Name": "title",
                                                    "Schema": "public",
                                                    "Alias": "t",
                                                    "Startup Cost": 0.0,
                                                    "Total Cost": 45479.21,
                                                    "Plan Rows": 15596,
                                                    "Plan Width": 4,
                                                    "Actual Startup Time": 0.22,
                                                    "Actual Total Time": 93.474,
                                                    "Actual Rows": 13442,
                                                    "Actual Loops": 4,
                                                    "Output": [
                                                        "t.id"
                                                    ],
                                                    "Filter": "((t.kind_id < 7) AND (t.production_year = 2011))",
                                                    "Rows Removed by Filter": 618636,
                                                    "Workers": [
                                                        {
                                                            "Worker Number": 0,
                                                            "Actual Startup Time": 0.349,
                                                            "Actual Total Time": 90.718,
                                                            "Actual Rows": 10652,
                                                            "Actual Loops": 1
                                                        },
                                                        {
                                                            "Worker Number": 1,
                                                            "Actual Startup Time": 0.408,
                                                            "Actual Total Time": 90.301,
                                                            "Actual Rows": 10365,
                                                            "Actual Loops": 1
                                                        },
                                                        {
                                                            "Worker Number": 2,
                                                            "Actual Startup Time": 0.07,
                                                            "Actual Total Time": 91.294,
                                                            "Actual Rows": 17048,
                                                            "Actual Loops": 1
                                                        }
                                                    ]
                                                }
                                            ]
                                        }
                                    ]
                                }
                            ]
                        }
                    ]
                }
            ]
        },
        "Planning Time": 322.012,
        "Triggers": [],
        "Execution Time": 234.382
    }
]