[
  {
    "Plan": {
      "Node Type": "Aggregate",
      "Strategy": "Plain",
      "Partial Mode": "Finalize",
      "Parallel Aware": false,
      "Startup Cost": 37526.21,
      "Total Cost": 37526.22,
      "Plan Rows": 1,
      "Plan Width": 8,
      "Actual Startup Time": 44.454,
      "Actual Total Time": 51.949,
      "Actual Rows": 1,
      "Actual Loops": 1,
      "Plans": [
        {
          "Node Type": "Gather",
          "Parent Relationship": "Outer",
          "Parallel Aware": false,
          "Startup Cost": 37525.99,
          "Total Cost": 37526.2,
          "Plan Rows": 2,
          "Plan Width": 8,
          "Actual Startup Time": 44.338,
          "Actual Total Time": 51.941,
          "Actual Rows": 3,
          "Actual Loops": 1,
          "Workers Planned": 2,
          "Workers Launched": 2,
          "Single Copy": false,
          "Plans": [
            {
              "Node Type": "Aggregate",
              "Strategy": "Plain",
              "Partial Mode": "Partial",
              "Parent Relationship": "Outer",
              "Parallel Aware": false,
              "Startup Cost": 36525.99,
              "Total Cost": 36526.0,
              "Plan Rows": 1,
              "Plan Width": 8,
              "Actual Startup Time": 38.423,
              "Actual Total Time": 38.425,
              "Actual Rows": 1,
              "Actual Loops": 3,
              "Plans": [
                {
                  "Node Type": "Nested Loop",
                  "Parent Relationship": "Outer",
                  "Parallel Aware": false,
                  "Join Type": "Inner",
                  "Startup Cost": 152.21,
                  "Total Cost": 36525.23,
                  "Plan Rows": 305,
                  "Plan Width": 0,
                  "Actual Startup Time": 4.354,
                  "Actual Total Time": 38.409,
                  "Actual Rows": 36,
                  "Actual Loops": 3,
                  "Inner Unique": false,
                  "Plans": [
                    {
                      "Node Type": "Nested Loop",
                      "Parent Relationship": "Outer",
                      "Parallel Aware": false,
                      "Join Type": "Inner",
                      "Startup Cost": 151.79,
                      "Total Cost": 36173.87,
                      "Plan Rows": 559,
                      "Plan Width": 8,
                      "Actual Startup Time": 3.579,
                      "Actual Total Time": 37.474,
                      "Actual Rows": 51,
                      "Actual Loops": 3,
                      "Inner Unique": true,
                      "Plans": [
                        {
                          "Node Type": "Bitmap Heap Scan",
                          "Parent Relationship": "Outer",
                          "Parallel Aware": true,
                          "Relation Name": "movie_keyword",
                          "Alias": "mk",
                          "Startup Cost": 151.36,
                          "Total Cost": 15607.09,
                          "Plan Rows": 2953,
                          "Plan Width": 4,
                          "Actual Startup Time": 2.833,
                          "Actual Total Time": 12.689,
                          "Actual Rows": 2109,
                          "Actual Loops": 3,
                          "Recheck Cond": "(keyword_id = 498)",
                          "Rows Removed by Index Recheck": 0,
                          "Exact Heap Blocks": 3236,
                          "Lossy Heap Blocks": 0,
                          "Plans": [
                            {
                              "Node Type": "Bitmap Index Scan",
                              "Parent Relationship": "Outer",
                              "Parallel Aware": false,
                              "Index Name": "keyword_id_movie_keyword",
                              "Startup Cost": 0.0,
                              "Total Cost": 149.59,
                              "Plan Rows": 7087,
                              "Plan Width": 0,
                              "Actual Startup Time": 5.275,
                              "Actual Total Time": 5.275,
                              "Actual Rows": 6326,
                              "Actual Loops": 1,
                              "Index Cond": "(keyword_id = 498)"
                            }
                          ]
                        },
                        {
                          "Node Type": "Index Scan",
                          "Parent Relationship": "Inner",
                          "Parallel Aware": false,
                          "Scan Direction": "Forward",
                          "Index Name": "title_pkey",
                          "Relation Name": "title",
                          "Alias": "t",
                          "Startup Cost": 0.43,
                          "Total Cost": 6.96,
                          "Plan Rows": 1,
                          "Plan Width": 4,
                          "Actual Startup Time": 0.011,
                          "Actual Total Time": 0.011,
                          "Actual Rows": 0,
                          "Actual Loops": 6326,
                          "Index Cond": "(id = mk.movie_id)",
                          "Rows Removed by Index Recheck": 0,
                          "Filter": "((production_year > 2007) AND (kind_id = 7))",
                          "Rows Removed by Filter": 1
                        }
                      ]
                    },
                    {
                      "Node Type": "Index Only Scan",
                      "Parent Relationship": "Inner",
                      "Parallel Aware": false,
                      "Scan Direction": "Forward",
                      "Index Name": "movie_id_movie_info_idx",
                      "Relation Name": "movie_info_idx",
                      "Alias": "mi_idx",
                      "Startup Cost": 0.43,
                      "Total Cost": 0.6,
                      "Plan Rows": 3,
                      "Plan Width": 4,
                      "Actual Startup Time": 0.017,
                      "Actual Total Time": 0.017,
                      "Actual Rows": 1,
                      "Actual Loops": 154,
                      "Index Cond": "(movie_id = t.id)",
                      "Rows Removed by Index Recheck": 0,
                      "Heap Fetches": 108
                    }
                  ]
                }
              ]
            }
          ]
        }
      ]
    },
    "Planning Time": 1.37,
    "Triggers": [],
    "Execution Time": 52.055
  }
]