[
  {
    "Plan": {
      "Node Type": "Aggregate",
      "Strategy": "Plain",
      "Partial Mode": "Finalize",
      "Parallel Aware": false,
      "Startup Cost": 44629.17,
      "Total Cost": 44629.18,
      "Plan Rows": 1,
      "Plan Width": 8,
      "Actual Startup Time": 132.041,
      "Actual Total Time": 142.511,
      "Actual Rows": 1,
      "Actual Loops": 1,
      "Plans": [
        {
          "Node Type": "Gather",
          "Parent Relationship": "Outer",
          "Parallel Aware": false,
          "Startup Cost": 44628.86,
          "Total Cost": 44629.17,
          "Plan Rows": 3,
          "Plan Width": 8,
          "Actual Startup Time": 131.954,
          "Actual Total Time": 142.501,
          "Actual Rows": 4,
          "Actual Loops": 1,
          "Workers Planned": 3,
          "Workers Launched": 3,
          "Single Copy": false,
          "Plans": [
            {
              "Node Type": "Aggregate",
              "Strategy": "Plain",
              "Partial Mode": "Partial",
              "Parent Relationship": "Outer",
              "Parallel Aware": false,
              "Startup Cost": 43628.86,
              "Total Cost": 43628.87,
              "Plan Rows": 1,
              "Plan Width": 8,
              "Actual Startup Time": 126.628,
              "Actual Total Time": 126.63,
              "Actual Rows": 1,
              "Actual Loops": 4,
              "Plans": [
                {
                  "Node Type": "Seq Scan",
                  "Parent Relationship": "Outer",
                  "Parallel Aware": true,
                  "Relation Name": "movie_keyword",
                  "Alias": "mk",
                  "Startup Cost": 0.0,
                  "Total Cost": 42695.65,
                  "Plan Rows": 373281,
                  "Plan Width": 0,
                  "Actual Startup Time": 0.049,
                  "Actual Total Time": 110.959,
                  "Actual Rows": 289426,
                  "Actual Loops": 4,
                  "Filter": "(keyword_id < 1371)",
                  "Rows Removed by Filter": 841556
                }
              ]
            }
          ]
        }
      ]
    },
    "Planning Time": 0.139,
    "Triggers": [],
    "Execution Time": 142.554
  }
]