[
  {
    "Plan": {
      "Node Type": "Aggregate",
      "Strategy": "Plain",
      "Partial Mode": "Finalize",
      "Parallel Aware": false,
      "Startup Cost": 44622.34,
      "Total Cost": 44622.35,
      "Plan Rows": 1,
      "Plan Width": 8,
      "Actual Startup Time": 128.276,
      "Actual Total Time": 137.838,
      "Actual Rows": 1,
      "Actual Loops": 1,
      "Plans": [
        {
          "Node Type": "Gather",
          "Parent Relationship": "Outer",
          "Parallel Aware": false,
          "Startup Cost": 44622.02,
          "Total Cost": 44622.33,
          "Plan Rows": 3,
          "Plan Width": 8,
          "Actual Startup Time": 128.046,
          "Actual Total Time": 137.829,
          "Actual Rows": 4,
          "Actual Loops": 1,
          "Workers Planned": 3,
          "Workers Launched": 3,
          "Single Copy": false,
          "Plans": [
            {
              "Node Type": "Aggregate",
              "Strategy": "Plain",
              "Partial Mode": "Partial",
              "Parent Relationship": "Outer",
              "Parallel Aware": false,
              "Startup Cost": 43622.02,
              "Total Cost": 43622.03,
              "Plan Rows": 1,
              "Plan Width": 8,
              "Actual Startup Time": 121.343,
              "Actual Total Time": 121.344,
              "Actual Rows": 1,
              "Actual Loops": 4,
              "Plans": [
                {
                  "Node Type": "Seq Scan",
                  "Parent Relationship": "Outer",
                  "Parallel Aware": true,
                  "Relation Name": "movie_keyword",
                  "Alias": "mk",
                  "Startup Cost": 0.0,
                  "Total Cost": 42695.65,
                  "Plan Rows": 370548,
                  "Plan Width": 0,
                  "Actual Startup Time": 0.052,
                  "Actual Total Time": 106.625,
                  "Actual Rows": 289426,
                  "Actual Loops": 4,
                  "Filter": "(keyword_id < 1371)",
                  "Rows Removed by Filter": 841556
                }
              ]
            }
          ]
        }
      ]
    },
    "Planning Time": 0.182,
    "Triggers": [],
    "Execution Time": 137.9
  }
]