{
  "Plan": {
    "Node Type": "Aggregate",
    "Strategy": "Plain",
    "Partial Mode": "Finalize",
    "Parallel Aware": false,
    "Startup Cost": 497910.33,
    "Total Cost": 497910.34,
    "Plan Rows": 1,
    "Plan Width": 8,
    "Actual Startup Time": 2265.977,
    "Actual Total Time": 2311.537,
    "Actual Rows": 1,
    "Actual Loops": 1,
    "Plans": [
      {
        "Node Type": "Gather",
        "Parent Relationship": "Outer",
        "Parallel Aware": false,
        "Startup Cost": 497910.22,
        "Total Cost": 497910.33,
        "Plan Rows": 1,
        "Plan Width": 8,
        "Actual Startup Time": 2261.077,
        "Actual Total Time": 2311.528,
        "Actual Rows": 2,
        "Actual Loops": 1,
        "Workers Planned": 1,
        "Workers Launched": 1,
        "Single Copy": false,
        "Plans": [
          {
            "Node Type": "Aggregate",
            "Strategy": "Plain",
            "Partial Mode": "Partial",
            "Parent Relationship": "Outer",
            "Parallel Aware": false,
            "Startup Cost": 496910.22,
            "Total Cost": 496910.23,
            "Plan Rows": 1,
            "Plan Width": 8,
            "Actual Startup Time": 2254.752,
            "Actual Total Time": 2254.758,
            "Actual Rows": 1,
            "Actual Loops": 2,
            "Plans": [
              {
                "Node Type": "Hash Join",
                "Parent Relationship": "Outer",
                "Parallel Aware": true,
                "Join Type": "Inner",
                "Startup Cost": 208729.86,
                "Total Cost": 495901.86,
                "Plan Rows": 403344,
                "Plan Width": 0,
                "Actual Startup Time": 1207.637,
                "Actual Total Time": 2213.286,
                "Actual Rows": 853988,
                "Actual Loops": 2,
                "Inner Unique": false,
                "Hash Cond": "(ci.movie_id = t.id)",
                "Plans": [
                  {
                    "Node Type": "Index Scan",
                    "Parent Relationship": "Outer",
                    "Parallel Aware": true,
                    "Scan Direction": "Forward",
                    "Index Name": "role_id_cast_info",
                    "Relation Name": "cast_info",
                    "Alias": "ci",
                    "Startup Cost": 0.56,
                    "Total Cost": 276001.42,
                    "Plan Rows": 2346272,
                    "Plan Width": 4,
                    "Actual Startup Time": 0.121,
                    "Actual Total Time": 708.121,
                    "Actual Rows": 998512,
                    "Actual Loops": 2,
                    "Index Cond": "(role_id > 5)",
                    "Rows Removed by Index Recheck": 0,
                    "Filter": "(person_id < 1667062)",
                    "Rows Removed by Filter": 3244646
                  },
                  {
                    "Node Type": "Hash",
                    "Parent Relationship": "Inner",
                    "Parallel Aware": true,
                    "Startup Cost": 205533.44,
                    "Total Cost": 205533.44,
                    "Plan Rows": 255668,
                    "Plan Width": 8,
                    "Actual Startup Time": 1202.187,
                    "Actual Total Time": 1202.191,
                    "Actual Rows": 189281,
                    "Actual Loops": 2,
                    "Hash Buckets": 524288,
                    "Original Hash Buckets": 524288,
                    "Hash Batches": 1,
                    "Original Hash Batches": 1,
                    "Peak Memory Usage": 18944,
                    "Plans": [
                      {
                        "Node Type": "Merge Join",
                        "Parent Relationship": "Outer",
                        "Parallel Aware": false,
                        "Join Type": "Inner",
                        "Startup Cost": 93754.28,
                        "Total Cost": 205533.44,
                        "Plan Rows": 255668,
                        "Plan Width": 8,
                        "Actual Startup Time": 342.062,
                        "Actual Total Time": 1157.442,
                        "Actual Rows": 189281,
                        "Actual Loops": 2,
                        "Inner Unique": false,
                        "Merge Cond": "(t.id = mk.movie_id)",
                        "Plans": [
                          {
                            "Node Type": "Index Scan",
                            "Parent Relationship": "Outer",
                            "Parallel Aware": true,
                            "Scan Direction": "Forward",
                            "Index Name": "title_pkey",
                            "Relation Name": "title",
                            "Alias": "t",
                            "Startup Cost": 0.43,
                            "Total Cost": 103647.43,
                            "Plan Rows": 1202458,
                            "Plan Width": 4,
                            "Actual Startup Time": 0.084,
                            "Actual Total Time": 704.553,
                            "Actual Rows": 1015807,
                            "Actual Loops": 2,
                            "Filter": "(production_year > 1973)",
                            "Rows Removed by Filter": 247234
                          },
                          {
                            "Node Type": "Sort",
                            "Parent Relationship": "Inner",
                            "Parallel Aware": false,
                            "Startup Cost": 93742.14,
                            "Total Cost": 95086.06,
                            "Plan Rows": 537568,
                            "Plan Width": 4,
                            "Actual Startup Time": 313.484,
                            "Actual Total Time": 343.096,
                            "Actual Rows": 519482,
                            "Actual Loops": 2,
                            "Sort Key": [
                              "mk.movie_id"
                            ],
                            "Sort Method": "quicksort",
                            "Sort Space Used": 36639,
                            "Sort Space Type": "Memory",
                            "Workers": [
                              {
                                "Worker Number": 0,
                                "Sort Method": "quicksort",
                                "Sort Space Used": 36639,
                                "Sort Space Type": "Memory"
                              }
                            ],
                            "Plans": [
                              {
                                "Node Type": "Bitmap Heap Scan",
                                "Parent Relationship": "Outer",
                                "Parallel Aware": false,
                                "Relation Name": "movie_keyword",
                                "Alias": "mk",
                                "Startup Cost": 11402.58,
                                "Total Cost": 42576.18,
                                "Plan Rows": 537568,
                                "Plan Width": 4,
                                "Actual Startup Time": 54.365,
                                "Actual Total Time": 197.362,
                                "Actual Rows": 519482,
                                "Actual Loops": 2,
                                "Recheck Cond": "(keyword_id > 34833)",
                                "Rows Removed by Index Recheck": 0,
                                "Exact Heap Blocks": 23095,
                                "Lossy Heap Blocks": 0,
                                "Plans": [
                                  {
                                    "Node Type": "Bitmap Index Scan",
                                    "Parent Relationship": "Outer",
                                    "Parallel Aware": false,
                                    "Index Name": "keyword_id_movie_keyword",
                                    "Startup Cost": 0.0,
                                    "Total Cost": 11268.19,
                                    "Plan Rows": 537568,
                                    "Plan Width": 0,
                                    "Actual Startup Time": 50.599,
                                    "Actual Total Time": 50.599,
                                    "Actual Rows": 519482,
                                    "Actual Loops": 2,
                                    "Index Cond": "(keyword_id > 34833)"
                                  }
                                ]
                              }
                            ]
                          }
                        ]
                      }
                    ]
                  }
                ]
              }
            ]
          }
        ]
      }
    ]
  },
  "Planning Time": 1.163,
  "Triggers": [],
  "Execution Time": 2318.434
}