{
  "Plan": {
    "Node Type": "Aggregate",
    "Strategy": "Plain",
    "Partial Mode": "Finalize",
    "Parallel Aware": false,
    "Startup Cost": 577738.68,
    "Total Cost": 577738.69,
    "Plan Rows": 1,
    "Plan Width": 8,
    "Actual Startup Time": 3148.761,
    "Actual Total Time": 3201.927,
    "Actual Rows": 1,
    "Actual Loops": 1,
    "Plans": [
      {
        "Node Type": "Gather",
        "Parent Relationship": "Outer",
        "Parallel Aware": false,
        "Startup Cost": 577738.57,
        "Total Cost": 577738.68,
        "Plan Rows": 1,
        "Plan Width": 8,
        "Actual Startup Time": 3148.454,
        "Actual Total Time": 3201.918,
        "Actual Rows": 2,
        "Actual Loops": 1,
        "Workers Planned": 1,
        "Workers Launched": 1,
        "Single Copy": false,
        "Plans": [
          {
            "Node Type": "Aggregate",
            "Strategy": "Plain",
            "Partial Mode": "Partial",
            "Parent Relationship": "Outer",
            "Parallel Aware": false,
            "Startup Cost": 576738.57,
            "Total Cost": 576738.58,
            "Plan Rows": 1,
            "Plan Width": 8,
            "Actual Startup Time": 3142.788,
            "Actual Total Time": 3142.792,
            "Actual Rows": 1,
            "Actual Loops": 2,
            "Plans": [
              {
                "Node Type": "Hash Join",
                "Parent Relationship": "Outer",
                "Parallel Aware": true,
                "Join Type": "Inner",
                "Startup Cost": 54696.21,
                "Total Cost": 576429.57,
                "Plan Rows": 123601,
                "Plan Width": 0,
                "Actual Startup Time": 143.011,
                "Actual Total Time": 3137.964,
                "Actual Rows": 89048,
                "Actual Loops": 2,
                "Inner Unique": true,
                "Hash Cond": "(ci.movie_id = t.id)",
                "Plans": [
                  {
                    "Node Type": "Seq Scan",
                    "Parent Relationship": "Outer",
                    "Parallel Aware": true,
                    "Relation Name": "cast_info",
                    "Alias": "ci",
                    "Startup Cost": 0.0,
                    "Total Cost": 465792.95,
                    "Plan Rows": 21310595,
                    "Plan Width": 4,
                    "Actual Startup Time": 0.014,
                    "Actual Total Time": 1402.939,
                    "Actual Rows": 18122172,
                    "Actual Loops": 2
                  },
                  {
                    "Node Type": "Hash",
                    "Parent Relationship": "Inner",
                    "Parallel Aware": true,
                    "Startup Cost": 54588.39,
                    "Total Cost": 54588.39,
                    "Plan Rows": 8626,
                    "Plan Width": 4,
                    "Actual Startup Time": 141.663,
                    "Actual Total Time": 141.664,
                    "Actual Rows": 7300,
                    "Actual Loops": 2,
                    "Hash Buckets": 16384,
                    "Original Hash Buckets": 16384,
                    "Hash Batches": 1,
                    "Original Hash Batches": 1,
                    "Peak Memory Usage": 736,
                    "Plans": [
                      {
                        "Node Type": "Seq Scan",
                        "Parent Relationship": "Outer",
                        "Parallel Aware": true,
                        "Relation Name": "title",
                        "Alias": "t",
                        "Startup Cost": 0.0,
                        "Total Cost": 54588.39,
                        "Plan Rows": 8626,
                        "Plan Width": 4,
                        "Actual Startup Time": 0.121,
                        "Actual Total Time": 138.655,
                        "Actual Rows": 7300,
                        "Actual Loops": 2,
                        "Filter": "(production_year = 1967)",
                        "Rows Removed by Filter": 1256856
                      }
                    ]
                  }
                ]
              }
            ]
          }
        ]
      }
    ]
  },
  "Planning Time": 0.422,
  "Triggers": [],
  "Execution Time": 3202.007
}