{
  "Plan": {
    "Node Type": "Aggregate",
    "Strategy": "Plain",
    "Partial Mode": "Finalize",
    "Parallel Aware": false,
    "Startup Cost": 1006691.28,
    "Total Cost": 1006691.29,
    "Plan Rows": 1,
    "Plan Width": 8,
    "Actual Startup Time": 16948.098,
    "Actual Total Time": 17138.548,
    "Actual Rows": 1,
    "Actual Loops": 1,
    "Plans": [
      {
        "Node Type": "Gather",
        "Parent Relationship": "Outer",
        "Parallel Aware": false,
        "Startup Cost": 1006691.17,
        "Total Cost": 1006691.28,
        "Plan Rows": 1,
        "Plan Width": 8,
        "Actual Startup Time": 16922.442,
        "Actual Total Time": 17138.54,
        "Actual Rows": 2,
        "Actual Loops": 1,
        "Workers Planned": 1,
        "Workers Launched": 1,
        "Single Copy": false,
        "Plans": [
          {
            "Node Type": "Aggregate",
            "Strategy": "Plain",
            "Partial Mode": "Partial",
            "Parent Relationship": "Outer",
            "Parallel Aware": false,
            "Startup Cost": 1005691.17,
            "Total Cost": 1005691.18,
            "Plan Rows": 1,
            "Plan Width": 8,
            "Actual Startup Time": 16876.504,
            "Actual Total Time": 16876.51,
            "Actual Rows": 1,
            "Actual Loops": 2,
            "Plans": [
              {
                "Node Type": "Hash Join",
                "Parent Relationship": "Outer",
                "Parallel Aware": true,
                "Join Type": "Inner",
                "Startup Cost": 750632.95,
                "Total Cost": 957748.35,
                "Plan Rows": 19177125,
                "Plan Width": 0,
                "Actual Startup Time": 9690.924,
                "Actual Total Time": 14438.687,
                "Actual Rows": 56196646,
                "Actual Loops": 2,
                "Inner Unique": false,
                "Hash Cond": "(mk.movie_id = t.id)",
                "Plans": [
                  {
                    "Node Type": "Seq Scan",
                    "Parent Relationship": "Outer",
                    "Parallel Aware": true,
                    "Relation Name": "movie_keyword",
                    "Alias": "mk",
                    "Startup Cost": 0.0,
                    "Total Cost": 51065.35,
                    "Plan Rows": 2661135,
                    "Plan Width": 4,
                    "Actual Startup Time": 0.021,
                    "Actual Total Time": 172.91,
                    "Actual Rows": 2261965,
                    "Actual Loops": 2
                  },
                  {
                    "Node Type": "Hash",
                    "Parent Relationship": "Inner",
                    "Parallel Aware": true,
                    "Startup Cost": 616663.72,
                    "Total Cost": 616663.72,
                    "Plan Rows": 10717538,
                    "Plan Width": 8,
                    "Actual Startup Time": 9589.447,
                    "Actual Total Time": 9589.451,
                    "Actual Rows": 9113662,
                    "Actual Loops": 2,
                    "Hash Buckets": 33554432,
                    "Original Hash Buckets": 33554432,
                    "Hash Batches": 1,
                    "Original Hash Batches": 1,
                    "Peak Memory Usage": 975200,
                    "Plans": [
                      {
                        "Node Type": "Hash Join",
                        "Parent Relationship": "Outer",
                        "Parallel Aware": true,
                        "Join Type": "Inner",
                        "Startup Cost": 69460.7,
                        "Total Cost": 616663.72,
                        "Plan Rows": 10717538,
                        "Plan Width": 8,
                        "Actual Startup Time": 539.147,
                        "Actual Total Time": 6402.299,
                        "Actual Rows": 9113662,
                        "Actual Loops": 2,
                        "Inner Unique": true,
                        "Hash Cond": "(ci.movie_id = t.id)",
                        "Plans": [
                          {
                            "Node Type": "Seq Scan",
                            "Parent Relationship": "Outer",
                            "Parallel Aware": true,
                            "Relation Name": "cast_info",
                            "Alias": "ci",
                            "Startup Cost": 0.0,
                            "Total Cost": 519069.44,
                            "Plan Rows": 10717538,
                            "Plan Width": 4,
                            "Actual Startup Time": 0.019,
                            "Actual Total Time": 1536.407,
                            "Actual Rows": 9113662,
                            "Actual Loops": 2,
                            "Filter": "(person_id < 1810440)",
                            "Rows Removed by Filter": 9008510
                          },
                          {
                            "Node Type": "Hash",
                            "Parent Relationship": "Inner",
                            "Parallel Aware": true,
                            "Startup Cost": 50870.31,
                            "Total Cost": 50870.31,
                            "Plan Rows": 1487231,
                            "Plan Width": 4,
                            "Actual Startup Time": 527.794,
                            "Actual Total Time": 527.795,
                            "Actual Rows": 1264156,
                            "Actual Loops": 2,
                            "Hash Buckets": 4194304,
                            "Original Hash Buckets": 4194304,
                            "Hash Batches": 1,
                            "Original Hash Batches": 1,
                            "Peak Memory Usage": 131712,
                            "Plans": [
                              {
                                "Node Type": "Seq Scan",
                                "Parent Relationship": "Outer",
                                "Parallel Aware": true,
                                "Relation Name": "title",
                                "Alias": "t",
                                "Startup Cost": 0.0,
                                "Total Cost": 50870.31,
                                "Plan Rows": 1487231,
                                "Plan Width": 4,
                                "Actual Startup Time": 0.036,
                                "Actual Total Time": 149.908,
                                "Actual Rows": 1264156,
                                "Actual Loops": 2
                              }
                            ]
                          }
                        ]
                      }
                    ]
                  }
                ]
              }
            ]
          }
        ]
      }
    ]
  },
  "Planning Time": 1.001,
  "Triggers": [],
  "Execution Time": 17138.628
}