[
  {
    "Plan": {
      "Node Type": "Aggregate",
      "Strategy": "Plain",
      "Partial Mode": "Finalize",
      "Parallel Aware": false,
      "Startup Cost": 240953.92,
      "Total Cost": 240953.93,
      "Plan Rows": 1,
      "Plan Width": 8,
      "Actual Startup Time": 421.409,
      "Actual Total Time": 433.916,
      "Actual Rows": 1,
      "Actual Loops": 1,
      "Plans": [
        {
          "Node Type": "Gather",
          "Parent Relationship": "Outer",
          "Parallel Aware": false,
          "Startup Cost": 240953.39,
          "Total Cost": 240953.9,
          "Plan Rows": 5,
          "Plan Width": 8,
          "Actual Startup Time": 415.811,
          "Actual Total Time": 433.908,
          "Actual Rows": 6,
          "Actual Loops": 1,
          "Workers Planned": 5,
          "Workers Launched": 5,
          "Single Copy": false,
          "Plans": [
            {
              "Node Type": "Aggregate",
              "Strategy": "Plain",
              "Partial Mode": "Partial",
              "Parent Relationship": "Outer",
              "Parallel Aware": false,
              "Startup Cost": 239953.39,
              "Total Cost": 239953.4,
              "Plan Rows": 1,
              "Plan Width": 8,
              "Actual Startup Time": 400.244,
              "Actual Total Time": 400.247,
              "Actual Rows": 1,
              "Actual Loops": 6,
              "Plans": [
                {
                  "Node Type": "Hash Join",
                  "Parent Relationship": "Outer",
                  "Parallel Aware": true,
                  "Join Type": "Inner",
                  "Startup Cost": 73485.64,
                  "Total Cost": 239484.11,
                  "Plan Rows": 187713,
                  "Plan Width": 0,
                  "Actual Startup Time": 265.072,
                  "Actual Total Time": 391.851,
                  "Actual Rows": 169785,
                  "Actual Loops": 6,
                  "Inner Unique": true,
                  "Hash Cond": "(mi.movie_id = t.id)",
                  "Plans": [
                    {
                      "Node Type": "Bitmap Heap Scan",
                      "Parent Relationship": "Outer",
                      "Parallel Aware": true,
                      "Relation Name": "movie_info",
                      "Alias": "mi",
                      "Startup Cost": 23986.4,
                      "Total Cost": 189289.71,
                      "Plan Rows": 264825,
                      "Plan Width": 4,
                      "Actual Startup Time": 45.138,
                      "Actual Total Time": 75.896,
                      "Actual Rows": 220894,
                      "Actual Loops": 6,
                      "Recheck Cond": "(info_type_id = 8)",
                      "Rows Removed by Index Recheck": 0,
                      "Exact Heap Blocks": 1295,
                      "Lossy Heap Blocks": 0,
                      "Plans": [
                        {
                          "Node Type": "Bitmap Index Scan",
                          "Parent Relationship": "Outer",
                          "Parallel Aware": false,
                          "Index Name": "info_type_id_movie_info",
                          "Startup Cost": 0.0,
                          "Total Cost": 23655.37,
                          "Plan Rows": 1324124,
                          "Plan Width": 0,
                          "Actual Startup Time": 43.783,
                          "Actual Total Time": 43.784,
                          "Actual Rows": 1325361,
                          "Actual Loops": 1,
                          "Index Cond": "(info_type_id = 8)"
                        }
                      ]
                    },
                    {
                      "Node Type": "Hash",
                      "Parent Relationship": "Inner",
                      "Parallel Aware": true,
                      "Startup Cost": 43898.92,
                      "Total Cost": 43898.92,
                      "Plan Rows": 448026,
                      "Plan Width": 4,
                      "Actual Startup Time": 214.553,
                      "Actual Total Time": 214.554,
                      "Actual Rows": 299026,
                      "Actual Loops": 6,
                      "Hash Buckets": 2097152,
                      "Original Hash Buckets": 2097152,
                      "Hash Batches": 1,
                      "Original Hash Batches": 1,
                      "Peak Memory Usage": 86688,
                      "Plans": [
                        {
                          "Node Type": "Seq Scan",
                          "Parent Relationship": "Outer",
                          "Parallel Aware": true,
                          "Relation Name": "title",
                          "Alias": "t",
                          "Startup Cost": 0.0,
                          "Total Cost": 43898.92,
                          "Plan Rows": 448026,
                          "Plan Width": 4,
                          "Actual Startup Time": 0.044,
                          "Actual Total Time": 87.94,
                          "Actual Rows": 299026,
                          "Actual Loops": 6,
                          "Filter": "(production_year < 2009)",
                          "Rows Removed by Filter": 122360
                        }
                      ]
                    }
                  ]
                }
              ]
            }
          ]
        }
      ]
    },
    "Planning Time": 0.618,
    "Triggers": [],
    "Execution Time": 434.006
  }
]