[
  {
    "Plan": {
      "Node Type": "Aggregate",
      "Strategy": "Plain",
      "Partial Mode": "Finalize",
      "Parallel Aware": false,
      "Startup Cost": 302692.3,
      "Total Cost": 302692.31,
      "Plan Rows": 1,
      "Plan Width": 8,
      "Actual Startup Time": 2112.534,
      "Actual Total Time": 2172.382,
      "Actual Rows": 1,
      "Actual Loops": 1,
      "Plans": [
        {
          "Node Type": "Gather",
          "Parent Relationship": "Outer",
          "Parallel Aware": false,
          "Startup Cost": 302691.77,
          "Total Cost": 302692.28,
          "Plan Rows": 5,
          "Plan Width": 8,
          "Actual Startup Time": 2095.843,
          "Actual Total Time": 2172.368,
          "Actual Rows": 6,
          "Actual Loops": 1,
          "Workers Planned": 5,
          "Workers Launched": 5,
          "Single Copy": false,
          "Plans": [
            {
              "Node Type": "Aggregate",
              "Strategy": "Plain",
              "Partial Mode": "Partial",
              "Parent Relationship": "Outer",
              "Parallel Aware": false,
              "Startup Cost": 301691.77,
              "Total Cost": 301691.78,
              "Plan Rows": 1,
              "Plan Width": 8,
              "Actual Startup Time": 2088.614,
              "Actual Total Time": 2089.144,
              "Actual Rows": 1,
              "Actual Loops": 6,
              "Plans": [
                {
                  "Node Type": "Hash Join",
                  "Parent Relationship": "Outer",
                  "Parallel Aware": true,
                  "Join Type": "Inner",
                  "Startup Cost": 94756.12,
                  "Total Cost": 299894.7,
                  "Plan Rows": 718830,
                  "Plan Width": 0,
                  "Actual Startup Time": 451.132,
                  "Actual Total Time": 1776.5,
                  "Actual Rows": 5669969,
                  "Actual Loops": 6,
                  "Inner Unique": false,
                  "Hash Cond": "(mi.movie_id = t.id)",
                  "Plans": [
                    {
                      "Node Type": "Seq Scan",
                      "Parent Relationship": "Outer",
                      "Parallel Aware": true,
                      "Relation Name": "movie_info",
                      "Alias": "mi",
                      "Startup Cost": 0.0,
                      "Total Cost": 191685.19,
                      "Plan Rows": 2969219,
                      "Plan Width": 4,
                      "Actual Startup Time": 0.055,
                      "Actual Total Time": 341.434,
                      "Actual Rows": 2472620,
                      "Actual Loops": 6
                    },
                    {
                      "Node Type": "Hash",
                      "Parent Relationship": "Inner",
                      "Parallel Aware": true,
                      "Startup Cost": 92287.91,
                      "Total Cost": 92287.91,
                      "Plan Rows": 197457,
                      "Plan Width": 8,
                      "Actual Startup Time": 447.404,
                      "Actual Total Time": 447.931,
                      "Actual Rows": 128547,
                      "Actual Loops": 6,
                      "Hash Buckets": 1048576,
                      "Original Hash Buckets": 1048576,
                      "Hash Batches": 1,
                      "Original Hash Batches": 1,
                      "Peak Memory Usage": 38432,
                      "Plans": [
                        {
                          "Node Type": "Hash Join",
                          "Parent Relationship": "Outer",
                          "Parallel Aware": true,
                          "Join Type": "Inner",
                          "Startup Cost": 48747.52,
                          "Total Cost": 92287.91,
                          "Plan Rows": 197457,
                          "Plan Width": 8,
                          "Actual Startup Time": 252.329,
                          "Actual Total Time": 396.376,
                          "Actual Rows": 128547,
                          "Actual Loops": 6,
                          "Inner Unique": true,
                          "Hash Cond": "(mk.movie_id = t.id)",
                          "Plans": [
                            {
                              "Node Type": "Seq Scan",
                              "Parent Relationship": "Outer",
                              "Parallel Aware": true,
                              "Relation Name": "movie_keyword",
                              "Alias": "mk",
                              "Startup Cost": 0.0,
                              "Total Cost": 42695.65,
                              "Plan Rows": 321804,
                              "Plan Width": 4,
                              "Actual Startup Time": 0.038,
                              "Actual Total Time": 86.964,
                              "Actual Rows": 166640,
                              "Actual Loops": 6,
                              "Filter": "(keyword_id < 956)",
                              "Rows Removed by Filter": 587348
                            },
                            {
                              "Node Type": "Hash",
                              "Parent Relationship": "Inner",
                              "Parallel Aware": true,
                              "Startup Cost": 43899.32,
                              "Total Cost": 43899.32,
                              "Plan Rows": 387856,
                              "Plan Width": 4,
                              "Actual Startup Time": 249.074,
                              "Actual Total Time": 249.076,
                              "Actual Rows": 258621,
                              "Actual Loops": 6,
                              "Hash Buckets": 2097152,
                              "Original Hash Buckets": 2097152,
                              "Hash Batches": 1,
                              "Original Hash Batches": 1,
                              "Peak Memory Usage": 77184,
                              "Plans": [
                                {
                                  "Node Type": "Seq Scan",
                                  "Parent Relationship": "Outer",
                                  "Parallel Aware": true,
                                  "Relation Name": "title",
                                  "Alias": "t",
                                  "Startup Cost": 0.0,
                                  "Total Cost": 43899.32,
                                  "Plan Rows": 387856,
                                  "Plan Width": 4,
                                  "Actual Startup Time": 0.057,
                                  "Actual Total Time": 105.91,
                                  "Actual Rows": 258621,
                                  "Actual Loops": 6,
                                  "Filter": "(production_year < 2007)",
                                  "Rows Removed by Filter": 162764
                                }
                              ]
                            }
                          ]
                        }
                      ]
                    }
                  ]
                }
              ]
            }
          ]
        }
      ]
    },
    "Planning Time": 0.556,
    "Triggers": [],
    "Execution Time": 2172.442
  }
]