[
  {
    "Plan": {
      "Node Type": "Aggregate",
      "Strategy": "Plain",
      "Partial Mode": "Finalize",
      "Parallel Aware": false,
      "Startup Cost": 72266.11,
      "Total Cost": 72266.12,
      "Plan Rows": 1,
      "Plan Width": 8,
      "Actual Startup Time": 399.659,
      "Actual Total Time": 414.304,
      "Actual Rows": 1,
      "Actual Loops": 1,
      "Plans": [
        {
          "Node Type": "Gather",
          "Parent Relationship": "Outer",
          "Parallel Aware": false,
          "Startup Cost": 72265.79,
          "Total Cost": 72266.1,
          "Plan Rows": 3,
          "Plan Width": 8,
          "Actual Startup Time": 388.532,
          "Actual Total Time": 414.298,
          "Actual Rows": 4,
          "Actual Loops": 1,
          "Workers Planned": 3,
          "Workers Launched": 3,
          "Single Copy": false,
          "Plans": [
            {
              "Node Type": "Aggregate",
              "Strategy": "Plain",
              "Partial Mode": "Partial",
              "Parent Relationship": "Outer",
              "Parallel Aware": false,
              "Startup Cost": 71265.79,
              "Total Cost": 71265.8,
              "Plan Rows": 1,
              "Plan Width": 8,
              "Actual Startup Time": 378.191,
              "Actual Total Time": 378.195,
              "Actual Rows": 1,
              "Actual Loops": 4,
              "Plans": [
                {
                  "Node Type": "Hash Join",
                  "Parent Relationship": "Outer",
                  "Parallel Aware": true,
                  "Join Type": "Inner",
                  "Startup Cost": 52008.09,
                  "Total Cost": 71233.13,
                  "Plan Rows": 13063,
                  "Plan Width": 0,
                  "Actual Startup Time": 348.687,
                  "Actual Total Time": 377.243,
                  "Actual Rows": 16630,
                  "Actual Loops": 4,
                  "Inner Unique": true,
                  "Hash Cond": "(mc.movie_id = t.id)",
                  "Plans": [
                    {
                      "Node Type": "Bitmap Heap Scan",
                      "Parent Relationship": "Outer",
                      "Parallel Aware": true,
                      "Relation Name": "movie_companies",
                      "Alias": "mc",
                      "Startup Cost": 1787.71,
                      "Total Cost": 20978.46,
                      "Plan Rows": 13063,
                      "Plan Width": 4,
                      "Actual Startup Time": 7.676,
                      "Actual Total Time": 21.646,
                      "Actual Rows": 16630,
                      "Actual Loops": 4,
                      "Recheck Cond": "(company_id < 19)",
                      "Rows Removed by Index Recheck": 0,
                      "Filter": "(company_type_id < 2)",
                      "Rows Removed by Filter": 4388,
                      "Exact Heap Blocks": 3846,
                      "Lossy Heap Blocks": 0,
                      "Plans": [
                        {
                          "Node Type": "Bitmap Index Scan",
                          "Parent Relationship": "Outer",
                          "Parallel Aware": false,
                          "Index Name": "company_id_movie_companies",
                          "Startup Cost": 0.0,
                          "Total Cost": 1777.59,
                          "Plan Rows": 82821,
                          "Plan Width": 0,
                          "Actual Startup Time": 5.892,
                          "Actual Total Time": 5.892,
                          "Actual Rows": 84071,
                          "Actual Loops": 1,
                          "Index Cond": "(company_id < 19)"
                        }
                      ]
                    },
                    {
                      "Node Type": "Hash",
                      "Parent Relationship": "Inner",
                      "Parallel Aware": true,
                      "Startup Cost": 42319.06,
                      "Total Cost": 42319.06,
                      "Plan Rows": 632106,
                      "Plan Width": 4,
                      "Actual Startup Time": 333.49,
                      "Actual Total Time": 333.491,
                      "Actual Rows": 632078,
                      "Actual Loops": 4,
                      "Hash Buckets": 4194304,
                      "Original Hash Buckets": 4194304,
                      "Hash Batches": 1,
                      "Original Hash Batches": 1,
                      "Peak Memory Usage": 131712,
                      "Plans": [
                        {
                          "Node Type": "Seq Scan",
                          "Parent Relationship": "Outer",
                          "Parallel Aware": true,
                          "Relation Name": "title",
                          "Alias": "t",
                          "Startup Cost": 0.0,
                          "Total Cost": 42319.06,
                          "Plan Rows": 632106,
                          "Plan Width": 4,
                          "Actual Startup Time": 0.028,
                          "Actual Total Time": 102.518,
                          "Actual Rows": 632078,
                          "Actual Loops": 4
                        }
                      ]
                    }
                  ]
                }
              ]
            }
          ]
        }
      ]
    },
    "Planning Time": 0.49,
    "Triggers": [],
    "Execution Time": 414.35
  }
]