{
    "Plan": {
        "Node Type": "Aggregate",
        "Strategy": "Plain",
        "Partial Mode": "Simple",
        "Parallel Aware": false,
        "Startup Cost": 10000503166.22,
        "Total Cost": 10000503166.23,
        "Plan Rows": 1,
        "Plan Width": 8,
        "Actual Startup Time": 5079.084,
        "Actual Total Time": 5079.087,
        "Actual Rows": 1,
        "Actual Loops": 1,
        "Output": [
            "count(*)"
        ],
        "Plans": [
            {
                "Node Type": "Hash Join",
                "Parent Relationship": "Outer",
                "Parallel Aware": false,
                "Join Type": "Inner",
                "Startup Cost": 10000243307.46,
                "Total Cost": 10000493548.67,
                "Plan Rows": 3847023,
                "Plan Width": 0,
                "Actual Startup Time": 2687.577,
                "Actual Total Time": 4900.107,
                "Actual Rows": 4242038,
                "Actual Loops": 1,
                "Inner Unique": true,
                "Hash Cond": "(mi.movie_id = t.id)",
                "Plans": [
                    {
                        "Node Type": "Bitmap Heap Scan",
                        "Parent Relationship": "Outer",
                        "Parallel Aware": false,
                        "Relation Name": "movie_info",
                        "Schema": "public",
                        "Alias": "mi",
                        "Startup Cost": 105806.52,
                        "Total Cost": 340731.9,
                        "Plan Rows": 5834591,
                        "Plan Width": 4,
                        "Actual Startup Time": 343.337,
                        "Actual Total Time": 1159.446,
                        "Actual Rows": 5869026,
                        "Actual Loops": 1,
                        "Output": [
                            "mi.id",
                            "mi.movie_id",
                            "mi.info_type_id",
                            "mi.info",
                            "mi.note"
                        ],
                        "Recheck Cond": "(mi.info_type_id > 13)",
                        "Rows Removed by Index Recheck": 0,
                        "Exact Heap Blocks": 97419,
                        "Lossy Heap Blocks": 0,
                        "Plans": [
                            {
                                "Node Type": "Bitmap Index Scan",
                                "Parent Relationship": "Outer",
                                "Parallel Aware": false,
                                "Index Name": "info_type_id_movie_info",
                                "Startup Cost": 0.0,
                                "Total Cost": 104347.87,
                                "Plan Rows": 5834591,
                                "Plan Width": 0,
                                "Actual Startup Time": 320.312,
                                "Actual Total Time": 320.313,
                                "Actual Rows": 5869026,
                                "Actual Loops": 1,
                                "Index Cond": "(mi.info_type_id > 13)"
                            }
                        ]
                    },
                    {
                        "Node Type": "Hash",
                        "Parent Relationship": "Inner",
                        "Parallel Aware": false,
                        "Startup Cost": 10000116662.9,
                        "Total Cost": 10000116662.9,
                        "Plan Rows": 1667043,
                        "Plan Width": 4,
                        "Actual Startup Time": 2332.713,
                        "Actual Total Time": 2332.714,
                        "Actual Rows": 1671292,
                        "Actual Loops": 1,
                        "Output": [
                            "t.id"
                        ],
                        "Hash Buckets": 2097152,
                        "Original Hash Buckets": 2097152,
                        "Hash Batches": 1,
                        "Original Hash Batches": 1,
                        "Peak Memory Usage": 75141,
                        "Plans": [
                            {
                                "Node Type": "Index Scan",
                                "Parent Relationship": "Outer",
                                "Parallel Aware": false,
                                "Scan Direction": "Forward",
                                "Index Name": "title_pkey",
                                "Relation Name": "title",
                                "Schema": "public",
                                "Alias": "t",
                                "Startup Cost": 10000000000.43,
                                "Total Cost": 10000116662.9,
                                "Plan Rows": 1667043,
                                "Plan Width": 4,
                                "Actual Startup Time": 0.036,
                                "Actual Total Time": 1823.069,
                                "Actual Rows": 1671292,
                                "Actual Loops": 1,
                                "Output": [
                                    "t.id"
                                ],
                                "Filter": "(t.production_year < 2008)",
                                "Rows Removed by Filter": 857020
                            }
                        ]
                    }
                ]
            }
        ]
    },
    "Planning Time": 2.526,
    "Triggers": [],
    "Execution Time": 5081.204
}