{
    "Plan": {
        "Node Type": "Aggregate",
        "Strategy": "Plain",
        "Partial Mode": "Simple",
        "Parallel Aware": false,
        "Startup Cost": 60000289073.41,
        "Total Cost": 60000289073.42,
        "Plan Rows": 1,
        "Plan Width": 64,
        "Actual Startup Time": 1478.023,
        "Actual Total Time": 1534.508,
        "Actual Rows": 1,
        "Actual Loops": 1,
        "Output": [
            "min(mi_idx.info)",
            "min(t.title)"
        ],
        "Plans": [
            {
                "Node Type": "Nested Loop",
                "Parent Relationship": "Outer",
                "Parallel Aware": false,
                "Join Type": "Inner",
                "Startup Cost": 60000239493.0,
                "Total Cost": 60000289073.4,
                "Plan Rows": 1,
                "Plan Width": 22,
                "Actual Startup Time": 1278.599,
                "Actual Total Time": 1534.477,
                "Actual Rows": 30,
                "Actual Loops": 1,
                "Output": [
                    "mi_idx.info",
                    "t.title"
                ],
                "Inner Unique": true,
                "Plans": [
                    {
                        "Node Type": "Nested Loop",
                        "Parent Relationship": "Outer",
                        "Parallel Aware": false,
                        "Join Type": "Inner",
                        "Startup Cost": 50000239492.85,
                        "Total Cost": 50000289065.22,
                        "Plan Rows": 1,
                        "Plan Width": 26,
                        "Actual Startup Time": 1278.59,
                        "Actual Total Time": 1534.216,
                        "Actual Rows": 39,
                        "Actual Loops": 1,
                        "Output": [
                            "mi_idx.info",
                            "mi_idx.info_type_id",
                            "t.title"
                        ],
                        "Inner Unique": false,
                        "Join Filter": "(t.id = mi_idx.movie_id)",
                        "Rows Removed by Join Filter": 0,
                        "Plans": [
                            {
                                "Node Type": "Nested Loop",
                                "Parent Relationship": "Outer",
                                "Parallel Aware": false,
                                "Join Type": "Inner",
                                "Startup Cost": 40000239492.4,
                                "Total Cost": 40000289060.71,
                                "Plan Rows": 1,
                                "Plan Width": 29,
                                "Actual Startup Time": 1278.512,
                                "Actual Total Time": 1533.719,
                                "Actual Rows": 38,
                                "Actual Loops": 1,
                                "Output": [
                                    "mi.movie_id",
                                    "mk.movie_id",
                                    "t.title",
                                    "t.id"
                                ],
                                "Inner Unique": true,
                                "Plans": [
                                    {
                                        "Node Type": "Hash Join",
                                        "Parent Relationship": "Outer",
                                        "Parallel Aware": false,
                                        "Join Type": "Inner",
                                        "Startup Cost": 30000239492.25,
                                        "Total Cost": 30000289052.53,
                                        "Plan Rows": 1,
                                        "Plan Width": 33,
                                        "Actual Startup Time": 1278.477,
                                        "Actual Total Time": 1533.148,
                                        "Actual Rows": 85,
                                        "Actual Loops": 1,
                                        "Output": [
                                            "mk.movie_id",
                                            "mi.movie_id",
                                            "mi.info_type_id",
                                            "t.title",
                                            "t.id"
                                        ],
                                        "Inner Unique": false,
                                        "Hash Cond": "(t.kind_id = kt.id)",
                                        "Plans": [
                                            {
                                                "Node Type": "Gather",
                                                "Parent Relationship": "Outer",
                                                "Parallel Aware": false,
                                                "Startup Cost": 20000239491.15,
                                                "Total Cost": 20000289051.42,
                                                "Plan Rows": 1,
                                                "Plan Width": 37,
                                                "Actual Startup Time": 1278.433,
                                                "Actual Total Time": 1532.965,
                                                "Actual Rows": 530,
                                                "Actual Loops": 1,
                                                "Output": [
                                                    "mk.movie_id",
                                                    "mi.movie_id",
                                                    "mi.info_type_id",
                                                    "t.title",
                                                    "t.kind_id",
                                                    "t.id"
                                                ],
                                                "Workers Planned": 4,
                                                "Workers Launched": 4,
                                                "Single Copy": false,
                                                "Plans": [
                                                    {
                                                        "Node Type": "Hash Join",
                                                        "Parent Relationship": "Outer",
                                                        "Parallel Aware": false,
                                                        "Join Type": "Inner",
                                                        "Startup Cost": 20000238491.15,
                                                        "Total Cost": 20000288051.32,
                                                        "Plan Rows": 1,
                                                        "Plan Width": 37,
                                                        "Actual Startup Time": 1269.231,
                                                        "Actual Total Time": 1460.843,
                                                        "Actual Rows": 106,
                                                        "Actual Loops": 5,
                                                        "Output": [
                                                            "mk.movie_id",
                                                            "mi.movie_id",
                                                            "mi.info_type_id",
                                                            "t.title",
                                                            "t.kind_id",
                                                            "t.id"
                                                        ],
                                                        "Inner Unique": true,
                                                        "Hash Cond": "(mk.keyword_id = k.id)",
                                                        "Workers": [
                                                            {
                                                                "Worker Number": 0,
                                                                "Actual Startup Time": 1258.632,
                                                                "Actual Total Time": 1458.081,
                                                                "Actual Rows": 105,
                                                                "Actual Loops": 1
                                                            },
                                                            {
                                                                "Worker Number": 1,
                                                                "Actual Startup Time": 1275.845,
                                                                "Actual Total Time": 1458.115,
                                                                "Actual Rows": 107,
                                                                "Actual Loops": 1
                                                            },
                                                            {
                                                                "Worker Number": 2,
                                                                "Actual Startup Time": 1264.559,
                                                                "Actual Total Time": 1458.068,
                                                                "Actual Rows": 130,
                                                                "Actual Loops": 1
                                                            },
                                                            {
                                                                "Worker Number": 3,
                                                                "Actual Startup Time": 1269.767,
                                                                "Actual Total Time": 1461.131,
                                                                "Actual Rows": 85,
                                                                "Actual Loops": 1
                                                            }
                                                        ],
                                                        "Plans": [
                                                            {
                                                                "Node Type": "Nested Loop",
                                                                "Parent Relationship": "Outer",
                                                                "Parallel Aware": false,
                                                                "Join Type": "Inner",
                                                                "Startup Cost": 10000233148.2,
                                                                "Total Cost": 10000282704.65,
                                                                "Plan Rows": 1417,
                                                                "Plan Width": 41,
                                                                "Actual Startup Time": 1183.316,
                                                                "Actual Total Time": 1378.039,
                                                                "Actual Rows": 3824,
                                                                "Actual Loops": 5,
                                                                "Output": [
                                                                    "mi.movie_id",
                                                                    "mi.info_type_id",
                                                                    "mk.movie_id",
                                                                    "mk.keyword_id",
                                                                    "t.title",
                                                                    "t.kind_id",
                                                                    "t.id"
                                                                ],
                                                                "Inner Unique": false,
                                                                "Join Filter": "(t.id = mk.movie_id)",
                                                                "Rows Removed by Join Filter": 0,
                                                                "Workers": [
                                                                    {
                                                                        "Worker Number": 0,
                                                                        "Actual Startup Time": 1174.514,
                                                                        "Actual Total Time": 1373.903,
                                                                        "Actual Rows": 3852,
                                                                        "Actual Loops": 1
                                                                    },
                                                                    {
                                                                        "Worker Number": 1,
                                                                        "Actual Startup Time": 1188.535,
                                                                        "Actual Total Time": 1374.49,
                                                                        "Actual Rows": 3513,
                                                                        "Actual Loops": 1
                                                                    },
                                                                    {
                                                                        "Worker Number": 2,
                                                                        "Actual Startup Time": 1177.058,
                                                                        "Actual Total Time": 1373.862,
                                                                        "Actual Rows": 4031,
                                                                        "Actual Loops": 1
                                                                    },
                                                                    {
                                                                        "Worker Number": 3,
                                                                        "Actual Startup Time": 1171.126,
                                                                        "Actual Total Time": 1371.687,
                                                                        "Actual Rows": 3043,
                                                                        "Actual Loops": 1
                                                                    }
                                                                ],
                                                                "Plans": [
                                                                    {
                                                                        "Node Type": "Hash Join",
                                                                        "Parent Relationship": "Outer",
                                                                        "Parallel Aware": true,
                                                                        "Join Type": "Inner",
                                                                        "Startup Cost": 233147.36,
                                                                        "Total Cost": 281998.58,
                                                                        "Plan Rows": 118,
                                                                        "Plan Width": 33,
                                                                        "Actual Startup Time": 1178.828,
                                                                        "Actual Total Time": 1369.261,
                                                                        "Actual Rows": 578,
                                                                        "Actual Loops": 5,
                                                                        "Output": [
                                                                            "mi.movie_id",
                                                                            "mi.info_type_id",
                                                                            "t.title",
                                                                            "t.kind_id",
                                                                            "t.id"
                                                                        ],
                                                                        "Inner Unique": false,
                                                                        "Hash Cond": "(t.id = mi.movie_id)",
                                                                        "Workers": [
                                                                            {
                                                                                "Worker Number": 0,
                                                                                "Actual Startup Time": 1174.375,
                                                                                "Actual Total Time": 1364.642,
                                                                                "Actual Rows": 567,
                                                                                "Actual Loops": 1
                                                                            },
                                                                            {
                                                                                "Worker Number": 1,
                                                                                "Actual Startup Time": 1175.95,
                                                                                "Actual Total Time": 1365.596,
                                                                                "Actual Rows": 550,
                                                                                "Actual Loops": 1
                                                                            },
                                                                            {
                                                                                "Worker Number": 2,
                                                                                "Actual Startup Time": 1174.901,
                                                                                "Actual Total Time": 1364.264,
                                                                                "Actual Rows": 614,
                                                                                "Actual Loops": 1
                                                                            },
                                                                            {
                                                                                "Worker Number": 3,
                                                                                "Actual Startup Time": 1171.005,
                                                                                "Actual Total Time": 1362.922,
                                                                                "Actual Rows": 496,
                                                                                "Actual Loops": 1
                                                                            }
                                                                        ],
                                                                        "Plans": [
                                                                            {
                                                                                "Node Type": "Seq Scan",
                                                                                "Parent Relationship": "Outer",
                                                                                "Parallel Aware": true,
                                                                                "Relation Name": "title",
                                                                                "Schema": "public",
                                                                                "Alias": "t",
                                                                                "Startup Cost": 0.0,
                                                                                "Total Cost": 48639.61,
                                                                                "Plan Rows": 156,
                                                                                "Plan Width": 25,
                                                                                "Actual Startup Time": 0.275,
                                                                                "Actual Total Time": 187.775,
                                                                                "Actual Rows": 750,
                                                                                "Actual Loops": 5,
                                                                                "Output": [
                                                                                    "t.id",
                                                                                    "t.title",
                                                                                    "t.imdb_index",
                                                                                    "t.kind_id",
                                                                                    "t.production_year",
                                                                                    "t.imdb_id",
                                                                                    "t.phonetic_code",
                                                                                    "t.episode_of_id",
                                                                                    "t.season_nr",
                                                                                    "t.episode_nr",
                                                                                    "t.series_years",
                                                                                    "t.md5sum"
                                                                                ],
                                                                                "Filter": "((t.production_year > 1956) AND ((t.title ~~ '%murder%'::text) OR (t.title ~~ '%Murder%'::text) OR (t.title ~~ '%Mord%'::text)))",
                                                                                "Rows Removed by Filter": 504912,
                                                                                "Workers": [
                                                                                    {
                                                                                        "Worker Number": 0,
                                                                                        "Actual Startup Time": 0.456,
                                                                                        "Actual Total Time": 187.763,
                                                                                        "Actual Rows": 726,
                                                                                        "Actual Loops": 1
                                                                                    },
                                                                                    {
                                                                                        "Worker Number": 1,
                                                                                        "Actual Startup Time": 0.207,
                                                                                        "Actual Total Time": 188.336,
                                                                                        "Actual Rows": 692,
                                                                                        "Actual Loops": 1
                                                                                    },
                                                                                    {
                                                                                        "Worker Number": 2,
                                                                                        "Actual Startup Time": 0.373,
                                                                                        "Actual Total Time": 187.154,
                                                                                        "Actual Rows": 790,
                                                                                        "Actual Loops": 1
                                                                                    },
                                                                                    {
                                                                                        "Worker Number": 3,
                                                                                        "Actual Startup Time": 0.319,
                                                                                        "Actual Total Time": 188.148,
                                                                                        "Actual Rows": 695,
                                                                                        "Actual Loops": 1
                                                                                    }
                                                                                ]
                                                                            },
                                                                            {
                                                                                "Node Type": "Hash",
                                                                                "Parent Relationship": "Inner",
                                                                                "Parallel Aware": true,
                                                                                "Startup Cost": 228390.93,
                                                                                "Total Cost": 228390.93,
                                                                                "Plan Rows": 380515,
                                                                                "Plan Width": 8,
                                                                                "Actual Startup Time": 1174.161,
                                                                                "Actual Total Time": 1174.162,
                                                                                "Actual Rows": 284181,
                                                                                "Actual Loops": 5,
                                                                                "Output": [
                                                                                    "mi.movie_id",
                                                                                    "mi.info_type_id"
                                                                                ],
                                                                                "Hash Buckets": 2097152,
                                                                                "Original Hash Buckets": 2097152,
                                                                                "Hash Batches": 1,
                                                                                "Original Hash Batches": 1,
                                                                                "Peak Memory Usage": 72032,
                                                                                "Workers": [
                                                                                    {
                                                                                        "Worker Number": 0,
                                                                                        "Actual Startup Time": 1173.592,
                                                                                        "Actual Total Time": 1173.593,
                                                                                        "Actual Rows": 281753,
                                                                                        "Actual Loops": 1
                                                                                    },
                                                                                    {
                                                                                        "Worker Number": 1,
                                                                                        "Actual Startup Time": 1174.296,
                                                                                        "Actual Total Time": 1174.296,
                                                                                        "Actual Rows": 283736,
                                                                                        "Actual Loops": 1
                                                                                    },
                                                                                    {
                                                                                        "Worker Number": 2,
                                                                                        "Actual Startup Time": 1173.544,
                                                                                        "Actual Total Time": 1173.545,
                                                                                        "Actual Rows": 282167,
                                                                                        "Actual Loops": 1
                                                                                    },
                                                                                    {
                                                                                        "Worker Number": 3,
                                                                                        "Actual Startup Time": 1168.893,
                                                                                        "Actual Total Time": 1168.893,
                                                                                        "Actual Rows": 257485,
                                                                                        "Actual Loops": 1
                                                                                    }
                                                                                ],
                                                                                "Plans": [
                                                                                    {
                                                                                        "Node Type": "Seq Scan",
                                                                                        "Parent Relationship": "Outer",
                                                                                        "Parallel Aware": true,
                                                                                        "Relation Name": "movie_info",
                                                                                        "Schema": "public",
                                                                                        "Alias": "mi",
                                                                                        "Startup Cost": 0.0,
                                                                                        "Total Cost": 228390.93,
                                                                                        "Plan Rows": 380515,
                                                                                        "Plan Width": 8,
                                                                                        "Actual Startup Time": 0.04,
                                                                                        "Actual Total Time": 1051.497,
                                                                                        "Actual Rows": 284181,
                                                                                        "Actual Loops": 5,
                                                                                        "Output": [
                                                                                            "mi.movie_id",
                                                                                            "mi.info_type_id"
                                                                                        ],
                                                                                        "Filter": "(mi.info = ANY ('{American,USA,Norwegian,America,Danish,Germany,English,Sweden,Denmark,USA}'::text[]))",
                                                                                        "Rows Removed by Filter": 2682963,
                                                                                        "Workers": [
                                                                                            {
                                                                                                "Worker Number": 0,
                                                                                                "Actual Startup Time": 0.043,
                                                                                                "Actual Total Time": 1053.328,
                                                                                                "Actual Rows": 281753,
                                                                                                "Actual Loops": 1
                                                                                            },
                                                                                            {
                                                                                                "Worker Number": 1,
                                                                                                "Actual Startup Time": 0.039,
                                                                                                "Actual Total Time": 1055.384,
                                                                                                "Actual Rows": 283736,
                                                                                                "Actual Loops": 1
                                                                                            },
                                                                                            {
                                                                                                "Worker Number": 2,
                                                                                                "Actual Startup Time": 0.061,
                                                                                                "Actual Total Time": 1052.242,
                                                                                                "Actual Rows": 282167,
                                                                                                "Actual Loops": 1
                                                                                            },
                                                                                            {
                                                                                                "Worker Number": 3,
                                                                                                "Actual Startup Time": 0.04,
                                                                                                "Actual Total Time": 1043.908,
                                                                                                "Actual Rows": 257485,
                                                                                                "Actual Loops": 1
                                                                                            }
                                                                                        ]
                                                                                    }
                                                                                ]
                                                                            }
                                                                        ]
                                                                    },
                                                                    {
                                                                        "Node Type": "Bitmap Heap Scan",
                                                                        "Parent Relationship": "Inner",
                                                                        "Parallel Aware": false,
                                                                        "Relation Name": "movie_keyword",
                                                                        "Schema": "public",
                                                                        "Alias": "mk",
                                                                        "Startup Cost": 0.83,
                                                                        "Total Cost": 5.41,
                                                                        "Plan Rows": 46,
                                                                        "Plan Width": 8,
                                                                        "Actual Startup Time": 0.011,
                                                                        "Actual Total Time": 0.011,
                                                                        "Actual Rows": 7,
                                                                        "Actual Loops": 2892,
                                                                        "Output": [
                                                                            "mk.id",
                                                                            "mk.movie_id",
                                                                            "mk.keyword_id"
                                                                        ],
                                                                        "Recheck Cond": "(mk.movie_id = mi.movie_id)",
                                                                        "Rows Removed by Index Recheck": 0,
                                                                        "Exact Heap Blocks": 338,
                                                                        "Lossy Heap Blocks": 0,
                                                                        "Workers": [
                                                                            {
                                                                                "Worker Number": 0,
                                                                                "Actual Startup Time": 0.012,
                                                                                "Actual Total Time": 0.012,
                                                                                "Actual Rows": 7,
                                                                                "Actual Loops": 567
                                                                            },
                                                                            {
                                                                                "Worker Number": 1,
                                                                                "Actual Startup Time": 0.012,
                                                                                "Actual Total Time": 0.012,
                                                                                "Actual Rows": 6,
                                                                                "Actual Loops": 550
                                                                            },
                                                                            {
                                                                                "Worker Number": 2,
                                                                                "Actual Startup Time": 0.011,
                                                                                "Actual Total Time": 0.012,
                                                                                "Actual Rows": 7,
                                                                                "Actual Loops": 614
                                                                            },
                                                                            {
                                                                                "Worker Number": 3,
                                                                                "Actual Startup Time": 0.013,
                                                                                "Actual Total Time": 0.014,
                                                                                "Actual Rows": 6,
                                                                                "Actual Loops": 496
                                                                            }
                                                                        ],
                                                                        "Plans": [
                                                                            {
                                                                                "Node Type": "Bitmap Index Scan",
                                                                                "Parent Relationship": "Outer",
                                                                                "Parallel Aware": false,
                                                                                "Index Name": "movie_id_movie_keyword",
                                                                                "Startup Cost": 0.0,
                                                                                "Total Cost": 0.82,
                                                                                "Plan Rows": 46,
                                                                                "Plan Width": 0,
                                                                                "Actual Startup Time": 0.008,
                                                                                "Actual Total Time": 0.008,
                                                                                "Actual Rows": 7,
                                                                                "Actual Loops": 2892,
                                                                                "Index Cond": "(mk.movie_id = mi.movie_id)",
                                                                                "Workers": [
                                                                                    {
                                                                                        "Worker Number": 0,
                                                                                        "Actual Startup Time": 0.009,
                                                                                        "Actual Total Time": 0.009,
                                                                                        "Actual Rows": 7,
                                                                                        "Actual Loops": 567
                                                                                    },
                                                                                    {
                                                                                        "Worker Number": 1,
                                                                                        "Actual Startup Time": 0.008,
                                                                                        "Actual Total Time": 0.008,
                                                                                        "Actual Rows": 6,
                                                                                        "Actual Loops": 550
                                                                                    },
                                                                                    {
                                                                                        "Worker Number": 2,
                                                                                        "Actual Startup Time": 0.008,
                                                                                        "Actual Total Time": 0.008,
                                                                                        "Actual Rows": 7,
                                                                                        "Actual Loops": 614
                                                                                    },
                                                                                    {
                                                                                        "Worker Number": 3,
                                                                                        "Actual Startup Time": 0.01,
                                                                                        "Actual Total Time": 0.01,
                                                                                        "Actual Rows": 6,
                                                                                        "Actual Loops": 496
                                                                                    }
                                                                                ]
                                                                            }
                                                                        ]
                                                                    }
                                                                ]
                                                            },
                                                            {
                                                                "Node Type": "Hash",
                                                                "Parent Relationship": "Inner",
                                                                "Parallel Aware": false,
                                                                "Startup Cost": 10000005342.92,
                                                                "Total Cost": 10000005342.92,
                                                                "Plan Rows": 2,
                                                                "Plan Width": 4,
                                                                "Actual Startup Time": 81.943,
                                                                "Actual Total Time": 81.944,
                                                                "Actual Rows": 2,
                                                                "Actual Loops": 5,
                                                                "Output": [
                                                                    "k.id"
                                                                ],
                                                                "Hash Buckets": 1024,
                                                                "Original Hash Buckets": 1024,
                                                                "Hash Batches": 1,
                                                                "Original Hash Batches": 1,
                                                                "Peak Memory Usage": 9,
                                                                "Workers": [
                                                                    {
                                                                        "Worker Number": 0,
                                                                        "Actual Startup Time": 83.256,
                                                                        "Actual Total Time": 83.257,
                                                                        "Actual Rows": 2,
                                                                        "Actual Loops": 1
                                                                    },
                                                                    {
                                                                        "Worker Number": 1,
                                                                        "Actual Startup Time": 82.702,
                                                                        "Actual Total Time": 82.703,
                                                                        "Actual Rows": 2,
                                                                        "Actual Loops": 1
                                                                    },
                                                                    {
                                                                        "Worker Number": 2,
                                                                        "Actual Startup Time": 83.219,
                                                                        "Actual Total Time": 83.219,
                                                                        "Actual Rows": 2,
                                                                        "Actual Loops": 1
                                                                    },
                                                                    {
                                                                        "Worker Number": 3,
                                                                        "Actual Startup Time": 88.561,
                                                                        "Actual Total Time": 88.562,
                                                                        "Actual Rows": 2,
                                                                        "Actual Loops": 1
                                                                    }
                                                                ],
                                                                "Plans": [
                                                                    {
                                                                        "Node Type": "Index Scan",
                                                                        "Parent Relationship": "Outer",
                                                                        "Parallel Aware": false,
                                                                        "Scan Direction": "Forward",
                                                                        "Index Name": "keyword_pkey",
                                                                        "Relation Name": "keyword",
                                                                        "Schema": "public",
                                                                        "Alias": "k",
                                                                        "Startup Cost": 10000000000.42,
                                                                        "Total Cost": 10000005342.92,
                                                                        "Plan Rows": 2,
                                                                        "Plan Width": 4,
                                                                        "Actual Startup Time": 1.414,
                                                                        "Actual Total Time": 81.923,
                                                                        "Actual Rows": 2,
                                                                        "Actual Loops": 5,
                                                                        "Output": [
                                                                            "k.id"
                                                                        ],
                                                                        "Filter": "(k.keyword = ANY ('{murder,year-1916}'::text[]))",
                                                                        "Rows Removed by Filter": 134168,
                                                                        "Workers": [
                                                                            {
                                                                                "Worker Number": 0,
                                                                                "Actual Startup Time": 1.639,
                                                                                "Actual Total Time": 83.231,
                                                                                "Actual Rows": 2,
                                                                                "Actual Loops": 1
                                                                            },
                                                                            {
                                                                                "Worker Number": 1,
                                                                                "Actual Startup Time": 1.65,
                                                                                "Actual Total Time": 82.677,
                                                                                "Actual Rows": 2,
                                                                                "Actual Loops": 1
                                                                            },
                                                                            {
                                                                                "Worker Number": 2,
                                                                                "Actual Startup Time": 1.638,
                                                                                "Actual Total Time": 83.195,
                                                                                "Actual Rows": 2,
                                                                                "Actual Loops": 1
                                                                            },
                                                                            {
                                                                                "Worker Number": 3,
                                                                                "Actual Startup Time": 1.851,
                                                                                "Actual Total Time": 88.539,
                                                                                "Actual Rows": 2,
                                                                                "Actual Loops": 1
                                                                            }
                                                                        ]
                                                                    }
                                                                ]
                                                            }
                                                        ]
                                                    }
                                                ]
                                            },
                                            {
                                                "Node Type": "Hash",
                                                "Parent Relationship": "Inner",
                                                "Parallel Aware": false,
                                                "Startup Cost": 10000000001.09,
                                                "Total Cost": 10000000001.09,
                                                "Plan Rows": 1,
                                                "Plan Width": 4,
                                                "Actual Startup Time": 0.032,
                                                "Actual Total Time": 0.035,
                                                "Actual Rows": 1,
                                                "Actual Loops": 1,
                                                "Output": [
                                                    "kt.id"
                                                ],
                                                "Hash Buckets": 1024,
                                                "Original Hash Buckets": 1024,
                                                "Hash Batches": 1,
                                                "Original Hash Batches": 1,
                                                "Peak Memory Usage": 9,
                                                "Plans": [
                                                    {
                                                        "Node Type": "Seq Scan",
                                                        "Parent Relationship": "Outer",
                                                        "Parallel Aware": false,
                                                        "Relation Name": "kind_type",
                                                        "Schema": "public",
                                                        "Alias": "kt",
                                                        "Startup Cost": 10000000000.0,
                                                        "Total Cost": 10000000001.09,
                                                        "Plan Rows": 1,
                                                        "Plan Width": 4,
                                                        "Actual Startup Time": 0.025,
                                                        "Actual Total Time": 0.027,
                                                        "Actual Rows": 1,
                                                        "Actual Loops": 1,
                                                        "Output": [
                                                            "kt.id"
                                                        ],
                                                        "Filter": "((kt.kind)::text = 'episode'::text)",
                                                        "Rows Removed by Filter": 6
                                                    }
                                                ]
                                            }
                                        ]
                                    },
                                    {
                                        "Node Type": "Bitmap Heap Scan",
                                        "Parent Relationship": "Inner",
                                        "Parallel Aware": false,
                                        "Relation Name": "info_type",
                                        "Schema": "public",
                                        "Alias": "it1",
                                        "Startup Cost": 0.15,
                                        "Total Cost": 4.17,
                                        "Plan Rows": 1,
                                        "Plan Width": 4,
                                        "Actual Startup Time": 0.004,
                                        "Actual Total Time": 0.004,
                                        "Actual Rows": 0,
                                        "Actual Loops": 85,
                                        "Output": [
                                            "it1.id",
                                            "it1.info"
                                        ],
                                        "Recheck Cond": "(it1.id = mi.info_type_id)",
                                        "Rows Removed by Index Recheck": 0,
                                        "Filter": "((it1.info)::text = 'countries'::text)",
                                        "Rows Removed by Filter": 1,
                                        "Exact Heap Blocks": 85,
                                        "Lossy Heap Blocks": 0,
                                        "Plans": [
                                            {
                                                "Node Type": "Bitmap Index Scan",
                                                "Parent Relationship": "Outer",
                                                "Parallel Aware": false,
                                                "Index Name": "info_type_pkey",
                                                "Startup Cost": 0.0,
                                                "Total Cost": 0.15,
                                                "Plan Rows": 1,
                                                "Plan Width": 0,
                                                "Actual Startup Time": 0.002,
                                                "Actual Total Time": 0.002,
                                                "Actual Rows": 1,
                                                "Actual Loops": 85,
                                                "Index Cond": "(it1.id = mi.info_type_id)"
                                            }
                                        ]
                                    }
                                ]
                            },
                            {
                                "Node Type": "Bitmap Heap Scan",
                                "Parent Relationship": "Inner",
                                "Parallel Aware": false,
                                "Relation Name": "movie_info_idx",
                                "Schema": "public",
                                "Alias": "mi_idx",
                                "Startup Cost": 0.46,
                                "Total Cost": 4.5,
                                "Plan Rows": 1,
                                "Plan Width": 13,
                                "Actual Startup Time": 0.009,
                                "Actual Total Time": 0.01,
                                "Actual Rows": 1,
                                "Actual Loops": 38,
                                "Output": [
                                    "mi_idx.id",
                                    "mi_idx.movie_id",
                                    "mi_idx.info_type_id",
                                    "mi_idx.info",
                                    "mi_idx.note"
                                ],
                                "Recheck Cond": "(mi_idx.movie_id = mk.movie_id)",
                                "Rows Removed by Index Recheck": 0,
                                "Filter": "(mi_idx.info > '6'::text)",
                                "Rows Removed by Filter": 2,
                                "Exact Heap Blocks": 36,
                                "Lossy Heap Blocks": 0,
                                "Plans": [
                                    {
                                        "Node Type": "Bitmap Index Scan",
                                        "Parent Relationship": "Outer",
                                        "Parallel Aware": false,
                                        "Index Name": "movie_id_movie_info_idx",
                                        "Startup Cost": 0.0,
                                        "Total Cost": 0.46,
                                        "Plan Rows": 3,
                                        "Plan Width": 0,
                                        "Actual Startup Time": 0.007,
                                        "Actual Total Time": 0.007,
                                        "Actual Rows": 3,
                                        "Actual Loops": 38,
                                        "Index Cond": "(mi_idx.movie_id = mk.movie_id)"
                                    }
                                ]
                            }
                        ]
                    },
                    {
                        "Node Type": "Bitmap Heap Scan",
                        "Parent Relationship": "Inner",
                        "Parallel Aware": false,
                        "Relation Name": "info_type",
                        "Schema": "public",
                        "Alias": "it2",
                        "Startup Cost": 0.15,
                        "Total Cost": 4.17,
                        "Plan Rows": 1,
                        "Plan Width": 4,
                        "Actual Startup Time": 0.004,
                        "Actual Total Time": 0.004,
                        "Actual Rows": 1,
                        "Actual Loops": 39,
                        "Output": [
                            "it2.id",
                            "it2.info"
                        ],
                        "Recheck Cond": "(it2.id = mi_idx.info_type_id)",
                        "Rows Removed by Index Recheck": 0,
                        "Filter": "((it2.info)::text = 'rating'::text)",
                        "Rows Removed by Filter": 0,
                        "Exact Heap Blocks": 39,
                        "Lossy Heap Blocks": 0,
                        "Plans": [
                            {
                                "Node Type": "Bitmap Index Scan",
                                "Parent Relationship": "Outer",
                                "Parallel Aware": false,
                                "Index Name": "info_type_pkey",
                                "Startup Cost": 0.0,
                                "Total Cost": 0.15,
                                "Plan Rows": 1,
                                "Plan Width": 0,
                                "Actual Startup Time": 0.002,
                                "Actual Total Time": 0.002,
                                "Actual Rows": 1,
                                "Actual Loops": 39,
                                "Index Cond": "(it2.id = mi_idx.info_type_id)"
                            }
                        ]
                    }
                ]
            }
        ]
    },
    "Planning Time": 6.144,
    "Triggers": [],
    "Execution Time": 1534.755
}