{
    "Plan": {
        "Node Type": "Aggregate",
        "Strategy": "Plain",
        "Partial Mode": "Simple",
        "Parallel Aware": false,
        "Startup Cost": 10001159972.52,
        "Total Cost": 10001159972.53,
        "Plan Rows": 1,
        "Plan Width": 8,
        "Actual Startup Time": 6975.829,
        "Actual Total Time": 6975.833,
        "Actual Rows": 1,
        "Actual Loops": 1,
        "Output": [
            "count(*)"
        ],
        "Plans": [
            {
                "Node Type": "Hash Join",
                "Parent Relationship": "Outer",
                "Parallel Aware": false,
                "Join Type": "Inner",
                "Startup Cost": 10000041088.51,
                "Total Cost": 10001158248.64,
                "Plan Rows": 689555,
                "Plan Width": 0,
                "Actual Startup Time": 2715.137,
                "Actual Total Time": 6937.943,
                "Actual Rows": 882915,
                "Actual Loops": 1,
                "Inner Unique": true,
                "Hash Cond": "(mi.movie_id = t.id)",
                "Plans": [
                    {
                        "Node Type": "Index Scan",
                        "Parent Relationship": "Outer",
                        "Parallel Aware": false,
                        "Scan Direction": "Forward",
                        "Index Name": "movie_id_movie_info",
                        "Relation Name": "movie_info",
                        "Schema": "public",
                        "Alias": "mi",
                        "Startup Cost": 10000000000.43,
                        "Total Cost": 10001078428.37,
                        "Plan Rows": 14755095,
                        "Plan Width": 4,
                        "Actual Startup Time": 0.043,
                        "Actual Total Time": 4953.918,
                        "Actual Rows": 14835720,
                        "Actual Loops": 1,
                        "Output": [
                            "mi.id",
                            "mi.movie_id",
                            "mi.info_type_id",
                            "mi.info",
                            "mi.note"
                        ]
                    },
                    {
                        "Node Type": "Hash",
                        "Parent Relationship": "Inner",
                        "Parallel Aware": false,
                        "Startup Cost": 39611.11,
                        "Total Cost": 39611.11,
                        "Plan Rows": 118157,
                        "Plan Width": 4,
                        "Actual Startup Time": 197.404,
                        "Actual Total Time": 197.406,
                        "Actual Rows": 118234,
                        "Actual Loops": 1,
                        "Output": [
                            "t.id"
                        ],
                        "Hash Buckets": 131072,
                        "Original Hash Buckets": 131072,
                        "Hash Batches": 1,
                        "Original Hash Batches": 1,
                        "Peak Memory Usage": 5181,
                        "Plans": [
                            {
                                "Node Type": "Bitmap Heap Scan",
                                "Parent Relationship": "Outer",
                                "Parallel Aware": false,
                                "Relation Name": "title",
                                "Schema": "public",
                                "Alias": "t",
                                "Startup Cost": 2136.15,
                                "Total Cost": 39611.11,
                                "Plan Rows": 118157,
                                "Plan Width": 4,
                                "Actual Startup Time": 19.762,
                                "Actual Total Time": 161.982,
                                "Actual Rows": 118234,
                                "Actual Loops": 1,
                                "Output": [
                                    "t.id"
                                ],
                                "Recheck Cond": "(t.kind_id = 4)",
                                "Rows Removed by Index Recheck": 0,
                                "Exact Heap Blocks": 12711,
                                "Lossy Heap Blocks": 0,
                                "Plans": [
                                    {
                                        "Node Type": "Bitmap Index Scan",
                                        "Parent Relationship": "Outer",
                                        "Parallel Aware": false,
                                        "Index Name": "kind_id_title",
                                        "Startup Cost": 0.0,
                                        "Total Cost": 2106.61,
                                        "Plan Rows": 118157,
                                        "Plan Width": 0,
                                        "Actual Startup Time": 17.379,
                                        "Actual Total Time": 17.379,
                                        "Actual Rows": 118234,
                                        "Actual Loops": 1,
                                        "Index Cond": "(t.kind_id = 4)"
                                    }
                                ]
                            }
                        ]
                    }
                ]
            }
        ]
    },
    "Planning Time": 2.584,
    "Triggers": [],
    "Execution Time": 6976.308
}