[
  {
    "Plan": {
      "Node Type": "Aggregate",
      "Strategy": "Plain",
      "Partial Mode": "Finalize",
      "Parallel Aware": false,
      "Startup Cost": 52861.3,
      "Total Cost": 52861.31,
      "Plan Rows": 1,
      "Plan Width": 8,
      "Actual Startup Time": 103.027,
      "Actual Total Time": 116.129,
      "Actual Rows": 1,
      "Actual Loops": 1,
      "Plans": [
        {
          "Node Type": "Gather",
          "Parent Relationship": "Outer",
          "Parallel Aware": false,
          "Startup Cost": 52860.88,
          "Total Cost": 52861.29,
          "Plan Rows": 4,
          "Plan Width": 8,
          "Actual Startup Time": 102.899,
          "Actual Total Time": 116.121,
          "Actual Rows": 5,
          "Actual Loops": 1,
          "Workers Planned": 4,
          "Workers Launched": 4,
          "Single Copy": false,
          "Plans": [
            {
              "Node Type": "Aggregate",
              "Strategy": "Plain",
              "Partial Mode": "Partial",
              "Parent Relationship": "Outer",
              "Parallel Aware": false,
              "Startup Cost": 51860.88,
              "Total Cost": 51860.89,
              "Plan Rows": 1,
              "Plan Width": 8,
              "Actual Startup Time": 94.972,
              "Actual Total Time": 94.973,
              "Actual Rows": 1,
              "Actual Loops": 5,
              "Plans": [
                {
                  "Node Type": "Nested Loop",
                  "Parent Relationship": "Outer",
                  "Parallel Aware": false,
                  "Join Type": "Inner",
                  "Startup Cost": 0.43,
                  "Total Cost": 51859.61,
                  "Plan Rows": 510,
                  "Plan Width": 0,
                  "Actual Startup Time": 59.75,
                  "Actual Total Time": 94.869,
                  "Actual Rows": 1116,
                  "Actual Loops": 5,
                  "Inner Unique": false,
                  "Plans": [
                    {
                      "Node Type": "Seq Scan",
                      "Parent Relationship": "Outer",
                      "Parallel Aware": true,
                      "Relation Name": "title",
                      "Alias": "t",
                      "Startup Cost": 0.0,
                      "Total Cost": 45479.1,
                      "Plan Rows": 934,
                      "Plan Width": 4,
                      "Actual Startup Time": 55.89,
                      "Actual Total Time": 86.747,
                      "Actual Rows": 838,
                      "Actual Loops": 5,
                      "Filter": "((kind_id = 1) AND (production_year = 1981))",
                      "Rows Removed by Filter": 504825
                    },
                    {
                      "Node Type": "Index Only Scan",
                      "Parent Relationship": "Inner",
                      "Parallel Aware": false,
                      "Scan Direction": "Forward",
                      "Index Name": "movie_id_movie_info_idx",
                      "Relation Name": "movie_info_idx",
                      "Alias": "mi_idx",
                      "Startup Cost": 0.43,
                      "Total Cost": 6.8,
                      "Plan Rows": 3,
                      "Plan Width": 4,
                      "Actual Startup Time": 0.009,
                      "Actual Total Time": 0.009,
                      "Actual Rows": 1,
                      "Actual Loops": 4189,
                      "Index Cond": "(movie_id = t.id)",
                      "Rows Removed by Index Recheck": 0,
                      "Heap Fetches": 5582
                    }
                  ]
                }
              ]
            }
          ]
        }
      ]
    },
    "Planning Time": 0.613,
    "Triggers": [],
    "Execution Time": 116.202
  }
]