[
    {
        "Bao": {
            "Bao prediction": "NaN",
            "Bao recommended hint": "(no hint)"
        }
    },
    {
        "Plan": {
            "Node Type": "Aggregate",
            "Strategy": "Plain",
            "Partial Mode": "Finalize",
            "Parallel Aware": false,
            "Startup Cost": 32896.76,
            "Total Cost": 32896.77,
            "Plan Rows": 1,
            "Plan Width": 8,
            "Actual Startup Time": 79.473,
            "Actual Total Time": 85.462,
            "Actual Rows": 1,
            "Actual Loops": 1,
            "Output": [
                "count(*)"
            ],
            "Plans": [
                {
                    "Node Type": "Gather",
                    "Parent Relationship": "Outer",
                    "Parallel Aware": false,
                    "Startup Cost": 32896.45,
                    "Total Cost": 32896.76,
                    "Plan Rows": 3,
                    "Plan Width": 8,
                    "Actual Startup Time": 79.4,
                    "Actual Total Time": 85.45,
                    "Actual Rows": 4,
                    "Actual Loops": 1,
                    "Output": [
                        "(PARTIAL count(*))"
                    ],
                    "Workers Planned": 3,
                    "Workers Launched": 3,
                    "Single Copy": false,
                    "Plans": [
                        {
                            "Node Type": "Aggregate",
                            "Strategy": "Plain",
                            "Partial Mode": "Partial",
                            "Parent Relationship": "Outer",
                            "Parallel Aware": false,
                            "Startup Cost": 31896.45,
                            "Total Cost": 31896.46,
                            "Plan Rows": 1,
                            "Plan Width": 8,
                            "Actual Startup Time": 71.449,
                            "Actual Total Time": 71.45,
                            "Actual Rows": 1,
                            "Actual Loops": 4,
                            "Output": [
                                "PARTIAL count(*)"
                            ],
                            "Workers": [
                                {
                                    "Worker Number": 0,
                                    "Actual Startup Time": 68.664,
                                    "Actual Total Time": 68.666,
                                    "Actual Rows": 1,
                                    "Actual Loops": 1
                                },
                                {
                                    "Worker Number": 1,
                                    "Actual Startup Time": 68.704,
                                    "Actual Total Time": 68.706,
                                    "Actual Rows": 1,
                                    "Actual Loops": 1
                                },
                                {
                                    "Worker Number": 2,
                                    "Actual Startup Time": 69.381,
                                    "Actual Total Time": 69.382,
                                    "Actual Rows": 1,
                                    "Actual Loops": 1
                                }
                            ],
                            "Plans": [
                                {
                                    "Node Type": "Seq Scan",
                                    "Parent Relationship": "Outer",
                                    "Parallel Aware": true,
                                    "Relation Name": "movie_companies",
                                    "Schema": "public",
                                    "Alias": "mc",
                                    "Startup Cost": 0.0,
                                    "Total Cost": 31414.82,
                                    "Plan Rows": 192651,
                                    "Plan Width": 0,
                                    "Actual Startup Time": 13.679,
                                    "Actual Total Time": 66.882,
                                    "Actual Rows": 84218,
                                    "Actual Loops": 4,
                                    "Output": [
                                        "id",
                                        "movie_id",
                                        "company_id",
                                        "company_type_id",
                                        "note"
                                    ],
                                    "Filter": "((mc.company_id > 11961) AND (mc.company_type_id < 2))",
                                    "Rows Removed by Filter": 568064,
                                    "Workers": [
                                        {
                                            "Worker Number": 0,
                                            "Actual Startup Time": 10.877,
                                            "Actual Total Time": 64.268,
                                            "Actual Rows": 68452,
                                            "Actual Loops": 1
                                        },
                                        {
                                            "Worker Number": 1,
                                            "Actual Startup Time": 10.967,
                                            "Actual Total Time": 64.305,
                                            "Actual Rows": 70103,
                                            "Actual Loops": 1
                                        },
                                        {
                                            "Worker Number": 2,
                                            "Actual Startup Time": 11.642,
                                            "Actual Total Time": 65.193,
                                            "Actual Rows": 66127,
                                            "Actual Loops": 1
                                        }
                                    ]
                                }
                            ]
                        }
                    ]
                }
            ]
        },
        "Planning Time": 195.729,
        "Triggers": [],
        "Execution Time": 85.544
    }
]