[
  {
    "Plan": {
      "Node Type": "Aggregate",
      "Strategy": "Plain",
      "Partial Mode": "Finalize",
      "Parallel Aware": false,
      "Startup Cost": 99167.63,
      "Total Cost": 99167.64,
      "Plan Rows": 1,
      "Plan Width": 8,
      "Actual Startup Time": 637.349,
      "Actual Total Time": 659.057,
      "Actual Rows": 1,
      "Actual Loops": 1,
      "Plans": [
        {
          "Node Type": "Gather",
          "Parent Relationship": "Outer",
          "Parallel Aware": false,
          "Startup Cost": 99167.31,
          "Total Cost": 99167.62,
          "Plan Rows": 3,
          "Plan Width": 8,
          "Actual Startup Time": 628.19,
          "Actual Total Time": 659.047,
          "Actual Rows": 4,
          "Actual Loops": 1,
          "Workers Planned": 3,
          "Workers Launched": 3,
          "Single Copy": false,
          "Plans": [
            {
              "Node Type": "Aggregate",
              "Strategy": "Plain",
              "Partial Mode": "Partial",
              "Parent Relationship": "Outer",
              "Parallel Aware": false,
              "Startup Cost": 98167.31,
              "Total Cost": 98167.32,
              "Plan Rows": 1,
              "Plan Width": 8,
              "Actual Startup Time": 614.382,
              "Actual Total Time": 614.385,
              "Actual Rows": 1,
              "Actual Loops": 4,
              "Plans": [
                {
                  "Node Type": "Hash Join",
                  "Parent Relationship": "Outer",
                  "Parallel Aware": true,
                  "Join Type": "Inner",
                  "Startup Cost": 50102.28,
                  "Total Cost": 95870.09,
                  "Plan Rows": 918891,
                  "Plan Width": 0,
                  "Actual Startup Time": 319.025,
                  "Actual Total Time": 583.495,
                  "Actual Rows": 664171,
                  "Actual Loops": 4,
                  "Inner Unique": true,
                  "Hash Cond": "(mk.movie_id = t.id)",
                  "Plans": [
                    {
                      "Node Type": "Seq Scan",
                      "Parent Relationship": "Outer",
                      "Parallel Aware": true,
                      "Relation Name": "movie_keyword",
                      "Alias": "mk",
                      "Startup Cost": 0.0,
                      "Total Cost": 42695.65,
                      "Plan Rows": 1170345,
                      "Plan Width": 4,
                      "Actual Startup Time": 0.029,
                      "Actual Total Time": 117.491,
                      "Actual Rows": 908169,
                      "Actual Loops": 4,
                      "Filter": "(keyword_id < 20684)",
                      "Rows Removed by Filter": 222814
                    },
                    {
                      "Node Type": "Hash",
                      "Parent Relationship": "Inner",
                      "Parallel Aware": true,
                      "Startup Cost": 43898.92,
                      "Total Cost": 43898.92,
                      "Plan Rows": 496269,
                      "Plan Width": 4,
                      "Actual Startup Time": 311.11,
                      "Actual Total Time": 311.111,
                      "Actual Rows": 494154,
                      "Actual Loops": 4,
                      "Hash Buckets": 2097152,
                      "Original Hash Buckets": 2097152,
                      "Hash Batches": 1,
                      "Original Hash Batches": 1,
                      "Peak Memory Usage": 93760,
                      "Plans": [
                        {
                          "Node Type": "Seq Scan",
                          "Parent Relationship": "Outer",
                          "Parallel Aware": true,
                          "Relation Name": "title",
                          "Alias": "t",
                          "Startup Cost": 0.0,
                          "Total Cost": 43898.92,
                          "Plan Rows": 496269,
                          "Plan Width": 4,
                          "Actual Startup Time": 0.047,
                          "Actual Total Time": 119.461,
                          "Actual Rows": 494154,
                          "Actual Loops": 4,
                          "Filter": "(production_year > 1977)",
                          "Rows Removed by Filter": 137924
                        }
                      ]
                    }
                  ]
                }
              ]
            }
          ]
        }
      ]
    },
    "Planning Time": 0.601,
    "Triggers": [],
    "Execution Time": 659.134
  }
]