{
  "Plan": {
    "Node Type": "Aggregate",
    "Strategy": "Plain",
    "Partial Mode": "Finalize",
    "Parallel Aware": false,
    "Startup Cost": 529759.07,
    "Total Cost": 529759.08,
    "Plan Rows": 1,
    "Plan Width": 8,
    "Actual Startup Time": 2232.767,
    "Actual Total Time": 2253.859,
    "Actual Rows": 1,
    "Actual Loops": 1,
    "Plans": [
      {
        "Node Type": "Gather",
        "Parent Relationship": "Outer",
        "Parallel Aware": false,
        "Startup Cost": 529758.95,
        "Total Cost": 529759.06,
        "Plan Rows": 1,
        "Plan Width": 8,
        "Actual Startup Time": 2228.952,
        "Actual Total Time": 2253.852,
        "Actual Rows": 2,
        "Actual Loops": 1,
        "Workers Planned": 1,
        "Workers Launched": 1,
        "Single Copy": false,
        "Plans": [
          {
            "Node Type": "Aggregate",
            "Strategy": "Plain",
            "Partial Mode": "Partial",
            "Parent Relationship": "Outer",
            "Parallel Aware": false,
            "Startup Cost": 528758.95,
            "Total Cost": 528758.96,
            "Plan Rows": 1,
            "Plan Width": 8,
            "Actual Startup Time": 2222.68,
            "Actual Total Time": 2222.682,
            "Actual Rows": 1,
            "Actual Loops": 2,
            "Plans": [
              {
                "Node Type": "Merge Join",
                "Parent Relationship": "Outer",
                "Parallel Aware": false,
                "Join Type": "Inner",
                "Startup Cost": 264434.79,
                "Total Cost": 527960.82,
                "Plan Rows": 319252,
                "Plan Width": 0,
                "Actual Startup Time": 279.932,
                "Actual Total Time": 2183.309,
                "Actual Rows": 767854,
                "Actual Loops": 2,
                "Inner Unique": false,
                "Merge Cond": "(t.id = mc.movie_id)",
                "Plans": [
                  {
                    "Node Type": "Merge Join",
                    "Parent Relationship": "Outer",
                    "Parallel Aware": false,
                    "Join Type": "Inner",
                    "Startup Cost": 264432.15,
                    "Total Cost": 377527.84,
                    "Plan Rows": 309361,
                    "Plan Width": 8,
                    "Actual Startup Time": 279.83,
                    "Actual Total Time": 1182.854,
                    "Actual Rows": 282587,
                    "Actual Loops": 2,
                    "Inner Unique": false,
                    "Merge Cond": "(t.id = mi.movie_id)",
                    "Plans": [
                      {
                        "Node Type": "Index Scan",
                        "Parent Relationship": "Outer",
                        "Parallel Aware": true,
                        "Scan Direction": "Forward",
                        "Index Name": "title_pkey",
                        "Relation Name": "title",
                        "Alias": "t",
                        "Startup Cost": 0.43,
                        "Total Cost": 103647.43,
                        "Plan Rows": 982180,
                        "Plan Width": 4,
                        "Actual Startup Time": 0.081,
                        "Actual Total Time": 711.434,
                        "Actual Rows": 835171,
                        "Actual Loops": 2,
                        "Filter": "(production_year < 2008)",
                        "Rows Removed by Filter": 427758
                      },
                      {
                        "Node Type": "Sort",
                        "Parent Relationship": "Inner",
                        "Parallel Aware": false,
                        "Startup Cost": 264429.56,
                        "Total Cost": 266420.43,
                        "Plan Rows": 796347,
                        "Plan Width": 4,
                        "Actual Startup Time": 279.722,
                        "Actual Total Time": 331.1,
                        "Actual Rows": 802119,
                        "Actual Loops": 2,
                        "Sort Key": [
                          "mi.movie_id"
                        ],
                        "Sort Method": "quicksort",
                        "Sort Space Used": 62177,
                        "Sort Space Type": "Memory",
                        "Workers": [
                          {
                            "Worker Number": 0,
                            "Sort Method": "quicksort",
                            "Sort Space Used": 62177,
                            "Sort Space Type": "Memory"
                          }
                        ],
                        "Plans": [
                          {
                            "Node Type": "Bitmap Heap Scan",
                            "Parent Relationship": "Outer",
                            "Parallel Aware": false,
                            "Relation Name": "movie_info",
                            "Alias": "mi",
                            "Startup Cost": 14428.12,
                            "Total Cost": 186375.46,
                            "Plan Rows": 796347,
                            "Plan Width": 4,
                            "Actual Startup Time": 48.969,
                            "Actual Total Time": 127.715,
                            "Actual Rows": 802140,
                            "Actual Loops": 2,
                            "Recheck Cond": "(info_type_id < 2)",
                            "Rows Removed by Index Recheck": 0,
                            "Exact Heap Blocks": 4868,
                            "Lossy Heap Blocks": 0,
                            "Plans": [
                              {
                                "Node Type": "Bitmap Index Scan",
                                "Parent Relationship": "Outer",
                                "Parallel Aware": false,
                                "Index Name": "info_type_id_movie_info",
                                "Startup Cost": 0.0,
                                "Total Cost": 14229.04,
                                "Plan Rows": 796347,
                                "Plan Width": 0,
                                "Actual Startup Time": 48.427,
                                "Actual Total Time": 48.427,
                                "Actual Rows": 802140,
                                "Actual Loops": 2,
                                "Index Cond": "(info_type_id < 2)"
                              }
                            ]
                          }
                        ]
                      }
                    ]
                  },
                  {
                    "Node Type": "Index Only Scan",
                    "Parent Relationship": "Inner",
                    "Parallel Aware": false,
                    "Scan Direction": "Forward",
                    "Index Name": "movie_id_movie_companies",
                    "Relation Name": "movie_companies",
                    "Alias": "mc",
                    "Startup Cost": 0.43,
                    "Total Cost": 140059.44,
                    "Plan Rows": 2609129,
                    "Plan Width": 4,
                    "Actual Startup Time": 0.061,
                    "Actual Total Time": 779.348,
                    "Actual Rows": 2726554,
                    "Actual Loops": 2,
                    "Heap Fetches": 5453109
                  }
                ]
              }
            ]
          }
        ]
      }
    ]
  },
  "Planning Time": 1.054,
  "Triggers": [],
  "Execution Time": 2254.011
}