[
  {
    "Plan": {
      "Node Type": "Aggregate",
      "Strategy": "Plain",
      "Partial Mode": "Finalize",
      "Parallel Aware": false,
      "Startup Cost": 10830.66,
      "Total Cost": 10830.67,
      "Plan Rows": 1,
      "Plan Width": 8,
      "Actual Startup Time": 19.792,
      "Actual Total Time": 23.429,
      "Actual Rows": 1,
      "Actual Loops": 1,
      "Plans": [
        {
          "Node Type": "Gather",
          "Parent Relationship": "Outer",
          "Parallel Aware": false,
          "Startup Cost": 10830.54,
          "Total Cost": 10830.65,
          "Plan Rows": 1,
          "Plan Width": 8,
          "Actual Startup Time": 19.666,
          "Actual Total Time": 23.423,
          "Actual Rows": 2,
          "Actual Loops": 1,
          "Workers Planned": 1,
          "Workers Launched": 1,
          "Single Copy": false,
          "Plans": [
            {
              "Node Type": "Aggregate",
              "Strategy": "Plain",
              "Partial Mode": "Partial",
              "Parent Relationship": "Outer",
              "Parallel Aware": false,
              "Startup Cost": 9830.54,
              "Total Cost": 9830.55,
              "Plan Rows": 1,
              "Plan Width": 8,
              "Actual Startup Time": 16.782,
              "Actual Total Time": 16.783,
              "Actual Rows": 1,
              "Actual Loops": 2,
              "Plans": [
                {
                  "Node Type": "Nested Loop",
                  "Parent Relationship": "Outer",
                  "Parallel Aware": false,
                  "Join Type": "Inner",
                  "Startup Cost": 42.91,
                  "Total Cost": 9830.04,
                  "Plan Rows": 201,
                  "Plan Width": 0,
                  "Actual Startup Time": 1.133,
                  "Actual Total Time": 16.659,
                  "Actual Rows": 879,
                  "Actual Loops": 2,
                  "Inner Unique": true,
                  "Plans": [
                    {
                      "Node Type": "Bitmap Heap Scan",
                      "Parent Relationship": "Outer",
                      "Parallel Aware": true,
                      "Relation Name": "movie_companies",
                      "Alias": "mc",
                      "Startup Cost": 42.48,
                      "Total Cost": 5474.92,
                      "Plan Rows": 530,
                      "Plan Width": 4,
                      "Actual Startup Time": 0.692,
                      "Actual Total Time": 4.184,
                      "Actual Rows": 1984,
                      "Actual Loops": 2,
                      "Recheck Cond": "(company_id < 6)",
                      "Rows Removed by Index Recheck": 0,
                      "Filter": "(company_type_id < 2)",
                      "Rows Removed by Filter": 372,
                      "Exact Heap Blocks": 1600,
                      "Lossy Heap Blocks": 0,
                      "Plans": [
                        {
                          "Node Type": "Bitmap Index Scan",
                          "Parent Relationship": "Outer",
                          "Parallel Aware": false,
                          "Index Name": "company_id_movie_companies",
                          "Startup Cost": 0.0,
                          "Total Cost": 42.25,
                          "Plan Rows": 1843,
                          "Plan Width": 0,
                          "Actual Startup Time": 0.956,
                          "Actual Total Time": 0.957,
                          "Actual Rows": 4712,
                          "Actual Loops": 1,
                          "Index Cond": "(company_id < 6)"
                        }
                      ]
                    },
                    {
                      "Node Type": "Index Scan",
                      "Parent Relationship": "Inner",
                      "Parallel Aware": false,
                      "Scan Direction": "Forward",
                      "Index Name": "title_pkey",
                      "Relation Name": "title",
                      "Alias": "t",
                      "Startup Cost": 0.43,
                      "Total Cost": 8.22,
                      "Plan Rows": 1,
                      "Plan Width": 4,
                      "Actual Startup Time": 0.006,
                      "Actual Total Time": 0.006,
                      "Actual Rows": 0,
                      "Actual Loops": 3969,
                      "Index Cond": "(id = mc.movie_id)",
                      "Rows Removed by Index Recheck": 0,
                      "Filter": "((kind_id < 7) AND (production_year > 1898))",
                      "Rows Removed by Filter": 1
                    }
                  ]
                }
              ]
            }
          ]
        }
      ]
    },
    "Planning Time": 0.365,
    "Triggers": [],
    "Execution Time": 23.488
  }
]