[
  {
    "Plan": {
      "Node Type": "Aggregate",
      "Strategy": "Plain",
      "Partial Mode": "Simple",
      "Parallel Aware": false,
      "Startup Cost": 3106.25,
      "Total Cost": 3106.26,
      "Plan Rows": 1,
      "Plan Width": 192,
      "Actual Startup Time": 97.976,
      "Actual Total Time": 97.987,
      "Actual Rows": 1,
      "Actual Loops": 1,
      "Output": [
        "min(cn1.name)",
        "min(cn2.name)",
        "min(mi_idx1.info)",
        "min(mi_idx2.info)",
        "min(t1.title)",
        "min(t2.title)"
      ],
      "Plans": [
        {
          "Node Type": "Nested Loop",
          "Parent Relationship": "Outer",
          "Parallel Aware": false,
          "Join Type": "Inner",
          "Startup Cost": 340.36,
          "Total Cost": 3106.23,
          "Plan Rows": 1,
          "Plan Width": 82,
          "Actual Startup Time": 12.502,
          "Actual Total Time": 97.785,
          "Actual Rows": 209,
          "Actual Loops": 1,
          "Output": [
            "cn1.name",
            "cn2.name",
            "mi_idx1.info",
            "mi_idx2.info",
            "t1.title",
            "t2.title"
          ],
          "Inner Unique": false,
          "Join Filter": "((kt1.id = t1.kind_id) AND (kt2.id = t2.kind_id))",
          "Rows Removed by Join Filter": 406,
          "Plans": [
            {
              "Node Type": "Nested Loop",
              "Parent Relationship": "Outer",
              "Parallel Aware": false,
              "Join Type": "Inner",
              "Startup Cost": 0.0,
              "Total Cost": 2.18,
              "Plan Rows": 1,
              "Plan Width": 8,
              "Actual Startup Time": 0.037,
              "Actual Total Time": 0.043,
              "Actual Rows": 1,
              "Actual Loops": 1,
              "Output": [
                "kt1.id",
                "kt2.id"
              ],
              "Inner Unique": false,
              "Plans": [
                {
                  "Node Type": "Seq Scan",
                  "Parent Relationship": "Outer",
                  "Parallel Aware": false,
                  "Relation Name": "kind_type",
                  "Schema": "public",
                  "Alias": "kt1",
                  "Startup Cost": 0.0,
                  "Total Cost": 1.09,
                  "Plan Rows": 1,
                  "Plan Width": 4,
                  "Actual Startup Time": 0.023,
                  "Actual Total Time": 0.025,
                  "Actual Rows": 1,
                  "Actual Loops": 1,
                  "Output": [
                    "kt1.id",
                    "kt1.kind"
                  ],
                  "Filter": "((kt1.kind)::text = 'tv series'::text COLLATE \"C\")",
                  "Rows Removed by Filter": 6
                },
                {
                  "Node Type": "Seq Scan",
                  "Parent Relationship": "Inner",
                  "Parallel Aware": false,
                  "Relation Name": "kind_type",
                  "Schema": "public",
                  "Alias": "kt2",
                  "Startup Cost": 0.0,
                  "Total Cost": 1.09,
                  "Plan Rows": 1,
                  "Plan Width": 4,
                  "Actual Startup Time": 0.01,
                  "Actual Total Time": 0.012,
                  "Actual Rows": 1,
                  "Actual Loops": 1,
                  "Output": [
                    "kt2.id",
                    "kt2.kind"
                  ],
                  "Filter": "((kt2.kind)::text = 'tv series'::text COLLATE \"C\")",
                  "Rows Removed by Filter": 6
                }
              ]
            },
            {
              "Node Type": "Nested Loop",
              "Parent Relationship": "Inner",
              "Parallel Aware": false,
              "Join Type": "Inner",
              "Startup Cost": 340.36,
              "Total Cost": 3104.03,
              "Plan Rows": 1,
              "Plan Width": 90,
              "Actual Startup Time": 10.47,
              "Actual Total Time": 97.583,
              "Actual Rows": 615,
              "Actual Loops": 1,
              "Output": [
                "cn1.name",
                "mi_idx1.info",
                "mi_idx2.info",
                "cn2.name",
                "t1.title",
                "t1.kind_id",
                "t2.title",
                "t2.kind_id"
              ],
              "Inner Unique": true,
              "Plans": [
                {
                  "Node Type": "Nested Loop",
                  "Parent Relationship": "Outer",
                  "Parallel Aware": false,
                  "Join Type": "Inner",
                  "Startup Cost": 339.94,
                  "Total Cost": 3103.59,
                  "Plan Rows": 1,
                  "Plan Width": 75,
                  "Actual Startup Time": 10.376,
                  "Actual Total Time": 94.607,
                  "Actual Rows": 615,
                  "Actual Loops": 1,
                  "Output": [
                    "cn1.name",
                    "mi_idx1.info",
                    "mi_idx2.info",
                    "mc2.company_id",
                    "t1.title",
                    "t1.kind_id",
                    "t2.title",
                    "t2.kind_id"
                  ],
                  "Inner Unique": false,
                  "Join Filter": "(t2.id = mc2.movie_id)",
                  "Rows Removed by Join Filter": 0,
                  "Plans": [
                    {
                      "Node Type": "Nested Loop",
                      "Parent Relationship": "Outer",
                      "Parallel Aware": false,
                      "Join Type": "Inner",
                      "Startup Cost": 339.51,
                      "Total Cost": 3102.92,
                      "Plan Rows": 1,
                      "Plan Width": 83,
                      "Actual Startup Time": 10.24,
                      "Actual Total Time": 93.31,
                      "Actual Rows": 100,
                      "Actual Loops": 1,
                      "Output": [
                        "cn1.name",
                        "mi_idx1.info",
                        "mi_idx2.info",
                        "mi_idx2.movie_id",
                        "ml.linked_movie_id",
                        "t1.title",
                        "t1.kind_id",
                        "t2.title",
                        "t2.id",
                        "t2.kind_id"
                      ],
                      "Inner Unique": true,
                      "Plans": [
                        {
                          "Node Type": "Nested Loop",
                          "Parent Relationship": "Outer",
                          "Parallel Aware": false,
                          "Join Type": "Inner",
                          "Startup Cost": 339.09,
                          "Total Cost": 3102.47,
                          "Plan Rows": 1,
                          "Plan Width": 68,
                          "Actual Startup Time": 10.17,
                          "Actual Total Time": 89.203,
                          "Actual Rows": 850,
                          "Actual Loops": 1,
                          "Output": [
                            "mi_idx1.info",
                            "mc1.company_id",
                            "mi_idx2.info",
                            "mi_idx2.movie_id",
                            "ml.linked_movie_id",
                            "t1.title",
                            "t1.kind_id",
                            "t2.title",
                            "t2.id",
                            "t2.kind_id"
                          ],
                          "Inner Unique": false,
                          "Plans": [
                            {
                              "Node Type": "Nested Loop",
                              "Parent Relationship": "Outer",
                              "Parallel Aware": false,
                              "Join Type": "Inner",
                              "Startup Cost": 338.66,
                              "Total Cost": 3101.86,
                              "Plan Rows": 1,
                              "Plan Width": 76,
                              "Actual Startup Time": 10.047,
                              "Actual Total Time": 87.603,
                              "Actual Rows": 127,
                              "Actual Loops": 1,
                              "Output": [
                                "mi_idx1.info",
                                "mi_idx1.movie_id",
                                "mi_idx2.info",
                                "mi_idx2.movie_id",
                                "ml.movie_id",
                                "ml.linked_movie_id",
                                "t1.title",
                                "t1.id",
                                "t1.kind_id",
                                "t2.title",
                                "t2.id",
                                "t2.kind_id"
                              ],
                              "Inner Unique": true,
                              "Join Filter": "(ml.linked_movie_id = t2.id)",
                              "Rows Removed by Join Filter": 0,
                              "Plans": [
                                {
                                  "Node Type": "Nested Loop",
                                  "Parent Relationship": "Outer",
                                  "Parallel Aware": false,
                                  "Join Type": "Inner",
                                  "Startup Cost": 338.23,
                                  "Total Cost": 3101.24,
                                  "Plan Rows": 1,
                                  "Plan Width": 51,
                                  "Actual Startup Time": 8.484,
                                  "Actual Total Time": 70.99,
                                  "Actual Rows": 1255,
                                  "Actual Loops": 1,
                                  "Output": [
                                    "mi_idx1.info",
                                    "mi_idx1.movie_id",
                                    "mi_idx2.info",
                                    "mi_idx2.movie_id",
                                    "ml.movie_id",
                                    "ml.linked_movie_id",
                                    "t1.title",
                                    "t1.id",
                                    "t1.kind_id"
                                  ],
                                  "Inner Unique": false,
                                  "Join Filter": "(it2.id = mi_idx2.info_type_id)",
                                  "Rows Removed by Join Filter": 3521,
                                  "Plans": [
                                    {
                                      "Node Type": "Nested Loop",
                                      "Parent Relationship": "Outer",
                                      "Parallel Aware": false,
                                      "Join Type": "Inner",
                                      "Startup Cost": 337.81,
                                      "Total Cost": 3091.58,
                                      "Plan Rows": 4,
                                      "Plan Width": 46,
                                      "Actual Startup Time": 7.257,
                                      "Actual Total Time": 45.706,
                                      "Actual Rows": 2064,
                                      "Actual Loops": 1,
                                      "Output": [
                                        "it2.id",
                                        "mi_idx1.info",
                                        "mi_idx1.movie_id",
                                        "ml.movie_id",
                                        "ml.linked_movie_id",
                                        "t1.title",
                                        "t1.id",
                                        "t1.kind_id"
                                      ],
                                      "Inner Unique": true,
                                      "Join Filter": "(ml.movie_id = t1.id)",
                                      "Rows Removed by Join Filter": 0,
                                      "Plans": [
                                        {
                                          "Node Type": "Nested Loop",
                                          "Parent Relationship": "Outer",
                                          "Parallel Aware": false,
                                          "Join Type": "Inner",
                                          "Startup Cost": 337.38,
                                          "Total Cost": 3065.6,
                                          "Plan Rows": 44,
                                          "Plan Width": 21,
                                          "Actual Startup Time": 7.181,
                                          "Actual Total Time": 34.284,
                                          "Actual Rows": 2064,
                                          "Actual Loops": 1,
                                          "Output": [
                                            "it2.id",
                                            "mi_idx1.info",
                                            "mi_idx1.movie_id",
                                            "ml.movie_id",
                                            "ml.linked_movie_id"
                                          ],
                                          "Inner Unique": false,
                                          "Plans": [
                                            {
                                              "Node Type": "Index Scan",
                                              "Parent Relationship": "Outer",
                                              "Parallel Aware": false,
                                              "Scan Direction": "Forward",
                                              "Index Name": "info_type_pkey",
                                              "Relation Name": "info_type",
                                              "Schema": "public",
                                              "Alias": "it2",
                                              "Startup Cost": 0.14,
                                              "Total Cost": 14.12,
                                              "Plan Rows": 1,
                                              "Plan Width": 4,
                                              "Actual Startup Time": 0.074,
                                              "Actual Total Time": 0.079,
                                              "Actual Rows": 1,
                                              "Actual Loops": 1,
                                              "Output": [
                                                "it2.id",
                                                "it2.info"
                                              ],
                                              "Filter": "((it2.info)::text = 'rating'::text COLLATE \"C\")",
                                              "Rows Removed by Filter": 112
                                            },
                                            {
                                              "Node Type": "Hash Join",
                                              "Parent Relationship": "Inner",
                                              "Parallel Aware": false,
                                              "Join Type": "Inner",
                                              "Startup Cost": 337.23,
                                              "Total Cost": 3051.04,
                                              "Plan Rows": 44,
                                              "Plan Width": 17,
                                              "Actual Startup Time": 7.103,
                                              "Actual Total Time": 33.878,
                                              "Actual Rows": 2064,
                                              "Actual Loops": 1,
                                              "Output": [
                                                "mi_idx1.info",
                                                "mi_idx1.movie_id",
                                                "ml.movie_id",
                                                "ml.linked_movie_id"
                                              ],
                                              "Inner Unique": true,
                                              "Hash Cond": "(mi_idx1.info_type_id = it1.id)",
                                              "Plans": [
                                                {
                                                  "Node Type": "Merge Join",
                                                  "Parent Relationship": "Outer",
                                                  "Parallel Aware": false,
                                                  "Join Type": "Inner",
                                                  "Startup Cost": 334.81,
                                                  "Total Cost": 3035.23,
                                                  "Plan Rows": 4916,
                                                  "Plan Width": 21,
                                                  "Actual Startup Time": 6.92,
                                                  "Actual Total Time": 32.585,
                                                  "Actual Rows": 6192,
                                                  "Actual Loops": 1,
                                                  "Output": [
                                                    "ml.movie_id",
                                                    "ml.linked_movie_id",
                                                    "mi_idx1.info",
                                                    "mi_idx1.info_type_id",
                                                    "mi_idx1.movie_id"
                                                  ],
                                                  "Inner Unique": false,
                                                  "Merge Cond": "(mi_idx1.movie_id = ml.movie_id)",
                                                  "Plans": [
                                                    {
                                                      "Node Type": "Index Scan",
                                                      "Parent Relationship": "Outer",
                                                      "Parallel Aware": false,
                                                      "Scan Direction": "Forward",
                                                      "Index Name": "movie_id_movie_info_idx",
                                                      "Relation Name": "movie_info_idx",
                                                      "Schema": "public",
                                                      "Alias": "mi_idx1",
                                                      "Startup Cost": 0.43,
                                                      "Total Cost": 53620.22,
                                                      "Plan Rows": 1380035,
                                                      "Plan Width": 13,
                                                      "Actual Startup Time": 0.042,
                                                      "Actual Total Time": 17.022,
                                                      "Actual Rows": 63901,
                                                      "Actual Loops": 1,
                                                      "Output": [
                                                        "mi_idx1.id",
                                                        "mi_idx1.movie_id",
                                                        "mi_idx1.info_type_id",
                                                        "mi_idx1.info",
                                                        "mi_idx1.note"
                                                      ]
                                                    },
                                                    {
                                                      "Node Type": "Sort",
                                                      "Parent Relationship": "Inner",
                                                      "Parallel Aware": false,
                                                      "Startup Cost": 334.38,
                                                      "Total Cost": 338.55,
                                                      "Plan Rows": 1666,
                                                      "Plan Width": 8,
                                                      "Actual Startup Time": 6.767,
                                                      "Actual Total Time": 7.35,
                                                      "Actual Rows": 6443,
                                                      "Actual Loops": 1,
                                                      "Output": [
                                                        "ml.movie_id",
                                                        "ml.linked_movie_id"
                                                      ],
                                                      "Sort Key": [
                                                        "ml.movie_id"
                                                      ],
                                                      "Sort Method": "quicksort",
                                                      "Sort Space Used": 205,
                                                      "Sort Space Type": "Memory",
                                                      "Plans": [
                                                        {
                                                          "Node Type": "Nested Loop",
                                                          "Parent Relationship": "Outer",
                                                          "Parallel Aware": false,
                                                          "Join Type": "Inner",
                                                          "Startup Cost": 38.82,
                                                          "Total Cost": 245.23,
                                                          "Plan Rows": 1666,
                                                          "Plan Width": 8,
                                                          "Actual Startup Time": 0.353,
                                                          "Actual Total Time": 4.818,
                                                          "Actual Rows": 2315,
                                                          "Actual Loops": 1,
                                                          "Output": [
                                                            "ml.movie_id",
                                                            "ml.linked_movie_id"
                                                          ],
                                                          "Inner Unique": false,
                                                          "Plans": [
                                                            {
                                                              "Node Type": "Seq Scan",
                                                              "Parent Relationship": "Outer",
                                                              "Parallel Aware": false,
                                                              "Relation Name": "link_type",
                                                              "Schema": "public",
                                                              "Alias": "lt",
                                                              "Startup Cost": 0.0,
                                                              "Total Cost": 1.23,
                                                              "Plan Rows": 1,
                                                              "Plan Width": 4,
                                                              "Actual Startup Time": 0.017,
                                                              "Actual Total Time": 0.03,
                                                              "Actual Rows": 2,
                                                              "Actual Loops": 1,
                                                              "Output": [
                                                                "lt.id",
                                                                "lt.link"
                                                              ],
                                                              "Filter": "((lt.link)::text ~~ '%follow%'::text)",
                                                              "Rows Removed by Filter": 16
                                                            },
                                                            {
                                                              "Node Type": "Bitmap Heap Scan",
                                                              "Parent Relationship": "Inner",
                                                              "Parallel Aware": false,
                                                              "Relation Name": "movie_link",
                                                              "Schema": "public",
                                                              "Alias": "ml",
                                                              "Startup Cost": 38.82,
                                                              "Total Cost": 225.26,
                                                              "Plan Rows": 1875,
                                                              "Plan Width": 12,
                                                              "Actual Startup Time": 0.284,
                                                              "Actual Total Time": 1.945,
                                                              "Actual Rows": 1158,
                                                              "Actual Loops": 2,
                                                              "Output": [
                                                                "ml.id",
                                                                "ml.movie_id",
                                                                "ml.linked_movie_id",
                                                                "ml.link_type_id"
                                                              ],
                                                              "Recheck Cond": "(ml.link_type_id = lt.id)",
                                                              "Rows Removed by Index Recheck": 0,
                                                              "Exact Heap Blocks": 191,
                                                              "Lossy Heap Blocks": 0,
                                                              "Plans": [
                                                                {
                                                                  "Node Type": "Bitmap Index Scan",
                                                                  "Parent Relationship": "Outer",
                                                                  "Parallel Aware": false,
                                                                  "Index Name": "link_type_id_movie_link",
                                                                  "Startup Cost": 0.0,
                                                                  "Total Cost": 38.35,
                                                                  "Plan Rows": 1875,
                                                                  "Plan Width": 0,
                                                                  "Actual Startup Time": 0.241,
                                                                  "Actual Total Time": 0.241,
                                                                  "Actual Rows": 1158,
                                                                  "Actual Loops": 2,
                                                                  "Index Cond": "(ml.link_type_id = lt.id)"
                                                                }
                                                              ]
                                                            }
                                                          ]
                                                        }
                                                      ]
                                                    }
                                                  ]
                                                },
                                                {
                                                  "Node Type": "Hash",
                                                  "Parent Relationship": "Inner",
                                                  "Parallel Aware": false,
                                                  "Startup Cost": 2.41,
                                                  "Total Cost": 2.41,
                                                  "Plan Rows": 1,
                                                  "Plan Width": 4,
                                                  "Actual Startup Time": 0.072,
                                                  "Actual Total Time": 0.072,
                                                  "Actual Rows": 1,
                                                  "Actual Loops": 1,
                                                  "Output": [
                                                    "it1.id"
                                                  ],
                                                  "Hash Buckets": 1024,
                                                  "Original Hash Buckets": 1024,
                                                  "Hash Batches": 1,
                                                  "Original Hash Batches": 1,
                                                  "Peak Memory Usage": 9,
                                                  "Plans": [
                                                    {
                                                      "Node Type": "Seq Scan",
                                                      "Parent Relationship": "Outer",
                                                      "Parallel Aware": false,
                                                      "Relation Name": "info_type",
                                                      "Schema": "public",
                                                      "Alias": "it1",
                                                      "Startup Cost": 0.0,
                                                      "Total Cost": 2.41,
                                                      "Plan Rows": 1,
                                                      "Plan Width": 4,
                                                      "Actual Startup Time": 0.034,
                                                      "Actual Total Time": 0.04,
                                                      "Actual Rows": 1,
                                                      "Actual Loops": 1,
                                                      "Output": [
                                                        "it1.id"
                                                      ],
                                                      "Filter": "((it1.info)::text = 'rating'::text COLLATE \"C\")",
                                                      "Rows Removed by Filter": 112
                                                    }
                                                  ]
                                                }
                                              ]
                                            }
                                          ]
                                        },
                                        {
                                          "Node Type": "Index Scan",
                                          "Parent Relationship": "Inner",
                                          "Parallel Aware": false,
                                          "Scan Direction": "Forward",
                                          "Index Name": "title_pkey",
                                          "Relation Name": "title",
                                          "Schema": "public",
                                          "Alias": "t1",
                                          "Startup Cost": 0.43,
                                          "Total Cost": 0.58,
                                          "Plan Rows": 1,
                                          "Plan Width": 25,
                                          "Actual Startup Time": 0.005,
                                          "Actual Total Time": 0.005,
                                          "Actual Rows": 1,
                                          "Actual Loops": 2064,
                                          "Output": [
                                            "t1.id",
                                            "t1.title",
                                            "t1.imdb_index",
                                            "t1.kind_id",
                                            "t1.production_year",
                                            "t1.imdb_id",
                                            "t1.phonetic_code",
                                            "t1.episode_of_id",
                                            "t1.season_nr",
                                            "t1.episode_nr",
                                            "t1.series_years",
                                            "t1.md5sum"
                                          ],
                                          "Index Cond": "(t1.id = mi_idx1.movie_id)",
                                          "Rows Removed by Index Recheck": 0
                                        }
                                      ]
                                    },
                                    {
                                      "Node Type": "Index Scan",
                                      "Parent Relationship": "Inner",
                                      "Parallel Aware": false,
                                      "Scan Direction": "Forward",
                                      "Index Name": "movie_id_movie_info_idx",
                                      "Relation Name": "movie_info_idx",
                                      "Schema": "public",
                                      "Alias": "mi_idx2",
                                      "Startup Cost": 0.43,
                                      "Total Cost": 2.38,
                                      "Plan Rows": 3,
                                      "Plan Width": 13,
                                      "Actual Startup Time": 0.011,
                                      "Actual Total Time": 0.012,
                                      "Actual Rows": 2,
                                      "Actual Loops": 2064,
                                      "Output": [
                                        "mi_idx2.id",
                                        "mi_idx2.movie_id",
                                        "mi_idx2.info_type_id",
                                        "mi_idx2.info",
                                        "mi_idx2.note"
                                      ],
                                      "Index Cond": "(mi_idx2.movie_id = ml.linked_movie_id)",
                                      "Rows Removed by Index Recheck": 0,
                                      "Filter": "(mi_idx2.info < '7.2'::text)",
                                      "Rows Removed by Filter": 1
                                    }
                                  ]
                                },
                                {
                                  "Node Type": "Index Scan",
                                  "Parent Relationship": "Inner",
                                  "Parallel Aware": false,
                                  "Scan Direction": "Forward",
                                  "Index Name": "title_pkey",
                                  "Relation Name": "title",
                                  "Schema": "public",
                                  "Alias": "t2",
                                  "Startup Cost": 0.43,
                                  "Total Cost": 0.6,
                                  "Plan Rows": 1,
                                  "Plan Width": 25,
                                  "Actual Startup Time": 0.013,
                                  "Actual Total Time": 0.013,
                                  "Actual Rows": 0,
                                  "Actual Loops": 1255,
                                  "Output": [
                                    "t2.id",
                                    "t2.title",
                                    "t2.imdb_index",
                                    "t2.kind_id",
                                    "t2.production_year",
                                    "t2.imdb_id",
                                    "t2.phonetic_code",
                                    "t2.episode_of_id",
                                    "t2.season_nr",
                                    "t2.episode_nr",
                                    "t2.series_years",
                                    "t2.md5sum"
                                  ],
                                  "Index Cond": "(t2.id = mi_idx2.movie_id)",
                                  "Rows Removed by Index Recheck": 0,
                                  "Filter": "(t2.production_year = 2002)",
                                  "Rows Removed by Filter": 1
                                }
                              ]
                            },
                            {
                              "Node Type": "Index Scan",
                              "Parent Relationship": "Inner",
                              "Parallel Aware": false,
                              "Scan Direction": "Forward",
                              "Index Name": "movie_id_movie_companies",
                              "Relation Name": "movie_companies",
                              "Schema": "public",
                              "Alias": "mc1",
                              "Startup Cost": 0.43,
                              "Total Cost": 0.56,
                              "Plan Rows": 5,
                              "Plan Width": 8,
                              "Actual Startup Time": 0.007,
                              "Actual Total Time": 0.011,
                              "Actual Rows": 7,
                              "Actual Loops": 127,
                              "Output": [
                                "mc1.id",
                                "mc1.movie_id",
                                "mc1.company_id",
                                "mc1.company_type_id",
                                "mc1.note"
                              ],
                              "Index Cond": "(mc1.movie_id = t1.id)",
                              "Rows Removed by Index Recheck": 0
                            }
                          ]
                        },
                        {
                          "Node Type": "Index Scan",
                          "Parent Relationship": "Inner",
                          "Parallel Aware": false,
                          "Scan Direction": "Forward",
                          "Index Name": "company_name_pkey",
                          "Relation Name": "company_name",
                          "Schema": "public",
                          "Alias": "cn1",
                          "Startup Cost": 0.42,
                          "Total Cost": 0.45,
                          "Plan Rows": 1,
                          "Plan Width": 23,
                          "Actual Startup Time": 0.004,
                          "Actual Total Time": 0.004,
                          "Actual Rows": 0,
                          "Actual Loops": 850,
                          "Output": [
                            "cn1.id",
                            "cn1.name",
                            "cn1.country_code",
                            "cn1.imdb_id",
                            "cn1.name_pcode_nf",
                            "cn1.name_pcode_sf",
                            "cn1.md5sum"
                          ],
                          "Index Cond": "(cn1.id = mc1.company_id)",
                          "Rows Removed by Index Recheck": 0,
                          "Filter": "((cn1.country_code)::text = '[jp]'::text)",
                          "Rows Removed by Filter": 1
                        }
                      ]
                    },
                    {
                      "Node Type": "Index Scan",
                      "Parent Relationship": "Inner",
                      "Parallel Aware": false,
                      "Scan Direction": "Forward",
                      "Index Name": "movie_id_movie_companies",
                      "Relation Name": "movie_companies",
                      "Schema": "public",
                      "Alias": "mc2",
                      "Startup Cost": 0.43,
                      "Total Cost": 0.61,
                      "Plan Rows": 5,
                      "Plan Width": 8,
                      "Actual Startup Time": 0.006,
                      "Actual Total Time": 0.01,
                      "Actual Rows": 6,
                      "Actual Loops": 100,
                      "Output": [
                        "mc2.id",
                        "mc2.movie_id",
                        "mc2.company_id",
                        "mc2.company_type_id",
                        "mc2.note"
                      ],
                      "Index Cond": "(mc2.movie_id = mi_idx2.movie_id)",
                      "Rows Removed by Index Recheck": 0
                    }
                  ]
                },
                {
                  "Node Type": "Index Scan",
                  "Parent Relationship": "Inner",
                  "Parallel Aware": false,
                  "Scan Direction": "Forward",
                  "Index Name": "company_name_pkey",
                  "Relation Name": "company_name",
                  "Schema": "public",
                  "Alias": "cn2",
                  "Startup Cost": 0.42,
                  "Total Cost": 0.44,
                  "Plan Rows": 1,
                  "Plan Width": 23,
                  "Actual Startup Time": 0.004,
                  "Actual Total Time": 0.004,
                  "Actual Rows": 1,
                  "Actual Loops": 615,
                  "Output": [
                    "cn2.id",
                    "cn2.name",
                    "cn2.country_code",
                    "cn2.imdb_id",
                    "cn2.name_pcode_nf",
                    "cn2.name_pcode_sf",
                    "cn2.md5sum"
                  ],
                  "Index Cond": "(cn2.id = mc2.company_id)",
                  "Rows Removed by Index Recheck": 0
                }
              ]
            }
          ]
        }
      ]
    },
    "Planning Time": 102809.667,
    "Triggers": [],
    "Execution Time": 98.62
  }
]