[
  {
    "Plan": {
      "Node Type": "Aggregate",
      "Strategy": "Plain",
      "Partial Mode": "Finalize",
      "Parallel Aware": false,
      "Startup Cost": 508904.22,
      "Total Cost": 508904.23,
      "Plan Rows": 1,
      "Plan Width": 8,
      "Actual Startup Time": 3906.655,
      "Actual Total Time": 3996.345,
      "Actual Rows": 1,
      "Actual Loops": 1,
      "Plans": [
        {
          "Node Type": "Gather",
          "Parent Relationship": "Outer",
          "Parallel Aware": false,
          "Startup Cost": 508903.7,
          "Total Cost": 508904.21,
          "Plan Rows": 5,
          "Plan Width": 8,
          "Actual Startup Time": 3902.033,
          "Actual Total Time": 3996.334,
          "Actual Rows": 6,
          "Actual Loops": 1,
          "Workers Planned": 5,
          "Workers Launched": 5,
          "Single Copy": false,
          "Plans": [
            {
              "Node Type": "Aggregate",
              "Strategy": "Plain",
              "Partial Mode": "Partial",
              "Parent Relationship": "Outer",
              "Parallel Aware": false,
              "Startup Cost": 507903.7,
              "Total Cost": 507903.71,
              "Plan Rows": 1,
              "Plan Width": 8,
              "Actual Startup Time": 3893.161,
              "Actual Total Time": 3893.166,
              "Actual Rows": 1,
              "Actual Loops": 6,
              "Plans": [
                {
                  "Node Type": "Nested Loop",
                  "Parent Relationship": "Outer",
                  "Parallel Aware": false,
                  "Join Type": "Inner",
                  "Startup Cost": 72089.97,
                  "Total Cost": 504470.14,
                  "Plan Rows": 1373423,
                  "Plan Width": 0,
                  "Actual Startup Time": 222.456,
                  "Actual Total Time": 3764.745,
                  "Actual Rows": 2702277,
                  "Actual Loops": 6,
                  "Inner Unique": false,
                  "Join Filter": "(t.id = ci.movie_id)",
                  "Rows Removed by Join Filter": 0,
                  "Plans": [
                    {
                      "Node Type": "Hash Join",
                      "Parent Relationship": "Outer",
                      "Parallel Aware": true,
                      "Join Type": "Inner",
                      "Startup Cost": 72089.41,
                      "Total Cost": 238053.9,
                      "Plan Rows": 95791,
                      "Plan Width": 8,
                      "Actual Startup Time": 222.275,
                      "Actual Total Time": 385.239,
                      "Actual Rows": 155964,
                      "Actual Loops": 6,
                      "Inner Unique": true,
                      "Hash Cond": "(mi.movie_id = t.id)",
                      "Plans": [
                        {
                          "Node Type": "Bitmap Heap Scan",
                          "Parent Relationship": "Outer",
                          "Parallel Aware": true,
                          "Relation Name": "movie_info",
                          "Alias": "mi",
                          "Startup Cost": 23727.33,
                          "Total Cost": 189002.56,
                          "Plan Rows": 262578,
                          "Plan Width": 4,
                          "Actual Startup Time": 68.223,
                          "Actual Total Time": 97.792,
                          "Actual Rows": 220894,
                          "Actual Loops": 6,
                          "Recheck Cond": "(info_type_id = 8)",
                          "Rows Removed by Index Recheck": 0,
                          "Exact Heap Blocks": 1371,
                          "Lossy Heap Blocks": 0,
                          "Plans": [
                            {
                              "Node Type": "Bitmap Index Scan",
                              "Parent Relationship": "Outer",
                              "Parallel Aware": false,
                              "Index Name": "info_type_id_movie_info",
                              "Startup Cost": 0.0,
                              "Total Cost": 23399.11,
                              "Plan Rows": 1312890,
                              "Plan Width": 0,
                              "Actual Startup Time": 66.166,
                              "Actual Total Time": 66.167,
                              "Actual Rows": 1325361,
                              "Actual Loops": 1,
                              "Index Cond": "(info_type_id = 8)"
                            }
                          ]
                        },
                        {
                          "Node Type": "Hash",
                          "Parent Relationship": "Inner",
                          "Parallel Aware": true,
                          "Startup Cost": 45479.59,
                          "Total Cost": 45479.59,
                          "Plan Rows": 230599,
                          "Plan Width": 4,
                          "Actual Startup Time": 150.417,
                          "Actual Total Time": 150.418,
                          "Actual Rows": 146969,
                          "Actual Loops": 6,
                          "Hash Buckets": 1048576,
                          "Original Hash Buckets": 1048576,
                          "Hash Batches": 1,
                          "Original Hash Batches": 1,
                          "Peak Memory Usage": 42816,
                          "Plans": [
                            {
                              "Node Type": "Seq Scan",
                              "Parent Relationship": "Outer",
                              "Parallel Aware": true,
                              "Relation Name": "title",
                              "Alias": "t",
                              "Startup Cost": 0.0,
                              "Total Cost": 45479.59,
                              "Plan Rows": 230599,
                              "Plan Width": 4,
                              "Actual Startup Time": 0.045,
                              "Actual Total Time": 86.48,
                              "Actual Rows": 146969,
                              "Actual Loops": 6,
                              "Filter": "((kind_id < 7) AND (production_year > 1922))",
                              "Rows Removed by Filter": 274416
                            }
                          ]
                        }
                      ]
                    },
                    {
                      "Node Type": "Index Only Scan",
                      "Parent Relationship": "Inner",
                      "Parallel Aware": false,
                      "Scan Direction": "Forward",
                      "Index Name": "movie_id_cast_info",
                      "Relation Name": "cast_info",
                      "Alias": "ci",
                      "Startup Cost": 0.56,
                      "Total Cost": 2.34,
                      "Plan Rows": 35,
                      "Plan Width": 4,
                      "Actual Startup Time": 0.003,
                      "Actual Total Time": 0.02,
                      "Actual Rows": 17,
                      "Actual Loops": 935787,
                      "Index Cond": "(movie_id = mi.movie_id)",
                      "Rows Removed by Index Recheck": 0,
                      "Heap Fetches": 16213660
                    }
                  ]
                }
              ]
            }
          ]
        }
      ]
    },
    "Planning Time": 1.468,
    "Triggers": [],
    "Execution Time": 3996.481
  }
]