{
  "Plan": {
    "Node Type": "Aggregate",
    "Strategy": "Plain",
    "Partial Mode": "Finalize",
    "Parallel Aware": false,
    "Startup Cost": 86037.5,
    "Total Cost": 86037.51,
    "Plan Rows": 1,
    "Plan Width": 8,
    "Actual Startup Time": 491.966,
    "Actual Total Time": 503.241,
    "Actual Rows": 1,
    "Actual Loops": 1,
    "Plans": [
      {
        "Node Type": "Gather",
        "Parent Relationship": "Outer",
        "Parallel Aware": false,
        "Startup Cost": 86037.39,
        "Total Cost": 86037.5,
        "Plan Rows": 1,
        "Plan Width": 8,
        "Actual Startup Time": 490.742,
        "Actual Total Time": 503.233,
        "Actual Rows": 2,
        "Actual Loops": 1,
        "Workers Planned": 1,
        "Workers Launched": 1,
        "Single Copy": false,
        "Plans": [
          {
            "Node Type": "Aggregate",
            "Strategy": "Plain",
            "Partial Mode": "Partial",
            "Parent Relationship": "Outer",
            "Parallel Aware": false,
            "Startup Cost": 85037.39,
            "Total Cost": 85037.4,
            "Plan Rows": 1,
            "Plan Width": 8,
            "Actual Startup Time": 485.196,
            "Actual Total Time": 485.2,
            "Actual Rows": 1,
            "Actual Loops": 2,
            "Plans": [
              {
                "Node Type": "Hash Join",
                "Parent Relationship": "Outer",
                "Parallel Aware": true,
                "Join Type": "Inner",
                "Startup Cost": 21425.18,
                "Total Cost": 84670.85,
                "Plan Rows": 146614,
                "Plan Width": 0,
                "Actual Startup Time": 139.12,
                "Actual Total Time": 480.554,
                "Actual Rows": 102951,
                "Actual Loops": 2,
                "Inner Unique": false,
                "Hash Cond": "(t.id = mi_idx.movie_id)",
                "Plans": [
                  {
                    "Node Type": "Seq Scan",
                    "Parent Relationship": "Outer",
                    "Parallel Aware": true,
                    "Relation Name": "title",
                    "Alias": "t",
                    "Startup Cost": 0.0,
                    "Total Cost": 58306.47,
                    "Plan Rows": 815353,
                    "Plan Width": 4,
                    "Actual Startup Time": 0.01,
                    "Actual Total Time": 157.089,
                    "Actual Rows": 753268,
                    "Actual Loops": 2,
                    "Filter": "((kind_id > 1) AND (production_year > 1984))",
                    "Rows Removed by Filter": 510888
                  },
                  {
                    "Node Type": "Hash",
                    "Parent Relationship": "Inner",
                    "Parallel Aware": true,
                    "Startup Cost": 18082.32,
                    "Total Cost": 18082.32,
                    "Plan Rows": 267429,
                    "Plan Width": 4,
                    "Actual Startup Time": 133.224,
                    "Actual Total Time": 133.225,
                    "Actual Rows": 229962,
                    "Actual Loops": 2,
                    "Hash Buckets": 524288,
                    "Original Hash Buckets": 524288,
                    "Hash Batches": 1,
                    "Original Hash Batches": 1,
                    "Peak Memory Usage": 22112,
                    "Plans": [
                      {
                        "Node Type": "Seq Scan",
                        "Parent Relationship": "Outer",
                        "Parallel Aware": true,
                        "Relation Name": "movie_info_idx",
                        "Alias": "mi_idx",
                        "Startup Cost": 0.0,
                        "Total Cost": 18082.32,
                        "Plan Rows": 267429,
                        "Plan Width": 4,
                        "Actual Startup Time": 0.046,
                        "Actual Total Time": 67.833,
                        "Actual Rows": 229962,
                        "Actual Loops": 2,
                        "Filter": "(info_type_id < 100)",
                        "Rows Removed by Filter": 460055
                      }
                    ]
                  }
                ]
              }
            ]
          }
        ]
      }
    ]
  },
  "Planning Time": 0.634,
  "Triggers": [],
  "Execution Time": 503.313
}