[
  {
    "Plan": {
      "Node Type": "Aggregate",
      "Strategy": "Plain",
      "Partial Mode": "Finalize",
      "Parallel Aware": false,
      "Startup Cost": 91975.68,
      "Total Cost": 91975.69,
      "Plan Rows": 1,
      "Plan Width": 8,
      "Actual Startup Time": 501.855,
      "Actual Total Time": 522.671,
      "Actual Rows": 1,
      "Actual Loops": 1,
      "Plans": [
        {
          "Node Type": "Gather",
          "Parent Relationship": "Outer",
          "Parallel Aware": false,
          "Startup Cost": 91975.36,
          "Total Cost": 91975.67,
          "Plan Rows": 3,
          "Plan Width": 8,
          "Actual Startup Time": 499.521,
          "Actual Total Time": 522.658,
          "Actual Rows": 4,
          "Actual Loops": 1,
          "Workers Planned": 3,
          "Workers Launched": 3,
          "Single Copy": false,
          "Plans": [
            {
              "Node Type": "Aggregate",
              "Strategy": "Plain",
              "Partial Mode": "Partial",
              "Parent Relationship": "Outer",
              "Parallel Aware": false,
              "Startup Cost": 90975.36,
              "Total Cost": 90975.37,
              "Plan Rows": 1,
              "Plan Width": 8,
              "Actual Startup Time": 491.399,
              "Actual Total Time": 491.403,
              "Actual Rows": 1,
              "Actual Loops": 4,
              "Plans": [
                {
                  "Node Type": "Hash Join",
                  "Parent Relationship": "Outer",
                  "Parallel Aware": true,
                  "Join Type": "Inner",
                  "Startup Cost": 47270.4,
                  "Total Cost": 90148.48,
                  "Plan Rows": 330754,
                  "Plan Width": 0,
                  "Actual Startup Time": 215.703,
                  "Actual Total Time": 460.222,
                  "Actual Rows": 538831,
                  "Actual Loops": 4,
                  "Inner Unique": true,
                  "Hash Cond": "(mk.movie_id = t.id)",
                  "Plans": [
                    {
                      "Node Type": "Seq Scan",
                      "Parent Relationship": "Outer",
                      "Parallel Aware": true,
                      "Relation Name": "movie_keyword",
                      "Alias": "mk",
                      "Startup Cost": 0.0,
                      "Total Cost": 39047.32,
                      "Plan Rows": 1459332,
                      "Plan Width": 4,
                      "Actual Startup Time": 0.036,
                      "Actual Total Time": 111.712,
                      "Actual Rows": 1130982,
                      "Actual Loops": 4
                    },
                    {
                      "Node Type": "Hash",
                      "Parent Relationship": "Inner",
                      "Parallel Aware": true,
                      "Startup Cost": 45479.59,
                      "Total Cost": 45479.59,
                      "Plan Rows": 143265,
                      "Plan Width": 4,
                      "Actual Startup Time": 164.507,
                      "Actual Total Time": 164.508,
                      "Actual Rows": 114341,
                      "Actual Loops": 4,
                      "Hash Buckets": 1048576,
                      "Original Hash Buckets": 1048576,
                      "Hash Batches": 1,
                      "Original Hash Batches": 1,
                      "Peak Memory Usage": 26112,
                      "Plans": [
                        {
                          "Node Type": "Seq Scan",
                          "Parent Relationship": "Outer",
                          "Parallel Aware": true,
                          "Relation Name": "title",
                          "Alias": "t",
                          "Startup Cost": 0.0,
                          "Total Cost": 45479.59,
                          "Plan Rows": 143265,
                          "Plan Width": 4,
                          "Actual Startup Time": 49.993,
                          "Actual Total Time": 117.606,
                          "Actual Rows": 114341,
                          "Actual Loops": 4,
                          "Filter": "((production_year > 1962) AND (kind_id = 1))",
                          "Rows Removed by Filter": 517737
                        }
                      ]
                    }
                  ]
                }
              ]
            }
          ]
        }
      ]
    },
    "Planning Time": 0.628,
    "Triggers": [],
    "Execution Time": 522.745
  }
]