[
  {
    "Plan": {
      "Node Type": "Aggregate",
      "Strategy": "Plain",
      "Partial Mode": "Finalize",
      "Parallel Aware": false,
      "Startup Cost": 347069.34,
      "Total Cost": 347069.35,
      "Plan Rows": 1,
      "Plan Width": 8,
      "Actual Startup Time": 858.563,
      "Actual Total Time": 908.841,
      "Actual Rows": 1,
      "Actual Loops": 1,
      "Plans": [
        {
          "Node Type": "Gather",
          "Parent Relationship": "Outer",
          "Parallel Aware": false,
          "Startup Cost": 347068.72,
          "Total Cost": 347069.33,
          "Plan Rows": 6,
          "Plan Width": 8,
          "Actual Startup Time": 858.366,
          "Actual Total Time": 908.826,
          "Actual Rows": 7,
          "Actual Loops": 1,
          "Workers Planned": 6,
          "Workers Launched": 6,
          "Single Copy": false,
          "Plans": [
            {
              "Node Type": "Aggregate",
              "Strategy": "Plain",
              "Partial Mode": "Partial",
              "Parent Relationship": "Outer",
              "Parallel Aware": false,
              "Startup Cost": 346068.72,
              "Total Cost": 346068.73,
              "Plan Rows": 1,
              "Plan Width": 8,
              "Actual Startup Time": 849.863,
              "Actual Total Time": 849.865,
              "Actual Rows": 1,
              "Actual Loops": 7,
              "Plans": [
                {
                  "Node Type": "Seq Scan",
                  "Parent Relationship": "Outer",
                  "Parallel Aware": true,
                  "Relation Name": "cast_info",
                  "Alias": "ci",
                  "Startup Cost": 0.0,
                  "Total Cost": 343316.27,
                  "Plan Rows": 1100979,
                  "Plan Width": 0,
                  "Actual Startup Time": 396.819,
                  "Actual Total Time": 759.87,
                  "Actual Rows": 1529628,
                  "Actual Loops": 7,
                  "Filter": "((person_id > 2189087) AND (role_id > 2))",
                  "Rows Removed by Filter": 3648135
                }
              ]
            }
          ]
        }
      ]
    },
    "Planning Time": 0.234,
    "Triggers": [],
    "Execution Time": 908.915
  }
]