{
    "Plan": {
        "Node Type": "Aggregate",
        "Strategy": "Plain",
        "Partial Mode": "Finalize",
        "Parallel Aware": false,
        "Startup Cost": 100216.76,
        "Total Cost": 100216.77,
        "Plan Rows": 1,
        "Plan Width": 8,
        "Actual Startup Time": 813.572,
        "Actual Total Time": 828.379,
        "Actual Rows": 1,
        "Actual Loops": 1,
        "Output": [
            "count(*)"
        ],
        "Plans": [
            {
                "Node Type": "Gather",
                "Parent Relationship": "Outer",
                "Parallel Aware": false,
                "Startup Cost": 100216.55,
                "Total Cost": 100216.76,
                "Plan Rows": 2,
                "Plan Width": 8,
                "Actual Startup Time": 808.966,
                "Actual Total Time": 828.371,
                "Actual Rows": 3,
                "Actual Loops": 1,
                "Output": [
                    "(PARTIAL count(*))"
                ],
                "Workers Planned": 2,
                "Workers Launched": 2,
                "Single Copy": false,
                "Plans": [
                    {
                        "Node Type": "Aggregate",
                        "Strategy": "Plain",
                        "Partial Mode": "Partial",
                        "Parent Relationship": "Outer",
                        "Parallel Aware": false,
                        "Startup Cost": 99216.55,
                        "Total Cost": 99216.56,
                        "Plan Rows": 1,
                        "Plan Width": 8,
                        "Actual Startup Time": 800.109,
                        "Actual Total Time": 800.114,
                        "Actual Rows": 1,
                        "Actual Loops": 3,
                        "Output": [
                            "PARTIAL count(*)"
                        ],
                        "Workers": [
                            {
                                "Worker Number": 0,
                                "Actual Startup Time": 796.031,
                                "Actual Total Time": 796.035,
                                "Actual Rows": 1,
                                "Actual Loops": 1
                            },
                            {
                                "Worker Number": 1,
                                "Actual Startup Time": 796.103,
                                "Actual Total Time": 796.109,
                                "Actual Rows": 1,
                                "Actual Loops": 1
                            }
                        ],
                        "Plans": [
                            {
                                "Node Type": "Hash Join",
                                "Parent Relationship": "Outer",
                                "Parallel Aware": true,
                                "Join Type": "Inner",
                                "Startup Cost": 82515.92,
                                "Total Cost": 98786.96,
                                "Plan Rows": 171837,
                                "Plan Width": 0,
                                "Actual Startup Time": 649.253,
                                "Actual Total Time": 785.254,
                                "Actual Rows": 369616,
                                "Actual Loops": 3,
                                "Inner Unique": false,
                                "Hash Cond": "(mi_idx.movie_id = t.id)",
                                "Workers": [
                                    {
                                        "Worker Number": 0,
                                        "Actual Startup Time": 645.477,
                                        "Actual Total Time": 781.511,
                                        "Actual Rows": 366407,
                                        "Actual Loops": 1
                                    },
                                    {
                                        "Worker Number": 1,
                                        "Actual Startup Time": 645.602,
                                        "Actual Total Time": 781.63,
                                        "Actual Rows": 366746,
                                        "Actual Loops": 1
                                    }
                                ],
                                "Plans": [
                                    {
                                        "Node Type": "Seq Scan",
                                        "Parent Relationship": "Outer",
                                        "Parallel Aware": true,
                                        "Relation Name": "movie_info_idx",
                                        "Schema": "public",
                                        "Alias": "mi_idx",
                                        "Startup Cost": 0.0,
                                        "Total Cost": 13685.15,
                                        "Plan Rows": 575015,
                                        "Plan Width": 4,
                                        "Actual Startup Time": 0.012,
                                        "Actual Total Time": 35.41,
                                        "Actual Rows": 460012,
                                        "Actual Loops": 3,
                                        "Output": [
                                            "mi_idx.id",
                                            "mi_idx.movie_id",
                                            "mi_idx.info_type_id",
                                            "mi_idx.info",
                                            "mi_idx.note"
                                        ],
                                        "Workers": [
                                            {
                                                "Worker Number": 0,
                                                "Actual Startup Time": 0.014,
                                                "Actual Total Time": 36.347,
                                                "Actual Rows": 454036,
                                                "Actual Loops": 1
                                            },
                                            {
                                                "Worker Number": 1,
                                                "Actual Startup Time": 0.011,
                                                "Actual Total Time": 36.339,
                                                "Actual Rows": 457951,
                                                "Actual Loops": 1
                                            }
                                        ]
                                    },
                                    {
                                        "Node Type": "Hash",
                                        "Parent Relationship": "Inner",
                                        "Parallel Aware": true,
                                        "Startup Cost": 80154.78,
                                        "Total Cost": 80154.78,
                                        "Plan Rows": 188891,
                                        "Plan Width": 8,
                                        "Actual Startup Time": 642.818,
                                        "Actual Total Time": 642.822,
                                        "Actual Rows": 238983,
                                        "Actual Loops": 3,
                                        "Output": [
                                            "t.id",
                                            "mc.movie_id"
                                        ],
                                        "Hash Buckets": 1048576,
                                        "Original Hash Buckets": 1048576,
                                        "Hash Batches": 1,
                                        "Original Hash Batches": 1,
                                        "Peak Memory Usage": 36256,
                                        "Workers": [
                                            {
                                                "Worker Number": 0,
                                                "Actual Startup Time": 644.739,
                                                "Actual Total Time": 644.742,
                                                "Actual Rows": 229663,
                                                "Actual Loops": 1
                                            },
                                            {
                                                "Worker Number": 1,
                                                "Actual Startup Time": 644.763,
                                                "Actual Total Time": 644.767,
                                                "Actual Rows": 233040,
                                                "Actual Loops": 1
                                            }
                                        ],
                                        "Plans": [
                                            {
                                                "Node Type": "Hash Join",
                                                "Parent Relationship": "Outer",
                                                "Parallel Aware": true,
                                                "Join Type": "Inner",
                                                "Startup Cost": 33116.48,
                                                "Total Cost": 80154.78,
                                                "Plan Rows": 188891,
                                                "Plan Width": 8,
                                                "Actual Startup Time": 196.7,
                                                "Actual Total Time": 571.491,
                                                "Actual Rows": 238983,
                                                "Actual Loops": 3,
                                                "Output": [
                                                    "t.id",
                                                    "mc.movie_id"
                                                ],
                                                "Inner Unique": false,
                                                "Hash Cond": "(t.id = mc.movie_id)",
                                                "Workers": [
                                                    {
                                                        "Worker Number": 0,
                                                        "Actual Startup Time": 196.674,
                                                        "Actual Total Time": 571.49,
                                                        "Actual Rows": 229663,
                                                        "Actual Loops": 1
                                                    },
                                                    {
                                                        "Worker Number": 1,
                                                        "Actual Startup Time": 196.636,
                                                        "Actual Total Time": 573.408,
                                                        "Actual Rows": 233040,
                                                        "Actual Loops": 1
                                                    }
                                                ],
                                                "Plans": [
                                                    {
                                                        "Node Type": "Seq Scan",
                                                        "Parent Relationship": "Outer",
                                                        "Parallel Aware": true,
                                                        "Relation Name": "title",
                                                        "Schema": "public",
                                                        "Alias": "t",
                                                        "Startup Cost": 0.0,
                                                        "Total Cost": 43899.01,
                                                        "Plan Rows": 505994,
                                                        "Plan Width": 4,
                                                        "Actual Startup Time": 0.024,
                                                        "Actual Total Time": 127.49,
                                                        "Actual Rows": 677480,
                                                        "Actual Loops": 3,
                                                        "Output": [
                                                            "t.id",
                                                            "t.title",
                                                            "t.imdb_index",
                                                            "t.kind_id",
                                                            "t.production_year",
                                                            "t.imdb_id",
                                                            "t.phonetic_code",
                                                            "t.episode_of_id",
                                                            "t.season_nr",
                                                            "t.episode_nr",
                                                            "t.series_years",
                                                            "t.md5sum"
                                                        ],
                                                        "Filter": "(t.production_year > 1973)",
                                                        "Rows Removed by Filter": 165291,
                                                        "Workers": [
                                                            {
                                                                "Worker Number": 0,
                                                                "Actual Startup Time": 0.032,
                                                                "Actual Total Time": 132.637,
                                                                "Actual Rows": 641337,
                                                                "Actual Loops": 1
                                                            },
                                                            {
                                                                "Worker Number": 1,
                                                                "Actual Startup Time": 0.033,
                                                                "Actual Total Time": 133.375,
                                                                "Actual Rows": 652488,
                                                                "Actual Loops": 1
                                                            }
                                                        ]
                                                    },
                                                    {
                                                        "Node Type": "Hash",
                                                        "Parent Relationship": "Inner",
                                                        "Parallel Aware": true,
                                                        "Startup Cost": 29310.68,
                                                        "Total Cost": 29310.68,
                                                        "Plan Rows": 304464,
                                                        "Plan Width": 4,
                                                        "Actual Startup Time": 192.888,
                                                        "Actual Total Time": 192.889,
                                                        "Actual Rows": 315953,
                                                        "Actual Loops": 3,
                                                        "Output": [
                                                            "mc.movie_id"
                                                        ],
                                                        "Hash Buckets": 1048576,
                                                        "Original Hash Buckets": 1048576,
                                                        "Hash Batches": 1,
                                                        "Original Hash Batches": 1,
                                                        "Peak Memory Usage": 45312,
                                                        "Workers": [
                                                            {
                                                                "Worker Number": 0,
                                                                "Actual Startup Time": 196.513,
                                                                "Actual Total Time": 196.514,
                                                                "Actual Rows": 308348,
                                                                "Actual Loops": 1
                                                            },
                                                            {
                                                                "Worker Number": 1,
                                                                "Actual Startup Time": 196.489,
                                                                "Actual Total Time": 196.49,
                                                                "Actual Rows": 310201,
                                                                "Actual Loops": 1
                                                            }
                                                        ],
                                                        "Plans": [
                                                            {
                                                                "Node Type": "Seq Scan",
                                                                "Parent Relationship": "Outer",
                                                                "Parallel Aware": true,
                                                                "Relation Name": "movie_companies",
                                                                "Schema": "public",
                                                                "Alias": "mc",
                                                                "Startup Cost": 0.0,
                                                                "Total Cost": 29310.68,
                                                                "Plan Rows": 304464,
                                                                "Plan Width": 4,
                                                                "Actual Startup Time": 22.655,
                                                                "Actual Total Time": 98.198,
                                                                "Actual Rows": 315953,
                                                                "Actual Loops": 3,
                                                                "Output": [
                                                                    "mc.movie_id"
                                                                ],
                                                                "Filter": "(mc.company_id > 18685)",
                                                                "Rows Removed by Filter": 553757,
                                                                "Workers": [
                                                                    {
                                                                        "Worker Number": 0,
                                                                        "Actual Startup Time": 22.643,
                                                                        "Actual Total Time": 100.237,
                                                                        "Actual Rows": 308348,
                                                                        "Actual Loops": 1
                                                                    },
                                                                    {
                                                                        "Worker Number": 1,
                                                                        "Actual Startup Time": 22.638,
                                                                        "Actual Total Time": 100.275,
                                                                        "Actual Rows": 310201,
                                                                        "Actual Loops": 1
                                                                    }
                                                                ]
                                                            }
                                                        ]
                                                    }
                                                ]
                                            }
                                        ]
                                    }
                                ]
                            }
                        ]
                    }
                ]
            }
        ]
    },
    "Planning Time": 1.455,
    "Triggers": [],
    "Execution Time": 828.462
}