[
  {
    "Plan": {
      "Node Type": "Aggregate",
      "Strategy": "Plain",
      "Partial Mode": "Finalize",
      "Parallel Aware": false,
      "Startup Cost": 9763.29,
      "Total Cost": 9763.3,
      "Plan Rows": 1,
      "Plan Width": 8,
      "Actual Startup Time": 39.545,
      "Actual Total Time": 42.204,
      "Actual Rows": 1,
      "Actual Loops": 1,
      "Plans": [
        {
          "Node Type": "Gather",
          "Parent Relationship": "Outer",
          "Parallel Aware": false,
          "Startup Cost": 9762.97,
          "Total Cost": 9763.28,
          "Plan Rows": 3,
          "Plan Width": 8,
          "Actual Startup Time": 39.537,
          "Actual Total Time": 42.199,
          "Actual Rows": 4,
          "Actual Loops": 1,
          "Workers Planned": 3,
          "Workers Launched": 3,
          "Single Copy": false,
          "Plans": [
            {
              "Node Type": "Aggregate",
              "Strategy": "Plain",
              "Partial Mode": "Partial",
              "Parent Relationship": "Outer",
              "Parallel Aware": false,
              "Startup Cost": 8762.97,
              "Total Cost": 8762.98,
              "Plan Rows": 1,
              "Plan Width": 8,
              "Actual Startup Time": 32.852,
              "Actual Total Time": 32.852,
              "Actual Rows": 1,
              "Actual Loops": 4,
              "Plans": [
                {
                  "Node Type": "Index Scan",
                  "Parent Relationship": "Outer",
                  "Parallel Aware": true,
                  "Scan Direction": "Forward",
                  "Index Name": "role_id_cast_info",
                  "Relation Name": "cast_info",
                  "Alias": "ci",
                  "Startup Cost": 0.56,
                  "Total Cost": 8600.37,
                  "Plan Rows": 65039,
                  "Plan Width": 0,
                  "Actual Startup Time": 0.11,
                  "Actual Total Time": 27.249,
                  "Actual Rows": 67446,
                  "Actual Loops": 4,
                  "Index Cond": "(role_id > 10)",
                  "Rows Removed by Index Recheck": 0,
                  "Filter": "(person_id > 1154425)",
                  "Rows Removed by Filter": 11584
                }
              ]
            }
          ]
        }
      ]
    },
    "Planning Time": 0.224,
    "Triggers": [],
    "Execution Time": 42.265
  }
]