{
  "Plan": {
    "Node Type": "Aggregate",
    "Strategy": "Plain",
    "Partial Mode": "Finalize",
    "Parallel Aware": false,
    "Startup Cost": 310612.31,
    "Total Cost": 310612.32,
    "Plan Rows": 1,
    "Plan Width": 64,
    "Actual Startup Time": 967.325,
    "Actual Total Time": 1029.277,
    "Actual Rows": 1,
    "Actual Loops": 1,
    "Plans": [
      {
        "Node Type": "Gather",
        "Parent Relationship": "Outer",
        "Parallel Aware": false,
        "Startup Cost": 310611.88,
        "Total Cost": 310612.29,
        "Plan Rows": 4,
        "Plan Width": 64,
        "Actual Startup Time": 966.924,
        "Actual Total Time": 1029.26,
        "Actual Rows": 5,
        "Actual Loops": 1,
        "Workers Planned": 4,
        "Workers Launched": 4,
        "Single Copy": false,
        "Plans": [
          {
            "Node Type": "Aggregate",
            "Strategy": "Plain",
            "Partial Mode": "Partial",
            "Parent Relationship": "Outer",
            "Parallel Aware": false,
            "Startup Cost": 309611.88,
            "Total Cost": 309611.89,
            "Plan Rows": 1,
            "Plan Width": 64,
            "Actual Startup Time": 954.903,
            "Actual Total Time": 954.929,
            "Actual Rows": 1,
            "Actual Loops": 5,
            "Plans": [
              {
                "Node Type": "Hash Join",
                "Parent Relationship": "Outer",
                "Parallel Aware": true,
                "Join Type": "Inner",
                "Startup Cost": 263911.85,
                "Total Cost": 309611.85,
                "Plan Rows": 6,
                "Plan Width": 60,
                "Actual Startup Time": 888.004,
                "Actual Total Time": 954.895,
                "Actual Rows": 96,
                "Actual Loops": 5,
                "Inner Unique": false,
                "Hash Cond": "(t.id = at.movie_id)",
                "Plans": [
                  {
                    "Node Type": "Seq Scan",
                    "Parent Relationship": "Outer",
                    "Parallel Aware": true,
                    "Relation Name": "title",
                    "Alias": "t",
                    "Startup Cost": 0.0,
                    "Total Cost": 43899.59,
                    "Plan Rows": 480103,
                    "Plan Width": 21,
                    "Actual Startup Time": 0.034,
                    "Actual Total Time": 123.218,
                    "Actual Rows": 384570,
                    "Actual Loops": 5,
                    "Filter": "(production_year < 2010)",
                    "Rows Removed by Filter": 121093
                  },
                  {
                    "Node Type": "Hash",
                    "Parent Relationship": "Inner",
                    "Parallel Aware": true,
                    "Startup Cost": 263911.69,
                    "Total Cost": 263911.69,
                    "Plan Rows": 13,
                    "Plan Width": 59,
                    "Actual Startup Time": 800.967,
                    "Actual Total Time": 800.991,
                    "Actual Rows": 96,
                    "Actual Loops": 5,
                    "Hash Buckets": 1024,
                    "Original Hash Buckets": 1024,
                    "Hash Batches": 1,
                    "Original Hash Batches": 1,
                    "Peak Memory Usage": 168,
                    "Plans": [
                      {
                        "Node Type": "Hash Join",
                        "Parent Relationship": "Outer",
                        "Parallel Aware": true,
                        "Join Type": "Inner",
                        "Startup Cost": 259407.46,
                        "Total Cost": 263911.69,
                        "Plan Rows": 13,
                        "Plan Width": 59,
                        "Actual Startup Time": 780.364,
                        "Actual Total Time": 800.72,
                        "Actual Rows": 96,
                        "Actual Loops": 5,
                        "Inner Unique": false,
                        "Hash Cond": "(k.id = mk.keyword_id)",
                        "Plans": [
                          {
                            "Node Type": "Index Only Scan",
                            "Parent Relationship": "Outer",
                            "Parallel Aware": true,
                            "Scan Direction": "Forward",
                            "Index Name": "keyword_pkey",
                            "Relation Name": "keyword",
                            "Alias": "k",
                            "Startup Cost": 0.42,
                            "Total Cost": 4225.09,
                            "Plan Rows": 55904,
                            "Plan Width": 4,
                            "Actual Startup Time": 0.437,
                            "Actual Total Time": 18.383,
                            "Actual Rows": 26834,
                            "Actual Loops": 5,
                            "Heap Fetches": 134170
                          },
                          {
                            "Node Type": "Hash",
                            "Parent Relationship": "Inner",
                            "Parallel Aware": true,
                            "Startup Cost": 259406.92,
                            "Total Cost": 259406.92,
                            "Plan Rows": 10,
                            "Plan Width": 63,
                            "Actual Startup Time": 779.75,
                            "Actual Total Time": 779.77,
                            "Actual Rows": 96,
                            "Actual Loops": 5,
                            "Hash Buckets": 1024,
                            "Original Hash Buckets": 1024,
                            "Hash Batches": 1,
                            "Original Hash Batches": 1,
                            "Peak Memory Usage": 168,
                            "Plans": [
                              {
                                "Node Type": "Hash Join",
                                "Parent Relationship": "Outer",
                                "Parallel Aware": false,
                                "Join Type": "Inner",
                                "Startup Cost": 214886.95,
                                "Total Cost": 259406.92,
                                "Plan Rows": 10,
                                "Plan Width": 63,
                                "Actual Startup Time": 680.433,
                                "Actual Total Time": 779.654,
                                "Actual Rows": 96,
                                "Actual Loops": 5,
                                "Inner Unique": true,
                                "Hash Cond": "(mc.company_type_id = ct.id)",
                                "Plans": [
                                  {
                                    "Node Type": "Hash Join",
                                    "Parent Relationship": "Outer",
                                    "Parallel Aware": true,
                                    "Join Type": "Inner",
                                    "Startup Cost": 214885.86,
                                    "Total Cost": 259405.78,
                                    "Plan Rows": 10,
                                    "Plan Width": 67,
                                    "Actual Startup Time": 680.261,
                                    "Actual Total Time": 779.46,
                                    "Actual Rows": 96,
                                    "Actual Loops": 5,
                                    "Inner Unique": false,
                                    "Hash Cond": "(mk.movie_id = at.movie_id)",
                                    "Plans": [
                                      {
                                        "Node Type": "Seq Scan",
                                        "Parent Relationship": "Outer",
                                        "Parallel Aware": true,
                                        "Relation Name": "movie_keyword",
                                        "Alias": "mk",
                                        "Startup Cost": 0.0,
                                        "Total Cost": 39047.32,
                                        "Plan Rows": 1459332,
                                        "Plan Width": 8,
                                        "Actual Startup Time": 0.038,
                                        "Actual Total Time": 94.226,
                                        "Actual Rows": 904786,
                                        "Actual Loops": 5
                                      },
                                      {
                                        "Node Type": "Hash",
                                        "Parent Relationship": "Inner",
                                        "Parallel Aware": true,
                                        "Startup Cost": 214885.85,
                                        "Total Cost": 214885.85,
                                        "Plan Rows": 1,
                                        "Plan Width": 59,
                                        "Actual Startup Time": 614.778,
                                        "Actual Total Time": 614.791,
                                        "Actual Rows": 14,
                                        "Actual Loops": 5,
                                        "Hash Buckets": 1024,
                                        "Original Hash Buckets": 1024,
                                        "Hash Batches": 1,
                                        "Original Hash Batches": 1,
                                        "Peak Memory Usage": 168,
                                        "Plans": [
                                          {
                                            "Node Type": "Nested Loop",
                                            "Parent Relationship": "Outer",
                                            "Parallel Aware": false,
                                            "Join Type": "Inner",
                                            "Startup Cost": 206622.04,
                                            "Total Cost": 214885.85,
                                            "Plan Rows": 1,
                                            "Plan Width": 59,
                                            "Actual Startup Time": 595.478,
                                            "Actual Total Time": 614.643,
                                            "Actual Rows": 14,
                                            "Actual Loops": 5,
                                            "Inner Unique": true,
                                            "Plans": [
                                              {
                                                "Node Type": "Hash Join",
                                                "Parent Relationship": "Outer",
                                                "Parallel Aware": true,
                                                "Join Type": "Inner",
                                                "Startup Cost": 206621.62,
                                                "Total Cost": 214884.56,
                                                "Plan Rows": 1,
                                                "Plan Width": 63,
                                                "Actual Startup Time": 595.394,
                                                "Actual Total Time": 614.296,
                                                "Actual Rows": 15,
                                                "Actual Loops": 5,
                                                "Inner Unique": false,
                                                "Hash Cond": "(at.movie_id = mi.movie_id)",
                                                "Plans": [
                                                  {
                                                    "Node Type": "Seq Scan",
                                                    "Parent Relationship": "Outer",
                                                    "Parallel Aware": true,
                                                    "Relation Name": "aka_title",
                                                    "Alias": "at",
                                                    "Startup Cost": 0.0,
                                                    "Total Cost": 7698.13,
                                                    "Plan Rows": 150613,
                                                    "Plan Width": 4,
                                                    "Actual Startup Time": 0.038,
                                                    "Actual Total Time": 14.833,
                                                    "Actual Rows": 72294,
                                                    "Actual Loops": 5
                                                  },
                                                  {
                                                    "Node Type": "Hash",
                                                    "Parent Relationship": "Inner",
                                                    "Parallel Aware": true,
                                                    "Startup Cost": 206621.61,
                                                    "Total Cost": 206621.61,
                                                    "Plan Rows": 1,
                                                    "Plan Width": 59,
                                                    "Actual Startup Time": 591.582,
                                                    "Actual Total Time": 591.587,
                                                    "Actual Rows": 140,
                                                    "Actual Loops": 5,
                                                    "Hash Buckets": 1024,
                                                    "Original Hash Buckets": 1024,
                                                    "Hash Batches": 1,
                                                    "Original Hash Batches": 1,
                                                    "Peak Memory Usage": 168,
                                                    "Plans": [
                                                      {
                                                        "Node Type": "Nested Loop",
                                                        "Parent Relationship": "Outer",
                                                        "Parallel Aware": false,
                                                        "Join Type": "Inner",
                                                        "Startup Cost": 2.86,
                                                        "Total Cost": 206621.61,
                                                        "Plan Rows": 1,
                                                        "Plan Width": 59,
                                                        "Actual Startup Time": 150.288,
                                                        "Actual Total Time": 591.361,
                                                        "Actual Rows": 140,
                                                        "Actual Loops": 5,
                                                        "Inner Unique": false,
                                                        "Plans": [
                                                          {
                                                            "Node Type": "Hash Join",
                                                            "Parent Relationship": "Outer",
                                                            "Parallel Aware": false,
                                                            "Join Type": "Inner",
                                                            "Startup Cost": 2.43,
                                                            "Total Cost": 206601.11,
                                                            "Plan Rows": 1,
                                                            "Plan Width": 47,
                                                            "Actual Startup Time": 149.669,
                                                            "Actual Total Time": 581.978,
                                                            "Actual Rows": 354,
                                                            "Actual Loops": 5,
                                                            "Inner Unique": true,
                                                            "Hash Cond": "(mi.info_type_id = it1.id)",
                                                            "Plans": [
                                                              {
                                                                "Node Type": "Seq Scan",
                                                                "Parent Relationship": "Outer",
                                                                "Parallel Aware": true,
                                                                "Relation Name": "movie_info",
                                                                "Alias": "mi",
                                                                "Startup Cost": 0.0,
                                                                "Total Cost": 206598.52,
                                                                "Plan Rows": 60,
                                                                "Plan Width": 51,
                                                                "Actual Startup Time": 149.562,
                                                                "Actual Total Time": 581.641,
                                                                "Actual Rows": 354,
                                                                "Actual Loops": 5,
                                                                "Filter": "((note ~~ '%internet%'::text) AND (info ~~ 'USA:% 200%'::text))",
                                                                "Rows Removed by Filter": 2966790
                                                              },
                                                              {
                                                                "Node Type": "Hash",
                                                                "Parent Relationship": "Inner",
                                                                "Parallel Aware": false,
                                                                "Startup Cost": 2.41,
                                                                "Total Cost": 2.41,
                                                                "Plan Rows": 1,
                                                                "Plan Width": 4,
                                                                "Actual Startup Time": 0.059,
                                                                "Actual Total Time": 0.06,
                                                                "Actual Rows": 1,
                                                                "Actual Loops": 5,
                                                                "Hash Buckets": 1024,
                                                                "Original Hash Buckets": 1024,
                                                                "Hash Batches": 1,
                                                                "Original Hash Batches": 1,
                                                                "Peak Memory Usage": 9,
                                                                "Plans": [
                                                                  {
                                                                    "Node Type": "Seq Scan",
                                                                    "Parent Relationship": "Outer",
                                                                    "Parallel Aware": false,
                                                                    "Relation Name": "info_type",
                                                                    "Alias": "it1",
                                                                    "Startup Cost": 0.0,
                                                                    "Total Cost": 2.41,
                                                                    "Plan Rows": 1,
                                                                    "Plan Width": 4,
                                                                    "Actual Startup Time": 0.043,
                                                                    "Actual Total Time": 0.05,
                                                                    "Actual Rows": 1,
                                                                    "Actual Loops": 5,
                                                                    "Filter": "((info)::text = 'release dates'::text)",
                                                                    "Rows Removed by Filter": 112
                                                                  }
                                                                ]
                                                              }
                                                            ]
                                                          },
                                                          {
                                                            "Node Type": "Index Scan",
                                                            "Parent Relationship": "Inner",
                                                            "Parallel Aware": false,
                                                            "Scan Direction": "Forward",
                                                            "Index Name": "movie_id_movie_companies",
                                                            "Relation Name": "movie_companies",
                                                            "Alias": "mc",
                                                            "Startup Cost": 0.43,
                                                            "Total Cost": 20.49,
                                                            "Plan Rows": 1,
                                                            "Plan Width": 12,
                                                            "Actual Startup Time": 0.023,
                                                            "Actual Total Time": 0.025,
                                                            "Actual Rows": 0,
                                                            "Actual Loops": 1771,
                                                            "Index Cond": "(movie_id = mi.movie_id)",
                                                            "Rows Removed by Index Recheck": 0,
                                                            "Filter": "((note ~~ '%(200%)%'::text) AND (note ~~ '%(worldwide)%'::text))",
                                                            "Rows Removed by Filter": 1
                                                          }
                                                        ]
                                                      }
                                                    ]
                                                  }
                                                ]
                                              },
                                              {
                                                "Node Type": "Index Scan",
                                                "Parent Relationship": "Inner",
                                                "Parallel Aware": false,
                                                "Scan Direction": "Forward",
                                                "Index Name": "company_name_pkey",
                                                "Relation Name": "company_name",
                                                "Alias": "cn",
                                                "Startup Cost": 0.42,
                                                "Total Cost": 1.28,
                                                "Plan Rows": 1,
                                                "Plan Width": 4,
                                                "Actual Startup Time": 0.021,
                                                "Actual Total Time": 0.021,
                                                "Actual Rows": 1,
                                                "Actual Loops": 76,
                                                "Index Cond": "(id = mc.company_id)",
                                                "Rows Removed by Index Recheck": 0,
                                                "Filter": "((country_code)::text = '[us]'::text)",
                                                "Rows Removed by Filter": 0
                                              }
                                            ]
                                          }
                                        ]
                                      }
                                    ]
                                  },
                                  {
                                    "Node Type": "Hash",
                                    "Parent Relationship": "Inner",
                                    "Parallel Aware": false,
                                    "Startup Cost": 1.04,
                                    "Total Cost": 1.04,
                                    "Plan Rows": 4,
                                    "Plan Width": 4,
                                    "Actual Startup Time": 0.117,
                                    "Actual Total Time": 0.119,
                                    "Actual Rows": 4,
                                    "Actual Loops": 5,
                                    "Hash Buckets": 1024,
                                    "Original Hash Buckets": 1024,
                                    "Hash Batches": 1,
                                    "Original Hash Batches": 1,
                                    "Peak Memory Usage": 9,
                                    "Plans": [
                                      {
                                        "Node Type": "Seq Scan",
                                        "Parent Relationship": "Outer",
                                        "Parallel Aware": false,
                                        "Relation Name": "company_type",
                                        "Alias": "ct",
                                        "Startup Cost": 0.0,
                                        "Total Cost": 1.04,
                                        "Plan Rows": 4,
                                        "Plan Width": 4,
                                        "Actual Startup Time": 0.081,
                                        "Actual Total Time": 0.085,
                                        "Actual Rows": 4,
                                        "Actual Loops": 5
                                      }
                                    ]
                                  }
                                ]
                              }
                            ]
                          }
                        ]
                      }
                    ]
                  }
                ]
              }
            ]
          }
        ]
      }
    ]
  },
  "Planning Time": 24.807,
  "Triggers": [],
  "Execution Time": 1029.844
}