[
  {
    "Plan": {
      "Node Type": "Aggregate",
      "Strategy": "Plain",
      "Partial Mode": "Finalize",
      "Parallel Aware": false,
      "Startup Cost": 33150.14,
      "Total Cost": 33150.15,
      "Plan Rows": 1,
      "Plan Width": 8,
      "Actual Startup Time": 106.606,
      "Actual Total Time": 116.679,
      "Actual Rows": 1,
      "Actual Loops": 1,
      "Plans": [
        {
          "Node Type": "Gather",
          "Parent Relationship": "Outer",
          "Parallel Aware": false,
          "Startup Cost": 33149.82,
          "Total Cost": 33150.13,
          "Plan Rows": 3,
          "Plan Width": 8,
          "Actual Startup Time": 106.514,
          "Actual Total Time": 116.671,
          "Actual Rows": 4,
          "Actual Loops": 1,
          "Workers Planned": 3,
          "Workers Launched": 3,
          "Single Copy": false,
          "Plans": [
            {
              "Node Type": "Aggregate",
              "Strategy": "Plain",
              "Partial Mode": "Partial",
              "Parent Relationship": "Outer",
              "Parallel Aware": false,
              "Startup Cost": 32149.82,
              "Total Cost": 32149.83,
              "Plan Rows": 1,
              "Plan Width": 8,
              "Actual Startup Time": 97.38,
              "Actual Total Time": 97.381,
              "Actual Rows": 1,
              "Actual Loops": 4,
              "Plans": [
                {
                  "Node Type": "Seq Scan",
                  "Parent Relationship": "Outer",
                  "Parallel Aware": true,
                  "Relation Name": "movie_companies",
                  "Alias": "mc",
                  "Startup Cost": 0.0,
                  "Total Cost": 31414.82,
                  "Plan Rows": 294001,
                  "Plan Width": 0,
                  "Actual Startup Time": 52.538,
                  "Actual Total Time": 89.799,
                  "Actual Rows": 149650,
                  "Actual Loops": 4,
                  "Filter": "((company_id < 28692) AND (company_type_id > 1))",
                  "Rows Removed by Filter": 502633
                }
              ]
            }
          ]
        }
      ]
    },
    "Planning Time": 0.227,
    "Triggers": [],
    "Execution Time": 116.738
  }
]