{
  "Plan": {
    "Node Type": "Aggregate",
    "Strategy": "Plain",
    "Partial Mode": "Finalize",
    "Parallel Aware": false,
    "Startup Cost": 300718.3,
    "Total Cost": 300718.31,
    "Plan Rows": 1,
    "Plan Width": 8,
    "Actual Startup Time": 1103.255,
    "Actual Total Time": 1129.118,
    "Actual Rows": 1,
    "Actual Loops": 1,
    "Plans": [
      {
        "Node Type": "Gather",
        "Parent Relationship": "Outer",
        "Parallel Aware": false,
        "Startup Cost": 300718.19,
        "Total Cost": 300718.3,
        "Plan Rows": 1,
        "Plan Width": 8,
        "Actual Startup Time": 1097.685,
        "Actual Total Time": 1129.11,
        "Actual Rows": 2,
        "Actual Loops": 1,
        "Workers Planned": 1,
        "Workers Launched": 1,
        "Single Copy": false,
        "Plans": [
          {
            "Node Type": "Aggregate",
            "Strategy": "Plain",
            "Partial Mode": "Partial",
            "Parent Relationship": "Outer",
            "Parallel Aware": false,
            "Startup Cost": 299718.19,
            "Total Cost": 299718.2,
            "Plan Rows": 1,
            "Plan Width": 8,
            "Actual Startup Time": 1091.162,
            "Actual Total Time": 1091.168,
            "Actual Rows": 1,
            "Actual Loops": 2,
            "Plans": [
              {
                "Node Type": "Hash Join",
                "Parent Relationship": "Outer",
                "Parallel Aware": true,
                "Join Type": "Inner",
                "Startup Cost": 125894.62,
                "Total Cost": 299522.15,
                "Plan Rows": 78415,
                "Plan Width": 0,
                "Actual Startup Time": 711.453,
                "Actual Total Time": 1007.828,
                "Actual Rows": 1916400,
                "Actual Loops": 2,
                "Inner Unique": false,
                "Hash Cond": "(mi.movie_id = t.id)",
                "Plans": [
                  {
                    "Node Type": "Bitmap Heap Scan",
                    "Parent Relationship": "Outer",
                    "Parallel Aware": true,
                    "Relation Name": "movie_info",
                    "Alias": "mi",
                    "Startup Cost": 21175.37,
                    "Total Cost": 191763.19,
                    "Plan Rows": 687585,
                    "Plan Width": 4,
                    "Actual Startup Time": 44.763,
                    "Actual Total Time": 138.606,
                    "Actual Rows": 560986,
                    "Actual Loops": 2,
                    "Recheck Cond": "(info_type_id > 62)",
                    "Rows Removed by Index Recheck": 0,
                    "Exact Heap Blocks": 18774,
                    "Lossy Heap Blocks": 0,
                    "Plans": [
                      {
                        "Node Type": "Bitmap Index Scan",
                        "Parent Relationship": "Outer",
                        "Parallel Aware": false,
                        "Index Name": "info_type_id_movie_info",
                        "Startup Cost": 0.0,
                        "Total Cost": 20883.15,
                        "Plan Rows": 1168895,
                        "Plan Width": 0,
                        "Actual Startup Time": 39.284,
                        "Actual Total Time": 39.285,
                        "Actual Rows": 1121972,
                        "Actual Loops": 1,
                        "Index Cond": "(info_type_id > 62)"
                      }
                    ]
                  },
                  {
                    "Node Type": "Hash",
                    "Parent Relationship": "Inner",
                    "Parallel Aware": true,
                    "Startup Cost": 102599.11,
                    "Total Cost": 102599.11,
                    "Plan Rows": 169611,
                    "Plan Width": 8,
                    "Actual Startup Time": 660.865,
                    "Actual Total Time": 660.869,
                    "Actual Rows": 142495,
                    "Actual Loops": 2,
                    "Hash Buckets": 524288,
                    "Original Hash Buckets": 524288,
                    "Hash Batches": 1,
                    "Original Hash Batches": 1,
                    "Peak Memory Usage": 15264,
                    "Plans": [
                      {
                        "Node Type": "Hash Join",
                        "Parent Relationship": "Outer",
                        "Parallel Aware": true,
                        "Join Type": "Inner",
                        "Startup Cost": 75579.75,
                        "Total Cost": 102599.11,
                        "Plan Rows": 169611,
                        "Plan Width": 8,
                        "Actual Startup Time": 536.832,
                        "Actual Total Time": 630.646,
                        "Actual Rows": 142495,
                        "Actual Loops": 2,
                        "Inner Unique": true,
                        "Hash Cond": "(mk.movie_id = t.id)",
                        "Plans": [
                          {
                            "Node Type": "Bitmap Heap Scan",
                            "Parent Relationship": "Outer",
                            "Parallel Aware": true,
                            "Relation Name": "movie_keyword",
                            "Alias": "mk",
                            "Startup Cost": 6119.05,
                            "Total Cost": 32693.18,
                            "Plan Rows": 169611,
                            "Plan Width": 4,
                            "Actual Startup Time": 17.875,
                            "Actual Total Time": 69.894,
                            "Actual Rows": 142495,
                            "Actual Loops": 2,
                            "Recheck Cond": "(keyword_id > 56126)",
                            "Rows Removed by Index Recheck": 0,
                            "Exact Heap Blocks": 12152,
                            "Lossy Heap Blocks": 0,
                            "Plans": [
                              {
                                "Node Type": "Bitmap Index Scan",
                                "Parent Relationship": "Outer",
                                "Parallel Aware": false,
                                "Index Name": "keyword_id_movie_keyword",
                                "Startup Cost": 0.0,
                                "Total Cost": 6046.97,
                                "Plan Rows": 288338,
                                "Plan Width": 0,
                                "Actual Startup Time": 14.738,
                                "Actual Total Time": 14.738,
                                "Actual Rows": 284990,
                                "Actual Loops": 1,
                                "Index Cond": "(keyword_id > 56126)"
                              }
                            ]
                          },
                          {
                            "Node Type": "Hash",
                            "Parent Relationship": "Inner",
                            "Parallel Aware": true,
                            "Startup Cost": 50870.31,
                            "Total Cost": 50870.31,
                            "Plan Rows": 1487231,
                            "Plan Width": 4,
                            "Actual Startup Time": 501.309,
                            "Actual Total Time": 501.31,
                            "Actual Rows": 1264156,
                            "Actual Loops": 2,
                            "Hash Buckets": 4194304,
                            "Original Hash Buckets": 4194304,
                            "Hash Batches": 1,
                            "Original Hash Batches": 1,
                            "Peak Memory Usage": 131712,
                            "Plans": [
                              {
                                "Node Type": "Seq Scan",
                                "Parent Relationship": "Outer",
                                "Parallel Aware": true,
                                "Relation Name": "title",
                                "Alias": "t",
                                "Startup Cost": 0.0,
                                "Total Cost": 50870.31,
                                "Plan Rows": 1487231,
                                "Plan Width": 4,
                                "Actual Startup Time": 0.037,
                                "Actual Total Time": 150.787,
                                "Actual Rows": 1264156,
                                "Actual Loops": 2
                              }
                            ]
                          }
                        ]
                      }
                    ]
                  }
                ]
              }
            ]
          }
        ]
      }
    ]
  },
  "Planning Time": 0.9,
  "Triggers": [],
  "Execution Time": 1129.277
}