[
  {
    "Plan": {
      "Node Type": "Aggregate",
      "Strategy": "Plain",
      "Partial Mode": "Finalize",
      "Parallel Aware": false,
      "Startup Cost": 85526.99,
      "Total Cost": 85527.0,
      "Plan Rows": 1,
      "Plan Width": 8,
      "Actual Startup Time": 657.517,
      "Actual Total Time": 680.047,
      "Actual Rows": 1,
      "Actual Loops": 1,
      "Plans": [
        {
          "Node Type": "Gather",
          "Parent Relationship": "Outer",
          "Parallel Aware": false,
          "Startup Cost": 85526.67,
          "Total Cost": 85526.98,
          "Plan Rows": 3,
          "Plan Width": 8,
          "Actual Startup Time": 646.092,
          "Actual Total Time": 680.034,
          "Actual Rows": 4,
          "Actual Loops": 1,
          "Workers Planned": 3,
          "Workers Launched": 3,
          "Single Copy": false,
          "Plans": [
            {
              "Node Type": "Aggregate",
              "Strategy": "Plain",
              "Partial Mode": "Partial",
              "Parent Relationship": "Outer",
              "Parallel Aware": false,
              "Startup Cost": 84526.67,
              "Total Cost": 84526.68,
              "Plan Rows": 1,
              "Plan Width": 8,
              "Actual Startup Time": 630.185,
              "Actual Total Time": 630.188,
              "Actual Rows": 1,
              "Actual Loops": 4,
              "Plans": [
                {
                  "Node Type": "Hash Join",
                  "Parent Relationship": "Outer",
                  "Parallel Aware": true,
                  "Join Type": "Inner",
                  "Startup Cost": 51217.33,
                  "Total Cost": 83638.76,
                  "Plan Rows": 355162,
                  "Plan Width": 0,
                  "Actual Startup Time": 442.785,
                  "Actual Total Time": 615.833,
                  "Actual Rows": 283399,
                  "Actual Loops": 4,
                  "Inner Unique": true,
                  "Hash Cond": "(mc.movie_id = t.id)",
                  "Plans": [
                    {
                      "Node Type": "Seq Scan",
                      "Parent Relationship": "Outer",
                      "Parallel Aware": true,
                      "Relation Name": "movie_companies",
                      "Alias": "mc",
                      "Startup Cost": 0.0,
                      "Total Cost": 31414.82,
                      "Plan Rows": 383471,
                      "Plan Width": 4,
                      "Actual Startup Time": 38.753,
                      "Actual Total Time": 85.687,
                      "Actual Rows": 317704,
                      "Actual Loops": 4,
                      "Filter": "((company_id > 145) AND (company_type_id = 2))",
                      "Rows Removed by Filter": 334578
                    },
                    {
                      "Node Type": "Hash",
                      "Parent Relationship": "Inner",
                      "Parallel Aware": true,
                      "Startup Cost": 43899.32,
                      "Total Cost": 43899.32,
                      "Plan Rows": 585441,
                      "Plan Width": 4,
                      "Actual Startup Time": 393.491,
                      "Actual Total Time": 393.492,
                      "Actual Rows": 583322,
                      "Actual Loops": 4,
                      "Hash Buckets": 4194304,
                      "Original Hash Buckets": 4194304,
                      "Hash Batches": 1,
                      "Original Hash Batches": 1,
                      "Peak Memory Usage": 124096,
                      "Plans": [
                        {
                          "Node Type": "Seq Scan",
                          "Parent Relationship": "Outer",
                          "Parallel Aware": true,
                          "Relation Name": "title",
                          "Alias": "t",
                          "Startup Cost": 0.0,
                          "Total Cost": 43899.32,
                          "Plan Rows": 585441,
                          "Plan Width": 4,
                          "Actual Startup Time": 0.05,
                          "Actual Total Time": 139.442,
                          "Actual Rows": 583322,
                          "Actual Loops": 4,
                          "Filter": "(production_year > 1932)",
                          "Rows Removed by Filter": 48756
                        }
                      ]
                    }
                  ]
                }
              ]
            }
          ]
        }
      ]
    },
    "Planning Time": 0.636,
    "Triggers": [],
    "Execution Time": 680.113
  }
]