[
  {
    "Plan": {
      "Node Type": "Aggregate",
      "Strategy": "Plain",
      "Partial Mode": "Finalize",
      "Parallel Aware": false,
      "Startup Cost": 33189.27,
      "Total Cost": 33189.28,
      "Plan Rows": 1,
      "Plan Width": 8,
      "Actual Startup Time": 96.899,
      "Actual Total Time": 104.612,
      "Actual Rows": 1,
      "Actual Loops": 1,
      "Plans": [
        {
          "Node Type": "Gather",
          "Parent Relationship": "Outer",
          "Parallel Aware": false,
          "Startup Cost": 33188.95,
          "Total Cost": 33189.26,
          "Plan Rows": 3,
          "Plan Width": 8,
          "Actual Startup Time": 96.801,
          "Actual Total Time": 104.604,
          "Actual Rows": 4,
          "Actual Loops": 1,
          "Workers Planned": 3,
          "Workers Launched": 3,
          "Single Copy": false,
          "Plans": [
            {
              "Node Type": "Aggregate",
              "Strategy": "Plain",
              "Partial Mode": "Partial",
              "Parent Relationship": "Outer",
              "Parallel Aware": false,
              "Startup Cost": 32188.95,
              "Total Cost": 32188.96,
              "Plan Rows": 1,
              "Plan Width": 8,
              "Actual Startup Time": 88.866,
              "Actual Total Time": 88.867,
              "Actual Rows": 1,
              "Actual Loops": 4,
              "Plans": [
                {
                  "Node Type": "Seq Scan",
                  "Parent Relationship": "Outer",
                  "Parallel Aware": true,
                  "Relation Name": "movie_companies",
                  "Alias": "mc",
                  "Startup Cost": 0.0,
                  "Total Cost": 31414.82,
                  "Plan Rows": 309654,
                  "Plan Width": 0,
                  "Actual Startup Time": 0.586,
                  "Actual Total Time": 78.772,
                  "Actual Rows": 200711,
                  "Actual Loops": 4,
                  "Filter": "((company_id > 923) AND (company_type_id = 1))",
                  "Rows Removed by Filter": 451572
                }
              ]
            }
          ]
        }
      ]
    },
    "Planning Time": 0.247,
    "Triggers": [],
    "Execution Time": 104.669
  }
]