{
  "Plan": {
    "Node Type": "Aggregate",
    "Strategy": "Plain",
    "Partial Mode": "Finalize",
    "Parallel Aware": false,
    "Startup Cost": 48428.14,
    "Total Cost": 48428.15,
    "Plan Rows": 1,
    "Plan Width": 8,
    "Actual Startup Time": 155.842,
    "Actual Total Time": 179.643,
    "Actual Rows": 1,
    "Actual Loops": 1,
    "Plans": [
      {
        "Node Type": "Gather",
        "Parent Relationship": "Outer",
        "Parallel Aware": false,
        "Startup Cost": 48428.03,
        "Total Cost": 48428.14,
        "Plan Rows": 1,
        "Plan Width": 8,
        "Actual Startup Time": 155.61,
        "Actual Total Time": 179.636,
        "Actual Rows": 2,
        "Actual Loops": 1,
        "Workers Planned": 1,
        "Workers Launched": 1,
        "Single Copy": false,
        "Plans": [
          {
            "Node Type": "Aggregate",
            "Strategy": "Plain",
            "Partial Mode": "Partial",
            "Parent Relationship": "Outer",
            "Parallel Aware": false,
            "Startup Cost": 47428.03,
            "Total Cost": 47428.04,
            "Plan Rows": 1,
            "Plan Width": 8,
            "Actual Startup Time": 149.45,
            "Actual Total Time": 149.453,
            "Actual Rows": 1,
            "Actual Loops": 2,
            "Plans": [
              {
                "Node Type": "Nested Loop",
                "Parent Relationship": "Outer",
                "Parallel Aware": false,
                "Join Type": "Inner",
                "Startup Cost": 133.22,
                "Total Cost": 47382.26,
                "Plan Rows": 18308,
                "Plan Width": 0,
                "Actual Startup Time": 3.707,
                "Actual Total Time": 142.72,
                "Actual Rows": 114918,
                "Actual Loops": 2,
                "Inner Unique": false,
                "Plans": [
                  {
                    "Node Type": "Nested Loop",
                    "Parent Relationship": "Outer",
                    "Parallel Aware": false,
                    "Join Type": "Inner",
                    "Startup Cost": 132.78,
                    "Total Cost": 40191.79,
                    "Plan Rows": 3637,
                    "Plan Width": 8,
                    "Actual Startup Time": 3.602,
                    "Actual Total Time": 29.713,
                    "Actual Rows": 2618,
                    "Actual Loops": 2,
                    "Inner Unique": true,
                    "Plans": [
                      {
                        "Node Type": "Bitmap Heap Scan",
                        "Parent Relationship": "Outer",
                        "Parallel Aware": true,
                        "Relation Name": "movie_keyword",
                        "Alias": "mk",
                        "Startup Cost": 132.35,
                        "Total Cost": 14334.04,
                        "Plan Rows": 3637,
                        "Plan Width": 4,
                        "Actual Startup Time": 3.42,
                        "Actual Total Time": 11.396,
                        "Actual Rows": 2618,
                        "Actual Loops": 2,
                        "Recheck Cond": "(keyword_id = 816)",
                        "Rows Removed by Index Recheck": 0,
                        "Exact Heap Blocks": 3484,
                        "Lossy Heap Blocks": 0,
                        "Plans": [
                          {
                            "Node Type": "Bitmap Index Scan",
                            "Parent Relationship": "Outer",
                            "Parallel Aware": false,
                            "Index Name": "keyword_id_movie_keyword",
                            "Startup Cost": 0.0,
                            "Total Cost": 130.81,
                            "Plan Rows": 6183,
                            "Plan Width": 0,
                            "Actual Startup Time": 4.395,
                            "Actual Total Time": 4.396,
                            "Actual Rows": 5235,
                            "Actual Loops": 1,
                            "Index Cond": "(keyword_id = 816)"
                          }
                        ]
                      },
                      {
                        "Node Type": "Index Only Scan",
                        "Parent Relationship": "Inner",
                        "Parallel Aware": false,
                        "Scan Direction": "Forward",
                        "Index Name": "title_pkey",
                        "Relation Name": "title",
                        "Alias": "t",
                        "Startup Cost": 0.43,
                        "Total Cost": 7.11,
                        "Plan Rows": 1,
                        "Plan Width": 4,
                        "Actual Startup Time": 0.006,
                        "Actual Total Time": 0.006,
                        "Actual Rows": 1,
                        "Actual Loops": 5235,
                        "Index Cond": "(id = mk.movie_id)",
                        "Rows Removed by Index Recheck": 0,
                        "Heap Fetches": 5235
                      }
                    ]
                  },
                  {
                    "Node Type": "Index Scan",
                    "Parent Relationship": "Inner",
                    "Parallel Aware": false,
                    "Scan Direction": "Forward",
                    "Index Name": "movie_id_movie_info",
                    "Relation Name": "movie_info",
                    "Alias": "mi",
                    "Startup Cost": 0.43,
                    "Total Cost": 1.62,
                    "Plan Rows": 36,
                    "Plan Width": 4,
                    "Actual Startup Time": 0.009,
                    "Actual Total Time": 0.039,
                    "Actual Rows": 44,
                    "Actual Loops": 5235,
                    "Index Cond": "(movie_id = t.id)",
                    "Rows Removed by Index Recheck": 0,
                    "Filter": "(info_type_id > 2)",
                    "Rows Removed by Filter": 2
                  }
                ]
              }
            ]
          }
        ]
      }
    ]
  },
  "Planning Time": 0.93,
  "Triggers": [],
  "Execution Time": 179.74
}