{
  "Plan": {
    "Node Type": "Aggregate",
    "Strategy": "Plain",
    "Partial Mode": "Finalize",
    "Parallel Aware": false,
    "Startup Cost": 632134.72,
    "Total Cost": 632134.73,
    "Plan Rows": 1,
    "Plan Width": 8,
    "Actual Startup Time": 4221.62,
    "Actual Total Time": 4272.968,
    "Actual Rows": 1,
    "Actual Loops": 1,
    "Plans": [
      {
        "Node Type": "Gather",
        "Parent Relationship": "Outer",
        "Parallel Aware": false,
        "Startup Cost": 632134.61,
        "Total Cost": 632134.72,
        "Plan Rows": 1,
        "Plan Width": 8,
        "Actual Startup Time": 4220.913,
        "Actual Total Time": 4272.96,
        "Actual Rows": 2,
        "Actual Loops": 1,
        "Workers Planned": 1,
        "Workers Launched": 1,
        "Single Copy": false,
        "Plans": [
          {
            "Node Type": "Aggregate",
            "Strategy": "Plain",
            "Partial Mode": "Partial",
            "Parent Relationship": "Outer",
            "Parallel Aware": false,
            "Startup Cost": 631134.61,
            "Total Cost": 631134.62,
            "Plan Rows": 1,
            "Plan Width": 8,
            "Actual Startup Time": 4215.174,
            "Actual Total Time": 4215.177,
            "Actual Rows": 1,
            "Actual Loops": 2,
            "Plans": [
              {
                "Node Type": "Hash Join",
                "Parent Relationship": "Outer",
                "Parallel Aware": true,
                "Join Type": "Inner",
                "Startup Cost": 61783.01,
                "Total Cost": 623533.11,
                "Plan Rows": 3040601,
                "Plan Width": 0,
                "Actual Startup Time": 191.57,
                "Actual Total Time": 4118.218,
                "Actual Rows": 2327417,
                "Actual Loops": 2,
                "Inner Unique": true,
                "Hash Cond": "(ci.movie_id = t.id)",
                "Plans": [
                  {
                    "Node Type": "Seq Scan",
                    "Parent Relationship": "Outer",
                    "Parallel Aware": true,
                    "Relation Name": "cast_info",
                    "Alias": "ci",
                    "Startup Cost": 0.0,
                    "Total Cost": 519069.44,
                    "Plan Rows": 16259274,
                    "Plan Width": 4,
                    "Actual Startup Time": 0.013,
                    "Actual Total Time": 1786.15,
                    "Actual Rows": 13879015,
                    "Actual Loops": 2,
                    "Filter": "(role_id < 6)",
                    "Rows Removed by Filter": 4243157
                  },
                  {
                    "Node Type": "Hash",
                    "Parent Relationship": "Inner",
                    "Parallel Aware": true,
                    "Startup Cost": 58306.47,
                    "Total Cost": 58306.47,
                    "Plan Rows": 278123,
                    "Plan Width": 4,
                    "Actual Startup Time": 185.751,
                    "Actual Total Time": 185.752,
                    "Actual Rows": 198180,
                    "Actual Loops": 2,
                    "Hash Buckets": 524288,
                    "Original Hash Buckets": 524288,
                    "Hash Batches": 1,
                    "Original Hash Batches": 1,
                    "Peak Memory Usage": 19648,
                    "Plans": [
                      {
                        "Node Type": "Seq Scan",
                        "Parent Relationship": "Outer",
                        "Parallel Aware": true,
                        "Relation Name": "title",
                        "Alias": "t",
                        "Startup Cost": 0.0,
                        "Total Cost": 58306.47,
                        "Plan Rows": 278123,
                        "Plan Width": 4,
                        "Actual Startup Time": 0.035,
                        "Actual Total Time": 141.063,
                        "Actual Rows": 198180,
                        "Actual Loops": 2,
                        "Filter": "((kind_id < 7) AND (production_year > 2003))",
                        "Rows Removed by Filter": 1065976
                      }
                    ]
                  }
                ]
              }
            ]
          }
        ]
      }
    ]
  },
  "Planning Time": 0.588,
  "Triggers": [],
  "Execution Time": 4273.048
}