[
  {
    "Plan": {
      "Node Type": "Aggregate",
      "Strategy": "Plain",
      "Partial Mode": "Finalize",
      "Parallel Aware": false,
      "Startup Cost": 62194.31,
      "Total Cost": 62194.32,
      "Plan Rows": 1,
      "Plan Width": 8,
      "Actual Startup Time": 207.306,
      "Actual Total Time": 220.46,
      "Actual Rows": 1,
      "Actual Loops": 1,
      "Plans": [
        {
          "Node Type": "Gather",
          "Parent Relationship": "Outer",
          "Parallel Aware": false,
          "Startup Cost": 62194.1,
          "Total Cost": 62194.31,
          "Plan Rows": 2,
          "Plan Width": 8,
          "Actual Startup Time": 206.726,
          "Actual Total Time": 220.451,
          "Actual Rows": 3,
          "Actual Loops": 1,
          "Workers Planned": 2,
          "Workers Launched": 2,
          "Single Copy": false,
          "Plans": [
            {
              "Node Type": "Aggregate",
              "Strategy": "Plain",
              "Partial Mode": "Partial",
              "Parent Relationship": "Outer",
              "Parallel Aware": false,
              "Startup Cost": 61194.1,
              "Total Cost": 61194.11,
              "Plan Rows": 1,
              "Plan Width": 8,
              "Actual Startup Time": 199.964,
              "Actual Total Time": 199.967,
              "Actual Rows": 1,
              "Actual Loops": 3,
              "Plans": [
                {
                  "Node Type": "Hash Join",
                  "Parent Relationship": "Outer",
                  "Parallel Aware": true,
                  "Join Type": "Inner",
                  "Startup Cost": 45919.42,
                  "Total Cost": 61113.98,
                  "Plan Rows": 32046,
                  "Plan Width": 0,
                  "Actual Startup Time": 124.972,
                  "Actual Total Time": 199.505,
                  "Actual Rows": 10471,
                  "Actual Loops": 3,
                  "Inner Unique": true,
                  "Hash Cond": "(mi_idx.movie_id = t.id)",
                  "Plans": [
                    {
                      "Node Type": "Seq Scan",
                      "Parent Relationship": "Outer",
                      "Parallel Aware": true,
                      "Relation Name": "movie_info_idx",
                      "Alias": "mi_idx",
                      "Startup Cost": 0.0,
                      "Total Cost": 13685.15,
                      "Plan Rows": 575015,
                      "Plan Width": 4,
                      "Actual Startup Time": 0.024,
                      "Actual Total Time": 33.104,
                      "Actual Rows": 460012,
                      "Actual Loops": 3
                    },
                    {
                      "Node Type": "Hash",
                      "Parent Relationship": "Inner",
                      "Parallel Aware": true,
                      "Startup Cost": 45479.1,
                      "Total Cost": 45479.1,
                      "Plan Rows": 35226,
                      "Plan Width": 4,
                      "Actual Startup Time": 122.174,
                      "Actual Total Time": 122.175,
                      "Actual Rows": 50396,
                      "Actual Loops": 3,
                      "Hash Buckets": 262144,
                      "Original Hash Buckets": 262144,
                      "Hash Batches": 1,
                      "Original Hash Batches": 1,
                      "Peak Memory Usage": 8000,
                      "Plans": [
                        {
                          "Node Type": "Seq Scan",
                          "Parent Relationship": "Outer",
                          "Parallel Aware": true,
                          "Relation Name": "title",
                          "Alias": "t",
                          "Startup Cost": 0.0,
                          "Total Cost": 45479.1,
                          "Plan Rows": 35226,
                          "Plan Width": 4,
                          "Actual Startup Time": 0.038,
                          "Actual Total Time": 108.217,
                          "Actual Rows": 50396,
                          "Actual Loops": 3,
                          "Filter": "((kind_id > 4) AND (production_year > 2011))",
                          "Rows Removed by Filter": 792375
                        }
                      ]
                    }
                  ]
                }
              ]
            }
          ]
        }
      ]
    },
    "Planning Time": 0.562,
    "Triggers": [],
    "Execution Time": 220.525
  }
]