{
  "Plan": {
    "Node Type": "Aggregate",
    "Strategy": "Plain",
    "Partial Mode": "Simple",
    "Parallel Aware": false,
    "Startup Cost": 778.6,
    "Total Cost": 778.61,
    "Plan Rows": 1,
    "Plan Width": 8,
    "Actual Startup Time": 1.204,
    "Actual Total Time": 1.207,
    "Actual Rows": 1,
    "Actual Loops": 1,
    "Plans": [
      {
        "Node Type": "Nested Loop",
        "Parent Relationship": "Outer",
        "Parallel Aware": false,
        "Join Type": "Inner",
        "Startup Cost": 1.29,
        "Total Cost": 778.56,
        "Plan Rows": 19,
        "Plan Width": 0,
        "Actual Startup Time": 0.532,
        "Actual Total Time": 1.198,
        "Actual Rows": 2,
        "Actual Loops": 1,
        "Inner Unique": false,
        "Plans": [
          {
            "Node Type": "Nested Loop",
            "Parent Relationship": "Outer",
            "Parallel Aware": false,
            "Join Type": "Inner",
            "Startup Cost": 0.86,
            "Total Cost": 696.2,
            "Plan Rows": 50,
            "Plan Width": 8,
            "Actual Startup Time": 0.262,
            "Actual Total Time": 0.563,
            "Actual Rows": 8,
            "Actual Loops": 1,
            "Inner Unique": true,
            "Plans": [
              {
                "Node Type": "Index Scan",
                "Parent Relationship": "Outer",
                "Parallel Aware": false,
                "Scan Direction": "Forward",
                "Index Name": "company_id_movie_companies",
                "Relation Name": "movie_companies",
                "Alias": "mc",
                "Startup Cost": 0.43,
                "Total Cost": 273.83,
                "Plan Rows": 50,
                "Plan Width": 4,
                "Actual Startup Time": 0.232,
                "Actual Total Time": 0.363,
                "Actual Rows": 8,
                "Actual Loops": 1,
                "Index Cond": "(company_id = 2672)",
                "Rows Removed by Index Recheck": 0,
                "Filter": "(company_type_id < 2)",
                "Rows Removed by Filter": 50
              },
              {
                "Node Type": "Index Only Scan",
                "Parent Relationship": "Inner",
                "Parallel Aware": false,
                "Scan Direction": "Forward",
                "Index Name": "title_pkey",
                "Relation Name": "title",
                "Alias": "t",
                "Startup Cost": 0.43,
                "Total Cost": 8.45,
                "Plan Rows": 1,
                "Plan Width": 4,
                "Actual Startup Time": 0.023,
                "Actual Total Time": 0.023,
                "Actual Rows": 1,
                "Actual Loops": 8,
                "Index Cond": "(id = mc.movie_id)",
                "Rows Removed by Index Recheck": 0,
                "Heap Fetches": 8
              }
            ]
          },
          {
            "Node Type": "Index Scan",
            "Parent Relationship": "Inner",
            "Parallel Aware": false,
            "Scan Direction": "Forward",
            "Index Name": "movie_id_movie_info",
            "Relation Name": "movie_info",
            "Alias": "mi",
            "Startup Cost": 0.43,
            "Total Cost": 1.62,
            "Plan Rows": 3,
            "Plan Width": 4,
            "Actual Startup Time": 0.072,
            "Actual Total Time": 0.078,
            "Actual Rows": 0,
            "Actual Loops": 8,
            "Index Cond": "(movie_id = t.id)",
            "Rows Removed by Index Recheck": 0,
            "Filter": "(info_type_id > 94)",
            "Rows Removed by Filter": 21
          }
        ]
      }
    ]
  },
  "Planning Time": 0.975,
  "Triggers": [],
  "Execution Time": 1.281
}