[
  {
    "Plan": {
      "Node Type": "Aggregate",
      "Strategy": "Plain",
      "Partial Mode": "Finalize",
      "Parallel Aware": false,
      "Startup Cost": 339482.98,
      "Total Cost": 339482.99,
      "Plan Rows": 1,
      "Plan Width": 8,
      "Actual Startup Time": 361.647,
      "Actual Total Time": 383.071,
      "Actual Rows": 1,
      "Actual Loops": 1,
      "Plans": [
        {
          "Node Type": "Gather",
          "Parent Relationship": "Outer",
          "Parallel Aware": false,
          "Startup Cost": 339482.36,
          "Total Cost": 339482.97,
          "Plan Rows": 6,
          "Plan Width": 8,
          "Actual Startup Time": 361.572,
          "Actual Total Time": 383.063,
          "Actual Rows": 7,
          "Actual Loops": 1,
          "Workers Planned": 6,
          "Workers Launched": 6,
          "Single Copy": false,
          "Plans": [
            {
              "Node Type": "Aggregate",
              "Strategy": "Plain",
              "Partial Mode": "Partial",
              "Parent Relationship": "Outer",
              "Parallel Aware": false,
              "Startup Cost": 338482.36,
              "Total Cost": 338482.37,
              "Plan Rows": 1,
              "Plan Width": 8,
              "Actual Startup Time": 352.013,
              "Actual Total Time": 352.013,
              "Actual Rows": 1,
              "Actual Loops": 7,
              "Plans": [
                {
                  "Node Type": "Index Scan",
                  "Parent Relationship": "Outer",
                  "Parallel Aware": true,
                  "Scan Direction": "Forward",
                  "Index Name": "role_id_cast_info",
                  "Relation Name": "cast_info",
                  "Alias": "ci",
                  "Startup Cost": 0.56,
                  "Total Cost": 335235.55,
                  "Plan Rows": 1298723,
                  "Plan Width": 0,
                  "Actual Startup Time": 260.165,
                  "Actual Total Time": 334.927,
                  "Actual Rows": 403849,
                  "Actual Loops": 7,
                  "Index Cond": "(role_id < 2)",
                  "Rows Removed by Index Recheck": 0,
                  "Filter": "(person_id > 1341107)",
                  "Rows Removed by Filter": 1406249
                }
              ]
            }
          ]
        }
      ]
    },
    "Planning Time": 0.274,
    "Triggers": [],
    "Execution Time": 383.146
  }
]