[
  {
    "Plan": {
      "Node Type": "Aggregate",
      "Strategy": "Plain",
      "Partial Mode": "Finalize",
      "Parallel Aware": false,
      "Startup Cost": 93709.02,
      "Total Cost": 93709.03,
      "Plan Rows": 1,
      "Plan Width": 8,
      "Actual Startup Time": 203.73,
      "Actual Total Time": 218.374,
      "Actual Rows": 1,
      "Actual Loops": 1,
      "Plans": [
        {
          "Node Type": "Gather",
          "Parent Relationship": "Outer",
          "Parallel Aware": false,
          "Startup Cost": 93708.6,
          "Total Cost": 93709.01,
          "Plan Rows": 4,
          "Plan Width": 8,
          "Actual Startup Time": 203.31,
          "Actual Total Time": 218.345,
          "Actual Rows": 5,
          "Actual Loops": 1,
          "Workers Planned": 4,
          "Workers Launched": 4,
          "Single Copy": false,
          "Plans": [
            {
              "Node Type": "Aggregate",
              "Strategy": "Plain",
              "Partial Mode": "Partial",
              "Parent Relationship": "Outer",
              "Parallel Aware": false,
              "Startup Cost": 92708.6,
              "Total Cost": 92708.61,
              "Plan Rows": 1,
              "Plan Width": 8,
              "Actual Startup Time": 193.548,
              "Actual Total Time": 193.552,
              "Actual Rows": 1,
              "Actual Loops": 5,
              "Plans": [
                {
                  "Node Type": "Hash Join",
                  "Parent Relationship": "Outer",
                  "Parallel Aware": true,
                  "Join Type": "Inner",
                  "Startup Cost": 43950.58,
                  "Total Cost": 92702.95,
                  "Plan Rows": 2260,
                  "Plan Width": 0,
                  "Actual Startup Time": 91.508,
                  "Actual Total Time": 193.409,
                  "Actual Rows": 1578,
                  "Actual Loops": 5,
                  "Inner Unique": true,
                  "Hash Cond": "(ci.movie_id = t.id)",
                  "Plans": [
                    {
                      "Node Type": "Index Scan",
                      "Parent Relationship": "Outer",
                      "Parallel Aware": true,
                      "Scan Direction": "Forward",
                      "Index Name": "role_id_cast_info",
                      "Relation Name": "cast_info",
                      "Alias": "ci",
                      "Startup Cost": 0.56,
                      "Total Cost": 47835.41,
                      "Plan Rows": 349534,
                      "Plan Width": 4,
                      "Actual Startup Time": 0.092,
                      "Actual Total Time": 70.623,
                      "Actual Rows": 277590,
                      "Actual Loops": 5,
                      "Index Cond": "(role_id = 8)",
                      "Rows Removed by Index Recheck": 0,
                      "Filter": "(person_id > 663667)",
                      "Rows Removed by Filter": 63118
                    },
                    {
                      "Node Type": "Hash",
                      "Parent Relationship": "Inner",
                      "Parallel Aware": true,
                      "Startup Cost": 43898.92,
                      "Total Cost": 43898.92,
                      "Plan Rows": 4088,
                      "Plan Width": 4,
                      "Actual Startup Time": 89.907,
                      "Actual Total Time": 89.908,
                      "Actual Rows": 2847,
                      "Actual Loops": 5,
                      "Hash Buckets": 16384,
                      "Original Hash Buckets": 16384,
                      "Hash Batches": 1,
                      "Original Hash Batches": 1,
                      "Peak Memory Usage": 768,
                      "Plans": [
                        {
                          "Node Type": "Seq Scan",
                          "Parent Relationship": "Outer",
                          "Parallel Aware": true,
                          "Relation Name": "title",
                          "Alias": "t",
                          "Startup Cost": 0.0,
                          "Total Cost": 43898.92,
                          "Plan Rows": 4088,
                          "Plan Width": 4,
                          "Actual Startup Time": 0.205,
                          "Actual Total Time": 88.061,
                          "Actual Rows": 2847,
                          "Actual Loops": 5,
                          "Filter": "(production_year = 1968)",
                          "Rows Removed by Filter": 502815
                        }
                      ]
                    }
                  ]
                }
              ]
            }
          ]
        }
      ]
    },
    "Planning Time": 0.519,
    "Triggers": [],
    "Execution Time": 218.438
  }
]