[
    {
        "Bao": {
            "Bao prediction": 598.264,
            "Bao recommended hint": "(no hint)"
        }
    },
    {
        "Plan": {
            "Node Type": "Aggregate",
            "Strategy": "Plain",
            "Partial Mode": "Simple",
            "Parallel Aware": false,
            "Startup Cost": 26907.36,
            "Total Cost": 26907.37,
            "Plan Rows": 1,
            "Plan Width": 8,
            "Actual Startup Time": 58.695,
            "Actual Total Time": 58.697,
            "Actual Rows": 1,
            "Actual Loops": 1,
            "Output": [
                "count(*)"
            ],
            "Plans": [
                {
                    "Node Type": "Bitmap Heap Scan",
                    "Parent Relationship": "Outer",
                    "Parallel Aware": false,
                    "Relation Name": "movie_keyword",
                    "Schema": "public",
                    "Alias": "mk",
                    "Startup Cost": 1437.36,
                    "Total Cost": 26738.03,
                    "Plan Rows": 67733,
                    "Plan Width": 0,
                    "Actual Startup Time": 20.068,
                    "Actual Total Time": 53.985,
                    "Actual Rows": 63362,
                    "Actual Loops": 1,
                    "Recheck Cond": "(mk.keyword_id > 93796)",
                    "Rows Removed by Index Recheck": 0,
                    "Exact Heap Blocks": 14106,
                    "Lossy Heap Blocks": 0,
                    "Plans": [
                        {
                            "Node Type": "Bitmap Index Scan",
                            "Parent Relationship": "Outer",
                            "Parallel Aware": false,
                            "Index Name": "keyword_id_movie_keyword",
                            "Startup Cost": 0.0,
                            "Total Cost": 1420.43,
                            "Plan Rows": 67733,
                            "Plan Width": 0,
                            "Actual Startup Time": 14.801,
                            "Actual Total Time": 14.802,
                            "Actual Rows": 63362,
                            "Actual Loops": 1,
                            "Index Cond": "(mk.keyword_id > 93796)"
                        }
                    ]
                }
            ]
        },
        "Planning Time": 1443.61,
        "Triggers": [],
        "Execution Time": 58.794
    }
]