[
  {
    "Plan": {
      "Node Type": "Aggregate",
      "Strategy": "Plain",
      "Partial Mode": "Finalize",
      "Parallel Aware": false,
      "Startup Cost": 345740.68,
      "Total Cost": 345740.69,
      "Plan Rows": 1,
      "Plan Width": 8,
      "Actual Startup Time": 599.566,
      "Actual Total Time": 652.929,
      "Actual Rows": 1,
      "Actual Loops": 1,
      "Plans": [
        {
          "Node Type": "Gather",
          "Parent Relationship": "Outer",
          "Parallel Aware": false,
          "Startup Cost": 345740.05,
          "Total Cost": 345740.66,
          "Plan Rows": 6,
          "Plan Width": 8,
          "Actual Startup Time": 599.423,
          "Actual Total Time": 652.918,
          "Actual Rows": 7,
          "Actual Loops": 1,
          "Workers Planned": 6,
          "Workers Launched": 6,
          "Single Copy": false,
          "Plans": [
            {
              "Node Type": "Aggregate",
              "Strategy": "Plain",
              "Partial Mode": "Partial",
              "Parent Relationship": "Outer",
              "Parallel Aware": false,
              "Startup Cost": 344740.05,
              "Total Cost": 344740.07,
              "Plan Rows": 1,
              "Plan Width": 8,
              "Actual Startup Time": 590.181,
              "Actual Total Time": 590.182,
              "Actual Rows": 1,
              "Actual Loops": 7,
              "Plans": [
                {
                  "Node Type": "Seq Scan",
                  "Parent Relationship": "Outer",
                  "Parallel Aware": true,
                  "Relation Name": "cast_info",
                  "Alias": "ci",
                  "Startup Cost": 0.0,
                  "Total Cost": 343257.03,
                  "Plan Rows": 593210,
                  "Plan Width": 0,
                  "Actual Startup Time": 325.485,
                  "Actual Total Time": 576.933,
                  "Actual Rows": 318147,
                  "Actual Loops": 7,
                  "Filter": "((person_id < 784830) AND (role_id > 2))",
                  "Rows Removed by Filter": 4859617
                }
              ]
            }
          ]
        }
      ]
    },
    "Planning Time": 0.222,
    "Triggers": [],
    "Execution Time": 653.002
  }
]