{
  "Plan": {
    "Node Type": "Aggregate",
    "Strategy": "Plain",
    "Partial Mode": "Finalize",
    "Parallel Aware": false,
    "Startup Cost": 291944.94,
    "Total Cost": 291944.95,
    "Plan Rows": 1,
    "Plan Width": 8,
    "Actual Startup Time": 181.73,
    "Actual Total Time": 206.681,
    "Actual Rows": 1,
    "Actual Loops": 1,
    "Plans": [
      {
        "Node Type": "Gather",
        "Parent Relationship": "Outer",
        "Parallel Aware": false,
        "Startup Cost": 291944.83,
        "Total Cost": 291944.94,
        "Plan Rows": 1,
        "Plan Width": 8,
        "Actual Startup Time": 181.609,
        "Actual Total Time": 206.674,
        "Actual Rows": 2,
        "Actual Loops": 1,
        "Workers Planned": 1,
        "Workers Launched": 1,
        "Single Copy": false,
        "Plans": [
          {
            "Node Type": "Aggregate",
            "Strategy": "Plain",
            "Partial Mode": "Partial",
            "Parent Relationship": "Outer",
            "Parallel Aware": false,
            "Startup Cost": 290944.83,
            "Total Cost": 290944.84,
            "Plan Rows": 1,
            "Plan Width": 8,
            "Actual Startup Time": 175.852,
            "Actual Total Time": 175.853,
            "Actual Rows": 1,
            "Actual Loops": 2,
            "Plans": [
              {
                "Node Type": "Nested Loop",
                "Parent Relationship": "Outer",
                "Parallel Aware": false,
                "Join Type": "Inner",
                "Startup Cost": 0.56,
                "Total Cost": 290877.34,
                "Plan Rows": 26998,
                "Plan Width": 0,
                "Actual Startup Time": 87.444,
                "Actual Total Time": 174.835,
                "Actual Rows": 14931,
                "Actual Loops": 2,
                "Inner Unique": false,
                "Plans": [
                  {
                    "Node Type": "Seq Scan",
                    "Parent Relationship": "Outer",
                    "Parallel Aware": true,
                    "Relation Name": "title",
                    "Alias": "t",
                    "Startup Cost": 0.0,
                    "Total Cost": 54588.39,
                    "Plan Rows": 1884,
                    "Plan Width": 4,
                    "Actual Startup Time": 87.359,
                    "Actual Total Time": 126.761,
                    "Actual Rows": 2006,
                    "Actual Loops": 2,
                    "Filter": "(production_year = 1920)",
                    "Rows Removed by Filter": 1262150
                  },
                  {
                    "Node Type": "Index Only Scan",
                    "Parent Relationship": "Inner",
                    "Parallel Aware": false,
                    "Scan Direction": "Forward",
                    "Index Name": "movie_id_cast_info",
                    "Relation Name": "cast_info",
                    "Alias": "ci",
                    "Startup Cost": 0.56,
                    "Total Cost": 125.05,
                    "Plan Rows": 37,
                    "Plan Width": 4,
                    "Actual Startup Time": 0.009,
                    "Actual Total Time": 0.023,
                    "Actual Rows": 7,
                    "Actual Loops": 4012,
                    "Index Cond": "(movie_id = t.id)",
                    "Rows Removed by Index Recheck": 0,
                    "Heap Fetches": 29862
                  }
                ]
              }
            ]
          }
        ]
      }
    ]
  },
  "Planning Time": 0.352,
  "Triggers": [],
  "Execution Time": 206.746
}