{
  "Plan": {
    "Node Type": "Aggregate",
    "Strategy": "Plain",
    "Partial Mode": "Finalize",
    "Parallel Aware": false,
    "Startup Cost": 213059.17,
    "Total Cost": 213059.18,
    "Plan Rows": 1,
    "Plan Width": 8,
    "Actual Startup Time": 1268.349,
    "Actual Total Time": 1304.42,
    "Actual Rows": 1,
    "Actual Loops": 1,
    "Plans": [
      {
        "Node Type": "Gather",
        "Parent Relationship": "Outer",
        "Parallel Aware": false,
        "Startup Cost": 213059.06,
        "Total Cost": 213059.17,
        "Plan Rows": 1,
        "Plan Width": 8,
        "Actual Startup Time": 1267.722,
        "Actual Total Time": 1304.413,
        "Actual Rows": 2,
        "Actual Loops": 1,
        "Workers Planned": 1,
        "Workers Launched": 1,
        "Single Copy": false,
        "Plans": [
          {
            "Node Type": "Aggregate",
            "Strategy": "Plain",
            "Partial Mode": "Partial",
            "Parent Relationship": "Outer",
            "Parallel Aware": false,
            "Startup Cost": 212059.06,
            "Total Cost": 212059.07,
            "Plan Rows": 1,
            "Plan Width": 8,
            "Actual Startup Time": 1261.035,
            "Actual Total Time": 1261.04,
            "Actual Rows": 1,
            "Actual Loops": 2,
            "Plans": [
              {
                "Node Type": "Nested Loop",
                "Parent Relationship": "Outer",
                "Parallel Aware": false,
                "Join Type": "Inner",
                "Startup Cost": 71537.83,
                "Total Cost": 212030.21,
                "Plan Rows": 11537,
                "Plan Width": 0,
                "Actual Startup Time": 248.216,
                "Actual Total Time": 1254.466,
                "Actual Rows": 94370,
                "Actual Loops": 2,
                "Inner Unique": false,
                "Plans": [
                  {
                    "Node Type": "Hash Join",
                    "Parent Relationship": "Outer",
                    "Parallel Aware": true,
                    "Join Type": "Inner",
                    "Startup Cost": 71537.39,
                    "Total Cost": 96711.79,
                    "Plan Rows": 36629,
                    "Plan Width": 8,
                    "Actual Startup Time": 248.132,
                    "Actual Total Time": 363.941,
                    "Actual Rows": 104477,
                    "Actual Loops": 2,
                    "Inner Unique": true,
                    "Hash Cond": "(mc.movie_id = t.id)",
                    "Plans": [
                      {
                        "Node Type": "Bitmap Heap Scan",
                        "Parent Relationship": "Outer",
                        "Parallel Aware": true,
                        "Relation Name": "movie_companies",
                        "Alias": "mc",
                        "Startup Cost": 14316.68,
                        "Total Cost": 38970.09,
                        "Plan Rows": 198470,
                        "Plan Width": 4,
                        "Actual Startup Time": 44.132,
                        "Actual Total Time": 99.883,
                        "Actual Rows": 324522,
                        "Actual Loops": 2,
                        "Recheck Cond": "(company_id > 49249)",
                        "Rows Removed by Index Recheck": 0,
                        "Filter": "(company_type_id > 1)",
                        "Rows Removed by Filter": 13826,
                        "Exact Heap Blocks": 7646,
                        "Lossy Heap Blocks": 0,
                        "Plans": [
                          {
                            "Node Type": "Bitmap Index Scan",
                            "Parent Relationship": "Outer",
                            "Parallel Aware": false,
                            "Index Name": "company_id_movie_companies",
                            "Startup Cost": 0.0,
                            "Total Cost": 14232.33,
                            "Plan Rows": 664520,
                            "Plan Width": 0,
                            "Actual Startup Time": 32.078,
                            "Actual Total Time": 32.078,
                            "Actual Rows": 676694,
                            "Actual Loops": 1,
                            "Index Cond": "(company_id > 49249)"
                          }
                        ]
                      },
                      {
                        "Node Type": "Hash",
                        "Parent Relationship": "Inner",
                        "Parallel Aware": true,
                        "Startup Cost": 53789.76,
                        "Total Cost": 53789.76,
                        "Plan Rows": 274476,
                        "Plan Width": 4,
                        "Actual Startup Time": 156.335,
                        "Actual Total Time": 156.337,
                        "Actual Rows": 170373,
                        "Actual Loops": 2,
                        "Hash Buckets": 524288,
                        "Original Hash Buckets": 524288,
                        "Hash Batches": 1,
                        "Original Hash Batches": 1,
                        "Peak Memory Usage": 17440,
                        "Plans": [
                          {
                            "Node Type": "Bitmap Heap Scan",
                            "Parent Relationship": "Outer",
                            "Parallel Aware": true,
                            "Relation Name": "title",
                            "Alias": "t",
                            "Startup Cost": 11939.5,
                            "Total Cost": 53789.76,
                            "Plan Rows": 274476,
                            "Plan Width": 4,
                            "Actual Startup Time": 35.882,
                            "Actual Total Time": 107.142,
                            "Actual Rows": 170373,
                            "Actual Loops": 2,
                            "Recheck Cond": "(kind_id = 1)",
                            "Rows Removed by Index Recheck": 0,
                            "Filter": "(production_year > 1989)",
                            "Rows Removed by Filter": 161040,
                            "Exact Heap Blocks": 8074,
                            "Lossy Heap Blocks": 0,
                            "Plans": [
                              {
                                "Node Type": "Bitmap Index Scan",
                                "Parent Relationship": "Outer",
                                "Parallel Aware": false,
                                "Index Name": "kind_id_title",
                                "Startup Cost": 0.0,
                                "Total Cost": 11822.85,
                                "Plan Rows": 663256,
                                "Plan Width": 0,
                                "Actual Startup Time": 34.462,
                                "Actual Total Time": 34.462,
                                "Actual Rows": 662825,
                                "Actual Loops": 1,
                                "Index Cond": "(kind_id = 1)"
                              }
                            ]
                          }
                        ]
                      }
                    ]
                  },
                  {
                    "Node Type": "Index Scan",
                    "Parent Relationship": "Inner",
                    "Parallel Aware": false,
                    "Scan Direction": "Forward",
                    "Index Name": "movie_id_movie_info",
                    "Relation Name": "movie_info",
                    "Alias": "mi",
                    "Startup Cost": 0.43,
                    "Total Cost": 3.13,
                    "Plan Rows": 2,
                    "Plan Width": 4,
                    "Actual Startup Time": 0.004,
                    "Actual Total Time": 0.008,
                    "Actual Rows": 1,
                    "Actual Loops": 208954,
                    "Index Cond": "(movie_id = t.id)",
                    "Rows Removed by Index Recheck": 0,
                    "Filter": "(info_type_id < 2)",
                    "Rows Removed by Filter": 23
                  }
                ]
              }
            ]
          }
        ]
      }
    ]
  },
  "Planning Time": 1.078,
  "Triggers": [],
  "Execution Time": 1304.546
}