[
  {
    "Plan": {
      "Node Type": "Aggregate",
      "Strategy": "Plain",
      "Partial Mode": "Finalize",
      "Parallel Aware": false,
      "Startup Cost": 138181.48,
      "Total Cost": 138181.49,
      "Plan Rows": 1,
      "Plan Width": 8,
      "Actual Startup Time": 1080.106,
      "Actual Total Time": 1112.521,
      "Actual Rows": 1,
      "Actual Loops": 1,
      "Plans": [
        {
          "Node Type": "Gather",
          "Parent Relationship": "Outer",
          "Parallel Aware": false,
          "Startup Cost": 138181.16,
          "Total Cost": 138181.47,
          "Plan Rows": 3,
          "Plan Width": 8,
          "Actual Startup Time": 1057.397,
          "Actual Total Time": 1112.508,
          "Actual Rows": 4,
          "Actual Loops": 1,
          "Workers Planned": 3,
          "Workers Launched": 3,
          "Single Copy": false,
          "Plans": [
            {
              "Node Type": "Aggregate",
              "Strategy": "Plain",
              "Partial Mode": "Partial",
              "Parent Relationship": "Outer",
              "Parallel Aware": false,
              "Startup Cost": 137181.16,
              "Total Cost": 137181.17,
              "Plan Rows": 1,
              "Plan Width": 8,
              "Actual Startup Time": 1050.363,
              "Actual Total Time": 1051.067,
              "Actual Rows": 1,
              "Actual Loops": 4,
              "Plans": [
                {
                  "Node Type": "Hash Join",
                  "Parent Relationship": "Outer",
                  "Parallel Aware": true,
                  "Join Type": "Inner",
                  "Startup Cost": 87573.62,
                  "Total Cost": 135902.69,
                  "Plan Rows": 511389,
                  "Plan Width": 0,
                  "Actual Startup Time": 709.83,
                  "Actual Total Time": 997.897,
                  "Actual Rows": 1201308,
                  "Actual Loops": 4,
                  "Inner Unique": false,
                  "Hash Cond": "(mk.movie_id = t.id)",
                  "Plans": [
                    {
                      "Node Type": "Seq Scan",
                      "Parent Relationship": "Outer",
                      "Parallel Aware": true,
                      "Relation Name": "movie_keyword",
                      "Alias": "mk",
                      "Startup Cost": 0.0,
                      "Total Cost": 42695.65,
                      "Plan Rows": 1062340,
                      "Plan Width": 4,
                      "Actual Startup Time": 0.113,
                      "Actual Total Time": 115.706,
                      "Actual Rows": 822401,
                      "Actual Loops": 4,
                      "Filter": "(keyword_id > 1559)",
                      "Rows Removed by Filter": 308581
                    },
                    {
                      "Node Type": "Hash",
                      "Parent Relationship": "Inner",
                      "Parallel Aware": true,
                      "Startup Cost": 82665.84,
                      "Total Cost": 82665.84,
                      "Plan Rows": 392623,
                      "Plan Width": 8,
                      "Actual Startup Time": 704.62,
                      "Actual Total Time": 705.322,
                      "Actual Rows": 277524,
                      "Actual Loops": 4,
                      "Hash Buckets": 2097152,
                      "Original Hash Buckets": 2097152,
                      "Hash Batches": 1,
                      "Original Hash Batches": 1,
                      "Peak Memory Usage": 59872,
                      "Plans": [
                        {
                          "Node Type": "Hash Join",
                          "Parent Relationship": "Outer",
                          "Parallel Aware": true,
                          "Join Type": "Inner",
                          "Startup Cost": 50220.38,
                          "Total Cost": 82665.84,
                          "Plan Rows": 392623,
                          "Plan Width": 8,
                          "Actual Startup Time": 436.57,
                          "Actual Total Time": 602.539,
                          "Actual Rows": 277524,
                          "Actual Loops": 4,
                          "Inner Unique": true,
                          "Hash Cond": "(mc.movie_id = t.id)",
                          "Plans": [
                            {
                              "Node Type": "Seq Scan",
                              "Parent Relationship": "Outer",
                              "Parallel Aware": true,
                              "Relation Name": "movie_companies",
                              "Alias": "mc",
                              "Startup Cost": 0.0,
                              "Total Cost": 31414.82,
                              "Plan Rows": 392623,
                              "Plan Width": 4,
                              "Actual Startup Time": 39.578,
                              "Actual Total Time": 84.288,
                              "Actual Rows": 277524,
                              "Actual Loops": 4,
                              "Filter": "((company_id < 106720) AND (company_type_id > 1))",
                              "Rows Removed by Filter": 374758
                            },
                            {
                              "Node Type": "Hash",
                              "Parent Relationship": "Inner",
                              "Parallel Aware": true,
                              "Startup Cost": 42319.06,
                              "Total Cost": 42319.06,
                              "Plan Rows": 632106,
                              "Plan Width": 4,
                              "Actual Startup Time": 389.256,
                              "Actual Total Time": 389.257,
                              "Actual Rows": 632078,
                              "Actual Loops": 4,
                              "Hash Buckets": 4194304,
                              "Original Hash Buckets": 4194304,
                              "Hash Batches": 1,
                              "Original Hash Batches": 1,
                              "Peak Memory Usage": 131744,
                              "Plans": [
                                {
                                  "Node Type": "Seq Scan",
                                  "Parent Relationship": "Outer",
                                  "Parallel Aware": true,
                                  "Relation Name": "title",
                                  "Alias": "t",
                                  "Startup Cost": 0.0,
                                  "Total Cost": 42319.06,
                                  "Plan Rows": 632106,
                                  "Plan Width": 4,
                                  "Actual Startup Time": 0.056,
                                  "Actual Total Time": 110.157,
                                  "Actual Rows": 632078,
                                  "Actual Loops": 4
                                }
                              ]
                            }
                          ]
                        }
                      ]
                    }
                  ]
                }
              ]
            }
          ]
        }
      ]
    },
    "Planning Time": 0.562,
    "Triggers": [],
    "Execution Time": 1112.57
  }
]