[
  {
    "Plan": {
      "Node Type": "Aggregate",
      "Strategy": "Plain",
      "Partial Mode": "Simple",
      "Parallel Aware": false,
      "Startup Cost": 3791.17,
      "Total Cost": 3791.18,
      "Plan Rows": 1,
      "Plan Width": 8,
      "Actual Startup Time": 190.192,
      "Actual Total Time": 190.201,
      "Actual Rows": 1,
      "Actual Loops": 1,
      "Plans": [
        {
          "Node Type": "Nested Loop",
          "Parent Relationship": "Outer",
          "Parallel Aware": false,
          "Join Type": "Inner",
          "Startup Cost": 15.21,
          "Total Cost": 3791.17,
          "Plan Rows": 1,
          "Plan Width": 0,
          "Actual Startup Time": 41.784,
          "Actual Total Time": 190.193,
          "Actual Rows": 15,
          "Actual Loops": 1,
          "Inner Unique": true,
          "Plans": [
            {
              "Node Type": "Nested Loop",
              "Parent Relationship": "Outer",
              "Parallel Aware": false,
              "Join Type": "Inner",
              "Startup Cost": 14.79,
              "Total Cost": 3790.73,
              "Plan Rows": 1,
              "Plan Width": 4,
              "Actual Startup Time": 41.744,
              "Actual Total Time": 189.684,
              "Actual Rows": 66,
              "Actual Loops": 1,
              "Inner Unique": false,
              "Join Filter": "(t.id = mc.movie_id)",
              "Rows Removed by Join Filter": 0,
              "Plans": [
                {
                  "Node Type": "Nested Loop",
                  "Parent Relationship": "Outer",
                  "Parallel Aware": false,
                  "Join Type": "Inner",
                  "Startup Cost": 14.36,
                  "Total Cost": 3790.12,
                  "Plan Rows": 1,
                  "Plan Width": 20,
                  "Actual Startup Time": 41.705,
                  "Actual Total Time": 189.605,
                  "Actual Rows": 3,
                  "Actual Loops": 1,
                  "Inner Unique": true,
                  "Plans": [
                    {
                      "Node Type": "Nested Loop",
                      "Parent Relationship": "Outer",
                      "Parallel Aware": false,
                      "Join Type": "Inner",
                      "Startup Cost": 13.93,
                      "Total Cost": 3789.19,
                      "Plan Rows": 1,
                      "Plan Width": 24,
                      "Actual Startup Time": 41.626,
                      "Actual Total Time": 189.518,
                      "Actual Rows": 3,
                      "Actual Loops": 1,
                      "Inner Unique": true,
                      "Join Filter": "(pi.info_type_id = it3.id)",
                      "Rows Removed by Join Filter": 486,
                      "Plans": [
                        {
                          "Node Type": "Nested Loop",
                          "Parent Relationship": "Outer",
                          "Parallel Aware": false,
                          "Join Type": "Inner",
                          "Startup Cost": 13.93,
                          "Total Cost": 3786.76,
                          "Plan Rows": 1,
                          "Plan Width": 28,
                          "Actual Startup Time": 13.713,
                          "Actual Total Time": 185.504,
                          "Actual Rows": 489,
                          "Actual Loops": 1,
                          "Inner Unique": true,
                          "Join Filter": "(ci.person_id = n.id)",
                          "Rows Removed by Join Filter": 0,
                          "Plans": [
                            {
                              "Node Type": "Nested Loop",
                              "Parent Relationship": "Outer",
                              "Parallel Aware": false,
                              "Join Type": "Inner",
                              "Startup Cost": 13.5,
                              "Total Cost": 3786.2,
                              "Plan Rows": 1,
                              "Plan Width": 40,
                              "Actual Startup Time": 13.651,
                              "Actual Total Time": 179.778,
                              "Actual Rows": 2055,
                              "Actual Loops": 1,
                              "Inner Unique": true,
                              "Join Filter": "(mi.info_type_id = it.id)",
                              "Rows Removed by Join Filter": 0,
                              "Plans": [
                                {
                                  "Node Type": "Nested Loop",
                                  "Parent Relationship": "Outer",
                                  "Parallel Aware": false,
                                  "Join Type": "Inner",
                                  "Startup Cost": 13.5,
                                  "Total Cost": 3783.78,
                                  "Plan Rows": 1,
                                  "Plan Width": 44,
                                  "Actual Startup Time": 13.641,
                                  "Actual Total Time": 170.608,
                                  "Actual Rows": 2055,
                                  "Actual Loops": 1,
                                  "Inner Unique": false,
                                  "Join Filter": "(t.id = mi.movie_id)",
                                  "Rows Removed by Join Filter": 0,
                                  "Plans": [
                                    {
                                      "Node Type": "Nested Loop",
                                      "Parent Relationship": "Outer",
                                      "Parallel Aware": false,
                                      "Join Type": "Inner",
                                      "Startup Cost": 13.07,
                                      "Total Cost": 3782.32,
                                      "Plan Rows": 1,
                                      "Plan Width": 36,
                                      "Actual Startup Time": 13.473,
                                      "Actual Total Time": 33.303,
                                      "Actual Rows": 2055,
                                      "Actual Loops": 1,
                                      "Inner Unique": false,
                                      "Join Filter": "(ci.person_id = an.person_id)",
                                      "Rows Removed by Join Filter": 0,
                                      "Plans": [
                                        {
                                          "Node Type": "Nested Loop",
                                          "Parent Relationship": "Outer",
                                          "Parallel Aware": false,
                                          "Join Type": "Inner",
                                          "Startup Cost": 12.64,
                                          "Total Cost": 3781.81,
                                          "Plan Rows": 1,
                                          "Plan Width": 32,
                                          "Actual Startup Time": 13.41,
                                          "Actual Total Time": 30.408,
                                          "Actual Rows": 708,
                                          "Actual Loops": 1,
                                          "Inner Unique": true,
                                          "Join Filter": "(ci.role_id = rt.id)",
                                          "Rows Removed by Join Filter": 959,
                                          "Plans": [
                                            {
                                              "Node Type": "Nested Loop",
                                              "Parent Relationship": "Outer",
                                              "Parallel Aware": false,
                                              "Join Type": "Inner",
                                              "Startup Cost": 12.64,
                                              "Total Cost": 3780.65,
                                              "Plan Rows": 1,
                                              "Plan Width": 36,
                                              "Actual Startup Time": 9.348,
                                              "Actual Total Time": 25.805,
                                              "Actual Rows": 1667,
                                              "Actual Loops": 1,
                                              "Inner Unique": false,
                                              "Plans": [
                                                {
                                                  "Node Type": "Nested Loop",
                                                  "Parent Relationship": "Outer",
                                                  "Parallel Aware": false,
                                                  "Join Type": "Inner",
                                                  "Startup Cost": 12.21,
                                                  "Total Cost": 3779.21,
                                                  "Plan Rows": 1,
                                                  "Plan Width": 28,
                                                  "Actual Startup Time": 9.288,
                                                  "Actual Total Time": 23.786,
                                                  "Actual Rows": 38,
                                                  "Actual Loops": 1,
                                                  "Inner Unique": false,
                                                  "Join Filter": "(t.id = ci.movie_id)",
                                                  "Rows Removed by Join Filter": 0,
                                                  "Plans": [
                                                    {
                                                      "Node Type": "Nested Loop",
                                                      "Parent Relationship": "Outer",
                                                      "Parallel Aware": false,
                                                      "Join Type": "Inner",
                                                      "Startup Cost": 11.65,
                                                      "Total Cost": 3777.55,
                                                      "Plan Rows": 1,
                                                      "Plan Width": 12,
                                                      "Actual Startup Time": 9.217,
                                                      "Actual Total Time": 21.278,
                                                      "Actual Rows": 1,
                                                      "Actual Loops": 1,
                                                      "Inner Unique": true,
                                                      "Join Filter": "(cc.status_id = cct2.id)",
                                                      "Rows Removed by Join Filter": 0,
                                                      "Plans": [
                                                        {
                                                          "Node Type": "Nested Loop",
                                                          "Parent Relationship": "Outer",
                                                          "Parallel Aware": false,
                                                          "Join Type": "Inner",
                                                          "Startup Cost": 11.65,
                                                          "Total Cost": 3776.49,
                                                          "Plan Rows": 1,
                                                          "Plan Width": 16,
                                                          "Actual Startup Time": 9.213,
                                                          "Actual Total Time": 21.273,
                                                          "Actual Rows": 1,
                                                          "Actual Loops": 1,
                                                          "Inner Unique": true,
                                                          "Join Filter": "(cc.subject_id = cct1.id)",
                                                          "Rows Removed by Join Filter": 0,
                                                          "Plans": [
                                                            {
                                                              "Node Type": "Nested Loop",
                                                              "Parent Relationship": "Outer",
                                                              "Parallel Aware": false,
                                                              "Join Type": "Inner",
                                                              "Startup Cost": 11.65,
                                                              "Total Cost": 3775.43,
                                                              "Plan Rows": 1,
                                                              "Plan Width": 20,
                                                              "Actual Startup Time": 9.204,
                                                              "Actual Total Time": 21.263,
                                                              "Actual Rows": 1,
                                                              "Actual Loops": 1,
                                                              "Inner Unique": false,
                                                              "Join Filter": "(t.id = cc.movie_id)",
                                                              "Rows Removed by Join Filter": 0,
                                                              "Plans": [
                                                                {
                                                                  "Node Type": "Nested Loop",
                                                                  "Parent Relationship": "Outer",
                                                                  "Parallel Aware": false,
                                                                  "Join Type": "Inner",
                                                                  "Startup Cost": 11.23,
                                                                  "Total Cost": 3774.95,
                                                                  "Plan Rows": 1,
                                                                  "Plan Width": 8,
                                                                  "Actual Startup Time": 9.135,
                                                                  "Actual Total Time": 21.192,
                                                                  "Actual Rows": 1,
                                                                  "Actual Loops": 1,
                                                                  "Inner Unique": true,
                                                                  "Plans": [
                                                                    {
                                                                      "Node Type": "Nested Loop",
                                                                      "Parent Relationship": "Outer",
                                                                      "Parallel Aware": false,
                                                                      "Join Type": "Inner",
                                                                      "Startup Cost": 10.8,
                                                                      "Total Cost": 3758.1,
                                                                      "Plan Rows": 34,
                                                                      "Plan Width": 4,
                                                                      "Actual Startup Time": 0.23,
                                                                      "Actual Total Time": 13.375,
                                                                      "Actual Rows": 414,
                                                                      "Actual Loops": 1,
                                                                      "Inner Unique": false,
                                                                      "Plans": [
                                                                        {
                                                                          "Node Type": "Seq Scan",
                                                                          "Parent Relationship": "Outer",
                                                                          "Parallel Aware": false,
                                                                          "Relation Name": "keyword",
                                                                          "Alias": "k",
                                                                          "Startup Cost": 0.0,
                                                                          "Total Cost": 2626.12,
                                                                          "Plan Rows": 1,
                                                                          "Plan Width": 4,
                                                                          "Actual Startup Time": 0.06,
                                                                          "Actual Total Time": 9.905,
                                                                          "Actual Rows": 1,
                                                                          "Actual Loops": 1,
                                                                          "Filter": "(keyword = 'computer-animation'::text)",
                                                                          "Rows Removed by Filter": 134169
                                                                        },
                                                                        {
                                                                          "Node Type": "Bitmap Heap Scan",
                                                                          "Parent Relationship": "Inner",
                                                                          "Parallel Aware": false,
                                                                          "Relation Name": "movie_keyword",
                                                                          "Alias": "mk",
                                                                          "Startup Cost": 10.8,
                                                                          "Total Cost": 1128.92,
                                                                          "Plan Rows": 305,
                                                                          "Plan Width": 8,
                                                                          "Actual Startup Time": 0.166,
                                                                          "Actual Total Time": 3.374,
                                                                          "Actual Rows": 414,
                                                                          "Actual Loops": 1,
                                                                          "Recheck Cond": "(keyword_id = k.id)",
                                                                          "Rows Removed by Index Recheck": 0,
                                                                          "Exact Heap Blocks": 358,
                                                                          "Lossy Heap Blocks": 0,
                                                                          "Plans": [
                                                                            {
                                                                              "Node Type": "Bitmap Index Scan",
                                                                              "Parent Relationship": "Outer",
                                                                              "Parallel Aware": false,
                                                                              "Index Name": "keyword_id_movie_keyword",
                                                                              "Startup Cost": 0.0,
                                                                              "Total Cost": 10.72,
                                                                              "Plan Rows": 305,
                                                                              "Plan Width": 0,
                                                                              "Actual Startup Time": 0.125,
                                                                              "Actual Total Time": 0.126,
                                                                              "Actual Rows": 414,
                                                                              "Actual Loops": 1,
                                                                              "Index Cond": "(keyword_id = k.id)"
                                                                            }
                                                                          ]
                                                                        }
                                                                      ]
                                                                    },
                                                                    {
                                                                      "Node Type": "Index Scan",
                                                                      "Parent Relationship": "Inner",
                                                                      "Parallel Aware": false,
                                                                      "Scan Direction": "Forward",
                                                                      "Index Name": "title_pkey",
                                                                      "Relation Name": "title",
                                                                      "Alias": "t",
                                                                      "Startup Cost": 0.43,
                                                                      "Total Cost": 0.49,
                                                                      "Plan Rows": 1,
                                                                      "Plan Width": 4,
                                                                      "Actual Startup Time": 0.018,
                                                                      "Actual Total Time": 0.018,
                                                                      "Actual Rows": 0,
                                                                      "Actual Loops": 414,
                                                                      "Index Cond": "(id = mk.movie_id)",
                                                                      "Rows Removed by Index Recheck": 0,
                                                                      "Filter": "((production_year >= 1996) AND (production_year <= 2005) AND (title = 'Shrek 2'::text))",
                                                                      "Rows Removed by Filter": 1
                                                                    }
                                                                  ]
                                                                },
                                                                {
                                                                  "Node Type": "Index Scan",
                                                                  "Parent Relationship": "Inner",
                                                                  "Parallel Aware": false,
                                                                  "Scan Direction": "Forward",
                                                                  "Index Name": "movie_id_complete_cast",
                                                                  "Relation Name": "complete_cast",
                                                                  "Alias": "cc",
                                                                  "Startup Cost": 0.42,
                                                                  "Total Cost": 0.46,
                                                                  "Plan Rows": 2,
                                                                  "Plan Width": 12,
                                                                  "Actual Startup Time": 0.066,
                                                                  "Actual Total Time": 0.068,
                                                                  "Actual Rows": 1,
                                                                  "Actual Loops": 1,
                                                                  "Index Cond": "(movie_id = mk.movie_id)",
                                                                  "Rows Removed by Index Recheck": 0
                                                                }
                                                              ]
                                                            },
                                                            {
                                                              "Node Type": "Seq Scan",
                                                              "Parent Relationship": "Inner",
                                                              "Parallel Aware": false,
                                                              "Relation Name": "comp_cast_type",
                                                              "Alias": "cct1",
                                                              "Startup Cost": 0.0,
                                                              "Total Cost": 1.05,
                                                              "Plan Rows": 1,
                                                              "Plan Width": 4,
                                                              "Actual Startup Time": 0.007,
                                                              "Actual Total Time": 0.008,
                                                              "Actual Rows": 1,
                                                              "Actual Loops": 1,
                                                              "Filter": "((kind)::text = 'cast'::text)",
                                                              "Rows Removed by Filter": 0
                                                            }
                                                          ]
                                                        },
                                                        {
                                                          "Node Type": "Seq Scan",
                                                          "Parent Relationship": "Inner",
                                                          "Parallel Aware": false,
                                                          "Relation Name": "comp_cast_type",
                                                          "Alias": "cct2",
                                                          "Startup Cost": 0.0,
                                                          "Total Cost": 1.05,
                                                          "Plan Rows": 1,
                                                          "Plan Width": 4,
                                                          "Actual Startup Time": 0.002,
                                                          "Actual Total Time": 0.003,
                                                          "Actual Rows": 1,
                                                          "Actual Loops": 1,
                                                          "Filter": "((kind)::text = 'complete+verified'::text)",
                                                          "Rows Removed by Filter": 3
                                                        }
                                                      ]
                                                    },
                                                    {
                                                      "Node Type": "Index Scan",
                                                      "Parent Relationship": "Inner",
                                                      "Parallel Aware": false,
                                                      "Scan Direction": "Forward",
                                                      "Index Name": "movie_id_cast_info",
                                                      "Relation Name": "cast_info",
                                                      "Alias": "ci",
                                                      "Startup Cost": 0.56,
                                                      "Total Cost": 1.65,
                                                      "Plan Rows": 1,
                                                      "Plan Width": 16,
                                                      "Actual Startup Time": 0.07,
                                                      "Actual Total Time": 2.496,
                                                      "Actual Rows": 38,
                                                      "Actual Loops": 1,
                                                      "Index Cond": "(movie_id = mk.movie_id)",
                                                      "Rows Removed by Index Recheck": 0,
                                                      "Filter": "(note = ANY ('{(voice),\"(voice) (uncredited)\",\"(voice: English version)\"}'::text[]))",
                                                      "Rows Removed by Filter": 191
                                                    }
                                                  ]
                                                },
                                                {
                                                  "Node Type": "Index Scan",
                                                  "Parent Relationship": "Inner",
                                                  "Parallel Aware": false,
                                                  "Scan Direction": "Forward",
                                                  "Index Name": "person_id_person_info",
                                                  "Relation Name": "person_info",
                                                  "Alias": "pi",
                                                  "Startup Cost": 0.43,
                                                  "Total Cost": 1.19,
                                                  "Plan Rows": 25,
                                                  "Plan Width": 8,
                                                  "Actual Startup Time": 0.03,
                                                  "Actual Total Time": 0.047,
                                                  "Actual Rows": 44,
                                                  "Actual Loops": 38,
                                                  "Index Cond": "(person_id = ci.person_id)",
                                                  "Rows Removed by Index Recheck": 0
                                                }
                                              ]
                                            },
                                            {
                                              "Node Type": "Seq Scan",
                                              "Parent Relationship": "Inner",
                                              "Parallel Aware": false,
                                              "Relation Name": "role_type",
                                              "Alias": "rt",
                                              "Startup Cost": 0.0,
                                              "Total Cost": 1.15,
                                              "Plan Rows": 1,
                                              "Plan Width": 4,
                                              "Actual Startup Time": 0.001,
                                              "Actual Total Time": 0.001,
                                              "Actual Rows": 1,
                                              "Actual Loops": 1667,
                                              "Filter": "((role)::text = 'actress'::text)",
                                              "Rows Removed by Filter": 7
                                            }
                                          ]
                                        },
                                        {
                                          "Node Type": "Index Only Scan",
                                          "Parent Relationship": "Inner",
                                          "Parallel Aware": false,
                                          "Scan Direction": "Forward",
                                          "Index Name": "person_id_aka_name",
                                          "Relation Name": "aka_name",
                                          "Alias": "an",
                                          "Startup Cost": 0.42,
                                          "Total Cost": 0.48,
                                          "Plan Rows": 2,
                                          "Plan Width": 4,
                                          "Actual Startup Time": 0.002,
                                          "Actual Total Time": 0.003,
                                          "Actual Rows": 3,
                                          "Actual Loops": 708,
                                          "Index Cond": "(person_id = pi.person_id)",
                                          "Rows Removed by Index Recheck": 0,
                                          "Heap Fetches": 2055
                                        }
                                      ]
                                    },
                                    {
                                      "Node Type": "Index Scan",
                                      "Parent Relationship": "Inner",
                                      "Parallel Aware": false,
                                      "Scan Direction": "Forward",
                                      "Index Name": "movie_id_movie_info",
                                      "Relation Name": "movie_info",
                                      "Alias": "mi",
                                      "Startup Cost": 0.43,
                                      "Total Cost": 1.45,
                                      "Plan Rows": 1,
                                      "Plan Width": 8,
                                      "Actual Startup Time": 0.009,
                                      "Actual Total Time": 0.066,
                                      "Actual Rows": 1,
                                      "Actual Loops": 2055,
                                      "Index Cond": "(movie_id = mk.movie_id)",
                                      "Rows Removed by Index Recheck": 0,
                                      "Filter": "(info ~~ 'USA:%200%'::text)",
                                      "Rows Removed by Filter": 456
                                    }
                                  ]
                                },
                                {
                                  "Node Type": "Seq Scan",
                                  "Parent Relationship": "Inner",
                                  "Parallel Aware": false,
                                  "Relation Name": "info_type",
                                  "Alias": "it",
                                  "Startup Cost": 0.0,
                                  "Total Cost": 2.41,
                                  "Plan Rows": 1,
                                  "Plan Width": 4,
                                  "Actual Startup Time": 0.003,
                                  "Actual Total Time": 0.003,
                                  "Actual Rows": 1,
                                  "Actual Loops": 2055,
                                  "Filter": "((info)::text = 'release dates'::text)",
                                  "Rows Removed by Filter": 15
                                }
                              ]
                            },
                            {
                              "Node Type": "Index Scan",
                              "Parent Relationship": "Inner",
                              "Parallel Aware": false,
                              "Scan Direction": "Forward",
                              "Index Name": "name_pkey",
                              "Relation Name": "name",
                              "Alias": "n",
                              "Startup Cost": 0.43,
                              "Total Cost": 0.55,
                              "Plan Rows": 1,
                              "Plan Width": 4,
                              "Actual Startup Time": 0.002,
                              "Actual Total Time": 0.002,
                              "Actual Rows": 0,
                              "Actual Loops": 2055,
                              "Index Cond": "(id = pi.person_id)",
                              "Rows Removed by Index Recheck": 0,
                              "Filter": "((name ~~ '%An%'::text) AND ((gender)::text = 'f'::text))",
                              "Rows Removed by Filter": 1
                            }
                          ]
                        },
                        {
                          "Node Type": "Seq Scan",
                          "Parent Relationship": "Inner",
                          "Parallel Aware": false,
                          "Relation Name": "info_type",
                          "Alias": "it3",
                          "Startup Cost": 0.0,
                          "Total Cost": 2.41,
                          "Plan Rows": 1,
                          "Plan Width": 4,
                          "Actual Startup Time": 0.003,
                          "Actual Total Time": 0.007,
                          "Actual Rows": 1,
                          "Actual Loops": 489,
                          "Filter": "((info)::text = 'height'::text)",
                          "Rows Removed by Filter": 111
                        }
                      ]
                    },
                    {
                      "Node Type": "Index Scan",
                      "Parent Relationship": "Inner",
                      "Parallel Aware": false,
                      "Scan Direction": "Forward",
                      "Index Name": "char_name_pkey",
                      "Relation Name": "char_name",
                      "Alias": "chn",
                      "Startup Cost": 0.43,
                      "Total Cost": 0.68,
                      "Plan Rows": 1,
                      "Plan Width": 4,
                      "Actual Startup Time": 0.028,
                      "Actual Total Time": 0.028,
                      "Actual Rows": 1,
                      "Actual Loops": 3,
                      "Index Cond": "(id = ci.person_role_id)",
                      "Rows Removed by Index Recheck": 0,
                      "Filter": "(name = 'Queen'::text)",
                      "Rows Removed by Filter": 0
                    }
                  ]
                },
                {
                  "Node Type": "Index Scan",
                  "Parent Relationship": "Inner",
                  "Parallel Aware": false,
                  "Scan Direction": "Forward",
                  "Index Name": "movie_id_movie_companies",
                  "Relation Name": "movie_companies",
                  "Alias": "mc",
                  "Startup Cost": 0.43,
                  "Total Cost": 0.54,
                  "Plan Rows": 5,
                  "Plan Width": 8,
                  "Actual Startup Time": 0.014,
                  "Actual Total Time": 0.023,
                  "Actual Rows": 22,
                  "Actual Loops": 3,
                  "Index Cond": "(movie_id = mk.movie_id)",
                  "Rows Removed by Index Recheck": 0
                }
              ]
            },
            {
              "Node Type": "Index Scan",
              "Parent Relationship": "Inner",
              "Parallel Aware": false,
              "Scan Direction": "Forward",
              "Index Name": "company_name_pkey",
              "Relation Name": "company_name",
              "Alias": "cn",
              "Startup Cost": 0.42,
              "Total Cost": 0.45,
              "Plan Rows": 1,
              "Plan Width": 4,
              "Actual Startup Time": 0.007,
              "Actual Total Time": 0.007,
              "Actual Rows": 0,
              "Actual Loops": 66,
              "Index Cond": "(id = mc.company_id)",
              "Rows Removed by Index Recheck": 0,
              "Filter": "((country_code)::text = '[us]'::text)",
              "Rows Removed by Filter": 1
            }
          ]
        }
      ]
    },
    "Planning Time": 3961.895,
    "Triggers": [],
    "Execution Time": 190.618
  }
]