[
  {
    "Plan": {
      "Node Type": "Aggregate",
      "Strategy": "Plain",
      "Partial Mode": "Finalize",
      "Parallel Aware": false,
      "Startup Cost": 44429.98,
      "Total Cost": 44429.99,
      "Plan Rows": 1,
      "Plan Width": 8,
      "Actual Startup Time": 141.465,
      "Actual Total Time": 152.137,
      "Actual Rows": 1,
      "Actual Loops": 1,
      "Plans": [
        {
          "Node Type": "Gather",
          "Parent Relationship": "Outer",
          "Parallel Aware": false,
          "Startup Cost": 44429.67,
          "Total Cost": 44429.98,
          "Plan Rows": 3,
          "Plan Width": 8,
          "Actual Startup Time": 141.34,
          "Actual Total Time": 152.125,
          "Actual Rows": 4,
          "Actual Loops": 1,
          "Workers Planned": 3,
          "Workers Launched": 3,
          "Single Copy": false,
          "Plans": [
            {
              "Node Type": "Aggregate",
              "Strategy": "Plain",
              "Partial Mode": "Partial",
              "Parent Relationship": "Outer",
              "Parallel Aware": false,
              "Startup Cost": 43429.67,
              "Total Cost": 43429.68,
              "Plan Rows": 1,
              "Plan Width": 8,
              "Actual Startup Time": 134.797,
              "Actual Total Time": 134.799,
              "Actual Rows": 1,
              "Actual Loops": 4,
              "Plans": [
                {
                  "Node Type": "Seq Scan",
                  "Parent Relationship": "Outer",
                  "Parallel Aware": true,
                  "Relation Name": "movie_keyword",
                  "Alias": "mk",
                  "Startup Cost": 0.0,
                  "Total Cost": 42695.65,
                  "Plan Rows": 293605,
                  "Plan Width": 0,
                  "Actual Startup Time": 0.052,
                  "Actual Total Time": 121.367,
                  "Actual Rows": 230083,
                  "Actual Loops": 4,
                  "Filter": "(keyword_id < 870)",
                  "Rows Removed by Filter": 900900
                }
              ]
            }
          ]
        }
      ]
    },
    "Planning Time": 0.092,
    "Triggers": [],
    "Execution Time": 152.168
  }
]