[
  {
    "Plan": {
      "Node Type": "Aggregate",
      "Strategy": "Plain",
      "Partial Mode": "Finalize",
      "Parallel Aware": false,
      "Startup Cost": 44429.48,
      "Total Cost": 44429.49,
      "Plan Rows": 1,
      "Plan Width": 8,
      "Actual Startup Time": 128.222,
      "Actual Total Time": 137.899,
      "Actual Rows": 1,
      "Actual Loops": 1,
      "Plans": [
        {
          "Node Type": "Gather",
          "Parent Relationship": "Outer",
          "Parallel Aware": false,
          "Startup Cost": 44429.16,
          "Total Cost": 44429.47,
          "Plan Rows": 3,
          "Plan Width": 8,
          "Actual Startup Time": 128.108,
          "Actual Total Time": 137.888,
          "Actual Rows": 4,
          "Actual Loops": 1,
          "Workers Planned": 3,
          "Workers Launched": 3,
          "Single Copy": false,
          "Plans": [
            {
              "Node Type": "Aggregate",
              "Strategy": "Plain",
              "Partial Mode": "Partial",
              "Parent Relationship": "Outer",
              "Parallel Aware": false,
              "Startup Cost": 43429.16,
              "Total Cost": 43429.17,
              "Plan Rows": 1,
              "Plan Width": 8,
              "Actual Startup Time": 121.86,
              "Actual Total Time": 121.861,
              "Actual Rows": 1,
              "Actual Loops": 4,
              "Plans": [
                {
                  "Node Type": "Seq Scan",
                  "Parent Relationship": "Outer",
                  "Parallel Aware": true,
                  "Relation Name": "movie_keyword",
                  "Alias": "mk",
                  "Startup Cost": 0.0,
                  "Total Cost": 42695.65,
                  "Plan Rows": 293403,
                  "Plan Width": 0,
                  "Actual Startup Time": 0.051,
                  "Actual Total Time": 109.239,
                  "Actual Rows": 230083,
                  "Actual Loops": 4,
                  "Filter": "(keyword_id < 870)",
                  "Rows Removed by Filter": 900900
                }
              ]
            }
          ]
        }
      ]
    },
    "Planning Time": 0.183,
    "Triggers": [],
    "Execution Time": 137.989
  }
]