[
  {
    "Plan": {
      "Node Type": "Aggregate",
      "Strategy": "Plain",
      "Partial Mode": "Finalize",
      "Parallel Aware": false,
      "Startup Cost": 229995.34,
      "Total Cost": 229995.35,
      "Plan Rows": 1,
      "Plan Width": 8,
      "Actual Startup Time": 157.24,
      "Actual Total Time": 182.116,
      "Actual Rows": 1,
      "Actual Loops": 1,
      "Plans": [
        {
          "Node Type": "Gather",
          "Parent Relationship": "Outer",
          "Parallel Aware": false,
          "Startup Cost": 229994.92,
          "Total Cost": 229995.33,
          "Plan Rows": 4,
          "Plan Width": 8,
          "Actual Startup Time": 157.131,
          "Actual Total Time": 182.109,
          "Actual Rows": 5,
          "Actual Loops": 1,
          "Workers Planned": 4,
          "Workers Launched": 4,
          "Single Copy": false,
          "Plans": [
            {
              "Node Type": "Aggregate",
              "Strategy": "Plain",
              "Partial Mode": "Partial",
              "Parent Relationship": "Outer",
              "Parallel Aware": false,
              "Startup Cost": 228994.92,
              "Total Cost": 228994.93,
              "Plan Rows": 1,
              "Plan Width": 8,
              "Actual Startup Time": 148.266,
              "Actual Total Time": 148.268,
              "Actual Rows": 1,
              "Actual Loops": 5,
              "Plans": [
                {
                  "Node Type": "Nested Loop",
                  "Parent Relationship": "Outer",
                  "Parallel Aware": false,
                  "Join Type": "Inner",
                  "Startup Cost": 0.43,
                  "Total Cost": 228964.57,
                  "Plan Rows": 12137,
                  "Plan Width": 0,
                  "Actual Startup Time": 0.543,
                  "Actual Total Time": 147.391,
                  "Actual Rows": 9436,
                  "Actual Loops": 5,
                  "Inner Unique": false,
                  "Plans": [
                    {
                      "Node Type": "Seq Scan",
                      "Parent Relationship": "Outer",
                      "Parallel Aware": true,
                      "Relation Name": "title",
                      "Alias": "t",
                      "Startup Cost": 0.0,
                      "Total Cost": 43898.92,
                      "Plan Rows": 5267,
                      "Plan Width": 4,
                      "Actual Startup Time": 0.113,
                      "Actual Total Time": 70.339,
                      "Actual Rows": 3888,
                      "Actual Loops": 5,
                      "Filter": "(production_year = 1986)",
                      "Rows Removed by Filter": 501774
                    },
                    {
                      "Node Type": "Index Scan",
                      "Parent Relationship": "Inner",
                      "Parallel Aware": false,
                      "Scan Direction": "Forward",
                      "Index Name": "movie_id_movie_info",
                      "Relation Name": "movie_info",
                      "Alias": "mi",
                      "Startup Cost": 0.43,
                      "Total Cost": 34.97,
                      "Plan Rows": 17,
                      "Plan Width": 4,
                      "Actual Startup Time": 0.01,
                      "Actual Total Time": 0.019,
                      "Actual Rows": 2,
                      "Actual Loops": 19440,
                      "Index Cond": "(movie_id = t.id)",
                      "Rows Removed by Index Recheck": 0,
                      "Filter": "(info_type_id < 7)",
                      "Rows Removed by Filter": 4
                    }
                  ]
                }
              ]
            }
          ]
        }
      ]
    },
    "Planning Time": 0.608,
    "Triggers": [],
    "Execution Time": 182.189
  }
]