[
  {
    "Plan": {
      "Node Type": "Aggregate",
      "Strategy": "Plain",
      "Partial Mode": "Finalize",
      "Parallel Aware": false,
      "Startup Cost": 31035.12,
      "Total Cost": 31035.13,
      "Plan Rows": 1,
      "Plan Width": 8,
      "Actual Startup Time": 96.302,
      "Actual Total Time": 104.157,
      "Actual Rows": 1,
      "Actual Loops": 1,
      "Plans": [
        {
          "Node Type": "Gather",
          "Parent Relationship": "Outer",
          "Parallel Aware": false,
          "Startup Cost": 31034.81,
          "Total Cost": 31035.12,
          "Plan Rows": 3,
          "Plan Width": 8,
          "Actual Startup Time": 96.218,
          "Actual Total Time": 104.148,
          "Actual Rows": 4,
          "Actual Loops": 1,
          "Workers Planned": 3,
          "Workers Launched": 3,
          "Single Copy": false,
          "Plans": [
            {
              "Node Type": "Aggregate",
              "Strategy": "Plain",
              "Partial Mode": "Partial",
              "Parent Relationship": "Outer",
              "Parallel Aware": false,
              "Startup Cost": 30034.81,
              "Total Cost": 30034.82,
              "Plan Rows": 1,
              "Plan Width": 8,
              "Actual Startup Time": 89.619,
              "Actual Total Time": 89.62,
              "Actual Rows": 1,
              "Actual Loops": 4,
              "Plans": [
                {
                  "Node Type": "Seq Scan",
                  "Parent Relationship": "Outer",
                  "Parallel Aware": true,
                  "Relation Name": "movie_companies",
                  "Alias": "mc",
                  "Startup Cost": 0.0,
                  "Total Cost": 29310.68,
                  "Plan Rows": 289650,
                  "Plan Width": 0,
                  "Actual Startup Time": 24.581,
                  "Actual Total Time": 80.01,
                  "Actual Rows": 227744,
                  "Actual Loops": 4,
                  "Filter": "(company_id > 20743)",
                  "Rows Removed by Filter": 424539
                }
              ]
            }
          ]
        }
      ]
    },
    "Planning Time": 0.177,
    "Triggers": [],
    "Execution Time": 104.212
  }
]