[
  {
    "Plan": {
      "Node Type": "Aggregate",
      "Strategy": "Plain",
      "Partial Mode": "Finalize",
      "Parallel Aware": false,
      "Startup Cost": 338773.78,
      "Total Cost": 338773.79,
      "Plan Rows": 1,
      "Plan Width": 8,
      "Actual Startup Time": 785.187,
      "Actual Total Time": 833.456,
      "Actual Rows": 1,
      "Actual Loops": 1,
      "Plans": [
        {
          "Node Type": "Gather",
          "Parent Relationship": "Outer",
          "Parallel Aware": false,
          "Startup Cost": 338773.15,
          "Total Cost": 338773.76,
          "Plan Rows": 6,
          "Plan Width": 8,
          "Actual Startup Time": 785.015,
          "Actual Total Time": 833.44,
          "Actual Rows": 7,
          "Actual Loops": 1,
          "Workers Planned": 6,
          "Workers Launched": 6,
          "Single Copy": false,
          "Plans": [
            {
              "Node Type": "Aggregate",
              "Strategy": "Plain",
              "Partial Mode": "Partial",
              "Parent Relationship": "Outer",
              "Parallel Aware": false,
              "Startup Cost": 337773.15,
              "Total Cost": 337773.16,
              "Plan Rows": 1,
              "Plan Width": 8,
              "Actual Startup Time": 777.457,
              "Actual Total Time": 777.459,
              "Actual Rows": 1,
              "Actual Loops": 7,
              "Plans": [
                {
                  "Node Type": "Seq Scan",
                  "Parent Relationship": "Outer",
                  "Parallel Aware": true,
                  "Relation Name": "cast_info",
                  "Alias": "ci",
                  "Startup Cost": 0.0,
                  "Total Cost": 328211.39,
                  "Plan Rows": 3824704,
                  "Plan Width": 0,
                  "Actual Startup Time": 0.046,
                  "Actual Total Time": 617.229,
                  "Actual Rows": 3303976,
                  "Actual Loops": 7,
                  "Filter": "(person_id < 2364392)",
                  "Rows Removed by Filter": 1873787
                }
              ]
            }
          ]
        }
      ]
    },
    "Planning Time": 0.077,
    "Triggers": [],
    "Execution Time": 833.502
  }
]