[
  {
    "Plan": {
      "Node Type": "Aggregate",
      "Strategy": "Plain",
      "Partial Mode": "Finalize",
      "Parallel Aware": false,
      "Startup Cost": 118978.3,
      "Total Cost": 118978.31,
      "Plan Rows": 1,
      "Plan Width": 8,
      "Actual Startup Time": 114.825,
      "Actual Total Time": 129.346,
      "Actual Rows": 1,
      "Actual Loops": 1,
      "Plans": [
        {
          "Node Type": "Gather",
          "Parent Relationship": "Outer",
          "Parallel Aware": false,
          "Startup Cost": 118977.88,
          "Total Cost": 118978.29,
          "Plan Rows": 4,
          "Plan Width": 8,
          "Actual Startup Time": 114.542,
          "Actual Total Time": 129.339,
          "Actual Rows": 5,
          "Actual Loops": 1,
          "Workers Planned": 4,
          "Workers Launched": 4,
          "Single Copy": false,
          "Plans": [
            {
              "Node Type": "Aggregate",
              "Strategy": "Plain",
              "Partial Mode": "Partial",
              "Parent Relationship": "Outer",
              "Parallel Aware": false,
              "Startup Cost": 117977.88,
              "Total Cost": 117977.89,
              "Plan Rows": 1,
              "Plan Width": 8,
              "Actual Startup Time": 107.781,
              "Actual Total Time": 107.783,
              "Actual Rows": 1,
              "Actual Loops": 5,
              "Plans": [
                {
                  "Node Type": "Nested Loop",
                  "Parent Relationship": "Outer",
                  "Parallel Aware": false,
                  "Join Type": "Inner",
                  "Startup Cost": 621.92,
                  "Total Cost": 117975.44,
                  "Plan Rows": 978,
                  "Plan Width": 0,
                  "Actual Startup Time": 60.214,
                  "Actual Total Time": 107.555,
                  "Actual Rows": 2329,
                  "Actual Loops": 5,
                  "Inner Unique": true,
                  "Join Filter": "(mi.movie_id = t.id)",
                  "Rows Removed by Join Filter": 0,
                  "Plans": [
                    {
                      "Node Type": "Nested Loop",
                      "Parent Relationship": "Outer",
                      "Parallel Aware": false,
                      "Join Type": "Inner",
                      "Startup Cost": 621.49,
                      "Total Cost": 102350.43,
                      "Plan Rows": 26352,
                      "Plan Width": 8,
                      "Actual Startup Time": 0.871,
                      "Actual Total Time": 51.299,
                      "Actual Rows": 15987,
                      "Actual Loops": 5,
                      "Inner Unique": false,
                      "Plans": [
                        {
                          "Node Type": "Bitmap Heap Scan",
                          "Parent Relationship": "Outer",
                          "Parallel Aware": true,
                          "Relation Name": "movie_info",
                          "Alias": "mi",
                          "Startup Cost": 621.07,
                          "Total Cost": 83822.9,
                          "Plan Rows": 8536,
                          "Plan Width": 4,
                          "Actual Startup Time": 0.688,
                          "Actual Total Time": 6.867,
                          "Actual Rows": 7397,
                          "Actual Loops": 5,
                          "Recheck Cond": "(info_type_id = 104)",
                          "Rows Removed by Index Recheck": 0,
                          "Exact Heap Blocks": 1643,
                          "Lossy Heap Blocks": 0,
                          "Plans": [
                            {
                              "Node Type": "Bitmap Index Scan",
                              "Parent Relationship": "Outer",
                              "Parallel Aware": false,
                              "Index Name": "info_type_id_movie_info",
                              "Startup Cost": 0.0,
                              "Total Cost": 612.53,
                              "Plan Rows": 34146,
                              "Plan Width": 0,
                              "Actual Startup Time": 2.444,
                              "Actual Total Time": 2.445,
                              "Actual Rows": 36985,
                              "Actual Loops": 1,
                              "Index Cond": "(info_type_id = 104)"
                            }
                          ]
                        },
                        {
                          "Node Type": "Index Only Scan",
                          "Parent Relationship": "Inner",
                          "Parallel Aware": false,
                          "Scan Direction": "Forward",
                          "Index Name": "movie_id_movie_info_idx",
                          "Relation Name": "movie_info_idx",
                          "Alias": "mi_idx",
                          "Startup Cost": 0.43,
                          "Total Cost": 2.14,
                          "Plan Rows": 3,
                          "Plan Width": 4,
                          "Actual Startup Time": 0.005,
                          "Actual Total Time": 0.006,
                          "Actual Rows": 2,
                          "Actual Loops": 36985,
                          "Index Cond": "(movie_id = mi.movie_id)",
                          "Rows Removed by Index Recheck": 0,
                          "Heap Fetches": 79936
                        }
                      ]
                    },
                    {
                      "Node Type": "Index Scan",
                      "Parent Relationship": "Inner",
                      "Parallel Aware": false,
                      "Scan Direction": "Forward",
                      "Index Name": "title_pkey",
                      "Relation Name": "title",
                      "Alias": "t",
                      "Startup Cost": 0.43,
                      "Total Cost": 0.58,
                      "Plan Rows": 1,
                      "Plan Width": 4,
                      "Actual Startup Time": 0.003,
                      "Actual Total Time": 0.003,
                      "Actual Rows": 0,
                      "Actual Loops": 79936,
                      "Index Cond": "(id = mi_idx.movie_id)",
                      "Rows Removed by Index Recheck": 0,
                      "Filter": "(production_year > 2009)",
                      "Rows Removed by Filter": 1
                    }
                  ]
                }
              ]
            }
          ]
        }
      ]
    },
    "Planning Time": 1.036,
    "Triggers": [],
    "Execution Time": 129.392
  }
]