{
  "Plan": {
    "Node Type": "Aggregate",
    "Strategy": "Plain",
    "Partial Mode": "Finalize",
    "Parallel Aware": false,
    "Startup Cost": 950786.68,
    "Total Cost": 950786.69,
    "Plan Rows": 1,
    "Plan Width": 8,
    "Actual Startup Time": 10109.712,
    "Actual Total Time": 10177.836,
    "Actual Rows": 1,
    "Actual Loops": 1,
    "Plans": [
      {
        "Node Type": "Gather",
        "Parent Relationship": "Outer",
        "Parallel Aware": false,
        "Startup Cost": 950786.57,
        "Total Cost": 950786.68,
        "Plan Rows": 1,
        "Plan Width": 8,
        "Actual Startup Time": 10096.947,
        "Actual Total Time": 10177.827,
        "Actual Rows": 2,
        "Actual Loops": 1,
        "Workers Planned": 1,
        "Workers Launched": 1,
        "Single Copy": false,
        "Plans": [
          {
            "Node Type": "Aggregate",
            "Strategy": "Plain",
            "Partial Mode": "Partial",
            "Parent Relationship": "Outer",
            "Parallel Aware": false,
            "Startup Cost": 949786.57,
            "Total Cost": 949786.58,
            "Plan Rows": 1,
            "Plan Width": 8,
            "Actual Startup Time": 10076.572,
            "Actual Total Time": 10076.582,
            "Actual Rows": 1,
            "Actual Loops": 2,
            "Plans": [
              {
                "Node Type": "Hash Join",
                "Parent Relationship": "Outer",
                "Parallel Aware": true,
                "Join Type": "Inner",
                "Startup Cost": 564150.96,
                "Total Cost": 925906.9,
                "Plan Rows": 9551867,
                "Plan Width": 0,
                "Actual Startup Time": 4021.304,
                "Actual Total Time": 9061.727,
                "Actual Rows": 26125782,
                "Actual Loops": 2,
                "Inner Unique": false,
                "Hash Cond": "(mi.movie_id = t.id)",
                "Plans": [
                  {
                    "Node Type": "Seq Scan",
                    "Parent Relationship": "Outer",
                    "Parallel Aware": true,
                    "Relation Name": "movie_info",
                    "Alias": "mi",
                    "Startup Cost": 0.0,
                    "Total Cost": 270696.42,
                    "Plan Rows": 5579529,
                    "Plan Width": 4,
                    "Actual Startup Time": 0.029,
                    "Actual Total Time": 727.933,
                    "Actual Rows": 4782576,
                    "Actual Loops": 2,
                    "Filter": "(info_type_id < 16)",
                    "Rows Removed by Filter": 2635284
                  },
                  {
                    "Node Type": "Hash",
                    "Parent Relationship": "Inner",
                    "Parallel Aware": true,
                    "Startup Cost": 532325.16,
                    "Total Cost": 532325.16,
                    "Plan Rows": 2546064,
                    "Plan Width": 8,
                    "Actual Startup Time": 3987.976,
                    "Actual Total Time": 3987.984,
                    "Actual Rows": 3218095,
                    "Actual Loops": 2,
                    "Hash Buckets": 8388608,
                    "Original Hash Buckets": 8388608,
                    "Hash Batches": 1,
                    "Original Hash Batches": 1,
                    "Peak Memory Usage": 317344,
                    "Plans": [
                      {
                        "Node Type": "Hash Join",
                        "Parent Relationship": "Outer",
                        "Parallel Aware": true,
                        "Join Type": "Inner",
                        "Startup Cost": 214704.25,
                        "Total Cost": 532325.16,
                        "Plan Rows": 2546064,
                        "Plan Width": 8,
                        "Actual Startup Time": 799.594,
                        "Actual Total Time": 2919.281,
                        "Actual Rows": 3218095,
                        "Actual Loops": 2,
                        "Inner Unique": true,
                        "Hash Cond": "(ci.movie_id = t.id)",
                        "Plans": [
                          {
                            "Node Type": "Bitmap Heap Scan",
                            "Parent Relationship": "Outer",
                            "Parallel Aware": true,
                            "Relation Name": "cast_info",
                            "Alias": "ci",
                            "Startup Cost": 145243.55,
                            "Total Cost": 456181.03,
                            "Plan Rows": 2546064,
                            "Plan Width": 4,
                            "Actual Startup Time": 227.532,
                            "Actual Total Time": 820.661,
                            "Actual Rows": 3218095,
                            "Actual Loops": 2,
                            "Recheck Cond": "(person_id > 3011841)",
                            "Rows Removed by Index Recheck": 0,
                            "Filter": "(role_id > 1)",
                            "Rows Removed by Filter": 0,
                            "Exact Heap Blocks": 47943,
                            "Lossy Heap Blocks": 0,
                            "Plans": [
                              {
                                "Node Type": "Bitmap Index Scan",
                                "Parent Relationship": "Outer",
                                "Parallel Aware": false,
                                "Index Name": "person_id_cast_info",
                                "Startup Cost": 0.0,
                                "Total Cost": 144161.47,
                                "Plan Rows": 6601721,
                                "Plan Width": 0,
                                "Actual Startup Time": 213.262,
                                "Actual Total Time": 213.262,
                                "Actual Rows": 6436190,
                                "Actual Loops": 1,
                                "Index Cond": "(person_id > 3011841)"
                              }
                            ]
                          },
                          {
                            "Node Type": "Hash",
                            "Parent Relationship": "Inner",
                            "Parallel Aware": true,
                            "Startup Cost": 50870.31,
                            "Total Cost": 50870.31,
                            "Plan Rows": 1487231,
                            "Plan Width": 4,
                            "Actual Startup Time": 560.73,
                            "Actual Total Time": 560.731,
                            "Actual Rows": 1264156,
                            "Actual Loops": 2,
                            "Hash Buckets": 4194304,
                            "Original Hash Buckets": 4194304,
                            "Hash Batches": 1,
                            "Original Hash Batches": 1,
                            "Peak Memory Usage": 131712,
                            "Plans": [
                              {
                                "Node Type": "Seq Scan",
                                "Parent Relationship": "Outer",
                                "Parallel Aware": true,
                                "Relation Name": "title",
                                "Alias": "t",
                                "Startup Cost": 0.0,
                                "Total Cost": 50870.31,
                                "Plan Rows": 1487231,
                                "Plan Width": 4,
                                "Actual Startup Time": 0.041,
                                "Actual Total Time": 182.191,
                                "Actual Rows": 1264156,
                                "Actual Loops": 2
                              }
                            ]
                          }
                        ]
                      }
                    ]
                  }
                ]
              }
            ]
          }
        ]
      }
    ]
  },
  "Planning Time": 1.006,
  "Triggers": [],
  "Execution Time": 10177.946
}