[
  {
    "Plan": {
      "Node Type": "Aggregate",
      "Strategy": "Plain",
      "Partial Mode": "Finalize",
      "Parallel Aware": false,
      "Startup Cost": 340572.53,
      "Total Cost": 340572.54,
      "Plan Rows": 1,
      "Plan Width": 8,
      "Actual Startup Time": 556.255,
      "Actual Total Time": 582.662,
      "Actual Rows": 1,
      "Actual Loops": 1,
      "Plans": [
        {
          "Node Type": "Gather",
          "Parent Relationship": "Outer",
          "Parallel Aware": false,
          "Startup Cost": 340571.9,
          "Total Cost": 340572.51,
          "Plan Rows": 6,
          "Plan Width": 8,
          "Actual Startup Time": 556.104,
          "Actual Total Time": 582.652,
          "Actual Rows": 7,
          "Actual Loops": 1,
          "Workers Planned": 6,
          "Workers Launched": 6,
          "Single Copy": false,
          "Plans": [
            {
              "Node Type": "Aggregate",
              "Strategy": "Plain",
              "Partial Mode": "Partial",
              "Parent Relationship": "Outer",
              "Parallel Aware": false,
              "Startup Cost": 339571.9,
              "Total Cost": 339571.91,
              "Plan Rows": 1,
              "Plan Width": 8,
              "Actual Startup Time": 548.048,
              "Actual Total Time": 548.049,
              "Actual Rows": 1,
              "Actual Loops": 7,
              "Plans": [
                {
                  "Node Type": "Index Scan",
                  "Parent Relationship": "Outer",
                  "Parallel Aware": true,
                  "Scan Direction": "Forward",
                  "Index Name": "role_id_cast_info",
                  "Relation Name": "cast_info",
                  "Alias": "ci",
                  "Startup Cost": 0.56,
                  "Total Cost": 335235.55,
                  "Plan Rows": 1734542,
                  "Plan Width": 0,
                  "Actual Startup Time": 167.289,
                  "Actual Total Time": 475.681,
                  "Actual Rows": 1171690,
                  "Actual Loops": 7,
                  "Index Cond": "(role_id < 2)",
                  "Rows Removed by Index Recheck": 0,
                  "Filter": "(person_id > 597339)",
                  "Rows Removed by Filter": 638408
                }
              ]
            }
          ]
        }
      ]
    },
    "Planning Time": 0.145,
    "Triggers": [],
    "Execution Time": 582.717
  }
]