[
    {
        "Bao": {
            "Bao prediction": 449.661,
            "Bao recommended hint": "(no hint)"
        }
    },
    {
        "Plan": {
            "Node Type": "Aggregate",
            "Strategy": "Plain",
            "Partial Mode": "Finalize",
            "Parallel Aware": false,
            "Startup Cost": 33077.84,
            "Total Cost": 33077.85,
            "Plan Rows": 1,
            "Plan Width": 8,
            "Actual Startup Time": 116.563,
            "Actual Total Time": 127.223,
            "Actual Rows": 1,
            "Actual Loops": 1,
            "Output": [
                "count(*)"
            ],
            "Plans": [
                {
                    "Node Type": "Gather",
                    "Parent Relationship": "Outer",
                    "Parallel Aware": false,
                    "Startup Cost": 33077.52,
                    "Total Cost": 33077.83,
                    "Plan Rows": 3,
                    "Plan Width": 8,
                    "Actual Startup Time": 116.485,
                    "Actual Total Time": 127.215,
                    "Actual Rows": 4,
                    "Actual Loops": 1,
                    "Output": [
                        "(PARTIAL count(*))"
                    ],
                    "Workers Planned": 3,
                    "Workers Launched": 3,
                    "Single Copy": false,
                    "Plans": [
                        {
                            "Node Type": "Aggregate",
                            "Strategy": "Plain",
                            "Partial Mode": "Partial",
                            "Parent Relationship": "Outer",
                            "Parallel Aware": false,
                            "Startup Cost": 32077.52,
                            "Total Cost": 32077.53,
                            "Plan Rows": 1,
                            "Plan Width": 8,
                            "Actual Startup Time": 108.79,
                            "Actual Total Time": 108.791,
                            "Actual Rows": 1,
                            "Actual Loops": 4,
                            "Output": [
                                "PARTIAL count(*)"
                            ],
                            "Workers": [
                                {
                                    "Worker Number": 0,
                                    "Actual Startup Time": 106.067,
                                    "Actual Total Time": 106.068,
                                    "Actual Rows": 1,
                                    "Actual Loops": 1
                                },
                                {
                                    "Worker Number": 1,
                                    "Actual Startup Time": 106.475,
                                    "Actual Total Time": 106.476,
                                    "Actual Rows": 1,
                                    "Actual Loops": 1
                                },
                                {
                                    "Worker Number": 2,
                                    "Actual Startup Time": 106.709,
                                    "Actual Total Time": 106.71,
                                    "Actual Rows": 1,
                                    "Actual Loops": 1
                                }
                            ],
                            "Plans": [
                                {
                                    "Node Type": "Seq Scan",
                                    "Parent Relationship": "Outer",
                                    "Parallel Aware": true,
                                    "Relation Name": "movie_companies",
                                    "Schema": "public",
                                    "Alias": "mc",
                                    "Startup Cost": 0.0,
                                    "Total Cost": 31414.82,
                                    "Plan Rows": 265081,
                                    "Plan Width": 0,
                                    "Actual Startup Time": 55.518,
                                    "Actual Total Time": 100.233,
                                    "Actual Rows": 129216,
                                    "Actual Loops": 4,
                                    "Output": [
                                        "id",
                                        "movie_id",
                                        "company_id",
                                        "company_type_id",
                                        "note"
                                    ],
                                    "Filter": "((mc.company_id < 16724) AND (mc.company_type_id = 2))",
                                    "Rows Removed by Filter": 523066,
                                    "Workers": [
                                        {
                                            "Worker Number": 0,
                                            "Actual Startup Time": 52.801,
                                            "Actual Total Time": 97.928,
                                            "Actual Rows": 121321,
                                            "Actual Loops": 1
                                        },
                                        {
                                            "Worker Number": 1,
                                            "Actual Startup Time": 53.211,
                                            "Actual Total Time": 98.063,
                                            "Actual Rows": 124950,
                                            "Actual Loops": 1
                                        },
                                        {
                                            "Worker Number": 2,
                                            "Actual Startup Time": 53.427,
                                            "Actual Total Time": 98.368,
                                            "Actual Rows": 123566,
                                            "Actual Loops": 1
                                        }
                                    ]
                                }
                            ]
                        }
                    ]
                }
            ]
        },
        "Planning Time": 4056.273,
        "Triggers": [],
        "Execution Time": 127.315
    }
]