[
  {
    "Plan": {
      "Node Type": "Aggregate",
      "Strategy": "Plain",
      "Partial Mode": "Simple",
      "Parallel Aware": false,
      "Startup Cost": 987.49,
      "Total Cost": 987.5,
      "Plan Rows": 1,
      "Plan Width": 8,
      "Actual Startup Time": 12.653,
      "Actual Total Time": 12.655,
      "Actual Rows": 1,
      "Actual Loops": 1,
      "Plans": [
        {
          "Node Type": "Index Scan",
          "Parent Relationship": "Outer",
          "Parallel Aware": false,
          "Scan Direction": "Forward",
          "Index Name": "person_id_cast_info",
          "Relation Name": "cast_info",
          "Alias": "ci",
          "Startup Cost": 0.56,
          "Total Cost": 987.07,
          "Plan Rows": 170,
          "Plan Width": 0,
          "Actual Startup Time": 12.621,
          "Actual Total Time": 12.645,
          "Actual Rows": 3,
          "Actual Loops": 1,
          "Index Cond": "(person_id = 1174177)",
          "Rows Removed by Index Recheck": 0,
          "Filter": "(role_id = 1)",
          "Rows Removed by Filter": 34
        }
      ]
    },
    "Planning Time": 0.16,
    "Triggers": [],
    "Execution Time": 12.699
  }
]