[
  {
    "Plan": {
      "Node Type": "Aggregate",
      "Strategy": "Plain",
      "Partial Mode": "Finalize",
      "Parallel Aware": false,
      "Startup Cost": 155207.41,
      "Total Cost": 155207.42,
      "Plan Rows": 1,
      "Plan Width": 8,
      "Actual Startup Time": 562.325,
      "Actual Total Time": 581.991,
      "Actual Rows": 1,
      "Actual Loops": 1,
      "Plans": [
        {
          "Node Type": "Gather",
          "Parent Relationship": "Outer",
          "Parallel Aware": false,
          "Startup Cost": 155206.89,
          "Total Cost": 155207.4,
          "Plan Rows": 5,
          "Plan Width": 8,
          "Actual Startup Time": 560.326,
          "Actual Total Time": 581.977,
          "Actual Rows": 6,
          "Actual Loops": 1,
          "Workers Planned": 5,
          "Workers Launched": 5,
          "Single Copy": false,
          "Plans": [
            {
              "Node Type": "Aggregate",
              "Strategy": "Plain",
              "Partial Mode": "Partial",
              "Parent Relationship": "Outer",
              "Parallel Aware": false,
              "Startup Cost": 154206.89,
              "Total Cost": 154206.9,
              "Plan Rows": 1,
              "Plan Width": 8,
              "Actual Startup Time": 552.781,
              "Actual Total Time": 552.784,
              "Actual Rows": 1,
              "Actual Loops": 6,
              "Plans": [
                {
                  "Node Type": "Hash Join",
                  "Parent Relationship": "Outer",
                  "Parallel Aware": true,
                  "Join Type": "Inner",
                  "Startup Cost": 46657.28,
                  "Total Cost": 153914.26,
                  "Plan Rows": 117052,
                  "Plan Width": 0,
                  "Actual Startup Time": 108.059,
                  "Actual Total Time": 546.944,
                  "Actual Rows": 106488,
                  "Actual Loops": 6,
                  "Inner Unique": true,
                  "Hash Cond": "(ci.movie_id = t.id)",
                  "Plans": [
                    {
                      "Node Type": "Index Scan",
                      "Parent Relationship": "Outer",
                      "Parallel Aware": true,
                      "Scan Direction": "Forward",
                      "Index Name": "role_id_cast_info",
                      "Relation Name": "cast_info",
                      "Alias": "ci",
                      "Startup Cost": 0.56,
                      "Total Cost": 105195.1,
                      "Plan Rows": 785695,
                      "Plan Width": 4,
                      "Actual Startup Time": 0.358,
                      "Actual Total Time": 289.639,
                      "Actual Rows": 668006,
                      "Actual Loops": 6,
                      "Index Cond": "(role_id = 3)",
                      "Rows Removed by Index Recheck": 0
                    },
                    {
                      "Node Type": "Hash",
                      "Parent Relationship": "Inner",
                      "Parallel Aware": true,
                      "Startup Cost": 45479.59,
                      "Total Cost": 45479.59,
                      "Plan Rows": 94170,
                      "Plan Width": 4,
                      "Actual Startup Time": 105.936,
                      "Actual Total Time": 105.937,
                      "Actual Rows": 47019,
                      "Actual Loops": 6,
                      "Hash Buckets": 524288,
                      "Original Hash Buckets": 524288,
                      "Hash Batches": 1,
                      "Original Hash Batches": 1,
                      "Peak Memory Usage": 15200,
                      "Plans": [
                        {
                          "Node Type": "Seq Scan",
                          "Parent Relationship": "Outer",
                          "Parallel Aware": true,
                          "Relation Name": "title",
                          "Alias": "t",
                          "Startup Cost": 0.0,
                          "Total Cost": 45479.59,
                          "Plan Rows": 94170,
                          "Plan Width": 4,
                          "Actual Startup Time": 40.863,
                          "Actual Total Time": 85.198,
                          "Actual Rows": 47019,
                          "Actual Loops": 6,
                          "Filter": "((production_year > 1999) AND (kind_id = 1))",
                          "Rows Removed by Filter": 374366
                        }
                      ]
                    }
                  ]
                }
              ]
            }
          ]
        }
      ]
    },
    "Planning Time": 0.2,
    "Triggers": [],
    "Execution Time": 582.036
  }
]