[
  {
    "Plan": {
      "Node Type": "Aggregate",
      "Strategy": "Plain",
      "Partial Mode": "Finalize",
      "Parallel Aware": false,
      "Startup Cost": 158490.52,
      "Total Cost": 158490.53,
      "Plan Rows": 1,
      "Plan Width": 8,
      "Actual Startup Time": 367.241,
      "Actual Total Time": 384.816,
      "Actual Rows": 1,
      "Actual Loops": 1,
      "Plans": [
        {
          "Node Type": "Gather",
          "Parent Relationship": "Outer",
          "Parallel Aware": false,
          "Startup Cost": 158490.0,
          "Total Cost": 158490.51,
          "Plan Rows": 5,
          "Plan Width": 8,
          "Actual Startup Time": 365.098,
          "Actual Total Time": 384.808,
          "Actual Rows": 6,
          "Actual Loops": 1,
          "Workers Planned": 5,
          "Workers Launched": 5,
          "Single Copy": false,
          "Plans": [
            {
              "Node Type": "Aggregate",
              "Strategy": "Plain",
              "Partial Mode": "Partial",
              "Parent Relationship": "Outer",
              "Parallel Aware": false,
              "Startup Cost": 157490.0,
              "Total Cost": 157490.01,
              "Plan Rows": 1,
              "Plan Width": 8,
              "Actual Startup Time": 354.275,
              "Actual Total Time": 354.278,
              "Actual Rows": 1,
              "Actual Loops": 6,
              "Plans": [
                {
                  "Node Type": "Hash Join",
                  "Parent Relationship": "Outer",
                  "Parallel Aware": true,
                  "Join Type": "Inner",
                  "Startup Cost": 46659.1,
                  "Total Cost": 157187.96,
                  "Plan Rows": 120816,
                  "Plan Width": 0,
                  "Actual Startup Time": 109.131,
                  "Actual Total Time": 349.507,
                  "Actual Rows": 106488,
                  "Actual Loops": 6,
                  "Inner Unique": true,
                  "Hash Cond": "(ci.movie_id = t.id)",
                  "Plans": [
                    {
                      "Node Type": "Index Scan",
                      "Parent Relationship": "Outer",
                      "Parallel Aware": true,
                      "Scan Direction": "Forward",
                      "Index Name": "role_id_cast_info",
                      "Relation Name": "cast_info",
                      "Alias": "ci",
                      "Startup Cost": 0.56,
                      "Total Cost": 108404.92,
                      "Plan Rows": 809334,
                      "Plan Width": 4,
                      "Actual Startup Time": 0.265,
                      "Actual Total Time": 118.644,
                      "Actual Rows": 668006,
                      "Actual Loops": 6,
                      "Index Cond": "(role_id = 3)",
                      "Rows Removed by Index Recheck": 0
                    },
                    {
                      "Node Type": "Hash",
                      "Parent Relationship": "Inner",
                      "Parallel Aware": true,
                      "Startup Cost": 45479.1,
                      "Total Cost": 45479.1,
                      "Plan Rows": 94355,
                      "Plan Width": 4,
                      "Actual Startup Time": 106.422,
                      "Actual Total Time": 106.423,
                      "Actual Rows": 47019,
                      "Actual Loops": 6,
                      "Hash Buckets": 524288,
                      "Original Hash Buckets": 524288,
                      "Hash Batches": 1,
                      "Original Hash Batches": 1,
                      "Peak Memory Usage": 15232,
                      "Plans": [
                        {
                          "Node Type": "Seq Scan",
                          "Parent Relationship": "Outer",
                          "Parallel Aware": true,
                          "Relation Name": "title",
                          "Alias": "t",
                          "Startup Cost": 0.0,
                          "Total Cost": 45479.1,
                          "Plan Rows": 94355,
                          "Plan Width": 4,
                          "Actual Startup Time": 47.611,
                          "Actual Total Time": 88.139,
                          "Actual Rows": 47019,
                          "Actual Loops": 6,
                          "Filter": "((production_year > 1999) AND (kind_id = 1))",
                          "Rows Removed by Filter": 374366
                        }
                      ]
                    }
                  ]
                }
              ]
            }
          ]
        }
      ]
    },
    "Planning Time": 0.652,
    "Triggers": [],
    "Execution Time": 384.91
  }
]