[
  {
    "Plan": {
      "Node Type": "Aggregate",
      "Strategy": "Plain",
      "Partial Mode": "Finalize",
      "Parallel Aware": false,
      "Startup Cost": 57837.39,
      "Total Cost": 57837.4,
      "Plan Rows": 1,
      "Plan Width": 8,
      "Actual Startup Time": 77.411,
      "Actual Total Time": 88.954,
      "Actual Rows": 1,
      "Actual Loops": 1,
      "Plans": [
        {
          "Node Type": "Gather",
          "Parent Relationship": "Outer",
          "Parallel Aware": false,
          "Startup Cost": 57836.97,
          "Total Cost": 57837.38,
          "Plan Rows": 4,
          "Plan Width": 8,
          "Actual Startup Time": 77.282,
          "Actual Total Time": 88.945,
          "Actual Rows": 5,
          "Actual Loops": 1,
          "Workers Planned": 4,
          "Workers Launched": 4,
          "Single Copy": false,
          "Plans": [
            {
              "Node Type": "Aggregate",
              "Strategy": "Plain",
              "Partial Mode": "Partial",
              "Parent Relationship": "Outer",
              "Parallel Aware": false,
              "Startup Cost": 56836.97,
              "Total Cost": 56836.98,
              "Plan Rows": 1,
              "Plan Width": 8,
              "Actual Startup Time": 73.892,
              "Actual Total Time": 73.894,
              "Actual Rows": 1,
              "Actual Loops": 5,
              "Plans": [
                {
                  "Node Type": "Nested Loop",
                  "Parent Relationship": "Outer",
                  "Parallel Aware": false,
                  "Join Type": "Inner",
                  "Startup Cost": 0.43,
                  "Total Cost": 56836.7,
                  "Plan Rows": 108,
                  "Plan Width": 0,
                  "Actual Startup Time": 28.547,
                  "Actual Total Time": 73.872,
                  "Actual Rows": 77,
                  "Actual Loops": 5,
                  "Inner Unique": false,
                  "Plans": [
                    {
                      "Node Type": "Seq Scan",
                      "Parent Relationship": "Outer",
                      "Parallel Aware": true,
                      "Relation Name": "title",
                      "Alias": "t",
                      "Startup Cost": 0.0,
                      "Total Cost": 43899.32,
                      "Plan Rows": 822,
                      "Plan Width": 4,
                      "Actual Startup Time": 19.203,
                      "Actual Total Time": 66.153,
                      "Actual Rows": 546,
                      "Actual Loops": 5,
                      "Filter": "(production_year = 1938)",
                      "Rows Removed by Filter": 505116
                    },
                    {
                      "Node Type": "Index Scan",
                      "Parent Relationship": "Inner",
                      "Parallel Aware": false,
                      "Scan Direction": "Forward",
                      "Index Name": "movie_id_movie_companies",
                      "Relation Name": "movie_companies",
                      "Alias": "mc",
                      "Startup Cost": 0.43,
                      "Total Cost": 15.73,
                      "Plan Rows": 1,
                      "Plan Width": 4,
                      "Actual Startup Time": 0.014,
                      "Actual Total Time": 0.014,
                      "Actual Rows": 0,
                      "Actual Loops": 2730,
                      "Index Cond": "(movie_id = t.id)",
                      "Rows Removed by Index Recheck": 0,
                      "Filter": "((company_id < 866) AND (company_type_id > 1))",
                      "Rows Removed by Filter": 3
                    }
                  ]
                }
              ]
            }
          ]
        }
      ]
    },
    "Planning Time": 0.303,
    "Triggers": [],
    "Execution Time": 88.993
  }
]