[
  {
    "Plan": {
      "Node Type": "Aggregate",
      "Strategy": "Plain",
      "Partial Mode": "Finalize",
      "Parallel Aware": false,
      "Startup Cost": 32685.89,
      "Total Cost": 32685.9,
      "Plan Rows": 1,
      "Plan Width": 8,
      "Actual Startup Time": 74.768,
      "Actual Total Time": 82.003,
      "Actual Rows": 1,
      "Actual Loops": 1,
      "Plans": [
        {
          "Node Type": "Gather",
          "Parent Relationship": "Outer",
          "Parallel Aware": false,
          "Startup Cost": 32685.57,
          "Total Cost": 32685.88,
          "Plan Rows": 3,
          "Plan Width": 8,
          "Actual Startup Time": 74.656,
          "Actual Total Time": 81.995,
          "Actual Rows": 4,
          "Actual Loops": 1,
          "Workers Planned": 3,
          "Workers Launched": 3,
          "Single Copy": false,
          "Plans": [
            {
              "Node Type": "Aggregate",
              "Strategy": "Plain",
              "Partial Mode": "Partial",
              "Parent Relationship": "Outer",
              "Parallel Aware": false,
              "Startup Cost": 31685.57,
              "Total Cost": 31685.58,
              "Plan Rows": 1,
              "Plan Width": 8,
              "Actual Startup Time": 69.56,
              "Actual Total Time": 69.562,
              "Actual Rows": 1,
              "Actual Loops": 4,
              "Plans": [
                {
                  "Node Type": "Seq Scan",
                  "Parent Relationship": "Outer",
                  "Parallel Aware": true,
                  "Relation Name": "movie_companies",
                  "Alias": "mc",
                  "Startup Cost": 0.0,
                  "Total Cost": 31414.82,
                  "Plan Rows": 108301,
                  "Plan Width": 0,
                  "Actual Startup Time": 39.079,
                  "Actual Total Time": 67.55,
                  "Actual Rows": 45781,
                  "Actual Loops": 4,
                  "Filter": "((company_id < 888) AND (company_type_id = 2))",
                  "Rows Removed by Filter": 606502
                }
              ]
            }
          ]
        }
      ]
    },
    "Planning Time": 0.126,
    "Triggers": [],
    "Execution Time": 82.04
  }
]