[
  {
    "Plan": {
      "Node Type": "Aggregate",
      "Strategy": "Plain",
      "Partial Mode": "Finalize",
      "Parallel Aware": false,
      "Startup Cost": 32682.46,
      "Total Cost": 32682.47,
      "Plan Rows": 1,
      "Plan Width": 8,
      "Actual Startup Time": 86.523,
      "Actual Total Time": 94.381,
      "Actual Rows": 1,
      "Actual Loops": 1,
      "Plans": [
        {
          "Node Type": "Gather",
          "Parent Relationship": "Outer",
          "Parallel Aware": false,
          "Startup Cost": 32682.15,
          "Total Cost": 32682.46,
          "Plan Rows": 3,
          "Plan Width": 8,
          "Actual Startup Time": 86.42,
          "Actual Total Time": 94.373,
          "Actual Rows": 4,
          "Actual Loops": 1,
          "Workers Planned": 3,
          "Workers Launched": 3,
          "Single Copy": false,
          "Plans": [
            {
              "Node Type": "Aggregate",
              "Strategy": "Plain",
              "Partial Mode": "Partial",
              "Parent Relationship": "Outer",
              "Parallel Aware": false,
              "Startup Cost": 31682.15,
              "Total Cost": 31682.16,
              "Plan Rows": 1,
              "Plan Width": 8,
              "Actual Startup Time": 77.811,
              "Actual Total Time": 77.812,
              "Actual Rows": 1,
              "Actual Loops": 4,
              "Plans": [
                {
                  "Node Type": "Seq Scan",
                  "Parent Relationship": "Outer",
                  "Parallel Aware": true,
                  "Relation Name": "movie_companies",
                  "Alias": "mc",
                  "Startup Cost": 0.0,
                  "Total Cost": 31414.82,
                  "Plan Rows": 106931,
                  "Plan Width": 0,
                  "Actual Startup Time": 48.491,
                  "Actual Total Time": 75.899,
                  "Actual Rows": 45781,
                  "Actual Loops": 4,
                  "Filter": "((company_id < 888) AND (company_type_id = 2))",
                  "Rows Removed by Filter": 606502
                }
              ]
            }
          ]
        }
      ]
    },
    "Planning Time": 0.227,
    "Triggers": [],
    "Execution Time": 94.447
  }
]