[
  {
    "Plan": {
      "Node Type": "Aggregate",
      "Strategy": "Plain",
      "Partial Mode": "Finalize",
      "Parallel Aware": false,
      "Startup Cost": 351042.91,
      "Total Cost": 351042.92,
      "Plan Rows": 1,
      "Plan Width": 8,
      "Actual Startup Time": 823.086,
      "Actual Total Time": 868.519,
      "Actual Rows": 1,
      "Actual Loops": 1,
      "Plans": [
        {
          "Node Type": "Gather",
          "Parent Relationship": "Outer",
          "Parallel Aware": false,
          "Startup Cost": 351042.29,
          "Total Cost": 351042.9,
          "Plan Rows": 6,
          "Plan Width": 8,
          "Actual Startup Time": 822.879,
          "Actual Total Time": 868.508,
          "Actual Rows": 7,
          "Actual Loops": 1,
          "Workers Planned": 6,
          "Workers Launched": 6,
          "Single Copy": false,
          "Plans": [
            {
              "Node Type": "Aggregate",
              "Strategy": "Plain",
              "Partial Mode": "Partial",
              "Parent Relationship": "Outer",
              "Parallel Aware": false,
              "Startup Cost": 350042.29,
              "Total Cost": 350042.3,
              "Plan Rows": 1,
              "Plan Width": 8,
              "Actual Startup Time": 816.271,
              "Actual Total Time": 816.273,
              "Actual Rows": 1,
              "Actual Loops": 7,
              "Plans": [
                {
                  "Node Type": "Seq Scan",
                  "Parent Relationship": "Outer",
                  "Parallel Aware": true,
                  "Relation Name": "cast_info",
                  "Alias": "ci",
                  "Startup Cost": 0.0,
                  "Total Cost": 343316.27,
                  "Plan Rows": 2690407,
                  "Plan Width": 0,
                  "Actual Startup Time": 216.993,
                  "Actual Total Time": 677.474,
                  "Actual Rows": 2909525,
                  "Actual Loops": 7,
                  "Filter": "((person_id > 1129267) AND (role_id > 1))",
                  "Rows Removed by Filter": 2268238
                }
              ]
            }
          ]
        }
      ]
    },
    "Planning Time": 0.227,
    "Triggers": [],
    "Execution Time": 868.591
  }
]