[
  {
    "Plan": {
      "Node Type": "Aggregate",
      "Strategy": "Plain",
      "Partial Mode": "Finalize",
      "Parallel Aware": false,
      "Startup Cost": 44980.58,
      "Total Cost": 44980.59,
      "Plan Rows": 1,
      "Plan Width": 8,
      "Actual Startup Time": 88.329,
      "Actual Total Time": 98.012,
      "Actual Rows": 1,
      "Actual Loops": 1,
      "Plans": [
        {
          "Node Type": "Gather",
          "Parent Relationship": "Outer",
          "Parallel Aware": false,
          "Startup Cost": 44980.16,
          "Total Cost": 44980.57,
          "Plan Rows": 4,
          "Plan Width": 8,
          "Actual Startup Time": 88.063,
          "Actual Total Time": 98.005,
          "Actual Rows": 5,
          "Actual Loops": 1,
          "Workers Planned": 4,
          "Workers Launched": 4,
          "Single Copy": false,
          "Plans": [
            {
              "Node Type": "Aggregate",
              "Strategy": "Plain",
              "Partial Mode": "Partial",
              "Parent Relationship": "Outer",
              "Parallel Aware": false,
              "Startup Cost": 43980.16,
              "Total Cost": 43980.17,
              "Plan Rows": 1,
              "Plan Width": 8,
              "Actual Startup Time": 78.899,
              "Actual Total Time": 78.9,
              "Actual Rows": 1,
              "Actual Loops": 5,
              "Plans": [
                {
                  "Node Type": "Seq Scan",
                  "Parent Relationship": "Outer",
                  "Parallel Aware": true,
                  "Relation Name": "title",
                  "Alias": "t",
                  "Startup Cost": 0.0,
                  "Total Cost": 43898.92,
                  "Plan Rows": 32497,
                  "Plan Width": 0,
                  "Actual Startup Time": 46.691,
                  "Actual Total Time": 77.665,
                  "Actual Rows": 26065,
                  "Actual Loops": 5,
                  "Filter": "(production_year < 1936)",
                  "Rows Removed by Filter": 479597
                }
              ]
            }
          ]
        }
      ]
    },
    "Planning Time": 0.132,
    "Triggers": [],
    "Execution Time": 98.068
  }
]