{
  "Plan": {
    "Node Type": "Aggregate",
    "Strategy": "Plain",
    "Partial Mode": "Finalize",
    "Parallel Aware": false,
    "Startup Cost": 144729.93,
    "Total Cost": 144729.94,
    "Plan Rows": 1,
    "Plan Width": 8,
    "Actual Startup Time": 893.147,
    "Actual Total Time": 912.633,
    "Actual Rows": 1,
    "Actual Loops": 1,
    "Plans": [
      {
        "Node Type": "Gather",
        "Parent Relationship": "Outer",
        "Parallel Aware": false,
        "Startup Cost": 144729.82,
        "Total Cost": 144729.93,
        "Plan Rows": 1,
        "Plan Width": 8,
        "Actual Startup Time": 891.658,
        "Actual Total Time": 912.624,
        "Actual Rows": 2,
        "Actual Loops": 1,
        "Workers Planned": 1,
        "Workers Launched": 1,
        "Single Copy": false,
        "Plans": [
          {
            "Node Type": "Aggregate",
            "Strategy": "Plain",
            "Partial Mode": "Partial",
            "Parent Relationship": "Outer",
            "Parallel Aware": false,
            "Startup Cost": 143729.82,
            "Total Cost": 143729.83,
            "Plan Rows": 1,
            "Plan Width": 8,
            "Actual Startup Time": 885.904,
            "Actual Total Time": 886.063,
            "Actual Rows": 1,
            "Actual Loops": 2,
            "Plans": [
              {
                "Node Type": "Hash Join",
                "Parent Relationship": "Outer",
                "Parallel Aware": true,
                "Join Type": "Inner",
                "Startup Cost": 76294.4,
                "Total Cost": 143352.81,
                "Plan Rows": 150804,
                "Plan Width": 0,
                "Actual Startup Time": 377.043,
                "Actual Total Time": 838.915,
                "Actual Rows": 891437,
                "Actual Loops": 2,
                "Inner Unique": false,
                "Hash Cond": "(mk.movie_id = t.id)",
                "Plans": [
                  {
                    "Node Type": "Seq Scan",
                    "Parent Relationship": "Outer",
                    "Parallel Aware": true,
                    "Relation Name": "movie_keyword",
                    "Alias": "mk",
                    "Startup Cost": 0.0,
                    "Total Cost": 57718.19,
                    "Plan Rows": 2254169,
                    "Plan Width": 4,
                    "Actual Startup Time": 0.053,
                    "Actual Total Time": 235.182,
                    "Actual Rows": 1912274,
                    "Actual Loops": 2,
                    "Filter": "(keyword_id > 583)",
                    "Rows Removed by Filter": 349692
                  },
                  {
                    "Node Type": "Hash",
                    "Parent Relationship": "Inner",
                    "Parallel Aware": true,
                    "Startup Cost": 75050.7,
                    "Total Cost": 75050.7,
                    "Plan Rows": 99496,
                    "Plan Width": 8,
                    "Actual Startup Time": 372.873,
                    "Actual Total Time": 373.03,
                    "Actual Rows": 94825,
                    "Actual Loops": 2,
                    "Hash Buckets": 262144,
                    "Original Hash Buckets": 262144,
                    "Hash Batches": 1,
                    "Original Hash Batches": 1,
                    "Peak Memory Usage": 9504,
                    "Plans": [
                      {
                        "Node Type": "Hash Join",
                        "Parent Relationship": "Outer",
                        "Parallel Aware": true,
                        "Join Type": "Inner",
                        "Startup Cost": 56866.91,
                        "Total Cost": 75050.7,
                        "Plan Rows": 99496,
                        "Plan Width": 8,
                        "Actual Startup Time": 203.723,
                        "Actual Total Time": 352.849,
                        "Actual Rows": 94825,
                        "Actual Loops": 2,
                        "Inner Unique": true,
                        "Hash Cond": "(mi_idx.movie_id = t.id)",
                        "Plans": [
                          {
                            "Node Type": "Seq Scan",
                            "Parent Relationship": "Outer",
                            "Parallel Aware": true,
                            "Relation Name": "movie_info_idx",
                            "Alias": "mi_idx",
                            "Startup Cost": 0.0,
                            "Total Cost": 16052.85,
                            "Plan Rows": 811785,
                            "Plan Width": 4,
                            "Actual Startup Time": 0.02,
                            "Actual Total Time": 56.137,
                            "Actual Rows": 690018,
                            "Actual Loops": 2
                          },
                          {
                            "Node Type": "Hash",
                            "Parent Relationship": "Inner",
                            "Parallel Aware": true,
                            "Startup Cost": 54588.39,
                            "Total Cost": 54588.39,
                            "Plan Rows": 182282,
                            "Plan Width": 4,
                            "Actual Startup Time": 199.67,
                            "Actual Total Time": 199.671,
                            "Actual Rows": 161622,
                            "Actual Loops": 2,
                            "Hash Buckets": 524288,
                            "Original Hash Buckets": 524288,
                            "Hash Batches": 1,
                            "Original Hash Batches": 1,
                            "Peak Memory Usage": 16768,
                            "Plans": [
                              {
                                "Node Type": "Seq Scan",
                                "Parent Relationship": "Outer",
                                "Parallel Aware": true,
                                "Relation Name": "title",
                                "Alias": "t",
                                "Startup Cost": 0.0,
                                "Total Cost": 54588.39,
                                "Plan Rows": 182282,
                                "Plan Width": 4,
                                "Actual Startup Time": 0.031,
                                "Actual Total Time": 154.106,
                                "Actual Rows": 161622,
                                "Actual Loops": 2,
                                "Filter": "(production_year < 1967)",
                                "Rows Removed by Filter": 1102534
                              }
                            ]
                          }
                        ]
                      }
                    ]
                  }
                ]
              }
            ]
          }
        ]
      }
    ]
  },
  "Planning Time": 0.947,
  "Triggers": [],
  "Execution Time": 912.716
}