[
  {
    "Plan": {
      "Node Type": "Aggregate",
      "Strategy": "Plain",
      "Partial Mode": "Finalize",
      "Parallel Aware": false,
      "Startup Cost": 204109.07,
      "Total Cost": 204109.08,
      "Plan Rows": 1,
      "Plan Width": 8,
      "Actual Startup Time": 274.825,
      "Actual Total Time": 291.464,
      "Actual Rows": 1,
      "Actual Loops": 1,
      "Plans": [
        {
          "Node Type": "Gather",
          "Parent Relationship": "Outer",
          "Parallel Aware": false,
          "Startup Cost": 204108.45,
          "Total Cost": 204109.06,
          "Plan Rows": 6,
          "Plan Width": 8,
          "Actual Startup Time": 274.712,
          "Actual Total Time": 291.453,
          "Actual Rows": 7,
          "Actual Loops": 1,
          "Workers Planned": 6,
          "Workers Launched": 6,
          "Single Copy": false,
          "Plans": [
            {
              "Node Type": "Aggregate",
              "Strategy": "Plain",
              "Partial Mode": "Partial",
              "Parent Relationship": "Outer",
              "Parallel Aware": false,
              "Startup Cost": 203108.45,
              "Total Cost": 203108.46,
              "Plan Rows": 1,
              "Plan Width": 8,
              "Actual Startup Time": 263.903,
              "Actual Total Time": 263.905,
              "Actual Rows": 1,
              "Actual Loops": 7,
              "Plans": [
                {
                  "Node Type": "Index Scan",
                  "Parent Relationship": "Outer",
                  "Parallel Aware": true,
                  "Scan Direction": "Forward",
                  "Index Name": "role_id_cast_info",
                  "Relation Name": "cast_info",
                  "Alias": "ci",
                  "Startup Cost": 0.56,
                  "Total Cost": 201884.69,
                  "Plan Rows": 489502,
                  "Plan Width": 0,
                  "Actual Startup Time": 141.229,
                  "Actual Total Time": 241.716,
                  "Actual Rows": 465292,
                  "Actual Loops": 7,
                  "Index Cond": "(role_id = 2)",
                  "Rows Removed by Index Recheck": 0,
                  "Filter": "(person_id > 2280900)",
                  "Rows Removed by Filter": 599276
                }
              ]
            }
          ]
        }
      ]
    },
    "Planning Time": 0.247,
    "Triggers": [],
    "Execution Time": 291.53
  }
]