[
  {
    "Plan": {
      "Node Type": "Aggregate",
      "Strategy": "Plain",
      "Partial Mode": "Finalize",
      "Parallel Aware": false,
      "Startup Cost": 45170.23,
      "Total Cost": 45170.24,
      "Plan Rows": 1,
      "Plan Width": 8,
      "Actual Startup Time": 197.879,
      "Actual Total Time": 209.75,
      "Actual Rows": 1,
      "Actual Loops": 1,
      "Plans": [
        {
          "Node Type": "Gather",
          "Parent Relationship": "Outer",
          "Parallel Aware": false,
          "Startup Cost": 45169.92,
          "Total Cost": 45170.23,
          "Plan Rows": 3,
          "Plan Width": 8,
          "Actual Startup Time": 197.745,
          "Actual Total Time": 209.739,
          "Actual Rows": 4,
          "Actual Loops": 1,
          "Workers Planned": 3,
          "Workers Launched": 3,
          "Single Copy": false,
          "Plans": [
            {
              "Node Type": "Aggregate",
              "Strategy": "Plain",
              "Partial Mode": "Partial",
              "Parent Relationship": "Outer",
              "Parallel Aware": false,
              "Startup Cost": 44169.92,
              "Total Cost": 44169.93,
              "Plan Rows": 1,
              "Plan Width": 8,
              "Actual Startup Time": 184.716,
              "Actual Total Time": 184.717,
              "Actual Rows": 1,
              "Actual Loops": 4,
              "Plans": [
                {
                  "Node Type": "Seq Scan",
                  "Parent Relationship": "Outer",
                  "Parallel Aware": true,
                  "Relation Name": "movie_keyword",
                  "Alias": "mk",
                  "Startup Cost": 0.0,
                  "Total Cost": 42695.65,
                  "Plan Rows": 589705,
                  "Plan Width": 0,
                  "Actual Startup Time": 0.055,
                  "Actual Total Time": 153.552,
                  "Actual Rows": 456820,
                  "Actual Loops": 4,
                  "Filter": "(keyword_id < 3004)",
                  "Rows Removed by Filter": 674162
                }
              ]
            }
          ]
        }
      ]
    },
    "Planning Time": 0.186,
    "Triggers": [],
    "Execution Time": 209.809
  }
]