[
  {
    "Plan": {
      "Node Type": "Aggregate",
      "Strategy": "Plain",
      "Partial Mode": "Finalize",
      "Parallel Aware": false,
      "Startup Cost": 76389.47,
      "Total Cost": 76389.48,
      "Plan Rows": 1,
      "Plan Width": 8,
      "Actual Startup Time": 243.039,
      "Actual Total Time": 259.767,
      "Actual Rows": 1,
      "Actual Loops": 1,
      "Plans": [
        {
          "Node Type": "Gather",
          "Parent Relationship": "Outer",
          "Parallel Aware": false,
          "Startup Cost": 76389.15,
          "Total Cost": 76389.46,
          "Plan Rows": 3,
          "Plan Width": 8,
          "Actual Startup Time": 242.525,
          "Actual Total Time": 259.758,
          "Actual Rows": 4,
          "Actual Loops": 1,
          "Workers Planned": 3,
          "Workers Launched": 3,
          "Single Copy": false,
          "Plans": [
            {
              "Node Type": "Aggregate",
              "Strategy": "Plain",
              "Partial Mode": "Partial",
              "Parent Relationship": "Outer",
              "Parallel Aware": false,
              "Startup Cost": 75389.15,
              "Total Cost": 75389.16,
              "Plan Rows": 1,
              "Plan Width": 8,
              "Actual Startup Time": 233.925,
              "Actual Total Time": 233.928,
              "Actual Rows": 1,
              "Actual Loops": 4,
              "Plans": [
                {
                  "Node Type": "Hash Join",
                  "Parent Relationship": "Outer",
                  "Parallel Aware": true,
                  "Join Type": "Inner",
                  "Startup Cost": 44248.4,
                  "Total Cost": 75315.17,
                  "Plan Rows": 29592,
                  "Plan Width": 0,
                  "Actual Startup Time": 106.835,
                  "Actual Total Time": 232.955,
                  "Actual Rows": 19289,
                  "Actual Loops": 4,
                  "Inner Unique": true,
                  "Hash Cond": "(mc.movie_id = t.id)",
                  "Plans": [
                    {
                      "Node Type": "Seq Scan",
                      "Parent Relationship": "Outer",
                      "Parallel Aware": true,
                      "Relation Name": "movie_companies",
                      "Alias": "mc",
                      "Startup Cost": 0.0,
                      "Total Cost": 29310.68,
                      "Plan Rows": 668985,
                      "Plan Width": 4,
                      "Actual Startup Time": 0.018,
                      "Actual Total Time": 70.2,
                      "Actual Rows": 515953,
                      "Actual Loops": 4,
                      "Filter": "(company_id < 72029)",
                      "Rows Removed by Filter": 136329
                    },
                    {
                      "Node Type": "Hash",
                      "Parent Relationship": "Inner",
                      "Parallel Aware": true,
                      "Startup Cost": 43898.92,
                      "Total Cost": 43898.92,
                      "Plan Rows": 27959,
                      "Plan Width": 4,
                      "Actual Startup Time": 104.886,
                      "Actual Total Time": 104.887,
                      "Actual Rows": 27107,
                      "Actual Loops": 4,
                      "Hash Buckets": 131072,
                      "Original Hash Buckets": 131072,
                      "Hash Batches": 1,
                      "Original Hash Batches": 1,
                      "Peak Memory Usage": 5344,
                      "Plans": [
                        {
                          "Node Type": "Seq Scan",
                          "Parent Relationship": "Outer",
                          "Parallel Aware": true,
                          "Relation Name": "title",
                          "Alias": "t",
                          "Startup Cost": 0.0,
                          "Total Cost": 43898.92,
                          "Plan Rows": 27959,
                          "Plan Width": 4,
                          "Actual Startup Time": 0.042,
                          "Actual Total Time": 93.611,
                          "Actual Rows": 27107,
                          "Actual Loops": 4,
                          "Filter": "(production_year = 2006)",
                          "Rows Removed by Filter": 604971
                        }
                      ]
                    }
                  ]
                }
              ]
            }
          ]
        }
      ]
    },
    "Planning Time": 0.638,
    "Triggers": [],
    "Execution Time": 259.839
  }
]