[
  {
    "Plan": {
      "Node Type": "Aggregate",
      "Strategy": "Plain",
      "Partial Mode": "Finalize",
      "Parallel Aware": false,
      "Startup Cost": 430282.92,
      "Total Cost": 430282.93,
      "Plan Rows": 1,
      "Plan Width": 8,
      "Actual Startup Time": 1735.143,
      "Actual Total Time": 1804.951,
      "Actual Rows": 1,
      "Actual Loops": 1,
      "Plans": [
        {
          "Node Type": "Gather",
          "Parent Relationship": "Outer",
          "Parallel Aware": false,
          "Startup Cost": 430282.29,
          "Total Cost": 430282.9,
          "Plan Rows": 6,
          "Plan Width": 8,
          "Actual Startup Time": 1720.166,
          "Actual Total Time": 1804.938,
          "Actual Rows": 7,
          "Actual Loops": 1,
          "Workers Planned": 6,
          "Workers Launched": 6,
          "Single Copy": false,
          "Plans": [
            {
              "Node Type": "Aggregate",
              "Strategy": "Plain",
              "Partial Mode": "Partial",
              "Parent Relationship": "Outer",
              "Parallel Aware": false,
              "Startup Cost": 429282.29,
              "Total Cost": 429282.3,
              "Plan Rows": 1,
              "Plan Width": 8,
              "Actual Startup Time": 1709.033,
              "Actual Total Time": 1709.256,
              "Actual Rows": 1,
              "Actual Loops": 7,
              "Plans": [
                {
                  "Node Type": "Hash Join",
                  "Parent Relationship": "Outer",
                  "Parallel Aware": true,
                  "Join Type": "Inner",
                  "Startup Cost": 85045.76,
                  "Total Cost": 425559.23,
                  "Plan Rows": 1489224,
                  "Plan Width": 0,
                  "Actual Startup Time": 302.325,
                  "Actual Total Time": 1666.502,
                  "Actual Rows": 885347,
                  "Actual Loops": 7,
                  "Inner Unique": false,
                  "Hash Cond": "(ci.movie_id = t.id)",
                  "Plans": [
                    {
                      "Node Type": "Seq Scan",
                      "Parent Relationship": "Outer",
                      "Parallel Aware": true,
                      "Relation Name": "cast_info",
                      "Alias": "ci",
                      "Startup Cost": 0.0,
                      "Total Cost": 313067.02,
                      "Plan Rows": 6038002,
                      "Plan Width": 4,
                      "Actual Startup Time": 0.025,
                      "Actual Total Time": 568.655,
                      "Actual Rows": 5177763,
                      "Actual Loops": 7
                    },
                    {
                      "Node Type": "Hash",
                      "Parent Relationship": "Inner",
                      "Parallel Aware": true,
                      "Startup Cost": 82531.31,
                      "Total Cost": 82531.31,
                      "Plan Rows": 201156,
                      "Plan Width": 8,
                      "Actual Startup Time": 298.856,
                      "Actual Total Time": 299.078,
                      "Actual Rows": 34763,
                      "Actual Loops": 7,
                      "Hash Buckets": 1048576,
                      "Original Hash Buckets": 1048576,
                      "Hash Batches": 1,
                      "Original Hash Batches": 1,
                      "Peak Memory Usage": 17856,
                      "Plans": [
                        {
                          "Node Type": "Hash Join",
                          "Parent Relationship": "Outer",
                          "Parallel Aware": true,
                          "Join Type": "Inner",
                          "Startup Cost": 50240.24,
                          "Total Cost": 82531.31,
                          "Plan Rows": 201156,
                          "Plan Width": 8,
                          "Actual Startup Time": 198.011,
                          "Actual Total Time": 281.052,
                          "Actual Rows": 34763,
                          "Actual Loops": 7,
                          "Inner Unique": true,
                          "Hash Cond": "(mc.movie_id = t.id)",
                          "Plans": [
                            {
                              "Node Type": "Seq Scan",
                              "Parent Relationship": "Outer",
                              "Parallel Aware": true,
                              "Relation Name": "movie_companies",
                              "Alias": "mc",
                              "Startup Cost": 0.0,
                              "Total Cost": 31414.82,
                              "Plan Rows": 333810,
                              "Plan Width": 4,
                              "Actual Startup Time": 0.085,
                              "Actual Total Time": 46.57,
                              "Actual Rows": 129432,
                              "Actual Loops": 7,
                              "Filter": "((company_id > 452) AND (company_type_id = 1))",
                              "Rows Removed by Filter": 243301
                            },
                            {
                              "Node Type": "Hash",
                              "Parent Relationship": "Inner",
                              "Parallel Aware": true,
                              "Startup Cost": 45479.1,
                              "Total Cost": 45479.1,
                              "Plan Rows": 380891,
                              "Plan Width": 4,
                              "Actual Startup Time": 195.309,
                              "Actual Total Time": 195.31,
                              "Actual Rows": 215319,
                              "Actual Loops": 7,
                              "Hash Buckets": 2097152,
                              "Original Hash Buckets": 2097152,
                              "Hash Batches": 1,
                              "Original Hash Batches": 1,
                              "Peak Memory Usage": 75488,
                              "Plans": [
                                {
                                  "Node Type": "Seq Scan",
                                  "Parent Relationship": "Outer",
                                  "Parallel Aware": true,
                                  "Relation Name": "title",
                                  "Alias": "t",
                                  "Startup Cost": 0.0,
                                  "Total Cost": 45479.1,
                                  "Plan Rows": 380891,
                                  "Plan Width": 4,
                                  "Actual Startup Time": 0.041,
                                  "Actual Total Time": 83.229,
                                  "Actual Rows": 215319,
                                  "Actual Loops": 7,
                                  "Filter": "((kind_id > 1) AND (production_year < 2011))",
                                  "Rows Removed by Filter": 145868
                                }
                              ]
                            }
                          ]
                        }
                      ]
                    }
                  ]
                }
              ]
            }
          ]
        }
      ]
    },
    "Planning Time": 1.46,
    "Triggers": [],
    "Execution Time": 1805.055
  }
]