{
  "Plan": {
    "Node Type": "Aggregate",
    "Strategy": "Plain",
    "Partial Mode": "Finalize",
    "Parallel Aware": false,
    "Startup Cost": 515420.61,
    "Total Cost": 515420.62,
    "Plan Rows": 1,
    "Plan Width": 8,
    "Actual Startup Time": 1403.204,
    "Actual Total Time": 1431.939,
    "Actual Rows": 1,
    "Actual Loops": 1,
    "Plans": [
      {
        "Node Type": "Gather",
        "Parent Relationship": "Outer",
        "Parallel Aware": false,
        "Startup Cost": 515420.5,
        "Total Cost": 515420.61,
        "Plan Rows": 1,
        "Plan Width": 8,
        "Actual Startup Time": 1401.952,
        "Actual Total Time": 1431.927,
        "Actual Rows": 2,
        "Actual Loops": 1,
        "Workers Planned": 1,
        "Workers Launched": 1,
        "Single Copy": false,
        "Plans": [
          {
            "Node Type": "Aggregate",
            "Strategy": "Plain",
            "Partial Mode": "Partial",
            "Parent Relationship": "Outer",
            "Parallel Aware": false,
            "Startup Cost": 514420.5,
            "Total Cost": 514420.51,
            "Plan Rows": 1,
            "Plan Width": 8,
            "Actual Startup Time": 1395.86,
            "Actual Total Time": 1395.864,
            "Actual Rows": 1,
            "Actual Loops": 2,
            "Plans": [
              {
                "Node Type": "Hash Join",
                "Parent Relationship": "Outer",
                "Parallel Aware": true,
                "Join Type": "Inner",
                "Startup Cost": 199331.0,
                "Total Cost": 513971.42,
                "Plan Rows": 179632,
                "Plan Width": 0,
                "Actual Startup Time": 444.562,
                "Actual Total Time": 1386.79,
                "Actual Rows": 196560,
                "Actual Loops": 2,
                "Inner Unique": true,
                "Hash Cond": "(ci.movie_id = t.id)",
                "Plans": [
                  {
                    "Node Type": "Bitmap Heap Scan",
                    "Parent Relationship": "Outer",
                    "Parallel Aware": true,
                    "Relation Name": "cast_info",
                    "Alias": "ci",
                    "Startup Cost": 142813.77,
                    "Total Cost": 452909.47,
                    "Plan Rows": 1731319,
                    "Plan Width": 4,
                    "Actual Startup Time": 252.459,
                    "Actual Total Time": 742.365,
                    "Actual Rows": 3165060,
                    "Actual Loops": 2,
                    "Recheck Cond": "(person_id > 3020011)",
                    "Rows Removed by Index Recheck": 0,
                    "Filter": "(role_id > 2)",
                    "Rows Removed by Filter": 0,
                    "Exact Heap Blocks": 44048,
                    "Lossy Heap Blocks": 0,
                    "Plans": [
                      {
                        "Node Type": "Bitmap Index Scan",
                        "Parent Relationship": "Outer",
                        "Parallel Aware": false,
                        "Index Name": "person_id_cast_info",
                        "Startup Cost": 0.0,
                        "Total Cost": 142077.96,
                        "Plan Rows": 6506319,
                        "Plan Width": 0,
                        "Actual Startup Time": 237.782,
                        "Actual Total Time": 237.783,
                        "Actual Rows": 6330120,
                        "Actual Loops": 1,
                        "Index Cond": "(person_id > 3020011)"
                      }
                    ]
                  },
                  {
                    "Node Type": "Hash",
                    "Parent Relationship": "Inner",
                    "Parallel Aware": true,
                    "Startup Cost": 54588.39,
                    "Total Cost": 54588.39,
                    "Plan Rows": 154307,
                    "Plan Width": 4,
                    "Actual Startup Time": 186.601,
                    "Actual Total Time": 186.602,
                    "Actual Rows": 136951,
                    "Actual Loops": 2,
                    "Hash Buckets": 524288,
                    "Original Hash Buckets": 524288,
                    "Hash Batches": 1,
                    "Original Hash Batches": 1,
                    "Peak Memory Usage": 14848,
                    "Plans": [
                      {
                        "Node Type": "Seq Scan",
                        "Parent Relationship": "Outer",
                        "Parallel Aware": true,
                        "Relation Name": "title",
                        "Alias": "t",
                        "Startup Cost": 0.0,
                        "Total Cost": 54588.39,
                        "Plan Rows": 154307,
                        "Plan Width": 4,
                        "Actual Startup Time": 0.03,
                        "Actual Total Time": 143.693,
                        "Actual Rows": 136951,
                        "Actual Loops": 2,
                        "Filter": "(production_year < 1963)",
                        "Rows Removed by Filter": 1127205
                      }
                    ]
                  }
                ]
              }
            ]
          }
        ]
      }
    ]
  },
  "Planning Time": 0.605,
  "Triggers": [],
  "Execution Time": 1432.034
}