[
    {
        "Bao": {
            "Bao prediction": 443.088,
            "Bao recommended hint": "(no hint)"
        }
    },
    {
        "Plan": {
            "Node Type": "Aggregate",
            "Strategy": "Plain",
            "Partial Mode": "Finalize",
            "Parallel Aware": false,
            "Startup Cost": 32931.49,
            "Total Cost": 32931.5,
            "Plan Rows": 1,
            "Plan Width": 8,
            "Actual Startup Time": 112.766,
            "Actual Total Time": 117.683,
            "Actual Rows": 1,
            "Actual Loops": 1,
            "Output": [
                "count(*)"
            ],
            "Plans": [
                {
                    "Node Type": "Gather",
                    "Parent Relationship": "Outer",
                    "Parallel Aware": false,
                    "Startup Cost": 32931.17,
                    "Total Cost": 32931.48,
                    "Plan Rows": 3,
                    "Plan Width": 8,
                    "Actual Startup Time": 112.644,
                    "Actual Total Time": 117.676,
                    "Actual Rows": 4,
                    "Actual Loops": 1,
                    "Output": [
                        "(PARTIAL count(*))"
                    ],
                    "Workers Planned": 3,
                    "Workers Launched": 3,
                    "Single Copy": false,
                    "Plans": [
                        {
                            "Node Type": "Aggregate",
                            "Strategy": "Plain",
                            "Partial Mode": "Partial",
                            "Parent Relationship": "Outer",
                            "Parallel Aware": false,
                            "Startup Cost": 31931.17,
                            "Total Cost": 31931.18,
                            "Plan Rows": 1,
                            "Plan Width": 8,
                            "Actual Startup Time": 105.071,
                            "Actual Total Time": 105.072,
                            "Actual Rows": 1,
                            "Actual Loops": 4,
                            "Output": [
                                "PARTIAL count(*)"
                            ],
                            "Workers": [
                                {
                                    "Worker Number": 0,
                                    "Actual Startup Time": 102.672,
                                    "Actual Total Time": 102.672,
                                    "Actual Rows": 1,
                                    "Actual Loops": 1
                                },
                                {
                                    "Worker Number": 1,
                                    "Actual Startup Time": 102.774,
                                    "Actual Total Time": 102.775,
                                    "Actual Rows": 1,
                                    "Actual Loops": 1
                                },
                                {
                                    "Worker Number": 2,
                                    "Actual Startup Time": 102.787,
                                    "Actual Total Time": 102.789,
                                    "Actual Rows": 1,
                                    "Actual Loops": 1
                                }
                            ],
                            "Plans": [
                                {
                                    "Node Type": "Seq Scan",
                                    "Parent Relationship": "Outer",
                                    "Parallel Aware": true,
                                    "Relation Name": "movie_companies",
                                    "Schema": "public",
                                    "Alias": "mc",
                                    "Startup Cost": 0.0,
                                    "Total Cost": 31414.82,
                                    "Plan Rows": 206542,
                                    "Plan Width": 0,
                                    "Actual Startup Time": 50.054,
                                    "Actual Total Time": 92.533,
                                    "Actual Rows": 223969,
                                    "Actual Loops": 4,
                                    "Output": [
                                        "id",
                                        "movie_id",
                                        "company_id",
                                        "company_type_id",
                                        "note"
                                    ],
                                    "Filter": "((mc.company_id > 11550) AND (mc.company_type_id = 2))",
                                    "Rows Removed by Filter": 428313,
                                    "Workers": [
                                        {
                                            "Worker Number": 0,
                                            "Actual Startup Time": 47.652,
                                            "Actual Total Time": 90.332,
                                            "Actual Rows": 187471,
                                            "Actual Loops": 1
                                        },
                                        {
                                            "Worker Number": 1,
                                            "Actual Startup Time": 47.752,
                                            "Actual Total Time": 90.4,
                                            "Actual Rows": 187869,
                                            "Actual Loops": 1
                                        },
                                        {
                                            "Worker Number": 2,
                                            "Actual Startup Time": 47.785,
                                            "Actual Total Time": 90.502,
                                            "Actual Rows": 184221,
                                            "Actual Loops": 1
                                        }
                                    ]
                                }
                            ]
                        }
                    ]
                }
            ]
        },
        "Planning Time": 651.867,
        "Triggers": [],
        "Execution Time": 117.768
    }
]