[
  {
    "Plan": {
      "Node Type": "Aggregate",
      "Strategy": "Plain",
      "Partial Mode": "Finalize",
      "Parallel Aware": false,
      "Startup Cost": 75087.74,
      "Total Cost": 75087.75,
      "Plan Rows": 1,
      "Plan Width": 8,
      "Actual Startup Time": 228.454,
      "Actual Total Time": 239.975,
      "Actual Rows": 1,
      "Actual Loops": 1,
      "Plans": [
        {
          "Node Type": "Gather",
          "Parent Relationship": "Outer",
          "Parallel Aware": false,
          "Startup Cost": 75087.43,
          "Total Cost": 75087.74,
          "Plan Rows": 3,
          "Plan Width": 8,
          "Actual Startup Time": 225.211,
          "Actual Total Time": 239.964,
          "Actual Rows": 4,
          "Actual Loops": 1,
          "Workers Planned": 3,
          "Workers Launched": 3,
          "Single Copy": false,
          "Plans": [
            {
              "Node Type": "Aggregate",
              "Strategy": "Plain",
              "Partial Mode": "Partial",
              "Parent Relationship": "Outer",
              "Parallel Aware": false,
              "Startup Cost": 74087.43,
              "Total Cost": 74087.44,
              "Plan Rows": 1,
              "Plan Width": 8,
              "Actual Startup Time": 218.508,
              "Actual Total Time": 218.513,
              "Actual Rows": 1,
              "Actual Loops": 4,
              "Plans": [
                {
                  "Node Type": "Nested Loop",
                  "Parent Relationship": "Outer",
                  "Parallel Aware": false,
                  "Join Type": "Inner",
                  "Startup Cost": 32912.23,
                  "Total Cost": 74078.41,
                  "Plan Rows": 3607,
                  "Plan Width": 0,
                  "Actual Startup Time": 145.68,
                  "Actual Total Time": 217.364,
                  "Actual Rows": 17777,
                  "Actual Loops": 4,
                  "Inner Unique": true,
                  "Plans": [
                    {
                      "Node Type": "Hash Join",
                      "Parent Relationship": "Outer",
                      "Parallel Aware": true,
                      "Join Type": "Inner",
                      "Startup Cost": 32911.8,
                      "Total Cost": 61237.21,
                      "Plan Rows": 17942,
                      "Plan Width": 8,
                      "Actual Startup Time": 145.596,
                      "Actual Total Time": 167.511,
                      "Actual Rows": 17777,
                      "Actual Loops": 4,
                      "Inner Unique": false,
                      "Hash Cond": "(mk.movie_id = mc.movie_id)",
                      "Plans": [
                        {
                          "Node Type": "Bitmap Heap Scan",
                          "Parent Relationship": "Outer",
                          "Parallel Aware": true,
                          "Relation Name": "movie_keyword",
                          "Alias": "mk",
                          "Startup Cost": 894.91,
                          "Total Cost": 26274.77,
                          "Plan Rows": 13589,
                          "Plan Width": 4,
                          "Actual Startup Time": 7.352,
                          "Actual Total Time": 21.984,
                          "Actual Rows": 10918,
                          "Actual Loops": 4,
                          "Recheck Cond": "(keyword_id > 102719)",
                          "Rows Removed by Index Recheck": 0,
                          "Exact Heap Blocks": 3883,
                          "Lossy Heap Blocks": 0,
                          "Plans": [
                            {
                              "Node Type": "Bitmap Index Scan",
                              "Parent Relationship": "Outer",
                              "Parallel Aware": false,
                              "Index Name": "keyword_id_movie_keyword",
                              "Startup Cost": 0.0,
                              "Total Cost": 884.38,
                              "Plan Rows": 42126,
                              "Plan Width": 0,
                              "Actual Startup Time": 5.726,
                              "Actual Total Time": 5.726,
                              "Actual Rows": 43674,
                              "Actual Loops": 1,
                              "Index Cond": "(keyword_id > 102719)"
                            }
                          ]
                        },
                        {
                          "Node Type": "Hash",
                          "Parent Relationship": "Inner",
                          "Parallel Aware": true,
                          "Startup Cost": 29310.68,
                          "Total Cost": 29310.68,
                          "Plan Rows": 216497,
                          "Plan Width": 4,
                          "Actual Startup Time": 134.581,
                          "Actual Total Time": 134.582,
                          "Actual Rows": 166408,
                          "Actual Loops": 4,
                          "Hash Buckets": 1048576,
                          "Original Hash Buckets": 1048576,
                          "Hash Batches": 1,
                          "Original Hash Batches": 1,
                          "Peak Memory Usage": 34272,
                          "Plans": [
                            {
                              "Node Type": "Seq Scan",
                              "Parent Relationship": "Outer",
                              "Parallel Aware": true,
                              "Relation Name": "movie_companies",
                              "Alias": "mc",
                              "Startup Cost": 0.0,
                              "Total Cost": 29310.68,
                              "Plan Rows": 216497,
                              "Plan Width": 4,
                              "Actual Startup Time": 0.043,
                              "Actual Total Time": 75.813,
                              "Actual Rows": 166408,
                              "Actual Loops": 4,
                              "Filter": "(company_id < 1015)",
                              "Rows Removed by Filter": 485874
                            }
                          ]
                        }
                      ]
                    },
                    {
                      "Node Type": "Index Only Scan",
                      "Parent Relationship": "Inner",
                      "Parallel Aware": false,
                      "Scan Direction": "Forward",
                      "Index Name": "title_pkey",
                      "Relation Name": "title",
                      "Alias": "t",
                      "Startup Cost": 0.43,
                      "Total Cost": 0.72,
                      "Plan Rows": 1,
                      "Plan Width": 4,
                      "Actual Startup Time": 0.002,
                      "Actual Total Time": 0.002,
                      "Actual Rows": 1,
                      "Actual Loops": 71107,
                      "Index Cond": "(id = mc.movie_id)",
                      "Rows Removed by Index Recheck": 0,
                      "Heap Fetches": 71107
                    }
                  ]
                }
              ]
            }
          ]
        }
      ]
    },
    "Planning Time": 0.923,
    "Triggers": [],
    "Execution Time": 240.047
  }
]