[
  {
    "Plan": {
      "Node Type": "Aggregate",
      "Strategy": "Plain",
      "Partial Mode": "Finalize",
      "Parallel Aware": false,
      "Startup Cost": 73296.68,
      "Total Cost": 73296.69,
      "Plan Rows": 1,
      "Plan Width": 8,
      "Actual Startup Time": 244.878,
      "Actual Total Time": 257.845,
      "Actual Rows": 1,
      "Actual Loops": 1,
      "Plans": [
        {
          "Node Type": "Gather",
          "Parent Relationship": "Outer",
          "Parallel Aware": false,
          "Startup Cost": 73296.37,
          "Total Cost": 73296.68,
          "Plan Rows": 3,
          "Plan Width": 8,
          "Actual Startup Time": 242.911,
          "Actual Total Time": 257.837,
          "Actual Rows": 4,
          "Actual Loops": 1,
          "Workers Planned": 3,
          "Workers Launched": 3,
          "Single Copy": false,
          "Plans": [
            {
              "Node Type": "Aggregate",
              "Strategy": "Plain",
              "Partial Mode": "Partial",
              "Parent Relationship": "Outer",
              "Parallel Aware": false,
              "Startup Cost": 72296.37,
              "Total Cost": 72296.38,
              "Plan Rows": 1,
              "Plan Width": 8,
              "Actual Startup Time": 233.541,
              "Actual Total Time": 233.545,
              "Actual Rows": 1,
              "Actual Loops": 4,
              "Plans": [
                {
                  "Node Type": "Nested Loop",
                  "Parent Relationship": "Outer",
                  "Parallel Aware": false,
                  "Join Type": "Inner",
                  "Startup Cost": 32948.4,
                  "Total Cost": 72286.98,
                  "Plan Rows": 3755,
                  "Plan Width": 0,
                  "Actual Startup Time": 156.633,
                  "Actual Total Time": 232.41,
                  "Actual Rows": 17777,
                  "Actual Loops": 4,
                  "Inner Unique": true,
                  "Plans": [
                    {
                      "Node Type": "Hash Join",
                      "Parent Relationship": "Outer",
                      "Parallel Aware": true,
                      "Join Type": "Inner",
                      "Startup Cost": 32947.97,
                      "Total Cost": 58294.43,
                      "Plan Rows": 19547,
                      "Plan Width": 8,
                      "Actual Startup Time": 156.521,
                      "Actual Total Time": 179.374,
                      "Actual Rows": 17777,
                      "Actual Loops": 4,
                      "Inner Unique": false,
                      "Hash Cond": "(mk.movie_id = mc.movie_id)",
                      "Plans": [
                        {
                          "Node Type": "Bitmap Heap Scan",
                          "Parent Relationship": "Outer",
                          "Parallel Aware": true,
                          "Relation Name": "movie_keyword",
                          "Alias": "mk",
                          "Startup Cost": 932.44,
                          "Total Cost": 26145.08,
                          "Plan Rows": 14152,
                          "Plan Width": 4,
                          "Actual Startup Time": 7.236,
                          "Actual Total Time": 22.575,
                          "Actual Rows": 10918,
                          "Actual Loops": 4,
                          "Recheck Cond": "(keyword_id > 102719)",
                          "Rows Removed by Index Recheck": 0,
                          "Exact Heap Blocks": 3143,
                          "Lossy Heap Blocks": 0,
                          "Plans": [
                            {
                              "Node Type": "Bitmap Index Scan",
                              "Parent Relationship": "Outer",
                              "Parallel Aware": false,
                              "Index Name": "keyword_id_movie_keyword",
                              "Startup Cost": 0.0,
                              "Total Cost": 921.47,
                              "Plan Rows": 43872,
                              "Plan Width": 0,
                              "Actual Startup Time": 5.543,
                              "Actual Total Time": 5.543,
                              "Actual Rows": 43674,
                              "Actual Loops": 1,
                              "Index Cond": "(keyword_id > 102719)"
                            }
                          ]
                        },
                        {
                          "Node Type": "Hash",
                          "Parent Relationship": "Inner",
                          "Parallel Aware": true,
                          "Startup Cost": 29310.68,
                          "Total Cost": 29310.68,
                          "Plan Rows": 216388,
                          "Plan Width": 4,
                          "Actual Startup Time": 144.249,
                          "Actual Total Time": 144.25,
                          "Actual Rows": 166408,
                          "Actual Loops": 4,
                          "Hash Buckets": 1048576,
                          "Original Hash Buckets": 1048576,
                          "Hash Batches": 1,
                          "Original Hash Batches": 1,
                          "Peak Memory Usage": 34272,
                          "Plans": [
                            {
                              "Node Type": "Seq Scan",
                              "Parent Relationship": "Outer",
                              "Parallel Aware": true,
                              "Relation Name": "movie_companies",
                              "Alias": "mc",
                              "Startup Cost": 0.0,
                              "Total Cost": 29310.68,
                              "Plan Rows": 216388,
                              "Plan Width": 4,
                              "Actual Startup Time": 0.051,
                              "Actual Total Time": 80.018,
                              "Actual Rows": 166408,
                              "Actual Loops": 4,
                              "Filter": "(company_id < 1015)",
                              "Rows Removed by Filter": 485874
                            }
                          ]
                        }
                      ]
                    },
                    {
                      "Node Type": "Index Only Scan",
                      "Parent Relationship": "Inner",
                      "Parallel Aware": false,
                      "Scan Direction": "Forward",
                      "Index Name": "title_pkey",
                      "Relation Name": "title",
                      "Alias": "t",
                      "Startup Cost": 0.43,
                      "Total Cost": 0.72,
                      "Plan Rows": 1,
                      "Plan Width": 4,
                      "Actual Startup Time": 0.003,
                      "Actual Total Time": 0.003,
                      "Actual Rows": 1,
                      "Actual Loops": 71107,
                      "Index Cond": "(id = mc.movie_id)",
                      "Rows Removed by Index Recheck": 0,
                      "Heap Fetches": 71107
                    }
                  ]
                }
              ]
            }
          ]
        }
      ]
    },
    "Planning Time": 1.479,
    "Triggers": [],
    "Execution Time": 257.947
  }
]