[
  {
    "Plan": {
      "Node Type": "Aggregate",
      "Strategy": "Plain",
      "Partial Mode": "Finalize",
      "Parallel Aware": false,
      "Startup Cost": 337300.36,
      "Total Cost": 337300.37,
      "Plan Rows": 1,
      "Plan Width": 8,
      "Actual Startup Time": 802.618,
      "Actual Total Time": 847.049,
      "Actual Rows": 1,
      "Actual Loops": 1,
      "Plans": [
        {
          "Node Type": "Gather",
          "Parent Relationship": "Outer",
          "Parallel Aware": false,
          "Startup Cost": 337299.73,
          "Total Cost": 337300.34,
          "Plan Rows": 6,
          "Plan Width": 8,
          "Actual Startup Time": 802.364,
          "Actual Total Time": 847.036,
          "Actual Rows": 7,
          "Actual Loops": 1,
          "Workers Planned": 6,
          "Workers Launched": 6,
          "Single Copy": false,
          "Plans": [
            {
              "Node Type": "Aggregate",
              "Strategy": "Plain",
              "Partial Mode": "Partial",
              "Parent Relationship": "Outer",
              "Parallel Aware": false,
              "Startup Cost": 336299.73,
              "Total Cost": 336299.74,
              "Plan Rows": 1,
              "Plan Width": 8,
              "Actual Startup Time": 794.986,
              "Actual Total Time": 794.987,
              "Actual Rows": 1,
              "Actual Loops": 7,
              "Plans": [
                {
                  "Node Type": "Seq Scan",
                  "Parent Relationship": "Outer",
                  "Parallel Aware": true,
                  "Relation Name": "cast_info",
                  "Alias": "ci",
                  "Startup Cost": 0.0,
                  "Total Cost": 328211.39,
                  "Plan Rows": 3235337,
                  "Plan Width": 0,
                  "Actual Startup Time": 197.49,
                  "Actual Total Time": 644.9,
                  "Actual Rows": 2746606,
                  "Actual Loops": 7,
                  "Filter": "(person_id > 1682271)",
                  "Rows Removed by Filter": 2431158
                }
              ]
            }
          ]
        }
      ]
    },
    "Planning Time": 0.105,
    "Triggers": [],
    "Execution Time": 847.094
  }
]