[
  {
    "Plan": {
      "Node Type": "Aggregate",
      "Strategy": "Plain",
      "Partial Mode": "Finalize",
      "Parallel Aware": false,
      "Startup Cost": 436429.18,
      "Total Cost": 436429.19,
      "Plan Rows": 1,
      "Plan Width": 8,
      "Actual Startup Time": 1622.563,
      "Actual Total Time": 1676.968,
      "Actual Rows": 1,
      "Actual Loops": 1,
      "Plans": [
        {
          "Node Type": "Gather",
          "Parent Relationship": "Outer",
          "Parallel Aware": false,
          "Startup Cost": 436428.56,
          "Total Cost": 436429.17,
          "Plan Rows": 6,
          "Plan Width": 8,
          "Actual Startup Time": 1605.191,
          "Actual Total Time": 1676.953,
          "Actual Rows": 7,
          "Actual Loops": 1,
          "Workers Planned": 6,
          "Workers Launched": 6,
          "Single Copy": false,
          "Plans": [
            {
              "Node Type": "Aggregate",
              "Strategy": "Plain",
              "Partial Mode": "Partial",
              "Parent Relationship": "Outer",
              "Parallel Aware": false,
              "Startup Cost": 435428.56,
              "Total Cost": 435428.57,
              "Plan Rows": 1,
              "Plan Width": 8,
              "Actual Startup Time": 1595.967,
              "Actual Total Time": 1596.285,
              "Actual Rows": 1,
              "Actual Loops": 7,
              "Plans": [
                {
                  "Node Type": "Hash Join",
                  "Parent Relationship": "Outer",
                  "Parallel Aware": true,
                  "Join Type": "Inner",
                  "Startup Cost": 84653.32,
                  "Total Cost": 434542.84,
                  "Plan Rows": 354286,
                  "Plan Width": 0,
                  "Actual Startup Time": 440.968,
                  "Actual Total Time": 1552.757,
                  "Actual Rows": 929440,
                  "Actual Loops": 7,
                  "Inner Unique": false,
                  "Hash Cond": "(ci.movie_id = t.id)",
                  "Plans": [
                    {
                      "Node Type": "Seq Scan",
                      "Parent Relationship": "Outer",
                      "Parallel Aware": true,
                      "Relation Name": "cast_info",
                      "Alias": "ci",
                      "Startup Cost": 0.0,
                      "Total Cost": 343316.27,
                      "Plan Rows": 1448105,
                      "Plan Width": 4,
                      "Actual Startup Time": 0.042,
                      "Actual Total Time": 646.838,
                      "Actual Rows": 1619976,
                      "Actual Loops": 7,
                      "Filter": "((person_id < 1554493) AND (role_id < 3))",
                      "Rows Removed by Filter": 3557788
                    },
                    {
                      "Node Type": "Hash",
                      "Parent Relationship": "Inner",
                      "Parallel Aware": true,
                      "Startup Cost": 82159.01,
                      "Total Cost": 82159.01,
                      "Plan Rows": 199545,
                      "Plan Width": 8,
                      "Actual Startup Time": 438.445,
                      "Actual Total Time": 438.761,
                      "Actual Rows": 126101,
                      "Actual Loops": 7,
                      "Hash Buckets": 1048576,
                      "Original Hash Buckets": 1048576,
                      "Hash Batches": 1,
                      "Original Hash Batches": 1,
                      "Peak Memory Usage": 42848,
                      "Plans": [
                        {
                          "Node Type": "Hash Join",
                          "Parent Relationship": "Outer",
                          "Parallel Aware": true,
                          "Join Type": "Inner",
                          "Startup Cost": 50220.38,
                          "Total Cost": 82159.01,
                          "Plan Rows": 199545,
                          "Plan Width": 8,
                          "Actual Startup Time": 294.979,
                          "Actual Total Time": 381.151,
                          "Actual Rows": 126101,
                          "Actual Loops": 7,
                          "Inner Unique": true,
                          "Hash Cond": "(mc.movie_id = t.id)",
                          "Plans": [
                            {
                              "Node Type": "Seq Scan",
                              "Parent Relationship": "Outer",
                              "Parallel Aware": true,
                              "Relation Name": "movie_companies",
                              "Alias": "mc",
                              "Startup Cost": 0.0,
                              "Total Cost": 31414.82,
                              "Plan Rows": 199545,
                              "Plan Width": 4,
                              "Actual Startup Time": 22.951,
                              "Actual Total Time": 49.567,
                              "Actual Rows": 126101,
                              "Actual Loops": 7,
                              "Filter": "((company_id > 12319) AND (company_type_id = 2))",
                              "Rows Removed by Filter": 246631
                            },
                            {
                              "Node Type": "Hash",
                              "Parent Relationship": "Inner",
                              "Parallel Aware": true,
                              "Startup Cost": 42319.06,
                              "Total Cost": 42319.06,
                              "Plan Rows": 632106,
                              "Plan Width": 4,
                              "Actual Startup Time": 267.865,
                              "Actual Total Time": 267.866,
                              "Actual Rows": 361187,
                              "Actual Loops": 7,
                              "Hash Buckets": 4194304,
                              "Original Hash Buckets": 4194304,
                              "Hash Batches": 1,
                              "Original Hash Batches": 1,
                              "Peak Memory Usage": 131808,
                              "Plans": [
                                {
                                  "Node Type": "Seq Scan",
                                  "Parent Relationship": "Outer",
                                  "Parallel Aware": true,
                                  "Relation Name": "title",
                                  "Alias": "t",
                                  "Startup Cost": 0.0,
                                  "Total Cost": 42319.06,
                                  "Plan Rows": 632106,
                                  "Plan Width": 4,
                                  "Actual Startup Time": 0.056,
                                  "Actual Total Time": 76.745,
                                  "Actual Rows": 361187,
                                  "Actual Loops": 7
                                }
                              ]
                            }
                          ]
                        }
                      ]
                    }
                  ]
                }
              ]
            }
          ]
        }
      ]
    },
    "Planning Time": 0.882,
    "Triggers": [],
    "Execution Time": 1677.027
  }
]