[
  {
    "Plan": {
      "Node Type": "Aggregate",
      "Strategy": "Plain",
      "Partial Mode": "Finalize",
      "Parallel Aware": false,
      "Startup Cost": 46325.97,
      "Total Cost": 46325.98,
      "Plan Rows": 1,
      "Plan Width": 8,
      "Actual Startup Time": 142.743,
      "Actual Total Time": 147.855,
      "Actual Rows": 1,
      "Actual Loops": 1,
      "Plans": [
        {
          "Node Type": "Gather",
          "Parent Relationship": "Outer",
          "Parallel Aware": false,
          "Startup Cost": 46325.65,
          "Total Cost": 46325.96,
          "Plan Rows": 3,
          "Plan Width": 8,
          "Actual Startup Time": 142.659,
          "Actual Total Time": 147.85,
          "Actual Rows": 4,
          "Actual Loops": 1,
          "Workers Planned": 3,
          "Workers Launched": 3,
          "Single Copy": false,
          "Plans": [
            {
              "Node Type": "Aggregate",
              "Strategy": "Plain",
              "Partial Mode": "Partial",
              "Parent Relationship": "Outer",
              "Parallel Aware": false,
              "Startup Cost": 45325.65,
              "Total Cost": 45325.66,
              "Plan Rows": 1,
              "Plan Width": 8,
              "Actual Startup Time": 138.667,
              "Actual Total Time": 138.669,
              "Actual Rows": 1,
              "Actual Loops": 4,
              "Plans": [
                {
                  "Node Type": "Seq Scan",
                  "Parent Relationship": "Outer",
                  "Parallel Aware": true,
                  "Relation Name": "movie_keyword",
                  "Alias": "mk",
                  "Startup Cost": 0.0,
                  "Total Cost": 42695.65,
                  "Plan Rows": 1051999,
                  "Plan Width": 0,
                  "Actual Startup Time": 0.024,
                  "Actual Total Time": 103.549,
                  "Actual Rows": 821621,
                  "Actual Loops": 4,
                  "Filter": "(keyword_id < 14627)",
                  "Rows Removed by Filter": 309362
                }
              ]
            }
          ]
        }
      ]
    },
    "Planning Time": 0.041,
    "Triggers": [],
    "Execution Time": 147.873
  }
]