[
  {
    "Plan": {
      "Node Type": "Aggregate",
      "Strategy": "Plain",
      "Partial Mode": "Finalize",
      "Parallel Aware": false,
      "Startup Cost": 38858.33,
      "Total Cost": 38858.34,
      "Plan Rows": 1,
      "Plan Width": 8,
      "Actual Startup Time": 49.709,
      "Actual Total Time": 60.372,
      "Actual Rows": 1,
      "Actual Loops": 1,
      "Plans": [
        {
          "Node Type": "Gather",
          "Parent Relationship": "Outer",
          "Parallel Aware": false,
          "Startup Cost": 38858.11,
          "Total Cost": 38858.32,
          "Plan Rows": 2,
          "Plan Width": 8,
          "Actual Startup Time": 49.473,
          "Actual Total Time": 60.362,
          "Actual Rows": 3,
          "Actual Loops": 1,
          "Workers Planned": 2,
          "Workers Launched": 2,
          "Single Copy": false,
          "Plans": [
            {
              "Node Type": "Aggregate",
              "Strategy": "Plain",
              "Partial Mode": "Partial",
              "Parent Relationship": "Outer",
              "Parallel Aware": false,
              "Startup Cost": 37858.11,
              "Total Cost": 37858.12,
              "Plan Rows": 1,
              "Plan Width": 8,
              "Actual Startup Time": 45.218,
              "Actual Total Time": 45.22,
              "Actual Rows": 1,
              "Actual Loops": 3,
              "Plans": [
                {
                  "Node Type": "Nested Loop",
                  "Parent Relationship": "Outer",
                  "Parallel Aware": false,
                  "Join Type": "Inner",
                  "Startup Cost": 163.3,
                  "Total Cost": 37855.05,
                  "Plan Rows": 1226,
                  "Plan Width": 0,
                  "Actual Startup Time": 6.49,
                  "Actual Total Time": 44.823,
                  "Actual Rows": 2638,
                  "Actual Loops": 3,
                  "Inner Unique": true,
                  "Plans": [
                    {
                      "Node Type": "Bitmap Heap Scan",
                      "Parent Relationship": "Outer",
                      "Parallel Aware": true,
                      "Relation Name": "movie_keyword",
                      "Alias": "mk",
                      "Startup Cost": 162.87,
                      "Total Cost": 16204.0,
                      "Plan Rows": 3142,
                      "Plan Width": 4,
                      "Actual Startup Time": 6.36,
                      "Actual Total Time": 19.206,
                      "Actual Rows": 2779,
                      "Actual Loops": 3,
                      "Recheck Cond": "(keyword_id = 865)",
                      "Rows Removed by Index Recheck": 0,
                      "Exact Heap Blocks": 4143,
                      "Lossy Heap Blocks": 0,
                      "Plans": [
                        {
                          "Node Type": "Bitmap Index Scan",
                          "Parent Relationship": "Outer",
                          "Parallel Aware": false,
                          "Index Name": "keyword_id_movie_keyword",
                          "Startup Cost": 0.0,
                          "Total Cost": 160.98,
                          "Plan Rows": 7540,
                          "Plan Width": 0,
                          "Actual Startup Time": 6.269,
                          "Actual Total Time": 6.269,
                          "Actual Rows": 8337,
                          "Actual Loops": 1,
                          "Index Cond": "(keyword_id = 865)"
                        }
                      ]
                    },
                    {
                      "Node Type": "Index Scan",
                      "Parent Relationship": "Inner",
                      "Parallel Aware": false,
                      "Scan Direction": "Forward",
                      "Index Name": "title_pkey",
                      "Relation Name": "title",
                      "Alias": "t",
                      "Startup Cost": 0.43,
                      "Total Cost": 6.89,
                      "Plan Rows": 1,
                      "Plan Width": 4,
                      "Actual Startup Time": 0.009,
                      "Actual Total Time": 0.009,
                      "Actual Rows": 1,
                      "Actual Loops": 8337,
                      "Index Cond": "(id = mk.movie_id)",
                      "Rows Removed by Index Recheck": 0,
                      "Filter": "(kind_id < 7)",
                      "Rows Removed by Filter": 0
                    }
                  ]
                }
              ]
            }
          ]
        }
      ]
    },
    "Planning Time": 0.656,
    "Triggers": [],
    "Execution Time": 60.475
  }
]