[
    {
        "Bao": {
            "Bao prediction": 516.733,
            "Bao recommended hint": "SET enable_mergejoin TO off; "
        }
    },
    {
        "Plan": {
            "Node Type": "Aggregate",
            "Strategy": "Plain",
            "Partial Mode": "Simple",
            "Parallel Aware": false,
            "Startup Cost": 11619.2,
            "Total Cost": 11619.21,
            "Plan Rows": 1,
            "Plan Width": 8,
            "Actual Startup Time": 12.764,
            "Actual Total Time": 12.767,
            "Actual Rows": 1,
            "Actual Loops": 1,
            "Output": [
                "count(*)"
            ],
            "Plans": [
                {
                    "Node Type": "Bitmap Heap Scan",
                    "Parent Relationship": "Outer",
                    "Parallel Aware": false,
                    "Relation Name": "movie_keyword",
                    "Schema": "public",
                    "Alias": "mk",
                    "Startup Cost": 99.49,
                    "Total Cost": 11607.89,
                    "Plan Rows": 4524,
                    "Plan Width": 0,
                    "Actual Startup Time": 2.774,
                    "Actual Total Time": 11.98,
                    "Actual Rows": 4676,
                    "Actual Loops": 1,
                    "Recheck Cond": "(mk.keyword_id = 2849)",
                    "Rows Removed by Index Recheck": 0,
                    "Exact Heap Blocks": 3512,
                    "Lossy Heap Blocks": 0,
                    "Plans": [
                        {
                            "Node Type": "Bitmap Index Scan",
                            "Parent Relationship": "Outer",
                            "Parallel Aware": false,
                            "Index Name": "keyword_id_movie_keyword",
                            "Startup Cost": 0.0,
                            "Total Cost": 98.36,
                            "Plan Rows": 4524,
                            "Plan Width": 0,
                            "Actual Startup Time": 1.292,
                            "Actual Total Time": 1.293,
                            "Actual Rows": 4676,
                            "Actual Loops": 1,
                            "Index Cond": "(mk.keyword_id = 2849)"
                        }
                    ]
                }
            ]
        },
        "Planning Time": 521.572,
        "Triggers": [],
        "Execution Time": 12.87
    }
]