[
  {
    "Plan": {
      "Node Type": "Aggregate",
      "Strategy": "Plain",
      "Partial Mode": "Finalize",
      "Parallel Aware": false,
      "Startup Cost": 32291.69,
      "Total Cost": 32291.7,
      "Plan Rows": 1,
      "Plan Width": 8,
      "Actual Startup Time": 129.425,
      "Actual Total Time": 137.044,
      "Actual Rows": 1,
      "Actual Loops": 1,
      "Plans": [
        {
          "Node Type": "Gather",
          "Parent Relationship": "Outer",
          "Parallel Aware": false,
          "Startup Cost": 32291.37,
          "Total Cost": 32291.68,
          "Plan Rows": 3,
          "Plan Width": 8,
          "Actual Startup Time": 129.124,
          "Actual Total Time": 137.034,
          "Actual Rows": 4,
          "Actual Loops": 1,
          "Workers Planned": 3,
          "Workers Launched": 3,
          "Single Copy": false,
          "Plans": [
            {
              "Node Type": "Aggregate",
              "Strategy": "Plain",
              "Partial Mode": "Partial",
              "Parent Relationship": "Outer",
              "Parallel Aware": false,
              "Startup Cost": 31291.37,
              "Total Cost": 31291.38,
              "Plan Rows": 1,
              "Plan Width": 8,
              "Actual Startup Time": 121.601,
              "Actual Total Time": 121.603,
              "Actual Rows": 1,
              "Actual Loops": 4,
              "Plans": [
                {
                  "Node Type": "Seq Scan",
                  "Parent Relationship": "Outer",
                  "Parallel Aware": true,
                  "Relation Name": "movie_companies",
                  "Alias": "mc",
                  "Startup Cost": 0.0,
                  "Total Cost": 29310.68,
                  "Plan Rows": 792276,
                  "Plan Width": 0,
                  "Actual Startup Time": 0.071,
                  "Actual Total Time": 90.163,
                  "Actual Rows": 614960,
                  "Actual Loops": 4,
                  "Filter": "(company_id < 132408)",
                  "Rows Removed by Filter": 37322
                }
              ]
            }
          ]
        }
      ]
    },
    "Planning Time": 0.228,
    "Triggers": [],
    "Execution Time": 137.101
  }
]