[
  {
    "Plan": {
      "Node Type": "Aggregate",
      "Strategy": "Plain",
      "Partial Mode": "Finalize",
      "Parallel Aware": false,
      "Startup Cost": 25239.8,
      "Total Cost": 25239.81,
      "Plan Rows": 1,
      "Plan Width": 8,
      "Actual Startup Time": 73.174,
      "Actual Total Time": 77.386,
      "Actual Rows": 1,
      "Actual Loops": 1,
      "Plans": [
        {
          "Node Type": "Gather",
          "Parent Relationship": "Outer",
          "Parallel Aware": false,
          "Startup Cost": 25239.48,
          "Total Cost": 25239.79,
          "Plan Rows": 3,
          "Plan Width": 8,
          "Actual Startup Time": 72.909,
          "Actual Total Time": 77.377,
          "Actual Rows": 4,
          "Actual Loops": 1,
          "Workers Planned": 3,
          "Workers Launched": 3,
          "Single Copy": false,
          "Plans": [
            {
              "Node Type": "Aggregate",
              "Strategy": "Plain",
              "Partial Mode": "Partial",
              "Parent Relationship": "Outer",
              "Parallel Aware": false,
              "Startup Cost": 24239.48,
              "Total Cost": 24239.49,
              "Plan Rows": 1,
              "Plan Width": 8,
              "Actual Startup Time": 64.607,
              "Actual Total Time": 64.609,
              "Actual Rows": 1,
              "Actual Loops": 4,
              "Plans": [
                {
                  "Node Type": "Bitmap Heap Scan",
                  "Parent Relationship": "Outer",
                  "Parallel Aware": true,
                  "Relation Name": "movie_companies",
                  "Alias": "mc",
                  "Startup Cost": 4383.9,
                  "Total Cost": 24158.69,
                  "Plan Rows": 32318,
                  "Plan Width": 0,
                  "Actual Startup Time": 24.125,
                  "Actual Total Time": 61.373,
                  "Actual Rows": 40319,
                  "Actual Loops": 4,
                  "Recheck Cond": "(company_id < 67)",
                  "Rows Removed by Index Recheck": 0,
                  "Filter": "(company_type_id < 2)",
                  "Rows Removed by Filter": 10504,
                  "Exact Heap Blocks": 10278,
                  "Lossy Heap Blocks": 0,
                  "Plans": [
                    {
                      "Node Type": "Bitmap Index Scan",
                      "Parent Relationship": "Outer",
                      "Parallel Aware": false,
                      "Index Name": "company_id_movie_companies",
                      "Startup Cost": 0.0,
                      "Total Cost": 4358.85,
                      "Plan Rows": 203523,
                      "Plan Width": 0,
                      "Actual Startup Time": 27.161,
                      "Actual Total Time": 27.162,
                      "Actual Rows": 203291,
                      "Actual Loops": 1,
                      "Index Cond": "(company_id < 67)"
                    }
                  ]
                }
              ]
            }
          ]
        }
      ]
    },
    "Planning Time": 0.236,
    "Triggers": [],
    "Execution Time": 77.515
  }
]