{
  "Plan": {
    "Node Type": "Aggregate",
    "Strategy": "Plain",
    "Partial Mode": "Finalize",
    "Parallel Aware": false,
    "Startup Cost": 378185.55,
    "Total Cost": 378185.56,
    "Plan Rows": 1,
    "Plan Width": 8,
    "Actual Startup Time": 516.895,
    "Actual Total Time": 533.729,
    "Actual Rows": 1,
    "Actual Loops": 1,
    "Plans": [
      {
        "Node Type": "Gather",
        "Parent Relationship": "Outer",
        "Parallel Aware": false,
        "Startup Cost": 378185.44,
        "Total Cost": 378185.55,
        "Plan Rows": 1,
        "Plan Width": 8,
        "Actual Startup Time": 516.146,
        "Actual Total Time": 533.722,
        "Actual Rows": 2,
        "Actual Loops": 1,
        "Workers Planned": 1,
        "Workers Launched": 1,
        "Single Copy": false,
        "Plans": [
          {
            "Node Type": "Aggregate",
            "Strategy": "Plain",
            "Partial Mode": "Partial",
            "Parent Relationship": "Outer",
            "Parallel Aware": false,
            "Startup Cost": 377185.44,
            "Total Cost": 377185.45,
            "Plan Rows": 1,
            "Plan Width": 8,
            "Actual Startup Time": 510.205,
            "Actual Total Time": 510.208,
            "Actual Rows": 1,
            "Actual Loops": 2,
            "Plans": [
              {
                "Node Type": "Hash Join",
                "Parent Relationship": "Outer",
                "Parallel Aware": true,
                "Join Type": "Inner",
                "Startup Cost": 104597.03,
                "Total Cost": 376999.15,
                "Plan Rows": 74515,
                "Plan Width": 0,
                "Actual Startup Time": 235.374,
                "Actual Total Time": 506.31,
                "Actual Rows": 83743,
                "Actual Loops": 2,
                "Inner Unique": true,
                "Hash Cond": "(ci.movie_id = t.id)",
                "Plans": [
                  {
                    "Node Type": "Bitmap Heap Scan",
                    "Parent Relationship": "Outer",
                    "Parallel Aware": true,
                    "Relation Name": "cast_info",
                    "Alias": "ci",
                    "Startup Cost": 48945.89,
                    "Total Cost": 317926.37,
                    "Plan Rows": 1303478,
                    "Plan Width": 4,
                    "Actual Startup Time": 77.237,
                    "Actual Total Time": 199.681,
                    "Actual Rows": 1064290,
                    "Actual Loops": 2,
                    "Recheck Cond": "(person_id > 3646678)",
                    "Rows Removed by Index Recheck": 0,
                    "Exact Heap Blocks": 15956,
                    "Lossy Heap Blocks": 0,
                    "Plans": [
                      {
                        "Node Type": "Bitmap Index Scan",
                        "Parent Relationship": "Outer",
                        "Parallel Aware": false,
                        "Index Name": "person_id_cast_info",
                        "Startup Cost": 0.0,
                        "Total Cost": 48391.91,
                        "Plan Rows": 2215913,
                        "Plan Width": 0,
                        "Actual Startup Time": 72.189,
                        "Actual Total Time": 72.19,
                        "Actual Rows": 2128581,
                        "Actual Loops": 1,
                        "Index Cond": "(person_id > 3646678)"
                      }
                    ]
                  },
                  {
                    "Node Type": "Hash",
                    "Parent Relationship": "Inner",
                    "Parallel Aware": true,
                    "Startup Cost": 54588.39,
                    "Total Cost": 54588.39,
                    "Plan Rows": 85020,
                    "Plan Width": 4,
                    "Actual Startup Time": 154.574,
                    "Actual Total Time": 154.575,
                    "Actual Rows": 70852,
                    "Actual Loops": 2,
                    "Hash Buckets": 262144,
                    "Original Hash Buckets": 262144,
                    "Hash Batches": 1,
                    "Original Hash Batches": 1,
                    "Peak Memory Usage": 7648,
                    "Plans": [
                      {
                        "Node Type": "Seq Scan",
                        "Parent Relationship": "Outer",
                        "Parallel Aware": true,
                        "Relation Name": "title",
                        "Alias": "t",
                        "Startup Cost": 0.0,
                        "Total Cost": 54588.39,
                        "Plan Rows": 85020,
                        "Plan Width": 4,
                        "Actual Startup Time": 0.032,
                        "Actual Total Time": 134.163,
                        "Actual Rows": 70852,
                        "Actual Loops": 2,
                        "Filter": "(production_year = 2010)",
                        "Rows Removed by Filter": 1193304
                      }
                    ]
                  }
                ]
              }
            ]
          }
        ]
      }
    ]
  },
  "Planning Time": 0.611,
  "Triggers": [],
  "Execution Time": 533.82
}