{
  "Plan": {
    "Node Type": "Aggregate",
    "Strategy": "Plain",
    "Partial Mode": "Finalize",
    "Parallel Aware": false,
    "Startup Cost": 156113.22,
    "Total Cost": 156113.23,
    "Plan Rows": 1,
    "Plan Width": 8,
    "Actual Startup Time": 1442.464,
    "Actual Total Time": 1474.548,
    "Actual Rows": 1,
    "Actual Loops": 1,
    "Plans": [
      {
        "Node Type": "Gather",
        "Parent Relationship": "Outer",
        "Parallel Aware": false,
        "Startup Cost": 156113.11,
        "Total Cost": 156113.22,
        "Plan Rows": 1,
        "Plan Width": 8,
        "Actual Startup Time": 1436.13,
        "Actual Total Time": 1474.54,
        "Actual Rows": 2,
        "Actual Loops": 1,
        "Workers Planned": 1,
        "Workers Launched": 1,
        "Single Copy": false,
        "Plans": [
          {
            "Node Type": "Aggregate",
            "Strategy": "Plain",
            "Partial Mode": "Partial",
            "Parent Relationship": "Outer",
            "Parallel Aware": false,
            "Startup Cost": 155113.11,
            "Total Cost": 155113.12,
            "Plan Rows": 1,
            "Plan Width": 8,
            "Actual Startup Time": 1429.571,
            "Actual Total Time": 1429.577,
            "Actual Rows": 1,
            "Actual Loops": 2,
            "Plans": [
              {
                "Node Type": "Hash Join",
                "Parent Relationship": "Outer",
                "Parallel Aware": true,
                "Join Type": "Inner",
                "Startup Cost": 112672.05,
                "Total Cost": 154353.24,
                "Plan Rows": 303949,
                "Plan Width": 0,
                "Actual Startup Time": 867.114,
                "Actual Total Time": 1329.089,
                "Actual Rows": 1997870,
                "Actual Loops": 2,
                "Inner Unique": false,
                "Hash Cond": "(mc.movie_id = t.id)",
                "Plans": [
                  {
                    "Node Type": "Seq Scan",
                    "Parent Relationship": "Outer",
                    "Parallel Aware": true,
                    "Relation Name": "movie_companies",
                    "Alias": "mc",
                    "Startup Cost": 0.0,
                    "Total Cost": 34137.82,
                    "Plan Rows": 1534782,
                    "Plan Width": 4,
                    "Actual Startup Time": 0.016,
                    "Actual Total Time": 113.737,
                    "Actual Rows": 1304564,
                    "Actual Loops": 2
                  },
                  {
                    "Node Type": "Hash",
                    "Parent Relationship": "Inner",
                    "Parallel Aware": true,
                    "Startup Cost": 108990.4,
                    "Total Cost": 108990.4,
                    "Plan Rows": 294532,
                    "Plan Width": 8,
                    "Actual Startup Time": 845.74,
                    "Actual Total Time": 845.744,
                    "Actual Rows": 243890,
                    "Actual Loops": 2,
                    "Hash Buckets": 524288,
                    "Original Hash Buckets": 524288,
                    "Hash Batches": 1,
                    "Original Hash Batches": 1,
                    "Peak Memory Usage": 23232,
                    "Plans": [
                      {
                        "Node Type": "Hash Join",
                        "Parent Relationship": "Outer",
                        "Parallel Aware": true,
                        "Join Type": "Inner",
                        "Startup Cost": 80081.6,
                        "Total Cost": 108990.4,
                        "Plan Rows": 294532,
                        "Plan Width": 8,
                        "Actual Startup Time": 633.823,
                        "Actual Total Time": 788.28,
                        "Actual Rows": 243890,
                        "Actual Loops": 2,
                        "Inner Unique": true,
                        "Hash Cond": "(mk.movie_id = t.id)",
                        "Plans": [
                          {
                            "Node Type": "Bitmap Heap Scan",
                            "Parent Relationship": "Outer",
                            "Parallel Aware": true,
                            "Relation Name": "movie_keyword",
                            "Alias": "mk",
                            "Startup Cost": 10620.9,
                            "Total Cost": 38756.55,
                            "Plan Rows": 294532,
                            "Plan Width": 4,
                            "Actual Startup Time": 43.189,
                            "Actual Total Time": 117.711,
                            "Actual Rows": 243890,
                            "Actual Loops": 2,
                            "Recheck Cond": "(keyword_id > 36828)",
                            "Rows Removed by Index Recheck": 0,
                            "Exact Heap Blocks": 10240,
                            "Lossy Heap Blocks": 0,
                            "Plans": [
                              {
                                "Node Type": "Bitmap Index Scan",
                                "Parent Relationship": "Outer",
                                "Parallel Aware": false,
                                "Index Name": "keyword_id_movie_keyword",
                                "Startup Cost": 0.0,
                                "Total Cost": 10495.72,
                                "Plan Rows": 500705,
                                "Plan Width": 0,
                                "Actual Startup Time": 37.797,
                                "Actual Total Time": 37.797,
                                "Actual Rows": 487780,
                                "Actual Loops": 1,
                                "Index Cond": "(keyword_id > 36828)"
                              }
                            ]
                          },
                          {
                            "Node Type": "Hash",
                            "Parent Relationship": "Inner",
                            "Parallel Aware": true,
                            "Startup Cost": 50870.31,
                            "Total Cost": 50870.31,
                            "Plan Rows": 1487231,
                            "Plan Width": 4,
                            "Actual Startup Time": 572.787,
                            "Actual Total Time": 572.788,
                            "Actual Rows": 1264156,
                            "Actual Loops": 2,
                            "Hash Buckets": 4194304,
                            "Original Hash Buckets": 4194304,
                            "Hash Batches": 1,
                            "Original Hash Batches": 1,
                            "Peak Memory Usage": 131712,
                            "Plans": [
                              {
                                "Node Type": "Seq Scan",
                                "Parent Relationship": "Outer",
                                "Parallel Aware": true,
                                "Relation Name": "title",
                                "Alias": "t",
                                "Startup Cost": 0.0,
                                "Total Cost": 50870.31,
                                "Plan Rows": 1487231,
                                "Plan Width": 4,
                                "Actual Startup Time": 0.041,
                                "Actual Total Time": 173.301,
                                "Actual Rows": 1264156,
                                "Actual Loops": 2
                              }
                            ]
                          }
                        ]
                      }
                    ]
                  }
                ]
              }
            ]
          }
        ]
      }
    ]
  },
  "Planning Time": 1.091,
  "Triggers": [],
  "Execution Time": 1474.659
}