{
  "Plan": {
    "Node Type": "Aggregate",
    "Strategy": "Plain",
    "Partial Mode": "Simple",
    "Parallel Aware": false,
    "Startup Cost": 133556.24,
    "Total Cost": 133556.25,
    "Plan Rows": 1,
    "Plan Width": 96,
    "Actual Startup Time": 299.392,
    "Actual Total Time": 299.626,
    "Actual Rows": 1,
    "Actual Loops": 1,
    "Plans": [
      {
        "Node Type": "Hash Join",
        "Parent Relationship": "Outer",
        "Parallel Aware": false,
        "Join Type": "Inner",
        "Startup Cost": 53928.56,
        "Total Cost": 133556.23,
        "Plan Rows": 1,
        "Plan Width": 48,
        "Actual Startup Time": 299.386,
        "Actual Total Time": 299.619,
        "Actual Rows": 0,
        "Actual Loops": 1,
        "Inner Unique": false,
        "Hash Cond": "(chn.id = ci.person_role_id)",
        "Plans": [
          {
            "Node Type": "Seq Scan",
            "Parent Relationship": "Outer",
            "Parallel Aware": false,
            "Relation Name": "char_name",
            "Alias": "chn",
            "Startup Cost": 0.0,
            "Total Cost": 67851.39,
            "Plan Rows": 3140339,
            "Plan Width": 20,
            "Actual Startup Time": 0.017,
            "Actual Total Time": 0.017,
            "Actual Rows": 1,
            "Actual Loops": 1
          },
          {
            "Node Type": "Hash",
            "Parent Relationship": "Inner",
            "Parallel Aware": false,
            "Startup Cost": 53928.55,
            "Total Cost": 53928.55,
            "Plan Rows": 1,
            "Plan Width": 36,
            "Actual Startup Time": 299.352,
            "Actual Total Time": 299.584,
            "Actual Rows": 0,
            "Actual Loops": 1,
            "Hash Buckets": 1024,
            "Original Hash Buckets": 1024,
            "Hash Batches": 1,
            "Original Hash Batches": 1,
            "Peak Memory Usage": 8,
            "Plans": [
              {
                "Node Type": "Nested Loop",
                "Parent Relationship": "Outer",
                "Parallel Aware": false,
                "Join Type": "Inner",
                "Startup Cost": 6444.48,
                "Total Cost": 53928.55,
                "Plan Rows": 1,
                "Plan Width": 36,
                "Actual Startup Time": 299.351,
                "Actual Total Time": 299.583,
                "Actual Rows": 0,
                "Actual Loops": 1,
                "Inner Unique": true,
                "Join Filter": "(mi.movie_id = t.id)",
                "Rows Removed by Join Filter": 0,
                "Plans": [
                  {
                    "Node Type": "Nested Loop",
                    "Parent Relationship": "Outer",
                    "Parallel Aware": false,
                    "Join Type": "Inner",
                    "Startup Cost": 6444.05,
                    "Total Cost": 53928.04,
                    "Plan Rows": 1,
                    "Plan Width": 35,
                    "Actual Startup Time": 182.797,
                    "Actual Total Time": 299.356,
                    "Actual Rows": 75,
                    "Actual Loops": 1,
                    "Inner Unique": false,
                    "Join Filter": "(mk.keyword_id = k.id)",
                    "Rows Removed by Join Filter": 8064,
                    "Plans": [
                      {
                        "Node Type": "Seq Scan",
                        "Parent Relationship": "Outer",
                        "Parallel Aware": false,
                        "Relation Name": "keyword",
                        "Alias": "k",
                        "Startup Cost": 0.0,
                        "Total Cost": 2961.55,
                        "Plan Rows": 4,
                        "Plan Width": 4,
                        "Actual Startup Time": 0.018,
                        "Actual Total Time": 15.152,
                        "Actual Rows": 3,
                        "Actual Loops": 1,
                        "Filter": "(keyword = ANY ('{hero,martial-arts,hand-to-hand-combat,computer-animated-movie}'::text[]))",
                        "Rows Removed by Filter": 134167
                      },
                      {
                        "Node Type": "Materialize",
                        "Parent Relationship": "Inner",
                        "Parallel Aware": false,
                        "Startup Cost": 6444.05,
                        "Total Cost": 50966.44,
                        "Plan Rows": 1,
                        "Plan Width": 39,
                        "Actual Startup Time": 60.697,
                        "Actual Total Time": 94.566,
                        "Actual Rows": 2713,
                        "Actual Loops": 3,
                        "Plans": [
                          {
                            "Node Type": "Nested Loop",
                            "Parent Relationship": "Outer",
                            "Parallel Aware": false,
                            "Join Type": "Inner",
                            "Startup Cost": 6444.05,
                            "Total Cost": 50966.43,
                            "Plan Rows": 1,
                            "Plan Width": 39,
                            "Actual Startup Time": 182.08,
                            "Actual Total Time": 282.546,
                            "Actual Rows": 2713,
                            "Actual Loops": 1,
                            "Inner Unique": false,
                            "Join Filter": "(mi.info_type_id = it.id)",
                            "Rows Removed by Join Filter": 0,
                            "Plans": [
                              {
                                "Node Type": "Seq Scan",
                                "Parent Relationship": "Outer",
                                "Parallel Aware": false,
                                "Relation Name": "info_type",
                                "Alias": "it",
                                "Startup Cost": 0.0,
                                "Total Cost": 2.41,
                                "Plan Rows": 1,
                                "Plan Width": 4,
                                "Actual Startup Time": 0.01,
                                "Actual Total Time": 0.022,
                                "Actual Rows": 1,
                                "Actual Loops": 1,
                                "Filter": "((info)::text = 'release dates'::text)",
                                "Rows Removed by Filter": 112
                              },
                              {
                                "Node Type": "Gather",
                                "Parent Relationship": "Inner",
                                "Parallel Aware": false,
                                "Startup Cost": 6444.05,
                                "Total Cost": 50964.01,
                                "Plan Rows": 1,
                                "Plan Width": 43,
                                "Actual Startup Time": 182.066,
                                "Actual Total Time": 282.267,
                                "Actual Rows": 2713,
                                "Actual Loops": 1,
                                "Workers Planned": 3,
                                "Workers Launched": 3,
                                "Single Copy": false,
                                "Plans": [
                                  {
                                    "Node Type": "Hash Join",
                                    "Parent Relationship": "Outer",
                                    "Parallel Aware": true,
                                    "Join Type": "Inner",
                                    "Startup Cost": 5444.05,
                                    "Total Cost": 49963.91,
                                    "Plan Rows": 1,
                                    "Plan Width": 43,
                                    "Actual Startup Time": 154.791,
                                    "Actual Total Time": 271.14,
                                    "Actual Rows": 678,
                                    "Actual Loops": 4,
                                    "Inner Unique": false,
                                    "Hash Cond": "(mk.movie_id = mi.movie_id)",
                                    "Plans": [
                                      {
                                        "Node Type": "Seq Scan",
                                        "Parent Relationship": "Outer",
                                        "Parallel Aware": true,
                                        "Relation Name": "movie_keyword",
                                        "Alias": "mk",
                                        "Startup Cost": 0.0,
                                        "Total Cost": 39047.32,
                                        "Plan Rows": 1459332,
                                        "Plan Width": 8,
                                        "Actual Startup Time": 0.038,
                                        "Actual Total Time": 138.193,
                                        "Actual Rows": 1130982,
                                        "Actual Loops": 4
                                      },
                                      {
                                        "Node Type": "Hash",
                                        "Parent Relationship": "Inner",
                                        "Parallel Aware": true,
                                        "Startup Cost": 5444.04,
                                        "Total Cost": 5444.04,
                                        "Plan Rows": 1,
                                        "Plan Width": 35,
                                        "Actual Startup Time": 46.641,
                                        "Actual Total Time": 46.653,
                                        "Actual Rows": 12,
                                        "Actual Loops": 4,
                                        "Hash Buckets": 1024,
                                        "Original Hash Buckets": 1024,
                                        "Hash Batches": 1,
                                        "Original Hash Batches": 1,
                                        "Peak Memory Usage": 40,
                                        "Plans": [
                                          {
                                            "Node Type": "Nested Loop",
                                            "Parent Relationship": "Outer",
                                            "Parallel Aware": false,
                                            "Join Type": "Inner",
                                            "Startup Cost": 2.42,
                                            "Total Cost": 5444.04,
                                            "Plan Rows": 1,
                                            "Plan Width": 35,
                                            "Actual Startup Time": 23.154,
                                            "Actual Total Time": 34.234,
                                            "Actual Rows": 12,
                                            "Actual Loops": 4,
                                            "Inner Unique": true,
                                            "Plans": [
                                              {
                                                "Node Type": "Nested Loop",
                                                "Parent Relationship": "Outer",
                                                "Parallel Aware": false,
                                                "Join Type": "Inner",
                                                "Startup Cost": 1.99,
                                                "Total Cost": 5443.26,
                                                "Plan Rows": 1,
                                                "Plan Width": 28,
                                                "Actual Startup Time": 22.254,
                                                "Actual Total Time": 33.732,
                                                "Actual Rows": 102,
                                                "Actual Loops": 4,
                                                "Inner Unique": false,
                                                "Plans": [
                                                  {
                                                    "Node Type": "Nested Loop",
                                                    "Parent Relationship": "Outer",
                                                    "Parallel Aware": false,
                                                    "Join Type": "Inner",
                                                    "Startup Cost": 1.56,
                                                    "Total Cost": 5442.72,
                                                    "Plan Rows": 1,
                                                    "Plan Width": 24,
                                                    "Actual Startup Time": 22.233,
                                                    "Actual Total Time": 33.112,
                                                    "Actual Rows": 71,
                                                    "Actual Loops": 4,
                                                    "Inner Unique": false,
                                                    "Plans": [
                                                      {
                                                        "Node Type": "Nested Loop",
                                                        "Parent Relationship": "Outer",
                                                        "Parallel Aware": false,
                                                        "Join Type": "Inner",
                                                        "Startup Cost": 1.13,
                                                        "Total Cost": 5441.04,
                                                        "Plan Rows": 1,
                                                        "Plan Width": 16,
                                                        "Actual Startup Time": 22.201,
                                                        "Actual Total Time": 28.871,
                                                        "Actual Rows": 78,
                                                        "Actual Loops": 4,
                                                        "Inner Unique": true,
                                                        "Plans": [
                                                          {
                                                            "Node Type": "Nested Loop",
                                                            "Parent Relationship": "Outer",
                                                            "Parallel Aware": false,
                                                            "Join Type": "Inner",
                                                            "Startup Cost": 0.99,
                                                            "Total Cost": 5440.09,
                                                            "Plan Rows": 6,
                                                            "Plan Width": 20,
                                                            "Actual Startup Time": 22.151,
                                                            "Actual Total Time": 28.41,
                                                            "Actual Rows": 318,
                                                            "Actual Loops": 4,
                                                            "Inner Unique": false,
                                                            "Plans": [
                                                              {
                                                                "Node Type": "Nested Loop",
                                                                "Parent Relationship": "Outer",
                                                                "Parallel Aware": false,
                                                                "Join Type": "Inner",
                                                                "Startup Cost": 0.43,
                                                                "Total Cost": 5428.13,
                                                                "Plan Rows": 6,
                                                                "Plan Width": 4,
                                                                "Actual Startup Time": 22.091,
                                                                "Actual Total Time": 22.254,
                                                                "Actual Rows": 25,
                                                                "Actual Loops": 4,
                                                                "Inner Unique": false,
                                                                "Plans": [
                                                                  {
                                                                    "Node Type": "Seq Scan",
                                                                    "Parent Relationship": "Outer",
                                                                    "Parallel Aware": true,
                                                                    "Relation Name": "company_name",
                                                                    "Alias": "cn",
                                                                    "Startup Cost": 0.0,
                                                                    "Total Cost": 5068.5,
                                                                    "Plan Rows": 1,
                                                                    "Plan Width": 4,
                                                                    "Actual Startup Time": 22.065,
                                                                    "Actual Total Time": 22.067,
                                                                    "Actual Rows": 0,
                                                                    "Actual Loops": 4,
                                                                    "Filter": "(((country_code)::text = '[us]'::text) AND (name = 'DreamWorks Animation'::text))",
                                                                    "Rows Removed by Filter": 58749
                                                                  },
                                                                  {
                                                                    "Node Type": "Index Scan",
                                                                    "Parent Relationship": "Inner",
                                                                    "Parallel Aware": false,
                                                                    "Scan Direction": "Forward",
                                                                    "Index Name": "company_id_movie_companies",
                                                                    "Relation Name": "movie_companies",
                                                                    "Alias": "mc",
                                                                    "Startup Cost": 0.43,
                                                                    "Total Cost": 358.28,
                                                                    "Plan Rows": 134,
                                                                    "Plan Width": 8,
                                                                    "Actual Startup Time": 0.097,
                                                                    "Actual Total Time": 0.709,
                                                                    "Actual Rows": 99,
                                                                    "Actual Loops": 1,
                                                                    "Index Cond": "(company_id = cn.id)",
                                                                    "Rows Removed by Index Recheck": 0
                                                                  }
                                                                ]
                                                              },
                                                              {
                                                                "Node Type": "Index Scan",
                                                                "Parent Relationship": "Inner",
                                                                "Parallel Aware": false,
                                                                "Scan Direction": "Forward",
                                                                "Index Name": "movie_id_cast_info",
                                                                "Relation Name": "cast_info",
                                                                "Alias": "ci",
                                                                "Startup Cost": 0.56,
                                                                "Total Cost": 1.98,
                                                                "Plan Rows": 1,
                                                                "Plan Width": 16,
                                                                "Actual Startup Time": 0.048,
                                                                "Actual Total Time": 0.246,
                                                                "Actual Rows": 13,
                                                                "Actual Loops": 99,
                                                                "Index Cond": "(movie_id = mc.movie_id)",
                                                                "Rows Removed by Index Recheck": 0,
                                                                "Filter": "(note = ANY ('{(voice),\"(voice: Japanese version)\",\"(voice) (uncredited)\",\"(voice: English version)\"}'::text[]))",
                                                                "Rows Removed by Filter": 43
                                                              }
                                                            ]
                                                          },
                                                          {
                                                            "Node Type": "Index Scan",
                                                            "Parent Relationship": "Inner",
                                                            "Parallel Aware": false,
                                                            "Scan Direction": "Forward",
                                                            "Index Name": "role_type_pkey",
                                                            "Relation Name": "role_type",
                                                            "Alias": "rt",
                                                            "Startup Cost": 0.14,
                                                            "Total Cost": 0.16,
                                                            "Plan Rows": 1,
                                                            "Plan Width": 4,
                                                            "Actual Startup Time": 0.001,
                                                            "Actual Total Time": 0.001,
                                                            "Actual Rows": 0,
                                                            "Actual Loops": 1272,
                                                            "Index Cond": "(id = ci.role_id)",
                                                            "Rows Removed by Index Recheck": 0,
                                                            "Filter": "((role)::text = 'actress'::text)",
                                                            "Rows Removed by Filter": 1
                                                          }
                                                        ]
                                                      },
                                                      {
                                                        "Node Type": "Index Scan",
                                                        "Parent Relationship": "Inner",
                                                        "Parallel Aware": false,
                                                        "Scan Direction": "Forward",
                                                        "Index Name": "movie_id_movie_info",
                                                        "Relation Name": "movie_info",
                                                        "Alias": "mi",
                                                        "Startup Cost": 0.43,
                                                        "Total Cost": 1.67,
                                                        "Plan Rows": 1,
                                                        "Plan Width": 8,
                                                        "Actual Startup Time": 0.043,
                                                        "Actual Total Time": 0.054,
                                                        "Actual Rows": 1,
                                                        "Actual Loops": 313,
                                                        "Index Cond": "(movie_id = mc.movie_id)",
                                                        "Rows Removed by Index Recheck": 0,
                                                        "Filter": "((info IS NOT NULL) AND ((info ~~ 'Japan:%201%'::text) OR (info ~~ 'USA:%201%'::text)))",
                                                        "Rows Removed by Filter": 192
                                                      }
                                                    ]
                                                  },
                                                  {
                                                    "Node Type": "Index Only Scan",
                                                    "Parent Relationship": "Inner",
                                                    "Parallel Aware": false,
                                                    "Scan Direction": "Forward",
                                                    "Index Name": "person_id_aka_name",
                                                    "Relation Name": "aka_name",
                                                    "Alias": "an",
                                                    "Startup Cost": 0.42,
                                                    "Total Cost": 0.53,
                                                    "Plan Rows": 2,
                                                    "Plan Width": 4,
                                                    "Actual Startup Time": 0.007,
                                                    "Actual Total Time": 0.008,
                                                    "Actual Rows": 1,
                                                    "Actual Loops": 283,
                                                    "Index Cond": "(person_id = ci.person_id)",
                                                    "Rows Removed by Index Recheck": 0,
                                                    "Heap Fetches": 408
                                                  }
                                                ]
                                              },
                                              {
                                                "Node Type": "Index Scan",
                                                "Parent Relationship": "Inner",
                                                "Parallel Aware": false,
                                                "Scan Direction": "Forward",
                                                "Index Name": "name_pkey",
                                                "Relation Name": "name",
                                                "Alias": "n",
                                                "Startup Cost": 0.43,
                                                "Total Cost": 0.77,
                                                "Plan Rows": 1,
                                                "Plan Width": 19,
                                                "Actual Startup Time": 0.005,
                                                "Actual Total Time": 0.005,
                                                "Actual Rows": 0,
                                                "Actual Loops": 408,
                                                "Index Cond": "(id = ci.person_id)",
                                                "Rows Removed by Index Recheck": 0,
                                                "Filter": "((name ~~ '%An%'::text) AND ((gender)::text = 'f'::text))",
                                                "Rows Removed by Filter": 1
                                              }
                                            ]
                                          }
                                        ]
                                      }
                                    ]
                                  }
                                ]
                              }
                            ]
                          }
                        ]
                      }
                    ]
                  },
                  {
                    "Node Type": "Index Scan",
                    "Parent Relationship": "Inner",
                    "Parallel Aware": false,
                    "Scan Direction": "Forward",
                    "Index Name": "title_pkey",
                    "Relation Name": "title",
                    "Alias": "t",
                    "Startup Cost": 0.43,
                    "Total Cost": 0.49,
                    "Plan Rows": 1,
                    "Plan Width": 21,
                    "Actual Startup Time": 0.002,
                    "Actual Total Time": 0.002,
                    "Actual Rows": 0,
                    "Actual Loops": 75,
                    "Index Cond": "(id = mk.movie_id)",
                    "Rows Removed by Index Recheck": 0,
                    "Filter": "((production_year < 2006) AND (title ~~ 'Kung Fu Panda%'::text))",
                    "Rows Removed by Filter": 1
                  }
                ]
              }
            ]
          }
        ]
      }
    ]
  },
  "Planning Time": 36.474,
  "Triggers": [],
  "Execution Time": 299.898
}