{
  "Plan": {
    "Node Type": "Aggregate",
    "Strategy": "Plain",
    "Partial Mode": "Finalize",
    "Parallel Aware": false,
    "Startup Cost": 470928.57,
    "Total Cost": 470928.58,
    "Plan Rows": 1,
    "Plan Width": 8,
    "Actual Startup Time": 1698.846,
    "Actual Total Time": 1728.671,
    "Actual Rows": 1,
    "Actual Loops": 1,
    "Plans": [
      {
        "Node Type": "Gather",
        "Parent Relationship": "Outer",
        "Parallel Aware": false,
        "Startup Cost": 470928.46,
        "Total Cost": 470928.57,
        "Plan Rows": 1,
        "Plan Width": 8,
        "Actual Startup Time": 1696.013,
        "Actual Total Time": 1728.661,
        "Actual Rows": 2,
        "Actual Loops": 1,
        "Workers Planned": 1,
        "Workers Launched": 1,
        "Single Copy": false,
        "Plans": [
          {
            "Node Type": "Aggregate",
            "Strategy": "Plain",
            "Partial Mode": "Partial",
            "Parent Relationship": "Outer",
            "Parallel Aware": false,
            "Startup Cost": 469928.46,
            "Total Cost": 469928.47,
            "Plan Rows": 1,
            "Plan Width": 8,
            "Actual Startup Time": 1689.762,
            "Actual Total Time": 1689.766,
            "Actual Rows": 1,
            "Actual Loops": 2,
            "Plans": [
              {
                "Node Type": "Hash Join",
                "Parent Relationship": "Outer",
                "Parallel Aware": true,
                "Join Type": "Inner",
                "Startup Cost": 170605.5,
                "Total Cost": 467089.72,
                "Plan Rows": 1135494,
                "Plan Width": 0,
                "Actual Startup Time": 501.066,
                "Actual Total Time": 1638.265,
                "Actual Rows": 973930,
                "Actual Loops": 2,
                "Inner Unique": true,
                "Hash Cond": "(ci.movie_id = t.id)",
                "Plans": [
                  {
                    "Node Type": "Bitmap Heap Scan",
                    "Parent Relationship": "Outer",
                    "Parallel Aware": true,
                    "Relation Name": "cast_info",
                    "Alias": "ci",
                    "Startup Cost": 108727.2,
                    "Total Cost": 397610.24,
                    "Plan Rows": 2895684,
                    "Plan Width": 4,
                    "Actual Startup Time": 180.839,
                    "Actual Total Time": 492.014,
                    "Actual Rows": 2368290,
                    "Actual Loops": 2,
                    "Recheck Cond": "(person_id > 3205974)",
                    "Rows Removed by Index Recheck": 0,
                    "Exact Heap Blocks": 27519,
                    "Lossy Heap Blocks": 0,
                    "Plans": [
                      {
                        "Node Type": "Bitmap Index Scan",
                        "Parent Relationship": "Outer",
                        "Parallel Aware": false,
                        "Index Name": "person_id_cast_info",
                        "Startup Cost": 0.0,
                        "Total Cost": 107496.53,
                        "Plan Rows": 4922662,
                        "Plan Width": 0,
                        "Actual Startup Time": 169.184,
                        "Actual Total Time": 169.184,
                        "Actual Rows": 4736580,
                        "Actual Loops": 1,
                        "Index Cond": "(person_id > 3205974)"
                      }
                    ]
                  },
                  {
                    "Node Type": "Hash",
                    "Parent Relationship": "Inner",
                    "Parallel Aware": true,
                    "Startup Cost": 54588.39,
                    "Total Cost": 54588.39,
                    "Plan Rows": 583193,
                    "Plan Width": 4,
                    "Actual Startup Time": 310.839,
                    "Actual Total Time": 310.84,
                    "Actual Rows": 492524,
                    "Actual Loops": 2,
                    "Hash Buckets": 1048576,
                    "Original Hash Buckets": 1048576,
                    "Hash Batches": 1,
                    "Original Hash Batches": 1,
                    "Peak Memory Usage": 46752,
                    "Plans": [
                      {
                        "Node Type": "Seq Scan",
                        "Parent Relationship": "Outer",
                        "Parallel Aware": true,
                        "Relation Name": "title",
                        "Alias": "t",
                        "Startup Cost": 0.0,
                        "Total Cost": 54588.39,
                        "Plan Rows": 583193,
                        "Plan Width": 4,
                        "Actual Startup Time": 0.035,
                        "Actual Total Time": 173.672,
                        "Actual Rows": 492524,
                        "Actual Loops": 2,
                        "Filter": "(kind_id < 7)",
                        "Rows Removed by Filter": 771632
                      }
                    ]
                  }
                ]
              }
            ]
          }
        ]
      }
    ]
  },
  "Planning Time": 0.47,
  "Triggers": [],
  "Execution Time": 1728.78
}