[
  {
    "Plan": {
      "Node Type": "Aggregate",
      "Strategy": "Plain",
      "Partial Mode": "Finalize",
      "Parallel Aware": false,
      "Startup Cost": 47070.51,
      "Total Cost": 47070.52,
      "Plan Rows": 1,
      "Plan Width": 8,
      "Actual Startup Time": 199.599,
      "Actual Total Time": 206.763,
      "Actual Rows": 1,
      "Actual Loops": 1,
      "Plans": [
        {
          "Node Type": "Gather",
          "Parent Relationship": "Outer",
          "Parallel Aware": false,
          "Startup Cost": 47070.19,
          "Total Cost": 47070.5,
          "Plan Rows": 3,
          "Plan Width": 8,
          "Actual Startup Time": 199.498,
          "Actual Total Time": 206.754,
          "Actual Rows": 4,
          "Actual Loops": 1,
          "Workers Planned": 3,
          "Workers Launched": 3,
          "Single Copy": false,
          "Plans": [
            {
              "Node Type": "Aggregate",
              "Strategy": "Plain",
              "Partial Mode": "Partial",
              "Parent Relationship": "Outer",
              "Parallel Aware": false,
              "Startup Cost": 46070.19,
              "Total Cost": 46070.2,
              "Plan Rows": 1,
              "Plan Width": 8,
              "Actual Startup Time": 191.232,
              "Actual Total Time": 191.233,
              "Actual Rows": 1,
              "Actual Loops": 4,
              "Plans": [
                {
                  "Node Type": "Seq Scan",
                  "Parent Relationship": "Outer",
                  "Parallel Aware": true,
                  "Relation Name": "movie_keyword",
                  "Alias": "mk",
                  "Startup Cost": 0.0,
                  "Total Cost": 42695.65,
                  "Plan Rows": 1349815,
                  "Plan Width": 0,
                  "Actual Startup Time": 0.058,
                  "Actual Total Time": 135.481,
                  "Actual Rows": 1046381,
                  "Actual Loops": 4,
                  "Filter": "(keyword_id < 48874)",
                  "Rows Removed by Filter": 84601
                }
              ]
            }
          ]
        }
      ]
    },
    "Planning Time": 0.123,
    "Triggers": [],
    "Execution Time": 206.801
  }
]