[
  {
    "Plan": {
      "Node Type": "Aggregate",
      "Strategy": "Plain",
      "Partial Mode": "Finalize",
      "Parallel Aware": false,
      "Startup Cost": 150013.24,
      "Total Cost": 150013.25,
      "Plan Rows": 1,
      "Plan Width": 8,
      "Actual Startup Time": 250.258,
      "Actual Total Time": 273.308,
      "Actual Rows": 1,
      "Actual Loops": 1,
      "Plans": [
        {
          "Node Type": "Gather",
          "Parent Relationship": "Outer",
          "Parallel Aware": false,
          "Startup Cost": 150012.92,
          "Total Cost": 150013.23,
          "Plan Rows": 3,
          "Plan Width": 8,
          "Actual Startup Time": 249.069,
          "Actual Total Time": 273.295,
          "Actual Rows": 4,
          "Actual Loops": 1,
          "Workers Planned": 3,
          "Workers Launched": 3,
          "Single Copy": false,
          "Plans": [
            {
              "Node Type": "Aggregate",
              "Strategy": "Plain",
              "Partial Mode": "Partial",
              "Parent Relationship": "Outer",
              "Parallel Aware": false,
              "Startup Cost": 149012.92,
              "Total Cost": 149012.93,
              "Plan Rows": 1,
              "Plan Width": 8,
              "Actual Startup Time": 242.926,
              "Actual Total Time": 242.932,
              "Actual Rows": 1,
              "Actual Loops": 4,
              "Plans": [
                {
                  "Node Type": "Nested Loop",
                  "Parent Relationship": "Outer",
                  "Parallel Aware": false,
                  "Join Type": "Inner",
                  "Startup Cost": 46257.18,
                  "Total Cost": 148803.83,
                  "Plan Rows": 83638,
                  "Plan Width": 0,
                  "Actual Startup Time": 115.199,
                  "Actual Total Time": 242.154,
                  "Actual Rows": 13752,
                  "Actual Loops": 4,
                  "Inner Unique": false,
                  "Join Filter": "(t.id = mi.movie_id)",
                  "Rows Removed by Join Filter": 0,
                  "Plans": [
                    {
                      "Node Type": "Hash Join",
                      "Parent Relationship": "Outer",
                      "Parallel Aware": true,
                      "Join Type": "Inner",
                      "Startup Cost": 46256.75,
                      "Total Cost": 78426.72,
                      "Plan Rows": 28296,
                      "Plan Width": 8,
                      "Actual Startup Time": 115.076,
                      "Actual Total Time": 206.908,
                      "Actual Rows": 1321,
                      "Actual Loops": 4,
                      "Inner Unique": true,
                      "Hash Cond": "(mc.movie_id = t.id)",
                      "Plans": [
                        {
                          "Node Type": "Seq Scan",
                          "Parent Relationship": "Outer",
                          "Parallel Aware": true,
                          "Relation Name": "movie_companies",
                          "Alias": "mc",
                          "Startup Cost": 0.0,
                          "Total Cost": 31414.82,
                          "Plan Rows": 287679,
                          "Plan Width": 4,
                          "Actual Startup Time": 0.476,
                          "Actual Total Time": 68.416,
                          "Actual Rows": 181223,
                          "Actual Loops": 4,
                          "Filter": "((company_id > 1684) AND (company_type_id < 2))",
                          "Rows Removed by Filter": 471059
                        },
                        {
                          "Node Type": "Hash",
                          "Parent Relationship": "Inner",
                          "Parallel Aware": true,
                          "Startup Cost": 45479.59,
                          "Total Cost": 45479.59,
                          "Plan Rows": 62173,
                          "Plan Width": 4,
                          "Actual Startup Time": 112.133,
                          "Actual Total Time": 112.134,
                          "Actual Rows": 32482,
                          "Actual Loops": 4,
                          "Hash Buckets": 262144,
                          "Original Hash Buckets": 262144,
                          "Hash Batches": 1,
                          "Original Hash Batches": 1,
                          "Peak Memory Usage": 7168,
                          "Plans": [
                            {
                              "Node Type": "Seq Scan",
                              "Parent Relationship": "Outer",
                              "Parallel Aware": true,
                              "Relation Name": "title",
                              "Alias": "t",
                              "Startup Cost": 0.0,
                              "Total Cost": 45479.59,
                              "Plan Rows": 62173,
                              "Plan Width": 4,
                              "Actual Startup Time": 0.033,
                              "Actual Total Time": 97.602,
                              "Actual Rows": 32482,
                              "Actual Loops": 4,
                              "Filter": "((kind_id > 1) AND (production_year < 1969))",
                              "Rows Removed by Filter": 599596
                            }
                          ]
                        }
                      ]
                    },
                    {
                      "Node Type": "Index Scan",
                      "Parent Relationship": "Inner",
                      "Parallel Aware": false,
                      "Scan Direction": "Forward",
                      "Index Name": "movie_id_movie_info",
                      "Relation Name": "movie_info",
                      "Alias": "mi",
                      "Startup Cost": 0.43,
                      "Total Cost": 2.22,
                      "Plan Rows": 21,
                      "Plan Width": 4,
                      "Actual Startup Time": 0.012,
                      "Actual Total Time": 0.025,
                      "Actual Rows": 10,
                      "Actual Loops": 5284,
                      "Index Cond": "(movie_id = mc.movie_id)",
                      "Rows Removed by Index Recheck": 0,
                      "Filter": "(info_type_id > 7)",
                      "Rows Removed by Filter": 7
                    }
                  ]
                }
              ]
            }
          ]
        }
      ]
    },
    "Planning Time": 1.62,
    "Triggers": [],
    "Execution Time": 273.401
  }
]