{
  "Plan": {
    "Node Type": "Aggregate",
    "Strategy": "Plain",
    "Partial Mode": "Finalize",
    "Parallel Aware": false,
    "Startup Cost": 108553.21,
    "Total Cost": 108553.22,
    "Plan Rows": 1,
    "Plan Width": 8,
    "Actual Startup Time": 529.905,
    "Actual Total Time": 548.479,
    "Actual Rows": 1,
    "Actual Loops": 1,
    "Plans": [
      {
        "Node Type": "Gather",
        "Parent Relationship": "Outer",
        "Parallel Aware": false,
        "Startup Cost": 108553.09,
        "Total Cost": 108553.2,
        "Plan Rows": 1,
        "Plan Width": 8,
        "Actual Startup Time": 527.154,
        "Actual Total Time": 548.469,
        "Actual Rows": 2,
        "Actual Loops": 1,
        "Workers Planned": 1,
        "Workers Launched": 1,
        "Single Copy": false,
        "Plans": [
          {
            "Node Type": "Aggregate",
            "Strategy": "Plain",
            "Partial Mode": "Partial",
            "Parent Relationship": "Outer",
            "Parallel Aware": false,
            "Startup Cost": 107553.09,
            "Total Cost": 107553.1,
            "Plan Rows": 1,
            "Plan Width": 8,
            "Actual Startup Time": 522.055,
            "Actual Total Time": 522.059,
            "Actual Rows": 1,
            "Actual Loops": 2,
            "Plans": [
              {
                "Node Type": "Hash Join",
                "Parent Relationship": "Outer",
                "Parallel Aware": true,
                "Join Type": "Inner",
                "Startup Cost": 63695.63,
                "Total Cost": 107110.49,
                "Plan Rows": 177041,
                "Plan Width": 0,
                "Actual Startup Time": 357.152,
                "Actual Total Time": 519.639,
                "Actual Rows": 47029,
                "Actual Loops": 2,
                "Inner Unique": true,
                "Hash Cond": "(mc.movie_id = t.id)",
                "Plans": [
                  {
                    "Node Type": "Seq Scan",
                    "Parent Relationship": "Outer",
                    "Parallel Aware": true,
                    "Relation Name": "movie_companies",
                    "Alias": "mc",
                    "Startup Cost": 0.0,
                    "Total Cost": 41811.73,
                    "Plan Rows": 610718,
                    "Plan Width": 4,
                    "Actual Startup Time": 58.897,
                    "Actual Total Time": 132.231,
                    "Actual Rows": 373862,
                    "Actual Loops": 2,
                    "Filter": "((company_id < 70905) AND (company_type_id = 2))",
                    "Rows Removed by Filter": 930703
                  },
                  {
                    "Node Type": "Hash",
                    "Parent Relationship": "Inner",
                    "Parallel Aware": true,
                    "Startup Cost": 58306.47,
                    "Total Cost": 58306.47,
                    "Plan Rows": 431133,
                    "Plan Width": 4,
                    "Actual Startup Time": 289.269,
                    "Actual Total Time": 289.27,
                    "Actual Rows": 398080,
                    "Actual Loops": 2,
                    "Hash Buckets": 1048576,
                    "Original Hash Buckets": 1048576,
                    "Hash Batches": 1,
                    "Original Hash Batches": 1,
                    "Peak Memory Usage": 39360,
                    "Plans": [
                      {
                        "Node Type": "Seq Scan",
                        "Parent Relationship": "Outer",
                        "Parallel Aware": true,
                        "Relation Name": "title",
                        "Alias": "t",
                        "Startup Cost": 0.0,
                        "Total Cost": 58306.47,
                        "Plan Rows": 431133,
                        "Plan Width": 4,
                        "Actual Startup Time": 0.036,
                        "Actual Total Time": 180.997,
                        "Actual Rows": 398080,
                        "Actual Loops": 2,
                        "Filter": "((production_year > 2003) AND (kind_id = 7))",
                        "Rows Removed by Filter": 866076
                      }
                    ]
                  }
                ]
              }
            ]
          }
        ]
      }
    ]
  },
  "Planning Time": 0.623,
  "Triggers": [],
  "Execution Time": 548.543
}