{
  "Plan": {
    "Node Type": "Aggregate",
    "Strategy": "Plain",
    "Partial Mode": "Finalize",
    "Parallel Aware": false,
    "Startup Cost": 80383.61,
    "Total Cost": 80383.62,
    "Plan Rows": 1,
    "Plan Width": 8,
    "Actual Startup Time": 251.184,
    "Actual Total Time": 270.121,
    "Actual Rows": 1,
    "Actual Loops": 1,
    "Plans": [
      {
        "Node Type": "Gather",
        "Parent Relationship": "Outer",
        "Parallel Aware": false,
        "Startup Cost": 80383.49,
        "Total Cost": 80383.6,
        "Plan Rows": 1,
        "Plan Width": 8,
        "Actual Startup Time": 250.919,
        "Actual Total Time": 270.106,
        "Actual Rows": 2,
        "Actual Loops": 1,
        "Workers Planned": 1,
        "Workers Launched": 1,
        "Single Copy": false,
        "Plans": [
          {
            "Node Type": "Aggregate",
            "Strategy": "Plain",
            "Partial Mode": "Partial",
            "Parent Relationship": "Outer",
            "Parallel Aware": false,
            "Startup Cost": 79383.49,
            "Total Cost": 79383.5,
            "Plan Rows": 1,
            "Plan Width": 8,
            "Actual Startup Time": 244.914,
            "Actual Total Time": 244.918,
            "Actual Rows": 1,
            "Actual Loops": 2,
            "Plans": [
              {
                "Node Type": "Nested Loop",
                "Parent Relationship": "Outer",
                "Parallel Aware": false,
                "Join Type": "Inner",
                "Startup Cost": 54771.63,
                "Total Cost": 79371.57,
                "Plan Rows": 4769,
                "Plan Width": 0,
                "Actual Startup Time": 139.296,
                "Actual Total Time": 243.842,
                "Actual Rows": 21476,
                "Actual Loops": 2,
                "Inner Unique": false,
                "Join Filter": "(t.id = mk.movie_id)",
                "Rows Removed by Join Filter": 0,
                "Plans": [
                  {
                    "Node Type": "Hash Join",
                    "Parent Relationship": "Outer",
                    "Parallel Aware": true,
                    "Join Type": "Inner",
                    "Startup Cost": 54771.2,
                    "Total Cost": 73564.97,
                    "Plan Rows": 2665,
                    "Plan Width": 8,
                    "Actual Startup Time": 139.121,
                    "Actual Total Time": 216.979,
                    "Actual Rows": 2852,
                    "Actual Loops": 2,
                    "Inner Unique": true,
                    "Hash Cond": "(mi_idx.movie_id = t.id)",
                    "Plans": [
                      {
                        "Node Type": "Seq Scan",
                        "Parent Relationship": "Outer",
                        "Parallel Aware": true,
                        "Relation Name": "movie_info_idx",
                        "Alias": "mi_idx",
                        "Startup Cost": 0.0,
                        "Total Cost": 18082.32,
                        "Plan Rows": 271028,
                        "Plan Width": 4,
                        "Actual Startup Time": 0.019,
                        "Actual Total Time": 53.297,
                        "Actual Rows": 229962,
                        "Actual Loops": 2,
                        "Filter": "(info_type_id = 101)",
                        "Rows Removed by Filter": 460055
                      },
                      {
                        "Node Type": "Hash",
                        "Parent Relationship": "Inner",
                        "Parallel Aware": true,
                        "Startup Cost": 54588.39,
                        "Total Cost": 54588.39,
                        "Plan Rows": 14625,
                        "Plan Width": 4,
                        "Actual Startup Time": 137.965,
                        "Actual Total Time": 137.965,
                        "Actual Rows": 11900,
                        "Actual Loops": 2,
                        "Hash Buckets": 32768,
                        "Original Hash Buckets": 32768,
                        "Hash Batches": 1,
                        "Original Hash Batches": 1,
                        "Peak Memory Usage": 1248,
                        "Plans": [
                          {
                            "Node Type": "Seq Scan",
                            "Parent Relationship": "Outer",
                            "Parallel Aware": true,
                            "Relation Name": "title",
                            "Alias": "t",
                            "Startup Cost": 0.0,
                            "Total Cost": 54588.39,
                            "Plan Rows": 14625,
                            "Plan Width": 4,
                            "Actual Startup Time": 0.11,
                            "Actual Total Time": 133.822,
                            "Actual Rows": 11900,
                            "Actual Loops": 2,
                            "Filter": "(production_year = 1991)",
                            "Rows Removed by Filter": 1252256
                          }
                        ]
                      }
                    ]
                  },
                  {
                    "Node Type": "Index Only Scan",
                    "Parent Relationship": "Inner",
                    "Parallel Aware": false,
                    "Scan Direction": "Forward",
                    "Index Name": "movie_id_movie_keyword",
                    "Relation Name": "movie_keyword",
                    "Alias": "mk",
                    "Startup Cost": 0.43,
                    "Total Cost": 1.62,
                    "Plan Rows": 45,
                    "Plan Width": 4,
                    "Actual Startup Time": 0.007,
                    "Actual Total Time": 0.008,
                    "Actual Rows": 8,
                    "Actual Loops": 5705,
                    "Index Cond": "(movie_id = mi_idx.movie_id)",
                    "Rows Removed by Index Recheck": 0,
                    "Heap Fetches": 42953
                  }
                ]
              }
            ]
          }
        ]
      }
    ]
  },
  "Planning Time": 0.836,
  "Triggers": [],
  "Execution Time": 270.209
}