{
  "Plan": {
    "Node Type": "Aggregate",
    "Strategy": "Plain",
    "Partial Mode": "Finalize",
    "Parallel Aware": false,
    "Startup Cost": 95731.78,
    "Total Cost": 95731.79,
    "Plan Rows": 1,
    "Plan Width": 8,
    "Actual Startup Time": 485.761,
    "Actual Total Time": 548.147,
    "Actual Rows": 1,
    "Actual Loops": 1,
    "Plans": [
      {
        "Node Type": "Gather",
        "Parent Relationship": "Outer",
        "Parallel Aware": false,
        "Startup Cost": 95731.67,
        "Total Cost": 95731.78,
        "Plan Rows": 1,
        "Plan Width": 8,
        "Actual Startup Time": 485.342,
        "Actual Total Time": 548.138,
        "Actual Rows": 2,
        "Actual Loops": 1,
        "Workers Planned": 1,
        "Workers Launched": 1,
        "Single Copy": false,
        "Plans": [
          {
            "Node Type": "Aggregate",
            "Strategy": "Plain",
            "Partial Mode": "Partial",
            "Parent Relationship": "Outer",
            "Parallel Aware": false,
            "Startup Cost": 94731.67,
            "Total Cost": 94731.68,
            "Plan Rows": 1,
            "Plan Width": 8,
            "Actual Startup Time": 478.764,
            "Actual Total Time": 478.768,
            "Actual Rows": 1,
            "Actual Loops": 2,
            "Plans": [
              {
                "Node Type": "Nested Loop",
                "Parent Relationship": "Outer",
                "Parallel Aware": false,
                "Join Type": "Inner",
                "Startup Cost": 20398.62,
                "Total Cost": 94705.31,
                "Plan Rows": 10544,
                "Plan Width": 0,
                "Actual Startup Time": 33.067,
                "Actual Total Time": 476.846,
                "Actual Rows": 24144,
                "Actual Loops": 2,
                "Inner Unique": false,
                "Plans": [
                  {
                    "Node Type": "Hash Join",
                    "Parent Relationship": "Outer",
                    "Parallel Aware": true,
                    "Join Type": "Inner",
                    "Startup Cost": 20398.06,
                    "Total Cost": 78662.94,
                    "Plan Rows": 5362,
                    "Plan Width": 8,
                    "Actual Startup Time": 32.712,
                    "Actual Total Time": 237.131,
                    "Actual Rows": 3154,
                    "Actual Loops": 2,
                    "Inner Unique": false,
                    "Hash Cond": "(t.id = mc.movie_id)",
                    "Plans": [
                      {
                        "Node Type": "Seq Scan",
                        "Parent Relationship": "Outer",
                        "Parallel Aware": true,
                        "Relation Name": "title",
                        "Alias": "t",
                        "Startup Cost": 0.0,
                        "Total Cost": 54588.39,
                        "Plan Rows": 583193,
                        "Plan Width": 4,
                        "Actual Startup Time": 0.012,
                        "Actual Total Time": 140.176,
                        "Actual Rows": 492524,
                        "Actual Loops": 2,
                        "Filter": "(kind_id < 7)",
                        "Rows Removed by Filter": 771632
                      },
                      {
                        "Node Type": "Hash",
                        "Parent Relationship": "Inner",
                        "Parallel Aware": true,
                        "Startup Cost": 20227.12,
                        "Total Cost": 20227.12,
                        "Plan Rows": 13675,
                        "Plan Width": 4,
                        "Actual Startup Time": 31.371,
                        "Actual Total Time": 31.373,
                        "Actual Rows": 21032,
                        "Actual Loops": 2,
                        "Hash Buckets": 65536,
                        "Original Hash Buckets": 32768,
                        "Hash Batches": 1,
                        "Original Hash Batches": 1,
                        "Peak Memory Usage": 2464,
                        "Plans": [
                          {
                            "Node Type": "Bitmap Heap Scan",
                            "Parent Relationship": "Outer",
                            "Parallel Aware": true,
                            "Relation Name": "movie_companies",
                            "Alias": "mc",
                            "Startup Cost": 1020.43,
                            "Total Cost": 20227.12,
                            "Plan Rows": 13675,
                            "Plan Width": 4,
                            "Actual Startup Time": 5.081,
                            "Actual Total Time": 22.834,
                            "Actual Rows": 21032,
                            "Actual Loops": 2,
                            "Recheck Cond": "(company_id = 19)",
                            "Rows Removed by Index Recheck": 0,
                            "Filter": "(company_type_id = 1)",
                            "Rows Removed by Filter": 2594,
                            "Exact Heap Blocks": 3977,
                            "Lossy Heap Blocks": 0,
                            "Plans": [
                              {
                                "Node Type": "Bitmap Index Scan",
                                "Parent Relationship": "Outer",
                                "Parallel Aware": false,
                                "Index Name": "company_id_movie_companies",
                                "Startup Cost": 0.0,
                                "Total Cost": 1014.62,
                                "Plan Rows": 47225,
                                "Plan Width": 0,
                                "Actual Startup Time": 7.865,
                                "Actual Total Time": 7.866,
                                "Actual Rows": 47252,
                                "Actual Loops": 1,
                                "Index Cond": "(company_id = 19)"
                              }
                            ]
                          }
                        ]
                      }
                    ]
                  },
                  {
                    "Node Type": "Index Scan",
                    "Parent Relationship": "Inner",
                    "Parallel Aware": false,
                    "Scan Direction": "Forward",
                    "Index Name": "movie_id_cast_info",
                    "Relation Name": "cast_info",
                    "Alias": "ci",
                    "Startup Cost": 0.56,
                    "Total Cost": 2.94,
                    "Plan Rows": 5,
                    "Plan Width": 4,
                    "Actual Startup Time": 0.052,
                    "Actual Total Time": 0.075,
                    "Actual Rows": 8,
                    "Actual Loops": 6309,
                    "Index Cond": "(movie_id = t.id)",
                    "Rows Removed by Index Recheck": 0,
                    "Filter": "((person_id > 2617263) AND (role_id > 2))",
                    "Rows Removed by Filter": 26
                  }
                ]
              }
            ]
          }
        ]
      }
    ]
  },
  "Planning Time": 1.073,
  "Triggers": [],
  "Execution Time": 548.279
}