[
  {
    "Plan": {
      "Node Type": "Aggregate",
      "Strategy": "Plain",
      "Partial Mode": "Finalize",
      "Parallel Aware": false,
      "Startup Cost": 30694.97,
      "Total Cost": 30694.98,
      "Plan Rows": 1,
      "Plan Width": 8,
      "Actual Startup Time": 90.123,
      "Actual Total Time": 98.348,
      "Actual Rows": 1,
      "Actual Loops": 1,
      "Plans": [
        {
          "Node Type": "Gather",
          "Parent Relationship": "Outer",
          "Parallel Aware": false,
          "Startup Cost": 30694.66,
          "Total Cost": 30694.97,
          "Plan Rows": 3,
          "Plan Width": 8,
          "Actual Startup Time": 90.013,
          "Actual Total Time": 98.34,
          "Actual Rows": 4,
          "Actual Loops": 1,
          "Workers Planned": 3,
          "Workers Launched": 3,
          "Single Copy": false,
          "Plans": [
            {
              "Node Type": "Aggregate",
              "Strategy": "Plain",
              "Partial Mode": "Partial",
              "Parent Relationship": "Outer",
              "Parallel Aware": false,
              "Startup Cost": 29694.66,
              "Total Cost": 29694.67,
              "Plan Rows": 1,
              "Plan Width": 8,
              "Actual Startup Time": 81.572,
              "Actual Total Time": 81.574,
              "Actual Rows": 1,
              "Actual Loops": 4,
              "Plans": [
                {
                  "Node Type": "Seq Scan",
                  "Parent Relationship": "Outer",
                  "Parallel Aware": true,
                  "Relation Name": "movie_companies",
                  "Alias": "mc",
                  "Startup Cost": 0.0,
                  "Total Cost": 29310.68,
                  "Plan Rows": 153590,
                  "Plan Width": 0,
                  "Actual Startup Time": 0.049,
                  "Actual Total Time": 72.447,
                  "Actual Rows": 117882,
                  "Actual Loops": 4,
                  "Filter": "(company_id < 419)",
                  "Rows Removed by Filter": 534400
                }
              ]
            }
          ]
        }
      ]
    },
    "Planning Time": 0.186,
    "Triggers": [],
    "Execution Time": 98.402
  }
]