[
  {
    "Plan": {
      "Node Type": "Aggregate",
      "Strategy": "Plain",
      "Partial Mode": "Finalize",
      "Parallel Aware": false,
      "Startup Cost": 602530.79,
      "Total Cost": 602530.8,
      "Plan Rows": 1,
      "Plan Width": 8,
      "Actual Startup Time": 2511.962,
      "Actual Total Time": 2599.969,
      "Actual Rows": 1,
      "Actual Loops": 1,
      "Plans": [
        {
          "Node Type": "Gather",
          "Parent Relationship": "Outer",
          "Parallel Aware": false,
          "Startup Cost": 602530.16,
          "Total Cost": 602530.77,
          "Plan Rows": 6,
          "Plan Width": 8,
          "Actual Startup Time": 2504.779,
          "Actual Total Time": 2599.939,
          "Actual Rows": 7,
          "Actual Loops": 1,
          "Workers Planned": 6,
          "Workers Launched": 6,
          "Single Copy": false,
          "Plans": [
            {
              "Node Type": "Aggregate",
              "Strategy": "Plain",
              "Partial Mode": "Partial",
              "Parent Relationship": "Outer",
              "Parallel Aware": false,
              "Startup Cost": 601530.16,
              "Total Cost": 601530.17,
              "Plan Rows": 1,
              "Plan Width": 8,
              "Actual Startup Time": 2490.823,
              "Actual Total Time": 2491.056,
              "Actual Rows": 1,
              "Actual Loops": 7,
              "Plans": [
                {
                  "Node Type": "Hash Join",
                  "Parent Relationship": "Outer",
                  "Parallel Aware": true,
                  "Join Type": "Inner",
                  "Startup Cost": 252805.97,
                  "Total Cost": 594299.79,
                  "Plan Rows": 2892147,
                  "Plan Width": 0,
                  "Actual Startup Time": 626.897,
                  "Actual Total Time": 2376.03,
                  "Actual Rows": 2241752,
                  "Actual Loops": 7,
                  "Inner Unique": false,
                  "Hash Cond": "(ci.movie_id = t.id)",
                  "Plans": [
                    {
                      "Node Type": "Seq Scan",
                      "Parent Relationship": "Outer",
                      "Parallel Aware": true,
                      "Relation Name": "cast_info",
                      "Alias": "ci",
                      "Startup Cost": 0.0,
                      "Total Cost": 313067.02,
                      "Plan Rows": 6038002,
                      "Plan Width": 4,
                      "Actual Startup Time": 0.036,
                      "Actual Total Time": 609.096,
                      "Actual Rows": 5177763,
                      "Actual Loops": 7
                    },
                    {
                      "Node Type": "Hash",
                      "Parent Relationship": "Inner",
                      "Parallel Aware": true,
                      "Startup Cost": 249778.39,
                      "Total Cost": 249778.39,
                      "Plan Rows": 242206,
                      "Plan Width": 8,
                      "Actual Startup Time": 622.11,
                      "Actual Total Time": 622.342,
                      "Actual Rows": 77833,
                      "Actual Loops": 7,
                      "Hash Buckets": 2097152,
                      "Original Hash Buckets": 2097152,
                      "Hash Batches": 1,
                      "Original Hash Batches": 1,
                      "Peak Memory Usage": 37824,
                      "Plans": [
                        {
                          "Node Type": "Hash Join",
                          "Parent Relationship": "Outer",
                          "Parallel Aware": true,
                          "Join Type": "Inner",
                          "Startup Cost": 49610.27,
                          "Total Cost": 249778.39,
                          "Plan Rows": 242206,
                          "Plan Width": 8,
                          "Actual Startup Time": 217.219,
                          "Actual Total Time": 581.219,
                          "Actual Rows": 77833,
                          "Actual Loops": 7,
                          "Inner Unique": true,
                          "Hash Cond": "(mi.movie_id = t.id)",
                          "Plans": [
                            {
                              "Node Type": "Seq Scan",
                              "Parent Relationship": "Outer",
                              "Parallel Aware": true,
                              "Relation Name": "movie_info",
                              "Alias": "mi",
                              "Startup Cost": 0.0,
                              "Total Cost": 198952.16,
                              "Plan Rows": 463221,
                              "Plan Width": 4,
                              "Actual Startup Time": 16.774,
                              "Actual Total Time": 301.357,
                              "Actual Rows": 319121,
                              "Actual Loops": 7,
                              "Filter": "(info_type_id > 16)",
                              "Rows Removed by Filter": 1800267
                            },
                            {
                              "Node Type": "Hash",
                              "Parent Relationship": "Inner",
                              "Parallel Aware": true,
                              "Startup Cost": 45479.1,
                              "Total Cost": 45479.1,
                              "Plan Rows": 330494,
                              "Plan Width": 4,
                              "Actual Startup Time": 198.197,
                              "Actual Total Time": 198.198,
                              "Actual Rows": 185447,
                              "Actual Loops": 7,
                              "Hash Buckets": 2097152,
                              "Original Hash Buckets": 2097152,
                              "Hash Batches": 1,
                              "Original Hash Batches": 1,
                              "Peak Memory Usage": 67296,
                              "Plans": [
                                {
                                  "Node Type": "Seq Scan",
                                  "Parent Relationship": "Outer",
                                  "Parallel Aware": true,
                                  "Relation Name": "title",
                                  "Alias": "t",
                                  "Startup Cost": 0.0,
                                  "Total Cost": 45479.1,
                                  "Plan Rows": 330494,
                                  "Plan Width": 4,
                                  "Actual Startup Time": 0.049,
                                  "Actual Total Time": 96.113,
                                  "Actual Rows": 185447,
                                  "Actual Loops": 7,
                                  "Filter": "((kind_id > 1) AND (production_year < 2009))",
                                  "Rows Removed by Filter": 175741
                                }
                              ]
                            }
                          ]
                        }
                      ]
                    }
                  ]
                }
              ]
            }
          ]
        }
      ]
    },
    "Planning Time": 1.283,
    "Triggers": [],
    "Execution Time": 2600.065
  }
]