{
  "Plan": {
    "Node Type": "Aggregate",
    "Strategy": "Plain",
    "Partial Mode": "Finalize",
    "Parallel Aware": false,
    "Startup Cost": 309403.1,
    "Total Cost": 309403.11,
    "Plan Rows": 1,
    "Plan Width": 8,
    "Actual Startup Time": 1831.206,
    "Actual Total Time": 1853.732,
    "Actual Rows": 1,
    "Actual Loops": 1,
    "Plans": [
      {
        "Node Type": "Gather",
        "Parent Relationship": "Outer",
        "Parallel Aware": false,
        "Startup Cost": 309402.99,
        "Total Cost": 309403.1,
        "Plan Rows": 1,
        "Plan Width": 8,
        "Actual Startup Time": 1829.742,
        "Actual Total Time": 1853.726,
        "Actual Rows": 2,
        "Actual Loops": 1,
        "Workers Planned": 1,
        "Workers Launched": 1,
        "Single Copy": false,
        "Plans": [
          {
            "Node Type": "Aggregate",
            "Strategy": "Plain",
            "Partial Mode": "Partial",
            "Parent Relationship": "Outer",
            "Parallel Aware": false,
            "Startup Cost": 308402.99,
            "Total Cost": 308403.0,
            "Plan Rows": 1,
            "Plan Width": 8,
            "Actual Startup Time": 1823.656,
            "Actual Total Time": 1823.66,
            "Actual Rows": 1,
            "Actual Loops": 2,
            "Plans": [
              {
                "Node Type": "Hash Join",
                "Parent Relationship": "Outer",
                "Parallel Aware": true,
                "Join Type": "Inner",
                "Startup Cost": 64727.15,
                "Total Cost": 306672.09,
                "Plan Rows": 692358,
                "Plan Width": 0,
                "Actual Startup Time": 428.373,
                "Actual Total Time": 1780.454,
                "Actual Rows": 1017615,
                "Actual Loops": 2,
                "Inner Unique": true,
                "Hash Cond": "(ci.movie_id = t.id)",
                "Plans": [
                  {
                    "Node Type": "Index Scan",
                    "Parent Relationship": "Outer",
                    "Parallel Aware": true,
                    "Scan Direction": "Forward",
                    "Index Name": "role_id_cast_info",
                    "Relation Name": "cast_info",
                    "Alias": "ci",
                    "Startup Cost": 0.56,
                    "Total Cost": 236682.84,
                    "Plan Rows": 2004825,
                    "Plan Width": 4,
                    "Actual Startup Time": 117.108,
                    "Actual Total Time": 629.173,
                    "Actual Rows": 2863440,
                    "Actual Loops": 2,
                    "Index Cond": "(role_id = 2)",
                    "Rows Removed by Index Recheck": 0,
                    "Filter": "(person_id > 1957072)",
                    "Rows Removed by Filter": 862546
                  },
                  {
                    "Node Type": "Hash",
                    "Parent Relationship": "Inner",
                    "Parallel Aware": true,
                    "Startup Cost": 58306.47,
                    "Total Cost": 58306.47,
                    "Plan Rows": 513609,
                    "Plan Width": 4,
                    "Actual Startup Time": 301.848,
                    "Actual Total Time": 301.85,
                    "Actual Rows": 448394,
                    "Actual Loops": 2,
                    "Hash Buckets": 1048576,
                    "Original Hash Buckets": 1048576,
                    "Hash Batches": 1,
                    "Original Hash Batches": 1,
                    "Peak Memory Usage": 43296,
                    "Plans": [
                      {
                        "Node Type": "Seq Scan",
                        "Parent Relationship": "Outer",
                        "Parallel Aware": true,
                        "Relation Name": "title",
                        "Alias": "t",
                        "Startup Cost": 0.0,
                        "Total Cost": 58306.47,
                        "Plan Rows": 513609,
                        "Plan Width": 4,
                        "Actual Startup Time": 0.035,
                        "Actual Total Time": 163.148,
                        "Actual Rows": 448394,
                        "Actual Loops": 2,
                        "Filter": "((kind_id < 7) AND (production_year < 2012))",
                        "Rows Removed by Filter": 815762
                      }
                    ]
                  }
                ]
              }
            ]
          }
        ]
      }
    ]
  },
  "Planning Time": 0.719,
  "Triggers": [],
  "Execution Time": 1853.813
}