[
  {
    "Plan": {
      "Node Type": "Aggregate",
      "Strategy": "Plain",
      "Partial Mode": "Finalize",
      "Parallel Aware": false,
      "Startup Cost": 93610.22,
      "Total Cost": 93610.23,
      "Plan Rows": 1,
      "Plan Width": 8,
      "Actual Startup Time": 412.259,
      "Actual Total Time": 427.339,
      "Actual Rows": 1,
      "Actual Loops": 1,
      "Plans": [
        {
          "Node Type": "Gather",
          "Parent Relationship": "Outer",
          "Parallel Aware": false,
          "Startup Cost": 93609.9,
          "Total Cost": 93610.21,
          "Plan Rows": 3,
          "Plan Width": 8,
          "Actual Startup Time": 407.981,
          "Actual Total Time": 427.329,
          "Actual Rows": 4,
          "Actual Loops": 1,
          "Workers Planned": 3,
          "Workers Launched": 3,
          "Single Copy": false,
          "Plans": [
            {
              "Node Type": "Aggregate",
              "Strategy": "Plain",
              "Partial Mode": "Partial",
              "Parent Relationship": "Outer",
              "Parallel Aware": false,
              "Startup Cost": 92609.9,
              "Total Cost": 92609.91,
              "Plan Rows": 1,
              "Plan Width": 8,
              "Actual Startup Time": 399.245,
              "Actual Total Time": 399.248,
              "Actual Rows": 1,
              "Actual Loops": 4,
              "Plans": [
                {
                  "Node Type": "Hash Join",
                  "Parent Relationship": "Outer",
                  "Parallel Aware": true,
                  "Join Type": "Inner",
                  "Startup Cost": 46420.89,
                  "Total Cost": 91795.5,
                  "Plan Rows": 325762,
                  "Plan Width": 0,
                  "Actual Startup Time": 182.111,
                  "Actual Total Time": 385.046,
                  "Actual Rows": 348989,
                  "Actual Loops": 4,
                  "Inner Unique": true,
                  "Hash Cond": "(mk.movie_id = t.id)",
                  "Plans": [
                    {
                      "Node Type": "Seq Scan",
                      "Parent Relationship": "Outer",
                      "Parallel Aware": true,
                      "Relation Name": "movie_keyword",
                      "Alias": "mk",
                      "Startup Cost": 0.0,
                      "Total Cost": 42695.65,
                      "Plan Rows": 1020553,
                      "Plan Width": 4,
                      "Actual Startup Time": 0.124,
                      "Actual Total Time": 107.525,
                      "Actual Rows": 787939,
                      "Actual Loops": 4,
                      "Filter": "(keyword_id > 1806)",
                      "Rows Removed by Filter": 343044
                    },
                    {
                      "Node Type": "Hash",
                      "Parent Relationship": "Inner",
                      "Parallel Aware": true,
                      "Startup Cost": 43898.92,
                      "Total Cost": 43898.92,
                      "Plan Rows": 201758,
                      "Plan Width": 4,
                      "Actual Startup Time": 176.789,
                      "Actual Total Time": 176.79,
                      "Actual Rows": 203176,
                      "Actual Loops": 4,
                      "Hash Buckets": 1048576,
                      "Original Hash Buckets": 1048576,
                      "Hash Batches": 1,
                      "Original Hash Batches": 1,
                      "Peak Memory Usage": 40064,
                      "Plans": [
                        {
                          "Node Type": "Seq Scan",
                          "Parent Relationship": "Outer",
                          "Parallel Aware": true,
                          "Relation Name": "title",
                          "Alias": "t",
                          "Startup Cost": 0.0,
                          "Total Cost": 43898.92,
                          "Plan Rows": 201758,
                          "Plan Width": 4,
                          "Actual Startup Time": 0.045,
                          "Actual Total Time": 101.809,
                          "Actual Rows": 203176,
                          "Actual Loops": 4,
                          "Filter": "(production_year < 1995)",
                          "Rows Removed by Filter": 428902
                        }
                      ]
                    }
                  ]
                }
              ]
            }
          ]
        }
      ]
    },
    "Planning Time": 0.588,
    "Triggers": [],
    "Execution Time": 427.433
  }
]