[
  {
    "Plan": {
      "Node Type": "Aggregate",
      "Strategy": "Plain",
      "Partial Mode": "Finalize",
      "Parallel Aware": false,
      "Startup Cost": 128846.49,
      "Total Cost": 128846.5,
      "Plan Rows": 1,
      "Plan Width": 8,
      "Actual Startup Time": 276.207,
      "Actual Total Time": 292.94,
      "Actual Rows": 1,
      "Actual Loops": 1,
      "Plans": [
        {
          "Node Type": "Gather",
          "Parent Relationship": "Outer",
          "Parallel Aware": false,
          "Startup Cost": 128846.07,
          "Total Cost": 128846.48,
          "Plan Rows": 4,
          "Plan Width": 8,
          "Actual Startup Time": 275.23,
          "Actual Total Time": 292.931,
          "Actual Rows": 5,
          "Actual Loops": 1,
          "Workers Planned": 4,
          "Workers Launched": 4,
          "Single Copy": false,
          "Plans": [
            {
              "Node Type": "Aggregate",
              "Strategy": "Plain",
              "Partial Mode": "Partial",
              "Parent Relationship": "Outer",
              "Parallel Aware": false,
              "Startup Cost": 127846.07,
              "Total Cost": 127846.08,
              "Plan Rows": 1,
              "Plan Width": 8,
              "Actual Startup Time": 265.881,
              "Actual Total Time": 265.884,
              "Actual Rows": 1,
              "Actual Loops": 5,
              "Plans": [
                {
                  "Node Type": "Hash Join",
                  "Parent Relationship": "Outer",
                  "Parallel Aware": true,
                  "Join Type": "Inner",
                  "Startup Cost": 78167.35,
                  "Total Cost": 127761.68,
                  "Plan Rows": 33756,
                  "Plan Width": 0,
                  "Actual Startup Time": 120.819,
                  "Actual Total Time": 264.413,
                  "Actual Rows": 25875,
                  "Actual Loops": 5,
                  "Inner Unique": false,
                  "Hash Cond": "(t.id = ci.movie_id)",
                  "Plans": [
                    {
                      "Node Type": "Seq Scan",
                      "Parent Relationship": "Outer",
                      "Parallel Aware": true,
                      "Relation Name": "title",
                      "Alias": "t",
                      "Startup Cost": 0.0,
                      "Total Cost": 43898.92,
                      "Plan Rows": 500258,
                      "Plan Width": 4,
                      "Actual Startup Time": 0.015,
                      "Actual Total Time": 82.153,
                      "Actual Rows": 398131,
                      "Actual Loops": 5,
                      "Filter": "(production_year > 1976)",
                      "Rows Removed by Filter": 107531
                    },
                    {
                      "Node Type": "Hash",
                      "Parent Relationship": "Inner",
                      "Parallel Aware": true,
                      "Startup Cost": 77740.85,
                      "Total Cost": 77740.85,
                      "Plan Rows": 34120,
                      "Plan Width": 4,
                      "Actual Startup Time": 118.879,
                      "Actual Total Time": 118.88,
                      "Actual Rows": 31655,
                      "Actual Loops": 5,
                      "Hash Buckets": 262144,
                      "Original Hash Buckets": 262144,
                      "Hash Batches": 1,
                      "Original Hash Batches": 1,
                      "Peak Memory Usage": 8320,
                      "Plans": [
                        {
                          "Node Type": "Index Scan",
                          "Parent Relationship": "Outer",
                          "Parallel Aware": true,
                          "Scan Direction": "Forward",
                          "Index Name": "role_id_cast_info",
                          "Relation Name": "cast_info",
                          "Alias": "ci",
                          "Startup Cost": 0.56,
                          "Total Cost": 77740.85,
                          "Plan Rows": 34120,
                          "Plan Width": 4,
                          "Actual Startup Time": 0.148,
                          "Actual Total Time": 104.756,
                          "Actual Rows": 31655,
                          "Actual Loops": 5,
                          "Index Cond": "(role_id = 4)",
                          "Rows Removed by Index Recheck": 0,
                          "Filter": "(person_id < 211974)",
                          "Rows Removed by Filter": 514133
                        }
                      ]
                    }
                  ]
                }
              ]
            }
          ]
        }
      ]
    },
    "Planning Time": 0.631,
    "Triggers": [],
    "Execution Time": 293.019
  }
]