{
  "Plan": {
    "Node Type": "Aggregate",
    "Strategy": "Plain",
    "Partial Mode": "Finalize",
    "Parallel Aware": false,
    "Startup Cost": 17635.77,
    "Total Cost": 17635.78,
    "Plan Rows": 1,
    "Plan Width": 8,
    "Actual Startup Time": 22.733,
    "Actual Total Time": 25.72,
    "Actual Rows": 1,
    "Actual Loops": 1,
    "Plans": [
      {
        "Node Type": "Gather",
        "Parent Relationship": "Outer",
        "Parallel Aware": false,
        "Startup Cost": 17635.66,
        "Total Cost": 17635.77,
        "Plan Rows": 1,
        "Plan Width": 8,
        "Actual Startup Time": 22.616,
        "Actual Total Time": 25.713,
        "Actual Rows": 2,
        "Actual Loops": 1,
        "Workers Planned": 1,
        "Workers Launched": 1,
        "Single Copy": false,
        "Plans": [
          {
            "Node Type": "Aggregate",
            "Strategy": "Plain",
            "Partial Mode": "Partial",
            "Parent Relationship": "Outer",
            "Parallel Aware": false,
            "Startup Cost": 16635.66,
            "Total Cost": 16635.67,
            "Plan Rows": 1,
            "Plan Width": 8,
            "Actual Startup Time": 16.634,
            "Actual Total Time": 16.636,
            "Actual Rows": 1,
            "Actual Loops": 2,
            "Plans": [
              {
                "Node Type": "Nested Loop",
                "Parent Relationship": "Outer",
                "Parallel Aware": false,
                "Join Type": "Inner",
                "Startup Cost": 74.72,
                "Total Cost": 16634.48,
                "Plan Rows": 473,
                "Plan Width": 0,
                "Actual Startup Time": 1.476,
                "Actual Total Time": 16.4,
                "Actual Rows": 933,
                "Actual Loops": 2,
                "Inner Unique": true,
                "Plans": [
                  {
                    "Node Type": "Bitmap Heap Scan",
                    "Parent Relationship": "Outer",
                    "Parallel Aware": true,
                    "Relation Name": "movie_companies",
                    "Alias": "mc",
                    "Startup Cost": 74.29,
                    "Total Cost": 8752.8,
                    "Plan Rows": 982,
                    "Plan Width": 4,
                    "Actual Startup Time": 1.231,
                    "Actual Total Time": 3.714,
                    "Actual Rows": 1217,
                    "Actual Loops": 2,
                    "Recheck Cond": "(company_id = 137)",
                    "Rows Removed by Index Recheck": 0,
                    "Filter": "(company_type_id = 1)",
                    "Rows Removed by Filter": 369,
                    "Exact Heap Blocks": 685,
                    "Lossy Heap Blocks": 0,
                    "Plans": [
                      {
                        "Node Type": "Bitmap Index Scan",
                        "Parent Relationship": "Outer",
                        "Parallel Aware": false,
                        "Index Name": "company_id_movie_companies",
                        "Startup Cost": 0.0,
                        "Total Cost": 73.87,
                        "Plan Rows": 3392,
                        "Plan Width": 0,
                        "Actual Startup Time": 1.988,
                        "Actual Total Time": 1.989,
                        "Actual Rows": 3172,
                        "Actual Loops": 1,
                        "Index Cond": "(company_id = 137)"
                      }
                    ]
                  },
                  {
                    "Node Type": "Index Scan",
                    "Parent Relationship": "Inner",
                    "Parallel Aware": false,
                    "Scan Direction": "Forward",
                    "Index Name": "title_pkey",
                    "Relation Name": "title",
                    "Alias": "t",
                    "Startup Cost": 0.43,
                    "Total Cost": 8.03,
                    "Plan Rows": 1,
                    "Plan Width": 4,
                    "Actual Startup Time": 0.01,
                    "Actual Total Time": 0.01,
                    "Actual Rows": 1,
                    "Actual Loops": 2434,
                    "Index Cond": "(id = mc.movie_id)",
                    "Rows Removed by Index Recheck": 0,
                    "Filter": "((kind_id > 4) AND (production_year > 1977))",
                    "Rows Removed by Filter": 0
                  }
                ]
              }
            ]
          }
        ]
      }
    ]
  },
  "Planning Time": 0.666,
  "Triggers": [],
  "Execution Time": 25.833
}