[
  {
    "Plan": {
      "Node Type": "Aggregate",
      "Strategy": "Plain",
      "Partial Mode": "Finalize",
      "Parallel Aware": false,
      "Startup Cost": 338394.12,
      "Total Cost": 338394.13,
      "Plan Rows": 1,
      "Plan Width": 8,
      "Actual Startup Time": 774.561,
      "Actual Total Time": 836.202,
      "Actual Rows": 1,
      "Actual Loops": 1,
      "Plans": [
        {
          "Node Type": "Gather",
          "Parent Relationship": "Outer",
          "Parallel Aware": false,
          "Startup Cost": 338393.5,
          "Total Cost": 338394.11,
          "Plan Rows": 6,
          "Plan Width": 8,
          "Actual Startup Time": 774.464,
          "Actual Total Time": 836.192,
          "Actual Rows": 7,
          "Actual Loops": 1,
          "Workers Planned": 6,
          "Workers Launched": 6,
          "Single Copy": false,
          "Plans": [
            {
              "Node Type": "Aggregate",
              "Strategy": "Plain",
              "Partial Mode": "Partial",
              "Parent Relationship": "Outer",
              "Parallel Aware": false,
              "Startup Cost": 337393.5,
              "Total Cost": 337393.51,
              "Plan Rows": 1,
              "Plan Width": 8,
              "Actual Startup Time": 764.128,
              "Actual Total Time": 764.129,
              "Actual Rows": 1,
              "Actual Loops": 7,
              "Plans": [
                {
                  "Node Type": "Seq Scan",
                  "Parent Relationship": "Outer",
                  "Parallel Aware": true,
                  "Relation Name": "cast_info",
                  "Alias": "ci",
                  "Startup Cost": 0.0,
                  "Total Cost": 328162.03,
                  "Plan Rows": 3692589,
                  "Plan Width": 0,
                  "Actual Startup Time": 162.302,
                  "Actual Total Time": 624.748,
                  "Actual Rows": 3167909,
                  "Actual Loops": 7,
                  "Filter": "(person_id > 1386233)",
                  "Rows Removed by Filter": 2009855
                }
              ]
            }
          ]
        }
      ]
    },
    "Planning Time": 0.179,
    "Triggers": [],
    "Execution Time": 836.287
  }
]