{
  "Plan": {
    "Node Type": "Aggregate",
    "Strategy": "Plain",
    "Partial Mode": "Finalize",
    "Parallel Aware": false,
    "Startup Cost": 214189.65,
    "Total Cost": 214189.66,
    "Plan Rows": 1,
    "Plan Width": 8,
    "Actual Startup Time": 415.307,
    "Actual Total Time": 446.691,
    "Actual Rows": 1,
    "Actual Loops": 1,
    "Plans": [
      {
        "Node Type": "Gather",
        "Parent Relationship": "Outer",
        "Parallel Aware": false,
        "Startup Cost": 214189.53,
        "Total Cost": 214189.64,
        "Plan Rows": 1,
        "Plan Width": 8,
        "Actual Startup Time": 414.843,
        "Actual Total Time": 446.681,
        "Actual Rows": 2,
        "Actual Loops": 1,
        "Workers Planned": 1,
        "Workers Launched": 1,
        "Single Copy": false,
        "Plans": [
          {
            "Node Type": "Aggregate",
            "Strategy": "Plain",
            "Partial Mode": "Partial",
            "Parent Relationship": "Outer",
            "Parallel Aware": false,
            "Startup Cost": 213189.53,
            "Total Cost": 213189.54,
            "Plan Rows": 1,
            "Plan Width": 8,
            "Actual Startup Time": 408.874,
            "Actual Total Time": 408.879,
            "Actual Rows": 1,
            "Actual Loops": 2,
            "Plans": [
              {
                "Node Type": "Nested Loop",
                "Parent Relationship": "Outer",
                "Parallel Aware": false,
                "Join Type": "Inner",
                "Startup Cost": 59525.21,
                "Total Cost": 213059.61,
                "Plan Rows": 51971,
                "Plan Width": 0,
                "Actual Startup Time": 155.839,
                "Actual Total Time": 408.212,
                "Actual Rows": 9110,
                "Actual Loops": 2,
                "Inner Unique": false,
                "Join Filter": "(t.id = ci.movie_id)",
                "Rows Removed by Join Filter": 0,
                "Plans": [
                  {
                    "Node Type": "Hash Join",
                    "Parent Relationship": "Outer",
                    "Parallel Aware": true,
                    "Join Type": "Inner",
                    "Startup Cost": 59524.64,
                    "Total Cost": 77708.43,
                    "Plan Rows": 53194,
                    "Plan Width": 8,
                    "Actual Startup Time": 155.404,
                    "Actual Total Time": 263.207,
                    "Actual Rows": 11388,
                    "Actual Loops": 2,
                    "Inner Unique": true,
                    "Hash Cond": "(mi_idx.movie_id = t.id)",
                    "Plans": [
                      {
                        "Node Type": "Seq Scan",
                        "Parent Relationship": "Outer",
                        "Parallel Aware": true,
                        "Relation Name": "movie_info_idx",
                        "Alias": "mi_idx",
                        "Startup Cost": 0.0,
                        "Total Cost": 16052.85,
                        "Plan Rows": 811785,
                        "Plan Width": 4,
                        "Actual Startup Time": 0.018,
                        "Actual Total Time": 47.132,
                        "Actual Rows": 690018,
                        "Actual Loops": 2
                      },
                      {
                        "Node Type": "Hash",
                        "Parent Relationship": "Inner",
                        "Parallel Aware": true,
                        "Startup Cost": 58306.47,
                        "Total Cost": 58306.47,
                        "Plan Rows": 97454,
                        "Plan Width": 4,
                        "Actual Startup Time": 151.487,
                        "Actual Total Time": 151.488,
                        "Actual Rows": 36319,
                        "Actual Loops": 2,
                        "Hash Buckets": 262144,
                        "Original Hash Buckets": 262144,
                        "Hash Batches": 1,
                        "Original Hash Batches": 1,
                        "Peak Memory Usage": 4928,
                        "Plans": [
                          {
                            "Node Type": "Seq Scan",
                            "Parent Relationship": "Outer",
                            "Parallel Aware": true,
                            "Relation Name": "title",
                            "Alias": "t",
                            "Startup Cost": 0.0,
                            "Total Cost": 58306.47,
                            "Plan Rows": 97454,
                            "Plan Width": 4,
                            "Actual Startup Time": 0.053,
                            "Actual Total Time": 140.643,
                            "Actual Rows": 36319,
                            "Actual Loops": 2,
                            "Filter": "((production_year < 1964) AND (kind_id = 7))",
                            "Rows Removed by Filter": 1227837
                          }
                        ]
                      }
                    ]
                  },
                  {
                    "Node Type": "Index Scan",
                    "Parent Relationship": "Inner",
                    "Parallel Aware": false,
                    "Scan Direction": "Forward",
                    "Index Name": "movie_id_cast_info",
                    "Relation Name": "cast_info",
                    "Alias": "ci",
                    "Startup Cost": 0.56,
                    "Total Cost": 2.51,
                    "Plan Rows": 3,
                    "Plan Width": 4,
                    "Actual Startup Time": 0.012,
                    "Actual Total Time": 0.012,
                    "Actual Rows": 1,
                    "Actual Loops": 22776,
                    "Index Cond": "(movie_id = mi_idx.movie_id)",
                    "Rows Removed by Index Recheck": 0,
                    "Filter": "((person_id < 1028117) AND (role_id > 5))",
                    "Rows Removed by Filter": 18
                  }
                ]
              }
            ]
          }
        ]
      }
    ]
  },
  "Planning Time": 0.987,
  "Triggers": [],
  "Execution Time": 446.791
}