[
  {
    "Plan": {
      "Node Type": "Aggregate",
      "Strategy": "Plain",
      "Partial Mode": "Finalize",
      "Parallel Aware": false,
      "Startup Cost": 379827.67,
      "Total Cost": 379827.68,
      "Plan Rows": 1,
      "Plan Width": 8,
      "Actual Startup Time": 817.411,
      "Actual Total Time": 877.339,
      "Actual Rows": 1,
      "Actual Loops": 1,
      "Plans": [
        {
          "Node Type": "Gather",
          "Parent Relationship": "Outer",
          "Parallel Aware": false,
          "Startup Cost": 379827.04,
          "Total Cost": 379827.65,
          "Plan Rows": 6,
          "Plan Width": 8,
          "Actual Startup Time": 815.672,
          "Actual Total Time": 877.329,
          "Actual Rows": 7,
          "Actual Loops": 1,
          "Workers Planned": 6,
          "Workers Launched": 6,
          "Single Copy": false,
          "Plans": [
            {
              "Node Type": "Aggregate",
              "Strategy": "Plain",
              "Partial Mode": "Partial",
              "Parent Relationship": "Outer",
              "Parallel Aware": false,
              "Startup Cost": 378827.04,
              "Total Cost": 378827.05,
              "Plan Rows": 1,
              "Plan Width": 8,
              "Actual Startup Time": 806.489,
              "Actual Total Time": 806.492,
              "Actual Rows": 1,
              "Actual Loops": 7,
              "Plans": [
                {
                  "Node Type": "Hash Join",
                  "Parent Relationship": "Outer",
                  "Parallel Aware": true,
                  "Join Type": "Inner",
                  "Startup Cost": 45918.22,
                  "Total Cost": 378588.41,
                  "Plan Rows": 95452,
                  "Plan Width": 0,
                  "Actual Startup Time": 345.22,
                  "Actual Total Time": 801.15,
                  "Actual Rows": 109696,
                  "Actual Loops": 7,
                  "Inner Unique": true,
                  "Hash Cond": "(ci.movie_id = t.id)",
                  "Plans": [
                    {
                      "Node Type": "Seq Scan",
                      "Parent Relationship": "Outer",
                      "Parallel Aware": true,
                      "Relation Name": "cast_info",
                      "Alias": "ci",
                      "Startup Cost": 0.0,
                      "Total Cost": 328162.03,
                      "Plan Rows": 1717392,
                      "Plan Width": 4,
                      "Actual Startup Time": 263.705,
                      "Actual Total Time": 525.49,
                      "Actual Rows": 1458499,
                      "Actual Loops": 7,
                      "Filter": "(person_id > 2693666)",
                      "Rows Removed by Filter": 3719264
                    },
                    {
                      "Node Type": "Hash",
                      "Parent Relationship": "Inner",
                      "Parallel Aware": true,
                      "Startup Cost": 45479.1,
                      "Total Cost": 45479.1,
                      "Plan Rows": 35130,
                      "Plan Width": 4,
                      "Actual Startup Time": 79.691,
                      "Actual Total Time": 79.692,
                      "Actual Rows": 18883,
                      "Actual Loops": 7,
                      "Hash Buckets": 262144,
                      "Original Hash Buckets": 262144,
                      "Hash Batches": 1,
                      "Original Hash Batches": 1,
                      "Peak Memory Usage": 7328,
                      "Plans": [
                        {
                          "Node Type": "Seq Scan",
                          "Parent Relationship": "Outer",
                          "Parallel Aware": true,
                          "Relation Name": "title",
                          "Alias": "t",
                          "Startup Cost": 0.0,
                          "Total Cost": 45479.1,
                          "Plan Rows": 35130,
                          "Plan Width": 4,
                          "Actual Startup Time": 41.038,
                          "Actual Total Time": 72.867,
                          "Actual Rows": 18883,
                          "Actual Loops": 7,
                          "Filter": "((production_year > 2009) AND (kind_id = 1))",
                          "Rows Removed by Filter": 342304
                        }
                      ]
                    }
                  ]
                }
              ]
            }
          ]
        }
      ]
    },
    "Planning Time": 0.635,
    "Triggers": [],
    "Execution Time": 877.427
  }
]