[
  {
    "Plan": {
      "Node Type": "Aggregate",
      "Strategy": "Plain",
      "Partial Mode": "Finalize",
      "Parallel Aware": false,
      "Startup Cost": 20954.65,
      "Total Cost": 20954.66,
      "Plan Rows": 1,
      "Plan Width": 8,
      "Actual Startup Time": 23.646,
      "Actual Total Time": 26.59,
      "Actual Rows": 1,
      "Actual Loops": 1,
      "Plans": [
        {
          "Node Type": "Gather",
          "Parent Relationship": "Outer",
          "Parallel Aware": false,
          "Startup Cost": 20954.44,
          "Total Cost": 20954.65,
          "Plan Rows": 2,
          "Plan Width": 8,
          "Actual Startup Time": 23.219,
          "Actual Total Time": 26.495,
          "Actual Rows": 3,
          "Actual Loops": 1,
          "Workers Planned": 2,
          "Workers Launched": 2,
          "Single Copy": false,
          "Plans": [
            {
              "Node Type": "Aggregate",
              "Strategy": "Plain",
              "Partial Mode": "Partial",
              "Parent Relationship": "Outer",
              "Parallel Aware": false,
              "Startup Cost": 19954.44,
              "Total Cost": 19954.45,
              "Plan Rows": 1,
              "Plan Width": 8,
              "Actual Startup Time": 15.422,
              "Actual Total Time": 15.424,
              "Actual Rows": 1,
              "Actual Loops": 3,
              "Plans": [
                {
                  "Node Type": "Nested Loop",
                  "Parent Relationship": "Outer",
                  "Parallel Aware": false,
                  "Join Type": "Inner",
                  "Startup Cost": 79.82,
                  "Total Cost": 19954.4,
                  "Plan Rows": 14,
                  "Plan Width": 0,
                  "Actual Startup Time": 5.097,
                  "Actual Total Time": 15.413,
                  "Actual Rows": 5,
                  "Actual Loops": 3,
                  "Inner Unique": true,
                  "Plans": [
                    {
                      "Node Type": "Bitmap Heap Scan",
                      "Parent Relationship": "Outer",
                      "Parallel Aware": true,
                      "Relation Name": "movie_companies",
                      "Alias": "mc",
                      "Startup Cost": 79.39,
                      "Total Cost": 8903.62,
                      "Plan Rows": 1450,
                      "Plan Width": 4,
                      "Actual Startup Time": 0.873,
                      "Actual Total Time": 2.148,
                      "Actual Rows": 1332,
                      "Actual Loops": 3,
                      "Recheck Cond": "(company_id = 150)",
                      "Rows Removed by Index Recheck": 0,
                      "Exact Heap Blocks": 276,
                      "Lossy Heap Blocks": 0,
                      "Plans": [
                        {
                          "Node Type": "Bitmap Index Scan",
                          "Parent Relationship": "Outer",
                          "Parallel Aware": false,
                          "Index Name": "company_id_movie_companies",
                          "Startup Cost": 0.0,
                          "Total Cost": 78.52,
                          "Plan Rows": 3479,
                          "Plan Width": 0,
                          "Actual Startup Time": 2.2,
                          "Actual Total Time": 2.201,
                          "Actual Rows": 3996,
                          "Actual Loops": 1,
                          "Index Cond": "(company_id = 150)"
                        }
                      ]
                    },
                    {
                      "Node Type": "Index Scan",
                      "Parent Relationship": "Inner",
                      "Parallel Aware": false,
                      "Scan Direction": "Forward",
                      "Index Name": "title_pkey",
                      "Relation Name": "title",
                      "Alias": "t",
                      "Startup Cost": 0.43,
                      "Total Cost": 7.62,
                      "Plan Rows": 1,
                      "Plan Width": 4,
                      "Actual Startup Time": 0.009,
                      "Actual Total Time": 0.009,
                      "Actual Rows": 0,
                      "Actual Loops": 3996,
                      "Index Cond": "(id = mc.movie_id)",
                      "Rows Removed by Index Recheck": 0,
                      "Filter": "((kind_id < 7) AND (production_year = 2002))",
                      "Rows Removed by Filter": 1
                    }
                  ]
                }
              ]
            }
          ]
        }
      ]
    },
    "Planning Time": 0.701,
    "Triggers": [],
    "Execution Time": 26.677
  }
]