[
  {
    "Plan": {
      "Node Type": "Aggregate",
      "Strategy": "Plain",
      "Partial Mode": "Finalize",
      "Parallel Aware": false,
      "Startup Cost": 76833.11,
      "Total Cost": 76833.12,
      "Plan Rows": 1,
      "Plan Width": 8,
      "Actual Startup Time": 177.282,
      "Actual Total Time": 193.525,
      "Actual Rows": 1,
      "Actual Loops": 1,
      "Plans": [
        {
          "Node Type": "Gather",
          "Parent Relationship": "Outer",
          "Parallel Aware": false,
          "Startup Cost": 76832.79,
          "Total Cost": 76833.1,
          "Plan Rows": 3,
          "Plan Width": 8,
          "Actual Startup Time": 176.808,
          "Actual Total Time": 193.516,
          "Actual Rows": 4,
          "Actual Loops": 1,
          "Workers Planned": 3,
          "Workers Launched": 3,
          "Single Copy": false,
          "Plans": [
            {
              "Node Type": "Aggregate",
              "Strategy": "Plain",
              "Partial Mode": "Partial",
              "Parent Relationship": "Outer",
              "Parallel Aware": false,
              "Startup Cost": 75832.79,
              "Total Cost": 75832.8,
              "Plan Rows": 1,
              "Plan Width": 8,
              "Actual Startup Time": 168.315,
              "Actual Total Time": 168.318,
              "Actual Rows": 1,
              "Actual Loops": 4,
              "Plans": [
                {
                  "Node Type": "Hash Join",
                  "Parent Relationship": "Outer",
                  "Parallel Aware": true,
                  "Join Type": "Inner",
                  "Startup Cost": 44114.08,
                  "Total Cost": 75825.11,
                  "Plan Rows": 3073,
                  "Plan Width": 0,
                  "Actual Startup Time": 121.626,
                  "Actual Total Time": 168.28,
                  "Actual Rows": 298,
                  "Actual Loops": 4,
                  "Inner Unique": true,
                  "Hash Cond": "(mc.movie_id = t.id)",
                  "Plans": [
                    {
                      "Node Type": "Seq Scan",
                      "Parent Relationship": "Outer",
                      "Parallel Aware": true,
                      "Relation Name": "movie_companies",
                      "Alias": "mc",
                      "Startup Cost": 0.0,
                      "Total Cost": 31414.82,
                      "Plan Rows": 112842,
                      "Plan Width": 4,
                      "Actual Startup Time": 16.032,
                      "Actual Total Time": 59.953,
                      "Actual Rows": 10456,
                      "Actual Loops": 4,
                      "Filter": "((company_id > 41434) AND (company_type_id = 1))",
                      "Rows Removed by Filter": 641826
                    },
                    {
                      "Node Type": "Hash",
                      "Parent Relationship": "Inner",
                      "Parallel Aware": true,
                      "Startup Cost": 43898.92,
                      "Total Cost": 43898.92,
                      "Plan Rows": 17213,
                      "Plan Width": 4,
                      "Actual Startup Time": 103.626,
                      "Actual Total Time": 103.627,
                      "Actual Rows": 16836,
                      "Actual Loops": 4,
                      "Hash Buckets": 131072,
                      "Original Hash Buckets": 131072,
                      "Hash Batches": 1,
                      "Original Hash Batches": 1,
                      "Peak Memory Usage": 3712,
                      "Plans": [
                        {
                          "Node Type": "Seq Scan",
                          "Parent Relationship": "Outer",
                          "Parallel Aware": true,
                          "Relation Name": "title",
                          "Alias": "t",
                          "Startup Cost": 0.0,
                          "Total Cost": 43898.92,
                          "Plan Rows": 17213,
                          "Plan Width": 4,
                          "Actual Startup Time": 0.063,
                          "Actual Total Time": 95.872,
                          "Actual Rows": 16836,
                          "Actual Loops": 4,
                          "Filter": "(production_year > 2012)",
                          "Rows Removed by Filter": 615242
                        }
                      ]
                    }
                  ]
                }
              ]
            }
          ]
        }
      ]
    },
    "Planning Time": 0.654,
    "Triggers": [],
    "Execution Time": 193.594
  }
]