{
  "Plan": {
    "Node Type": "Aggregate",
    "Strategy": "Plain",
    "Partial Mode": "Finalize",
    "Parallel Aware": false,
    "Startup Cost": 95985.12,
    "Total Cost": 95985.13,
    "Plan Rows": 1,
    "Plan Width": 8,
    "Actual Startup Time": 325.342,
    "Actual Total Time": 338.98,
    "Actual Rows": 1,
    "Actual Loops": 1,
    "Plans": [
      {
        "Node Type": "Gather",
        "Parent Relationship": "Outer",
        "Parallel Aware": false,
        "Startup Cost": 95985.01,
        "Total Cost": 95985.12,
        "Plan Rows": 1,
        "Plan Width": 8,
        "Actual Startup Time": 324.787,
        "Actual Total Time": 338.972,
        "Actual Rows": 2,
        "Actual Loops": 1,
        "Workers Planned": 1,
        "Workers Launched": 1,
        "Single Copy": false,
        "Plans": [
          {
            "Node Type": "Aggregate",
            "Strategy": "Plain",
            "Partial Mode": "Partial",
            "Parent Relationship": "Outer",
            "Parallel Aware": false,
            "Startup Cost": 94985.01,
            "Total Cost": 94985.02,
            "Plan Rows": 1,
            "Plan Width": 8,
            "Actual Startup Time": 318.752,
            "Actual Total Time": 318.755,
            "Actual Rows": 1,
            "Actual Loops": 2,
            "Plans": [
              {
                "Node Type": "Hash Join",
                "Parent Relationship": "Outer",
                "Parallel Aware": true,
                "Join Type": "Inner",
                "Startup Cost": 59334.36,
                "Total Cost": 94904.69,
                "Plan Rows": 32127,
                "Plan Width": 0,
                "Actual Startup Time": 161.862,
                "Actual Total Time": 317.264,
                "Actual Rows": 33048,
                "Actual Loops": 2,
                "Inner Unique": true,
                "Hash Cond": "(ci.movie_id = t.id)",
                "Plans": [
                  {
                    "Node Type": "Index Scan",
                    "Parent Relationship": "Outer",
                    "Parallel Aware": true,
                    "Scan Direction": "Forward",
                    "Index Name": "role_id_cast_info",
                    "Relation Name": "cast_info",
                    "Alias": "ci",
                    "Startup Cost": 0.56,
                    "Total Cost": 34044.81,
                    "Plan Rows": 581366,
                    "Plan Width": 4,
                    "Actual Startup Time": 0.056,
                    "Actual Total Time": 85.101,
                    "Actual Rows": 530308,
                    "Actual Loops": 2,
                    "Index Cond": "(role_id = 9)",
                    "Rows Removed by Index Recheck": 0,
                    "Filter": "(person_id > 237346)",
                    "Rows Removed by Filter": 16470
                  },
                  {
                    "Node Type": "Hash",
                    "Parent Relationship": "Inner",
                    "Parallel Aware": true,
                    "Startup Cost": 58306.47,
                    "Total Cost": 58306.47,
                    "Plan Rows": 82186,
                    "Plan Width": 4,
                    "Actual Startup Time": 158.245,
                    "Actual Total Time": 158.246,
                    "Actual Rows": 75330,
                    "Actual Loops": 2,
                    "Hash Buckets": 262144,
                    "Original Hash Buckets": 262144,
                    "Hash Batches": 1,
                    "Original Hash Batches": 1,
                    "Peak Memory Usage": 7968,
                    "Plans": [
                      {
                        "Node Type": "Seq Scan",
                        "Parent Relationship": "Outer",
                        "Parallel Aware": true,
                        "Relation Name": "title",
                        "Alias": "t",
                        "Startup Cost": 0.0,
                        "Total Cost": 58306.47,
                        "Plan Rows": 82186,
                        "Plan Width": 4,
                        "Actual Startup Time": 0.034,
                        "Actual Total Time": 139.224,
                        "Actual Rows": 75330,
                        "Actual Loops": 2,
                        "Filter": "((production_year > 2011) AND (kind_id = 7))",
                        "Rows Removed by Filter": 1188826
                      }
                    ]
                  }
                ]
              }
            ]
          }
        ]
      }
    ]
  },
  "Planning Time": 0.55,
  "Triggers": [],
  "Execution Time": 339.059
}