[
  {
    "Plan": {
      "Node Type": "Aggregate",
      "Strategy": "Plain",
      "Partial Mode": "Finalize",
      "Parallel Aware": false,
      "Startup Cost": 45322.95,
      "Total Cost": 45322.96,
      "Plan Rows": 1,
      "Plan Width": 8,
      "Actual Startup Time": 102.803,
      "Actual Total Time": 115.55,
      "Actual Rows": 1,
      "Actual Loops": 1,
      "Plans": [
        {
          "Node Type": "Gather",
          "Parent Relationship": "Outer",
          "Parallel Aware": false,
          "Startup Cost": 45322.53,
          "Total Cost": 45322.94,
          "Plan Rows": 4,
          "Plan Width": 8,
          "Actual Startup Time": 102.571,
          "Actual Total Time": 115.542,
          "Actual Rows": 5,
          "Actual Loops": 1,
          "Workers Planned": 4,
          "Workers Launched": 4,
          "Single Copy": false,
          "Plans": [
            {
              "Node Type": "Aggregate",
              "Strategy": "Plain",
              "Partial Mode": "Partial",
              "Parent Relationship": "Outer",
              "Parallel Aware": false,
              "Startup Cost": 44322.53,
              "Total Cost": 44322.54,
              "Plan Rows": 1,
              "Plan Width": 8,
              "Actual Startup Time": 95.797,
              "Actual Total Time": 95.798,
              "Actual Rows": 1,
              "Actual Loops": 5,
              "Plans": [
                {
                  "Node Type": "Seq Scan",
                  "Parent Relationship": "Outer",
                  "Parallel Aware": true,
                  "Relation Name": "title",
                  "Alias": "t",
                  "Startup Cost": 0.0,
                  "Total Cost": 43898.92,
                  "Plan Rows": 169446,
                  "Plan Width": 0,
                  "Actual Startup Time": 0.037,
                  "Actual Total Time": 88.338,
                  "Actual Rows": 136829,
                  "Actual Loops": 5,
                  "Filter": "(production_year < 1990)",
                  "Rows Removed by Filter": 368833
                }
              ]
            }
          ]
        }
      ]
    },
    "Planning Time": 0.151,
    "Triggers": [],
    "Execution Time": 115.61
  }
]