[
  {
    "Plan": {
      "Node Type": "Aggregate",
      "Strategy": "Plain",
      "Partial Mode": "Finalize",
      "Parallel Aware": false,
      "Startup Cost": 399591.43,
      "Total Cost": 399591.44,
      "Plan Rows": 1,
      "Plan Width": 8,
      "Actual Startup Time": 1118.463,
      "Actual Total Time": 1182.967,
      "Actual Rows": 1,
      "Actual Loops": 1,
      "Plans": [
        {
          "Node Type": "Gather",
          "Parent Relationship": "Outer",
          "Parallel Aware": false,
          "Startup Cost": 399590.8,
          "Total Cost": 399591.41,
          "Plan Rows": 6,
          "Plan Width": 8,
          "Actual Startup Time": 1092.738,
          "Actual Total Time": 1182.954,
          "Actual Rows": 7,
          "Actual Loops": 1,
          "Workers Planned": 6,
          "Workers Launched": 6,
          "Single Copy": false,
          "Plans": [
            {
              "Node Type": "Aggregate",
              "Strategy": "Plain",
              "Partial Mode": "Partial",
              "Parent Relationship": "Outer",
              "Parallel Aware": false,
              "Startup Cost": 398590.8,
              "Total Cost": 398590.81,
              "Plan Rows": 1,
              "Plan Width": 8,
              "Actual Startup Time": 1074.406,
              "Actual Total Time": 1074.412,
              "Actual Rows": 1,
              "Actual Loops": 7,
              "Plans": [
                {
                  "Node Type": "Hash Join",
                  "Parent Relationship": "Outer",
                  "Parallel Aware": true,
                  "Join Type": "Inner",
                  "Startup Cost": 50219.64,
                  "Total Cost": 396096.11,
                  "Plan Rows": 997879,
                  "Plan Width": 0,
                  "Actual Startup Time": 592.528,
                  "Actual Total Time": 1050.51,
                  "Actual Rows": 534457,
                  "Actual Loops": 7,
                  "Inner Unique": true,
                  "Hash Cond": "(ci.movie_id = t.id)",
                  "Plans": [
                    {
                      "Node Type": "Seq Scan",
                      "Parent Relationship": "Outer",
                      "Parallel Aware": true,
                      "Relation Name": "cast_info",
                      "Alias": "ci",
                      "Startup Cost": 0.0,
                      "Total Cost": 343257.03,
                      "Plan Rows": 997879,
                      "Plan Width": 4,
                      "Actual Startup Time": 355.629,
                      "Actual Total Time": 571.444,
                      "Actual Rows": 534457,
                      "Actual Loops": 7,
                      "Filter": "((person_id > 2988792) AND (role_id < 10))",
                      "Rows Removed by Filter": 4643306
                    },
                    {
                      "Node Type": "Hash",
                      "Parent Relationship": "Inner",
                      "Parallel Aware": true,
                      "Startup Cost": 42318.73,
                      "Total Cost": 42318.73,
                      "Plan Rows": 632073,
                      "Plan Width": 4,
                      "Actual Startup Time": 230.719,
                      "Actual Total Time": 230.721,
                      "Actual Rows": 361187,
                      "Actual Loops": 7,
                      "Hash Buckets": 4194304,
                      "Original Hash Buckets": 4194304,
                      "Hash Batches": 1,
                      "Original Hash Batches": 1,
                      "Peak Memory Usage": 131776,
                      "Plans": [
                        {
                          "Node Type": "Seq Scan",
                          "Parent Relationship": "Outer",
                          "Parallel Aware": true,
                          "Relation Name": "title",
                          "Alias": "t",
                          "Startup Cost": 0.0,
                          "Total Cost": 42318.73,
                          "Plan Rows": 632073,
                          "Plan Width": 4,
                          "Actual Startup Time": 0.039,
                          "Actual Total Time": 67.684,
                          "Actual Rows": 361187,
                          "Actual Loops": 7
                        }
                      ]
                    }
                  ]
                }
              ]
            }
          ]
        }
      ]
    },
    "Planning Time": 0.401,
    "Triggers": [],
    "Execution Time": 1183.036
  }
]