[
    {
        "Bao": {
            "Bao prediction": 661.201,
            "Bao recommended hint": "(no hint)"
        }
    },
    {
        "Plan": {
            "Node Type": "Aggregate",
            "Strategy": "Plain",
            "Partial Mode": "Finalize",
            "Parallel Aware": false,
            "Startup Cost": 36559.71,
            "Total Cost": 36559.72,
            "Plan Rows": 1,
            "Plan Width": 8,
            "Actual Startup Time": 176.053,
            "Actual Total Time": 183.888,
            "Actual Rows": 1,
            "Actual Loops": 1,
            "Output": [
                "count(*)"
            ],
            "Plans": [
                {
                    "Node Type": "Gather",
                    "Parent Relationship": "Outer",
                    "Parallel Aware": false,
                    "Startup Cost": 36559.39,
                    "Total Cost": 36559.7,
                    "Plan Rows": 3,
                    "Plan Width": 8,
                    "Actual Startup Time": 175.591,
                    "Actual Total Time": 183.844,
                    "Actual Rows": 4,
                    "Actual Loops": 1,
                    "Output": [
                        "(PARTIAL count(*))"
                    ],
                    "Workers Planned": 3,
                    "Workers Launched": 3,
                    "Single Copy": false,
                    "Plans": [
                        {
                            "Node Type": "Aggregate",
                            "Strategy": "Plain",
                            "Partial Mode": "Partial",
                            "Parent Relationship": "Outer",
                            "Parallel Aware": false,
                            "Startup Cost": 35559.39,
                            "Total Cost": 35559.4,
                            "Plan Rows": 1,
                            "Plan Width": 8,
                            "Actual Startup Time": 166.489,
                            "Actual Total Time": 166.492,
                            "Actual Rows": 1,
                            "Actual Loops": 4,
                            "Output": [
                                "PARTIAL count(*)"
                            ],
                            "Workers": [
                                {
                                    "Worker Number": 0,
                                    "Actual Startup Time": 163.627,
                                    "Actual Total Time": 163.629,
                                    "Actual Rows": 1,
                                    "Actual Loops": 1
                                },
                                {
                                    "Worker Number": 1,
                                    "Actual Startup Time": 163.64,
                                    "Actual Total Time": 163.642,
                                    "Actual Rows": 1,
                                    "Actual Loops": 1
                                },
                                {
                                    "Worker Number": 2,
                                    "Actual Startup Time": 163.807,
                                    "Actual Total Time": 163.81,
                                    "Actual Rows": 1,
                                    "Actual Loops": 1
                                }
                            ],
                            "Plans": [
                                {
                                    "Node Type": "Bitmap Heap Scan",
                                    "Parent Relationship": "Outer",
                                    "Parallel Aware": true,
                                    "Relation Name": "movie_keyword",
                                    "Schema": "public",
                                    "Alias": "mk",
                                    "Startup Cost": 9043.27,
                                    "Total Cost": 35215.7,
                                    "Plan Rows": 137475,
                                    "Plan Width": 0,
                                    "Actual Startup Time": 61.219,
                                    "Actual Total Time": 158.231,
                                    "Actual Rows": 104131,
                                    "Actual Loops": 4,
                                    "Recheck Cond": "(mk.keyword_id > 41769)",
                                    "Rows Removed by Index Recheck": 0,
                                    "Exact Heap Blocks": 8094,
                                    "Lossy Heap Blocks": 0,
                                    "Workers": [
                                        {
                                            "Worker Number": 0,
                                            "Actual Startup Time": 58.787,
                                            "Actual Total Time": 155.879,
                                            "Actual Rows": 89716,
                                            "Actual Loops": 1
                                        },
                                        {
                                            "Worker Number": 1,
                                            "Actual Startup Time": 58.589,
                                            "Actual Total Time": 155.974,
                                            "Actual Rows": 89365,
                                            "Actual Loops": 1
                                        },
                                        {
                                            "Worker Number": 2,
                                            "Actual Startup Time": 58.45,
                                            "Actual Total Time": 156.119,
                                            "Actual Rows": 89224,
                                            "Actual Loops": 1
                                        }
                                    ],
                                    "Plans": [
                                        {
                                            "Node Type": "Bitmap Index Scan",
                                            "Parent Relationship": "Outer",
                                            "Parallel Aware": false,
                                            "Index Name": "keyword_id_movie_keyword",
                                            "Startup Cost": 0.0,
                                            "Total Cost": 8936.72,
                                            "Plan Rows": 426172,
                                            "Plan Width": 0,
                                            "Actual Startup Time": 63.506,
                                            "Actual Total Time": 63.507,
                                            "Actual Rows": 416523,
                                            "Actual Loops": 1,
                                            "Index Cond": "(mk.keyword_id > 41769)"
                                        }
                                    ]
                                }
                            ]
                        }
                    ]
                }
            ]
        },
        "Planning Time": 1627.846,
        "Triggers": [],
        "Execution Time": 184.054
    }
]