[
  {
    "Plan": {
      "Node Type": "Aggregate",
      "Strategy": "Plain",
      "Partial Mode": "Finalize",
      "Parallel Aware": false,
      "Startup Cost": 88466.18,
      "Total Cost": 88466.19,
      "Plan Rows": 1,
      "Plan Width": 8,
      "Actual Startup Time": 411.994,
      "Actual Total Time": 429.287,
      "Actual Rows": 1,
      "Actual Loops": 1,
      "Plans": [
        {
          "Node Type": "Gather",
          "Parent Relationship": "Outer",
          "Parallel Aware": false,
          "Startup Cost": 88465.86,
          "Total Cost": 88466.17,
          "Plan Rows": 3,
          "Plan Width": 8,
          "Actual Startup Time": 411.029,
          "Actual Total Time": 429.248,
          "Actual Rows": 4,
          "Actual Loops": 1,
          "Workers Planned": 3,
          "Workers Launched": 3,
          "Single Copy": false,
          "Plans": [
            {
              "Node Type": "Aggregate",
              "Strategy": "Plain",
              "Partial Mode": "Partial",
              "Parent Relationship": "Outer",
              "Parallel Aware": false,
              "Startup Cost": 87465.86,
              "Total Cost": 87465.87,
              "Plan Rows": 1,
              "Plan Width": 8,
              "Actual Startup Time": 403.963,
              "Actual Total Time": 403.968,
              "Actual Rows": 1,
              "Actual Loops": 4,
              "Plans": [
                {
                  "Node Type": "Hash Join",
                  "Parent Relationship": "Outer",
                  "Parallel Aware": true,
                  "Join Type": "Inner",
                  "Startup Cost": 44370.31,
                  "Total Cost": 87248.39,
                  "Plan Rows": 86989,
                  "Plan Width": 0,
                  "Actual Startup Time": 136.636,
                  "Actual Total Time": 395.918,
                  "Actual Rows": 129574,
                  "Actual Loops": 4,
                  "Inner Unique": true,
                  "Hash Cond": "(mk.movie_id = t.id)",
                  "Plans": [
                    {
                      "Node Type": "Seq Scan",
                      "Parent Relationship": "Outer",
                      "Parallel Aware": true,
                      "Relation Name": "movie_keyword",
                      "Alias": "mk",
                      "Startup Cost": 0.0,
                      "Total Cost": 39047.32,
                      "Plan Rows": 1459332,
                      "Plan Width": 4,
                      "Actual Startup Time": 0.038,
                      "Actual Total Time": 120.164,
                      "Actual Rows": 1130982,
                      "Actual Loops": 4
                    },
                    {
                      "Node Type": "Hash",
                      "Parent Relationship": "Inner",
                      "Parallel Aware": true,
                      "Startup Cost": 43899.32,
                      "Total Cost": 43899.32,
                      "Plan Rows": 37679,
                      "Plan Width": 4,
                      "Actual Startup Time": 133.717,
                      "Actual Total Time": 133.719,
                      "Actual Rows": 41046,
                      "Actual Loops": 4,
                      "Hash Buckets": 262144,
                      "Original Hash Buckets": 262144,
                      "Hash Batches": 1,
                      "Original Hash Batches": 1,
                      "Peak Memory Usage": 8544,
                      "Plans": [
                        {
                          "Node Type": "Seq Scan",
                          "Parent Relationship": "Outer",
                          "Parallel Aware": true,
                          "Relation Name": "title",
                          "Alias": "t",
                          "Startup Cost": 0.0,
                          "Total Cost": 43899.32,
                          "Plan Rows": 37679,
                          "Plan Width": 4,
                          "Actual Startup Time": 0.685,
                          "Actual Total Time": 116.026,
                          "Actual Rows": 41046,
                          "Actual Loops": 4,
                          "Filter": "(production_year < 1950)",
                          "Rows Removed by Filter": 591032
                        }
                      ]
                    }
                  ]
                }
              ]
            }
          ]
        }
      ]
    },
    "Planning Time": 0.302,
    "Triggers": [],
    "Execution Time": 429.347
  }
]