[
  {
    "Plan": {
      "Node Type": "Aggregate",
      "Strategy": "Plain",
      "Partial Mode": "Finalize",
      "Parallel Aware": false,
      "Startup Cost": 116210.78,
      "Total Cost": 116210.79,
      "Plan Rows": 1,
      "Plan Width": 8,
      "Actual Startup Time": 355.129,
      "Actual Total Time": 397.48,
      "Actual Rows": 1,
      "Actual Loops": 1,
      "Plans": [
        {
          "Node Type": "Gather",
          "Parent Relationship": "Outer",
          "Parallel Aware": false,
          "Startup Cost": 116210.36,
          "Total Cost": 116210.77,
          "Plan Rows": 4,
          "Plan Width": 8,
          "Actual Startup Time": 354.015,
          "Actual Total Time": 397.462,
          "Actual Rows": 5,
          "Actual Loops": 1,
          "Workers Planned": 4,
          "Workers Launched": 4,
          "Single Copy": false,
          "Plans": [
            {
              "Node Type": "Aggregate",
              "Strategy": "Plain",
              "Partial Mode": "Partial",
              "Parent Relationship": "Outer",
              "Parallel Aware": false,
              "Startup Cost": 115210.36,
              "Total Cost": 115210.37,
              "Plan Rows": 1,
              "Plan Width": 8,
              "Actual Startup Time": 343.504,
              "Actual Total Time": 343.508,
              "Actual Rows": 1,
              "Actual Loops": 5,
              "Plans": [
                {
                  "Node Type": "Nested Loop",
                  "Parent Relationship": "Outer",
                  "Parallel Aware": false,
                  "Join Type": "Inner",
                  "Startup Cost": 28292.15,
                  "Total Cost": 114877.55,
                  "Plan Rows": 133124,
                  "Plan Width": 0,
                  "Actual Startup Time": 88.607,
                  "Actual Total Time": 338.417,
                  "Actual Rows": 57289,
                  "Actual Loops": 5,
                  "Inner Unique": false,
                  "Plans": [
                    {
                      "Node Type": "Hash Join",
                      "Parent Relationship": "Outer",
                      "Parallel Aware": true,
                      "Join Type": "Inner",
                      "Startup Cost": 28291.59,
                      "Total Cost": 74492.95,
                      "Plan Rows": 9290,
                      "Plan Width": 8,
                      "Actual Startup Time": 88.497,
                      "Actual Total Time": 189.05,
                      "Actual Rows": 1518,
                      "Actual Loops": 5,
                      "Inner Unique": false,
                      "Hash Cond": "(t.id = mc.movie_id)",
                      "Plans": [
                        {
                          "Node Type": "Seq Scan",
                          "Parent Relationship": "Outer",
                          "Parallel Aware": true,
                          "Relation Name": "title",
                          "Alias": "t",
                          "Startup Cost": 0.0,
                          "Total Cost": 45479.1,
                          "Plan Rows": 138458,
                          "Plan Width": 4,
                          "Actual Startup Time": 0.015,
                          "Actual Total Time": 77.517,
                          "Actual Rows": 120481,
                          "Actual Loops": 5,
                          "Filter": "((production_year > 2006) AND (kind_id = 7))",
                          "Rows Removed by Filter": 385182
                        },
                        {
                          "Node Type": "Hash",
                          "Parent Relationship": "Inner",
                          "Parallel Aware": true,
                          "Startup Cost": 27607.53,
                          "Total Cost": 27607.53,
                          "Plan Rows": 54725,
                          "Plan Width": 4,
                          "Actual Startup Time": 86.53,
                          "Actual Total Time": 86.532,
                          "Actual Rows": 13836,
                          "Actual Loops": 5,
                          "Hash Buckets": 262144,
                          "Original Hash Buckets": 262144,
                          "Hash Batches": 1,
                          "Original Hash Batches": 1,
                          "Peak Memory Usage": 4832,
                          "Plans": [
                            {
                              "Node Type": "Bitmap Heap Scan",
                              "Parent Relationship": "Outer",
                              "Parallel Aware": true,
                              "Relation Name": "movie_companies",
                              "Alias": "mc",
                              "Startup Cost": 7200.79,
                              "Total Cost": 27607.53,
                              "Plan Rows": 54725,
                              "Plan Width": 4,
                              "Actual Startup Time": 68.787,
                              "Actual Total Time": 81.584,
                              "Actual Rows": 13836,
                              "Actual Loops": 5,
                              "Recheck Cond": "(company_id < 162)",
                              "Rows Removed by Index Recheck": 0,
                              "Filter": "(company_type_id > 1)",
                              "Rows Removed by Filter": 52063,
                              "Exact Heap Blocks": 6990,
                              "Lossy Heap Blocks": 0,
                              "Plans": [
                                {
                                  "Node Type": "Bitmap Index Scan",
                                  "Parent Relationship": "Outer",
                                  "Parallel Aware": false,
                                  "Index Name": "company_id_movie_companies",
                                  "Startup Cost": 0.0,
                                  "Total Cost": 7158.38,
                                  "Plan Rows": 334126,
                                  "Plan Width": 0,
                                  "Actual Startup Time": 27.208,
                                  "Actual Total Time": 27.209,
                                  "Actual Rows": 329497,
                                  "Actual Loops": 1,
                                  "Index Cond": "(company_id < 162)"
                                }
                              ]
                            }
                          ]
                        }
                      ]
                    },
                    {
                      "Node Type": "Index Only Scan",
                      "Parent Relationship": "Inner",
                      "Parallel Aware": false,
                      "Scan Direction": "Forward",
                      "Index Name": "movie_id_cast_info",
                      "Relation Name": "cast_info",
                      "Alias": "ci",
                      "Startup Cost": 0.56,
                      "Total Cost": 3.98,
                      "Plan Rows": 37,
                      "Plan Width": 4,
                      "Actual Startup Time": 0.012,
                      "Actual Total Time": 0.094,
                      "Actual Rows": 38,
                      "Actual Loops": 7590,
                      "Index Cond": "(movie_id = t.id)",
                      "Rows Removed by Index Recheck": 0,
                      "Heap Fetches": 286444
                    }
                  ]
                }
              ]
            }
          ]
        }
      ]
    },
    "Planning Time": 1.484,
    "Triggers": [],
    "Execution Time": 397.605
  }
]