[
    {
        "Bao": {
            "Bao prediction": 503.671,
            "Bao recommended hint": "(no hint)"
        }
    },
    {
        "Plan": {
            "Node Type": "Aggregate",
            "Strategy": "Plain",
            "Partial Mode": "Finalize",
            "Parallel Aware": false,
            "Startup Cost": 337185.62,
            "Total Cost": 337185.63,
            "Plan Rows": 1,
            "Plan Width": 8,
            "Actual Startup Time": 952.333,
            "Actual Total Time": 985.741,
            "Actual Rows": 1,
            "Actual Loops": 1,
            "Output": [
                "count(*)"
            ],
            "Plans": [
                {
                    "Node Type": "Gather",
                    "Parent Relationship": "Outer",
                    "Parallel Aware": false,
                    "Startup Cost": 337184.99,
                    "Total Cost": 337185.6,
                    "Plan Rows": 6,
                    "Plan Width": 8,
                    "Actual Startup Time": 952.254,
                    "Actual Total Time": 985.732,
                    "Actual Rows": 7,
                    "Actual Loops": 1,
                    "Output": [
                        "(PARTIAL count(*))"
                    ],
                    "Workers Planned": 6,
                    "Workers Launched": 6,
                    "Single Copy": false,
                    "Plans": [
                        {
                            "Node Type": "Aggregate",
                            "Strategy": "Plain",
                            "Partial Mode": "Partial",
                            "Parent Relationship": "Outer",
                            "Parallel Aware": false,
                            "Startup Cost": 336184.99,
                            "Total Cost": 336185.0,
                            "Plan Rows": 1,
                            "Plan Width": 8,
                            "Actual Startup Time": 943.035,
                            "Actual Total Time": 943.036,
                            "Actual Rows": 1,
                            "Actual Loops": 7,
                            "Output": [
                                "PARTIAL count(*)"
                            ],
                            "Workers": [
                                {
                                    "Worker Number": 0,
                                    "Actual Startup Time": 940.79,
                                    "Actual Total Time": 940.791,
                                    "Actual Rows": 1,
                                    "Actual Loops": 1
                                },
                                {
                                    "Worker Number": 1,
                                    "Actual Startup Time": 941.304,
                                    "Actual Total Time": 941.305,
                                    "Actual Rows": 1,
                                    "Actual Loops": 1
                                },
                                {
                                    "Worker Number": 2,
                                    "Actual Startup Time": 941.669,
                                    "Actual Total Time": 941.67,
                                    "Actual Rows": 1,
                                    "Actual Loops": 1
                                },
                                {
                                    "Worker Number": 3,
                                    "Actual Startup Time": 941.769,
                                    "Actual Total Time": 941.77,
                                    "Actual Rows": 1,
                                    "Actual Loops": 1
                                },
                                {
                                    "Worker Number": 4,
                                    "Actual Startup Time": 941.717,
                                    "Actual Total Time": 941.719,
                                    "Actual Rows": 1,
                                    "Actual Loops": 1
                                },
                                {
                                    "Worker Number": 5,
                                    "Actual Startup Time": 942.5,
                                    "Actual Total Time": 942.502,
                                    "Actual Rows": 1,
                                    "Actual Loops": 1
                                }
                            ],
                            "Plans": [
                                {
                                    "Node Type": "Seq Scan",
                                    "Parent Relationship": "Outer",
                                    "Parallel Aware": true,
                                    "Relation Name": "cast_info",
                                    "Schema": "public",
                                    "Alias": "ci",
                                    "Startup Cost": 0.0,
                                    "Total Cost": 328213.62,
                                    "Plan Rows": 3188550,
                                    "Plan Width": 0,
                                    "Actual Startup Time": 233.049,
                                    "Actual Total Time": 763.494,
                                    "Actual Rows": 2745716,
                                    "Actual Loops": 7,
                                    "Output": [
                                        "id",
                                        "person_id",
                                        "movie_id",
                                        "person_role_id",
                                        "note",
                                        "nr_order",
                                        "role_id"
                                    ],
                                    "Filter": "(ci.person_id > 1682956)",
                                    "Rows Removed by Filter": 2432047,
                                    "Workers": [
                                        {
                                            "Worker Number": 0,
                                            "Actual Startup Time": 230.792,
                                            "Actual Total Time": 764.149,
                                            "Actual Rows": 2662701,
                                            "Actual Loops": 1
                                        },
                                        {
                                            "Worker Number": 1,
                                            "Actual Startup Time": 231.305,
                                            "Actual Total Time": 768.399,
                                            "Actual Rows": 2623748,
                                            "Actual Loops": 1
                                        },
                                        {
                                            "Worker Number": 2,
                                            "Actual Startup Time": 231.704,
                                            "Actual Total Time": 765.64,
                                            "Actual Rows": 2674762,
                                            "Actual Loops": 1
                                        },
                                        {
                                            "Worker Number": 3,
                                            "Actual Startup Time": 231.781,
                                            "Actual Total Time": 765.717,
                                            "Actual Rows": 2672285,
                                            "Actual Loops": 1
                                        },
                                        {
                                            "Worker Number": 4,
                                            "Actual Startup Time": 231.74,
                                            "Actual Total Time": 769.263,
                                            "Actual Rows": 2622476,
                                            "Actual Loops": 1
                                        },
                                        {
                                            "Worker Number": 5,
                                            "Actual Startup Time": 232.52,
                                            "Actual Total Time": 766.159,
                                            "Actual Rows": 2677130,
                                            "Actual Loops": 1
                                        }
                                    ]
                                }
                            ]
                        }
                    ]
                }
            ]
        },
        "Planning Time": 3711.796,
        "Triggers": [],
        "Execution Time": 985.829
    }
]