{
    "Plan": {
        "Node Type": "Aggregate",
        "Strategy": "Plain",
        "Partial Mode": "Finalize",
        "Parallel Aware": false,
        "Startup Cost": 80785.07,
        "Total Cost": 80785.08,
        "Plan Rows": 1,
        "Plan Width": 8,
        "Actual Startup Time": 355.18,
        "Actual Total Time": 368.791,
        "Actual Rows": 1,
        "Actual Loops": 1,
        "Output": [
            "count(*)"
        ],
        "Plans": [
            {
                "Node Type": "Gather",
                "Parent Relationship": "Outer",
                "Parallel Aware": false,
                "Startup Cost": 80784.75,
                "Total Cost": 80785.06,
                "Plan Rows": 3,
                "Plan Width": 8,
                "Actual Startup Time": 351.532,
                "Actual Total Time": 368.78,
                "Actual Rows": 4,
                "Actual Loops": 1,
                "Output": [
                    "(PARTIAL count(*))"
                ],
                "Workers Planned": 3,
                "Workers Launched": 3,
                "Single Copy": false,
                "Plans": [
                    {
                        "Node Type": "Aggregate",
                        "Strategy": "Plain",
                        "Partial Mode": "Partial",
                        "Parent Relationship": "Outer",
                        "Parallel Aware": false,
                        "Startup Cost": 79784.75,
                        "Total Cost": 79784.76,
                        "Plan Rows": 1,
                        "Plan Width": 8,
                        "Actual Startup Time": 342.603,
                        "Actual Total Time": 342.607,
                        "Actual Rows": 1,
                        "Actual Loops": 4,
                        "Output": [
                            "PARTIAL count(*)"
                        ],
                        "Workers": [
                            {
                                "Worker Number": 0,
                                "Actual Startup Time": 339.274,
                                "Actual Total Time": 339.278,
                                "Actual Rows": 1,
                                "Actual Loops": 1
                            },
                            {
                                "Worker Number": 1,
                                "Actual Startup Time": 339.774,
                                "Actual Total Time": 339.777,
                                "Actual Rows": 1,
                                "Actual Loops": 1
                            },
                            {
                                "Worker Number": 2,
                                "Actual Startup Time": 340.554,
                                "Actual Total Time": 340.557,
                                "Actual Rows": 1,
                                "Actual Loops": 1
                            }
                        ],
                        "Plans": [
                            {
                                "Node Type": "Hash Join",
                                "Parent Relationship": "Outer",
                                "Parallel Aware": true,
                                "Join Type": "Inner",
                                "Startup Cost": 47386.51,
                                "Total Cost": 79600.92,
                                "Plan Rows": 73532,
                                "Plan Width": 0,
                                "Actual Startup Time": 186.237,
                                "Actual Total Time": 334.682,
                                "Actual Rows": 178582,
                                "Actual Loops": 4,
                                "Inner Unique": true,
                                "Hash Cond": "(mc.movie_id = t.id)",
                                "Workers": [
                                    {
                                        "Worker Number": 0,
                                        "Actual Startup Time": 183.12,
                                        "Actual Total Time": 332.167,
                                        "Actual Rows": 181681,
                                        "Actual Loops": 1
                                    },
                                    {
                                        "Worker Number": 1,
                                        "Actual Startup Time": 183.42,
                                        "Actual Total Time": 332.086,
                                        "Actual Rows": 198499,
                                        "Actual Loops": 1
                                    },
                                    {
                                        "Worker Number": 2,
                                        "Actual Startup Time": 183.759,
                                        "Actual Total Time": 333.304,
                                        "Actual Rows": 182849,
                                        "Actual Loops": 1
                                    }
                                ],
                                "Plans": [
                                    {
                                        "Node Type": "Seq Scan",
                                        "Parent Relationship": "Outer",
                                        "Parallel Aware": true,
                                        "Relation Name": "movie_companies",
                                        "Schema": "public",
                                        "Alias": "mc",
                                        "Startup Cost": 0.0,
                                        "Total Cost": 31414.82,
                                        "Plan Rows": 304609,
                                        "Plan Width": 4,
                                        "Actual Startup Time": 0.023,
                                        "Actual Total Time": 72.474,
                                        "Actual Rows": 311525,
                                        "Actual Loops": 4,
                                        "Output": [
                                            "mc.id",
                                            "mc.movie_id",
                                            "mc.company_id",
                                            "mc.company_type_id",
                                            "mc.note"
                                        ],
                                        "Filter": "((mc.company_id < 48934) AND (mc.company_type_id = 1))",
                                        "Rows Removed by Filter": 340758,
                                        "Workers": [
                                            {
                                                "Worker Number": 0,
                                                "Actual Startup Time": 0.03,
                                                "Actual Total Time": 72.112,
                                                "Actual Rows": 315695,
                                                "Actual Loops": 1
                                            },
                                            {
                                                "Worker Number": 1,
                                                "Actual Startup Time": 0.024,
                                                "Actual Total Time": 73.567,
                                                "Actual Rows": 344959,
                                                "Actual Loops": 1
                                            },
                                            {
                                                "Worker Number": 2,
                                                "Actual Startup Time": 0.024,
                                                "Actual Total Time": 72.291,
                                                "Actual Rows": 318448,
                                                "Actual Loops": 1
                                            }
                                        ]
                                    },
                                    {
                                        "Node Type": "Hash",
                                        "Parent Relationship": "Inner",
                                        "Parallel Aware": true,
                                        "Startup Cost": 45479.21,
                                        "Total Cost": 45479.21,
                                        "Plan Rows": 152584,
                                        "Plan Width": 4,
                                        "Actual Startup Time": 181.135,
                                        "Actual Total Time": 181.136,
                                        "Actual Rows": 168922,
                                        "Actual Loops": 4,
                                        "Output": [
                                            "t.id"
                                        ],
                                        "Hash Buckets": 1048576,
                                        "Original Hash Buckets": 1048576,
                                        "Hash Batches": 1,
                                        "Original Hash Batches": 1,
                                        "Peak Memory Usage": 34688,
                                        "Workers": [
                                            {
                                                "Worker Number": 0,
                                                "Actual Startup Time": 182.176,
                                                "Actual Total Time": 182.177,
                                                "Actual Rows": 169853,
                                                "Actual Loops": 1
                                            },
                                            {
                                                "Worker Number": 1,
                                                "Actual Startup Time": 182.788,
                                                "Actual Total Time": 182.789,
                                                "Actual Rows": 179501,
                                                "Actual Loops": 1
                                            },
                                            {
                                                "Worker Number": 2,
                                                "Actual Startup Time": 183.089,
                                                "Actual Total Time": 183.09,
                                                "Actual Rows": 169266,
                                                "Actual Loops": 1
                                            }
                                        ],
                                        "Plans": [
                                            {
                                                "Node Type": "Seq Scan",
                                                "Parent Relationship": "Outer",
                                                "Parallel Aware": true,
                                                "Relation Name": "title",
                                                "Schema": "public",
                                                "Alias": "t",
                                                "Startup Cost": 0.0,
                                                "Total Cost": 45479.21,
                                                "Plan Rows": 152584,
                                                "Plan Width": 4,
                                                "Actual Startup Time": 0.072,
                                                "Actual Total Time": 112.061,
                                                "Actual Rows": 168922,
                                                "Actual Loops": 4,
                                                "Output": [
                                                    "t.id"
                                                ],
                                                "Filter": "((t.kind_id < 7) AND (t.production_year < 2007))",
                                                "Rows Removed by Filter": 463156,
                                                "Workers": [
                                                    {
                                                        "Worker Number": 0,
                                                        "Actual Startup Time": 0.09,
                                                        "Actual Total Time": 112.654,
                                                        "Actual Rows": 169853,
                                                        "Actual Loops": 1
                                                    },
                                                    {
                                                        "Worker Number": 1,
                                                        "Actual Startup Time": 0.086,
                                                        "Actual Total Time": 112.118,
                                                        "Actual Rows": 179501,
                                                        "Actual Loops": 1
                                                    },
                                                    {
                                                        "Worker Number": 2,
                                                        "Actual Startup Time": 0.093,
                                                        "Actual Total Time": 111.771,
                                                        "Actual Rows": 169266,
                                                        "Actual Loops": 1
                                                    }
                                                ]
                                            }
                                        ]
                                    }
                                ]
                            }
                        ]
                    }
                ]
            }
        ]
    },
    "Planning Time": 0.749,
    "Triggers": [],
    "Execution Time": 368.861
}