{
    "Plan": {
        "Node Type": "Aggregate",
        "Strategy": "Plain",
        "Partial Mode": "Finalize",
        "Parallel Aware": false,
        "Startup Cost": 618735.15,
        "Total Cost": 618735.16,
        "Plan Rows": 1,
        "Plan Width": 8,
        "Actual Startup Time": 2472.733,
        "Actual Total Time": 2547.088,
        "Actual Rows": 1,
        "Actual Loops": 1,
        "Output": [
            "count(*)"
        ],
        "Plans": [
            {
                "Node Type": "Gather",
                "Parent Relationship": "Outer",
                "Parallel Aware": false,
                "Startup Cost": 618734.52,
                "Total Cost": 618735.13,
                "Plan Rows": 6,
                "Plan Width": 8,
                "Actual Startup Time": 2447.907,
                "Actual Total Time": 2547.076,
                "Actual Rows": 7,
                "Actual Loops": 1,
                "Output": [
                    "(PARTIAL count(*))"
                ],
                "Workers Planned": 6,
                "Workers Launched": 6,
                "Single Copy": false,
                "Plans": [
                    {
                        "Node Type": "Aggregate",
                        "Strategy": "Plain",
                        "Partial Mode": "Partial",
                        "Parent Relationship": "Outer",
                        "Parallel Aware": false,
                        "Startup Cost": 617734.52,
                        "Total Cost": 617734.53,
                        "Plan Rows": 1,
                        "Plan Width": 8,
                        "Actual Startup Time": 2432.573,
                        "Actual Total Time": 2432.908,
                        "Actual Rows": 1,
                        "Actual Loops": 7,
                        "Output": [
                            "PARTIAL count(*)"
                        ],
                        "Workers": [
                            {
                                "Worker Number": 0,
                                "Actual Startup Time": 2431.292,
                                "Actual Total Time": 2431.297,
                                "Actual Rows": 1,
                                "Actual Loops": 1
                            },
                            {
                                "Worker Number": 1,
                                "Actual Startup Time": 2429.931,
                                "Actual Total Time": 2429.937,
                                "Actual Rows": 1,
                                "Actual Loops": 1
                            },
                            {
                                "Worker Number": 2,
                                "Actual Startup Time": 2429.895,
                                "Actual Total Time": 2429.914,
                                "Actual Rows": 1,
                                "Actual Loops": 1
                            },
                            {
                                "Worker Number": 3,
                                "Actual Startup Time": 2429.921,
                                "Actual Total Time": 2429.927,
                                "Actual Rows": 1,
                                "Actual Loops": 1
                            },
                            {
                                "Worker Number": 4,
                                "Actual Startup Time": 2429.942,
                                "Actual Total Time": 2429.947,
                                "Actual Rows": 1,
                                "Actual Loops": 1
                            },
                            {
                                "Worker Number": 5,
                                "Actual Startup Time": 2430.109,
                                "Actual Total Time": 2430.114,
                                "Actual Rows": 1,
                                "Actual Loops": 1
                            }
                        ],
                        "Plans": [
                            {
                                "Node Type": "Hash Join",
                                "Parent Relationship": "Outer",
                                "Parallel Aware": true,
                                "Join Type": "Inner",
                                "Startup Cost": 252646.17,
                                "Total Cost": 613614.31,
                                "Plan Rows": 1648084,
                                "Plan Width": 0,
                                "Actual Startup Time": 758.893,
                                "Actual Total Time": 2357.542,
                                "Actual Rows": 1710496,
                                "Actual Loops": 7,
                                "Inner Unique": false,
                                "Hash Cond": "(ci.movie_id = t.id)",
                                "Workers": [
                                    {
                                        "Worker Number": 0,
                                        "Actual Startup Time": 756.395,
                                        "Actual Total Time": 2358.293,
                                        "Actual Rows": 1859716,
                                        "Actual Loops": 1
                                    },
                                    {
                                        "Worker Number": 1,
                                        "Actual Startup Time": 756.412,
                                        "Actual Total Time": 2349.517,
                                        "Actual Rows": 1472294,
                                        "Actual Loops": 1
                                    },
                                    {
                                        "Worker Number": 2,
                                        "Actual Startup Time": 756.397,
                                        "Actual Total Time": 2362.826,
                                        "Actual Rows": 1692982,
                                        "Actual Loops": 1
                                    },
                                    {
                                        "Worker Number": 3,
                                        "Actual Startup Time": 756.382,
                                        "Actual Total Time": 2356.232,
                                        "Actual Rows": 1881925,
                                        "Actual Loops": 1
                                    },
                                    {
                                        "Worker Number": 4,
                                        "Actual Startup Time": 756.41,
                                        "Actual Total Time": 2357.001,
                                        "Actual Rows": 1860419,
                                        "Actual Loops": 1
                                    },
                                    {
                                        "Worker Number": 5,
                                        "Actual Startup Time": 756.865,
                                        "Actual Total Time": 2362.731,
                                        "Actual Rows": 1699666,
                                        "Actual Loops": 1
                                    }
                                ],
                                "Plans": [
                                    {
                                        "Node Type": "Seq Scan",
                                        "Parent Relationship": "Outer",
                                        "Parallel Aware": true,
                                        "Relation Name": "cast_info",
                                        "Schema": "public",
                                        "Alias": "ci",
                                        "Startup Cost": 0.0,
                                        "Total Cost": 343318.94,
                                        "Plan Rows": 3827474,
                                        "Plan Width": 4,
                                        "Actual Startup Time": 83.882,
                                        "Actual Total Time": 704.954,
                                        "Actual Rows": 3143290,
                                        "Actual Loops": 7,
                                        "Output": [
                                            "ci.id",
                                            "ci.person_id",
                                            "ci.movie_id",
                                            "ci.person_role_id",
                                            "ci.note",
                                            "ci.nr_order",
                                            "ci.role_id"
                                        ],
                                        "Filter": "((ci.person_id > 631192) AND (ci.role_id < 6))",
                                        "Rows Removed by Filter": 2034473,
                                        "Workers": [
                                            {
                                                "Worker Number": 0,
                                                "Actual Startup Time": 83.891,
                                                "Actual Total Time": 710.223,
                                                "Actual Rows": 3412143,
                                                "Actual Loops": 1
                                            },
                                            {
                                                "Worker Number": 1,
                                                "Actual Startup Time": 83.815,
                                                "Actual Total Time": 736.602,
                                                "Actual Rows": 2705541,
                                                "Actual Loops": 1
                                            },
                                            {
                                                "Worker Number": 2,
                                                "Actual Startup Time": 83.889,
                                                "Actual Total Time": 683.681,
                                                "Actual Rows": 3096720,
                                                "Actual Loops": 1
                                            },
                                            {
                                                "Worker Number": 3,
                                                "Actual Startup Time": 83.903,
                                                "Actual Total Time": 713.278,
                                                "Actual Rows": 3464365,
                                                "Actual Loops": 1
                                            },
                                            {
                                                "Worker Number": 4,
                                                "Actual Startup Time": 83.904,
                                                "Actual Total Time": 710.991,
                                                "Actual Rows": 3439843,
                                                "Actual Loops": 1
                                            },
                                            {
                                                "Worker Number": 5,
                                                "Actual Startup Time": 83.895,
                                                "Actual Total Time": 686.64,
                                                "Actual Rows": 3124852,
                                                "Actual Loops": 1
                                            }
                                        ]
                                    },
                                    {
                                        "Node Type": "Hash",
                                        "Parent Relationship": "Inner",
                                        "Parallel Aware": true,
                                        "Startup Cost": 249924.47,
                                        "Total Cost": 249924.47,
                                        "Plan Rows": 217736,
                                        "Plan Width": 8,
                                        "Actual Startup Time": 670.023,
                                        "Actual Total Time": 670.356,
                                        "Actual Rows": 164094,
                                        "Actual Loops": 7,
                                        "Output": [
                                            "t.id",
                                            "mi.movie_id"
                                        ],
                                        "Hash Buckets": 2097152,
                                        "Original Hash Buckets": 2097152,
                                        "Hash Batches": 1,
                                        "Original Hash Batches": 1,
                                        "Peak Memory Usage": 61408,
                                        "Workers": [
                                            {
                                                "Worker Number": 0,
                                                "Actual Startup Time": 671.932,
                                                "Actual Total Time": 671.935,
                                                "Actual Rows": 181533,
                                                "Actual Loops": 1
                                            },
                                            {
                                                "Worker Number": 1,
                                                "Actual Startup Time": 671.751,
                                                "Actual Total Time": 671.755,
                                                "Actual Rows": 133579,
                                                "Actual Loops": 1
                                            },
                                            {
                                                "Worker Number": 2,
                                                "Actual Startup Time": 671.831,
                                                "Actual Total Time": 671.848,
                                                "Actual Rows": 160746,
                                                "Actual Loops": 1
                                            },
                                            {
                                                "Worker Number": 3,
                                                "Actual Startup Time": 671.766,
                                                "Actual Total Time": 671.77,
                                                "Actual Rows": 184529,
                                                "Actual Loops": 1
                                            },
                                            {
                                                "Worker Number": 4,
                                                "Actual Startup Time": 671.836,
                                                "Actual Total Time": 671.84,
                                                "Actual Rows": 182660,
                                                "Actual Loops": 1
                                            },
                                            {
                                                "Worker Number": 5,
                                                "Actual Startup Time": 672.041,
                                                "Actual Total Time": 672.044,
                                                "Actual Rows": 162640,
                                                "Actual Loops": 1
                                            }
                                        ],
                                        "Plans": [
                                            {
                                                "Node Type": "Hash Join",
                                                "Parent Relationship": "Outer",
                                                "Parallel Aware": true,
                                                "Join Type": "Inner",
                                                "Startup Cost": 50342.94,
                                                "Total Cost": 249924.47,
                                                "Plan Rows": 217736,
                                                "Plan Width": 8,
                                                "Actual Startup Time": 452.615,
                                                "Actual Total Time": 589.884,
                                                "Actual Rows": 164094,
                                                "Actual Loops": 7,
                                                "Output": [
                                                    "t.id",
                                                    "mi.movie_id"
                                                ],
                                                "Inner Unique": true,
                                                "Hash Cond": "(mi.movie_id = t.id)",
                                                "Workers": [
                                                    {
                                                        "Worker Number": 0,
                                                        "Actual Startup Time": 452.621,
                                                        "Actual Total Time": 589.464,
                                                        "Actual Rows": 181533,
                                                        "Actual Loops": 1
                                                    },
                                                    {
                                                        "Worker Number": 1,
                                                        "Actual Startup Time": 452.622,
                                                        "Actual Total Time": 591.142,
                                                        "Actual Rows": 133579,
                                                        "Actual Loops": 1
                                                    },
                                                    {
                                                        "Worker Number": 2,
                                                        "Actual Startup Time": 452.582,
                                                        "Actual Total Time": 589.06,
                                                        "Actual Rows": 160746,
                                                        "Actual Loops": 1
                                                    },
                                                    {
                                                        "Worker Number": 3,
                                                        "Actual Startup Time": 452.6,
                                                        "Actual Total Time": 589.281,
                                                        "Actual Rows": 184529,
                                                        "Actual Loops": 1
                                                    },
                                                    {
                                                        "Worker Number": 4,
                                                        "Actual Startup Time": 452.589,
                                                        "Actual Total Time": 589.032,
                                                        "Actual Rows": 182660,
                                                        "Actual Loops": 1
                                                    },
                                                    {
                                                        "Worker Number": 5,
                                                        "Actual Startup Time": 452.572,
                                                        "Actual Total Time": 589.352,
                                                        "Actual Rows": 162640,
                                                        "Actual Loops": 1
                                                    }
                                                ],
                                                "Plans": [
                                                    {
                                                        "Node Type": "Seq Scan",
                                                        "Parent Relationship": "Outer",
                                                        "Parallel Aware": true,
                                                        "Relation Name": "movie_info",
                                                        "Schema": "public",
                                                        "Alias": "mi",
                                                        "Startup Cost": 0.0,
                                                        "Total Cost": 198880.74,
                                                        "Plan Rows": 266969,
                                                        "Plan Width": 4,
                                                        "Actual Startup Time": 230.366,
                                                        "Actual Total Time": 281.351,
                                                        "Actual Rows": 189337,
                                                        "Actual Loops": 7,
                                                        "Output": [
                                                            "mi.id",
                                                            "mi.movie_id",
                                                            "mi.info_type_id",
                                                            "mi.info",
                                                            "mi.note"
                                                        ],
                                                        "Filter": "(mi.info_type_id = 8)",
                                                        "Rows Removed by Filter": 1930051,
                                                        "Workers": [
                                                            {
                                                                "Worker Number": 0,
                                                                "Actual Startup Time": 230.338,
                                                                "Actual Total Time": 281.153,
                                                                "Actual Rows": 209542,
                                                                "Actual Loops": 1
                                                            },
                                                            {
                                                                "Worker Number": 1,
                                                                "Actual Startup Time": 230.354,
                                                                "Actual Total Time": 284.817,
                                                                "Actual Rows": 154340,
                                                                "Actual Loops": 1
                                                            },
                                                            {
                                                                "Worker Number": 2,
                                                                "Actual Startup Time": 230.426,
                                                                "Actual Total Time": 279.929,
                                                                "Actual Rows": 185657,
                                                                "Actual Loops": 1
                                                            },
                                                            {
                                                                "Worker Number": 3,
                                                                "Actual Startup Time": 230.34,
                                                                "Actual Total Time": 281.424,
                                                                "Actual Rows": 212496,
                                                                "Actual Loops": 1
                                                            },
                                                            {
                                                                "Worker Number": 4,
                                                                "Actual Startup Time": 230.353,
                                                                "Actual Total Time": 281.156,
                                                                "Actual Rows": 210293,
                                                                "Actual Loops": 1
                                                            },
                                                            {
                                                                "Worker Number": 5,
                                                                "Actual Startup Time": 230.432,
                                                                "Actual Total Time": 280.215,
                                                                "Actual Rows": 188306,
                                                                "Actual Loops": 1
                                                            }
                                                        ]
                                                    },
                                                    {
                                                        "Node Type": "Hash",
                                                        "Parent Relationship": "Inner",
                                                        "Parallel Aware": true,
                                                        "Startup Cost": 43899.01,
                                                        "Total Cost": 43899.01,
                                                        "Plan Rows": 515515,
                                                        "Plan Width": 4,
                                                        "Actual Startup Time": 219.56,
                                                        "Actual Total Time": 219.561,
                                                        "Actual Rows": 294936,
                                                        "Actual Loops": 7,
                                                        "Output": [
                                                            "t.id"
                                                        ],
                                                        "Hash Buckets": 2097152,
                                                        "Original Hash Buckets": 2097152,
                                                        "Hash Batches": 1,
                                                        "Original Hash Batches": 1,
                                                        "Peak Memory Usage": 97248,
                                                        "Workers": [
                                                            {
                                                                "Worker Number": 0,
                                                                "Actual Startup Time": 221.952,
                                                                "Actual Total Time": 221.954,
                                                                "Actual Rows": 311982,
                                                                "Actual Loops": 1
                                                            },
                                                            {
                                                                "Worker Number": 1,
                                                                "Actual Startup Time": 221.925,
                                                                "Actual Total Time": 221.927,
                                                                "Actual Rows": 233593,
                                                                "Actual Loops": 1
                                                            },
                                                            {
                                                                "Worker Number": 2,
                                                                "Actual Startup Time": 222.058,
                                                                "Actual Total Time": 222.06,
                                                                "Actual Rows": 282745,
                                                                "Actual Loops": 1
                                                            },
                                                            {
                                                                "Worker Number": 3,
                                                                "Actual Startup Time": 221.924,
                                                                "Actual Total Time": 221.925,
                                                                "Actual Rows": 318661,
                                                                "Actual Loops": 1
                                                            },
                                                            {
                                                                "Worker Number": 4,
                                                                "Actual Startup Time": 221.913,
                                                                "Actual Total Time": 221.915,
                                                                "Actual Rows": 315687,
                                                                "Actual Loops": 1
                                                            },
                                                            {
                                                                "Worker Number": 5,
                                                                "Actual Startup Time": 222.06,
                                                                "Actual Total Time": 222.061,
                                                                "Actual Rows": 284897,
                                                                "Actual Loops": 1
                                                            }
                                                        ],
                                                        "Plans": [
                                                            {
                                                                "Node Type": "Seq Scan",
                                                                "Parent Relationship": "Outer",
                                                                "Parallel Aware": true,
                                                                "Relation Name": "title",
                                                                "Schema": "public",
                                                                "Alias": "t",
                                                                "Startup Cost": 0.0,
                                                                "Total Cost": 43899.01,
                                                                "Plan Rows": 515515,
                                                                "Plan Width": 4,
                                                                "Actual Startup Time": 0.064,
                                                                "Actual Total Time": 83.126,
                                                                "Actual Rows": 294936,
                                                                "Actual Loops": 7,
                                                                "Output": [
                                                                    "t.id"
                                                                ],
                                                                "Filter": "(t.production_year < 2011)",
                                                                "Rows Removed by Filter": 66251,
                                                                "Workers": [
                                                                    {
                                                                        "Worker Number": 0,
                                                                        "Actual Startup Time": 0.074,
                                                                        "Actual Total Time": 84.64,
                                                                        "Actual Rows": 311982,
                                                                        "Actual Loops": 1
                                                                    },
                                                                    {
                                                                        "Worker Number": 1,
                                                                        "Actual Startup Time": 0.077,
                                                                        "Actual Total Time": 88.118,
                                                                        "Actual Rows": 233593,
                                                                        "Actual Loops": 1
                                                                    },
                                                                    {
                                                                        "Worker Number": 2,
                                                                        "Actual Startup Time": 0.077,
                                                                        "Actual Total Time": 82.299,
                                                                        "Actual Rows": 282745,
                                                                        "Actual Loops": 1
                                                                    },
                                                                    {
                                                                        "Worker Number": 3,
                                                                        "Actual Startup Time": 0.064,
                                                                        "Actual Total Time": 85.071,
                                                                        "Actual Rows": 318661,
                                                                        "Actual Loops": 1
                                                                    },
                                                                    {
                                                                        "Worker Number": 4,
                                                                        "Actual Startup Time": 0.066,
                                                                        "Actual Total Time": 85.396,
                                                                        "Actual Rows": 315687,
                                                                        "Actual Loops": 1
                                                                    },
                                                                    {
                                                                        "Worker Number": 5,
                                                                        "Actual Startup Time": 0.075,
                                                                        "Actual Total Time": 82.474,
                                                                        "Actual Rows": 284897,
                                                                        "Actual Loops": 1
                                                                    }
                                                                ]
                                                            }
                                                        ]
                                                    }
                                                ]
                                            }
                                        ]
                                    }
                                ]
                            }
                        ]
                    }
                ]
            }
        ]
    },
    "Planning Time": 1.54,
    "Triggers": [],
    "Execution Time": 2547.197
}