{
  "Plan": {
    "Node Type": "Aggregate",
    "Strategy": "Plain",
    "Partial Mode": "Finalize",
    "Parallel Aware": false,
    "Startup Cost": 125932.94,
    "Total Cost": 125932.95,
    "Plan Rows": 1,
    "Plan Width": 8,
    "Actual Startup Time": 471.595,
    "Actual Total Time": 515.293,
    "Actual Rows": 1,
    "Actual Loops": 1,
    "Plans": [
      {
        "Node Type": "Gather",
        "Parent Relationship": "Outer",
        "Parallel Aware": false,
        "Startup Cost": 125932.83,
        "Total Cost": 125932.94,
        "Plan Rows": 1,
        "Plan Width": 8,
        "Actual Startup Time": 471.105,
        "Actual Total Time": 515.284,
        "Actual Rows": 2,
        "Actual Loops": 1,
        "Workers Planned": 1,
        "Workers Launched": 1,
        "Single Copy": false,
        "Plans": [
          {
            "Node Type": "Aggregate",
            "Strategy": "Plain",
            "Partial Mode": "Partial",
            "Parent Relationship": "Outer",
            "Parallel Aware": false,
            "Startup Cost": 124932.83,
            "Total Cost": 124932.84,
            "Plan Rows": 1,
            "Plan Width": 8,
            "Actual Startup Time": 465.016,
            "Actual Total Time": 465.021,
            "Actual Rows": 1,
            "Actual Loops": 2,
            "Plans": [
              {
                "Node Type": "Nested Loop",
                "Parent Relationship": "Outer",
                "Parallel Aware": false,
                "Join Type": "Inner",
                "Startup Cost": 58953.05,
                "Total Cost": 124599.93,
                "Plan Rows": 133159,
                "Plan Width": 0,
                "Actual Startup Time": 163.001,
                "Actual Total Time": 457.134,
                "Actual Rows": 158187,
                "Actual Loops": 2,
                "Inner Unique": false,
                "Join Filter": "(t.id = ci.movie_id)",
                "Rows Removed by Join Filter": 0,
                "Plans": [
                  {
                    "Node Type": "Hash Join",
                    "Parent Relationship": "Outer",
                    "Parallel Aware": true,
                    "Join Type": "Inner",
                    "Startup Cost": 58952.48,
                    "Total Cost": 77736.8,
                    "Plan Rows": 9293,
                    "Plan Width": 8,
                    "Actual Startup Time": 162.919,
                    "Actual Total Time": 253.41,
                    "Actual Rows": 3550,
                    "Actual Loops": 2,
                    "Inner Unique": true,
                    "Hash Cond": "(mi_idx.movie_id = t.id)",
                    "Plans": [
                      {
                        "Node Type": "Seq Scan",
                        "Parent Relationship": "Outer",
                        "Parallel Aware": true,
                        "Relation Name": "movie_info_idx",
                        "Alias": "mi_idx",
                        "Startup Cost": 0.0,
                        "Total Cost": 18082.32,
                        "Plan Rows": 267429,
                        "Plan Width": 4,
                        "Actual Startup Time": 0.022,
                        "Actual Total Time": 50.499,
                        "Actual Rows": 229962,
                        "Actual Loops": 2,
                        "Filter": "(info_type_id < 100)",
                        "Rows Removed by Filter": 460055
                      },
                      {
                        "Node Type": "Hash",
                        "Parent Relationship": "Inner",
                        "Parallel Aware": true,
                        "Startup Cost": 58306.47,
                        "Total Cost": 58306.47,
                        "Plan Rows": 51681,
                        "Plan Width": 4,
                        "Actual Startup Time": 160.439,
                        "Actual Total Time": 160.44,
                        "Actual Rows": 46314,
                        "Actual Loops": 2,
                        "Hash Buckets": 131072,
                        "Original Hash Buckets": 131072,
                        "Hash Batches": 1,
                        "Original Hash Batches": 1,
                        "Peak Memory Usage": 4672,
                        "Plans": [
                          {
                            "Node Type": "Seq Scan",
                            "Parent Relationship": "Outer",
                            "Parallel Aware": true,
                            "Relation Name": "title",
                            "Alias": "t",
                            "Startup Cost": 0.0,
                            "Total Cost": 58306.47,
                            "Plan Rows": 51681,
                            "Plan Width": 4,
                            "Actual Startup Time": 0.034,
                            "Actual Total Time": 144.754,
                            "Actual Rows": 46314,
                            "Actual Loops": 2,
                            "Filter": "((kind_id = 7) AND (production_year = 2010))",
                            "Rows Removed by Filter": 1217842
                          }
                        ]
                      }
                    ]
                  },
                  {
                    "Node Type": "Index Only Scan",
                    "Parent Relationship": "Inner",
                    "Parallel Aware": false,
                    "Scan Direction": "Forward",
                    "Index Name": "movie_id_cast_info",
                    "Relation Name": "cast_info",
                    "Alias": "ci",
                    "Startup Cost": 0.56,
                    "Total Cost": 4.58,
                    "Plan Rows": 37,
                    "Plan Width": 4,
                    "Actual Startup Time": 0.007,
                    "Actual Total Time": 0.053,
                    "Actual Rows": 45,
                    "Actual Loops": 7101,
                    "Index Cond": "(movie_id = mi_idx.movie_id)",
                    "Rows Removed by Index Recheck": 0,
                    "Heap Fetches": 316374
                  }
                ]
              }
            ]
          }
        ]
      }
    ]
  },
  "Planning Time": 0.909,
  "Triggers": [],
  "Execution Time": 515.388
}