{
  "Plan": {
    "Node Type": "Aggregate",
    "Strategy": "Plain",
    "Partial Mode": "Finalize",
    "Parallel Aware": false,
    "Startup Cost": 110314.1,
    "Total Cost": 110314.11,
    "Plan Rows": 1,
    "Plan Width": 8,
    "Actual Startup Time": 703.222,
    "Actual Total Time": 722.871,
    "Actual Rows": 1,
    "Actual Loops": 1,
    "Plans": [
      {
        "Node Type": "Gather",
        "Parent Relationship": "Outer",
        "Parallel Aware": false,
        "Startup Cost": 110313.99,
        "Total Cost": 110314.1,
        "Plan Rows": 1,
        "Plan Width": 8,
        "Actual Startup Time": 698.63,
        "Actual Total Time": 722.862,
        "Actual Rows": 2,
        "Actual Loops": 1,
        "Workers Planned": 1,
        "Workers Launched": 1,
        "Single Copy": false,
        "Plans": [
          {
            "Node Type": "Aggregate",
            "Strategy": "Plain",
            "Partial Mode": "Partial",
            "Parent Relationship": "Outer",
            "Parallel Aware": false,
            "Startup Cost": 109313.99,
            "Total Cost": 109314.0,
            "Plan Rows": 1,
            "Plan Width": 8,
            "Actual Startup Time": 685.95,
            "Actual Total Time": 685.954,
            "Actual Rows": 1,
            "Actual Loops": 2,
            "Plans": [
              {
                "Node Type": "Hash Join",
                "Parent Relationship": "Outer",
                "Parallel Aware": true,
                "Join Type": "Inner",
                "Startup Cost": 79804.33,
                "Total Cost": 108596.87,
                "Plan Rows": 286846,
                "Plan Width": 0,
                "Actual Startup Time": 552.569,
                "Actual Total Time": 675.559,
                "Actual Rows": 237288,
                "Actual Loops": 2,
                "Inner Unique": true,
                "Hash Cond": "(mk.movie_id = t.id)",
                "Plans": [
                  {
                    "Node Type": "Bitmap Heap Scan",
                    "Parent Relationship": "Outer",
                    "Parallel Aware": true,
                    "Relation Name": "movie_keyword",
                    "Alias": "mk",
                    "Startup Cost": 10343.63,
                    "Total Cost": 38383.2,
                    "Plan Rows": 286846,
                    "Plan Width": 4,
                    "Actual Startup Time": 32.682,
                    "Actual Total Time": 94.112,
                    "Actual Rows": 237288,
                    "Actual Loops": 2,
                    "Recheck Cond": "(keyword_id > 37595)",
                    "Rows Removed by Index Recheck": 0,
                    "Exact Heap Blocks": 11989,
                    "Lossy Heap Blocks": 0,
                    "Plans": [
                      {
                        "Node Type": "Bitmap Index Scan",
                        "Parent Relationship": "Outer",
                        "Parallel Aware": false,
                        "Index Name": "keyword_id_movie_keyword",
                        "Startup Cost": 0.0,
                        "Total Cost": 10221.72,
                        "Plan Rows": 487638,
                        "Plan Width": 0,
                        "Actual Startup Time": 29.291,
                        "Actual Total Time": 29.292,
                        "Actual Rows": 474575,
                        "Actual Loops": 1,
                        "Index Cond": "(keyword_id > 37595)"
                      }
                    ]
                  },
                  {
                    "Node Type": "Hash",
                    "Parent Relationship": "Inner",
                    "Parallel Aware": true,
                    "Startup Cost": 50870.31,
                    "Total Cost": 50870.31,
                    "Plan Rows": 1487231,
                    "Plan Width": 4,
                    "Actual Startup Time": 498.245,
                    "Actual Total Time": 498.246,
                    "Actual Rows": 1264156,
                    "Actual Loops": 2,
                    "Hash Buckets": 4194304,
                    "Original Hash Buckets": 4194304,
                    "Hash Batches": 1,
                    "Original Hash Batches": 1,
                    "Peak Memory Usage": 131712,
                    "Plans": [
                      {
                        "Node Type": "Seq Scan",
                        "Parent Relationship": "Outer",
                        "Parallel Aware": true,
                        "Relation Name": "title",
                        "Alias": "t",
                        "Startup Cost": 0.0,
                        "Total Cost": 50870.31,
                        "Plan Rows": 1487231,
                        "Plan Width": 4,
                        "Actual Startup Time": 0.026,
                        "Actual Total Time": 151.747,
                        "Actual Rows": 1264156,
                        "Actual Loops": 2
                      }
                    ]
                  }
                ]
              }
            ]
          }
        ]
      }
    ]
  },
  "Planning Time": 0.755,
  "Triggers": [],
  "Execution Time": 722.96
}