{
  "Plan": {
    "Node Type": "Aggregate",
    "Strategy": "Plain",
    "Partial Mode": "Finalize",
    "Parallel Aware": false,
    "Startup Cost": 822692.29,
    "Total Cost": 822692.3,
    "Plan Rows": 1,
    "Plan Width": 8,
    "Actual Startup Time": 7067.317,
    "Actual Total Time": 7126.077,
    "Actual Rows": 1,
    "Actual Loops": 1,
    "Plans": [
      {
        "Node Type": "Gather",
        "Parent Relationship": "Outer",
        "Parallel Aware": false,
        "Startup Cost": 822692.18,
        "Total Cost": 822692.29,
        "Plan Rows": 1,
        "Plan Width": 8,
        "Actual Startup Time": 7060.151,
        "Actual Total Time": 7126.066,
        "Actual Rows": 2,
        "Actual Loops": 1,
        "Workers Planned": 1,
        "Workers Launched": 1,
        "Single Copy": false,
        "Plans": [
          {
            "Node Type": "Aggregate",
            "Strategy": "Plain",
            "Partial Mode": "Partial",
            "Parent Relationship": "Outer",
            "Parallel Aware": false,
            "Startup Cost": 821692.18,
            "Total Cost": 821692.19,
            "Plan Rows": 1,
            "Plan Width": 8,
            "Actual Startup Time": 7052.925,
            "Actual Total Time": 7054.35,
            "Actual Rows": 1,
            "Actual Loops": 2,
            "Plans": [
              {
                "Node Type": "Hash Join",
                "Parent Relationship": "Outer",
                "Parallel Aware": true,
                "Join Type": "Inner",
                "Startup Cost": 140546.85,
                "Total Cost": 803179.44,
                "Plan Rows": 7405096,
                "Plan Width": 0,
                "Actual Startup Time": 1326.558,
                "Actual Total Time": 6409.485,
                "Actual Rows": 16402070,
                "Actual Loops": 2,
                "Inner Unique": false,
                "Hash Cond": "(ci.movie_id = t.id)",
                "Plans": [
                  {
                    "Node Type": "Seq Scan",
                    "Parent Relationship": "Outer",
                    "Parallel Aware": true,
                    "Relation Name": "cast_info",
                    "Alias": "ci",
                    "Startup Cost": 0.0,
                    "Total Cost": 572345.93,
                    "Plan Rows": 12460610,
                    "Plan Width": 4,
                    "Actual Startup Time": 220.196,
                    "Actual Total Time": 1835.594,
                    "Actual Rows": 10079768,
                    "Actual Loops": 2,
                    "Filter": "((person_id > 749607) AND (role_id < 5))",
                    "Rows Removed by Filter": 8042404
                  },
                  {
                    "Node Type": "Hash",
                    "Parent Relationship": "Inner",
                    "Parallel Aware": true,
                    "Startup Cost": 129498.95,
                    "Total Cost": 129498.95,
                    "Plan Rows": 883832,
                    "Plan Width": 8,
                    "Actual Startup Time": 1091.368,
                    "Actual Total Time": 1092.791,
                    "Actual Rows": 757118,
                    "Actual Loops": 2,
                    "Hash Buckets": 2097152,
                    "Original Hash Buckets": 2097152,
                    "Hash Batches": 1,
                    "Original Hash Batches": 1,
                    "Peak Memory Usage": 75648,
                    "Plans": [
                      {
                        "Node Type": "Hash Join",
                        "Parent Relationship": "Outer",
                        "Parallel Aware": true,
                        "Join Type": "Inner",
                        "Startup Cost": 69460.7,
                        "Total Cost": 129498.95,
                        "Plan Rows": 883832,
                        "Plan Width": 8,
                        "Actual Startup Time": 576.97,
                        "Actual Total Time": 925.44,
                        "Actual Rows": 757118,
                        "Actual Loops": 2,
                        "Inner Unique": true,
                        "Hash Cond": "(mk.movie_id = t.id)",
                        "Plans": [
                          {
                            "Node Type": "Seq Scan",
                            "Parent Relationship": "Outer",
                            "Parallel Aware": true,
                            "Relation Name": "movie_keyword",
                            "Alias": "mk",
                            "Startup Cost": 0.0,
                            "Total Cost": 57718.19,
                            "Plan Rows": 883832,
                            "Plan Width": 4,
                            "Actual Startup Time": 1.004,
                            "Actual Total Time": 182.574,
                            "Actual Rows": 757118,
                            "Actual Loops": 2,
                            "Filter": "(keyword_id > 10693)",
                            "Rows Removed by Filter": 1504846
                          },
                          {
                            "Node Type": "Hash",
                            "Parent Relationship": "Inner",
                            "Parallel Aware": true,
                            "Startup Cost": 50870.31,
                            "Total Cost": 50870.31,
                            "Plan Rows": 1487231,
                            "Plan Width": 4,
                            "Actual Startup Time": 562.058,
                            "Actual Total Time": 562.059,
                            "Actual Rows": 1264156,
                            "Actual Loops": 2,
                            "Hash Buckets": 4194304,
                            "Original Hash Buckets": 4194304,
                            "Hash Batches": 1,
                            "Original Hash Batches": 1,
                            "Peak Memory Usage": 131680,
                            "Plans": [
                              {
                                "Node Type": "Seq Scan",
                                "Parent Relationship": "Outer",
                                "Parallel Aware": true,
                                "Relation Name": "title",
                                "Alias": "t",
                                "Startup Cost": 0.0,
                                "Total Cost": 50870.31,
                                "Plan Rows": 1487231,
                                "Plan Width": 4,
                                "Actual Startup Time": 0.038,
                                "Actual Total Time": 153.748,
                                "Actual Rows": 1264156,
                                "Actual Loops": 2
                              }
                            ]
                          }
                        ]
                      }
                    ]
                  }
                ]
              }
            ]
          }
        ]
      }
    ]
  },
  "Planning Time": 0.93,
  "Triggers": [],
  "Execution Time": 7126.164
}