[
  {
    "Plan": {
      "Node Type": "Aggregate",
      "Strategy": "Plain",
      "Partial Mode": "Finalize",
      "Parallel Aware": false,
      "Startup Cost": 438795.02,
      "Total Cost": 438795.03,
      "Plan Rows": 1,
      "Plan Width": 8,
      "Actual Startup Time": 2821.349,
      "Actual Total Time": 2885.919,
      "Actual Rows": 1,
      "Actual Loops": 1,
      "Plans": [
        {
          "Node Type": "Gather",
          "Parent Relationship": "Outer",
          "Parallel Aware": false,
          "Startup Cost": 438794.39,
          "Total Cost": 438795.0,
          "Plan Rows": 6,
          "Plan Width": 8,
          "Actual Startup Time": 2794.463,
          "Actual Total Time": 2885.905,
          "Actual Rows": 7,
          "Actual Loops": 1,
          "Workers Planned": 6,
          "Workers Launched": 6,
          "Single Copy": false,
          "Plans": [
            {
              "Node Type": "Aggregate",
              "Strategy": "Plain",
              "Partial Mode": "Partial",
              "Parent Relationship": "Outer",
              "Parallel Aware": false,
              "Startup Cost": 437794.39,
              "Total Cost": 437794.4,
              "Plan Rows": 1,
              "Plan Width": 8,
              "Actual Startup Time": 2779.821,
              "Actual Total Time": 2780.24,
              "Actual Rows": 1,
              "Actual Loops": 7,
              "Plans": [
                {
                  "Node Type": "Hash Join",
                  "Parent Relationship": "Outer",
                  "Parallel Aware": true,
                  "Join Type": "Inner",
                  "Startup Cost": 87527.47,
                  "Total Cost": 431438.35,
                  "Plan Rows": 2542416,
                  "Plan Width": 0,
                  "Actual Startup Time": 405.883,
                  "Actual Total Time": 2540.687,
                  "Actual Rows": 5662564,
                  "Actual Loops": 7,
                  "Inner Unique": false,
                  "Hash Cond": "(ci.movie_id = t.id)",
                  "Plans": [
                    {
                      "Node Type": "Seq Scan",
                      "Parent Relationship": "Outer",
                      "Parallel Aware": true,
                      "Relation Name": "cast_info",
                      "Alias": "ci",
                      "Startup Cost": 0.0,
                      "Total Cost": 313067.02,
                      "Plan Rows": 6038002,
                      "Plan Width": 4,
                      "Actual Startup Time": 0.025,
                      "Actual Total Time": 540.378,
                      "Actual Rows": 5177763,
                      "Actual Loops": 7
                    },
                    {
                      "Node Type": "Hash",
                      "Parent Relationship": "Inner",
                      "Parallel Aware": true,
                      "Startup Cost": 83234.79,
                      "Total Cost": 83234.79,
                      "Plan Rows": 343415,
                      "Plan Width": 8,
                      "Actual Startup Time": 401.131,
                      "Actual Total Time": 401.548,
                      "Actual Rows": 130482,
                      "Actual Loops": 7,
                      "Hash Buckets": 2097152,
                      "Original Hash Buckets": 2097152,
                      "Hash Batches": 1,
                      "Original Hash Batches": 1,
                      "Peak Memory Usage": 52256,
                      "Plans": [
                        {
                          "Node Type": "Hash Join",
                          "Parent Relationship": "Outer",
                          "Parallel Aware": true,
                          "Join Type": "Inner",
                          "Startup Cost": 50785.77,
                          "Total Cost": 83234.79,
                          "Plan Rows": 343415,
                          "Plan Width": 8,
                          "Actual Startup Time": 243.388,
                          "Actual Total Time": 348.014,
                          "Actual Rows": 130482,
                          "Actual Loops": 7,
                          "Inner Unique": true,
                          "Hash Cond": "(mc.movie_id = t.id)",
                          "Plans": [
                            {
                              "Node Type": "Seq Scan",
                              "Parent Relationship": "Outer",
                              "Parallel Aware": true,
                              "Relation Name": "movie_companies",
                              "Alias": "mc",
                              "Startup Cost": 0.0,
                              "Total Cost": 31414.82,
                              "Plan Rows": 393982,
                              "Plan Width": 4,
                              "Actual Startup Time": 0.029,
                              "Actual Total Time": 47.662,
                              "Actual Rows": 166523,
                              "Actual Loops": 7,
                              "Filter": "((company_id > 19) AND (company_type_id < 2))",
                              "Rows Removed by Filter": 206210
                            },
                            {
                              "Node Type": "Hash",
                              "Parent Relationship": "Inner",
                              "Parallel Aware": true,
                              "Startup Cost": 43898.92,
                              "Total Cost": 43898.92,
                              "Plan Rows": 550948,
                              "Plan Width": 4,
                              "Actual Startup Time": 239.503,
                              "Actual Total Time": 239.504,
                              "Actual Rows": 313232,
                              "Actual Loops": 7,
                              "Hash Buckets": 4194304,
                              "Original Hash Buckets": 4194304,
                              "Hash Batches": 1,
                              "Original Hash Batches": 1,
                              "Peak Memory Usage": 118624,
                              "Plans": [
                                {
                                  "Node Type": "Seq Scan",
                                  "Parent Relationship": "Outer",
                                  "Parallel Aware": true,
                                  "Relation Name": "title",
                                  "Alias": "t",
                                  "Startup Cost": 0.0,
                                  "Total Cost": 43898.92,
                                  "Plan Rows": 550948,
                                  "Plan Width": 4,
                                  "Actual Startup Time": 0.041,
                                  "Actual Total Time": 80.807,
                                  "Actual Rows": 313232,
                                  "Actual Loops": 7,
                                  "Filter": "(production_year > 1961)",
                                  "Rows Removed by Filter": 47955
                                }
                              ]
                            }
                          ]
                        }
                      ]
                    }
                  ]
                }
              ]
            }
          ]
        }
      ]
    },
    "Planning Time": 1.502,
    "Triggers": [],
    "Execution Time": 2886.018
  }
]