[
    {
        "Bao": {
            "Bao prediction": "NaN",
            "Bao recommended hint": "(no hint)"
        }
    },
    {
        "Plan": {
            "Node Type": "Aggregate",
            "Strategy": "Plain",
            "Partial Mode": "Finalize",
            "Parallel Aware": false,
            "Startup Cost": 36058.46,
            "Total Cost": 36058.47,
            "Plan Rows": 1,
            "Plan Width": 8,
            "Actual Startup Time": 126.007,
            "Actual Total Time": 133.462,
            "Actual Rows": 1,
            "Actual Loops": 1,
            "Output": [
                "count(*)"
            ],
            "Plans": [
                {
                    "Node Type": "Gather",
                    "Parent Relationship": "Outer",
                    "Parallel Aware": false,
                    "Startup Cost": 36058.14,
                    "Total Cost": 36058.45,
                    "Plan Rows": 3,
                    "Plan Width": 8,
                    "Actual Startup Time": 125.72,
                    "Actual Total Time": 133.454,
                    "Actual Rows": 4,
                    "Actual Loops": 1,
                    "Output": [
                        "(PARTIAL count(*))"
                    ],
                    "Workers Planned": 3,
                    "Workers Launched": 3,
                    "Single Copy": false,
                    "Plans": [
                        {
                            "Node Type": "Aggregate",
                            "Strategy": "Plain",
                            "Partial Mode": "Partial",
                            "Parent Relationship": "Outer",
                            "Parallel Aware": false,
                            "Startup Cost": 35058.14,
                            "Total Cost": 35058.15,
                            "Plan Rows": 1,
                            "Plan Width": 8,
                            "Actual Startup Time": 110.055,
                            "Actual Total Time": 110.056,
                            "Actual Rows": 1,
                            "Actual Loops": 4,
                            "Output": [
                                "PARTIAL count(*)"
                            ],
                            "Workers": [
                                {
                                    "Worker Number": 0,
                                    "Actual Startup Time": 104.684,
                                    "Actual Total Time": 104.685,
                                    "Actual Rows": 1,
                                    "Actual Loops": 1
                                },
                                {
                                    "Worker Number": 1,
                                    "Actual Startup Time": 105.027,
                                    "Actual Total Time": 105.029,
                                    "Actual Rows": 1,
                                    "Actual Loops": 1
                                },
                                {
                                    "Worker Number": 2,
                                    "Actual Startup Time": 105.279,
                                    "Actual Total Time": 105.281,
                                    "Actual Rows": 1,
                                    "Actual Loops": 1
                                }
                            ],
                            "Plans": [
                                {
                                    "Node Type": "Bitmap Heap Scan",
                                    "Parent Relationship": "Outer",
                                    "Parallel Aware": true,
                                    "Relation Name": "movie_keyword",
                                    "Schema": "public",
                                    "Alias": "mk",
                                    "Startup Cost": 8634.74,
                                    "Total Cost": 34729.91,
                                    "Plan Rows": 131293,
                                    "Plan Width": 0,
                                    "Actual Startup Time": 34.095,
                                    "Actual Total Time": 103.256,
                                    "Actual Rows": 100078,
                                    "Actual Loops": 4,
                                    "Recheck Cond": "(mk.keyword_id > 43322)",
                                    "Rows Removed by Index Recheck": 0,
                                    "Exact Heap Blocks": 12063,
                                    "Lossy Heap Blocks": 0,
                                    "Workers": [
                                        {
                                            "Worker Number": 0,
                                            "Actual Startup Time": 28.781,
                                            "Actual Total Time": 98.639,
                                            "Actual Rows": 64933,
                                            "Actual Loops": 1
                                        },
                                        {
                                            "Worker Number": 1,
                                            "Actual Startup Time": 29.098,
                                            "Actual Total Time": 99.059,
                                            "Actual Rows": 64278,
                                            "Actual Loops": 1
                                        },
                                        {
                                            "Worker Number": 2,
                                            "Actual Startup Time": 29.578,
                                            "Actual Total Time": 99.734,
                                            "Actual Rows": 58665,
                                            "Actual Loops": 1
                                        }
                                    ],
                                    "Plans": [
                                        {
                                            "Node Type": "Bitmap Index Scan",
                                            "Parent Relationship": "Outer",
                                            "Parallel Aware": false,
                                            "Index Name": "keyword_id_movie_keyword",
                                            "Startup Cost": 0.0,
                                            "Total Cost": 8532.99,
                                            "Plan Rows": 407008,
                                            "Plan Width": 0,
                                            "Actual Startup Time": 45.645,
                                            "Actual Total Time": 45.646,
                                            "Actual Rows": 400310,
                                            "Actual Loops": 1,
                                            "Index Cond": "(mk.keyword_id > 43322)"
                                        }
                                    ]
                                }
                            ]
                        }
                    ]
                }
            ]
        },
        "Planning Time": 203.671,
        "Triggers": [],
        "Execution Time": 133.554
    }
]