[
  {
    "Plan": {
      "Node Type": "Aggregate",
      "Strategy": "Plain",
      "Partial Mode": "Finalize",
      "Parallel Aware": false,
      "Startup Cost": 78422.95,
      "Total Cost": 78422.96,
      "Plan Rows": 1,
      "Plan Width": 8,
      "Actual Startup Time": 311.632,
      "Actual Total Time": 326.808,
      "Actual Rows": 1,
      "Actual Loops": 1,
      "Plans": [
        {
          "Node Type": "Gather",
          "Parent Relationship": "Outer",
          "Parallel Aware": false,
          "Startup Cost": 78422.53,
          "Total Cost": 78422.94,
          "Plan Rows": 4,
          "Plan Width": 8,
          "Actual Startup Time": 309.444,
          "Actual Total Time": 326.799,
          "Actual Rows": 5,
          "Actual Loops": 1,
          "Workers Planned": 4,
          "Workers Launched": 4,
          "Single Copy": false,
          "Plans": [
            {
              "Node Type": "Aggregate",
              "Strategy": "Plain",
              "Partial Mode": "Partial",
              "Parent Relationship": "Outer",
              "Parallel Aware": false,
              "Startup Cost": 77422.53,
              "Total Cost": 77422.54,
              "Plan Rows": 1,
              "Plan Width": 8,
              "Actual Startup Time": 299.65,
              "Actual Total Time": 299.653,
              "Actual Rows": 1,
              "Actual Loops": 5,
              "Plans": [
                {
                  "Node Type": "Hash Join",
                  "Parent Relationship": "Outer",
                  "Parallel Aware": true,
                  "Join Type": "Inner",
                  "Startup Cost": 31253.67,
                  "Total Cost": 77121.37,
                  "Plan Rows": 120466,
                  "Plan Width": 0,
                  "Actual Startup Time": 104.839,
                  "Actual Total Time": 295.023,
                  "Actual Rows": 98019,
                  "Actual Loops": 5,
                  "Inner Unique": false,
                  "Hash Cond": "(t.id = mc.movie_id)",
                  "Plans": [
                    {
                      "Node Type": "Seq Scan",
                      "Parent Relationship": "Outer",
                      "Parallel Aware": true,
                      "Relation Name": "title",
                      "Alias": "t",
                      "Startup Cost": 0.0,
                      "Total Cost": 42318.73,
                      "Plan Rows": 632073,
                      "Plan Width": 4,
                      "Actual Startup Time": 0.011,
                      "Actual Total Time": 67.369,
                      "Actual Rows": 505662,
                      "Actual Loops": 5
                    },
                    {
                      "Node Type": "Hash",
                      "Parent Relationship": "Inner",
                      "Parallel Aware": true,
                      "Startup Cost": 29310.68,
                      "Total Cost": 29310.68,
                      "Plan Rows": 155439,
                      "Plan Width": 4,
                      "Actual Startup Time": 101.133,
                      "Actual Total Time": 101.134,
                      "Actual Rows": 98019,
                      "Actual Loops": 5,
                      "Hash Buckets": 524288,
                      "Original Hash Buckets": 524288,
                      "Hash Batches": 1,
                      "Original Hash Batches": 1,
                      "Peak Memory Usage": 23328,
                      "Plans": [
                        {
                          "Node Type": "Seq Scan",
                          "Parent Relationship": "Outer",
                          "Parallel Aware": true,
                          "Relation Name": "movie_companies",
                          "Alias": "mc",
                          "Startup Cost": 0.0,
                          "Total Cost": 29310.68,
                          "Plan Rows": 155439,
                          "Plan Width": 4,
                          "Actual Startup Time": 42.86,
                          "Actual Total Time": 70.633,
                          "Actual Rows": 98019,
                          "Actual Loops": 5,
                          "Filter": "(company_id > 74747)",
                          "Rows Removed by Filter": 423807
                        }
                      ]
                    }
                  ]
                }
              ]
            }
          ]
        }
      ]
    },
    "Planning Time": 0.563,
    "Triggers": [],
    "Execution Time": 326.874
  }
]