[
  {
    "Plan": {
      "Node Type": "Aggregate",
      "Strategy": "Plain",
      "Partial Mode": "Finalize",
      "Parallel Aware": false,
      "Startup Cost": 627601.01,
      "Total Cost": 627601.02,
      "Plan Rows": 1,
      "Plan Width": 8,
      "Actual Startup Time": 5016.213,
      "Actual Total Time": 5115.238,
      "Actual Rows": 1,
      "Actual Loops": 1,
      "Plans": [
        {
          "Node Type": "Gather",
          "Parent Relationship": "Outer",
          "Parallel Aware": false,
          "Startup Cost": 627600.49,
          "Total Cost": 627601.0,
          "Plan Rows": 5,
          "Plan Width": 8,
          "Actual Startup Time": 4991.694,
          "Actual Total Time": 5115.219,
          "Actual Rows": 6,
          "Actual Loops": 1,
          "Workers Planned": 5,
          "Workers Launched": 5,
          "Single Copy": false,
          "Plans": [
            {
              "Node Type": "Aggregate",
              "Strategy": "Plain",
              "Partial Mode": "Partial",
              "Parent Relationship": "Outer",
              "Parallel Aware": false,
              "Startup Cost": 626600.49,
              "Total Cost": 626600.5,
              "Plan Rows": 1,
              "Plan Width": 8,
              "Actual Startup Time": 4970.772,
              "Actual Total Time": 4970.778,
              "Actual Rows": 1,
              "Actual Loops": 6,
              "Plans": [
                {
                  "Node Type": "Hash Join",
                  "Parent Relationship": "Outer",
                  "Parallel Aware": true,
                  "Join Type": "Inner",
                  "Startup Cost": 405537.64,
                  "Total Cost": 615654.64,
                  "Plan Rows": 4378341,
                  "Plan Width": 0,
                  "Actual Startup Time": 1716.478,
                  "Actual Total Time": 4344.482,
                  "Actual Rows": 15142726,
                  "Actual Loops": 6,
                  "Inner Unique": false,
                  "Hash Cond": "(mi.movie_id = t.id)",
                  "Plans": [
                    {
                      "Node Type": "Seq Scan",
                      "Parent Relationship": "Outer",
                      "Parallel Aware": true,
                      "Relation Name": "movie_info",
                      "Alias": "mi",
                      "Startup Cost": 0.0,
                      "Total Cost": 191685.19,
                      "Plan Rows": 2969219,
                      "Plan Width": 4,
                      "Actual Startup Time": 0.063,
                      "Actual Total Time": 291.846,
                      "Actual Rows": 2472620,
                      "Actual Loops": 6
                    },
                    {
                      "Node Type": "Hash",
                      "Parent Relationship": "Inner",
                      "Parallel Aware": true,
                      "Startup Cost": 397770.24,
                      "Total Cost": 397770.24,
                      "Plan Rows": 621392,
                      "Plan Width": 8,
                      "Actual Startup Time": 1706.071,
                      "Actual Total Time": 1706.076,
                      "Actual Rows": 554031,
                      "Actual Loops": 6,
                      "Hash Buckets": 4194304,
                      "Original Hash Buckets": 4194304,
                      "Hash Batches": 1,
                      "Original Hash Batches": 1,
                      "Peak Memory Usage": 162912,
                      "Plans": [
                        {
                          "Node Type": "Hash Join",
                          "Parent Relationship": "Outer",
                          "Parallel Aware": true,
                          "Join Type": "Inner",
                          "Startup Cost": 47274.82,
                          "Total Cost": 397770.24,
                          "Plan Rows": 621392,
                          "Plan Width": 8,
                          "Actual Startup Time": 285.575,
                          "Actual Total Time": 1464.972,
                          "Actual Rows": 554031,
                          "Actual Loops": 6,
                          "Inner Unique": true,
                          "Hash Cond": "(ci.movie_id = t.id)",
                          "Plans": [
                            {
                              "Node Type": "Seq Scan",
                              "Parent Relationship": "Outer",
                              "Parallel Aware": true,
                              "Relation Name": "cast_info",
                              "Alias": "ci",
                              "Startup Cost": 0.0,
                              "Total Cost": 343316.27,
                              "Plan Rows": 2734909,
                              "Plan Width": 4,
                              "Actual Startup Time": 153.345,
                              "Actual Total Time": 802.628,
                              "Actual Rows": 2461824,
                              "Actual Loops": 6,
                              "Filter": "((person_id > 1151228) AND (role_id < 4))",
                              "Rows Removed by Filter": 3578900
                            },
                            {
                              "Node Type": "Hash",
                              "Parent Relationship": "Inner",
                              "Parallel Aware": true,
                              "Startup Cost": 45479.59,
                              "Total Cost": 45479.59,
                              "Plan Rows": 143619,
                              "Plan Width": 4,
                              "Actual Startup Time": 130.946,
                              "Actual Total Time": 130.947,
                              "Actual Rows": 99527,
                              "Actual Loops": 6,
                              "Hash Buckets": 1048576,
                              "Original Hash Buckets": 1048576,
                              "Hash Batches": 1,
                              "Original Hash Batches": 1,
                              "Peak Memory Usage": 31648,
                              "Plans": [
                                {
                                  "Node Type": "Seq Scan",
                                  "Parent Relationship": "Outer",
                                  "Parallel Aware": true,
                                  "Relation Name": "title",
                                  "Alias": "t",
                                  "Startup Cost": 0.0,
                                  "Total Cost": 45479.59,
                                  "Plan Rows": 143619,
                                  "Plan Width": 4,
                                  "Actual Startup Time": 0.039,
                                  "Actual Total Time": 87.471,
                                  "Actual Rows": 99527,
                                  "Actual Loops": 6,
                                  "Filter": "((kind_id < 3) AND (production_year < 2010))",
                                  "Rows Removed by Filter": 321858
                                }
                              ]
                            }
                          ]
                        }
                      ]
                    }
                  ]
                }
              ]
            }
          ]
        }
      ]
    },
    "Planning Time": 1.366,
    "Triggers": [],
    "Execution Time": 5115.339
  }
]