[
  {
    "Plan": {
      "Node Type": "Aggregate",
      "Strategy": "Plain",
      "Partial Mode": "Finalize",
      "Parallel Aware": false,
      "Startup Cost": 626727.67,
      "Total Cost": 626727.68,
      "Plan Rows": 1,
      "Plan Width": 8,
      "Actual Startup Time": 4890.755,
      "Actual Total Time": 4996.393,
      "Actual Rows": 1,
      "Actual Loops": 1,
      "Plans": [
        {
          "Node Type": "Gather",
          "Parent Relationship": "Outer",
          "Parallel Aware": false,
          "Startup Cost": 626727.15,
          "Total Cost": 626727.66,
          "Plan Rows": 5,
          "Plan Width": 8,
          "Actual Startup Time": 4874.748,
          "Actual Total Time": 4996.366,
          "Actual Rows": 6,
          "Actual Loops": 1,
          "Workers Planned": 5,
          "Workers Launched": 5,
          "Single Copy": false,
          "Plans": [
            {
              "Node Type": "Aggregate",
              "Strategy": "Plain",
              "Partial Mode": "Partial",
              "Parent Relationship": "Outer",
              "Parallel Aware": false,
              "Startup Cost": 625727.15,
              "Total Cost": 625727.16,
              "Plan Rows": 1,
              "Plan Width": 8,
              "Actual Startup Time": 4854.192,
              "Actual Total Time": 4854.469,
              "Actual Rows": 1,
              "Actual Loops": 6,
              "Plans": [
                {
                  "Node Type": "Hash Join",
                  "Parent Relationship": "Outer",
                  "Parallel Aware": true,
                  "Join Type": "Inner",
                  "Startup Cost": 405230.68,
                  "Total Cost": 615018.12,
                  "Plan Rows": 4283612,
                  "Plan Width": 0,
                  "Actual Startup Time": 1568.104,
                  "Actual Total Time": 4269.723,
                  "Actual Rows": 15142726,
                  "Actual Loops": 6,
                  "Inner Unique": false,
                  "Hash Cond": "(mi.movie_id = t.id)",
                  "Plans": [
                    {
                      "Node Type": "Seq Scan",
                      "Parent Relationship": "Outer",
                      "Parallel Aware": true,
                      "Relation Name": "movie_info",
                      "Alias": "mi",
                      "Startup Cost": 0.0,
                      "Total Cost": 191560.33,
                      "Plan Rows": 2956733,
                      "Plan Width": 4,
                      "Actual Startup Time": 0.028,
                      "Actual Total Time": 299.681,
                      "Actual Rows": 2472620,
                      "Actual Loops": 6
                    },
                    {
                      "Node Type": "Hash",
                      "Parent Relationship": "Inner",
                      "Parallel Aware": true,
                      "Startup Cost": 397599.63,
                      "Total Cost": 397599.63,
                      "Plan Rows": 610484,
                      "Plan Width": 8,
                      "Actual Startup Time": 1557.983,
                      "Actual Total Time": 1558.258,
                      "Actual Rows": 554031,
                      "Actual Loops": 6,
                      "Hash Buckets": 4194304,
                      "Original Hash Buckets": 4194304,
                      "Hash Batches": 1,
                      "Original Hash Batches": 1,
                      "Peak Memory Usage": 162912,
                      "Plans": [
                        {
                          "Node Type": "Hash Join",
                          "Parent Relationship": "Outer",
                          "Parallel Aware": true,
                          "Join Type": "Inner",
                          "Startup Cost": 47269.06,
                          "Total Cost": 397599.63,
                          "Plan Rows": 610484,
                          "Plan Width": 8,
                          "Actual Startup Time": 267.301,
                          "Actual Total Time": 1332.031,
                          "Actual Rows": 554031,
                          "Actual Loops": 6,
                          "Inner Unique": true,
                          "Hash Cond": "(ci.movie_id = t.id)",
                          "Plans": [
                            {
                              "Node Type": "Seq Scan",
                              "Parent Relationship": "Outer",
                              "Parallel Aware": true,
                              "Relation Name": "cast_info",
                              "Alias": "ci",
                              "Startup Cost": 0.0,
                              "Total Cost": 343257.03,
                              "Plan Rows": 2694678,
                              "Plan Width": 4,
                              "Actual Startup Time": 141.047,
                              "Actual Total Time": 707.362,
                              "Actual Rows": 2461824,
                              "Actual Loops": 6,
                              "Filter": "((person_id > 1151228) AND (role_id < 4))",
                              "Rows Removed by Filter": 3578900
                            },
                            {
                              "Node Type": "Hash",
                              "Parent Relationship": "Inner",
                              "Parallel Aware": true,
                              "Startup Cost": 45479.1,
                              "Total Cost": 45479.1,
                              "Plan Rows": 143197,
                              "Plan Width": 4,
                              "Actual Startup Time": 125.149,
                              "Actual Total Time": 125.15,
                              "Actual Rows": 99527,
                              "Actual Loops": 6,
                              "Hash Buckets": 1048576,
                              "Original Hash Buckets": 1048576,
                              "Hash Batches": 1,
                              "Original Hash Batches": 1,
                              "Peak Memory Usage": 31680,
                              "Plans": [
                                {
                                  "Node Type": "Seq Scan",
                                  "Parent Relationship": "Outer",
                                  "Parallel Aware": true,
                                  "Relation Name": "title",
                                  "Alias": "t",
                                  "Startup Cost": 0.0,
                                  "Total Cost": 45479.1,
                                  "Plan Rows": 143197,
                                  "Plan Width": 4,
                                  "Actual Startup Time": 0.044,
                                  "Actual Total Time": 81.845,
                                  "Actual Rows": 99527,
                                  "Actual Loops": 6,
                                  "Filter": "((kind_id < 3) AND (production_year < 2010))",
                                  "Rows Removed by Filter": 321858
                                }
                              ]
                            }
                          ]
                        }
                      ]
                    }
                  ]
                }
              ]
            }
          ]
        }
      ]
    },
    "Planning Time": 1.326,
    "Triggers": [],
    "Execution Time": 4996.496
  }
]