[
  {
    "Plan": {
      "Node Type": "Aggregate",
      "Strategy": "Plain",
      "Partial Mode": "Finalize",
      "Parallel Aware": false,
      "Startup Cost": 342250.39,
      "Total Cost": 342250.4,
      "Plan Rows": 1,
      "Plan Width": 8,
      "Actual Startup Time": 902.663,
      "Actual Total Time": 945.783,
      "Actual Rows": 1,
      "Actual Loops": 1,
      "Plans": [
        {
          "Node Type": "Gather",
          "Parent Relationship": "Outer",
          "Parallel Aware": false,
          "Startup Cost": 342249.76,
          "Total Cost": 342250.37,
          "Plan Rows": 6,
          "Plan Width": 8,
          "Actual Startup Time": 902.481,
          "Actual Total Time": 945.767,
          "Actual Rows": 7,
          "Actual Loops": 1,
          "Workers Planned": 6,
          "Workers Launched": 6,
          "Single Copy": false,
          "Plans": [
            {
              "Node Type": "Aggregate",
              "Strategy": "Plain",
              "Partial Mode": "Partial",
              "Parent Relationship": "Outer",
              "Parallel Aware": false,
              "Startup Cost": 341249.76,
              "Total Cost": 341249.77,
              "Plan Rows": 1,
              "Plan Width": 8,
              "Actual Startup Time": 895.028,
              "Actual Total Time": 895.029,
              "Actual Rows": 1,
              "Actual Loops": 7,
              "Plans": [
                {
                  "Node Type": "Seq Scan",
                  "Parent Relationship": "Outer",
                  "Parallel Aware": true,
                  "Relation Name": "cast_info",
                  "Alias": "ci",
                  "Startup Cost": 0.0,
                  "Total Cost": 328211.39,
                  "Plan Rows": 5215349,
                  "Plan Width": 0,
                  "Actual Startup Time": 0.049,
                  "Actual Total Time": 668.144,
                  "Actual Rows": 4472916,
                  "Actual Loops": 7,
                  "Filter": "(person_id < 3179026)",
                  "Rows Removed by Filter": 704847
                }
              ]
            }
          ]
        }
      ]
    },
    "Planning Time": 0.1,
    "Triggers": [],
    "Execution Time": 945.838
  }
]