[
  {
    "Plan": {
      "Node Type": "Aggregate",
      "Strategy": "Plain",
      "Partial Mode": "Finalize",
      "Parallel Aware": false,
      "Startup Cost": 31343.3,
      "Total Cost": 31343.31,
      "Plan Rows": 1,
      "Plan Width": 8,
      "Actual Startup Time": 84.431,
      "Actual Total Time": 93.149,
      "Actual Rows": 1,
      "Actual Loops": 1,
      "Plans": [
        {
          "Node Type": "Gather",
          "Parent Relationship": "Outer",
          "Parallel Aware": false,
          "Startup Cost": 31342.88,
          "Total Cost": 31343.29,
          "Plan Rows": 4,
          "Plan Width": 8,
          "Actual Startup Time": 84.292,
          "Actual Total Time": 93.141,
          "Actual Rows": 5,
          "Actual Loops": 1,
          "Workers Planned": 4,
          "Workers Launched": 4,
          "Single Copy": false,
          "Plans": [
            {
              "Node Type": "Aggregate",
              "Strategy": "Plain",
              "Partial Mode": "Partial",
              "Parent Relationship": "Outer",
              "Parallel Aware": false,
              "Startup Cost": 30342.88,
              "Total Cost": 30342.89,
              "Plan Rows": 1,
              "Plan Width": 8,
              "Actual Startup Time": 78.467,
              "Actual Total Time": 78.468,
              "Actual Rows": 1,
              "Actual Loops": 5,
              "Plans": [
                {
                  "Node Type": "Index Scan",
                  "Parent Relationship": "Outer",
                  "Parallel Aware": true,
                  "Scan Direction": "Forward",
                  "Index Name": "role_id_cast_info",
                  "Relation Name": "cast_info",
                  "Alias": "ci",
                  "Startup Cost": 0.56,
                  "Total Cost": 29878.05,
                  "Plan Rows": 185932,
                  "Plan Width": 0,
                  "Actual Startup Time": 0.091,
                  "Actual Total Time": 65.891,
                  "Actual Rows": 190474,
                  "Actual Loops": 5,
                  "Index Cond": "(role_id = 9)",
                  "Rows Removed by Index Recheck": 0,
                  "Filter": "(person_id > 1094703)",
                  "Rows Removed by Filter": 28238
                }
              ]
            }
          ]
        }
      ]
    },
    "Planning Time": 0.128,
    "Triggers": [],
    "Execution Time": 93.185
  }
]