{
  "Plan": {
    "Node Type": "Aggregate",
    "Strategy": "Plain",
    "Partial Mode": "Finalize",
    "Parallel Aware": false,
    "Startup Cost": 92070.41,
    "Total Cost": 92070.42,
    "Plan Rows": 1,
    "Plan Width": 8,
    "Actual Startup Time": 358.25,
    "Actual Total Time": 373.881,
    "Actual Rows": 1,
    "Actual Loops": 1,
    "Plans": [
      {
        "Node Type": "Gather",
        "Parent Relationship": "Outer",
        "Parallel Aware": false,
        "Startup Cost": 92070.29,
        "Total Cost": 92070.4,
        "Plan Rows": 1,
        "Plan Width": 8,
        "Actual Startup Time": 356.154,
        "Actual Total Time": 373.871,
        "Actual Rows": 2,
        "Actual Loops": 1,
        "Workers Planned": 1,
        "Workers Launched": 1,
        "Single Copy": false,
        "Plans": [
          {
            "Node Type": "Aggregate",
            "Strategy": "Plain",
            "Partial Mode": "Partial",
            "Parent Relationship": "Outer",
            "Parallel Aware": false,
            "Startup Cost": 91070.29,
            "Total Cost": 91070.3,
            "Plan Rows": 1,
            "Plan Width": 8,
            "Actual Startup Time": 350.196,
            "Actual Total Time": 350.2,
            "Actual Rows": 1,
            "Actual Loops": 2,
            "Plans": [
              {
                "Node Type": "Hash Join",
                "Parent Relationship": "Outer",
                "Parallel Aware": true,
                "Join Type": "Inner",
                "Startup Cost": 64750.6,
                "Total Cost": 90976.79,
                "Plan Rows": 37401,
                "Plan Width": 0,
                "Actual Startup Time": 283.185,
                "Actual Total Time": 347.955,
                "Actual Rows": 47035,
                "Actual Loops": 2,
                "Inner Unique": true,
                "Hash Cond": "(mk.movie_id = t.id)",
                "Plans": [
                  {
                    "Node Type": "Bitmap Heap Scan",
                    "Parent Relationship": "Outer",
                    "Parallel Aware": true,
                    "Relation Name": "movie_keyword",
                    "Alias": "mk",
                    "Startup Cost": 4228.14,
                    "Total Cost": 30146.76,
                    "Plan Rows": 117169,
                    "Plan Width": 4,
                    "Actual Startup Time": 16.049,
                    "Actual Total Time": 56.118,
                    "Actual Rows": 98608,
                    "Actual Loops": 2,
                    "Recheck Cond": "(keyword_id > 69319)",
                    "Rows Removed by Index Recheck": 0,
                    "Exact Heap Blocks": 12380,
                    "Lossy Heap Blocks": 0,
                    "Plans": [
                      {
                        "Node Type": "Bitmap Index Scan",
                        "Parent Relationship": "Outer",
                        "Parallel Aware": false,
                        "Index Name": "keyword_id_movie_keyword",
                        "Startup Cost": 0.0,
                        "Total Cost": 4178.34,
                        "Plan Rows": 199188,
                        "Plan Width": 0,
                        "Actual Startup Time": 13.103,
                        "Actual Total Time": 13.104,
                        "Actual Rows": 197217,
                        "Actual Loops": 1,
                        "Index Cond": "(keyword_id > 69319)"
                      }
                    ]
                  },
                  {
                    "Node Type": "Hash",
                    "Parent Relationship": "Inner",
                    "Parallel Aware": true,
                    "Startup Cost": 54588.39,
                    "Total Cost": 54588.39,
                    "Plan Rows": 474726,
                    "Plan Width": 4,
                    "Actual Startup Time": 257.737,
                    "Actual Total Time": 257.738,
                    "Actual Rows": 406352,
                    "Actual Loops": 2,
                    "Hash Buckets": 1048576,
                    "Original Hash Buckets": 1048576,
                    "Hash Batches": 1,
                    "Original Hash Batches": 1,
                    "Peak Memory Usage": 40000,
                    "Plans": [
                      {
                        "Node Type": "Seq Scan",
                        "Parent Relationship": "Outer",
                        "Parallel Aware": true,
                        "Relation Name": "title",
                        "Alias": "t",
                        "Startup Cost": 0.0,
                        "Total Cost": 54588.39,
                        "Plan Rows": 474726,
                        "Plan Width": 4,
                        "Actual Startup Time": 0.027,
                        "Actual Total Time": 153.843,
                        "Actual Rows": 406352,
                        "Actual Loops": 2,
                        "Filter": "(production_year < 1995)",
                        "Rows Removed by Filter": 857804
                      }
                    ]
                  }
                ]
              }
            ]
          }
        ]
      }
    ]
  },
  "Planning Time": 0.479,
  "Triggers": [],
  "Execution Time": 373.973
}