[
  {
    "Plan": {
      "Node Type": "Aggregate",
      "Strategy": "Plain",
      "Partial Mode": "Simple",
      "Parallel Aware": false,
      "Startup Cost": 3231.73,
      "Total Cost": 3231.74,
      "Plan Rows": 1,
      "Plan Width": 8,
      "Actual Startup Time": 26.612,
      "Actual Total Time": 26.616,
      "Actual Rows": 1,
      "Actual Loops": 1,
      "Plans": [
        {
          "Node Type": "Nested Loop",
          "Parent Relationship": "Outer",
          "Parallel Aware": false,
          "Join Type": "Inner",
          "Startup Cost": 7.23,
          "Total Cost": 3231.68,
          "Plan Rows": 22,
          "Plan Width": 0,
          "Actual Startup Time": 13.657,
          "Actual Total Time": 26.533,
          "Actual Rows": 321,
          "Actual Loops": 1,
          "Inner Unique": false,
          "Plans": [
            {
              "Node Type": "Nested Loop",
              "Parent Relationship": "Outer",
              "Parallel Aware": false,
              "Join Type": "Inner",
              "Startup Cost": 6.79,
              "Total Cost": 3018.6,
              "Plan Rows": 100,
              "Plan Width": 8,
              "Actual Startup Time": 13.629,
              "Actual Total Time": 22.683,
              "Actual Rows": 70,
              "Actual Loops": 1,
              "Inner Unique": true,
              "Plans": [
                {
                  "Node Type": "Bitmap Heap Scan",
                  "Parent Relationship": "Outer",
                  "Parallel Aware": false,
                  "Relation Name": "movie_keyword",
                  "Alias": "mk",
                  "Startup Cost": 6.36,
                  "Total Cost": 926.55,
                  "Plan Rows": 249,
                  "Plan Width": 4,
                  "Actual Startup Time": 13.461,
                  "Actual Total Time": 15.791,
                  "Actual Rows": 675,
                  "Actual Loops": 1,
                  "Recheck Cond": "(keyword_id = 5772)",
                  "Rows Removed by Index Recheck": 0,
                  "Exact Heap Blocks": 640,
                  "Lossy Heap Blocks": 0,
                  "Plans": [
                    {
                      "Node Type": "Bitmap Index Scan",
                      "Parent Relationship": "Outer",
                      "Parallel Aware": false,
                      "Index Name": "keyword_id_movie_keyword",
                      "Startup Cost": 0.0,
                      "Total Cost": 6.3,
                      "Plan Rows": 249,
                      "Plan Width": 0,
                      "Actual Startup Time": 13.232,
                      "Actual Total Time": 13.232,
                      "Actual Rows": 675,
                      "Actual Loops": 1,
                      "Index Cond": "(keyword_id = 5772)"
                    }
                  ]
                },
                {
                  "Node Type": "Index Scan",
                  "Parent Relationship": "Inner",
                  "Parallel Aware": false,
                  "Scan Direction": "Forward",
                  "Index Name": "title_pkey",
                  "Relation Name": "title",
                  "Alias": "t",
                  "Startup Cost": 0.43,
                  "Total Cost": 8.4,
                  "Plan Rows": 1,
                  "Plan Width": 4,
                  "Actual Startup Time": 0.009,
                  "Actual Total Time": 0.009,
                  "Actual Rows": 0,
                  "Actual Loops": 675,
                  "Index Cond": "(id = mk.movie_id)",
                  "Rows Removed by Index Recheck": 0,
                  "Filter": "(production_year > 2005)",
                  "Rows Removed by Filter": 1
                }
              ]
            },
            {
              "Node Type": "Index Scan",
              "Parent Relationship": "Inner",
              "Parallel Aware": false,
              "Scan Direction": "Forward",
              "Index Name": "movie_id_movie_info",
              "Relation Name": "movie_info",
              "Alias": "mi",
              "Startup Cost": 0.43,
              "Total Cost": 2.11,
              "Plan Rows": 2,
              "Plan Width": 4,
              "Actual Startup Time": 0.041,
              "Actual Total Time": 0.053,
              "Actual Rows": 5,
              "Actual Loops": 70,
              "Index Cond": "(movie_id = t.id)",
              "Rows Removed by Index Recheck": 0,
              "Filter": "(info_type_id = 15)",
              "Rows Removed by Filter": 23
            }
          ]
        }
      ]
    },
    "Planning Time": 1.41,
    "Triggers": [],
    "Execution Time": 26.753
  }
]