[
  {
    "Plan": {
      "Node Type": "Aggregate",
      "Strategy": "Plain",
      "Partial Mode": "Finalize",
      "Parallel Aware": false,
      "Startup Cost": 29823.74,
      "Total Cost": 29823.75,
      "Plan Rows": 1,
      "Plan Width": 8,
      "Actual Startup Time": 54.761,
      "Actual Total Time": 58.66,
      "Actual Rows": 1,
      "Actual Loops": 1,
      "Plans": [
        {
          "Node Type": "Gather",
          "Parent Relationship": "Outer",
          "Parallel Aware": false,
          "Startup Cost": 29823.42,
          "Total Cost": 29823.73,
          "Plan Rows": 3,
          "Plan Width": 8,
          "Actual Startup Time": 54.613,
          "Actual Total Time": 58.653,
          "Actual Rows": 4,
          "Actual Loops": 1,
          "Workers Planned": 3,
          "Workers Launched": 3,
          "Single Copy": false,
          "Plans": [
            {
              "Node Type": "Aggregate",
              "Strategy": "Plain",
              "Partial Mode": "Partial",
              "Parent Relationship": "Outer",
              "Parallel Aware": false,
              "Startup Cost": 28823.42,
              "Total Cost": 28823.43,
              "Plan Rows": 1,
              "Plan Width": 8,
              "Actual Startup Time": 50.548,
              "Actual Total Time": 50.549,
              "Actual Rows": 1,
              "Actual Loops": 4,
              "Plans": [
                {
                  "Node Type": "Bitmap Heap Scan",
                  "Parent Relationship": "Outer",
                  "Parallel Aware": true,
                  "Relation Name": "movie_companies",
                  "Alias": "mc",
                  "Startup Cost": 8201.91,
                  "Total Cost": 28518.17,
                  "Plan Rows": 122101,
                  "Plan Width": 0,
                  "Actual Startup Time": 16.065,
                  "Actual Total Time": 44.851,
                  "Actual Rows": 94552,
                  "Actual Loops": 4,
                  "Recheck Cond": "(company_id > 84582)",
                  "Rows Removed by Index Recheck": 0,
                  "Exact Heap Blocks": 3092,
                  "Lossy Heap Blocks": 0,
                  "Plans": [
                    {
                      "Node Type": "Bitmap Index Scan",
                      "Parent Relationship": "Outer",
                      "Parallel Aware": false,
                      "Index Name": "company_id_movie_companies",
                      "Startup Cost": 0.0,
                      "Total Cost": 8107.28,
                      "Plan Rows": 378513,
                      "Plan Width": 0,
                      "Actual Startup Time": 18.982,
                      "Actual Total Time": 18.982,
                      "Actual Rows": 378210,
                      "Actual Loops": 1,
                      "Index Cond": "(company_id > 84582)"
                    }
                  ]
                }
              ]
            }
          ]
        }
      ]
    },
    "Planning Time": 0.092,
    "Triggers": [],
    "Execution Time": 58.697
  }
]