[
  {
    "Plan": {
      "Node Type": "Aggregate",
      "Strategy": "Plain",
      "Partial Mode": "Finalize",
      "Parallel Aware": false,
      "Startup Cost": 338836.45,
      "Total Cost": 338836.46,
      "Plan Rows": 1,
      "Plan Width": 8,
      "Actual Startup Time": 875.999,
      "Actual Total Time": 947.694,
      "Actual Rows": 1,
      "Actual Loops": 1,
      "Plans": [
        {
          "Node Type": "Gather",
          "Parent Relationship": "Outer",
          "Parallel Aware": false,
          "Startup Cost": 338835.83,
          "Total Cost": 338836.43,
          "Plan Rows": 6,
          "Plan Width": 8,
          "Actual Startup Time": 875.865,
          "Actual Total Time": 947.682,
          "Actual Rows": 7,
          "Actual Loops": 1,
          "Workers Planned": 6,
          "Workers Launched": 6,
          "Single Copy": false,
          "Plans": [
            {
              "Node Type": "Aggregate",
              "Strategy": "Plain",
              "Partial Mode": "Partial",
              "Parent Relationship": "Outer",
              "Parallel Aware": false,
              "Startup Cost": 337835.83,
              "Total Cost": 337835.84,
              "Plan Rows": 1,
              "Plan Width": 8,
              "Actual Startup Time": 866.564,
              "Actual Total Time": 866.566,
              "Actual Rows": 1,
              "Actual Loops": 7,
              "Plans": [
                {
                  "Node Type": "Seq Scan",
                  "Parent Relationship": "Outer",
                  "Parallel Aware": true,
                  "Relation Name": "cast_info",
                  "Alias": "ci",
                  "Startup Cost": 0.0,
                  "Total Cost": 328162.03,
                  "Plan Rows": 3869520,
                  "Plan Width": 0,
                  "Actual Startup Time": 0.048,
                  "Actual Total Time": 698.718,
                  "Actual Rows": 3325349,
                  "Actual Loops": 7,
                  "Filter": "(person_id < 2380459)",
                  "Rows Removed by Filter": 1852414
                }
              ]
            }
          ]
        }
      ]
    },
    "Planning Time": 0.16,
    "Triggers": [],
    "Execution Time": 947.8
  }
]