[
  {
    "Plan": {
      "Node Type": "Aggregate",
      "Strategy": "Plain",
      "Partial Mode": "Finalize",
      "Parallel Aware": false,
      "Startup Cost": 97899.33,
      "Total Cost": 97899.34,
      "Plan Rows": 1,
      "Plan Width": 8,
      "Actual Startup Time": 962.229,
      "Actual Total Time": 990.089,
      "Actual Rows": 1,
      "Actual Loops": 1,
      "Plans": [
        {
          "Node Type": "Gather",
          "Parent Relationship": "Outer",
          "Parallel Aware": false,
          "Startup Cost": 97899.11,
          "Total Cost": 97899.32,
          "Plan Rows": 2,
          "Plan Width": 8,
          "Actual Startup Time": 955.548,
          "Actual Total Time": 990.078,
          "Actual Rows": 3,
          "Actual Loops": 1,
          "Workers Planned": 2,
          "Workers Launched": 2,
          "Single Copy": false,
          "Plans": [
            {
              "Node Type": "Aggregate",
              "Strategy": "Plain",
              "Partial Mode": "Partial",
              "Parent Relationship": "Outer",
              "Parallel Aware": false,
              "Startup Cost": 96899.11,
              "Total Cost": 96899.12,
              "Plan Rows": 1,
              "Plan Width": 8,
              "Actual Startup Time": 941.907,
              "Actual Total Time": 941.918,
              "Actual Rows": 1,
              "Actual Loops": 3,
              "Plans": [
                {
                  "Node Type": "Hash Join",
                  "Parent Relationship": "Outer",
                  "Parallel Aware": true,
                  "Join Type": "Inner",
                  "Startup Cost": 80551.44,
                  "Total Cost": 96678.09,
                  "Plan Rows": 88411,
                  "Plan Width": 0,
                  "Actual Startup Time": 791.042,
                  "Actual Total Time": 930.623,
                  "Actual Rows": 219647,
                  "Actual Loops": 3,
                  "Inner Unique": false,
                  "Hash Cond": "(mi_idx.movie_id = t.id)",
                  "Plans": [
                    {
                      "Node Type": "Seq Scan",
                      "Parent Relationship": "Outer",
                      "Parallel Aware": true,
                      "Relation Name": "movie_info_idx",
                      "Alias": "mi_idx",
                      "Startup Cost": 0.0,
                      "Total Cost": 13685.15,
                      "Plan Rows": 575015,
                      "Plan Width": 4,
                      "Actual Startup Time": 0.04,
                      "Actual Total Time": 46.603,
                      "Actual Rows": 460012,
                      "Actual Loops": 3
                    },
                    {
                      "Node Type": "Hash",
                      "Parent Relationship": "Inner",
                      "Parallel Aware": true,
                      "Startup Cost": 78983.87,
                      "Total Cost": 78983.87,
                      "Plan Rows": 125405,
                      "Plan Width": 8,
                      "Actual Startup Time": 783.379,
                      "Actual Total Time": 783.389,
                      "Actual Rows": 188159,
                      "Actual Loops": 3,
                      "Hash Buckets": 1048576,
                      "Original Hash Buckets": 524288,
                      "Hash Batches": 1,
                      "Original Hash Batches": 1,
                      "Peak Memory Usage": 34400,
                      "Plans": [
                        {
                          "Node Type": "Hash Join",
                          "Parent Relationship": "Outer",
                          "Parallel Aware": true,
                          "Join Type": "Inner",
                          "Startup Cost": 46609.23,
                          "Total Cost": 78983.87,
                          "Plan Rows": 125405,
                          "Plan Width": 8,
                          "Actual Startup Time": 439.128,
                          "Actual Total Time": 637.274,
                          "Actual Rows": 188159,
                          "Actual Loops": 3,
                          "Inner Unique": true,
                          "Hash Cond": "(mc.movie_id = t.id)",
                          "Plans": [
                            {
                              "Node Type": "Seq Scan",
                              "Parent Relationship": "Outer",
                              "Parallel Aware": true,
                              "Relation Name": "movie_companies",
                              "Alias": "mc",
                              "Startup Cost": 0.0,
                              "Total Cost": 31414.82,
                              "Plan Rows": 365646,
                              "Plan Width": 4,
                              "Actual Startup Time": 51.239,
                              "Actual Total Time": 114.546,
                              "Actual Rows": 414391,
                              "Actual Loops": 3,
                              "Filter": "((company_id > 225) AND (company_type_id = 2))",
                              "Rows Removed by Filter": 455318
                            },
                            {
                              "Node Type": "Hash",
                              "Parent Relationship": "Inner",
                              "Parallel Aware": true,
                              "Startup Cost": 43899.32,
                              "Total Cost": 43899.32,
                              "Plan Rows": 216793,
                              "Plan Width": 4,
                              "Actual Startup Time": 378.522,
                              "Actual Total Time": 378.526,
                              "Actual Rows": 295217,
                              "Actual Loops": 3,
                              "Hash Buckets": 1048576,
                              "Original Hash Buckets": 1048576,
                              "Hash Batches": 1,
                              "Original Hash Batches": 1,
                              "Peak Memory Usage": 42880,
                              "Plans": [
                                {
                                  "Node Type": "Seq Scan",
                                  "Parent Relationship": "Outer",
                                  "Parallel Aware": true,
                                  "Relation Name": "title",
                                  "Alias": "t",
                                  "Startup Cost": 0.0,
                                  "Total Cost": 43899.32,
                                  "Plan Rows": 216793,
                                  "Plan Width": 4,
                                  "Actual Startup Time": 0.081,
                                  "Actual Total Time": 169.844,
                                  "Actual Rows": 295217,
                                  "Actual Loops": 3,
                                  "Filter": "(production_year < 1997)",
                                  "Rows Removed by Filter": 547554
                                }
                              ]
                            }
                          ]
                        }
                      ]
                    }
                  ]
                }
              ]
            }
          ]
        }
      ]
    },
    "Planning Time": 1.319,
    "Triggers": [],
    "Execution Time": 990.186
  }
]