[
    {
        "Bao": {
            "Bao prediction": "NaN",
            "Bao recommended hint": "(no hint)"
        }
    },
    {
        "Plan": {
            "Node Type": "Aggregate",
            "Strategy": "Plain",
            "Partial Mode": "Finalize",
            "Parallel Aware": false,
            "Startup Cost": 33065.86,
            "Total Cost": 33065.87,
            "Plan Rows": 1,
            "Plan Width": 8,
            "Actual Startup Time": 85.898,
            "Actual Total Time": 90.105,
            "Actual Rows": 1,
            "Actual Loops": 1,
            "Output": [
                "count(*)"
            ],
            "Plans": [
                {
                    "Node Type": "Gather",
                    "Parent Relationship": "Outer",
                    "Parallel Aware": false,
                    "Startup Cost": 33065.54,
                    "Total Cost": 33065.85,
                    "Plan Rows": 3,
                    "Plan Width": 8,
                    "Actual Startup Time": 85.767,
                    "Actual Total Time": 90.096,
                    "Actual Rows": 4,
                    "Actual Loops": 1,
                    "Output": [
                        "(PARTIAL count(*))"
                    ],
                    "Workers Planned": 3,
                    "Workers Launched": 3,
                    "Single Copy": false,
                    "Plans": [
                        {
                            "Node Type": "Aggregate",
                            "Strategy": "Plain",
                            "Partial Mode": "Partial",
                            "Parent Relationship": "Outer",
                            "Parallel Aware": false,
                            "Startup Cost": 32065.54,
                            "Total Cost": 32065.55,
                            "Plan Rows": 1,
                            "Plan Width": 8,
                            "Actual Startup Time": 77.61,
                            "Actual Total Time": 77.611,
                            "Actual Rows": 1,
                            "Actual Loops": 4,
                            "Output": [
                                "PARTIAL count(*)"
                            ],
                            "Workers": [
                                {
                                    "Worker Number": 0,
                                    "Actual Startup Time": 74.873,
                                    "Actual Total Time": 74.874,
                                    "Actual Rows": 1,
                                    "Actual Loops": 1
                                },
                                {
                                    "Worker Number": 1,
                                    "Actual Startup Time": 75.099,
                                    "Actual Total Time": 75.1,
                                    "Actual Rows": 1,
                                    "Actual Loops": 1
                                },
                                {
                                    "Worker Number": 2,
                                    "Actual Startup Time": 75.325,
                                    "Actual Total Time": 75.326,
                                    "Actual Rows": 1,
                                    "Actual Loops": 1
                                }
                            ],
                            "Plans": [
                                {
                                    "Node Type": "Seq Scan",
                                    "Parent Relationship": "Outer",
                                    "Parallel Aware": true,
                                    "Relation Name": "movie_companies",
                                    "Schema": "public",
                                    "Alias": "mc",
                                    "Startup Cost": 0.0,
                                    "Total Cost": 31414.82,
                                    "Plan Rows": 260290,
                                    "Plan Width": 0,
                                    "Actual Startup Time": 41.093,
                                    "Actual Total Time": 71.865,
                                    "Actual Rows": 126302,
                                    "Actual Loops": 4,
                                    "Output": [
                                        "id",
                                        "movie_id",
                                        "company_id",
                                        "company_type_id",
                                        "note"
                                    ],
                                    "Filter": "((mc.company_id < 15652) AND (mc.company_type_id = 2))",
                                    "Rows Removed by Filter": 525981,
                                    "Workers": [
                                        {
                                            "Worker Number": 0,
                                            "Actual Startup Time": 38.343,
                                            "Actual Total Time": 69.291,
                                            "Actual Rows": 82607,
                                            "Actual Loops": 1
                                        },
                                        {
                                            "Worker Number": 1,
                                            "Actual Startup Time": 38.591,
                                            "Actual Total Time": 69.461,
                                            "Actual Rows": 133235,
                                            "Actual Loops": 1
                                        },
                                        {
                                            "Worker Number": 2,
                                            "Actual Startup Time": 38.807,
                                            "Actual Total Time": 69.682,
                                            "Actual Rows": 133129,
                                            "Actual Loops": 1
                                        }
                                    ]
                                }
                            ]
                        }
                    ]
                }
            ]
        },
        "Planning Time": 232.272,
        "Triggers": [],
        "Execution Time": 90.189
    }
]