{
  "Plan": {
    "Node Type": "Aggregate",
    "Strategy": "Plain",
    "Partial Mode": "Finalize",
    "Parallel Aware": false,
    "Startup Cost": 109702.09,
    "Total Cost": 109702.1,
    "Plan Rows": 1,
    "Plan Width": 8,
    "Actual Startup Time": 694.02,
    "Actual Total Time": 711.552,
    "Actual Rows": 1,
    "Actual Loops": 1,
    "Plans": [
      {
        "Node Type": "Gather",
        "Parent Relationship": "Outer",
        "Parallel Aware": false,
        "Startup Cost": 109701.98,
        "Total Cost": 109702.09,
        "Plan Rows": 1,
        "Plan Width": 8,
        "Actual Startup Time": 690.785,
        "Actual Total Time": 711.545,
        "Actual Rows": 2,
        "Actual Loops": 1,
        "Workers Planned": 1,
        "Workers Launched": 1,
        "Single Copy": false,
        "Plans": [
          {
            "Node Type": "Aggregate",
            "Strategy": "Plain",
            "Partial Mode": "Partial",
            "Parent Relationship": "Outer",
            "Parallel Aware": false,
            "Startup Cost": 108701.98,
            "Total Cost": 108701.99,
            "Plan Rows": 1,
            "Plan Width": 8,
            "Actual Startup Time": 678.202,
            "Actual Total Time": 678.206,
            "Actual Rows": 1,
            "Actual Loops": 2,
            "Plans": [
              {
                "Node Type": "Hash Join",
                "Parent Relationship": "Outer",
                "Parallel Aware": true,
                "Join Type": "Inner",
                "Startup Cost": 79393.75,
                "Total Cost": 108013.43,
                "Plan Rows": 275417,
                "Plan Width": 0,
                "Actual Startup Time": 548.426,
                "Actual Total Time": 668.033,
                "Actual Rows": 228554,
                "Actual Loops": 2,
                "Inner Unique": true,
                "Hash Cond": "(mk.movie_id = t.id)",
                "Plans": [
                  {
                    "Node Type": "Bitmap Heap Scan",
                    "Parent Relationship": "Outer",
                    "Parallel Aware": true,
                    "Relation Name": "movie_keyword",
                    "Alias": "mk",
                    "Startup Cost": 9933.05,
                    "Total Cost": 37829.77,
                    "Plan Rows": 275417,
                    "Plan Width": 4,
                    "Actual Startup Time": 27.665,
                    "Actual Total Time": 86.208,
                    "Actual Rows": 228554,
                    "Actual Loops": 2,
                    "Recheck Cond": "(keyword_id > 38804)",
                    "Rows Removed by Index Recheck": 0,
                    "Exact Heap Blocks": 12906,
                    "Lossy Heap Blocks": 0,
                    "Plans": [
                      {
                        "Node Type": "Bitmap Index Scan",
                        "Parent Relationship": "Outer",
                        "Parallel Aware": false,
                        "Index Name": "keyword_id_movie_keyword",
                        "Startup Cost": 0.0,
                        "Total Cost": 9816.0,
                        "Plan Rows": 468209,
                        "Plan Width": 0,
                        "Actual Startup Time": 24.285,
                        "Actual Total Time": 24.286,
                        "Actual Rows": 457109,
                        "Actual Loops": 1,
                        "Index Cond": "(keyword_id > 38804)"
                      }
                    ]
                  },
                  {
                    "Node Type": "Hash",
                    "Parent Relationship": "Inner",
                    "Parallel Aware": true,
                    "Startup Cost": 50870.31,
                    "Total Cost": 50870.31,
                    "Plan Rows": 1487231,
                    "Plan Width": 4,
                    "Actual Startup Time": 499.601,
                    "Actual Total Time": 499.602,
                    "Actual Rows": 1264156,
                    "Actual Loops": 2,
                    "Hash Buckets": 4194304,
                    "Original Hash Buckets": 4194304,
                    "Hash Batches": 1,
                    "Original Hash Batches": 1,
                    "Peak Memory Usage": 131712,
                    "Plans": [
                      {
                        "Node Type": "Seq Scan",
                        "Parent Relationship": "Outer",
                        "Parallel Aware": true,
                        "Relation Name": "title",
                        "Alias": "t",
                        "Startup Cost": 0.0,
                        "Total Cost": 50870.31,
                        "Plan Rows": 1487231,
                        "Plan Width": 4,
                        "Actual Startup Time": 0.018,
                        "Actual Total Time": 143.464,
                        "Actual Rows": 1264156,
                        "Actual Loops": 2
                      }
                    ]
                  }
                ]
              }
            ]
          }
        ]
      }
    ]
  },
  "Planning Time": 0.66,
  "Triggers": [],
  "Execution Time": 711.64
}