{
  "Plan": {
    "Node Type": "Aggregate",
    "Strategy": "Plain",
    "Partial Mode": "Simple",
    "Parallel Aware": false,
    "Startup Cost": 71973.57,
    "Total Cost": 71973.58,
    "Plan Rows": 1,
    "Plan Width": 96,
    "Actual Startup Time": 350.627,
    "Actual Total Time": 362.388,
    "Actual Rows": 1,
    "Actual Loops": 1,
    "Plans": [
      {
        "Node Type": "Gather",
        "Parent Relationship": "Outer",
        "Parallel Aware": false,
        "Startup Cost": 71973.43,
        "Total Cost": 71973.56,
        "Plan Rows": 1,
        "Plan Width": 48,
        "Actual Startup Time": 322.557,
        "Actual Total Time": 362.369,
        "Actual Rows": 38,
        "Actual Loops": 1,
        "Workers Planned": 1,
        "Workers Launched": 1,
        "Single Copy": false,
        "Plans": [
          {
            "Node Type": "Merge Join",
            "Parent Relationship": "Outer",
            "Parallel Aware": false,
            "Join Type": "Inner",
            "Startup Cost": 70973.43,
            "Total Cost": 70973.46,
            "Plan Rows": 1,
            "Plan Width": 48,
            "Actual Startup Time": 328.683,
            "Actual Total Time": 328.7,
            "Actual Rows": 19,
            "Actual Loops": 2,
            "Inner Unique": true,
            "Merge Cond": "(mc.company_type_id = ct.id)",
            "Plans": [
              {
                "Node Type": "Sort",
                "Parent Relationship": "Outer",
                "Parallel Aware": false,
                "Startup Cost": 70972.37,
                "Total Cost": 70972.38,
                "Plan Rows": 1,
                "Plan Width": 52,
                "Actual Startup Time": 328.671,
                "Actual Total Time": 328.684,
                "Actual Rows": 19,
                "Actual Loops": 2,
                "Sort Key": [
                  "mc.company_type_id"
                ],
                "Sort Method": "quicksort",
                "Sort Space Used": 30,
                "Sort Space Type": "Memory",
                "Workers": [
                  {
                    "Worker Number": 0,
                    "Sort Method": "quicksort",
                    "Sort Space Used": 25,
                    "Sort Space Type": "Memory"
                  }
                ],
                "Plans": [
                  {
                    "Node Type": "Merge Join",
                    "Parent Relationship": "Outer",
                    "Parallel Aware": false,
                    "Join Type": "Inner",
                    "Startup Cost": 35194.78,
                    "Total Cost": 70972.36,
                    "Plan Rows": 1,
                    "Plan Width": 52,
                    "Actual Startup Time": 328.561,
                    "Actual Total Time": 328.621,
                    "Actual Rows": 19,
                    "Actual Loops": 2,
                    "Inner Unique": false,
                    "Merge Cond": "(mi.movie_id = ml.movie_id)",
                    "Plans": [
                      {
                        "Node Type": "Index Scan",
                        "Parent Relationship": "Outer",
                        "Parallel Aware": true,
                        "Scan Direction": "Forward",
                        "Index Name": "movie_id_movie_info",
                        "Relation Name": "movie_info",
                        "Alias": "mi",
                        "Startup Cost": 0.43,
                        "Total Cost": 1042064.27,
                        "Plan Rows": 74926,
                        "Plan Width": 4,
                        "Actual Startup Time": 2.589,
                        "Actual Total Time": 53.489,
                        "Actual Rows": 1219,
                        "Actual Loops": 2,
                        "Filter": "(info = ANY ('{Germany,German}'::text[]))",
                        "Rows Removed by Filter": 183656
                      },
                      {
                        "Node Type": "Sort",
                        "Parent Relationship": "Inner",
                        "Parallel Aware": false,
                        "Startup Cost": 35194.34,
                        "Total Cost": 35194.35,
                        "Plan Rows": 1,
                        "Plan Width": 68,
                        "Actual Startup Time": 275.035,
                        "Actual Total Time": 275.052,
                        "Actual Rows": 92,
                        "Actual Loops": 2,
                        "Sort Key": [
                          "ml.movie_id"
                        ],
                        "Sort Method": "quicksort",
                        "Sort Space Used": 37,
                        "Sort Space Type": "Memory",
                        "Workers": [
                          {
                            "Worker Number": 0,
                            "Sort Method": "quicksort",
                            "Sort Space Used": 37,
                            "Sort Space Type": "Memory"
                          }
                        ],
                        "Plans": [
                          {
                            "Node Type": "Merge Join",
                            "Parent Relationship": "Outer",
                            "Parallel Aware": false,
                            "Join Type": "Inner",
                            "Startup Cost": 35193.59,
                            "Total Cost": 35194.33,
                            "Plan Rows": 1,
                            "Plan Width": 68,
                            "Actual Startup Time": 274.972,
                            "Actual Total Time": 275.005,
                            "Actual Rows": 92,
                            "Actual Loops": 2,
                            "Inner Unique": true,
                            "Merge Cond": "(mk.keyword_id = k.id)",
                            "Plans": [
                              {
                                "Node Type": "Sort",
                                "Parent Relationship": "Outer",
                                "Parallel Aware": false,
                                "Startup Cost": 32567.45,
                                "Total Cost": 32567.81,
                                "Plan Rows": 147,
                                "Plan Width": 72,
                                "Actual Startup Time": 263.066,
                                "Actual Total Time": 263.113,
                                "Actual Rows": 569,
                                "Actual Loops": 2,
                                "Sort Key": [
                                  "mk.keyword_id"
                                ],
                                "Sort Method": "quicksort",
                                "Sort Space Used": 311,
                                "Sort Space Type": "Memory",
                                "Workers": [
                                  {
                                    "Worker Number": 0,
                                    "Sort Method": "quicksort",
                                    "Sort Space Used": 311,
                                    "Sort Space Type": "Memory"
                                  }
                                ],
                                "Plans": [
                                  {
                                    "Node Type": "Merge Join",
                                    "Parent Relationship": "Outer",
                                    "Parallel Aware": false,
                                    "Join Type": "Inner",
                                    "Startup Cost": 28534.19,
                                    "Total Cost": 32562.15,
                                    "Plan Rows": 147,
                                    "Plan Width": 72,
                                    "Actual Startup Time": 243.072,
                                    "Actual Total Time": 262.337,
                                    "Actual Rows": 1868,
                                    "Actual Loops": 2,
                                    "Inner Unique": false,
                                    "Merge Cond": "(mk.movie_id = ml.movie_id)",
                                    "Plans": [
                                      {
                                        "Node Type": "Index Scan",
                                        "Parent Relationship": "Outer",
                                        "Parallel Aware": false,
                                        "Scan Direction": "Forward",
                                        "Index Name": "movie_id_movie_keyword",
                                        "Relation Name": "movie_keyword",
                                        "Alias": "mk",
                                        "Startup Cost": 0.43,
                                        "Total Cost": 177148.48,
                                        "Plan Rows": 4523930,
                                        "Plan Width": 8,
                                        "Actual Startup Time": 0.078,
                                        "Actual Total Time": 12.912,
                                        "Actual Rows": 82171,
                                        "Actual Loops": 2
                                      },
                                      {
                                        "Node Type": "Sort",
                                        "Parent Relationship": "Inner",
                                        "Parallel Aware": false,
                                        "Startup Cost": 28533.75,
                                        "Total Cost": 28533.96,
                                        "Plan Rows": 82,
                                        "Plan Width": 64,
                                        "Actual Startup Time": 242.718,
                                        "Actual Total Time": 242.836,
                                        "Actual Rows": 1986,
                                        "Actual Loops": 2,
                                        "Sort Key": [
                                          "ml.movie_id"
                                        ],
                                        "Sort Method": "quicksort",
                                        "Sort Space Used": 92,
                                        "Sort Space Type": "Memory",
                                        "Workers": [
                                          {
                                            "Worker Number": 0,
                                            "Sort Method": "quicksort",
                                            "Sort Space Used": 92,
                                            "Sort Space Type": "Memory"
                                          }
                                        ],
                                        "Plans": [
                                          {
                                            "Node Type": "Merge Join",
                                            "Parent Relationship": "Outer",
                                            "Parallel Aware": false,
                                            "Join Type": "Inner",
                                            "Startup Cost": 28252.88,
                                            "Total Cost": 28531.15,
                                            "Plan Rows": 82,
                                            "Plan Width": 64,
                                            "Actual Startup Time": 239.085,
                                            "Actual Total Time": 242.566,
                                            "Actual Rows": 483,
                                            "Actual Loops": 2,
                                            "Inner Unique": true,
                                            "Merge Cond": "(mc.company_id = cn.id)",
                                            "Plans": [
                                              {
                                                "Node Type": "Sort",
                                                "Parent Relationship": "Outer",
                                                "Parallel Aware": false,
                                                "Startup Cost": 16798.84,
                                                "Total Cost": 16799.71,
                                                "Plan Rows": 348,
                                                "Plan Width": 49,
                                                "Actual Startup Time": 163.878,
                                                "Actual Total Time": 164.046,
                                                "Actual Rows": 1989,
                                                "Actual Loops": 2,
                                                "Sort Key": [
                                                  "mc.company_id"
                                                ],
                                                "Sort Method": "quicksort",
                                                "Sort Space Used": 250,
                                                "Sort Space Type": "Memory",
                                                "Workers": [
                                                  {
                                                    "Worker Number": 0,
                                                    "Sort Method": "quicksort",
                                                    "Sort Space Used": 250,
                                                    "Sort Space Type": "Memory"
                                                  }
                                                ],
                                                "Plans": [
                                                  {
                                                    "Node Type": "Merge Join",
                                                    "Parent Relationship": "Outer",
                                                    "Parallel Aware": false,
                                                    "Join Type": "Inner",
                                                    "Startup Cost": 1619.28,
                                                    "Total Cost": 16784.15,
                                                    "Plan Rows": 348,
                                                    "Plan Width": 49,
                                                    "Actual Startup Time": 7.862,
                                                    "Actual Total Time": 163.008,
                                                    "Actual Rows": 1989,
                                                    "Actual Loops": 2,
                                                    "Inner Unique": false,
                                                    "Merge Cond": "(ml.movie_id = mc.movie_id)",
                                                    "Plans": [
                                                      {
                                                        "Node Type": "Merge Join",
                                                        "Parent Relationship": "Outer",
                                                        "Parallel Aware": false,
                                                        "Join Type": "Inner",
                                                        "Startup Cost": 1618.85,
                                                        "Total Cost": 11157.7,
                                                        "Plan Rows": 693,
                                                        "Plan Width": 37,
                                                        "Actual Startup Time": 7.684,
                                                        "Actual Total Time": 129.119,
                                                        "Actual Rows": 1007,
                                                        "Actual Loops": 2,
                                                        "Inner Unique": false,
                                                        "Merge Cond": "(t.id = ml.movie_id)",
                                                        "Plans": [
                                                          {
                                                            "Node Type": "Index Scan",
                                                            "Parent Relationship": "Outer",
                                                            "Parallel Aware": false,
                                                            "Scan Direction": "Forward",
                                                            "Index Name": "title_pkey",
                                                            "Relation Name": "title",
                                                            "Alias": "t",
                                                            "Startup Cost": 0.43,
                                                            "Total Cost": 123001.61,
                                                            "Plan Rows": 1051436,
                                                            "Plan Width": 21,
                                                            "Actual Startup Time": 0.14,
                                                            "Actual Total Time": 117.828,
                                                            "Actual Rows": 90437,
                                                            "Actual Loops": 2,
                                                            "Filter": "((production_year >= 2000) AND (production_year <= 2010))",
                                                            "Rows Removed by Filter": 95739
                                                          },
                                                          {
                                                            "Node Type": "Sort",
                                                            "Parent Relationship": "Inner",
                                                            "Parallel Aware": false,
                                                            "Startup Cost": 1618.42,
                                                            "Total Cost": 1622.58,
                                                            "Plan Rows": 1666,
                                                            "Plan Width": 16,
                                                            "Actual Startup Time": 4.62,
                                                            "Actual Total Time": 4.834,
                                                            "Actual Rows": 2315,
                                                            "Actual Loops": 2,
                                                            "Sort Key": [
                                                              "ml.movie_id"
                                                            ],
                                                            "Sort Method": "quicksort",
                                                            "Sort Space Used": 205,
                                                            "Sort Space Type": "Memory",
                                                            "Workers": [
                                                              {
                                                                "Worker Number": 0,
                                                                "Sort Method": "quicksort",
                                                                "Sort Space Used": 205,
                                                                "Sort Space Type": "Memory"
                                                              }
                                                            ],
                                                            "Plans": [
                                                              {
                                                                "Node Type": "Merge Join",
                                                                "Parent Relationship": "Outer",
                                                                "Parallel Aware": false,
                                                                "Join Type": "Inner",
                                                                "Startup Cost": 0.42,
                                                                "Total Cost": 1529.27,
                                                                "Plan Rows": 1666,
                                                                "Plan Width": 16,
                                                                "Actual Startup Time": 0.121,
                                                                "Actual Total Time": 3.226,
                                                                "Actual Rows": 2315,
                                                                "Actual Loops": 2,
                                                                "Inner Unique": true,
                                                                "Merge Cond": "(ml.link_type_id = lt.id)",
                                                                "Plans": [
                                                                  {
                                                                    "Node Type": "Index Scan",
                                                                    "Parent Relationship": "Outer",
                                                                    "Parallel Aware": false,
                                                                    "Scan Direction": "Forward",
                                                                    "Index Name": "link_type_id_movie_link",
                                                                    "Relation Name": "movie_link",
                                                                    "Alias": "ml",
                                                                    "Startup Cost": 0.29,
                                                                    "Total Cost": 1425.16,
                                                                    "Plan Rows": 29997,
                                                                    "Plan Width": 8,
                                                                    "Actual Startup Time": 0.069,
                                                                    "Actual Total Time": 2.114,
                                                                    "Actual Rows": 2316,
                                                                    "Actual Loops": 2
                                                                  },
                                                                  {
                                                                    "Node Type": "Index Scan",
                                                                    "Parent Relationship": "Inner",
                                                                    "Parallel Aware": false,
                                                                    "Scan Direction": "Forward",
                                                                    "Index Name": "link_type_pkey",
                                                                    "Relation Name": "link_type",
                                                                    "Alias": "lt",
                                                                    "Startup Cost": 0.14,
                                                                    "Total Cost": 12.45,
                                                                    "Plan Rows": 1,
                                                                    "Plan Width": 16,
                                                                    "Actual Startup Time": 0.047,
                                                                    "Actual Total Time": 0.06,
                                                                    "Actual Rows": 2,
                                                                    "Actual Loops": 2,
                                                                    "Filter": "((link)::text ~~ '%follow%'::text)",
                                                                    "Rows Removed by Filter": 16
                                                                  }
                                                                ]
                                                              }
                                                            ]
                                                          }
                                                        ]
                                                      },
                                                      {
                                                        "Node Type": "Index Scan",
                                                        "Parent Relationship": "Inner",
                                                        "Parallel Aware": false,
                                                        "Scan Direction": "Forward",
                                                        "Index Name": "movie_id_movie_companies",
                                                        "Relation Name": "movie_companies",
                                                        "Alias": "mc",
                                                        "Startup Cost": 0.43,
                                                        "Total Cost": 140404.76,
                                                        "Plan Rows": 1269863,
                                                        "Plan Width": 12,
                                                        "Actual Startup Time": 0.059,
                                                        "Actual Total Time": 30.305,
                                                        "Actual Rows": 50780,
                                                        "Actual Loops": 2,
                                                        "Filter": "(note IS NULL)",
                                                        "Rows Removed by Filter": 52038
                                                      }
                                                    ]
                                                  }
                                                ]
                                              },
                                              {
                                                "Node Type": "Sort",
                                                "Parent Relationship": "Inner",
                                                "Parallel Aware": false,
                                                "Startup Cost": 11453.99,
                                                "Total Cost": 11591.95,
                                                "Plan Rows": 55187,
                                                "Plan Width": 23,
                                                "Actual Startup Time": 75.044,
                                                "Actual Total Time": 76.734,
                                                "Actual Rows": 14201,
                                                "Actual Loops": 2,
                                                "Sort Key": [
                                                  "cn.id"
                                                ],
                                                "Sort Method": "quicksort",
                                                "Sort Space Used": 5023,
                                                "Sort Space Type": "Memory",
                                                "Workers": [
                                                  {
                                                    "Worker Number": 0,
                                                    "Sort Method": "quicksort",
                                                    "Sort Space Used": 5023,
                                                    "Sort Space Type": "Memory"
                                                  }
                                                ],
                                                "Plans": [
                                                  {
                                                    "Node Type": "Seq Scan",
                                                    "Parent Relationship": "Outer",
                                                    "Parallel Aware": false,
                                                    "Relation Name": "company_name",
                                                    "Alias": "cn",
                                                    "Startup Cost": 0.0,
                                                    "Total Cost": 7107.45,
                                                    "Plan Rows": 55187,
                                                    "Plan Width": 23,
                                                    "Actual Startup Time": 0.041,
                                                    "Actual Total Time": 57.606,
                                                    "Actual Rows": 48302,
                                                    "Actual Loops": 2,
                                                    "Filter": "(((country_code)::text <> '[pl]'::text) AND ((name ~~ '%Film%'::text) OR (name ~~ '%Warner%'::text)))",
                                                    "Rows Removed by Filter": 186695
                                                  }
                                                ]
                                              }
                                            ]
                                          }
                                        ]
                                      }
                                    ]
                                  }
                                ]
                              },
                              {
                                "Node Type": "Sort",
                                "Parent Relationship": "Inner",
                                "Parallel Aware": false,
                                "Startup Cost": 2626.14,
                                "Total Cost": 2626.14,
                                "Plan Rows": 1,
                                "Plan Width": 4,
                                "Actual Startup Time": 11.822,
                                "Actual Total Time": 11.822,
                                "Actual Rows": 1,
                                "Actual Loops": 2,
                                "Sort Key": [
                                  "k.id"
                                ],
                                "Sort Method": "quicksort",
                                "Sort Space Used": 25,
                                "Sort Space Type": "Memory",
                                "Workers": [
                                  {
                                    "Worker Number": 0,
                                    "Sort Method": "quicksort",
                                    "Sort Space Used": 25,
                                    "Sort Space Type": "Memory"
                                  }
                                ],
                                "Plans": [
                                  {
                                    "Node Type": "Seq Scan",
                                    "Parent Relationship": "Outer",
                                    "Parallel Aware": false,
                                    "Relation Name": "keyword",
                                    "Alias": "k",
                                    "Startup Cost": 0.0,
                                    "Total Cost": 2626.12,
                                    "Plan Rows": 1,
                                    "Plan Width": 4,
                                    "Actual Startup Time": 0.677,
                                    "Actual Total Time": 11.814,
                                    "Actual Rows": 1,
                                    "Actual Loops": 2,
                                    "Filter": "(keyword = 'sequel'::text)",
                                    "Rows Removed by Filter": 134169
                                  }
                                ]
                              }
                            ]
                          }
                        ]
                      }
                    ]
                  }
                ]
              },
              {
                "Node Type": "Sort",
                "Parent Relationship": "Inner",
                "Parallel Aware": false,
                "Startup Cost": 1.06,
                "Total Cost": 1.06,
                "Plan Rows": 1,
                "Plan Width": 4,
                "Actual Startup Time": 0.02,
                "Actual Total Time": 0.02,
                "Actual Rows": 1,
                "Actual Loops": 1,
                "Sort Key": [
                  "ct.id"
                ],
                "Sort Method": "quicksort",
                "Sort Space Used": 25,
                "Sort Space Type": "Memory",
                "Plans": [
                  {
                    "Node Type": "Seq Scan",
                    "Parent Relationship": "Outer",
                    "Parallel Aware": false,
                    "Relation Name": "company_type",
                    "Alias": "ct",
                    "Startup Cost": 0.0,
                    "Total Cost": 1.05,
                    "Plan Rows": 1,
                    "Plan Width": 4,
                    "Actual Startup Time": 0.013,
                    "Actual Total Time": 0.013,
                    "Actual Rows": 1,
                    "Actual Loops": 1,
                    "Filter": "((kind)::text = 'production companies'::text)",
                    "Rows Removed by Filter": 3
                  }
                ]
              }
            ]
          }
        ]
      }
    ]
  },
  "Planning Time": 3.131,
  "Triggers": [],
  "Execution Time": 362.589
}