[
  {
    "Plan": {
      "Node Type": "Aggregate",
      "Strategy": "Plain",
      "Partial Mode": "Finalize",
      "Parallel Aware": false,
      "Startup Cost": 292901.59,
      "Total Cost": 292901.6,
      "Plan Rows": 1,
      "Plan Width": 8,
      "Actual Startup Time": 1659.924,
      "Actual Total Time": 1707.799,
      "Actual Rows": 1,
      "Actual Loops": 1,
      "Plans": [
        {
          "Node Type": "Gather",
          "Parent Relationship": "Outer",
          "Parallel Aware": false,
          "Startup Cost": 292901.07,
          "Total Cost": 292901.58,
          "Plan Rows": 5,
          "Plan Width": 8,
          "Actual Startup Time": 1647.677,
          "Actual Total Time": 1707.786,
          "Actual Rows": 6,
          "Actual Loops": 1,
          "Workers Planned": 5,
          "Workers Launched": 5,
          "Single Copy": false,
          "Plans": [
            {
              "Node Type": "Aggregate",
              "Strategy": "Plain",
              "Partial Mode": "Partial",
              "Parent Relationship": "Outer",
              "Parallel Aware": false,
              "Startup Cost": 291901.07,
              "Total Cost": 291901.08,
              "Plan Rows": 1,
              "Plan Width": 8,
              "Actual Startup Time": 1636.958,
              "Actual Total Time": 1637.032,
              "Actual Rows": 1,
              "Actual Loops": 6,
              "Plans": [
                {
                  "Node Type": "Hash Join",
                  "Parent Relationship": "Outer",
                  "Parallel Aware": true,
                  "Join Type": "Inner",
                  "Startup Cost": 84020.41,
                  "Total Cost": 289284.78,
                  "Plan Rows": 1046515,
                  "Plan Width": 0,
                  "Actual Startup Time": 325.836,
                  "Actual Total Time": 1422.402,
                  "Actual Rows": 5291732,
                  "Actual Loops": 6,
                  "Inner Unique": false,
                  "Hash Cond": "(mi.movie_id = t.id)",
                  "Plans": [
                    {
                      "Node Type": "Seq Scan",
                      "Parent Relationship": "Outer",
                      "Parallel Aware": true,
                      "Relation Name": "movie_info",
                      "Alias": "mi",
                      "Startup Cost": 0.0,
                      "Total Cost": 191560.33,
                      "Plan Rows": 2956733,
                      "Plan Width": 4,
                      "Actual Startup Time": 0.017,
                      "Actual Total Time": 297.378,
                      "Actual Rows": 2472620,
                      "Actual Loops": 6
                    },
                    {
                      "Node Type": "Hash",
                      "Parent Relationship": "Inner",
                      "Parallel Aware": true,
                      "Startup Cost": 81223.94,
                      "Total Cost": 81223.94,
                      "Plan Rows": 223718,
                      "Plan Width": 8,
                      "Actual Startup Time": 321.095,
                      "Actual Total Time": 321.168,
                      "Actual Rows": 120815,
                      "Actual Loops": 6,
                      "Hash Buckets": 1048576,
                      "Original Hash Buckets": 1048576,
                      "Hash Batches": 1,
                      "Original Hash Batches": 1,
                      "Peak Memory Usage": 36640,
                      "Plans": [
                        {
                          "Node Type": "Hash Join",
                          "Parent Relationship": "Outer",
                          "Parallel Aware": true,
                          "Join Type": "Inner",
                          "Startup Cost": 35023.17,
                          "Total Cost": 81223.94,
                          "Plan Rows": 223718,
                          "Plan Width": 8,
                          "Actual Startup Time": 113.049,
                          "Actual Total Time": 279.564,
                          "Actual Rows": 120815,
                          "Actual Loops": 6,
                          "Inner Unique": false,
                          "Hash Cond": "(t.id = mc.movie_id)",
                          "Plans": [
                            {
                              "Node Type": "Seq Scan",
                              "Parent Relationship": "Outer",
                              "Parallel Aware": true,
                              "Relation Name": "title",
                              "Alias": "t",
                              "Startup Cost": 0.0,
                              "Total Cost": 42318.73,
                              "Plan Rows": 632073,
                              "Plan Width": 4,
                              "Actual Startup Time": 0.014,
                              "Actual Total Time": 57.493,
                              "Actual Rows": 421385,
                              "Actual Loops": 6
                            },
                            {
                              "Node Type": "Hash",
                              "Parent Relationship": "Inner",
                              "Parallel Aware": true,
                              "Startup Cost": 31414.82,
                              "Total Cost": 31414.82,
                              "Plan Rows": 288668,
                              "Plan Width": 4,
                              "Actual Startup Time": 111.094,
                              "Actual Total Time": 111.095,
                              "Actual Rows": 120815,
                              "Actual Loops": 6,
                              "Hash Buckets": 1048576,
                              "Original Hash Buckets": 1048576,
                              "Hash Batches": 1,
                              "Original Hash Batches": 1,
                              "Peak Memory Usage": 36640,
                              "Plans": [
                                {
                                  "Node Type": "Seq Scan",
                                  "Parent Relationship": "Outer",
                                  "Parallel Aware": true,
                                  "Relation Name": "movie_companies",
                                  "Alias": "mc",
                                  "Startup Cost": 0.0,
                                  "Total Cost": 31414.82,
                                  "Plan Rows": 288668,
                                  "Plan Width": 4,
                                  "Actual Startup Time": 1.04,
                                  "Actual Total Time": 63.506,
                                  "Actual Rows": 120815,
                                  "Actual Loops": 6,
                                  "Filter": "((company_id > 1684) AND (company_type_id < 2))",
                                  "Rows Removed by Filter": 314040
                                }
                              ]
                            }
                          ]
                        }
                      ]
                    }
                  ]
                }
              ]
            }
          ]
        }
      ]
    },
    "Planning Time": 1.387,
    "Triggers": [],
    "Execution Time": 1707.899
  }
]