{
  "Plan": {
    "Node Type": "Aggregate",
    "Strategy": "Plain",
    "Partial Mode": "Finalize",
    "Parallel Aware": false,
    "Startup Cost": 589005.43,
    "Total Cost": 589005.44,
    "Plan Rows": 1,
    "Plan Width": 8,
    "Actual Startup Time": 2879.425,
    "Actual Total Time": 2941.012,
    "Actual Rows": 1,
    "Actual Loops": 1,
    "Plans": [
      {
        "Node Type": "Gather",
        "Parent Relationship": "Outer",
        "Parallel Aware": false,
        "Startup Cost": 589005.32,
        "Total Cost": 589005.43,
        "Plan Rows": 1,
        "Plan Width": 8,
        "Actual Startup Time": 2878.901,
        "Actual Total Time": 2941.002,
        "Actual Rows": 2,
        "Actual Loops": 1,
        "Workers Planned": 1,
        "Workers Launched": 1,
        "Single Copy": false,
        "Plans": [
          {
            "Node Type": "Aggregate",
            "Strategy": "Plain",
            "Partial Mode": "Partial",
            "Parent Relationship": "Outer",
            "Parallel Aware": false,
            "Startup Cost": 588005.32,
            "Total Cost": 588005.33,
            "Plan Rows": 1,
            "Plan Width": 8,
            "Actual Startup Time": 2872.9,
            "Actual Total Time": 2872.904,
            "Actual Rows": 1,
            "Actual Loops": 2,
            "Plans": [
              {
                "Node Type": "Hash Join",
                "Parent Relationship": "Outer",
                "Parallel Aware": true,
                "Join Type": "Inner",
                "Startup Cost": 39350.03,
                "Total Cost": 586908.28,
                "Plan Rows": 438816,
                "Plan Width": 0,
                "Actual Startup Time": 566.596,
                "Actual Total Time": 2849.794,
                "Actual Rows": 472523,
                "Actual Loops": 2,
                "Inner Unique": true,
                "Hash Cond": "(ci.movie_id = t.id)",
                "Plans": [
                  {
                    "Node Type": "Seq Scan",
                    "Parent Relationship": "Outer",
                    "Parallel Aware": true,
                    "Relation Name": "cast_info",
                    "Alias": "ci",
                    "Startup Cost": 0.0,
                    "Total Cost": 519069.44,
                    "Plan Rows": 10852861,
                    "Plan Width": 4,
                    "Actual Startup Time": 497.368,
                    "Actual Total Time": 1620.607,
                    "Actual Rows": 9211725,
                    "Actual Loops": 2,
                    "Filter": "(person_id > 1765698)",
                    "Rows Removed by Filter": 8910447
                  },
                  {
                    "Node Type": "Hash",
                    "Parent Relationship": "Inner",
                    "Parallel Aware": true,
                    "Startup Cost": 38598.36,
                    "Total Cost": 38598.36,
                    "Plan Rows": 60134,
                    "Plan Width": 4,
                    "Actual Startup Time": 66.799,
                    "Actual Total Time": 66.8,
                    "Actual Rows": 50268,
                    "Actual Loops": 2,
                    "Hash Buckets": 131072,
                    "Original Hash Buckets": 131072,
                    "Hash Batches": 1,
                    "Original Hash Batches": 1,
                    "Peak Memory Usage": 4992,
                    "Plans": [
                      {
                        "Node Type": "Bitmap Heap Scan",
                        "Parent Relationship": "Outer",
                        "Parallel Aware": true,
                        "Relation Name": "title",
                        "Alias": "t",
                        "Startup Cost": 1848.69,
                        "Total Cost": 38598.36,
                        "Plan Rows": 60134,
                        "Plan Width": 4,
                        "Actual Startup Time": 14.259,
                        "Actual Total Time": 52.059,
                        "Actual Rows": 50268,
                        "Actual Loops": 2,
                        "Recheck Cond": "(kind_id = 3)",
                        "Rows Removed by Index Recheck": 0,
                        "Exact Heap Blocks": 8956,
                        "Lossy Heap Blocks": 0,
                        "Plans": [
                          {
                            "Node Type": "Bitmap Index Scan",
                            "Parent Relationship": "Outer",
                            "Parallel Aware": false,
                            "Index Name": "kind_id_title",
                            "Startup Cost": 0.0,
                            "Total Cost": 1823.13,
                            "Plan Rows": 102227,
                            "Plan Width": 0,
                            "Actual Startup Time": 13.819,
                            "Actual Total Time": 13.819,
                            "Actual Rows": 100537,
                            "Actual Loops": 1,
                            "Index Cond": "(kind_id = 3)"
                          }
                        ]
                      }
                    ]
                  }
                ]
              }
            ]
          }
        ]
      }
    ]
  },
  "Planning Time": 0.615,
  "Triggers": [],
  "Execution Time": 2941.118
}