[
  {
    "Plan": {
      "Node Type": "Aggregate",
      "Strategy": "Plain",
      "Partial Mode": "Finalize",
      "Parallel Aware": false,
      "Startup Cost": 91948.25,
      "Total Cost": 91948.26,
      "Plan Rows": 1,
      "Plan Width": 8,
      "Actual Startup Time": 552.739,
      "Actual Total Time": 571.669,
      "Actual Rows": 1,
      "Actual Loops": 1,
      "Plans": [
        {
          "Node Type": "Gather",
          "Parent Relationship": "Outer",
          "Parallel Aware": false,
          "Startup Cost": 91947.93,
          "Total Cost": 91948.24,
          "Plan Rows": 3,
          "Plan Width": 8,
          "Actual Startup Time": 538.795,
          "Actual Total Time": 571.66,
          "Actual Rows": 4,
          "Actual Loops": 1,
          "Workers Planned": 3,
          "Workers Launched": 3,
          "Single Copy": false,
          "Plans": [
            {
              "Node Type": "Aggregate",
              "Strategy": "Plain",
              "Partial Mode": "Partial",
              "Parent Relationship": "Outer",
              "Parallel Aware": false,
              "Startup Cost": 90947.93,
              "Total Cost": 90947.94,
              "Plan Rows": 1,
              "Plan Width": 8,
              "Actual Startup Time": 528.654,
              "Actual Total Time": 528.658,
              "Actual Rows": 1,
              "Actual Loops": 4,
              "Plans": [
                {
                  "Node Type": "Hash Join",
                  "Parent Relationship": "Outer",
                  "Parallel Aware": true,
                  "Join Type": "Inner",
                  "Startup Cost": 63053.94,
                  "Total Cost": 90459.99,
                  "Plan Rows": 195177,
                  "Plan Width": 0,
                  "Actual Startup Time": 404.323,
                  "Actual Total Time": 520.237,
                  "Actual Rows": 152382,
                  "Actual Loops": 4,
                  "Inner Unique": true,
                  "Hash Cond": "(mk.movie_id = t.id)",
                  "Plans": [
                    {
                      "Node Type": "Bitmap Heap Scan",
                      "Parent Relationship": "Outer",
                      "Parallel Aware": true,
                      "Relation Name": "movie_keyword",
                      "Alias": "mk",
                      "Startup Cost": 12833.55,
                      "Total Cost": 39727.26,
                      "Plan Rows": 195177,
                      "Plan Width": 4,
                      "Actual Startup Time": 36.434,
                      "Actual Total Time": 99.877,
                      "Actual Rows": 152382,
                      "Actual Loops": 4,
                      "Recheck Cond": "(keyword_id > 30287)",
                      "Rows Removed by Index Recheck": 0,
                      "Exact Heap Blocks": 8814,
                      "Lossy Heap Blocks": 0,
                      "Plans": [
                        {
                          "Node Type": "Bitmap Index Scan",
                          "Parent Relationship": "Outer",
                          "Parallel Aware": false,
                          "Index Name": "keyword_id_movie_keyword",
                          "Startup Cost": 0.0,
                          "Total Cost": 12682.29,
                          "Plan Rows": 605048,
                          "Plan Width": 0,
                          "Actual Startup Time": 33.008,
                          "Actual Total Time": 33.009,
                          "Actual Rows": 609530,
                          "Actual Loops": 1,
                          "Index Cond": "(keyword_id > 30287)"
                        }
                      ]
                    },
                    {
                      "Node Type": "Hash",
                      "Parent Relationship": "Inner",
                      "Parallel Aware": true,
                      "Startup Cost": 42319.06,
                      "Total Cost": 42319.06,
                      "Plan Rows": 632106,
                      "Plan Width": 4,
                      "Actual Startup Time": 360.628,
                      "Actual Total Time": 360.629,
                      "Actual Rows": 632078,
                      "Actual Loops": 4,
                      "Hash Buckets": 4194304,
                      "Original Hash Buckets": 4194304,
                      "Hash Batches": 1,
                      "Original Hash Batches": 1,
                      "Peak Memory Usage": 131744,
                      "Plans": [
                        {
                          "Node Type": "Seq Scan",
                          "Parent Relationship": "Outer",
                          "Parallel Aware": true,
                          "Relation Name": "title",
                          "Alias": "t",
                          "Startup Cost": 0.0,
                          "Total Cost": 42319.06,
                          "Plan Rows": 632106,
                          "Plan Width": 4,
                          "Actual Startup Time": 0.031,
                          "Actual Total Time": 109.76,
                          "Actual Rows": 632078,
                          "Actual Loops": 4
                        }
                      ]
                    }
                  ]
                }
              ]
            }
          ]
        }
      ]
    },
    "Planning Time": 0.244,
    "Triggers": [],
    "Execution Time": 571.71
  }
]