[
  {
    "Plan": {
      "Node Type": "Aggregate",
      "Strategy": "Plain",
      "Partial Mode": "Finalize",
      "Parallel Aware": false,
      "Startup Cost": 92322.42,
      "Total Cost": 92322.43,
      "Plan Rows": 1,
      "Plan Width": 8,
      "Actual Startup Time": 526.345,
      "Actual Total Time": 543.597,
      "Actual Rows": 1,
      "Actual Loops": 1,
      "Plans": [
        {
          "Node Type": "Gather",
          "Parent Relationship": "Outer",
          "Parallel Aware": false,
          "Startup Cost": 92322.11,
          "Total Cost": 92322.42,
          "Plan Rows": 3,
          "Plan Width": 8,
          "Actual Startup Time": 514.558,
          "Actual Total Time": 543.582,
          "Actual Rows": 4,
          "Actual Loops": 1,
          "Workers Planned": 3,
          "Workers Launched": 3,
          "Single Copy": false,
          "Plans": [
            {
              "Node Type": "Aggregate",
              "Strategy": "Plain",
              "Partial Mode": "Partial",
              "Parent Relationship": "Outer",
              "Parallel Aware": false,
              "Startup Cost": 91322.11,
              "Total Cost": 91322.12,
              "Plan Rows": 1,
              "Plan Width": 8,
              "Actual Startup Time": 495.909,
              "Actual Total Time": 495.913,
              "Actual Rows": 1,
              "Actual Loops": 4,
              "Plans": [
                {
                  "Node Type": "Hash Join",
                  "Parent Relationship": "Outer",
                  "Parallel Aware": true,
                  "Join Type": "Inner",
                  "Startup Cost": 63349.02,
                  "Total Cost": 90822.94,
                  "Plan Rows": 199665,
                  "Plan Width": 0,
                  "Actual Startup Time": 382.828,
                  "Actual Total Time": 488.313,
                  "Actual Rows": 152382,
                  "Actual Loops": 4,
                  "Inner Unique": true,
                  "Hash Cond": "(mk.movie_id = t.id)",
                  "Plans": [
                    {
                      "Node Type": "Bitmap Heap Scan",
                      "Parent Relationship": "Outer",
                      "Parallel Aware": true,
                      "Relation Name": "movie_keyword",
                      "Alias": "mk",
                      "Startup Cost": 13129.37,
                      "Total Cost": 40079.18,
                      "Plan Rows": 199665,
                      "Plan Width": 4,
                      "Actual Startup Time": 41.257,
                      "Actual Total Time": 97.901,
                      "Actual Rows": 152382,
                      "Actual Loops": 4,
                      "Recheck Cond": "(keyword_id > 30287)",
                      "Rows Removed by Index Recheck": 0,
                      "Exact Heap Blocks": 6805,
                      "Lossy Heap Blocks": 0,
                      "Plans": [
                        {
                          "Node Type": "Bitmap Index Scan",
                          "Parent Relationship": "Outer",
                          "Parallel Aware": false,
                          "Index Name": "keyword_id_movie_keyword",
                          "Startup Cost": 0.0,
                          "Total Cost": 12974.63,
                          "Plan Rows": 618960,
                          "Plan Width": 0,
                          "Actual Startup Time": 37.466,
                          "Actual Total Time": 37.466,
                          "Actual Rows": 609530,
                          "Actual Loops": 1,
                          "Index Cond": "(keyword_id > 30287)"
                        }
                      ]
                    },
                    {
                      "Node Type": "Hash",
                      "Parent Relationship": "Inner",
                      "Parallel Aware": true,
                      "Startup Cost": 42318.73,
                      "Total Cost": 42318.73,
                      "Plan Rows": 632073,
                      "Plan Width": 4,
                      "Actual Startup Time": 330.297,
                      "Actual Total Time": 330.298,
                      "Actual Rows": 632078,
                      "Actual Loops": 4,
                      "Hash Buckets": 4194304,
                      "Original Hash Buckets": 4194304,
                      "Hash Batches": 1,
                      "Original Hash Batches": 1,
                      "Peak Memory Usage": 131776,
                      "Plans": [
                        {
                          "Node Type": "Seq Scan",
                          "Parent Relationship": "Outer",
                          "Parallel Aware": true,
                          "Relation Name": "title",
                          "Alias": "t",
                          "Startup Cost": 0.0,
                          "Total Cost": 42318.73,
                          "Plan Rows": 632073,
                          "Plan Width": 4,
                          "Actual Startup Time": 0.046,
                          "Actual Total Time": 95.147,
                          "Actual Rows": 632078,
                          "Actual Loops": 4
                        }
                      ]
                    }
                  ]
                }
              ]
            }
          ]
        }
      ]
    },
    "Planning Time": 0.587,
    "Triggers": [],
    "Execution Time": 543.688
  }
]