[
  {
    "Plan": {
      "Node Type": "Aggregate",
      "Strategy": "Plain",
      "Partial Mode": "Finalize",
      "Parallel Aware": false,
      "Startup Cost": 46732.45,
      "Total Cost": 46732.46,
      "Plan Rows": 1,
      "Plan Width": 8,
      "Actual Startup Time": 104.509,
      "Actual Total Time": 117.158,
      "Actual Rows": 1,
      "Actual Loops": 1,
      "Plans": [
        {
          "Node Type": "Gather",
          "Parent Relationship": "Outer",
          "Parallel Aware": false,
          "Startup Cost": 46732.03,
          "Total Cost": 46732.44,
          "Plan Rows": 4,
          "Plan Width": 8,
          "Actual Startup Time": 104.34,
          "Actual Total Time": 117.146,
          "Actual Rows": 5,
          "Actual Loops": 1,
          "Workers Planned": 4,
          "Workers Launched": 4,
          "Single Copy": false,
          "Plans": [
            {
              "Node Type": "Aggregate",
              "Strategy": "Plain",
              "Partial Mode": "Partial",
              "Parent Relationship": "Outer",
              "Parallel Aware": false,
              "Startup Cost": 45732.03,
              "Total Cost": 45732.04,
              "Plan Rows": 1,
              "Plan Width": 8,
              "Actual Startup Time": 95.639,
              "Actual Total Time": 95.641,
              "Actual Rows": 1,
              "Actual Loops": 5,
              "Plans": [
                {
                  "Node Type": "Seq Scan",
                  "Parent Relationship": "Outer",
                  "Parallel Aware": true,
                  "Relation Name": "title",
                  "Alias": "t",
                  "Startup Cost": 0.0,
                  "Total Cost": 45479.59,
                  "Plan Rows": 100978,
                  "Plan Width": 0,
                  "Actual Startup Time": 47.531,
                  "Actual Total Time": 92.909,
                  "Actual Rows": 59354,
                  "Actual Loops": 5,
                  "Filter": "((production_year > 1997) AND (kind_id = 1))",
                  "Rows Removed by Filter": 446309
                }
              ]
            }
          ]
        }
      ]
    },
    "Planning Time": 0.161,
    "Triggers": [],
    "Execution Time": 117.212
  }
]