{
  "Plan": {
    "Node Type": "Aggregate",
    "Strategy": "Plain",
    "Partial Mode": "Finalize",
    "Parallel Aware": false,
    "Startup Cost": 632262.26,
    "Total Cost": 632262.27,
    "Plan Rows": 1,
    "Plan Width": 8,
    "Actual Startup Time": 4975.038,
    "Actual Total Time": 5030.414,
    "Actual Rows": 1,
    "Actual Loops": 1,
    "Plans": [
      {
        "Node Type": "Gather",
        "Parent Relationship": "Outer",
        "Parallel Aware": false,
        "Startup Cost": 632262.14,
        "Total Cost": 632262.25,
        "Plan Rows": 1,
        "Plan Width": 8,
        "Actual Startup Time": 4973.556,
        "Actual Total Time": 5030.404,
        "Actual Rows": 2,
        "Actual Loops": 1,
        "Workers Planned": 1,
        "Workers Launched": 1,
        "Single Copy": false,
        "Plans": [
          {
            "Node Type": "Aggregate",
            "Strategy": "Plain",
            "Partial Mode": "Partial",
            "Parent Relationship": "Outer",
            "Parallel Aware": false,
            "Startup Cost": 631262.14,
            "Total Cost": 631262.15,
            "Plan Rows": 1,
            "Plan Width": 8,
            "Actual Startup Time": 4968.19,
            "Actual Total Time": 4968.194,
            "Actual Rows": 1,
            "Actual Loops": 2,
            "Plans": [
              {
                "Node Type": "Hash Join",
                "Parent Relationship": "Outer",
                "Parallel Aware": true,
                "Join Type": "Inner",
                "Startup Cost": 61823.03,
                "Total Cost": 623573.13,
                "Plan Rows": 3075605,
                "Plan Width": 0,
                "Actual Startup Time": 236.097,
                "Actual Total Time": 4844.4,
                "Actual Rows": 3033600,
                "Actual Loops": 2,
                "Inner Unique": true,
                "Hash Cond": "(ci.movie_id = t.id)",
                "Plans": [
                  {
                    "Node Type": "Seq Scan",
                    "Parent Relationship": "Outer",
                    "Parallel Aware": true,
                    "Relation Name": "cast_info",
                    "Alias": "ci",
                    "Startup Cost": 0.0,
                    "Total Cost": 519069.44,
                    "Plan Rows": 16259274,
                    "Plan Width": 4,
                    "Actual Startup Time": 0.016,
                    "Actual Total Time": 1939.797,
                    "Actual Rows": 13879015,
                    "Actual Loops": 2,
                    "Filter": "(role_id < 6)",
                    "Rows Removed by Filter": 4243157
                  },
                  {
                    "Node Type": "Hash",
                    "Parent Relationship": "Inner",
                    "Parallel Aware": true,
                    "Startup Cost": 58306.47,
                    "Total Cost": 58306.47,
                    "Plan Rows": 281325,
                    "Plan Width": 4,
                    "Actual Startup Time": 230.128,
                    "Actual Total Time": 230.129,
                    "Actual Rows": 259164,
                    "Actual Loops": 2,
                    "Hash Buckets": 524288,
                    "Original Hash Buckets": 524288,
                    "Hash Batches": 1,
                    "Original Hash Batches": 1,
                    "Peak Memory Usage": 24384,
                    "Plans": [
                      {
                        "Node Type": "Seq Scan",
                        "Parent Relationship": "Outer",
                        "Parallel Aware": true,
                        "Relation Name": "title",
                        "Alias": "t",
                        "Startup Cost": 0.0,
                        "Total Cost": 58306.47,
                        "Plan Rows": 281325,
                        "Plan Width": 4,
                        "Actual Startup Time": 0.032,
                        "Actual Total Time": 153.718,
                        "Actual Rows": 259164,
                        "Actual Loops": 2,
                        "Filter": "((production_year > 2007) AND (kind_id = 7))",
                        "Rows Removed by Filter": 1004992
                      }
                    ]
                  }
                ]
              }
            ]
          }
        ]
      }
    ]
  },
  "Planning Time": 0.595,
  "Triggers": [],
  "Execution Time": 5030.494
}