{
  "Plan": {
    "Node Type": "Aggregate",
    "Strategy": "Plain",
    "Partial Mode": "Finalize",
    "Parallel Aware": false,
    "Startup Cost": 588345.91,
    "Total Cost": 588345.92,
    "Plan Rows": 1,
    "Plan Width": 8,
    "Actual Startup Time": 4671.392,
    "Actual Total Time": 4731.453,
    "Actual Rows": 1,
    "Actual Loops": 1,
    "Plans": [
      {
        "Node Type": "Gather",
        "Parent Relationship": "Outer",
        "Parallel Aware": false,
        "Startup Cost": 588345.8,
        "Total Cost": 588345.91,
        "Plan Rows": 1,
        "Plan Width": 8,
        "Actual Startup Time": 4664.131,
        "Actual Total Time": 4731.445,
        "Actual Rows": 2,
        "Actual Loops": 1,
        "Workers Planned": 1,
        "Workers Launched": 1,
        "Single Copy": false,
        "Plans": [
          {
            "Node Type": "Aggregate",
            "Strategy": "Plain",
            "Partial Mode": "Partial",
            "Parent Relationship": "Outer",
            "Parallel Aware": false,
            "Startup Cost": 587345.8,
            "Total Cost": 587345.81,
            "Plan Rows": 1,
            "Plan Width": 8,
            "Actual Startup Time": 4650.702,
            "Actual Total Time": 4650.708,
            "Actual Rows": 1,
            "Actual Loops": 2,
            "Plans": [
              {
                "Node Type": "Hash Join",
                "Parent Relationship": "Outer",
                "Parallel Aware": true,
                "Join Type": "Inner",
                "Startup Cost": 235591.25,
                "Total Cost": 571866.56,
                "Plan Rows": 6191695,
                "Plan Width": 0,
                "Actual Startup Time": 1422.418,
                "Actual Total Time": 4085.02,
                "Actual Rows": 14319433,
                "Actual Loops": 2,
                "Inner Unique": false,
                "Hash Cond": "(mi.movie_id = t.id)",
                "Plans": [
                  {
                    "Node Type": "Seq Scan",
                    "Parent Relationship": "Outer",
                    "Parallel Aware": true,
                    "Relation Name": "movie_info",
                    "Alias": "mi",
                    "Startup Cost": 0.0,
                    "Total Cost": 270696.42,
                    "Plan Rows": 5831431,
                    "Plan Width": 4,
                    "Actual Startup Time": 40.042,
                    "Actual Total Time": 768.179,
                    "Actual Rows": 4955877,
                    "Actual Loops": 2,
                    "Filter": "(info_type_id > 4)",
                    "Rows Removed by Filter": 2461983
                  },
                  {
                    "Node Type": "Hash",
                    "Parent Relationship": "Inner",
                    "Parallel Aware": true,
                    "Startup Cost": 215852.35,
                    "Total Cost": 215852.35,
                    "Plan Rows": 1579112,
                    "Plan Width": 8,
                    "Actual Startup Time": 1360.048,
                    "Actual Total Time": 1360.052,
                    "Actual Rows": 544004,
                    "Actual Loops": 2,
                    "Hash Buckets": 4194304,
                    "Original Hash Buckets": 4194304,
                    "Hash Batches": 1,
                    "Original Hash Batches": 1,
                    "Peak Memory Usage": 75360,
                    "Plans": [
                      {
                        "Node Type": "Hash Join",
                        "Parent Relationship": "Outer",
                        "Parallel Aware": true,
                        "Join Type": "Inner",
                        "Startup Cost": 69934.47,
                        "Total Cost": 215852.35,
                        "Plan Rows": 1579112,
                        "Plan Width": 8,
                        "Actual Startup Time": 492.536,
                        "Actual Total Time": 1160.577,
                        "Actual Rows": 544004,
                        "Actual Loops": 2,
                        "Inner Unique": true,
                        "Hash Cond": "(ci.movie_id = t.id)",
                        "Plans": [
                          {
                            "Node Type": "Index Scan",
                            "Parent Relationship": "Outer",
                            "Parallel Aware": true,
                            "Scan Direction": "Forward",
                            "Index Name": "role_id_cast_info",
                            "Relation Name": "cast_info",
                            "Alias": "ci",
                            "Startup Cost": 0.56,
                            "Total Cost": 140896.75,
                            "Plan Rows": 1913022,
                            "Plan Width": 4,
                            "Actual Startup Time": 0.069,
                            "Actual Total Time": 363.199,
                            "Actual Rows": 575310,
                            "Actual Loops": 2,
                            "Index Cond": "(role_id = 10)",
                            "Rows Removed by Index Recheck": 0,
                            "Filter": "(person_id < 2775163)",
                            "Rows Removed by Filter": 1586200
                          },
                          {
                            "Node Type": "Hash",
                            "Parent Relationship": "Inner",
                            "Parallel Aware": true,
                            "Startup Cost": 54588.39,
                            "Total Cost": 54588.39,
                            "Plan Rows": 1227641,
                            "Plan Width": 4,
                            "Actual Startup Time": 486.251,
                            "Actual Total Time": 486.252,
                            "Actual Rows": 1037394,
                            "Actual Loops": 2,
                            "Hash Buckets": 2097152,
                            "Original Hash Buckets": 2097152,
                            "Hash Batches": 1,
                            "Original Hash Batches": 1,
                            "Peak Memory Usage": 97568,
                            "Plans": [
                              {
                                "Node Type": "Seq Scan",
                                "Parent Relationship": "Outer",
                                "Parallel Aware": true,
                                "Relation Name": "title",
                                "Alias": "t",
                                "Startup Cost": 0.0,
                                "Total Cost": 54588.39,
                                "Plan Rows": 1227641,
                                "Plan Width": 4,
                                "Actual Startup Time": 0.03,
                                "Actual Total Time": 205.147,
                                "Actual Rows": 1037394,
                                "Actual Loops": 2,
                                "Filter": "(production_year > 1970)",
                                "Rows Removed by Filter": 226762
                              }
                            ]
                          }
                        ]
                      }
                    ]
                  }
                ]
              }
            ]
          }
        ]
      }
    ]
  },
  "Planning Time": 1.017,
  "Triggers": [],
  "Execution Time": 4731.551
}