[
  {
    "Plan": {
      "Node Type": "Aggregate",
      "Strategy": "Plain",
      "Partial Mode": "Finalize",
      "Parallel Aware": false,
      "Startup Cost": 46536.0,
      "Total Cost": 46536.01,
      "Plan Rows": 1,
      "Plan Width": 8,
      "Actual Startup Time": 95.022,
      "Actual Total Time": 109.953,
      "Actual Rows": 1,
      "Actual Loops": 1,
      "Plans": [
        {
          "Node Type": "Gather",
          "Parent Relationship": "Outer",
          "Parallel Aware": false,
          "Startup Cost": 46535.58,
          "Total Cost": 46535.99,
          "Plan Rows": 4,
          "Plan Width": 8,
          "Actual Startup Time": 94.893,
          "Actual Total Time": 109.944,
          "Actual Rows": 5,
          "Actual Loops": 1,
          "Workers Planned": 4,
          "Workers Launched": 4,
          "Single Copy": false,
          "Plans": [
            {
              "Node Type": "Aggregate",
              "Strategy": "Plain",
              "Partial Mode": "Partial",
              "Parent Relationship": "Outer",
              "Parallel Aware": false,
              "Startup Cost": 45535.58,
              "Total Cost": 45535.59,
              "Plan Rows": 1,
              "Plan Width": 8,
              "Actual Startup Time": 89.157,
              "Actual Total Time": 89.158,
              "Actual Rows": 1,
              "Actual Loops": 5,
              "Plans": [
                {
                  "Node Type": "Seq Scan",
                  "Parent Relationship": "Outer",
                  "Parallel Aware": true,
                  "Relation Name": "title",
                  "Alias": "t",
                  "Startup Cost": 0.0,
                  "Total Cost": 45479.59,
                  "Plan Rows": 22396,
                  "Plan Width": 0,
                  "Actual Startup Time": 1.623,
                  "Actual Total Time": 89.124,
                  "Actual Rows": 155,
                  "Actual Loops": 5,
                  "Filter": "((production_year < 1949) AND (kind_id = 7))",
                  "Rows Removed by Filter": 505507
                }
              ]
            }
          ]
        }
      ]
    },
    "Planning Time": 0.111,
    "Triggers": [],
    "Execution Time": 109.99
  }
]