[
  {
    "Plan": {
      "Node Type": "Aggregate",
      "Strategy": "Plain",
      "Partial Mode": "Finalize",
      "Parallel Aware": false,
      "Startup Cost": 46538.53,
      "Total Cost": 46538.54,
      "Plan Rows": 1,
      "Plan Width": 8,
      "Actual Startup Time": 82.525,
      "Actual Total Time": 94.324,
      "Actual Rows": 1,
      "Actual Loops": 1,
      "Plans": [
        {
          "Node Type": "Gather",
          "Parent Relationship": "Outer",
          "Parallel Aware": false,
          "Startup Cost": 46538.11,
          "Total Cost": 46538.52,
          "Plan Rows": 4,
          "Plan Width": 8,
          "Actual Startup Time": 82.374,
          "Actual Total Time": 94.315,
          "Actual Rows": 5,
          "Actual Loops": 1,
          "Workers Planned": 4,
          "Workers Launched": 4,
          "Single Copy": false,
          "Plans": [
            {
              "Node Type": "Aggregate",
              "Strategy": "Plain",
              "Partial Mode": "Partial",
              "Parent Relationship": "Outer",
              "Parallel Aware": false,
              "Startup Cost": 45538.11,
              "Total Cost": 45538.12,
              "Plan Rows": 1,
              "Plan Width": 8,
              "Actual Startup Time": 77.073,
              "Actual Total Time": 77.074,
              "Actual Rows": 1,
              "Actual Loops": 5,
              "Plans": [
                {
                  "Node Type": "Seq Scan",
                  "Parent Relationship": "Outer",
                  "Parallel Aware": true,
                  "Relation Name": "title",
                  "Alias": "t",
                  "Startup Cost": 0.0,
                  "Total Cost": 45479.1,
                  "Plan Rows": 23605,
                  "Plan Width": 0,
                  "Actual Startup Time": 2.754,
                  "Actual Total Time": 77.044,
                  "Actual Rows": 155,
                  "Actual Loops": 5,
                  "Filter": "((production_year < 1949) AND (kind_id = 7))",
                  "Rows Removed by Filter": 505507
                }
              ]
            }
          ]
        }
      ]
    },
    "Planning Time": 0.196,
    "Triggers": [],
    "Execution Time": 94.396
  }
]