[
  {
    "Plan": {
      "Node Type": "Aggregate",
      "Strategy": "Plain",
      "Partial Mode": "Finalize",
      "Parallel Aware": false,
      "Startup Cost": 30624.71,
      "Total Cost": 30624.72,
      "Plan Rows": 1,
      "Plan Width": 8,
      "Actual Startup Time": 79.339,
      "Actual Total Time": 84.271,
      "Actual Rows": 1,
      "Actual Loops": 1,
      "Plans": [
        {
          "Node Type": "Gather",
          "Parent Relationship": "Outer",
          "Parallel Aware": false,
          "Startup Cost": 30624.4,
          "Total Cost": 30624.71,
          "Plan Rows": 3,
          "Plan Width": 8,
          "Actual Startup Time": 79.188,
          "Actual Total Time": 84.265,
          "Actual Rows": 4,
          "Actual Loops": 1,
          "Workers Planned": 3,
          "Workers Launched": 3,
          "Single Copy": false,
          "Plans": [
            {
              "Node Type": "Aggregate",
              "Strategy": "Plain",
              "Partial Mode": "Partial",
              "Parent Relationship": "Outer",
              "Parallel Aware": false,
              "Startup Cost": 29624.4,
              "Total Cost": 29624.41,
              "Plan Rows": 1,
              "Plan Width": 8,
              "Actual Startup Time": 73.179,
              "Actual Total Time": 73.183,
              "Actual Rows": 1,
              "Actual Loops": 4,
              "Plans": [
                {
                  "Node Type": "Bitmap Heap Scan",
                  "Parent Relationship": "Outer",
                  "Parallel Aware": true,
                  "Relation Name": "movie_companies",
                  "Alias": "mc",
                  "Startup Cost": 8711.82,
                  "Total Cost": 29457.79,
                  "Plan Rows": 66642,
                  "Plan Width": 0,
                  "Actual Startup Time": 25.48,
                  "Actual Total Time": 66.357,
                  "Actual Rows": 100645,
                  "Actual Loops": 4,
                  "Recheck Cond": "(company_id > 81936)",
                  "Rows Removed by Index Recheck": 0,
                  "Filter": "(company_type_id > 1)",
                  "Rows Removed by Filter": 0,
                  "Exact Heap Blocks": 3501,
                  "Lossy Heap Blocks": 0,
                  "Plans": [
                    {
                      "Node Type": "Bitmap Index Scan",
                      "Parent Relationship": "Outer",
                      "Parallel Aware": false,
                      "Index Name": "company_id_movie_companies",
                      "Startup Cost": 0.0,
                      "Total Cost": 8660.18,
                      "Plan Rows": 404233,
                      "Plan Width": 0,
                      "Actual Startup Time": 29.952,
                      "Actual Total Time": 29.952,
                      "Actual Rows": 402580,
                      "Actual Loops": 1,
                      "Index Cond": "(company_id > 81936)"
                    }
                  ]
                }
              ]
            }
          ]
        }
      ]
    },
    "Planning Time": 0.112,
    "Triggers": [],
    "Execution Time": 84.313
  }
]