[
  {
    "Plan": {
      "Node Type": "Aggregate",
      "Strategy": "Plain",
      "Partial Mode": "Simple",
      "Parallel Aware": false,
      "Startup Cost": 38977.0,
      "Total Cost": 38977.01,
      "Plan Rows": 1,
      "Plan Width": 8,
      "Actual Startup Time": 76.784,
      "Actual Total Time": 76.786,
      "Actual Rows": 1,
      "Actual Loops": 1,
      "Plans": [
        {
          "Node Type": "Bitmap Heap Scan",
          "Parent Relationship": "Outer",
          "Parallel Aware": false,
          "Relation Name": "title",
          "Alias": "t",
          "Startup Cost": 1616.74,
          "Total Cost": 38974.96,
          "Plan Rows": 816,
          "Plan Width": 0,
          "Actual Startup Time": 21.292,
          "Actual Total Time": 76.662,
          "Actual Rows": 1193,
          "Actual Loops": 1,
          "Recheck Cond": "(kind_id = 2)",
          "Rows Removed by Index Recheck": 0,
          "Filter": "(production_year = 1990)",
          "Rows Removed by Filter": 89659,
          "Exact Heap Blocks": 23872,
          "Lossy Heap Blocks": 0,
          "Plans": [
            {
              "Node Type": "Bitmap Index Scan",
              "Parent Relationship": "Outer",
              "Parallel Aware": false,
              "Index Name": "kind_id_title",
              "Startup Cost": 0.0,
              "Total Cost": 1616.54,
              "Plan Rows": 90681,
              "Plan Width": 0,
              "Actual Startup Time": 13.757,
              "Actual Total Time": 13.758,
              "Actual Rows": 90852,
              "Actual Loops": 1,
              "Index Cond": "(kind_id = 2)"
            }
          ]
        }
      ]
    },
    "Planning Time": 0.148,
    "Triggers": [],
    "Execution Time": 76.841
  }
]