[
  {
    "Plan": {
      "Node Type": "Aggregate",
      "Strategy": "Plain",
      "Partial Mode": "Finalize",
      "Parallel Aware": false,
      "Startup Cost": 30971.53,
      "Total Cost": 30971.54,
      "Plan Rows": 1,
      "Plan Width": 8,
      "Actual Startup Time": 90.551,
      "Actual Total Time": 98.656,
      "Actual Rows": 1,
      "Actual Loops": 1,
      "Plans": [
        {
          "Node Type": "Gather",
          "Parent Relationship": "Outer",
          "Parallel Aware": false,
          "Startup Cost": 30971.21,
          "Total Cost": 30971.52,
          "Plan Rows": 3,
          "Plan Width": 8,
          "Actual Startup Time": 90.437,
          "Actual Total Time": 98.646,
          "Actual Rows": 4,
          "Actual Loops": 1,
          "Workers Planned": 3,
          "Workers Launched": 3,
          "Single Copy": false,
          "Plans": [
            {
              "Node Type": "Aggregate",
              "Strategy": "Plain",
              "Partial Mode": "Partial",
              "Parent Relationship": "Outer",
              "Parallel Aware": false,
              "Startup Cost": 29971.21,
              "Total Cost": 29971.22,
              "Plan Rows": 1,
              "Plan Width": 8,
              "Actual Startup Time": 84.379,
              "Actual Total Time": 84.38,
              "Actual Rows": 1,
              "Actual Loops": 4,
              "Plans": [
                {
                  "Node Type": "Seq Scan",
                  "Parent Relationship": "Outer",
                  "Parallel Aware": true,
                  "Relation Name": "movie_companies",
                  "Alias": "mc",
                  "Startup Cost": 0.0,
                  "Total Cost": 29310.68,
                  "Plan Rows": 264212,
                  "Plan Width": 0,
                  "Actual Startup Time": 0.033,
                  "Actual Total Time": 72.229,
                  "Actual Rows": 202808,
                  "Actual Loops": 4,
                  "Filter": "(company_id < 1878)",
                  "Rows Removed by Filter": 449474
                }
              ]
            }
          ]
        }
      ]
    },
    "Planning Time": 0.195,
    "Triggers": [],
    "Execution Time": 98.718
  }
]