[
  {
    "Plan": {
      "Node Type": "Aggregate",
      "Strategy": "Plain",
      "Partial Mode": "Finalize",
      "Parallel Aware": false,
      "Startup Cost": 334654.5,
      "Total Cost": 334654.51,
      "Plan Rows": 1,
      "Plan Width": 8,
      "Actual Startup Time": 827.126,
      "Actual Total Time": 889.328,
      "Actual Rows": 1,
      "Actual Loops": 1,
      "Plans": [
        {
          "Node Type": "Gather",
          "Parent Relationship": "Outer",
          "Parallel Aware": false,
          "Startup Cost": 334653.88,
          "Total Cost": 334654.49,
          "Plan Rows": 6,
          "Plan Width": 8,
          "Actual Startup Time": 826.774,
          "Actual Total Time": 889.314,
          "Actual Rows": 7,
          "Actual Loops": 1,
          "Workers Planned": 6,
          "Workers Launched": 6,
          "Single Copy": false,
          "Plans": [
            {
              "Node Type": "Aggregate",
              "Strategy": "Plain",
              "Partial Mode": "Partial",
              "Parent Relationship": "Outer",
              "Parallel Aware": false,
              "Startup Cost": 333653.88,
              "Total Cost": 333653.89,
              "Plan Rows": 1,
              "Plan Width": 8,
              "Actual Startup Time": 818.613,
              "Actual Total Time": 818.614,
              "Actual Rows": 1,
              "Actual Loops": 7,
              "Plans": [
                {
                  "Node Type": "Seq Scan",
                  "Parent Relationship": "Outer",
                  "Parallel Aware": true,
                  "Relation Name": "cast_info",
                  "Alias": "ci",
                  "Startup Cost": 0.0,
                  "Total Cost": 328211.39,
                  "Plan Rows": 2176994,
                  "Plan Width": 0,
                  "Actual Startup Time": 0.049,
                  "Actual Total Time": 705.492,
                  "Actual Rows": 1877346,
                  "Actual Loops": 7,
                  "Filter": "(person_id < 1297731)",
                  "Rows Removed by Filter": 3300417
                }
              ]
            }
          ]
        }
      ]
    },
    "Planning Time": 0.179,
    "Triggers": [],
    "Execution Time": 889.39
  }
]