{
  "Plan": {
    "Node Type": "Aggregate",
    "Strategy": "Plain",
    "Partial Mode": "Finalize",
    "Parallel Aware": false,
    "Startup Cost": 150353.41,
    "Total Cost": 150353.42,
    "Plan Rows": 1,
    "Plan Width": 8,
    "Actual Startup Time": 808.719,
    "Actual Total Time": 831.117,
    "Actual Rows": 1,
    "Actual Loops": 1,
    "Plans": [
      {
        "Node Type": "Gather",
        "Parent Relationship": "Outer",
        "Parallel Aware": false,
        "Startup Cost": 150353.3,
        "Total Cost": 150353.41,
        "Plan Rows": 1,
        "Plan Width": 8,
        "Actual Startup Time": 807.561,
        "Actual Total Time": 831.106,
        "Actual Rows": 2,
        "Actual Loops": 1,
        "Workers Planned": 1,
        "Workers Launched": 1,
        "Single Copy": false,
        "Plans": [
          {
            "Node Type": "Aggregate",
            "Strategy": "Plain",
            "Partial Mode": "Partial",
            "Parent Relationship": "Outer",
            "Parallel Aware": false,
            "Startup Cost": 149353.3,
            "Total Cost": 149353.31,
            "Plan Rows": 1,
            "Plan Width": 8,
            "Actual Startup Time": 801.475,
            "Actual Total Time": 801.482,
            "Actual Rows": 1,
            "Actual Loops": 2,
            "Plans": [
              {
                "Node Type": "Hash Join",
                "Parent Relationship": "Outer",
                "Parallel Aware": true,
                "Join Type": "Inner",
                "Startup Cost": 81213.84,
                "Total Cost": 149133.05,
                "Plan Rows": 88101,
                "Plan Width": 0,
                "Actual Startup Time": 382.322,
                "Actual Total Time": 798.946,
                "Actual Rows": 52395,
                "Actual Loops": 2,
                "Inner Unique": false,
                "Hash Cond": "(mk.movie_id = t.id)",
                "Plans": [
                  {
                    "Node Type": "Seq Scan",
                    "Parent Relationship": "Outer",
                    "Parallel Aware": true,
                    "Relation Name": "movie_keyword",
                    "Alias": "mk",
                    "Startup Cost": 0.0,
                    "Total Cost": 57718.19,
                    "Plan Rows": 2582074,
                    "Plan Width": 4,
                    "Actual Startup Time": 0.026,
                    "Actual Total Time": 253.43,
                    "Actual Rows": 2196599,
                    "Actual Loops": 2,
                    "Filter": "(keyword_id < 76301)",
                    "Rows Removed by Filter": 65366
                  },
                  {
                    "Node Type": "Hash",
                    "Parent Relationship": "Inner",
                    "Parallel Aware": true,
                    "Startup Cost": 80579.53,
                    "Total Cost": 80579.53,
                    "Plan Rows": 50745,
                    "Plan Width": 8,
                    "Actual Startup Time": 380.819,
                    "Actual Total Time": 380.823,
                    "Actual Rows": 22345,
                    "Actual Loops": 2,
                    "Hash Buckets": 131072,
                    "Original Hash Buckets": 131072,
                    "Hash Batches": 1,
                    "Original Hash Batches": 1,
                    "Peak Memory Usage": 2784,
                    "Plans": [
                      {
                        "Node Type": "Hash Join",
                        "Parent Relationship": "Outer",
                        "Parallel Aware": true,
                        "Join Type": "Inner",
                        "Startup Cost": 61785.41,
                        "Total Cost": 80579.53,
                        "Plan Rows": 50745,
                        "Plan Width": 8,
                        "Actual Startup Time": 245.407,
                        "Actual Total Time": 373.736,
                        "Actual Rows": 22345,
                        "Actual Loops": 2,
                        "Inner Unique": true,
                        "Hash Cond": "(mi_idx.movie_id = t.id)",
                        "Plans": [
                          {
                            "Node Type": "Seq Scan",
                            "Parent Relationship": "Outer",
                            "Parallel Aware": true,
                            "Relation Name": "movie_info_idx",
                            "Alias": "mi_idx",
                            "Startup Cost": 0.0,
                            "Total Cost": 18082.32,
                            "Plan Rows": 271164,
                            "Plan Width": 4,
                            "Actual Startup Time": 0.024,
                            "Actual Total Time": 65.346,
                            "Actual Rows": 230092,
                            "Actual Loops": 2,
                            "Filter": "(info_type_id > 100)",
                            "Rows Removed by Filter": 459925
                          },
                          {
                            "Node Type": "Hash",
                            "Parent Relationship": "Inner",
                            "Parallel Aware": true,
                            "Startup Cost": 58306.47,
                            "Total Cost": 58306.47,
                            "Plan Rows": 278315,
                            "Plan Width": 4,
                            "Actual Startup Time": 241.261,
                            "Actual Total Time": 241.262,
                            "Actual Rows": 180230,
                            "Actual Loops": 2,
                            "Hash Buckets": 524288,
                            "Original Hash Buckets": 524288,
                            "Hash Batches": 1,
                            "Original Hash Batches": 1,
                            "Peak Memory Usage": 18240,
                            "Plans": [
                              {
                                "Node Type": "Seq Scan",
                                "Parent Relationship": "Outer",
                                "Parallel Aware": true,
                                "Relation Name": "title",
                                "Alias": "t",
                                "Startup Cost": 0.0,
                                "Total Cost": 58306.47,
                                "Plan Rows": 278315,
                                "Plan Width": 4,
                                "Actual Startup Time": 0.049,
                                "Actual Total Time": 181.067,
                                "Actual Rows": 180230,
                                "Actual Loops": 2,
                                "Filter": "((production_year < 1994) AND (kind_id = 7))",
                                "Rows Removed by Filter": 1083926
                              }
                            ]
                          }
                        ]
                      }
                    ]
                  }
                ]
              }
            ]
          }
        ]
      }
    ]
  },
  "Planning Time": 0.556,
  "Triggers": [],
  "Execution Time": 831.175
}