[
  {
    "Plan": {
      "Node Type": "Aggregate",
      "Strategy": "Plain",
      "Partial Mode": "Finalize",
      "Parallel Aware": false,
      "Startup Cost": 175567.11,
      "Total Cost": 175567.12,
      "Plan Rows": 1,
      "Plan Width": 8,
      "Actual Startup Time": 125.429,
      "Actual Total Time": 144.764,
      "Actual Rows": 1,
      "Actual Loops": 1,
      "Plans": [
        {
          "Node Type": "Gather",
          "Parent Relationship": "Outer",
          "Parallel Aware": false,
          "Startup Cost": 175566.69,
          "Total Cost": 175567.1,
          "Plan Rows": 4,
          "Plan Width": 8,
          "Actual Startup Time": 125.309,
          "Actual Total Time": 144.754,
          "Actual Rows": 5,
          "Actual Loops": 1,
          "Workers Planned": 4,
          "Workers Launched": 4,
          "Single Copy": false,
          "Plans": [
            {
              "Node Type": "Aggregate",
              "Strategy": "Plain",
              "Partial Mode": "Partial",
              "Parent Relationship": "Outer",
              "Parallel Aware": false,
              "Startup Cost": 174566.69,
              "Total Cost": 174566.7,
              "Plan Rows": 1,
              "Plan Width": 8,
              "Actual Startup Time": 115.418,
              "Actual Total Time": 115.42,
              "Actual Rows": 1,
              "Actual Loops": 5,
              "Plans": [
                {
                  "Node Type": "Nested Loop",
                  "Parent Relationship": "Outer",
                  "Parallel Aware": false,
                  "Join Type": "Inner",
                  "Startup Cost": 0.43,
                  "Total Cost": 174560.89,
                  "Plan Rows": 2321,
                  "Plan Width": 0,
                  "Actual Startup Time": 57.219,
                  "Actual Total Time": 115.031,
                  "Actual Rows": 3357,
                  "Actual Loops": 5,
                  "Inner Unique": false,
                  "Plans": [
                    {
                      "Node Type": "Seq Scan",
                      "Parent Relationship": "Outer",
                      "Parallel Aware": true,
                      "Relation Name": "title",
                      "Alias": "t",
                      "Startup Cost": 0.0,
                      "Total Cost": 45479.1,
                      "Plan Rows": 1205,
                      "Plan Width": 4,
                      "Actual Startup Time": 57.138,
                      "Actual Total Time": 83.767,
                      "Actual Rows": 891,
                      "Actual Loops": 5,
                      "Filter": "((kind_id = 1) AND (production_year = 1983))",
                      "Rows Removed by Filter": 504771
                    },
                    {
                      "Node Type": "Index Scan",
                      "Parent Relationship": "Inner",
                      "Parallel Aware": false,
                      "Scan Direction": "Forward",
                      "Index Name": "movie_id_movie_info",
                      "Relation Name": "movie_info",
                      "Alias": "mi",
                      "Startup Cost": 0.43,
                      "Total Cost": 106.98,
                      "Plan Rows": 14,
                      "Plan Width": 4,
                      "Actual Startup Time": 0.013,
                      "Actual Total Time": 0.034,
                      "Actual Rows": 4,
                      "Actual Loops": 4455,
                      "Index Cond": "(movie_id = t.id)",
                      "Rows Removed by Index Recheck": 0,
                      "Filter": "(info_type_id < 5)",
                      "Rows Removed by Filter": 8
                    }
                  ]
                }
              ]
            }
          ]
        }
      ]
    },
    "Planning Time": 0.654,
    "Triggers": [],
    "Execution Time": 144.839
  }
]