[
  {
    "Plan": {
      "Node Type": "Aggregate",
      "Strategy": "Plain",
      "Partial Mode": "Finalize",
      "Parallel Aware": false,
      "Startup Cost": 225430.45,
      "Total Cost": 225430.46,
      "Plan Rows": 1,
      "Plan Width": 8,
      "Actual Startup Time": 351.731,
      "Actual Total Time": 364.757,
      "Actual Rows": 1,
      "Actual Loops": 1,
      "Plans": [
        {
          "Node Type": "Gather",
          "Parent Relationship": "Outer",
          "Parallel Aware": false,
          "Startup Cost": 225429.93,
          "Total Cost": 225430.44,
          "Plan Rows": 5,
          "Plan Width": 8,
          "Actual Startup Time": 341.984,
          "Actual Total Time": 364.747,
          "Actual Rows": 6,
          "Actual Loops": 1,
          "Workers Planned": 5,
          "Workers Launched": 5,
          "Single Copy": false,
          "Plans": [
            {
              "Node Type": "Aggregate",
              "Strategy": "Plain",
              "Partial Mode": "Partial",
              "Parent Relationship": "Outer",
              "Parallel Aware": false,
              "Startup Cost": 224429.93,
              "Total Cost": 224429.94,
              "Plan Rows": 1,
              "Plan Width": 8,
              "Actual Startup Time": 327.923,
              "Actual Total Time": 327.931,
              "Actual Rows": 1,
              "Actual Loops": 6,
              "Plans": [
                {
                  "Node Type": "Hash Join",
                  "Parent Relationship": "Outer",
                  "Parallel Aware": true,
                  "Join Type": "Inner",
                  "Startup Cost": 53314.09,
                  "Total Cost": 224356.89,
                  "Plan Rows": 29214,
                  "Plan Width": 0,
                  "Actual Startup Time": 308.666,
                  "Actual Total Time": 327.898,
                  "Actual Rows": 157,
                  "Actual Loops": 6,
                  "Inner Unique": true,
                  "Hash Cond": "(mi.movie_id = t.id)",
                  "Plans": [
                    {
                      "Node Type": "Bitmap Heap Scan",
                      "Parent Relationship": "Outer",
                      "Parallel Aware": true,
                      "Relation Name": "movie_info",
                      "Alias": "mi",
                      "Startup Cost": 3576.48,
                      "Total Cost": 174515.5,
                      "Plan Rows": 39537,
                      "Plan Width": 4,
                      "Actual Startup Time": 7.071,
                      "Actual Total Time": 19.625,
                      "Actual Rows": 32959,
                      "Actual Loops": 6,
                      "Recheck Cond": "(info_type_id > 106)",
                      "Rows Removed by Index Recheck": 0,
                      "Exact Heap Blocks": 1268,
                      "Lossy Heap Blocks": 0,
                      "Plans": [
                        {
                          "Node Type": "Bitmap Index Scan",
                          "Parent Relationship": "Outer",
                          "Parallel Aware": false,
                          "Index Name": "info_type_id_movie_info",
                          "Startup Cost": 0.0,
                          "Total Cost": 3527.06,
                          "Plan Rows": 197683,
                          "Plan Width": 0,
                          "Actual Startup Time": 6.31,
                          "Actual Total Time": 6.311,
                          "Actual Rows": 197754,
                          "Actual Loops": 1,
                          "Index Cond": "(info_type_id > 106)"
                        }
                      ]
                    },
                    {
                      "Node Type": "Hash",
                      "Parent Relationship": "Inner",
                      "Parallel Aware": true,
                      "Startup Cost": 43899.32,
                      "Total Cost": 43899.32,
                      "Plan Rows": 467063,
                      "Plan Width": 4,
                      "Actual Startup Time": 293.315,
                      "Actual Total Time": 293.319,
                      "Actual Rows": 310914,
                      "Actual Loops": 6,
                      "Hash Buckets": 2097152,
                      "Original Hash Buckets": 2097152,
                      "Hash Batches": 1,
                      "Original Hash Batches": 1,
                      "Peak Memory Usage": 89440,
                      "Plans": [
                        {
                          "Node Type": "Seq Scan",
                          "Parent Relationship": "Outer",
                          "Parallel Aware": true,
                          "Relation Name": "title",
                          "Alias": "t",
                          "Startup Cost": 0.0,
                          "Total Cost": 43899.32,
                          "Plan Rows": 467063,
                          "Plan Width": 4,
                          "Actual Startup Time": 0.049,
                          "Actual Total Time": 118.923,
                          "Actual Rows": 310914,
                          "Actual Loops": 6,
                          "Filter": "(kind_id > 1)",
                          "Rows Removed by Filter": 110471
                        }
                      ]
                    }
                  ]
                }
              ]
            }
          ]
        }
      ]
    },
    "Planning Time": 0.326,
    "Triggers": [],
    "Execution Time": 364.834
  }
]