[
  {
    "Plan": {
      "Node Type": "Aggregate",
      "Strategy": "Plain",
      "Partial Mode": "Finalize",
      "Parallel Aware": false,
      "Startup Cost": 225732.44,
      "Total Cost": 225732.45,
      "Plan Rows": 1,
      "Plan Width": 8,
      "Actual Startup Time": 275.746,
      "Actual Total Time": 288.036,
      "Actual Rows": 1,
      "Actual Loops": 1,
      "Plans": [
        {
          "Node Type": "Gather",
          "Parent Relationship": "Outer",
          "Parallel Aware": false,
          "Startup Cost": 225731.91,
          "Total Cost": 225732.42,
          "Plan Rows": 5,
          "Plan Width": 8,
          "Actual Startup Time": 262.922,
          "Actual Total Time": 288.028,
          "Actual Rows": 6,
          "Actual Loops": 1,
          "Workers Planned": 5,
          "Workers Launched": 5,
          "Single Copy": false,
          "Plans": [
            {
              "Node Type": "Aggregate",
              "Strategy": "Plain",
              "Partial Mode": "Partial",
              "Parent Relationship": "Outer",
              "Parallel Aware": false,
              "Startup Cost": 224731.91,
              "Total Cost": 224731.92,
              "Plan Rows": 1,
              "Plan Width": 8,
              "Actual Startup Time": 248.403,
              "Actual Total Time": 248.407,
              "Actual Rows": 1,
              "Actual Loops": 6,
              "Plans": [
                {
                  "Node Type": "Hash Join",
                  "Parent Relationship": "Outer",
                  "Parallel Aware": true,
                  "Join Type": "Inner",
                  "Startup Cost": 53432.52,
                  "Total Cost": 224656.48,
                  "Plan Rows": 30172,
                  "Plan Width": 0,
                  "Actual Startup Time": 231.895,
                  "Actual Total Time": 248.378,
                  "Actual Rows": 157,
                  "Actual Loops": 6,
                  "Inner Unique": true,
                  "Hash Cond": "(mi.movie_id = t.id)",
                  "Plans": [
                    {
                      "Node Type": "Bitmap Heap Scan",
                      "Parent Relationship": "Outer",
                      "Parallel Aware": true,
                      "Relation Name": "movie_info",
                      "Alias": "mi",
                      "Startup Cost": 3705.36,
                      "Total Cost": 174821.97,
                      "Plan Rows": 40901,
                      "Plan Width": 4,
                      "Actual Startup Time": 9.868,
                      "Actual Total Time": 21.068,
                      "Actual Rows": 32959,
                      "Actual Loops": 6,
                      "Recheck Cond": "(info_type_id > 106)",
                      "Rows Removed by Index Recheck": 0,
                      "Exact Heap Blocks": 1083,
                      "Lossy Heap Blocks": 0,
                      "Plans": [
                        {
                          "Node Type": "Bitmap Index Scan",
                          "Parent Relationship": "Outer",
                          "Parallel Aware": false,
                          "Index Name": "info_type_id_movie_info",
                          "Startup Cost": 0.0,
                          "Total Cost": 3654.24,
                          "Plan Rows": 204507,
                          "Plan Width": 0,
                          "Actual Startup Time": 9.121,
                          "Actual Total Time": 9.121,
                          "Actual Rows": 197754,
                          "Actual Loops": 1,
                          "Index Cond": "(info_type_id > 106)"
                        }
                      ]
                    },
                    {
                      "Node Type": "Hash",
                      "Parent Relationship": "Inner",
                      "Parallel Aware": true,
                      "Startup Cost": 43898.92,
                      "Total Cost": 43898.92,
                      "Plan Rows": 466259,
                      "Plan Width": 4,
                      "Actual Startup Time": 213.305,
                      "Actual Total Time": 213.306,
                      "Actual Rows": 310914,
                      "Actual Loops": 6,
                      "Hash Buckets": 2097152,
                      "Original Hash Buckets": 2097152,
                      "Hash Batches": 1,
                      "Original Hash Batches": 1,
                      "Peak Memory Usage": 89440,
                      "Plans": [
                        {
                          "Node Type": "Seq Scan",
                          "Parent Relationship": "Outer",
                          "Parallel Aware": true,
                          "Relation Name": "title",
                          "Alias": "t",
                          "Startup Cost": 0.0,
                          "Total Cost": 43898.92,
                          "Plan Rows": 466259,
                          "Plan Width": 4,
                          "Actual Startup Time": 0.037,
                          "Actual Total Time": 82.548,
                          "Actual Rows": 310914,
                          "Actual Loops": 6,
                          "Filter": "(kind_id > 1)",
                          "Rows Removed by Filter": 110471
                        }
                      ]
                    }
                  ]
                }
              ]
            }
          ]
        }
      ]
    },
    "Planning Time": 0.644,
    "Triggers": [],
    "Execution Time": 288.125
  }
]