{
    "Plan": {
        "Node Type": "Aggregate",
        "Strategy": "Plain",
        "Partial Mode": "Simple",
        "Parallel Aware": false,
        "Startup Cost": 70005255298.92,
        "Total Cost": 70005255298.93,
        "Plan Rows": 1,
        "Plan Width": 96,
        "Actual Startup Time": 8583.001,
        "Actual Total Time": 8583.013,
        "Actual Rows": 1,
        "Actual Loops": 1,
        "Output": [
            "min(cn.name)",
            "min((lt.link)::text)",
            "min(t.title)"
        ],
        "Plans": [
            {
                "Node Type": "Nested Loop",
                "Parent Relationship": "Outer",
                "Parallel Aware": false,
                "Join Type": "Inner",
                "Startup Cost": 70005247989.15,
                "Total Cost": 70005255298.91,
                "Plan Rows": 1,
                "Plan Width": 48,
                "Actual Startup Time": 8528.426,
                "Actual Total Time": 8582.867,
                "Actual Rows": 332,
                "Actual Loops": 1,
                "Output": [
                    "cn.name",
                    "lt.link",
                    "t.title"
                ],
                "Inner Unique": true,
                "Join Filter": "(ml.movie_id = t.id)",
                "Rows Removed by Join Filter": 0,
                "Plans": [
                    {
                        "Node Type": "Nested Loop",
                        "Parent Relationship": "Outer",
                        "Parallel Aware": false,
                        "Join Type": "Inner",
                        "Startup Cost": 60005247988.7,
                        "Total Cost": 60005255294.44,
                        "Plan Rows": 1,
                        "Plan Width": 47,
                        "Actual Startup Time": 8528.406,
                        "Actual Total Time": 8577.058,
                        "Actual Rows": 1284,
                        "Actual Loops": 1,
                        "Output": [
                            "cn.name",
                            "mc.movie_id",
                            "mi.movie_id",
                            "mk.movie_id",
                            "ml.movie_id",
                            "lt.link"
                        ],
                        "Inner Unique": true,
                        "Plans": [
                            {
                                "Node Type": "Hash Join",
                                "Parent Relationship": "Outer",
                                "Parallel Aware": false,
                                "Join Type": "Inner",
                                "Startup Cost": 50005247988.57,
                                "Total Cost": 50005255286.27,
                                "Plan Rows": 1,
                                "Plan Width": 51,
                                "Actual Startup Time": 8528.375,
                                "Actual Total Time": 8571.713,
                                "Actual Rows": 1361,
                                "Actual Loops": 1,
                                "Output": [
                                    "cn.name",
                                    "mc.movie_id",
                                    "mc.company_type_id",
                                    "mi.movie_id",
                                    "mk.movie_id",
                                    "ml.movie_id",
                                    "lt.link"
                                ],
                                "Inner Unique": false,
                                "Hash Cond": "(cn.id = mc.company_id)",
                                "Plans": [
                                    {
                                        "Node Type": "Seq Scan",
                                        "Parent Relationship": "Outer",
                                        "Parallel Aware": false,
                                        "Relation Name": "company_name",
                                        "Schema": "public",
                                        "Alias": "cn",
                                        "Startup Cost": 0.0,
                                        "Total Cost": 7107.45,
                                        "Plan Rows": 50732,
                                        "Plan Width": 23,
                                        "Actual Startup Time": 0.035,
                                        "Actual Total Time": 41.294,
                                        "Actual Rows": 48302,
                                        "Actual Loops": 1,
                                        "Output": [
                                            "cn.id",
                                            "cn.name",
                                            "cn.country_code",
                                            "cn.imdb_id",
                                            "cn.name_pcode_nf",
                                            "cn.name_pcode_sf",
                                            "cn.md5sum"
                                        ],
                                        "Filter": "(((cn.country_code)::text <> '[pl]'::text) AND ((cn.name ~~ '%Film%'::text) OR (cn.name ~~ '%Warner%'::text)))",
                                        "Rows Removed by Filter": 186695
                                    },
                                    {
                                        "Node Type": "Hash",
                                        "Parent Relationship": "Inner",
                                        "Parallel Aware": false,
                                        "Startup Cost": 50005247988.53,
                                        "Total Cost": 50005247988.53,
                                        "Plan Rows": 3,
                                        "Plan Width": 36,
                                        "Actual Startup Time": 8526.897,
                                        "Actual Total Time": 8526.905,
                                        "Actual Rows": 3177,
                                        "Actual Loops": 1,
                                        "Output": [
                                            "mk.movie_id",
                                            "mc.movie_id",
                                            "mc.company_type_id",
                                            "mc.company_id",
                                            "mi.movie_id",
                                            "ml.movie_id",
                                            "lt.link"
                                        ],
                                        "Hash Buckets": 4096,
                                        "Original Hash Buckets": 1024,
                                        "Hash Batches": 1,
                                        "Original Hash Batches": 1,
                                        "Peak Memory Usage": 240,
                                        "Plans": [
                                            {
                                                "Node Type": "Hash Join",
                                                "Parent Relationship": "Outer",
                                                "Parallel Aware": false,
                                                "Join Type": "Inner",
                                                "Startup Cost": 50005247987.25,
                                                "Total Cost": 50005247988.53,
                                                "Plan Rows": 3,
                                                "Plan Width": 36,
                                                "Actual Startup Time": 8526.038,
                                                "Actual Total Time": 8526.382,
                                                "Actual Rows": 3177,
                                                "Actual Loops": 1,
                                                "Output": [
                                                    "mk.movie_id",
                                                    "mc.movie_id",
                                                    "mc.company_type_id",
                                                    "mc.company_id",
                                                    "mi.movie_id",
                                                    "ml.movie_id",
                                                    "lt.link"
                                                ],
                                                "Inner Unique": false,
                                                "Hash Cond": "(lt.id = ml.link_type_id)",
                                                "Plans": [
                                                    {
                                                        "Node Type": "Seq Scan",
                                                        "Parent Relationship": "Outer",
                                                        "Parallel Aware": false,
                                                        "Relation Name": "link_type",
                                                        "Schema": "public",
                                                        "Alias": "lt",
                                                        "Startup Cost": 10000000000.0,
                                                        "Total Cost": 10000000001.23,
                                                        "Plan Rows": 1,
                                                        "Plan Width": 16,
                                                        "Actual Startup Time": 0.016,
                                                        "Actual Total Time": 0.021,
                                                        "Actual Rows": 2,
                                                        "Actual Loops": 1,
                                                        "Output": [
                                                            "lt.id",
                                                            "lt.link"
                                                        ],
                                                        "Filter": "((lt.link)::text ~~ '%follow%'::text)",
                                                        "Rows Removed by Filter": 16
                                                    },
                                                    {
                                                        "Node Type": "Hash",
                                                        "Parent Relationship": "Inner",
                                                        "Parallel Aware": false,
                                                        "Startup Cost": 40005247986.56,
                                                        "Total Cost": 40005247986.56,
                                                        "Plan Rows": 55,
                                                        "Plan Width": 28,
                                                        "Actual Startup Time": 8526.013,
                                                        "Actual Total Time": 8526.021,
                                                        "Actual Rows": 3345,
                                                        "Actual Loops": 1,
                                                        "Output": [
                                                            "mk.movie_id",
                                                            "mc.movie_id",
                                                            "mc.company_type_id",
                                                            "mc.company_id",
                                                            "mi.movie_id",
                                                            "ml.link_type_id",
                                                            "ml.movie_id"
                                                        ],
                                                        "Hash Buckets": 4096,
                                                        "Original Hash Buckets": 1024,
                                                        "Hash Batches": 1,
                                                        "Original Hash Batches": 1,
                                                        "Peak Memory Usage": 228,
                                                        "Plans": [
                                                            {
                                                                "Node Type": "Hash Join",
                                                                "Parent Relationship": "Outer",
                                                                "Parallel Aware": false,
                                                                "Join Type": "Inner",
                                                                "Startup Cost": 40005247260.57,
                                                                "Total Cost": 40005247986.56,
                                                                "Plan Rows": 55,
                                                                "Plan Width": 28,
                                                                "Actual Startup Time": 8521.427,
                                                                "Actual Total Time": 8525.59,
                                                                "Actual Rows": 3345,
                                                                "Actual Loops": 1,
                                                                "Output": [
                                                                    "mk.movie_id",
                                                                    "mc.movie_id",
                                                                    "mc.company_type_id",
                                                                    "mc.company_id",
                                                                    "mi.movie_id",
                                                                    "ml.link_type_id",
                                                                    "ml.movie_id"
                                                                ],
                                                                "Inner Unique": false,
                                                                "Hash Cond": "(ml.movie_id = mk.movie_id)",
                                                                "Plans": [
                                                                    {
                                                                        "Node Type": "Seq Scan",
                                                                        "Parent Relationship": "Outer",
                                                                        "Parallel Aware": false,
                                                                        "Relation Name": "movie_link",
                                                                        "Schema": "public",
                                                                        "Alias": "ml",
                                                                        "Startup Cost": 10000000000.0,
                                                                        "Total Cost": 10000000462.97,
                                                                        "Plan Rows": 29997,
                                                                        "Plan Width": 8,
                                                                        "Actual Startup Time": 0.019,
                                                                        "Actual Total Time": 1.955,
                                                                        "Actual Rows": 29997,
                                                                        "Actual Loops": 1,
                                                                        "Output": [
                                                                            "ml.id",
                                                                            "ml.movie_id",
                                                                            "ml.linked_movie_id",
                                                                            "ml.link_type_id"
                                                                        ]
                                                                    },
                                                                    {
                                                                        "Node Type": "Hash",
                                                                        "Parent Relationship": "Inner",
                                                                        "Parallel Aware": false,
                                                                        "Startup Cost": 30005247258.3,
                                                                        "Total Cost": 30005247258.3,
                                                                        "Plan Rows": 182,
                                                                        "Plan Width": 20,
                                                                        "Actual Startup Time": 8521.379,
                                                                        "Actual Total Time": 8521.385,
                                                                        "Actual Rows": 11143,
                                                                        "Actual Loops": 1,
                                                                        "Output": [
                                                                            "mk.movie_id",
                                                                            "mc.movie_id",
                                                                            "mc.company_type_id",
                                                                            "mc.company_id",
                                                                            "mi.movie_id"
                                                                        ],
                                                                        "Hash Buckets": 16384,
                                                                        "Original Hash Buckets": 1024,
                                                                        "Hash Batches": 1,
                                                                        "Original Hash Batches": 1,
                                                                        "Peak Memory Usage": 694,
                                                                        "Plans": [
                                                                            {
                                                                                "Node Type": "Hash Join",
                                                                                "Parent Relationship": "Outer",
                                                                                "Parallel Aware": false,
                                                                                "Join Type": "Inner",
                                                                                "Startup Cost": 30005241715.96,
                                                                                "Total Cost": 30005247258.3,
                                                                                "Plan Rows": 182,
                                                                                "Plan Width": 20,
                                                                                "Actual Startup Time": 8474.95,
                                                                                "Actual Total Time": 8519.961,
                                                                                "Actual Rows": 11143,
                                                                                "Actual Loops": 1,
                                                                                "Output": [
                                                                                    "mk.movie_id",
                                                                                    "mc.movie_id",
                                                                                    "mc.company_type_id",
                                                                                    "mc.company_id",
                                                                                    "mi.movie_id"
                                                                                ],
                                                                                "Inner Unique": false,
                                                                                "Hash Cond": "(mk.movie_id = mc.movie_id)",
                                                                                "Plans": [
                                                                                    {
                                                                                        "Node Type": "Hash Join",
                                                                                        "Parent Relationship": "Outer",
                                                                                        "Parallel Aware": false,
                                                                                        "Join Type": "Inner",
                                                                                        "Startup Cost": 30005141067.74,
                                                                                        "Total Cost": 30005146607.68,
                                                                                        "Plan Rows": 69,
                                                                                        "Plan Width": 8,
                                                                                        "Actual Startup Time": 7855.268,
                                                                                        "Actual Total Time": 7894.457,
                                                                                        "Actual Rows": 8301,
                                                                                        "Actual Loops": 1,
                                                                                        "Output": [
                                                                                            "mk.movie_id",
                                                                                            "mi.movie_id"
                                                                                        ],
                                                                                        "Inner Unique": false,
                                                                                        "Hash Cond": "(k.id = mk.keyword_id)",
                                                                                        "Plans": [
                                                                                            {
                                                                                                "Node Type": "Index Scan",
                                                                                                "Parent Relationship": "Outer",
                                                                                                "Parallel Aware": false,
                                                                                                "Scan Direction": "Forward",
                                                                                                "Index Name": "keyword_pkey",
                                                                                                "Relation Name": "keyword",
                                                                                                "Schema": "public",
                                                                                                "Alias": "k",
                                                                                                "Startup Cost": 10000000000.42,
                                                                                                "Total Cost": 10000005342.92,
                                                                                                "Plan Rows": 1,
                                                                                                "Plan Width": 4,
                                                                                                "Actual Startup Time": 0.242,
                                                                                                "Actual Total Time": 36.637,
                                                                                                "Actual Rows": 1,
                                                                                                "Actual Loops": 1,
                                                                                                "Output": [
                                                                                                    "k.id",
                                                                                                    "k.keyword",
                                                                                                    "k.phonetic_code"
                                                                                                ],
                                                                                                "Filter": "(k.keyword = 'sequel'::text)",
                                                                                                "Rows Removed by Filter": 134169
                                                                                            },
                                                                                            {
                                                                                                "Node Type": "Hash",
                                                                                                "Parent Relationship": "Inner",
                                                                                                "Parallel Aware": false,
                                                                                                "Startup Cost": 20005025566.45,
                                                                                                "Total Cost": 20005025566.45,
                                                                                                "Plan Rows": 9240070,
                                                                                                "Plan Width": 12,
                                                                                                "Actual Startup Time": 7837.358,
                                                                                                "Actual Total Time": 7837.361,
                                                                                                "Actual Rows": 3942499,
                                                                                                "Actual Loops": 1,
                                                                                                "Output": [
                                                                                                    "mi.movie_id",
                                                                                                    "mk.movie_id",
                                                                                                    "mk.keyword_id"
                                                                                                ],
                                                                                                "Hash Buckets": 16777216,
                                                                                                "Original Hash Buckets": 16777216,
                                                                                                "Hash Batches": 1,
                                                                                                "Original Hash Batches": 1,
                                                                                                "Peak Memory Usage": 300477,
                                                                                                "Plans": [
                                                                                                    {
                                                                                                        "Node Type": "Nested Loop",
                                                                                                        "Parent Relationship": "Outer",
                                                                                                        "Parallel Aware": false,
                                                                                                        "Join Type": "Inner",
                                                                                                        "Startup Cost": 20000000000.9,
                                                                                                        "Total Cost": 20005025566.45,
                                                                                                        "Plan Rows": 9240070,
                                                                                                        "Plan Width": 12,
                                                                                                        "Actual Startup Time": 0.505,
                                                                                                        "Actual Total Time": 7068.396,
                                                                                                        "Actual Rows": 3942499,
                                                                                                        "Actual Loops": 1,
                                                                                                        "Output": [
                                                                                                            "mi.movie_id",
                                                                                                            "mk.movie_id",
                                                                                                            "mk.keyword_id"
                                                                                                        ],
                                                                                                        "Inner Unique": false,
                                                                                                        "Plans": [
                                                                                                            {
                                                                                                                "Node Type": "Seq Scan",
                                                                                                                "Parent Relationship": "Outer",
                                                                                                                "Parallel Aware": false,
                                                                                                                "Relation Name": "movie_info",
                                                                                                                "Schema": "public",
                                                                                                                "Alias": "mi",
                                                                                                                "Startup Cost": 10000000000.0,
                                                                                                                "Total Cost": 10000475538.77,
                                                                                                                "Plan Rows": 766695,
                                                                                                                "Plan Width": 4,
                                                                                                                "Actual Startup Time": 0.03,
                                                                                                                "Actual Total Time": 2913.145,
                                                                                                                "Actual Rows": 824274,
                                                                                                                "Actual Loops": 1,
                                                                                                                "Output": [
                                                                                                                    "mi.id",
                                                                                                                    "mi.movie_id",
                                                                                                                    "mi.info_type_id",
                                                                                                                    "mi.info",
                                                                                                                    "mi.note"
                                                                                                                ],
                                                                                                                "Filter": "(mi.info = ANY ('{America,Swedish,Denmark,Danish,Sweden,American,Bulgaria,English,Denish}'::text[]))",
                                                                                                                "Rows Removed by Filter": 14011446
                                                                                                            },
                                                                                                            {
                                                                                                                "Node Type": "Bitmap Heap Scan",
                                                                                                                "Parent Relationship": "Inner",
                                                                                                                "Parallel Aware": false,
                                                                                                                "Relation Name": "movie_keyword",
                                                                                                                "Schema": "public",
                                                                                                                "Alias": "mk",
                                                                                                                "Startup Cost": 0.9,
                                                                                                                "Total Cost": 5.47,
                                                                                                                "Plan Rows": 46,
                                                                                                                "Plan Width": 8,
                                                                                                                "Actual Startup Time": 0.003,
                                                                                                                "Actual Total Time": 0.003,
                                                                                                                "Actual Rows": 5,
                                                                                                                "Actual Loops": 824274,
                                                                                                                "Output": [
                                                                                                                    "mk.id",
                                                                                                                    "mk.movie_id",
                                                                                                                    "mk.keyword_id"
                                                                                                                ],
                                                                                                                "Recheck Cond": "(mk.movie_id = mi.movie_id)",
                                                                                                                "Rows Removed by Index Recheck": 0,
                                                                                                                "Exact Heap Blocks": 338446,
                                                                                                                "Lossy Heap Blocks": 0,
                                                                                                                "Plans": [
                                                                                                                    {
                                                                                                                        "Node Type": "Bitmap Index Scan",
                                                                                                                        "Parent Relationship": "Outer",
                                                                                                                        "Parallel Aware": false,
                                                                                                                        "Index Name": "movie_id_movie_keyword",
                                                                                                                        "Startup Cost": 0.0,
                                                                                                                        "Total Cost": 0.89,
                                                                                                                        "Plan Rows": 46,
                                                                                                                        "Plan Width": 0,
                                                                                                                        "Actual Startup Time": 0.002,
                                                                                                                        "Actual Total Time": 0.002,
                                                                                                                        "Actual Rows": 5,
                                                                                                                        "Actual Loops": 824274,
                                                                                                                        "Index Cond": "(mk.movie_id = mi.movie_id)"
                                                                                                                    }
                                                                                                                ]
                                                                                                            }
                                                                                                        ]
                                                                                                    }
                                                                                                ]
                                                                                            }
                                                                                        ]
                                                                                    },
                                                                                    {
                                                                                        "Node Type": "Hash",
                                                                                        "Parent Relationship": "Inner",
                                                                                        "Parallel Aware": false,
                                                                                        "Startup Cost": 84830.36,
                                                                                        "Total Cost": 84830.36,
                                                                                        "Plan Rows": 1265428,
                                                                                        "Plan Width": 12,
                                                                                        "Actual Startup Time": 616.694,
                                                                                        "Actual Total Time": 616.694,
                                                                                        "Actual Rows": 1271989,
                                                                                        "Actual Loops": 1,
                                                                                        "Output": [
                                                                                            "mc.movie_id",
                                                                                            "mc.company_type_id",
                                                                                            "mc.company_id"
                                                                                        ],
                                                                                        "Hash Buckets": 2097152,
                                                                                        "Original Hash Buckets": 2097152,
                                                                                        "Hash Batches": 1,
                                                                                        "Original Hash Batches": 1,
                                                                                        "Peak Memory Usage": 71040,
                                                                                        "Plans": [
                                                                                            {
                                                                                                "Node Type": "Index Scan",
                                                                                                "Parent Relationship": "Outer",
                                                                                                "Parallel Aware": false,
                                                                                                "Scan Direction": "Forward",
                                                                                                "Index Name": "company_type_id_movie_companies",
                                                                                                "Relation Name": "movie_companies",
                                                                                                "Schema": "public",
                                                                                                "Alias": "mc",
                                                                                                "Startup Cost": 0.43,
                                                                                                "Total Cost": 84830.36,
                                                                                                "Plan Rows": 1265428,
                                                                                                "Plan Width": 12,
                                                                                                "Actual Startup Time": 0.063,
                                                                                                "Actual Total Time": 385.436,
                                                                                                "Actual Rows": 1271989,
                                                                                                "Actual Loops": 1,
                                                                                                "Output": [
                                                                                                    "mc.movie_id",
                                                                                                    "mc.company_type_id",
                                                                                                    "mc.company_id"
                                                                                                ],
                                                                                                "Filter": "(mc.note IS NULL)",
                                                                                                "Rows Removed by Filter": 1337140
                                                                                            }
                                                                                        ]
                                                                                    }
                                                                                ]
                                                                            }
                                                                        ]
                                                                    }
                                                                ]
                                                            }
                                                        ]
                                                    }
                                                ]
                                            }
                                        ]
                                    }
                                ]
                            },
                            {
                                "Node Type": "Bitmap Heap Scan",
                                "Parent Relationship": "Inner",
                                "Parallel Aware": false,
                                "Relation Name": "company_type",
                                "Schema": "public",
                                "Alias": "ct",
                                "Startup Cost": 0.14,
                                "Total Cost": 4.15,
                                "Plan Rows": 1,
                                "Plan Width": 4,
                                "Actual Startup Time": 0.002,
                                "Actual Total Time": 0.002,
                                "Actual Rows": 1,
                                "Actual Loops": 1361,
                                "Output": [
                                    "ct.id",
                                    "ct.kind"
                                ],
                                "Recheck Cond": "(ct.id = mc.company_type_id)",
                                "Rows Removed by Index Recheck": 0,
                                "Filter": "((ct.kind)::text = 'production companies'::text)",
                                "Rows Removed by Filter": 0,
                                "Exact Heap Blocks": 1361,
                                "Lossy Heap Blocks": 0,
                                "Plans": [
                                    {
                                        "Node Type": "Bitmap Index Scan",
                                        "Parent Relationship": "Outer",
                                        "Parallel Aware": false,
                                        "Index Name": "company_type_pkey",
                                        "Startup Cost": 0.0,
                                        "Total Cost": 0.14,
                                        "Plan Rows": 1,
                                        "Plan Width": 0,
                                        "Actual Startup Time": 0.001,
                                        "Actual Total Time": 0.001,
                                        "Actual Rows": 1,
                                        "Actual Loops": 1361,
                                        "Index Cond": "(ct.id = mc.company_type_id)"
                                    }
                                ]
                            }
                        ]
                    },
                    {
                        "Node Type": "Bitmap Heap Scan",
                        "Parent Relationship": "Inner",
                        "Parallel Aware": false,
                        "Relation Name": "title",
                        "Schema": "public",
                        "Alias": "t",
                        "Startup Cost": 0.45,
                        "Total Cost": 4.46,
                        "Plan Rows": 1,
                        "Plan Width": 21,
                        "Actual Startup Time": 0.003,
                        "Actual Total Time": 0.003,
                        "Actual Rows": 0,
                        "Actual Loops": 1284,
                        "Output": [
                            "t.id",
                            "t.title",
                            "t.imdb_index",
                            "t.kind_id",
                            "t.production_year",
                            "t.imdb_id",
                            "t.phonetic_code",
                            "t.episode_of_id",
                            "t.season_nr",
                            "t.episode_nr",
                            "t.series_years",
                            "t.md5sum"
                        ],
                        "Recheck Cond": "(t.id = mk.movie_id)",
                        "Rows Removed by Index Recheck": 0,
                        "Filter": "((t.production_year >= 1999) AND (t.production_year <= 2005))",
                        "Rows Removed by Filter": 1,
                        "Exact Heap Blocks": 1284,
                        "Lossy Heap Blocks": 0,
                        "Plans": [
                            {
                                "Node Type": "Bitmap Index Scan",
                                "Parent Relationship": "Outer",
                                "Parallel Aware": false,
                                "Index Name": "title_pkey",
                                "Startup Cost": 0.0,
                                "Total Cost": 0.45,
                                "Plan Rows": 1,
                                "Plan Width": 0,
                                "Actual Startup Time": 0.002,
                                "Actual Total Time": 0.002,
                                "Actual Rows": 1,
                                "Actual Loops": 1284,
                                "Index Cond": "(t.id = mk.movie_id)"
                            }
                        ]
                    }
                ]
            }
        ]
    },
    "Planning Time": 14.146,
    "Triggers": [],
    "Execution Time": 8585.564
}