[
  {
    "Plan": {
      "Node Type": "Aggregate",
      "Strategy": "Plain",
      "Partial Mode": "Finalize",
      "Parallel Aware": false,
      "Startup Cost": 187449.28,
      "Total Cost": 187449.29,
      "Plan Rows": 1,
      "Plan Width": 8,
      "Actual Startup Time": 3052.577,
      "Actual Total Time": 3093.767,
      "Actual Rows": 1,
      "Actual Loops": 1,
      "Plans": [
        {
          "Node Type": "Gather",
          "Parent Relationship": "Outer",
          "Parallel Aware": false,
          "Startup Cost": 187448.96,
          "Total Cost": 187449.27,
          "Plan Rows": 3,
          "Plan Width": 8,
          "Actual Startup Time": 3052.074,
          "Actual Total Time": 3093.758,
          "Actual Rows": 4,
          "Actual Loops": 1,
          "Workers Planned": 3,
          "Workers Launched": 3,
          "Single Copy": false,
          "Plans": [
            {
              "Node Type": "Aggregate",
              "Strategy": "Plain",
              "Partial Mode": "Partial",
              "Parent Relationship": "Outer",
              "Parallel Aware": false,
              "Startup Cost": 186448.96,
              "Total Cost": 186448.97,
              "Plan Rows": 1,
              "Plan Width": 8,
              "Actual Startup Time": 3042.245,
              "Actual Total Time": 3042.248,
              "Actual Rows": 1,
              "Actual Loops": 4,
              "Plans": [
                {
                  "Node Type": "Nested Loop",
                  "Parent Relationship": "Outer",
                  "Parallel Aware": false,
                  "Join Type": "Inner",
                  "Startup Cost": 45877.13,
                  "Total Cost": 185961.8,
                  "Plan Rows": 194866,
                  "Plan Width": 0,
                  "Actual Startup Time": 143.535,
                  "Actual Total Time": 2750.228,
                  "Actual Rows": 7201708,
                  "Actual Loops": 4,
                  "Inner Unique": false,
                  "Join Filter": "(t.id = mi.movie_id)",
                  "Rows Removed by Join Filter": 0,
                  "Plans": [
                    {
                      "Node Type": "Hash Join",
                      "Parent Relationship": "Outer",
                      "Parallel Aware": true,
                      "Join Type": "Inner",
                      "Startup Cost": 45876.7,
                      "Total Cost": 91164.76,
                      "Plan Rows": 49698,
                      "Plan Width": 8,
                      "Actual Startup Time": 143.448,
                      "Actual Total Time": 300.197,
                      "Actual Rows": 182696,
                      "Actual Loops": 4,
                      "Inner Unique": true,
                      "Hash Cond": "(mk.movie_id = t.id)",
                      "Plans": [
                        {
                          "Node Type": "Seq Scan",
                          "Parent Relationship": "Outer",
                          "Parallel Aware": true,
                          "Relation Name": "movie_keyword",
                          "Alias": "mk",
                          "Startup Cost": 0.0,
                          "Total Cost": 42695.65,
                          "Plan Rows": 987585,
                          "Plan Width": 4,
                          "Actual Startup Time": 0.129,
                          "Actual Total Time": 101.921,
                          "Actual Rows": 762131,
                          "Actual Loops": 4,
                          "Filter": "(keyword_id > 2104)",
                          "Rows Removed by Filter": 368852
                        },
                        {
                          "Node Type": "Hash",
                          "Parent Relationship": "Inner",
                          "Parallel Aware": true,
                          "Startup Cost": 45479.1,
                          "Total Cost": 45479.1,
                          "Plan Rows": 31808,
                          "Plan Width": 4,
                          "Actual Startup Time": 113.445,
                          "Actual Total Time": 113.445,
                          "Actual Rows": 66338,
                          "Actual Loops": 4,
                          "Hash Buckets": 524288,
                          "Original Hash Buckets": 131072,
                          "Hash Batches": 1,
                          "Original Hash Batches": 1,
                          "Peak Memory Usage": 17664,
                          "Plans": [
                            {
                              "Node Type": "Seq Scan",
                              "Parent Relationship": "Outer",
                              "Parallel Aware": true,
                              "Relation Name": "title",
                              "Alias": "t",
                              "Startup Cost": 0.0,
                              "Total Cost": 45479.1,
                              "Plan Rows": 31808,
                              "Plan Width": 4,
                              "Actual Startup Time": 55.387,
                              "Actual Total Time": 90.479,
                              "Actual Rows": 66338,
                              "Actual Loops": 4,
                              "Filter": "((production_year < 1979) AND (kind_id = 1))",
                              "Rows Removed by Filter": 565740
                            }
                          ]
                        }
                      ]
                    },
                    {
                      "Node Type": "Index Scan",
                      "Parent Relationship": "Inner",
                      "Parallel Aware": false,
                      "Scan Direction": "Forward",
                      "Index Name": "movie_id_movie_info",
                      "Relation Name": "movie_info",
                      "Alias": "mi",
                      "Startup Cost": 0.43,
                      "Total Cost": 1.56,
                      "Plan Rows": 28,
                      "Plan Width": 4,
                      "Actual Startup Time": 0.002,
                      "Actual Total Time": 0.01,
                      "Actual Rows": 39,
                      "Actual Loops": 730786,
                      "Index Cond": "(movie_id = mk.movie_id)",
                      "Rows Removed by Index Recheck": 0,
                      "Filter": "(info_type_id > 4)",
                      "Rows Removed by Filter": 6
                    }
                  ]
                }
              ]
            }
          ]
        }
      ]
    },
    "Planning Time": 1.388,
    "Triggers": [],
    "Execution Time": 3093.866
  }
]