{
  "Plan": {
    "Node Type": "Aggregate",
    "Strategy": "Plain",
    "Partial Mode": "Simple",
    "Parallel Aware": false,
    "Startup Cost": 376076.42,
    "Total Cost": 376076.43,
    "Plan Rows": 1,
    "Plan Width": 96,
    "Actual Startup Time": 3410.689,
    "Actual Total Time": 3410.999,
    "Actual Rows": 1,
    "Actual Loops": 1,
    "Plans": [
      {
        "Node Type": "Nested Loop",
        "Parent Relationship": "Outer",
        "Parallel Aware": false,
        "Join Type": "Inner",
        "Startup Cost": 352648.19,
        "Total Cost": 376076.41,
        "Plan Rows": 1,
        "Plan Width": 48,
        "Actual Startup Time": 928.781,
        "Actual Total Time": 3410.968,
        "Actual Rows": 55,
        "Actual Loops": 1,
        "Inner Unique": false,
        "Join Filter": "(mk.keyword_id = k.id)",
        "Rows Removed by Join Filter": 2675,
        "Plans": [
          {
            "Node Type": "Seq Scan",
            "Parent Relationship": "Outer",
            "Parallel Aware": false,
            "Relation Name": "keyword",
            "Alias": "k",
            "Startup Cost": 0.0,
            "Total Cost": 2961.55,
            "Plan Rows": 4,
            "Plan Width": 4,
            "Actual Startup Time": 0.04,
            "Actual Total Time": 15.342,
            "Actual Rows": 3,
            "Actual Loops": 1,
            "Filter": "(keyword = ANY ('{hero,martial-arts,hand-to-hand-combat,computer-animated-movie}'::text[]))",
            "Rows Removed by Filter": 134167
          },
          {
            "Node Type": "Materialize",
            "Parent Relationship": "Inner",
            "Parallel Aware": false,
            "Startup Cost": 352648.19,
            "Total Cost": 373114.8,
            "Plan Rows": 1,
            "Plan Width": 52,
            "Actual Startup Time": 298.015,
            "Actual Total Time": 1131.8,
            "Actual Rows": 910,
            "Actual Loops": 3,
            "Plans": [
              {
                "Node Type": "Nested Loop",
                "Parent Relationship": "Outer",
                "Parallel Aware": false,
                "Join Type": "Inner",
                "Startup Cost": 352648.19,
                "Total Cost": 373114.8,
                "Plan Rows": 1,
                "Plan Width": 52,
                "Actual Startup Time": 894.037,
                "Actual Total Time": 3394.539,
                "Actual Rows": 910,
                "Actual Loops": 1,
                "Inner Unique": false,
                "Join Filter": "(mc.company_id = cn.id)",
                "Rows Removed by Join Filter": 16015,
                "Plans": [
                  {
                    "Node Type": "Gather",
                    "Parent Relationship": "Outer",
                    "Parallel Aware": false,
                    "Startup Cost": 1000.0,
                    "Total Cost": 6068.6,
                    "Plan Rows": 1,
                    "Plan Width": 4,
                    "Actual Startup Time": 13.202,
                    "Actual Total Time": 13.284,
                    "Actual Rows": 1,
                    "Actual Loops": 1,
                    "Workers Planned": 1,
                    "Workers Launched": 1,
                    "Single Copy": false,
                    "Plans": [
                      {
                        "Node Type": "Seq Scan",
                        "Parent Relationship": "Outer",
                        "Parallel Aware": true,
                        "Relation Name": "company_name",
                        "Alias": "cn",
                        "Startup Cost": 0.0,
                        "Total Cost": 5068.5,
                        "Plan Rows": 1,
                        "Plan Width": 4,
                        "Actual Startup Time": 26.947,
                        "Actual Total Time": 26.952,
                        "Actual Rows": 0,
                        "Actual Loops": 2,
                        "Filter": "(((country_code)::text = '[us]'::text) AND (name = 'DreamWorks Animation'::text))",
                        "Rows Removed by Filter": 117498
                      }
                    ]
                  },
                  {
                    "Node Type": "Nested Loop",
                    "Parent Relationship": "Inner",
                    "Parallel Aware": false,
                    "Join Type": "Inner",
                    "Startup Cost": 351648.19,
                    "Total Cost": 367046.18,
                    "Plan Rows": 1,
                    "Plan Width": 56,
                    "Actual Startup Time": 880.83,
                    "Actual Total Time": 3379.848,
                    "Actual Rows": 16925,
                    "Actual Loops": 1,
                    "Inner Unique": false,
                    "Join Filter": "(mi.info_type_id = it.id)",
                    "Rows Removed by Join Filter": 0,
                    "Plans": [
                      {
                        "Node Type": "Seq Scan",
                        "Parent Relationship": "Outer",
                        "Parallel Aware": false,
                        "Relation Name": "info_type",
                        "Alias": "it",
                        "Startup Cost": 0.0,
                        "Total Cost": 2.41,
                        "Plan Rows": 1,
                        "Plan Width": 4,
                        "Actual Startup Time": 0.013,
                        "Actual Total Time": 0.022,
                        "Actual Rows": 1,
                        "Actual Loops": 1,
                        "Filter": "((info)::text = 'release dates'::text)",
                        "Rows Removed by Filter": 112
                      },
                      {
                        "Node Type": "Nested Loop",
                        "Parent Relationship": "Inner",
                        "Parallel Aware": false,
                        "Join Type": "Inner",
                        "Startup Cost": 351648.19,
                        "Total Cost": 367043.76,
                        "Plan Rows": 1,
                        "Plan Width": 60,
                        "Actual Startup Time": 880.814,
                        "Actual Total Time": 3377.267,
                        "Actual Rows": 16925,
                        "Actual Loops": 1,
                        "Inner Unique": false,
                        "Join Filter": "(t.id = mi.movie_id)",
                        "Rows Removed by Join Filter": 0,
                        "Plans": [
                          {
                            "Node Type": "Nested Loop",
                            "Parent Relationship": "Outer",
                            "Parallel Aware": false,
                            "Join Type": "Inner",
                            "Startup Cost": 351647.75,
                            "Total Cost": 367042.2,
                            "Plan Rows": 1,
                            "Plan Width": 72,
                            "Actual Startup Time": 880.683,
                            "Actual Total Time": 898.575,
                            "Actual Rows": 30950,
                            "Actual Loops": 1,
                            "Inner Unique": false,
                            "Join Filter": "(t.id = mc.movie_id)",
                            "Rows Removed by Join Filter": 0,
                            "Plans": [
                              {
                                "Node Type": "Nested Loop",
                                "Parent Relationship": "Outer",
                                "Parallel Aware": false,
                                "Join Type": "Inner",
                                "Startup Cost": 351647.32,
                                "Total Cost": 367041.59,
                                "Plan Rows": 1,
                                "Plan Width": 64,
                                "Actual Startup Time": 880.531,
                                "Actual Total Time": 884.346,
                                "Actual Rows": 1185,
                                "Actual Loops": 1,
                                "Inner Unique": true,
                                "Plans": [
                                  {
                                    "Node Type": "Gather",
                                    "Parent Relationship": "Outer",
                                    "Parallel Aware": false,
                                    "Startup Cost": 351646.89,
                                    "Total Cost": 367040.93,
                                    "Plan Rows": 1,
                                    "Plan Width": 52,
                                    "Actual Startup Time": 880.43,
                                    "Actual Total Time": 881.082,
                                    "Actual Rows": 1185,
                                    "Actual Loops": 1,
                                    "Workers Planned": 3,
                                    "Workers Launched": 3,
                                    "Single Copy": false,
                                    "Plans": [
                                      {
                                        "Node Type": "Nested Loop",
                                        "Parent Relationship": "Outer",
                                        "Parallel Aware": false,
                                        "Join Type": "Inner",
                                        "Startup Cost": 350646.89,
                                        "Total Cost": 366040.83,
                                        "Plan Rows": 1,
                                        "Plan Width": 52,
                                        "Actual Startup Time": 859.642,
                                        "Actual Total Time": 868.876,
                                        "Actual Rows": 296,
                                        "Actual Loops": 4,
                                        "Inner Unique": true,
                                        "Plans": [
                                          {
                                            "Node Type": "Hash Join",
                                            "Parent Relationship": "Outer",
                                            "Parallel Aware": true,
                                            "Join Type": "Inner",
                                            "Startup Cost": 350646.76,
                                            "Total Cost": 366040.66,
                                            "Plan Rows": 1,
                                            "Plan Width": 56,
                                            "Actual Startup Time": 859.624,
                                            "Actual Total Time": 868.22,
                                            "Actual Rows": 296,
                                            "Actual Loops": 4,
                                            "Inner Unique": false,
                                            "Hash Cond": "(an.person_id = n.id)",
                                            "Plans": [
                                              {
                                                "Node Type": "Seq Scan",
                                                "Parent Relationship": "Outer",
                                                "Parallel Aware": true,
                                                "Relation Name": "aka_name",
                                                "Alias": "an",
                                                "Startup Cost": 0.0,
                                                "Total Cost": 14303.56,
                                                "Plan Rows": 290756,
                                                "Plan Width": 4,
                                                "Actual Startup Time": 0.015,
                                                "Actual Total Time": 43.835,
                                                "Actual Rows": 225336,
                                                "Actual Loops": 4
                                              },
                                              {
                                                "Node Type": "Hash",
                                                "Parent Relationship": "Inner",
                                                "Parallel Aware": true,
                                                "Startup Cost": 350646.74,
                                                "Total Cost": 350646.74,
                                                "Plan Rows": 1,
                                                "Plan Width": 64,
                                                "Actual Startup Time": 803.612,
                                                "Actual Total Time": 803.623,
                                                "Actual Rows": 59,
                                                "Actual Loops": 4,
                                                "Hash Buckets": 1024,
                                                "Original Hash Buckets": 1024,
                                                "Hash Batches": 1,
                                                "Original Hash Batches": 1,
                                                "Peak Memory Usage": 104,
                                                "Plans": [
                                                  {
                                                    "Node Type": "Hash Join",
                                                    "Parent Relationship": "Outer",
                                                    "Parallel Aware": true,
                                                    "Join Type": "Inner",
                                                    "Startup Cost": 306126.92,
                                                    "Total Cost": 350646.74,
                                                    "Plan Rows": 1,
                                                    "Plan Width": 64,
                                                    "Actual Startup Time": 729.201,
                                                    "Actual Total Time": 803.486,
                                                    "Actual Rows": 59,
                                                    "Actual Loops": 4,
                                                    "Inner Unique": false,
                                                    "Hash Cond": "(mk.movie_id = t.id)",
                                                    "Plans": [
                                                      {
                                                        "Node Type": "Seq Scan",
                                                        "Parent Relationship": "Outer",
                                                        "Parallel Aware": true,
                                                        "Relation Name": "movie_keyword",
                                                        "Alias": "mk",
                                                        "Startup Cost": 0.0,
                                                        "Total Cost": 39047.32,
                                                        "Plan Rows": 1459332,
                                                        "Plan Width": 8,
                                                        "Actual Startup Time": 0.014,
                                                        "Actual Total Time": 117.843,
                                                        "Actual Rows": 1130982,
                                                        "Actual Loops": 4
                                                      },
                                                      {
                                                        "Node Type": "Hash",
                                                        "Parent Relationship": "Inner",
                                                        "Parallel Aware": true,
                                                        "Startup Cost": 306126.9,
                                                        "Total Cost": 306126.9,
                                                        "Plan Rows": 1,
                                                        "Plan Width": 56,
                                                        "Actual Startup Time": 593.289,
                                                        "Actual Total Time": 593.296,
                                                        "Actual Rows": 1,
                                                        "Actual Loops": 4,
                                                        "Hash Buckets": 1024,
                                                        "Original Hash Buckets": 1024,
                                                        "Hash Batches": 1,
                                                        "Original Hash Batches": 1,
                                                        "Peak Memory Usage": 104,
                                                        "Plans": [
                                                          {
                                                            "Node Type": "Hash Join",
                                                            "Parent Relationship": "Outer",
                                                            "Parallel Aware": true,
                                                            "Join Type": "Inner",
                                                            "Startup Cost": 260646.77,
                                                            "Total Cost": 306126.9,
                                                            "Plan Rows": 1,
                                                            "Plan Width": 56,
                                                            "Actual Startup Time": 573.703,
                                                            "Actual Total Time": 593.185,
                                                            "Actual Rows": 1,
                                                            "Actual Loops": 4,
                                                            "Inner Unique": false,
                                                            "Hash Cond": "(t.id = ci.movie_id)",
                                                            "Plans": [
                                                              {
                                                                "Node Type": "Seq Scan",
                                                                "Parent Relationship": "Outer",
                                                                "Parallel Aware": true,
                                                                "Relation Name": "title",
                                                                "Alias": "t",
                                                                "Startup Cost": 0.0,
                                                                "Total Cost": 45479.91,
                                                                "Plan Rows": 56,
                                                                "Plan Width": 21,
                                                                "Actual Startup Time": 43.84,
                                                                "Actual Total Time": 139.177,
                                                                "Actual Rows": 3,
                                                                "Actual Loops": 4,
                                                                "Filter": "((production_year < 2013) AND (title ~~ 'Kung Fu Panda%'::text))",
                                                                "Rows Removed by Filter": 632075
                                                              },
                                                              {
                                                                "Node Type": "Hash",
                                                                "Parent Relationship": "Inner",
                                                                "Parallel Aware": true,
                                                                "Startup Cost": 260640.15,
                                                                "Total Cost": 260640.15,
                                                                "Plan Rows": 530,
                                                                "Plan Width": 35,
                                                                "Actual Startup Time": 453.891,
                                                                "Actual Total Time": 453.894,
                                                                "Actual Rows": 1638,
                                                                "Actual Loops": 4,
                                                                "Hash Buckets": 8192,
                                                                "Original Hash Buckets": 4096,
                                                                "Hash Batches": 1,
                                                                "Original Hash Batches": 1,
                                                                "Peak Memory Usage": 608,
                                                                "Plans": [
                                                                  {
                                                                    "Node Type": "Nested Loop",
                                                                    "Parent Relationship": "Outer",
                                                                    "Parallel Aware": false,
                                                                    "Join Type": "Inner",
                                                                    "Startup Cost": 0.56,
                                                                    "Total Cost": 260640.15,
                                                                    "Plan Rows": 530,
                                                                    "Plan Width": 35,
                                                                    "Actual Startup Time": 119.925,
                                                                    "Actual Total Time": 433.622,
                                                                    "Actual Rows": 1638,
                                                                    "Actual Loops": 4,
                                                                    "Inner Unique": false,
                                                                    "Plans": [
                                                                      {
                                                                        "Node Type": "Seq Scan",
                                                                        "Parent Relationship": "Outer",
                                                                        "Parallel Aware": true,
                                                                        "Relation Name": "name",
                                                                        "Alias": "n",
                                                                        "Startup Cost": 0.0,
                                                                        "Total Cost": 71240.66,
                                                                        "Plan Rows": 2419,
                                                                        "Plan Width": 19,
                                                                        "Actual Startup Time": 118.324,
                                                                        "Actual Total Time": 251.462,
                                                                        "Actual Rows": 12503,
                                                                        "Actual Loops": 4,
                                                                        "Filter": "((name ~~ '%An%'::text) AND ((gender)::text = 'f'::text))",
                                                                        "Rows Removed by Filter": 1029370
                                                                      },
                                                                      {
                                                                        "Node Type": "Index Scan",
                                                                        "Parent Relationship": "Inner",
                                                                        "Parallel Aware": false,
                                                                        "Scan Direction": "Forward",
                                                                        "Index Name": "person_id_cast_info",
                                                                        "Relation Name": "cast_info",
                                                                        "Alias": "ci",
                                                                        "Startup Cost": 0.56,
                                                                        "Total Cost": 78.17,
                                                                        "Plan Rows": 13,
                                                                        "Plan Width": 16,
                                                                        "Actual Startup Time": 0.014,
                                                                        "Actual Total Time": 0.014,
                                                                        "Actual Rows": 0,
                                                                        "Actual Loops": 50011,
                                                                        "Index Cond": "(person_id = n.id)",
                                                                        "Rows Removed by Index Recheck": 0,
                                                                        "Filter": "(note = ANY ('{(voice),\"(voice: Japanese version)\",\"(voice) (uncredited)\",\"(voice: English version)\"}'::text[]))",
                                                                        "Rows Removed by Filter": 9
                                                                      }
                                                                    ]
                                                                  }
                                                                ]
                                                              }
                                                            ]
                                                          }
                                                        ]
                                                      }
                                                    ]
                                                  }
                                                ]
                                              }
                                            ]
                                          },
                                          {
                                            "Node Type": "Index Scan",
                                            "Parent Relationship": "Inner",
                                            "Parallel Aware": false,
                                            "Scan Direction": "Forward",
                                            "Index Name": "role_type_pkey",
                                            "Relation Name": "role_type",
                                            "Alias": "rt",
                                            "Startup Cost": 0.14,
                                            "Total Cost": 0.16,
                                            "Plan Rows": 1,
                                            "Plan Width": 4,
                                            "Actual Startup Time": 0.002,
                                            "Actual Total Time": 0.002,
                                            "Actual Rows": 1,
                                            "Actual Loops": 1185,
                                            "Index Cond": "(id = ci.role_id)",
                                            "Rows Removed by Index Recheck": 0,
                                            "Filter": "((role)::text = 'actress'::text)",
                                            "Rows Removed by Filter": 0
                                          }
                                        ]
                                      }
                                    ]
                                  },
                                  {
                                    "Node Type": "Index Scan",
                                    "Parent Relationship": "Inner",
                                    "Parallel Aware": false,
                                    "Scan Direction": "Forward",
                                    "Index Name": "char_name_pkey",
                                    "Relation Name": "char_name",
                                    "Alias": "chn",
                                    "Startup Cost": 0.43,
                                    "Total Cost": 0.66,
                                    "Plan Rows": 1,
                                    "Plan Width": 20,
                                    "Actual Startup Time": 0.002,
                                    "Actual Total Time": 0.002,
                                    "Actual Rows": 1,
                                    "Actual Loops": 1185,
                                    "Index Cond": "(id = ci.person_role_id)",
                                    "Rows Removed by Index Recheck": 0
                                  }
                                ]
                              },
                              {
                                "Node Type": "Index Scan",
                                "Parent Relationship": "Inner",
                                "Parallel Aware": false,
                                "Scan Direction": "Forward",
                                "Index Name": "movie_id_movie_companies",
                                "Relation Name": "movie_companies",
                                "Alias": "mc",
                                "Startup Cost": 0.43,
                                "Total Cost": 0.54,
                                "Plan Rows": 5,
                                "Plan Width": 8,
                                "Actual Startup Time": 0.002,
                                "Actual Total Time": 0.007,
                                "Actual Rows": 26,
                                "Actual Loops": 1185,
                                "Index Cond": "(movie_id = mk.movie_id)",
                                "Rows Removed by Index Recheck": 0
                              }
                            ]
                          },
                          {
                            "Node Type": "Index Scan",
                            "Parent Relationship": "Inner",
                            "Parallel Aware": false,
                            "Scan Direction": "Forward",
                            "Index Name": "movie_id_movie_info",
                            "Relation Name": "movie_info",
                            "Alias": "mi",
                            "Startup Cost": 0.43,
                            "Total Cost": 1.55,
                            "Plan Rows": 1,
                            "Plan Width": 8,
                            "Actual Startup Time": 0.071,
                            "Actual Total Time": 0.08,
                            "Actual Rows": 1,
                            "Actual Loops": 30950,
                            "Index Cond": "(movie_id = mk.movie_id)",
                            "Rows Removed by Index Recheck": 0,
                            "Filter": "((info IS NOT NULL) AND ((info ~~ 'Japan:%201%'::text) OR (info ~~ 'USA:%201%'::text)))",
                            "Rows Removed by Filter": 344
                          }
                        ]
                      }
                    ]
                  }
                ]
              }
            ]
          }
        ]
      }
    ]
  },
  "Planning Time": 102.994,
  "Triggers": [],
  "Execution Time": 3411.509
}