[
  {
    "Plan": {
      "Node Type": "Aggregate",
      "Strategy": "Plain",
      "Partial Mode": "Finalize",
      "Parallel Aware": false,
      "Startup Cost": 81306.49,
      "Total Cost": 81306.5,
      "Plan Rows": 1,
      "Plan Width": 8,
      "Actual Startup Time": 316.725,
      "Actual Total Time": 332.362,
      "Actual Rows": 1,
      "Actual Loops": 1,
      "Plans": [
        {
          "Node Type": "Gather",
          "Parent Relationship": "Outer",
          "Parallel Aware": false,
          "Startup Cost": 81306.17,
          "Total Cost": 81306.48,
          "Plan Rows": 3,
          "Plan Width": 8,
          "Actual Startup Time": 313.496,
          "Actual Total Time": 332.352,
          "Actual Rows": 4,
          "Actual Loops": 1,
          "Workers Planned": 3,
          "Workers Launched": 3,
          "Single Copy": false,
          "Plans": [
            {
              "Node Type": "Aggregate",
              "Strategy": "Plain",
              "Partial Mode": "Partial",
              "Parent Relationship": "Outer",
              "Parallel Aware": false,
              "Startup Cost": 80306.17,
              "Total Cost": 80306.18,
              "Plan Rows": 1,
              "Plan Width": 8,
              "Actual Startup Time": 304.479,
              "Actual Total Time": 304.483,
              "Actual Rows": 1,
              "Actual Loops": 4,
              "Plans": [
                {
                  "Node Type": "Hash Join",
                  "Parent Relationship": "Outer",
                  "Parallel Aware": true,
                  "Join Type": "Inner",
                  "Startup Cost": 47769.5,
                  "Total Cost": 80063.46,
                  "Plan Rows": 97087,
                  "Plan Width": 0,
                  "Actual Startup Time": 217.45,
                  "Actual Total Time": 303.503,
                  "Actual Rows": 23514,
                  "Actual Loops": 4,
                  "Inner Unique": true,
                  "Hash Cond": "(mc.movie_id = t.id)",
                  "Plans": [
                    {
                      "Node Type": "Seq Scan",
                      "Parent Relationship": "Outer",
                      "Parallel Aware": true,
                      "Relation Name": "movie_companies",
                      "Alias": "mc",
                      "Startup Cost": 0.0,
                      "Total Cost": 31414.82,
                      "Plan Rows": 334910,
                      "Plan Width": 4,
                      "Actual Startup Time": 31.763,
                      "Actual Total Time": 66.535,
                      "Actual Rows": 186931,
                      "Actual Loops": 4,
                      "Filter": "((company_id < 70905) AND (company_type_id = 2))",
                      "Rows Removed by Filter": 465352
                    },
                    {
                      "Node Type": "Hash",
                      "Parent Relationship": "Inner",
                      "Parallel Aware": true,
                      "Startup Cost": 45479.1,
                      "Total Cost": 45479.1,
                      "Plan Rows": 183232,
                      "Plan Width": 4,
                      "Actual Startup Time": 180.315,
                      "Actual Total Time": 180.316,
                      "Actual Rows": 199040,
                      "Actual Loops": 4,
                      "Hash Buckets": 1048576,
                      "Original Hash Buckets": 1048576,
                      "Hash Batches": 1,
                      "Original Hash Batches": 1,
                      "Peak Memory Usage": 39392,
                      "Plans": [
                        {
                          "Node Type": "Seq Scan",
                          "Parent Relationship": "Outer",
                          "Parallel Aware": true,
                          "Relation Name": "title",
                          "Alias": "t",
                          "Startup Cost": 0.0,
                          "Total Cost": 45479.1,
                          "Plan Rows": 183232,
                          "Plan Width": 4,
                          "Actual Startup Time": 0.048,
                          "Actual Total Time": 104.51,
                          "Actual Rows": 199040,
                          "Actual Loops": 4,
                          "Filter": "((production_year > 2003) AND (kind_id = 7))",
                          "Rows Removed by Filter": 433038
                        }
                      ]
                    }
                  ]
                }
              ]
            }
          ]
        }
      ]
    },
    "Planning Time": 0.675,
    "Triggers": [],
    "Execution Time": 332.435
  }
]