[
  {
    "Plan": {
      "Node Type": "Aggregate",
      "Strategy": "Plain",
      "Partial Mode": "Finalize",
      "Parallel Aware": false,
      "Startup Cost": 75990.53,
      "Total Cost": 75990.54,
      "Plan Rows": 1,
      "Plan Width": 8,
      "Actual Startup Time": 251.494,
      "Actual Total Time": 268.399,
      "Actual Rows": 1,
      "Actual Loops": 1,
      "Plans": [
        {
          "Node Type": "Gather",
          "Parent Relationship": "Outer",
          "Parallel Aware": false,
          "Startup Cost": 75990.21,
          "Total Cost": 75990.52,
          "Plan Rows": 3,
          "Plan Width": 8,
          "Actual Startup Time": 251.297,
          "Actual Total Time": 268.391,
          "Actual Rows": 4,
          "Actual Loops": 1,
          "Workers Planned": 3,
          "Workers Launched": 3,
          "Single Copy": false,
          "Plans": [
            {
              "Node Type": "Aggregate",
              "Strategy": "Plain",
              "Partial Mode": "Partial",
              "Parent Relationship": "Outer",
              "Parallel Aware": false,
              "Startup Cost": 74990.21,
              "Total Cost": 74990.22,
              "Plan Rows": 1,
              "Plan Width": 8,
              "Actual Startup Time": 233.722,
              "Actual Total Time": 233.725,
              "Actual Rows": 1,
              "Actual Loops": 4,
              "Plans": [
                {
                  "Node Type": "Hash Join",
                  "Parent Relationship": "Outer",
                  "Parallel Aware": true,
                  "Join Type": "Inner",
                  "Startup Cost": 45554.4,
                  "Total Cost": 74970.29,
                  "Plan Rows": 7969,
                  "Plan Width": 0,
                  "Actual Startup Time": 106.246,
                  "Actual Total Time": 233.094,
                  "Actual Rows": 10366,
                  "Actual Loops": 4,
                  "Inner Unique": true,
                  "Hash Cond": "(mc.movie_id = t.id)",
                  "Plans": [
                    {
                      "Node Type": "Seq Scan",
                      "Parent Relationship": "Outer",
                      "Parallel Aware": true,
                      "Relation Name": "movie_companies",
                      "Alias": "mc",
                      "Startup Cost": 0.0,
                      "Total Cost": 27206.55,
                      "Plan Rows": 841655,
                      "Plan Width": 4,
                      "Actual Startup Time": 0.016,
                      "Actual Total Time": 63.721,
                      "Actual Rows": 652282,
                      "Actual Loops": 4
                    },
                    {
                      "Node Type": "Hash",
                      "Parent Relationship": "Inner",
                      "Parallel Aware": true,
                      "Startup Cost": 45479.59,
                      "Total Cost": 45479.59,
                      "Plan Rows": 5985,
                      "Plan Width": 4,
                      "Actual Startup Time": 105.429,
                      "Actual Total Time": 105.43,
                      "Actual Rows": 4723,
                      "Actual Loops": 4,
                      "Hash Buckets": 32768,
                      "Original Hash Buckets": 32768,
                      "Hash Batches": 1,
                      "Original Hash Batches": 1,
                      "Peak Memory Usage": 1056,
                      "Plans": [
                        {
                          "Node Type": "Seq Scan",
                          "Parent Relationship": "Outer",
                          "Parallel Aware": true,
                          "Relation Name": "title",
                          "Alias": "t",
                          "Startup Cost": 0.0,
                          "Total Cost": 45479.59,
                          "Plan Rows": 5985,
                          "Plan Width": 4,
                          "Actual Startup Time": 0.468,
                          "Actual Total Time": 103.073,
                          "Actual Rows": 4723,
                          "Actual Loops": 4,
                          "Filter": "((kind_id < 7) AND (production_year = 2001))",
                          "Rows Removed by Filter": 627355
                        }
                      ]
                    }
                  ]
                }
              ]
            }
          ]
        }
      ]
    },
    "Planning Time": 0.361,
    "Triggers": [],
    "Execution Time": 268.446
  }
]