{
  "Plan": {
    "Node Type": "Aggregate",
    "Strategy": "Plain",
    "Partial Mode": "Finalize",
    "Parallel Aware": false,
    "Startup Cost": 371128.7,
    "Total Cost": 371128.71,
    "Plan Rows": 1,
    "Plan Width": 8,
    "Actual Startup Time": 2705.823,
    "Actual Total Time": 2780.586,
    "Actual Rows": 1,
    "Actual Loops": 1,
    "Plans": [
      {
        "Node Type": "Gather",
        "Parent Relationship": "Outer",
        "Parallel Aware": false,
        "Startup Cost": 371128.59,
        "Total Cost": 371128.7,
        "Plan Rows": 1,
        "Plan Width": 8,
        "Actual Startup Time": 2700.034,
        "Actual Total Time": 2780.576,
        "Actual Rows": 2,
        "Actual Loops": 1,
        "Workers Planned": 1,
        "Workers Launched": 1,
        "Single Copy": false,
        "Plans": [
          {
            "Node Type": "Aggregate",
            "Strategy": "Plain",
            "Partial Mode": "Partial",
            "Parent Relationship": "Outer",
            "Parallel Aware": false,
            "Startup Cost": 370128.59,
            "Total Cost": 370128.6,
            "Plan Rows": 1,
            "Plan Width": 8,
            "Actual Startup Time": 2692.091,
            "Actual Total Time": 2692.095,
            "Actual Rows": 1,
            "Actual Loops": 2,
            "Plans": [
              {
                "Node Type": "Nested Loop",
                "Parent Relationship": "Outer",
                "Parallel Aware": false,
                "Join Type": "Inner",
                "Startup Cost": 73559.43,
                "Total Cost": 368290.7,
                "Plan Rows": 735156,
                "Plan Width": 0,
                "Actual Startup Time": 486.234,
                "Actual Total Time": 2465.568,
                "Actual Rows": 4409978,
                "Actual Loops": 2,
                "Inner Unique": false,
                "Plans": [
                  {
                    "Node Type": "Hash Join",
                    "Parent Relationship": "Outer",
                    "Parallel Aware": true,
                    "Join Type": "Inner",
                    "Startup Cost": 73558.99,
                    "Total Cost": 100993.17,
                    "Plan Rows": 125726,
                    "Plan Width": 8,
                    "Actual Startup Time": 486.154,
                    "Actual Total Time": 628.887,
                    "Actual Rows": 88764,
                    "Actual Loops": 2,
                    "Inner Unique": true,
                    "Hash Cond": "(mk.movie_id = t.id)",
                    "Plans": [
                      {
                        "Node Type": "Bitmap Heap Scan",
                        "Parent Relationship": "Outer",
                        "Parallel Aware": true,
                        "Relation Name": "movie_keyword",
                        "Alias": "mk",
                        "Startup Cost": 7108.39,
                        "Total Cost": 34025.34,
                        "Plan Rows": 197036,
                        "Plan Width": 4,
                        "Actual Startup Time": 20.884,
                        "Actual Total Time": 84.548,
                        "Actual Rows": 174488,
                        "Actual Loops": 2,
                        "Recheck Cond": "(keyword_id < 309)",
                        "Rows Removed by Index Recheck": 0,
                        "Exact Heap Blocks": 15733,
                        "Lossy Heap Blocks": 0,
                        "Plans": [
                          {
                            "Node Type": "Bitmap Index Scan",
                            "Parent Relationship": "Outer",
                            "Parallel Aware": false,
                            "Index Name": "keyword_id_movie_keyword",
                            "Startup Cost": 0.0,
                            "Total Cost": 7024.65,
                            "Plan Rows": 334962,
                            "Plan Width": 0,
                            "Actual Startup Time": 16.865,
                            "Actual Total Time": 16.866,
                            "Actual Rows": 348976,
                            "Actual Loops": 1,
                            "Index Cond": "(keyword_id < 309)"
                          }
                        ]
                      },
                      {
                        "Node Type": "Hash",
                        "Parent Relationship": "Inner",
                        "Parallel Aware": true,
                        "Startup Cost": 54588.39,
                        "Total Cost": 54588.39,
                        "Plan Rows": 948977,
                        "Plan Width": 4,
                        "Actual Startup Time": 450.491,
                        "Actual Total Time": 450.492,
                        "Actual Rows": 803538,
                        "Actual Loops": 2,
                        "Hash Buckets": 2097152,
                        "Original Hash Buckets": 2097152,
                        "Hash Batches": 1,
                        "Original Hash Batches": 1,
                        "Peak Memory Usage": 79264,
                        "Plans": [
                          {
                            "Node Type": "Seq Scan",
                            "Parent Relationship": "Outer",
                            "Parallel Aware": true,
                            "Relation Name": "title",
                            "Alias": "t",
                            "Startup Cost": 0.0,
                            "Total Cost": 54588.39,
                            "Plan Rows": 948977,
                            "Plan Width": 4,
                            "Actual Startup Time": 0.03,
                            "Actual Total Time": 205.054,
                            "Actual Rows": 803538,
                            "Actual Loops": 2,
                            "Filter": "(production_year > 1995)",
                            "Rows Removed by Filter": 460618
                          }
                        ]
                      }
                    ]
                  },
                  {
                    "Node Type": "Index Only Scan",
                    "Parent Relationship": "Inner",
                    "Parallel Aware": false,
                    "Scan Direction": "Forward",
                    "Index Name": "movie_id_movie_info",
                    "Relation Name": "movie_info",
                    "Alias": "mi",
                    "Startup Cost": 0.43,
                    "Total Cost": 1.71,
                    "Plan Rows": 42,
                    "Plan Width": 4,
                    "Actual Startup Time": 0.004,
                    "Actual Total Time": 0.016,
                    "Actual Rows": 50,
                    "Actual Loops": 177528,
                    "Index Cond": "(movie_id = t.id)",
                    "Rows Removed by Index Recheck": 0,
                    "Heap Fetches": 8819957
                  }
                ]
              }
            ]
          }
        ]
      }
    ]
  },
  "Planning Time": 0.885,
  "Triggers": [],
  "Execution Time": 2780.705
}