{
  "Plan": {
    "Node Type": "Aggregate",
    "Strategy": "Plain",
    "Partial Mode": "Finalize",
    "Parallel Aware": false,
    "Startup Cost": 74847.62,
    "Total Cost": 74847.63,
    "Plan Rows": 1,
    "Plan Width": 8,
    "Actual Startup Time": 260.471,
    "Actual Total Time": 273.378,
    "Actual Rows": 1,
    "Actual Loops": 1,
    "Plans": [
      {
        "Node Type": "Gather",
        "Parent Relationship": "Outer",
        "Parallel Aware": false,
        "Startup Cost": 74847.5,
        "Total Cost": 74847.61,
        "Plan Rows": 1,
        "Plan Width": 8,
        "Actual Startup Time": 259.882,
        "Actual Total Time": 273.371,
        "Actual Rows": 2,
        "Actual Loops": 1,
        "Workers Planned": 1,
        "Workers Launched": 1,
        "Single Copy": false,
        "Plans": [
          {
            "Node Type": "Aggregate",
            "Strategy": "Plain",
            "Partial Mode": "Partial",
            "Parent Relationship": "Outer",
            "Parallel Aware": false,
            "Startup Cost": 73847.5,
            "Total Cost": 73847.51,
            "Plan Rows": 1,
            "Plan Width": 8,
            "Actual Startup Time": 256.292,
            "Actual Total Time": 256.296,
            "Actual Rows": 1,
            "Actual Loops": 2,
            "Plans": [
              {
                "Node Type": "Hash Join",
                "Parent Relationship": "Outer",
                "Parallel Aware": true,
                "Join Type": "Inner",
                "Startup Cost": 55557.88,
                "Total Cost": 73741.67,
                "Plan Rows": 42335,
                "Plan Width": 0,
                "Actual Startup Time": 171.756,
                "Actual Total Time": 255.364,
                "Actual Rows": 22698,
                "Actual Loops": 2,
                "Inner Unique": true,
                "Hash Cond": "(mi_idx.movie_id = t.id)",
                "Plans": [
                  {
                    "Node Type": "Seq Scan",
                    "Parent Relationship": "Outer",
                    "Parallel Aware": true,
                    "Relation Name": "movie_info_idx",
                    "Alias": "mi_idx",
                    "Startup Cost": 0.0,
                    "Total Cost": 16052.85,
                    "Plan Rows": 811785,
                    "Plan Width": 4,
                    "Actual Startup Time": 0.018,
                    "Actual Total Time": 46.687,
                    "Actual Rows": 690018,
                    "Actual Loops": 2
                  },
                  {
                    "Node Type": "Hash",
                    "Parent Relationship": "Inner",
                    "Parallel Aware": true,
                    "Startup Cost": 54588.39,
                    "Total Cost": 54588.39,
                    "Plan Rows": 77559,
                    "Plan Width": 4,
                    "Actual Startup Time": 146.111,
                    "Actual Total Time": 146.111,
                    "Actual Rows": 66562,
                    "Actual Loops": 2,
                    "Hash Buckets": 262144,
                    "Original Hash Buckets": 262144,
                    "Hash Batches": 1,
                    "Original Hash Batches": 1,
                    "Peak Memory Usage": 7296,
                    "Plans": [
                      {
                        "Node Type": "Seq Scan",
                        "Parent Relationship": "Outer",
                        "Parallel Aware": true,
                        "Relation Name": "title",
                        "Alias": "t",
                        "Startup Cost": 0.0,
                        "Total Cost": 54588.39,
                        "Plan Rows": 77559,
                        "Plan Width": 4,
                        "Actual Startup Time": 27.286,
                        "Actual Total Time": 130.896,
                        "Actual Rows": 66562,
                        "Actual Loops": 2,
                        "Filter": "(production_year < 1937)",
                        "Rows Removed by Filter": 1197594
                      }
                    ]
                  }
                ]
              }
            ]
          }
        ]
      }
    ]
  },
  "Planning Time": 0.404,
  "Triggers": [],
  "Execution Time": 273.443
}