[
  {
    "Plan": {
      "Node Type": "Aggregate",
      "Strategy": "Plain",
      "Partial Mode": "Finalize",
      "Parallel Aware": false,
      "Startup Cost": 47200.44,
      "Total Cost": 47200.45,
      "Plan Rows": 1,
      "Plan Width": 8,
      "Actual Startup Time": 73.222,
      "Actual Total Time": 82.307,
      "Actual Rows": 1,
      "Actual Loops": 1,
      "Plans": [
        {
          "Node Type": "Gather",
          "Parent Relationship": "Outer",
          "Parallel Aware": false,
          "Startup Cost": 47200.12,
          "Total Cost": 47200.43,
          "Plan Rows": 3,
          "Plan Width": 8,
          "Actual Startup Time": 73.041,
          "Actual Total Time": 82.299,
          "Actual Rows": 4,
          "Actual Loops": 1,
          "Workers Planned": 3,
          "Workers Launched": 3,
          "Single Copy": false,
          "Plans": [
            {
              "Node Type": "Aggregate",
              "Strategy": "Plain",
              "Partial Mode": "Partial",
              "Parent Relationship": "Outer",
              "Parallel Aware": false,
              "Startup Cost": 46200.12,
              "Total Cost": 46200.13,
              "Plan Rows": 1,
              "Plan Width": 8,
              "Actual Startup Time": 63.787,
              "Actual Total Time": 63.789,
              "Actual Rows": 1,
              "Actual Loops": 4,
              "Plans": [
                {
                  "Node Type": "Nested Loop",
                  "Parent Relationship": "Outer",
                  "Parallel Aware": false,
                  "Join Type": "Inner",
                  "Startup Cost": 269.86,
                  "Total Cost": 46198.02,
                  "Plan Rows": 840,
                  "Plan Width": 0,
                  "Actual Startup Time": 15.473,
                  "Actual Total Time": 63.674,
                  "Actual Rows": 613,
                  "Actual Loops": 4,
                  "Inner Unique": true,
                  "Plans": [
                    {
                      "Node Type": "Bitmap Heap Scan",
                      "Parent Relationship": "Outer",
                      "Parallel Aware": true,
                      "Relation Name": "movie_keyword",
                      "Alias": "mk",
                      "Startup Cost": 269.43,
                      "Total Cost": 21097.34,
                      "Plan Rows": 4037,
                      "Plan Width": 4,
                      "Actual Startup Time": 11.673,
                      "Actual Total Time": 27.231,
                      "Actual Rows": 3530,
                      "Actual Loops": 4,
                      "Recheck Cond": "(keyword_id = 1382)",
                      "Rows Removed by Index Recheck": 0,
                      "Exact Heap Blocks": 5547,
                      "Lossy Heap Blocks": 0,
                      "Plans": [
                        {
                          "Node Type": "Bitmap Index Scan",
                          "Parent Relationship": "Outer",
                          "Parallel Aware": false,
                          "Index Name": "keyword_id_movie_keyword",
                          "Startup Cost": 0.0,
                          "Total Cost": 266.3,
                          "Plan Rows": 12516,
                          "Plan Width": 0,
                          "Actual Startup Time": 16.197,
                          "Actual Total Time": 16.197,
                          "Actual Rows": 14120,
                          "Actual Loops": 1,
                          "Index Cond": "(keyword_id = 1382)"
                        }
                      ]
                    },
                    {
                      "Node Type": "Index Scan",
                      "Parent Relationship": "Inner",
                      "Parallel Aware": false,
                      "Scan Direction": "Forward",
                      "Index Name": "title_pkey",
                      "Relation Name": "title",
                      "Alias": "t",
                      "Startup Cost": 0.43,
                      "Total Cost": 6.22,
                      "Plan Rows": 1,
                      "Plan Width": 4,
                      "Actual Startup Time": 0.01,
                      "Actual Total Time": 0.01,
                      "Actual Rows": 0,
                      "Actual Loops": 14120,
                      "Index Cond": "(id = mk.movie_id)",
                      "Rows Removed by Index Recheck": 0,
                      "Filter": "(production_year < 1982)",
                      "Rows Removed by Filter": 1
                    }
                  ]
                }
              ]
            }
          ]
        }
      ]
    },
    "Planning Time": 0.648,
    "Triggers": [],
    "Execution Time": 82.416
  }
]