[
  {
    "Plan": {
      "Node Type": "Aggregate",
      "Strategy": "Plain",
      "Partial Mode": "Finalize",
      "Parallel Aware": false,
      "Startup Cost": 80510.56,
      "Total Cost": 80510.57,
      "Plan Rows": 1,
      "Plan Width": 8,
      "Actual Startup Time": 400.525,
      "Actual Total Time": 414.784,
      "Actual Rows": 1,
      "Actual Loops": 1,
      "Plans": [
        {
          "Node Type": "Gather",
          "Parent Relationship": "Outer",
          "Parallel Aware": false,
          "Startup Cost": 80510.14,
          "Total Cost": 80510.55,
          "Plan Rows": 4,
          "Plan Width": 8,
          "Actual Startup Time": 396.288,
          "Actual Total Time": 414.773,
          "Actual Rows": 5,
          "Actual Loops": 1,
          "Workers Planned": 4,
          "Workers Launched": 4,
          "Single Copy": false,
          "Plans": [
            {
              "Node Type": "Aggregate",
              "Strategy": "Plain",
              "Partial Mode": "Partial",
              "Parent Relationship": "Outer",
              "Parallel Aware": false,
              "Startup Cost": 79510.14,
              "Total Cost": 79510.15,
              "Plan Rows": 1,
              "Plan Width": 8,
              "Actual Startup Time": 388.337,
              "Actual Total Time": 388.341,
              "Actual Rows": 1,
              "Actual Loops": 5,
              "Plans": [
                {
                  "Node Type": "Hash Join",
                  "Parent Relationship": "Outer",
                  "Parallel Aware": true,
                  "Join Type": "Inner",
                  "Startup Cost": 32794.34,
                  "Total Cost": 78970.17,
                  "Plan Rows": 215987,
                  "Plan Width": 0,
                  "Actual Startup Time": 143.876,
                  "Actual Total Time": 379.839,
                  "Actual Rows": 175495,
                  "Actual Loops": 5,
                  "Inner Unique": false,
                  "Hash Cond": "(t.id = mc.movie_id)",
                  "Plans": [
                    {
                      "Node Type": "Seq Scan",
                      "Parent Relationship": "Outer",
                      "Parallel Aware": true,
                      "Relation Name": "title",
                      "Alias": "t",
                      "Startup Cost": 0.0,
                      "Total Cost": 42318.73,
                      "Plan Rows": 632073,
                      "Plan Width": 4,
                      "Actual Startup Time": 0.016,
                      "Actual Total Time": 69.667,
                      "Actual Rows": 505662,
                      "Actual Loops": 5
                    },
                    {
                      "Node Type": "Hash",
                      "Parent Relationship": "Inner",
                      "Parallel Aware": true,
                      "Startup Cost": 29310.68,
                      "Total Cost": 29310.68,
                      "Plan Rows": 278693,
                      "Plan Width": 4,
                      "Actual Startup Time": 139.785,
                      "Actual Total Time": 139.786,
                      "Actual Rows": 175495,
                      "Actual Loops": 5,
                      "Hash Buckets": 1048576,
                      "Original Hash Buckets": 1048576,
                      "Hash Batches": 1,
                      "Original Hash Batches": 1,
                      "Peak Memory Usage": 42560,
                      "Plans": [
                        {
                          "Node Type": "Seq Scan",
                          "Parent Relationship": "Outer",
                          "Parallel Aware": true,
                          "Relation Name": "movie_companies",
                          "Alias": "mc",
                          "Startup Cost": 0.0,
                          "Total Cost": 29310.68,
                          "Plan Rows": 278693,
                          "Plan Width": 4,
                          "Actual Startup Time": 22.101,
                          "Actual Total Time": 78.175,
                          "Actual Rows": 175495,
                          "Actual Loops": 5,
                          "Filter": "(company_id > 23042)",
                          "Rows Removed by Filter": 346331
                        }
                      ]
                    }
                  ]
                }
              ]
            }
          ]
        }
      ]
    },
    "Planning Time": 0.495,
    "Triggers": [],
    "Execution Time": 414.842
  }
]