[
  {
    "Plan": {
      "Node Type": "Aggregate",
      "Strategy": "Plain",
      "Partial Mode": "Finalize",
      "Parallel Aware": false,
      "Startup Cost": 33157.72,
      "Total Cost": 33157.73,
      "Plan Rows": 1,
      "Plan Width": 8,
      "Actual Startup Time": 89.858,
      "Actual Total Time": 96.72,
      "Actual Rows": 1,
      "Actual Loops": 1,
      "Plans": [
        {
          "Node Type": "Gather",
          "Parent Relationship": "Outer",
          "Parallel Aware": false,
          "Startup Cost": 33157.4,
          "Total Cost": 33157.71,
          "Plan Rows": 3,
          "Plan Width": 8,
          "Actual Startup Time": 89.724,
          "Actual Total Time": 96.71,
          "Actual Rows": 4,
          "Actual Loops": 1,
          "Workers Planned": 3,
          "Workers Launched": 3,
          "Single Copy": false,
          "Plans": [
            {
              "Node Type": "Aggregate",
              "Strategy": "Plain",
              "Partial Mode": "Partial",
              "Parent Relationship": "Outer",
              "Parallel Aware": false,
              "Startup Cost": 32157.4,
              "Total Cost": 32157.41,
              "Plan Rows": 1,
              "Plan Width": 8,
              "Actual Startup Time": 84.62,
              "Actual Total Time": 84.621,
              "Actual Rows": 1,
              "Actual Loops": 4,
              "Plans": [
                {
                  "Node Type": "Seq Scan",
                  "Parent Relationship": "Outer",
                  "Parallel Aware": true,
                  "Relation Name": "movie_companies",
                  "Alias": "mc",
                  "Startup Cost": 0.0,
                  "Total Cost": 31414.82,
                  "Plan Rows": 297033,
                  "Plan Width": 0,
                  "Actual Startup Time": 38.137,
                  "Actual Total Time": 73.376,
                  "Actual Rows": 275405,
                  "Actual Loops": 4,
                  "Filter": "((company_id > 1831) AND (company_type_id = 2))",
                  "Rows Removed by Filter": 376877
                }
              ]
            }
          ]
        }
      ]
    },
    "Planning Time": 0.128,
    "Triggers": [],
    "Execution Time": 96.753
  }
]