[
  {
    "Plan": {
      "Node Type": "Aggregate",
      "Strategy": "Plain",
      "Partial Mode": "Finalize",
      "Parallel Aware": false,
      "Startup Cost": 33150.01,
      "Total Cost": 33150.02,
      "Plan Rows": 1,
      "Plan Width": 8,
      "Actual Startup Time": 103.44,
      "Actual Total Time": 109.209,
      "Actual Rows": 1,
      "Actual Loops": 1,
      "Plans": [
        {
          "Node Type": "Gather",
          "Parent Relationship": "Outer",
          "Parallel Aware": false,
          "Startup Cost": 33149.7,
          "Total Cost": 33150.01,
          "Plan Rows": 3,
          "Plan Width": 8,
          "Actual Startup Time": 103.298,
          "Actual Total Time": 109.201,
          "Actual Rows": 4,
          "Actual Loops": 1,
          "Workers Planned": 3,
          "Workers Launched": 3,
          "Single Copy": false,
          "Plans": [
            {
              "Node Type": "Aggregate",
              "Strategy": "Plain",
              "Partial Mode": "Partial",
              "Parent Relationship": "Outer",
              "Parallel Aware": false,
              "Startup Cost": 32149.7,
              "Total Cost": 32149.71,
              "Plan Rows": 1,
              "Plan Width": 8,
              "Actual Startup Time": 95.909,
              "Actual Total Time": 95.91,
              "Actual Rows": 1,
              "Actual Loops": 4,
              "Plans": [
                {
                  "Node Type": "Seq Scan",
                  "Parent Relationship": "Outer",
                  "Parallel Aware": true,
                  "Relation Name": "movie_companies",
                  "Alias": "mc",
                  "Startup Cost": 0.0,
                  "Total Cost": 31414.82,
                  "Plan Rows": 293951,
                  "Plan Width": 0,
                  "Actual Startup Time": 47.25,
                  "Actual Total Time": 84.266,
                  "Actual Rows": 275405,
                  "Actual Loops": 4,
                  "Filter": "((company_id > 1831) AND (company_type_id = 2))",
                  "Rows Removed by Filter": 376877
                }
              ]
            }
          ]
        }
      ]
    },
    "Planning Time": 0.231,
    "Triggers": [],
    "Execution Time": 109.268
  }
]