[
  {
    "Plan": {
      "Node Type": "Aggregate",
      "Strategy": "Plain",
      "Partial Mode": "Finalize",
      "Parallel Aware": false,
      "Startup Cost": 90215.49,
      "Total Cost": 90215.5,
      "Plan Rows": 1,
      "Plan Width": 8,
      "Actual Startup Time": 229.897,
      "Actual Total Time": 247.591,
      "Actual Rows": 1,
      "Actual Loops": 1,
      "Plans": [
        {
          "Node Type": "Gather",
          "Parent Relationship": "Outer",
          "Parallel Aware": false,
          "Startup Cost": 90215.18,
          "Total Cost": 90215.49,
          "Plan Rows": 3,
          "Plan Width": 8,
          "Actual Startup Time": 229.471,
          "Actual Total Time": 247.58,
          "Actual Rows": 4,
          "Actual Loops": 1,
          "Workers Planned": 3,
          "Workers Launched": 3,
          "Single Copy": false,
          "Plans": [
            {
              "Node Type": "Aggregate",
              "Strategy": "Plain",
              "Partial Mode": "Partial",
              "Parent Relationship": "Outer",
              "Parallel Aware": false,
              "Startup Cost": 89215.18,
              "Total Cost": 89215.19,
              "Plan Rows": 1,
              "Plan Width": 8,
              "Actual Startup Time": 220.532,
              "Actual Total Time": 220.536,
              "Actual Rows": 1,
              "Actual Loops": 4,
              "Plans": [
                {
                  "Node Type": "Hash Join",
                  "Parent Relationship": "Outer",
                  "Parallel Aware": true,
                  "Join Type": "Inner",
                  "Startup Cost": 45691.54,
                  "Total Cost": 89194.5,
                  "Plan Rows": 8269,
                  "Plan Width": 0,
                  "Actual Startup Time": 106.36,
                  "Actual Total Time": 220.441,
                  "Actual Rows": 1719,
                  "Actual Loops": 4,
                  "Inner Unique": true,
                  "Hash Cond": "(mk.movie_id = t.id)",
                  "Plans": [
                    {
                      "Node Type": "Seq Scan",
                      "Parent Relationship": "Outer",
                      "Parallel Aware": true,
                      "Relation Name": "movie_keyword",
                      "Alias": "mk",
                      "Startup Cost": 0.0,
                      "Total Cost": 42695.65,
                      "Plan Rows": 307548,
                      "Plan Width": 4,
                      "Actual Startup Time": 0.029,
                      "Actual Total Time": 89.721,
                      "Actual Rows": 238662,
                      "Actual Loops": 4,
                      "Filter": "(keyword_id < 894)",
                      "Rows Removed by Filter": 892321
                    },
                    {
                      "Node Type": "Hash",
                      "Parent Relationship": "Inner",
                      "Parallel Aware": true,
                      "Startup Cost": 45479.1,
                      "Total Cost": 45479.1,
                      "Plan Rows": 16995,
                      "Plan Width": 4,
                      "Actual Startup Time": 104.219,
                      "Actual Total Time": 104.22,
                      "Actual Rows": 18631,
                      "Actual Loops": 4,
                      "Hash Buckets": 131072,
                      "Original Hash Buckets": 131072,
                      "Hash Batches": 1,
                      "Original Hash Batches": 1,
                      "Peak Memory Usage": 4000,
                      "Plans": [
                        {
                          "Node Type": "Seq Scan",
                          "Parent Relationship": "Outer",
                          "Parallel Aware": true,
                          "Relation Name": "title",
                          "Alias": "t",
                          "Startup Cost": 0.0,
                          "Total Cost": 45479.1,
                          "Plan Rows": 16995,
                          "Plan Width": 4,
                          "Actual Startup Time": 0.053,
                          "Actual Total Time": 96.112,
                          "Actual Rows": 18631,
                          "Actual Loops": 4,
                          "Filter": "((kind_id = 7) AND (production_year = 2006))",
                          "Rows Removed by Filter": 613447
                        }
                      ]
                    }
                  ]
                }
              ]
            }
          ]
        }
      ]
    },
    "Planning Time": 0.571,
    "Triggers": [],
    "Execution Time": 247.658
  }
]