{
  "Plan": {
    "Node Type": "Aggregate",
    "Strategy": "Plain",
    "Partial Mode": "Finalize",
    "Parallel Aware": false,
    "Startup Cost": 88878.37,
    "Total Cost": 88878.38,
    "Plan Rows": 1,
    "Plan Width": 8,
    "Actual Startup Time": 417.738,
    "Actual Total Time": 435.528,
    "Actual Rows": 1,
    "Actual Loops": 1,
    "Plans": [
      {
        "Node Type": "Gather",
        "Parent Relationship": "Outer",
        "Parallel Aware": false,
        "Startup Cost": 88878.26,
        "Total Cost": 88878.37,
        "Plan Rows": 1,
        "Plan Width": 8,
        "Actual Startup Time": 417.266,
        "Actual Total Time": 435.517,
        "Actual Rows": 2,
        "Actual Loops": 1,
        "Workers Planned": 1,
        "Workers Launched": 1,
        "Single Copy": false,
        "Plans": [
          {
            "Node Type": "Aggregate",
            "Strategy": "Plain",
            "Partial Mode": "Partial",
            "Parent Relationship": "Outer",
            "Parallel Aware": false,
            "Startup Cost": 87878.26,
            "Total Cost": 87878.27,
            "Plan Rows": 1,
            "Plan Width": 8,
            "Actual Startup Time": 411.332,
            "Actual Total Time": 411.337,
            "Actual Rows": 1,
            "Actual Loops": 2,
            "Plans": [
              {
                "Node Type": "Hash Join",
                "Parent Relationship": "Outer",
                "Parallel Aware": true,
                "Join Type": "Inner",
                "Startup Cost": 26755.69,
                "Total Cost": 87762.94,
                "Plan Rows": 46126,
                "Plan Width": 0,
                "Actual Startup Time": 88.49,
                "Actual Total Time": 409.785,
                "Actual Rows": 16276,
                "Actual Loops": 2,
                "Inner Unique": false,
                "Hash Cond": "(t.id = mc.movie_id)",
                "Plans": [
                  {
                    "Node Type": "Seq Scan",
                    "Parent Relationship": "Outer",
                    "Parallel Aware": true,
                    "Relation Name": "title",
                    "Alias": "t",
                    "Startup Cost": 0.0,
                    "Total Cost": 54588.39,
                    "Plan Rows": 983605,
                    "Plan Width": 4,
                    "Actual Startup Time": 0.014,
                    "Actual Total Time": 200.383,
                    "Actual Rows": 837049,
                    "Actual Loops": 2,
                    "Filter": "(kind_id > 3)",
                    "Rows Removed by Filter": 427107
                  },
                  {
                    "Node Type": "Hash",
                    "Parent Relationship": "Inner",
                    "Parallel Aware": true,
                    "Startup Cost": 25883.89,
                    "Total Cost": 25883.89,
                    "Plan Rows": 69744,
                    "Plan Width": 4,
                    "Actual Startup Time": 86.144,
                    "Actual Total Time": 86.145,
                    "Actual Rows": 27195,
                    "Actual Loops": 2,
                    "Hash Buckets": 131072,
                    "Original Hash Buckets": 131072,
                    "Hash Batches": 1,
                    "Original Hash Batches": 1,
                    "Peak Memory Usage": 3200,
                    "Plans": [
                      {
                        "Node Type": "Bitmap Heap Scan",
                        "Parent Relationship": "Outer",
                        "Parallel Aware": true,
                        "Relation Name": "movie_companies",
                        "Alias": "mc",
                        "Startup Cost": 5033.45,
                        "Total Cost": 25883.89,
                        "Plan Rows": 69744,
                        "Plan Width": 4,
                        "Actual Startup Time": 63.269,
                        "Actual Total Time": 79.141,
                        "Actual Rows": 27195,
                        "Actual Loops": 2,
                        "Recheck Cond": "(company_id < 93)",
                        "Rows Removed by Index Recheck": 0,
                        "Filter": "(company_type_id > 1)",
                        "Rows Removed by Filter": 89138,
                        "Exact Heap Blocks": 13177,
                        "Lossy Heap Blocks": 0,
                        "Plans": [
                          {
                            "Node Type": "Bitmap Index Scan",
                            "Parent Relationship": "Outer",
                            "Parallel Aware": false,
                            "Index Name": "company_id_movie_companies",
                            "Startup Cost": 0.0,
                            "Total Cost": 5003.81,
                            "Plan Rows": 233517,
                            "Plan Width": 0,
                            "Actual Startup Time": 26.553,
                            "Actual Total Time": 26.553,
                            "Actual Rows": 232665,
                            "Actual Loops": 1,
                            "Index Cond": "(company_id < 93)"
                          }
                        ]
                      }
                    ]
                  }
                ]
              }
            ]
          }
        ]
      }
    ]
  },
  "Planning Time": 0.644,
  "Triggers": [],
  "Execution Time": 435.619
}