[
  {
    "Plan": {
      "Node Type": "Aggregate",
      "Strategy": "Plain",
      "Partial Mode": "Finalize",
      "Parallel Aware": false,
      "Startup Cost": 47169.54,
      "Total Cost": 47169.55,
      "Plan Rows": 1,
      "Plan Width": 8,
      "Actual Startup Time": 170.643,
      "Actual Total Time": 179.044,
      "Actual Rows": 1,
      "Actual Loops": 1,
      "Plans": [
        {
          "Node Type": "Gather",
          "Parent Relationship": "Outer",
          "Parallel Aware": false,
          "Startup Cost": 47169.22,
          "Total Cost": 47169.53,
          "Plan Rows": 3,
          "Plan Width": 8,
          "Actual Startup Time": 170.514,
          "Actual Total Time": 179.037,
          "Actual Rows": 4,
          "Actual Loops": 1,
          "Workers Planned": 3,
          "Workers Launched": 3,
          "Single Copy": false,
          "Plans": [
            {
              "Node Type": "Aggregate",
              "Strategy": "Plain",
              "Partial Mode": "Partial",
              "Parent Relationship": "Outer",
              "Parallel Aware": false,
              "Startup Cost": 46169.22,
              "Total Cost": 46169.23,
              "Plan Rows": 1,
              "Plan Width": 8,
              "Actual Startup Time": 164.86,
              "Actual Total Time": 164.861,
              "Actual Rows": 1,
              "Actual Loops": 4,
              "Plans": [
                {
                  "Node Type": "Seq Scan",
                  "Parent Relationship": "Outer",
                  "Parallel Aware": true,
                  "Relation Name": "movie_keyword",
                  "Alias": "mk",
                  "Startup Cost": 0.0,
                  "Total Cost": 42695.65,
                  "Plan Rows": 1389427,
                  "Plan Width": 0,
                  "Actual Startup Time": 0.046,
                  "Actual Total Time": 117.763,
                  "Actual Rows": 1078548,
                  "Actual Loops": 4,
                  "Filter": "(keyword_id < 66739)",
                  "Rows Removed by Filter": 52434
                }
              ]
            }
          ]
        }
      ]
    },
    "Planning Time": 0.15,
    "Triggers": [],
    "Execution Time": 179.09
  }
]