[
  {
    "Plan": {
      "Node Type": "Aggregate",
      "Strategy": "Plain",
      "Partial Mode": "Finalize",
      "Parallel Aware": false,
      "Startup Cost": 35249.65,
      "Total Cost": 35249.66,
      "Plan Rows": 1,
      "Plan Width": 8,
      "Actual Startup Time": 317.884,
      "Actual Total Time": 374.192,
      "Actual Rows": 1,
      "Actual Loops": 1,
      "Plans": [
        {
          "Node Type": "Gather",
          "Parent Relationship": "Outer",
          "Parallel Aware": false,
          "Startup Cost": 35249.43,
          "Total Cost": 35249.64,
          "Plan Rows": 2,
          "Plan Width": 8,
          "Actual Startup Time": 317.643,
          "Actual Total Time": 374.182,
          "Actual Rows": 3,
          "Actual Loops": 1,
          "Workers Planned": 2,
          "Workers Launched": 2,
          "Single Copy": false,
          "Plans": [
            {
              "Node Type": "Aggregate",
              "Strategy": "Plain",
              "Partial Mode": "Partial",
              "Parent Relationship": "Outer",
              "Parallel Aware": false,
              "Startup Cost": 34249.43,
              "Total Cost": 34249.44,
              "Plan Rows": 1,
              "Plan Width": 8,
              "Actual Startup Time": 308.867,
              "Actual Total Time": 308.869,
              "Actual Rows": 1,
              "Actual Loops": 3,
              "Plans": [
                {
                  "Node Type": "Nested Loop",
                  "Parent Relationship": "Outer",
                  "Parallel Aware": false,
                  "Join Type": "Inner",
                  "Startup Cost": 119.5,
                  "Total Cost": 34232.71,
                  "Plan Rows": 6689,
                  "Plan Width": 0,
                  "Actual Startup Time": 3.396,
                  "Actual Total Time": 308.221,
                  "Actual Rows": 7140,
                  "Actual Loops": 3,
                  "Inner Unique": false,
                  "Plans": [
                    {
                      "Node Type": "Nested Loop",
                      "Parent Relationship": "Outer",
                      "Parallel Aware": false,
                      "Join Type": "Inner",
                      "Startup Cost": 118.94,
                      "Total Cost": 29520.74,
                      "Plan Rows": 2262,
                      "Plan Width": 8,
                      "Actual Startup Time": 2.908,
                      "Actual Total Time": 31.666,
                      "Actual Rows": 2095,
                      "Actual Loops": 3,
                      "Inner Unique": true,
                      "Plans": [
                        {
                          "Node Type": "Bitmap Heap Scan",
                          "Parent Relationship": "Outer",
                          "Parallel Aware": true,
                          "Relation Name": "movie_keyword",
                          "Alias": "mk",
                          "Startup Cost": 118.51,
                          "Total Cost": 13140.73,
                          "Plan Rows": 2262,
                          "Plan Width": 4,
                          "Actual Startup Time": 2.744,
                          "Actual Total Time": 11.497,
                          "Actual Rows": 2095,
                          "Actual Loops": 3,
                          "Recheck Cond": "(keyword_id = 2276)",
                          "Rows Removed by Index Recheck": 0,
                          "Exact Heap Blocks": 3019,
                          "Lossy Heap Blocks": 0,
                          "Plans": [
                            {
                              "Node Type": "Bitmap Index Scan",
                              "Parent Relationship": "Outer",
                              "Parallel Aware": false,
                              "Index Name": "keyword_id_movie_keyword",
                              "Startup Cost": 0.0,
                              "Total Cost": 117.15,
                              "Plan Rows": 5429,
                              "Plan Width": 0,
                              "Actual Startup Time": 5.067,
                              "Actual Total Time": 5.068,
                              "Actual Rows": 6286,
                              "Actual Loops": 1,
                              "Index Cond": "(keyword_id = 2276)"
                            }
                          ]
                        },
                        {
                          "Node Type": "Index Only Scan",
                          "Parent Relationship": "Inner",
                          "Parallel Aware": false,
                          "Scan Direction": "Forward",
                          "Index Name": "title_pkey",
                          "Relation Name": "title",
                          "Alias": "t",
                          "Startup Cost": 0.43,
                          "Total Cost": 7.24,
                          "Plan Rows": 1,
                          "Plan Width": 4,
                          "Actual Startup Time": 0.009,
                          "Actual Total Time": 0.009,
                          "Actual Rows": 1,
                          "Actual Loops": 6286,
                          "Index Cond": "(id = mk.movie_id)",
                          "Rows Removed by Index Recheck": 0,
                          "Heap Fetches": 6286
                        }
                      ]
                    },
                    {
                      "Node Type": "Index Scan",
                      "Parent Relationship": "Inner",
                      "Parallel Aware": false,
                      "Scan Direction": "Forward",
                      "Index Name": "movie_id_cast_info",
                      "Relation Name": "cast_info",
                      "Alias": "ci",
                      "Startup Cost": 0.56,
                      "Total Cost": 2.0,
                      "Plan Rows": 8,
                      "Plan Width": 4,
                      "Actual Startup Time": 0.055,
                      "Actual Total Time": 0.131,
                      "Actual Rows": 3,
                      "Actual Loops": 6286,
                      "Index Cond": "(movie_id = t.id)",
                      "Rows Removed by Index Recheck": 0,
                      "Filter": "((person_id > 1430699) AND (role_id = 1))",
                      "Rows Removed by Filter": 53
                    }
                  ]
                }
              ]
            }
          ]
        }
      ]
    },
    "Planning Time": 1.46,
    "Triggers": [],
    "Execution Time": 374.333
  }
]