[
  {
    "Plan": {
      "Node Type": "Aggregate",
      "Strategy": "Plain",
      "Partial Mode": "Finalize",
      "Parallel Aware": false,
      "Startup Cost": 378694.41,
      "Total Cost": 378694.42,
      "Plan Rows": 1,
      "Plan Width": 8,
      "Actual Startup Time": 670.108,
      "Actual Total Time": 696.948,
      "Actual Rows": 1,
      "Actual Loops": 1,
      "Plans": [
        {
          "Node Type": "Gather",
          "Parent Relationship": "Outer",
          "Parallel Aware": false,
          "Startup Cost": 378693.79,
          "Total Cost": 378694.4,
          "Plan Rows": 6,
          "Plan Width": 8,
          "Actual Startup Time": 668.017,
          "Actual Total Time": 696.935,
          "Actual Rows": 7,
          "Actual Loops": 1,
          "Workers Planned": 6,
          "Workers Launched": 6,
          "Single Copy": false,
          "Plans": [
            {
              "Node Type": "Aggregate",
              "Strategy": "Plain",
              "Partial Mode": "Partial",
              "Parent Relationship": "Outer",
              "Parallel Aware": false,
              "Startup Cost": 377693.79,
              "Total Cost": 377693.8,
              "Plan Rows": 1,
              "Plan Width": 8,
              "Actual Startup Time": 656.302,
              "Actual Total Time": 656.306,
              "Actual Rows": 1,
              "Actual Loops": 7,
              "Plans": [
                {
                  "Node Type": "Hash Join",
                  "Parent Relationship": "Outer",
                  "Parallel Aware": true,
                  "Join Type": "Inner",
                  "Startup Cost": 45121.66,
                  "Total Cost": 377573.12,
                  "Plan Rows": 48267,
                  "Plan Width": 0,
                  "Actual Startup Time": 140.65,
                  "Actual Total Time": 648.667,
                  "Actual Rows": 151639,
                  "Actual Loops": 7,
                  "Inner Unique": true,
                  "Hash Cond": "(ci.movie_id = t.id)",
                  "Plans": [
                    {
                      "Node Type": "Index Scan",
                      "Parent Relationship": "Outer",
                      "Parallel Aware": true,
                      "Scan Direction": "Forward",
                      "Index Name": "role_id_cast_info",
                      "Relation Name": "cast_info",
                      "Alias": "ci",
                      "Startup Cost": 0.56,
                      "Total Cost": 331632.96,
                      "Plan Rows": 312027,
                      "Plan Width": 4,
                      "Actual Startup Time": 31.27,
                      "Actual Total Time": 348.597,
                      "Actual Rows": 763564,
                      "Actual Loops": 7,
                      "Index Cond": "(role_id > 3)",
                      "Rows Removed by Index Recheck": 0,
                      "Filter": "(person_id > 3125165)",
                      "Rows Removed by Filter": 966957
                    },
                    {
                      "Node Type": "Hash",
                      "Parent Relationship": "Inner",
                      "Parallel Aware": true,
                      "Startup Cost": 43898.92,
                      "Total Cost": 43898.92,
                      "Plan Rows": 97774,
                      "Plan Width": 4,
                      "Actual Startup Time": 107.428,
                      "Actual Total Time": 107.429,
                      "Actual Rows": 55952,
                      "Actual Loops": 7,
                      "Hash Buckets": 524288,
                      "Original Hash Buckets": 524288,
                      "Hash Batches": 1,
                      "Original Hash Batches": 1,
                      "Peak Memory Usage": 19552,
                      "Plans": [
                        {
                          "Node Type": "Seq Scan",
                          "Parent Relationship": "Outer",
                          "Parallel Aware": true,
                          "Relation Name": "title",
                          "Alias": "t",
                          "Startup Cost": 0.0,
                          "Total Cost": 43898.92,
                          "Plan Rows": 97774,
                          "Plan Width": 4,
                          "Actual Startup Time": 0.045,
                          "Actual Total Time": 79.951,
                          "Actual Rows": 55952,
                          "Actual Loops": 7,
                          "Filter": "(production_year > 2010)",
                          "Rows Removed by Filter": 305235
                        }
                      ]
                    }
                  ]
                }
              ]
            }
          ]
        }
      ]
    },
    "Planning Time": 0.713,
    "Triggers": [],
    "Execution Time": 697.045
  }
]