[
  {
    "Plan": {
      "Node Type": "Aggregate",
      "Strategy": "Plain",
      "Partial Mode": "Finalize",
      "Parallel Aware": false,
      "Startup Cost": 61735.98,
      "Total Cost": 61735.99,
      "Plan Rows": 1,
      "Plan Width": 8,
      "Actual Startup Time": 67.021,
      "Actual Total Time": 77.532,
      "Actual Rows": 1,
      "Actual Loops": 1,
      "Plans": [
        {
          "Node Type": "Gather",
          "Parent Relationship": "Outer",
          "Parallel Aware": false,
          "Startup Cost": 61735.66,
          "Total Cost": 61735.97,
          "Plan Rows": 3,
          "Plan Width": 8,
          "Actual Startup Time": 66.8,
          "Actual Total Time": 77.528,
          "Actual Rows": 4,
          "Actual Loops": 1,
          "Workers Planned": 3,
          "Workers Launched": 3,
          "Single Copy": false,
          "Plans": [
            {
              "Node Type": "Aggregate",
              "Strategy": "Plain",
              "Partial Mode": "Partial",
              "Parent Relationship": "Outer",
              "Parallel Aware": false,
              "Startup Cost": 60735.66,
              "Total Cost": 60735.67,
              "Plan Rows": 1,
              "Plan Width": 8,
              "Actual Startup Time": 55.653,
              "Actual Total Time": 55.655,
              "Actual Rows": 1,
              "Actual Loops": 4,
              "Plans": [
                {
                  "Node Type": "Nested Loop",
                  "Parent Relationship": "Outer",
                  "Parallel Aware": false,
                  "Join Type": "Inner",
                  "Startup Cost": 447.31,
                  "Total Cost": 60718.75,
                  "Plan Rows": 6762,
                  "Plan Width": 0,
                  "Actual Startup Time": 1.436,
                  "Actual Total Time": 55.044,
                  "Actual Rows": 5130,
                  "Actual Loops": 4,
                  "Inner Unique": true,
                  "Plans": [
                    {
                      "Node Type": "Bitmap Heap Scan",
                      "Parent Relationship": "Outer",
                      "Parallel Aware": true,
                      "Relation Name": "movie_keyword",
                      "Alias": "mk",
                      "Startup Cost": 446.88,
                      "Total Cost": 25125.73,
                      "Plan Rows": 6762,
                      "Plan Width": 4,
                      "Actual Startup Time": 1.29,
                      "Actual Total Time": 19.12,
                      "Actual Rows": 5130,
                      "Actual Loops": 4,
                      "Recheck Cond": "(keyword_id = 382)",
                      "Rows Removed by Index Recheck": 0,
                      "Exact Heap Blocks": 6765,
                      "Lossy Heap Blocks": 0,
                      "Plans": [
                        {
                          "Node Type": "Bitmap Index Scan",
                          "Parent Relationship": "Outer",
                          "Parallel Aware": false,
                          "Index Name": "keyword_id_movie_keyword",
                          "Startup Cost": 0.0,
                          "Total Cost": 441.64,
                          "Plan Rows": 20961,
                          "Plan Width": 0,
                          "Actual Startup Time": 2.61,
                          "Actual Total Time": 2.61,
                          "Actual Rows": 20522,
                          "Actual Loops": 1,
                          "Index Cond": "(keyword_id = 382)"
                        }
                      ]
                    },
                    {
                      "Node Type": "Index Only Scan",
                      "Parent Relationship": "Inner",
                      "Parallel Aware": false,
                      "Scan Direction": "Forward",
                      "Index Name": "title_pkey",
                      "Relation Name": "title",
                      "Alias": "t",
                      "Startup Cost": 0.43,
                      "Total Cost": 5.26,
                      "Plan Rows": 1,
                      "Plan Width": 4,
                      "Actual Startup Time": 0.006,
                      "Actual Total Time": 0.006,
                      "Actual Rows": 1,
                      "Actual Loops": 20522,
                      "Index Cond": "(id = mk.movie_id)",
                      "Rows Removed by Index Recheck": 0,
                      "Heap Fetches": 20522
                    }
                  ]
                }
              ]
            }
          ]
        }
      ]
    },
    "Planning Time": 0.188,
    "Triggers": [],
    "Execution Time": 77.565
  }
]