[
  {
    "Plan": {
      "Node Type": "Aggregate",
      "Strategy": "Plain",
      "Partial Mode": "Finalize",
      "Parallel Aware": false,
      "Startup Cost": 242412.77,
      "Total Cost": 242412.78,
      "Plan Rows": 1,
      "Plan Width": 8,
      "Actual Startup Time": 250.794,
      "Actual Total Time": 278.384,
      "Actual Rows": 1,
      "Actual Loops": 1,
      "Plans": [
        {
          "Node Type": "Gather",
          "Parent Relationship": "Outer",
          "Parallel Aware": false,
          "Startup Cost": 242412.25,
          "Total Cost": 242412.76,
          "Plan Rows": 5,
          "Plan Width": 8,
          "Actual Startup Time": 246.938,
          "Actual Total Time": 278.373,
          "Actual Rows": 6,
          "Actual Loops": 1,
          "Workers Planned": 5,
          "Workers Launched": 5,
          "Single Copy": false,
          "Plans": [
            {
              "Node Type": "Aggregate",
              "Strategy": "Plain",
              "Partial Mode": "Partial",
              "Parent Relationship": "Outer",
              "Parallel Aware": false,
              "Startup Cost": 241412.25,
              "Total Cost": 241412.26,
              "Plan Rows": 1,
              "Plan Width": 8,
              "Actual Startup Time": 240.235,
              "Actual Total Time": 240.239,
              "Actual Rows": 1,
              "Actual Loops": 6,
              "Plans": [
                {
                  "Node Type": "Nested Loop",
                  "Parent Relationship": "Outer",
                  "Parallel Aware": false,
                  "Join Type": "Inner",
                  "Startup Cost": 47973.09,
                  "Total Cost": 241360.75,
                  "Plan Rows": 20600,
                  "Plan Width": 0,
                  "Actual Startup Time": 103.428,
                  "Actual Total Time": 236.204,
                  "Actual Rows": 77054,
                  "Actual Loops": 6,
                  "Inner Unique": false,
                  "Join Filter": "(t.id = ci.movie_id)",
                  "Rows Removed by Join Filter": 0,
                  "Plans": [
                    {
                      "Node Type": "Hash Join",
                      "Parent Relationship": "Outer",
                      "Parallel Aware": true,
                      "Join Type": "Inner",
                      "Startup Cost": 47972.53,
                      "Total Cost": 219015.33,
                      "Plan Rows": 2486,
                      "Plan Width": 8,
                      "Actual Startup Time": 103.323,
                      "Actual Total Time": 106.744,
                      "Actual Rows": 1379,
                      "Actual Loops": 6,
                      "Inner Unique": true,
                      "Hash Cond": "(mi.movie_id = t.id)",
                      "Plans": [
                        {
                          "Node Type": "Bitmap Heap Scan",
                          "Parent Relationship": "Outer",
                          "Parallel Aware": true,
                          "Relation Name": "movie_info",
                          "Alias": "mi",
                          "Startup Cost": 3576.48,
                          "Total Cost": 174515.5,
                          "Plan Rows": 39537,
                          "Plan Width": 4,
                          "Actual Startup Time": 6.984,
                          "Actual Total Time": 16.797,
                          "Actual Rows": 32959,
                          "Actual Loops": 6,
                          "Recheck Cond": "(info_type_id > 106)",
                          "Rows Removed by Index Recheck": 0,
                          "Exact Heap Blocks": 1307,
                          "Lossy Heap Blocks": 0,
                          "Plans": [
                            {
                              "Node Type": "Bitmap Index Scan",
                              "Parent Relationship": "Outer",
                              "Parallel Aware": false,
                              "Index Name": "info_type_id_movie_info",
                              "Startup Cost": 0.0,
                              "Total Cost": 3527.06,
                              "Plan Rows": 197683,
                              "Plan Width": 0,
                              "Actual Startup Time": 6.146,
                              "Actual Total Time": 6.147,
                              "Actual Rows": 197754,
                              "Actual Loops": 1,
                              "Index Cond": "(info_type_id > 106)"
                            }
                          ]
                        },
                        {
                          "Node Type": "Hash",
                          "Parent Relationship": "Inner",
                          "Parallel Aware": true,
                          "Startup Cost": 43899.32,
                          "Total Cost": 43899.32,
                          "Plan Rows": 39738,
                          "Plan Width": 4,
                          "Actual Startup Time": 84.423,
                          "Actual Total Time": 84.424,
                          "Actual Rows": 26670,
                          "Actual Loops": 6,
                          "Hash Buckets": 262144,
                          "Original Hash Buckets": 262144,
                          "Hash Batches": 1,
                          "Original Hash Batches": 1,
                          "Peak Memory Usage": 8384,
                          "Plans": [
                            {
                              "Node Type": "Seq Scan",
                              "Parent Relationship": "Outer",
                              "Parallel Aware": true,
                              "Relation Name": "title",
                              "Alias": "t",
                              "Startup Cost": 0.0,
                              "Total Cost": 43899.32,
                              "Plan Rows": 39738,
                              "Plan Width": 4,
                              "Actual Startup Time": 0.033,
                              "Actual Total Time": 73.302,
                              "Actual Rows": 26670,
                              "Actual Loops": 6,
                              "Filter": "(production_year = 2011)",
                              "Rows Removed by Filter": 394716
                            }
                          ]
                        }
                      ]
                    },
                    {
                      "Node Type": "Index Scan",
                      "Parent Relationship": "Inner",
                      "Parallel Aware": false,
                      "Scan Direction": "Forward",
                      "Index Name": "movie_id_cast_info",
                      "Relation Name": "cast_info",
                      "Alias": "ci",
                      "Startup Cost": 0.56,
                      "Total Cost": 8.74,
                      "Plan Rows": 20,
                      "Plan Width": 4,
                      "Actual Startup Time": 0.005,
                      "Actual Total Time": 0.089,
                      "Actual Rows": 56,
                      "Actual Loops": 8272,
                      "Index Cond": "(movie_id = mi.movie_id)",
                      "Rows Removed by Index Recheck": 0,
                      "Filter": "((person_id < 2735076) AND (role_id < 8))",
                      "Rows Removed by Filter": 67
                    }
                  ]
                }
              ]
            }
          ]
        }
      ]
    },
    "Planning Time": 0.588,
    "Triggers": [],
    "Execution Time": 278.457
  }
]