[
  {
    "Plan": {
      "Node Type": "Aggregate",
      "Strategy": "Plain",
      "Partial Mode": "Finalize",
      "Parallel Aware": false,
      "Startup Cost": 46707.51,
      "Total Cost": 46707.52,
      "Plan Rows": 1,
      "Plan Width": 8,
      "Actual Startup Time": 198.482,
      "Actual Total Time": 208.722,
      "Actual Rows": 1,
      "Actual Loops": 1,
      "Plans": [
        {
          "Node Type": "Gather",
          "Parent Relationship": "Outer",
          "Parallel Aware": false,
          "Startup Cost": 46707.19,
          "Total Cost": 46707.5,
          "Plan Rows": 3,
          "Plan Width": 8,
          "Actual Startup Time": 198.351,
          "Actual Total Time": 208.713,
          "Actual Rows": 4,
          "Actual Loops": 1,
          "Workers Planned": 3,
          "Workers Launched": 3,
          "Single Copy": false,
          "Plans": [
            {
              "Node Type": "Aggregate",
              "Strategy": "Plain",
              "Partial Mode": "Partial",
              "Parent Relationship": "Outer",
              "Parallel Aware": false,
              "Startup Cost": 45707.19,
              "Total Cost": 45707.2,
              "Plan Rows": 1,
              "Plan Width": 8,
              "Actual Startup Time": 191.769,
              "Actual Total Time": 191.77,
              "Actual Rows": 1,
              "Actual Loops": 4,
              "Plans": [
                {
                  "Node Type": "Seq Scan",
                  "Parent Relationship": "Outer",
                  "Parallel Aware": true,
                  "Relation Name": "movie_keyword",
                  "Alias": "mk",
                  "Startup Cost": 0.0,
                  "Total Cost": 42695.65,
                  "Plan Rows": 1204614,
                  "Plan Width": 0,
                  "Actual Startup Time": 0.05,
                  "Actual Total Time": 141.474,
                  "Actual Rows": 934108,
                  "Actual Loops": 4,
                  "Filter": "(keyword_id < 23913)",
                  "Rows Removed by Filter": 196874
                }
              ]
            }
          ]
        }
      ]
    },
    "Planning Time": 0.128,
    "Triggers": [],
    "Execution Time": 208.76
  }
]