{
  "Plan": {
    "Node Type": "Aggregate",
    "Strategy": "Plain",
    "Partial Mode": "Finalize",
    "Parallel Aware": false,
    "Startup Cost": 146621.85,
    "Total Cost": 146621.86,
    "Plan Rows": 1,
    "Plan Width": 8,
    "Actual Startup Time": 793.827,
    "Actual Total Time": 813.39,
    "Actual Rows": 1,
    "Actual Loops": 1,
    "Plans": [
      {
        "Node Type": "Gather",
        "Parent Relationship": "Outer",
        "Parallel Aware": false,
        "Startup Cost": 146621.74,
        "Total Cost": 146621.85,
        "Plan Rows": 1,
        "Plan Width": 8,
        "Actual Startup Time": 787.62,
        "Actual Total Time": 813.381,
        "Actual Rows": 2,
        "Actual Loops": 1,
        "Workers Planned": 1,
        "Workers Launched": 1,
        "Single Copy": false,
        "Plans": [
          {
            "Node Type": "Aggregate",
            "Strategy": "Plain",
            "Partial Mode": "Partial",
            "Parent Relationship": "Outer",
            "Parallel Aware": false,
            "Startup Cost": 145621.74,
            "Total Cost": 145621.75,
            "Plan Rows": 1,
            "Plan Width": 8,
            "Actual Startup Time": 775.603,
            "Actual Total Time": 775.609,
            "Actual Rows": 1,
            "Actual Loops": 2,
            "Plans": [
              {
                "Node Type": "Hash Join",
                "Parent Relationship": "Outer",
                "Parallel Aware": false,
                "Join Type": "Inner",
                "Startup Cost": 89030.52,
                "Total Cost": 145621.49,
                "Plan Rows": 101,
                "Plan Width": 0,
                "Actual Startup Time": 593.606,
                "Actual Total Time": 775.563,
                "Actual Rows": 534,
                "Actual Loops": 2,
                "Inner Unique": false,
                "Hash Cond": "(t.id = ci.movie_id)",
                "Plans": [
                  {
                    "Node Type": "Hash Join",
                    "Parent Relationship": "Outer",
                    "Parallel Aware": true,
                    "Join Type": "Inner",
                    "Startup Cost": 87965.88,
                    "Total Cost": 120181.26,
                    "Plan Rows": 513149,
                    "Plan Width": 8,
                    "Actual Startup Time": 548.701,
                    "Actual Total Time": 749.963,
                    "Actual Rows": 442786,
                    "Actual Loops": 2,
                    "Inner Unique": true,
                    "Hash Cond": "(mk.movie_id = t.id)",
                    "Plans": [
                      {
                        "Node Type": "Bitmap Heap Scan",
                        "Parent Relationship": "Outer",
                        "Parallel Aware": true,
                        "Relation Name": "movie_keyword",
                        "Alias": "mk",
                        "Startup Cost": 18505.18,
                        "Total Cost": 49373.54,
                        "Plan Rows": 513149,
                        "Plan Width": 4,
                        "Actual Startup Time": 42.557,
                        "Actual Total Time": 125.274,
                        "Actual Rows": 442786,
                        "Actual Loops": 2,
                        "Recheck Cond": "(keyword_id < 837)",
                        "Rows Removed by Index Recheck": 0,
                        "Exact Heap Blocks": 13293,
                        "Lossy Heap Blocks": 0,
                        "Plans": [
                          {
                            "Node Type": "Bitmap Index Scan",
                            "Parent Relationship": "Outer",
                            "Parallel Aware": false,
                            "Index Name": "keyword_id_movie_keyword",
                            "Startup Cost": 0.0,
                            "Total Cost": 18287.09,
                            "Plan Rows": 872354,
                            "Plan Width": 0,
                            "Actual Startup Time": 38.953,
                            "Actual Total Time": 38.954,
                            "Actual Rows": 885573,
                            "Actual Loops": 1,
                            "Index Cond": "(keyword_id < 837)"
                          }
                        ]
                      },
                      {
                        "Node Type": "Hash",
                        "Parent Relationship": "Inner",
                        "Parallel Aware": true,
                        "Startup Cost": 50870.31,
                        "Total Cost": 50870.31,
                        "Plan Rows": 1487231,
                        "Plan Width": 4,
                        "Actual Startup Time": 484.906,
                        "Actual Total Time": 484.907,
                        "Actual Rows": 1264156,
                        "Actual Loops": 2,
                        "Hash Buckets": 4194304,
                        "Original Hash Buckets": 4194304,
                        "Hash Batches": 1,
                        "Original Hash Batches": 1,
                        "Peak Memory Usage": 131712,
                        "Plans": [
                          {
                            "Node Type": "Seq Scan",
                            "Parent Relationship": "Outer",
                            "Parallel Aware": true,
                            "Relation Name": "title",
                            "Alias": "t",
                            "Startup Cost": 0.0,
                            "Total Cost": 50870.31,
                            "Plan Rows": 1487231,
                            "Plan Width": 4,
                            "Actual Startup Time": 0.025,
                            "Actual Total Time": 149.885,
                            "Actual Rows": 1264156,
                            "Actual Loops": 2
                          }
                        ]
                      }
                    ]
                  },
                  {
                    "Node Type": "Hash",
                    "Parent Relationship": "Inner",
                    "Parallel Aware": false,
                    "Startup Cost": 1058.43,
                    "Total Cost": 1058.43,
                    "Plan Rows": 497,
                    "Plan Width": 4,
                    "Actual Startup Time": 0.571,
                    "Actual Total Time": 0.571,
                    "Actual Rows": 203,
                    "Actual Loops": 2,
                    "Hash Buckets": 1024,
                    "Original Hash Buckets": 1024,
                    "Hash Batches": 1,
                    "Original Hash Batches": 1,
                    "Peak Memory Usage": 16,
                    "Plans": [
                      {
                        "Node Type": "Index Scan",
                        "Parent Relationship": "Outer",
                        "Parallel Aware": false,
                        "Scan Direction": "Forward",
                        "Index Name": "person_id_cast_info",
                        "Relation Name": "cast_info",
                        "Alias": "ci",
                        "Startup Cost": 0.56,
                        "Total Cost": 1058.43,
                        "Plan Rows": 497,
                        "Plan Width": 4,
                        "Actual Startup Time": 0.268,
                        "Actual Total Time": 0.471,
                        "Actual Rows": 203,
                        "Actual Loops": 2,
                        "Index Cond": "(person_id = 1421439)",
                        "Rows Removed by Index Recheck": 0
                      }
                    ]
                  }
                ]
              }
            ]
          }
        ]
      }
    ]
  },
  "Planning Time": 0.941,
  "Triggers": [],
  "Execution Time": 813.494
}