[
  {
    "Plan": {
      "Node Type": "Aggregate",
      "Strategy": "Plain",
      "Partial Mode": "Finalize",
      "Parallel Aware": false,
      "Startup Cost": 337812.08,
      "Total Cost": 337812.09,
      "Plan Rows": 1,
      "Plan Width": 8,
      "Actual Startup Time": 825.723,
      "Actual Total Time": 871.731,
      "Actual Rows": 1,
      "Actual Loops": 1,
      "Plans": [
        {
          "Node Type": "Gather",
          "Parent Relationship": "Outer",
          "Parallel Aware": false,
          "Startup Cost": 337811.45,
          "Total Cost": 337812.06,
          "Plan Rows": 6,
          "Plan Width": 8,
          "Actual Startup Time": 825.479,
          "Actual Total Time": 871.721,
          "Actual Rows": 7,
          "Actual Loops": 1,
          "Workers Planned": 6,
          "Workers Launched": 6,
          "Single Copy": false,
          "Plans": [
            {
              "Node Type": "Aggregate",
              "Strategy": "Plain",
              "Partial Mode": "Partial",
              "Parent Relationship": "Outer",
              "Parallel Aware": false,
              "Startup Cost": 336811.45,
              "Total Cost": 336811.46,
              "Plan Rows": 1,
              "Plan Width": 8,
              "Actual Startup Time": 816.792,
              "Actual Total Time": 816.793,
              "Actual Rows": 1,
              "Actual Loops": 7,
              "Plans": [
                {
                  "Node Type": "Seq Scan",
                  "Parent Relationship": "Outer",
                  "Parallel Aware": true,
                  "Relation Name": "cast_info",
                  "Alias": "ci",
                  "Startup Cost": 0.0,
                  "Total Cost": 328211.39,
                  "Plan Rows": 3440024,
                  "Plan Width": 0,
                  "Actual Startup Time": 186.206,
                  "Actual Total Time": 656.868,
                  "Actual Rows": 2924551,
                  "Actual Loops": 7,
                  "Filter": "(person_id > 1558268)",
                  "Rows Removed by Filter": 2253213
                }
              ]
            }
          ]
        }
      ]
    },
    "Planning Time": 0.204,
    "Triggers": [],
    "Execution Time": 871.801
  }
]