[
  {
    "Plan": {
      "Node Type": "Aggregate",
      "Strategy": "Plain",
      "Partial Mode": "Finalize",
      "Parallel Aware": false,
      "Startup Cost": 117030.19,
      "Total Cost": 117030.2,
      "Plan Rows": 1,
      "Plan Width": 8,
      "Actual Startup Time": 448.584,
      "Actual Total Time": 468.056,
      "Actual Rows": 1,
      "Actual Loops": 1,
      "Plans": [
        {
          "Node Type": "Gather",
          "Parent Relationship": "Outer",
          "Parallel Aware": false,
          "Startup Cost": 117029.87,
          "Total Cost": 117030.18,
          "Plan Rows": 3,
          "Plan Width": 8,
          "Actual Startup Time": 447.517,
          "Actual Total Time": 468.035,
          "Actual Rows": 4,
          "Actual Loops": 1,
          "Workers Planned": 3,
          "Workers Launched": 3,
          "Single Copy": false,
          "Plans": [
            {
              "Node Type": "Aggregate",
              "Strategy": "Plain",
              "Partial Mode": "Partial",
              "Parent Relationship": "Outer",
              "Parallel Aware": false,
              "Startup Cost": 116029.87,
              "Total Cost": 116029.88,
              "Plan Rows": 1,
              "Plan Width": 8,
              "Actual Startup Time": 438.079,
              "Actual Total Time": 438.159,
              "Actual Rows": 1,
              "Actual Loops": 4,
              "Plans": [
                {
                  "Node Type": "Hash Join",
                  "Parent Relationship": "Outer",
                  "Parallel Aware": true,
                  "Join Type": "Inner",
                  "Startup Cost": 68610.46,
                  "Total Cost": 115879.56,
                  "Plan Rows": 60127,
                  "Plan Width": 0,
                  "Actual Startup Time": 304.24,
                  "Actual Total Time": 429.125,
                  "Actual Rows": 206003,
                  "Actual Loops": 4,
                  "Inner Unique": false,
                  "Hash Cond": "(mk.movie_id = t.id)",
                  "Plans": [
                    {
                      "Node Type": "Seq Scan",
                      "Parent Relationship": "Outer",
                      "Parallel Aware": true,
                      "Relation Name": "movie_keyword",
                      "Alias": "mk",
                      "Startup Cost": 0.0,
                      "Total Cost": 42695.65,
                      "Plan Rows": 1179499,
                      "Plan Width": 4,
                      "Actual Startup Time": 0.031,
                      "Actual Total Time": 112.155,
                      "Actual Rows": 915413,
                      "Actual Loops": 4,
                      "Filter": "(keyword_id < 21346)",
                      "Rows Removed by Filter": 215570
                    },
                    {
                      "Node Type": "Hash",
                      "Parent Relationship": "Inner",
                      "Parallel Aware": true,
                      "Startup Cost": 68207.7,
                      "Total Cost": 68207.7,
                      "Plan Rows": 32221,
                      "Plan Width": 8,
                      "Actual Startup Time": 231.473,
                      "Actual Total Time": 231.551,
                      "Actual Rows": 31174,
                      "Actual Loops": 4,
                      "Hash Buckets": 131072,
                      "Original Hash Buckets": 131072,
                      "Hash Batches": 1,
                      "Original Hash Batches": 1,
                      "Peak Memory Usage": 5952,
                      "Plans": [
                        {
                          "Node Type": "Hash Join",
                          "Parent Relationship": "Outer",
                          "Parallel Aware": true,
                          "Join Type": "Inner",
                          "Startup Cost": 22624.66,
                          "Total Cost": 68207.7,
                          "Plan Rows": 32221,
                          "Plan Width": 8,
                          "Actual Startup Time": 163.871,
                          "Actual Total Time": 222.511,
                          "Actual Rows": 31174,
                          "Actual Loops": 4,
                          "Inner Unique": false,
                          "Hash Cond": "(t.id = mc.movie_id)",
                          "Plans": [
                            {
                              "Node Type": "Seq Scan",
                              "Parent Relationship": "Outer",
                              "Parallel Aware": true,
                              "Relation Name": "title",
                              "Alias": "t",
                              "Startup Cost": 0.0,
                              "Total Cost": 42318.73,
                              "Plan Rows": 632073,
                              "Plan Width": 4,
                              "Actual Startup Time": 0.014,
                              "Actual Total Time": 78.032,
                              "Actual Rows": 632078,
                              "Actual Loops": 4
                            },
                            {
                              "Node Type": "Hash",
                              "Parent Relationship": "Inner",
                              "Parallel Aware": true,
                              "Startup Cost": 22104.97,
                              "Total Cost": 22104.97,
                              "Plan Rows": 41575,
                              "Plan Width": 4,
                              "Actual Startup Time": 48.088,
                              "Actual Total Time": 48.089,
                              "Actual Rows": 31174,
                              "Actual Loops": 4,
                              "Hash Buckets": 131072,
                              "Original Hash Buckets": 131072,
                              "Hash Batches": 1,
                              "Original Hash Batches": 1,
                              "Peak Memory Usage": 5952,
                              "Plans": [
                                {
                                  "Node Type": "Bitmap Heap Scan",
                                  "Parent Relationship": "Outer",
                                  "Parallel Aware": true,
                                  "Relation Name": "movie_companies",
                                  "Alias": "mc",
                                  "Startup Cost": 2795.28,
                                  "Total Cost": 22104.97,
                                  "Plan Rows": 41575,
                                  "Plan Width": 4,
                                  "Actual Startup Time": 13.033,
                                  "Actual Total Time": 34.494,
                                  "Actual Rows": 31174,
                                  "Actual Loops": 4,
                                  "Recheck Cond": "(company_id > 143949)",
                                  "Rows Removed by Index Recheck": 0,
                                  "Exact Heap Blocks": 1878,
                                  "Lossy Heap Blocks": 0,
                                  "Plans": [
                                    {
                                      "Node Type": "Bitmap Index Scan",
                                      "Parent Relationship": "Outer",
                                      "Parallel Aware": false,
                                      "Index Name": "company_id_movie_companies",
                                      "Startup Cost": 0.0,
                                      "Total Cost": 2763.06,
                                      "Plan Rows": 128884,
                                      "Plan Width": 0,
                                      "Actual Startup Time": 15.19,
                                      "Actual Total Time": 15.19,
                                      "Actual Rows": 124694,
                                      "Actual Loops": 1,
                                      "Index Cond": "(company_id > 143949)"
                                    }
                                  ]
                                }
                              ]
                            }
                          ]
                        }
                      ]
                    }
                  ]
                }
              ]
            }
          ]
        }
      ]
    },
    "Planning Time": 1.456,
    "Triggers": [],
    "Execution Time": 468.163
  }
]