[
  {
    "Plan": {
      "Node Type": "Aggregate",
      "Strategy": "Plain",
      "Partial Mode": "Finalize",
      "Parallel Aware": false,
      "Startup Cost": 303888.94,
      "Total Cost": 303888.95,
      "Plan Rows": 1,
      "Plan Width": 8,
      "Actual Startup Time": 3918.823,
      "Actual Total Time": 3956.398,
      "Actual Rows": 1,
      "Actual Loops": 1,
      "Plans": [
        {
          "Node Type": "Gather",
          "Parent Relationship": "Outer",
          "Parallel Aware": false,
          "Startup Cost": 303888.42,
          "Total Cost": 303888.93,
          "Plan Rows": 5,
          "Plan Width": 8,
          "Actual Startup Time": 3908.587,
          "Actual Total Time": 3956.371,
          "Actual Rows": 6,
          "Actual Loops": 1,
          "Workers Planned": 5,
          "Workers Launched": 5,
          "Single Copy": false,
          "Plans": [
            {
              "Node Type": "Aggregate",
              "Strategy": "Plain",
              "Partial Mode": "Partial",
              "Parent Relationship": "Outer",
              "Parallel Aware": false,
              "Startup Cost": 302888.42,
              "Total Cost": 302888.43,
              "Plan Rows": 1,
              "Plan Width": 8,
              "Actual Startup Time": 3898.427,
              "Actual Total Time": 3898.639,
              "Actual Rows": 1,
              "Actual Loops": 6,
              "Plans": [
                {
                  "Node Type": "Hash Join",
                  "Parent Relationship": "Outer",
                  "Parallel Aware": true,
                  "Join Type": "Inner",
                  "Startup Cost": 93533.09,
                  "Total Cost": 301318.01,
                  "Plan Rows": 628161,
                  "Plan Width": 0,
                  "Actual Startup Time": 466.612,
                  "Actual Total Time": 2823.152,
                  "Actual Rows": 21771546,
                  "Actual Loops": 6,
                  "Inner Unique": false,
                  "Hash Cond": "(mi.movie_id = t.id)",
                  "Plans": [
                    {
                      "Node Type": "Seq Scan",
                      "Parent Relationship": "Outer",
                      "Parallel Aware": true,
                      "Relation Name": "movie_info",
                      "Alias": "mi",
                      "Startup Cost": 0.0,
                      "Total Cost": 199108.24,
                      "Plan Rows": 1773429,
                      "Plan Width": 4,
                      "Actual Startup Time": 18.576,
                      "Actual Total Time": 349.213,
                      "Actual Rows": 1491793,
                      "Actual Loops": 6,
                      "Filter": "(info_type_id > 6)",
                      "Rows Removed by Filter": 980827
                    },
                    {
                      "Node Type": "Hash",
                      "Parent Relationship": "Inner",
                      "Parallel Aware": true,
                      "Startup Cost": 89921.87,
                      "Total Cost": 89921.87,
                      "Plan Rows": 288898,
                      "Plan Width": 8,
                      "Actual Startup Time": 429.467,
                      "Actual Total Time": 429.677,
                      "Actual Rows": 284146,
                      "Actual Loops": 6,
                      "Hash Buckets": 2097152,
                      "Original Hash Buckets": 1048576,
                      "Hash Batches": 1,
                      "Original Hash Batches": 1,
                      "Peak Memory Usage": 91360,
                      "Plans": [
                        {
                          "Node Type": "Hash Join",
                          "Parent Relationship": "Outer",
                          "Parallel Aware": true,
                          "Join Type": "Inner",
                          "Startup Cost": 47043.79,
                          "Total Cost": 89921.87,
                          "Plan Rows": 288898,
                          "Plan Width": 8,
                          "Actual Startup Time": 145.041,
                          "Actual Total Time": 309.581,
                          "Actual Rows": 284146,
                          "Actual Loops": 6,
                          "Inner Unique": true,
                          "Hash Cond": "(mk.movie_id = t.id)",
                          "Plans": [
                            {
                              "Node Type": "Seq Scan",
                              "Parent Relationship": "Outer",
                              "Parallel Aware": true,
                              "Relation Name": "movie_keyword",
                              "Alias": "mk",
                              "Startup Cost": 0.0,
                              "Total Cost": 39047.32,
                              "Plan Rows": 1459332,
                              "Plan Width": 4,
                              "Actual Startup Time": 0.033,
                              "Actual Total Time": 78.673,
                              "Actual Rows": 753988,
                              "Actual Loops": 6
                            },
                            {
                              "Node Type": "Hash",
                              "Parent Relationship": "Inner",
                              "Parallel Aware": true,
                              "Startup Cost": 45479.59,
                              "Total Cost": 45479.59,
                              "Plan Rows": 125136,
                              "Plan Width": 4,
                              "Actual Startup Time": 112.999,
                              "Actual Total Time": 113.0,
                              "Actual Rows": 62272,
                              "Actual Loops": 6,
                              "Hash Buckets": 524288,
                              "Original Hash Buckets": 524288,
                              "Hash Batches": 1,
                              "Original Hash Batches": 1,
                              "Peak Memory Usage": 18816,
                              "Plans": [
                                {
                                  "Node Type": "Seq Scan",
                                  "Parent Relationship": "Outer",
                                  "Parallel Aware": true,
                                  "Relation Name": "title",
                                  "Alias": "t",
                                  "Startup Cost": 0.0,
                                  "Total Cost": 45479.59,
                                  "Plan Rows": 125136,
                                  "Plan Width": 4,
                                  "Actual Startup Time": 42.484,
                                  "Actual Total Time": 87.412,
                                  "Actual Rows": 62272,
                                  "Actual Loops": 6,
                                  "Filter": "((production_year > 1982) AND (kind_id = 1))",
                                  "Rows Removed by Filter": 359113
                                }
                              ]
                            }
                          ]
                        }
                      ]
                    }
                  ]
                }
              ]
            }
          ]
        }
      ]
    },
    "Planning Time": 0.418,
    "Triggers": [],
    "Execution Time": 3956.443
  }
]