[
  {
    "Plan": {
      "Node Type": "Aggregate",
      "Strategy": "Plain",
      "Partial Mode": "Finalize",
      "Parallel Aware": false,
      "Startup Cost": 46943.82,
      "Total Cost": 46943.83,
      "Plan Rows": 1,
      "Plan Width": 8,
      "Actual Startup Time": 95.435,
      "Actual Total Time": 107.148,
      "Actual Rows": 1,
      "Actual Loops": 1,
      "Plans": [
        {
          "Node Type": "Gather",
          "Parent Relationship": "Outer",
          "Parallel Aware": false,
          "Startup Cost": 46943.4,
          "Total Cost": 46943.81,
          "Plan Rows": 4,
          "Plan Width": 8,
          "Actual Startup Time": 95.233,
          "Actual Total Time": 107.134,
          "Actual Rows": 5,
          "Actual Loops": 1,
          "Workers Planned": 4,
          "Workers Launched": 4,
          "Single Copy": false,
          "Plans": [
            {
              "Node Type": "Aggregate",
              "Strategy": "Plain",
              "Partial Mode": "Partial",
              "Parent Relationship": "Outer",
              "Parallel Aware": false,
              "Startup Cost": 45943.4,
              "Total Cost": 45943.41,
              "Plan Rows": 1,
              "Plan Width": 8,
              "Actual Startup Time": 89.853,
              "Actual Total Time": 89.854,
              "Actual Rows": 1,
              "Actual Loops": 5,
              "Plans": [
                {
                  "Node Type": "Seq Scan",
                  "Parent Relationship": "Outer",
                  "Parallel Aware": true,
                  "Relation Name": "title",
                  "Alias": "t",
                  "Startup Cost": 0.0,
                  "Total Cost": 45479.59,
                  "Plan Rows": 185527,
                  "Plan Width": 0,
                  "Actual Startup Time": 0.032,
                  "Actual Total Time": 84.05,
                  "Actual Rows": 128648,
                  "Actual Loops": 5,
                  "Filter": "((kind_id < 7) AND (production_year > 1983))",
                  "Rows Removed by Filter": 377015
                }
              ]
            }
          ]
        }
      ]
    },
    "Planning Time": 0.196,
    "Triggers": [],
    "Execution Time": 107.208
  }
]