{
  "Plan": {
    "Node Type": "Aggregate",
    "Strategy": "Plain",
    "Partial Mode": "Finalize",
    "Parallel Aware": false,
    "Startup Cost": 85274.2,
    "Total Cost": 85274.21,
    "Plan Rows": 1,
    "Plan Width": 8,
    "Actual Startup Time": 236.912,
    "Actual Total Time": 248.325,
    "Actual Rows": 1,
    "Actual Loops": 1,
    "Plans": [
      {
        "Node Type": "Gather",
        "Parent Relationship": "Outer",
        "Parallel Aware": false,
        "Startup Cost": 85274.09,
        "Total Cost": 85274.2,
        "Plan Rows": 1,
        "Plan Width": 8,
        "Actual Startup Time": 236.415,
        "Actual Total Time": 248.317,
        "Actual Rows": 2,
        "Actual Loops": 1,
        "Workers Planned": 1,
        "Workers Launched": 1,
        "Single Copy": false,
        "Plans": [
          {
            "Node Type": "Aggregate",
            "Strategy": "Plain",
            "Partial Mode": "Partial",
            "Parent Relationship": "Outer",
            "Parallel Aware": false,
            "Startup Cost": 84274.09,
            "Total Cost": 84274.1,
            "Plan Rows": 1,
            "Plan Width": 8,
            "Actual Startup Time": 230.859,
            "Actual Total Time": 230.864,
            "Actual Rows": 1,
            "Actual Loops": 2,
            "Plans": [
              {
                "Node Type": "Hash Join",
                "Parent Relationship": "Outer",
                "Parallel Aware": true,
                "Join Type": "Inner",
                "Startup Cost": 62450.08,
                "Total Cost": 84260.49,
                "Plan Rows": 5438,
                "Plan Width": 0,
                "Actual Startup Time": 174.166,
                "Actual Total Time": 230.432,
                "Actual Rows": 7048,
                "Actual Loops": 2,
                "Inner Unique": true,
                "Hash Cond": "(mc.movie_id = t.id)",
                "Plans": [
                  {
                    "Node Type": "Bitmap Heap Scan",
                    "Parent Relationship": "Outer",
                    "Parallel Aware": true,
                    "Relation Name": "movie_companies",
                    "Alias": "mc",
                    "Startup Cost": 7355.43,
                    "Total Cost": 28641.64,
                    "Plan Rows": 199696,
                    "Plan Width": 4,
                    "Actual Startup Time": 14.472,
                    "Actual Total Time": 43.509,
                    "Actual Rows": 170521,
                    "Actual Loops": 2,
                    "Recheck Cond": "(company_id > 89211)",
                    "Rows Removed by Index Recheck": 0,
                    "Exact Heap Blocks": 3263,
                    "Lossy Heap Blocks": 0,
                    "Plans": [
                      {
                        "Node Type": "Bitmap Index Scan",
                        "Parent Relationship": "Outer",
                        "Parallel Aware": false,
                        "Index Name": "company_id_movie_companies",
                        "Startup Cost": 0.0,
                        "Total Cost": 7270.56,
                        "Plan Rows": 339484,
                        "Plan Width": 0,
                        "Actual Startup Time": 13.704,
                        "Actual Total Time": 13.705,
                        "Actual Rows": 341042,
                        "Actual Loops": 1,
                        "Index Cond": "(company_id > 89211)"
                      }
                    ]
                  },
                  {
                    "Node Type": "Hash",
                    "Parent Relationship": "Inner",
                    "Parallel Aware": true,
                    "Startup Cost": 54588.39,
                    "Total Cost": 54588.39,
                    "Plan Rows": 40501,
                    "Plan Width": 4,
                    "Actual Startup Time": 158.376,
                    "Actual Total Time": 158.377,
                    "Actual Rows": 33671,
                    "Actual Loops": 2,
                    "Hash Buckets": 131072,
                    "Original Hash Buckets": 131072,
                    "Hash Batches": 1,
                    "Original Hash Batches": 1,
                    "Peak Memory Usage": 3680,
                    "Plans": [
                      {
                        "Node Type": "Seq Scan",
                        "Parent Relationship": "Outer",
                        "Parallel Aware": true,
                        "Relation Name": "title",
                        "Alias": "t",
                        "Startup Cost": 0.0,
                        "Total Cost": 54588.39,
                        "Plan Rows": 40501,
                        "Plan Width": 4,
                        "Actual Startup Time": 0.05,
                        "Actual Total Time": 145.778,
                        "Actual Rows": 33671,
                        "Actual Loops": 2,
                        "Filter": "(production_year > 2012)",
                        "Rows Removed by Filter": 1230485
                      }
                    ]
                  }
                ]
              }
            ]
          }
        ]
      }
    ]
  },
  "Planning Time": 0.241,
  "Triggers": [],
  "Execution Time": 248.378
}