{
  "Plan": {
    "Node Type": "Aggregate",
    "Strategy": "Plain",
    "Partial Mode": "Finalize",
    "Parallel Aware": false,
    "Startup Cost": 660123.17,
    "Total Cost": 660123.18,
    "Plan Rows": 1,
    "Plan Width": 8,
    "Actual Startup Time": 4014.552,
    "Actual Total Time": 4061.499,
    "Actual Rows": 1,
    "Actual Loops": 1,
    "Plans": [
      {
        "Node Type": "Gather",
        "Parent Relationship": "Outer",
        "Parallel Aware": false,
        "Startup Cost": 660123.06,
        "Total Cost": 660123.17,
        "Plan Rows": 1,
        "Plan Width": 8,
        "Actual Startup Time": 4014.157,
        "Actual Total Time": 4061.489,
        "Actual Rows": 2,
        "Actual Loops": 1,
        "Workers Planned": 1,
        "Workers Launched": 1,
        "Single Copy": false,
        "Plans": [
          {
            "Node Type": "Aggregate",
            "Strategy": "Plain",
            "Partial Mode": "Partial",
            "Parent Relationship": "Outer",
            "Parallel Aware": false,
            "Startup Cost": 659123.06,
            "Total Cost": 659123.07,
            "Plan Rows": 1,
            "Plan Width": 8,
            "Actual Startup Time": 4007.454,
            "Actual Total Time": 4007.458,
            "Actual Rows": 1,
            "Actual Loops": 2,
            "Plans": [
              {
                "Node Type": "Hash Join",
                "Parent Relationship": "Outer",
                "Parallel Aware": true,
                "Join Type": "Inner",
                "Startup Cost": 39236.43,
                "Total Cost": 657944.04,
                "Plan Rows": 471609,
                "Plan Width": 0,
                "Actual Startup Time": 80.409,
                "Actual Total Time": 3971.708,
                "Actual Rows": 681466,
                "Actual Loops": 2,
                "Inner Unique": true,
                "Hash Cond": "(ci.movie_id = t.id)",
                "Plans": [
                  {
                    "Node Type": "Seq Scan",
                    "Parent Relationship": "Outer",
                    "Parallel Aware": true,
                    "Relation Name": "cast_info",
                    "Alias": "ci",
                    "Startup Cost": 0.0,
                    "Total Cost": 572345.93,
                    "Plan Rows": 17661563,
                    "Plan Width": 4,
                    "Actual Startup Time": 0.021,
                    "Actual Total Time": 2189.165,
                    "Actual Rows": 15802604,
                    "Actual Loops": 2,
                    "Filter": "((person_id < 3726289) AND (role_id < 10))",
                    "Rows Removed by Filter": 2319568
                  },
                  {
                    "Node Type": "Hash",
                    "Parent Relationship": "Inner",
                    "Parallel Aware": true,
                    "Startup Cost": 38740.01,
                    "Total Cost": 38740.01,
                    "Plan Rows": 39713,
                    "Plan Width": 4,
                    "Actual Startup Time": 78.098,
                    "Actual Total Time": 78.099,
                    "Actual Rows": 40818,
                    "Actual Loops": 2,
                    "Hash Buckets": 131072,
                    "Original Hash Buckets": 131072,
                    "Hash Batches": 1,
                    "Original Hash Batches": 1,
                    "Peak Memory Usage": 4256,
                    "Plans": [
                      {
                        "Node Type": "Bitmap Heap Scan",
                        "Parent Relationship": "Outer",
                        "Parallel Aware": true,
                        "Relation Name": "title",
                        "Alias": "t",
                        "Startup Cost": 1840.01,
                        "Total Cost": 38740.01,
                        "Plan Rows": 39713,
                        "Plan Width": 4,
                        "Actual Startup Time": 15.102,
                        "Actual Total Time": 62.968,
                        "Actual Rows": 40818,
                        "Actual Loops": 2,
                        "Recheck Cond": "(kind_id = 3)",
                        "Rows Removed by Index Recheck": 0,
                        "Filter": "(production_year < 2008)",
                        "Rows Removed by Filter": 9451,
                        "Exact Heap Blocks": 9922,
                        "Lossy Heap Blocks": 0,
                        "Plans": [
                          {
                            "Node Type": "Bitmap Index Scan",
                            "Parent Relationship": "Outer",
                            "Parallel Aware": false,
                            "Index Name": "kind_id_title",
                            "Startup Cost": 0.0,
                            "Total Cost": 1823.13,
                            "Plan Rows": 102227,
                            "Plan Width": 0,
                            "Actual Startup Time": 14.233,
                            "Actual Total Time": 14.233,
                            "Actual Rows": 100537,
                            "Actual Loops": 1,
                            "Index Cond": "(kind_id = 3)"
                          }
                        ]
                      }
                    ]
                  }
                ]
              }
            ]
          }
        ]
      }
    ]
  },
  "Planning Time": 0.57,
  "Triggers": [],
  "Execution Time": 4061.608
}