[
  {
    "Plan": {
      "Node Type": "Aggregate",
      "Strategy": "Plain",
      "Partial Mode": "Finalize",
      "Parallel Aware": false,
      "Startup Cost": 97686.54,
      "Total Cost": 97686.55,
      "Plan Rows": 1,
      "Plan Width": 8,
      "Actual Startup Time": 589.621,
      "Actual Total Time": 612.431,
      "Actual Rows": 1,
      "Actual Loops": 1,
      "Plans": [
        {
          "Node Type": "Gather",
          "Parent Relationship": "Outer",
          "Parallel Aware": false,
          "Startup Cost": 97686.23,
          "Total Cost": 97686.54,
          "Plan Rows": 3,
          "Plan Width": 8,
          "Actual Startup Time": 582.331,
          "Actual Total Time": 612.415,
          "Actual Rows": 4,
          "Actual Loops": 1,
          "Workers Planned": 3,
          "Workers Launched": 3,
          "Single Copy": false,
          "Plans": [
            {
              "Node Type": "Aggregate",
              "Strategy": "Plain",
              "Partial Mode": "Partial",
              "Parent Relationship": "Outer",
              "Parallel Aware": false,
              "Startup Cost": 96686.23,
              "Total Cost": 96686.24,
              "Plan Rows": 1,
              "Plan Width": 8,
              "Actual Startup Time": 570.633,
              "Actual Total Time": 570.641,
              "Actual Rows": 1,
              "Actual Loops": 4,
              "Plans": [
                {
                  "Node Type": "Hash Join",
                  "Parent Relationship": "Outer",
                  "Parallel Aware": true,
                  "Join Type": "Inner",
                  "Startup Cost": 49920.51,
                  "Total Cost": 95267.18,
                  "Plan Rows": 567618,
                  "Plan Width": 0,
                  "Actual Startup Time": 297.021,
                  "Actual Total Time": 557.123,
                  "Actual Rows": 237685,
                  "Actual Loops": 4,
                  "Inner Unique": true,
                  "Hash Cond": "(mk.movie_id = t.id)",
                  "Plans": [
                    {
                      "Node Type": "Seq Scan",
                      "Parent Relationship": "Outer",
                      "Parallel Aware": true,
                      "Relation Name": "movie_keyword",
                      "Alias": "mk",
                      "Startup Cost": 0.0,
                      "Total Cost": 42695.65,
                      "Plan Rows": 1009911,
                      "Plan Width": 4,
                      "Actual Startup Time": 0.149,
                      "Actual Total Time": 139.021,
                      "Actual Rows": 782560,
                      "Actual Loops": 4,
                      "Filter": "(keyword_id > 1880)",
                      "Rows Removed by Filter": 348422
                    },
                    {
                      "Node Type": "Hash",
                      "Parent Relationship": "Inner",
                      "Parallel Aware": true,
                      "Startup Cost": 45479.59,
                      "Total Cost": 45479.59,
                      "Plan Rows": 355274,
                      "Plan Width": 4,
                      "Actual Startup Time": 289.09,
                      "Actual Total Time": 289.091,
                      "Actual Rows": 349680,
                      "Actual Loops": 4,
                      "Hash Buckets": 2097152,
                      "Original Hash Buckets": 2097152,
                      "Hash Batches": 1,
                      "Original Hash Batches": 1,
                      "Peak Memory Usage": 71136,
                      "Plans": [
                        {
                          "Node Type": "Seq Scan",
                          "Parent Relationship": "Outer",
                          "Parallel Aware": true,
                          "Relation Name": "title",
                          "Alias": "t",
                          "Startup Cost": 0.0,
                          "Total Cost": 45479.59,
                          "Plan Rows": 355274,
                          "Plan Width": 4,
                          "Actual Startup Time": 0.053,
                          "Actual Total Time": 135.42,
                          "Actual Rows": 349680,
                          "Actual Loops": 4,
                          "Filter": "((kind_id > 1) AND (production_year < 2010))",
                          "Rows Removed by Filter": 282398
                        }
                      ]
                    }
                  ]
                }
              ]
            }
          ]
        }
      ]
    },
    "Planning Time": 0.563,
    "Triggers": [],
    "Execution Time": 612.5
  }
]