[
  {
    "Plan": {
      "Node Type": "Aggregate",
      "Strategy": "Plain",
      "Partial Mode": "Finalize",
      "Parallel Aware": false,
      "Startup Cost": 316698.62,
      "Total Cost": 316698.63,
      "Plan Rows": 1,
      "Plan Width": 8,
      "Actual Startup Time": 277.338,
      "Actual Total Time": 287.284,
      "Actual Rows": 1,
      "Actual Loops": 1,
      "Plans": [
        {
          "Node Type": "Gather",
          "Parent Relationship": "Outer",
          "Parallel Aware": false,
          "Startup Cost": 316698.0,
          "Total Cost": 316698.61,
          "Plan Rows": 6,
          "Plan Width": 8,
          "Actual Startup Time": 276.634,
          "Actual Total Time": 287.275,
          "Actual Rows": 7,
          "Actual Loops": 1,
          "Workers Planned": 6,
          "Workers Launched": 6,
          "Single Copy": false,
          "Plans": [
            {
              "Node Type": "Aggregate",
              "Strategy": "Plain",
              "Partial Mode": "Partial",
              "Parent Relationship": "Outer",
              "Parallel Aware": false,
              "Startup Cost": 315698.0,
              "Total Cost": 315698.01,
              "Plan Rows": 1,
              "Plan Width": 8,
              "Actual Startup Time": 266.372,
              "Actual Total Time": 266.374,
              "Actual Rows": 1,
              "Actual Loops": 7,
              "Plans": [
                {
                  "Node Type": "Bitmap Heap Scan",
                  "Parent Relationship": "Outer",
                  "Parallel Aware": true,
                  "Relation Name": "cast_info",
                  "Alias": "ci",
                  "Startup Cost": 55957.49,
                  "Total Cost": 315003.17,
                  "Plan Rows": 277931,
                  "Plan Width": 0,
                  "Actual Startup Time": 132.363,
                  "Actual Total Time": 248.815,
                  "Actual Rows": 349812,
                  "Actual Loops": 7,
                  "Recheck Cond": "(person_id > 3585522)",
                  "Rows Removed by Index Recheck": 0,
                  "Filter": "(role_id > 1)",
                  "Rows Removed by Filter": 0,
                  "Exact Heap Blocks": 8082,
                  "Lossy Heap Blocks": 0,
                  "Plans": [
                    {
                      "Node Type": "Bitmap Index Scan",
                      "Parent Relationship": "Outer",
                      "Parallel Aware": false,
                      "Index Name": "person_id_cast_info",
                      "Startup Cost": 0.0,
                      "Total Cost": 55540.6,
                      "Plan Rows": 2543471,
                      "Plan Width": 0,
                      "Actual Startup Time": 135.724,
                      "Actual Total Time": 135.724,
                      "Actual Rows": 2448682,
                      "Actual Loops": 1,
                      "Index Cond": "(person_id > 3585522)"
                    }
                  ]
                }
              ]
            }
          ]
        }
      ]
    },
    "Planning Time": 0.224,
    "Triggers": [],
    "Execution Time": 287.36
  }
]