[
    {
        "Bao": {
            "Bao prediction": "NaN",
            "Bao recommended hint": "(no hint)"
        }
    },
    {
        "Plan": {
            "Node Type": "Aggregate",
            "Strategy": "Plain",
            "Partial Mode": "Finalize",
            "Parallel Aware": false,
            "Startup Cost": 40887.45,
            "Total Cost": 40887.46,
            "Plan Rows": 1,
            "Plan Width": 8,
            "Actual Startup Time": 120.66,
            "Actual Total Time": 126.582,
            "Actual Rows": 1,
            "Actual Loops": 1,
            "Output": [
                "count(*)"
            ],
            "Plans": [
                {
                    "Node Type": "Gather",
                    "Parent Relationship": "Outer",
                    "Parallel Aware": false,
                    "Startup Cost": 40887.13,
                    "Total Cost": 40887.44,
                    "Plan Rows": 3,
                    "Plan Width": 8,
                    "Actual Startup Time": 120.389,
                    "Actual Total Time": 126.574,
                    "Actual Rows": 4,
                    "Actual Loops": 1,
                    "Output": [
                        "(PARTIAL count(*))"
                    ],
                    "Workers Planned": 3,
                    "Workers Launched": 3,
                    "Single Copy": false,
                    "Plans": [
                        {
                            "Node Type": "Aggregate",
                            "Strategy": "Plain",
                            "Partial Mode": "Partial",
                            "Parent Relationship": "Outer",
                            "Parallel Aware": false,
                            "Startup Cost": 39887.13,
                            "Total Cost": 39887.14,
                            "Plan Rows": 1,
                            "Plan Width": 8,
                            "Actual Startup Time": 111.82,
                            "Actual Total Time": 111.821,
                            "Actual Rows": 1,
                            "Actual Loops": 4,
                            "Output": [
                                "PARTIAL count(*)"
                            ],
                            "Workers": [
                                {
                                    "Worker Number": 0,
                                    "Actual Startup Time": 108.694,
                                    "Actual Total Time": 108.695,
                                    "Actual Rows": 1,
                                    "Actual Loops": 1
                                },
                                {
                                    "Worker Number": 1,
                                    "Actual Startup Time": 109.002,
                                    "Actual Total Time": 109.003,
                                    "Actual Rows": 1,
                                    "Actual Loops": 1
                                },
                                {
                                    "Worker Number": 2,
                                    "Actual Startup Time": 109.442,
                                    "Actual Total Time": 109.443,
                                    "Actual Rows": 1,
                                    "Actual Loops": 1
                                }
                            ],
                            "Plans": [
                                {
                                    "Node Type": "Bitmap Heap Scan",
                                    "Parent Relationship": "Outer",
                                    "Parallel Aware": true,
                                    "Relation Name": "movie_keyword",
                                    "Schema": "public",
                                    "Alias": "mk",
                                    "Startup Cost": 12567.01,
                                    "Total Cost": 39409.44,
                                    "Plan Rows": 191075,
                                    "Plan Width": 0,
                                    "Actual Startup Time": 29.34,
                                    "Actual Total Time": 103.576,
                                    "Actual Rows": 146461,
                                    "Actual Loops": 4,
                                    "Recheck Cond": "(mk.keyword_id > 31318)",
                                    "Rows Removed by Index Recheck": 0,
                                    "Exact Heap Blocks": 9902,
                                    "Lossy Heap Blocks": 0,
                                    "Workers": [
                                        {
                                            "Worker Number": 0,
                                            "Actual Startup Time": 26.376,
                                            "Actual Total Time": 101.398,
                                            "Actual Rows": 111729,
                                            "Actual Loops": 1
                                        },
                                        {
                                            "Worker Number": 1,
                                            "Actual Startup Time": 26.534,
                                            "Actual Total Time": 101.626,
                                            "Actual Rows": 112675,
                                            "Actual Loops": 1
                                        },
                                        {
                                            "Worker Number": 2,
                                            "Actual Startup Time": 27.081,
                                            "Actual Total Time": 101.932,
                                            "Actual Rows": 113844,
                                            "Actual Loops": 1
                                        }
                                    ],
                                    "Plans": [
                                        {
                                            "Node Type": "Bitmap Index Scan",
                                            "Parent Relationship": "Outer",
                                            "Parallel Aware": false,
                                            "Index Name": "keyword_id_movie_keyword",
                                            "Startup Cost": 0.0,
                                            "Total Cost": 12418.92,
                                            "Plan Rows": 592332,
                                            "Plan Width": 0,
                                            "Actual Startup Time": 34.019,
                                            "Actual Total Time": 34.02,
                                            "Actual Rows": 585843,
                                            "Actual Loops": 1,
                                            "Index Cond": "(mk.keyword_id > 31318)"
                                        }
                                    ]
                                }
                            ]
                        }
                    ]
                }
            ]
        },
        "Planning Time": 196.853,
        "Triggers": [],
        "Execution Time": 126.626
    }
]