[
  {
    "Plan": {
      "Node Type": "Aggregate",
      "Strategy": "Plain",
      "Partial Mode": "Finalize",
      "Parallel Aware": false,
      "Startup Cost": 378832.92,
      "Total Cost": 378832.93,
      "Plan Rows": 1,
      "Plan Width": 8,
      "Actual Startup Time": 7373.551,
      "Actual Total Time": 7565.91,
      "Actual Rows": 1,
      "Actual Loops": 1,
      "Plans": [
        {
          "Node Type": "Gather",
          "Parent Relationship": "Outer",
          "Parallel Aware": false,
          "Startup Cost": 378832.4,
          "Total Cost": 378832.91,
          "Plan Rows": 5,
          "Plan Width": 8,
          "Actual Startup Time": 7371.968,
          "Actual Total Time": 7565.893,
          "Actual Rows": 6,
          "Actual Loops": 1,
          "Workers Planned": 5,
          "Workers Launched": 5,
          "Single Copy": false,
          "Plans": [
            {
              "Node Type": "Aggregate",
              "Strategy": "Plain",
              "Partial Mode": "Partial",
              "Parent Relationship": "Outer",
              "Parallel Aware": false,
              "Startup Cost": 377832.4,
              "Total Cost": 377832.41,
              "Plan Rows": 1,
              "Plan Width": 8,
              "Actual Startup Time": 7363.645,
              "Actual Total Time": 7363.688,
              "Actual Rows": 1,
              "Actual Loops": 6,
              "Plans": [
                {
                  "Node Type": "Nested Loop",
                  "Parent Relationship": "Outer",
                  "Parallel Aware": false,
                  "Join Type": "Inner",
                  "Startup Cost": 45700.21,
                  "Total Cost": 376926.38,
                  "Plan Rows": 362406,
                  "Plan Width": 0,
                  "Actual Startup Time": 110.997,
                  "Actual Total Time": 7251.771,
                  "Actual Rows": 2314242,
                  "Actual Loops": 6,
                  "Inner Unique": false,
                  "Join Filter": "(t.id = ci.movie_id)",
                  "Rows Removed by Join Filter": 0,
                  "Plans": [
                    {
                      "Node Type": "Hash Join",
                      "Parent Relationship": "Outer",
                      "Parallel Aware": true,
                      "Join Type": "Inner",
                      "Startup Cost": 45699.65,
                      "Total Cost": 245179.05,
                      "Plan Rows": 82697,
                      "Plan Width": 8,
                      "Actual Startup Time": 110.798,
                      "Actual Total Time": 989.718,
                      "Actual Rows": 403486,
                      "Actual Loops": 6,
                      "Inner Unique": true,
                      "Hash Cond": "(mi.movie_id = t.id)",
                      "Plans": [
                        {
                          "Node Type": "Seq Scan",
                          "Parent Relationship": "Outer",
                          "Parallel Aware": true,
                          "Relation Name": "movie_info",
                          "Alias": "mi",
                          "Startup Cost": 0.0,
                          "Total Cost": 191685.19,
                          "Plan Rows": 2969219,
                          "Plan Width": 4,
                          "Actual Startup Time": 0.035,
                          "Actual Total Time": 342.992,
                          "Actual Rows": 2472620,
                          "Actual Loops": 6
                        },
                        {
                          "Node Type": "Hash",
                          "Parent Relationship": "Inner",
                          "Parallel Aware": true,
                          "Startup Cost": 45479.59,
                          "Total Cost": 45479.59,
                          "Plan Rows": 17605,
                          "Plan Width": 4,
                          "Actual Startup Time": 99.253,
                          "Actual Total Time": 99.254,
                          "Actual Rows": 33718,
                          "Actual Loops": 6,
                          "Hash Buckets": 262144,
                          "Original Hash Buckets": 131072,
                          "Hash Batches": 1,
                          "Original Hash Batches": 1,
                          "Peak Memory Usage": 11104,
                          "Plans": [
                            {
                              "Node Type": "Seq Scan",
                              "Parent Relationship": "Outer",
                              "Parallel Aware": true,
                              "Relation Name": "title",
                              "Alias": "t",
                              "Startup Cost": 0.0,
                              "Total Cost": 45479.59,
                              "Plan Rows": 17605,
                              "Plan Width": 4,
                              "Actual Startup Time": 45.525,
                              "Actual Total Time": 77.477,
                              "Actual Rows": 33718,
                              "Actual Loops": 6,
                              "Filter": "((production_year < 1964) AND (kind_id = 1))",
                              "Rows Removed by Filter": 387668
                            }
                          ]
                        }
                      ]
                    },
                    {
                      "Node Type": "Index Scan",
                      "Parent Relationship": "Inner",
                      "Parallel Aware": false,
                      "Scan Direction": "Forward",
                      "Index Name": "movie_id_cast_info",
                      "Relation Name": "cast_info",
                      "Alias": "ci",
                      "Startup Cost": 0.56,
                      "Total Cost": 1.46,
                      "Plan Rows": 11,
                      "Plan Width": 4,
                      "Actual Startup Time": 0.01,
                      "Actual Total Time": 0.015,
                      "Actual Rows": 6,
                      "Actual Loops": 2420914,
                      "Index Cond": "(movie_id = mi.movie_id)",
                      "Rows Removed by Index Recheck": 0,
                      "Filter": "((person_id > 1940045) AND (role_id > 1))",
                      "Rows Removed by Filter": 12
                    }
                  ]
                }
              ]
            }
          ]
        }
      ]
    },
    "Planning Time": 0.594,
    "Triggers": [],
    "Execution Time": 7565.979
  }
]