{
    "Plan": {
        "Node Type": "Aggregate",
        "Strategy": "Plain",
        "Partial Mode": "Finalize",
        "Parallel Aware": false,
        "Startup Cost": 77839.11,
        "Total Cost": 77839.12,
        "Plan Rows": 1,
        "Plan Width": 8,
        "Actual Startup Time": 268.681,
        "Actual Total Time": 285.344,
        "Actual Rows": 1,
        "Actual Loops": 1,
        "Output": [
            "count(*)"
        ],
        "Plans": [
            {
                "Node Type": "Gather",
                "Parent Relationship": "Outer",
                "Parallel Aware": false,
                "Startup Cost": 77838.79,
                "Total Cost": 77839.1,
                "Plan Rows": 3,
                "Plan Width": 8,
                "Actual Startup Time": 268.444,
                "Actual Total Time": 285.328,
                "Actual Rows": 4,
                "Actual Loops": 1,
                "Output": [
                    "(PARTIAL count(*))"
                ],
                "Workers Planned": 3,
                "Workers Launched": 3,
                "Single Copy": false,
                "Plans": [
                    {
                        "Node Type": "Aggregate",
                        "Strategy": "Plain",
                        "Partial Mode": "Partial",
                        "Parent Relationship": "Outer",
                        "Parallel Aware": false,
                        "Startup Cost": 76838.79,
                        "Total Cost": 76838.8,
                        "Plan Rows": 1,
                        "Plan Width": 8,
                        "Actual Startup Time": 259.349,
                        "Actual Total Time": 259.353,
                        "Actual Rows": 1,
                        "Actual Loops": 4,
                        "Output": [
                            "PARTIAL count(*)"
                        ],
                        "Workers": [
                            {
                                "Worker Number": 0,
                                "Actual Startup Time": 256.435,
                                "Actual Total Time": 256.438,
                                "Actual Rows": 1,
                                "Actual Loops": 1
                            },
                            {
                                "Worker Number": 1,
                                "Actual Startup Time": 256.426,
                                "Actual Total Time": 256.429,
                                "Actual Rows": 1,
                                "Actual Loops": 1
                            },
                            {
                                "Worker Number": 2,
                                "Actual Startup Time": 256.763,
                                "Actual Total Time": 256.766,
                                "Actual Rows": 1,
                                "Actual Loops": 1
                            }
                        ],
                        "Plans": [
                            {
                                "Node Type": "Hash Join",
                                "Parent Relationship": "Outer",
                                "Parallel Aware": true,
                                "Join Type": "Inner",
                                "Startup Cost": 45653.42,
                                "Total Cost": 76800.24,
                                "Plan Rows": 15423,
                                "Plan Width": 0,
                                "Actual Startup Time": 111.337,
                                "Actual Total Time": 258.217,
                                "Actual Rows": 17416,
                                "Actual Loops": 4,
                                "Inner Unique": true,
                                "Hash Cond": "(mc.movie_id = t.id)",
                                "Workers": [
                                    {
                                        "Worker Number": 0,
                                        "Actual Startup Time": 108.558,
                                        "Actual Total Time": 255.219,
                                        "Actual Rows": 11483,
                                        "Actual Loops": 1
                                    },
                                    {
                                        "Worker Number": 1,
                                        "Actual Startup Time": 108.365,
                                        "Actual Total Time": 255.315,
                                        "Actual Rows": 21823,
                                        "Actual Loops": 1
                                    },
                                    {
                                        "Worker Number": 2,
                                        "Actual Startup Time": 108.852,
                                        "Actual Total Time": 255.679,
                                        "Actual Rows": 21546,
                                        "Actual Loops": 1
                                    }
                                ],
                                "Plans": [
                                    {
                                        "Node Type": "Seq Scan",
                                        "Parent Relationship": "Outer",
                                        "Parallel Aware": true,
                                        "Relation Name": "movie_companies",
                                        "Schema": "public",
                                        "Alias": "mc",
                                        "Startup Cost": 0.0,
                                        "Total Cost": 29310.68,
                                        "Plan Rows": 699480,
                                        "Plan Width": 4,
                                        "Actual Startup Time": 0.079,
                                        "Actual Total Time": 83.909,
                                        "Actual Rows": 543464,
                                        "Actual Loops": 4,
                                        "Output": [
                                            "mc.id",
                                            "mc.movie_id",
                                            "mc.company_id",
                                            "mc.company_type_id",
                                            "mc.note"
                                        ],
                                        "Filter": "(mc.company_id > 312)",
                                        "Rows Removed by Filter": 108818,
                                        "Workers": [
                                            {
                                                "Worker Number": 0,
                                                "Actual Startup Time": 0.085,
                                                "Actual Total Time": 85.172,
                                                "Actual Rows": 376417,
                                                "Actual Loops": 1
                                            },
                                            {
                                                "Worker Number": 1,
                                                "Actual Startup Time": 0.022,
                                                "Actual Total Time": 83.658,
                                                "Actual Rows": 665500,
                                                "Actual Loops": 1
                                            },
                                            {
                                                "Worker Number": 2,
                                                "Actual Startup Time": 0.091,
                                                "Actual Total Time": 85.498,
                                                "Actual Rows": 656416,
                                                "Actual Loops": 1
                                            }
                                        ]
                                    },
                                    {
                                        "Node Type": "Hash",
                                        "Parent Relationship": "Inner",
                                        "Parallel Aware": true,
                                        "Startup Cost": 45479.21,
                                        "Total Cost": 45479.21,
                                        "Plan Rows": 13937,
                                        "Plan Width": 4,
                                        "Actual Startup Time": 109.407,
                                        "Actual Total Time": 109.408,
                                        "Actual Rows": 12269,
                                        "Actual Loops": 4,
                                        "Output": [
                                            "t.id"
                                        ],
                                        "Hash Buckets": 65536,
                                        "Original Hash Buckets": 65536,
                                        "Hash Batches": 1,
                                        "Original Hash Batches": 1,
                                        "Peak Memory Usage": 2496,
                                        "Workers": [
                                            {
                                                "Worker Number": 0,
                                                "Actual Startup Time": 107.412,
                                                "Actual Total Time": 107.413,
                                                "Actual Rows": 9639,
                                                "Actual Loops": 1
                                            },
                                            {
                                                "Worker Number": 1,
                                                "Actual Startup Time": 107.405,
                                                "Actual Total Time": 107.406,
                                                "Actual Rows": 13543,
                                                "Actual Loops": 1
                                            },
                                            {
                                                "Worker Number": 2,
                                                "Actual Startup Time": 107.829,
                                                "Actual Total Time": 107.83,
                                                "Actual Rows": 12485,
                                                "Actual Loops": 1
                                            }
                                        ],
                                        "Plans": [
                                            {
                                                "Node Type": "Seq Scan",
                                                "Parent Relationship": "Outer",
                                                "Parallel Aware": true,
                                                "Relation Name": "title",
                                                "Schema": "public",
                                                "Alias": "t",
                                                "Startup Cost": 0.0,
                                                "Total Cost": 45479.21,
                                                "Plan Rows": 13937,
                                                "Plan Width": 4,
                                                "Actual Startup Time": 0.338,
                                                "Actual Total Time": 104.471,
                                                "Actual Rows": 12269,
                                                "Actual Loops": 4,
                                                "Output": [
                                                    "t.id"
                                                ],
                                                "Filter": "((t.kind_id < 7) AND (t.production_year = 2010))",
                                                "Rows Removed by Filter": 619809,
                                                "Workers": [
                                                    {
                                                        "Worker Number": 0,
                                                        "Actual Startup Time": 0.624,
                                                        "Actual Total Time": 102.73,
                                                        "Actual Rows": 9639,
                                                        "Actual Loops": 1
                                                    },
                                                    {
                                                        "Worker Number": 1,
                                                        "Actual Startup Time": 0.329,
                                                        "Actual Total Time": 102.381,
                                                        "Actual Rows": 13543,
                                                        "Actual Loops": 1
                                                    },
                                                    {
                                                        "Worker Number": 2,
                                                        "Actual Startup Time": 0.271,
                                                        "Actual Total Time": 102.928,
                                                        "Actual Rows": 12485,
                                                        "Actual Loops": 1
                                                    }
                                                ]
                                            }
                                        ]
                                    }
                                ]
                            }
                        ]
                    }
                ]
            }
        ]
    },
    "Planning Time": 0.741,
    "Triggers": [],
    "Execution Time": 285.427
}