{
  "Plan": {
    "Node Type": "Aggregate",
    "Strategy": "Plain",
    "Partial Mode": "Finalize",
    "Parallel Aware": false,
    "Startup Cost": 175610.55,
    "Total Cost": 175610.56,
    "Plan Rows": 1,
    "Plan Width": 8,
    "Actual Startup Time": 996.764,
    "Actual Total Time": 1016.355,
    "Actual Rows": 1,
    "Actual Loops": 1,
    "Plans": [
      {
        "Node Type": "Gather",
        "Parent Relationship": "Outer",
        "Parallel Aware": false,
        "Startup Cost": 175610.43,
        "Total Cost": 175610.54,
        "Plan Rows": 1,
        "Plan Width": 8,
        "Actual Startup Time": 994.443,
        "Actual Total Time": 1016.346,
        "Actual Rows": 2,
        "Actual Loops": 1,
        "Workers Planned": 1,
        "Workers Launched": 1,
        "Single Copy": false,
        "Plans": [
          {
            "Node Type": "Aggregate",
            "Strategy": "Plain",
            "Partial Mode": "Partial",
            "Parent Relationship": "Outer",
            "Parallel Aware": false,
            "Startup Cost": 174610.43,
            "Total Cost": 174610.44,
            "Plan Rows": 1,
            "Plan Width": 8,
            "Actual Startup Time": 985.379,
            "Actual Total Time": 985.384,
            "Actual Rows": 1,
            "Actual Loops": 2,
            "Plans": [
              {
                "Node Type": "Nested Loop",
                "Parent Relationship": "Outer",
                "Parallel Aware": false,
                "Join Type": "Inner",
                "Startup Cost": 74436.24,
                "Total Cost": 174548.1,
                "Plan Rows": 24935,
                "Plan Width": 0,
                "Actual Startup Time": 553.203,
                "Actual Total Time": 978.826,
                "Actual Rows": 75435,
                "Actual Loops": 2,
                "Inner Unique": false,
                "Plans": [
                  {
                    "Node Type": "Hash Join",
                    "Parent Relationship": "Outer",
                    "Parallel Aware": true,
                    "Join Type": "Inner",
                    "Startup Cost": 74435.82,
                    "Total Cost": 101958.89,
                    "Plan Rows": 136761,
                    "Plan Width": 8,
                    "Actual Startup Time": 553.1,
                    "Actual Total Time": 703.237,
                    "Actual Rows": 100656,
                    "Actual Loops": 2,
                    "Inner Unique": true,
                    "Hash Cond": "(mk.movie_id = t.id)",
                    "Plans": [
                      {
                        "Node Type": "Bitmap Heap Scan",
                        "Parent Relationship": "Outer",
                        "Parallel Aware": true,
                        "Relation Name": "movie_keyword",
                        "Alias": "mk",
                        "Startup Cost": 7317.83,
                        "Total Cost": 34308.25,
                        "Plan Rows": 202914,
                        "Plan Width": 4,
                        "Actual Startup Time": 32.478,
                        "Actual Total Time": 107.296,
                        "Actual Rows": 181846,
                        "Actual Loops": 2,
                        "Recheck Cond": "(keyword_id < 335)",
                        "Rows Removed by Index Recheck": 0,
                        "Exact Heap Blocks": 10467,
                        "Lossy Heap Blocks": 0,
                        "Plans": [
                          {
                            "Node Type": "Bitmap Index Scan",
                            "Parent Relationship": "Outer",
                            "Parallel Aware": false,
                            "Index Name": "keyword_id_movie_keyword",
                            "Startup Cost": 0.0,
                            "Total Cost": 7231.59,
                            "Plan Rows": 344954,
                            "Plan Width": 0,
                            "Actual Startup Time": 26.765,
                            "Actual Total Time": 26.766,
                            "Actual Rows": 363692,
                            "Actual Loops": 1,
                            "Index Cond": "(keyword_id < 335)"
                          }
                        ]
                      },
                      {
                        "Node Type": "Hash",
                        "Parent Relationship": "Inner",
                        "Parallel Aware": true,
                        "Startup Cost": 54588.39,
                        "Total Cost": 54588.39,
                        "Plan Rows": 1002368,
                        "Plan Width": 4,
                        "Actual Startup Time": 505.91,
                        "Actual Total Time": 505.911,
                        "Actual Rows": 850158,
                        "Actual Loops": 2,
                        "Hash Buckets": 2097152,
                        "Original Hash Buckets": 2097152,
                        "Hash Batches": 1,
                        "Original Hash Batches": 1,
                        "Peak Memory Usage": 82912,
                        "Plans": [
                          {
                            "Node Type": "Seq Scan",
                            "Parent Relationship": "Outer",
                            "Parallel Aware": true,
                            "Relation Name": "title",
                            "Alias": "t",
                            "Startup Cost": 0.0,
                            "Total Cost": 54588.39,
                            "Plan Rows": 1002368,
                            "Plan Width": 4,
                            "Actual Startup Time": 0.03,
                            "Actual Total Time": 211.503,
                            "Actual Rows": 850158,
                            "Actual Loops": 2,
                            "Filter": "(production_year > 1992)",
                            "Rows Removed by Filter": 413998
                          }
                        ]
                      }
                    ]
                  },
                  {
                    "Node Type": "Index Scan",
                    "Parent Relationship": "Inner",
                    "Parallel Aware": false,
                    "Scan Direction": "Forward",
                    "Index Name": "movie_id_movie_info_idx",
                    "Relation Name": "movie_info_idx",
                    "Alias": "mi_idx",
                    "Startup Cost": 0.43,
                    "Total Cost": 0.52,
                    "Plan Rows": 1,
                    "Plan Width": 4,
                    "Actual Startup Time": 0.002,
                    "Actual Total Time": 0.002,
                    "Actual Rows": 1,
                    "Actual Loops": 201311,
                    "Index Cond": "(movie_id = t.id)",
                    "Rows Removed by Index Recheck": 0,
                    "Filter": "(info_type_id > 100)",
                    "Rows Removed by Filter": 1
                  }
                ]
              }
            ]
          }
        ]
      }
    ]
  },
  "Planning Time": 1.109,
  "Triggers": [],
  "Execution Time": 1016.469
}