{
  "Plan": {
    "Node Type": "Aggregate",
    "Strategy": "Plain",
    "Partial Mode": "Finalize",
    "Parallel Aware": false,
    "Startup Cost": 82406.47,
    "Total Cost": 82406.48,
    "Plan Rows": 1,
    "Plan Width": 8,
    "Actual Startup Time": 202.864,
    "Actual Total Time": 215.465,
    "Actual Rows": 1,
    "Actual Loops": 1,
    "Plans": [
      {
        "Node Type": "Gather",
        "Parent Relationship": "Outer",
        "Parallel Aware": false,
        "Startup Cost": 82406.36,
        "Total Cost": 82406.47,
        "Plan Rows": 1,
        "Plan Width": 8,
        "Actual Startup Time": 202.454,
        "Actual Total Time": 215.456,
        "Actual Rows": 2,
        "Actual Loops": 1,
        "Workers Planned": 1,
        "Workers Launched": 1,
        "Single Copy": false,
        "Plans": [
          {
            "Node Type": "Aggregate",
            "Strategy": "Plain",
            "Partial Mode": "Partial",
            "Parent Relationship": "Outer",
            "Parallel Aware": false,
            "Startup Cost": 81406.36,
            "Total Cost": 81406.37,
            "Plan Rows": 1,
            "Plan Width": 8,
            "Actual Startup Time": 197.466,
            "Actual Total Time": 197.471,
            "Actual Rows": 1,
            "Actual Loops": 2,
            "Plans": [
              {
                "Node Type": "Hash Join",
                "Parent Relationship": "Outer",
                "Parallel Aware": true,
                "Join Type": "Inner",
                "Startup Cost": 20909.72,
                "Total Cost": 81395.89,
                "Plan Rows": 4186,
                "Plan Width": 0,
                "Actual Startup Time": 41.363,
                "Actual Total Time": 197.38,
                "Actual Rows": 752,
                "Actual Loops": 2,
                "Inner Unique": false,
                "Hash Cond": "(t.id = mc.movie_id)",
                "Plans": [
                  {
                    "Node Type": "Seq Scan",
                    "Parent Relationship": "Outer",
                    "Parallel Aware": true,
                    "Relation Name": "title",
                    "Alias": "t",
                    "Startup Cost": 0.0,
                    "Total Cost": 58306.47,
                    "Plan Rows": 344812,
                    "Plan Width": 4,
                    "Actual Startup Time": 0.012,
                    "Actual Total Time": 127.338,
                    "Actual Rows": 228754,
                    "Actual Loops": 2,
                    "Filter": "((kind_id < 4) AND (production_year > 1991))",
                    "Rows Removed by Filter": 1035402
                  },
                  {
                    "Node Type": "Hash",
                    "Parent Relationship": "Inner",
                    "Parallel Aware": true,
                    "Startup Cost": 20684.01,
                    "Total Cost": 20684.01,
                    "Plan Rows": 18057,
                    "Plan Width": 4,
                    "Actual Startup Time": 39.35,
                    "Actual Total Time": 39.351,
                    "Actual Rows": 27748,
                    "Actual Loops": 2,
                    "Hash Buckets": 65536,
                    "Original Hash Buckets": 32768,
                    "Hash Batches": 1,
                    "Original Hash Batches": 1,
                    "Peak Memory Usage": 2976,
                    "Plans": [
                      {
                        "Node Type": "Bitmap Heap Scan",
                        "Parent Relationship": "Outer",
                        "Parallel Aware": true,
                        "Relation Name": "movie_companies",
                        "Alias": "mc",
                        "Startup Cost": 1343.79,
                        "Total Cost": 20684.01,
                        "Plan Rows": 18057,
                        "Plan Width": 4,
                        "Actual Startup Time": 8.261,
                        "Actual Total Time": 27.946,
                        "Actual Rows": 27748,
                        "Actual Loops": 2,
                        "Recheck Cond": "(company_id = 6)",
                        "Rows Removed by Index Recheck": 0,
                        "Filter": "(company_type_id < 2)",
                        "Rows Removed by Filter": 3289,
                        "Exact Heap Blocks": 4224,
                        "Lossy Heap Blocks": 0,
                        "Plans": [
                          {
                            "Node Type": "Bitmap Index Scan",
                            "Parent Relationship": "Outer",
                            "Parallel Aware": false,
                            "Index Name": "company_id_movie_companies",
                            "Startup Cost": 0.0,
                            "Total Cost": 1336.12,
                            "Plan Rows": 62358,
                            "Plan Width": 0,
                            "Actual Startup Time": 9.501,
                            "Actual Total Time": 9.501,
                            "Actual Rows": 62075,
                            "Actual Loops": 1,
                            "Index Cond": "(company_id = 6)"
                          }
                        ]
                      }
                    ]
                  }
                ]
              }
            ]
          }
        ]
      }
    ]
  },
  "Planning Time": 0.652,
  "Triggers": [],
  "Execution Time": 215.555
}