[
  {
    "Plan": {
      "Node Type": "Aggregate",
      "Strategy": "Plain",
      "Partial Mode": "Finalize",
      "Parallel Aware": false,
      "Startup Cost": 95778.39,
      "Total Cost": 95778.4,
      "Plan Rows": 1,
      "Plan Width": 8,
      "Actual Startup Time": 209.89,
      "Actual Total Time": 229.488,
      "Actual Rows": 1,
      "Actual Loops": 1,
      "Plans": [
        {
          "Node Type": "Gather",
          "Parent Relationship": "Outer",
          "Parallel Aware": false,
          "Startup Cost": 95777.97,
          "Total Cost": 95778.38,
          "Plan Rows": 4,
          "Plan Width": 8,
          "Actual Startup Time": 209.642,
          "Actual Total Time": 229.474,
          "Actual Rows": 5,
          "Actual Loops": 1,
          "Workers Planned": 4,
          "Workers Launched": 4,
          "Single Copy": false,
          "Plans": [
            {
              "Node Type": "Aggregate",
              "Strategy": "Plain",
              "Partial Mode": "Partial",
              "Parent Relationship": "Outer",
              "Parallel Aware": false,
              "Startup Cost": 94777.97,
              "Total Cost": 94777.98,
              "Plan Rows": 1,
              "Plan Width": 8,
              "Actual Startup Time": 204.11,
              "Actual Total Time": 204.113,
              "Actual Rows": 1,
              "Actual Loops": 5,
              "Plans": [
                {
                  "Node Type": "Hash Join",
                  "Parent Relationship": "Outer",
                  "Parallel Aware": true,
                  "Join Type": "Inner",
                  "Startup Cost": 45611.86,
                  "Total Cost": 94759.64,
                  "Plan Rows": 7332,
                  "Plan Width": 0,
                  "Actual Startup Time": 86.111,
                  "Actual Total Time": 203.666,
                  "Actual Rows": 5959,
                  "Actual Loops": 5,
                  "Inner Unique": true,
                  "Hash Cond": "(ci.movie_id = t.id)",
                  "Plans": [
                    {
                      "Node Type": "Index Scan",
                      "Parent Relationship": "Outer",
                      "Parallel Aware": true,
                      "Scan Direction": "Forward",
                      "Index Name": "role_id_cast_info",
                      "Relation Name": "cast_info",
                      "Alias": "ci",
                      "Startup Cost": 0.56,
                      "Total Cost": 47993.72,
                      "Plan Rows": 439854,
                      "Plan Width": 4,
                      "Actual Startup Time": 0.118,
                      "Actual Total Time": 73.14,
                      "Actual Rows": 340709,
                      "Actual Loops": 5,
                      "Index Cond": "(role_id = 8)",
                      "Rows Removed by Index Recheck": 0
                    },
                    {
                      "Node Type": "Hash",
                      "Parent Relationship": "Inner",
                      "Parallel Aware": true,
                      "Startup Cost": 45479.59,
                      "Total Cost": 45479.59,
                      "Plan Rows": 10537,
                      "Plan Width": 4,
                      "Actual Startup Time": 85.467,
                      "Actual Total Time": 85.469,
                      "Actual Rows": 5956,
                      "Actual Loops": 5,
                      "Hash Buckets": 65536,
                      "Original Hash Buckets": 65536,
                      "Hash Batches": 1,
                      "Original Hash Batches": 1,
                      "Peak Memory Usage": 1728,
                      "Plans": [
                        {
                          "Node Type": "Seq Scan",
                          "Parent Relationship": "Outer",
                          "Parallel Aware": true,
                          "Relation Name": "title",
                          "Alias": "t",
                          "Startup Cost": 0.0,
                          "Total Cost": 45479.59,
                          "Plan Rows": 10537,
                          "Plan Width": 4,
                          "Actual Startup Time": 0.247,
                          "Actual Total Time": 82.686,
                          "Actual Rows": 5956,
                          "Actual Loops": 5,
                          "Filter": "((kind_id < 4) AND (production_year = 2008))",
                          "Rows Removed by Filter": 499707
                        }
                      ]
                    }
                  ]
                }
              ]
            }
          ]
        }
      ]
    },
    "Planning Time": 0.269,
    "Triggers": [],
    "Execution Time": 229.544
  }
]