{
    "Plan": {
        "Node Type": "Aggregate",
        "Strategy": "Plain",
        "Partial Mode": "Finalize",
        "Parallel Aware": false,
        "Startup Cost": 246209.57,
        "Total Cost": 246209.58,
        "Plan Rows": 1,
        "Plan Width": 8,
        "Actual Startup Time": 402.371,
        "Actual Total Time": 449.38,
        "Actual Rows": 1,
        "Actual Loops": 1,
        "Output": [
            "count(*)"
        ],
        "Plans": [
            {
                "Node Type": "Gather",
                "Parent Relationship": "Outer",
                "Parallel Aware": false,
                "Startup Cost": 246209.04,
                "Total Cost": 246209.55,
                "Plan Rows": 5,
                "Plan Width": 8,
                "Actual Startup Time": 401.475,
                "Actual Total Time": 449.368,
                "Actual Rows": 6,
                "Actual Loops": 1,
                "Output": [
                    "(PARTIAL count(*))"
                ],
                "Workers Planned": 5,
                "Workers Launched": 5,
                "Single Copy": false,
                "Plans": [
                    {
                        "Node Type": "Aggregate",
                        "Strategy": "Plain",
                        "Partial Mode": "Partial",
                        "Parent Relationship": "Outer",
                        "Parallel Aware": false,
                        "Startup Cost": 245209.04,
                        "Total Cost": 245209.05,
                        "Plan Rows": 1,
                        "Plan Width": 8,
                        "Actual Startup Time": 391.224,
                        "Actual Total Time": 391.227,
                        "Actual Rows": 1,
                        "Actual Loops": 6,
                        "Output": [
                            "PARTIAL count(*)"
                        ],
                        "Workers": [
                            {
                                "Worker Number": 0,
                                "Actual Startup Time": 388.852,
                                "Actual Total Time": 388.855,
                                "Actual Rows": 1,
                                "Actual Loops": 1
                            },
                            {
                                "Worker Number": 1,
                                "Actual Startup Time": 389.147,
                                "Actual Total Time": 389.149,
                                "Actual Rows": 1,
                                "Actual Loops": 1
                            },
                            {
                                "Worker Number": 2,
                                "Actual Startup Time": 389.262,
                                "Actual Total Time": 389.265,
                                "Actual Rows": 1,
                                "Actual Loops": 1
                            },
                            {
                                "Worker Number": 3,
                                "Actual Startup Time": 389.462,
                                "Actual Total Time": 389.465,
                                "Actual Rows": 1,
                                "Actual Loops": 1
                            },
                            {
                                "Worker Number": 4,
                                "Actual Startup Time": 390.099,
                                "Actual Total Time": 390.102,
                                "Actual Rows": 1,
                                "Actual Loops": 1
                            }
                        ],
                        "Plans": [
                            {
                                "Node Type": "Hash Join",
                                "Parent Relationship": "Outer",
                                "Parallel Aware": true,
                                "Join Type": "Inner",
                                "Startup Cost": 46134.4,
                                "Total Cost": 245194.85,
                                "Plan Rows": 5677,
                                "Plan Width": 0,
                                "Actual Startup Time": 277.082,
                                "Actual Total Time": 390.67,
                                "Actual Rows": 9323,
                                "Actual Loops": 6,
                                "Inner Unique": true,
                                "Hash Cond": "(mi.movie_id = t.id)",
                                "Workers": [
                                    {
                                        "Worker Number": 0,
                                        "Actual Startup Time": 274.77,
                                        "Actual Total Time": 388.322,
                                        "Actual Rows": 7963,
                                        "Actual Loops": 1
                                    },
                                    {
                                        "Worker Number": 1,
                                        "Actual Startup Time": 274.866,
                                        "Actual Total Time": 388.623,
                                        "Actual Rows": 7936,
                                        "Actual Loops": 1
                                    },
                                    {
                                        "Worker Number": 2,
                                        "Actual Startup Time": 275.182,
                                        "Actual Total Time": 388.745,
                                        "Actual Rows": 8084,
                                        "Actual Loops": 1
                                    },
                                    {
                                        "Worker Number": 3,
                                        "Actual Startup Time": 275.336,
                                        "Actual Total Time": 388.935,
                                        "Actual Rows": 8019,
                                        "Actual Loops": 1
                                    },
                                    {
                                        "Worker Number": 4,
                                        "Actual Startup Time": 275.999,
                                        "Actual Total Time": 389.563,
                                        "Actual Rows": 8195,
                                        "Actual Loops": 1
                                    }
                                ],
                                "Plans": [
                                    {
                                        "Node Type": "Seq Scan",
                                        "Parent Relationship": "Outer",
                                        "Parallel Aware": true,
                                        "Relation Name": "movie_info",
                                        "Schema": "public",
                                        "Alias": "mi",
                                        "Startup Cost": 0.0,
                                        "Total Cost": 198880.74,
                                        "Plan Rows": 68464,
                                        "Plan Width": 4,
                                        "Actual Startup Time": 187.525,
                                        "Actual Total Time": 287.607,
                                        "Actual Rows": 54810,
                                        "Actual Loops": 6,
                                        "Output": [
                                            "mi.id",
                                            "mi.movie_id",
                                            "mi.info_type_id",
                                            "mi.info",
                                            "mi.note"
                                        ],
                                        "Filter": "(mi.info_type_id = 98)",
                                        "Rows Removed by Filter": 2417810,
                                        "Workers": [
                                            {
                                                "Worker Number": 0,
                                                "Actual Startup Time": 187.449,
                                                "Actual Total Time": 288.962,
                                                "Actual Rows": 47331,
                                                "Actual Loops": 1
                                            },
                                            {
                                                "Worker Number": 1,
                                                "Actual Startup Time": 187.557,
                                                "Actual Total Time": 289.129,
                                                "Actual Rows": 47428,
                                                "Actual Loops": 1
                                            },
                                            {
                                                "Worker Number": 2,
                                                "Actual Startup Time": 187.452,
                                                "Actual Total Time": 288.15,
                                                "Actual Rows": 47500,
                                                "Actual Loops": 1
                                            },
                                            {
                                                "Worker Number": 3,
                                                "Actual Startup Time": 187.57,
                                                "Actual Total Time": 289.279,
                                                "Actual Rows": 47005,
                                                "Actual Loops": 1
                                            },
                                            {
                                                "Worker Number": 4,
                                                "Actual Startup Time": 187.567,
                                                "Actual Total Time": 288.251,
                                                "Actual Rows": 48177,
                                                "Actual Loops": 1
                                            }
                                        ]
                                    },
                                    {
                                        "Node Type": "Hash",
                                        "Parent Relationship": "Inner",
                                        "Parallel Aware": true,
                                        "Startup Cost": 45479.21,
                                        "Total Cost": 45479.21,
                                        "Plan Rows": 52415,
                                        "Plan Width": 4,
                                        "Actual Startup Time": 87.432,
                                        "Actual Total Time": 87.433,
                                        "Actual Rows": 30639,
                                        "Actual Loops": 6,
                                        "Output": [
                                            "t.id"
                                        ],
                                        "Hash Buckets": 262144,
                                        "Original Hash Buckets": 262144,
                                        "Hash Batches": 1,
                                        "Original Hash Batches": 1,
                                        "Peak Memory Usage": 9344,
                                        "Workers": [
                                            {
                                                "Worker Number": 0,
                                                "Actual Startup Time": 86.436,
                                                "Actual Total Time": 86.437,
                                                "Actual Rows": 28666,
                                                "Actual Loops": 1
                                            },
                                            {
                                                "Worker Number": 1,
                                                "Actual Startup Time": 86.51,
                                                "Actual Total Time": 86.51,
                                                "Actual Rows": 27634,
                                                "Actual Loops": 1
                                            },
                                            {
                                                "Worker Number": 2,
                                                "Actual Startup Time": 86.834,
                                                "Actual Total Time": 86.835,
                                                "Actual Rows": 30735,
                                                "Actual Loops": 1
                                            },
                                            {
                                                "Worker Number": 3,
                                                "Actual Startup Time": 86.997,
                                                "Actual Total Time": 86.998,
                                                "Actual Rows": 29473,
                                                "Actual Loops": 1
                                            },
                                            {
                                                "Worker Number": 4,
                                                "Actual Startup Time": 87.713,
                                                "Actual Total Time": 87.714,
                                                "Actual Rows": 30831,
                                                "Actual Loops": 1
                                            }
                                        ],
                                        "Plans": [
                                            {
                                                "Node Type": "Seq Scan",
                                                "Parent Relationship": "Outer",
                                                "Parallel Aware": true,
                                                "Relation Name": "title",
                                                "Schema": "public",
                                                "Alias": "t",
                                                "Startup Cost": 0.0,
                                                "Total Cost": 45479.21,
                                                "Plan Rows": 52415,
                                                "Plan Width": 4,
                                                "Actual Startup Time": 0.128,
                                                "Actual Total Time": 75.709,
                                                "Actual Rows": 30639,
                                                "Actual Loops": 6,
                                                "Output": [
                                                    "t.id"
                                                ],
                                                "Filter": "((t.kind_id < 7) AND (t.production_year > 2009))",
                                                "Rows Removed by Filter": 390746,
                                                "Workers": [
                                                    {
                                                        "Worker Number": 0,
                                                        "Actual Startup Time": 0.067,
                                                        "Actual Total Time": 75.258,
                                                        "Actual Rows": 28666,
                                                        "Actual Loops": 1
                                                    },
                                                    {
                                                        "Worker Number": 1,
                                                        "Actual Startup Time": 0.145,
                                                        "Actual Total Time": 74.767,
                                                        "Actual Rows": 27634,
                                                        "Actual Loops": 1
                                                    },
                                                    {
                                                        "Worker Number": 2,
                                                        "Actual Startup Time": 0.194,
                                                        "Actual Total Time": 75.045,
                                                        "Actual Rows": 30735,
                                                        "Actual Loops": 1
                                                    },
                                                    {
                                                        "Worker Number": 3,
                                                        "Actual Startup Time": 0.083,
                                                        "Actual Total Time": 76.363,
                                                        "Actual Rows": 29473,
                                                        "Actual Loops": 1
                                                    },
                                                    {
                                                        "Worker Number": 4,
                                                        "Actual Startup Time": 0.199,
                                                        "Actual Total Time": 75.404,
                                                        "Actual Rows": 30831,
                                                        "Actual Loops": 1
                                                    }
                                                ]
                                            }
                                        ]
                                    }
                                ]
                            }
                        ]
                    }
                ]
            }
        ]
    },
    "Planning Time": 0.814,
    "Triggers": [],
    "Execution Time": 449.484
}