[
  {
    "Plan": {
      "Node Type": "Aggregate",
      "Strategy": "Plain",
      "Partial Mode": "Finalize",
      "Parallel Aware": false,
      "Startup Cost": 78647.78,
      "Total Cost": 78647.79,
      "Plan Rows": 1,
      "Plan Width": 8,
      "Actual Startup Time": 175.778,
      "Actual Total Time": 191.265,
      "Actual Rows": 1,
      "Actual Loops": 1,
      "Plans": [
        {
          "Node Type": "Gather",
          "Parent Relationship": "Outer",
          "Parallel Aware": false,
          "Startup Cost": 78647.46,
          "Total Cost": 78647.77,
          "Plan Rows": 3,
          "Plan Width": 8,
          "Actual Startup Time": 175.471,
          "Actual Total Time": 191.258,
          "Actual Rows": 4,
          "Actual Loops": 1,
          "Workers Planned": 3,
          "Workers Launched": 3,
          "Single Copy": false,
          "Plans": [
            {
              "Node Type": "Aggregate",
              "Strategy": "Plain",
              "Partial Mode": "Partial",
              "Parent Relationship": "Outer",
              "Parallel Aware": false,
              "Startup Cost": 77647.46,
              "Total Cost": 77647.47,
              "Plan Rows": 1,
              "Plan Width": 8,
              "Actual Startup Time": 170.277,
              "Actual Total Time": 170.28,
              "Actual Rows": 1,
              "Actual Loops": 4,
              "Plans": [
                {
                  "Node Type": "Hash Join",
                  "Parent Relationship": "Outer",
                  "Parallel Aware": true,
                  "Join Type": "Inner",
                  "Startup Cost": 45631.39,
                  "Total Cost": 77636.66,
                  "Plan Rows": 4321,
                  "Plan Width": 0,
                  "Actual Startup Time": 127.526,
                  "Actual Total Time": 170.183,
                  "Actual Rows": 1453,
                  "Actual Loops": 4,
                  "Inner Unique": true,
                  "Hash Cond": "(mc.movie_id = t.id)",
                  "Plans": [
                    {
                      "Node Type": "Seq Scan",
                      "Parent Relationship": "Outer",
                      "Parallel Aware": true,
                      "Relation Name": "movie_companies",
                      "Alias": "mc",
                      "Startup Cost": 0.0,
                      "Total Cost": 31414.82,
                      "Plan Rows": 224935,
                      "Plan Width": 4,
                      "Actual Startup Time": 30.789,
                      "Actual Total Time": 60.845,
                      "Actual Rows": 111087,
                      "Actual Loops": 4,
                      "Filter": "((company_id < 11839) AND (company_type_id = 2))",
                      "Rows Removed by Filter": 541195
                    },
                    {
                      "Node Type": "Hash",
                      "Parent Relationship": "Inner",
                      "Parallel Aware": true,
                      "Startup Cost": 45479.59,
                      "Total Cost": 45479.59,
                      "Plan Rows": 12144,
                      "Plan Width": 4,
                      "Actual Startup Time": 95.7,
                      "Actual Total Time": 95.701,
                      "Actual Rows": 11256,
                      "Actual Loops": 4,
                      "Hash Buckets": 65536,
                      "Original Hash Buckets": 65536,
                      "Hash Batches": 1,
                      "Original Hash Batches": 1,
                      "Peak Memory Usage": 2336,
                      "Plans": [
                        {
                          "Node Type": "Seq Scan",
                          "Parent Relationship": "Outer",
                          "Parallel Aware": true,
                          "Relation Name": "title",
                          "Alias": "t",
                          "Startup Cost": 0.0,
                          "Total Cost": 45479.59,
                          "Plan Rows": 12144,
                          "Plan Width": 4,
                          "Actual Startup Time": 0.046,
                          "Actual Total Time": 90.861,
                          "Actual Rows": 11256,
                          "Actual Loops": 4,
                          "Filter": "((kind_id > 1) AND (production_year = 2013))",
                          "Rows Removed by Filter": 620822
                        }
                      ]
                    }
                  ]
                }
              ]
            }
          ]
        }
      ]
    },
    "Planning Time": 0.424,
    "Triggers": [],
    "Execution Time": 191.312
  }
]