[
  {
    "Plan": {
      "Node Type": "Aggregate",
      "Strategy": "Plain",
      "Partial Mode": "Finalize",
      "Parallel Aware": false,
      "Startup Cost": 109201.29,
      "Total Cost": 109201.3,
      "Plan Rows": 1,
      "Plan Width": 8,
      "Actual Startup Time": 210.963,
      "Actual Total Time": 228.361,
      "Actual Rows": 1,
      "Actual Loops": 1,
      "Plans": [
        {
          "Node Type": "Gather",
          "Parent Relationship": "Outer",
          "Parallel Aware": false,
          "Startup Cost": 109200.77,
          "Total Cost": 109201.28,
          "Plan Rows": 5,
          "Plan Width": 8,
          "Actual Startup Time": 210.882,
          "Actual Total Time": 228.352,
          "Actual Rows": 6,
          "Actual Loops": 1,
          "Workers Planned": 5,
          "Workers Launched": 5,
          "Single Copy": false,
          "Plans": [
            {
              "Node Type": "Aggregate",
              "Strategy": "Plain",
              "Partial Mode": "Partial",
              "Parent Relationship": "Outer",
              "Parallel Aware": false,
              "Startup Cost": 108200.77,
              "Total Cost": 108200.78,
              "Plan Rows": 1,
              "Plan Width": 8,
              "Actual Startup Time": 202.032,
              "Actual Total Time": 202.034,
              "Actual Rows": 1,
              "Actual Loops": 6,
              "Plans": [
                {
                  "Node Type": "Index Scan",
                  "Parent Relationship": "Outer",
                  "Parallel Aware": true,
                  "Scan Direction": "Forward",
                  "Index Name": "role_id_cast_info",
                  "Relation Name": "cast_info",
                  "Alias": "ci",
                  "Startup Cost": 0.56,
                  "Total Cost": 107159.34,
                  "Plan Rows": 416574,
                  "Plan Width": 0,
                  "Actual Startup Time": 0.229,
                  "Actual Total Time": 175.6,
                  "Actual Rows": 446502,
                  "Actual Loops": 6,
                  "Index Cond": "(role_id = 3)",
                  "Rows Removed by Index Recheck": 0,
                  "Filter": "(person_id > 1698666)",
                  "Rows Removed by Filter": 221504
                }
              ]
            }
          ]
        }
      ]
    },
    "Planning Time": 0.096,
    "Triggers": [],
    "Execution Time": 228.394
  }
]