[
  {
    "Plan": {
      "Node Type": "Aggregate",
      "Strategy": "Plain",
      "Partial Mode": "Finalize",
      "Parallel Aware": false,
      "Startup Cost": 31968.81,
      "Total Cost": 31968.82,
      "Plan Rows": 1,
      "Plan Width": 8,
      "Actual Startup Time": 105.813,
      "Actual Total Time": 113.355,
      "Actual Rows": 1,
      "Actual Loops": 1,
      "Plans": [
        {
          "Node Type": "Gather",
          "Parent Relationship": "Outer",
          "Parallel Aware": false,
          "Startup Cost": 31968.49,
          "Total Cost": 31968.8,
          "Plan Rows": 3,
          "Plan Width": 8,
          "Actual Startup Time": 105.682,
          "Actual Total Time": 113.349,
          "Actual Rows": 4,
          "Actual Loops": 1,
          "Workers Planned": 3,
          "Workers Launched": 3,
          "Single Copy": false,
          "Plans": [
            {
              "Node Type": "Aggregate",
              "Strategy": "Plain",
              "Partial Mode": "Partial",
              "Parent Relationship": "Outer",
              "Parallel Aware": false,
              "Startup Cost": 30968.49,
              "Total Cost": 30968.5,
              "Plan Rows": 1,
              "Plan Width": 8,
              "Actual Startup Time": 100.873,
              "Actual Total Time": 100.874,
              "Actual Rows": 1,
              "Actual Loops": 4,
              "Plans": [
                {
                  "Node Type": "Seq Scan",
                  "Parent Relationship": "Outer",
                  "Parallel Aware": true,
                  "Relation Name": "movie_companies",
                  "Alias": "mc",
                  "Startup Cost": 0.0,
                  "Total Cost": 29310.68,
                  "Plan Rows": 663123,
                  "Plan Width": 0,
                  "Actual Startup Time": 0.023,
                  "Actual Total Time": 77.077,
                  "Actual Rows": 515136,
                  "Actual Loops": 4,
                  "Filter": "(company_id < 71909)",
                  "Rows Removed by Filter": 137146
                }
              ]
            }
          ]
        }
      ]
    },
    "Planning Time": 0.085,
    "Triggers": [],
    "Execution Time": 113.383
  }
]