{
  "Plan": {
    "Node Type": "Aggregate",
    "Strategy": "Plain",
    "Partial Mode": "Finalize",
    "Parallel Aware": false,
    "Startup Cost": 246690.32,
    "Total Cost": 246690.33,
    "Plan Rows": 1,
    "Plan Width": 8,
    "Actual Startup Time": 2212.91,
    "Actual Total Time": 2264.27,
    "Actual Rows": 1,
    "Actual Loops": 1,
    "Plans": [
      {
        "Node Type": "Gather",
        "Parent Relationship": "Outer",
        "Parallel Aware": false,
        "Startup Cost": 246690.21,
        "Total Cost": 246690.32,
        "Plan Rows": 1,
        "Plan Width": 8,
        "Actual Startup Time": 2209.525,
        "Actual Total Time": 2264.263,
        "Actual Rows": 2,
        "Actual Loops": 1,
        "Workers Planned": 1,
        "Workers Launched": 1,
        "Single Copy": false,
        "Plans": [
          {
            "Node Type": "Aggregate",
            "Strategy": "Plain",
            "Partial Mode": "Partial",
            "Parent Relationship": "Outer",
            "Parallel Aware": false,
            "Startup Cost": 245690.21,
            "Total Cost": 245690.22,
            "Plan Rows": 1,
            "Plan Width": 8,
            "Actual Startup Time": 2196.438,
            "Actual Total Time": 2196.441,
            "Actual Rows": 1,
            "Actual Loops": 2,
            "Plans": [
              {
                "Node Type": "Nested Loop",
                "Parent Relationship": "Outer",
                "Parallel Aware": false,
                "Join Type": "Inner",
                "Startup Cost": 72202.46,
                "Total Cost": 244579.68,
                "Plan Rows": 444212,
                "Plan Width": 0,
                "Actual Startup Time": 533.537,
                "Actual Total Time": 2010.113,
                "Actual Rows": 4347970,
                "Actual Loops": 2,
                "Inner Unique": false,
                "Plans": [
                  {
                    "Node Type": "Hash Join",
                    "Parent Relationship": "Outer",
                    "Parallel Aware": true,
                    "Join Type": "Inner",
                    "Startup Cost": 72202.02,
                    "Total Cost": 97805.05,
                    "Plan Rows": 75969,
                    "Plan Width": 8,
                    "Actual Startup Time": 533.46,
                    "Actual Total Time": 597.543,
                    "Actual Rows": 62747,
                    "Actual Loops": 2,
                    "Inner Unique": true,
                    "Hash Cond": "(mk.movie_id = t.id)",
                    "Plans": [
                      {
                        "Node Type": "Bitmap Heap Scan",
                        "Parent Relationship": "Outer",
                        "Parallel Aware": true,
                        "Relation Name": "movie_keyword",
                        "Alias": "mk",
                        "Startup Cost": 2741.32,
                        "Total Cost": 28144.93,
                        "Plan Rows": 75969,
                        "Plan Width": 4,
                        "Actual Startup Time": 14.788,
                        "Actual Total Time": 50.172,
                        "Actual Rows": 62747,
                        "Actual Loops": 2,
                        "Recheck Cond": "(keyword_id > 77086)",
                        "Rows Removed by Index Recheck": 0,
                        "Exact Heap Blocks": 9841,
                        "Lossy Heap Blocks": 0,
                        "Plans": [
                          {
                            "Node Type": "Bitmap Index Scan",
                            "Parent Relationship": "Outer",
                            "Parallel Aware": false,
                            "Index Name": "keyword_id_movie_keyword",
                            "Startup Cost": 0.0,
                            "Total Cost": 2709.03,
                            "Plan Rows": 129147,
                            "Plan Width": 0,
                            "Actual Startup Time": 12.023,
                            "Actual Total Time": 12.023,
                            "Actual Rows": 125494,
                            "Actual Loops": 1,
                            "Index Cond": "(keyword_id > 77086)"
                          }
                        ]
                      },
                      {
                        "Node Type": "Hash",
                        "Parent Relationship": "Inner",
                        "Parallel Aware": true,
                        "Startup Cost": 50870.31,
                        "Total Cost": 50870.31,
                        "Plan Rows": 1487231,
                        "Plan Width": 4,
                        "Actual Startup Time": 496.617,
                        "Actual Total Time": 496.618,
                        "Actual Rows": 1264156,
                        "Actual Loops": 2,
                        "Hash Buckets": 4194304,
                        "Original Hash Buckets": 4194304,
                        "Hash Batches": 1,
                        "Original Hash Batches": 1,
                        "Peak Memory Usage": 131712,
                        "Plans": [
                          {
                            "Node Type": "Seq Scan",
                            "Parent Relationship": "Outer",
                            "Parallel Aware": true,
                            "Relation Name": "title",
                            "Alias": "t",
                            "Startup Cost": 0.0,
                            "Total Cost": 50870.31,
                            "Plan Rows": 1487231,
                            "Plan Width": 4,
                            "Actual Startup Time": 0.024,
                            "Actual Total Time": 157.179,
                            "Actual Rows": 1264156,
                            "Actual Loops": 2
                          }
                        ]
                      }
                    ]
                  },
                  {
                    "Node Type": "Index Only Scan",
                    "Parent Relationship": "Inner",
                    "Parallel Aware": false,
                    "Scan Direction": "Forward",
                    "Index Name": "movie_id_movie_info",
                    "Relation Name": "movie_info",
                    "Alias": "mi",
                    "Startup Cost": 0.43,
                    "Total Cost": 1.51,
                    "Plan Rows": 42,
                    "Plan Width": 4,
                    "Actual Startup Time": 0.004,
                    "Actual Total Time": 0.017,
                    "Actual Rows": 69,
                    "Actual Loops": 125494,
                    "Index Cond": "(movie_id = t.id)",
                    "Rows Removed by Index Recheck": 0,
                    "Heap Fetches": 8695940
                  }
                ]
              }
            ]
          }
        ]
      }
    ]
  },
  "Planning Time": 0.91,
  "Triggers": [],
  "Execution Time": 2264.377
}