[
  {
    "Plan": {
      "Node Type": "Aggregate",
      "Strategy": "Plain",
      "Partial Mode": "Simple",
      "Parallel Aware": false,
      "Startup Cost": 67303.87,
      "Total Cost": 67303.88,
      "Plan Rows": 1,
      "Plan Width": 96,
      "Actual Startup Time": 290.797,
      "Actual Total Time": 290.995,
      "Actual Rows": 1,
      "Actual Loops": 1,
      "Plans": [
        {
          "Node Type": "Merge Join",
          "Parent Relationship": "Outer",
          "Parallel Aware": false,
          "Join Type": "Inner",
          "Startup Cost": 54307.26,
          "Total Cost": 67303.49,
          "Plan Rows": 51,
          "Plan Width": 60,
          "Actual Startup Time": 273.103,
          "Actual Total Time": 288.566,
          "Actual Rows": 14899,
          "Actual Loops": 1,
          "Inner Unique": false,
          "Merge Cond": "(cn.id = mc.company_id)",
          "Plans": [
            {
              "Node Type": "Index Scan",
              "Parent Relationship": "Outer",
              "Parallel Aware": false,
              "Scan Direction": "Forward",
              "Index Name": "company_name_pkey",
              "Relation Name": "company_name",
              "Alias": "cn",
              "Startup Cost": 0.42,
              "Total Cost": 12474.79,
              "Plan Rows": 210103,
              "Plan Width": 23,
              "Actual Startup Time": 0.017,
              "Actual Total Time": 11.347,
              "Actual Rows": 2527,
              "Actual Loops": 1,
              "Filter": "((country_code)::text <> '[pl]'::text)",
              "Rows Removed by Filter": 106
            },
            {
              "Node Type": "Sort",
              "Parent Relationship": "Inner",
              "Parallel Aware": false,
              "Startup Cost": 54306.84,
              "Total Cost": 54306.98,
              "Plan Rows": 58,
              "Plan Width": 45,
              "Actual Startup Time": 273.026,
              "Actual Total Time": 274.139,
              "Actual Rows": 14916,
              "Actual Loops": 1,
              "Sort Key": [
                "mc.company_id"
              ],
              "Sort Method": "quicksort",
              "Sort Space Used": 1733,
              "Sort Space Type": "Memory",
              "Plans": [
                {
                  "Node Type": "Merge Join",
                  "Parent Relationship": "Outer",
                  "Parallel Aware": false,
                  "Join Type": "Inner",
                  "Startup Cost": 54304.17,
                  "Total Cost": 54305.14,
                  "Plan Rows": 58,
                  "Plan Width": 45,
                  "Actual Startup Time": 264.087,
                  "Actual Total Time": 268.264,
                  "Actual Rows": 14916,
                  "Actual Loops": 1,
                  "Inner Unique": true,
                  "Merge Cond": "(mc.company_type_id = ct.id)",
                  "Plans": [
                    {
                      "Node Type": "Sort",
                      "Parent Relationship": "Outer",
                      "Parallel Aware": false,
                      "Startup Cost": 54303.1,
                      "Total Cost": 54303.29,
                      "Plan Rows": 76,
                      "Plan Width": 49,
                      "Actual Startup Time": 264.055,
                      "Actual Total Time": 265.203,
                      "Actual Rows": 15510,
                      "Actual Loops": 1,
                      "Sort Key": [
                        "mc.company_type_id"
                      ],
                      "Sort Method": "quicksort",
                      "Sort Space Used": 1984,
                      "Sort Space Type": "Memory",
                      "Plans": [
                        {
                          "Node Type": "Merge Join",
                          "Parent Relationship": "Outer",
                          "Parallel Aware": false,
                          "Join Type": "Inner",
                          "Startup Cost": 49022.65,
                          "Total Cost": 54300.72,
                          "Plan Rows": 76,
                          "Plan Width": 49,
                          "Actual Startup Time": 215.847,
                          "Actual Total Time": 258.957,
                          "Actual Rows": 15510,
                          "Actual Loops": 1,
                          "Inner Unique": false,
                          "Merge Cond": "(mc.movie_id = ml.movie_id)",
                          "Plans": [
                            {
                              "Node Type": "Index Scan",
                              "Parent Relationship": "Outer",
                              "Parallel Aware": false,
                              "Scan Direction": "Forward",
                              "Index Name": "movie_id_movie_companies",
                              "Relation Name": "movie_companies",
                              "Alias": "mc",
                              "Startup Cost": 0.43,
                              "Total Cost": 140880.84,
                              "Plan Rows": 1339266,
                              "Plan Width": 36,
                              "Actual Startup Time": 0.022,
                              "Actual Total Time": 35.948,
                              "Actual Rows": 42219,
                              "Actual Loops": 1,
                              "Filter": "(note IS NOT NULL)",
                              "Rows Removed by Filter": 41437
                            },
                            {
                              "Node Type": "Sort",
                              "Parent Relationship": "Inner",
                              "Parallel Aware": false,
                              "Startup Cost": 49022.22,
                              "Total Cost": 49022.29,
                              "Plan Rows": 28,
                              "Plan Width": 29,
                              "Actual Startup Time": 215.46,
                              "Actual Total Time": 216.725,
                              "Actual Rows": 15913,
                              "Actual Loops": 1,
                              "Sort Key": [
                                "mk.movie_id"
                              ],
                              "Sort Method": "quicksort",
                              "Sort Space Used": 159,
                              "Sort Space Type": "Memory",
                              "Plans": [
                                {
                                  "Node Type": "Gather",
                                  "Parent Relationship": "Outer",
                                  "Parallel Aware": false,
                                  "Startup Cost": 49018.56,
                                  "Total Cost": 49021.55,
                                  "Plan Rows": 28,
                                  "Plan Width": 29,
                                  "Actual Startup Time": 214.758,
                                  "Actual Total Time": 215.231,
                                  "Actual Rows": 1460,
                                  "Actual Loops": 1,
                                  "Workers Planned": 4,
                                  "Workers Launched": 4,
                                  "Single Copy": false,
                                  "Plans": [
                                    {
                                      "Node Type": "Merge Join",
                                      "Parent Relationship": "Outer",
                                      "Parallel Aware": false,
                                      "Join Type": "Inner",
                                      "Startup Cost": 48018.56,
                                      "Total Cost": 48018.75,
                                      "Plan Rows": 7,
                                      "Plan Width": 29,
                                      "Actual Startup Time": 195.234,
                                      "Actual Total Time": 195.305,
                                      "Actual Rows": 292,
                                      "Actual Loops": 5,
                                      "Inner Unique": true,
                                      "Merge Cond": "(ml.link_type_id = lt.id)",
                                      "Plans": [
                                        {
                                          "Node Type": "Sort",
                                          "Parent Relationship": "Outer",
                                          "Parallel Aware": false,
                                          "Startup Cost": 48017.0,
                                          "Total Cost": 48017.02,
                                          "Plan Rows": 7,
                                          "Plan Width": 33,
                                          "Actual Startup Time": 195.195,
                                          "Actual Total Time": 195.213,
                                          "Actual Rows": 292,
                                          "Actual Loops": 5,
                                          "Sort Key": [
                                            "ml.link_type_id"
                                          ],
                                          "Sort Method": "quicksort",
                                          "Sort Space Used": 54,
                                          "Sort Space Type": "Memory",
                                          "Workers": [
                                            {
                                              "Worker Number": 0,
                                              "Sort Method": "quicksort",
                                              "Sort Space Used": 45,
                                              "Sort Space Type": "Memory"
                                            },
                                            {
                                              "Worker Number": 1,
                                              "Sort Method": "quicksort",
                                              "Sort Space Used": 52,
                                              "Sort Space Type": "Memory"
                                            },
                                            {
                                              "Worker Number": 2,
                                              "Sort Method": "quicksort",
                                              "Sort Space Used": 44,
                                              "Sort Space Type": "Memory"
                                            },
                                            {
                                              "Worker Number": 3,
                                              "Sort Method": "quicksort",
                                              "Sort Space Used": 46,
                                              "Sort Space Type": "Memory"
                                            }
                                          ],
                                          "Plans": [
                                            {
                                              "Node Type": "Merge Join",
                                              "Parent Relationship": "Outer",
                                              "Parallel Aware": false,
                                              "Join Type": "Inner",
                                              "Startup Cost": 46471.1,
                                              "Total Cost": 48016.9,
                                              "Plan Rows": 7,
                                              "Plan Width": 33,
                                              "Actual Startup Time": 194.733,
                                              "Actual Total Time": 195.049,
                                              "Actual Rows": 292,
                                              "Actual Loops": 5,
                                              "Inner Unique": true,
                                              "Merge Cond": "(mk.keyword_id = k.id)",
                                              "Plans": [
                                                {
                                                  "Node Type": "Sort",
                                                  "Parent Relationship": "Outer",
                                                  "Parallel Aware": false,
                                                  "Startup Cost": 43673.04,
                                                  "Total Cost": 44448.0,
                                                  "Plan Rows": 309984,
                                                  "Plan Width": 37,
                                                  "Actual Startup Time": 172.207,
                                                  "Actual Total Time": 173.846,
                                                  "Actual Rows": 9717,
                                                  "Actual Loops": 5,
                                                  "Sort Key": [
                                                    "mk.keyword_id"
                                                  ],
                                                  "Sort Method": "quicksort",
                                                  "Sort Space Used": 8658,
                                                  "Sort Space Type": "Memory",
                                                  "Workers": [
                                                    {
                                                      "Worker Number": 0,
                                                      "Sort Method": "quicksort",
                                                      "Sort Space Used": 6191,
                                                      "Sort Space Type": "Memory"
                                                    },
                                                    {
                                                      "Worker Number": 1,
                                                      "Sort Method": "quicksort",
                                                      "Sort Space Used": 6505,
                                                      "Sort Space Type": "Memory"
                                                    },
                                                    {
                                                      "Worker Number": 2,
                                                      "Sort Method": "quicksort",
                                                      "Sort Space Used": 4905,
                                                      "Sort Space Type": "Memory"
                                                    },
                                                    {
                                                      "Worker Number": 3,
                                                      "Sort Method": "quicksort",
                                                      "Sort Space Used": 7540,
                                                      "Sort Space Type": "Memory"
                                                    }
                                                  ],
                                                  "Plans": [
                                                    {
                                                      "Node Type": "Merge Join",
                                                      "Parent Relationship": "Outer",
                                                      "Parallel Aware": false,
                                                      "Join Type": "Inner",
                                                      "Startup Cost": 25.48,
                                                      "Total Cost": 15399.65,
                                                      "Plan Rows": 309984,
                                                      "Plan Width": 37,
                                                      "Actual Startup Time": 3.094,
                                                      "Actual Total Time": 151.068,
                                                      "Actual Rows": 57278,
                                                      "Actual Loops": 5,
                                                      "Inner Unique": false,
                                                      "Merge Cond": "(ml.movie_id = mk.movie_id)",
                                                      "Plans": [
                                                        {
                                                          "Node Type": "Merge Join",
                                                          "Parent Relationship": "Outer",
                                                          "Parallel Aware": false,
                                                          "Join Type": "Inner",
                                                          "Startup Cost": 0.8,
                                                          "Total Cost": 8163.52,
                                                          "Plan Rows": 6746,
                                                          "Plan Width": 29,
                                                          "Actual Startup Time": 1.696,
                                                          "Actual Total Time": 103.74,
                                                          "Actual Rows": 5945,
                                                          "Actual Loops": 5,
                                                          "Inner Unique": false,
                                                          "Merge Cond": "(t.id = ml.movie_id)",
                                                          "Plans": [
                                                            {
                                                              "Node Type": "Index Scan",
                                                              "Parent Relationship": "Outer",
                                                              "Parallel Aware": true,
                                                              "Scan Direction": "Forward",
                                                              "Index Name": "title_pkey",
                                                              "Relation Name": "title",
                                                              "Alias": "t",
                                                              "Startup Cost": 0.43,
                                                              "Total Cost": 92967.14,
                                                              "Plan Rows": 568545,
                                                              "Plan Width": 21,
                                                              "Actual Startup Time": 0.096,
                                                              "Actual Total Time": 75.171,
                                                              "Actual Rows": 35586,
                                                              "Actual Loops": 5,
                                                              "Filter": "(production_year > 1950)",
                                                              "Rows Removed by Filter": 1650
                                                            },
                                                            {
                                                              "Node Type": "Index Scan",
                                                              "Parent Relationship": "Inner",
                                                              "Parallel Aware": false,
                                                              "Scan Direction": "Forward",
                                                              "Index Name": "movie_id_movie_link",
                                                              "Relation Name": "movie_link",
                                                              "Alias": "ml",
                                                              "Startup Cost": 0.29,
                                                              "Total Cost": 1111.51,
                                                              "Plan Rows": 29997,
                                                              "Plan Width": 8,
                                                              "Actual Startup Time": 0.129,
                                                              "Actual Total Time": 21.795,
                                                              "Actual Rows": 29997,
                                                              "Actual Loops": 5
                                                            }
                                                          ]
                                                        },
                                                        {
                                                          "Node Type": "Index Scan",
                                                          "Parent Relationship": "Inner",
                                                          "Parallel Aware": false,
                                                          "Scan Direction": "Forward",
                                                          "Index Name": "movie_id_movie_keyword",
                                                          "Relation Name": "movie_keyword",
                                                          "Alias": "mk",
                                                          "Startup Cost": 0.43,
                                                          "Total Cost": 177156.82,
                                                          "Plan Rows": 4523930,
                                                          "Plan Width": 8,
                                                          "Actual Startup Time": 0.126,
                                                          "Actual Total Time": 30.586,
                                                          "Actual Rows": 137128,
                                                          "Actual Loops": 5
                                                        }
                                                      ]
                                                    }
                                                  ]
                                                },
                                                {
                                                  "Node Type": "Sort",
                                                  "Parent Relationship": "Inner",
                                                  "Parallel Aware": false,
                                                  "Startup Cost": 2793.86,
                                                  "Total Cost": 2793.87,
                                                  "Plan Rows": 3,
                                                  "Plan Width": 4,
                                                  "Actual Startup Time": 20.33,
                                                  "Actual Total Time": 20.331,
                                                  "Actual Rows": 3,
                                                  "Actual Loops": 5,
                                                  "Sort Key": [
                                                    "k.id"
                                                  ],
                                                  "Sort Method": "quicksort",
                                                  "Sort Space Used": 25,
                                                  "Sort Space Type": "Memory",
                                                  "Workers": [
                                                    {
                                                      "Worker Number": 0,
                                                      "Sort Method": "quicksort",
                                                      "Sort Space Used": 25,
                                                      "Sort Space Type": "Memory"
                                                    },
                                                    {
                                                      "Worker Number": 1,
                                                      "Sort Method": "quicksort",
                                                      "Sort Space Used": 25,
                                                      "Sort Space Type": "Memory"
                                                    },
                                                    {
                                                      "Worker Number": 2,
                                                      "Sort Method": "quicksort",
                                                      "Sort Space Used": 25,
                                                      "Sort Space Type": "Memory"
                                                    },
                                                    {
                                                      "Worker Number": 3,
                                                      "Sort Method": "quicksort",
                                                      "Sort Space Used": 25,
                                                      "Sort Space Type": "Memory"
                                                    }
                                                  ],
                                                  "Plans": [
                                                    {
                                                      "Node Type": "Seq Scan",
                                                      "Parent Relationship": "Outer",
                                                      "Parallel Aware": false,
                                                      "Relation Name": "keyword",
                                                      "Alias": "k",
                                                      "Startup Cost": 0.0,
                                                      "Total Cost": 2793.84,
                                                      "Plan Rows": 3,
                                                      "Plan Width": 4,
                                                      "Actual Startup Time": 0.865,
                                                      "Actual Total Time": 20.318,
                                                      "Actual Rows": 3,
                                                      "Actual Loops": 5,
                                                      "Filter": "(keyword = ANY ('{sequel,revenge,based-on-novel}'::text[]))",
                                                      "Rows Removed by Filter": 134167
                                                    }
                                                  ]
                                                }
                                              ]
                                            }
                                          ]
                                        },
                                        {
                                          "Node Type": "Sort",
                                          "Parent Relationship": "Inner",
                                          "Parallel Aware": false,
                                          "Startup Cost": 1.56,
                                          "Total Cost": 1.6,
                                          "Plan Rows": 18,
                                          "Plan Width": 4,
                                          "Actual Startup Time": 0.035,
                                          "Actual Total Time": 0.036,
                                          "Actual Rows": 16,
                                          "Actual Loops": 5,
                                          "Sort Key": [
                                            "lt.id"
                                          ],
                                          "Sort Method": "quicksort",
                                          "Sort Space Used": 25,
                                          "Sort Space Type": "Memory",
                                          "Workers": [
                                            {
                                              "Worker Number": 0,
                                              "Sort Method": "quicksort",
                                              "Sort Space Used": 25,
                                              "Sort Space Type": "Memory"
                                            },
                                            {
                                              "Worker Number": 1,
                                              "Sort Method": "quicksort",
                                              "Sort Space Used": 25,
                                              "Sort Space Type": "Memory"
                                            },
                                            {
                                              "Worker Number": 2,
                                              "Sort Method": "quicksort",
                                              "Sort Space Used": 25,
                                              "Sort Space Type": "Memory"
                                            },
                                            {
                                              "Worker Number": 3,
                                              "Sort Method": "quicksort",
                                              "Sort Space Used": 25,
                                              "Sort Space Type": "Memory"
                                            }
                                          ],
                                          "Plans": [
                                            {
                                              "Node Type": "Seq Scan",
                                              "Parent Relationship": "Outer",
                                              "Parallel Aware": false,
                                              "Relation Name": "link_type",
                                              "Alias": "lt",
                                              "Startup Cost": 0.0,
                                              "Total Cost": 1.18,
                                              "Plan Rows": 18,
                                              "Plan Width": 4,
                                              "Actual Startup Time": 0.026,
                                              "Actual Total Time": 0.028,
                                              "Actual Rows": 18,
                                              "Actual Loops": 5
                                            }
                                          ]
                                        }
                                      ]
                                    }
                                  ]
                                }
                              ]
                            }
                          ]
                        }
                      ]
                    },
                    {
                      "Node Type": "Sort",
                      "Parent Relationship": "Inner",
                      "Parallel Aware": false,
                      "Startup Cost": 1.07,
                      "Total Cost": 1.08,
                      "Plan Rows": 3,
                      "Plan Width": 4,
                      "Actual Startup Time": 0.028,
                      "Actual Total Time": 0.03,
                      "Actual Rows": 2,
                      "Actual Loops": 1,
                      "Sort Key": [
                        "ct.id"
                      ],
                      "Sort Method": "quicksort",
                      "Sort Space Used": 25,
                      "Sort Space Type": "Memory",
                      "Plans": [
                        {
                          "Node Type": "Seq Scan",
                          "Parent Relationship": "Outer",
                          "Parallel Aware": false,
                          "Relation Name": "company_type",
                          "Alias": "ct",
                          "Startup Cost": 0.0,
                          "Total Cost": 1.05,
                          "Plan Rows": 3,
                          "Plan Width": 4,
                          "Actual Startup Time": 0.016,
                          "Actual Total Time": 0.018,
                          "Actual Rows": 3,
                          "Actual Loops": 1,
                          "Filter": "((kind IS NOT NULL) AND ((kind)::text <> 'production companies'::text))",
                          "Rows Removed by Filter": 1
                        }
                      ]
                    }
                  ]
                }
              ]
            }
          ]
        }
      ]
    },
    "Planning Time": 16.573,
    "Triggers": [],
    "Execution Time": 292.632
  }
]