[
  {
    "Plan": {
      "Node Type": "Aggregate",
      "Strategy": "Plain",
      "Partial Mode": "Finalize",
      "Parallel Aware": false,
      "Startup Cost": 53143.4,
      "Total Cost": 53143.41,
      "Plan Rows": 1,
      "Plan Width": 8,
      "Actual Startup Time": 104.257,
      "Actual Total Time": 116.119,
      "Actual Rows": 1,
      "Actual Loops": 1,
      "Plans": [
        {
          "Node Type": "Gather",
          "Parent Relationship": "Outer",
          "Parallel Aware": false,
          "Startup Cost": 53142.98,
          "Total Cost": 53143.39,
          "Plan Rows": 4,
          "Plan Width": 8,
          "Actual Startup Time": 104.123,
          "Actual Total Time": 116.111,
          "Actual Rows": 5,
          "Actual Loops": 1,
          "Workers Planned": 4,
          "Workers Launched": 4,
          "Single Copy": false,
          "Plans": [
            {
              "Node Type": "Aggregate",
              "Strategy": "Plain",
              "Partial Mode": "Partial",
              "Parent Relationship": "Outer",
              "Parallel Aware": false,
              "Startup Cost": 52142.98,
              "Total Cost": 52142.99,
              "Plan Rows": 1,
              "Plan Width": 8,
              "Actual Startup Time": 94.2,
              "Actual Total Time": 94.202,
              "Actual Rows": 1,
              "Actual Loops": 5,
              "Plans": [
                {
                  "Node Type": "Nested Loop",
                  "Parent Relationship": "Outer",
                  "Parallel Aware": false,
                  "Join Type": "Inner",
                  "Startup Cost": 0.43,
                  "Total Cost": 52141.63,
                  "Plan Rows": 538,
                  "Plan Width": 0,
                  "Actual Startup Time": 2.068,
                  "Actual Total Time": 94.161,
                  "Actual Rows": 257,
                  "Actual Loops": 5,
                  "Inner Unique": false,
                  "Plans": [
                    {
                      "Node Type": "Seq Scan",
                      "Parent Relationship": "Outer",
                      "Parallel Aware": true,
                      "Relation Name": "title",
                      "Alias": "t",
                      "Startup Cost": 0.0,
                      "Total Cost": 45479.1,
                      "Plan Rows": 986,
                      "Plan Width": 4,
                      "Actual Startup Time": 0.48,
                      "Actual Total Time": 88.546,
                      "Actual Rows": 938,
                      "Actual Loops": 5,
                      "Filter": "((kind_id = 7) AND (production_year = 1955))",
                      "Rows Removed by Filter": 504724
                    },
                    {
                      "Node Type": "Index Only Scan",
                      "Parent Relationship": "Inner",
                      "Parallel Aware": false,
                      "Scan Direction": "Forward",
                      "Index Name": "movie_id_movie_info_idx",
                      "Relation Name": "movie_info_idx",
                      "Alias": "mi_idx",
                      "Startup Cost": 0.43,
                      "Total Cost": 6.73,
                      "Plan Rows": 3,
                      "Plan Width": 4,
                      "Actual Startup Time": 0.005,
                      "Actual Total Time": 0.005,
                      "Actual Rows": 0,
                      "Actual Loops": 4691,
                      "Index Cond": "(movie_id = t.id)",
                      "Rows Removed by Index Recheck": 0,
                      "Heap Fetches": 1284
                    }
                  ]
                }
              ]
            }
          ]
        }
      ]
    },
    "Planning Time": 0.61,
    "Triggers": [],
    "Execution Time": 116.191
  }
]