[
    {
        "Bao": {
            "Bao prediction": "NaN",
            "Bao recommended hint": "(no hint)"
        }
    },
    {
        "Plan": {
            "Node Type": "Aggregate",
            "Strategy": "Plain",
            "Partial Mode": "Finalize",
            "Parallel Aware": false,
            "Startup Cost": 333788.98,
            "Total Cost": 333788.99,
            "Plan Rows": 1,
            "Plan Width": 8,
            "Actual Startup Time": 687.397,
            "Actual Total Time": 731.437,
            "Actual Rows": 1,
            "Actual Loops": 1,
            "Output": [
                "count(*)"
            ],
            "Plans": [
                {
                    "Node Type": "Gather",
                    "Parent Relationship": "Outer",
                    "Parallel Aware": false,
                    "Startup Cost": 333788.36,
                    "Total Cost": 333788.97,
                    "Plan Rows": 6,
                    "Plan Width": 8,
                    "Actual Startup Time": 687.254,
                    "Actual Total Time": 731.427,
                    "Actual Rows": 7,
                    "Actual Loops": 1,
                    "Output": [
                        "(PARTIAL count(*))"
                    ],
                    "Workers Planned": 6,
                    "Workers Launched": 6,
                    "Single Copy": false,
                    "Plans": [
                        {
                            "Node Type": "Aggregate",
                            "Strategy": "Plain",
                            "Partial Mode": "Partial",
                            "Parent Relationship": "Outer",
                            "Parallel Aware": false,
                            "Startup Cost": 332788.36,
                            "Total Cost": 332788.37,
                            "Plan Rows": 1,
                            "Plan Width": 8,
                            "Actual Startup Time": 677.513,
                            "Actual Total Time": 677.514,
                            "Actual Rows": 1,
                            "Actual Loops": 7,
                            "Output": [
                                "PARTIAL count(*)"
                            ],
                            "Workers": [
                                {
                                    "Worker Number": 0,
                                    "Actual Startup Time": 675.145,
                                    "Actual Total Time": 675.146,
                                    "Actual Rows": 1,
                                    "Actual Loops": 1
                                },
                                {
                                    "Worker Number": 1,
                                    "Actual Startup Time": 675.737,
                                    "Actual Total Time": 675.738,
                                    "Actual Rows": 1,
                                    "Actual Loops": 1
                                },
                                {
                                    "Worker Number": 2,
                                    "Actual Startup Time": 675.885,
                                    "Actual Total Time": 675.886,
                                    "Actual Rows": 1,
                                    "Actual Loops": 1
                                },
                                {
                                    "Worker Number": 3,
                                    "Actual Startup Time": 676.152,
                                    "Actual Total Time": 676.153,
                                    "Actual Rows": 1,
                                    "Actual Loops": 1
                                },
                                {
                                    "Worker Number": 4,
                                    "Actual Startup Time": 676.29,
                                    "Actual Total Time": 676.291,
                                    "Actual Rows": 1,
                                    "Actual Loops": 1
                                },
                                {
                                    "Worker Number": 5,
                                    "Actual Startup Time": 676.688,
                                    "Actual Total Time": 676.69,
                                    "Actual Rows": 1,
                                    "Actual Loops": 1
                                }
                            ],
                            "Plans": [
                                {
                                    "Node Type": "Seq Scan",
                                    "Parent Relationship": "Outer",
                                    "Parallel Aware": true,
                                    "Relation Name": "cast_info",
                                    "Schema": "public",
                                    "Alias": "ci",
                                    "Startup Cost": 0.0,
                                    "Total Cost": 328213.62,
                                    "Plan Rows": 1829896,
                                    "Plan Width": 0,
                                    "Actual Startup Time": 295.236,
                                    "Actual Total Time": 593.896,
                                    "Actual Rows": 1577348,
                                    "Actual Loops": 7,
                                    "Output": [
                                        "id",
                                        "person_id",
                                        "movie_id",
                                        "person_role_id",
                                        "note",
                                        "nr_order",
                                        "role_id"
                                    ],
                                    "Filter": "(ci.person_id > 2599620)",
                                    "Rows Removed by Filter": 3600415,
                                    "Workers": [
                                        {
                                            "Worker Number": 0,
                                            "Actual Startup Time": 292.859,
                                            "Actual Total Time": 592.897,
                                            "Actual Rows": 1185748,
                                            "Actual Loops": 1
                                        },
                                        {
                                            "Worker Number": 1,
                                            "Actual Startup Time": 293.468,
                                            "Actual Total Time": 594.353,
                                            "Actual Rows": 1230128,
                                            "Actual Loops": 1
                                        },
                                        {
                                            "Worker Number": 2,
                                            "Actual Startup Time": 293.614,
                                            "Actual Total Time": 594.514,
                                            "Actual Rows": 1216044,
                                            "Actual Loops": 1
                                        },
                                        {
                                            "Worker Number": 3,
                                            "Actual Startup Time": 293.877,
                                            "Actual Total Time": 596.107,
                                            "Actual Rows": 1898329,
                                            "Actual Loops": 1
                                        },
                                        {
                                            "Worker Number": 4,
                                            "Actual Startup Time": 294.015,
                                            "Actual Total Time": 595.041,
                                            "Actual Rows": 1228814,
                                            "Actual Loops": 1
                                        },
                                        {
                                            "Worker Number": 5,
                                            "Actual Startup Time": 294.407,
                                            "Actual Total Time": 596.358,
                                            "Actual Rows": 1877364,
                                            "Actual Loops": 1
                                        }
                                    ]
                                }
                            ]
                        }
                    ]
                }
            ]
        },
        "Planning Time": 195.284,
        "Triggers": [],
        "Execution Time": 731.509
    }
]