[
    {
        "Bao": {
            "Bao prediction": "NaN",
            "Bao recommended hint": "(no hint)"
        }
    },
    {
        "Plan": {
            "Node Type": "Aggregate",
            "Strategy": "Plain",
            "Partial Mode": "Finalize",
            "Parallel Aware": false,
            "Startup Cost": 31163.99,
            "Total Cost": 31164.0,
            "Plan Rows": 1,
            "Plan Width": 8,
            "Actual Startup Time": 77.012,
            "Actual Total Time": 82.387,
            "Actual Rows": 1,
            "Actual Loops": 1,
            "Output": [
                "count(*)"
            ],
            "Plans": [
                {
                    "Node Type": "Gather",
                    "Parent Relationship": "Outer",
                    "Parallel Aware": false,
                    "Startup Cost": 31163.67,
                    "Total Cost": 31163.98,
                    "Plan Rows": 3,
                    "Plan Width": 8,
                    "Actual Startup Time": 76.718,
                    "Actual Total Time": 82.378,
                    "Actual Rows": 4,
                    "Actual Loops": 1,
                    "Output": [
                        "(PARTIAL count(*))"
                    ],
                    "Workers Planned": 3,
                    "Workers Launched": 3,
                    "Single Copy": false,
                    "Plans": [
                        {
                            "Node Type": "Aggregate",
                            "Strategy": "Plain",
                            "Partial Mode": "Partial",
                            "Parent Relationship": "Outer",
                            "Parallel Aware": false,
                            "Startup Cost": 30163.67,
                            "Total Cost": 30163.68,
                            "Plan Rows": 1,
                            "Plan Width": 8,
                            "Actual Startup Time": 68.374,
                            "Actual Total Time": 68.375,
                            "Actual Rows": 1,
                            "Actual Loops": 4,
                            "Output": [
                                "PARTIAL count(*)"
                            ],
                            "Workers": [
                                {
                                    "Worker Number": 0,
                                    "Actual Startup Time": 65.498,
                                    "Actual Total Time": 65.5,
                                    "Actual Rows": 1,
                                    "Actual Loops": 1
                                },
                                {
                                    "Worker Number": 1,
                                    "Actual Startup Time": 65.597,
                                    "Actual Total Time": 65.598,
                                    "Actual Rows": 1,
                                    "Actual Loops": 1
                                },
                                {
                                    "Worker Number": 2,
                                    "Actual Startup Time": 65.971,
                                    "Actual Total Time": 65.972,
                                    "Actual Rows": 1,
                                    "Actual Loops": 1
                                }
                            ],
                            "Plans": [
                                {
                                    "Node Type": "Bitmap Heap Scan",
                                    "Parent Relationship": "Outer",
                                    "Parallel Aware": true,
                                    "Relation Name": "movie_keyword",
                                    "Schema": "public",
                                    "Alias": "mk",
                                    "Startup Cost": 4649.88,
                                    "Total Cost": 29987.04,
                                    "Plan Rows": 70653,
                                    "Plan Width": 0,
                                    "Actual Startup Time": 12.836,
                                    "Actual Total Time": 64.913,
                                    "Actual Rows": 53755,
                                    "Actual Loops": 4,
                                    "Recheck Cond": "(mk.keyword_id > 65564)",
                                    "Rows Removed by Index Recheck": 0,
                                    "Exact Heap Blocks": 11568,
                                    "Lossy Heap Blocks": 0,
                                    "Workers": [
                                        {
                                            "Worker Number": 0,
                                            "Actual Startup Time": 10.05,
                                            "Actual Total Time": 62.555,
                                            "Actual Rows": 31178,
                                            "Actual Loops": 1
                                        },
                                        {
                                            "Worker Number": 1,
                                            "Actual Startup Time": 10.131,
                                            "Actual Total Time": 62.499,
                                            "Actual Rows": 32305,
                                            "Actual Loops": 1
                                        },
                                        {
                                            "Worker Number": 2,
                                            "Actual Startup Time": 10.546,
                                            "Actual Total Time": 63.173,
                                            "Actual Rows": 31639,
                                            "Actual Loops": 1
                                        }
                                    ],
                                    "Plans": [
                                        {
                                            "Node Type": "Bitmap Index Scan",
                                            "Parent Relationship": "Outer",
                                            "Parallel Aware": false,
                                            "Index Name": "keyword_id_movie_keyword",
                                            "Startup Cost": 0.0,
                                            "Total Cost": 4595.12,
                                            "Plan Rows": 219025,
                                            "Plan Width": 0,
                                            "Actual Startup Time": 17.267,
                                            "Actual Total Time": 17.268,
                                            "Actual Rows": 215021,
                                            "Actual Loops": 1,
                                            "Index Cond": "(mk.keyword_id > 65564)"
                                        }
                                    ]
                                }
                            ]
                        }
                    ]
                }
            ]
        },
        "Planning Time": 230.593,
        "Triggers": [],
        "Execution Time": 82.452
    }
]