{
  "Plan": {
    "Node Type": "Aggregate",
    "Strategy": "Plain",
    "Partial Mode": "Simple",
    "Parallel Aware": false,
    "Startup Cost": 2163242.72,
    "Total Cost": 2163242.73,
    "Plan Rows": 1,
    "Plan Width": 96,
    "Actual Startup Time": 2878.647,
    "Actual Total Time": 2878.937,
    "Actual Rows": 1,
    "Actual Loops": 1,
    "Plans": [
      {
        "Node Type": "Merge Join",
        "Parent Relationship": "Outer",
        "Parallel Aware": false,
        "Join Type": "Inner",
        "Startup Cost": 2163242.61,
        "Total Cost": 2163242.71,
        "Plan Rows": 1,
        "Plan Width": 48,
        "Actual Startup Time": 2878.619,
        "Actual Total Time": 2878.917,
        "Actual Rows": 12,
        "Actual Loops": 1,
        "Inner Unique": false,
        "Merge Cond": "(k.id = mk.keyword_id)",
        "Plans": [
          {
            "Node Type": "Sort",
            "Parent Relationship": "Outer",
            "Parallel Aware": false,
            "Startup Cost": 3632.52,
            "Total Cost": 3632.54,
            "Plan Rows": 8,
            "Plan Width": 20,
            "Actual Startup Time": 48.974,
            "Actual Total Time": 48.979,
            "Actual Rows": 8,
            "Actual Loops": 1,
            "Sort Key": [
              "k.id"
            ],
            "Sort Method": "quicksort",
            "Sort Space Used": 25,
            "Sort Space Type": "Memory",
            "Plans": [
              {
                "Node Type": "Seq Scan",
                "Parent Relationship": "Outer",
                "Parallel Aware": false,
                "Relation Name": "keyword",
                "Alias": "k",
                "Startup Cost": 0.0,
                "Total Cost": 3632.4,
                "Plan Rows": 8,
                "Plan Width": 20,
                "Actual Startup Time": 0.311,
                "Actual Total Time": 48.898,
                "Actual Rows": 8,
                "Actual Loops": 1,
                "Filter": "(keyword = ANY ('{superhero,sequel,second-part,marvel-comics,based-on-comic,tv-special,fight,violence}'::text[]))",
                "Rows Removed by Filter": 134162
              }
            ]
          },
          {
            "Node Type": "Sort",
            "Parent Relationship": "Inner",
            "Parallel Aware": false,
            "Startup Cost": 2159610.09,
            "Total Cost": 2159610.11,
            "Plan Rows": 11,
            "Plan Width": 36,
            "Actual Startup Time": 2829.636,
            "Actual Total Time": 2829.924,
            "Actual Rows": 18,
            "Actual Loops": 1,
            "Sort Key": [
              "mk.keyword_id"
            ],
            "Sort Method": "quicksort",
            "Sort Space Used": 26,
            "Sort Space Type": "Memory",
            "Plans": [
              {
                "Node Type": "Merge Join",
                "Parent Relationship": "Outer",
                "Parallel Aware": false,
                "Join Type": "Inner",
                "Startup Cost": 1971125.54,
                "Total Cost": 2159609.9,
                "Plan Rows": 11,
                "Plan Width": 36,
                "Actual Startup Time": 2829.536,
                "Actual Total Time": 2829.884,
                "Actual Rows": 18,
                "Actual Loops": 1,
                "Inner Unique": false,
                "Merge Cond": "(t.id = mk.movie_id)",
                "Plans": [
                  {
                    "Node Type": "Merge Join",
                    "Parent Relationship": "Outer",
                    "Parallel Aware": false,
                    "Join Type": "Inner",
                    "Startup Cost": 1971125.11,
                    "Total Cost": 1971151.55,
                    "Plan Rows": 2,
                    "Plan Width": 40,
                    "Actual Startup Time": 1776.868,
                    "Actual Total Time": 1777.306,
                    "Actual Rows": 3,
                    "Actual Loops": 1,
                    "Inner Unique": true,
                    "Merge Cond": "(ci.movie_id = t.id)",
                    "Plans": [
                      {
                        "Node Type": "Sort",
                        "Parent Relationship": "Outer",
                        "Parallel Aware": false,
                        "Startup Cost": 1925971.05,
                        "Total Cost": 1925980.12,
                        "Plan Rows": 3628,
                        "Plan Width": 19,
                        "Actual Startup Time": 1629.938,
                        "Actual Total Time": 1630.188,
                        "Actual Rows": 486,
                        "Actual Loops": 1,
                        "Sort Key": [
                          "ci.movie_id"
                        ],
                        "Sort Method": "quicksort",
                        "Sort Space Used": 62,
                        "Sort Space Type": "Memory",
                        "Plans": [
                          {
                            "Node Type": "Gather",
                            "Parent Relationship": "Outer",
                            "Parallel Aware": false,
                            "Startup Cost": 1035.69,
                            "Total Cost": 1925756.55,
                            "Plan Rows": 3628,
                            "Plan Width": 19,
                            "Actual Startup Time": 1629.207,
                            "Actual Total Time": 1629.748,
                            "Actual Rows": 486,
                            "Actual Loops": 1,
                            "Workers Planned": 4,
                            "Workers Launched": 4,
                            "Single Copy": false,
                            "Plans": [
                              {
                                "Node Type": "Merge Join",
                                "Parent Relationship": "Outer",
                                "Parallel Aware": false,
                                "Join Type": "Inner",
                                "Startup Cost": 35.69,
                                "Total Cost": 1924393.75,
                                "Plan Rows": 907,
                                "Plan Width": 19,
                                "Actual Startup Time": 1228.056,
                                "Actual Total Time": 1228.15,
                                "Actual Rows": 97,
                                "Actual Loops": 5,
                                "Inner Unique": false,
                                "Merge Cond": "(n.id = ci.person_id)",
                                "Plans": [
                                  {
                                    "Node Type": "Index Scan",
                                    "Parent Relationship": "Outer",
                                    "Parallel Aware": true,
                                    "Scan Direction": "Forward",
                                    "Index Name": "name_pkey",
                                    "Relation Name": "name",
                                    "Alias": "n",
                                    "Startup Cost": 0.43,
                                    "Total Cost": 149520.51,
                                    "Plan Rows": 104,
                                    "Plan Width": 19,
                                    "Actual Startup Time": 922.156,
                                    "Actual Total Time": 922.203,
                                    "Actual Rows": 0,
                                    "Actual Loops": 5,
                                    "Filter": "(name ~~ '%Downey%Robert%'::text)",
                                    "Rows Removed by Filter": 833498
                                  },
                                  {
                                    "Node Type": "Index Scan",
                                    "Parent Relationship": "Inner",
                                    "Parallel Aware": false,
                                    "Scan Direction": "Forward",
                                    "Index Name": "person_id_cast_info",
                                    "Relation Name": "cast_info",
                                    "Alias": "ci",
                                    "Startup Cost": 0.56,
                                    "Total Cost": 1688532.46,
                                    "Plan Rows": 36257824,
                                    "Plan Width": 8,
                                    "Actual Startup Time": 0.057,
                                    "Actual Total Time": 1125.72,
                                    "Actual Rows": 4303605,
                                    "Actual Loops": 1
                                  }
                                ]
                              }
                            ]
                          }
                        ]
                      },
                      {
                        "Node Type": "Sort",
                        "Parent Relationship": "Inner",
                        "Parallel Aware": false,
                        "Startup Cost": 45154.05,
                        "Total Cost": 45158.2,
                        "Plan Rows": 1658,
                        "Plan Width": 21,
                        "Actual Startup Time": 146.831,
                        "Actual Total Time": 146.991,
                        "Actual Rows": 438,
                        "Actual Loops": 1,
                        "Sort Key": [
                          "t.id"
                        ],
                        "Sort Method": "quicksort",
                        "Sort Space Used": 55,
                        "Sort Space Type": "Memory",
                        "Plans": [
                          {
                            "Node Type": "Gather",
                            "Parent Relationship": "Outer",
                            "Parallel Aware": false,
                            "Startup Cost": 1000.0,
                            "Total Cost": 45065.39,
                            "Plan Rows": 1658,
                            "Plan Width": 21,
                            "Actual Startup Time": 106.328,
                            "Actual Total Time": 146.644,
                            "Actual Rows": 438,
                            "Actual Loops": 1,
                            "Workers Planned": 4,
                            "Workers Launched": 4,
                            "Single Copy": false,
                            "Plans": [
                              {
                                "Node Type": "Seq Scan",
                                "Parent Relationship": "Outer",
                                "Parallel Aware": true,
                                "Relation Name": "title",
                                "Alias": "t",
                                "Startup Cost": 0.0,
                                "Total Cost": 43899.59,
                                "Plan Rows": 414,
                                "Plan Width": 21,
                                "Actual Startup Time": 79.456,
                                "Actual Total Time": 135.619,
                                "Actual Rows": 88,
                                "Actual Loops": 5,
                                "Filter": "(production_year > 2014)",
                                "Rows Removed by Filter": 505575
                              }
                            ]
                          }
                        ]
                      }
                    ]
                  },
                  {
                    "Node Type": "Index Scan",
                    "Parent Relationship": "Inner",
                    "Parallel Aware": false,
                    "Scan Direction": "Forward",
                    "Index Name": "movie_id_movie_keyword",
                    "Relation Name": "movie_keyword",
                    "Alias": "mk",
                    "Startup Cost": 0.43,
                    "Total Cost": 177148.48,
                    "Plan Rows": 4523930,
                    "Plan Width": 8,
                    "Actual Startup Time": 0.039,
                    "Actual Total Time": 709.649,
                    "Actual Rows": 3670690,
                    "Actual Loops": 1
                  }
                ]
              }
            ]
          }
        ]
      }
    ]
  },
  "Planning Time": 7.821,
  "Triggers": [],
  "Execution Time": 2879.548
}