[
  {
    "Plan": {
      "Node Type": "Aggregate",
      "Strategy": "Plain",
      "Partial Mode": "Finalize",
      "Parallel Aware": false,
      "Startup Cost": 332897.35,
      "Total Cost": 332897.36,
      "Plan Rows": 1,
      "Plan Width": 8,
      "Actual Startup Time": 628.321,
      "Actual Total Time": 674.206,
      "Actual Rows": 1,
      "Actual Loops": 1,
      "Plans": [
        {
          "Node Type": "Gather",
          "Parent Relationship": "Outer",
          "Parallel Aware": false,
          "Startup Cost": 332896.72,
          "Total Cost": 332897.33,
          "Plan Rows": 6,
          "Plan Width": 8,
          "Actual Startup Time": 628.123,
          "Actual Total Time": 674.193,
          "Actual Rows": 7,
          "Actual Loops": 1,
          "Workers Planned": 6,
          "Workers Launched": 6,
          "Single Copy": false,
          "Plans": [
            {
              "Node Type": "Aggregate",
              "Strategy": "Plain",
              "Partial Mode": "Partial",
              "Parent Relationship": "Outer",
              "Parallel Aware": false,
              "Startup Cost": 331896.72,
              "Total Cost": 331896.73,
              "Plan Rows": 1,
              "Plan Width": 8,
              "Actual Startup Time": 617.927,
              "Actual Total Time": 617.929,
              "Actual Rows": 1,
              "Actual Loops": 7,
              "Plans": [
                {
                  "Node Type": "Seq Scan",
                  "Parent Relationship": "Outer",
                  "Parallel Aware": true,
                  "Relation Name": "cast_info",
                  "Alias": "ci",
                  "Startup Cost": 0.0,
                  "Total Cost": 328211.39,
                  "Plan Rows": 1474132,
                  "Plan Width": 0,
                  "Actual Startup Time": 321.778,
                  "Actual Total Time": 561.183,
                  "Actual Rows": 1246401,
                  "Actual Loops": 7,
                  "Filter": "(person_id > 2818007)",
                  "Rows Removed by Filter": 3931362
                }
              ]
            }
          ]
        }
      ]
    },
    "Planning Time": 0.121,
    "Triggers": [],
    "Execution Time": 674.255
  }
]