[
  {
    "Plan": {
      "Node Type": "Aggregate",
      "Strategy": "Plain",
      "Partial Mode": "Finalize",
      "Parallel Aware": false,
      "Startup Cost": 57897.35,
      "Total Cost": 57897.36,
      "Plan Rows": 1,
      "Plan Width": 8,
      "Actual Startup Time": 72.303,
      "Actual Total Time": 79.854,
      "Actual Rows": 1,
      "Actual Loops": 1,
      "Plans": [
        {
          "Node Type": "Gather",
          "Parent Relationship": "Outer",
          "Parallel Aware": false,
          "Startup Cost": 57896.93,
          "Total Cost": 57897.34,
          "Plan Rows": 4,
          "Plan Width": 8,
          "Actual Startup Time": 72.034,
          "Actual Total Time": 79.846,
          "Actual Rows": 5,
          "Actual Loops": 1,
          "Workers Planned": 4,
          "Workers Launched": 4,
          "Single Copy": false,
          "Plans": [
            {
              "Node Type": "Aggregate",
              "Strategy": "Plain",
              "Partial Mode": "Partial",
              "Parent Relationship": "Outer",
              "Parallel Aware": false,
              "Startup Cost": 56896.93,
              "Total Cost": 56896.94,
              "Plan Rows": 1,
              "Plan Width": 8,
              "Actual Startup Time": 62.1,
              "Actual Total Time": 62.102,
              "Actual Rows": 1,
              "Actual Loops": 5,
              "Plans": [
                {
                  "Node Type": "Nested Loop",
                  "Parent Relationship": "Outer",
                  "Parallel Aware": false,
                  "Join Type": "Inner",
                  "Startup Cost": 1823.82,
                  "Total Cost": 56892.42,
                  "Plan Rows": 1806,
                  "Plan Width": 0,
                  "Actual Startup Time": 19.556,
                  "Actual Total Time": 61.662,
                  "Actual Rows": 2563,
                  "Actual Loops": 5,
                  "Inner Unique": false,
                  "Plans": [
                    {
                      "Node Type": "Bitmap Heap Scan",
                      "Parent Relationship": "Outer",
                      "Parallel Aware": true,
                      "Relation Name": "title",
                      "Alias": "t",
                      "Startup Cost": 1823.26,
                      "Total Cost": 38204.61,
                      "Plan Rows": 126,
                      "Plan Width": 4,
                      "Actual Startup Time": 19.307,
                      "Actual Total Time": 39.871,
                      "Actual Rows": 198,
                      "Actual Loops": 5,
                      "Recheck Cond": "(kind_id = 3)",
                      "Rows Removed by Index Recheck": 0,
                      "Filter": "(production_year = 1966)",
                      "Rows Removed by Filter": 19909,
                      "Exact Heap Blocks": 7850,
                      "Lossy Heap Blocks": 0,
                      "Plans": [
                        {
                          "Node Type": "Bitmap Index Scan",
                          "Parent Relationship": "Outer",
                          "Parallel Aware": false,
                          "Index Name": "kind_id_title",
                          "Startup Cost": 0.0,
                          "Total Cost": 1823.13,
                          "Plan Rows": 102227,
                          "Plan Width": 0,
                          "Actual Startup Time": 22.02,
                          "Actual Total Time": 22.02,
                          "Actual Rows": 100537,
                          "Actual Loops": 1,
                          "Index Cond": "(kind_id = 3)"
                        }
                      ]
                    },
                    {
                      "Node Type": "Index Only Scan",
                      "Parent Relationship": "Inner",
                      "Parallel Aware": false,
                      "Scan Direction": "Forward",
                      "Index Name": "movie_id_cast_info",
                      "Relation Name": "cast_info",
                      "Alias": "ci",
                      "Startup Cost": 0.56,
                      "Total Cost": 147.95,
                      "Plan Rows": 37,
                      "Plan Width": 4,
                      "Actual Startup Time": 0.025,
                      "Actual Total Time": 0.107,
                      "Actual Rows": 13,
                      "Actual Loops": 992,
                      "Index Cond": "(movie_id = t.id)",
                      "Rows Removed by Index Recheck": 0,
                      "Heap Fetches": 12816
                    }
                  ]
                }
              ]
            }
          ]
        }
      ]
    },
    "Planning Time": 0.566,
    "Triggers": [],
    "Execution Time": 79.937
  }
]