{
  "Plan": {
    "Node Type": "Aggregate",
    "Strategy": "Plain",
    "Partial Mode": "Finalize",
    "Parallel Aware": false,
    "Startup Cost": 385249.07,
    "Total Cost": 385249.08,
    "Plan Rows": 1,
    "Plan Width": 8,
    "Actual Startup Time": 2386.005,
    "Actual Total Time": 2433.825,
    "Actual Rows": 1,
    "Actual Loops": 1,
    "Plans": [
      {
        "Node Type": "Gather",
        "Parent Relationship": "Outer",
        "Parallel Aware": false,
        "Startup Cost": 385248.95,
        "Total Cost": 385249.06,
        "Plan Rows": 1,
        "Plan Width": 8,
        "Actual Startup Time": 2384.422,
        "Actual Total Time": 2433.814,
        "Actual Rows": 2,
        "Actual Loops": 1,
        "Workers Planned": 1,
        "Workers Launched": 1,
        "Single Copy": false,
        "Plans": [
          {
            "Node Type": "Aggregate",
            "Strategy": "Plain",
            "Partial Mode": "Partial",
            "Parent Relationship": "Outer",
            "Parallel Aware": false,
            "Startup Cost": 384248.95,
            "Total Cost": 384248.96,
            "Plan Rows": 1,
            "Plan Width": 8,
            "Actual Startup Time": 2378.147,
            "Actual Total Time": 2378.309,
            "Actual Rows": 1,
            "Actual Loops": 2,
            "Plans": [
              {
                "Node Type": "Hash Join",
                "Parent Relationship": "Outer",
                "Parallel Aware": true,
                "Join Type": "Inner",
                "Startup Cost": 93683.51,
                "Total Cost": 381565.14,
                "Plan Rows": 1073525,
                "Plan Width": 0,
                "Actual Startup Time": 496.368,
                "Actual Total Time": 2263.89,
                "Actual Rows": 2777428,
                "Actual Loops": 2,
                "Inner Unique": false,
                "Hash Cond": "(mi.movie_id = t.id)",
                "Plans": [
                  {
                    "Node Type": "Seq Scan",
                    "Parent Relationship": "Outer",
                    "Parallel Aware": true,
                    "Relation Name": "movie_info",
                    "Alias": "mi",
                    "Startup Cost": 0.0,
                    "Total Cost": 248955.74,
                    "Plan Rows": 8696274,
                    "Plan Width": 4,
                    "Actual Startup Time": 0.015,
                    "Actual Total Time": 642.999,
                    "Actual Rows": 7417860,
                    "Actual Loops": 2
                  },
                  {
                    "Node Type": "Hash",
                    "Parent Relationship": "Inner",
                    "Parallel Aware": true,
                    "Startup Cost": 91388.58,
                    "Total Cost": 91388.58,
                    "Plan Rows": 183594,
                    "Plan Width": 8,
                    "Actual Startup Time": 464.905,
                    "Actual Total Time": 465.065,
                    "Actual Rows": 154832,
                    "Actual Loops": 2,
                    "Hash Buckets": 524288,
                    "Original Hash Buckets": 524288,
                    "Hash Batches": 1,
                    "Original Hash Batches": 1,
                    "Peak Memory Usage": 16256,
                    "Plans": [
                      {
                        "Node Type": "Hash Join",
                        "Parent Relationship": "Outer",
                        "Parallel Aware": true,
                        "Join Type": "Inner",
                        "Startup Cost": 30143.12,
                        "Total Cost": 91388.58,
                        "Plan Rows": 183594,
                        "Plan Width": 8,
                        "Actual Startup Time": 267.772,
                        "Actual Total Time": 430.037,
                        "Actual Rows": 154832,
                        "Actual Loops": 2,
                        "Inner Unique": false,
                        "Hash Cond": "(t.id = mc.movie_id)",
                        "Plans": [
                          {
                            "Node Type": "Seq Scan",
                            "Parent Relationship": "Outer",
                            "Parallel Aware": true,
                            "Relation Name": "title",
                            "Alias": "t",
                            "Startup Cost": 0.0,
                            "Total Cost": 50870.31,
                            "Plan Rows": 1487231,
                            "Plan Width": 4,
                            "Actual Startup Time": 0.011,
                            "Actual Total Time": 121.001,
                            "Actual Rows": 1264156,
                            "Actual Loops": 2
                          },
                          {
                            "Node Type": "Hash",
                            "Parent Relationship": "Inner",
                            "Parallel Aware": true,
                            "Startup Cost": 27848.19,
                            "Total Cost": 27848.19,
                            "Plan Rows": 183594,
                            "Plan Width": 4,
                            "Actual Startup Time": 94.005,
                            "Actual Total Time": 94.007,
                            "Actual Rows": 154832,
                            "Actual Loops": 2,
                            "Hash Buckets": 524288,
                            "Original Hash Buckets": 524288,
                            "Hash Batches": 1,
                            "Original Hash Batches": 1,
                            "Peak Memory Usage": 16256,
                            "Plans": [
                              {
                                "Node Type": "Bitmap Heap Scan",
                                "Parent Relationship": "Outer",
                                "Parallel Aware": true,
                                "Relation Name": "movie_companies",
                                "Alias": "mc",
                                "Startup Cost": 6763.27,
                                "Total Cost": 27848.19,
                                "Plan Rows": 183594,
                                "Plan Width": 4,
                                "Actual Startup Time": 25.358,
                                "Actual Total Time": 59.324,
                                "Actual Rows": 154832,
                                "Actual Loops": 2,
                                "Recheck Cond": "(company_id > 92645)",
                                "Rows Removed by Index Recheck": 0,
                                "Exact Heap Blocks": 3170,
                                "Lossy Heap Blocks": 0,
                                "Plans": [
                                  {
                                    "Node Type": "Bitmap Index Scan",
                                    "Parent Relationship": "Outer",
                                    "Parallel Aware": false,
                                    "Index Name": "company_id_movie_companies",
                                    "Startup Cost": 0.0,
                                    "Total Cost": 6685.25,
                                    "Plan Rows": 312109,
                                    "Plan Width": 0,
                                    "Actual Startup Time": 24.489,
                                    "Actual Total Time": 24.489,
                                    "Actual Rows": 309664,
                                    "Actual Loops": 1,
                                    "Index Cond": "(company_id > 92645)"
                                  }
                                ]
                              }
                            ]
                          }
                        ]
                      }
                    ]
                  }
                ]
              }
            ]
          }
        ]
      }
    ]
  },
  "Planning Time": 0.993,
  "Triggers": [],
  "Execution Time": 2433.962
}