[
  {
    "Plan": {
      "Node Type": "Aggregate",
      "Strategy": "Plain",
      "Partial Mode": "Finalize",
      "Parallel Aware": false,
      "Startup Cost": 379601.04,
      "Total Cost": 379601.05,
      "Plan Rows": 1,
      "Plan Width": 8,
      "Actual Startup Time": 512.972,
      "Actual Total Time": 577.233,
      "Actual Rows": 1,
      "Actual Loops": 1,
      "Plans": [
        {
          "Node Type": "Gather",
          "Parent Relationship": "Outer",
          "Parallel Aware": false,
          "Startup Cost": 379600.62,
          "Total Cost": 379601.03,
          "Plan Rows": 4,
          "Plan Width": 8,
          "Actual Startup Time": 512.87,
          "Actual Total Time": 577.225,
          "Actual Rows": 5,
          "Actual Loops": 1,
          "Workers Planned": 4,
          "Workers Launched": 4,
          "Single Copy": false,
          "Plans": [
            {
              "Node Type": "Aggregate",
              "Strategy": "Plain",
              "Partial Mode": "Partial",
              "Parent Relationship": "Outer",
              "Parallel Aware": false,
              "Startup Cost": 378600.62,
              "Total Cost": 378600.63,
              "Plan Rows": 1,
              "Plan Width": 8,
              "Actual Startup Time": 503.091,
              "Actual Total Time": 503.093,
              "Actual Rows": 1,
              "Actual Loops": 5,
              "Plans": [
                {
                  "Node Type": "Nested Loop",
                  "Parent Relationship": "Outer",
                  "Parallel Aware": false,
                  "Join Type": "Inner",
                  "Startup Cost": 0.56,
                  "Total Cost": 378353.89,
                  "Plan Rows": 98694,
                  "Plan Width": 0,
                  "Actual Startup Time": 0.511,
                  "Actual Total Time": 496.819,
                  "Actual Rows": 92792,
                  "Actual Loops": 5,
                  "Inner Unique": false,
                  "Plans": [
                    {
                      "Node Type": "Seq Scan",
                      "Parent Relationship": "Outer",
                      "Parallel Aware": true,
                      "Relation Name": "title",
                      "Alias": "t",
                      "Startup Cost": 0.0,
                      "Total Cost": 45479.1,
                      "Plan Rows": 16995,
                      "Plan Width": 4,
                      "Actual Startup Time": 0.032,
                      "Actual Total Time": 66.986,
                      "Actual Rows": 14905,
                      "Actual Loops": 5,
                      "Filter": "((kind_id = 7) AND (production_year = 2006))",
                      "Rows Removed by Filter": 490758
                    },
                    {
                      "Node Type": "Index Scan",
                      "Parent Relationship": "Inner",
                      "Parallel Aware": false,
                      "Scan Direction": "Forward",
                      "Index Name": "movie_id_cast_info",
                      "Relation Name": "cast_info",
                      "Alias": "ci",
                      "Startup Cost": 0.56,
                      "Total Cost": 19.44,
                      "Plan Rows": 15,
                      "Plan Width": 4,
                      "Actual Startup Time": 0.019,
                      "Actual Total Time": 0.028,
                      "Actual Rows": 6,
                      "Actual Loops": 74524,
                      "Index Cond": "(movie_id = t.id)",
                      "Rows Removed by Index Recheck": 0,
                      "Filter": "((person_id > 373546) AND (role_id > 2))",
                      "Rows Removed by Filter": 8
                    }
                  ]
                }
              ]
            }
          ]
        }
      ]
    },
    "Planning Time": 0.683,
    "Triggers": [],
    "Execution Time": 577.325
  }
]