[
  {
    "Plan": {
      "Node Type": "Aggregate",
      "Strategy": "Plain",
      "Partial Mode": "Finalize",
      "Parallel Aware": false,
      "Startup Cost": 46047.43,
      "Total Cost": 46047.44,
      "Plan Rows": 1,
      "Plan Width": 8,
      "Actual Startup Time": 166.856,
      "Actual Total Time": 176.527,
      "Actual Rows": 1,
      "Actual Loops": 1,
      "Plans": [
        {
          "Node Type": "Gather",
          "Parent Relationship": "Outer",
          "Parallel Aware": false,
          "Startup Cost": 46047.11,
          "Total Cost": 46047.42,
          "Plan Rows": 3,
          "Plan Width": 8,
          "Actual Startup Time": 166.752,
          "Actual Total Time": 176.519,
          "Actual Rows": 4,
          "Actual Loops": 1,
          "Workers Planned": 3,
          "Workers Launched": 3,
          "Single Copy": false,
          "Plans": [
            {
              "Node Type": "Aggregate",
              "Strategy": "Plain",
              "Partial Mode": "Partial",
              "Parent Relationship": "Outer",
              "Parallel Aware": false,
              "Startup Cost": 45047.11,
              "Total Cost": 45047.12,
              "Plan Rows": 1,
              "Plan Width": 8,
              "Actual Startup Time": 159.49,
              "Actual Total Time": 159.491,
              "Actual Rows": 1,
              "Actual Loops": 4,
              "Plans": [
                {
                  "Node Type": "Seq Scan",
                  "Parent Relationship": "Outer",
                  "Parallel Aware": true,
                  "Relation Name": "movie_keyword",
                  "Alias": "mk",
                  "Startup Cost": 0.0,
                  "Total Cost": 42695.65,
                  "Plan Rows": 940583,
                  "Plan Width": 0,
                  "Actual Startup Time": 0.052,
                  "Actual Total Time": 122.692,
                  "Actual Rows": 731347,
                  "Actual Loops": 4,
                  "Filter": "(keyword_id < 9607)",
                  "Rows Removed by Filter": 399636
                }
              ]
            }
          ]
        }
      ]
    },
    "Planning Time": 0.133,
    "Triggers": [],
    "Execution Time": 176.568
  }
]