[
  {
    "Plan": {
      "Node Type": "Aggregate",
      "Strategy": "Plain",
      "Partial Mode": "Finalize",
      "Parallel Aware": false,
      "Startup Cost": 44949.24,
      "Total Cost": 44949.25,
      "Plan Rows": 1,
      "Plan Width": 8,
      "Actual Startup Time": 137.509,
      "Actual Total Time": 147.644,
      "Actual Rows": 1,
      "Actual Loops": 1,
      "Plans": [
        {
          "Node Type": "Gather",
          "Parent Relationship": "Outer",
          "Parallel Aware": false,
          "Startup Cost": 44948.92,
          "Total Cost": 44949.23,
          "Plan Rows": 3,
          "Plan Width": 8,
          "Actual Startup Time": 137.38,
          "Actual Total Time": 147.634,
          "Actual Rows": 4,
          "Actual Loops": 1,
          "Workers Planned": 3,
          "Workers Launched": 3,
          "Single Copy": false,
          "Plans": [
            {
              "Node Type": "Aggregate",
              "Strategy": "Plain",
              "Partial Mode": "Partial",
              "Parent Relationship": "Outer",
              "Parallel Aware": false,
              "Startup Cost": 43948.92,
              "Total Cost": 43948.93,
              "Plan Rows": 1,
              "Plan Width": 8,
              "Actual Startup Time": 128.719,
              "Actual Total Time": 128.72,
              "Actual Rows": 1,
              "Actual Loops": 4,
              "Plans": [
                {
                  "Node Type": "Seq Scan",
                  "Parent Relationship": "Outer",
                  "Parallel Aware": true,
                  "Relation Name": "movie_keyword",
                  "Alias": "mk",
                  "Startup Cost": 0.0,
                  "Total Cost": 42695.65,
                  "Plan Rows": 501307,
                  "Plan Width": 0,
                  "Actual Startup Time": 1.543,
                  "Actual Total Time": 109.994,
                  "Actual Rows": 390246,
                  "Actual Loops": 4,
                  "Filter": "(keyword_id > 10071)",
                  "Rows Removed by Filter": 740737
                }
              ]
            }
          ]
        }
      ]
    },
    "Planning Time": 0.18,
    "Triggers": [],
    "Execution Time": 147.707
  }
]