[
  {
    "Plan": {
      "Node Type": "Aggregate",
      "Strategy": "Plain",
      "Partial Mode": "Finalize",
      "Parallel Aware": false,
      "Startup Cost": 44755.25,
      "Total Cost": 44755.26,
      "Plan Rows": 1,
      "Plan Width": 8,
      "Actual Startup Time": 136.776,
      "Actual Total Time": 144.599,
      "Actual Rows": 1,
      "Actual Loops": 1,
      "Plans": [
        {
          "Node Type": "Gather",
          "Parent Relationship": "Outer",
          "Parallel Aware": false,
          "Startup Cost": 44754.94,
          "Total Cost": 44755.25,
          "Plan Rows": 3,
          "Plan Width": 8,
          "Actual Startup Time": 136.643,
          "Actual Total Time": 144.586,
          "Actual Rows": 4,
          "Actual Loops": 1,
          "Workers Planned": 3,
          "Workers Launched": 3,
          "Single Copy": false,
          "Plans": [
            {
              "Node Type": "Aggregate",
              "Strategy": "Plain",
              "Partial Mode": "Partial",
              "Parent Relationship": "Outer",
              "Parallel Aware": false,
              "Startup Cost": 43754.94,
              "Total Cost": 43754.95,
              "Plan Rows": 1,
              "Plan Width": 8,
              "Actual Startup Time": 128.587,
              "Actual Total Time": 128.589,
              "Actual Rows": 1,
              "Actual Loops": 4,
              "Plans": [
                {
                  "Node Type": "Seq Scan",
                  "Parent Relationship": "Outer",
                  "Parallel Aware": true,
                  "Relation Name": "movie_keyword",
                  "Alias": "mk",
                  "Startup Cost": 0.0,
                  "Total Cost": 42695.65,
                  "Plan Rows": 423713,
                  "Plan Width": 0,
                  "Actual Startup Time": 1.104,
                  "Actual Total Time": 111.172,
                  "Actual Rows": 329060,
                  "Actual Loops": 4,
                  "Filter": "(keyword_id > 13292)",
                  "Rows Removed by Filter": 801922
                }
              ]
            }
          ]
        }
      ]
    },
    "Planning Time": 0.095,
    "Triggers": [],
    "Execution Time": 144.634
  }
]