{
  "Plan": {
    "Node Type": "Aggregate",
    "Strategy": "Plain",
    "Partial Mode": "Finalize",
    "Parallel Aware": false,
    "Startup Cost": 81368.55,
    "Total Cost": 81368.56,
    "Plan Rows": 1,
    "Plan Width": 8,
    "Actual Startup Time": 278.142,
    "Actual Total Time": 289.102,
    "Actual Rows": 1,
    "Actual Loops": 1,
    "Plans": [
      {
        "Node Type": "Gather",
        "Parent Relationship": "Outer",
        "Parallel Aware": false,
        "Startup Cost": 81368.43,
        "Total Cost": 81368.54,
        "Plan Rows": 1,
        "Plan Width": 8,
        "Actual Startup Time": 277.886,
        "Actual Total Time": 289.094,
        "Actual Rows": 2,
        "Actual Loops": 1,
        "Workers Planned": 1,
        "Workers Launched": 1,
        "Single Copy": false,
        "Plans": [
          {
            "Node Type": "Aggregate",
            "Strategy": "Plain",
            "Partial Mode": "Partial",
            "Parent Relationship": "Outer",
            "Parallel Aware": false,
            "Startup Cost": 80368.43,
            "Total Cost": 80368.44,
            "Plan Rows": 1,
            "Plan Width": 8,
            "Actual Startup Time": 271.954,
            "Actual Total Time": 271.957,
            "Actual Rows": 1,
            "Actual Loops": 2,
            "Plans": [
              {
                "Node Type": "Hash Join",
                "Parent Relationship": "Outer",
                "Parallel Aware": true,
                "Join Type": "Inner",
                "Startup Cost": 20108.78,
                "Total Cost": 80340.35,
                "Plan Rows": 11232,
                "Plan Width": 0,
                "Actual Startup Time": 33.287,
                "Actual Total Time": 270.895,
                "Actual Rows": 17758,
                "Actual Loops": 2,
                "Inner Unique": false,
                "Hash Cond": "(t.id = mc.movie_id)",
                "Plans": [
                  {
                    "Node Type": "Seq Scan",
                    "Parent Relationship": "Outer",
                    "Parallel Aware": true,
                    "Relation Name": "title",
                    "Alias": "t",
                    "Startup Cost": 0.0,
                    "Total Cost": 50870.31,
                    "Plan Rows": 1487231,
                    "Plan Width": 4,
                    "Actual Startup Time": 0.008,
                    "Actual Total Time": 112.415,
                    "Actual Rows": 1264156,
                    "Actual Loops": 2
                  },
                  {
                    "Node Type": "Hash",
                    "Parent Relationship": "Inner",
                    "Parallel Aware": true,
                    "Startup Cost": 19968.38,
                    "Total Cost": 19968.38,
                    "Plan Rows": 11232,
                    "Plan Width": 4,
                    "Actual Startup Time": 32.116,
                    "Actual Total Time": 32.118,
                    "Actual Rows": 17758,
                    "Actual Loops": 2,
                    "Hash Buckets": 65536,
                    "Original Hash Buckets": 32768,
                    "Hash Batches": 1,
                    "Original Hash Batches": 1,
                    "Peak Memory Usage": 2208,
                    "Plans": [
                      {
                        "Node Type": "Bitmap Heap Scan",
                        "Parent Relationship": "Outer",
                        "Parallel Aware": true,
                        "Relation Name": "movie_companies",
                        "Alias": "mc",
                        "Startup Cost": 836.12,
                        "Total Cost": 19968.38,
                        "Plan Rows": 11232,
                        "Plan Width": 4,
                        "Actual Startup Time": 4.444,
                        "Actual Total Time": 22.905,
                        "Actual Rows": 17758,
                        "Actual Loops": 2,
                        "Recheck Cond": "(company_id = 160)",
                        "Rows Removed by Index Recheck": 0,
                        "Filter": "(company_type_id < 2)",
                        "Rows Removed by Filter": 310,
                        "Exact Heap Blocks": 3279,
                        "Lossy Heap Blocks": 0,
                        "Plans": [
                          {
                            "Node Type": "Bitmap Index Scan",
                            "Parent Relationship": "Outer",
                            "Parallel Aware": false,
                            "Index Name": "company_id_movie_companies",
                            "Startup Cost": 0.0,
                            "Total Cost": 831.35,
                            "Plan Rows": 38789,
                            "Plan Width": 0,
                            "Actual Startup Time": 6.874,
                            "Actual Total Time": 6.874,
                            "Actual Rows": 36136,
                            "Actual Loops": 1,
                            "Index Cond": "(company_id = 160)"
                          }
                        ]
                      }
                    ]
                  }
                ]
              }
            ]
          }
        ]
      }
    ]
  },
  "Planning Time": 0.505,
  "Triggers": [],
  "Execution Time": 289.2
}