[
  {
    "Plan": {
      "Node Type": "Aggregate",
      "Strategy": "Plain",
      "Partial Mode": "Finalize",
      "Parallel Aware": false,
      "Startup Cost": 350979.14,
      "Total Cost": 350979.15,
      "Plan Rows": 1,
      "Plan Width": 8,
      "Actual Startup Time": 804.859,
      "Actual Total Time": 865.191,
      "Actual Rows": 1,
      "Actual Loops": 1,
      "Plans": [
        {
          "Node Type": "Gather",
          "Parent Relationship": "Outer",
          "Parallel Aware": false,
          "Startup Cost": 350978.52,
          "Total Cost": 350979.13,
          "Plan Rows": 6,
          "Plan Width": 8,
          "Actual Startup Time": 804.741,
          "Actual Total Time": 865.182,
          "Actual Rows": 7,
          "Actual Loops": 1,
          "Workers Planned": 6,
          "Workers Launched": 6,
          "Single Copy": false,
          "Plans": [
            {
              "Node Type": "Aggregate",
              "Strategy": "Plain",
              "Partial Mode": "Partial",
              "Parent Relationship": "Outer",
              "Parallel Aware": false,
              "Startup Cost": 349978.52,
              "Total Cost": 349978.53,
              "Plan Rows": 1,
              "Plan Width": 8,
              "Actual Startup Time": 795.216,
              "Actual Total Time": 795.217,
              "Actual Rows": 1,
              "Actual Loops": 7,
              "Plans": [
                {
                  "Node Type": "Seq Scan",
                  "Parent Relationship": "Outer",
                  "Parallel Aware": true,
                  "Relation Name": "cast_info",
                  "Alias": "ci",
                  "Startup Cost": 0.0,
                  "Total Cost": 343257.03,
                  "Plan Rows": 2688595,
                  "Plan Width": 0,
                  "Actual Startup Time": 354.199,
                  "Actual Total Time": 695.501,
                  "Actual Rows": 2283118,
                  "Actual Loops": 7,
                  "Filter": "((person_id > 60277) AND (role_id > 2))",
                  "Rows Removed by Filter": 2894646
                }
              ]
            }
          ]
        }
      ]
    },
    "Planning Time": 0.293,
    "Triggers": [],
    "Execution Time": 865.269
  }
]