[
    {
        "Bao": {
            "Bao prediction": "NaN",
            "Bao recommended hint": "(no hint)"
        }
    },
    {
        "Plan": {
            "Node Type": "Aggregate",
            "Strategy": "Plain",
            "Partial Mode": "Finalize",
            "Parallel Aware": false,
            "Startup Cost": 25200.5,
            "Total Cost": 25200.51,
            "Plan Rows": 1,
            "Plan Width": 8,
            "Actual Startup Time": 73.753,
            "Actual Total Time": 79.058,
            "Actual Rows": 1,
            "Actual Loops": 1,
            "Output": [
                "count(*)"
            ],
            "Plans": [
                {
                    "Node Type": "Gather",
                    "Parent Relationship": "Outer",
                    "Parallel Aware": false,
                    "Startup Cost": 25200.19,
                    "Total Cost": 25200.5,
                    "Plan Rows": 3,
                    "Plan Width": 8,
                    "Actual Startup Time": 73.547,
                    "Actual Total Time": 79.049,
                    "Actual Rows": 4,
                    "Actual Loops": 1,
                    "Output": [
                        "(PARTIAL count(*))"
                    ],
                    "Workers Planned": 3,
                    "Workers Launched": 3,
                    "Single Copy": false,
                    "Plans": [
                        {
                            "Node Type": "Aggregate",
                            "Strategy": "Plain",
                            "Partial Mode": "Partial",
                            "Parent Relationship": "Outer",
                            "Parallel Aware": false,
                            "Startup Cost": 24200.19,
                            "Total Cost": 24200.2,
                            "Plan Rows": 1,
                            "Plan Width": 8,
                            "Actual Startup Time": 64.939,
                            "Actual Total Time": 64.941,
                            "Actual Rows": 1,
                            "Actual Loops": 4,
                            "Output": [
                                "PARTIAL count(*)"
                            ],
                            "Workers": [
                                {
                                    "Worker Number": 0,
                                    "Actual Startup Time": 61.835,
                                    "Actual Total Time": 61.836,
                                    "Actual Rows": 1,
                                    "Actual Loops": 1
                                },
                                {
                                    "Worker Number": 1,
                                    "Actual Startup Time": 62.177,
                                    "Actual Total Time": 62.178,
                                    "Actual Rows": 1,
                                    "Actual Loops": 1
                                },
                                {
                                    "Worker Number": 2,
                                    "Actual Startup Time": 62.553,
                                    "Actual Total Time": 62.555,
                                    "Actual Rows": 1,
                                    "Actual Loops": 1
                                }
                            ],
                            "Plans": [
                                {
                                    "Node Type": "Bitmap Heap Scan",
                                    "Parent Relationship": "Outer",
                                    "Parallel Aware": true,
                                    "Relation Name": "movie_companies",
                                    "Schema": "public",
                                    "Alias": "mc",
                                    "Startup Cost": 4352.62,
                                    "Total Cost": 24120.31,
                                    "Plan Rows": 31949,
                                    "Plan Width": 0,
                                    "Actual Startup Time": 15.512,
                                    "Actual Total Time": 60.851,
                                    "Actual Rows": 40319,
                                    "Actual Loops": 4,
                                    "Recheck Cond": "(mc.company_id < 67)",
                                    "Rows Removed by Index Recheck": 0,
                                    "Filter": "(mc.company_type_id = 1)",
                                    "Rows Removed by Filter": 10504,
                                    "Exact Heap Blocks": 7510,
                                    "Lossy Heap Blocks": 0,
                                    "Workers": [
                                        {
                                            "Worker Number": 0,
                                            "Actual Startup Time": 12.431,
                                            "Actual Total Time": 58.241,
                                            "Actual Rows": 25584,
                                            "Actual Loops": 1
                                        },
                                        {
                                            "Worker Number": 1,
                                            "Actual Startup Time": 12.776,
                                            "Actual Total Time": 58.719,
                                            "Actual Rows": 22597,
                                            "Actual Loops": 1
                                        },
                                        {
                                            "Worker Number": 2,
                                            "Actual Startup Time": 13.386,
                                            "Actual Total Time": 58.945,
                                            "Actual Rows": 25754,
                                            "Actual Loops": 1
                                        }
                                    ],
                                    "Plans": [
                                        {
                                            "Node Type": "Bitmap Index Scan",
                                            "Parent Relationship": "Outer",
                                            "Parallel Aware": false,
                                            "Index Name": "company_id_movie_companies",
                                            "Startup Cost": 0.0,
                                            "Total Cost": 4327.86,
                                            "Plan Rows": 202057,
                                            "Plan Width": 0,
                                            "Actual Startup Time": 19.657,
                                            "Actual Total Time": 19.657,
                                            "Actual Rows": 203291,
                                            "Actual Loops": 1,
                                            "Index Cond": "(mc.company_id < 67)"
                                        }
                                    ]
                                }
                            ]
                        }
                    ]
                }
            ]
        },
        "Planning Time": 289.052,
        "Triggers": [],
        "Execution Time": 79.137
    }
]