{
  "Plan": {
    "Node Type": "Aggregate",
    "Strategy": "Plain",
    "Partial Mode": "Finalize",
    "Parallel Aware": false,
    "Startup Cost": 769657.83,
    "Total Cost": 769657.84,
    "Plan Rows": 1,
    "Plan Width": 8,
    "Actual Startup Time": 3223.58,
    "Actual Total Time": 3282.244,
    "Actual Rows": 1,
    "Actual Loops": 1,
    "Plans": [
      {
        "Node Type": "Gather",
        "Parent Relationship": "Outer",
        "Parallel Aware": false,
        "Startup Cost": 769657.72,
        "Total Cost": 769657.83,
        "Plan Rows": 1,
        "Plan Width": 8,
        "Actual Startup Time": 3216.303,
        "Actual Total Time": 3282.235,
        "Actual Rows": 2,
        "Actual Loops": 1,
        "Workers Planned": 1,
        "Workers Launched": 1,
        "Single Copy": false,
        "Plans": [
          {
            "Node Type": "Aggregate",
            "Strategy": "Plain",
            "Partial Mode": "Partial",
            "Parent Relationship": "Outer",
            "Parallel Aware": false,
            "Startup Cost": 768657.72,
            "Total Cost": 768657.73,
            "Plan Rows": 1,
            "Plan Width": 8,
            "Actual Startup Time": 3207.968,
            "Actual Total Time": 3207.981,
            "Actual Rows": 1,
            "Actual Loops": 2,
            "Plans": [
              {
                "Node Type": "Hash Join",
                "Parent Relationship": "Outer",
                "Parallel Aware": true,
                "Join Type": "Inner",
                "Startup Cost": 449708.87,
                "Total Cost": 760102.3,
                "Plan Rows": 3422168,
                "Plan Width": 0,
                "Actual Startup Time": 1280.904,
                "Actual Total Time": 3078.319,
                "Actual Rows": 3303564,
                "Actual Loops": 2,
                "Inner Unique": false,
                "Hash Cond": "(mi.movie_id = t.id)",
                "Plans": [
                  {
                    "Node Type": "Seq Scan",
                    "Parent Relationship": "Outer",
                    "Parallel Aware": true,
                    "Relation Name": "movie_info",
                    "Alias": "mi",
                    "Startup Cost": 0.0,
                    "Total Cost": 270696.42,
                    "Plan Rows": 5217764,
                    "Plan Width": 4,
                    "Actual Startup Time": 0.019,
                    "Actual Total Time": 699.033,
                    "Actual Rows": 4483347,
                    "Actual Loops": 2,
                    "Filter": "(info_type_id < 15)",
                    "Rows Removed by Filter": 2934513
                  },
                  {
                    "Node Type": "Hash",
                    "Parent Relationship": "Inner",
                    "Parallel Aware": true,
                    "Startup Cost": 437516.02,
                    "Total Cost": 437516.02,
                    "Plan Rows": 975428,
                    "Plan Width": 8,
                    "Actual Startup Time": 1266.455,
                    "Actual Total Time": 1266.466,
                    "Actual Rows": 529120,
                    "Actual Loops": 2,
                    "Hash Buckets": 2097152,
                    "Original Hash Buckets": 2097152,
                    "Hash Batches": 1,
                    "Original Hash Batches": 1,
                    "Peak Memory Usage": 57824,
                    "Plans": [
                      {
                        "Node Type": "Hash Join",
                        "Parent Relationship": "Outer",
                        "Parallel Aware": true,
                        "Join Type": "Inner",
                        "Startup Cost": 149924.36,
                        "Total Cost": 437516.02,
                        "Plan Rows": 975428,
                        "Plan Width": 8,
                        "Actual Startup Time": 787.432,
                        "Actual Total Time": 1122.601,
                        "Actual Rows": 529120,
                        "Actual Loops": 2,
                        "Inner Unique": true,
                        "Hash Cond": "(ci.movie_id = t.id)",
                        "Plans": [
                          {
                            "Node Type": "Bitmap Heap Scan",
                            "Parent Relationship": "Outer",
                            "Parallel Aware": true,
                            "Relation Name": "cast_info",
                            "Alias": "ci",
                            "Startup Cost": 80463.66,
                            "Total Cost": 365494.83,
                            "Plan Rows": 975428,
                            "Plan Width": 4,
                            "Actual Startup Time": 277.852,
                            "Actual Total Time": 373.4,
                            "Actual Rows": 529120,
                            "Actual Loops": 2,
                            "Recheck Cond": "(person_id < 363442)",
                            "Rows Removed by Index Recheck": 0,
                            "Filter": "(role_id > 2)",
                            "Rows Removed by Filter": 1365192,
                            "Exact Heap Blocks": 21466,
                            "Lossy Heap Blocks": 0,
                            "Plans": [
                              {
                                "Node Type": "Bitmap Index Scan",
                                "Parent Relationship": "Outer",
                                "Parallel Aware": false,
                                "Index Name": "person_id_cast_info",
                                "Startup Cost": 0.0,
                                "Total Cost": 80049.1,
                                "Plan Rows": 3665672,
                                "Plan Width": 0,
                                "Actual Startup Time": 139.554,
                                "Actual Total Time": 139.566,
                                "Actual Rows": 3788623,
                                "Actual Loops": 1,
                                "Index Cond": "(person_id < 363442)"
                              }
                            ]
                          },
                          {
                            "Node Type": "Hash",
                            "Parent Relationship": "Inner",
                            "Parallel Aware": true,
                            "Startup Cost": 50870.31,
                            "Total Cost": 50870.31,
                            "Plan Rows": 1487231,
                            "Plan Width": 4,
                            "Actual Startup Time": 496.22,
                            "Actual Total Time": 496.221,
                            "Actual Rows": 1264156,
                            "Actual Loops": 2,
                            "Hash Buckets": 4194304,
                            "Original Hash Buckets": 4194304,
                            "Hash Batches": 1,
                            "Original Hash Batches": 1,
                            "Peak Memory Usage": 131712,
                            "Plans": [
                              {
                                "Node Type": "Seq Scan",
                                "Parent Relationship": "Outer",
                                "Parallel Aware": true,
                                "Relation Name": "title",
                                "Alias": "t",
                                "Startup Cost": 0.0,
                                "Total Cost": 50870.31,
                                "Plan Rows": 1487231,
                                "Plan Width": 4,
                                "Actual Startup Time": 0.027,
                                "Actual Total Time": 151.356,
                                "Actual Rows": 1264156,
                                "Actual Loops": 2
                              }
                            ]
                          }
                        ]
                      }
                    ]
                  }
                ]
              }
            ]
          }
        ]
      }
    ]
  },
  "Planning Time": 0.95,
  "Triggers": [],
  "Execution Time": 3282.352
}