[
  {
    "Plan": {
      "Node Type": "Aggregate",
      "Strategy": "Plain",
      "Partial Mode": "Finalize",
      "Parallel Aware": false,
      "Startup Cost": 189072.8,
      "Total Cost": 189072.81,
      "Plan Rows": 1,
      "Plan Width": 8,
      "Actual Startup Time": 926.302,
      "Actual Total Time": 985.231,
      "Actual Rows": 1,
      "Actual Loops": 1,
      "Plans": [
        {
          "Node Type": "Gather",
          "Parent Relationship": "Outer",
          "Parallel Aware": false,
          "Startup Cost": 189072.38,
          "Total Cost": 189072.79,
          "Plan Rows": 4,
          "Plan Width": 8,
          "Actual Startup Time": 922.854,
          "Actual Total Time": 985.22,
          "Actual Rows": 5,
          "Actual Loops": 1,
          "Workers Planned": 4,
          "Workers Launched": 4,
          "Single Copy": false,
          "Plans": [
            {
              "Node Type": "Aggregate",
              "Strategy": "Plain",
              "Partial Mode": "Partial",
              "Parent Relationship": "Outer",
              "Parallel Aware": false,
              "Startup Cost": 188072.38,
              "Total Cost": 188072.39,
              "Plan Rows": 1,
              "Plan Width": 8,
              "Actual Startup Time": 912.875,
              "Actual Total Time": 912.879,
              "Actual Rows": 1,
              "Actual Loops": 5,
              "Plans": [
                {
                  "Node Type": "Nested Loop",
                  "Parent Relationship": "Outer",
                  "Parallel Aware": false,
                  "Join Type": "Inner",
                  "Startup Cost": 26918.14,
                  "Total Cost": 187915.86,
                  "Plan Rows": 62608,
                  "Plan Width": 0,
                  "Actual Startup Time": 94.95,
                  "Actual Total Time": 899.062,
                  "Actual Rows": 264865,
                  "Actual Loops": 5,
                  "Inner Unique": false,
                  "Plans": [
                    {
                      "Node Type": "Hash Join",
                      "Parent Relationship": "Outer",
                      "Parallel Aware": true,
                      "Join Type": "Inner",
                      "Startup Cost": 26917.71,
                      "Total Cost": 72617.26,
                      "Plan Rows": 68344,
                      "Plan Width": 8,
                      "Actual Startup Time": 94.805,
                      "Actual Total Time": 291.454,
                      "Actual Rows": 54286,
                      "Actual Loops": 5,
                      "Inner Unique": false,
                      "Hash Cond": "(t.id = mc.movie_id)",
                      "Plans": [
                        {
                          "Node Type": "Seq Scan",
                          "Parent Relationship": "Outer",
                          "Parallel Aware": true,
                          "Relation Name": "title",
                          "Alias": "t",
                          "Startup Cost": 0.0,
                          "Total Cost": 42318.73,
                          "Plan Rows": 632073,
                          "Plan Width": 4,
                          "Actual Startup Time": 0.012,
                          "Actual Total Time": 65.026,
                          "Actual Rows": 505662,
                          "Actual Loops": 5
                        },
                        {
                          "Node Type": "Hash",
                          "Parent Relationship": "Inner",
                          "Parallel Aware": true,
                          "Startup Cost": 25815.39,
                          "Total Cost": 25815.39,
                          "Plan Rows": 88185,
                          "Plan Width": 4,
                          "Actual Startup Time": 92.284,
                          "Actual Total Time": 92.286,
                          "Actual Rows": 54286,
                          "Actual Loops": 5,
                          "Hash Buckets": 524288,
                          "Original Hash Buckets": 524288,
                          "Hash Batches": 1,
                          "Original Hash Batches": 1,
                          "Peak Memory Usage": 14784,
                          "Plans": [
                            {
                              "Node Type": "Bitmap Heap Scan",
                              "Parent Relationship": "Outer",
                              "Parallel Aware": true,
                              "Relation Name": "movie_companies",
                              "Alias": "mc",
                              "Startup Cost": 5923.08,
                              "Total Cost": 25815.39,
                              "Plan Rows": 88185,
                              "Plan Width": 4,
                              "Actual Startup Time": 26.101,
                              "Actual Total Time": 68.911,
                              "Actual Rows": 54286,
                              "Actual Loops": 5,
                              "Recheck Cond": "(company_id < 145)",
                              "Rows Removed by Index Recheck": 0,
                              "Exact Heap Blocks": 7198,
                              "Lossy Heap Blocks": 0,
                              "Plans": [
                                {
                                  "Node Type": "Bitmap Index Scan",
                                  "Parent Relationship": "Outer",
                                  "Parallel Aware": false,
                                  "Index Name": "company_id_movie_companies",
                                  "Startup Cost": 0.0,
                                  "Total Cost": 5854.74,
                                  "Plan Rows": 273374,
                                  "Plan Width": 0,
                                  "Actual Startup Time": 22.963,
                                  "Actual Total Time": 22.963,
                                  "Actual Rows": 271432,
                                  "Actual Loops": 1,
                                  "Index Cond": "(company_id < 145)"
                                }
                              ]
                            }
                          ]
                        }
                      ]
                    },
                    {
                      "Node Type": "Index Scan",
                      "Parent Relationship": "Inner",
                      "Parallel Aware": false,
                      "Scan Direction": "Forward",
                      "Index Name": "movie_id_movie_info",
                      "Relation Name": "movie_info",
                      "Alias": "mi",
                      "Startup Cost": 0.43,
                      "Total Cost": 1.62,
                      "Plan Rows": 7,
                      "Plan Width": 4,
                      "Actual Startup Time": 0.006,
                      "Actual Total Time": 0.011,
                      "Actual Rows": 5,
                      "Actual Loops": 271432,
                      "Index Cond": "(movie_id = t.id)",
                      "Rows Removed by Index Recheck": 0,
                      "Filter": "(info_type_id > 16)",
                      "Rows Removed by Filter": 13
                    }
                  ]
                }
              ]
            }
          ]
        }
      ]
    },
    "Planning Time": 1.48,
    "Triggers": [],
    "Execution Time": 985.371
  }
]