[
  {
    "Plan": {
      "Node Type": "Aggregate",
      "Strategy": "Plain",
      "Partial Mode": "Finalize",
      "Parallel Aware": false,
      "Startup Cost": 44578.82,
      "Total Cost": 44578.83,
      "Plan Rows": 1,
      "Plan Width": 8,
      "Actual Startup Time": 120.909,
      "Actual Total Time": 130.014,
      "Actual Rows": 1,
      "Actual Loops": 1,
      "Plans": [
        {
          "Node Type": "Gather",
          "Parent Relationship": "Outer",
          "Parallel Aware": false,
          "Startup Cost": 44578.5,
          "Total Cost": 44578.81,
          "Plan Rows": 3,
          "Plan Width": 8,
          "Actual Startup Time": 120.8,
          "Actual Total Time": 130.006,
          "Actual Rows": 4,
          "Actual Loops": 1,
          "Workers Planned": 3,
          "Workers Launched": 3,
          "Single Copy": false,
          "Plans": [
            {
              "Node Type": "Aggregate",
              "Strategy": "Plain",
              "Partial Mode": "Partial",
              "Parent Relationship": "Outer",
              "Parallel Aware": false,
              "Startup Cost": 43578.5,
              "Total Cost": 43578.51,
              "Plan Rows": 1,
              "Plan Width": 8,
              "Actual Startup Time": 114.086,
              "Actual Total Time": 114.087,
              "Actual Rows": 1,
              "Actual Loops": 4,
              "Plans": [
                {
                  "Node Type": "Seq Scan",
                  "Parent Relationship": "Outer",
                  "Parallel Aware": true,
                  "Relation Name": "movie_keyword",
                  "Alias": "mk",
                  "Startup Cost": 0.0,
                  "Total Cost": 42695.65,
                  "Plan Rows": 353139,
                  "Plan Width": 0,
                  "Actual Startup Time": 0.053,
                  "Actual Total Time": 100.668,
                  "Actual Rows": 275470,
                  "Actual Loops": 4,
                  "Filter": "(keyword_id < 1132)",
                  "Rows Removed by Filter": 855513
                }
              ]
            }
          ]
        }
      ]
    },
    "Planning Time": 0.122,
    "Triggers": [],
    "Execution Time": 130.054
  }
]