[
  {
    "Plan": {
      "Node Type": "Aggregate",
      "Strategy": "Plain",
      "Partial Mode": "Finalize",
      "Parallel Aware": false,
      "Startup Cost": 240095.4,
      "Total Cost": 240095.41,
      "Plan Rows": 1,
      "Plan Width": 8,
      "Actual Startup Time": 392.942,
      "Actual Total Time": 433.676,
      "Actual Rows": 1,
      "Actual Loops": 1,
      "Plans": [
        {
          "Node Type": "Gather",
          "Parent Relationship": "Outer",
          "Parallel Aware": false,
          "Startup Cost": 240094.98,
          "Total Cost": 240095.39,
          "Plan Rows": 4,
          "Plan Width": 8,
          "Actual Startup Time": 392.776,
          "Actual Total Time": 433.668,
          "Actual Rows": 5,
          "Actual Loops": 1,
          "Workers Planned": 4,
          "Workers Launched": 4,
          "Single Copy": false,
          "Plans": [
            {
              "Node Type": "Aggregate",
              "Strategy": "Plain",
              "Partial Mode": "Partial",
              "Parent Relationship": "Outer",
              "Parallel Aware": false,
              "Startup Cost": 239094.98,
              "Total Cost": 239094.99,
              "Plan Rows": 1,
              "Plan Width": 8,
              "Actual Startup Time": 385.854,
              "Actual Total Time": 385.856,
              "Actual Rows": 1,
              "Actual Loops": 5,
              "Plans": [
                {
                  "Node Type": "Nested Loop",
                  "Parent Relationship": "Outer",
                  "Parallel Aware": false,
                  "Join Type": "Inner",
                  "Startup Cost": 0.43,
                  "Total Cost": 239017.76,
                  "Plan Rows": 30887,
                  "Plan Width": 0,
                  "Actual Startup Time": 49.08,
                  "Actual Total Time": 376.14,
                  "Actual Rows": 186531,
                  "Actual Loops": 5,
                  "Inner Unique": false,
                  "Plans": [
                    {
                      "Node Type": "Seq Scan",
                      "Parent Relationship": "Outer",
                      "Parallel Aware": true,
                      "Relation Name": "title",
                      "Alias": "t",
                      "Startup Cost": 0.0,
                      "Total Cost": 45479.59,
                      "Plan Rows": 7003,
                      "Plan Width": 4,
                      "Actual Startup Time": 48.982,
                      "Actual Total Time": 78.183,
                      "Actual Rows": 23062,
                      "Actual Loops": 5,
                      "Filter": "((production_year < 1930) AND (kind_id = 1))",
                      "Rows Removed by Filter": 482600
                    },
                    {
                      "Node Type": "Index Scan",
                      "Parent Relationship": "Inner",
                      "Parallel Aware": false,
                      "Scan Direction": "Forward",
                      "Index Name": "movie_id_movie_info",
                      "Relation Name": "movie_info",
                      "Alias": "mi",
                      "Startup Cost": 0.43,
                      "Total Cost": 27.33,
                      "Plan Rows": 31,
                      "Plan Width": 4,
                      "Actual Startup Time": 0.005,
                      "Actual Total Time": 0.012,
                      "Actual Rows": 8,
                      "Actual Loops": 115311,
                      "Index Cond": "(movie_id = t.id)",
                      "Rows Removed by Index Recheck": 0,
                      "Filter": "(info_type_id > 3)",
                      "Rows Removed by Filter": 3
                    }
                  ]
                }
              ]
            }
          ]
        }
      ]
    },
    "Planning Time": 0.292,
    "Triggers": [],
    "Execution Time": 433.725
  }
]