{
  "Plan": {
    "Node Type": "Aggregate",
    "Strategy": "Plain",
    "Partial Mode": "Finalize",
    "Parallel Aware": false,
    "Startup Cost": 730497.03,
    "Total Cost": 730497.04,
    "Plan Rows": 1,
    "Plan Width": 8,
    "Actual Startup Time": 8457.552,
    "Actual Total Time": 8529.248,
    "Actual Rows": 1,
    "Actual Loops": 1,
    "Plans": [
      {
        "Node Type": "Gather",
        "Parent Relationship": "Outer",
        "Parallel Aware": false,
        "Startup Cost": 730496.92,
        "Total Cost": 730497.03,
        "Plan Rows": 1,
        "Plan Width": 8,
        "Actual Startup Time": 8451.394,
        "Actual Total Time": 8529.24,
        "Actual Rows": 2,
        "Actual Loops": 1,
        "Workers Planned": 1,
        "Workers Launched": 1,
        "Single Copy": false,
        "Plans": [
          {
            "Node Type": "Aggregate",
            "Strategy": "Plain",
            "Partial Mode": "Partial",
            "Parent Relationship": "Outer",
            "Parallel Aware": false,
            "Startup Cost": 729496.92,
            "Total Cost": 729496.93,
            "Plan Rows": 1,
            "Plan Width": 8,
            "Actual Startup Time": 8444.563,
            "Actual Total Time": 8444.568,
            "Actual Rows": 1,
            "Actual Loops": 2,
            "Plans": [
              {
                "Node Type": "Hash Join",
                "Parent Relationship": "Outer",
                "Parallel Aware": true,
                "Join Type": "Inner",
                "Startup Cost": 118710.07,
                "Total Cost": 710087.35,
                "Plan Rows": 7763828,
                "Plan Width": 0,
                "Actual Startup Time": 1109.584,
                "Actual Total Time": 7887.898,
                "Actual Rows": 13467463,
                "Actual Loops": 2,
                "Inner Unique": false,
                "Hash Cond": "(ci.movie_id = t.id)",
                "Plans": [
                  {
                    "Node Type": "Seq Scan",
                    "Parent Relationship": "Outer",
                    "Parallel Aware": true,
                    "Relation Name": "cast_info",
                    "Alias": "ci",
                    "Startup Cost": 0.0,
                    "Total Cost": 465792.95,
                    "Plan Rows": 21310595,
                    "Plan Width": 4,
                    "Actual Startup Time": 0.019,
                    "Actual Total Time": 1386.014,
                    "Actual Rows": 18122172,
                    "Actual Loops": 2
                  },
                  {
                    "Node Type": "Hash",
                    "Parent Relationship": "Inner",
                    "Parallel Aware": true,
                    "Startup Cost": 111937.25,
                    "Total Cost": 111937.25,
                    "Plan Rows": 541825,
                    "Plan Width": 8,
                    "Actual Startup Time": 1099.118,
                    "Actual Total Time": 1099.121,
                    "Actual Rows": 552219,
                    "Actual Loops": 2,
                    "Hash Buckets": 2097152,
                    "Original Hash Buckets": 1048576,
                    "Hash Batches": 1,
                    "Original Hash Batches": 1,
                    "Peak Memory Usage": 67808,
                    "Plans": [
                      {
                        "Node Type": "Hash Join",
                        "Parent Relationship": "Outer",
                        "Parallel Aware": true,
                        "Join Type": "Inner",
                        "Startup Cost": 48584.54,
                        "Total Cost": 111937.25,
                        "Plan Rows": 541825,
                        "Plan Width": 8,
                        "Actual Startup Time": 331.545,
                        "Actual Total Time": 920.227,
                        "Actual Rows": 552219,
                        "Actual Loops": 2,
                        "Inner Unique": false,
                        "Hash Cond": "(t.id = mc.movie_id)",
                        "Plans": [
                          {
                            "Node Type": "Seq Scan",
                            "Parent Relationship": "Outer",
                            "Parallel Aware": true,
                            "Relation Name": "title",
                            "Alias": "t",
                            "Startup Cost": 0.0,
                            "Total Cost": 50870.31,
                            "Plan Rows": 1487231,
                            "Plan Width": 4,
                            "Actual Startup Time": 0.011,
                            "Actual Total Time": 148.521,
                            "Actual Rows": 1264156,
                            "Actual Loops": 2
                          },
                          {
                            "Node Type": "Hash",
                            "Parent Relationship": "Inner",
                            "Parallel Aware": true,
                            "Startup Cost": 41811.73,
                            "Total Cost": 41811.73,
                            "Plan Rows": 541825,
                            "Plan Width": 4,
                            "Actual Startup Time": 325.837,
                            "Actual Total Time": 325.838,
                            "Actual Rows": 552219,
                            "Actual Loops": 2,
                            "Hash Buckets": 2097152,
                            "Original Hash Buckets": 1048576,
                            "Hash Batches": 1,
                            "Original Hash Batches": 1,
                            "Peak Memory Usage": 67808,
                            "Plans": [
                              {
                                "Node Type": "Seq Scan",
                                "Parent Relationship": "Outer",
                                "Parallel Aware": true,
                                "Relation Name": "movie_companies",
                                "Alias": "mc",
                                "Startup Cost": 0.0,
                                "Total Cost": 41811.73,
                                "Plan Rows": 541825,
                                "Plan Width": 4,
                                "Actual Startup Time": 68.88,
                                "Actual Total Time": 163.611,
                                "Actual Rows": 552219,
                                "Actual Loops": 2,
                                "Filter": "((company_id > 1705) AND (company_type_id > 1))",
                                "Rows Removed by Filter": 752346
                              }
                            ]
                          }
                        ]
                      }
                    ]
                  }
                ]
              }
            ]
          }
        ]
      }
    ]
  },
  "Planning Time": 1.163,
  "Triggers": [],
  "Execution Time": 8529.382
}