[
  {
    "Plan": {
      "Node Type": "Aggregate",
      "Strategy": "Plain",
      "Partial Mode": "Finalize",
      "Parallel Aware": false,
      "Startup Cost": 338034.07,
      "Total Cost": 338034.08,
      "Plan Rows": 1,
      "Plan Width": 8,
      "Actual Startup Time": 989.244,
      "Actual Total Time": 1007.501,
      "Actual Rows": 1,
      "Actual Loops": 1,
      "Plans": [
        {
          "Node Type": "Gather",
          "Parent Relationship": "Outer",
          "Parallel Aware": false,
          "Startup Cost": 338033.86,
          "Total Cost": 338034.07,
          "Plan Rows": 2,
          "Plan Width": 8,
          "Actual Startup Time": 978.515,
          "Actual Total Time": 1007.49,
          "Actual Rows": 3,
          "Actual Loops": 1,
          "Workers Planned": 2,
          "Workers Launched": 2,
          "Single Copy": false,
          "Plans": [
            {
              "Node Type": "Aggregate",
              "Strategy": "Plain",
              "Partial Mode": "Partial",
              "Parent Relationship": "Outer",
              "Parallel Aware": false,
              "Startup Cost": 337033.86,
              "Total Cost": 337033.87,
              "Plan Rows": 1,
              "Plan Width": 8,
              "Actual Startup Time": 969.192,
              "Actual Total Time": 969.549,
              "Actual Rows": 1,
              "Actual Loops": 3,
              "Plans": [
                {
                  "Node Type": "Hash Join",
                  "Parent Relationship": "Outer",
                  "Parallel Aware": true,
                  "Join Type": "Inner",
                  "Startup Cost": 320760.06,
                  "Total Cost": 336774.46,
                  "Plan Rows": 103760,
                  "Plan Width": 0,
                  "Actual Startup Time": 831.174,
                  "Actual Total Time": 964.23,
                  "Actual Rows": 96672,
                  "Actual Loops": 3,
                  "Inner Unique": false,
                  "Hash Cond": "(mi_idx.movie_id = t.id)",
                  "Plans": [
                    {
                      "Node Type": "Seq Scan",
                      "Parent Relationship": "Outer",
                      "Parallel Aware": true,
                      "Relation Name": "movie_info_idx",
                      "Alias": "mi_idx",
                      "Startup Cost": 0.0,
                      "Total Cost": 13685.15,
                      "Plan Rows": 575015,
                      "Plan Width": 4,
                      "Actual Startup Time": 0.043,
                      "Actual Total Time": 46.38,
                      "Actual Rows": 460012,
                      "Actual Loops": 3
                    },
                    {
                      "Node Type": "Hash",
                      "Parent Relationship": "Inner",
                      "Parallel Aware": true,
                      "Startup Cost": 319809.54,
                      "Total Cost": 319809.54,
                      "Plan Rows": 76042,
                      "Plan Width": 8,
                      "Actual Startup Time": 825.768,
                      "Actual Total Time": 826.122,
                      "Actual Rows": 144268,
                      "Actual Loops": 3,
                      "Hash Buckets": 524288,
                      "Original Hash Buckets": 524288,
                      "Hash Batches": 1,
                      "Original Hash Batches": 1,
                      "Peak Memory Usage": 21088,
                      "Plans": [
                        {
                          "Node Type": "Hash Join",
                          "Parent Relationship": "Outer",
                          "Parallel Aware": true,
                          "Join Type": "Inner",
                          "Startup Cost": 65236.57,
                          "Total Cost": 319809.54,
                          "Plan Rows": 76042,
                          "Plan Width": 8,
                          "Actual Startup Time": 567.125,
                          "Actual Total Time": 752.162,
                          "Actual Rows": 144268,
                          "Actual Loops": 3,
                          "Inner Unique": true,
                          "Hash Cond": "(ci.movie_id = t.id)",
                          "Plans": [
                            {
                              "Node Type": "Bitmap Heap Scan",
                              "Parent Relationship": "Outer",
                              "Parallel Aware": true,
                              "Relation Name": "cast_info",
                              "Alias": "ci",
                              "Startup Cost": 16518.76,
                              "Total Cost": 270764.41,
                              "Plan Rows": 124692,
                              "Plan Width": 4,
                              "Actual Startup Time": 45.434,
                              "Actual Total Time": 89.748,
                              "Actual Rows": 255655,
                              "Actual Loops": 3,
                              "Recheck Cond": "(person_id < 81425)",
                              "Rows Removed by Index Recheck": 0,
                              "Exact Heap Blocks": 3280,
                              "Lossy Heap Blocks": 0,
                              "Plans": [
                                {
                                  "Node Type": "Bitmap Index Scan",
                                  "Parent Relationship": "Outer",
                                  "Parallel Aware": false,
                                  "Index Name": "person_id_cast_info",
                                  "Startup Cost": 0.0,
                                  "Total Cost": 16331.72,
                                  "Plan Rows": 748154,
                                  "Plan Width": 0,
                                  "Actual Startup Time": 43.419,
                                  "Actual Total Time": 43.419,
                                  "Actual Rows": 766966,
                                  "Actual Loops": 1,
                                  "Index Cond": "(person_id < 81425)"
                                }
                              ]
                            },
                            {
                              "Node Type": "Hash",
                              "Parent Relationship": "Inner",
                              "Parallel Aware": true,
                              "Startup Cost": 43899.32,
                              "Total Cost": 43899.32,
                              "Plan Rows": 385479,
                              "Plan Width": 4,
                              "Actual Startup Time": 508.31,
                              "Actual Total Time": 508.311,
                              "Actual Rows": 514421,
                              "Actual Loops": 3,
                              "Hash Buckets": 2097152,
                              "Original Hash Buckets": 2097152,
                              "Hash Batches": 1,
                              "Original Hash Batches": 1,
                              "Peak Memory Usage": 76832,
                              "Plans": [
                                {
                                  "Node Type": "Seq Scan",
                                  "Parent Relationship": "Outer",
                                  "Parallel Aware": true,
                                  "Relation Name": "title",
                                  "Alias": "t",
                                  "Startup Cost": 0.0,
                                  "Total Cost": 43899.32,
                                  "Plan Rows": 385479,
                                  "Plan Width": 4,
                                  "Actual Startup Time": 0.062,
                                  "Actual Total Time": 176.795,
                                  "Actual Rows": 514421,
                                  "Actual Loops": 3,
                                  "Filter": "(kind_id = 7)",
                                  "Rows Removed by Filter": 328349
                                }
                              ]
                            }
                          ]
                        }
                      ]
                    }
                  ]
                }
              ]
            }
          ]
        }
      ]
    },
    "Planning Time": 1.329,
    "Triggers": [],
    "Execution Time": 1007.614
  }
]