[
  {
    "Plan": {
      "Node Type": "Aggregate",
      "Strategy": "Plain",
      "Partial Mode": "Finalize",
      "Parallel Aware": false,
      "Startup Cost": 339077.11,
      "Total Cost": 339077.12,
      "Plan Rows": 1,
      "Plan Width": 8,
      "Actual Startup Time": 639.074,
      "Actual Total Time": 652.941,
      "Actual Rows": 1,
      "Actual Loops": 1,
      "Plans": [
        {
          "Node Type": "Gather",
          "Parent Relationship": "Outer",
          "Parallel Aware": false,
          "Startup Cost": 339076.89,
          "Total Cost": 339077.1,
          "Plan Rows": 2,
          "Plan Width": 8,
          "Actual Startup Time": 632.093,
          "Actual Total Time": 652.934,
          "Actual Rows": 3,
          "Actual Loops": 1,
          "Workers Planned": 2,
          "Workers Launched": 2,
          "Single Copy": false,
          "Plans": [
            {
              "Node Type": "Aggregate",
              "Strategy": "Plain",
              "Partial Mode": "Partial",
              "Parent Relationship": "Outer",
              "Parallel Aware": false,
              "Startup Cost": 338076.89,
              "Total Cost": 338076.9,
              "Plan Rows": 1,
              "Plan Width": 8,
              "Actual Startup Time": 623.399,
              "Actual Total Time": 623.405,
              "Actual Rows": 1,
              "Actual Loops": 3,
              "Plans": [
                {
                  "Node Type": "Hash Join",
                  "Parent Relationship": "Outer",
                  "Parallel Aware": true,
                  "Join Type": "Inner",
                  "Startup Cost": 321781.47,
                  "Total Cost": 337804.52,
                  "Plan Rows": 108951,
                  "Plan Width": 0,
                  "Actual Startup Time": 519.763,
                  "Actual Total Time": 619.339,
                  "Actual Rows": 96672,
                  "Actual Loops": 3,
                  "Inner Unique": false,
                  "Hash Cond": "(mi_idx.movie_id = t.id)",
                  "Plans": [
                    {
                      "Node Type": "Seq Scan",
                      "Parent Relationship": "Outer",
                      "Parallel Aware": true,
                      "Relation Name": "movie_info_idx",
                      "Alias": "mi_idx",
                      "Startup Cost": 0.0,
                      "Total Cost": 13685.15,
                      "Plan Rows": 575015,
                      "Plan Width": 4,
                      "Actual Startup Time": 0.026,
                      "Actual Total Time": 34.283,
                      "Actual Rows": 460012,
                      "Actual Loops": 3
                    },
                    {
                      "Node Type": "Hash",
                      "Parent Relationship": "Inner",
                      "Parallel Aware": true,
                      "Startup Cost": 320783.45,
                      "Total Cost": 320783.45,
                      "Plan Rows": 79842,
                      "Plan Width": 8,
                      "Actual Startup Time": 515.934,
                      "Actual Total Time": 515.938,
                      "Actual Rows": 144268,
                      "Actual Loops": 3,
                      "Hash Buckets": 524288,
                      "Original Hash Buckets": 524288,
                      "Hash Batches": 1,
                      "Original Hash Batches": 1,
                      "Peak Memory Usage": 21088,
                      "Plans": [
                        {
                          "Node Type": "Hash Join",
                          "Parent Relationship": "Outer",
                          "Parallel Aware": true,
                          "Join Type": "Inner",
                          "Startup Cost": 66109.82,
                          "Total Cost": 320783.45,
                          "Plan Rows": 79842,
                          "Plan Width": 8,
                          "Actual Startup Time": 328.68,
                          "Actual Total Time": 472.419,
                          "Actual Rows": 144268,
                          "Actual Loops": 3,
                          "Inner Unique": true,
                          "Hash Cond": "(ci.movie_id = t.id)",
                          "Plans": [
                            {
                              "Node Type": "Bitmap Heap Scan",
                              "Parent Relationship": "Outer",
                              "Parallel Aware": true,
                              "Relation Name": "cast_info",
                              "Alias": "ci",
                              "Startup Cost": 17408.21,
                              "Total Cost": 271737.05,
                              "Plan Rows": 131347,
                              "Plan Width": 4,
                              "Actual Startup Time": 23.591,
                              "Actual Total Time": 56.311,
                              "Actual Rows": 255655,
                              "Actual Loops": 3,
                              "Recheck Cond": "(person_id < 81425)",
                              "Rows Removed by Index Recheck": 0,
                              "Exact Heap Blocks": 3042,
                              "Lossy Heap Blocks": 0,
                              "Plans": [
                                {
                                  "Node Type": "Bitmap Index Scan",
                                  "Parent Relationship": "Outer",
                                  "Parallel Aware": false,
                                  "Index Name": "person_id_cast_info",
                                  "Startup Cost": 0.0,
                                  "Total Cost": 17211.19,
                                  "Plan Rows": 788083,
                                  "Plan Width": 0,
                                  "Actual Startup Time": 22.349,
                                  "Actual Total Time": 22.35,
                                  "Actual Rows": 766966,
                                  "Actual Loops": 1,
                                  "Index Cond": "(person_id < 81425)"
                                }
                              ]
                            },
                            {
                              "Node Type": "Hash",
                              "Parent Relationship": "Inner",
                              "Parallel Aware": true,
                              "Startup Cost": 43898.92,
                              "Total Cost": 43898.92,
                              "Plan Rows": 384216,
                              "Plan Width": 4,
                              "Actual Startup Time": 297.499,
                              "Actual Total Time": 297.5,
                              "Actual Rows": 514421,
                              "Actual Loops": 3,
                              "Hash Buckets": 2097152,
                              "Original Hash Buckets": 2097152,
                              "Hash Batches": 1,
                              "Original Hash Batches": 1,
                              "Peak Memory Usage": 76800,
                              "Plans": [
                                {
                                  "Node Type": "Seq Scan",
                                  "Parent Relationship": "Outer",
                                  "Parallel Aware": true,
                                  "Relation Name": "title",
                                  "Alias": "t",
                                  "Startup Cost": 0.0,
                                  "Total Cost": 43898.92,
                                  "Plan Rows": 384216,
                                  "Plan Width": 4,
                                  "Actual Startup Time": 0.052,
                                  "Actual Total Time": 119.276,
                                  "Actual Rows": 514421,
                                  "Actual Loops": 3,
                                  "Filter": "(kind_id = 7)",
                                  "Rows Removed by Filter": 328349
                                }
                              ]
                            }
                          ]
                        }
                      ]
                    }
                  ]
                }
              ]
            }
          ]
        }
      ]
    },
    "Planning Time": 1.335,
    "Triggers": [],
    "Execution Time": 653.049
  }
]