[
  {
    "Plan": {
      "Node Type": "Aggregate",
      "Strategy": "Plain",
      "Partial Mode": "Finalize",
      "Parallel Aware": false,
      "Startup Cost": 449380.95,
      "Total Cost": 449380.96,
      "Plan Rows": 1,
      "Plan Width": 8,
      "Actual Startup Time": 1395.386,
      "Actual Total Time": 1447.361,
      "Actual Rows": 1,
      "Actual Loops": 1,
      "Plans": [
        {
          "Node Type": "Gather",
          "Parent Relationship": "Outer",
          "Parallel Aware": false,
          "Startup Cost": 449380.33,
          "Total Cost": 449380.94,
          "Plan Rows": 6,
          "Plan Width": 8,
          "Actual Startup Time": 1378.282,
          "Actual Total Time": 1447.346,
          "Actual Rows": 7,
          "Actual Loops": 1,
          "Workers Planned": 6,
          "Workers Launched": 6,
          "Single Copy": false,
          "Plans": [
            {
              "Node Type": "Aggregate",
              "Strategy": "Plain",
              "Partial Mode": "Partial",
              "Parent Relationship": "Outer",
              "Parallel Aware": false,
              "Startup Cost": 448380.33,
              "Total Cost": 448380.34,
              "Plan Rows": 1,
              "Plan Width": 8,
              "Actual Startup Time": 1369.356,
              "Actual Total Time": 1369.595,
              "Actual Rows": 1,
              "Actual Loops": 7,
              "Plans": [
                {
                  "Node Type": "Hash Join",
                  "Parent Relationship": "Outer",
                  "Parallel Aware": true,
                  "Join Type": "Inner",
                  "Startup Cost": 94177.64,
                  "Total Cost": 446582.74,
                  "Plan Rows": 719034,
                  "Plan Width": 0,
                  "Actual Startup Time": 589.517,
                  "Actual Total Time": 1276.268,
                  "Actual Rows": 1980222,
                  "Actual Loops": 7,
                  "Inner Unique": false,
                  "Hash Cond": "(ci.movie_id = t.id)",
                  "Plans": [
                    {
                      "Node Type": "Seq Scan",
                      "Parent Relationship": "Outer",
                      "Parallel Aware": true,
                      "Relation Name": "cast_info",
                      "Alias": "ci",
                      "Startup Cost": 0.0,
                      "Total Cost": 343316.27,
                      "Plan Rows": 1805166,
                      "Plan Width": 4,
                      "Actual Startup Time": 216.392,
                      "Actual Total Time": 601.453,
                      "Actual Rows": 673000,
                      "Actual Loops": 7,
                      "Filter": "((person_id < 1667463) AND (role_id > 1))",
                      "Rows Removed by Filter": 4504764
                    },
                    {
                      "Node Type": "Hash",
                      "Parent Relationship": "Inner",
                      "Parallel Aware": true,
                      "Startup Cost": 90116.67,
                      "Total Cost": 90116.67,
                      "Plan Rows": 324878,
                      "Plan Width": 8,
                      "Actual Startup Time": 368.725,
                      "Actual Total Time": 368.962,
                      "Actual Rows": 241233,
                      "Actual Loops": 7,
                      "Hash Buckets": 2097152,
                      "Original Hash Buckets": 1048576,
                      "Hash Batches": 1,
                      "Original Hash Batches": 1,
                      "Peak Memory Usage": 90752,
                      "Plans": [
                        {
                          "Node Type": "Hash Join",
                          "Parent Relationship": "Outer",
                          "Parallel Aware": true,
                          "Join Type": "Inner",
                          "Startup Cost": 47238.59,
                          "Total Cost": 90116.67,
                          "Plan Rows": 324878,
                          "Plan Width": 8,
                          "Actual Startup Time": 116.118,
                          "Actual Total Time": 264.595,
                          "Actual Rows": 241233,
                          "Actual Loops": 7,
                          "Inner Unique": true,
                          "Hash Cond": "(mk.movie_id = t.id)",
                          "Plans": [
                            {
                              "Node Type": "Seq Scan",
                              "Parent Relationship": "Outer",
                              "Parallel Aware": true,
                              "Relation Name": "movie_keyword",
                              "Alias": "mk",
                              "Startup Cost": 0.0,
                              "Total Cost": 39047.32,
                              "Plan Rows": 1459332,
                              "Plan Width": 4,
                              "Actual Startup Time": 0.036,
                              "Actual Total Time": 60.59,
                              "Actual Rows": 646276,
                              "Actual Loops": 7
                            },
                            {
                              "Node Type": "Hash",
                              "Parent Relationship": "Inner",
                              "Parallel Aware": true,
                              "Startup Cost": 45479.59,
                              "Total Cost": 45479.59,
                              "Plan Rows": 140720,
                              "Plan Width": 4,
                              "Actual Startup Time": 114.855,
                              "Actual Total Time": 114.856,
                              "Actual Rows": 68167,
                              "Actual Loops": 7,
                              "Hash Buckets": 1048576,
                              "Original Hash Buckets": 1048576,
                              "Hash Batches": 1,
                              "Original Hash Batches": 1,
                              "Peak Memory Usage": 26976,
                              "Plans": [
                                {
                                  "Node Type": "Seq Scan",
                                  "Parent Relationship": "Outer",
                                  "Parallel Aware": true,
                                  "Relation Name": "title",
                                  "Alias": "t",
                                  "Startup Cost": 0.0,
                                  "Total Cost": 45479.59,
                                  "Plan Rows": 140720,
                                  "Plan Width": 4,
                                  "Actual Startup Time": 0.064,
                                  "Actual Total Time": 76.882,
                                  "Actual Rows": 68167,
                                  "Actual Loops": 7,
                                  "Filter": "((kind_id < 7) AND (production_year > 1999))",
                                  "Rows Removed by Filter": 293021
                                }
                              ]
                            }
                          ]
                        }
                      ]
                    }
                  ]
                }
              ]
            }
          ]
        }
      ]
    },
    "Planning Time": 0.622,
    "Triggers": [],
    "Execution Time": 1447.42
  }
]