{
  "Plan": {
    "Node Type": "Aggregate",
    "Strategy": "Plain",
    "Partial Mode": "Finalize",
    "Parallel Aware": false,
    "Startup Cost": 75440.93,
    "Total Cost": 75440.94,
    "Plan Rows": 1,
    "Plan Width": 8,
    "Actual Startup Time": 239.906,
    "Actual Total Time": 253.193,
    "Actual Rows": 1,
    "Actual Loops": 1,
    "Plans": [
      {
        "Node Type": "Gather",
        "Parent Relationship": "Outer",
        "Parallel Aware": false,
        "Startup Cost": 75440.81,
        "Total Cost": 75440.92,
        "Plan Rows": 1,
        "Plan Width": 8,
        "Actual Startup Time": 239.699,
        "Actual Total Time": 253.186,
        "Actual Rows": 2,
        "Actual Loops": 1,
        "Workers Planned": 1,
        "Workers Launched": 1,
        "Single Copy": false,
        "Plans": [
          {
            "Node Type": "Aggregate",
            "Strategy": "Plain",
            "Partial Mode": "Partial",
            "Parent Relationship": "Outer",
            "Parallel Aware": false,
            "Startup Cost": 74440.81,
            "Total Cost": 74440.82,
            "Plan Rows": 1,
            "Plan Width": 8,
            "Actual Startup Time": 235.667,
            "Actual Total Time": 235.67,
            "Actual Rows": 1,
            "Actual Loops": 2,
            "Plans": [
              {
                "Node Type": "Hash Join",
                "Parent Relationship": "Outer",
                "Parallel Aware": true,
                "Join Type": "Inner",
                "Startup Cost": 54915.58,
                "Total Cost": 74417.03,
                "Plan Rows": 9515,
                "Plan Width": 0,
                "Actual Startup Time": 142.979,
                "Actual Total Time": 235.205,
                "Actual Rows": 9593,
                "Actual Loops": 2,
                "Inner Unique": true,
                "Hash Cond": "(mi_idx.movie_id = t.id)",
                "Plans": [
                  {
                    "Node Type": "Seq Scan",
                    "Parent Relationship": "Outer",
                    "Parallel Aware": true,
                    "Relation Name": "movie_info_idx",
                    "Alias": "mi_idx",
                    "Startup Cost": 0.0,
                    "Total Cost": 18082.32,
                    "Plan Rows": 540622,
                    "Plan Width": 4,
                    "Actual Startup Time": 0.019,
                    "Actual Total Time": 55.809,
                    "Actual Rows": 459925,
                    "Actual Loops": 2,
                    "Filter": "(info_type_id < 101)",
                    "Rows Removed by Filter": 230092
                  },
                  {
                    "Node Type": "Hash",
                    "Parent Relationship": "Inner",
                    "Parallel Aware": true,
                    "Startup Cost": 54588.39,
                    "Total Cost": 54588.39,
                    "Plan Rows": 26175,
                    "Plan Width": 4,
                    "Actual Startup Time": 141.149,
                    "Actual Total Time": 141.149,
                    "Actual Rows": 23292,
                    "Actual Loops": 2,
                    "Hash Buckets": 65536,
                    "Original Hash Buckets": 65536,
                    "Hash Batches": 1,
                    "Original Hash Batches": 1,
                    "Peak Memory Usage": 2368,
                    "Plans": [
                      {
                        "Node Type": "Seq Scan",
                        "Parent Relationship": "Outer",
                        "Parallel Aware": true,
                        "Relation Name": "title",
                        "Alias": "t",
                        "Startup Cost": 0.0,
                        "Total Cost": 54588.39,
                        "Plan Rows": 26175,
                        "Plan Width": 4,
                        "Actual Startup Time": 0.043,
                        "Actual Total Time": 133.889,
                        "Actual Rows": 23292,
                        "Actual Loops": 2,
                        "Filter": "(production_year = 1998)",
                        "Rows Removed by Filter": 1240864
                      }
                    ]
                  }
                ]
              }
            ]
          }
        ]
      }
    ]
  },
  "Planning Time": 0.436,
  "Triggers": [],
  "Execution Time": 253.267
}