[
    {
        "Bao": {
            "Bao prediction": 457.741,
            "Bao recommended hint": "SET enable_mergejoin TO off; "
        }
    },
    {
        "Plan": {
            "Node Type": "Aggregate",
            "Strategy": "Plain",
            "Partial Mode": "Finalize",
            "Parallel Aware": false,
            "Startup Cost": 33187.64,
            "Total Cost": 33187.65,
            "Plan Rows": 1,
            "Plan Width": 8,
            "Actual Startup Time": 130.66,
            "Actual Total Time": 137.189,
            "Actual Rows": 1,
            "Actual Loops": 1,
            "Output": [
                "count(*)"
            ],
            "Plans": [
                {
                    "Node Type": "Gather",
                    "Parent Relationship": "Outer",
                    "Parallel Aware": false,
                    "Startup Cost": 33187.32,
                    "Total Cost": 33187.63,
                    "Plan Rows": 3,
                    "Plan Width": 8,
                    "Actual Startup Time": 130.499,
                    "Actual Total Time": 137.175,
                    "Actual Rows": 4,
                    "Actual Loops": 1,
                    "Output": [
                        "(PARTIAL count(*))"
                    ],
                    "Workers Planned": 3,
                    "Workers Launched": 3,
                    "Single Copy": false,
                    "Plans": [
                        {
                            "Node Type": "Aggregate",
                            "Strategy": "Plain",
                            "Partial Mode": "Partial",
                            "Parent Relationship": "Outer",
                            "Parallel Aware": false,
                            "Startup Cost": 32187.32,
                            "Total Cost": 32187.33,
                            "Plan Rows": 1,
                            "Plan Width": 8,
                            "Actual Startup Time": 121.996,
                            "Actual Total Time": 121.998,
                            "Actual Rows": 1,
                            "Actual Loops": 4,
                            "Output": [
                                "PARTIAL count(*)"
                            ],
                            "Workers": [
                                {
                                    "Worker Number": 0,
                                    "Actual Startup Time": 119.38,
                                    "Actual Total Time": 119.382,
                                    "Actual Rows": 1,
                                    "Actual Loops": 1
                                },
                                {
                                    "Worker Number": 1,
                                    "Actual Startup Time": 119.396,
                                    "Actual Total Time": 119.398,
                                    "Actual Rows": 1,
                                    "Actual Loops": 1
                                },
                                {
                                    "Worker Number": 2,
                                    "Actual Startup Time": 119.411,
                                    "Actual Total Time": 119.412,
                                    "Actual Rows": 1,
                                    "Actual Loops": 1
                                }
                            ],
                            "Plans": [
                                {
                                    "Node Type": "Seq Scan",
                                    "Parent Relationship": "Outer",
                                    "Parallel Aware": true,
                                    "Relation Name": "movie_companies",
                                    "Schema": "public",
                                    "Alias": "mc",
                                    "Startup Cost": 0.0,
                                    "Total Cost": 31414.82,
                                    "Plan Rows": 309002,
                                    "Plan Width": 0,
                                    "Actual Startup Time": 0.598,
                                    "Actual Total Time": 107.673,
                                    "Actual Rows": 200791,
                                    "Actual Loops": 4,
                                    "Output": [
                                        "id",
                                        "movie_id",
                                        "company_id",
                                        "company_type_id",
                                        "note"
                                    ],
                                    "Filter": "((mc.company_id > 917) AND (mc.company_type_id < 2))",
                                    "Rows Removed by Filter": 451491,
                                    "Workers": [
                                        {
                                            "Worker Number": 0,
                                            "Actual Startup Time": 0.126,
                                            "Actual Total Time": 105.707,
                                            "Actual Rows": 193553,
                                            "Actual Loops": 1
                                        },
                                        {
                                            "Worker Number": 1,
                                            "Actual Startup Time": 0.143,
                                            "Actual Total Time": 105.86,
                                            "Actual Rows": 190998,
                                            "Actual Loops": 1
                                        },
                                        {
                                            "Worker Number": 2,
                                            "Actual Startup Time": 0.078,
                                            "Actual Total Time": 105.713,
                                            "Actual Rows": 193040,
                                            "Actual Loops": 1
                                        }
                                    ]
                                }
                            ]
                        }
                    ]
                }
            ]
        },
        "Planning Time": 1637.467,
        "Triggers": [],
        "Execution Time": 137.318
    }
]