[
    {
        "Bao": {
            "Bao prediction": "NaN",
            "Bao recommended hint": "(no hint)"
        }
    },
    {
        "Plan": {
            "Node Type": "Aggregate",
            "Strategy": "Plain",
            "Partial Mode": "Simple",
            "Parallel Aware": false,
            "Startup Cost": 21956.73,
            "Total Cost": 21956.74,
            "Plan Rows": 1,
            "Plan Width": 8,
            "Actual Startup Time": 31.353,
            "Actual Total Time": 31.354,
            "Actual Rows": 1,
            "Actual Loops": 1,
            "Output": [
                "count(*)"
            ],
            "Plans": [
                {
                    "Node Type": "Bitmap Heap Scan",
                    "Parent Relationship": "Outer",
                    "Parallel Aware": false,
                    "Relation Name": "movie_companies",
                    "Schema": "public",
                    "Alias": "mc",
                    "Startup Cost": 1872.91,
                    "Total Cost": 21741.09,
                    "Plan Rows": 86255,
                    "Plan Width": 0,
                    "Actual Startup Time": 5.401,
                    "Actual Total Time": 25.637,
                    "Actual Rows": 88197,
                    "Actual Loops": 1,
                    "Recheck Cond": "(mc.company_id > 164825)",
                    "Rows Removed by Index Recheck": 0,
                    "Exact Heap Blocks": 2909,
                    "Lossy Heap Blocks": 0,
                    "Plans": [
                        {
                            "Node Type": "Bitmap Index Scan",
                            "Parent Relationship": "Outer",
                            "Parallel Aware": false,
                            "Index Name": "company_id_movie_companies",
                            "Startup Cost": 0.0,
                            "Total Cost": 1851.34,
                            "Plan Rows": 86255,
                            "Plan Width": 0,
                            "Actual Startup Time": 4.942,
                            "Actual Total Time": 4.943,
                            "Actual Rows": 88197,
                            "Actual Loops": 1,
                            "Index Cond": "(mc.company_id > 164825)"
                        }
                    ]
                }
            ]
        },
        "Planning Time": 305.486,
        "Triggers": [],
        "Execution Time": 31.401
    }
]