{
    "Plan": {
        "Node Type": "Aggregate",
        "Strategy": "Plain",
        "Partial Mode": "Finalize",
        "Parallel Aware": false,
        "Startup Cost": 107909.0,
        "Total Cost": 107909.01,
        "Plan Rows": 1,
        "Plan Width": 8,
        "Actual Startup Time": 601.314,
        "Actual Total Time": 622.647,
        "Actual Rows": 1,
        "Actual Loops": 1,
        "Output": [
            "count(*)"
        ],
        "Plans": [
            {
                "Node Type": "Gather",
                "Parent Relationship": "Outer",
                "Parallel Aware": false,
                "Startup Cost": 107908.58,
                "Total Cost": 107908.99,
                "Plan Rows": 4,
                "Plan Width": 8,
                "Actual Startup Time": 590.706,
                "Actual Total Time": 622.633,
                "Actual Rows": 5,
                "Actual Loops": 1,
                "Output": [
                    "(PARTIAL count(*))"
                ],
                "Workers Planned": 4,
                "Workers Launched": 4,
                "Single Copy": false,
                "Plans": [
                    {
                        "Node Type": "Aggregate",
                        "Strategy": "Plain",
                        "Partial Mode": "Partial",
                        "Parent Relationship": "Outer",
                        "Parallel Aware": false,
                        "Startup Cost": 106908.58,
                        "Total Cost": 106908.59,
                        "Plan Rows": 1,
                        "Plan Width": 8,
                        "Actual Startup Time": 580.229,
                        "Actual Total Time": 580.374,
                        "Actual Rows": 1,
                        "Actual Loops": 5,
                        "Output": [
                            "PARTIAL count(*)"
                        ],
                        "Workers": [
                            {
                                "Worker Number": 0,
                                "Actual Startup Time": 578.267,
                                "Actual Total Time": 578.273,
                                "Actual Rows": 1,
                                "Actual Loops": 1
                            },
                            {
                                "Worker Number": 1,
                                "Actual Startup Time": 577.652,
                                "Actual Total Time": 577.658,
                                "Actual Rows": 1,
                                "Actual Loops": 1
                            },
                            {
                                "Worker Number": 2,
                                "Actual Startup Time": 577.661,
                                "Actual Total Time": 577.668,
                                "Actual Rows": 1,
                                "Actual Loops": 1
                            },
                            {
                                "Worker Number": 3,
                                "Actual Startup Time": 577.856,
                                "Actual Total Time": 577.863,
                                "Actual Rows": 1,
                                "Actual Loops": 1
                            }
                        ],
                        "Plans": [
                            {
                                "Node Type": "Hash Join",
                                "Parent Relationship": "Outer",
                                "Parallel Aware": true,
                                "Join Type": "Inner",
                                "Startup Cost": 61522.63,
                                "Total Cost": 106719.18,
                                "Plan Rows": 75759,
                                "Plan Width": 0,
                                "Actual Startup Time": 339.493,
                                "Actual Total Time": 573.138,
                                "Actual Rows": 106011,
                                "Actual Loops": 5,
                                "Inner Unique": false,
                                "Hash Cond": "(t.id = mc.movie_id)",
                                "Workers": [
                                    {
                                        "Worker Number": 0,
                                        "Actual Startup Time": 337.116,
                                        "Actual Total Time": 570.817,
                                        "Actual Rows": 108045,
                                        "Actual Loops": 1
                                    },
                                    {
                                        "Worker Number": 1,
                                        "Actual Startup Time": 337.114,
                                        "Actual Total Time": 570.329,
                                        "Actual Rows": 104752,
                                        "Actual Loops": 1
                                    },
                                    {
                                        "Worker Number": 2,
                                        "Actual Startup Time": 336.949,
                                        "Actual Total Time": 570.34,
                                        "Actual Rows": 105799,
                                        "Actual Loops": 1
                                    },
                                    {
                                        "Worker Number": 3,
                                        "Actual Startup Time": 337.276,
                                        "Actual Total Time": 570.964,
                                        "Actual Rows": 98992,
                                        "Actual Loops": 1
                                    }
                                ],
                                "Plans": [
                                    {
                                        "Node Type": "Seq Scan",
                                        "Parent Relationship": "Outer",
                                        "Parallel Aware": true,
                                        "Relation Name": "title",
                                        "Schema": "public",
                                        "Alias": "t",
                                        "Startup Cost": 0.0,
                                        "Total Cost": 42318.81,
                                        "Plan Rows": 632080,
                                        "Plan Width": 4,
                                        "Actual Startup Time": 0.032,
                                        "Actual Total Time": 86.848,
                                        "Actual Rows": 505662,
                                        "Actual Loops": 5,
                                        "Output": [
                                            "t.id",
                                            "t.title",
                                            "t.imdb_index",
                                            "t.kind_id",
                                            "t.production_year",
                                            "t.imdb_id",
                                            "t.phonetic_code",
                                            "t.episode_of_id",
                                            "t.season_nr",
                                            "t.episode_nr",
                                            "t.series_years",
                                            "t.md5sum"
                                        ],
                                        "Workers": [
                                            {
                                                "Worker Number": 0,
                                                "Actual Startup Time": 0.035,
                                                "Actual Total Time": 90.176,
                                                "Actual Rows": 510593,
                                                "Actual Loops": 1
                                            },
                                            {
                                                "Worker Number": 1,
                                                "Actual Startup Time": 0.041,
                                                "Actual Total Time": 90.039,
                                                "Actual Rows": 495941,
                                                "Actual Loops": 1
                                            },
                                            {
                                                "Worker Number": 2,
                                                "Actual Startup Time": 0.034,
                                                "Actual Total Time": 90.755,
                                                "Actual Rows": 505037,
                                                "Actual Loops": 1
                                            },
                                            {
                                                "Worker Number": 3,
                                                "Actual Startup Time": 0.036,
                                                "Actual Total Time": 89.615,
                                                "Actual Rows": 461188,
                                                "Actual Loops": 1
                                            }
                                        ]
                                    },
                                    {
                                        "Node Type": "Hash",
                                        "Parent Relationship": "Inner",
                                        "Parallel Aware": true,
                                        "Startup Cost": 58985.42,
                                        "Total Cost": 58985.42,
                                        "Plan Rows": 202977,
                                        "Plan Width": 8,
                                        "Actual Startup Time": 335.059,
                                        "Actual Total Time": 335.202,
                                        "Actual Rows": 106011,
                                        "Actual Loops": 5,
                                        "Output": [
                                            "mc.movie_id",
                                            "ci.movie_id"
                                        ],
                                        "Hash Buckets": 1048576,
                                        "Original Hash Buckets": 1048576,
                                        "Hash Batches": 1,
                                        "Original Hash Batches": 1,
                                        "Peak Memory Usage": 29024,
                                        "Workers": [
                                            {
                                                "Worker Number": 0,
                                                "Actual Startup Time": 336.401,
                                                "Actual Total Time": 336.405,
                                                "Actual Rows": 106920,
                                                "Actual Loops": 1
                                            },
                                            {
                                                "Worker Number": 1,
                                                "Actual Startup Time": 336.344,
                                                "Actual Total Time": 336.348,
                                                "Actual Rows": 103912,
                                                "Actual Loops": 1
                                            },
                                            {
                                                "Worker Number": 2,
                                                "Actual Startup Time": 336.427,
                                                "Actual Total Time": 336.432,
                                                "Actual Rows": 108540,
                                                "Actual Loops": 1
                                            },
                                            {
                                                "Worker Number": 3,
                                                "Actual Startup Time": 336.565,
                                                "Actual Total Time": 336.57,
                                                "Actual Rows": 101485,
                                                "Actual Loops": 1
                                            }
                                        ],
                                        "Plans": [
                                            {
                                                "Node Type": "Hash Join",
                                                "Parent Relationship": "Outer",
                                                "Parallel Aware": true,
                                                "Join Type": "Inner",
                                                "Startup Cost": 35231.15,
                                                "Total Cost": 58985.42,
                                                "Plan Rows": 202977,
                                                "Plan Width": 8,
                                                "Actual Startup Time": 164.985,
                                                "Actual Total Time": 289.255,
                                                "Actual Rows": 106011,
                                                "Actual Loops": 5,
                                                "Output": [
                                                    "mc.movie_id",
                                                    "ci.movie_id"
                                                ],
                                                "Inner Unique": false,
                                                "Hash Cond": "(ci.movie_id = mc.movie_id)",
                                                "Workers": [
                                                    {
                                                        "Worker Number": 0,
                                                        "Actual Startup Time": 164.98,
                                                        "Actual Total Time": 289.247,
                                                        "Actual Rows": 106920,
                                                        "Actual Loops": 1
                                                    },
                                                    {
                                                        "Worker Number": 1,
                                                        "Actual Startup Time": 164.823,
                                                        "Actual Total Time": 290.088,
                                                        "Actual Rows": 103912,
                                                        "Actual Loops": 1
                                                    },
                                                    {
                                                        "Worker Number": 2,
                                                        "Actual Startup Time": 164.951,
                                                        "Actual Total Time": 288.459,
                                                        "Actual Rows": 108540,
                                                        "Actual Loops": 1
                                                    },
                                                    {
                                                        "Worker Number": 3,
                                                        "Actual Startup Time": 165.017,
                                                        "Actual Total Time": 290.35,
                                                        "Actual Rows": 101485,
                                                        "Actual Loops": 1
                                                    }
                                                ],
                                                "Plans": [
                                                    {
                                                        "Node Type": "Index Scan",
                                                        "Parent Relationship": "Outer",
                                                        "Parallel Aware": true,
                                                        "Scan Direction": "Forward",
                                                        "Index Name": "role_id_cast_info",
                                                        "Relation Name": "cast_info",
                                                        "Schema": "public",
                                                        "Alias": "ci",
                                                        "Startup Cost": 0.56,
                                                        "Total Cost": 22088.01,
                                                        "Plan Rows": 202411,
                                                        "Plan Width": 4,
                                                        "Actual Startup Time": 0.23,
                                                        "Actual Total Time": 44.561,
                                                        "Actual Rows": 154735,
                                                        "Actual Loops": 5,
                                                        "Output": [
                                                            "ci.id",
                                                            "ci.person_id",
                                                            "ci.movie_id",
                                                            "ci.person_role_id",
                                                            "ci.note",
                                                            "ci.nr_order",
                                                            "ci.role_id"
                                                        ],
                                                        "Index Cond": "(ci.role_id = 6)",
                                                        "Rows Removed by Index Recheck": 0,
                                                        "Workers": [
                                                            {
                                                                "Worker Number": 0,
                                                                "Actual Startup Time": 0.082,
                                                                "Actual Total Time": 47.236,
                                                                "Actual Rows": 157950,
                                                                "Actual Loops": 1
                                                            },
                                                            {
                                                                "Worker Number": 1,
                                                                "Actual Startup Time": 0.173,
                                                                "Actual Total Time": 47.461,
                                                                "Actual Rows": 155220,
                                                                "Actual Loops": 1
                                                            },
                                                            {
                                                                "Worker Number": 2,
                                                                "Actual Startup Time": 0.293,
                                                                "Actual Total Time": 46.694,
                                                                "Actual Rows": 156000,
                                                                "Actual Loops": 1
                                                            },
                                                            {
                                                                "Worker Number": 3,
                                                                "Actual Startup Time": 0.304,
                                                                "Actual Total Time": 45.787,
                                                                "Actual Rows": 144604,
                                                                "Actual Loops": 1
                                                            }
                                                        ]
                                                    },
                                                    {
                                                        "Node Type": "Hash",
                                                        "Parent Relationship": "Inner",
                                                        "Parallel Aware": true,
                                                        "Startup Cost": 31414.82,
                                                        "Total Cost": 31414.82,
                                                        "Plan Rows": 305261,
                                                        "Plan Width": 4,
                                                        "Actual Startup Time": 162.523,
                                                        "Actual Total Time": 162.525,
                                                        "Actual Rows": 157412,
                                                        "Actual Loops": 5,
                                                        "Output": [
                                                            "mc.movie_id"
                                                        ],
                                                        "Hash Buckets": 1048576,
                                                        "Original Hash Buckets": 1048576,
                                                        "Hash Batches": 1,
                                                        "Original Hash Batches": 1,
                                                        "Peak Memory Usage": 39040,
                                                        "Workers": [
                                                            {
                                                                "Worker Number": 0,
                                                                "Actual Startup Time": 164.549,
                                                                "Actual Total Time": 164.55,
                                                                "Actual Rows": 150329,
                                                                "Actual Loops": 1
                                                            },
                                                            {
                                                                "Worker Number": 1,
                                                                "Actual Startup Time": 164.61,
                                                                "Actual Total Time": 164.612,
                                                                "Actual Rows": 151341,
                                                                "Actual Loops": 1
                                                            },
                                                            {
                                                                "Worker Number": 2,
                                                                "Actual Startup Time": 164.598,
                                                                "Actual Total Time": 164.6,
                                                                "Actual Rows": 153745,
                                                                "Actual Loops": 1
                                                            },
                                                            {
                                                                "Worker Number": 3,
                                                                "Actual Startup Time": 164.572,
                                                                "Actual Total Time": 164.574,
                                                                "Actual Rows": 149251,
                                                                "Actual Loops": 1
                                                            }
                                                        ],
                                                        "Plans": [
                                                            {
                                                                "Node Type": "Seq Scan",
                                                                "Parent Relationship": "Outer",
                                                                "Parallel Aware": true,
                                                                "Relation Name": "movie_companies",
                                                                "Schema": "public",
                                                                "Alias": "mc",
                                                                "Startup Cost": 0.0,
                                                                "Total Cost": 31414.82,
                                                                "Plan Rows": 305261,
                                                                "Plan Width": 4,
                                                                "Actual Startup Time": 0.693,
                                                                "Actual Total Time": 91.704,
                                                                "Actual Rows": 157412,
                                                                "Actual Loops": 5,
                                                                "Output": [
                                                                    "mc.movie_id"
                                                                ],
                                                                "Filter": "((mc.company_id > 1151) AND (mc.company_type_id < 2))",
                                                                "Rows Removed by Filter": 364413,
                                                                "Workers": [
                                                                    {
                                                                        "Worker Number": 0,
                                                                        "Actual Startup Time": 0.696,
                                                                        "Actual Total Time": 91.771,
                                                                        "Actual Rows": 150329,
                                                                        "Actual Loops": 1
                                                                    },
                                                                    {
                                                                        "Worker Number": 1,
                                                                        "Actual Startup Time": 0.685,
                                                                        "Actual Total Time": 92.909,
                                                                        "Actual Rows": 151341,
                                                                        "Actual Loops": 1
                                                                    },
                                                                    {
                                                                        "Worker Number": 2,
                                                                        "Actual Startup Time": 0.659,
                                                                        "Actual Total Time": 92.932,
                                                                        "Actual Rows": 153745,
                                                                        "Actual Loops": 1
                                                                    },
                                                                    {
                                                                        "Worker Number": 3,
                                                                        "Actual Startup Time": 0.722,
                                                                        "Actual Total Time": 92.653,
                                                                        "Actual Rows": 149251,
                                                                        "Actual Loops": 1
                                                                    }
                                                                ]
                                                            }
                                                        ]
                                                    }
                                                ]
                                            }
                                        ]
                                    }
                                ]
                            }
                        ]
                    }
                ]
            }
        ]
    },
    "Planning Time": 1.615,
    "Triggers": [],
    "Execution Time": 622.752
}