{
  "Plan": {
    "Node Type": "Aggregate",
    "Strategy": "Plain",
    "Partial Mode": "Finalize",
    "Parallel Aware": false,
    "Startup Cost": 101876.1,
    "Total Cost": 101876.11,
    "Plan Rows": 1,
    "Plan Width": 8,
    "Actual Startup Time": 152.459,
    "Actual Total Time": 162.891,
    "Actual Rows": 1,
    "Actual Loops": 1,
    "Plans": [
      {
        "Node Type": "Gather",
        "Parent Relationship": "Outer",
        "Parallel Aware": false,
        "Startup Cost": 101875.99,
        "Total Cost": 101876.1,
        "Plan Rows": 1,
        "Plan Width": 8,
        "Actual Startup Time": 152.317,
        "Actual Total Time": 162.884,
        "Actual Rows": 2,
        "Actual Loops": 1,
        "Workers Planned": 1,
        "Workers Launched": 1,
        "Single Copy": false,
        "Plans": [
          {
            "Node Type": "Aggregate",
            "Strategy": "Plain",
            "Partial Mode": "Partial",
            "Parent Relationship": "Outer",
            "Parallel Aware": false,
            "Startup Cost": 100875.99,
            "Total Cost": 100876.0,
            "Plan Rows": 1,
            "Plan Width": 8,
            "Actual Startup Time": 148.583,
            "Actual Total Time": 148.585,
            "Actual Rows": 1,
            "Actual Loops": 2,
            "Plans": [
              {
                "Node Type": "Nested Loop",
                "Parent Relationship": "Outer",
                "Parallel Aware": false,
                "Join Type": "Inner",
                "Startup Cost": 0.43,
                "Total Cost": 100853.34,
                "Plan Rows": 9058,
                "Plan Width": 0,
                "Actual Startup Time": 0.412,
                "Actual Total Time": 148.483,
                "Actual Rows": 1606,
                "Actual Loops": 2,
                "Inner Unique": false,
                "Plans": [
                  {
                    "Node Type": "Seq Scan",
                    "Parent Relationship": "Outer",
                    "Parallel Aware": true,
                    "Relation Name": "title",
                    "Alias": "t",
                    "Startup Cost": 0.0,
                    "Total Cost": 58306.47,
                    "Plan Rows": 5062,
                    "Plan Width": 4,
                    "Actual Startup Time": 0.18,
                    "Actual Total Time": 136.4,
                    "Actual Rows": 4244,
                    "Actual Loops": 2,
                    "Filter": "((kind_id = 7) AND (production_year = 1969))",
                    "Rows Removed by Filter": 1259912
                  },
                  {
                    "Node Type": "Index Only Scan",
                    "Parent Relationship": "Inner",
                    "Parallel Aware": false,
                    "Scan Direction": "Forward",
                    "Index Name": "movie_id_movie_keyword",
                    "Relation Name": "movie_keyword",
                    "Alias": "mk",
                    "Startup Cost": 0.43,
                    "Total Cost": 7.96,
                    "Plan Rows": 45,
                    "Plan Width": 4,
                    "Actual Startup Time": 0.002,
                    "Actual Total Time": 0.003,
                    "Actual Rows": 0,
                    "Actual Loops": 8488,
                    "Index Cond": "(movie_id = t.id)",
                    "Rows Removed by Index Recheck": 0,
                    "Heap Fetches": 3212
                  }
                ]
              }
            ]
          }
        ]
      }
    ]
  },
  "Planning Time": 0.294,
  "Triggers": [],
  "Execution Time": 162.947
}