[
  {
    "Plan": {
      "Node Type": "Aggregate",
      "Strategy": "Plain",
      "Partial Mode": "Finalize",
      "Parallel Aware": false,
      "Startup Cost": 71347.73,
      "Total Cost": 71347.74,
      "Plan Rows": 1,
      "Plan Width": 8,
      "Actual Startup Time": 109.655,
      "Actual Total Time": 125.666,
      "Actual Rows": 1,
      "Actual Loops": 1,
      "Plans": [
        {
          "Node Type": "Gather",
          "Parent Relationship": "Outer",
          "Parallel Aware": false,
          "Startup Cost": 71347.41,
          "Total Cost": 71347.72,
          "Plan Rows": 3,
          "Plan Width": 8,
          "Actual Startup Time": 109.368,
          "Actual Total Time": 125.654,
          "Actual Rows": 4,
          "Actual Loops": 1,
          "Workers Planned": 3,
          "Workers Launched": 3,
          "Single Copy": false,
          "Plans": [
            {
              "Node Type": "Aggregate",
              "Strategy": "Plain",
              "Partial Mode": "Partial",
              "Parent Relationship": "Outer",
              "Parallel Aware": false,
              "Startup Cost": 70347.41,
              "Total Cost": 70347.42,
              "Plan Rows": 1,
              "Plan Width": 8,
              "Actual Startup Time": 105.167,
              "Actual Total Time": 105.171,
              "Actual Rows": 1,
              "Actual Loops": 4,
              "Plans": [
                {
                  "Node Type": "Hash Join",
                  "Parent Relationship": "Outer",
                  "Parallel Aware": true,
                  "Join Type": "Inner",
                  "Startup Cost": 44851.82,
                  "Total Cost": 70347.09,
                  "Plan Rows": 129,
                  "Plan Width": 0,
                  "Actual Startup Time": 89.243,
                  "Actual Total Time": 105.151,
                  "Actual Rows": 92,
                  "Actual Loops": 4,
                  "Inner Unique": true,
                  "Hash Cond": "(mk.movie_id = t.id)",
                  "Plans": [
                    {
                      "Node Type": "Bitmap Heap Scan",
                      "Parent Relationship": "Outer",
                      "Parallel Aware": true,
                      "Relation Name": "movie_keyword",
                      "Alias": "mk",
                      "Startup Cost": 875.85,
                      "Total Cost": 26336.22,
                      "Plan Rows": 13295,
                      "Plan Width": 4,
                      "Actual Startup Time": 4.597,
                      "Actual Total Time": 18.797,
                      "Actual Rows": 7526,
                      "Actual Loops": 4,
                      "Recheck Cond": "(keyword_id < 37)",
                      "Rows Removed by Index Recheck": 0,
                      "Exact Heap Blocks": 5451,
                      "Lossy Heap Blocks": 0,
                      "Plans": [
                        {
                          "Node Type": "Bitmap Index Scan",
                          "Parent Relationship": "Outer",
                          "Parallel Aware": false,
                          "Index Name": "keyword_id_movie_keyword",
                          "Startup Cost": 0.0,
                          "Total Cost": 865.54,
                          "Plan Rows": 41215,
                          "Plan Width": 0,
                          "Actual Startup Time": 3.123,
                          "Actual Total Time": 3.124,
                          "Actual Rows": 30106,
                          "Actual Loops": 1,
                          "Index Cond": "(keyword_id < 37)"
                        }
                      ]
                    },
                    {
                      "Node Type": "Hash",
                      "Parent Relationship": "Inner",
                      "Parallel Aware": true,
                      "Startup Cost": 43899.32,
                      "Total Cost": 43899.32,
                      "Plan Rows": 6132,
                      "Plan Width": 4,
                      "Actual Startup Time": 84.05,
                      "Actual Total Time": 84.05,
                      "Actual Rows": 6694,
                      "Actual Loops": 4,
                      "Hash Buckets": 32768,
                      "Original Hash Buckets": 32768,
                      "Hash Batches": 1,
                      "Original Hash Batches": 1,
                      "Peak Memory Usage": 1376,
                      "Plans": [
                        {
                          "Node Type": "Seq Scan",
                          "Parent Relationship": "Outer",
                          "Parallel Aware": true,
                          "Relation Name": "title",
                          "Alias": "t",
                          "Startup Cost": 0.0,
                          "Total Cost": 43899.32,
                          "Plan Rows": 6132,
                          "Plan Width": 4,
                          "Actual Startup Time": 0.068,
                          "Actual Total Time": 81.178,
                          "Actual Rows": 6694,
                          "Actual Loops": 4,
                          "Filter": "(production_year = 1993)",
                          "Rows Removed by Filter": 625384
                        }
                      ]
                    }
                  ]
                }
              ]
            }
          ]
        }
      ]
    },
    "Planning Time": 0.383,
    "Triggers": [],
    "Execution Time": 125.731
  }
]