[
  {
    "Plan": {
      "Node Type": "Aggregate",
      "Strategy": "Plain",
      "Partial Mode": "Finalize",
      "Parallel Aware": false,
      "Startup Cost": 65378.85,
      "Total Cost": 65378.86,
      "Plan Rows": 1,
      "Plan Width": 8,
      "Actual Startup Time": 96.381,
      "Actual Total Time": 111.084,
      "Actual Rows": 1,
      "Actual Loops": 1,
      "Plans": [
        {
          "Node Type": "Gather",
          "Parent Relationship": "Outer",
          "Parallel Aware": false,
          "Startup Cost": 65378.43,
          "Total Cost": 65378.84,
          "Plan Rows": 4,
          "Plan Width": 8,
          "Actual Startup Time": 96.221,
          "Actual Total Time": 111.076,
          "Actual Rows": 5,
          "Actual Loops": 1,
          "Workers Planned": 4,
          "Workers Launched": 4,
          "Single Copy": false,
          "Plans": [
            {
              "Node Type": "Aggregate",
              "Strategy": "Plain",
              "Partial Mode": "Partial",
              "Parent Relationship": "Outer",
              "Parallel Aware": false,
              "Startup Cost": 64378.43,
              "Total Cost": 64378.44,
              "Plan Rows": 1,
              "Plan Width": 8,
              "Actual Startup Time": 91.195,
              "Actual Total Time": 91.197,
              "Actual Rows": 1,
              "Actual Loops": 5,
              "Plans": [
                {
                  "Node Type": "Nested Loop",
                  "Parent Relationship": "Outer",
                  "Parallel Aware": false,
                  "Join Type": "Inner",
                  "Startup Cost": 0.43,
                  "Total Cost": 64372.45,
                  "Plan Rows": 2390,
                  "Plan Width": 0,
                  "Actual Startup Time": 49.416,
                  "Actual Total Time": 90.907,
                  "Actual Rows": 5300,
                  "Actual Loops": 5,
                  "Inner Unique": false,
                  "Plans": [
                    {
                      "Node Type": "Seq Scan",
                      "Parent Relationship": "Outer",
                      "Parallel Aware": true,
                      "Relation Name": "title",
                      "Alias": "t",
                      "Startup Cost": 0.0,
                      "Total Cost": 45479.59,
                      "Plan Rows": 2278,
                      "Plan Width": 4,
                      "Actual Startup Time": 48.234,
                      "Actual Total Time": 76.938,
                      "Actual Rows": 1172,
                      "Actual Loops": 5,
                      "Filter": "((kind_id = 1) AND (production_year = 1996))",
                      "Rows Removed by Filter": 504490
                    },
                    {
                      "Node Type": "Index Scan",
                      "Parent Relationship": "Inner",
                      "Parallel Aware": false,
                      "Scan Direction": "Forward",
                      "Index Name": "movie_id_movie_keyword",
                      "Relation Name": "movie_keyword",
                      "Alias": "mk",
                      "Startup Cost": 0.43,
                      "Total Cost": 8.02,
                      "Plan Rows": 27,
                      "Plan Width": 4,
                      "Actual Startup Time": 0.01,
                      "Actual Total Time": 0.011,
                      "Actual Rows": 5,
                      "Actual Loops": 5862,
                      "Index Cond": "(movie_id = t.id)",
                      "Rows Removed by Index Recheck": 0,
                      "Filter": "(keyword_id < 7431)",
                      "Rows Removed by Filter": 3
                    }
                  ]
                }
              ]
            }
          ]
        }
      ]
    },
    "Planning Time": 0.262,
    "Triggers": [],
    "Execution Time": 111.121
  }
]