{
  "Plan": {
    "Node Type": "Aggregate",
    "Strategy": "Plain",
    "Partial Mode": "Finalize",
    "Parallel Aware": false,
    "Startup Cost": 430990.72,
    "Total Cost": 430990.73,
    "Plan Rows": 1,
    "Plan Width": 8,
    "Actual Startup Time": 1590.293,
    "Actual Total Time": 1609.579,
    "Actual Rows": 1,
    "Actual Loops": 1,
    "Plans": [
      {
        "Node Type": "Gather",
        "Parent Relationship": "Outer",
        "Parallel Aware": false,
        "Startup Cost": 430990.61,
        "Total Cost": 430990.72,
        "Plan Rows": 1,
        "Plan Width": 8,
        "Actual Startup Time": 1584.731,
        "Actual Total Time": 1609.57,
        "Actual Rows": 2,
        "Actual Loops": 1,
        "Workers Planned": 1,
        "Workers Launched": 1,
        "Single Copy": false,
        "Plans": [
          {
            "Node Type": "Aggregate",
            "Strategy": "Plain",
            "Partial Mode": "Partial",
            "Parent Relationship": "Outer",
            "Parallel Aware": false,
            "Startup Cost": 429990.61,
            "Total Cost": 429990.62,
            "Plan Rows": 1,
            "Plan Width": 8,
            "Actual Startup Time": 1576.8,
            "Actual Total Time": 1576.803,
            "Actual Rows": 1,
            "Actual Loops": 2,
            "Plans": [
              {
                "Node Type": "Hash Join",
                "Parent Relationship": "Outer",
                "Parallel Aware": true,
                "Join Type": "Inner",
                "Startup Cost": 142853.4,
                "Total Cost": 425104.05,
                "Plan Rows": 1954621,
                "Plan Width": 0,
                "Actual Startup Time": 632.594,
                "Actual Total Time": 1508.329,
                "Actual Rows": 1711306,
                "Actual Loops": 2,
                "Inner Unique": true,
                "Hash Cond": "(ci.movie_id = t.id)",
                "Plans": [
                  {
                    "Node Type": "Bitmap Heap Scan",
                    "Parent Relationship": "Outer",
                    "Parallel Aware": true,
                    "Relation Name": "cast_info",
                    "Alias": "ci",
                    "Startup Cost": 73392.7,
                    "Total Cost": 350512.46,
                    "Plan Rows": 1954621,
                    "Plan Width": 4,
                    "Actual Startup Time": 129.007,
                    "Actual Total Time": 294.88,
                    "Actual Rows": 1711306,
                    "Actual Loops": 2,
                    "Recheck Cond": "(person_id < 329173)",
                    "Rows Removed by Index Recheck": 0,
                    "Exact Heap Blocks": 18438,
                    "Lossy Heap Blocks": 0,
                    "Plans": [
                      {
                        "Node Type": "Bitmap Index Scan",
                        "Parent Relationship": "Outer",
                        "Parallel Aware": false,
                        "Index Name": "person_id_cast_info",
                        "Startup Cost": 0.0,
                        "Total Cost": 72561.99,
                        "Plan Rows": 3322856,
                        "Plan Width": 0,
                        "Actual Startup Time": 123.152,
                        "Actual Total Time": 123.152,
                        "Actual Rows": 3422611,
                        "Actual Loops": 1,
                        "Index Cond": "(person_id < 329173)"
                      }
                    ]
                  },
                  {
                    "Node Type": "Hash",
                    "Parent Relationship": "Inner",
                    "Parallel Aware": true,
                    "Startup Cost": 50870.31,
                    "Total Cost": 50870.31,
                    "Plan Rows": 1487231,
                    "Plan Width": 4,
                    "Actual Startup Time": 487.273,
                    "Actual Total Time": 487.274,
                    "Actual Rows": 1264156,
                    "Actual Loops": 2,
                    "Hash Buckets": 4194304,
                    "Original Hash Buckets": 4194304,
                    "Hash Batches": 1,
                    "Original Hash Batches": 1,
                    "Peak Memory Usage": 131680,
                    "Plans": [
                      {
                        "Node Type": "Seq Scan",
                        "Parent Relationship": "Outer",
                        "Parallel Aware": true,
                        "Relation Name": "title",
                        "Alias": "t",
                        "Startup Cost": 0.0,
                        "Total Cost": 50870.31,
                        "Plan Rows": 1487231,
                        "Plan Width": 4,
                        "Actual Startup Time": 0.039,
                        "Actual Total Time": 147.88,
                        "Actual Rows": 1264156,
                        "Actual Loops": 2
                      }
                    ]
                  }
                ]
              }
            ]
          }
        ]
      }
    ]
  },
  "Planning Time": 0.413,
  "Triggers": [],
  "Execution Time": 1609.64
}