[
    {
        "Bao": {
            "Bao prediction": "NaN",
            "Bao recommended hint": "(no hint)"
        }
    },
    {
        "Plan": {
            "Node Type": "Aggregate",
            "Strategy": "Plain",
            "Partial Mode": "Finalize",
            "Parallel Aware": false,
            "Startup Cost": 323776.73,
            "Total Cost": 323776.74,
            "Plan Rows": 1,
            "Plan Width": 8,
            "Actual Startup Time": 245.556,
            "Actual Total Time": 250.661,
            "Actual Rows": 1,
            "Actual Loops": 1,
            "Output": [
                "count(*)"
            ],
            "Plans": [
                {
                    "Node Type": "Gather",
                    "Parent Relationship": "Outer",
                    "Parallel Aware": false,
                    "Startup Cost": 323776.1,
                    "Total Cost": 323776.71,
                    "Plan Rows": 6,
                    "Plan Width": 8,
                    "Actual Startup Time": 244.647,
                    "Actual Total Time": 250.653,
                    "Actual Rows": 7,
                    "Actual Loops": 1,
                    "Output": [
                        "(PARTIAL count(*))"
                    ],
                    "Workers Planned": 6,
                    "Workers Launched": 6,
                    "Single Copy": false,
                    "Plans": [
                        {
                            "Node Type": "Aggregate",
                            "Strategy": "Plain",
                            "Partial Mode": "Partial",
                            "Parent Relationship": "Outer",
                            "Parallel Aware": false,
                            "Startup Cost": 322776.1,
                            "Total Cost": 322776.11,
                            "Plan Rows": 1,
                            "Plan Width": 8,
                            "Actual Startup Time": 234.522,
                            "Actual Total Time": 234.524,
                            "Actual Rows": 1,
                            "Actual Loops": 7,
                            "Output": [
                                "PARTIAL count(*)"
                            ],
                            "Workers": [
                                {
                                    "Worker Number": 0,
                                    "Actual Startup Time": 231.911,
                                    "Actual Total Time": 231.912,
                                    "Actual Rows": 1,
                                    "Actual Loops": 1
                                },
                                {
                                    "Worker Number": 1,
                                    "Actual Startup Time": 232.602,
                                    "Actual Total Time": 232.603,
                                    "Actual Rows": 1,
                                    "Actual Loops": 1
                                },
                                {
                                    "Worker Number": 2,
                                    "Actual Startup Time": 232.711,
                                    "Actual Total Time": 232.712,
                                    "Actual Rows": 1,
                                    "Actual Loops": 1
                                },
                                {
                                    "Worker Number": 3,
                                    "Actual Startup Time": 232.731,
                                    "Actual Total Time": 232.733,
                                    "Actual Rows": 1,
                                    "Actual Loops": 1
                                },
                                {
                                    "Worker Number": 4,
                                    "Actual Startup Time": 233.59,
                                    "Actual Total Time": 233.591,
                                    "Actual Rows": 1,
                                    "Actual Loops": 1
                                },
                                {
                                    "Worker Number": 5,
                                    "Actual Startup Time": 233.819,
                                    "Actual Total Time": 233.82,
                                    "Actual Rows": 1,
                                    "Actual Loops": 1
                                }
                            ],
                            "Plans": [
                                {
                                    "Node Type": "Bitmap Heap Scan",
                                    "Parent Relationship": "Outer",
                                    "Parallel Aware": true,
                                    "Relation Name": "cast_info",
                                    "Schema": "public",
                                    "Alias": "ci",
                                    "Startup Cost": 62334.91,
                                    "Total Cost": 322116.0,
                                    "Plan Rows": 264042,
                                    "Plan Width": 0,
                                    "Actual Startup Time": 110.951,
                                    "Actual Total Time": 217.463,
                                    "Actual Rows": 296297,
                                    "Actual Loops": 7,
                                    "Recheck Cond": "(ci.person_id < 280222)",
                                    "Rows Removed by Index Recheck": 0,
                                    "Filter": "(ci.role_id < 3)",
                                    "Rows Removed by Filter": 115502,
                                    "Exact Heap Blocks": 6527,
                                    "Lossy Heap Blocks": 0,
                                    "Workers": [
                                        {
                                            "Worker Number": 0,
                                            "Actual Startup Time": 108.781,
                                            "Actual Total Time": 215.527,
                                            "Actual Rows": 205211,
                                            "Actual Loops": 1
                                        },
                                        {
                                            "Worker Number": 1,
                                            "Actual Startup Time": 108.962,
                                            "Actual Total Time": 215.394,
                                            "Actual Rows": 280563,
                                            "Actual Loops": 1
                                        },
                                        {
                                            "Worker Number": 2,
                                            "Actual Startup Time": 109.167,
                                            "Actual Total Time": 215.718,
                                            "Actual Rows": 278369,
                                            "Actual Loops": 1
                                        },
                                        {
                                            "Worker Number": 3,
                                            "Actual Startup Time": 109.394,
                                            "Actual Total Time": 216.545,
                                            "Actual Rows": 285583,
                                            "Actual Loops": 1
                                        },
                                        {
                                            "Worker Number": 4,
                                            "Actual Startup Time": 109.948,
                                            "Actual Total Time": 216.555,
                                            "Actual Rows": 284385,
                                            "Actual Loops": 1
                                        },
                                        {
                                            "Worker Number": 5,
                                            "Actual Startup Time": 110.137,
                                            "Actual Total Time": 216.894,
                                            "Actual Rows": 279213,
                                            "Actual Loops": 1
                                        }
                                    ],
                                    "Plans": [
                                        {
                                            "Node Type": "Bitmap Index Scan",
                                            "Parent Relationship": "Outer",
                                            "Parallel Aware": false,
                                            "Index Name": "person_id_cast_info",
                                            "Startup Cost": 0.0,
                                            "Total Cost": 61938.84,
                                            "Plan Rows": 2837637,
                                            "Plan Width": 0,
                                            "Actual Startup Time": 115.514,
                                            "Actual Total Time": 115.514,
                                            "Actual Rows": 2882596,
                                            "Actual Loops": 1,
                                            "Index Cond": "(ci.person_id < 280222)"
                                        }
                                    ]
                                }
                            ]
                        }
                    ]
                }
            ]
        },
        "Planning Time": 195.531,
        "Triggers": [],
        "Execution Time": 250.715
    }
]