[
  {
    "Plan": {
      "Node Type": "Aggregate",
      "Strategy": "Plain",
      "Partial Mode": "Finalize",
      "Parallel Aware": false,
      "Startup Cost": 47335.74,
      "Total Cost": 47335.75,
      "Plan Rows": 1,
      "Plan Width": 8,
      "Actual Startup Time": 182.383,
      "Actual Total Time": 194.244,
      "Actual Rows": 1,
      "Actual Loops": 1,
      "Plans": [
        {
          "Node Type": "Gather",
          "Parent Relationship": "Outer",
          "Parallel Aware": false,
          "Startup Cost": 47335.42,
          "Total Cost": 47335.73,
          "Plan Rows": 3,
          "Plan Width": 8,
          "Actual Startup Time": 182.245,
          "Actual Total Time": 194.235,
          "Actual Rows": 4,
          "Actual Loops": 1,
          "Workers Planned": 3,
          "Workers Launched": 3,
          "Single Copy": false,
          "Plans": [
            {
              "Node Type": "Aggregate",
              "Strategy": "Plain",
              "Partial Mode": "Partial",
              "Parent Relationship": "Outer",
              "Parallel Aware": false,
              "Startup Cost": 46335.42,
              "Total Cost": 46335.43,
              "Plan Rows": 1,
              "Plan Width": 8,
              "Actual Startup Time": 174.307,
              "Actual Total Time": 174.308,
              "Actual Rows": 1,
              "Actual Loops": 4,
              "Plans": [
                {
                  "Node Type": "Seq Scan",
                  "Parent Relationship": "Outer",
                  "Parallel Aware": true,
                  "Relation Name": "movie_keyword",
                  "Alias": "mk",
                  "Startup Cost": 0.0,
                  "Total Cost": 42695.65,
                  "Plan Rows": 1455906,
                  "Plan Width": 0,
                  "Actual Startup Time": 0.051,
                  "Actual Total Time": 124.361,
                  "Actual Rows": 1128720,
                  "Actual Loops": 4,
                  "Filter": "(keyword_id < 125918)",
                  "Rows Removed by Filter": 2262
                }
              ]
            }
          ]
        }
      ]
    },
    "Planning Time": 0.111,
    "Triggers": [],
    "Execution Time": 194.272
  }
]