[
    {
        "Bao": {
            "Bao prediction": 519.399,
            "Bao recommended hint": "SET enable_mergejoin TO off; "
        }
    },
    {
        "Plan": {
            "Node Type": "Aggregate",
            "Strategy": "Plain",
            "Partial Mode": "Finalize",
            "Parallel Aware": false,
            "Startup Cost": 342435.51,
            "Total Cost": 342435.52,
            "Plan Rows": 1,
            "Plan Width": 8,
            "Actual Startup Time": 872.663,
            "Actual Total Time": 905.283,
            "Actual Rows": 1,
            "Actual Loops": 1,
            "Output": [
                "count(*)"
            ],
            "Plans": [
                {
                    "Node Type": "Gather",
                    "Parent Relationship": "Outer",
                    "Parallel Aware": false,
                    "Startup Cost": 342434.88,
                    "Total Cost": 342435.49,
                    "Plan Rows": 6,
                    "Plan Width": 8,
                    "Actual Startup Time": 872.566,
                    "Actual Total Time": 905.274,
                    "Actual Rows": 7,
                    "Actual Loops": 1,
                    "Output": [
                        "(PARTIAL count(*))"
                    ],
                    "Workers Planned": 6,
                    "Workers Launched": 6,
                    "Single Copy": false,
                    "Plans": [
                        {
                            "Node Type": "Aggregate",
                            "Strategy": "Plain",
                            "Partial Mode": "Partial",
                            "Parent Relationship": "Outer",
                            "Parallel Aware": false,
                            "Startup Cost": 341434.88,
                            "Total Cost": 341434.89,
                            "Plan Rows": 1,
                            "Plan Width": 8,
                            "Actual Startup Time": 863.024,
                            "Actual Total Time": 863.025,
                            "Actual Rows": 1,
                            "Actual Loops": 7,
                            "Output": [
                                "PARTIAL count(*)"
                            ],
                            "Workers": [
                                {
                                    "Worker Number": 0,
                                    "Actual Startup Time": 861.101,
                                    "Actual Total Time": 861.102,
                                    "Actual Rows": 1,
                                    "Actual Loops": 1
                                },
                                {
                                    "Worker Number": 1,
                                    "Actual Startup Time": 861.446,
                                    "Actual Total Time": 861.446,
                                    "Actual Rows": 1,
                                    "Actual Loops": 1
                                },
                                {
                                    "Worker Number": 2,
                                    "Actual Startup Time": 861.144,
                                    "Actual Total Time": 861.145,
                                    "Actual Rows": 1,
                                    "Actual Loops": 1
                                },
                                {
                                    "Worker Number": 3,
                                    "Actual Startup Time": 861.121,
                                    "Actual Total Time": 861.122,
                                    "Actual Rows": 1,
                                    "Actual Loops": 1
                                },
                                {
                                    "Worker Number": 4,
                                    "Actual Startup Time": 862.158,
                                    "Actual Total Time": 862.159,
                                    "Actual Rows": 1,
                                    "Actual Loops": 1
                                },
                                {
                                    "Worker Number": 5,
                                    "Actual Startup Time": 862.467,
                                    "Actual Total Time": 862.468,
                                    "Actual Rows": 1,
                                    "Actual Loops": 1
                                }
                            ],
                            "Plans": [
                                {
                                    "Node Type": "Seq Scan",
                                    "Parent Relationship": "Outer",
                                    "Parallel Aware": true,
                                    "Relation Name": "cast_info",
                                    "Schema": "public",
                                    "Alias": "ci",
                                    "Startup Cost": 0.0,
                                    "Total Cost": 328213.62,
                                    "Plan Rows": 5288506,
                                    "Plan Width": 0,
                                    "Actual Startup Time": 63.219,
                                    "Actual Total Time": 642.931,
                                    "Actual Rows": 4521037,
                                    "Actual Loops": 7,
                                    "Output": [
                                        "id",
                                        "person_id",
                                        "movie_id",
                                        "person_role_id",
                                        "note",
                                        "nr_order",
                                        "role_id"
                                    ],
                                    "Filter": "(ci.person_id > 444619)",
                                    "Rows Removed by Filter": 656727,
                                    "Workers": [
                                        {
                                            "Worker Number": 0,
                                            "Actual Startup Time": 61.301,
                                            "Actual Total Time": 641.439,
                                            "Actual Rows": 3337061,
                                            "Actual Loops": 1
                                        },
                                        {
                                            "Worker Number": 1,
                                            "Actual Startup Time": 61.646,
                                            "Actual Total Time": 642.334,
                                            "Actual Rows": 3330162,
                                            "Actual Loops": 1
                                        },
                                        {
                                            "Worker Number": 2,
                                            "Actual Startup Time": 61.348,
                                            "Actual Total Time": 641.55,
                                            "Actual Rows": 3336464,
                                            "Actual Loops": 1
                                        },
                                        {
                                            "Worker Number": 3,
                                            "Actual Startup Time": 61.314,
                                            "Actual Total Time": 643.791,
                                            "Actual Rows": 4969997,
                                            "Actual Loops": 1
                                        },
                                        {
                                            "Worker Number": 4,
                                            "Actual Startup Time": 62.354,
                                            "Actual Total Time": 651.64,
                                            "Actual Rows": 5198804,
                                            "Actual Loops": 1
                                        },
                                        {
                                            "Worker Number": 5,
                                            "Actual Startup Time": 62.66,
                                            "Actual Total Time": 651.381,
                                            "Actual Rows": 5203427,
                                            "Actual Loops": 1
                                        }
                                    ]
                                }
                            ]
                        }
                    ]
                }
            ]
        },
        "Planning Time": 1056.336,
        "Triggers": [],
        "Execution Time": 905.382
    }
]