{
  "Plan": {
    "Node Type": "Aggregate",
    "Strategy": "Plain",
    "Partial Mode": "Finalize",
    "Parallel Aware": false,
    "Startup Cost": 605781.59,
    "Total Cost": 605781.6,
    "Plan Rows": 1,
    "Plan Width": 8,
    "Actual Startup Time": 3252.547,
    "Actual Total Time": 3319.658,
    "Actual Rows": 1,
    "Actual Loops": 1,
    "Plans": [
      {
        "Node Type": "Gather",
        "Parent Relationship": "Outer",
        "Parallel Aware": false,
        "Startup Cost": 605781.47,
        "Total Cost": 605781.58,
        "Plan Rows": 1,
        "Plan Width": 8,
        "Actual Startup Time": 3252.27,
        "Actual Total Time": 3319.65,
        "Actual Rows": 2,
        "Actual Loops": 1,
        "Workers Planned": 1,
        "Workers Launched": 1,
        "Single Copy": false,
        "Plans": [
          {
            "Node Type": "Aggregate",
            "Strategy": "Plain",
            "Partial Mode": "Partial",
            "Parent Relationship": "Outer",
            "Parallel Aware": false,
            "Startup Cost": 604781.47,
            "Total Cost": 604781.48,
            "Plan Rows": 1,
            "Plan Width": 8,
            "Actual Startup Time": 3246.756,
            "Actual Total Time": 3246.76,
            "Actual Rows": 1,
            "Actual Loops": 2,
            "Plans": [
              {
                "Node Type": "Hash Join",
                "Parent Relationship": "Outer",
                "Parallel Aware": true,
                "Join Type": "Inner",
                "Startup Cost": 54778.63,
                "Total Cost": 604482.9,
                "Plan Rows": 119428,
                "Plan Width": 0,
                "Actual Startup Time": 163.896,
                "Actual Total Time": 3238.374,
                "Actual Rows": 124967,
                "Actual Loops": 2,
                "Inner Unique": true,
                "Hash Cond": "(ci.movie_id = t.id)",
                "Plans": [
                  {
                    "Node Type": "Seq Scan",
                    "Parent Relationship": "Outer",
                    "Parallel Aware": true,
                    "Relation Name": "cast_info",
                    "Alias": "ci",
                    "Startup Cost": 0.0,
                    "Total Cost": 519069.44,
                    "Plan Rows": 11670392,
                    "Plan Width": 4,
                    "Actual Startup Time": 0.016,
                    "Actual Total Time": 2010.854,
                    "Actual Rows": 10061330,
                    "Actual Loops": 2,
                    "Filter": "(role_id < 3)",
                    "Rows Removed by Filter": 8060842
                  },
                  {
                    "Node Type": "Hash",
                    "Parent Relationship": "Inner",
                    "Parallel Aware": true,
                    "Startup Cost": 54588.39,
                    "Total Cost": 54588.39,
                    "Plan Rows": 15219,
                    "Plan Width": 4,
                    "Actual Startup Time": 162.628,
                    "Actual Total Time": 162.629,
                    "Actual Rows": 13388,
                    "Actual Loops": 2,
                    "Hash Buckets": 32768,
                    "Original Hash Buckets": 32768,
                    "Hash Batches": 1,
                    "Original Hash Batches": 1,
                    "Peak Memory Usage": 1344,
                    "Plans": [
                      {
                        "Node Type": "Seq Scan",
                        "Parent Relationship": "Outer",
                        "Parallel Aware": true,
                        "Relation Name": "title",
                        "Alias": "t",
                        "Startup Cost": 0.0,
                        "Total Cost": 54588.39,
                        "Plan Rows": 15219,
                        "Plan Width": 4,
                        "Actual Startup Time": 0.042,
                        "Actual Total Time": 157.327,
                        "Actual Rows": 13388,
                        "Actual Loops": 2,
                        "Filter": "(production_year = 1993)",
                        "Rows Removed by Filter": 1250768
                      }
                    ]
                  }
                ]
              }
            ]
          }
        ]
      }
    ]
  },
  "Planning Time": 0.423,
  "Triggers": [],
  "Execution Time": 3319.743
}