{
  "Plan": {
    "Node Type": "Aggregate",
    "Strategy": "Plain",
    "Partial Mode": "Finalize",
    "Parallel Aware": false,
    "Startup Cost": 420471.55,
    "Total Cost": 420471.56,
    "Plan Rows": 1,
    "Plan Width": 8,
    "Actual Startup Time": 304.031,
    "Actual Total Time": 353.837,
    "Actual Rows": 1,
    "Actual Loops": 1,
    "Plans": [
      {
        "Node Type": "Gather",
        "Parent Relationship": "Outer",
        "Parallel Aware": false,
        "Startup Cost": 420471.44,
        "Total Cost": 420471.55,
        "Plan Rows": 1,
        "Plan Width": 8,
        "Actual Startup Time": 303.929,
        "Actual Total Time": 353.829,
        "Actual Rows": 2,
        "Actual Loops": 1,
        "Workers Planned": 1,
        "Workers Launched": 1,
        "Single Copy": false,
        "Plans": [
          {
            "Node Type": "Aggregate",
            "Strategy": "Plain",
            "Partial Mode": "Partial",
            "Parent Relationship": "Outer",
            "Parallel Aware": false,
            "Startup Cost": 419471.44,
            "Total Cost": 419471.45,
            "Plan Rows": 1,
            "Plan Width": 8,
            "Actual Startup Time": 301.048,
            "Actual Total Time": 301.05,
            "Actual Rows": 1,
            "Actual Loops": 2,
            "Plans": [
              {
                "Node Type": "Nested Loop",
                "Parent Relationship": "Outer",
                "Parallel Aware": false,
                "Join Type": "Inner",
                "Startup Cost": 0.56,
                "Total Cost": 419457.21,
                "Plan Rows": 5693,
                "Plan Width": 0,
                "Actual Startup Time": 3.137,
                "Actual Total Time": 300.02,
                "Actual Rows": 10728,
                "Actual Loops": 2,
                "Inner Unique": false,
                "Plans": [
                  {
                    "Node Type": "Seq Scan",
                    "Parent Relationship": "Outer",
                    "Parallel Aware": true,
                    "Relation Name": "title",
                    "Alias": "t",
                    "Startup Cost": 0.0,
                    "Total Cost": 58306.47,
                    "Plan Rows": 3266,
                    "Plan Width": 4,
                    "Actual Startup Time": 1.531,
                    "Actual Total Time": 145.935,
                    "Actual Rows": 3274,
                    "Actual Loops": 2,
                    "Filter": "((kind_id < 7) AND (production_year = 1979))",
                    "Rows Removed by Filter": 1260882
                  },
                  {
                    "Node Type": "Index Scan",
                    "Parent Relationship": "Inner",
                    "Parallel Aware": false,
                    "Scan Direction": "Forward",
                    "Index Name": "movie_id_cast_info",
                    "Relation Name": "cast_info",
                    "Alias": "ci",
                    "Startup Cost": 0.56,
                    "Total Cost": 110.54,
                    "Plan Rows": 4,
                    "Plan Width": 4,
                    "Actual Startup Time": 0.037,
                    "Actual Total Time": 0.046,
                    "Actual Rows": 3,
                    "Actual Loops": 6548,
                    "Index Cond": "(movie_id = t.id)",
                    "Rows Removed by Index Recheck": 0,
                    "Filter": "((person_id > 2743023) AND (role_id > 2))",
                    "Rows Removed by Filter": 13
                  }
                ]
              }
            ]
          }
        ]
      }
    ]
  },
  "Planning Time": 0.351,
  "Triggers": [],
  "Execution Time": 353.904
}