[
  {
    "Plan": {
      "Node Type": "Aggregate",
      "Strategy": "Plain",
      "Partial Mode": "Simple",
      "Parallel Aware": false,
      "Startup Cost": 37888.68,
      "Total Cost": 37888.69,
      "Plan Rows": 1,
      "Plan Width": 64,
      "Actual Startup Time": 177.085,
      "Actual Total Time": 190.127,
      "Actual Rows": 1,
      "Actual Loops": 1,
      "Plans": [
        {
          "Node Type": "Nested Loop",
          "Parent Relationship": "Outer",
          "Parallel Aware": false,
          "Join Type": "Inner",
          "Startup Cost": 1002.4,
          "Total Cost": 37888.67,
          "Plan Rows": 1,
          "Plan Width": 33,
          "Actual Startup Time": 140.405,
          "Actual Total Time": 190.089,
          "Actual Rows": 2,
          "Actual Loops": 1,
          "Inner Unique": true,
          "Plans": [
            {
              "Node Type": "Nested Loop",
              "Parent Relationship": "Outer",
              "Parallel Aware": false,
              "Join Type": "Inner",
              "Startup Cost": 1002.27,
              "Total Cost": 37888.48,
              "Plan Rows": 1,
              "Plan Width": 37,
              "Actual Startup Time": 140.387,
              "Actual Total Time": 190.067,
              "Actual Rows": 2,
              "Actual Loops": 1,
              "Inner Unique": false,
              "Plans": [
                {
                  "Node Type": "Nested Loop",
                  "Parent Relationship": "Outer",
                  "Parallel Aware": false,
                  "Join Type": "Inner",
                  "Startup Cost": 1001.85,
                  "Total Cost": 37886.59,
                  "Plan Rows": 1,
                  "Plan Width": 29,
                  "Actual Startup Time": 140.322,
                  "Actual Total Time": 189.994,
                  "Actual Rows": 2,
                  "Actual Loops": 1,
                  "Inner Unique": true,
                  "Plans": [
                    {
                      "Node Type": "Nested Loop",
                      "Parent Relationship": "Outer",
                      "Parallel Aware": false,
                      "Join Type": "Inner",
                      "Startup Cost": 1001.42,
                      "Total Cost": 37878.34,
                      "Plan Rows": 1,
                      "Plan Width": 25,
                      "Actual Startup Time": 18.187,
                      "Actual Total Time": 189.367,
                      "Actual Rows": 22,
                      "Actual Loops": 1,
                      "Inner Unique": false,
                      "Plans": [
                        {
                          "Node Type": "Gather",
                          "Parent Relationship": "Outer",
                          "Parallel Aware": false,
                          "Startup Cost": 1000.85,
                          "Total Cost": 37857.99,
                          "Plan Rows": 1,
                          "Plan Width": 25,
                          "Actual Startup Time": 14.183,
                          "Actual Total Time": 83.486,
                          "Actual Rows": 384,
                          "Actual Loops": 1,
                          "Workers Planned": 3,
                          "Workers Launched": 3,
                          "Single Copy": false,
                          "Plans": [
                            {
                              "Node Type": "Nested Loop",
                              "Parent Relationship": "Outer",
                              "Parallel Aware": false,
                              "Join Type": "Inner",
                              "Startup Cost": 0.85,
                              "Total Cost": 36857.89,
                              "Plan Rows": 1,
                              "Plan Width": 25,
                              "Actual Startup Time": 5.607,
                              "Actual Total Time": 140.959,
                              "Actual Rows": 96,
                              "Actual Loops": 4,
                              "Inner Unique": true,
                              "Plans": [
                                {
                                  "Node Type": "Nested Loop",
                                  "Parent Relationship": "Outer",
                                  "Parallel Aware": false,
                                  "Join Type": "Inner",
                                  "Startup Cost": 0.42,
                                  "Total Cost": 36816.28,
                                  "Plan Rows": 5,
                                  "Plan Width": 4,
                                  "Actual Startup Time": 0.414,
                                  "Actual Total Time": 116.108,
                                  "Actual Rows": 2124,
                                  "Actual Loops": 4,
                                  "Inner Unique": true,
                                  "Plans": [
                                    {
                                      "Node Type": "Seq Scan",
                                      "Parent Relationship": "Outer",
                                      "Parallel Aware": true,
                                      "Relation Name": "movie_companies",
                                      "Alias": "mc",
                                      "Startup Cost": 0.0,
                                      "Total Cost": 35623.09,
                                      "Plan Rows": 165,
                                      "Plan Width": 8,
                                      "Actual Startup Time": 0.197,
                                      "Actual Total Time": 104.149,
                                      "Actual Rows": 2142,
                                      "Actual Loops": 4,
                                      "Filter": "((note ~~ '%(Japan)%'::text) AND (note !~~ '%(USA)%'::text) AND ((note ~~ '%(2006)%'::text) OR (note ~~ '%(2007)%'::text)))",
                                      "Rows Removed by Filter": 650140
                                    },
                                    {
                                      "Node Type": "Index Scan",
                                      "Parent Relationship": "Inner",
                                      "Parallel Aware": false,
                                      "Scan Direction": "Forward",
                                      "Index Name": "company_name_pkey",
                                      "Relation Name": "company_name",
                                      "Alias": "cn",
                                      "Startup Cost": 0.42,
                                      "Total Cost": 7.23,
                                      "Plan Rows": 1,
                                      "Plan Width": 4,
                                      "Actual Startup Time": 0.005,
                                      "Actual Total Time": 0.005,
                                      "Actual Rows": 1,
                                      "Actual Loops": 8569,
                                      "Index Cond": "(id = mc.company_id)",
                                      "Rows Removed by Index Recheck": 0,
                                      "Filter": "((country_code)::text = '[jp]'::text)",
                                      "Rows Removed by Filter": 0
                                    }
                                  ]
                                },
                                {
                                  "Node Type": "Index Scan",
                                  "Parent Relationship": "Inner",
                                  "Parallel Aware": false,
                                  "Scan Direction": "Forward",
                                  "Index Name": "title_pkey",
                                  "Relation Name": "title",
                                  "Alias": "t",
                                  "Startup Cost": 0.43,
                                  "Total Cost": 8.32,
                                  "Plan Rows": 1,
                                  "Plan Width": 21,
                                  "Actual Startup Time": 0.011,
                                  "Actual Total Time": 0.011,
                                  "Actual Rows": 0,
                                  "Actual Loops": 8495,
                                  "Index Cond": "(id = mc.movie_id)",
                                  "Rows Removed by Index Recheck": 0,
                                  "Filter": "((title ~~ 'The%'::text) AND (production_year >= 2004) AND (production_year <= 2011))",
                                  "Rows Removed by Filter": 1
                                }
                              ]
                            }
                          ]
                        },
                        {
                          "Node Type": "Index Scan",
                          "Parent Relationship": "Inner",
                          "Parallel Aware": false,
                          "Scan Direction": "Forward",
                          "Index Name": "movie_id_cast_info",
                          "Relation Name": "cast_info",
                          "Alias": "ci",
                          "Startup Cost": 0.56,
                          "Total Cost": 20.34,
                          "Plan Rows": 1,
                          "Plan Width": 12,
                          "Actual Startup Time": 0.269,
                          "Actual Total Time": 0.275,
                          "Actual Rows": 0,
                          "Actual Loops": 384,
                          "Index Cond": "(movie_id = t.id)",
                          "Rows Removed by Index Recheck": 0,
                          "Filter": "(note = '(assistant accountant) (uncredited)'::text)",
                          "Rows Removed by Filter": 63
                        }
                      ]
                    },
                    {
                      "Node Type": "Index Scan",
                      "Parent Relationship": "Inner",
                      "Parallel Aware": false,
                      "Scan Direction": "Forward",
                      "Index Name": "name_pkey",
                      "Relation Name": "name",
                      "Alias": "n",
                      "Startup Cost": 0.43,
                      "Total Cost": 8.25,
                      "Plan Rows": 1,
                      "Plan Width": 4,
                      "Actual Startup Time": 0.027,
                      "Actual Total Time": 0.027,
                      "Actual Rows": 0,
                      "Actual Loops": 22,
                      "Index Cond": "(id = ci.person_id)",
                      "Rows Removed by Index Recheck": 0,
                      "Filter": "((name ~~ '%Yo%'::text) AND (name !~~ '%Yu%'::text))",
                      "Rows Removed by Filter": 1
                    }
                  ]
                },
                {
                  "Node Type": "Index Scan",
                  "Parent Relationship": "Inner",
                  "Parallel Aware": false,
                  "Scan Direction": "Forward",
                  "Index Name": "person_id_aka_name",
                  "Relation Name": "aka_name",
                  "Alias": "an",
                  "Startup Cost": 0.42,
                  "Total Cost": 1.86,
                  "Plan Rows": 2,
                  "Plan Width": 20,
                  "Actual Startup Time": 0.033,
                  "Actual Total Time": 0.033,
                  "Actual Rows": 1,
                  "Actual Loops": 2,
                  "Index Cond": "(person_id = n.id)",
                  "Rows Removed by Index Recheck": 0
                }
              ]
            },
            {
              "Node Type": "Index Scan",
              "Parent Relationship": "Inner",
              "Parallel Aware": false,
              "Scan Direction": "Forward",
              "Index Name": "role_type_pkey",
              "Relation Name": "role_type",
              "Alias": "rt",
              "Startup Cost": 0.14,
              "Total Cost": 0.16,
              "Plan Rows": 1,
              "Plan Width": 4,
              "Actual Startup Time": 0.009,
              "Actual Total Time": 0.009,
              "Actual Rows": 1,
              "Actual Loops": 2,
              "Index Cond": "(id = ci.role_id)",
              "Rows Removed by Index Recheck": 0,
              "Filter": "((role)::text = 'miscellaneous crew'::text)",
              "Rows Removed by Filter": 0
            }
          ]
        }
      ]
    },
    "Planning Time": 12.026,
    "Triggers": [],
    "Execution Time": 190.543
  }
]