{
  "Plan": {
    "Node Type": "Aggregate",
    "Strategy": "Plain",
    "Partial Mode": "Finalize",
    "Parallel Aware": false,
    "Startup Cost": 107478.87,
    "Total Cost": 107478.88,
    "Plan Rows": 1,
    "Plan Width": 8,
    "Actual Startup Time": 347.38,
    "Actual Total Time": 362.689,
    "Actual Rows": 1,
    "Actual Loops": 1,
    "Plans": [
      {
        "Node Type": "Gather",
        "Parent Relationship": "Outer",
        "Parallel Aware": false,
        "Startup Cost": 107478.76,
        "Total Cost": 107478.87,
        "Plan Rows": 1,
        "Plan Width": 8,
        "Actual Startup Time": 346.849,
        "Actual Total Time": 362.679,
        "Actual Rows": 2,
        "Actual Loops": 1,
        "Workers Planned": 1,
        "Workers Launched": 1,
        "Single Copy": false,
        "Plans": [
          {
            "Node Type": "Aggregate",
            "Strategy": "Plain",
            "Partial Mode": "Partial",
            "Parent Relationship": "Outer",
            "Parallel Aware": false,
            "Startup Cost": 106478.76,
            "Total Cost": 106478.77,
            "Plan Rows": 1,
            "Plan Width": 8,
            "Actual Startup Time": 341.484,
            "Actual Total Time": 341.487,
            "Actual Rows": 1,
            "Actual Loops": 2,
            "Plans": [
              {
                "Node Type": "Hash Join",
                "Parent Relationship": "Outer",
                "Parallel Aware": true,
                "Join Type": "Inner",
                "Startup Cost": 44846.82,
                "Total Cost": 106077.53,
                "Plan Rows": 160491,
                "Plan Width": 0,
                "Actual Startup Time": 295.772,
                "Actual Total Time": 341.283,
                "Actual Rows": 3093,
                "Actual Loops": 2,
                "Inner Unique": false,
                "Hash Cond": "(t.id = mc.movie_id)",
                "Plans": [
                  {
                    "Node Type": "Seq Scan",
                    "Parent Relationship": "Outer",
                    "Parallel Aware": true,
                    "Relation Name": "title",
                    "Alias": "t",
                    "Startup Cost": 0.0,
                    "Total Cost": 54588.39,
                    "Plan Rows": 911722,
                    "Plan Width": 4,
                    "Actual Startup Time": 0.022,
                    "Actual Total Time": 136.701,
                    "Actual Rows": 777932,
                    "Actual Loops": 2,
                    "Filter": "(kind_id > 4)",
                    "Rows Removed by Filter": 486224
                  },
                  {
                    "Node Type": "Hash",
                    "Parent Relationship": "Inner",
                    "Parallel Aware": true,
                    "Startup Cost": 41574.35,
                    "Total Cost": 41574.35,
                    "Plan Rows": 261797,
                    "Plan Width": 4,
                    "Actual Startup Time": 119.752,
                    "Actual Total Time": 119.753,
                    "Actual Rows": 64540,
                    "Actual Loops": 2,
                    "Hash Buckets": 524288,
                    "Original Hash Buckets": 524288,
                    "Hash Batches": 1,
                    "Original Hash Batches": 1,
                    "Peak Memory Usage": 9152,
                    "Plans": [
                      {
                        "Node Type": "Index Scan",
                        "Parent Relationship": "Outer",
                        "Parallel Aware": true,
                        "Scan Direction": "Forward",
                        "Index Name": "company_type_id_movie_companies",
                        "Relation Name": "movie_companies",
                        "Alias": "mc",
                        "Startup Cost": 0.43,
                        "Total Cost": 41574.35,
                        "Plan Rows": 261797,
                        "Plan Width": 4,
                        "Actual Startup Time": 48.487,
                        "Actual Total Time": 106.485,
                        "Actual Rows": 64540,
                        "Actual Loops": 2,
                        "Index Cond": "(company_type_id < 2)",
                        "Rows Removed by Index Recheck": 0,
                        "Filter": "(company_id > 20412)",
                        "Rows Removed by Filter": 572582
                      }
                    ]
                  }
                ]
              }
            ]
          }
        ]
      }
    ]
  },
  "Planning Time": 0.735,
  "Triggers": [],
  "Execution Time": 362.768
}