[
  {
    "Plan": {
      "Node Type": "Aggregate",
      "Strategy": "Plain",
      "Partial Mode": "Finalize",
      "Parallel Aware": false,
      "Startup Cost": 44623.84,
      "Total Cost": 44623.85,
      "Plan Rows": 1,
      "Plan Width": 8,
      "Actual Startup Time": 122.13,
      "Actual Total Time": 134.184,
      "Actual Rows": 1,
      "Actual Loops": 1,
      "Plans": [
        {
          "Node Type": "Gather",
          "Parent Relationship": "Outer",
          "Parallel Aware": false,
          "Startup Cost": 44623.53,
          "Total Cost": 44623.84,
          "Plan Rows": 3,
          "Plan Width": 8,
          "Actual Startup Time": 121.955,
          "Actual Total Time": 134.174,
          "Actual Rows": 4,
          "Actual Loops": 1,
          "Workers Planned": 3,
          "Workers Launched": 3,
          "Single Copy": false,
          "Plans": [
            {
              "Node Type": "Aggregate",
              "Strategy": "Plain",
              "Partial Mode": "Partial",
              "Parent Relationship": "Outer",
              "Parallel Aware": false,
              "Startup Cost": 43623.53,
              "Total Cost": 43623.54,
              "Plan Rows": 1,
              "Plan Width": 8,
              "Actual Startup Time": 116.867,
              "Actual Total Time": 116.869,
              "Actual Rows": 1,
              "Actual Loops": 4,
              "Plans": [
                {
                  "Node Type": "Seq Scan",
                  "Parent Relationship": "Outer",
                  "Parallel Aware": true,
                  "Relation Name": "movie_keyword",
                  "Alias": "mk",
                  "Startup Cost": 0.0,
                  "Total Cost": 42695.65,
                  "Plan Rows": 371149,
                  "Plan Width": 0,
                  "Actual Startup Time": 1.231,
                  "Actual Total Time": 103.205,
                  "Actual Rows": 288641,
                  "Actual Loops": 4,
                  "Filter": "(keyword_id > 16144)",
                  "Rows Removed by Filter": 842342
                }
              ]
            }
          ]
        }
      ]
    },
    "Planning Time": 0.095,
    "Triggers": [],
    "Execution Time": 134.213
  }
]