[
    {
        "Bao": {
            "Bao prediction": "NaN",
            "Bao recommended hint": "(no hint)"
        }
    },
    {
        "Plan": {
            "Node Type": "Aggregate",
            "Strategy": "Plain",
            "Partial Mode": "Finalize",
            "Parallel Aware": false,
            "Startup Cost": 346439.29,
            "Total Cost": 346439.3,
            "Plan Rows": 1,
            "Plan Width": 8,
            "Actual Startup Time": 650.318,
            "Actual Total Time": 683.483,
            "Actual Rows": 1,
            "Actual Loops": 1,
            "Output": [
                "count(*)"
            ],
            "Plans": [
                {
                    "Node Type": "Gather",
                    "Parent Relationship": "Outer",
                    "Parallel Aware": false,
                    "Startup Cost": 346438.66,
                    "Total Cost": 346439.27,
                    "Plan Rows": 6,
                    "Plan Width": 8,
                    "Actual Startup Time": 650.232,
                    "Actual Total Time": 683.474,
                    "Actual Rows": 7,
                    "Actual Loops": 1,
                    "Output": [
                        "(PARTIAL count(*))"
                    ],
                    "Workers Planned": 6,
                    "Workers Launched": 6,
                    "Single Copy": false,
                    "Plans": [
                        {
                            "Node Type": "Aggregate",
                            "Strategy": "Plain",
                            "Partial Mode": "Partial",
                            "Parent Relationship": "Outer",
                            "Parallel Aware": false,
                            "Startup Cost": 345438.66,
                            "Total Cost": 345438.67,
                            "Plan Rows": 1,
                            "Plan Width": 8,
                            "Actual Startup Time": 640.522,
                            "Actual Total Time": 640.523,
                            "Actual Rows": 1,
                            "Actual Loops": 7,
                            "Output": [
                                "PARTIAL count(*)"
                            ],
                            "Workers": [
                                {
                                    "Worker Number": 0,
                                    "Actual Startup Time": 638.295,
                                    "Actual Total Time": 638.296,
                                    "Actual Rows": 1,
                                    "Actual Loops": 1
                                },
                                {
                                    "Worker Number": 1,
                                    "Actual Startup Time": 638.392,
                                    "Actual Total Time": 638.393,
                                    "Actual Rows": 1,
                                    "Actual Loops": 1
                                },
                                {
                                    "Worker Number": 2,
                                    "Actual Startup Time": 639.071,
                                    "Actual Total Time": 639.072,
                                    "Actual Rows": 1,
                                    "Actual Loops": 1
                                },
                                {
                                    "Worker Number": 3,
                                    "Actual Startup Time": 639.219,
                                    "Actual Total Time": 639.22,
                                    "Actual Rows": 1,
                                    "Actual Loops": 1
                                },
                                {
                                    "Worker Number": 4,
                                    "Actual Startup Time": 639.098,
                                    "Actual Total Time": 639.098,
                                    "Actual Rows": 1,
                                    "Actual Loops": 1
                                },
                                {
                                    "Worker Number": 5,
                                    "Actual Startup Time": 639.743,
                                    "Actual Total Time": 639.744,
                                    "Actual Rows": 1,
                                    "Actual Loops": 1
                                }
                            ],
                            "Plans": [
                                {
                                    "Node Type": "Seq Scan",
                                    "Parent Relationship": "Outer",
                                    "Parallel Aware": true,
                                    "Relation Name": "cast_info",
                                    "Schema": "public",
                                    "Alias": "ci",
                                    "Startup Cost": 0.0,
                                    "Total Cost": 343318.94,
                                    "Plan Rows": 847890,
                                    "Plan Width": 0,
                                    "Actual Startup Time": 402.298,
                                    "Actual Total Time": 624.174,
                                    "Actual Rows": 307565,
                                    "Actual Loops": 7,
                                    "Output": [
                                        "id",
                                        "person_id",
                                        "movie_id",
                                        "person_role_id",
                                        "note",
                                        "nr_order",
                                        "role_id"
                                    ],
                                    "Filter": "((ci.person_id > 3014443) AND (ci.role_id < 7))",
                                    "Rows Removed by Filter": 4870199,
                                    "Workers": [
                                        {
                                            "Worker Number": 0,
                                            "Actual Startup Time": 400.068,
                                            "Actual Total Time": 622.247,
                                            "Actual Rows": 237119,
                                            "Actual Loops": 1
                                        },
                                        {
                                            "Worker Number": 1,
                                            "Actual Startup Time": 400.165,
                                            "Actual Total Time": 622.521,
                                            "Actual Rows": 234989,
                                            "Actual Loops": 1
                                        },
                                        {
                                            "Worker Number": 2,
                                            "Actual Startup Time": 400.851,
                                            "Actual Total Time": 622.812,
                                            "Actual Rows": 240947,
                                            "Actual Loops": 1
                                        },
                                        {
                                            "Worker Number": 3,
                                            "Actual Startup Time": 400.991,
                                            "Actual Total Time": 623.248,
                                            "Actual Rows": 385419,
                                            "Actual Loops": 1
                                        },
                                        {
                                            "Worker Number": 4,
                                            "Actual Startup Time": 400.878,
                                            "Actual Total Time": 623.858,
                                            "Actual Rows": 362616,
                                            "Actual Loops": 1
                                        },
                                        {
                                            "Worker Number": 5,
                                            "Actual Startup Time": 401.518,
                                            "Actual Total Time": 623.725,
                                            "Actual Rows": 386350,
                                            "Actual Loops": 1
                                        }
                                    ]
                                }
                            ]
                        }
                    ]
                }
            ]
        },
        "Planning Time": 324.619,
        "Triggers": [],
        "Execution Time": 683.54
    }
]