[
  {
    "Plan": {
      "Node Type": "Aggregate",
      "Strategy": "Plain",
      "Partial Mode": "Finalize",
      "Parallel Aware": false,
      "Startup Cost": 336888.9,
      "Total Cost": 336888.91,
      "Plan Rows": 1,
      "Plan Width": 8,
      "Actual Startup Time": 811.196,
      "Actual Total Time": 865.526,
      "Actual Rows": 1,
      "Actual Loops": 1,
      "Plans": [
        {
          "Node Type": "Gather",
          "Parent Relationship": "Outer",
          "Parallel Aware": false,
          "Startup Cost": 336888.27,
          "Total Cost": 336888.88,
          "Plan Rows": 6,
          "Plan Width": 8,
          "Actual Startup Time": 811.074,
          "Actual Total Time": 865.514,
          "Actual Rows": 7,
          "Actual Loops": 1,
          "Workers Planned": 6,
          "Workers Launched": 6,
          "Single Copy": false,
          "Plans": [
            {
              "Node Type": "Aggregate",
              "Strategy": "Plain",
              "Partial Mode": "Partial",
              "Parent Relationship": "Outer",
              "Parallel Aware": false,
              "Startup Cost": 335888.27,
              "Total Cost": 335888.28,
              "Plan Rows": 1,
              "Plan Width": 8,
              "Actual Startup Time": 802.432,
              "Actual Total Time": 802.434,
              "Actual Rows": 1,
              "Actual Loops": 7,
              "Plans": [
                {
                  "Node Type": "Seq Scan",
                  "Parent Relationship": "Outer",
                  "Parallel Aware": true,
                  "Relation Name": "cast_info",
                  "Alias": "ci",
                  "Startup Cost": 0.0,
                  "Total Cost": 328162.03,
                  "Plan Rows": 3090498,
                  "Plan Width": 0,
                  "Actual Startup Time": 214.606,
                  "Actual Total Time": 670.74,
                  "Actual Rows": 2644973,
                  "Actual Loops": 7,
                  "Filter": "(person_id > 1756005)",
                  "Rows Removed by Filter": 2532791
                }
              ]
            }
          ]
        }
      ]
    },
    "Planning Time": 0.238,
    "Triggers": [],
    "Execution Time": 865.599
  }
]