{
    "Plan": {
        "Node Type": "Aggregate",
        "Strategy": "Plain",
        "Partial Mode": "Finalize",
        "Parallel Aware": false,
        "Startup Cost": 246836.53,
        "Total Cost": 246836.54,
        "Plan Rows": 1,
        "Plan Width": 8,
        "Actual Startup Time": 427.292,
        "Actual Total Time": 470.815,
        "Actual Rows": 1,
        "Actual Loops": 1,
        "Output": [
            "count(*)"
        ],
        "Plans": [
            {
                "Node Type": "Gather",
                "Parent Relationship": "Outer",
                "Parallel Aware": false,
                "Startup Cost": 246836.01,
                "Total Cost": 246836.52,
                "Plan Rows": 5,
                "Plan Width": 8,
                "Actual Startup Time": 426.676,
                "Actual Total Time": 470.805,
                "Actual Rows": 6,
                "Actual Loops": 1,
                "Output": [
                    "(PARTIAL count(*))"
                ],
                "Workers Planned": 5,
                "Workers Launched": 5,
                "Single Copy": false,
                "Plans": [
                    {
                        "Node Type": "Aggregate",
                        "Strategy": "Plain",
                        "Partial Mode": "Partial",
                        "Parent Relationship": "Outer",
                        "Parallel Aware": false,
                        "Startup Cost": 245836.01,
                        "Total Cost": 245836.02,
                        "Plan Rows": 1,
                        "Plan Width": 8,
                        "Actual Startup Time": 416.56,
                        "Actual Total Time": 416.563,
                        "Actual Rows": 1,
                        "Actual Loops": 6,
                        "Output": [
                            "PARTIAL count(*)"
                        ],
                        "Workers": [
                            {
                                "Worker Number": 0,
                                "Actual Startup Time": 414.308,
                                "Actual Total Time": 414.311,
                                "Actual Rows": 1,
                                "Actual Loops": 1
                            },
                            {
                                "Worker Number": 1,
                                "Actual Startup Time": 414.356,
                                "Actual Total Time": 414.358,
                                "Actual Rows": 1,
                                "Actual Loops": 1
                            },
                            {
                                "Worker Number": 2,
                                "Actual Startup Time": 414.734,
                                "Actual Total Time": 414.737,
                                "Actual Rows": 1,
                                "Actual Loops": 1
                            },
                            {
                                "Worker Number": 3,
                                "Actual Startup Time": 414.624,
                                "Actual Total Time": 414.626,
                                "Actual Rows": 1,
                                "Actual Loops": 1
                            },
                            {
                                "Worker Number": 4,
                                "Actual Startup Time": 415.472,
                                "Actual Total Time": 415.474,
                                "Actual Rows": 1,
                                "Actual Loops": 1
                            }
                        ],
                        "Plans": [
                            {
                                "Node Type": "Hash Join",
                                "Parent Relationship": "Outer",
                                "Parallel Aware": true,
                                "Join Type": "Inner",
                                "Startup Cost": 45747.51,
                                "Total Cost": 245798.17,
                                "Plan Rows": 15134,
                                "Plan Width": 0,
                                "Actual Startup Time": 100.281,
                                "Actual Total Time": 416.199,
                                "Actual Rows": 5394,
                                "Actual Loops": 6,
                                "Inner Unique": true,
                                "Hash Cond": "(mi.movie_id = t.id)",
                                "Workers": [
                                    {
                                        "Worker Number": 0,
                                        "Actual Startup Time": 97.976,
                                        "Actual Total Time": 413.932,
                                        "Actual Rows": 5079,
                                        "Actual Loops": 1
                                    },
                                    {
                                        "Worker Number": 1,
                                        "Actual Startup Time": 98.073,
                                        "Actual Total Time": 413.99,
                                        "Actual Rows": 5194,
                                        "Actual Loops": 1
                                    },
                                    {
                                        "Worker Number": 2,
                                        "Actual Startup Time": 98.289,
                                        "Actual Total Time": 414.408,
                                        "Actual Rows": 4431,
                                        "Actual Loops": 1
                                    },
                                    {
                                        "Worker Number": 3,
                                        "Actual Startup Time": 98.546,
                                        "Actual Total Time": 414.282,
                                        "Actual Rows": 4516,
                                        "Actual Loops": 1
                                    },
                                    {
                                        "Worker Number": 4,
                                        "Actual Startup Time": 99.153,
                                        "Actual Total Time": 415.096,
                                        "Actual Rows": 5189,
                                        "Actual Loops": 1
                                    }
                                ],
                                "Plans": [
                                    {
                                        "Node Type": "Seq Scan",
                                        "Parent Relationship": "Outer",
                                        "Parallel Aware": true,
                                        "Relation Name": "movie_info",
                                        "Schema": "public",
                                        "Alias": "mi",
                                        "Startup Cost": 0.0,
                                        "Total Cost": 198880.74,
                                        "Plan Rows": 445687,
                                        "Plan Width": 4,
                                        "Actual Startup Time": 15.238,
                                        "Actual Total Time": 290.63,
                                        "Actual Rows": 372308,
                                        "Actual Loops": 6,
                                        "Output": [
                                            "mi.id",
                                            "mi.movie_id",
                                            "mi.info_type_id",
                                            "mi.info",
                                            "mi.note"
                                        ],
                                        "Filter": "(mi.info_type_id > 16)",
                                        "Rows Removed by Filter": 2100312,
                                        "Workers": [
                                            {
                                                "Worker Number": 0,
                                                "Actual Startup Time": 15.172,
                                                "Actual Total Time": 292.291,
                                                "Actual Rows": 351535,
                                                "Actual Loops": 1
                                            },
                                            {
                                                "Worker Number": 1,
                                                "Actual Startup Time": 15.288,
                                                "Actual Total Time": 292.53,
                                                "Actual Rows": 352538,
                                                "Actual Loops": 1
                                            },
                                            {
                                                "Worker Number": 2,
                                                "Actual Startup Time": 15.17,
                                                "Actual Total Time": 292.208,
                                                "Actual Rows": 318509,
                                                "Actual Loops": 1
                                            },
                                            {
                                                "Worker Number": 3,
                                                "Actual Startup Time": 15.257,
                                                "Actual Total Time": 292.4,
                                                "Actual Rows": 318865,
                                                "Actual Loops": 1
                                            },
                                            {
                                                "Worker Number": 4,
                                                "Actual Startup Time": 15.255,
                                                "Actual Total Time": 292.752,
                                                "Actual Rows": 351096,
                                                "Actual Loops": 1
                                            }
                                        ]
                                    },
                                    {
                                        "Node Type": "Hash",
                                        "Parent Relationship": "Inner",
                                        "Parallel Aware": true,
                                        "Startup Cost": 45479.21,
                                        "Total Cost": 45479.21,
                                        "Plan Rows": 21464,
                                        "Plan Width": 4,
                                        "Actual Startup Time": 83.296,
                                        "Actual Total Time": 83.297,
                                        "Actual Rows": 16966,
                                        "Actual Loops": 6,
                                        "Output": [
                                            "t.id"
                                        ],
                                        "Hash Buckets": 131072,
                                        "Original Hash Buckets": 131072,
                                        "Hash Batches": 1,
                                        "Original Hash Batches": 1,
                                        "Peak Memory Usage": 5120,
                                        "Workers": [
                                            {
                                                "Worker Number": 0,
                                                "Actual Startup Time": 82.045,
                                                "Actual Total Time": 82.047,
                                                "Actual Rows": 15092,
                                                "Actual Loops": 1
                                            },
                                            {
                                                "Worker Number": 1,
                                                "Actual Startup Time": 82.066,
                                                "Actual Total Time": 82.067,
                                                "Actual Rows": 15074,
                                                "Actual Loops": 1
                                            },
                                            {
                                                "Worker Number": 2,
                                                "Actual Startup Time": 82.29,
                                                "Actual Total Time": 82.291,
                                                "Actual Rows": 14125,
                                                "Actual Loops": 1
                                            },
                                            {
                                                "Worker Number": 3,
                                                "Actual Startup Time": 82.29,
                                                "Actual Total Time": 82.291,
                                                "Actual Rows": 14711,
                                                "Actual Loops": 1
                                            },
                                            {
                                                "Worker Number": 4,
                                                "Actual Startup Time": 83.196,
                                                "Actual Total Time": 83.196,
                                                "Actual Rows": 15584,
                                                "Actual Loops": 1
                                            }
                                        ],
                                        "Plans": [
                                            {
                                                "Node Type": "Seq Scan",
                                                "Parent Relationship": "Outer",
                                                "Parallel Aware": true,
                                                "Relation Name": "title",
                                                "Schema": "public",
                                                "Alias": "t",
                                                "Startup Cost": 0.0,
                                                "Total Cost": 45479.21,
                                                "Plan Rows": 21464,
                                                "Plan Width": 4,
                                                "Actual Startup Time": 0.064,
                                                "Actual Total Time": 75.174,
                                                "Actual Rows": 16966,
                                                "Actual Loops": 6,
                                                "Output": [
                                                    "t.id"
                                                ],
                                                "Filter": "((t.kind_id > 1) AND (t.production_year = 2007))",
                                                "Rows Removed by Filter": 404420,
                                                "Workers": [
                                                    {
                                                        "Worker Number": 0,
                                                        "Actual Startup Time": 0.072,
                                                        "Actual Total Time": 73.797,
                                                        "Actual Rows": 15092,
                                                        "Actual Loops": 1
                                                    },
                                                    {
                                                        "Worker Number": 1,
                                                        "Actual Startup Time": 0.069,
                                                        "Actual Total Time": 73.771,
                                                        "Actual Rows": 15074,
                                                        "Actual Loops": 1
                                                    },
                                                    {
                                                        "Worker Number": 2,
                                                        "Actual Startup Time": 0.065,
                                                        "Actual Total Time": 74.226,
                                                        "Actual Rows": 14125,
                                                        "Actual Loops": 1
                                                    },
                                                    {
                                                        "Worker Number": 3,
                                                        "Actual Startup Time": 0.06,
                                                        "Actual Total Time": 74.89,
                                                        "Actual Rows": 14711,
                                                        "Actual Loops": 1
                                                    },
                                                    {
                                                        "Worker Number": 4,
                                                        "Actual Startup Time": 0.074,
                                                        "Actual Total Time": 75.901,
                                                        "Actual Rows": 15584,
                                                        "Actual Loops": 1
                                                    }
                                                ]
                                            }
                                        ]
                                    }
                                ]
                            }
                        ]
                    }
                ]
            }
        ]
    },
    "Planning Time": 0.758,
    "Triggers": [],
    "Execution Time": 470.89
}