{
  "Plan": {
    "Node Type": "Aggregate",
    "Strategy": "Plain",
    "Partial Mode": "Finalize",
    "Parallel Aware": false,
    "Startup Cost": 160627.31,
    "Total Cost": 160627.32,
    "Plan Rows": 1,
    "Plan Width": 8,
    "Actual Startup Time": 1312.169,
    "Actual Total Time": 1331.071,
    "Actual Rows": 1,
    "Actual Loops": 1,
    "Plans": [
      {
        "Node Type": "Gather",
        "Parent Relationship": "Outer",
        "Parallel Aware": false,
        "Startup Cost": 160627.19,
        "Total Cost": 160627.3,
        "Plan Rows": 1,
        "Plan Width": 8,
        "Actual Startup Time": 1306.745,
        "Actual Total Time": 1331.065,
        "Actual Rows": 2,
        "Actual Loops": 1,
        "Workers Planned": 1,
        "Workers Launched": 1,
        "Single Copy": false,
        "Plans": [
          {
            "Node Type": "Aggregate",
            "Strategy": "Plain",
            "Partial Mode": "Partial",
            "Parent Relationship": "Outer",
            "Parallel Aware": false,
            "Startup Cost": 159627.19,
            "Total Cost": 159627.2,
            "Plan Rows": 1,
            "Plan Width": 8,
            "Actual Startup Time": 1300.463,
            "Actual Total Time": 1300.469,
            "Actual Rows": 1,
            "Actual Loops": 2,
            "Plans": [
              {
                "Node Type": "Hash Join",
                "Parent Relationship": "Outer",
                "Parallel Aware": true,
                "Join Type": "Inner",
                "Startup Cost": 91750.8,
                "Total Cost": 158275.31,
                "Plan Rows": 540753,
                "Plan Width": 0,
                "Actual Startup Time": 737.372,
                "Actual Total Time": 1201.731,
                "Actual Rows": 2438898,
                "Actual Loops": 2,
                "Inner Unique": false,
                "Hash Cond": "(mk.movie_id = t.id)",
                "Plans": [
                  {
                    "Node Type": "Seq Scan",
                    "Parent Relationship": "Outer",
                    "Parallel Aware": true,
                    "Relation Name": "movie_keyword",
                    "Alias": "mk",
                    "Startup Cost": 0.0,
                    "Total Cost": 57718.19,
                    "Plan Rows": 1500111,
                    "Plan Width": 4,
                    "Actual Startup Time": 0.36,
                    "Actual Total Time": 181.57,
                    "Actual Rows": 1270764,
                    "Actual Loops": 2,
                    "Filter": "(keyword_id > 3503)",
                    "Rows Removed by Filter": 991202
                  },
                  {
                    "Node Type": "Hash",
                    "Parent Relationship": "Inner",
                    "Parallel Aware": true,
                    "Startup Cost": 85049.43,
                    "Total Cost": 85049.43,
                    "Plan Rows": 536110,
                    "Plan Width": 8,
                    "Actual Startup Time": 728.032,
                    "Actual Total Time": 728.036,
                    "Actual Rows": 534353,
                    "Actual Loops": 2,
                    "Hash Buckets": 2097152,
                    "Original Hash Buckets": 1048576,
                    "Hash Batches": 1,
                    "Original Hash Batches": 1,
                    "Peak Memory Usage": 66432,
                    "Plans": [
                      {
                        "Node Type": "Hash Join",
                        "Parent Relationship": "Outer",
                        "Parallel Aware": true,
                        "Join Type": "Inner",
                        "Startup Cost": 66865.64,
                        "Total Cost": 85049.43,
                        "Plan Rows": 536110,
                        "Plan Width": 8,
                        "Actual Startup Time": 389.192,
                        "Actual Total Time": 599.3,
                        "Actual Rows": 534353,
                        "Actual Loops": 2,
                        "Inner Unique": true,
                        "Hash Cond": "(mi_idx.movie_id = t.id)",
                        "Plans": [
                          {
                            "Node Type": "Seq Scan",
                            "Parent Relationship": "Outer",
                            "Parallel Aware": true,
                            "Relation Name": "movie_info_idx",
                            "Alias": "mi_idx",
                            "Startup Cost": 0.0,
                            "Total Cost": 16052.85,
                            "Plan Rows": 811785,
                            "Plan Width": 4,
                            "Actual Startup Time": 0.016,
                            "Actual Total Time": 50.537,
                            "Actual Rows": 690018,
                            "Actual Loops": 2
                          },
                          {
                            "Node Type": "Hash",
                            "Parent Relationship": "Inner",
                            "Parallel Aware": true,
                            "Startup Cost": 54588.39,
                            "Total Cost": 54588.39,
                            "Plan Rows": 982180,
                            "Plan Width": 4,
                            "Actual Startup Time": 380.188,
                            "Actual Total Time": 380.189,
                            "Actual Rows": 835646,
                            "Actual Loops": 2,
                            "Hash Buckets": 2097152,
                            "Original Hash Buckets": 2097152,
                            "Hash Batches": 1,
                            "Original Hash Batches": 1,
                            "Peak Memory Usage": 81792,
                            "Plans": [
                              {
                                "Node Type": "Seq Scan",
                                "Parent Relationship": "Outer",
                                "Parallel Aware": true,
                                "Relation Name": "title",
                                "Alias": "t",
                                "Startup Cost": 0.0,
                                "Total Cost": 54588.39,
                                "Plan Rows": 982180,
                                "Plan Width": 4,
                                "Actual Startup Time": 0.031,
                                "Actual Total Time": 164.347,
                                "Actual Rows": 835646,
                                "Actual Loops": 2,
                                "Filter": "(production_year < 2008)",
                                "Rows Removed by Filter": 428510
                              }
                            ]
                          }
                        ]
                      }
                    ]
                  }
                ]
              }
            ]
          }
        ]
      }
    ]
  },
  "Planning Time": 0.997,
  "Triggers": [],
  "Execution Time": 1331.147
}