[
  {
    "Plan": {
      "Node Type": "Aggregate",
      "Strategy": "Plain",
      "Partial Mode": "Finalize",
      "Parallel Aware": false,
      "Startup Cost": 255445.46,
      "Total Cost": 255445.47,
      "Plan Rows": 1,
      "Plan Width": 8,
      "Actual Startup Time": 934.713,
      "Actual Total Time": 974.577,
      "Actual Rows": 1,
      "Actual Loops": 1,
      "Plans": [
        {
          "Node Type": "Gather",
          "Parent Relationship": "Outer",
          "Parallel Aware": false,
          "Startup Cost": 255444.94,
          "Total Cost": 255445.45,
          "Plan Rows": 5,
          "Plan Width": 8,
          "Actual Startup Time": 914.894,
          "Actual Total Time": 974.564,
          "Actual Rows": 6,
          "Actual Loops": 1,
          "Workers Planned": 5,
          "Workers Launched": 5,
          "Single Copy": false,
          "Plans": [
            {
              "Node Type": "Aggregate",
              "Strategy": "Plain",
              "Partial Mode": "Partial",
              "Parent Relationship": "Outer",
              "Parallel Aware": false,
              "Startup Cost": 254444.94,
              "Total Cost": 254444.95,
              "Plan Rows": 1,
              "Plan Width": 8,
              "Actual Startup Time": 902.046,
              "Actual Total Time": 902.05,
              "Actual Rows": 1,
              "Actual Loops": 6,
              "Plans": [
                {
                  "Node Type": "Hash Join",
                  "Parent Relationship": "Outer",
                  "Parallel Aware": true,
                  "Join Type": "Inner",
                  "Startup Cost": 50606.32,
                  "Total Cost": 252330.31,
                  "Plan Rows": 845852,
                  "Plan Width": 0,
                  "Actual Startup Time": 258.734,
                  "Actual Total Time": 873.826,
                  "Actual Rows": 652024,
                  "Actual Loops": 6,
                  "Inner Unique": true,
                  "Hash Cond": "(mi.movie_id = t.id)",
                  "Plans": [
                    {
                      "Node Type": "Seq Scan",
                      "Parent Relationship": "Outer",
                      "Parallel Aware": true,
                      "Relation Name": "movie_info",
                      "Alias": "mi",
                      "Startup Cost": 0.0,
                      "Total Cost": 199108.24,
                      "Plan Rows": 996473,
                      "Plan Width": 4,
                      "Actual Startup Time": 0.03,
                      "Actual Total Time": 330.815,
                      "Actual Rows": 820661,
                      "Actual Loops": 6,
                      "Filter": "(info_type_id < 5)",
                      "Rows Removed by Filter": 1651959
                    },
                    {
                      "Node Type": "Hash",
                      "Parent Relationship": "Inner",
                      "Parallel Aware": true,
                      "Startup Cost": 43899.32,
                      "Total Cost": 43899.32,
                      "Plan Rows": 536560,
                      "Plan Width": 4,
                      "Actual Startup Time": 253.289,
                      "Actual Total Time": 253.289,
                      "Actual Rows": 355496,
                      "Actual Loops": 6,
                      "Hash Buckets": 4194304,
                      "Original Hash Buckets": 4194304,
                      "Hash Batches": 1,
                      "Original Hash Batches": 1,
                      "Peak Memory Usage": 116320,
                      "Plans": [
                        {
                          "Node Type": "Seq Scan",
                          "Parent Relationship": "Outer",
                          "Parallel Aware": true,
                          "Relation Name": "title",
                          "Alias": "t",
                          "Startup Cost": 0.0,
                          "Total Cost": 43899.32,
                          "Plan Rows": 536560,
                          "Plan Width": 4,
                          "Actual Startup Time": 0.039,
                          "Actual Total Time": 88.718,
                          "Actual Rows": 355496,
                          "Actual Loops": 6,
                          "Filter": "(production_year > 1966)",
                          "Rows Removed by Filter": 65890
                        }
                      ]
                    }
                  ]
                }
              ]
            }
          ]
        }
      ]
    },
    "Planning Time": 0.242,
    "Triggers": [],
    "Execution Time": 974.614
  }
]