[
  {
    "Plan": {
      "Node Type": "Aggregate",
      "Strategy": "Plain",
      "Partial Mode": "Finalize",
      "Parallel Aware": false,
      "Startup Cost": 248470.55,
      "Total Cost": 248470.56,
      "Plan Rows": 1,
      "Plan Width": 8,
      "Actual Startup Time": 814.056,
      "Actual Total Time": 853.25,
      "Actual Rows": 1,
      "Actual Loops": 1,
      "Plans": [
        {
          "Node Type": "Gather",
          "Parent Relationship": "Outer",
          "Parallel Aware": false,
          "Startup Cost": 248470.02,
          "Total Cost": 248470.53,
          "Plan Rows": 5,
          "Plan Width": 8,
          "Actual Startup Time": 812.135,
          "Actual Total Time": 853.239,
          "Actual Rows": 6,
          "Actual Loops": 1,
          "Workers Planned": 5,
          "Workers Launched": 5,
          "Single Copy": false,
          "Plans": [
            {
              "Node Type": "Aggregate",
              "Strategy": "Plain",
              "Partial Mode": "Partial",
              "Parent Relationship": "Outer",
              "Parallel Aware": false,
              "Startup Cost": 247470.02,
              "Total Cost": 247470.03,
              "Plan Rows": 1,
              "Plan Width": 8,
              "Actual Startup Time": 805.54,
              "Actual Total Time": 805.542,
              "Actual Rows": 1,
              "Actual Loops": 6,
              "Plans": [
                {
                  "Node Type": "Hash Join",
                  "Parent Relationship": "Outer",
                  "Parallel Aware": true,
                  "Join Type": "Inner",
                  "Startup Cost": 46774.29,
                  "Total Cost": 246253.69,
                  "Plan Rows": 486533,
                  "Plan Width": 0,
                  "Actual Startup Time": 101.036,
                  "Actual Total Time": 773.327,
                  "Actual Rows": 663016,
                  "Actual Loops": 6,
                  "Inner Unique": true,
                  "Hash Cond": "(mi.movie_id = t.id)",
                  "Plans": [
                    {
                      "Node Type": "Seq Scan",
                      "Parent Relationship": "Outer",
                      "Parallel Aware": true,
                      "Relation Name": "movie_info",
                      "Alias": "mi",
                      "Startup Cost": 0.0,
                      "Total Cost": 191685.19,
                      "Plan Rows": 2969219,
                      "Plan Width": 4,
                      "Actual Startup Time": 0.03,
                      "Actual Total Time": 279.141,
                      "Actual Rows": 2472620,
                      "Actual Loops": 6
                    },
                    {
                      "Node Type": "Hash",
                      "Parent Relationship": "Inner",
                      "Parallel Aware": true,
                      "Startup Cost": 45479.59,
                      "Total Cost": 45479.59,
                      "Plan Rows": 103576,
                      "Plan Width": 4,
                      "Actual Startup Time": 89.236,
                      "Actual Total Time": 89.236,
                      "Actual Rows": 50539,
                      "Actual Loops": 6,
                      "Hash Buckets": 524288,
                      "Original Hash Buckets": 524288,
                      "Hash Batches": 1,
                      "Original Hash Batches": 1,
                      "Peak Memory Usage": 16064,
                      "Plans": [
                        {
                          "Node Type": "Seq Scan",
                          "Parent Relationship": "Outer",
                          "Parallel Aware": true,
                          "Relation Name": "title",
                          "Alias": "t",
                          "Startup Cost": 0.0,
                          "Total Cost": 45479.59,
                          "Plan Rows": 103576,
                          "Plan Width": 4,
                          "Actual Startup Time": 34.269,
                          "Actual Total Time": 71.568,
                          "Actual Rows": 50539,
                          "Actual Loops": 6,
                          "Filter": "((production_year > 1996) AND (kind_id = 1))",
                          "Rows Removed by Filter": 370846
                        }
                      ]
                    }
                  ]
                }
              ]
            }
          ]
        }
      ]
    },
    "Planning Time": 0.24,
    "Triggers": [],
    "Execution Time": 853.298
  }
]