[
  {
    "Plan": {
      "Node Type": "Aggregate",
      "Strategy": "Plain",
      "Partial Mode": "Finalize",
      "Parallel Aware": false,
      "Startup Cost": 47392.61,
      "Total Cost": 47392.62,
      "Plan Rows": 1,
      "Plan Width": 8,
      "Actual Startup Time": 156.386,
      "Actual Total Time": 174.719,
      "Actual Rows": 1,
      "Actual Loops": 1,
      "Plans": [
        {
          "Node Type": "Gather",
          "Parent Relationship": "Outer",
          "Parallel Aware": false,
          "Startup Cost": 47392.19,
          "Total Cost": 47392.6,
          "Plan Rows": 4,
          "Plan Width": 8,
          "Actual Startup Time": 156.071,
          "Actual Total Time": 174.709,
          "Actual Rows": 5,
          "Actual Loops": 1,
          "Workers Planned": 4,
          "Workers Launched": 4,
          "Single Copy": false,
          "Plans": [
            {
              "Node Type": "Aggregate",
              "Strategy": "Plain",
              "Partial Mode": "Partial",
              "Parent Relationship": "Outer",
              "Parallel Aware": false,
              "Startup Cost": 46392.19,
              "Total Cost": 46392.2,
              "Plan Rows": 1,
              "Plan Width": 8,
              "Actual Startup Time": 147.692,
              "Actual Total Time": 147.693,
              "Actual Rows": 1,
              "Actual Loops": 5,
              "Plans": [
                {
                  "Node Type": "Seq Scan",
                  "Parent Relationship": "Outer",
                  "Parallel Aware": true,
                  "Relation Name": "title",
                  "Alias": "t",
                  "Startup Cost": 0.0,
                  "Total Cost": 45479.59,
                  "Plan Rows": 365042,
                  "Plan Width": 0,
                  "Actual Startup Time": 0.045,
                  "Actual Total Time": 125.061,
                  "Actual Rows": 314246,
                  "Actual Loops": 5,
                  "Filter": "((kind_id > 1) AND (production_year > 1978))",
                  "Rows Removed by Filter": 191416
                }
              ]
            }
          ]
        }
      ]
    },
    "Planning Time": 0.105,
    "Triggers": [],
    "Execution Time": 174.761
  }
]