[
  {
    "Plan": {
      "Node Type": "Aggregate",
      "Strategy": "Plain",
      "Partial Mode": "Finalize",
      "Parallel Aware": false,
      "Startup Cost": 297638.79,
      "Total Cost": 297638.8,
      "Plan Rows": 1,
      "Plan Width": 8,
      "Actual Startup Time": 815.448,
      "Actual Total Time": 862.458,
      "Actual Rows": 1,
      "Actual Loops": 1,
      "Plans": [
        {
          "Node Type": "Gather",
          "Parent Relationship": "Outer",
          "Parallel Aware": false,
          "Startup Cost": 297638.27,
          "Total Cost": 297638.78,
          "Plan Rows": 5,
          "Plan Width": 8,
          "Actual Startup Time": 810.125,
          "Actual Total Time": 862.435,
          "Actual Rows": 6,
          "Actual Loops": 1,
          "Workers Planned": 5,
          "Workers Launched": 5,
          "Single Copy": false,
          "Plans": [
            {
              "Node Type": "Aggregate",
              "Strategy": "Plain",
              "Partial Mode": "Partial",
              "Parent Relationship": "Outer",
              "Parallel Aware": false,
              "Startup Cost": 296638.27,
              "Total Cost": 296638.28,
              "Plan Rows": 1,
              "Plan Width": 8,
              "Actual Startup Time": 799.767,
              "Actual Total Time": 799.773,
              "Actual Rows": 1,
              "Actual Loops": 6,
              "Plans": [
                {
                  "Node Type": "Hash Join",
                  "Parent Relationship": "Outer",
                  "Parallel Aware": true,
                  "Join Type": "Inner",
                  "Startup Cost": 92210.93,
                  "Total Cost": 295861.41,
                  "Plan Rows": 310744,
                  "Plan Width": 0,
                  "Actual Startup Time": 242.438,
                  "Actual Total Time": 794.479,
                  "Actual Rows": 119830,
                  "Actual Loops": 6,
                  "Inner Unique": false,
                  "Hash Cond": "(mi.movie_id = t.id)",
                  "Plans": [
                    {
                      "Node Type": "Seq Scan",
                      "Parent Relationship": "Outer",
                      "Parallel Aware": true,
                      "Relation Name": "movie_info",
                      "Alias": "mi",
                      "Startup Cost": 0.0,
                      "Total Cost": 191560.33,
                      "Plan Rows": 2956733,
                      "Plan Width": 4,
                      "Actual Startup Time": 0.034,
                      "Actual Total Time": 305.527,
                      "Actual Rows": 2472620,
                      "Actual Loops": 6
                    },
                    {
                      "Node Type": "Hash",
                      "Parent Relationship": "Inner",
                      "Parallel Aware": true,
                      "Startup Cost": 91139.49,
                      "Total Cost": 91139.49,
                      "Plan Rows": 85715,
                      "Plan Width": 8,
                      "Actual Startup Time": 239.203,
                      "Actual Total Time": 239.207,
                      "Actual Rows": 11653,
                      "Actual Loops": 6,
                      "Hash Buckets": 524288,
                      "Original Hash Buckets": 524288,
                      "Hash Batches": 1,
                      "Original Hash Batches": 1,
                      "Peak Memory Usage": 6944,
                      "Plans": [
                        {
                          "Node Type": "Hash Join",
                          "Parent Relationship": "Outer",
                          "Parallel Aware": true,
                          "Join Type": "Inner",
                          "Startup Cost": 47609.31,
                          "Total Cost": 91139.49,
                          "Plan Rows": 85715,
                          "Plan Width": 8,
                          "Actual Startup Time": 140.62,
                          "Actual Total Time": 232.873,
                          "Actual Rows": 11653,
                          "Actual Loops": 6,
                          "Inner Unique": true,
                          "Hash Cond": "(mk.movie_id = t.id)",
                          "Plans": [
                            {
                              "Node Type": "Seq Scan",
                              "Parent Relationship": "Outer",
                              "Parallel Aware": true,
                              "Relation Name": "movie_keyword",
                              "Alias": "mk",
                              "Startup Cost": 0.0,
                              "Total Cost": 42695.65,
                              "Plan Rows": 317916,
                              "Plan Width": 4,
                              "Actual Startup Time": 1.13,
                              "Actual Total Time": 69.526,
                              "Actual Rows": 162805,
                              "Actual Loops": 6,
                              "Filter": "(keyword_id > 19136)",
                              "Rows Removed by Filter": 591184
                            },
                            {
                              "Node Type": "Hash",
                              "Parent Relationship": "Inner",
                              "Parallel Aware": true,
                              "Startup Cost": 45479.1,
                              "Total Cost": 45479.1,
                              "Plan Rows": 170417,
                              "Plan Width": 4,
                              "Actual Startup Time": 137.087,
                              "Actual Total Time": 137.088,
                              "Actual Rows": 99416,
                              "Actual Loops": 6,
                              "Hash Buckets": 1048576,
                              "Original Hash Buckets": 1048576,
                              "Hash Batches": 1,
                              "Original Hash Batches": 1,
                              "Peak Memory Usage": 31616,
                              "Plans": [
                                {
                                  "Node Type": "Seq Scan",
                                  "Parent Relationship": "Outer",
                                  "Parallel Aware": true,
                                  "Relation Name": "title",
                                  "Alias": "t",
                                  "Startup Cost": 0.0,
                                  "Total Cost": 45479.1,
                                  "Plan Rows": 170417,
                                  "Plan Width": 4,
                                  "Actual Startup Time": 0.048,
                                  "Actual Total Time": 83.424,
                                  "Actual Rows": 99416,
                                  "Actual Loops": 6,
                                  "Filter": "((production_year < 2002) AND (kind_id = 7))",
                                  "Rows Removed by Filter": 321970
                                }
                              ]
                            }
                          ]
                        }
                      ]
                    }
                  ]
                }
              ]
            }
          ]
        }
      ]
    },
    "Planning Time": 1.715,
    "Triggers": [],
    "Execution Time": 862.559
  }
]