[
  {
    "Plan": {
      "Node Type": "Aggregate",
      "Strategy": "Plain",
      "Partial Mode": "Finalize",
      "Parallel Aware": false,
      "Startup Cost": 327414.88,
      "Total Cost": 327414.89,
      "Plan Rows": 1,
      "Plan Width": 8,
      "Actual Startup Time": 267.502,
      "Actual Total Time": 280.473,
      "Actual Rows": 1,
      "Actual Loops": 1,
      "Plans": [
        {
          "Node Type": "Gather",
          "Parent Relationship": "Outer",
          "Parallel Aware": false,
          "Startup Cost": 327414.25,
          "Total Cost": 327414.86,
          "Plan Rows": 6,
          "Plan Width": 8,
          "Actual Startup Time": 266.559,
          "Actual Total Time": 280.462,
          "Actual Rows": 7,
          "Actual Loops": 1,
          "Workers Planned": 6,
          "Workers Launched": 6,
          "Single Copy": false,
          "Plans": [
            {
              "Node Type": "Aggregate",
              "Strategy": "Plain",
              "Partial Mode": "Partial",
              "Parent Relationship": "Outer",
              "Parallel Aware": false,
              "Startup Cost": 326414.25,
              "Total Cost": 326414.26,
              "Plan Rows": 1,
              "Plan Width": 8,
              "Actual Startup Time": 258.339,
              "Actual Total Time": 258.341,
              "Actual Rows": 1,
              "Actual Loops": 7,
              "Plans": [
                {
                  "Node Type": "Bitmap Heap Scan",
                  "Parent Relationship": "Outer",
                  "Parallel Aware": true,
                  "Relation Name": "cast_info",
                  "Alias": "ci",
                  "Startup Cost": 66228.06,
                  "Total Cost": 325164.39,
                  "Plan Rows": 499946,
                  "Plan Width": 0,
                  "Actual Startup Time": 118.267,
                  "Actual Total Time": 232.713,
                  "Actual Rows": 443142,
                  "Actual Loops": 7,
                  "Recheck Cond": "(person_id < 300444)",
                  "Rows Removed by Index Recheck": 0,
                  "Exact Heap Blocks": 8222,
                  "Lossy Heap Blocks": 0,
                  "Plans": [
                    {
                      "Node Type": "Bitmap Index Scan",
                      "Parent Relationship": "Outer",
                      "Parallel Aware": false,
                      "Index Name": "person_id_cast_info",
                      "Startup Cost": 0.0,
                      "Total Cost": 65478.14,
                      "Plan Rows": 2999677,
                      "Plan Width": 0,
                      "Actual Startup Time": 120.038,
                      "Actual Total Time": 120.039,
                      "Actual Rows": 3101993,
                      "Actual Loops": 1,
                      "Index Cond": "(person_id < 300444)"
                    }
                  ]
                }
              ]
            }
          ]
        }
      ]
    },
    "Planning Time": 0.2,
    "Triggers": [],
    "Execution Time": 280.547
  }
]