[
  {
    "Plan": {
      "Node Type": "Aggregate",
      "Strategy": "Plain",
      "Partial Mode": "Finalize",
      "Parallel Aware": false,
      "Startup Cost": 328308.61,
      "Total Cost": 328308.62,
      "Plan Rows": 1,
      "Plan Width": 8,
      "Actual Startup Time": 333.311,
      "Actual Total Time": 343.364,
      "Actual Rows": 1,
      "Actual Loops": 1,
      "Plans": [
        {
          "Node Type": "Gather",
          "Parent Relationship": "Outer",
          "Parallel Aware": false,
          "Startup Cost": 328307.99,
          "Total Cost": 328308.6,
          "Plan Rows": 6,
          "Plan Width": 8,
          "Actual Startup Time": 332.342,
          "Actual Total Time": 343.352,
          "Actual Rows": 7,
          "Actual Loops": 1,
          "Workers Planned": 6,
          "Workers Launched": 6,
          "Single Copy": false,
          "Plans": [
            {
              "Node Type": "Aggregate",
              "Strategy": "Plain",
              "Partial Mode": "Partial",
              "Parent Relationship": "Outer",
              "Parallel Aware": false,
              "Startup Cost": 327307.99,
              "Total Cost": 327308.0,
              "Plan Rows": 1,
              "Plan Width": 8,
              "Actual Startup Time": 325.466,
              "Actual Total Time": 325.467,
              "Actual Rows": 1,
              "Actual Loops": 7,
              "Plans": [
                {
                  "Node Type": "Bitmap Heap Scan",
                  "Parent Relationship": "Outer",
                  "Parallel Aware": true,
                  "Relation Name": "cast_info",
                  "Alias": "ci",
                  "Startup Cost": 67033.57,
                  "Total Cost": 326043.42,
                  "Plan Rows": 505828,
                  "Plan Width": 0,
                  "Actual Startup Time": 189.009,
                  "Actual Total Time": 301.189,
                  "Actual Rows": 443142,
                  "Actual Loops": 7,
                  "Recheck Cond": "(person_id < 300444)",
                  "Rows Removed by Index Recheck": 0,
                  "Exact Heap Blocks": 5099,
                  "Lossy Heap Blocks": 0,
                  "Plans": [
                    {
                      "Node Type": "Bitmap Index Scan",
                      "Parent Relationship": "Outer",
                      "Parallel Aware": false,
                      "Index Name": "person_id_cast_info",
                      "Startup Cost": 0.0,
                      "Total Cost": 66274.82,
                      "Plan Rows": 3034968,
                      "Plan Width": 0,
                      "Actual Startup Time": 185.699,
                      "Actual Total Time": 185.7,
                      "Actual Rows": 3101993,
                      "Actual Loops": 1,
                      "Index Cond": "(person_id < 300444)"
                    }
                  ]
                }
              ]
            }
          ]
        }
      ]
    },
    "Planning Time": 0.216,
    "Triggers": [],
    "Execution Time": 343.446
  }
]