{
    "Plan": {
        "Node Type": "Aggregate",
        "Strategy": "Plain",
        "Partial Mode": "Simple",
        "Parallel Aware": false,
        "Startup Cost": 50000365406.02,
        "Total Cost": 50000365406.03,
        "Plan Rows": 1,
        "Plan Width": 64,
        "Actual Startup Time": 2983.812,
        "Actual Total Time": 2983.817,
        "Actual Rows": 1,
        "Actual Loops": 1,
        "Output": [
            "min(mi_idx.info)",
            "min(t.title)"
        ],
        "Plans": [
            {
                "Node Type": "Hash Join",
                "Parent Relationship": "Outer",
                "Parallel Aware": false,
                "Join Type": "Inner",
                "Startup Cost": 50000163541.27,
                "Total Cost": 50000365406.01,
                "Plan Rows": 1,
                "Plan Width": 22,
                "Actual Startup Time": 1802.636,
                "Actual Total Time": 2983.58,
                "Actual Rows": 739,
                "Actual Loops": 1,
                "Output": [
                    "mi_idx.info",
                    "t.title"
                ],
                "Inner Unique": true,
                "Hash Cond": "(mk.keyword_id = k.id)",
                "Plans": [
                    {
                        "Node Type": "Hash Join",
                        "Parent Relationship": "Outer",
                        "Parallel Aware": false,
                        "Join Type": "Inner",
                        "Startup Cost": 40000158198.18,
                        "Total Cost": 40000360024.55,
                        "Plan Rows": 14617,
                        "Plan Width": 26,
                        "Actual Startup Time": 1737.356,
                        "Actual Total Time": 2878.359,
                        "Actual Rows": 733300,
                        "Actual Loops": 1,
                        "Output": [
                            "mi_idx.info",
                            "mk.keyword_id",
                            "t.title"
                        ],
                        "Inner Unique": true,
                        "Hash Cond": "(mi_idx.info_type_id = it.id)",
                        "Plans": [
                            {
                                "Node Type": "Hash Join",
                                "Parent Relationship": "Outer",
                                "Parallel Aware": false,
                                "Join Type": "Inner",
                                "Startup Cost": 30000158184.05,
                                "Total Cost": 30000355512.48,
                                "Plan Rows": 1651556,
                                "Plan Width": 30,
                                "Actual Startup Time": 1737.315,
                                "Actual Total Time": 2777.768,
                                "Actual Rows": 1009487,
                                "Actual Loops": 1,
                                "Output": [
                                    "mi_idx.info",
                                    "mi_idx.info_type_id",
                                    "mk.keyword_id",
                                    "t.title"
                                ],
                                "Inner Unique": false,
                                "Hash Cond": "(mk.movie_id = t.id)",
                                "Plans": [
                                    {
                                        "Node Type": "Index Scan",
                                        "Parent Relationship": "Outer",
                                        "Parallel Aware": false,
                                        "Scan Direction": "Forward",
                                        "Index Name": "movie_id_movie_keyword",
                                        "Relation Name": "movie_keyword",
                                        "Schema": "public",
                                        "Alias": "mk",
                                        "Startup Cost": 10000000000.43,
                                        "Total Cost": 10000177177.46,
                                        "Plan Rows": 4523930,
                                        "Plan Width": 8,
                                        "Actual Startup Time": 0.018,
                                        "Actual Total Time": 560.068,
                                        "Actual Rows": 4523930,
                                        "Actual Loops": 1,
                                        "Output": [
                                            "mk.id",
                                            "mk.movie_id",
                                            "mk.keyword_id"
                                        ]
                                    },
                                    {
                                        "Node Type": "Hash",
                                        "Parent Relationship": "Inner",
                                        "Parallel Aware": false,
                                        "Startup Cost": 20000155957.42,
                                        "Total Cost": 20000155957.42,
                                        "Plan Rows": 178096,
                                        "Plan Width": 34,
                                        "Actual Startup Time": 1736.796,
                                        "Actual Total Time": 1736.799,
                                        "Actual Rows": 154307,
                                        "Actual Loops": 1,
                                        "Output": [
                                            "mi_idx.info",
                                            "mi_idx.movie_id",
                                            "mi_idx.info_type_id",
                                            "t.title",
                                            "t.id"
                                        ],
                                        "Hash Buckets": 262144,
                                        "Original Hash Buckets": 262144,
                                        "Hash Batches": 1,
                                        "Original Hash Batches": 1,
                                        "Peak Memory Usage": 12317,
                                        "Plans": [
                                            {
                                                "Node Type": "Hash Join",
                                                "Parent Relationship": "Outer",
                                                "Parallel Aware": false,
                                                "Join Type": "Inner",
                                                "Startup Cost": 20000029671.49,
                                                "Total Cost": 20000155957.42,
                                                "Plan Rows": 178096,
                                                "Plan Width": 34,
                                                "Actual Startup Time": 202.28,
                                                "Actual Total Time": 1692.641,
                                                "Actual Rows": 154307,
                                                "Actual Loops": 1,
                                                "Output": [
                                                    "mi_idx.info",
                                                    "mi_idx.movie_id",
                                                    "mi_idx.info_type_id",
                                                    "t.title",
                                                    "t.id"
                                                ],
                                                "Inner Unique": false,
                                                "Hash Cond": "(t.id = mi_idx.movie_id)",
                                                "Plans": [
                                                    {
                                                        "Node Type": "Index Scan",
                                                        "Parent Relationship": "Outer",
                                                        "Parallel Aware": false,
                                                        "Scan Direction": "Forward",
                                                        "Index Name": "title_pkey",
                                                        "Relation Name": "title",
                                                        "Schema": "public",
                                                        "Alias": "t",
                                                        "Startup Cost": 10000000000.43,
                                                        "Total Cost": 10000116662.9,
                                                        "Plan Rows": 1254799,
                                                        "Plan Width": 21,
                                                        "Actual Startup Time": 0.035,
                                                        "Actual Total Time": 1148.993,
                                                        "Actual Rows": 1260295,
                                                        "Actual Loops": 1,
                                                        "Output": [
                                                            "t.id",
                                                            "t.title",
                                                            "t.imdb_index",
                                                            "t.kind_id",
                                                            "t.production_year",
                                                            "t.imdb_id",
                                                            "t.phonetic_code",
                                                            "t.episode_of_id",
                                                            "t.season_nr",
                                                            "t.episode_nr",
                                                            "t.series_years",
                                                            "t.md5sum"
                                                        ],
                                                        "Filter": "(t.production_year > 2002)",
                                                        "Rows Removed by Filter": 1268017
                                                    },
                                                    {
                                                        "Node Type": "Hash",
                                                        "Parent Relationship": "Inner",
                                                        "Parallel Aware": false,
                                                        "Startup Cost": 10000025185.44,
                                                        "Total Cost": 10000025185.44,
                                                        "Plan Rows": 358850,
                                                        "Plan Width": 13,
                                                        "Actual Startup Time": 201.14,
                                                        "Actual Total Time": 201.141,
                                                        "Actual Rows": 361032,
                                                        "Actual Loops": 1,
                                                        "Output": [
                                                            "mi_idx.info",
                                                            "mi_idx.movie_id",
                                                            "mi_idx.info_type_id"
                                                        ],
                                                        "Hash Buckets": 524288,
                                                        "Original Hash Buckets": 524288,
                                                        "Hash Batches": 1,
                                                        "Original Hash Batches": 1,
                                                        "Peak Memory Usage": 19647,
                                                        "Plans": [
                                                            {
                                                                "Node Type": "Seq Scan",
                                                                "Parent Relationship": "Outer",
                                                                "Parallel Aware": false,
                                                                "Relation Name": "movie_info_idx",
                                                                "Schema": "public",
                                                                "Alias": "mi_idx",
                                                                "Startup Cost": 10000000000.0,
                                                                "Total Cost": 10000025185.44,
                                                                "Plan Rows": 358850,
                                                                "Plan Width": 13,
                                                                "Actual Startup Time": 0.028,
                                                                "Actual Total Time": 143.813,
                                                                "Actual Rows": 361032,
                                                                "Actual Loops": 1,
                                                                "Output": [
                                                                    "mi_idx.info",
                                                                    "mi_idx.movie_id",
                                                                    "mi_idx.info_type_id"
                                                                ],
                                                                "Filter": "(mi_idx.info > '6.1'::text)",
                                                                "Rows Removed by Filter": 1019003
                                                            }
                                                        ]
                                                    }
                                                ]
                                            }
                                        ]
                                    }
                                ]
                            },
                            {
                                "Node Type": "Hash",
                                "Parent Relationship": "Inner",
                                "Parallel Aware": false,
                                "Startup Cost": 10000000014.12,
                                "Total Cost": 10000000014.12,
                                "Plan Rows": 1,
                                "Plan Width": 4,
                                "Actual Startup Time": 0.028,
                                "Actual Total Time": 0.029,
                                "Actual Rows": 1,
                                "Actual Loops": 1,
                                "Output": [
                                    "it.id"
                                ],
                                "Hash Buckets": 1024,
                                "Original Hash Buckets": 1024,
                                "Hash Batches": 1,
                                "Original Hash Batches": 1,
                                "Peak Memory Usage": 9,
                                "Plans": [
                                    {
                                        "Node Type": "Index Scan",
                                        "Parent Relationship": "Outer",
                                        "Parallel Aware": false,
                                        "Scan Direction": "Forward",
                                        "Index Name": "info_type_pkey",
                                        "Relation Name": "info_type",
                                        "Schema": "public",
                                        "Alias": "it",
                                        "Startup Cost": 10000000000.14,
                                        "Total Cost": 10000000014.12,
                                        "Plan Rows": 1,
                                        "Plan Width": 4,
                                        "Actual Startup Time": 0.025,
                                        "Actual Total Time": 0.027,
                                        "Actual Rows": 1,
                                        "Actual Loops": 1,
                                        "Output": [
                                            "it.id"
                                        ],
                                        "Filter": "((it.info)::text = 'rating'::text)",
                                        "Rows Removed by Filter": 112
                                    }
                                ]
                            }
                        ]
                    },
                    {
                        "Node Type": "Hash",
                        "Parent Relationship": "Inner",
                        "Parallel Aware": false,
                        "Startup Cost": 10000005342.92,
                        "Total Cost": 10000005342.92,
                        "Plan Rows": 13,
                        "Plan Width": 4,
                        "Actual Startup Time": 65.015,
                        "Actual Total Time": 65.015,
                        "Actual Rows": 30,
                        "Actual Loops": 1,
                        "Output": [
                            "k.id"
                        ],
                        "Hash Buckets": 1024,
                        "Original Hash Buckets": 1024,
                        "Hash Batches": 1,
                        "Original Hash Batches": 1,
                        "Peak Memory Usage": 10,
                        "Plans": [
                            {
                                "Node Type": "Index Scan",
                                "Parent Relationship": "Outer",
                                "Parallel Aware": false,
                                "Scan Direction": "Forward",
                                "Index Name": "keyword_pkey",
                                "Relation Name": "keyword",
                                "Schema": "public",
                                "Alias": "k",
                                "Startup Cost": 10000000000.42,
                                "Total Cost": 10000005342.92,
                                "Plan Rows": 13,
                                "Plan Width": 4,
                                "Actual Startup Time": 1.124,
                                "Actual Total Time": 64.968,
                                "Actual Rows": 30,
                                "Actual Loops": 1,
                                "Output": [
                                    "k.id"
                                ],
                                "Filter": "(k.keyword ~~ '%sequel%'::text)",
                                "Rows Removed by Filter": 134140
                            }
                        ]
                    }
                ]
            }
        ]
    },
    "Planning Time": 2.074,
    "Triggers": [],
    "Execution Time": 2984.164
}