[
  {
    "Plan": {
      "Node Type": "Aggregate",
      "Strategy": "Plain",
      "Partial Mode": "Finalize",
      "Parallel Aware": false,
      "Startup Cost": 351754.32,
      "Total Cost": 351754.33,
      "Plan Rows": 1,
      "Plan Width": 8,
      "Actual Startup Time": 842.511,
      "Actual Total Time": 902.836,
      "Actual Rows": 1,
      "Actual Loops": 1,
      "Plans": [
        {
          "Node Type": "Gather",
          "Parent Relationship": "Outer",
          "Parallel Aware": false,
          "Startup Cost": 351753.7,
          "Total Cost": 351754.31,
          "Plan Rows": 6,
          "Plan Width": 8,
          "Actual Startup Time": 842.389,
          "Actual Total Time": 902.827,
          "Actual Rows": 7,
          "Actual Loops": 1,
          "Workers Planned": 6,
          "Workers Launched": 6,
          "Single Copy": false,
          "Plans": [
            {
              "Node Type": "Aggregate",
              "Strategy": "Plain",
              "Partial Mode": "Partial",
              "Parent Relationship": "Outer",
              "Parallel Aware": false,
              "Startup Cost": 350753.7,
              "Total Cost": 350753.71,
              "Plan Rows": 1,
              "Plan Width": 8,
              "Actual Startup Time": 832.002,
              "Actual Total Time": 832.003,
              "Actual Rows": 1,
              "Actual Loops": 7,
              "Plans": [
                {
                  "Node Type": "Seq Scan",
                  "Parent Relationship": "Outer",
                  "Parallel Aware": true,
                  "Relation Name": "cast_info",
                  "Alias": "ci",
                  "Startup Cost": 0.0,
                  "Total Cost": 343257.03,
                  "Plan Rows": 2998668,
                  "Plan Width": 0,
                  "Actual Startup Time": 181.732,
                  "Actual Total Time": 721.648,
                  "Actual Rows": 2368222,
                  "Actual Loops": 7,
                  "Filter": "((person_id > 1338496) AND (role_id < 8))",
                  "Rows Removed by Filter": 2809541
                }
              ]
            }
          ]
        }
      ]
    },
    "Planning Time": 0.229,
    "Triggers": [],
    "Execution Time": 902.913
  }
]