[
    {
        "Bao": {
            "Bao prediction": "NaN",
            "Bao recommended hint": "(no hint)"
        }
    },
    {
        "Plan": {
            "Node Type": "Aggregate",
            "Strategy": "Plain",
            "Partial Mode": "Finalize",
            "Parallel Aware": false,
            "Startup Cost": 82019.32,
            "Total Cost": 82019.33,
            "Plan Rows": 1,
            "Plan Width": 8,
            "Actual Startup Time": 49.273,
            "Actual Total Time": 53.525,
            "Actual Rows": 1,
            "Actual Loops": 1,
            "Output": [
                "count(*)"
            ],
            "Plans": [
                {
                    "Node Type": "Gather",
                    "Parent Relationship": "Outer",
                    "Parallel Aware": false,
                    "Startup Cost": 82019.0,
                    "Total Cost": 82019.31,
                    "Plan Rows": 3,
                    "Plan Width": 8,
                    "Actual Startup Time": 49.261,
                    "Actual Total Time": 53.521,
                    "Actual Rows": 4,
                    "Actual Loops": 1,
                    "Output": [
                        "(PARTIAL count(*))"
                    ],
                    "Workers Planned": 3,
                    "Workers Launched": 3,
                    "Single Copy": false,
                    "Plans": [
                        {
                            "Node Type": "Aggregate",
                            "Strategy": "Plain",
                            "Partial Mode": "Partial",
                            "Parent Relationship": "Outer",
                            "Parallel Aware": false,
                            "Startup Cost": 81019.0,
                            "Total Cost": 81019.01,
                            "Plan Rows": 1,
                            "Plan Width": 8,
                            "Actual Startup Time": 40.319,
                            "Actual Total Time": 40.321,
                            "Actual Rows": 1,
                            "Actual Loops": 4,
                            "Output": [
                                "PARTIAL count(*)"
                            ],
                            "Workers": [
                                {
                                    "Worker Number": 0,
                                    "Actual Startup Time": 36.868,
                                    "Actual Total Time": 36.872,
                                    "Actual Rows": 1,
                                    "Actual Loops": 1
                                },
                                {
                                    "Worker Number": 1,
                                    "Actual Startup Time": 37.369,
                                    "Actual Total Time": 37.37,
                                    "Actual Rows": 1,
                                    "Actual Loops": 1
                                },
                                {
                                    "Worker Number": 2,
                                    "Actual Startup Time": 38.033,
                                    "Actual Total Time": 38.034,
                                    "Actual Rows": 1,
                                    "Actual Loops": 1
                                }
                            ],
                            "Plans": [
                                {
                                    "Node Type": "Nested Loop",
                                    "Parent Relationship": "Outer",
                                    "Parallel Aware": false,
                                    "Join Type": "Inner",
                                    "Startup Cost": 1331.62,
                                    "Total Cost": 81004.45,
                                    "Plan Rows": 5820,
                                    "Plan Width": 0,
                                    "Actual Startup Time": 7.783,
                                    "Actual Total Time": 39.93,
                                    "Actual Rows": 4124,
                                    "Actual Loops": 4,
                                    "Inner Unique": false,
                                    "Workers": [
                                        {
                                            "Worker Number": 0,
                                            "Actual Startup Time": 5.104,
                                            "Actual Total Time": 36.511,
                                            "Actual Rows": 2469,
                                            "Actual Loops": 1
                                        },
                                        {
                                            "Worker Number": 1,
                                            "Actual Startup Time": 5.161,
                                            "Actual Total Time": 36.995,
                                            "Actual Rows": 2882,
                                            "Actual Loops": 1
                                        },
                                        {
                                            "Worker Number": 2,
                                            "Actual Startup Time": 5.433,
                                            "Actual Total Time": 37.661,
                                            "Actual Rows": 2609,
                                            "Actual Loops": 1
                                        }
                                    ],
                                    "Plans": [
                                        {
                                            "Node Type": "Nested Loop",
                                            "Parent Relationship": "Outer",
                                            "Parallel Aware": false,
                                            "Join Type": "Inner",
                                            "Startup Cost": 1331.18,
                                            "Total Cost": 64808.98,
                                            "Plan Rows": 10141,
                                            "Plan Width": 8,
                                            "Actual Startup Time": 6.965,
                                            "Actual Total Time": 19.576,
                                            "Actual Rows": 1644,
                                            "Actual Loops": 4,
                                            "Output": [
                                                "t.id",
                                                "mc.movie_id"
                                            ],
                                            "Inner Unique": true,
                                            "Workers": [
                                                {
                                                    "Worker Number": 0,
                                                    "Actual Startup Time": 3.656,
                                                    "Actual Total Time": 17.428,
                                                    "Actual Rows": 1037,
                                                    "Actual Loops": 1
                                                },
                                                {
                                                    "Worker Number": 1,
                                                    "Actual Startup Time": 4.018,
                                                    "Actual Total Time": 17.018,
                                                    "Actual Rows": 1061,
                                                    "Actual Loops": 1
                                                },
                                                {
                                                    "Worker Number": 2,
                                                    "Actual Startup Time": 4.792,
                                                    "Actual Total Time": 18.538,
                                                    "Actual Rows": 1068,
                                                    "Actual Loops": 1
                                                }
                                            ],
                                            "Plans": [
                                                {
                                                    "Node Type": "Bitmap Heap Scan",
                                                    "Parent Relationship": "Outer",
                                                    "Parallel Aware": true,
                                                    "Relation Name": "movie_companies",
                                                    "Schema": "public",
                                                    "Alias": "mc",
                                                    "Startup Cost": 1330.75,
                                                    "Total Cost": 20419.12,
                                                    "Plan Rows": 10141,
                                                    "Plan Width": 4,
                                                    "Actual Startup Time": 6.827,
                                                    "Actual Total Time": 7.937,
                                                    "Actual Rows": 1644,
                                                    "Actual Loops": 4,
                                                    "Output": [
                                                        "mc.id",
                                                        "mc.movie_id",
                                                        "mc.company_id",
                                                        "mc.company_type_id",
                                                        "mc.note"
                                                    ],
                                                    "Recheck Cond": "(mc.company_id = 6)",
                                                    "Rows Removed by Index Recheck": 0,
                                                    "Filter": "(mc.company_type_id > 1)",
                                                    "Rows Removed by Filter": 13874,
                                                    "Exact Heap Blocks": 4568,
                                                    "Lossy Heap Blocks": 0,
                                                    "Workers": [
                                                        {
                                                            "Worker Number": 0,
                                                            "Actual Startup Time": 3.459,
                                                            "Actual Total Time": 4.503,
                                                            "Actual Rows": 1037,
                                                            "Actual Loops": 1
                                                        },
                                                        {
                                                            "Worker Number": 1,
                                                            "Actual Startup Time": 3.861,
                                                            "Actual Total Time": 4.961,
                                                            "Actual Rows": 1061,
                                                            "Actual Loops": 1
                                                        },
                                                        {
                                                            "Worker Number": 2,
                                                            "Actual Startup Time": 4.611,
                                                            "Actual Total Time": 5.622,
                                                            "Actual Rows": 1068,
                                                            "Actual Loops": 1
                                                        }
                                                    ],
                                                    "Plans": [
                                                        {
                                                            "Node Type": "Bitmap Index Scan",
                                                            "Parent Relationship": "Outer",
                                                            "Parallel Aware": false,
                                                            "Index Name": "company_id_movie_companies",
                                                            "Startup Cost": 0.0,
                                                            "Total Cost": 1322.89,
                                                            "Plan Rows": 61662,
                                                            "Plan Width": 0,
                                                            "Actual Startup Time": 2.736,
                                                            "Actual Total Time": 2.736,
                                                            "Actual Rows": 62075,
                                                            "Actual Loops": 1,
                                                            "Index Cond": "(mc.company_id = 6)"
                                                        }
                                                    ]
                                                },
                                                {
                                                    "Node Type": "Index Only Scan",
                                                    "Parent Relationship": "Inner",
                                                    "Parallel Aware": false,
                                                    "Scan Direction": "Forward",
                                                    "Index Name": "title_pkey",
                                                    "Relation Name": "title",
                                                    "Schema": "public",
                                                    "Alias": "t",
                                                    "Startup Cost": 0.43,
                                                    "Total Cost": 4.38,
                                                    "Plan Rows": 1,
                                                    "Plan Width": 4,
                                                    "Actual Startup Time": 0.007,
                                                    "Actual Total Time": 0.007,
                                                    "Actual Rows": 1,
                                                    "Actual Loops": 6578,
                                                    "Output": [
                                                        "t.id"
                                                    ],
                                                    "Index Cond": "(t.id = mc.movie_id)",
                                                    "Rows Removed by Index Recheck": 0,
                                                    "Heap Fetches": 6578,
                                                    "Workers": [
                                                        {
                                                            "Worker Number": 0,
                                                            "Actual Startup Time": 0.012,
                                                            "Actual Total Time": 0.012,
                                                            "Actual Rows": 1,
                                                            "Actual Loops": 1037
                                                        },
                                                        {
                                                            "Worker Number": 1,
                                                            "Actual Startup Time": 0.011,
                                                            "Actual Total Time": 0.011,
                                                            "Actual Rows": 1,
                                                            "Actual Loops": 1061
                                                        },
                                                        {
                                                            "Worker Number": 2,
                                                            "Actual Startup Time": 0.011,
                                                            "Actual Total Time": 0.011,
                                                            "Actual Rows": 1,
                                                            "Actual Loops": 1068
                                                        }
                                                    ]
                                                }
                                            ]
                                        },
                                        {
                                            "Node Type": "Index Scan",
                                            "Parent Relationship": "Inner",
                                            "Parallel Aware": false,
                                            "Scan Direction": "Forward",
                                            "Index Name": "movie_id_movie_info",
                                            "Relation Name": "movie_info",
                                            "Schema": "public",
                                            "Alias": "mi",
                                            "Startup Cost": 0.43,
                                            "Total Cost": 1.56,
                                            "Plan Rows": 4,
                                            "Plan Width": 4,
                                            "Actual Startup Time": 0.008,
                                            "Actual Total Time": 0.012,
                                            "Actual Rows": 3,
                                            "Actual Loops": 6578,
                                            "Output": [
                                                "mi.id",
                                                "mi.movie_id",
                                                "mi.info_type_id",
                                                "mi.info",
                                                "mi.note"
                                            ],
                                            "Index Cond": "(mi.movie_id = t.id)",
                                            "Rows Removed by Index Recheck": 0,
                                            "Filter": "(mi.info_type_id = 7)",
                                            "Rows Removed by Filter": 8,
                                            "Workers": [
                                                {
                                                    "Worker Number": 0,
                                                    "Actual Startup Time": 0.012,
                                                    "Actual Total Time": 0.017,
                                                    "Actual Rows": 2,
                                                    "Actual Loops": 1037
                                                },
                                                {
                                                    "Worker Number": 1,
                                                    "Actual Startup Time": 0.012,
                                                    "Actual Total Time": 0.018,
                                                    "Actual Rows": 3,
                                                    "Actual Loops": 1061
                                                },
                                                {
                                                    "Worker Number": 2,
                                                    "Actual Startup Time": 0.011,
                                                    "Actual Total Time": 0.017,
                                                    "Actual Rows": 2,
                                                    "Actual Loops": 1068
                                                }
                                            ]
                                        }
                                    ]
                                }
                            ]
                        }
                    ]
                }
            ]
        },
        "Planning Time": 186.773,
        "Triggers": [],
        "Execution Time": 53.586
    }
]