{
  "Plan": {
    "Node Type": "Aggregate",
    "Strategy": "Plain",
    "Partial Mode": "Finalize",
    "Parallel Aware": false,
    "Startup Cost": 339838.69,
    "Total Cost": 339838.7,
    "Plan Rows": 1,
    "Plan Width": 8,
    "Actual Startup Time": 321.752,
    "Actual Total Time": 336.569,
    "Actual Rows": 1,
    "Actual Loops": 1,
    "Plans": [
      {
        "Node Type": "Gather",
        "Parent Relationship": "Outer",
        "Parallel Aware": false,
        "Startup Cost": 339838.58,
        "Total Cost": 339838.69,
        "Plan Rows": 1,
        "Plan Width": 8,
        "Actual Startup Time": 321.362,
        "Actual Total Time": 336.56,
        "Actual Rows": 2,
        "Actual Loops": 1,
        "Workers Planned": 1,
        "Workers Launched": 1,
        "Single Copy": false,
        "Plans": [
          {
            "Node Type": "Aggregate",
            "Strategy": "Plain",
            "Partial Mode": "Partial",
            "Parent Relationship": "Outer",
            "Parallel Aware": false,
            "Startup Cost": 338838.58,
            "Total Cost": 338838.59,
            "Plan Rows": 1,
            "Plan Width": 8,
            "Actual Startup Time": 316.912,
            "Actual Total Time": 316.916,
            "Actual Rows": 1,
            "Actual Loops": 2,
            "Plans": [
              {
                "Node Type": "Hash Join",
                "Parent Relationship": "Outer",
                "Parallel Aware": true,
                "Join Type": "Inner",
                "Startup Cost": 77205.23,
                "Total Cost": 338798.49,
                "Plan Rows": 16036,
                "Plan Width": 0,
                "Actual Startup Time": 194.698,
                "Actual Total Time": 316.109,
                "Actual Rows": 14895,
                "Actual Loops": 2,
                "Inner Unique": true,
                "Hash Cond": "(ci.movie_id = t.id)",
                "Plans": [
                  {
                    "Node Type": "Bitmap Heap Scan",
                    "Parent Relationship": "Outer",
                    "Parallel Aware": true,
                    "Relation Name": "cast_info",
                    "Alias": "ci",
                    "Startup Cost": 22110.58,
                    "Total Cost": 282158.12,
                    "Plan Rows": 588844,
                    "Plan Width": 4,
                    "Actual Startup Time": 40.917,
                    "Actual Total Time": 100.275,
                    "Actual Rows": 485444,
                    "Actual Loops": 2,
                    "Recheck Cond": "(person_id > 3875211)",
                    "Rows Removed by Index Recheck": 0,
                    "Exact Heap Blocks": 8012,
                    "Lossy Heap Blocks": 0,
                    "Plans": [
                      {
                        "Node Type": "Bitmap Index Scan",
                        "Parent Relationship": "Outer",
                        "Parallel Aware": false,
                        "Index Name": "person_id_cast_info",
                        "Startup Cost": 0.0,
                        "Total Cost": 21860.32,
                        "Plan Rows": 1001034,
                        "Plan Width": 0,
                        "Actual Startup Time": 38.764,
                        "Actual Total Time": 38.765,
                        "Actual Rows": 970888,
                        "Actual Loops": 1,
                        "Index Cond": "(person_id > 3875211)"
                      }
                    ]
                  },
                  {
                    "Node Type": "Hash",
                    "Parent Relationship": "Inner",
                    "Parallel Aware": true,
                    "Startup Cost": 54588.39,
                    "Total Cost": 54588.39,
                    "Plan Rows": 40501,
                    "Plan Width": 4,
                    "Actual Startup Time": 151.571,
                    "Actual Total Time": 151.572,
                    "Actual Rows": 33671,
                    "Actual Loops": 2,
                    "Hash Buckets": 131072,
                    "Original Hash Buckets": 131072,
                    "Hash Batches": 1,
                    "Original Hash Batches": 1,
                    "Peak Memory Usage": 3712,
                    "Plans": [
                      {
                        "Node Type": "Seq Scan",
                        "Parent Relationship": "Outer",
                        "Parallel Aware": true,
                        "Relation Name": "title",
                        "Alias": "t",
                        "Startup Cost": 0.0,
                        "Total Cost": 54588.39,
                        "Plan Rows": 40501,
                        "Plan Width": 4,
                        "Actual Startup Time": 0.05,
                        "Actual Total Time": 139.572,
                        "Actual Rows": 33671,
                        "Actual Loops": 2,
                        "Filter": "(production_year > 2012)",
                        "Rows Removed by Filter": 1230485
                      }
                    ]
                  }
                ]
              }
            ]
          }
        ]
      }
    ]
  },
  "Planning Time": 0.473,
  "Triggers": [],
  "Execution Time": 336.675
}