{
  "Plan": {
    "Node Type": "Aggregate",
    "Strategy": "Plain",
    "Partial Mode": "Finalize",
    "Parallel Aware": false,
    "Startup Cost": 91799.52,
    "Total Cost": 91799.53,
    "Plan Rows": 1,
    "Plan Width": 8,
    "Actual Startup Time": 588.802,
    "Actual Total Time": 641.161,
    "Actual Rows": 1,
    "Actual Loops": 1,
    "Plans": [
      {
        "Node Type": "Gather",
        "Parent Relationship": "Outer",
        "Parallel Aware": false,
        "Startup Cost": 91799.41,
        "Total Cost": 91799.52,
        "Plan Rows": 1,
        "Plan Width": 8,
        "Actual Startup Time": 588.469,
        "Actual Total Time": 641.154,
        "Actual Rows": 2,
        "Actual Loops": 1,
        "Workers Planned": 1,
        "Workers Launched": 1,
        "Single Copy": false,
        "Plans": [
          {
            "Node Type": "Aggregate",
            "Strategy": "Plain",
            "Partial Mode": "Partial",
            "Parent Relationship": "Outer",
            "Parallel Aware": false,
            "Startup Cost": 90799.41,
            "Total Cost": 90799.42,
            "Plan Rows": 1,
            "Plan Width": 8,
            "Actual Startup Time": 582.24,
            "Actual Total Time": 582.245,
            "Actual Rows": 1,
            "Actual Loops": 2,
            "Plans": [
              {
                "Node Type": "Nested Loop",
                "Parent Relationship": "Outer",
                "Parallel Aware": false,
                "Join Type": "Inner",
                "Startup Cost": 32817.76,
                "Total Cost": 90717.48,
                "Plan Rows": 32771,
                "Plan Width": 0,
                "Actual Startup Time": 76.564,
                "Actual Total Time": 568.406,
                "Actual Rows": 280228,
                "Actual Loops": 2,
                "Inner Unique": false,
                "Plans": [
                  {
                    "Node Type": "Hash Join",
                    "Parent Relationship": "Outer",
                    "Parallel Aware": true,
                    "Join Type": "Inner",
                    "Startup Cost": 32817.19,
                    "Total Cost": 75822.63,
                    "Plan Rows": 2287,
                    "Plan Width": 8,
                    "Actual Startup Time": 76.471,
                    "Actual Total Time": 154.182,
                    "Actual Rows": 10407,
                    "Actual Loops": 2,
                    "Inner Unique": false,
                    "Hash Cond": "(t.id = mc.movie_id)",
                    "Plans": [
                      {
                        "Node Type": "Bitmap Heap Scan",
                        "Parent Relationship": "Outer",
                        "Parallel Aware": true,
                        "Relation Name": "title",
                        "Alias": "t",
                        "Startup Cost": 11900.49,
                        "Total Cost": 53750.75,
                        "Plan Rows": 182676,
                        "Plan Width": 4,
                        "Actual Startup Time": 20.803,
                        "Actual Total Time": 78.043,
                        "Actual Rows": 200370,
                        "Actual Loops": 2,
                        "Recheck Cond": "(kind_id = 1)",
                        "Rows Removed by Index Recheck": 0,
                        "Filter": "(production_year < 2003)",
                        "Rows Removed by Filter": 131042,
                        "Exact Heap Blocks": 8311,
                        "Lossy Heap Blocks": 0,
                        "Plans": [
                          {
                            "Node Type": "Bitmap Index Scan",
                            "Parent Relationship": "Outer",
                            "Parallel Aware": false,
                            "Index Name": "kind_id_title",
                            "Startup Cost": 0.0,
                            "Total Cost": 11822.85,
                            "Plan Rows": 663256,
                            "Plan Width": 0,
                            "Actual Startup Time": 18.958,
                            "Actual Total Time": 18.959,
                            "Actual Rows": 662825,
                            "Actual Loops": 1,
                            "Index Cond": "(kind_id = 1)"
                          }
                        ]
                      },
                      {
                        "Node Type": "Hash",
                        "Parent Relationship": "Inner",
                        "Parallel Aware": true,
                        "Startup Cost": 20683.97,
                        "Total Cost": 20683.97,
                        "Plan Rows": 18619,
                        "Plan Width": 4,
                        "Actual Startup Time": 36.384,
                        "Actual Total Time": 36.385,
                        "Actual Rows": 29884,
                        "Actual Loops": 2,
                        "Hash Buckets": 65536,
                        "Original Hash Buckets": 32768,
                        "Hash Batches": 1,
                        "Original Hash Batches": 1,
                        "Peak Memory Usage": 3136,
                        "Plans": [
                          {
                            "Node Type": "Bitmap Heap Scan",
                            "Parent Relationship": "Outer",
                            "Parallel Aware": true,
                            "Relation Name": "movie_companies",
                            "Alias": "mc",
                            "Startup Cost": 1343.9,
                            "Total Cost": 20683.97,
                            "Plan Rows": 18619,
                            "Plan Width": 4,
                            "Actual Startup Time": 7.912,
                            "Actual Total Time": 24.706,
                            "Actual Rows": 29884,
                            "Actual Loops": 2,
                            "Recheck Cond": "(company_id > 183993)",
                            "Rows Removed by Index Recheck": 0,
                            "Filter": "(company_type_id = 2)",
                            "Rows Removed by Filter": 0,
                            "Exact Heap Blocks": 1519,
                            "Lossy Heap Blocks": 0,
                            "Plans": [
                              {
                                "Node Type": "Bitmap Index Scan",
                                "Parent Relationship": "Outer",
                                "Parallel Aware": false,
                                "Index Name": "company_id_movie_companies",
                                "Startup Cost": 0.0,
                                "Total Cost": 1335.99,
                                "Plan Rows": 62341,
                                "Plan Width": 0,
                                "Actual Startup Time": 11.826,
                                "Actual Total Time": 11.827,
                                "Actual Rows": 59768,
                                "Actual Loops": 1,
                                "Index Cond": "(company_id > 183993)"
                              }
                            ]
                          }
                        ]
                      }
                    ]
                  },
                  {
                    "Node Type": "Index Only Scan",
                    "Parent Relationship": "Inner",
                    "Parallel Aware": false,
                    "Scan Direction": "Forward",
                    "Index Name": "movie_id_cast_info",
                    "Relation Name": "cast_info",
                    "Alias": "ci",
                    "Startup Cost": 0.56,
                    "Total Cost": 6.14,
                    "Plan Rows": 37,
                    "Plan Width": 4,
                    "Actual Startup Time": 0.006,
                    "Actual Total Time": 0.038,
                    "Actual Rows": 27,
                    "Actual Loops": 20814,
                    "Index Cond": "(movie_id = t.id)",
                    "Rows Removed by Index Recheck": 0,
                    "Heap Fetches": 560457
                  }
                ]
              }
            ]
          }
        ]
      }
    ]
  },
  "Planning Time": 1.096,
  "Triggers": [],
  "Execution Time": 641.296
}