[
  {
    "Plan": {
      "Node Type": "Aggregate",
      "Strategy": "Plain",
      "Partial Mode": "Finalize",
      "Parallel Aware": false,
      "Startup Cost": 342611.82,
      "Total Cost": 342611.83,
      "Plan Rows": 1,
      "Plan Width": 8,
      "Actual Startup Time": 862.987,
      "Actual Total Time": 914.507,
      "Actual Rows": 1,
      "Actual Loops": 1,
      "Plans": [
        {
          "Node Type": "Gather",
          "Parent Relationship": "Outer",
          "Parallel Aware": false,
          "Startup Cost": 342611.19,
          "Total Cost": 342611.8,
          "Plan Rows": 6,
          "Plan Width": 8,
          "Actual Startup Time": 862.815,
          "Actual Total Time": 914.497,
          "Actual Rows": 7,
          "Actual Loops": 1,
          "Workers Planned": 6,
          "Workers Launched": 6,
          "Single Copy": false,
          "Plans": [
            {
              "Node Type": "Aggregate",
              "Strategy": "Plain",
              "Partial Mode": "Partial",
              "Parent Relationship": "Outer",
              "Parallel Aware": false,
              "Startup Cost": 341611.19,
              "Total Cost": 341611.2,
              "Plan Rows": 1,
              "Plan Width": 8,
              "Actual Startup Time": 856.105,
              "Actual Total Time": 856.107,
              "Actual Rows": 1,
              "Actual Loops": 7,
              "Plans": [
                {
                  "Node Type": "Seq Scan",
                  "Parent Relationship": "Outer",
                  "Parallel Aware": true,
                  "Relation Name": "cast_info",
                  "Alias": "ci",
                  "Startup Cost": 0.0,
                  "Total Cost": 328211.39,
                  "Plan Rows": 5359920,
                  "Plan Width": 0,
                  "Actual Startup Time": 51.106,
                  "Actual Total Time": 635.53,
                  "Actual Rows": 4571046,
                  "Actual Loops": 7,
                  "Filter": "(person_id > 409686)",
                  "Rows Removed by Filter": 606717
                }
              ]
            }
          ]
        }
      ]
    },
    "Planning Time": 0.204,
    "Triggers": [],
    "Execution Time": 914.576
  }
]