[
  {
    "Plan": {
      "Node Type": "Aggregate",
      "Strategy": "Plain",
      "Partial Mode": "Finalize",
      "Parallel Aware": false,
      "Startup Cost": 342534.53,
      "Total Cost": 342534.54,
      "Plan Rows": 1,
      "Plan Width": 8,
      "Actual Startup Time": 850.233,
      "Actual Total Time": 909.255,
      "Actual Rows": 1,
      "Actual Loops": 1,
      "Plans": [
        {
          "Node Type": "Gather",
          "Parent Relationship": "Outer",
          "Parallel Aware": false,
          "Startup Cost": 342533.9,
          "Total Cost": 342534.51,
          "Plan Rows": 6,
          "Plan Width": 8,
          "Actual Startup Time": 850.142,
          "Actual Total Time": 909.246,
          "Actual Rows": 7,
          "Actual Loops": 1,
          "Workers Planned": 6,
          "Workers Launched": 6,
          "Single Copy": false,
          "Plans": [
            {
              "Node Type": "Aggregate",
              "Strategy": "Plain",
              "Partial Mode": "Partial",
              "Parent Relationship": "Outer",
              "Parallel Aware": false,
              "Startup Cost": 341533.9,
              "Total Cost": 341533.91,
              "Plan Rows": 1,
              "Plan Width": 8,
              "Actual Startup Time": 841.154,
              "Actual Total Time": 841.154,
              "Actual Rows": 1,
              "Actual Loops": 7,
              "Plans": [
                {
                  "Node Type": "Seq Scan",
                  "Parent Relationship": "Outer",
                  "Parallel Aware": true,
                  "Relation Name": "cast_info",
                  "Alias": "ci",
                  "Startup Cost": 0.0,
                  "Total Cost": 328162.03,
                  "Plan Rows": 5348750,
                  "Plan Width": 0,
                  "Actual Startup Time": 54.982,
                  "Actual Total Time": 643.011,
                  "Actual Rows": 4571046,
                  "Actual Loops": 7,
                  "Filter": "(person_id > 409686)",
                  "Rows Removed by Filter": 606717
                }
              ]
            }
          ]
        }
      ]
    },
    "Planning Time": 0.196,
    "Triggers": [],
    "Execution Time": 909.329
  }
]