[
  {
    "Plan": {
      "Node Type": "Aggregate",
      "Strategy": "Plain",
      "Partial Mode": "Finalize",
      "Parallel Aware": false,
      "Startup Cost": 30887.51,
      "Total Cost": 30887.52,
      "Plan Rows": 1,
      "Plan Width": 8,
      "Actual Startup Time": 93.687,
      "Actual Total Time": 99.14,
      "Actual Rows": 1,
      "Actual Loops": 1,
      "Plans": [
        {
          "Node Type": "Gather",
          "Parent Relationship": "Outer",
          "Parallel Aware": false,
          "Startup Cost": 30887.19,
          "Total Cost": 30887.5,
          "Plan Rows": 3,
          "Plan Width": 8,
          "Actual Startup Time": 93.55,
          "Actual Total Time": 99.13,
          "Actual Rows": 4,
          "Actual Loops": 1,
          "Workers Planned": 3,
          "Workers Launched": 3,
          "Single Copy": false,
          "Plans": [
            {
              "Node Type": "Aggregate",
              "Strategy": "Plain",
              "Partial Mode": "Partial",
              "Parent Relationship": "Outer",
              "Parallel Aware": false,
              "Startup Cost": 29887.19,
              "Total Cost": 29887.2,
              "Plan Rows": 1,
              "Plan Width": 8,
              "Actual Startup Time": 85.404,
              "Actual Total Time": 85.404,
              "Actual Rows": 1,
              "Actual Loops": 4,
              "Plans": [
                {
                  "Node Type": "Seq Scan",
                  "Parent Relationship": "Outer",
                  "Parallel Aware": true,
                  "Relation Name": "movie_companies",
                  "Alias": "mc",
                  "Startup Cost": 0.0,
                  "Total Cost": 29310.68,
                  "Plan Rows": 230604,
                  "Plan Width": 0,
                  "Actual Startup Time": 0.045,
                  "Actual Total Time": 73.271,
                  "Actual Rows": 177510,
                  "Actual Loops": 4,
                  "Filter": "(company_id < 1368)",
                  "Rows Removed by Filter": 474772
                }
              ]
            }
          ]
        }
      ]
    },
    "Planning Time": 0.163,
    "Triggers": [],
    "Execution Time": 99.189
  }
]