[
  {
    "Plan": {
      "Node Type": "Aggregate",
      "Strategy": "Plain",
      "Partial Mode": "Finalize",
      "Parallel Aware": false,
      "Startup Cost": 223879.91,
      "Total Cost": 223879.92,
      "Plan Rows": 1,
      "Plan Width": 8,
      "Actual Startup Time": 358.637,
      "Actual Total Time": 393.793,
      "Actual Rows": 1,
      "Actual Loops": 1,
      "Plans": [
        {
          "Node Type": "Gather",
          "Parent Relationship": "Outer",
          "Parallel Aware": false,
          "Startup Cost": 223879.38,
          "Total Cost": 223879.89,
          "Plan Rows": 5,
          "Plan Width": 8,
          "Actual Startup Time": 358.135,
          "Actual Total Time": 393.782,
          "Actual Rows": 6,
          "Actual Loops": 1,
          "Workers Planned": 5,
          "Workers Launched": 5,
          "Single Copy": false,
          "Plans": [
            {
              "Node Type": "Aggregate",
              "Strategy": "Plain",
              "Partial Mode": "Partial",
              "Parent Relationship": "Outer",
              "Parallel Aware": false,
              "Startup Cost": 222879.38,
              "Total Cost": 222879.39,
              "Plan Rows": 1,
              "Plan Width": 8,
              "Actual Startup Time": 348.417,
              "Actual Total Time": 348.423,
              "Actual Rows": 1,
              "Actual Loops": 6,
              "Plans": [
                {
                  "Node Type": "Nested Loop",
                  "Parent Relationship": "Outer",
                  "Parallel Aware": false,
                  "Join Type": "Inner",
                  "Startup Cost": 50948.71,
                  "Total Cost": 222871.06,
                  "Plan Rows": 3328,
                  "Plan Width": 0,
                  "Actual Startup Time": 117.224,
                  "Actual Total Time": 341.033,
                  "Actual Rows": 123476,
                  "Actual Loops": 6,
                  "Inner Unique": false,
                  "Join Filter": "(t.id = ci.movie_id)",
                  "Rows Removed by Join Filter": 0,
                  "Plans": [
                    {
                      "Node Type": "Hash Join",
                      "Parent Relationship": "Outer",
                      "Parallel Aware": true,
                      "Join Type": "Inner",
                      "Startup Cost": 50948.14,
                      "Total Cost": 217108.35,
                      "Plan Rows": 880,
                      "Plan Width": 8,
                      "Actual Startup Time": 116.118,
                      "Actual Total Time": 122.794,
                      "Actual Rows": 2506,
                      "Actual Loops": 6,
                      "Inner Unique": true,
                      "Hash Cond": "(mi.movie_id = t.id)",
                      "Plans": [
                        {
                          "Node Type": "Bitmap Heap Scan",
                          "Parent Relationship": "Outer",
                          "Parallel Aware": true,
                          "Relation Name": "movie_info",
                          "Alias": "mi",
                          "Startup Cost": 5351.18,
                          "Total Cost": 171355.94,
                          "Plan Rows": 59219,
                          "Plan Width": 4,
                          "Actual Startup Time": 15.389,
                          "Actual Total Time": 27.723,
                          "Actual Rows": 51131,
                          "Actual Loops": 6,
                          "Recheck Cond": "(info_type_id > 105)",
                          "Rows Removed by Index Recheck": 0,
                          "Exact Heap Blocks": 1305,
                          "Lossy Heap Blocks": 0,
                          "Plans": [
                            {
                              "Node Type": "Bitmap Index Scan",
                              "Parent Relationship": "Outer",
                              "Parallel Aware": false,
                              "Index Name": "info_type_id_movie_info",
                              "Startup Cost": 0.0,
                              "Total Cost": 5277.15,
                              "Plan Rows": 296096,
                              "Plan Width": 0,
                              "Actual Startup Time": 14.181,
                              "Actual Total Time": 14.182,
                              "Actual Rows": 306788,
                              "Actual Loops": 1,
                              "Index Cond": "(info_type_id > 105)"
                            }
                          ]
                        },
                        {
                          "Node Type": "Hash",
                          "Parent Relationship": "Inner",
                          "Parallel Aware": true,
                          "Startup Cost": 45479.59,
                          "Total Cost": 45479.59,
                          "Plan Rows": 9390,
                          "Plan Width": 4,
                          "Actual Startup Time": 87.964,
                          "Actual Total Time": 87.965,
                          "Actual Rows": 5370,
                          "Actual Loops": 6,
                          "Hash Buckets": 65536,
                          "Original Hash Buckets": 65536,
                          "Hash Batches": 1,
                          "Original Hash Batches": 1,
                          "Peak Memory Usage": 1888,
                          "Plans": [
                            {
                              "Node Type": "Seq Scan",
                              "Parent Relationship": "Outer",
                              "Parallel Aware": true,
                              "Relation Name": "title",
                              "Alias": "t",
                              "Startup Cost": 0.0,
                              "Total Cost": 45479.59,
                              "Plan Rows": 9390,
                              "Plan Width": 4,
                              "Actual Startup Time": 0.171,
                              "Actual Total Time": 84.64,
                              "Actual Rows": 5370,
                              "Actual Loops": 6,
                              "Filter": "((kind_id < 3) AND (production_year = 2009))",
                              "Rows Removed by Filter": 416016
                            }
                          ]
                        }
                      ]
                    },
                    {
                      "Node Type": "Index Scan",
                      "Parent Relationship": "Inner",
                      "Parallel Aware": false,
                      "Scan Direction": "Forward",
                      "Index Name": "movie_id_cast_info",
                      "Relation Name": "cast_info",
                      "Alias": "ci",
                      "Startup Cost": 0.56,
                      "Total Cost": 6.44,
                      "Plan Rows": 9,
                      "Plan Width": 4,
                      "Actual Startup Time": 0.038,
                      "Actual Total Time": 0.081,
                      "Actual Rows": 49,
                      "Actual Loops": 15036,
                      "Index Cond": "(movie_id = mi.movie_id)",
                      "Rows Removed by Index Recheck": 0,
                      "Filter": "(person_id > 2758013)",
                      "Rows Removed by Filter": 81
                    }
                  ]
                }
              ]
            }
          ]
        }
      ]
    },
    "Planning Time": 1.397,
    "Triggers": [],
    "Execution Time": 393.94
  }
]