[
  {
    "Plan": {
      "Node Type": "Aggregate",
      "Strategy": "Plain",
      "Partial Mode": "Finalize",
      "Parallel Aware": false,
      "Startup Cost": 25882.64,
      "Total Cost": 25882.65,
      "Plan Rows": 1,
      "Plan Width": 8,
      "Actual Startup Time": 81.044,
      "Actual Total Time": 87.316,
      "Actual Rows": 1,
      "Actual Loops": 1,
      "Plans": [
        {
          "Node Type": "Gather",
          "Parent Relationship": "Outer",
          "Parallel Aware": false,
          "Startup Cost": 25882.32,
          "Total Cost": 25882.63,
          "Plan Rows": 3,
          "Plan Width": 8,
          "Actual Startup Time": 80.823,
          "Actual Total Time": 87.307,
          "Actual Rows": 4,
          "Actual Loops": 1,
          "Workers Planned": 3,
          "Workers Launched": 3,
          "Single Copy": false,
          "Plans": [
            {
              "Node Type": "Aggregate",
              "Strategy": "Plain",
              "Partial Mode": "Partial",
              "Parent Relationship": "Outer",
              "Parallel Aware": false,
              "Startup Cost": 24882.32,
              "Total Cost": 24882.33,
              "Plan Rows": 1,
              "Plan Width": 8,
              "Actual Startup Time": 73.189,
              "Actual Total Time": 73.19,
              "Actual Rows": 1,
              "Actual Loops": 4,
              "Plans": [
                {
                  "Node Type": "Bitmap Heap Scan",
                  "Parent Relationship": "Outer",
                  "Parallel Aware": true,
                  "Relation Name": "movie_companies",
                  "Alias": "mc",
                  "Startup Cost": 4980.77,
                  "Total Cost": 24697.06,
                  "Plan Rows": 74104,
                  "Plan Width": 0,
                  "Actual Startup Time": 27.063,
                  "Actual Total Time": 68.692,
                  "Actual Rows": 57401,
                  "Actual Loops": 4,
                  "Recheck Cond": "(company_id < 92)",
                  "Rows Removed by Index Recheck": 0,
                  "Exact Heap Blocks": 10936,
                  "Lossy Heap Blocks": 0,
                  "Plans": [
                    {
                      "Node Type": "Bitmap Index Scan",
                      "Parent Relationship": "Outer",
                      "Parallel Aware": false,
                      "Index Name": "company_id_movie_companies",
                      "Startup Cost": 0.0,
                      "Total Cost": 4923.34,
                      "Plan Rows": 229721,
                      "Plan Width": 0,
                      "Actual Startup Time": 29.767,
                      "Actual Total Time": 29.767,
                      "Actual Rows": 229604,
                      "Actual Loops": 1,
                      "Index Cond": "(company_id < 92)"
                    }
                  ]
                }
              ]
            }
          ]
        }
      ]
    },
    "Planning Time": 0.161,
    "Triggers": [],
    "Execution Time": 87.378
  }
]