[
  {
    "Plan": {
      "Node Type": "Aggregate",
      "Strategy": "Plain",
      "Partial Mode": "Finalize",
      "Parallel Aware": false,
      "Startup Cost": 45408.51,
      "Total Cost": 45408.52,
      "Plan Rows": 1,
      "Plan Width": 8,
      "Actual Startup Time": 178.079,
      "Actual Total Time": 190.777,
      "Actual Rows": 1,
      "Actual Loops": 1,
      "Plans": [
        {
          "Node Type": "Gather",
          "Parent Relationship": "Outer",
          "Parallel Aware": false,
          "Startup Cost": 45408.19,
          "Total Cost": 45408.5,
          "Plan Rows": 3,
          "Plan Width": 8,
          "Actual Startup Time": 177.775,
          "Actual Total Time": 190.764,
          "Actual Rows": 4,
          "Actual Loops": 1,
          "Workers Planned": 3,
          "Workers Launched": 3,
          "Single Copy": false,
          "Plans": [
            {
              "Node Type": "Aggregate",
              "Strategy": "Plain",
              "Partial Mode": "Partial",
              "Parent Relationship": "Outer",
              "Parallel Aware": false,
              "Startup Cost": 44408.19,
              "Total Cost": 44408.2,
              "Plan Rows": 1,
              "Plan Width": 8,
              "Actual Startup Time": 170.643,
              "Actual Total Time": 170.644,
              "Actual Rows": 1,
              "Actual Loops": 4,
              "Plans": [
                {
                  "Node Type": "Seq Scan",
                  "Parent Relationship": "Outer",
                  "Parallel Aware": true,
                  "Relation Name": "movie_keyword",
                  "Alias": "mk",
                  "Startup Cost": 0.0,
                  "Total Cost": 42695.65,
                  "Plan Rows": 685016,
                  "Plan Width": 0,
                  "Actual Startup Time": 0.043,
                  "Actual Total Time": 139.038,
                  "Actual Rows": 534002,
                  "Actual Loops": 4,
                  "Filter": "(keyword_id < 3960)",
                  "Rows Removed by Filter": 596980
                }
              ]
            }
          ]
        }
      ]
    },
    "Planning Time": 0.159,
    "Triggers": [],
    "Execution Time": 190.868
  }
]