[
  {
    "Plan": {
      "Node Type": "Aggregate",
      "Strategy": "Plain",
      "Partial Mode": "Finalize",
      "Parallel Aware": false,
      "Startup Cost": 44896.96,
      "Total Cost": 44896.97,
      "Plan Rows": 1,
      "Plan Width": 8,
      "Actual Startup Time": 166.926,
      "Actual Total Time": 175.638,
      "Actual Rows": 1,
      "Actual Loops": 1,
      "Plans": [
        {
          "Node Type": "Gather",
          "Parent Relationship": "Outer",
          "Parallel Aware": false,
          "Startup Cost": 44896.64,
          "Total Cost": 44896.95,
          "Plan Rows": 3,
          "Plan Width": 8,
          "Actual Startup Time": 166.784,
          "Actual Total Time": 175.628,
          "Actual Rows": 4,
          "Actual Loops": 1,
          "Workers Planned": 3,
          "Workers Launched": 3,
          "Single Copy": false,
          "Plans": [
            {
              "Node Type": "Aggregate",
              "Strategy": "Plain",
              "Partial Mode": "Partial",
              "Parent Relationship": "Outer",
              "Parallel Aware": false,
              "Startup Cost": 43896.64,
              "Total Cost": 43896.65,
              "Plan Rows": 1,
              "Plan Width": 8,
              "Actual Startup Time": 161.109,
              "Actual Total Time": 161.111,
              "Actual Rows": 1,
              "Actual Loops": 4,
              "Plans": [
                {
                  "Node Type": "Seq Scan",
                  "Parent Relationship": "Outer",
                  "Parallel Aware": true,
                  "Relation Name": "movie_keyword",
                  "Alias": "mk",
                  "Startup Cost": 0.0,
                  "Total Cost": 42695.65,
                  "Plan Rows": 480394,
                  "Plan Width": 0,
                  "Actual Startup Time": 1.583,
                  "Actual Total Time": 137.21,
                  "Actual Rows": 374145,
                  "Actual Loops": 4,
                  "Filter": "(keyword_id > 10835)",
                  "Rows Removed by Filter": 756837
                }
              ]
            }
          ]
        }
      ]
    },
    "Planning Time": 0.165,
    "Triggers": [],
    "Execution Time": 175.689
  }
]