[
  {
    "Plan": {
      "Node Type": "Aggregate",
      "Strategy": "Plain",
      "Partial Mode": "Finalize",
      "Parallel Aware": false,
      "Startup Cost": 152190.76,
      "Total Cost": 152190.77,
      "Plan Rows": 1,
      "Plan Width": 8,
      "Actual Startup Time": 106.796,
      "Actual Total Time": 119.856,
      "Actual Rows": 1,
      "Actual Loops": 1,
      "Plans": [
        {
          "Node Type": "Gather",
          "Parent Relationship": "Outer",
          "Parallel Aware": false,
          "Startup Cost": 152190.34,
          "Total Cost": 152190.75,
          "Plan Rows": 4,
          "Plan Width": 8,
          "Actual Startup Time": 106.632,
          "Actual Total Time": 119.848,
          "Actual Rows": 5,
          "Actual Loops": 1,
          "Workers Planned": 4,
          "Workers Launched": 4,
          "Single Copy": false,
          "Plans": [
            {
              "Node Type": "Aggregate",
              "Strategy": "Plain",
              "Partial Mode": "Partial",
              "Parent Relationship": "Outer",
              "Parallel Aware": false,
              "Startup Cost": 151190.34,
              "Total Cost": 151190.35,
              "Plan Rows": 1,
              "Plan Width": 8,
              "Actual Startup Time": 101.155,
              "Actual Total Time": 101.156,
              "Actual Rows": 1,
              "Actual Loops": 5,
              "Plans": [
                {
                  "Node Type": "Nested Loop",
                  "Parent Relationship": "Outer",
                  "Parallel Aware": false,
                  "Join Type": "Inner",
                  "Startup Cost": 0.43,
                  "Total Cost": 151176.73,
                  "Plan Rows": 5443,
                  "Plan Width": 0,
                  "Actual Startup Time": 52.405,
                  "Actual Total Time": 100.507,
                  "Actual Rows": 7397,
                  "Actual Loops": 5,
                  "Inner Unique": false,
                  "Plans": [
                    {
                      "Node Type": "Seq Scan",
                      "Parent Relationship": "Outer",
                      "Parallel Aware": true,
                      "Relation Name": "title",
                      "Alias": "t",
                      "Startup Cost": 0.0,
                      "Total Cost": 43899.32,
                      "Plan Rows": 927,
                      "Plan Width": 4,
                      "Actual Startup Time": 52.303,
                      "Actual Total Time": 75.699,
                      "Actual Rows": 723,
                      "Actual Loops": 5,
                      "Filter": "(production_year = 1919)",
                      "Rows Removed by Filter": 504940
                    },
                    {
                      "Node Type": "Index Only Scan",
                      "Parent Relationship": "Inner",
                      "Parallel Aware": false,
                      "Scan Direction": "Forward",
                      "Index Name": "movie_id_movie_info",
                      "Relation Name": "movie_info",
                      "Alias": "mi",
                      "Startup Cost": 0.43,
                      "Total Cost": 115.32,
                      "Plan Rows": 41,
                      "Plan Width": 4,
                      "Actual Startup Time": 0.015,
                      "Actual Total Time": 0.033,
                      "Actual Rows": 10,
                      "Actual Loops": 3613,
                      "Index Cond": "(movie_id = t.id)",
                      "Rows Removed by Index Recheck": 0,
                      "Heap Fetches": 36985
                    }
                  ]
                }
              ]
            }
          ]
        }
      ]
    },
    "Planning Time": 0.224,
    "Triggers": [],
    "Execution Time": 119.894
  }
]