[
  {
    "Plan": {
      "Node Type": "Aggregate",
      "Strategy": "Plain",
      "Partial Mode": "Finalize",
      "Parallel Aware": false,
      "Startup Cost": 166570.11,
      "Total Cost": 166570.12,
      "Plan Rows": 1,
      "Plan Width": 8,
      "Actual Startup Time": 115.159,
      "Actual Total Time": 132.319,
      "Actual Rows": 1,
      "Actual Loops": 1,
      "Plans": [
        {
          "Node Type": "Gather",
          "Parent Relationship": "Outer",
          "Parallel Aware": false,
          "Startup Cost": 166569.69,
          "Total Cost": 166570.1,
          "Plan Rows": 4,
          "Plan Width": 8,
          "Actual Startup Time": 115.031,
          "Actual Total Time": 132.312,
          "Actual Rows": 5,
          "Actual Loops": 1,
          "Workers Planned": 4,
          "Workers Launched": 4,
          "Single Copy": false,
          "Plans": [
            {
              "Node Type": "Aggregate",
              "Strategy": "Plain",
              "Partial Mode": "Partial",
              "Parent Relationship": "Outer",
              "Parallel Aware": false,
              "Startup Cost": 165569.69,
              "Total Cost": 165569.7,
              "Plan Rows": 1,
              "Plan Width": 8,
              "Actual Startup Time": 107.063,
              "Actual Total Time": 107.064,
              "Actual Rows": 1,
              "Actual Loops": 5,
              "Plans": [
                {
                  "Node Type": "Nested Loop",
                  "Parent Relationship": "Outer",
                  "Parallel Aware": false,
                  "Join Type": "Inner",
                  "Startup Cost": 0.43,
                  "Total Cost": 165553.68,
                  "Plan Rows": 6406,
                  "Plan Width": 0,
                  "Actual Startup Time": 59.067,
                  "Actual Total Time": 106.496,
                  "Actual Rows": 7397,
                  "Actual Loops": 5,
                  "Inner Unique": false,
                  "Plans": [
                    {
                      "Node Type": "Seq Scan",
                      "Parent Relationship": "Outer",
                      "Parallel Aware": true,
                      "Relation Name": "title",
                      "Alias": "t",
                      "Startup Cost": 0.0,
                      "Total Cost": 43898.92,
                      "Plan Rows": 1096,
                      "Plan Width": 4,
                      "Actual Startup Time": 58.973,
                      "Actual Total Time": 81.052,
                      "Actual Rows": 723,
                      "Actual Loops": 5,
                      "Filter": "(production_year = 1919)",
                      "Rows Removed by Filter": 504940
                    },
                    {
                      "Node Type": "Index Only Scan",
                      "Parent Relationship": "Inner",
                      "Parallel Aware": false,
                      "Scan Direction": "Forward",
                      "Index Name": "movie_id_movie_info",
                      "Relation Name": "movie_info",
                      "Alias": "mi",
                      "Startup Cost": 0.43,
                      "Total Cost": 110.58,
                      "Plan Rows": 42,
                      "Plan Width": 4,
                      "Actual Startup Time": 0.013,
                      "Actual Total Time": 0.034,
                      "Actual Rows": 10,
                      "Actual Loops": 3613,
                      "Index Cond": "(movie_id = t.id)",
                      "Rows Removed by Index Recheck": 0,
                      "Heap Fetches": 36985
                    }
                  ]
                }
              ]
            }
          ]
        }
      ]
    },
    "Planning Time": 0.574,
    "Triggers": [],
    "Execution Time": 132.391
  }
]