{
  "Plan": {
    "Node Type": "Aggregate",
    "Strategy": "Plain",
    "Partial Mode": "Finalize",
    "Parallel Aware": false,
    "Startup Cost": 1116738.31,
    "Total Cost": 1116738.32,
    "Plan Rows": 1,
    "Plan Width": 8,
    "Actual Startup Time": 7701.195,
    "Actual Total Time": 7808.317,
    "Actual Rows": 1,
    "Actual Loops": 1,
    "Plans": [
      {
        "Node Type": "Gather",
        "Parent Relationship": "Outer",
        "Parallel Aware": false,
        "Startup Cost": 1116738.2,
        "Total Cost": 1116738.31,
        "Plan Rows": 1,
        "Plan Width": 8,
        "Actual Startup Time": 7693.193,
        "Actual Total Time": 7808.307,
        "Actual Rows": 2,
        "Actual Loops": 1,
        "Workers Planned": 1,
        "Workers Launched": 1,
        "Single Copy": false,
        "Plans": [
          {
            "Node Type": "Aggregate",
            "Strategy": "Plain",
            "Partial Mode": "Partial",
            "Parent Relationship": "Outer",
            "Parallel Aware": false,
            "Startup Cost": 1115738.2,
            "Total Cost": 1115738.21,
            "Plan Rows": 1,
            "Plan Width": 8,
            "Actual Startup Time": 7674.479,
            "Actual Total Time": 7674.664,
            "Actual Rows": 1,
            "Actual Loops": 2,
            "Plans": [
              {
                "Node Type": "Hash Join",
                "Parent Relationship": "Outer",
                "Parallel Aware": true,
                "Join Type": "Inner",
                "Startup Cost": 618202.03,
                "Total Cost": 1074020.5,
                "Plan Rows": 16687078,
                "Plan Width": 0,
                "Actual Startup Time": 4546.972,
                "Actual Total Time": 7366.363,
                "Actual Rows": 7402406,
                "Actual Loops": 2,
                "Inner Unique": false,
                "Hash Cond": "(mi.movie_id = t.id)",
                "Plans": [
                  {
                    "Node Type": "Seq Scan",
                    "Parent Relationship": "Outer",
                    "Parallel Aware": true,
                    "Relation Name": "movie_info",
                    "Alias": "mi",
                    "Startup Cost": 0.0,
                    "Total Cost": 248955.74,
                    "Plan Rows": 8696274,
                    "Plan Width": 4,
                    "Actual Startup Time": 0.015,
                    "Actual Total Time": 601.739,
                    "Actual Rows": 7417860,
                    "Actual Loops": 2
                  },
                  {
                    "Node Type": "Hash",
                    "Parent Relationship": "Inner",
                    "Parallel Aware": true,
                    "Startup Cost": 582529.36,
                    "Total Cost": 582529.36,
                    "Plan Rows": 2853814,
                    "Plan Width": 8,
                    "Actual Startup Time": 4505.035,
                    "Actual Total Time": 4505.217,
                    "Actual Rows": 1176728,
                    "Actual Loops": 2,
                    "Hash Buckets": 8388608,
                    "Original Hash Buckets": 8388608,
                    "Hash Batches": 1,
                    "Original Hash Batches": 1,
                    "Peak Memory Usage": 157632,
                    "Plans": [
                      {
                        "Node Type": "Hash Join",
                        "Parent Relationship": "Outer",
                        "Parallel Aware": true,
                        "Join Type": "Inner",
                        "Startup Cost": 60796.01,
                        "Total Cost": 582529.36,
                        "Plan Rows": 2853814,
                        "Plan Width": 8,
                        "Actual Startup Time": 198.737,
                        "Actual Total Time": 4060.375,
                        "Actual Rows": 1176728,
                        "Actual Loops": 2,
                        "Inner Unique": true,
                        "Hash Cond": "(ci.movie_id = t.id)",
                        "Plans": [
                          {
                            "Node Type": "Seq Scan",
                            "Parent Relationship": "Outer",
                            "Parallel Aware": true,
                            "Relation Name": "cast_info",
                            "Alias": "ci",
                            "Startup Cost": 0.0,
                            "Total Cost": 465792.95,
                            "Plan Rows": 21310595,
                            "Plan Width": 4,
                            "Actual Startup Time": 0.014,
                            "Actual Total Time": 1376.355,
                            "Actual Rows": 18122172,
                            "Actual Loops": 2
                          },
                          {
                            "Node Type": "Hash",
                            "Parent Relationship": "Inner",
                            "Parallel Aware": true,
                            "Startup Cost": 58306.47,
                            "Total Cost": 58306.47,
                            "Plan Rows": 199163,
                            "Plan Width": 4,
                            "Actual Startup Time": 196.507,
                            "Actual Total Time": 196.508,
                            "Actual Rows": 105514,
                            "Actual Loops": 2,
                            "Hash Buckets": 524288,
                            "Original Hash Buckets": 524288,
                            "Hash Batches": 1,
                            "Original Hash Batches": 1,
                            "Peak Memory Usage": 12384,
                            "Plans": [
                              {
                                "Node Type": "Seq Scan",
                                "Parent Relationship": "Outer",
                                "Parallel Aware": true,
                                "Relation Name": "title",
                                "Alias": "t",
                                "Startup Cost": 0.0,
                                "Total Cost": 58306.47,
                                "Plan Rows": 199163,
                                "Plan Width": 4,
                                "Actual Startup Time": 0.031,
                                "Actual Total Time": 161.201,
                                "Actual Rows": 105514,
                                "Actual Loops": 2,
                                "Filter": "((kind_id > 3) AND (production_year < 1981))",
                                "Rows Removed by Filter": 1158642
                              }
                            ]
                          }
                        ]
                      }
                    ]
                  }
                ]
              }
            ]
          }
        ]
      }
    ]
  },
  "Planning Time": 0.95,
  "Triggers": [],
  "Execution Time": 7808.412
}