[
  {
    "Plan": {
      "Node Type": "Aggregate",
      "Strategy": "Plain",
      "Partial Mode": "Finalize",
      "Parallel Aware": false,
      "Startup Cost": 346216.95,
      "Total Cost": 346216.96,
      "Plan Rows": 1,
      "Plan Width": 8,
      "Actual Startup Time": 673.821,
      "Actual Total Time": 716.606,
      "Actual Rows": 1,
      "Actual Loops": 1,
      "Plans": [
        {
          "Node Type": "Gather",
          "Parent Relationship": "Outer",
          "Parallel Aware": false,
          "Startup Cost": 346216.33,
          "Total Cost": 346216.94,
          "Plan Rows": 6,
          "Plan Width": 8,
          "Actual Startup Time": 673.619,
          "Actual Total Time": 716.59,
          "Actual Rows": 7,
          "Actual Loops": 1,
          "Workers Planned": 6,
          "Workers Launched": 6,
          "Single Copy": false,
          "Plans": [
            {
              "Node Type": "Aggregate",
              "Strategy": "Plain",
              "Partial Mode": "Partial",
              "Parent Relationship": "Outer",
              "Parallel Aware": false,
              "Startup Cost": 345216.33,
              "Total Cost": 345216.34,
              "Plan Rows": 1,
              "Plan Width": 8,
              "Actual Startup Time": 666.711,
              "Actual Total Time": 666.714,
              "Actual Rows": 1,
              "Actual Loops": 7,
              "Plans": [
                {
                  "Node Type": "Seq Scan",
                  "Parent Relationship": "Outer",
                  "Parallel Aware": true,
                  "Relation Name": "cast_info",
                  "Alias": "ci",
                  "Startup Cost": 0.0,
                  "Total Cost": 343316.27,
                  "Plan Rows": 760023,
                  "Plan Width": 0,
                  "Actual Startup Time": 0.041,
                  "Actual Total Time": 622.419,
                  "Actual Rows": 854679,
                  "Actual Loops": 7,
                  "Filter": "((person_id < 810994) AND (role_id < 3))",
                  "Rows Removed by Filter": 4323085
                }
              ]
            }
          ]
        }
      ]
    },
    "Planning Time": 0.242,
    "Triggers": [],
    "Execution Time": 716.678
  }
]