[
  {
    "Plan": {
      "Node Type": "Aggregate",
      "Strategy": "Plain",
      "Partial Mode": "Finalize",
      "Parallel Aware": false,
      "Startup Cost": 346113.84,
      "Total Cost": 346113.85,
      "Plan Rows": 1,
      "Plan Width": 8,
      "Actual Startup Time": 662.158,
      "Actual Total Time": 717.643,
      "Actual Rows": 1,
      "Actual Loops": 1,
      "Plans": [
        {
          "Node Type": "Gather",
          "Parent Relationship": "Outer",
          "Parallel Aware": false,
          "Startup Cost": 346113.22,
          "Total Cost": 346113.83,
          "Plan Rows": 6,
          "Plan Width": 8,
          "Actual Startup Time": 662.035,
          "Actual Total Time": 717.625,
          "Actual Rows": 7,
          "Actual Loops": 1,
          "Workers Planned": 6,
          "Workers Launched": 6,
          "Single Copy": false,
          "Plans": [
            {
              "Node Type": "Aggregate",
              "Strategy": "Plain",
              "Partial Mode": "Partial",
              "Parent Relationship": "Outer",
              "Parallel Aware": false,
              "Startup Cost": 345113.22,
              "Total Cost": 345113.23,
              "Plan Rows": 1,
              "Plan Width": 8,
              "Actual Startup Time": 655.4,
              "Actual Total Time": 655.401,
              "Actual Rows": 1,
              "Actual Loops": 7,
              "Plans": [
                {
                  "Node Type": "Seq Scan",
                  "Parent Relationship": "Outer",
                  "Parallel Aware": true,
                  "Relation Name": "cast_info",
                  "Alias": "ci",
                  "Startup Cost": 0.0,
                  "Total Cost": 343257.03,
                  "Plan Rows": 742475,
                  "Plan Width": 0,
                  "Actual Startup Time": 0.038,
                  "Actual Total Time": 616.055,
                  "Actual Rows": 854679,
                  "Actual Loops": 7,
                  "Filter": "((person_id < 810994) AND (role_id < 3))",
                  "Rows Removed by Filter": 4323085
                }
              ]
            }
          ]
        }
      ]
    },
    "Planning Time": 0.13,
    "Triggers": [],
    "Execution Time": 717.695
  }
]