[
  {
    "Plan": {
      "Node Type": "Aggregate",
      "Strategy": "Plain",
      "Partial Mode": "Finalize",
      "Parallel Aware": false,
      "Startup Cost": 46525.92,
      "Total Cost": 46525.93,
      "Plan Rows": 1,
      "Plan Width": 8,
      "Actual Startup Time": 160.317,
      "Actual Total Time": 169.893,
      "Actual Rows": 1,
      "Actual Loops": 1,
      "Plans": [
        {
          "Node Type": "Gather",
          "Parent Relationship": "Outer",
          "Parallel Aware": false,
          "Startup Cost": 46525.6,
          "Total Cost": 46525.91,
          "Plan Rows": 3,
          "Plan Width": 8,
          "Actual Startup Time": 160.193,
          "Actual Total Time": 169.884,
          "Actual Rows": 4,
          "Actual Loops": 1,
          "Workers Planned": 3,
          "Workers Launched": 3,
          "Single Copy": false,
          "Plans": [
            {
              "Node Type": "Aggregate",
              "Strategy": "Plain",
              "Partial Mode": "Partial",
              "Parent Relationship": "Outer",
              "Parallel Aware": false,
              "Startup Cost": 45525.6,
              "Total Cost": 45525.61,
              "Plan Rows": 1,
              "Plan Width": 8,
              "Actual Startup Time": 154.752,
              "Actual Total Time": 154.753,
              "Actual Rows": 1,
              "Actual Loops": 4,
              "Plans": [
                {
                  "Node Type": "Seq Scan",
                  "Parent Relationship": "Outer",
                  "Parallel Aware": true,
                  "Relation Name": "movie_keyword",
                  "Alias": "mk",
                  "Startup Cost": 0.0,
                  "Total Cost": 42695.65,
                  "Plan Rows": 1131979,
                  "Plan Width": 0,
                  "Actual Startup Time": 0.085,
                  "Actual Total Time": 117.556,
                  "Actual Rows": 875787,
                  "Actual Loops": 4,
                  "Filter": "(keyword_id > 992)",
                  "Rows Removed by Filter": 255196
                }
              ]
            }
          ]
        }
      ]
    },
    "Planning Time": 0.103,
    "Triggers": [],
    "Execution Time": 169.927
  }
]