[
  {
    "Plan": {
      "Node Type": "Aggregate",
      "Strategy": "Plain",
      "Partial Mode": "Finalize",
      "Parallel Aware": false,
      "Startup Cost": 84396.3,
      "Total Cost": 84396.31,
      "Plan Rows": 1,
      "Plan Width": 8,
      "Actual Startup Time": 256.972,
      "Actual Total Time": 273.824,
      "Actual Rows": 1,
      "Actual Loops": 1,
      "Plans": [
        {
          "Node Type": "Gather",
          "Parent Relationship": "Outer",
          "Parallel Aware": false,
          "Startup Cost": 84395.99,
          "Total Cost": 84396.3,
          "Plan Rows": 3,
          "Plan Width": 8,
          "Actual Startup Time": 255.115,
          "Actual Total Time": 273.814,
          "Actual Rows": 4,
          "Actual Loops": 1,
          "Workers Planned": 3,
          "Workers Launched": 3,
          "Single Copy": false,
          "Plans": [
            {
              "Node Type": "Aggregate",
              "Strategy": "Plain",
              "Partial Mode": "Partial",
              "Parent Relationship": "Outer",
              "Parallel Aware": false,
              "Startup Cost": 83395.99,
              "Total Cost": 83396.0,
              "Plan Rows": 1,
              "Plan Width": 8,
              "Actual Startup Time": 247.603,
              "Actual Total Time": 247.607,
              "Actual Rows": 1,
              "Actual Loops": 4,
              "Plans": [
                {
                  "Node Type": "Hash Join",
                  "Parent Relationship": "Outer",
                  "Parallel Aware": true,
                  "Join Type": "Inner",
                  "Startup Cost": 56577.36,
                  "Total Cost": 83345.98,
                  "Plan Rows": 20002,
                  "Plan Width": 0,
                  "Actual Startup Time": 181.966,
                  "Actual Total Time": 246.443,
                  "Actual Rows": 19652,
                  "Actual Loops": 4,
                  "Inner Unique": true,
                  "Hash Cond": "(mk.movie_id = t.id)",
                  "Plans": [
                    {
                      "Node Type": "Bitmap Heap Scan",
                      "Parent Relationship": "Outer",
                      "Parallel Aware": true,
                      "Relation Name": "movie_keyword",
                      "Alias": "mk",
                      "Startup Cost": 10065.05,
                      "Total Cost": 36431.96,
                      "Plan Rows": 153033,
                      "Plan Width": 4,
                      "Actual Startup Time": 30.322,
                      "Actual Total Time": 89.896,
                      "Actual Rows": 118136,
                      "Actual Loops": 4,
                      "Recheck Cond": "(keyword_id < 359)",
                      "Rows Removed by Index Recheck": 0,
                      "Exact Heap Blocks": 8115,
                      "Lossy Heap Blocks": 0,
                      "Plans": [
                        {
                          "Node Type": "Bitmap Index Scan",
                          "Parent Relationship": "Outer",
                          "Parallel Aware": false,
                          "Index Name": "keyword_id_movie_keyword",
                          "Startup Cost": 0.0,
                          "Total Cost": 9946.45,
                          "Plan Rows": 474402,
                          "Plan Width": 0,
                          "Actual Startup Time": 26.472,
                          "Actual Total Time": 26.473,
                          "Actual Rows": 472545,
                          "Actual Loops": 1,
                          "Index Cond": "(keyword_id < 359)"
                        }
                      ]
                    },
                    {
                      "Node Type": "Hash",
                      "Parent Relationship": "Inner",
                      "Parallel Aware": true,
                      "Startup Cost": 45479.59,
                      "Total Cost": 45479.59,
                      "Plan Rows": 82618,
                      "Plan Width": 4,
                      "Actual Startup Time": 127.296,
                      "Actual Total Time": 127.297,
                      "Actual Rows": 63893,
                      "Actual Loops": 4,
                      "Hash Buckets": 524288,
                      "Original Hash Buckets": 524288,
                      "Hash Batches": 1,
                      "Original Hash Batches": 1,
                      "Peak Memory Usage": 14208,
                      "Plans": [
                        {
                          "Node Type": "Seq Scan",
                          "Parent Relationship": "Outer",
                          "Parallel Aware": true,
                          "Relation Name": "title",
                          "Alias": "t",
                          "Startup Cost": 0.0,
                          "Total Cost": 45479.59,
                          "Plan Rows": 82618,
                          "Plan Width": 4,
                          "Actual Startup Time": 48.158,
                          "Actual Total Time": 104.318,
                          "Actual Rows": 63893,
                          "Actual Loops": 4,
                          "Filter": "((production_year > 2002) AND (kind_id = 1))",
                          "Rows Removed by Filter": 568185
                        }
                      ]
                    }
                  ]
                }
              ]
            }
          ]
        }
      ]
    },
    "Planning Time": 0.445,
    "Triggers": [],
    "Execution Time": 273.886
  }
]