[
  {
    "Plan": {
      "Node Type": "Aggregate",
      "Strategy": "Plain",
      "Partial Mode": "Finalize",
      "Parallel Aware": false,
      "Startup Cost": 293121.92,
      "Total Cost": 293121.93,
      "Plan Rows": 1,
      "Plan Width": 8,
      "Actual Startup Time": 1347.048,
      "Actual Total Time": 1396.87,
      "Actual Rows": 1,
      "Actual Loops": 1,
      "Plans": [
        {
          "Node Type": "Gather",
          "Parent Relationship": "Outer",
          "Parallel Aware": false,
          "Startup Cost": 293121.4,
          "Total Cost": 293121.91,
          "Plan Rows": 5,
          "Plan Width": 8,
          "Actual Startup Time": 1341.715,
          "Actual Total Time": 1396.859,
          "Actual Rows": 6,
          "Actual Loops": 1,
          "Workers Planned": 5,
          "Workers Launched": 5,
          "Single Copy": false,
          "Plans": [
            {
              "Node Type": "Aggregate",
              "Strategy": "Plain",
              "Partial Mode": "Partial",
              "Parent Relationship": "Outer",
              "Parallel Aware": false,
              "Startup Cost": 292121.4,
              "Total Cost": 292121.41,
              "Plan Rows": 1,
              "Plan Width": 8,
              "Actual Startup Time": 1330.578,
              "Actual Total Time": 1330.763,
              "Actual Rows": 1,
              "Actual Loops": 6,
              "Plans": [
                {
                  "Node Type": "Hash Join",
                  "Parent Relationship": "Outer",
                  "Parallel Aware": true,
                  "Join Type": "Inner",
                  "Startup Cost": 81959.67,
                  "Total Cost": 290713.51,
                  "Plan Rows": 563155,
                  "Plan Width": 0,
                  "Actual Startup Time": 386.531,
                  "Actual Total Time": 1255.507,
                  "Actual Rows": 1864838,
                  "Actual Loops": 6,
                  "Inner Unique": false,
                  "Hash Cond": "(mi.movie_id = t.id)",
                  "Plans": [
                    {
                      "Node Type": "Seq Scan",
                      "Parent Relationship": "Outer",
                      "Parallel Aware": true,
                      "Relation Name": "movie_info",
                      "Alias": "mi",
                      "Startup Cost": 0.0,
                      "Total Cost": 198952.16,
                      "Plan Rows": 2238345,
                      "Plan Width": 4,
                      "Actual Startup Time": 0.035,
                      "Actual Total Time": 337.034,
                      "Actual Rows": 1868457,
                      "Actual Loops": 6,
                      "Filter": "(info_type_id > 3)",
                      "Rows Removed by Filter": 604163
                    },
                    {
                      "Node Type": "Hash",
                      "Parent Relationship": "Inner",
                      "Parallel Aware": true,
                      "Startup Cost": 79971.84,
                      "Total Cost": 79971.84,
                      "Plan Rows": 159026,
                      "Plan Width": 8,
                      "Actual Startup Time": 380.779,
                      "Actual Total Time": 380.962,
                      "Actual Rows": 149175,
                      "Actual Loops": 6,
                      "Hash Buckets": 1048576,
                      "Original Hash Buckets": 1048576,
                      "Hash Batches": 1,
                      "Original Hash Batches": 1,
                      "Peak Memory Usage": 43328,
                      "Plans": [
                        {
                          "Node Type": "Hash Join",
                          "Parent Relationship": "Outer",
                          "Parallel Aware": true,
                          "Join Type": "Inner",
                          "Startup Cost": 33979.76,
                          "Total Cost": 79971.84,
                          "Plan Rows": 159026,
                          "Plan Width": 8,
                          "Actual Startup Time": 128.647,
                          "Actual Total Time": 326.364,
                          "Actual Rows": 149175,
                          "Actual Loops": 6,
                          "Inner Unique": false,
                          "Hash Cond": "(t.id = mc.movie_id)",
                          "Plans": [
                            {
                              "Node Type": "Seq Scan",
                              "Parent Relationship": "Outer",
                              "Parallel Aware": true,
                              "Relation Name": "title",
                              "Alias": "t",
                              "Startup Cost": 0.0,
                              "Total Cost": 42318.73,
                              "Plan Rows": 632073,
                              "Plan Width": 4,
                              "Actual Startup Time": 0.014,
                              "Actual Total Time": 58.286,
                              "Actual Rows": 421385,
                              "Actual Loops": 6
                            },
                            {
                              "Node Type": "Hash",
                              "Parent Relationship": "Inner",
                              "Parallel Aware": true,
                              "Startup Cost": 31414.82,
                              "Total Cost": 31414.82,
                              "Plan Rows": 205195,
                              "Plan Width": 4,
                              "Actual Startup Time": 126.766,
                              "Actual Total Time": 126.768,
                              "Actual Rows": 149175,
                              "Actual Loops": 6,
                              "Hash Buckets": 1048576,
                              "Original Hash Buckets": 1048576,
                              "Hash Batches": 1,
                              "Original Hash Batches": 1,
                              "Peak Memory Usage": 43328,
                              "Plans": [
                                {
                                  "Node Type": "Seq Scan",
                                  "Parent Relationship": "Outer",
                                  "Parallel Aware": true,
                                  "Relation Name": "movie_companies",
                                  "Alias": "mc",
                                  "Startup Cost": 0.0,
                                  "Total Cost": 31414.82,
                                  "Plan Rows": 205195,
                                  "Plan Width": 4,
                                  "Actual Startup Time": 42.024,
                                  "Actual Total Time": 70.563,
                                  "Actual Rows": 149175,
                                  "Actual Loops": 6,
                                  "Filter": "((company_id > 11589) AND (company_type_id = 2))",
                                  "Rows Removed by Filter": 285680
                                }
                              ]
                            }
                          ]
                        }
                      ]
                    }
                  ]
                }
              ]
            }
          ]
        }
      ]
    },
    "Planning Time": 1.599,
    "Triggers": [],
    "Execution Time": 1396.961
  }
]