[
    {
        "Bao": {
            "Bao prediction": 670.2,
            "Bao recommended hint": "(no hint)"
        }
    },
    {
        "Plan": {
            "Node Type": "Aggregate",
            "Strategy": "Plain",
            "Partial Mode": "Finalize",
            "Parallel Aware": false,
            "Startup Cost": 297747.32,
            "Total Cost": 297747.33,
            "Plan Rows": 1,
            "Plan Width": 8,
            "Actual Startup Time": 240.881,
            "Actual Total Time": 249.849,
            "Actual Rows": 1,
            "Actual Loops": 1,
            "Output": [
                "count(*)"
            ],
            "Plans": [
                {
                    "Node Type": "Gather",
                    "Parent Relationship": "Outer",
                    "Parallel Aware": false,
                    "Startup Cost": 297746.7,
                    "Total Cost": 297747.31,
                    "Plan Rows": 6,
                    "Plan Width": 8,
                    "Actual Startup Time": 239.761,
                    "Actual Total Time": 249.84,
                    "Actual Rows": 7,
                    "Actual Loops": 1,
                    "Output": [
                        "(PARTIAL count(*))"
                    ],
                    "Workers Planned": 6,
                    "Workers Launched": 6,
                    "Single Copy": false,
                    "Plans": [
                        {
                            "Node Type": "Aggregate",
                            "Strategy": "Plain",
                            "Partial Mode": "Partial",
                            "Parent Relationship": "Outer",
                            "Parallel Aware": false,
                            "Startup Cost": 296746.7,
                            "Total Cost": 296746.71,
                            "Plan Rows": 1,
                            "Plan Width": 8,
                            "Actual Startup Time": 229.637,
                            "Actual Total Time": 229.638,
                            "Actual Rows": 1,
                            "Actual Loops": 7,
                            "Output": [
                                "PARTIAL count(*)"
                            ],
                            "Workers": [
                                {
                                    "Worker Number": 0,
                                    "Actual Startup Time": 227.806,
                                    "Actual Total Time": 227.808,
                                    "Actual Rows": 1,
                                    "Actual Loops": 1
                                },
                                {
                                    "Worker Number": 1,
                                    "Actual Startup Time": 227.804,
                                    "Actual Total Time": 227.805,
                                    "Actual Rows": 1,
                                    "Actual Loops": 1
                                },
                                {
                                    "Worker Number": 2,
                                    "Actual Startup Time": 227.848,
                                    "Actual Total Time": 227.849,
                                    "Actual Rows": 1,
                                    "Actual Loops": 1
                                },
                                {
                                    "Worker Number": 3,
                                    "Actual Startup Time": 228.336,
                                    "Actual Total Time": 228.337,
                                    "Actual Rows": 1,
                                    "Actual Loops": 1
                                },
                                {
                                    "Worker Number": 4,
                                    "Actual Startup Time": 228.317,
                                    "Actual Total Time": 228.319,
                                    "Actual Rows": 1,
                                    "Actual Loops": 1
                                },
                                {
                                    "Worker Number": 5,
                                    "Actual Startup Time": 228.35,
                                    "Actual Total Time": 228.351,
                                    "Actual Rows": 1,
                                    "Actual Loops": 1
                                }
                            ],
                            "Plans": [
                                {
                                    "Node Type": "Bitmap Heap Scan",
                                    "Parent Relationship": "Outer",
                                    "Parallel Aware": true,
                                    "Relation Name": "cast_info",
                                    "Schema": "public",
                                    "Alias": "ci",
                                    "Startup Cost": 39577.96,
                                    "Total Cost": 295999.74,
                                    "Plan Rows": 298783,
                                    "Plan Width": 0,
                                    "Actual Startup Time": 107.998,
                                    "Actual Total Time": 209.352,
                                    "Actual Rows": 271601,
                                    "Actual Loops": 7,
                                    "Recheck Cond": "(ci.person_id > 3687734)",
                                    "Rows Removed by Index Recheck": 0,
                                    "Exact Heap Blocks": 5677,
                                    "Lossy Heap Blocks": 0,
                                    "Workers": [
                                        {
                                            "Worker Number": 0,
                                            "Actual Startup Time": 106.442,
                                            "Actual Total Time": 208.085,
                                            "Actual Rows": 256671,
                                            "Actual Loops": 1
                                        },
                                        {
                                            "Worker Number": 1,
                                            "Actual Startup Time": 106.335,
                                            "Actual Total Time": 208.0,
                                            "Actual Rows": 256737,
                                            "Actual Loops": 1
                                        },
                                        {
                                            "Worker Number": 2,
                                            "Actual Startup Time": 106.285,
                                            "Actual Total Time": 208.046,
                                            "Actual Rows": 259650,
                                            "Actual Loops": 1
                                        },
                                        {
                                            "Worker Number": 3,
                                            "Actual Startup Time": 106.876,
                                            "Actual Total Time": 208.996,
                                            "Actual Rows": 249663,
                                            "Actual Loops": 1
                                        },
                                        {
                                            "Worker Number": 4,
                                            "Actual Startup Time": 106.565,
                                            "Actual Total Time": 209.615,
                                            "Actual Rows": 239965,
                                            "Actual Loops": 1
                                        },
                                        {
                                            "Worker Number": 5,
                                            "Actual Startup Time": 106.611,
                                            "Actual Total Time": 208.885,
                                            "Actual Rows": 252107,
                                            "Actual Loops": 1
                                        }
                                    ],
                                    "Plans": [
                                        {
                                            "Node Type": "Bitmap Index Scan",
                                            "Parent Relationship": "Outer",
                                            "Parallel Aware": false,
                                            "Index Name": "person_id_cast_info",
                                            "Startup Cost": 0.0,
                                            "Total Cost": 39129.79,
                                            "Plan Rows": 1792696,
                                            "Plan Width": 0,
                                            "Actual Startup Time": 109.859,
                                            "Actual Total Time": 109.86,
                                            "Actual Rows": 1901210,
                                            "Actual Loops": 1,
                                            "Index Cond": "(ci.person_id > 3687734)"
                                        }
                                    ]
                                }
                            ]
                        }
                    ]
                }
            ]
        },
        "Planning Time": 1361.822,
        "Triggers": [],
        "Execution Time": 249.955
    }
]