[
  {
    "Plan": {
      "Node Type": "Aggregate",
      "Strategy": "Plain",
      "Partial Mode": "Finalize",
      "Parallel Aware": false,
      "Startup Cost": 407601.98,
      "Total Cost": 407601.99,
      "Plan Rows": 1,
      "Plan Width": 8,
      "Actual Startup Time": 1835.398,
      "Actual Total Time": 1901.924,
      "Actual Rows": 1,
      "Actual Loops": 1,
      "Plans": [
        {
          "Node Type": "Gather",
          "Parent Relationship": "Outer",
          "Parallel Aware": false,
          "Startup Cost": 407601.35,
          "Total Cost": 407601.96,
          "Plan Rows": 6,
          "Plan Width": 8,
          "Actual Startup Time": 1819.106,
          "Actual Total Time": 1901.912,
          "Actual Rows": 7,
          "Actual Loops": 1,
          "Workers Planned": 6,
          "Workers Launched": 6,
          "Single Copy": false,
          "Plans": [
            {
              "Node Type": "Aggregate",
              "Strategy": "Plain",
              "Partial Mode": "Partial",
              "Parent Relationship": "Outer",
              "Parallel Aware": false,
              "Startup Cost": 406601.35,
              "Total Cost": 406601.36,
              "Plan Rows": 1,
              "Plan Width": 8,
              "Actual Startup Time": 1796.762,
              "Actual Total Time": 1796.766,
              "Actual Rows": 1,
              "Actual Loops": 7,
              "Plans": [
                {
                  "Node Type": "Hash Join",
                  "Parent Relationship": "Outer",
                  "Parallel Aware": true,
                  "Join Type": "Inner",
                  "Startup Cost": 51048.14,
                  "Total Cost": 400909.74,
                  "Plan Rows": 2276646,
                  "Plan Width": 0,
                  "Actual Startup Time": 341.423,
                  "Actual Total Time": 1716.091,
                  "Actual Rows": 1852775,
                  "Actual Loops": 7,
                  "Inner Unique": true,
                  "Hash Cond": "(ci.movie_id = t.id)",
                  "Plans": [
                    {
                      "Node Type": "Seq Scan",
                      "Parent Relationship": "Outer",
                      "Parallel Aware": true,
                      "Relation Name": "cast_info",
                      "Alias": "ci",
                      "Startup Cost": 0.0,
                      "Total Cost": 343257.03,
                      "Plan Rows": 2516021,
                      "Plan Width": 4,
                      "Actual Startup Time": 98.885,
                      "Actual Total Time": 655.539,
                      "Actual Rows": 1968219,
                      "Actual Loops": 7,
                      "Filter": "((person_id > 865461) AND (role_id < 3))",
                      "Rows Removed by Filter": 3209544
                    },
                    {
                      "Node Type": "Hash",
                      "Parent Relationship": "Inner",
                      "Parallel Aware": true,
                      "Startup Cost": 43898.92,
                      "Total Cost": 43898.92,
                      "Plan Rows": 571938,
                      "Plan Width": 4,
                      "Actual Startup Time": 235.449,
                      "Actual Total Time": 235.45,
                      "Actual Rows": 325944,
                      "Actual Loops": 7,
                      "Hash Buckets": 4194304,
                      "Original Hash Buckets": 4194304,
                      "Hash Batches": 1,
                      "Original Hash Batches": 1,
                      "Peak Memory Usage": 122080,
                      "Plans": [
                        {
                          "Node Type": "Seq Scan",
                          "Parent Relationship": "Outer",
                          "Parallel Aware": true,
                          "Relation Name": "title",
                          "Alias": "t",
                          "Startup Cost": 0.0,
                          "Total Cost": 43898.92,
                          "Plan Rows": 571938,
                          "Plan Width": 4,
                          "Actual Startup Time": 0.043,
                          "Actual Total Time": 81.451,
                          "Actual Rows": 325944,
                          "Actual Loops": 7,
                          "Filter": "(production_year > 1951)",
                          "Rows Removed by Filter": 35243
                        }
                      ]
                    }
                  ]
                }
              ]
            }
          ]
        }
      ]
    },
    "Planning Time": 0.576,
    "Triggers": [],
    "Execution Time": 1902.012
  }
]