{
  "Plan": {
    "Node Type": "Aggregate",
    "Strategy": "Plain",
    "Partial Mode": "Finalize",
    "Parallel Aware": false,
    "Startup Cost": 331337.99,
    "Total Cost": 331338.0,
    "Plan Rows": 1,
    "Plan Width": 8,
    "Actual Startup Time": 1634.585,
    "Actual Total Time": 1688.197,
    "Actual Rows": 1,
    "Actual Loops": 1,
    "Plans": [
      {
        "Node Type": "Gather",
        "Parent Relationship": "Outer",
        "Parallel Aware": false,
        "Startup Cost": 331337.88,
        "Total Cost": 331337.99,
        "Plan Rows": 1,
        "Plan Width": 8,
        "Actual Startup Time": 1634.449,
        "Actual Total Time": 1688.189,
        "Actual Rows": 2,
        "Actual Loops": 1,
        "Workers Planned": 1,
        "Workers Launched": 1,
        "Single Copy": false,
        "Plans": [
          {
            "Node Type": "Aggregate",
            "Strategy": "Plain",
            "Partial Mode": "Partial",
            "Parent Relationship": "Outer",
            "Parallel Aware": false,
            "Startup Cost": 330337.88,
            "Total Cost": 330337.89,
            "Plan Rows": 1,
            "Plan Width": 8,
            "Actual Startup Time": 1628.782,
            "Actual Total Time": 1628.785,
            "Actual Rows": 1,
            "Actual Loops": 2,
            "Plans": [
              {
                "Node Type": "Hash Join",
                "Parent Relationship": "Outer",
                "Parallel Aware": true,
                "Join Type": "Inner",
                "Startup Cost": 58420.74,
                "Total Cost": 330204.23,
                "Plan Rows": 53458,
                "Plan Width": 0,
                "Actual Startup Time": 161.002,
                "Actual Total Time": 1626.703,
                "Actual Rows": 31378,
                "Actual Loops": 2,
                "Inner Unique": true,
                "Hash Cond": "(mi.movie_id = t.id)",
                "Plans": [
                  {
                    "Node Type": "Seq Scan",
                    "Parent Relationship": "Outer",
                    "Parallel Aware": true,
                    "Relation Name": "movie_info",
                    "Alias": "mi",
                    "Startup Cost": 0.0,
                    "Total Cost": 248955.74,
                    "Plan Rows": 8696274,
                    "Plan Width": 4,
                    "Actual Startup Time": 0.01,
                    "Actual Total Time": 724.142,
                    "Actual Rows": 7417860,
                    "Actual Loops": 2
                  },
                  {
                    "Node Type": "Hash",
                    "Parent Relationship": "Inner",
                    "Parallel Aware": true,
                    "Startup Cost": 58306.47,
                    "Total Cost": 58306.47,
                    "Plan Rows": 9142,
                    "Plan Width": 4,
                    "Actual Startup Time": 159.685,
                    "Actual Total Time": 159.686,
                    "Actual Rows": 7398,
                    "Actual Loops": 2,
                    "Hash Buckets": 16384,
                    "Original Hash Buckets": 16384,
                    "Hash Batches": 1,
                    "Original Hash Batches": 1,
                    "Peak Memory Usage": 736,
                    "Plans": [
                      {
                        "Node Type": "Seq Scan",
                        "Parent Relationship": "Outer",
                        "Parallel Aware": true,
                        "Relation Name": "title",
                        "Alias": "t",
                        "Startup Cost": 0.0,
                        "Total Cost": 58306.47,
                        "Plan Rows": 9142,
                        "Plan Width": 4,
                        "Actual Startup Time": 0.184,
                        "Actual Total Time": 156.59,
                        "Actual Rows": 7398,
                        "Actual Loops": 2,
                        "Filter": "((kind_id > 1) AND (production_year = 1986))",
                        "Rows Removed by Filter": 1256758
                      }
                    ]
                  }
                ]
              }
            ]
          }
        ]
      }
    ]
  },
  "Planning Time": 0.419,
  "Triggers": [],
  "Execution Time": 1688.275
}