{
    "Plan": {
        "Node Type": "Aggregate",
        "Strategy": "Plain",
        "Partial Mode": "Finalize",
        "Parallel Aware": false,
        "Startup Cost": 54378.03,
        "Total Cost": 54378.04,
        "Plan Rows": 1,
        "Plan Width": 64,
        "Actual Startup Time": 229.157,
        "Actual Total Time": 267.581,
        "Actual Rows": 1,
        "Actual Loops": 1,
        "Plans": [
            {
                "Node Type": "Gather",
                "Parent Relationship": "Outer",
                "Parallel Aware": false,
                "Startup Cost": 54377.91,
                "Total Cost": 54378.02,
                "Plan Rows": 1,
                "Plan Width": 64,
                "Actual Startup Time": 228.999,
                "Actual Total Time": 267.571,
                "Actual Rows": 2,
                "Actual Loops": 1,
                "Workers Planned": 1,
                "Workers Launched": 1,
                "Single Copy": false,
                "Plans": [
                    {
                        "Node Type": "Aggregate",
                        "Strategy": "Plain",
                        "Partial Mode": "Partial",
                        "Parent Relationship": "Outer",
                        "Parallel Aware": false,
                        "Startup Cost": 53377.91,
                        "Total Cost": 53377.92,
                        "Plan Rows": 1,
                        "Plan Width": 64,
                        "Actual Startup Time": 221.875,
                        "Actual Total Time": 221.881,
                        "Actual Rows": 1,
                        "Actual Loops": 2,
                        "Plans": [
                            {
                                "Node Type": "Hash Join",
                                "Parent Relationship": "Outer",
                                "Parallel Aware": false,
                                "Join Type": "Inner",
                                "Startup Cost": 4.11,
                                "Total Cost": 53377.87,
                                "Plan Rows": 8,
                                "Plan Width": 33,
                                "Actual Startup Time": 15.223,
                                "Actual Total Time": 221.844,
                                "Actual Rows": 52,
                                "Actual Loops": 2,
                                "Inner Unique": true,
                                "Hash Cond": "(mc.company_type_id = ct.id)",
                                "Plans": [
                                    {
                                        "Node Type": "Nested Loop",
                                        "Parent Relationship": "Outer",
                                        "Parallel Aware": false,
                                        "Join Type": "Inner",
                                        "Startup Cost": 3.02,
                                        "Total Cost": 53376.74,
                                        "Plan Rows": 8,
                                        "Plan Width": 37,
                                        "Actual Startup Time": 14.949,
                                        "Actual Total Time": 221.546,
                                        "Actual Rows": 52,
                                        "Actual Loops": 2,
                                        "Inner Unique": true,
                                        "Plans": [
                                            {
                                                "Node Type": "Hash Join",
                                                "Parent Relationship": "Outer",
                                                "Parallel Aware": false,
                                                "Join Type": "Inner",
                                                "Startup Cost": 2.59,
                                                "Total Cost": 53338.62,
                                                "Plan Rows": 8,
                                                "Plan Width": 25,
                                                "Actual Startup Time": 14.876,
                                                "Actual Total Time": 220.89,
                                                "Actual Rows": 56,
                                                "Actual Loops": 2,
                                                "Inner Unique": true,
                                                "Hash Cond": "(ci.role_id = rt.id)",
                                                "Plans": [
                                                    {
                                                        "Node Type": "Nested Loop",
                                                        "Parent Relationship": "Outer",
                                                        "Parallel Aware": false,
                                                        "Join Type": "Inner",
                                                        "Startup Cost": 1.42,
                                                        "Total Cost": 53337.11,
                                                        "Plan Rows": 99,
                                                        "Plan Width": 29,
                                                        "Actual Startup Time": 14.789,
                                                        "Actual Total Time": 220.758,
                                                        "Actual Rows": 76,
                                                        "Actual Loops": 2,
                                                        "Inner Unique": false,
                                                        "Join Filter": "(t.id = ci.movie_id)",
                                                        "Rows Removed by Join Filter": 0,
                                                        "Plans": [
                                                            {
                                                                "Node Type": "Nested Loop",
                                                                "Parent Relationship": "Outer",
                                                                "Parallel Aware": false,
                                                                "Join Type": "Inner",
                                                                "Startup Cost": 0.86,
                                                                "Total Cost": 45870.75,
                                                                "Plan Rows": 3829,
                                                                "Plan Width": 29,
                                                                "Actual Startup Time": 0.695,
                                                                "Actual Total Time": 45.064,
                                                                "Actual Rows": 2270,
                                                                "Actual Loops": 2,
                                                                "Inner Unique": true,
                                                                "Plans": [
                                                                    {
                                                                        "Node Type": "Nested Loop",
                                                                        "Parent Relationship": "Outer",
                                                                        "Parallel Aware": false,
                                                                        "Join Type": "Inner",
                                                                        "Startup Cost": 0.43,
                                                                        "Total Cost": 40989.04,
                                                                        "Plan Rows": 9464,
                                                                        "Plan Width": 8,
                                                                        "Actual Startup Time": 0.167,
                                                                        "Actual Total Time": 23.231,
                                                                        "Actual Rows": 4395,
                                                                        "Actual Loops": 2,
                                                                        "Inner Unique": false,
                                                                        "Plans": [
                                                                            {
                                                                                "Node Type": "Seq Scan",
                                                                                "Parent Relationship": "Outer",
                                                                                "Parallel Aware": true,
                                                                                "Relation Name": "company_name",
                                                                                "Alias": "cn",
                                                                                "Startup Cost": 0.0,
                                                                                "Total Cost": 4722.92,
                                                                                "Plan Rows": 852,
                                                                                "Plan Width": 4,
                                                                                "Actual Startup Time": 0.028,
                                                                                "Actual Total Time": 12.344,
                                                                                "Actual Rows": 680,
                                                                                "Actual Loops": 2,
                                                                                "Filter": "((country_code)::text = '[ru]'::text)",
                                                                                "Rows Removed by Filter": 116818
                                                                            },
                                                                            {
                                                                                "Node Type": "Index Scan",
                                                                                "Parent Relationship": "Inner",
                                                                                "Parallel Aware": false,
                                                                                "Scan Direction": "Forward",
                                                                                "Index Name": "company_id_movie_companies",
                                                                                "Relation Name": "movie_companies",
                                                                                "Alias": "mc",
                                                                                "Startup Cost": 0.43,
                                                                                "Total Cost": 41.24,
                                                                                "Plan Rows": 133,
                                                                                "Plan Width": 12,
                                                                                "Actual Startup Time": 0.005,
                                                                                "Actual Total Time": 0.015,
                                                                                "Actual Rows": 6,
                                                                                "Actual Loops": 1361,
                                                                                "Index Cond": "(company_id = cn.id)",
                                                                                "Rows Removed by Index Recheck": 0
                                                                            }
                                                                        ]
                                                                    },
                                                                    {
                                                                        "Node Type": "Index Scan",
                                                                        "Parent Relationship": "Inner",
                                                                        "Parallel Aware": false,
                                                                        "Scan Direction": "Forward",
                                                                        "Index Name": "title_pkey",
                                                                        "Relation Name": "title",
                                                                        "Alias": "t",
                                                                        "Startup Cost": 0.43,
                                                                        "Total Cost": 0.52,
                                                                        "Plan Rows": 1,
                                                                        "Plan Width": 21,
                                                                        "Actual Startup Time": 0.005,
                                                                        "Actual Total Time": 0.005,
                                                                        "Actual Rows": 1,
                                                                        "Actual Loops": 8790,
                                                                        "Index Cond": "(id = mc.movie_id)",
                                                                        "Rows Removed by Index Recheck": 0,
                                                                        "Filter": "(production_year > 2005)",
                                                                        "Rows Removed by Filter": 0
                                                                    }
                                                                ]
                                                            },
                                                            {
                                                                "Node Type": "Index Scan",
                                                                "Parent Relationship": "Inner",
                                                                "Parallel Aware": false,
                                                                "Scan Direction": "Forward",
                                                                "Index Name": "movie_id_cast_info",
                                                                "Relation Name": "cast_info",
                                                                "Alias": "ci",
                                                                "Startup Cost": 0.56,
                                                                "Total Cost": 1.94,
                                                                "Plan Rows": 1,
                                                                "Plan Width": 12,
                                                                "Actual Startup Time": 0.073,
                                                                "Actual Total Time": 0.077,
                                                                "Actual Rows": 0,
                                                                "Actual Loops": 4539,
                                                                "Index Cond": "(movie_id = mc.movie_id)",
                                                                "Rows Removed by Index Recheck": 0,
                                                                "Filter": "((note ~~ '%(voice)%'::text) AND (note ~~ '%(uncredited)%'::text))",
                                                                "Rows Removed by Filter": 50
                                                            }
                                                        ]
                                                    },
                                                    {
                                                        "Node Type": "Hash",
                                                        "Parent Relationship": "Inner",
                                                        "Parallel Aware": false,
                                                        "Startup Cost": 1.15,
                                                        "Total Cost": 1.15,
                                                        "Plan Rows": 1,
                                                        "Plan Width": 4,
                                                        "Actual Startup Time": 0.053,
                                                        "Actual Total Time": 0.054,
                                                        "Actual Rows": 1,
                                                        "Actual Loops": 2,
                                                        "Hash Buckets": 1024,
                                                        "Original Hash Buckets": 1024,
                                                        "Hash Batches": 1,
                                                        "Original Hash Batches": 1,
                                                        "Peak Memory Usage": 9,
                                                        "Plans": [
                                                            {
                                                                "Node Type": "Seq Scan",
                                                                "Parent Relationship": "Outer",
                                                                "Parallel Aware": false,
                                                                "Relation Name": "role_type",
                                                                "Alias": "rt",
                                                                "Startup Cost": 0.0,
                                                                "Total Cost": 1.15,
                                                                "Plan Rows": 1,
                                                                "Plan Width": 4,
                                                                "Actual Startup Time": 0.04,
                                                                "Actual Total Time": 0.045,
                                                                "Actual Rows": 1,
                                                                "Actual Loops": 2,
                                                                "Filter": "((role)::text = 'actor'::text)",
                                                                "Rows Removed by Filter": 11
                                                            }
                                                        ]
                                                    }
                                                ]
                                            },
                                            {
                                                "Node Type": "Index Scan",
                                                "Parent Relationship": "Inner",
                                                "Parallel Aware": false,
                                                "Scan Direction": "Forward",
                                                "Index Name": "char_name_pkey",
                                                "Relation Name": "char_name",
                                                "Alias": "chn",
                                                "Startup Cost": 0.43,
                                                "Total Cost": 4.76,
                                                "Plan Rows": 1,
                                                "Plan Width": 20,
                                                "Actual Startup Time": 0.011,
                                                "Actual Total Time": 0.011,
                                                "Actual Rows": 1,
                                                "Actual Loops": 112,
                                                "Index Cond": "(id = ci.person_role_id)",
                                                "Rows Removed by Index Recheck": 0
                                            }
                                        ]
                                    },
                                    {
                                        "Node Type": "Hash",
                                        "Parent Relationship": "Inner",
                                        "Parallel Aware": false,
                                        "Startup Cost": 1.04,
                                        "Total Cost": 1.04,
                                        "Plan Rows": 4,
                                        "Plan Width": 4,
                                        "Actual Startup Time": 0.07,
                                        "Actual Total Time": 0.07,
                                        "Actual Rows": 4,
                                        "Actual Loops": 2,
                                        "Hash Buckets": 1024,
                                        "Original Hash Buckets": 1024,
                                        "Hash Batches": 1,
                                        "Original Hash Batches": 1,
                                        "Peak Memory Usage": 9,
                                        "Plans": [
                                            {
                                                "Node Type": "Seq Scan",
                                                "Parent Relationship": "Outer",
                                                "Parallel Aware": false,
                                                "Relation Name": "company_type",
                                                "Alias": "ct",
                                                "Startup Cost": 0.0,
                                                "Total Cost": 1.04,
                                                "Plan Rows": 4,
                                                "Plan Width": 4,
                                                "Actual Startup Time": 0.052,
                                                "Actual Total Time": 0.056,
                                                "Actual Rows": 4,
                                                "Actual Loops": 2
                                            }
                                        ]
                                    }
                                ]
                            }
                        ]
                    }
                ]
            }
        ]
    },
    "Planning Time": 6.898,
    "Triggers": [],
    "Execution Time": 267.74
}