[
    {
        "Bao": {
            "Bao prediction": "NaN",
            "Bao recommended hint": "(no hint)"
        }
    },
    {
        "Plan": {
            "Node Type": "Aggregate",
            "Strategy": "Plain",
            "Partial Mode": "Finalize",
            "Parallel Aware": false,
            "Startup Cost": 91799.14,
            "Total Cost": 91799.15,
            "Plan Rows": 1,
            "Plan Width": 8,
            "Actual Startup Time": 707.597,
            "Actual Total Time": 766.474,
            "Actual Rows": 1,
            "Actual Loops": 1,
            "Output": [
                "count(*)"
            ],
            "Plans": [
                {
                    "Node Type": "Gather",
                    "Parent Relationship": "Outer",
                    "Parallel Aware": false,
                    "Startup Cost": 91798.82,
                    "Total Cost": 91799.13,
                    "Plan Rows": 3,
                    "Plan Width": 8,
                    "Actual Startup Time": 707.459,
                    "Actual Total Time": 766.466,
                    "Actual Rows": 4,
                    "Actual Loops": 1,
                    "Output": [
                        "(PARTIAL count(*))"
                    ],
                    "Workers Planned": 3,
                    "Workers Launched": 3,
                    "Single Copy": false,
                    "Plans": [
                        {
                            "Node Type": "Aggregate",
                            "Strategy": "Plain",
                            "Partial Mode": "Partial",
                            "Parent Relationship": "Outer",
                            "Parallel Aware": false,
                            "Startup Cost": 90798.82,
                            "Total Cost": 90798.83,
                            "Plan Rows": 1,
                            "Plan Width": 8,
                            "Actual Startup Time": 698.727,
                            "Actual Total Time": 698.731,
                            "Actual Rows": 1,
                            "Actual Loops": 4,
                            "Output": [
                                "PARTIAL count(*)"
                            ],
                            "Workers": [
                                {
                                    "Worker Number": 0,
                                    "Actual Startup Time": 695.523,
                                    "Actual Total Time": 695.527,
                                    "Actual Rows": 1,
                                    "Actual Loops": 1
                                },
                                {
                                    "Worker Number": 1,
                                    "Actual Startup Time": 696.013,
                                    "Actual Total Time": 696.017,
                                    "Actual Rows": 1,
                                    "Actual Loops": 1
                                },
                                {
                                    "Worker Number": 2,
                                    "Actual Startup Time": 696.312,
                                    "Actual Total Time": 696.316,
                                    "Actual Rows": 1,
                                    "Actual Loops": 1
                                }
                            ],
                            "Plans": [
                                {
                                    "Node Type": "Nested Loop",
                                    "Parent Relationship": "Outer",
                                    "Parallel Aware": false,
                                    "Join Type": "Inner",
                                    "Startup Cost": 45543.65,
                                    "Total Cost": 90554.9,
                                    "Plan Rows": 97568,
                                    "Plan Width": 0,
                                    "Actual Startup Time": 102.731,
                                    "Actual Total Time": 674.355,
                                    "Actual Rows": 365545,
                                    "Actual Loops": 4,
                                    "Inner Unique": false,
                                    "Join Filter": "(t.id = ci.movie_id)",
                                    "Rows Removed by Join Filter": 0,
                                    "Workers": [
                                        {
                                            "Worker Number": 0,
                                            "Actual Startup Time": 99.554,
                                            "Actual Total Time": 670.877,
                                            "Actual Rows": 304057,
                                            "Actual Loops": 1
                                        },
                                        {
                                            "Worker Number": 1,
                                            "Actual Startup Time": 99.92,
                                            "Actual Total Time": 673.375,
                                            "Actual Rows": 274124,
                                            "Actual Loops": 1
                                        },
                                        {
                                            "Worker Number": 2,
                                            "Actual Startup Time": 100.572,
                                            "Actual Total Time": 672.996,
                                            "Actual Rows": 278068,
                                            "Actual Loops": 1
                                        }
                                    ],
                                    "Plans": [
                                        {
                                            "Node Type": "Hash Join",
                                            "Parent Relationship": "Outer",
                                            "Parallel Aware": true,
                                            "Join Type": "Inner",
                                            "Startup Cost": 45543.08,
                                            "Total Cost": 74958.97,
                                            "Plan Rows": 6805,
                                            "Plan Width": 8,
                                            "Actual Startup Time": 102.619,
                                            "Actual Total Time": 246.408,
                                            "Actual Rows": 9160,
                                            "Actual Loops": 4,
                                            "Output": [
                                                "t.id",
                                                "mc.movie_id"
                                            ],
                                            "Inner Unique": true,
                                            "Hash Cond": "(mc.movie_id = t.id)",
                                            "Workers": [
                                                {
                                                    "Worker Number": 0,
                                                    "Actual Startup Time": 99.362,
                                                    "Actual Total Time": 232.337,
                                                    "Actual Rows": 7082,
                                                    "Actual Loops": 1
                                                },
                                                {
                                                    "Worker Number": 1,
                                                    "Actual Startup Time": 99.797,
                                                    "Actual Total Time": 240.632,
                                                    "Actual Rows": 7261,
                                                    "Actual Loops": 1
                                                },
                                                {
                                                    "Worker Number": 2,
                                                    "Actual Startup Time": 100.465,
                                                    "Actual Total Time": 236.437,
                                                    "Actual Rows": 7161,
                                                    "Actual Loops": 1
                                                }
                                            ],
                                            "Plans": [
                                                {
                                                    "Node Type": "Seq Scan",
                                                    "Parent Relationship": "Outer",
                                                    "Parallel Aware": true,
                                                    "Relation Name": "movie_companies",
                                                    "Schema": "public",
                                                    "Alias": "mc",
                                                    "Startup Cost": 0.0,
                                                    "Total Cost": 27206.55,
                                                    "Plan Rows": 841655,
                                                    "Plan Width": 4,
                                                    "Actual Startup Time": 0.025,
                                                    "Actual Total Time": 64.181,
                                                    "Actual Rows": 652282,
                                                    "Actual Loops": 4,
                                                    "Output": [
                                                        "mc.id",
                                                        "mc.movie_id",
                                                        "mc.company_id",
                                                        "mc.company_type_id",
                                                        "mc.note"
                                                    ],
                                                    "Workers": [
                                                        {
                                                            "Worker Number": 0,
                                                            "Actual Startup Time": 0.027,
                                                            "Actual Total Time": 59.788,
                                                            "Actual Rows": 498314,
                                                            "Actual Loops": 1
                                                        },
                                                        {
                                                            "Worker Number": 1,
                                                            "Actual Startup Time": 0.033,
                                                            "Actual Total Time": 63.761,
                                                            "Actual Rows": 522623,
                                                            "Actual Loops": 1
                                                        },
                                                        {
                                                            "Worker Number": 2,
                                                            "Actual Startup Time": 0.032,
                                                            "Actual Total Time": 62.016,
                                                            "Actual Rows": 493061,
                                                            "Actual Loops": 1
                                                        }
                                                    ]
                                                },
                                                {
                                                    "Node Type": "Hash",
                                                    "Parent Relationship": "Inner",
                                                    "Parallel Aware": true,
                                                    "Startup Cost": 45479.21,
                                                    "Total Cost": 45479.21,
                                                    "Plan Rows": 5110,
                                                    "Plan Width": 4,
                                                    "Actual Startup Time": 101.957,
                                                    "Actual Total Time": 101.958,
                                                    "Actual Rows": 4339,
                                                    "Actual Loops": 4,
                                                    "Output": [
                                                        "t.id"
                                                    ],
                                                    "Hash Buckets": 32768,
                                                    "Original Hash Buckets": 32768,
                                                    "Hash Batches": 1,
                                                    "Original Hash Batches": 1,
                                                    "Peak Memory Usage": 992,
                                                    "Workers": [
                                                        {
                                                            "Worker Number": 0,
                                                            "Actual Startup Time": 98.794,
                                                            "Actual Total Time": 98.796,
                                                            "Actual Rows": 3294,
                                                            "Actual Loops": 1
                                                        },
                                                        {
                                                            "Worker Number": 1,
                                                            "Actual Startup Time": 99.386,
                                                            "Actual Total Time": 99.387,
                                                            "Actual Rows": 3205,
                                                            "Actual Loops": 1
                                                        },
                                                        {
                                                            "Worker Number": 2,
                                                            "Actual Startup Time": 99.62,
                                                            "Actual Total Time": 99.621,
                                                            "Actual Rows": 3233,
                                                            "Actual Loops": 1
                                                        }
                                                    ],
                                                    "Plans": [
                                                        {
                                                            "Node Type": "Seq Scan",
                                                            "Parent Relationship": "Outer",
                                                            "Parallel Aware": true,
                                                            "Relation Name": "title",
                                                            "Schema": "public",
                                                            "Alias": "t",
                                                            "Startup Cost": 0.0,
                                                            "Total Cost": 45479.21,
                                                            "Plan Rows": 5110,
                                                            "Plan Width": 4,
                                                            "Actual Startup Time": 0.214,
                                                            "Actual Total Time": 99.621,
                                                            "Actual Rows": 4339,
                                                            "Actual Loops": 4,
                                                            "Output": [
                                                                "t.id"
                                                            ],
                                                            "Filter": "((t.kind_id < 7) AND (t.production_year = 2000))",
                                                            "Rows Removed by Filter": 627739,
                                                            "Workers": [
                                                                {
                                                                    "Worker Number": 0,
                                                                    "Actual Startup Time": 0.425,
                                                                    "Actual Total Time": 96.567,
                                                                    "Actual Rows": 3294,
                                                                    "Actual Loops": 1
                                                                },
                                                                {
                                                                    "Worker Number": 1,
                                                                    "Actual Startup Time": 0.301,
                                                                    "Actual Total Time": 97.146,
                                                                    "Actual Rows": 3205,
                                                                    "Actual Loops": 1
                                                                },
                                                                {
                                                                    "Worker Number": 2,
                                                                    "Actual Startup Time": 0.095,
                                                                    "Actual Total Time": 97.369,
                                                                    "Actual Rows": 3233,
                                                                    "Actual Loops": 1
                                                                }
                                                            ]
                                                        }
                                                    ]
                                                }
                                            ]
                                        },
                                        {
                                            "Node Type": "Index Only Scan",
                                            "Parent Relationship": "Inner",
                                            "Parallel Aware": false,
                                            "Scan Direction": "Forward",
                                            "Index Name": "movie_id_cast_info",
                                            "Relation Name": "cast_info",
                                            "Schema": "public",
                                            "Alias": "ci",
                                            "Startup Cost": 0.56,
                                            "Total Cost": 1.82,
                                            "Plan Rows": 38,
                                            "Plan Width": 4,
                                            "Actual Startup Time": 0.009,
                                            "Actual Total Time": 0.042,
                                            "Actual Rows": 40,
                                            "Actual Loops": 36638,
                                            "Output": [
                                                "ci.movie_id"
                                            ],
                                            "Index Cond": "(ci.movie_id = mc.movie_id)",
                                            "Rows Removed by Index Recheck": 0,
                                            "Heap Fetches": 1462181,
                                            "Workers": [
                                                {
                                                    "Worker Number": 0,
                                                    "Actual Startup Time": 0.011,
                                                    "Actual Total Time": 0.055,
                                                    "Actual Rows": 43,
                                                    "Actual Loops": 7082
                                                },
                                                {
                                                    "Worker Number": 1,
                                                    "Actual Startup Time": 0.012,
                                                    "Actual Total Time": 0.054,
                                                    "Actual Rows": 38,
                                                    "Actual Loops": 7261
                                                },
                                                {
                                                    "Worker Number": 2,
                                                    "Actual Startup Time": 0.012,
                                                    "Actual Total Time": 0.055,
                                                    "Actual Rows": 39,
                                                    "Actual Loops": 7161
                                                }
                                            ]
                                        }
                                    ]
                                }
                            ]
                        }
                    ]
                }
            ]
        },
        "Planning Time": 218.572,
        "Triggers": [],
        "Execution Time": 766.586
    }
]