[
  {
    "Plan": {
      "Node Type": "Aggregate",
      "Strategy": "Plain",
      "Partial Mode": "Finalize",
      "Parallel Aware": false,
      "Startup Cost": 120263.07,
      "Total Cost": 120263.08,
      "Plan Rows": 1,
      "Plan Width": 8,
      "Actual Startup Time": 201.985,
      "Actual Total Time": 222.455,
      "Actual Rows": 1,
      "Actual Loops": 1,
      "Plans": [
        {
          "Node Type": "Gather",
          "Parent Relationship": "Outer",
          "Parallel Aware": false,
          "Startup Cost": 120262.55,
          "Total Cost": 120263.06,
          "Plan Rows": 5,
          "Plan Width": 8,
          "Actual Startup Time": 201.866,
          "Actual Total Time": 222.442,
          "Actual Rows": 6,
          "Actual Loops": 1,
          "Workers Planned": 5,
          "Workers Launched": 5,
          "Single Copy": false,
          "Plans": [
            {
              "Node Type": "Aggregate",
              "Strategy": "Plain",
              "Partial Mode": "Partial",
              "Parent Relationship": "Outer",
              "Parallel Aware": false,
              "Startup Cost": 119262.55,
              "Total Cost": 119262.56,
              "Plan Rows": 1,
              "Plan Width": 8,
              "Actual Startup Time": 194.892,
              "Actual Total Time": 194.894,
              "Actual Rows": 1,
              "Actual Loops": 6,
              "Plans": [
                {
                  "Node Type": "Index Scan",
                  "Parent Relationship": "Outer",
                  "Parallel Aware": true,
                  "Scan Direction": "Forward",
                  "Index Name": "role_id_cast_info",
                  "Relation Name": "cast_info",
                  "Alias": "ci",
                  "Startup Cost": 0.56,
                  "Total Cost": 118067.1,
                  "Plan Rows": 478177,
                  "Plan Width": 0,
                  "Actual Startup Time": 0.145,
                  "Actual Total Time": 166.053,
                  "Actual Rows": 614364,
                  "Actual Loops": 6,
                  "Index Cond": "(role_id = 10)",
                  "Rows Removed by Index Recheck": 0,
                  "Filter": "(person_id > 1623937)",
                  "Rows Removed by Filter": 106139
                }
              ]
            }
          ]
        }
      ]
    },
    "Planning Time": 0.246,
    "Triggers": [],
    "Execution Time": 222.525
  }
]