[
    {
        "Bao": {
            "Bao prediction": 627.744,
            "Bao recommended hint": "(no hint)"
        }
    },
    {
        "Plan": {
            "Node Type": "Aggregate",
            "Strategy": "Plain",
            "Partial Mode": "Finalize",
            "Parallel Aware": false,
            "Startup Cost": 28859.55,
            "Total Cost": 28859.56,
            "Plan Rows": 1,
            "Plan Width": 8,
            "Actual Startup Time": 76.145,
            "Actual Total Time": 81.962,
            "Actual Rows": 1,
            "Actual Loops": 1,
            "Output": [
                "count(*)"
            ],
            "Plans": [
                {
                    "Node Type": "Gather",
                    "Parent Relationship": "Outer",
                    "Parallel Aware": false,
                    "Startup Cost": 28859.23,
                    "Total Cost": 28859.54,
                    "Plan Rows": 3,
                    "Plan Width": 8,
                    "Actual Startup Time": 75.823,
                    "Actual Total Time": 81.955,
                    "Actual Rows": 4,
                    "Actual Loops": 1,
                    "Output": [
                        "(PARTIAL count(*))"
                    ],
                    "Workers Planned": 3,
                    "Workers Launched": 3,
                    "Single Copy": false,
                    "Plans": [
                        {
                            "Node Type": "Aggregate",
                            "Strategy": "Plain",
                            "Partial Mode": "Partial",
                            "Parent Relationship": "Outer",
                            "Parallel Aware": false,
                            "Startup Cost": 27859.23,
                            "Total Cost": 27859.24,
                            "Plan Rows": 1,
                            "Plan Width": 8,
                            "Actual Startup Time": 67.464,
                            "Actual Total Time": 67.467,
                            "Actual Rows": 1,
                            "Actual Loops": 4,
                            "Output": [
                                "PARTIAL count(*)"
                            ],
                            "Workers": [
                                {
                                    "Worker Number": 0,
                                    "Actual Startup Time": 64.708,
                                    "Actual Total Time": 64.717,
                                    "Actual Rows": 1,
                                    "Actual Loops": 1
                                },
                                {
                                    "Worker Number": 1,
                                    "Actual Startup Time": 64.726,
                                    "Actual Total Time": 64.727,
                                    "Actual Rows": 1,
                                    "Actual Loops": 1
                                },
                                {
                                    "Worker Number": 2,
                                    "Actual Startup Time": 65.166,
                                    "Actual Total Time": 65.167,
                                    "Actual Rows": 1,
                                    "Actual Loops": 1
                                }
                            ],
                            "Plans": [
                                {
                                    "Node Type": "Bitmap Heap Scan",
                                    "Parent Relationship": "Outer",
                                    "Parallel Aware": true,
                                    "Relation Name": "movie_keyword",
                                    "Schema": "public",
                                    "Alias": "mk",
                                    "Startup Cost": 2773.02,
                                    "Total Cost": 27753.87,
                                    "Plan Rows": 42147,
                                    "Plan Width": 0,
                                    "Actual Startup Time": 22.234,
                                    "Actual Total Time": 65.124,
                                    "Actual Rows": 30524,
                                    "Actual Loops": 4,
                                    "Recheck Cond": "(mk.keyword_id > 77636)",
                                    "Rows Removed by Index Recheck": 0,
                                    "Exact Heap Blocks": 12417,
                                    "Lossy Heap Blocks": 0,
                                    "Workers": [
                                        {
                                            "Worker Number": 0,
                                            "Actual Startup Time": 19.656,
                                            "Actual Total Time": 62.901,
                                            "Actual Rows": 12878,
                                            "Actual Loops": 1
                                        },
                                        {
                                            "Worker Number": 1,
                                            "Actual Startup Time": 19.463,
                                            "Actual Total Time": 62.859,
                                            "Actual Rows": 12973,
                                            "Actual Loops": 1
                                        },
                                        {
                                            "Worker Number": 2,
                                            "Actual Startup Time": 20.084,
                                            "Actual Total Time": 63.219,
                                            "Actual Rows": 14929,
                                            "Actual Loops": 1
                                        }
                                    ],
                                    "Plans": [
                                        {
                                            "Node Type": "Bitmap Index Scan",
                                            "Parent Relationship": "Outer",
                                            "Parallel Aware": false,
                                            "Index Name": "keyword_id_movie_keyword",
                                            "Startup Cost": 0.0,
                                            "Total Cost": 2740.36,
                                            "Plan Rows": 130657,
                                            "Plan Width": 0,
                                            "Actual Startup Time": 23.637,
                                            "Actual Total Time": 23.638,
                                            "Actual Rows": 122095,
                                            "Actual Loops": 1,
                                            "Index Cond": "(mk.keyword_id > 77636)"
                                        }
                                    ]
                                }
                            ]
                        }
                    ]
                }
            ]
        },
        "Planning Time": 1189.793,
        "Triggers": [],
        "Execution Time": 82.071
    }
]