[
  {
    "Plan": {
      "Node Type": "Aggregate",
      "Strategy": "Plain",
      "Partial Mode": "Finalize",
      "Parallel Aware": false,
      "Startup Cost": 31507.49,
      "Total Cost": 31507.5,
      "Plan Rows": 1,
      "Plan Width": 8,
      "Actual Startup Time": 81.728,
      "Actual Total Time": 87.805,
      "Actual Rows": 1,
      "Actual Loops": 1,
      "Plans": [
        {
          "Node Type": "Gather",
          "Parent Relationship": "Outer",
          "Parallel Aware": false,
          "Startup Cost": 31507.18,
          "Total Cost": 31507.49,
          "Plan Rows": 3,
          "Plan Width": 8,
          "Actual Startup Time": 81.576,
          "Actual Total Time": 87.798,
          "Actual Rows": 4,
          "Actual Loops": 1,
          "Workers Planned": 3,
          "Workers Launched": 3,
          "Single Copy": false,
          "Plans": [
            {
              "Node Type": "Aggregate",
              "Strategy": "Plain",
              "Partial Mode": "Partial",
              "Parent Relationship": "Outer",
              "Parallel Aware": false,
              "Startup Cost": 30507.18,
              "Total Cost": 30507.19,
              "Plan Rows": 1,
              "Plan Width": 8,
              "Actual Startup Time": 78.48,
              "Actual Total Time": 78.481,
              "Actual Rows": 1,
              "Actual Loops": 4,
              "Plans": [
                {
                  "Node Type": "Seq Scan",
                  "Parent Relationship": "Outer",
                  "Parallel Aware": true,
                  "Relation Name": "movie_companies",
                  "Alias": "mc",
                  "Startup Cost": 0.0,
                  "Total Cost": 29310.68,
                  "Plan Rows": 478598,
                  "Plan Width": 0,
                  "Actual Startup Time": 5.358,
                  "Actual Total Time": 62.964,
                  "Actual Rows": 369296,
                  "Actual Loops": 4,
                  "Filter": "(company_id > 8315)",
                  "Rows Removed by Filter": 282986
                }
              ]
            }
          ]
        }
      ]
    },
    "Planning Time": 0.191,
    "Triggers": [],
    "Execution Time": 87.859
  }
]