[
  {
    "Plan": {
      "Node Type": "Aggregate",
      "Strategy": "Plain",
      "Partial Mode": "Finalize",
      "Parallel Aware": false,
      "Startup Cost": 23628.32,
      "Total Cost": 23628.33,
      "Plan Rows": 1,
      "Plan Width": 8,
      "Actual Startup Time": 44.685,
      "Actual Total Time": 48.936,
      "Actual Rows": 1,
      "Actual Loops": 1,
      "Plans": [
        {
          "Node Type": "Gather",
          "Parent Relationship": "Outer",
          "Parallel Aware": false,
          "Startup Cost": 23628.0,
          "Total Cost": 23628.31,
          "Plan Rows": 3,
          "Plan Width": 8,
          "Actual Startup Time": 44.464,
          "Actual Total Time": 48.928,
          "Actual Rows": 4,
          "Actual Loops": 1,
          "Workers Planned": 3,
          "Workers Launched": 3,
          "Single Copy": false,
          "Plans": [
            {
              "Node Type": "Aggregate",
              "Strategy": "Plain",
              "Partial Mode": "Partial",
              "Parent Relationship": "Outer",
              "Parallel Aware": false,
              "Startup Cost": 22628.0,
              "Total Cost": 22628.01,
              "Plan Rows": 1,
              "Plan Width": 8,
              "Actual Startup Time": 39.848,
              "Actual Total Time": 39.852,
              "Actual Rows": 1,
              "Actual Loops": 4,
              "Plans": [
                {
                  "Node Type": "Bitmap Heap Scan",
                  "Parent Relationship": "Outer",
                  "Parallel Aware": true,
                  "Relation Name": "movie_companies",
                  "Alias": "mc",
                  "Startup Cost": 3137.85,
                  "Total Cost": 22511.31,
                  "Plan Rows": 46677,
                  "Plan Width": 0,
                  "Actual Startup Time": 17.185,
                  "Actual Total Time": 37.042,
                  "Actual Rows": 35314,
                  "Actual Loops": 4,
                  "Recheck Cond": "(company_id > 135793)",
                  "Rows Removed by Index Recheck": 0,
                  "Exact Heap Blocks": 1674,
                  "Lossy Heap Blocks": 0,
                  "Plans": [
                    {
                      "Node Type": "Bitmap Index Scan",
                      "Parent Relationship": "Outer",
                      "Parallel Aware": false,
                      "Index Name": "company_id_movie_companies",
                      "Startup Cost": 0.0,
                      "Total Cost": 3101.67,
                      "Plan Rows": 144699,
                      "Plan Width": 0,
                      "Actual Startup Time": 19.514,
                      "Actual Total Time": 19.515,
                      "Actual Rows": 141255,
                      "Actual Loops": 1,
                      "Index Cond": "(company_id > 135793)"
                    }
                  ]
                }
              ]
            }
          ]
        }
      ]
    },
    "Planning Time": 0.194,
    "Triggers": [],
    "Execution Time": 49.012
  }
]