[
  {
    "Plan": {
      "Node Type": "Aggregate",
      "Strategy": "Plain",
      "Partial Mode": "Finalize",
      "Parallel Aware": false,
      "Startup Cost": 283057.75,
      "Total Cost": 283057.76,
      "Plan Rows": 1,
      "Plan Width": 8,
      "Actual Startup Time": 3405.49,
      "Actual Total Time": 3457.168,
      "Actual Rows": 1,
      "Actual Loops": 1,
      "Plans": [
        {
          "Node Type": "Gather",
          "Parent Relationship": "Outer",
          "Parallel Aware": false,
          "Startup Cost": 283057.43,
          "Total Cost": 283057.74,
          "Plan Rows": 3,
          "Plan Width": 8,
          "Actual Startup Time": 3401.028,
          "Actual Total Time": 3457.158,
          "Actual Rows": 4,
          "Actual Loops": 1,
          "Workers Planned": 3,
          "Workers Launched": 3,
          "Single Copy": false,
          "Plans": [
            {
              "Node Type": "Aggregate",
              "Strategy": "Plain",
              "Partial Mode": "Partial",
              "Parent Relationship": "Outer",
              "Parallel Aware": false,
              "Startup Cost": 282057.43,
              "Total Cost": 282057.44,
              "Plan Rows": 1,
              "Plan Width": 8,
              "Actual Startup Time": 3394.845,
              "Actual Total Time": 3394.849,
              "Actual Rows": 1,
              "Actual Loops": 4,
              "Plans": [
                {
                  "Node Type": "Nested Loop",
                  "Parent Relationship": "Outer",
                  "Parallel Aware": false,
                  "Join Type": "Inner",
                  "Startup Cost": 47825.0,
                  "Total Cost": 281030.7,
                  "Plan Rows": 410690,
                  "Plan Width": 0,
                  "Actual Startup Time": 162.583,
                  "Actual Total Time": 3019.295,
                  "Actual Rows": 8727594,
                  "Actual Loops": 4,
                  "Inner Unique": false,
                  "Plans": [
                    {
                      "Node Type": "Hash Join",
                      "Parent Relationship": "Outer",
                      "Parallel Aware": true,
                      "Join Type": "Inner",
                      "Startup Cost": 47824.56,
                      "Total Cost": 91138.86,
                      "Plan Rows": 69944,
                      "Plan Width": 8,
                      "Actual Startup Time": 162.482,
                      "Actual Total Time": 301.931,
                      "Actual Rows": 135389,
                      "Actual Loops": 4,
                      "Inner Unique": true,
                      "Hash Cond": "(mk.movie_id = t.id)",
                      "Plans": [
                        {
                          "Node Type": "Seq Scan",
                          "Parent Relationship": "Outer",
                          "Parallel Aware": true,
                          "Relation Name": "movie_keyword",
                          "Alias": "mk",
                          "Startup Cost": 0.0,
                          "Total Cost": 42695.65,
                          "Plan Rows": 235675,
                          "Plan Width": 4,
                          "Actual Startup Time": 2.071,
                          "Actual Total Time": 89.53,
                          "Actual Rows": 181292,
                          "Actual Loops": 4,
                          "Filter": "(keyword_id > 25863)",
                          "Rows Removed by Filter": 949690
                        },
                        {
                          "Node Type": "Hash",
                          "Parent Relationship": "Inner",
                          "Parallel Aware": true,
                          "Startup Cost": 45479.59,
                          "Total Cost": 45479.59,
                          "Plan Rows": 187598,
                          "Plan Width": 4,
                          "Actual Startup Time": 157.303,
                          "Actual Total Time": 157.304,
                          "Actual Rows": 198486,
                          "Actual Loops": 4,
                          "Hash Buckets": 1048576,
                          "Original Hash Buckets": 1048576,
                          "Hash Batches": 1,
                          "Original Hash Batches": 1,
                          "Peak Memory Usage": 39328,
                          "Plans": [
                            {
                              "Node Type": "Seq Scan",
                              "Parent Relationship": "Outer",
                              "Parallel Aware": true,
                              "Relation Name": "title",
                              "Alias": "t",
                              "Startup Cost": 0.0,
                              "Total Cost": 45479.59,
                              "Plan Rows": 187598,
                              "Plan Width": 4,
                              "Actual Startup Time": 0.028,
                              "Actual Total Time": 93.506,
                              "Actual Rows": 198486,
                              "Actual Loops": 4,
                              "Filter": "((kind_id < 7) AND (production_year < 2010))",
                              "Rows Removed by Filter": 433592
                            }
                          ]
                        }
                      ]
                    },
                    {
                      "Node Type": "Index Only Scan",
                      "Parent Relationship": "Inner",
                      "Parallel Aware": false,
                      "Scan Direction": "Forward",
                      "Index Name": "movie_id_movie_info",
                      "Relation Name": "movie_info",
                      "Alias": "mi",
                      "Startup Cost": 0.43,
                      "Total Cost": 2.3,
                      "Plan Rows": 41,
                      "Plan Width": 4,
                      "Actual Startup Time": 0.003,
                      "Actual Total Time": 0.016,
                      "Actual Rows": 64,
                      "Actual Loops": 541556,
                      "Index Cond": "(movie_id = t.id)",
                      "Rows Removed by Index Recheck": 0,
                      "Heap Fetches": 34910378
                    }
                  ]
                }
              ]
            }
          ]
        }
      ]
    },
    "Planning Time": 0.479,
    "Triggers": [],
    "Execution Time": 3457.228
  }
]