[
  {
    "Plan": {
      "Node Type": "Aggregate",
      "Strategy": "Plain",
      "Partial Mode": "Finalize",
      "Parallel Aware": false,
      "Startup Cost": 46001.41,
      "Total Cost": 46001.42,
      "Plan Rows": 1,
      "Plan Width": 8,
      "Actual Startup Time": 169.579,
      "Actual Total Time": 178.492,
      "Actual Rows": 1,
      "Actual Loops": 1,
      "Plans": [
        {
          "Node Type": "Gather",
          "Parent Relationship": "Outer",
          "Parallel Aware": false,
          "Startup Cost": 46001.1,
          "Total Cost": 46001.41,
          "Plan Rows": 3,
          "Plan Width": 8,
          "Actual Startup Time": 169.442,
          "Actual Total Time": 178.484,
          "Actual Rows": 4,
          "Actual Loops": 1,
          "Workers Planned": 3,
          "Workers Launched": 3,
          "Single Copy": false,
          "Plans": [
            {
              "Node Type": "Aggregate",
              "Strategy": "Plain",
              "Partial Mode": "Partial",
              "Parent Relationship": "Outer",
              "Parallel Aware": false,
              "Startup Cost": 45001.1,
              "Total Cost": 45001.11,
              "Plan Rows": 1,
              "Plan Width": 8,
              "Actual Startup Time": 161.001,
              "Actual Total Time": 161.003,
              "Actual Rows": 1,
              "Actual Loops": 4,
              "Plans": [
                {
                  "Node Type": "Seq Scan",
                  "Parent Relationship": "Outer",
                  "Parallel Aware": true,
                  "Relation Name": "movie_keyword",
                  "Alias": "mk",
                  "Startup Cost": 0.0,
                  "Total Cost": 42695.65,
                  "Plan Rows": 922177,
                  "Plan Width": 0,
                  "Actual Startup Time": 0.415,
                  "Actual Total Time": 125.958,
                  "Actual Rows": 710118,
                  "Actual Loops": 4,
                  "Filter": "(keyword_id > 2609)",
                  "Rows Removed by Filter": 420864
                }
              ]
            }
          ]
        }
      ]
    },
    "Planning Time": 0.162,
    "Triggers": [],
    "Execution Time": 178.543
  }
]