[
  {
    "Plan": {
      "Node Type": "Aggregate",
      "Strategy": "Plain",
      "Partial Mode": "Finalize",
      "Parallel Aware": false,
      "Startup Cost": 102064.42,
      "Total Cost": 102064.43,
      "Plan Rows": 1,
      "Plan Width": 8,
      "Actual Startup Time": 301.596,
      "Actual Total Time": 321.858,
      "Actual Rows": 1,
      "Actual Loops": 1,
      "Plans": [
        {
          "Node Type": "Gather",
          "Parent Relationship": "Outer",
          "Parallel Aware": false,
          "Startup Cost": 102064.11,
          "Total Cost": 102064.42,
          "Plan Rows": 3,
          "Plan Width": 8,
          "Actual Startup Time": 299.476,
          "Actual Total Time": 321.853,
          "Actual Rows": 4,
          "Actual Loops": 1,
          "Workers Planned": 3,
          "Workers Launched": 3,
          "Single Copy": false,
          "Plans": [
            {
              "Node Type": "Aggregate",
              "Strategy": "Plain",
              "Partial Mode": "Partial",
              "Parent Relationship": "Outer",
              "Parallel Aware": false,
              "Startup Cost": 101064.11,
              "Total Cost": 101064.12,
              "Plan Rows": 1,
              "Plan Width": 8,
              "Actual Startup Time": 296.532,
              "Actual Total Time": 296.535,
              "Actual Rows": 1,
              "Actual Loops": 4,
              "Plans": [
                {
                  "Node Type": "Nested Loop",
                  "Parent Relationship": "Outer",
                  "Parallel Aware": false,
                  "Join Type": "Inner",
                  "Startup Cost": 58325.31,
                  "Total Cost": 101029.88,
                  "Plan Rows": 13692,
                  "Plan Width": 0,
                  "Actual Startup Time": 134.907,
                  "Actual Total Time": 294.221,
                  "Actual Rows": 42700,
                  "Actual Loops": 4,
                  "Inner Unique": false,
                  "Join Filter": "(t.id = mi_idx.movie_id)",
                  "Rows Removed by Join Filter": 0,
                  "Plans": [
                    {
                      "Node Type": "Hash Join",
                      "Parent Relationship": "Outer",
                      "Parallel Aware": true,
                      "Join Type": "Inner",
                      "Startup Cost": 58324.88,
                      "Total Cost": 85477.39,
                      "Plan Rows": 25084,
                      "Plan Width": 8,
                      "Actual Startup Time": 134.689,
                      "Actual Total Time": 211.492,
                      "Actual Rows": 23322,
                      "Actual Loops": 4,
                      "Inner Unique": true,
                      "Hash Cond": "(mk.movie_id = t.id)",
                      "Plans": [
                        {
                          "Node Type": "Bitmap Heap Scan",
                          "Parent Relationship": "Outer",
                          "Parallel Aware": true,
                          "Relation Name": "movie_keyword",
                          "Alias": "mk",
                          "Startup Cost": 11734.83,
                          "Total Cost": 38419.01,
                          "Plan Rows": 178414,
                          "Plan Width": 4,
                          "Actual Startup Time": 33.679,
                          "Actual Total Time": 81.22,
                          "Actual Rows": 138932,
                          "Actual Loops": 4,
                          "Recheck Cond": "(keyword_id < 398)",
                          "Rows Removed by Index Recheck": 0,
                          "Exact Heap Blocks": 8197,
                          "Lossy Heap Blocks": 0,
                          "Plans": [
                            {
                              "Node Type": "Bitmap Index Scan",
                              "Parent Relationship": "Outer",
                              "Parallel Aware": false,
                              "Index Name": "keyword_id_movie_keyword",
                              "Startup Cost": 0.0,
                              "Total Cost": 11596.56,
                              "Plan Rows": 553084,
                              "Plan Width": 0,
                              "Actual Startup Time": 30.02,
                              "Actual Total Time": 30.02,
                              "Actual Rows": 555726,
                              "Actual Loops": 1,
                              "Index Cond": "(keyword_id < 398)"
                            }
                          ]
                        },
                        {
                          "Node Type": "Hash",
                          "Parent Relationship": "Inner",
                          "Parallel Aware": true,
                          "Startup Cost": 45479.21,
                          "Total Cost": 45479.21,
                          "Plan Rows": 88867,
                          "Plan Width": 4,
                          "Actual Startup Time": 99.832,
                          "Actual Total Time": 99.832,
                          "Actual Rows": 75522,
                          "Actual Loops": 4,
                          "Hash Buckets": 524288,
                          "Original Hash Buckets": 524288,
                          "Hash Batches": 1,
                          "Original Hash Batches": 1,
                          "Peak Memory Usage": 15968,
                          "Plans": [
                            {
                              "Node Type": "Seq Scan",
                              "Parent Relationship": "Outer",
                              "Parallel Aware": true,
                              "Relation Name": "title",
                              "Alias": "t",
                              "Startup Cost": 0.0,
                              "Total Cost": 45479.21,
                              "Plan Rows": 88867,
                              "Plan Width": 4,
                              "Actual Startup Time": 0.024,
                              "Actual Total Time": 76.026,
                              "Actual Rows": 75522,
                              "Actual Loops": 4,
                              "Filter": "((kind_id < 7) AND (production_year > 2006))",
                              "Rows Removed by Filter": 556556
                            }
                          ]
                        }
                      ]
                    },
                    {
                      "Node Type": "Index Only Scan",
                      "Parent Relationship": "Inner",
                      "Parallel Aware": false,
                      "Scan Direction": "Forward",
                      "Index Name": "movie_id_movie_info_idx",
                      "Relation Name": "movie_info_idx",
                      "Alias": "mi_idx",
                      "Startup Cost": 0.43,
                      "Total Cost": 0.58,
                      "Plan Rows": 3,
                      "Plan Width": 4,
                      "Actual Startup Time": 0.003,
                      "Actual Total Time": 0.003,
                      "Actual Rows": 2,
                      "Actual Loops": 93287,
                      "Index Cond": "(movie_id = mk.movie_id)",
                      "Rows Removed by Index Recheck": 0,
                      "Heap Fetches": 170800
                    }
                  ]
                }
              ]
            }
          ]
        }
      ]
    },
    "Planning Time": 0.388,
    "Triggers": [],
    "Execution Time": 321.907
  }
]