[
  {
    "Plan": {
      "Node Type": "Aggregate",
      "Strategy": "Plain",
      "Partial Mode": "Finalize",
      "Parallel Aware": false,
      "Startup Cost": 33173.04,
      "Total Cost": 33173.05,
      "Plan Rows": 1,
      "Plan Width": 8,
      "Actual Startup Time": 93.826,
      "Actual Total Time": 99.626,
      "Actual Rows": 1,
      "Actual Loops": 1,
      "Plans": [
        {
          "Node Type": "Gather",
          "Parent Relationship": "Outer",
          "Parallel Aware": false,
          "Startup Cost": 33172.73,
          "Total Cost": 33173.04,
          "Plan Rows": 3,
          "Plan Width": 8,
          "Actual Startup Time": 93.717,
          "Actual Total Time": 99.618,
          "Actual Rows": 4,
          "Actual Loops": 1,
          "Workers Planned": 3,
          "Workers Launched": 3,
          "Single Copy": false,
          "Plans": [
            {
              "Node Type": "Aggregate",
              "Strategy": "Plain",
              "Partial Mode": "Partial",
              "Parent Relationship": "Outer",
              "Parallel Aware": false,
              "Startup Cost": 32172.73,
              "Total Cost": 32172.74,
              "Plan Rows": 1,
              "Plan Width": 8,
              "Actual Startup Time": 88.105,
              "Actual Total Time": 88.106,
              "Actual Rows": 1,
              "Actual Loops": 4,
              "Plans": [
                {
                  "Node Type": "Seq Scan",
                  "Parent Relationship": "Outer",
                  "Parallel Aware": true,
                  "Relation Name": "movie_companies",
                  "Alias": "mc",
                  "Startup Cost": 0.0,
                  "Total Cost": 31414.82,
                  "Plan Rows": 303163,
                  "Plan Width": 0,
                  "Actual Startup Time": 0.028,
                  "Actual Total Time": 72.52,
                  "Actual Rows": 311369,
                  "Actual Loops": 4,
                  "Filter": "((company_id < 48504) AND (company_type_id = 1))",
                  "Rows Removed by Filter": 340914
                }
              ]
            }
          ]
        }
      ]
    },
    "Planning Time": 0.254,
    "Triggers": [],
    "Execution Time": 99.68
  }
]