[
  {
    "Plan": {
      "Node Type": "Aggregate",
      "Strategy": "Plain",
      "Partial Mode": "Finalize",
      "Parallel Aware": false,
      "Startup Cost": 355068.75,
      "Total Cost": 355068.76,
      "Plan Rows": 1,
      "Plan Width": 8,
      "Actual Startup Time": 723.115,
      "Actual Total Time": 743.249,
      "Actual Rows": 1,
      "Actual Loops": 1,
      "Plans": [
        {
          "Node Type": "Gather",
          "Parent Relationship": "Outer",
          "Parallel Aware": false,
          "Startup Cost": 355068.43,
          "Total Cost": 355068.74,
          "Plan Rows": 3,
          "Plan Width": 8,
          "Actual Startup Time": 717.728,
          "Actual Total Time": 743.239,
          "Actual Rows": 4,
          "Actual Loops": 1,
          "Workers Planned": 3,
          "Workers Launched": 3,
          "Single Copy": false,
          "Plans": [
            {
              "Node Type": "Aggregate",
              "Strategy": "Plain",
              "Partial Mode": "Partial",
              "Parent Relationship": "Outer",
              "Parallel Aware": false,
              "Startup Cost": 354068.43,
              "Total Cost": 354068.44,
              "Plan Rows": 1,
              "Plan Width": 8,
              "Actual Startup Time": 711.508,
              "Actual Total Time": 711.622,
              "Actual Rows": 1,
              "Actual Loops": 4,
              "Plans": [
                {
                  "Node Type": "Hash Join",
                  "Parent Relationship": "Outer",
                  "Parallel Aware": true,
                  "Join Type": "Inner",
                  "Startup Cost": 322521.54,
                  "Total Cost": 353476.36,
                  "Plan Rows": 236826,
                  "Plan Width": 0,
                  "Actual Startup Time": 464.461,
                  "Actual Total Time": 684.388,
                  "Actual Rows": 604154,
                  "Actual Loops": 4,
                  "Inner Unique": false,
                  "Hash Cond": "(mc.movie_id = t.id)",
                  "Plans": [
                    {
                      "Node Type": "Seq Scan",
                      "Parent Relationship": "Outer",
                      "Parallel Aware": true,
                      "Relation Name": "movie_companies",
                      "Alias": "mc",
                      "Startup Cost": 0.0,
                      "Total Cost": 27206.55,
                      "Plan Rows": 841655,
                      "Plan Width": 4,
                      "Actual Startup Time": 0.014,
                      "Actual Total Time": 60.411,
                      "Actual Rows": 652282,
                      "Actual Loops": 4
                    },
                    {
                      "Node Type": "Hash",
                      "Parent Relationship": "Inner",
                      "Parallel Aware": true,
                      "Startup Cost": 320298.25,
                      "Total Cost": 320298.25,
                      "Plan Rows": 177863,
                      "Plan Width": 8,
                      "Actual Startup Time": 460.418,
                      "Actual Total Time": 460.529,
                      "Actual Rows": 162675,
                      "Actual Loops": 4,
                      "Hash Buckets": 1048576,
                      "Original Hash Buckets": 1048576,
                      "Hash Batches": 1,
                      "Original Hash Batches": 1,
                      "Peak Memory Usage": 33728,
                      "Plans": [
                        {
                          "Node Type": "Hash Join",
                          "Parent Relationship": "Outer",
                          "Parallel Aware": true,
                          "Join Type": "Inner",
                          "Startup Cost": 271361.7,
                          "Total Cost": 320298.25,
                          "Plan Rows": 177863,
                          "Plan Width": 8,
                          "Actual Startup Time": 143.106,
                          "Actual Total Time": 406.146,
                          "Actual Rows": 162675,
                          "Actual Loops": 4,
                          "Inner Unique": false,
                          "Hash Cond": "(t.id = ci.movie_id)",
                          "Plans": [
                            {
                              "Node Type": "Seq Scan",
                              "Parent Relationship": "Outer",
                              "Parallel Aware": true,
                              "Relation Name": "title",
                              "Alias": "t",
                              "Startup Cost": 0.0,
                              "Total Cost": 42319.06,
                              "Plan Rows": 632106,
                              "Plan Width": 4,
                              "Actual Startup Time": 0.014,
                              "Actual Total Time": 81.036,
                              "Actual Rows": 632078,
                              "Actual Loops": 4
                            },
                            {
                              "Node Type": "Hash",
                              "Parent Relationship": "Inner",
                              "Parallel Aware": true,
                              "Startup Cost": 269879.51,
                              "Total Cost": 269879.51,
                              "Plan Rows": 118575,
                              "Plan Width": 4,
                              "Actual Startup Time": 140.489,
                              "Actual Total Time": 140.491,
                              "Actual Rows": 162675,
                              "Actual Loops": 4,
                              "Hash Buckets": 1048576,
                              "Original Hash Buckets": 1048576,
                              "Hash Batches": 1,
                              "Original Hash Batches": 1,
                              "Peak Memory Usage": 33696,
                              "Plans": [
                                {
                                  "Node Type": "Bitmap Heap Scan",
                                  "Parent Relationship": "Outer",
                                  "Parallel Aware": true,
                                  "Relation Name": "cast_info",
                                  "Alias": "ci",
                                  "Startup Cost": 15710.32,
                                  "Total Cost": 269879.51,
                                  "Plan Rows": 118575,
                                  "Plan Width": 4,
                                  "Actual Startup Time": 24.892,
                                  "Actual Total Time": 73.471,
                                  "Actual Rows": 162675,
                                  "Actual Loops": 4,
                                  "Recheck Cond": "(person_id > 3935162)",
                                  "Rows Removed by Index Recheck": 0,
                                  "Exact Heap Blocks": 3925,
                                  "Lossy Heap Blocks": 0,
                                  "Plans": [
                                    {
                                      "Node Type": "Bitmap Index Scan",
                                      "Parent Relationship": "Outer",
                                      "Parallel Aware": false,
                                      "Index Name": "person_id_cast_info",
                                      "Startup Cost": 0.0,
                                      "Total Cost": 15532.45,
                                      "Plan Rows": 711452,
                                      "Plan Width": 0,
                                      "Actual Startup Time": 23.426,
                                      "Actual Total Time": 23.427,
                                      "Actual Rows": 650701,
                                      "Actual Loops": 1,
                                      "Index Cond": "(person_id > 3935162)"
                                    }
                                  ]
                                }
                              ]
                            }
                          ]
                        }
                      ]
                    }
                  ]
                }
              ]
            }
          ]
        }
      ]
    },
    "Planning Time": 1.125,
    "Triggers": [],
    "Execution Time": 743.332
  }
]