{
  "Plan": {
    "Node Type": "Aggregate",
    "Strategy": "Plain",
    "Partial Mode": "Finalize",
    "Parallel Aware": false,
    "Startup Cost": 667476.38,
    "Total Cost": 667476.39,
    "Plan Rows": 1,
    "Plan Width": 8,
    "Actual Startup Time": 4148.545,
    "Actual Total Time": 4190.782,
    "Actual Rows": 1,
    "Actual Loops": 1,
    "Plans": [
      {
        "Node Type": "Gather",
        "Parent Relationship": "Outer",
        "Parallel Aware": false,
        "Startup Cost": 667476.27,
        "Total Cost": 667476.38,
        "Plan Rows": 1,
        "Plan Width": 8,
        "Actual Startup Time": 4142.564,
        "Actual Total Time": 4190.772,
        "Actual Rows": 2,
        "Actual Loops": 1,
        "Workers Planned": 1,
        "Workers Launched": 1,
        "Single Copy": false,
        "Plans": [
          {
            "Node Type": "Aggregate",
            "Strategy": "Plain",
            "Partial Mode": "Partial",
            "Parent Relationship": "Outer",
            "Parallel Aware": false,
            "Startup Cost": 666476.27,
            "Total Cost": 666476.28,
            "Plan Rows": 1,
            "Plan Width": 8,
            "Actual Startup Time": 4136.667,
            "Actual Total Time": 4136.939,
            "Actual Rows": 1,
            "Actual Loops": 2,
            "Plans": [
              {
                "Node Type": "Hash Join",
                "Parent Relationship": "Outer",
                "Parallel Aware": true,
                "Join Type": "Inner",
                "Startup Cost": 362261.98,
                "Total Cost": 663842.69,
                "Plan Rows": 1053431,
                "Plan Width": 0,
                "Actual Startup Time": 1040.49,
                "Actual Total Time": 3628.931,
                "Actual Rows": 12736888,
                "Actual Loops": 2,
                "Inner Unique": false,
                "Hash Cond": "(mi.movie_id = t.id)",
                "Plans": [
                  {
                    "Node Type": "Seq Scan",
                    "Parent Relationship": "Outer",
                    "Parallel Aware": true,
                    "Relation Name": "movie_info",
                    "Alias": "mi",
                    "Startup Cost": 0.0,
                    "Total Cost": 270696.42,
                    "Plan Rows": 6583369,
                    "Plan Width": 4,
                    "Actual Startup Time": 0.018,
                    "Actual Total Time": 713.36,
                    "Actual Rows": 5605372,
                    "Actual Loops": 2,
                    "Filter": "(info_type_id > 3)",
                    "Rows Removed by Filter": 1812488
                  },
                  {
                    "Node Type": "Hash",
                    "Parent Relationship": "Inner",
                    "Parallel Aware": true,
                    "Startup Cost": 359287.25,
                    "Total Cost": 359287.25,
                    "Plan Rows": 237978,
                    "Plan Width": 8,
                    "Actual Startup Time": 1034.576,
                    "Actual Total Time": 1034.846,
                    "Actual Rows": 579676,
                    "Actual Loops": 2,
                    "Hash Buckets": 2097152,
                    "Original Hash Buckets": 524288,
                    "Hash Batches": 1,
                    "Original Hash Batches": 1,
                    "Peak Memory Usage": 74048,
                    "Plans": [
                      {
                        "Node Type": "Hash Join",
                        "Parent Relationship": "Outer",
                        "Parallel Aware": true,
                        "Join Type": "Inner",
                        "Startup Cost": 95497.1,
                        "Total Cost": 359287.25,
                        "Plan Rows": 237978,
                        "Plan Width": 8,
                        "Actual Startup Time": 544.757,
                        "Actual Total Time": 878.664,
                        "Actual Rows": 579676,
                        "Actual Loops": 2,
                        "Inner Unique": true,
                        "Hash Cond": "(ci.movie_id = t.id)",
                        "Plans": [
                          {
                            "Node Type": "Bitmap Heap Scan",
                            "Parent Relationship": "Outer",
                            "Parallel Aware": true,
                            "Relation Name": "cast_info",
                            "Alias": "ci",
                            "Startup Cost": 26036.4,
                            "Total Cost": 289201.86,
                            "Plan Rows": 237978,
                            "Plan Width": 4,
                            "Actual Startup Time": 37.285,
                            "Actual Total Time": 129.697,
                            "Actual Rows": 579676,
                            "Actual Loops": 2,
                            "Recheck Cond": "(person_id > 3837054)",
                            "Rows Removed by Index Recheck": 0,
                            "Filter": "(role_id > 3)",
                            "Rows Removed by Filter": 0,
                            "Exact Heap Blocks": 8430,
                            "Lossy Heap Blocks": 0,
                            "Plans": [
                              {
                                "Node Type": "Bitmap Index Scan",
                                "Parent Relationship": "Outer",
                                "Parallel Aware": false,
                                "Index Name": "person_id_cast_info",
                                "Startup Cost": 0.0,
                                "Total Cost": 25935.26,
                                "Plan Rows": 1187559,
                                "Plan Width": 0,
                                "Actual Startup Time": 34.818,
                                "Actual Total Time": 34.819,
                                "Actual Rows": 1159352,
                                "Actual Loops": 1,
                                "Index Cond": "(person_id > 3837054)"
                              }
                            ]
                          },
                          {
                            "Node Type": "Hash",
                            "Parent Relationship": "Inner",
                            "Parallel Aware": true,
                            "Startup Cost": 50870.31,
                            "Total Cost": 50870.31,
                            "Plan Rows": 1487231,
                            "Plan Width": 4,
                            "Actual Startup Time": 489.963,
                            "Actual Total Time": 489.963,
                            "Actual Rows": 1264156,
                            "Actual Loops": 2,
                            "Hash Buckets": 4194304,
                            "Original Hash Buckets": 4194304,
                            "Hash Batches": 1,
                            "Original Hash Batches": 1,
                            "Peak Memory Usage": 131712,
                            "Plans": [
                              {
                                "Node Type": "Seq Scan",
                                "Parent Relationship": "Outer",
                                "Parallel Aware": true,
                                "Relation Name": "title",
                                "Alias": "t",
                                "Startup Cost": 0.0,
                                "Total Cost": 50870.31,
                                "Plan Rows": 1487231,
                                "Plan Width": 4,
                                "Actual Startup Time": 0.028,
                                "Actual Total Time": 146.942,
                                "Actual Rows": 1264156,
                                "Actual Loops": 2
                              }
                            ]
                          }
                        ]
                      }
                    ]
                  }
                ]
              }
            ]
          }
        ]
      }
    ]
  },
  "Planning Time": 0.959,
  "Triggers": [],
  "Execution Time": 4190.888
}