[
  {
    "Plan": {
      "Node Type": "Aggregate",
      "Strategy": "Plain",
      "Partial Mode": "Finalize",
      "Parallel Aware": false,
      "Startup Cost": 104370.22,
      "Total Cost": 104370.23,
      "Plan Rows": 1,
      "Plan Width": 8,
      "Actual Startup Time": 583.787,
      "Actual Total Time": 606.606,
      "Actual Rows": 1,
      "Actual Loops": 1,
      "Plans": [
        {
          "Node Type": "Gather",
          "Parent Relationship": "Outer",
          "Parallel Aware": false,
          "Startup Cost": 104369.91,
          "Total Cost": 104370.22,
          "Plan Rows": 3,
          "Plan Width": 8,
          "Actual Startup Time": 582.323,
          "Actual Total Time": 606.597,
          "Actual Rows": 4,
          "Actual Loops": 1,
          "Workers Planned": 3,
          "Workers Launched": 3,
          "Single Copy": false,
          "Plans": [
            {
              "Node Type": "Aggregate",
              "Strategy": "Plain",
              "Partial Mode": "Partial",
              "Parent Relationship": "Outer",
              "Parallel Aware": false,
              "Startup Cost": 103369.91,
              "Total Cost": 103369.92,
              "Plan Rows": 1,
              "Plan Width": 8,
              "Actual Startup Time": 575.207,
              "Actual Total Time": 575.294,
              "Actual Rows": 1,
              "Actual Loops": 4,
              "Plans": [
                {
                  "Node Type": "Nested Loop",
                  "Parent Relationship": "Outer",
                  "Parallel Aware": false,
                  "Join Type": "Inner",
                  "Startup Cost": 61211.63,
                  "Total Cost": 103320.4,
                  "Plan Rows": 19802,
                  "Plan Width": 0,
                  "Actual Startup Time": 187.892,
                  "Actual Total Time": 559.955,
                  "Actual Rows": 334668,
                  "Actual Loops": 4,
                  "Inner Unique": false,
                  "Join Filter": "(t.id = mc.movie_id)",
                  "Rows Removed by Join Filter": 0,
                  "Plans": [
                    {
                      "Node Type": "Hash Join",
                      "Parent Relationship": "Outer",
                      "Parallel Aware": true,
                      "Join Type": "Inner",
                      "Startup Cost": 61211.2,
                      "Total Cost": 89131.21,
                      "Plan Rows": 19190,
                      "Plan Width": 8,
                      "Actual Startup Time": 187.792,
                      "Actual Total Time": 294.836,
                      "Actual Rows": 56333,
                      "Actual Loops": 4,
                      "Inner Unique": true,
                      "Hash Cond": "(mk.movie_id = t.id)",
                      "Plans": [
                        {
                          "Node Type": "Bitmap Heap Scan",
                          "Parent Relationship": "Outer",
                          "Parallel Aware": true,
                          "Relation Name": "movie_keyword",
                          "Alias": "mk",
                          "Startup Cost": 15069.95,
                          "Total Cost": 42388.42,
                          "Plan Rows": 229158,
                          "Plan Width": 4,
                          "Actual Startup Time": 42.515,
                          "Actual Total Time": 101.207,
                          "Actual Rows": 177914,
                          "Actual Loops": 4,
                          "Recheck Cond": "(keyword_id < 613)",
                          "Rows Removed by Index Recheck": 0,
                          "Exact Heap Blocks": 6214,
                          "Lossy Heap Blocks": 0,
                          "Plans": [
                            {
                              "Node Type": "Bitmap Index Scan",
                              "Parent Relationship": "Outer",
                              "Parallel Aware": false,
                              "Index Name": "keyword_id_movie_keyword",
                              "Startup Cost": 0.0,
                              "Total Cost": 14892.35,
                              "Plan Rows": 710389,
                              "Plan Width": 0,
                              "Actual Startup Time": 38.835,
                              "Actual Total Time": 38.835,
                              "Actual Rows": 711658,
                              "Actual Loops": 1,
                              "Index Cond": "(keyword_id < 613)"
                            }
                          ]
                        },
                        {
                          "Node Type": "Hash",
                          "Parent Relationship": "Inner",
                          "Parallel Aware": true,
                          "Startup Cost": 45479.59,
                          "Total Cost": 45479.59,
                          "Plan Rows": 52933,
                          "Plan Width": 4,
                          "Actual Startup Time": 143.799,
                          "Actual Total Time": 143.801,
                          "Actual Rows": 89881,
                          "Actual Loops": 4,
                          "Hash Buckets": 524288,
                          "Original Hash Buckets": 262144,
                          "Hash Batches": 1,
                          "Original Hash Batches": 1,
                          "Peak Memory Usage": 20320,
                          "Plans": [
                            {
                              "Node Type": "Seq Scan",
                              "Parent Relationship": "Outer",
                              "Parallel Aware": true,
                              "Relation Name": "title",
                              "Alias": "t",
                              "Startup Cost": 0.0,
                              "Total Cost": 45479.59,
                              "Plan Rows": 52933,
                              "Plan Width": 4,
                              "Actual Startup Time": 0.049,
                              "Actual Total Time": 102.836,
                              "Actual Rows": 89881,
                              "Actual Loops": 4,
                              "Filter": "((kind_id < 4) AND (production_year < 1988))",
                              "Rows Removed by Filter": 542197
                            }
                          ]
                        }
                      ]
                    },
                    {
                      "Node Type": "Index Only Scan",
                      "Parent Relationship": "Inner",
                      "Parallel Aware": false,
                      "Scan Direction": "Forward",
                      "Index Name": "movie_id_movie_companies",
                      "Relation Name": "movie_companies",
                      "Alias": "mc",
                      "Startup Cost": 0.43,
                      "Total Cost": 0.68,
                      "Plan Rows": 5,
                      "Plan Width": 4,
                      "Actual Startup Time": 0.003,
                      "Actual Total Time": 0.004,
                      "Actual Rows": 6,
                      "Actual Loops": 225331,
                      "Index Cond": "(movie_id = mk.movie_id)",
                      "Rows Removed by Index Recheck": 0,
                      "Heap Fetches": 1338672
                    }
                  ]
                }
              ]
            }
          ]
        }
      ]
    },
    "Planning Time": 0.542,
    "Triggers": [],
    "Execution Time": 606.666
  }
]