[
  {
    "Plan": {
      "Node Type": "Aggregate",
      "Strategy": "Plain",
      "Partial Mode": "Finalize",
      "Parallel Aware": false,
      "Startup Cost": 46728.54,
      "Total Cost": 46728.55,
      "Plan Rows": 1,
      "Plan Width": 8,
      "Actual Startup Time": 99.453,
      "Actual Total Time": 111.665,
      "Actual Rows": 1,
      "Actual Loops": 1,
      "Plans": [
        {
          "Node Type": "Gather",
          "Parent Relationship": "Outer",
          "Parallel Aware": false,
          "Startup Cost": 46728.12,
          "Total Cost": 46728.53,
          "Plan Rows": 4,
          "Plan Width": 8,
          "Actual Startup Time": 99.323,
          "Actual Total Time": 111.656,
          "Actual Rows": 5,
          "Actual Loops": 1,
          "Workers Planned": 4,
          "Workers Launched": 4,
          "Single Copy": false,
          "Plans": [
            {
              "Node Type": "Aggregate",
              "Strategy": "Plain",
              "Partial Mode": "Partial",
              "Parent Relationship": "Outer",
              "Parallel Aware": false,
              "Startup Cost": 45728.12,
              "Total Cost": 45728.13,
              "Plan Rows": 1,
              "Plan Width": 8,
              "Actual Startup Time": 92.425,
              "Actual Total Time": 92.426,
              "Actual Rows": 1,
              "Actual Loops": 5,
              "Plans": [
                {
                  "Node Type": "Seq Scan",
                  "Parent Relationship": "Outer",
                  "Parallel Aware": true,
                  "Relation Name": "title",
                  "Alias": "t",
                  "Startup Cost": 0.0,
                  "Total Cost": 45479.1,
                  "Plan Rows": 99610,
                  "Plan Width": 0,
                  "Actual Startup Time": 0.053,
                  "Actual Total Time": 87.627,
                  "Actual Rows": 95537,
                  "Actual Loops": 5,
                  "Filter": "((kind_id < 3) AND (production_year < 2005))",
                  "Rows Removed by Filter": 410126
                }
              ]
            }
          ]
        }
      ]
    },
    "Planning Time": 0.152,
    "Triggers": [],
    "Execution Time": 111.724
  }
]