[
  {
    "Plan": {
      "Node Type": "Aggregate",
      "Strategy": "Plain",
      "Partial Mode": "Finalize",
      "Parallel Aware": false,
      "Startup Cost": 45743.46,
      "Total Cost": 45743.47,
      "Plan Rows": 1,
      "Plan Width": 8,
      "Actual Startup Time": 175.869,
      "Actual Total Time": 186.166,
      "Actual Rows": 1,
      "Actual Loops": 1,
      "Plans": [
        {
          "Node Type": "Gather",
          "Parent Relationship": "Outer",
          "Parallel Aware": false,
          "Startup Cost": 45743.14,
          "Total Cost": 45743.45,
          "Plan Rows": 3,
          "Plan Width": 8,
          "Actual Startup Time": 175.668,
          "Actual Total Time": 186.155,
          "Actual Rows": 4,
          "Actual Loops": 1,
          "Workers Planned": 3,
          "Workers Launched": 3,
          "Single Copy": false,
          "Plans": [
            {
              "Node Type": "Aggregate",
              "Strategy": "Plain",
              "Partial Mode": "Partial",
              "Parent Relationship": "Outer",
              "Parallel Aware": false,
              "Startup Cost": 44743.14,
              "Total Cost": 44743.15,
              "Plan Rows": 1,
              "Plan Width": 8,
              "Actual Startup Time": 168.948,
              "Actual Total Time": 168.949,
              "Actual Rows": 1,
              "Actual Loops": 4,
              "Plans": [
                {
                  "Node Type": "Seq Scan",
                  "Parent Relationship": "Outer",
                  "Parallel Aware": true,
                  "Relation Name": "movie_keyword",
                  "Alias": "mk",
                  "Startup Cost": 0.0,
                  "Total Cost": 42695.65,
                  "Plan Rows": 818995,
                  "Plan Width": 0,
                  "Actual Startup Time": 0.044,
                  "Actual Total Time": 135.054,
                  "Actual Rows": 636747,
                  "Actual Loops": 4,
                  "Filter": "(keyword_id < 6407)",
                  "Rows Removed by Filter": 494236
                }
              ]
            }
          ]
        }
      ]
    },
    "Planning Time": 0.117,
    "Triggers": [],
    "Execution Time": 186.207
  }
]