[
  {
    "Plan": {
      "Node Type": "Aggregate",
      "Strategy": "Plain",
      "Partial Mode": "Finalize",
      "Parallel Aware": false,
      "Startup Cost": 45752.23,
      "Total Cost": 45752.24,
      "Plan Rows": 1,
      "Plan Width": 8,
      "Actual Startup Time": 157.687,
      "Actual Total Time": 164.671,
      "Actual Rows": 1,
      "Actual Loops": 1,
      "Plans": [
        {
          "Node Type": "Gather",
          "Parent Relationship": "Outer",
          "Parallel Aware": false,
          "Startup Cost": 45751.91,
          "Total Cost": 45752.22,
          "Plan Rows": 3,
          "Plan Width": 8,
          "Actual Startup Time": 157.563,
          "Actual Total Time": 164.664,
          "Actual Rows": 4,
          "Actual Loops": 1,
          "Workers Planned": 3,
          "Workers Launched": 3,
          "Single Copy": false,
          "Plans": [
            {
              "Node Type": "Aggregate",
              "Strategy": "Plain",
              "Partial Mode": "Partial",
              "Parent Relationship": "Outer",
              "Parallel Aware": false,
              "Startup Cost": 44751.91,
              "Total Cost": 44751.92,
              "Plan Rows": 1,
              "Plan Width": 8,
              "Actual Startup Time": 149.384,
              "Actual Total Time": 149.385,
              "Actual Rows": 1,
              "Actual Loops": 4,
              "Plans": [
                {
                  "Node Type": "Seq Scan",
                  "Parent Relationship": "Outer",
                  "Parallel Aware": true,
                  "Relation Name": "movie_keyword",
                  "Alias": "mk",
                  "Startup Cost": 0.0,
                  "Total Cost": 42695.65,
                  "Plan Rows": 822504,
                  "Plan Width": 0,
                  "Actual Startup Time": 0.057,
                  "Actual Total Time": 119.124,
                  "Actual Rows": 636747,
                  "Actual Loops": 4,
                  "Filter": "(keyword_id < 6407)",
                  "Rows Removed by Filter": 494236
                }
              ]
            }
          ]
        }
      ]
    },
    "Planning Time": 0.089,
    "Triggers": [],
    "Execution Time": 164.703
  }
]