[
  {
    "Plan": {
      "Node Type": "Aggregate",
      "Strategy": "Plain",
      "Partial Mode": "Finalize",
      "Parallel Aware": false,
      "Startup Cost": 168896.71,
      "Total Cost": 168896.72,
      "Plan Rows": 1,
      "Plan Width": 8,
      "Actual Startup Time": 1660.833,
      "Actual Total Time": 1704.513,
      "Actual Rows": 1,
      "Actual Loops": 1,
      "Plans": [
        {
          "Node Type": "Gather",
          "Parent Relationship": "Outer",
          "Parallel Aware": false,
          "Startup Cost": 168896.4,
          "Total Cost": 168896.71,
          "Plan Rows": 3,
          "Plan Width": 8,
          "Actual Startup Time": 1659.316,
          "Actual Total Time": 1704.502,
          "Actual Rows": 4,
          "Actual Loops": 1,
          "Workers Planned": 3,
          "Workers Launched": 3,
          "Single Copy": false,
          "Plans": [
            {
              "Node Type": "Aggregate",
              "Strategy": "Plain",
              "Partial Mode": "Partial",
              "Parent Relationship": "Outer",
              "Parallel Aware": false,
              "Startup Cost": 167896.4,
              "Total Cost": 167896.41,
              "Plan Rows": 1,
              "Plan Width": 8,
              "Actual Startup Time": 1652.954,
              "Actual Total Time": 1652.959,
              "Actual Rows": 1,
              "Actual Loops": 4,
              "Plans": [
                {
                  "Node Type": "Nested Loop",
                  "Parent Relationship": "Outer",
                  "Parallel Aware": false,
                  "Join Type": "Inner",
                  "Startup Cost": 46400.1,
                  "Total Cost": 167840.13,
                  "Plan Rows": 22507,
                  "Plan Width": 0,
                  "Actual Startup Time": 164.153,
                  "Actual Total Time": 1643.128,
                  "Actual Rows": 128628,
                  "Actual Loops": 4,
                  "Inner Unique": false,
                  "Join Filter": "(t.id = mi.movie_id)",
                  "Rows Removed by Join Filter": 0,
                  "Plans": [
                    {
                      "Node Type": "Hash Join",
                      "Parent Relationship": "Outer",
                      "Parallel Aware": true,
                      "Join Type": "Inner",
                      "Startup Cost": 46399.66,
                      "Total Cost": 78791.59,
                      "Plan Rows": 43345,
                      "Plan Width": 8,
                      "Actual Startup Time": 163.977,
                      "Actual Total Time": 288.428,
                      "Actual Rows": 110890,
                      "Actual Loops": 4,
                      "Inner Unique": true,
                      "Hash Cond": "(mc.movie_id = t.id)",
                      "Plans": [
                        {
                          "Node Type": "Seq Scan",
                          "Parent Relationship": "Outer",
                          "Parallel Aware": true,
                          "Relation Name": "movie_companies",
                          "Alias": "mc",
                          "Startup Cost": 0.0,
                          "Total Cost": 31414.82,
                          "Plan Rows": 372231,
                          "Plan Width": 4,
                          "Actual Startup Time": 0.035,
                          "Actual Total Time": 73.779,
                          "Actual Rows": 271841,
                          "Actual Loops": 4,
                          "Filter": "((company_id > 110) AND (company_type_id = 1))",
                          "Rows Removed by Filter": 380441
                        },
                        {
                          "Node Type": "Hash",
                          "Parent Relationship": "Inner",
                          "Parallel Aware": true,
                          "Startup Cost": 45479.59,
                          "Total Cost": 45479.59,
                          "Plan Rows": 73606,
                          "Plan Width": 4,
                          "Actual Startup Time": 136.797,
                          "Actual Total Time": 136.799,
                          "Actual Rows": 97759,
                          "Actual Loops": 4,
                          "Hash Buckets": 524288,
                          "Original Hash Buckets": 524288,
                          "Hash Batches": 1,
                          "Original Hash Batches": 1,
                          "Peak Memory Usage": 19488,
                          "Plans": [
                            {
                              "Node Type": "Seq Scan",
                              "Parent Relationship": "Outer",
                              "Parallel Aware": true,
                              "Relation Name": "title",
                              "Alias": "t",
                              "Startup Cost": 0.0,
                              "Total Cost": 45479.59,
                              "Plan Rows": 73606,
                              "Plan Width": 4,
                              "Actual Startup Time": 59.458,
                              "Actual Total Time": 103.325,
                              "Actual Rows": 97759,
                              "Actual Loops": 4,
                              "Filter": "((production_year < 2002) AND (kind_id = 1))",
                              "Rows Removed by Filter": 534319
                            }
                          ]
                        }
                      ]
                    },
                    {
                      "Node Type": "Index Scan",
                      "Parent Relationship": "Inner",
                      "Parallel Aware": false,
                      "Scan Direction": "Forward",
                      "Index Name": "movie_id_movie_info",
                      "Relation Name": "movie_info",
                      "Alias": "mi",
                      "Startup Cost": 0.43,
                      "Total Cost": 2.0,
                      "Plan Rows": 4,
                      "Plan Width": 4,
                      "Actual Startup Time": 0.011,
                      "Actual Total Time": 0.012,
                      "Actual Rows": 1,
                      "Actual Loops": 443560,
                      "Index Cond": "(movie_id = mc.movie_id)",
                      "Rows Removed by Index Recheck": 0,
                      "Filter": "(info_type_id = 8)",
                      "Rows Removed by Filter": 50
                    }
                  ]
                }
              ]
            }
          ]
        }
      ]
    },
    "Planning Time": 0.52,
    "Triggers": [],
    "Execution Time": 1704.571
  }
]