[
  {
    "Plan": {
      "Node Type": "Aggregate",
      "Strategy": "Plain",
      "Partial Mode": "Finalize",
      "Parallel Aware": false,
      "Startup Cost": 335096.87,
      "Total Cost": 335096.88,
      "Plan Rows": 1,
      "Plan Width": 8,
      "Actual Startup Time": 673.735,
      "Actual Total Time": 743.74,
      "Actual Rows": 1,
      "Actual Loops": 1,
      "Plans": [
        {
          "Node Type": "Gather",
          "Parent Relationship": "Outer",
          "Parallel Aware": false,
          "Startup Cost": 335096.24,
          "Total Cost": 335096.85,
          "Plan Rows": 6,
          "Plan Width": 8,
          "Actual Startup Time": 673.57,
          "Actual Total Time": 743.727,
          "Actual Rows": 7,
          "Actual Loops": 1,
          "Workers Planned": 6,
          "Workers Launched": 6,
          "Single Copy": false,
          "Plans": [
            {
              "Node Type": "Aggregate",
              "Strategy": "Plain",
              "Partial Mode": "Partial",
              "Parent Relationship": "Outer",
              "Parallel Aware": false,
              "Startup Cost": 334096.24,
              "Total Cost": 334096.26,
              "Plan Rows": 1,
              "Plan Width": 8,
              "Actual Startup Time": 664.584,
              "Actual Total Time": 664.585,
              "Actual Rows": 1,
              "Actual Loops": 7,
              "Plans": [
                {
                  "Node Type": "Seq Scan",
                  "Parent Relationship": "Outer",
                  "Parallel Aware": true,
                  "Relation Name": "cast_info",
                  "Alias": "ci",
                  "Startup Cost": 0.0,
                  "Total Cost": 328162.03,
                  "Plan Rows": 2373688,
                  "Plan Width": 0,
                  "Actual Startup Time": 0.047,
                  "Actual Total Time": 575.134,
                  "Actual Rows": 2033993,
                  "Actual Loops": 7,
                  "Filter": "(person_id < 1402051)",
                  "Rows Removed by Filter": 3143771
                }
              ]
            }
          ]
        }
      ]
    },
    "Planning Time": 0.203,
    "Triggers": [],
    "Execution Time": 743.817
  }
]