[
  {
    "Plan": {
      "Node Type": "Aggregate",
      "Strategy": "Plain",
      "Partial Mode": "Finalize",
      "Parallel Aware": false,
      "Startup Cost": 408290.66,
      "Total Cost": 408290.67,
      "Plan Rows": 1,
      "Plan Width": 8,
      "Actual Startup Time": 3182.882,
      "Actual Total Time": 3221.112,
      "Actual Rows": 1,
      "Actual Loops": 1,
      "Plans": [
        {
          "Node Type": "Gather",
          "Parent Relationship": "Outer",
          "Parallel Aware": false,
          "Startup Cost": 408290.44,
          "Total Cost": 408290.65,
          "Plan Rows": 2,
          "Plan Width": 8,
          "Actual Startup Time": 3163.046,
          "Actual Total Time": 3221.101,
          "Actual Rows": 3,
          "Actual Loops": 1,
          "Workers Planned": 2,
          "Workers Launched": 2,
          "Single Copy": false,
          "Plans": [
            {
              "Node Type": "Aggregate",
              "Strategy": "Plain",
              "Partial Mode": "Partial",
              "Parent Relationship": "Outer",
              "Parallel Aware": false,
              "Startup Cost": 407290.44,
              "Total Cost": 407290.45,
              "Plan Rows": 1,
              "Plan Width": 8,
              "Actual Startup Time": 3153.094,
              "Actual Total Time": 3155.341,
              "Actual Rows": 1,
              "Actual Loops": 3,
              "Plans": [
                {
                  "Node Type": "Hash Join",
                  "Parent Relationship": "Outer",
                  "Parallel Aware": true,
                  "Join Type": "Inner",
                  "Startup Cost": 389551.09,
                  "Total Cost": 406151.7,
                  "Plan Rows": 455497,
                  "Plan Width": 0,
                  "Actual Startup Time": 2860.981,
                  "Actual Total Time": 3114.769,
                  "Actual Rows": 791884,
                  "Actual Loops": 3,
                  "Inner Unique": false,
                  "Hash Cond": "(mi_idx.movie_id = t.id)",
                  "Plans": [
                    {
                      "Node Type": "Seq Scan",
                      "Parent Relationship": "Outer",
                      "Parallel Aware": true,
                      "Relation Name": "movie_info_idx",
                      "Alias": "mi_idx",
                      "Startup Cost": 0.0,
                      "Total Cost": 13685.15,
                      "Plan Rows": 575015,
                      "Plan Width": 4,
                      "Actual Startup Time": 0.044,
                      "Actual Total Time": 44.478,
                      "Actual Rows": 460012,
                      "Actual Loops": 3
                    },
                    {
                      "Node Type": "Hash",
                      "Parent Relationship": "Inner",
                      "Parallel Aware": true,
                      "Startup Cost": 385378.63,
                      "Total Cost": 385378.63,
                      "Plan Rows": 333797,
                      "Plan Width": 8,
                      "Actual Startup Time": 2851.046,
                      "Actual Total Time": 2853.291,
                      "Actual Rows": 1319025,
                      "Actual Loops": 3,
                      "Hash Buckets": 4194304,
                      "Original Hash Buckets": 2097152,
                      "Hash Batches": 1,
                      "Original Hash Batches": 1,
                      "Peak Memory Usage": 204000,
                      "Plans": [
                        {
                          "Node Type": "Hash Join",
                          "Parent Relationship": "Outer",
                          "Parallel Aware": true,
                          "Join Type": "Inner",
                          "Startup Cost": 48702.18,
                          "Total Cost": 385378.63,
                          "Plan Rows": 333797,
                          "Plan Width": 8,
                          "Actual Startup Time": 346.217,
                          "Actual Total Time": 2275.638,
                          "Actual Rows": 1319025,
                          "Actual Loops": 3,
                          "Inner Unique": true,
                          "Hash Cond": "(ci.movie_id = t.id)",
                          "Plans": [
                            {
                              "Node Type": "Index Scan",
                              "Parent Relationship": "Outer",
                              "Parallel Aware": true,
                              "Scan Direction": "Forward",
                              "Index Name": "role_id_cast_info",
                              "Relation Name": "cast_info",
                              "Alias": "ci",
                              "Startup Cost": 0.56,
                              "Total Cost": 335235.55,
                              "Plan Rows": 549129,
                              "Plan Width": 4,
                              "Actual Startup Time": 0.309,
                              "Actual Total Time": 866.288,
                              "Actual Rows": 2312138,
                              "Actual Loops": 3,
                              "Index Cond": "(role_id = 1)",
                              "Rows Removed by Index Recheck": 0,
                              "Filter": "(person_id < 948465)",
                              "Rows Removed by Filter": 1911424
                            },
                            {
                              "Node Type": "Hash",
                              "Parent Relationship": "Inner",
                              "Parallel Aware": true,
                              "Startup Cost": 43898.92,
                              "Total Cost": 43898.92,
                              "Plan Rows": 384216,
                              "Plan Width": 4,
                              "Actual Startup Time": 340.813,
                              "Actual Total Time": 340.814,
                              "Actual Rows": 514421,
                              "Actual Loops": 3,
                              "Hash Buckets": 2097152,
                              "Original Hash Buckets": 2097152,
                              "Hash Batches": 1,
                              "Original Hash Batches": 1,
                              "Peak Memory Usage": 76800,
                              "Plans": [
                                {
                                  "Node Type": "Seq Scan",
                                  "Parent Relationship": "Outer",
                                  "Parallel Aware": true,
                                  "Relation Name": "title",
                                  "Alias": "t",
                                  "Startup Cost": 0.0,
                                  "Total Cost": 43898.92,
                                  "Plan Rows": 384216,
                                  "Plan Width": 4,
                                  "Actual Startup Time": 0.035,
                                  "Actual Total Time": 145.278,
                                  "Actual Rows": 514421,
                                  "Actual Loops": 3,
                                  "Filter": "(kind_id = 7)",
                                  "Rows Removed by Filter": 328349
                                }
                              ]
                            }
                          ]
                        }
                      ]
                    }
                  ]
                }
              ]
            }
          ]
        }
      ]
    },
    "Planning Time": 1.426,
    "Triggers": [],
    "Execution Time": 3221.198
  }
]