[
  {
    "Plan": {
      "Node Type": "Aggregate",
      "Strategy": "Plain",
      "Partial Mode": "Finalize",
      "Parallel Aware": false,
      "Startup Cost": 452921.39,
      "Total Cost": 452921.4,
      "Plan Rows": 1,
      "Plan Width": 8,
      "Actual Startup Time": 4230.936,
      "Actual Total Time": 4310.999,
      "Actual Rows": 1,
      "Actual Loops": 1,
      "Plans": [
        {
          "Node Type": "Gather",
          "Parent Relationship": "Outer",
          "Parallel Aware": false,
          "Startup Cost": 452921.07,
          "Total Cost": 452921.38,
          "Plan Rows": 3,
          "Plan Width": 8,
          "Actual Startup Time": 4206.012,
          "Actual Total Time": 4310.988,
          "Actual Rows": 4,
          "Actual Loops": 1,
          "Workers Planned": 3,
          "Workers Launched": 3,
          "Single Copy": false,
          "Plans": [
            {
              "Node Type": "Aggregate",
              "Strategy": "Plain",
              "Partial Mode": "Partial",
              "Parent Relationship": "Outer",
              "Parallel Aware": false,
              "Startup Cost": 451921.07,
              "Total Cost": 451921.08,
              "Plan Rows": 1,
              "Plan Width": 8,
              "Actual Startup Time": 4171.298,
              "Actual Total Time": 4171.305,
              "Actual Rows": 1,
              "Actual Loops": 4,
              "Plans": [
                {
                  "Node Type": "Hash Join",
                  "Parent Relationship": "Outer",
                  "Parallel Aware": true,
                  "Join Type": "Inner",
                  "Startup Cost": 393030.64,
                  "Total Cost": 444945.23,
                  "Plan Rows": 2790335,
                  "Plan Width": 0,
                  "Actual Startup Time": 2692.264,
                  "Actual Total Time": 3726.72,
                  "Actual Rows": 9634853,
                  "Actual Loops": 4,
                  "Inner Unique": false,
                  "Hash Cond": "(mk.movie_id = t.id)",
                  "Plans": [
                    {
                      "Node Type": "Seq Scan",
                      "Parent Relationship": "Outer",
                      "Parallel Aware": true,
                      "Relation Name": "movie_keyword",
                      "Alias": "mk",
                      "Startup Cost": 0.0,
                      "Total Cost": 42695.65,
                      "Plan Rows": 1218236,
                      "Plan Width": 4,
                      "Actual Startup Time": 0.04,
                      "Actual Total Time": 119.127,
                      "Actual Rows": 942512,
                      "Actual Loops": 4,
                      "Filter": "(keyword_id > 683)",
                      "Rows Removed by Filter": 188470
                    },
                    {
                      "Node Type": "Hash",
                      "Parent Relationship": "Inner",
                      "Parallel Aware": true,
                      "Startup Cost": 380965.46,
                      "Total Cost": 380965.46,
                      "Plan Rows": 965214,
                      "Plan Width": 8,
                      "Actual Startup Time": 2670.336,
                      "Actual Total Time": 2670.34,
                      "Actual Rows": 1431136,
                      "Actual Loops": 4,
                      "Hash Buckets": 8388608,
                      "Original Hash Buckets": 8388608,
                      "Hash Batches": 1,
                      "Original Hash Batches": 1,
                      "Peak Memory Usage": 289536,
                      "Plans": [
                        {
                          "Node Type": "Hash Join",
                          "Parent Relationship": "Outer",
                          "Parallel Aware": true,
                          "Join Type": "Inner",
                          "Startup Cost": 50220.38,
                          "Total Cost": 380965.46,
                          "Plan Rows": 965214,
                          "Plan Width": 8,
                          "Actual Startup Time": 923.643,
                          "Actual Total Time": 1992.032,
                          "Actual Rows": 1431136,
                          "Actual Loops": 4,
                          "Inner Unique": true,
                          "Hash Cond": "(ci.movie_id = t.id)",
                          "Plans": [
                            {
                              "Node Type": "Seq Scan",
                              "Parent Relationship": "Outer",
                              "Parallel Aware": true,
                              "Relation Name": "cast_info",
                              "Alias": "ci",
                              "Startup Cost": 0.0,
                              "Total Cost": 328211.39,
                              "Plan Rows": 965214,
                              "Plan Width": 4,
                              "Actual Startup Time": 526.92,
                              "Actual Total Time": 852.479,
                              "Actual Rows": 1431136,
                              "Actual Loops": 4,
                              "Filter": "(person_id > 3074929)",
                              "Rows Removed by Filter": 7629950
                            },
                            {
                              "Node Type": "Hash",
                              "Parent Relationship": "Inner",
                              "Parallel Aware": true,
                              "Startup Cost": 42319.06,
                              "Total Cost": 42319.06,
                              "Plan Rows": 632106,
                              "Plan Width": 4,
                              "Actual Startup Time": 387.162,
                              "Actual Total Time": 387.163,
                              "Actual Rows": 632078,
                              "Actual Loops": 4,
                              "Hash Buckets": 4194304,
                              "Original Hash Buckets": 4194304,
                              "Hash Batches": 1,
                              "Original Hash Batches": 1,
                              "Peak Memory Usage": 131744,
                              "Plans": [
                                {
                                  "Node Type": "Seq Scan",
                                  "Parent Relationship": "Outer",
                                  "Parallel Aware": true,
                                  "Relation Name": "title",
                                  "Alias": "t",
                                  "Startup Cost": 0.0,
                                  "Total Cost": 42319.06,
                                  "Plan Rows": 632106,
                                  "Plan Width": 4,
                                  "Actual Startup Time": 0.057,
                                  "Actual Total Time": 104.528,
                                  "Actual Rows": 632078,
                                  "Actual Loops": 4
                                }
                              ]
                            }
                          ]
                        }
                      ]
                    }
                  ]
                }
              ]
            }
          ]
        }
      ]
    },
    "Planning Time": 1.38,
    "Triggers": [],
    "Execution Time": 4311.092
  }
]