[
    {
        "Bao": {
            "Bao prediction": "NaN",
            "Bao recommended hint": "(no hint)"
        }
    },
    {
        "Plan": {
            "Node Type": "Aggregate",
            "Strategy": "Plain",
            "Partial Mode": "Finalize",
            "Parallel Aware": false,
            "Startup Cost": 89468.57,
            "Total Cost": 89468.58,
            "Plan Rows": 1,
            "Plan Width": 8,
            "Actual Startup Time": 299.561,
            "Actual Total Time": 310.302,
            "Actual Rows": 1,
            "Actual Loops": 1,
            "Output": [
                "count(*)"
            ],
            "Plans": [
                {
                    "Node Type": "Gather",
                    "Parent Relationship": "Outer",
                    "Parallel Aware": false,
                    "Startup Cost": 89468.25,
                    "Total Cost": 89468.56,
                    "Plan Rows": 3,
                    "Plan Width": 8,
                    "Actual Startup Time": 295.62,
                    "Actual Total Time": 310.294,
                    "Actual Rows": 4,
                    "Actual Loops": 1,
                    "Output": [
                        "(PARTIAL count(*))"
                    ],
                    "Workers Planned": 3,
                    "Workers Launched": 3,
                    "Single Copy": false,
                    "Plans": [
                        {
                            "Node Type": "Aggregate",
                            "Strategy": "Plain",
                            "Partial Mode": "Partial",
                            "Parent Relationship": "Outer",
                            "Parallel Aware": false,
                            "Startup Cost": 88468.25,
                            "Total Cost": 88468.26,
                            "Plan Rows": 1,
                            "Plan Width": 8,
                            "Actual Startup Time": 287.089,
                            "Actual Total Time": 287.093,
                            "Actual Rows": 1,
                            "Actual Loops": 4,
                            "Output": [
                                "PARTIAL count(*)"
                            ],
                            "Workers": [
                                {
                                    "Worker Number": 0,
                                    "Actual Startup Time": 284.101,
                                    "Actual Total Time": 284.106,
                                    "Actual Rows": 1,
                                    "Actual Loops": 1
                                },
                                {
                                    "Worker Number": 1,
                                    "Actual Startup Time": 284.25,
                                    "Actual Total Time": 284.253,
                                    "Actual Rows": 1,
                                    "Actual Loops": 1
                                },
                                {
                                    "Worker Number": 2,
                                    "Actual Startup Time": 284.668,
                                    "Actual Total Time": 284.671,
                                    "Actual Rows": 1,
                                    "Actual Loops": 1
                                }
                            ],
                            "Plans": [
                                {
                                    "Node Type": "Hash Join",
                                    "Parent Relationship": "Outer",
                                    "Parallel Aware": true,
                                    "Join Type": "Inner",
                                    "Startup Cost": 60525.72,
                                    "Total Cost": 88321.58,
                                    "Plan Rows": 58669,
                                    "Plan Width": 0,
                                    "Actual Startup Time": 201.658,
                                    "Actual Total Time": 281.605,
                                    "Actual Rows": 111912,
                                    "Actual Loops": 4,
                                    "Inner Unique": true,
                                    "Hash Cond": "(mk.movie_id = t.id)",
                                    "Workers": [
                                        {
                                            "Worker Number": 0,
                                            "Actual Startup Time": 198.777,
                                            "Actual Total Time": 278.38,
                                            "Actual Rows": 89642,
                                            "Actual Loops": 1
                                        },
                                        {
                                            "Worker Number": 1,
                                            "Actual Startup Time": 198.912,
                                            "Actual Total Time": 278.829,
                                            "Actual Rows": 113551,
                                            "Actual Loops": 1
                                        },
                                        {
                                            "Worker Number": 2,
                                            "Actual Startup Time": 198.972,
                                            "Actual Total Time": 279.364,
                                            "Actual Rows": 102879,
                                            "Actual Loops": 1
                                        }
                                    ],
                                    "Plans": [
                                        {
                                            "Node Type": "Bitmap Heap Scan",
                                            "Parent Relationship": "Outer",
                                            "Parallel Aware": true,
                                            "Relation Name": "movie_keyword",
                                            "Schema": "public",
                                            "Alias": "mk",
                                            "Startup Cost": 14528.74,
                                            "Total Cost": 41744.61,
                                            "Plan Rows": 220949,
                                            "Plan Width": 4,
                                            "Actual Startup Time": 41.248,
                                            "Actual Total Time": 104.825,
                                            "Actual Rows": 167424,
                                            "Actual Loops": 4,
                                            "Output": [
                                                "mk.id",
                                                "mk.movie_id",
                                                "mk.keyword_id"
                                            ],
                                            "Recheck Cond": "(mk.keyword_id > 27985)",
                                            "Rows Removed by Index Recheck": 0,
                                            "Exact Heap Blocks": 8317,
                                            "Lossy Heap Blocks": 0,
                                            "Workers": [
                                                {
                                                    "Worker Number": 0,
                                                    "Actual Startup Time": 41.369,
                                                    "Actual Total Time": 106.546,
                                                    "Actual Rows": 130436,
                                                    "Actual Loops": 1
                                                },
                                                {
                                                    "Worker Number": 1,
                                                    "Actual Startup Time": 41.292,
                                                    "Actual Total Time": 106.155,
                                                    "Actual Rows": 160433,
                                                    "Actual Loops": 1
                                                },
                                                {
                                                    "Worker Number": 2,
                                                    "Actual Startup Time": 41.281,
                                                    "Actual Total Time": 107.189,
                                                    "Actual Rows": 140736,
                                                    "Actual Loops": 1
                                                }
                                            ],
                                            "Plans": [
                                                {
                                                    "Node Type": "Bitmap Index Scan",
                                                    "Parent Relationship": "Outer",
                                                    "Parallel Aware": false,
                                                    "Index Name": "keyword_id_movie_keyword",
                                                    "Startup Cost": 0.0,
                                                    "Total Cost": 14357.51,
                                                    "Plan Rows": 684943,
                                                    "Plan Width": 0,
                                                    "Actual Startup Time": 37.62,
                                                    "Actual Total Time": 37.62,
                                                    "Actual Rows": 669694,
                                                    "Actual Loops": 1,
                                                    "Index Cond": "(mk.keyword_id > 27985)"
                                                }
                                            ]
                                        },
                                        {
                                            "Node Type": "Hash",
                                            "Parent Relationship": "Inner",
                                            "Parallel Aware": true,
                                            "Startup Cost": 43899.01,
                                            "Total Cost": 43899.01,
                                            "Plan Rows": 167838,
                                            "Plan Width": 4,
                                            "Actual Startup Time": 133.34,
                                            "Actual Total Time": 133.341,
                                            "Actual Rows": 165706,
                                            "Actual Loops": 4,
                                            "Output": [
                                                "t.id"
                                            ],
                                            "Hash Buckets": 1048576,
                                            "Original Hash Buckets": 1048576,
                                            "Hash Batches": 1,
                                            "Original Hash Batches": 1,
                                            "Peak Memory Usage": 34176,
                                            "Workers": [
                                                {
                                                    "Worker Number": 0,
                                                    "Actual Startup Time": 132.764,
                                                    "Actual Total Time": 132.765,
                                                    "Actual Rows": 165146,
                                                    "Actual Loops": 1
                                                },
                                                {
                                                    "Worker Number": 1,
                                                    "Actual Startup Time": 132.928,
                                                    "Actual Total Time": 132.929,
                                                    "Actual Rows": 166733,
                                                    "Actual Loops": 1
                                                },
                                                {
                                                    "Worker Number": 2,
                                                    "Actual Startup Time": 132.987,
                                                    "Actual Total Time": 132.988,
                                                    "Actual Rows": 143555,
                                                    "Actual Loops": 1
                                                }
                                            ],
                                            "Plans": [
                                                {
                                                    "Node Type": "Seq Scan",
                                                    "Parent Relationship": "Outer",
                                                    "Parallel Aware": true,
                                                    "Relation Name": "title",
                                                    "Schema": "public",
                                                    "Alias": "t",
                                                    "Startup Cost": 0.0,
                                                    "Total Cost": 43899.01,
                                                    "Plan Rows": 167838,
                                                    "Plan Width": 4,
                                                    "Actual Startup Time": 37.795,
                                                    "Actual Total Time": 86.665,
                                                    "Actual Rows": 165706,
                                                    "Actual Loops": 4,
                                                    "Output": [
                                                        "t.id"
                                                    ],
                                                    "Filter": "(t.kind_id = 1)",
                                                    "Rows Removed by Filter": 466372,
                                                    "Workers": [
                                                        {
                                                            "Worker Number": 0,
                                                            "Actual Startup Time": 48.061,
                                                            "Actual Total Time": 87.64,
                                                            "Actual Rows": 165146,
                                                            "Actual Loops": 1
                                                        },
                                                        {
                                                            "Worker Number": 1,
                                                            "Actual Startup Time": 48.334,
                                                            "Actual Total Time": 88.008,
                                                            "Actual Rows": 166733,
                                                            "Actual Loops": 1
                                                        },
                                                        {
                                                            "Worker Number": 2,
                                                            "Actual Startup Time": 48.359,
                                                            "Actual Total Time": 85.199,
                                                            "Actual Rows": 143555,
                                                            "Actual Loops": 1
                                                        }
                                                    ]
                                                }
                                            ]
                                        }
                                    ]
                                }
                            ]
                        }
                    ]
                }
            ]
        },
        "Planning Time": 199.216,
        "Triggers": [],
        "Execution Time": 310.365
    }
]