[
  {
    "Plan": {
      "Node Type": "Aggregate",
      "Strategy": "Plain",
      "Partial Mode": "Finalize",
      "Parallel Aware": false,
      "Startup Cost": 32665.52,
      "Total Cost": 32665.53,
      "Plan Rows": 1,
      "Plan Width": 8,
      "Actual Startup Time": 99.909,
      "Actual Total Time": 107.903,
      "Actual Rows": 1,
      "Actual Loops": 1,
      "Plans": [
        {
          "Node Type": "Gather",
          "Parent Relationship": "Outer",
          "Parallel Aware": false,
          "Startup Cost": 32665.2,
          "Total Cost": 32665.51,
          "Plan Rows": 3,
          "Plan Width": 8,
          "Actual Startup Time": 99.824,
          "Actual Total Time": 107.895,
          "Actual Rows": 4,
          "Actual Loops": 1,
          "Workers Planned": 3,
          "Workers Launched": 3,
          "Single Copy": false,
          "Plans": [
            {
              "Node Type": "Aggregate",
              "Strategy": "Plain",
              "Partial Mode": "Partial",
              "Parent Relationship": "Outer",
              "Parallel Aware": false,
              "Startup Cost": 31665.2,
              "Total Cost": 31665.21,
              "Plan Rows": 1,
              "Plan Width": 8,
              "Actual Startup Time": 91.278,
              "Actual Total Time": 91.279,
              "Actual Rows": 1,
              "Actual Loops": 4,
              "Plans": [
                {
                  "Node Type": "Seq Scan",
                  "Parent Relationship": "Outer",
                  "Parallel Aware": true,
                  "Relation Name": "movie_companies",
                  "Alias": "mc",
                  "Startup Cost": 0.0,
                  "Total Cost": 31414.82,
                  "Plan Rows": 100154,
                  "Plan Width": 0,
                  "Actual Startup Time": 49.65,
                  "Actual Total Time": 84.399,
                  "Actual Rows": 153474,
                  "Actual Loops": 4,
                  "Filter": "((company_id > 61085) AND (company_type_id > 1))",
                  "Rows Removed by Filter": 498808
                }
              ]
            }
          ]
        }
      ]
    },
    "Planning Time": 0.206,
    "Triggers": [],
    "Execution Time": 107.961
  }
]