{
  "Plan": {
    "Node Type": "Aggregate",
    "Strategy": "Plain",
    "Partial Mode": "Finalize",
    "Parallel Aware": false,
    "Startup Cost": 551801.56,
    "Total Cost": 551801.57,
    "Plan Rows": 1,
    "Plan Width": 8,
    "Actual Startup Time": 2076.109,
    "Actual Total Time": 2108.176,
    "Actual Rows": 1,
    "Actual Loops": 1,
    "Plans": [
      {
        "Node Type": "Gather",
        "Parent Relationship": "Outer",
        "Parallel Aware": false,
        "Startup Cost": 551801.45,
        "Total Cost": 551801.56,
        "Plan Rows": 1,
        "Plan Width": 8,
        "Actual Startup Time": 2070.493,
        "Actual Total Time": 2108.167,
        "Actual Rows": 2,
        "Actual Loops": 1,
        "Workers Planned": 1,
        "Workers Launched": 1,
        "Single Copy": false,
        "Plans": [
          {
            "Node Type": "Aggregate",
            "Strategy": "Plain",
            "Partial Mode": "Partial",
            "Parent Relationship": "Outer",
            "Parallel Aware": false,
            "Startup Cost": 550801.45,
            "Total Cost": 550801.46,
            "Plan Rows": 1,
            "Plan Width": 8,
            "Actual Startup Time": 2062.417,
            "Actual Total Time": 2063.003,
            "Actual Rows": 1,
            "Actual Loops": 2,
            "Plans": [
              {
                "Node Type": "Hash Join",
                "Parent Relationship": "Outer",
                "Parallel Aware": true,
                "Join Type": "Inner",
                "Startup Cost": 238176.98,
                "Total Cost": 548638.55,
                "Plan Rows": 865162,
                "Plan Width": 0,
                "Actual Startup Time": 1000.31,
                "Actual Total Time": 1958.75,
                "Actual Rows": 2669537,
                "Actual Loops": 2,
                "Inner Unique": false,
                "Hash Cond": "(ci.movie_id = t.id)",
                "Plans": [
                  {
                    "Node Type": "Bitmap Heap Scan",
                    "Parent Relationship": "Outer",
                    "Parallel Aware": true,
                    "Relation Name": "cast_info",
                    "Alias": "ci",
                    "Startup Cost": 112865.47,
                    "Total Cost": 410818.4,
                    "Plan Rows": 1978523,
                    "Plan Width": 4,
                    "Actual Startup Time": 195.92,
                    "Actual Total Time": 554.653,
                    "Actual Rows": 2483377,
                    "Actual Loops": 2,
                    "Recheck Cond": "(person_id > 3174401)",
                    "Rows Removed by Index Recheck": 0,
                    "Filter": "(role_id > 1)",
                    "Rows Removed by Filter": 0,
                    "Exact Heap Blocks": 36001,
                    "Lossy Heap Blocks": 0,
                    "Plans": [
                      {
                        "Node Type": "Bitmap Index Scan",
                        "Parent Relationship": "Outer",
                        "Parallel Aware": false,
                        "Index Name": "person_id_cast_info",
                        "Startup Cost": 0.0,
                        "Total Cost": 112024.6,
                        "Plan Rows": 5130138,
                        "Plan Width": 0,
                        "Actual Startup Time": 184.218,
                        "Actual Total Time": 184.219,
                        "Actual Rows": 4966754,
                        "Actual Loops": 1,
                        "Index Cond": "(person_id > 3174401)"
                      }
                    ]
                  },
                  {
                    "Node Type": "Hash",
                    "Parent Relationship": "Inner",
                    "Parallel Aware": true,
                    "Startup Cost": 117182.37,
                    "Total Cost": 117182.37,
                    "Plan Rows": 650331,
                    "Plan Width": 8,
                    "Actual Startup Time": 789.745,
                    "Actual Total Time": 790.328,
                    "Actual Rows": 776496,
                    "Actual Loops": 2,
                    "Hash Buckets": 2097152,
                    "Original Hash Buckets": 2097152,
                    "Hash Batches": 1,
                    "Original Hash Batches": 1,
                    "Peak Memory Usage": 77152,
                    "Plans": [
                      {
                        "Node Type": "Hash Join",
                        "Parent Relationship": "Outer",
                        "Parallel Aware": true,
                        "Join Type": "Inner",
                        "Startup Cost": 59131.53,
                        "Total Cost": 117182.37,
                        "Plan Rows": 650331,
                        "Plan Width": 8,
                        "Actual Startup Time": 235.393,
                        "Actual Total Time": 653.173,
                        "Actual Rows": 776496,
                        "Actual Loops": 2,
                        "Inner Unique": true,
                        "Hash Cond": "(mk.movie_id = t.id)",
                        "Plans": [
                          {
                            "Node Type": "Seq Scan",
                            "Parent Relationship": "Outer",
                            "Parallel Aware": true,
                            "Relation Name": "movie_keyword",
                            "Alias": "mk",
                            "Startup Cost": 0.0,
                            "Total Cost": 51065.35,
                            "Plan Rows": 2661135,
                            "Plan Width": 4,
                            "Actual Startup Time": 0.016,
                            "Actual Total Time": 160.95,
                            "Actual Rows": 2261965,
                            "Actual Loops": 2
                          },
                          {
                            "Node Type": "Hash",
                            "Parent Relationship": "Inner",
                            "Parallel Aware": true,
                            "Startup Cost": 54588.39,
                            "Total Cost": 54588.39,
                            "Plan Rows": 363451,
                            "Plan Width": 4,
                            "Actual Startup Time": 231.236,
                            "Actual Total Time": 231.237,
                            "Actual Rows": 311426,
                            "Actual Loops": 2,
                            "Hash Buckets": 1048576,
                            "Original Hash Buckets": 1048576,
                            "Hash Batches": 1,
                            "Original Hash Batches": 1,
                            "Peak Memory Usage": 32608,
                            "Plans": [
                              {
                                "Node Type": "Seq Scan",
                                "Parent Relationship": "Outer",
                                "Parallel Aware": true,
                                "Relation Name": "title",
                                "Alias": "t",
                                "Startup Cost": 0.0,
                                "Total Cost": 54588.39,
                                "Plan Rows": 363451,
                                "Plan Width": 4,
                                "Actual Startup Time": 0.043,
                                "Actual Total Time": 148.934,
                                "Actual Rows": 311426,
                                "Actual Loops": 2,
                                "Filter": "(production_year < 1987)",
                                "Rows Removed by Filter": 952730
                              }
                            ]
                          }
                        ]
                      }
                    ]
                  }
                ]
              }
            ]
          }
        ]
      }
    ]
  },
  "Planning Time": 0.955,
  "Triggers": [],
  "Execution Time": 2108.275
}