[
  {
    "Plan": {
      "Node Type": "Aggregate",
      "Strategy": "Plain",
      "Partial Mode": "Finalize",
      "Parallel Aware": false,
      "Startup Cost": 360473.97,
      "Total Cost": 360473.98,
      "Plan Rows": 1,
      "Plan Width": 8,
      "Actual Startup Time": 1295.173,
      "Actual Total Time": 1375.786,
      "Actual Rows": 1,
      "Actual Loops": 1,
      "Plans": [
        {
          "Node Type": "Gather",
          "Parent Relationship": "Outer",
          "Parallel Aware": false,
          "Startup Cost": 360473.66,
          "Total Cost": 360473.97,
          "Plan Rows": 3,
          "Plan Width": 8,
          "Actual Startup Time": 1292.112,
          "Actual Total Time": 1375.775,
          "Actual Rows": 4,
          "Actual Loops": 1,
          "Workers Planned": 3,
          "Workers Launched": 3,
          "Single Copy": false,
          "Plans": [
            {
              "Node Type": "Aggregate",
              "Strategy": "Plain",
              "Partial Mode": "Partial",
              "Parent Relationship": "Outer",
              "Parallel Aware": false,
              "Startup Cost": 359473.66,
              "Total Cost": 359473.67,
              "Plan Rows": 1,
              "Plan Width": 8,
              "Actual Startup Time": 1286.259,
              "Actual Total Time": 1286.263,
              "Actual Rows": 1,
              "Actual Loops": 4,
              "Plans": [
                {
                  "Node Type": "Nested Loop",
                  "Parent Relationship": "Outer",
                  "Parallel Aware": false,
                  "Join Type": "Inner",
                  "Startup Cost": 62994.61,
                  "Total Cost": 356342.12,
                  "Plan Rows": 1252614,
                  "Plan Width": 0,
                  "Actual Startup Time": 213.218,
                  "Actual Total Time": 1237.612,
                  "Actual Rows": 895866,
                  "Actual Loops": 4,
                  "Inner Unique": false,
                  "Plans": [
                    {
                      "Node Type": "Hash Join",
                      "Parent Relationship": "Outer",
                      "Parallel Aware": true,
                      "Join Type": "Inner",
                      "Startup Cost": 62994.04,
                      "Total Cost": 90748.56,
                      "Plan Rows": 87365,
                      "Plan Width": 8,
                      "Actual Startup Time": 213.084,
                      "Actual Total Time": 312.426,
                      "Actual Rows": 39483,
                      "Actual Loops": 4,
                      "Inner Unique": true,
                      "Hash Cond": "(mk.movie_id = t.id)",
                      "Plans": [
                        {
                          "Node Type": "Bitmap Heap Scan",
                          "Parent Relationship": "Outer",
                          "Parallel Aware": true,
                          "Relation Name": "movie_keyword",
                          "Alias": "mk",
                          "Startup Cost": 14351.07,
                          "Total Cost": 41532.76,
                          "Plan Rows": 218216,
                          "Plan Width": 4,
                          "Actual Startup Time": 37.634,
                          "Actual Total Time": 81.508,
                          "Actual Rows": 169936,
                          "Actual Loops": 4,
                          "Recheck Cond": "(keyword_id < 557)",
                          "Rows Removed by Index Recheck": 0,
                          "Exact Heap Blocks": 7903,
                          "Lossy Heap Blocks": 0,
                          "Plans": [
                            {
                              "Node Type": "Bitmap Index Scan",
                              "Parent Relationship": "Outer",
                              "Parallel Aware": false,
                              "Index Name": "keyword_id_movie_keyword",
                              "Startup Cost": 0.0,
                              "Total Cost": 14181.95,
                              "Plan Rows": 676469,
                              "Plan Width": 0,
                              "Actual Startup Time": 34.052,
                              "Actual Total Time": 34.052,
                              "Actual Rows": 679742,
                              "Actual Loops": 1,
                              "Index Cond": "(keyword_id < 557)"
                            }
                          ]
                        },
                        {
                          "Node Type": "Hash",
                          "Parent Relationship": "Inner",
                          "Parallel Aware": true,
                          "Startup Cost": 45479.59,
                          "Total Cost": 45479.59,
                          "Plan Rows": 253071,
                          "Plan Width": 4,
                          "Actual Startup Time": 172.522,
                          "Actual Total Time": 172.523,
                          "Actual Rows": 236633,
                          "Actual Loops": 4,
                          "Hash Buckets": 1048576,
                          "Original Hash Buckets": 1048576,
                          "Hash Batches": 1,
                          "Original Hash Batches": 1,
                          "Peak Memory Usage": 45280,
                          "Plans": [
                            {
                              "Node Type": "Seq Scan",
                              "Parent Relationship": "Outer",
                              "Parallel Aware": true,
                              "Relation Name": "title",
                              "Alias": "t",
                              "Startup Cost": 0.0,
                              "Total Cost": 45479.59,
                              "Plan Rows": 253071,
                              "Plan Width": 4,
                              "Actual Startup Time": 0.028,
                              "Actual Total Time": 101.651,
                              "Actual Rows": 236633,
                              "Actual Loops": 4,
                              "Filter": "((kind_id > 2) AND (production_year < 2006))",
                              "Rows Removed by Filter": 395445
                            }
                          ]
                        }
                      ]
                    },
                    {
                      "Node Type": "Index Only Scan",
                      "Parent Relationship": "Inner",
                      "Parallel Aware": false,
                      "Scan Direction": "Forward",
                      "Index Name": "movie_id_cast_info",
                      "Relation Name": "cast_info",
                      "Alias": "ci",
                      "Startup Cost": 0.56,
                      "Total Cost": 2.69,
                      "Plan Rows": 35,
                      "Plan Width": 4,
                      "Actual Startup Time": 0.004,
                      "Actual Total Time": 0.021,
                      "Actual Rows": 23,
                      "Actual Loops": 157931,
                      "Index Cond": "(movie_id = t.id)",
                      "Rows Removed by Index Recheck": 0,
                      "Heap Fetches": 3583464
                    }
                  ]
                }
              ]
            }
          ]
        }
      ]
    },
    "Planning Time": 0.851,
    "Triggers": [],
    "Execution Time": 1375.871
  }
]