[
  {
    "Plan": {
      "Node Type": "Aggregate",
      "Strategy": "Plain",
      "Partial Mode": "Finalize",
      "Parallel Aware": false,
      "Startup Cost": 45741.24,
      "Total Cost": 45741.25,
      "Plan Rows": 1,
      "Plan Width": 8,
      "Actual Startup Time": 174.994,
      "Actual Total Time": 186.958,
      "Actual Rows": 1,
      "Actual Loops": 1,
      "Plans": [
        {
          "Node Type": "Gather",
          "Parent Relationship": "Outer",
          "Parallel Aware": false,
          "Startup Cost": 45740.92,
          "Total Cost": 45741.23,
          "Plan Rows": 3,
          "Plan Width": 8,
          "Actual Startup Time": 174.83,
          "Actual Total Time": 186.948,
          "Actual Rows": 4,
          "Actual Loops": 1,
          "Workers Planned": 3,
          "Workers Launched": 3,
          "Single Copy": false,
          "Plans": [
            {
              "Node Type": "Aggregate",
              "Strategy": "Plain",
              "Partial Mode": "Partial",
              "Parent Relationship": "Outer",
              "Parallel Aware": false,
              "Startup Cost": 44740.92,
              "Total Cost": 44740.93,
              "Plan Rows": 1,
              "Plan Width": 8,
              "Actual Startup Time": 167.844,
              "Actual Total Time": 167.845,
              "Actual Rows": 1,
              "Actual Loops": 4,
              "Plans": [
                {
                  "Node Type": "Seq Scan",
                  "Parent Relationship": "Outer",
                  "Parallel Aware": true,
                  "Relation Name": "movie_keyword",
                  "Alias": "mk",
                  "Startup Cost": 0.0,
                  "Total Cost": 42695.65,
                  "Plan Rows": 818106,
                  "Plan Width": 0,
                  "Actual Startup Time": 0.313,
                  "Actual Total Time": 133.067,
                  "Actual Rows": 632387,
                  "Actual Loops": 4,
                  "Filter": "(keyword_id > 3521)",
                  "Rows Removed by Filter": 498596
                }
              ]
            }
          ]
        }
      ]
    },
    "Planning Time": 0.109,
    "Triggers": [],
    "Execution Time": 186.992
  }
]