[
  {
    "Plan": {
      "Node Type": "Aggregate",
      "Strategy": "Plain",
      "Partial Mode": "Finalize",
      "Parallel Aware": false,
      "Startup Cost": 45744.72,
      "Total Cost": 45744.73,
      "Plan Rows": 1,
      "Plan Width": 8,
      "Actual Startup Time": 163.668,
      "Actual Total Time": 172.693,
      "Actual Rows": 1,
      "Actual Loops": 1,
      "Plans": [
        {
          "Node Type": "Gather",
          "Parent Relationship": "Outer",
          "Parallel Aware": false,
          "Startup Cost": 45744.4,
          "Total Cost": 45744.71,
          "Plan Rows": 3,
          "Plan Width": 8,
          "Actual Startup Time": 163.545,
          "Actual Total Time": 172.684,
          "Actual Rows": 4,
          "Actual Loops": 1,
          "Workers Planned": 3,
          "Workers Launched": 3,
          "Single Copy": false,
          "Plans": [
            {
              "Node Type": "Aggregate",
              "Strategy": "Plain",
              "Partial Mode": "Partial",
              "Parent Relationship": "Outer",
              "Parallel Aware": false,
              "Startup Cost": 44744.4,
              "Total Cost": 44744.41,
              "Plan Rows": 1,
              "Plan Width": 8,
              "Actual Startup Time": 156.63,
              "Actual Total Time": 156.631,
              "Actual Rows": 1,
              "Actual Loops": 4,
              "Plans": [
                {
                  "Node Type": "Seq Scan",
                  "Parent Relationship": "Outer",
                  "Parallel Aware": true,
                  "Relation Name": "movie_keyword",
                  "Alias": "mk",
                  "Startup Cost": 0.0,
                  "Total Cost": 42695.65,
                  "Plan Rows": 819500,
                  "Plan Width": 0,
                  "Actual Startup Time": 0.589,
                  "Actual Total Time": 125.613,
                  "Actual Rows": 632387,
                  "Actual Loops": 4,
                  "Filter": "(keyword_id > 3521)",
                  "Rows Removed by Filter": 498596
                }
              ]
            }
          ]
        }
      ]
    },
    "Planning Time": 0.353,
    "Triggers": [],
    "Execution Time": 172.751
  }
]