[
  {
    "Plan": {
      "Node Type": "Aggregate",
      "Strategy": "Plain",
      "Partial Mode": "Finalize",
      "Parallel Aware": false,
      "Startup Cost": 286834.76,
      "Total Cost": 286834.77,
      "Plan Rows": 1,
      "Plan Width": 8,
      "Actual Startup Time": 1343.73,
      "Actual Total Time": 1388.987,
      "Actual Rows": 1,
      "Actual Loops": 1,
      "Plans": [
        {
          "Node Type": "Gather",
          "Parent Relationship": "Outer",
          "Parallel Aware": false,
          "Startup Cost": 286834.24,
          "Total Cost": 286834.75,
          "Plan Rows": 5,
          "Plan Width": 8,
          "Actual Startup Time": 1333.444,
          "Actual Total Time": 1388.974,
          "Actual Rows": 6,
          "Actual Loops": 1,
          "Workers Planned": 5,
          "Workers Launched": 5,
          "Single Copy": false,
          "Plans": [
            {
              "Node Type": "Aggregate",
              "Strategy": "Plain",
              "Partial Mode": "Partial",
              "Parent Relationship": "Outer",
              "Parallel Aware": false,
              "Startup Cost": 285834.24,
              "Total Cost": 285834.25,
              "Plan Rows": 1,
              "Plan Width": 8,
              "Actual Startup Time": 1323.575,
              "Actual Total Time": 1323.67,
              "Actual Rows": 1,
              "Actual Loops": 6,
              "Plans": [
                {
                  "Node Type": "Hash Join",
                  "Parent Relationship": "Outer",
                  "Parallel Aware": true,
                  "Join Type": "Inner",
                  "Startup Cost": 80508.73,
                  "Total Cost": 284665.22,
                  "Plan Rows": 467609,
                  "Plan Width": 0,
                  "Actual Startup Time": 297.148,
                  "Actual Total Time": 1188.94,
                  "Actual Rows": 3206835,
                  "Actual Loops": 6,
                  "Inner Unique": false,
                  "Hash Cond": "(mi.movie_id = t.id)",
                  "Plans": [
                    {
                      "Node Type": "Seq Scan",
                      "Parent Relationship": "Outer",
                      "Parallel Aware": true,
                      "Relation Name": "movie_info",
                      "Alias": "mi",
                      "Startup Cost": 0.0,
                      "Total Cost": 191560.33,
                      "Plan Rows": 2956733,
                      "Plan Width": 4,
                      "Actual Startup Time": 0.016,
                      "Actual Total Time": 295.938,
                      "Actual Rows": 2472620,
                      "Actual Loops": 6
                    },
                    {
                      "Node Type": "Hash",
                      "Parent Relationship": "Inner",
                      "Parallel Aware": true,
                      "Startup Cost": 78896.43,
                      "Total Cost": 78896.43,
                      "Plan Rows": 128984,
                      "Plan Width": 8,
                      "Actual Startup Time": 294.058,
                      "Actual Total Time": 294.151,
                      "Actual Rows": 93877,
                      "Actual Loops": 6,
                      "Hash Buckets": 1048576,
                      "Original Hash Buckets": 524288,
                      "Hash Batches": 1,
                      "Original Hash Batches": 1,
                      "Peak Memory Usage": 34432,
                      "Plans": [
                        {
                          "Node Type": "Hash Join",
                          "Parent Relationship": "Outer",
                          "Parallel Aware": true,
                          "Join Type": "Inner",
                          "Startup Cost": 46420.89,
                          "Total Cost": 78896.43,
                          "Plan Rows": 128984,
                          "Plan Width": 8,
                          "Actual Startup Time": 149.476,
                          "Actual Total Time": 251.24,
                          "Actual Rows": 93877,
                          "Actual Loops": 6,
                          "Inner Unique": true,
                          "Hash Cond": "(mc.movie_id = t.id)",
                          "Plans": [
                            {
                              "Node Type": "Seq Scan",
                              "Parent Relationship": "Outer",
                              "Parallel Aware": true,
                              "Relation Name": "movie_companies",
                              "Alias": "mc",
                              "Startup Cost": 0.0,
                              "Total Cost": 31414.82,
                              "Plan Rows": 404084,
                              "Plan Width": 4,
                              "Actual Startup Time": 0.022,
                              "Actual Total Time": 51.889,
                              "Actual Rows": 202463,
                              "Actual Loops": 6,
                              "Filter": "((company_id > 6) AND (company_type_id = 1))",
                              "Rows Removed by Filter": 232392
                            },
                            {
                              "Node Type": "Hash",
                              "Parent Relationship": "Inner",
                              "Parallel Aware": true,
                              "Startup Cost": 43898.92,
                              "Total Cost": 43898.92,
                              "Plan Rows": 201758,
                              "Plan Width": 4,
                              "Actual Startup Time": 147.248,
                              "Actual Total Time": 147.249,
                              "Actual Rows": 135451,
                              "Actual Loops": 6,
                              "Hash Buckets": 1048576,
                              "Original Hash Buckets": 1048576,
                              "Hash Batches": 1,
                              "Original Hash Batches": 1,
                              "Peak Memory Usage": 40064,
                              "Plans": [
                                {
                                  "Node Type": "Seq Scan",
                                  "Parent Relationship": "Outer",
                                  "Parallel Aware": true,
                                  "Relation Name": "title",
                                  "Alias": "t",
                                  "Startup Cost": 0.0,
                                  "Total Cost": 43898.92,
                                  "Plan Rows": 201758,
                                  "Plan Width": 4,
                                  "Actual Startup Time": 0.052,
                                  "Actual Total Time": 83.357,
                                  "Actual Rows": 135451,
                                  "Actual Loops": 6,
                                  "Filter": "(production_year < 1995)",
                                  "Rows Removed by Filter": 285935
                                }
                              ]
                            }
                          ]
                        }
                      ]
                    }
                  ]
                }
              ]
            }
          ]
        }
      ]
    },
    "Planning Time": 1.527,
    "Triggers": [],
    "Execution Time": 1389.083
  }
]