[
  {
    "Plan": {
      "Node Type": "Aggregate",
      "Strategy": "Plain",
      "Partial Mode": "Finalize",
      "Parallel Aware": false,
      "Startup Cost": 311208.99,
      "Total Cost": 311209.0,
      "Plan Rows": 1,
      "Plan Width": 8,
      "Actual Startup Time": 206.865,
      "Actual Total Time": 220.175,
      "Actual Rows": 1,
      "Actual Loops": 1,
      "Plans": [
        {
          "Node Type": "Gather",
          "Parent Relationship": "Outer",
          "Parallel Aware": false,
          "Startup Cost": 311208.37,
          "Total Cost": 311208.98,
          "Plan Rows": 6,
          "Plan Width": 8,
          "Actual Startup Time": 205.513,
          "Actual Total Time": 220.157,
          "Actual Rows": 7,
          "Actual Loops": 1,
          "Workers Planned": 6,
          "Workers Launched": 6,
          "Single Copy": false,
          "Plans": [
            {
              "Node Type": "Aggregate",
              "Strategy": "Plain",
              "Partial Mode": "Partial",
              "Parent Relationship": "Outer",
              "Parallel Aware": false,
              "Startup Cost": 310208.37,
              "Total Cost": 310208.38,
              "Plan Rows": 1,
              "Plan Width": 8,
              "Actual Startup Time": 196.941,
              "Actual Total Time": 196.944,
              "Actual Rows": 1,
              "Actual Loops": 7,
              "Plans": [
                {
                  "Node Type": "Bitmap Heap Scan",
                  "Parent Relationship": "Outer",
                  "Parallel Aware": true,
                  "Relation Name": "cast_info",
                  "Alias": "ci",
                  "Startup Cost": 51670.44,
                  "Total Cost": 309233.21,
                  "Plan Rows": 390062,
                  "Plan Width": 0,
                  "Actual Startup Time": 70.789,
                  "Actual Total Time": 177.829,
                  "Actual Rows": 324193,
                  "Actual Loops": 7,
                  "Recheck Cond": "(person_id > 3618398)",
                  "Rows Removed by Index Recheck": 0,
                  "Exact Heap Blocks": 8967,
                  "Lossy Heap Blocks": 0,
                  "Plans": [
                    {
                      "Node Type": "Bitmap Index Scan",
                      "Parent Relationship": "Outer",
                      "Parallel Aware": false,
                      "Index Name": "person_id_cast_info",
                      "Startup Cost": 0.0,
                      "Total Cost": 51085.35,
                      "Plan Rows": 2340371,
                      "Plan Width": 0,
                      "Actual Startup Time": 73.429,
                      "Actual Total Time": 73.43,
                      "Actual Rows": 2269352,
                      "Actual Loops": 1,
                      "Index Cond": "(person_id > 3618398)"
                    }
                  ]
                }
              ]
            }
          ]
        }
      ]
    },
    "Planning Time": 0.088,
    "Triggers": [],
    "Execution Time": 220.214
  }
]