[
  {
    "Plan": {
      "Node Type": "Aggregate",
      "Strategy": "Plain",
      "Partial Mode": "Finalize",
      "Parallel Aware": false,
      "Startup Cost": 33402.38,
      "Total Cost": 33402.39,
      "Plan Rows": 1,
      "Plan Width": 8,
      "Actual Startup Time": 106.996,
      "Actual Total Time": 115.036,
      "Actual Rows": 1,
      "Actual Loops": 1,
      "Plans": [
        {
          "Node Type": "Gather",
          "Parent Relationship": "Outer",
          "Parallel Aware": false,
          "Startup Cost": 33402.06,
          "Total Cost": 33402.37,
          "Plan Rows": 3,
          "Plan Width": 8,
          "Actual Startup Time": 106.878,
          "Actual Total Time": 115.027,
          "Actual Rows": 4,
          "Actual Loops": 1,
          "Workers Planned": 3,
          "Workers Launched": 3,
          "Single Copy": false,
          "Plans": [
            {
              "Node Type": "Aggregate",
              "Strategy": "Plain",
              "Partial Mode": "Partial",
              "Parent Relationship": "Outer",
              "Parallel Aware": false,
              "Startup Cost": 32402.06,
              "Total Cost": 32402.07,
              "Plan Rows": 1,
              "Plan Width": 8,
              "Actual Startup Time": 101.246,
              "Actual Total Time": 101.248,
              "Actual Rows": 1,
              "Actual Loops": 4,
              "Plans": [
                {
                  "Node Type": "Seq Scan",
                  "Parent Relationship": "Outer",
                  "Parallel Aware": true,
                  "Relation Name": "movie_companies",
                  "Alias": "mc",
                  "Startup Cost": 0.0,
                  "Total Cost": 31414.82,
                  "Plan Rows": 394896,
                  "Plan Width": 0,
                  "Actual Startup Time": 46.114,
                  "Actual Total Time": 86.452,
                  "Actual Rows": 322926,
                  "Actual Loops": 4,
                  "Filter": "((company_id > 67) AND (company_type_id = 2))",
                  "Rows Removed by Filter": 329356
                }
              ]
            }
          ]
        }
      ]
    },
    "Planning Time": 0.224,
    "Triggers": [],
    "Execution Time": 115.09
  }
]