[
  {
    "Plan": {
      "Node Type": "Aggregate",
      "Strategy": "Plain",
      "Partial Mode": "Finalize",
      "Parallel Aware": false,
      "Startup Cost": 33398.67,
      "Total Cost": 33398.68,
      "Plan Rows": 1,
      "Plan Width": 8,
      "Actual Startup Time": 100.707,
      "Actual Total Time": 107.657,
      "Actual Rows": 1,
      "Actual Loops": 1,
      "Plans": [
        {
          "Node Type": "Gather",
          "Parent Relationship": "Outer",
          "Parallel Aware": false,
          "Startup Cost": 33398.36,
          "Total Cost": 33398.67,
          "Plan Rows": 3,
          "Plan Width": 8,
          "Actual Startup Time": 100.605,
          "Actual Total Time": 107.65,
          "Actual Rows": 4,
          "Actual Loops": 1,
          "Workers Planned": 3,
          "Workers Launched": 3,
          "Single Copy": false,
          "Plans": [
            {
              "Node Type": "Aggregate",
              "Strategy": "Plain",
              "Partial Mode": "Partial",
              "Parent Relationship": "Outer",
              "Parallel Aware": false,
              "Startup Cost": 32398.36,
              "Total Cost": 32398.37,
              "Plan Rows": 1,
              "Plan Width": 8,
              "Actual Startup Time": 93.896,
              "Actual Total Time": 93.897,
              "Actual Rows": 1,
              "Actual Loops": 4,
              "Plans": [
                {
                  "Node Type": "Seq Scan",
                  "Parent Relationship": "Outer",
                  "Parallel Aware": true,
                  "Relation Name": "movie_companies",
                  "Alias": "mc",
                  "Startup Cost": 0.0,
                  "Total Cost": 31414.82,
                  "Plan Rows": 393415,
                  "Plan Width": 0,
                  "Actual Startup Time": 45.876,
                  "Actual Total Time": 81.803,
                  "Actual Rows": 322926,
                  "Actual Loops": 4,
                  "Filter": "((company_id > 67) AND (company_type_id = 2))",
                  "Rows Removed by Filter": 329356
                }
              ]
            }
          ]
        }
      ]
    },
    "Planning Time": 0.136,
    "Triggers": [],
    "Execution Time": 107.694
  }
]