[
    {
        "Bao": {
            "Bao prediction": "NaN",
            "Bao recommended hint": "(no hint)"
        }
    },
    {
        "Plan": {
            "Node Type": "Aggregate",
            "Strategy": "Plain",
            "Partial Mode": "Finalize",
            "Parallel Aware": false,
            "Startup Cost": 30390.8,
            "Total Cost": 30390.81,
            "Plan Rows": 1,
            "Plan Width": 8,
            "Actual Startup Time": 79.073,
            "Actual Total Time": 83.489,
            "Actual Rows": 1,
            "Actual Loops": 1,
            "Output": [
                "count(*)"
            ],
            "Plans": [
                {
                    "Node Type": "Gather",
                    "Parent Relationship": "Outer",
                    "Parallel Aware": false,
                    "Startup Cost": 30390.48,
                    "Total Cost": 30390.79,
                    "Plan Rows": 3,
                    "Plan Width": 8,
                    "Actual Startup Time": 78.835,
                    "Actual Total Time": 83.482,
                    "Actual Rows": 4,
                    "Actual Loops": 1,
                    "Output": [
                        "(PARTIAL count(*))"
                    ],
                    "Workers Planned": 3,
                    "Workers Launched": 3,
                    "Single Copy": false,
                    "Plans": [
                        {
                            "Node Type": "Aggregate",
                            "Strategy": "Plain",
                            "Partial Mode": "Partial",
                            "Parent Relationship": "Outer",
                            "Parallel Aware": false,
                            "Startup Cost": 29390.48,
                            "Total Cost": 29390.49,
                            "Plan Rows": 1,
                            "Plan Width": 8,
                            "Actual Startup Time": 70.539,
                            "Actual Total Time": 70.54,
                            "Actual Rows": 1,
                            "Actual Loops": 4,
                            "Output": [
                                "PARTIAL count(*)"
                            ],
                            "Workers": [
                                {
                                    "Worker Number": 0,
                                    "Actual Startup Time": 67.593,
                                    "Actual Total Time": 67.595,
                                    "Actual Rows": 1,
                                    "Actual Loops": 1
                                },
                                {
                                    "Worker Number": 1,
                                    "Actual Startup Time": 67.841,
                                    "Actual Total Time": 67.843,
                                    "Actual Rows": 1,
                                    "Actual Loops": 1
                                },
                                {
                                    "Worker Number": 2,
                                    "Actual Startup Time": 68.192,
                                    "Actual Total Time": 68.193,
                                    "Actual Rows": 1,
                                    "Actual Loops": 1
                                }
                            ],
                            "Plans": [
                                {
                                    "Node Type": "Bitmap Heap Scan",
                                    "Parent Relationship": "Outer",
                                    "Parallel Aware": true,
                                    "Relation Name": "movie_keyword",
                                    "Schema": "public",
                                    "Alias": "mk",
                                    "Startup Cost": 4020.13,
                                    "Total Cost": 29237.76,
                                    "Plan Rows": 61090,
                                    "Plan Width": 0,
                                    "Actual Startup Time": 16.329,
                                    "Actual Total Time": 67.222,
                                    "Actual Rows": 47919,
                                    "Actual Loops": 4,
                                    "Recheck Cond": "(mk.keyword_id > 70497)",
                                    "Rows Removed by Index Recheck": 0,
                                    "Exact Heap Blocks": 10941,
                                    "Lossy Heap Blocks": 0,
                                    "Workers": [
                                        {
                                            "Worker Number": 0,
                                            "Actual Startup Time": 13.518,
                                            "Actual Total Time": 64.601,
                                            "Actual Rows": 26537,
                                            "Actual Loops": 1
                                        },
                                        {
                                            "Worker Number": 1,
                                            "Actual Startup Time": 13.672,
                                            "Actual Total Time": 64.921,
                                            "Actual Rows": 30224,
                                            "Actual Loops": 1
                                        },
                                        {
                                            "Worker Number": 2,
                                            "Actual Startup Time": 14.022,
                                            "Actual Total Time": 65.186,
                                            "Actual Rows": 30372,
                                            "Actual Loops": 1
                                        }
                                    ],
                                    "Plans": [
                                        {
                                            "Node Type": "Bitmap Index Scan",
                                            "Parent Relationship": "Outer",
                                            "Parallel Aware": false,
                                            "Index Name": "keyword_id_movie_keyword",
                                            "Startup Cost": 0.0,
                                            "Total Cost": 3972.78,
                                            "Plan Rows": 189380,
                                            "Plan Width": 0,
                                            "Actual Startup Time": 19.806,
                                            "Actual Total Time": 19.806,
                                            "Actual Rows": 191676,
                                            "Actual Loops": 1,
                                            "Index Cond": "(mk.keyword_id > 70497)"
                                        }
                                    ]
                                }
                            ]
                        }
                    ]
                }
            ]
        },
        "Planning Time": 180.179,
        "Triggers": [],
        "Execution Time": 83.562
    }
]