[
  {
    "Plan": {
      "Node Type": "Aggregate",
      "Strategy": "Plain",
      "Partial Mode": "Finalize",
      "Parallel Aware": false,
      "Startup Cost": 76673.03,
      "Total Cost": 76673.04,
      "Plan Rows": 1,
      "Plan Width": 8,
      "Actual Startup Time": 299.721,
      "Actual Total Time": 312.843,
      "Actual Rows": 1,
      "Actual Loops": 1,
      "Plans": [
        {
          "Node Type": "Gather",
          "Parent Relationship": "Outer",
          "Parallel Aware": false,
          "Startup Cost": 76672.61,
          "Total Cost": 76673.02,
          "Plan Rows": 4,
          "Plan Width": 8,
          "Actual Startup Time": 296.565,
          "Actual Total Time": 312.834,
          "Actual Rows": 5,
          "Actual Loops": 1,
          "Workers Planned": 4,
          "Workers Launched": 4,
          "Single Copy": false,
          "Plans": [
            {
              "Node Type": "Aggregate",
              "Strategy": "Plain",
              "Partial Mode": "Partial",
              "Parent Relationship": "Outer",
              "Parallel Aware": false,
              "Startup Cost": 75672.61,
              "Total Cost": 75672.62,
              "Plan Rows": 1,
              "Plan Width": 8,
              "Actual Startup Time": 286.767,
              "Actual Total Time": 286.818,
              "Actual Rows": 1,
              "Actual Loops": 5,
              "Plans": [
                {
                  "Node Type": "Hash Join",
                  "Parent Relationship": "Outer",
                  "Parallel Aware": true,
                  "Join Type": "Inner",
                  "Startup Cost": 29909.32,
                  "Total Cost": 75548.53,
                  "Plan Rows": 49634,
                  "Plan Width": 0,
                  "Actual Startup Time": 124.006,
                  "Actual Total Time": 283.075,
                  "Actual Rows": 79492,
                  "Actual Loops": 5,
                  "Inner Unique": false,
                  "Hash Cond": "(t.id = mc.movie_id)",
                  "Plans": [
                    {
                      "Node Type": "Seq Scan",
                      "Parent Relationship": "Outer",
                      "Parallel Aware": true,
                      "Relation Name": "title",
                      "Alias": "t",
                      "Startup Cost": 0.0,
                      "Total Cost": 42318.73,
                      "Plan Rows": 632073,
                      "Plan Width": 4,
                      "Actual Startup Time": 0.015,
                      "Actual Total Time": 69.089,
                      "Actual Rows": 505662,
                      "Actual Loops": 5
                    },
                    {
                      "Node Type": "Hash",
                      "Parent Relationship": "Inner",
                      "Parallel Aware": true,
                      "Startup Cost": 29108.77,
                      "Total Cost": 29108.77,
                      "Plan Rows": 64044,
                      "Plan Width": 4,
                      "Actual Startup Time": 97.467,
                      "Actual Total Time": 97.468,
                      "Actual Rows": 79492,
                      "Actual Loops": 5,
                      "Hash Buckets": 524288,
                      "Original Hash Buckets": 262144,
                      "Hash Batches": 1,
                      "Original Hash Batches": 1,
                      "Peak Memory Usage": 21792,
                      "Plans": [
                        {
                          "Node Type": "Bitmap Heap Scan",
                          "Parent Relationship": "Outer",
                          "Parallel Aware": true,
                          "Relation Name": "movie_companies",
                          "Alias": "mc",
                          "Startup Cost": 8426.73,
                          "Total Cost": 29108.77,
                          "Plan Rows": 64044,
                          "Plan Width": 4,
                          "Actual Startup Time": 25.582,
                          "Actual Total Time": 60.188,
                          "Actual Rows": 79492,
                          "Actual Loops": 5,
                          "Recheck Cond": "(company_id > 82560)",
                          "Rows Removed by Index Recheck": 0,
                          "Filter": "(company_type_id = 2)",
                          "Rows Removed by Filter": 0,
                          "Exact Heap Blocks": 2396,
                          "Lossy Heap Blocks": 0,
                          "Plans": [
                            {
                              "Node Type": "Bitmap Index Scan",
                              "Parent Relationship": "Outer",
                              "Parallel Aware": false,
                              "Index Name": "company_id_movie_companies",
                              "Startup Cost": 0.0,
                              "Total Cost": 8377.1,
                              "Plan Rows": 391022,
                              "Plan Width": 0,
                              "Actual Startup Time": 29.303,
                              "Actual Total Time": 29.303,
                              "Actual Rows": 397462,
                              "Actual Loops": 1,
                              "Index Cond": "(company_id > 82560)"
                            }
                          ]
                        }
                      ]
                    }
                  ]
                }
              ]
            }
          ]
        }
      ]
    },
    "Planning Time": 0.398,
    "Triggers": [],
    "Execution Time": 312.908
  }
]