{
  "Plan": {
    "Node Type": "Aggregate",
    "Strategy": "Plain",
    "Partial Mode": "Finalize",
    "Parallel Aware": false,
    "Startup Cost": 457113.73,
    "Total Cost": 457113.74,
    "Plan Rows": 1,
    "Plan Width": 8,
    "Actual Startup Time": 2231.547,
    "Actual Total Time": 2277.465,
    "Actual Rows": 1,
    "Actual Loops": 1,
    "Plans": [
      {
        "Node Type": "Gather",
        "Parent Relationship": "Outer",
        "Parallel Aware": false,
        "Startup Cost": 457113.62,
        "Total Cost": 457113.73,
        "Plan Rows": 1,
        "Plan Width": 8,
        "Actual Startup Time": 2227.915,
        "Actual Total Time": 2277.457,
        "Actual Rows": 2,
        "Actual Loops": 1,
        "Workers Planned": 1,
        "Workers Launched": 1,
        "Single Copy": false,
        "Plans": [
          {
            "Node Type": "Aggregate",
            "Strategy": "Plain",
            "Partial Mode": "Partial",
            "Parent Relationship": "Outer",
            "Parallel Aware": false,
            "Startup Cost": 456113.62,
            "Total Cost": 456113.63,
            "Plan Rows": 1,
            "Plan Width": 8,
            "Actual Startup Time": 2219.672,
            "Actual Total Time": 2219.678,
            "Actual Rows": 1,
            "Actual Loops": 2,
            "Plans": [
              {
                "Node Type": "Hash Join",
                "Parent Relationship": "Outer",
                "Parallel Aware": true,
                "Join Type": "Inner",
                "Startup Cost": 138852.75,
                "Total Cost": 448466.24,
                "Plan Rows": 3058951,
                "Plan Width": 0,
                "Actual Startup Time": 780.515,
                "Actual Total Time": 2181.569,
                "Actual Rows": 959303,
                "Actual Loops": 2,
                "Inner Unique": false,
                "Hash Cond": "(mi.movie_id = t.id)",
                "Plans": [
                  {
                    "Node Type": "Seq Scan",
                    "Parent Relationship": "Outer",
                    "Parallel Aware": true,
                    "Relation Name": "movie_info",
                    "Alias": "mi",
                    "Startup Cost": 0.0,
                    "Total Cost": 270696.42,
                    "Plan Rows": 5579529,
                    "Plan Width": 4,
                    "Actual Startup Time": 0.021,
                    "Actual Total Time": 736.379,
                    "Actual Rows": 4782576,
                    "Actual Loops": 2,
                    "Filter": "(info_type_id < 16)",
                    "Rows Removed by Filter": 2635284
                  },
                  {
                    "Node Type": "Hash",
                    "Parent Relationship": "Inner",
                    "Parallel Aware": true,
                    "Startup Cost": 128660.65,
                    "Total Cost": 128660.65,
                    "Plan Rows": 815368,
                    "Plan Width": 8,
                    "Actual Startup Time": 765.38,
                    "Actual Total Time": 765.384,
                    "Actual Rows": 170490,
                    "Actual Loops": 2,
                    "Hash Buckets": 2097152,
                    "Original Hash Buckets": 2097152,
                    "Hash Batches": 1,
                    "Original Hash Batches": 1,
                    "Peak Memory Usage": 29760,
                    "Plans": [
                      {
                        "Node Type": "Hash Join",
                        "Parent Relationship": "Outer",
                        "Parallel Aware": true,
                        "Join Type": "Inner",
                        "Startup Cost": 64981.11,
                        "Total Cost": 128660.65,
                        "Plan Rows": 815368,
                        "Plan Width": 8,
                        "Actual Startup Time": 311.883,
                        "Actual Total Time": 723.825,
                        "Actual Rows": 170490,
                        "Actual Loops": 2,
                        "Inner Unique": true,
                        "Hash Cond": "(mk.movie_id = t.id)",
                        "Plans": [
                          {
                            "Node Type": "Seq Scan",
                            "Parent Relationship": "Outer",
                            "Parallel Aware": true,
                            "Relation Name": "movie_keyword",
                            "Alias": "mk",
                            "Startup Cost": 0.0,
                            "Total Cost": 57718.19,
                            "Plan Rows": 2270987,
                            "Plan Width": 4,
                            "Actual Startup Time": 0.021,
                            "Actual Total Time": 208.516,
                            "Actual Rows": 1935635,
                            "Actual Loops": 2,
                            "Filter": "(keyword_id < 28809)",
                            "Rows Removed by Filter": 326330
                          },
                          {
                            "Node Type": "Hash",
                            "Parent Relationship": "Inner",
                            "Parallel Aware": true,
                            "Startup Cost": 58306.47,
                            "Total Cost": 58306.47,
                            "Plan Rows": 533971,
                            "Plan Width": 4,
                            "Actual Startup Time": 307.829,
                            "Actual Total Time": 307.831,
                            "Actual Rows": 496036,
                            "Actual Loops": 2,
                            "Hash Buckets": 1048576,
                            "Original Hash Buckets": 1048576,
                            "Hash Batches": 1,
                            "Original Hash Batches": 1,
                            "Peak Memory Usage": 47040,
                            "Plans": [
                              {
                                "Node Type": "Seq Scan",
                                "Parent Relationship": "Outer",
                                "Parallel Aware": true,
                                "Relation Name": "title",
                                "Alias": "t",
                                "Startup Cost": 0.0,
                                "Total Cost": 58306.47,
                                "Plan Rows": 533971,
                                "Plan Width": 4,
                                "Actual Startup Time": 0.037,
                                "Actual Total Time": 166.035,
                                "Actual Rows": 496036,
                                "Actual Loops": 2,
                                "Filter": "((production_year > 1998) AND (kind_id = 7))",
                                "Rows Removed by Filter": 768120
                              }
                            ]
                          }
                        ]
                      }
                    ]
                  }
                ]
              }
            ]
          }
        ]
      }
    ]
  },
  "Planning Time": 1.033,
  "Triggers": [],
  "Execution Time": 2277.548
}