{
    "Plan": {
        "Node Type": "Aggregate",
        "Strategy": "Plain",
        "Partial Mode": "Finalize",
        "Parallel Aware": false,
        "Startup Cost": 80692.16,
        "Total Cost": 80692.17,
        "Plan Rows": 1,
        "Plan Width": 8,
        "Actual Startup Time": 281.426,
        "Actual Total Time": 294.149,
        "Actual Rows": 1,
        "Actual Loops": 1,
        "Output": [
            "count(*)"
        ],
        "Plans": [
            {
                "Node Type": "Gather",
                "Parent Relationship": "Outer",
                "Parallel Aware": false,
                "Startup Cost": 80691.84,
                "Total Cost": 80692.15,
                "Plan Rows": 3,
                "Plan Width": 8,
                "Actual Startup Time": 279.508,
                "Actual Total Time": 294.139,
                "Actual Rows": 4,
                "Actual Loops": 1,
                "Output": [
                    "(PARTIAL count(*))"
                ],
                "Workers Planned": 3,
                "Workers Launched": 3,
                "Single Copy": false,
                "Plans": [
                    {
                        "Node Type": "Aggregate",
                        "Strategy": "Plain",
                        "Partial Mode": "Partial",
                        "Parent Relationship": "Outer",
                        "Parallel Aware": false,
                        "Startup Cost": 79691.84,
                        "Total Cost": 79691.85,
                        "Plan Rows": 1,
                        "Plan Width": 8,
                        "Actual Startup Time": 270.561,
                        "Actual Total Time": 270.564,
                        "Actual Rows": 1,
                        "Actual Loops": 4,
                        "Output": [
                            "PARTIAL count(*)"
                        ],
                        "Workers": [
                            {
                                "Worker Number": 0,
                                "Actual Startup Time": 267.696,
                                "Actual Total Time": 267.7,
                                "Actual Rows": 1,
                                "Actual Loops": 1
                            },
                            {
                                "Worker Number": 1,
                                "Actual Startup Time": 268.097,
                                "Actual Total Time": 268.099,
                                "Actual Rows": 1,
                                "Actual Loops": 1
                            },
                            {
                                "Worker Number": 2,
                                "Actual Startup Time": 267.697,
                                "Actual Total Time": 267.7,
                                "Actual Rows": 1,
                                "Actual Loops": 1
                            }
                        ],
                        "Plans": [
                            {
                                "Node Type": "Hash Join",
                                "Parent Relationship": "Outer",
                                "Parallel Aware": true,
                                "Join Type": "Inner",
                                "Startup Cost": 47321.78,
                                "Total Cost": 79518.24,
                                "Plan Rows": 69442,
                                "Plan Width": 0,
                                "Actual Startup Time": 221.7,
                                "Actual Total Time": 268.318,
                                "Actual Rows": 55916,
                                "Actual Loops": 4,
                                "Inner Unique": true,
                                "Hash Cond": "(mc.movie_id = t.id)",
                                "Workers": [
                                    {
                                        "Worker Number": 0,
                                        "Actual Startup Time": 218.925,
                                        "Actual Total Time": 265.488,
                                        "Actual Rows": 54501,
                                        "Actual Loops": 1
                                    },
                                    {
                                        "Worker Number": 1,
                                        "Actual Startup Time": 218.978,
                                        "Actual Total Time": 265.894,
                                        "Actual Rows": 54598,
                                        "Actual Loops": 1
                                    },
                                    {
                                        "Worker Number": 2,
                                        "Actual Startup Time": 218.933,
                                        "Actual Total Time": 265.489,
                                        "Actual Rows": 54846,
                                        "Actual Loops": 1
                                    }
                                ],
                                "Plans": [
                                    {
                                        "Node Type": "Seq Scan",
                                        "Parent Relationship": "Outer",
                                        "Parallel Aware": true,
                                        "Relation Name": "movie_companies",
                                        "Schema": "public",
                                        "Alias": "mc",
                                        "Startup Cost": 0.0,
                                        "Total Cost": 31414.82,
                                        "Plan Rows": 297766,
                                        "Plan Width": 4,
                                        "Actual Startup Time": 30.56,
                                        "Actual Total Time": 62.493,
                                        "Actual Rows": 151470,
                                        "Actual Loops": 4,
                                        "Output": [
                                            "mc.id",
                                            "mc.movie_id",
                                            "mc.company_id",
                                            "mc.company_type_id",
                                            "mc.note"
                                        ],
                                        "Filter": "((mc.company_id < 30309) AND (mc.company_type_id > 1))",
                                        "Rows Removed by Filter": 500812,
                                        "Workers": [
                                            {
                                                "Worker Number": 0,
                                                "Actual Startup Time": 30.558,
                                                "Actual Total Time": 63.023,
                                                "Actual Rows": 148178,
                                                "Actual Loops": 1
                                            },
                                            {
                                                "Worker Number": 1,
                                                "Actual Startup Time": 30.572,
                                                "Actual Total Time": 63.293,
                                                "Actual Rows": 147820,
                                                "Actual Loops": 1
                                            },
                                            {
                                                "Worker Number": 2,
                                                "Actual Startup Time": 30.57,
                                                "Actual Total Time": 63.104,
                                                "Actual Rows": 146783,
                                                "Actual Loops": 1
                                            }
                                        ]
                                    },
                                    {
                                        "Node Type": "Hash",
                                        "Parent Relationship": "Inner",
                                        "Parallel Aware": true,
                                        "Startup Cost": 45479.21,
                                        "Total Cost": 45479.21,
                                        "Plan Rows": 147406,
                                        "Plan Width": 4,
                                        "Actual Startup Time": 156.108,
                                        "Actual Total Time": 156.109,
                                        "Actual Rows": 148682,
                                        "Actual Loops": 4,
                                        "Output": [
                                            "t.id"
                                        ],
                                        "Hash Buckets": 1048576,
                                        "Original Hash Buckets": 1048576,
                                        "Hash Batches": 1,
                                        "Original Hash Batches": 1,
                                        "Peak Memory Usage": 31520,
                                        "Workers": [
                                            {
                                                "Worker Number": 0,
                                                "Actual Startup Time": 158.003,
                                                "Actual Total Time": 158.004,
                                                "Actual Rows": 145212,
                                                "Actual Loops": 1
                                            },
                                            {
                                                "Worker Number": 1,
                                                "Actual Startup Time": 158.006,
                                                "Actual Total Time": 158.007,
                                                "Actual Rows": 143765,
                                                "Actual Loops": 1
                                            },
                                            {
                                                "Worker Number": 2,
                                                "Actual Startup Time": 158.029,
                                                "Actual Total Time": 158.03,
                                                "Actual Rows": 142613,
                                                "Actual Loops": 1
                                            }
                                        ],
                                        "Plans": [
                                            {
                                                "Node Type": "Seq Scan",
                                                "Parent Relationship": "Outer",
                                                "Parallel Aware": true,
                                                "Relation Name": "title",
                                                "Schema": "public",
                                                "Alias": "t",
                                                "Startup Cost": 0.0,
                                                "Total Cost": 45479.21,
                                                "Plan Rows": 147406,
                                                "Plan Width": 4,
                                                "Actual Startup Time": 59.455,
                                                "Actual Total Time": 102.533,
                                                "Actual Rows": 148682,
                                                "Actual Loops": 4,
                                                "Output": [
                                                    "t.id"
                                                ],
                                                "Filter": "((t.kind_id < 2) AND (t.production_year < 2012))",
                                                "Rows Removed by Filter": 483396,
                                                "Workers": [
                                                    {
                                                        "Worker Number": 0,
                                                        "Actual Startup Time": 59.424,
                                                        "Actual Total Time": 104.301,
                                                        "Actual Rows": 145212,
                                                        "Actual Loops": 1
                                                    },
                                                    {
                                                        "Worker Number": 1,
                                                        "Actual Startup Time": 59.393,
                                                        "Actual Total Time": 103.898,
                                                        "Actual Rows": 143765,
                                                        "Actual Loops": 1
                                                    },
                                                    {
                                                        "Worker Number": 2,
                                                        "Actual Startup Time": 59.495,
                                                        "Actual Total Time": 103.804,
                                                        "Actual Rows": 142613,
                                                        "Actual Loops": 1
                                                    }
                                                ]
                                            }
                                        ]
                                    }
                                ]
                            }
                        ]
                    }
                ]
            }
        ]
    },
    "Planning Time": 0.782,
    "Triggers": [],
    "Execution Time": 294.224
}