[
  {
    "Plan": {
      "Node Type": "Aggregate",
      "Strategy": "Plain",
      "Partial Mode": "Finalize",
      "Parallel Aware": false,
      "Startup Cost": 60330.03,
      "Total Cost": 60330.04,
      "Plan Rows": 1,
      "Plan Width": 8,
      "Actual Startup Time": 111.869,
      "Actual Total Time": 126.069,
      "Actual Rows": 1,
      "Actual Loops": 1,
      "Plans": [
        {
          "Node Type": "Gather",
          "Parent Relationship": "Outer",
          "Parallel Aware": false,
          "Startup Cost": 60329.61,
          "Total Cost": 60330.02,
          "Plan Rows": 4,
          "Plan Width": 8,
          "Actual Startup Time": 111.747,
          "Actual Total Time": 126.062,
          "Actual Rows": 5,
          "Actual Loops": 1,
          "Workers Planned": 4,
          "Workers Launched": 4,
          "Single Copy": false,
          "Plans": [
            {
              "Node Type": "Aggregate",
              "Strategy": "Plain",
              "Partial Mode": "Partial",
              "Parent Relationship": "Outer",
              "Parallel Aware": false,
              "Startup Cost": 59329.61,
              "Total Cost": 59329.62,
              "Plan Rows": 1,
              "Plan Width": 8,
              "Actual Startup Time": 101.709,
              "Actual Total Time": 101.71,
              "Actual Rows": 1,
              "Actual Loops": 5,
              "Plans": [
                {
                  "Node Type": "Nested Loop",
                  "Parent Relationship": "Outer",
                  "Parallel Aware": false,
                  "Join Type": "Inner",
                  "Startup Cost": 0.43,
                  "Total Cost": 59328.68,
                  "Plan Rows": 373,
                  "Plan Width": 0,
                  "Actual Startup Time": 5.441,
                  "Actual Total Time": 101.648,
                  "Actual Rows": 291,
                  "Actual Loops": 5,
                  "Inner Unique": false,
                  "Plans": [
                    {
                      "Node Type": "Seq Scan",
                      "Parent Relationship": "Outer",
                      "Parallel Aware": true,
                      "Relation Name": "title",
                      "Alias": "t",
                      "Startup Cost": 0.0,
                      "Total Cost": 43898.92,
                      "Plan Rows": 1054,
                      "Plan Width": 4,
                      "Actual Startup Time": 0.754,
                      "Actual Total Time": 88.898,
                      "Actual Rows": 953,
                      "Actual Loops": 5,
                      "Filter": "(production_year = 1950)",
                      "Rows Removed by Filter": 504710
                    },
                    {
                      "Node Type": "Index Scan",
                      "Parent Relationship": "Inner",
                      "Parallel Aware": false,
                      "Scan Direction": "Forward",
                      "Index Name": "movie_id_movie_companies",
                      "Relation Name": "movie_companies",
                      "Alias": "mc",
                      "Startup Cost": 0.43,
                      "Total Cost": 14.62,
                      "Plan Rows": 2,
                      "Plan Width": 4,
                      "Actual Startup Time": 0.013,
                      "Actual Total Time": 0.013,
                      "Actual Rows": 0,
                      "Actual Loops": 4763,
                      "Index Cond": "(movie_id = t.id)",
                      "Rows Removed by Index Recheck": 0,
                      "Filter": "((company_id < 24309) AND (company_type_id > 1))",
                      "Rows Removed by Filter": 1
                    }
                  ]
                }
              ]
            }
          ]
        }
      ]
    },
    "Planning Time": 0.653,
    "Triggers": [],
    "Execution Time": 126.139
  }
]