[
  {
    "Plan": {
      "Node Type": "Aggregate",
      "Strategy": "Plain",
      "Partial Mode": "Finalize",
      "Parallel Aware": false,
      "Startup Cost": 46416.23,
      "Total Cost": 46416.24,
      "Plan Rows": 1,
      "Plan Width": 8,
      "Actual Startup Time": 124.983,
      "Actual Total Time": 138.092,
      "Actual Rows": 1,
      "Actual Loops": 1,
      "Plans": [
        {
          "Node Type": "Gather",
          "Parent Relationship": "Outer",
          "Parallel Aware": false,
          "Startup Cost": 46415.81,
          "Total Cost": 46416.22,
          "Plan Rows": 4,
          "Plan Width": 8,
          "Actual Startup Time": 124.821,
          "Actual Total Time": 138.079,
          "Actual Rows": 5,
          "Actual Loops": 1,
          "Workers Planned": 4,
          "Workers Launched": 4,
          "Single Copy": false,
          "Plans": [
            {
              "Node Type": "Aggregate",
              "Strategy": "Plain",
              "Partial Mode": "Partial",
              "Parent Relationship": "Outer",
              "Parallel Aware": false,
              "Startup Cost": 45415.81,
              "Total Cost": 45415.82,
              "Plan Rows": 1,
              "Plan Width": 8,
              "Actual Startup Time": 118.674,
              "Actual Total Time": 118.675,
              "Actual Rows": 1,
              "Actual Loops": 5,
              "Plans": [
                {
                  "Node Type": "Seq Scan",
                  "Parent Relationship": "Outer",
                  "Parallel Aware": true,
                  "Relation Name": "title",
                  "Alias": "t",
                  "Startup Cost": 0.0,
                  "Total Cost": 43899.32,
                  "Plan Rows": 606595,
                  "Plan Width": 0,
                  "Actual Startup Time": 0.029,
                  "Actual Total Time": 95.185,
                  "Actual Rows": 485423,
                  "Actual Loops": 5,
                  "Filter": "(production_year > 1910)",
                  "Rows Removed by Filter": 20240
                }
              ]
            }
          ]
        }
      ]
    },
    "Planning Time": 0.103,
    "Triggers": [],
    "Execution Time": 138.137
  }
]