{
  "Plan": {
    "Node Type": "Aggregate",
    "Strategy": "Plain",
    "Partial Mode": "Finalize",
    "Parallel Aware": false,
    "Startup Cost": 126740.58,
    "Total Cost": 126740.59,
    "Plan Rows": 1,
    "Plan Width": 8,
    "Actual Startup Time": 548.48,
    "Actual Total Time": 562.891,
    "Actual Rows": 1,
    "Actual Loops": 1,
    "Plans": [
      {
        "Node Type": "Gather",
        "Parent Relationship": "Outer",
        "Parallel Aware": false,
        "Startup Cost": 126740.47,
        "Total Cost": 126740.58,
        "Plan Rows": 1,
        "Plan Width": 8,
        "Actual Startup Time": 547.88,
        "Actual Total Time": 562.884,
        "Actual Rows": 2,
        "Actual Loops": 1,
        "Workers Planned": 1,
        "Workers Launched": 1,
        "Single Copy": false,
        "Plans": [
          {
            "Node Type": "Aggregate",
            "Strategy": "Plain",
            "Partial Mode": "Partial",
            "Parent Relationship": "Outer",
            "Parallel Aware": false,
            "Startup Cost": 125740.47,
            "Total Cost": 125740.48,
            "Plan Rows": 1,
            "Plan Width": 8,
            "Actual Startup Time": 542.091,
            "Actual Total Time": 542.095,
            "Actual Rows": 1,
            "Actual Loops": 2,
            "Plans": [
              {
                "Node Type": "Hash Join",
                "Parent Relationship": "Outer",
                "Parallel Aware": true,
                "Join Type": "Inner",
                "Startup Cost": 60807.07,
                "Total Cost": 124921.13,
                "Plan Rows": 327736,
                "Plan Width": 0,
                "Actual Startup Time": 188.64,
                "Actual Total Time": 539.947,
                "Actual Rows": 55660,
                "Actual Loops": 2,
                "Inner Unique": true,
                "Hash Cond": "(mk.movie_id = t.id)",
                "Plans": [
                  {
                    "Node Type": "Seq Scan",
                    "Parent Relationship": "Outer",
                    "Parallel Aware": true,
                    "Relation Name": "movie_keyword",
                    "Alias": "mk",
                    "Startup Cost": 0.0,
                    "Total Cost": 57718.19,
                    "Plan Rows": 2436519,
                    "Plan Width": 4,
                    "Actual Startup Time": 0.015,
                    "Actual Total Time": 199.974,
                    "Actual Rows": 2077626,
                    "Actual Loops": 2,
                    "Filter": "(keyword_id < 45797)",
                    "Rows Removed by Filter": 184338
                  },
                  {
                    "Node Type": "Hash",
                    "Parent Relationship": "Inner",
                    "Parallel Aware": true,
                    "Startup Cost": 58306.47,
                    "Total Cost": 58306.47,
                    "Plan Rows": 200048,
                    "Plan Width": 4,
                    "Actual Startup Time": 182.598,
                    "Actual Total Time": 182.599,
                    "Actual Rows": 116955,
                    "Actual Loops": 2,
                    "Hash Buckets": 524288,
                    "Original Hash Buckets": 524288,
                    "Hash Batches": 1,
                    "Original Hash Batches": 1,
                    "Peak Memory Usage": 13280,
                    "Plans": [
                      {
                        "Node Type": "Seq Scan",
                        "Parent Relationship": "Outer",
                        "Parallel Aware": true,
                        "Relation Name": "title",
                        "Alias": "t",
                        "Startup Cost": 0.0,
                        "Total Cost": 58306.47,
                        "Plan Rows": 200048,
                        "Plan Width": 4,
                        "Actual Startup Time": 0.035,
                        "Actual Total Time": 146.885,
                        "Actual Rows": 116955,
                        "Actual Loops": 2,
                        "Filter": "((production_year < 1984) AND (kind_id = 7))",
                        "Rows Removed by Filter": 1147201
                      }
                    ]
                  }
                ]
              }
            ]
          }
        ]
      }
    ]
  },
  "Planning Time": 0.474,
  "Triggers": [],
  "Execution Time": 562.963
}