[
    {
        "Bao": {
            "Bao prediction": 1372.6,
            "Bao recommended hint": "SET enable_nestloop TO off; "
        }
    },
    {
        "Plan": {
            "Node Type": "Aggregate",
            "Strategy": "Plain",
            "Partial Mode": "Finalize",
            "Parallel Aware": false,
            "Startup Cost": 490573.11,
            "Total Cost": 490573.12,
            "Plan Rows": 1,
            "Plan Width": 96,
            "Actual Startup Time": 1945.225,
            "Actual Total Time": 2097.416,
            "Actual Rows": 1,
            "Actual Loops": 1,
            "Output": [
                "min(k.keyword)",
                "min(n.name)",
                "min(t.title)"
            ],
            "Plans": [
                {
                    "Node Type": "Gather",
                    "Parent Relationship": "Outer",
                    "Parallel Aware": false,
                    "Startup Cost": 490572.67,
                    "Total Cost": 490573.08,
                    "Plan Rows": 4,
                    "Plan Width": 96,
                    "Actual Startup Time": 1943.827,
                    "Actual Total Time": 2097.399,
                    "Actual Rows": 5,
                    "Actual Loops": 1,
                    "Output": [
                        "(PARTIAL min(k.keyword))",
                        "(PARTIAL min(n.name))",
                        "(PARTIAL min(t.title))"
                    ],
                    "Workers Planned": 4,
                    "Workers Launched": 4,
                    "Single Copy": false,
                    "Plans": [
                        {
                            "Node Type": "Aggregate",
                            "Strategy": "Plain",
                            "Partial Mode": "Partial",
                            "Parent Relationship": "Outer",
                            "Parallel Aware": false,
                            "Startup Cost": 489572.67,
                            "Total Cost": 489572.68,
                            "Plan Rows": 1,
                            "Plan Width": 96,
                            "Actual Startup Time": 1931.993,
                            "Actual Total Time": 1932.004,
                            "Actual Rows": 1,
                            "Actual Loops": 5,
                            "Output": [
                                "PARTIAL min(k.keyword)",
                                "PARTIAL min(n.name)",
                                "PARTIAL min(t.title)"
                            ],
                            "Workers": [
                                {
                                    "Worker Number": 0,
                                    "Actual Startup Time": 1929.263,
                                    "Actual Total Time": 1929.273,
                                    "Actual Rows": 1,
                                    "Actual Loops": 1
                                },
                                {
                                    "Worker Number": 1,
                                    "Actual Startup Time": 1929.048,
                                    "Actual Total Time": 1929.058,
                                    "Actual Rows": 1,
                                    "Actual Loops": 1
                                },
                                {
                                    "Worker Number": 2,
                                    "Actual Startup Time": 1929.888,
                                    "Actual Total Time": 1929.899,
                                    "Actual Rows": 1,
                                    "Actual Loops": 1
                                },
                                {
                                    "Worker Number": 3,
                                    "Actual Startup Time": 1929.771,
                                    "Actual Total Time": 1929.782,
                                    "Actual Rows": 1,
                                    "Actual Loops": 1
                                }
                            ],
                            "Plans": [
                                {
                                    "Node Type": "Hash Join",
                                    "Parent Relationship": "Outer",
                                    "Parallel Aware": true,
                                    "Join Type": "Inner",
                                    "Startup Cost": 444118.69,
                                    "Total Cost": 489572.66,
                                    "Plan Rows": 1,
                                    "Plan Width": 48,
                                    "Actual Startup Time": 1805.572,
                                    "Actual Total Time": 1931.597,
                                    "Actual Rows": 1655,
                                    "Actual Loops": 5,
                                    "Output": [
                                        "k.keyword",
                                        "n.name",
                                        "t.title"
                                    ],
                                    "Inner Unique": false,
                                    "Hash Cond": "(t.id = mk.movie_id)",
                                    "Workers": [
                                        {
                                            "Worker Number": 0,
                                            "Actual Startup Time": 1802.528,
                                            "Actual Total Time": 1928.87,
                                            "Actual Rows": 1746,
                                            "Actual Loops": 1
                                        },
                                        {
                                            "Worker Number": 1,
                                            "Actual Startup Time": 1802.65,
                                            "Actual Total Time": 1928.688,
                                            "Actual Rows": 1690,
                                            "Actual Loops": 1
                                        },
                                        {
                                            "Worker Number": 2,
                                            "Actual Startup Time": 1802.928,
                                            "Actual Total Time": 1929.494,
                                            "Actual Rows": 1062,
                                            "Actual Loops": 1
                                        },
                                        {
                                            "Worker Number": 3,
                                            "Actual Startup Time": 1803.404,
                                            "Actual Total Time": 1929.373,
                                            "Actual Rows": 1810,
                                            "Actual Loops": 1
                                        }
                                    ],
                                    "Plans": [
                                        {
                                            "Node Type": "Seq Scan",
                                            "Parent Relationship": "Outer",
                                            "Parallel Aware": true,
                                            "Relation Name": "title",
                                            "Schema": "public",
                                            "Alias": "t",
                                            "Startup Cost": 0.0,
                                            "Total Cost": 43899.32,
                                            "Plan Rows": 414571,
                                            "Plan Width": 21,
                                            "Actual Startup Time": 0.028,
                                            "Actual Total Time": 90.017,
                                            "Actual Rows": 328703,
                                            "Actual Loops": 5,
                                            "Output": [
                                                "t.id",
                                                "t.title",
                                                "t.imdb_index",
                                                "t.kind_id",
                                                "t.production_year",
                                                "t.imdb_id",
                                                "t.phonetic_code",
                                                "t.episode_of_id",
                                                "t.season_nr",
                                                "t.episode_nr",
                                                "t.series_years",
                                                "t.md5sum"
                                            ],
                                            "Filter": "(t.production_year > 1994)",
                                            "Rows Removed by Filter": 176960,
                                            "Workers": [
                                                {
                                                    "Worker Number": 0,
                                                    "Actual Startup Time": 0.026,
                                                    "Actual Total Time": 90.145,
                                                    "Actual Rows": 356137,
                                                    "Actual Loops": 1
                                                },
                                                {
                                                    "Worker Number": 1,
                                                    "Actual Startup Time": 0.025,
                                                    "Actual Total Time": 90.669,
                                                    "Actual Rows": 359440,
                                                    "Actual Loops": 1
                                                },
                                                {
                                                    "Worker Number": 2,
                                                    "Actual Startup Time": 0.037,
                                                    "Actual Total Time": 89.578,
                                                    "Actual Rows": 224597,
                                                    "Actual Loops": 1
                                                },
                                                {
                                                    "Worker Number": 3,
                                                    "Actual Startup Time": 0.033,
                                                    "Actual Total Time": 89.301,
                                                    "Actual Rows": 348752,
                                                    "Actual Loops": 1
                                                }
                                            ]
                                        },
                                        {
                                            "Node Type": "Hash",
                                            "Parent Relationship": "Inner",
                                            "Parallel Aware": true,
                                            "Startup Cost": 444118.68,
                                            "Total Cost": 444118.68,
                                            "Plan Rows": 1,
                                            "Plan Width": 39,
                                            "Actual Startup Time": 1802.658,
                                            "Actual Total Time": 1802.667,
                                            "Actual Rows": 2721,
                                            "Actual Loops": 5,
                                            "Output": [
                                                "ci.movie_id",
                                                "mk.movie_id",
                                                "k.keyword",
                                                "n.name"
                                            ],
                                            "Hash Buckets": 16384,
                                            "Original Hash Buckets": 1024,
                                            "Hash Batches": 1,
                                            "Original Hash Batches": 1,
                                            "Peak Memory Usage": 1272,
                                            "Workers": [
                                                {
                                                    "Worker Number": 0,
                                                    "Actual Startup Time": 1800.539,
                                                    "Actual Total Time": 1800.547,
                                                    "Actual Rows": 3043,
                                                    "Actual Loops": 1
                                                },
                                                {
                                                    "Worker Number": 1,
                                                    "Actual Startup Time": 1800.381,
                                                    "Actual Total Time": 1800.39,
                                                    "Actual Rows": 2685,
                                                    "Actual Loops": 1
                                                },
                                                {
                                                    "Worker Number": 2,
                                                    "Actual Startup Time": 1801.233,
                                                    "Actual Total Time": 1801.242,
                                                    "Actual Rows": 1887,
                                                    "Actual Loops": 1
                                                },
                                                {
                                                    "Worker Number": 3,
                                                    "Actual Startup Time": 1801.06,
                                                    "Actual Total Time": 1801.07,
                                                    "Actual Rows": 2944,
                                                    "Actual Loops": 1
                                                }
                                            ],
                                            "Plans": [
                                                {
                                                    "Node Type": "Hash Join",
                                                    "Parent Relationship": "Outer",
                                                    "Parallel Aware": true,
                                                    "Join Type": "Inner",
                                                    "Startup Cost": 115149.76,
                                                    "Total Cost": 444118.68,
                                                    "Plan Rows": 1,
                                                    "Plan Width": 39,
                                                    "Actual Startup Time": 421.406,
                                                    "Actual Total Time": 1721.145,
                                                    "Actual Rows": 2721,
                                                    "Actual Loops": 5,
                                                    "Output": [
                                                        "ci.movie_id",
                                                        "mk.movie_id",
                                                        "k.keyword",
                                                        "n.name"
                                                    ],
                                                    "Inner Unique": false,
                                                    "Hash Cond": "(ci.movie_id = mk.movie_id)",
                                                    "Workers": [
                                                        {
                                                            "Worker Number": 0,
                                                            "Actual Startup Time": 424.75,
                                                            "Actual Total Time": 1794.519,
                                                            "Actual Rows": 3043,
                                                            "Actual Loops": 1
                                                        },
                                                        {
                                                            "Worker Number": 1,
                                                            "Actual Startup Time": 471.638,
                                                            "Actual Total Time": 1793.321,
                                                            "Actual Rows": 2685,
                                                            "Actual Loops": 1
                                                        },
                                                        {
                                                            "Worker Number": 2,
                                                            "Actual Startup Time": 401.688,
                                                            "Actual Total Time": 1793.377,
                                                            "Actual Rows": 1887,
                                                            "Actual Loops": 1
                                                        },
                                                        {
                                                            "Worker Number": 3,
                                                            "Actual Startup Time": 395.19,
                                                            "Actual Total Time": 1794.987,
                                                            "Actual Rows": 2944,
                                                            "Actual Loops": 1
                                                        }
                                                    ],
                                                    "Plans": [
                                                        {
                                                            "Node Type": "Hash Join",
                                                            "Parent Relationship": "Outer",
                                                            "Parallel Aware": true,
                                                            "Join Type": "Inner",
                                                            "Startup Cost": 68637.98,
                                                            "Total Cost": 397604.62,
                                                            "Plan Rows": 604,
                                                            "Plan Width": 19,
                                                            "Actual Startup Time": 168.231,
                                                            "Actual Total Time": 1486.505,
                                                            "Actual Rows": 27110,
                                                            "Actual Loops": 5,
                                                            "Output": [
                                                                "ci.movie_id",
                                                                "n.name"
                                                            ],
                                                            "Inner Unique": true,
                                                            "Hash Cond": "(ci.person_id = n.id)",
                                                            "Workers": [
                                                                {
                                                                    "Worker Number": 0,
                                                                    "Actual Startup Time": 172.185,
                                                                    "Actual Total Time": 1561.336,
                                                                    "Actual Rows": 30087,
                                                                    "Actual Loops": 1
                                                                },
                                                                {
                                                                    "Worker Number": 1,
                                                                    "Actual Startup Time": 181.099,
                                                                    "Actual Total Time": 1560.748,
                                                                    "Actual Rows": 26341,
                                                                    "Actual Loops": 1
                                                                },
                                                                {
                                                                    "Worker Number": 2,
                                                                    "Actual Startup Time": 171.121,
                                                                    "Actual Total Time": 1561.262,
                                                                    "Actual Rows": 19097,
                                                                    "Actual Loops": 1
                                                                },
                                                                {
                                                                    "Worker Number": 3,
                                                                    "Actual Startup Time": 156.07,
                                                                    "Actual Total Time": 1561.658,
                                                                    "Actual Rows": 30105,
                                                                    "Actual Loops": 1
                                                                }
                                                            ],
                                                            "Plans": [
                                                                {
                                                                    "Node Type": "Seq Scan",
                                                                    "Parent Relationship": "Outer",
                                                                    "Parallel Aware": true,
                                                                    "Relation Name": "cast_info",
                                                                    "Schema": "public",
                                                                    "Alias": "ci",
                                                                    "Startup Cost": 0.0,
                                                                    "Total Cost": 313106.51,
                                                                    "Plan Rows": 6041951,
                                                                    "Plan Width": 8,
                                                                    "Actual Startup Time": 0.009,
                                                                    "Actual Total Time": 736.319,
                                                                    "Actual Rows": 7248869,
                                                                    "Actual Loops": 5,
                                                                    "Output": [
                                                                        "ci.id",
                                                                        "ci.person_id",
                                                                        "ci.movie_id",
                                                                        "ci.person_role_id",
                                                                        "ci.note",
                                                                        "ci.nr_order",
                                                                        "ci.role_id"
                                                                    ],
                                                                    "Workers": [
                                                                        {
                                                                            "Worker Number": 0,
                                                                            "Actual Startup Time": 0.008,
                                                                            "Actual Total Time": 774.967,
                                                                            "Actual Rows": 8477382,
                                                                            "Actual Loops": 1
                                                                        },
                                                                        {
                                                                            "Worker Number": 1,
                                                                            "Actual Startup Time": 0.007,
                                                                            "Actual Total Time": 795.111,
                                                                            "Actual Rows": 8213027,
                                                                            "Actual Loops": 1
                                                                        },
                                                                        {
                                                                            "Worker Number": 2,
                                                                            "Actual Startup Time": 0.009,
                                                                            "Actual Total Time": 772.948,
                                                                            "Actual Rows": 5197823,
                                                                            "Actual Loops": 1
                                                                        },
                                                                        {
                                                                            "Worker Number": 3,
                                                                            "Actual Startup Time": 0.008,
                                                                            "Actual Total Time": 774.34,
                                                                            "Actual Rows": 8302408,
                                                                            "Actual Loops": 1
                                                                        }
                                                                    ]
                                                                },
                                                                {
                                                                    "Node Type": "Hash",
                                                                    "Parent Relationship": "Inner",
                                                                    "Parallel Aware": true,
                                                                    "Startup Cost": 68636.68,
                                                                    "Total Cost": 68636.68,
                                                                    "Plan Rows": 104,
                                                                    "Plan Width": 19,
                                                                    "Actual Startup Time": 155.97,
                                                                    "Actual Total Time": 155.971,
                                                                    "Actual Rows": 3391,
                                                                    "Actual Loops": 5,
                                                                    "Output": [
                                                                        "n.name",
                                                                        "n.id"
                                                                    ],
                                                                    "Hash Buckets": 16384,
                                                                    "Original Hash Buckets": 1024,
                                                                    "Hash Batches": 1,
                                                                    "Original Hash Batches": 1,
                                                                    "Peak Memory Usage": 1240,
                                                                    "Workers": [
                                                                        {
                                                                            "Worker Number": 0,
                                                                            "Actual Startup Time": 155.962,
                                                                            "Actual Total Time": 155.964,
                                                                            "Actual Rows": 3262,
                                                                            "Actual Loops": 1
                                                                        },
                                                                        {
                                                                            "Worker Number": 1,
                                                                            "Actual Startup Time": 155.976,
                                                                            "Actual Total Time": 155.978,
                                                                            "Actual Rows": 4290,
                                                                            "Actual Loops": 1
                                                                        },
                                                                        {
                                                                            "Worker Number": 2,
                                                                            "Actual Startup Time": 155.963,
                                                                            "Actual Total Time": 155.965,
                                                                            "Actual Rows": 2077,
                                                                            "Actual Loops": 1
                                                                        },
                                                                        {
                                                                            "Worker Number": 3,
                                                                            "Actual Startup Time": 155.987,
                                                                            "Actual Total Time": 155.989,
                                                                            "Actual Rows": 3498,
                                                                            "Actual Loops": 1
                                                                        }
                                                                    ],
                                                                    "Plans": [
                                                                        {
                                                                            "Node Type": "Seq Scan",
                                                                            "Parent Relationship": "Outer",
                                                                            "Parallel Aware": true,
                                                                            "Relation Name": "name",
                                                                            "Schema": "public",
                                                                            "Alias": "n",
                                                                            "Startup Cost": 0.0,
                                                                            "Total Cost": 68636.68,
                                                                            "Plan Rows": 104,
                                                                            "Plan Width": 19,
                                                                            "Actual Startup Time": 1.307,
                                                                            "Actual Total Time": 143.732,
                                                                            "Actual Rows": 3391,
                                                                            "Actual Loops": 5,
                                                                            "Output": [
                                                                                "n.name",
                                                                                "n.id"
                                                                            ],
                                                                            "Filter": "(n.name ~~ '%Smith,%'::text)",
                                                                            "Rows Removed by Filter": 830107,
                                                                            "Workers": [
                                                                                {
                                                                                    "Worker Number": 0,
                                                                                    "Actual Startup Time": 0.059,
                                                                                    "Actual Total Time": 151.877,
                                                                                    "Actual Rows": 3262,
                                                                                    "Actual Loops": 1
                                                                                },
                                                                                {
                                                                                    "Worker Number": 1,
                                                                                    "Actual Startup Time": 0.807,
                                                                                    "Actual Total Time": 152.028,
                                                                                    "Actual Rows": 4290,
                                                                                    "Actual Loops": 1
                                                                                },
                                                                                {
                                                                                    "Worker Number": 2,
                                                                                    "Actual Startup Time": 3.81,
                                                                                    "Actual Total Time": 131.295,
                                                                                    "Actual Rows": 2077,
                                                                                    "Actual Loops": 1
                                                                                },
                                                                                {
                                                                                    "Worker Number": 3,
                                                                                    "Actual Startup Time": 0.178,
                                                                                    "Actual Total Time": 131.466,
                                                                                    "Actual Rows": 3498,
                                                                                    "Actual Loops": 1
                                                                                }
                                                                            ]
                                                                        }
                                                                    ]
                                                                }
                                                            ]
                                                        },
                                                        {
                                                            "Node Type": "Hash",
                                                            "Parent Relationship": "Inner",
                                                            "Parallel Aware": true,
                                                            "Startup Cost": 46510.69,
                                                            "Total Cost": 46510.69,
                                                            "Plan Rows": 87,
                                                            "Plan Width": 20,
                                                            "Actual Startup Time": 225.136,
                                                            "Actual Total Time": 225.139,
                                                            "Actual Rows": 17721,
                                                            "Actual Loops": 5,
                                                            "Output": [
                                                                "k.keyword",
                                                                "mk.movie_id"
                                                            ],
                                                            "Hash Buckets": 131072,
                                                            "Original Hash Buckets": 1024,
                                                            "Hash Batches": 1,
                                                            "Original Hash Batches": 1,
                                                            "Peak Memory Usage": 6680,
                                                            "Workers": [
                                                                {
                                                                    "Worker Number": 0,
                                                                    "Actual Startup Time": 223.082,
                                                                    "Actual Total Time": 223.085,
                                                                    "Actual Rows": 19900,
                                                                    "Actual Loops": 1
                                                                },
                                                                {
                                                                    "Worker Number": 1,
                                                                    "Actual Startup Time": 222.837,
                                                                    "Actual Total Time": 222.84,
                                                                    "Actual Rows": 18437,
                                                                    "Actual Loops": 1
                                                                },
                                                                {
                                                                    "Worker Number": 2,
                                                                    "Actual Startup Time": 223.65,
                                                                    "Actual Total Time": 223.653,
                                                                    "Actual Rows": 12148,
                                                                    "Actual Loops": 1
                                                                },
                                                                {
                                                                    "Worker Number": 3,
                                                                    "Actual Startup Time": 223.585,
                                                                    "Actual Total Time": 223.589,
                                                                    "Actual Rows": 17957,
                                                                    "Actual Loops": 1
                                                                }
                                                            ],
                                                            "Plans": [
                                                                {
                                                                    "Node Type": "Hash Join",
                                                                    "Parent Relationship": "Outer",
                                                                    "Parallel Aware": false,
                                                                    "Join Type": "Inner",
                                                                    "Startup Cost": 3632.5,
                                                                    "Total Cost": 46510.69,
                                                                    "Plan Rows": 87,
                                                                    "Plan Width": 20,
                                                                    "Actual Startup Time": 43.258,
                                                                    "Actual Total Time": 189.13,
                                                                    "Actual Rows": 17721,
                                                                    "Actual Loops": 5,
                                                                    "Output": [
                                                                        "k.keyword",
                                                                        "mk.movie_id"
                                                                    ],
                                                                    "Inner Unique": true,
                                                                    "Hash Cond": "(mk.keyword_id = k.id)",
                                                                    "Workers": [
                                                                        {
                                                                            "Worker Number": 0,
                                                                            "Actual Startup Time": 37.513,
                                                                            "Actual Total Time": 189.738,
                                                                            "Actual Rows": 19900,
                                                                            "Actual Loops": 1
                                                                        },
                                                                        {
                                                                            "Worker Number": 1,
                                                                            "Actual Startup Time": 39.643,
                                                                            "Actual Total Time": 186.847,
                                                                            "Actual Rows": 18437,
                                                                            "Actual Loops": 1
                                                                        },
                                                                        {
                                                                            "Worker Number": 2,
                                                                            "Actual Startup Time": 56.551,
                                                                            "Actual Total Time": 194.082,
                                                                            "Actual Rows": 12148,
                                                                            "Actual Loops": 1
                                                                        },
                                                                        {
                                                                            "Worker Number": 3,
                                                                            "Actual Startup Time": 38.315,
                                                                            "Actual Total Time": 178.164,
                                                                            "Actual Rows": 17957,
                                                                            "Actual Loops": 1
                                                                        }
                                                                    ],
                                                                    "Plans": [
                                                                        {
                                                                            "Node Type": "Seq Scan",
                                                                            "Parent Relationship": "Outer",
                                                                            "Parallel Aware": true,
                                                                            "Relation Name": "movie_keyword",
                                                                            "Schema": "public",
                                                                            "Alias": "mk",
                                                                            "Startup Cost": 0.0,
                                                                            "Total Cost": 39047.32,
                                                                            "Plan Rows": 1459332,
                                                                            "Plan Width": 8,
                                                                            "Actual Startup Time": 0.054,
                                                                            "Actual Total Time": 80.453,
                                                                            "Actual Rows": 904786,
                                                                            "Actual Loops": 5,
                                                                            "Output": [
                                                                                "mk.id",
                                                                                "mk.movie_id",
                                                                                "mk.keyword_id"
                                                                            ],
                                                                            "Workers": [
                                                                                {
                                                                                    "Worker Number": 0,
                                                                                    "Actual Startup Time": 0.06,
                                                                                    "Actual Total Time": 83.256,
                                                                                    "Actual Rows": 1049875,
                                                                                    "Actual Loops": 1
                                                                                },
                                                                                {
                                                                                    "Worker Number": 1,
                                                                                    "Actual Startup Time": 0.066,
                                                                                    "Actual Total Time": 83.064,
                                                                                    "Actual Rows": 954785,
                                                                                    "Actual Loops": 1
                                                                                },
                                                                                {
                                                                                    "Worker Number": 2,
                                                                                    "Actual Startup Time": 0.063,
                                                                                    "Actual Total Time": 75.258,
                                                                                    "Actual Rows": 600140,
                                                                                    "Actual Loops": 1
                                                                                },
                                                                                {
                                                                                    "Worker Number": 3,
                                                                                    "Actual Startup Time": 0.061,
                                                                                    "Actual Total Time": 76.768,
                                                                                    "Actual Rows": 899040,
                                                                                    "Actual Loops": 1
                                                                                }
                                                                            ]
                                                                        },
                                                                        {
                                                                            "Node Type": "Hash",
                                                                            "Parent Relationship": "Inner",
                                                                            "Parallel Aware": false,
                                                                            "Startup Cost": 3632.4,
                                                                            "Total Cost": 3632.4,
                                                                            "Plan Rows": 8,
                                                                            "Plan Width": 20,
                                                                            "Actual Startup Time": 43.114,
                                                                            "Actual Total Time": 43.114,
                                                                            "Actual Rows": 8,
                                                                            "Actual Loops": 5,
                                                                            "Output": [
                                                                                "k.keyword",
                                                                                "k.id"
                                                                            ],
                                                                            "Hash Buckets": 1024,
                                                                            "Original Hash Buckets": 1024,
                                                                            "Hash Batches": 1,
                                                                            "Original Hash Batches": 1,
                                                                            "Peak Memory Usage": 9,
                                                                            "Workers": [
                                                                                {
                                                                                    "Worker Number": 0,
                                                                                    "Actual Startup Time": 37.396,
                                                                                    "Actual Total Time": 37.397,
                                                                                    "Actual Rows": 8,
                                                                                    "Actual Loops": 1
                                                                                },
                                                                                {
                                                                                    "Worker Number": 1,
                                                                                    "Actual Startup Time": 39.468,
                                                                                    "Actual Total Time": 39.469,
                                                                                    "Actual Rows": 8,
                                                                                    "Actual Loops": 1
                                                                                },
                                                                                {
                                                                                    "Worker Number": 2,
                                                                                    "Actual Startup Time": 56.352,
                                                                                    "Actual Total Time": 56.353,
                                                                                    "Actual Rows": 8,
                                                                                    "Actual Loops": 1
                                                                                },
                                                                                {
                                                                                    "Worker Number": 3,
                                                                                    "Actual Startup Time": 38.189,
                                                                                    "Actual Total Time": 38.191,
                                                                                    "Actual Rows": 8,
                                                                                    "Actual Loops": 1
                                                                                }
                                                                            ],
                                                                            "Plans": [
                                                                                {
                                                                                    "Node Type": "Seq Scan",
                                                                                    "Parent Relationship": "Outer",
                                                                                    "Parallel Aware": false,
                                                                                    "Relation Name": "keyword",
                                                                                    "Schema": "public",
                                                                                    "Alias": "k",
                                                                                    "Startup Cost": 0.0,
                                                                                    "Total Cost": 3632.4,
                                                                                    "Plan Rows": 8,
                                                                                    "Plan Width": 20,
                                                                                    "Actual Startup Time": 0.394,
                                                                                    "Actual Total Time": 43.079,
                                                                                    "Actual Rows": 8,
                                                                                    "Actual Loops": 5,
                                                                                    "Output": [
                                                                                        "k.keyword",
                                                                                        "k.id"
                                                                                    ],
                                                                                    "Filter": "(k.keyword = ANY ('{murder,based-on-comic,violence,based-on-novel,claw,fight,female-nudity,second-part}'::text[]))",
                                                                                    "Rows Removed by Filter": 134162,
                                                                                    "Workers": [
                                                                                        {
                                                                                            "Worker Number": 0,
                                                                                            "Actual Startup Time": 0.389,
                                                                                            "Actual Total Time": 37.361,
                                                                                            "Actual Rows": 8,
                                                                                            "Actual Loops": 1
                                                                                        },
                                                                                        {
                                                                                            "Worker Number": 1,
                                                                                            "Actual Startup Time": 0.407,
                                                                                            "Actual Total Time": 39.432,
                                                                                            "Actual Rows": 8,
                                                                                            "Actual Loops": 1
                                                                                        },
                                                                                        {
                                                                                            "Worker Number": 2,
                                                                                            "Actual Startup Time": 0.396,
                                                                                            "Actual Total Time": 56.316,
                                                                                            "Actual Rows": 8,
                                                                                            "Actual Loops": 1
                                                                                        },
                                                                                        {
                                                                                            "Worker Number": 3,
                                                                                            "Actual Startup Time": 0.394,
                                                                                            "Actual Total Time": 38.154,
                                                                                            "Actual Rows": 8,
                                                                                            "Actual Loops": 1
                                                                                        }
                                                                                    ]
                                                                                }
                                                                            ]
                                                                        }
                                                                    ]
                                                                }
                                                            ]
                                                        }
                                                    ]
                                                }
                                            ]
                                        }
                                    ]
                                }
                            ]
                        }
                    ]
                }
            ]
        },
        "Planning Time": 1320.178,
        "Triggers": [],
        "Execution Time": 2098.329
    }
]