[
  {
    "Plan": {
      "Node Type": "Aggregate",
      "Strategy": "Plain",
      "Partial Mode": "Finalize",
      "Parallel Aware": false,
      "Startup Cost": 287725.04,
      "Total Cost": 287725.05,
      "Plan Rows": 1,
      "Plan Width": 8,
      "Actual Startup Time": 139.646,
      "Actual Total Time": 146.921,
      "Actual Rows": 1,
      "Actual Loops": 1,
      "Plans": [
        {
          "Node Type": "Gather",
          "Parent Relationship": "Outer",
          "Parallel Aware": false,
          "Startup Cost": 287724.41,
          "Total Cost": 287725.02,
          "Plan Rows": 6,
          "Plan Width": 8,
          "Actual Startup Time": 138.994,
          "Actual Total Time": 146.913,
          "Actual Rows": 7,
          "Actual Loops": 1,
          "Workers Planned": 6,
          "Workers Launched": 6,
          "Single Copy": false,
          "Plans": [
            {
              "Node Type": "Aggregate",
              "Strategy": "Plain",
              "Partial Mode": "Partial",
              "Parent Relationship": "Outer",
              "Parallel Aware": false,
              "Startup Cost": 286724.41,
              "Total Cost": 286724.42,
              "Plan Rows": 1,
              "Plan Width": 8,
              "Actual Startup Time": 129.56,
              "Actual Total Time": 129.561,
              "Actual Rows": 1,
              "Actual Loops": 7,
              "Plans": [
                {
                  "Node Type": "Bitmap Heap Scan",
                  "Parent Relationship": "Outer",
                  "Parallel Aware": true,
                  "Relation Name": "cast_info",
                  "Alias": "ci",
                  "Startup Cost": 30576.72,
                  "Total Cost": 286147.63,
                  "Plan Rows": 230713,
                  "Plan Width": 0,
                  "Actual Startup Time": 60.177,
                  "Actual Total Time": 116.633,
                  "Actual Rows": 203291,
                  "Actual Loops": 7,
                  "Recheck Cond": "(person_id < 142937)",
                  "Rows Removed by Index Recheck": 0,
                  "Exact Heap Blocks": 4096,
                  "Lossy Heap Blocks": 0,
                  "Plans": [
                    {
                      "Node Type": "Bitmap Index Scan",
                      "Parent Relationship": "Outer",
                      "Parallel Aware": false,
                      "Index Name": "person_id_cast_info",
                      "Startup Cost": 0.0,
                      "Total Cost": 30230.65,
                      "Plan Rows": 1384278,
                      "Plan Width": 0,
                      "Actual Startup Time": 66.12,
                      "Actual Total Time": 66.12,
                      "Actual Rows": 1423035,
                      "Actual Loops": 1,
                      "Index Cond": "(person_id < 142937)"
                    }
                  ]
                }
              ]
            }
          ]
        }
      ]
    },
    "Planning Time": 0.21,
    "Triggers": [],
    "Execution Time": 146.999
  }
]