{
  "Plan": {
    "Node Type": "Aggregate",
    "Strategy": "Plain",
    "Partial Mode": "Finalize",
    "Parallel Aware": false,
    "Startup Cost": 92205.99,
    "Total Cost": 92206.0,
    "Plan Rows": 1,
    "Plan Width": 8,
    "Actual Startup Time": 365.97,
    "Actual Total Time": 395.719,
    "Actual Rows": 1,
    "Actual Loops": 1,
    "Plans": [
      {
        "Node Type": "Gather",
        "Parent Relationship": "Outer",
        "Parallel Aware": false,
        "Startup Cost": 92205.87,
        "Total Cost": 92205.98,
        "Plan Rows": 1,
        "Plan Width": 8,
        "Actual Startup Time": 365.157,
        "Actual Total Time": 395.711,
        "Actual Rows": 2,
        "Actual Loops": 1,
        "Workers Planned": 1,
        "Workers Launched": 1,
        "Single Copy": false,
        "Plans": [
          {
            "Node Type": "Aggregate",
            "Strategy": "Plain",
            "Partial Mode": "Partial",
            "Parent Relationship": "Outer",
            "Parallel Aware": false,
            "Startup Cost": 91205.87,
            "Total Cost": 91205.88,
            "Plan Rows": 1,
            "Plan Width": 8,
            "Actual Startup Time": 359.272,
            "Actual Total Time": 359.276,
            "Actual Rows": 1,
            "Actual Loops": 2,
            "Plans": [
              {
                "Node Type": "Nested Loop",
                "Parent Relationship": "Outer",
                "Parallel Aware": false,
                "Join Type": "Inner",
                "Startup Cost": 53867.69,
                "Total Cost": 91086.02,
                "Plan Rows": 47941,
                "Plan Width": 0,
                "Actual Startup Time": 134.308,
                "Actual Total Time": 348.291,
                "Actual Rows": 247398,
                "Actual Loops": 2,
                "Inner Unique": false,
                "Join Filter": "(t.id = mi.movie_id)",
                "Rows Removed by Join Filter": 0,
                "Plans": [
                  {
                    "Node Type": "Hash Join",
                    "Parent Relationship": "Outer",
                    "Parallel Aware": true,
                    "Join Type": "Inner",
                    "Startup Cost": 53867.26,
                    "Total Cost": 72051.04,
                    "Plan Rows": 8199,
                    "Plan Width": 8,
                    "Actual Startup Time": 134.238,
                    "Actual Total Time": 194.657,
                    "Actual Rows": 10755,
                    "Actual Loops": 2,
                    "Inner Unique": true,
                    "Hash Cond": "(mi_idx.movie_id = t.id)",
                    "Plans": [
                      {
                        "Node Type": "Seq Scan",
                        "Parent Relationship": "Outer",
                        "Parallel Aware": true,
                        "Relation Name": "movie_info_idx",
                        "Alias": "mi_idx",
                        "Startup Cost": 0.0,
                        "Total Cost": 16052.85,
                        "Plan Rows": 811785,
                        "Plan Width": 4,
                        "Actual Startup Time": 0.02,
                        "Actual Total Time": 45.959,
                        "Actual Rows": 690018,
                        "Actual Loops": 2
                      },
                      {
                        "Node Type": "Hash",
                        "Parent Relationship": "Inner",
                        "Parallel Aware": true,
                        "Startup Cost": 53679.49,
                        "Total Cost": 53679.49,
                        "Plan Rows": 15021,
                        "Plan Width": 4,
                        "Actual Startup Time": 96.167,
                        "Actual Total Time": 96.169,
                        "Actual Rows": 7728,
                        "Actual Loops": 2,
                        "Hash Buckets": 32768,
                        "Original Hash Buckets": 32768,
                        "Hash Batches": 1,
                        "Original Hash Batches": 1,
                        "Peak Memory Usage": 896,
                        "Plans": [
                          {
                            "Node Type": "Bitmap Heap Scan",
                            "Parent Relationship": "Outer",
                            "Parallel Aware": true,
                            "Relation Name": "title",
                            "Alias": "t",
                            "Startup Cost": 11829.23,
                            "Total Cost": 53679.49,
                            "Plan Rows": 15021,
                            "Plan Width": 4,
                            "Actual Startup Time": 38.692,
                            "Actual Total Time": 93.93,
                            "Actual Rows": 7728,
                            "Actual Loops": 2,
                            "Recheck Cond": "(kind_id = 1)",
                            "Rows Removed by Index Recheck": 0,
                            "Filter": "(production_year = 2005)",
                            "Rows Removed by Filter": 323684,
                            "Exact Heap Blocks": 9436,
                            "Lossy Heap Blocks": 0,
                            "Plans": [
                              {
                                "Node Type": "Bitmap Index Scan",
                                "Parent Relationship": "Outer",
                                "Parallel Aware": false,
                                "Index Name": "kind_id_title",
                                "Startup Cost": 0.0,
                                "Total Cost": 11822.85,
                                "Plan Rows": 663256,
                                "Plan Width": 0,
                                "Actual Startup Time": 40.94,
                                "Actual Total Time": 40.94,
                                "Actual Rows": 662825,
                                "Actual Loops": 1,
                                "Index Cond": "(kind_id = 1)"
                              }
                            ]
                          }
                        ]
                      }
                    ]
                  },
                  {
                    "Node Type": "Index Only Scan",
                    "Parent Relationship": "Inner",
                    "Parallel Aware": false,
                    "Scan Direction": "Forward",
                    "Index Name": "movie_id_movie_info",
                    "Relation Name": "movie_info",
                    "Alias": "mi",
                    "Startup Cost": 0.43,
                    "Total Cost": 1.8,
                    "Plan Rows": 42,
                    "Plan Width": 4,
                    "Actual Startup Time": 0.004,
                    "Actual Total Time": 0.012,
                    "Actual Rows": 23,
                    "Actual Loops": 21510,
                    "Index Cond": "(movie_id = mi_idx.movie_id)",
                    "Rows Removed by Index Recheck": 0,
                    "Heap Fetches": 494795
                  }
                ]
              }
            ]
          }
        ]
      }
    ]
  },
  "Planning Time": 0.984,
  "Triggers": [],
  "Execution Time": 395.826
}