{
  "Plan": {
    "Node Type": "Aggregate",
    "Strategy": "Plain",
    "Partial Mode": "Finalize",
    "Parallel Aware": false,
    "Startup Cost": 650184.37,
    "Total Cost": 650184.38,
    "Plan Rows": 1,
    "Plan Width": 8,
    "Actual Startup Time": 3716.472,
    "Actual Total Time": 3765.578,
    "Actual Rows": 1,
    "Actual Loops": 1,
    "Plans": [
      {
        "Node Type": "Gather",
        "Parent Relationship": "Outer",
        "Parallel Aware": false,
        "Startup Cost": 650184.26,
        "Total Cost": 650184.37,
        "Plan Rows": 1,
        "Plan Width": 8,
        "Actual Startup Time": 3711.382,
        "Actual Total Time": 3765.568,
        "Actual Rows": 2,
        "Actual Loops": 1,
        "Workers Planned": 1,
        "Workers Launched": 1,
        "Single Copy": false,
        "Plans": [
          {
            "Node Type": "Aggregate",
            "Strategy": "Plain",
            "Partial Mode": "Partial",
            "Parent Relationship": "Outer",
            "Parallel Aware": false,
            "Startup Cost": 649184.26,
            "Total Cost": 649184.27,
            "Plan Rows": 1,
            "Plan Width": 8,
            "Actual Startup Time": 3703.645,
            "Actual Total Time": 3703.65,
            "Actual Rows": 1,
            "Actual Loops": 2,
            "Plans": [
              {
                "Node Type": "Hash Join",
                "Parent Relationship": "Outer",
                "Parallel Aware": true,
                "Join Type": "Inner",
                "Startup Cost": 110602.87,
                "Total Cost": 647672.32,
                "Plan Rows": 604778,
                "Plan Width": 0,
                "Actual Startup Time": 582.051,
                "Actual Total Time": 3626.724,
                "Actual Rows": 1721695,
                "Actual Loops": 2,
                "Inner Unique": false,
                "Hash Cond": "(t.id = mc.movie_id)",
                "Plans": [
                  {
                    "Node Type": "Hash Join",
                    "Parent Relationship": "Outer",
                    "Parallel Aware": true,
                    "Join Type": "Inner",
                    "Startup Cost": 60027.72,
                    "Total Cost": 587962.91,
                    "Plan Rows": 892279,
                    "Plan Width": 8,
                    "Actual Startup Time": 197.584,
                    "Actual Total Time": 2730.394,
                    "Actual Rows": 763940,
                    "Actual Loops": 2,
                    "Inner Unique": true,
                    "Hash Cond": "(ci.movie_id = t.id)",
                    "Plans": [
                      {
                        "Node Type": "Index Scan",
                        "Parent Relationship": "Outer",
                        "Parallel Aware": true,
                        "Scan Direction": "Forward",
                        "Index Name": "role_id_cast_info",
                        "Relation Name": "cast_info",
                        "Alias": "ci",
                        "Startup Cost": 0.56,
                        "Total Cost": 502630.18,
                        "Plan Rows": 9640203,
                        "Plan Width": 4,
                        "Actual Startup Time": 0.178,
                        "Actual Total Time": 1137.393,
                        "Actual Rows": 8060842,
                        "Actual Loops": 2,
                        "Index Cond": "(role_id > 2)",
                        "Rows Removed by Index Recheck": 0
                      },
                      {
                        "Node Type": "Hash",
                        "Parent Relationship": "Inner",
                        "Parallel Aware": true,
                        "Startup Cost": 58306.47,
                        "Total Cost": 58306.47,
                        "Plan Rows": 137655,
                        "Plan Width": 4,
                        "Actual Startup Time": 196.883,
                        "Actual Total Time": 196.883,
                        "Actual Rows": 174822,
                        "Actual Loops": 2,
                        "Hash Buckets": 524288,
                        "Original Hash Buckets": 262144,
                        "Hash Batches": 1,
                        "Original Hash Batches": 1,
                        "Peak Memory Usage": 19840,
                        "Plans": [
                          {
                            "Node Type": "Seq Scan",
                            "Parent Relationship": "Outer",
                            "Parallel Aware": true,
                            "Relation Name": "title",
                            "Alias": "t",
                            "Startup Cost": 0.0,
                            "Total Cost": 58306.47,
                            "Plan Rows": 137655,
                            "Plan Width": 4,
                            "Actual Startup Time": 0.049,
                            "Actual Total Time": 149.746,
                            "Actual Rows": 174822,
                            "Actual Loops": 2,
                            "Filter": "((kind_id < 7) AND (production_year < 1986))",
                            "Rows Removed by Filter": 1089334
                          }
                        ]
                      }
                    ]
                  },
                  {
                    "Node Type": "Hash",
                    "Parent Relationship": "Inner",
                    "Parallel Aware": true,
                    "Startup Cost": 37974.77,
                    "Total Cost": 37974.77,
                    "Plan Rows": 1008030,
                    "Plan Width": 4,
                    "Actual Startup Time": 370.134,
                    "Actual Total Time": 370.135,
                    "Actual Rows": 849897,
                    "Actual Loops": 2,
                    "Hash Buckets": 2097152,
                    "Original Hash Buckets": 2097152,
                    "Hash Batches": 1,
                    "Original Hash Batches": 1,
                    "Peak Memory Usage": 82912,
                    "Plans": [
                      {
                        "Node Type": "Seq Scan",
                        "Parent Relationship": "Outer",
                        "Parallel Aware": true,
                        "Relation Name": "movie_companies",
                        "Alias": "mc",
                        "Startup Cost": 0.0,
                        "Total Cost": 37974.77,
                        "Plan Rows": 1008030,
                        "Plan Width": 4,
                        "Actual Startup Time": 0.036,
                        "Actual Total Time": 162.054,
                        "Actual Rows": 849897,
                        "Actual Loops": 2,
                        "Filter": "(company_id < 20879)",
                        "Rows Removed by Filter": 454668
                      }
                    ]
                  }
                ]
              }
            ]
          }
        ]
      }
    ]
  },
  "Planning Time": 0.97,
  "Triggers": [],
  "Execution Time": 3765.668
}