[
  {
    "Plan": {
      "Node Type": "Aggregate",
      "Strategy": "Plain",
      "Partial Mode": "Finalize",
      "Parallel Aware": false,
      "Startup Cost": 31109.34,
      "Total Cost": 31109.35,
      "Plan Rows": 1,
      "Plan Width": 8,
      "Actual Startup Time": 107.576,
      "Actual Total Time": 116.309,
      "Actual Rows": 1,
      "Actual Loops": 1,
      "Plans": [
        {
          "Node Type": "Gather",
          "Parent Relationship": "Outer",
          "Parallel Aware": false,
          "Startup Cost": 31109.03,
          "Total Cost": 31109.34,
          "Plan Rows": 3,
          "Plan Width": 8,
          "Actual Startup Time": 107.451,
          "Actual Total Time": 116.298,
          "Actual Rows": 4,
          "Actual Loops": 1,
          "Workers Planned": 3,
          "Workers Launched": 3,
          "Single Copy": false,
          "Plans": [
            {
              "Node Type": "Aggregate",
              "Strategy": "Plain",
              "Partial Mode": "Partial",
              "Parent Relationship": "Outer",
              "Parallel Aware": false,
              "Startup Cost": 30109.03,
              "Total Cost": 30109.04,
              "Plan Rows": 1,
              "Plan Width": 8,
              "Actual Startup Time": 99.127,
              "Actual Total Time": 99.128,
              "Actual Rows": 1,
              "Actual Loops": 4,
              "Plans": [
                {
                  "Node Type": "Seq Scan",
                  "Parent Relationship": "Outer",
                  "Parallel Aware": true,
                  "Relation Name": "movie_companies",
                  "Alias": "mc",
                  "Startup Cost": 0.0,
                  "Total Cost": 29310.68,
                  "Plan Rows": 319338,
                  "Plan Width": 0,
                  "Actual Startup Time": 0.064,
                  "Actual Total Time": 82.949,
                  "Actual Rows": 248710,
                  "Actual Loops": 4,
                  "Filter": "(company_id < 4625)",
                  "Rows Removed by Filter": 403572
                }
              ]
            }
          ]
        }
      ]
    },
    "Planning Time": 0.197,
    "Triggers": [],
    "Execution Time": 116.364
  }
]