[
  {
    "Plan": {
      "Node Type": "Aggregate",
      "Strategy": "Plain",
      "Partial Mode": "Finalize",
      "Parallel Aware": false,
      "Startup Cost": 46422.23,
      "Total Cost": 46422.24,
      "Plan Rows": 1,
      "Plan Width": 8,
      "Actual Startup Time": 230.413,
      "Actual Total Time": 246.386,
      "Actual Rows": 1,
      "Actual Loops": 1,
      "Plans": [
        {
          "Node Type": "Gather",
          "Parent Relationship": "Outer",
          "Parallel Aware": false,
          "Startup Cost": 46421.91,
          "Total Cost": 46422.22,
          "Plan Rows": 3,
          "Plan Width": 8,
          "Actual Startup Time": 230.241,
          "Actual Total Time": 246.371,
          "Actual Rows": 4,
          "Actual Loops": 1,
          "Workers Planned": 3,
          "Workers Launched": 3,
          "Single Copy": false,
          "Plans": [
            {
              "Node Type": "Aggregate",
              "Strategy": "Plain",
              "Partial Mode": "Partial",
              "Parent Relationship": "Outer",
              "Parallel Aware": false,
              "Startup Cost": 45421.91,
              "Total Cost": 45421.92,
              "Plan Rows": 1,
              "Plan Width": 8,
              "Actual Startup Time": 224.74,
              "Actual Total Time": 224.743,
              "Actual Rows": 1,
              "Actual Loops": 4,
              "Plans": [
                {
                  "Node Type": "Seq Scan",
                  "Parent Relationship": "Outer",
                  "Parallel Aware": true,
                  "Relation Name": "movie_keyword",
                  "Alias": "mk",
                  "Startup Cost": 0.0,
                  "Total Cost": 42695.65,
                  "Plan Rows": 1090503,
                  "Plan Width": 0,
                  "Actual Startup Time": 0.094,
                  "Actual Total Time": 170.608,
                  "Actual Rows": 843284,
                  "Actual Loops": 4,
                  "Filter": "(keyword_id > 1322)",
                  "Rows Removed by Filter": 287698
                }
              ]
            }
          ]
        }
      ]
    },
    "Planning Time": 0.105,
    "Triggers": [],
    "Execution Time": 246.425
  }
]