[
  {
    "Plan": {
      "Node Type": "Aggregate",
      "Strategy": "Plain",
      "Partial Mode": "Finalize",
      "Parallel Aware": false,
      "Startup Cost": 290109.13,
      "Total Cost": 290109.14,
      "Plan Rows": 1,
      "Plan Width": 8,
      "Actual Startup Time": 1560.126,
      "Actual Total Time": 1619.704,
      "Actual Rows": 1,
      "Actual Loops": 1,
      "Plans": [
        {
          "Node Type": "Gather",
          "Parent Relationship": "Outer",
          "Parallel Aware": false,
          "Startup Cost": 290108.61,
          "Total Cost": 290109.12,
          "Plan Rows": 5,
          "Plan Width": 8,
          "Actual Startup Time": 1550.486,
          "Actual Total Time": 1619.692,
          "Actual Rows": 6,
          "Actual Loops": 1,
          "Workers Planned": 5,
          "Workers Launched": 5,
          "Single Copy": false,
          "Plans": [
            {
              "Node Type": "Aggregate",
              "Strategy": "Plain",
              "Partial Mode": "Partial",
              "Parent Relationship": "Outer",
              "Parallel Aware": false,
              "Startup Cost": 289108.61,
              "Total Cost": 289108.62,
              "Plan Rows": 1,
              "Plan Width": 8,
              "Actual Startup Time": 1543.34,
              "Actual Total Time": 1543.615,
              "Actual Rows": 1,
              "Actual Loops": 6,
              "Plans": [
                {
                  "Node Type": "Hash Join",
                  "Parent Relationship": "Outer",
                  "Parallel Aware": true,
                  "Join Type": "Inner",
                  "Startup Cost": 79031.32,
                  "Total Cost": 287971.18,
                  "Plan Rows": 454970,
                  "Plan Width": 0,
                  "Actual Startup Time": 355.382,
                  "Actual Total Time": 1397.341,
                  "Actual Rows": 2504124,
                  "Actual Loops": 6,
                  "Inner Unique": false,
                  "Hash Cond": "(mi.movie_id = t.id)",
                  "Plans": [
                    {
                      "Node Type": "Seq Scan",
                      "Parent Relationship": "Outer",
                      "Parallel Aware": true,
                      "Relation Name": "movie_info",
                      "Alias": "mi",
                      "Startup Cost": 0.0,
                      "Total Cost": 199108.24,
                      "Plan Rows": 2230394,
                      "Plan Width": 4,
                      "Actual Startup Time": 0.039,
                      "Actual Total Time": 412.73,
                      "Actual Rows": 1868457,
                      "Actual Loops": 6,
                      "Filter": "(info_type_id > 3)",
                      "Rows Removed by Filter": 604163
                    },
                    {
                      "Node Type": "Hash",
                      "Parent Relationship": "Inner",
                      "Parallel Aware": true,
                      "Startup Cost": 76951.64,
                      "Total Cost": 76951.64,
                      "Plan Rows": 166375,
                      "Plan Width": 8,
                      "Actual Startup Time": 352.766,
                      "Actual Total Time": 353.039,
                      "Actual Rows": 131247,
                      "Actual Loops": 6,
                      "Hash Buckets": 1048576,
                      "Original Hash Buckets": 524288,
                      "Hash Batches": 1,
                      "Original Hash Batches": 1,
                      "Peak Memory Usage": 43136,
                      "Plans": [
                        {
                          "Node Type": "Hash Join",
                          "Parent Relationship": "Outer",
                          "Parallel Aware": true,
                          "Join Type": "Inner",
                          "Startup Cost": 45991.9,
                          "Total Cost": 76951.64,
                          "Plan Rows": 166375,
                          "Plan Width": 8,
                          "Actual Startup Time": 138.779,
                          "Actual Total Time": 291.48,
                          "Actual Rows": 131247,
                          "Actual Loops": 6,
                          "Inner Unique": true,
                          "Hash Cond": "(mc.movie_id = t.id)",
                          "Plans": [
                            {
                              "Node Type": "Seq Scan",
                              "Parent Relationship": "Outer",
                              "Parallel Aware": true,
                              "Relation Name": "movie_companies",
                              "Alias": "mc",
                              "Startup Cost": 0.0,
                              "Total Cost": 29310.68,
                              "Plan Rows": 628213,
                              "Plan Width": 4,
                              "Actual Startup Time": 0.177,
                              "Actual Total Time": 63.18,
                              "Actual Rows": 325463,
                              "Actual Loops": 6,
                              "Filter": "(company_id > 917)",
                              "Rows Removed by Filter": 109392
                            },
                            {
                              "Node Type": "Hash",
                              "Parent Relationship": "Inner",
                              "Parallel Aware": true,
                              "Startup Cost": 43899.32,
                              "Total Cost": 43899.32,
                              "Plan Rows": 167406,
                              "Plan Width": 4,
                              "Actual Startup Time": 137.215,
                              "Actual Total Time": 137.216,
                              "Actual Rows": 114024,
                              "Actual Loops": 6,
                              "Hash Buckets": 1048576,
                              "Original Hash Buckets": 1048576,
                              "Hash Batches": 1,
                              "Original Hash Batches": 1,
                              "Peak Memory Usage": 35040,
                              "Plans": [
                                {
                                  "Node Type": "Seq Scan",
                                  "Parent Relationship": "Outer",
                                  "Parallel Aware": true,
                                  "Relation Name": "title",
                                  "Alias": "t",
                                  "Startup Cost": 0.0,
                                  "Total Cost": 43899.32,
                                  "Plan Rows": 167406,
                                  "Plan Width": 4,
                                  "Actual Startup Time": 0.033,
                                  "Actual Total Time": 83.654,
                                  "Actual Rows": 114024,
                                  "Actual Loops": 6,
                                  "Filter": "(production_year < 1990)",
                                  "Rows Removed by Filter": 307361
                                }
                              ]
                            }
                          ]
                        }
                      ]
                    }
                  ]
                }
              ]
            }
          ]
        }
      ]
    },
    "Planning Time": 0.548,
    "Triggers": [],
    "Execution Time": 1619.763
  }
]