[
  {
    "Plan": {
      "Node Type": "Aggregate",
      "Strategy": "Plain",
      "Partial Mode": "Finalize",
      "Parallel Aware": false,
      "Startup Cost": 112853.93,
      "Total Cost": 112853.94,
      "Plan Rows": 1,
      "Plan Width": 8,
      "Actual Startup Time": 501.288,
      "Actual Total Time": 543.865,
      "Actual Rows": 1,
      "Actual Loops": 1,
      "Plans": [
        {
          "Node Type": "Gather",
          "Parent Relationship": "Outer",
          "Parallel Aware": false,
          "Startup Cost": 112853.51,
          "Total Cost": 112853.92,
          "Plan Rows": 4,
          "Plan Width": 8,
          "Actual Startup Time": 500.145,
          "Actual Total Time": 543.854,
          "Actual Rows": 5,
          "Actual Loops": 1,
          "Workers Planned": 4,
          "Workers Launched": 4,
          "Single Copy": false,
          "Plans": [
            {
              "Node Type": "Aggregate",
              "Strategy": "Plain",
              "Partial Mode": "Partial",
              "Parent Relationship": "Outer",
              "Parallel Aware": false,
              "Startup Cost": 111853.51,
              "Total Cost": 111853.52,
              "Plan Rows": 1,
              "Plan Width": 8,
              "Actual Startup Time": 489.509,
              "Actual Total Time": 489.513,
              "Actual Rows": 1,
              "Actual Loops": 5,
              "Plans": [
                {
                  "Node Type": "Nested Loop",
                  "Parent Relationship": "Outer",
                  "Parallel Aware": false,
                  "Join Type": "Inner",
                  "Startup Cost": 22788.77,
                  "Total Cost": 111823.4,
                  "Plan Rows": 12044,
                  "Plan Width": 0,
                  "Actual Startup Time": 145.273,
                  "Actual Total Time": 487.631,
                  "Actual Rows": 19203,
                  "Actual Loops": 5,
                  "Inner Unique": false,
                  "Plans": [
                    {
                      "Node Type": "Hash Join",
                      "Parent Relationship": "Outer",
                      "Parallel Aware": true,
                      "Join Type": "Inner",
                      "Startup Cost": 22788.33,
                      "Total Cost": 69004.22,
                      "Plan Rows": 23821,
                      "Plan Width": 8,
                      "Actual Startup Time": 145.194,
                      "Actual Total Time": 203.053,
                      "Actual Rows": 18074,
                      "Actual Loops": 5,
                      "Inner Unique": false,
                      "Hash Cond": "(t.id = mc.movie_id)",
                      "Plans": [
                        {
                          "Node Type": "Seq Scan",
                          "Parent Relationship": "Outer",
                          "Parallel Aware": true,
                          "Relation Name": "title",
                          "Alias": "t",
                          "Startup Cost": 0.0,
                          "Total Cost": 43898.92,
                          "Plan Rows": 448026,
                          "Plan Width": 4,
                          "Actual Startup Time": 0.017,
                          "Actual Total Time": 86.788,
                          "Actual Rows": 358831,
                          "Actual Loops": 5,
                          "Filter": "(production_year < 2009)",
                          "Rows Removed by Filter": 146832
                        },
                        {
                          "Node Type": "Hash",
                          "Parent Relationship": "Inner",
                          "Parallel Aware": true,
                          "Startup Cost": 22246.28,
                          "Total Cost": 22246.28,
                          "Plan Rows": 43364,
                          "Plan Width": 4,
                          "Actual Startup Time": 48.104,
                          "Actual Total Time": 48.105,
                          "Actual Rows": 26158,
                          "Actual Loops": 5,
                          "Hash Buckets": 262144,
                          "Original Hash Buckets": 262144,
                          "Hash Batches": 1,
                          "Original Hash Batches": 1,
                          "Peak Memory Usage": 7232,
                          "Plans": [
                            {
                              "Node Type": "Bitmap Heap Scan",
                              "Parent Relationship": "Outer",
                              "Parallel Aware": true,
                              "Relation Name": "movie_companies",
                              "Alias": "mc",
                              "Startup Cost": 2914.24,
                              "Total Cost": 22246.28,
                              "Plan Rows": 43364,
                              "Plan Width": 4,
                              "Actual Startup Time": 12.044,
                              "Actual Total Time": 34.523,
                              "Actual Rows": 26158,
                              "Actual Loops": 5,
                              "Recheck Cond": "(company_id > 140871)",
                              "Rows Removed by Index Recheck": 0,
                              "Exact Heap Blocks": 1410,
                              "Lossy Heap Blocks": 0,
                              "Plans": [
                                {
                                  "Node Type": "Bitmap Index Scan",
                                  "Parent Relationship": "Outer",
                                  "Parallel Aware": false,
                                  "Index Name": "company_id_movie_companies",
                                  "Startup Cost": 0.0,
                                  "Total Cost": 2880.63,
                                  "Plan Rows": 134427,
                                  "Plan Width": 0,
                                  "Actual Startup Time": 14.417,
                                  "Actual Total Time": 14.417,
                                  "Actual Rows": 130790,
                                  "Actual Loops": 1,
                                  "Index Cond": "(company_id > 140871)"
                                }
                              ]
                            }
                          ]
                        }
                      ]
                    },
                    {
                      "Node Type": "Index Scan",
                      "Parent Relationship": "Inner",
                      "Parallel Aware": false,
                      "Scan Direction": "Forward",
                      "Index Name": "movie_id_movie_info",
                      "Relation Name": "movie_info",
                      "Alias": "mi",
                      "Startup Cost": 0.43,
                      "Total Cost": 1.76,
                      "Plan Rows": 4,
                      "Plan Width": 4,
                      "Actual Startup Time": 0.006,
                      "Actual Total Time": 0.015,
                      "Actual Rows": 1,
                      "Actual Loops": 90368,
                      "Index Cond": "(movie_id = t.id)",
                      "Rows Removed by Index Recheck": 0,
                      "Filter": "(info_type_id = 4)",
                      "Rows Removed by Filter": 18
                    }
                  ]
                }
              ]
            }
          ]
        }
      ]
    },
    "Planning Time": 1.556,
    "Triggers": [],
    "Execution Time": 543.996
  }
]