[
  {
    "Plan": {
      "Node Type": "Aggregate",
      "Strategy": "Plain",
      "Partial Mode": "Finalize",
      "Parallel Aware": false,
      "Startup Cost": 389522.62,
      "Total Cost": 389522.63,
      "Plan Rows": 1,
      "Plan Width": 8,
      "Actual Startup Time": 1302.587,
      "Actual Total Time": 1332.599,
      "Actual Rows": 1,
      "Actual Loops": 1,
      "Plans": [
        {
          "Node Type": "Gather",
          "Parent Relationship": "Outer",
          "Parallel Aware": false,
          "Startup Cost": 389522.0,
          "Total Cost": 389522.61,
          "Plan Rows": 6,
          "Plan Width": 8,
          "Actual Startup Time": 1297.439,
          "Actual Total Time": 1332.588,
          "Actual Rows": 7,
          "Actual Loops": 1,
          "Workers Planned": 6,
          "Workers Launched": 6,
          "Single Copy": false,
          "Plans": [
            {
              "Node Type": "Aggregate",
              "Strategy": "Plain",
              "Partial Mode": "Partial",
              "Parent Relationship": "Outer",
              "Parallel Aware": false,
              "Startup Cost": 388522.0,
              "Total Cost": 388522.01,
              "Plan Rows": 1,
              "Plan Width": 8,
              "Actual Startup Time": 1289.148,
              "Actual Total Time": 1289.151,
              "Actual Rows": 1,
              "Actual Loops": 7,
              "Plans": [
                {
                  "Node Type": "Hash Join",
                  "Parent Relationship": "Outer",
                  "Parallel Aware": true,
                  "Join Type": "Inner",
                  "Startup Cost": 47512.75,
                  "Total Cost": 386002.99,
                  "Plan Rows": 1007604,
                  "Plan Width": 0,
                  "Actual Startup Time": 297.527,
                  "Actual Total Time": 1258.904,
                  "Actual Rows": 623582,
                  "Actual Loops": 7,
                  "Inner Unique": true,
                  "Hash Cond": "(ci.movie_id = t.id)",
                  "Plans": [
                    {
                      "Node Type": "Seq Scan",
                      "Parent Relationship": "Outer",
                      "Parallel Aware": true,
                      "Relation Name": "cast_info",
                      "Alias": "ci",
                      "Startup Cost": 0.0,
                      "Total Cost": 328213.62,
                      "Plan Rows": 3914897,
                      "Plan Width": 4,
                      "Actual Startup Time": 187.416,
                      "Actual Total Time": 619.83,
                      "Actual Rows": 3367665,
                      "Actual Loops": 7,
                      "Filter": "(role_id > 1)",
                      "Rows Removed by Filter": 1810098
                    },
                    {
                      "Node Type": "Hash",
                      "Parent Relationship": "Inner",
                      "Parallel Aware": true,
                      "Startup Cost": 45479.21,
                      "Total Cost": 45479.21,
                      "Plan Rows": 162683,
                      "Plan Width": 4,
                      "Actual Startup Time": 107.011,
                      "Actual Total Time": 107.012,
                      "Actual Rows": 79542,
                      "Actual Loops": 7,
                      "Hash Buckets": 1048576,
                      "Original Hash Buckets": 1048576,
                      "Hash Batches": 1,
                      "Original Hash Batches": 1,
                      "Peak Memory Usage": 30080,
                      "Plans": [
                        {
                          "Node Type": "Seq Scan",
                          "Parent Relationship": "Outer",
                          "Parallel Aware": true,
                          "Relation Name": "title",
                          "Alias": "t",
                          "Startup Cost": 0.0,
                          "Total Cost": 45479.21,
                          "Plan Rows": 162683,
                          "Plan Width": 4,
                          "Actual Startup Time": 0.028,
                          "Actual Total Time": 68.506,
                          "Actual Rows": 79542,
                          "Actual Loops": 7,
                          "Filter": "((production_year < 2001) AND (kind_id = 7))",
                          "Rows Removed by Filter": 281645
                        }
                      ]
                    }
                  ]
                }
              ]
            }
          ]
        }
      ]
    },
    "Planning Time": 0.526,
    "Triggers": [],
    "Execution Time": 1332.66
  }
]