[
  {
    "Plan": {
      "Node Type": "Aggregate",
      "Strategy": "Plain",
      "Partial Mode": "Finalize",
      "Parallel Aware": false,
      "Startup Cost": 27599.96,
      "Total Cost": 27599.97,
      "Plan Rows": 1,
      "Plan Width": 8,
      "Actual Startup Time": 73.332,
      "Actual Total Time": 83.818,
      "Actual Rows": 1,
      "Actual Loops": 1,
      "Plans": [
        {
          "Node Type": "Gather",
          "Parent Relationship": "Outer",
          "Parallel Aware": false,
          "Startup Cost": 27599.74,
          "Total Cost": 27599.95,
          "Plan Rows": 2,
          "Plan Width": 8,
          "Actual Startup Time": 73.185,
          "Actual Total Time": 83.812,
          "Actual Rows": 3,
          "Actual Loops": 1,
          "Workers Planned": 2,
          "Workers Launched": 2,
          "Single Copy": false,
          "Plans": [
            {
              "Node Type": "Aggregate",
              "Strategy": "Plain",
              "Partial Mode": "Partial",
              "Parent Relationship": "Outer",
              "Parallel Aware": false,
              "Startup Cost": 26599.74,
              "Total Cost": 26599.75,
              "Plan Rows": 1,
              "Plan Width": 8,
              "Actual Startup Time": 65.015,
              "Actual Total Time": 65.016,
              "Actual Rows": 1,
              "Actual Loops": 3,
              "Plans": [
                {
                  "Node Type": "Nested Loop",
                  "Parent Relationship": "Outer",
                  "Parallel Aware": false,
                  "Join Type": "Inner",
                  "Startup Cost": 106.36,
                  "Total Cost": 26598.01,
                  "Plan Rows": 694,
                  "Plan Width": 0,
                  "Actual Startup Time": 2.847,
                  "Actual Total Time": 63.44,
                  "Actual Rows": 18766,
                  "Actual Loops": 3,
                  "Inner Unique": false,
                  "Plans": [
                    {
                      "Node Type": "Nested Loop",
                      "Parent Relationship": "Outer",
                      "Parallel Aware": false,
                      "Join Type": "Inner",
                      "Startup Cost": 105.93,
                      "Total Cost": 25727.73,
                      "Plan Rows": 119,
                      "Plan Width": 8,
                      "Actual Startup Time": 2.679,
                      "Actual Total Time": 20.305,
                      "Actual Rows": 1608,
                      "Actual Loops": 3,
                      "Inner Unique": true,
                      "Plans": [
                        {
                          "Node Type": "Bitmap Heap Scan",
                          "Parent Relationship": "Outer",
                          "Parallel Aware": true,
                          "Relation Name": "movie_companies",
                          "Alias": "mc",
                          "Startup Cost": 105.5,
                          "Total Cost": 11053.63,
                          "Plan Rows": 1993,
                          "Plan Width": 4,
                          "Actual Startup Time": 2.529,
                          "Actual Total Time": 7.154,
                          "Actual Rows": 1610,
                          "Actual Loops": 3,
                          "Recheck Cond": "(company_id = 11149)",
                          "Rows Removed by Index Recheck": 0,
                          "Exact Heap Blocks": 1629,
                          "Lossy Heap Blocks": 0,
                          "Plans": [
                            {
                              "Node Type": "Bitmap Index Scan",
                              "Parent Relationship": "Outer",
                              "Parallel Aware": false,
                              "Index Name": "company_id_movie_companies",
                              "Startup Cost": 0.0,
                              "Total Cost": 104.3,
                              "Plan Rows": 4783,
                              "Plan Width": 0,
                              "Actual Startup Time": 6.047,
                              "Actual Total Time": 6.047,
                              "Actual Rows": 4831,
                              "Actual Loops": 1,
                              "Index Cond": "(company_id = 11149)"
                            }
                          ]
                        },
                        {
                          "Node Type": "Index Scan",
                          "Parent Relationship": "Inner",
                          "Parallel Aware": false,
                          "Scan Direction": "Forward",
                          "Index Name": "title_pkey",
                          "Relation Name": "title",
                          "Alias": "t",
                          "Startup Cost": 0.43,
                          "Total Cost": 7.36,
                          "Plan Rows": 1,
                          "Plan Width": 4,
                          "Actual Startup Time": 0.008,
                          "Actual Total Time": 0.008,
                          "Actual Rows": 1,
                          "Actual Loops": 4831,
                          "Index Cond": "(id = mc.movie_id)",
                          "Rows Removed by Index Recheck": 0,
                          "Filter": "(production_year < 1946)",
                          "Rows Removed by Filter": 0
                        }
                      ]
                    },
                    {
                      "Node Type": "Index Only Scan",
                      "Parent Relationship": "Inner",
                      "Parallel Aware": false,
                      "Scan Direction": "Forward",
                      "Index Name": "movie_id_movie_info",
                      "Relation Name": "movie_info",
                      "Alias": "mi",
                      "Startup Cost": 0.43,
                      "Total Cost": 6.89,
                      "Plan Rows": 42,
                      "Plan Width": 4,
                      "Actual Startup Time": 0.009,
                      "Actual Total Time": 0.025,
                      "Actual Rows": 12,
                      "Actual Loops": 4823,
                      "Index Cond": "(movie_id = t.id)",
                      "Rows Removed by Index Recheck": 0,
                      "Heap Fetches": 56298
                    }
                  ]
                }
              ]
            }
          ]
        }
      ]
    },
    "Planning Time": 1.428,
    "Triggers": [],
    "Execution Time": 83.945
  }
]