{
    "Plan": {
        "Node Type": "Aggregate",
        "Strategy": "Plain",
        "Partial Mode": "Finalize",
        "Parallel Aware": false,
        "Startup Cost": 94566.09,
        "Total Cost": 94566.1,
        "Plan Rows": 1,
        "Plan Width": 8,
        "Actual Startup Time": 404.194,
        "Actual Total Time": 433.964,
        "Actual Rows": 1,
        "Actual Loops": 1,
        "Output": [
            "count(*)"
        ],
        "Plans": [
            {
                "Node Type": "Gather",
                "Parent Relationship": "Outer",
                "Parallel Aware": false,
                "Startup Cost": 94565.77,
                "Total Cost": 94566.08,
                "Plan Rows": 3,
                "Plan Width": 8,
                "Actual Startup Time": 401.168,
                "Actual Total Time": 433.953,
                "Actual Rows": 4,
                "Actual Loops": 1,
                "Output": [
                    "(PARTIAL count(*))"
                ],
                "Workers Planned": 3,
                "Workers Launched": 3,
                "Single Copy": false,
                "Plans": [
                    {
                        "Node Type": "Aggregate",
                        "Strategy": "Plain",
                        "Partial Mode": "Partial",
                        "Parent Relationship": "Outer",
                        "Parallel Aware": false,
                        "Startup Cost": 93565.77,
                        "Total Cost": 93565.78,
                        "Plan Rows": 1,
                        "Plan Width": 8,
                        "Actual Startup Time": 392.572,
                        "Actual Total Time": 392.577,
                        "Actual Rows": 1,
                        "Actual Loops": 4,
                        "Output": [
                            "PARTIAL count(*)"
                        ],
                        "Workers": [
                            {
                                "Worker Number": 0,
                                "Actual Startup Time": 390.382,
                                "Actual Total Time": 390.389,
                                "Actual Rows": 1,
                                "Actual Loops": 1
                            },
                            {
                                "Worker Number": 1,
                                "Actual Startup Time": 389.706,
                                "Actual Total Time": 389.71,
                                "Actual Rows": 1,
                                "Actual Loops": 1
                            },
                            {
                                "Worker Number": 2,
                                "Actual Startup Time": 389.687,
                                "Actual Total Time": 389.69,
                                "Actual Rows": 1,
                                "Actual Loops": 1
                            }
                        ],
                        "Plans": [
                            {
                                "Node Type": "Hash Join",
                                "Parent Relationship": "Outer",
                                "Parallel Aware": true,
                                "Join Type": "Inner",
                                "Startup Cost": 47320.38,
                                "Total Cost": 92921.05,
                                "Plan Rows": 257888,
                                "Plan Width": 0,
                                "Actual Startup Time": 167.128,
                                "Actual Total Time": 390.62,
                                "Actual Rows": 41098,
                                "Actual Loops": 4,
                                "Inner Unique": true,
                                "Hash Cond": "(mk.movie_id = t.id)",
                                "Workers": [
                                    {
                                        "Worker Number": 0,
                                        "Actual Startup Time": 164.408,
                                        "Actual Total Time": 388.559,
                                        "Actual Rows": 41007,
                                        "Actual Loops": 1
                                    },
                                    {
                                        "Worker Number": 1,
                                        "Actual Startup Time": 164.255,
                                        "Actual Total Time": 387.869,
                                        "Actual Rows": 41553,
                                        "Actual Loops": 1
                                    },
                                    {
                                        "Worker Number": 2,
                                        "Actual Startup Time": 165.048,
                                        "Actual Total Time": 387.763,
                                        "Actual Rows": 29333,
                                        "Actual Loops": 1
                                    }
                                ],
                                "Plans": [
                                    {
                                        "Node Type": "Seq Scan",
                                        "Parent Relationship": "Outer",
                                        "Parallel Aware": true,
                                        "Relation Name": "movie_keyword",
                                        "Schema": "public",
                                        "Alias": "mk",
                                        "Startup Cost": 0.0,
                                        "Total Cost": 42695.65,
                                        "Plan Rows": 1106672,
                                        "Plan Width": 4,
                                        "Actual Startup Time": 0.024,
                                        "Actual Total Time": 137.426,
                                        "Actual Rows": 863945,
                                        "Actual Loops": 4,
                                        "Output": [
                                            "mk.id",
                                            "mk.movie_id",
                                            "mk.keyword_id"
                                        ],
                                        "Filter": "(mk.keyword_id < 16501)",
                                        "Rows Removed by Filter": 267038,
                                        "Workers": [
                                            {
                                                "Worker Number": 0,
                                                "Actual Startup Time": 0.027,
                                                "Actual Total Time": 140.595,
                                                "Actual Rows": 810248,
                                                "Actual Loops": 1
                                            },
                                            {
                                                "Worker Number": 1,
                                                "Actual Startup Time": 0.029,
                                                "Actual Total Time": 140.492,
                                                "Actual Rows": 888107,
                                                "Actual Loops": 1
                                            },
                                            {
                                                "Worker Number": 2,
                                                "Actual Startup Time": 0.031,
                                                "Actual Total Time": 142.009,
                                                "Actual Rows": 631861,
                                                "Actual Loops": 1
                                            }
                                        ]
                                    },
                                    {
                                        "Node Type": "Hash",
                                        "Parent Relationship": "Inner",
                                        "Parallel Aware": true,
                                        "Startup Cost": 45479.21,
                                        "Total Cost": 45479.21,
                                        "Plan Rows": 147294,
                                        "Plan Width": 4,
                                        "Actual Startup Time": 161.519,
                                        "Actual Total Time": 161.52,
                                        "Actual Rows": 121592,
                                        "Actual Loops": 4,
                                        "Output": [
                                            "t.id"
                                        ],
                                        "Hash Buckets": 1048576,
                                        "Original Hash Buckets": 1048576,
                                        "Hash Batches": 1,
                                        "Original Hash Batches": 1,
                                        "Peak Memory Usage": 27296,
                                        "Workers": [
                                            {
                                                "Worker Number": 0,
                                                "Actual Startup Time": 163.255,
                                                "Actual Total Time": 163.256,
                                                "Actual Rows": 114609,
                                                "Actual Loops": 1
                                            },
                                            {
                                                "Worker Number": 1,
                                                "Actual Startup Time": 163.265,
                                                "Actual Total Time": 163.266,
                                                "Actual Rows": 115583,
                                                "Actual Loops": 1
                                            },
                                            {
                                                "Worker Number": 2,
                                                "Actual Startup Time": 163.261,
                                                "Actual Total Time": 163.262,
                                                "Actual Rows": 76733,
                                                "Actual Loops": 1
                                            }
                                        ],
                                        "Plans": [
                                            {
                                                "Node Type": "Seq Scan",
                                                "Parent Relationship": "Outer",
                                                "Parallel Aware": true,
                                                "Relation Name": "title",
                                                "Schema": "public",
                                                "Alias": "t",
                                                "Startup Cost": 0.0,
                                                "Total Cost": 45479.21,
                                                "Plan Rows": 147294,
                                                "Plan Width": 4,
                                                "Actual Startup Time": 0.075,
                                                "Actual Total Time": 110.036,
                                                "Actual Rows": 121592,
                                                "Actual Loops": 4,
                                                "Output": [
                                                    "t.id"
                                                ],
                                                "Filter": "((t.production_year < 1999) AND (t.kind_id = 7))",
                                                "Rows Removed by Filter": 510486,
                                                "Workers": [
                                                    {
                                                        "Worker Number": 0,
                                                        "Actual Startup Time": 0.086,
                                                        "Actual Total Time": 111.009,
                                                        "Actual Rows": 114609,
                                                        "Actual Loops": 1
                                                    },
                                                    {
                                                        "Worker Number": 1,
                                                        "Actual Startup Time": 0.078,
                                                        "Actual Total Time": 111.567,
                                                        "Actual Rows": 115583,
                                                        "Actual Loops": 1
                                                    },
                                                    {
                                                        "Worker Number": 2,
                                                        "Actual Startup Time": 0.115,
                                                        "Actual Total Time": 114.925,
                                                        "Actual Rows": 76733,
                                                        "Actual Loops": 1
                                                    }
                                                ]
                                            }
                                        ]
                                    }
                                ]
                            }
                        ]
                    }
                ]
            }
        ]
    },
    "Planning Time": 0.703,
    "Triggers": [],
    "Execution Time": 434.039
}