[
  {
    "Plan": {
      "Node Type": "Aggregate",
      "Strategy": "Plain",
      "Partial Mode": "Finalize",
      "Parallel Aware": false,
      "Startup Cost": 52561.24,
      "Total Cost": 52561.25,
      "Plan Rows": 1,
      "Plan Width": 8,
      "Actual Startup Time": 72.817,
      "Actual Total Time": 82.241,
      "Actual Rows": 1,
      "Actual Loops": 1,
      "Plans": [
        {
          "Node Type": "Gather",
          "Parent Relationship": "Outer",
          "Parallel Aware": false,
          "Startup Cost": 52560.93,
          "Total Cost": 52561.24,
          "Plan Rows": 3,
          "Plan Width": 8,
          "Actual Startup Time": 72.608,
          "Actual Total Time": 82.233,
          "Actual Rows": 4,
          "Actual Loops": 1,
          "Workers Planned": 3,
          "Workers Launched": 3,
          "Single Copy": false,
          "Plans": [
            {
              "Node Type": "Aggregate",
              "Strategy": "Plain",
              "Partial Mode": "Partial",
              "Parent Relationship": "Outer",
              "Parallel Aware": false,
              "Startup Cost": 51560.93,
              "Total Cost": 51560.94,
              "Plan Rows": 1,
              "Plan Width": 8,
              "Actual Startup Time": 66.908,
              "Actual Total Time": 66.91,
              "Actual Rows": 1,
              "Actual Loops": 4,
              "Plans": [
                {
                  "Node Type": "Nested Loop",
                  "Parent Relationship": "Outer",
                  "Parallel Aware": false,
                  "Join Type": "Inner",
                  "Startup Cost": 295.65,
                  "Total Cost": 51549.51,
                  "Plan Rows": 4568,
                  "Plan Width": 0,
                  "Actual Startup Time": 1.578,
                  "Actual Total Time": 65.943,
                  "Actual Rows": 9998,
                  "Actual Loops": 4,
                  "Inner Unique": false,
                  "Plans": [
                    {
                      "Node Type": "Nested Loop",
                      "Parent Relationship": "Outer",
                      "Parallel Aware": false,
                      "Join Type": "Inner",
                      "Startup Cost": 295.22,
                      "Total Cost": 48838.91,
                      "Plan Rows": 4427,
                      "Plan Width": 8,
                      "Actual Startup Time": 1.476,
                      "Actual Total Time": 36.189,
                      "Actual Rows": 3438,
                      "Actual Loops": 4,
                      "Inner Unique": true,
                      "Plans": [
                        {
                          "Node Type": "Bitmap Heap Scan",
                          "Parent Relationship": "Outer",
                          "Parallel Aware": true,
                          "Relation Name": "movie_keyword",
                          "Alias": "mk",
                          "Startup Cost": 294.79,
                          "Total Cost": 21933.98,
                          "Plan Rows": 4427,
                          "Plan Width": 4,
                          "Actual Startup Time": 1.328,
                          "Actual Total Time": 11.366,
                          "Actual Rows": 3438,
                          "Actual Loops": 4,
                          "Recheck Cond": "(keyword_id = 121)",
                          "Rows Removed by Index Recheck": 0,
                          "Exact Heap Blocks": 2819,
                          "Lossy Heap Blocks": 0,
                          "Plans": [
                            {
                              "Node Type": "Bitmap Index Scan",
                              "Parent Relationship": "Outer",
                              "Parallel Aware": false,
                              "Index Name": "keyword_id_movie_keyword",
                              "Startup Cost": 0.0,
                              "Total Cost": 291.36,
                              "Plan Rows": 13723,
                              "Plan Width": 0,
                              "Actual Startup Time": 3.27,
                              "Actual Total Time": 3.27,
                              "Actual Rows": 13753,
                              "Actual Loops": 1,
                              "Index Cond": "(keyword_id = 121)"
                            }
                          ]
                        },
                        {
                          "Node Type": "Index Only Scan",
                          "Parent Relationship": "Inner",
                          "Parallel Aware": false,
                          "Scan Direction": "Forward",
                          "Index Name": "title_pkey",
                          "Relation Name": "title",
                          "Alias": "t",
                          "Startup Cost": 0.43,
                          "Total Cost": 6.08,
                          "Plan Rows": 1,
                          "Plan Width": 4,
                          "Actual Startup Time": 0.007,
                          "Actual Total Time": 0.007,
                          "Actual Rows": 1,
                          "Actual Loops": 13753,
                          "Index Cond": "(id = mk.movie_id)",
                          "Rows Removed by Index Recheck": 0,
                          "Heap Fetches": 13753
                        }
                      ]
                    },
                    {
                      "Node Type": "Index Only Scan",
                      "Parent Relationship": "Inner",
                      "Parallel Aware": false,
                      "Scan Direction": "Forward",
                      "Index Name": "movie_id_movie_companies",
                      "Relation Name": "movie_companies",
                      "Alias": "mc",
                      "Startup Cost": 0.43,
                      "Total Cost": 0.56,
                      "Plan Rows": 5,
                      "Plan Width": 4,
                      "Actual Startup Time": 0.006,
                      "Actual Total Time": 0.008,
                      "Actual Rows": 3,
                      "Actual Loops": 13753,
                      "Index Cond": "(movie_id = t.id)",
                      "Rows Removed by Index Recheck": 0,
                      "Heap Fetches": 39992
                    }
                  ]
                }
              ]
            }
          ]
        }
      ]
    },
    "Planning Time": 0.671,
    "Triggers": [],
    "Execution Time": 82.297
  }
]