[
    {
        "Bao": {
            "Bao prediction": "NaN",
            "Bao recommended hint": "(no hint)"
        }
    },
    {
        "Plan": {
            "Node Type": "Aggregate",
            "Strategy": "Plain",
            "Partial Mode": "Finalize",
            "Parallel Aware": false,
            "Startup Cost": 106919.58,
            "Total Cost": 106919.59,
            "Plan Rows": 1,
            "Plan Width": 8,
            "Actual Startup Time": 686.152,
            "Actual Total Time": 702.741,
            "Actual Rows": 1,
            "Actual Loops": 1,
            "Output": [
                "count(*)"
            ],
            "Plans": [
                {
                    "Node Type": "Gather",
                    "Parent Relationship": "Outer",
                    "Parallel Aware": false,
                    "Startup Cost": 106919.26,
                    "Total Cost": 106919.57,
                    "Plan Rows": 3,
                    "Plan Width": 8,
                    "Actual Startup Time": 686.142,
                    "Actual Total Time": 702.734,
                    "Actual Rows": 4,
                    "Actual Loops": 1,
                    "Output": [
                        "(PARTIAL count(*))"
                    ],
                    "Workers Planned": 3,
                    "Workers Launched": 3,
                    "Single Copy": false,
                    "Plans": [
                        {
                            "Node Type": "Aggregate",
                            "Strategy": "Plain",
                            "Partial Mode": "Partial",
                            "Parent Relationship": "Outer",
                            "Parallel Aware": false,
                            "Startup Cost": 105919.26,
                            "Total Cost": 105919.27,
                            "Plan Rows": 1,
                            "Plan Width": 8,
                            "Actual Startup Time": 673.565,
                            "Actual Total Time": 673.568,
                            "Actual Rows": 1,
                            "Actual Loops": 4,
                            "Output": [
                                "PARTIAL count(*)"
                            ],
                            "Workers": [
                                {
                                    "Worker Number": 0,
                                    "Actual Startup Time": 666.832,
                                    "Actual Total Time": 666.835,
                                    "Actual Rows": 1,
                                    "Actual Loops": 1
                                },
                                {
                                    "Worker Number": 1,
                                    "Actual Startup Time": 674.403,
                                    "Actual Total Time": 674.406,
                                    "Actual Rows": 1,
                                    "Actual Loops": 1
                                },
                                {
                                    "Worker Number": 2,
                                    "Actual Startup Time": 667.32,
                                    "Actual Total Time": 667.323,
                                    "Actual Rows": 1,
                                    "Actual Loops": 1
                                }
                            ],
                            "Plans": [
                                {
                                    "Node Type": "Nested Loop",
                                    "Parent Relationship": "Outer",
                                    "Parallel Aware": false,
                                    "Join Type": "Inner",
                                    "Startup Cost": 45569.99,
                                    "Total Cost": 105805.15,
                                    "Plan Rows": 45645,
                                    "Plan Width": 0,
                                    "Actual Startup Time": 121.013,
                                    "Actual Total Time": 623.691,
                                    "Actual Rows": 1092168,
                                    "Actual Loops": 4,
                                    "Inner Unique": false,
                                    "Join Filter": "(t.id = mi.movie_id)",
                                    "Rows Removed by Join Filter": 0,
                                    "Workers": [
                                        {
                                            "Worker Number": 0,
                                            "Actual Startup Time": 117.941,
                                            "Actual Total Time": 618.452,
                                            "Actual Rows": 1175304,
                                            "Actual Loops": 1
                                        },
                                        {
                                            "Worker Number": 1,
                                            "Actual Startup Time": 118.362,
                                            "Actual Total Time": 627.495,
                                            "Actual Rows": 1164066,
                                            "Actual Loops": 1
                                        },
                                        {
                                            "Worker Number": 2,
                                            "Actual Startup Time": 118.259,
                                            "Actual Total Time": 619.313,
                                            "Actual Rows": 1155754,
                                            "Actual Loops": 1
                                        }
                                    ],
                                    "Plans": [
                                        {
                                            "Node Type": "Hash Join",
                                            "Parent Relationship": "Outer",
                                            "Parallel Aware": true,
                                            "Join Type": "Inner",
                                            "Startup Cost": 45569.56,
                                            "Total Cost": 90060.6,
                                            "Plan Rows": 7822,
                                            "Plan Width": 8,
                                            "Actual Startup Time": 120.935,
                                            "Actual Total Time": 233.514,
                                            "Actual Rows": 10440,
                                            "Actual Loops": 4,
                                            "Output": [
                                                "t.id",
                                                "mk.movie_id"
                                            ],
                                            "Inner Unique": true,
                                            "Hash Cond": "(mk.movie_id = t.id)",
                                            "Workers": [
                                                {
                                                    "Worker Number": 0,
                                                    "Actual Startup Time": 117.861,
                                                    "Actual Total Time": 228.676,
                                                    "Actual Rows": 10691,
                                                    "Actual Loops": 1
                                                },
                                                {
                                                    "Worker Number": 1,
                                                    "Actual Startup Time": 118.268,
                                                    "Actual Total Time": 240.864,
                                                    "Actual Rows": 12271,
                                                    "Actual Loops": 1
                                                },
                                                {
                                                    "Worker Number": 2,
                                                    "Actual Startup Time": 118.148,
                                                    "Actual Total Time": 230.845,
                                                    "Actual Rows": 10685,
                                                    "Actual Loops": 1
                                                }
                                            ],
                                            "Plans": [
                                                {
                                                    "Node Type": "Seq Scan",
                                                    "Parent Relationship": "Outer",
                                                    "Parallel Aware": true,
                                                    "Relation Name": "movie_keyword",
                                                    "Schema": "public",
                                                    "Alias": "mk",
                                                    "Startup Cost": 0.0,
                                                    "Total Cost": 42695.65,
                                                    "Plan Rows": 683957,
                                                    "Plan Width": 4,
                                                    "Actual Startup Time": 0.32,
                                                    "Actual Total Time": 100.622,
                                                    "Actual Rows": 528049,
                                                    "Actual Loops": 4,
                                                    "Output": [
                                                        "mk.id",
                                                        "mk.movie_id",
                                                        "mk.keyword_id"
                                                    ],
                                                    "Filter": "(mk.keyword_id > 5654)",
                                                    "Rows Removed by Filter": 602933,
                                                    "Workers": [
                                                        {
                                                            "Worker Number": 0,
                                                            "Actual Startup Time": 0.281,
                                                            "Actual Total Time": 99.873,
                                                            "Actual Rows": 557252,
                                                            "Actual Loops": 1
                                                        },
                                                        {
                                                            "Worker Number": 1,
                                                            "Actual Startup Time": 0.272,
                                                            "Actual Total Time": 108.474,
                                                            "Actual Rows": 612825,
                                                            "Actual Loops": 1
                                                        },
                                                        {
                                                            "Worker Number": 2,
                                                            "Actual Startup Time": 0.33,
                                                            "Actual Total Time": 101.032,
                                                            "Actual Rows": 559200,
                                                            "Actual Loops": 1
                                                        }
                                                    ]
                                                },
                                                {
                                                    "Node Type": "Hash",
                                                    "Parent Relationship": "Inner",
                                                    "Parallel Aware": true,
                                                    "Startup Cost": 45479.21,
                                                    "Total Cost": 45479.21,
                                                    "Plan Rows": 7228,
                                                    "Plan Width": 4,
                                                    "Actual Startup Time": 94.36,
                                                    "Actual Total Time": 94.361,
                                                    "Actual Rows": 4029,
                                                    "Actual Loops": 4,
                                                    "Output": [
                                                        "t.id"
                                                    ],
                                                    "Hash Buckets": 32768,
                                                    "Original Hash Buckets": 32768,
                                                    "Hash Batches": 1,
                                                    "Original Hash Batches": 1,
                                                    "Peak Memory Usage": 928,
                                                    "Workers": [
                                                        {
                                                            "Worker Number": 0,
                                                            "Actual Startup Time": 91.355,
                                                            "Actual Total Time": 91.356,
                                                            "Actual Rows": 3935,
                                                            "Actual Loops": 1
                                                        },
                                                        {
                                                            "Worker Number": 1,
                                                            "Actual Startup Time": 91.749,
                                                            "Actual Total Time": 91.75,
                                                            "Actual Rows": 4018,
                                                            "Actual Loops": 1
                                                        },
                                                        {
                                                            "Worker Number": 2,
                                                            "Actual Startup Time": 91.709,
                                                            "Actual Total Time": 91.709,
                                                            "Actual Rows": 3989,
                                                            "Actual Loops": 1
                                                        }
                                                    ],
                                                    "Plans": [
                                                        {
                                                            "Node Type": "Seq Scan",
                                                            "Parent Relationship": "Outer",
                                                            "Parallel Aware": true,
                                                            "Relation Name": "title",
                                                            "Schema": "public",
                                                            "Alias": "t",
                                                            "Startup Cost": 0.0,
                                                            "Total Cost": 45479.21,
                                                            "Plan Rows": 7228,
                                                            "Plan Width": 4,
                                                            "Actual Startup Time": 57.017,
                                                            "Actual Total Time": 92.681,
                                                            "Actual Rows": 4029,
                                                            "Actual Loops": 4,
                                                            "Output": [
                                                                "t.id"
                                                            ],
                                                            "Filter": "((t.kind_id = 1) AND (t.production_year = 2006))",
                                                            "Rows Removed by Filter": 628049,
                                                            "Workers": [
                                                                {
                                                                    "Worker Number": 0,
                                                                    "Actual Startup Time": 54.695,
                                                                    "Actual Total Time": 89.607,
                                                                    "Actual Rows": 3935,
                                                                    "Actual Loops": 1
                                                                },
                                                                {
                                                                    "Worker Number": 1,
                                                                    "Actual Startup Time": 53.867,
                                                                    "Actual Total Time": 90.065,
                                                                    "Actual Rows": 4018,
                                                                    "Actual Loops": 1
                                                                },
                                                                {
                                                                    "Worker Number": 2,
                                                                    "Actual Startup Time": 54.499,
                                                                    "Actual Total Time": 89.988,
                                                                    "Actual Rows": 3989,
                                                                    "Actual Loops": 1
                                                                }
                                                            ]
                                                        }
                                                    ]
                                                }
                                            ]
                                        },
                                        {
                                            "Node Type": "Index Only Scan",
                                            "Parent Relationship": "Inner",
                                            "Parallel Aware": false,
                                            "Scan Direction": "Forward",
                                            "Index Name": "movie_id_movie_info",
                                            "Relation Name": "movie_info",
                                            "Schema": "public",
                                            "Alias": "mi",
                                            "Startup Cost": 0.43,
                                            "Total Cost": 1.53,
                                            "Plan Rows": 39,
                                            "Plan Width": 4,
                                            "Actual Startup Time": 0.006,
                                            "Actual Total Time": 0.028,
                                            "Actual Rows": 105,
                                            "Actual Loops": 41760,
                                            "Output": [
                                                "mi.movie_id"
                                            ],
                                            "Index Cond": "(mi.movie_id = mk.movie_id)",
                                            "Rows Removed by Index Recheck": 0,
                                            "Heap Fetches": 4368671,
                                            "Workers": [
                                                {
                                                    "Worker Number": 0,
                                                    "Actual Startup Time": 0.006,
                                                    "Actual Total Time": 0.027,
                                                    "Actual Rows": 110,
                                                    "Actual Loops": 10691
                                                },
                                                {
                                                    "Worker Number": 1,
                                                    "Actual Startup Time": 0.005,
                                                    "Actual Total Time": 0.024,
                                                    "Actual Rows": 95,
                                                    "Actual Loops": 12271
                                                },
                                                {
                                                    "Worker Number": 2,
                                                    "Actual Startup Time": 0.006,
                                                    "Actual Total Time": 0.027,
                                                    "Actual Rows": 108,
                                                    "Actual Loops": 10685
                                                }
                                            ]
                                        }
                                    ]
                                }
                            ]
                        }
                    ]
                }
            ]
        },
        "Planning Time": 274.853,
        "Triggers": [],
        "Execution Time": 702.835
    }
]