[
  {
    "Plan": {
      "Node Type": "Aggregate",
      "Strategy": "Plain",
      "Partial Mode": "Finalize",
      "Parallel Aware": false,
      "Startup Cost": 44639.3,
      "Total Cost": 44639.31,
      "Plan Rows": 1,
      "Plan Width": 8,
      "Actual Startup Time": 124.953,
      "Actual Total Time": 135.88,
      "Actual Rows": 1,
      "Actual Loops": 1,
      "Plans": [
        {
          "Node Type": "Gather",
          "Parent Relationship": "Outer",
          "Parallel Aware": false,
          "Startup Cost": 44638.99,
          "Total Cost": 44639.3,
          "Plan Rows": 3,
          "Plan Width": 8,
          "Actual Startup Time": 124.678,
          "Actual Total Time": 135.862,
          "Actual Rows": 4,
          "Actual Loops": 1,
          "Workers Planned": 3,
          "Workers Launched": 3,
          "Single Copy": false,
          "Plans": [
            {
              "Node Type": "Aggregate",
              "Strategy": "Plain",
              "Partial Mode": "Partial",
              "Parent Relationship": "Outer",
              "Parallel Aware": false,
              "Startup Cost": 43638.99,
              "Total Cost": 43639.0,
              "Plan Rows": 1,
              "Plan Width": 8,
              "Actual Startup Time": 120.681,
              "Actual Total Time": 120.682,
              "Actual Rows": 1,
              "Actual Loops": 4,
              "Plans": [
                {
                  "Node Type": "Seq Scan",
                  "Parent Relationship": "Outer",
                  "Parallel Aware": true,
                  "Relation Name": "movie_keyword",
                  "Alias": "mk",
                  "Startup Cost": 0.0,
                  "Total Cost": 42695.65,
                  "Plan Rows": 377333,
                  "Plan Width": 0,
                  "Actual Startup Time": 1.208,
                  "Actual Total Time": 105.994,
                  "Actual Rows": 294894,
                  "Actual Loops": 4,
                  "Filter": "(keyword_id > 15816)",
                  "Rows Removed by Filter": 836089
                }
              ]
            }
          ]
        }
      ]
    },
    "Planning Time": 0.094,
    "Triggers": [],
    "Execution Time": 135.909
  }
]