[
  {
    "Plan": {
      "Node Type": "Aggregate",
      "Strategy": "Plain",
      "Partial Mode": "Finalize",
      "Parallel Aware": false,
      "Startup Cost": 285035.64,
      "Total Cost": 285035.65,
      "Plan Rows": 1,
      "Plan Width": 8,
      "Actual Startup Time": 136.06,
      "Actual Total Time": 142.039,
      "Actual Rows": 1,
      "Actual Loops": 1,
      "Plans": [
        {
          "Node Type": "Gather",
          "Parent Relationship": "Outer",
          "Parallel Aware": false,
          "Startup Cost": 285035.01,
          "Total Cost": 285035.62,
          "Plan Rows": 6,
          "Plan Width": 8,
          "Actual Startup Time": 135.613,
          "Actual Total Time": 142.031,
          "Actual Rows": 7,
          "Actual Loops": 1,
          "Workers Planned": 6,
          "Workers Launched": 6,
          "Single Copy": false,
          "Plans": [
            {
              "Node Type": "Aggregate",
              "Strategy": "Plain",
              "Partial Mode": "Partial",
              "Parent Relationship": "Outer",
              "Parallel Aware": false,
              "Startup Cost": 284035.01,
              "Total Cost": 284035.02,
              "Plan Rows": 1,
              "Plan Width": 8,
              "Actual Startup Time": 125.759,
              "Actual Total Time": 125.76,
              "Actual Rows": 1,
              "Actual Loops": 7,
              "Plans": [
                {
                  "Node Type": "Bitmap Heap Scan",
                  "Parent Relationship": "Outer",
                  "Parallel Aware": true,
                  "Relation Name": "cast_info",
                  "Alias": "ci",
                  "Startup Cost": 28160.83,
                  "Total Cost": 283503.82,
                  "Plan Rows": 212479,
                  "Plan Width": 0,
                  "Actual Startup Time": 60.392,
                  "Actual Total Time": 113.627,
                  "Actual Rows": 187529,
                  "Actual Loops": 7,
                  "Recheck Cond": "(person_id < 131281)",
                  "Rows Removed by Index Recheck": 0,
                  "Exact Heap Blocks": 3928,
                  "Lossy Heap Blocks": 0,
                  "Plans": [
                    {
                      "Node Type": "Bitmap Index Scan",
                      "Parent Relationship": "Outer",
                      "Parallel Aware": false,
                      "Index Name": "person_id_cast_info",
                      "Startup Cost": 0.0,
                      "Total Cost": 27842.11,
                      "Plan Rows": 1274873,
                      "Plan Width": 0,
                      "Actual Startup Time": 66.794,
                      "Actual Total Time": 66.794,
                      "Actual Rows": 1312702,
                      "Actual Loops": 1,
                      "Index Cond": "(person_id < 131281)"
                    }
                  ]
                }
              ]
            }
          ]
        }
      ]
    },
    "Planning Time": 0.199,
    "Triggers": [],
    "Execution Time": 142.114
  }
]