{
  "Plan": {
    "Node Type": "Aggregate",
    "Strategy": "Plain",
    "Partial Mode": "Finalize",
    "Parallel Aware": false,
    "Startup Cost": 406668.55,
    "Total Cost": 406668.56,
    "Plan Rows": 1,
    "Plan Width": 8,
    "Actual Startup Time": 1698.38,
    "Actual Total Time": 1742.511,
    "Actual Rows": 1,
    "Actual Loops": 1,
    "Plans": [
      {
        "Node Type": "Gather",
        "Parent Relationship": "Outer",
        "Parallel Aware": false,
        "Startup Cost": 406668.43,
        "Total Cost": 406668.54,
        "Plan Rows": 1,
        "Plan Width": 8,
        "Actual Startup Time": 1696.36,
        "Actual Total Time": 1742.503,
        "Actual Rows": 2,
        "Actual Loops": 1,
        "Workers Planned": 1,
        "Workers Launched": 1,
        "Single Copy": false,
        "Plans": [
          {
            "Node Type": "Aggregate",
            "Strategy": "Plain",
            "Partial Mode": "Partial",
            "Parent Relationship": "Outer",
            "Parallel Aware": false,
            "Startup Cost": 405668.43,
            "Total Cost": 405668.44,
            "Plan Rows": 1,
            "Plan Width": 8,
            "Actual Startup Time": 1690.416,
            "Actual Total Time": 1690.419,
            "Actual Rows": 1,
            "Actual Loops": 2,
            "Plans": [
              {
                "Node Type": "Nested Loop",
                "Parent Relationship": "Outer",
                "Parallel Aware": false,
                "Join Type": "Inner",
                "Startup Cost": 90111.02,
                "Total Cost": 404024.57,
                "Plan Rows": 657545,
                "Plan Width": 0,
                "Actual Startup Time": 260.332,
                "Actual Total Time": 1580.759,
                "Actual Rows": 2688162,
                "Actual Loops": 2,
                "Inner Unique": false,
                "Join Filter": "(t.id = mi.movie_id)",
                "Rows Removed by Join Filter": 0,
                "Plans": [
                  {
                    "Node Type": "Merge Join",
                    "Parent Relationship": "Outer",
                    "Parallel Aware": false,
                    "Join Type": "Inner",
                    "Startup Cost": 90110.59,
                    "Total Cost": 142951.24,
                    "Plan Rows": 112453,
                    "Plan Width": 8,
                    "Actual Startup Time": 260.26,
                    "Actual Total Time": 435.483,
                    "Actual Rows": 123214,
                    "Actual Loops": 2,
                    "Inner Unique": true,
                    "Merge Cond": "(mi_idx.movie_id = t.id)",
                    "Plans": [
                      {
                        "Node Type": "Index Only Scan",
                        "Parent Relationship": "Outer",
                        "Parallel Aware": true,
                        "Scan Direction": "Forward",
                        "Index Name": "movie_id_movie_info_idx",
                        "Relation Name": "movie_info_idx",
                        "Alias": "mi_idx",
                        "Startup Cost": 0.43,
                        "Total Cost": 47937.73,
                        "Plan Rows": 811785,
                        "Plan Width": 4,
                        "Actual Startup Time": 0.123,
                        "Actual Total Time": 130.196,
                        "Actual Rows": 690018,
                        "Actual Loops": 2,
                        "Heap Fetches": 1380035
                      },
                      {
                        "Node Type": "Sort",
                        "Parent Relationship": "Inner",
                        "Parallel Aware": false,
                        "Startup Cost": 90110.13,
                        "Total Cost": 90985.71,
                        "Plan Rows": 350233,
                        "Plan Width": 4,
                        "Actual Startup Time": 200.276,
                        "Actual Total Time": 241.897,
                        "Actual Rows": 264982,
                        "Actual Loops": 2,
                        "Sort Key": [
                          "t.id"
                        ],
                        "Sort Method": "quicksort",
                        "Sort Space Used": 24723,
                        "Sort Space Type": "Memory",
                        "Workers": [
                          {
                            "Worker Number": 0,
                            "Sort Method": "quicksort",
                            "Sort Space Used": 24723,
                            "Sort Space Type": "Memory"
                          }
                        ],
                        "Plans": [
                          {
                            "Node Type": "Bitmap Heap Scan",
                            "Parent Relationship": "Outer",
                            "Parallel Aware": false,
                            "Relation Name": "title",
                            "Alias": "t",
                            "Startup Cost": 11910.41,
                            "Total Cost": 57857.25,
                            "Plan Rows": 350233,
                            "Plan Width": 4,
                            "Actual Startup Time": 46.978,
                            "Actual Total Time": 140.869,
                            "Actual Rows": 265275,
                            "Actual Loops": 2,
                            "Recheck Cond": "(kind_id = 1)",
                            "Rows Removed by Index Recheck": 0,
                            "Filter": "(production_year > 2001)",
                            "Rows Removed by Filter": 397550,
                            "Exact Heap Blocks": 12863,
                            "Lossy Heap Blocks": 0,
                            "Plans": [
                              {
                                "Node Type": "Bitmap Index Scan",
                                "Parent Relationship": "Outer",
                                "Parallel Aware": false,
                                "Index Name": "kind_id_title",
                                "Startup Cost": 0.0,
                                "Total Cost": 11822.85,
                                "Plan Rows": 663256,
                                "Plan Width": 0,
                                "Actual Startup Time": 45.51,
                                "Actual Total Time": 45.51,
                                "Actual Rows": 662825,
                                "Actual Loops": 2,
                                "Index Cond": "(kind_id = 1)"
                              }
                            ]
                          }
                        ]
                      }
                    ]
                  },
                  {
                    "Node Type": "Index Only Scan",
                    "Parent Relationship": "Inner",
                    "Parallel Aware": false,
                    "Scan Direction": "Forward",
                    "Index Name": "movie_id_movie_info",
                    "Relation Name": "movie_info",
                    "Alias": "mi",
                    "Startup Cost": 0.43,
                    "Total Cost": 1.8,
                    "Plan Rows": 42,
                    "Plan Width": 4,
                    "Actual Startup Time": 0.002,
                    "Actual Total Time": 0.007,
                    "Actual Rows": 22,
                    "Actual Loops": 246428,
                    "Index Cond": "(movie_id = mi_idx.movie_id)",
                    "Rows Removed by Index Recheck": 0,
                    "Heap Fetches": 5376323
                  }
                ]
              }
            ]
          }
        ]
      }
    ]
  },
  "Planning Time": 1.065,
  "Triggers": [],
  "Execution Time": 1742.642
}