[
  {
    "Plan": {
      "Node Type": "Aggregate",
      "Strategy": "Plain",
      "Partial Mode": "Finalize",
      "Parallel Aware": false,
      "Startup Cost": 89670.59,
      "Total Cost": 89670.6,
      "Plan Rows": 1,
      "Plan Width": 8,
      "Actual Startup Time": 295.984,
      "Actual Total Time": 314.995,
      "Actual Rows": 1,
      "Actual Loops": 1,
      "Plans": [
        {
          "Node Type": "Gather",
          "Parent Relationship": "Outer",
          "Parallel Aware": false,
          "Startup Cost": 89670.27,
          "Total Cost": 89670.58,
          "Plan Rows": 3,
          "Plan Width": 8,
          "Actual Startup Time": 295.44,
          "Actual Total Time": 314.988,
          "Actual Rows": 4,
          "Actual Loops": 1,
          "Workers Planned": 3,
          "Workers Launched": 3,
          "Single Copy": false,
          "Plans": [
            {
              "Node Type": "Aggregate",
              "Strategy": "Plain",
              "Partial Mode": "Partial",
              "Parent Relationship": "Outer",
              "Parallel Aware": false,
              "Startup Cost": 88670.27,
              "Total Cost": 88670.28,
              "Plan Rows": 1,
              "Plan Width": 8,
              "Actual Startup Time": 286.42,
              "Actual Total Time": 286.423,
              "Actual Rows": 1,
              "Actual Loops": 4,
              "Plans": [
                {
                  "Node Type": "Hash Join",
                  "Parent Relationship": "Outer",
                  "Parallel Aware": true,
                  "Join Type": "Inner",
                  "Startup Cost": 45693.29,
                  "Total Cost": 88571.37,
                  "Plan Rows": 39561,
                  "Plan Width": 0,
                  "Actual Startup Time": 108.699,
                  "Actual Total Time": 285.277,
                  "Actual Rows": 23472,
                  "Actual Loops": 4,
                  "Inner Unique": true,
                  "Hash Cond": "(mk.movie_id = t.id)",
                  "Plans": [
                    {
                      "Node Type": "Seq Scan",
                      "Parent Relationship": "Outer",
                      "Parallel Aware": true,
                      "Relation Name": "movie_keyword",
                      "Alias": "mk",
                      "Startup Cost": 0.0,
                      "Total Cost": 39047.32,
                      "Plan Rows": 1459332,
                      "Plan Width": 4,
                      "Actual Startup Time": 0.028,
                      "Actual Total Time": 91.546,
                      "Actual Rows": 1130982,
                      "Actual Loops": 4
                    },
                    {
                      "Node Type": "Hash",
                      "Parent Relationship": "Inner",
                      "Parallel Aware": true,
                      "Startup Cost": 45479.1,
                      "Total Cost": 45479.1,
                      "Plan Rows": 17135,
                      "Plan Width": 4,
                      "Actual Startup Time": 106.483,
                      "Actual Total Time": 106.484,
                      "Actual Rows": 17358,
                      "Actual Loops": 4,
                      "Hash Buckets": 131072,
                      "Original Hash Buckets": 131072,
                      "Hash Batches": 1,
                      "Original Hash Batches": 1,
                      "Peak Memory Usage": 3808,
                      "Plans": [
                        {
                          "Node Type": "Seq Scan",
                          "Parent Relationship": "Outer",
                          "Parallel Aware": true,
                          "Relation Name": "title",
                          "Alias": "t",
                          "Startup Cost": 0.0,
                          "Total Cost": 45479.1,
                          "Plan Rows": 17135,
                          "Plan Width": 4,
                          "Actual Startup Time": 0.176,
                          "Actual Total Time": 99.724,
                          "Actual Rows": 17358,
                          "Actual Loops": 4,
                          "Filter": "((kind_id < 3) AND (production_year > 2011))",
                          "Rows Removed by Filter": 614720
                        }
                      ]
                    }
                  ]
                }
              ]
            }
          ]
        }
      ]
    },
    "Planning Time": 0.551,
    "Triggers": [],
    "Execution Time": 315.059
  }
]