[
  {
    "Plan": {
      "Node Type": "Aggregate",
      "Strategy": "Plain",
      "Partial Mode": "Finalize",
      "Parallel Aware": false,
      "Startup Cost": 352985.63,
      "Total Cost": 352985.64,
      "Plan Rows": 1,
      "Plan Width": 8,
      "Actual Startup Time": 778.102,
      "Actual Total Time": 835.288,
      "Actual Rows": 1,
      "Actual Loops": 1,
      "Plans": [
        {
          "Node Type": "Gather",
          "Parent Relationship": "Outer",
          "Parallel Aware": false,
          "Startup Cost": 352985.0,
          "Total Cost": 352985.61,
          "Plan Rows": 6,
          "Plan Width": 8,
          "Actual Startup Time": 777.958,
          "Actual Total Time": 835.277,
          "Actual Rows": 7,
          "Actual Loops": 1,
          "Workers Planned": 6,
          "Workers Launched": 6,
          "Single Copy": false,
          "Plans": [
            {
              "Node Type": "Aggregate",
              "Strategy": "Plain",
              "Partial Mode": "Partial",
              "Parent Relationship": "Outer",
              "Parallel Aware": false,
              "Startup Cost": 351985.0,
              "Total Cost": 351985.01,
              "Plan Rows": 1,
              "Plan Width": 8,
              "Actual Startup Time": 770.754,
              "Actual Total Time": 770.755,
              "Actual Rows": 1,
              "Actual Loops": 7,
              "Plans": [
                {
                  "Node Type": "Seq Scan",
                  "Parent Relationship": "Outer",
                  "Parallel Aware": true,
                  "Relation Name": "cast_info",
                  "Alias": "ci",
                  "Startup Cost": 0.0,
                  "Total Cost": 343257.03,
                  "Plan Rows": 3491190,
                  "Plan Width": 0,
                  "Actual Startup Time": 101.252,
                  "Actual Total Time": 659.832,
                  "Actual Rows": 2843993,
                  "Actual Loops": 7,
                  "Filter": "((person_id > 782394) AND (role_id < 5))",
                  "Rows Removed by Filter": 2333770
                }
              ]
            }
          ]
        }
      ]
    },
    "Planning Time": 0.139,
    "Triggers": [],
    "Execution Time": 835.344
  }
]