[
  {
    "Plan": {
      "Node Type": "Aggregate",
      "Strategy": "Plain",
      "Partial Mode": "Finalize",
      "Parallel Aware": false,
      "Startup Cost": 63060.27,
      "Total Cost": 63060.28,
      "Plan Rows": 1,
      "Plan Width": 8,
      "Actual Startup Time": 275.6,
      "Actual Total Time": 288.383,
      "Actual Rows": 1,
      "Actual Loops": 1,
      "Plans": [
        {
          "Node Type": "Gather",
          "Parent Relationship": "Outer",
          "Parallel Aware": false,
          "Startup Cost": 63060.05,
          "Total Cost": 63060.26,
          "Plan Rows": 2,
          "Plan Width": 8,
          "Actual Startup Time": 274.228,
          "Actual Total Time": 288.375,
          "Actual Rows": 3,
          "Actual Loops": 1,
          "Workers Planned": 2,
          "Workers Launched": 2,
          "Single Copy": false,
          "Plans": [
            {
              "Node Type": "Aggregate",
              "Strategy": "Plain",
              "Partial Mode": "Partial",
              "Parent Relationship": "Outer",
              "Parallel Aware": false,
              "Startup Cost": 62060.05,
              "Total Cost": 62060.06,
              "Plan Rows": 1,
              "Plan Width": 8,
              "Actual Startup Time": 266.466,
              "Actual Total Time": 266.469,
              "Actual Rows": 1,
              "Actual Loops": 3,
              "Plans": [
                {
                  "Node Type": "Hash Join",
                  "Parent Relationship": "Outer",
                  "Parallel Aware": true,
                  "Join Type": "Inner",
                  "Startup Cost": 45876.7,
                  "Total Cost": 62011.54,
                  "Plan Rows": 19404,
                  "Plan Width": 0,
                  "Actual Startup Time": 202.231,
                  "Actual Total Time": 264.114,
                  "Actual Rows": 46422,
                  "Actual Loops": 3,
                  "Inner Unique": true,
                  "Hash Cond": "(mi_idx.movie_id = t.id)",
                  "Plans": [
                    {
                      "Node Type": "Seq Scan",
                      "Parent Relationship": "Outer",
                      "Parallel Aware": true,
                      "Relation Name": "movie_info_idx",
                      "Alias": "mi_idx",
                      "Startup Cost": 0.0,
                      "Total Cost": 15122.68,
                      "Plan Rows": 385585,
                      "Plan Width": 4,
                      "Actual Startup Time": 0.024,
                      "Actual Total Time": 49.995,
                      "Actual Rows": 306703,
                      "Actual Loops": 3,
                      "Filter": "(info_type_id > 99)",
                      "Rows Removed by Filter": 153308
                    },
                    {
                      "Node Type": "Hash",
                      "Parent Relationship": "Inner",
                      "Parallel Aware": true,
                      "Startup Cost": 45479.1,
                      "Total Cost": 45479.1,
                      "Plan Rows": 31808,
                      "Plan Width": 4,
                      "Actual Startup Time": 162.922,
                      "Actual Total Time": 162.923,
                      "Actual Rows": 88451,
                      "Actual Loops": 3,
                      "Hash Buckets": 524288,
                      "Original Hash Buckets": 131072,
                      "Hash Batches": 1,
                      "Original Hash Batches": 1,
                      "Peak Memory Usage": 17600,
                      "Plans": [
                        {
                          "Node Type": "Seq Scan",
                          "Parent Relationship": "Outer",
                          "Parallel Aware": true,
                          "Relation Name": "title",
                          "Alias": "t",
                          "Startup Cost": 0.0,
                          "Total Cost": 45479.1,
                          "Plan Rows": 31808,
                          "Plan Width": 4,
                          "Actual Startup Time": 73.296,
                          "Actual Total Time": 125.06,
                          "Actual Rows": 88451,
                          "Actual Loops": 3,
                          "Filter": "((production_year < 1979) AND (kind_id = 1))",
                          "Rows Removed by Filter": 754319
                        }
                      ]
                    }
                  ]
                }
              ]
            }
          ]
        }
      ]
    },
    "Planning Time": 0.71,
    "Triggers": [],
    "Execution Time": 288.454
  }
]