[
  {
    "Plan": {
      "Node Type": "Aggregate",
      "Strategy": "Plain",
      "Partial Mode": "Finalize",
      "Parallel Aware": false,
      "Startup Cost": 46156.11,
      "Total Cost": 46156.12,
      "Plan Rows": 1,
      "Plan Width": 8,
      "Actual Startup Time": 175.132,
      "Actual Total Time": 184.76,
      "Actual Rows": 1,
      "Actual Loops": 1,
      "Plans": [
        {
          "Node Type": "Gather",
          "Parent Relationship": "Outer",
          "Parallel Aware": false,
          "Startup Cost": 46155.79,
          "Total Cost": 46156.1,
          "Plan Rows": 3,
          "Plan Width": 8,
          "Actual Startup Time": 175.043,
          "Actual Total Time": 184.753,
          "Actual Rows": 4,
          "Actual Loops": 1,
          "Workers Planned": 3,
          "Workers Launched": 3,
          "Single Copy": false,
          "Plans": [
            {
              "Node Type": "Aggregate",
              "Strategy": "Plain",
              "Partial Mode": "Partial",
              "Parent Relationship": "Outer",
              "Parallel Aware": false,
              "Startup Cost": 45155.79,
              "Total Cost": 45155.8,
              "Plan Rows": 1,
              "Plan Width": 8,
              "Actual Startup Time": 166.708,
              "Actual Total Time": 166.71,
              "Actual Rows": 1,
              "Actual Loops": 4,
              "Plans": [
                {
                  "Node Type": "Seq Scan",
                  "Parent Relationship": "Outer",
                  "Parallel Aware": true,
                  "Relation Name": "movie_keyword",
                  "Alias": "mk",
                  "Startup Cost": 0.0,
                  "Total Cost": 42695.65,
                  "Plan Rows": 984054,
                  "Plan Width": 0,
                  "Actual Startup Time": 0.057,
                  "Actual Total Time": 129.37,
                  "Actual Rows": 760494,
                  "Actual Loops": 4,
                  "Filter": "(keyword_id < 11057)",
                  "Rows Removed by Filter": 370488
                }
              ]
            }
          ]
        }
      ]
    },
    "Planning Time": 0.158,
    "Triggers": [],
    "Execution Time": 184.81
  }
]