[
  {
    "Plan": {
      "Node Type": "Aggregate",
      "Strategy": "Plain",
      "Partial Mode": "Finalize",
      "Parallel Aware": false,
      "Startup Cost": 31594.82,
      "Total Cost": 31594.83,
      "Plan Rows": 1,
      "Plan Width": 8,
      "Actual Startup Time": 100.853,
      "Actual Total Time": 107.949,
      "Actual Rows": 1,
      "Actual Loops": 1,
      "Plans": [
        {
          "Node Type": "Gather",
          "Parent Relationship": "Outer",
          "Parallel Aware": false,
          "Startup Cost": 31594.5,
          "Total Cost": 31594.81,
          "Plan Rows": 3,
          "Plan Width": 8,
          "Actual Startup Time": 100.756,
          "Actual Total Time": 107.941,
          "Actual Rows": 4,
          "Actual Loops": 1,
          "Workers Planned": 3,
          "Workers Launched": 3,
          "Single Copy": false,
          "Plans": [
            {
              "Node Type": "Aggregate",
              "Strategy": "Plain",
              "Partial Mode": "Partial",
              "Parent Relationship": "Outer",
              "Parallel Aware": false,
              "Startup Cost": 30594.5,
              "Total Cost": 30594.51,
              "Plan Rows": 1,
              "Plan Width": 8,
              "Actual Startup Time": 94.642,
              "Actual Total Time": 94.643,
              "Actual Rows": 1,
              "Actual Loops": 4,
              "Plans": [
                {
                  "Node Type": "Seq Scan",
                  "Parent Relationship": "Outer",
                  "Parallel Aware": true,
                  "Relation Name": "movie_companies",
                  "Alias": "mc",
                  "Startup Cost": 0.0,
                  "Total Cost": 29310.68,
                  "Plan Rows": 513527,
                  "Plan Width": 0,
                  "Actual Startup Time": 0.032,
                  "Actual Total Time": 75.266,
                  "Actual Rows": 395188,
                  "Actual Loops": 4,
                  "Filter": "(company_id < 15657)",
                  "Rows Removed by Filter": 257094
                }
              ]
            }
          ]
        }
      ]
    },
    "Planning Time": 0.119,
    "Triggers": [],
    "Execution Time": 107.987
  }
]