[
  {
    "Plan": {
      "Node Type": "Aggregate",
      "Strategy": "Plain",
      "Partial Mode": "Finalize",
      "Parallel Aware": false,
      "Startup Cost": 77459.98,
      "Total Cost": 77459.99,
      "Plan Rows": 1,
      "Plan Width": 8,
      "Actual Startup Time": 180.701,
      "Actual Total Time": 190.008,
      "Actual Rows": 1,
      "Actual Loops": 1,
      "Plans": [
        {
          "Node Type": "Gather",
          "Parent Relationship": "Outer",
          "Parallel Aware": false,
          "Startup Cost": 77459.66,
          "Total Cost": 77459.97,
          "Plan Rows": 3,
          "Plan Width": 8,
          "Actual Startup Time": 180.236,
          "Actual Total Time": 189.993,
          "Actual Rows": 4,
          "Actual Loops": 1,
          "Workers Planned": 3,
          "Workers Launched": 3,
          "Single Copy": false,
          "Plans": [
            {
              "Node Type": "Aggregate",
              "Strategy": "Plain",
              "Partial Mode": "Partial",
              "Parent Relationship": "Outer",
              "Parallel Aware": false,
              "Startup Cost": 76459.66,
              "Total Cost": 76459.67,
              "Plan Rows": 1,
              "Plan Width": 8,
              "Actual Startup Time": 177.068,
              "Actual Total Time": 177.071,
              "Actual Rows": 1,
              "Actual Loops": 4,
              "Plans": [
                {
                  "Node Type": "Hash Join",
                  "Parent Relationship": "Outer",
                  "Parallel Aware": true,
                  "Join Type": "Inner",
                  "Startup Cost": 44264.29,
                  "Total Cost": 76426.74,
                  "Plan Rows": 13168,
                  "Plan Width": 0,
                  "Actual Startup Time": 111.474,
                  "Actual Total Time": 176.546,
                  "Actual Rows": 10476,
                  "Actual Loops": 4,
                  "Inner Unique": true,
                  "Hash Cond": "(mc.movie_id = t.id)",
                  "Plans": [
                    {
                      "Node Type": "Seq Scan",
                      "Parent Relationship": "Outer",
                      "Parallel Aware": true,
                      "Relation Name": "movie_companies",
                      "Alias": "mc",
                      "Startup Cost": 0.0,
                      "Total Cost": 31414.82,
                      "Plan Rows": 284811,
                      "Plan Width": 4,
                      "Actual Startup Time": 26.941,
                      "Actual Total Time": 61.014,
                      "Actual Rows": 269720,
                      "Actual Loops": 4,
                      "Filter": "((company_id > 2561) AND (company_type_id > 1))",
                      "Rows Removed by Filter": 382562
                    },
                    {
                      "Node Type": "Hash",
                      "Parent Relationship": "Inner",
                      "Parallel Aware": true,
                      "Startup Cost": 43899.01,
                      "Total Cost": 43899.01,
                      "Plan Rows": 29223,
                      "Plan Width": 4,
                      "Actual Startup Time": 83.894,
                      "Actual Total Time": 83.895,
                      "Actual Rows": 29891,
                      "Actual Loops": 4,
                      "Hash Buckets": 131072,
                      "Original Hash Buckets": 131072,
                      "Hash Batches": 1,
                      "Original Hash Batches": 1,
                      "Peak Memory Usage": 5728,
                      "Plans": [
                        {
                          "Node Type": "Seq Scan",
                          "Parent Relationship": "Outer",
                          "Parallel Aware": true,
                          "Relation Name": "title",
                          "Alias": "t",
                          "Startup Cost": 0.0,
                          "Total Cost": 43899.01,
                          "Plan Rows": 29223,
                          "Plan Width": 4,
                          "Actual Startup Time": 0.017,
                          "Actual Total Time": 74.691,
                          "Actual Rows": 29891,
                          "Actual Loops": 4,
                          "Filter": "(production_year = 2007)",
                          "Rows Removed by Filter": 602187
                        }
                      ]
                    }
                  ]
                }
              ]
            }
          ]
        }
      ]
    },
    "Planning Time": 0.224,
    "Triggers": [],
    "Execution Time": 190.035
  }
]