[
  {
    "Plan": {
      "Node Type": "Aggregate",
      "Strategy": "Plain",
      "Partial Mode": "Finalize",
      "Parallel Aware": false,
      "Startup Cost": 543223.18,
      "Total Cost": 543223.19,
      "Plan Rows": 1,
      "Plan Width": 64,
      "Actual Startup Time": 4633.703,
      "Actual Total Time": 4769.551,
      "Actual Rows": 1,
      "Actual Loops": 1,
      "Plans": [
        {
          "Node Type": "Gather",
          "Parent Relationship": "Outer",
          "Parallel Aware": false,
          "Startup Cost": 543222.86,
          "Total Cost": 543223.17,
          "Plan Rows": 3,
          "Plan Width": 64,
          "Actual Startup Time": 4631.127,
          "Actual Total Time": 4769.538,
          "Actual Rows": 4,
          "Actual Loops": 1,
          "Workers Planned": 3,
          "Workers Launched": 3,
          "Single Copy": false,
          "Plans": [
            {
              "Node Type": "Aggregate",
              "Strategy": "Plain",
              "Partial Mode": "Partial",
              "Parent Relationship": "Outer",
              "Parallel Aware": false,
              "Startup Cost": 542222.86,
              "Total Cost": 542222.87,
              "Plan Rows": 1,
              "Plan Width": 64,
              "Actual Startup Time": 4620.211,
              "Actual Total Time": 4620.235,
              "Actual Rows": 1,
              "Actual Loops": 4,
              "Plans": [
                {
                  "Node Type": "Hash Join",
                  "Parent Relationship": "Outer",
                  "Parallel Aware": true,
                  "Join Type": "Inner",
                  "Startup Cost": 526828.73,
                  "Total Cost": 542222.64,
                  "Plan Rows": 44,
                  "Plan Width": 33,
                  "Actual Startup Time": 4543.17,
                  "Actual Total Time": 4618.353,
                  "Actual Rows": 16171,
                  "Actual Loops": 4,
                  "Inner Unique": false,
                  "Hash Cond": "(an.person_id = n.id)",
                  "Plans": [
                    {
                      "Node Type": "Seq Scan",
                      "Parent Relationship": "Outer",
                      "Parallel Aware": true,
                      "Relation Name": "aka_name",
                      "Alias": "an",
                      "Startup Cost": 0.0,
                      "Total Cost": 14303.56,
                      "Plan Rows": 290756,
                      "Plan Width": 20,
                      "Actual Startup Time": 0.02,
                      "Actual Total Time": 41.364,
                      "Actual Rows": 225336,
                      "Actual Loops": 4
                    },
                    {
                      "Node Type": "Hash",
                      "Parent Relationship": "Inner",
                      "Parallel Aware": true,
                      "Startup Cost": 526828.3,
                      "Total Cost": 526828.3,
                      "Plan Rows": 34,
                      "Plan Width": 25,
                      "Actual Startup Time": 4542.223,
                      "Actual Total Time": 4542.244,
                      "Actual Rows": 10974,
                      "Actual Loops": 4,
                      "Hash Buckets": 65536,
                      "Original Hash Buckets": 1024,
                      "Hash Batches": 1,
                      "Original Hash Batches": 1,
                      "Peak Memory Usage": 3960,
                      "Plans": [
                        {
                          "Node Type": "Hash Join",
                          "Parent Relationship": "Outer",
                          "Parallel Aware": true,
                          "Join Type": "Inner",
                          "Startup Cost": 521917.26,
                          "Total Cost": 526828.3,
                          "Plan Rows": 34,
                          "Plan Width": 25,
                          "Actual Startup Time": 4517.468,
                          "Actual Total Time": 4531.832,
                          "Actual Rows": 10974,
                          "Actual Loops": 4,
                          "Inner Unique": false,
                          "Hash Cond": "(cn.id = mc.company_id)",
                          "Plans": [
                            {
                              "Node Type": "Seq Scan",
                              "Parent Relationship": "Outer",
                              "Parallel Aware": true,
                              "Relation Name": "company_name",
                              "Alias": "cn",
                              "Startup Cost": 0.0,
                              "Total Cost": 4722.92,
                              "Plan Rows": 50137,
                              "Plan Width": 4,
                              "Actual Startup Time": 0.022,
                              "Actual Total Time": 9.773,
                              "Actual Rows": 21211,
                              "Actual Loops": 4,
                              "Filter": "((country_code)::text = '[us]'::text)",
                              "Rows Removed by Filter": 37538
                            },
                            {
                              "Node Type": "Hash",
                              "Parent Relationship": "Inner",
                              "Parallel Aware": true,
                              "Startup Cost": 521916.61,
                              "Total Cost": 521916.61,
                              "Plan Rows": 52,
                              "Plan Width": 29,
                              "Actual Startup Time": 4516.988,
                              "Actual Total Time": 4517.008,
                              "Actual Rows": 14973,
                              "Actual Loops": 4,
                              "Hash Buckets": 65536,
                              "Original Hash Buckets": 1024,
                              "Hash Batches": 1,
                              "Original Hash Batches": 1,
                              "Peak Memory Usage": 5240,
                              "Plans": [
                                {
                                  "Node Type": "Hash Join",
                                  "Parent Relationship": "Outer",
                                  "Parallel Aware": true,
                                  "Join Type": "Inner",
                                  "Startup Cost": 491553.73,
                                  "Total Cost": 521916.61,
                                  "Plan Rows": 52,
                                  "Plan Width": 29,
                                  "Actual Startup Time": 4349.643,
                                  "Actual Total Time": 4499.622,
                                  "Actual Rows": 14973,
                                  "Actual Loops": 4,
                                  "Inner Unique": false,
                                  "Hash Cond": "(mc.movie_id = ci.movie_id)",
                                  "Plans": [
                                    {
                                      "Node Type": "Seq Scan",
                                      "Parent Relationship": "Outer",
                                      "Parallel Aware": true,
                                      "Relation Name": "movie_companies",
                                      "Alias": "mc",
                                      "Startup Cost": 0.0,
                                      "Total Cost": 27206.55,
                                      "Plan Rows": 841655,
                                      "Plan Width": 8,
                                      "Actual Startup Time": 0.017,
                                      "Actual Total Time": 74.428,
                                      "Actual Rows": 652282,
                                      "Actual Loops": 4
                                    },
                                    {
                                      "Node Type": "Hash",
                                      "Parent Relationship": "Inner",
                                      "Parallel Aware": true,
                                      "Startup Cost": 491553.53,
                                      "Total Cost": 491553.53,
                                      "Plan Rows": 16,
                                      "Plan Width": 37,
                                      "Actual Startup Time": 4349.075,
                                      "Actual Total Time": 4349.092,
                                      "Actual Rows": 6297,
                                      "Actual Loops": 4,
                                      "Hash Buckets": 32768,
                                      "Original Hash Buckets": 1024,
                                      "Hash Batches": 1,
                                      "Original Hash Batches": 1,
                                      "Peak Memory Usage": 2488,
                                      "Plans": [
                                        {
                                          "Node Type": "Hash Join",
                                          "Parent Relationship": "Outer",
                                          "Parallel Aware": true,
                                          "Join Type": "Inner",
                                          "Startup Cost": 421615.65,
                                          "Total Cost": 491553.53,
                                          "Plan Rows": 16,
                                          "Plan Width": 37,
                                          "Actual Startup Time": 3974.255,
                                          "Actual Total Time": 4294.917,
                                          "Actual Rows": 6297,
                                          "Actual Loops": 4,
                                          "Inner Unique": false,
                                          "Hash Cond": "(n.id = ci.person_id)",
                                          "Plans": [
                                            {
                                              "Node Type": "Seq Scan",
                                              "Parent Relationship": "Outer",
                                              "Parallel Aware": true,
                                              "Relation Name": "name",
                                              "Alias": "n",
                                              "Startup Cost": 0.0,
                                              "Total Cost": 66031.07,
                                              "Plan Rows": 1041807,
                                              "Plan Width": 4,
                                              "Actual Startup Time": 0.032,
                                              "Actual Total Time": 175.158,
                                              "Actual Rows": 1041873,
                                              "Actual Loops": 4
                                            },
                                            {
                                              "Node Type": "Hash",
                                              "Parent Relationship": "Inner",
                                              "Parallel Aware": true,
                                              "Startup Cost": 421615.52,
                                              "Total Cost": 421615.52,
                                              "Plan Rows": 11,
                                              "Plan Width": 33,
                                              "Actual Startup Time": 3973.845,
                                              "Actual Total Time": 3973.859,
                                              "Actual Rows": 6297,
                                              "Actual Loops": 4,
                                              "Hash Buckets": 32768,
                                              "Original Hash Buckets": 1024,
                                              "Hash Batches": 1,
                                              "Original Hash Batches": 1,
                                              "Peak Memory Usage": 2392,
                                              "Plans": [
                                                {
                                                  "Node Type": "Hash Join",
                                                  "Parent Relationship": "Outer",
                                                  "Parallel Aware": true,
                                                  "Join Type": "Inner",
                                                  "Startup Cost": 91426.43,
                                                  "Total Cost": 421615.52,
                                                  "Plan Rows": 11,
                                                  "Plan Width": 33,
                                                  "Actual Startup Time": 522.897,
                                                  "Actual Total Time": 3530.277,
                                                  "Actual Rows": 6297,
                                                  "Actual Loops": 4,
                                                  "Inner Unique": false,
                                                  "Hash Cond": "(ci.movie_id = mk.movie_id)",
                                                  "Plans": [
                                                    {
                                                      "Node Type": "Hash Join",
                                                      "Parent Relationship": "Outer",
                                                      "Parallel Aware": true,
                                                      "Join Type": "Inner",
                                                      "Startup Cost": 45921.96,
                                                      "Total Cost": 374840.73,
                                                      "Plan Rows": 338741,
                                                      "Plan Width": 29,
                                                      "Actual Startup Time": 180.33,
                                                      "Actual Total Time": 3053.657,
                                                      "Actual Rows": 648043,
                                                      "Actual Loops": 4,
                                                      "Inner Unique": true,
                                                      "Hash Cond": "(ci.movie_id = t.id)",
                                                      "Plans": [
                                                        {
                                                          "Node Type": "Seq Scan",
                                                          "Parent Relationship": "Outer",
                                                          "Parallel Aware": true,
                                                          "Relation Name": "cast_info",
                                                          "Alias": "ci",
                                                          "Startup Cost": 0.0,
                                                          "Total Cost": 313068.58,
                                                          "Plan Rows": 6038158,
                                                          "Plan Width": 8,
                                                          "Actual Startup Time": 0.017,
                                                          "Actual Total Time": 1155.923,
                                                          "Actual Rows": 9061086,
                                                          "Actual Loops": 4
                                                        },
                                                        {
                                                          "Node Type": "Hash",
                                                          "Parent Relationship": "Inner",
                                                          "Parallel Aware": true,
                                                          "Startup Cost": 45478.74,
                                                          "Total Cost": 45478.74,
                                                          "Plan Rows": 35458,
                                                          "Plan Width": 21,
                                                          "Actual Startup Time": 179.432,
                                                          "Actual Total Time": 179.433,
                                                          "Actual Rows": 35384,
                                                          "Actual Loops": 4,
                                                          "Hash Buckets": 262144,
                                                          "Original Hash Buckets": 262144,
                                                          "Hash Batches": 1,
                                                          "Original Hash Batches": 1,
                                                          "Peak Memory Usage": 10048,
                                                          "Plans": [
                                                            {
                                                              "Node Type": "Seq Scan",
                                                              "Parent Relationship": "Outer",
                                                              "Parallel Aware": true,
                                                              "Relation Name": "title",
                                                              "Alias": "t",
                                                              "Startup Cost": 0.0,
                                                              "Total Cost": 45478.74,
                                                              "Plan Rows": 35458,
                                                              "Plan Width": 21,
                                                              "Actual Startup Time": 0.045,
                                                              "Actual Total Time": 155.65,
                                                              "Actual Rows": 35384,
                                                              "Actual Loops": 4,
                                                              "Filter": "((episode_nr >= 12) AND (episode_nr <= 18))",
                                                              "Rows Removed by Filter": 596694
                                                            }
                                                          ]
                                                        }
                                                      ]
                                                    },
                                                    {
                                                      "Node Type": "Hash",
                                                      "Parent Relationship": "Inner",
                                                      "Parallel Aware": true,
                                                      "Startup Cost": 45504.33,
                                                      "Total Cost": 45504.33,
                                                      "Plan Rows": 11,
                                                      "Plan Width": 4,
                                                      "Actual Startup Time": 340.851,
                                                      "Actual Total Time": 340.856,
                                                      "Actual Rows": 10460,
                                                      "Actual Loops": 4,
                                                      "Hash Buckets": 65536,
                                                      "Original Hash Buckets": 1024,
                                                      "Hash Batches": 1,
                                                      "Original Hash Batches": 1,
                                                      "Peak Memory Usage": 2680,
                                                      "Plans": [
                                                        {
                                                          "Node Type": "Hash Join",
                                                          "Parent Relationship": "Outer",
                                                          "Parallel Aware": false,
                                                          "Join Type": "Inner",
                                                          "Startup Cost": 2626.14,
                                                          "Total Cost": 45504.33,
                                                          "Plan Rows": 11,
                                                          "Plan Width": 4,
                                                          "Actual Startup Time": 27.584,
                                                          "Actual Total Time": 305.234,
                                                          "Actual Rows": 10460,
                                                          "Actual Loops": 4,
                                                          "Inner Unique": true,
                                                          "Hash Cond": "(mk.keyword_id = k.id)",
                                                          "Plans": [
                                                            {
                                                              "Node Type": "Seq Scan",
                                                              "Parent Relationship": "Outer",
                                                              "Parallel Aware": true,
                                                              "Relation Name": "movie_keyword",
                                                              "Alias": "mk",
                                                              "Startup Cost": 0.0,
                                                              "Total Cost": 39047.32,
                                                              "Plan Rows": 1459332,
                                                              "Plan Width": 8,
                                                              "Actual Startup Time": 0.057,
                                                              "Actual Total Time": 161.415,
                                                              "Actual Rows": 1130982,
                                                              "Actual Loops": 4
                                                            },
                                                            {
                                                              "Node Type": "Hash",
                                                              "Parent Relationship": "Inner",
                                                              "Parallel Aware": false,
                                                              "Startup Cost": 2626.12,
                                                              "Total Cost": 2626.12,
                                                              "Plan Rows": 1,
                                                              "Plan Width": 4,
                                                              "Actual Startup Time": 27.449,
                                                              "Actual Total Time": 27.452,
                                                              "Actual Rows": 1,
                                                              "Actual Loops": 4,
                                                              "Hash Buckets": 1024,
                                                              "Original Hash Buckets": 1024,
                                                              "Hash Batches": 1,
                                                              "Original Hash Batches": 1,
                                                              "Peak Memory Usage": 9,
                                                              "Plans": [
                                                                {
                                                                  "Node Type": "Seq Scan",
                                                                  "Parent Relationship": "Outer",
                                                                  "Parallel Aware": false,
                                                                  "Relation Name": "keyword",
                                                                  "Alias": "k",
                                                                  "Startup Cost": 0.0,
                                                                  "Total Cost": 2626.12,
                                                                  "Plan Rows": 1,
                                                                  "Plan Width": 4,
                                                                  "Actual Startup Time": 2.114,
                                                                  "Actual Total Time": 27.415,
                                                                  "Actual Rows": 1,
                                                                  "Actual Loops": 4,
                                                                  "Filter": "(keyword = 'character-name-in-title'::text)",
                                                                  "Rows Removed by Filter": 134169
                                                                }
                                                              ]
                                                            }
                                                          ]
                                                        }
                                                      ]
                                                    }
                                                  ]
                                                }
                                              ]
                                            }
                                          ]
                                        }
                                      ]
                                    }
                                  ]
                                }
                              ]
                            }
                          ]
                        }
                      ]
                    }
                  ]
                }
              ]
            }
          ]
        }
      ]
    },
    "Planning Time": 12.302,
    "Triggers": [],
    "Execution Time": 4770.016
  }
]