[
    {
        "Bao": {
            "Bao prediction": "NaN",
            "Bao recommended hint": "(no hint)"
        }
    },
    {
        "Plan": {
            "Node Type": "Aggregate",
            "Strategy": "Plain",
            "Partial Mode": "Finalize",
            "Parallel Aware": false,
            "Startup Cost": 36667.9,
            "Total Cost": 36667.91,
            "Plan Rows": 1,
            "Plan Width": 8,
            "Actual Startup Time": 117.966,
            "Actual Total Time": 123.916,
            "Actual Rows": 1,
            "Actual Loops": 1,
            "Output": [
                "count(*)"
            ],
            "Plans": [
                {
                    "Node Type": "Gather",
                    "Parent Relationship": "Outer",
                    "Parallel Aware": false,
                    "Startup Cost": 36667.58,
                    "Total Cost": 36667.89,
                    "Plan Rows": 3,
                    "Plan Width": 8,
                    "Actual Startup Time": 117.642,
                    "Actual Total Time": 123.908,
                    "Actual Rows": 4,
                    "Actual Loops": 1,
                    "Output": [
                        "(PARTIAL count(*))"
                    ],
                    "Workers Planned": 3,
                    "Workers Launched": 3,
                    "Single Copy": false,
                    "Plans": [
                        {
                            "Node Type": "Aggregate",
                            "Strategy": "Plain",
                            "Partial Mode": "Partial",
                            "Parent Relationship": "Outer",
                            "Parallel Aware": false,
                            "Startup Cost": 35667.58,
                            "Total Cost": 35667.59,
                            "Plan Rows": 1,
                            "Plan Width": 8,
                            "Actual Startup Time": 108.911,
                            "Actual Total Time": 108.913,
                            "Actual Rows": 1,
                            "Actual Loops": 4,
                            "Output": [
                                "PARTIAL count(*)"
                            ],
                            "Workers": [
                                {
                                    "Worker Number": 0,
                                    "Actual Startup Time": 105.813,
                                    "Actual Total Time": 105.816,
                                    "Actual Rows": 1,
                                    "Actual Loops": 1
                                },
                                {
                                    "Worker Number": 1,
                                    "Actual Startup Time": 106.022,
                                    "Actual Total Time": 106.024,
                                    "Actual Rows": 1,
                                    "Actual Loops": 1
                                },
                                {
                                    "Worker Number": 2,
                                    "Actual Startup Time": 106.406,
                                    "Actual Total Time": 106.407,
                                    "Actual Rows": 1,
                                    "Actual Loops": 1
                                }
                            ],
                            "Plans": [
                                {
                                    "Node Type": "Bitmap Heap Scan",
                                    "Parent Relationship": "Outer",
                                    "Parallel Aware": true,
                                    "Relation Name": "movie_keyword",
                                    "Schema": "public",
                                    "Alias": "mk",
                                    "Startup Cost": 9131.4,
                                    "Total Cost": 35320.55,
                                    "Plan Rows": 138812,
                                    "Plan Width": 0,
                                    "Actual Startup Time": 31.106,
                                    "Actual Total Time": 102.451,
                                    "Actual Rows": 105260,
                                    "Actual Loops": 4,
                                    "Recheck Cond": "(mk.keyword_id > 41433)",
                                    "Rows Removed by Index Recheck": 0,
                                    "Exact Heap Blocks": 10760,
                                    "Lossy Heap Blocks": 0,
                                    "Workers": [
                                        {
                                            "Worker Number": 0,
                                            "Actual Startup Time": 28.11,
                                            "Actual Total Time": 99.943,
                                            "Actual Rows": 62654,
                                            "Actual Loops": 1
                                        },
                                        {
                                            "Worker Number": 1,
                                            "Actual Startup Time": 28.307,
                                            "Actual Total Time": 100.324,
                                            "Actual Rows": 85401,
                                            "Actual Loops": 1
                                        },
                                        {
                                            "Worker Number": 2,
                                            "Actual Startup Time": 28.682,
                                            "Actual Total Time": 100.547,
                                            "Actual Rows": 73635,
                                            "Actual Loops": 1
                                        }
                                    ],
                                    "Plans": [
                                        {
                                            "Node Type": "Bitmap Index Scan",
                                            "Parent Relationship": "Outer",
                                            "Parallel Aware": false,
                                            "Index Name": "keyword_id_movie_keyword",
                                            "Startup Cost": 0.0,
                                            "Total Cost": 9023.82,
                                            "Plan Rows": 430318,
                                            "Plan Width": 0,
                                            "Actual Startup Time": 36.03,
                                            "Actual Total Time": 36.031,
                                            "Actual Rows": 421042,
                                            "Actual Loops": 1,
                                            "Index Cond": "(mk.keyword_id > 41433)"
                                        }
                                    ]
                                }
                            ]
                        }
                    ]
                }
            ]
        },
        "Planning Time": 192.11,
        "Triggers": [],
        "Execution Time": 123.967
    }
]