{
  "Plan": {
    "Node Type": "Aggregate",
    "Strategy": "Plain",
    "Partial Mode": "Simple",
    "Parallel Aware": false,
    "Startup Cost": 563383.69,
    "Total Cost": 563383.7,
    "Plan Rows": 1,
    "Plan Width": 96,
    "Actual Startup Time": 7558.039,
    "Actual Total Time": 8143.489,
    "Actual Rows": 1,
    "Actual Loops": 1,
    "Plans": [
      {
        "Node Type": "Hash Join",
        "Parent Relationship": "Outer",
        "Parallel Aware": false,
        "Join Type": "Inner",
        "Startup Cost": 559751.22,
        "Total Cost": 563383.68,
        "Plan Rows": 1,
        "Plan Width": 48,
        "Actual Startup Time": 7507.419,
        "Actual Total Time": 8143.44,
        "Actual Rows": 12,
        "Actual Loops": 1,
        "Inner Unique": false,
        "Hash Cond": "(k.id = mk.keyword_id)",
        "Plans": [
          {
            "Node Type": "Seq Scan",
            "Parent Relationship": "Outer",
            "Parallel Aware": false,
            "Relation Name": "keyword",
            "Alias": "k",
            "Startup Cost": 0.0,
            "Total Cost": 3632.4,
            "Plan Rows": 8,
            "Plan Width": 20,
            "Actual Startup Time": 0.361,
            "Actual Total Time": 50.914,
            "Actual Rows": 8,
            "Actual Loops": 1,
            "Filter": "(keyword = ANY ('{superhero,sequel,second-part,marvel-comics,based-on-comic,tv-special,fight,violence}'::text[]))",
            "Rows Removed by Filter": 134162
          },
          {
            "Node Type": "Hash",
            "Parent Relationship": "Inner",
            "Parallel Aware": false,
            "Startup Cost": 559751.08,
            "Total Cost": 559751.08,
            "Plan Rows": 11,
            "Plan Width": 36,
            "Actual Startup Time": 7506.895,
            "Actual Total Time": 8092.339,
            "Actual Rows": 18,
            "Actual Loops": 1,
            "Hash Buckets": 1024,
            "Original Hash Buckets": 1024,
            "Hash Batches": 1,
            "Original Hash Batches": 1,
            "Peak Memory Usage": 10,
            "Plans": [
              {
                "Node Type": "Gather",
                "Parent Relationship": "Outer",
                "Parallel Aware": false,
                "Startup Cost": 490847.58,
                "Total Cost": 559751.08,
                "Plan Rows": 11,
                "Plan Width": 36,
                "Actual Startup Time": 7443.992,
                "Actual Total Time": 8092.311,
                "Actual Rows": 18,
                "Actual Loops": 1,
                "Workers Planned": 4,
                "Workers Launched": 4,
                "Single Copy": false,
                "Plans": [
                  {
                    "Node Type": "Hash Join",
                    "Parent Relationship": "Outer",
                    "Parallel Aware": true,
                    "Join Type": "Inner",
                    "Startup Cost": 489847.58,
                    "Total Cost": 558749.98,
                    "Plan Rows": 3,
                    "Plan Width": 36,
                    "Actual Startup Time": 7234.515,
                    "Actual Total Time": 7280.756,
                    "Actual Rows": 4,
                    "Actual Loops": 5,
                    "Inner Unique": false,
                    "Hash Cond": "(t.id = mk.movie_id)",
                    "Plans": [
                      {
                        "Node Type": "Hash Join",
                        "Parent Relationship": "Outer",
                        "Parallel Aware": true,
                        "Join Type": "Inner",
                        "Startup Cost": 432558.61,
                        "Total Cost": 501460.63,
                        "Plan Rows": 1,
                        "Plan Width": 40,
                        "Actual Startup Time": 6610.084,
                        "Actual Total Time": 6656.317,
                        "Actual Rows": 1,
                        "Actual Loops": 5,
                        "Inner Unique": true,
                        "Hash Cond": "(ci.movie_id = t.id)",
                        "Plans": [
                          {
                            "Node Type": "Hash Join",
                            "Parent Relationship": "Outer",
                            "Parallel Aware": true,
                            "Join Type": "Inner",
                            "Startup Cost": 388653.84,
                            "Total Cost": 457553.49,
                            "Plan Rows": 907,
                            "Plan Width": 19,
                            "Actual Startup Time": 6397.903,
                            "Actual Total Time": 6518.303,
                            "Actual Rows": 97,
                            "Actual Loops": 5,
                            "Inner Unique": false,
                            "Hash Cond": "(n.id = ci.person_id)",
                            "Plans": [
                              {
                                "Node Type": "Seq Scan",
                                "Parent Relationship": "Outer",
                                "Parallel Aware": true,
                                "Relation Name": "name",
                                "Alias": "n",
                                "Startup Cost": 0.0,
                                "Total Cost": 68636.05,
                                "Plan Rows": 104,
                                "Plan Width": 19,
                                "Actual Startup Time": 164.539,
                                "Actual Total Time": 256.985,
                                "Actual Rows": 0,
                                "Actual Loops": 5,
                                "Filter": "(name ~~ '%Downey%Robert%'::text)",
                                "Rows Removed by Filter": 833498
                              },
                              {
                                "Node Type": "Hash",
                                "Parent Relationship": "Inner",
                                "Parallel Aware": true,
                                "Startup Cost": 313116.71,
                                "Total Cost": 313116.71,
                                "Plan Rows": 6042971,
                                "Plan Width": 8,
                                "Actual Startup Time": 6089.53,
                                "Actual Total Time": 6089.532,
                                "Actual Rows": 7248869,
                                "Actual Loops": 5,
                                "Hash Buckets": 67108864,
                                "Original Hash Buckets": 67108864,
                                "Hash Batches": 1,
                                "Original Hash Batches": 1,
                                "Peak Memory Usage": 1942240,
                                "Plans": [
                                  {
                                    "Node Type": "Seq Scan",
                                    "Parent Relationship": "Outer",
                                    "Parallel Aware": true,
                                    "Relation Name": "cast_info",
                                    "Alias": "ci",
                                    "Startup Cost": 0.0,
                                    "Total Cost": 313116.71,
                                    "Plan Rows": 6042971,
                                    "Plan Width": 8,
                                    "Actual Startup Time": 0.047,
                                    "Actual Total Time": 1585.526,
                                    "Actual Rows": 7248869,
                                    "Actual Loops": 5
                                  }
                                ]
                              }
                            ]
                          },
                          {
                            "Node Type": "Hash",
                            "Parent Relationship": "Inner",
                            "Parallel Aware": true,
                            "Startup Cost": 43899.59,
                            "Total Cost": 43899.59,
                            "Plan Rows": 414,
                            "Plan Width": 21,
                            "Actual Startup Time": 137.756,
                            "Actual Total Time": 137.758,
                            "Actual Rows": 88,
                            "Actual Loops": 5,
                            "Hash Buckets": 2048,
                            "Original Hash Buckets": 2048,
                            "Hash Batches": 1,
                            "Original Hash Batches": 1,
                            "Peak Memory Usage": 176,
                            "Plans": [
                              {
                                "Node Type": "Seq Scan",
                                "Parent Relationship": "Outer",
                                "Parallel Aware": true,
                                "Relation Name": "title",
                                "Alias": "t",
                                "Startup Cost": 0.0,
                                "Total Cost": 43899.59,
                                "Plan Rows": 414,
                                "Plan Width": 21,
                                "Actual Startup Time": 64.56,
                                "Actual Total Time": 137.5,
                                "Actual Rows": 88,
                                "Actual Loops": 5,
                                "Filter": "(production_year > 2014)",
                                "Rows Removed by Filter": 505575
                              }
                            ]
                          }
                        ]
                      },
                      {
                        "Node Type": "Hash",
                        "Parent Relationship": "Inner",
                        "Parallel Aware": true,
                        "Startup Cost": 39047.32,
                        "Total Cost": 39047.32,
                        "Plan Rows": 1459332,
                        "Plan Width": 8,
                        "Actual Startup Time": 600.638,
                        "Actual Total Time": 600.64,
                        "Actual Rows": 904786,
                        "Actual Loops": 5,
                        "Hash Buckets": 8388608,
                        "Original Hash Buckets": 8388608,
                        "Hash Batches": 1,
                        "Original Hash Batches": 1,
                        "Peak Memory Usage": 242592,
                        "Plans": [
                          {
                            "Node Type": "Seq Scan",
                            "Parent Relationship": "Outer",
                            "Parallel Aware": true,
                            "Relation Name": "movie_keyword",
                            "Alias": "mk",
                            "Startup Cost": 0.0,
                            "Total Cost": 39047.32,
                            "Plan Rows": 1459332,
                            "Plan Width": 8,
                            "Actual Startup Time": 0.096,
                            "Actual Total Time": 187.909,
                            "Actual Rows": 904786,
                            "Actual Loops": 5
                          }
                        ]
                      }
                    ]
                  }
                ]
              }
            ]
          }
        ]
      }
    ]
  },
  "Planning Time": 6.71,
  "Triggers": [],
  "Execution Time": 8144.135
}