{
  "Plan": {
    "Node Type": "Aggregate",
    "Strategy": "Plain",
    "Partial Mode": "Finalize",
    "Parallel Aware": false,
    "Startup Cost": 136011.4,
    "Total Cost": 136011.41,
    "Plan Rows": 1,
    "Plan Width": 8,
    "Actual Startup Time": 698.282,
    "Actual Total Time": 717.542,
    "Actual Rows": 1,
    "Actual Loops": 1,
    "Plans": [
      {
        "Node Type": "Gather",
        "Parent Relationship": "Outer",
        "Parallel Aware": false,
        "Startup Cost": 136011.28,
        "Total Cost": 136011.39,
        "Plan Rows": 1,
        "Plan Width": 8,
        "Actual Startup Time": 697.87,
        "Actual Total Time": 717.534,
        "Actual Rows": 2,
        "Actual Loops": 1,
        "Workers Planned": 1,
        "Workers Launched": 1,
        "Single Copy": false,
        "Plans": [
          {
            "Node Type": "Aggregate",
            "Strategy": "Plain",
            "Partial Mode": "Partial",
            "Parent Relationship": "Outer",
            "Parallel Aware": false,
            "Startup Cost": 135011.28,
            "Total Cost": 135011.29,
            "Plan Rows": 1,
            "Plan Width": 8,
            "Actual Startup Time": 694.882,
            "Actual Total Time": 694.884,
            "Actual Rows": 1,
            "Actual Loops": 2,
            "Plans": [
              {
                "Node Type": "Merge Join",
                "Parent Relationship": "Outer",
                "Parallel Aware": false,
                "Join Type": "Inner",
                "Startup Cost": 30786.1,
                "Total Cost": 134928.75,
                "Plan Rows": 33015,
                "Plan Width": 0,
                "Actual Startup Time": 59.257,
                "Actual Total Time": 693.456,
                "Actual Rows": 25010,
                "Actual Loops": 2,
                "Inner Unique": false,
                "Merge Cond": "(t.id = mk.movie_id)",
                "Plans": [
                  {
                    "Node Type": "Index Only Scan",
                    "Parent Relationship": "Outer",
                    "Parallel Aware": true,
                    "Scan Direction": "Forward",
                    "Index Name": "title_pkey",
                    "Relation Name": "title",
                    "Alias": "t",
                    "Startup Cost": 0.43,
                    "Total Cost": 99929.35,
                    "Plan Rows": 1487231,
                    "Plan Width": 4,
                    "Actual Startup Time": 0.051,
                    "Actual Total Time": 564.368,
                    "Actual Rows": 1262894,
                    "Actual Loops": 2,
                    "Heap Fetches": 2525787
                  },
                  {
                    "Node Type": "Sort",
                    "Parent Relationship": "Inner",
                    "Parallel Aware": false,
                    "Startup Cost": 30774.31,
                    "Total Cost": 30914.62,
                    "Plan Rows": 56126,
                    "Plan Width": 4,
                    "Actual Startup Time": 59.06,
                    "Actual Total Time": 62.337,
                    "Actual Rows": 50021,
                    "Actual Loops": 2,
                    "Sort Key": [
                      "mk.movie_id"
                    ],
                    "Sort Method": "quicksort",
                    "Sort Space Used": 3881,
                    "Sort Space Type": "Memory",
                    "Workers": [
                      {
                        "Worker Number": 0,
                        "Sort Method": "quicksort",
                        "Sort Space Used": 3881,
                        "Sort Space Type": "Memory"
                      }
                    ],
                    "Plans": [
                      {
                        "Node Type": "Bitmap Heap Scan",
                        "Parent Relationship": "Outer",
                        "Parallel Aware": false,
                        "Relation Name": "movie_keyword",
                        "Alias": "mk",
                        "Startup Cost": 1191.41,
                        "Total Cost": 26346.98,
                        "Plan Rows": 56126,
                        "Plan Width": 4,
                        "Actual Startup Time": 12.595,
                        "Actual Total Time": 48.413,
                        "Actual Rows": 50021,
                        "Actual Loops": 2,
                        "Recheck Cond": "(keyword_id < 51)",
                        "Rows Removed by Index Recheck": 0,
                        "Exact Heap Blocks": 15026,
                        "Lossy Heap Blocks": 0,
                        "Plans": [
                          {
                            "Node Type": "Bitmap Index Scan",
                            "Parent Relationship": "Outer",
                            "Parallel Aware": false,
                            "Index Name": "keyword_id_movie_keyword",
                            "Startup Cost": 0.0,
                            "Total Cost": 1177.38,
                            "Plan Rows": 56126,
                            "Plan Width": 0,
                            "Actual Startup Time": 8.62,
                            "Actual Total Time": 8.621,
                            "Actual Rows": 50021,
                            "Actual Loops": 2,
                            "Index Cond": "(keyword_id < 51)"
                          }
                        ]
                      }
                    ]
                  }
                ]
              }
            ]
          }
        ]
      }
    ]
  },
  "Planning Time": 0.465,
  "Triggers": [],
  "Execution Time": 717.612
}