[
  {
    "Plan": {
      "Node Type": "Aggregate",
      "Strategy": "Plain",
      "Partial Mode": "Simple",
      "Parallel Aware": false,
      "Startup Cost": 11401.53,
      "Total Cost": 11401.54,
      "Plan Rows": 1,
      "Plan Width": 96,
      "Actual Startup Time": 23568.449,
      "Actual Total Time": 23568.467,
      "Actual Rows": 1,
      "Actual Loops": 1,
      "Plans": [
        {
          "Node Type": "Nested Loop",
          "Parent Relationship": "Outer",
          "Parallel Aware": false,
          "Join Type": "Inner",
          "Startup Cost": 7.68,
          "Total Cost": 11401.52,
          "Plan Rows": 1,
          "Plan Width": 39,
          "Actual Startup Time": 40.138,
          "Actual Total Time": 23558.617,
          "Actual Rows": 19580,
          "Actual Loops": 1,
          "Inner Unique": true,
          "Plans": [
            {
              "Node Type": "Nested Loop",
              "Parent Relationship": "Outer",
              "Parallel Aware": false,
              "Join Type": "Inner",
              "Startup Cost": 7.25,
              "Total Cost": 11401.07,
              "Plan Rows": 1,
              "Plan Width": 43,
              "Actual Startup Time": 40.04,
              "Actual Total Time": 23232.501,
              "Actual Rows": 19580,
              "Actual Loops": 1,
              "Inner Unique": true,
              "Plans": [
                {
                  "Node Type": "Nested Loop",
                  "Parent Relationship": "Outer",
                  "Parallel Aware": false,
                  "Join Type": "Inner",
                  "Startup Cost": 6.83,
                  "Total Cost": 11347.36,
                  "Plan Rows": 119,
                  "Plan Width": 47,
                  "Actual Startup Time": 1.006,
                  "Actual Total Time": 15363.725,
                  "Actual Rows": 4314690,
                  "Actual Loops": 1,
                  "Inner Unique": false,
                  "Plans": [
                    {
                      "Node Type": "Nested Loop",
                      "Parent Relationship": "Outer",
                      "Parallel Aware": false,
                      "Join Type": "Inner",
                      "Startup Cost": 6.4,
                      "Total Cost": 11300.76,
                      "Plan Rows": 26,
                      "Plan Width": 59,
                      "Actual Startup Time": 0.895,
                      "Actual Total Time": 13994.963,
                      "Actual Rows": 84449,
                      "Actual Loops": 1,
                      "Inner Unique": true,
                      "Plans": [
                        {
                          "Node Type": "Nested Loop",
                          "Parent Relationship": "Outer",
                          "Parallel Aware": false,
                          "Join Type": "Inner",
                          "Startup Cost": 5.97,
                          "Total Cost": 11104.84,
                          "Plan Rows": 428,
                          "Plan Width": 47,
                          "Actual Startup Time": 0.717,
                          "Actual Total Time": 7341.784,
                          "Actual Rows": 1853016,
                          "Actual Loops": 1,
                          "Inner Unique": false,
                          "Plans": [
                            {
                              "Node Type": "Nested Loop",
                              "Parent Relationship": "Outer",
                              "Parallel Aware": false,
                              "Join Type": "Inner",
                              "Startup Cost": 5.41,
                              "Total Cost": 11047.75,
                              "Plan Rows": 24,
                              "Plan Width": 35,
                              "Actual Startup Time": 0.557,
                              "Actual Total Time": 955.039,
                              "Actual Rows": 35480,
                              "Actual Loops": 1,
                              "Inner Unique": false,
                              "Join Filter": "(t.kind_id = kt.id)",
                              "Rows Removed by Join Filter": 23737,
                              "Plans": [
                                {
                                  "Node Type": "Seq Scan",
                                  "Parent Relationship": "Outer",
                                  "Parallel Aware": false,
                                  "Relation Name": "kind_type",
                                  "Alias": "kt",
                                  "Startup Cost": 0.0,
                                  "Total Cost": 1.09,
                                  "Plan Rows": 1,
                                  "Plan Width": 4,
                                  "Actual Startup Time": 0.026,
                                  "Actual Total Time": 0.032,
                                  "Actual Rows": 1,
                                  "Actual Loops": 1,
                                  "Filter": "((kind)::text = 'movie'::text)",
                                  "Rows Removed by Filter": 6
                                },
                                {
                                  "Node Type": "Nested Loop",
                                  "Parent Relationship": "Inner",
                                  "Parallel Aware": false,
                                  "Join Type": "Inner",
                                  "Startup Cost": 5.41,
                                  "Total Cost": 11044.6,
                                  "Plan Rows": 165,
                                  "Plan Width": 39,
                                  "Actual Startup Time": 0.528,
                                  "Actual Total Time": 945.514,
                                  "Actual Rows": 59217,
                                  "Actual Loops": 1,
                                  "Inner Unique": true,
                                  "Join Filter": "(cc.movie_id = t.id)",
                                  "Rows Removed by Join Filter": 0,
                                  "Plans": [
                                    {
                                      "Node Type": "Hash Join",
                                      "Parent Relationship": "Outer",
                                      "Parallel Aware": false,
                                      "Join Type": "Inner",
                                      "Startup Cost": 4.98,
                                      "Total Cost": 10915.93,
                                      "Plan Rows": 217,
                                      "Plan Width": 14,
                                      "Actual Startup Time": 0.443,
                                      "Actual Total Time": 417.25,
                                      "Actual Rows": 61559,
                                      "Actual Loops": 1,
                                      "Inner Unique": true,
                                      "Hash Cond": "(mi_idx.info_type_id = it2.id)",
                                      "Plans": [
                                        {
                                          "Node Type": "Nested Loop",
                                          "Parent Relationship": "Outer",
                                          "Parallel Aware": false,
                                          "Join Type": "Inner",
                                          "Startup Cost": 2.55,
                                          "Total Cost": 10846.61,
                                          "Plan Rows": 24564,
                                          "Plan Width": 18,
                                          "Actual Startup Time": 0.288,
                                          "Actual Total Time": 388.586,
                                          "Actual Rows": 184902,
                                          "Actual Loops": 1,
                                          "Inner Unique": false,
                                          "Plans": [
                                            {
                                              "Node Type": "Hash Join",
                                              "Parent Relationship": "Outer",
                                              "Parallel Aware": false,
                                              "Join Type": "Inner",
                                              "Startup Cost": 2.12,
                                              "Total Cost": 2996.88,
                                              "Plan Rows": 8443,
                                              "Plan Width": 4,
                                              "Actual Startup Time": 0.17,
                                              "Actual Total Time": 74.821,
                                              "Actual Rows": 85941,
                                              "Actual Loops": 1,
                                              "Inner Unique": true,
                                              "Hash Cond": "(cc.status_id = cct2.id)",
                                              "Plans": [
                                                {
                                                  "Node Type": "Hash Join",
                                                  "Parent Relationship": "Outer",
                                                  "Parallel Aware": false,
                                                  "Join Type": "Inner",
                                                  "Startup Cost": 1.06,
                                                  "Total Cost": 2813.24,
                                                  "Plan Rows": 33772,
                                                  "Plan Width": 8,
                                                  "Actual Startup Time": 0.092,
                                                  "Actual Total Time": 56.724,
                                                  "Actual Rows": 85941,
                                                  "Actual Loops": 1,
                                                  "Inner Unique": true,
                                                  "Hash Cond": "(cc.subject_id = cct1.id)",
                                                  "Plans": [
                                                    {
                                                      "Node Type": "Seq Scan",
                                                      "Parent Relationship": "Outer",
                                                      "Parallel Aware": false,
                                                      "Relation Name": "complete_cast",
                                                      "Alias": "cc",
                                                      "Startup Cost": 0.0,
                                                      "Total Cost": 2081.86,
                                                      "Plan Rows": 135086,
                                                      "Plan Width": 12,
                                                      "Actual Startup Time": 0.033,
                                                      "Actual Total Time": 25.69,
                                                      "Actual Rows": 135086,
                                                      "Actual Loops": 1
                                                    },
                                                    {
                                                      "Node Type": "Hash",
                                                      "Parent Relationship": "Inner",
                                                      "Parallel Aware": false,
                                                      "Startup Cost": 1.05,
                                                      "Total Cost": 1.05,
                                                      "Plan Rows": 1,
                                                      "Plan Width": 4,
                                                      "Actual Startup Time": 0.008,
                                                      "Actual Total Time": 0.01,
                                                      "Actual Rows": 1,
                                                      "Actual Loops": 1,
                                                      "Hash Buckets": 1024,
                                                      "Original Hash Buckets": 1024,
                                                      "Hash Batches": 1,
                                                      "Original Hash Batches": 1,
                                                      "Peak Memory Usage": 9,
                                                      "Plans": [
                                                        {
                                                          "Node Type": "Seq Scan",
                                                          "Parent Relationship": "Outer",
                                                          "Parallel Aware": false,
                                                          "Relation Name": "comp_cast_type",
                                                          "Alias": "cct1",
                                                          "Startup Cost": 0.0,
                                                          "Total Cost": 1.05,
                                                          "Plan Rows": 1,
                                                          "Plan Width": 4,
                                                          "Actual Startup Time": 0.003,
                                                          "Actual Total Time": 0.004,
                                                          "Actual Rows": 1,
                                                          "Actual Loops": 1,
                                                          "Filter": "((kind)::text = 'cast'::text)",
                                                          "Rows Removed by Filter": 3
                                                        }
                                                      ]
                                                    }
                                                  ]
                                                },
                                                {
                                                  "Node Type": "Hash",
                                                  "Parent Relationship": "Inner",
                                                  "Parallel Aware": false,
                                                  "Startup Cost": 1.05,
                                                  "Total Cost": 1.05,
                                                  "Plan Rows": 1,
                                                  "Plan Width": 4,
                                                  "Actual Startup Time": 0.018,
                                                  "Actual Total Time": 0.021,
                                                  "Actual Rows": 2,
                                                  "Actual Loops": 1,
                                                  "Hash Buckets": 1024,
                                                  "Original Hash Buckets": 1024,
                                                  "Hash Batches": 1,
                                                  "Original Hash Batches": 1,
                                                  "Peak Memory Usage": 9,
                                                  "Plans": [
                                                    {
                                                      "Node Type": "Seq Scan",
                                                      "Parent Relationship": "Outer",
                                                      "Parallel Aware": false,
                                                      "Relation Name": "comp_cast_type",
                                                      "Alias": "cct2",
                                                      "Startup Cost": 0.0,
                                                      "Total Cost": 1.05,
                                                      "Plan Rows": 1,
                                                      "Plan Width": 4,
                                                      "Actual Startup Time": 0.01,
                                                      "Actual Total Time": 0.011,
                                                      "Actual Rows": 2,
                                                      "Actual Loops": 1,
                                                      "Filter": "((kind)::text ~~ '%complete%'::text)",
                                                      "Rows Removed by Filter": 2
                                                    }
                                                  ]
                                                }
                                              ]
                                            },
                                            {
                                              "Node Type": "Index Scan",
                                              "Parent Relationship": "Inner",
                                              "Parallel Aware": false,
                                              "Scan Direction": "Forward",
                                              "Index Name": "movie_id_movie_info_idx",
                                              "Relation Name": "movie_info_idx",
                                              "Alias": "mi_idx",
                                              "Startup Cost": 0.43,
                                              "Total Cost": 0.9,
                                              "Plan Rows": 3,
                                              "Plan Width": 14,
                                              "Actual Startup Time": 0.003,
                                              "Actual Total Time": 0.003,
                                              "Actual Rows": 2,
                                              "Actual Loops": 85941,
                                              "Index Cond": "(movie_id = cc.movie_id)",
                                              "Rows Removed by Index Recheck": 0
                                            }
                                          ]
                                        },
                                        {
                                          "Node Type": "Hash",
                                          "Parent Relationship": "Inner",
                                          "Parallel Aware": false,
                                          "Startup Cost": 2.41,
                                          "Total Cost": 2.41,
                                          "Plan Rows": 1,
                                          "Plan Width": 4,
                                          "Actual Startup Time": 0.031,
                                          "Actual Total Time": 0.032,
                                          "Actual Rows": 1,
                                          "Actual Loops": 1,
                                          "Hash Buckets": 1024,
                                          "Original Hash Buckets": 1024,
                                          "Hash Batches": 1,
                                          "Original Hash Batches": 1,
                                          "Peak Memory Usage": 9,
                                          "Plans": [
                                            {
                                              "Node Type": "Seq Scan",
                                              "Parent Relationship": "Outer",
                                              "Parallel Aware": false,
                                              "Relation Name": "info_type",
                                              "Alias": "it2",
                                              "Startup Cost": 0.0,
                                              "Total Cost": 2.41,
                                              "Plan Rows": 1,
                                              "Plan Width": 4,
                                              "Actual Startup Time": 0.021,
                                              "Actual Total Time": 0.022,
                                              "Actual Rows": 1,
                                              "Actual Loops": 1,
                                              "Filter": "((info)::text = 'rating'::text)",
                                              "Rows Removed by Filter": 112
                                            }
                                          ]
                                        }
                                      ]
                                    },
                                    {
                                      "Node Type": "Index Scan",
                                      "Parent Relationship": "Inner",
                                      "Parallel Aware": false,
                                      "Scan Direction": "Forward",
                                      "Index Name": "title_pkey",
                                      "Relation Name": "title",
                                      "Alias": "t",
                                      "Startup Cost": 0.43,
                                      "Total Cost": 0.58,
                                      "Plan Rows": 1,
                                      "Plan Width": 25,
                                      "Actual Startup Time": 0.008,
                                      "Actual Total Time": 0.008,
                                      "Actual Rows": 1,
                                      "Actual Loops": 61559,
                                      "Index Cond": "(id = mi_idx.movie_id)",
                                      "Rows Removed by Index Recheck": 0,
                                      "Filter": "(production_year < 2010)",
                                      "Rows Removed by Filter": 0
                                    }
                                  ]
                                }
                              ]
                            },
                            {
                              "Node Type": "Index Scan",
                              "Parent Relationship": "Inner",
                              "Parallel Aware": false,
                              "Scan Direction": "Forward",
                              "Index Name": "movie_id_cast_info",
                              "Relation Name": "cast_info",
                              "Alias": "ci",
                              "Startup Cost": 0.56,
                              "Total Cost": 2.01,
                              "Plan Rows": 37,
                              "Plan Width": 12,
                              "Actual Startup Time": 0.014,
                              "Actual Total Time": 0.172,
                              "Actual Rows": 52,
                              "Actual Loops": 35480,
                              "Index Cond": "(movie_id = t.id)",
                              "Rows Removed by Index Recheck": 0
                            }
                          ]
                        },
                        {
                          "Node Type": "Index Scan",
                          "Parent Relationship": "Inner",
                          "Parallel Aware": false,
                          "Scan Direction": "Forward",
                          "Index Name": "char_name_pkey",
                          "Relation Name": "char_name",
                          "Alias": "chn",
                          "Startup Cost": 0.43,
                          "Total Cost": 0.46,
                          "Plan Rows": 1,
                          "Plan Width": 20,
                          "Actual Startup Time": 0.003,
                          "Actual Total Time": 0.003,
                          "Actual Rows": 0,
                          "Actual Loops": 1853016,
                          "Index Cond": "(id = ci.person_role_id)",
                          "Rows Removed by Index Recheck": 0,
                          "Filter": "((name IS NOT NULL) AND ((name ~~ '%man%'::text) OR (name ~~ '%Man%'::text)))",
                          "Rows Removed by Filter": 1
                        }
                      ]
                    },
                    {
                      "Node Type": "Index Scan",
                      "Parent Relationship": "Inner",
                      "Parallel Aware": false,
                      "Scan Direction": "Forward",
                      "Index Name": "movie_id_movie_keyword",
                      "Relation Name": "movie_keyword",
                      "Alias": "mk",
                      "Startup Cost": 0.43,
                      "Total Cost": 1.33,
                      "Plan Rows": 46,
                      "Plan Width": 8,
                      "Actual Startup Time": 0.004,
                      "Actual Total Time": 0.011,
                      "Actual Rows": 51,
                      "Actual Loops": 84449,
                      "Index Cond": "(movie_id = t.id)",
                      "Rows Removed by Index Recheck": 0
                    }
                  ]
                },
                {
                  "Node Type": "Index Scan",
                  "Parent Relationship": "Inner",
                  "Parallel Aware": false,
                  "Scan Direction": "Forward",
                  "Index Name": "keyword_pkey",
                  "Relation Name": "keyword",
                  "Alias": "k",
                  "Startup Cost": 0.42,
                  "Total Cost": 0.45,
                  "Plan Rows": 1,
                  "Plan Width": 4,
                  "Actual Startup Time": 0.002,
                  "Actual Total Time": 0.002,
                  "Actual Rows": 0,
                  "Actual Loops": 4314690,
                  "Index Cond": "(id = mk.keyword_id)",
                  "Rows Removed by Index Recheck": 0,
                  "Filter": "(keyword = ANY ('{superhero,marvel-comics,based-on-comic,tv-special,fight,violence,magnet,web,claw,laser}'::text[]))",
                  "Rows Removed by Filter": 1
                }
              ]
            },
            {
              "Node Type": "Index Only Scan",
              "Parent Relationship": "Inner",
              "Parallel Aware": false,
              "Scan Direction": "Forward",
              "Index Name": "name_pkey",
              "Relation Name": "name",
              "Alias": "n",
              "Startup Cost": 0.43,
              "Total Cost": 0.46,
              "Plan Rows": 1,
              "Plan Width": 4,
              "Actual Startup Time": 0.016,
              "Actual Total Time": 0.016,
              "Actual Rows": 1,
              "Actual Loops": 19580,
              "Index Cond": "(id = ci.person_id)",
              "Rows Removed by Index Recheck": 0,
              "Heap Fetches": 19580
            }
          ]
        }
      ]
    },
    "Planning Time": 102.355,
    "Triggers": [],
    "Execution Time": 23569.247
  }
]