{
  "Plan": {
    "Node Type": "Aggregate",
    "Strategy": "Plain",
    "Partial Mode": "Finalize",
    "Parallel Aware": false,
    "Startup Cost": 688798.42,
    "Total Cost": 688798.43,
    "Plan Rows": 1,
    "Plan Width": 8,
    "Actual Startup Time": 4932.566,
    "Actual Total Time": 4978.03,
    "Actual Rows": 1,
    "Actual Loops": 1,
    "Plans": [
      {
        "Node Type": "Gather",
        "Parent Relationship": "Outer",
        "Parallel Aware": false,
        "Startup Cost": 688798.31,
        "Total Cost": 688798.42,
        "Plan Rows": 1,
        "Plan Width": 8,
        "Actual Startup Time": 4926.187,
        "Actual Total Time": 4978.021,
        "Actual Rows": 2,
        "Actual Loops": 1,
        "Workers Planned": 1,
        "Workers Launched": 1,
        "Single Copy": false,
        "Plans": [
          {
            "Node Type": "Aggregate",
            "Strategy": "Plain",
            "Partial Mode": "Partial",
            "Parent Relationship": "Outer",
            "Parallel Aware": false,
            "Startup Cost": 687798.31,
            "Total Cost": 687798.32,
            "Plan Rows": 1,
            "Plan Width": 8,
            "Actual Startup Time": 4919.472,
            "Actual Total Time": 4919.479,
            "Actual Rows": 1,
            "Actual Loops": 2,
            "Plans": [
              {
                "Node Type": "Hash Join",
                "Parent Relationship": "Outer",
                "Parallel Aware": true,
                "Join Type": "Inner",
                "Startup Cost": 380432.8,
                "Total Cost": 680103.94,
                "Plan Rows": 3077746,
                "Plan Width": 0,
                "Actual Startup Time": 1305.103,
                "Actual Total Time": 4566.009,
                "Actual Rows": 7486839,
                "Actual Loops": 2,
                "Inner Unique": false,
                "Hash Cond": "(mi.movie_id = t.id)",
                "Plans": [
                  {
                    "Node Type": "Seq Scan",
                    "Parent Relationship": "Outer",
                    "Parallel Aware": true,
                    "Relation Name": "movie_info",
                    "Alias": "mi",
                    "Startup Cost": 0.0,
                    "Total Cost": 248955.74,
                    "Plan Rows": 8696274,
                    "Plan Width": 4,
                    "Actual Startup Time": 0.031,
                    "Actual Total Time": 728.777,
                    "Actual Rows": 7417860,
                    "Actual Loops": 2
                  },
                  {
                    "Node Type": "Hash",
                    "Parent Relationship": "Inner",
                    "Parallel Aware": true,
                    "Startup Cost": 373853.38,
                    "Total Cost": 373853.38,
                    "Plan Rows": 526354,
                    "Plan Width": 8,
                    "Actual Startup Time": 1295.598,
                    "Actual Total Time": 1295.603,
                    "Actual Rows": 598492,
                    "Actual Loops": 2,
                    "Hash Buckets": 2097152,
                    "Original Hash Buckets": 1048576,
                    "Hash Batches": 1,
                    "Original Hash Batches": 1,
                    "Peak Memory Usage": 71424,
                    "Plans": [
                      {
                        "Node Type": "Hash Join",
                        "Parent Relationship": "Outer",
                        "Parallel Aware": true,
                        "Join Type": "Inner",
                        "Startup Cost": 105367.54,
                        "Total Cost": 373853.38,
                        "Plan Rows": 526354,
                        "Plan Width": 8,
                        "Actual Startup Time": 647.329,
                        "Actual Total Time": 1078.417,
                        "Actual Rows": 598492,
                        "Actual Loops": 2,
                        "Inner Unique": true,
                        "Hash Cond": "(ci.movie_id = t.id)",
                        "Plans": [
                          {
                            "Node Type": "Bitmap Heap Scan",
                            "Parent Relationship": "Outer",
                            "Parallel Aware": true,
                            "Relation Name": "cast_info",
                            "Alias": "ci",
                            "Startup Cost": 35906.85,
                            "Total Cost": 303011.0,
                            "Plan Rows": 526354,
                            "Plan Width": 4,
                            "Actual Startup Time": 58.578,
                            "Actual Total Time": 181.433,
                            "Actual Rows": 598492,
                            "Actual Loops": 2,
                            "Recheck Cond": "(person_id < 166250)",
                            "Rows Removed by Index Recheck": 0,
                            "Filter": "(role_id < 3)",
                            "Rows Removed by Filter": 235738,
                            "Exact Heap Blocks": 10002,
                            "Lossy Heap Blocks": 0,
                            "Plans": [
                              {
                                "Node Type": "Bitmap Index Scan",
                                "Parent Relationship": "Outer",
                                "Parallel Aware": false,
                                "Index Name": "person_id_cast_info",
                                "Startup Cost": 0.0,
                                "Total Cost": 35683.15,
                                "Plan Rows": 1633944,
                                "Plan Width": 0,
                                "Actual Startup Time": 55.886,
                                "Actual Total Time": 55.886,
                                "Actual Rows": 1668462,
                                "Actual Loops": 1,
                                "Index Cond": "(person_id < 166250)"
                              }
                            ]
                          },
                          {
                            "Node Type": "Hash",
                            "Parent Relationship": "Inner",
                            "Parallel Aware": true,
                            "Startup Cost": 50870.31,
                            "Total Cost": 50870.31,
                            "Plan Rows": 1487231,
                            "Plan Width": 4,
                            "Actual Startup Time": 572.89,
                            "Actual Total Time": 572.891,
                            "Actual Rows": 1264156,
                            "Actual Loops": 2,
                            "Hash Buckets": 4194304,
                            "Original Hash Buckets": 4194304,
                            "Hash Batches": 1,
                            "Original Hash Batches": 1,
                            "Peak Memory Usage": 131712,
                            "Plans": [
                              {
                                "Node Type": "Seq Scan",
                                "Parent Relationship": "Outer",
                                "Parallel Aware": true,
                                "Relation Name": "title",
                                "Alias": "t",
                                "Startup Cost": 0.0,
                                "Total Cost": 50870.31,
                                "Plan Rows": 1487231,
                                "Plan Width": 4,
                                "Actual Startup Time": 0.044,
                                "Actual Total Time": 157.763,
                                "Actual Rows": 1264156,
                                "Actual Loops": 2
                              }
                            ]
                          }
                        ]
                      }
                    ]
                  }
                ]
              }
            ]
          }
        ]
      }
    ]
  },
  "Planning Time": 0.964,
  "Triggers": [],
  "Execution Time": 4978.139
}