[
  {
    "Plan": {
      "Node Type": "Aggregate",
      "Strategy": "Plain",
      "Partial Mode": "Simple",
      "Parallel Aware": false,
      "Startup Cost": 523746.16,
      "Total Cost": 523746.17,
      "Plan Rows": 1,
      "Plan Width": 64,
      "Actual Startup Time": 2475.666,
      "Actual Total Time": 2590.884,
      "Actual Rows": 1,
      "Actual Loops": 1,
      "Plans": [
        {
          "Node Type": "Gather",
          "Parent Relationship": "Outer",
          "Parallel Aware": false,
          "Startup Cost": 479057.27,
          "Total Cost": 523746.15,
          "Plan Rows": 2,
          "Plan Width": 15,
          "Actual Startup Time": 2353.414,
          "Actual Total Time": 2590.336,
          "Actual Rows": 4277,
          "Actual Loops": 1,
          "Workers Planned": 4,
          "Workers Launched": 4,
          "Single Copy": false,
          "Plans": [
            {
              "Node Type": "Hash Join",
              "Parent Relationship": "Outer",
              "Parallel Aware": true,
              "Join Type": "Inner",
              "Startup Cost": 478057.27,
              "Total Cost": 522745.95,
              "Plan Rows": 1,
              "Plan Width": 15,
              "Actual Startup Time": 2345.375,
              "Actual Total Time": 2464.427,
              "Actual Rows": 855,
              "Actual Loops": 5,
              "Inner Unique": false,
              "Hash Cond": "(t.id = ci.movie_id)",
              "Plans": [
                {
                  "Node Type": "Seq Scan",
                  "Parent Relationship": "Outer",
                  "Parallel Aware": true,
                  "Relation Name": "title",
                  "Alias": "t",
                  "Startup Cost": 0.0,
                  "Total Cost": 42318.49,
                  "Plan Rows": 632049,
                  "Plan Width": 4,
                  "Actual Startup Time": 0.022,
                  "Actual Total Time": 71.485,
                  "Actual Rows": 505662,
                  "Actual Loops": 5
                },
                {
                  "Node Type": "Hash",
                  "Parent Relationship": "Inner",
                  "Parallel Aware": true,
                  "Startup Cost": 478057.25,
                  "Total Cost": 478057.25,
                  "Plan Rows": 1,
                  "Plan Width": 27,
                  "Actual Startup Time": 2341.985,
                  "Actual Total Time": 2342.0,
                  "Actual Rows": 855,
                  "Actual Loops": 5,
                  "Hash Buckets": 4096,
                  "Original Hash Buckets": 1024,
                  "Hash Batches": 1,
                  "Original Hash Batches": 1,
                  "Peak Memory Usage": 440,
                  "Plans": [
                    {
                      "Node Type": "Hash Join",
                      "Parent Relationship": "Outer",
                      "Parallel Aware": true,
                      "Join Type": "Inner",
                      "Startup Cost": 148681.06,
                      "Total Cost": 478057.25,
                      "Plan Rows": 1,
                      "Plan Width": 27,
                      "Actual Startup Time": 832.786,
                      "Actual Total Time": 2266.671,
                      "Actual Rows": 855,
                      "Actual Loops": 5,
                      "Inner Unique": false,
                      "Hash Cond": "(ci.movie_id = mk.movie_id)",
                      "Plans": [
                        {
                          "Node Type": "Hash Join",
                          "Parent Relationship": "Outer",
                          "Parallel Aware": true,
                          "Join Type": "Inner",
                          "Startup Cost": 68898.66,
                          "Total Cost": 397817.42,
                          "Plan Rows": 121982,
                          "Plan Width": 19,
                          "Actual Startup Time": 402.27,
                          "Actual Total Time": 1821.296,
                          "Actual Rows": 160863,
                          "Actual Loops": 5,
                          "Inner Unique": true,
                          "Hash Cond": "(ci.person_id = n.id)",
                          "Plans": [
                            {
                              "Node Type": "Seq Scan",
                              "Parent Relationship": "Outer",
                              "Parallel Aware": true,
                              "Relation Name": "cast_info",
                              "Alias": "ci",
                              "Startup Cost": 0.0,
                              "Total Cost": 313068.58,
                              "Plan Rows": 6038158,
                              "Plan Width": 8,
                              "Actual Startup Time": 0.015,
                              "Actual Total Time": 911.482,
                              "Actual Rows": 7248869,
                              "Actual Loops": 5
                            },
                            {
                              "Node Type": "Hash",
                              "Parent Relationship": "Inner",
                              "Parallel Aware": true,
                              "Startup Cost": 68635.58,
                              "Total Cost": 68635.58,
                              "Plan Rows": 21046,
                              "Plan Width": 19,
                              "Actual Startup Time": 152.691,
                              "Actual Total Time": 152.692,
                              "Actual Rows": 20229,
                              "Actual Loops": 5,
                              "Hash Buckets": 131072,
                              "Original Hash Buckets": 131072,
                              "Hash Batches": 1,
                              "Original Hash Batches": 1,
                              "Peak Memory Usage": 6592,
                              "Plans": [
                                {
                                  "Node Type": "Seq Scan",
                                  "Parent Relationship": "Outer",
                                  "Parallel Aware": true,
                                  "Relation Name": "name",
                                  "Alias": "n",
                                  "Startup Cost": 0.0,
                                  "Total Cost": 68635.58,
                                  "Plan Rows": 21046,
                                  "Plan Width": 19,
                                  "Actual Startup Time": 26.458,
                                  "Actual Total Time": 141.963,
                                  "Actual Rows": 20229,
                                  "Actual Loops": 5,
                                  "Filter": "(name ~~ 'J%'::text)",
                                  "Rows Removed by Filter": 813269
                                }
                              ]
                            }
                          ]
                        },
                        {
                          "Node Type": "Hash",
                          "Parent Relationship": "Inner",
                          "Parallel Aware": true,
                          "Startup Cost": 79782.37,
                          "Total Cost": 79782.37,
                          "Plan Rows": 2,
                          "Plan Width": 8,
                          "Actual Startup Time": 430.165,
                          "Actual Total Time": 430.173,
                          "Actual Rows": 897,
                          "Actual Loops": 5,
                          "Hash Buckets": 8192,
                          "Original Hash Buckets": 1024,
                          "Hash Batches": 1,
                          "Original Hash Batches": 1,
                          "Peak Memory Usage": 376,
                          "Plans": [
                            {
                              "Node Type": "Hash Join",
                              "Parent Relationship": "Outer",
                              "Parallel Aware": true,
                              "Join Type": "Inner",
                              "Startup Cost": 50276.57,
                              "Total Cost": 79782.37,
                              "Plan Rows": 2,
                              "Plan Width": 8,
                              "Actual Startup Time": 284.58,
                              "Actual Total Time": 419.046,
                              "Actual Rows": 897,
                              "Actual Loops": 5,
                              "Inner Unique": false,
                              "Hash Cond": "(mc.movie_id = mk.movie_id)",
                              "Plans": [
                                {
                                  "Node Type": "Hash Join",
                                  "Parent Relationship": "Outer",
                                  "Parallel Aware": true,
                                  "Join Type": "Inner",
                                  "Startup Cost": 4772.11,
                                  "Total Cost": 34188.04,
                                  "Plan Rows": 23961,
                                  "Plan Width": 4,
                                  "Actual Startup Time": 12.48,
                                  "Actual Total Time": 142.987,
                                  "Actual Rows": 20999,
                                  "Actual Loops": 5,
                                  "Inner Unique": true,
                                  "Hash Cond": "(mc.company_id = cn.id)",
                                  "Plans": [
                                    {
                                      "Node Type": "Seq Scan",
                                      "Parent Relationship": "Outer",
                                      "Parallel Aware": true,
                                      "Relation Name": "movie_companies",
                                      "Alias": "mc",
                                      "Startup Cost": 0.0,
                                      "Total Cost": 27206.55,
                                      "Plan Rows": 841655,
                                      "Plan Width": 8,
                                      "Actual Startup Time": 0.016,
                                      "Actual Total Time": 70.009,
                                      "Actual Rows": 521826,
                                      "Actual Loops": 5
                                    },
                                    {
                                      "Node Type": "Hash",
                                      "Parent Relationship": "Inner",
                                      "Parallel Aware": true,
                                      "Startup Cost": 4722.92,
                                      "Total Cost": 4722.92,
                                      "Plan Rows": 3935,
                                      "Plan Width": 4,
                                      "Actual Startup Time": 12.336,
                                      "Actual Total Time": 12.337,
                                      "Actual Rows": 1350,
                                      "Actual Loops": 5,
                                      "Hash Buckets": 8192,
                                      "Original Hash Buckets": 8192,
                                      "Hash Batches": 1,
                                      "Original Hash Batches": 1,
                                      "Peak Memory Usage": 448,
                                      "Plans": [
                                        {
                                          "Node Type": "Seq Scan",
                                          "Parent Relationship": "Outer",
                                          "Parallel Aware": true,
                                          "Relation Name": "company_name",
                                          "Alias": "cn",
                                          "Startup Cost": 0.0,
                                          "Total Cost": 4722.92,
                                          "Plan Rows": 3935,
                                          "Plan Width": 4,
                                          "Actual Startup Time": 0.031,
                                          "Actual Total Time": 11.618,
                                          "Actual Rows": 1350,
                                          "Actual Loops": 5,
                                          "Filter": "((country_code)::text = '[jp]'::text)",
                                          "Rows Removed by Filter": 45649
                                        }
                                      ]
                                    }
                                  ]
                                },
                                {
                                  "Node Type": "Hash",
                                  "Parent Relationship": "Inner",
                                  "Parallel Aware": true,
                                  "Startup Cost": 45504.33,
                                  "Total Cost": 45504.33,
                                  "Plan Rows": 11,
                                  "Plan Width": 4,
                                  "Actual Startup Time": 271.329,
                                  "Actual Total Time": 271.332,
                                  "Actual Rows": 8368,
                                  "Actual Loops": 5,
                                  "Hash Buckets": 65536,
                                  "Original Hash Buckets": 1024,
                                  "Hash Batches": 1,
                                  "Original Hash Batches": 1,
                                  "Peak Memory Usage": 2744,
                                  "Plans": [
                                    {
                                      "Node Type": "Hash Join",
                                      "Parent Relationship": "Outer",
                                      "Parallel Aware": false,
                                      "Join Type": "Inner",
                                      "Startup Cost": 2626.14,
                                      "Total Cost": 45504.33,
                                      "Plan Rows": 11,
                                      "Plan Width": 4,
                                      "Actual Startup Time": 27.041,
                                      "Actual Total Time": 226.262,
                                      "Actual Rows": 8368,
                                      "Actual Loops": 5,
                                      "Inner Unique": true,
                                      "Hash Cond": "(mk.keyword_id = k.id)",
                                      "Plans": [
                                        {
                                          "Node Type": "Seq Scan",
                                          "Parent Relationship": "Outer",
                                          "Parallel Aware": true,
                                          "Relation Name": "movie_keyword",
                                          "Alias": "mk",
                                          "Startup Cost": 0.0,
                                          "Total Cost": 39047.32,
                                          "Plan Rows": 1459332,
                                          "Plan Width": 8,
                                          "Actual Startup Time": 0.062,
                                          "Actual Total Time": 116.183,
                                          "Actual Rows": 904786,
                                          "Actual Loops": 5
                                        },
                                        {
                                          "Node Type": "Hash",
                                          "Parent Relationship": "Inner",
                                          "Parallel Aware": false,
                                          "Startup Cost": 2626.12,
                                          "Total Cost": 2626.12,
                                          "Plan Rows": 1,
                                          "Plan Width": 4,
                                          "Actual Startup Time": 26.89,
                                          "Actual Total Time": 26.891,
                                          "Actual Rows": 1,
                                          "Actual Loops": 5,
                                          "Hash Buckets": 1024,
                                          "Original Hash Buckets": 1024,
                                          "Hash Batches": 1,
                                          "Original Hash Batches": 1,
                                          "Peak Memory Usage": 9,
                                          "Plans": [
                                            {
                                              "Node Type": "Seq Scan",
                                              "Parent Relationship": "Outer",
                                              "Parallel Aware": false,
                                              "Relation Name": "keyword",
                                              "Alias": "k",
                                              "Startup Cost": 0.0,
                                              "Total Cost": 2626.12,
                                              "Plan Rows": 1,
                                              "Plan Width": 4,
                                              "Actual Startup Time": 2.116,
                                              "Actual Total Time": 26.867,
                                              "Actual Rows": 1,
                                              "Actual Loops": 5,
                                              "Filter": "(keyword = 'character-name-in-title'::text)",
                                              "Rows Removed by Filter": 134169
                                            }
                                          ]
                                        }
                                      ]
                                    }
                                  ]
                                }
                              ]
                            }
                          ]
                        }
                      ]
                    }
                  ]
                }
              ]
            }
          ]
        }
      ]
    },
    "Planning Time": 14.39,
    "Triggers": [],
    "Execution Time": 2591.32
  }
]