{
  "Plan": {
    "Node Type": "Aggregate",
    "Strategy": "Plain",
    "Partial Mode": "Finalize",
    "Parallel Aware": false,
    "Startup Cost": 99007.55,
    "Total Cost": 99007.56,
    "Plan Rows": 1,
    "Plan Width": 8,
    "Actual Startup Time": 525.31,
    "Actual Total Time": 539.203,
    "Actual Rows": 1,
    "Actual Loops": 1,
    "Plans": [
      {
        "Node Type": "Gather",
        "Parent Relationship": "Outer",
        "Parallel Aware": false,
        "Startup Cost": 99007.44,
        "Total Cost": 99007.55,
        "Plan Rows": 1,
        "Plan Width": 8,
        "Actual Startup Time": 521.644,
        "Actual Total Time": 539.195,
        "Actual Rows": 2,
        "Actual Loops": 1,
        "Workers Planned": 1,
        "Workers Launched": 1,
        "Single Copy": false,
        "Plans": [
          {
            "Node Type": "Aggregate",
            "Strategy": "Plain",
            "Partial Mode": "Partial",
            "Parent Relationship": "Outer",
            "Parallel Aware": false,
            "Startup Cost": 98007.44,
            "Total Cost": 98007.45,
            "Plan Rows": 1,
            "Plan Width": 8,
            "Actual Startup Time": 514.233,
            "Actual Total Time": 514.236,
            "Actual Rows": 1,
            "Actual Loops": 2,
            "Plans": [
              {
                "Node Type": "Hash Join",
                "Parent Relationship": "Outer",
                "Parallel Aware": true,
                "Join Type": "Inner",
                "Startup Cost": 71874.15,
                "Total Cost": 97824.94,
                "Plan Rows": 73001,
                "Plan Width": 0,
                "Actual Startup Time": 431.701,
                "Actual Total Time": 512.101,
                "Actual Rows": 41670,
                "Actual Loops": 2,
                "Inner Unique": true,
                "Hash Cond": "(mk.movie_id = t.id)",
                "Plans": [
                  {
                    "Node Type": "Bitmap Heap Scan",
                    "Parent Relationship": "Outer",
                    "Parallel Aware": true,
                    "Relation Name": "movie_keyword",
                    "Alias": "mk",
                    "Startup Cost": 3572.25,
                    "Total Cost": 29263.26,
                    "Plan Rows": 98961,
                    "Plan Width": 4,
                    "Actual Startup Time": 17.845,
                    "Actual Total Time": 60.527,
                    "Actual Rows": 91213,
                    "Actual Loops": 2,
                    "Recheck Cond": "(keyword_id < 135)",
                    "Rows Removed by Index Recheck": 0,
                    "Exact Heap Blocks": 13926,
                    "Lossy Heap Blocks": 0,
                    "Plans": [
                      {
                        "Node Type": "Bitmap Index Scan",
                        "Parent Relationship": "Outer",
                        "Parallel Aware": false,
                        "Index Name": "keyword_id_movie_keyword",
                        "Startup Cost": 0.0,
                        "Total Cost": 3530.19,
                        "Plan Rows": 168234,
                        "Plan Width": 0,
                        "Actual Startup Time": 14.369,
                        "Actual Total Time": 14.369,
                        "Actual Rows": 182426,
                        "Actual Loops": 1,
                        "Index Cond": "(keyword_id < 135)"
                      }
                    ]
                  },
                  {
                    "Node Type": "Hash",
                    "Parent Relationship": "Inner",
                    "Parallel Aware": true,
                    "Startup Cost": 54588.39,
                    "Total Cost": 54588.39,
                    "Plan Rows": 1097081,
                    "Plan Width": 4,
                    "Actual Startup Time": 399.503,
                    "Actual Total Time": 399.504,
                    "Actual Rows": 932744,
                    "Actual Loops": 2,
                    "Hash Buckets": 2097152,
                    "Original Hash Buckets": 2097152,
                    "Hash Batches": 1,
                    "Original Hash Batches": 1,
                    "Peak Memory Usage": 89408,
                    "Plans": [
                      {
                        "Node Type": "Seq Scan",
                        "Parent Relationship": "Outer",
                        "Parallel Aware": true,
                        "Relation Name": "title",
                        "Alias": "t",
                        "Startup Cost": 0.0,
                        "Total Cost": 54588.39,
                        "Plan Rows": 1097081,
                        "Plan Width": 4,
                        "Actual Startup Time": 0.028,
                        "Actual Total Time": 161.961,
                        "Actual Rows": 932744,
                        "Actual Loops": 2,
                        "Filter": "(kind_id > 1)",
                        "Rows Removed by Filter": 331412
                      }
                    ]
                  }
                ]
              }
            ]
          }
        ]
      }
    ]
  },
  "Planning Time": 0.513,
  "Triggers": [],
  "Execution Time": 539.285
}