[
  {
    "Plan": {
      "Node Type": "Aggregate",
      "Strategy": "Plain",
      "Partial Mode": "Finalize",
      "Parallel Aware": false,
      "Startup Cost": 102909.16,
      "Total Cost": 102909.17,
      "Plan Rows": 1,
      "Plan Width": 8,
      "Actual Startup Time": 744.732,
      "Actual Total Time": 807.031,
      "Actual Rows": 1,
      "Actual Loops": 1,
      "Plans": [
        {
          "Node Type": "Gather",
          "Parent Relationship": "Outer",
          "Parallel Aware": false,
          "Startup Cost": 102908.84,
          "Total Cost": 102909.15,
          "Plan Rows": 3,
          "Plan Width": 8,
          "Actual Startup Time": 744.171,
          "Actual Total Time": 807.009,
          "Actual Rows": 4,
          "Actual Loops": 1,
          "Workers Planned": 3,
          "Workers Launched": 3,
          "Single Copy": false,
          "Plans": [
            {
              "Node Type": "Aggregate",
              "Strategy": "Plain",
              "Partial Mode": "Partial",
              "Parent Relationship": "Outer",
              "Parallel Aware": false,
              "Startup Cost": 101908.84,
              "Total Cost": 101908.85,
              "Plan Rows": 1,
              "Plan Width": 8,
              "Actual Startup Time": 736.34,
              "Actual Total Time": 736.344,
              "Actual Rows": 1,
              "Actual Loops": 4,
              "Plans": [
                {
                  "Node Type": "Nested Loop",
                  "Parent Relationship": "Outer",
                  "Parallel Aware": false,
                  "Join Type": "Inner",
                  "Startup Cost": 45610.74,
                  "Total Cost": 101830.24,
                  "Plan Rows": 31439,
                  "Plan Width": 0,
                  "Actual Startup Time": 128.069,
                  "Actual Total Time": 727.017,
                  "Actual Rows": 157585,
                  "Actual Loops": 4,
                  "Inner Unique": false,
                  "Join Filter": "(t.id = ci.movie_id)",
                  "Rows Removed by Join Filter": 0,
                  "Plans": [
                    {
                      "Node Type": "Hash Join",
                      "Parent Relationship": "Outer",
                      "Parallel Aware": true,
                      "Join Type": "Inner",
                      "Startup Cost": 45610.17,
                      "Total Cost": 75026.06,
                      "Plan Rows": 13911,
                      "Plan Width": 8,
                      "Actual Startup Time": 127.803,
                      "Actual Total Time": 247.44,
                      "Actual Rows": 11260,
                      "Actual Loops": 4,
                      "Inner Unique": true,
                      "Hash Cond": "(mc.movie_id = t.id)",
                      "Plans": [
                        {
                          "Node Type": "Seq Scan",
                          "Parent Relationship": "Outer",
                          "Parallel Aware": true,
                          "Relation Name": "movie_companies",
                          "Alias": "mc",
                          "Startup Cost": 0.0,
                          "Total Cost": 27206.55,
                          "Plan Rows": 841655,
                          "Plan Width": 4,
                          "Actual Startup Time": 0.008,
                          "Actual Total Time": 62.186,
                          "Actual Rows": 652282,
                          "Actual Loops": 4
                        },
                        {
                          "Node Type": "Hash",
                          "Parent Relationship": "Inner",
                          "Parallel Aware": true,
                          "Startup Cost": 45479.59,
                          "Total Cost": 45479.59,
                          "Plan Rows": 10447,
                          "Plan Width": 4,
                          "Actual Startup Time": 102.95,
                          "Actual Total Time": 102.951,
                          "Actual Rows": 9890,
                          "Actual Loops": 4,
                          "Hash Buckets": 65536,
                          "Original Hash Buckets": 65536,
                          "Hash Batches": 1,
                          "Original Hash Batches": 1,
                          "Peak Memory Usage": 2112,
                          "Plans": [
                            {
                              "Node Type": "Seq Scan",
                              "Parent Relationship": "Outer",
                              "Parallel Aware": true,
                              "Relation Name": "title",
                              "Alias": "t",
                              "Startup Cost": 0.0,
                              "Total Cost": 45479.59,
                              "Plan Rows": 10447,
                              "Plan Width": 4,
                              "Actual Startup Time": 45.061,
                              "Actual Total Time": 99.266,
                              "Actual Rows": 9890,
                              "Actual Loops": 4,
                              "Filter": "((kind_id < 2) AND (production_year = 2012))",
                              "Rows Removed by Filter": 622188
                            }
                          ]
                        }
                      ]
                    },
                    {
                      "Node Type": "Index Scan",
                      "Parent Relationship": "Inner",
                      "Parallel Aware": false,
                      "Scan Direction": "Forward",
                      "Index Name": "movie_id_cast_info",
                      "Relation Name": "cast_info",
                      "Alias": "ci",
                      "Startup Cost": 0.56,
                      "Total Cost": 1.85,
                      "Plan Rows": 6,
                      "Plan Width": 4,
                      "Actual Startup Time": 0.032,
                      "Actual Total Time": 0.041,
                      "Actual Rows": 14,
                      "Actual Loops": 45042,
                      "Index Cond": "(movie_id = mc.movie_id)",
                      "Rows Removed by Index Recheck": 0,
                      "Filter": "(role_id > 8)",
                      "Rows Removed by Filter": 30
                    }
                  ]
                }
              ]
            }
          ]
        }
      ]
    },
    "Planning Time": 1.197,
    "Triggers": [],
    "Execution Time": 807.132
  }
]