[
  {
    "Plan": {
      "Node Type": "Aggregate",
      "Strategy": "Plain",
      "Partial Mode": "Finalize",
      "Parallel Aware": false,
      "Startup Cost": 44333.77,
      "Total Cost": 44333.78,
      "Plan Rows": 1,
      "Plan Width": 8,
      "Actual Startup Time": 104.335,
      "Actual Total Time": 115.088,
      "Actual Rows": 1,
      "Actual Loops": 1,
      "Plans": [
        {
          "Node Type": "Gather",
          "Parent Relationship": "Outer",
          "Parallel Aware": false,
          "Startup Cost": 44333.45,
          "Total Cost": 44333.76,
          "Plan Rows": 3,
          "Plan Width": 8,
          "Actual Startup Time": 104.204,
          "Actual Total Time": 115.081,
          "Actual Rows": 4,
          "Actual Loops": 1,
          "Workers Planned": 3,
          "Workers Launched": 3,
          "Single Copy": false,
          "Plans": [
            {
              "Node Type": "Aggregate",
              "Strategy": "Plain",
              "Partial Mode": "Partial",
              "Parent Relationship": "Outer",
              "Parallel Aware": false,
              "Startup Cost": 43333.45,
              "Total Cost": 43333.46,
              "Plan Rows": 1,
              "Plan Width": 8,
              "Actual Startup Time": 99.15,
              "Actual Total Time": 99.151,
              "Actual Rows": 1,
              "Actual Loops": 4,
              "Plans": [
                {
                  "Node Type": "Seq Scan",
                  "Parent Relationship": "Outer",
                  "Parallel Aware": true,
                  "Relation Name": "movie_keyword",
                  "Alias": "mk",
                  "Startup Cost": 0.0,
                  "Total Cost": 42695.65,
                  "Plan Rows": 255119,
                  "Plan Width": 0,
                  "Actual Startup Time": 1.977,
                  "Actual Total Time": 90.449,
                  "Actual Rows": 197160,
                  "Actual Loops": 4,
                  "Filter": "(keyword_id > 23840)",
                  "Rows Removed by Filter": 933822
                }
              ]
            }
          ]
        }
      ]
    },
    "Planning Time": 0.09,
    "Triggers": [],
    "Execution Time": 115.119
  }
]