[
  {
    "Plan": {
      "Node Type": "Aggregate",
      "Strategy": "Plain",
      "Partial Mode": "Finalize",
      "Parallel Aware": false,
      "Startup Cost": 44337.64,
      "Total Cost": 44337.65,
      "Plan Rows": 1,
      "Plan Width": 8,
      "Actual Startup Time": 118.764,
      "Actual Total Time": 126.658,
      "Actual Rows": 1,
      "Actual Loops": 1,
      "Plans": [
        {
          "Node Type": "Gather",
          "Parent Relationship": "Outer",
          "Parallel Aware": false,
          "Startup Cost": 44337.32,
          "Total Cost": 44337.63,
          "Plan Rows": 3,
          "Plan Width": 8,
          "Actual Startup Time": 118.661,
          "Actual Total Time": 126.65,
          "Actual Rows": 4,
          "Actual Loops": 1,
          "Workers Planned": 3,
          "Workers Launched": 3,
          "Single Copy": false,
          "Plans": [
            {
              "Node Type": "Aggregate",
              "Strategy": "Plain",
              "Partial Mode": "Partial",
              "Parent Relationship": "Outer",
              "Parallel Aware": false,
              "Startup Cost": 43337.32,
              "Total Cost": 43337.33,
              "Plan Rows": 1,
              "Plan Width": 8,
              "Actual Startup Time": 110.481,
              "Actual Total Time": 110.482,
              "Actual Rows": 1,
              "Actual Loops": 4,
              "Plans": [
                {
                  "Node Type": "Seq Scan",
                  "Parent Relationship": "Outer",
                  "Parallel Aware": true,
                  "Relation Name": "movie_keyword",
                  "Alias": "mk",
                  "Startup Cost": 0.0,
                  "Total Cost": 42695.65,
                  "Plan Rows": 256667,
                  "Plan Width": 0,
                  "Actual Startup Time": 5.772,
                  "Actual Total Time": 99.884,
                  "Actual Rows": 197160,
                  "Actual Loops": 4,
                  "Filter": "(keyword_id > 23840)",
                  "Rows Removed by Filter": 933822
                }
              ]
            }
          ]
        }
      ]
    },
    "Planning Time": 0.157,
    "Triggers": [],
    "Execution Time": 126.716
  }
]