[
  {
    "Plan": {
      "Node Type": "Aggregate",
      "Strategy": "Plain",
      "Partial Mode": "Finalize",
      "Parallel Aware": false,
      "Startup Cost": 89531.98,
      "Total Cost": 89531.99,
      "Plan Rows": 1,
      "Plan Width": 8,
      "Actual Startup Time": 308.802,
      "Actual Total Time": 326.049,
      "Actual Rows": 1,
      "Actual Loops": 1,
      "Plans": [
        {
          "Node Type": "Gather",
          "Parent Relationship": "Outer",
          "Parallel Aware": false,
          "Startup Cost": 89531.67,
          "Total Cost": 89531.98,
          "Plan Rows": 3,
          "Plan Width": 8,
          "Actual Startup Time": 307.805,
          "Actual Total Time": 326.039,
          "Actual Rows": 4,
          "Actual Loops": 1,
          "Workers Planned": 3,
          "Workers Launched": 3,
          "Single Copy": false,
          "Plans": [
            {
              "Node Type": "Aggregate",
              "Strategy": "Plain",
              "Partial Mode": "Partial",
              "Parent Relationship": "Outer",
              "Parallel Aware": false,
              "Startup Cost": 88531.67,
              "Total Cost": 88531.68,
              "Plan Rows": 1,
              "Plan Width": 8,
              "Actual Startup Time": 298.946,
              "Actual Total Time": 298.952,
              "Actual Rows": 1,
              "Actual Loops": 4,
              "Plans": [
                {
                  "Node Type": "Hash Join",
                  "Parent Relationship": "Outer",
                  "Parallel Aware": true,
                  "Join Type": "Inner",
                  "Startup Cost": 45598.62,
                  "Total Cost": 88476.7,
                  "Plan Rows": 21985,
                  "Plan Width": 0,
                  "Actual Startup Time": 151.052,
                  "Actual Total Time": 298.03,
                  "Actual Rows": 17390,
                  "Actual Loops": 4,
                  "Inner Unique": true,
                  "Hash Cond": "(mk.movie_id = t.id)",
                  "Plans": [
                    {
                      "Node Type": "Seq Scan",
                      "Parent Relationship": "Outer",
                      "Parallel Aware": true,
                      "Relation Name": "movie_keyword",
                      "Alias": "mk",
                      "Startup Cost": 0.0,
                      "Total Cost": 39047.32,
                      "Plan Rows": 1459332,
                      "Plan Width": 4,
                      "Actual Startup Time": 0.025,
                      "Actual Total Time": 93.751,
                      "Actual Rows": 1130982,
                      "Actual Loops": 4
                    },
                    {
                      "Node Type": "Hash",
                      "Parent Relationship": "Inner",
                      "Parallel Aware": true,
                      "Startup Cost": 45479.59,
                      "Total Cost": 45479.59,
                      "Plan Rows": 9523,
                      "Plan Width": 4,
                      "Actual Startup Time": 111.192,
                      "Actual Total Time": 111.193,
                      "Actual Rows": 25994,
                      "Actual Loops": 4,
                      "Hash Buckets": 131072,
                      "Original Hash Buckets": 65536,
                      "Hash Batches": 1,
                      "Original Hash Batches": 1,
                      "Peak Memory Usage": 5664,
                      "Plans": [
                        {
                          "Node Type": "Seq Scan",
                          "Parent Relationship": "Outer",
                          "Parallel Aware": true,
                          "Relation Name": "title",
                          "Alias": "t",
                          "Startup Cost": 0.0,
                          "Total Cost": 45479.59,
                          "Plan Rows": 9523,
                          "Plan Width": 4,
                          "Actual Startup Time": 65.198,
                          "Actual Total Time": 100.87,
                          "Actual Rows": 25994,
                          "Actual Loops": 4,
                          "Filter": "((kind_id < 7) AND (production_year < 1926))",
                          "Rows Removed by Filter": 606084
                        }
                      ]
                    }
                  ]
                }
              ]
            }
          ]
        }
      ]
    },
    "Planning Time": 0.651,
    "Triggers": [],
    "Execution Time": 326.117
  }
]