[
  {
    "Plan": {
      "Node Type": "Aggregate",
      "Strategy": "Plain",
      "Partial Mode": "Finalize",
      "Parallel Aware": false,
      "Startup Cost": 90355.41,
      "Total Cost": 90355.42,
      "Plan Rows": 1,
      "Plan Width": 8,
      "Actual Startup Time": 230.595,
      "Actual Total Time": 244.902,
      "Actual Rows": 1,
      "Actual Loops": 1,
      "Plans": [
        {
          "Node Type": "Gather",
          "Parent Relationship": "Outer",
          "Parallel Aware": false,
          "Startup Cost": 90355.09,
          "Total Cost": 90355.4,
          "Plan Rows": 3,
          "Plan Width": 8,
          "Actual Startup Time": 230.312,
          "Actual Total Time": 244.891,
          "Actual Rows": 4,
          "Actual Loops": 1,
          "Workers Planned": 3,
          "Workers Launched": 3,
          "Single Copy": false,
          "Plans": [
            {
              "Node Type": "Aggregate",
              "Strategy": "Plain",
              "Partial Mode": "Partial",
              "Parent Relationship": "Outer",
              "Parallel Aware": false,
              "Startup Cost": 89355.09,
              "Total Cost": 89355.1,
              "Plan Rows": 1,
              "Plan Width": 8,
              "Actual Startup Time": 223.417,
              "Actual Total Time": 223.42,
              "Actual Rows": 1,
              "Actual Loops": 4,
              "Plans": [
                {
                  "Node Type": "Hash Join",
                  "Parent Relationship": "Outer",
                  "Parallel Aware": true,
                  "Join Type": "Inner",
                  "Startup Cost": 45570.21,
                  "Total Cost": 89343.32,
                  "Plan Rows": 4708,
                  "Plan Width": 0,
                  "Actual Startup Time": 94.855,
                  "Actual Total Time": 222.937,
                  "Actual Rows": 7452,
                  "Actual Loops": 4,
                  "Inner Unique": true,
                  "Hash Cond": "(mk.movie_id = t.id)",
                  "Plans": [
                    {
                      "Node Type": "Seq Scan",
                      "Parent Relationship": "Outer",
                      "Parallel Aware": true,
                      "Relation Name": "movie_keyword",
                      "Alias": "mk",
                      "Startup Cost": 0.0,
                      "Total Cost": 42695.65,
                      "Plan Rows": 410459,
                      "Plan Width": 4,
                      "Actual Startup Time": 0.031,
                      "Actual Total Time": 99.71,
                      "Actual Rows": 317909,
                      "Actual Loops": 4,
                      "Filter": "(keyword_id < 1633)",
                      "Rows Removed by Filter": 813073
                    },
                    {
                      "Node Type": "Hash",
                      "Parent Relationship": "Inner",
                      "Parallel Aware": true,
                      "Startup Cost": 45479.59,
                      "Total Cost": 45479.59,
                      "Plan Rows": 7250,
                      "Plan Width": 4,
                      "Actual Startup Time": 93.831,
                      "Actual Total Time": 93.832,
                      "Actual Rows": 4989,
                      "Actual Loops": 4,
                      "Hash Buckets": 32768,
                      "Original Hash Buckets": 32768,
                      "Hash Batches": 1,
                      "Original Hash Batches": 1,
                      "Peak Memory Usage": 1120,
                      "Plans": [
                        {
                          "Node Type": "Seq Scan",
                          "Parent Relationship": "Outer",
                          "Parallel Aware": true,
                          "Relation Name": "title",
                          "Alias": "t",
                          "Startup Cost": 0.0,
                          "Total Cost": 45479.59,
                          "Plan Rows": 7250,
                          "Plan Width": 4,
                          "Actual Startup Time": 0.276,
                          "Actual Total Time": 91.572,
                          "Actual Rows": 4989,
                          "Actual Loops": 4,
                          "Filter": "((kind_id < 4) AND (production_year = 2004))",
                          "Rows Removed by Filter": 627089
                        }
                      ]
                    }
                  ]
                }
              ]
            }
          ]
        }
      ]
    },
    "Planning Time": 0.5,
    "Triggers": [],
    "Execution Time": 244.947
  }
]