[
  {
    "Plan": {
      "Node Type": "Aggregate",
      "Strategy": "Plain",
      "Partial Mode": "Finalize",
      "Parallel Aware": false,
      "Startup Cost": 325457.1,
      "Total Cost": 325457.11,
      "Plan Rows": 1,
      "Plan Width": 8,
      "Actual Startup Time": 690.528,
      "Actual Total Time": 714.036,
      "Actual Rows": 1,
      "Actual Loops": 1,
      "Plans": [
        {
          "Node Type": "Gather",
          "Parent Relationship": "Outer",
          "Parallel Aware": false,
          "Startup Cost": 325456.47,
          "Total Cost": 325457.08,
          "Plan Rows": 6,
          "Plan Width": 8,
          "Actual Startup Time": 681.462,
          "Actual Total Time": 714.024,
          "Actual Rows": 7,
          "Actual Loops": 1,
          "Workers Planned": 6,
          "Workers Launched": 6,
          "Single Copy": false,
          "Plans": [
            {
              "Node Type": "Aggregate",
              "Strategy": "Plain",
              "Partial Mode": "Partial",
              "Parent Relationship": "Outer",
              "Parallel Aware": false,
              "Startup Cost": 324456.47,
              "Total Cost": 324456.48,
              "Plan Rows": 1,
              "Plan Width": 8,
              "Actual Startup Time": 670.337,
              "Actual Total Time": 670.588,
              "Actual Rows": 1,
              "Actual Loops": 7,
              "Plans": [
                {
                  "Node Type": "Hash Join",
                  "Parent Relationship": "Outer",
                  "Parallel Aware": true,
                  "Join Type": "Inner",
                  "Startup Cost": 63052.28,
                  "Total Cost": 323975.72,
                  "Plan Rows": 192301,
                  "Plan Width": 0,
                  "Actual Startup Time": 230.209,
                  "Actual Total Time": 654.984,
                  "Actual Rows": 365473,
                  "Actual Loops": 7,
                  "Inner Unique": false,
                  "Hash Cond": "(ci.movie_id = t.id)",
                  "Plans": [
                    {
                      "Node Type": "Index Scan",
                      "Parent Relationship": "Outer",
                      "Parallel Aware": true,
                      "Scan Direction": "Forward",
                      "Index Name": "role_id_cast_info",
                      "Relation Name": "cast_info",
                      "Alias": "ci",
                      "Startup Cost": 0.56,
                      "Total Cost": 255086.64,
                      "Plan Rows": 1342964,
                      "Plan Width": 4,
                      "Actual Startup Time": 0.256,
                      "Actual Total Time": 257.98,
                      "Actual Rows": 650692,
                      "Actual Loops": 7,
                      "Index Cond": "(role_id > 4)",
                      "Rows Removed by Index Recheck": 0,
                      "Filter": "(person_id < 3127377)",
                      "Rows Removed by Filter": 689980
                    },
                    {
                      "Node Type": "Hash",
                      "Parent Relationship": "Inner",
                      "Parallel Aware": true,
                      "Startup Cost": 61166.15,
                      "Total Cost": 61166.15,
                      "Plan Rows": 150845,
                      "Plan Width": 8,
                      "Actual Startup Time": 227.863,
                      "Actual Total Time": 228.112,
                      "Actual Rows": 89986,
                      "Actual Loops": 7,
                      "Hash Buckets": 1048576,
                      "Original Hash Buckets": 524288,
                      "Hash Batches": 1,
                      "Original Hash Batches": 1,
                      "Peak Memory Usage": 37024,
                      "Plans": [
                        {
                          "Node Type": "Hash Join",
                          "Parent Relationship": "Outer",
                          "Parallel Aware": true,
                          "Join Type": "Inner",
                          "Startup Cost": 45971.59,
                          "Total Cost": 61166.15,
                          "Plan Rows": 150845,
                          "Plan Width": 8,
                          "Actual Startup Time": 144.731,
                          "Actual Total Time": 184.485,
                          "Actual Rows": 89986,
                          "Actual Loops": 7,
                          "Inner Unique": true,
                          "Hash Cond": "(mi_idx.movie_id = t.id)",
                          "Plans": [
                            {
                              "Node Type": "Seq Scan",
                              "Parent Relationship": "Outer",
                              "Parallel Aware": true,
                              "Relation Name": "movie_info_idx",
                              "Alias": "mi_idx",
                              "Startup Cost": 0.0,
                              "Total Cost": 13685.15,
                              "Plan Rows": 575015,
                              "Plan Width": 4,
                              "Actual Startup Time": 0.031,
                              "Actual Total Time": 19.324,
                              "Actual Rows": 197148,
                              "Actual Loops": 7
                            },
                            {
                              "Node Type": "Hash",
                              "Parent Relationship": "Inner",
                              "Parallel Aware": true,
                              "Startup Cost": 43898.92,
                              "Total Cost": 43898.92,
                              "Plan Rows": 165814,
                              "Plan Width": 4,
                              "Actual Startup Time": 123.843,
                              "Actual Total Time": 123.844,
                              "Actual Rows": 94689,
                              "Actual Loops": 7,
                              "Hash Buckets": 1048576,
                              "Original Hash Buckets": 1048576,
                              "Hash Batches": 1,
                              "Original Hash Batches": 1,
                              "Peak Memory Usage": 34240,
                              "Plans": [
                                {
                                  "Node Type": "Seq Scan",
                                  "Parent Relationship": "Outer",
                                  "Parallel Aware": true,
                                  "Relation Name": "title",
                                  "Alias": "t",
                                  "Startup Cost": 0.0,
                                  "Total Cost": 43898.92,
                                  "Plan Rows": 165814,
                                  "Plan Width": 4,
                                  "Actual Startup Time": 42.828,
                                  "Actual Total Time": 78.339,
                                  "Actual Rows": 94689,
                                  "Actual Loops": 7,
                                  "Filter": "(kind_id = 1)",
                                  "Rows Removed by Filter": 266498
                                }
                              ]
                            }
                          ]
                        }
                      ]
                    }
                  ]
                }
              ]
            }
          ]
        }
      ]
    },
    "Planning Time": 1.234,
    "Triggers": [],
    "Execution Time": 714.123
  }
]