[
  {
    "Plan": {
      "Node Type": "Aggregate",
      "Strategy": "Plain",
      "Partial Mode": "Finalize",
      "Parallel Aware": false,
      "Startup Cost": 81088.41,
      "Total Cost": 81088.42,
      "Plan Rows": 1,
      "Plan Width": 8,
      "Actual Startup Time": 545.242,
      "Actual Total Time": 566.242,
      "Actual Rows": 1,
      "Actual Loops": 1,
      "Plans": [
        {
          "Node Type": "Gather",
          "Parent Relationship": "Outer",
          "Parallel Aware": false,
          "Startup Cost": 81088.09,
          "Total Cost": 81088.4,
          "Plan Rows": 3,
          "Plan Width": 8,
          "Actual Startup Time": 531.829,
          "Actual Total Time": 566.229,
          "Actual Rows": 4,
          "Actual Loops": 1,
          "Workers Planned": 3,
          "Workers Launched": 3,
          "Single Copy": false,
          "Plans": [
            {
              "Node Type": "Aggregate",
              "Strategy": "Plain",
              "Partial Mode": "Partial",
              "Parent Relationship": "Outer",
              "Parallel Aware": false,
              "Startup Cost": 80088.09,
              "Total Cost": 80088.1,
              "Plan Rows": 1,
              "Plan Width": 8,
              "Actual Startup Time": 513.564,
              "Actual Total Time": 513.568,
              "Actual Rows": 1,
              "Actual Loops": 4,
              "Plans": [
                {
                  "Node Type": "Hash Join",
                  "Parent Relationship": "Outer",
                  "Parallel Aware": true,
                  "Join Type": "Inner",
                  "Startup Cost": 58995.51,
                  "Total Cost": 79761.48,
                  "Plan Rows": 130643,
                  "Plan Width": 0,
                  "Actual Startup Time": 410.02,
                  "Actual Total Time": 508.116,
                  "Actual Rows": 99414,
                  "Actual Loops": 4,
                  "Inner Unique": true,
                  "Hash Cond": "(mc.movie_id = t.id)",
                  "Plans": [
                    {
                      "Node Type": "Bitmap Heap Scan",
                      "Parent Relationship": "Outer",
                      "Parallel Aware": true,
                      "Relation Name": "movie_companies",
                      "Alias": "mc",
                      "Startup Cost": 8775.13,
                      "Total Cost": 29198.16,
                      "Plan Rows": 130643,
                      "Plan Width": 4,
                      "Actual Startup Time": 26.848,
                      "Actual Total Time": 65.358,
                      "Actual Rows": 99414,
                      "Actual Loops": 4,
                      "Recheck Cond": "(company_id < 250)",
                      "Rows Removed by Index Recheck": 0,
                      "Exact Heap Blocks": 4847,
                      "Lossy Heap Blocks": 0,
                      "Plans": [
                        {
                          "Node Type": "Bitmap Index Scan",
                          "Parent Relationship": "Outer",
                          "Parallel Aware": false,
                          "Index Name": "company_id_movie_companies",
                          "Startup Cost": 0.0,
                          "Total Cost": 8673.88,
                          "Plan Rows": 404993,
                          "Plan Width": 0,
                          "Actual Startup Time": 22.629,
                          "Actual Total Time": 22.63,
                          "Actual Rows": 397654,
                          "Actual Loops": 1,
                          "Index Cond": "(company_id < 250)"
                        }
                      ]
                    },
                    {
                      "Node Type": "Hash",
                      "Parent Relationship": "Inner",
                      "Parallel Aware": true,
                      "Startup Cost": 42319.06,
                      "Total Cost": 42319.06,
                      "Plan Rows": 632106,
                      "Plan Width": 4,
                      "Actual Startup Time": 371.561,
                      "Actual Total Time": 371.562,
                      "Actual Rows": 632078,
                      "Actual Loops": 4,
                      "Hash Buckets": 4194304,
                      "Original Hash Buckets": 4194304,
                      "Hash Batches": 1,
                      "Original Hash Batches": 1,
                      "Peak Memory Usage": 131712,
                      "Plans": [
                        {
                          "Node Type": "Seq Scan",
                          "Parent Relationship": "Outer",
                          "Parallel Aware": true,
                          "Relation Name": "title",
                          "Alias": "t",
                          "Startup Cost": 0.0,
                          "Total Cost": 42319.06,
                          "Plan Rows": 632106,
                          "Plan Width": 4,
                          "Actual Startup Time": 0.046,
                          "Actual Total Time": 108.334,
                          "Actual Rows": 632078,
                          "Actual Loops": 4
                        }
                      ]
                    }
                  ]
                }
              ]
            }
          ]
        }
      ]
    },
    "Planning Time": 0.532,
    "Triggers": [],
    "Execution Time": 566.322
  }
]