[
  {
    "Plan": {
      "Node Type": "Aggregate",
      "Strategy": "Plain",
      "Partial Mode": "Finalize",
      "Parallel Aware": false,
      "Startup Cost": 187644.66,
      "Total Cost": 187644.67,
      "Plan Rows": 1,
      "Plan Width": 8,
      "Actual Startup Time": 132.587,
      "Actual Total Time": 153.418,
      "Actual Rows": 1,
      "Actual Loops": 1,
      "Plans": [
        {
          "Node Type": "Gather",
          "Parent Relationship": "Outer",
          "Parallel Aware": false,
          "Startup Cost": 187644.24,
          "Total Cost": 187644.65,
          "Plan Rows": 4,
          "Plan Width": 8,
          "Actual Startup Time": 132.389,
          "Actual Total Time": 153.406,
          "Actual Rows": 5,
          "Actual Loops": 1,
          "Workers Planned": 4,
          "Workers Launched": 4,
          "Single Copy": false,
          "Plans": [
            {
              "Node Type": "Aggregate",
              "Strategy": "Plain",
              "Partial Mode": "Partial",
              "Parent Relationship": "Outer",
              "Parallel Aware": false,
              "Startup Cost": 186644.24,
              "Total Cost": 186644.25,
              "Plan Rows": 1,
              "Plan Width": 8,
              "Actual Startup Time": 122.696,
              "Actual Total Time": 122.698,
              "Actual Rows": 1,
              "Actual Loops": 5,
              "Plans": [
                {
                  "Node Type": "Nested Loop",
                  "Parent Relationship": "Outer",
                  "Parallel Aware": false,
                  "Join Type": "Inner",
                  "Startup Cost": 0.43,
                  "Total Cost": 186623.49,
                  "Plan Rows": 8302,
                  "Plan Width": 0,
                  "Actual Startup Time": 1.809,
                  "Actual Total Time": 121.681,
                  "Actual Rows": 12641,
                  "Actual Loops": 5,
                  "Inner Unique": false,
                  "Plans": [
                    {
                      "Node Type": "Seq Scan",
                      "Parent Relationship": "Outer",
                      "Parallel Aware": true,
                      "Relation Name": "title",
                      "Alias": "t",
                      "Startup Cost": 0.0,
                      "Total Cost": 45479.59,
                      "Plan Rows": 1414,
                      "Plan Width": 4,
                      "Actual Startup Time": 1.549,
                      "Actual Total Time": 79.237,
                      "Actual Rows": 1239,
                      "Actual Loops": 5,
                      "Filter": "((kind_id < 7) AND (production_year = 1975))",
                      "Rows Removed by Filter": 504423
                    },
                    {
                      "Node Type": "Index Only Scan",
                      "Parent Relationship": "Inner",
                      "Parallel Aware": false,
                      "Scan Direction": "Forward",
                      "Index Name": "movie_id_movie_info",
                      "Relation Name": "movie_info",
                      "Alias": "mi",
                      "Startup Cost": 0.43,
                      "Total Cost": 99.41,
                      "Plan Rows": 41,
                      "Plan Width": 4,
                      "Actual Startup Time": 0.012,
                      "Actual Total Time": 0.033,
                      "Actual Rows": 10,
                      "Actual Loops": 6196,
                      "Index Cond": "(movie_id = t.id)",
                      "Rows Removed by Index Recheck": 0,
                      "Heap Fetches": 63206
                    }
                  ]
                }
              ]
            }
          ]
        }
      ]
    },
    "Planning Time": 0.616,
    "Triggers": [],
    "Execution Time": 153.497
  }
]