{
    "Plan": {
        "Node Type": "Aggregate",
        "Strategy": "Plain",
        "Partial Mode": "Simple",
        "Parallel Aware": false,
        "Startup Cost": 10000073192.77,
        "Total Cost": 10000073192.78,
        "Plan Rows": 1,
        "Plan Width": 8,
        "Actual Startup Time": 407.155,
        "Actual Total Time": 407.159,
        "Actual Rows": 1,
        "Actual Loops": 1,
        "Output": [
            "count(*)"
        ],
        "Plans": [
            {
                "Node Type": "Nested Loop",
                "Parent Relationship": "Outer",
                "Parallel Aware": false,
                "Join Type": "Inner",
                "Startup Cost": 10000072124.06,
                "Total Cost": 10000073192.39,
                "Plan Rows": 152,
                "Plan Width": 0,
                "Actual Startup Time": 398.437,
                "Actual Total Time": 406.939,
                "Actual Rows": 3574,
                "Actual Loops": 1,
                "Inner Unique": false,
                "Plans": [
                    {
                        "Node Type": "Hash Join",
                        "Parent Relationship": "Outer",
                        "Parallel Aware": false,
                        "Join Type": "Inner",
                        "Startup Cost": 72122.52,
                        "Total Cost": 73025.54,
                        "Plan Rows": 26,
                        "Plan Width": 8,
                        "Actual Startup Time": 398.375,
                        "Actual Total Time": 399.685,
                        "Actual Rows": 81,
                        "Actual Loops": 1,
                        "Output": [
                            "t.id",
                            "mk.movie_id"
                        ],
                        "Inner Unique": true,
                        "Hash Cond": "(mk.movie_id = t.id)",
                        "Plans": [
                            {
                                "Node Type": "Bitmap Heap Scan",
                                "Parent Relationship": "Outer",
                                "Parallel Aware": false,
                                "Relation Name": "movie_keyword",
                                "Schema": "public",
                                "Alias": "mk",
                                "Startup Cost": 6.32,
                                "Total Cost": 908.7,
                                "Plan Rows": 244,
                                "Plan Width": 4,
                                "Actual Startup Time": 0.352,
                                "Actual Total Time": 1.833,
                                "Actual Rows": 142,
                                "Actual Loops": 1,
                                "Output": [
                                    "mk.id",
                                    "mk.movie_id",
                                    "mk.keyword_id"
                                ],
                                "Recheck Cond": "(mk.keyword_id = 11934)",
                                "Rows Removed by Index Recheck": 0,
                                "Exact Heap Blocks": 140,
                                "Lossy Heap Blocks": 0,
                                "Plans": [
                                    {
                                        "Node Type": "Bitmap Index Scan",
                                        "Parent Relationship": "Outer",
                                        "Parallel Aware": false,
                                        "Index Name": "keyword_id_movie_keyword",
                                        "Startup Cost": 0.0,
                                        "Total Cost": 6.26,
                                        "Plan Rows": 244,
                                        "Plan Width": 0,
                                        "Actual Startup Time": 0.228,
                                        "Actual Total Time": 0.229,
                                        "Actual Rows": 142,
                                        "Actual Loops": 1,
                                        "Index Cond": "(mk.keyword_id = 11934)"
                                    }
                                ]
                            },
                            {
                                "Node Type": "Hash",
                                "Parent Relationship": "Inner",
                                "Parallel Aware": false,
                                "Startup Cost": 68740.36,
                                "Total Cost": 68740.36,
                                "Plan Rows": 270067,
                                "Plan Width": 4,
                                "Actual Startup Time": 392.543,
                                "Actual Total Time": 392.544,
                                "Actual Rows": 382611,
                                "Actual Loops": 1,
                                "Output": [
                                    "t.id"
                                ],
                                "Hash Buckets": 524288,
                                "Original Hash Buckets": 524288,
                                "Hash Batches": 1,
                                "Original Hash Batches": 1,
                                "Peak Memory Usage": 17548,
                                "Plans": [
                                    {
                                        "Node Type": "Bitmap Heap Scan",
                                        "Parent Relationship": "Outer",
                                        "Parallel Aware": false,
                                        "Relation Name": "title",
                                        "Schema": "public",
                                        "Alias": "t",
                                        "Startup Cost": 17810.08,
                                        "Total Cost": 68740.36,
                                        "Plan Rows": 270067,
                                        "Plan Width": 4,
                                        "Actual Startup Time": 56.669,
                                        "Actual Total Time": 304.229,
                                        "Actual Rows": 382611,
                                        "Actual Loops": 1,
                                        "Output": [
                                            "t.id"
                                        ],
                                        "Recheck Cond": "(t.kind_id < 7)",
                                        "Rows Removed by Index Recheck": 0,
                                        "Filter": "(t.production_year < 1990)",
                                        "Rows Removed by Filter": 602437,
                                        "Exact Heap Blocks": 35472,
                                        "Lossy Heap Blocks": 0,
                                        "Plans": [
                                            {
                                                "Node Type": "Bitmap Index Scan",
                                                "Parent Relationship": "Outer",
                                                "Parallel Aware": false,
                                                "Index Name": "kind_id_title",
                                                "Startup Cost": 0.0,
                                                "Total Cost": 17742.57,
                                                "Plan Rows": 995485,
                                                "Plan Width": 0,
                                                "Actual Startup Time": 51.653,
                                                "Actual Total Time": 51.654,
                                                "Actual Rows": 985048,
                                                "Actual Loops": 1,
                                                "Index Cond": "(t.kind_id < 7)"
                                            }
                                        ]
                                    }
                                ]
                            }
                        ]
                    },
                    {
                        "Node Type": "Bitmap Heap Scan",
                        "Parent Relationship": "Inner",
                        "Parallel Aware": false,
                        "Relation Name": "movie_info",
                        "Schema": "public",
                        "Alias": "mi",
                        "Startup Cost": 1.54,
                        "Total Cost": 6.03,
                        "Plan Rows": 39,
                        "Plan Width": 4,
                        "Actual Startup Time": 0.024,
                        "Actual Total Time": 0.084,
                        "Actual Rows": 44,
                        "Actual Loops": 81,
                        "Output": [
                            "mi.id",
                            "mi.movie_id",
                            "mi.info_type_id",
                            "mi.info",
                            "mi.note"
                        ],
                        "Recheck Cond": "(mi.movie_id = t.id)",
                        "Rows Removed by Index Recheck": 0,
                        "Exact Heap Blocks": 1163,
                        "Lossy Heap Blocks": 0,
                        "Plans": [
                            {
                                "Node Type": "Bitmap Index Scan",
                                "Parent Relationship": "Outer",
                                "Parallel Aware": false,
                                "Index Name": "movie_id_movie_info",
                                "Startup Cost": 0.0,
                                "Total Cost": 1.53,
                                "Plan Rows": 39,
                                "Plan Width": 0,
                                "Actual Startup Time": 0.017,
                                "Actual Total Time": 0.017,
                                "Actual Rows": 44,
                                "Actual Loops": 81,
                                "Index Cond": "(mi.movie_id = t.id)"
                            }
                        ]
                    }
                ]
            }
        ]
    },
    "Planning Time": 3.953,
    "Triggers": [],
    "Execution Time": 408.163
}