[
    {
        "Bao": {
            "Bao prediction": "NaN",
            "Bao recommended hint": "(no hint)"
        }
    },
    {
        "Plan": {
            "Node Type": "Aggregate",
            "Strategy": "Plain",
            "Partial Mode": "Finalize",
            "Parallel Aware": false,
            "Startup Cost": 416296.14,
            "Total Cost": 416296.15,
            "Plan Rows": 1,
            "Plan Width": 8,
            "Actual Startup Time": 973.652,
            "Actual Total Time": 1016.725,
            "Actual Rows": 1,
            "Actual Loops": 1,
            "Output": [
                "count(*)"
            ],
            "Plans": [
                {
                    "Node Type": "Gather",
                    "Parent Relationship": "Outer",
                    "Parallel Aware": false,
                    "Startup Cost": 416295.62,
                    "Total Cost": 416296.13,
                    "Plan Rows": 5,
                    "Plan Width": 8,
                    "Actual Startup Time": 969.44,
                    "Actual Total Time": 1016.711,
                    "Actual Rows": 6,
                    "Actual Loops": 1,
                    "Output": [
                        "(PARTIAL count(*))"
                    ],
                    "Workers Planned": 5,
                    "Workers Launched": 5,
                    "Single Copy": false,
                    "Plans": [
                        {
                            "Node Type": "Aggregate",
                            "Strategy": "Plain",
                            "Partial Mode": "Partial",
                            "Parent Relationship": "Outer",
                            "Parallel Aware": false,
                            "Startup Cost": 415295.62,
                            "Total Cost": 415295.63,
                            "Plan Rows": 1,
                            "Plan Width": 8,
                            "Actual Startup Time": 959.478,
                            "Actual Total Time": 959.481,
                            "Actual Rows": 1,
                            "Actual Loops": 6,
                            "Output": [
                                "PARTIAL count(*)"
                            ],
                            "Workers": [
                                {
                                    "Worker Number": 0,
                                    "Actual Startup Time": 956.803,
                                    "Actual Total Time": 956.807,
                                    "Actual Rows": 1,
                                    "Actual Loops": 1
                                },
                                {
                                    "Worker Number": 1,
                                    "Actual Startup Time": 956.846,
                                    "Actual Total Time": 956.849,
                                    "Actual Rows": 1,
                                    "Actual Loops": 1
                                },
                                {
                                    "Worker Number": 2,
                                    "Actual Startup Time": 958.473,
                                    "Actual Total Time": 958.476,
                                    "Actual Rows": 1,
                                    "Actual Loops": 1
                                },
                                {
                                    "Worker Number": 3,
                                    "Actual Startup Time": 957.913,
                                    "Actual Total Time": 957.917,
                                    "Actual Rows": 1,
                                    "Actual Loops": 1
                                },
                                {
                                    "Worker Number": 4,
                                    "Actual Startup Time": 957.761,
                                    "Actual Total Time": 957.764,
                                    "Actual Rows": 1,
                                    "Actual Loops": 1
                                }
                            ],
                            "Plans": [
                                {
                                    "Node Type": "Nested Loop",
                                    "Parent Relationship": "Outer",
                                    "Parallel Aware": false,
                                    "Join Type": "Inner",
                                    "Startup Cost": 61687.69,
                                    "Total Cost": 412990.63,
                                    "Plan Rows": 921996,
                                    "Plan Width": 0,
                                    "Actual Startup Time": 203.895,
                                    "Actual Total Time": 920.474,
                                    "Actual Rows": 744970,
                                    "Actual Loops": 6,
                                    "Inner Unique": false,
                                    "Workers": [
                                        {
                                            "Worker Number": 0,
                                            "Actual Startup Time": 201.425,
                                            "Actual Total Time": 919.952,
                                            "Actual Rows": 750478,
                                            "Actual Loops": 1
                                        },
                                        {
                                            "Worker Number": 1,
                                            "Actual Startup Time": 201.673,
                                            "Actual Total Time": 919.57,
                                            "Actual Rows": 761057,
                                            "Actual Loops": 1
                                        },
                                        {
                                            "Worker Number": 2,
                                            "Actual Startup Time": 201.952,
                                            "Actual Total Time": 916.577,
                                            "Actual Rows": 498978,
                                            "Actual Loops": 1
                                        },
                                        {
                                            "Worker Number": 3,
                                            "Actual Startup Time": 202.435,
                                            "Actual Total Time": 919.941,
                                            "Actual Rows": 739996,
                                            "Actual Loops": 1
                                        },
                                        {
                                            "Worker Number": 4,
                                            "Actual Startup Time": 202.244,
                                            "Actual Total Time": 920.193,
                                            "Actual Rows": 750081,
                                            "Actual Loops": 1
                                        }
                                    ],
                                    "Plans": [
                                        {
                                            "Node Type": "Hash Join",
                                            "Parent Relationship": "Outer",
                                            "Parallel Aware": true,
                                            "Join Type": "Inner",
                                            "Startup Cost": 61687.12,
                                            "Total Cost": 225770.49,
                                            "Plan Rows": 64301,
                                            "Plan Width": 8,
                                            "Actual Startup Time": 203.777,
                                            "Actual Total Time": 256.601,
                                            "Actual Rows": 27365,
                                            "Actual Loops": 6,
                                            "Output": [
                                                "t.id",
                                                "mi.movie_id"
                                            ],
                                            "Inner Unique": true,
                                            "Hash Cond": "(mi.movie_id = t.id)",
                                            "Workers": [
                                                {
                                                    "Worker Number": 0,
                                                    "Actual Startup Time": 201.285,
                                                    "Actual Total Time": 253.227,
                                                    "Actual Rows": 27127,
                                                    "Actual Loops": 1
                                                },
                                                {
                                                    "Worker Number": 1,
                                                    "Actual Startup Time": 201.515,
                                                    "Actual Total Time": 253.418,
                                                    "Actual Rows": 27841,
                                                    "Actual Loops": 1
                                                },
                                                {
                                                    "Worker Number": 2,
                                                    "Actual Startup Time": 201.802,
                                                    "Actual Total Time": 250.478,
                                                    "Actual Rows": 18070,
                                                    "Actual Loops": 1
                                                },
                                                {
                                                    "Worker Number": 3,
                                                    "Actual Startup Time": 202.294,
                                                    "Actual Total Time": 253.621,
                                                    "Actual Rows": 27027,
                                                    "Actual Loops": 1
                                                },
                                                {
                                                    "Worker Number": 4,
                                                    "Actual Startup Time": 202.158,
                                                    "Actual Total Time": 254.267,
                                                    "Actual Rows": 26911,
                                                    "Actual Loops": 1
                                                }
                                            ],
                                            "Plans": [
                                                {
                                                    "Node Type": "Bitmap Heap Scan",
                                                    "Parent Relationship": "Outer",
                                                    "Parallel Aware": true,
                                                    "Relation Name": "movie_info",
                                                    "Schema": "public",
                                                    "Alias": "mi",
                                                    "Startup Cost": 12531.92,
                                                    "Total Cost": 176252.49,
                                                    "Plan Rows": 138206,
                                                    "Plan Width": 4,
                                                    "Actual Startup Time": 38.487,
                                                    "Actual Total Time": 53.6,
                                                    "Actual Rows": 110154,
                                                    "Actual Loops": 6,
                                                    "Output": [
                                                        "mi.id",
                                                        "mi.movie_id",
                                                        "mi.info_type_id",
                                                        "mi.info",
                                                        "mi.note"
                                                    ],
                                                    "Recheck Cond": "(mi.info_type_id = 18)",
                                                    "Rows Removed by Index Recheck": 0,
                                                    "Exact Heap Blocks": 1546,
                                                    "Lossy Heap Blocks": 0,
                                                    "Workers": [
                                                        {
                                                            "Worker Number": 0,
                                                            "Actual Startup Time": 38.525,
                                                            "Actual Total Time": 53.629,
                                                            "Actual Rows": 111126,
                                                            "Actual Loops": 1
                                                        },
                                                        {
                                                            "Worker Number": 1,
                                                            "Actual Startup Time": 38.461,
                                                            "Actual Total Time": 53.611,
                                                            "Actual Rows": 110414,
                                                            "Actual Loops": 1
                                                        },
                                                        {
                                                            "Worker Number": 2,
                                                            "Actual Startup Time": 38.486,
                                                            "Actual Total Time": 53.298,
                                                            "Actual Rows": 70682,
                                                            "Actual Loops": 1
                                                        },
                                                        {
                                                            "Worker Number": 3,
                                                            "Actual Startup Time": 38.514,
                                                            "Actual Total Time": 53.275,
                                                            "Actual Rows": 108079,
                                                            "Actual Loops": 1
                                                        },
                                                        {
                                                            "Worker Number": 4,
                                                            "Actual Startup Time": 38.462,
                                                            "Actual Total Time": 53.777,
                                                            "Actual Rows": 114358,
                                                            "Actual Loops": 1
                                                        }
                                                    ],
                                                    "Plans": [
                                                        {
                                                            "Node Type": "Bitmap Index Scan",
                                                            "Parent Relationship": "Outer",
                                                            "Parallel Aware": false,
                                                            "Index Name": "info_type_id_movie_info",
                                                            "Startup Cost": 0.0,
                                                            "Total Cost": 12359.16,
                                                            "Plan Rows": 691030,
                                                            "Plan Width": 0,
                                                            "Actual Startup Time": 37.547,
                                                            "Actual Total Time": 37.547,
                                                            "Actual Rows": 660923,
                                                            "Actual Loops": 1,
                                                            "Index Cond": "(mi.info_type_id = 18)",
                                                            "Workers": [
                                                                {
                                                                    "Worker Number": 4,
                                                                    "Actual Startup Time": 37.547,
                                                                    "Actual Total Time": 37.547,
                                                                    "Actual Rows": 660923,
                                                                    "Actual Loops": 1
                                                                }
                                                            ]
                                                        }
                                                    ]
                                                },
                                                {
                                                    "Node Type": "Hash",
                                                    "Parent Relationship": "Inner",
                                                    "Parallel Aware": true,
                                                    "Startup Cost": 45479.21,
                                                    "Total Cost": 45479.21,
                                                    "Plan Rows": 294080,
                                                    "Plan Width": 4,
                                                    "Actual Startup Time": 161.609,
                                                    "Actual Total Time": 161.61,
                                                    "Actual Rows": 190656,
                                                    "Actual Loops": 6,
                                                    "Output": [
                                                        "t.id"
                                                    ],
                                                    "Hash Buckets": 2097152,
                                                    "Original Hash Buckets": 2097152,
                                                    "Hash Batches": 1,
                                                    "Original Hash Batches": 1,
                                                    "Peak Memory Usage": 61248,
                                                    "Workers": [
                                                        {
                                                            "Worker Number": 0,
                                                            "Actual Startup Time": 162.101,
                                                            "Actual Total Time": 162.102,
                                                            "Actual Rows": 186354,
                                                            "Actual Loops": 1
                                                        },
                                                        {
                                                            "Worker Number": 1,
                                                            "Actual Startup Time": 162.34,
                                                            "Actual Total Time": 162.341,
                                                            "Actual Rows": 185404,
                                                            "Actual Loops": 1
                                                        },
                                                        {
                                                            "Worker Number": 2,
                                                            "Actual Startup Time": 162.605,
                                                            "Actual Total Time": 162.606,
                                                            "Actual Rows": 137462,
                                                            "Actual Loops": 1
                                                        },
                                                        {
                                                            "Worker Number": 3,
                                                            "Actual Startup Time": 163.234,
                                                            "Actual Total Time": 163.235,
                                                            "Actual Rows": 174643,
                                                            "Actual Loops": 1
                                                        },
                                                        {
                                                            "Worker Number": 4,
                                                            "Actual Startup Time": 163.262,
                                                            "Actual Total Time": 163.263,
                                                            "Actual Rows": 171938,
                                                            "Actual Loops": 1
                                                        }
                                                    ],
                                                    "Plans": [
                                                        {
                                                            "Node Type": "Seq Scan",
                                                            "Parent Relationship": "Outer",
                                                            "Parallel Aware": true,
                                                            "Relation Name": "title",
                                                            "Schema": "public",
                                                            "Alias": "t",
                                                            "Startup Cost": 0.0,
                                                            "Total Cost": 45479.21,
                                                            "Plan Rows": 294080,
                                                            "Plan Width": 4,
                                                            "Actual Startup Time": 0.05,
                                                            "Actual Total Time": 80.715,
                                                            "Actual Rows": 190656,
                                                            "Actual Loops": 6,
                                                            "Output": [
                                                                "t.id"
                                                            ],
                                                            "Filter": "((t.kind_id > 3) AND (t.production_year < 2009))",
                                                            "Rows Removed by Filter": 230730,
                                                            "Workers": [
                                                                {
                                                                    "Worker Number": 0,
                                                                    "Actual Startup Time": 0.07,
                                                                    "Actual Total Time": 81.898,
                                                                    "Actual Rows": 186354,
                                                                    "Actual Loops": 1
                                                                },
                                                                {
                                                                    "Worker Number": 1,
                                                                    "Actual Startup Time": 0.064,
                                                                    "Actual Total Time": 82.432,
                                                                    "Actual Rows": 185404,
                                                                    "Actual Loops": 1
                                                                },
                                                                {
                                                                    "Worker Number": 2,
                                                                    "Actual Startup Time": 0.059,
                                                                    "Actual Total Time": 85.3,
                                                                    "Actual Rows": 137462,
                                                                    "Actual Loops": 1
                                                                },
                                                                {
                                                                    "Worker Number": 3,
                                                                    "Actual Startup Time": 0.046,
                                                                    "Actual Total Time": 80.406,
                                                                    "Actual Rows": 174643,
                                                                    "Actual Loops": 1
                                                                },
                                                                {
                                                                    "Worker Number": 4,
                                                                    "Actual Startup Time": 0.051,
                                                                    "Actual Total Time": 81.189,
                                                                    "Actual Rows": 171938,
                                                                    "Actual Loops": 1
                                                                }
                                                            ]
                                                        }
                                                    ]
                                                }
                                            ]
                                        },
                                        {
                                            "Node Type": "Index Only Scan",
                                            "Parent Relationship": "Inner",
                                            "Parallel Aware": false,
                                            "Scan Direction": "Forward",
                                            "Index Name": "movie_id_cast_info",
                                            "Relation Name": "cast_info",
                                            "Schema": "public",
                                            "Alias": "ci",
                                            "Startup Cost": 0.56,
                                            "Total Cost": 2.53,
                                            "Plan Rows": 38,
                                            "Plan Width": 4,
                                            "Actual Startup Time": 0.005,
                                            "Actual Total Time": 0.022,
                                            "Actual Rows": 27,
                                            "Actual Loops": 164190,
                                            "Output": [
                                                "ci.movie_id"
                                            ],
                                            "Index Cond": "(ci.movie_id = t.id)",
                                            "Rows Removed by Index Recheck": 0,
                                            "Heap Fetches": 4469823,
                                            "Workers": [
                                                {
                                                    "Worker Number": 0,
                                                    "Actual Startup Time": 0.005,
                                                    "Actual Total Time": 0.022,
                                                    "Actual Rows": 28,
                                                    "Actual Loops": 27127
                                                },
                                                {
                                                    "Worker Number": 1,
                                                    "Actual Startup Time": 0.005,
                                                    "Actual Total Time": 0.022,
                                                    "Actual Rows": 27,
                                                    "Actual Loops": 27841
                                                },
                                                {
                                                    "Worker Number": 2,
                                                    "Actual Startup Time": 0.007,
                                                    "Actual Total Time": 0.033,
                                                    "Actual Rows": 28,
                                                    "Actual Loops": 18070
                                                },
                                                {
                                                    "Worker Number": 3,
                                                    "Actual Startup Time": 0.005,
                                                    "Actual Total Time": 0.022,
                                                    "Actual Rows": 27,
                                                    "Actual Loops": 27027
                                                },
                                                {
                                                    "Worker Number": 4,
                                                    "Actual Startup Time": 0.005,
                                                    "Actual Total Time": 0.023,
                                                    "Actual Rows": 28,
                                                    "Actual Loops": 26911
                                                }
                                            ]
                                        }
                                    ]
                                }
                            ]
                        }
                    ]
                }
            ]
        },
        "Planning Time": 200.531,
        "Triggers": [],
        "Execution Time": 1016.807
    }
]