{
  "Plan": {
    "Node Type": "Aggregate",
    "Strategy": "Plain",
    "Partial Mode": "Finalize",
    "Parallel Aware": false,
    "Startup Cost": 89478.38,
    "Total Cost": 89478.39,
    "Plan Rows": 1,
    "Plan Width": 8,
    "Actual Startup Time": 654.594,
    "Actual Total Time": 664.723,
    "Actual Rows": 1,
    "Actual Loops": 1,
    "Plans": [
      {
        "Node Type": "Gather",
        "Parent Relationship": "Outer",
        "Parallel Aware": false,
        "Startup Cost": 89478.26,
        "Total Cost": 89478.37,
        "Plan Rows": 1,
        "Plan Width": 8,
        "Actual Startup Time": 653.139,
        "Actual Total Time": 664.715,
        "Actual Rows": 2,
        "Actual Loops": 1,
        "Workers Planned": 1,
        "Workers Launched": 1,
        "Single Copy": false,
        "Plans": [
          {
            "Node Type": "Aggregate",
            "Strategy": "Plain",
            "Partial Mode": "Partial",
            "Parent Relationship": "Outer",
            "Parallel Aware": false,
            "Startup Cost": 88478.26,
            "Total Cost": 88478.27,
            "Plan Rows": 1,
            "Plan Width": 8,
            "Actual Startup Time": 648.978,
            "Actual Total Time": 648.982,
            "Actual Rows": 1,
            "Actual Loops": 2,
            "Plans": [
              {
                "Node Type": "Hash Join",
                "Parent Relationship": "Outer",
                "Parallel Aware": true,
                "Join Type": "Inner",
                "Startup Cost": 24886.77,
                "Total Cost": 87457.17,
                "Plan Rows": 408437,
                "Plan Width": 0,
                "Actual Startup Time": 195.88,
                "Actual Total Time": 635.116,
                "Actual Rows": 338880,
                "Actual Loops": 2,
                "Inner Unique": false,
                "Hash Cond": "(t.id = mi_idx.movie_id)",
                "Plans": [
                  {
                    "Node Type": "Seq Scan",
                    "Parent Relationship": "Outer",
                    "Parallel Aware": true,
                    "Relation Name": "title",
                    "Alias": "t",
                    "Startup Cost": 0.0,
                    "Total Cost": 54588.39,
                    "Plan Rows": 1115889,
                    "Plan Width": 4,
                    "Actual Startup Time": 0.012,
                    "Actual Total Time": 157.722,
                    "Actual Rows": 943884,
                    "Actual Loops": 2,
                    "Filter": "(production_year > 1983)",
                    "Rows Removed by Filter": 320272
                  },
                  {
                    "Node Type": "Hash",
                    "Parent Relationship": "Inner",
                    "Parallel Aware": true,
                    "Startup Cost": 18082.32,
                    "Total Cost": 18082.32,
                    "Plan Rows": 544356,
                    "Plan Width": 4,
                    "Actual Startup Time": 188.265,
                    "Actual Total Time": 188.266,
                    "Actual Rows": 460055,
                    "Actual Loops": 2,
                    "Hash Buckets": 1048576,
                    "Original Hash Buckets": 1048576,
                    "Hash Batches": 1,
                    "Original Hash Batches": 1,
                    "Peak Memory Usage": 44224,
                    "Plans": [
                      {
                        "Node Type": "Seq Scan",
                        "Parent Relationship": "Outer",
                        "Parallel Aware": true,
                        "Relation Name": "movie_info_idx",
                        "Alias": "mi_idx",
                        "Startup Cost": 0.0,
                        "Total Cost": 18082.32,
                        "Plan Rows": 544356,
                        "Plan Width": 4,
                        "Actual Startup Time": 0.038,
                        "Actual Total Time": 80.937,
                        "Actual Rows": 460055,
                        "Actual Loops": 2,
                        "Filter": "(info_type_id > 99)",
                        "Rows Removed by Filter": 229962
                      }
                    ]
                  }
                ]
              }
            ]
          }
        ]
      }
    ]
  },
  "Planning Time": 0.48,
  "Triggers": [],
  "Execution Time": 664.783
}