[
  {
    "Plan": {
      "Node Type": "Aggregate",
      "Strategy": "Plain",
      "Partial Mode": "Finalize",
      "Parallel Aware": false,
      "Startup Cost": 74380.84,
      "Total Cost": 74380.85,
      "Plan Rows": 1,
      "Plan Width": 8,
      "Actual Startup Time": 400.327,
      "Actual Total Time": 413.295,
      "Actual Rows": 1,
      "Actual Loops": 1,
      "Plans": [
        {
          "Node Type": "Gather",
          "Parent Relationship": "Outer",
          "Parallel Aware": false,
          "Startup Cost": 74380.52,
          "Total Cost": 74380.83,
          "Plan Rows": 3,
          "Plan Width": 8,
          "Actual Startup Time": 390.169,
          "Actual Total Time": 413.286,
          "Actual Rows": 4,
          "Actual Loops": 1,
          "Workers Planned": 3,
          "Workers Launched": 3,
          "Single Copy": false,
          "Plans": [
            {
              "Node Type": "Aggregate",
              "Strategy": "Plain",
              "Partial Mode": "Partial",
              "Parent Relationship": "Outer",
              "Parallel Aware": false,
              "Startup Cost": 73380.52,
              "Total Cost": 73380.53,
              "Plan Rows": 1,
              "Plan Width": 8,
              "Actual Startup Time": 378.182,
              "Actual Total Time": 378.187,
              "Actual Rows": 1,
              "Actual Loops": 4,
              "Plans": [
                {
                  "Node Type": "Hash Join",
                  "Parent Relationship": "Outer",
                  "Parallel Aware": true,
                  "Join Type": "Inner",
                  "Startup Cost": 53429.84,
                  "Total Cost": 73273.65,
                  "Plan Rows": 42751,
                  "Plan Width": 0,
                  "Actual Startup Time": 332.866,
                  "Actual Total Time": 376.405,
                  "Actual Rows": 32519,
                  "Actual Loops": 4,
                  "Inner Unique": true,
                  "Hash Cond": "(mc.movie_id = t.id)",
                  "Plans": [
                    {
                      "Node Type": "Bitmap Heap Scan",
                      "Parent Relationship": "Outer",
                      "Parallel Aware": true,
                      "Relation Name": "movie_companies",
                      "Alias": "mc",
                      "Startup Cost": 4682.32,
                      "Total Cost": 24343.23,
                      "Plan Rows": 69673,
                      "Plan Width": 4,
                      "Actual Startup Time": 13.113,
                      "Actual Total Time": 28.556,
                      "Actual Rows": 53308,
                      "Actual Loops": 4,
                      "Recheck Cond": "(company_id > 109749)",
                      "Rows Removed by Index Recheck": 0,
                      "Exact Heap Blocks": 1107,
                      "Lossy Heap Blocks": 0,
                      "Plans": [
                        {
                          "Node Type": "Bitmap Index Scan",
                          "Parent Relationship": "Outer",
                          "Parallel Aware": false,
                          "Index Name": "company_id_movie_companies",
                          "Startup Cost": 0.0,
                          "Total Cost": 4628.33,
                          "Plan Rows": 215986,
                          "Plan Width": 0,
                          "Actual Startup Time": 12.357,
                          "Actual Total Time": 12.358,
                          "Actual Rows": 213231,
                          "Actual Loops": 1,
                          "Index Cond": "(company_id > 109749)"
                        }
                      ]
                    },
                    {
                      "Node Type": "Hash",
                      "Parent Relationship": "Inner",
                      "Parallel Aware": true,
                      "Startup Cost": 43899.32,
                      "Total Cost": 43899.32,
                      "Plan Rows": 387856,
                      "Plan Width": 4,
                      "Actual Startup Time": 311.9,
                      "Actual Total Time": 311.901,
                      "Actual Rows": 387932,
                      "Actual Loops": 4,
                      "Hash Buckets": 2097152,
                      "Original Hash Buckets": 2097152,
                      "Hash Batches": 1,
                      "Original Hash Batches": 1,
                      "Peak Memory Usage": 77152,
                      "Plans": [
                        {
                          "Node Type": "Seq Scan",
                          "Parent Relationship": "Outer",
                          "Parallel Aware": true,
                          "Relation Name": "title",
                          "Alias": "t",
                          "Startup Cost": 0.0,
                          "Total Cost": 43899.32,
                          "Plan Rows": 387856,
                          "Plan Width": 4,
                          "Actual Startup Time": 0.033,
                          "Actual Total Time": 129.471,
                          "Actual Rows": 387932,
                          "Actual Loops": 4,
                          "Filter": "(production_year < 2007)",
                          "Rows Removed by Filter": 244146
                        }
                      ]
                    }
                  ]
                }
              ]
            }
          ]
        }
      ]
    },
    "Planning Time": 0.654,
    "Triggers": [],
    "Execution Time": 413.384
  }
]