[
  {
    "Plan": {
      "Node Type": "Aggregate",
      "Strategy": "Plain",
      "Partial Mode": "Finalize",
      "Parallel Aware": false,
      "Startup Cost": 220729.89,
      "Total Cost": 220729.9,
      "Plan Rows": 1,
      "Plan Width": 8,
      "Actual Startup Time": 33.442,
      "Actual Total Time": 36.876,
      "Actual Rows": 1,
      "Actual Loops": 1,
      "Plans": [
        {
          "Node Type": "Gather",
          "Parent Relationship": "Outer",
          "Parallel Aware": false,
          "Startup Cost": 220729.37,
          "Total Cost": 220729.88,
          "Plan Rows": 5,
          "Plan Width": 8,
          "Actual Startup Time": 33.242,
          "Actual Total Time": 36.869,
          "Actual Rows": 6,
          "Actual Loops": 1,
          "Workers Planned": 5,
          "Workers Launched": 5,
          "Single Copy": false,
          "Plans": [
            {
              "Node Type": "Aggregate",
              "Strategy": "Plain",
              "Partial Mode": "Partial",
              "Parent Relationship": "Outer",
              "Parallel Aware": false,
              "Startup Cost": 219729.37,
              "Total Cost": 219729.38,
              "Plan Rows": 1,
              "Plan Width": 8,
              "Actual Startup Time": 23.265,
              "Actual Total Time": 23.267,
              "Actual Rows": 1,
              "Actual Loops": 6,
              "Plans": [
                {
                  "Node Type": "Bitmap Heap Scan",
                  "Parent Relationship": "Outer",
                  "Parallel Aware": true,
                  "Relation Name": "cast_info",
                  "Alias": "ci",
                  "Startup Cost": 2913.85,
                  "Total Cost": 219663.48,
                  "Plan Rows": 26356,
                  "Plan Width": 0,
                  "Actual Startup Time": 7.552,
                  "Actual Total Time": 20.184,
                  "Actual Rows": 25407,
                  "Actual Loops": 6,
                  "Recheck Cond": "(person_id > 4038170)",
                  "Rows Removed by Index Recheck": 0,
                  "Exact Heap Blocks": 665,
                  "Lossy Heap Blocks": 0,
                  "Plans": [
                    {
                      "Node Type": "Bitmap Index Scan",
                      "Parent Relationship": "Outer",
                      "Parallel Aware": false,
                      "Index Name": "person_id_cast_info",
                      "Startup Cost": 0.0,
                      "Total Cost": 2880.91,
                      "Plan Rows": 131779,
                      "Plan Width": 0,
                      "Actual Startup Time": 15.992,
                      "Actual Total Time": 15.993,
                      "Actual Rows": 152442,
                      "Actual Loops": 1,
                      "Index Cond": "(person_id > 4038170)"
                    }
                  ]
                }
              ]
            }
          ]
        }
      ]
    },
    "Planning Time": 0.265,
    "Triggers": [],
    "Execution Time": 36.945
  }
]