{
    "Plan": {
        "Node Type": "Aggregate",
        "Strategy": "Plain",
        "Partial Mode": "Finalize",
        "Parallel Aware": false,
        "Startup Cost": 376196.78,
        "Total Cost": 376196.79,
        "Plan Rows": 1,
        "Plan Width": 8,
        "Actual Startup Time": 1574.716,
        "Actual Total Time": 1629.464,
        "Actual Rows": 1,
        "Actual Loops": 1,
        "Output": [
            "count(*)"
        ],
        "Plans": [
            {
                "Node Type": "Gather",
                "Parent Relationship": "Outer",
                "Parallel Aware": false,
                "Startup Cost": 376196.15,
                "Total Cost": 376196.76,
                "Plan Rows": 6,
                "Plan Width": 8,
                "Actual Startup Time": 1573.594,
                "Actual Total Time": 1629.454,
                "Actual Rows": 7,
                "Actual Loops": 1,
                "Output": [
                    "(PARTIAL count(*))"
                ],
                "Workers Planned": 6,
                "Workers Launched": 6,
                "Single Copy": false,
                "Plans": [
                    {
                        "Node Type": "Aggregate",
                        "Strategy": "Plain",
                        "Partial Mode": "Partial",
                        "Parent Relationship": "Outer",
                        "Parallel Aware": false,
                        "Startup Cost": 375196.15,
                        "Total Cost": 375196.16,
                        "Plan Rows": 1,
                        "Plan Width": 8,
                        "Actual Startup Time": 1563.049,
                        "Actual Total Time": 1563.053,
                        "Actual Rows": 1,
                        "Actual Loops": 7,
                        "Output": [
                            "PARTIAL count(*)"
                        ],
                        "Workers": [
                            {
                                "Worker Number": 0,
                                "Actual Startup Time": 1560.485,
                                "Actual Total Time": 1560.489,
                                "Actual Rows": 1,
                                "Actual Loops": 1
                            },
                            {
                                "Worker Number": 1,
                                "Actual Startup Time": 1560.978,
                                "Actual Total Time": 1560.981,
                                "Actual Rows": 1,
                                "Actual Loops": 1
                            },
                            {
                                "Worker Number": 2,
                                "Actual Startup Time": 1561.604,
                                "Actual Total Time": 1561.607,
                                "Actual Rows": 1,
                                "Actual Loops": 1
                            },
                            {
                                "Worker Number": 3,
                                "Actual Startup Time": 1561.876,
                                "Actual Total Time": 1561.879,
                                "Actual Rows": 1,
                                "Actual Loops": 1
                            },
                            {
                                "Worker Number": 4,
                                "Actual Startup Time": 1561.858,
                                "Actual Total Time": 1561.86,
                                "Actual Rows": 1,
                                "Actual Loops": 1
                            },
                            {
                                "Worker Number": 5,
                                "Actual Startup Time": 1561.867,
                                "Actual Total Time": 1561.87,
                                "Actual Rows": 1,
                                "Actual Loops": 1
                            }
                        ],
                        "Plans": [
                            {
                                "Node Type": "Hash Join",
                                "Parent Relationship": "Outer",
                                "Parallel Aware": true,
                                "Join Type": "Inner",
                                "Startup Cost": 45736.11,
                                "Total Cost": 374705.01,
                                "Plan Rows": 196456,
                                "Plan Width": 0,
                                "Actual Startup Time": 82.237,
                                "Actual Total Time": 1546.105,
                                "Actual Rows": 252014,
                                "Actual Loops": 7,
                                "Inner Unique": true,
                                "Hash Cond": "(ci.movie_id = t.id)",
                                "Workers": [
                                    {
                                        "Worker Number": 0,
                                        "Actual Startup Time": 79.762,
                                        "Actual Total Time": 1543.88,
                                        "Actual Rows": 201393,
                                        "Actual Loops": 1
                                    },
                                    {
                                        "Worker Number": 1,
                                        "Actual Startup Time": 80.245,
                                        "Actual Total Time": 1543.774,
                                        "Actual Rows": 211555,
                                        "Actual Loops": 1
                                    },
                                    {
                                        "Worker Number": 2,
                                        "Actual Startup Time": 80.763,
                                        "Actual Total Time": 1544.459,
                                        "Actual Rows": 211862,
                                        "Actual Loops": 1
                                    },
                                    {
                                        "Worker Number": 3,
                                        "Actual Startup Time": 81.04,
                                        "Actual Total Time": 1544.883,
                                        "Actual Rows": 208529,
                                        "Actual Loops": 1
                                    },
                                    {
                                        "Worker Number": 4,
                                        "Actual Startup Time": 81.027,
                                        "Actual Total Time": 1544.524,
                                        "Actual Rows": 211406,
                                        "Actual Loops": 1
                                    },
                                    {
                                        "Worker Number": 5,
                                        "Actual Startup Time": 81.027,
                                        "Actual Total Time": 1545.97,
                                        "Actual Rows": 321182,
                                        "Actual Loops": 1
                                    }
                                ],
                                "Plans": [
                                    {
                                        "Node Type": "Seq Scan",
                                        "Parent Relationship": "Outer",
                                        "Parallel Aware": true,
                                        "Relation Name": "cast_info",
                                        "Schema": "public",
                                        "Alias": "ci",
                                        "Startup Cost": 0.0,
                                        "Total Cost": 313108.29,
                                        "Plan Rows": 6042129,
                                        "Plan Width": 4,
                                        "Actual Startup Time": 0.037,
                                        "Actual Total Time": 612.669,
                                        "Actual Rows": 5177763,
                                        "Actual Loops": 7,
                                        "Output": [
                                            "ci.id",
                                            "ci.person_id",
                                            "ci.movie_id",
                                            "ci.person_role_id",
                                            "ci.note",
                                            "ci.nr_order",
                                            "ci.role_id"
                                        ],
                                        "Workers": [
                                            {
                                                "Worker Number": 0,
                                                "Actual Startup Time": 0.043,
                                                "Actual Total Time": 622.732,
                                                "Actual Rows": 4158538,
                                                "Actual Loops": 1
                                            },
                                            {
                                                "Worker Number": 1,
                                                "Actual Startup Time": 0.045,
                                                "Actual Total Time": 613.666,
                                                "Actual Rows": 4317810,
                                                "Actual Loops": 1
                                            },
                                            {
                                                "Worker Number": 2,
                                                "Actual Startup Time": 0.042,
                                                "Actual Total Time": 612.356,
                                                "Actual Rows": 4340685,
                                                "Actual Loops": 1
                                            },
                                            {
                                                "Worker Number": 3,
                                                "Actual Startup Time": 0.045,
                                                "Actual Total Time": 611.602,
                                                "Actual Rows": 4314286,
                                                "Actual Loops": 1
                                            },
                                            {
                                                "Worker Number": 4,
                                                "Actual Startup Time": 0.042,
                                                "Actual Total Time": 611.924,
                                                "Actual Rows": 4320388,
                                                "Actual Loops": 1
                                            },
                                            {
                                                "Worker Number": 5,
                                                "Actual Startup Time": 0.033,
                                                "Actual Total Time": 626.292,
                                                "Actual Rows": 6597772,
                                                "Actual Loops": 1
                                            }
                                        ]
                                    },
                                    {
                                        "Node Type": "Hash",
                                        "Parent Relationship": "Inner",
                                        "Parallel Aware": true,
                                        "Startup Cost": 45479.21,
                                        "Total Cost": 45479.21,
                                        "Plan Rows": 20552,
                                        "Plan Width": 4,
                                        "Actual Startup Time": 80.475,
                                        "Actual Total Time": 80.476,
                                        "Actual Rows": 13169,
                                        "Actual Loops": 7,
                                        "Output": [
                                            "t.id"
                                        ],
                                        "Hash Buckets": 131072,
                                        "Original Hash Buckets": 131072,
                                        "Hash Batches": 1,
                                        "Original Hash Batches": 1,
                                        "Peak Memory Usage": 4768,
                                        "Workers": [
                                            {
                                                "Worker Number": 0,
                                                "Actual Startup Time": 78.675,
                                                "Actual Total Time": 78.676,
                                                "Actual Rows": 9710,
                                                "Actual Loops": 1
                                            },
                                            {
                                                "Worker Number": 1,
                                                "Actual Startup Time": 79.241,
                                                "Actual Total Time": 79.243,
                                                "Actual Rows": 10930,
                                                "Actual Loops": 1
                                            },
                                            {
                                                "Worker Number": 2,
                                                "Actual Startup Time": 79.958,
                                                "Actual Total Time": 79.959,
                                                "Actual Rows": 11541,
                                                "Actual Loops": 1
                                            },
                                            {
                                                "Worker Number": 3,
                                                "Actual Startup Time": 80.189,
                                                "Actual Total Time": 80.191,
                                                "Actual Rows": 11658,
                                                "Actual Loops": 1
                                            },
                                            {
                                                "Worker Number": 4,
                                                "Actual Startup Time": 80.176,
                                                "Actual Total Time": 80.177,
                                                "Actual Rows": 10950,
                                                "Actual Loops": 1
                                            },
                                            {
                                                "Worker Number": 5,
                                                "Actual Startup Time": 80.176,
                                                "Actual Total Time": 80.177,
                                                "Actual Rows": 16002,
                                                "Actual Loops": 1
                                            }
                                        ],
                                        "Plans": [
                                            {
                                                "Node Type": "Seq Scan",
                                                "Parent Relationship": "Outer",
                                                "Parallel Aware": true,
                                                "Relation Name": "title",
                                                "Schema": "public",
                                                "Alias": "t",
                                                "Startup Cost": 0.0,
                                                "Total Cost": 45479.21,
                                                "Plan Rows": 20552,
                                                "Plan Width": 4,
                                                "Actual Startup Time": 49.881,
                                                "Actual Total Time": 75.003,
                                                "Actual Rows": 13169,
                                                "Actual Loops": 7,
                                                "Output": [
                                                    "t.id"
                                                ],
                                                "Filter": "((t.production_year < 2011) AND (t.kind_id = 3))",
                                                "Rows Removed by Filter": 348019,
                                                "Workers": [
                                                    {
                                                        "Worker Number": 0,
                                                        "Actual Startup Time": 50.371,
                                                        "Actual Total Time": 72.531,
                                                        "Actual Rows": 9710,
                                                        "Actual Loops": 1
                                                    },
                                                    {
                                                        "Worker Number": 1,
                                                        "Actual Startup Time": 48.45,
                                                        "Actual Total Time": 73.839,
                                                        "Actual Rows": 10930,
                                                        "Actual Loops": 1
                                                    },
                                                    {
                                                        "Worker Number": 2,
                                                        "Actual Startup Time": 51.593,
                                                        "Actual Total Time": 75.369,
                                                        "Actual Rows": 11541,
                                                        "Actual Loops": 1
                                                    },
                                                    {
                                                        "Worker Number": 3,
                                                        "Actual Startup Time": 51.806,
                                                        "Actual Total Time": 75.568,
                                                        "Actual Rows": 11658,
                                                        "Actual Loops": 1
                                                    },
                                                    {
                                                        "Worker Number": 4,
                                                        "Actual Startup Time": 47.34,
                                                        "Actual Total Time": 74.553,
                                                        "Actual Rows": 10950,
                                                        "Actual Loops": 1
                                                    },
                                                    {
                                                        "Worker Number": 5,
                                                        "Actual Startup Time": 47.56,
                                                        "Actual Total Time": 74.482,
                                                        "Actual Rows": 16002,
                                                        "Actual Loops": 1
                                                    }
                                                ]
                                            }
                                        ]
                                    }
                                ]
                            }
                        ]
                    }
                ]
            }
        ]
    },
    "Planning Time": 0.67,
    "Triggers": [],
    "Execution Time": 1629.548
}