[
  {
    "Plan": {
      "Node Type": "Aggregate",
      "Strategy": "Plain",
      "Partial Mode": "Finalize",
      "Parallel Aware": false,
      "Startup Cost": 291430.32,
      "Total Cost": 291430.33,
      "Plan Rows": 1,
      "Plan Width": 8,
      "Actual Startup Time": 512.028,
      "Actual Total Time": 536.739,
      "Actual Rows": 1,
      "Actual Loops": 1,
      "Plans": [
        {
          "Node Type": "Gather",
          "Parent Relationship": "Outer",
          "Parallel Aware": false,
          "Startup Cost": 291430.01,
          "Total Cost": 291430.32,
          "Plan Rows": 3,
          "Plan Width": 8,
          "Actual Startup Time": 505.999,
          "Actual Total Time": 536.728,
          "Actual Rows": 4,
          "Actual Loops": 1,
          "Workers Planned": 3,
          "Workers Launched": 3,
          "Single Copy": false,
          "Plans": [
            {
              "Node Type": "Aggregate",
              "Strategy": "Plain",
              "Partial Mode": "Partial",
              "Parent Relationship": "Outer",
              "Parallel Aware": false,
              "Startup Cost": 290430.01,
              "Total Cost": 290430.02,
              "Plan Rows": 1,
              "Plan Width": 8,
              "Actual Startup Time": 499.726,
              "Actual Total Time": 499.735,
              "Actual Rows": 1,
              "Actual Loops": 4,
              "Plans": [
                {
                  "Node Type": "Nested Loop",
                  "Parent Relationship": "Outer",
                  "Parallel Aware": false,
                  "Join Type": "Inner",
                  "Startup Cost": 59036.11,
                  "Total Cost": 289025.49,
                  "Plan Rows": 561807,
                  "Plan Width": 0,
                  "Actual Startup Time": 281.394,
                  "Actual Total Time": 491.349,
                  "Actual Rows": 158082,
                  "Actual Loops": 4,
                  "Inner Unique": false,
                  "Plans": [
                    {
                      "Node Type": "Hash Join",
                      "Parent Relationship": "Outer",
                      "Parallel Aware": true,
                      "Join Type": "Inner",
                      "Startup Cost": 59035.68,
                      "Total Cost": 85862.74,
                      "Plan Rows": 95681,
                      "Plan Width": 8,
                      "Actual Startup Time": 281.255,
                      "Actual Total Time": 365.945,
                      "Actual Rows": 14688,
                      "Actual Loops": 4,
                      "Inner Unique": true,
                      "Hash Cond": "(mk.movie_id = t.id)",
                      "Plans": [
                        {
                          "Node Type": "Bitmap Heap Scan",
                          "Parent Relationship": "Outer",
                          "Parallel Aware": true,
                          "Relation Name": "movie_keyword",
                          "Alias": "mk",
                          "Startup Cost": 10317.87,
                          "Total Cost": 36733.08,
                          "Plan Rows": 156896,
                          "Plan Width": 4,
                          "Actual Startup Time": 28.0,
                          "Actual Total Time": 80.795,
                          "Actual Rows": 121046,
                          "Actual Loops": 4,
                          "Recheck Cond": "(keyword_id > 37058)",
                          "Rows Removed by Index Recheck": 0,
                          "Exact Heap Blocks": 7835,
                          "Lossy Heap Blocks": 0,
                          "Plans": [
                            {
                              "Node Type": "Bitmap Index Scan",
                              "Parent Relationship": "Outer",
                              "Parallel Aware": false,
                              "Index Name": "keyword_id_movie_keyword",
                              "Startup Cost": 0.0,
                              "Total Cost": 10196.27,
                              "Plan Rows": 486379,
                              "Plan Width": 0,
                              "Actual Startup Time": 24.631,
                              "Actual Total Time": 24.633,
                              "Actual Rows": 484182,
                              "Actual Loops": 1,
                              "Index Cond": "(keyword_id > 37058)"
                            }
                          ]
                        },
                        {
                          "Node Type": "Hash",
                          "Parent Relationship": "Inner",
                          "Parallel Aware": true,
                          "Startup Cost": 43899.32,
                          "Total Cost": 43899.32,
                          "Plan Rows": 385479,
                          "Plan Width": 4,
                          "Actual Startup Time": 248.853,
                          "Actual Total Time": 248.857,
                          "Actual Rows": 385816,
                          "Actual Loops": 4,
                          "Hash Buckets": 2097152,
                          "Original Hash Buckets": 2097152,
                          "Hash Batches": 1,
                          "Original Hash Batches": 1,
                          "Peak Memory Usage": 76800,
                          "Plans": [
                            {
                              "Node Type": "Seq Scan",
                              "Parent Relationship": "Outer",
                              "Parallel Aware": true,
                              "Relation Name": "title",
                              "Alias": "t",
                              "Startup Cost": 0.0,
                              "Total Cost": 43899.32,
                              "Plan Rows": 385479,
                              "Plan Width": 4,
                              "Actual Startup Time": 0.024,
                              "Actual Total Time": 105.49,
                              "Actual Rows": 385816,
                              "Actual Loops": 4,
                              "Filter": "(kind_id = 7)",
                              "Rows Removed by Filter": 246262
                            }
                          ]
                        }
                      ]
                    },
                    {
                      "Node Type": "Index Only Scan",
                      "Parent Relationship": "Inner",
                      "Parallel Aware": false,
                      "Scan Direction": "Forward",
                      "Index Name": "movie_id_movie_info",
                      "Relation Name": "movie_info",
                      "Alias": "mi",
                      "Startup Cost": 0.43,
                      "Total Cost": 1.71,
                      "Plan Rows": 41,
                      "Plan Width": 4,
                      "Actual Startup Time": 0.003,
                      "Actual Total Time": 0.007,
                      "Actual Rows": 11,
                      "Actual Loops": 58754,
                      "Index Cond": "(movie_id = t.id)",
                      "Rows Removed by Index Recheck": 0,
                      "Heap Fetches": 632327
                    }
                  ]
                }
              ]
            }
          ]
        }
      ]
    },
    "Planning Time": 0.497,
    "Triggers": [],
    "Execution Time": 536.789
  }
]