[
  {
    "Plan": {
      "Node Type": "Aggregate",
      "Strategy": "Plain",
      "Partial Mode": "Finalize",
      "Parallel Aware": false,
      "Startup Cost": 46597.05,
      "Total Cost": 46597.06,
      "Plan Rows": 1,
      "Plan Width": 8,
      "Actual Startup Time": 83.539,
      "Actual Total Time": 95.717,
      "Actual Rows": 1,
      "Actual Loops": 1,
      "Plans": [
        {
          "Node Type": "Gather",
          "Parent Relationship": "Outer",
          "Parallel Aware": false,
          "Startup Cost": 46596.63,
          "Total Cost": 46597.04,
          "Plan Rows": 4,
          "Plan Width": 8,
          "Actual Startup Time": 83.374,
          "Actual Total Time": 95.708,
          "Actual Rows": 5,
          "Actual Loops": 1,
          "Workers Planned": 4,
          "Workers Launched": 4,
          "Single Copy": false,
          "Plans": [
            {
              "Node Type": "Aggregate",
              "Strategy": "Plain",
              "Partial Mode": "Partial",
              "Parent Relationship": "Outer",
              "Parallel Aware": false,
              "Startup Cost": 45596.63,
              "Total Cost": 45596.64,
              "Plan Rows": 1,
              "Plan Width": 8,
              "Actual Startup Time": 79.698,
              "Actual Total Time": 79.699,
              "Actual Rows": 1,
              "Actual Loops": 5,
              "Plans": [
                {
                  "Node Type": "Seq Scan",
                  "Parent Relationship": "Outer",
                  "Parallel Aware": true,
                  "Relation Name": "title",
                  "Alias": "t",
                  "Startup Cost": 0.0,
                  "Total Cost": 45479.59,
                  "Plan Rows": 46816,
                  "Plan Width": 0,
                  "Actual Startup Time": 42.932,
                  "Actual Total Time": 76.708,
                  "Actual Rows": 65206,
                  "Actual Loops": 5,
                  "Filter": "((production_year < 1992) AND (kind_id = 1))",
                  "Rows Removed by Filter": 440456
                }
              ]
            }
          ]
        }
      ]
    },
    "Planning Time": 0.072,
    "Triggers": [],
    "Execution Time": 95.741
  }
]