[
    {
        "Bao": {
            "Bao prediction": "NaN",
            "Bao recommended hint": "(no hint)"
        }
    },
    {
        "Plan": {
            "Node Type": "Aggregate",
            "Strategy": "Plain",
            "Partial Mode": "Finalize",
            "Parallel Aware": false,
            "Startup Cost": 289542.58,
            "Total Cost": 289542.59,
            "Plan Rows": 1,
            "Plan Width": 8,
            "Actual Startup Time": 1250.962,
            "Actual Total Time": 1280.22,
            "Actual Rows": 1,
            "Actual Loops": 1,
            "Output": [
                "count(*)"
            ],
            "Plans": [
                {
                    "Node Type": "Gather",
                    "Parent Relationship": "Outer",
                    "Parallel Aware": false,
                    "Startup Cost": 289542.05,
                    "Total Cost": 289542.56,
                    "Plan Rows": 5,
                    "Plan Width": 8,
                    "Actual Startup Time": 1243.671,
                    "Actual Total Time": 1280.209,
                    "Actual Rows": 6,
                    "Actual Loops": 1,
                    "Output": [
                        "(PARTIAL count(*))"
                    ],
                    "Workers Planned": 5,
                    "Workers Launched": 5,
                    "Single Copy": false,
                    "Plans": [
                        {
                            "Node Type": "Aggregate",
                            "Strategy": "Plain",
                            "Partial Mode": "Partial",
                            "Parent Relationship": "Outer",
                            "Parallel Aware": false,
                            "Startup Cost": 288542.05,
                            "Total Cost": 288542.06,
                            "Plan Rows": 1,
                            "Plan Width": 8,
                            "Actual Startup Time": 1233.176,
                            "Actual Total Time": 1233.278,
                            "Actual Rows": 1,
                            "Actual Loops": 6,
                            "Output": [
                                "PARTIAL count(*)"
                            ],
                            "Workers": [
                                {
                                    "Worker Number": 0,
                                    "Actual Startup Time": 1231.075,
                                    "Actual Total Time": 1231.08,
                                    "Actual Rows": 1,
                                    "Actual Loops": 1
                                },
                                {
                                    "Worker Number": 1,
                                    "Actual Startup Time": 1231.139,
                                    "Actual Total Time": 1231.145,
                                    "Actual Rows": 1,
                                    "Actual Loops": 1
                                },
                                {
                                    "Worker Number": 2,
                                    "Actual Startup Time": 1231.125,
                                    "Actual Total Time": 1231.129,
                                    "Actual Rows": 1,
                                    "Actual Loops": 1
                                },
                                {
                                    "Worker Number": 3,
                                    "Actual Startup Time": 1231.265,
                                    "Actual Total Time": 1231.269,
                                    "Actual Rows": 1,
                                    "Actual Loops": 1
                                },
                                {
                                    "Worker Number": 4,
                                    "Actual Startup Time": 1231.464,
                                    "Actual Total Time": 1231.469,
                                    "Actual Rows": 1,
                                    "Actual Loops": 1
                                }
                            ],
                            "Plans": [
                                {
                                    "Node Type": "Hash Join",
                                    "Parent Relationship": "Outer",
                                    "Parallel Aware": true,
                                    "Join Type": "Inner",
                                    "Startup Cost": 82133.2,
                                    "Total Cost": 286622.38,
                                    "Plan Rows": 767870,
                                    "Plan Width": 0,
                                    "Actual Startup Time": 325.617,
                                    "Actual Total Time": 1180.793,
                                    "Actual Rows": 905388,
                                    "Actual Loops": 6,
                                    "Inner Unique": false,
                                    "Hash Cond": "(mi.movie_id = t.id)",
                                    "Workers": [
                                        {
                                            "Worker Number": 0,
                                            "Actual Startup Time": 323.094,
                                            "Actual Total Time": 1179.999,
                                            "Actual Rows": 747733,
                                            "Actual Loops": 1
                                        },
                                        {
                                            "Worker Number": 1,
                                            "Actual Startup Time": 323.454,
                                            "Actual Total Time": 1177.254,
                                            "Actual Rows": 778259,
                                            "Actual Loops": 1
                                        },
                                        {
                                            "Worker Number": 2,
                                            "Actual Startup Time": 323.958,
                                            "Actual Total Time": 1178.444,
                                            "Actual Rows": 771903,
                                            "Actual Loops": 1
                                        },
                                        {
                                            "Worker Number": 3,
                                            "Actual Startup Time": 323.006,
                                            "Actual Total Time": 1182.906,
                                            "Actual Rows": 1152350,
                                            "Actual Loops": 1
                                        },
                                        {
                                            "Worker Number": 4,
                                            "Actual Startup Time": 324.396,
                                            "Actual Total Time": 1184.853,
                                            "Actual Rows": 1043138,
                                            "Actual Loops": 1
                                        }
                                    ],
                                    "Plans": [
                                        {
                                            "Node Type": "Seq Scan",
                                            "Parent Relationship": "Outer",
                                            "Parallel Aware": true,
                                            "Relation Name": "movie_info",
                                            "Schema": "public",
                                            "Alias": "mi",
                                            "Startup Cost": 0.0,
                                            "Total Cost": 191503.19,
                                            "Plan Rows": 2951019,
                                            "Plan Width": 4,
                                            "Actual Startup Time": 0.02,
                                            "Actual Total Time": 334.01,
                                            "Actual Rows": 2472620,
                                            "Actual Loops": 6,
                                            "Output": [
                                                "mi.id",
                                                "mi.movie_id",
                                                "mi.info_type_id",
                                                "mi.info",
                                                "mi.note"
                                            ],
                                            "Workers": [
                                                {
                                                    "Worker Number": 0,
                                                    "Actual Startup Time": 0.021,
                                                    "Actual Total Time": 341.058,
                                                    "Actual Rows": 2033114,
                                                    "Actual Loops": 1
                                                },
                                                {
                                                    "Worker Number": 1,
                                                    "Actual Startup Time": 0.02,
                                                    "Actual Total Time": 355.103,
                                                    "Actual Rows": 2105613,
                                                    "Actual Loops": 1
                                                },
                                                {
                                                    "Worker Number": 2,
                                                    "Actual Startup Time": 0.025,
                                                    "Actual Total Time": 356.602,
                                                    "Actual Rows": 2132382,
                                                    "Actual Loops": 1
                                                },
                                                {
                                                    "Worker Number": 3,
                                                    "Actual Startup Time": 0.019,
                                                    "Actual Total Time": 342.935,
                                                    "Actual Rows": 3176485,
                                                    "Actual Loops": 1
                                                },
                                                {
                                                    "Worker Number": 4,
                                                    "Actual Startup Time": 0.019,
                                                    "Actual Total Time": 323.39,
                                                    "Actual Rows": 2840181,
                                                    "Actual Loops": 1
                                                }
                                            ]
                                        },
                                        {
                                            "Node Type": "Hash",
                                            "Parent Relationship": "Inner",
                                            "Parallel Aware": true,
                                            "Startup Cost": 80077.32,
                                            "Total Cost": 80077.32,
                                            "Plan Rows": 164470,
                                            "Plan Width": 8,
                                            "Actual Startup Time": 321.614,
                                            "Actual Total Time": 321.714,
                                            "Actual Rows": 69996,
                                            "Actual Loops": 6,
                                            "Output": [
                                                "t.id",
                                                "mc.movie_id"
                                            ],
                                            "Hash Buckets": 1048576,
                                            "Original Hash Buckets": 1048576,
                                            "Hash Batches": 1,
                                            "Original Hash Batches": 1,
                                            "Peak Memory Usage": 24768,
                                            "Workers": [
                                                {
                                                    "Worker Number": 0,
                                                    "Actual Startup Time": 321.361,
                                                    "Actual Total Time": 321.365,
                                                    "Actual Rows": 56563,
                                                    "Actual Loops": 1
                                                },
                                                {
                                                    "Worker Number": 1,
                                                    "Actual Startup Time": 321.786,
                                                    "Actual Total Time": 321.79,
                                                    "Actual Rows": 62404,
                                                    "Actual Loops": 1
                                                },
                                                {
                                                    "Worker Number": 2,
                                                    "Actual Startup Time": 321.879,
                                                    "Actual Total Time": 321.882,
                                                    "Actual Rows": 62248,
                                                    "Actual Loops": 1
                                                },
                                                {
                                                    "Worker Number": 3,
                                                    "Actual Startup Time": 322.117,
                                                    "Actual Total Time": 322.12,
                                                    "Actual Rows": 88711,
                                                    "Actual Loops": 1
                                                },
                                                {
                                                    "Worker Number": 4,
                                                    "Actual Startup Time": 322.317,
                                                    "Actual Total Time": 322.32,
                                                    "Actual Rows": 76219,
                                                    "Actual Loops": 1
                                                }
                                            ],
                                            "Plans": [
                                                {
                                                    "Node Type": "Hash Join",
                                                    "Parent Relationship": "Outer",
                                                    "Parallel Aware": true,
                                                    "Join Type": "Inner",
                                                    "Startup Cost": 34067.57,
                                                    "Total Cost": 80077.32,
                                                    "Plan Rows": 164470,
                                                    "Plan Width": 8,
                                                    "Actual Startup Time": 120.417,
                                                    "Actual Total Time": 291.152,
                                                    "Actual Rows": 69996,
                                                    "Actual Loops": 6,
                                                    "Output": [
                                                        "t.id",
                                                        "mc.movie_id"
                                                    ],
                                                    "Inner Unique": false,
                                                    "Hash Cond": "(t.id = mc.movie_id)",
                                                    "Workers": [
                                                        {
                                                            "Worker Number": 0,
                                                            "Actual Startup Time": 120.396,
                                                            "Actual Total Time": 290.092,
                                                            "Actual Rows": 56563,
                                                            "Actual Loops": 1
                                                        },
                                                        {
                                                            "Worker Number": 1,
                                                            "Actual Startup Time": 120.422,
                                                            "Actual Total Time": 292.528,
                                                            "Actual Rows": 62404,
                                                            "Actual Loops": 1
                                                        },
                                                        {
                                                            "Worker Number": 2,
                                                            "Actual Startup Time": 120.412,
                                                            "Actual Total Time": 292.572,
                                                            "Actual Rows": 62248,
                                                            "Actual Loops": 1
                                                        },
                                                        {
                                                            "Worker Number": 3,
                                                            "Actual Startup Time": 120.37,
                                                            "Actual Total Time": 290.969,
                                                            "Actual Rows": 88711,
                                                            "Actual Loops": 1
                                                        },
                                                        {
                                                            "Worker Number": 4,
                                                            "Actual Startup Time": 120.261,
                                                            "Actual Total Time": 291.275,
                                                            "Actual Rows": 76219,
                                                            "Actual Loops": 1
                                                        }
                                                    ],
                                                    "Plans": [
                                                        {
                                                            "Node Type": "Seq Scan",
                                                            "Parent Relationship": "Outer",
                                                            "Parallel Aware": true,
                                                            "Relation Name": "title",
                                                            "Schema": "public",
                                                            "Alias": "t",
                                                            "Startup Cost": 0.0,
                                                            "Total Cost": 42318.81,
                                                            "Plan Rows": 632080,
                                                            "Plan Width": 4,
                                                            "Actual Startup Time": 0.022,
                                                            "Actual Total Time": 64.317,
                                                            "Actual Rows": 421385,
                                                            "Actual Loops": 6,
                                                            "Output": [
                                                                "t.id",
                                                                "t.title",
                                                                "t.imdb_index",
                                                                "t.kind_id",
                                                                "t.production_year",
                                                                "t.imdb_id",
                                                                "t.phonetic_code",
                                                                "t.episode_of_id",
                                                                "t.season_nr",
                                                                "t.episode_nr",
                                                                "t.series_years",
                                                                "t.md5sum"
                                                            ],
                                                            "Workers": [
                                                                {
                                                                    "Worker Number": 0,
                                                                    "Actual Startup Time": 0.024,
                                                                    "Actual Total Time": 66.858,
                                                                    "Actual Rows": 342031,
                                                                    "Actual Loops": 1
                                                                },
                                                                {
                                                                    "Worker Number": 1,
                                                                    "Actual Startup Time": 0.025,
                                                                    "Actual Total Time": 70.169,
                                                                    "Actual Rows": 374939,
                                                                    "Actual Loops": 1
                                                                },
                                                                {
                                                                    "Worker Number": 2,
                                                                    "Actual Startup Time": 0.03,
                                                                    "Actual Total Time": 70.075,
                                                                    "Actual Rows": 374867,
                                                                    "Actual Loops": 1
                                                                },
                                                                {
                                                                    "Worker Number": 3,
                                                                    "Actual Startup Time": 0.021,
                                                                    "Actual Total Time": 63.866,
                                                                    "Actual Rows": 534300,
                                                                    "Actual Loops": 1
                                                                },
                                                                {
                                                                    "Worker Number": 4,
                                                                    "Actual Startup Time": 0.022,
                                                                    "Actual Total Time": 62.447,
                                                                    "Actual Rows": 457908,
                                                                    "Actual Loops": 1
                                                                }
                                                            ]
                                                        },
                                                        {
                                                            "Node Type": "Hash",
                                                            "Parent Relationship": "Inner",
                                                            "Parallel Aware": true,
                                                            "Startup Cost": 31414.82,
                                                            "Total Cost": 31414.82,
                                                            "Plan Rows": 212220,
                                                            "Plan Width": 4,
                                                            "Actual Startup Time": 118.432,
                                                            "Actual Total Time": 118.433,
                                                            "Actual Rows": 69996,
                                                            "Actual Loops": 6,
                                                            "Output": [
                                                                "mc.movie_id"
                                                            ],
                                                            "Hash Buckets": 1048576,
                                                            "Original Hash Buckets": 1048576,
                                                            "Hash Batches": 1,
                                                            "Original Hash Batches": 1,
                                                            "Peak Memory Usage": 24736,
                                                            "Workers": [
                                                                {
                                                                    "Worker Number": 0,
                                                                    "Actual Startup Time": 120.055,
                                                                    "Actual Total Time": 120.056,
                                                                    "Actual Rows": 59900,
                                                                    "Actual Loops": 1
                                                                },
                                                                {
                                                                    "Worker Number": 1,
                                                                    "Actual Startup Time": 120.084,
                                                                    "Actual Total Time": 120.085,
                                                                    "Actual Rows": 61727,
                                                                    "Actual Loops": 1
                                                                },
                                                                {
                                                                    "Worker Number": 2,
                                                                    "Actual Startup Time": 120.07,
                                                                    "Actual Total Time": 120.071,
                                                                    "Actual Rows": 60994,
                                                                    "Actual Loops": 1
                                                                },
                                                                {
                                                                    "Worker Number": 3,
                                                                    "Actual Startup Time": 120.222,
                                                                    "Actual Total Time": 120.224,
                                                                    "Actual Rows": 87550,
                                                                    "Actual Loops": 1
                                                                },
                                                                {
                                                                    "Worker Number": 4,
                                                                    "Actual Startup Time": 120.157,
                                                                    "Actual Total Time": 120.159,
                                                                    "Actual Rows": 78116,
                                                                    "Actual Loops": 1
                                                                }
                                                            ],
                                                            "Plans": [
                                                                {
                                                                    "Node Type": "Seq Scan",
                                                                    "Parent Relationship": "Outer",
                                                                    "Parallel Aware": true,
                                                                    "Relation Name": "movie_companies",
                                                                    "Schema": "public",
                                                                    "Alias": "mc",
                                                                    "Startup Cost": 0.0,
                                                                    "Total Cost": 31414.82,
                                                                    "Plan Rows": 212220,
                                                                    "Plan Width": 4,
                                                                    "Actual Startup Time": 46.878,
                                                                    "Actual Total Time": 78.109,
                                                                    "Actual Rows": 69996,
                                                                    "Actual Loops": 6,
                                                                    "Output": [
                                                                        "mc.movie_id"
                                                                    ],
                                                                    "Filter": "((mc.company_id < 11244) AND (mc.company_type_id = 2))",
                                                                    "Rows Removed by Filter": 364859,
                                                                    "Workers": [
                                                                        {
                                                                            "Worker Number": 0,
                                                                            "Actual Startup Time": 46.871,
                                                                            "Actual Total Time": 78.162,
                                                                            "Actual Rows": 59900,
                                                                            "Actual Loops": 1
                                                                        },
                                                                        {
                                                                            "Worker Number": 1,
                                                                            "Actual Startup Time": 46.848,
                                                                            "Actual Total Time": 79.22,
                                                                            "Actual Rows": 61727,
                                                                            "Actual Loops": 1
                                                                        },
                                                                        {
                                                                            "Worker Number": 2,
                                                                            "Actual Startup Time": 46.816,
                                                                            "Actual Total Time": 79.026,
                                                                            "Actual Rows": 60994,
                                                                            "Actual Loops": 1
                                                                        },
                                                                        {
                                                                            "Worker Number": 3,
                                                                            "Actual Startup Time": 46.842,
                                                                            "Actual Total Time": 77.353,
                                                                            "Actual Rows": 87550,
                                                                            "Actual Loops": 1
                                                                        },
                                                                        {
                                                                            "Worker Number": 4,
                                                                            "Actual Startup Time": 46.821,
                                                                            "Actual Total Time": 76.433,
                                                                            "Actual Rows": 78116,
                                                                            "Actual Loops": 1
                                                                        }
                                                                    ]
                                                                }
                                                            ]
                                                        }
                                                    ]
                                                }
                                            ]
                                        }
                                    ]
                                }
                            ]
                        }
                    ]
                }
            ]
        },
        "Planning Time": 302.563,
        "Triggers": [],
        "Execution Time": 1280.325
    }
]