[
  {
    "Plan": {
      "Node Type": "Aggregate",
      "Strategy": "Plain",
      "Partial Mode": "Finalize",
      "Parallel Aware": false,
      "Startup Cost": 134565.96,
      "Total Cost": 134565.97,
      "Plan Rows": 1,
      "Plan Width": 8,
      "Actual Startup Time": 643.865,
      "Actual Total Time": 723.31,
      "Actual Rows": 1,
      "Actual Loops": 1,
      "Plans": [
        {
          "Node Type": "Gather",
          "Parent Relationship": "Outer",
          "Parallel Aware": false,
          "Startup Cost": 134565.54,
          "Total Cost": 134565.95,
          "Plan Rows": 4,
          "Plan Width": 8,
          "Actual Startup Time": 642.866,
          "Actual Total Time": 723.287,
          "Actual Rows": 5,
          "Actual Loops": 1,
          "Workers Planned": 4,
          "Workers Launched": 4,
          "Single Copy": false,
          "Plans": [
            {
              "Node Type": "Aggregate",
              "Strategy": "Plain",
              "Partial Mode": "Partial",
              "Parent Relationship": "Outer",
              "Parallel Aware": false,
              "Startup Cost": 133565.54,
              "Total Cost": 133565.55,
              "Plan Rows": 1,
              "Plan Width": 8,
              "Actual Startup Time": 632.825,
              "Actual Total Time": 632.829,
              "Actual Rows": 1,
              "Actual Loops": 5,
              "Plans": [
                {
                  "Node Type": "Nested Loop",
                  "Parent Relationship": "Outer",
                  "Parallel Aware": false,
                  "Join Type": "Inner",
                  "Startup Cost": 25123.39,
                  "Total Cost": 132552.79,
                  "Plan Rows": 405100,
                  "Plan Width": 0,
                  "Actual Startup Time": 71.339,
                  "Actual Total Time": 619.301,
                  "Actual Rows": 222053,
                  "Actual Loops": 5,
                  "Inner Unique": false,
                  "Plans": [
                    {
                      "Node Type": "Hash Join",
                      "Parent Relationship": "Outer",
                      "Parallel Aware": true,
                      "Join Type": "Inner",
                      "Startup Cost": 25122.83,
                      "Total Cost": 70693.13,
                      "Plan Rows": 28271,
                      "Plan Width": 8,
                      "Actual Startup Time": 71.246,
                      "Actual Total Time": 196.38,
                      "Actual Rows": 10243,
                      "Actual Loops": 5,
                      "Inner Unique": false,
                      "Hash Cond": "(t.id = mc.movie_id)",
                      "Plans": [
                        {
                          "Node Type": "Seq Scan",
                          "Parent Relationship": "Outer",
                          "Parallel Aware": true,
                          "Relation Name": "title",
                          "Alias": "t",
                          "Startup Cost": 0.0,
                          "Total Cost": 42318.73,
                          "Plan Rows": 632073,
                          "Plan Width": 4,
                          "Actual Startup Time": 0.01,
                          "Actual Total Time": 59.7,
                          "Actual Rows": 505662,
                          "Actual Loops": 5
                        },
                        {
                          "Node Type": "Hash",
                          "Parent Relationship": "Inner",
                          "Parallel Aware": true,
                          "Startup Cost": 24666.84,
                          "Total Cost": 24666.84,
                          "Plan Rows": 36479,
                          "Plan Width": 4,
                          "Actual Startup Time": 69.75,
                          "Actual Total Time": 69.751,
                          "Actual Rows": 10243,
                          "Actual Loops": 5,
                          "Hash Buckets": 131072,
                          "Original Hash Buckets": 131072,
                          "Hash Batches": 1,
                          "Original Hash Batches": 1,
                          "Peak Memory Usage": 3104,
                          "Plans": [
                            {
                              "Node Type": "Bitmap Heap Scan",
                              "Parent Relationship": "Outer",
                              "Parallel Aware": true,
                              "Relation Name": "movie_companies",
                              "Alias": "mc",
                              "Startup Cost": 4799.14,
                              "Total Cost": 24666.84,
                              "Plan Rows": 36479,
                              "Plan Width": 4,
                              "Actual Startup Time": 55.267,
                              "Actual Total Time": 66.321,
                              "Actual Rows": 10243,
                              "Actual Loops": 5,
                              "Recheck Cond": "(company_id < 79)",
                              "Rows Removed by Index Recheck": 0,
                              "Filter": "(company_type_id > 1)",
                              "Rows Removed by Filter": 34413,
                              "Exact Heap Blocks": 9491,
                              "Lossy Heap Blocks": 0,
                              "Plans": [
                                {
                                  "Node Type": "Bitmap Index Scan",
                                  "Parent Relationship": "Outer",
                                  "Parallel Aware": false,
                                  "Index Name": "company_id_movie_companies",
                                  "Startup Cost": 0.0,
                                  "Total Cost": 4770.87,
                                  "Plan Rows": 222725,
                                  "Plan Width": 0,
                                  "Actual Startup Time": 24.325,
                                  "Actual Total Time": 24.326,
                                  "Actual Rows": 223280,
                                  "Actual Loops": 1,
                                  "Index Cond": "(company_id < 79)"
                                }
                              ]
                            }
                          ]
                        }
                      ]
                    },
                    {
                      "Node Type": "Index Only Scan",
                      "Parent Relationship": "Inner",
                      "Parallel Aware": false,
                      "Scan Direction": "Forward",
                      "Index Name": "movie_id_cast_info",
                      "Relation Name": "cast_info",
                      "Alias": "ci",
                      "Startup Cost": 0.56,
                      "Total Cost": 1.82,
                      "Plan Rows": 37,
                      "Plan Width": 4,
                      "Actual Startup Time": 0.008,
                      "Actual Total Time": 0.039,
                      "Actual Rows": 22,
                      "Actual Loops": 51217,
                      "Index Cond": "(movie_id = t.id)",
                      "Rows Removed by Index Recheck": 0,
                      "Heap Fetches": 1110267
                    }
                  ]
                }
              ]
            }
          ]
        }
      ]
    },
    "Planning Time": 1.346,
    "Triggers": [],
    "Execution Time": 723.435
  }
]