{
  "Plan": {
    "Node Type": "Aggregate",
    "Strategy": "Plain",
    "Partial Mode": "Finalize",
    "Parallel Aware": false,
    "Startup Cost": 44945.71,
    "Total Cost": 44945.72,
    "Plan Rows": 1,
    "Plan Width": 8,
    "Actual Startup Time": 41.252,
    "Actual Total Time": 47.955,
    "Actual Rows": 1,
    "Actual Loops": 1,
    "Plans": [
      {
        "Node Type": "Gather",
        "Parent Relationship": "Outer",
        "Parallel Aware": false,
        "Startup Cost": 44945.6,
        "Total Cost": 44945.71,
        "Plan Rows": 1,
        "Plan Width": 8,
        "Actual Startup Time": 41.148,
        "Actual Total Time": 47.95,
        "Actual Rows": 2,
        "Actual Loops": 1,
        "Workers Planned": 1,
        "Workers Launched": 1,
        "Single Copy": false,
        "Plans": [
          {
            "Node Type": "Aggregate",
            "Strategy": "Plain",
            "Partial Mode": "Partial",
            "Parent Relationship": "Outer",
            "Parallel Aware": false,
            "Startup Cost": 43945.6,
            "Total Cost": 43945.61,
            "Plan Rows": 1,
            "Plan Width": 8,
            "Actual Startup Time": 37.218,
            "Actual Total Time": 37.22,
            "Actual Rows": 1,
            "Actual Loops": 2,
            "Plans": [
              {
                "Node Type": "Nested Loop",
                "Parent Relationship": "Outer",
                "Parallel Aware": false,
                "Join Type": "Inner",
                "Startup Cost": 150.62,
                "Total Cost": 43941.48,
                "Plan Rows": 1646,
                "Plan Width": 0,
                "Actual Startup Time": 3.029,
                "Actual Total Time": 37.182,
                "Actual Rows": 105,
                "Actual Loops": 2,
                "Inner Unique": true,
                "Plans": [
                  {
                    "Node Type": "Bitmap Heap Scan",
                    "Parent Relationship": "Outer",
                    "Parallel Aware": true,
                    "Relation Name": "movie_keyword",
                    "Alias": "mk",
                    "Startup Cost": 150.19,
                    "Total Cost": 15419.2,
                    "Plan Rows": 4081,
                    "Plan Width": 4,
                    "Actual Startup Time": 2.896,
                    "Actual Total Time": 13.108,
                    "Actual Rows": 2958,
                    "Actual Loops": 2,
                    "Recheck Cond": "(keyword_id = 807)",
                    "Rows Removed by Index Recheck": 0,
                    "Exact Heap Blocks": 4031,
                    "Lossy Heap Blocks": 0,
                    "Plans": [
                      {
                        "Node Type": "Bitmap Index Scan",
                        "Parent Relationship": "Outer",
                        "Parallel Aware": false,
                        "Index Name": "keyword_id_movie_keyword",
                        "Startup Cost": 0.0,
                        "Total Cost": 148.46,
                        "Plan Rows": 6937,
                        "Plan Width": 0,
                        "Actual Startup Time": 3.492,
                        "Actual Total Time": 3.492,
                        "Actual Rows": 5916,
                        "Actual Loops": 1,
                        "Index Cond": "(keyword_id = 807)"
                      }
                    ]
                  },
                  {
                    "Node Type": "Index Scan",
                    "Parent Relationship": "Inner",
                    "Parallel Aware": false,
                    "Scan Direction": "Forward",
                    "Index Name": "title_pkey",
                    "Relation Name": "title",
                    "Alias": "t",
                    "Startup Cost": 0.43,
                    "Total Cost": 6.99,
                    "Plan Rows": 1,
                    "Plan Width": 4,
                    "Actual Startup Time": 0.008,
                    "Actual Total Time": 0.008,
                    "Actual Rows": 0,
                    "Actual Loops": 5916,
                    "Index Cond": "(id = mk.movie_id)",
                    "Rows Removed by Index Recheck": 0,
                    "Filter": "((production_year > 1993) AND (kind_id = 7))",
                    "Rows Removed by Filter": 1
                  }
                ]
              }
            ]
          }
        ]
      }
    ]
  },
  "Planning Time": 0.391,
  "Triggers": [],
  "Execution Time": 48.026
}