[
  {
    "Plan": {
      "Node Type": "Aggregate",
      "Strategy": "Plain",
      "Partial Mode": "Finalize",
      "Parallel Aware": false,
      "Startup Cost": 345886.07,
      "Total Cost": 345886.08,
      "Plan Rows": 1,
      "Plan Width": 8,
      "Actual Startup Time": 688.613,
      "Actual Total Time": 748.616,
      "Actual Rows": 1,
      "Actual Loops": 1,
      "Plans": [
        {
          "Node Type": "Gather",
          "Parent Relationship": "Outer",
          "Parallel Aware": false,
          "Startup Cost": 345885.45,
          "Total Cost": 345886.06,
          "Plan Rows": 6,
          "Plan Width": 8,
          "Actual Startup Time": 688.496,
          "Actual Total Time": 748.607,
          "Actual Rows": 7,
          "Actual Loops": 1,
          "Workers Planned": 6,
          "Workers Launched": 6,
          "Single Copy": false,
          "Plans": [
            {
              "Node Type": "Aggregate",
              "Strategy": "Plain",
              "Partial Mode": "Partial",
              "Parent Relationship": "Outer",
              "Parallel Aware": false,
              "Startup Cost": 344885.45,
              "Total Cost": 344885.46,
              "Plan Rows": 1,
              "Plan Width": 8,
              "Actual Startup Time": 678.912,
              "Actual Total Time": 678.913,
              "Actual Rows": 1,
              "Actual Loops": 7,
              "Plans": [
                {
                  "Node Type": "Seq Scan",
                  "Parent Relationship": "Outer",
                  "Parallel Aware": true,
                  "Relation Name": "cast_info",
                  "Alias": "ci",
                  "Startup Cost": 0.0,
                  "Total Cost": 343257.03,
                  "Plan Rows": 651368,
                  "Plan Width": 0,
                  "Actual Startup Time": 358.884,
                  "Actual Total Time": 627.109,
                  "Actual Rows": 1223329,
                  "Actual Loops": 7,
                  "Filter": "((person_id > 2831115) AND (role_id > 2))",
                  "Rows Removed by Filter": 3954435
                }
              ]
            }
          ]
        }
      ]
    },
    "Planning Time": 0.226,
    "Triggers": [],
    "Execution Time": 748.688
  }
]