{
    "Plan": {
        "Node Type": "Aggregate",
        "Strategy": "Plain",
        "Partial Mode": "Finalize",
        "Parallel Aware": false,
        "Startup Cost": 271805.48,
        "Total Cost": 271805.49,
        "Plan Rows": 1,
        "Plan Width": 8,
        "Actual Startup Time": 444.875,
        "Actual Total Time": 500.993,
        "Actual Rows": 1,
        "Actual Loops": 1,
        "Output": [
            "count(*)"
        ],
        "Plans": [
            {
                "Node Type": "Gather",
                "Parent Relationship": "Outer",
                "Parallel Aware": false,
                "Startup Cost": 271805.06,
                "Total Cost": 271805.47,
                "Plan Rows": 4,
                "Plan Width": 8,
                "Actual Startup Time": 443.396,
                "Actual Total Time": 500.983,
                "Actual Rows": 5,
                "Actual Loops": 1,
                "Output": [
                    "(PARTIAL count(*))"
                ],
                "Workers Planned": 4,
                "Workers Launched": 4,
                "Single Copy": false,
                "Plans": [
                    {
                        "Node Type": "Aggregate",
                        "Strategy": "Plain",
                        "Partial Mode": "Partial",
                        "Parent Relationship": "Outer",
                        "Parallel Aware": false,
                        "Startup Cost": 270805.06,
                        "Total Cost": 270805.07,
                        "Plan Rows": 1,
                        "Plan Width": 8,
                        "Actual Startup Time": 433.391,
                        "Actual Total Time": 433.393,
                        "Actual Rows": 1,
                        "Actual Loops": 5,
                        "Output": [
                            "PARTIAL count(*)"
                        ],
                        "Workers": [
                            {
                                "Worker Number": 0,
                                "Actual Startup Time": 430.352,
                                "Actual Total Time": 430.354,
                                "Actual Rows": 1,
                                "Actual Loops": 1
                            },
                            {
                                "Worker Number": 1,
                                "Actual Startup Time": 430.826,
                                "Actual Total Time": 430.828,
                                "Actual Rows": 1,
                                "Actual Loops": 1
                            },
                            {
                                "Worker Number": 2,
                                "Actual Startup Time": 430.867,
                                "Actual Total Time": 430.869,
                                "Actual Rows": 1,
                                "Actual Loops": 1
                            },
                            {
                                "Worker Number": 3,
                                "Actual Startup Time": 432.375,
                                "Actual Total Time": 432.377,
                                "Actual Rows": 1,
                                "Actual Loops": 1
                            }
                        ],
                        "Plans": [
                            {
                                "Node Type": "Nested Loop",
                                "Parent Relationship": "Outer",
                                "Parallel Aware": false,
                                "Join Type": "Inner",
                                "Startup Cost": 1.0,
                                "Total Cost": 270516.16,
                                "Plan Rows": 115562,
                                "Plan Width": 0,
                                "Actual Startup Time": 0.871,
                                "Actual Total Time": 428.944,
                                "Actual Rows": 68345,
                                "Actual Loops": 5,
                                "Inner Unique": false,
                                "Join Filter": "(t.id = ci.movie_id)",
                                "Rows Removed by Join Filter": 0,
                                "Workers": [
                                    {
                                        "Worker Number": 0,
                                        "Actual Startup Time": 0.939,
                                        "Actual Total Time": 426.539,
                                        "Actual Rows": 59497,
                                        "Actual Loops": 1
                                    },
                                    {
                                        "Worker Number": 1,
                                        "Actual Startup Time": 1.167,
                                        "Actual Total Time": 426.545,
                                        "Actual Rows": 40602,
                                        "Actual Loops": 1
                                    },
                                    {
                                        "Worker Number": 2,
                                        "Actual Startup Time": 1.301,
                                        "Actual Total Time": 426.898,
                                        "Actual Rows": 61229,
                                        "Actual Loops": 1
                                    },
                                    {
                                        "Worker Number": 3,
                                        "Actual Startup Time": 0.817,
                                        "Actual Total Time": 428.592,
                                        "Actual Rows": 58896,
                                        "Actual Loops": 1
                                    }
                                ],
                                "Plans": [
                                    {
                                        "Node Type": "Nested Loop",
                                        "Parent Relationship": "Outer",
                                        "Parallel Aware": false,
                                        "Join Type": "Inner",
                                        "Startup Cost": 0.43,
                                        "Total Cost": 227133.73,
                                        "Plan Rows": 25919,
                                        "Plan Width": 8,
                                        "Actual Startup Time": 0.331,
                                        "Actual Total Time": 127.119,
                                        "Actual Rows": 14935,
                                        "Actual Loops": 5,
                                        "Output": [
                                            "t.id",
                                            "mi.movie_id"
                                        ],
                                        "Inner Unique": false,
                                        "Workers": [
                                            {
                                                "Worker Number": 0,
                                                "Actual Startup Time": 0.392,
                                                "Actual Total Time": 124.264,
                                                "Actual Rows": 12568,
                                                "Actual Loops": 1
                                            },
                                            {
                                                "Worker Number": 1,
                                                "Actual Startup Time": 0.362,
                                                "Actual Total Time": 125.699,
                                                "Actual Rows": 8682,
                                                "Actual Loops": 1
                                            },
                                            {
                                                "Worker Number": 2,
                                                "Actual Startup Time": 0.404,
                                                "Actual Total Time": 128.086,
                                                "Actual Rows": 14314,
                                                "Actual Loops": 1
                                            },
                                            {
                                                "Worker Number": 3,
                                                "Actual Startup Time": 0.437,
                                                "Actual Total Time": 130.931,
                                                "Actual Rows": 12789,
                                                "Actual Loops": 1
                                            }
                                        ],
                                        "Plans": [
                                            {
                                                "Node Type": "Seq Scan",
                                                "Parent Relationship": "Outer",
                                                "Parallel Aware": true,
                                                "Relation Name": "title",
                                                "Schema": "public",
                                                "Alias": "t",
                                                "Startup Cost": 0.0,
                                                "Total Cost": 45479.21,
                                                "Plan Rows": 4441,
                                                "Plan Width": 4,
                                                "Actual Startup Time": 0.078,
                                                "Actual Total Time": 69.518,
                                                "Actual Rows": 3516,
                                                "Actual Loops": 5,
                                                "Output": [
                                                    "t.id",
                                                    "t.title",
                                                    "t.imdb_index",
                                                    "t.kind_id",
                                                    "t.production_year",
                                                    "t.imdb_id",
                                                    "t.phonetic_code",
                                                    "t.episode_of_id",
                                                    "t.season_nr",
                                                    "t.episode_nr",
                                                    "t.series_years",
                                                    "t.md5sum"
                                                ],
                                                "Filter": "((t.kind_id > 1) AND (t.production_year = 1990))",
                                                "Rows Removed by Filter": 502147,
                                                "Workers": [
                                                    {
                                                        "Worker Number": 0,
                                                        "Actual Startup Time": 0.069,
                                                        "Actual Total Time": 63.362,
                                                        "Actual Rows": 2867,
                                                        "Actual Loops": 1
                                                    },
                                                    {
                                                        "Worker Number": 1,
                                                        "Actual Startup Time": 0.077,
                                                        "Actual Total Time": 64.903,
                                                        "Actual Rows": 2099,
                                                        "Actual Loops": 1
                                                    },
                                                    {
                                                        "Worker Number": 2,
                                                        "Actual Startup Time": 0.083,
                                                        "Actual Total Time": 66.646,
                                                        "Actual Rows": 3200,
                                                        "Actual Loops": 1
                                                    },
                                                    {
                                                        "Worker Number": 3,
                                                        "Actual Startup Time": 0.133,
                                                        "Actual Total Time": 68.442,
                                                        "Actual Rows": 3032,
                                                        "Actual Loops": 1
                                                    }
                                                ]
                                            },
                                            {
                                                "Node Type": "Index Only Scan",
                                                "Parent Relationship": "Inner",
                                                "Parallel Aware": false,
                                                "Scan Direction": "Forward",
                                                "Index Name": "movie_id_movie_info",
                                                "Relation Name": "movie_info",
                                                "Schema": "public",
                                                "Alias": "mi",
                                                "Startup Cost": 0.43,
                                                "Total Cost": 40.51,
                                                "Plan Rows": 39,
                                                "Plan Width": 4,
                                                "Actual Startup Time": 0.008,
                                                "Actual Total Time": 0.015,
                                                "Actual Rows": 4,
                                                "Actual Loops": 17579,
                                                "Output": [
                                                    "mi.movie_id"
                                                ],
                                                "Index Cond": "(mi.movie_id = t.id)",
                                                "Rows Removed by Index Recheck": 0,
                                                "Heap Fetches": 74676,
                                                "Workers": [
                                                    {
                                                        "Worker Number": 0,
                                                        "Actual Startup Time": 0.01,
                                                        "Actual Total Time": 0.02,
                                                        "Actual Rows": 4,
                                                        "Actual Loops": 2867
                                                    },
                                                    {
                                                        "Worker Number": 1,
                                                        "Actual Startup Time": 0.013,
                                                        "Actual Total Time": 0.027,
                                                        "Actual Rows": 4,
                                                        "Actual Loops": 2099
                                                    },
                                                    {
                                                        "Worker Number": 2,
                                                        "Actual Startup Time": 0.009,
                                                        "Actual Total Time": 0.018,
                                                        "Actual Rows": 4,
                                                        "Actual Loops": 3200
                                                    },
                                                    {
                                                        "Worker Number": 3,
                                                        "Actual Startup Time": 0.009,
                                                        "Actual Total Time": 0.02,
                                                        "Actual Rows": 4,
                                                        "Actual Loops": 3032
                                                    }
                                                ]
                                            }
                                        ]
                                    },
                                    {
                                        "Node Type": "Index Scan",
                                        "Parent Relationship": "Inner",
                                        "Parallel Aware": false,
                                        "Scan Direction": "Forward",
                                        "Index Name": "movie_id_cast_info",
                                        "Relation Name": "cast_info",
                                        "Schema": "public",
                                        "Alias": "ci",
                                        "Startup Cost": 0.56,
                                        "Total Cost": 1.52,
                                        "Plan Rows": 12,
                                        "Plan Width": 4,
                                        "Actual Startup Time": 0.012,
                                        "Actual Total Time": 0.019,
                                        "Actual Rows": 5,
                                        "Actual Loops": 74676,
                                        "Output": [
                                            "ci.id",
                                            "ci.person_id",
                                            "ci.movie_id",
                                            "ci.person_role_id",
                                            "ci.note",
                                            "ci.nr_order",
                                            "ci.role_id"
                                        ],
                                        "Index Cond": "(ci.movie_id = mi.movie_id)",
                                        "Rows Removed by Index Recheck": 0,
                                        "Filter": "((ci.person_id > 2324984) AND (ci.role_id < 9))",
                                        "Rows Removed by Filter": 18,
                                        "Workers": [
                                            {
                                                "Worker Number": 0,
                                                "Actual Startup Time": 0.014,
                                                "Actual Total Time": 0.023,
                                                "Actual Rows": 5,
                                                "Actual Loops": 12568
                                            },
                                            {
                                                "Worker Number": 1,
                                                "Actual Startup Time": 0.021,
                                                "Actual Total Time": 0.033,
                                                "Actual Rows": 5,
                                                "Actual Loops": 8682
                                            },
                                            {
                                                "Worker Number": 2,
                                                "Actual Startup Time": 0.013,
                                                "Actual Total Time": 0.02,
                                                "Actual Rows": 4,
                                                "Actual Loops": 14314
                                            },
                                            {
                                                "Worker Number": 3,
                                                "Actual Startup Time": 0.014,
                                                "Actual Total Time": 0.022,
                                                "Actual Rows": 5,
                                                "Actual Loops": 12789
                                            }
                                        ]
                                    }
                                ]
                            }
                        ]
                    }
                ]
            }
        ]
    },
    "Planning Time": 1.533,
    "Triggers": [],
    "Execution Time": 501.099
}