[
  {
    "Plan": {
      "Node Type": "Aggregate",
      "Strategy": "Plain",
      "Partial Mode": "Finalize",
      "Parallel Aware": false,
      "Startup Cost": 545788.12,
      "Total Cost": 545788.13,
      "Plan Rows": 1,
      "Plan Width": 64,
      "Actual Startup Time": 4617.746,
      "Actual Total Time": 4770.919,
      "Actual Rows": 1,
      "Actual Loops": 1,
      "Plans": [
        {
          "Node Type": "Gather",
          "Parent Relationship": "Outer",
          "Parallel Aware": false,
          "Startup Cost": 545787.79,
          "Total Cost": 545788.1,
          "Plan Rows": 3,
          "Plan Width": 64,
          "Actual Startup Time": 4613.749,
          "Actual Total Time": 4770.906,
          "Actual Rows": 4,
          "Actual Loops": 1,
          "Workers Planned": 3,
          "Workers Launched": 3,
          "Single Copy": false,
          "Plans": [
            {
              "Node Type": "Aggregate",
              "Strategy": "Plain",
              "Partial Mode": "Partial",
              "Parent Relationship": "Outer",
              "Parallel Aware": false,
              "Startup Cost": 544787.79,
              "Total Cost": 544787.8,
              "Plan Rows": 1,
              "Plan Width": 64,
              "Actual Startup Time": 4603.319,
              "Actual Total Time": 4603.811,
              "Actual Rows": 1,
              "Actual Loops": 4,
              "Plans": [
                {
                  "Node Type": "Hash Join",
                  "Parent Relationship": "Outer",
                  "Parallel Aware": true,
                  "Join Type": "Inner",
                  "Startup Cost": 529393.32,
                  "Total Cost": 544787.24,
                  "Plan Rows": 110,
                  "Plan Width": 33,
                  "Actual Startup Time": 4529.742,
                  "Actual Total Time": 4600.267,
                  "Actual Rows": 40995,
                  "Actual Loops": 4,
                  "Inner Unique": false,
                  "Hash Cond": "(an.person_id = n.id)",
                  "Plans": [
                    {
                      "Node Type": "Seq Scan",
                      "Parent Relationship": "Outer",
                      "Parallel Aware": true,
                      "Relation Name": "aka_name",
                      "Alias": "an",
                      "Startup Cost": 0.0,
                      "Total Cost": 14303.56,
                      "Plan Rows": 290756,
                      "Plan Width": 20,
                      "Actual Startup Time": 0.026,
                      "Actual Total Time": 35.818,
                      "Actual Rows": 225336,
                      "Actual Loops": 4
                    },
                    {
                      "Node Type": "Hash",
                      "Parent Relationship": "Inner",
                      "Parallel Aware": true,
                      "Startup Cost": 529392.87,
                      "Total Cost": 529392.87,
                      "Plan Rows": 36,
                      "Plan Width": 25,
                      "Actual Startup Time": 4528.824,
                      "Actual Total Time": 4529.314,
                      "Actual Rows": 26998,
                      "Actual Loops": 4,
                      "Hash Buckets": 131072,
                      "Original Hash Buckets": 1024,
                      "Hash Batches": 1,
                      "Original Hash Batches": 1,
                      "Peak Memory Usage": 9112,
                      "Plans": [
                        {
                          "Node Type": "Hash Join",
                          "Parent Relationship": "Outer",
                          "Parallel Aware": true,
                          "Join Type": "Inner",
                          "Startup Cost": 459454.96,
                          "Total Cost": 529392.87,
                          "Plan Rows": 36,
                          "Plan Width": 25,
                          "Actual Startup Time": 4221.184,
                          "Actual Total Time": 4497.188,
                          "Actual Rows": 26998,
                          "Actual Loops": 4,
                          "Inner Unique": false,
                          "Hash Cond": "(n.id = ci.person_id)",
                          "Plans": [
                            {
                              "Node Type": "Seq Scan",
                              "Parent Relationship": "Outer",
                              "Parallel Aware": true,
                              "Relation Name": "name",
                              "Alias": "n",
                              "Startup Cost": 0.0,
                              "Total Cost": 66031.07,
                              "Plan Rows": 1041807,
                              "Plan Width": 4,
                              "Actual Startup Time": 0.02,
                              "Actual Total Time": 142.676,
                              "Actual Rows": 1041873,
                              "Actual Loops": 4
                            },
                            {
                              "Node Type": "Hash",
                              "Parent Relationship": "Inner",
                              "Parallel Aware": true,
                              "Startup Cost": 459454.66,
                              "Total Cost": 459454.66,
                              "Plan Rows": 24,
                              "Plan Width": 21,
                              "Actual Startup Time": 4219.493,
                              "Actual Total Time": 4219.98,
                              "Actual Rows": 26998,
                              "Actual Loops": 4,
                              "Hash Buckets": 131072,
                              "Original Hash Buckets": 1024,
                              "Hash Batches": 1,
                              "Original Hash Batches": 1,
                              "Peak Memory Usage": 8728,
                              "Plans": [
                                {
                                  "Node Type": "Hash Join",
                                  "Parent Relationship": "Outer",
                                  "Parallel Aware": true,
                                  "Join Type": "Inner",
                                  "Startup Cost": 127364.8,
                                  "Total Cost": 459454.66,
                                  "Plan Rows": 24,
                                  "Plan Width": 21,
                                  "Actual Startup Time": 676.478,
                                  "Actual Total Time": 3944.529,
                                  "Actual Rows": 26998,
                                  "Actual Loops": 4,
                                  "Inner Unique": false,
                                  "Hash Cond": "(ci.movie_id = mk.movie_id)",
                                  "Plans": [
                                    {
                                      "Node Type": "Hash Join",
                                      "Parent Relationship": "Outer",
                                      "Parallel Aware": true,
                                      "Join Type": "Inner",
                                      "Startup Cost": 46585.09,
                                      "Total Cost": 375503.86,
                                      "Plan Rows": 845544,
                                      "Plan Width": 29,
                                      "Actual Startup Time": 163.548,
                                      "Actual Total Time": 3162.011,
                                      "Actual Rows": 1513822,
                                      "Actual Loops": 4,
                                      "Inner Unique": true,
                                      "Hash Cond": "(ci.movie_id = t.id)",
                                      "Plans": [
                                        {
                                          "Node Type": "Seq Scan",
                                          "Parent Relationship": "Outer",
                                          "Parallel Aware": true,
                                          "Relation Name": "cast_info",
                                          "Alias": "ci",
                                          "Startup Cost": 0.0,
                                          "Total Cost": 313068.58,
                                          "Plan Rows": 6038158,
                                          "Plan Width": 8,
                                          "Actual Startup Time": 0.015,
                                          "Actual Total Time": 1002.848,
                                          "Actual Rows": 9061086,
                                          "Actual Loops": 4
                                        },
                                        {
                                          "Node Type": "Hash",
                                          "Parent Relationship": "Inner",
                                          "Parallel Aware": true,
                                          "Startup Cost": 45478.74,
                                          "Total Cost": 45478.74,
                                          "Plan Rows": 88508,
                                          "Plan Width": 21,
                                          "Actual Startup Time": 162.399,
                                          "Actual Total Time": 162.401,
                                          "Actual Rows": 87241,
                                          "Actual Loops": 4,
                                          "Hash Buckets": 524288,
                                          "Original Hash Buckets": 524288,
                                          "Hash Batches": 1,
                                          "Original Hash Batches": 1,
                                          "Peak Memory Usage": 23616,
                                          "Plans": [
                                            {
                                              "Node Type": "Seq Scan",
                                              "Parent Relationship": "Outer",
                                              "Parallel Aware": true,
                                              "Relation Name": "title",
                                              "Alias": "t",
                                              "Startup Cost": 0.0,
                                              "Total Cost": 45478.74,
                                              "Plan Rows": 88508,
                                              "Plan Width": 21,
                                              "Actual Startup Time": 0.023,
                                              "Actual Total Time": 119.713,
                                              "Actual Rows": 87241,
                                              "Actual Loops": 4,
                                              "Filter": "((episode_nr >= 10) AND (episode_nr <= 35))",
                                              "Rows Removed by Filter": 544837
                                            }
                                          ]
                                        }
                                      ]
                                    },
                                    {
                                      "Node Type": "Hash",
                                      "Parent Relationship": "Inner",
                                      "Parallel Aware": true,
                                      "Startup Cost": 80779.22,
                                      "Total Cost": 80779.22,
                                      "Plan Rows": 39,
                                      "Plan Width": 8,
                                      "Actual Startup Time": 511.273,
                                      "Actual Total Time": 511.281,
                                      "Actual Rows": 17079,
                                      "Actual Loops": 4,
                                      "Hash Buckets": 131072,
                                      "Original Hash Buckets": 1024,
                                      "Hash Batches": 1,
                                      "Original Hash Batches": 1,
                                      "Peak Memory Usage": 4792,
                                      "Plans": [
                                        {
                                          "Node Type": "Hash Join",
                                          "Parent Relationship": "Outer",
                                          "Parallel Aware": true,
                                          "Join Type": "Inner",
                                          "Startup Cost": 75868.16,
                                          "Total Cost": 80779.22,
                                          "Plan Rows": 39,
                                          "Plan Width": 8,
                                          "Actual Startup Time": 478.546,
                                          "Actual Total Time": 498.463,
                                          "Actual Rows": 17079,
                                          "Actual Loops": 4,
                                          "Inner Unique": false,
                                          "Hash Cond": "(cn.id = mc.company_id)",
                                          "Plans": [
                                            {
                                              "Node Type": "Seq Scan",
                                              "Parent Relationship": "Outer",
                                              "Parallel Aware": true,
                                              "Relation Name": "company_name",
                                              "Alias": "cn",
                                              "Startup Cost": 0.0,
                                              "Total Cost": 4722.92,
                                              "Plan Rows": 50137,
                                              "Plan Width": 4,
                                              "Actual Startup Time": 0.024,
                                              "Actual Total Time": 11.031,
                                              "Actual Rows": 21211,
                                              "Actual Loops": 4,
                                              "Filter": "((country_code)::text = '[us]'::text)",
                                              "Rows Removed by Filter": 37538
                                            },
                                            {
                                              "Node Type": "Hash",
                                              "Parent Relationship": "Inner",
                                              "Parallel Aware": true,
                                              "Startup Cost": 75867.41,
                                              "Total Cost": 75867.41,
                                              "Plan Rows": 60,
                                              "Plan Width": 12,
                                              "Actual Startup Time": 478.316,
                                              "Actual Total Time": 478.322,
                                              "Actual Rows": 37138,
                                              "Actual Loops": 4,
                                              "Hash Buckets": 262144,
                                              "Original Hash Buckets": 1024,
                                              "Hash Batches": 1,
                                              "Original Hash Batches": 1,
                                              "Peak Memory Usage": 11128,
                                              "Plans": [
                                                {
                                                  "Node Type": "Hash Join",
                                                  "Parent Relationship": "Outer",
                                                  "Parallel Aware": true,
                                                  "Join Type": "Inner",
                                                  "Startup Cost": 45504.47,
                                                  "Total Cost": 75867.41,
                                                  "Plan Rows": 60,
                                                  "Plan Width": 12,
                                                  "Actual Startup Time": 277.308,
                                                  "Actual Total Time": 440.832,
                                                  "Actual Rows": 37138,
                                                  "Actual Loops": 4,
                                                  "Inner Unique": false,
                                                  "Hash Cond": "(mc.movie_id = mk.movie_id)",
                                                  "Plans": [
                                                    {
                                                      "Node Type": "Seq Scan",
                                                      "Parent Relationship": "Outer",
                                                      "Parallel Aware": true,
                                                      "Relation Name": "movie_companies",
                                                      "Alias": "mc",
                                                      "Startup Cost": 0.0,
                                                      "Total Cost": 27206.55,
                                                      "Plan Rows": 841655,
                                                      "Plan Width": 8,
                                                      "Actual Startup Time": 0.025,
                                                      "Actual Total Time": 83.062,
                                                      "Actual Rows": 652282,
                                                      "Actual Loops": 4
                                                    },
                                                    {
                                                      "Node Type": "Hash",
                                                      "Parent Relationship": "Inner",
                                                      "Parallel Aware": true,
                                                      "Startup Cost": 45504.33,
                                                      "Total Cost": 45504.33,
                                                      "Plan Rows": 11,
                                                      "Plan Width": 4,
                                                      "Actual Startup Time": 277.04,
                                                      "Actual Total Time": 277.043,
                                                      "Actual Rows": 10460,
                                                      "Actual Loops": 4,
                                                      "Hash Buckets": 65536,
                                                      "Original Hash Buckets": 1024,
                                                      "Hash Batches": 1,
                                                      "Original Hash Batches": 1,
                                                      "Peak Memory Usage": 2712,
                                                      "Plans": [
                                                        {
                                                          "Node Type": "Hash Join",
                                                          "Parent Relationship": "Outer",
                                                          "Parallel Aware": false,
                                                          "Join Type": "Inner",
                                                          "Startup Cost": 2626.14,
                                                          "Total Cost": 45504.33,
                                                          "Plan Rows": 11,
                                                          "Plan Width": 4,
                                                          "Actual Startup Time": 27.074,
                                                          "Actual Total Time": 239.686,
                                                          "Actual Rows": 10460,
                                                          "Actual Loops": 4,
                                                          "Inner Unique": true,
                                                          "Hash Cond": "(mk.keyword_id = k.id)",
                                                          "Plans": [
                                                            {
                                                              "Node Type": "Seq Scan",
                                                              "Parent Relationship": "Outer",
                                                              "Parallel Aware": true,
                                                              "Relation Name": "movie_keyword",
                                                              "Alias": "mk",
                                                              "Startup Cost": 0.0,
                                                              "Total Cost": 39047.32,
                                                              "Plan Rows": 1459332,
                                                              "Plan Width": 8,
                                                              "Actual Startup Time": 0.072,
                                                              "Actual Total Time": 128.924,
                                                              "Actual Rows": 1130982,
                                                              "Actual Loops": 4
                                                            },
                                                            {
                                                              "Node Type": "Hash",
                                                              "Parent Relationship": "Inner",
                                                              "Parallel Aware": false,
                                                              "Startup Cost": 2626.12,
                                                              "Total Cost": 2626.12,
                                                              "Plan Rows": 1,
                                                              "Plan Width": 4,
                                                              "Actual Startup Time": 26.92,
                                                              "Actual Total Time": 26.921,
                                                              "Actual Rows": 1,
                                                              "Actual Loops": 4,
                                                              "Hash Buckets": 1024,
                                                              "Original Hash Buckets": 1024,
                                                              "Hash Batches": 1,
                                                              "Original Hash Batches": 1,
                                                              "Peak Memory Usage": 9,
                                                              "Plans": [
                                                                {
                                                                  "Node Type": "Seq Scan",
                                                                  "Parent Relationship": "Outer",
                                                                  "Parallel Aware": false,
                                                                  "Relation Name": "keyword",
                                                                  "Alias": "k",
                                                                  "Startup Cost": 0.0,
                                                                  "Total Cost": 2626.12,
                                                                  "Plan Rows": 1,
                                                                  "Plan Width": 4,
                                                                  "Actual Startup Time": 2.219,
                                                                  "Actual Total Time": 26.896,
                                                                  "Actual Rows": 1,
                                                                  "Actual Loops": 4,
                                                                  "Filter": "(keyword = 'character-name-in-title'::text)",
                                                                  "Rows Removed by Filter": 134169
                                                                }
                                                              ]
                                                            }
                                                          ]
                                                        }
                                                      ]
                                                    }
                                                  ]
                                                }
                                              ]
                                            }
                                          ]
                                        }
                                      ]
                                    }
                                  ]
                                }
                              ]
                            }
                          ]
                        }
                      ]
                    }
                  ]
                }
              ]
            }
          ]
        }
      ]
    },
    "Planning Time": 18.882,
    "Triggers": [],
    "Execution Time": 4771.466
  }
]