[
  {
    "Plan": {
      "Node Type": "Aggregate",
      "Strategy": "Plain",
      "Partial Mode": "Finalize",
      "Parallel Aware": false,
      "Startup Cost": 351652.11,
      "Total Cost": 351652.12,
      "Plan Rows": 1,
      "Plan Width": 8,
      "Actual Startup Time": 765.604,
      "Actual Total Time": 807.202,
      "Actual Rows": 1,
      "Actual Loops": 1,
      "Plans": [
        {
          "Node Type": "Gather",
          "Parent Relationship": "Outer",
          "Parallel Aware": false,
          "Startup Cost": 351651.48,
          "Total Cost": 351652.09,
          "Plan Rows": 6,
          "Plan Width": 8,
          "Actual Startup Time": 765.373,
          "Actual Total Time": 807.187,
          "Actual Rows": 7,
          "Actual Loops": 1,
          "Workers Planned": 6,
          "Workers Launched": 6,
          "Single Copy": false,
          "Plans": [
            {
              "Node Type": "Aggregate",
              "Strategy": "Plain",
              "Partial Mode": "Partial",
              "Parent Relationship": "Outer",
              "Parallel Aware": false,
              "Startup Cost": 350651.48,
              "Total Cost": 350651.49,
              "Plan Rows": 1,
              "Plan Width": 8,
              "Actual Startup Time": 757.355,
              "Actual Total Time": 757.356,
              "Actual Rows": 1,
              "Actual Loops": 7,
              "Plans": [
                {
                  "Node Type": "Seq Scan",
                  "Parent Relationship": "Outer",
                  "Parallel Aware": true,
                  "Relation Name": "cast_info",
                  "Alias": "ci",
                  "Startup Cost": 0.0,
                  "Total Cost": 343316.27,
                  "Plan Rows": 2934085,
                  "Plan Width": 0,
                  "Actual Startup Time": 67.284,
                  "Actual Total Time": 651.53,
                  "Actual Rows": 2372580,
                  "Actual Loops": 7,
                  "Filter": "((person_id > 471615) AND (role_id < 3))",
                  "Rows Removed by Filter": 2805184
                }
              ]
            }
          ]
        }
      ]
    },
    "Planning Time": 0.222,
    "Triggers": [],
    "Execution Time": 807.272
  }
]