[
  {
    "Plan": {
      "Node Type": "Aggregate",
      "Strategy": "Plain",
      "Partial Mode": "Finalize",
      "Parallel Aware": false,
      "Startup Cost": 351447.32,
      "Total Cost": 351447.33,
      "Plan Rows": 1,
      "Plan Width": 8,
      "Actual Startup Time": 840.775,
      "Actual Total Time": 898.787,
      "Actual Rows": 1,
      "Actual Loops": 1,
      "Plans": [
        {
          "Node Type": "Gather",
          "Parent Relationship": "Outer",
          "Parallel Aware": false,
          "Startup Cost": 351446.69,
          "Total Cost": 351447.3,
          "Plan Rows": 6,
          "Plan Width": 8,
          "Actual Startup Time": 840.644,
          "Actual Total Time": 898.775,
          "Actual Rows": 7,
          "Actual Loops": 1,
          "Workers Planned": 6,
          "Workers Launched": 6,
          "Single Copy": false,
          "Plans": [
            {
              "Node Type": "Aggregate",
              "Strategy": "Plain",
              "Partial Mode": "Partial",
              "Parent Relationship": "Outer",
              "Parallel Aware": false,
              "Startup Cost": 350446.69,
              "Total Cost": 350446.7,
              "Plan Rows": 1,
              "Plan Width": 8,
              "Actual Startup Time": 830.373,
              "Actual Total Time": 830.374,
              "Actual Rows": 1,
              "Actual Loops": 7,
              "Plans": [
                {
                  "Node Type": "Seq Scan",
                  "Parent Relationship": "Outer",
                  "Parallel Aware": true,
                  "Relation Name": "cast_info",
                  "Alias": "ci",
                  "Startup Cost": 0.0,
                  "Total Cost": 343257.03,
                  "Plan Rows": 2875866,
                  "Plan Width": 0,
                  "Actual Startup Time": 75.259,
                  "Actual Total Time": 720.154,
                  "Actual Rows": 2372580,
                  "Actual Loops": 7,
                  "Filter": "((person_id > 471615) AND (role_id < 3))",
                  "Rows Removed by Filter": 2805184
                }
              ]
            }
          ]
        }
      ]
    },
    "Planning Time": 0.217,
    "Triggers": [],
    "Execution Time": 898.86
  }
]