[
  {
    "Plan": {
      "Node Type": "Aggregate",
      "Strategy": "Plain",
      "Partial Mode": "Finalize",
      "Parallel Aware": false,
      "Startup Cost": 27621.2,
      "Total Cost": 27621.21,
      "Plan Rows": 1,
      "Plan Width": 8,
      "Actual Startup Time": 47.364,
      "Actual Total Time": 51.367,
      "Actual Rows": 1,
      "Actual Loops": 1,
      "Plans": [
        {
          "Node Type": "Gather",
          "Parent Relationship": "Outer",
          "Parallel Aware": false,
          "Startup Cost": 27620.88,
          "Total Cost": 27621.19,
          "Plan Rows": 3,
          "Plan Width": 8,
          "Actual Startup Time": 47.168,
          "Actual Total Time": 51.362,
          "Actual Rows": 4,
          "Actual Loops": 1,
          "Workers Planned": 3,
          "Workers Launched": 3,
          "Single Copy": false,
          "Plans": [
            {
              "Node Type": "Aggregate",
              "Strategy": "Plain",
              "Partial Mode": "Partial",
              "Parent Relationship": "Outer",
              "Parallel Aware": false,
              "Startup Cost": 26620.88,
              "Total Cost": 26620.89,
              "Plan Rows": 1,
              "Plan Width": 8,
              "Actual Startup Time": 40.338,
              "Actual Total Time": 40.339,
              "Actual Rows": 1,
              "Actual Loops": 4,
              "Plans": [
                {
                  "Node Type": "Bitmap Heap Scan",
                  "Parent Relationship": "Outer",
                  "Parallel Aware": true,
                  "Relation Name": "movie_companies",
                  "Alias": "mc",
                  "Startup Cost": 6401.63,
                  "Total Cost": 26382.67,
                  "Plan Rows": 95284,
                  "Plan Width": 0,
                  "Actual Startup Time": 7.299,
                  "Actual Total Time": 35.082,
                  "Actual Rows": 72156,
                  "Actual Loops": 4,
                  "Recheck Cond": "(company_id > 95052)",
                  "Rows Removed by Index Recheck": 0,
                  "Exact Heap Blocks": 2248,
                  "Lossy Heap Blocks": 0,
                  "Plans": [
                    {
                      "Node Type": "Bitmap Index Scan",
                      "Parent Relationship": "Outer",
                      "Parallel Aware": false,
                      "Index Name": "company_id_movie_companies",
                      "Startup Cost": 0.0,
                      "Total Cost": 6327.78,
                      "Plan Rows": 295380,
                      "Plan Width": 0,
                      "Actual Startup Time": 12.995,
                      "Actual Total Time": 12.995,
                      "Actual Rows": 288623,
                      "Actual Loops": 1,
                      "Index Cond": "(company_id > 95052)"
                    }
                  ]
                }
              ]
            }
          ]
        }
      ]
    },
    "Planning Time": 0.08,
    "Triggers": [],
    "Execution Time": 51.395
  }
]