{
  "Plan": {
    "Node Type": "Aggregate",
    "Strategy": "Plain",
    "Partial Mode": "Finalize",
    "Parallel Aware": false,
    "Startup Cost": 272501.6,
    "Total Cost": 272501.61,
    "Plan Rows": 1,
    "Plan Width": 8,
    "Actual Startup Time": 2057.127,
    "Actual Total Time": 2057.196,
    "Actual Rows": 1,
    "Actual Loops": 1,
    "Plans": [
      {
        "Node Type": "Gather",
        "Parent Relationship": "Outer",
        "Parallel Aware": false,
        "Startup Cost": 272501.49,
        "Total Cost": 272501.6,
        "Plan Rows": 1,
        "Plan Width": 8,
        "Actual Startup Time": 2057.118,
        "Actual Total Time": 2057.19,
        "Actual Rows": 2,
        "Actual Loops": 1,
        "Workers Planned": 1,
        "Workers Launched": 1,
        "Single Copy": false,
        "Plans": [
          {
            "Node Type": "Aggregate",
            "Strategy": "Plain",
            "Partial Mode": "Partial",
            "Parent Relationship": "Outer",
            "Parallel Aware": false,
            "Startup Cost": 271501.49,
            "Total Cost": 271501.5,
            "Plan Rows": 1,
            "Plan Width": 8,
            "Actual Startup Time": 1972.587,
            "Actual Total Time": 1972.591,
            "Actual Rows": 1,
            "Actual Loops": 2,
            "Plans": [
              {
                "Node Type": "Nested Loop",
                "Parent Relationship": "Outer",
                "Parallel Aware": false,
                "Join Type": "Inner",
                "Startup Cost": 157048.66,
                "Total Cost": 270899.08,
                "Plan Rows": 240964,
                "Plan Width": 0,
                "Actual Startup Time": 401.818,
                "Actual Total Time": 1854.966,
                "Actual Rows": 2753849,
                "Actual Loops": 2,
                "Inner Unique": false,
                "Plans": [
                  {
                    "Node Type": "Merge Join",
                    "Parent Relationship": "Outer",
                    "Parallel Aware": false,
                    "Join Type": "Inner",
                    "Startup Cost": 157048.23,
                    "Total Cost": 160920.31,
                    "Plan Rows": 41209,
                    "Plan Width": 8,
                    "Actual Startup Time": 401.75,
                    "Actual Total Time": 568.429,
                    "Actual Rows": 137776,
                    "Actual Loops": 2,
                    "Inner Unique": false,
                    "Merge Cond": "(t.id = mc.movie_id)",
                    "Plans": [
                      {
                        "Node Type": "Sort",
                        "Parent Relationship": "Outer",
                        "Parallel Aware": false,
                        "Startup Cost": 102740.47,
                        "Total Cost": 103919.28,
                        "Plan Rows": 471524,
                        "Plan Width": 4,
                        "Actual Startup Time": 228.437,
                        "Actual Total Time": 288.185,
                        "Actual Rows": 353501,
                        "Actual Loops": 2,
                        "Sort Key": [
                          "t.id"
                        ],
                        "Sort Method": "quicksort",
                        "Sort Space Used": 31255,
                        "Sort Space Type": "Memory",
                        "Workers": [
                          {
                            "Worker Number": 0,
                            "Sort Method": "quicksort",
                            "Sort Space Used": 26503,
                            "Sort Space Type": "Memory"
                          }
                        ],
                        "Plans": [
                          {
                            "Node Type": "Seq Scan",
                            "Parent Relationship": "Outer",
                            "Parallel Aware": true,
                            "Relation Name": "title",
                            "Alias": "t",
                            "Startup Cost": 0.0,
                            "Total Cost": 58306.47,
                            "Plan Rows": 471524,
                            "Plan Width": 4,
                            "Actual Startup Time": 0.041,
                            "Actual Total Time": 150.772,
                            "Actual Rows": 353932,
                            "Actual Loops": 2,
                            "Filter": "((kind_id < 7) AND (production_year > 1973))",
                            "Rows Removed by Filter": 910224
                          }
                        ]
                      },
                      {
                        "Node Type": "Sort",
                        "Parent Relationship": "Inner",
                        "Parallel Aware": false,
                        "Startup Cost": 54307.71,
                        "Total Cost": 54860.12,
                        "Plan Rows": 220962,
                        "Plan Width": 4,
                        "Actual Startup Time": 172.919,
                        "Actual Total Time": 206.444,
                        "Actual Rows": 443383,
                        "Actual Loops": 2,
                        "Sort Key": [
                          "mc.movie_id"
                        ],
                        "Sort Method": "quicksort",
                        "Sort Space Used": 33072,
                        "Sort Space Type": "Memory",
                        "Workers": [
                          {
                            "Worker Number": 0,
                            "Sort Method": "quicksort",
                            "Sort Space Used": 33072,
                            "Sort Space Type": "Memory"
                          }
                        ],
                        "Plans": [
                          {
                            "Node Type": "Bitmap Heap Scan",
                            "Parent Relationship": "Outer",
                            "Parallel Aware": false,
                            "Relation Name": "movie_companies",
                            "Alias": "mc",
                            "Startup Cost": 9375.63,
                            "Total Cost": 34693.54,
                            "Plan Rows": 220962,
                            "Plan Width": 4,
                            "Actual Startup Time": 20.669,
                            "Actual Total Time": 86.911,
                            "Actual Rows": 443383,
                            "Actual Loops": 2,
                            "Recheck Cond": "(company_id > 77897)",
                            "Rows Removed by Index Recheck": 0,
                            "Filter": "(company_type_id = 2)",
                            "Rows Removed by Filter": 0,
                            "Exact Heap Blocks": 6703,
                            "Lossy Heap Blocks": 0,
                            "Plans": [
                              {
                                "Node Type": "Bitmap Index Scan",
                                "Parent Relationship": "Outer",
                                "Parallel Aware": false,
                                "Index Name": "company_id_movie_companies",
                                "Startup Cost": 0.0,
                                "Total Cost": 9320.39,
                                "Plan Rows": 435194,
                                "Plan Width": 0,
                                "Actual Startup Time": 19.968,
                                "Actual Total Time": 19.968,
                                "Actual Rows": 443383,
                                "Actual Loops": 2,
                                "Index Cond": "(company_id > 77897)"
                              }
                            ]
                          }
                        ]
                      }
                    ]
                  },
                  {
                    "Node Type": "Index Only Scan",
                    "Parent Relationship": "Inner",
                    "Parallel Aware": false,
                    "Scan Direction": "Forward",
                    "Index Name": "movie_id_movie_info",
                    "Relation Name": "movie_info",
                    "Alias": "mi",
                    "Startup Cost": 0.43,
                    "Total Cost": 2.25,
                    "Plan Rows": 42,
                    "Plan Width": 4,
                    "Actual Startup Time": 0.003,
                    "Actual Total Time": 0.008,
                    "Actual Rows": 20,
                    "Actual Loops": 275551,
                    "Index Cond": "(movie_id = t.id)",
                    "Rows Removed by Index Recheck": 0,
                    "Heap Fetches": 5507698
                  }
                ]
              }
            ]
          }
        ]
      }
    ]
  },
  "Planning Time": 1.099,
  "Triggers": [],
  "Execution Time": 2057.315
}