[
  {
    "Plan": {
      "Node Type": "Aggregate",
      "Strategy": "Plain",
      "Partial Mode": "Finalize",
      "Parallel Aware": false,
      "Startup Cost": 77018.68,
      "Total Cost": 77018.69,
      "Plan Rows": 1,
      "Plan Width": 8,
      "Actual Startup Time": 226.411,
      "Actual Total Time": 244.13,
      "Actual Rows": 1,
      "Actual Loops": 1,
      "Plans": [
        {
          "Node Type": "Gather",
          "Parent Relationship": "Outer",
          "Parallel Aware": false,
          "Startup Cost": 77018.37,
          "Total Cost": 77018.68,
          "Plan Rows": 3,
          "Plan Width": 8,
          "Actual Startup Time": 223.695,
          "Actual Total Time": 244.119,
          "Actual Rows": 4,
          "Actual Loops": 1,
          "Workers Planned": 3,
          "Workers Launched": 3,
          "Single Copy": false,
          "Plans": [
            {
              "Node Type": "Aggregate",
              "Strategy": "Plain",
              "Partial Mode": "Partial",
              "Parent Relationship": "Outer",
              "Parallel Aware": false,
              "Startup Cost": 76018.37,
              "Total Cost": 76018.38,
              "Plan Rows": 1,
              "Plan Width": 8,
              "Actual Startup Time": 217.231,
              "Actual Total Time": 217.235,
              "Actual Rows": 1,
              "Actual Loops": 4,
              "Plans": [
                {
                  "Node Type": "Hash Join",
                  "Parent Relationship": "Outer",
                  "Parallel Aware": true,
                  "Join Type": "Inner",
                  "Startup Cost": 50519.58,
                  "Total Cost": 76006.55,
                  "Plan Rows": 4726,
                  "Plan Width": 0,
                  "Actual Startup Time": 156.368,
                  "Actual Total Time": 216.146,
                  "Actual Rows": 16584,
                  "Actual Loops": 4,
                  "Inner Unique": true,
                  "Hash Cond": "(mk.movie_id = t.id)",
                  "Plans": [
                    {
                      "Node Type": "Bitmap Heap Scan",
                      "Parent Relationship": "Outer",
                      "Parallel Aware": true,
                      "Relation Name": "movie_keyword",
                      "Alias": "mk",
                      "Startup Cost": 4493.24,
                      "Total Cost": 29800.94,
                      "Plan Rows": 68296,
                      "Plan Width": 4,
                      "Actual Startup Time": 17.894,
                      "Actual Total Time": 62.508,
                      "Actual Rows": 52146,
                      "Actual Loops": 4,
                      "Recheck Cond": "(keyword_id < 140)",
                      "Rows Removed by Index Recheck": 0,
                      "Exact Heap Blocks": 8723,
                      "Lossy Heap Blocks": 0,
                      "Plans": [
                        {
                          "Node Type": "Bitmap Index Scan",
                          "Parent Relationship": "Outer",
                          "Parallel Aware": false,
                          "Index Name": "keyword_id_movie_keyword",
                          "Startup Cost": 0.0,
                          "Total Cost": 4440.31,
                          "Plan Rows": 211717,
                          "Plan Width": 0,
                          "Actual Startup Time": 14.21,
                          "Actual Total Time": 14.211,
                          "Actual Rows": 208584,
                          "Actual Loops": 1,
                          "Index Cond": "(keyword_id < 140)"
                        }
                      ]
                    },
                    {
                      "Node Type": "Hash",
                      "Parent Relationship": "Inner",
                      "Parallel Aware": true,
                      "Startup Cost": 45479.59,
                      "Total Cost": 45479.59,
                      "Plan Rows": 43740,
                      "Plan Width": 4,
                      "Actual Startup Time": 136.486,
                      "Actual Total Time": 136.487,
                      "Actual Rows": 72056,
                      "Actual Loops": 4,
                      "Hash Buckets": 524288,
                      "Original Hash Buckets": 262144,
                      "Hash Batches": 1,
                      "Original Hash Batches": 1,
                      "Peak Memory Usage": 17472,
                      "Plans": [
                        {
                          "Node Type": "Seq Scan",
                          "Parent Relationship": "Outer",
                          "Parallel Aware": true,
                          "Relation Name": "title",
                          "Alias": "t",
                          "Startup Cost": 0.0,
                          "Total Cost": 45479.59,
                          "Plan Rows": 43740,
                          "Plan Width": 4,
                          "Actual Startup Time": 0.067,
                          "Actual Total Time": 102.971,
                          "Actual Rows": 72056,
                          "Actual Loops": 4,
                          "Filter": "((kind_id < 7) AND (production_year < 1977))",
                          "Rows Removed by Filter": 560022
                        }
                      ]
                    }
                  ]
                }
              ]
            }
          ]
        }
      ]
    },
    "Planning Time": 0.69,
    "Triggers": [],
    "Execution Time": 244.217
  }
]