[
  {
    "Plan": {
      "Node Type": "Aggregate",
      "Strategy": "Plain",
      "Partial Mode": "Finalize",
      "Parallel Aware": false,
      "Startup Cost": 147088.43,
      "Total Cost": 147088.44,
      "Plan Rows": 1,
      "Plan Width": 8,
      "Actual Startup Time": 119.145,
      "Actual Total Time": 143.251,
      "Actual Rows": 1,
      "Actual Loops": 1,
      "Plans": [
        {
          "Node Type": "Gather",
          "Parent Relationship": "Outer",
          "Parallel Aware": false,
          "Startup Cost": 147088.01,
          "Total Cost": 147088.42,
          "Plan Rows": 4,
          "Plan Width": 8,
          "Actual Startup Time": 118.955,
          "Actual Total Time": 143.238,
          "Actual Rows": 5,
          "Actual Loops": 1,
          "Workers Planned": 4,
          "Workers Launched": 4,
          "Single Copy": false,
          "Plans": [
            {
              "Node Type": "Aggregate",
              "Strategy": "Plain",
              "Partial Mode": "Partial",
              "Parent Relationship": "Outer",
              "Parallel Aware": false,
              "Startup Cost": 146088.01,
              "Total Cost": 146088.02,
              "Plan Rows": 1,
              "Plan Width": 8,
              "Actual Startup Time": 113.187,
              "Actual Total Time": 113.189,
              "Actual Rows": 1,
              "Actual Loops": 5,
              "Plans": [
                {
                  "Node Type": "Nested Loop",
                  "Parent Relationship": "Outer",
                  "Parallel Aware": false,
                  "Join Type": "Inner",
                  "Startup Cost": 0.56,
                  "Total Cost": 146087.34,
                  "Plan Rows": 269,
                  "Plan Width": 0,
                  "Actual Startup Time": 5.369,
                  "Actual Total Time": 113.13,
                  "Actual Rows": 425,
                  "Actual Loops": 5,
                  "Inner Unique": false,
                  "Plans": [
                    {
                      "Node Type": "Seq Scan",
                      "Parent Relationship": "Outer",
                      "Parallel Aware": true,
                      "Relation Name": "title",
                      "Alias": "t",
                      "Startup Cost": 0.0,
                      "Total Cost": 43899.32,
                      "Plan Rows": 864,
                      "Plan Width": 4,
                      "Actual Startup Time": 1.893,
                      "Actual Total Time": 69.399,
                      "Actual Rows": 615,
                      "Actual Loops": 5,
                      "Filter": "(production_year = 2014)",
                      "Rows Removed by Filter": 505047
                    },
                    {
                      "Node Type": "Index Scan",
                      "Parent Relationship": "Inner",
                      "Parallel Aware": false,
                      "Scan Direction": "Forward",
                      "Index Name": "movie_id_cast_info",
                      "Relation Name": "cast_info",
                      "Alias": "ci",
                      "Startup Cost": 0.56,
                      "Total Cost": 118.26,
                      "Plan Rows": 1,
                      "Plan Width": 4,
                      "Actual Startup Time": 0.066,
                      "Actual Total Time": 0.07,
                      "Actual Rows": 1,
                      "Actual Loops": 3077,
                      "Index Cond": "(movie_id = t.id)",
                      "Rows Removed by Index Recheck": 0,
                      "Filter": "((person_id > 3614859) AND (role_id > 3))",
                      "Rows Removed by Filter": 12
                    }
                  ]
                }
              ]
            }
          ]
        }
      ]
    },
    "Planning Time": 0.457,
    "Triggers": [],
    "Execution Time": 143.294
  }
]