[
  {
    "Plan": {
      "Node Type": "Aggregate",
      "Strategy": "Plain",
      "Partial Mode": "Finalize",
      "Parallel Aware": false,
      "Startup Cost": 331860.87,
      "Total Cost": 331860.88,
      "Plan Rows": 1,
      "Plan Width": 8,
      "Actual Startup Time": 678.478,
      "Actual Total Time": 723.666,
      "Actual Rows": 1,
      "Actual Loops": 1,
      "Plans": [
        {
          "Node Type": "Gather",
          "Parent Relationship": "Outer",
          "Parallel Aware": false,
          "Startup Cost": 331860.24,
          "Total Cost": 331860.85,
          "Plan Rows": 6,
          "Plan Width": 8,
          "Actual Startup Time": 678.237,
          "Actual Total Time": 723.649,
          "Actual Rows": 7,
          "Actual Loops": 1,
          "Workers Planned": 6,
          "Workers Launched": 6,
          "Single Copy": false,
          "Plans": [
            {
              "Node Type": "Aggregate",
              "Strategy": "Plain",
              "Partial Mode": "Partial",
              "Parent Relationship": "Outer",
              "Parallel Aware": false,
              "Startup Cost": 330860.24,
              "Total Cost": 330860.25,
              "Plan Rows": 1,
              "Plan Width": 8,
              "Actual Startup Time": 669.803,
              "Actual Total Time": 669.807,
              "Actual Rows": 1,
              "Actual Loops": 7,
              "Plans": [
                {
                  "Node Type": "Seq Scan",
                  "Parent Relationship": "Outer",
                  "Parallel Aware": true,
                  "Relation Name": "cast_info",
                  "Alias": "ci",
                  "Startup Cost": 0.0,
                  "Total Cost": 328211.39,
                  "Plan Rows": 1059540,
                  "Plan Width": 0,
                  "Actual Startup Time": 0.055,
                  "Actual Total Time": 618.28,
                  "Actual Rows": 928550,
                  "Actual Loops": 7,
                  "Filter": "(person_id < 627648)",
                  "Rows Removed by Filter": 4249214
                }
              ]
            }
          ]
        }
      ]
    },
    "Planning Time": 0.094,
    "Triggers": [],
    "Execution Time": 723.71
  }
]