[
  {
    "Plan": {
      "Node Type": "Aggregate",
      "Strategy": "Plain",
      "Partial Mode": "Finalize",
      "Parallel Aware": false,
      "Startup Cost": 131016.81,
      "Total Cost": 131016.82,
      "Plan Rows": 1,
      "Plan Width": 8,
      "Actual Startup Time": 702.201,
      "Actual Total Time": 722.982,
      "Actual Rows": 1,
      "Actual Loops": 1,
      "Plans": [
        {
          "Node Type": "Gather",
          "Parent Relationship": "Outer",
          "Parallel Aware": false,
          "Startup Cost": 131016.49,
          "Total Cost": 131016.8,
          "Plan Rows": 3,
          "Plan Width": 8,
          "Actual Startup Time": 692.765,
          "Actual Total Time": 722.967,
          "Actual Rows": 4,
          "Actual Loops": 1,
          "Workers Planned": 3,
          "Workers Launched": 3,
          "Single Copy": false,
          "Plans": [
            {
              "Node Type": "Aggregate",
              "Strategy": "Plain",
              "Partial Mode": "Partial",
              "Parent Relationship": "Outer",
              "Parallel Aware": false,
              "Startup Cost": 130016.49,
              "Total Cost": 130016.5,
              "Plan Rows": 1,
              "Plan Width": 8,
              "Actual Startup Time": 685.235,
              "Actual Total Time": 685.408,
              "Actual Rows": 1,
              "Actual Loops": 4,
              "Plans": [
                {
                  "Node Type": "Hash Join",
                  "Parent Relationship": "Outer",
                  "Parallel Aware": true,
                  "Join Type": "Inner",
                  "Startup Cost": 83701.53,
                  "Total Cost": 129232.7,
                  "Plan Rows": 313518,
                  "Plan Width": 0,
                  "Actual Startup Time": 469.682,
                  "Actual Total Time": 675.651,
                  "Actual Rows": 193432,
                  "Actual Loops": 4,
                  "Inner Unique": false,
                  "Hash Cond": "(mk.movie_id = t.id)",
                  "Plans": [
                    {
                      "Node Type": "Seq Scan",
                      "Parent Relationship": "Outer",
                      "Parallel Aware": true,
                      "Relation Name": "movie_keyword",
                      "Alias": "mk",
                      "Startup Cost": 0.0,
                      "Total Cost": 39047.32,
                      "Plan Rows": 1459332,
                      "Plan Width": 4,
                      "Actual Startup Time": 0.059,
                      "Actual Total Time": 99.555,
                      "Actual Rows": 1130982,
                      "Actual Loops": 4
                    },
                    {
                      "Node Type": "Hash",
                      "Parent Relationship": "Inner",
                      "Parallel Aware": true,
                      "Startup Cost": 81511.22,
                      "Total Cost": 81511.22,
                      "Plan Rows": 175225,
                      "Plan Width": 8,
                      "Actual Startup Time": 451.238,
                      "Actual Total Time": 451.409,
                      "Actual Rows": 27048,
                      "Actual Loops": 4,
                      "Hash Buckets": 1048576,
                      "Original Hash Buckets": 1048576,
                      "Hash Batches": 1,
                      "Original Hash Batches": 1,
                      "Peak Memory Usage": 12480,
                      "Plans": [
                        {
                          "Node Type": "Hash Join",
                          "Parent Relationship": "Outer",
                          "Parallel Aware": true,
                          "Join Type": "Inner",
                          "Startup Cost": 49440.52,
                          "Total Cost": 81511.22,
                          "Plan Rows": 175225,
                          "Plan Width": 8,
                          "Actual Startup Time": 317.529,
                          "Actual Total Time": 437.262,
                          "Actual Rows": 27048,
                          "Actual Loops": 4,
                          "Inner Unique": true,
                          "Hash Cond": "(mc.movie_id = t.id)",
                          "Plans": [
                            {
                              "Node Type": "Seq Scan",
                              "Parent Relationship": "Outer",
                              "Parallel Aware": true,
                              "Relation Name": "movie_companies",
                              "Alias": "mc",
                              "Startup Cost": 0.0,
                              "Total Cost": 31414.82,
                              "Plan Rows": 249858,
                              "Plan Width": 4,
                              "Actual Startup Time": 3.28,
                              "Actual Total Time": 74.676,
                              "Actual Rows": 139990,
                              "Actual Loops": 4,
                              "Filter": "((company_id > 5633) AND (company_type_id < 2))",
                              "Rows Removed by Filter": 512292
                            },
                            {
                              "Node Type": "Hash",
                              "Parent Relationship": "Inner",
                              "Parallel Aware": true,
                              "Startup Cost": 43899.32,
                              "Total Cost": 43899.32,
                              "Plan Rows": 443296,
                              "Plan Width": 4,
                              "Actual Startup Time": 309.494,
                              "Actual Total Time": 309.496,
                              "Actual Rows": 443659,
                              "Actual Loops": 4,
                              "Hash Buckets": 2097152,
                              "Original Hash Buckets": 2097152,
                              "Hash Batches": 1,
                              "Original Hash Batches": 1,
                              "Peak Memory Usage": 85856,
                              "Plans": [
                                {
                                  "Node Type": "Seq Scan",
                                  "Parent Relationship": "Outer",
                                  "Parallel Aware": true,
                                  "Relation Name": "title",
                                  "Alias": "t",
                                  "Startup Cost": 0.0,
                                  "Total Cost": 43899.32,
                                  "Plan Rows": 443296,
                                  "Plan Width": 4,
                                  "Actual Startup Time": 0.05,
                                  "Actual Total Time": 122.829,
                                  "Actual Rows": 443659,
                                  "Actual Loops": 4,
                                  "Filter": "(kind_id > 2)",
                                  "Rows Removed by Filter": 188419
                                }
                              ]
                            }
                          ]
                        }
                      ]
                    }
                  ]
                }
              ]
            }
          ]
        }
      ]
    },
    "Planning Time": 1.08,
    "Triggers": [],
    "Execution Time": 723.038
  }
]