[
  {
    "Plan": {
      "Node Type": "Aggregate",
      "Strategy": "Plain",
      "Partial Mode": "Finalize",
      "Parallel Aware": false,
      "Startup Cost": 47058.88,
      "Total Cost": 47058.89,
      "Plan Rows": 1,
      "Plan Width": 8,
      "Actual Startup Time": 179.234,
      "Actual Total Time": 188.544,
      "Actual Rows": 1,
      "Actual Loops": 1,
      "Plans": [
        {
          "Node Type": "Gather",
          "Parent Relationship": "Outer",
          "Parallel Aware": false,
          "Startup Cost": 47058.57,
          "Total Cost": 47058.88,
          "Plan Rows": 3,
          "Plan Width": 8,
          "Actual Startup Time": 179.102,
          "Actual Total Time": 188.535,
          "Actual Rows": 4,
          "Actual Loops": 1,
          "Workers Planned": 3,
          "Workers Launched": 3,
          "Single Copy": false,
          "Plans": [
            {
              "Node Type": "Aggregate",
              "Strategy": "Plain",
              "Partial Mode": "Partial",
              "Parent Relationship": "Outer",
              "Parallel Aware": false,
              "Startup Cost": 46058.57,
              "Total Cost": 46058.58,
              "Plan Rows": 1,
              "Plan Width": 8,
              "Actual Startup Time": 172.418,
              "Actual Total Time": 172.419,
              "Actual Rows": 1,
              "Actual Loops": 4,
              "Plans": [
                {
                  "Node Type": "Seq Scan",
                  "Parent Relationship": "Outer",
                  "Parallel Aware": true,
                  "Relation Name": "movie_keyword",
                  "Alias": "mk",
                  "Startup Cost": 0.0,
                  "Total Cost": 42695.65,
                  "Plan Rows": 1345165,
                  "Plan Width": 0,
                  "Actual Startup Time": 0.058,
                  "Actual Total Time": 125.243,
                  "Actual Rows": 1042692,
                  "Actual Loops": 4,
                  "Filter": "(keyword_id > 310)",
                  "Rows Removed by Filter": 88290
                }
              ]
            }
          ]
        }
      ]
    },
    "Planning Time": 0.085,
    "Triggers": [],
    "Execution Time": 188.571
  }
]