[
  {
    "Plan": {
      "Node Type": "Aggregate",
      "Strategy": "Plain",
      "Partial Mode": "Finalize",
      "Parallel Aware": false,
      "Startup Cost": 607460.46,
      "Total Cost": 607460.47,
      "Plan Rows": 1,
      "Plan Width": 8,
      "Actual Startup Time": 3259.372,
      "Actual Total Time": 3338.923,
      "Actual Rows": 1,
      "Actual Loops": 1,
      "Plans": [
        {
          "Node Type": "Gather",
          "Parent Relationship": "Outer",
          "Parallel Aware": false,
          "Startup Cost": 607459.83,
          "Total Cost": 607460.44,
          "Plan Rows": 6,
          "Plan Width": 8,
          "Actual Startup Time": 3232.692,
          "Actual Total Time": 3338.909,
          "Actual Rows": 7,
          "Actual Loops": 1,
          "Workers Planned": 6,
          "Workers Launched": 6,
          "Single Copy": false,
          "Plans": [
            {
              "Node Type": "Aggregate",
              "Strategy": "Plain",
              "Partial Mode": "Partial",
              "Parent Relationship": "Outer",
              "Parallel Aware": false,
              "Startup Cost": 606459.83,
              "Total Cost": 606459.84,
              "Plan Rows": 1,
              "Plan Width": 8,
              "Actual Startup Time": 3218.0,
              "Actual Total Time": 3218.387,
              "Actual Rows": 1,
              "Actual Loops": 7,
              "Plans": [
                {
                  "Node Type": "Hash Join",
                  "Parent Relationship": "Outer",
                  "Parallel Aware": true,
                  "Join Type": "Inner",
                  "Startup Cost": 254665.25,
                  "Total Cost": 600632.8,
                  "Plan Rows": 2330814,
                  "Plan Width": 0,
                  "Actual Startup Time": 934.418,
                  "Actual Total Time": 3007.483,
                  "Actual Rows": 4877446,
                  "Actual Loops": 7,
                  "Inner Unique": false,
                  "Hash Cond": "(ci.movie_id = t.id)",
                  "Plans": [
                    {
                      "Node Type": "Seq Scan",
                      "Parent Relationship": "Outer",
                      "Parallel Aware": true,
                      "Relation Name": "cast_info",
                      "Alias": "ci",
                      "Startup Cost": 0.0,
                      "Total Cost": 328162.03,
                      "Plan Rows": 3505039,
                      "Plan Width": 4,
                      "Actual Startup Time": 0.023,
                      "Actual Total Time": 578.965,
                      "Actual Rows": 3013098,
                      "Actual Loops": 7,
                      "Filter": "(person_id < 2129464)",
                      "Rows Removed by Filter": 2164665
                    },
                    {
                      "Node Type": "Hash",
                      "Parent Relationship": "Inner",
                      "Parallel Aware": true,
                      "Startup Cost": 250462.02,
                      "Total Cost": 250462.02,
                      "Plan Rows": 336258,
                      "Plan Width": 8,
                      "Actual Startup Time": 929.563,
                      "Actual Total Time": 929.948,
                      "Actual Rows": 428191,
                      "Actual Loops": 7,
                      "Hash Buckets": 4194304,
                      "Original Hash Buckets": 2097152,
                      "Hash Batches": 1,
                      "Original Hash Batches": 1,
                      "Peak Memory Usage": 166496,
                      "Plans": [
                        {
                          "Node Type": "Hash Join",
                          "Parent Relationship": "Outer",
                          "Parallel Aware": true,
                          "Join Type": "Inner",
                          "Startup Cost": 44964.38,
                          "Total Cost": 250462.02,
                          "Plan Rows": 336258,
                          "Plan Width": 8,
                          "Actual Startup Time": 104.646,
                          "Actual Total Time": 727.202,
                          "Actual Rows": 428191,
                          "Actual Loops": 7,
                          "Inner Unique": true,
                          "Hash Cond": "(mi.movie_id = t.id)",
                          "Plans": [
                            {
                              "Node Type": "Seq Scan",
                              "Parent Relationship": "Outer",
                              "Parallel Aware": true,
                              "Relation Name": "movie_info",
                              "Alias": "mi",
                              "Startup Cost": 0.0,
                              "Total Cost": 198952.16,
                              "Plan Rows": 2493512,
                              "Plan Width": 4,
                              "Actual Startup Time": 0.029,
                              "Actual Total Time": 330.48,
                              "Actual Rows": 1800267,
                              "Actual Loops": 7,
                              "Filter": "(info_type_id < 17)",
                              "Rows Removed by Filter": 319121
                            },
                            {
                              "Node Type": "Hash",
                              "Parent Relationship": "Inner",
                              "Parallel Aware": true,
                              "Startup Cost": 43898.92,
                              "Total Cost": 43898.92,
                              "Plan Rows": 85237,
                              "Plan Width": 4,
                              "Actual Startup Time": 102.935,
                              "Actual Total Time": 102.936,
                              "Actual Rows": 50297,
                              "Actual Loops": 7,
                              "Hash Buckets": 524288,
                              "Original Hash Buckets": 524288,
                              "Hash Batches": 1,
                              "Original Hash Batches": 1,
                              "Peak Memory Usage": 18016,
                              "Plans": [
                                {
                                  "Node Type": "Seq Scan",
                                  "Parent Relationship": "Outer",
                                  "Parallel Aware": true,
                                  "Relation Name": "title",
                                  "Alias": "t",
                                  "Startup Cost": 0.0,
                                  "Total Cost": 43898.92,
                                  "Plan Rows": 85237,
                                  "Plan Width": 4,
                                  "Actual Startup Time": 0.046,
                                  "Actual Total Time": 77.37,
                                  "Actual Rows": 50297,
                                  "Actual Loops": 7,
                                  "Filter": "(production_year < 1969)",
                                  "Rows Removed by Filter": 310890
                                }
                              ]
                            }
                          ]
                        }
                      ]
                    }
                  ]
                }
              ]
            }
          ]
        }
      ]
    },
    "Planning Time": 1.28,
    "Triggers": [],
    "Execution Time": 3339.024
  }
]