[
    {
        "Bao": {
            "Bao prediction": "NaN",
            "Bao recommended hint": "(no hint)"
        }
    },
    {
        "Plan": {
            "Node Type": "Aggregate",
            "Strategy": "Plain",
            "Partial Mode": "Finalize",
            "Parallel Aware": false,
            "Startup Cost": 604887.93,
            "Total Cost": 604887.94,
            "Plan Rows": 1,
            "Plan Width": 8,
            "Actual Startup Time": 5890.753,
            "Actual Total Time": 5932.247,
            "Actual Rows": 1,
            "Actual Loops": 1,
            "Output": [
                "count(*)"
            ],
            "Plans": [
                {
                    "Node Type": "Gather",
                    "Parent Relationship": "Outer",
                    "Parallel Aware": false,
                    "Startup Cost": 604887.31,
                    "Total Cost": 604887.92,
                    "Plan Rows": 6,
                    "Plan Width": 8,
                    "Actual Startup Time": 5859.489,
                    "Actual Total Time": 5932.236,
                    "Actual Rows": 7,
                    "Actual Loops": 1,
                    "Output": [
                        "(PARTIAL count(*))"
                    ],
                    "Workers Planned": 6,
                    "Workers Launched": 6,
                    "Single Copy": false,
                    "Plans": [
                        {
                            "Node Type": "Aggregate",
                            "Strategy": "Plain",
                            "Partial Mode": "Partial",
                            "Parent Relationship": "Outer",
                            "Parallel Aware": false,
                            "Startup Cost": 603887.31,
                            "Total Cost": 603887.32,
                            "Plan Rows": 1,
                            "Plan Width": 8,
                            "Actual Startup Time": 5849.643,
                            "Actual Total Time": 5850.593,
                            "Actual Rows": 1,
                            "Actual Loops": 7,
                            "Output": [
                                "PARTIAL count(*)"
                            ],
                            "Workers": [
                                {
                                    "Worker Number": 0,
                                    "Actual Startup Time": 5852.486,
                                    "Actual Total Time": 5852.49,
                                    "Actual Rows": 1,
                                    "Actual Loops": 1
                                },
                                {
                                    "Worker Number": 1,
                                    "Actual Startup Time": 5847.355,
                                    "Actual Total Time": 5847.359,
                                    "Actual Rows": 1,
                                    "Actual Loops": 1
                                },
                                {
                                    "Worker Number": 2,
                                    "Actual Startup Time": 5847.043,
                                    "Actual Total Time": 5847.046,
                                    "Actual Rows": 1,
                                    "Actual Loops": 1
                                },
                                {
                                    "Worker Number": 3,
                                    "Actual Startup Time": 5847.062,
                                    "Actual Total Time": 5847.067,
                                    "Actual Rows": 1,
                                    "Actual Loops": 1
                                },
                                {
                                    "Worker Number": 4,
                                    "Actual Startup Time": 5847.242,
                                    "Actual Total Time": 5847.245,
                                    "Actual Rows": 1,
                                    "Actual Loops": 1
                                },
                                {
                                    "Worker Number": 5,
                                    "Actual Startup Time": 5847.311,
                                    "Actual Total Time": 5847.316,
                                    "Actual Rows": 1,
                                    "Actual Loops": 1
                                }
                            ],
                            "Plans": [
                                {
                                    "Node Type": "Hash Join",
                                    "Parent Relationship": "Outer",
                                    "Parallel Aware": true,
                                    "Join Type": "Inner",
                                    "Startup Cost": 253609.73,
                                    "Total Cost": 595825.47,
                                    "Plan Rows": 3224735,
                                    "Plan Width": 0,
                                    "Actual Startup Time": 1100.559,
                                    "Actual Total Time": 5205.732,
                                    "Actual Rows": 13215804,
                                    "Actual Loops": 7,
                                    "Inner Unique": false,
                                    "Hash Cond": "(ci.movie_id = t.id)",
                                    "Workers": [
                                        {
                                            "Worker Number": 0,
                                            "Actual Startup Time": 1098.513,
                                            "Actual Total Time": 5278.727,
                                            "Actual Rows": 14784619,
                                            "Actual Loops": 1
                                        },
                                        {
                                            "Worker Number": 1,
                                            "Actual Startup Time": 1099.082,
                                            "Actual Total Time": 5200.166,
                                            "Actual Rows": 13097886,
                                            "Actual Loops": 1
                                        },
                                        {
                                            "Worker Number": 2,
                                            "Actual Startup Time": 1098.893,
                                            "Actual Total Time": 5180.926,
                                            "Actual Rows": 12744312,
                                            "Actual Loops": 1
                                        },
                                        {
                                            "Worker Number": 3,
                                            "Actual Startup Time": 1098.918,
                                            "Actual Total Time": 5166.341,
                                            "Actual Rows": 11998389,
                                            "Actual Loops": 1
                                        },
                                        {
                                            "Worker Number": 4,
                                            "Actual Startup Time": 1099.013,
                                            "Actual Total Time": 5196.02,
                                            "Actual Rows": 12828742,
                                            "Actual Loops": 1
                                        },
                                        {
                                            "Worker Number": 5,
                                            "Actual Startup Time": 1099.003,
                                            "Actual Total Time": 5235.462,
                                            "Actual Rows": 13995980,
                                            "Actual Loops": 1
                                        }
                                    ],
                                    "Plans": [
                                        {
                                            "Node Type": "Seq Scan",
                                            "Parent Relationship": "Outer",
                                            "Parallel Aware": true,
                                            "Relation Name": "cast_info",
                                            "Schema": "public",
                                            "Alias": "ci",
                                            "Startup Cost": 0.0,
                                            "Total Cost": 313108.29,
                                            "Plan Rows": 6042129,
                                            "Plan Width": 4,
                                            "Actual Startup Time": 0.045,
                                            "Actual Total Time": 534.44,
                                            "Actual Rows": 5177763,
                                            "Actual Loops": 7,
                                            "Output": [
                                                "ci.id",
                                                "ci.person_id",
                                                "ci.movie_id",
                                                "ci.person_role_id",
                                                "ci.note",
                                                "ci.nr_order",
                                                "ci.role_id"
                                            ],
                                            "Workers": [
                                                {
                                                    "Worker Number": 0,
                                                    "Actual Startup Time": 0.025,
                                                    "Actual Total Time": 532.318,
                                                    "Actual Rows": 5826457,
                                                    "Actual Loops": 1
                                                },
                                                {
                                                    "Worker Number": 1,
                                                    "Actual Startup Time": 0.062,
                                                    "Actual Total Time": 540.395,
                                                    "Actual Rows": 5177534,
                                                    "Actual Loops": 1
                                                },
                                                {
                                                    "Worker Number": 2,
                                                    "Actual Startup Time": 0.062,
                                                    "Actual Total Time": 554.404,
                                                    "Actual Rows": 4990538,
                                                    "Actual Loops": 1
                                                },
                                                {
                                                    "Worker Number": 3,
                                                    "Actual Startup Time": 0.061,
                                                    "Actual Total Time": 566.001,
                                                    "Actual Rows": 4569382,
                                                    "Actual Loops": 1
                                                },
                                                {
                                                    "Worker Number": 4,
                                                    "Actual Startup Time": 0.06,
                                                    "Actual Total Time": 543.947,
                                                    "Actual Rows": 5061203,
                                                    "Actual Loops": 1
                                                },
                                                {
                                                    "Worker Number": 5,
                                                    "Actual Startup Time": 0.032,
                                                    "Actual Total Time": 550.973,
                                                    "Actual Rows": 5577763,
                                                    "Actual Loops": 1
                                                }
                                            ]
                                        },
                                        {
                                            "Node Type": "Hash",
                                            "Parent Relationship": "Inner",
                                            "Parallel Aware": true,
                                            "Startup Cost": 250236.27,
                                            "Total Cost": 250236.27,
                                            "Plan Rows": 269877,
                                            "Plan Width": 8,
                                            "Actual Startup Time": 1096.825,
                                            "Actual Total Time": 1097.773,
                                            "Actual Rows": 534193,
                                            "Actual Loops": 7,
                                            "Output": [
                                                "t.id",
                                                "mi.movie_id"
                                            ],
                                            "Hash Buckets": 4194304,
                                            "Original Hash Buckets": 2097152,
                                            "Hash Batches": 1,
                                            "Original Hash Batches": 1,
                                            "Peak Memory Usage": 195584,
                                            "Workers": [
                                                {
                                                    "Worker Number": 0,
                                                    "Actual Startup Time": 1097.317,
                                                    "Actual Total Time": 1097.32,
                                                    "Actual Rows": 660340,
                                                    "Actual Loops": 1
                                                },
                                                {
                                                    "Worker Number": 1,
                                                    "Actual Startup Time": 1098.135,
                                                    "Actual Total Time": 1098.138,
                                                    "Actual Rows": 477891,
                                                    "Actual Loops": 1
                                                },
                                                {
                                                    "Worker Number": 2,
                                                    "Actual Startup Time": 1097.695,
                                                    "Actual Total Time": 1097.698,
                                                    "Actual Rows": 478750,
                                                    "Actual Loops": 1
                                                },
                                                {
                                                    "Worker Number": 3,
                                                    "Actual Startup Time": 1097.827,
                                                    "Actual Total Time": 1097.83,
                                                    "Actual Rows": 476327,
                                                    "Actual Loops": 1
                                                },
                                                {
                                                    "Worker Number": 4,
                                                    "Actual Startup Time": 1097.963,
                                                    "Actual Total Time": 1097.965,
                                                    "Actual Rows": 475727,
                                                    "Actual Loops": 1
                                                },
                                                {
                                                    "Worker Number": 5,
                                                    "Actual Startup Time": 1098.046,
                                                    "Actual Total Time": 1098.05,
                                                    "Actual Rows": 468153,
                                                    "Actual Loops": 1
                                                }
                                            ],
                                            "Plans": [
                                                {
                                                    "Node Type": "Hash Join",
                                                    "Parent Relationship": "Outer",
                                                    "Parallel Aware": true,
                                                    "Join Type": "Inner",
                                                    "Startup Cost": 46675.11,
                                                    "Total Cost": 250236.27,
                                                    "Plan Rows": 269877,
                                                    "Plan Width": 8,
                                                    "Actual Startup Time": 127.312,
                                                    "Actual Total Time": 780.726,
                                                    "Actual Rows": 534193,
                                                    "Actual Loops": 7,
                                                    "Output": [
                                                        "t.id",
                                                        "mi.movie_id"
                                                    ],
                                                    "Inner Unique": true,
                                                    "Hash Cond": "(mi.movie_id = t.id)",
                                                    "Workers": [
                                                        {
                                                            "Worker Number": 0,
                                                            "Actual Startup Time": 127.409,
                                                            "Actual Total Time": 772.82,
                                                            "Actual Rows": 660340,
                                                            "Actual Loops": 1
                                                        },
                                                        {
                                                            "Worker Number": 1,
                                                            "Actual Startup Time": 127.266,
                                                            "Actual Total Time": 783.351,
                                                            "Actual Rows": 477891,
                                                            "Actual Loops": 1
                                                        },
                                                        {
                                                            "Worker Number": 2,
                                                            "Actual Startup Time": 127.272,
                                                            "Actual Total Time": 783.535,
                                                            "Actual Rows": 478750,
                                                            "Actual Loops": 1
                                                        },
                                                        {
                                                            "Worker Number": 3,
                                                            "Actual Startup Time": 127.241,
                                                            "Actual Total Time": 783.462,
                                                            "Actual Rows": 476327,
                                                            "Actual Loops": 1
                                                        },
                                                        {
                                                            "Worker Number": 4,
                                                            "Actual Startup Time": 127.222,
                                                            "Actual Total Time": 783.502,
                                                            "Actual Rows": 475727,
                                                            "Actual Loops": 1
                                                        },
                                                        {
                                                            "Worker Number": 5,
                                                            "Actual Startup Time": 127.254,
                                                            "Actual Total Time": 783.317,
                                                            "Actual Rows": 468153,
                                                            "Actual Loops": 1
                                                        }
                                                    ],
                                                    "Plans": [
                                                        {
                                                            "Node Type": "Seq Scan",
                                                            "Parent Relationship": "Outer",
                                                            "Parallel Aware": true,
                                                            "Relation Name": "movie_info",
                                                            "Schema": "public",
                                                            "Alias": "mi",
                                                            "Startup Cost": 0.0,
                                                            "Total Cost": 198880.74,
                                                            "Plan Rows": 1783015,
                                                            "Plan Width": 4,
                                                            "Actual Startup Time": 0.058,
                                                            "Actual Total Time": 358.737,
                                                            "Actual Rows": 1280956,
                                                            "Actual Loops": 7,
                                                            "Output": [
                                                                "mi.id",
                                                                "mi.movie_id",
                                                                "mi.info_type_id",
                                                                "mi.info",
                                                                "mi.note"
                                                            ],
                                                            "Filter": "(mi.info_type_id < 15)",
                                                            "Rows Removed by Filter": 838432,
                                                            "Workers": [
                                                                {
                                                                    "Worker Number": 0,
                                                                    "Actual Startup Time": 0.027,
                                                                    "Actual Total Time": 354.59,
                                                                    "Actual Rows": 1581240,
                                                                    "Actual Loops": 1
                                                                },
                                                                {
                                                                    "Worker Number": 1,
                                                                    "Actual Startup Time": 0.075,
                                                                    "Actual Total Time": 363.404,
                                                                    "Actual Rows": 1138415,
                                                                    "Actual Loops": 1
                                                                },
                                                                {
                                                                    "Worker Number": 2,
                                                                    "Actual Startup Time": 0.073,
                                                                    "Actual Total Time": 363.987,
                                                                    "Actual Rows": 1140414,
                                                                    "Actual Loops": 1
                                                                },
                                                                {
                                                                    "Worker Number": 3,
                                                                    "Actual Startup Time": 0.074,
                                                                    "Actual Total Time": 362.563,
                                                                    "Actual Rows": 1133191,
                                                                    "Actual Loops": 1
                                                                },
                                                                {
                                                                    "Worker Number": 4,
                                                                    "Actual Startup Time": 0.075,
                                                                    "Actual Total Time": 363.475,
                                                                    "Actual Rows": 1134263,
                                                                    "Actual Loops": 1
                                                                },
                                                                {
                                                                    "Worker Number": 5,
                                                                    "Actual Startup Time": 0.072,
                                                                    "Actual Total Time": 367.212,
                                                                    "Actual Rows": 1121576,
                                                                    "Actual Loops": 1
                                                                }
                                                            ]
                                                        },
                                                        {
                                                            "Node Type": "Hash",
                                                            "Parent Relationship": "Inner",
                                                            "Parallel Aware": true,
                                                            "Startup Cost": 45479.21,
                                                            "Total Cost": 45479.21,
                                                            "Plan Rows": 95672,
                                                            "Plan Width": 4,
                                                            "Actual Startup Time": 113.097,
                                                            "Actual Total Time": 113.099,
                                                            "Actual Rows": 62861,
                                                            "Actual Loops": 7,
                                                            "Output": [
                                                                "t.id"
                                                            ],
                                                            "Hash Buckets": 524288,
                                                            "Original Hash Buckets": 524288,
                                                            "Hash Batches": 1,
                                                            "Original Hash Batches": 1,
                                                            "Peak Memory Usage": 21472,
                                                            "Workers": [
                                                                {
                                                                    "Worker Number": 0,
                                                                    "Actual Startup Time": 113.62,
                                                                    "Actual Total Time": 113.621,
                                                                    "Actual Rows": 72002,
                                                                    "Actual Loops": 1
                                                                },
                                                                {
                                                                    "Worker Number": 1,
                                                                    "Actual Startup Time": 113.613,
                                                                    "Actual Total Time": 113.614,
                                                                    "Actual Rows": 54837,
                                                                    "Actual Loops": 1
                                                                },
                                                                {
                                                                    "Worker Number": 2,
                                                                    "Actual Startup Time": 113.61,
                                                                    "Actual Total Time": 113.611,
                                                                    "Actual Rows": 55561,
                                                                    "Actual Loops": 1
                                                                },
                                                                {
                                                                    "Worker Number": 3,
                                                                    "Actual Startup Time": 113.42,
                                                                    "Actual Total Time": 113.421,
                                                                    "Actual Rows": 55642,
                                                                    "Actual Loops": 1
                                                                },
                                                                {
                                                                    "Worker Number": 4,
                                                                    "Actual Startup Time": 113.512,
                                                                    "Actual Total Time": 113.513,
                                                                    "Actual Rows": 56706,
                                                                    "Actual Loops": 1
                                                                },
                                                                {
                                                                    "Worker Number": 5,
                                                                    "Actual Startup Time": 113.533,
                                                                    "Actual Total Time": 113.534,
                                                                    "Actual Rows": 56091,
                                                                    "Actual Loops": 1
                                                                }
                                                            ],
                                                            "Plans": [
                                                                {
                                                                    "Node Type": "Seq Scan",
                                                                    "Parent Relationship": "Outer",
                                                                    "Parallel Aware": true,
                                                                    "Relation Name": "title",
                                                                    "Schema": "public",
                                                                    "Alias": "t",
                                                                    "Startup Cost": 0.0,
                                                                    "Total Cost": 45479.21,
                                                                    "Plan Rows": 95672,
                                                                    "Plan Width": 4,
                                                                    "Actual Startup Time": 47.551,
                                                                    "Actual Total Time": 80.836,
                                                                    "Actual Rows": 62861,
                                                                    "Actual Loops": 7,
                                                                    "Output": [
                                                                        "t.id"
                                                                    ],
                                                                    "Filter": "((t.kind_id < 2) AND (t.production_year < 2006))",
                                                                    "Rows Removed by Filter": 298326,
                                                                    "Workers": [
                                                                        {
                                                                            "Worker Number": 0,
                                                                            "Actual Startup Time": 47.481,
                                                                            "Actual Total Time": 79.551,
                                                                            "Actual Rows": 72002,
                                                                            "Actual Loops": 1
                                                                        },
                                                                        {
                                                                            "Worker Number": 1,
                                                                            "Actual Startup Time": 47.355,
                                                                            "Actual Total Time": 81.82,
                                                                            "Actual Rows": 54837,
                                                                            "Actual Loops": 1
                                                                        },
                                                                        {
                                                                            "Worker Number": 2,
                                                                            "Actual Startup Time": 47.654,
                                                                            "Actual Total Time": 81.853,
                                                                            "Actual Rows": 55561,
                                                                            "Actual Loops": 1
                                                                        },
                                                                        {
                                                                            "Worker Number": 3,
                                                                            "Actual Startup Time": 47.321,
                                                                            "Actual Total Time": 81.749,
                                                                            "Actual Rows": 55642,
                                                                            "Actual Loops": 1
                                                                        },
                                                                        {
                                                                            "Worker Number": 4,
                                                                            "Actual Startup Time": 47.367,
                                                                            "Actual Total Time": 82.646,
                                                                            "Actual Rows": 56706,
                                                                            "Actual Loops": 1
                                                                        },
                                                                        {
                                                                            "Worker Number": 5,
                                                                            "Actual Startup Time": 48.153,
                                                                            "Actual Total Time": 81.909,
                                                                            "Actual Rows": 56091,
                                                                            "Actual Loops": 1
                                                                        }
                                                                    ]
                                                                }
                                                            ]
                                                        }
                                                    ]
                                                }
                                            ]
                                        }
                                    ]
                                }
                            ]
                        }
                    ]
                }
            ]
        },
        "Planning Time": 196.798,
        "Triggers": [],
        "Execution Time": 5932.335
    }
]