[
  {
    "Plan": {
      "Node Type": "Aggregate",
      "Strategy": "Plain",
      "Partial Mode": "Finalize",
      "Parallel Aware": false,
      "Startup Cost": 395001.9,
      "Total Cost": 395001.91,
      "Plan Rows": 1,
      "Plan Width": 8,
      "Actual Startup Time": 1028.941,
      "Actual Total Time": 1094.769,
      "Actual Rows": 1,
      "Actual Loops": 1,
      "Plans": [
        {
          "Node Type": "Gather",
          "Parent Relationship": "Outer",
          "Parallel Aware": false,
          "Startup Cost": 395001.28,
          "Total Cost": 395001.89,
          "Plan Rows": 6,
          "Plan Width": 8,
          "Actual Startup Time": 1026.82,
          "Actual Total Time": 1094.75,
          "Actual Rows": 7,
          "Actual Loops": 1,
          "Workers Planned": 6,
          "Workers Launched": 6,
          "Single Copy": false,
          "Plans": [
            {
              "Node Type": "Aggregate",
              "Strategy": "Plain",
              "Partial Mode": "Partial",
              "Parent Relationship": "Outer",
              "Parallel Aware": false,
              "Startup Cost": 394001.28,
              "Total Cost": 394001.29,
              "Plan Rows": 1,
              "Plan Width": 8,
              "Actual Startup Time": 1018.086,
              "Actual Total Time": 1018.089,
              "Actual Rows": 1,
              "Actual Loops": 7,
              "Plans": [
                {
                  "Node Type": "Hash Join",
                  "Parent Relationship": "Outer",
                  "Parallel Aware": true,
                  "Join Type": "Inner",
                  "Startup Cost": 46117.29,
                  "Total Cost": 393675.24,
                  "Plan Rows": 130414,
                  "Plan Width": 0,
                  "Actual Startup Time": 424.465,
                  "Actual Total Time": 1008.662,
                  "Actual Rows": 182700,
                  "Actual Loops": 7,
                  "Inner Unique": true,
                  "Hash Cond": "(ci.movie_id = t.id)",
                  "Plans": [
                    {
                      "Node Type": "Seq Scan",
                      "Parent Relationship": "Outer",
                      "Parallel Aware": true,
                      "Relation Name": "cast_info",
                      "Alias": "ci",
                      "Startup Cost": 0.0,
                      "Total Cost": 343316.27,
                      "Plan Rows": 1615877,
                      "Plan Width": 4,
                      "Actual Startup Time": 336.957,
                      "Actual Total Time": 661.847,
                      "Actual Rows": 1728263,
                      "Actual Loops": 7,
                      "Filter": "((person_id > 1424989) AND (role_id > 2))",
                      "Rows Removed by Filter": 3449500
                    },
                    {
                      "Node Type": "Hash",
                      "Parent Relationship": "Inner",
                      "Parallel Aware": true,
                      "Startup Cost": 45479.59,
                      "Total Cost": 45479.59,
                      "Plan Rows": 51016,
                      "Plan Width": 4,
                      "Actual Startup Time": 86.04,
                      "Actual Total Time": 86.041,
                      "Actual Rows": 26056,
                      "Actual Loops": 7,
                      "Hash Buckets": 262144,
                      "Original Hash Buckets": 262144,
                      "Hash Batches": 1,
                      "Original Hash Batches": 1,
                      "Peak Memory Usage": 9280,
                      "Plans": [
                        {
                          "Node Type": "Seq Scan",
                          "Parent Relationship": "Outer",
                          "Parallel Aware": true,
                          "Relation Name": "title",
                          "Alias": "t",
                          "Startup Cost": 0.0,
                          "Total Cost": 45479.59,
                          "Plan Rows": 51016,
                          "Plan Width": 4,
                          "Actual Startup Time": 37.279,
                          "Actual Total Time": 73.864,
                          "Actual Rows": 26056,
                          "Actual Loops": 7,
                          "Filter": "((production_year > 2007) AND (kind_id = 1))",
                          "Rows Removed by Filter": 335131
                        }
                      ]
                    }
                  ]
                }
              ]
            }
          ]
        }
      ]
    },
    "Planning Time": 0.26,
    "Triggers": [],
    "Execution Time": 1094.909
  }
]