[
  {
    "Plan": {
      "Node Type": "Aggregate",
      "Strategy": "Plain",
      "Partial Mode": "Simple",
      "Parallel Aware": false,
      "Startup Cost": 27240.93,
      "Total Cost": 27240.94,
      "Plan Rows": 1,
      "Plan Width": 8,
      "Actual Startup Time": 40.564,
      "Actual Total Time": 40.565,
      "Actual Rows": 1,
      "Actual Loops": 1,
      "Plans": [
        {
          "Node Type": "Bitmap Heap Scan",
          "Parent Relationship": "Outer",
          "Parallel Aware": false,
          "Relation Name": "movie_keyword",
          "Alias": "mk",
          "Startup Cost": 1632.76,
          "Total Cost": 27048.57,
          "Plan Rows": 76945,
          "Plan Width": 0,
          "Actual Startup Time": 9.372,
          "Actual Total Time": 37.266,
          "Actual Rows": 76670,
          "Actual Loops": 1,
          "Recheck Cond": "(keyword_id > 88796)",
          "Rows Removed by Index Recheck": 0,
          "Exact Heap Blocks": 15543,
          "Lossy Heap Blocks": 0,
          "Plans": [
            {
              "Node Type": "Bitmap Index Scan",
              "Parent Relationship": "Outer",
              "Parallel Aware": false,
              "Index Name": "keyword_id_movie_keyword",
              "Startup Cost": 0.0,
              "Total Cost": 1613.52,
              "Plan Rows": 76945,
              "Plan Width": 0,
              "Actual Startup Time": 6.713,
              "Actual Total Time": 6.713,
              "Actual Rows": 76670,
              "Actual Loops": 1,
              "Index Cond": "(keyword_id > 88796)"
            }
          ]
        }
      ]
    },
    "Planning Time": 0.075,
    "Triggers": [],
    "Execution Time": 40.59
  }
]