{
  "Plan": {
    "Node Type": "Aggregate",
    "Strategy": "Plain",
    "Partial Mode": "Finalize",
    "Parallel Aware": false,
    "Startup Cost": 90051.32,
    "Total Cost": 90051.33,
    "Plan Rows": 1,
    "Plan Width": 8,
    "Actual Startup Time": 417.19,
    "Actual Total Time": 430.779,
    "Actual Rows": 1,
    "Actual Loops": 1,
    "Plans": [
      {
        "Node Type": "Gather",
        "Parent Relationship": "Outer",
        "Parallel Aware": false,
        "Startup Cost": 90051.2,
        "Total Cost": 90051.31,
        "Plan Rows": 1,
        "Plan Width": 8,
        "Actual Startup Time": 415.77,
        "Actual Total Time": 430.77,
        "Actual Rows": 2,
        "Actual Loops": 1,
        "Workers Planned": 1,
        "Workers Launched": 1,
        "Single Copy": false,
        "Plans": [
          {
            "Node Type": "Aggregate",
            "Strategy": "Plain",
            "Partial Mode": "Partial",
            "Parent Relationship": "Outer",
            "Parallel Aware": false,
            "Startup Cost": 89051.2,
            "Total Cost": 89051.21,
            "Plan Rows": 1,
            "Plan Width": 8,
            "Actual Startup Time": 409.681,
            "Actual Total Time": 409.685,
            "Actual Rows": 1,
            "Actual Loops": 2,
            "Plans": [
              {
                "Node Type": "Hash Join",
                "Parent Relationship": "Outer",
                "Parallel Aware": true,
                "Join Type": "Inner",
                "Startup Cost": 63580.21,
                "Total Cost": 88994.03,
                "Plan Rows": 22868,
                "Plan Width": 0,
                "Actual Startup Time": 341.995,
                "Actual Total Time": 408.719,
                "Actual Rows": 12256,
                "Actual Loops": 2,
                "Inner Unique": true,
                "Hash Cond": "(mk.movie_id = t.id)",
                "Plans": [
                  {
                    "Node Type": "Bitmap Heap Scan",
                    "Parent Relationship": "Outer",
                    "Parallel Aware": true,
                    "Relation Name": "movie_keyword",
                    "Alias": "mk",
                    "Startup Cost": 2292.51,
                    "Total Cost": 27539.75,
                    "Plan Rows": 63459,
                    "Plan Width": 4,
                    "Actual Startup Time": 15.952,
                    "Actual Total Time": 57.95,
                    "Actual Rows": 60960,
                    "Actual Loops": 2,
                    "Recheck Cond": "(keyword_id < 117)",
                    "Rows Removed by Index Recheck": 0,
                    "Exact Heap Blocks": 11764,
                    "Lossy Heap Blocks": 0,
                    "Plans": [
                      {
                        "Node Type": "Bitmap Index Scan",
                        "Parent Relationship": "Outer",
                        "Parallel Aware": false,
                        "Index Name": "keyword_id_movie_keyword",
                        "Startup Cost": 0.0,
                        "Total Cost": 2265.54,
                        "Plan Rows": 107881,
                        "Plan Width": 0,
                        "Actual Startup Time": 10.571,
                        "Actual Total Time": 10.572,
                        "Actual Rows": 121921,
                        "Actual Loops": 1,
                        "Index Cond": "(keyword_id < 117)"
                      }
                    ]
                  },
                  {
                    "Node Type": "Hash",
                    "Parent Relationship": "Inner",
                    "Parallel Aware": true,
                    "Startup Cost": 54588.39,
                    "Total Cost": 54588.39,
                    "Plan Rows": 535945,
                    "Plan Width": 4,
                    "Actual Startup Time": 316.692,
                    "Actual Total Time": 316.693,
                    "Actual Rows": 452246,
                    "Actual Loops": 2,
                    "Hash Buckets": 1048576,
                    "Original Hash Buckets": 1048576,
                    "Hash Batches": 1,
                    "Original Hash Batches": 1,
                    "Peak Memory Usage": 43616,
                    "Plans": [
                      {
                        "Node Type": "Seq Scan",
                        "Parent Relationship": "Outer",
                        "Parallel Aware": true,
                        "Relation Name": "title",
                        "Alias": "t",
                        "Startup Cost": 0.0,
                        "Total Cost": 54588.39,
                        "Plan Rows": 535945,
                        "Plan Width": 4,
                        "Actual Startup Time": 0.033,
                        "Actual Total Time": 178.678,
                        "Actual Rows": 452246,
                        "Actual Loops": 2,
                        "Filter": "(production_year > 2006)",
                        "Rows Removed by Filter": 811910
                      }
                    ]
                  }
                ]
              }
            ]
          }
        ]
      }
    ]
  },
  "Planning Time": 0.451,
  "Triggers": [],
  "Execution Time": 430.876
}