{
  "Plan": {
    "Node Type": "Aggregate",
    "Strategy": "Plain",
    "Partial Mode": "Finalize",
    "Parallel Aware": false,
    "Startup Cost": 105930.99,
    "Total Cost": 105931.0,
    "Plan Rows": 1,
    "Plan Width": 8,
    "Actual Startup Time": 344.487,
    "Actual Total Time": 368.343,
    "Actual Rows": 1,
    "Actual Loops": 1,
    "Plans": [
      {
        "Node Type": "Gather",
        "Parent Relationship": "Outer",
        "Parallel Aware": false,
        "Startup Cost": 105930.87,
        "Total Cost": 105930.98,
        "Plan Rows": 1,
        "Plan Width": 8,
        "Actual Startup Time": 344.32,
        "Actual Total Time": 368.336,
        "Actual Rows": 2,
        "Actual Loops": 1,
        "Workers Planned": 1,
        "Workers Launched": 1,
        "Single Copy": false,
        "Plans": [
          {
            "Node Type": "Aggregate",
            "Strategy": "Plain",
            "Partial Mode": "Partial",
            "Parent Relationship": "Outer",
            "Parallel Aware": false,
            "Startup Cost": 104930.87,
            "Total Cost": 104930.88,
            "Plan Rows": 1,
            "Plan Width": 8,
            "Actual Startup Time": 338.144,
            "Actual Total Time": 338.148,
            "Actual Rows": 1,
            "Actual Loops": 2,
            "Plans": [
              {
                "Node Type": "Nested Loop",
                "Parent Relationship": "Outer",
                "Parallel Aware": false,
                "Join Type": "Inner",
                "Startup Cost": 54696.65,
                "Total Cost": 104928.42,
                "Plan Rows": 983,
                "Plan Width": 0,
                "Actual Startup Time": 197.246,
                "Actual Total Time": 337.928,
                "Actual Rows": 2234,
                "Actual Loops": 2,
                "Inner Unique": false,
                "Join Filter": "(t.id = mi.movie_id)",
                "Rows Removed by Join Filter": 0,
                "Plans": [
                  {
                    "Node Type": "Hash Join",
                    "Parent Relationship": "Outer",
                    "Parallel Aware": true,
                    "Join Type": "Inner",
                    "Startup Cost": 54696.21,
                    "Total Cost": 97920.19,
                    "Plan Rows": 3121,
                    "Plan Width": 8,
                    "Actual Startup Time": 196.932,
                    "Actual Total Time": 283.433,
                    "Actual Rows": 2603,
                    "Actual Loops": 2,
                    "Inner Unique": true,
                    "Hash Cond": "(mc.movie_id = t.id)",
                    "Plans": [
                      {
                        "Node Type": "Seq Scan",
                        "Parent Relationship": "Outer",
                        "Parallel Aware": true,
                        "Relation Name": "movie_companies",
                        "Alias": "mc",
                        "Startup Cost": 0.0,
                        "Total Cost": 41811.73,
                        "Plan Rows": 537999,
                        "Plan Width": 4,
                        "Actual Startup Time": 51.66,
                        "Actual Total Time": 110.483,
                        "Actual Rows": 296282,
                        "Actual Loops": 2,
                        "Filter": "((company_id < 28186) AND (company_type_id = 2))",
                        "Rows Removed by Filter": 1008283
                      },
                      {
                        "Node Type": "Hash",
                        "Parent Relationship": "Inner",
                        "Parallel Aware": true,
                        "Startup Cost": 54588.39,
                        "Total Cost": 54588.39,
                        "Plan Rows": 8626,
                        "Plan Width": 4,
                        "Actual Startup Time": 144.069,
                        "Actual Total Time": 144.071,
                        "Actual Rows": 7300,
                        "Actual Loops": 2,
                        "Hash Buckets": 16384,
                        "Original Hash Buckets": 16384,
                        "Hash Batches": 1,
                        "Original Hash Batches": 1,
                        "Peak Memory Usage": 736,
                        "Plans": [
                          {
                            "Node Type": "Seq Scan",
                            "Parent Relationship": "Outer",
                            "Parallel Aware": true,
                            "Relation Name": "title",
                            "Alias": "t",
                            "Startup Cost": 0.0,
                            "Total Cost": 54588.39,
                            "Plan Rows": 8626,
                            "Plan Width": 4,
                            "Actual Startup Time": 0.099,
                            "Actual Total Time": 141.047,
                            "Actual Rows": 7300,
                            "Actual Loops": 2,
                            "Filter": "(production_year = 1967)",
                            "Rows Removed by Filter": 1256856
                          }
                        ]
                      }
                    ]
                  },
                  {
                    "Node Type": "Index Scan",
                    "Parent Relationship": "Inner",
                    "Parallel Aware": false,
                    "Scan Direction": "Forward",
                    "Index Name": "movie_id_movie_info",
                    "Relation Name": "movie_info",
                    "Alias": "mi",
                    "Startup Cost": 0.43,
                    "Total Cost": 2.22,
                    "Plan Rows": 2,
                    "Plan Width": 4,
                    "Actual Startup Time": 0.011,
                    "Actual Total Time": 0.021,
                    "Actual Rows": 1,
                    "Actual Loops": 5206,
                    "Index Cond": "(movie_id = mc.movie_id)",
                    "Rows Removed by Index Recheck": 0,
                    "Filter": "(info_type_id < 2)",
                    "Rows Removed by Filter": 10
                  }
                ]
              }
            ]
          }
        ]
      }
    ]
  },
  "Planning Time": 1.145,
  "Triggers": [],
  "Execution Time": 368.439
}