[
  {
    "Plan": {
      "Node Type": "Aggregate",
      "Strategy": "Plain",
      "Partial Mode": "Finalize",
      "Parallel Aware": false,
      "Startup Cost": 466452.76,
      "Total Cost": 466452.77,
      "Plan Rows": 1,
      "Plan Width": 8,
      "Actual Startup Time": 2798.969,
      "Actual Total Time": 2860.83,
      "Actual Rows": 1,
      "Actual Loops": 1,
      "Plans": [
        {
          "Node Type": "Gather",
          "Parent Relationship": "Outer",
          "Parallel Aware": false,
          "Startup Cost": 466452.14,
          "Total Cost": 466452.75,
          "Plan Rows": 6,
          "Plan Width": 8,
          "Actual Startup Time": 2772.183,
          "Actual Total Time": 2860.821,
          "Actual Rows": 7,
          "Actual Loops": 1,
          "Workers Planned": 6,
          "Workers Launched": 6,
          "Single Copy": false,
          "Plans": [
            {
              "Node Type": "Aggregate",
              "Strategy": "Plain",
              "Partial Mode": "Partial",
              "Parent Relationship": "Outer",
              "Parallel Aware": false,
              "Startup Cost": 465452.14,
              "Total Cost": 465452.15,
              "Plan Rows": 1,
              "Plan Width": 8,
              "Actual Startup Time": 2758.97,
              "Actual Total Time": 2758.976,
              "Actual Rows": 1,
              "Actual Loops": 7,
              "Plans": [
                {
                  "Node Type": "Hash Join",
                  "Parent Relationship": "Outer",
                  "Parallel Aware": true,
                  "Join Type": "Inner",
                  "Startup Cost": 98577.31,
                  "Total Cost": 461214.16,
                  "Plan Rows": 1695190,
                  "Plan Width": 0,
                  "Actual Startup Time": 767.455,
                  "Actual Total Time": 2523.787,
                  "Actual Rows": 4426751,
                  "Actual Loops": 7,
                  "Inner Unique": false,
                  "Hash Cond": "(ci.movie_id = t.id)",
                  "Plans": [
                    {
                      "Node Type": "Seq Scan",
                      "Parent Relationship": "Outer",
                      "Parallel Aware": true,
                      "Relation Name": "cast_info",
                      "Alias": "ci",
                      "Startup Cost": 0.0,
                      "Total Cost": 343316.27,
                      "Plan Rows": 3693926,
                      "Plan Width": 4,
                      "Actual Startup Time": 253.159,
                      "Actual Total Time": 845.168,
                      "Actual Rows": 3277293,
                      "Actual Loops": 7,
                      "Filter": "((person_id > 214430) AND (role_id > 1))",
                      "Rows Removed by Filter": 1900470
                    },
                    {
                      "Node Type": "Hash",
                      "Parent Relationship": "Inner",
                      "Parallel Aware": true,
                      "Startup Cost": 93898.57,
                      "Total Cost": 93898.57,
                      "Plan Rows": 374299,
                      "Plan Width": 8,
                      "Actual Startup Time": 509.339,
                      "Actual Total Time": 509.343,
                      "Actual Rows": 165694,
                      "Actual Loops": 7,
                      "Hash Buckets": 2097152,
                      "Original Hash Buckets": 2097152,
                      "Hash Batches": 1,
                      "Original Hash Batches": 1,
                      "Peak Memory Usage": 61920,
                      "Plans": [
                        {
                          "Node Type": "Hash Join",
                          "Parent Relationship": "Outer",
                          "Parallel Aware": true,
                          "Join Type": "Inner",
                          "Startup Cost": 50220.38,
                          "Total Cost": 93898.57,
                          "Plan Rows": 374299,
                          "Plan Width": 8,
                          "Actual Startup Time": 302.884,
                          "Actual Total Time": 439.901,
                          "Actual Rows": 165694,
                          "Actual Loops": 7,
                          "Inner Unique": true,
                          "Hash Cond": "(mk.movie_id = t.id)",
                          "Plans": [
                            {
                              "Node Type": "Seq Scan",
                              "Parent Relationship": "Outer",
                              "Parallel Aware": true,
                              "Relation Name": "movie_keyword",
                              "Alias": "mk",
                              "Startup Cost": 0.0,
                              "Total Cost": 42695.65,
                              "Plan Rows": 374299,
                              "Plan Width": 4,
                              "Actual Startup Time": 0.042,
                              "Actual Total Time": 78.267,
                              "Actual Rows": 165694,
                              "Actual Loops": 7,
                              "Filter": "(keyword_id < 1382)",
                              "Rows Removed by Filter": 480581
                            },
                            {
                              "Node Type": "Hash",
                              "Parent Relationship": "Inner",
                              "Parallel Aware": true,
                              "Startup Cost": 42319.06,
                              "Total Cost": 42319.06,
                              "Plan Rows": 632106,
                              "Plan Width": 4,
                              "Actual Startup Time": 297.591,
                              "Actual Total Time": 297.593,
                              "Actual Rows": 361187,
                              "Actual Loops": 7,
                              "Hash Buckets": 4194304,
                              "Original Hash Buckets": 4194304,
                              "Hash Batches": 1,
                              "Original Hash Batches": 1,
                              "Peak Memory Usage": 131776,
                              "Plans": [
                                {
                                  "Node Type": "Seq Scan",
                                  "Parent Relationship": "Outer",
                                  "Parallel Aware": true,
                                  "Relation Name": "title",
                                  "Alias": "t",
                                  "Startup Cost": 0.0,
                                  "Total Cost": 42319.06,
                                  "Plan Rows": 632106,
                                  "Plan Width": 4,
                                  "Actual Startup Time": 0.069,
                                  "Actual Total Time": 85.964,
                                  "Actual Rows": 361187,
                                  "Actual Loops": 7
                                }
                              ]
                            }
                          ]
                        }
                      ]
                    }
                  ]
                }
              ]
            }
          ]
        }
      ]
    },
    "Planning Time": 0.611,
    "Triggers": [],
    "Execution Time": 2860.899
  }
]