[
  {
    "Plan": {
      "Node Type": "Aggregate",
      "Strategy": "Plain",
      "Partial Mode": "Finalize",
      "Parallel Aware": false,
      "Startup Cost": 466428.78,
      "Total Cost": 466428.79,
      "Plan Rows": 1,
      "Plan Width": 8,
      "Actual Startup Time": 2618.116,
      "Actual Total Time": 2684.944,
      "Actual Rows": 1,
      "Actual Loops": 1,
      "Plans": [
        {
          "Node Type": "Gather",
          "Parent Relationship": "Outer",
          "Parallel Aware": false,
          "Startup Cost": 466428.15,
          "Total Cost": 466428.76,
          "Plan Rows": 6,
          "Plan Width": 8,
          "Actual Startup Time": 2596.329,
          "Actual Total Time": 2684.933,
          "Actual Rows": 7,
          "Actual Loops": 1,
          "Workers Planned": 6,
          "Workers Launched": 6,
          "Single Copy": false,
          "Plans": [
            {
              "Node Type": "Aggregate",
              "Strategy": "Plain",
              "Partial Mode": "Partial",
              "Parent Relationship": "Outer",
              "Parallel Aware": false,
              "Startup Cost": 465428.15,
              "Total Cost": 465428.16,
              "Plan Rows": 1,
              "Plan Width": 8,
              "Actual Startup Time": 2578.983,
              "Actual Total Time": 2578.988,
              "Actual Rows": 1,
              "Actual Loops": 7,
              "Plans": [
                {
                  "Node Type": "Hash Join",
                  "Parent Relationship": "Outer",
                  "Parallel Aware": true,
                  "Join Type": "Inner",
                  "Startup Cost": 98532.15,
                  "Total Cost": 461195.26,
                  "Plan Rows": 1693157,
                  "Plan Width": 0,
                  "Actual Startup Time": 753.074,
                  "Actual Total Time": 2379.305,
                  "Actual Rows": 4426751,
                  "Actual Loops": 7,
                  "Inner Unique": false,
                  "Hash Cond": "(ci.movie_id = t.id)",
                  "Plans": [
                    {
                      "Node Type": "Seq Scan",
                      "Parent Relationship": "Outer",
                      "Parallel Aware": true,
                      "Relation Name": "cast_info",
                      "Alias": "ci",
                      "Startup Cost": 0.0,
                      "Total Cost": 343257.03,
                      "Plan Rows": 3718478,
                      "Plan Width": 4,
                      "Actual Startup Time": 240.899,
                      "Actual Total Time": 766.681,
                      "Actual Rows": 3277293,
                      "Actual Loops": 7,
                      "Filter": "((person_id > 214430) AND (role_id > 1))",
                      "Rows Removed by Filter": 1900470
                    },
                    {
                      "Node Type": "Hash",
                      "Parent Relationship": "Inner",
                      "Parallel Aware": true,
                      "Startup Cost": 93890.12,
                      "Total Cost": 93890.12,
                      "Plan Rows": 371362,
                      "Plan Width": 8,
                      "Actual Startup Time": 507.096,
                      "Actual Total Time": 507.1,
                      "Actual Rows": 165694,
                      "Actual Loops": 7,
                      "Hash Buckets": 2097152,
                      "Original Hash Buckets": 2097152,
                      "Hash Batches": 1,
                      "Original Hash Batches": 1,
                      "Peak Memory Usage": 61856,
                      "Plans": [
                        {
                          "Node Type": "Hash Join",
                          "Parent Relationship": "Outer",
                          "Parallel Aware": true,
                          "Join Type": "Inner",
                          "Startup Cost": 50219.64,
                          "Total Cost": 93890.12,
                          "Plan Rows": 371362,
                          "Plan Width": 8,
                          "Actual Startup Time": 296.688,
                          "Actual Total Time": 432.997,
                          "Actual Rows": 165694,
                          "Actual Loops": 7,
                          "Inner Unique": true,
                          "Hash Cond": "(mk.movie_id = t.id)",
                          "Plans": [
                            {
                              "Node Type": "Seq Scan",
                              "Parent Relationship": "Outer",
                              "Parallel Aware": true,
                              "Relation Name": "movie_keyword",
                              "Alias": "mk",
                              "Startup Cost": 0.0,
                              "Total Cost": 42695.65,
                              "Plan Rows": 371362,
                              "Plan Width": 4,
                              "Actual Startup Time": 0.039,
                              "Actual Total Time": 77.687,
                              "Actual Rows": 165694,
                              "Actual Loops": 7,
                              "Filter": "(keyword_id < 1382)",
                              "Rows Removed by Filter": 480581
                            },
                            {
                              "Node Type": "Hash",
                              "Parent Relationship": "Inner",
                              "Parallel Aware": true,
                              "Startup Cost": 42318.73,
                              "Total Cost": 42318.73,
                              "Plan Rows": 632073,
                              "Plan Width": 4,
                              "Actual Startup Time": 291.282,
                              "Actual Total Time": 291.283,
                              "Actual Rows": 361187,
                              "Actual Loops": 7,
                              "Hash Buckets": 4194304,
                              "Original Hash Buckets": 4194304,
                              "Hash Batches": 1,
                              "Original Hash Batches": 1,
                              "Peak Memory Usage": 131776,
                              "Plans": [
                                {
                                  "Node Type": "Seq Scan",
                                  "Parent Relationship": "Outer",
                                  "Parallel Aware": true,
                                  "Relation Name": "title",
                                  "Alias": "t",
                                  "Startup Cost": 0.0,
                                  "Total Cost": 42318.73,
                                  "Plan Rows": 632073,
                                  "Plan Width": 4,
                                  "Actual Startup Time": 0.059,
                                  "Actual Total Time": 81.144,
                                  "Actual Rows": 361187,
                                  "Actual Loops": 7
                                }
                              ]
                            }
                          ]
                        }
                      ]
                    }
                  ]
                }
              ]
            }
          ]
        }
      ]
    },
    "Planning Time": 1.403,
    "Triggers": [],
    "Execution Time": 2685.046
  }
]