[
  {
    "Plan": {
      "Node Type": "Aggregate",
      "Strategy": "Plain",
      "Partial Mode": "Simple",
      "Parallel Aware": false,
      "Startup Cost": 1175.13,
      "Total Cost": 1175.14,
      "Plan Rows": 1,
      "Plan Width": 8,
      "Actual Startup Time": 0.147,
      "Actual Total Time": 0.15,
      "Actual Rows": 1,
      "Actual Loops": 1,
      "Plans": [
        {
          "Node Type": "Nested Loop",
          "Parent Relationship": "Outer",
          "Parallel Aware": false,
          "Join Type": "Inner",
          "Startup Cost": 1.29,
          "Total Cost": 1175.04,
          "Plan Rows": 34,
          "Plan Width": 0,
          "Actual Startup Time": 0.138,
          "Actual Total Time": 0.143,
          "Actual Rows": 1,
          "Actual Loops": 1,
          "Inner Unique": false,
          "Plans": [
            {
              "Node Type": "Nested Loop",
              "Parent Relationship": "Outer",
              "Parallel Aware": false,
              "Join Type": "Inner",
              "Startup Cost": 0.86,
              "Total Cost": 1135.31,
              "Plan Rows": 19,
              "Plan Width": 8,
              "Actual Startup Time": 0.054,
              "Actual Total Time": 0.095,
              "Actual Rows": 3,
              "Actual Loops": 1,
              "Inner Unique": true,
              "Plans": [
                {
                  "Node Type": "Index Scan",
                  "Parent Relationship": "Outer",
                  "Parallel Aware": false,
                  "Scan Direction": "Forward",
                  "Index Name": "company_id_movie_companies",
                  "Relation Name": "movie_companies",
                  "Alias": "mc",
                  "Startup Cost": 0.43,
                  "Total Cost": 273.15,
                  "Plan Rows": 102,
                  "Plan Width": 4,
                  "Actual Startup Time": 0.027,
                  "Actual Total Time": 0.036,
                  "Actual Rows": 3,
                  "Actual Loops": 1,
                  "Index Cond": "(company_id = 124835)",
                  "Rows Removed by Index Recheck": 0
                },
                {
                  "Node Type": "Index Scan",
                  "Parent Relationship": "Inner",
                  "Parallel Aware": false,
                  "Scan Direction": "Forward",
                  "Index Name": "title_pkey",
                  "Relation Name": "title",
                  "Alias": "t",
                  "Startup Cost": 0.43,
                  "Total Cost": 8.45,
                  "Plan Rows": 1,
                  "Plan Width": 4,
                  "Actual Startup Time": 0.016,
                  "Actual Total Time": 0.016,
                  "Actual Rows": 1,
                  "Actual Loops": 3,
                  "Index Cond": "(id = mc.movie_id)",
                  "Rows Removed by Index Recheck": 0,
                  "Filter": "((kind_id < 7) AND (production_year < 2003))",
                  "Rows Removed by Filter": 0
                }
              ]
            },
            {
              "Node Type": "Index Only Scan",
              "Parent Relationship": "Inner",
              "Parallel Aware": false,
              "Scan Direction": "Forward",
              "Index Name": "movie_id_movie_keyword",
              "Relation Name": "movie_keyword",
              "Alias": "mk",
              "Startup Cost": 0.43,
              "Total Cost": 1.63,
              "Plan Rows": 46,
              "Plan Width": 4,
              "Actual Startup Time": 0.014,
              "Actual Total Time": 0.014,
              "Actual Rows": 0,
              "Actual Loops": 3,
              "Index Cond": "(movie_id = t.id)",
              "Rows Removed by Index Recheck": 0,
              "Heap Fetches": 1
            }
          ]
        }
      ]
    },
    "Planning Time": 1.446,
    "Triggers": [],
    "Execution Time": 0.213
  }
]