[
    {
        "Bao": {
            "Bao prediction": 594.486,
            "Bao recommended hint": "(no hint)"
        }
    },
    {
        "Plan": {
            "Node Type": "Aggregate",
            "Strategy": "Plain",
            "Partial Mode": "Finalize",
            "Parallel Aware": false,
            "Startup Cost": 83682.4,
            "Total Cost": 83682.41,
            "Plan Rows": 1,
            "Plan Width": 8,
            "Actual Startup Time": 282.346,
            "Actual Total Time": 292.128,
            "Actual Rows": 1,
            "Actual Loops": 1,
            "Output": [
                "count(*)"
            ],
            "Plans": [
                {
                    "Node Type": "Gather",
                    "Parent Relationship": "Outer",
                    "Parallel Aware": false,
                    "Startup Cost": 83682.08,
                    "Total Cost": 83682.39,
                    "Plan Rows": 3,
                    "Plan Width": 8,
                    "Actual Startup Time": 280.624,
                    "Actual Total Time": 292.117,
                    "Actual Rows": 4,
                    "Actual Loops": 1,
                    "Output": [
                        "(PARTIAL count(*))"
                    ],
                    "Workers Planned": 3,
                    "Workers Launched": 3,
                    "Single Copy": false,
                    "Plans": [
                        {
                            "Node Type": "Aggregate",
                            "Strategy": "Plain",
                            "Partial Mode": "Partial",
                            "Parent Relationship": "Outer",
                            "Parallel Aware": false,
                            "Startup Cost": 82682.08,
                            "Total Cost": 82682.09,
                            "Plan Rows": 1,
                            "Plan Width": 8,
                            "Actual Startup Time": 272.091,
                            "Actual Total Time": 272.095,
                            "Actual Rows": 1,
                            "Actual Loops": 4,
                            "Output": [
                                "PARTIAL count(*)"
                            ],
                            "Workers": [
                                {
                                    "Worker Number": 0,
                                    "Actual Startup Time": 269.288,
                                    "Actual Total Time": 269.291,
                                    "Actual Rows": 1,
                                    "Actual Loops": 1
                                },
                                {
                                    "Worker Number": 1,
                                    "Actual Startup Time": 269.61,
                                    "Actual Total Time": 269.613,
                                    "Actual Rows": 1,
                                    "Actual Loops": 1
                                },
                                {
                                    "Worker Number": 2,
                                    "Actual Startup Time": 269.565,
                                    "Actual Total Time": 269.569,
                                    "Actual Rows": 1,
                                    "Actual Loops": 1
                                }
                            ],
                            "Plans": [
                                {
                                    "Node Type": "Hash Join",
                                    "Parent Relationship": "Outer",
                                    "Parallel Aware": true,
                                    "Join Type": "Inner",
                                    "Startup Cost": 55969.24,
                                    "Total Cost": 82643.1,
                                    "Plan Rows": 15595,
                                    "Plan Width": 0,
                                    "Actual Startup Time": 198.814,
                                    "Actual Total Time": 270.89,
                                    "Actual Rows": 13086,
                                    "Actual Loops": 4,
                                    "Inner Unique": true,
                                    "Hash Cond": "(mk.movie_id = t.id)",
                                    "Workers": [
                                        {
                                            "Worker Number": 0,
                                            "Actual Startup Time": 196.029,
                                            "Actual Total Time": 268.079,
                                            "Actual Rows": 12327,
                                            "Actual Loops": 1
                                        },
                                        {
                                            "Worker Number": 1,
                                            "Actual Startup Time": 196.224,
                                            "Actual Total Time": 268.399,
                                            "Actual Rows": 12653,
                                            "Actual Loops": 1
                                        },
                                        {
                                            "Worker Number": 2,
                                            "Actual Startup Time": 196.366,
                                            "Actual Total Time": 268.388,
                                            "Actual Rows": 12286,
                                            "Actual Loops": 1
                                        }
                                    ],
                                    "Plans": [
                                        {
                                            "Node Type": "Bitmap Heap Scan",
                                            "Parent Relationship": "Outer",
                                            "Parallel Aware": true,
                                            "Relation Name": "movie_keyword",
                                            "Schema": "public",
                                            "Alias": "mk",
                                            "Startup Cost": 9650.51,
                                            "Total Cost": 35939.1,
                                            "Plan Rows": 146767,
                                            "Plan Width": 4,
                                            "Actual Startup Time": 38.842,
                                            "Actual Total Time": 104.937,
                                            "Actual Rows": 113332,
                                            "Actual Loops": 4,
                                            "Output": [
                                                "mk.id",
                                                "mk.movie_id",
                                                "mk.keyword_id"
                                            ],
                                            "Recheck Cond": "(mk.keyword_id < 348)",
                                            "Rows Removed by Index Recheck": 0,
                                            "Exact Heap Blocks": 7426,
                                            "Lossy Heap Blocks": 0,
                                            "Workers": [
                                                {
                                                    "Worker Number": 0,
                                                    "Actual Startup Time": 38.878,
                                                    "Actual Total Time": 106.438,
                                                    "Actual Rows": 105298,
                                                    "Actual Loops": 1
                                                },
                                                {
                                                    "Worker Number": 1,
                                                    "Actual Startup Time": 38.906,
                                                    "Actual Total Time": 106.252,
                                                    "Actual Rows": 105279,
                                                    "Actual Loops": 1
                                                },
                                                {
                                                    "Worker Number": 2,
                                                    "Actual Startup Time": 38.879,
                                                    "Actual Total Time": 106.088,
                                                    "Actual Rows": 104255,
                                                    "Actual Loops": 1
                                                }
                                            ],
                                            "Plans": [
                                                {
                                                    "Node Type": "Bitmap Index Scan",
                                                    "Parent Relationship": "Outer",
                                                    "Parallel Aware": false,
                                                    "Index Name": "keyword_id_movie_keyword",
                                                    "Startup Cost": 0.0,
                                                    "Total Cost": 9536.77,
                                                    "Plan Rows": 454978,
                                                    "Plan Width": 0,
                                                    "Actual Startup Time": 33.006,
                                                    "Actual Total Time": 33.007,
                                                    "Actual Rows": 453330,
                                                    "Actual Loops": 1,
                                                    "Index Cond": "(mk.keyword_id < 348)"
                                                }
                                            ]
                                        },
                                        {
                                            "Node Type": "Hash",
                                            "Parent Relationship": "Inner",
                                            "Parallel Aware": true,
                                            "Startup Cost": 45479.21,
                                            "Total Cost": 45479.21,
                                            "Plan Rows": 67162,
                                            "Plan Width": 4,
                                            "Actual Startup Time": 133.276,
                                            "Actual Total Time": 133.277,
                                            "Actual Rows": 54070,
                                            "Actual Loops": 4,
                                            "Output": [
                                                "t.id"
                                            ],
                                            "Hash Buckets": 524288,
                                            "Original Hash Buckets": 524288,
                                            "Hash Batches": 1,
                                            "Original Hash Batches": 1,
                                            "Peak Memory Usage": 12608,
                                            "Workers": [
                                                {
                                                    "Worker Number": 0,
                                                    "Actual Startup Time": 133.337,
                                                    "Actual Total Time": 133.338,
                                                    "Actual Rows": 52908,
                                                    "Actual Loops": 1
                                                },
                                                {
                                                    "Worker Number": 1,
                                                    "Actual Startup Time": 133.537,
                                                    "Actual Total Time": 133.538,
                                                    "Actual Rows": 51769,
                                                    "Actual Loops": 1
                                                },
                                                {
                                                    "Worker Number": 2,
                                                    "Actual Startup Time": 133.605,
                                                    "Actual Total Time": 133.607,
                                                    "Actual Rows": 53068,
                                                    "Actual Loops": 1
                                                }
                                            ],
                                            "Plans": [
                                                {
                                                    "Node Type": "Seq Scan",
                                                    "Parent Relationship": "Outer",
                                                    "Parallel Aware": true,
                                                    "Relation Name": "title",
                                                    "Schema": "public",
                                                    "Alias": "t",
                                                    "Startup Cost": 0.0,
                                                    "Total Cost": 45479.21,
                                                    "Plan Rows": 67162,
                                                    "Plan Width": 4,
                                                    "Actual Startup Time": 50.634,
                                                    "Actual Total Time": 112.638,
                                                    "Actual Rows": 54070,
                                                    "Actual Loops": 4,
                                                    "Output": [
                                                        "t.id"
                                                    ],
                                                    "Filter": "((t.production_year > 2005) AND (t.kind_id = 1))",
                                                    "Rows Removed by Filter": 578008,
                                                    "Workers": [
                                                        {
                                                            "Worker Number": 0,
                                                            "Actual Startup Time": 64.765,
                                                            "Actual Total Time": 113.506,
                                                            "Actual Rows": 52908,
                                                            "Actual Loops": 1
                                                        },
                                                        {
                                                            "Worker Number": 1,
                                                            "Actual Startup Time": 64.935,
                                                            "Actual Total Time": 113.051,
                                                            "Actual Rows": 51769,
                                                            "Actual Loops": 1
                                                        },
                                                        {
                                                            "Worker Number": 2,
                                                            "Actual Startup Time": 65.02,
                                                            "Actual Total Time": 113.739,
                                                            "Actual Rows": 53068,
                                                            "Actual Loops": 1
                                                        }
                                                    ]
                                                }
                                            ]
                                        }
                                    ]
                                }
                            ]
                        }
                    ]
                }
            ]
        },
        "Planning Time": 3460.451,
        "Triggers": [],
        "Execution Time": 292.286
    }
]