[
  {
    "Plan": {
      "Node Type": "Aggregate",
      "Strategy": "Plain",
      "Partial Mode": "Finalize",
      "Parallel Aware": false,
      "Startup Cost": 31583.64,
      "Total Cost": 31583.65,
      "Plan Rows": 1,
      "Plan Width": 8,
      "Actual Startup Time": 115.001,
      "Actual Total Time": 122.591,
      "Actual Rows": 1,
      "Actual Loops": 1,
      "Plans": [
        {
          "Node Type": "Gather",
          "Parent Relationship": "Outer",
          "Parallel Aware": false,
          "Startup Cost": 31583.32,
          "Total Cost": 31583.63,
          "Plan Rows": 3,
          "Plan Width": 8,
          "Actual Startup Time": 114.897,
          "Actual Total Time": 122.582,
          "Actual Rows": 4,
          "Actual Loops": 1,
          "Workers Planned": 3,
          "Workers Launched": 3,
          "Single Copy": false,
          "Plans": [
            {
              "Node Type": "Aggregate",
              "Strategy": "Plain",
              "Partial Mode": "Partial",
              "Parent Relationship": "Outer",
              "Parallel Aware": false,
              "Startup Cost": 30583.32,
              "Total Cost": 30583.33,
              "Plan Rows": 1,
              "Plan Width": 8,
              "Actual Startup Time": 109.561,
              "Actual Total Time": 109.562,
              "Actual Rows": 1,
              "Actual Loops": 4,
              "Plans": [
                {
                  "Node Type": "Seq Scan",
                  "Parent Relationship": "Outer",
                  "Parallel Aware": true,
                  "Relation Name": "movie_companies",
                  "Alias": "mc",
                  "Startup Cost": 0.0,
                  "Total Cost": 29310.68,
                  "Plan Rows": 509057,
                  "Plan Width": 0,
                  "Actual Startup Time": 0.039,
                  "Actual Total Time": 86.723,
                  "Actual Rows": 391939,
                  "Actual Loops": 4,
                  "Filter": "(company_id < 15194)",
                  "Rows Removed by Filter": 260344
                }
              ]
            }
          ]
        }
      ]
    },
    "Planning Time": 0.225,
    "Triggers": [],
    "Execution Time": 122.654
  }
]