[
  {
    "Plan": {
      "Node Type": "Aggregate",
      "Strategy": "Plain",
      "Partial Mode": "Finalize",
      "Parallel Aware": false,
      "Startup Cost": 45706.03,
      "Total Cost": 45706.04,
      "Plan Rows": 1,
      "Plan Width": 8,
      "Actual Startup Time": 138.36,
      "Actual Total Time": 147.971,
      "Actual Rows": 1,
      "Actual Loops": 1,
      "Plans": [
        {
          "Node Type": "Gather",
          "Parent Relationship": "Outer",
          "Parallel Aware": false,
          "Startup Cost": 45705.71,
          "Total Cost": 45706.02,
          "Plan Rows": 3,
          "Plan Width": 8,
          "Actual Startup Time": 138.24,
          "Actual Total Time": 147.964,
          "Actual Rows": 4,
          "Actual Loops": 1,
          "Workers Planned": 3,
          "Workers Launched": 3,
          "Single Copy": false,
          "Plans": [
            {
              "Node Type": "Aggregate",
              "Strategy": "Plain",
              "Partial Mode": "Partial",
              "Parent Relationship": "Outer",
              "Parallel Aware": false,
              "Startup Cost": 44705.71,
              "Total Cost": 44705.72,
              "Plan Rows": 1,
              "Plan Width": 8,
              "Actual Startup Time": 134.214,
              "Actual Total Time": 134.215,
              "Actual Rows": 1,
              "Actual Loops": 4,
              "Plans": [
                {
                  "Node Type": "Seq Scan",
                  "Parent Relationship": "Outer",
                  "Parallel Aware": true,
                  "Relation Name": "movie_keyword",
                  "Alias": "mk",
                  "Startup Cost": 0.0,
                  "Total Cost": 42695.65,
                  "Plan Rows": 804024,
                  "Plan Width": 0,
                  "Actual Startup Time": 0.033,
                  "Actual Total Time": 107.494,
                  "Actual Rows": 623875,
                  "Actual Loops": 4,
                  "Filter": "(keyword_id < 6087)",
                  "Rows Removed by Filter": 507108
                }
              ]
            }
          ]
        }
      ]
    },
    "Planning Time": 0.093,
    "Triggers": [],
    "Execution Time": 148.003
  }
]