[
  {
    "Plan": {
      "Node Type": "Aggregate",
      "Strategy": "Plain",
      "Partial Mode": "Finalize",
      "Parallel Aware": false,
      "Startup Cost": 141314.17,
      "Total Cost": 141314.18,
      "Plan Rows": 1,
      "Plan Width": 8,
      "Actual Startup Time": 1715.315,
      "Actual Total Time": 1749.392,
      "Actual Rows": 1,
      "Actual Loops": 1,
      "Plans": [
        {
          "Node Type": "Gather",
          "Parent Relationship": "Outer",
          "Parallel Aware": false,
          "Startup Cost": 141313.85,
          "Total Cost": 141314.16,
          "Plan Rows": 3,
          "Plan Width": 8,
          "Actual Startup Time": 1699.913,
          "Actual Total Time": 1749.379,
          "Actual Rows": 4,
          "Actual Loops": 1,
          "Workers Planned": 3,
          "Workers Launched": 3,
          "Single Copy": false,
          "Plans": [
            {
              "Node Type": "Aggregate",
              "Strategy": "Plain",
              "Partial Mode": "Partial",
              "Parent Relationship": "Outer",
              "Parallel Aware": false,
              "Startup Cost": 140313.85,
              "Total Cost": 140313.86,
              "Plan Rows": 1,
              "Plan Width": 8,
              "Actual Startup Time": 1677.695,
              "Actual Total Time": 1677.704,
              "Actual Rows": 1,
              "Actual Loops": 4,
              "Plans": [
                {
                  "Node Type": "Hash Join",
                  "Parent Relationship": "Outer",
                  "Parallel Aware": true,
                  "Join Type": "Inner",
                  "Startup Cost": 89378.42,
                  "Total Cost": 138231.72,
                  "Plan Rows": 832852,
                  "Plan Width": 0,
                  "Actual Startup Time": 895.629,
                  "Actual Total Time": 1458.262,
                  "Actual Rows": 4896967,
                  "Actual Loops": 4,
                  "Inner Unique": false,
                  "Hash Cond": "(mk.movie_id = t.id)",
                  "Plans": [
                    {
                      "Node Type": "Seq Scan",
                      "Parent Relationship": "Outer",
                      "Parallel Aware": true,
                      "Relation Name": "movie_keyword",
                      "Alias": "mk",
                      "Startup Cost": 0.0,
                      "Total Cost": 42695.65,
                      "Plan Rows": 925606,
                      "Plan Width": 4,
                      "Actual Startup Time": 0.185,
                      "Actual Total Time": 113.395,
                      "Actual Rows": 717222,
                      "Actual Loops": 4,
                      "Filter": "(keyword_id > 2523)",
                      "Rows Removed by Filter": 413760
                    },
                    {
                      "Node Type": "Hash",
                      "Parent Relationship": "Inner",
                      "Parallel Aware": true,
                      "Startup Cost": 80204.84,
                      "Total Cost": 80204.84,
                      "Plan Rows": 733887,
                      "Plan Width": 8,
                      "Actual Startup Time": 882.444,
                      "Actual Total Time": 882.451,
                      "Actual Rows": 518190,
                      "Actual Loops": 4,
                      "Hash Buckets": 4194304,
                      "Original Hash Buckets": 4194304,
                      "Hash Batches": 1,
                      "Original Hash Batches": 1,
                      "Peak Memory Usage": 113920,
                      "Plans": [
                        {
                          "Node Type": "Hash Join",
                          "Parent Relationship": "Outer",
                          "Parallel Aware": true,
                          "Join Type": "Inner",
                          "Startup Cost": 50788.95,
                          "Total Cost": 80204.84,
                          "Plan Rows": 733887,
                          "Plan Width": 8,
                          "Actual Startup Time": 375.361,
                          "Actual Total Time": 683.303,
                          "Actual Rows": 518190,
                          "Actual Loops": 4,
                          "Inner Unique": true,
                          "Hash Cond": "(mc.movie_id = t.id)",
                          "Plans": [
                            {
                              "Node Type": "Seq Scan",
                              "Parent Relationship": "Outer",
                              "Parallel Aware": true,
                              "Relation Name": "movie_companies",
                              "Alias": "mc",
                              "Startup Cost": 0.0,
                              "Total Cost": 27206.55,
                              "Plan Rows": 841655,
                              "Plan Width": 4,
                              "Actual Startup Time": 0.008,
                              "Actual Total Time": 65.381,
                              "Actual Rows": 652282,
                              "Actual Loops": 4
                            },
                            {
                              "Node Type": "Hash",
                              "Parent Relationship": "Inner",
                              "Parallel Aware": true,
                              "Startup Cost": 43899.32,
                              "Total Cost": 43899.32,
                              "Plan Rows": 551170,
                              "Plan Width": 4,
                              "Actual Startup Time": 365.762,
                              "Actual Total Time": 365.764,
                              "Actual Rows": 548156,
                              "Actual Loops": 4,
                              "Hash Buckets": 4194304,
                              "Original Hash Buckets": 4194304,
                              "Hash Batches": 1,
                              "Original Hash Batches": 1,
                              "Peak Memory Usage": 118592,
                              "Plans": [
                                {
                                  "Node Type": "Seq Scan",
                                  "Parent Relationship": "Outer",
                                  "Parallel Aware": true,
                                  "Relation Name": "title",
                                  "Alias": "t",
                                  "Startup Cost": 0.0,
                                  "Total Cost": 43899.32,
                                  "Plan Rows": 551170,
                                  "Plan Width": 4,
                                  "Actual Startup Time": 0.062,
                                  "Actual Total Time": 122.642,
                                  "Actual Rows": 548156,
                                  "Actual Loops": 4,
                                  "Filter": "(production_year > 1961)",
                                  "Rows Removed by Filter": 83922
                                }
                              ]
                            }
                          ]
                        }
                      ]
                    }
                  ]
                }
              ]
            }
          ]
        }
      ]
    },
    "Planning Time": 1.41,
    "Triggers": [],
    "Execution Time": 1749.484
  }
]