{
  "Plan": {
    "Node Type": "Aggregate",
    "Strategy": "Plain",
    "Partial Mode": "Finalize",
    "Parallel Aware": false,
    "Startup Cost": 121900.81,
    "Total Cost": 121900.82,
    "Plan Rows": 1,
    "Plan Width": 8,
    "Actual Startup Time": 437.003,
    "Actual Total Time": 453.994,
    "Actual Rows": 1,
    "Actual Loops": 1,
    "Plans": [
      {
        "Node Type": "Gather",
        "Parent Relationship": "Outer",
        "Parallel Aware": false,
        "Startup Cost": 121900.7,
        "Total Cost": 121900.81,
        "Plan Rows": 1,
        "Plan Width": 8,
        "Actual Startup Time": 436.768,
        "Actual Total Time": 453.974,
        "Actual Rows": 2,
        "Actual Loops": 1,
        "Workers Planned": 1,
        "Workers Launched": 1,
        "Single Copy": false,
        "Plans": [
          {
            "Node Type": "Aggregate",
            "Strategy": "Plain",
            "Partial Mode": "Partial",
            "Parent Relationship": "Outer",
            "Parallel Aware": false,
            "Startup Cost": 120900.7,
            "Total Cost": 120900.71,
            "Plan Rows": 1,
            "Plan Width": 8,
            "Actual Startup Time": 431.159,
            "Actual Total Time": 431.162,
            "Actual Rows": 1,
            "Actual Loops": 2,
            "Plans": [
              {
                "Node Type": "Hash Join",
                "Parent Relationship": "Outer",
                "Parallel Aware": true,
                "Join Type": "Inner",
                "Startup Cost": 58631.88,
                "Total Cost": 120826.08,
                "Plan Rows": 29847,
                "Plan Width": 0,
                "Actual Startup Time": 149.333,
                "Actual Total Time": 430.423,
                "Actual Rows": 16346,
                "Actual Loops": 2,
                "Inner Unique": true,
                "Hash Cond": "(mk.movie_id = t.id)",
                "Plans": [
                  {
                    "Node Type": "Seq Scan",
                    "Parent Relationship": "Outer",
                    "Parallel Aware": true,
                    "Relation Name": "movie_keyword",
                    "Alias": "mk",
                    "Startup Cost": 0.0,
                    "Total Cost": 57718.19,
                    "Plan Rows": 1705143,
                    "Plan Width": 4,
                    "Actual Startup Time": 0.015,
                    "Actual Total Time": 185.889,
                    "Actual Rows": 1447554,
                    "Actual Loops": 2,
                    "Filter": "(keyword_id < 9136)",
                    "Rows Removed by Filter": 814411
                  },
                  {
                    "Node Type": "Hash",
                    "Parent Relationship": "Inner",
                    "Parallel Aware": true,
                    "Startup Cost": 58306.47,
                    "Total Cost": 58306.47,
                    "Plan Rows": 26033,
                    "Plan Width": 4,
                    "Actual Startup Time": 147.631,
                    "Actual Total Time": 147.632,
                    "Actual Rows": 25284,
                    "Actual Loops": 2,
                    "Hash Buckets": 65536,
                    "Original Hash Buckets": 65536,
                    "Hash Batches": 1,
                    "Original Hash Batches": 1,
                    "Peak Memory Usage": 2528,
                    "Plans": [
                      {
                        "Node Type": "Seq Scan",
                        "Parent Relationship": "Outer",
                        "Parallel Aware": true,
                        "Relation Name": "title",
                        "Alias": "t",
                        "Startup Cost": 0.0,
                        "Total Cost": 58306.47,
                        "Plan Rows": 26033,
                        "Plan Width": 4,
                        "Actual Startup Time": 0.039,
                        "Actual Total Time": 140.101,
                        "Actual Rows": 25284,
                        "Actual Loops": 2,
                        "Filter": "((kind_id > 3) AND (production_year = 2003))",
                        "Rows Removed by Filter": 1238872
                      }
                    ]
                  }
                ]
              }
            ]
          }
        ]
      }
    ]
  },
  "Planning Time": 0.468,
  "Triggers": [],
  "Execution Time": 454.065
}