{
  "Plan": {
    "Node Type": "Aggregate",
    "Strategy": "Plain",
    "Partial Mode": "Finalize",
    "Parallel Aware": false,
    "Startup Cost": 193095.22,
    "Total Cost": 193095.23,
    "Plan Rows": 1,
    "Plan Width": 8,
    "Actual Startup Time": 2565.109,
    "Actual Total Time": 2589.77,
    "Actual Rows": 1,
    "Actual Loops": 1,
    "Plans": [
      {
        "Node Type": "Gather",
        "Parent Relationship": "Outer",
        "Parallel Aware": false,
        "Startup Cost": 193095.11,
        "Total Cost": 193095.22,
        "Plan Rows": 1,
        "Plan Width": 8,
        "Actual Startup Time": 2560.145,
        "Actual Total Time": 2589.759,
        "Actual Rows": 2,
        "Actual Loops": 1,
        "Workers Planned": 1,
        "Workers Launched": 1,
        "Single Copy": false,
        "Plans": [
          {
            "Node Type": "Aggregate",
            "Strategy": "Plain",
            "Partial Mode": "Partial",
            "Parent Relationship": "Outer",
            "Parallel Aware": false,
            "Startup Cost": 192095.11,
            "Total Cost": 192095.12,
            "Plan Rows": 1,
            "Plan Width": 8,
            "Actual Startup Time": 2552.957,
            "Actual Total Time": 2554.005,
            "Actual Rows": 1,
            "Actual Loops": 2,
            "Plans": [
              {
                "Node Type": "Hash Join",
                "Parent Relationship": "Outer",
                "Parallel Aware": true,
                "Join Type": "Inner",
                "Startup Cost": 117687.52,
                "Total Cost": 189686.84,
                "Plan Rows": 963308,
                "Plan Width": 0,
                "Actual Startup Time": 1005.383,
                "Actual Total Time": 2145.119,
                "Actual Rows": 9118859,
                "Actual Loops": 2,
                "Inner Unique": false,
                "Hash Cond": "(mk.movie_id = t.id)",
                "Plans": [
                  {
                    "Node Type": "Seq Scan",
                    "Parent Relationship": "Outer",
                    "Parallel Aware": true,
                    "Relation Name": "movie_keyword",
                    "Alias": "mk",
                    "Startup Cost": 0.0,
                    "Total Cost": 57718.19,
                    "Plan Rows": 2297228,
                    "Plan Width": 4,
                    "Actual Startup Time": 0.033,
                    "Actual Total Time": 233.46,
                    "Actual Rows": 1957494,
                    "Actual Loops": 2,
                    "Filter": "(keyword_id < 30315)",
                    "Rows Removed by Filter": 304471
                  },
                  {
                    "Node Type": "Hash",
                    "Parent Relationship": "Inner",
                    "Parallel Aware": true,
                    "Startup Cost": 109891.92,
                    "Total Cost": 109891.92,
                    "Plan Rows": 623648,
                    "Plan Width": 8,
                    "Actual Startup Time": 990.643,
                    "Actual Total Time": 991.69,
                    "Actual Rows": 459130,
                    "Actual Loops": 2,
                    "Hash Buckets": 2097152,
                    "Original Hash Buckets": 2097152,
                    "Hash Batches": 1,
                    "Original Hash Batches": 1,
                    "Peak Memory Usage": 52352,
                    "Plans": [
                      {
                        "Node Type": "Hash Join",
                        "Parent Relationship": "Outer",
                        "Parallel Aware": true,
                        "Join Type": "Inner",
                        "Startup Cost": 69933.9,
                        "Total Cost": 109891.92,
                        "Plan Rows": 623648,
                        "Plan Width": 8,
                        "Actual Startup Time": 503.03,
                        "Actual Total Time": 859.977,
                        "Actual Rows": 459130,
                        "Actual Loops": 2,
                        "Inner Unique": true,
                        "Hash Cond": "(mc.movie_id = t.id)",
                        "Plans": [
                          {
                            "Node Type": "Seq Scan",
                            "Parent Relationship": "Outer",
                            "Parallel Aware": true,
                            "Relation Name": "movie_companies",
                            "Alias": "mc",
                            "Startup Cost": 0.0,
                            "Total Cost": 37974.77,
                            "Plan Rows": 755522,
                            "Plan Width": 4,
                            "Actual Startup Time": 0.021,
                            "Actual Total Time": 141.909,
                            "Actual Rows": 637123,
                            "Actual Loops": 2,
                            "Filter": "(company_type_id = 1)",
                            "Rows Removed by Filter": 667442
                          },
                          {
                            "Node Type": "Hash",
                            "Parent Relationship": "Inner",
                            "Parallel Aware": true,
                            "Startup Cost": 54588.39,
                            "Total Cost": 54588.39,
                            "Plan Rows": 1227641,
                            "Plan Width": 4,
                            "Actual Startup Time": 495.99,
                            "Actual Total Time": 495.991,
                            "Actual Rows": 1037394,
                            "Actual Loops": 2,
                            "Hash Buckets": 2097152,
                            "Original Hash Buckets": 2097152,
                            "Hash Batches": 1,
                            "Original Hash Batches": 1,
                            "Peak Memory Usage": 97568,
                            "Plans": [
                              {
                                "Node Type": "Seq Scan",
                                "Parent Relationship": "Outer",
                                "Parallel Aware": true,
                                "Relation Name": "title",
                                "Alias": "t",
                                "Startup Cost": 0.0,
                                "Total Cost": 54588.39,
                                "Plan Rows": 1227641,
                                "Plan Width": 4,
                                "Actual Startup Time": 0.052,
                                "Actual Total Time": 210.099,
                                "Actual Rows": 1037394,
                                "Actual Loops": 2,
                                "Filter": "(production_year > 1970)",
                                "Rows Removed by Filter": 226762
                              }
                            ]
                          }
                        ]
                      }
                    ]
                  }
                ]
              }
            ]
          }
        ]
      }
    ]
  },
  "Planning Time": 0.754,
  "Triggers": [],
  "Execution Time": 2589.844
}