[
    {
        "Bao": {
            "Bao prediction": 618.428,
            "Bao recommended hint": "SET enable_mergejoin TO off; "
        }
    },
    {
        "Plan": {
            "Node Type": "Aggregate",
            "Strategy": "Plain",
            "Partial Mode": "Simple",
            "Parallel Aware": false,
            "Startup Cost": 39882.1,
            "Total Cost": 39882.11,
            "Plan Rows": 1,
            "Plan Width": 8,
            "Actual Startup Time": 61.583,
            "Actual Total Time": 61.585,
            "Actual Rows": 1,
            "Actual Loops": 1,
            "Output": [
                "count(*)"
            ],
            "Plans": [
                {
                    "Node Type": "Bitmap Heap Scan",
                    "Parent Relationship": "Outer",
                    "Parallel Aware": false,
                    "Relation Name": "title",
                    "Schema": "public",
                    "Alias": "t",
                    "Startup Cost": 2107.07,
                    "Total Cost": 39877.43,
                    "Plan Rows": 1867,
                    "Plan Width": 0,
                    "Actual Startup Time": 20.828,
                    "Actual Total Time": 61.367,
                    "Actual Rows": 2400,
                    "Actual Loops": 1,
                    "Recheck Cond": "(t.kind_id = 4)",
                    "Rows Removed by Index Recheck": 0,
                    "Filter": "(t.production_year = 1995)",
                    "Rows Removed by Filter": 115834,
                    "Exact Heap Blocks": 12711,
                    "Lossy Heap Blocks": 0,
                    "Plans": [
                        {
                            "Node Type": "Bitmap Index Scan",
                            "Parent Relationship": "Outer",
                            "Parallel Aware": false,
                            "Index Name": "kind_id_title",
                            "Startup Cost": 0.0,
                            "Total Cost": 2106.61,
                            "Plan Rows": 118157,
                            "Plan Width": 0,
                            "Actual Startup Time": 15.96,
                            "Actual Total Time": 15.961,
                            "Actual Rows": 118234,
                            "Actual Loops": 1,
                            "Index Cond": "(t.kind_id = 4)"
                        }
                    ]
                }
            ]
        },
        "Planning Time": 565.15,
        "Triggers": [],
        "Execution Time": 61.667
    }
]