[
  {
    "Plan": {
      "Node Type": "Aggregate",
      "Strategy": "Plain",
      "Partial Mode": "Finalize",
      "Parallel Aware": false,
      "Startup Cost": 33034.27,
      "Total Cost": 33034.28,
      "Plan Rows": 1,
      "Plan Width": 8,
      "Actual Startup Time": 47.341,
      "Actual Total Time": 54.527,
      "Actual Rows": 1,
      "Actual Loops": 1,
      "Plans": [
        {
          "Node Type": "Gather",
          "Parent Relationship": "Outer",
          "Parallel Aware": false,
          "Startup Cost": 33034.05,
          "Total Cost": 33034.26,
          "Plan Rows": 2,
          "Plan Width": 8,
          "Actual Startup Time": 47.207,
          "Actual Total Time": 54.519,
          "Actual Rows": 3,
          "Actual Loops": 1,
          "Workers Planned": 2,
          "Workers Launched": 2,
          "Single Copy": false,
          "Plans": [
            {
              "Node Type": "Aggregate",
              "Strategy": "Plain",
              "Partial Mode": "Partial",
              "Parent Relationship": "Outer",
              "Parallel Aware": false,
              "Startup Cost": 32034.05,
              "Total Cost": 32034.06,
              "Plan Rows": 1,
              "Plan Width": 8,
              "Actual Startup Time": 39.134,
              "Actual Total Time": 39.136,
              "Actual Rows": 1,
              "Actual Loops": 3,
              "Plans": [
                {
                  "Node Type": "Nested Loop",
                  "Parent Relationship": "Outer",
                  "Parallel Aware": false,
                  "Join Type": "Inner",
                  "Startup Cost": 131.61,
                  "Total Cost": 32030.23,
                  "Plan Rows": 1528,
                  "Plan Width": 0,
                  "Actual Startup Time": 26.168,
                  "Actual Total Time": 39.116,
                  "Actual Rows": 50,
                  "Actual Loops": 3,
                  "Inner Unique": true,
                  "Plans": [
                    {
                      "Node Type": "Bitmap Heap Scan",
                      "Parent Relationship": "Outer",
                      "Parallel Aware": true,
                      "Relation Name": "movie_keyword",
                      "Alias": "mk",
                      "Startup Cost": 131.18,
                      "Total Cost": 14093.28,
                      "Plan Rows": 2513,
                      "Plan Width": 4,
                      "Actual Startup Time": 2.632,
                      "Actual Total Time": 13.271,
                      "Actual Rows": 2564,
                      "Actual Loops": 3,
                      "Recheck Cond": "(keyword_id = 186)",
                      "Rows Removed by Index Recheck": 0,
                      "Exact Heap Blocks": 3912,
                      "Lossy Heap Blocks": 0,
                      "Plans": [
                        {
                          "Node Type": "Bitmap Index Scan",
                          "Parent Relationship": "Outer",
                          "Parallel Aware": false,
                          "Index Name": "keyword_id_movie_keyword",
                          "Startup Cost": 0.0,
                          "Total Cost": 129.67,
                          "Plan Rows": 6032,
                          "Plan Width": 0,
                          "Actual Startup Time": 4.697,
                          "Actual Total Time": 4.697,
                          "Actual Rows": 7692,
                          "Actual Loops": 1,
                          "Index Cond": "(keyword_id = 186)"
                        }
                      ]
                    },
                    {
                      "Node Type": "Index Scan",
                      "Parent Relationship": "Inner",
                      "Parallel Aware": false,
                      "Scan Direction": "Forward",
                      "Index Name": "title_pkey",
                      "Relation Name": "title",
                      "Alias": "t",
                      "Startup Cost": 0.43,
                      "Total Cost": 7.14,
                      "Plan Rows": 1,
                      "Plan Width": 4,
                      "Actual Startup Time": 0.009,
                      "Actual Total Time": 0.009,
                      "Actual Rows": 0,
                      "Actual Loops": 7692,
                      "Index Cond": "(id = mk.movie_id)",
                      "Rows Removed by Index Recheck": 0,
                      "Filter": "(kind_id = 7)",
                      "Rows Removed by Filter": 1
                    }
                  ]
                }
              ]
            }
          ]
        }
      ]
    },
    "Planning Time": 0.621,
    "Triggers": [],
    "Execution Time": 54.621
  }
]