[
  {
    "Plan": {
      "Node Type": "Aggregate",
      "Strategy": "Plain",
      "Partial Mode": "Finalize",
      "Parallel Aware": false,
      "Startup Cost": 112854.59,
      "Total Cost": 112854.6,
      "Plan Rows": 1,
      "Plan Width": 8,
      "Actual Startup Time": 506.269,
      "Actual Total Time": 527.425,
      "Actual Rows": 1,
      "Actual Loops": 1,
      "Plans": [
        {
          "Node Type": "Gather",
          "Parent Relationship": "Outer",
          "Parallel Aware": false,
          "Startup Cost": 112854.27,
          "Total Cost": 112854.58,
          "Plan Rows": 3,
          "Plan Width": 8,
          "Actual Startup Time": 500.864,
          "Actual Total Time": 527.417,
          "Actual Rows": 4,
          "Actual Loops": 1,
          "Workers Planned": 3,
          "Workers Launched": 3,
          "Single Copy": false,
          "Plans": [
            {
              "Node Type": "Aggregate",
              "Strategy": "Plain",
              "Partial Mode": "Partial",
              "Parent Relationship": "Outer",
              "Parallel Aware": false,
              "Startup Cost": 111854.27,
              "Total Cost": 111854.28,
              "Plan Rows": 1,
              "Plan Width": 8,
              "Actual Startup Time": 493.195,
              "Actual Total Time": 493.203,
              "Actual Rows": 1,
              "Actual Loops": 4,
              "Plans": [
                {
                  "Node Type": "Hash Join",
                  "Parent Relationship": "Outer",
                  "Parallel Aware": true,
                  "Join Type": "Inner",
                  "Startup Cost": 64136.46,
                  "Total Cost": 111691.46,
                  "Plan Rows": 65125,
                  "Plan Width": 0,
                  "Actual Startup Time": 268.694,
                  "Actual Total Time": 488.426,
                  "Actual Rows": 86832,
                  "Actual Loops": 4,
                  "Inner Unique": false,
                  "Hash Cond": "(mk.movie_id = t.id)",
                  "Plans": [
                    {
                      "Node Type": "Seq Scan",
                      "Parent Relationship": "Outer",
                      "Parallel Aware": true,
                      "Relation Name": "movie_keyword",
                      "Alias": "mk",
                      "Startup Cost": 0.0,
                      "Total Cost": 42695.65,
                      "Plan Rows": 1223462,
                      "Plan Width": 4,
                      "Actual Startup Time": 0.059,
                      "Actual Total Time": 134.219,
                      "Actual Rows": 948526,
                      "Actual Loops": 4,
                      "Filter": "(keyword_id > 648)",
                      "Rows Removed by Filter": 182457
                    },
                    {
                      "Node Type": "Hash",
                      "Parent Relationship": "Inner",
                      "Parallel Aware": true,
                      "Startup Cost": 63435.48,
                      "Total Cost": 63435.48,
                      "Plan Rows": 56079,
                      "Plan Width": 8,
                      "Actual Startup Time": 267.227,
                      "Actual Total Time": 267.233,
                      "Actual Rows": 26982,
                      "Actual Loops": 4,
                      "Hash Buckets": 262144,
                      "Original Hash Buckets": 262144,
                      "Hash Batches": 1,
                      "Original Hash Batches": 1,
                      "Peak Memory Usage": 6368,
                      "Plans": [
                        {
                          "Node Type": "Hash Join",
                          "Parent Relationship": "Outer",
                          "Parallel Aware": true,
                          "Join Type": "Inner",
                          "Startup Cost": 47814.69,
                          "Total Cost": 63435.48,
                          "Plan Rows": 56079,
                          "Plan Width": 8,
                          "Actual Startup Time": 178.815,
                          "Actual Total Time": 258.029,
                          "Actual Rows": 26982,
                          "Actual Loops": 4,
                          "Inner Unique": true,
                          "Hash Cond": "(mi_idx.movie_id = t.id)",
                          "Plans": [
                            {
                              "Node Type": "Seq Scan",
                              "Parent Relationship": "Outer",
                              "Parallel Aware": true,
                              "Relation Name": "movie_info_idx",
                              "Alias": "mi_idx",
                              "Startup Cost": 0.0,
                              "Total Cost": 15122.68,
                              "Plan Rows": 189755,
                              "Plan Width": 4,
                              "Actual Startup Time": 0.01,
                              "Actual Total Time": 39.077,
                              "Actual Rows": 114981,
                              "Actual Loops": 4,
                              "Filter": "(info_type_id < 100)",
                              "Rows Removed by Filter": 230028
                            },
                            {
                              "Node Type": "Hash",
                              "Parent Relationship": "Inner",
                              "Parallel Aware": true,
                              "Startup Cost": 45479.59,
                              "Total Cost": 45479.59,
                              "Plan Rows": 186808,
                              "Plan Width": 4,
                              "Actual Startup Time": 176.348,
                              "Actual Total Time": 176.351,
                              "Actual Rows": 161889,
                              "Actual Loops": 4,
                              "Hash Buckets": 1048576,
                              "Original Hash Buckets": 1048576,
                              "Hash Batches": 1,
                              "Original Hash Batches": 1,
                              "Peak Memory Usage": 33600,
                              "Plans": [
                                {
                                  "Node Type": "Seq Scan",
                                  "Parent Relationship": "Outer",
                                  "Parallel Aware": true,
                                  "Relation Name": "title",
                                  "Alias": "t",
                                  "Startup Cost": 0.0,
                                  "Total Cost": 45479.59,
                                  "Plan Rows": 186808,
                                  "Plan Width": 4,
                                  "Actual Startup Time": 0.029,
                                  "Actual Total Time": 111.63,
                                  "Actual Rows": 161889,
                                  "Actual Loops": 4,
                                  "Filter": "((kind_id > 1) AND (production_year < 2000))",
                                  "Rows Removed by Filter": 470189
                                }
                              ]
                            }
                          ]
                        }
                      ]
                    }
                  ]
                }
              ]
            }
          ]
        }
      ]
    },
    "Planning Time": 0.53,
    "Triggers": [],
    "Execution Time": 527.469
  }
]