[
  {
    "Plan": {
      "Node Type": "Aggregate",
      "Strategy": "Plain",
      "Partial Mode": "Finalize",
      "Parallel Aware": false,
      "Startup Cost": 311117.36,
      "Total Cost": 311117.37,
      "Plan Rows": 1,
      "Plan Width": 8,
      "Actual Startup Time": 192.631,
      "Actual Total Time": 204.217,
      "Actual Rows": 1,
      "Actual Loops": 1,
      "Plans": [
        {
          "Node Type": "Gather",
          "Parent Relationship": "Outer",
          "Parallel Aware": false,
          "Startup Cost": 311116.74,
          "Total Cost": 311117.35,
          "Plan Rows": 6,
          "Plan Width": 8,
          "Actual Startup Time": 191.908,
          "Actual Total Time": 204.207,
          "Actual Rows": 7,
          "Actual Loops": 1,
          "Workers Planned": 6,
          "Workers Launched": 6,
          "Single Copy": false,
          "Plans": [
            {
              "Node Type": "Aggregate",
              "Strategy": "Plain",
              "Partial Mode": "Partial",
              "Parent Relationship": "Outer",
              "Parallel Aware": false,
              "Startup Cost": 310116.74,
              "Total Cost": 310116.75,
              "Plan Rows": 1,
              "Plan Width": 8,
              "Actual Startup Time": 184.069,
              "Actual Total Time": 184.071,
              "Actual Rows": 1,
              "Actual Loops": 7,
              "Plans": [
                {
                  "Node Type": "Bitmap Heap Scan",
                  "Parent Relationship": "Outer",
                  "Parallel Aware": true,
                  "Relation Name": "cast_info",
                  "Alias": "ci",
                  "Startup Cost": 51003.77,
                  "Total Cost": 309488.95,
                  "Plan Rows": 251113,
                  "Plan Width": 0,
                  "Actual Startup Time": 141.484,
                  "Actual Total Time": 179.129,
                  "Actual Rows": 96989,
                  "Actual Loops": 7,
                  "Recheck Cond": "(person_id < 232326)",
                  "Rows Removed by Index Recheck": 0,
                  "Filter": "(role_id > 1)",
                  "Rows Removed by Filter": 244050,
                  "Exact Heap Blocks": 6538,
                  "Lossy Heap Blocks": 0,
                  "Plans": [
                    {
                      "Node Type": "Bitmap Index Scan",
                      "Parent Relationship": "Outer",
                      "Parallel Aware": false,
                      "Index Name": "person_id_cast_info",
                      "Startup Cost": 0.0,
                      "Total Cost": 50627.11,
                      "Plan Rows": 2319272,
                      "Plan Width": 0,
                      "Actual Startup Time": 80.915,
                      "Actual Total Time": 80.916,
                      "Actual Rows": 2387272,
                      "Actual Loops": 1,
                      "Index Cond": "(person_id < 232326)"
                    }
                  ]
                }
              ]
            }
          ]
        }
      ]
    },
    "Planning Time": 0.097,
    "Triggers": [],
    "Execution Time": 204.253
  }
]