[
  {
    "Plan": {
      "Node Type": "Aggregate",
      "Strategy": "Plain",
      "Partial Mode": "Finalize",
      "Parallel Aware": false,
      "Startup Cost": 312432.2,
      "Total Cost": 312432.21,
      "Plan Rows": 1,
      "Plan Width": 8,
      "Actual Startup Time": 200.362,
      "Actual Total Time": 209.166,
      "Actual Rows": 1,
      "Actual Loops": 1,
      "Plans": [
        {
          "Node Type": "Gather",
          "Parent Relationship": "Outer",
          "Parallel Aware": false,
          "Startup Cost": 312431.57,
          "Total Cost": 312432.18,
          "Plan Rows": 6,
          "Plan Width": 8,
          "Actual Startup Time": 199.905,
          "Actual Total Time": 209.159,
          "Actual Rows": 7,
          "Actual Loops": 1,
          "Workers Planned": 6,
          "Workers Launched": 6,
          "Single Copy": false,
          "Plans": [
            {
              "Node Type": "Aggregate",
              "Strategy": "Plain",
              "Partial Mode": "Partial",
              "Parent Relationship": "Outer",
              "Parallel Aware": false,
              "Startup Cost": 311431.57,
              "Total Cost": 311431.58,
              "Plan Rows": 1,
              "Plan Width": 8,
              "Actual Startup Time": 188.601,
              "Actual Total Time": 188.603,
              "Actual Rows": 1,
              "Actual Loops": 7,
              "Plans": [
                {
                  "Node Type": "Bitmap Heap Scan",
                  "Parent Relationship": "Outer",
                  "Parallel Aware": true,
                  "Relation Name": "cast_info",
                  "Alias": "ci",
                  "Startup Cost": 52168.92,
                  "Total Cost": 310783.82,
                  "Plan Rows": 259102,
                  "Plan Width": 0,
                  "Actual Startup Time": 151.571,
                  "Actual Total Time": 184.251,
                  "Actual Rows": 96989,
                  "Actual Loops": 7,
                  "Recheck Cond": "(person_id < 232326)",
                  "Rows Removed by Index Recheck": 0,
                  "Filter": "(role_id > 1)",
                  "Rows Removed by Filter": 244050,
                  "Exact Heap Blocks": 6566,
                  "Lossy Heap Blocks": 0,
                  "Plans": [
                    {
                      "Node Type": "Bitmap Index Scan",
                      "Parent Relationship": "Outer",
                      "Parallel Aware": false,
                      "Index Name": "person_id_cast_info",
                      "Startup Cost": 0.0,
                      "Total Cost": 51780.26,
                      "Plan Rows": 2371160,
                      "Plan Width": 0,
                      "Actual Startup Time": 100.056,
                      "Actual Total Time": 100.056,
                      "Actual Rows": 2387272,
                      "Actual Loops": 1,
                      "Index Cond": "(person_id < 232326)"
                    }
                  ]
                }
              ]
            }
          ]
        }
      ]
    },
    "Planning Time": 0.215,
    "Triggers": [],
    "Execution Time": 209.241
  }
]