[
  {
    "Plan": {
      "Node Type": "Aggregate",
      "Strategy": "Plain",
      "Partial Mode": "Finalize",
      "Parallel Aware": false,
      "Startup Cost": 165199.58,
      "Total Cost": 165199.59,
      "Plan Rows": 1,
      "Plan Width": 8,
      "Actual Startup Time": 71.757,
      "Actual Total Time": 77.161,
      "Actual Rows": 1,
      "Actual Loops": 1,
      "Plans": [
        {
          "Node Type": "Gather",
          "Parent Relationship": "Outer",
          "Parallel Aware": false,
          "Startup Cost": 165199.16,
          "Total Cost": 165199.57,
          "Plan Rows": 4,
          "Plan Width": 8,
          "Actual Startup Time": 71.65,
          "Actual Total Time": 77.154,
          "Actual Rows": 5,
          "Actual Loops": 1,
          "Workers Planned": 4,
          "Workers Launched": 4,
          "Single Copy": false,
          "Plans": [
            {
              "Node Type": "Aggregate",
              "Strategy": "Plain",
              "Partial Mode": "Partial",
              "Parent Relationship": "Outer",
              "Parallel Aware": false,
              "Startup Cost": 164199.16,
              "Total Cost": 164199.17,
              "Plan Rows": 1,
              "Plan Width": 8,
              "Actual Startup Time": 63.655,
              "Actual Total Time": 63.656,
              "Actual Rows": 1,
              "Actual Loops": 5,
              "Plans": [
                {
                  "Node Type": "Nested Loop",
                  "Parent Relationship": "Outer",
                  "Parallel Aware": false,
                  "Join Type": "Inner",
                  "Startup Cost": 1049.59,
                  "Total Cost": 164177.1,
                  "Plan Rows": 8827,
                  "Plan Width": 0,
                  "Actual Startup Time": 2.442,
                  "Actual Total Time": 63.64,
                  "Actual Rows": 63,
                  "Actual Loops": 5,
                  "Inner Unique": true,
                  "Plans": [
                    {
                      "Node Type": "Bitmap Heap Scan",
                      "Parent Relationship": "Outer",
                      "Parallel Aware": true,
                      "Relation Name": "movie_info",
                      "Alias": "mi",
                      "Startup Cost": 1049.16,
                      "Total Cost": 116568.35,
                      "Plan Rows": 14475,
                      "Plan Width": 4,
                      "Actual Startup Time": 1.609,
                      "Actual Total Time": 6.662,
                      "Actual Rows": 13605,
                      "Actual Loops": 5,
                      "Recheck Cond": "(info_type_id = 94)",
                      "Rows Removed by Index Recheck": 0,
                      "Exact Heap Blocks": 599,
                      "Lossy Heap Blocks": 0,
                      "Plans": [
                        {
                          "Node Type": "Bitmap Index Scan",
                          "Parent Relationship": "Outer",
                          "Parallel Aware": false,
                          "Index Name": "info_type_id_movie_info",
                          "Startup Cost": 0.0,
                          "Total Cost": 1034.68,
                          "Plan Rows": 57900,
                          "Plan Width": 0,
                          "Actual Startup Time": 5.68,
                          "Actual Total Time": 5.68,
                          "Actual Rows": 68025,
                          "Actual Loops": 1,
                          "Index Cond": "(info_type_id = 94)"
                        }
                      ]
                    },
                    {
                      "Node Type": "Index Scan",
                      "Parent Relationship": "Inner",
                      "Parallel Aware": false,
                      "Scan Direction": "Forward",
                      "Index Name": "title_pkey",
                      "Relation Name": "title",
                      "Alias": "t",
                      "Startup Cost": 0.43,
                      "Total Cost": 3.29,
                      "Plan Rows": 1,
                      "Plan Width": 4,
                      "Actual Startup Time": 0.004,
                      "Actual Total Time": 0.004,
                      "Actual Rows": 0,
                      "Actual Loops": 68025,
                      "Index Cond": "(id = mi.movie_id)",
                      "Rows Removed by Index Recheck": 0,
                      "Filter": "(kind_id = 7)",
                      "Rows Removed by Filter": 1
                    }
                  ]
                }
              ]
            }
          ]
        }
      ]
    },
    "Planning Time": 0.321,
    "Triggers": [],
    "Execution Time": 77.222
  }
]