[
    {
        "Bao": {
            "Bao prediction": "NaN",
            "Bao recommended hint": "(no hint)"
        }
    },
    {
        "Plan": {
            "Node Type": "Aggregate",
            "Strategy": "Plain",
            "Partial Mode": "Finalize",
            "Parallel Aware": false,
            "Startup Cost": 345905.21,
            "Total Cost": 345905.22,
            "Plan Rows": 1,
            "Plan Width": 8,
            "Actual Startup Time": 1251.577,
            "Actual Total Time": 1295.957,
            "Actual Rows": 1,
            "Actual Loops": 1,
            "Output": [
                "count(*)"
            ],
            "Plans": [
                {
                    "Node Type": "Gather",
                    "Parent Relationship": "Outer",
                    "Parallel Aware": false,
                    "Startup Cost": 345904.79,
                    "Total Cost": 345905.2,
                    "Plan Rows": 4,
                    "Plan Width": 8,
                    "Actual Startup Time": 1234.097,
                    "Actual Total Time": 1295.946,
                    "Actual Rows": 5,
                    "Actual Loops": 1,
                    "Output": [
                        "(PARTIAL count(*))"
                    ],
                    "Workers Planned": 4,
                    "Workers Launched": 4,
                    "Single Copy": false,
                    "Plans": [
                        {
                            "Node Type": "Aggregate",
                            "Strategy": "Plain",
                            "Partial Mode": "Partial",
                            "Parent Relationship": "Outer",
                            "Parallel Aware": false,
                            "Startup Cost": 344904.79,
                            "Total Cost": 344904.8,
                            "Plan Rows": 1,
                            "Plan Width": 8,
                            "Actual Startup Time": 1143.029,
                            "Actual Total Time": 1143.032,
                            "Actual Rows": 1,
                            "Actual Loops": 5,
                            "Output": [
                                "PARTIAL count(*)"
                            ],
                            "Workers": [
                                {
                                    "Worker Number": 0,
                                    "Actual Startup Time": 1238.722,
                                    "Actual Total Time": 1238.725,
                                    "Actual Rows": 1,
                                    "Actual Loops": 1
                                },
                                {
                                    "Worker Number": 1,
                                    "Actual Startup Time": 1080.821,
                                    "Actual Total Time": 1080.825,
                                    "Actual Rows": 1,
                                    "Actual Loops": 1
                                },
                                {
                                    "Worker Number": 2,
                                    "Actual Startup Time": 1080.897,
                                    "Actual Total Time": 1080.901,
                                    "Actual Rows": 1,
                                    "Actual Loops": 1
                                },
                                {
                                    "Worker Number": 3,
                                    "Actual Startup Time": 1081.374,
                                    "Actual Total Time": 1081.377,
                                    "Actual Rows": 1,
                                    "Actual Loops": 1
                                }
                            ],
                            "Plans": [
                                {
                                    "Node Type": "Nested Loop",
                                    "Parent Relationship": "Outer",
                                    "Parallel Aware": false,
                                    "Join Type": "Inner",
                                    "Startup Cost": 2.26,
                                    "Total Cost": 342901.84,
                                    "Plan Rows": 801181,
                                    "Plan Width": 0,
                                    "Actual Startup Time": 3.692,
                                    "Actual Total Time": 1101.957,
                                    "Actual Rows": 874925,
                                    "Actual Loops": 5,
                                    "Inner Unique": false,
                                    "Join Filter": "(t.id = ci.movie_id)",
                                    "Rows Removed by Join Filter": 0,
                                    "Workers": [
                                        {
                                            "Worker Number": 0,
                                            "Actual Startup Time": 2.918,
                                            "Actual Total Time": 1198.042,
                                            "Actual Rows": 853340,
                                            "Actual Loops": 1
                                        },
                                        {
                                            "Worker Number": 1,
                                            "Actual Startup Time": 4.428,
                                            "Actual Total Time": 1039.213,
                                            "Actual Rows": 861944,
                                            "Actual Loops": 1
                                        },
                                        {
                                            "Worker Number": 2,
                                            "Actual Startup Time": 6.338,
                                            "Actual Total Time": 1043.571,
                                            "Actual Rows": 781656,
                                            "Actual Loops": 1
                                        },
                                        {
                                            "Worker Number": 3,
                                            "Actual Startup Time": 4.568,
                                            "Actual Total Time": 1041.939,
                                            "Actual Rows": 824222,
                                            "Actual Loops": 1
                                        }
                                    ],
                                    "Plans": [
                                        {
                                            "Node Type": "Merge Join",
                                            "Parent Relationship": "Outer",
                                            "Parallel Aware": false,
                                            "Join Type": "Inner",
                                            "Startup Cost": 1.7,
                                            "Total Cost": 154768.47,
                                            "Plan Rows": 55876,
                                            "Plan Width": 8,
                                            "Actual Startup Time": 3.529,
                                            "Actual Total Time": 476.147,
                                            "Actual Rows": 20752,
                                            "Actual Loops": 5,
                                            "Output": [
                                                "t.id",
                                                "mi_idx.movie_id"
                                            ],
                                            "Inner Unique": false,
                                            "Merge Cond": "(t.id = mi_idx.movie_id)",
                                            "Workers": [
                                                {
                                                    "Worker Number": 0,
                                                    "Actual Startup Time": 2.724,
                                                    "Actual Total Time": 560.873,
                                                    "Actual Rows": 20752,
                                                    "Actual Loops": 1
                                                },
                                                {
                                                    "Worker Number": 1,
                                                    "Actual Startup Time": 4.235,
                                                    "Actual Total Time": 398.809,
                                                    "Actual Rows": 18952,
                                                    "Actual Loops": 1
                                                },
                                                {
                                                    "Worker Number": 2,
                                                    "Actual Startup Time": 6.147,
                                                    "Actual Total Time": 429.401,
                                                    "Actual Rows": 18342,
                                                    "Actual Loops": 1
                                                },
                                                {
                                                    "Worker Number": 3,
                                                    "Actual Startup Time": 4.376,
                                                    "Actual Total Time": 417.692,
                                                    "Actual Rows": 20040,
                                                    "Actual Loops": 1
                                                }
                                            ],
                                            "Plans": [
                                                {
                                                    "Node Type": "Index Scan",
                                                    "Parent Relationship": "Outer",
                                                    "Parallel Aware": true,
                                                    "Scan Direction": "Forward",
                                                    "Index Name": "title_pkey",
                                                    "Relation Name": "title",
                                                    "Schema": "public",
                                                    "Alias": "t",
                                                    "Startup Cost": 0.43,
                                                    "Total Cost": 94540.09,
                                                    "Plan Rows": 153345,
                                                    "Plan Width": 4,
                                                    "Actual Startup Time": 0.084,
                                                    "Actual Total Time": 302.691,
                                                    "Actual Rows": 135384,
                                                    "Actual Loops": 5,
                                                    "Output": [
                                                        "t.id",
                                                        "t.title",
                                                        "t.imdb_index",
                                                        "t.kind_id",
                                                        "t.production_year",
                                                        "t.imdb_id",
                                                        "t.phonetic_code",
                                                        "t.episode_of_id",
                                                        "t.season_nr",
                                                        "t.episode_nr",
                                                        "t.series_years",
                                                        "t.md5sum"
                                                    ],
                                                    "Filter": "((t.production_year > 2005) AND (t.kind_id = 7))",
                                                    "Rows Removed by Filter": 370188,
                                                    "Workers": [
                                                        {
                                                            "Worker Number": 0,
                                                            "Actual Startup Time": 0.104,
                                                            "Actual Total Time": 288.526,
                                                            "Actual Rows": 125956,
                                                            "Actual Loops": 1
                                                        },
                                                        {
                                                            "Worker Number": 1,
                                                            "Actual Startup Time": 0.093,
                                                            "Actual Total Time": 283.892,
                                                            "Actual Rows": 122010,
                                                            "Actual Loops": 1
                                                        },
                                                        {
                                                            "Worker Number": 2,
                                                            "Actual Startup Time": 0.105,
                                                            "Actual Total Time": 308.873,
                                                            "Actual Rows": 110029,
                                                            "Actual Loops": 1
                                                        },
                                                        {
                                                            "Worker Number": 3,
                                                            "Actual Startup Time": 0.088,
                                                            "Actual Total Time": 303.204,
                                                            "Actual Rows": 139801,
                                                            "Actual Loops": 1
                                                        }
                                                    ]
                                                },
                                                {
                                                    "Node Type": "Index Scan",
                                                    "Parent Relationship": "Inner",
                                                    "Parallel Aware": false,
                                                    "Scan Direction": "Forward",
                                                    "Index Name": "movie_id_movie_info_idx",
                                                    "Relation Name": "movie_info_idx",
                                                    "Schema": "public",
                                                    "Alias": "mi_idx",
                                                    "Startup Cost": 0.43,
                                                    "Total Cost": 57080.9,
                                                    "Plan Rows": 921265,
                                                    "Plan Width": 4,
                                                    "Actual Startup Time": 0.151,
                                                    "Actual Total Time": 138.889,
                                                    "Actual Rows": 583242,
                                                    "Actual Loops": 5,
                                                    "Output": [
                                                        "mi_idx.id",
                                                        "mi_idx.movie_id",
                                                        "mi_idx.info_type_id",
                                                        "mi_idx.info",
                                                        "mi_idx.note"
                                                    ],
                                                    "Filter": "(mi_idx.info_type_id > 99)",
                                                    "Rows Removed by Filter": 291569,
                                                    "Workers": [
                                                        {
                                                            "Worker Number": 0,
                                                            "Actual Startup Time": 0.171,
                                                            "Actual Total Time": 223.878,
                                                            "Actual Rows": 920110,
                                                            "Actual Loops": 1
                                                        },
                                                        {
                                                            "Worker Number": 1,
                                                            "Actual Startup Time": 0.186,
                                                            "Actual Total Time": 90.53,
                                                            "Actual Rows": 359049,
                                                            "Actual Loops": 1
                                                        },
                                                        {
                                                            "Worker Number": 2,
                                                            "Actual Startup Time": 0.191,
                                                            "Actual Total Time": 96.665,
                                                            "Actual Rows": 358845,
                                                            "Actual Loops": 1
                                                        },
                                                        {
                                                            "Worker Number": 3,
                                                            "Actual Startup Time": 0.192,
                                                            "Actual Total Time": 89.522,
                                                            "Actual Rows": 358095,
                                                            "Actual Loops": 1
                                                        }
                                                    ]
                                                }
                                            ]
                                        },
                                        {
                                            "Node Type": "Index Only Scan",
                                            "Parent Relationship": "Inner",
                                            "Parallel Aware": false,
                                            "Scan Direction": "Forward",
                                            "Index Name": "movie_id_cast_info",
                                            "Relation Name": "cast_info",
                                            "Schema": "public",
                                            "Alias": "ci",
                                            "Startup Cost": 0.56,
                                            "Total Cost": 2.89,
                                            "Plan Rows": 38,
                                            "Plan Width": 4,
                                            "Actual Startup Time": 0.005,
                                            "Actual Total Time": 0.026,
                                            "Actual Rows": 42,
                                            "Actual Loops": 103758,
                                            "Output": [
                                                "ci.movie_id"
                                            ],
                                            "Index Cond": "(ci.movie_id = mi_idx.movie_id)",
                                            "Rows Removed by Index Recheck": 0,
                                            "Heap Fetches": 4374626,
                                            "Workers": [
                                                {
                                                    "Worker Number": 0,
                                                    "Actual Startup Time": 0.005,
                                                    "Actual Total Time": 0.027,
                                                    "Actual Rows": 41,
                                                    "Actual Loops": 20752
                                                },
                                                {
                                                    "Worker Number": 1,
                                                    "Actual Startup Time": 0.005,
                                                    "Actual Total Time": 0.03,
                                                    "Actual Rows": 45,
                                                    "Actual Loops": 18952
                                                },
                                                {
                                                    "Worker Number": 2,
                                                    "Actual Startup Time": 0.005,
                                                    "Actual Total Time": 0.03,
                                                    "Actual Rows": 43,
                                                    "Actual Loops": 18342
                                                },
                                                {
                                                    "Worker Number": 3,
                                                    "Actual Startup Time": 0.005,
                                                    "Actual Total Time": 0.027,
                                                    "Actual Rows": 41,
                                                    "Actual Loops": 20040
                                                }
                                            ]
                                        }
                                    ]
                                }
                            ]
                        }
                    ]
                }
            ]
        },
        "Planning Time": 205.994,
        "Triggers": [],
        "Execution Time": 1296.095
    }
]