{
  "Plan": {
    "Node Type": "Aggregate",
    "Strategy": "Plain",
    "Partial Mode": "Finalize",
    "Parallel Aware": false,
    "Startup Cost": 112992.83,
    "Total Cost": 112992.84,
    "Plan Rows": 1,
    "Plan Width": 8,
    "Actual Startup Time": 769.904,
    "Actual Total Time": 788.711,
    "Actual Rows": 1,
    "Actual Loops": 1,
    "Plans": [
      {
        "Node Type": "Gather",
        "Parent Relationship": "Outer",
        "Parallel Aware": false,
        "Startup Cost": 112992.72,
        "Total Cost": 112992.83,
        "Plan Rows": 1,
        "Plan Width": 8,
        "Actual Startup Time": 766.557,
        "Actual Total Time": 788.703,
        "Actual Rows": 2,
        "Actual Loops": 1,
        "Workers Planned": 1,
        "Workers Launched": 1,
        "Single Copy": false,
        "Plans": [
          {
            "Node Type": "Aggregate",
            "Strategy": "Plain",
            "Partial Mode": "Partial",
            "Parent Relationship": "Outer",
            "Parallel Aware": false,
            "Startup Cost": 111992.72,
            "Total Cost": 111992.73,
            "Plan Rows": 1,
            "Plan Width": 8,
            "Actual Startup Time": 760.593,
            "Actual Total Time": 760.597,
            "Actual Rows": 1,
            "Actual Loops": 2,
            "Plans": [
              {
                "Node Type": "Hash Join",
                "Parent Relationship": "Outer",
                "Parallel Aware": true,
                "Join Type": "Inner",
                "Startup Cost": 67634.49,
                "Total Cost": 111169.31,
                "Plan Rows": 329366,
                "Plan Width": 0,
                "Actual Startup Time": 485.954,
                "Actual Total Time": 753.687,
                "Actual Rows": 134720,
                "Actual Loops": 2,
                "Inner Unique": true,
                "Hash Cond": "(mc.movie_id = t.id)",
                "Plans": [
                  {
                    "Node Type": "Seq Scan",
                    "Parent Relationship": "Outer",
                    "Parallel Aware": true,
                    "Relation Name": "movie_companies",
                    "Alias": "mc",
                    "Startup Cost": 0.0,
                    "Total Cost": 41811.73,
                    "Plan Rows": 656414,
                    "Plan Width": 4,
                    "Actual Startup Time": 59.901,
                    "Actual Total Time": 143.391,
                    "Actual Rows": 620037,
                    "Actual Loops": 2,
                    "Filter": "((company_id > 258) AND (company_type_id = 2))",
                    "Rows Removed by Filter": 684528
                  },
                  {
                    "Node Type": "Hash",
                    "Parent Relationship": "Inner",
                    "Parallel Aware": true,
                    "Startup Cost": 58306.47,
                    "Total Cost": 58306.47,
                    "Plan Rows": 746242,
                    "Plan Width": 4,
                    "Actual Startup Time": 414.49,
                    "Actual Total Time": 414.491,
                    "Actual Rows": 674442,
                    "Actual Loops": 2,
                    "Hash Buckets": 2097152,
                    "Original Hash Buckets": 2097152,
                    "Hash Batches": 1,
                    "Original Hash Batches": 1,
                    "Peak Memory Usage": 69184,
                    "Plans": [
                      {
                        "Node Type": "Seq Scan",
                        "Parent Relationship": "Outer",
                        "Parallel Aware": true,
                        "Relation Name": "title",
                        "Alias": "t",
                        "Startup Cost": 0.0,
                        "Total Cost": 58306.47,
                        "Plan Rows": 746242,
                        "Plan Width": 4,
                        "Actual Startup Time": 0.03,
                        "Actual Total Time": 199.006,
                        "Actual Rows": 674442,
                        "Actual Loops": 2,
                        "Filter": "((production_year > 1970) AND (kind_id = 7))",
                        "Rows Removed by Filter": 589714
                      }
                    ]
                  }
                ]
              }
            ]
          }
        ]
      }
    ]
  },
  "Planning Time": 0.44,
  "Triggers": [],
  "Execution Time": 788.762
}