[
  {
    "Plan": {
      "Node Type": "Aggregate",
      "Strategy": "Plain",
      "Partial Mode": "Finalize",
      "Parallel Aware": false,
      "Startup Cost": 374691.35,
      "Total Cost": 374691.36,
      "Plan Rows": 1,
      "Plan Width": 8,
      "Actual Startup Time": 393.32,
      "Actual Total Time": 408.916,
      "Actual Rows": 1,
      "Actual Loops": 1,
      "Plans": [
        {
          "Node Type": "Gather",
          "Parent Relationship": "Outer",
          "Parallel Aware": false,
          "Startup Cost": 374690.72,
          "Total Cost": 374691.33,
          "Plan Rows": 6,
          "Plan Width": 8,
          "Actual Startup Time": 389.444,
          "Actual Total Time": 408.906,
          "Actual Rows": 7,
          "Actual Loops": 1,
          "Workers Planned": 6,
          "Workers Launched": 6,
          "Single Copy": false,
          "Plans": [
            {
              "Node Type": "Aggregate",
              "Strategy": "Plain",
              "Partial Mode": "Partial",
              "Parent Relationship": "Outer",
              "Parallel Aware": false,
              "Startup Cost": 373690.72,
              "Total Cost": 373690.73,
              "Plan Rows": 1,
              "Plan Width": 8,
              "Actual Startup Time": 378.539,
              "Actual Total Time": 378.544,
              "Actual Rows": 1,
              "Actual Loops": 7,
              "Plans": [
                {
                  "Node Type": "Hash Join",
                  "Parent Relationship": "Outer",
                  "Parallel Aware": true,
                  "Join Type": "Inner",
                  "Startup Cost": 113073.46,
                  "Total Cost": 373573.32,
                  "Plan Rows": 46960,
                  "Plan Width": 0,
                  "Actual Startup Time": 189.683,
                  "Actual Total Time": 376.166,
                  "Actual Rows": 38304,
                  "Actual Loops": 7,
                  "Inner Unique": true,
                  "Hash Cond": "(ci.movie_id = t.id)",
                  "Plans": [
                    {
                      "Node Type": "Bitmap Heap Scan",
                      "Parent Relationship": "Outer",
                      "Parallel Aware": true,
                      "Relation Name": "cast_info",
                      "Alias": "ci",
                      "Startup Cost": 68456.27,
                      "Total Cost": 327600.18,
                      "Plan Rows": 516553,
                      "Plan Width": 4,
                      "Actual Startup Time": 100.234,
                      "Actual Total Time": 197.197,
                      "Actual Rows": 452440,
                      "Actual Loops": 7,
                      "Recheck Cond": "(person_id < 306860)",
                      "Rows Removed by Index Recheck": 0,
                      "Exact Heap Blocks": 7110,
                      "Lossy Heap Blocks": 0,
                      "Plans": [
                        {
                          "Node Type": "Bitmap Index Scan",
                          "Parent Relationship": "Outer",
                          "Parallel Aware": false,
                          "Index Name": "person_id_cast_info",
                          "Startup Cost": 0.0,
                          "Total Cost": 67681.44,
                          "Plan Rows": 3099317,
                          "Plan Width": 0,
                          "Actual Startup Time": 94.815,
                          "Actual Total Time": 94.815,
                          "Actual Rows": 3167083,
                          "Actual Loops": 1,
                          "Index Cond": "(person_id < 306860)"
                        }
                      ]
                    },
                    {
                      "Node Type": "Hash",
                      "Parent Relationship": "Inner",
                      "Parallel Aware": true,
                      "Startup Cost": 43898.92,
                      "Total Cost": 43898.92,
                      "Plan Rows": 57462,
                      "Plan Width": 4,
                      "Actual Startup Time": 87.599,
                      "Actual Total Time": 87.602,
                      "Actual Rows": 33093,
                      "Actual Loops": 7,
                      "Hash Buckets": 262144,
                      "Original Hash Buckets": 262144,
                      "Hash Batches": 1,
                      "Original Hash Batches": 1,
                      "Peak Memory Usage": 11264,
                      "Plans": [
                        {
                          "Node Type": "Seq Scan",
                          "Parent Relationship": "Outer",
                          "Parallel Aware": true,
                          "Relation Name": "title",
                          "Alias": "t",
                          "Startup Cost": 0.0,
                          "Total Cost": 43898.92,
                          "Plan Rows": 57462,
                          "Plan Width": 4,
                          "Actual Startup Time": 0.04,
                          "Actual Total Time": 73.452,
                          "Actual Rows": 33093,
                          "Actual Loops": 7,
                          "Filter": "(production_year > 2011)",
                          "Rows Removed by Filter": 328095
                        }
                      ]
                    }
                  ]
                }
              ]
            }
          ]
        }
      ]
    },
    "Planning Time": 0.595,
    "Triggers": [],
    "Execution Time": 409.007
  }
]