{
  "Plan": {
    "Node Type": "Aggregate",
    "Strategy": "Plain",
    "Partial Mode": "Finalize",
    "Parallel Aware": false,
    "Startup Cost": 141150.86,
    "Total Cost": 141150.87,
    "Plan Rows": 1,
    "Plan Width": 8,
    "Actual Startup Time": 1057.602,
    "Actual Total Time": 1081.645,
    "Actual Rows": 1,
    "Actual Loops": 1,
    "Plans": [
      {
        "Node Type": "Gather",
        "Parent Relationship": "Outer",
        "Parallel Aware": false,
        "Startup Cost": 141150.75,
        "Total Cost": 141150.86,
        "Plan Rows": 1,
        "Plan Width": 8,
        "Actual Startup Time": 1052.102,
        "Actual Total Time": 1081.637,
        "Actual Rows": 2,
        "Actual Loops": 1,
        "Workers Planned": 1,
        "Workers Launched": 1,
        "Single Copy": false,
        "Plans": [
          {
            "Node Type": "Aggregate",
            "Strategy": "Plain",
            "Partial Mode": "Partial",
            "Parent Relationship": "Outer",
            "Parallel Aware": false,
            "Startup Cost": 140150.75,
            "Total Cost": 140150.76,
            "Plan Rows": 1,
            "Plan Width": 8,
            "Actual Startup Time": 1045.718,
            "Actual Total Time": 1045.724,
            "Actual Rows": 1,
            "Actual Loops": 2,
            "Plans": [
              {
                "Node Type": "Hash Join",
                "Parent Relationship": "Outer",
                "Parallel Aware": true,
                "Join Type": "Inner",
                "Startup Cost": 119234.79,
                "Total Cost": 139608.27,
                "Plan Rows": 216992,
                "Plan Width": 0,
                "Actual Startup Time": 836.549,
                "Actual Total Time": 1018.136,
                "Actual Rows": 701596,
                "Actual Loops": 2,
                "Inner Unique": false,
                "Hash Cond": "(mi_idx.movie_id = t.id)",
                "Plans": [
                  {
                    "Node Type": "Seq Scan",
                    "Parent Relationship": "Outer",
                    "Parallel Aware": true,
                    "Relation Name": "movie_info_idx",
                    "Alias": "mi_idx",
                    "Startup Cost": 0.0,
                    "Total Cost": 16052.85,
                    "Plan Rows": 811785,
                    "Plan Width": 4,
                    "Actual Startup Time": 0.02,
                    "Actual Total Time": 48.217,
                    "Actual Rows": 690018,
                    "Actual Loops": 2
                  },
                  {
                    "Node Type": "Hash",
                    "Parent Relationship": "Inner",
                    "Parallel Aware": true,
                    "Startup Cost": 114265.53,
                    "Total Cost": 114265.53,
                    "Plan Rows": 397541,
                    "Plan Width": 8,
                    "Actual Startup Time": 827.619,
                    "Actual Total Time": 827.623,
                    "Actual Rows": 340826,
                    "Actual Loops": 2,
                    "Hash Buckets": 1048576,
                    "Original Hash Buckets": 1048576,
                    "Hash Batches": 1,
                    "Original Hash Batches": 1,
                    "Peak Memory Usage": 34880,
                    "Plans": [
                      {
                        "Node Type": "Hash Join",
                        "Parent Relationship": "Outer",
                        "Parallel Aware": true,
                        "Join Type": "Inner",
                        "Startup Cost": 83798.73,
                        "Total Cost": 114265.53,
                        "Plan Rows": 397541,
                        "Plan Width": 8,
                        "Actual Startup Time": 554.731,
                        "Actual Total Time": 745.886,
                        "Actual Rows": 340826,
                        "Actual Loops": 2,
                        "Inner Unique": true,
                        "Hash Cond": "(mk.movie_id = t.id)",
                        "Plans": [
                          {
                            "Node Type": "Bitmap Heap Scan",
                            "Parent Relationship": "Outer",
                            "Parallel Aware": true,
                            "Relation Name": "movie_keyword",
                            "Alias": "mk",
                            "Startup Cost": 14338.03,
                            "Total Cost": 43761.29,
                            "Plan Rows": 397541,
                            "Plan Width": 4,
                            "Actual Startup Time": 34.529,
                            "Actual Total Time": 117.349,
                            "Actual Rows": 340826,
                            "Actual Loops": 2,
                            "Recheck Cond": "(keyword_id < 562)",
                            "Rows Removed by Index Recheck": 0,
                            "Exact Heap Blocks": 13192,
                            "Lossy Heap Blocks": 0,
                            "Plans": [
                              {
                                "Node Type": "Bitmap Index Scan",
                                "Parent Relationship": "Outer",
                                "Parallel Aware": false,
                                "Index Name": "keyword_id_movie_keyword",
                                "Startup Cost": 0.0,
                                "Total Cost": 14169.08,
                                "Plan Rows": 675819,
                                "Plan Width": 0,
                                "Actual Startup Time": 30.901,
                                "Actual Total Time": 30.901,
                                "Actual Rows": 681653,
                                "Actual Loops": 1,
                                "Index Cond": "(keyword_id < 562)"
                              }
                            ]
                          },
                          {
                            "Node Type": "Hash",
                            "Parent Relationship": "Inner",
                            "Parallel Aware": true,
                            "Startup Cost": 50870.31,
                            "Total Cost": 50870.31,
                            "Plan Rows": 1487231,
                            "Plan Width": 4,
                            "Actual Startup Time": 504.962,
                            "Actual Total Time": 504.963,
                            "Actual Rows": 1264156,
                            "Actual Loops": 2,
                            "Hash Buckets": 4194304,
                            "Original Hash Buckets": 4194304,
                            "Hash Batches": 1,
                            "Original Hash Batches": 1,
                            "Peak Memory Usage": 131712,
                            "Plans": [
                              {
                                "Node Type": "Seq Scan",
                                "Parent Relationship": "Outer",
                                "Parallel Aware": true,
                                "Relation Name": "title",
                                "Alias": "t",
                                "Startup Cost": 0.0,
                                "Total Cost": 50870.31,
                                "Plan Rows": 1487231,
                                "Plan Width": 4,
                                "Actual Startup Time": 0.049,
                                "Actual Total Time": 152.595,
                                "Actual Rows": 1264156,
                                "Actual Loops": 2
                              }
                            ]
                          }
                        ]
                      }
                    ]
                  }
                ]
              }
            ]
          }
        ]
      }
    ]
  },
  "Planning Time": 1.06,
  "Triggers": [],
  "Execution Time": 1081.746
}