[
  {
    "Plan": {
      "Node Type": "Aggregate",
      "Strategy": "Plain",
      "Partial Mode": "Finalize",
      "Parallel Aware": false,
      "Startup Cost": 30891.1,
      "Total Cost": 30891.11,
      "Plan Rows": 1,
      "Plan Width": 8,
      "Actual Startup Time": 100.173,
      "Actual Total Time": 107.6,
      "Actual Rows": 1,
      "Actual Loops": 1,
      "Plans": [
        {
          "Node Type": "Gather",
          "Parent Relationship": "Outer",
          "Parallel Aware": false,
          "Startup Cost": 30890.78,
          "Total Cost": 30891.09,
          "Plan Rows": 3,
          "Plan Width": 8,
          "Actual Startup Time": 100.054,
          "Actual Total Time": 107.592,
          "Actual Rows": 4,
          "Actual Loops": 1,
          "Workers Planned": 3,
          "Workers Launched": 3,
          "Single Copy": false,
          "Plans": [
            {
              "Node Type": "Aggregate",
              "Strategy": "Plain",
              "Partial Mode": "Partial",
              "Parent Relationship": "Outer",
              "Parallel Aware": false,
              "Startup Cost": 29890.78,
              "Total Cost": 29890.79,
              "Plan Rows": 1,
              "Plan Width": 8,
              "Actual Startup Time": 93.606,
              "Actual Total Time": 93.607,
              "Actual Rows": 1,
              "Actual Loops": 4,
              "Plans": [
                {
                  "Node Type": "Seq Scan",
                  "Parent Relationship": "Outer",
                  "Parallel Aware": true,
                  "Relation Name": "movie_companies",
                  "Alias": "mc",
                  "Startup Cost": 0.0,
                  "Total Cost": 29310.68,
                  "Plan Rows": 232039,
                  "Plan Width": 0,
                  "Actual Startup Time": 29.36,
                  "Actual Total Time": 84.258,
                  "Actual Rows": 183504,
                  "Actual Loops": 4,
                  "Filter": "(company_id > 39875)",
                  "Rows Removed by Filter": 468778
                }
              ]
            }
          ]
        }
      ]
    },
    "Planning Time": 0.154,
    "Triggers": [],
    "Execution Time": 107.649
  }
]