[
  {
    "Plan": {
      "Node Type": "Aggregate",
      "Strategy": "Plain",
      "Partial Mode": "Finalize",
      "Parallel Aware": false,
      "Startup Cost": 45524.78,
      "Total Cost": 45524.79,
      "Plan Rows": 1,
      "Plan Width": 8,
      "Actual Startup Time": 156.683,
      "Actual Total Time": 166.677,
      "Actual Rows": 1,
      "Actual Loops": 1,
      "Plans": [
        {
          "Node Type": "Gather",
          "Parent Relationship": "Outer",
          "Parallel Aware": false,
          "Startup Cost": 45524.46,
          "Total Cost": 45524.77,
          "Plan Rows": 3,
          "Plan Width": 8,
          "Actual Startup Time": 156.57,
          "Actual Total Time": 166.669,
          "Actual Rows": 4,
          "Actual Loops": 1,
          "Workers Planned": 3,
          "Workers Launched": 3,
          "Single Copy": false,
          "Plans": [
            {
              "Node Type": "Aggregate",
              "Strategy": "Plain",
              "Partial Mode": "Partial",
              "Parent Relationship": "Outer",
              "Parallel Aware": false,
              "Startup Cost": 44524.46,
              "Total Cost": 44524.47,
              "Plan Rows": 1,
              "Plan Width": 8,
              "Actual Startup Time": 148.154,
              "Actual Total Time": 148.155,
              "Actual Rows": 1,
              "Actual Loops": 4,
              "Plans": [
                {
                  "Node Type": "Seq Scan",
                  "Parent Relationship": "Outer",
                  "Parallel Aware": true,
                  "Relation Name": "movie_keyword",
                  "Alias": "mk",
                  "Startup Cost": 0.0,
                  "Total Cost": 42695.65,
                  "Plan Rows": 731522,
                  "Plan Width": 0,
                  "Actual Startup Time": 0.733,
                  "Actual Total Time": 120.862,
                  "Actual Rows": 565302,
                  "Actual Loops": 4,
                  "Filter": "(keyword_id > 4704)",
                  "Rows Removed by Filter": 565680
                }
              ]
            }
          ]
        }
      ]
    },
    "Planning Time": 0.188,
    "Triggers": [],
    "Execution Time": 166.729
  }
]