[
  {
    "Plan": {
      "Node Type": "Aggregate",
      "Strategy": "Plain",
      "Partial Mode": "Finalize",
      "Parallel Aware": false,
      "Startup Cost": 397170.06,
      "Total Cost": 397170.07,
      "Plan Rows": 1,
      "Plan Width": 8,
      "Actual Startup Time": 2346.783,
      "Actual Total Time": 2405.986,
      "Actual Rows": 1,
      "Actual Loops": 1,
      "Plans": [
        {
          "Node Type": "Gather",
          "Parent Relationship": "Outer",
          "Parallel Aware": false,
          "Startup Cost": 397169.44,
          "Total Cost": 397170.05,
          "Plan Rows": 6,
          "Plan Width": 8,
          "Actual Startup Time": 2327.605,
          "Actual Total Time": 2405.967,
          "Actual Rows": 7,
          "Actual Loops": 1,
          "Workers Planned": 6,
          "Workers Launched": 6,
          "Single Copy": false,
          "Plans": [
            {
              "Node Type": "Aggregate",
              "Strategy": "Plain",
              "Partial Mode": "Partial",
              "Parent Relationship": "Outer",
              "Parallel Aware": false,
              "Startup Cost": 396169.44,
              "Total Cost": 396169.45,
              "Plan Rows": 1,
              "Plan Width": 8,
              "Actual Startup Time": 2311.618,
              "Actual Total Time": 2311.622,
              "Actual Rows": 1,
              "Actual Loops": 7,
              "Plans": [
                {
                  "Node Type": "Hash Join",
                  "Parent Relationship": "Outer",
                  "Parallel Aware": true,
                  "Join Type": "Inner",
                  "Startup Cost": 48758.37,
                  "Total Cost": 394657.0,
                  "Plan Rows": 604976,
                  "Plan Width": 0,
                  "Actual Startup Time": 807.994,
                  "Actual Total Time": 2250.744,
                  "Actual Rows": 914429,
                  "Actual Loops": 7,
                  "Inner Unique": true,
                  "Hash Cond": "(ci.movie_id = t.id)",
                  "Plans": [
                    {
                      "Node Type": "Seq Scan",
                      "Parent Relationship": "Outer",
                      "Parallel Aware": true,
                      "Relation Name": "cast_info",
                      "Alias": "ci",
                      "Startup Cost": 0.0,
                      "Total Cost": 343316.27,
                      "Plan Rows": 983754,
                      "Plan Width": 4,
                      "Actual Startup Time": 505.444,
                      "Actual Total Time": 992.015,
                      "Actual Rows": 1502897,
                      "Actual Loops": 7,
                      "Filter": "((person_id > 2360030) AND (role_id > 2))",
                      "Rows Removed by Filter": 3674866
                    },
                    {
                      "Node Type": "Hash",
                      "Parent Relationship": "Inner",
                      "Parallel Aware": true,
                      "Startup Cost": 43899.32,
                      "Total Cost": 43899.32,
                      "Plan Rows": 388724,
                      "Plan Width": 4,
                      "Actual Startup Time": 297.117,
                      "Actual Total Time": 297.118,
                      "Actual Rows": 222266,
                      "Actual Loops": 7,
                      "Hash Buckets": 2097152,
                      "Original Hash Buckets": 2097152,
                      "Hash Batches": 1,
                      "Original Hash Batches": 1,
                      "Peak Memory Usage": 77408,
                      "Plans": [
                        {
                          "Node Type": "Seq Scan",
                          "Parent Relationship": "Outer",
                          "Parallel Aware": true,
                          "Relation Name": "title",
                          "Alias": "t",
                          "Startup Cost": 0.0,
                          "Total Cost": 43899.32,
                          "Plan Rows": 388724,
                          "Plan Width": 4,
                          "Actual Startup Time": 0.061,
                          "Actual Total Time": 120.961,
                          "Actual Rows": 222266,
                          "Actual Loops": 7,
                          "Filter": "(kind_id > 4)",
                          "Rows Removed by Filter": 138921
                        }
                      ]
                    }
                  ]
                }
              ]
            }
          ]
        }
      ]
    },
    "Planning Time": 0.555,
    "Triggers": [],
    "Execution Time": 2406.075
  }
]