[
  {
    "Plan": {
      "Node Type": "Aggregate",
      "Strategy": "Plain",
      "Partial Mode": "Finalize",
      "Parallel Aware": false,
      "Startup Cost": 26136.44,
      "Total Cost": 26136.45,
      "Plan Rows": 1,
      "Plan Width": 8,
      "Actual Startup Time": 45.775,
      "Actual Total Time": 49.738,
      "Actual Rows": 1,
      "Actual Loops": 1,
      "Plans": [
        {
          "Node Type": "Gather",
          "Parent Relationship": "Outer",
          "Parallel Aware": false,
          "Startup Cost": 26136.13,
          "Total Cost": 26136.44,
          "Plan Rows": 3,
          "Plan Width": 8,
          "Actual Startup Time": 45.627,
          "Actual Total Time": 49.731,
          "Actual Rows": 4,
          "Actual Loops": 1,
          "Workers Planned": 3,
          "Workers Launched": 3,
          "Single Copy": false,
          "Plans": [
            {
              "Node Type": "Aggregate",
              "Strategy": "Plain",
              "Partial Mode": "Partial",
              "Parent Relationship": "Outer",
              "Parallel Aware": false,
              "Startup Cost": 25136.13,
              "Total Cost": 25136.14,
              "Plan Rows": 1,
              "Plan Width": 8,
              "Actual Startup Time": 42.038,
              "Actual Total Time": 42.039,
              "Actual Rows": 1,
              "Actual Loops": 4,
              "Plans": [
                {
                  "Node Type": "Bitmap Heap Scan",
                  "Parent Relationship": "Outer",
                  "Parallel Aware": true,
                  "Relation Name": "movie_companies",
                  "Alias": "mc",
                  "Startup Cost": 5102.71,
                  "Total Cost": 25038.53,
                  "Plan Rows": 39039,
                  "Plan Width": 0,
                  "Actual Startup Time": 15.988,
                  "Actual Total Time": 38.65,
                  "Actual Rows": 58486,
                  "Actual Loops": 4,
                  "Recheck Cond": "(company_id > 104433)",
                  "Rows Removed by Index Recheck": 0,
                  "Filter": "(company_type_id > 1)",
                  "Rows Removed by Filter": 0,
                  "Exact Heap Blocks": 1852,
                  "Lossy Heap Blocks": 0,
                  "Plans": [
                    {
                      "Node Type": "Bitmap Index Scan",
                      "Parent Relationship": "Outer",
                      "Parallel Aware": false,
                      "Index Name": "company_id_movie_companies",
                      "Startup Cost": 0.0,
                      "Total Cost": 5072.45,
                      "Plan Rows": 236803,
                      "Plan Width": 0,
                      "Actual Startup Time": 18.269,
                      "Actual Total Time": 18.269,
                      "Actual Rows": 233944,
                      "Actual Loops": 1,
                      "Index Cond": "(company_id > 104433)"
                    }
                  ]
                }
              ]
            }
          ]
        }
      ]
    },
    "Planning Time": 0.136,
    "Triggers": [],
    "Execution Time": 49.783
  }
]