[
  {
    "Plan": {
      "Node Type": "Aggregate",
      "Strategy": "Plain",
      "Partial Mode": "Finalize",
      "Parallel Aware": false,
      "Startup Cost": 26113.38,
      "Total Cost": 26113.39,
      "Plan Rows": 1,
      "Plan Width": 8,
      "Actual Startup Time": 56.36,
      "Actual Total Time": 59.148,
      "Actual Rows": 1,
      "Actual Loops": 1,
      "Plans": [
        {
          "Node Type": "Gather",
          "Parent Relationship": "Outer",
          "Parallel Aware": false,
          "Startup Cost": 26113.06,
          "Total Cost": 26113.37,
          "Plan Rows": 3,
          "Plan Width": 8,
          "Actual Startup Time": 56.206,
          "Actual Total Time": 59.141,
          "Actual Rows": 4,
          "Actual Loops": 1,
          "Workers Planned": 3,
          "Workers Launched": 3,
          "Single Copy": false,
          "Plans": [
            {
              "Node Type": "Aggregate",
              "Strategy": "Plain",
              "Partial Mode": "Partial",
              "Parent Relationship": "Outer",
              "Parallel Aware": false,
              "Startup Cost": 25113.06,
              "Total Cost": 25113.07,
              "Plan Rows": 1,
              "Plan Width": 8,
              "Actual Startup Time": 47.968,
              "Actual Total Time": 47.969,
              "Actual Rows": 1,
              "Actual Loops": 4,
              "Plans": [
                {
                  "Node Type": "Bitmap Heap Scan",
                  "Parent Relationship": "Outer",
                  "Parallel Aware": true,
                  "Relation Name": "movie_companies",
                  "Alias": "mc",
                  "Startup Cost": 5084.45,
                  "Total Cost": 25016.42,
                  "Plan Rows": 38655,
                  "Plan Width": 0,
                  "Actual Startup Time": 13.04,
                  "Actual Total Time": 43.278,
                  "Actual Rows": 58486,
                  "Actual Loops": 4,
                  "Recheck Cond": "(company_id > 104433)",
                  "Rows Removed by Index Recheck": 0,
                  "Filter": "(company_type_id > 1)",
                  "Rows Removed by Filter": 0,
                  "Exact Heap Blocks": 2497,
                  "Lossy Heap Blocks": 0,
                  "Plans": [
                    {
                      "Node Type": "Bitmap Index Scan",
                      "Parent Relationship": "Outer",
                      "Parallel Aware": false,
                      "Index Name": "company_id_movie_companies",
                      "Startup Cost": 0.0,
                      "Total Cost": 5054.49,
                      "Plan Rows": 236008,
                      "Plan Width": 0,
                      "Actual Startup Time": 19.59,
                      "Actual Total Time": 19.591,
                      "Actual Rows": 233944,
                      "Actual Loops": 1,
                      "Index Cond": "(company_id > 104433)"
                    }
                  ]
                }
              ]
            }
          ]
        }
      ]
    },
    "Planning Time": 0.134,
    "Triggers": [],
    "Execution Time": 59.195
  }
]