{
  "Plan": {
    "Node Type": "Aggregate",
    "Strategy": "Plain",
    "Partial Mode": "Finalize",
    "Parallel Aware": false,
    "Startup Cost": 99455.48,
    "Total Cost": 99455.49,
    "Plan Rows": 1,
    "Plan Width": 8,
    "Actual Startup Time": 317.607,
    "Actual Total Time": 330.627,
    "Actual Rows": 1,
    "Actual Loops": 1,
    "Plans": [
      {
        "Node Type": "Gather",
        "Parent Relationship": "Outer",
        "Parallel Aware": false,
        "Startup Cost": 99455.36,
        "Total Cost": 99455.47,
        "Plan Rows": 1,
        "Plan Width": 8,
        "Actual Startup Time": 317.401,
        "Actual Total Time": 330.62,
        "Actual Rows": 2,
        "Actual Loops": 1,
        "Workers Planned": 1,
        "Workers Launched": 1,
        "Single Copy": false,
        "Plans": [
          {
            "Node Type": "Aggregate",
            "Strategy": "Plain",
            "Partial Mode": "Partial",
            "Parent Relationship": "Outer",
            "Parallel Aware": false,
            "Startup Cost": 98455.36,
            "Total Cost": 98455.37,
            "Plan Rows": 1,
            "Plan Width": 8,
            "Actual Startup Time": 311.743,
            "Actual Total Time": 311.747,
            "Actual Rows": 1,
            "Actual Loops": 2,
            "Plans": [
              {
                "Node Type": "Hash Join",
                "Parent Relationship": "Outer",
                "Parallel Aware": true,
                "Join Type": "Inner",
                "Startup Cost": 58479.74,
                "Total Cost": 98437.76,
                "Plan Rows": 7042,
                "Plan Width": 0,
                "Actual Startup Time": 151.913,
                "Actual Total Time": 311.644,
                "Actual Rows": 2024,
                "Actual Loops": 2,
                "Inner Unique": true,
                "Hash Cond": "(mc.movie_id = t.id)",
                "Plans": [
                  {
                    "Node Type": "Seq Scan",
                    "Parent Relationship": "Outer",
                    "Parallel Aware": true,
                    "Relation Name": "movie_companies",
                    "Alias": "mc",
                    "Startup Cost": 0.0,
                    "Total Cost": 37974.77,
                    "Plan Rows": 755522,
                    "Plan Width": 4,
                    "Actual Startup Time": 0.014,
                    "Actual Total Time": 110.346,
                    "Actual Rows": 637123,
                    "Actual Loops": 2,
                    "Filter": "(company_type_id < 2)",
                    "Rows Removed by Filter": 667442
                  },
                  {
                    "Node Type": "Hash",
                    "Parent Relationship": "Inner",
                    "Parallel Aware": true,
                    "Startup Cost": 58306.47,
                    "Total Cost": 58306.47,
                    "Plan Rows": 13862,
                    "Plan Width": 4,
                    "Actual Startup Time": 150.537,
                    "Actual Total Time": 150.539,
                    "Actual Rows": 12993,
                    "Actual Loops": 2,
                    "Hash Buckets": 32768,
                    "Original Hash Buckets": 32768,
                    "Hash Batches": 1,
                    "Original Hash Batches": 1,
                    "Peak Memory Usage": 1312,
                    "Plans": [
                      {
                        "Node Type": "Seq Scan",
                        "Parent Relationship": "Outer",
                        "Parallel Aware": true,
                        "Relation Name": "title",
                        "Alias": "t",
                        "Startup Cost": 0.0,
                        "Total Cost": 58306.47,
                        "Plan Rows": 13862,
                        "Plan Width": 4,
                        "Actual Startup Time": 0.057,
                        "Actual Total Time": 145.517,
                        "Actual Rows": 12993,
                        "Actual Loops": 2,
                        "Filter": "((kind_id = 7) AND (production_year = 1997))",
                        "Rows Removed by Filter": 1251163
                      }
                    ]
                  }
                ]
              }
            ]
          }
        ]
      }
    ]
  },
  "Planning Time": 0.461,
  "Triggers": [],
  "Execution Time": 330.701
}