[
  {
    "Plan": {
      "Node Type": "Aggregate",
      "Strategy": "Plain",
      "Partial Mode": "Finalize",
      "Parallel Aware": false,
      "Startup Cost": 89724.97,
      "Total Cost": 89724.98,
      "Plan Rows": 1,
      "Plan Width": 8,
      "Actual Startup Time": 345.402,
      "Actual Total Time": 363.413,
      "Actual Rows": 1,
      "Actual Loops": 1,
      "Plans": [
        {
          "Node Type": "Gather",
          "Parent Relationship": "Outer",
          "Parallel Aware": false,
          "Startup Cost": 89724.66,
          "Total Cost": 89724.97,
          "Plan Rows": 3,
          "Plan Width": 8,
          "Actual Startup Time": 344.424,
          "Actual Total Time": 363.406,
          "Actual Rows": 4,
          "Actual Loops": 1,
          "Workers Planned": 3,
          "Workers Launched": 3,
          "Single Copy": false,
          "Plans": [
            {
              "Node Type": "Aggregate",
              "Strategy": "Plain",
              "Partial Mode": "Partial",
              "Parent Relationship": "Outer",
              "Parallel Aware": false,
              "Startup Cost": 88724.66,
              "Total Cost": 88724.67,
              "Plan Rows": 1,
              "Plan Width": 8,
              "Actual Startup Time": 335.24,
              "Actual Total Time": 335.243,
              "Actual Rows": 1,
              "Actual Loops": 4,
              "Plans": [
                {
                  "Node Type": "Hash Join",
                  "Parent Relationship": "Outer",
                  "Parallel Aware": true,
                  "Join Type": "Inner",
                  "Startup Cost": 45730.65,
                  "Total Cost": 88608.73,
                  "Plan Rows": 46371,
                  "Plan Width": 0,
                  "Actual Startup Time": 161.337,
                  "Actual Total Time": 326.347,
                  "Actual Rows": 196268,
                  "Actual Loops": 4,
                  "Inner Unique": true,
                  "Hash Cond": "(mk.movie_id = t.id)",
                  "Plans": [
                    {
                      "Node Type": "Seq Scan",
                      "Parent Relationship": "Outer",
                      "Parallel Aware": true,
                      "Relation Name": "movie_keyword",
                      "Alias": "mk",
                      "Startup Cost": 0.0,
                      "Total Cost": 39047.32,
                      "Plan Rows": 1459332,
                      "Plan Width": 4,
                      "Actual Startup Time": 0.025,
                      "Actual Total Time": 90.314,
                      "Actual Rows": 1130982,
                      "Actual Loops": 4
                    },
                    {
                      "Node Type": "Hash",
                      "Parent Relationship": "Inner",
                      "Parallel Aware": true,
                      "Startup Cost": 45479.59,
                      "Total Cost": 45479.59,
                      "Plan Rows": 20085,
                      "Plan Width": 4,
                      "Actual Startup Time": 122.29,
                      "Actual Total Time": 122.291,
                      "Actual Rows": 53386,
                      "Actual Loops": 4,
                      "Hash Buckets": 262144,
                      "Original Hash Buckets": 131072,
                      "Hash Batches": 1,
                      "Original Hash Batches": 1,
                      "Peak Memory Usage": 11488,
                      "Plans": [
                        {
                          "Node Type": "Seq Scan",
                          "Parent Relationship": "Outer",
                          "Parallel Aware": true,
                          "Relation Name": "title",
                          "Alias": "t",
                          "Startup Cost": 0.0,
                          "Total Cost": 45479.59,
                          "Plan Rows": 20085,
                          "Plan Width": 4,
                          "Actual Startup Time": 61.957,
                          "Actual Total Time": 101.435,
                          "Actual Rows": 53386,
                          "Actual Loops": 4,
                          "Filter": "((production_year < 1967) AND (kind_id = 1))",
                          "Rows Removed by Filter": 578692
                        }
                      ]
                    }
                  ]
                }
              ]
            }
          ]
        }
      ]
    },
    "Planning Time": 0.689,
    "Triggers": [],
    "Execution Time": 363.482
  }
]