{
  "Plan": {
    "Node Type": "Aggregate",
    "Strategy": "Plain",
    "Partial Mode": "Finalize",
    "Parallel Aware": false,
    "Startup Cost": 117581.34,
    "Total Cost": 117581.35,
    "Plan Rows": 1,
    "Plan Width": 8,
    "Actual Startup Time": 325.156,
    "Actual Total Time": 339.451,
    "Actual Rows": 1,
    "Actual Loops": 1,
    "Plans": [
      {
        "Node Type": "Gather",
        "Parent Relationship": "Outer",
        "Parallel Aware": false,
        "Startup Cost": 117581.22,
        "Total Cost": 117581.33,
        "Plan Rows": 1,
        "Plan Width": 8,
        "Actual Startup Time": 324.848,
        "Actual Total Time": 339.435,
        "Actual Rows": 2,
        "Actual Loops": 1,
        "Workers Planned": 1,
        "Workers Launched": 1,
        "Single Copy": false,
        "Plans": [
          {
            "Node Type": "Aggregate",
            "Strategy": "Plain",
            "Partial Mode": "Partial",
            "Parent Relationship": "Outer",
            "Parallel Aware": false,
            "Startup Cost": 116581.22,
            "Total Cost": 116581.23,
            "Plan Rows": 1,
            "Plan Width": 8,
            "Actual Startup Time": 318.976,
            "Actual Total Time": 318.982,
            "Actual Rows": 1,
            "Actual Loops": 2,
            "Plans": [
              {
                "Node Type": "Hash Join",
                "Parent Relationship": "Outer",
                "Parallel Aware": true,
                "Join Type": "Inner",
                "Startup Cost": 87555.65,
                "Total Cost": 116579.32,
                "Plan Rows": 763,
                "Plan Width": 0,
                "Actual Startup Time": 236.221,
                "Actual Total Time": 318.636,
                "Actual Rows": 5629,
                "Actual Loops": 2,
                "Inner Unique": false,
                "Hash Cond": "(mk.movie_id = t.id)",
                "Plans": [
                  {
                    "Node Type": "Bitmap Heap Scan",
                    "Parent Relationship": "Outer",
                    "Parallel Aware": true,
                    "Relation Name": "movie_keyword",
                    "Alias": "mk",
                    "Startup Cost": 10133.73,
                    "Total Cost": 38099.4,
                    "Plan Rows": 280934,
                    "Plan Width": 4,
                    "Actual Startup Time": 29.368,
                    "Actual Total Time": 90.12,
                    "Actual Rows": 233226,
                    "Actual Loops": 2,
                    "Recheck Cond": "(keyword_id > 38185)",
                    "Rows Removed by Index Recheck": 0,
                    "Exact Heap Blocks": 13936,
                    "Lossy Heap Blocks": 0,
                    "Plans": [
                      {
                        "Node Type": "Bitmap Index Scan",
                        "Parent Relationship": "Outer",
                        "Parallel Aware": false,
                        "Index Name": "keyword_id_movie_keyword",
                        "Startup Cost": 0.0,
                        "Total Cost": 10014.34,
                        "Plan Rows": 477587,
                        "Plan Width": 0,
                        "Actual Startup Time": 25.969,
                        "Actual Total Time": 25.97,
                        "Actual Rows": 466452,
                        "Actual Loops": 1,
                        "Index Cond": "(keyword_id > 38185)"
                      }
                    ]
                  },
                  {
                    "Node Type": "Hash",
                    "Parent Relationship": "Inner",
                    "Parallel Aware": true,
                    "Startup Cost": 77371.45,
                    "Total Cost": 77371.45,
                    "Plan Rows": 4038,
                    "Plan Width": 8,
                    "Actual Startup Time": 206.145,
                    "Actual Total Time": 206.148,
                    "Actual Rows": 6610,
                    "Actual Loops": 2,
                    "Hash Buckets": 16384,
                    "Original Hash Buckets": 8192,
                    "Hash Batches": 1,
                    "Original Hash Batches": 1,
                    "Peak Memory Usage": 736,
                    "Plans": [
                      {
                        "Node Type": "Hash Join",
                        "Parent Relationship": "Outer",
                        "Parallel Aware": true,
                        "Join Type": "Inner",
                        "Startup Cost": 58587.13,
                        "Total Cost": 77371.45,
                        "Plan Rows": 4038,
                        "Plan Width": 8,
                        "Actual Startup Time": 132.603,
                        "Actual Total Time": 202.714,
                        "Actual Rows": 6610,
                        "Actual Loops": 2,
                        "Inner Unique": true,
                        "Hash Cond": "(mi_idx.movie_id = t.id)",
                        "Plans": [
                          {
                            "Node Type": "Seq Scan",
                            "Parent Relationship": "Outer",
                            "Parallel Aware": true,
                            "Relation Name": "movie_info_idx",
                            "Alias": "mi_idx",
                            "Startup Cost": 0.0,
                            "Total Cost": 18082.32,
                            "Plan Rows": 267429,
                            "Plan Width": 4,
                            "Actual Startup Time": 0.018,
                            "Actual Total Time": 48.202,
                            "Actual Rows": 229962,
                            "Actual Loops": 2,
                            "Filter": "(info_type_id = 99)",
                            "Rows Removed by Filter": 460055
                          },
                          {
                            "Node Type": "Hash",
                            "Parent Relationship": "Inner",
                            "Parallel Aware": true,
                            "Startup Cost": 58306.47,
                            "Total Cost": 58306.47,
                            "Plan Rows": 22453,
                            "Plan Width": 4,
                            "Actual Startup Time": 132.15,
                            "Actual Total Time": 132.15,
                            "Actual Rows": 16126,
                            "Actual Loops": 2,
                            "Hash Buckets": 65536,
                            "Original Hash Buckets": 65536,
                            "Hash Batches": 1,
                            "Original Hash Batches": 1,
                            "Peak Memory Usage": 1792,
                            "Plans": [
                              {
                                "Node Type": "Seq Scan",
                                "Parent Relationship": "Outer",
                                "Parallel Aware": true,
                                "Relation Name": "title",
                                "Alias": "t",
                                "Startup Cost": 0.0,
                                "Total Cost": 58306.47,
                                "Plan Rows": 22453,
                                "Plan Width": 4,
                                "Actual Startup Time": 0.065,
                                "Actual Total Time": 127.861,
                                "Actual Rows": 16126,
                                "Actual Loops": 2,
                                "Filter": "((kind_id < 7) AND (production_year = 2005))",
                                "Rows Removed by Filter": 1248030
                              }
                            ]
                          }
                        ]
                      }
                    ]
                  }
                ]
              }
            ]
          }
        ]
      }
    ]
  },
  "Planning Time": 0.655,
  "Triggers": [],
  "Execution Time": 339.519
}