[
  {
    "Plan": {
      "Node Type": "Aggregate",
      "Strategy": "Plain",
      "Partial Mode": "Finalize",
      "Parallel Aware": false,
      "Startup Cost": 320450.47,
      "Total Cost": 320450.48,
      "Plan Rows": 1,
      "Plan Width": 8,
      "Actual Startup Time": 1089.813,
      "Actual Total Time": 1117.706,
      "Actual Rows": 1,
      "Actual Loops": 1,
      "Plans": [
        {
          "Node Type": "Gather",
          "Parent Relationship": "Outer",
          "Parallel Aware": false,
          "Startup Cost": 320449.95,
          "Total Cost": 320450.46,
          "Plan Rows": 5,
          "Plan Width": 8,
          "Actual Startup Time": 1077.765,
          "Actual Total Time": 1117.696,
          "Actual Rows": 6,
          "Actual Loops": 1,
          "Workers Planned": 5,
          "Workers Launched": 5,
          "Single Copy": false,
          "Plans": [
            {
              "Node Type": "Aggregate",
              "Strategy": "Plain",
              "Partial Mode": "Partial",
              "Parent Relationship": "Outer",
              "Parallel Aware": false,
              "Startup Cost": 319449.95,
              "Total Cost": 319449.96,
              "Plan Rows": 1,
              "Plan Width": 8,
              "Actual Startup Time": 1065.924,
              "Actual Total Time": 1066.279,
              "Actual Rows": 1,
              "Actual Loops": 6,
              "Plans": [
                {
                  "Node Type": "Hash Join",
                  "Parent Relationship": "Outer",
                  "Parallel Aware": true,
                  "Join Type": "Inner",
                  "Startup Cost": 102812.66,
                  "Total Cost": 313307.68,
                  "Plan Rows": 2456907,
                  "Plan Width": 0,
                  "Actual Startup Time": 354.902,
                  "Actual Total Time": 1028.794,
                  "Actual Rows": 909673,
                  "Actual Loops": 6,
                  "Inner Unique": false,
                  "Hash Cond": "(mi.movie_id = t.id)",
                  "Plans": [
                    {
                      "Node Type": "Seq Scan",
                      "Parent Relationship": "Outer",
                      "Parallel Aware": true,
                      "Relation Name": "movie_info",
                      "Alias": "mi",
                      "Startup Cost": 0.0,
                      "Total Cost": 191503.19,
                      "Plan Rows": 2951019,
                      "Plan Width": 4,
                      "Actual Startup Time": 0.021,
                      "Actual Total Time": 271.509,
                      "Actual Rows": 2472620,
                      "Actual Loops": 6
                    },
                    {
                      "Node Type": "Hash",
                      "Parent Relationship": "Inner",
                      "Parallel Aware": true,
                      "Startup Cost": 94324.81,
                      "Total Cost": 94324.81,
                      "Plan Rows": 679028,
                      "Plan Width": 8,
                      "Actual Startup Time": 349.408,
                      "Actual Total Time": 349.762,
                      "Actual Rows": 85861,
                      "Actual Loops": 6,
                      "Hash Buckets": 4194304,
                      "Original Hash Buckets": 4194304,
                      "Hash Batches": 1,
                      "Original Hash Batches": 1,
                      "Peak Memory Usage": 53024,
                      "Plans": [
                        {
                          "Node Type": "Hash Join",
                          "Parent Relationship": "Outer",
                          "Parallel Aware": true,
                          "Join Type": "Inner",
                          "Startup Cost": 48689.12,
                          "Total Cost": 94324.81,
                          "Plan Rows": 679028,
                          "Plan Width": 8,
                          "Actual Startup Time": 176.535,
                          "Actual Total Time": 315.496,
                          "Actual Rows": 85861,
                          "Actual Loops": 6,
                          "Inner Unique": true,
                          "Hash Cond": "(mk.movie_id = t.id)",
                          "Plans": [
                            {
                              "Node Type": "Seq Scan",
                              "Parent Relationship": "Outer",
                              "Parallel Aware": true,
                              "Relation Name": "movie_keyword",
                              "Alias": "mk",
                              "Startup Cost": 0.0,
                              "Total Cost": 42695.65,
                              "Plan Rows": 1120015,
                              "Plan Width": 4,
                              "Actual Startup Time": 0.039,
                              "Actual Total Time": 76.752,
                              "Actual Rows": 577714,
                              "Actual Loops": 6,
                              "Filter": "(keyword_id > 1050)",
                              "Rows Removed by Filter": 176274
                            },
                            {
                              "Node Type": "Hash",
                              "Parent Relationship": "Inner",
                              "Parallel Aware": true,
                              "Startup Cost": 43899.01,
                              "Total Cost": 43899.01,
                              "Plan Rows": 383209,
                              "Plan Width": 4,
                              "Actual Startup Time": 174.405,
                              "Actual Total Time": 174.406,
                              "Actual Rows": 257211,
                              "Actual Loops": 6,
                              "Hash Buckets": 2097152,
                              "Original Hash Buckets": 2097152,
                              "Hash Batches": 1,
                              "Original Hash Batches": 1,
                              "Peak Memory Usage": 76864,
                              "Plans": [
                                {
                                  "Node Type": "Seq Scan",
                                  "Parent Relationship": "Outer",
                                  "Parallel Aware": true,
                                  "Relation Name": "title",
                                  "Alias": "t",
                                  "Startup Cost": 0.0,
                                  "Total Cost": 43899.01,
                                  "Plan Rows": 383209,
                                  "Plan Width": 4,
                                  "Actual Startup Time": 0.034,
                                  "Actual Total Time": 74.472,
                                  "Actual Rows": 257211,
                                  "Actual Loops": 6,
                                  "Filter": "(kind_id = 7)",
                                  "Rows Removed by Filter": 164175
                                }
                              ]
                            }
                          ]
                        }
                      ]
                    }
                  ]
                }
              ]
            }
          ]
        }
      ]
    },
    "Planning Time": 0.507,
    "Triggers": [],
    "Execution Time": 1117.751
  }
]