[
  {
    "Plan": {
      "Node Type": "Aggregate",
      "Strategy": "Plain",
      "Partial Mode": "Finalize",
      "Parallel Aware": false,
      "Startup Cost": 271007.61,
      "Total Cost": 271007.62,
      "Plan Rows": 1,
      "Plan Width": 8,
      "Actual Startup Time": 791.479,
      "Actual Total Time": 814.056,
      "Actual Rows": 1,
      "Actual Loops": 1,
      "Plans": [
        {
          "Node Type": "Gather",
          "Parent Relationship": "Outer",
          "Parallel Aware": false,
          "Startup Cost": 271007.3,
          "Total Cost": 271007.61,
          "Plan Rows": 3,
          "Plan Width": 8,
          "Actual Startup Time": 782.872,
          "Actual Total Time": 814.044,
          "Actual Rows": 4,
          "Actual Loops": 1,
          "Workers Planned": 3,
          "Workers Launched": 3,
          "Single Copy": false,
          "Plans": [
            {
              "Node Type": "Aggregate",
              "Strategy": "Plain",
              "Partial Mode": "Partial",
              "Parent Relationship": "Outer",
              "Parallel Aware": false,
              "Startup Cost": 270007.3,
              "Total Cost": 270007.31,
              "Plan Rows": 1,
              "Plan Width": 8,
              "Actual Startup Time": 772.821,
              "Actual Total Time": 772.962,
              "Actual Rows": 1,
              "Actual Loops": 4,
              "Plans": [
                {
                  "Node Type": "Hash Join",
                  "Parent Relationship": "Outer",
                  "Parallel Aware": true,
                  "Join Type": "Inner",
                  "Startup Cost": 224449.98,
                  "Total Cost": 269430.91,
                  "Plan Rows": 230555,
                  "Plan Width": 0,
                  "Actual Startup Time": 446.543,
                  "Actual Total Time": 732.52,
                  "Actual Rows": 719882,
                  "Actual Loops": 4,
                  "Inner Unique": false,
                  "Hash Cond": "(mk.movie_id = t.id)",
                  "Plans": [
                    {
                      "Node Type": "Seq Scan",
                      "Parent Relationship": "Outer",
                      "Parallel Aware": true,
                      "Relation Name": "movie_keyword",
                      "Alias": "mk",
                      "Startup Cost": 0.0,
                      "Total Cost": 39047.32,
                      "Plan Rows": 1459332,
                      "Plan Width": 4,
                      "Actual Startup Time": 0.034,
                      "Actual Total Time": 104.24,
                      "Actual Rows": 1130982,
                      "Actual Loops": 4
                    },
                    {
                      "Node Type": "Hash",
                      "Parent Relationship": "Inner",
                      "Parallel Aware": true,
                      "Startup Cost": 223451.34,
                      "Total Cost": 223451.34,
                      "Plan Rows": 79891,
                      "Plan Width": 8,
                      "Actual Startup Time": 444.432,
                      "Actual Total Time": 444.572,
                      "Actual Rows": 70813,
                      "Actual Loops": 4,
                      "Hash Buckets": 524288,
                      "Original Hash Buckets": 524288,
                      "Hash Batches": 1,
                      "Original Hash Batches": 1,
                      "Peak Memory Usage": 15264,
                      "Plans": [
                        {
                          "Node Type": "Hash Join",
                          "Parent Relationship": "Outer",
                          "Parallel Aware": true,
                          "Join Type": "Inner",
                          "Startup Cost": 59735.32,
                          "Total Cost": 223451.34,
                          "Plan Rows": 79891,
                          "Plan Width": 8,
                          "Actual Startup Time": 332.944,
                          "Actual Total Time": 419.293,
                          "Actual Rows": 70813,
                          "Actual Loops": 4,
                          "Inner Unique": true,
                          "Hash Cond": "(mi.movie_id = t.id)",
                          "Plans": [
                            {
                              "Node Type": "Bitmap Heap Scan",
                              "Parent Relationship": "Outer",
                              "Parallel Aware": true,
                              "Relation Name": "movie_info",
                              "Alias": "mi",
                              "Startup Cost": 10294.8,
                              "Total Cost": 173711.78,
                              "Plan Rows": 113919,
                              "Plan Width": 4,
                              "Actual Startup Time": 33.755,
                              "Actual Total Time": 77.768,
                              "Actual Rows": 149614,
                              "Actual Loops": 4,
                              "Recheck Cond": "(info_type_id = 15)",
                              "Rows Removed by Index Recheck": 0,
                              "Exact Heap Blocks": 5974,
                              "Lossy Heap Blocks": 0,
                              "Plans": [
                                {
                                  "Node Type": "Bitmap Index Scan",
                                  "Parent Relationship": "Outer",
                                  "Parallel Aware": false,
                                  "Index Name": "info_type_id_movie_info",
                                  "Startup Cost": 0.0,
                                  "Total Cost": 10152.4,
                                  "Plan Rows": 569595,
                                  "Plan Width": 0,
                                  "Actual Startup Time": 28.824,
                                  "Actual Total Time": 28.825,
                                  "Actual Rows": 598457,
                                  "Actual Loops": 1,
                                  "Index Cond": "(info_type_id = 15)"
                                }
                              ]
                            },
                            {
                              "Node Type": "Hash",
                              "Parent Relationship": "Inner",
                              "Parallel Aware": true,
                              "Startup Cost": 43899.32,
                              "Total Cost": 43899.32,
                              "Plan Rows": 443296,
                              "Plan Width": 4,
                              "Actual Startup Time": 294.272,
                              "Actual Total Time": 294.273,
                              "Actual Rows": 443659,
                              "Actual Loops": 4,
                              "Hash Buckets": 2097152,
                              "Original Hash Buckets": 2097152,
                              "Hash Batches": 1,
                              "Original Hash Batches": 1,
                              "Peak Memory Usage": 85888,
                              "Plans": [
                                {
                                  "Node Type": "Seq Scan",
                                  "Parent Relationship": "Outer",
                                  "Parallel Aware": true,
                                  "Relation Name": "title",
                                  "Alias": "t",
                                  "Startup Cost": 0.0,
                                  "Total Cost": 43899.32,
                                  "Plan Rows": 443296,
                                  "Plan Width": 4,
                                  "Actual Startup Time": 0.054,
                                  "Actual Total Time": 125.733,
                                  "Actual Rows": 443659,
                                  "Actual Loops": 4,
                                  "Filter": "(kind_id > 2)",
                                  "Rows Removed by Filter": 188419
                                }
                              ]
                            }
                          ]
                        }
                      ]
                    }
                  ]
                }
              ]
            }
          ]
        }
      ]
    },
    "Planning Time": 0.59,
    "Triggers": [],
    "Execution Time": 814.118
  }
]