[
  {
    "Plan": {
      "Node Type": "Aggregate",
      "Strategy": "Plain",
      "Partial Mode": "Finalize",
      "Parallel Aware": false,
      "Startup Cost": 384424.15,
      "Total Cost": 384424.16,
      "Plan Rows": 1,
      "Plan Width": 8,
      "Actual Startup Time": 1265.158,
      "Actual Total Time": 1317.744,
      "Actual Rows": 1,
      "Actual Loops": 1,
      "Plans": [
        {
          "Node Type": "Gather",
          "Parent Relationship": "Outer",
          "Parallel Aware": false,
          "Startup Cost": 384423.53,
          "Total Cost": 384424.14,
          "Plan Rows": 6,
          "Plan Width": 8,
          "Actual Startup Time": 1263.835,
          "Actual Total Time": 1317.73,
          "Actual Rows": 7,
          "Actual Loops": 1,
          "Workers Planned": 6,
          "Workers Launched": 6,
          "Single Copy": false,
          "Plans": [
            {
              "Node Type": "Aggregate",
              "Strategy": "Plain",
              "Partial Mode": "Partial",
              "Parent Relationship": "Outer",
              "Parallel Aware": false,
              "Startup Cost": 383423.53,
              "Total Cost": 383423.54,
              "Plan Rows": 1,
              "Plan Width": 8,
              "Actual Startup Time": 1255.299,
              "Actual Total Time": 1255.303,
              "Actual Rows": 1,
              "Actual Loops": 7,
              "Plans": [
                {
                  "Node Type": "Hash Join",
                  "Parent Relationship": "Outer",
                  "Parallel Aware": true,
                  "Join Type": "Inner",
                  "Startup Cost": 44349.62,
                  "Total Cost": 382864.3,
                  "Plan Rows": 223692,
                  "Plan Width": 0,
                  "Actual Startup Time": 309.876,
                  "Actual Total Time": 1249.44,
                  "Actual Rows": 104998,
                  "Actual Loops": 7,
                  "Inner Unique": true,
                  "Hash Cond": "(ci.movie_id = t.id)",
                  "Plans": [
                    {
                      "Node Type": "Seq Scan",
                      "Parent Relationship": "Outer",
                      "Parallel Aware": true,
                      "Relation Name": "cast_info",
                      "Alias": "ci",
                      "Startup Cost": 0.0,
                      "Total Cost": 328211.39,
                      "Plan Rows": 3925053,
                      "Plan Width": 4,
                      "Actual Startup Time": 221.008,
                      "Actual Total Time": 714.018,
                      "Actual Rows": 3367665,
                      "Actual Loops": 7,
                      "Filter": "(role_id > 1)",
                      "Rows Removed by Filter": 1810098
                    },
                    {
                      "Node Type": "Hash",
                      "Parent Relationship": "Inner",
                      "Parallel Aware": true,
                      "Startup Cost": 43899.32,
                      "Total Cost": 43899.32,
                      "Plan Rows": 36024,
                      "Plan Width": 4,
                      "Actual Startup Time": 87.113,
                      "Actual Total Time": 87.115,
                      "Actual Rows": 22500,
                      "Actual Loops": 7,
                      "Hash Buckets": 262144,
                      "Original Hash Buckets": 262144,
                      "Hash Batches": 1,
                      "Original Hash Batches": 1,
                      "Peak Memory Usage": 8288,
                      "Plans": [
                        {
                          "Node Type": "Seq Scan",
                          "Parent Relationship": "Outer",
                          "Parallel Aware": true,
                          "Relation Name": "title",
                          "Alias": "t",
                          "Startup Cost": 0.0,
                          "Total Cost": 43899.32,
                          "Plan Rows": 36024,
                          "Plan Width": 4,
                          "Actual Startup Time": 6.265,
                          "Actual Total Time": 76.893,
                          "Actual Rows": 22500,
                          "Actual Loops": 7,
                          "Filter": "(production_year < 1948)",
                          "Rows Removed by Filter": 338688
                        }
                      ]
                    }
                  ]
                }
              ]
            }
          ]
        }
      ]
    },
    "Planning Time": 0.276,
    "Triggers": [],
    "Execution Time": 1317.798
  }
]