[
  {
    "Plan": {
      "Node Type": "Aggregate",
      "Strategy": "Plain",
      "Partial Mode": "Finalize",
      "Parallel Aware": false,
      "Startup Cost": 33061.81,
      "Total Cost": 33061.82,
      "Plan Rows": 1,
      "Plan Width": 8,
      "Actual Startup Time": 90.805,
      "Actual Total Time": 98.387,
      "Actual Rows": 1,
      "Actual Loops": 1,
      "Plans": [
        {
          "Node Type": "Gather",
          "Parent Relationship": "Outer",
          "Parallel Aware": false,
          "Startup Cost": 33061.49,
          "Total Cost": 33061.8,
          "Plan Rows": 3,
          "Plan Width": 8,
          "Actual Startup Time": 90.675,
          "Actual Total Time": 98.377,
          "Actual Rows": 4,
          "Actual Loops": 1,
          "Workers Planned": 3,
          "Workers Launched": 3,
          "Single Copy": false,
          "Plans": [
            {
              "Node Type": "Aggregate",
              "Strategy": "Plain",
              "Partial Mode": "Partial",
              "Parent Relationship": "Outer",
              "Parallel Aware": false,
              "Startup Cost": 32061.49,
              "Total Cost": 32061.5,
              "Plan Rows": 1,
              "Plan Width": 8,
              "Actual Startup Time": 86.919,
              "Actual Total Time": 86.92,
              "Actual Rows": 1,
              "Actual Loops": 4,
              "Plans": [
                {
                  "Node Type": "Seq Scan",
                  "Parent Relationship": "Outer",
                  "Parallel Aware": true,
                  "Relation Name": "movie_companies",
                  "Alias": "mc",
                  "Startup Cost": 0.0,
                  "Total Cost": 31414.82,
                  "Plan Rows": 258668,
                  "Plan Width": 0,
                  "Actual Startup Time": 37.098,
                  "Actual Total Time": 75.303,
                  "Actual Rows": 253914,
                  "Actual Loops": 4,
                  "Filter": "((company_id > 6008) AND (company_type_id = 2))",
                  "Rows Removed by Filter": 398368
                }
              ]
            }
          ]
        }
      ]
    },
    "Planning Time": 0.223,
    "Triggers": [],
    "Execution Time": 98.443
  }
]