[
  {
    "Plan": {
      "Node Type": "Aggregate",
      "Strategy": "Plain",
      "Partial Mode": "Finalize",
      "Parallel Aware": false,
      "Startup Cost": 119838.34,
      "Total Cost": 119838.35,
      "Plan Rows": 1,
      "Plan Width": 8,
      "Actual Startup Time": 208.696,
      "Actual Total Time": 229.685,
      "Actual Rows": 1,
      "Actual Loops": 1,
      "Plans": [
        {
          "Node Type": "Gather",
          "Parent Relationship": "Outer",
          "Parallel Aware": false,
          "Startup Cost": 119837.82,
          "Total Cost": 119838.33,
          "Plan Rows": 5,
          "Plan Width": 8,
          "Actual Startup Time": 208.493,
          "Actual Total Time": 229.677,
          "Actual Rows": 6,
          "Actual Loops": 1,
          "Workers Planned": 5,
          "Workers Launched": 5,
          "Single Copy": false,
          "Plans": [
            {
              "Node Type": "Aggregate",
              "Strategy": "Plain",
              "Partial Mode": "Partial",
              "Parent Relationship": "Outer",
              "Parallel Aware": false,
              "Startup Cost": 118837.82,
              "Total Cost": 118837.83,
              "Plan Rows": 1,
              "Plan Width": 8,
              "Actual Startup Time": 201.627,
              "Actual Total Time": 201.631,
              "Actual Rows": 1,
              "Actual Loops": 6,
              "Plans": [
                {
                  "Node Type": "Hash Join",
                  "Parent Relationship": "Outer",
                  "Parallel Aware": true,
                  "Join Type": "Inner",
                  "Startup Cost": 45497.18,
                  "Total Cost": 118836.94,
                  "Plan Rows": 351,
                  "Plan Width": 0,
                  "Actual Startup Time": 75.191,
                  "Actual Total Time": 201.572,
                  "Actual Rows": 560,
                  "Actual Loops": 6,
                  "Inner Unique": true,
                  "Hash Cond": "(ci.movie_id = t.id)",
                  "Plans": [
                    {
                      "Node Type": "Index Scan",
                      "Parent Relationship": "Outer",
                      "Parallel Aware": true,
                      "Scan Direction": "Forward",
                      "Index Name": "role_id_cast_info",
                      "Relation Name": "cast_info",
                      "Alias": "ci",
                      "Startup Cost": 0.56,
                      "Total Cost": 72913.16,
                      "Plan Rows": 162734,
                      "Plan Width": 4,
                      "Actual Startup Time": 0.185,
                      "Actual Total Time": 103.814,
                      "Actual Rows": 218100,
                      "Actual Loops": 6,
                      "Index Cond": "(role_id = 4)",
                      "Rows Removed by Index Recheck": 0,
                      "Filter": "(person_id > 2613493)",
                      "Rows Removed by Filter": 236724
                    },
                    {
                      "Node Type": "Hash",
                      "Parent Relationship": "Inner",
                      "Parallel Aware": true,
                      "Startup Cost": 45479.59,
                      "Total Cost": 45479.59,
                      "Plan Rows": 1362,
                      "Plan Width": 4,
                      "Actual Startup Time": 73.145,
                      "Actual Total Time": 73.146,
                      "Actual Rows": 1076,
                      "Actual Loops": 6,
                      "Hash Buckets": 8192,
                      "Original Hash Buckets": 8192,
                      "Hash Batches": 1,
                      "Original Hash Batches": 1,
                      "Peak Memory Usage": 416,
                      "Plans": [
                        {
                          "Node Type": "Seq Scan",
                          "Parent Relationship": "Outer",
                          "Parallel Aware": true,
                          "Relation Name": "title",
                          "Alias": "t",
                          "Startup Cost": 0.0,
                          "Total Cost": 45479.59,
                          "Plan Rows": 1362,
                          "Plan Width": 4,
                          "Actual Startup Time": 0.074,
                          "Actual Total Time": 72.432,
                          "Actual Rows": 1076,
                          "Actual Loops": 6,
                          "Filter": "((kind_id = 7) AND (production_year = 1964))",
                          "Rows Removed by Filter": 420310
                        }
                      ]
                    }
                  ]
                }
              ]
            }
          ]
        }
      ]
    },
    "Planning Time": 0.261,
    "Triggers": [],
    "Execution Time": 229.727
  }
]