{
  "Plan": {
    "Node Type": "Aggregate",
    "Strategy": "Plain",
    "Partial Mode": "Finalize",
    "Parallel Aware": false,
    "Startup Cost": 145431.5,
    "Total Cost": 145431.51,
    "Plan Rows": 1,
    "Plan Width": 8,
    "Actual Startup Time": 843.136,
    "Actual Total Time": 861.486,
    "Actual Rows": 1,
    "Actual Loops": 1,
    "Plans": [
      {
        "Node Type": "Gather",
        "Parent Relationship": "Outer",
        "Parallel Aware": false,
        "Startup Cost": 145431.38,
        "Total Cost": 145431.49,
        "Plan Rows": 1,
        "Plan Width": 8,
        "Actual Startup Time": 842.705,
        "Actual Total Time": 861.476,
        "Actual Rows": 2,
        "Actual Loops": 1,
        "Workers Planned": 1,
        "Workers Launched": 1,
        "Single Copy": false,
        "Plans": [
          {
            "Node Type": "Aggregate",
            "Strategy": "Plain",
            "Partial Mode": "Partial",
            "Parent Relationship": "Outer",
            "Parallel Aware": false,
            "Startup Cost": 144431.38,
            "Total Cost": 144431.39,
            "Plan Rows": 1,
            "Plan Width": 8,
            "Actual Startup Time": 835.77,
            "Actual Total Time": 835.778,
            "Actual Rows": 1,
            "Actual Loops": 2,
            "Plans": [
              {
                "Node Type": "Hash Join",
                "Parent Relationship": "Outer",
                "Parallel Aware": true,
                "Join Type": "Inner",
                "Startup Cost": 83176.45,
                "Total Cost": 144368.65,
                "Plan Rows": 25092,
                "Plan Width": 0,
                "Actual Startup Time": 360.086,
                "Actual Total Time": 835.043,
                "Actual Rows": 10468,
                "Actual Loops": 2,
                "Inner Unique": false,
                "Hash Cond": "(mk.movie_id = t.id)",
                "Plans": [
                  {
                    "Node Type": "Seq Scan",
                    "Parent Relationship": "Outer",
                    "Parallel Aware": true,
                    "Relation Name": "movie_keyword",
                    "Alias": "mk",
                    "Startup Cost": 0.0,
                    "Total Cost": 51065.35,
                    "Plan Rows": 2661135,
                    "Plan Width": 4,
                    "Actual Startup Time": 0.015,
                    "Actual Total Time": 247.788,
                    "Actual Rows": 2261965,
                    "Actual Loops": 2
                  },
                  {
                    "Node Type": "Hash",
                    "Parent Relationship": "Inner",
                    "Parallel Aware": true,
                    "Startup Cost": 83001.16,
                    "Total Cost": 83001.16,
                    "Plan Rows": 14023,
                    "Plan Width": 8,
                    "Actual Startup Time": 358.459,
                    "Actual Total Time": 358.465,
                    "Actual Rows": 4802,
                    "Actual Loops": 2,
                    "Hash Buckets": 32768,
                    "Original Hash Buckets": 32768,
                    "Hash Batches": 1,
                    "Original Hash Batches": 1,
                    "Peak Memory Usage": 672,
                    "Plans": [
                      {
                        "Node Type": "Hash Join",
                        "Parent Relationship": "Outer",
                        "Parallel Aware": true,
                        "Join Type": "Inner",
                        "Startup Cost": 21058.73,
                        "Total Cost": 83001.16,
                        "Plan Rows": 14023,
                        "Plan Width": 8,
                        "Actual Startup Time": 44.85,
                        "Actual Total Time": 355.938,
                        "Actual Rows": 4802,
                        "Actual Loops": 2,
                        "Inner Unique": false,
                        "Hash Cond": "(t.id = mc.movie_id)",
                        "Plans": [
                          {
                            "Node Type": "Seq Scan",
                            "Parent Relationship": "Outer",
                            "Parallel Aware": true,
                            "Relation Name": "title",
                            "Alias": "t",
                            "Startup Cost": 0.0,
                            "Total Cost": 58306.47,
                            "Plan Rows": 568555,
                            "Plan Width": 4,
                            "Actual Startup Time": 0.013,
                            "Actual Total Time": 214.838,
                            "Actual Rows": 528472,
                            "Actual Loops": 2,
                            "Filter": "((kind_id > 4) AND (production_year > 1996))",
                            "Rows Removed by Filter": 735684
                          },
                          {
                            "Node Type": "Hash",
                            "Parent Relationship": "Inner",
                            "Parallel Aware": true,
                            "Startup Cost": 20600.22,
                            "Total Cost": 20600.22,
                            "Plan Rows": 36681,
                            "Plan Width": 4,
                            "Actual Startup Time": 44.284,
                            "Actual Total Time": 44.287,
                            "Actual Rows": 31038,
                            "Actual Loops": 2,
                            "Hash Buckets": 65536,
                            "Original Hash Buckets": 65536,
                            "Hash Batches": 1,
                            "Original Hash Batches": 1,
                            "Peak Memory Usage": 2976,
                            "Plans": [
                              {
                                "Node Type": "Bitmap Heap Scan",
                                "Parent Relationship": "Outer",
                                "Parallel Aware": true,
                                "Relation Name": "movie_companies",
                                "Alias": "mc",
                                "Startup Cost": 1351.7,
                                "Total Cost": 20600.22,
                                "Plan Rows": 36681,
                                "Plan Width": 4,
                                "Actual Startup Time": 7.938,
                                "Actual Total Time": 28.114,
                                "Actual Rows": 31038,
                                "Actual Loops": 2,
                                "Recheck Cond": "(company_id = 6)",
                                "Rows Removed by Index Recheck": 0,
                                "Exact Heap Blocks": 4124,
                                "Lossy Heap Blocks": 0,
                                "Plans": [
                                  {
                                    "Node Type": "Bitmap Index Scan",
                                    "Parent Relationship": "Outer",
                                    "Parallel Aware": false,
                                    "Index Name": "company_id_movie_companies",
                                    "Startup Cost": 0.0,
                                    "Total Cost": 1336.12,
                                    "Plan Rows": 62358,
                                    "Plan Width": 0,
                                    "Actual Startup Time": 10.665,
                                    "Actual Total Time": 10.666,
                                    "Actual Rows": 62075,
                                    "Actual Loops": 1,
                                    "Index Cond": "(company_id = 6)"
                                  }
                                ]
                              }
                            ]
                          }
                        ]
                      }
                    ]
                  }
                ]
              }
            ]
          }
        ]
      }
    ]
  },
  "Planning Time": 1.147,
  "Triggers": [],
  "Execution Time": 861.594
}