{
  "Plan": {
    "Node Type": "Aggregate",
    "Strategy": "Plain",
    "Partial Mode": "Finalize",
    "Parallel Aware": false,
    "Startup Cost": 1531232.83,
    "Total Cost": 1531232.84,
    "Plan Rows": 1,
    "Plan Width": 8,
    "Actual Startup Time": 6687.617,
    "Actual Total Time": 6722.302,
    "Actual Rows": 1,
    "Actual Loops": 1,
    "Plans": [
      {
        "Node Type": "Gather",
        "Parent Relationship": "Outer",
        "Parallel Aware": false,
        "Startup Cost": 1531232.72,
        "Total Cost": 1531232.83,
        "Plan Rows": 1,
        "Plan Width": 8,
        "Actual Startup Time": 5732.249,
        "Actual Total Time": 6722.285,
        "Actual Rows": 2,
        "Actual Loops": 1,
        "Workers Planned": 1,
        "Workers Launched": 1,
        "Single Copy": false,
        "Plans": [
          {
            "Node Type": "Aggregate",
            "Strategy": "Plain",
            "Partial Mode": "Partial",
            "Parent Relationship": "Outer",
            "Parallel Aware": false,
            "Startup Cost": 1530232.72,
            "Total Cost": 1530232.73,
            "Plan Rows": 1,
            "Plan Width": 8,
            "Actual Startup Time": 6191.665,
            "Actual Total Time": 6191.672,
            "Actual Rows": 1,
            "Actual Loops": 2,
            "Plans": [
              {
                "Node Type": "Merge Join",
                "Parent Relationship": "Outer",
                "Parallel Aware": false,
                "Join Type": "Inner",
                "Startup Cost": 1412124.98,
                "Total Cost": 1517212.85,
                "Plan Rows": 5207950,
                "Plan Width": 0,
                "Actual Startup Time": 4346.924,
                "Actual Total Time": 5924.212,
                "Actual Rows": 5987142,
                "Actual Loops": 2,
                "Inner Unique": false,
                "Merge Cond": "(ci.movie_id = t.id)",
                "Plans": [
                  {
                    "Node Type": "Sort",
                    "Parent Relationship": "Outer",
                    "Parallel Aware": false,
                    "Startup Cost": 1004354.65,
                    "Total Cost": 1017844.88,
                    "Plan Rows": 5396091,
                    "Plan Width": 4,
                    "Actual Startup Time": 1711.283,
                    "Actual Total Time": 2084.511,
                    "Actual Rows": 2858240,
                    "Actual Loops": 2,
                    "Sort Key": [
                      "ci.movie_id"
                    ],
                    "Sort Method": "quicksort",
                    "Sort Space Used": 235745,
                    "Sort Space Type": "Memory",
                    "Workers": [
                      {
                        "Worker Number": 0,
                        "Sort Method": "quicksort",
                        "Sort Space Used": 228831,
                        "Sort Space Type": "Memory"
                      }
                    ],
                    "Plans": [
                      {
                        "Node Type": "Index Scan",
                        "Parent Relationship": "Outer",
                        "Parallel Aware": true,
                        "Scan Direction": "Forward",
                        "Index Name": "role_id_cast_info",
                        "Relation Name": "cast_info",
                        "Alias": "ci",
                        "Startup Cost": 0.56,
                        "Total Cost": 400977.7,
                        "Plan Rows": 5396091,
                        "Plan Width": 4,
                        "Actual Startup Time": 468.735,
                        "Actual Total Time": 1005.32,
                        "Actual Rows": 2858324,
                        "Actual Loops": 2,
                        "Index Cond": "(role_id = 1)",
                        "Rows Removed by Index Recheck": 0,
                        "Filter": "(person_id > 950591)",
                        "Rows Removed by Filter": 3477020
                      }
                    ]
                  },
                  {
                    "Node Type": "Sort",
                    "Parent Relationship": "Inner",
                    "Parallel Aware": false,
                    "Startup Cost": 407769.75,
                    "Total Cost": 413870.1,
                    "Plan Rows": 2440141,
                    "Plan Width": 8,
                    "Actual Startup Time": 2635.622,
                    "Actual Total Time": 2921.294,
                    "Actual Rows": 6794581,
                    "Actual Loops": 2,
                    "Sort Key": [
                      "mc.movie_id"
                    ],
                    "Sort Method": "quicksort",
                    "Sort Space Used": 210922,
                    "Sort Space Type": "Memory",
                    "Workers": [
                      {
                        "Worker Number": 0,
                        "Sort Method": "quicksort",
                        "Sort Space Used": 210922,
                        "Sort Space Type": "Memory"
                      }
                    ],
                    "Plans": [
                      {
                        "Node Type": "Hash Join",
                        "Parent Relationship": "Outer",
                        "Parallel Aware": false,
                        "Join Type": "Inner",
                        "Startup Cost": 97158.43,
                        "Total Cost": 148888.69,
                        "Plan Rows": 2440141,
                        "Plan Width": 8,
                        "Actual Startup Time": 841.51,
                        "Actual Total Time": 1985.719,
                        "Actual Rows": 2402517,
                        "Actual Loops": 2,
                        "Inner Unique": true,
                        "Hash Cond": "(mc.movie_id = t.id)",
                        "Plans": [
                          {
                            "Node Type": "Seq Scan",
                            "Parent Relationship": "Outer",
                            "Parallel Aware": false,
                            "Relation Name": "movie_companies",
                            "Alias": "mc",
                            "Startup Cost": 0.0,
                            "Total Cost": 44881.29,
                            "Plan Rows": 2609129,
                            "Plan Width": 4,
                            "Actual Startup Time": 0.039,
                            "Actual Total Time": 232.979,
                            "Actual Rows": 2609129,
                            "Actual Loops": 2
                          },
                          {
                            "Node Type": "Hash",
                            "Parent Relationship": "Inner",
                            "Parallel Aware": false,
                            "Startup Cost": 67601.66,
                            "Total Cost": 67601.66,
                            "Plan Rows": 2364541,
                            "Plan Width": 4,
                            "Actual Startup Time": 827.392,
                            "Actual Total Time": 827.393,
                            "Actual Rows": 2360253,
                            "Actual Loops": 2,
                            "Hash Buckets": 4194304,
                            "Original Hash Buckets": 4194304,
                            "Hash Batches": 1,
                            "Original Hash Batches": 1,
                            "Peak Memory Usage": 115746,
                            "Plans": [
                              {
                                "Node Type": "Seq Scan",
                                "Parent Relationship": "Outer",
                                "Parallel Aware": false,
                                "Relation Name": "title",
                                "Alias": "t",
                                "Startup Cost": 0.0,
                                "Total Cost": 67601.66,
                                "Plan Rows": 2364541,
                                "Plan Width": 4,
                                "Actual Startup Time": 0.029,
                                "Actual Total Time": 312.695,
                                "Actual Rows": 2360253,
                                "Actual Loops": 2,
                                "Filter": "(production_year > 1922)",
                                "Rows Removed by Filter": 168059
                              }
                            ]
                          }
                        ]
                      }
                    ]
                  }
                ]
              }
            ]
          }
        ]
      }
    ]
  },
  "Planning Time": 1.042,
  "Triggers": [],
  "Execution Time": 6760.441
}