[
  {
    "Plan": {
      "Node Type": "Aggregate",
      "Strategy": "Plain",
      "Partial Mode": "Finalize",
      "Parallel Aware": false,
      "Startup Cost": 16085.31,
      "Total Cost": 16085.32,
      "Plan Rows": 1,
      "Plan Width": 8,
      "Actual Startup Time": 23.891,
      "Actual Total Time": 26.794,
      "Actual Rows": 1,
      "Actual Loops": 1,
      "Plans": [
        {
          "Node Type": "Gather",
          "Parent Relationship": "Outer",
          "Parallel Aware": false,
          "Startup Cost": 16085.1,
          "Total Cost": 16085.31,
          "Plan Rows": 2,
          "Plan Width": 8,
          "Actual Startup Time": 23.619,
          "Actual Total Time": 26.783,
          "Actual Rows": 3,
          "Actual Loops": 1,
          "Workers Planned": 2,
          "Workers Launched": 2,
          "Single Copy": false,
          "Plans": [
            {
              "Node Type": "Aggregate",
              "Strategy": "Plain",
              "Partial Mode": "Partial",
              "Parent Relationship": "Outer",
              "Parallel Aware": false,
              "Startup Cost": 15085.1,
              "Total Cost": 15085.11,
              "Plan Rows": 1,
              "Plan Width": 8,
              "Actual Startup Time": 15.405,
              "Actual Total Time": 15.407,
              "Actual Rows": 1,
              "Actual Loops": 3,
              "Plans": [
                {
                  "Node Type": "Nested Loop",
                  "Parent Relationship": "Outer",
                  "Parallel Aware": false,
                  "Join Type": "Inner",
                  "Startup Cost": 80.06,
                  "Total Cost": 15084.93,
                  "Plan Rows": 69,
                  "Plan Width": 0,
                  "Actual Startup Time": 9.999,
                  "Actual Total Time": 15.4,
                  "Actual Rows": 1,
                  "Actual Loops": 3,
                  "Inner Unique": true,
                  "Plans": [
                    {
                      "Node Type": "Bitmap Heap Scan",
                      "Parent Relationship": "Outer",
                      "Parallel Aware": true,
                      "Relation Name": "movie_companies",
                      "Alias": "mc",
                      "Startup Cost": 79.63,
                      "Total Cost": 9061.88,
                      "Plan Rows": 754,
                      "Plan Width": 4,
                      "Actual Startup Time": 1.319,
                      "Actual Total Time": 2.378,
                      "Actual Rows": 1259,
                      "Actual Loops": 3,
                      "Recheck Cond": "(company_id = 394)",
                      "Rows Removed by Index Recheck": 0,
                      "Filter": "(company_type_id = 2)",
                      "Rows Removed by Filter": 316,
                      "Exact Heap Blocks": 363,
                      "Lossy Heap Blocks": 0,
                      "Plans": [
                        {
                          "Node Type": "Bitmap Index Scan",
                          "Parent Relationship": "Outer",
                          "Parallel Aware": false,
                          "Index Name": "company_id_movie_companies",
                          "Startup Cost": 0.0,
                          "Total Cost": 79.18,
                          "Plan Rows": 3566,
                          "Plan Width": 0,
                          "Actual Startup Time": 2.64,
                          "Actual Total Time": 2.641,
                          "Actual Rows": 4726,
                          "Actual Loops": 1,
                          "Index Cond": "(company_id = 394)"
                        }
                      ]
                    },
                    {
                      "Node Type": "Index Scan",
                      "Parent Relationship": "Inner",
                      "Parallel Aware": false,
                      "Scan Direction": "Forward",
                      "Index Name": "title_pkey",
                      "Relation Name": "title",
                      "Alias": "t",
                      "Startup Cost": 0.43,
                      "Total Cost": 7.99,
                      "Plan Rows": 1,
                      "Plan Width": 4,
                      "Actual Startup Time": 0.01,
                      "Actual Total Time": 0.01,
                      "Actual Rows": 0,
                      "Actual Loops": 3777,
                      "Index Cond": "(id = mc.movie_id)",
                      "Rows Removed by Index Recheck": 0,
                      "Filter": "(production_year > 2011)",
                      "Rows Removed by Filter": 1
                    }
                  ]
                }
              ]
            }
          ]
        }
      ]
    },
    "Planning Time": 0.676,
    "Triggers": [],
    "Execution Time": 26.884
  }
]