[
  {
    "Plan": {
      "Node Type": "Aggregate",
      "Strategy": "Plain",
      "Partial Mode": "Finalize",
      "Parallel Aware": false,
      "Startup Cost": 139796.44,
      "Total Cost": 139796.45,
      "Plan Rows": 1,
      "Plan Width": 8,
      "Actual Startup Time": 106.566,
      "Actual Total Time": 123.051,
      "Actual Rows": 1,
      "Actual Loops": 1,
      "Plans": [
        {
          "Node Type": "Gather",
          "Parent Relationship": "Outer",
          "Parallel Aware": false,
          "Startup Cost": 139796.02,
          "Total Cost": 139796.43,
          "Plan Rows": 4,
          "Plan Width": 8,
          "Actual Startup Time": 106.38,
          "Actual Total Time": 123.039,
          "Actual Rows": 5,
          "Actual Loops": 1,
          "Workers Planned": 4,
          "Workers Launched": 4,
          "Single Copy": false,
          "Plans": [
            {
              "Node Type": "Aggregate",
              "Strategy": "Plain",
              "Partial Mode": "Partial",
              "Parent Relationship": "Outer",
              "Parallel Aware": false,
              "Startup Cost": 138796.02,
              "Total Cost": 138796.03,
              "Plan Rows": 1,
              "Plan Width": 8,
              "Actual Startup Time": 100.668,
              "Actual Total Time": 100.67,
              "Actual Rows": 1,
              "Actual Loops": 5,
              "Plans": [
                {
                  "Node Type": "Nested Loop",
                  "Parent Relationship": "Outer",
                  "Parallel Aware": false,
                  "Join Type": "Inner",
                  "Startup Cost": 0.43,
                  "Total Cost": 138784.57,
                  "Plan Rows": 4577,
                  "Plan Width": 0,
                  "Actual Startup Time": 37.835,
                  "Actual Total Time": 99.982,
                  "Actual Rows": 8043,
                  "Actual Loops": 5,
                  "Inner Unique": false,
                  "Plans": [
                    {
                      "Node Type": "Seq Scan",
                      "Parent Relationship": "Outer",
                      "Parallel Aware": true,
                      "Relation Name": "title",
                      "Alias": "t",
                      "Startup Cost": 0.0,
                      "Total Cost": 43899.32,
                      "Plan Rows": 780,
                      "Plan Width": 4,
                      "Actual Startup Time": 37.722,
                      "Actual Total Time": 72.43,
                      "Actual Rows": 559,
                      "Actual Loops": 5,
                      "Filter": "(production_year = 1937)",
                      "Rows Removed by Filter": 505103
                    },
                    {
                      "Node Type": "Index Only Scan",
                      "Parent Relationship": "Inner",
                      "Parallel Aware": false,
                      "Scan Direction": "Forward",
                      "Index Name": "movie_id_movie_info",
                      "Relation Name": "movie_info",
                      "Alias": "mi",
                      "Startup Cost": 0.43,
                      "Total Cost": 121.24,
                      "Plan Rows": 41,
                      "Plan Width": 4,
                      "Actual Startup Time": 0.015,
                      "Actual Total Time": 0.047,
                      "Actual Rows": 14,
                      "Actual Loops": 2795,
                      "Index Cond": "(movie_id = t.id)",
                      "Rows Removed by Index Recheck": 0,
                      "Heap Fetches": 40215
                    }
                  ]
                }
              ]
            }
          ]
        }
      ]
    },
    "Planning Time": 0.581,
    "Triggers": [],
    "Execution Time": 123.129
  }
]