[
  {
    "Plan": {
      "Node Type": "Aggregate",
      "Strategy": "Plain",
      "Partial Mode": "Finalize",
      "Parallel Aware": false,
      "Startup Cost": 225951.2,
      "Total Cost": 225951.21,
      "Plan Rows": 1,
      "Plan Width": 8,
      "Actual Startup Time": 319.508,
      "Actual Total Time": 331.812,
      "Actual Rows": 1,
      "Actual Loops": 1,
      "Plans": [
        {
          "Node Type": "Gather",
          "Parent Relationship": "Outer",
          "Parallel Aware": false,
          "Startup Cost": 225950.68,
          "Total Cost": 225951.19,
          "Plan Rows": 5,
          "Plan Width": 8,
          "Actual Startup Time": 311.363,
          "Actual Total Time": 331.804,
          "Actual Rows": 6,
          "Actual Loops": 1,
          "Workers Planned": 5,
          "Workers Launched": 5,
          "Single Copy": false,
          "Plans": [
            {
              "Node Type": "Aggregate",
              "Strategy": "Plain",
              "Partial Mode": "Partial",
              "Parent Relationship": "Outer",
              "Parallel Aware": false,
              "Startup Cost": 224950.68,
              "Total Cost": 224950.69,
              "Plan Rows": 1,
              "Plan Width": 8,
              "Actual Startup Time": 296.509,
              "Actual Total Time": 296.513,
              "Actual Rows": 1,
              "Actual Loops": 6,
              "Plans": [
                {
                  "Node Type": "Hash Join",
                  "Parent Relationship": "Outer",
                  "Parallel Aware": true,
                  "Join Type": "Inner",
                  "Startup Cost": 60917.24,
                  "Total Cost": 224784.46,
                  "Plan Rows": 66487,
                  "Plan Width": 0,
                  "Actual Startup Time": 236.013,
                  "Actual Total Time": 294.714,
                  "Actual Rows": 26421,
                  "Actual Loops": 6,
                  "Inner Unique": true,
                  "Hash Cond": "(mi.movie_id = t.id)",
                  "Plans": [
                    {
                      "Node Type": "Bitmap Heap Scan",
                      "Parent Relationship": "Outer",
                      "Parallel Aware": true,
                      "Relation Name": "movie_info",
                      "Alias": "mi",
                      "Startup Cost": 11198.16,
                      "Total Cost": 174740.1,
                      "Plan Rows": 123915,
                      "Plan Width": 4,
                      "Actual Startup Time": 31.049,
                      "Actual Total Time": 52.549,
                      "Actual Rows": 110154,
                      "Actual Loops": 6,
                      "Recheck Cond": "(info_type_id = 18)",
                      "Rows Removed by Index Recheck": 0,
                      "Exact Heap Blocks": 1569,
                      "Lossy Heap Blocks": 0,
                      "Plans": [
                        {
                          "Node Type": "Bitmap Index Scan",
                          "Parent Relationship": "Outer",
                          "Parallel Aware": false,
                          "Index Name": "info_type_id_movie_info",
                          "Startup Cost": 0.0,
                          "Total Cost": 11043.26,
                          "Plan Rows": 619577,
                          "Plan Width": 0,
                          "Actual Startup Time": 30.06,
                          "Actual Total Time": 30.061,
                          "Actual Rows": 660923,
                          "Actual Loops": 1,
                          "Index Cond": "(info_type_id = 18)"
                        }
                      ]
                    },
                    {
                      "Node Type": "Hash",
                      "Parent Relationship": "Inner",
                      "Parallel Aware": true,
                      "Startup Cost": 45479.59,
                      "Total Cost": 45479.59,
                      "Plan Rows": 339160,
                      "Plan Width": 4,
                      "Actual Startup Time": 199.425,
                      "Actual Total Time": 199.426,
                      "Actual Rows": 221297,
                      "Actual Loops": 6,
                      "Hash Buckets": 2097152,
                      "Original Hash Buckets": 2097152,
                      "Hash Batches": 1,
                      "Original Hash Batches": 1,
                      "Peak Memory Usage": 68384,
                      "Plans": [
                        {
                          "Node Type": "Seq Scan",
                          "Parent Relationship": "Outer",
                          "Parallel Aware": true,
                          "Relation Name": "title",
                          "Alias": "t",
                          "Startup Cost": 0.0,
                          "Total Cost": 45479.59,
                          "Plan Rows": 339160,
                          "Plan Width": 4,
                          "Actual Startup Time": 0.039,
                          "Actual Total Time": 90.051,
                          "Actual Rows": 221297,
                          "Actual Loops": 6,
                          "Filter": "((production_year < 2012) AND (kind_id = 7))",
                          "Rows Removed by Filter": 200088
                        }
                      ]
                    }
                  ]
                }
              ]
            }
          ]
        }
      ]
    },
    "Planning Time": 0.649,
    "Triggers": [],
    "Execution Time": 331.903
  }
]