{
    "Plan": {
        "Node Type": "Aggregate",
        "Strategy": "Plain",
        "Partial Mode": "Finalize",
        "Parallel Aware": false,
        "Startup Cost": 251558.68,
        "Total Cost": 251558.69,
        "Plan Rows": 1,
        "Plan Width": 8,
        "Actual Startup Time": 799.646,
        "Actual Total Time": 842.008,
        "Actual Rows": 1,
        "Actual Loops": 1,
        "Output": [
            "count(*)"
        ],
        "Plans": [
            {
                "Node Type": "Gather",
                "Parent Relationship": "Outer",
                "Parallel Aware": false,
                "Startup Cost": 251558.15,
                "Total Cost": 251558.66,
                "Plan Rows": 5,
                "Plan Width": 8,
                "Actual Startup Time": 794.623,
                "Actual Total Time": 841.997,
                "Actual Rows": 6,
                "Actual Loops": 1,
                "Output": [
                    "(PARTIAL count(*))"
                ],
                "Workers Planned": 5,
                "Workers Launched": 5,
                "Single Copy": false,
                "Plans": [
                    {
                        "Node Type": "Aggregate",
                        "Strategy": "Plain",
                        "Partial Mode": "Partial",
                        "Parent Relationship": "Outer",
                        "Parallel Aware": false,
                        "Startup Cost": 250558.15,
                        "Total Cost": 250558.16,
                        "Plan Rows": 1,
                        "Plan Width": 8,
                        "Actual Startup Time": 783.651,
                        "Actual Total Time": 783.654,
                        "Actual Rows": 1,
                        "Actual Loops": 6,
                        "Output": [
                            "PARTIAL count(*)"
                        ],
                        "Workers": [
                            {
                                "Worker Number": 0,
                                "Actual Startup Time": 781.432,
                                "Actual Total Time": 781.436,
                                "Actual Rows": 1,
                                "Actual Loops": 1
                            },
                            {
                                "Worker Number": 1,
                                "Actual Startup Time": 782.168,
                                "Actual Total Time": 782.171,
                                "Actual Rows": 1,
                                "Actual Loops": 1
                            },
                            {
                                "Worker Number": 2,
                                "Actual Startup Time": 781.483,
                                "Actual Total Time": 781.486,
                                "Actual Rows": 1,
                                "Actual Loops": 1
                            },
                            {
                                "Worker Number": 3,
                                "Actual Startup Time": 781.479,
                                "Actual Total Time": 781.482,
                                "Actual Rows": 1,
                                "Actual Loops": 1
                            },
                            {
                                "Worker Number": 4,
                                "Actual Startup Time": 781.594,
                                "Actual Total Time": 781.597,
                                "Actual Rows": 1,
                                "Actual Loops": 1
                            }
                        ],
                        "Plans": [
                            {
                                "Node Type": "Hash Join",
                                "Parent Relationship": "Outer",
                                "Parallel Aware": true,
                                "Join Type": "Inner",
                                "Startup Cost": 48043.83,
                                "Total Cost": 249700.12,
                                "Plan Rows": 343212,
                                "Plan Width": 0,
                                "Actual Startup Time": 155.072,
                                "Actual Total Time": 755.551,
                                "Actual Rows": 575670,
                                "Actual Loops": 6,
                                "Inner Unique": true,
                                "Hash Cond": "(mi.movie_id = t.id)",
                                "Workers": [
                                    {
                                        "Worker Number": 0,
                                        "Actual Startup Time": 152.9,
                                        "Actual Total Time": 754.297,
                                        "Actual Rows": 431265,
                                        "Actual Loops": 1
                                    },
                                    {
                                        "Worker Number": 1,
                                        "Actual Startup Time": 153.151,
                                        "Actual Total Time": 752.087,
                                        "Actual Rows": 473473,
                                        "Actual Loops": 1
                                    },
                                    {
                                        "Worker Number": 2,
                                        "Actual Startup Time": 153.04,
                                        "Actual Total Time": 754.334,
                                        "Actual Rows": 704050,
                                        "Actual Loops": 1
                                    },
                                    {
                                        "Worker Number": 3,
                                        "Actual Startup Time": 153.073,
                                        "Actual Total Time": 751.383,
                                        "Actual Rows": 479405,
                                        "Actual Loops": 1
                                    },
                                    {
                                        "Worker Number": 4,
                                        "Actual Startup Time": 153.115,
                                        "Actual Total Time": 754.299,
                                        "Actual Rows": 708810,
                                        "Actual Loops": 1
                                    }
                                ],
                                "Plans": [
                                    {
                                        "Node Type": "Seq Scan",
                                        "Parent Relationship": "Outer",
                                        "Parallel Aware": true,
                                        "Relation Name": "movie_info",
                                        "Schema": "public",
                                        "Alias": "mi",
                                        "Startup Cost": 0.0,
                                        "Total Cost": 198880.74,
                                        "Plan Rows": 1057354,
                                        "Plan Width": 4,
                                        "Actual Startup Time": 0.029,
                                        "Actual Total Time": 342.406,
                                        "Actual Rows": 901753,
                                        "Actual Loops": 6,
                                        "Output": [
                                            "mi.id",
                                            "mi.movie_id",
                                            "mi.info_type_id",
                                            "mi.info",
                                            "mi.note"
                                        ],
                                        "Filter": "(mi.info_type_id < 6)",
                                        "Rows Removed by Filter": 1570867,
                                        "Workers": [
                                            {
                                                "Worker Number": 0,
                                                "Actual Startup Time": 0.037,
                                                "Actual Total Time": 347.721,
                                                "Actual Rows": 677971,
                                                "Actual Loops": 1
                                            },
                                            {
                                                "Worker Number": 1,
                                                "Actual Startup Time": 0.03,
                                                "Actual Total Time": 355.034,
                                                "Actual Rows": 743106,
                                                "Actual Loops": 1
                                            },
                                            {
                                                "Worker Number": 2,
                                                "Actual Startup Time": 0.031,
                                                "Actual Total Time": 339.622,
                                                "Actual Rows": 1100942,
                                                "Actual Loops": 1
                                            },
                                            {
                                                "Worker Number": 3,
                                                "Actual Startup Time": 0.031,
                                                "Actual Total Time": 351.997,
                                                "Actual Rows": 754076,
                                                "Actual Loops": 1
                                            },
                                            {
                                                "Worker Number": 4,
                                                "Actual Startup Time": 0.038,
                                                "Actual Total Time": 340.214,
                                                "Actual Rows": 1108115,
                                                "Actual Loops": 1
                                            }
                                        ]
                                    },
                                    {
                                        "Node Type": "Hash",
                                        "Parent Relationship": "Inner",
                                        "Parallel Aware": true,
                                        "Startup Cost": 45479.21,
                                        "Total Cost": 45479.21,
                                        "Plan Rows": 205170,
                                        "Plan Width": 4,
                                        "Actual Startup Time": 149.39,
                                        "Actual Total Time": 149.391,
                                        "Actual Rows": 122022,
                                        "Actual Loops": 6,
                                        "Output": [
                                            "t.id"
                                        ],
                                        "Hash Buckets": 1048576,
                                        "Original Hash Buckets": 1048576,
                                        "Hash Batches": 1,
                                        "Original Hash Batches": 1,
                                        "Peak Memory Usage": 36960,
                                        "Workers": [
                                            {
                                                "Worker Number": 0,
                                                "Actual Startup Time": 150.437,
                                                "Actual Total Time": 150.439,
                                                "Actual Rows": 95246,
                                                "Actual Loops": 1
                                            },
                                            {
                                                "Worker Number": 1,
                                                "Actual Startup Time": 150.575,
                                                "Actual Total Time": 150.576,
                                                "Actual Rows": 102396,
                                                "Actual Loops": 1
                                            },
                                            {
                                                "Worker Number": 2,
                                                "Actual Startup Time": 150.487,
                                                "Actual Total Time": 150.488,
                                                "Actual Rows": 138005,
                                                "Actual Loops": 1
                                            },
                                            {
                                                "Worker Number": 3,
                                                "Actual Startup Time": 150.504,
                                                "Actual Total Time": 150.505,
                                                "Actual Rows": 100957,
                                                "Actual Loops": 1
                                            },
                                            {
                                                "Worker Number": 4,
                                                "Actual Startup Time": 150.725,
                                                "Actual Total Time": 150.726,
                                                "Actual Rows": 138344,
                                                "Actual Loops": 1
                                            }
                                        ],
                                        "Plans": [
                                            {
                                                "Node Type": "Seq Scan",
                                                "Parent Relationship": "Outer",
                                                "Parallel Aware": true,
                                                "Relation Name": "title",
                                                "Schema": "public",
                                                "Alias": "t",
                                                "Startup Cost": 0.0,
                                                "Total Cost": 45479.21,
                                                "Plan Rows": 205170,
                                                "Plan Width": 4,
                                                "Actual Startup Time": 0.076,
                                                "Actual Total Time": 89.173,
                                                "Actual Rows": 122022,
                                                "Actual Loops": 6,
                                                "Output": [
                                                    "t.id"
                                                ],
                                                "Filter": "((t.kind_id < 7) AND (t.production_year > 1969))",
                                                "Rows Removed by Filter": 299363,
                                                "Workers": [
                                                    {
                                                        "Worker Number": 0,
                                                        "Actual Startup Time": 0.09,
                                                        "Actual Total Time": 89.926,
                                                        "Actual Rows": 95246,
                                                        "Actual Loops": 1
                                                    },
                                                    {
                                                        "Worker Number": 1,
                                                        "Actual Startup Time": 0.092,
                                                        "Actual Total Time": 90.887,
                                                        "Actual Rows": 102396,
                                                        "Actual Loops": 1
                                                    },
                                                    {
                                                        "Worker Number": 2,
                                                        "Actual Startup Time": 0.083,
                                                        "Actual Total Time": 88.213,
                                                        "Actual Rows": 138005,
                                                        "Actual Loops": 1
                                                    },
                                                    {
                                                        "Worker Number": 3,
                                                        "Actual Startup Time": 0.085,
                                                        "Actual Total Time": 90.759,
                                                        "Actual Rows": 100957,
                                                        "Actual Loops": 1
                                                    },
                                                    {
                                                        "Worker Number": 4,
                                                        "Actual Startup Time": 0.086,
                                                        "Actual Total Time": 89.095,
                                                        "Actual Rows": 138344,
                                                        "Actual Loops": 1
                                                    }
                                                ]
                                            }
                                        ]
                                    }
                                ]
                            }
                        ]
                    }
                ]
            }
        ]
    },
    "Planning Time": 0.831,
    "Triggers": [],
    "Execution Time": 842.098
}