[
  {
    "Plan": {
      "Node Type": "Aggregate",
      "Strategy": "Plain",
      "Partial Mode": "Finalize",
      "Parallel Aware": false,
      "Startup Cost": 46813.52,
      "Total Cost": 46813.53,
      "Plan Rows": 1,
      "Plan Width": 8,
      "Actual Startup Time": 112.319,
      "Actual Total Time": 126.02,
      "Actual Rows": 1,
      "Actual Loops": 1,
      "Plans": [
        {
          "Node Type": "Gather",
          "Parent Relationship": "Outer",
          "Parallel Aware": false,
          "Startup Cost": 46813.1,
          "Total Cost": 46813.51,
          "Plan Rows": 4,
          "Plan Width": 8,
          "Actual Startup Time": 112.159,
          "Actual Total Time": 126.008,
          "Actual Rows": 5,
          "Actual Loops": 1,
          "Workers Planned": 4,
          "Workers Launched": 4,
          "Single Copy": false,
          "Plans": [
            {
              "Node Type": "Aggregate",
              "Strategy": "Plain",
              "Partial Mode": "Partial",
              "Parent Relationship": "Outer",
              "Parallel Aware": false,
              "Startup Cost": 45813.1,
              "Total Cost": 45813.11,
              "Plan Rows": 1,
              "Plan Width": 8,
              "Actual Startup Time": 102.974,
              "Actual Total Time": 102.975,
              "Actual Rows": 1,
              "Actual Loops": 5,
              "Plans": [
                {
                  "Node Type": "Seq Scan",
                  "Parent Relationship": "Outer",
                  "Parallel Aware": true,
                  "Relation Name": "title",
                  "Alias": "t",
                  "Startup Cost": 0.0,
                  "Total Cost": 45479.1,
                  "Plan Rows": 133601,
                  "Plan Width": 0,
                  "Actual Startup Time": 0.049,
                  "Actual Total Time": 96.341,
                  "Actual Rows": 112989,
                  "Actual Loops": 5,
                  "Filter": "((kind_id < 3) AND (production_year < 2009))",
                  "Rows Removed by Filter": 392674
                }
              ]
            }
          ]
        }
      ]
    },
    "Planning Time": 0.229,
    "Triggers": [],
    "Execution Time": 126.085
  }
]