{
  "Plan": {
    "Node Type": "Aggregate",
    "Strategy": "Plain",
    "Partial Mode": "Finalize",
    "Parallel Aware": false,
    "Startup Cost": 137153.38,
    "Total Cost": 137153.39,
    "Plan Rows": 1,
    "Plan Width": 8,
    "Actual Startup Time": 1155.229,
    "Actual Total Time": 1175.115,
    "Actual Rows": 1,
    "Actual Loops": 1,
    "Plans": [
      {
        "Node Type": "Gather",
        "Parent Relationship": "Outer",
        "Parallel Aware": false,
        "Startup Cost": 137153.27,
        "Total Cost": 137153.38,
        "Plan Rows": 1,
        "Plan Width": 8,
        "Actual Startup Time": 1147.892,
        "Actual Total Time": 1175.107,
        "Actual Rows": 2,
        "Actual Loops": 1,
        "Workers Planned": 1,
        "Workers Launched": 1,
        "Single Copy": false,
        "Plans": [
          {
            "Node Type": "Aggregate",
            "Strategy": "Plain",
            "Partial Mode": "Partial",
            "Parent Relationship": "Outer",
            "Parallel Aware": false,
            "Startup Cost": 136153.27,
            "Total Cost": 136153.28,
            "Plan Rows": 1,
            "Plan Width": 8,
            "Actual Startup Time": 1137.407,
            "Actual Total Time": 1137.411,
            "Actual Rows": 1,
            "Actual Loops": 2,
            "Plans": [
              {
                "Node Type": "Hash Join",
                "Parent Relationship": "Outer",
                "Parallel Aware": true,
                "Join Type": "Inner",
                "Startup Cost": 70264.16,
                "Total Cost": 132514.04,
                "Plan Rows": 1455692,
                "Plan Width": 0,
                "Actual Startup Time": 589.424,
                "Actual Total Time": 1080.318,
                "Actual Rows": 1166274,
                "Actual Loops": 2,
                "Inner Unique": true,
                "Hash Cond": "(mk.movie_id = t.id)",
                "Plans": [
                  {
                    "Node Type": "Seq Scan",
                    "Parent Relationship": "Outer",
                    "Parallel Aware": true,
                    "Relation Name": "movie_keyword",
                    "Alias": "mk",
                    "Startup Cost": 0.0,
                    "Total Cost": 57718.19,
                    "Plan Rows": 1726351,
                    "Plan Width": 4,
                    "Actual Startup Time": 0.248,
                    "Actual Total Time": 235.277,
                    "Actual Rows": 1461396,
                    "Actual Loops": 2,
                    "Filter": "(keyword_id > 2481)",
                    "Rows Removed by Filter": 800568
                  },
                  {
                    "Node Type": "Hash",
                    "Parent Relationship": "Inner",
                    "Parallel Aware": true,
                    "Startup Cost": 54588.39,
                    "Total Cost": 54588.39,
                    "Plan Rows": 1254062,
                    "Plan Width": 4,
                    "Actual Startup Time": 568.847,
                    "Actual Total Time": 568.848,
                    "Actual Rows": 1059186,
                    "Actual Loops": 2,
                    "Hash Buckets": 4194304,
                    "Original Hash Buckets": 4194304,
                    "Hash Batches": 1,
                    "Original Hash Batches": 1,
                    "Peak Memory Usage": 115648,
                    "Plans": [
                      {
                        "Node Type": "Seq Scan",
                        "Parent Relationship": "Outer",
                        "Parallel Aware": true,
                        "Relation Name": "title",
                        "Alias": "t",
                        "Startup Cost": 0.0,
                        "Total Cost": 54588.39,
                        "Plan Rows": 1254062,
                        "Plan Width": 4,
                        "Actual Startup Time": 0.025,
                        "Actual Total Time": 217.26,
                        "Actual Rows": 1059186,
                        "Actual Loops": 2,
                        "Filter": "(production_year > 1967)",
                        "Rows Removed by Filter": 204970
                      }
                    ]
                  }
                ]
              }
            ]
          }
        ]
      }
    ]
  },
  "Planning Time": 0.406,
  "Triggers": [],
  "Execution Time": 1175.158
}