{
  "Plan": {
    "Node Type": "Aggregate",
    "Strategy": "Plain",
    "Partial Mode": "Finalize",
    "Parallel Aware": false,
    "Startup Cost": 86111.57,
    "Total Cost": 86111.58,
    "Plan Rows": 1,
    "Plan Width": 8,
    "Actual Startup Time": 223.541,
    "Actual Total Time": 239.82,
    "Actual Rows": 1,
    "Actual Loops": 1,
    "Plans": [
      {
        "Node Type": "Gather",
        "Parent Relationship": "Outer",
        "Parallel Aware": false,
        "Startup Cost": 86111.45,
        "Total Cost": 86111.56,
        "Plan Rows": 1,
        "Plan Width": 8,
        "Actual Startup Time": 223.086,
        "Actual Total Time": 239.812,
        "Actual Rows": 2,
        "Actual Loops": 1,
        "Workers Planned": 1,
        "Workers Launched": 1,
        "Single Copy": false,
        "Plans": [
          {
            "Node Type": "Aggregate",
            "Strategy": "Plain",
            "Partial Mode": "Partial",
            "Parent Relationship": "Outer",
            "Parallel Aware": false,
            "Startup Cost": 85111.45,
            "Total Cost": 85111.46,
            "Plan Rows": 1,
            "Plan Width": 8,
            "Actual Startup Time": 216.746,
            "Actual Total Time": 216.75,
            "Actual Rows": 1,
            "Actual Loops": 2,
            "Plans": [
              {
                "Node Type": "Nested Loop",
                "Parent Relationship": "Outer",
                "Parallel Aware": false,
                "Join Type": "Inner",
                "Startup Cost": 63202.9,
                "Total Cost": 85110.74,
                "Plan Rows": 284,
                "Plan Width": 0,
                "Actual Startup Time": 166.667,
                "Actual Total Time": 216.702,
                "Actual Rows": 420,
                "Actual Loops": 2,
                "Inner Unique": false,
                "Join Filter": "(t.id = mi_idx.movie_id)",
                "Rows Removed by Join Filter": 0,
                "Plans": [
                  {
                    "Node Type": "Hash Join",
                    "Parent Relationship": "Outer",
                    "Parallel Aware": true,
                    "Join Type": "Inner",
                    "Startup Cost": 63202.47,
                    "Total Cost": 83907.61,
                    "Plan Rows": 1576,
                    "Plan Width": 8,
                    "Actual Startup Time": 166.172,
                    "Actual Total Time": 212.593,
                    "Actual Rows": 901,
                    "Actual Loops": 2,
                    "Inner Unique": true,
                    "Hash Cond": "(mc.movie_id = t.id)",
                    "Plans": [
                      {
                        "Node Type": "Bitmap Heap Scan",
                        "Parent Relationship": "Outer",
                        "Parallel Aware": true,
                        "Relation Name": "movie_companies",
                        "Alias": "mc",
                        "Startup Cost": 4664.66,
                        "Total Cost": 25037.41,
                        "Plan Rows": 126621,
                        "Plan Width": 4,
                        "Actual Startup Time": 13.561,
                        "Actual Total Time": 46.006,
                        "Actual Rows": 107602,
                        "Actual Loops": 2,
                        "Recheck Cond": "(company_id < 73)",
                        "Rows Removed by Index Recheck": 0,
                        "Exact Heap Blocks": 10465,
                        "Lossy Heap Blocks": 0,
                        "Plans": [
                          {
                            "Node Type": "Bitmap Index Scan",
                            "Parent Relationship": "Outer",
                            "Parallel Aware": false,
                            "Index Name": "company_id_movie_companies",
                            "Startup Cost": 0.0,
                            "Total Cost": 4610.84,
                            "Plan Rows": 215255,
                            "Plan Width": 0,
                            "Actual Startup Time": 11.202,
                            "Actual Total Time": 11.202,
                            "Actual Rows": 215203,
                            "Actual Loops": 1,
                            "Index Cond": "(company_id < 73)"
                          }
                        ]
                      },
                      {
                        "Node Type": "Hash",
                        "Parent Relationship": "Inner",
                        "Parallel Aware": true,
                        "Startup Cost": 58306.47,
                        "Total Cost": 58306.47,
                        "Plan Rows": 18508,
                        "Plan Width": 4,
                        "Actual Startup Time": 151.383,
                        "Actual Total Time": 151.384,
                        "Actual Rows": 18042,
                        "Actual Loops": 2,
                        "Hash Buckets": 65536,
                        "Original Hash Buckets": 32768,
                        "Hash Batches": 1,
                        "Original Hash Batches": 1,
                        "Peak Memory Usage": 2208,
                        "Plans": [
                          {
                            "Node Type": "Seq Scan",
                            "Parent Relationship": "Outer",
                            "Parallel Aware": true,
                            "Relation Name": "title",
                            "Alias": "t",
                            "Startup Cost": 0.0,
                            "Total Cost": 58306.47,
                            "Plan Rows": 18508,
                            "Plan Width": 4,
                            "Actual Startup Time": 0.049,
                            "Actual Total Time": 143.632,
                            "Actual Rows": 18042,
                            "Actual Loops": 2,
                            "Filter": "((kind_id > 4) AND (production_year = 2000))",
                            "Rows Removed by Filter": 1246114
                          }
                        ]
                      }
                    ]
                  },
                  {
                    "Node Type": "Index Scan",
                    "Parent Relationship": "Inner",
                    "Parallel Aware": false,
                    "Scan Direction": "Forward",
                    "Index Name": "movie_id_movie_info_idx",
                    "Relation Name": "movie_info_idx",
                    "Alias": "mi_idx",
                    "Startup Cost": 0.43,
                    "Total Cost": 0.75,
                    "Plan Rows": 1,
                    "Plan Width": 4,
                    "Actual Startup Time": 0.004,
                    "Actual Total Time": 0.004,
                    "Actual Rows": 0,
                    "Actual Loops": 1802,
                    "Index Cond": "(movie_id = mc.movie_id)",
                    "Rows Removed by Index Recheck": 0,
                    "Filter": "(info_type_id < 100)",
                    "Rows Removed by Filter": 1
                  }
                ]
              }
            ]
          }
        ]
      }
    ]
  },
  "Planning Time": 1.051,
  "Triggers": [],
  "Execution Time": 239.928
}