{
  "Plan": {
    "Node Type": "Aggregate",
    "Strategy": "Plain",
    "Partial Mode": "Finalize",
    "Parallel Aware": false,
    "Startup Cost": 103781.39,
    "Total Cost": 103781.4,
    "Plan Rows": 1,
    "Plan Width": 8,
    "Actual Startup Time": 661.507,
    "Actual Total Time": 681.747,
    "Actual Rows": 1,
    "Actual Loops": 1,
    "Plans": [
      {
        "Node Type": "Gather",
        "Parent Relationship": "Outer",
        "Parallel Aware": false,
        "Startup Cost": 103781.28,
        "Total Cost": 103781.39,
        "Plan Rows": 1,
        "Plan Width": 8,
        "Actual Startup Time": 657.206,
        "Actual Total Time": 681.74,
        "Actual Rows": 2,
        "Actual Loops": 1,
        "Workers Planned": 1,
        "Workers Launched": 1,
        "Single Copy": false,
        "Plans": [
          {
            "Node Type": "Aggregate",
            "Strategy": "Plain",
            "Partial Mode": "Partial",
            "Parent Relationship": "Outer",
            "Parallel Aware": false,
            "Startup Cost": 102781.28,
            "Total Cost": 102781.29,
            "Plan Rows": 1,
            "Plan Width": 8,
            "Actual Startup Time": 646.548,
            "Actual Total Time": 646.552,
            "Actual Rows": 1,
            "Actual Loops": 2,
            "Plans": [
              {
                "Node Type": "Hash Join",
                "Parent Relationship": "Outer",
                "Parallel Aware": true,
                "Join Type": "Inner",
                "Startup Cost": 75416.78,
                "Total Cost": 102368.44,
                "Plan Rows": 165135,
                "Plan Width": 0,
                "Actual Startup Time": 552.648,
                "Actual Total Time": 640.352,
                "Actual Rows": 138506,
                "Actual Loops": 2,
                "Inner Unique": true,
                "Hash Cond": "(mk.movie_id = t.id)",
                "Plans": [
                  {
                    "Node Type": "Bitmap Heap Scan",
                    "Parent Relationship": "Outer",
                    "Parallel Aware": true,
                    "Relation Name": "movie_keyword",
                    "Alias": "mk",
                    "Startup Cost": 5956.08,
                    "Total Cost": 32474.27,
                    "Plan Rows": 165135,
                    "Plan Width": 4,
                    "Actual Startup Time": 17.48,
                    "Actual Total Time": 65.319,
                    "Actual Rows": 138506,
                    "Actual Loops": 2,
                    "Recheck Cond": "(keyword_id > 57292)",
                    "Rows Removed by Index Recheck": 0,
                    "Exact Heap Blocks": 12465,
                    "Lossy Heap Blocks": 0,
                    "Plans": [
                      {
                        "Node Type": "Bitmap Index Scan",
                        "Parent Relationship": "Outer",
                        "Parallel Aware": false,
                        "Index Name": "keyword_id_movie_keyword",
                        "Startup Cost": 0.0,
                        "Total Cost": 5885.9,
                        "Plan Rows": 280729,
                        "Plan Width": 0,
                        "Actual Startup Time": 14.28,
                        "Actual Total Time": 14.281,
                        "Actual Rows": 277012,
                        "Actual Loops": 1,
                        "Index Cond": "(keyword_id > 57292)"
                      }
                    ]
                  },
                  {
                    "Node Type": "Hash",
                    "Parent Relationship": "Inner",
                    "Parallel Aware": true,
                    "Startup Cost": 50870.31,
                    "Total Cost": 50870.31,
                    "Plan Rows": 1487231,
                    "Plan Width": 4,
                    "Actual Startup Time": 515.591,
                    "Actual Total Time": 515.592,
                    "Actual Rows": 1264156,
                    "Actual Loops": 2,
                    "Hash Buckets": 4194304,
                    "Original Hash Buckets": 4194304,
                    "Hash Batches": 1,
                    "Original Hash Batches": 1,
                    "Peak Memory Usage": 131712,
                    "Plans": [
                      {
                        "Node Type": "Seq Scan",
                        "Parent Relationship": "Outer",
                        "Parallel Aware": true,
                        "Relation Name": "title",
                        "Alias": "t",
                        "Startup Cost": 0.0,
                        "Total Cost": 50870.31,
                        "Plan Rows": 1487231,
                        "Plan Width": 4,
                        "Actual Startup Time": 0.024,
                        "Actual Total Time": 149.311,
                        "Actual Rows": 1264156,
                        "Actual Loops": 2
                      }
                    ]
                  }
                ]
              }
            ]
          }
        ]
      }
    ]
  },
  "Planning Time": 0.41,
  "Triggers": [],
  "Execution Time": 681.81
}