[
  {
    "Plan": {
      "Node Type": "Aggregate",
      "Strategy": "Plain",
      "Partial Mode": "Finalize",
      "Parallel Aware": false,
      "Startup Cost": 85454.62,
      "Total Cost": 85454.63,
      "Plan Rows": 1,
      "Plan Width": 8,
      "Actual Startup Time": 364.183,
      "Actual Total Time": 381.645,
      "Actual Rows": 1,
      "Actual Loops": 1,
      "Plans": [
        {
          "Node Type": "Gather",
          "Parent Relationship": "Outer",
          "Parallel Aware": false,
          "Startup Cost": 85454.3,
          "Total Cost": 85454.61,
          "Plan Rows": 3,
          "Plan Width": 8,
          "Actual Startup Time": 352.766,
          "Actual Total Time": 381.633,
          "Actual Rows": 4,
          "Actual Loops": 1,
          "Workers Planned": 3,
          "Workers Launched": 3,
          "Single Copy": false,
          "Plans": [
            {
              "Node Type": "Aggregate",
              "Strategy": "Plain",
              "Partial Mode": "Partial",
              "Parent Relationship": "Outer",
              "Parallel Aware": false,
              "Startup Cost": 84454.3,
              "Total Cost": 84454.31,
              "Plan Rows": 1,
              "Plan Width": 8,
              "Actual Startup Time": 340.931,
              "Actual Total Time": 340.94,
              "Actual Rows": 1,
              "Actual Loops": 4,
              "Plans": [
                {
                  "Node Type": "Nested Loop",
                  "Parent Relationship": "Outer",
                  "Parallel Aware": false,
                  "Join Type": "Inner",
                  "Startup Cost": 49442.95,
                  "Total Cost": 84415.19,
                  "Plan Rows": 15646,
                  "Plan Width": 0,
                  "Actual Startup Time": 274.085,
                  "Actual Total Time": 339.12,
                  "Actual Rows": 34556,
                  "Actual Loops": 4,
                  "Inner Unique": false,
                  "Plans": [
                    {
                      "Node Type": "Hash Join",
                      "Parent Relationship": "Outer",
                      "Parallel Aware": true,
                      "Join Type": "Inner",
                      "Startup Cost": 49442.52,
                      "Total Cost": 68464.2,
                      "Plan Rows": 8745,
                      "Plan Width": 8,
                      "Actual Startup Time": 273.988,
                      "Actual Total Time": 294.105,
                      "Actual Rows": 10540,
                      "Actual Loops": 4,
                      "Inner Unique": true,
                      "Hash Cond": "(mc.movie_id = t.id)",
                      "Plans": [
                        {
                          "Node Type": "Bitmap Heap Scan",
                          "Parent Relationship": "Outer",
                          "Parallel Aware": true,
                          "Relation Name": "movie_companies",
                          "Alias": "mc",
                          "Startup Cost": 1032.45,
                          "Total Cost": 20013.92,
                          "Plan Rows": 15318,
                          "Plan Width": 4,
                          "Actual Startup Time": 5.778,
                          "Actual Total Time": 14.48,
                          "Actual Rows": 11813,
                          "Actual Loops": 4,
                          "Recheck Cond": "(company_id = 19)",
                          "Rows Removed by Index Recheck": 0,
                          "Exact Heap Blocks": 1776,
                          "Lossy Heap Blocks": 0,
                          "Plans": [
                            {
                              "Node Type": "Bitmap Index Scan",
                              "Parent Relationship": "Outer",
                              "Parallel Aware": false,
                              "Index Name": "company_id_movie_companies",
                              "Startup Cost": 0.0,
                              "Total Cost": 1020.57,
                              "Plan Rows": 47486,
                              "Plan Width": 0,
                              "Actual Startup Time": 4.731,
                              "Actual Total Time": 4.732,
                              "Actual Rows": 47252,
                              "Actual Loops": 1,
                              "Index Cond": "(company_id = 19)"
                            }
                          ]
                        },
                        {
                          "Node Type": "Hash",
                          "Parent Relationship": "Inner",
                          "Parallel Aware": true,
                          "Startup Cost": 43899.32,
                          "Total Cost": 43899.32,
                          "Plan Rows": 360860,
                          "Plan Width": 4,
                          "Actual Startup Time": 260.539,
                          "Actual Total Time": 260.54,
                          "Actual Rows": 360824,
                          "Actual Loops": 4,
                          "Hash Buckets": 2097152,
                          "Original Hash Buckets": 2097152,
                          "Hash Batches": 1,
                          "Original Hash Batches": 1,
                          "Peak Memory Usage": 72896,
                          "Plans": [
                            {
                              "Node Type": "Seq Scan",
                              "Parent Relationship": "Outer",
                              "Parallel Aware": true,
                              "Relation Name": "title",
                              "Alias": "t",
                              "Startup Cost": 0.0,
                              "Total Cost": 43899.32,
                              "Plan Rows": 360860,
                              "Plan Width": 4,
                              "Actual Startup Time": 0.037,
                              "Actual Total Time": 117.019,
                              "Actual Rows": 360824,
                              "Actual Loops": 4,
                              "Filter": "(production_year < 2006)",
                              "Rows Removed by Filter": 271254
                            }
                          ]
                        }
                      ]
                    },
                    {
                      "Node Type": "Index Only Scan",
                      "Parent Relationship": "Inner",
                      "Parallel Aware": false,
                      "Scan Direction": "Forward",
                      "Index Name": "movie_id_movie_keyword",
                      "Relation Name": "movie_keyword",
                      "Alias": "mk",
                      "Startup Cost": 0.43,
                      "Total Cost": 1.36,
                      "Plan Rows": 46,
                      "Plan Width": 4,
                      "Actual Startup Time": 0.003,
                      "Actual Total Time": 0.004,
                      "Actual Rows": 3,
                      "Actual Loops": 42161,
                      "Index Cond": "(movie_id = t.id)",
                      "Rows Removed by Index Recheck": 0,
                      "Heap Fetches": 138226
                    }
                  ]
                }
              ]
            }
          ]
        }
      ]
    },
    "Planning Time": 1.477,
    "Triggers": [],
    "Execution Time": 381.761
  }
]