[
  {
    "Plan": {
      "Node Type": "Aggregate",
      "Strategy": "Plain",
      "Partial Mode": "Finalize",
      "Parallel Aware": false,
      "Startup Cost": 407525.25,
      "Total Cost": 407525.26,
      "Plan Rows": 1,
      "Plan Width": 8,
      "Actual Startup Time": 2206.611,
      "Actual Total Time": 2259.651,
      "Actual Rows": 1,
      "Actual Loops": 1,
      "Plans": [
        {
          "Node Type": "Gather",
          "Parent Relationship": "Outer",
          "Parallel Aware": false,
          "Startup Cost": 407524.62,
          "Total Cost": 407525.23,
          "Plan Rows": 6,
          "Plan Width": 8,
          "Actual Startup Time": 2195.122,
          "Actual Total Time": 2259.622,
          "Actual Rows": 7,
          "Actual Loops": 1,
          "Workers Planned": 6,
          "Workers Launched": 6,
          "Single Copy": false,
          "Plans": [
            {
              "Node Type": "Aggregate",
              "Strategy": "Plain",
              "Partial Mode": "Partial",
              "Parent Relationship": "Outer",
              "Parallel Aware": false,
              "Startup Cost": 406524.62,
              "Total Cost": 406524.63,
              "Plan Rows": 1,
              "Plan Width": 8,
              "Actual Startup Time": 2181.867,
              "Actual Total Time": 2181.872,
              "Actual Rows": 1,
              "Actual Loops": 7,
              "Plans": [
                {
                  "Node Type": "Hash Join",
                  "Parent Relationship": "Outer",
                  "Parallel Aware": true,
                  "Join Type": "Inner",
                  "Startup Cost": 47831.02,
                  "Total Cost": 401580.36,
                  "Plan Rows": 1977707,
                  "Plan Width": 0,
                  "Actual Startup Time": 195.059,
                  "Actual Total Time": 2095.44,
                  "Actual Rows": 1675410,
                  "Actual Loops": 7,
                  "Inner Unique": true,
                  "Hash Cond": "(ci.movie_id = t.id)",
                  "Plans": [
                    {
                      "Node Type": "Seq Scan",
                      "Parent Relationship": "Outer",
                      "Parallel Aware": true,
                      "Relation Name": "cast_info",
                      "Alias": "ci",
                      "Startup Cost": 0.0,
                      "Total Cost": 343316.27,
                      "Plan Rows": 3974492,
                      "Plan Width": 4,
                      "Actual Startup Time": 7.364,
                      "Actual Total Time": 803.936,
                      "Actual Rows": 3393174,
                      "Actual Loops": 7,
                      "Filter": "((person_id > 52607) AND (role_id < 4))",
                      "Rows Removed by Filter": 1784589
                    },
                    {
                      "Node Type": "Hash",
                      "Parent Relationship": "Inner",
                      "Parallel Aware": true,
                      "Startup Cost": 43899.32,
                      "Total Cost": 43899.32,
                      "Plan Rows": 314536,
                      "Plan Width": 4,
                      "Actual Startup Time": 182.687,
                      "Actual Total Time": 182.688,
                      "Actual Rows": 180529,
                      "Actual Loops": 7,
                      "Hash Buckets": 2097152,
                      "Original Hash Buckets": 2097152,
                      "Hash Batches": 1,
                      "Original Hash Batches": 1,
                      "Peak Memory Usage": 65952,
                      "Plans": [
                        {
                          "Node Type": "Seq Scan",
                          "Parent Relationship": "Outer",
                          "Parallel Aware": true,
                          "Relation Name": "title",
                          "Alias": "t",
                          "Startup Cost": 0.0,
                          "Total Cost": 43899.32,
                          "Plan Rows": 314536,
                          "Plan Width": 4,
                          "Actual Startup Time": 0.048,
                          "Actual Total Time": 84.505,
                          "Actual Rows": 180529,
                          "Actual Loops": 7,
                          "Filter": "(production_year < 2004)",
                          "Rows Removed by Filter": 180659
                        }
                      ]
                    }
                  ]
                }
              ]
            }
          ]
        }
      ]
    },
    "Planning Time": 0.654,
    "Triggers": [],
    "Execution Time": 2259.74
  }
]