[
  {
    "Plan": {
      "Node Type": "Aggregate",
      "Strategy": "Plain",
      "Partial Mode": "Simple",
      "Parallel Aware": false,
      "Startup Cost": 6601.53,
      "Total Cost": 6601.54,
      "Plan Rows": 1,
      "Plan Width": 8,
      "Actual Startup Time": 3.694,
      "Actual Total Time": 3.696,
      "Actual Rows": 1,
      "Actual Loops": 1,
      "Plans": [
        {
          "Node Type": "Index Scan",
          "Parent Relationship": "Outer",
          "Parallel Aware": false,
          "Scan Direction": "Forward",
          "Index Name": "company_id_movie_companies",
          "Relation Name": "movie_companies",
          "Alias": "mc",
          "Startup Cost": 0.43,
          "Total Cost": 6598.22,
          "Plan Rows": 1327,
          "Plan Width": 0,
          "Actual Startup Time": 0.119,
          "Actual Total Time": 3.559,
          "Actual Rows": 498,
          "Actual Loops": 1,
          "Index Cond": "(company_id = 180)",
          "Rows Removed by Index Recheck": 0,
          "Filter": "(company_type_id < 2)",
          "Rows Removed by Filter": 1211
        }
      ]
    },
    "Planning Time": 0.214,
    "Triggers": [],
    "Execution Time": 3.751
  }
]