{
  "Plan": {
    "Node Type": "Aggregate",
    "Strategy": "Plain",
    "Partial Mode": "Finalize",
    "Parallel Aware": false,
    "Startup Cost": 2448790.54,
    "Total Cost": 2448790.55,
    "Plan Rows": 1,
    "Plan Width": 8,
    "Actual Startup Time": 12396.138,
    "Actual Total Time": 12409.366,
    "Actual Rows": 1,
    "Actual Loops": 1,
    "Plans": [
      {
        "Node Type": "Gather",
        "Parent Relationship": "Outer",
        "Parallel Aware": false,
        "Startup Cost": 2448790.43,
        "Total Cost": 2448790.54,
        "Plan Rows": 1,
        "Plan Width": 8,
        "Actual Startup Time": 12396.123,
        "Actual Total Time": 12409.357,
        "Actual Rows": 2,
        "Actual Loops": 1,
        "Workers Planned": 1,
        "Workers Launched": 1,
        "Single Copy": false,
        "Plans": [
          {
            "Node Type": "Aggregate",
            "Strategy": "Plain",
            "Partial Mode": "Partial",
            "Parent Relationship": "Outer",
            "Parallel Aware": false,
            "Startup Cost": 2447790.43,
            "Total Cost": 2447790.44,
            "Plan Rows": 1,
            "Plan Width": 8,
            "Actual Startup Time": 12335.77,
            "Actual Total Time": 12335.779,
            "Actual Rows": 1,
            "Actual Loops": 2,
            "Plans": [
              {
                "Node Type": "Merge Join",
                "Parent Relationship": "Outer",
                "Parallel Aware": false,
                "Join Type": "Inner",
                "Startup Cost": 2277011.93,
                "Total Cost": 2431196.4,
                "Plan Rows": 6637611,
                "Plan Width": 0,
                "Actual Startup Time": 10722.258,
                "Actual Total Time": 12330.003,
                "Actual Rows": 135493,
                "Actual Loops": 2,
                "Inner Unique": false,
                "Merge Cond": "(t.id = mi.movie_id)",
                "Plans": [
                  {
                    "Node Type": "Sort",
                    "Parent Relationship": "Outer",
                    "Parallel Aware": false,
                    "Startup Cost": 1910297.05,
                    "Total Cost": 1937628.36,
                    "Plan Rows": 10932522,
                    "Plan Width": 8,
                    "Actual Startup Time": 10195.809,
                    "Actual Total Time": 11015.0,
                    "Actual Rows": 9037930,
                    "Actual Loops": 2,
                    "Sort Key": [
                      "ci.movie_id"
                    ],
                    "Sort Method": "quicksort",
                    "Sort Space Used": 828980,
                    "Sort Space Type": "Memory",
                    "Workers": [
                      {
                        "Worker Number": 0,
                        "Sort Method": "quicksort",
                        "Sort Space Used": 804759,
                        "Sort Space Type": "Memory"
                      }
                    ],
                    "Plans": [
                      {
                        "Node Type": "Hash Join",
                        "Parent Relationship": "Outer",
                        "Parallel Aware": true,
                        "Join Type": "Inner",
                        "Startup Cost": 65888.86,
                        "Total Cost": 632169.18,
                        "Plan Rows": 10932522,
                        "Plan Width": 8,
                        "Actual Startup Time": 576.861,
                        "Actual Total Time": 7855.885,
                        "Actual Rows": 9037930,
                        "Actual Loops": 2,
                        "Inner Unique": true,
                        "Hash Cond": "(ci.movie_id = t.id)",
                        "Plans": [
                          {
                            "Node Type": "Seq Scan",
                            "Parent Relationship": "Outer",
                            "Parallel Aware": true,
                            "Relation Name": "cast_info",
                            "Alias": "ci",
                            "Startup Cost": 0.0,
                            "Total Cost": 519069.44,
                            "Plan Rows": 17985067,
                            "Plan Width": 4,
                            "Actual Startup Time": 152.602,
                            "Actual Total Time": 1835.955,
                            "Actual Rows": 15227617,
                            "Actual Loops": 2,
                            "Filter": "(person_id > 560780)",
                            "Rows Removed by Filter": 2894555
                          },
                          {
                            "Node Type": "Hash",
                            "Parent Relationship": "Inner",
                            "Parallel Aware": true,
                            "Startup Cost": 54588.39,
                            "Total Cost": 54588.39,
                            "Plan Rows": 904038,
                            "Plan Width": 4,
                            "Actual Startup Time": 410.196,
                            "Actual Total Time": 410.198,
                            "Actual Rows": 771632,
                            "Actual Loops": 2,
                            "Hash Buckets": 2097152,
                            "Original Hash Buckets": 2097152,
                            "Hash Batches": 1,
                            "Original Hash Batches": 1,
                            "Peak Memory Usage": 76800,
                            "Plans": [
                              {
                                "Node Type": "Seq Scan",
                                "Parent Relationship": "Outer",
                                "Parallel Aware": true,
                                "Relation Name": "title",
                                "Alias": "t",
                                "Startup Cost": 0.0,
                                "Total Cost": 54588.39,
                                "Plan Rows": 904038,
                                "Plan Width": 4,
                                "Actual Startup Time": 0.029,
                                "Actual Total Time": 182.374,
                                "Actual Rows": 771632,
                                "Actual Loops": 2,
                                "Filter": "(kind_id = 7)",
                                "Rows Removed by Filter": 492524
                              }
                            ]
                          }
                        ]
                      }
                    ]
                  },
                  {
                    "Node Type": "Sort",
                    "Parent Relationship": "Inner",
                    "Parallel Aware": false,
                    "Startup Cost": 366713.77,
                    "Total Cost": 370551.37,
                    "Plan Rows": 1535037,
                    "Plan Width": 4,
                    "Actual Startup Time": 526.256,
                    "Actual Total Time": 591.379,
                    "Actual Rows": 1655554,
                    "Actual Loops": 2,
                    "Sort Key": [
                      "mi.movie_id"
                    ],
                    "Sort Method": "quicksort",
                    "Sort Space Used": 121054,
                    "Sort Space Type": "Memory",
                    "Workers": [
                      {
                        "Worker Number": 0,
                        "Sort Method": "quicksort",
                        "Sort Space Used": 121054,
                        "Sort Space Type": "Memory"
                      }
                    ],
                    "Plans": [
                      {
                        "Node Type": "Bitmap Heap Scan",
                        "Parent Relationship": "Outer",
                        "Parallel Aware": false,
                        "Relation Name": "movie_info",
                        "Alias": "mi",
                        "Startup Cost": 27808.97,
                        "Total Cost": 208989.93,
                        "Plan Rows": 1535037,
                        "Plan Width": 4,
                        "Actual Startup Time": 47.626,
                        "Actual Total Time": 201.738,
                        "Actual Rows": 1533909,
                        "Actual Loops": 2,
                        "Recheck Cond": "(info_type_id = 3)",
                        "Rows Removed by Index Recheck": 0,
                        "Exact Heap Blocks": 9770,
                        "Lossy Heap Blocks": 0,
                        "Plans": [
                          {
                            "Node Type": "Bitmap Index Scan",
                            "Parent Relationship": "Outer",
                            "Parallel Aware": false,
                            "Index Name": "info_type_id_movie_info",
                            "Startup Cost": 0.0,
                            "Total Cost": 27425.21,
                            "Plan Rows": 1535037,
                            "Plan Width": 0,
                            "Actual Startup Time": 46.445,
                            "Actual Total Time": 46.445,
                            "Actual Rows": 1533909,
                            "Actual Loops": 2,
                            "Index Cond": "(info_type_id = 3)"
                          }
                        ]
                      }
                    ]
                  }
                ]
              }
            ]
          }
        ]
      }
    ]
  },
  "Planning Time": 1.141,
  "Triggers": [],
  "Execution Time": 12449.92
}