[
  {
    "Plan": {
      "Node Type": "Aggregate",
      "Strategy": "Plain",
      "Partial Mode": "Finalize",
      "Parallel Aware": false,
      "Startup Cost": 288437.43,
      "Total Cost": 288437.44,
      "Plan Rows": 1,
      "Plan Width": 8,
      "Actual Startup Time": 200.869,
      "Actual Total Time": 209.436,
      "Actual Rows": 1,
      "Actual Loops": 1,
      "Plans": [
        {
          "Node Type": "Gather",
          "Parent Relationship": "Outer",
          "Parallel Aware": false,
          "Startup Cost": 288436.8,
          "Total Cost": 288437.41,
          "Plan Rows": 6,
          "Plan Width": 8,
          "Actual Startup Time": 200.17,
          "Actual Total Time": 209.423,
          "Actual Rows": 7,
          "Actual Loops": 1,
          "Workers Planned": 6,
          "Workers Launched": 6,
          "Single Copy": false,
          "Plans": [
            {
              "Node Type": "Aggregate",
              "Strategy": "Plain",
              "Partial Mode": "Partial",
              "Parent Relationship": "Outer",
              "Parallel Aware": false,
              "Startup Cost": 287436.8,
              "Total Cost": 287436.81,
              "Plan Rows": 1,
              "Plan Width": 8,
              "Actual Startup Time": 193.942,
              "Actual Total Time": 193.945,
              "Actual Rows": 1,
              "Actual Loops": 7,
              "Plans": [
                {
                  "Node Type": "Bitmap Heap Scan",
                  "Parent Relationship": "Outer",
                  "Parallel Aware": true,
                  "Relation Name": "cast_info",
                  "Alias": "ci",
                  "Startup Cost": 31006.58,
                  "Total Cost": 287230.28,
                  "Plan Rows": 82610,
                  "Plan Width": 0,
                  "Actual Startup Time": 111.829,
                  "Actual Total Time": 183.554,
                  "Actual Rows": 148804,
                  "Actual Loops": 7,
                  "Recheck Cond": "(person_id < 145718)",
                  "Rows Removed by Index Recheck": 0,
                  "Filter": "(role_id = 1)",
                  "Rows Removed by Filter": 58166,
                  "Exact Heap Blocks": 2948,
                  "Lossy Heap Blocks": 0,
                  "Plans": [
                    {
                      "Node Type": "Bitmap Index Scan",
                      "Parent Relationship": "Outer",
                      "Parallel Aware": false,
                      "Index Name": "person_id_cast_info",
                      "Startup Cost": 0.0,
                      "Total Cost": 30882.66,
                      "Plan Rows": 1414680,
                      "Plan Width": 0,
                      "Actual Startup Time": 113.235,
                      "Actual Total Time": 113.235,
                      "Actual Rows": 1448796,
                      "Actual Loops": 1,
                      "Index Cond": "(person_id < 145718)"
                    }
                  ]
                }
              ]
            }
          ]
        }
      ]
    },
    "Planning Time": 0.239,
    "Triggers": [],
    "Execution Time": 209.515
  }
]