[
  {
    "Plan": {
      "Node Type": "Aggregate",
      "Strategy": "Plain",
      "Partial Mode": "Finalize",
      "Parallel Aware": false,
      "Startup Cost": 33167.72,
      "Total Cost": 33167.73,
      "Plan Rows": 1,
      "Plan Width": 8,
      "Actual Startup Time": 105.95,
      "Actual Total Time": 114.47,
      "Actual Rows": 1,
      "Actual Loops": 1,
      "Plans": [
        {
          "Node Type": "Gather",
          "Parent Relationship": "Outer",
          "Parallel Aware": false,
          "Startup Cost": 33167.41,
          "Total Cost": 33167.72,
          "Plan Rows": 3,
          "Plan Width": 8,
          "Actual Startup Time": 105.803,
          "Actual Total Time": 114.46,
          "Actual Rows": 4,
          "Actual Loops": 1,
          "Workers Planned": 3,
          "Workers Launched": 3,
          "Single Copy": false,
          "Plans": [
            {
              "Node Type": "Aggregate",
              "Strategy": "Plain",
              "Partial Mode": "Partial",
              "Parent Relationship": "Outer",
              "Parallel Aware": false,
              "Startup Cost": 32167.41,
              "Total Cost": 32167.42,
              "Plan Rows": 1,
              "Plan Width": 8,
              "Actual Startup Time": 100.903,
              "Actual Total Time": 100.904,
              "Actual Rows": 1,
              "Actual Loops": 4,
              "Plans": [
                {
                  "Node Type": "Seq Scan",
                  "Parent Relationship": "Outer",
                  "Parallel Aware": true,
                  "Relation Name": "movie_companies",
                  "Alias": "mc",
                  "Startup Cost": 0.0,
                  "Total Cost": 31414.82,
                  "Plan Rows": 301035,
                  "Plan Width": 0,
                  "Actual Startup Time": 0.027,
                  "Actual Total Time": 84.638,
                  "Actual Rows": 310464,
                  "Actual Loops": 4,
                  "Filter": "((company_id < 46378) AND (company_type_id < 2))",
                  "Rows Removed by Filter": 341818
                }
              ]
            }
          ]
        }
      ]
    },
    "Planning Time": 0.106,
    "Triggers": [],
    "Execution Time": 114.501
  }
]