[
    {
        "Bao": {
            "Bao prediction": "NaN",
            "Bao recommended hint": "(no hint)"
        }
    },
    {
        "Plan": {
            "Node Type": "Aggregate",
            "Strategy": "Plain",
            "Partial Mode": "Finalize",
            "Parallel Aware": false,
            "Startup Cost": 417432.15,
            "Total Cost": 417432.16,
            "Plan Rows": 1,
            "Plan Width": 8,
            "Actual Startup Time": 1578.682,
            "Actual Total Time": 1609.911,
            "Actual Rows": 1,
            "Actual Loops": 1,
            "Output": [
                "count(*)"
            ],
            "Plans": [
                {
                    "Node Type": "Gather",
                    "Parent Relationship": "Outer",
                    "Parallel Aware": false,
                    "Startup Cost": 417431.53,
                    "Total Cost": 417432.14,
                    "Plan Rows": 6,
                    "Plan Width": 8,
                    "Actual Startup Time": 1565.501,
                    "Actual Total Time": 1609.899,
                    "Actual Rows": 7,
                    "Actual Loops": 1,
                    "Output": [
                        "(PARTIAL count(*))"
                    ],
                    "Workers Planned": 6,
                    "Workers Launched": 6,
                    "Single Copy": false,
                    "Plans": [
                        {
                            "Node Type": "Aggregate",
                            "Strategy": "Plain",
                            "Partial Mode": "Partial",
                            "Parent Relationship": "Outer",
                            "Parallel Aware": false,
                            "Startup Cost": 416431.53,
                            "Total Cost": 416431.54,
                            "Plan Rows": 1,
                            "Plan Width": 8,
                            "Actual Startup Time": 1555.449,
                            "Actual Total Time": 1555.585,
                            "Actual Rows": 1,
                            "Actual Loops": 7,
                            "Output": [
                                "PARTIAL count(*)"
                            ],
                            "Workers": [
                                {
                                    "Worker Number": 0,
                                    "Actual Startup Time": 1552.447,
                                    "Actual Total Time": 1552.453,
                                    "Actual Rows": 1,
                                    "Actual Loops": 1
                                },
                                {
                                    "Worker Number": 1,
                                    "Actual Startup Time": 1553.224,
                                    "Actual Total Time": 1553.228,
                                    "Actual Rows": 1,
                                    "Actual Loops": 1
                                },
                                {
                                    "Worker Number": 2,
                                    "Actual Startup Time": 1555.339,
                                    "Actual Total Time": 1555.343,
                                    "Actual Rows": 1,
                                    "Actual Loops": 1
                                },
                                {
                                    "Worker Number": 3,
                                    "Actual Startup Time": 1553.631,
                                    "Actual Total Time": 1553.635,
                                    "Actual Rows": 1,
                                    "Actual Loops": 1
                                },
                                {
                                    "Worker Number": 4,
                                    "Actual Startup Time": 1553.944,
                                    "Actual Total Time": 1553.948,
                                    "Actual Rows": 1,
                                    "Actual Loops": 1
                                },
                                {
                                    "Worker Number": 5,
                                    "Actual Startup Time": 1554.506,
                                    "Actual Total Time": 1554.511,
                                    "Actual Rows": 1,
                                    "Actual Loops": 1
                                }
                            ],
                            "Plans": [
                                {
                                    "Node Type": "Hash Join",
                                    "Parent Relationship": "Outer",
                                    "Parallel Aware": true,
                                    "Join Type": "Inner",
                                    "Startup Cost": 78206.46,
                                    "Total Cost": 415142.12,
                                    "Plan Rows": 515764,
                                    "Plan Width": 0,
                                    "Actual Startup Time": 334.958,
                                    "Actual Total Time": 1461.098,
                                    "Actual Rows": 2254733,
                                    "Actual Loops": 7,
                                    "Inner Unique": false,
                                    "Hash Cond": "(ci.movie_id = t.id)",
                                    "Workers": [
                                        {
                                            "Worker Number": 0,
                                            "Actual Startup Time": 332.241,
                                            "Actual Total Time": 1448.328,
                                            "Actual Rows": 1636858,
                                            "Actual Loops": 1
                                        },
                                        {
                                            "Worker Number": 1,
                                            "Actual Startup Time": 333.038,
                                            "Actual Total Time": 1460.408,
                                            "Actual Rows": 2383930,
                                            "Actual Loops": 1
                                        },
                                        {
                                            "Worker Number": 2,
                                            "Actual Startup Time": 333.189,
                                            "Actual Total Time": 1464.341,
                                            "Actual Rows": 2242252,
                                            "Actual Loops": 1
                                        },
                                        {
                                            "Worker Number": 3,
                                            "Actual Startup Time": 333.384,
                                            "Actual Total Time": 1460.511,
                                            "Actual Rows": 2349469,
                                            "Actual Loops": 1
                                        },
                                        {
                                            "Worker Number": 4,
                                            "Actual Startup Time": 333.706,
                                            "Actual Total Time": 1463.504,
                                            "Actual Rows": 2219844,
                                            "Actual Loops": 1
                                        },
                                        {
                                            "Worker Number": 5,
                                            "Actual Startup Time": 334.33,
                                            "Actual Total Time": 1461.943,
                                            "Actual Rows": 2368473,
                                            "Actual Loops": 1
                                        }
                                    ],
                                    "Plans": [
                                        {
                                            "Node Type": "Seq Scan",
                                            "Parent Relationship": "Outer",
                                            "Parallel Aware": true,
                                            "Relation Name": "cast_info",
                                            "Schema": "public",
                                            "Alias": "ci",
                                            "Startup Cost": 0.0,
                                            "Total Cost": 328213.62,
                                            "Plan Rows": 1882211,
                                            "Plan Width": 4,
                                            "Actual Startup Time": 0.025,
                                            "Actual Total Time": 514.75,
                                            "Actual Rows": 1618484,
                                            "Actual Loops": 7,
                                            "Output": [
                                                "ci.id",
                                                "ci.person_id",
                                                "ci.movie_id",
                                                "ci.person_role_id",
                                                "ci.note",
                                                "ci.nr_order",
                                                "ci.role_id"
                                            ],
                                            "Filter": "(ci.person_id < 1112974)",
                                            "Rows Removed by Filter": 3559279,
                                            "Workers": [
                                                {
                                                    "Worker Number": 0,
                                                    "Actual Startup Time": 0.036,
                                                    "Actual Total Time": 530.324,
                                                    "Actual Rows": 1154257,
                                                    "Actual Loops": 1
                                                },
                                                {
                                                    "Worker Number": 1,
                                                    "Actual Startup Time": 0.028,
                                                    "Actual Total Time": 522.69,
                                                    "Actual Rows": 1721748,
                                                    "Actual Loops": 1
                                                },
                                                {
                                                    "Worker Number": 2,
                                                    "Actual Startup Time": 0.025,
                                                    "Actual Total Time": 511.884,
                                                    "Actual Rows": 1609224,
                                                    "Actual Loops": 1
                                                },
                                                {
                                                    "Worker Number": 3,
                                                    "Actual Startup Time": 0.027,
                                                    "Actual Total Time": 523.056,
                                                    "Actual Rows": 1692662,
                                                    "Actual Loops": 1
                                                },
                                                {
                                                    "Worker Number": 4,
                                                    "Actual Startup Time": 0.019,
                                                    "Actual Total Time": 510.228,
                                                    "Actual Rows": 1588326,
                                                    "Actual Loops": 1
                                                },
                                                {
                                                    "Worker Number": 5,
                                                    "Actual Startup Time": 0.033,
                                                    "Actual Total Time": 523.157,
                                                    "Actual Rows": 1710818,
                                                    "Actual Loops": 1
                                                }
                                            ]
                                        },
                                        {
                                            "Node Type": "Hash",
                                            "Parent Relationship": "Inner",
                                            "Parallel Aware": true,
                                            "Startup Cost": 75412.87,
                                            "Total Cost": 75412.87,
                                            "Plan Rows": 223487,
                                            "Plan Width": 8,
                                            "Actual Startup Time": 332.715,
                                            "Actual Total Time": 332.849,
                                            "Actual Rows": 186813,
                                            "Actual Loops": 7,
                                            "Output": [
                                                "t.id",
                                                "mc.movie_id"
                                            ],
                                            "Hash Buckets": 2097152,
                                            "Original Hash Buckets": 1048576,
                                            "Hash Batches": 1,
                                            "Original Hash Batches": 1,
                                            "Peak Memory Usage": 75872,
                                            "Workers": [
                                                {
                                                    "Worker Number": 0,
                                                    "Actual Startup Time": 331.474,
                                                    "Actual Total Time": 331.478,
                                                    "Actual Rows": 134621,
                                                    "Actual Loops": 1
                                                },
                                                {
                                                    "Worker Number": 1,
                                                    "Actual Startup Time": 332.216,
                                                    "Actual Total Time": 332.218,
                                                    "Actual Rows": 198977,
                                                    "Actual Loops": 1
                                                },
                                                {
                                                    "Worker Number": 2,
                                                    "Actual Startup Time": 332.36,
                                                    "Actual Total Time": 332.363,
                                                    "Actual Rows": 184541,
                                                    "Actual Loops": 1
                                                },
                                                {
                                                    "Worker Number": 3,
                                                    "Actual Startup Time": 332.531,
                                                    "Actual Total Time": 332.534,
                                                    "Actual Rows": 198019,
                                                    "Actual Loops": 1
                                                },
                                                {
                                                    "Worker Number": 4,
                                                    "Actual Startup Time": 332.926,
                                                    "Actual Total Time": 332.929,
                                                    "Actual Rows": 180285,
                                                    "Actual Loops": 1
                                                },
                                                {
                                                    "Worker Number": 5,
                                                    "Actual Startup Time": 333.545,
                                                    "Actual Total Time": 333.548,
                                                    "Actual Rows": 198433,
                                                    "Actual Loops": 1
                                                }
                                            ],
                                            "Plans": [
                                                {
                                                    "Node Type": "Hash Join",
                                                    "Parent Relationship": "Outer",
                                                    "Parallel Aware": true,
                                                    "Join Type": "Inner",
                                                    "Startup Cost": 45996.98,
                                                    "Total Cost": 75412.87,
                                                    "Plan Rows": 223487,
                                                    "Plan Width": 8,
                                                    "Actual Startup Time": 129.876,
                                                    "Actual Total Time": 242.24,
                                                    "Actual Rows": 186813,
                                                    "Actual Loops": 7,
                                                    "Output": [
                                                        "t.id",
                                                        "mc.movie_id"
                                                    ],
                                                    "Inner Unique": true,
                                                    "Hash Cond": "(mc.movie_id = t.id)",
                                                    "Workers": [
                                                        {
                                                            "Worker Number": 0,
                                                            "Actual Startup Time": 128.615,
                                                            "Actual Total Time": 241.865,
                                                            "Actual Rows": 134621,
                                                            "Actual Loops": 1
                                                        },
                                                        {
                                                            "Worker Number": 1,
                                                            "Actual Startup Time": 129.306,
                                                            "Actual Total Time": 241.528,
                                                            "Actual Rows": 198977,
                                                            "Actual Loops": 1
                                                        },
                                                        {
                                                            "Worker Number": 2,
                                                            "Actual Startup Time": 129.562,
                                                            "Actual Total Time": 242.185,
                                                            "Actual Rows": 184541,
                                                            "Actual Loops": 1
                                                        },
                                                        {
                                                            "Worker Number": 3,
                                                            "Actual Startup Time": 129.704,
                                                            "Actual Total Time": 242.271,
                                                            "Actual Rows": 198019,
                                                            "Actual Loops": 1
                                                        },
                                                        {
                                                            "Worker Number": 4,
                                                            "Actual Startup Time": 130.109,
                                                            "Actual Total Time": 242.023,
                                                            "Actual Rows": 180285,
                                                            "Actual Loops": 1
                                                        },
                                                        {
                                                            "Worker Number": 5,
                                                            "Actual Startup Time": 130.643,
                                                            "Actual Total Time": 243.182,
                                                            "Actual Rows": 198433,
                                                            "Actual Loops": 1
                                                        }
                                                    ],
                                                    "Plans": [
                                                        {
                                                            "Node Type": "Seq Scan",
                                                            "Parent Relationship": "Outer",
                                                            "Parallel Aware": true,
                                                            "Relation Name": "movie_companies",
                                                            "Schema": "public",
                                                            "Alias": "mc",
                                                            "Startup Cost": 0.0,
                                                            "Total Cost": 27206.55,
                                                            "Plan Rows": 841655,
                                                            "Plan Width": 4,
                                                            "Actual Startup Time": 0.023,
                                                            "Actual Total Time": 39.104,
                                                            "Actual Rows": 372733,
                                                            "Actual Loops": 7,
                                                            "Output": [
                                                                "mc.id",
                                                                "mc.movie_id",
                                                                "mc.company_id",
                                                                "mc.company_type_id",
                                                                "mc.note"
                                                            ],
                                                            "Workers": [
                                                                {
                                                                    "Worker Number": 0,
                                                                    "Actual Startup Time": 0.028,
                                                                    "Actual Total Time": 41.693,
                                                                    "Actual Rows": 267641,
                                                                    "Actual Loops": 1
                                                                },
                                                                {
                                                                    "Worker Number": 1,
                                                                    "Actual Startup Time": 0.028,
                                                                    "Actual Total Time": 40.812,
                                                                    "Actual Rows": 396275,
                                                                    "Actual Loops": 1
                                                                },
                                                                {
                                                                    "Worker Number": 2,
                                                                    "Actual Startup Time": 0.024,
                                                                    "Actual Total Time": 38.65,
                                                                    "Actual Rows": 364458,
                                                                    "Actual Loops": 1
                                                                },
                                                                {
                                                                    "Worker Number": 3,
                                                                    "Actual Startup Time": 0.027,
                                                                    "Actual Total Time": 40.685,
                                                                    "Actual Rows": 392910,
                                                                    "Actual Loops": 1
                                                                },
                                                                {
                                                                    "Worker Number": 4,
                                                                    "Actual Startup Time": 0.028,
                                                                    "Actual Total Time": 38.492,
                                                                    "Actual Rows": 358979,
                                                                    "Actual Loops": 1
                                                                },
                                                                {
                                                                    "Worker Number": 5,
                                                                    "Actual Startup Time": 0.024,
                                                                    "Actual Total Time": 40.846,
                                                                    "Actual Rows": 394920,
                                                                    "Actual Loops": 1
                                                                }
                                                            ]
                                                        },
                                                        {
                                                            "Node Type": "Hash",
                                                            "Parent Relationship": "Inner",
                                                            "Parallel Aware": true,
                                                            "Startup Cost": 43899.01,
                                                            "Total Cost": 43899.01,
                                                            "Plan Rows": 167838,
                                                            "Plan Width": 4,
                                                            "Actual Startup Time": 110.258,
                                                            "Actual Total Time": 110.259,
                                                            "Actual Rows": 94689,
                                                            "Actual Loops": 7,
                                                            "Output": [
                                                                "t.id"
                                                            ],
                                                            "Hash Buckets": 1048576,
                                                            "Original Hash Buckets": 1048576,
                                                            "Hash Batches": 1,
                                                            "Original Hash Batches": 1,
                                                            "Peak Memory Usage": 34208,
                                                            "Workers": [
                                                                {
                                                                    "Worker Number": 0,
                                                                    "Actual Startup Time": 109.781,
                                                                    "Actual Total Time": 109.783,
                                                                    "Actual Rows": 66956,
                                                                    "Actual Loops": 1
                                                                },
                                                                {
                                                                    "Worker Number": 1,
                                                                    "Actual Startup Time": 110.512,
                                                                    "Actual Total Time": 110.513,
                                                                    "Actual Rows": 98685,
                                                                    "Actual Loops": 1
                                                                },
                                                                {
                                                                    "Worker Number": 2,
                                                                    "Actual Startup Time": 110.709,
                                                                    "Actual Total Time": 110.71,
                                                                    "Actual Rows": 92237,
                                                                    "Actual Loops": 1
                                                                },
                                                                {
                                                                    "Worker Number": 3,
                                                                    "Actual Startup Time": 110.895,
                                                                    "Actual Total Time": 110.897,
                                                                    "Actual Rows": 97162,
                                                                    "Actual Loops": 1
                                                                },
                                                                {
                                                                    "Worker Number": 4,
                                                                    "Actual Startup Time": 111.26,
                                                                    "Actual Total Time": 111.261,
                                                                    "Actual Rows": 91524,
                                                                    "Actual Loops": 1
                                                                },
                                                                {
                                                                    "Worker Number": 5,
                                                                    "Actual Startup Time": 111.781,
                                                                    "Actual Total Time": 111.783,
                                                                    "Actual Rows": 98325,
                                                                    "Actual Loops": 1
                                                                }
                                                            ],
                                                            "Plans": [
                                                                {
                                                                    "Node Type": "Seq Scan",
                                                                    "Parent Relationship": "Outer",
                                                                    "Parallel Aware": true,
                                                                    "Relation Name": "title",
                                                                    "Schema": "public",
                                                                    "Alias": "t",
                                                                    "Startup Cost": 0.0,
                                                                    "Total Cost": 43899.01,
                                                                    "Plan Rows": 167838,
                                                                    "Plan Width": 4,
                                                                    "Actual Startup Time": 39.531,
                                                                    "Actual Total Time": 73.119,
                                                                    "Actual Rows": 94689,
                                                                    "Actual Loops": 7,
                                                                    "Output": [
                                                                        "t.id"
                                                                    ],
                                                                    "Filter": "(t.kind_id = 1)",
                                                                    "Rows Removed by Filter": 266498,
                                                                    "Workers": [
                                                                        {
                                                                            "Worker Number": 0,
                                                                            "Actual Startup Time": 45.432,
                                                                            "Actual Total Time": 74.178,
                                                                            "Actual Rows": 66956,
                                                                            "Actual Loops": 1
                                                                        },
                                                                        {
                                                                            "Worker Number": 1,
                                                                            "Actual Startup Time": 45.349,
                                                                            "Actual Total Time": 74.095,
                                                                            "Actual Rows": 98685,
                                                                            "Actual Loops": 1
                                                                        },
                                                                        {
                                                                            "Worker Number": 2,
                                                                            "Actual Startup Time": 45.38,
                                                                            "Actual Total Time": 72.959,
                                                                            "Actual Rows": 92237,
                                                                            "Actual Loops": 1
                                                                        },
                                                                        {
                                                                            "Worker Number": 3,
                                                                            "Actual Startup Time": 45.578,
                                                                            "Actual Total Time": 74.24,
                                                                            "Actual Rows": 97162,
                                                                            "Actual Loops": 1
                                                                        },
                                                                        {
                                                                            "Worker Number": 4,
                                                                            "Actual Startup Time": 45.446,
                                                                            "Actual Total Time": 72.854,
                                                                            "Actual Rows": 91524,
                                                                            "Actual Loops": 1
                                                                        },
                                                                        {
                                                                            "Worker Number": 5,
                                                                            "Actual Startup Time": 45.464,
                                                                            "Actual Total Time": 73.83,
                                                                            "Actual Rows": 98325,
                                                                            "Actual Loops": 1
                                                                        }
                                                                    ]
                                                                }
                                                            ]
                                                        }
                                                    ]
                                                }
                                            ]
                                        }
                                    ]
                                }
                            ]
                        }
                    ]
                }
            ]
        },
        "Planning Time": 179.254,
        "Triggers": [],
        "Execution Time": 1609.978
    }
]