[
    {
        "Bao": {
            "Bao prediction": "NaN",
            "Bao recommended hint": "(no hint)"
        }
    },
    {
        "Plan": {
            "Node Type": "Aggregate",
            "Strategy": "Plain",
            "Partial Mode": "Finalize",
            "Parallel Aware": false,
            "Startup Cost": 470597.61,
            "Total Cost": 470597.62,
            "Plan Rows": 1,
            "Plan Width": 8,
            "Actual Startup Time": 2154.93,
            "Actual Total Time": 2189.869,
            "Actual Rows": 1,
            "Actual Loops": 1,
            "Output": [
                "count(*)"
            ],
            "Plans": [
                {
                    "Node Type": "Gather",
                    "Parent Relationship": "Outer",
                    "Parallel Aware": false,
                    "Startup Cost": 470596.98,
                    "Total Cost": 470597.59,
                    "Plan Rows": 6,
                    "Plan Width": 8,
                    "Actual Startup Time": 2144.652,
                    "Actual Total Time": 2189.86,
                    "Actual Rows": 7,
                    "Actual Loops": 1,
                    "Output": [
                        "(PARTIAL count(*))"
                    ],
                    "Workers Planned": 6,
                    "Workers Launched": 6,
                    "Single Copy": false,
                    "Plans": [
                        {
                            "Node Type": "Aggregate",
                            "Strategy": "Plain",
                            "Partial Mode": "Partial",
                            "Parent Relationship": "Outer",
                            "Parallel Aware": false,
                            "Startup Cost": 469596.98,
                            "Total Cost": 469596.99,
                            "Plan Rows": 1,
                            "Plan Width": 8,
                            "Actual Startup Time": 2130.088,
                            "Actual Total Time": 2130.094,
                            "Actual Rows": 1,
                            "Actual Loops": 7,
                            "Output": [
                                "PARTIAL count(*)"
                            ],
                            "Workers": [
                                {
                                    "Worker Number": 0,
                                    "Actual Startup Time": 2127.927,
                                    "Actual Total Time": 2127.933,
                                    "Actual Rows": 1,
                                    "Actual Loops": 1
                                },
                                {
                                    "Worker Number": 1,
                                    "Actual Startup Time": 2128.105,
                                    "Actual Total Time": 2128.11,
                                    "Actual Rows": 1,
                                    "Actual Loops": 1
                                },
                                {
                                    "Worker Number": 2,
                                    "Actual Startup Time": 2127.872,
                                    "Actual Total Time": 2127.876,
                                    "Actual Rows": 1,
                                    "Actual Loops": 1
                                },
                                {
                                    "Worker Number": 3,
                                    "Actual Startup Time": 2128.022,
                                    "Actual Total Time": 2128.026,
                                    "Actual Rows": 1,
                                    "Actual Loops": 1
                                },
                                {
                                    "Worker Number": 4,
                                    "Actual Startup Time": 2127.754,
                                    "Actual Total Time": 2127.759,
                                    "Actual Rows": 1,
                                    "Actual Loops": 1
                                },
                                {
                                    "Worker Number": 5,
                                    "Actual Startup Time": 2127.813,
                                    "Actual Total Time": 2127.819,
                                    "Actual Rows": 1,
                                    "Actual Loops": 1
                                }
                            ],
                            "Plans": [
                                {
                                    "Node Type": "Hash Join",
                                    "Parent Relationship": "Outer",
                                    "Parallel Aware": true,
                                    "Join Type": "Inner",
                                    "Startup Cost": 104537.51,
                                    "Total Cost": 456807.0,
                                    "Plan Rows": 5115992,
                                    "Plan Width": 0,
                                    "Actual Startup Time": 357.031,
                                    "Actual Total Time": 2018.809,
                                    "Actual Rows": 2470835,
                                    "Actual Loops": 7,
                                    "Inner Unique": false,
                                    "Hash Cond": "(ci.movie_id = t.id)",
                                    "Workers": [
                                        {
                                            "Worker Number": 0,
                                            "Actual Startup Time": 354.942,
                                            "Actual Total Time": 2019.542,
                                            "Actual Rows": 2702787,
                                            "Actual Loops": 1
                                        },
                                        {
                                            "Worker Number": 1,
                                            "Actual Startup Time": 355.208,
                                            "Actual Total Time": 2007.58,
                                            "Actual Rows": 1864784,
                                            "Actual Loops": 1
                                        },
                                        {
                                            "Worker Number": 2,
                                            "Actual Startup Time": 354.906,
                                            "Actual Total Time": 2020.395,
                                            "Actual Rows": 2683254,
                                            "Actual Loops": 1
                                        },
                                        {
                                            "Worker Number": 3,
                                            "Actual Startup Time": 355.06,
                                            "Actual Total Time": 2021.566,
                                            "Actual Rows": 2668853,
                                            "Actual Loops": 1
                                        },
                                        {
                                            "Worker Number": 4,
                                            "Actual Startup Time": 355.003,
                                            "Actual Total Time": 2008.226,
                                            "Actual Rows": 1847267,
                                            "Actual Loops": 1
                                        },
                                        {
                                            "Worker Number": 5,
                                            "Actual Startup Time": 354.847,
                                            "Actual Total Time": 2021.688,
                                            "Actual Rows": 2650205,
                                            "Actual Loops": 1
                                        }
                                    ],
                                    "Plans": [
                                        {
                                            "Node Type": "Seq Scan",
                                            "Parent Relationship": "Outer",
                                            "Parallel Aware": true,
                                            "Relation Name": "cast_info",
                                            "Schema": "public",
                                            "Alias": "ci",
                                            "Startup Cost": 0.0,
                                            "Total Cost": 313108.29,
                                            "Plan Rows": 6042129,
                                            "Plan Width": 4,
                                            "Actual Startup Time": 0.027,
                                            "Actual Total Time": 514.082,
                                            "Actual Rows": 5177763,
                                            "Actual Loops": 7,
                                            "Output": [
                                                "ci.id",
                                                "ci.person_id",
                                                "ci.movie_id",
                                                "ci.person_role_id",
                                                "ci.note",
                                                "ci.nr_order",
                                                "ci.role_id"
                                            ],
                                            "Workers": [
                                                {
                                                    "Worker Number": 0,
                                                    "Actual Startup Time": 0.027,
                                                    "Actual Total Time": 523.465,
                                                    "Actual Rows": 5630877,
                                                    "Actual Loops": 1
                                                },
                                                {
                                                    "Worker Number": 1,
                                                    "Actual Startup Time": 0.034,
                                                    "Actual Total Time": 551.016,
                                                    "Actual Rows": 3889177,
                                                    "Actual Loops": 1
                                                },
                                                {
                                                    "Worker Number": 2,
                                                    "Actual Startup Time": 0.024,
                                                    "Actual Total Time": 522.801,
                                                    "Actual Rows": 5603231,
                                                    "Actual Loops": 1
                                                },
                                                {
                                                    "Worker Number": 3,
                                                    "Actual Startup Time": 0.025,
                                                    "Actual Total Time": 508.261,
                                                    "Actual Rows": 5520525,
                                                    "Actual Loops": 1
                                                },
                                                {
                                                    "Worker Number": 4,
                                                    "Actual Startup Time": 0.033,
                                                    "Actual Total Time": 561.39,
                                                    "Actual Rows": 3910145,
                                                    "Actual Loops": 1
                                                },
                                                {
                                                    "Worker Number": 5,
                                                    "Actual Startup Time": 0.031,
                                                    "Actual Total Time": 509.037,
                                                    "Actual Rows": 5508066,
                                                    "Actual Loops": 1
                                                }
                                            ]
                                        },
                                        {
                                            "Node Type": "Hash",
                                            "Parent Relationship": "Inner",
                                            "Parallel Aware": true,
                                            "Startup Cost": 95905.33,
                                            "Total Cost": 95905.33,
                                            "Plan Rows": 690575,
                                            "Plan Width": 8,
                                            "Actual Startup Time": 352.341,
                                            "Actual Total Time": 352.345,
                                            "Actual Rows": 70595,
                                            "Actual Loops": 7,
                                            "Output": [
                                                "t.id",
                                                "mk.movie_id"
                                            ],
                                            "Hash Buckets": 4194304,
                                            "Original Hash Buckets": 4194304,
                                            "Hash Batches": 1,
                                            "Original Hash Batches": 1,
                                            "Peak Memory Usage": 52224,
                                            "Workers": [
                                                {
                                                    "Worker Number": 0,
                                                    "Actual Startup Time": 354.145,
                                                    "Actual Total Time": 354.149,
                                                    "Actual Rows": 76265,
                                                    "Actual Loops": 1
                                                },
                                                {
                                                    "Worker Number": 1,
                                                    "Actual Startup Time": 354.349,
                                                    "Actual Total Time": 354.352,
                                                    "Actual Rows": 49768,
                                                    "Actual Loops": 1
                                                },
                                                {
                                                    "Worker Number": 2,
                                                    "Actual Startup Time": 354.08,
                                                    "Actual Total Time": 354.083,
                                                    "Actual Rows": 75125,
                                                    "Actual Loops": 1
                                                },
                                                {
                                                    "Worker Number": 3,
                                                    "Actual Startup Time": 354.281,
                                                    "Actual Total Time": 354.284,
                                                    "Actual Rows": 79356,
                                                    "Actual Loops": 1
                                                },
                                                {
                                                    "Worker Number": 4,
                                                    "Actual Startup Time": 353.788,
                                                    "Actual Total Time": 353.791,
                                                    "Actual Rows": 48591,
                                                    "Actual Loops": 1
                                                },
                                                {
                                                    "Worker Number": 5,
                                                    "Actual Startup Time": 353.979,
                                                    "Actual Total Time": 353.983,
                                                    "Actual Rows": 77103,
                                                    "Actual Loops": 1
                                                }
                                            ],
                                            "Plans": [
                                                {
                                                    "Node Type": "Hash Join",
                                                    "Parent Relationship": "Outer",
                                                    "Parallel Aware": true,
                                                    "Join Type": "Inner",
                                                    "Startup Cost": 50130.21,
                                                    "Total Cost": 95905.33,
                                                    "Plan Rows": 690575,
                                                    "Plan Width": 8,
                                                    "Actual Startup Time": 182.553,
                                                    "Actual Total Time": 319.252,
                                                    "Actual Rows": 70595,
                                                    "Actual Loops": 7,
                                                    "Output": [
                                                        "t.id",
                                                        "mk.movie_id"
                                                    ],
                                                    "Inner Unique": true,
                                                    "Hash Cond": "(mk.movie_id = t.id)",
                                                    "Workers": [
                                                        {
                                                            "Worker Number": 0,
                                                            "Actual Startup Time": 182.402,
                                                            "Actual Total Time": 318.959,
                                                            "Actual Rows": 76265,
                                                            "Actual Loops": 1
                                                        },
                                                        {
                                                            "Worker Number": 1,
                                                            "Actual Startup Time": 182.477,
                                                            "Actual Total Time": 318.635,
                                                            "Actual Rows": 49768,
                                                            "Actual Loops": 1
                                                        },
                                                        {
                                                            "Worker Number": 2,
                                                            "Actual Startup Time": 182.557,
                                                            "Actual Total Time": 318.829,
                                                            "Actual Rows": 75125,
                                                            "Actual Loops": 1
                                                        },
                                                        {
                                                            "Worker Number": 3,
                                                            "Actual Startup Time": 182.555,
                                                            "Actual Total Time": 319.27,
                                                            "Actual Rows": 79356,
                                                            "Actual Loops": 1
                                                        },
                                                        {
                                                            "Worker Number": 4,
                                                            "Actual Startup Time": 182.587,
                                                            "Actual Total Time": 319.37,
                                                            "Actual Rows": 48591,
                                                            "Actual Loops": 1
                                                        },
                                                        {
                                                            "Worker Number": 5,
                                                            "Actual Startup Time": 182.609,
                                                            "Actual Total Time": 318.884,
                                                            "Actual Rows": 77103,
                                                            "Actual Loops": 1
                                                        }
                                                    ],
                                                    "Plans": [
                                                        {
                                                            "Node Type": "Seq Scan",
                                                            "Parent Relationship": "Outer",
                                                            "Parallel Aware": true,
                                                            "Relation Name": "movie_keyword",
                                                            "Schema": "public",
                                                            "Alias": "mk",
                                                            "Startup Cost": 0.0,
                                                            "Total Cost": 42695.65,
                                                            "Plan Rows": 1173130,
                                                            "Plan Width": 4,
                                                            "Actual Startup Time": 0.023,
                                                            "Actual Total Time": 73.327,
                                                            "Actual Rows": 522432,
                                                            "Actual Loops": 7,
                                                            "Output": [
                                                                "mk.id",
                                                                "mk.movie_id",
                                                                "mk.keyword_id"
                                                            ],
                                                            "Filter": "(mk.keyword_id < 21249)",
                                                            "Rows Removed by Filter": 123844,
                                                            "Workers": [
                                                                {
                                                                    "Worker Number": 0,
                                                                    "Actual Startup Time": 0.016,
                                                                    "Actual Total Time": 73.122,
                                                                    "Actual Rows": 564696,
                                                                    "Actual Loops": 1
                                                                },
                                                                {
                                                                    "Worker Number": 1,
                                                                    "Actual Startup Time": 0.019,
                                                                    "Actual Total Time": 76.071,
                                                                    "Actual Rows": 375004,
                                                                    "Actual Loops": 1
                                                                },
                                                                {
                                                                    "Worker Number": 2,
                                                                    "Actual Startup Time": 0.022,
                                                                    "Actual Total Time": 72.649,
                                                                    "Actual Rows": 561378,
                                                                    "Actual Loops": 1
                                                                },
                                                                {
                                                                    "Worker Number": 3,
                                                                    "Actual Startup Time": 0.021,
                                                                    "Actual Total Time": 73.671,
                                                                    "Actual Rows": 570683,
                                                                    "Actual Loops": 1
                                                                },
                                                                {
                                                                    "Worker Number": 4,
                                                                    "Actual Startup Time": 0.038,
                                                                    "Actual Total Time": 75.287,
                                                                    "Actual Rows": 370388,
                                                                    "Actual Loops": 1
                                                                },
                                                                {
                                                                    "Worker Number": 5,
                                                                    "Actual Startup Time": 0.032,
                                                                    "Actual Total Time": 73.704,
                                                                    "Actual Rows": 566776,
                                                                    "Actual Loops": 1
                                                                }
                                                            ]
                                                        },
                                                        {
                                                            "Node Type": "Hash",
                                                            "Parent Relationship": "Inner",
                                                            "Parallel Aware": true,
                                                            "Startup Cost": 45479.21,
                                                            "Total Cost": 45479.21,
                                                            "Plan Rows": 372080,
                                                            "Plan Width": 4,
                                                            "Actual Startup Time": 180.557,
                                                            "Actual Total Time": 180.558,
                                                            "Actual Rows": 211206,
                                                            "Actual Loops": 7,
                                                            "Output": [
                                                                "t.id"
                                                            ],
                                                            "Hash Buckets": 2097152,
                                                            "Original Hash Buckets": 2097152,
                                                            "Hash Batches": 1,
                                                            "Original Hash Batches": 1,
                                                            "Peak Memory Usage": 74336,
                                                            "Workers": [
                                                                {
                                                                    "Worker Number": 0,
                                                                    "Actual Startup Time": 182.29,
                                                                    "Actual Total Time": 182.291,
                                                                    "Actual Rows": 200113,
                                                                    "Actual Loops": 1
                                                                },
                                                                {
                                                                    "Worker Number": 1,
                                                                    "Actual Startup Time": 182.334,
                                                                    "Actual Total Time": 182.335,
                                                                    "Actual Rows": 166600,
                                                                    "Actual Loops": 1
                                                                },
                                                                {
                                                                    "Worker Number": 2,
                                                                    "Actual Startup Time": 182.269,
                                                                    "Actual Total Time": 182.27,
                                                                    "Actual Rows": 202421,
                                                                    "Actual Loops": 1
                                                                },
                                                                {
                                                                    "Worker Number": 3,
                                                                    "Actual Startup Time": 182.254,
                                                                    "Actual Total Time": 182.255,
                                                                    "Actual Rows": 218417,
                                                                    "Actual Loops": 1
                                                                },
                                                                {
                                                                    "Worker Number": 4,
                                                                    "Actual Startup Time": 182.264,
                                                                    "Actual Total Time": 182.265,
                                                                    "Actual Rows": 152704,
                                                                    "Actual Loops": 1
                                                                },
                                                                {
                                                                    "Worker Number": 5,
                                                                    "Actual Startup Time": 182.291,
                                                                    "Actual Total Time": 182.292,
                                                                    "Actual Rows": 218335,
                                                                    "Actual Loops": 1
                                                                }
                                                            ],
                                                            "Plans": [
                                                                {
                                                                    "Node Type": "Seq Scan",
                                                                    "Parent Relationship": "Outer",
                                                                    "Parallel Aware": true,
                                                                    "Relation Name": "title",
                                                                    "Schema": "public",
                                                                    "Alias": "t",
                                                                    "Startup Cost": 0.0,
                                                                    "Total Cost": 45479.21,
                                                                    "Plan Rows": 372080,
                                                                    "Plan Width": 4,
                                                                    "Actual Startup Time": 0.048,
                                                                    "Actual Total Time": 77.902,
                                                                    "Actual Rows": 211206,
                                                                    "Actual Loops": 7,
                                                                    "Output": [
                                                                        "t.id"
                                                                    ],
                                                                    "Filter": "((t.production_year > 0) AND (t.kind_id = 7))",
                                                                    "Rows Removed by Filter": 149982,
                                                                    "Workers": [
                                                                        {
                                                                            "Worker Number": 0,
                                                                            "Actual Startup Time": 0.038,
                                                                            "Actual Total Time": 79.544,
                                                                            "Actual Rows": 200113,
                                                                            "Actual Loops": 1
                                                                        },
                                                                        {
                                                                            "Worker Number": 1,
                                                                            "Actual Startup Time": 0.053,
                                                                            "Actual Total Time": 83.446,
                                                                            "Actual Rows": 166600,
                                                                            "Actual Loops": 1
                                                                        },
                                                                        {
                                                                            "Worker Number": 2,
                                                                            "Actual Startup Time": 0.056,
                                                                            "Actual Total Time": 79.131,
                                                                            "Actual Rows": 202421,
                                                                            "Actual Loops": 1
                                                                        },
                                                                        {
                                                                            "Worker Number": 3,
                                                                            "Actual Startup Time": 0.052,
                                                                            "Actual Total Time": 75.167,
                                                                            "Actual Rows": 218417,
                                                                            "Actual Loops": 1
                                                                        },
                                                                        {
                                                                            "Worker Number": 4,
                                                                            "Actual Startup Time": 0.054,
                                                                            "Actual Total Time": 81.628,
                                                                            "Actual Rows": 152704,
                                                                            "Actual Loops": 1
                                                                        },
                                                                        {
                                                                            "Worker Number": 5,
                                                                            "Actual Startup Time": 0.067,
                                                                            "Actual Total Time": 80.4,
                                                                            "Actual Rows": 218335,
                                                                            "Actual Loops": 1
                                                                        }
                                                                    ]
                                                                }
                                                            ]
                                                        }
                                                    ]
                                                }
                                            ]
                                        }
                                    ]
                                }
                            ]
                        }
                    ]
                }
            ]
        },
        "Planning Time": 176.253,
        "Triggers": [],
        "Execution Time": 2189.948
    }
]