[
  {
    "Plan": {
      "Node Type": "Aggregate",
      "Strategy": "Plain",
      "Partial Mode": "Finalize",
      "Parallel Aware": false,
      "Startup Cost": 45374.27,
      "Total Cost": 45374.28,
      "Plan Rows": 1,
      "Plan Width": 8,
      "Actual Startup Time": 132.434,
      "Actual Total Time": 141.638,
      "Actual Rows": 1,
      "Actual Loops": 1,
      "Plans": [
        {
          "Node Type": "Gather",
          "Parent Relationship": "Outer",
          "Parallel Aware": false,
          "Startup Cost": 45373.95,
          "Total Cost": 45374.26,
          "Plan Rows": 3,
          "Plan Width": 8,
          "Actual Startup Time": 132.305,
          "Actual Total Time": 141.627,
          "Actual Rows": 4,
          "Actual Loops": 1,
          "Workers Planned": 3,
          "Workers Launched": 3,
          "Single Copy": false,
          "Plans": [
            {
              "Node Type": "Aggregate",
              "Strategy": "Plain",
              "Partial Mode": "Partial",
              "Parent Relationship": "Outer",
              "Parallel Aware": false,
              "Startup Cost": 44373.95,
              "Total Cost": 44373.96,
              "Plan Rows": 1,
              "Plan Width": 8,
              "Actual Startup Time": 127.348,
              "Actual Total Time": 127.35,
              "Actual Rows": 1,
              "Actual Loops": 4,
              "Plans": [
                {
                  "Node Type": "Seq Scan",
                  "Parent Relationship": "Outer",
                  "Parallel Aware": true,
                  "Relation Name": "movie_keyword",
                  "Alias": "mk",
                  "Startup Cost": 0.0,
                  "Total Cost": 42695.65,
                  "Plan Rows": 671320,
                  "Plan Width": 0,
                  "Actual Startup Time": 0.04,
                  "Actual Total Time": 104.329,
                  "Actual Rows": 522580,
                  "Actual Loops": 4,
                  "Filter": "(keyword_id < 3741)",
                  "Rows Removed by Filter": 608402
                }
              ]
            }
          ]
        }
      ]
    },
    "Planning Time": 0.151,
    "Triggers": [],
    "Execution Time": 141.686
  }
]