[
  {
    "Plan": {
      "Node Type": "Aggregate",
      "Strategy": "Plain",
      "Partial Mode": "Finalize",
      "Parallel Aware": false,
      "Startup Cost": 334396.51,
      "Total Cost": 334396.52,
      "Plan Rows": 1,
      "Plan Width": 8,
      "Actual Startup Time": 649.538,
      "Actual Total Time": 693.758,
      "Actual Rows": 1,
      "Actual Loops": 1,
      "Plans": [
        {
          "Node Type": "Gather",
          "Parent Relationship": "Outer",
          "Parallel Aware": false,
          "Startup Cost": 334395.89,
          "Total Cost": 334396.5,
          "Plan Rows": 6,
          "Plan Width": 8,
          "Actual Startup Time": 649.376,
          "Actual Total Time": 693.746,
          "Actual Rows": 7,
          "Actual Loops": 1,
          "Workers Planned": 6,
          "Workers Launched": 6,
          "Single Copy": false,
          "Plans": [
            {
              "Node Type": "Aggregate",
              "Strategy": "Plain",
              "Partial Mode": "Partial",
              "Parent Relationship": "Outer",
              "Parallel Aware": false,
              "Startup Cost": 333395.89,
              "Total Cost": 333395.9,
              "Plan Rows": 1,
              "Plan Width": 8,
              "Actual Startup Time": 643.024,
              "Actual Total Time": 643.025,
              "Actual Rows": 1,
              "Actual Loops": 7,
              "Plans": [
                {
                  "Node Type": "Seq Scan",
                  "Parent Relationship": "Outer",
                  "Parallel Aware": true,
                  "Relation Name": "cast_info",
                  "Alias": "ci",
                  "Startup Cost": 0.0,
                  "Total Cost": 328211.39,
                  "Plan Rows": 2073799,
                  "Plan Width": 0,
                  "Actual Startup Time": 0.039,
                  "Actual Total Time": 555.509,
                  "Actual Rows": 1794793,
                  "Actual Loops": 7,
                  "Filter": "(person_id < 1238683)",
                  "Rows Removed by Filter": 3382971
                }
              ]
            }
          ]
        }
      ]
    },
    "Planning Time": 0.162,
    "Triggers": [],
    "Execution Time": 693.865
  }
]