[
    {
        "Bao": {
            "Bao prediction": 929.7,
            "Bao recommended hint": "SET enable_nestloop TO off; SET enable_mergejoin TO off; SET enable_indexscan TO off; "
        }
    },
    {
        "Plan": {
            "Node Type": "Aggregate",
            "Strategy": "Plain",
            "Partial Mode": "Finalize",
            "Parallel Aware": false,
            "Startup Cost": 93531.53,
            "Total Cost": 93531.54,
            "Plan Rows": 1,
            "Plan Width": 8,
            "Actual Startup Time": 255.846,
            "Actual Total Time": 268.357,
            "Actual Rows": 1,
            "Actual Loops": 1,
            "Output": [
                "count(*)"
            ],
            "Plans": [
                {
                    "Node Type": "Gather",
                    "Parent Relationship": "Outer",
                    "Parallel Aware": false,
                    "Startup Cost": 93531.31,
                    "Total Cost": 93531.52,
                    "Plan Rows": 2,
                    "Plan Width": 8,
                    "Actual Startup Time": 255.717,
                    "Actual Total Time": 268.351,
                    "Actual Rows": 3,
                    "Actual Loops": 1,
                    "Output": [
                        "(PARTIAL count(*))"
                    ],
                    "Workers Planned": 2,
                    "Workers Launched": 2,
                    "Single Copy": false,
                    "Plans": [
                        {
                            "Node Type": "Aggregate",
                            "Strategy": "Plain",
                            "Partial Mode": "Partial",
                            "Parent Relationship": "Outer",
                            "Parallel Aware": false,
                            "Startup Cost": 92531.31,
                            "Total Cost": 92531.32,
                            "Plan Rows": 1,
                            "Plan Width": 8,
                            "Actual Startup Time": 248.032,
                            "Actual Total Time": 248.039,
                            "Actual Rows": 1,
                            "Actual Loops": 3,
                            "Output": [
                                "PARTIAL count(*)"
                            ],
                            "Workers": [
                                {
                                    "Worker Number": 0,
                                    "Actual Startup Time": 244.499,
                                    "Actual Total Time": 244.504,
                                    "Actual Rows": 1,
                                    "Actual Loops": 1
                                },
                                {
                                    "Worker Number": 1,
                                    "Actual Startup Time": 244.581,
                                    "Actual Total Time": 244.593,
                                    "Actual Rows": 1,
                                    "Actual Loops": 1
                                }
                            ],
                            "Plans": [
                                {
                                    "Node Type": "Hash Join",
                                    "Parent Relationship": "Outer",
                                    "Parallel Aware": true,
                                    "Join Type": "Inner",
                                    "Startup Cost": 76689.28,
                                    "Total Cost": 92531.03,
                                    "Plan Rows": 115,
                                    "Plan Width": 0,
                                    "Actual Startup Time": 200.922,
                                    "Actual Total Time": 248.026,
                                    "Actual Rows": 43,
                                    "Actual Loops": 3,
                                    "Inner Unique": false,
                                    "Hash Cond": "(mi_idx.movie_id = t.id)",
                                    "Workers": [
                                        {
                                            "Worker Number": 0,
                                            "Actual Startup Time": 218.081,
                                            "Actual Total Time": 244.493,
                                            "Actual Rows": 12,
                                            "Actual Loops": 1
                                        },
                                        {
                                            "Worker Number": 1,
                                            "Actual Startup Time": 198.355,
                                            "Actual Total Time": 244.577,
                                            "Actual Rows": 36,
                                            "Actual Loops": 1
                                        }
                                    ],
                                    "Plans": [
                                        {
                                            "Node Type": "Seq Scan",
                                            "Parent Relationship": "Outer",
                                            "Parallel Aware": true,
                                            "Relation Name": "movie_info_idx",
                                            "Schema": "public",
                                            "Alias": "mi_idx",
                                            "Startup Cost": 0.0,
                                            "Total Cost": 13685.15,
                                            "Plan Rows": 575015,
                                            "Plan Width": 4,
                                            "Actual Startup Time": 0.027,
                                            "Actual Total Time": 41.254,
                                            "Actual Rows": 460012,
                                            "Actual Loops": 3,
                                            "Output": [
                                                "mi_idx.id",
                                                "mi_idx.movie_id",
                                                "mi_idx.info_type_id",
                                                "mi_idx.info",
                                                "mi_idx.note"
                                            ],
                                            "Workers": [
                                                {
                                                    "Worker Number": 0,
                                                    "Actual Startup Time": 0.036,
                                                    "Actual Total Time": 42.322,
                                                    "Actual Rows": 363075,
                                                    "Actual Loops": 1
                                                },
                                                {
                                                    "Worker Number": 1,
                                                    "Actual Startup Time": 0.036,
                                                    "Actual Total Time": 42.196,
                                                    "Actual Rows": 362999,
                                                    "Actual Loops": 1
                                                }
                                            ]
                                        },
                                        {
                                            "Node Type": "Hash",
                                            "Parent Relationship": "Inner",
                                            "Parallel Aware": true,
                                            "Startup Cost": 76687.71,
                                            "Total Cost": 76687.71,
                                            "Plan Rows": 126,
                                            "Plan Width": 8,
                                            "Actual Startup Time": 170.165,
                                            "Actual Total Time": 170.171,
                                            "Actual Rows": 25,
                                            "Actual Loops": 3,
                                            "Output": [
                                                "t.id",
                                                "ci.movie_id"
                                            ],
                                            "Hash Buckets": 1024,
                                            "Original Hash Buckets": 1024,
                                            "Hash Batches": 1,
                                            "Original Hash Batches": 1,
                                            "Peak Memory Usage": 104,
                                            "Workers": [
                                                {
                                                    "Worker Number": 0,
                                                    "Actual Startup Time": 167.014,
                                                    "Actual Total Time": 167.017,
                                                    "Actual Rows": 18,
                                                    "Actual Loops": 1
                                                },
                                                {
                                                    "Worker Number": 1,
                                                    "Actual Startup Time": 167.094,
                                                    "Actual Total Time": 167.104,
                                                    "Actual Rows": 17,
                                                    "Actual Loops": 1
                                                }
                                            ],
                                            "Plans": [
                                                {
                                                    "Node Type": "Hash Join",
                                                    "Parent Relationship": "Outer",
                                                    "Parallel Aware": false,
                                                    "Join Type": "Inner",
                                                    "Startup Cost": 1973.54,
                                                    "Total Cost": 76687.71,
                                                    "Plan Rows": 126,
                                                    "Plan Width": 8,
                                                    "Actual Startup Time": 35.366,
                                                    "Actual Total Time": 170.08,
                                                    "Actual Rows": 25,
                                                    "Actual Loops": 3,
                                                    "Output": [
                                                        "t.id",
                                                        "ci.movie_id"
                                                    ],
                                                    "Inner Unique": false,
                                                    "Hash Cond": "(t.id = ci.movie_id)",
                                                    "Workers": [
                                                        {
                                                            "Worker Number": 0,
                                                            "Actual Startup Time": 37.038,
                                                            "Actual Total Time": 166.919,
                                                            "Actual Rows": 18,
                                                            "Actual Loops": 1
                                                        },
                                                        {
                                                            "Worker Number": 1,
                                                            "Actual Startup Time": 31.823,
                                                            "Actual Total Time": 167.009,
                                                            "Actual Rows": 17,
                                                            "Actual Loops": 1
                                                        }
                                                    ],
                                                    "Plans": [
                                                        {
                                                            "Node Type": "Seq Scan",
                                                            "Parent Relationship": "Outer",
                                                            "Parallel Aware": true,
                                                            "Relation Name": "title",
                                                            "Schema": "public",
                                                            "Alias": "t",
                                                            "Startup Cost": 0.0,
                                                            "Total Cost": 42318.81,
                                                            "Plan Rows": 632080,
                                                            "Plan Width": 4,
                                                            "Actual Startup Time": 0.024,
                                                            "Actual Total Time": 100.425,
                                                            "Actual Rows": 842771,
                                                            "Actual Loops": 3,
                                                            "Output": [
                                                                "t.id",
                                                                "t.title",
                                                                "t.imdb_index",
                                                                "t.kind_id",
                                                                "t.production_year",
                                                                "t.imdb_id",
                                                                "t.phonetic_code",
                                                                "t.episode_of_id",
                                                                "t.season_nr",
                                                                "t.episode_nr",
                                                                "t.series_years",
                                                                "t.md5sum"
                                                            ],
                                                            "Workers": [
                                                                {
                                                                    "Worker Number": 0,
                                                                    "Actual Startup Time": 0.025,
                                                                    "Actual Total Time": 101.711,
                                                                    "Actual Rows": 656172,
                                                                    "Actual Loops": 1
                                                                },
                                                                {
                                                                    "Worker Number": 1,
                                                                    "Actual Startup Time": 0.033,
                                                                    "Actual Total Time": 101.627,
                                                                    "Actual Rows": 659530,
                                                                    "Actual Loops": 1
                                                                }
                                                            ]
                                                        },
                                                        {
                                                            "Node Type": "Hash",
                                                            "Parent Relationship": "Inner",
                                                            "Parallel Aware": false,
                                                            "Startup Cost": 1967.24,
                                                            "Total Cost": 1967.24,
                                                            "Plan Rows": 504,
                                                            "Plan Width": 4,
                                                            "Actual Startup Time": 0.245,
                                                            "Actual Total Time": 0.246,
                                                            "Actual Rows": 74,
                                                            "Actual Loops": 3,
                                                            "Output": [
                                                                "ci.movie_id"
                                                            ],
                                                            "Hash Buckets": 1024,
                                                            "Original Hash Buckets": 1024,
                                                            "Hash Batches": 1,
                                                            "Original Hash Batches": 1,
                                                            "Peak Memory Usage": 11,
                                                            "Workers": [
                                                                {
                                                                    "Worker Number": 0,
                                                                    "Actual Startup Time": 0.281,
                                                                    "Actual Total Time": 0.283,
                                                                    "Actual Rows": 74,
                                                                    "Actual Loops": 1
                                                                },
                                                                {
                                                                    "Worker Number": 1,
                                                                    "Actual Startup Time": 0.302,
                                                                    "Actual Total Time": 0.304,
                                                                    "Actual Rows": 74,
                                                                    "Actual Loops": 1
                                                                }
                                                            ],
                                                            "Plans": [
                                                                {
                                                                    "Node Type": "Bitmap Heap Scan",
                                                                    "Parent Relationship": "Outer",
                                                                    "Parallel Aware": false,
                                                                    "Relation Name": "cast_info",
                                                                    "Schema": "public",
                                                                    "Alias": "ci",
                                                                    "Startup Cost": 12.47,
                                                                    "Total Cost": 1967.24,
                                                                    "Plan Rows": 504,
                                                                    "Plan Width": 4,
                                                                    "Actual Startup Time": 0.18,
                                                                    "Actual Total Time": 0.203,
                                                                    "Actual Rows": 74,
                                                                    "Actual Loops": 3,
                                                                    "Output": [
                                                                        "ci.movie_id"
                                                                    ],
                                                                    "Recheck Cond": "(ci.person_id = 410585)",
                                                                    "Rows Removed by Index Recheck": 0,
                                                                    "Exact Heap Blocks": 1,
                                                                    "Lossy Heap Blocks": 0,
                                                                    "Workers": [
                                                                        {
                                                                            "Worker Number": 0,
                                                                            "Actual Startup Time": 0.224,
                                                                            "Actual Total Time": 0.244,
                                                                            "Actual Rows": 74,
                                                                            "Actual Loops": 1
                                                                        },
                                                                        {
                                                                            "Worker Number": 1,
                                                                            "Actual Startup Time": 0.244,
                                                                            "Actual Total Time": 0.264,
                                                                            "Actual Rows": 74,
                                                                            "Actual Loops": 1
                                                                        }
                                                                    ],
                                                                    "Plans": [
                                                                        {
                                                                            "Node Type": "Bitmap Index Scan",
                                                                            "Parent Relationship": "Outer",
                                                                            "Parallel Aware": false,
                                                                            "Index Name": "person_id_cast_info",
                                                                            "Startup Cost": 0.0,
                                                                            "Total Cost": 12.34,
                                                                            "Plan Rows": 504,
                                                                            "Plan Width": 0,
                                                                            "Actual Startup Time": 0.131,
                                                                            "Actual Total Time": 0.131,
                                                                            "Actual Rows": 74,
                                                                            "Actual Loops": 3,
                                                                            "Index Cond": "(ci.person_id = 410585)",
                                                                            "Workers": [
                                                                                {
                                                                                    "Worker Number": 0,
                                                                                    "Actual Startup Time": 0.161,
                                                                                    "Actual Total Time": 0.162,
                                                                                    "Actual Rows": 74,
                                                                                    "Actual Loops": 1
                                                                                },
                                                                                {
                                                                                    "Worker Number": 1,
                                                                                    "Actual Startup Time": 0.178,
                                                                                    "Actual Total Time": 0.179,
                                                                                    "Actual Rows": 74,
                                                                                    "Actual Loops": 1
                                                                                }
                                                                            ]
                                                                        }
                                                                    ]
                                                                }
                                                            ]
                                                        }
                                                    ]
                                                }
                                            ]
                                        }
                                    ]
                                }
                            ]
                        }
                    ]
                }
            ]
        },
        "Planning Time": 935.826,
        "Triggers": [],
        "Execution Time": 268.534
    }
]