[
  {
    "Plan": {
      "Node Type": "Aggregate",
      "Strategy": "Plain",
      "Partial Mode": "Finalize",
      "Parallel Aware": false,
      "Startup Cost": 45226.38,
      "Total Cost": 45226.39,
      "Plan Rows": 1,
      "Plan Width": 8,
      "Actual Startup Time": 89.636,
      "Actual Total Time": 101.013,
      "Actual Rows": 1,
      "Actual Loops": 1,
      "Plans": [
        {
          "Node Type": "Gather",
          "Parent Relationship": "Outer",
          "Parallel Aware": false,
          "Startup Cost": 45225.96,
          "Total Cost": 45226.37,
          "Plan Rows": 4,
          "Plan Width": 8,
          "Actual Startup Time": 89.416,
          "Actual Total Time": 101.0,
          "Actual Rows": 5,
          "Actual Loops": 1,
          "Workers Planned": 4,
          "Workers Launched": 4,
          "Single Copy": false,
          "Plans": [
            {
              "Node Type": "Aggregate",
              "Strategy": "Plain",
              "Partial Mode": "Partial",
              "Parent Relationship": "Outer",
              "Parallel Aware": false,
              "Startup Cost": 44225.96,
              "Total Cost": 44225.97,
              "Plan Rows": 1,
              "Plan Width": 8,
              "Actual Startup Time": 84.204,
              "Actual Total Time": 84.206,
              "Actual Rows": 1,
              "Actual Loops": 5,
              "Plans": [
                {
                  "Node Type": "Seq Scan",
                  "Parent Relationship": "Outer",
                  "Parallel Aware": true,
                  "Relation Name": "title",
                  "Alias": "t",
                  "Startup Cost": 0.0,
                  "Total Cost": 43899.32,
                  "Plan Rows": 130656,
                  "Plan Width": 0,
                  "Actual Startup Time": 0.035,
                  "Actual Total Time": 79.019,
                  "Actual Rows": 107638,
                  "Actual Loops": 5,
                  "Filter": "(production_year < 1982)",
                  "Rows Removed by Filter": 398024
                }
              ]
            }
          ]
        }
      ]
    },
    "Planning Time": 0.147,
    "Triggers": [],
    "Execution Time": 101.07
  }
]