[
  {
    "Plan": {
      "Node Type": "Aggregate",
      "Strategy": "Plain",
      "Partial Mode": "Finalize",
      "Parallel Aware": false,
      "Startup Cost": 33149.58,
      "Total Cost": 33149.59,
      "Plan Rows": 1,
      "Plan Width": 8,
      "Actual Startup Time": 104.99,
      "Actual Total Time": 113.202,
      "Actual Rows": 1,
      "Actual Loops": 1,
      "Plans": [
        {
          "Node Type": "Gather",
          "Parent Relationship": "Outer",
          "Parallel Aware": false,
          "Startup Cost": 33149.26,
          "Total Cost": 33149.57,
          "Plan Rows": 3,
          "Plan Width": 8,
          "Actual Startup Time": 104.715,
          "Actual Total Time": 113.194,
          "Actual Rows": 4,
          "Actual Loops": 1,
          "Workers Planned": 3,
          "Workers Launched": 3,
          "Single Copy": false,
          "Plans": [
            {
              "Node Type": "Aggregate",
              "Strategy": "Plain",
              "Partial Mode": "Partial",
              "Parent Relationship": "Outer",
              "Parallel Aware": false,
              "Startup Cost": 32149.26,
              "Total Cost": 32149.27,
              "Plan Rows": 1,
              "Plan Width": 8,
              "Actual Startup Time": 99.578,
              "Actual Total Time": 99.581,
              "Actual Rows": 1,
              "Actual Loops": 4,
              "Plans": [
                {
                  "Node Type": "Seq Scan",
                  "Parent Relationship": "Outer",
                  "Parallel Aware": true,
                  "Relation Name": "movie_companies",
                  "Alias": "mc",
                  "Startup Cost": 0.0,
                  "Total Cost": 31414.82,
                  "Plan Rows": 293777,
                  "Plan Width": 0,
                  "Actual Startup Time": 54.959,
                  "Actual Total Time": 92.033,
                  "Actual Rows": 149494,
                  "Actual Loops": 4,
                  "Filter": "((company_id < 28534) AND (company_type_id = 2))",
                  "Rows Removed by Filter": 502788
                }
              ]
            }
          ]
        }
      ]
    },
    "Planning Time": 0.102,
    "Triggers": [],
    "Execution Time": 113.235
  }
]