{
  "Plan": {
    "Node Type": "Aggregate",
    "Strategy": "Plain",
    "Partial Mode": "Finalize",
    "Parallel Aware": false,
    "Startup Cost": 144063.04,
    "Total Cost": 144063.05,
    "Plan Rows": 1,
    "Plan Width": 64,
    "Actual Startup Time": 1369.944,
    "Actual Total Time": 1401.978,
    "Actual Rows": 1,
    "Actual Loops": 1,
    "Plans": [
      {
        "Node Type": "Gather",
        "Parent Relationship": "Outer",
        "Parallel Aware": false,
        "Startup Cost": 144062.93,
        "Total Cost": 144063.04,
        "Plan Rows": 1,
        "Plan Width": 64,
        "Actual Startup Time": 1364.386,
        "Actual Total Time": 1401.964,
        "Actual Rows": 2,
        "Actual Loops": 1,
        "Workers Planned": 1,
        "Workers Launched": 1,
        "Single Copy": false,
        "Plans": [
          {
            "Node Type": "Aggregate",
            "Strategy": "Plain",
            "Partial Mode": "Partial",
            "Parent Relationship": "Outer",
            "Parallel Aware": false,
            "Startup Cost": 143062.93,
            "Total Cost": 143062.94,
            "Plan Rows": 1,
            "Plan Width": 64,
            "Actual Startup Time": 1355.544,
            "Actual Total Time": 1355.553,
            "Actual Rows": 1,
            "Actual Loops": 2,
            "Plans": [
              {
                "Node Type": "Hash Join",
                "Parent Relationship": "Outer",
                "Parallel Aware": true,
                "Join Type": "Inner",
                "Startup Cost": 79930.8,
                "Total Cost": 142103.8,
                "Plan Rows": 191826,
                "Plan Width": 23,
                "Actual Startup Time": 727.934,
                "Actual Total Time": 1315.368,
                "Actual Rows": 340925,
                "Actual Loops": 2,
                "Inner Unique": false,
                "Hash Cond": "(mk.movie_id = t.id)",
                "Plans": [
                  {
                    "Node Type": "Seq Scan",
                    "Parent Relationship": "Outer",
                    "Parallel Aware": true,
                    "Relation Name": "movie_keyword",
                    "Alias": "mk",
                    "Startup Cost": 0.0,
                    "Total Cost": 51065.35,
                    "Plan Rows": 2661135,
                    "Plan Width": 4,
                    "Actual Startup Time": 0.032,
                    "Actual Total Time": 251.61,
                    "Actual Rows": 2261965,
                    "Actual Loops": 2
                  },
                  {
                    "Node Type": "Hash",
                    "Parent Relationship": "Inner",
                    "Parallel Aware": true,
                    "Startup Cost": 78590.77,
                    "Total Cost": 78590.77,
                    "Plan Rows": 107202,
                    "Plan Width": 31,
                    "Actual Startup Time": 723.768,
                    "Actual Total Time": 723.775,
                    "Actual Rows": 63918,
                    "Actual Loops": 2,
                    "Hash Buckets": 262144,
                    "Original Hash Buckets": 262144,
                    "Hash Batches": 1,
                    "Original Hash Batches": 1,
                    "Peak Memory Usage": 10336,
                    "Plans": [
                      {
                        "Node Type": "Hash Join",
                        "Parent Relationship": "Outer",
                        "Parallel Aware": true,
                        "Join Type": "Inner",
                        "Startup Cost": 59427.61,
                        "Total Cost": 78590.77,
                        "Plan Rows": 107202,
                        "Plan Width": 31,
                        "Actual Startup Time": 439.822,
                        "Actual Total Time": 686.008,
                        "Actual Rows": 63918,
                        "Actual Loops": 2,
                        "Inner Unique": true,
                        "Hash Cond": "(mi_idx.movie_id = t.id)",
                        "Plans": [
                          {
                            "Node Type": "Seq Scan",
                            "Parent Relationship": "Outer",
                            "Parallel Aware": true,
                            "Relation Name": "movie_info_idx",
                            "Alias": "mi_idx",
                            "Startup Cost": 0.0,
                            "Total Cost": 18082.32,
                            "Plan Rows": 411752,
                            "Plan Width": 10,
                            "Actual Startup Time": 0.021,
                            "Actual Total Time": 112.73,
                            "Actual Rows": 351580,
                            "Actual Loops": 2,
                            "Filter": "(info > '3.0'::text)",
                            "Rows Removed by Filter": 338438
                          },
                          {
                            "Node Type": "Hash",
                            "Parent Relationship": "Inner",
                            "Parallel Aware": true,
                            "Startup Cost": 54587.68,
                            "Total Cost": 54587.68,
                            "Plan Rows": 387194,
                            "Plan Width": 21,
                            "Actual Startup Time": 432.299,
                            "Actual Total Time": 432.3,
                            "Actual Rows": 331032,
                            "Actual Loops": 2,
                            "Hash Buckets": 1048576,
                            "Original Hash Buckets": 1048576,
                            "Hash Batches": 1,
                            "Original Hash Batches": 1,
                            "Peak Memory Usage": 45504,
                            "Plans": [
                              {
                                "Node Type": "Seq Scan",
                                "Parent Relationship": "Outer",
                                "Parallel Aware": true,
                                "Relation Name": "title",
                                "Alias": "t",
                                "Startup Cost": 0.0,
                                "Total Cost": 54587.68,
                                "Plan Rows": 387194,
                                "Plan Width": 21,
                                "Actual Startup Time": 0.041,
                                "Actual Total Time": 238.803,
                                "Actual Rows": 331032,
                                "Actual Loops": 2,
                                "Filter": "(production_year > 2008)",
                                "Rows Removed by Filter": 933124
                              }
                            ]
                          }
                        ]
                      }
                    ]
                  }
                ]
              }
            ]
          }
        ]
      }
    ]
  },
  "Planning Time": 0.878,
  "Triggers": [],
  "Execution Time": 1402.077
}