{
  "Plan": {
    "Node Type": "Aggregate",
    "Strategy": "Plain",
    "Partial Mode": "Finalize",
    "Parallel Aware": false,
    "Startup Cost": 1595658.65,
    "Total Cost": 1595658.66,
    "Plan Rows": 1,
    "Plan Width": 8,
    "Actual Startup Time": 30246.919,
    "Actual Total Time": 30369.155,
    "Actual Rows": 1,
    "Actual Loops": 1,
    "Plans": [
      {
        "Node Type": "Gather",
        "Parent Relationship": "Outer",
        "Parallel Aware": false,
        "Startup Cost": 1595658.54,
        "Total Cost": 1595658.65,
        "Plan Rows": 1,
        "Plan Width": 8,
        "Actual Startup Time": 30245.707,
        "Actual Total Time": 30369.145,
        "Actual Rows": 2,
        "Actual Loops": 1,
        "Workers Planned": 1,
        "Workers Launched": 1,
        "Single Copy": false,
        "Plans": [
          {
            "Node Type": "Aggregate",
            "Strategy": "Plain",
            "Partial Mode": "Partial",
            "Parent Relationship": "Outer",
            "Parallel Aware": false,
            "Startup Cost": 1594658.54,
            "Total Cost": 1594658.55,
            "Plan Rows": 1,
            "Plan Width": 8,
            "Actual Startup Time": 30240.003,
            "Actual Total Time": 30240.168,
            "Actual Rows": 1,
            "Actual Loops": 2,
            "Plans": [
              {
                "Node Type": "Nested Loop",
                "Parent Relationship": "Outer",
                "Parallel Aware": false,
                "Join Type": "Inner",
                "Startup Cost": 60027.72,
                "Total Cost": 1570341.88,
                "Plan Rows": 9726662,
                "Plan Width": 0,
                "Actual Startup Time": 190.205,
                "Actual Total Time": 28855.182,
                "Actual Rows": 33001046,
                "Actual Loops": 2,
                "Inner Unique": false,
                "Join Filter": "(t.id = ci.movie_id)",
                "Rows Removed by Join Filter": 0,
                "Plans": [
                  {
                    "Node Type": "Hash Join",
                    "Parent Relationship": "Outer",
                    "Parallel Aware": true,
                    "Join Type": "Inner",
                    "Startup Cost": 60027.16,
                    "Total Cost": 349974.98,
                    "Plan Rows": 678808,
                    "Plan Width": 8,
                    "Actual Startup Time": 190.125,
                    "Actual Total Time": 2733.095,
                    "Actual Rows": 1704438,
                    "Actual Loops": 2,
                    "Inner Unique": true,
                    "Hash Cond": "(mi.movie_id = t.id)",
                    "Plans": [
                      {
                        "Node Type": "Seq Scan",
                        "Parent Relationship": "Outer",
                        "Parallel Aware": true,
                        "Relation Name": "movie_info",
                        "Alias": "mi",
                        "Startup Cost": 0.0,
                        "Total Cost": 270696.42,
                        "Plan Rows": 7333858,
                        "Plan Width": 4,
                        "Actual Startup Time": 0.01,
                        "Actual Total Time": 807.013,
                        "Actual Rows": 6300935,
                        "Actual Loops": 2,
                        "Filter": "(info_type_id < 17)",
                        "Rows Removed by Filter": 1116925
                      },
                      {
                        "Node Type": "Hash",
                        "Parent Relationship": "Inner",
                        "Parallel Aware": true,
                        "Startup Cost": 58306.47,
                        "Total Cost": 58306.47,
                        "Plan Rows": 137655,
                        "Plan Width": 4,
                        "Actual Startup Time": 185.625,
                        "Actual Total Time": 185.625,
                        "Actual Rows": 174822,
                        "Actual Loops": 2,
                        "Hash Buckets": 524288,
                        "Original Hash Buckets": 262144,
                        "Hash Batches": 1,
                        "Original Hash Batches": 1,
                        "Peak Memory Usage": 19840,
                        "Plans": [
                          {
                            "Node Type": "Seq Scan",
                            "Parent Relationship": "Outer",
                            "Parallel Aware": true,
                            "Relation Name": "title",
                            "Alias": "t",
                            "Startup Cost": 0.0,
                            "Total Cost": 58306.47,
                            "Plan Rows": 137655,
                            "Plan Width": 4,
                            "Actual Startup Time": 0.094,
                            "Actual Total Time": 144.726,
                            "Actual Rows": 174822,
                            "Actual Loops": 2,
                            "Filter": "((kind_id < 7) AND (production_year < 1986))",
                            "Rows Removed by Filter": 1089334
                          }
                        ]
                      }
                    ]
                  },
                  {
                    "Node Type": "Index Only Scan",
                    "Parent Relationship": "Inner",
                    "Parallel Aware": false,
                    "Scan Direction": "Forward",
                    "Index Name": "movie_id_cast_info",
                    "Relation Name": "cast_info",
                    "Alias": "ci",
                    "Startup Cost": 0.56,
                    "Total Cost": 1.34,
                    "Plan Rows": 37,
                    "Plan Width": 4,
                    "Actual Startup Time": 0.003,
                    "Actual Total Time": 0.014,
                    "Actual Rows": 19,
                    "Actual Loops": 3408877,
                    "Index Cond": "(movie_id = mi.movie_id)",
                    "Rows Removed by Index Recheck": 0,
                    "Heap Fetches": 66002092
                  }
                ]
              }
            ]
          }
        ]
      }
    ]
  },
  "Planning Time": 1.041,
  "Triggers": [],
  "Execution Time": 30369.26
}