{
  "Plan": {
    "Node Type": "Aggregate",
    "Strategy": "Plain",
    "Partial Mode": "Finalize",
    "Parallel Aware": false,
    "Startup Cost": 199370.05,
    "Total Cost": 199370.06,
    "Plan Rows": 1,
    "Plan Width": 8,
    "Actual Startup Time": 2314.967,
    "Actual Total Time": 2350.138,
    "Actual Rows": 1,
    "Actual Loops": 1,
    "Plans": [
      {
        "Node Type": "Gather",
        "Parent Relationship": "Outer",
        "Parallel Aware": false,
        "Startup Cost": 199369.94,
        "Total Cost": 199370.05,
        "Plan Rows": 1,
        "Plan Width": 8,
        "Actual Startup Time": 2306.812,
        "Actual Total Time": 2350.128,
        "Actual Rows": 2,
        "Actual Loops": 1,
        "Workers Planned": 1,
        "Workers Launched": 1,
        "Single Copy": false,
        "Plans": [
          {
            "Node Type": "Aggregate",
            "Strategy": "Plain",
            "Partial Mode": "Partial",
            "Parent Relationship": "Outer",
            "Parallel Aware": false,
            "Startup Cost": 198369.94,
            "Total Cost": 198369.95,
            "Plan Rows": 1,
            "Plan Width": 8,
            "Actual Startup Time": 2295.225,
            "Actual Total Time": 2296.632,
            "Actual Rows": 1,
            "Actual Loops": 2,
            "Plans": [
              {
                "Node Type": "Hash Join",
                "Parent Relationship": "Outer",
                "Parallel Aware": true,
                "Join Type": "Inner",
                "Startup Cost": 148034.96,
                "Total Cost": 195883.36,
                "Plan Rows": 994630,
                "Plan Width": 0,
                "Actual Startup Time": 1154.086,
                "Actual Total Time": 1978.421,
                "Actual Rows": 7911600,
                "Actual Loops": 2,
                "Inner Unique": false,
                "Hash Cond": "(mc.movie_id = t.id)",
                "Plans": [
                  {
                    "Node Type": "Seq Scan",
                    "Parent Relationship": "Outer",
                    "Parallel Aware": true,
                    "Relation Name": "movie_companies",
                    "Alias": "mc",
                    "Startup Cost": 0.0,
                    "Total Cost": 37974.77,
                    "Plan Rows": 1072762,
                    "Plan Width": 4,
                    "Actual Startup Time": 0.021,
                    "Actual Total Time": 117.386,
                    "Actual Rows": 904696,
                    "Actual Loops": 2,
                    "Filter": "(company_id < 30502)",
                    "Rows Removed by Filter": 399869
                  },
                  {
                    "Node Type": "Hash",
                    "Parent Relationship": "Inner",
                    "Parallel Aware": true,
                    "Startup Cost": 130798.55,
                    "Total Cost": 130798.55,
                    "Plan Rows": 1378913,
                    "Plan Width": 8,
                    "Actual Startup Time": 1130.632,
                    "Actual Total Time": 1132.037,
                    "Actual Rows": 1170409,
                    "Actual Loops": 2,
                    "Hash Buckets": 4194304,
                    "Original Hash Buckets": 4194304,
                    "Hash Batches": 1,
                    "Original Hash Batches": 1,
                    "Peak Memory Usage": 124352,
                    "Plans": [
                      {
                        "Node Type": "Hash Join",
                        "Parent Relationship": "Outer",
                        "Parallel Aware": true,
                        "Join Type": "Inner",
                        "Startup Cost": 69460.7,
                        "Total Cost": 130798.55,
                        "Plan Rows": 1378913,
                        "Plan Width": 8,
                        "Actual Startup Time": 508.058,
                        "Actual Total Time": 913.446,
                        "Actual Rows": 1170409,
                        "Actual Loops": 2,
                        "Inner Unique": true,
                        "Hash Cond": "(mk.movie_id = t.id)",
                        "Plans": [
                          {
                            "Node Type": "Seq Scan",
                            "Parent Relationship": "Outer",
                            "Parallel Aware": true,
                            "Relation Name": "movie_keyword",
                            "Alias": "mk",
                            "Startup Cost": 0.0,
                            "Total Cost": 57718.19,
                            "Plan Rows": 1378913,
                            "Plan Width": 4,
                            "Actual Startup Time": 0.367,
                            "Actual Total Time": 193.846,
                            "Actual Rows": 1170409,
                            "Actual Loops": 2,
                            "Filter": "(keyword_id > 4314)",
                            "Rows Removed by Filter": 1091556
                          },
                          {
                            "Node Type": "Hash",
                            "Parent Relationship": "Inner",
                            "Parallel Aware": true,
                            "Startup Cost": 50870.31,
                            "Total Cost": 50870.31,
                            "Plan Rows": 1487231,
                            "Plan Width": 4,
                            "Actual Startup Time": 496.054,
                            "Actual Total Time": 496.055,
                            "Actual Rows": 1264156,
                            "Actual Loops": 2,
                            "Hash Buckets": 4194304,
                            "Original Hash Buckets": 4194304,
                            "Hash Batches": 1,
                            "Original Hash Batches": 1,
                            "Peak Memory Usage": 131712,
                            "Plans": [
                              {
                                "Node Type": "Seq Scan",
                                "Parent Relationship": "Outer",
                                "Parallel Aware": true,
                                "Relation Name": "title",
                                "Alias": "t",
                                "Startup Cost": 0.0,
                                "Total Cost": 50870.31,
                                "Plan Rows": 1487231,
                                "Plan Width": 4,
                                "Actual Startup Time": 0.026,
                                "Actual Total Time": 144.517,
                                "Actual Rows": 1264156,
                                "Actual Loops": 2
                              }
                            ]
                          }
                        ]
                      }
                    ]
                  }
                ]
              }
            ]
          }
        ]
      }
    ]
  },
  "Planning Time": 1.212,
  "Triggers": [],
  "Execution Time": 2350.315
}