{
  "Plan": {
    "Node Type": "Aggregate",
    "Strategy": "Plain",
    "Partial Mode": "Finalize",
    "Parallel Aware": false,
    "Startup Cost": 88066.32,
    "Total Cost": 88066.33,
    "Plan Rows": 1,
    "Plan Width": 8,
    "Actual Startup Time": 150.055,
    "Actual Total Time": 162.02,
    "Actual Rows": 1,
    "Actual Loops": 1,
    "Plans": [
      {
        "Node Type": "Gather",
        "Parent Relationship": "Outer",
        "Parallel Aware": false,
        "Startup Cost": 88066.21,
        "Total Cost": 88066.32,
        "Plan Rows": 1,
        "Plan Width": 8,
        "Actual Startup Time": 149.914,
        "Actual Total Time": 162.013,
        "Actual Rows": 2,
        "Actual Loops": 1,
        "Workers Planned": 1,
        "Workers Launched": 1,
        "Single Copy": false,
        "Plans": [
          {
            "Node Type": "Aggregate",
            "Strategy": "Plain",
            "Partial Mode": "Partial",
            "Parent Relationship": "Outer",
            "Parallel Aware": false,
            "Startup Cost": 87066.21,
            "Total Cost": 87066.22,
            "Plan Rows": 1,
            "Plan Width": 8,
            "Actual Startup Time": 143.99,
            "Actual Total Time": 143.992,
            "Actual Rows": 1,
            "Actual Loops": 2,
            "Plans": [
              {
                "Node Type": "Nested Loop",
                "Parent Relationship": "Outer",
                "Parallel Aware": false,
                "Join Type": "Inner",
                "Startup Cost": 0.43,
                "Total Cost": 87063.84,
                "Plan Rows": 948,
                "Plan Width": 0,
                "Actual Startup Time": 1.173,
                "Actual Total Time": 143.895,
                "Actual Rows": 656,
                "Actual Loops": 2,
                "Inner Unique": false,
                "Plans": [
                  {
                    "Node Type": "Seq Scan",
                    "Parent Relationship": "Outer",
                    "Parallel Aware": true,
                    "Relation Name": "title",
                    "Alias": "t",
                    "Startup Cost": 0.0,
                    "Total Cost": 58306.47,
                    "Plan Rows": 1808,
                    "Plan Width": 4,
                    "Actual Startup Time": 0.271,
                    "Actual Total Time": 137.358,
                    "Actual Rows": 1458,
                    "Actual Loops": 2,
                    "Filter": "((kind_id = 7) AND (production_year = 1951))",
                    "Rows Removed by Filter": 1262698
                  },
                  {
                    "Node Type": "Index Scan",
                    "Parent Relationship": "Inner",
                    "Parallel Aware": false,
                    "Scan Direction": "Forward",
                    "Index Name": "movie_id_movie_companies",
                    "Relation Name": "movie_companies",
                    "Alias": "mc",
                    "Startup Cost": 0.43,
                    "Total Cost": 15.88,
                    "Plan Rows": 3,
                    "Plan Width": 4,
                    "Actual Startup Time": 0.004,
                    "Actual Total Time": 0.004,
                    "Actual Rows": 0,
                    "Actual Loops": 2915,
                    "Index Cond": "(movie_id = t.id)",
                    "Rows Removed by Index Recheck": 0,
                    "Filter": "(company_type_id > 1)",
                    "Rows Removed by Filter": 0
                  }
                ]
              }
            ]
          }
        ]
      }
    ]
  },
  "Planning Time": 0.444,
  "Triggers": [],
  "Execution Time": 162.091
}