[
  {
    "Plan": {
      "Node Type": "Aggregate",
      "Strategy": "Plain",
      "Partial Mode": "Finalize",
      "Parallel Aware": false,
      "Startup Cost": 10200.83,
      "Total Cost": 10200.84,
      "Plan Rows": 1,
      "Plan Width": 8,
      "Actual Startup Time": 31.833,
      "Actual Total Time": 34.632,
      "Actual Rows": 1,
      "Actual Loops": 1,
      "Plans": [
        {
          "Node Type": "Gather",
          "Parent Relationship": "Outer",
          "Parallel Aware": false,
          "Startup Cost": 10200.51,
          "Total Cost": 10200.82,
          "Plan Rows": 3,
          "Plan Width": 8,
          "Actual Startup Time": 31.685,
          "Actual Total Time": 34.626,
          "Actual Rows": 4,
          "Actual Loops": 1,
          "Workers Planned": 3,
          "Workers Launched": 3,
          "Single Copy": false,
          "Plans": [
            {
              "Node Type": "Aggregate",
              "Strategy": "Plain",
              "Partial Mode": "Partial",
              "Parent Relationship": "Outer",
              "Parallel Aware": false,
              "Startup Cost": 9200.51,
              "Total Cost": 9200.52,
              "Plan Rows": 1,
              "Plan Width": 8,
              "Actual Startup Time": 26.336,
              "Actual Total Time": 26.337,
              "Actual Rows": 1,
              "Actual Loops": 4,
              "Plans": [
                {
                  "Node Type": "Index Scan",
                  "Parent Relationship": "Outer",
                  "Parallel Aware": true,
                  "Scan Direction": "Forward",
                  "Index Name": "role_id_cast_info",
                  "Relation Name": "cast_info",
                  "Alias": "ci",
                  "Startup Cost": 0.56,
                  "Total Cost": 9091.72,
                  "Plan Rows": 43516,
                  "Plan Width": 0,
                  "Actual Startup Time": 0.109,
                  "Actual Total Time": 22.57,
                  "Actual Rows": 59866,
                  "Actual Loops": 4,
                  "Index Cond": "(role_id = 11)",
                  "Rows Removed by Index Recheck": 0,
                  "Filter": "(person_id > 2122148)",
                  "Rows Removed by Filter": 19164
                }
              ]
            }
          ]
        }
      ]
    },
    "Planning Time": 0.115,
    "Triggers": [],
    "Execution Time": 34.675
  }
]