{
  "Plan": {
    "Node Type": "Aggregate",
    "Strategy": "Plain",
    "Partial Mode": "Finalize",
    "Parallel Aware": false,
    "Startup Cost": 68498.54,
    "Total Cost": 68498.55,
    "Plan Rows": 1,
    "Plan Width": 8,
    "Actual Startup Time": 263.013,
    "Actual Total Time": 274.825,
    "Actual Rows": 1,
    "Actual Loops": 1,
    "Plans": [
      {
        "Node Type": "Gather",
        "Parent Relationship": "Outer",
        "Parallel Aware": false,
        "Startup Cost": 68498.43,
        "Total Cost": 68498.54,
        "Plan Rows": 1,
        "Plan Width": 8,
        "Actual Startup Time": 262.076,
        "Actual Total Time": 274.819,
        "Actual Rows": 2,
        "Actual Loops": 1,
        "Workers Planned": 1,
        "Workers Launched": 1,
        "Single Copy": false,
        "Plans": [
          {
            "Node Type": "Aggregate",
            "Strategy": "Plain",
            "Partial Mode": "Partial",
            "Parent Relationship": "Outer",
            "Parallel Aware": false,
            "Startup Cost": 67498.43,
            "Total Cost": 67498.44,
            "Plan Rows": 1,
            "Plan Width": 8,
            "Actual Startup Time": 255.959,
            "Actual Total Time": 255.962,
            "Actual Rows": 1,
            "Actual Loops": 2,
            "Plans": [
              {
                "Node Type": "Hash Join",
                "Parent Relationship": "Outer",
                "Parallel Aware": true,
                "Join Type": "Inner",
                "Startup Cost": 57464.65,
                "Total Cost": 67441.48,
                "Plan Rows": 22778,
                "Plan Width": 0,
                "Actual Startup Time": 199.163,
                "Actual Total Time": 254.947,
                "Actual Rows": 23342,
                "Actual Loops": 2,
                "Inner Unique": true,
                "Hash Cond": "(ci.movie_id = t.id)",
                "Plans": [
                  {
                    "Node Type": "Index Scan",
                    "Parent Relationship": "Outer",
                    "Parallel Aware": true,
                    "Scan Direction": "Forward",
                    "Index Name": "role_id_cast_info",
                    "Relation Name": "cast_info",
                    "Alias": "ci",
                    "Startup Cost": 0.56,
                    "Total Cost": 9590.86,
                    "Plan Rows": 147253,
                    "Plan Width": 4,
                    "Actual Startup Time": 0.043,
                    "Actual Total Time": 24.387,
                    "Actual Rows": 145948,
                    "Actual Loops": 2,
                    "Index Cond": "(role_id > 10)",
                    "Rows Removed by Index Recheck": 0,
                    "Filter": "(person_id > 578182)",
                    "Rows Removed by Filter": 12110
                  },
                  {
                    "Node Type": "Hash",
                    "Parent Relationship": "Inner",
                    "Parallel Aware": true,
                    "Startup Cost": 54588.39,
                    "Total Cost": 54588.39,
                    "Plan Rows": 230056,
                    "Plan Width": 4,
                    "Actual Startup Time": 193.293,
                    "Actual Total Time": 193.293,
                    "Actual Rows": 195833,
                    "Actual Loops": 2,
                    "Hash Buckets": 524288,
                    "Original Hash Buckets": 524288,
                    "Hash Batches": 1,
                    "Original Hash Batches": 1,
                    "Peak Memory Usage": 19456,
                    "Plans": [
                      {
                        "Node Type": "Seq Scan",
                        "Parent Relationship": "Outer",
                        "Parallel Aware": true,
                        "Relation Name": "title",
                        "Alias": "t",
                        "Startup Cost": 0.0,
                        "Total Cost": 54588.39,
                        "Plan Rows": 230056,
                        "Plan Width": 4,
                        "Actual Startup Time": 0.032,
                        "Actual Total Time": 143.922,
                        "Actual Rows": 195833,
                        "Actual Loops": 2,
                        "Filter": "(production_year > 2010)",
                        "Rows Removed by Filter": 1068323
                      }
                    ]
                  }
                ]
              }
            ]
          }
        ]
      }
    ]
  },
  "Planning Time": 0.483,
  "Triggers": [],
  "Execution Time": 274.904
}