[
    {
        "Bao": {
            "Bao prediction": 463.289,
            "Bao recommended hint": "(no hint)"
        }
    },
    {
        "Plan": {
            "Node Type": "Aggregate",
            "Strategy": "Plain",
            "Partial Mode": "Finalize",
            "Parallel Aware": false,
            "Startup Cost": 44702.82,
            "Total Cost": 44702.83,
            "Plan Rows": 1,
            "Plan Width": 8,
            "Actual Startup Time": 166.197,
            "Actual Total Time": 172.166,
            "Actual Rows": 1,
            "Actual Loops": 1,
            "Output": [
                "count(*)"
            ],
            "Plans": [
                {
                    "Node Type": "Gather",
                    "Parent Relationship": "Outer",
                    "Parallel Aware": false,
                    "Startup Cost": 44702.51,
                    "Total Cost": 44702.82,
                    "Plan Rows": 3,
                    "Plan Width": 8,
                    "Actual Startup Time": 165.985,
                    "Actual Total Time": 172.156,
                    "Actual Rows": 4,
                    "Actual Loops": 1,
                    "Output": [
                        "(PARTIAL count(*))"
                    ],
                    "Workers Planned": 3,
                    "Workers Launched": 3,
                    "Single Copy": false,
                    "Plans": [
                        {
                            "Node Type": "Aggregate",
                            "Strategy": "Plain",
                            "Partial Mode": "Partial",
                            "Parent Relationship": "Outer",
                            "Parallel Aware": false,
                            "Startup Cost": 43702.51,
                            "Total Cost": 43702.52,
                            "Plan Rows": 1,
                            "Plan Width": 8,
                            "Actual Startup Time": 158.352,
                            "Actual Total Time": 158.353,
                            "Actual Rows": 1,
                            "Actual Loops": 4,
                            "Output": [
                                "PARTIAL count(*)"
                            ],
                            "Workers": [
                                {
                                    "Worker Number": 0,
                                    "Actual Startup Time": 155.897,
                                    "Actual Total Time": 155.897,
                                    "Actual Rows": 1,
                                    "Actual Loops": 1
                                },
                                {
                                    "Worker Number": 1,
                                    "Actual Startup Time": 156.014,
                                    "Actual Total Time": 156.015,
                                    "Actual Rows": 1,
                                    "Actual Loops": 1
                                },
                                {
                                    "Worker Number": 2,
                                    "Actual Startup Time": 156.064,
                                    "Actual Total Time": 156.065,
                                    "Actual Rows": 1,
                                    "Actual Loops": 1
                                }
                            ],
                            "Plans": [
                                {
                                    "Node Type": "Seq Scan",
                                    "Parent Relationship": "Outer",
                                    "Parallel Aware": true,
                                    "Relation Name": "movie_keyword",
                                    "Schema": "public",
                                    "Alias": "mk",
                                    "Startup Cost": 0.0,
                                    "Total Cost": 42695.65,
                                    "Plan Rows": 402741,
                                    "Plan Width": 0,
                                    "Actual Startup Time": 2.667,
                                    "Actual Total Time": 135.401,
                                    "Actual Rows": 305519,
                                    "Actual Loops": 4,
                                    "Output": [
                                        "id",
                                        "movie_id",
                                        "keyword_id"
                                    ],
                                    "Filter": "(mk.keyword_id > 14891)",
                                    "Rows Removed by Filter": 825464,
                                    "Workers": [
                                        {
                                            "Worker Number": 0,
                                            "Actual Startup Time": 0.243,
                                            "Actual Total Time": 133.689,
                                            "Actual Rows": 288401,
                                            "Actual Loops": 1
                                        },
                                        {
                                            "Worker Number": 1,
                                            "Actual Startup Time": 0.321,
                                            "Actual Total Time": 133.663,
                                            "Actual Rows": 290093,
                                            "Actual Loops": 1
                                        },
                                        {
                                            "Worker Number": 2,
                                            "Actual Startup Time": 0.366,
                                            "Actual Total Time": 133.591,
                                            "Actual Rows": 290833,
                                            "Actual Loops": 1
                                        }
                                    ]
                                }
                            ]
                        }
                    ]
                }
            ]
        },
        "Planning Time": 369.429,
        "Triggers": [],
        "Execution Time": 172.247
    }
]