[
    {
        "Bao": {
            "Bao prediction": "NaN",
            "Bao recommended hint": "(no hint)"
        }
    },
    {
        "Plan": {
            "Node Type": "Aggregate",
            "Strategy": "Plain",
            "Partial Mode": "Finalize",
            "Parallel Aware": false,
            "Startup Cost": 351506.17,
            "Total Cost": 351506.18,
            "Plan Rows": 1,
            "Plan Width": 8,
            "Actual Startup Time": 845.748,
            "Actual Total Time": 875.96,
            "Actual Rows": 1,
            "Actual Loops": 1,
            "Output": [
                "count(*)"
            ],
            "Plans": [
                {
                    "Node Type": "Gather",
                    "Parent Relationship": "Outer",
                    "Parallel Aware": false,
                    "Startup Cost": 351505.55,
                    "Total Cost": 351506.16,
                    "Plan Rows": 6,
                    "Plan Width": 8,
                    "Actual Startup Time": 845.598,
                    "Actual Total Time": 875.949,
                    "Actual Rows": 7,
                    "Actual Loops": 1,
                    "Output": [
                        "(PARTIAL count(*))"
                    ],
                    "Workers Planned": 6,
                    "Workers Launched": 6,
                    "Single Copy": false,
                    "Plans": [
                        {
                            "Node Type": "Aggregate",
                            "Strategy": "Plain",
                            "Partial Mode": "Partial",
                            "Parent Relationship": "Outer",
                            "Parallel Aware": false,
                            "Startup Cost": 350505.55,
                            "Total Cost": 350505.56,
                            "Plan Rows": 1,
                            "Plan Width": 8,
                            "Actual Startup Time": 834.221,
                            "Actual Total Time": 834.222,
                            "Actual Rows": 1,
                            "Actual Loops": 7,
                            "Output": [
                                "PARTIAL count(*)"
                            ],
                            "Workers": [
                                {
                                    "Worker Number": 0,
                                    "Actual Startup Time": 831.728,
                                    "Actual Total Time": 831.729,
                                    "Actual Rows": 1,
                                    "Actual Loops": 1
                                },
                                {
                                    "Worker Number": 1,
                                    "Actual Startup Time": 831.776,
                                    "Actual Total Time": 831.777,
                                    "Actual Rows": 1,
                                    "Actual Loops": 1
                                },
                                {
                                    "Worker Number": 2,
                                    "Actual Startup Time": 831.733,
                                    "Actual Total Time": 831.734,
                                    "Actual Rows": 1,
                                    "Actual Loops": 1
                                },
                                {
                                    "Worker Number": 3,
                                    "Actual Startup Time": 833.206,
                                    "Actual Total Time": 833.207,
                                    "Actual Rows": 1,
                                    "Actual Loops": 1
                                },
                                {
                                    "Worker Number": 4,
                                    "Actual Startup Time": 833.222,
                                    "Actual Total Time": 833.224,
                                    "Actual Rows": 1,
                                    "Actual Loops": 1
                                },
                                {
                                    "Worker Number": 5,
                                    "Actual Startup Time": 833.223,
                                    "Actual Total Time": 833.224,
                                    "Actual Rows": 1,
                                    "Actual Loops": 1
                                }
                            ],
                            "Plans": [
                                {
                                    "Node Type": "Seq Scan",
                                    "Parent Relationship": "Outer",
                                    "Parallel Aware": true,
                                    "Relation Name": "cast_info",
                                    "Schema": "public",
                                    "Alias": "ci",
                                    "Startup Cost": 0.0,
                                    "Total Cost": 343318.94,
                                    "Plan Rows": 2874644,
                                    "Plan Width": 0,
                                    "Actual Startup Time": 256.147,
                                    "Actual Total Time": 728.801,
                                    "Actual Rows": 1987992,
                                    "Actual Loops": 7,
                                    "Output": [
                                        "id",
                                        "person_id",
                                        "movie_id",
                                        "person_role_id",
                                        "note",
                                        "nr_order",
                                        "role_id"
                                    ],
                                    "Filter": "((ci.person_id < 2742698) AND (ci.role_id > 1))",
                                    "Rows Removed by Filter": 3189771,
                                    "Workers": [
                                        {
                                            "Worker Number": 0,
                                            "Actual Startup Time": 253.647,
                                            "Actual Total Time": 727.357,
                                            "Actual Rows": 1552750,
                                            "Actual Loops": 1
                                        },
                                        {
                                            "Worker Number": 1,
                                            "Actual Startup Time": 253.698,
                                            "Actual Total Time": 728.966,
                                            "Actual Rows": 1533586,
                                            "Actual Loops": 1
                                        },
                                        {
                                            "Worker Number": 2,
                                            "Actual Startup Time": 253.671,
                                            "Actual Total Time": 728.557,
                                            "Actual Rows": 1521125,
                                            "Actual Loops": 1
                                        },
                                        {
                                            "Worker Number": 3,
                                            "Actual Startup Time": 255.139,
                                            "Actual Total Time": 731.512,
                                            "Actual Rows": 2450586,
                                            "Actual Loops": 1
                                        },
                                        {
                                            "Worker Number": 4,
                                            "Actual Startup Time": 255.148,
                                            "Actual Total Time": 731.538,
                                            "Actual Rows": 2447078,
                                            "Actual Loops": 1
                                        },
                                        {
                                            "Worker Number": 5,
                                            "Actual Startup Time": 255.14,
                                            "Actual Total Time": 731.26,
                                            "Actual Rows": 2457102,
                                            "Actual Loops": 1
                                        }
                                    ]
                                }
                            ]
                        }
                    ]
                }
            ]
        },
        "Planning Time": 276.976,
        "Triggers": [],
        "Execution Time": 876.064
    }
]