{
  "Plan": {
    "Node Type": "Aggregate",
    "Strategy": "Plain",
    "Partial Mode": "Finalize",
    "Parallel Aware": false,
    "Startup Cost": 179322.03,
    "Total Cost": 179322.04,
    "Plan Rows": 1,
    "Plan Width": 8,
    "Actual Startup Time": 883.262,
    "Actual Total Time": 895.61,
    "Actual Rows": 1,
    "Actual Loops": 1,
    "Plans": [
      {
        "Node Type": "Gather",
        "Parent Relationship": "Outer",
        "Parallel Aware": false,
        "Startup Cost": 179321.92,
        "Total Cost": 179322.03,
        "Plan Rows": 1,
        "Plan Width": 8,
        "Actual Startup Time": 878.272,
        "Actual Total Time": 895.604,
        "Actual Rows": 2,
        "Actual Loops": 1,
        "Workers Planned": 1,
        "Workers Launched": 1,
        "Single Copy": false,
        "Plans": [
          {
            "Node Type": "Aggregate",
            "Strategy": "Plain",
            "Partial Mode": "Partial",
            "Parent Relationship": "Outer",
            "Parallel Aware": false,
            "Startup Cost": 178321.92,
            "Total Cost": 178321.93,
            "Plan Rows": 1,
            "Plan Width": 8,
            "Actual Startup Time": 871.73,
            "Actual Total Time": 871.737,
            "Actual Rows": 1,
            "Actual Loops": 2,
            "Plans": [
              {
                "Node Type": "Merge Join",
                "Parent Relationship": "Outer",
                "Parallel Aware": false,
                "Join Type": "Inner",
                "Startup Cost": 174823.19,
                "Total Cost": 178230.75,
                "Plan Rows": 36466,
                "Plan Width": 0,
                "Actual Startup Time": 767.773,
                "Actual Total Time": 864.852,
                "Actual Rows": 172678,
                "Actual Loops": 2,
                "Inner Unique": false,
                "Merge Cond": "(t.id = mc.movie_id)",
                "Plans": [
                  {
                    "Node Type": "Sort",
                    "Parent Relationship": "Outer",
                    "Parallel Aware": false,
                    "Startup Cost": 110186.33,
                    "Total Cost": 111003.3,
                    "Plan Rows": 326788,
                    "Plan Width": 8,
                    "Actual Startup Time": 538.401,
                    "Actual Total Time": 550.674,
                    "Actual Rows": 340646,
                    "Actual Loops": 2,
                    "Sort Key": [
                      "mi_idx.movie_id"
                    ],
                    "Sort Method": "quicksort",
                    "Sort Space Used": 28819,
                    "Sort Space Type": "Memory",
                    "Workers": [
                      {
                        "Worker Number": 0,
                        "Sort Method": "quicksort",
                        "Sort Space Used": 27694,
                        "Sort Space Type": "Memory"
                      }
                    ],
                    "Plans": [
                      {
                        "Node Type": "Hash Join",
                        "Parent Relationship": "Outer",
                        "Parallel Aware": true,
                        "Join Type": "Inner",
                        "Startup Cost": 62072.04,
                        "Total Cost": 80255.83,
                        "Plan Rows": 326788,
                        "Plan Width": 8,
                        "Actual Startup Time": 289.757,
                        "Actual Total Time": 478.218,
                        "Actual Rows": 340646,
                        "Actual Loops": 2,
                        "Inner Unique": true,
                        "Hash Cond": "(mi_idx.movie_id = t.id)",
                        "Plans": [
                          {
                            "Node Type": "Seq Scan",
                            "Parent Relationship": "Outer",
                            "Parallel Aware": true,
                            "Relation Name": "movie_info_idx",
                            "Alias": "mi_idx",
                            "Startup Cost": 0.0,
                            "Total Cost": 16052.85,
                            "Plan Rows": 811785,
                            "Plan Width": 4,
                            "Actual Startup Time": 0.016,
                            "Actual Total Time": 49.91,
                            "Actual Rows": 690018,
                            "Actual Loops": 2
                          },
                          {
                            "Node Type": "Hash",
                            "Parent Relationship": "Inner",
                            "Parallel Aware": true,
                            "Startup Cost": 54588.39,
                            "Total Cost": 54588.39,
                            "Plan Rows": 598692,
                            "Plan Width": 4,
                            "Actual Startup Time": 280.959,
                            "Actual Total Time": 280.96,
                            "Actual Rows": 510876,
                            "Actual Loops": 2,
                            "Hash Buckets": 1048576,
                            "Original Hash Buckets": 1048576,
                            "Hash Batches": 1,
                            "Original Hash Batches": 1,
                            "Peak Memory Usage": 48192,
                            "Plans": [
                              {
                                "Node Type": "Seq Scan",
                                "Parent Relationship": "Outer",
                                "Parallel Aware": true,
                                "Relation Name": "title",
                                "Alias": "t",
                                "Startup Cost": 0.0,
                                "Total Cost": 54588.39,
                                "Plan Rows": 598692,
                                "Plan Width": 4,
                                "Actual Startup Time": 0.033,
                                "Actual Total Time": 153.805,
                                "Actual Rows": 510876,
                                "Actual Loops": 2,
                                "Filter": "(production_year < 2000)",
                                "Rows Removed by Filter": 753280
                              }
                            ]
                          }
                        ]
                      }
                    ]
                  },
                  {
                    "Node Type": "Sort",
                    "Parent Relationship": "Inner",
                    "Parallel Aware": false,
                    "Startup Cost": 64636.82,
                    "Total Cost": 65342.15,
                    "Plan Rows": 282131,
                    "Plan Width": 4,
                    "Actual Startup Time": 229.257,
                    "Actual Total Time": 251.975,
                    "Actual Rows": 684622,
                    "Actual Loops": 2,
                    "Sort Key": [
                      "mc.movie_id"
                    ],
                    "Sort Method": "quicksort",
                    "Sort Space Used": 51293,
                    "Sort Space Type": "Memory",
                    "Workers": [
                      {
                        "Worker Number": 0,
                        "Sort Method": "quicksort",
                        "Sort Space Used": 51293,
                        "Sort Space Type": "Memory"
                      }
                    ],
                    "Plans": [
                      {
                        "Node Type": "Bitmap Heap Scan",
                        "Parent Relationship": "Outer",
                        "Parallel Aware": false,
                        "Relation Name": "movie_companies",
                        "Alias": "mc",
                        "Startup Cost": 11970.47,
                        "Total Cost": 39095.49,
                        "Plan Rows": 282131,
                        "Plan Width": 4,
                        "Actual Startup Time": 35.959,
                        "Actual Total Time": 116.866,
                        "Actual Rows": 569944,
                        "Actual Loops": 2,
                        "Recheck Cond": "(company_id > 71375)",
                        "Rows Removed by Index Recheck": 0,
                        "Filter": "(company_type_id = 2)",
                        "Rows Removed by Filter": 0,
                        "Exact Heap Blocks": 7405,
                        "Lossy Heap Blocks": 0,
                        "Plans": [
                          {
                            "Node Type": "Bitmap Index Scan",
                            "Parent Relationship": "Outer",
                            "Parallel Aware": false,
                            "Index Name": "company_id_movie_companies",
                            "Startup Cost": 0.0,
                            "Total Cost": 11899.94,
                            "Plan Rows": 555668,
                            "Plan Width": 0,
                            "Actual Startup Time": 35.089,
                            "Actual Total Time": 35.089,
                            "Actual Rows": 569944,
                            "Actual Loops": 2,
                            "Index Cond": "(company_id > 71375)"
                          }
                        ]
                      }
                    ]
                  }
                ]
              }
            ]
          }
        ]
      }
    ]
  },
  "Planning Time": 0.985,
  "Triggers": [],
  "Execution Time": 897.841
}