[
  {
    "Plan": {
      "Node Type": "Aggregate",
      "Strategy": "Plain",
      "Partial Mode": "Finalize",
      "Parallel Aware": false,
      "Startup Cost": 337475.08,
      "Total Cost": 337475.09,
      "Plan Rows": 1,
      "Plan Width": 96,
      "Actual Startup Time": 1559.065,
      "Actual Total Time": 1612.508,
      "Actual Rows": 1,
      "Actual Loops": 1,
      "Plans": [
        {
          "Node Type": "Gather",
          "Parent Relationship": "Outer",
          "Parallel Aware": false,
          "Startup Cost": 337474.64,
          "Total Cost": 337475.05,
          "Plan Rows": 4,
          "Plan Width": 96,
          "Actual Startup Time": 1557.75,
          "Actual Total Time": 1612.482,
          "Actual Rows": 5,
          "Actual Loops": 1,
          "Workers Planned": 4,
          "Workers Launched": 4,
          "Single Copy": false,
          "Plans": [
            {
              "Node Type": "Aggregate",
              "Strategy": "Plain",
              "Partial Mode": "Partial",
              "Parent Relationship": "Outer",
              "Parallel Aware": false,
              "Startup Cost": 336474.64,
              "Total Cost": 336474.65,
              "Plan Rows": 1,
              "Plan Width": 96,
              "Actual Startup Time": 1544.011,
              "Actual Total Time": 1544.079,
              "Actual Rows": 1,
              "Actual Loops": 5,
              "Plans": [
                {
                  "Node Type": "Hash Join",
                  "Parent Relationship": "Outer",
                  "Parallel Aware": true,
                  "Join Type": "Inner",
                  "Startup Cost": 290133.57,
                  "Total Cost": 336474.63,
                  "Plan Rows": 1,
                  "Plan Width": 48,
                  "Actual Startup Time": 1436.989,
                  "Actual Total Time": 1544.038,
                  "Actual Rows": 95,
                  "Actual Loops": 5,
                  "Inner Unique": false,
                  "Hash Cond": "(t.id = ml.movie_id)",
                  "Plans": [
                    {
                      "Node Type": "Seq Scan",
                      "Parent Relationship": "Outer",
                      "Parallel Aware": true,
                      "Relation Name": "title",
                      "Alias": "t",
                      "Startup Cost": 0.0,
                      "Total Cost": 45478.94,
                      "Plan Rows": 229894,
                      "Plan Width": 21,
                      "Actual Startup Time": 0.044,
                      "Actual Total Time": 174.199,
                      "Actual Rows": 182116,
                      "Actual Loops": 5,
                      "Filter": "((production_year >= 1950) AND (production_year <= 2000))",
                      "Rows Removed by Filter": 323546
                    },
                    {
                      "Node Type": "Hash",
                      "Parent Relationship": "Inner",
                      "Parallel Aware": true,
                      "Startup Cost": 290133.56,
                      "Total Cost": 290133.56,
                      "Plan Rows": 1,
                      "Plan Width": 51,
                      "Actual Startup Time": 1353.479,
                      "Actual Total Time": 1353.544,
                      "Actual Rows": 95,
                      "Actual Loops": 5,
                      "Hash Buckets": 1024,
                      "Original Hash Buckets": 1024,
                      "Hash Batches": 1,
                      "Original Hash Batches": 1,
                      "Peak Memory Usage": 104,
                      "Plans": [
                        {
                          "Node Type": "Hash Join",
                          "Parent Relationship": "Outer",
                          "Parallel Aware": true,
                          "Join Type": "Inner",
                          "Startup Cost": 83514.94,
                          "Total Cost": 290133.56,
                          "Plan Rows": 1,
                          "Plan Width": 51,
                          "Actual Startup Time": 1322.077,
                          "Actual Total Time": 1353.202,
                          "Actual Rows": 95,
                          "Actual Loops": 5,
                          "Inner Unique": false,
                          "Hash Cond": "(mi.movie_id = ml.movie_id)",
                          "Plans": [
                            {
                              "Node Type": "Seq Scan",
                              "Parent Relationship": "Outer",
                              "Parallel Aware": true,
                              "Relation Name": "movie_info",
                              "Alias": "mi",
                              "Startup Cost": 0.0,
                              "Total Cost": 206515.92,
                              "Plan Rows": 27385,
                              "Plan Width": 4,
                              "Actual Startup Time": 0.382,
                              "Actual Total Time": 834.071,
                              "Actual Rows": 26848,
                              "Actual Loops": 5,
                              "Filter": "(info = ANY ('{Sweden,Germany,Swedish,German}'::text[]))",
                              "Rows Removed by Filter": 2940296
                            },
                            {
                              "Node Type": "Hash",
                              "Parent Relationship": "Inner",
                              "Parallel Aware": true,
                              "Startup Cost": 83514.93,
                              "Total Cost": 83514.93,
                              "Plan Rows": 1,
                              "Plan Width": 47,
                              "Actual Startup Time": 516.136,
                              "Actual Total Time": 516.185,
                              "Actual Rows": 34,
                              "Actual Loops": 5,
                              "Hash Buckets": 1024,
                              "Original Hash Buckets": 1024,
                              "Hash Batches": 1,
                              "Original Hash Batches": 1,
                              "Peak Memory Usage": 72,
                              "Plans": [
                                {
                                  "Node Type": "Hash Join",
                                  "Parent Relationship": "Outer",
                                  "Parallel Aware": false,
                                  "Join Type": "Inner",
                                  "Startup Cost": 54983.45,
                                  "Total Cost": 83514.93,
                                  "Plan Rows": 1,
                                  "Plan Width": 47,
                                  "Actual Startup Time": 482.347,
                                  "Actual Total Time": 515.901,
                                  "Actual Rows": 34,
                                  "Actual Loops": 5,
                                  "Inner Unique": true,
                                  "Hash Cond": "(mc.company_type_id = ct.id)",
                                  "Plans": [
                                    {
                                      "Node Type": "Hash Join",
                                      "Parent Relationship": "Outer",
                                      "Parallel Aware": true,
                                      "Join Type": "Inner",
                                      "Startup Cost": 54982.39,
                                      "Total Cost": 83513.86,
                                      "Plan Rows": 1,
                                      "Plan Width": 51,
                                      "Actual Startup Time": 453.268,
                                      "Actual Total Time": 515.753,
                                      "Actual Rows": 38,
                                      "Actual Loops": 5,
                                      "Inner Unique": false,
                                      "Hash Cond": "(mc.movie_id = ml.movie_id)",
                                      "Plans": [
                                        {
                                          "Node Type": "Hash Join",
                                          "Parent Relationship": "Outer",
                                          "Parallel Aware": true,
                                          "Join Type": "Inner",
                                          "Startup Cost": 5694.86,
                                          "Total Cost": 33976.72,
                                          "Plan Rows": 66562,
                                          "Plan Width": 27,
                                          "Actual Startup Time": 28.131,
                                          "Actual Total Time": 170.537,
                                          "Actual Rows": 48175,
                                          "Actual Loops": 5,
                                          "Inner Unique": true,
                                          "Hash Cond": "(mc.company_id = cn.id)",
                                          "Plans": [
                                            {
                                              "Node Type": "Seq Scan",
                                              "Parent Relationship": "Outer",
                                              "Parallel Aware": true,
                                              "Relation Name": "movie_companies",
                                              "Alias": "mc",
                                              "Startup Cost": 0.0,
                                              "Total Cost": 27206.55,
                                              "Plan Rows": 409633,
                                              "Plan Width": 12,
                                              "Actual Startup Time": 0.046,
                                              "Actual Total Time": 101.522,
                                              "Actual Rows": 254398,
                                              "Actual Loops": 5,
                                              "Filter": "(note IS NULL)",
                                              "Rows Removed by Filter": 267428
                                            },
                                            {
                                              "Node Type": "Hash",
                                              "Parent Relationship": "Inner",
                                              "Parallel Aware": true,
                                              "Startup Cost": 5414.09,
                                              "Total Cost": 5414.09,
                                              "Plan Rows": 22462,
                                              "Plan Width": 23,
                                              "Actual Startup Time": 27.403,
                                              "Actual Total Time": 27.404,
                                              "Actual Rows": 9660,
                                              "Actual Loops": 5,
                                              "Hash Buckets": 65536,
                                              "Original Hash Buckets": 65536,
                                              "Hash Batches": 1,
                                              "Original Hash Batches": 1,
                                              "Peak Memory Usage": 3328,
                                              "Plans": [
                                                {
                                                  "Node Type": "Seq Scan",
                                                  "Parent Relationship": "Outer",
                                                  "Parallel Aware": true,
                                                  "Relation Name": "company_name",
                                                  "Alias": "cn",
                                                  "Startup Cost": 0.0,
                                                  "Total Cost": 5414.09,
                                                  "Plan Rows": 22462,
                                                  "Plan Width": 23,
                                                  "Actual Startup Time": 0.044,
                                                  "Actual Total Time": 20.725,
                                                  "Actual Rows": 9660,
                                                  "Actual Loops": 5,
                                                  "Filter": "(((country_code)::text <> '[pl]'::text) AND ((name ~~ '%Film%'::text) OR (name ~~ '%Warner%'::text)))",
                                                  "Rows Removed by Filter": 37339
                                                }
                                              ]
                                            }
                                          ]
                                        },
                                        {
                                          "Node Type": "Hash",
                                          "Parent Relationship": "Inner",
                                          "Parallel Aware": true,
                                          "Startup Cost": 49287.52,
                                          "Total Cost": 49287.52,
                                          "Plan Rows": 1,
                                          "Plan Width": 24,
                                          "Actual Startup Time": 341.463,
                                          "Actual Total Time": 341.497,
                                          "Actual Rows": 15,
                                          "Actual Loops": 5,
                                          "Hash Buckets": 1024,
                                          "Original Hash Buckets": 1024,
                                          "Hash Batches": 1,
                                          "Original Hash Batches": 1,
                                          "Peak Memory Usage": 104,
                                          "Plans": [
                                            {
                                              "Node Type": "Hash Join",
                                              "Parent Relationship": "Outer",
                                              "Parallel Aware": false,
                                              "Join Type": "Inner",
                                              "Startup Cost": 6409.21,
                                              "Total Cost": 49287.52,
                                              "Plan Rows": 1,
                                              "Plan Width": 24,
                                              "Actual Startup Time": 201.824,
                                              "Actual Total Time": 341.44,
                                              "Actual Rows": 15,
                                              "Actual Loops": 5,
                                              "Inner Unique": false,
                                              "Hash Cond": "(mk.movie_id = ml.movie_id)",
                                              "Plans": [
                                                {
                                                  "Node Type": "Hash Join",
                                                  "Parent Relationship": "Outer",
                                                  "Parallel Aware": false,
                                                  "Join Type": "Inner",
                                                  "Startup Cost": 2626.14,
                                                  "Total Cost": 45504.33,
                                                  "Plan Rows": 11,
                                                  "Plan Width": 4,
                                                  "Actual Startup Time": 29.047,
                                                  "Actual Total Time": 247.012,
                                                  "Actual Rows": 2109,
                                                  "Actual Loops": 5,
                                                  "Inner Unique": true,
                                                  "Hash Cond": "(mk.keyword_id = k.id)",
                                                  "Plans": [
                                                    {
                                                      "Node Type": "Seq Scan",
                                                      "Parent Relationship": "Outer",
                                                      "Parallel Aware": true,
                                                      "Relation Name": "movie_keyword",
                                                      "Alias": "mk",
                                                      "Startup Cost": 0.0,
                                                      "Total Cost": 39047.32,
                                                      "Plan Rows": 1459332,
                                                      "Plan Width": 8,
                                                      "Actual Startup Time": 0.057,
                                                      "Actual Total Time": 147.505,
                                                      "Actual Rows": 904786,
                                                      "Actual Loops": 5
                                                    },
                                                    {
                                                      "Node Type": "Hash",
                                                      "Parent Relationship": "Inner",
                                                      "Parallel Aware": false,
                                                      "Startup Cost": 2626.12,
                                                      "Total Cost": 2626.12,
                                                      "Plan Rows": 1,
                                                      "Plan Width": 4,
                                                      "Actual Startup Time": 28.5,
                                                      "Actual Total Time": 28.503,
                                                      "Actual Rows": 1,
                                                      "Actual Loops": 5,
                                                      "Hash Buckets": 1024,
                                                      "Original Hash Buckets": 1024,
                                                      "Hash Batches": 1,
                                                      "Original Hash Batches": 1,
                                                      "Peak Memory Usage": 9,
                                                      "Plans": [
                                                        {
                                                          "Node Type": "Seq Scan",
                                                          "Parent Relationship": "Outer",
                                                          "Parallel Aware": false,
                                                          "Relation Name": "keyword",
                                                          "Alias": "k",
                                                          "Startup Cost": 0.0,
                                                          "Total Cost": 2626.12,
                                                          "Plan Rows": 1,
                                                          "Plan Width": 4,
                                                          "Actual Startup Time": 2.638,
                                                          "Actual Total Time": 28.483,
                                                          "Actual Rows": 1,
                                                          "Actual Loops": 5,
                                                          "Filter": "(keyword = 'sequel'::text)",
                                                          "Rows Removed by Filter": 134169
                                                        }
                                                      ]
                                                    }
                                                  ]
                                                },
                                                {
                                                  "Node Type": "Hash",
                                                  "Parent Relationship": "Inner",
                                                  "Parallel Aware": false,
                                                  "Startup Cost": 3778.97,
                                                  "Total Cost": 3778.97,
                                                  "Plan Rows": 328,
                                                  "Plan Width": 20,
                                                  "Actual Startup Time": 93.931,
                                                  "Actual Total Time": 93.954,
                                                  "Actual Rows": 189,
                                                  "Actual Loops": 5,
                                                  "Hash Buckets": 1024,
                                                  "Original Hash Buckets": 1024,
                                                  "Hash Batches": 1,
                                                  "Original Hash Batches": 1,
                                                  "Peak Memory Usage": 18,
                                                  "Plans": [
                                                    {
                                                      "Node Type": "Hash Join",
                                                      "Parent Relationship": "Outer",
                                                      "Parallel Aware": false,
                                                      "Join Type": "Inner",
                                                      "Startup Cost": 3209.2,
                                                      "Total Cost": 3778.97,
                                                      "Plan Rows": 328,
                                                      "Plan Width": 20,
                                                      "Actual Startup Time": 86.493,
                                                      "Actual Total Time": 93.872,
                                                      "Actual Rows": 189,
                                                      "Actual Loops": 5,
                                                      "Inner Unique": false,
                                                      "Hash Cond": "(ml.movie_id = cc.movie_id)",
                                                      "Plans": [
                                                        {
                                                          "Node Type": "Hash Join",
                                                          "Parent Relationship": "Outer",
                                                          "Parallel Aware": false,
                                                          "Join Type": "Inner",
                                                          "Startup Cost": 1.24,
                                                          "Total Cost": 561.48,
                                                          "Plan Rows": 1666,
                                                          "Plan Width": 16,
                                                          "Actual Startup Time": 0.133,
                                                          "Actual Total Time": 7.853,
                                                          "Actual Rows": 2315,
                                                          "Actual Loops": 5,
                                                          "Inner Unique": true,
                                                          "Hash Cond": "(ml.link_type_id = lt.id)",
                                                          "Plans": [
                                                            {
                                                              "Node Type": "Seq Scan",
                                                              "Parent Relationship": "Outer",
                                                              "Parallel Aware": false,
                                                              "Relation Name": "movie_link",
                                                              "Alias": "ml",
                                                              "Startup Cost": 0.0,
                                                              "Total Cost": 462.97,
                                                              "Plan Rows": 29997,
                                                              "Plan Width": 8,
                                                              "Actual Startup Time": 0.042,
                                                              "Actual Total Time": 4.986,
                                                              "Actual Rows": 29997,
                                                              "Actual Loops": 5
                                                            },
                                                            {
                                                              "Node Type": "Hash",
                                                              "Parent Relationship": "Inner",
                                                              "Parallel Aware": false,
                                                              "Startup Cost": 1.23,
                                                              "Total Cost": 1.23,
                                                              "Plan Rows": 1,
                                                              "Plan Width": 16,
                                                              "Actual Startup Time": 0.046,
                                                              "Actual Total Time": 0.048,
                                                              "Actual Rows": 2,
                                                              "Actual Loops": 5,
                                                              "Hash Buckets": 1024,
                                                              "Original Hash Buckets": 1024,
                                                              "Hash Batches": 1,
                                                              "Original Hash Batches": 1,
                                                              "Peak Memory Usage": 9,
                                                              "Plans": [
                                                                {
                                                                  "Node Type": "Seq Scan",
                                                                  "Parent Relationship": "Outer",
                                                                  "Parallel Aware": false,
                                                                  "Relation Name": "link_type",
                                                                  "Alias": "lt",
                                                                  "Startup Cost": 0.0,
                                                                  "Total Cost": 1.23,
                                                                  "Plan Rows": 1,
                                                                  "Plan Width": 16,
                                                                  "Actual Startup Time": 0.031,
                                                                  "Actual Total Time": 0.035,
                                                                  "Actual Rows": 2,
                                                                  "Actual Loops": 5,
                                                                  "Filter": "((link)::text ~~ '%follow%'::text)",
                                                                  "Rows Removed by Filter": 16
                                                                }
                                                              ]
                                                            }
                                                          ]
                                                        },
                                                        {
                                                          "Node Type": "Hash",
                                                          "Parent Relationship": "Inner",
                                                          "Parallel Aware": false,
                                                          "Startup Cost": 2996.89,
                                                          "Total Cost": 2996.89,
                                                          "Plan Rows": 16886,
                                                          "Plan Width": 4,
                                                          "Actual Startup Time": 85.374,
                                                          "Actual Total Time": 85.389,
                                                          "Actual Rows": 110494,
                                                          "Actual Loops": 5,
                                                          "Hash Buckets": 131072,
                                                          "Original Hash Buckets": 32768,
                                                          "Hash Batches": 1,
                                                          "Original Hash Batches": 1,
                                                          "Peak Memory Usage": 4909,
                                                          "Plans": [
                                                            {
                                                              "Node Type": "Hash Join",
                                                              "Parent Relationship": "Outer",
                                                              "Parallel Aware": false,
                                                              "Join Type": "Inner",
                                                              "Startup Cost": 2.14,
                                                              "Total Cost": 2996.89,
                                                              "Plan Rows": 16886,
                                                              "Plan Width": 4,
                                                              "Actual Startup Time": 0.137,
                                                              "Actual Total Time": 60.291,
                                                              "Actual Rows": 110494,
                                                              "Actual Loops": 5,
                                                              "Inner Unique": true,
                                                              "Hash Cond": "(cc.subject_id = cct1.id)",
                                                              "Plans": [
                                                                {
                                                                  "Node Type": "Hash Join",
                                                                  "Parent Relationship": "Outer",
                                                                  "Parallel Aware": false,
                                                                  "Join Type": "Inner",
                                                                  "Startup Cost": 1.06,
                                                                  "Total Cost": 2813.24,
                                                                  "Plan Rows": 33772,
                                                                  "Plan Width": 8,
                                                                  "Actual Startup Time": 0.073,
                                                                  "Actual Total Time": 43.668,
                                                                  "Actual Rows": 110494,
                                                                  "Actual Loops": 5,
                                                                  "Inner Unique": true,
                                                                  "Hash Cond": "(cc.status_id = cct2.id)",
                                                                  "Plans": [
                                                                    {
                                                                      "Node Type": "Seq Scan",
                                                                      "Parent Relationship": "Outer",
                                                                      "Parallel Aware": false,
                                                                      "Relation Name": "complete_cast",
                                                                      "Alias": "cc",
                                                                      "Startup Cost": 0.0,
                                                                      "Total Cost": 2081.86,
                                                                      "Plan Rows": 135086,
                                                                      "Plan Width": 12,
                                                                      "Actual Startup Time": 0.03,
                                                                      "Actual Total Time": 20.132,
                                                                      "Actual Rows": 135086,
                                                                      "Actual Loops": 5
                                                                    },
                                                                    {
                                                                      "Node Type": "Hash",
                                                                      "Parent Relationship": "Inner",
                                                                      "Parallel Aware": false,
                                                                      "Startup Cost": 1.05,
                                                                      "Total Cost": 1.05,
                                                                      "Plan Rows": 1,
                                                                      "Plan Width": 4,
                                                                      "Actual Startup Time": 0.013,
                                                                      "Actual Total Time": 0.017,
                                                                      "Actual Rows": 1,
                                                                      "Actual Loops": 5,
                                                                      "Hash Buckets": 1024,
                                                                      "Original Hash Buckets": 1024,
                                                                      "Hash Batches": 1,
                                                                      "Original Hash Batches": 1,
                                                                      "Peak Memory Usage": 9,
                                                                      "Plans": [
                                                                        {
                                                                          "Node Type": "Seq Scan",
                                                                          "Parent Relationship": "Outer",
                                                                          "Parallel Aware": false,
                                                                          "Relation Name": "comp_cast_type",
                                                                          "Alias": "cct2",
                                                                          "Startup Cost": 0.0,
                                                                          "Total Cost": 1.05,
                                                                          "Plan Rows": 1,
                                                                          "Plan Width": 4,
                                                                          "Actual Startup Time": 0.005,
                                                                          "Actual Total Time": 0.007,
                                                                          "Actual Rows": 1,
                                                                          "Actual Loops": 5,
                                                                          "Filter": "((kind)::text = 'complete'::text)",
                                                                          "Rows Removed by Filter": 3
                                                                        }
                                                                      ]
                                                                    }
                                                                  ]
                                                                },
                                                                {
                                                                  "Node Type": "Hash",
                                                                  "Parent Relationship": "Inner",
                                                                  "Parallel Aware": false,
                                                                  "Startup Cost": 1.05,
                                                                  "Total Cost": 1.05,
                                                                  "Plan Rows": 2,
                                                                  "Plan Width": 4,
                                                                  "Actual Startup Time": 0.03,
                                                                  "Actual Total Time": 0.032,
                                                                  "Actual Rows": 2,
                                                                  "Actual Loops": 5,
                                                                  "Hash Buckets": 1024,
                                                                  "Original Hash Buckets": 1024,
                                                                  "Hash Batches": 1,
                                                                  "Original Hash Batches": 1,
                                                                  "Peak Memory Usage": 9,
                                                                  "Plans": [
                                                                    {
                                                                      "Node Type": "Seq Scan",
                                                                      "Parent Relationship": "Outer",
                                                                      "Parallel Aware": false,
                                                                      "Relation Name": "comp_cast_type",
                                                                      "Alias": "cct1",
                                                                      "Startup Cost": 0.0,
                                                                      "Total Cost": 1.05,
                                                                      "Plan Rows": 2,
                                                                      "Plan Width": 4,
                                                                      "Actual Startup Time": 0.021,
                                                                      "Actual Total Time": 0.024,
                                                                      "Actual Rows": 2,
                                                                      "Actual Loops": 5,
                                                                      "Filter": "((kind)::text = ANY ('{cast,crew}'::text[]))",
                                                                      "Rows Removed by Filter": 2
                                                                    }
                                                                  ]
                                                                }
                                                              ]
                                                            }
                                                          ]
                                                        }
                                                      ]
                                                    }
                                                  ]
                                                }
                                              ]
                                            }
                                          ]
                                        }
                                      ]
                                    },
                                    {
                                      "Node Type": "Hash",
                                      "Parent Relationship": "Inner",
                                      "Parallel Aware": false,
                                      "Startup Cost": 1.05,
                                      "Total Cost": 1.05,
                                      "Plan Rows": 1,
                                      "Plan Width": 4,
                                      "Actual Startup Time": 0.089,
                                      "Actual Total Time": 0.091,
                                      "Actual Rows": 1,
                                      "Actual Loops": 5,
                                      "Hash Buckets": 1024,
                                      "Original Hash Buckets": 1024,
                                      "Hash Batches": 1,
                                      "Original Hash Batches": 1,
                                      "Peak Memory Usage": 9,
                                      "Plans": [
                                        {
                                          "Node Type": "Seq Scan",
                                          "Parent Relationship": "Outer",
                                          "Parallel Aware": false,
                                          "Relation Name": "company_type",
                                          "Alias": "ct",
                                          "Startup Cost": 0.0,
                                          "Total Cost": 1.05,
                                          "Plan Rows": 1,
                                          "Plan Width": 4,
                                          "Actual Startup Time": 0.056,
                                          "Actual Total Time": 0.059,
                                          "Actual Rows": 1,
                                          "Actual Loops": 5,
                                          "Filter": "((kind)::text = 'production companies'::text)",
                                          "Rows Removed by Filter": 3
                                        }
                                      ]
                                    }
                                  ]
                                }
                              ]
                            }
                          ]
                        }
                      ]
                    }
                  ]
                }
              ]
            }
          ]
        }
      ]
    },
    "Planning Time": 89.921,
    "Triggers": [],
    "Execution Time": 1613.419
  }
]