{
  "Plan": {
    "Node Type": "Aggregate",
    "Strategy": "Plain",
    "Partial Mode": "Finalize",
    "Parallel Aware": false,
    "Startup Cost": 299690.81,
    "Total Cost": 299690.82,
    "Plan Rows": 1,
    "Plan Width": 8,
    "Actual Startup Time": 695.82,
    "Actual Total Time": 720.502,
    "Actual Rows": 1,
    "Actual Loops": 1,
    "Plans": [
      {
        "Node Type": "Gather",
        "Parent Relationship": "Outer",
        "Parallel Aware": false,
        "Startup Cost": 299690.7,
        "Total Cost": 299690.81,
        "Plan Rows": 1,
        "Plan Width": 8,
        "Actual Startup Time": 694.535,
        "Actual Total Time": 720.491,
        "Actual Rows": 2,
        "Actual Loops": 1,
        "Workers Planned": 1,
        "Workers Launched": 1,
        "Single Copy": false,
        "Plans": [
          {
            "Node Type": "Aggregate",
            "Strategy": "Plain",
            "Partial Mode": "Partial",
            "Parent Relationship": "Outer",
            "Parallel Aware": false,
            "Startup Cost": 298690.7,
            "Total Cost": 298690.71,
            "Plan Rows": 1,
            "Plan Width": 8,
            "Actual Startup Time": 689.61,
            "Actual Total Time": 689.614,
            "Actual Rows": 1,
            "Actual Loops": 2,
            "Plans": [
              {
                "Node Type": "Hash Join",
                "Parent Relationship": "Outer",
                "Parallel Aware": true,
                "Join Type": "Inner",
                "Startup Cost": 56652.14,
                "Total Cost": 298001.92,
                "Plan Rows": 275511,
                "Plan Width": 0,
                "Actual Startup Time": 150.734,
                "Actual Total Time": 689.557,
                "Actual Rows": 208,
                "Actual Loops": 2,
                "Inner Unique": true,
                "Hash Cond": "(ci.movie_id = t.id)",
                "Plans": [
                  {
                    "Node Type": "Index Scan",
                    "Parent Relationship": "Outer",
                    "Parallel Aware": true,
                    "Scan Direction": "Forward",
                    "Index Name": "role_id_cast_info",
                    "Relation Name": "cast_info",
                    "Alias": "ci",
                    "Startup Cost": 0.56,
                    "Total Cost": 236682.84,
                    "Plan Rows": 1778095,
                    "Plan Width": 4,
                    "Actual Startup Time": 2.935,
                    "Actual Total Time": 541.638,
                    "Actual Rows": 1330,
                    "Actual Loops": 2,
                    "Index Cond": "(role_id = 2)",
                    "Rows Removed by Index Recheck": 0,
                    "Filter": "(person_id < 1465840)",
                    "Rows Removed by Filter": 3724656
                  },
                  {
                    "Node Type": "Hash",
                    "Parent Relationship": "Inner",
                    "Parallel Aware": true,
                    "Startup Cost": 53771.05,
                    "Total Cost": 53771.05,
                    "Plan Rows": 230442,
                    "Plan Width": 4,
                    "Actual Startup Time": 141.796,
                    "Actual Total Time": 141.797,
                    "Actual Rows": 144846,
                    "Actual Loops": 2,
                    "Hash Buckets": 524288,
                    "Original Hash Buckets": 524288,
                    "Hash Batches": 1,
                    "Original Hash Batches": 1,
                    "Peak Memory Usage": 15456,
                    "Plans": [
                      {
                        "Node Type": "Bitmap Heap Scan",
                        "Parent Relationship": "Outer",
                        "Parallel Aware": true,
                        "Relation Name": "title",
                        "Alias": "t",
                        "Startup Cost": 11920.79,
                        "Total Cost": 53771.05,
                        "Plan Rows": 230442,
                        "Plan Width": 4,
                        "Actual Startup Time": 36.069,
                        "Actual Total Time": 106.794,
                        "Actual Rows": 144846,
                        "Actual Loops": 2,
                        "Recheck Cond": "(kind_id = 1)",
                        "Rows Removed by Index Recheck": 0,
                        "Filter": "(production_year > 1998)",
                        "Rows Removed by Filter": 186566,
                        "Exact Heap Blocks": 8943,
                        "Lossy Heap Blocks": 0,
                        "Plans": [
                          {
                            "Node Type": "Bitmap Index Scan",
                            "Parent Relationship": "Outer",
                            "Parallel Aware": false,
                            "Index Name": "kind_id_title",
                            "Startup Cost": 0.0,
                            "Total Cost": 11822.85,
                            "Plan Rows": 663256,
                            "Plan Width": 0,
                            "Actual Startup Time": 34.612,
                            "Actual Total Time": 34.612,
                            "Actual Rows": 662825,
                            "Actual Loops": 1,
                            "Index Cond": "(kind_id = 1)"
                          }
                        ]
                      }
                    ]
                  }
                ]
              }
            ]
          }
        ]
      }
    ]
  },
  "Planning Time": 0.637,
  "Triggers": [],
  "Execution Time": 720.585
}