[
  {
    "Plan": {
      "Node Type": "Aggregate",
      "Strategy": "Plain",
      "Partial Mode": "Finalize",
      "Parallel Aware": false,
      "Startup Cost": 95079.98,
      "Total Cost": 95079.99,
      "Plan Rows": 1,
      "Plan Width": 8,
      "Actual Startup Time": 518.012,
      "Actual Total Time": 539.187,
      "Actual Rows": 1,
      "Actual Loops": 1,
      "Plans": [
        {
          "Node Type": "Gather",
          "Parent Relationship": "Outer",
          "Parallel Aware": false,
          "Startup Cost": 95079.76,
          "Total Cost": 95079.97,
          "Plan Rows": 2,
          "Plan Width": 8,
          "Actual Startup Time": 514.045,
          "Actual Total Time": 539.176,
          "Actual Rows": 3,
          "Actual Loops": 1,
          "Workers Planned": 2,
          "Workers Launched": 2,
          "Single Copy": false,
          "Plans": [
            {
              "Node Type": "Aggregate",
              "Strategy": "Plain",
              "Partial Mode": "Partial",
              "Parent Relationship": "Outer",
              "Parallel Aware": false,
              "Startup Cost": 94079.76,
              "Total Cost": 94079.77,
              "Plan Rows": 1,
              "Plan Width": 8,
              "Actual Startup Time": 507.016,
              "Actual Total Time": 507.12,
              "Actual Rows": 1,
              "Actual Loops": 3,
              "Plans": [
                {
                  "Node Type": "Hash Join",
                  "Parent Relationship": "Outer",
                  "Parallel Aware": true,
                  "Join Type": "Inner",
                  "Startup Cost": 77970.14,
                  "Total Cost": 93962.67,
                  "Plan Rows": 46836,
                  "Plan Width": 0,
                  "Actual Startup Time": 426.594,
                  "Actual Total Time": 499.706,
                  "Actual Rows": 158554,
                  "Actual Loops": 3,
                  "Inner Unique": false,
                  "Hash Cond": "(mi_idx.movie_id = t.id)",
                  "Plans": [
                    {
                      "Node Type": "Seq Scan",
                      "Parent Relationship": "Outer",
                      "Parallel Aware": true,
                      "Relation Name": "movie_info_idx",
                      "Alias": "mi_idx",
                      "Startup Cost": 0.0,
                      "Total Cost": 13685.15,
                      "Plan Rows": 575015,
                      "Plan Width": 4,
                      "Actual Startup Time": 0.026,
                      "Actual Total Time": 43.823,
                      "Actual Rows": 460012,
                      "Actual Loops": 3
                    },
                    {
                      "Node Type": "Hash",
                      "Parent Relationship": "Inner",
                      "Parallel Aware": true,
                      "Startup Cost": 77139.72,
                      "Total Cost": 77139.72,
                      "Plan Rows": 66434,
                      "Plan Width": 8,
                      "Actual Startup Time": 386.008,
                      "Actual Total Time": 386.11,
                      "Actual Rows": 94143,
                      "Actual Loops": 3,
                      "Hash Buckets": 524288,
                      "Original Hash Buckets": 262144,
                      "Hash Batches": 1,
                      "Original Hash Batches": 1,
                      "Peak Memory Usage": 17248,
                      "Plans": [
                        {
                          "Node Type": "Hash Join",
                          "Parent Relationship": "Outer",
                          "Parallel Aware": true,
                          "Join Type": "Inner",
                          "Startup Cost": 46699.91,
                          "Total Cost": 77139.72,
                          "Plan Rows": 66434,
                          "Plan Width": 8,
                          "Actual Startup Time": 263.303,
                          "Actual Total Time": 349.283,
                          "Actual Rows": 94143,
                          "Actual Loops": 3,
                          "Inner Unique": true,
                          "Hash Cond": "(mc.movie_id = t.id)",
                          "Plans": [
                            {
                              "Node Type": "Seq Scan",
                              "Parent Relationship": "Outer",
                              "Parallel Aware": true,
                              "Relation Name": "movie_companies",
                              "Alias": "mc",
                              "Startup Cost": 0.0,
                              "Total Cost": 29310.68,
                              "Plan Rows": 430142,
                              "Plan Width": 4,
                              "Actual Startup Time": 39.76,
                              "Actual Total Time": 93.575,
                              "Actual Rows": 444961,
                              "Actual Loops": 3,
                              "Filter": "(company_type_id = 2)",
                              "Rows Removed by Filter": 424749
                            },
                            {
                              "Node Type": "Hash",
                              "Parent Relationship": "Inner",
                              "Parallel Aware": true,
                              "Startup Cost": 45479.59,
                              "Total Cost": 45479.59,
                              "Plan Rows": 97626,
                              "Plan Width": 4,
                              "Actual Startup Time": 172.468,
                              "Actual Total Time": 172.47,
                              "Actual Rows": 96564,
                              "Actual Loops": 3,
                              "Hash Buckets": 524288,
                              "Original Hash Buckets": 524288,
                              "Hash Batches": 1,
                              "Original Hash Batches": 1,
                              "Peak Memory Usage": 15488,
                              "Plans": [
                                {
                                  "Node Type": "Seq Scan",
                                  "Parent Relationship": "Outer",
                                  "Parallel Aware": true,
                                  "Relation Name": "title",
                                  "Alias": "t",
                                  "Startup Cost": 0.0,
                                  "Total Cost": 45479.59,
                                  "Plan Rows": 97626,
                                  "Plan Width": 4,
                                  "Actual Startup Time": 55.123,
                                  "Actual Total Time": 136.291,
                                  "Actual Rows": 96564,
                                  "Actual Loops": 3,
                                  "Filter": "((production_year > 1998) AND (kind_id = 1))",
                                  "Rows Removed by Filter": 746206
                                }
                              ]
                            }
                          ]
                        }
                      ]
                    }
                  ]
                }
              ]
            }
          ]
        }
      ]
    },
    "Planning Time": 1.501,
    "Triggers": [],
    "Execution Time": 539.284
  }
]