[
  {
    "Plan": {
      "Node Type": "Aggregate",
      "Strategy": "Plain",
      "Partial Mode": "Finalize",
      "Parallel Aware": false,
      "Startup Cost": 95072.42,
      "Total Cost": 95072.43,
      "Plan Rows": 1,
      "Plan Width": 8,
      "Actual Startup Time": 458.923,
      "Actual Total Time": 475.553,
      "Actual Rows": 1,
      "Actual Loops": 1,
      "Plans": [
        {
          "Node Type": "Gather",
          "Parent Relationship": "Outer",
          "Parallel Aware": false,
          "Startup Cost": 95072.2,
          "Total Cost": 95072.41,
          "Plan Rows": 2,
          "Plan Width": 8,
          "Actual Startup Time": 456.22,
          "Actual Total Time": 475.534,
          "Actual Rows": 3,
          "Actual Loops": 1,
          "Workers Planned": 2,
          "Workers Launched": 2,
          "Single Copy": false,
          "Plans": [
            {
              "Node Type": "Aggregate",
              "Strategy": "Plain",
              "Partial Mode": "Partial",
              "Parent Relationship": "Outer",
              "Parallel Aware": false,
              "Startup Cost": 94072.2,
              "Total Cost": 94072.21,
              "Plan Rows": 1,
              "Plan Width": 8,
              "Actual Startup Time": 447.702,
              "Actual Total Time": 447.801,
              "Actual Rows": 1,
              "Actual Loops": 3,
              "Plans": [
                {
                  "Node Type": "Hash Join",
                  "Parent Relationship": "Outer",
                  "Parallel Aware": true,
                  "Join Type": "Inner",
                  "Startup Cost": 77963.45,
                  "Total Cost": 93955.49,
                  "Plan Rows": 46684,
                  "Plan Width": 0,
                  "Actual Startup Time": 378.414,
                  "Actual Total Time": 441.419,
                  "Actual Rows": 158554,
                  "Actual Loops": 3,
                  "Inner Unique": false,
                  "Hash Cond": "(mi_idx.movie_id = t.id)",
                  "Plans": [
                    {
                      "Node Type": "Seq Scan",
                      "Parent Relationship": "Outer",
                      "Parallel Aware": true,
                      "Relation Name": "movie_info_idx",
                      "Alias": "mi_idx",
                      "Startup Cost": 0.0,
                      "Total Cost": 13685.15,
                      "Plan Rows": 575015,
                      "Plan Width": 4,
                      "Actual Startup Time": 0.026,
                      "Actual Total Time": 36.407,
                      "Actual Rows": 460012,
                      "Actual Loops": 3
                    },
                    {
                      "Node Type": "Hash",
                      "Parent Relationship": "Inner",
                      "Parallel Aware": true,
                      "Startup Cost": 77135.76,
                      "Total Cost": 77135.76,
                      "Plan Rows": 66215,
                      "Plan Width": 8,
                      "Actual Startup Time": 342.2,
                      "Actual Total Time": 342.297,
                      "Actual Rows": 94143,
                      "Actual Loops": 3,
                      "Hash Buckets": 524288,
                      "Original Hash Buckets": 262144,
                      "Hash Batches": 1,
                      "Original Hash Batches": 1,
                      "Peak Memory Usage": 17248,
                      "Plans": [
                        {
                          "Node Type": "Hash Join",
                          "Parent Relationship": "Outer",
                          "Parallel Aware": true,
                          "Join Type": "Inner",
                          "Startup Cost": 46703.32,
                          "Total Cost": 77135.76,
                          "Plan Rows": 66215,
                          "Plan Width": 8,
                          "Actual Startup Time": 230.433,
                          "Actual Total Time": 310.983,
                          "Actual Rows": 94143,
                          "Actual Loops": 3,
                          "Inner Unique": true,
                          "Hash Cond": "(mc.movie_id = t.id)",
                          "Plans": [
                            {
                              "Node Type": "Seq Scan",
                              "Parent Relationship": "Outer",
                              "Parallel Aware": true,
                              "Relation Name": "movie_companies",
                              "Alias": "mc",
                              "Startup Cost": 0.0,
                              "Total Cost": 29310.68,
                              "Plan Rows": 427336,
                              "Plan Width": 4,
                              "Actual Startup Time": 34.692,
                              "Actual Total Time": 83.046,
                              "Actual Rows": 444961,
                              "Actual Loops": 3,
                              "Filter": "(company_type_id = 2)",
                              "Rows Removed by Filter": 424749
                            },
                            {
                              "Node Type": "Hash",
                              "Parent Relationship": "Inner",
                              "Parallel Aware": true,
                              "Startup Cost": 45479.1,
                              "Total Cost": 45479.1,
                              "Plan Rows": 97938,
                              "Plan Width": 4,
                              "Actual Startup Time": 149.728,
                              "Actual Total Time": 149.729,
                              "Actual Rows": 96564,
                              "Actual Loops": 3,
                              "Hash Buckets": 524288,
                              "Original Hash Buckets": 524288,
                              "Hash Batches": 1,
                              "Original Hash Batches": 1,
                              "Peak Memory Usage": 15488,
                              "Plans": [
                                {
                                  "Node Type": "Seq Scan",
                                  "Parent Relationship": "Outer",
                                  "Parallel Aware": true,
                                  "Relation Name": "title",
                                  "Alias": "t",
                                  "Startup Cost": 0.0,
                                  "Total Cost": 45479.1,
                                  "Plan Rows": 97938,
                                  "Plan Width": 4,
                                  "Actual Startup Time": 50.097,
                                  "Actual Total Time": 119.131,
                                  "Actual Rows": 96564,
                                  "Actual Loops": 3,
                                  "Filter": "((production_year > 1998) AND (kind_id = 1))",
                                  "Rows Removed by Filter": 746206
                                }
                              ]
                            }
                          ]
                        }
                      ]
                    }
                  ]
                }
              ]
            }
          ]
        }
      ]
    },
    "Planning Time": 1.378,
    "Triggers": [],
    "Execution Time": 475.634
  }
]