{
  "Plan": {
    "Node Type": "Aggregate",
    "Strategy": "Plain",
    "Partial Mode": "Finalize",
    "Parallel Aware": false,
    "Startup Cost": 139987.0,
    "Total Cost": 139987.01,
    "Plan Rows": 1,
    "Plan Width": 96,
    "Actual Startup Time": 2619.394,
    "Actual Total Time": 2619.536,
    "Actual Rows": 1,
    "Actual Loops": 1,
    "Plans": [
      {
        "Node Type": "Gather",
        "Parent Relationship": "Outer",
        "Parallel Aware": false,
        "Startup Cost": 139986.88,
        "Total Cost": 139986.99,
        "Plan Rows": 1,
        "Plan Width": 96,
        "Actual Startup Time": 2619.379,
        "Actual Total Time": 2619.522,
        "Actual Rows": 1,
        "Actual Loops": 1,
        "Workers Planned": 1,
        "Workers Launched": 0,
        "Single Copy": false,
        "Plans": [
          {
            "Node Type": "Aggregate",
            "Strategy": "Plain",
            "Partial Mode": "Partial",
            "Parent Relationship": "Outer",
            "Parallel Aware": false,
            "Startup Cost": 138986.88,
            "Total Cost": 138986.89,
            "Plan Rows": 1,
            "Plan Width": 96,
            "Actual Startup Time": 2618.703,
            "Actual Total Time": 2618.712,
            "Actual Rows": 1,
            "Actual Loops": 1,
            "Plans": [
              {
                "Node Type": "Hash Join",
                "Parent Relationship": "Outer",
                "Parallel Aware": false,
                "Join Type": "Inner",
                "Startup Cost": 12875.27,
                "Total Cost": 138976.83,
                "Plan Rows": 1340,
                "Plan Width": 48,
                "Actual Startup Time": 1128.782,
                "Actual Total Time": 2544.811,
                "Actual Rows": 673564,
                "Actual Loops": 1,
                "Inner Unique": false,
                "Hash Cond": "(n.id = ci.person_id)",
                "Plans": [
                  {
                    "Node Type": "Seq Scan",
                    "Parent Relationship": "Outer",
                    "Parallel Aware": true,
                    "Relation Name": "name",
                    "Alias": "n",
                    "Startup Cost": 0.0,
                    "Total Cost": 80126.1,
                    "Plan Rows": 2451310,
                    "Plan Width": 19,
                    "Actual Startup Time": 0.009,
                    "Actual Total Time": 333.157,
                    "Actual Rows": 4167491,
                    "Actual Loops": 1
                  },
                  {
                    "Node Type": "Hash",
                    "Parent Relationship": "Inner",
                    "Parallel Aware": false,
                    "Startup Cost": 12846.79,
                    "Total Cost": 12846.79,
                    "Plan Rows": 2278,
                    "Plan Width": 37,
                    "Actual Startup Time": 1128.745,
                    "Actual Total Time": 1128.752,
                    "Actual Rows": 673564,
                    "Actual Loops": 1,
                    "Hash Buckets": 1048576,
                    "Original Hash Buckets": 4096,
                    "Hash Batches": 1,
                    "Original Hash Batches": 1,
                    "Peak Memory Usage": 48003,
                    "Plans": [
                      {
                        "Node Type": "Nested Loop",
                        "Parent Relationship": "Outer",
                        "Parallel Aware": false,
                        "Join Type": "Inner",
                        "Startup Cost": 11.81,
                        "Total Cost": 12846.79,
                        "Plan Rows": 2278,
                        "Plan Width": 37,
                        "Actual Startup Time": 1.869,
                        "Actual Total Time": 1014.567,
                        "Actual Rows": 673564,
                        "Actual Loops": 1,
                        "Inner Unique": false,
                        "Join Filter": "(t.id = ci.movie_id)",
                        "Rows Removed by Join Filter": 0,
                        "Plans": [
                          {
                            "Node Type": "Nested Loop",
                            "Parent Relationship": "Outer",
                            "Parallel Aware": false,
                            "Join Type": "Inner",
                            "Startup Cost": 11.25,
                            "Total Cost": 12540.97,
                            "Plan Rows": 159,
                            "Plan Width": 41,
                            "Actual Startup Time": 1.843,
                            "Actual Total Time": 132.481,
                            "Actual Rows": 11323,
                            "Actual Loops": 1,
                            "Inner Unique": true,
                            "Plans": [
                              {
                                "Node Type": "Nested Loop",
                                "Parent Relationship": "Outer",
                                "Parallel Aware": false,
                                "Join Type": "Inner",
                                "Startup Cost": 10.82,
                                "Total Cost": 12408.72,
                                "Plan Rows": 270,
                                "Plan Width": 20,
                                "Actual Startup Time": 1.778,
                                "Actual Total Time": 54.736,
                                "Actual Rows": 27126,
                                "Actual Loops": 1,
                                "Inner Unique": false,
                                "Plans": [
                                  {
                                    "Node Type": "Seq Scan",
                                    "Parent Relationship": "Outer",
                                    "Parallel Aware": false,
                                    "Relation Name": "keyword",
                                    "Alias": "k",
                                    "Startup Cost": 0.0,
                                    "Total Cost": 3632.4,
                                    "Plan Rows": 8,
                                    "Plan Width": 20,
                                    "Actual Startup Time": 0.961,
                                    "Actual Total Time": 19.338,
                                    "Actual Rows": 4,
                                    "Actual Loops": 1,
                                    "Filter": "(keyword = ANY ('{computer-animated-movie,superhero,superhero,fight,murder,marvel-cinematic-universe,superhero,marvel-cinematic-universe}'::text[]))",
                                    "Rows Removed by Filter": 134166
                                  },
                                  {
                                    "Node Type": "Bitmap Heap Scan",
                                    "Parent Relationship": "Inner",
                                    "Parallel Aware": false,
                                    "Relation Name": "movie_keyword",
                                    "Alias": "mk",
                                    "Startup Cost": 10.82,
                                    "Total Cost": 1093.96,
                                    "Plan Rows": 308,
                                    "Plan Width": 8,
                                    "Actual Startup Time": 1.257,
                                    "Actual Total Time": 8.196,
                                    "Actual Rows": 6782,
                                    "Actual Loops": 4,
                                    "Recheck Cond": "(keyword_id = k.id)",
                                    "Rows Removed by Index Recheck": 0,
                                    "Exact Heap Blocks": 18383,
                                    "Lossy Heap Blocks": 0,
                                    "Plans": [
                                      {
                                        "Node Type": "Bitmap Index Scan",
                                        "Parent Relationship": "Outer",
                                        "Parallel Aware": false,
                                        "Index Name": "keyword_id_movie_keyword",
                                        "Startup Cost": 0.0,
                                        "Total Cost": 10.74,
                                        "Plan Rows": 308,
                                        "Plan Width": 0,
                                        "Actual Startup Time": 0.672,
                                        "Actual Total Time": 0.673,
                                        "Actual Rows": 6782,
                                        "Actual Loops": 4,
                                        "Index Cond": "(keyword_id = k.id)"
                                      }
                                    ]
                                  }
                                ]
                              },
                              {
                                "Node Type": "Index Scan",
                                "Parent Relationship": "Inner",
                                "Parallel Aware": false,
                                "Scan Direction": "Forward",
                                "Index Name": "title_pkey",
                                "Relation Name": "title",
                                "Alias": "t",
                                "Startup Cost": 0.43,
                                "Total Cost": 0.49,
                                "Plan Rows": 1,
                                "Plan Width": 21,
                                "Actual Startup Time": 0.003,
                                "Actual Total Time": 0.003,
                                "Actual Rows": 0,
                                "Actual Loops": 27126,
                                "Index Cond": "(id = mk.movie_id)",
                                "Rows Removed by Index Recheck": 0,
                                "Filter": "(production_year > 1998)",
                                "Rows Removed by Filter": 1
                              }
                            ]
                          },
                          {
                            "Node Type": "Index Scan",
                            "Parent Relationship": "Inner",
                            "Parallel Aware": false,
                            "Scan Direction": "Forward",
                            "Index Name": "movie_id_cast_info",
                            "Relation Name": "cast_info",
                            "Alias": "ci",
                            "Startup Cost": 0.56,
                            "Total Cost": 1.5,
                            "Plan Rows": 34,
                            "Plan Width": 8,
                            "Actual Startup Time": 0.006,
                            "Actual Total Time": 0.071,
                            "Actual Rows": 59,
                            "Actual Loops": 11323,
                            "Index Cond": "(movie_id = mk.movie_id)",
                            "Rows Removed by Index Recheck": 0
                          }
                        ]
                      }
                    ]
                  }
                ]
              }
            ]
          }
        ]
      }
    ]
  },
  "Planning Time": 1.157,
  "Triggers": [],
  "Execution Time": 2619.921
}