[
  {
    "Plan": {
      "Node Type": "Aggregate",
      "Strategy": "Plain",
      "Partial Mode": "Finalize",
      "Parallel Aware": false,
      "Startup Cost": 85328.97,
      "Total Cost": 85328.98,
      "Plan Rows": 1,
      "Plan Width": 8,
      "Actual Startup Time": 246.277,
      "Actual Total Time": 266.48,
      "Actual Rows": 1,
      "Actual Loops": 1,
      "Plans": [
        {
          "Node Type": "Gather",
          "Parent Relationship": "Outer",
          "Parallel Aware": false,
          "Startup Cost": 85328.66,
          "Total Cost": 85328.97,
          "Plan Rows": 3,
          "Plan Width": 8,
          "Actual Startup Time": 244.87,
          "Actual Total Time": 266.469,
          "Actual Rows": 4,
          "Actual Loops": 1,
          "Workers Planned": 3,
          "Workers Launched": 3,
          "Single Copy": false,
          "Plans": [
            {
              "Node Type": "Aggregate",
              "Strategy": "Plain",
              "Partial Mode": "Partial",
              "Parent Relationship": "Outer",
              "Parallel Aware": false,
              "Startup Cost": 84328.66,
              "Total Cost": 84328.67,
              "Plan Rows": 1,
              "Plan Width": 8,
              "Actual Startup Time": 239.635,
              "Actual Total Time": 239.639,
              "Actual Rows": 1,
              "Actual Loops": 4,
              "Plans": [
                {
                  "Node Type": "Hash Join",
                  "Parent Relationship": "Outer",
                  "Parallel Aware": true,
                  "Join Type": "Inner",
                  "Startup Cost": 57353.53,
                  "Total Cost": 84268.07,
                  "Plan Rows": 24236,
                  "Plan Width": 0,
                  "Actual Startup Time": 174.108,
                  "Actual Total Time": 238.321,
                  "Actual Rows": 24721,
                  "Actual Loops": 4,
                  "Inner Unique": true,
                  "Hash Cond": "(mk.movie_id = t.id)",
                  "Plans": [
                    {
                      "Node Type": "Bitmap Heap Scan",
                      "Parent Relationship": "Outer",
                      "Parallel Aware": true,
                      "Relation Name": "movie_keyword",
                      "Alias": "mk",
                      "Startup Cost": 10696.82,
                      "Total Cost": 37184.32,
                      "Plan Rows": 162680,
                      "Plan Width": 4,
                      "Actual Startup Time": 30.549,
                      "Actual Total Time": 88.656,
                      "Actual Rows": 125599,
                      "Actual Loops": 4,
                      "Recheck Cond": "(keyword_id < 364)",
                      "Rows Removed by Index Recheck": 0,
                      "Exact Heap Blocks": 6796,
                      "Lossy Heap Blocks": 0,
                      "Plans": [
                        {
                          "Node Type": "Bitmap Index Scan",
                          "Parent Relationship": "Outer",
                          "Parallel Aware": false,
                          "Index Name": "keyword_id_movie_keyword",
                          "Startup Cost": 0.0,
                          "Total Cost": 10570.74,
                          "Plan Rows": 504308,
                          "Plan Width": 0,
                          "Actual Startup Time": 26.984,
                          "Actual Total Time": 26.985,
                          "Actual Rows": 502395,
                          "Actual Loops": 1,
                          "Index Cond": "(keyword_id < 364)"
                        }
                      ]
                    },
                    {
                      "Node Type": "Hash",
                      "Parent Relationship": "Inner",
                      "Parallel Aware": true,
                      "Startup Cost": 45479.59,
                      "Total Cost": 45479.59,
                      "Plan Rows": 94170,
                      "Plan Width": 4,
                      "Actual Startup Time": 119.234,
                      "Actual Total Time": 119.235,
                      "Actual Rows": 70529,
                      "Actual Loops": 4,
                      "Hash Buckets": 524288,
                      "Original Hash Buckets": 524288,
                      "Hash Batches": 1,
                      "Original Hash Batches": 1,
                      "Peak Memory Usage": 15200,
                      "Plans": [
                        {
                          "Node Type": "Seq Scan",
                          "Parent Relationship": "Outer",
                          "Parallel Aware": true,
                          "Relation Name": "title",
                          "Alias": "t",
                          "Startup Cost": 0.0,
                          "Total Cost": 45479.59,
                          "Plan Rows": 94170,
                          "Plan Width": 4,
                          "Actual Startup Time": 40.888,
                          "Actual Total Time": 93.247,
                          "Actual Rows": 70529,
                          "Actual Loops": 4,
                          "Filter": "((kind_id < 2) AND (production_year > 1999))",
                          "Rows Removed by Filter": 561549
                        }
                      ]
                    }
                  ]
                }
              ]
            }
          ]
        }
      ]
    },
    "Planning Time": 0.64,
    "Triggers": [],
    "Execution Time": 266.575
  }
]