[
  {
    "Plan": {
      "Node Type": "Aggregate",
      "Strategy": "Plain",
      "Partial Mode": "Finalize",
      "Parallel Aware": false,
      "Startup Cost": 84948.74,
      "Total Cost": 84948.75,
      "Plan Rows": 1,
      "Plan Width": 8,
      "Actual Startup Time": 253.982,
      "Actual Total Time": 270.819,
      "Actual Rows": 1,
      "Actual Loops": 1,
      "Plans": [
        {
          "Node Type": "Gather",
          "Parent Relationship": "Outer",
          "Parallel Aware": false,
          "Startup Cost": 84948.42,
          "Total Cost": 84948.73,
          "Plan Rows": 3,
          "Plan Width": 8,
          "Actual Startup Time": 252.195,
          "Actual Total Time": 270.809,
          "Actual Rows": 4,
          "Actual Loops": 1,
          "Workers Planned": 3,
          "Workers Launched": 3,
          "Single Copy": false,
          "Plans": [
            {
              "Node Type": "Aggregate",
              "Strategy": "Plain",
              "Partial Mode": "Partial",
              "Parent Relationship": "Outer",
              "Parallel Aware": false,
              "Startup Cost": 83948.42,
              "Total Cost": 83948.43,
              "Plan Rows": 1,
              "Plan Width": 8,
              "Actual Startup Time": 246.017,
              "Actual Total Time": 246.021,
              "Actual Rows": 1,
              "Actual Loops": 4,
              "Plans": [
                {
                  "Node Type": "Hash Join",
                  "Parent Relationship": "Outer",
                  "Parallel Aware": true,
                  "Join Type": "Inner",
                  "Startup Cost": 57046.18,
                  "Total Cost": 83889.47,
                  "Plan Rows": 23581,
                  "Plan Width": 0,
                  "Actual Startup Time": 178.183,
                  "Actual Total Time": 244.68,
                  "Actual Rows": 24721,
                  "Actual Loops": 4,
                  "Inner Unique": true,
                  "Hash Cond": "(mk.movie_id = t.id)",
                  "Plans": [
                    {
                      "Node Type": "Bitmap Heap Scan",
                      "Parent Relationship": "Outer",
                      "Parallel Aware": true,
                      "Relation Name": "movie_keyword",
                      "Alias": "mk",
                      "Startup Cost": 10387.65,
                      "Total Cost": 36816.26,
                      "Plan Rows": 157969,
                      "Plan Width": 4,
                      "Actual Startup Time": 31.436,
                      "Actual Total Time": 91.801,
                      "Actual Rows": 125599,
                      "Actual Loops": 4,
                      "Recheck Cond": "(keyword_id < 364)",
                      "Rows Removed by Index Recheck": 0,
                      "Exact Heap Blocks": 7450,
                      "Lossy Heap Blocks": 0,
                      "Plans": [
                        {
                          "Node Type": "Bitmap Index Scan",
                          "Parent Relationship": "Outer",
                          "Parallel Aware": false,
                          "Index Name": "keyword_id_movie_keyword",
                          "Startup Cost": 0.0,
                          "Total Cost": 10265.22,
                          "Plan Rows": 489705,
                          "Plan Width": 0,
                          "Actual Startup Time": 27.722,
                          "Actual Total Time": 27.723,
                          "Actual Rows": 502395,
                          "Actual Loops": 1,
                          "Index Cond": "(keyword_id < 364)"
                        }
                      ]
                    },
                    {
                      "Node Type": "Hash",
                      "Parent Relationship": "Inner",
                      "Parallel Aware": true,
                      "Startup Cost": 45479.1,
                      "Total Cost": 45479.1,
                      "Plan Rows": 94355,
                      "Plan Width": 4,
                      "Actual Startup Time": 121.261,
                      "Actual Total Time": 121.262,
                      "Actual Rows": 70529,
                      "Actual Loops": 4,
                      "Hash Buckets": 524288,
                      "Original Hash Buckets": 524288,
                      "Hash Batches": 1,
                      "Original Hash Batches": 1,
                      "Peak Memory Usage": 15200,
                      "Plans": [
                        {
                          "Node Type": "Seq Scan",
                          "Parent Relationship": "Outer",
                          "Parallel Aware": true,
                          "Relation Name": "title",
                          "Alias": "t",
                          "Startup Cost": 0.0,
                          "Total Cost": 45479.1,
                          "Plan Rows": 94355,
                          "Plan Width": 4,
                          "Actual Startup Time": 44.576,
                          "Actual Total Time": 96.034,
                          "Actual Rows": 70529,
                          "Actual Loops": 4,
                          "Filter": "((kind_id < 2) AND (production_year > 1999))",
                          "Rows Removed by Filter": 561549
                        }
                      ]
                    }
                  ]
                }
              ]
            }
          ]
        }
      ]
    },
    "Planning Time": 0.654,
    "Triggers": [],
    "Execution Time": 270.909
  }
]