[
  {
    "Plan": {
      "Node Type": "Aggregate",
      "Strategy": "Plain",
      "Partial Mode": "Finalize",
      "Parallel Aware": false,
      "Startup Cost": 363014.67,
      "Total Cost": 363014.68,
      "Plan Rows": 1,
      "Plan Width": 8,
      "Actual Startup Time": 2423.093,
      "Actual Total Time": 2503.177,
      "Actual Rows": 1,
      "Actual Loops": 1,
      "Plans": [
        {
          "Node Type": "Gather",
          "Parent Relationship": "Outer",
          "Parallel Aware": false,
          "Startup Cost": 363014.25,
          "Total Cost": 363014.66,
          "Plan Rows": 4,
          "Plan Width": 8,
          "Actual Startup Time": 2423.081,
          "Actual Total Time": 2503.168,
          "Actual Rows": 5,
          "Actual Loops": 1,
          "Workers Planned": 4,
          "Workers Launched": 4,
          "Single Copy": false,
          "Plans": [
            {
              "Node Type": "Aggregate",
              "Strategy": "Plain",
              "Partial Mode": "Partial",
              "Parent Relationship": "Outer",
              "Parallel Aware": false,
              "Startup Cost": 362014.25,
              "Total Cost": 362014.26,
              "Plan Rows": 1,
              "Plan Width": 8,
              "Actual Startup Time": 2411.006,
              "Actual Total Time": 2411.008,
              "Actual Rows": 1,
              "Actual Loops": 5,
              "Plans": [
                {
                  "Node Type": "Nested Loop",
                  "Parent Relationship": "Outer",
                  "Parallel Aware": false,
                  "Join Type": "Inner",
                  "Startup Cost": 3.08,
                  "Total Cost": 359792.51,
                  "Plan Rows": 888696,
                  "Plan Width": 0,
                  "Actual Startup Time": 4.696,
                  "Actual Total Time": 2331.429,
                  "Actual Rows": 1537935,
                  "Actual Loops": 5,
                  "Inner Unique": false,
                  "Join Filter": "(t.id = ci.movie_id)",
                  "Rows Removed by Join Filter": 0,
                  "Plans": [
                    {
                      "Node Type": "Merge Join",
                      "Parent Relationship": "Outer",
                      "Parallel Aware": false,
                      "Join Type": "Inner",
                      "Startup Cost": 2.51,
                      "Total Cost": 153290.81,
                      "Plan Rows": 62021,
                      "Plan Width": 8,
                      "Actual Startup Time": 3.683,
                      "Actual Total Time": 715.481,
                      "Actual Rows": 60318,
                      "Actual Loops": 5,
                      "Inner Unique": false,
                      "Merge Cond": "(t.id = mi_idx.movie_id)",
                      "Plans": [
                        {
                          "Node Type": "Index Scan",
                          "Parent Relationship": "Outer",
                          "Parallel Aware": true,
                          "Scan Direction": "Forward",
                          "Index Name": "title_pkey",
                          "Relation Name": "title",
                          "Alias": "t",
                          "Startup Cost": 0.43,
                          "Total Cost": 92957.95,
                          "Plan Rows": 169446,
                          "Plan Width": 4,
                          "Actual Startup Time": 2.279,
                          "Actual Total Time": 385.013,
                          "Actual Rows": 136715,
                          "Actual Loops": 5,
                          "Filter": "(production_year < 1990)",
                          "Rows Removed by Filter": 368487
                        },
                        {
                          "Node Type": "Index Scan",
                          "Parent Relationship": "Inner",
                          "Parallel Aware": false,
                          "Scan Direction": "Forward",
                          "Index Name": "movie_id_movie_info_idx",
                          "Relation Name": "movie_info_idx",
                          "Alias": "mi_idx",
                          "Startup Cost": 0.43,
                          "Total Cost": 57070.31,
                          "Plan Rows": 925405,
                          "Plan Width": 4,
                          "Actual Startup Time": 0.138,
                          "Actual Total Time": 262.341,
                          "Actual Rows": 920110,
                          "Actual Loops": 5,
                          "Filter": "(info_type_id > 99)",
                          "Rows Removed by Filter": 459925
                        }
                      ]
                    },
                    {
                      "Node Type": "Index Only Scan",
                      "Parent Relationship": "Inner",
                      "Parallel Aware": false,
                      "Scan Direction": "Forward",
                      "Index Name": "movie_id_cast_info",
                      "Relation Name": "cast_info",
                      "Alias": "ci",
                      "Startup Cost": 0.56,
                      "Total Cost": 2.87,
                      "Plan Rows": 37,
                      "Plan Width": 4,
                      "Actual Startup Time": 0.004,
                      "Actual Total Time": 0.024,
                      "Actual Rows": 25,
                      "Actual Loops": 301589,
                      "Index Cond": "(movie_id = mi_idx.movie_id)",
                      "Rows Removed by Index Recheck": 0,
                      "Heap Fetches": 7689673
                    }
                  ]
                }
              ]
            }
          ]
        }
      ]
    },
    "Planning Time": 1.31,
    "Triggers": [],
    "Execution Time": 2503.291
  }
]