[
    {
        "Bao": {
            "Bao prediction": "NaN",
            "Bao recommended hint": "(no hint)"
        }
    },
    {
        "Plan": {
            "Node Type": "Aggregate",
            "Strategy": "Plain",
            "Partial Mode": "Finalize",
            "Parallel Aware": false,
            "Startup Cost": 111887.95,
            "Total Cost": 111887.96,
            "Plan Rows": 1,
            "Plan Width": 8,
            "Actual Startup Time": 211.382,
            "Actual Total Time": 220.25,
            "Actual Rows": 1,
            "Actual Loops": 1,
            "Output": [
                "count(*)"
            ],
            "Plans": [
                {
                    "Node Type": "Gather",
                    "Parent Relationship": "Outer",
                    "Parallel Aware": false,
                    "Startup Cost": 111887.42,
                    "Total Cost": 111887.93,
                    "Plan Rows": 5,
                    "Plan Width": 8,
                    "Actual Startup Time": 211.323,
                    "Actual Total Time": 220.24,
                    "Actual Rows": 6,
                    "Actual Loops": 1,
                    "Output": [
                        "(PARTIAL count(*))"
                    ],
                    "Workers Planned": 5,
                    "Workers Launched": 5,
                    "Single Copy": false,
                    "Plans": [
                        {
                            "Node Type": "Aggregate",
                            "Strategy": "Plain",
                            "Partial Mode": "Partial",
                            "Parent Relationship": "Outer",
                            "Parallel Aware": false,
                            "Startup Cost": 110887.42,
                            "Total Cost": 110887.43,
                            "Plan Rows": 1,
                            "Plan Width": 8,
                            "Actual Startup Time": 201.292,
                            "Actual Total Time": 201.293,
                            "Actual Rows": 1,
                            "Actual Loops": 6,
                            "Output": [
                                "PARTIAL count(*)"
                            ],
                            "Workers": [
                                {
                                    "Worker Number": 0,
                                    "Actual Startup Time": 198.706,
                                    "Actual Total Time": 198.707,
                                    "Actual Rows": 1,
                                    "Actual Loops": 1
                                },
                                {
                                    "Worker Number": 1,
                                    "Actual Startup Time": 199.298,
                                    "Actual Total Time": 199.299,
                                    "Actual Rows": 1,
                                    "Actual Loops": 1
                                },
                                {
                                    "Worker Number": 2,
                                    "Actual Startup Time": 199.296,
                                    "Actual Total Time": 199.297,
                                    "Actual Rows": 1,
                                    "Actual Loops": 1
                                },
                                {
                                    "Worker Number": 3,
                                    "Actual Startup Time": 199.726,
                                    "Actual Total Time": 199.727,
                                    "Actual Rows": 1,
                                    "Actual Loops": 1
                                },
                                {
                                    "Worker Number": 4,
                                    "Actual Startup Time": 199.942,
                                    "Actual Total Time": 199.943,
                                    "Actual Rows": 1,
                                    "Actual Loops": 1
                                }
                            ],
                            "Plans": [
                                {
                                    "Node Type": "Index Scan",
                                    "Parent Relationship": "Outer",
                                    "Parallel Aware": true,
                                    "Scan Direction": "Forward",
                                    "Index Name": "role_id_cast_info",
                                    "Relation Name": "cast_info",
                                    "Schema": "public",
                                    "Alias": "ci",
                                    "Startup Cost": 0.56,
                                    "Total Cost": 109204.72,
                                    "Plan Rows": 673083,
                                    "Plan Width": 0,
                                    "Actual Startup Time": 0.253,
                                    "Actual Total Time": 168.412,
                                    "Actual Rows": 592872,
                                    "Actual Loops": 6,
                                    "Output": [
                                        "id",
                                        "person_id",
                                        "movie_id",
                                        "person_role_id",
                                        "note",
                                        "nr_order",
                                        "role_id"
                                    ],
                                    "Index Cond": "(ci.role_id = 3)",
                                    "Rows Removed by Index Recheck": 0,
                                    "Filter": "(ci.person_id > 577479)",
                                    "Rows Removed by Filter": 75134,
                                    "Workers": [
                                        {
                                            "Worker Number": 0,
                                            "Actual Startup Time": 0.271,
                                            "Actual Total Time": 166.719,
                                            "Actual Rows": 694192,
                                            "Actual Loops": 1
                                        },
                                        {
                                            "Worker Number": 1,
                                            "Actual Startup Time": 0.232,
                                            "Actual Total Time": 166.256,
                                            "Actual Rows": 456823,
                                            "Actual Loops": 1
                                        },
                                        {
                                            "Worker Number": 2,
                                            "Actual Startup Time": 0.328,
                                            "Actual Total Time": 166.219,
                                            "Actual Rows": 458320,
                                            "Actual Loops": 1
                                        },
                                        {
                                            "Worker Number": 3,
                                            "Actual Startup Time": 0.487,
                                            "Actual Total Time": 167.917,
                                            "Actual Rows": 696081,
                                            "Actual Loops": 1
                                        },
                                        {
                                            "Worker Number": 4,
                                            "Actual Startup Time": 0.133,
                                            "Actual Total Time": 168.358,
                                            "Actual Rows": 689777,
                                            "Actual Loops": 1
                                        }
                                    ]
                                }
                            ]
                        }
                    ]
                }
            ]
        },
        "Planning Time": 335.359,
        "Triggers": [],
        "Execution Time": 220.345
    }
]