[
  {
    "Plan": {
      "Node Type": "Aggregate",
      "Strategy": "Plain",
      "Partial Mode": "Finalize",
      "Parallel Aware": false,
      "Startup Cost": 84142.04,
      "Total Cost": 84142.05,
      "Plan Rows": 1,
      "Plan Width": 8,
      "Actual Startup Time": 454.709,
      "Actual Total Time": 469.964,
      "Actual Rows": 1,
      "Actual Loops": 1,
      "Plans": [
        {
          "Node Type": "Gather",
          "Parent Relationship": "Outer",
          "Parallel Aware": false,
          "Startup Cost": 84141.62,
          "Total Cost": 84142.03,
          "Plan Rows": 4,
          "Plan Width": 8,
          "Actual Startup Time": 443.929,
          "Actual Total Time": 469.953,
          "Actual Rows": 5,
          "Actual Loops": 1,
          "Workers Planned": 4,
          "Workers Launched": 4,
          "Single Copy": false,
          "Plans": [
            {
              "Node Type": "Aggregate",
              "Strategy": "Plain",
              "Partial Mode": "Partial",
              "Parent Relationship": "Outer",
              "Parallel Aware": false,
              "Startup Cost": 83141.62,
              "Total Cost": 83141.63,
              "Plan Rows": 1,
              "Plan Width": 8,
              "Actual Startup Time": 430.713,
              "Actual Total Time": 430.716,
              "Actual Rows": 1,
              "Actual Loops": 5,
              "Plans": [
                {
                  "Node Type": "Hash Join",
                  "Parent Relationship": "Outer",
                  "Parallel Aware": true,
                  "Join Type": "Inner",
                  "Startup Cost": 36025.67,
                  "Total Cost": 82426.94,
                  "Plan Rows": 285873,
                  "Plan Width": 0,
                  "Actual Startup Time": 176.353,
                  "Actual Total Time": 419.94,
                  "Actual Rows": 251478,
                  "Actual Loops": 5,
                  "Inner Unique": false,
                  "Hash Cond": "(t.id = mc.movie_id)",
                  "Plans": [
                    {
                      "Node Type": "Seq Scan",
                      "Parent Relationship": "Outer",
                      "Parallel Aware": true,
                      "Relation Name": "title",
                      "Alias": "t",
                      "Startup Cost": 0.0,
                      "Total Cost": 42318.73,
                      "Plan Rows": 632073,
                      "Plan Width": 4,
                      "Actual Startup Time": 0.019,
                      "Actual Total Time": 65.526,
                      "Actual Rows": 505662,
                      "Actual Loops": 5
                    },
                    {
                      "Node Type": "Hash",
                      "Parent Relationship": "Inner",
                      "Parallel Aware": true,
                      "Startup Cost": 31414.82,
                      "Total Cost": 31414.82,
                      "Plan Rows": 368868,
                      "Plan Width": 4,
                      "Actual Startup Time": 169.704,
                      "Actual Total Time": 169.706,
                      "Actual Rows": 251478,
                      "Actual Loops": 5,
                      "Hash Buckets": 2097152,
                      "Original Hash Buckets": 2097152,
                      "Hash Batches": 1,
                      "Original Hash Batches": 1,
                      "Peak Memory Usage": 65632,
                      "Plans": [
                        {
                          "Node Type": "Seq Scan",
                          "Parent Relationship": "Outer",
                          "Parallel Aware": true,
                          "Relation Name": "movie_companies",
                          "Alias": "mc",
                          "Startup Cost": 0.0,
                          "Total Cost": 31414.82,
                          "Plan Rows": 368868,
                          "Plan Width": 4,
                          "Actual Startup Time": 45.591,
                          "Actual Total Time": 82.403,
                          "Actual Rows": 251478,
                          "Actual Loops": 5,
                          "Filter": "((company_id > 166) AND (company_type_id = 2))",
                          "Rows Removed by Filter": 270347
                        }
                      ]
                    }
                  ]
                }
              ]
            }
          ]
        }
      ]
    },
    "Planning Time": 0.631,
    "Triggers": [],
    "Execution Time": 470.034
  }
]