[
  {
    "Plan": {
      "Node Type": "Aggregate",
      "Strategy": "Plain",
      "Partial Mode": "Finalize",
      "Parallel Aware": false,
      "Startup Cost": 453005.59,
      "Total Cost": 453005.6,
      "Plan Rows": 1,
      "Plan Width": 8,
      "Actual Startup Time": 2781.198,
      "Actual Total Time": 2835.683,
      "Actual Rows": 1,
      "Actual Loops": 1,
      "Plans": [
        {
          "Node Type": "Gather",
          "Parent Relationship": "Outer",
          "Parallel Aware": false,
          "Startup Cost": 453004.97,
          "Total Cost": 453005.58,
          "Plan Rows": 6,
          "Plan Width": 8,
          "Actual Startup Time": 2756.081,
          "Actual Total Time": 2835.669,
          "Actual Rows": 7,
          "Actual Loops": 1,
          "Workers Planned": 6,
          "Workers Launched": 6,
          "Single Copy": false,
          "Plans": [
            {
              "Node Type": "Aggregate",
              "Strategy": "Plain",
              "Partial Mode": "Partial",
              "Parent Relationship": "Outer",
              "Parallel Aware": false,
              "Startup Cost": 452004.97,
              "Total Cost": 452004.98,
              "Plan Rows": 1,
              "Plan Width": 8,
              "Actual Startup Time": 2742.777,
              "Actual Total Time": 2743.145,
              "Actual Rows": 1,
              "Actual Loops": 7,
              "Plans": [
                {
                  "Node Type": "Hash Join",
                  "Parent Relationship": "Outer",
                  "Parallel Aware": true,
                  "Join Type": "Inner",
                  "Startup Cost": 87974.47,
                  "Total Cost": 448028.6,
                  "Plan Rows": 1590547,
                  "Plan Width": 0,
                  "Actual Startup Time": 799.108,
                  "Actual Total Time": 2588.095,
                  "Actual Rows": 2814060,
                  "Actual Loops": 7,
                  "Inner Unique": false,
                  "Hash Cond": "(ci.movie_id = t.id)",
                  "Plans": [
                    {
                      "Node Type": "Seq Scan",
                      "Parent Relationship": "Outer",
                      "Parallel Aware": true,
                      "Relation Name": "cast_info",
                      "Alias": "ci",
                      "Startup Cost": 0.0,
                      "Total Cost": 343316.27,
                      "Plan Rows": 3095217,
                      "Plan Width": 4,
                      "Actual Startup Time": 247.235,
                      "Actual Total Time": 833.907,
                      "Actual Rows": 3058532,
                      "Actual Loops": 7,
                      "Filter": "((person_id > 758734) AND (role_id > 1))",
                      "Rows Removed by Filter": 2119232
                    },
                    {
                      "Node Type": "Hash",
                      "Parent Relationship": "Inner",
                      "Parallel Aware": true,
                      "Startup Cost": 82735.4,
                      "Total Cost": 82735.4,
                      "Plan Rows": 419125,
                      "Plan Width": 8,
                      "Actual Startup Time": 547.353,
                      "Actual Total Time": 547.719,
                      "Actual Rows": 189652,
                      "Actual Loops": 7,
                      "Hash Buckets": 2097152,
                      "Original Hash Buckets": 2097152,
                      "Hash Batches": 1,
                      "Original Hash Batches": 1,
                      "Peak Memory Usage": 68480,
                      "Plans": [
                        {
                          "Node Type": "Hash Join",
                          "Parent Relationship": "Outer",
                          "Parallel Aware": true,
                          "Join Type": "Inner",
                          "Startup Cost": 50220.38,
                          "Total Cost": 82735.4,
                          "Plan Rows": 419125,
                          "Plan Width": 8,
                          "Actual Startup Time": 328.807,
                          "Actual Total Time": 453.4,
                          "Actual Rows": 189652,
                          "Actual Loops": 7,
                          "Inner Unique": true,
                          "Hash Cond": "(mc.movie_id = t.id)",
                          "Plans": [
                            {
                              "Node Type": "Seq Scan",
                              "Parent Relationship": "Outer",
                              "Parallel Aware": true,
                              "Relation Name": "movie_companies",
                              "Alias": "mc",
                              "Startup Cost": 0.0,
                              "Total Cost": 31414.82,
                              "Plan Rows": 419125,
                              "Plan Width": 4,
                              "Actual Startup Time": 27.7,
                              "Actual Total Time": 62.893,
                              "Actual Rows": 189652,
                              "Actual Loops": 7,
                              "Filter": "((company_id > 6) AND (company_type_id > 1))",
                              "Rows Removed by Filter": 183081
                            },
                            {
                              "Node Type": "Hash",
                              "Parent Relationship": "Inner",
                              "Parallel Aware": true,
                              "Startup Cost": 42319.06,
                              "Total Cost": 42319.06,
                              "Plan Rows": 632106,
                              "Plan Width": 4,
                              "Actual Startup Time": 297.11,
                              "Actual Total Time": 297.114,
                              "Actual Rows": 361187,
                              "Actual Loops": 7,
                              "Hash Buckets": 4194304,
                              "Original Hash Buckets": 4194304,
                              "Hash Batches": 1,
                              "Original Hash Batches": 1,
                              "Peak Memory Usage": 131808,
                              "Plans": [
                                {
                                  "Node Type": "Seq Scan",
                                  "Parent Relationship": "Outer",
                                  "Parallel Aware": true,
                                  "Relation Name": "title",
                                  "Alias": "t",
                                  "Startup Cost": 0.0,
                                  "Total Cost": 42319.06,
                                  "Plan Rows": 632106,
                                  "Plan Width": 4,
                                  "Actual Startup Time": 0.059,
                                  "Actual Total Time": 90.879,
                                  "Actual Rows": 361187,
                                  "Actual Loops": 7
                                }
                              ]
                            }
                          ]
                        }
                      ]
                    }
                  ]
                }
              ]
            }
          ]
        }
      ]
    },
    "Planning Time": 1.468,
    "Triggers": [],
    "Execution Time": 2835.767
  }
]