{
  "Plan": {
    "Node Type": "Aggregate",
    "Strategy": "Plain",
    "Partial Mode": "Finalize",
    "Parallel Aware": false,
    "Startup Cost": 80844.86,
    "Total Cost": 80844.87,
    "Plan Rows": 1,
    "Plan Width": 8,
    "Actual Startup Time": 277.062,
    "Actual Total Time": 290.116,
    "Actual Rows": 1,
    "Actual Loops": 1,
    "Plans": [
      {
        "Node Type": "Gather",
        "Parent Relationship": "Outer",
        "Parallel Aware": false,
        "Startup Cost": 80844.75,
        "Total Cost": 80844.86,
        "Plan Rows": 1,
        "Plan Width": 8,
        "Actual Startup Time": 276.727,
        "Actual Total Time": 290.108,
        "Actual Rows": 2,
        "Actual Loops": 1,
        "Workers Planned": 1,
        "Workers Launched": 1,
        "Single Copy": false,
        "Plans": [
          {
            "Node Type": "Aggregate",
            "Strategy": "Plain",
            "Partial Mode": "Partial",
            "Parent Relationship": "Outer",
            "Parallel Aware": false,
            "Startup Cost": 79844.75,
            "Total Cost": 79844.76,
            "Plan Rows": 1,
            "Plan Width": 8,
            "Actual Startup Time": 270.564,
            "Actual Total Time": 270.569,
            "Actual Rows": 1,
            "Actual Loops": 2,
            "Plans": [
              {
                "Node Type": "Hash Join",
                "Parent Relationship": "Outer",
                "Parallel Aware": true,
                "Join Type": "Inner",
                "Startup Cost": 21534.55,
                "Total Cost": 79821.83,
                "Plan Rows": 9168,
                "Plan Width": 0,
                "Actual Startup Time": 50.253,
                "Actual Total Time": 270.058,
                "Actual Rows": 5210,
                "Actual Loops": 2,
                "Inner Unique": false,
                "Hash Cond": "(t.id = mc.movie_id)",
                "Plans": [
                  {
                    "Node Type": "Seq Scan",
                    "Parent Relationship": "Outer",
                    "Parallel Aware": true,
                    "Relation Name": "title",
                    "Alias": "t",
                    "Startup Cost": 0.0,
                    "Total Cost": 54588.39,
                    "Plan Rows": 583193,
                    "Plan Width": 4,
                    "Actual Startup Time": 0.012,
                    "Actual Total Time": 149.282,
                    "Actual Rows": 492524,
                    "Actual Loops": 2,
                    "Filter": "(kind_id < 7)",
                    "Rows Removed by Filter": 771632
                  },
                  {
                    "Node Type": "Hash",
                    "Parent Relationship": "Inner",
                    "Parallel Aware": true,
                    "Startup Cost": 21242.31,
                    "Total Cost": 21242.31,
                    "Plan Rows": 23379,
                    "Plan Width": 4,
                    "Actual Startup Time": 48.919,
                    "Actual Total Time": 48.921,
                    "Actual Rows": 33260,
                    "Actual Loops": 2,
                    "Hash Buckets": 65536,
                    "Original Hash Buckets": 65536,
                    "Hash Batches": 1,
                    "Original Hash Batches": 1,
                    "Peak Memory Usage": 3136,
                    "Plans": [
                      {
                        "Node Type": "Bitmap Heap Scan",
                        "Parent Relationship": "Outer",
                        "Parallel Aware": true,
                        "Relation Name": "movie_companies",
                        "Alias": "mc",
                        "Startup Cost": 1739.91,
                        "Total Cost": 21242.31,
                        "Plan Rows": 23379,
                        "Plan Width": 4,
                        "Actual Startup Time": 12.364,
                        "Actual Total Time": 38.546,
                        "Actual Rows": 33260,
                        "Actual Loops": 2,
                        "Recheck Cond": "(company_id < 19)",
                        "Rows Removed by Index Recheck": 0,
                        "Filter": "(company_type_id < 2)",
                        "Rows Removed by Filter": 8776,
                        "Exact Heap Blocks": 6896,
                        "Lossy Heap Blocks": 0,
                        "Plans": [
                          {
                            "Node Type": "Bitmap Index Scan",
                            "Parent Relationship": "Outer",
                            "Parallel Aware": false,
                            "Index Name": "company_id_movie_companies",
                            "Startup Cost": 0.0,
                            "Total Cost": 1729.97,
                            "Plan Rows": 80739,
                            "Plan Width": 0,
                            "Actual Startup Time": 13.671,
                            "Actual Total Time": 13.671,
                            "Actual Rows": 84071,
                            "Actual Loops": 1,
                            "Index Cond": "(company_id < 19)"
                          }
                        ]
                      }
                    ]
                  }
                ]
              }
            ]
          }
        ]
      }
    ]
  },
  "Planning Time": 0.671,
  "Triggers": [],
  "Execution Time": 290.215
}