[
    {
        "Bao": {
            "Bao prediction": 1663.195,
            "Bao recommended hint": "SET enable_nestloop TO off; "
        }
    },
    {
        "Plan": {
            "Node Type": "Aggregate",
            "Strategy": "Plain",
            "Partial Mode": "Finalize",
            "Parallel Aware": false,
            "Startup Cost": 524059.77,
            "Total Cost": 524059.78,
            "Plan Rows": 1,
            "Plan Width": 32,
            "Actual Startup Time": 3285.083,
            "Actual Total Time": 3377.728,
            "Actual Rows": 1,
            "Actual Loops": 1,
            "Output": [
                "min(n.name)"
            ],
            "Plans": [
                {
                    "Node Type": "Gather",
                    "Parent Relationship": "Outer",
                    "Parallel Aware": false,
                    "Startup Cost": 524059.35,
                    "Total Cost": 524059.76,
                    "Plan Rows": 4,
                    "Plan Width": 32,
                    "Actual Startup Time": 3283.488,
                    "Actual Total Time": 3377.665,
                    "Actual Rows": 5,
                    "Actual Loops": 1,
                    "Output": [
                        "(PARTIAL min(n.name))"
                    ],
                    "Workers Planned": 4,
                    "Workers Launched": 4,
                    "Single Copy": false,
                    "Plans": [
                        {
                            "Node Type": "Aggregate",
                            "Strategy": "Plain",
                            "Partial Mode": "Partial",
                            "Parent Relationship": "Outer",
                            "Parallel Aware": false,
                            "Startup Cost": 523059.35,
                            "Total Cost": 523059.36,
                            "Plan Rows": 1,
                            "Plan Width": 32,
                            "Actual Startup Time": 3271.536,
                            "Actual Total Time": 3271.594,
                            "Actual Rows": 1,
                            "Actual Loops": 5,
                            "Output": [
                                "PARTIAL min(n.name)"
                            ],
                            "Workers": [
                                {
                                    "Worker Number": 0,
                                    "Actual Startup Time": 3268.731,
                                    "Actual Total Time": 3268.744,
                                    "Actual Rows": 1,
                                    "Actual Loops": 1
                                },
                                {
                                    "Worker Number": 1,
                                    "Actual Startup Time": 3268.183,
                                    "Actual Total Time": 3268.203,
                                    "Actual Rows": 1,
                                    "Actual Loops": 1
                                },
                                {
                                    "Worker Number": 2,
                                    "Actual Startup Time": 3269.344,
                                    "Actual Total Time": 3269.362,
                                    "Actual Rows": 1,
                                    "Actual Loops": 1
                                },
                                {
                                    "Worker Number": 3,
                                    "Actual Startup Time": 3269.752,
                                    "Actual Total Time": 3269.767,
                                    "Actual Rows": 1,
                                    "Actual Loops": 1
                                }
                            ],
                            "Plans": [
                                {
                                    "Node Type": "Hash Join",
                                    "Parent Relationship": "Outer",
                                    "Parallel Aware": true,
                                    "Join Type": "Inner",
                                    "Startup Cost": 478369.89,
                                    "Total Cost": 523059.35,
                                    "Plan Rows": 1,
                                    "Plan Width": 15,
                                    "Actual Startup Time": 3104.859,
                                    "Actual Total Time": 3270.529,
                                    "Actual Rows": 9995,
                                    "Actual Loops": 5,
                                    "Output": [
                                        "n.name"
                                    ],
                                    "Inner Unique": false,
                                    "Hash Cond": "(t.id = ci.movie_id)",
                                    "Workers": [
                                        {
                                            "Worker Number": 0,
                                            "Actual Startup Time": 3103.409,
                                            "Actual Total Time": 3267.686,
                                            "Actual Rows": 14399,
                                            "Actual Loops": 1
                                        },
                                        {
                                            "Worker Number": 1,
                                            "Actual Startup Time": 3102.374,
                                            "Actual Total Time": 3267.068,
                                            "Actual Rows": 9339,
                                            "Actual Loops": 1
                                        },
                                        {
                                            "Worker Number": 2,
                                            "Actual Startup Time": 3102.684,
                                            "Actual Total Time": 3268.383,
                                            "Actual Rows": 8110,
                                            "Actual Loops": 1
                                        },
                                        {
                                            "Worker Number": 3,
                                            "Actual Startup Time": 3101.727,
                                            "Actual Total Time": 3268.649,
                                            "Actual Rows": 9666,
                                            "Actual Loops": 1
                                        }
                                    ],
                                    "Plans": [
                                        {
                                            "Node Type": "Seq Scan",
                                            "Parent Relationship": "Outer",
                                            "Parallel Aware": true,
                                            "Relation Name": "title",
                                            "Schema": "public",
                                            "Alias": "t",
                                            "Startup Cost": 0.0,
                                            "Total Cost": 42319.06,
                                            "Plan Rows": 632106,
                                            "Plan Width": 4,
                                            "Actual Startup Time": 0.025,
                                            "Actual Total Time": 87.327,
                                            "Actual Rows": 505662,
                                            "Actual Loops": 5,
                                            "Output": [
                                                "t.id",
                                                "t.title",
                                                "t.imdb_index",
                                                "t.kind_id",
                                                "t.production_year",
                                                "t.imdb_id",
                                                "t.phonetic_code",
                                                "t.episode_of_id",
                                                "t.season_nr",
                                                "t.episode_nr",
                                                "t.series_years",
                                                "t.md5sum"
                                            ],
                                            "Workers": [
                                                {
                                                    "Worker Number": 0,
                                                    "Actual Startup Time": 0.021,
                                                    "Actual Total Time": 86.409,
                                                    "Actual Rows": 711047,
                                                    "Actual Loops": 1
                                                },
                                                {
                                                    "Worker Number": 1,
                                                    "Actual Startup Time": 0.035,
                                                    "Actual Total Time": 89.929,
                                                    "Actual Rows": 419842,
                                                    "Actual Loops": 1
                                                },
                                                {
                                                    "Worker Number": 2,
                                                    "Actual Startup Time": 0.031,
                                                    "Actual Total Time": 87.927,
                                                    "Actual Rows": 457019,
                                                    "Actual Loops": 1
                                                },
                                                {
                                                    "Worker Number": 3,
                                                    "Actual Startup Time": 0.023,
                                                    "Actual Total Time": 86.511,
                                                    "Actual Rows": 475738,
                                                    "Actual Loops": 1
                                                }
                                            ]
                                        },
                                        {
                                            "Node Type": "Hash",
                                            "Parent Relationship": "Inner",
                                            "Parallel Aware": true,
                                            "Startup Cost": 478369.87,
                                            "Total Cost": 478369.87,
                                            "Plan Rows": 1,
                                            "Plan Width": 27,
                                            "Actual Startup Time": 3101.762,
                                            "Actual Total Time": 3101.819,
                                            "Actual Rows": 9995,
                                            "Actual Loops": 5,
                                            "Output": [
                                                "ci.movie_id",
                                                "mc.movie_id",
                                                "mk.movie_id",
                                                "n.name"
                                            ],
                                            "Hash Buckets": 65536,
                                            "Original Hash Buckets": 1024,
                                            "Hash Batches": 1,
                                            "Original Hash Batches": 1,
                                            "Peak Memory Usage": 4248,
                                            "Workers": [
                                                {
                                                    "Worker Number": 0,
                                                    "Actual Startup Time": 3099.632,
                                                    "Actual Total Time": 3099.644,
                                                    "Actual Rows": 13775,
                                                    "Actual Loops": 1
                                                },
                                                {
                                                    "Worker Number": 1,
                                                    "Actual Startup Time": 3099.188,
                                                    "Actual Total Time": 3099.206,
                                                    "Actual Rows": 8207,
                                                    "Actual Loops": 1
                                                },
                                                {
                                                    "Worker Number": 2,
                                                    "Actual Startup Time": 3100.335,
                                                    "Actual Total Time": 3100.351,
                                                    "Actual Rows": 8266,
                                                    "Actual Loops": 1
                                                },
                                                {
                                                    "Worker Number": 3,
                                                    "Actual Startup Time": 3100.392,
                                                    "Actual Total Time": 3100.407,
                                                    "Actual Rows": 9911,
                                                    "Actual Loops": 1
                                                }
                                            ],
                                            "Plans": [
                                                {
                                                    "Node Type": "Hash Join",
                                                    "Parent Relationship": "Outer",
                                                    "Parallel Aware": true,
                                                    "Join Type": "Inner",
                                                    "Startup Cost": 473474.15,
                                                    "Total Cost": 478369.87,
                                                    "Plan Rows": 1,
                                                    "Plan Width": 27,
                                                    "Actual Startup Time": 3073.853,
                                                    "Actual Total Time": 3092.449,
                                                    "Actual Rows": 9995,
                                                    "Actual Loops": 5,
                                                    "Output": [
                                                        "ci.movie_id",
                                                        "mc.movie_id",
                                                        "mk.movie_id",
                                                        "n.name"
                                                    ],
                                                    "Inner Unique": false,
                                                    "Hash Cond": "(cn.id = mc.company_id)",
                                                    "Workers": [
                                                        {
                                                            "Worker Number": 0,
                                                            "Actual Startup Time": 3071.652,
                                                            "Actual Total Time": 3090.334,
                                                            "Actual Rows": 13775,
                                                            "Actual Loops": 1
                                                        },
                                                        {
                                                            "Worker Number": 1,
                                                            "Actual Startup Time": 3071.277,
                                                            "Actual Total Time": 3089.021,
                                                            "Actual Rows": 8207,
                                                            "Actual Loops": 1
                                                        },
                                                        {
                                                            "Worker Number": 2,
                                                            "Actual Startup Time": 3072.391,
                                                            "Actual Total Time": 3090.557,
                                                            "Actual Rows": 8266,
                                                            "Actual Loops": 1
                                                        },
                                                        {
                                                            "Worker Number": 3,
                                                            "Actual Startup Time": 3072.521,
                                                            "Actual Total Time": 3091.604,
                                                            "Actual Rows": 9911,
                                                            "Actual Loops": 1
                                                        }
                                                    ],
                                                    "Plans": [
                                                        {
                                                            "Node Type": "Seq Scan",
                                                            "Parent Relationship": "Outer",
                                                            "Parallel Aware": true,
                                                            "Relation Name": "company_name",
                                                            "Schema": "public",
                                                            "Alias": "cn",
                                                            "Startup Cost": 0.0,
                                                            "Total Cost": 4377.34,
                                                            "Plan Rows": 138234,
                                                            "Plan Width": 4,
                                                            "Actual Startup Time": 0.026,
                                                            "Actual Total Time": 7.836,
                                                            "Actual Rows": 46999,
                                                            "Actual Loops": 5,
                                                            "Output": [
                                                                "cn.id",
                                                                "cn.name",
                                                                "cn.country_code",
                                                                "cn.imdb_id",
                                                                "cn.name_pcode_nf",
                                                                "cn.name_pcode_sf",
                                                                "cn.md5sum"
                                                            ],
                                                            "Workers": [
                                                                {
                                                                    "Worker Number": 0,
                                                                    "Actual Startup Time": 0.026,
                                                                    "Actual Total Time": 7.972,
                                                                    "Actual Rows": 67017,
                                                                    "Actual Loops": 1
                                                                },
                                                                {
                                                                    "Worker Number": 1,
                                                                    "Actual Startup Time": 0.033,
                                                                    "Actual Total Time": 7.309,
                                                                    "Actual Rows": 34395,
                                                                    "Actual Loops": 1
                                                                },
                                                                {
                                                                    "Worker Number": 2,
                                                                    "Actual Startup Time": 0.031,
                                                                    "Actual Total Time": 8.081,
                                                                    "Actual Rows": 42824,
                                                                    "Actual Loops": 1
                                                                },
                                                                {
                                                                    "Worker Number": 3,
                                                                    "Actual Startup Time": 0.029,
                                                                    "Actual Total Time": 7.932,
                                                                    "Actual Rows": 47794,
                                                                    "Actual Loops": 1
                                                                }
                                                            ]
                                                        },
                                                        {
                                                            "Node Type": "Hash",
                                                            "Parent Relationship": "Inner",
                                                            "Parallel Aware": true,
                                                            "Startup Cost": 473474.14,
                                                            "Total Cost": 473474.14,
                                                            "Plan Rows": 1,
                                                            "Plan Width": 31,
                                                            "Actual Startup Time": 3073.581,
                                                            "Actual Total Time": 3073.636,
                                                            "Actual Rows": 9995,
                                                            "Actual Loops": 5,
                                                            "Output": [
                                                                "ci.movie_id",
                                                                "mc.movie_id",
                                                                "mc.company_id",
                                                                "mk.movie_id",
                                                                "n.name"
                                                            ],
                                                            "Hash Buckets": 65536,
                                                            "Original Hash Buckets": 1024,
                                                            "Hash Batches": 1,
                                                            "Original Hash Batches": 1,
                                                            "Peak Memory Usage": 4472,
                                                            "Workers": [
                                                                {
                                                                    "Worker Number": 0,
                                                                    "Actual Startup Time": 3071.532,
                                                                    "Actual Total Time": 3071.543,
                                                                    "Actual Rows": 13973,
                                                                    "Actual Loops": 1
                                                                },
                                                                {
                                                                    "Worker Number": 1,
                                                                    "Actual Startup Time": 3070.958,
                                                                    "Actual Total Time": 3070.975,
                                                                    "Actual Rows": 8650,
                                                                    "Actual Loops": 1
                                                                },
                                                                {
                                                                    "Worker Number": 2,
                                                                    "Actual Startup Time": 3072.071,
                                                                    "Actual Total Time": 3072.086,
                                                                    "Actual Rows": 9613,
                                                                    "Actual Loops": 1
                                                                },
                                                                {
                                                                    "Worker Number": 3,
                                                                    "Actual Startup Time": 3072.218,
                                                                    "Actual Total Time": 3072.23,
                                                                    "Actual Rows": 9006,
                                                                    "Actual Loops": 1
                                                                }
                                                            ],
                                                            "Plans": [
                                                                {
                                                                    "Node Type": "Hash Join",
                                                                    "Parent Relationship": "Outer",
                                                                    "Parallel Aware": true,
                                                                    "Join Type": "Inner",
                                                                    "Startup Cost": 443111.38,
                                                                    "Total Cost": 473474.14,
                                                                    "Plan Rows": 1,
                                                                    "Plan Width": 31,
                                                                    "Actual Startup Time": 2928.2,
                                                                    "Actual Total Time": 3060.468,
                                                                    "Actual Rows": 9995,
                                                                    "Actual Loops": 5,
                                                                    "Output": [
                                                                        "ci.movie_id",
                                                                        "mc.movie_id",
                                                                        "mc.company_id",
                                                                        "mk.movie_id",
                                                                        "n.name"
                                                                    ],
                                                                    "Inner Unique": false,
                                                                    "Hash Cond": "(mc.movie_id = ci.movie_id)",
                                                                    "Workers": [
                                                                        {
                                                                            "Worker Number": 0,
                                                                            "Actual Startup Time": 2925.633,
                                                                            "Actual Total Time": 3059.328,
                                                                            "Actual Rows": 13973,
                                                                            "Actual Loops": 1
                                                                        },
                                                                        {
                                                                            "Worker Number": 1,
                                                                            "Actual Startup Time": 2925.765,
                                                                            "Actual Total Time": 3058.277,
                                                                            "Actual Rows": 8650,
                                                                            "Actual Loops": 1
                                                                        },
                                                                        {
                                                                            "Worker Number": 2,
                                                                            "Actual Startup Time": 2926.81,
                                                                            "Actual Total Time": 3058.502,
                                                                            "Actual Rows": 9613,
                                                                            "Actual Loops": 1
                                                                        },
                                                                        {
                                                                            "Worker Number": 3,
                                                                            "Actual Startup Time": 2926.728,
                                                                            "Actual Total Time": 3059.19,
                                                                            "Actual Rows": 9006,
                                                                            "Actual Loops": 1
                                                                        }
                                                                    ],
                                                                    "Plans": [
                                                                        {
                                                                            "Node Type": "Seq Scan",
                                                                            "Parent Relationship": "Outer",
                                                                            "Parallel Aware": true,
                                                                            "Relation Name": "movie_companies",
                                                                            "Schema": "public",
                                                                            "Alias": "mc",
                                                                            "Startup Cost": 0.0,
                                                                            "Total Cost": 27206.55,
                                                                            "Plan Rows": 841655,
                                                                            "Plan Width": 8,
                                                                            "Actual Startup Time": 0.03,
                                                                            "Actual Total Time": 64.437,
                                                                            "Actual Rows": 521826,
                                                                            "Actual Loops": 5,
                                                                            "Output": [
                                                                                "mc.id",
                                                                                "mc.movie_id",
                                                                                "mc.company_id",
                                                                                "mc.company_type_id",
                                                                                "mc.note"
                                                                            ],
                                                                            "Workers": [
                                                                                {
                                                                                    "Worker Number": 0,
                                                                                    "Actual Startup Time": 0.031,
                                                                                    "Actual Total Time": 66.39,
                                                                                    "Actual Rows": 755857,
                                                                                    "Actual Loops": 1
                                                                                },
                                                                                {
                                                                                    "Worker Number": 1,
                                                                                    "Actual Startup Time": 0.044,
                                                                                    "Actual Total Time": 67.352,
                                                                                    "Actual Rows": 442734,
                                                                                    "Actual Loops": 1
                                                                                },
                                                                                {
                                                                                    "Worker Number": 2,
                                                                                    "Actual Startup Time": 0.03,
                                                                                    "Actual Total Time": 65.099,
                                                                                    "Actual Rows": 454573,
                                                                                    "Actual Loops": 1
                                                                                },
                                                                                {
                                                                                    "Worker Number": 3,
                                                                                    "Actual Startup Time": 0.031,
                                                                                    "Actual Total Time": 61.777,
                                                                                    "Actual Rows": 488993,
                                                                                    "Actual Loops": 1
                                                                                }
                                                                            ]
                                                                        },
                                                                        {
                                                                            "Node Type": "Hash",
                                                                            "Parent Relationship": "Inner",
                                                                            "Parallel Aware": true,
                                                                            "Startup Cost": 443111.37,
                                                                            "Total Cost": 443111.37,
                                                                            "Plan Rows": 1,
                                                                            "Plan Width": 23,
                                                                            "Actual Startup Time": 2927.49,
                                                                            "Actual Total Time": 2927.542,
                                                                            "Actual Rows": 1100,
                                                                            "Actual Loops": 5,
                                                                            "Output": [
                                                                                "ci.movie_id",
                                                                                "mk.movie_id",
                                                                                "n.name"
                                                                            ],
                                                                            "Hash Buckets": 4096,
                                                                            "Original Hash Buckets": 1024,
                                                                            "Hash Batches": 1,
                                                                            "Original Hash Batches": 1,
                                                                            "Peak Memory Usage": 440,
                                                                            "Workers": [
                                                                                {
                                                                                    "Worker Number": 0,
                                                                                    "Actual Startup Time": 2925.41,
                                                                                    "Actual Total Time": 2925.418,
                                                                                    "Actual Rows": 2145,
                                                                                    "Actual Loops": 1
                                                                                },
                                                                                {
                                                                                    "Worker Number": 1,
                                                                                    "Actual Startup Time": 2924.949,
                                                                                    "Actual Total Time": 2924.962,
                                                                                    "Actual Rows": 848,
                                                                                    "Actual Loops": 1
                                                                                },
                                                                                {
                                                                                    "Worker Number": 2,
                                                                                    "Actual Startup Time": 2925.926,
                                                                                    "Actual Total Time": 2925.936,
                                                                                    "Actual Rows": 843,
                                                                                    "Actual Loops": 1
                                                                                },
                                                                                {
                                                                                    "Worker Number": 3,
                                                                                    "Actual Startup Time": 2926.063,
                                                                                    "Actual Total Time": 2926.073,
                                                                                    "Actual Rows": 829,
                                                                                    "Actual Loops": 1
                                                                                }
                                                                            ],
                                                                            "Plans": [
                                                                                {
                                                                                    "Node Type": "Hash Join",
                                                                                    "Parent Relationship": "Outer",
                                                                                    "Parallel Aware": true,
                                                                                    "Join Type": "Inner",
                                                                                    "Startup Cost": 114142.44,
                                                                                    "Total Cost": 443111.37,
                                                                                    "Plan Rows": 1,
                                                                                    "Plan Width": 23,
                                                                                    "Actual Startup Time": 451.287,
                                                                                    "Actual Total Time": 1966.735,
                                                                                    "Actual Rows": 1100,
                                                                                    "Actual Loops": 5,
                                                                                    "Output": [
                                                                                        "ci.movie_id",
                                                                                        "mk.movie_id",
                                                                                        "n.name"
                                                                                    ],
                                                                                    "Inner Unique": false,
                                                                                    "Hash Cond": "(ci.movie_id = mk.movie_id)",
                                                                                    "Workers": [
                                                                                        {
                                                                                            "Worker Number": 0,
                                                                                            "Actual Startup Time": 452.186,
                                                                                            "Actual Total Time": 2922.846,
                                                                                            "Actual Rows": 2145,
                                                                                            "Actual Loops": 1
                                                                                        },
                                                                                        {
                                                                                            "Worker Number": 1,
                                                                                            "Actual Startup Time": 446.547,
                                                                                            "Actual Total Time": 1699.759,
                                                                                            "Actual Rows": 848,
                                                                                            "Actual Loops": 1
                                                                                        },
                                                                                        {
                                                                                            "Worker Number": 2,
                                                                                            "Actual Startup Time": 449.605,
                                                                                            "Actual Total Time": 1705.312,
                                                                                            "Actual Rows": 843,
                                                                                            "Actual Loops": 1
                                                                                        },
                                                                                        {
                                                                                            "Worker Number": 3,
                                                                                            "Actual Startup Time": 451.601,
                                                                                            "Actual Total Time": 1610.74,
                                                                                            "Actual Rows": 829,
                                                                                            "Actual Loops": 1
                                                                                        }
                                                                                    ],
                                                                                    "Plans": [
                                                                                        {
                                                                                            "Node Type": "Hash Join",
                                                                                            "Parent Relationship": "Outer",
                                                                                            "Parallel Aware": true,
                                                                                            "Join Type": "Inner",
                                                                                            "Startup Cost": 68637.98,
                                                                                            "Total Cost": 397604.62,
                                                                                            "Plan Rows": 604,
                                                                                            "Plan Width": 19,
                                                                                            "Actual Startup Time": 199.823,
                                                                                            "Actual Total Time": 1702.182,
                                                                                            "Actual Rows": 48301,
                                                                                            "Actual Loops": 5,
                                                                                            "Output": [
                                                                                                "ci.movie_id",
                                                                                                "n.name"
                                                                                            ],
                                                                                            "Inner Unique": true,
                                                                                            "Hash Cond": "(ci.person_id = n.id)",
                                                                                            "Workers": [
                                                                                                {
                                                                                                    "Worker Number": 0,
                                                                                                    "Actual Startup Time": 199.987,
                                                                                                    "Actual Total Time": 2647.817,
                                                                                                    "Actual Rows": 102666,
                                                                                                    "Actual Loops": 1
                                                                                                },
                                                                                                {
                                                                                                    "Worker Number": 1,
                                                                                                    "Actual Startup Time": 200.002,
                                                                                                    "Actual Total Time": 1440.284,
                                                                                                    "Actual Rows": 32726,
                                                                                                    "Actual Loops": 1
                                                                                                },
                                                                                                {
                                                                                                    "Worker Number": 2,
                                                                                                    "Actual Startup Time": 199.55,
                                                                                                    "Actual Total Time": 1445.853,
                                                                                                    "Actual Rows": 34820,
                                                                                                    "Actual Loops": 1
                                                                                                },
                                                                                                {
                                                                                                    "Worker Number": 3,
                                                                                                    "Actual Startup Time": 199.744,
                                                                                                    "Actual Total Time": 1352.242,
                                                                                                    "Actual Rows": 31687,
                                                                                                    "Actual Loops": 1
                                                                                                }
                                                                                            ],
                                                                                            "Plans": [
                                                                                                {
                                                                                                    "Node Type": "Seq Scan",
                                                                                                    "Parent Relationship": "Outer",
                                                                                                    "Parallel Aware": true,
                                                                                                    "Relation Name": "cast_info",
                                                                                                    "Schema": "public",
                                                                                                    "Alias": "ci",
                                                                                                    "Startup Cost": 0.0,
                                                                                                    "Total Cost": 313106.51,
                                                                                                    "Plan Rows": 6041951,
                                                                                                    "Plan Width": 8,
                                                                                                    "Actual Startup Time": 0.011,
                                                                                                    "Actual Total Time": 784.141,
                                                                                                    "Actual Rows": 7248869,
                                                                                                    "Actual Loops": 5,
                                                                                                    "Output": [
                                                                                                        "ci.id",
                                                                                                        "ci.person_id",
                                                                                                        "ci.movie_id",
                                                                                                        "ci.person_role_id",
                                                                                                        "ci.note",
                                                                                                        "ci.nr_order",
                                                                                                        "ci.role_id"
                                                                                                    ],
                                                                                                    "Workers": [
                                                                                                        {
                                                                                                            "Worker Number": 0,
                                                                                                            "Actual Startup Time": 0.007,
                                                                                                            "Actual Total Time": 1264.303,
                                                                                                            "Actual Rows": 16223496,
                                                                                                            "Actual Loops": 1
                                                                                                        },
                                                                                                        {
                                                                                                            "Worker Number": 1,
                                                                                                            "Actual Startup Time": 0.011,
                                                                                                            "Actual Total Time": 671.353,
                                                                                                            "Actual Rows": 4677433,
                                                                                                            "Actual Loops": 1
                                                                                                        },
                                                                                                        {
                                                                                                            "Worker Number": 2,
                                                                                                            "Actual Startup Time": 0.01,
                                                                                                            "Actual Total Time": 657.651,
                                                                                                            "Actual Rows": 4870464,
                                                                                                            "Actual Loops": 1
                                                                                                        },
                                                                                                        {
                                                                                                            "Worker Number": 3,
                                                                                                            "Actual Startup Time": 0.009,
                                                                                                            "Actual Total Time": 597.875,
                                                                                                            "Actual Rows": 4639413,
                                                                                                            "Actual Loops": 1
                                                                                                        }
                                                                                                    ]
                                                                                                },
                                                                                                {
                                                                                                    "Node Type": "Hash",
                                                                                                    "Parent Relationship": "Inner",
                                                                                                    "Parallel Aware": true,
                                                                                                    "Startup Cost": 68636.68,
                                                                                                    "Total Cost": 68636.68,
                                                                                                    "Plan Rows": 104,
                                                                                                    "Plan Width": 19,
                                                                                                    "Actual Startup Time": 199.343,
                                                                                                    "Actual Total Time": 199.344,
                                                                                                    "Actual Rows": 6109,
                                                                                                    "Actual Loops": 5,
                                                                                                    "Output": [
                                                                                                        "n.name",
                                                                                                        "n.id"
                                                                                                    ],
                                                                                                    "Hash Buckets": 32768,
                                                                                                    "Original Hash Buckets": 1024,
                                                                                                    "Hash Batches": 1,
                                                                                                    "Original Hash Batches": 1,
                                                                                                    "Peak Memory Usage": 2264,
                                                                                                    "Workers": [
                                                                                                        {
                                                                                                            "Worker Number": 0,
                                                                                                            "Actual Startup Time": 199.344,
                                                                                                            "Actual Total Time": 199.345,
                                                                                                            "Actual Rows": 8950,
                                                                                                            "Actual Loops": 1
                                                                                                        },
                                                                                                        {
                                                                                                            "Worker Number": 1,
                                                                                                            "Actual Startup Time": 199.341,
                                                                                                            "Actual Total Time": 199.342,
                                                                                                            "Actual Rows": 4890,
                                                                                                            "Actual Loops": 1
                                                                                                        },
                                                                                                        {
                                                                                                            "Worker Number": 2,
                                                                                                            "Actual Startup Time": 199.336,
                                                                                                            "Actual Total Time": 199.337,
                                                                                                            "Actual Rows": 5546,
                                                                                                            "Actual Loops": 1
                                                                                                        },
                                                                                                        {
                                                                                                            "Worker Number": 3,
                                                                                                            "Actual Startup Time": 199.331,
                                                                                                            "Actual Total Time": 199.333,
                                                                                                            "Actual Rows": 5534,
                                                                                                            "Actual Loops": 1
                                                                                                        }
                                                                                                    ],
                                                                                                    "Plans": [
                                                                                                        {
                                                                                                            "Node Type": "Seq Scan",
                                                                                                            "Parent Relationship": "Outer",
                                                                                                            "Parallel Aware": true,
                                                                                                            "Relation Name": "name",
                                                                                                            "Schema": "public",
                                                                                                            "Alias": "n",
                                                                                                            "Startup Cost": 0.0,
                                                                                                            "Total Cost": 68636.68,
                                                                                                            "Plan Rows": 104,
                                                                                                            "Plan Width": 19,
                                                                                                            "Actual Startup Time": 0.046,
                                                                                                            "Actual Total Time": 169.151,
                                                                                                            "Actual Rows": 6109,
                                                                                                            "Actual Loops": 5,
                                                                                                            "Output": [
                                                                                                                "n.name",
                                                                                                                "n.id"
                                                                                                            ],
                                                                                                            "Filter": "(n.name ~~ '%Alex%'::text)",
                                                                                                            "Rows Removed by Filter": 827389,
                                                                                                            "Workers": [
                                                                                                                {
                                                                                                                    "Worker Number": 0,
                                                                                                                    "Actual Startup Time": 0.041,
                                                                                                                    "Actual Total Time": 173.512,
                                                                                                                    "Actual Rows": 8950,
                                                                                                                    "Actual Loops": 1
                                                                                                                },
                                                                                                                {
                                                                                                                    "Worker Number": 1,
                                                                                                                    "Actual Startup Time": 0.035,
                                                                                                                    "Actual Total Time": 158.027,
                                                                                                                    "Actual Rows": 4890,
                                                                                                                    "Actual Loops": 1
                                                                                                                },
                                                                                                                {
                                                                                                                    "Worker Number": 2,
                                                                                                                    "Actual Startup Time": 0.046,
                                                                                                                    "Actual Total Time": 170.928,
                                                                                                                    "Actual Rows": 5546,
                                                                                                                    "Actual Loops": 1
                                                                                                                },
                                                                                                                {
                                                                                                                    "Worker Number": 3,
                                                                                                                    "Actual Startup Time": 0.086,
                                                                                                                    "Actual Total Time": 171.385,
                                                                                                                    "Actual Rows": 5534,
                                                                                                                    "Actual Loops": 1
                                                                                                                }
                                                                                                            ]
                                                                                                        }
                                                                                                    ]
                                                                                                }
                                                                                            ]
                                                                                        },
                                                                                        {
                                                                                            "Node Type": "Hash",
                                                                                            "Parent Relationship": "Inner",
                                                                                            "Parallel Aware": true,
                                                                                            "Startup Cost": 45504.33,
                                                                                            "Total Cost": 45504.33,
                                                                                            "Plan Rows": 11,
                                                                                            "Plan Width": 4,
                                                                                            "Actual Startup Time": 249.018,
                                                                                            "Actual Total Time": 249.022,
                                                                                            "Actual Rows": 8368,
                                                                                            "Actual Loops": 5,
                                                                                            "Output": [
                                                                                                "mk.movie_id"
                                                                                            ],
                                                                                            "Hash Buckets": 65536,
                                                                                            "Original Hash Buckets": 1024,
                                                                                            "Hash Batches": 1,
                                                                                            "Original Hash Batches": 1,
                                                                                            "Peak Memory Usage": 2744,
                                                                                            "Workers": [
                                                                                                {
                                                                                                    "Worker Number": 0,
                                                                                                    "Actual Startup Time": 246.918,
                                                                                                    "Actual Total Time": 246.921,
                                                                                                    "Actual Rows": 9592,
                                                                                                    "Actual Loops": 1
                                                                                                },
                                                                                                {
                                                                                                    "Worker Number": 1,
                                                                                                    "Actual Startup Time": 246.455,
                                                                                                    "Actual Total Time": 246.459,
                                                                                                    "Actual Rows": 7338,
                                                                                                    "Actual Loops": 1
                                                                                                },
                                                                                                {
                                                                                                    "Worker Number": 2,
                                                                                                    "Actual Startup Time": 247.515,
                                                                                                    "Actual Total Time": 247.518,
                                                                                                    "Actual Rows": 7486,
                                                                                                    "Actual Loops": 1
                                                                                                },
                                                                                                {
                                                                                                    "Worker Number": 3,
                                                                                                    "Actual Startup Time": 247.678,
                                                                                                    "Actual Total Time": 247.681,
                                                                                                    "Actual Rows": 8325,
                                                                                                    "Actual Loops": 1
                                                                                                }
                                                                                            ],
                                                                                            "Plans": [
                                                                                                {
                                                                                                    "Node Type": "Hash Join",
                                                                                                    "Parent Relationship": "Outer",
                                                                                                    "Parallel Aware": false,
                                                                                                    "Join Type": "Inner",
                                                                                                    "Startup Cost": 2626.14,
                                                                                                    "Total Cost": 45504.33,
                                                                                                    "Plan Rows": 11,
                                                                                                    "Plan Width": 4,
                                                                                                    "Actual Startup Time": 23.868,
                                                                                                    "Actual Total Time": 211.05,
                                                                                                    "Actual Rows": 8368,
                                                                                                    "Actual Loops": 5,
                                                                                                    "Output": [
                                                                                                        "mk.movie_id"
                                                                                                    ],
                                                                                                    "Inner Unique": true,
                                                                                                    "Hash Cond": "(mk.keyword_id = k.id)",
                                                                                                    "Workers": [
                                                                                                        {
                                                                                                            "Worker Number": 0,
                                                                                                            "Actual Startup Time": 22.101,
                                                                                                            "Actual Total Time": 186.344,
                                                                                                            "Actual Rows": 9592,
                                                                                                            "Actual Loops": 1
                                                                                                        },
                                                                                                        {
                                                                                                            "Worker Number": 1,
                                                                                                            "Actual Startup Time": 23.357,
                                                                                                            "Actual Total Time": 206.938,
                                                                                                            "Actual Rows": 7338,
                                                                                                            "Actual Loops": 1
                                                                                                        },
                                                                                                        {
                                                                                                            "Worker Number": 2,
                                                                                                            "Actual Startup Time": 22.834,
                                                                                                            "Actual Total Time": 213.573,
                                                                                                            "Actual Rows": 7486,
                                                                                                            "Actual Loops": 1
                                                                                                        },
                                                                                                        {
                                                                                                            "Worker Number": 3,
                                                                                                            "Actual Startup Time": 23.04,
                                                                                                            "Actual Total Time": 221.182,
                                                                                                            "Actual Rows": 8325,
                                                                                                            "Actual Loops": 1
                                                                                                        }
                                                                                                    ],
                                                                                                    "Plans": [
                                                                                                        {
                                                                                                            "Node Type": "Seq Scan",
                                                                                                            "Parent Relationship": "Outer",
                                                                                                            "Parallel Aware": true,
                                                                                                            "Relation Name": "movie_keyword",
                                                                                                            "Schema": "public",
                                                                                                            "Alias": "mk",
                                                                                                            "Startup Cost": 0.0,
                                                                                                            "Total Cost": 39047.32,
                                                                                                            "Plan Rows": 1459332,
                                                                                                            "Plan Width": 8,
                                                                                                            "Actual Startup Time": 0.052,
                                                                                                            "Actual Total Time": 101.714,
                                                                                                            "Actual Rows": 904786,
                                                                                                            "Actual Loops": 5,
                                                                                                            "Output": [
                                                                                                                "mk.id",
                                                                                                                "mk.movie_id",
                                                                                                                "mk.keyword_id"
                                                                                                            ],
                                                                                                            "Workers": [
                                                                                                                {
                                                                                                                    "Worker Number": 0,
                                                                                                                    "Actual Startup Time": 0.047,
                                                                                                                    "Actual Total Time": 89.745,
                                                                                                                    "Actual Rows": 1044880,
                                                                                                                    "Actual Loops": 1
                                                                                                                },
                                                                                                                {
                                                                                                                    "Worker Number": 1,
                                                                                                                    "Actual Startup Time": 0.067,
                                                                                                                    "Actual Total Time": 102.185,
                                                                                                                    "Actual Rows": 782550,
                                                                                                                    "Actual Loops": 1
                                                                                                                },
                                                                                                                {
                                                                                                                    "Worker Number": 2,
                                                                                                                    "Actual Startup Time": 0.063,
                                                                                                                    "Actual Total Time": 103.149,
                                                                                                                    "Actual Rows": 853345,
                                                                                                                    "Actual Loops": 1
                                                                                                                },
                                                                                                                {
                                                                                                                    "Worker Number": 3,
                                                                                                                    "Actual Startup Time": 0.064,
                                                                                                                    "Actual Total Time": 107.195,
                                                                                                                    "Actual Rows": 917415,
                                                                                                                    "Actual Loops": 1
                                                                                                                }
                                                                                                            ]
                                                                                                        },
                                                                                                        {
                                                                                                            "Node Type": "Hash",
                                                                                                            "Parent Relationship": "Inner",
                                                                                                            "Parallel Aware": false,
                                                                                                            "Startup Cost": 2626.12,
                                                                                                            "Total Cost": 2626.12,
                                                                                                            "Plan Rows": 1,
                                                                                                            "Plan Width": 4,
                                                                                                            "Actual Startup Time": 23.709,
                                                                                                            "Actual Total Time": 23.709,
                                                                                                            "Actual Rows": 1,
                                                                                                            "Actual Loops": 5,
                                                                                                            "Output": [
                                                                                                                "k.id"
                                                                                                            ],
                                                                                                            "Hash Buckets": 1024,
                                                                                                            "Original Hash Buckets": 1024,
                                                                                                            "Hash Batches": 1,
                                                                                                            "Original Hash Batches": 1,
                                                                                                            "Peak Memory Usage": 9,
                                                                                                            "Workers": [
                                                                                                                {
                                                                                                                    "Worker Number": 0,
                                                                                                                    "Actual Startup Time": 22.006,
                                                                                                                    "Actual Total Time": 22.007,
                                                                                                                    "Actual Rows": 1,
                                                                                                                    "Actual Loops": 1
                                                                                                                },
                                                                                                                {
                                                                                                                    "Worker Number": 1,
                                                                                                                    "Actual Startup Time": 23.071,
                                                                                                                    "Actual Total Time": 23.073,
                                                                                                                    "Actual Rows": 1,
                                                                                                                    "Actual Loops": 1
                                                                                                                },
                                                                                                                {
                                                                                                                    "Worker Number": 2,
                                                                                                                    "Actual Startup Time": 22.708,
                                                                                                                    "Actual Total Time": 22.709,
                                                                                                                    "Actual Rows": 1,
                                                                                                                    "Actual Loops": 1
                                                                                                                },
                                                                                                                {
                                                                                                                    "Worker Number": 3,
                                                                                                                    "Actual Startup Time": 22.856,
                                                                                                                    "Actual Total Time": 22.856,
                                                                                                                    "Actual Rows": 1,
                                                                                                                    "Actual Loops": 1
                                                                                                                }
                                                                                                            ],
                                                                                                            "Plans": [
                                                                                                                {
                                                                                                                    "Node Type": "Seq Scan",
                                                                                                                    "Parent Relationship": "Outer",
                                                                                                                    "Parallel Aware": false,
                                                                                                                    "Relation Name": "keyword",
                                                                                                                    "Schema": "public",
                                                                                                                    "Alias": "k",
                                                                                                                    "Startup Cost": 0.0,
                                                                                                                    "Total Cost": 2626.12,
                                                                                                                    "Plan Rows": 1,
                                                                                                                    "Plan Width": 4,
                                                                                                                    "Actual Startup Time": 1.689,
                                                                                                                    "Actual Total Time": 23.687,
                                                                                                                    "Actual Rows": 1,
                                                                                                                    "Actual Loops": 5,
                                                                                                                    "Output": [
                                                                                                                        "k.id"
                                                                                                                    ],
                                                                                                                    "Filter": "(k.keyword = 'character-name-in-title'::text)",
                                                                                                                    "Rows Removed by Filter": 134169,
                                                                                                                    "Workers": [
                                                                                                                        {
                                                                                                                            "Worker Number": 0,
                                                                                                                            "Actual Startup Time": 1.47,
                                                                                                                            "Actual Total Time": 21.989,
                                                                                                                            "Actual Rows": 1,
                                                                                                                            "Actual Loops": 1
                                                                                                                        },
                                                                                                                        {
                                                                                                                            "Worker Number": 1,
                                                                                                                            "Actual Startup Time": 1.627,
                                                                                                                            "Actual Total Time": 23.053,
                                                                                                                            "Actual Rows": 1,
                                                                                                                            "Actual Loops": 1
                                                                                                                        },
                                                                                                                        {
                                                                                                                            "Worker Number": 2,
                                                                                                                            "Actual Startup Time": 1.62,
                                                                                                                            "Actual Total Time": 22.674,
                                                                                                                            "Actual Rows": 1,
                                                                                                                            "Actual Loops": 1
                                                                                                                        },
                                                                                                                        {
                                                                                                                            "Worker Number": 3,
                                                                                                                            "Actual Startup Time": 1.697,
                                                                                                                            "Actual Total Time": 22.839,
                                                                                                                            "Actual Rows": 1,
                                                                                                                            "Actual Loops": 1
                                                                                                                        }
                                                                                                                    ]
                                                                                                                }
                                                                                                            ]
                                                                                                        }
                                                                                                    ]
                                                                                                }
                                                                                            ]
                                                                                        }
                                                                                    ]
                                                                                }
                                                                            ]
                                                                        }
                                                                    ]
                                                                }
                                                            ]
                                                        }
                                                    ]
                                                }
                                            ]
                                        }
                                    ]
                                }
                            ]
                        }
                    ]
                }
            ]
        },
        "Planning Time": 2043.449,
        "Triggers": [],
        "Execution Time": 3378.807
    }
]