{
    "Plan": {
        "Node Type": "Aggregate",
        "Strategy": "Plain",
        "Partial Mode": "Finalize",
        "Parallel Aware": false,
        "Startup Cost": 391662.15,
        "Total Cost": 391662.16,
        "Plan Rows": 1,
        "Plan Width": 8,
        "Actual Startup Time": 787.465,
        "Actual Total Time": 825.388,
        "Actual Rows": 1,
        "Actual Loops": 1,
        "Output": [
            "count(*)"
        ],
        "Plans": [
            {
                "Node Type": "Gather",
                "Parent Relationship": "Outer",
                "Parallel Aware": false,
                "Startup Cost": 391661.53,
                "Total Cost": 391662.14,
                "Plan Rows": 6,
                "Plan Width": 8,
                "Actual Startup Time": 783.051,
                "Actual Total Time": 825.377,
                "Actual Rows": 7,
                "Actual Loops": 1,
                "Output": [
                    "(PARTIAL count(*))"
                ],
                "Workers Planned": 6,
                "Workers Launched": 6,
                "Single Copy": false,
                "Plans": [
                    {
                        "Node Type": "Aggregate",
                        "Strategy": "Plain",
                        "Partial Mode": "Partial",
                        "Parent Relationship": "Outer",
                        "Parallel Aware": false,
                        "Startup Cost": 390661.53,
                        "Total Cost": 390661.54,
                        "Plan Rows": 1,
                        "Plan Width": 8,
                        "Actual Startup Time": 772.896,
                        "Actual Total Time": 772.9,
                        "Actual Rows": 1,
                        "Actual Loops": 7,
                        "Output": [
                            "PARTIAL count(*)"
                        ],
                        "Workers": [
                            {
                                "Worker Number": 0,
                                "Actual Startup Time": 769.466,
                                "Actual Total Time": 769.47,
                                "Actual Rows": 1,
                                "Actual Loops": 1
                            },
                            {
                                "Worker Number": 1,
                                "Actual Startup Time": 773.551,
                                "Actual Total Time": 773.556,
                                "Actual Rows": 1,
                                "Actual Loops": 1
                            },
                            {
                                "Worker Number": 2,
                                "Actual Startup Time": 770.729,
                                "Actual Total Time": 770.732,
                                "Actual Rows": 1,
                                "Actual Loops": 1
                            },
                            {
                                "Worker Number": 3,
                                "Actual Startup Time": 771.362,
                                "Actual Total Time": 771.365,
                                "Actual Rows": 1,
                                "Actual Loops": 1
                            },
                            {
                                "Worker Number": 4,
                                "Actual Startup Time": 770.928,
                                "Actual Total Time": 770.931,
                                "Actual Rows": 1,
                                "Actual Loops": 1
                            },
                            {
                                "Worker Number": 5,
                                "Actual Startup Time": 772.15,
                                "Actual Total Time": 772.153,
                                "Actual Rows": 1,
                                "Actual Loops": 1
                            }
                        ],
                        "Plans": [
                            {
                                "Node Type": "Hash Join",
                                "Parent Relationship": "Outer",
                                "Parallel Aware": true,
                                "Join Type": "Inner",
                                "Startup Cost": 46616.67,
                                "Total Cost": 390513.16,
                                "Plan Rows": 59346,
                                "Plan Width": 0,
                                "Actual Startup Time": 113.067,
                                "Actual Total Time": 763.758,
                                "Actual Rows": 161203,
                                "Actual Loops": 7,
                                "Inner Unique": true,
                                "Hash Cond": "(ci.movie_id = t.id)",
                                "Workers": [
                                    {
                                        "Worker Number": 0,
                                        "Actual Startup Time": 109.798,
                                        "Actual Total Time": 759.852,
                                        "Actual Rows": 137151,
                                        "Actual Loops": 1
                                    },
                                    {
                                        "Worker Number": 1,
                                        "Actual Startup Time": 113.865,
                                        "Actual Total Time": 764.186,
                                        "Actual Rows": 133688,
                                        "Actual Loops": 1
                                    },
                                    {
                                        "Worker Number": 2,
                                        "Actual Startup Time": 111.124,
                                        "Actual Total Time": 761.797,
                                        "Actual Rows": 127882,
                                        "Actual Loops": 1
                                    },
                                    {
                                        "Worker Number": 3,
                                        "Actual Startup Time": 111.197,
                                        "Actual Total Time": 762.893,
                                        "Actual Rows": 187854,
                                        "Actual Loops": 1
                                    },
                                    {
                                        "Worker Number": 4,
                                        "Actual Startup Time": 111.143,
                                        "Actual Total Time": 762.306,
                                        "Actual Rows": 191252,
                                        "Actual Loops": 1
                                    },
                                    {
                                        "Worker Number": 5,
                                        "Actual Startup Time": 112.156,
                                        "Actual Total Time": 763.892,
                                        "Actual Rows": 189282,
                                        "Actual Loops": 1
                                    }
                                ],
                                "Plans": [
                                    {
                                        "Node Type": "Index Scan",
                                        "Parent Relationship": "Outer",
                                        "Parallel Aware": true,
                                        "Scan Direction": "Forward",
                                        "Index Name": "role_id_cast_info",
                                        "Relation Name": "cast_info",
                                        "Schema": "public",
                                        "Alias": "ci",
                                        "Startup Cost": 0.56,
                                        "Total Cost": 342814.42,
                                        "Plan Rows": 412431,
                                        "Plan Width": 4,
                                        "Actual Startup Time": 0.258,
                                        "Actual Total Time": 460.119,
                                        "Actual Rows": 747623,
                                        "Actual Loops": 7,
                                        "Output": [
                                            "ci.id",
                                            "ci.person_id",
                                            "ci.movie_id",
                                            "ci.person_role_id",
                                            "ci.note",
                                            "ci.nr_order",
                                            "ci.role_id"
                                        ],
                                        "Index Cond": "(ci.role_id < 2)",
                                        "Rows Removed by Index Recheck": 0,
                                        "Filter": "(ci.person_id < 701589)",
                                        "Rows Removed by Filter": 1062475,
                                        "Workers": [
                                            {
                                                "Worker Number": 0,
                                                "Actual Startup Time": 0.392,
                                                "Actual Total Time": 468.11,
                                                "Actual Rows": 629850,
                                                "Actual Loops": 1
                                            },
                                            {
                                                "Worker Number": 1,
                                                "Actual Startup Time": 0.322,
                                                "Actual Total Time": 463.887,
                                                "Actual Rows": 614250,
                                                "Actual Loops": 1
                                            },
                                            {
                                                "Worker Number": 2,
                                                "Actual Startup Time": 0.263,
                                                "Actual Total Time": 464.007,
                                                "Actual Rows": 614641,
                                                "Actual Loops": 1
                                            },
                                            {
                                                "Worker Number": 3,
                                                "Actual Startup Time": 0.356,
                                                "Actual Total Time": 457.67,
                                                "Actual Rows": 858729,
                                                "Actual Loops": 1
                                            },
                                            {
                                                "Worker Number": 4,
                                                "Actual Startup Time": 0.157,
                                                "Actual Total Time": 457.385,
                                                "Actual Rows": 863070,
                                                "Actual Loops": 1
                                            },
                                            {
                                                "Worker Number": 5,
                                                "Actual Startup Time": 0.118,
                                                "Actual Total Time": 462.671,
                                                "Actual Rows": 909482,
                                                "Actual Loops": 1
                                            }
                                        ]
                                    },
                                    {
                                        "Node Type": "Hash",
                                        "Parent Relationship": "Inner",
                                        "Parallel Aware": true,
                                        "Startup Cost": 45479.21,
                                        "Total Cost": 45479.21,
                                        "Plan Rows": 90952,
                                        "Plan Width": 4,
                                        "Actual Startup Time": 110.594,
                                        "Actual Total Time": 110.596,
                                        "Actual Rows": 67196,
                                        "Actual Loops": 7,
                                        "Output": [
                                            "t.id"
                                        ],
                                        "Hash Buckets": 524288,
                                        "Original Hash Buckets": 524288,
                                        "Hash Batches": 1,
                                        "Original Hash Batches": 1,
                                        "Peak Memory Usage": 22624,
                                        "Workers": [
                                            {
                                                "Worker Number": 0,
                                                "Actual Startup Time": 108.94,
                                                "Actual Total Time": 108.941,
                                                "Actual Rows": 55942,
                                                "Actual Loops": 1
                                            },
                                            {
                                                "Worker Number": 1,
                                                "Actual Startup Time": 113.185,
                                                "Actual Total Time": 113.186,
                                                "Actual Rows": 56088,
                                                "Actual Loops": 1
                                            },
                                            {
                                                "Worker Number": 2,
                                                "Actual Startup Time": 110.216,
                                                "Actual Total Time": 110.217,
                                                "Actual Rows": 55493,
                                                "Actual Loops": 1
                                            },
                                            {
                                                "Worker Number": 3,
                                                "Actual Startup Time": 110.386,
                                                "Actual Total Time": 110.388,
                                                "Actual Rows": 76929,
                                                "Actual Loops": 1
                                            },
                                            {
                                                "Worker Number": 4,
                                                "Actual Startup Time": 110.387,
                                                "Actual Total Time": 110.389,
                                                "Actual Rows": 77255,
                                                "Actual Loops": 1
                                            },
                                            {
                                                "Worker Number": 5,
                                                "Actual Startup Time": 111.629,
                                                "Actual Total Time": 111.63,
                                                "Actual Rows": 77255,
                                                "Actual Loops": 1
                                            }
                                        ],
                                        "Plans": [
                                            {
                                                "Node Type": "Seq Scan",
                                                "Parent Relationship": "Outer",
                                                "Parallel Aware": true,
                                                "Relation Name": "title",
                                                "Schema": "public",
                                                "Alias": "t",
                                                "Startup Cost": 0.0,
                                                "Total Cost": 45479.21,
                                                "Plan Rows": 90952,
                                                "Plan Width": 4,
                                                "Actual Startup Time": 0.102,
                                                "Actual Total Time": 80.009,
                                                "Actual Rows": 67196,
                                                "Actual Loops": 7,
                                                "Output": [
                                                    "t.id"
                                                ],
                                                "Filter": "((t.kind_id < 7) AND (t.production_year < 1998))",
                                                "Rows Removed by Filter": 293992,
                                                "Workers": [
                                                    {
                                                        "Worker Number": 0,
                                                        "Actual Startup Time": 0.07,
                                                        "Actual Total Time": 80.439,
                                                        "Actual Rows": 55942,
                                                        "Actual Loops": 1
                                                    },
                                                    {
                                                        "Worker Number": 1,
                                                        "Actual Startup Time": 0.051,
                                                        "Actual Total Time": 81.383,
                                                        "Actual Rows": 56088,
                                                        "Actual Loops": 1
                                                    },
                                                    {
                                                        "Worker Number": 2,
                                                        "Actual Startup Time": 0.12,
                                                        "Actual Total Time": 80.569,
                                                        "Actual Rows": 55493,
                                                        "Actual Loops": 1
                                                    },
                                                    {
                                                        "Worker Number": 3,
                                                        "Actual Startup Time": 0.118,
                                                        "Actual Total Time": 79.801,
                                                        "Actual Rows": 76929,
                                                        "Actual Loops": 1
                                                    },
                                                    {
                                                        "Worker Number": 4,
                                                        "Actual Startup Time": 0.177,
                                                        "Actual Total Time": 80.028,
                                                        "Actual Rows": 77255,
                                                        "Actual Loops": 1
                                                    },
                                                    {
                                                        "Worker Number": 5,
                                                        "Actual Startup Time": 0.133,
                                                        "Actual Total Time": 79.153,
                                                        "Actual Rows": 77255,
                                                        "Actual Loops": 1
                                                    }
                                                ]
                                            }
                                        ]
                                    }
                                ]
                            }
                        ]
                    }
                ]
            }
        ]
    },
    "Planning Time": 0.745,
    "Triggers": [],
    "Execution Time": 825.479
}