[
  {
    "Plan": {
      "Node Type": "Aggregate",
      "Strategy": "Plain",
      "Partial Mode": "Finalize",
      "Parallel Aware": false,
      "Startup Cost": 40510.27,
      "Total Cost": 40510.28,
      "Plan Rows": 1,
      "Plan Width": 8,
      "Actual Startup Time": 121.168,
      "Actual Total Time": 130.54,
      "Actual Rows": 1,
      "Actual Loops": 1,
      "Plans": [
        {
          "Node Type": "Gather",
          "Parent Relationship": "Outer",
          "Parallel Aware": false,
          "Startup Cost": 40509.95,
          "Total Cost": 40510.26,
          "Plan Rows": 3,
          "Plan Width": 8,
          "Actual Startup Time": 120.806,
          "Actual Total Time": 130.53,
          "Actual Rows": 4,
          "Actual Loops": 1,
          "Workers Planned": 3,
          "Workers Launched": 3,
          "Single Copy": false,
          "Plans": [
            {
              "Node Type": "Aggregate",
              "Strategy": "Plain",
              "Partial Mode": "Partial",
              "Parent Relationship": "Outer",
              "Parallel Aware": false,
              "Startup Cost": 39509.95,
              "Total Cost": 39509.96,
              "Plan Rows": 1,
              "Plan Width": 8,
              "Actual Startup Time": 115.224,
              "Actual Total Time": 115.226,
              "Actual Rows": 1,
              "Actual Loops": 4,
              "Plans": [
                {
                  "Node Type": "Bitmap Heap Scan",
                  "Parent Relationship": "Outer",
                  "Parallel Aware": true,
                  "Relation Name": "movie_keyword",
                  "Alias": "mk",
                  "Startup Cost": 12259.47,
                  "Total Cost": 39043.87,
                  "Plan Rows": 186432,
                  "Plan Width": 0,
                  "Actual Startup Time": 31.978,
                  "Actual Total Time": 107.223,
                  "Actual Rows": 146698,
                  "Actual Loops": 4,
                  "Recheck Cond": "(keyword_id < 423)",
                  "Rows Removed by Index Recheck": 0,
                  "Exact Heap Blocks": 9844,
                  "Lossy Heap Blocks": 0,
                  "Plans": [
                    {
                      "Node Type": "Bitmap Index Scan",
                      "Parent Relationship": "Outer",
                      "Parallel Aware": false,
                      "Index Name": "keyword_id_movie_keyword",
                      "Startup Cost": 0.0,
                      "Total Cost": 12114.98,
                      "Plan Rows": 577940,
                      "Plan Width": 0,
                      "Actual Startup Time": 33.601,
                      "Actual Total Time": 33.602,
                      "Actual Rows": 586790,
                      "Actual Loops": 1,
                      "Index Cond": "(keyword_id < 423)"
                    }
                  ]
                }
              ]
            }
          ]
        }
      ]
    },
    "Planning Time": 0.088,
    "Triggers": [],
    "Execution Time": 130.576
  }
]