[
    {
        "Bao": {
            "Bao prediction": 458.528,
            "Bao recommended hint": "(no hint)"
        }
    },
    {
        "Plan": {
            "Node Type": "Aggregate",
            "Strategy": "Plain",
            "Partial Mode": "Finalize",
            "Parallel Aware": false,
            "Startup Cost": 346348.82,
            "Total Cost": 346348.83,
            "Plan Rows": 1,
            "Plan Width": 8,
            "Actual Startup Time": 782.654,
            "Actual Total Time": 822.695,
            "Actual Rows": 1,
            "Actual Loops": 1,
            "Output": [
                "count(*)"
            ],
            "Plans": [
                {
                    "Node Type": "Gather",
                    "Parent Relationship": "Outer",
                    "Parallel Aware": false,
                    "Startup Cost": 346348.19,
                    "Total Cost": 346348.8,
                    "Plan Rows": 6,
                    "Plan Width": 8,
                    "Actual Startup Time": 782.546,
                    "Actual Total Time": 822.684,
                    "Actual Rows": 7,
                    "Actual Loops": 1,
                    "Output": [
                        "(PARTIAL count(*))"
                    ],
                    "Workers Planned": 6,
                    "Workers Launched": 6,
                    "Single Copy": false,
                    "Plans": [
                        {
                            "Node Type": "Aggregate",
                            "Strategy": "Plain",
                            "Partial Mode": "Partial",
                            "Parent Relationship": "Outer",
                            "Parallel Aware": false,
                            "Startup Cost": 345348.19,
                            "Total Cost": 345348.2,
                            "Plan Rows": 1,
                            "Plan Width": 8,
                            "Actual Startup Time": 772.711,
                            "Actual Total Time": 772.712,
                            "Actual Rows": 1,
                            "Actual Loops": 7,
                            "Output": [
                                "PARTIAL count(*)"
                            ],
                            "Workers": [
                                {
                                    "Worker Number": 0,
                                    "Actual Startup Time": 769.535,
                                    "Actual Total Time": 769.536,
                                    "Actual Rows": 1,
                                    "Actual Loops": 1
                                },
                                {
                                    "Worker Number": 1,
                                    "Actual Startup Time": 770.852,
                                    "Actual Total Time": 770.852,
                                    "Actual Rows": 1,
                                    "Actual Loops": 1
                                },
                                {
                                    "Worker Number": 2,
                                    "Actual Startup Time": 770.836,
                                    "Actual Total Time": 770.837,
                                    "Actual Rows": 1,
                                    "Actual Loops": 1
                                },
                                {
                                    "Worker Number": 3,
                                    "Actual Startup Time": 771.476,
                                    "Actual Total Time": 771.478,
                                    "Actual Rows": 1,
                                    "Actual Loops": 1
                                },
                                {
                                    "Worker Number": 4,
                                    "Actual Startup Time": 772.173,
                                    "Actual Total Time": 772.174,
                                    "Actual Rows": 1,
                                    "Actual Loops": 1
                                },
                                {
                                    "Worker Number": 5,
                                    "Actual Startup Time": 772.439,
                                    "Actual Total Time": 772.44,
                                    "Actual Rows": 1,
                                    "Actual Loops": 1
                                }
                            ],
                            "Plans": [
                                {
                                    "Node Type": "Seq Scan",
                                    "Parent Relationship": "Outer",
                                    "Parallel Aware": true,
                                    "Relation Name": "cast_info",
                                    "Schema": "public",
                                    "Alias": "ci",
                                    "Startup Cost": 0.0,
                                    "Total Cost": 343318.94,
                                    "Plan Rows": 811700,
                                    "Plan Width": 0,
                                    "Actual Startup Time": 501.838,
                                    "Actual Total Time": 746.503,
                                    "Actual Rows": 392258,
                                    "Actual Loops": 7,
                                    "Output": [
                                        "id",
                                        "person_id",
                                        "movie_id",
                                        "person_role_id",
                                        "note",
                                        "nr_order",
                                        "role_id"
                                    ],
                                    "Filter": "((ci.person_id > 3100081) AND (ci.role_id < 10))",
                                    "Rows Removed by Filter": 4785505,
                                    "Workers": [
                                        {
                                            "Worker Number": 0,
                                            "Actual Startup Time": 498.681,
                                            "Actual Total Time": 743.528,
                                            "Actual Rows": 385365,
                                            "Actual Loops": 1
                                        },
                                        {
                                            "Worker Number": 1,
                                            "Actual Startup Time": 499.972,
                                            "Actual Total Time": 745.008,
                                            "Actual Rows": 372094,
                                            "Actual Loops": 1
                                        },
                                        {
                                            "Worker Number": 2,
                                            "Actual Startup Time": 499.962,
                                            "Actual Total Time": 744.874,
                                            "Actual Rows": 385078,
                                            "Actual Loops": 1
                                        },
                                        {
                                            "Worker Number": 3,
                                            "Actual Startup Time": 500.612,
                                            "Actual Total Time": 746.322,
                                            "Actual Rows": 368187,
                                            "Actual Loops": 1
                                        },
                                        {
                                            "Worker Number": 4,
                                            "Actual Startup Time": 501.294,
                                            "Actual Total Time": 746.285,
                                            "Actual Rows": 383850,
                                            "Actual Loops": 1
                                        },
                                        {
                                            "Worker Number": 5,
                                            "Actual Startup Time": 501.562,
                                            "Actual Total Time": 746.653,
                                            "Actual Rows": 381618,
                                            "Actual Loops": 1
                                        }
                                    ]
                                }
                            ]
                        }
                    ]
                }
            ]
        },
        "Planning Time": 2597.924,
        "Triggers": [],
        "Execution Time": 822.802
    }
]