[
  {
    "Plan": {
      "Node Type": "Aggregate",
      "Strategy": "Plain",
      "Partial Mode": "Finalize",
      "Parallel Aware": false,
      "Startup Cost": 347333.5,
      "Total Cost": 347333.51,
      "Plan Rows": 1,
      "Plan Width": 8,
      "Actual Startup Time": 503.397,
      "Actual Total Time": 519.441,
      "Actual Rows": 1,
      "Actual Loops": 1,
      "Plans": [
        {
          "Node Type": "Gather",
          "Parent Relationship": "Outer",
          "Parallel Aware": false,
          "Startup Cost": 347333.29,
          "Total Cost": 347333.5,
          "Plan Rows": 2,
          "Plan Width": 8,
          "Actual Startup Time": 501.649,
          "Actual Total Time": 519.433,
          "Actual Rows": 3,
          "Actual Loops": 1,
          "Workers Planned": 2,
          "Workers Launched": 2,
          "Single Copy": false,
          "Plans": [
            {
              "Node Type": "Aggregate",
              "Strategy": "Plain",
              "Partial Mode": "Partial",
              "Parent Relationship": "Outer",
              "Parallel Aware": false,
              "Startup Cost": 346333.29,
              "Total Cost": 346333.3,
              "Plan Rows": 1,
              "Plan Width": 8,
              "Actual Startup Time": 494.538,
              "Actual Total Time": 494.544,
              "Actual Rows": 1,
              "Actual Loops": 3,
              "Plans": [
                {
                  "Node Type": "Hash Join",
                  "Parent Relationship": "Outer",
                  "Parallel Aware": true,
                  "Join Type": "Inner",
                  "Startup Cost": 329946.46,
                  "Total Cost": 346060.6,
                  "Plan Rows": 109074,
                  "Plan Width": 0,
                  "Actual Startup Time": 396.044,
                  "Actual Total Time": 489.686,
                  "Actual Rows": 115362,
                  "Actual Loops": 3,
                  "Inner Unique": false,
                  "Hash Cond": "(mi_idx.movie_id = t.id)",
                  "Plans": [
                    {
                      "Node Type": "Seq Scan",
                      "Parent Relationship": "Outer",
                      "Parallel Aware": true,
                      "Relation Name": "movie_info_idx",
                      "Alias": "mi_idx",
                      "Startup Cost": 0.0,
                      "Total Cost": 13685.15,
                      "Plan Rows": 575015,
                      "Plan Width": 4,
                      "Actual Startup Time": 0.028,
                      "Actual Total Time": 34.658,
                      "Actual Rows": 460012,
                      "Actual Loops": 3
                    },
                    {
                      "Node Type": "Hash",
                      "Parent Relationship": "Inner",
                      "Parallel Aware": true,
                      "Startup Cost": 328447.74,
                      "Total Cost": 328447.74,
                      "Plan Rows": 119898,
                      "Plan Width": 8,
                      "Actual Startup Time": 392.244,
                      "Actual Total Time": 392.249,
                      "Actual Rows": 95772,
                      "Actual Loops": 3,
                      "Hash Buckets": 524288,
                      "Original Hash Buckets": 524288,
                      "Hash Batches": 1,
                      "Original Hash Batches": 1,
                      "Peak Memory Usage": 15392,
                      "Plans": [
                        {
                          "Node Type": "Hash Join",
                          "Parent Relationship": "Outer",
                          "Parallel Aware": true,
                          "Join Type": "Inner",
                          "Startup Cost": 279608.44,
                          "Total Cost": 328447.74,
                          "Plan Rows": 119898,
                          "Plan Width": 8,
                          "Actual Startup Time": 132.283,
                          "Actual Total Time": 364.836,
                          "Actual Rows": 95772,
                          "Actual Loops": 3,
                          "Inner Unique": false,
                          "Hash Cond": "(t.id = ci.movie_id)",
                          "Plans": [
                            {
                              "Node Type": "Seq Scan",
                              "Parent Relationship": "Outer",
                              "Parallel Aware": true,
                              "Relation Name": "title",
                              "Alias": "t",
                              "Startup Cost": 0.0,
                              "Total Cost": 42318.73,
                              "Plan Rows": 632073,
                              "Plan Width": 4,
                              "Actual Startup Time": 0.014,
                              "Actual Total Time": 87.841,
                              "Actual Rows": 842771,
                              "Actual Loops": 3
                            },
                            {
                              "Node Type": "Hash",
                              "Parent Relationship": "Inner",
                              "Parallel Aware": true,
                              "Startup Cost": 278609.29,
                              "Total Cost": 278609.29,
                              "Plan Rows": 79932,
                              "Plan Width": 4,
                              "Actual Startup Time": 129.895,
                              "Actual Total Time": 129.897,
                              "Actual Rows": 95772,
                              "Actual Loops": 3,
                              "Hash Buckets": 524288,
                              "Original Hash Buckets": 524288,
                              "Hash Batches": 1,
                              "Original Hash Batches": 1,
                              "Peak Memory Usage": 15392,
                              "Plans": [
                                {
                                  "Node Type": "Bitmap Heap Scan",
                                  "Parent Relationship": "Outer",
                                  "Parallel Aware": true,
                                  "Relation Name": "cast_info",
                                  "Alias": "ci",
                                  "Startup Cost": 23271.84,
                                  "Total Cost": 278609.29,
                                  "Plan Rows": 79932,
                                  "Plan Width": 4,
                                  "Actual Startup Time": 84.455,
                                  "Actual Total Time": 104.518,
                                  "Actual Rows": 95772,
                                  "Actual Loops": 3,
                                  "Recheck Cond": "(person_id < 108854)",
                                  "Rows Removed by Index Recheck": 0,
                                  "Filter": "(role_id > 2)",
                                  "Rows Removed by Filter": 259301,
                                  "Exact Heap Blocks": 5670,
                                  "Lossy Heap Blocks": 0,
                                  "Plans": [
                                    {
                                      "Node Type": "Bitmap Index Scan",
                                      "Parent Relationship": "Outer",
                                      "Parallel Aware": false,
                                      "Index Name": "person_id_cast_info",
                                      "Startup Cost": 0.0,
                                      "Total Cost": 23151.94,
                                      "Plan Rows": 1060183,
                                      "Plan Width": 0,
                                      "Actual Startup Time": 41.213,
                                      "Actual Total Time": 41.214,
                                      "Actual Rows": 1065217,
                                      "Actual Loops": 1,
                                      "Index Cond": "(person_id < 108854)"
                                    }
                                  ]
                                }
                              ]
                            }
                          ]
                        }
                      ]
                    }
                  ]
                }
              ]
            }
          ]
        }
      ]
    },
    "Planning Time": 1.367,
    "Triggers": [],
    "Execution Time": 519.592
  }
]