[
  {
    "Plan": {
      "Node Type": "Aggregate",
      "Strategy": "Plain",
      "Partial Mode": "Finalize",
      "Parallel Aware": false,
      "Startup Cost": 32012.91,
      "Total Cost": 32012.92,
      "Plan Rows": 1,
      "Plan Width": 8,
      "Actual Startup Time": 112.17,
      "Actual Total Time": 120.449,
      "Actual Rows": 1,
      "Actual Loops": 1,
      "Plans": [
        {
          "Node Type": "Gather",
          "Parent Relationship": "Outer",
          "Parallel Aware": false,
          "Startup Cost": 32012.59,
          "Total Cost": 32012.9,
          "Plan Rows": 3,
          "Plan Width": 8,
          "Actual Startup Time": 112.073,
          "Actual Total Time": 120.44,
          "Actual Rows": 4,
          "Actual Loops": 1,
          "Workers Planned": 3,
          "Workers Launched": 3,
          "Single Copy": false,
          "Plans": [
            {
              "Node Type": "Aggregate",
              "Strategy": "Plain",
              "Partial Mode": "Partial",
              "Parent Relationship": "Outer",
              "Parallel Aware": false,
              "Startup Cost": 31012.59,
              "Total Cost": 31012.6,
              "Plan Rows": 1,
              "Plan Width": 8,
              "Actual Startup Time": 106.268,
              "Actual Total Time": 106.269,
              "Actual Rows": 1,
              "Actual Loops": 4,
              "Plans": [
                {
                  "Node Type": "Seq Scan",
                  "Parent Relationship": "Outer",
                  "Parallel Aware": true,
                  "Relation Name": "movie_companies",
                  "Alias": "mc",
                  "Startup Cost": 0.0,
                  "Total Cost": 29310.68,
                  "Plan Rows": 680764,
                  "Plan Width": 0,
                  "Actual Startup Time": 0.203,
                  "Actual Total Time": 82.632,
                  "Actual Rows": 528296,
                  "Actual Loops": 4,
                  "Filter": "(company_id > 438)",
                  "Rows Removed by Filter": 123986
                }
              ]
            }
          ]
        }
      ]
    },
    "Planning Time": 0.187,
    "Triggers": [],
    "Execution Time": 120.514
  }
]