{
  "Plan": {
    "Node Type": "Aggregate",
    "Strategy": "Plain",
    "Partial Mode": "Finalize",
    "Parallel Aware": false,
    "Startup Cost": 112509.03,
    "Total Cost": 112509.04,
    "Plan Rows": 1,
    "Plan Width": 8,
    "Actual Startup Time": 580.857,
    "Actual Total Time": 593.595,
    "Actual Rows": 1,
    "Actual Loops": 1,
    "Plans": [
      {
        "Node Type": "Gather",
        "Parent Relationship": "Outer",
        "Parallel Aware": false,
        "Startup Cost": 112508.92,
        "Total Cost": 112509.03,
        "Plan Rows": 1,
        "Plan Width": 8,
        "Actual Startup Time": 579.564,
        "Actual Total Time": 593.586,
        "Actual Rows": 2,
        "Actual Loops": 1,
        "Workers Planned": 1,
        "Workers Launched": 1,
        "Single Copy": false,
        "Plans": [
          {
            "Node Type": "Aggregate",
            "Strategy": "Plain",
            "Partial Mode": "Partial",
            "Parent Relationship": "Outer",
            "Parallel Aware": false,
            "Startup Cost": 111508.92,
            "Total Cost": 111508.93,
            "Plan Rows": 1,
            "Plan Width": 8,
            "Actual Startup Time": 573.961,
            "Actual Total Time": 573.964,
            "Actual Rows": 1,
            "Actual Loops": 2,
            "Plans": [
              {
                "Node Type": "Hash Join",
                "Parent Relationship": "Outer",
                "Parallel Aware": true,
                "Join Type": "Inner",
                "Startup Cost": 47517.31,
                "Total Cost": 110367.8,
                "Plan Rows": 456447,
                "Plan Width": 0,
                "Actual Startup Time": 194.363,
                "Actual Total Time": 564.021,
                "Actual Rows": 243626,
                "Actual Loops": 2,
                "Inner Unique": false,
                "Hash Cond": "(t.id = mc.movie_id)",
                "Plans": [
                  {
                    "Node Type": "Seq Scan",
                    "Parent Relationship": "Outer",
                    "Parallel Aware": true,
                    "Relation Name": "title",
                    "Alias": "t",
                    "Startup Cost": 0.0,
                    "Total Cost": 50870.31,
                    "Plan Rows": 1487231,
                    "Plan Width": 4,
                    "Actual Startup Time": 0.009,
                    "Actual Total Time": 112.629,
                    "Actual Rows": 1264156,
                    "Actual Loops": 2
                  },
                  {
                    "Node Type": "Hash",
                    "Parent Relationship": "Inner",
                    "Parallel Aware": true,
                    "Startup Cost": 41811.73,
                    "Total Cost": 41811.73,
                    "Plan Rows": 456447,
                    "Plan Width": 4,
                    "Actual Startup Time": 184.891,
                    "Actual Total Time": 184.891,
                    "Actual Rows": 243626,
                    "Actual Loops": 2,
                    "Hash Buckets": 1048576,
                    "Original Hash Buckets": 1048576,
                    "Hash Batches": 1,
                    "Original Hash Batches": 1,
                    "Peak Memory Usage": 27296,
                    "Plans": [
                      {
                        "Node Type": "Seq Scan",
                        "Parent Relationship": "Outer",
                        "Parallel Aware": true,
                        "Relation Name": "movie_companies",
                        "Alias": "mc",
                        "Startup Cost": 0.0,
                        "Total Cost": 41811.73,
                        "Plan Rows": 456447,
                        "Plan Width": 4,
                        "Actual Startup Time": 66.197,
                        "Actual Total Time": 125.149,
                        "Actual Rows": 243626,
                        "Actual Loops": 2,
                        "Filter": "((company_id < 14251) AND (company_type_id = 2))",
                        "Rows Removed by Filter": 1060939
                      }
                    ]
                  }
                ]
              }
            ]
          }
        ]
      }
    ]
  },
  "Planning Time": 0.853,
  "Triggers": [],
  "Execution Time": 593.666
}