[
  {
    "Plan": {
      "Node Type": "Aggregate",
      "Strategy": "Plain",
      "Partial Mode": "Finalize",
      "Parallel Aware": false,
      "Startup Cost": 256853.95,
      "Total Cost": 256853.96,
      "Plan Rows": 1,
      "Plan Width": 8,
      "Actual Startup Time": 1037.25,
      "Actual Total Time": 1080.41,
      "Actual Rows": 1,
      "Actual Loops": 1,
      "Plans": [
        {
          "Node Type": "Gather",
          "Parent Relationship": "Outer",
          "Parallel Aware": false,
          "Startup Cost": 256853.43,
          "Total Cost": 256853.94,
          "Plan Rows": 5,
          "Plan Width": 8,
          "Actual Startup Time": 1025.718,
          "Actual Total Time": 1080.398,
          "Actual Rows": 6,
          "Actual Loops": 1,
          "Workers Planned": 5,
          "Workers Launched": 5,
          "Single Copy": false,
          "Plans": [
            {
              "Node Type": "Aggregate",
              "Strategy": "Plain",
              "Partial Mode": "Partial",
              "Parent Relationship": "Outer",
              "Parallel Aware": false,
              "Startup Cost": 255853.43,
              "Total Cost": 255853.44,
              "Plan Rows": 1,
              "Plan Width": 8,
              "Actual Startup Time": 1011.269,
              "Actual Total Time": 1011.272,
              "Actual Rows": 1,
              "Actual Loops": 6,
              "Plans": [
                {
                  "Node Type": "Hash Join",
                  "Parent Relationship": "Outer",
                  "Parallel Aware": true,
                  "Join Type": "Inner",
                  "Startup Cost": 47399.97,
                  "Total Cost": 253033.69,
                  "Plan Rows": 1127895,
                  "Plan Width": 0,
                  "Actual Startup Time": 177.281,
                  "Actual Total Time": 979.204,
                  "Actual Rows": 773806,
                  "Actual Loops": 6,
                  "Inner Unique": true,
                  "Hash Cond": "(mi.movie_id = t.id)",
                  "Plans": [
                    {
                      "Node Type": "Seq Scan",
                      "Parent Relationship": "Outer",
                      "Parallel Aware": true,
                      "Relation Name": "movie_info",
                      "Alias": "mi",
                      "Startup Cost": 0.0,
                      "Total Cost": 198952.16,
                      "Plan Rows": 2545353,
                      "Plan Width": 4,
                      "Actual Startup Time": 0.025,
                      "Actual Total Time": 338.303,
                      "Actual Rows": 2124109,
                      "Actual Loops": 6,
                      "Filter": "(info_type_id > 2)",
                      "Rows Removed by Filter": 348511
                    },
                    {
                      "Node Type": "Hash",
                      "Parent Relationship": "Inner",
                      "Parallel Aware": true,
                      "Startup Cost": 43898.92,
                      "Total Cost": 43898.92,
                      "Plan Rows": 280084,
                      "Plan Width": 4,
                      "Actual Startup Time": 170.702,
                      "Actual Total Time": 170.703,
                      "Actual Rows": 184654,
                      "Actual Loops": 6,
                      "Hash Buckets": 2097152,
                      "Original Hash Buckets": 2097152,
                      "Hash Batches": 1,
                      "Original Hash Batches": 1,
                      "Peak Memory Usage": 59808,
                      "Plans": [
                        {
                          "Node Type": "Seq Scan",
                          "Parent Relationship": "Outer",
                          "Parallel Aware": true,
                          "Relation Name": "title",
                          "Alias": "t",
                          "Startup Cost": 0.0,
                          "Total Cost": 43898.92,
                          "Plan Rows": 280084,
                          "Plan Width": 4,
                          "Actual Startup Time": 0.038,
                          "Actual Total Time": 82.281,
                          "Actual Rows": 184654,
                          "Actual Loops": 6,
                          "Filter": "(production_year > 2004)",
                          "Rows Removed by Filter": 236731
                        }
                      ]
                    }
                  ]
                }
              ]
            }
          ]
        }
      ]
    },
    "Planning Time": 0.593,
    "Triggers": [],
    "Execution Time": 1080.489
  }
]