{
  "Plan": {
    "Node Type": "Aggregate",
    "Strategy": "Plain",
    "Partial Mode": "Finalize",
    "Parallel Aware": false,
    "Startup Cost": 106301.79,
    "Total Cost": 106301.8,
    "Plan Rows": 1,
    "Plan Width": 8,
    "Actual Startup Time": 620.431,
    "Actual Total Time": 635.631,
    "Actual Rows": 1,
    "Actual Loops": 1,
    "Plans": [
      {
        "Node Type": "Gather",
        "Parent Relationship": "Outer",
        "Parallel Aware": false,
        "Startup Cost": 106301.68,
        "Total Cost": 106301.79,
        "Plan Rows": 1,
        "Plan Width": 8,
        "Actual Startup Time": 618.349,
        "Actual Total Time": 635.623,
        "Actual Rows": 2,
        "Actual Loops": 1,
        "Workers Planned": 1,
        "Workers Launched": 1,
        "Single Copy": false,
        "Plans": [
          {
            "Node Type": "Aggregate",
            "Strategy": "Plain",
            "Partial Mode": "Partial",
            "Parent Relationship": "Outer",
            "Parallel Aware": false,
            "Startup Cost": 105301.68,
            "Total Cost": 105301.69,
            "Plan Rows": 1,
            "Plan Width": 8,
            "Actual Startup Time": 612.746,
            "Actual Total Time": 612.749,
            "Actual Rows": 1,
            "Actual Loops": 2,
            "Plans": [
              {
                "Node Type": "Hash Join",
                "Parent Relationship": "Outer",
                "Parallel Aware": true,
                "Join Type": "Inner",
                "Startup Cost": 42964.0,
                "Total Cost": 104689.97,
                "Plan Rows": 244685,
                "Plan Width": 0,
                "Actual Startup Time": 236.143,
                "Actual Total Time": 603.142,
                "Actual Rows": 183430,
                "Actual Loops": 2,
                "Inner Unique": false,
                "Hash Cond": "(t.id = mc.movie_id)",
                "Plans": [
                  {
                    "Node Type": "Seq Scan",
                    "Parent Relationship": "Outer",
                    "Parallel Aware": true,
                    "Relation Name": "title",
                    "Alias": "t",
                    "Startup Cost": 0.0,
                    "Total Cost": 54588.39,
                    "Plan Rows": 911722,
                    "Plan Width": 4,
                    "Actual Startup Time": 0.012,
                    "Actual Total Time": 160.594,
                    "Actual Rows": 777932,
                    "Actual Loops": 2,
                    "Filter": "(kind_id > 4)",
                    "Rows Removed by Filter": 486224
                  },
                  {
                    "Node Type": "Hash",
                    "Parent Relationship": "Inner",
                    "Parallel Aware": true,
                    "Startup Cost": 37974.77,
                    "Total Cost": 37974.77,
                    "Plan Rows": 399138,
                    "Plan Width": 4,
                    "Actual Startup Time": 226.52,
                    "Actual Total Time": 226.521,
                    "Actual Rows": 336164,
                    "Actual Loops": 2,
                    "Hash Buckets": 1048576,
                    "Original Hash Buckets": 1048576,
                    "Hash Batches": 1,
                    "Original Hash Batches": 1,
                    "Peak Memory Usage": 34528,
                    "Plans": [
                      {
                        "Node Type": "Seq Scan",
                        "Parent Relationship": "Outer",
                        "Parallel Aware": true,
                        "Relation Name": "movie_companies",
                        "Alias": "mc",
                        "Startup Cost": 0.0,
                        "Total Cost": 37974.77,
                        "Plan Rows": 399138,
                        "Plan Width": 4,
                        "Actual Startup Time": 0.037,
                        "Actual Total Time": 135.706,
                        "Actual Rows": 336164,
                        "Actual Loops": 2,
                        "Filter": "(company_id < 1085)",
                        "Rows Removed by Filter": 968400
                      }
                    ]
                  }
                ]
              }
            ]
          }
        ]
      }
    ]
  },
  "Planning Time": 0.746,
  "Triggers": [],
  "Execution Time": 635.702
}