{
  "Plan": {
    "Node Type": "Aggregate",
    "Strategy": "Plain",
    "Partial Mode": "Finalize",
    "Parallel Aware": false,
    "Startup Cost": 122754.25,
    "Total Cost": 122754.26,
    "Plan Rows": 1,
    "Plan Width": 8,
    "Actual Startup Time": 503.866,
    "Actual Total Time": 526.954,
    "Actual Rows": 1,
    "Actual Loops": 1,
    "Plans": [
      {
        "Node Type": "Gather",
        "Parent Relationship": "Outer",
        "Parallel Aware": false,
        "Startup Cost": 122754.14,
        "Total Cost": 122754.25,
        "Plan Rows": 1,
        "Plan Width": 8,
        "Actual Startup Time": 503.642,
        "Actual Total Time": 526.944,
        "Actual Rows": 2,
        "Actual Loops": 1,
        "Workers Planned": 1,
        "Workers Launched": 1,
        "Single Copy": false,
        "Plans": [
          {
            "Node Type": "Aggregate",
            "Strategy": "Plain",
            "Partial Mode": "Partial",
            "Parent Relationship": "Outer",
            "Parallel Aware": false,
            "Startup Cost": 121754.14,
            "Total Cost": 121754.15,
            "Plan Rows": 1,
            "Plan Width": 8,
            "Actual Startup Time": 497.296,
            "Actual Total Time": 497.301,
            "Actual Rows": 1,
            "Actual Loops": 2,
            "Plans": [
              {
                "Node Type": "Hash Join",
                "Parent Relationship": "Outer",
                "Parallel Aware": true,
                "Join Type": "Inner",
                "Startup Cost": 58917.58,
                "Total Cost": 121598.76,
                "Plan Rows": 62151,
                "Plan Width": 0,
                "Actual Startup Time": 204.384,
                "Actual Total Time": 497.29,
                "Actual Rows": 2,
                "Actual Loops": 2,
                "Inner Unique": true,
                "Hash Cond": "(mk.movie_id = t.id)",
                "Plans": [
                  {
                    "Node Type": "Seq Scan",
                    "Parent Relationship": "Outer",
                    "Parallel Aware": true,
                    "Relation Name": "movie_keyword",
                    "Alias": "mk",
                    "Startup Cost": 0.0,
                    "Total Cost": 57718.19,
                    "Plan Rows": 1890660,
                    "Plan Width": 4,
                    "Actual Startup Time": 0.031,
                    "Actual Total Time": 239.891,
                    "Actual Rows": 1602864,
                    "Actual Loops": 2,
                    "Filter": "(keyword_id < 13213)",
                    "Rows Removed by Filter": 659102
                  },
                  {
                    "Node Type": "Hash",
                    "Parent Relationship": "Inner",
                    "Parallel Aware": true,
                    "Startup Cost": 58306.47,
                    "Total Cost": 58306.47,
                    "Plan Rows": 48889,
                    "Plan Width": 4,
                    "Actual Startup Time": 150.366,
                    "Actual Total Time": 150.368,
                    "Actual Rows": 11,
                    "Actual Loops": 2,
                    "Hash Buckets": 131072,
                    "Original Hash Buckets": 131072,
                    "Hash Batches": 1,
                    "Original Hash Batches": 1,
                    "Peak Memory Usage": 1088,
                    "Plans": [
                      {
                        "Node Type": "Seq Scan",
                        "Parent Relationship": "Outer",
                        "Parallel Aware": true,
                        "Relation Name": "title",
                        "Alias": "t",
                        "Startup Cost": 0.0,
                        "Total Cost": 58306.47,
                        "Plan Rows": 48889,
                        "Plan Width": 4,
                        "Actual Startup Time": 53.358,
                        "Actual Total Time": 150.228,
                        "Actual Rows": 11,
                        "Actual Loops": 2,
                        "Filter": "((kind_id > 4) AND (production_year < 1938))",
                        "Rows Removed by Filter": 1264145
                      }
                    ]
                  }
                ]
              }
            ]
          }
        ]
      }
    ]
  },
  "Planning Time": 0.266,
  "Triggers": [],
  "Execution Time": 527.007
}