[
  {
    "Plan": {
      "Node Type": "Aggregate",
      "Strategy": "Plain",
      "Partial Mode": "Finalize",
      "Parallel Aware": false,
      "Startup Cost": 46090.64,
      "Total Cost": 46090.65,
      "Plan Rows": 1,
      "Plan Width": 8,
      "Actual Startup Time": 180.024,
      "Actual Total Time": 189.94,
      "Actual Rows": 1,
      "Actual Loops": 1,
      "Plans": [
        {
          "Node Type": "Gather",
          "Parent Relationship": "Outer",
          "Parallel Aware": false,
          "Startup Cost": 46090.33,
          "Total Cost": 46090.64,
          "Plan Rows": 3,
          "Plan Width": 8,
          "Actual Startup Time": 179.94,
          "Actual Total Time": 189.931,
          "Actual Rows": 4,
          "Actual Loops": 1,
          "Workers Planned": 3,
          "Workers Launched": 3,
          "Single Copy": false,
          "Plans": [
            {
              "Node Type": "Aggregate",
              "Strategy": "Plain",
              "Partial Mode": "Partial",
              "Parent Relationship": "Outer",
              "Parallel Aware": false,
              "Startup Cost": 45090.33,
              "Total Cost": 45090.34,
              "Plan Rows": 1,
              "Plan Width": 8,
              "Actual Startup Time": 171.485,
              "Actual Total Time": 171.486,
              "Actual Rows": 1,
              "Actual Loops": 4,
              "Plans": [
                {
                  "Node Type": "Seq Scan",
                  "Parent Relationship": "Outer",
                  "Parallel Aware": true,
                  "Relation Name": "movie_keyword",
                  "Alias": "mk",
                  "Startup Cost": 0.0,
                  "Total Cost": 42695.65,
                  "Plan Rows": 957869,
                  "Plan Width": 0,
                  "Actual Startup Time": 0.062,
                  "Actual Total Time": 133.277,
                  "Actual Rows": 740620,
                  "Actual Loops": 4,
                  "Filter": "(keyword_id < 10068)",
                  "Rows Removed by Filter": 390362
                }
              ]
            }
          ]
        }
      ]
    },
    "Planning Time": 0.164,
    "Triggers": [],
    "Execution Time": 189.977
  }
]