[
  {
    "Plan": {
      "Node Type": "Aggregate",
      "Strategy": "Plain",
      "Partial Mode": "Finalize",
      "Parallel Aware": false,
      "Startup Cost": 350418.76,
      "Total Cost": 350418.77,
      "Plan Rows": 1,
      "Plan Width": 8,
      "Actual Startup Time": 785.298,
      "Actual Total Time": 843.18,
      "Actual Rows": 1,
      "Actual Loops": 1,
      "Plans": [
        {
          "Node Type": "Gather",
          "Parent Relationship": "Outer",
          "Parallel Aware": false,
          "Startup Cost": 350418.13,
          "Total Cost": 350418.74,
          "Plan Rows": 6,
          "Plan Width": 8,
          "Actual Startup Time": 785.175,
          "Actual Total Time": 843.17,
          "Actual Rows": 7,
          "Actual Loops": 1,
          "Workers Planned": 6,
          "Workers Launched": 6,
          "Single Copy": false,
          "Plans": [
            {
              "Node Type": "Aggregate",
              "Strategy": "Plain",
              "Partial Mode": "Partial",
              "Parent Relationship": "Outer",
              "Parallel Aware": false,
              "Startup Cost": 349418.13,
              "Total Cost": 349418.14,
              "Plan Rows": 1,
              "Plan Width": 8,
              "Actual Startup Time": 778.115,
              "Actual Total Time": 778.116,
              "Actual Rows": 1,
              "Actual Loops": 7,
              "Plans": [
                {
                  "Node Type": "Seq Scan",
                  "Parent Relationship": "Outer",
                  "Parallel Aware": true,
                  "Relation Name": "cast_info",
                  "Alias": "ci",
                  "Startup Cost": 0.0,
                  "Total Cost": 343257.03,
                  "Plan Rows": 2464441,
                  "Plan Width": 0,
                  "Actual Startup Time": 255.629,
                  "Actual Total Time": 692.029,
                  "Actual Rows": 1869911,
                  "Actual Loops": 7,
                  "Filter": "((person_id > 1934465) AND (role_id < 10))",
                  "Rows Removed by Filter": 3307852
                }
              ]
            }
          ]
        }
      ]
    },
    "Planning Time": 0.182,
    "Triggers": [],
    "Execution Time": 843.244
  }
]