[
    {
        "Bao": {
            "Bao prediction": "NaN",
            "Bao recommended hint": "(no hint)"
        }
    },
    {
        "Plan": {
            "Node Type": "Aggregate",
            "Strategy": "Plain",
            "Partial Mode": "Finalize",
            "Parallel Aware": false,
            "Startup Cost": 32906.78,
            "Total Cost": 32906.79,
            "Plan Rows": 1,
            "Plan Width": 8,
            "Actual Startup Time": 85.261,
            "Actual Total Time": 93.439,
            "Actual Rows": 1,
            "Actual Loops": 1,
            "Output": [
                "count(*)"
            ],
            "Plans": [
                {
                    "Node Type": "Gather",
                    "Parent Relationship": "Outer",
                    "Parallel Aware": false,
                    "Startup Cost": 32906.46,
                    "Total Cost": 32906.77,
                    "Plan Rows": 3,
                    "Plan Width": 8,
                    "Actual Startup Time": 85.156,
                    "Actual Total Time": 93.432,
                    "Actual Rows": 4,
                    "Actual Loops": 1,
                    "Output": [
                        "(PARTIAL count(*))"
                    ],
                    "Workers Planned": 3,
                    "Workers Launched": 3,
                    "Single Copy": false,
                    "Plans": [
                        {
                            "Node Type": "Aggregate",
                            "Strategy": "Plain",
                            "Partial Mode": "Partial",
                            "Parent Relationship": "Outer",
                            "Parallel Aware": false,
                            "Startup Cost": 31906.46,
                            "Total Cost": 31906.47,
                            "Plan Rows": 1,
                            "Plan Width": 8,
                            "Actual Startup Time": 77.257,
                            "Actual Total Time": 77.258,
                            "Actual Rows": 1,
                            "Actual Loops": 4,
                            "Output": [
                                "PARTIAL count(*)"
                            ],
                            "Workers": [
                                {
                                    "Worker Number": 0,
                                    "Actual Startup Time": 74.424,
                                    "Actual Total Time": 74.425,
                                    "Actual Rows": 1,
                                    "Actual Loops": 1
                                },
                                {
                                    "Worker Number": 1,
                                    "Actual Startup Time": 74.662,
                                    "Actual Total Time": 74.663,
                                    "Actual Rows": 1,
                                    "Actual Loops": 1
                                },
                                {
                                    "Worker Number": 2,
                                    "Actual Startup Time": 75.033,
                                    "Actual Total Time": 75.034,
                                    "Actual Rows": 1,
                                    "Actual Loops": 1
                                }
                            ],
                            "Plans": [
                                {
                                    "Node Type": "Seq Scan",
                                    "Parent Relationship": "Outer",
                                    "Parallel Aware": true,
                                    "Relation Name": "movie_companies",
                                    "Schema": "public",
                                    "Alias": "mc",
                                    "Startup Cost": 0.0,
                                    "Total Cost": 31414.82,
                                    "Plan Rows": 196656,
                                    "Plan Width": 0,
                                    "Actual Startup Time": 14.005,
                                    "Actual Total Time": 72.246,
                                    "Actual Rows": 88973,
                                    "Actual Loops": 4,
                                    "Output": [
                                        "id",
                                        "movie_id",
                                        "company_id",
                                        "company_type_id",
                                        "note"
                                    ],
                                    "Filter": "((mc.company_id > 11684) AND (mc.company_type_id = 1))",
                                    "Rows Removed by Filter": 563309,
                                    "Workers": [
                                        {
                                            "Worker Number": 0,
                                            "Actual Startup Time": 11.179,
                                            "Actual Total Time": 69.547,
                                            "Actual Rows": 60457,
                                            "Actual Loops": 1
                                        },
                                        {
                                            "Worker Number": 1,
                                            "Actual Startup Time": 11.407,
                                            "Actual Total Time": 69.868,
                                            "Actual Rows": 81562,
                                            "Actual Loops": 1
                                        },
                                        {
                                            "Worker Number": 2,
                                            "Actual Startup Time": 11.787,
                                            "Actual Total Time": 70.127,
                                            "Actual Rows": 71599,
                                            "Actual Loops": 1
                                        }
                                    ]
                                }
                            ]
                        }
                    ]
                }
            ]
        },
        "Planning Time": 180.85,
        "Triggers": [],
        "Execution Time": 93.475
    }
]