[
  {
    "Plan": {
      "Node Type": "Aggregate",
      "Strategy": "Plain",
      "Partial Mode": "Finalize",
      "Parallel Aware": false,
      "Startup Cost": 352558.98,
      "Total Cost": 352558.99,
      "Plan Rows": 1,
      "Plan Width": 8,
      "Actual Startup Time": 1045.995,
      "Actual Total Time": 1095.304,
      "Actual Rows": 1,
      "Actual Loops": 1,
      "Plans": [
        {
          "Node Type": "Gather",
          "Parent Relationship": "Outer",
          "Parallel Aware": false,
          "Startup Cost": 352558.36,
          "Total Cost": 352558.97,
          "Plan Rows": 6,
          "Plan Width": 8,
          "Actual Startup Time": 1045.795,
          "Actual Total Time": 1095.289,
          "Actual Rows": 7,
          "Actual Loops": 1,
          "Workers Planned": 6,
          "Workers Launched": 6,
          "Single Copy": false,
          "Plans": [
            {
              "Node Type": "Aggregate",
              "Strategy": "Plain",
              "Partial Mode": "Partial",
              "Parent Relationship": "Outer",
              "Parallel Aware": false,
              "Startup Cost": 351558.36,
              "Total Cost": 351558.37,
              "Plan Rows": 1,
              "Plan Width": 8,
              "Actual Startup Time": 1037.541,
              "Actual Total Time": 1037.543,
              "Actual Rows": 1,
              "Actual Loops": 7,
              "Plans": [
                {
                  "Node Type": "Seq Scan",
                  "Parent Relationship": "Outer",
                  "Parallel Aware": true,
                  "Relation Name": "cast_info",
                  "Alias": "ci",
                  "Startup Cost": 0.0,
                  "Total Cost": 343316.27,
                  "Plan Rows": 3296835,
                  "Plan Width": 0,
                  "Actual Startup Time": 0.052,
                  "Actual Total Time": 836.676,
                  "Actual Rows": 3395140,
                  "Actual Loops": 7,
                  "Filter": "((person_id < 3008527) AND (role_id < 4))",
                  "Rows Removed by Filter": 1782624
                }
              ]
            }
          ]
        }
      ]
    },
    "Planning Time": 0.145,
    "Triggers": [],
    "Execution Time": 1095.354
  }
]