[
  {
    "Plan": {
      "Node Type": "Aggregate",
      "Strategy": "Plain",
      "Partial Mode": "Finalize",
      "Parallel Aware": false,
      "Startup Cost": 352385.89,
      "Total Cost": 352385.9,
      "Plan Rows": 1,
      "Plan Width": 8,
      "Actual Startup Time": 1034.937,
      "Actual Total Time": 1099.635,
      "Actual Rows": 1,
      "Actual Loops": 1,
      "Plans": [
        {
          "Node Type": "Gather",
          "Parent Relationship": "Outer",
          "Parallel Aware": false,
          "Startup Cost": 352385.26,
          "Total Cost": 352385.87,
          "Plan Rows": 6,
          "Plan Width": 8,
          "Actual Startup Time": 1034.822,
          "Actual Total Time": 1099.625,
          "Actual Rows": 7,
          "Actual Loops": 1,
          "Workers Planned": 6,
          "Workers Launched": 6,
          "Single Copy": false,
          "Plans": [
            {
              "Node Type": "Aggregate",
              "Strategy": "Plain",
              "Partial Mode": "Partial",
              "Parent Relationship": "Outer",
              "Parallel Aware": false,
              "Startup Cost": 351385.26,
              "Total Cost": 351385.27,
              "Plan Rows": 1,
              "Plan Width": 8,
              "Actual Startup Time": 1025.942,
              "Actual Total Time": 1025.943,
              "Actual Rows": 1,
              "Actual Loops": 7,
              "Plans": [
                {
                  "Node Type": "Seq Scan",
                  "Parent Relationship": "Outer",
                  "Parallel Aware": true,
                  "Relation Name": "cast_info",
                  "Alias": "ci",
                  "Startup Cost": 0.0,
                  "Total Cost": 343257.03,
                  "Plan Rows": 3251293,
                  "Plan Width": 0,
                  "Actual Startup Time": 0.047,
                  "Actual Total Time": 845.31,
                  "Actual Rows": 3395140,
                  "Actual Loops": 7,
                  "Filter": "((person_id < 3008527) AND (role_id < 4))",
                  "Rows Removed by Filter": 1782624
                }
              ]
            }
          ]
        }
      ]
    },
    "Planning Time": 0.15,
    "Triggers": [],
    "Execution Time": 1099.69
  }
]