{
  "Plan": {
    "Node Type": "Aggregate",
    "Strategy": "Plain",
    "Partial Mode": "Finalize",
    "Parallel Aware": false,
    "Startup Cost": 122265.81,
    "Total Cost": 122265.82,
    "Plan Rows": 1,
    "Plan Width": 8,
    "Actual Startup Time": 891.118,
    "Actual Total Time": 913.629,
    "Actual Rows": 1,
    "Actual Loops": 1,
    "Plans": [
      {
        "Node Type": "Gather",
        "Parent Relationship": "Outer",
        "Parallel Aware": false,
        "Startup Cost": 122265.7,
        "Total Cost": 122265.81,
        "Plan Rows": 1,
        "Plan Width": 8,
        "Actual Startup Time": 884.363,
        "Actual Total Time": 913.615,
        "Actual Rows": 2,
        "Actual Loops": 1,
        "Workers Planned": 1,
        "Workers Launched": 1,
        "Single Copy": false,
        "Plans": [
          {
            "Node Type": "Aggregate",
            "Strategy": "Plain",
            "Partial Mode": "Partial",
            "Parent Relationship": "Outer",
            "Parallel Aware": false,
            "Startup Cost": 121265.7,
            "Total Cost": 121265.71,
            "Plan Rows": 1,
            "Plan Width": 8,
            "Actual Startup Time": 873.178,
            "Actual Total Time": 873.187,
            "Actual Rows": 1,
            "Actual Loops": 2,
            "Plans": [
              {
                "Node Type": "Hash Join",
                "Parent Relationship": "Outer",
                "Parallel Aware": false,
                "Join Type": "Inner",
                "Startup Cost": 80919.74,
                "Total Cost": 121265.68,
                "Plan Rows": 7,
                "Plan Width": 0,
                "Actual Startup Time": 700.259,
                "Actual Total Time": 873.175,
                "Actual Rows": 22,
                "Actual Loops": 2,
                "Inner Unique": false,
                "Hash Cond": "(t.id = ci.movie_id)",
                "Plans": [
                  {
                    "Node Type": "Hash Join",
                    "Parent Relationship": "Outer",
                    "Parallel Aware": true,
                    "Join Type": "Inner",
                    "Startup Cost": 79859.32,
                    "Total Cost": 108673.67,
                    "Plan Rows": 288288,
                    "Plan Width": 8,
                    "Actual Startup Time": 660.627,
                    "Actual Total Time": 854.706,
                    "Actual Rows": 251317,
                    "Actual Loops": 2,
                    "Inner Unique": true,
                    "Hash Cond": "(mk.movie_id = t.id)",
                    "Plans": [
                      {
                        "Node Type": "Bitmap Heap Scan",
                        "Parent Relationship": "Outer",
                        "Parallel Aware": true,
                        "Relation Name": "movie_keyword",
                        "Alias": "mk",
                        "Startup Cost": 10398.62,
                        "Total Cost": 38456.22,
                        "Plan Rows": 288288,
                        "Plan Width": 4,
                        "Actual Startup Time": 26.818,
                        "Actual Total Time": 120.097,
                        "Actual Rows": 251317,
                        "Actual Loops": 2,
                        "Recheck Cond": "(keyword_id < 365)",
                        "Rows Removed by Index Recheck": 0,
                        "Exact Heap Blocks": 15462,
                        "Lossy Heap Blocks": 0,
                        "Plans": [
                          {
                            "Node Type": "Bitmap Index Scan",
                            "Parent Relationship": "Outer",
                            "Parallel Aware": false,
                            "Index Name": "keyword_id_movie_keyword",
                            "Startup Cost": 0.0,
                            "Total Cost": 10276.1,
                            "Plan Rows": 490089,
                            "Plan Width": 0,
                            "Actual Startup Time": 23.289,
                            "Actual Total Time": 23.29,
                            "Actual Rows": 502634,
                            "Actual Loops": 1,
                            "Index Cond": "(keyword_id < 365)"
                          }
                        ]
                      },
                      {
                        "Node Type": "Hash",
                        "Parent Relationship": "Inner",
                        "Parallel Aware": true,
                        "Startup Cost": 50870.31,
                        "Total Cost": 50870.31,
                        "Plan Rows": 1487231,
                        "Plan Width": 4,
                        "Actual Startup Time": 612.822,
                        "Actual Total Time": 612.823,
                        "Actual Rows": 1264156,
                        "Actual Loops": 2,
                        "Hash Buckets": 4194304,
                        "Original Hash Buckets": 4194304,
                        "Hash Batches": 1,
                        "Original Hash Batches": 1,
                        "Peak Memory Usage": 131712,
                        "Plans": [
                          {
                            "Node Type": "Seq Scan",
                            "Parent Relationship": "Outer",
                            "Parallel Aware": true,
                            "Relation Name": "title",
                            "Alias": "t",
                            "Startup Cost": 0.0,
                            "Total Cost": 50870.31,
                            "Plan Rows": 1487231,
                            "Plan Width": 4,
                            "Actual Startup Time": 0.038,
                            "Actual Total Time": 185.255,
                            "Actual Rows": 1264156,
                            "Actual Loops": 2
                          }
                        ]
                      }
                    ]
                  },
                  {
                    "Node Type": "Hash",
                    "Parent Relationship": "Inner",
                    "Parallel Aware": false,
                    "Startup Cost": 1059.67,
                    "Total Cost": 1059.67,
                    "Plan Rows": 60,
                    "Plan Width": 4,
                    "Actual Startup Time": 0.697,
                    "Actual Total Time": 0.698,
                    "Actual Rows": 322,
                    "Actual Loops": 2,
                    "Hash Buckets": 1024,
                    "Original Hash Buckets": 1024,
                    "Hash Batches": 1,
                    "Original Hash Batches": 1,
                    "Peak Memory Usage": 20,
                    "Plans": [
                      {
                        "Node Type": "Index Scan",
                        "Parent Relationship": "Outer",
                        "Parallel Aware": false,
                        "Scan Direction": "Forward",
                        "Index Name": "person_id_cast_info",
                        "Relation Name": "cast_info",
                        "Alias": "ci",
                        "Startup Cost": 0.56,
                        "Total Cost": 1059.67,
                        "Plan Rows": 60,
                        "Plan Width": 4,
                        "Actual Startup Time": 0.282,
                        "Actual Total Time": 0.532,
                        "Actual Rows": 322,
                        "Actual Loops": 2,
                        "Index Cond": "(person_id = 2711329)",
                        "Rows Removed by Index Recheck": 0,
                        "Filter": "(role_id = 10)",
                        "Rows Removed by Filter": 1
                      }
                    ]
                  }
                ]
              }
            ]
          }
        ]
      }
    ]
  },
  "Planning Time": 0.942,
  "Triggers": [],
  "Execution Time": 913.765
}