[
  {
    "Plan": {
      "Node Type": "Aggregate",
      "Strategy": "Plain",
      "Partial Mode": "Finalize",
      "Parallel Aware": false,
      "Startup Cost": 109571.41,
      "Total Cost": 109571.42,
      "Plan Rows": 1,
      "Plan Width": 8,
      "Actual Startup Time": 455.88,
      "Actual Total Time": 502.045,
      "Actual Rows": 1,
      "Actual Loops": 1,
      "Plans": [
        {
          "Node Type": "Gather",
          "Parent Relationship": "Outer",
          "Parallel Aware": false,
          "Startup Cost": 109571.19,
          "Total Cost": 109571.4,
          "Plan Rows": 2,
          "Plan Width": 8,
          "Actual Startup Time": 454.46,
          "Actual Total Time": 502.036,
          "Actual Rows": 3,
          "Actual Loops": 1,
          "Workers Planned": 2,
          "Workers Launched": 2,
          "Single Copy": false,
          "Plans": [
            {
              "Node Type": "Aggregate",
              "Strategy": "Plain",
              "Partial Mode": "Partial",
              "Parent Relationship": "Outer",
              "Parallel Aware": false,
              "Startup Cost": 108571.19,
              "Total Cost": 108571.2,
              "Plan Rows": 1,
              "Plan Width": 8,
              "Actual Startup Time": 446.219,
              "Actual Total Time": 446.223,
              "Actual Rows": 1,
              "Actual Loops": 3,
              "Plans": [
                {
                  "Node Type": "Nested Loop",
                  "Parent Relationship": "Outer",
                  "Parallel Aware": false,
                  "Join Type": "Inner",
                  "Startup Cost": 44532.4,
                  "Total Cost": 108563.92,
                  "Plan Rows": 2908,
                  "Plan Width": 0,
                  "Actual Startup Time": 144.903,
                  "Actual Total Time": 445.161,
                  "Actual Rows": 14083,
                  "Actual Loops": 3,
                  "Inner Unique": false,
                  "Join Filter": "(t.id = mi.movie_id)",
                  "Rows Removed by Join Filter": 0,
                  "Plans": [
                    {
                      "Node Type": "Hash Join",
                      "Parent Relationship": "Outer",
                      "Parallel Aware": true,
                      "Join Type": "Inner",
                      "Startup Cost": 44531.97,
                      "Total Cost": 60151.9,
                      "Plan Rows": 15178,
                      "Plan Width": 8,
                      "Actual Startup Time": 142.686,
                      "Actual Total Time": 225.879,
                      "Actual Rows": 12669,
                      "Actual Loops": 3,
                      "Inner Unique": true,
                      "Hash Cond": "(mi_idx.movie_id = t.id)",
                      "Plans": [
                        {
                          "Node Type": "Seq Scan",
                          "Parent Relationship": "Outer",
                          "Parallel Aware": true,
                          "Relation Name": "movie_info_idx",
                          "Alias": "mi_idx",
                          "Startup Cost": 0.0,
                          "Total Cost": 15122.68,
                          "Plan Rows": 189429,
                          "Plan Width": 4,
                          "Actual Startup Time": 0.024,
                          "Actual Total Time": 39.869,
                          "Actual Rows": 153308,
                          "Actual Loops": 3,
                          "Filter": "(info_type_id = 99)",
                          "Rows Removed by Filter": 306703
                        },
                        {
                          "Node Type": "Hash",
                          "Parent Relationship": "Inner",
                          "Parallel Aware": true,
                          "Startup Cost": 43898.92,
                          "Total Cost": 43898.92,
                          "Plan Rows": 50644,
                          "Plan Width": 4,
                          "Actual Startup Time": 139.246,
                          "Actual Total Time": 139.247,
                          "Actual Rows": 70541,
                          "Actual Loops": 3,
                          "Hash Buckets": 262144,
                          "Original Hash Buckets": 262144,
                          "Hash Batches": 1,
                          "Original Hash Batches": 1,
                          "Peak Memory Usage": 10368,
                          "Plans": [
                            {
                              "Node Type": "Seq Scan",
                              "Parent Relationship": "Outer",
                              "Parallel Aware": true,
                              "Relation Name": "title",
                              "Alias": "t",
                              "Startup Cost": 0.0,
                              "Total Cost": 43898.92,
                              "Plan Rows": 50644,
                              "Plan Width": 4,
                              "Actual Startup Time": 0.056,
                              "Actual Total Time": 116.183,
                              "Actual Rows": 70541,
                              "Actual Loops": 3,
                              "Filter": "(production_year < 1957)",
                              "Rows Removed by Filter": 772229
                            }
                          ]
                        }
                      ]
                    },
                    {
                      "Node Type": "Index Scan",
                      "Parent Relationship": "Inner",
                      "Parallel Aware": false,
                      "Scan Direction": "Forward",
                      "Index Name": "movie_id_movie_info",
                      "Relation Name": "movie_info",
                      "Alias": "mi",
                      "Startup Cost": 0.43,
                      "Total Cost": 3.18,
                      "Plan Rows": 1,
                      "Plan Width": 4,
                      "Actual Startup Time": 0.015,
                      "Actual Total Time": 0.017,
                      "Actual Rows": 1,
                      "Actual Loops": 38007,
                      "Index Cond": "(movie_id = mi_idx.movie_id)",
                      "Rows Removed by Index Recheck": 0,
                      "Filter": "(info_type_id = 5)",
                      "Rows Removed by Filter": 18
                    }
                  ]
                }
              ]
            }
          ]
        }
      ]
    },
    "Planning Time": 1.408,
    "Triggers": [],
    "Execution Time": 502.145
  }
]