[
  {
    "Plan": {
      "Node Type": "Aggregate",
      "Strategy": "Plain",
      "Partial Mode": "Finalize",
      "Parallel Aware": false,
      "Startup Cost": 76148.92,
      "Total Cost": 76148.93,
      "Plan Rows": 1,
      "Plan Width": 8,
      "Actual Startup Time": 223.912,
      "Actual Total Time": 239.821,
      "Actual Rows": 1,
      "Actual Loops": 1,
      "Plans": [
        {
          "Node Type": "Gather",
          "Parent Relationship": "Outer",
          "Parallel Aware": false,
          "Startup Cost": 76148.5,
          "Total Cost": 76148.91,
          "Plan Rows": 4,
          "Plan Width": 8,
          "Actual Startup Time": 223.405,
          "Actual Total Time": 239.813,
          "Actual Rows": 5,
          "Actual Loops": 1,
          "Workers Planned": 4,
          "Workers Launched": 4,
          "Single Copy": false,
          "Plans": [
            {
              "Node Type": "Aggregate",
              "Strategy": "Plain",
              "Partial Mode": "Partial",
              "Parent Relationship": "Outer",
              "Parallel Aware": false,
              "Startup Cost": 75148.5,
              "Total Cost": 75148.51,
              "Plan Rows": 1,
              "Plan Width": 8,
              "Actual Startup Time": 213.223,
              "Actual Total Time": 213.227,
              "Actual Rows": 1,
              "Actual Loops": 5,
              "Plans": [
                {
                  "Node Type": "Nested Loop",
                  "Parent Relationship": "Outer",
                  "Parallel Aware": false,
                  "Join Type": "Inner",
                  "Startup Cost": 20763.94,
                  "Total Cost": 75125.87,
                  "Plan Rows": 9052,
                  "Plan Width": 0,
                  "Actual Startup Time": 35.884,
                  "Actual Total Time": 212.237,
                  "Actual Rows": 16045,
                  "Actual Loops": 5,
                  "Inner Unique": false,
                  "Plans": [
                    {
                      "Node Type": "Hash Join",
                      "Parent Relationship": "Outer",
                      "Parallel Aware": true,
                      "Join Type": "Inner",
                      "Startup Cost": 20763.52,
                      "Total Cost": 66296.11,
                      "Plan Rows": 16584,
                      "Plan Width": 8,
                      "Actual Startup Time": 35.532,
                      "Actual Total Time": 167.468,
                      "Actual Rows": 13986,
                      "Actual Loops": 5,
                      "Inner Unique": false,
                      "Hash Cond": "(t.id = mc.movie_id)",
                      "Plans": [
                        {
                          "Node Type": "Seq Scan",
                          "Parent Relationship": "Outer",
                          "Parallel Aware": true,
                          "Relation Name": "title",
                          "Alias": "t",
                          "Startup Cost": 0.0,
                          "Total Cost": 42318.73,
                          "Plan Rows": 632073,
                          "Plan Width": 4,
                          "Actual Startup Time": 0.015,
                          "Actual Total Time": 65.628,
                          "Actual Rows": 505662,
                          "Actual Loops": 5
                        },
                        {
                          "Node Type": "Hash",
                          "Parent Relationship": "Inner",
                          "Parallel Aware": true,
                          "Startup Cost": 20496.03,
                          "Total Cost": 20496.03,
                          "Plan Rows": 21399,
                          "Plan Width": 4,
                          "Actual Startup Time": 33.977,
                          "Actual Total Time": 33.978,
                          "Actual Rows": 13986,
                          "Actual Loops": 5,
                          "Hash Buckets": 131072,
                          "Original Hash Buckets": 131072,
                          "Hash Batches": 1,
                          "Original Hash Batches": 1,
                          "Peak Memory Usage": 3808,
                          "Plans": [
                            {
                              "Node Type": "Bitmap Heap Scan",
                              "Parent Relationship": "Outer",
                              "Parallel Aware": true,
                              "Relation Name": "movie_companies",
                              "Alias": "mc",
                              "Startup Cost": 1438.54,
                              "Total Cost": 20496.03,
                              "Plan Rows": 21399,
                              "Plan Width": 4,
                              "Actual Startup Time": 5.937,
                              "Actual Total Time": 25.856,
                              "Actual Rows": 13986,
                              "Actual Loops": 5,
                              "Recheck Cond": "(company_id < 11)",
                              "Rows Removed by Index Recheck": 0,
                              "Exact Heap Blocks": 4018,
                              "Lossy Heap Blocks": 0,
                              "Plans": [
                                {
                                  "Node Type": "Bitmap Index Scan",
                                  "Parent Relationship": "Outer",
                                  "Parallel Aware": false,
                                  "Index Name": "company_id_movie_companies",
                                  "Startup Cost": 0.0,
                                  "Total Cost": 1421.96,
                                  "Plan Rows": 66337,
                                  "Plan Width": 0,
                                  "Actual Startup Time": 8.279,
                                  "Actual Total Time": 8.279,
                                  "Actual Rows": 69928,
                                  "Actual Loops": 1,
                                  "Index Cond": "(company_id < 11)"
                                }
                              ]
                            }
                          ]
                        }
                      ]
                    },
                    {
                      "Node Type": "Index Only Scan",
                      "Parent Relationship": "Inner",
                      "Parallel Aware": false,
                      "Scan Direction": "Forward",
                      "Index Name": "movie_id_movie_info_idx",
                      "Relation Name": "movie_info_idx",
                      "Alias": "mi_idx",
                      "Startup Cost": 0.43,
                      "Total Cost": 0.5,
                      "Plan Rows": 3,
                      "Plan Width": 4,
                      "Actual Startup Time": 0.003,
                      "Actual Total Time": 0.003,
                      "Actual Rows": 1,
                      "Actual Loops": 69928,
                      "Index Cond": "(movie_id = t.id)",
                      "Rows Removed by Index Recheck": 0,
                      "Heap Fetches": 80224
                    }
                  ]
                }
              ]
            }
          ]
        }
      ]
    },
    "Planning Time": 1.492,
    "Triggers": [],
    "Execution Time": 239.925
  }
]