{
  "Plan": {
    "Node Type": "Aggregate",
    "Strategy": "Plain",
    "Partial Mode": "Finalize",
    "Parallel Aware": false,
    "Startup Cost": 472548.03,
    "Total Cost": 472548.04,
    "Plan Rows": 1,
    "Plan Width": 8,
    "Actual Startup Time": 1140.776,
    "Actual Total Time": 1177.158,
    "Actual Rows": 1,
    "Actual Loops": 1,
    "Plans": [
      {
        "Node Type": "Gather",
        "Parent Relationship": "Outer",
        "Parallel Aware": false,
        "Startup Cost": 472547.92,
        "Total Cost": 472548.03,
        "Plan Rows": 1,
        "Plan Width": 8,
        "Actual Startup Time": 1140.465,
        "Actual Total Time": 1177.149,
        "Actual Rows": 2,
        "Actual Loops": 1,
        "Workers Planned": 1,
        "Workers Launched": 1,
        "Single Copy": false,
        "Plans": [
          {
            "Node Type": "Aggregate",
            "Strategy": "Plain",
            "Partial Mode": "Partial",
            "Parent Relationship": "Outer",
            "Parallel Aware": false,
            "Startup Cost": 471547.92,
            "Total Cost": 471547.93,
            "Plan Rows": 1,
            "Plan Width": 8,
            "Actual Startup Time": 1134.525,
            "Actual Total Time": 1134.529,
            "Actual Rows": 1,
            "Actual Loops": 2,
            "Plans": [
              {
                "Node Type": "Hash Join",
                "Parent Relationship": "Outer",
                "Parallel Aware": true,
                "Join Type": "Inner",
                "Startup Cost": 58806.9,
                "Total Cost": 471254.2,
                "Plan Rows": 117489,
                "Plan Width": 0,
                "Actual Startup Time": 836.219,
                "Actual Total Time": 1133.13,
                "Actual Rows": 28226,
                "Actual Loops": 2,
                "Inner Unique": true,
                "Hash Cond": "(ci.movie_id = t.id)",
                "Plans": [
                  {
                    "Node Type": "Index Scan",
                    "Parent Relationship": "Outer",
                    "Parallel Aware": true,
                    "Scan Direction": "Forward",
                    "Index Name": "role_id_cast_info",
                    "Relation Name": "cast_info",
                    "Alias": "ci",
                    "Startup Cost": 0.56,
                    "Total Cost": 400977.7,
                    "Plan Rows": 4369579,
                    "Plan Width": 4,
                    "Actual Startup Time": 674.932,
                    "Actual Total Time": 850.664,
                    "Actual Rows": 1048855,
                    "Actual Loops": 2,
                    "Index Cond": "(role_id = 1)",
                    "Rows Removed by Index Recheck": 0,
                    "Filter": "(person_id > 1444677)",
                    "Rows Removed by Filter": 5286489
                  },
                  {
                    "Node Type": "Hash",
                    "Parent Relationship": "Inner",
                    "Parallel Aware": true,
                    "Startup Cost": 58306.47,
                    "Total Cost": 58306.47,
                    "Plan Rows": 39989,
                    "Plan Width": 4,
                    "Actual Startup Time": 158.623,
                    "Actual Total Time": 158.624,
                    "Actual Rows": 37262,
                    "Actual Loops": 2,
                    "Hash Buckets": 131072,
                    "Original Hash Buckets": 131072,
                    "Hash Batches": 1,
                    "Original Hash Batches": 1,
                    "Peak Memory Usage": 3968,
                    "Plans": [
                      {
                        "Node Type": "Seq Scan",
                        "Parent Relationship": "Outer",
                        "Parallel Aware": true,
                        "Relation Name": "title",
                        "Alias": "t",
                        "Startup Cost": 0.0,
                        "Total Cost": 58306.47,
                        "Plan Rows": 39989,
                        "Plan Width": 4,
                        "Actual Startup Time": 0.047,
                        "Actual Total Time": 145.655,
                        "Actual Rows": 37262,
                        "Actual Loops": 2,
                        "Filter": "((kind_id = 7) AND (production_year = 2006))",
                        "Rows Removed by Filter": 1226894
                      }
                    ]
                  }
                ]
              }
            ]
          }
        ]
      }
    ]
  },
  "Planning Time": 0.537,
  "Triggers": [],
  "Execution Time": 1177.25
}