[
  {
    "Plan": {
      "Node Type": "Aggregate",
      "Strategy": "Plain",
      "Partial Mode": "Finalize",
      "Parallel Aware": false,
      "Startup Cost": 266975.76,
      "Total Cost": 266975.77,
      "Plan Rows": 1,
      "Plan Width": 8,
      "Actual Startup Time": 949.343,
      "Actual Total Time": 971.667,
      "Actual Rows": 1,
      "Actual Loops": 1,
      "Plans": [
        {
          "Node Type": "Gather",
          "Parent Relationship": "Outer",
          "Parallel Aware": false,
          "Startup Cost": 266975.44,
          "Total Cost": 266975.75,
          "Plan Rows": 3,
          "Plan Width": 8,
          "Actual Startup Time": 945.226,
          "Actual Total Time": 971.649,
          "Actual Rows": 4,
          "Actual Loops": 1,
          "Workers Planned": 3,
          "Workers Launched": 3,
          "Single Copy": false,
          "Plans": [
            {
              "Node Type": "Aggregate",
              "Strategy": "Plain",
              "Partial Mode": "Partial",
              "Parent Relationship": "Outer",
              "Parallel Aware": false,
              "Startup Cost": 265975.44,
              "Total Cost": 265975.45,
              "Plan Rows": 1,
              "Plan Width": 8,
              "Actual Startup Time": 935.411,
              "Actual Total Time": 935.732,
              "Actual Rows": 1,
              "Actual Loops": 4,
              "Plans": [
                {
                  "Node Type": "Hash Join",
                  "Parent Relationship": "Outer",
                  "Parallel Aware": true,
                  "Join Type": "Inner",
                  "Startup Cost": 235232.78,
                  "Total Cost": 265764.38,
                  "Plan Rows": 84422,
                  "Plan Width": 0,
                  "Actual Startup Time": 472.026,
                  "Actual Total Time": 811.253,
                  "Actual Rows": 2756232,
                  "Actual Loops": 4,
                  "Inner Unique": false,
                  "Hash Cond": "(mc.movie_id = t.id)",
                  "Plans": [
                    {
                      "Node Type": "Seq Scan",
                      "Parent Relationship": "Outer",
                      "Parallel Aware": true,
                      "Relation Name": "movie_companies",
                      "Alias": "mc",
                      "Startup Cost": 0.0,
                      "Total Cost": 27206.55,
                      "Plan Rows": 841655,
                      "Plan Width": 4,
                      "Actual Startup Time": 0.012,
                      "Actual Total Time": 57.795,
                      "Actual Rows": 652282,
                      "Actual Loops": 4
                    },
                    {
                      "Node Type": "Hash",
                      "Parent Relationship": "Inner",
                      "Parallel Aware": true,
                      "Startup Cost": 234598.74,
                      "Total Cost": 234598.74,
                      "Plan Rows": 50723,
                      "Plan Width": 8,
                      "Actual Startup Time": 440.911,
                      "Actual Total Time": 441.23,
                      "Actual Rows": 186835,
                      "Actual Loops": 4,
                      "Hash Buckets": 1048576,
                      "Original Hash Buckets": 262144,
                      "Hash Batches": 1,
                      "Original Hash Batches": 1,
                      "Peak Memory Usage": 43616,
                      "Plans": [
                        {
                          "Node Type": "Hash Join",
                          "Parent Relationship": "Outer",
                          "Parallel Aware": true,
                          "Join Type": "Inner",
                          "Startup Cost": 68954.54,
                          "Total Cost": 234598.74,
                          "Plan Rows": 50723,
                          "Plan Width": 8,
                          "Actual Startup Time": 206.561,
                          "Actual Total Time": 362.842,
                          "Actual Rows": 186835,
                          "Actual Loops": 4,
                          "Inner Unique": true,
                          "Hash Cond": "(mi.movie_id = t.id)",
                          "Plans": [
                            {
                              "Node Type": "Bitmap Heap Scan",
                              "Parent Relationship": "Outer",
                              "Parallel Aware": true,
                              "Relation Name": "movie_info",
                              "Alias": "mi",
                              "Startup Cost": 21814.75,
                              "Total Cost": 186825.28,
                              "Plan Rows": 241402,
                              "Plan Width": 4,
                              "Actual Startup Time": 53.797,
                              "Actual Total Time": 131.775,
                              "Actual Rows": 301177,
                              "Actual Loops": 4,
                              "Recheck Cond": "(info_type_id > 18)",
                              "Rows Removed by Index Recheck": 0,
                              "Exact Heap Blocks": 10483,
                              "Lossy Heap Blocks": 0,
                              "Plans": [
                                {
                                  "Node Type": "Bitmap Index Scan",
                                  "Parent Relationship": "Outer",
                                  "Parallel Aware": false,
                                  "Index Name": "info_type_id_movie_info",
                                  "Startup Cost": 0.0,
                                  "Total Cost": 21513.0,
                                  "Plan Rows": 1207009,
                                  "Plan Width": 0,
                                  "Actual Startup Time": 48.185,
                                  "Actual Total Time": 48.186,
                                  "Actual Rows": 1204709,
                                  "Actual Loops": 1,
                                  "Index Cond": "(info_type_id > 18)"
                                }
                              ]
                            },
                            {
                              "Node Type": "Hash",
                              "Parent Relationship": "Inner",
                              "Parallel Aware": true,
                              "Startup Cost": 45479.59,
                              "Total Cost": 45479.59,
                              "Plan Rows": 132816,
                              "Plan Width": 4,
                              "Actual Startup Time": 146.01,
                              "Actual Total Time": 146.012,
                              "Actual Rows": 102025,
                              "Actual Loops": 4,
                              "Hash Buckets": 1048576,
                              "Original Hash Buckets": 1048576,
                              "Hash Batches": 1,
                              "Original Hash Batches": 1,
                              "Peak Memory Usage": 24224,
                              "Plans": [
                                {
                                  "Node Type": "Seq Scan",
                                  "Parent Relationship": "Outer",
                                  "Parallel Aware": true,
                                  "Relation Name": "title",
                                  "Alias": "t",
                                  "Startup Cost": 0.0,
                                  "Total Cost": 45479.59,
                                  "Plan Rows": 132816,
                                  "Plan Width": 4,
                                  "Actual Startup Time": 49.203,
                                  "Actual Total Time": 107.027,
                                  "Actual Rows": 102025,
                                  "Actual Loops": 4,
                                  "Filter": "((production_year > 1974) AND (kind_id = 1))",
                                  "Rows Removed by Filter": 530053
                                }
                              ]
                            }
                          ]
                        }
                      ]
                    }
                  ]
                }
              ]
            }
          ]
        }
      ]
    },
    "Planning Time": 1.287,
    "Triggers": [],
    "Execution Time": 971.763
  }
]