[
  {
    "Plan": {
      "Node Type": "Aggregate",
      "Strategy": "Plain",
      "Partial Mode": "Finalize",
      "Parallel Aware": false,
      "Startup Cost": 330634.07,
      "Total Cost": 330634.08,
      "Plan Rows": 1,
      "Plan Width": 8,
      "Actual Startup Time": 622.785,
      "Actual Total Time": 667.584,
      "Actual Rows": 1,
      "Actual Loops": 1,
      "Plans": [
        {
          "Node Type": "Gather",
          "Parent Relationship": "Outer",
          "Parallel Aware": false,
          "Startup Cost": 330633.45,
          "Total Cost": 330634.06,
          "Plan Rows": 6,
          "Plan Width": 8,
          "Actual Startup Time": 622.564,
          "Actual Total Time": 667.566,
          "Actual Rows": 7,
          "Actual Loops": 1,
          "Workers Planned": 6,
          "Workers Launched": 6,
          "Single Copy": false,
          "Plans": [
            {
              "Node Type": "Aggregate",
              "Strategy": "Plain",
              "Partial Mode": "Partial",
              "Parent Relationship": "Outer",
              "Parallel Aware": false,
              "Startup Cost": 329633.45,
              "Total Cost": 329633.46,
              "Plan Rows": 1,
              "Plan Width": 8,
              "Actual Startup Time": 611.743,
              "Actual Total Time": 611.744,
              "Actual Rows": 1,
              "Actual Loops": 7,
              "Plans": [
                {
                  "Node Type": "Seq Scan",
                  "Parent Relationship": "Outer",
                  "Parallel Aware": true,
                  "Relation Name": "cast_info",
                  "Alias": "ci",
                  "Startup Cost": 0.0,
                  "Total Cost": 328211.39,
                  "Plan Rows": 568823,
                  "Plan Width": 0,
                  "Actual Startup Time": 459.675,
                  "Actual Total Time": 585.805,
                  "Actual Rows": 477998,
                  "Actual Loops": 7,
                  "Filter": "(person_id > 3447346)",
                  "Rows Removed by Filter": 4699766
                }
              ]
            }
          ]
        }
      ]
    },
    "Planning Time": 0.215,
    "Triggers": [],
    "Execution Time": 667.658
  }
]