[
  {
    "Plan": {
      "Node Type": "Aggregate",
      "Strategy": "Plain",
      "Partial Mode": "Finalize",
      "Parallel Aware": false,
      "Startup Cost": 330621.07,
      "Total Cost": 330621.08,
      "Plan Rows": 1,
      "Plan Width": 8,
      "Actual Startup Time": 576.229,
      "Actual Total Time": 630.05,
      "Actual Rows": 1,
      "Actual Loops": 1,
      "Plans": [
        {
          "Node Type": "Gather",
          "Parent Relationship": "Outer",
          "Parallel Aware": false,
          "Startup Cost": 330620.45,
          "Total Cost": 330621.06,
          "Plan Rows": 6,
          "Plan Width": 8,
          "Actual Startup Time": 576.095,
          "Actual Total Time": 630.039,
          "Actual Rows": 7,
          "Actual Loops": 1,
          "Workers Planned": 6,
          "Workers Launched": 6,
          "Single Copy": false,
          "Plans": [
            {
              "Node Type": "Aggregate",
              "Strategy": "Plain",
              "Partial Mode": "Partial",
              "Parent Relationship": "Outer",
              "Parallel Aware": false,
              "Startup Cost": 329620.45,
              "Total Cost": 329620.46,
              "Plan Rows": 1,
              "Plan Width": 8,
              "Actual Startup Time": 567.565,
              "Actual Total Time": 567.566,
              "Actual Rows": 1,
              "Actual Loops": 7,
              "Plans": [
                {
                  "Node Type": "Seq Scan",
                  "Parent Relationship": "Outer",
                  "Parallel Aware": true,
                  "Relation Name": "cast_info",
                  "Alias": "ci",
                  "Startup Cost": 0.0,
                  "Total Cost": 328162.03,
                  "Plan Rows": 583369,
                  "Plan Width": 0,
                  "Actual Startup Time": 427.167,
                  "Actual Total Time": 546.315,
                  "Actual Rows": 477998,
                  "Actual Loops": 7,
                  "Filter": "(person_id > 3447346)",
                  "Rows Removed by Filter": 4699766
                }
              ]
            }
          ]
        }
      ]
    },
    "Planning Time": 0.102,
    "Triggers": [],
    "Execution Time": 630.097
  }
]