[
  {
    "Plan": {
      "Node Type": "Aggregate",
      "Strategy": "Plain",
      "Partial Mode": "Finalize",
      "Parallel Aware": false,
      "Startup Cost": 345785.19,
      "Total Cost": 345785.2,
      "Plan Rows": 1,
      "Plan Width": 8,
      "Actual Startup Time": 699.013,
      "Actual Total Time": 756.379,
      "Actual Rows": 1,
      "Actual Loops": 1,
      "Plans": [
        {
          "Node Type": "Gather",
          "Parent Relationship": "Outer",
          "Parallel Aware": false,
          "Startup Cost": 345784.56,
          "Total Cost": 345785.17,
          "Plan Rows": 6,
          "Plan Width": 8,
          "Actual Startup Time": 698.865,
          "Actual Total Time": 756.369,
          "Actual Rows": 7,
          "Actual Loops": 1,
          "Workers Planned": 6,
          "Workers Launched": 6,
          "Single Copy": false,
          "Plans": [
            {
              "Node Type": "Aggregate",
              "Strategy": "Plain",
              "Partial Mode": "Partial",
              "Parent Relationship": "Outer",
              "Parallel Aware": false,
              "Startup Cost": 344784.56,
              "Total Cost": 344784.57,
              "Plan Rows": 1,
              "Plan Width": 8,
              "Actual Startup Time": 690.652,
              "Actual Total Time": 690.653,
              "Actual Rows": 1,
              "Actual Loops": 7,
              "Plans": [
                {
                  "Node Type": "Seq Scan",
                  "Parent Relationship": "Outer",
                  "Parallel Aware": true,
                  "Relation Name": "cast_info",
                  "Alias": "ci",
                  "Startup Cost": 0.0,
                  "Total Cost": 343257.03,
                  "Plan Rows": 611014,
                  "Plan Width": 0,
                  "Actual Startup Time": 372.131,
                  "Actual Total Time": 639.94,
                  "Actual Rows": 1146732,
                  "Actual Loops": 7,
                  "Filter": "((person_id > 2877790) AND (role_id > 2))",
                  "Rows Removed by Filter": 4031031
                }
              ]
            }
          ]
        }
      ]
    },
    "Planning Time": 0.249,
    "Triggers": [],
    "Execution Time": 756.453
  }
]