{
  "Plan": {
    "Node Type": "Aggregate",
    "Strategy": "Plain",
    "Partial Mode": "Finalize",
    "Parallel Aware": false,
    "Startup Cost": 106147.9,
    "Total Cost": 106147.91,
    "Plan Rows": 1,
    "Plan Width": 8,
    "Actual Startup Time": 520.192,
    "Actual Total Time": 536.051,
    "Actual Rows": 1,
    "Actual Loops": 1,
    "Plans": [
      {
        "Node Type": "Gather",
        "Parent Relationship": "Outer",
        "Parallel Aware": false,
        "Startup Cost": 106147.78,
        "Total Cost": 106147.89,
        "Plan Rows": 1,
        "Plan Width": 8,
        "Actual Startup Time": 518.824,
        "Actual Total Time": 536.041,
        "Actual Rows": 2,
        "Actual Loops": 1,
        "Workers Planned": 1,
        "Workers Launched": 1,
        "Single Copy": false,
        "Plans": [
          {
            "Node Type": "Aggregate",
            "Strategy": "Plain",
            "Partial Mode": "Partial",
            "Parent Relationship": "Outer",
            "Parallel Aware": false,
            "Startup Cost": 105147.78,
            "Total Cost": 105147.79,
            "Plan Rows": 1,
            "Plan Width": 8,
            "Actual Startup Time": 512.913,
            "Actual Total Time": 512.917,
            "Actual Rows": 1,
            "Actual Loops": 2,
            "Plans": [
              {
                "Node Type": "Hash Join",
                "Parent Relationship": "Outer",
                "Parallel Aware": true,
                "Join Type": "Inner",
                "Startup Cost": 42455.79,
                "Total Cost": 104775.92,
                "Plan Rows": 148746,
                "Plan Width": 0,
                "Actual Startup Time": 176.194,
                "Actual Total Time": 504.496,
                "Actual Rows": 202790,
                "Actual Loops": 2,
                "Inner Unique": false,
                "Hash Cond": "(t.id = mc.movie_id)",
                "Plans": [
                  {
                    "Node Type": "Seq Scan",
                    "Parent Relationship": "Outer",
                    "Parallel Aware": true,
                    "Relation Name": "title",
                    "Alias": "t",
                    "Startup Cost": 0.0,
                    "Total Cost": 54588.39,
                    "Plan Rows": 1097081,
                    "Plan Width": 4,
                    "Actual Startup Time": 0.012,
                    "Actual Total Time": 140.948,
                    "Actual Rows": 932744,
                    "Actual Loops": 2,
                    "Filter": "(kind_id > 1)",
                    "Rows Removed by Filter": 331412
                  },
                  {
                    "Node Type": "Hash",
                    "Parent Relationship": "Inner",
                    "Parallel Aware": true,
                    "Startup Cost": 39935.23,
                    "Total Cost": 39935.23,
                    "Plan Rows": 201645,
                    "Plan Width": 4,
                    "Actual Startup Time": 170.539,
                    "Actual Total Time": 170.541,
                    "Actual Rows": 247118,
                    "Actual Loops": 2,
                    "Hash Buckets": 524288,
                    "Original Hash Buckets": 524288,
                    "Hash Batches": 1,
                    "Original Hash Batches": 1,
                    "Peak Memory Usage": 23456,
                    "Plans": [
                      {
                        "Node Type": "Bitmap Heap Scan",
                        "Parent Relationship": "Outer",
                        "Parallel Aware": true,
                        "Relation Name": "movie_companies",
                        "Alias": "mc",
                        "Startup Cost": 15000.85,
                        "Total Cost": 39935.23,
                        "Plan Rows": 201645,
                        "Plan Width": 4,
                        "Actual Startup Time": 47.651,
                        "Actual Total Time": 123.079,
                        "Actual Rows": 247118,
                        "Actual Loops": 2,
                        "Recheck Cond": "(company_id < 1284)",
                        "Rows Removed by Index Recheck": 0,
                        "Filter": "(company_type_id = 1)",
                        "Rows Removed by Filter": 99244,
                        "Exact Heap Blocks": 11086,
                        "Lossy Heap Blocks": 0,
                        "Plans": [
                          {
                            "Node Type": "Bitmap Index Scan",
                            "Parent Relationship": "Outer",
                            "Parallel Aware": false,
                            "Index Name": "company_id_movie_companies",
                            "Startup Cost": 0.0,
                            "Total Cost": 14915.15,
                            "Plan Rows": 696363,
                            "Plan Width": 0,
                            "Actual Startup Time": 44.942,
                            "Actual Total Time": 44.942,
                            "Actual Rows": 692726,
                            "Actual Loops": 1,
                            "Index Cond": "(company_id < 1284)"
                          }
                        ]
                      }
                    ]
                  }
                ]
              }
            ]
          }
        ]
      }
    ]
  },
  "Planning Time": 0.645,
  "Triggers": [],
  "Execution Time": 536.141
}