[
  {
    "Plan": {
      "Node Type": "Aggregate",
      "Strategy": "Plain",
      "Partial Mode": "Finalize",
      "Parallel Aware": false,
      "Startup Cost": 155291.57,
      "Total Cost": 155291.58,
      "Plan Rows": 1,
      "Plan Width": 8,
      "Actual Startup Time": 2224.14,
      "Actual Total Time": 2311.675,
      "Actual Rows": 1,
      "Actual Loops": 1,
      "Plans": [
        {
          "Node Type": "Gather",
          "Parent Relationship": "Outer",
          "Parallel Aware": false,
          "Startup Cost": 155291.25,
          "Total Cost": 155291.56,
          "Plan Rows": 3,
          "Plan Width": 8,
          "Actual Startup Time": 2220.922,
          "Actual Total Time": 2311.663,
          "Actual Rows": 4,
          "Actual Loops": 1,
          "Workers Planned": 3,
          "Workers Launched": 3,
          "Single Copy": false,
          "Plans": [
            {
              "Node Type": "Aggregate",
              "Strategy": "Plain",
              "Partial Mode": "Partial",
              "Parent Relationship": "Outer",
              "Parallel Aware": false,
              "Startup Cost": 154291.25,
              "Total Cost": 154291.26,
              "Plan Rows": 1,
              "Plan Width": 8,
              "Actual Startup Time": 2212.453,
              "Actual Total Time": 2212.458,
              "Actual Rows": 1,
              "Actual Loops": 4,
              "Plans": [
                {
                  "Node Type": "Nested Loop",
                  "Parent Relationship": "Outer",
                  "Parallel Aware": false,
                  "Join Type": "Inner",
                  "Startup Cost": 51345.17,
                  "Total Cost": 153975.13,
                  "Plan Rows": 126446,
                  "Plan Width": 0,
                  "Actual Startup Time": 227.878,
                  "Actual Total Time": 2175.644,
                  "Actual Rows": 687872,
                  "Actual Loops": 4,
                  "Inner Unique": false,
                  "Plans": [
                    {
                      "Node Type": "Hash Join",
                      "Parent Relationship": "Outer",
                      "Parallel Aware": true,
                      "Join Type": "Inner",
                      "Startup Cost": 51344.61,
                      "Total Cost": 76797.73,
                      "Plan Rows": 25904,
                      "Plan Width": 8,
                      "Actual Startup Time": 227.742,
                      "Actual Total Time": 303.336,
                      "Actual Rows": 46192,
                      "Actual Loops": 4,
                      "Inner Unique": true,
                      "Hash Cond": "(mk.movie_id = t.id)",
                      "Plans": [
                        {
                          "Node Type": "Bitmap Heap Scan",
                          "Parent Relationship": "Outer",
                          "Parallel Aware": true,
                          "Relation Name": "movie_keyword",
                          "Alias": "mk",
                          "Startup Cost": 4347.48,
                          "Total Cost": 29627.2,
                          "Plan Rows": 66058,
                          "Plan Width": 4,
                          "Actual Startup Time": 17.391,
                          "Actual Total Time": 55.707,
                          "Actual Rows": 54484,
                          "Actual Loops": 4,
                          "Recheck Cond": "(keyword_id < 154)",
                          "Rows Removed by Index Recheck": 0,
                          "Exact Heap Blocks": 6227,
                          "Lossy Heap Blocks": 0,
                          "Plans": [
                            {
                              "Node Type": "Bitmap Index Scan",
                              "Parent Relationship": "Outer",
                              "Parallel Aware": false,
                              "Index Name": "keyword_id_movie_keyword",
                              "Startup Cost": 0.0,
                              "Total Cost": 4296.28,
                              "Plan Rows": 204780,
                              "Plan Width": 0,
                              "Actual Startup Time": 13.823,
                              "Actual Total Time": 13.824,
                              "Actual Rows": 217936,
                              "Actual Loops": 1,
                              "Index Cond": "(keyword_id < 154)"
                            }
                          ]
                        },
                        {
                          "Node Type": "Hash",
                          "Parent Relationship": "Inner",
                          "Parallel Aware": true,
                          "Startup Cost": 43898.92,
                          "Total Cost": 43898.92,
                          "Plan Rows": 247857,
                          "Plan Width": 4,
                          "Actual Startup Time": 205.518,
                          "Actual Total Time": 205.519,
                          "Actual Rows": 246262,
                          "Actual Loops": 4,
                          "Hash Buckets": 1048576,
                          "Original Hash Buckets": 1048576,
                          "Hash Batches": 1,
                          "Original Hash Batches": 1,
                          "Peak Memory Usage": 46784,
                          "Plans": [
                            {
                              "Node Type": "Seq Scan",
                              "Parent Relationship": "Outer",
                              "Parallel Aware": true,
                              "Relation Name": "title",
                              "Alias": "t",
                              "Startup Cost": 0.0,
                              "Total Cost": 43898.92,
                              "Plan Rows": 247857,
                              "Plan Width": 4,
                              "Actual Startup Time": 0.037,
                              "Actual Total Time": 114.126,
                              "Actual Rows": 246262,
                              "Actual Loops": 4,
                              "Filter": "(kind_id < 7)",
                              "Rows Removed by Filter": 385816
                            }
                          ]
                        }
                      ]
                    },
                    {
                      "Node Type": "Index Scan",
                      "Parent Relationship": "Inner",
                      "Parallel Aware": false,
                      "Scan Direction": "Forward",
                      "Index Name": "movie_id_cast_info",
                      "Relation Name": "cast_info",
                      "Alias": "ci",
                      "Startup Cost": 0.56,
                      "Total Cost": 2.85,
                      "Plan Rows": 13,
                      "Plan Width": 4,
                      "Actual Startup Time": 0.027,
                      "Actual Total Time": 0.039,
                      "Actual Rows": 15,
                      "Actual Loops": 184766,
                      "Index Cond": "(movie_id = t.id)",
                      "Rows Removed by Index Recheck": 0,
                      "Filter": "(role_id > 3)",
                      "Rows Removed by Filter": 25
                    }
                  ]
                }
              ]
            }
          ]
        }
      ]
    },
    "Planning Time": 1.311,
    "Triggers": [],
    "Execution Time": 2311.801
  }
]