{
  "Plan": {
    "Node Type": "Aggregate",
    "Strategy": "Plain",
    "Partial Mode": "Simple",
    "Parallel Aware": false,
    "Startup Cost": 79366.26,
    "Total Cost": 79366.27,
    "Plan Rows": 1,
    "Plan Width": 8,
    "Actual Startup Time": 213.466,
    "Actual Total Time": 226.237,
    "Actual Rows": 1,
    "Actual Loops": 1,
    "Plans": [
      {
        "Node Type": "Gather",
        "Parent Relationship": "Outer",
        "Parallel Aware": false,
        "Startup Cost": 60292.33,
        "Total Cost": 79366.26,
        "Plan Rows": 1,
        "Plan Width": 0,
        "Actual Startup Time": 209.694,
        "Actual Total Time": 226.23,
        "Actual Rows": 3,
        "Actual Loops": 1,
        "Workers Planned": 1,
        "Workers Launched": 1,
        "Single Copy": false,
        "Plans": [
          {
            "Node Type": "Hash Join",
            "Parent Relationship": "Outer",
            "Parallel Aware": false,
            "Join Type": "Inner",
            "Startup Cost": 59292.33,
            "Total Cost": 78366.16,
            "Plan Rows": 1,
            "Plan Width": 0,
            "Actual Startup Time": 188.352,
            "Actual Total Time": 207.345,
            "Actual Rows": 2,
            "Actual Loops": 2,
            "Inner Unique": false,
            "Hash Cond": "(t.id = mk.movie_id)",
            "Plans": [
              {
                "Node Type": "Hash Join",
                "Parent Relationship": "Outer",
                "Parallel Aware": true,
                "Join Type": "Inner",
                "Startup Cost": 58366.24,
                "Total Cost": 77165.69,
                "Plan Rows": 878,
                "Plan Width": 8,
                "Actual Startup Time": 136.517,
                "Actual Total Time": 205.271,
                "Actual Rows": 1916,
                "Actual Loops": 2,
                "Inner Unique": true,
                "Hash Cond": "(mi_idx.movie_id = t.id)",
                "Plans": [
                  {
                    "Node Type": "Seq Scan",
                    "Parent Relationship": "Outer",
                    "Parallel Aware": true,
                    "Relation Name": "movie_info_idx",
                    "Alias": "mi_idx",
                    "Startup Cost": 0.0,
                    "Total Cost": 18082.32,
                    "Plan Rows": 273193,
                    "Plan Width": 4,
                    "Actual Startup Time": 0.019,
                    "Actual Total Time": 49.835,
                    "Actual Rows": 229962,
                    "Actual Loops": 2,
                    "Filter": "(info_type_id = 100)",
                    "Rows Removed by Filter": 460055
                  },
                  {
                    "Node Type": "Hash",
                    "Parent Relationship": "Inner",
                    "Parallel Aware": true,
                    "Startup Cost": 58306.47,
                    "Total Cost": 58306.47,
                    "Plan Rows": 4782,
                    "Plan Width": 4,
                    "Actual Startup Time": 135.84,
                    "Actual Total Time": 135.84,
                    "Actual Rows": 4334,
                    "Actual Loops": 2,
                    "Hash Buckets": 8192,
                    "Original Hash Buckets": 8192,
                    "Hash Batches": 1,
                    "Original Hash Batches": 1,
                    "Peak Memory Usage": 448,
                    "Plans": [
                      {
                        "Node Type": "Seq Scan",
                        "Parent Relationship": "Outer",
                        "Parallel Aware": true,
                        "Relation Name": "title",
                        "Alias": "t",
                        "Startup Cost": 0.0,
                        "Total Cost": 58306.47,
                        "Plan Rows": 4782,
                        "Plan Width": 4,
                        "Actual Startup Time": 0.362,
                        "Actual Total Time": 134.446,
                        "Actual Rows": 4334,
                        "Actual Loops": 2,
                        "Filter": "((kind_id < 7) AND (production_year = 1989))",
                        "Rows Removed by Filter": 1259822
                      }
                    ]
                  }
                ]
              },
              {
                "Node Type": "Hash",
                "Parent Relationship": "Inner",
                "Parallel Aware": false,
                "Startup Cost": 922.98,
                "Total Cost": 922.98,
                "Plan Rows": 248,
                "Plan Width": 4,
                "Actual Startup Time": 1.579,
                "Actual Total Time": 1.581,
                "Actual Rows": 63,
                "Actual Loops": 2,
                "Hash Buckets": 1024,
                "Original Hash Buckets": 1024,
                "Hash Batches": 1,
                "Original Hash Batches": 1,
                "Peak Memory Usage": 11,
                "Plans": [
                  {
                    "Node Type": "Bitmap Heap Scan",
                    "Parent Relationship": "Outer",
                    "Parallel Aware": false,
                    "Relation Name": "movie_keyword",
                    "Alias": "mk",
                    "Startup Cost": 6.35,
                    "Total Cost": 922.98,
                    "Plan Rows": 248,
                    "Plan Width": 4,
                    "Actual Startup Time": 0.219,
                    "Actual Total Time": 1.494,
                    "Actual Rows": 63,
                    "Actual Loops": 2,
                    "Recheck Cond": "(keyword_id = 43392)",
                    "Rows Removed by Index Recheck": 0,
                    "Exact Heap Blocks": 63,
                    "Lossy Heap Blocks": 0,
                    "Plans": [
                      {
                        "Node Type": "Bitmap Index Scan",
                        "Parent Relationship": "Outer",
                        "Parallel Aware": false,
                        "Index Name": "keyword_id_movie_keyword",
                        "Startup Cost": 0.0,
                        "Total Cost": 6.29,
                        "Plan Rows": 248,
                        "Plan Width": 0,
                        "Actual Startup Time": 0.165,
                        "Actual Total Time": 0.165,
                        "Actual Rows": 63,
                        "Actual Loops": 2,
                        "Index Cond": "(keyword_id = 43392)"
                      }
                    ]
                  }
                ]
              }
            ]
          }
        ]
      }
    ]
  },
  "Planning Time": 0.709,
  "Triggers": [],
  "Execution Time": 226.337
}