[
    {
        "Bao": {
            "Bao prediction": 459.52,
            "Bao recommended hint": "SET enable_mergejoin TO off; SET enable_indexscan TO off; "
        }
    },
    {
        "Plan": {
            "Node Type": "Aggregate",
            "Strategy": "Plain",
            "Partial Mode": "Finalize",
            "Parallel Aware": false,
            "Startup Cost": 346508.72,
            "Total Cost": 346508.73,
            "Plan Rows": 1,
            "Plan Width": 8,
            "Actual Startup Time": 815.271,
            "Actual Total Time": 855.096,
            "Actual Rows": 1,
            "Actual Loops": 1,
            "Output": [
                "count(*)"
            ],
            "Plans": [
                {
                    "Node Type": "Gather",
                    "Parent Relationship": "Outer",
                    "Parallel Aware": false,
                    "Startup Cost": 346508.09,
                    "Total Cost": 346508.7,
                    "Plan Rows": 6,
                    "Plan Width": 8,
                    "Actual Startup Time": 815.163,
                    "Actual Total Time": 855.085,
                    "Actual Rows": 7,
                    "Actual Loops": 1,
                    "Output": [
                        "(PARTIAL count(*))"
                    ],
                    "Workers Planned": 6,
                    "Workers Launched": 6,
                    "Single Copy": false,
                    "Plans": [
                        {
                            "Node Type": "Aggregate",
                            "Strategy": "Plain",
                            "Partial Mode": "Partial",
                            "Parent Relationship": "Outer",
                            "Parallel Aware": false,
                            "Startup Cost": 345508.09,
                            "Total Cost": 345508.1,
                            "Plan Rows": 1,
                            "Plan Width": 8,
                            "Actual Startup Time": 805.806,
                            "Actual Total Time": 805.807,
                            "Actual Rows": 1,
                            "Actual Loops": 7,
                            "Output": [
                                "PARTIAL count(*)"
                            ],
                            "Workers": [
                                {
                                    "Worker Number": 0,
                                    "Actual Startup Time": 803.889,
                                    "Actual Total Time": 803.89,
                                    "Actual Rows": 1,
                                    "Actual Loops": 1
                                },
                                {
                                    "Worker Number": 1,
                                    "Actual Startup Time": 803.892,
                                    "Actual Total Time": 803.893,
                                    "Actual Rows": 1,
                                    "Actual Loops": 1
                                },
                                {
                                    "Worker Number": 2,
                                    "Actual Startup Time": 803.937,
                                    "Actual Total Time": 803.938,
                                    "Actual Rows": 1,
                                    "Actual Loops": 1
                                },
                                {
                                    "Worker Number": 3,
                                    "Actual Startup Time": 804.353,
                                    "Actual Total Time": 804.354,
                                    "Actual Rows": 1,
                                    "Actual Loops": 1
                                },
                                {
                                    "Worker Number": 4,
                                    "Actual Startup Time": 805.027,
                                    "Actual Total Time": 805.028,
                                    "Actual Rows": 1,
                                    "Actual Loops": 1
                                },
                                {
                                    "Worker Number": 5,
                                    "Actual Startup Time": 805.187,
                                    "Actual Total Time": 805.188,
                                    "Actual Rows": 1,
                                    "Actual Loops": 1
                                }
                            ],
                            "Plans": [
                                {
                                    "Node Type": "Seq Scan",
                                    "Parent Relationship": "Outer",
                                    "Parallel Aware": true,
                                    "Relation Name": "cast_info",
                                    "Schema": "public",
                                    "Alias": "ci",
                                    "Startup Cost": 0.0,
                                    "Total Cost": 343318.94,
                                    "Plan Rows": 875660,
                                    "Plan Width": 0,
                                    "Actual Startup Time": 641.923,
                                    "Actual Total Time": 777.25,
                                    "Actual Rows": 430838,
                                    "Actual Loops": 7,
                                    "Output": [
                                        "id",
                                        "person_id",
                                        "movie_id",
                                        "person_role_id",
                                        "note",
                                        "nr_order",
                                        "role_id"
                                    ],
                                    "Filter": "((ci.person_id < 3541714) AND (ci.role_id > 8))",
                                    "Rows Removed by Filter": 4746925,
                                    "Workers": [
                                        {
                                            "Worker Number": 0,
                                            "Actual Startup Time": 640.002,
                                            "Actual Total Time": 775.736,
                                            "Actual Rows": 417513,
                                            "Actual Loops": 1
                                        },
                                        {
                                            "Worker Number": 1,
                                            "Actual Startup Time": 640.014,
                                            "Actual Total Time": 775.956,
                                            "Actual Rows": 415635,
                                            "Actual Loops": 1
                                        },
                                        {
                                            "Worker Number": 2,
                                            "Actual Startup Time": 640.058,
                                            "Actual Total Time": 775.875,
                                            "Actual Rows": 417199,
                                            "Actual Loops": 1
                                        },
                                        {
                                            "Worker Number": 3,
                                            "Actual Startup Time": 640.464,
                                            "Actual Total Time": 777.223,
                                            "Actual Rows": 402272,
                                            "Actual Loops": 1
                                        },
                                        {
                                            "Worker Number": 4,
                                            "Actual Startup Time": 641.147,
                                            "Actual Total Time": 776.956,
                                            "Actual Rows": 418163,
                                            "Actual Loops": 1
                                        },
                                        {
                                            "Worker Number": 5,
                                            "Actual Startup Time": 641.306,
                                            "Actual Total Time": 777.277,
                                            "Actual Rows": 415647,
                                            "Actual Loops": 1
                                        }
                                    ]
                                }
                            ]
                        }
                    ]
                }
            ]
        },
        "Planning Time": 1525.785,
        "Triggers": [],
        "Execution Time": 855.2
    }
]