{
  "Plan": {
    "Node Type": "Aggregate",
    "Strategy": "Plain",
    "Partial Mode": "Finalize",
    "Parallel Aware": false,
    "Startup Cost": 402228.05,
    "Total Cost": 402228.06,
    "Plan Rows": 1,
    "Plan Width": 8,
    "Actual Startup Time": 1677.73,
    "Actual Total Time": 1752.915,
    "Actual Rows": 1,
    "Actual Loops": 1,
    "Plans": [
      {
        "Node Type": "Gather",
        "Parent Relationship": "Outer",
        "Parallel Aware": false,
        "Startup Cost": 402227.93,
        "Total Cost": 402228.04,
        "Plan Rows": 1,
        "Plan Width": 8,
        "Actual Startup Time": 1676.08,
        "Actual Total Time": 1752.905,
        "Actual Rows": 2,
        "Actual Loops": 1,
        "Workers Planned": 1,
        "Workers Launched": 1,
        "Single Copy": false,
        "Plans": [
          {
            "Node Type": "Aggregate",
            "Strategy": "Plain",
            "Partial Mode": "Partial",
            "Parent Relationship": "Outer",
            "Parallel Aware": false,
            "Startup Cost": 401227.93,
            "Total Cost": 401227.94,
            "Plan Rows": 1,
            "Plan Width": 8,
            "Actual Startup Time": 1670.126,
            "Actual Total Time": 1670.13,
            "Actual Rows": 1,
            "Actual Loops": 2,
            "Plans": [
              {
                "Node Type": "Nested Loop",
                "Parent Relationship": "Outer",
                "Parallel Aware": false,
                "Join Type": "Inner",
                "Startup Cost": 21425.61,
                "Total Cost": 399175.47,
                "Plan Rows": 820987,
                "Plan Width": 0,
                "Actual Startup Time": 139.208,
                "Actual Total Time": 1619.432,
                "Actual Rows": 897464,
                "Actual Loops": 2,
                "Inner Unique": false,
                "Plans": [
                  {
                    "Node Type": "Hash Join",
                    "Parent Relationship": "Outer",
                    "Parallel Aware": true,
                    "Join Type": "Inner",
                    "Startup Cost": 21425.18,
                    "Total Cost": 84461.66,
                    "Plan Rows": 140405,
                    "Plan Width": 8,
                    "Actual Startup Time": 139.122,
                    "Actual Total Time": 608.199,
                    "Actual Rows": 97480,
                    "Actual Loops": 2,
                    "Inner Unique": false,
                    "Hash Cond": "(t.id = mi_idx.movie_id)",
                    "Plans": [
                      {
                        "Node Type": "Seq Scan",
                        "Parent Relationship": "Outer",
                        "Parallel Aware": true,
                        "Relation Name": "title",
                        "Alias": "t",
                        "Startup Cost": 0.0,
                        "Total Cost": 58306.47,
                        "Plan Rows": 780821,
                        "Plan Width": 4,
                        "Actual Startup Time": 0.013,
                        "Actual Total Time": 187.013,
                        "Actual Rows": 723850,
                        "Actual Loops": 2,
                        "Filter": "((kind_id > 1) AND (production_year > 1988))",
                        "Rows Removed by Filter": 540306
                      },
                      {
                        "Node Type": "Hash",
                        "Parent Relationship": "Inner",
                        "Parallel Aware": true,
                        "Startup Cost": 18082.32,
                        "Total Cost": 18082.32,
                        "Plan Rows": 267429,
                        "Plan Width": 4,
                        "Actual Startup Time": 133.709,
                        "Actual Total Time": 133.71,
                        "Actual Rows": 229962,
                        "Actual Loops": 2,
                        "Hash Buckets": 524288,
                        "Original Hash Buckets": 524288,
                        "Hash Batches": 1,
                        "Original Hash Batches": 1,
                        "Peak Memory Usage": 22112,
                        "Plans": [
                          {
                            "Node Type": "Seq Scan",
                            "Parent Relationship": "Outer",
                            "Parallel Aware": true,
                            "Relation Name": "movie_info_idx",
                            "Alias": "mi_idx",
                            "Startup Cost": 0.0,
                            "Total Cost": 18082.32,
                            "Plan Rows": 267429,
                            "Plan Width": 4,
                            "Actual Startup Time": 0.047,
                            "Actual Total Time": 76.178,
                            "Actual Rows": 229962,
                            "Actual Loops": 2,
                            "Filter": "(info_type_id = 99)",
                            "Rows Removed by Filter": 460055
                          }
                        ]
                      }
                    ]
                  },
                  {
                    "Node Type": "Index Only Scan",
                    "Parent Relationship": "Inner",
                    "Parallel Aware": false,
                    "Scan Direction": "Forward",
                    "Index Name": "movie_id_movie_info",
                    "Relation Name": "movie_info",
                    "Alias": "mi",
                    "Startup Cost": 0.43,
                    "Total Cost": 1.82,
                    "Plan Rows": 42,
                    "Plan Width": 4,
                    "Actual Startup Time": 0.004,
                    "Actual Total Time": 0.009,
                    "Actual Rows": 9,
                    "Actual Loops": 194959,
                    "Index Cond": "(movie_id = t.id)",
                    "Rows Removed by Index Recheck": 0,
                    "Heap Fetches": 1794928
                  }
                ]
              }
            ]
          }
        ]
      }
    ]
  },
  "Planning Time": 1.083,
  "Triggers": [],
  "Execution Time": 1753.019
}