{
  "Plan": {
    "Node Type": "Aggregate",
    "Strategy": "Plain",
    "Partial Mode": "Finalize",
    "Parallel Aware": false,
    "Startup Cost": 239326.68,
    "Total Cost": 239326.69,
    "Plan Rows": 1,
    "Plan Width": 8,
    "Actual Startup Time": 1059.218,
    "Actual Total Time": 1137.82,
    "Actual Rows": 1,
    "Actual Loops": 1,
    "Plans": [
      {
        "Node Type": "Gather",
        "Parent Relationship": "Outer",
        "Parallel Aware": false,
        "Startup Cost": 239326.57,
        "Total Cost": 239326.68,
        "Plan Rows": 1,
        "Plan Width": 8,
        "Actual Startup Time": 1057.972,
        "Actual Total Time": 1137.811,
        "Actual Rows": 2,
        "Actual Loops": 1,
        "Workers Planned": 1,
        "Workers Launched": 1,
        "Single Copy": false,
        "Plans": [
          {
            "Node Type": "Aggregate",
            "Strategy": "Plain",
            "Partial Mode": "Partial",
            "Parent Relationship": "Outer",
            "Parallel Aware": false,
            "Startup Cost": 238326.57,
            "Total Cost": 238326.58,
            "Plan Rows": 1,
            "Plan Width": 8,
            "Actual Startup Time": 1051.769,
            "Actual Total Time": 1051.774,
            "Actual Rows": 1,
            "Actual Loops": 2,
            "Plans": [
              {
                "Node Type": "Nested Loop",
                "Parent Relationship": "Outer",
                "Parallel Aware": false,
                "Join Type": "Inner",
                "Startup Cost": 70149.18,
                "Total Cost": 237779.8,
                "Plan Rows": 218706,
                "Plan Width": 0,
                "Actual Startup Time": 228.939,
                "Actual Total Time": 1032.597,
                "Actual Rows": 410308,
                "Actual Loops": 2,
                "Inner Unique": false,
                "Plans": [
                  {
                    "Node Type": "Hash Join",
                    "Parent Relationship": "Outer",
                    "Parallel Aware": true,
                    "Join Type": "Inner",
                    "Startup Cost": 70148.62,
                    "Total Cost": 94581.01,
                    "Plan Rows": 26372,
                    "Plan Width": 8,
                    "Actual Startup Time": 228.883,
                    "Actual Total Time": 346.03,
                    "Actual Rows": 20736,
                    "Actual Loops": 2,
                    "Inner Unique": true,
                    "Hash Cond": "(mc.movie_id = t.id)",
                    "Plans": [
                      {
                        "Node Type": "Bitmap Heap Scan",
                        "Parent Relationship": "Outer",
                        "Parallel Aware": true,
                        "Relation Name": "movie_companies",
                        "Alias": "mc",
                        "Startup Cost": 12684.53,
                        "Total Cost": 36669.4,
                        "Plan Rows": 170484,
                        "Plan Width": 4,
                        "Actual Startup Time": 28.259,
                        "Actual Total Time": 85.355,
                        "Actual Rows": 211210,
                        "Actual Loops": 2,
                        "Recheck Cond": "(company_id < 661)",
                        "Rows Removed by Index Recheck": 0,
                        "Filter": "(company_type_id = 1)",
                        "Rows Removed by Filter": 80576,
                        "Exact Heap Blocks": 10846,
                        "Lossy Heap Blocks": 0,
                        "Plans": [
                          {
                            "Node Type": "Bitmap Index Scan",
                            "Parent Relationship": "Outer",
                            "Parallel Aware": false,
                            "Index Name": "company_id_movie_companies",
                            "Startup Cost": 0.0,
                            "Total Cost": 12612.07,
                            "Plan Rows": 588752,
                            "Plan Width": 0,
                            "Actual Startup Time": 25.494,
                            "Actual Total Time": 25.494,
                            "Actual Rows": 583572,
                            "Actual Loops": 1,
                            "Index Cond": "(company_id < 661)"
                          }
                        ]
                      },
                      {
                        "Node Type": "Hash",
                        "Parent Relationship": "Inner",
                        "Parallel Aware": true,
                        "Startup Cost": 54588.39,
                        "Total Cost": 54588.39,
                        "Plan Rows": 230056,
                        "Plan Width": 4,
                        "Actual Startup Time": 195.368,
                        "Actual Total Time": 195.369,
                        "Actual Rows": 195833,
                        "Actual Loops": 2,
                        "Hash Buckets": 524288,
                        "Original Hash Buckets": 524288,
                        "Hash Batches": 1,
                        "Original Hash Batches": 1,
                        "Peak Memory Usage": 19456,
                        "Plans": [
                          {
                            "Node Type": "Seq Scan",
                            "Parent Relationship": "Outer",
                            "Parallel Aware": true,
                            "Relation Name": "title",
                            "Alias": "t",
                            "Startup Cost": 0.0,
                            "Total Cost": 54588.39,
                            "Plan Rows": 230056,
                            "Plan Width": 4,
                            "Actual Startup Time": 0.038,
                            "Actual Total Time": 146.255,
                            "Actual Rows": 195833,
                            "Actual Loops": 2,
                            "Filter": "(production_year > 2010)",
                            "Rows Removed by Filter": 1068323
                          }
                        ]
                      }
                    ]
                  },
                  {
                    "Node Type": "Index Scan",
                    "Parent Relationship": "Inner",
                    "Parallel Aware": false,
                    "Scan Direction": "Forward",
                    "Index Name": "movie_id_cast_info",
                    "Relation Name": "cast_info",
                    "Alias": "ci",
                    "Startup Cost": 0.56,
                    "Total Cost": 5.22,
                    "Plan Rows": 21,
                    "Plan Width": 4,
                    "Actual Startup Time": 0.006,
                    "Actual Total Time": 0.031,
                    "Actual Rows": 20,
                    "Actual Loops": 41471,
                    "Index Cond": "(movie_id = t.id)",
                    "Rows Removed by Index Recheck": 0,
                    "Filter": "(person_id < 2121592)",
                    "Rows Removed by Filter": 24
                  }
                ]
              }
            ]
          }
        ]
      }
    ]
  },
  "Planning Time": 1.032,
  "Triggers": [],
  "Execution Time": 1137.954
}