{
    "Plan": {
        "Node Type": "Aggregate",
        "Strategy": "Plain",
        "Partial Mode": "Finalize",
        "Parallel Aware": false,
        "Startup Cost": 119098.84,
        "Total Cost": 119098.85,
        "Plan Rows": 1,
        "Plan Width": 8,
        "Actual Startup Time": 328.9,
        "Actual Total Time": 360.316,
        "Actual Rows": 1,
        "Actual Loops": 1,
        "Output": [
            "count(*)"
        ],
        "Plans": [
            {
                "Node Type": "Gather",
                "Parent Relationship": "Outer",
                "Parallel Aware": false,
                "Startup Cost": 119098.53,
                "Total Cost": 119098.84,
                "Plan Rows": 3,
                "Plan Width": 8,
                "Actual Startup Time": 328.561,
                "Actual Total Time": 360.307,
                "Actual Rows": 4,
                "Actual Loops": 1,
                "Output": [
                    "(PARTIAL count(*))"
                ],
                "Workers Planned": 3,
                "Workers Launched": 3,
                "Single Copy": false,
                "Plans": [
                    {
                        "Node Type": "Aggregate",
                        "Strategy": "Plain",
                        "Partial Mode": "Partial",
                        "Parent Relationship": "Outer",
                        "Parallel Aware": false,
                        "Startup Cost": 118098.53,
                        "Total Cost": 118098.54,
                        "Plan Rows": 1,
                        "Plan Width": 8,
                        "Actual Startup Time": 319.025,
                        "Actual Total Time": 319.029,
                        "Actual Rows": 1,
                        "Actual Loops": 4,
                        "Output": [
                            "PARTIAL count(*)"
                        ],
                        "Workers": [
                            {
                                "Worker Number": 0,
                                "Actual Startup Time": 315.655,
                                "Actual Total Time": 315.659,
                                "Actual Rows": 1,
                                "Actual Loops": 1
                            },
                            {
                                "Worker Number": 1,
                                "Actual Startup Time": 316.287,
                                "Actual Total Time": 316.289,
                                "Actual Rows": 1,
                                "Actual Loops": 1
                            },
                            {
                                "Worker Number": 2,
                                "Actual Startup Time": 316.409,
                                "Actual Total Time": 316.412,
                                "Actual Rows": 1,
                                "Actual Loops": 1
                            }
                        ],
                        "Plans": [
                            {
                                "Node Type": "Nested Loop",
                                "Parent Relationship": "Outer",
                                "Parallel Aware": false,
                                "Join Type": "Inner",
                                "Startup Cost": 44054.97,
                                "Total Cost": 117952.8,
                                "Plan Rows": 58290,
                                "Plan Width": 0,
                                "Actual Startup Time": 137.142,
                                "Actual Total Time": 317.931,
                                "Actual Rows": 17060,
                                "Actual Loops": 4,
                                "Inner Unique": false,
                                "Join Filter": "(t.id = mi.movie_id)",
                                "Rows Removed by Join Filter": 0,
                                "Workers": [
                                    {
                                        "Worker Number": 0,
                                        "Actual Startup Time": 133.81,
                                        "Actual Total Time": 314.636,
                                        "Actual Rows": 9797,
                                        "Actual Loops": 1
                                    },
                                    {
                                        "Worker Number": 1,
                                        "Actual Startup Time": 134.445,
                                        "Actual Total Time": 315.185,
                                        "Actual Rows": 17777,
                                        "Actual Loops": 1
                                    },
                                    {
                                        "Worker Number": 2,
                                        "Actual Startup Time": 134.526,
                                        "Actual Total Time": 315.27,
                                        "Actual Rows": 18776,
                                        "Actual Loops": 1
                                    }
                                ],
                                "Plans": [
                                    {
                                        "Node Type": "Hash Join",
                                        "Parent Relationship": "Outer",
                                        "Parallel Aware": true,
                                        "Join Type": "Inner",
                                        "Startup Cost": 44054.53,
                                        "Total Cost": 88814.72,
                                        "Plan Rows": 15481,
                                        "Plan Width": 8,
                                        "Actual Startup Time": 137.039,
                                        "Actual Total Time": 282.39,
                                        "Actual Rows": 1700,
                                        "Actual Loops": 4,
                                        "Output": [
                                            "t.id",
                                            "mk.movie_id"
                                        ],
                                        "Inner Unique": true,
                                        "Hash Cond": "(mk.movie_id = t.id)",
                                        "Workers": [
                                            {
                                                "Worker Number": 0,
                                                "Actual Startup Time": 133.644,
                                                "Actual Total Time": 275.658,
                                                "Actual Rows": 1021,
                                                "Actual Loops": 1
                                            },
                                            {
                                                "Worker Number": 1,
                                                "Actual Startup Time": 134.342,
                                                "Actual Total Time": 275.967,
                                                "Actual Rows": 1736,
                                                "Actual Loops": 1
                                            },
                                            {
                                                "Worker Number": 2,
                                                "Actual Startup Time": 134.417,
                                                "Actual Total Time": 276.195,
                                                "Actual Rows": 1827,
                                                "Actual Loops": 1
                                            }
                                        ],
                                        "Plans": [
                                            {
                                                "Node Type": "Seq Scan",
                                                "Parent Relationship": "Outer",
                                                "Parallel Aware": true,
                                                "Relation Name": "movie_keyword",
                                                "Schema": "public",
                                                "Alias": "mk",
                                                "Startup Cost": 0.0,
                                                "Total Cost": 42695.65,
                                                "Plan Rows": 786490,
                                                "Plan Width": 4,
                                                "Actual Startup Time": 0.205,
                                                "Actual Total Time": 129.6,
                                                "Actual Rows": 609182,
                                                "Actual Loops": 4,
                                                "Output": [
                                                    "mk.id",
                                                    "mk.movie_id",
                                                    "mk.keyword_id"
                                                ],
                                                "Filter": "(mk.keyword_id > 3729)",
                                                "Rows Removed by Filter": 521801,
                                                "Workers": [
                                                    {
                                                        "Worker Number": 0,
                                                        "Actual Startup Time": 0.231,
                                                        "Actual Total Time": 128.345,
                                                        "Actual Rows": 400658,
                                                        "Actual Loops": 1
                                                    },
                                                    {
                                                        "Worker Number": 1,
                                                        "Actual Startup Time": 0.272,
                                                        "Actual Total Time": 128.599,
                                                        "Actual Rows": 626558,
                                                        "Actual Loops": 1
                                                    },
                                                    {
                                                        "Worker Number": 2,
                                                        "Actual Startup Time": 0.18,
                                                        "Actual Total Time": 128.464,
                                                        "Actual Rows": 626834,
                                                        "Actual Loops": 1
                                                    }
                                                ]
                                            },
                                            {
                                                "Node Type": "Hash",
                                                "Parent Relationship": "Inner",
                                                "Parallel Aware": true,
                                                "Startup Cost": 43899.01,
                                                "Total Cost": 43899.01,
                                                "Plan Rows": 12442,
                                                "Plan Width": 4,
                                                "Actual Startup Time": 101.55,
                                                "Actual Total Time": 101.551,
                                                "Actual Rows": 12930,
                                                "Actual Loops": 4,
                                                "Output": [
                                                    "t.id"
                                                ],
                                                "Hash Buckets": 65536,
                                                "Original Hash Buckets": 65536,
                                                "Hash Batches": 1,
                                                "Original Hash Batches": 1,
                                                "Peak Memory Usage": 2592,
                                                "Workers": [
                                                    {
                                                        "Worker Number": 0,
                                                        "Actual Startup Time": 99.174,
                                                        "Actual Total Time": 99.175,
                                                        "Actual Rows": 8767,
                                                        "Actual Loops": 1
                                                    },
                                                    {
                                                        "Worker Number": 1,
                                                        "Actual Startup Time": 99.908,
                                                        "Actual Total Time": 99.909,
                                                        "Actual Rows": 13696,
                                                        "Actual Loops": 1
                                                    },
                                                    {
                                                        "Worker Number": 2,
                                                        "Actual Startup Time": 99.95,
                                                        "Actual Total Time": 99.95,
                                                        "Actual Rows": 14003,
                                                        "Actual Loops": 1
                                                    }
                                                ],
                                                "Plans": [
                                                    {
                                                        "Node Type": "Seq Scan",
                                                        "Parent Relationship": "Outer",
                                                        "Parallel Aware": true,
                                                        "Relation Name": "title",
                                                        "Schema": "public",
                                                        "Alias": "t",
                                                        "Startup Cost": 0.0,
                                                        "Total Cost": 43899.01,
                                                        "Plan Rows": 12442,
                                                        "Plan Width": 4,
                                                        "Actual Startup Time": 61.063,
                                                        "Actual Total Time": 96.998,
                                                        "Actual Rows": 12930,
                                                        "Actual Loops": 4,
                                                        "Output": [
                                                            "t.id"
                                                        ],
                                                        "Filter": "(t.production_year < 1914)",
                                                        "Rows Removed by Filter": 619148,
                                                        "Workers": [
                                                            {
                                                                "Worker Number": 0,
                                                                "Actual Startup Time": 64.857,
                                                                "Actual Total Time": 94.983,
                                                                "Actual Rows": 8767,
                                                                "Actual Loops": 1
                                                            },
                                                            {
                                                                "Worker Number": 1,
                                                                "Actual Startup Time": 65.53,
                                                                "Actual Total Time": 95.023,
                                                                "Actual Rows": 13696,
                                                                "Actual Loops": 1
                                                            },
                                                            {
                                                                "Worker Number": 2,
                                                                "Actual Startup Time": 41.002,
                                                                "Actual Total Time": 95.42,
                                                                "Actual Rows": 14003,
                                                                "Actual Loops": 1
                                                            }
                                                        ]
                                                    }
                                                ]
                                            }
                                        ]
                                    },
                                    {
                                        "Node Type": "Index Scan",
                                        "Parent Relationship": "Inner",
                                        "Parallel Aware": false,
                                        "Scan Direction": "Forward",
                                        "Index Name": "movie_id_movie_info",
                                        "Relation Name": "movie_info",
                                        "Schema": "public",
                                        "Alias": "mi",
                                        "Startup Cost": 0.43,
                                        "Total Cost": 1.57,
                                        "Plan Rows": 25,
                                        "Plan Width": 4,
                                        "Actual Startup Time": 0.007,
                                        "Actual Total Time": 0.019,
                                        "Actual Rows": 10,
                                        "Actual Loops": 6802,
                                        "Output": [
                                            "mi.id",
                                            "mi.movie_id",
                                            "mi.info_type_id",
                                            "mi.info",
                                            "mi.note"
                                        ],
                                        "Index Cond": "(mi.movie_id = mk.movie_id)",
                                        "Rows Removed by Index Recheck": 0,
                                        "Filter": "(mi.info_type_id < 16)",
                                        "Rows Removed by Filter": 3,
                                        "Workers": [
                                            {
                                                "Worker Number": 0,
                                                "Actual Startup Time": 0.012,
                                                "Actual Total Time": 0.036,
                                                "Actual Rows": 10,
                                                "Actual Loops": 1021
                                            },
                                            {
                                                "Worker Number": 1,
                                                "Actual Startup Time": 0.007,
                                                "Actual Total Time": 0.021,
                                                "Actual Rows": 10,
                                                "Actual Loops": 1736
                                            },
                                            {
                                                "Worker Number": 2,
                                                "Actual Startup Time": 0.007,
                                                "Actual Total Time": 0.02,
                                                "Actual Rows": 10,
                                                "Actual Loops": 1827
                                            }
                                        ]
                                    }
                                ]
                            }
                        ]
                    }
                ]
            }
        ]
    },
    "Planning Time": 1.675,
    "Triggers": [],
    "Execution Time": 360.431
}