[
  {
    "Plan": {
      "Node Type": "Aggregate",
      "Strategy": "Plain",
      "Partial Mode": "Finalize",
      "Parallel Aware": false,
      "Startup Cost": 332304.63,
      "Total Cost": 332304.64,
      "Plan Rows": 1,
      "Plan Width": 8,
      "Actual Startup Time": 332.18,
      "Actual Total Time": 390.221,
      "Actual Rows": 1,
      "Actual Loops": 1,
      "Plans": [
        {
          "Node Type": "Gather",
          "Parent Relationship": "Outer",
          "Parallel Aware": false,
          "Startup Cost": 332304.21,
          "Total Cost": 332304.62,
          "Plan Rows": 4,
          "Plan Width": 8,
          "Actual Startup Time": 332.072,
          "Actual Total Time": 390.211,
          "Actual Rows": 5,
          "Actual Loops": 1,
          "Workers Planned": 4,
          "Workers Launched": 4,
          "Single Copy": false,
          "Plans": [
            {
              "Node Type": "Aggregate",
              "Strategy": "Plain",
              "Partial Mode": "Partial",
              "Parent Relationship": "Outer",
              "Parallel Aware": false,
              "Startup Cost": 331304.21,
              "Total Cost": 331304.22,
              "Plan Rows": 1,
              "Plan Width": 8,
              "Actual Startup Time": 321.831,
              "Actual Total Time": 321.833,
              "Actual Rows": 1,
              "Actual Loops": 5,
              "Plans": [
                {
                  "Node Type": "Nested Loop",
                  "Parent Relationship": "Outer",
                  "Parallel Aware": false,
                  "Join Type": "Inner",
                  "Startup Cost": 0.56,
                  "Total Cost": 331294.26,
                  "Plan Rows": 3980,
                  "Plan Width": 0,
                  "Actual Startup Time": 1.56,
                  "Actual Total Time": 321.178,
                  "Actual Rows": 6891,
                  "Actual Loops": 5,
                  "Inner Unique": false,
                  "Plans": [
                    {
                      "Node Type": "Seq Scan",
                      "Parent Relationship": "Outer",
                      "Parallel Aware": true,
                      "Relation Name": "title",
                      "Alias": "t",
                      "Startup Cost": 0.0,
                      "Total Cost": 45479.1,
                      "Plan Rows": 6560,
                      "Plan Width": 4,
                      "Actual Startup Time": 0.287,
                      "Actual Total Time": 63.739,
                      "Actual Rows": 4785,
                      "Actual Loops": 5,
                      "Filter": "((kind_id < 7) AND (production_year = 2003))",
                      "Rows Removed by Filter": 500877
                    },
                    {
                      "Node Type": "Index Scan",
                      "Parent Relationship": "Inner",
                      "Parallel Aware": false,
                      "Scan Direction": "Forward",
                      "Index Name": "movie_id_cast_info",
                      "Relation Name": "cast_info",
                      "Alias": "ci",
                      "Startup Cost": 0.56,
                      "Total Cost": 43.55,
                      "Plan Rows": 2,
                      "Plan Width": 4,
                      "Actual Startup Time": 0.021,
                      "Actual Total Time": 0.053,
                      "Actual Rows": 1,
                      "Actual Loops": 23926,
                      "Index Cond": "(movie_id = t.id)",
                      "Rows Removed by Index Recheck": 0,
                      "Filter": "((person_id < 440576) AND (role_id = 1))",
                      "Rows Removed by Filter": 16
                    }
                  ]
                }
              ]
            }
          ]
        }
      ]
    },
    "Planning Time": 0.667,
    "Triggers": [],
    "Execution Time": 390.31
  }
]