{
  "Plan": {
    "Node Type": "Aggregate",
    "Strategy": "Plain",
    "Partial Mode": "Finalize",
    "Parallel Aware": false,
    "Startup Cost": 581671.91,
    "Total Cost": 581671.92,
    "Plan Rows": 1,
    "Plan Width": 8,
    "Actual Startup Time": 3438.777,
    "Actual Total Time": 3506.691,
    "Actual Rows": 1,
    "Actual Loops": 1,
    "Plans": [
      {
        "Node Type": "Gather",
        "Parent Relationship": "Outer",
        "Parallel Aware": false,
        "Startup Cost": 581671.79,
        "Total Cost": 581671.9,
        "Plan Rows": 1,
        "Plan Width": 8,
        "Actual Startup Time": 3438.615,
        "Actual Total Time": 3506.671,
        "Actual Rows": 2,
        "Actual Loops": 1,
        "Workers Planned": 1,
        "Workers Launched": 1,
        "Single Copy": false,
        "Plans": [
          {
            "Node Type": "Aggregate",
            "Strategy": "Plain",
            "Partial Mode": "Partial",
            "Parent Relationship": "Outer",
            "Parallel Aware": false,
            "Startup Cost": 580671.79,
            "Total Cost": 580671.8,
            "Plan Rows": 1,
            "Plan Width": 8,
            "Actual Startup Time": 3433.006,
            "Actual Total Time": 3433.01,
            "Actual Rows": 1,
            "Actual Loops": 2,
            "Plans": [
              {
                "Node Type": "Hash Join",
                "Parent Relationship": "Outer",
                "Parallel Aware": true,
                "Join Type": "Inner",
                "Startup Cost": 58469.94,
                "Total Cost": 580203.3,
                "Plan Rows": 187399,
                "Plan Width": 0,
                "Actual Startup Time": 159.405,
                "Actual Total Time": 3423.809,
                "Actual Rows": 171530,
                "Actual Loops": 2,
                "Inner Unique": true,
                "Hash Cond": "(ci.movie_id = t.id)",
                "Plans": [
                  {
                    "Node Type": "Seq Scan",
                    "Parent Relationship": "Outer",
                    "Parallel Aware": true,
                    "Relation Name": "cast_info",
                    "Alias": "ci",
                    "Startup Cost": 0.0,
                    "Total Cost": 465792.95,
                    "Plan Rows": 21310595,
                    "Plan Width": 4,
                    "Actual Startup Time": 0.016,
                    "Actual Total Time": 1433.41,
                    "Actual Rows": 18122172,
                    "Actual Loops": 2
                  },
                  {
                    "Node Type": "Hash",
                    "Parent Relationship": "Inner",
                    "Parallel Aware": true,
                    "Startup Cost": 58306.47,
                    "Total Cost": 58306.47,
                    "Plan Rows": 13078,
                    "Plan Width": 4,
                    "Actual Startup Time": 158.078,
                    "Actual Total Time": 158.079,
                    "Actual Rows": 12150,
                    "Actual Loops": 2,
                    "Hash Buckets": 32768,
                    "Original Hash Buckets": 32768,
                    "Hash Batches": 1,
                    "Original Hash Batches": 1,
                    "Peak Memory Usage": 1216,
                    "Plans": [
                      {
                        "Node Type": "Seq Scan",
                        "Parent Relationship": "Outer",
                        "Parallel Aware": true,
                        "Relation Name": "title",
                        "Alias": "t",
                        "Startup Cost": 0.0,
                        "Total Cost": 58306.47,
                        "Plan Rows": 13078,
                        "Plan Width": 4,
                        "Actual Startup Time": 0.109,
                        "Actual Total Time": 153.754,
                        "Actual Rows": 12150,
                        "Actual Loops": 2,
                        "Filter": "((kind_id = 7) AND (production_year = 1996))",
                        "Rows Removed by Filter": 1252006
                      }
                    ]
                  }
                ]
              }
            ]
          }
        ]
      }
    ]
  },
  "Planning Time": 0.451,
  "Triggers": [],
  "Execution Time": 3506.778
}