[
  {
    "Plan": {
      "Node Type": "Aggregate",
      "Strategy": "Plain",
      "Partial Mode": "Finalize",
      "Parallel Aware": false,
      "Startup Cost": 303423.41,
      "Total Cost": 303423.42,
      "Plan Rows": 1,
      "Plan Width": 8,
      "Actual Startup Time": 2873.69,
      "Actual Total Time": 2916.749,
      "Actual Rows": 1,
      "Actual Loops": 1,
      "Plans": [
        {
          "Node Type": "Gather",
          "Parent Relationship": "Outer",
          "Parallel Aware": false,
          "Startup Cost": 303423.09,
          "Total Cost": 303423.4,
          "Plan Rows": 3,
          "Plan Width": 8,
          "Actual Startup Time": 2865.792,
          "Actual Total Time": 2916.74,
          "Actual Rows": 4,
          "Actual Loops": 1,
          "Workers Planned": 3,
          "Workers Launched": 3,
          "Single Copy": false,
          "Plans": [
            {
              "Node Type": "Aggregate",
              "Strategy": "Plain",
              "Partial Mode": "Partial",
              "Parent Relationship": "Outer",
              "Parallel Aware": false,
              "Startup Cost": 302423.09,
              "Total Cost": 302423.1,
              "Plan Rows": 1,
              "Plan Width": 8,
              "Actual Startup Time": 2857.85,
              "Actual Total Time": 2857.98,
              "Actual Rows": 1,
              "Actual Loops": 4,
              "Plans": [
                {
                  "Node Type": "Hash Join",
                  "Parent Relationship": "Outer",
                  "Parallel Aware": true,
                  "Join Type": "Inner",
                  "Startup Cost": 252373.56,
                  "Total Cost": 300938.05,
                  "Plan Rows": 594015,
                  "Plan Width": 0,
                  "Actual Startup Time": 1001.971,
                  "Actual Total Time": 2228.946,
                  "Actual Rows": 14227650,
                  "Actual Loops": 4,
                  "Inner Unique": false,
                  "Hash Cond": "(mk.movie_id = t.id)",
                  "Plans": [
                    {
                      "Node Type": "Seq Scan",
                      "Parent Relationship": "Outer",
                      "Parallel Aware": true,
                      "Relation Name": "movie_keyword",
                      "Alias": "mk",
                      "Startup Cost": 0.0,
                      "Total Cost": 42695.65,
                      "Plan Rows": 1248217,
                      "Plan Width": 4,
                      "Actual Startup Time": 0.056,
                      "Actual Total Time": 109.556,
                      "Actual Rows": 966183,
                      "Actual Loops": 4,
                      "Filter": "(keyword_id < 28524)",
                      "Rows Removed by Filter": 164800
                    },
                    {
                      "Node Type": "Hash",
                      "Parent Relationship": "Inner",
                      "Parallel Aware": true,
                      "Startup Cost": 249365.42,
                      "Total Cost": 249365.42,
                      "Plan Rows": 240651,
                      "Plan Width": 8,
                      "Actual Startup Time": 996.085,
                      "Actual Total Time": 996.214,
                      "Actual Rows": 433377,
                      "Actual Loops": 4,
                      "Hash Buckets": 2097152,
                      "Original Hash Buckets": 2097152,
                      "Hash Batches": 1,
                      "Original Hash Batches": 1,
                      "Peak Memory Usage": 84256,
                      "Plans": [
                        {
                          "Node Type": "Hash Join",
                          "Parent Relationship": "Outer",
                          "Parallel Aware": true,
                          "Join Type": "Inner",
                          "Startup Cost": 47022.81,
                          "Total Cost": 249365.42,
                          "Plan Rows": 240651,
                          "Plan Width": 8,
                          "Actual Startup Time": 164.577,
                          "Actual Total Time": 855.889,
                          "Actual Rows": 433377,
                          "Actual Loops": 4,
                          "Inner Unique": true,
                          "Hash Cond": "(mi.movie_id = t.id)",
                          "Plans": [
                            {
                              "Node Type": "Seq Scan",
                              "Parent Relationship": "Outer",
                              "Parallel Aware": true,
                              "Relation Name": "movie_info",
                              "Alias": "mi",
                              "Startup Cost": 0.0,
                              "Total Cost": 199108.24,
                              "Plan Rows": 1232139,
                              "Plan Width": 4,
                              "Actual Startup Time": 21.631,
                              "Actual Total Time": 438.049,
                              "Actual Rows": 1555874,
                              "Actual Loops": 4,
                              "Filter": "(info_type_id > 8)",
                              "Rows Removed by Filter": 2153056
                            },
                            {
                              "Node Type": "Hash",
                              "Parent Relationship": "Inner",
                              "Parallel Aware": true,
                              "Startup Cost": 45479.59,
                              "Total Cost": 45479.59,
                              "Plan Rows": 123458,
                              "Plan Width": 4,
                              "Actual Startup Time": 141.882,
                              "Actual Total Time": 141.884,
                              "Actual Rows": 105071,
                              "Actual Loops": 4,
                              "Hash Buckets": 524288,
                              "Original Hash Buckets": 524288,
                              "Hash Batches": 1,
                              "Original Hash Batches": 1,
                              "Peak Memory Usage": 20608,
                              "Plans": [
                                {
                                  "Node Type": "Seq Scan",
                                  "Parent Relationship": "Outer",
                                  "Parallel Aware": true,
                                  "Relation Name": "title",
                                  "Alias": "t",
                                  "Startup Cost": 0.0,
                                  "Total Cost": 45479.59,
                                  "Plan Rows": 123458,
                                  "Plan Width": 4,
                                  "Actual Startup Time": 0.062,
                                  "Actual Total Time": 102.668,
                                  "Actual Rows": 105071,
                                  "Actual Loops": 4,
                                  "Filter": "((kind_id < 7) AND (production_year > 2002))",
                                  "Rows Removed by Filter": 527007
                                }
                              ]
                            }
                          ]
                        }
                      ]
                    }
                  ]
                }
              ]
            }
          ]
        }
      ]
    },
    "Planning Time": 0.721,
    "Triggers": [],
    "Execution Time": 2916.798
  }
]