[
  {
    "Plan": {
      "Node Type": "Aggregate",
      "Strategy": "Plain",
      "Partial Mode": "Finalize",
      "Parallel Aware": false,
      "Startup Cost": 302900.97,
      "Total Cost": 302900.98,
      "Plan Rows": 1,
      "Plan Width": 8,
      "Actual Startup Time": 2489.353,
      "Actual Total Time": 2537.582,
      "Actual Rows": 1,
      "Actual Loops": 1,
      "Plans": [
        {
          "Node Type": "Gather",
          "Parent Relationship": "Outer",
          "Parallel Aware": false,
          "Startup Cost": 302900.45,
          "Total Cost": 302900.96,
          "Plan Rows": 5,
          "Plan Width": 8,
          "Actual Startup Time": 2471.724,
          "Actual Total Time": 2537.567,
          "Actual Rows": 6,
          "Actual Loops": 1,
          "Workers Planned": 5,
          "Workers Launched": 5,
          "Single Copy": false,
          "Plans": [
            {
              "Node Type": "Aggregate",
              "Strategy": "Plain",
              "Partial Mode": "Partial",
              "Parent Relationship": "Outer",
              "Parallel Aware": false,
              "Startup Cost": 301900.45,
              "Total Cost": 301900.46,
              "Plan Rows": 1,
              "Plan Width": 8,
              "Actual Startup Time": 2460.634,
              "Actual Total Time": 2460.903,
              "Actual Rows": 1,
              "Actual Loops": 6,
              "Plans": [
                {
                  "Node Type": "Hash Join",
                  "Parent Relationship": "Outer",
                  "Parallel Aware": true,
                  "Join Type": "Inner",
                  "Startup Cost": 96065.16,
                  "Total Cost": 300954.39,
                  "Plan Rows": 378422,
                  "Plan Width": 0,
                  "Actual Startup Time": 443.764,
                  "Actual Total Time": 1933.908,
                  "Actual Rows": 9485100,
                  "Actual Loops": 6,
                  "Inner Unique": false,
                  "Hash Cond": "(mi.movie_id = t.id)",
                  "Plans": [
                    {
                      "Node Type": "Seq Scan",
                      "Parent Relationship": "Outer",
                      "Parallel Aware": true,
                      "Relation Name": "movie_info",
                      "Alias": "mi",
                      "Startup Cost": 0.0,
                      "Total Cost": 198952.16,
                      "Plan Rows": 1257696,
                      "Plan Width": 4,
                      "Actual Startup Time": 19.617,
                      "Actual Total Time": 422.217,
                      "Actual Rows": 1037249,
                      "Actual Loops": 6,
                      "Filter": "(info_type_id > 8)",
                      "Rows Removed by Filter": 1435371
                    },
                    {
                      "Node Type": "Hash",
                      "Parent Relationship": "Inner",
                      "Parallel Aware": true,
                      "Startup Cost": 92997.72,
                      "Total Cost": 92997.72,
                      "Plan Rows": 245395,
                      "Plan Width": 8,
                      "Actual Startup Time": 420.27,
                      "Actual Total Time": 420.537,
                      "Actual Rows": 196343,
                      "Actual Loops": 6,
                      "Hash Buckets": 2097152,
                      "Original Hash Buckets": 1048576,
                      "Hash Batches": 1,
                      "Original Hash Batches": 1,
                      "Peak Memory Usage": 70784,
                      "Plans": [
                        {
                          "Node Type": "Hash Join",
                          "Parent Relationship": "Outer",
                          "Parallel Aware": true,
                          "Join Type": "Inner",
                          "Startup Cost": 47038.66,
                          "Total Cost": 92997.72,
                          "Plan Rows": 245395,
                          "Plan Width": 8,
                          "Actual Startup Time": 135.42,
                          "Actual Total Time": 330.523,
                          "Actual Rows": 196343,
                          "Actual Loops": 6,
                          "Inner Unique": true,
                          "Hash Cond": "(mk.movie_id = t.id)",
                          "Plans": [
                            {
                              "Node Type": "Seq Scan",
                              "Parent Relationship": "Outer",
                              "Parallel Aware": true,
                              "Relation Name": "movie_keyword",
                              "Alias": "mk",
                              "Startup Cost": 0.0,
                              "Total Cost": 42695.65,
                              "Plan Rows": 1243204,
                              "Plan Width": 4,
                              "Actual Startup Time": 0.032,
                              "Actual Total Time": 103.656,
                              "Actual Rows": 644122,
                              "Actual Loops": 6,
                              "Filter": "(keyword_id < 28524)",
                              "Rows Removed by Filter": 109866
                            },
                            {
                              "Node Type": "Hash",
                              "Parent Relationship": "Inner",
                              "Parallel Aware": true,
                              "Startup Cost": 45479.1,
                              "Total Cost": 45479.1,
                              "Plan Rows": 124765,
                              "Plan Width": 4,
                              "Actual Startup Time": 134.238,
                              "Actual Total Time": 134.239,
                              "Actual Rows": 70048,
                              "Actual Loops": 6,
                              "Hash Buckets": 524288,
                              "Original Hash Buckets": 524288,
                              "Hash Batches": 1,
                              "Original Hash Batches": 1,
                              "Peak Memory Usage": 20608,
                              "Plans": [
                                {
                                  "Node Type": "Seq Scan",
                                  "Parent Relationship": "Outer",
                                  "Parallel Aware": true,
                                  "Relation Name": "title",
                                  "Alias": "t",
                                  "Startup Cost": 0.0,
                                  "Total Cost": 45479.1,
                                  "Plan Rows": 124765,
                                  "Plan Width": 4,
                                  "Actual Startup Time": 0.068,
                                  "Actual Total Time": 99.489,
                                  "Actual Rows": 70048,
                                  "Actual Loops": 6,
                                  "Filter": "((kind_id < 7) AND (production_year > 2002))",
                                  "Rows Removed by Filter": 351338
                                }
                              ]
                            }
                          ]
                        }
                      ]
                    }
                  ]
                }
              ]
            }
          ]
        }
      ]
    },
    "Planning Time": 1.697,
    "Triggers": [],
    "Execution Time": 2537.717
  }
]