[
  {
    "Plan": {
      "Node Type": "Aggregate",
      "Strategy": "Plain",
      "Partial Mode": "Finalize",
      "Parallel Aware": false,
      "Startup Cost": 23639.9,
      "Total Cost": 23639.91,
      "Plan Rows": 1,
      "Plan Width": 8,
      "Actual Startup Time": 57.017,
      "Actual Total Time": 61.282,
      "Actual Rows": 1,
      "Actual Loops": 1,
      "Plans": [
        {
          "Node Type": "Gather",
          "Parent Relationship": "Outer",
          "Parallel Aware": false,
          "Startup Cost": 23639.48,
          "Total Cost": 23639.89,
          "Plan Rows": 4,
          "Plan Width": 8,
          "Actual Startup Time": 56.781,
          "Actual Total Time": 61.275,
          "Actual Rows": 5,
          "Actual Loops": 1,
          "Workers Planned": 4,
          "Workers Launched": 4,
          "Single Copy": false,
          "Plans": [
            {
              "Node Type": "Aggregate",
              "Strategy": "Plain",
              "Partial Mode": "Partial",
              "Parent Relationship": "Outer",
              "Parallel Aware": false,
              "Startup Cost": 22639.48,
              "Total Cost": 22639.49,
              "Plan Rows": 1,
              "Plan Width": 8,
              "Actual Startup Time": 47.946,
              "Actual Total Time": 47.947,
              "Actual Rows": 1,
              "Actual Loops": 5,
              "Plans": [
                {
                  "Node Type": "Index Scan",
                  "Parent Relationship": "Outer",
                  "Parallel Aware": true,
                  "Scan Direction": "Forward",
                  "Index Name": "role_id_cast_info",
                  "Relation Name": "cast_info",
                  "Alias": "ci",
                  "Startup Cost": 0.56,
                  "Total Cost": 22554.34,
                  "Plan Rows": 34054,
                  "Plan Width": 0,
                  "Actual Startup Time": 0.167,
                  "Actual Total Time": 45.599,
                  "Actual Rows": 20320,
                  "Actual Loops": 5,
                  "Index Cond": "(role_id = 6)",
                  "Rows Removed by Index Recheck": 0,
                  "Filter": "(person_id < 607302)",
                  "Rows Removed by Filter": 134415
                }
              ]
            }
          ]
        }
      ]
    },
    "Planning Time": 0.238,
    "Triggers": [],
    "Execution Time": 61.344
  }
]