[
  {
    "Plan": {
      "Node Type": "Aggregate",
      "Strategy": "Plain",
      "Partial Mode": "Finalize",
      "Parallel Aware": false,
      "Startup Cost": 141573.55,
      "Total Cost": 141573.56,
      "Plan Rows": 1,
      "Plan Width": 8,
      "Actual Startup Time": 989.746,
      "Actual Total Time": 1042.612,
      "Actual Rows": 1,
      "Actual Loops": 1,
      "Plans": [
        {
          "Node Type": "Gather",
          "Parent Relationship": "Outer",
          "Parallel Aware": false,
          "Startup Cost": 141573.13,
          "Total Cost": 141573.54,
          "Plan Rows": 4,
          "Plan Width": 8,
          "Actual Startup Time": 987.788,
          "Actual Total Time": 1042.603,
          "Actual Rows": 5,
          "Actual Loops": 1,
          "Workers Planned": 4,
          "Workers Launched": 4,
          "Single Copy": false,
          "Plans": [
            {
              "Node Type": "Aggregate",
              "Strategy": "Plain",
              "Partial Mode": "Partial",
              "Parent Relationship": "Outer",
              "Parallel Aware": false,
              "Startup Cost": 140573.13,
              "Total Cost": 140573.14,
              "Plan Rows": 1,
              "Plan Width": 8,
              "Actual Startup Time": 977.648,
              "Actual Total Time": 977.652,
              "Actual Rows": 1,
              "Actual Loops": 5,
              "Plans": [
                {
                  "Node Type": "Nested Loop",
                  "Parent Relationship": "Outer",
                  "Parallel Aware": false,
                  "Join Type": "Inner",
                  "Startup Cost": 27565.9,
                  "Total Cost": 140433.99,
                  "Plan Rows": 55655,
                  "Plan Width": 0,
                  "Actual Startup Time": 171.41,
                  "Actual Total Time": 966.758,
                  "Actual Rows": 210156,
                  "Actual Loops": 5,
                  "Inner Unique": false,
                  "Plans": [
                    {
                      "Node Type": "Hash Join",
                      "Parent Relationship": "Outer",
                      "Parallel Aware": true,
                      "Join Type": "Inner",
                      "Startup Cost": 27565.46,
                      "Total Cost": 73170.93,
                      "Plan Rows": 39174,
                      "Plan Width": 8,
                      "Actual Startup Time": 171.318,
                      "Actual Total Time": 278.524,
                      "Actual Rows": 61379,
                      "Actual Loops": 5,
                      "Inner Unique": false,
                      "Hash Cond": "(t.id = mc.movie_id)",
                      "Plans": [
                        {
                          "Node Type": "Seq Scan",
                          "Parent Relationship": "Outer",
                          "Parallel Aware": true,
                          "Relation Name": "title",
                          "Alias": "t",
                          "Startup Cost": 0.0,
                          "Total Cost": 42318.73,
                          "Plan Rows": 632073,
                          "Plan Width": 4,
                          "Actual Startup Time": 0.011,
                          "Actual Total Time": 67.147,
                          "Actual Rows": 505662,
                          "Actual Loops": 5
                        },
                        {
                          "Node Type": "Hash",
                          "Parent Relationship": "Inner",
                          "Parallel Aware": true,
                          "Startup Cost": 26933.61,
                          "Total Cost": 26933.61,
                          "Plan Rows": 50548,
                          "Plan Width": 4,
                          "Actual Startup Time": 83.158,
                          "Actual Total Time": 83.16,
                          "Actual Rows": 61379,
                          "Actual Loops": 5,
                          "Hash Buckets": 524288,
                          "Original Hash Buckets": 262144,
                          "Hash Batches": 1,
                          "Original Hash Batches": 1,
                          "Peak Memory Usage": 18240,
                          "Plans": [
                            {
                              "Node Type": "Bitmap Heap Scan",
                              "Parent Relationship": "Outer",
                              "Parallel Aware": true,
                              "Relation Name": "movie_companies",
                              "Alias": "mc",
                              "Startup Cost": 6650.28,
                              "Total Cost": 26933.61,
                              "Plan Rows": 50548,
                              "Plan Width": 4,
                              "Actual Startup Time": 23.584,
                              "Actual Total Time": 52.659,
                              "Actual Rows": 61379,
                              "Actual Loops": 5,
                              "Recheck Cond": "(company_id > 93105)",
                              "Rows Removed by Index Recheck": 0,
                              "Filter": "(company_type_id > 1)",
                              "Rows Removed by Filter": 0,
                              "Exact Heap Blocks": 1848,
                              "Lossy Heap Blocks": 0,
                              "Plans": [
                                {
                                  "Node Type": "Bitmap Index Scan",
                                  "Parent Relationship": "Outer",
                                  "Parallel Aware": false,
                                  "Index Name": "company_id_movie_companies",
                                  "Startup Cost": 0.0,
                                  "Total Cost": 6611.1,
                                  "Plan Rows": 308623,
                                  "Plan Width": 0,
                                  "Actual Startup Time": 25.556,
                                  "Actual Total Time": 25.556,
                                  "Actual Rows": 306896,
                                  "Actual Loops": 1,
                                  "Index Cond": "(company_id > 93105)"
                                }
                              ]
                            }
                          ]
                        }
                      ]
                    },
                    {
                      "Node Type": "Index Scan",
                      "Parent Relationship": "Inner",
                      "Parallel Aware": false,
                      "Scan Direction": "Forward",
                      "Index Name": "movie_id_movie_info",
                      "Relation Name": "movie_info",
                      "Alias": "mi",
                      "Startup Cost": 0.43,
                      "Total Cost": 1.62,
                      "Plan Rows": 10,
                      "Plan Width": 4,
                      "Actual Startup Time": 0.005,
                      "Actual Total Time": 0.011,
                      "Actual Rows": 3,
                      "Actual Loops": 306896,
                      "Index Cond": "(movie_id = t.id)",
                      "Rows Removed by Index Recheck": 0,
                      "Filter": "(info_type_id < 4)",
                      "Rows Removed by Filter": 14
                    }
                  ]
                }
              ]
            }
          ]
        }
      ]
    },
    "Planning Time": 1.579,
    "Triggers": [],
    "Execution Time": 1042.742
  }
]