[
  {
    "Plan": {
      "Node Type": "Aggregate",
      "Strategy": "Plain",
      "Partial Mode": "Finalize",
      "Parallel Aware": false,
      "Startup Cost": 341171.2,
      "Total Cost": 341171.21,
      "Plan Rows": 1,
      "Plan Width": 8,
      "Actual Startup Time": 796.782,
      "Actual Total Time": 851.343,
      "Actual Rows": 1,
      "Actual Loops": 1,
      "Plans": [
        {
          "Node Type": "Gather",
          "Parent Relationship": "Outer",
          "Parallel Aware": false,
          "Startup Cost": 341170.58,
          "Total Cost": 341171.18,
          "Plan Rows": 6,
          "Plan Width": 8,
          "Actual Startup Time": 796.671,
          "Actual Total Time": 851.334,
          "Actual Rows": 7,
          "Actual Loops": 1,
          "Workers Planned": 6,
          "Workers Launched": 6,
          "Single Copy": false,
          "Plans": [
            {
              "Node Type": "Aggregate",
              "Strategy": "Plain",
              "Partial Mode": "Partial",
              "Parent Relationship": "Outer",
              "Parallel Aware": false,
              "Startup Cost": 340170.58,
              "Total Cost": 340170.59,
              "Plan Rows": 1,
              "Plan Width": 8,
              "Actual Startup Time": 786.745,
              "Actual Total Time": 786.746,
              "Actual Rows": 1,
              "Actual Loops": 7,
              "Plans": [
                {
                  "Node Type": "Seq Scan",
                  "Parent Relationship": "Outer",
                  "Parallel Aware": true,
                  "Relation Name": "cast_info",
                  "Alias": "ci",
                  "Startup Cost": 0.0,
                  "Total Cost": 328162.03,
                  "Plan Rows": 4803420,
                  "Plan Width": 0,
                  "Actual Startup Time": 0.055,
                  "Actual Total Time": 613.342,
                  "Actual Rows": 4133495,
                  "Actual Loops": 7,
                  "Filter": "(person_id < 2938774)",
                  "Rows Removed by Filter": 1044269
                }
              ]
            }
          ]
        }
      ]
    },
    "Planning Time": 0.179,
    "Triggers": [],
    "Execution Time": 851.415
  }
]