[
  {
    "Plan": {
      "Node Type": "Aggregate",
      "Strategy": "Plain",
      "Partial Mode": "Finalize",
      "Parallel Aware": false,
      "Startup Cost": 197968.84,
      "Total Cost": 197968.85,
      "Plan Rows": 1,
      "Plan Width": 8,
      "Actual Startup Time": 268.222,
      "Actual Total Time": 312.946,
      "Actual Rows": 1,
      "Actual Loops": 1,
      "Plans": [
        {
          "Node Type": "Gather",
          "Parent Relationship": "Outer",
          "Parallel Aware": false,
          "Startup Cost": 197968.42,
          "Total Cost": 197968.83,
          "Plan Rows": 4,
          "Plan Width": 8,
          "Actual Startup Time": 267.921,
          "Actual Total Time": 312.936,
          "Actual Rows": 5,
          "Actual Loops": 1,
          "Workers Planned": 4,
          "Workers Launched": 4,
          "Single Copy": false,
          "Plans": [
            {
              "Node Type": "Aggregate",
              "Strategy": "Plain",
              "Partial Mode": "Partial",
              "Parent Relationship": "Outer",
              "Parallel Aware": false,
              "Startup Cost": 196968.42,
              "Total Cost": 196968.43,
              "Plan Rows": 1,
              "Plan Width": 8,
              "Actual Startup Time": 259.377,
              "Actual Total Time": 259.379,
              "Actual Rows": 1,
              "Actual Loops": 5,
              "Plans": [
                {
                  "Node Type": "Nested Loop",
                  "Parent Relationship": "Outer",
                  "Parallel Aware": false,
                  "Join Type": "Inner",
                  "Startup Cost": 1.0,
                  "Total Cost": 196862.74,
                  "Plan Rows": 42274,
                  "Plan Width": 0,
                  "Actual Startup Time": 1.741,
                  "Actual Total Time": 254.25,
                  "Actual Rows": 93774,
                  "Actual Loops": 5,
                  "Inner Unique": false,
                  "Join Filter": "(t.id = ci.movie_id)",
                  "Rows Removed by Join Filter": 0,
                  "Plans": [
                    {
                      "Node Type": "Nested Loop",
                      "Parent Relationship": "Outer",
                      "Parallel Aware": false,
                      "Join Type": "Inner",
                      "Startup Cost": 0.43,
                      "Total Cost": 191195.77,
                      "Plan Rows": 2948,
                      "Plan Width": 8,
                      "Actual Startup Time": 1.522,
                      "Actual Total Time": 111.582,
                      "Actual Rows": 4924,
                      "Actual Loops": 5,
                      "Inner Unique": false,
                      "Plans": [
                        {
                          "Node Type": "Seq Scan",
                          "Parent Relationship": "Outer",
                          "Parallel Aware": true,
                          "Relation Name": "title",
                          "Alias": "t",
                          "Startup Cost": 0.0,
                          "Total Cost": 45479.59,
                          "Plan Rows": 1496,
                          "Plan Width": 4,
                          "Actual Startup Time": 1.275,
                          "Actual Total Time": 66.334,
                          "Actual Rows": 1310,
                          "Actual Loops": 5,
                          "Filter": "((kind_id < 7) AND (production_year = 1979))",
                          "Rows Removed by Filter": 504353
                        },
                        {
                          "Node Type": "Index Scan",
                          "Parent Relationship": "Inner",
                          "Parallel Aware": false,
                          "Scan Direction": "Forward",
                          "Index Name": "movie_id_movie_info",
                          "Relation Name": "movie_info",
                          "Alias": "mi",
                          "Startup Cost": 0.43,
                          "Total Cost": 97.26,
                          "Plan Rows": 14,
                          "Plan Width": 4,
                          "Actual Startup Time": 0.012,
                          "Actual Total Time": 0.034,
                          "Actual Rows": 4,
                          "Actual Loops": 6548,
                          "Index Cond": "(movie_id = t.id)",
                          "Rows Removed by Index Recheck": 0,
                          "Filter": "(info_type_id < 5)",
                          "Rows Removed by Filter": 7
                        }
                      ]
                    },
                    {
                      "Node Type": "Index Only Scan",
                      "Parent Relationship": "Inner",
                      "Parallel Aware": false,
                      "Scan Direction": "Forward",
                      "Index Name": "movie_id_cast_info",
                      "Relation Name": "cast_info",
                      "Alias": "ci",
                      "Startup Cost": 0.56,
                      "Total Cost": 1.48,
                      "Plan Rows": 35,
                      "Plan Width": 4,
                      "Actual Startup Time": 0.006,
                      "Actual Total Time": 0.027,
                      "Actual Rows": 19,
                      "Actual Loops": 24620,
                      "Index Cond": "(movie_id = mi.movie_id)",
                      "Rows Removed by Index Recheck": 0,
                      "Heap Fetches": 468871
                    }
                  ]
                }
              ]
            }
          ]
        }
      ]
    },
    "Planning Time": 1.117,
    "Triggers": [],
    "Execution Time": 313.018
  }
]