[
  {
    "Plan": {
      "Node Type": "Aggregate",
      "Strategy": "Plain",
      "Partial Mode": "Simple",
      "Parallel Aware": false,
      "Startup Cost": 15046.97,
      "Total Cost": 15046.98,
      "Plan Rows": 1,
      "Plan Width": 8,
      "Actual Startup Time": 13.761,
      "Actual Total Time": 13.762,
      "Actual Rows": 1,
      "Actual Loops": 1,
      "Plans": [
        {
          "Node Type": "Bitmap Heap Scan",
          "Parent Relationship": "Outer",
          "Parallel Aware": false,
          "Relation Name": "movie_keyword",
          "Alias": "mk",
          "Startup Cost": 143.85,
          "Total Cost": 15030.38,
          "Plan Rows": 6635,
          "Plan Width": 0,
          "Actual Startup Time": 2.941,
          "Actual Total Time": 13.223,
          "Actual Rows": 6763,
          "Actual Loops": 1,
          "Recheck Cond": "(keyword_id = 4333)",
          "Rows Removed by Index Recheck": 0,
          "Exact Heap Blocks": 5901,
          "Lossy Heap Blocks": 0,
          "Plans": [
            {
              "Node Type": "Bitmap Index Scan",
              "Parent Relationship": "Outer",
              "Parallel Aware": false,
              "Index Name": "keyword_id_movie_keyword",
              "Startup Cost": 0.0,
              "Total Cost": 142.19,
              "Plan Rows": 6635,
              "Plan Width": 0,
              "Actual Startup Time": 1.728,
              "Actual Total Time": 1.728,
              "Actual Rows": 6763,
              "Actual Loops": 1,
              "Index Cond": "(keyword_id = 4333)"
            }
          ]
        }
      ]
    },
    "Planning Time": 0.073,
    "Triggers": [],
    "Execution Time": 13.791
  }
]