[
  {
    "Plan": {
      "Node Type": "Aggregate",
      "Strategy": "Plain",
      "Partial Mode": "Finalize",
      "Parallel Aware": false,
      "Startup Cost": 45595.02,
      "Total Cost": 45595.03,
      "Plan Rows": 1,
      "Plan Width": 8,
      "Actual Startup Time": 176.622,
      "Actual Total Time": 186.811,
      "Actual Rows": 1,
      "Actual Loops": 1,
      "Plans": [
        {
          "Node Type": "Gather",
          "Parent Relationship": "Outer",
          "Parallel Aware": false,
          "Startup Cost": 45594.71,
          "Total Cost": 45595.02,
          "Plan Rows": 3,
          "Plan Width": 8,
          "Actual Startup Time": 176.302,
          "Actual Total Time": 186.801,
          "Actual Rows": 4,
          "Actual Loops": 1,
          "Workers Planned": 3,
          "Workers Launched": 3,
          "Single Copy": false,
          "Plans": [
            {
              "Node Type": "Aggregate",
              "Strategy": "Plain",
              "Partial Mode": "Partial",
              "Parent Relationship": "Outer",
              "Parallel Aware": false,
              "Startup Cost": 44594.71,
              "Total Cost": 44594.72,
              "Plan Rows": 1,
              "Plan Width": 8,
              "Actual Startup Time": 167.994,
              "Actual Total Time": 167.995,
              "Actual Rows": 1,
              "Actual Loops": 4,
              "Plans": [
                {
                  "Node Type": "Seq Scan",
                  "Parent Relationship": "Outer",
                  "Parallel Aware": true,
                  "Relation Name": "movie_keyword",
                  "Alias": "mk",
                  "Startup Cost": 0.0,
                  "Total Cost": 42695.65,
                  "Plan Rows": 759621,
                  "Plan Width": 0,
                  "Actual Startup Time": 0.645,
                  "Actual Total Time": 135.866,
                  "Actual Rows": 587716,
                  "Actual Loops": 4,
                  "Filter": "(keyword_id > 4226)",
                  "Rows Removed by Filter": 543267
                }
              ]
            }
          ]
        }
      ]
    },
    "Planning Time": 0.19,
    "Triggers": [],
    "Execution Time": 186.868
  }
]