[
  {
    "Plan": {
      "Node Type": "Aggregate",
      "Strategy": "Plain",
      "Partial Mode": "Simple",
      "Parallel Aware": false,
      "Startup Cost": 60499.85,
      "Total Cost": 60499.86,
      "Plan Rows": 1,
      "Plan Width": 8,
      "Actual Startup Time": 18.654,
      "Actual Total Time": 18.655,
      "Actual Rows": 1,
      "Actual Loops": 1,
      "Plans": [
        {
          "Node Type": "Index Scan",
          "Parent Relationship": "Outer",
          "Parallel Aware": false,
          "Scan Direction": "Forward",
          "Index Name": "person_id_cast_info",
          "Relation Name": "cast_info",
          "Alias": "ci",
          "Startup Cost": 0.56,
          "Total Cost": 60473.93,
          "Plan Rows": 10368,
          "Plan Width": 0,
          "Actual Startup Time": 0.021,
          "Actual Total Time": 15.604,
          "Actual Rows": 19959,
          "Actual Loops": 1,
          "Index Cond": "(person_id < 3645)",
          "Rows Removed by Index Recheck": 0,
          "Filter": "(role_id = 1)",
          "Rows Removed by Filter": 6428
        }
      ]
    },
    "Planning Time": 0.261,
    "Triggers": [],
    "Execution Time": 18.7
  }
]