[
  {
    "Plan": {
      "Node Type": "Aggregate",
      "Strategy": "Plain",
      "Partial Mode": "Finalize",
      "Parallel Aware": false,
      "Startup Cost": 345874.3,
      "Total Cost": 345874.32,
      "Plan Rows": 1,
      "Plan Width": 8,
      "Actual Startup Time": 654.097,
      "Actual Total Time": 714.401,
      "Actual Rows": 1,
      "Actual Loops": 1,
      "Plans": [
        {
          "Node Type": "Gather",
          "Parent Relationship": "Outer",
          "Parallel Aware": false,
          "Startup Cost": 345873.68,
          "Total Cost": 345874.29,
          "Plan Rows": 6,
          "Plan Width": 8,
          "Actual Startup Time": 653.956,
          "Actual Total Time": 714.389,
          "Actual Rows": 7,
          "Actual Loops": 1,
          "Workers Planned": 6,
          "Workers Launched": 6,
          "Single Copy": false,
          "Plans": [
            {
              "Node Type": "Aggregate",
              "Strategy": "Plain",
              "Partial Mode": "Partial",
              "Parent Relationship": "Outer",
              "Parallel Aware": false,
              "Startup Cost": 344873.68,
              "Total Cost": 344873.69,
              "Plan Rows": 1,
              "Plan Width": 8,
              "Actual Startup Time": 644.116,
              "Actual Total Time": 644.117,
              "Actual Rows": 1,
              "Actual Loops": 7,
              "Plans": [
                {
                  "Node Type": "Seq Scan",
                  "Parent Relationship": "Outer",
                  "Parallel Aware": true,
                  "Relation Name": "cast_info",
                  "Alias": "ci",
                  "Startup Cost": 0.0,
                  "Total Cost": 343257.03,
                  "Plan Rows": 646660,
                  "Plan Width": 0,
                  "Actual Startup Time": 0.051,
                  "Actual Total Time": 612.923,
                  "Actual Rows": 623876,
                  "Actual Loops": 7,
                  "Filter": "((person_id < 440733) AND (role_id < 10))",
                  "Rows Removed by Filter": 4553887
                }
              ]
            }
          ]
        }
      ]
    },
    "Planning Time": 0.213,
    "Triggers": [],
    "Execution Time": 714.473
  }
]