{
  "Plan": {
    "Node Type": "Aggregate",
    "Strategy": "Plain",
    "Partial Mode": "Finalize",
    "Parallel Aware": false,
    "Startup Cost": 420718.01,
    "Total Cost": 420718.02,
    "Plan Rows": 1,
    "Plan Width": 8,
    "Actual Startup Time": 1688.061,
    "Actual Total Time": 1743.199,
    "Actual Rows": 1,
    "Actual Loops": 1,
    "Plans": [
      {
        "Node Type": "Gather",
        "Parent Relationship": "Outer",
        "Parallel Aware": false,
        "Startup Cost": 420717.9,
        "Total Cost": 420718.01,
        "Plan Rows": 1,
        "Plan Width": 8,
        "Actual Startup Time": 1686.549,
        "Actual Total Time": 1743.191,
        "Actual Rows": 2,
        "Actual Loops": 1,
        "Workers Planned": 1,
        "Workers Launched": 1,
        "Single Copy": false,
        "Plans": [
          {
            "Node Type": "Aggregate",
            "Strategy": "Plain",
            "Partial Mode": "Partial",
            "Parent Relationship": "Outer",
            "Parallel Aware": false,
            "Startup Cost": 419717.9,
            "Total Cost": 419717.91,
            "Plan Rows": 1,
            "Plan Width": 8,
            "Actual Startup Time": 1680.439,
            "Actual Total Time": 1680.444,
            "Actual Rows": 1,
            "Actual Loops": 2,
            "Plans": [
              {
                "Node Type": "Hash Join",
                "Parent Relationship": "Outer",
                "Parallel Aware": true,
                "Join Type": "Inner",
                "Startup Cost": 349239.85,
                "Total Cost": 417896.51,
                "Plan Rows": 728557,
                "Plan Width": 0,
                "Actual Startup Time": 1328.553,
                "Actual Total Time": 1671.631,
                "Actual Rows": 206656,
                "Actual Loops": 2,
                "Inner Unique": false,
                "Hash Cond": "(mk.movie_id = t.id)",
                "Plans": [
                  {
                    "Node Type": "Seq Scan",
                    "Parent Relationship": "Outer",
                    "Parallel Aware": true,
                    "Relation Name": "movie_keyword",
                    "Alias": "mk",
                    "Startup Cost": 0.0,
                    "Total Cost": 51065.35,
                    "Plan Rows": 2661135,
                    "Plan Width": 4,
                    "Actual Startup Time": 0.022,
                    "Actual Total Time": 157.336,
                    "Actual Rows": 2261965,
                    "Actual Loops": 2
                  },
                  {
                    "Node Type": "Hash",
                    "Parent Relationship": "Inner",
                    "Parallel Aware": true,
                    "Startup Cost": 344150.24,
                    "Total Cost": 344150.24,
                    "Plan Rows": 407169,
                    "Plan Width": 8,
                    "Actual Startup Time": 1318.542,
                    "Actual Total Time": 1318.545,
                    "Actual Rows": 189238,
                    "Actual Loops": 2,
                    "Hash Buckets": 1048576,
                    "Original Hash Buckets": 1048576,
                    "Hash Batches": 1,
                    "Original Hash Batches": 1,
                    "Peak Memory Usage": 23040,
                    "Plans": [
                      {
                        "Node Type": "Hash Join",
                        "Parent Relationship": "Outer",
                        "Parallel Aware": true,
                        "Join Type": "Inner",
                        "Startup Cost": 59757.17,
                        "Total Cost": 344150.24,
                        "Plan Rows": 407169,
                        "Plan Width": 8,
                        "Actual Startup Time": 157.722,
                        "Actual Total Time": 1266.009,
                        "Actual Rows": 189238,
                        "Actual Loops": 2,
                        "Inner Unique": true,
                        "Hash Cond": "(mi.movie_id = t.id)",
                        "Plans": [
                          {
                            "Node Type": "Seq Scan",
                            "Parent Relationship": "Outer",
                            "Parallel Aware": true,
                            "Relation Name": "movie_info",
                            "Alias": "mi",
                            "Startup Cost": 0.0,
                            "Total Cost": 270696.42,
                            "Plan Rows": 5217764,
                            "Plan Width": 4,
                            "Actual Startup Time": 0.013,
                            "Actual Total Time": 689.998,
                            "Actual Rows": 4483347,
                            "Actual Loops": 2,
                            "Filter": "(info_type_id < 15)",
                            "Rows Removed by Filter": 2934513
                          },
                          {
                            "Node Type": "Hash",
                            "Parent Relationship": "Inner",
                            "Parallel Aware": true,
                            "Startup Cost": 58306.47,
                            "Total Cost": 58306.47,
                            "Plan Rows": 116056,
                            "Plan Width": 4,
                            "Actual Startup Time": 154.826,
                            "Actual Total Time": 154.827,
                            "Actual Rows": 52077,
                            "Actual Loops": 2,
                            "Hash Buckets": 262144,
                            "Original Hash Buckets": 262144,
                            "Hash Batches": 1,
                            "Original Hash Batches": 1,
                            "Peak Memory Usage": 6144,
                            "Plans": [
                              {
                                "Node Type": "Seq Scan",
                                "Parent Relationship": "Outer",
                                "Parallel Aware": true,
                                "Relation Name": "title",
                                "Alias": "t",
                                "Startup Cost": 0.0,
                                "Total Cost": 58306.47,
                                "Plan Rows": 116056,
                                "Plan Width": 4,
                                "Actual Startup Time": 0.037,
                                "Actual Total Time": 138.272,
                                "Actual Rows": 52077,
                                "Actual Loops": 2,
                                "Filter": "((production_year < 1968) AND (kind_id = 7))",
                                "Rows Removed by Filter": 1212079
                              }
                            ]
                          }
                        ]
                      }
                    ]
                  }
                ]
              }
            ]
          }
        ]
      }
    ]
  },
  "Planning Time": 1.026,
  "Triggers": [],
  "Execution Time": 1743.295
}