[
  {
    "Plan": {
      "Node Type": "Aggregate",
      "Strategy": "Plain",
      "Partial Mode": "Finalize",
      "Parallel Aware": false,
      "Startup Cost": 288638.32,
      "Total Cost": 288638.33,
      "Plan Rows": 1,
      "Plan Width": 8,
      "Actual Startup Time": 1565.242,
      "Actual Total Time": 1616.488,
      "Actual Rows": 1,
      "Actual Loops": 1,
      "Plans": [
        {
          "Node Type": "Gather",
          "Parent Relationship": "Outer",
          "Parallel Aware": false,
          "Startup Cost": 288637.8,
          "Total Cost": 288638.31,
          "Plan Rows": 5,
          "Plan Width": 8,
          "Actual Startup Time": 1552.62,
          "Actual Total Time": 1616.472,
          "Actual Rows": 6,
          "Actual Loops": 1,
          "Workers Planned": 5,
          "Workers Launched": 5,
          "Single Copy": false,
          "Plans": [
            {
              "Node Type": "Aggregate",
              "Strategy": "Plain",
              "Partial Mode": "Partial",
              "Parent Relationship": "Outer",
              "Parallel Aware": false,
              "Startup Cost": 287637.8,
              "Total Cost": 287637.81,
              "Plan Rows": 1,
              "Plan Width": 8,
              "Actual Startup Time": 1541.689,
              "Actual Total Time": 1541.797,
              "Actual Rows": 1,
              "Actual Loops": 6,
              "Plans": [
                {
                  "Node Type": "Hash Join",
                  "Parent Relationship": "Outer",
                  "Parallel Aware": true,
                  "Join Type": "Inner",
                  "Startup Cost": 79232.95,
                  "Total Cost": 286539.44,
                  "Plan Rows": 439346,
                  "Plan Width": 0,
                  "Actual Startup Time": 394.066,
                  "Actual Total Time": 1384.754,
                  "Actual Rows": 2857930,
                  "Actual Loops": 6,
                  "Inner Unique": false,
                  "Hash Cond": "(mi.movie_id = t.id)",
                  "Plans": [
                    {
                      "Node Type": "Seq Scan",
                      "Parent Relationship": "Outer",
                      "Parallel Aware": true,
                      "Relation Name": "movie_info",
                      "Alias": "mi",
                      "Startup Cost": 0.0,
                      "Total Cost": 199108.24,
                      "Plan Rows": 1808265,
                      "Plan Width": 4,
                      "Actual Startup Time": 0.042,
                      "Actual Total Time": 424.181,
                      "Actual Rows": 1494449,
                      "Actual Loops": 6,
                      "Filter": "(info_type_id < 15)",
                      "Rows Removed by Filter": 978171
                    },
                    {
                      "Node Type": "Hash",
                      "Parent Relationship": "Inner",
                      "Parallel Aware": true,
                      "Startup Cost": 76755.85,
                      "Total Cost": 76755.85,
                      "Plan Rows": 198168,
                      "Plan Width": 8,
                      "Actual Startup Time": 371.32,
                      "Actual Total Time": 371.427,
                      "Actual Rows": 154777,
                      "Actual Loops": 6,
                      "Hash Buckets": 1048576,
                      "Original Hash Buckets": 1048576,
                      "Hash Batches": 1,
                      "Original Hash Batches": 1,
                      "Peak Memory Usage": 44640,
                      "Plans": [
                        {
                          "Node Type": "Hash Join",
                          "Parent Relationship": "Outer",
                          "Parallel Aware": true,
                          "Join Type": "Inner",
                          "Startup Cost": 47339.96,
                          "Total Cost": 76755.85,
                          "Plan Rows": 198168,
                          "Plan Width": 8,
                          "Actual Startup Time": 170.04,
                          "Actual Total Time": 308.98,
                          "Actual Rows": 154777,
                          "Actual Loops": 6,
                          "Inner Unique": true,
                          "Hash Cond": "(mc.movie_id = t.id)",
                          "Plans": [
                            {
                              "Node Type": "Seq Scan",
                              "Parent Relationship": "Outer",
                              "Parallel Aware": true,
                              "Relation Name": "movie_companies",
                              "Alias": "mc",
                              "Startup Cost": 0.0,
                              "Total Cost": 27206.55,
                              "Plan Rows": 841655,
                              "Plan Width": 4,
                              "Actual Startup Time": 0.011,
                              "Actual Total Time": 55.499,
                              "Actual Rows": 434855,
                              "Actual Loops": 6
                            },
                            {
                              "Node Type": "Hash",
                              "Parent Relationship": "Inner",
                              "Parallel Aware": true,
                              "Startup Cost": 45479.59,
                              "Total Cost": 45479.59,
                              "Plan Rows": 148830,
                              "Plan Width": 4,
                              "Actual Startup Time": 143.084,
                              "Actual Total Time": 143.086,
                              "Actual Rows": 80771,
                              "Actual Loops": 6,
                              "Hash Buckets": 1048576,
                              "Original Hash Buckets": 1048576,
                              "Hash Batches": 1,
                              "Original Hash Batches": 1,
                              "Peak Memory Usage": 27232,
                              "Plans": [
                                {
                                  "Node Type": "Seq Scan",
                                  "Parent Relationship": "Outer",
                                  "Parallel Aware": true,
                                  "Relation Name": "title",
                                  "Alias": "t",
                                  "Startup Cost": 0.0,
                                  "Total Cost": 45479.59,
                                  "Plan Rows": 148830,
                                  "Plan Width": 4,
                                  "Actual Startup Time": 49.786,
                                  "Actual Total Time": 99.43,
                                  "Actual Rows": 80771,
                                  "Actual Loops": 6,
                                  "Filter": "((production_year > 1953) AND (kind_id = 1))",
                                  "Rows Removed by Filter": 340614
                                }
                              ]
                            }
                          ]
                        }
                      ]
                    }
                  ]
                }
              ]
            }
          ]
        }
      ]
    },
    "Planning Time": 1.408,
    "Triggers": [],
    "Execution Time": 1616.584
  }
]