[
  {
    "Plan": {
      "Node Type": "Aggregate",
      "Strategy": "Plain",
      "Partial Mode": "Finalize",
      "Parallel Aware": false,
      "Startup Cost": 32009.25,
      "Total Cost": 32009.26,
      "Plan Rows": 1,
      "Plan Width": 8,
      "Actual Startup Time": 133.776,
      "Actual Total Time": 140.746,
      "Actual Rows": 1,
      "Actual Loops": 1,
      "Plans": [
        {
          "Node Type": "Gather",
          "Parent Relationship": "Outer",
          "Parallel Aware": false,
          "Startup Cost": 32008.93,
          "Total Cost": 32009.24,
          "Plan Rows": 3,
          "Plan Width": 8,
          "Actual Startup Time": 133.635,
          "Actual Total Time": 140.736,
          "Actual Rows": 4,
          "Actual Loops": 1,
          "Workers Planned": 3,
          "Workers Launched": 3,
          "Single Copy": false,
          "Plans": [
            {
              "Node Type": "Aggregate",
              "Strategy": "Plain",
              "Partial Mode": "Partial",
              "Parent Relationship": "Outer",
              "Parallel Aware": false,
              "Startup Cost": 31008.93,
              "Total Cost": 31008.94,
              "Plan Rows": 1,
              "Plan Width": 8,
              "Actual Startup Time": 128.409,
              "Actual Total Time": 128.41,
              "Actual Rows": 1,
              "Actual Loops": 4,
              "Plans": [
                {
                  "Node Type": "Seq Scan",
                  "Parent Relationship": "Outer",
                  "Parallel Aware": true,
                  "Relation Name": "movie_companies",
                  "Alias": "mc",
                  "Startup Cost": 0.0,
                  "Total Cost": 29310.68,
                  "Plan Rows": 679299,
                  "Plan Width": 0,
                  "Actual Startup Time": 0.113,
                  "Actual Total Time": 96.938,
                  "Actual Rows": 528296,
                  "Actual Loops": 4,
                  "Filter": "(company_id > 438)",
                  "Rows Removed by Filter": 123986
                }
              ]
            }
          ]
        }
      ]
    },
    "Planning Time": 0.105,
    "Triggers": [],
    "Execution Time": 140.778
  }
]