{
  "Plan": {
    "Node Type": "Aggregate",
    "Strategy": "Plain",
    "Partial Mode": "Finalize",
    "Parallel Aware": false,
    "Startup Cost": 99869.96,
    "Total Cost": 99869.97,
    "Plan Rows": 1,
    "Plan Width": 8,
    "Actual Startup Time": 311.816,
    "Actual Total Time": 329.593,
    "Actual Rows": 1,
    "Actual Loops": 1,
    "Plans": [
      {
        "Node Type": "Gather",
        "Parent Relationship": "Outer",
        "Parallel Aware": false,
        "Startup Cost": 99869.85,
        "Total Cost": 99869.96,
        "Plan Rows": 1,
        "Plan Width": 8,
        "Actual Startup Time": 311.331,
        "Actual Total Time": 329.585,
        "Actual Rows": 2,
        "Actual Loops": 1,
        "Workers Planned": 1,
        "Workers Launched": 1,
        "Single Copy": false,
        "Plans": [
          {
            "Node Type": "Aggregate",
            "Strategy": "Plain",
            "Partial Mode": "Partial",
            "Parent Relationship": "Outer",
            "Parallel Aware": false,
            "Startup Cost": 98869.85,
            "Total Cost": 98869.86,
            "Plan Rows": 1,
            "Plan Width": 8,
            "Actual Startup Time": 305.354,
            "Actual Total Time": 305.358,
            "Actual Rows": 1,
            "Actual Loops": 2,
            "Plans": [
              {
                "Node Type": "Hash Join",
                "Parent Relationship": "Outer",
                "Parallel Aware": true,
                "Join Type": "Inner",
                "Startup Cost": 68689.13,
                "Total Cost": 98844.19,
                "Plan Rows": 10265,
                "Plan Width": 0,
                "Actual Startup Time": 196.42,
                "Actual Total Time": 305.056,
                "Actual Rows": 3826,
                "Actual Loops": 2,
                "Inner Unique": true,
                "Hash Cond": "(mk.movie_id = t.id)",
                "Plans": [
                  {
                    "Node Type": "Bitmap Heap Scan",
                    "Parent Relationship": "Outer",
                    "Parallel Aware": true,
                    "Relation Name": "movie_keyword",
                    "Alias": "mk",
                    "Startup Cost": 13594.48,
                    "Total Cost": 42760.1,
                    "Plan Rows": 376929,
                    "Plan Width": 4,
                    "Actual Startup Time": 46.413,
                    "Actual Total Time": 122.112,
                    "Actual Rows": 311457,
                    "Actual Loops": 2,
                    "Recheck Cond": "(keyword_id > 29329)",
                    "Rows Removed by Index Recheck": 0,
                    "Exact Heap Blocks": 11628,
                    "Lossy Heap Blocks": 0,
                    "Plans": [
                      {
                        "Node Type": "Bitmap Index Scan",
                        "Parent Relationship": "Outer",
                        "Parallel Aware": false,
                        "Index Name": "keyword_id_movie_keyword",
                        "Startup Cost": 0.0,
                        "Total Cost": 13434.28,
                        "Plan Rows": 640780,
                        "Plan Width": 0,
                        "Actual Startup Time": 42.909,
                        "Actual Total Time": 42.909,
                        "Actual Rows": 622914,
                        "Actual Loops": 1,
                        "Index Cond": "(keyword_id > 29329)"
                      }
                    ]
                  },
                  {
                    "Node Type": "Hash",
                    "Parent Relationship": "Inner",
                    "Parallel Aware": true,
                    "Startup Cost": 54588.39,
                    "Total Cost": 54588.39,
                    "Plan Rows": 40501,
                    "Plan Width": 4,
                    "Actual Startup Time": 147.347,
                    "Actual Total Time": 147.347,
                    "Actual Rows": 33671,
                    "Actual Loops": 2,
                    "Hash Buckets": 131072,
                    "Original Hash Buckets": 131072,
                    "Hash Batches": 1,
                    "Original Hash Batches": 1,
                    "Peak Memory Usage": 3712,
                    "Plans": [
                      {
                        "Node Type": "Seq Scan",
                        "Parent Relationship": "Outer",
                        "Parallel Aware": true,
                        "Relation Name": "title",
                        "Alias": "t",
                        "Startup Cost": 0.0,
                        "Total Cost": 54588.39,
                        "Plan Rows": 40501,
                        "Plan Width": 4,
                        "Actual Startup Time": 0.059,
                        "Actual Total Time": 136.831,
                        "Actual Rows": 33671,
                        "Actual Loops": 2,
                        "Filter": "(production_year > 2012)",
                        "Rows Removed by Filter": 1230485
                      }
                    ]
                  }
                ]
              }
            ]
          }
        ]
      }
    ]
  },
  "Planning Time": 0.44,
  "Triggers": [],
  "Execution Time": 329.689
}