[
  {
    "Plan": {
      "Node Type": "Aggregate",
      "Strategy": "Plain",
      "Partial Mode": "Simple",
      "Parallel Aware": false,
      "Startup Cost": 3070.03,
      "Total Cost": 3070.04,
      "Plan Rows": 1,
      "Plan Width": 8,
      "Actual Startup Time": 3.191,
      "Actual Total Time": 3.192,
      "Actual Rows": 1,
      "Actual Loops": 1,
      "Plans": [
        {
          "Node Type": "Nested Loop",
          "Parent Relationship": "Outer",
          "Parallel Aware": false,
          "Join Type": "Inner",
          "Startup Cost": 7.18,
          "Total Cost": 3069.93,
          "Plan Rows": 39,
          "Plan Width": 0,
          "Actual Startup Time": 0.084,
          "Actual Total Time": 3.167,
          "Actual Rows": 237,
          "Actual Loops": 1,
          "Inner Unique": false,
          "Plans": [
            {
              "Node Type": "Nested Loop",
              "Parent Relationship": "Outer",
              "Parallel Aware": false,
              "Join Type": "Inner",
              "Startup Cost": 6.75,
              "Total Cost": 2958.5,
              "Plan Rows": 213,
              "Plan Width": 8,
              "Actual Startup Time": 0.066,
              "Actual Total Time": 1.825,
              "Actual Rows": 319,
              "Actual Loops": 1,
              "Inner Unique": true,
              "Plans": [
                {
                  "Node Type": "Bitmap Heap Scan",
                  "Parent Relationship": "Outer",
                  "Parallel Aware": false,
                  "Relation Name": "movie_keyword",
                  "Alias": "mk",
                  "Startup Cost": 6.32,
                  "Total Cost": 908.7,
                  "Plan Rows": 244,
                  "Plan Width": 4,
                  "Actual Startup Time": 0.057,
                  "Actual Total Time": 0.498,
                  "Actual Rows": 319,
                  "Actual Loops": 1,
                  "Recheck Cond": "(keyword_id = 2619)",
                  "Rows Removed by Index Recheck": 0,
                  "Exact Heap Blocks": 289,
                  "Lossy Heap Blocks": 0,
                  "Plans": [
                    {
                      "Node Type": "Bitmap Index Scan",
                      "Parent Relationship": "Outer",
                      "Parallel Aware": false,
                      "Index Name": "keyword_id_movie_keyword",
                      "Startup Cost": 0.0,
                      "Total Cost": 6.26,
                      "Plan Rows": 244,
                      "Plan Width": 0,
                      "Actual Startup Time": 0.032,
                      "Actual Total Time": 0.032,
                      "Actual Rows": 319,
                      "Actual Loops": 1,
                      "Index Cond": "(keyword_id = 2619)"
                    }
                  ]
                },
                {
                  "Node Type": "Index Scan",
                  "Parent Relationship": "Inner",
                  "Parallel Aware": false,
                  "Scan Direction": "Forward",
                  "Index Name": "title_pkey",
                  "Relation Name": "title",
                  "Alias": "t",
                  "Startup Cost": 0.43,
                  "Total Cost": 8.4,
                  "Plan Rows": 1,
                  "Plan Width": 4,
                  "Actual Startup Time": 0.004,
                  "Actual Total Time": 0.004,
                  "Actual Rows": 1,
                  "Actual Loops": 319,
                  "Index Cond": "(id = mk.movie_id)",
                  "Rows Removed by Index Recheck": 0,
                  "Filter": "(production_year > 1959)",
                  "Rows Removed by Filter": 0
                }
              ]
            },
            {
              "Node Type": "Index Scan",
              "Parent Relationship": "Inner",
              "Parallel Aware": false,
              "Scan Direction": "Forward",
              "Index Name": "movie_id_movie_info_idx",
              "Relation Name": "movie_info_idx",
              "Alias": "mi_idx",
              "Startup Cost": 0.43,
              "Total Cost": 0.51,
              "Plan Rows": 1,
              "Plan Width": 4,
              "Actual Startup Time": 0.004,
              "Actual Total Time": 0.004,
              "Actual Rows": 1,
              "Actual Loops": 319,
              "Index Cond": "(movie_id = t.id)",
              "Rows Removed by Index Recheck": 0,
              "Filter": "(info_type_id < 100)",
              "Rows Removed by Filter": 1
            }
          ]
        }
      ]
    },
    "Planning Time": 0.395,
    "Triggers": [],
    "Execution Time": 3.221
  }
]