[
  {
    "Plan": {
      "Node Type": "Aggregate",
      "Strategy": "Plain",
      "Partial Mode": "Finalize",
      "Parallel Aware": false,
      "Startup Cost": 32224.14,
      "Total Cost": 32224.15,
      "Plan Rows": 1,
      "Plan Width": 8,
      "Actual Startup Time": 117.453,
      "Actual Total Time": 125.358,
      "Actual Rows": 1,
      "Actual Loops": 1,
      "Plans": [
        {
          "Node Type": "Gather",
          "Parent Relationship": "Outer",
          "Parallel Aware": false,
          "Startup Cost": 32223.82,
          "Total Cost": 32224.13,
          "Plan Rows": 3,
          "Plan Width": 8,
          "Actual Startup Time": 117.345,
          "Actual Total Time": 125.35,
          "Actual Rows": 4,
          "Actual Loops": 1,
          "Workers Planned": 3,
          "Workers Launched": 3,
          "Single Copy": false,
          "Plans": [
            {
              "Node Type": "Aggregate",
              "Strategy": "Plain",
              "Partial Mode": "Partial",
              "Parent Relationship": "Outer",
              "Parallel Aware": false,
              "Startup Cost": 31223.82,
              "Total Cost": 31223.83,
              "Plan Rows": 1,
              "Plan Width": 8,
              "Actual Startup Time": 111.44,
              "Actual Total Time": 111.441,
              "Actual Rows": 1,
              "Actual Loops": 4,
              "Plans": [
                {
                  "Node Type": "Seq Scan",
                  "Parent Relationship": "Outer",
                  "Parallel Aware": true,
                  "Relation Name": "movie_companies",
                  "Alias": "mc",
                  "Startup Cost": 0.0,
                  "Total Cost": 29310.68,
                  "Plan Rows": 765256,
                  "Plan Width": 0,
                  "Actual Startup Time": 0.038,
                  "Actual Total Time": 83.169,
                  "Actual Rows": 593630,
                  "Actual Loops": 4,
                  "Filter": "(company_id < 104240)",
                  "Rows Removed by Filter": 58652
                }
              ]
            }
          ]
        }
      ]
    },
    "Planning Time": 0.159,
    "Triggers": [],
    "Execution Time": 125.409
  }
]