[
  {
    "Plan": {
      "Node Type": "Aggregate",
      "Strategy": "Plain",
      "Partial Mode": "Finalize",
      "Parallel Aware": false,
      "Startup Cost": 32436.45,
      "Total Cost": 32436.46,
      "Plan Rows": 1,
      "Plan Width": 8,
      "Actual Startup Time": 42.167,
      "Actual Total Time": 48.235,
      "Actual Rows": 1,
      "Actual Loops": 1,
      "Plans": [
        {
          "Node Type": "Gather",
          "Parent Relationship": "Outer",
          "Parallel Aware": false,
          "Startup Cost": 32436.24,
          "Total Cost": 32436.45,
          "Plan Rows": 2,
          "Plan Width": 8,
          "Actual Startup Time": 42.008,
          "Actual Total Time": 48.228,
          "Actual Rows": 3,
          "Actual Loops": 1,
          "Workers Planned": 2,
          "Workers Launched": 2,
          "Single Copy": false,
          "Plans": [
            {
              "Node Type": "Aggregate",
              "Strategy": "Plain",
              "Partial Mode": "Partial",
              "Parent Relationship": "Outer",
              "Parallel Aware": false,
              "Startup Cost": 31436.24,
              "Total Cost": 31436.25,
              "Plan Rows": 1,
              "Plan Width": 8,
              "Actual Startup Time": 34.115,
              "Actual Total Time": 34.116,
              "Actual Rows": 1,
              "Actual Loops": 3,
              "Plans": [
                {
                  "Node Type": "Nested Loop",
                  "Parent Relationship": "Outer",
                  "Parallel Aware": false,
                  "Join Type": "Inner",
                  "Startup Cost": 211.15,
                  "Total Cost": 31431.09,
                  "Plan Rows": 2061,
                  "Plan Width": 0,
                  "Actual Startup Time": 15.052,
                  "Actual Total Time": 33.893,
                  "Actual Rows": 1385,
                  "Actual Loops": 3,
                  "Inner Unique": true,
                  "Plans": [
                    {
                      "Node Type": "Bitmap Heap Scan",
                      "Parent Relationship": "Outer",
                      "Parallel Aware": true,
                      "Relation Name": "movie_companies",
                      "Alias": "mc",
                      "Startup Cost": 210.72,
                      "Total Cost": 16324.31,
                      "Plan Rows": 2061,
                      "Plan Width": 4,
                      "Actual Startup Time": 14.926,
                      "Actual Total Time": 19.425,
                      "Actual Rows": 1385,
                      "Actual Loops": 3,
                      "Recheck Cond": "(company_id = 846)",
                      "Rows Removed by Index Recheck": 0,
                      "Filter": "(company_type_id > 1)",
                      "Rows Removed by Filter": 2003,
                      "Exact Heap Blocks": 4617,
                      "Lossy Heap Blocks": 0,
                      "Plans": [
                        {
                          "Node Type": "Bitmap Index Scan",
                          "Parent Relationship": "Outer",
                          "Parallel Aware": false,
                          "Index Name": "company_id_movie_companies",
                          "Startup Cost": 0.0,
                          "Total Cost": 209.49,
                          "Plan Rows": 9741,
                          "Plan Width": 0,
                          "Actual Startup Time": 9.326,
                          "Actual Total Time": 9.326,
                          "Actual Rows": 10163,
                          "Actual Loops": 1,
                          "Index Cond": "(company_id = 846)"
                        }
                      ]
                    },
                    {
                      "Node Type": "Index Only Scan",
                      "Parent Relationship": "Inner",
                      "Parallel Aware": false,
                      "Scan Direction": "Forward",
                      "Index Name": "title_pkey",
                      "Relation Name": "title",
                      "Alias": "t",
                      "Startup Cost": 0.43,
                      "Total Cost": 7.33,
                      "Plan Rows": 1,
                      "Plan Width": 4,
                      "Actual Startup Time": 0.01,
                      "Actual Total Time": 0.01,
                      "Actual Rows": 1,
                      "Actual Loops": 4155,
                      "Index Cond": "(id = mc.movie_id)",
                      "Rows Removed by Index Recheck": 0,
                      "Heap Fetches": 4155
                    }
                  ]
                }
              ]
            }
          ]
        }
      ]
    },
    "Planning Time": 0.651,
    "Triggers": [],
    "Execution Time": 48.32
  }
]