[
  {
    "Plan": {
      "Node Type": "Aggregate",
      "Strategy": "Plain",
      "Partial Mode": "Finalize",
      "Parallel Aware": false,
      "Startup Cost": 94975.9,
      "Total Cost": 94975.91,
      "Plan Rows": 1,
      "Plan Width": 8,
      "Actual Startup Time": 533.337,
      "Actual Total Time": 547.626,
      "Actual Rows": 1,
      "Actual Loops": 1,
      "Plans": [
        {
          "Node Type": "Gather",
          "Parent Relationship": "Outer",
          "Parallel Aware": false,
          "Startup Cost": 94975.58,
          "Total Cost": 94975.89,
          "Plan Rows": 3,
          "Plan Width": 8,
          "Actual Startup Time": 528.582,
          "Actual Total Time": 547.595,
          "Actual Rows": 4,
          "Actual Loops": 1,
          "Workers Planned": 3,
          "Workers Launched": 3,
          "Single Copy": false,
          "Plans": [
            {
              "Node Type": "Aggregate",
              "Strategy": "Plain",
              "Partial Mode": "Partial",
              "Parent Relationship": "Outer",
              "Parallel Aware": false,
              "Startup Cost": 93975.58,
              "Total Cost": 93975.59,
              "Plan Rows": 1,
              "Plan Width": 8,
              "Actual Startup Time": 517.291,
              "Actual Total Time": 517.295,
              "Actual Rows": 1,
              "Actual Loops": 4,
              "Plans": [
                {
                  "Node Type": "Hash Join",
                  "Parent Relationship": "Outer",
                  "Parallel Aware": true,
                  "Join Type": "Inner",
                  "Startup Cost": 49322.69,
                  "Total Cost": 92200.77,
                  "Plan Rows": 709927,
                  "Plan Width": 0,
                  "Actual Startup Time": 258.54,
                  "Actual Total Time": 504.571,
                  "Actual Rows": 258706,
                  "Actual Loops": 4,
                  "Inner Unique": true,
                  "Hash Cond": "(mk.movie_id = t.id)",
                  "Plans": [
                    {
                      "Node Type": "Seq Scan",
                      "Parent Relationship": "Outer",
                      "Parallel Aware": true,
                      "Relation Name": "movie_keyword",
                      "Alias": "mk",
                      "Startup Cost": 0.0,
                      "Total Cost": 39047.32,
                      "Plan Rows": 1459332,
                      "Plan Width": 4,
                      "Actual Startup Time": 0.026,
                      "Actual Total Time": 100.044,
                      "Actual Rows": 1130982,
                      "Actual Loops": 4
                    },
                    {
                      "Node Type": "Hash",
                      "Parent Relationship": "Inner",
                      "Parallel Aware": true,
                      "Startup Cost": 45479.1,
                      "Total Cost": 45479.1,
                      "Plan Rows": 307487,
                      "Plan Width": 4,
                      "Actual Startup Time": 250.975,
                      "Actual Total Time": 250.976,
                      "Actual Rows": 337797,
                      "Actual Loops": 4,
                      "Hash Buckets": 2097152,
                      "Original Hash Buckets": 2097152,
                      "Hash Batches": 1,
                      "Original Hash Batches": 1,
                      "Peak Memory Usage": 69312,
                      "Plans": [
                        {
                          "Node Type": "Seq Scan",
                          "Parent Relationship": "Outer",
                          "Parallel Aware": true,
                          "Relation Name": "title",
                          "Alias": "t",
                          "Startup Cost": 0.0,
                          "Total Cost": 45479.1,
                          "Plan Rows": 307487,
                          "Plan Width": 4,
                          "Actual Startup Time": 0.038,
                          "Actual Total Time": 115.814,
                          "Actual Rows": 337797,
                          "Actual Loops": 4,
                          "Filter": "((kind_id > 3) AND (production_year > 1985))",
                          "Rows Removed by Filter": 294281
                        }
                      ]
                    }
                  ]
                }
              ]
            }
          ]
        }
      ]
    },
    "Planning Time": 0.645,
    "Triggers": [],
    "Execution Time": 547.696
  }
]