{
  "Plan": {
    "Node Type": "Aggregate",
    "Strategy": "Plain",
    "Partial Mode": "Finalize",
    "Parallel Aware": false,
    "Startup Cost": 1430706.89,
    "Total Cost": 1430706.9,
    "Plan Rows": 1,
    "Plan Width": 8,
    "Actual Startup Time": 23449.735,
    "Actual Total Time": 23692.564,
    "Actual Rows": 1,
    "Actual Loops": 1,
    "Plans": [
      {
        "Node Type": "Gather",
        "Parent Relationship": "Outer",
        "Parallel Aware": false,
        "Startup Cost": 1430706.78,
        "Total Cost": 1430706.89,
        "Plan Rows": 1,
        "Plan Width": 8,
        "Actual Startup Time": 23397.026,
        "Actual Total Time": 23692.55,
        "Actual Rows": 2,
        "Actual Loops": 1,
        "Workers Planned": 1,
        "Workers Launched": 1,
        "Single Copy": false,
        "Plans": [
          {
            "Node Type": "Aggregate",
            "Strategy": "Plain",
            "Partial Mode": "Partial",
            "Parent Relationship": "Outer",
            "Parallel Aware": false,
            "Startup Cost": 1429706.78,
            "Total Cost": 1429706.79,
            "Plan Rows": 1,
            "Plan Width": 8,
            "Actual Startup Time": 23359.233,
            "Actual Total Time": 23365.177,
            "Actual Rows": 1,
            "Actual Loops": 2,
            "Plans": [
              {
                "Node Type": "Hash Join",
                "Parent Relationship": "Outer",
                "Parallel Aware": true,
                "Join Type": "Inner",
                "Startup Cost": 949900.29,
                "Total Cost": 1360126.89,
                "Plan Rows": 27831954,
                "Plan Width": 0,
                "Actual Startup Time": 15854.974,
                "Actual Total Time": 22187.567,
                "Actual Rows": 29609406,
                "Actual Loops": 2,
                "Inner Unique": false,
                "Hash Cond": "(mi.movie_id = t.id)",
                "Plans": [
                  {
                    "Node Type": "Bitmap Heap Scan",
                    "Parent Relationship": "Outer",
                    "Parallel Aware": true,
                    "Relation Name": "movie_info",
                    "Alias": "mi",
                    "Startup Cost": 65065.95,
                    "Total Cost": 253470.26,
                    "Plan Rows": 2112905,
                    "Plan Width": 4,
                    "Actual Startup Time": 126.068,
                    "Actual Total Time": 306.733,
                    "Actual Rows": 1812488,
                    "Actual Loops": 2,
                    "Recheck Cond": "(info_type_id < 4)",
                    "Rows Removed by Index Recheck": 0,
                    "Exact Heap Blocks": 11580,
                    "Lossy Heap Blocks": 0,
                    "Plans": [
                      {
                        "Node Type": "Bitmap Index Scan",
                        "Parent Relationship": "Outer",
                        "Parallel Aware": false,
                        "Index Name": "info_type_id_movie_info",
                        "Startup Cost": 0.0,
                        "Total Cost": 64167.97,
                        "Plan Rows": 3591938,
                        "Plan Width": 0,
                        "Actual Startup Time": 122.622,
                        "Actual Total Time": 122.622,
                        "Actual Rows": 3624977,
                        "Actual Loops": 1,
                        "Index Cond": "(info_type_id < 4)"
                      }
                    ]
                  },
                  {
                    "Node Type": "Hash",
                    "Parent Relationship": "Inner",
                    "Parallel Aware": true,
                    "Startup Cost": 639954.91,
                    "Total Cost": 639954.91,
                    "Plan Rows": 19590354,
                    "Plan Width": 8,
                    "Actual Startup Time": 15628.764,
                    "Actual Total Time": 15634.704,
                    "Actual Rows": 16636785,
                    "Actual Loops": 2,
                    "Hash Buckets": 33554432,
                    "Original Hash Buckets": 33554432,
                    "Hash Batches": 1,
                    "Original Hash Batches": 1,
                    "Peak Memory Usage": 1563808,
                    "Plans": [
                      {
                        "Node Type": "Hash Join",
                        "Parent Relationship": "Outer",
                        "Parallel Aware": true,
                        "Join Type": "Inner",
                        "Startup Cost": 69460.7,
                        "Total Cost": 639954.91,
                        "Plan Rows": 19590354,
                        "Plan Width": 8,
                        "Actual Startup Time": 575.758,
                        "Actual Total Time": 9896.399,
                        "Actual Rows": 16636785,
                        "Actual Loops": 2,
                        "Inner Unique": true,
                        "Hash Cond": "(ci.movie_id = t.id)",
                        "Plans": [
                          {
                            "Node Type": "Seq Scan",
                            "Parent Relationship": "Outer",
                            "Parallel Aware": true,
                            "Relation Name": "cast_info",
                            "Alias": "ci",
                            "Startup Cost": 0.0,
                            "Total Cost": 519069.44,
                            "Plan Rows": 19590354,
                            "Plan Width": 4,
                            "Actual Startup Time": 67.219,
                            "Actual Total Time": 1841.747,
                            "Actual Rows": 16636785,
                            "Actual Loops": 2,
                            "Filter": "(person_id > 288989)",
                            "Rows Removed by Filter": 1485387
                          },
                          {
                            "Node Type": "Hash",
                            "Parent Relationship": "Inner",
                            "Parallel Aware": true,
                            "Startup Cost": 50870.31,
                            "Total Cost": 50870.31,
                            "Plan Rows": 1487231,
                            "Plan Width": 4,
                            "Actual Startup Time": 497.449,
                            "Actual Total Time": 497.45,
                            "Actual Rows": 1264156,
                            "Actual Loops": 2,
                            "Hash Buckets": 4194304,
                            "Original Hash Buckets": 4194304,
                            "Hash Batches": 1,
                            "Original Hash Batches": 1,
                            "Peak Memory Usage": 131712,
                            "Plans": [
                              {
                                "Node Type": "Seq Scan",
                                "Parent Relationship": "Outer",
                                "Parallel Aware": true,
                                "Relation Name": "title",
                                "Alias": "t",
                                "Startup Cost": 0.0,
                                "Total Cost": 50870.31,
                                "Plan Rows": 1487231,
                                "Plan Width": 4,
                                "Actual Startup Time": 0.04,
                                "Actual Total Time": 156.516,
                                "Actual Rows": 1264156,
                                "Actual Loops": 2
                              }
                            ]
                          }
                        ]
                      }
                    ]
                  }
                ]
              }
            ]
          }
        ]
      }
    ]
  },
  "Planning Time": 1.035,
  "Triggers": [],
  "Execution Time": 23692.698
}