{
  "Plan": {
    "Node Type": "Aggregate",
    "Strategy": "Plain",
    "Partial Mode": "Finalize",
    "Parallel Aware": false,
    "Startup Cost": 411583.18,
    "Total Cost": 411583.19,
    "Plan Rows": 1,
    "Plan Width": 8,
    "Actual Startup Time": 4467.139,
    "Actual Total Time": 4514.773,
    "Actual Rows": 1,
    "Actual Loops": 1,
    "Plans": [
      {
        "Node Type": "Gather",
        "Parent Relationship": "Outer",
        "Parallel Aware": false,
        "Startup Cost": 411583.07,
        "Total Cost": 411583.18,
        "Plan Rows": 1,
        "Plan Width": 8,
        "Actual Startup Time": 4464.949,
        "Actual Total Time": 4514.766,
        "Actual Rows": 2,
        "Actual Loops": 1,
        "Workers Planned": 1,
        "Workers Launched": 1,
        "Single Copy": false,
        "Plans": [
          {
            "Node Type": "Aggregate",
            "Strategy": "Plain",
            "Partial Mode": "Partial",
            "Parent Relationship": "Outer",
            "Parallel Aware": false,
            "Startup Cost": 410583.07,
            "Total Cost": 410583.08,
            "Plan Rows": 1,
            "Plan Width": 8,
            "Actual Startup Time": 4458.745,
            "Actual Total Time": 4458.759,
            "Actual Rows": 1,
            "Actual Loops": 2,
            "Plans": [
              {
                "Node Type": "Hash Join",
                "Parent Relationship": "Outer",
                "Parallel Aware": true,
                "Join Type": "Inner",
                "Startup Cost": 116685.79,
                "Total Cost": 406905.55,
                "Plan Rows": 1471010,
                "Plan Width": 0,
                "Actual Startup Time": 552.245,
                "Actual Total Time": 3537.227,
                "Actual Rows": 23296085,
                "Actual Loops": 2,
                "Inner Unique": false,
                "Hash Cond": "(mi.movie_id = t.id)",
                "Plans": [
                  {
                    "Node Type": "Seq Scan",
                    "Parent Relationship": "Outer",
                    "Parallel Aware": true,
                    "Relation Name": "movie_info",
                    "Alias": "mi",
                    "Startup Cost": 0.0,
                    "Total Cost": 248955.74,
                    "Plan Rows": 8696274,
                    "Plan Width": 4,
                    "Actual Startup Time": 0.016,
                    "Actual Total Time": 649.321,
                    "Actual Rows": 7417860,
                    "Actual Loops": 2
                  },
                  {
                    "Node Type": "Hash",
                    "Parent Relationship": "Inner",
                    "Parallel Aware": true,
                    "Startup Cost": 113541.16,
                    "Total Cost": 113541.16,
                    "Plan Rows": 251571,
                    "Plan Width": 8,
                    "Actual Startup Time": 524.759,
                    "Actual Total Time": 524.769,
                    "Actual Rows": 295418,
                    "Actual Loops": 2,
                    "Hash Buckets": 1048576,
                    "Original Hash Buckets": 524288,
                    "Hash Batches": 1,
                    "Original Hash Batches": 1,
                    "Peak Memory Usage": 35424,
                    "Plans": [
                      {
                        "Node Type": "Hash Join",
                        "Parent Relationship": "Outer",
                        "Parallel Aware": true,
                        "Join Type": "Inner",
                        "Startup Cost": 55490.31,
                        "Total Cost": 113541.16,
                        "Plan Rows": 251571,
                        "Plan Width": 8,
                        "Actual Startup Time": 177.881,
                        "Actual Total Time": 463.848,
                        "Actual Rows": 295418,
                        "Actual Loops": 2,
                        "Inner Unique": true,
                        "Hash Cond": "(mk.movie_id = t.id)",
                        "Plans": [
                          {
                            "Node Type": "Seq Scan",
                            "Parent Relationship": "Outer",
                            "Parallel Aware": true,
                            "Relation Name": "movie_keyword",
                            "Alias": "mk",
                            "Startup Cost": 0.0,
                            "Total Cost": 51065.35,
                            "Plan Rows": 2661135,
                            "Plan Width": 4,
                            "Actual Startup Time": 0.012,
                            "Actual Total Time": 149.42,
                            "Actual Rows": 2261965,
                            "Actual Loops": 2
                          },
                          {
                            "Node Type": "Hash",
                            "Parent Relationship": "Inner",
                            "Parallel Aware": true,
                            "Startup Cost": 53732.86,
                            "Total Cost": 53732.86,
                            "Plan Rows": 140596,
                            "Plan Width": 4,
                            "Actual Startup Time": 115.644,
                            "Actual Total Time": 115.651,
                            "Actual Rows": 100082,
                            "Actual Loops": 2,
                            "Hash Buckets": 262144,
                            "Original Hash Buckets": 262144,
                            "Hash Batches": 1,
                            "Original Hash Batches": 1,
                            "Peak Memory Usage": 9920,
                            "Plans": [
                              {
                                "Node Type": "Bitmap Heap Scan",
                                "Parent Relationship": "Outer",
                                "Parallel Aware": true,
                                "Relation Name": "title",
                                "Alias": "t",
                                "Startup Cost": 11882.6,
                                "Total Cost": 53732.86,
                                "Plan Rows": 140596,
                                "Plan Width": 4,
                                "Actual Startup Time": 32.772,
                                "Actual Total Time": 93.633,
                                "Actual Rows": 100082,
                                "Actual Loops": 2,
                                "Recheck Cond": "(kind_id = 1)",
                                "Rows Removed by Index Recheck": 0,
                                "Filter": "(production_year > 2006)",
                                "Rows Removed by Filter": 231330,
                                "Exact Heap Blocks": 8623,
                                "Lossy Heap Blocks": 0,
                                "Plans": [
                                  {
                                    "Node Type": "Bitmap Index Scan",
                                    "Parent Relationship": "Outer",
                                    "Parallel Aware": false,
                                    "Index Name": "kind_id_title",
                                    "Startup Cost": 0.0,
                                    "Total Cost": 11822.85,
                                    "Plan Rows": 663256,
                                    "Plan Width": 0,
                                    "Actual Startup Time": 30.961,
                                    "Actual Total Time": 30.962,
                                    "Actual Rows": 662825,
                                    "Actual Loops": 1,
                                    "Index Cond": "(kind_id = 1)"
                                  }
                                ]
                              }
                            ]
                          }
                        ]
                      }
                    ]
                  }
                ]
              }
            ]
          }
        ]
      }
    ]
  },
  "Planning Time": 0.918,
  "Triggers": [],
  "Execution Time": 4514.874
}