{
  "Plan": {
    "Node Type": "Aggregate",
    "Strategy": "Plain",
    "Partial Mode": "Finalize",
    "Parallel Aware": false,
    "Startup Cost": 80505.09,
    "Total Cost": 80505.1,
    "Plan Rows": 1,
    "Plan Width": 8,
    "Actual Startup Time": 229.799,
    "Actual Total Time": 237.545,
    "Actual Rows": 1,
    "Actual Loops": 1,
    "Plans": [
      {
        "Node Type": "Gather",
        "Parent Relationship": "Outer",
        "Parallel Aware": false,
        "Startup Cost": 80504.98,
        "Total Cost": 80505.09,
        "Plan Rows": 1,
        "Plan Width": 8,
        "Actual Startup Time": 229.386,
        "Actual Total Time": 237.537,
        "Actual Rows": 2,
        "Actual Loops": 1,
        "Workers Planned": 1,
        "Workers Launched": 1,
        "Single Copy": false,
        "Plans": [
          {
            "Node Type": "Aggregate",
            "Strategy": "Plain",
            "Partial Mode": "Partial",
            "Parent Relationship": "Outer",
            "Parallel Aware": false,
            "Startup Cost": 79504.98,
            "Total Cost": 79504.99,
            "Plan Rows": 1,
            "Plan Width": 8,
            "Actual Startup Time": 226.09,
            "Actual Total Time": 226.094,
            "Actual Rows": 1,
            "Actual Loops": 2,
            "Plans": [
              {
                "Node Type": "Hash Join",
                "Parent Relationship": "Outer",
                "Parallel Aware": true,
                "Join Type": "Inner",
                "Startup Cost": 39836.56,
                "Total Cost": 79457.72,
                "Plan Rows": 18904,
                "Plan Width": 0,
                "Actual Startup Time": 106.132,
                "Actual Total Time": 225.539,
                "Actual Rows": 11142,
                "Actual Loops": 2,
                "Inner Unique": true,
                "Hash Cond": "(mc.movie_id = t.id)",
                "Plans": [
                  {
                    "Node Type": "Seq Scan",
                    "Parent Relationship": "Outer",
                    "Parallel Aware": true,
                    "Relation Name": "movie_companies",
                    "Alias": "mc",
                    "Startup Cost": 0.0,
                    "Total Cost": 37974.77,
                    "Plan Rows": 627197,
                    "Plan Width": 4,
                    "Actual Startup Time": 0.013,
                    "Actual Total Time": 104.223,
                    "Actual Rows": 531864,
                    "Actual Loops": 2,
                    "Filter": "(company_id < 6426)",
                    "Rows Removed by Filter": 772700
                  },
                  {
                    "Node Type": "Hash",
                    "Parent Relationship": "Inner",
                    "Parallel Aware": true,
                    "Startup Cost": 39276.23,
                    "Total Cost": 39276.23,
                    "Plan Rows": 44826,
                    "Plan Width": 4,
                    "Actual Startup Time": 65.136,
                    "Actual Total Time": 65.137,
                    "Actual Rows": 49683,
                    "Actual Loops": 2,
                    "Hash Buckets": 131072,
                    "Original Hash Buckets": 131072,
                    "Hash Batches": 1,
                    "Original Hash Batches": 1,
                    "Peak Memory Usage": 4960,
                    "Plans": [
                      {
                        "Node Type": "Bitmap Heap Scan",
                        "Parent Relationship": "Outer",
                        "Parallel Aware": true,
                        "Relation Name": "title",
                        "Alias": "t",
                        "Startup Cost": 2199.99,
                        "Total Cost": 39276.23,
                        "Plan Rows": 44826,
                        "Plan Width": 4,
                        "Actual Startup Time": 15.861,
                        "Actual Total Time": 52.853,
                        "Actual Rows": 49683,
                        "Actual Loops": 2,
                        "Recheck Cond": "(kind_id = 4)",
                        "Rows Removed by Index Recheck": 0,
                        "Filter": "(production_year > 1996)",
                        "Rows Removed by Filter": 9434,
                        "Exact Heap Blocks": 9851,
                        "Lossy Heap Blocks": 0,
                        "Plans": [
                          {
                            "Node Type": "Bitmap Index Scan",
                            "Parent Relationship": "Outer",
                            "Parallel Aware": false,
                            "Index Name": "kind_id_title",
                            "Startup Cost": 0.0,
                            "Total Cost": 2180.94,
                            "Plan Rows": 122201,
                            "Plan Width": 0,
                            "Actual Startup Time": 13.656,
                            "Actual Total Time": 13.656,
                            "Actual Rows": 118234,
                            "Actual Loops": 1,
                            "Index Cond": "(kind_id = 4)"
                          }
                        ]
                      }
                    ]
                  }
                ]
              }
            ]
          }
        ]
      }
    ]
  },
  "Planning Time": 0.391,
  "Triggers": [],
  "Execution Time": 237.621
}