[
  {
    "Plan": {
      "Node Type": "Aggregate",
      "Strategy": "Plain",
      "Partial Mode": "Finalize",
      "Parallel Aware": false,
      "Startup Cost": 60015.82,
      "Total Cost": 60015.83,
      "Plan Rows": 1,
      "Plan Width": 8,
      "Actual Startup Time": 297.322,
      "Actual Total Time": 343.82,
      "Actual Rows": 1,
      "Actual Loops": 1,
      "Plans": [
        {
          "Node Type": "Gather",
          "Parent Relationship": "Outer",
          "Parallel Aware": false,
          "Startup Cost": 60015.5,
          "Total Cost": 60015.81,
          "Plan Rows": 3,
          "Plan Width": 8,
          "Actual Startup Time": 296.502,
          "Actual Total Time": 343.81,
          "Actual Rows": 4,
          "Actual Loops": 1,
          "Workers Planned": 3,
          "Workers Launched": 3,
          "Single Copy": false,
          "Plans": [
            {
              "Node Type": "Aggregate",
              "Strategy": "Plain",
              "Partial Mode": "Partial",
              "Parent Relationship": "Outer",
              "Parallel Aware": false,
              "Startup Cost": 59015.5,
              "Total Cost": 59015.51,
              "Plan Rows": 1,
              "Plan Width": 8,
              "Actual Startup Time": 287.601,
              "Actual Total Time": 287.603,
              "Actual Rows": 1,
              "Actual Loops": 4,
              "Plans": [
                {
                  "Node Type": "Nested Loop",
                  "Parent Relationship": "Outer",
                  "Parallel Aware": false,
                  "Join Type": "Inner",
                  "Startup Cost": 296.69,
                  "Total Cost": 58855.57,
                  "Plan Rows": 63972,
                  "Plan Width": 0,
                  "Actual Startup Time": 2.663,
                  "Actual Total Time": 276.22,
                  "Actual Rows": 202352,
                  "Actual Loops": 4,
                  "Inner Unique": false,
                  "Plans": [
                    {
                      "Node Type": "Nested Loop",
                      "Parent Relationship": "Outer",
                      "Parallel Aware": false,
                      "Join Type": "Inner",
                      "Startup Cost": 296.12,
                      "Total Cost": 49085.72,
                      "Plan Rows": 4465,
                      "Plan Width": 8,
                      "Actual Startup Time": 2.434,
                      "Actual Total Time": 18.599,
                      "Actual Rows": 3002,
                      "Actual Loops": 4,
                      "Inner Unique": true,
                      "Plans": [
                        {
                          "Node Type": "Bitmap Heap Scan",
                          "Parent Relationship": "Outer",
                          "Parallel Aware": true,
                          "Relation Name": "movie_keyword",
                          "Alias": "mk",
                          "Startup Cost": 295.69,
                          "Total Cost": 22007.5,
                          "Plan Rows": 4465,
                          "Plan Width": 4,
                          "Actual Startup Time": 2.226,
                          "Actual Total Time": 6.892,
                          "Actual Rows": 3002,
                          "Actual Loops": 4,
                          "Recheck Cond": "(keyword_id > 123462)",
                          "Rows Removed by Index Recheck": 0,
                          "Exact Heap Blocks": 1627,
                          "Lossy Heap Blocks": 0,
                          "Plans": [
                            {
                              "Node Type": "Bitmap Index Scan",
                              "Parent Relationship": "Outer",
                              "Parallel Aware": false,
                              "Index Name": "keyword_id_movie_keyword",
                              "Startup Cost": 0.0,
                              "Total Cost": 292.23,
                              "Plan Rows": 13840,
                              "Plan Width": 0,
                              "Actual Startup Time": 6.601,
                              "Actual Total Time": 6.601,
                              "Actual Rows": 12010,
                              "Actual Loops": 1,
                              "Index Cond": "(keyword_id > 123462)"
                            }
                          ]
                        },
                        {
                          "Node Type": "Index Only Scan",
                          "Parent Relationship": "Inner",
                          "Parallel Aware": false,
                          "Scan Direction": "Forward",
                          "Index Name": "title_pkey",
                          "Relation Name": "title",
                          "Alias": "t",
                          "Startup Cost": 0.43,
                          "Total Cost": 6.06,
                          "Plan Rows": 1,
                          "Plan Width": 4,
                          "Actual Startup Time": 0.003,
                          "Actual Total Time": 0.003,
                          "Actual Rows": 1,
                          "Actual Loops": 12010,
                          "Index Cond": "(id = mk.movie_id)",
                          "Rows Removed by Index Recheck": 0,
                          "Heap Fetches": 12010
                        }
                      ]
                    },
                    {
                      "Node Type": "Index Only Scan",
                      "Parent Relationship": "Inner",
                      "Parallel Aware": false,
                      "Scan Direction": "Forward",
                      "Index Name": "movie_id_cast_info",
                      "Relation Name": "cast_info",
                      "Alias": "ci",
                      "Startup Cost": 0.56,
                      "Total Cost": 1.82,
                      "Plan Rows": 37,
                      "Plan Width": 4,
                      "Actual Startup Time": 0.007,
                      "Actual Total Time": 0.081,
                      "Actual Rows": 67,
                      "Actual Loops": 12010,
                      "Index Cond": "(movie_id = t.id)",
                      "Rows Removed by Index Recheck": 0,
                      "Heap Fetches": 809407
                    }
                  ]
                }
              ]
            }
          ]
        }
      ]
    },
    "Planning Time": 1.361,
    "Triggers": [],
    "Execution Time": 343.936
  }
]