{
  "Plan": {
    "Node Type": "Aggregate",
    "Strategy": "Plain",
    "Partial Mode": "Finalize",
    "Parallel Aware": false,
    "Startup Cost": 421913.36,
    "Total Cost": 421913.37,
    "Plan Rows": 1,
    "Plan Width": 8,
    "Actual Startup Time": 1299.739,
    "Actual Total Time": 1312.814,
    "Actual Rows": 1,
    "Actual Loops": 1,
    "Plans": [
      {
        "Node Type": "Gather",
        "Parent Relationship": "Outer",
        "Parallel Aware": false,
        "Startup Cost": 421913.24,
        "Total Cost": 421913.35,
        "Plan Rows": 1,
        "Plan Width": 8,
        "Actual Startup Time": 1299.729,
        "Actual Total Time": 1312.808,
        "Actual Rows": 2,
        "Actual Loops": 1,
        "Workers Planned": 1,
        "Workers Launched": 1,
        "Single Copy": false,
        "Plans": [
          {
            "Node Type": "Aggregate",
            "Strategy": "Plain",
            "Partial Mode": "Partial",
            "Parent Relationship": "Outer",
            "Parallel Aware": false,
            "Startup Cost": 420913.24,
            "Total Cost": 420913.25,
            "Plan Rows": 1,
            "Plan Width": 8,
            "Actual Startup Time": 1286.038,
            "Actual Total Time": 1286.046,
            "Actual Rows": 1,
            "Actual Loops": 2,
            "Plans": [
              {
                "Node Type": "Merge Join",
                "Parent Relationship": "Outer",
                "Parallel Aware": false,
                "Join Type": "Inner",
                "Startup Cost": 416006.46,
                "Total Cost": 420764.07,
                "Plan Rows": 59669,
                "Plan Width": 0,
                "Actual Startup Time": 1165.492,
                "Actual Total Time": 1285.406,
                "Actual Rows": 13958,
                "Actual Loops": 2,
                "Inner Unique": false,
                "Merge Cond": "(t.id = mi.movie_id)",
                "Plans": [
                  {
                    "Node Type": "Sort",
                    "Parent Relationship": "Outer",
                    "Parallel Aware": false,
                    "Startup Cost": 182639.14,
                    "Total Cost": 183305.81,
                    "Plan Rows": 266669,
                    "Plan Width": 8,
                    "Actual Startup Time": 967.422,
                    "Actual Total Time": 988.233,
                    "Actual Rows": 354412,
                    "Actual Loops": 2,
                    "Sort Key": [
                      "t.id"
                    ],
                    "Sort Method": "quicksort",
                    "Sort Space Used": 28943,
                    "Sort Space Type": "Memory",
                    "Workers": [
                      {
                        "Worker Number": 0,
                        "Sort Method": "quicksort",
                        "Sort Space Used": 28868,
                        "Sort Space Type": "Memory"
                      }
                    ],
                    "Plans": [
                      {
                        "Node Type": "Hash Join",
                        "Parent Relationship": "Outer",
                        "Parallel Aware": true,
                        "Join Type": "Inner",
                        "Startup Cost": 65889.43,
                        "Total Cost": 158606.01,
                        "Plan Rows": 266669,
                        "Plan Width": 8,
                        "Actual Startup Time": 413.051,
                        "Actual Total Time": 881.299,
                        "Actual Rows": 354490,
                        "Actual Loops": 2,
                        "Inner Unique": true,
                        "Hash Cond": "(ci.movie_id = t.id)",
                        "Plans": [
                          {
                            "Node Type": "Index Scan",
                            "Parent Relationship": "Outer",
                            "Parallel Aware": true,
                            "Scan Direction": "Forward",
                            "Index Name": "role_id_cast_info",
                            "Relation Name": "cast_info",
                            "Alias": "ci",
                            "Startup Cost": 0.56,
                            "Total Cost": 91565.57,
                            "Plan Rows": 438696,
                            "Plan Width": 4,
                            "Actual Startup Time": 0.057,
                            "Actual Total Time": 207.084,
                            "Actual Rows": 603122,
                            "Actual Loops": 2,
                            "Index Cond": "(role_id = 4)",
                            "Rows Removed by Index Recheck": 0,
                            "Filter": "(person_id > 2764132)",
                            "Rows Removed by Filter": 761350
                          },
                          {
                            "Node Type": "Hash",
                            "Parent Relationship": "Inner",
                            "Parallel Aware": true,
                            "Startup Cost": 54588.39,
                            "Total Cost": 54588.39,
                            "Plan Rows": 904038,
                            "Plan Width": 4,
                            "Actual Startup Time": 398.351,
                            "Actual Total Time": 398.353,
                            "Actual Rows": 771632,
                            "Actual Loops": 2,
                            "Hash Buckets": 2097152,
                            "Original Hash Buckets": 2097152,
                            "Hash Batches": 1,
                            "Original Hash Batches": 1,
                            "Peak Memory Usage": 76800,
                            "Plans": [
                              {
                                "Node Type": "Seq Scan",
                                "Parent Relationship": "Outer",
                                "Parallel Aware": true,
                                "Relation Name": "title",
                                "Alias": "t",
                                "Startup Cost": 0.0,
                                "Total Cost": 54588.39,
                                "Plan Rows": 904038,
                                "Plan Width": 4,
                                "Actual Startup Time": 0.036,
                                "Actual Total Time": 164.705,
                                "Actual Rows": 771632,
                                "Actual Loops": 2,
                                "Filter": "(kind_id = 7)",
                                "Rows Removed by Filter": 492524
                              }
                            ]
                          }
                        ]
                      }
                    ]
                  },
                  {
                    "Node Type": "Sort",
                    "Parent Relationship": "Inner",
                    "Parallel Aware": false,
                    "Startup Cost": 233367.29,
                    "Total Cost": 234781.59,
                    "Plan Rows": 565722,
                    "Plan Width": 4,
                    "Actual Startup Time": 198.037,
                    "Actual Total Time": 241.995,
                    "Actual Rows": 547460,
                    "Actual Loops": 2,
                    "Sort Key": [
                      "mi.movie_id"
                    ],
                    "Sort Method": "quicksort",
                    "Sort Space Used": 50047,
                    "Sort Space Type": "Memory",
                    "Workers": [
                      {
                        "Worker Number": 0,
                        "Sort Method": "quicksort",
                        "Sort Space Used": 50047,
                        "Sort Space Type": "Memory"
                      }
                    ],
                    "Plans": [
                      {
                        "Node Type": "Bitmap Heap Scan",
                        "Parent Relationship": "Outer",
                        "Parallel Aware": false,
                        "Relation Name": "movie_info",
                        "Alias": "mi",
                        "Startup Cost": 10248.78,
                        "Total Cost": 179313.31,
                        "Plan Rows": 565722,
                        "Plan Width": 4,
                        "Actual Startup Time": 16.517,
                        "Actual Total Time": 77.589,
                        "Actual Rows": 543367,
                        "Actual Loops": 2,
                        "Recheck Cond": "(info_type_id > 98)",
                        "Rows Removed by Index Recheck": 0,
                        "Exact Heap Blocks": 5822,
                        "Lossy Heap Blocks": 0,
                        "Plans": [
                          {
                            "Node Type": "Bitmap Index Scan",
                            "Parent Relationship": "Outer",
                            "Parallel Aware": false,
                            "Index Name": "info_type_id_movie_info",
                            "Startup Cost": 0.0,
                            "Total Cost": 10107.35,
                            "Plan Rows": 565722,
                            "Plan Width": 0,
                            "Actual Startup Time": 15.887,
                            "Actual Total Time": 15.887,
                            "Actual Rows": 543367,
                            "Actual Loops": 2,
                            "Index Cond": "(info_type_id > 98)"
                          }
                        ]
                      }
                    ]
                  }
                ]
              }
            ]
          }
        ]
      }
    ]
  },
  "Planning Time": 1.117,
  "Triggers": [],
  "Execution Time": 1316.005
}