[
    {
        "Bao": {
            "Bao prediction": "NaN",
            "Bao recommended hint": "(no hint)"
        }
    },
    {
        "Plan": {
            "Node Type": "Aggregate",
            "Strategy": "Plain",
            "Partial Mode": "Finalize",
            "Parallel Aware": false,
            "Startup Cost": 68581.99,
            "Total Cost": 68582.0,
            "Plan Rows": 1,
            "Plan Width": 8,
            "Actual Startup Time": 200.141,
            "Actual Total Time": 207.512,
            "Actual Rows": 1,
            "Actual Loops": 1,
            "Output": [
                "count(*)"
            ],
            "Plans": [
                {
                    "Node Type": "Gather",
                    "Parent Relationship": "Outer",
                    "Parallel Aware": false,
                    "Startup Cost": 68581.57,
                    "Total Cost": 68581.98,
                    "Plan Rows": 4,
                    "Plan Width": 8,
                    "Actual Startup Time": 199.233,
                    "Actual Total Time": 207.501,
                    "Actual Rows": 5,
                    "Actual Loops": 1,
                    "Output": [
                        "(PARTIAL count(*))"
                    ],
                    "Workers Planned": 4,
                    "Workers Launched": 4,
                    "Single Copy": false,
                    "Plans": [
                        {
                            "Node Type": "Aggregate",
                            "Strategy": "Plain",
                            "Partial Mode": "Partial",
                            "Parent Relationship": "Outer",
                            "Parallel Aware": false,
                            "Startup Cost": 67581.57,
                            "Total Cost": 67581.58,
                            "Plan Rows": 1,
                            "Plan Width": 8,
                            "Actual Startup Time": 189.188,
                            "Actual Total Time": 189.192,
                            "Actual Rows": 1,
                            "Actual Loops": 5,
                            "Output": [
                                "PARTIAL count(*)"
                            ],
                            "Workers": [
                                {
                                    "Worker Number": 0,
                                    "Actual Startup Time": 186.536,
                                    "Actual Total Time": 186.539,
                                    "Actual Rows": 1,
                                    "Actual Loops": 1
                                },
                                {
                                    "Worker Number": 1,
                                    "Actual Startup Time": 186.425,
                                    "Actual Total Time": 186.428,
                                    "Actual Rows": 1,
                                    "Actual Loops": 1
                                },
                                {
                                    "Worker Number": 2,
                                    "Actual Startup Time": 187.229,
                                    "Actual Total Time": 187.232,
                                    "Actual Rows": 1,
                                    "Actual Loops": 1
                                },
                                {
                                    "Worker Number": 3,
                                    "Actual Startup Time": 187.345,
                                    "Actual Total Time": 187.347,
                                    "Actual Rows": 1,
                                    "Actual Loops": 1
                                }
                            ],
                            "Plans": [
                                {
                                    "Node Type": "Hash Join",
                                    "Parent Relationship": "Outer",
                                    "Parallel Aware": true,
                                    "Join Type": "Inner",
                                    "Startup Cost": 21950.31,
                                    "Total Cost": 67515.18,
                                    "Plan Rows": 26556,
                                    "Plan Width": 0,
                                    "Actual Startup Time": 143.917,
                                    "Actual Total Time": 188.108,
                                    "Actual Rows": 21703,
                                    "Actual Loops": 5,
                                    "Inner Unique": false,
                                    "Hash Cond": "(t.id = mc.movie_id)",
                                    "Workers": [
                                        {
                                            "Worker Number": 0,
                                            "Actual Startup Time": 143.531,
                                            "Actual Total Time": 185.418,
                                            "Actual Rows": 14244,
                                            "Actual Loops": 1
                                        },
                                        {
                                            "Worker Number": 1,
                                            "Actual Startup Time": 139.474,
                                            "Actual Total Time": 185.362,
                                            "Actual Rows": 21896,
                                            "Actual Loops": 1
                                        },
                                        {
                                            "Worker Number": 2,
                                            "Actual Startup Time": 144.114,
                                            "Actual Total Time": 186.212,
                                            "Actual Rows": 21563,
                                            "Actual Loops": 1
                                        },
                                        {
                                            "Worker Number": 3,
                                            "Actual Startup Time": 142.578,
                                            "Actual Total Time": 186.316,
                                            "Actual Rows": 21751,
                                            "Actual Loops": 1
                                        }
                                    ],
                                    "Plans": [
                                        {
                                            "Node Type": "Seq Scan",
                                            "Parent Relationship": "Outer",
                                            "Parallel Aware": true,
                                            "Relation Name": "title",
                                            "Schema": "public",
                                            "Alias": "t",
                                            "Startup Cost": 0.0,
                                            "Total Cost": 42318.81,
                                            "Plan Rows": 632080,
                                            "Plan Width": 4,
                                            "Actual Startup Time": 0.013,
                                            "Actual Total Time": 64.332,
                                            "Actual Rows": 505662,
                                            "Actual Loops": 5,
                                            "Output": [
                                                "t.id",
                                                "t.title",
                                                "t.imdb_index",
                                                "t.kind_id",
                                                "t.production_year",
                                                "t.imdb_id",
                                                "t.phonetic_code",
                                                "t.episode_of_id",
                                                "t.season_nr",
                                                "t.episode_nr",
                                                "t.series_years",
                                                "t.md5sum"
                                            ],
                                            "Workers": [
                                                {
                                                    "Worker Number": 0,
                                                    "Actual Startup Time": 0.008,
                                                    "Actual Total Time": 66.95,
                                                    "Actual Rows": 338379,
                                                    "Actual Loops": 1
                                                },
                                                {
                                                    "Worker Number": 1,
                                                    "Actual Startup Time": 0.017,
                                                    "Actual Total Time": 65.341,
                                                    "Actual Rows": 509983,
                                                    "Actual Loops": 1
                                                },
                                                {
                                                    "Worker Number": 2,
                                                    "Actual Startup Time": 0.016,
                                                    "Actual Total Time": 66.356,
                                                    "Actual Rows": 491845,
                                                    "Actual Loops": 1
                                                },
                                                {
                                                    "Worker Number": 3,
                                                    "Actual Startup Time": 0.014,
                                                    "Actual Total Time": 66.464,
                                                    "Actual Rows": 492806,
                                                    "Actual Loops": 1
                                                }
                                            ]
                                        },
                                        {
                                            "Node Type": "Hash",
                                            "Parent Relationship": "Inner",
                                            "Parallel Aware": true,
                                            "Startup Cost": 21521.99,
                                            "Total Cost": 21521.99,
                                            "Plan Rows": 34266,
                                            "Plan Width": 4,
                                            "Actual Startup Time": 45.389,
                                            "Actual Total Time": 45.391,
                                            "Actual Rows": 21703,
                                            "Actual Loops": 5,
                                            "Output": [
                                                "mc.movie_id"
                                            ],
                                            "Hash Buckets": 131072,
                                            "Original Hash Buckets": 131072,
                                            "Hash Batches": 1,
                                            "Original Hash Batches": 1,
                                            "Peak Memory Usage": 5344,
                                            "Workers": [
                                                {
                                                    "Worker Number": 0,
                                                    "Actual Startup Time": 43.695,
                                                    "Actual Total Time": 43.697,
                                                    "Actual Rows": 15919,
                                                    "Actual Loops": 1
                                                },
                                                {
                                                    "Worker Number": 1,
                                                    "Actual Startup Time": 43.664,
                                                    "Actual Total Time": 43.666,
                                                    "Actual Rows": 15028,
                                                    "Actual Loops": 1
                                                },
                                                {
                                                    "Worker Number": 2,
                                                    "Actual Startup Time": 44.637,
                                                    "Actual Total Time": 44.638,
                                                    "Actual Rows": 15911,
                                                    "Actual Loops": 1
                                                },
                                                {
                                                    "Worker Number": 3,
                                                    "Actual Startup Time": 44.759,
                                                    "Actual Total Time": 44.76,
                                                    "Actual Rows": 15436,
                                                    "Actual Loops": 1
                                                }
                                            ],
                                            "Plans": [
                                                {
                                                    "Node Type": "Bitmap Heap Scan",
                                                    "Parent Relationship": "Outer",
                                                    "Parallel Aware": true,
                                                    "Relation Name": "movie_companies",
                                                    "Schema": "public",
                                                    "Alias": "mc",
                                                    "Startup Cost": 2303.67,
                                                    "Total Cost": 21521.99,
                                                    "Plan Rows": 34266,
                                                    "Plan Width": 4,
                                                    "Actual Startup Time": 10.737,
                                                    "Actual Total Time": 32.405,
                                                    "Actual Rows": 21703,
                                                    "Actual Loops": 5,
                                                    "Output": [
                                                        "mc.movie_id"
                                                    ],
                                                    "Recheck Cond": "(mc.company_id > 152684)",
                                                    "Rows Removed by Index Recheck": 0,
                                                    "Exact Heap Blocks": 1420,
                                                    "Lossy Heap Blocks": 0,
                                                    "Workers": [
                                                        {
                                                            "Worker Number": 0,
                                                            "Actual Startup Time": 9.151,
                                                            "Actual Total Time": 31.741,
                                                            "Actual Rows": 15919,
                                                            "Actual Loops": 1
                                                        },
                                                        {
                                                            "Worker Number": 1,
                                                            "Actual Startup Time": 8.989,
                                                            "Actual Total Time": 32.004,
                                                            "Actual Rows": 15028,
                                                            "Actual Loops": 1
                                                        },
                                                        {
                                                            "Worker Number": 2,
                                                            "Actual Startup Time": 9.941,
                                                            "Actual Total Time": 32.369,
                                                            "Actual Rows": 15911,
                                                            "Actual Loops": 1
                                                        },
                                                        {
                                                            "Worker Number": 3,
                                                            "Actual Startup Time": 10.159,
                                                            "Actual Total Time": 32.64,
                                                            "Actual Rows": 15436,
                                                            "Actual Loops": 1
                                                        }
                                                    ],
                                                    "Plans": [
                                                        {
                                                            "Node Type": "Bitmap Index Scan",
                                                            "Parent Relationship": "Outer",
                                                            "Parallel Aware": false,
                                                            "Index Name": "company_id_movie_companies",
                                                            "Startup Cost": 0.0,
                                                            "Total Cost": 2277.11,
                                                            "Plan Rows": 106224,
                                                            "Plan Width": 0,
                                                            "Actual Startup Time": 14.364,
                                                            "Actual Total Time": 14.364,
                                                            "Actual Rows": 108516,
                                                            "Actual Loops": 1,
                                                            "Index Cond": "(mc.company_id > 152684)"
                                                        }
                                                    ]
                                                }
                                            ]
                                        }
                                    ]
                                }
                            ]
                        }
                    ]
                }
            ]
        },
        "Planning Time": 204.739,
        "Triggers": [],
        "Execution Time": 207.647
    }
]