[
  {
    "Plan": {
      "Node Type": "Aggregate",
      "Strategy": "Plain",
      "Partial Mode": "Finalize",
      "Parallel Aware": false,
      "Startup Cost": 31502.04,
      "Total Cost": 31502.05,
      "Plan Rows": 1,
      "Plan Width": 8,
      "Actual Startup Time": 96.174,
      "Actual Total Time": 103.942,
      "Actual Rows": 1,
      "Actual Loops": 1,
      "Plans": [
        {
          "Node Type": "Gather",
          "Parent Relationship": "Outer",
          "Parallel Aware": false,
          "Startup Cost": 31501.72,
          "Total Cost": 31502.03,
          "Plan Rows": 3,
          "Plan Width": 8,
          "Actual Startup Time": 96.089,
          "Actual Total Time": 103.936,
          "Actual Rows": 4,
          "Actual Loops": 1,
          "Workers Planned": 3,
          "Workers Launched": 3,
          "Single Copy": false,
          "Plans": [
            {
              "Node Type": "Aggregate",
              "Strategy": "Plain",
              "Partial Mode": "Partial",
              "Parent Relationship": "Outer",
              "Parallel Aware": false,
              "Startup Cost": 30501.72,
              "Total Cost": 30501.73,
              "Plan Rows": 1,
              "Plan Width": 8,
              "Actual Startup Time": 90.726,
              "Actual Total Time": 90.727,
              "Actual Rows": 1,
              "Actual Loops": 4,
              "Plans": [
                {
                  "Node Type": "Seq Scan",
                  "Parent Relationship": "Outer",
                  "Parallel Aware": true,
                  "Relation Name": "movie_companies",
                  "Alias": "mc",
                  "Startup Cost": 0.0,
                  "Total Cost": 29310.68,
                  "Plan Rows": 476415,
                  "Plan Width": 0,
                  "Actual Startup Time": 10.873,
                  "Actual Total Time": 75.565,
                  "Actual Rows": 369969,
                  "Actual Loops": 4,
                  "Filter": "(company_id > 8229)",
                  "Rows Removed by Filter": 282313
                }
              ]
            }
          ]
        }
      ]
    },
    "Planning Time": 0.131,
    "Triggers": [],
    "Execution Time": 103.983
  }
]