{
  "Plan": {
    "Node Type": "Aggregate",
    "Strategy": "Plain",
    "Partial Mode": "Finalize",
    "Parallel Aware": false,
    "Startup Cost": 122203.86,
    "Total Cost": 122203.87,
    "Plan Rows": 1,
    "Plan Width": 8,
    "Actual Startup Time": 417.222,
    "Actual Total Time": 435.285,
    "Actual Rows": 1,
    "Actual Loops": 1,
    "Plans": [
      {
        "Node Type": "Gather",
        "Parent Relationship": "Outer",
        "Parallel Aware": false,
        "Startup Cost": 122203.75,
        "Total Cost": 122203.86,
        "Plan Rows": 1,
        "Plan Width": 8,
        "Actual Startup Time": 415.71,
        "Actual Total Time": 435.276,
        "Actual Rows": 2,
        "Actual Loops": 1,
        "Workers Planned": 1,
        "Workers Launched": 1,
        "Single Copy": false,
        "Plans": [
          {
            "Node Type": "Aggregate",
            "Strategy": "Plain",
            "Partial Mode": "Partial",
            "Parent Relationship": "Outer",
            "Parallel Aware": false,
            "Startup Cost": 121203.75,
            "Total Cost": 121203.76,
            "Plan Rows": 1,
            "Plan Width": 8,
            "Actual Startup Time": 409.423,
            "Actual Total Time": 409.428,
            "Actual Rows": 1,
            "Actual Loops": 2,
            "Plans": [
              {
                "Node Type": "Nested Loop",
                "Parent Relationship": "Outer",
                "Parallel Aware": false,
                "Join Type": "Inner",
                "Startup Cost": 67924.71,
                "Total Cost": 121118.38,
                "Plan Rows": 34147,
                "Plan Width": 0,
                "Actual Startup Time": 276.617,
                "Actual Total Time": 408.223,
                "Actual Rows": 20864,
                "Actual Loops": 2,
                "Inner Unique": false,
                "Plans": [
                  {
                    "Node Type": "Hash Join",
                    "Parent Relationship": "Outer",
                    "Parallel Aware": true,
                    "Join Type": "Inner",
                    "Startup Cost": 67924.28,
                    "Total Cost": 94708.06,
                    "Plan Rows": 33640,
                    "Plan Width": 8,
                    "Actual Startup Time": 276.52,
                    "Actual Total Time": 372.078,
                    "Actual Rows": 7834,
                    "Actual Loops": 2,
                    "Inner Unique": true,
                    "Hash Cond": "(mk.movie_id = t.id)",
                    "Plans": [
                      {
                        "Node Type": "Bitmap Heap Scan",
                        "Parent Relationship": "Outer",
                        "Parallel Aware": true,
                        "Relation Name": "movie_keyword",
                        "Alias": "mk",
                        "Startup Cost": 5557.84,
                        "Total Cost": 31937.27,
                        "Plan Rows": 154035,
                        "Plan Width": 4,
                        "Actual Startup Time": 17.249,
                        "Actual Total Time": 76.567,
                        "Actual Rows": 136223,
                        "Actual Loops": 2,
                        "Recheck Cond": "(keyword_id < 231)",
                        "Rows Removed by Index Recheck": 0,
                        "Exact Heap Blocks": 15446,
                        "Lossy Heap Blocks": 0,
                        "Plans": [
                          {
                            "Node Type": "Bitmap Index Scan",
                            "Parent Relationship": "Outer",
                            "Parallel Aware": false,
                            "Index Name": "keyword_id_movie_keyword",
                            "Startup Cost": 0.0,
                            "Total Cost": 5492.38,
                            "Plan Rows": 261859,
                            "Plan Width": 0,
                            "Actual Startup Time": 13.576,
                            "Actual Total Time": 13.577,
                            "Actual Rows": 272446,
                            "Actual Loops": 1,
                            "Index Cond": "(keyword_id < 231)"
                          }
                        ]
                      },
                      {
                        "Node Type": "Hash",
                        "Parent Relationship": "Inner",
                        "Parallel Aware": true,
                        "Startup Cost": 58306.47,
                        "Total Cost": 58306.47,
                        "Plan Rows": 324798,
                        "Plan Width": 4,
                        "Actual Startup Time": 250.249,
                        "Actual Total Time": 250.25,
                        "Actual Rows": 288382,
                        "Actual Loops": 2,
                        "Hash Buckets": 1048576,
                        "Original Hash Buckets": 1048576,
                        "Hash Batches": 1,
                        "Original Hash Batches": 1,
                        "Peak Memory Usage": 30784,
                        "Plans": [
                          {
                            "Node Type": "Seq Scan",
                            "Parent Relationship": "Outer",
                            "Parallel Aware": true,
                            "Relation Name": "title",
                            "Alias": "t",
                            "Startup Cost": 0.0,
                            "Total Cost": 58306.47,
                            "Plan Rows": 324798,
                            "Plan Width": 4,
                            "Actual Startup Time": 0.049,
                            "Actual Total Time": 159.484,
                            "Actual Rows": 288382,
                            "Actual Loops": 2,
                            "Filter": "((kind_id > 2) AND (production_year > 2007))",
                            "Rows Removed by Filter": 975774
                          }
                        ]
                      }
                    ]
                  },
                  {
                    "Node Type": "Index Scan",
                    "Parent Relationship": "Inner",
                    "Parallel Aware": false,
                    "Scan Direction": "Forward",
                    "Index Name": "movie_id_movie_companies",
                    "Relation Name": "movie_companies",
                    "Alias": "mc",
                    "Startup Cost": 0.43,
                    "Total Cost": 0.74,
                    "Plan Rows": 5,
                    "Plan Width": 4,
                    "Actual Startup Time": 0.003,
                    "Actual Total Time": 0.004,
                    "Actual Rows": 3,
                    "Actual Loops": 15668,
                    "Index Cond": "(movie_id = t.id)",
                    "Rows Removed by Index Recheck": 0,
                    "Filter": "(company_id < 199371)",
                    "Rows Removed by Filter": 0
                  }
                ]
              }
            ]
          }
        ]
      }
    ]
  },
  "Planning Time": 1.01,
  "Triggers": [],
  "Execution Time": 435.391
}