[
  {
    "Plan": {
      "Node Type": "Aggregate",
      "Strategy": "Plain",
      "Partial Mode": "Finalize",
      "Parallel Aware": false,
      "Startup Cost": 389793.35,
      "Total Cost": 389793.36,
      "Plan Rows": 1,
      "Plan Width": 8,
      "Actual Startup Time": 1221.326,
      "Actual Total Time": 1265.097,
      "Actual Rows": 1,
      "Actual Loops": 1,
      "Plans": [
        {
          "Node Type": "Gather",
          "Parent Relationship": "Outer",
          "Parallel Aware": false,
          "Startup Cost": 389792.72,
          "Total Cost": 389793.33,
          "Plan Rows": 6,
          "Plan Width": 8,
          "Actual Startup Time": 1220.601,
          "Actual Total Time": 1265.069,
          "Actual Rows": 7,
          "Actual Loops": 1,
          "Workers Planned": 6,
          "Workers Launched": 6,
          "Single Copy": false,
          "Plans": [
            {
              "Node Type": "Aggregate",
              "Strategy": "Plain",
              "Partial Mode": "Partial",
              "Parent Relationship": "Outer",
              "Parallel Aware": false,
              "Startup Cost": 388792.72,
              "Total Cost": 388792.73,
              "Plan Rows": 1,
              "Plan Width": 8,
              "Actual Startup Time": 1214.196,
              "Actual Total Time": 1214.199,
              "Actual Rows": 1,
              "Actual Loops": 7,
              "Plans": [
                {
                  "Node Type": "Hash Join",
                  "Parent Relationship": "Outer",
                  "Parallel Aware": true,
                  "Join Type": "Inner",
                  "Startup Cost": 46203.05,
                  "Total Cost": 387639.48,
                  "Plan Rows": 461298,
                  "Plan Width": 0,
                  "Actual Startup Time": 135.777,
                  "Actual Total Time": 1206.795,
                  "Actual Rows": 152643,
                  "Actual Loops": 7,
                  "Inner Unique": true,
                  "Hash Cond": "(ci.movie_id = t.id)",
                  "Plans": [
                    {
                      "Node Type": "Seq Scan",
                      "Parent Relationship": "Outer",
                      "Parallel Aware": true,
                      "Relation Name": "cast_info",
                      "Alias": "ci",
                      "Startup Cost": 0.0,
                      "Total Cost": 328211.39,
                      "Plan Rows": 5038100,
                      "Plan Width": 4,
                      "Actual Startup Time": 61.994,
                      "Actual Total Time": 597.714,
                      "Actual Rows": 4289779,
                      "Actual Loops": 7,
                      "Filter": "(person_id > 598524)",
                      "Rows Removed by Filter": 887984
                    },
                    {
                      "Node Type": "Hash",
                      "Parent Relationship": "Inner",
                      "Parallel Aware": true,
                      "Startup Cost": 45479.59,
                      "Total Cost": 45479.59,
                      "Plan Rows": 57877,
                      "Plan Width": 4,
                      "Actual Startup Time": 72.521,
                      "Actual Total Time": 72.522,
                      "Actual Rows": 19689,
                      "Actual Loops": 7,
                      "Hash Buckets": 262144,
                      "Original Hash Buckets": 262144,
                      "Hash Batches": 1,
                      "Original Hash Batches": 1,
                      "Peak Memory Usage": 7520,
                      "Plans": [
                        {
                          "Node Type": "Seq Scan",
                          "Parent Relationship": "Outer",
                          "Parallel Aware": true,
                          "Relation Name": "title",
                          "Alias": "t",
                          "Startup Cost": 0.0,
                          "Total Cost": 45479.59,
                          "Plan Rows": 57877,
                          "Plan Width": 4,
                          "Actual Startup Time": 0.035,
                          "Actual Total Time": 63.391,
                          "Actual Rows": 19689,
                          "Actual Loops": 7,
                          "Filter": "((production_year < 1972) AND (kind_id = 7))",
                          "Rows Removed by Filter": 341498
                        }
                      ]
                    }
                  ]
                }
              ]
            }
          ]
        }
      ]
    },
    "Planning Time": 0.308,
    "Triggers": [],
    "Execution Time": 1265.15
  }
]