[
  {
    "Plan": {
      "Node Type": "Aggregate",
      "Strategy": "Plain",
      "Partial Mode": "Finalize",
      "Parallel Aware": false,
      "Startup Cost": 335110.27,
      "Total Cost": 335110.28,
      "Plan Rows": 1,
      "Plan Width": 8,
      "Actual Startup Time": 701.487,
      "Actual Total Time": 749.434,
      "Actual Rows": 1,
      "Actual Loops": 1,
      "Plans": [
        {
          "Node Type": "Gather",
          "Parent Relationship": "Outer",
          "Parallel Aware": false,
          "Startup Cost": 335109.65,
          "Total Cost": 335110.26,
          "Plan Rows": 6,
          "Plan Width": 8,
          "Actual Startup Time": 701.311,
          "Actual Total Time": 749.413,
          "Actual Rows": 7,
          "Actual Loops": 1,
          "Workers Planned": 6,
          "Workers Launched": 6,
          "Single Copy": false,
          "Plans": [
            {
              "Node Type": "Aggregate",
              "Strategy": "Plain",
              "Partial Mode": "Partial",
              "Parent Relationship": "Outer",
              "Parallel Aware": false,
              "Startup Cost": 334109.65,
              "Total Cost": 334109.66,
              "Plan Rows": 1,
              "Plan Width": 8,
              "Actual Startup Time": 693.853,
              "Actual Total Time": 693.855,
              "Actual Rows": 1,
              "Actual Loops": 7,
              "Plans": [
                {
                  "Node Type": "Seq Scan",
                  "Parent Relationship": "Outer",
                  "Parallel Aware": true,
                  "Relation Name": "cast_info",
                  "Alias": "ci",
                  "Startup Cost": 0.0,
                  "Total Cost": 328211.39,
                  "Plan Rows": 2359302,
                  "Plan Width": 0,
                  "Actual Startup Time": 0.046,
                  "Actual Total Time": 592.054,
                  "Actual Rows": 2042104,
                  "Actual Loops": 7,
                  "Filter": "(person_id < 1407334)",
                  "Rows Removed by Filter": 3135660
                }
              ]
            }
          ]
        }
      ]
    },
    "Planning Time": 0.061,
    "Triggers": [],
    "Execution Time": 749.473
  }
]