[
  {
    "Plan": {
      "Node Type": "Aggregate",
      "Strategy": "Plain",
      "Partial Mode": "Finalize",
      "Parallel Aware": false,
      "Startup Cost": 84889.79,
      "Total Cost": 84889.8,
      "Plan Rows": 1,
      "Plan Width": 8,
      "Actual Startup Time": 561.438,
      "Actual Total Time": 578.375,
      "Actual Rows": 1,
      "Actual Loops": 1,
      "Plans": [
        {
          "Node Type": "Gather",
          "Parent Relationship": "Outer",
          "Parallel Aware": false,
          "Startup Cost": 84889.47,
          "Total Cost": 84889.78,
          "Plan Rows": 3,
          "Plan Width": 8,
          "Actual Startup Time": 552.817,
          "Actual Total Time": 578.365,
          "Actual Rows": 4,
          "Actual Loops": 1,
          "Workers Planned": 3,
          "Workers Launched": 3,
          "Single Copy": false,
          "Plans": [
            {
              "Node Type": "Aggregate",
              "Strategy": "Plain",
              "Partial Mode": "Partial",
              "Parent Relationship": "Outer",
              "Parallel Aware": false,
              "Startup Cost": 83889.47,
              "Total Cost": 83889.48,
              "Plan Rows": 1,
              "Plan Width": 8,
              "Actual Startup Time": 533.889,
              "Actual Total Time": 533.892,
              "Actual Rows": 1,
              "Actual Loops": 4,
              "Plans": [
                {
                  "Node Type": "Hash Join",
                  "Parent Relationship": "Outer",
                  "Parallel Aware": true,
                  "Join Type": "Inner",
                  "Startup Cost": 51277.38,
                  "Total Cost": 83325.91,
                  "Plan Rows": 225425,
                  "Plan Width": 0,
                  "Actual Startup Time": 398.24,
                  "Actual Total Time": 524.196,
                  "Actual Rows": 212625,
                  "Actual Loops": 4,
                  "Inner Unique": true,
                  "Hash Cond": "(mc.movie_id = t.id)",
                  "Plans": [
                    {
                      "Node Type": "Seq Scan",
                      "Parent Relationship": "Outer",
                      "Parallel Aware": true,
                      "Relation Name": "movie_companies",
                      "Alias": "mc",
                      "Startup Cost": 0.0,
                      "Total Cost": 31414.82,
                      "Plan Rows": 241413,
                      "Plan Width": 4,
                      "Actual Startup Time": 32.527,
                      "Actual Total Time": 70.592,
                      "Actual Rows": 239612,
                      "Actual Loops": 4,
                      "Filter": "((company_id > 9173) AND (company_type_id = 2))",
                      "Rows Removed by Filter": 412670
                    },
                    {
                      "Node Type": "Hash",
                      "Parent Relationship": "Inner",
                      "Parallel Aware": true,
                      "Startup Cost": 43899.32,
                      "Total Cost": 43899.32,
                      "Plan Rows": 590245,
                      "Plan Width": 4,
                      "Actual Startup Time": 353.918,
                      "Actual Total Time": 353.919,
                      "Actual Rows": 589410,
                      "Actual Loops": 4,
                      "Hash Buckets": 4194304,
                      "Original Hash Buckets": 4194304,
                      "Hash Batches": 1,
                      "Original Hash Batches": 1,
                      "Peak Memory Usage": 125056,
                      "Plans": [
                        {
                          "Node Type": "Seq Scan",
                          "Parent Relationship": "Outer",
                          "Parallel Aware": true,
                          "Relation Name": "title",
                          "Alias": "t",
                          "Startup Cost": 0.0,
                          "Total Cost": 43899.32,
                          "Plan Rows": 590245,
                          "Plan Width": 4,
                          "Actual Startup Time": 0.053,
                          "Actual Total Time": 118.374,
                          "Actual Rows": 589410,
                          "Actual Loops": 4,
                          "Filter": "(production_year > 1923)",
                          "Rows Removed by Filter": 42668
                        }
                      ]
                    }
                  ]
                }
              ]
            }
          ]
        }
      ]
    },
    "Planning Time": 0.687,
    "Triggers": [],
    "Execution Time": 578.446
  }
]