[
  {
    "Plan": {
      "Node Type": "Aggregate",
      "Strategy": "Plain",
      "Partial Mode": "Finalize",
      "Parallel Aware": false,
      "Startup Cost": 83224.73,
      "Total Cost": 83224.74,
      "Plan Rows": 1,
      "Plan Width": 8,
      "Actual Startup Time": 405.649,
      "Actual Total Time": 422.756,
      "Actual Rows": 1,
      "Actual Loops": 1,
      "Plans": [
        {
          "Node Type": "Gather",
          "Parent Relationship": "Outer",
          "Parallel Aware": false,
          "Startup Cost": 83224.31,
          "Total Cost": 83224.72,
          "Plan Rows": 4,
          "Plan Width": 8,
          "Actual Startup Time": 402.582,
          "Actual Total Time": 422.747,
          "Actual Rows": 5,
          "Actual Loops": 1,
          "Workers Planned": 4,
          "Workers Launched": 4,
          "Single Copy": false,
          "Plans": [
            {
              "Node Type": "Aggregate",
              "Strategy": "Plain",
              "Partial Mode": "Partial",
              "Parent Relationship": "Outer",
              "Parallel Aware": false,
              "Startup Cost": 82224.31,
              "Total Cost": 82224.32,
              "Plan Rows": 1,
              "Plan Width": 8,
              "Actual Startup Time": 393.122,
              "Actual Total Time": 393.125,
              "Actual Rows": 1,
              "Actual Loops": 5,
              "Plans": [
                {
                  "Node Type": "Hash Join",
                  "Parent Relationship": "Outer",
                  "Parallel Aware": true,
                  "Join Type": "Inner",
                  "Startup Cost": 34388.51,
                  "Total Cost": 81793.9,
                  "Plan Rows": 172162,
                  "Plan Width": 0,
                  "Actual Startup Time": 144.736,
                  "Actual Total Time": 385.405,
                  "Actual Rows": 170100,
                  "Actual Loops": 5,
                  "Inner Unique": false,
                  "Hash Cond": "(t.id = mc.movie_id)",
                  "Plans": [
                    {
                      "Node Type": "Seq Scan",
                      "Parent Relationship": "Outer",
                      "Parallel Aware": true,
                      "Relation Name": "title",
                      "Alias": "t",
                      "Startup Cost": 0.0,
                      "Total Cost": 43898.92,
                      "Plan Rows": 590224,
                      "Plan Width": 4,
                      "Actual Startup Time": 0.012,
                      "Actual Total Time": 83.198,
                      "Actual Rows": 471528,
                      "Actual Loops": 5,
                      "Filter": "(production_year > 1923)",
                      "Rows Removed by Filter": 34135
                    },
                    {
                      "Node Type": "Hash",
                      "Parent Relationship": "Inner",
                      "Parallel Aware": true,
                      "Startup Cost": 31414.82,
                      "Total Cost": 31414.82,
                      "Plan Rows": 237895,
                      "Plan Width": 4,
                      "Actual Startup Time": 140.495,
                      "Actual Total Time": 140.496,
                      "Actual Rows": 191690,
                      "Actual Loops": 5,
                      "Hash Buckets": 1048576,
                      "Original Hash Buckets": 1048576,
                      "Hash Batches": 1,
                      "Original Hash Batches": 1,
                      "Peak Memory Usage": 45760,
                      "Plans": [
                        {
                          "Node Type": "Seq Scan",
                          "Parent Relationship": "Outer",
                          "Parallel Aware": true,
                          "Relation Name": "movie_companies",
                          "Alias": "mc",
                          "Startup Cost": 0.0,
                          "Total Cost": 31414.82,
                          "Plan Rows": 237895,
                          "Plan Width": 4,
                          "Actual Startup Time": 45.327,
                          "Actual Total Time": 79.556,
                          "Actual Rows": 191690,
                          "Actual Loops": 5,
                          "Filter": "((company_id > 9173) AND (company_type_id = 2))",
                          "Rows Removed by Filter": 330136
                        }
                      ]
                    }
                  ]
                }
              ]
            }
          ]
        }
      ]
    },
    "Planning Time": 0.593,
    "Triggers": [],
    "Execution Time": 422.82
  }
]