[
  {
    "Plan": {
      "Node Type": "Aggregate",
      "Strategy": "Plain",
      "Partial Mode": "Finalize",
      "Parallel Aware": false,
      "Startup Cost": 351992.18,
      "Total Cost": 351992.19,
      "Plan Rows": 1,
      "Plan Width": 8,
      "Actual Startup Time": 480.017,
      "Actual Total Time": 555.442,
      "Actual Rows": 1,
      "Actual Loops": 1,
      "Plans": [
        {
          "Node Type": "Gather",
          "Parent Relationship": "Outer",
          "Parallel Aware": false,
          "Startup Cost": 351991.76,
          "Total Cost": 351992.17,
          "Plan Rows": 4,
          "Plan Width": 8,
          "Actual Startup Time": 479.798,
          "Actual Total Time": 555.423,
          "Actual Rows": 5,
          "Actual Loops": 1,
          "Workers Planned": 4,
          "Workers Launched": 4,
          "Single Copy": false,
          "Plans": [
            {
              "Node Type": "Aggregate",
              "Strategy": "Plain",
              "Partial Mode": "Partial",
              "Parent Relationship": "Outer",
              "Parallel Aware": false,
              "Startup Cost": 350991.76,
              "Total Cost": 350991.77,
              "Plan Rows": 1,
              "Plan Width": 8,
              "Actual Startup Time": 471.206,
              "Actual Total Time": 471.207,
              "Actual Rows": 1,
              "Actual Loops": 5,
              "Plans": [
                {
                  "Node Type": "Nested Loop",
                  "Parent Relationship": "Outer",
                  "Parallel Aware": false,
                  "Join Type": "Inner",
                  "Startup Cost": 0.56,
                  "Total Cost": 350770.54,
                  "Plan Rows": 88489,
                  "Plan Width": 0,
                  "Actual Startup Time": 0.594,
                  "Actual Total Time": 465.216,
                  "Actual Rows": 65095,
                  "Actual Loops": 5,
                  "Inner Unique": false,
                  "Plans": [
                    {
                      "Node Type": "Seq Scan",
                      "Parent Relationship": "Outer",
                      "Parallel Aware": true,
                      "Relation Name": "title",
                      "Alias": "t",
                      "Startup Cost": 0.0,
                      "Total Cost": 45479.59,
                      "Plan Rows": 10531,
                      "Plan Width": 4,
                      "Actual Startup Time": 0.238,
                      "Actual Total Time": 81.354,
                      "Actual Rows": 6781,
                      "Actual Loops": 5,
                      "Filter": "((kind_id < 7) AND (production_year = 2006))",
                      "Rows Removed by Filter": 498881
                    },
                    {
                      "Node Type": "Index Scan",
                      "Parent Relationship": "Inner",
                      "Parallel Aware": false,
                      "Scan Direction": "Forward",
                      "Index Name": "movie_id_cast_info",
                      "Relation Name": "cast_info",
                      "Alias": "ci",
                      "Startup Cost": 0.56,
                      "Total Cost": 28.79,
                      "Plan Rows": 20,
                      "Plan Width": 4,
                      "Actual Startup Time": 0.026,
                      "Actual Total Time": 0.055,
                      "Actual Rows": 10,
                      "Actual Loops": 33905,
                      "Index Cond": "(movie_id = t.id)",
                      "Rows Removed by Index Recheck": 0,
                      "Filter": "((person_id < 3422685) AND (role_id > 1))",
                      "Rows Removed by Filter": 7
                    }
                  ]
                }
              ]
            }
          ]
        }
      ]
    },
    "Planning Time": 0.318,
    "Triggers": [],
    "Execution Time": 555.501
  }
]