[
  {
    "Plan": {
      "Node Type": "Aggregate",
      "Strategy": "Plain",
      "Partial Mode": "Finalize",
      "Parallel Aware": false,
      "Startup Cost": 46165.82,
      "Total Cost": 46165.83,
      "Plan Rows": 1,
      "Plan Width": 8,
      "Actual Startup Time": 158.928,
      "Actual Total Time": 168.764,
      "Actual Rows": 1,
      "Actual Loops": 1,
      "Plans": [
        {
          "Node Type": "Gather",
          "Parent Relationship": "Outer",
          "Parallel Aware": false,
          "Startup Cost": 46165.5,
          "Total Cost": 46165.81,
          "Plan Rows": 3,
          "Plan Width": 8,
          "Actual Startup Time": 158.796,
          "Actual Total Time": 168.756,
          "Actual Rows": 4,
          "Actual Loops": 1,
          "Workers Planned": 3,
          "Workers Launched": 3,
          "Single Copy": false,
          "Plans": [
            {
              "Node Type": "Aggregate",
              "Strategy": "Plain",
              "Partial Mode": "Partial",
              "Parent Relationship": "Outer",
              "Parallel Aware": false,
              "Startup Cost": 45165.5,
              "Total Cost": 45165.51,
              "Plan Rows": 1,
              "Plan Width": 8,
              "Actual Startup Time": 150.861,
              "Actual Total Time": 150.863,
              "Actual Rows": 1,
              "Actual Loops": 4,
              "Plans": [
                {
                  "Node Type": "Seq Scan",
                  "Parent Relationship": "Outer",
                  "Parallel Aware": true,
                  "Relation Name": "movie_keyword",
                  "Alias": "mk",
                  "Startup Cost": 0.0,
                  "Total Cost": 42695.65,
                  "Plan Rows": 987938,
                  "Plan Width": 0,
                  "Actual Startup Time": 0.174,
                  "Actual Total Time": 117.033,
                  "Actual Rows": 763244,
                  "Actual Loops": 4,
                  "Filter": "(keyword_id > 2101)",
                  "Rows Removed by Filter": 367738
                }
              ]
            }
          ]
        }
      ]
    },
    "Planning Time": 0.099,
    "Triggers": [],
    "Execution Time": 168.796
  }
]