[
  {
    "Plan": {
      "Node Type": "Aggregate",
      "Strategy": "Plain",
      "Partial Mode": "Finalize",
      "Parallel Aware": false,
      "Startup Cost": 43388.62,
      "Total Cost": 43388.63,
      "Plan Rows": 1,
      "Plan Width": 8,
      "Actual Startup Time": 158.608,
      "Actual Total Time": 167.989,
      "Actual Rows": 1,
      "Actual Loops": 1,
      "Plans": [
        {
          "Node Type": "Gather",
          "Parent Relationship": "Outer",
          "Parallel Aware": false,
          "Startup Cost": 43388.3,
          "Total Cost": 43388.61,
          "Plan Rows": 3,
          "Plan Width": 8,
          "Actual Startup Time": 158.29,
          "Actual Total Time": 167.963,
          "Actual Rows": 4,
          "Actual Loops": 1,
          "Workers Planned": 3,
          "Workers Launched": 3,
          "Single Copy": false,
          "Plans": [
            {
              "Node Type": "Aggregate",
              "Strategy": "Plain",
              "Partial Mode": "Partial",
              "Parent Relationship": "Outer",
              "Parallel Aware": false,
              "Startup Cost": 42388.3,
              "Total Cost": 42388.31,
              "Plan Rows": 1,
              "Plan Width": 8,
              "Actual Startup Time": 151.947,
              "Actual Total Time": 151.948,
              "Actual Rows": 1,
              "Actual Loops": 4,
              "Plans": [
                {
                  "Node Type": "Bitmap Heap Scan",
                  "Parent Relationship": "Outer",
                  "Parallel Aware": true,
                  "Relation Name": "movie_keyword",
                  "Alias": "mk",
                  "Startup Cost": 14603.41,
                  "Total Cost": 41833.15,
                  "Plan Rows": 222059,
                  "Plan Width": 0,
                  "Actual Startup Time": 51.245,
                  "Actual Total Time": 140.703,
                  "Actual Rows": 173927,
                  "Actual Loops": 4,
                  "Recheck Cond": "(keyword_id < 579)",
                  "Rows Removed by Index Recheck": 0,
                  "Exact Heap Blocks": 8145,
                  "Lossy Heap Blocks": 0,
                  "Plans": [
                    {
                      "Node Type": "Bitmap Index Scan",
                      "Parent Relationship": "Outer",
                      "Parallel Aware": false,
                      "Index Name": "keyword_id_movie_keyword",
                      "Startup Cost": 0.0,
                      "Total Cost": 14431.31,
                      "Plan Rows": 688384,
                      "Plan Width": 0,
                      "Actual Startup Time": 51.364,
                      "Actual Total Time": 51.365,
                      "Actual Rows": 695709,
                      "Actual Loops": 1,
                      "Index Cond": "(keyword_id < 579)"
                    }
                  ]
                }
              ]
            }
          ]
        }
      ]
    },
    "Planning Time": 0.099,
    "Triggers": [],
    "Execution Time": 168.042
  }
]