[
  {
    "Plan": {
      "Node Type": "Aggregate",
      "Strategy": "Plain",
      "Partial Mode": "Finalize",
      "Parallel Aware": false,
      "Startup Cost": 431501.36,
      "Total Cost": 431501.37,
      "Plan Rows": 1,
      "Plan Width": 8,
      "Actual Startup Time": 1931.533,
      "Actual Total Time": 2015.129,
      "Actual Rows": 1,
      "Actual Loops": 1,
      "Plans": [
        {
          "Node Type": "Gather",
          "Parent Relationship": "Outer",
          "Parallel Aware": false,
          "Startup Cost": 431501.04,
          "Total Cost": 431501.35,
          "Plan Rows": 3,
          "Plan Width": 8,
          "Actual Startup Time": 1922.959,
          "Actual Total Time": 2015.117,
          "Actual Rows": 4,
          "Actual Loops": 1,
          "Workers Planned": 3,
          "Workers Launched": 3,
          "Single Copy": false,
          "Plans": [
            {
              "Node Type": "Aggregate",
              "Strategy": "Plain",
              "Partial Mode": "Partial",
              "Parent Relationship": "Outer",
              "Parallel Aware": false,
              "Startup Cost": 430501.04,
              "Total Cost": 430501.05,
              "Plan Rows": 1,
              "Plan Width": 8,
              "Actual Startup Time": 1909.447,
              "Actual Total Time": 1909.451,
              "Actual Rows": 1,
              "Actual Loops": 4,
              "Plans": [
                {
                  "Node Type": "Nested Loop",
                  "Parent Relationship": "Outer",
                  "Parallel Aware": false,
                  "Join Type": "Inner",
                  "Startup Cost": 62462.88,
                  "Total Cost": 425376.76,
                  "Plan Rows": 2049711,
                  "Plan Width": 0,
                  "Actual Startup Time": 409.468,
                  "Actual Total Time": 1821.343,
                  "Actual Rows": 1407222,
                  "Actual Loops": 4,
                  "Inner Unique": false,
                  "Plans": [
                    {
                      "Node Type": "Hash Join",
                      "Parent Relationship": "Outer",
                      "Parallel Aware": true,
                      "Join Type": "Inner",
                      "Startup Cost": 62462.31,
                      "Total Cost": 89842.64,
                      "Plan Rows": 142960,
                      "Plan Width": 8,
                      "Actual Startup Time": 409.231,
                      "Actual Total Time": 512.483,
                      "Actual Rows": 47201,
                      "Actual Loops": 4,
                      "Inner Unique": true,
                      "Hash Cond": "(mk.movie_id = t.id)",
                      "Plans": [
                        {
                          "Node Type": "Bitmap Heap Scan",
                          "Parent Relationship": "Outer",
                          "Parallel Aware": true,
                          "Relation Name": "movie_keyword",
                          "Alias": "mk",
                          "Startup Cost": 12724.7,
                          "Total Cost": 39597.16,
                          "Plan Rows": 193476,
                          "Plan Width": 4,
                          "Actual Startup Time": 59.684,
                          "Actual Total Time": 110.074,
                          "Actual Rows": 151016,
                          "Actual Loops": 4,
                          "Recheck Cond": "(keyword_id > 30558)",
                          "Rows Removed by Index Recheck": 0,
                          "Exact Heap Blocks": 5181,
                          "Lossy Heap Blocks": 0,
                          "Plans": [
                            {
                              "Node Type": "Bitmap Index Scan",
                              "Parent Relationship": "Outer",
                              "Parallel Aware": false,
                              "Index Name": "keyword_id_movie_keyword",
                              "Startup Cost": 0.0,
                              "Total Cost": 12574.76,
                              "Plan Rows": 599777,
                              "Plan Width": 0,
                              "Actual Startup Time": 54.107,
                              "Actual Total Time": 54.108,
                              "Actual Rows": 604063,
                              "Actual Loops": 1,
                              "Index Cond": "(keyword_id > 30558)"
                            }
                          ]
                        },
                        {
                          "Node Type": "Hash",
                          "Parent Relationship": "Inner",
                          "Parallel Aware": true,
                          "Startup Cost": 43899.32,
                          "Total Cost": 43899.32,
                          "Plan Rows": 467063,
                          "Plan Width": 4,
                          "Actual Startup Time": 341.835,
                          "Actual Total Time": 341.836,
                          "Actual Rows": 466372,
                          "Actual Loops": 4,
                          "Hash Buckets": 2097152,
                          "Original Hash Buckets": 2097152,
                          "Hash Batches": 1,
                          "Original Hash Batches": 1,
                          "Peak Memory Usage": 89408,
                          "Plans": [
                            {
                              "Node Type": "Seq Scan",
                              "Parent Relationship": "Outer",
                              "Parallel Aware": true,
                              "Relation Name": "title",
                              "Alias": "t",
                              "Startup Cost": 0.0,
                              "Total Cost": 43899.32,
                              "Plan Rows": 467063,
                              "Plan Width": 4,
                              "Actual Startup Time": 0.058,
                              "Actual Total Time": 128.394,
                              "Actual Rows": 466372,
                              "Actual Loops": 4,
                              "Filter": "(kind_id > 1)",
                              "Rows Removed by Filter": 165706
                            }
                          ]
                        }
                      ]
                    },
                    {
                      "Node Type": "Index Only Scan",
                      "Parent Relationship": "Inner",
                      "Parallel Aware": false,
                      "Scan Direction": "Forward",
                      "Index Name": "movie_id_cast_info",
                      "Relation Name": "cast_info",
                      "Alias": "ci",
                      "Startup Cost": 0.56,
                      "Total Cost": 2.0,
                      "Plan Rows": 35,
                      "Plan Width": 4,
                      "Actual Startup Time": 0.005,
                      "Actual Total Time": 0.025,
                      "Actual Rows": 30,
                      "Actual Loops": 188804,
                      "Index Cond": "(movie_id = t.id)",
                      "Rows Removed by Index Recheck": 0,
                      "Heap Fetches": 5628889
                    }
                  ]
                }
              ]
            }
          ]
        }
      ]
    },
    "Planning Time": 0.769,
    "Triggers": [],
    "Execution Time": 2015.229
  }
]