[
  {
    "Plan": {
      "Node Type": "Aggregate",
      "Strategy": "Plain",
      "Partial Mode": "Finalize",
      "Parallel Aware": false,
      "Startup Cost": 29414.91,
      "Total Cost": 29414.92,
      "Plan Rows": 1,
      "Plan Width": 8,
      "Actual Startup Time": 84.567,
      "Actual Total Time": 91.149,
      "Actual Rows": 1,
      "Actual Loops": 1,
      "Plans": [
        {
          "Node Type": "Gather",
          "Parent Relationship": "Outer",
          "Parallel Aware": false,
          "Startup Cost": 29414.59,
          "Total Cost": 29414.9,
          "Plan Rows": 3,
          "Plan Width": 8,
          "Actual Startup Time": 84.362,
          "Actual Total Time": 91.141,
          "Actual Rows": 4,
          "Actual Loops": 1,
          "Workers Planned": 3,
          "Workers Launched": 3,
          "Single Copy": false,
          "Plans": [
            {
              "Node Type": "Aggregate",
              "Strategy": "Plain",
              "Partial Mode": "Partial",
              "Parent Relationship": "Outer",
              "Parallel Aware": false,
              "Startup Cost": 28414.59,
              "Total Cost": 28414.6,
              "Plan Rows": 1,
              "Plan Width": 8,
              "Actual Startup Time": 75.497,
              "Actual Total Time": 75.498,
              "Actual Rows": 1,
              "Actual Loops": 4,
              "Plans": [
                {
                  "Node Type": "Bitmap Heap Scan",
                  "Parent Relationship": "Outer",
                  "Parallel Aware": true,
                  "Relation Name": "movie_keyword",
                  "Alias": "mk",
                  "Startup Cost": 3225.62,
                  "Total Cost": 28292.1,
                  "Plan Rows": 48998,
                  "Plan Width": 0,
                  "Actual Startup Time": 24.908,
                  "Actual Total Time": 72.638,
                  "Actual Rows": 37181,
                  "Actual Loops": 4,
                  "Recheck Cond": "(keyword_id > 74017)",
                  "Rows Removed by Index Recheck": 0,
                  "Exact Heap Blocks": 11389,
                  "Lossy Heap Blocks": 0,
                  "Plans": [
                    {
                      "Node Type": "Bitmap Index Scan",
                      "Parent Relationship": "Outer",
                      "Parallel Aware": false,
                      "Index Name": "keyword_id_movie_keyword",
                      "Startup Cost": 0.0,
                      "Total Cost": 3187.64,
                      "Plan Rows": 151895,
                      "Plan Width": 0,
                      "Actual Startup Time": 28.148,
                      "Actual Total Time": 28.148,
                      "Actual Rows": 148724,
                      "Actual Loops": 1,
                      "Index Cond": "(keyword_id > 74017)"
                    }
                  ]
                }
              ]
            }
          ]
        }
      ]
    },
    "Planning Time": 0.192,
    "Triggers": [],
    "Execution Time": 91.226
  }
]