{
  "Plan": {
    "Node Type": "Aggregate",
    "Strategy": "Plain",
    "Partial Mode": "Finalize",
    "Parallel Aware": false,
    "Startup Cost": 382052.16,
    "Total Cost": 382052.17,
    "Plan Rows": 1,
    "Plan Width": 8,
    "Actual Startup Time": 572.555,
    "Actual Total Time": 591.099,
    "Actual Rows": 1,
    "Actual Loops": 1,
    "Plans": [
      {
        "Node Type": "Gather",
        "Parent Relationship": "Outer",
        "Parallel Aware": false,
        "Startup Cost": 382052.05,
        "Total Cost": 382052.16,
        "Plan Rows": 1,
        "Plan Width": 8,
        "Actual Startup Time": 571.792,
        "Actual Total Time": 591.089,
        "Actual Rows": 2,
        "Actual Loops": 1,
        "Workers Planned": 1,
        "Workers Launched": 1,
        "Single Copy": false,
        "Plans": [
          {
            "Node Type": "Aggregate",
            "Strategy": "Plain",
            "Partial Mode": "Partial",
            "Parent Relationship": "Outer",
            "Parallel Aware": false,
            "Startup Cost": 381052.05,
            "Total Cost": 381052.06,
            "Plan Rows": 1,
            "Plan Width": 8,
            "Actual Startup Time": 565.787,
            "Actual Total Time": 565.79,
            "Actual Rows": 1,
            "Actual Loops": 2,
            "Plans": [
              {
                "Node Type": "Hash Join",
                "Parent Relationship": "Outer",
                "Parallel Aware": true,
                "Join Type": "Inner",
                "Startup Cost": 107364.58,
                "Total Cost": 380833.02,
                "Plan Rows": 87614,
                "Plan Width": 0,
                "Actual Startup Time": 265.971,
                "Actual Total Time": 560.816,
                "Actual Rows": 106088,
                "Actual Loops": 2,
                "Inner Unique": true,
                "Hash Cond": "(ci.movie_id = t.id)",
                "Plans": [
                  {
                    "Node Type": "Bitmap Heap Scan",
                    "Parent Relationship": "Outer",
                    "Parallel Aware": true,
                    "Relation Name": "cast_info",
                    "Alias": "ci",
                    "Startup Cost": 51590.74,
                    "Total Cost": 321452.47,
                    "Plan Rows": 1373979,
                    "Plan Width": 4,
                    "Actual Startup Time": 102.917,
                    "Actual Total Time": 236.503,
                    "Actual Rows": 1120617,
                    "Actual Loops": 2,
                    "Recheck Cond": "(person_id > 3623891)",
                    "Rows Removed by Index Recheck": 0,
                    "Exact Heap Blocks": 18656,
                    "Lossy Heap Blocks": 0,
                    "Plans": [
                      {
                        "Node Type": "Bitmap Index Scan",
                        "Parent Relationship": "Outer",
                        "Parallel Aware": false,
                        "Index Name": "person_id_cast_info",
                        "Startup Cost": 0.0,
                        "Total Cost": 51006.79,
                        "Plan Rows": 2335764,
                        "Plan Width": 0,
                        "Actual Startup Time": 97.557,
                        "Actual Total Time": 97.558,
                        "Actual Rows": 2241234,
                        "Actual Loops": 1,
                        "Index Cond": "(person_id > 3623891)"
                      }
                    ]
                  },
                  {
                    "Node Type": "Hash",
                    "Parent Relationship": "Inner",
                    "Parallel Aware": true,
                    "Startup Cost": 54588.39,
                    "Total Cost": 54588.39,
                    "Plan Rows": 94836,
                    "Plan Width": 4,
                    "Actual Startup Time": 159.369,
                    "Actual Total Time": 159.369,
                    "Actual Rows": 80008,
                    "Actual Loops": 2,
                    "Hash Buckets": 262144,
                    "Original Hash Buckets": 262144,
                    "Hash Batches": 1,
                    "Original Hash Batches": 1,
                    "Peak Memory Usage": 8352,
                    "Plans": [
                      {
                        "Node Type": "Seq Scan",
                        "Parent Relationship": "Outer",
                        "Parallel Aware": true,
                        "Relation Name": "title",
                        "Alias": "t",
                        "Startup Cost": 0.0,
                        "Total Cost": 54588.39,
                        "Plan Rows": 94836,
                        "Plan Width": 4,
                        "Actual Startup Time": 0.034,
                        "Actual Total Time": 137.445,
                        "Actual Rows": 80008,
                        "Actual Loops": 2,
                        "Filter": "(production_year = 2011)",
                        "Rows Removed by Filter": 1184148
                      }
                    ]
                  }
                ]
              }
            ]
          }
        ]
      }
    ]
  },
  "Planning Time": 0.579,
  "Triggers": [],
  "Execution Time": 591.187
}