[
  {
    "Plan": {
      "Node Type": "Aggregate",
      "Strategy": "Plain",
      "Partial Mode": "Finalize",
      "Parallel Aware": false,
      "Startup Cost": 45205.36,
      "Total Cost": 45205.37,
      "Plan Rows": 1,
      "Plan Width": 8,
      "Actual Startup Time": 135.93,
      "Actual Total Time": 145.477,
      "Actual Rows": 1,
      "Actual Loops": 1,
      "Plans": [
        {
          "Node Type": "Gather",
          "Parent Relationship": "Outer",
          "Parallel Aware": false,
          "Startup Cost": 45205.04,
          "Total Cost": 45205.35,
          "Plan Rows": 3,
          "Plan Width": 8,
          "Actual Startup Time": 135.789,
          "Actual Total Time": 145.469,
          "Actual Rows": 4,
          "Actual Loops": 1,
          "Workers Planned": 3,
          "Workers Launched": 3,
          "Single Copy": false,
          "Plans": [
            {
              "Node Type": "Aggregate",
              "Strategy": "Plain",
              "Partial Mode": "Partial",
              "Parent Relationship": "Outer",
              "Parallel Aware": false,
              "Startup Cost": 44205.04,
              "Total Cost": 44205.05,
              "Plan Rows": 1,
              "Plan Width": 8,
              "Actual Startup Time": 129.063,
              "Actual Total Time": 129.064,
              "Actual Rows": 1,
              "Actual Loops": 4,
              "Plans": [
                {
                  "Node Type": "Seq Scan",
                  "Parent Relationship": "Outer",
                  "Parallel Aware": true,
                  "Relation Name": "movie_keyword",
                  "Alias": "mk",
                  "Startup Cost": 0.0,
                  "Total Cost": 42695.65,
                  "Plan Rows": 603755,
                  "Plan Width": 0,
                  "Actual Startup Time": 0.805,
                  "Actual Total Time": 107.21,
                  "Actual Rows": 464718,
                  "Actual Loops": 4,
                  "Filter": "(keyword_id > 7427)",
                  "Rows Removed by Filter": 666264
                }
              ]
            }
          ]
        }
      ]
    },
    "Planning Time": 0.104,
    "Triggers": [],
    "Execution Time": 145.515
  }
]