[
  {
    "Plan": {
      "Node Type": "Aggregate",
      "Strategy": "Plain",
      "Partial Mode": "Finalize",
      "Parallel Aware": false,
      "Startup Cost": 233679.94,
      "Total Cost": 233679.95,
      "Plan Rows": 1,
      "Plan Width": 8,
      "Actual Startup Time": 492.383,
      "Actual Total Time": 513.28,
      "Actual Rows": 1,
      "Actual Loops": 1,
      "Plans": [
        {
          "Node Type": "Gather",
          "Parent Relationship": "Outer",
          "Parallel Aware": false,
          "Startup Cost": 233679.42,
          "Total Cost": 233679.93,
          "Plan Rows": 5,
          "Plan Width": 8,
          "Actual Startup Time": 470.459,
          "Actual Total Time": 513.268,
          "Actual Rows": 6,
          "Actual Loops": 1,
          "Workers Planned": 5,
          "Workers Launched": 5,
          "Single Copy": false,
          "Plans": [
            {
              "Node Type": "Aggregate",
              "Strategy": "Plain",
              "Partial Mode": "Partial",
              "Parent Relationship": "Outer",
              "Parallel Aware": false,
              "Startup Cost": 232679.42,
              "Total Cost": 232679.43,
              "Plan Rows": 1,
              "Plan Width": 8,
              "Actual Startup Time": 447.511,
              "Actual Total Time": 447.516,
              "Actual Rows": 1,
              "Actual Loops": 6,
              "Plans": [
                {
                  "Node Type": "Hash Join",
                  "Parent Relationship": "Outer",
                  "Parallel Aware": true,
                  "Join Type": "Inner",
                  "Startup Cost": 67352.96,
                  "Total Cost": 232206.59,
                  "Plan Rows": 189132,
                  "Plan Width": 0,
                  "Actual Startup Time": 311.227,
                  "Actual Total Time": 439.426,
                  "Actual Rows": 149257,
                  "Actual Loops": 6,
                  "Inner Unique": true,
                  "Hash Cond": "(mi.movie_id = t.id)",
                  "Plans": [
                    {
                      "Node Type": "Bitmap Heap Scan",
                      "Parent Relationship": "Outer",
                      "Parallel Aware": true,
                      "Relation Name": "movie_info",
                      "Alias": "mi",
                      "Startup Cost": 17133.32,
                      "Total Cost": 181490.47,
                      "Plan Rows": 189132,
                      "Plan Width": 4,
                      "Actual Startup Time": 36.618,
                      "Actual Total Time": 96.706,
                      "Actual Rows": 149257,
                      "Actual Loops": 6,
                      "Recheck Cond": "(info_type_id > 95)",
                      "Rows Removed by Index Recheck": 0,
                      "Exact Heap Blocks": 7836,
                      "Lossy Heap Blocks": 0,
                      "Plans": [
                        {
                          "Node Type": "Bitmap Index Scan",
                          "Parent Relationship": "Outer",
                          "Parallel Aware": false,
                          "Index Name": "info_type_id_movie_info",
                          "Startup Cost": 0.0,
                          "Total Cost": 16896.9,
                          "Plan Rows": 945662,
                          "Plan Width": 0,
                          "Actual Startup Time": 31.03,
                          "Actual Total Time": 31.031,
                          "Actual Rows": 895543,
                          "Actual Loops": 1,
                          "Index Cond": "(info_type_id > 95)"
                        }
                      ]
                    },
                    {
                      "Node Type": "Hash",
                      "Parent Relationship": "Inner",
                      "Parallel Aware": true,
                      "Startup Cost": 42318.73,
                      "Total Cost": 42318.73,
                      "Plan Rows": 632073,
                      "Plan Width": 4,
                      "Actual Startup Time": 266.521,
                      "Actual Total Time": 266.522,
                      "Actual Rows": 421385,
                      "Actual Loops": 6,
                      "Hash Buckets": 4194304,
                      "Original Hash Buckets": 4194304,
                      "Hash Batches": 1,
                      "Original Hash Batches": 1,
                      "Peak Memory Usage": 131808,
                      "Plans": [
                        {
                          "Node Type": "Seq Scan",
                          "Parent Relationship": "Outer",
                          "Parallel Aware": true,
                          "Relation Name": "title",
                          "Alias": "t",
                          "Startup Cost": 0.0,
                          "Total Cost": 42318.73,
                          "Plan Rows": 632073,
                          "Plan Width": 4,
                          "Actual Startup Time": 0.036,
                          "Actual Total Time": 78.536,
                          "Actual Rows": 421385,
                          "Actual Loops": 6
                        }
                      ]
                    }
                  ]
                }
              ]
            }
          ]
        }
      ]
    },
    "Planning Time": 0.642,
    "Triggers": [],
    "Execution Time": 513.379
  }
]