[
  {
    "Plan": {
      "Node Type": "Aggregate",
      "Strategy": "Plain",
      "Partial Mode": "Finalize",
      "Parallel Aware": false,
      "Startup Cost": 444976.61,
      "Total Cost": 444976.62,
      "Plan Rows": 1,
      "Plan Width": 8,
      "Actual Startup Time": 642.323,
      "Actual Total Time": 691.265,
      "Actual Rows": 1,
      "Actual Loops": 1,
      "Plans": [
        {
          "Node Type": "Gather",
          "Parent Relationship": "Outer",
          "Parallel Aware": false,
          "Startup Cost": 444975.99,
          "Total Cost": 444976.6,
          "Plan Rows": 6,
          "Plan Width": 8,
          "Actual Startup Time": 634.537,
          "Actual Total Time": 691.255,
          "Actual Rows": 7,
          "Actual Loops": 1,
          "Workers Planned": 6,
          "Workers Launched": 6,
          "Single Copy": false,
          "Plans": [
            {
              "Node Type": "Aggregate",
              "Strategy": "Plain",
              "Partial Mode": "Partial",
              "Parent Relationship": "Outer",
              "Parallel Aware": false,
              "Startup Cost": 443975.99,
              "Total Cost": 443976.0,
              "Plan Rows": 1,
              "Plan Width": 8,
              "Actual Startup Time": 620.401,
              "Actual Total Time": 620.405,
              "Actual Rows": 1,
              "Actual Loops": 7,
              "Plans": [
                {
                  "Node Type": "Nested Loop",
                  "Parent Relationship": "Outer",
                  "Parallel Aware": false,
                  "Join Type": "Inner",
                  "Startup Cost": 69009.25,
                  "Total Cost": 443214.55,
                  "Plan Rows": 304573,
                  "Plan Width": 0,
                  "Actual Startup Time": 238.38,
                  "Actual Total Time": 605.078,
                  "Actual Rows": 276034,
                  "Actual Loops": 7,
                  "Inner Unique": false,
                  "Plans": [
                    {
                      "Node Type": "Hash Join",
                      "Parent Relationship": "Outer",
                      "Parallel Aware": true,
                      "Join Type": "Inner",
                      "Startup Cost": 69008.81,
                      "Total Cost": 324381.15,
                      "Plan Rows": 52088,
                      "Plan Width": 8,
                      "Actual Startup Time": 238.263,
                      "Actual Total Time": 271.179,
                      "Actual Rows": 17630,
                      "Actual Loops": 7,
                      "Inner Unique": true,
                      "Hash Cond": "(ci.movie_id = t.id)",
                      "Plans": [
                        {
                          "Node Type": "Bitmap Heap Scan",
                          "Parent Relationship": "Outer",
                          "Parallel Aware": true,
                          "Relation Name": "cast_info",
                          "Alias": "ci",
                          "Startup Cost": 21201.32,
                          "Total Cost": 276297.26,
                          "Plan Rows": 105292,
                          "Plan Width": 4,
                          "Actual Startup Time": 68.514,
                          "Actual Total Time": 79.179,
                          "Actual Rows": 36680,
                          "Actual Loops": 7,
                          "Recheck Cond": "(person_id < 99276)",
                          "Rows Removed by Index Recheck": 0,
                          "Filter": "(role_id > 1)",
                          "Rows Removed by Filter": 100334,
                          "Exact Heap Blocks": 1843,
                          "Lossy Heap Blocks": 0,
                          "Plans": [
                            {
                              "Node Type": "Bitmap Index Scan",
                              "Parent Relationship": "Outer",
                              "Parallel Aware": false,
                              "Index Name": "person_id_cast_info",
                              "Startup Cost": 0.0,
                              "Total Cost": 21043.38,
                              "Plan Rows": 963576,
                              "Plan Width": 0,
                              "Actual Startup Time": 38.509,
                              "Actual Total Time": 38.51,
                              "Actual Rows": 959098,
                              "Actual Loops": 1,
                              "Index Cond": "(person_id < 99276)"
                            }
                          ]
                        },
                        {
                          "Node Type": "Hash",
                          "Parent Relationship": "Inner",
                          "Parallel Aware": true,
                          "Startup Cost": 43898.92,
                          "Total Cost": 43898.92,
                          "Plan Rows": 312686,
                          "Plan Width": 4,
                          "Actual Startup Time": 165.057,
                          "Actual Total Time": 165.057,
                          "Actual Rows": 180529,
                          "Actual Loops": 7,
                          "Hash Buckets": 2097152,
                          "Original Hash Buckets": 2097152,
                          "Hash Batches": 1,
                          "Original Hash Batches": 1,
                          "Peak Memory Usage": 65920,
                          "Plans": [
                            {
                              "Node Type": "Seq Scan",
                              "Parent Relationship": "Outer",
                              "Parallel Aware": true,
                              "Relation Name": "title",
                              "Alias": "t",
                              "Startup Cost": 0.0,
                              "Total Cost": 43898.92,
                              "Plan Rows": 312686,
                              "Plan Width": 4,
                              "Actual Startup Time": 0.042,
                              "Actual Total Time": 82.006,
                              "Actual Rows": 180529,
                              "Actual Loops": 7,
                              "Filter": "(production_year < 2004)",
                              "Rows Removed by Filter": 180659
                            }
                          ]
                        }
                      ]
                    },
                    {
                      "Node Type": "Index Only Scan",
                      "Parent Relationship": "Inner",
                      "Parallel Aware": false,
                      "Scan Direction": "Forward",
                      "Index Name": "movie_id_movie_info",
                      "Relation Name": "movie_info",
                      "Alias": "mi",
                      "Startup Cost": 0.43,
                      "Total Cost": 1.86,
                      "Plan Rows": 42,
                      "Plan Width": 4,
                      "Actual Startup Time": 0.006,
                      "Actual Total Time": 0.017,
                      "Actual Rows": 16,
                      "Actual Loops": 123410,
                      "Index Cond": "(movie_id = t.id)",
                      "Rows Removed by Index Recheck": 0,
                      "Heap Fetches": 1932236
                    }
                  ]
                }
              ]
            }
          ]
        }
      ]
    },
    "Planning Time": 1.346,
    "Triggers": [],
    "Execution Time": 691.394
  }
]