{
  "Plan": {
    "Node Type": "Aggregate",
    "Strategy": "Plain",
    "Partial Mode": "Simple",
    "Parallel Aware": false,
    "Startup Cost": 785.12,
    "Total Cost": 785.13,
    "Plan Rows": 1,
    "Plan Width": 8,
    "Actual Startup Time": 15.725,
    "Actual Total Time": 15.728,
    "Actual Rows": 1,
    "Actual Loops": 1,
    "Plans": [
      {
        "Node Type": "Nested Loop",
        "Parent Relationship": "Outer",
        "Parallel Aware": false,
        "Join Type": "Inner",
        "Startup Cost": 1.42,
        "Total Cost": 784.74,
        "Plan Rows": 150,
        "Plan Width": 0,
        "Actual Startup Time": 0.322,
        "Actual Total Time": 15.694,
        "Actual Rows": 122,
        "Actual Loops": 1,
        "Inner Unique": false,
        "Plans": [
          {
            "Node Type": "Nested Loop",
            "Parent Relationship": "Outer",
            "Parallel Aware": false,
            "Join Type": "Inner",
            "Startup Cost": 0.86,
            "Total Cost": 713.23,
            "Plan Rows": 26,
            "Plan Width": 8,
            "Actual Startup Time": 0.256,
            "Actual Total Time": 14.319,
            "Actual Rows": 19,
            "Actual Loops": 1,
            "Inner Unique": true,
            "Plans": [
              {
                "Node Type": "Index Scan",
                "Parent Relationship": "Outer",
                "Parallel Aware": false,
                "Scan Direction": "Forward",
                "Index Name": "company_id_movie_companies",
                "Relation Name": "movie_companies",
                "Alias": "mc",
                "Startup Cost": 0.43,
                "Total Cost": 273.83,
                "Plan Rows": 52,
                "Plan Width": 4,
                "Actual Startup Time": 0.233,
                "Actual Total Time": 2.537,
                "Actual Rows": 1619,
                "Actual Loops": 1,
                "Index Cond": "(company_id = 4626)",
                "Rows Removed by Index Recheck": 0,
                "Filter": "(company_type_id > 1)",
                "Rows Removed by Filter": 21
              },
              {
                "Node Type": "Index Scan",
                "Parent Relationship": "Inner",
                "Parallel Aware": false,
                "Scan Direction": "Forward",
                "Index Name": "title_pkey",
                "Relation Name": "title",
                "Alias": "t",
                "Startup Cost": 0.43,
                "Total Cost": 8.45,
                "Plan Rows": 1,
                "Plan Width": 4,
                "Actual Startup Time": 0.007,
                "Actual Total Time": 0.007,
                "Actual Rows": 0,
                "Actual Loops": 1619,
                "Index Cond": "(id = mc.movie_id)",
                "Rows Removed by Index Recheck": 0,
                "Filter": "(production_year > 2002)",
                "Rows Removed by Filter": 1
              }
            ]
          },
          {
            "Node Type": "Index Scan",
            "Parent Relationship": "Inner",
            "Parallel Aware": false,
            "Scan Direction": "Forward",
            "Index Name": "movie_id_cast_info",
            "Relation Name": "cast_info",
            "Alias": "ci",
            "Startup Cost": 0.56,
            "Total Cost": 2.6,
            "Plan Rows": 15,
            "Plan Width": 4,
            "Actual Startup Time": 0.051,
            "Actual Total Time": 0.07,
            "Actual Rows": 6,
            "Actual Loops": 19,
            "Index Cond": "(movie_id = t.id)",
            "Rows Removed by Index Recheck": 0,
            "Filter": "((person_id > 394149) AND (role_id > 2))",
            "Rows Removed by Filter": 12
          }
        ]
      }
    ]
  },
  "Planning Time": 1.178,
  "Triggers": [],
  "Execution Time": 15.798
}