{
  "Plan": {
    "Node Type": "Aggregate",
    "Strategy": "Plain",
    "Partial Mode": "Finalize",
    "Parallel Aware": false,
    "Startup Cost": 543195.82,
    "Total Cost": 543195.83,
    "Plan Rows": 1,
    "Plan Width": 8,
    "Actual Startup Time": 1264.22,
    "Actual Total Time": 1318.985,
    "Actual Rows": 1,
    "Actual Loops": 1,
    "Plans": [
      {
        "Node Type": "Gather",
        "Parent Relationship": "Outer",
        "Parallel Aware": false,
        "Startup Cost": 543195.71,
        "Total Cost": 543195.82,
        "Plan Rows": 1,
        "Plan Width": 8,
        "Actual Startup Time": 1263.695,
        "Actual Total Time": 1318.977,
        "Actual Rows": 2,
        "Actual Loops": 1,
        "Workers Planned": 1,
        "Workers Launched": 1,
        "Single Copy": false,
        "Plans": [
          {
            "Node Type": "Aggregate",
            "Strategy": "Plain",
            "Partial Mode": "Partial",
            "Parent Relationship": "Outer",
            "Parallel Aware": false,
            "Startup Cost": 542195.71,
            "Total Cost": 542195.72,
            "Plan Rows": 1,
            "Plan Width": 8,
            "Actual Startup Time": 1257.562,
            "Actual Total Time": 1257.566,
            "Actual Rows": 1,
            "Actual Loops": 2,
            "Plans": [
              {
                "Node Type": "Nested Loop",
                "Parent Relationship": "Outer",
                "Parallel Aware": false,
                "Join Type": "Inner",
                "Startup Cost": 155061.21,
                "Total Cost": 541463.03,
                "Plan Rows": 293069,
                "Plan Width": 0,
                "Actual Startup Time": 334.915,
                "Actual Total Time": 1239.633,
                "Actual Rows": 385834,
                "Actual Loops": 2,
                "Inner Unique": false,
                "Join Filter": "(t.id = mi.movie_id)",
                "Rows Removed by Join Filter": 0,
                "Plans": [
                  {
                    "Node Type": "Hash Join",
                    "Parent Relationship": "Outer",
                    "Parallel Aware": true,
                    "Join Type": "Inner",
                    "Startup Cost": 155060.77,
                    "Total Cost": 446576.6,
                    "Plan Rows": 50121,
                    "Plan Width": 8,
                    "Actual Startup Time": 334.791,
                    "Actual Total Time": 829.846,
                    "Actual Rows": 42352,
                    "Actual Loops": 2,
                    "Inner Unique": true,
                    "Hash Cond": "(ci.movie_id = t.id)",
                    "Plans": [
                      {
                        "Node Type": "Bitmap Heap Scan",
                        "Parent Relationship": "Outer",
                        "Parallel Aware": true,
                        "Relation Name": "cast_info",
                        "Alias": "ci",
                        "Startup Cost": 96391.36,
                        "Total Cost": 381168.29,
                        "Plan Rows": 2567195,
                        "Plan Width": 4,
                        "Actual Startup Time": 182.881,
                        "Actual Total Time": 412.882,
                        "Actual Rows": 2083178,
                        "Actual Loops": 2,
                        "Recheck Cond": "(person_id > 3294698)",
                        "Rows Removed by Index Recheck": 0,
                        "Exact Heap Blocks": 33180,
                        "Lossy Heap Blocks": 0,
                        "Plans": [
                          {
                            "Node Type": "Bitmap Index Scan",
                            "Parent Relationship": "Outer",
                            "Parallel Aware": false,
                            "Index Name": "person_id_cast_info",
                            "Startup Cost": 0.0,
                            "Total Cost": 95300.3,
                            "Plan Rows": 4364231,
                            "Plan Width": 0,
                            "Actual Startup Time": 172.698,
                            "Actual Total Time": 172.698,
                            "Actual Rows": 4166355,
                            "Actual Loops": 1,
                            "Index Cond": "(person_id > 3294698)"
                          }
                        ]
                      },
                      {
                        "Node Type": "Hash",
                        "Parent Relationship": "Inner",
                        "Parallel Aware": true,
                        "Startup Cost": 58306.47,
                        "Total Cost": 58306.47,
                        "Plan Rows": 29036,
                        "Plan Width": 4,
                        "Actual Startup Time": 150.16,
                        "Actual Total Time": 150.161,
                        "Actual Rows": 28498,
                        "Actual Loops": 2,
                        "Hash Buckets": 65536,
                        "Original Hash Buckets": 65536,
                        "Hash Batches": 1,
                        "Original Hash Batches": 1,
                        "Peak Memory Usage": 2752,
                        "Plans": [
                          {
                            "Node Type": "Seq Scan",
                            "Parent Relationship": "Outer",
                            "Parallel Aware": true,
                            "Relation Name": "title",
                            "Alias": "t",
                            "Startup Cost": 0.0,
                            "Total Cost": 58306.47,
                            "Plan Rows": 29036,
                            "Plan Width": 4,
                            "Actual Startup Time": 0.039,
                            "Actual Total Time": 141.743,
                            "Actual Rows": 28498,
                            "Actual Loops": 2,
                            "Filter": "((kind_id > 1) AND (production_year = 2003))",
                            "Rows Removed by Filter": 1235658
                          }
                        ]
                      }
                    ]
                  },
                  {
                    "Node Type": "Index Only Scan",
                    "Parent Relationship": "Inner",
                    "Parallel Aware": false,
                    "Scan Direction": "Forward",
                    "Index Name": "movie_id_movie_info",
                    "Relation Name": "movie_info",
                    "Alias": "mi",
                    "Startup Cost": 0.43,
                    "Total Cost": 1.37,
                    "Plan Rows": 42,
                    "Plan Width": 4,
                    "Actual Startup Time": 0.004,
                    "Actual Total Time": 0.009,
                    "Actual Rows": 9,
                    "Actual Loops": 84705,
                    "Index Cond": "(movie_id = ci.movie_id)",
                    "Rows Removed by Index Recheck": 0,
                    "Heap Fetches": 771668
                  }
                ]
              }
            ]
          }
        ]
      }
    ]
  },
  "Planning Time": 0.808,
  "Triggers": [],
  "Execution Time": 1319.099
}