[
    {
        "Bao": {
            "Bao prediction": "NaN",
            "Bao recommended hint": "(no hint)"
        }
    },
    {
        "Plan": {
            "Node Type": "Aggregate",
            "Strategy": "Plain",
            "Partial Mode": "Finalize",
            "Parallel Aware": false,
            "Startup Cost": 625243.94,
            "Total Cost": 625243.95,
            "Plan Rows": 1,
            "Plan Width": 8,
            "Actual Startup Time": 3884.645,
            "Actual Total Time": 3947.725,
            "Actual Rows": 1,
            "Actual Loops": 1,
            "Output": [
                "count(*)"
            ],
            "Plans": [
                {
                    "Node Type": "Gather",
                    "Parent Relationship": "Outer",
                    "Parallel Aware": false,
                    "Startup Cost": 625243.31,
                    "Total Cost": 625243.92,
                    "Plan Rows": 6,
                    "Plan Width": 8,
                    "Actual Startup Time": 3840.292,
                    "Actual Total Time": 3947.711,
                    "Actual Rows": 7,
                    "Actual Loops": 1,
                    "Output": [
                        "(PARTIAL count(*))"
                    ],
                    "Workers Planned": 6,
                    "Workers Launched": 6,
                    "Single Copy": false,
                    "Plans": [
                        {
                            "Node Type": "Aggregate",
                            "Strategy": "Plain",
                            "Partial Mode": "Partial",
                            "Parent Relationship": "Outer",
                            "Parallel Aware": false,
                            "Startup Cost": 624243.31,
                            "Total Cost": 624243.32,
                            "Plan Rows": 1,
                            "Plan Width": 8,
                            "Actual Startup Time": 3826.52,
                            "Actual Total Time": 3827.486,
                            "Actual Rows": 1,
                            "Actual Loops": 7,
                            "Output": [
                                "PARTIAL count(*)"
                            ],
                            "Workers": [
                                {
                                    "Worker Number": 0,
                                    "Actual Startup Time": 3823.467,
                                    "Actual Total Time": 3823.472,
                                    "Actual Rows": 1,
                                    "Actual Loops": 1
                                },
                                {
                                    "Worker Number": 1,
                                    "Actual Startup Time": 3823.879,
                                    "Actual Total Time": 3823.882,
                                    "Actual Rows": 1,
                                    "Actual Loops": 1
                                },
                                {
                                    "Worker Number": 2,
                                    "Actual Startup Time": 3823.806,
                                    "Actual Total Time": 3823.81,
                                    "Actual Rows": 1,
                                    "Actual Loops": 1
                                },
                                {
                                    "Worker Number": 3,
                                    "Actual Startup Time": 3823.972,
                                    "Actual Total Time": 3823.977,
                                    "Actual Rows": 1,
                                    "Actual Loops": 1
                                },
                                {
                                    "Worker Number": 4,
                                    "Actual Startup Time": 3824.106,
                                    "Actual Total Time": 3824.111,
                                    "Actual Rows": 1,
                                    "Actual Loops": 1
                                },
                                {
                                    "Worker Number": 5,
                                    "Actual Startup Time": 3826.735,
                                    "Actual Total Time": 3826.74,
                                    "Actual Rows": 1,
                                    "Actual Loops": 1
                                }
                            ],
                            "Plans": [
                                {
                                    "Node Type": "Hash Join",
                                    "Parent Relationship": "Outer",
                                    "Parallel Aware": true,
                                    "Join Type": "Inner",
                                    "Startup Cost": 258180.62,
                                    "Total Cost": 611888.28,
                                    "Plan Rows": 4942011,
                                    "Plan Width": 0,
                                    "Actual Startup Time": 919.577,
                                    "Actual Total Time": 3457.122,
                                    "Actual Rows": 7991898,
                                    "Actual Loops": 7,
                                    "Inner Unique": false,
                                    "Hash Cond": "(ci.movie_id = t.id)",
                                    "Workers": [
                                        {
                                            "Worker Number": 0,
                                            "Actual Startup Time": 916.879,
                                            "Actual Total Time": 3432.206,
                                            "Actual Rows": 6903620,
                                            "Actual Loops": 1
                                        },
                                        {
                                            "Worker Number": 1,
                                            "Actual Startup Time": 917.325,
                                            "Actual Total Time": 3446.126,
                                            "Actual Rows": 7591269,
                                            "Actual Loops": 1
                                        },
                                        {
                                            "Worker Number": 2,
                                            "Actual Startup Time": 917.23,
                                            "Actual Total Time": 3443.206,
                                            "Actual Rows": 7433071,
                                            "Actual Loops": 1
                                        },
                                        {
                                            "Worker Number": 3,
                                            "Actual Startup Time": 917.44,
                                            "Actual Total Time": 3440.508,
                                            "Actual Rows": 7018935,
                                            "Actual Loops": 1
                                        },
                                        {
                                            "Worker Number": 4,
                                            "Actual Startup Time": 917.585,
                                            "Actual Total Time": 3473.819,
                                            "Actual Rows": 8903139,
                                            "Actual Loops": 1
                                        },
                                        {
                                            "Worker Number": 5,
                                            "Actual Startup Time": 917.452,
                                            "Actual Total Time": 3479.065,
                                            "Actual Rows": 8837427,
                                            "Actual Loops": 1
                                        }
                                    ],
                                    "Plans": [
                                        {
                                            "Node Type": "Seq Scan",
                                            "Parent Relationship": "Outer",
                                            "Parallel Aware": true,
                                            "Relation Name": "cast_info",
                                            "Schema": "public",
                                            "Alias": "ci",
                                            "Startup Cost": 0.0,
                                            "Total Cost": 328213.62,
                                            "Plan Rows": 4162670,
                                            "Plan Width": 4,
                                            "Actual Startup Time": 0.052,
                                            "Actual Total Time": 583.009,
                                            "Actual Rows": 3555151,
                                            "Actual Loops": 7,
                                            "Output": [
                                                "ci.id",
                                                "ci.person_id",
                                                "ci.movie_id",
                                                "ci.person_role_id",
                                                "ci.note",
                                                "ci.nr_order",
                                                "ci.role_id"
                                            ],
                                            "Filter": "(ci.person_id < 2563597)",
                                            "Rows Removed by Filter": 1622612,
                                            "Workers": [
                                                {
                                                    "Worker Number": 0,
                                                    "Actual Startup Time": 0.066,
                                                    "Actual Total Time": 612.742,
                                                    "Actual Rows": 3091088,
                                                    "Actual Loops": 1
                                                },
                                                {
                                                    "Worker Number": 1,
                                                    "Actual Startup Time": 0.035,
                                                    "Actual Total Time": 596.224,
                                                    "Actual Rows": 3362995,
                                                    "Actual Loops": 1
                                                },
                                                {
                                                    "Worker Number": 2,
                                                    "Actual Startup Time": 0.036,
                                                    "Actual Total Time": 601.463,
                                                    "Actual Rows": 3311735,
                                                    "Actual Loops": 1
                                                },
                                                {
                                                    "Worker Number": 3,
                                                    "Actual Startup Time": 0.064,
                                                    "Actual Total Time": 613.905,
                                                    "Actual Rows": 3108828,
                                                    "Actual Loops": 1
                                                },
                                                {
                                                    "Worker Number": 4,
                                                    "Actual Startup Time": 0.062,
                                                    "Actual Total Time": 579.81,
                                                    "Actual Rows": 3973784,
                                                    "Actual Loops": 1
                                                },
                                                {
                                                    "Worker Number": 5,
                                                    "Actual Startup Time": 0.078,
                                                    "Actual Total Time": 576.06,
                                                    "Actual Rows": 3919215,
                                                    "Actual Loops": 1
                                                }
                                            ]
                                        },
                                        {
                                            "Node Type": "Hash",
                                            "Parent Relationship": "Inner",
                                            "Parallel Aware": true,
                                            "Startup Cost": 250676.42,
                                            "Total Cost": 250676.42,
                                            "Plan Rows": 600336,
                                            "Plan Width": 8,
                                            "Actual Startup Time": 914.682,
                                            "Actual Total Time": 915.646,
                                            "Actual Rows": 433817,
                                            "Actual Loops": 7,
                                            "Output": [
                                                "t.id",
                                                "mi.movie_id"
                                            ],
                                            "Hash Buckets": 4194304,
                                            "Original Hash Buckets": 4194304,
                                            "Hash Batches": 1,
                                            "Original Hash Batches": 1,
                                            "Peak Memory Usage": 151680,
                                            "Workers": [
                                                {
                                                    "Worker Number": 0,
                                                    "Actual Startup Time": 916.06,
                                                    "Actual Total Time": 916.063,
                                                    "Actual Rows": 378097,
                                                    "Actual Loops": 1
                                                },
                                                {
                                                    "Worker Number": 1,
                                                    "Actual Startup Time": 916.344,
                                                    "Actual Total Time": 916.346,
                                                    "Actual Rows": 367381,
                                                    "Actual Loops": 1
                                                },
                                                {
                                                    "Worker Number": 2,
                                                    "Actual Startup Time": 916.172,
                                                    "Actual Total Time": 916.175,
                                                    "Actual Rows": 368599,
                                                    "Actual Loops": 1
                                                },
                                                {
                                                    "Worker Number": 3,
                                                    "Actual Startup Time": 916.525,
                                                    "Actual Total Time": 916.529,
                                                    "Actual Rows": 372519,
                                                    "Actual Loops": 1
                                                },
                                                {
                                                    "Worker Number": 4,
                                                    "Actual Startup Time": 916.616,
                                                    "Actual Total Time": 916.62,
                                                    "Actual Rows": 522426,
                                                    "Actual Loops": 1
                                                },
                                                {
                                                    "Worker Number": 5,
                                                    "Actual Startup Time": 916.505,
                                                    "Actual Total Time": 916.508,
                                                    "Actual Rows": 486695,
                                                    "Actual Loops": 1
                                                }
                                            ],
                                            "Plans": [
                                                {
                                                    "Node Type": "Hash Join",
                                                    "Parent Relationship": "Outer",
                                                    "Parallel Aware": true,
                                                    "Join Type": "Inner",
                                                    "Startup Cost": 50219.81,
                                                    "Total Cost": 250676.42,
                                                    "Plan Rows": 600336,
                                                    "Plan Width": 8,
                                                    "Actual Startup Time": 325.593,
                                                    "Actual Total Time": 742.375,
                                                    "Actual Rows": 433817,
                                                    "Actual Loops": 7,
                                                    "Output": [
                                                        "t.id",
                                                        "mi.movie_id"
                                                    ],
                                                    "Inner Unique": true,
                                                    "Hash Cond": "(mi.movie_id = t.id)",
                                                    "Workers": [
                                                        {
                                                            "Worker Number": 0,
                                                            "Actual Startup Time": 325.522,
                                                            "Actual Total Time": 741.483,
                                                            "Actual Rows": 378097,
                                                            "Actual Loops": 1
                                                        },
                                                        {
                                                            "Worker Number": 1,
                                                            "Actual Startup Time": 325.528,
                                                            "Actual Total Time": 740.425,
                                                            "Actual Rows": 367381,
                                                            "Actual Loops": 1
                                                        },
                                                        {
                                                            "Worker Number": 2,
                                                            "Actual Startup Time": 325.488,
                                                            "Actual Total Time": 742.469,
                                                            "Actual Rows": 368599,
                                                            "Actual Loops": 1
                                                        },
                                                        {
                                                            "Worker Number": 3,
                                                            "Actual Startup Time": 325.628,
                                                            "Actual Total Time": 741.569,
                                                            "Actual Rows": 372519,
                                                            "Actual Loops": 1
                                                        },
                                                        {
                                                            "Worker Number": 4,
                                                            "Actual Startup Time": 325.617,
                                                            "Actual Total Time": 741.033,
                                                            "Actual Rows": 522426,
                                                            "Actual Loops": 1
                                                        },
                                                        {
                                                            "Worker Number": 5,
                                                            "Actual Startup Time": 325.615,
                                                            "Actual Total Time": 744.066,
                                                            "Actual Rows": 486695,
                                                            "Actual Loops": 1
                                                        }
                                                    ],
                                                    "Plans": [
                                                        {
                                                            "Node Type": "Seq Scan",
                                                            "Parent Relationship": "Outer",
                                                            "Parallel Aware": true,
                                                            "Relation Name": "movie_info",
                                                            "Schema": "public",
                                                            "Alias": "mi",
                                                            "Startup Cost": 0.0,
                                                            "Total Cost": 198880.74,
                                                            "Plan Rows": 600336,
                                                            "Plan Width": 4,
                                                            "Actual Startup Time": 69.326,
                                                            "Actual Total Time": 304.57,
                                                            "Actual Rows": 433817,
                                                            "Actual Loops": 7,
                                                            "Output": [
                                                                "mi.id",
                                                                "mi.movie_id",
                                                                "mi.info_type_id",
                                                                "mi.info",
                                                                "mi.note"
                                                            ],
                                                            "Filter": "(mi.info_type_id = 16)",
                                                            "Rows Removed by Filter": 1685572,
                                                            "Workers": [
                                                                {
                                                                    "Worker Number": 0,
                                                                    "Actual Startup Time": 69.366,
                                                                    "Actual Total Time": 309.89,
                                                                    "Actual Rows": 378097,
                                                                    "Actual Loops": 1
                                                                },
                                                                {
                                                                    "Worker Number": 1,
                                                                    "Actual Startup Time": 69.276,
                                                                    "Actual Total Time": 307.506,
                                                                    "Actual Rows": 367381,
                                                                    "Actual Loops": 1
                                                                },
                                                                {
                                                                    "Worker Number": 2,
                                                                    "Actual Startup Time": 69.261,
                                                                    "Actual Total Time": 307.778,
                                                                    "Actual Rows": 368599,
                                                                    "Actual Loops": 1
                                                                },
                                                                {
                                                                    "Worker Number": 3,
                                                                    "Actual Startup Time": 69.363,
                                                                    "Actual Total Time": 309.819,
                                                                    "Actual Rows": 372519,
                                                                    "Actual Loops": 1
                                                                },
                                                                {
                                                                    "Worker Number": 4,
                                                                    "Actual Startup Time": 69.353,
                                                                    "Actual Total Time": 301.394,
                                                                    "Actual Rows": 522426,
                                                                    "Actual Loops": 1
                                                                },
                                                                {
                                                                    "Worker Number": 5,
                                                                    "Actual Startup Time": 69.301,
                                                                    "Actual Total Time": 303.119,
                                                                    "Actual Rows": 486695,
                                                                    "Actual Loops": 1
                                                                }
                                                            ]
                                                        },
                                                        {
                                                            "Node Type": "Hash",
                                                            "Parent Relationship": "Inner",
                                                            "Parallel Aware": true,
                                                            "Startup Cost": 42318.81,
                                                            "Total Cost": 42318.81,
                                                            "Plan Rows": 632080,
                                                            "Plan Width": 4,
                                                            "Actual Startup Time": 252.866,
                                                            "Actual Total Time": 252.867,
                                                            "Actual Rows": 361187,
                                                            "Actual Loops": 7,
                                                            "Output": [
                                                                "t.id"
                                                            ],
                                                            "Hash Buckets": 4194304,
                                                            "Original Hash Buckets": 4194304,
                                                            "Hash Batches": 1,
                                                            "Original Hash Batches": 1,
                                                            "Peak Memory Usage": 131744,
                                                            "Workers": [
                                                                {
                                                                    "Worker Number": 0,
                                                                    "Actual Startup Time": 256.054,
                                                                    "Actual Total Time": 256.055,
                                                                    "Actual Rows": 264246,
                                                                    "Actual Loops": 1
                                                                },
                                                                {
                                                                    "Worker Number": 1,
                                                                    "Actual Startup Time": 255.968,
                                                                    "Actual Total Time": 255.969,
                                                                    "Actual Rows": 290283,
                                                                    "Actual Loops": 1
                                                                },
                                                                {
                                                                    "Worker Number": 2,
                                                                    "Actual Startup Time": 255.882,
                                                                    "Actual Total Time": 255.883,
                                                                    "Actual Rows": 287739,
                                                                    "Actual Loops": 1
                                                                },
                                                                {
                                                                    "Worker Number": 3,
                                                                    "Actual Startup Time": 256.149,
                                                                    "Actual Total Time": 256.15,
                                                                    "Actual Rows": 302652,
                                                                    "Actual Loops": 1
                                                                },
                                                                {
                                                                    "Worker Number": 4,
                                                                    "Actual Startup Time": 256.138,
                                                                    "Actual Total Time": 256.139,
                                                                    "Actual Rows": 416360,
                                                                    "Actual Loops": 1
                                                                },
                                                                {
                                                                    "Worker Number": 5,
                                                                    "Actual Startup Time": 255.97,
                                                                    "Actual Total Time": 255.971,
                                                                    "Actual Rows": 413541,
                                                                    "Actual Loops": 1
                                                                }
                                                            ],
                                                            "Plans": [
                                                                {
                                                                    "Node Type": "Seq Scan",
                                                                    "Parent Relationship": "Outer",
                                                                    "Parallel Aware": true,
                                                                    "Relation Name": "title",
                                                                    "Schema": "public",
                                                                    "Alias": "t",
                                                                    "Startup Cost": 0.0,
                                                                    "Total Cost": 42318.81,
                                                                    "Plan Rows": 632080,
                                                                    "Plan Width": 4,
                                                                    "Actual Startup Time": 0.049,
                                                                    "Actual Total Time": 73.826,
                                                                    "Actual Rows": 361187,
                                                                    "Actual Loops": 7,
                                                                    "Output": [
                                                                        "t.id"
                                                                    ],
                                                                    "Workers": [
                                                                        {
                                                                            "Worker Number": 0,
                                                                            "Actual Startup Time": 0.054,
                                                                            "Actual Total Time": 79.147,
                                                                            "Actual Rows": 264246,
                                                                            "Actual Loops": 1
                                                                        },
                                                                        {
                                                                            "Worker Number": 1,
                                                                            "Actual Startup Time": 0.063,
                                                                            "Actual Total Time": 77.105,
                                                                            "Actual Rows": 290283,
                                                                            "Actual Loops": 1
                                                                        },
                                                                        {
                                                                            "Worker Number": 2,
                                                                            "Actual Startup Time": 0.046,
                                                                            "Actual Total Time": 76.398,
                                                                            "Actual Rows": 287739,
                                                                            "Actual Loops": 1
                                                                        },
                                                                        {
                                                                            "Worker Number": 3,
                                                                            "Actual Startup Time": 0.053,
                                                                            "Actual Total Time": 78.494,
                                                                            "Actual Rows": 302652,
                                                                            "Actual Loops": 1
                                                                        },
                                                                        {
                                                                            "Worker Number": 4,
                                                                            "Actual Startup Time": 0.057,
                                                                            "Actual Total Time": 73.647,
                                                                            "Actual Rows": 416360,
                                                                            "Actual Loops": 1
                                                                        },
                                                                        {
                                                                            "Worker Number": 5,
                                                                            "Actual Startup Time": 0.055,
                                                                            "Actual Total Time": 72.657,
                                                                            "Actual Rows": 413541,
                                                                            "Actual Loops": 1
                                                                        }
                                                                    ]
                                                                }
                                                            ]
                                                        }
                                                    ]
                                                }
                                            ]
                                        }
                                    ]
                                }
                            ]
                        }
                    ]
                }
            ]
        },
        "Planning Time": 185.223,
        "Triggers": [],
        "Execution Time": 3947.846
    }
]