[
  {
    "Plan": {
      "Node Type": "Aggregate",
      "Strategy": "Plain",
      "Partial Mode": "Finalize",
      "Parallel Aware": false,
      "Startup Cost": 394153.55,
      "Total Cost": 394153.56,
      "Plan Rows": 1,
      "Plan Width": 8,
      "Actual Startup Time": 3125.918,
      "Actual Total Time": 3193.439,
      "Actual Rows": 1,
      "Actual Loops": 1,
      "Plans": [
        {
          "Node Type": "Gather",
          "Parent Relationship": "Outer",
          "Parallel Aware": false,
          "Startup Cost": 394152.93,
          "Total Cost": 394153.54,
          "Plan Rows": 6,
          "Plan Width": 8,
          "Actual Startup Time": 3119.019,
          "Actual Total Time": 3193.428,
          "Actual Rows": 7,
          "Actual Loops": 1,
          "Workers Planned": 6,
          "Workers Launched": 6,
          "Single Copy": false,
          "Plans": [
            {
              "Node Type": "Aggregate",
              "Strategy": "Plain",
              "Partial Mode": "Partial",
              "Parent Relationship": "Outer",
              "Parallel Aware": false,
              "Startup Cost": 393152.93,
              "Total Cost": 393152.94,
              "Plan Rows": 1,
              "Plan Width": 8,
              "Actual Startup Time": 3097.59,
              "Actual Total Time": 3097.593,
              "Actual Rows": 1,
              "Actual Loops": 7,
              "Plans": [
                {
                  "Node Type": "Hash Join",
                  "Parent Relationship": "Outer",
                  "Parallel Aware": true,
                  "Join Type": "Inner",
                  "Startup Cost": 50886.35,
                  "Total Cost": 379803.15,
                  "Plan Rows": 5339910,
                  "Plan Width": 0,
                  "Actual Startup Time": 231.005,
                  "Actual Total Time": 2888.617,
                  "Actual Rows": 4791143,
                  "Actual Loops": 7,
                  "Inner Unique": true,
                  "Hash Cond": "(ci.movie_id = t.id)",
                  "Plans": [
                    {
                      "Node Type": "Seq Scan",
                      "Parent Relationship": "Outer",
                      "Parallel Aware": true,
                      "Relation Name": "cast_info",
                      "Alias": "ci",
                      "Startup Cost": 0.0,
                      "Total Cost": 313067.02,
                      "Plan Rows": 6038002,
                      "Plan Width": 4,
                      "Actual Startup Time": 0.023,
                      "Actual Total Time": 515.97,
                      "Actual Rows": 5177763,
                      "Actual Loops": 7
                    },
                    {
                      "Node Type": "Hash",
                      "Parent Relationship": "Inner",
                      "Parallel Aware": true,
                      "Startup Cost": 43898.92,
                      "Total Cost": 43898.92,
                      "Plan Rows": 558995,
                      "Plan Width": 4,
                      "Actual Startup Time": 224.065,
                      "Actual Total Time": 224.066,
                      "Actual Rows": 317905,
                      "Actual Loops": 7,
                      "Hash Buckets": 4194304,
                      "Original Hash Buckets": 4194304,
                      "Hash Batches": 1,
                      "Original Hash Batches": 1,
                      "Peak Memory Usage": 119936,
                      "Plans": [
                        {
                          "Node Type": "Seq Scan",
                          "Parent Relationship": "Outer",
                          "Parallel Aware": true,
                          "Relation Name": "title",
                          "Alias": "t",
                          "Startup Cost": 0.0,
                          "Total Cost": 43898.92,
                          "Plan Rows": 558995,
                          "Plan Width": 4,
                          "Actual Startup Time": 0.039,
                          "Actual Total Time": 75.914,
                          "Actual Rows": 317905,
                          "Actual Loops": 7,
                          "Filter": "(production_year > 1958)",
                          "Rows Removed by Filter": 43282
                        }
                      ]
                    }
                  ]
                }
              ]
            }
          ]
        }
      ]
    },
    "Planning Time": 0.499,
    "Triggers": [],
    "Execution Time": 3193.517
  }
]