{
  "Plan": {
    "Node Type": "Aggregate",
    "Strategy": "Plain",
    "Partial Mode": "Finalize",
    "Parallel Aware": false,
    "Startup Cost": 85337.85,
    "Total Cost": 85337.86,
    "Plan Rows": 1,
    "Plan Width": 8,
    "Actual Startup Time": 309.668,
    "Actual Total Time": 324.755,
    "Actual Rows": 1,
    "Actual Loops": 1,
    "Plans": [
      {
        "Node Type": "Gather",
        "Parent Relationship": "Outer",
        "Parallel Aware": false,
        "Startup Cost": 85337.74,
        "Total Cost": 85337.85,
        "Plan Rows": 1,
        "Plan Width": 8,
        "Actual Startup Time": 309.09,
        "Actual Total Time": 324.749,
        "Actual Rows": 2,
        "Actual Loops": 1,
        "Workers Planned": 1,
        "Workers Launched": 1,
        "Single Copy": false,
        "Plans": [
          {
            "Node Type": "Aggregate",
            "Strategy": "Plain",
            "Partial Mode": "Partial",
            "Parent Relationship": "Outer",
            "Parallel Aware": false,
            "Startup Cost": 84337.74,
            "Total Cost": 84337.75,
            "Plan Rows": 1,
            "Plan Width": 8,
            "Actual Startup Time": 303.055,
            "Actual Total Time": 303.059,
            "Actual Rows": 1,
            "Actual Loops": 2,
            "Plans": [
              {
                "Node Type": "Hash Join",
                "Parent Relationship": "Outer",
                "Parallel Aware": true,
                "Join Type": "Inner",
                "Startup Cost": 25614.25,
                "Total Cost": 84226.14,
                "Plan Rows": 44640,
                "Plan Width": 0,
                "Actual Startup Time": 88.286,
                "Actual Total Time": 302.003,
                "Actual Rows": 18692,
                "Actual Loops": 2,
                "Inner Unique": false,
                "Hash Cond": "(t.id = mc.movie_id)",
                "Plans": [
                  {
                    "Node Type": "Seq Scan",
                    "Parent Relationship": "Outer",
                    "Parallel Aware": true,
                    "Relation Name": "title",
                    "Alias": "t",
                    "Startup Cost": 0.0,
                    "Total Cost": 54588.39,
                    "Plan Rows": 601746,
                    "Plan Width": 4,
                    "Actual Startup Time": 0.012,
                    "Actual Total Time": 137.713,
                    "Actual Rows": 506460,
                    "Actual Loops": 2,
                    "Filter": "(production_year > 2005)",
                    "Rows Removed by Filter": 757696
                  },
                  {
                    "Node Type": "Hash",
                    "Parent Relationship": "Inner",
                    "Parallel Aware": true,
                    "Startup Cost": 24235.14,
                    "Total Cost": 24235.14,
                    "Plan Rows": 110329,
                    "Plan Width": 4,
                    "Actual Startup Time": 84.88,
                    "Actual Total Time": 84.881,
                    "Actual Rows": 93022,
                    "Actual Loops": 2,
                    "Hash Buckets": 262144,
                    "Original Hash Buckets": 262144,
                    "Hash Batches": 1,
                    "Original Hash Batches": 1,
                    "Peak Memory Usage": 9376,
                    "Plans": [
                      {
                        "Node Type": "Bitmap Heap Scan",
                        "Parent Relationship": "Outer",
                        "Parallel Aware": true,
                        "Relation Name": "movie_companies",
                        "Alias": "mc",
                        "Startup Cost": 4066.02,
                        "Total Cost": 24235.14,
                        "Plan Rows": 110329,
                        "Plan Width": 4,
                        "Actual Startup Time": 22.695,
                        "Actual Total Time": 64.004,
                        "Actual Rows": 93022,
                        "Actual Loops": 2,
                        "Recheck Cond": "(company_id < 49)",
                        "Rows Removed by Index Recheck": 0,
                        "Exact Heap Blocks": 10391,
                        "Lossy Heap Blocks": 0,
                        "Plans": [
                          {
                            "Node Type": "Bitmap Index Scan",
                            "Parent Relationship": "Outer",
                            "Parallel Aware": false,
                            "Index Name": "company_id_movie_companies",
                            "Startup Cost": 0.0,
                            "Total Cost": 4019.13,
                            "Plan Rows": 187560,
                            "Plan Width": 0,
                            "Actual Startup Time": 20.799,
                            "Actual Total Time": 20.799,
                            "Actual Rows": 186044,
                            "Actual Loops": 1,
                            "Index Cond": "(company_id < 49)"
                          }
                        ]
                      }
                    ]
                  }
                ]
              }
            ]
          }
        ]
      }
    ]
  },
  "Planning Time": 0.527,
  "Triggers": [],
  "Execution Time": 324.847
}