[
  {
    "Plan": {
      "Node Type": "Aggregate",
      "Strategy": "Plain",
      "Partial Mode": "Finalize",
      "Parallel Aware": false,
      "Startup Cost": 90935.8,
      "Total Cost": 90935.81,
      "Plan Rows": 1,
      "Plan Width": 8,
      "Actual Startup Time": 293.385,
      "Actual Total Time": 317.132,
      "Actual Rows": 1,
      "Actual Loops": 1,
      "Plans": [
        {
          "Node Type": "Gather",
          "Parent Relationship": "Outer",
          "Parallel Aware": false,
          "Startup Cost": 90935.49,
          "Total Cost": 90935.8,
          "Plan Rows": 3,
          "Plan Width": 8,
          "Actual Startup Time": 291.622,
          "Actual Total Time": 317.122,
          "Actual Rows": 4,
          "Actual Loops": 1,
          "Workers Planned": 3,
          "Workers Launched": 3,
          "Single Copy": false,
          "Plans": [
            {
              "Node Type": "Aggregate",
              "Strategy": "Plain",
              "Partial Mode": "Partial",
              "Parent Relationship": "Outer",
              "Parallel Aware": false,
              "Startup Cost": 89935.49,
              "Total Cost": 89935.5,
              "Plan Rows": 1,
              "Plan Width": 8,
              "Actual Startup Time": 282.962,
              "Actual Total Time": 282.966,
              "Actual Rows": 1,
              "Actual Loops": 4,
              "Plans": [
                {
                  "Node Type": "Hash Join",
                  "Parent Relationship": "Outer",
                  "Parallel Aware": true,
                  "Join Type": "Inner",
                  "Startup Cost": 46505.27,
                  "Total Cost": 89854.63,
                  "Plan Rows": 32344,
                  "Plan Width": 0,
                  "Actual Startup Time": 144.435,
                  "Actual Total Time": 282.711,
                  "Actual Rows": 4054,
                  "Actual Loops": 4,
                  "Inner Unique": true,
                  "Hash Cond": "(mk.movie_id = t.id)",
                  "Plans": [
                    {
                      "Node Type": "Seq Scan",
                      "Parent Relationship": "Outer",
                      "Parallel Aware": true,
                      "Relation Name": "movie_keyword",
                      "Alias": "mk",
                      "Startup Cost": 0.0,
                      "Total Cost": 42695.65,
                      "Plan Rows": 249028,
                      "Plan Width": 4,
                      "Actual Startup Time": 0.033,
                      "Actual Total Time": 102.448,
                      "Actual Rows": 196117,
                      "Actual Loops": 4,
                      "Filter": "(keyword_id < 750)",
                      "Rows Removed by Filter": 934866
                    },
                    {
                      "Node Type": "Hash",
                      "Parent Relationship": "Inner",
                      "Parallel Aware": true,
                      "Startup Cost": 45479.1,
                      "Total Cost": 45479.1,
                      "Plan Rows": 82094,
                      "Plan Width": 4,
                      "Actual Startup Time": 140.881,
                      "Actual Total Time": 140.881,
                      "Actual Rows": 87729,
                      "Actual Loops": 4,
                      "Hash Buckets": 524288,
                      "Original Hash Buckets": 524288,
                      "Hash Batches": 1,
                      "Original Hash Batches": 1,
                      "Peak Memory Usage": 17920,
                      "Plans": [
                        {
                          "Node Type": "Seq Scan",
                          "Parent Relationship": "Outer",
                          "Parallel Aware": true,
                          "Relation Name": "title",
                          "Alias": "t",
                          "Startup Cost": 0.0,
                          "Total Cost": 45479.1,
                          "Plan Rows": 82094,
                          "Plan Width": 4,
                          "Actual Startup Time": 0.042,
                          "Actual Total Time": 106.927,
                          "Actual Rows": 87729,
                          "Actual Loops": 4,
                          "Filter": "((kind_id > 4) AND (production_year > 2009))",
                          "Rows Removed by Filter": 544349
                        }
                      ]
                    }
                  ]
                }
              ]
            }
          ]
        }
      ]
    },
    "Planning Time": 0.673,
    "Triggers": [],
    "Execution Time": 317.202
  }
]