{
  "Plan": {
    "Node Type": "Aggregate",
    "Strategy": "Plain",
    "Partial Mode": "Finalize",
    "Parallel Aware": false,
    "Startup Cost": 409614.35,
    "Total Cost": 409614.36,
    "Plan Rows": 1,
    "Plan Width": 8,
    "Actual Startup Time": 4033.134,
    "Actual Total Time": 4074.879,
    "Actual Rows": 1,
    "Actual Loops": 1,
    "Plans": [
      {
        "Node Type": "Gather",
        "Parent Relationship": "Outer",
        "Parallel Aware": false,
        "Startup Cost": 409614.24,
        "Total Cost": 409614.35,
        "Plan Rows": 1,
        "Plan Width": 8,
        "Actual Startup Time": 4026.708,
        "Actual Total Time": 4074.869,
        "Actual Rows": 2,
        "Actual Loops": 1,
        "Workers Planned": 1,
        "Workers Launched": 1,
        "Single Copy": false,
        "Plans": [
          {
            "Node Type": "Aggregate",
            "Strategy": "Plain",
            "Partial Mode": "Partial",
            "Parent Relationship": "Outer",
            "Parallel Aware": false,
            "Startup Cost": 408614.24,
            "Total Cost": 408614.25,
            "Plan Rows": 1,
            "Plan Width": 8,
            "Actual Startup Time": 4021.79,
            "Actual Total Time": 4022.938,
            "Actual Rows": 1,
            "Actual Loops": 2,
            "Plans": [
              {
                "Node Type": "Hash Join",
                "Parent Relationship": "Outer",
                "Parallel Aware": true,
                "Join Type": "Inner",
                "Startup Cost": 336497.97,
                "Total Cost": 407398.81,
                "Plan Rows": 486171,
                "Plan Width": 0,
                "Actual Startup Time": 2534.093,
                "Actual Total Time": 3604.081,
                "Actual Rows": 10672922,
                "Actual Loops": 2,
                "Inner Unique": false,
                "Hash Cond": "(mk.movie_id = t.id)",
                "Plans": [
                  {
                    "Node Type": "Seq Scan",
                    "Parent Relationship": "Outer",
                    "Parallel Aware": true,
                    "Relation Name": "movie_keyword",
                    "Alias": "mk",
                    "Startup Cost": 0.0,
                    "Total Cost": 57718.19,
                    "Plan Rows": 1651651,
                    "Plan Width": 4,
                    "Actual Startup Time": 0.259,
                    "Actual Total Time": 187.238,
                    "Actual Rows": 1398768,
                    "Actual Loops": 2,
                    "Filter": "(keyword_id > 2799)",
                    "Rows Removed by Filter": 863197
                  },
                  {
                    "Node Type": "Hash",
                    "Parent Relationship": "Inner",
                    "Parallel Aware": true,
                    "Startup Cost": 331025.81,
                    "Total Cost": 331025.81,
                    "Plan Rows": 437773,
                    "Plan Width": 8,
                    "Actual Startup Time": 2523.776,
                    "Actual Total Time": 2524.922,
                    "Actual Rows": 1359769,
                    "Actual Loops": 2,
                    "Hash Buckets": 4194304,
                    "Original Hash Buckets": 1048576,
                    "Hash Batches": 1,
                    "Original Hash Batches": 1,
                    "Peak Memory Usage": 163776,
                    "Plans": [
                      {
                        "Node Type": "Hash Join",
                        "Parent Relationship": "Outer",
                        "Parallel Aware": true,
                        "Join Type": "Inner",
                        "Startup Cost": 59242.32,
                        "Total Cost": 331025.81,
                        "Plan Rows": 437773,
                        "Plan Width": 8,
                        "Actual Startup Time": 188.328,
                        "Actual Total Time": 2068.141,
                        "Actual Rows": 1359769,
                        "Actual Loops": 2,
                        "Inner Unique": true,
                        "Hash Cond": "(mi.movie_id = t.id)",
                        "Plans": [
                          {
                            "Node Type": "Seq Scan",
                            "Parent Relationship": "Outer",
                            "Parallel Aware": true,
                            "Relation Name": "movie_info",
                            "Alias": "mi",
                            "Startup Cost": 0.0,
                            "Total Cost": 248955.74,
                            "Plan Rows": 8696274,
                            "Plan Width": 4,
                            "Actual Startup Time": 0.01,
                            "Actual Total Time": 669.448,
                            "Actual Rows": 7417860,
                            "Actual Loops": 2
                          },
                          {
                            "Node Type": "Hash",
                            "Parent Relationship": "Inner",
                            "Parallel Aware": true,
                            "Startup Cost": 58306.47,
                            "Total Cost": 58306.47,
                            "Plan Rows": 74868,
                            "Plan Width": 4,
                            "Actual Startup Time": 186.231,
                            "Actual Total Time": 186.232,
                            "Actual Rows": 116846,
                            "Actual Loops": 2,
                            "Hash Buckets": 262144,
                            "Original Hash Buckets": 131072,
                            "Hash Batches": 1,
                            "Original Hash Batches": 1,
                            "Peak Memory Usage": 12256,
                            "Plans": [
                              {
                                "Node Type": "Seq Scan",
                                "Parent Relationship": "Outer",
                                "Parallel Aware": true,
                                "Relation Name": "title",
                                "Alias": "t",
                                "Startup Cost": 0.0,
                                "Total Cost": 58306.47,
                                "Plan Rows": 74868,
                                "Plan Width": 4,
                                "Actual Startup Time": 0.18,
                                "Actual Total Time": 153.436,
                                "Actual Rows": 116846,
                                "Actual Loops": 2,
                                "Filter": "((kind_id < 7) AND (production_year < 1968))",
                                "Rows Removed by Filter": 1147310
                              }
                            ]
                          }
                        ]
                      }
                    ]
                  }
                ]
              }
            ]
          }
        ]
      }
    ]
  },
  "Planning Time": 1.012,
  "Triggers": [],
  "Execution Time": 4074.964
}