[
  {
    "Plan": {
      "Node Type": "Aggregate",
      "Strategy": "Plain",
      "Partial Mode": "Finalize",
      "Parallel Aware": false,
      "Startup Cost": 505715.43,
      "Total Cost": 505715.44,
      "Plan Rows": 1,
      "Plan Width": 8,
      "Actual Startup Time": 6531.045,
      "Actual Total Time": 6604.219,
      "Actual Rows": 1,
      "Actual Loops": 1,
      "Plans": [
        {
          "Node Type": "Gather",
          "Parent Relationship": "Outer",
          "Parallel Aware": false,
          "Startup Cost": 505714.81,
          "Total Cost": 505715.42,
          "Plan Rows": 6,
          "Plan Width": 8,
          "Actual Startup Time": 6480.986,
          "Actual Total Time": 6604.202,
          "Actual Rows": 7,
          "Actual Loops": 1,
          "Workers Planned": 6,
          "Workers Launched": 6,
          "Single Copy": false,
          "Plans": [
            {
              "Node Type": "Aggregate",
              "Strategy": "Plain",
              "Partial Mode": "Partial",
              "Parent Relationship": "Outer",
              "Parallel Aware": false,
              "Startup Cost": 504714.81,
              "Total Cost": 504714.82,
              "Plan Rows": 1,
              "Plan Width": 8,
              "Actual Startup Time": 6465.763,
              "Actual Total Time": 6467.806,
              "Actual Rows": 1,
              "Actual Loops": 7,
              "Plans": [
                {
                  "Node Type": "Hash Join",
                  "Parent Relationship": "Outer",
                  "Parallel Aware": true,
                  "Join Type": "Inner",
                  "Startup Cost": 113859.82,
                  "Total Cost": 480660.92,
                  "Plan Rows": 9621554,
                  "Plan Width": 0,
                  "Actual Startup Time": 815.878,
                  "Actual Total Time": 5148.989,
                  "Actual Rows": 29546251,
                  "Actual Loops": 7,
                  "Inner Unique": false,
                  "Hash Cond": "(ci.movie_id = t.id)",
                  "Plans": [
                    {
                      "Node Type": "Seq Scan",
                      "Parent Relationship": "Outer",
                      "Parallel Aware": true,
                      "Relation Name": "cast_info",
                      "Alias": "ci",
                      "Startup Cost": 0.0,
                      "Total Cost": 313106.51,
                      "Plan Rows": 6041951,
                      "Plan Width": 4,
                      "Actual Startup Time": 0.045,
                      "Actual Total Time": 549.731,
                      "Actual Rows": 5177763,
                      "Actual Loops": 7
                    },
                    {
                      "Node Type": "Hash",
                      "Parent Relationship": "Inner",
                      "Parallel Aware": true,
                      "Startup Cost": 97624.31,
                      "Total Cost": 97624.31,
                      "Plan Rows": 1298841,
                      "Plan Width": 8,
                      "Actual Startup Time": 810.406,
                      "Actual Total Time": 812.447,
                      "Actual Rows": 605644,
                      "Actual Loops": 7,
                      "Hash Buckets": 8388608,
                      "Original Hash Buckets": 4194304,
                      "Hash Batches": 1,
                      "Original Hash Batches": 1,
                      "Peak Memory Usage": 264256,
                      "Plans": [
                        {
                          "Node Type": "Hash Join",
                          "Parent Relationship": "Outer",
                          "Parallel Aware": true,
                          "Join Type": "Inner",
                          "Startup Cost": 51277.38,
                          "Total Cost": 97624.31,
                          "Plan Rows": 1298841,
                          "Plan Width": 8,
                          "Actual Startup Time": 261.579,
                          "Actual Total Time": 467.291,
                          "Actual Rows": 605644,
                          "Actual Loops": 7,
                          "Inner Unique": true,
                          "Hash Cond": "(mk.movie_id = t.id)",
                          "Plans": [
                            {
                              "Node Type": "Seq Scan",
                              "Parent Relationship": "Outer",
                              "Parallel Aware": true,
                              "Relation Name": "movie_keyword",
                              "Alias": "mk",
                              "Startup Cost": 0.0,
                              "Total Cost": 42695.65,
                              "Plan Rows": 1390956,
                              "Plan Width": 4,
                              "Actual Startup Time": 0.036,
                              "Actual Total Time": 83.596,
                              "Actual Rows": 615987,
                              "Actual Loops": 7,
                              "Filter": "(keyword_id > 140)",
                              "Rows Removed by Filter": 30288
                            },
                            {
                              "Node Type": "Hash",
                              "Parent Relationship": "Inner",
                              "Parallel Aware": true,
                              "Startup Cost": 43899.32,
                              "Total Cost": 43899.32,
                              "Plan Rows": 590245,
                              "Plan Width": 4,
                              "Actual Startup Time": 257.768,
                              "Actual Total Time": 257.77,
                              "Actual Rows": 336806,
                              "Actual Loops": 7,
                              "Hash Buckets": 4194304,
                              "Original Hash Buckets": 4194304,
                              "Hash Batches": 1,
                              "Original Hash Batches": 1,
                              "Peak Memory Usage": 125088,
                              "Plans": [
                                {
                                  "Node Type": "Seq Scan",
                                  "Parent Relationship": "Outer",
                                  "Parallel Aware": true,
                                  "Relation Name": "title",
                                  "Alias": "t",
                                  "Startup Cost": 0.0,
                                  "Total Cost": 43899.32,
                                  "Plan Rows": 590245,
                                  "Plan Width": 4,
                                  "Actual Startup Time": 0.06,
                                  "Actual Total Time": 82.73,
                                  "Actual Rows": 336806,
                                  "Actual Loops": 7,
                                  "Filter": "(production_year > 1923)",
                                  "Rows Removed by Filter": 24382
                                }
                              ]
                            }
                          ]
                        }
                      ]
                    }
                  ]
                }
              ]
            }
          ]
        }
      ]
    },
    "Planning Time": 0.514,
    "Triggers": [],
    "Execution Time": 6604.272
  }
]