[
  {
    "Plan": {
      "Node Type": "Aggregate",
      "Strategy": "Plain",
      "Partial Mode": "Finalize",
      "Parallel Aware": false,
      "Startup Cost": 505826.97,
      "Total Cost": 505826.98,
      "Plan Rows": 1,
      "Plan Width": 8,
      "Actual Startup Time": 6568.478,
      "Actual Total Time": 6628.199,
      "Actual Rows": 1,
      "Actual Loops": 1,
      "Plans": [
        {
          "Node Type": "Gather",
          "Parent Relationship": "Outer",
          "Parallel Aware": false,
          "Startup Cost": 505826.34,
          "Total Cost": 505826.95,
          "Plan Rows": 6,
          "Plan Width": 8,
          "Actual Startup Time": 6547.475,
          "Actual Total Time": 6628.186,
          "Actual Rows": 7,
          "Actual Loops": 1,
          "Workers Planned": 6,
          "Workers Launched": 6,
          "Single Copy": false,
          "Plans": [
            {
              "Node Type": "Aggregate",
              "Strategy": "Plain",
              "Partial Mode": "Partial",
              "Parent Relationship": "Outer",
              "Parallel Aware": false,
              "Startup Cost": 504826.34,
              "Total Cost": 504826.35,
              "Plan Rows": 1,
              "Plan Width": 8,
              "Actual Startup Time": 6524.219,
              "Actual Total Time": 6525.109,
              "Actual Rows": 1,
              "Actual Loops": 7,
              "Plans": [
                {
                  "Node Type": "Hash Join",
                  "Parent Relationship": "Outer",
                  "Parallel Aware": true,
                  "Join Type": "Inner",
                  "Startup Cost": 113912.1,
                  "Total Cost": 480722.87,
                  "Plan Rows": 9641388,
                  "Plan Width": 0,
                  "Actual Startup Time": 818.344,
                  "Actual Total Time": 5260.131,
                  "Actual Rows": 29546251,
                  "Actual Loops": 7,
                  "Inner Unique": false,
                  "Hash Cond": "(ci.movie_id = t.id)",
                  "Plans": [
                    {
                      "Node Type": "Seq Scan",
                      "Parent Relationship": "Outer",
                      "Parallel Aware": true,
                      "Relation Name": "cast_info",
                      "Alias": "ci",
                      "Startup Cost": 0.0,
                      "Total Cost": 313067.02,
                      "Plan Rows": 6038002,
                      "Plan Width": 4,
                      "Actual Startup Time": 0.019,
                      "Actual Total Time": 549.374,
                      "Actual Rows": 5177763,
                      "Actual Loops": 7
                    },
                    {
                      "Node Type": "Hash",
                      "Parent Relationship": "Inner",
                      "Parallel Aware": true,
                      "Startup Cost": 97633.31,
                      "Total Cost": 97633.31,
                      "Plan Rows": 1302303,
                      "Plan Width": 8,
                      "Actual Startup Time": 811.12,
                      "Actual Total Time": 812.008,
                      "Actual Rows": 605644,
                      "Actual Loops": 7,
                      "Hash Buckets": 8388608,
                      "Original Hash Buckets": 4194304,
                      "Hash Batches": 1,
                      "Original Hash Batches": 1,
                      "Peak Memory Usage": 264224,
                      "Plans": [
                        {
                          "Node Type": "Hash Join",
                          "Parent Relationship": "Outer",
                          "Parallel Aware": true,
                          "Join Type": "Inner",
                          "Startup Cost": 51276.72,
                          "Total Cost": 97633.31,
                          "Plan Rows": 1302303,
                          "Plan Width": 8,
                          "Actual Startup Time": 274.019,
                          "Actual Total Time": 494.569,
                          "Actual Rows": 605644,
                          "Actual Loops": 7,
                          "Inner Unique": true,
                          "Hash Cond": "(mk.movie_id = t.id)",
                          "Plans": [
                            {
                              "Node Type": "Seq Scan",
                              "Parent Relationship": "Outer",
                              "Parallel Aware": true,
                              "Relation Name": "movie_keyword",
                              "Alias": "mk",
                              "Startup Cost": 0.0,
                              "Total Cost": 42695.65,
                              "Plan Rows": 1394640,
                              "Plan Width": 4,
                              "Actual Startup Time": 0.034,
                              "Actual Total Time": 89.189,
                              "Actual Rows": 615987,
                              "Actual Loops": 7,
                              "Filter": "(keyword_id > 140)",
                              "Rows Removed by Filter": 30288
                            },
                            {
                              "Node Type": "Hash",
                              "Parent Relationship": "Inner",
                              "Parallel Aware": true,
                              "Startup Cost": 43898.92,
                              "Total Cost": 43898.92,
                              "Plan Rows": 590224,
                              "Plan Width": 4,
                              "Actual Startup Time": 269.949,
                              "Actual Total Time": 269.951,
                              "Actual Rows": 336806,
                              "Actual Loops": 7,
                              "Hash Buckets": 4194304,
                              "Original Hash Buckets": 4194304,
                              "Hash Batches": 1,
                              "Original Hash Batches": 1,
                              "Peak Memory Usage": 125088,
                              "Plans": [
                                {
                                  "Node Type": "Seq Scan",
                                  "Parent Relationship": "Outer",
                                  "Parallel Aware": true,
                                  "Relation Name": "title",
                                  "Alias": "t",
                                  "Startup Cost": 0.0,
                                  "Total Cost": 43898.92,
                                  "Plan Rows": 590224,
                                  "Plan Width": 4,
                                  "Actual Startup Time": 0.052,
                                  "Actual Total Time": 87.873,
                                  "Actual Rows": 336806,
                                  "Actual Loops": 7,
                                  "Filter": "(production_year > 1923)",
                                  "Rows Removed by Filter": 24382
                                }
                              ]
                            }
                          ]
                        }
                      ]
                    }
                  ]
                }
              ]
            }
          ]
        }
      ]
    },
    "Planning Time": 1.391,
    "Triggers": [],
    "Execution Time": 6628.294
  }
]