{
    "Plan": {
        "Node Type": "Aggregate",
        "Strategy": "Plain",
        "Partial Mode": "Finalize",
        "Parallel Aware": false,
        "Startup Cost": 603132.11,
        "Total Cost": 603132.12,
        "Plan Rows": 1,
        "Plan Width": 8,
        "Actual Startup Time": 1550.171,
        "Actual Total Time": 1626.163,
        "Actual Rows": 1,
        "Actual Loops": 1,
        "Output": [
            "count(*)"
        ],
        "Plans": [
            {
                "Node Type": "Gather",
                "Parent Relationship": "Outer",
                "Parallel Aware": false,
                "Startup Cost": 603131.48,
                "Total Cost": 603132.09,
                "Plan Rows": 6,
                "Plan Width": 8,
                "Actual Startup Time": 1542.752,
                "Actual Total Time": 1626.133,
                "Actual Rows": 7,
                "Actual Loops": 1,
                "Output": [
                    "(PARTIAL count(*))"
                ],
                "Workers Planned": 6,
                "Workers Launched": 6,
                "Single Copy": false,
                "Plans": [
                    {
                        "Node Type": "Aggregate",
                        "Strategy": "Plain",
                        "Partial Mode": "Partial",
                        "Parent Relationship": "Outer",
                        "Parallel Aware": false,
                        "Startup Cost": 602131.48,
                        "Total Cost": 602131.49,
                        "Plan Rows": 1,
                        "Plan Width": 8,
                        "Actual Startup Time": 1527.618,
                        "Actual Total Time": 1527.661,
                        "Actual Rows": 1,
                        "Actual Loops": 7,
                        "Output": [
                            "PARTIAL count(*)"
                        ],
                        "Workers": [
                            {
                                "Worker Number": 0,
                                "Actual Startup Time": 1525.243,
                                "Actual Total Time": 1525.25,
                                "Actual Rows": 1,
                                "Actual Loops": 1
                            },
                            {
                                "Worker Number": 1,
                                "Actual Startup Time": 1525.803,
                                "Actual Total Time": 1525.808,
                                "Actual Rows": 1,
                                "Actual Loops": 1
                            },
                            {
                                "Worker Number": 2,
                                "Actual Startup Time": 1525.228,
                                "Actual Total Time": 1525.235,
                                "Actual Rows": 1,
                                "Actual Loops": 1
                            },
                            {
                                "Worker Number": 3,
                                "Actual Startup Time": 1525.013,
                                "Actual Total Time": 1525.019,
                                "Actual Rows": 1,
                                "Actual Loops": 1
                            },
                            {
                                "Worker Number": 4,
                                "Actual Startup Time": 1525.319,
                                "Actual Total Time": 1525.323,
                                "Actual Rows": 1,
                                "Actual Loops": 1
                            },
                            {
                                "Worker Number": 5,
                                "Actual Startup Time": 1525.015,
                                "Actual Total Time": 1525.022,
                                "Actual Rows": 1,
                                "Actual Loops": 1
                            }
                        ],
                        "Plans": [
                            {
                                "Node Type": "Hash Join",
                                "Parent Relationship": "Outer",
                                "Parallel Aware": true,
                                "Join Type": "Inner",
                                "Startup Cost": 248393.36,
                                "Total Cost": 600022.96,
                                "Plan Rows": 843408,
                                "Plan Width": 0,
                                "Actual Startup Time": 886.061,
                                "Actual Total Time": 1519.718,
                                "Actual Rows": 170850,
                                "Actual Loops": 7,
                                "Inner Unique": false,
                                "Hash Cond": "(ci.movie_id = t.id)",
                                "Workers": [
                                    {
                                        "Worker Number": 0,
                                        "Actual Startup Time": 883.731,
                                        "Actual Total Time": 1516.908,
                                        "Actual Rows": 127217,
                                        "Actual Loops": 1
                                    },
                                    {
                                        "Worker Number": 1,
                                        "Actual Startup Time": 883.985,
                                        "Actual Total Time": 1518.223,
                                        "Actual Rows": 188025,
                                        "Actual Loops": 1
                                    },
                                    {
                                        "Worker Number": 2,
                                        "Actual Startup Time": 883.726,
                                        "Actual Total Time": 1516.473,
                                        "Actual Rows": 134152,
                                        "Actual Loops": 1
                                    },
                                    {
                                        "Worker Number": 3,
                                        "Actual Startup Time": 883.789,
                                        "Actual Total Time": 1517.388,
                                        "Actual Rows": 182162,
                                        "Actual Loops": 1
                                    },
                                    {
                                        "Worker Number": 4,
                                        "Actual Startup Time": 884.189,
                                        "Actual Total Time": 1517.887,
                                        "Actual Rows": 184798,
                                        "Actual Loops": 1
                                    },
                                    {
                                        "Worker Number": 5,
                                        "Actual Startup Time": 883.005,
                                        "Actual Total Time": 1517.454,
                                        "Actual Rows": 182374,
                                        "Actual Loops": 1
                                    }
                                ],
                                "Plans": [
                                    {
                                        "Node Type": "Seq Scan",
                                        "Parent Relationship": "Outer",
                                        "Parallel Aware": true,
                                        "Relation Name": "cast_info",
                                        "Schema": "public",
                                        "Alias": "ci",
                                        "Startup Cost": 0.0,
                                        "Total Cost": 343318.94,
                                        "Plan Rows": 1766361,
                                        "Plan Width": 4,
                                        "Actual Startup Time": 204.995,
                                        "Actual Total Time": 626.252,
                                        "Actual Rows": 1105326,
                                        "Actual Loops": 7,
                                        "Output": [
                                            "ci.id",
                                            "ci.person_id",
                                            "ci.movie_id",
                                            "ci.person_role_id",
                                            "ci.note",
                                            "ci.nr_order",
                                            "ci.role_id"
                                        ],
                                        "Filter": "((ci.person_id > 1697339) AND (ci.role_id < 3))",
                                        "Rows Removed by Filter": 4072438,
                                        "Workers": [
                                            {
                                                "Worker Number": 0,
                                                "Actual Startup Time": 204.996,
                                                "Actual Total Time": 636.469,
                                                "Actual Rows": 835948,
                                                "Actual Loops": 1
                                            },
                                            {
                                                "Worker Number": 1,
                                                "Actual Startup Time": 204.986,
                                                "Actual Total Time": 623.703,
                                                "Actual Rows": 1230218,
                                                "Actual Loops": 1
                                            },
                                            {
                                                "Worker Number": 2,
                                                "Actual Startup Time": 204.979,
                                                "Actual Total Time": 634.237,
                                                "Actual Rows": 851438,
                                                "Actual Loops": 1
                                            },
                                            {
                                                "Worker Number": 3,
                                                "Actual Startup Time": 205.023,
                                                "Actual Total Time": 625.302,
                                                "Actual Rows": 1144904,
                                                "Actual Loops": 1
                                            },
                                            {
                                                "Worker Number": 4,
                                                "Actual Startup Time": 205.01,
                                                "Actual Total Time": 622.848,
                                                "Actual Rows": 1215940,
                                                "Actual Loops": 1
                                            },
                                            {
                                                "Worker Number": 5,
                                                "Actual Startup Time": 204.98,
                                                "Actual Total Time": 626.115,
                                                "Actual Rows": 1159161,
                                                "Actual Loops": 1
                                            }
                                        ]
                                    },
                                    {
                                        "Node Type": "Hash",
                                        "Parent Relationship": "Inner",
                                        "Parallel Aware": true,
                                        "Startup Cost": 245375.28,
                                        "Total Cost": 245375.28,
                                        "Plan Rows": 241446,
                                        "Plan Width": 8,
                                        "Actual Startup Time": 675.804,
                                        "Actual Total Time": 675.845,
                                        "Actual Rows": 80995,
                                        "Actual Loops": 7,
                                        "Output": [
                                            "t.id",
                                            "mi.movie_id"
                                        ],
                                        "Hash Buckets": 2097152,
                                        "Original Hash Buckets": 2097152,
                                        "Hash Batches": 1,
                                        "Original Hash Batches": 1,
                                        "Peak Memory Usage": 38656,
                                        "Workers": [
                                            {
                                                "Worker Number": 0,
                                                "Actual Startup Time": 677.582,
                                                "Actual Total Time": 677.586,
                                                "Actual Rows": 61957,
                                                "Actual Loops": 1
                                            },
                                            {
                                                "Worker Number": 1,
                                                "Actual Startup Time": 677.595,
                                                "Actual Total Time": 677.599,
                                                "Actual Rows": 92686,
                                                "Actual Loops": 1
                                            },
                                            {
                                                "Worker Number": 2,
                                                "Actual Startup Time": 677.593,
                                                "Actual Total Time": 677.598,
                                                "Actual Rows": 60434,
                                                "Actual Loops": 1
                                            },
                                            {
                                                "Worker Number": 3,
                                                "Actual Startup Time": 677.118,
                                                "Actual Total Time": 677.123,
                                                "Actual Rows": 80047,
                                                "Actual Loops": 1
                                            },
                                            {
                                                "Worker Number": 4,
                                                "Actual Startup Time": 677.635,
                                                "Actual Total Time": 677.638,
                                                "Actual Rows": 89378,
                                                "Actual Loops": 1
                                            },
                                            {
                                                "Worker Number": 5,
                                                "Actual Startup Time": 677.23,
                                                "Actual Total Time": 677.234,
                                                "Actual Rows": 84599,
                                                "Actual Loops": 1
                                            }
                                        ],
                                        "Plans": [
                                            {
                                                "Node Type": "Hash Join",
                                                "Parent Relationship": "Outer",
                                                "Parallel Aware": true,
                                                "Join Type": "Inner",
                                                "Startup Cost": 46125.66,
                                                "Total Cost": 245375.28,
                                                "Plan Rows": 241446,
                                                "Plan Width": 8,
                                                "Actual Startup Time": 84.482,
                                                "Actual Total Time": 632.204,
                                                "Actual Rows": 80995,
                                                "Actual Loops": 7,
                                                "Output": [
                                                    "t.id",
                                                    "mi.movie_id"
                                                ],
                                                "Inner Unique": true,
                                                "Hash Cond": "(mi.movie_id = t.id)",
                                                "Workers": [
                                                    {
                                                        "Worker Number": 0,
                                                        "Actual Startup Time": 84.595,
                                                        "Actual Total Time": 632.562,
                                                        "Actual Rows": 61957,
                                                        "Actual Loops": 1
                                                    },
                                                    {
                                                        "Worker Number": 1,
                                                        "Actual Startup Time": 84.345,
                                                        "Actual Total Time": 630.466,
                                                        "Actual Rows": 92686,
                                                        "Actual Loops": 1
                                                    },
                                                    {
                                                        "Worker Number": 2,
                                                        "Actual Startup Time": 84.469,
                                                        "Actual Total Time": 635.757,
                                                        "Actual Rows": 60434,
                                                        "Actual Loops": 1
                                                    },
                                                    {
                                                        "Worker Number": 3,
                                                        "Actual Startup Time": 84.296,
                                                        "Actual Total Time": 633.135,
                                                        "Actual Rows": 80047,
                                                        "Actual Loops": 1
                                                    },
                                                    {
                                                        "Worker Number": 4,
                                                        "Actual Startup Time": 84.602,
                                                        "Actual Total Time": 632.006,
                                                        "Actual Rows": 89378,
                                                        "Actual Loops": 1
                                                    },
                                                    {
                                                        "Worker Number": 5,
                                                        "Actual Startup Time": 84.507,
                                                        "Actual Total Time": 631.921,
                                                        "Actual Rows": 84599,
                                                        "Actual Loops": 1
                                                    }
                                                ],
                                                "Plans": [
                                                    {
                                                        "Node Type": "Seq Scan",
                                                        "Parent Relationship": "Outer",
                                                        "Parallel Aware": true,
                                                        "Relation Name": "movie_info",
                                                        "Schema": "public",
                                                        "Alias": "mi",
                                                        "Startup Cost": 0.0,
                                                        "Total Cost": 191503.19,
                                                        "Plan Rows": 2951019,
                                                        "Plan Width": 4,
                                                        "Actual Startup Time": 0.035,
                                                        "Actual Total Time": 287.066,
                                                        "Actual Rows": 2119389,
                                                        "Actual Loops": 7,
                                                        "Output": [
                                                            "mi.id",
                                                            "mi.movie_id",
                                                            "mi.info_type_id",
                                                            "mi.info",
                                                            "mi.note"
                                                        ],
                                                        "Workers": [
                                                            {
                                                                "Worker Number": 0,
                                                                "Actual Startup Time": 0.038,
                                                                "Actual Total Time": 287.639,
                                                                "Actual Rows": 1468080,
                                                                "Actual Loops": 1
                                                            },
                                                            {
                                                                "Worker Number": 1,
                                                                "Actual Startup Time": 0.033,
                                                                "Actual Total Time": 288.698,
                                                                "Actual Rows": 2336330,
                                                                "Actual Loops": 1
                                                            },
                                                            {
                                                                "Worker Number": 2,
                                                                "Actual Startup Time": 0.043,
                                                                "Actual Total Time": 289.684,
                                                                "Actual Rows": 1473499,
                                                                "Actual Loops": 1
                                                            },
                                                            {
                                                                "Worker Number": 3,
                                                                "Actual Startup Time": 0.042,
                                                                "Actual Total Time": 296.881,
                                                                "Actual Rows": 2118714,
                                                                "Actual Loops": 1
                                                            },
                                                            {
                                                                "Worker Number": 4,
                                                                "Actual Startup Time": 0.039,
                                                                "Actual Total Time": 288.137,
                                                                "Actual Rows": 2314328,
                                                                "Actual Loops": 1
                                                            },
                                                            {
                                                                "Worker Number": 5,
                                                                "Actual Startup Time": 0.039,
                                                                "Actual Total Time": 297.143,
                                                                "Actual Rows": 2213725,
                                                                "Actual Loops": 1
                                                            }
                                                        ]
                                                    },
                                                    {
                                                        "Node Type": "Hash",
                                                        "Parent Relationship": "Inner",
                                                        "Parallel Aware": true,
                                                        "Startup Cost": 45479.21,
                                                        "Total Cost": 45479.21,
                                                        "Plan Rows": 51716,
                                                        "Plan Width": 4,
                                                        "Actual Startup Time": 83.124,
                                                        "Actual Total Time": 83.125,
                                                        "Actual Rows": 14879,
                                                        "Actual Loops": 7,
                                                        "Output": [
                                                            "t.id"
                                                        ],
                                                        "Hash Buckets": 262144,
                                                        "Original Hash Buckets": 262144,
                                                        "Hash Batches": 1,
                                                        "Original Hash Batches": 1,
                                                        "Peak Memory Usage": 6208,
                                                        "Workers": [
                                                            {
                                                                "Worker Number": 0,
                                                                "Actual Startup Time": 83.401,
                                                                "Actual Total Time": 83.402,
                                                                "Actual Rows": 10986,
                                                                "Actual Loops": 1
                                                            },
                                                            {
                                                                "Worker Number": 1,
                                                                "Actual Startup Time": 83.35,
                                                                "Actual Total Time": 83.351,
                                                                "Actual Rows": 13656,
                                                                "Actual Loops": 1
                                                            },
                                                            {
                                                                "Worker Number": 2,
                                                                "Actual Startup Time": 83.343,
                                                                "Actual Total Time": 83.345,
                                                                "Actual Rows": 11412,
                                                                "Actual Loops": 1
                                                            },
                                                            {
                                                                "Worker Number": 3,
                                                                "Actual Startup Time": 83.489,
                                                                "Actual Total Time": 83.491,
                                                                "Actual Rows": 12412,
                                                                "Actual Loops": 1
                                                            },
                                                            {
                                                                "Worker Number": 4,
                                                                "Actual Startup Time": 83.307,
                                                                "Actual Total Time": 83.307,
                                                                "Actual Rows": 13876,
                                                                "Actual Loops": 1
                                                            },
                                                            {
                                                                "Worker Number": 5,
                                                                "Actual Startup Time": 83.467,
                                                                "Actual Total Time": 83.468,
                                                                "Actual Rows": 12137,
                                                                "Actual Loops": 1
                                                            }
                                                        ],
                                                        "Plans": [
                                                            {
                                                                "Node Type": "Seq Scan",
                                                                "Parent Relationship": "Outer",
                                                                "Parallel Aware": true,
                                                                "Relation Name": "title",
                                                                "Schema": "public",
                                                                "Alias": "t",
                                                                "Startup Cost": 0.0,
                                                                "Total Cost": 45479.21,
                                                                "Plan Rows": 51716,
                                                                "Plan Width": 4,
                                                                "Actual Startup Time": 0.079,
                                                                "Actual Total Time": 73.069,
                                                                "Actual Rows": 14879,
                                                                "Actual Loops": 7,
                                                                "Output": [
                                                                    "t.id"
                                                                ],
                                                                "Filter": "((t.production_year < 1968) AND (t.kind_id = 7))",
                                                                "Rows Removed by Filter": 346308,
                                                                "Workers": [
                                                                    {
                                                                        "Worker Number": 0,
                                                                        "Actual Startup Time": 0.076,
                                                                        "Actual Total Time": 73.172,
                                                                        "Actual Rows": 10986,
                                                                        "Actual Loops": 1
                                                                    },
                                                                    {
                                                                        "Worker Number": 1,
                                                                        "Actual Startup Time": 0.078,
                                                                        "Actual Total Time": 72.843,
                                                                        "Actual Rows": 13656,
                                                                        "Actual Loops": 1
                                                                    },
                                                                    {
                                                                        "Worker Number": 2,
                                                                        "Actual Startup Time": 0.078,
                                                                        "Actual Total Time": 73.823,
                                                                        "Actual Rows": 11412,
                                                                        "Actual Loops": 1
                                                                    },
                                                                    {
                                                                        "Worker Number": 3,
                                                                        "Actual Startup Time": 0.139,
                                                                        "Actual Total Time": 73.382,
                                                                        "Actual Rows": 12412,
                                                                        "Actual Loops": 1
                                                                    },
                                                                    {
                                                                        "Worker Number": 4,
                                                                        "Actual Startup Time": 0.082,
                                                                        "Actual Total Time": 73.115,
                                                                        "Actual Rows": 13876,
                                                                        "Actual Loops": 1
                                                                    },
                                                                    {
                                                                        "Worker Number": 5,
                                                                        "Actual Startup Time": 0.084,
                                                                        "Actual Total Time": 72.564,
                                                                        "Actual Rows": 12137,
                                                                        "Actual Loops": 1
                                                                    }
                                                                ]
                                                            }
                                                        ]
                                                    }
                                                ]
                                            }
                                        ]
                                    }
                                ]
                            }
                        ]
                    }
                ]
            }
        ]
    },
    "Planning Time": 1.653,
    "Triggers": [],
    "Execution Time": 1626.279
}