[
  {
    "Plan": {
      "Node Type": "Aggregate",
      "Strategy": "Plain",
      "Partial Mode": "Finalize",
      "Parallel Aware": false,
      "Startup Cost": 44790.87,
      "Total Cost": 44790.88,
      "Plan Rows": 1,
      "Plan Width": 8,
      "Actual Startup Time": 149.25,
      "Actual Total Time": 156.877,
      "Actual Rows": 1,
      "Actual Loops": 1,
      "Plans": [
        {
          "Node Type": "Gather",
          "Parent Relationship": "Outer",
          "Parallel Aware": false,
          "Startup Cost": 44790.55,
          "Total Cost": 44790.86,
          "Plan Rows": 3,
          "Plan Width": 8,
          "Actual Startup Time": 149.116,
          "Actual Total Time": 156.869,
          "Actual Rows": 4,
          "Actual Loops": 1,
          "Workers Planned": 3,
          "Workers Launched": 3,
          "Single Copy": false,
          "Plans": [
            {
              "Node Type": "Aggregate",
              "Strategy": "Plain",
              "Partial Mode": "Partial",
              "Parent Relationship": "Outer",
              "Parallel Aware": false,
              "Startup Cost": 43790.55,
              "Total Cost": 43790.56,
              "Plan Rows": 1,
              "Plan Width": 8,
              "Actual Startup Time": 140.77,
              "Actual Total Time": 140.772,
              "Actual Rows": 1,
              "Actual Loops": 4,
              "Plans": [
                {
                  "Node Type": "Seq Scan",
                  "Parent Relationship": "Outer",
                  "Parallel Aware": true,
                  "Relation Name": "movie_keyword",
                  "Alias": "mk",
                  "Startup Cost": 0.0,
                  "Total Cost": 42695.65,
                  "Plan Rows": 437960,
                  "Plan Width": 0,
                  "Actual Startup Time": 2.05,
                  "Actual Total Time": 120.948,
                  "Actual Rows": 340996,
                  "Actual Loops": 4,
                  "Filter": "(keyword_id > 12290)",
                  "Rows Removed by Filter": 789987
                }
              ]
            }
          ]
        }
      ]
    },
    "Planning Time": 0.181,
    "Triggers": [],
    "Execution Time": 156.931
  }
]