[
  {
    "Plan": {
      "Node Type": "Aggregate",
      "Strategy": "Plain",
      "Partial Mode": "Finalize",
      "Parallel Aware": false,
      "Startup Cost": 305663.55,
      "Total Cost": 305663.56,
      "Plan Rows": 1,
      "Plan Width": 8,
      "Actual Startup Time": 1154.315,
      "Actual Total Time": 1200.188,
      "Actual Rows": 1,
      "Actual Loops": 1,
      "Plans": [
        {
          "Node Type": "Gather",
          "Parent Relationship": "Outer",
          "Parallel Aware": false,
          "Startup Cost": 305663.03,
          "Total Cost": 305663.54,
          "Plan Rows": 5,
          "Plan Width": 8,
          "Actual Startup Time": 1137.784,
          "Actual Total Time": 1200.112,
          "Actual Rows": 6,
          "Actual Loops": 1,
          "Workers Planned": 5,
          "Workers Launched": 5,
          "Single Copy": false,
          "Plans": [
            {
              "Node Type": "Aggregate",
              "Strategy": "Plain",
              "Partial Mode": "Partial",
              "Parent Relationship": "Outer",
              "Parallel Aware": false,
              "Startup Cost": 304663.03,
              "Total Cost": 304663.04,
              "Plan Rows": 1,
              "Plan Width": 8,
              "Actual Startup Time": 1123.937,
              "Actual Total Time": 1124.796,
              "Actual Rows": 1,
              "Actual Loops": 6,
              "Plans": [
                {
                  "Node Type": "Hash Join",
                  "Parent Relationship": "Outer",
                  "Parallel Aware": true,
                  "Join Type": "Inner",
                  "Startup Cost": 101443.06,
                  "Total Cost": 303776.24,
                  "Plan Rows": 354716,
                  "Plan Width": 0,
                  "Actual Startup Time": 571.956,
                  "Actual Total Time": 1034.903,
                  "Actual Rows": 2196513,
                  "Actual Loops": 6,
                  "Inner Unique": false,
                  "Hash Cond": "(mi.movie_id = t.id)",
                  "Plans": [
                    {
                      "Node Type": "Seq Scan",
                      "Parent Relationship": "Outer",
                      "Parallel Aware": true,
                      "Relation Name": "movie_info",
                      "Alias": "mi",
                      "Startup Cost": 0.0,
                      "Total Cost": 198952.16,
                      "Plan Rows": 596472,
                      "Plan Width": 4,
                      "Actual Startup Time": 70.769,
                      "Actual Total Time": 294.568,
                      "Actual Rows": 506120,
                      "Actual Loops": 6,
                      "Filter": "(info_type_id = 16)",
                      "Rows Removed by Filter": 1966500
                    },
                    {
                      "Node Type": "Hash",
                      "Parent Relationship": "Inner",
                      "Parallel Aware": true,
                      "Startup Cost": 95380.36,
                      "Total Cost": 95380.36,
                      "Plan Rows": 485016,
                      "Plan Width": 8,
                      "Actual Startup Time": 489.942,
                      "Actual Total Time": 490.798,
                      "Actual Rows": 264044,
                      "Actual Loops": 6,
                      "Hash Buckets": 2097152,
                      "Original Hash Buckets": 2097152,
                      "Hash Batches": 1,
                      "Original Hash Batches": 1,
                      "Peak Memory Usage": 78496,
                      "Plans": [
                        {
                          "Node Type": "Hash Join",
                          "Parent Relationship": "Outer",
                          "Parallel Aware": true,
                          "Join Type": "Inner",
                          "Startup Cost": 51331.28,
                          "Total Cost": 95380.36,
                          "Plan Rows": 485016,
                          "Plan Width": 8,
                          "Actual Startup Time": 278.545,
                          "Actual Total Time": 416.863,
                          "Actual Rows": 264044,
                          "Actual Loops": 6,
                          "Inner Unique": true,
                          "Hash Cond": "(mk.movie_id = t.id)",
                          "Plans": [
                            {
                              "Node Type": "Seq Scan",
                              "Parent Relationship": "Outer",
                              "Parallel Aware": true,
                              "Relation Name": "movie_keyword",
                              "Alias": "mk",
                              "Startup Cost": 0.0,
                              "Total Cost": 42695.65,
                              "Plan Rows": 515593,
                              "Plan Width": 4,
                              "Actual Startup Time": 0.484,
                              "Actual Total Time": 76.342,
                              "Actual Rows": 267114,
                              "Actual Loops": 6,
                              "Filter": "(keyword_id > 9536)",
                              "Rows Removed by Filter": 486874
                            },
                            {
                              "Node Type": "Hash",
                              "Parent Relationship": "Inner",
                              "Parallel Aware": true,
                              "Startup Cost": 43898.92,
                              "Total Cost": 43898.92,
                              "Plan Rows": 594589,
                              "Plan Width": 4,
                              "Actual Startup Time": 272.695,
                              "Actual Total Time": 272.696,
                              "Actual Rows": 395762,
                              "Actual Loops": 6,
                              "Hash Buckets": 4194304,
                              "Original Hash Buckets": 4194304,
                              "Hash Batches": 1,
                              "Original Hash Batches": 1,
                              "Peak Memory Usage": 125792,
                              "Plans": [
                                {
                                  "Node Type": "Seq Scan",
                                  "Parent Relationship": "Outer",
                                  "Parallel Aware": true,
                                  "Relation Name": "title",
                                  "Alias": "t",
                                  "Startup Cost": 0.0,
                                  "Total Cost": 43898.92,
                                  "Plan Rows": 594589,
                                  "Plan Width": 4,
                                  "Actual Startup Time": 0.043,
                                  "Actual Total Time": 87.594,
                                  "Actual Rows": 395762,
                                  "Actual Loops": 6,
                                  "Filter": "(production_year > 1918)",
                                  "Rows Removed by Filter": 25624
                                }
                              ]
                            }
                          ]
                        }
                      ]
                    }
                  ]
                }
              ]
            }
          ]
        }
      ]
    },
    "Planning Time": 1.465,
    "Triggers": [],
    "Execution Time": 1200.28
  }
]