[
    {
        "Bao": {
            "Bao prediction": "NaN",
            "Bao recommended hint": "(no hint)"
        }
    },
    {
        "Plan": {
            "Node Type": "Aggregate",
            "Strategy": "Plain",
            "Partial Mode": "Finalize",
            "Parallel Aware": false,
            "Startup Cost": 625744.53,
            "Total Cost": 625744.54,
            "Plan Rows": 1,
            "Plan Width": 8,
            "Actual Startup Time": 4162.417,
            "Actual Total Time": 4235.073,
            "Actual Rows": 1,
            "Actual Loops": 1,
            "Output": [
                "count(*)"
            ],
            "Plans": [
                {
                    "Node Type": "Gather",
                    "Parent Relationship": "Outer",
                    "Parallel Aware": false,
                    "Startup Cost": 625743.91,
                    "Total Cost": 625744.52,
                    "Plan Rows": 6,
                    "Plan Width": 8,
                    "Actual Startup Time": 4104.251,
                    "Actual Total Time": 4235.06,
                    "Actual Rows": 7,
                    "Actual Loops": 1,
                    "Output": [
                        "(PARTIAL count(*))"
                    ],
                    "Workers Planned": 6,
                    "Workers Launched": 6,
                    "Single Copy": false,
                    "Plans": [
                        {
                            "Node Type": "Aggregate",
                            "Strategy": "Plain",
                            "Partial Mode": "Partial",
                            "Parent Relationship": "Outer",
                            "Parallel Aware": false,
                            "Startup Cost": 624743.91,
                            "Total Cost": 624743.92,
                            "Plan Rows": 1,
                            "Plan Width": 8,
                            "Actual Startup Time": 4084.323,
                            "Actual Total Time": 4085.652,
                            "Actual Rows": 1,
                            "Actual Loops": 7,
                            "Output": [
                                "PARTIAL count(*)"
                            ],
                            "Workers": [
                                {
                                    "Worker Number": 0,
                                    "Actual Startup Time": 4080.036,
                                    "Actual Total Time": 4080.041,
                                    "Actual Rows": 1,
                                    "Actual Loops": 1
                                },
                                {
                                    "Worker Number": 1,
                                    "Actual Startup Time": 4086.067,
                                    "Actual Total Time": 4086.073,
                                    "Actual Rows": 1,
                                    "Actual Loops": 1
                                },
                                {
                                    "Worker Number": 2,
                                    "Actual Startup Time": 4080.026,
                                    "Actual Total Time": 4080.032,
                                    "Actual Rows": 1,
                                    "Actual Loops": 1
                                },
                                {
                                    "Worker Number": 3,
                                    "Actual Startup Time": 4080.174,
                                    "Actual Total Time": 4080.179,
                                    "Actual Rows": 1,
                                    "Actual Loops": 1
                                },
                                {
                                    "Worker Number": 4,
                                    "Actual Startup Time": 4080.183,
                                    "Actual Total Time": 4080.188,
                                    "Actual Rows": 1,
                                    "Actual Loops": 1
                                },
                                {
                                    "Worker Number": 5,
                                    "Actual Startup Time": 4080.191,
                                    "Actual Total Time": 4080.196,
                                    "Actual Rows": 1,
                                    "Actual Loops": 1
                                }
                            ],
                            "Plans": [
                                {
                                    "Node Type": "Hash Join",
                                    "Parent Relationship": "Outer",
                                    "Parallel Aware": true,
                                    "Join Type": "Inner",
                                    "Startup Cost": 266622.49,
                                    "Total Cost": 612560.2,
                                    "Plan Rows": 4873484,
                                    "Plan Width": 0,
                                    "Actual Startup Time": 1334.671,
                                    "Actual Total Time": 3773.023,
                                    "Actual Rows": 6493464,
                                    "Actual Loops": 7,
                                    "Inner Unique": false,
                                    "Hash Cond": "(ci.movie_id = t.id)",
                                    "Workers": [
                                        {
                                            "Worker Number": 0,
                                            "Actual Startup Time": 1331.225,
                                            "Actual Total Time": 3737.726,
                                            "Actual Rows": 5455915,
                                            "Actual Loops": 1
                                        },
                                        {
                                            "Worker Number": 1,
                                            "Actual Startup Time": 1331.234,
                                            "Actual Total Time": 3745.398,
                                            "Actual Rows": 5383249,
                                            "Actual Loops": 1
                                        },
                                        {
                                            "Worker Number": 2,
                                            "Actual Startup Time": 1331.312,
                                            "Actual Total Time": 3757.385,
                                            "Actual Rows": 6274006,
                                            "Actual Loops": 1
                                        },
                                        {
                                            "Worker Number": 3,
                                            "Actual Startup Time": 1331.331,
                                            "Actual Total Time": 3798.579,
                                            "Actual Rows": 7300890,
                                            "Actual Loops": 1
                                        },
                                        {
                                            "Worker Number": 4,
                                            "Actual Startup Time": 1331.486,
                                            "Actual Total Time": 3755.514,
                                            "Actual Rows": 6000937,
                                            "Actual Loops": 1
                                        },
                                        {
                                            "Worker Number": 5,
                                            "Actual Startup Time": 1331.363,
                                            "Actual Total Time": 3790.019,
                                            "Actual Rows": 7438270,
                                            "Actual Loops": 1
                                        }
                                    ],
                                    "Plans": [
                                        {
                                            "Node Type": "Seq Scan",
                                            "Parent Relationship": "Outer",
                                            "Parallel Aware": true,
                                            "Relation Name": "cast_info",
                                            "Schema": "public",
                                            "Alias": "ci",
                                            "Startup Cost": 0.0,
                                            "Total Cost": 328213.62,
                                            "Plan Rows": 2127232,
                                            "Plan Width": 4,
                                            "Actual Startup Time": 0.03,
                                            "Actual Total Time": 632.573,
                                            "Actual Rows": 1810098,
                                            "Actual Loops": 7,
                                            "Output": [
                                                "ci.id",
                                                "ci.person_id",
                                                "ci.movie_id",
                                                "ci.person_role_id",
                                                "ci.note",
                                                "ci.nr_order",
                                                "ci.role_id"
                                            ],
                                            "Filter": "(ci.role_id < 2)",
                                            "Rows Removed by Filter": 3367665,
                                            "Workers": [
                                                {
                                                    "Worker Number": 0,
                                                    "Actual Startup Time": 0.032,
                                                    "Actual Total Time": 657.211,
                                                    "Actual Rows": 1506370,
                                                    "Actual Loops": 1
                                                },
                                                {
                                                    "Worker Number": 1,
                                                    "Actual Startup Time": 0.032,
                                                    "Actual Total Time": 658.531,
                                                    "Actual Rows": 1496776,
                                                    "Actual Loops": 1
                                                },
                                                {
                                                    "Worker Number": 2,
                                                    "Actual Startup Time": 0.035,
                                                    "Actual Total Time": 641.551,
                                                    "Actual Rows": 1736275,
                                                    "Actual Loops": 1
                                                },
                                                {
                                                    "Worker Number": 3,
                                                    "Actual Startup Time": 0.032,
                                                    "Actual Total Time": 617.554,
                                                    "Actual Rows": 2053540,
                                                    "Actual Loops": 1
                                                },
                                                {
                                                    "Worker Number": 4,
                                                    "Actual Startup Time": 0.034,
                                                    "Actual Total Time": 643.941,
                                                    "Actual Rows": 1657596,
                                                    "Actual Loops": 1
                                                },
                                                {
                                                    "Worker Number": 5,
                                                    "Actual Startup Time": 0.029,
                                                    "Actual Total Time": 619.539,
                                                    "Actual Rows": 2082267,
                                                    "Actual Loops": 1
                                                }
                                            ]
                                        },
                                        {
                                            "Node Type": "Hash",
                                            "Parent Relationship": "Inner",
                                            "Parallel Aware": true,
                                            "Startup Cost": 252141.54,
                                            "Total Cost": 252141.54,
                                            "Plan Rows": 1158476,
                                            "Plan Width": 8,
                                            "Actual Startup Time": 1326.741,
                                            "Actual Total Time": 1328.067,
                                            "Actual Rows": 840709,
                                            "Actual Loops": 7,
                                            "Output": [
                                                "t.id",
                                                "mi.movie_id"
                                            ],
                                            "Hash Buckets": 8388608,
                                            "Original Hash Buckets": 8388608,
                                            "Hash Batches": 1,
                                            "Original Hash Batches": 1,
                                            "Peak Memory Usage": 295872,
                                            "Workers": [
                                                {
                                                    "Worker Number": 0,
                                                    "Actual Startup Time": 1330.449,
                                                    "Actual Total Time": 1330.452,
                                                    "Actual Rows": 730167,
                                                    "Actual Loops": 1
                                                },
                                                {
                                                    "Worker Number": 1,
                                                    "Actual Startup Time": 1330.282,
                                                    "Actual Total Time": 1330.286,
                                                    "Actual Rows": 720230,
                                                    "Actual Loops": 1
                                                },
                                                {
                                                    "Worker Number": 2,
                                                    "Actual Startup Time": 1330.389,
                                                    "Actual Total Time": 1330.393,
                                                    "Actual Rows": 731909,
                                                    "Actual Loops": 1
                                                },
                                                {
                                                    "Worker Number": 3,
                                                    "Actual Startup Time": 1330.493,
                                                    "Actual Total Time": 1330.496,
                                                    "Actual Rows": 977047,
                                                    "Actual Loops": 1
                                                },
                                                {
                                                    "Worker Number": 4,
                                                    "Actual Startup Time": 1330.524,
                                                    "Actual Total Time": 1330.528,
                                                    "Actual Rows": 727782,
                                                    "Actual Loops": 1
                                                },
                                                {
                                                    "Worker Number": 5,
                                                    "Actual Startup Time": 1330.57,
                                                    "Actual Total Time": 1330.573,
                                                    "Actual Rows": 986720,
                                                    "Actual Loops": 1
                                                }
                                            ],
                                            "Plans": [
                                                {
                                                    "Node Type": "Hash Join",
                                                    "Parent Relationship": "Outer",
                                                    "Parallel Aware": true,
                                                    "Join Type": "Inner",
                                                    "Startup Cost": 50219.81,
                                                    "Total Cost": 252141.54,
                                                    "Plan Rows": 1158476,
                                                    "Plan Width": 8,
                                                    "Actual Startup Time": 257.366,
                                                    "Actual Total Time": 940.414,
                                                    "Actual Rows": 840709,
                                                    "Actual Loops": 7,
                                                    "Output": [
                                                        "t.id",
                                                        "mi.movie_id"
                                                    ],
                                                    "Inner Unique": true,
                                                    "Hash Cond": "(mi.movie_id = t.id)",
                                                    "Workers": [
                                                        {
                                                            "Worker Number": 0,
                                                            "Actual Startup Time": 257.39,
                                                            "Actual Total Time": 940.366,
                                                            "Actual Rows": 730167,
                                                            "Actual Loops": 1
                                                        },
                                                        {
                                                            "Worker Number": 1,
                                                            "Actual Startup Time": 257.405,
                                                            "Actual Total Time": 943.033,
                                                            "Actual Rows": 720230,
                                                            "Actual Loops": 1
                                                        },
                                                        {
                                                            "Worker Number": 2,
                                                            "Actual Startup Time": 257.354,
                                                            "Actual Total Time": 938.744,
                                                            "Actual Rows": 731909,
                                                            "Actual Loops": 1
                                                        },
                                                        {
                                                            "Worker Number": 3,
                                                            "Actual Startup Time": 257.356,
                                                            "Actual Total Time": 937.787,
                                                            "Actual Rows": 977047,
                                                            "Actual Loops": 1
                                                        },
                                                        {
                                                            "Worker Number": 4,
                                                            "Actual Startup Time": 257.364,
                                                            "Actual Total Time": 941.223,
                                                            "Actual Rows": 727782,
                                                            "Actual Loops": 1
                                                        },
                                                        {
                                                            "Worker Number": 5,
                                                            "Actual Startup Time": 257.34,
                                                            "Actual Total Time": 937.111,
                                                            "Actual Rows": 986720,
                                                            "Actual Loops": 1
                                                        }
                                                    ],
                                                    "Plans": [
                                                        {
                                                            "Node Type": "Seq Scan",
                                                            "Parent Relationship": "Outer",
                                                            "Parallel Aware": true,
                                                            "Relation Name": "movie_info",
                                                            "Schema": "public",
                                                            "Alias": "mi",
                                                            "Startup Cost": 0.0,
                                                            "Total Cost": 198880.74,
                                                            "Plan Rows": 1158476,
                                                            "Plan Width": 4,
                                                            "Actual Startup Time": 0.033,
                                                            "Actual Total Time": 323.939,
                                                            "Actual Rows": 840709,
                                                            "Actual Loops": 7,
                                                            "Output": [
                                                                "mi.id",
                                                                "mi.movie_id",
                                                                "mi.info_type_id",
                                                                "mi.info",
                                                                "mi.note"
                                                            ],
                                                            "Filter": "(mi.info_type_id < 7)",
                                                            "Rows Removed by Filter": 1278680,
                                                            "Workers": [
                                                                {
                                                                    "Worker Number": 0,
                                                                    "Actual Startup Time": 0.037,
                                                                    "Actual Total Time": 334.74,
                                                                    "Actual Rows": 730167,
                                                                    "Actual Loops": 1
                                                                },
                                                                {
                                                                    "Worker Number": 1,
                                                                    "Actual Startup Time": 0.037,
                                                                    "Actual Total Time": 334.319,
                                                                    "Actual Rows": 720230,
                                                                    "Actual Loops": 1
                                                                },
                                                                {
                                                                    "Worker Number": 2,
                                                                    "Actual Startup Time": 0.04,
                                                                    "Actual Total Time": 333.241,
                                                                    "Actual Rows": 731909,
                                                                    "Actual Loops": 1
                                                                },
                                                                {
                                                                    "Worker Number": 3,
                                                                    "Actual Startup Time": 0.032,
                                                                    "Actual Total Time": 316.792,
                                                                    "Actual Rows": 977047,
                                                                    "Actual Loops": 1
                                                                },
                                                                {
                                                                    "Worker Number": 4,
                                                                    "Actual Startup Time": 0.039,
                                                                    "Actual Total Time": 334.429,
                                                                    "Actual Rows": 727782,
                                                                    "Actual Loops": 1
                                                                },
                                                                {
                                                                    "Worker Number": 5,
                                                                    "Actual Startup Time": 0.033,
                                                                    "Actual Total Time": 315.608,
                                                                    "Actual Rows": 986720,
                                                                    "Actual Loops": 1
                                                                }
                                                            ]
                                                        },
                                                        {
                                                            "Node Type": "Hash",
                                                            "Parent Relationship": "Inner",
                                                            "Parallel Aware": true,
                                                            "Startup Cost": 42318.81,
                                                            "Total Cost": 42318.81,
                                                            "Plan Rows": 632080,
                                                            "Plan Width": 4,
                                                            "Actual Startup Time": 253.86,
                                                            "Actual Total Time": 253.861,
                                                            "Actual Rows": 361187,
                                                            "Actual Loops": 7,
                                                            "Output": [
                                                                "t.id"
                                                            ],
                                                            "Hash Buckets": 4194304,
                                                            "Original Hash Buckets": 4194304,
                                                            "Hash Batches": 1,
                                                            "Original Hash Batches": 1,
                                                            "Peak Memory Usage": 131776,
                                                            "Workers": [
                                                                {
                                                                    "Worker Number": 0,
                                                                    "Actual Startup Time": 257.049,
                                                                    "Actual Total Time": 257.05,
                                                                    "Actual Rows": 301629,
                                                                    "Actual Loops": 1
                                                                },
                                                                {
                                                                    "Worker Number": 1,
                                                                    "Actual Startup Time": 257.088,
                                                                    "Actual Total Time": 257.09,
                                                                    "Actual Rows": 298470,
                                                                    "Actual Loops": 1
                                                                },
                                                                {
                                                                    "Worker Number": 2,
                                                                    "Actual Startup Time": 257.013,
                                                                    "Actual Total Time": 257.015,
                                                                    "Actual Rows": 296715,
                                                                    "Actual Loops": 1
                                                                },
                                                                {
                                                                    "Worker Number": 3,
                                                                    "Actual Startup Time": 257.034,
                                                                    "Actual Total Time": 257.035,
                                                                    "Actual Rows": 402928,
                                                                    "Actual Loops": 1
                                                                },
                                                                {
                                                                    "Worker Number": 4,
                                                                    "Actual Startup Time": 257.052,
                                                                    "Actual Total Time": 257.053,
                                                                    "Actual Rows": 299892,
                                                                    "Actual Loops": 1
                                                                },
                                                                {
                                                                    "Worker Number": 5,
                                                                    "Actual Startup Time": 257.044,
                                                                    "Actual Total Time": 257.045,
                                                                    "Actual Rows": 401642,
                                                                    "Actual Loops": 1
                                                                }
                                                            ],
                                                            "Plans": [
                                                                {
                                                                    "Node Type": "Seq Scan",
                                                                    "Parent Relationship": "Outer",
                                                                    "Parallel Aware": true,
                                                                    "Relation Name": "title",
                                                                    "Schema": "public",
                                                                    "Alias": "t",
                                                                    "Startup Cost": 0.0,
                                                                    "Total Cost": 42318.81,
                                                                    "Plan Rows": 632080,
                                                                    "Plan Width": 4,
                                                                    "Actual Startup Time": 0.06,
                                                                    "Actual Total Time": 73.393,
                                                                    "Actual Rows": 361187,
                                                                    "Actual Loops": 7,
                                                                    "Output": [
                                                                        "t.id"
                                                                    ],
                                                                    "Workers": [
                                                                        {
                                                                            "Worker Number": 0,
                                                                            "Actual Startup Time": 0.046,
                                                                            "Actual Total Time": 77.818,
                                                                            "Actual Rows": 301629,
                                                                            "Actual Loops": 1
                                                                        },
                                                                        {
                                                                            "Worker Number": 1,
                                                                            "Actual Startup Time": 0.048,
                                                                            "Actual Total Time": 77.43,
                                                                            "Actual Rows": 298470,
                                                                            "Actual Loops": 1
                                                                        },
                                                                        {
                                                                            "Worker Number": 2,
                                                                            "Actual Startup Time": 0.094,
                                                                            "Actual Total Time": 78.889,
                                                                            "Actual Rows": 296715,
                                                                            "Actual Loops": 1
                                                                        },
                                                                        {
                                                                            "Worker Number": 3,
                                                                            "Actual Startup Time": 0.046,
                                                                            "Actual Total Time": 71.389,
                                                                            "Actual Rows": 402928,
                                                                            "Actual Loops": 1
                                                                        },
                                                                        {
                                                                            "Worker Number": 4,
                                                                            "Actual Startup Time": 0.079,
                                                                            "Actual Total Time": 77.281,
                                                                            "Actual Rows": 299892,
                                                                            "Actual Loops": 1
                                                                        },
                                                                        {
                                                                            "Worker Number": 5,
                                                                            "Actual Startup Time": 0.089,
                                                                            "Actual Total Time": 72.573,
                                                                            "Actual Rows": 401642,
                                                                            "Actual Loops": 1
                                                                        }
                                                                    ]
                                                                }
                                                            ]
                                                        }
                                                    ]
                                                }
                                            ]
                                        }
                                    ]
                                }
                            ]
                        }
                    ]
                }
            ]
        },
        "Planning Time": 196.745,
        "Triggers": [],
        "Execution Time": 4235.188
    }
]