[
  {
    "Plan": {
      "Node Type": "Aggregate",
      "Strategy": "Plain",
      "Partial Mode": "Finalize",
      "Parallel Aware": false,
      "Startup Cost": 16166.71,
      "Total Cost": 16166.72,
      "Plan Rows": 1,
      "Plan Width": 8,
      "Actual Startup Time": 13.312,
      "Actual Total Time": 15.569,
      "Actual Rows": 1,
      "Actual Loops": 1,
      "Plans": [
        {
          "Node Type": "Gather",
          "Parent Relationship": "Outer",
          "Parallel Aware": false,
          "Startup Cost": 16166.49,
          "Total Cost": 16166.7,
          "Plan Rows": 2,
          "Plan Width": 8,
          "Actual Startup Time": 12.911,
          "Actual Total Time": 15.564,
          "Actual Rows": 3,
          "Actual Loops": 1,
          "Workers Planned": 2,
          "Workers Launched": 2,
          "Single Copy": false,
          "Plans": [
            {
              "Node Type": "Aggregate",
              "Strategy": "Plain",
              "Partial Mode": "Partial",
              "Parent Relationship": "Outer",
              "Parallel Aware": false,
              "Startup Cost": 15166.49,
              "Total Cost": 15166.5,
              "Plan Rows": 1,
              "Plan Width": 8,
              "Actual Startup Time": 5.164,
              "Actual Total Time": 5.166,
              "Actual Rows": 1,
              "Actual Loops": 3,
              "Plans": [
                {
                  "Node Type": "Nested Loop",
                  "Parent Relationship": "Outer",
                  "Parallel Aware": false,
                  "Join Type": "Inner",
                  "Startup Cost": 80.7,
                  "Total Cost": 15166.28,
                  "Plan Rows": 85,
                  "Plan Width": 0,
                  "Actual Startup Time": 1.322,
                  "Actual Total Time": 5.154,
                  "Actual Rows": 77,
                  "Actual Loops": 3,
                  "Inner Unique": true,
                  "Plans": [
                    {
                      "Node Type": "Bitmap Heap Scan",
                      "Parent Relationship": "Outer",
                      "Parallel Aware": true,
                      "Relation Name": "movie_companies",
                      "Alias": "mc",
                      "Startup Cost": 80.27,
                      "Total Cost": 9217.54,
                      "Plan Rows": 744,
                      "Plan Width": 4,
                      "Actual Startup Time": 0.455,
                      "Actual Total Time": 1.521,
                      "Actual Rows": 1046,
                      "Actual Loops": 3,
                      "Recheck Cond": "(company_id = 452)",
                      "Rows Removed by Index Recheck": 0,
                      "Filter": "(company_type_id < 2)",
                      "Rows Removed by Filter": 25,
                      "Exact Heap Blocks": 1374,
                      "Lossy Heap Blocks": 0,
                      "Plans": [
                        {
                          "Node Type": "Bitmap Index Scan",
                          "Parent Relationship": "Outer",
                          "Parallel Aware": false,
                          "Index Name": "company_id_movie_companies",
                          "Startup Cost": 0.0,
                          "Total Cost": 79.83,
                          "Plan Rows": 3653,
                          "Plan Width": 0,
                          "Actual Startup Time": 0.879,
                          "Actual Total Time": 0.879,
                          "Actual Rows": 3213,
                          "Actual Loops": 1,
                          "Index Cond": "(company_id = 452)"
                        }
                      ]
                    },
                    {
                      "Node Type": "Index Scan",
                      "Parent Relationship": "Inner",
                      "Parallel Aware": false,
                      "Scan Direction": "Forward",
                      "Index Name": "title_pkey",
                      "Relation Name": "title",
                      "Alias": "t",
                      "Startup Cost": 0.43,
                      "Total Cost": 8.0,
                      "Plan Rows": 1,
                      "Plan Width": 4,
                      "Actual Startup Time": 0.003,
                      "Actual Total Time": 0.003,
                      "Actual Rows": 0,
                      "Actual Loops": 3139,
                      "Index Cond": "(id = mc.movie_id)",
                      "Rows Removed by Index Recheck": 0,
                      "Filter": "((kind_id > 1) AND (production_year > 2010))",
                      "Rows Removed by Filter": 1
                    }
                  ]
                }
              ]
            }
          ]
        }
      ]
    },
    "Planning Time": 0.51,
    "Triggers": [],
    "Execution Time": 15.602
  }
]