{
    "Plan": {
        "Node Type": "Aggregate",
        "Strategy": "Plain",
        "Partial Mode": "Finalize",
        "Parallel Aware": false,
        "Startup Cost": 51796.17,
        "Total Cost": 51796.18,
        "Plan Rows": 1,
        "Plan Width": 8,
        "Actual Startup Time": 100.167,
        "Actual Total Time": 112.354,
        "Actual Rows": 1,
        "Actual Loops": 1,
        "Output": [
            "count(*)"
        ],
        "Plans": [
            {
                "Node Type": "Gather",
                "Parent Relationship": "Outer",
                "Parallel Aware": false,
                "Startup Cost": 51795.75,
                "Total Cost": 51796.16,
                "Plan Rows": 4,
                "Plan Width": 8,
                "Actual Startup Time": 100.054,
                "Actual Total Time": 112.344,
                "Actual Rows": 5,
                "Actual Loops": 1,
                "Output": [
                    "(PARTIAL count(*))"
                ],
                "Workers Planned": 4,
                "Workers Launched": 4,
                "Single Copy": false,
                "Plans": [
                    {
                        "Node Type": "Aggregate",
                        "Strategy": "Plain",
                        "Partial Mode": "Partial",
                        "Parent Relationship": "Outer",
                        "Parallel Aware": false,
                        "Startup Cost": 50795.75,
                        "Total Cost": 50795.76,
                        "Plan Rows": 1,
                        "Plan Width": 8,
                        "Actual Startup Time": 89.822,
                        "Actual Total Time": 89.824,
                        "Actual Rows": 1,
                        "Actual Loops": 5,
                        "Output": [
                            "PARTIAL count(*)"
                        ],
                        "Workers": [
                            {
                                "Worker Number": 0,
                                "Actual Startup Time": 86.707,
                                "Actual Total Time": 86.708,
                                "Actual Rows": 1,
                                "Actual Loops": 1
                            },
                            {
                                "Worker Number": 1,
                                "Actual Startup Time": 87.543,
                                "Actual Total Time": 87.544,
                                "Actual Rows": 1,
                                "Actual Loops": 1
                            },
                            {
                                "Worker Number": 2,
                                "Actual Startup Time": 87.375,
                                "Actual Total Time": 87.376,
                                "Actual Rows": 1,
                                "Actual Loops": 1
                            },
                            {
                                "Worker Number": 3,
                                "Actual Startup Time": 88.267,
                                "Actual Total Time": 88.269,
                                "Actual Rows": 1,
                                "Actual Loops": 1
                            }
                        ],
                        "Plans": [
                            {
                                "Node Type": "Nested Loop",
                                "Parent Relationship": "Outer",
                                "Parallel Aware": false,
                                "Join Type": "Inner",
                                "Startup Cost": 0.43,
                                "Total Cost": 50795.71,
                                "Plan Rows": 16,
                                "Plan Width": 0,
                                "Actual Startup Time": 64.457,
                                "Actual Total Time": 89.81,
                                "Actual Rows": 17,
                                "Actual Loops": 5,
                                "Inner Unique": false,
                                "Workers": [
                                    {
                                        "Worker Number": 0,
                                        "Actual Startup Time": 59.829,
                                        "Actual Total Time": 86.693,
                                        "Actual Rows": 11,
                                        "Actual Loops": 1
                                    },
                                    {
                                        "Worker Number": 1,
                                        "Actual Startup Time": 59.872,
                                        "Actual Total Time": 87.531,
                                        "Actual Rows": 19,
                                        "Actual Loops": 1
                                    },
                                    {
                                        "Worker Number": 2,
                                        "Actual Startup Time": 65.111,
                                        "Actual Total Time": 87.361,
                                        "Actual Rows": 16,
                                        "Actual Loops": 1
                                    },
                                    {
                                        "Worker Number": 3,
                                        "Actual Startup Time": 62.842,
                                        "Actual Total Time": 88.255,
                                        "Actual Rows": 25,
                                        "Actual Loops": 1
                                    }
                                ],
                                "Plans": [
                                    {
                                        "Node Type": "Seq Scan",
                                        "Parent Relationship": "Outer",
                                        "Parallel Aware": true,
                                        "Relation Name": "title",
                                        "Schema": "public",
                                        "Alias": "t",
                                        "Startup Cost": 0.0,
                                        "Total Cost": 45479.21,
                                        "Plan Rows": 34,
                                        "Plan Width": 4,
                                        "Actual Startup Time": 62.074,
                                        "Actual Total Time": 85.96,
                                        "Actual Rows": 57,
                                        "Actual Loops": 5,
                                        "Output": [
                                            "t.id",
                                            "t.title",
                                            "t.imdb_index",
                                            "t.kind_id",
                                            "t.production_year",
                                            "t.imdb_id",
                                            "t.phonetic_code",
                                            "t.episode_of_id",
                                            "t.season_nr",
                                            "t.episode_nr",
                                            "t.series_years",
                                            "t.md5sum"
                                        ],
                                        "Filter": "((t.kind_id = 6) AND (t.production_year = 1994))",
                                        "Rows Removed by Filter": 505606,
                                        "Workers": [
                                            {
                                                "Worker Number": 0,
                                                "Actual Startup Time": 58.849,
                                                "Actual Total Time": 83.174,
                                                "Actual Rows": 30,
                                                "Actual Loops": 1
                                            },
                                            {
                                                "Worker Number": 1,
                                                "Actual Startup Time": 58.983,
                                                "Actual Total Time": 82.817,
                                                "Actual Rows": 66,
                                                "Actual Loops": 1
                                            },
                                            {
                                                "Worker Number": 2,
                                                "Actual Startup Time": 59.012,
                                                "Actual Total Time": 82.5,
                                                "Actual Rows": 63,
                                                "Actual Loops": 1
                                            },
                                            {
                                                "Worker Number": 3,
                                                "Actual Startup Time": 59.993,
                                                "Actual Total Time": 83.229,
                                                "Actual Rows": 66,
                                                "Actual Loops": 1
                                            }
                                        ]
                                    },
                                    {
                                        "Node Type": "Index Scan",
                                        "Parent Relationship": "Inner",
                                        "Parallel Aware": false,
                                        "Scan Direction": "Forward",
                                        "Index Name": "movie_id_movie_info",
                                        "Relation Name": "movie_info",
                                        "Schema": "public",
                                        "Alias": "mi",
                                        "Startup Cost": 0.43,
                                        "Total Cost": 156.34,
                                        "Plan Rows": 3,
                                        "Plan Width": 4,
                                        "Actual Startup Time": 0.061,
                                        "Actual Total Time": 0.067,
                                        "Actual Rows": 0,
                                        "Actual Loops": 283,
                                        "Output": [
                                            "mi.id",
                                            "mi.movie_id",
                                            "mi.info_type_id",
                                            "mi.info",
                                            "mi.note"
                                        ],
                                        "Index Cond": "(mi.movie_id = t.id)",
                                        "Rows Removed by Index Recheck": 0,
                                        "Filter": "(mi.info_type_id > 18)",
                                        "Rows Removed by Filter": 9,
                                        "Workers": [
                                            {
                                                "Worker Number": 0,
                                                "Actual Startup Time": 0.101,
                                                "Actual Total Time": 0.116,
                                                "Actual Rows": 0,
                                                "Actual Loops": 30
                                            },
                                            {
                                                "Worker Number": 1,
                                                "Actual Startup Time": 0.064,
                                                "Actual Total Time": 0.07,
                                                "Actual Rows": 0,
                                                "Actual Loops": 66
                                            },
                                            {
                                                "Worker Number": 2,
                                                "Actual Startup Time": 0.071,
                                                "Actual Total Time": 0.076,
                                                "Actual Rows": 0,
                                                "Actual Loops": 63
                                            },
                                            {
                                                "Worker Number": 3,
                                                "Actual Startup Time": 0.068,
                                                "Actual Total Time": 0.075,
                                                "Actual Rows": 0,
                                                "Actual Loops": 66
                                            }
                                        ]
                                    }
                                ]
                            }
                        ]
                    }
                ]
            }
        ]
    },
    "Planning Time": 0.833,
    "Triggers": [],
    "Execution Time": 112.43
}