[
    {
        "Bao": {
            "Bao prediction": 468.538,
            "Bao recommended hint": "(no hint)"
        }
    },
    {
        "Plan": {
            "Node Type": "Aggregate",
            "Strategy": "Plain",
            "Partial Mode": "Finalize",
            "Parallel Aware": false,
            "Startup Cost": 117047.74,
            "Total Cost": 117047.75,
            "Plan Rows": 1,
            "Plan Width": 8,
            "Actual Startup Time": 240.617,
            "Actual Total Time": 250.528,
            "Actual Rows": 1,
            "Actual Loops": 1,
            "Output": [
                "count(*)"
            ],
            "Plans": [
                {
                    "Node Type": "Gather",
                    "Parent Relationship": "Outer",
                    "Parallel Aware": false,
                    "Startup Cost": 117047.22,
                    "Total Cost": 117047.73,
                    "Plan Rows": 5,
                    "Plan Width": 8,
                    "Actual Startup Time": 240.427,
                    "Actual Total Time": 250.513,
                    "Actual Rows": 6,
                    "Actual Loops": 1,
                    "Output": [
                        "(PARTIAL count(*))"
                    ],
                    "Workers Planned": 5,
                    "Workers Launched": 5,
                    "Single Copy": false,
                    "Plans": [
                        {
                            "Node Type": "Aggregate",
                            "Strategy": "Plain",
                            "Partial Mode": "Partial",
                            "Parent Relationship": "Outer",
                            "Parallel Aware": false,
                            "Startup Cost": 116047.22,
                            "Total Cost": 116047.23,
                            "Plan Rows": 1,
                            "Plan Width": 8,
                            "Actual Startup Time": 231.13,
                            "Actual Total Time": 231.131,
                            "Actual Rows": 1,
                            "Actual Loops": 6,
                            "Output": [
                                "PARTIAL count(*)"
                            ],
                            "Workers": [
                                {
                                    "Worker Number": 0,
                                    "Actual Startup Time": 228.887,
                                    "Actual Total Time": 228.888,
                                    "Actual Rows": 1,
                                    "Actual Loops": 1
                                },
                                {
                                    "Worker Number": 1,
                                    "Actual Startup Time": 229.193,
                                    "Actual Total Time": 229.194,
                                    "Actual Rows": 1,
                                    "Actual Loops": 1
                                },
                                {
                                    "Worker Number": 2,
                                    "Actual Startup Time": 229.457,
                                    "Actual Total Time": 229.458,
                                    "Actual Rows": 1,
                                    "Actual Loops": 1
                                },
                                {
                                    "Worker Number": 3,
                                    "Actual Startup Time": 229.644,
                                    "Actual Total Time": 229.646,
                                    "Actual Rows": 1,
                                    "Actual Loops": 1
                                },
                                {
                                    "Worker Number": 4,
                                    "Actual Startup Time": 229.925,
                                    "Actual Total Time": 229.927,
                                    "Actual Rows": 1,
                                    "Actual Loops": 1
                                }
                            ],
                            "Plans": [
                                {
                                    "Node Type": "Index Scan",
                                    "Parent Relationship": "Outer",
                                    "Parallel Aware": true,
                                    "Scan Direction": "Forward",
                                    "Index Name": "role_id_cast_info",
                                    "Relation Name": "cast_info",
                                    "Schema": "public",
                                    "Alias": "ci",
                                    "Startup Cost": 0.56,
                                    "Total Cost": 115696.32,
                                    "Plan Rows": 140361,
                                    "Plan Width": 0,
                                    "Actual Startup Time": 0.143,
                                    "Actual Total Time": 199.444,
                                    "Actual Rows": 439965,
                                    "Actual Loops": 6,
                                    "Output": [
                                        "id",
                                        "person_id",
                                        "movie_id",
                                        "person_role_id",
                                        "note",
                                        "nr_order",
                                        "role_id"
                                    ],
                                    "Index Cond": "(ci.role_id = 10)",
                                    "Rows Removed by Index Recheck": 0,
                                    "Filter": "(ci.person_id > 3051240)",
                                    "Rows Removed by Filter": 280538,
                                    "Workers": [
                                        {
                                            "Worker Number": 0,
                                            "Actual Startup Time": 0.153,
                                            "Actual Total Time": 197.798,
                                            "Actual Rows": 429219,
                                            "Actual Loops": 1
                                        },
                                        {
                                            "Worker Number": 1,
                                            "Actual Startup Time": 0.185,
                                            "Actual Total Time": 198.206,
                                            "Actual Rows": 426085,
                                            "Actual Loops": 1
                                        },
                                        {
                                            "Worker Number": 2,
                                            "Actual Startup Time": 0.113,
                                            "Actual Total Time": 197.791,
                                            "Actual Rows": 436581,
                                            "Actual Loops": 1
                                        },
                                        {
                                            "Worker Number": 3,
                                            "Actual Startup Time": 0.146,
                                            "Actual Total Time": 198.075,
                                            "Actual Rows": 431288,
                                            "Actual Loops": 1
                                        },
                                        {
                                            "Worker Number": 4,
                                            "Actual Startup Time": 0.181,
                                            "Actual Total Time": 198.515,
                                            "Actual Rows": 432425,
                                            "Actual Loops": 1
                                        }
                                    ]
                                }
                            ]
                        }
                    ]
                }
            ]
        },
        "Planning Time": 2929.898,
        "Triggers": [],
        "Execution Time": 250.621
    }
]