{
  "Plan": {
    "Node Type": "Aggregate",
    "Strategy": "Plain",
    "Partial Mode": "Finalize",
    "Parallel Aware": false,
    "Startup Cost": 879982.25,
    "Total Cost": 879982.26,
    "Plan Rows": 1,
    "Plan Width": 8,
    "Actual Startup Time": 6693.517,
    "Actual Total Time": 6748.736,
    "Actual Rows": 1,
    "Actual Loops": 1,
    "Plans": [
      {
        "Node Type": "Gather",
        "Parent Relationship": "Outer",
        "Parallel Aware": false,
        "Startup Cost": 879982.14,
        "Total Cost": 879982.25,
        "Plan Rows": 1,
        "Plan Width": 8,
        "Actual Startup Time": 6688.286,
        "Actual Total Time": 6748.724,
        "Actual Rows": 2,
        "Actual Loops": 1,
        "Workers Planned": 1,
        "Workers Launched": 1,
        "Single Copy": false,
        "Plans": [
          {
            "Node Type": "Aggregate",
            "Strategy": "Plain",
            "Partial Mode": "Partial",
            "Parent Relationship": "Outer",
            "Parallel Aware": false,
            "Startup Cost": 878982.14,
            "Total Cost": 878982.15,
            "Plan Rows": 1,
            "Plan Width": 8,
            "Actual Startup Time": 6682.187,
            "Actual Total Time": 6682.494,
            "Actual Rows": 1,
            "Actual Loops": 2,
            "Plans": [
              {
                "Node Type": "Hash Join",
                "Parent Relationship": "Outer",
                "Parallel Aware": true,
                "Join Type": "Inner",
                "Startup Cost": 247644.68,
                "Total Cost": 869136.67,
                "Plan Rows": 3938187,
                "Plan Width": 0,
                "Actual Startup Time": 837.621,
                "Actual Total Time": 6466.166,
                "Actual Rows": 5126259,
                "Actual Loops": 2,
                "Inner Unique": false,
                "Hash Cond": "(ci.movie_id = t.id)",
                "Plans": [
                  {
                    "Node Type": "Seq Scan",
                    "Parent Relationship": "Outer",
                    "Parallel Aware": true,
                    "Relation Name": "cast_info",
                    "Alias": "ci",
                    "Startup Cost": 0.0,
                    "Total Cost": 519069.44,
                    "Plan Rows": 21135138,
                    "Plan Width": 4,
                    "Actual Startup Time": 0.023,
                    "Actual Total Time": 2055.235,
                    "Actual Rows": 17964113,
                    "Actual Loops": 2,
                    "Filter": "(role_id < 11)",
                    "Rows Removed by Filter": 158059
                  },
                  {
                    "Node Type": "Hash",
                    "Parent Relationship": "Inner",
                    "Parallel Aware": true,
                    "Startup Cost": 244180.66,
                    "Total Cost": 244180.66,
                    "Plan Rows": 277121,
                    "Plan Width": 8,
                    "Actual Startup Time": 831.869,
                    "Actual Total Time": 832.174,
                    "Actual Rows": 237222,
                    "Actual Loops": 2,
                    "Hash Buckets": 524288,
                    "Original Hash Buckets": 524288,
                    "Hash Batches": 1,
                    "Original Hash Batches": 1,
                    "Peak Memory Usage": 22688,
                    "Plans": [
                      {
                        "Node Type": "Hash Join",
                        "Parent Relationship": "Outer",
                        "Parallel Aware": true,
                        "Join Type": "Inner",
                        "Startup Cost": 77996.21,
                        "Total Cost": 244180.66,
                        "Plan Rows": 277121,
                        "Plan Width": 8,
                        "Actual Startup Time": 623.754,
                        "Actual Total Time": 764.765,
                        "Actual Rows": 237222,
                        "Actual Loops": 2,
                        "Inner Unique": true,
                        "Hash Cond": "(mi.movie_id = t.id)",
                        "Plans": [
                          {
                            "Node Type": "Bitmap Heap Scan",
                            "Parent Relationship": "Outer",
                            "Parallel Aware": true,
                            "Relation Name": "movie_info",
                            "Alias": "mi",
                            "Startup Cost": 8535.51,
                            "Total Cost": 173992.52,
                            "Plan Rows": 277121,
                            "Plan Width": 4,
                            "Actual Startup Time": 23.953,
                            "Actual Total Time": 47.632,
                            "Actual Rows": 237222,
                            "Actual Loops": 2,
                            "Recheck Cond": "(info_type_id = 6)",
                            "Rows Removed by Index Recheck": 0,
                            "Exact Heap Blocks": 1589,
                            "Lossy Heap Blocks": 0,
                            "Plans": [
                              {
                                "Node Type": "Bitmap Index Scan",
                                "Parent Relationship": "Outer",
                                "Parallel Aware": false,
                                "Index Name": "info_type_id_movie_info",
                                "Startup Cost": 0.0,
                                "Total Cost": 8417.73,
                                "Plan Rows": 471106,
                                "Plan Width": 0,
                                "Actual Startup Time": 23.477,
                                "Actual Total Time": 23.478,
                                "Actual Rows": 474443,
                                "Actual Loops": 1,
                                "Index Cond": "(info_type_id = 6)"
                              }
                            ]
                          },
                          {
                            "Node Type": "Hash",
                            "Parent Relationship": "Inner",
                            "Parallel Aware": true,
                            "Startup Cost": 50870.31,
                            "Total Cost": 50870.31,
                            "Plan Rows": 1487231,
                            "Plan Width": 4,
                            "Actual Startup Time": 577.141,
                            "Actual Total Time": 577.142,
                            "Actual Rows": 1264156,
                            "Actual Loops": 2,
                            "Hash Buckets": 4194304,
                            "Original Hash Buckets": 4194304,
                            "Hash Batches": 1,
                            "Original Hash Batches": 1,
                            "Peak Memory Usage": 131712,
                            "Plans": [
                              {
                                "Node Type": "Seq Scan",
                                "Parent Relationship": "Outer",
                                "Parallel Aware": true,
                                "Relation Name": "title",
                                "Alias": "t",
                                "Startup Cost": 0.0,
                                "Total Cost": 50870.31,
                                "Plan Rows": 1487231,
                                "Plan Width": 4,
                                "Actual Startup Time": 0.029,
                                "Actual Total Time": 159.569,
                                "Actual Rows": 1264156,
                                "Actual Loops": 2
                              }
                            ]
                          }
                        ]
                      }
                    ]
                  }
                ]
              }
            ]
          }
        ]
      }
    ]
  },
  "Planning Time": 1.095,
  "Triggers": [],
  "Execution Time": 6748.856
}