[
  {
    "Plan": {
      "Node Type": "Aggregate",
      "Strategy": "Plain",
      "Partial Mode": "Finalize",
      "Parallel Aware": false,
      "Startup Cost": 385674.01,
      "Total Cost": 385674.02,
      "Plan Rows": 1,
      "Plan Width": 8,
      "Actual Startup Time": 1323.884,
      "Actual Total Time": 1382.628,
      "Actual Rows": 1,
      "Actual Loops": 1,
      "Plans": [
        {
          "Node Type": "Gather",
          "Parent Relationship": "Outer",
          "Parallel Aware": false,
          "Startup Cost": 385673.39,
          "Total Cost": 385674.0,
          "Plan Rows": 6,
          "Plan Width": 8,
          "Actual Startup Time": 1322.332,
          "Actual Total Time": 1382.617,
          "Actual Rows": 7,
          "Actual Loops": 1,
          "Workers Planned": 6,
          "Workers Launched": 6,
          "Single Copy": false,
          "Plans": [
            {
              "Node Type": "Aggregate",
              "Strategy": "Plain",
              "Partial Mode": "Partial",
              "Parent Relationship": "Outer",
              "Parallel Aware": false,
              "Startup Cost": 384673.39,
              "Total Cost": 384673.4,
              "Plan Rows": 1,
              "Plan Width": 8,
              "Actual Startup Time": 1314.084,
              "Actual Total Time": 1314.087,
              "Actual Rows": 1,
              "Actual Loops": 7,
              "Plans": [
                {
                  "Node Type": "Hash Join",
                  "Parent Relationship": "Outer",
                  "Parallel Aware": true,
                  "Join Type": "Inner",
                  "Startup Cost": 45782.51,
                  "Total Cost": 384297.19,
                  "Plan Rows": 150479,
                  "Plan Width": 0,
                  "Actual Startup Time": 314.439,
                  "Actual Total Time": 1304.257,
                  "Actual Rows": 169679,
                  "Actual Loops": 7,
                  "Inner Unique": true,
                  "Hash Cond": "(ci.movie_id = t.id)",
                  "Plans": [
                    {
                      "Node Type": "Seq Scan",
                      "Parent Relationship": "Outer",
                      "Parallel Aware": true,
                      "Relation Name": "cast_info",
                      "Alias": "ci",
                      "Startup Cost": 0.0,
                      "Total Cost": 328211.39,
                      "Plan Rows": 3925053,
                      "Plan Width": 4,
                      "Actual Startup Time": 225.221,
                      "Actual Total Time": 740.28,
                      "Actual Rows": 3367665,
                      "Actual Loops": 7,
                      "Filter": "(role_id > 1)",
                      "Rows Removed by Filter": 1810098
                    },
                    {
                      "Node Type": "Hash",
                      "Parent Relationship": "Inner",
                      "Parallel Aware": true,
                      "Startup Cost": 45479.59,
                      "Total Cost": 45479.59,
                      "Plan Rows": 24234,
                      "Plan Width": 4,
                      "Actual Startup Time": 87.609,
                      "Actual Total Time": 87.61,
                      "Actual Rows": 15178,
                      "Actual Loops": 7,
                      "Hash Buckets": 131072,
                      "Original Hash Buckets": 131072,
                      "Hash Batches": 1,
                      "Original Hash Batches": 1,
                      "Peak Memory Usage": 5280,
                      "Plans": [
                        {
                          "Node Type": "Seq Scan",
                          "Parent Relationship": "Outer",
                          "Parallel Aware": true,
                          "Relation Name": "title",
                          "Alias": "t",
                          "Startup Cost": 0.0,
                          "Total Cost": 45479.59,
                          "Plan Rows": 24234,
                          "Plan Width": 4,
                          "Actual Startup Time": 0.041,
                          "Actual Total Time": 79.692,
                          "Actual Rows": 15178,
                          "Actual Loops": 7,
                          "Filter": "((kind_id = 7) AND (production_year = 2011))",
                          "Rows Removed by Filter": 346009
                        }
                      ]
                    }
                  ]
                }
              ]
            }
          ]
        }
      ]
    },
    "Planning Time": 0.737,
    "Triggers": [],
    "Execution Time": 1382.716
  }
]