{
  "Plan": {
    "Node Type": "Aggregate",
    "Strategy": "Plain",
    "Partial Mode": "Finalize",
    "Parallel Aware": false,
    "Startup Cost": 118851.61,
    "Total Cost": 118851.62,
    "Plan Rows": 1,
    "Plan Width": 8,
    "Actual Startup Time": 447.134,
    "Actual Total Time": 463.944,
    "Actual Rows": 1,
    "Actual Loops": 1,
    "Plans": [
      {
        "Node Type": "Gather",
        "Parent Relationship": "Outer",
        "Parallel Aware": false,
        "Startup Cost": 118851.5,
        "Total Cost": 118851.61,
        "Plan Rows": 1,
        "Plan Width": 8,
        "Actual Startup Time": 446.595,
        "Actual Total Time": 463.936,
        "Actual Rows": 2,
        "Actual Loops": 1,
        "Workers Planned": 1,
        "Workers Launched": 1,
        "Single Copy": false,
        "Plans": [
          {
            "Node Type": "Aggregate",
            "Strategy": "Plain",
            "Partial Mode": "Partial",
            "Parent Relationship": "Outer",
            "Parallel Aware": false,
            "Startup Cost": 117851.5,
            "Total Cost": 117851.51,
            "Plan Rows": 1,
            "Plan Width": 8,
            "Actual Startup Time": 440.909,
            "Actual Total Time": 440.913,
            "Actual Rows": 1,
            "Actual Loops": 2,
            "Plans": [
              {
                "Node Type": "Hash Join",
                "Parent Relationship": "Outer",
                "Parallel Aware": true,
                "Join Type": "Inner",
                "Startup Cost": 55773.84,
                "Total Cost": 117601.91,
                "Plan Rows": 99837,
                "Plan Width": 0,
                "Actual Startup Time": 162.916,
                "Actual Total Time": 439.054,
                "Actual Rows": 44597,
                "Actual Loops": 2,
                "Inner Unique": true,
                "Hash Cond": "(mk.movie_id = t.id)",
                "Plans": [
                  {
                    "Node Type": "Seq Scan",
                    "Parent Relationship": "Outer",
                    "Parallel Aware": true,
                    "Relation Name": "movie_keyword",
                    "Alias": "mk",
                    "Startup Cost": 0.0,
                    "Total Cost": 57718.19,
                    "Plan Rows": 1565663,
                    "Plan Width": 4,
                    "Actual Startup Time": 0.289,
                    "Actual Total Time": 182.54,
                    "Actual Rows": 1327093,
                    "Actual Loops": 2,
                    "Filter": "(keyword_id > 3154)",
                    "Rows Removed by Filter": 934872
                  },
                  {
                    "Node Type": "Hash",
                    "Parent Relationship": "Inner",
                    "Parallel Aware": true,
                    "Startup Cost": 54588.39,
                    "Total Cost": 54588.39,
                    "Plan Rows": 94836,
                    "Plan Width": 4,
                    "Actual Startup Time": 158.918,
                    "Actual Total Time": 158.919,
                    "Actual Rows": 80008,
                    "Actual Loops": 2,
                    "Hash Buckets": 262144,
                    "Original Hash Buckets": 262144,
                    "Hash Batches": 1,
                    "Original Hash Batches": 1,
                    "Peak Memory Usage": 8352,
                    "Plans": [
                      {
                        "Node Type": "Seq Scan",
                        "Parent Relationship": "Outer",
                        "Parallel Aware": true,
                        "Relation Name": "title",
                        "Alias": "t",
                        "Startup Cost": 0.0,
                        "Total Cost": 54588.39,
                        "Plan Rows": 94836,
                        "Plan Width": 4,
                        "Actual Startup Time": 0.037,
                        "Actual Total Time": 137.42,
                        "Actual Rows": 80008,
                        "Actual Loops": 2,
                        "Filter": "(production_year = 2011)",
                        "Rows Removed by Filter": 1184148
                      }
                    ]
                  }
                ]
              }
            ]
          }
        ]
      }
    ]
  },
  "Planning Time": 0.443,
  "Triggers": [],
  "Execution Time": 464.013
}