[
  {
    "Plan": {
      "Node Type": "Aggregate",
      "Strategy": "Plain",
      "Partial Mode": "Finalize",
      "Parallel Aware": false,
      "Startup Cost": 46152.35,
      "Total Cost": 46152.36,
      "Plan Rows": 1,
      "Plan Width": 8,
      "Actual Startup Time": 180.876,
      "Actual Total Time": 187.162,
      "Actual Rows": 1,
      "Actual Loops": 1,
      "Plans": [
        {
          "Node Type": "Gather",
          "Parent Relationship": "Outer",
          "Parallel Aware": false,
          "Startup Cost": 46152.03,
          "Total Cost": 46152.34,
          "Plan Rows": 3,
          "Plan Width": 8,
          "Actual Startup Time": 180.788,
          "Actual Total Time": 187.154,
          "Actual Rows": 4,
          "Actual Loops": 1,
          "Workers Planned": 3,
          "Workers Launched": 3,
          "Single Copy": false,
          "Plans": [
            {
              "Node Type": "Aggregate",
              "Strategy": "Plain",
              "Partial Mode": "Partial",
              "Parent Relationship": "Outer",
              "Parallel Aware": false,
              "Startup Cost": 45152.03,
              "Total Cost": 45152.04,
              "Plan Rows": 1,
              "Plan Width": 8,
              "Actual Startup Time": 173.616,
              "Actual Total Time": 173.637,
              "Actual Rows": 1,
              "Actual Loops": 4,
              "Plans": [
                {
                  "Node Type": "Seq Scan",
                  "Parent Relationship": "Outer",
                  "Parallel Aware": true,
                  "Relation Name": "movie_keyword",
                  "Alias": "mk",
                  "Startup Cost": 0.0,
                  "Total Cost": 42695.65,
                  "Plan Rows": 982550,
                  "Plan Width": 0,
                  "Actual Startup Time": 0.161,
                  "Actual Total Time": 131.085,
                  "Actual Rows": 762131,
                  "Actual Loops": 4,
                  "Filter": "(keyword_id > 2104)",
                  "Rows Removed by Filter": 368852
                }
              ]
            }
          ]
        }
      ]
    },
    "Planning Time": 0.064,
    "Triggers": [],
    "Execution Time": 187.186
  }
]