[
  {
    "Plan": {
      "Node Type": "Aggregate",
      "Strategy": "Plain",
      "Partial Mode": "Finalize",
      "Parallel Aware": false,
      "Startup Cost": 45427.86,
      "Total Cost": 45427.87,
      "Plan Rows": 1,
      "Plan Width": 8,
      "Actual Startup Time": 147.446,
      "Actual Total Time": 157.068,
      "Actual Rows": 1,
      "Actual Loops": 1,
      "Plans": [
        {
          "Node Type": "Gather",
          "Parent Relationship": "Outer",
          "Parallel Aware": false,
          "Startup Cost": 45427.55,
          "Total Cost": 45427.86,
          "Plan Rows": 3,
          "Plan Width": 8,
          "Actual Startup Time": 147.323,
          "Actual Total Time": 157.058,
          "Actual Rows": 4,
          "Actual Loops": 1,
          "Workers Planned": 3,
          "Workers Launched": 3,
          "Single Copy": false,
          "Plans": [
            {
              "Node Type": "Aggregate",
              "Strategy": "Plain",
              "Partial Mode": "Partial",
              "Parent Relationship": "Outer",
              "Parallel Aware": false,
              "Startup Cost": 44427.55,
              "Total Cost": 44427.56,
              "Plan Rows": 1,
              "Plan Width": 8,
              "Actual Startup Time": 138.468,
              "Actual Total Time": 138.469,
              "Actual Rows": 1,
              "Actual Loops": 4,
              "Plans": [
                {
                  "Node Type": "Seq Scan",
                  "Parent Relationship": "Outer",
                  "Parallel Aware": true,
                  "Relation Name": "movie_keyword",
                  "Alias": "mk",
                  "Startup Cost": 0.0,
                  "Total Cost": 42695.65,
                  "Plan Rows": 692757,
                  "Plan Width": 0,
                  "Actual Startup Time": 0.075,
                  "Actual Total Time": 113.159,
                  "Actual Rows": 540561,
                  "Actual Loops": 4,
                  "Filter": "(keyword_id < 4135)",
                  "Rows Removed by Filter": 590422
                }
              ]
            }
          ]
        }
      ]
    },
    "Planning Time": 0.18,
    "Triggers": [],
    "Execution Time": 157.13
  }
]