[
  {
    "Plan": {
      "Node Type": "Aggregate",
      "Strategy": "Plain",
      "Partial Mode": "Finalize",
      "Parallel Aware": false,
      "Startup Cost": 247311.82,
      "Total Cost": 247311.83,
      "Plan Rows": 1,
      "Plan Width": 8,
      "Actual Startup Time": 602.57,
      "Actual Total Time": 620.416,
      "Actual Rows": 1,
      "Actual Loops": 1,
      "Plans": [
        {
          "Node Type": "Gather",
          "Parent Relationship": "Outer",
          "Parallel Aware": false,
          "Startup Cost": 247311.3,
          "Total Cost": 247311.81,
          "Plan Rows": 5,
          "Plan Width": 8,
          "Actual Startup Time": 587.83,
          "Actual Total Time": 620.402,
          "Actual Rows": 6,
          "Actual Loops": 1,
          "Workers Planned": 5,
          "Workers Launched": 5,
          "Single Copy": false,
          "Plans": [
            {
              "Node Type": "Aggregate",
              "Strategy": "Plain",
              "Partial Mode": "Partial",
              "Parent Relationship": "Outer",
              "Parallel Aware": false,
              "Startup Cost": 246311.3,
              "Total Cost": 246311.31,
              "Plan Rows": 1,
              "Plan Width": 8,
              "Actual Startup Time": 573.078,
              "Actual Total Time": 573.083,
              "Actual Rows": 1,
              "Actual Loops": 6,
              "Plans": [
                {
                  "Node Type": "Nested Loop",
                  "Parent Relationship": "Outer",
                  "Parallel Aware": false,
                  "Join Type": "Inner",
                  "Startup Cost": 53595.13,
                  "Total Cost": 246281.97,
                  "Plan Rows": 11732,
                  "Plan Width": 0,
                  "Actual Startup Time": 296.981,
                  "Actual Total Time": 563.844,
                  "Actual Rows": 169986,
                  "Actual Loops": 6,
                  "Inner Unique": false,
                  "Plans": [
                    {
                      "Node Type": "Hash Join",
                      "Parent Relationship": "Outer",
                      "Parallel Aware": true,
                      "Join Type": "Inner",
                      "Startup Cost": 53594.7,
                      "Total Cost": 224088.69,
                      "Plan Rows": 37313,
                      "Plan Width": 8,
                      "Actual Startup Time": 296.906,
                      "Actual Total Time": 325.853,
                      "Actual Rows": 30019,
                      "Actual Loops": 6,
                      "Inner Unique": true,
                      "Hash Cond": "(mi.movie_id = t.id)",
                      "Plans": [
                        {
                          "Node Type": "Bitmap Heap Scan",
                          "Parent Relationship": "Outer",
                          "Parallel Aware": true,
                          "Relation Name": "movie_info",
                          "Alias": "mi",
                          "Startup Cost": 3374.32,
                          "Total Cost": 173770.36,
                          "Plan Rows": 37313,
                          "Plan Width": 4,
                          "Actual Startup Time": 10.925,
                          "Actual Total Time": 21.179,
                          "Actual Rows": 30019,
                          "Actual Loops": 6,
                          "Recheck Cond": "(info_type_id = 13)",
                          "Rows Removed by Index Recheck": 0,
                          "Exact Heap Blocks": 1187,
                          "Lossy Heap Blocks": 0,
                          "Plans": [
                            {
                              "Node Type": "Bitmap Index Scan",
                              "Parent Relationship": "Outer",
                              "Parallel Aware": false,
                              "Index Name": "info_type_id_movie_info",
                              "Startup Cost": 0.0,
                              "Total Cost": 3327.68,
                              "Plan Rows": 186566,
                              "Plan Width": 0,
                              "Actual Startup Time": 10.095,
                              "Actual Total Time": 10.096,
                              "Actual Rows": 180112,
                              "Actual Loops": 1,
                              "Index Cond": "(info_type_id = 13)"
                            }
                          ]
                        },
                        {
                          "Node Type": "Hash",
                          "Parent Relationship": "Inner",
                          "Parallel Aware": true,
                          "Startup Cost": 42319.06,
                          "Total Cost": 42319.06,
                          "Plan Rows": 632106,
                          "Plan Width": 4,
                          "Actual Startup Time": 280.341,
                          "Actual Total Time": 280.342,
                          "Actual Rows": 421385,
                          "Actual Loops": 6,
                          "Hash Buckets": 4194304,
                          "Original Hash Buckets": 4194304,
                          "Hash Batches": 1,
                          "Original Hash Batches": 1,
                          "Peak Memory Usage": 131776,
                          "Plans": [
                            {
                              "Node Type": "Seq Scan",
                              "Parent Relationship": "Outer",
                              "Parallel Aware": true,
                              "Relation Name": "title",
                              "Alias": "t",
                              "Startup Cost": 0.0,
                              "Total Cost": 42319.06,
                              "Plan Rows": 632106,
                              "Plan Width": 4,
                              "Actual Startup Time": 0.043,
                              "Actual Total Time": 83.417,
                              "Actual Rows": 421385,
                              "Actual Loops": 6
                            }
                          ]
                        }
                      ]
                    },
                    {
                      "Node Type": "Index Scan",
                      "Parent Relationship": "Inner",
                      "Parallel Aware": false,
                      "Scan Direction": "Forward",
                      "Index Name": "movie_id_movie_companies",
                      "Relation Name": "movie_companies",
                      "Alias": "mc",
                      "Startup Cost": 0.43,
                      "Total Cost": 0.57,
                      "Plan Rows": 2,
                      "Plan Width": 4,
                      "Actual Startup Time": 0.003,
                      "Actual Total Time": 0.007,
                      "Actual Rows": 6,
                      "Actual Loops": 180112,
                      "Index Cond": "(movie_id = t.id)",
                      "Rows Removed by Index Recheck": 0,
                      "Filter": "(company_id < 1711)",
                      "Rows Removed by Filter": 11
                    }
                  ]
                }
              ]
            }
          ]
        }
      ]
    },
    "Planning Time": 0.432,
    "Triggers": [],
    "Execution Time": 620.47
  }
]