{
  "Plan": {
    "Node Type": "Aggregate",
    "Strategy": "Plain",
    "Partial Mode": "Finalize",
    "Parallel Aware": false,
    "Startup Cost": 663776.3,
    "Total Cost": 663776.31,
    "Plan Rows": 1,
    "Plan Width": 8,
    "Actual Startup Time": 2899.673,
    "Actual Total Time": 2966.076,
    "Actual Rows": 1,
    "Actual Loops": 1,
    "Plans": [
      {
        "Node Type": "Gather",
        "Parent Relationship": "Outer",
        "Parallel Aware": false,
        "Startup Cost": 663776.19,
        "Total Cost": 663776.3,
        "Plan Rows": 1,
        "Plan Width": 8,
        "Actual Startup Time": 2898.506,
        "Actual Total Time": 2966.069,
        "Actual Rows": 2,
        "Actual Loops": 1,
        "Workers Planned": 1,
        "Workers Launched": 1,
        "Single Copy": false,
        "Plans": [
          {
            "Node Type": "Aggregate",
            "Strategy": "Plain",
            "Partial Mode": "Partial",
            "Parent Relationship": "Outer",
            "Parallel Aware": false,
            "Startup Cost": 662776.19,
            "Total Cost": 662776.2,
            "Plan Rows": 1,
            "Plan Width": 8,
            "Actual Startup Time": 2893.106,
            "Actual Total Time": 2893.112,
            "Actual Rows": 1,
            "Actual Loops": 2,
            "Plans": [
              {
                "Node Type": "Hash Join",
                "Parent Relationship": "Outer",
                "Parallel Aware": true,
                "Join Type": "Inner",
                "Startup Cost": 588302.98,
                "Total Cost": 661747.44,
                "Plan Rows": 411501,
                "Plan Width": 0,
                "Actual Startup Time": 2479.713,
                "Actual Total Time": 2845.507,
                "Actual Rows": 1202719,
                "Actual Loops": 2,
                "Inner Unique": false,
                "Hash Cond": "(mk.movie_id = t.id)",
                "Plans": [
                  {
                    "Node Type": "Seq Scan",
                    "Parent Relationship": "Outer",
                    "Parallel Aware": true,
                    "Relation Name": "movie_keyword",
                    "Alias": "mk",
                    "Startup Cost": 0.0,
                    "Total Cost": 51065.35,
                    "Plan Rows": 2661135,
                    "Plan Width": 4,
                    "Actual Startup Time": 0.011,
                    "Actual Total Time": 149.906,
                    "Actual Rows": 2261965,
                    "Actual Loops": 2
                  },
                  {
                    "Node Type": "Hash",
                    "Parent Relationship": "Inner",
                    "Parallel Aware": true,
                    "Startup Cost": 585428.28,
                    "Total Cost": 585428.28,
                    "Plan Rows": 229976,
                    "Plan Width": 8,
                    "Actual Startup Time": 2405.707,
                    "Actual Total Time": 2405.712,
                    "Actual Rows": 244719,
                    "Actual Loops": 2,
                    "Hash Buckets": 524288,
                    "Original Hash Buckets": 524288,
                    "Hash Batches": 1,
                    "Original Hash Batches": 1,
                    "Peak Memory Usage": 23264,
                    "Plans": [
                      {
                        "Node Type": "Hash Join",
                        "Parent Relationship": "Outer",
                        "Parallel Aware": true,
                        "Join Type": "Inner",
                        "Startup Cost": 39149.62,
                        "Total Cost": 585428.28,
                        "Plan Rows": 229976,
                        "Plan Width": 8,
                        "Actual Startup Time": 481.816,
                        "Actual Total Time": 2336.873,
                        "Actual Rows": 244719,
                        "Actual Loops": 2,
                        "Inner Unique": true,
                        "Hash Cond": "(ci.movie_id = t.id)",
                        "Plans": [
                          {
                            "Node Type": "Seq Scan",
                            "Parent Relationship": "Outer",
                            "Parallel Aware": true,
                            "Relation Name": "cast_info",
                            "Alias": "ci",
                            "Startup Cost": 0.0,
                            "Total Cost": 519069.44,
                            "Plan Rows": 10365399,
                            "Plan Width": 4,
                            "Actual Startup Time": 425.303,
                            "Actual Total Time": 1408.323,
                            "Actual Rows": 8802575,
                            "Actual Loops": 2,
                            "Filter": "(person_id > 1856071)",
                            "Rows Removed by Filter": 9319597
                          },
                          {
                            "Node Type": "Hash",
                            "Parent Relationship": "Inner",
                            "Parallel Aware": true,
                            "Startup Cost": 38737.16,
                            "Total Cost": 38737.16,
                            "Plan Rows": 32997,
                            "Plan Width": 4,
                            "Actual Startup Time": 56.117,
                            "Actual Total Time": 56.118,
                            "Actual Rows": 21940,
                            "Actual Loops": 2,
                            "Hash Buckets": 65536,
                            "Original Hash Buckets": 65536,
                            "Hash Batches": 1,
                            "Original Hash Batches": 1,
                            "Peak Memory Usage": 2240,
                            "Plans": [
                              {
                                "Node Type": "Bitmap Heap Scan",
                                "Parent Relationship": "Outer",
                                "Parallel Aware": true,
                                "Relation Name": "title",
                                "Alias": "t",
                                "Startup Cost": 1837.16,
                                "Total Cost": 38737.16,
                                "Plan Rows": 32997,
                                "Plan Width": 4,
                                "Actual Startup Time": 16.706,
                                "Actual Total Time": 50.854,
                                "Actual Rows": 21940,
                                "Actual Loops": 2,
                                "Recheck Cond": "(kind_id = 3)",
                                "Rows Removed by Index Recheck": 0,
                                "Filter": "(production_year > 2000)",
                                "Rows Removed by Filter": 28329,
                                "Exact Heap Blocks": 10876,
                                "Lossy Heap Blocks": 0,
                                "Plans": [
                                  {
                                    "Node Type": "Bitmap Index Scan",
                                    "Parent Relationship": "Outer",
                                    "Parallel Aware": false,
                                    "Index Name": "kind_id_title",
                                    "Startup Cost": 0.0,
                                    "Total Cost": 1823.13,
                                    "Plan Rows": 102227,
                                    "Plan Width": 0,
                                    "Actual Startup Time": 13.038,
                                    "Actual Total Time": 13.038,
                                    "Actual Rows": 100537,
                                    "Actual Loops": 1,
                                    "Index Cond": "(kind_id = 3)"
                                  }
                                ]
                              }
                            ]
                          }
                        ]
                      }
                    ]
                  }
                ]
              }
            ]
          }
        ]
      }
    ]
  },
  "Planning Time": 0.871,
  "Triggers": [],
  "Execution Time": 2966.187
}