[
    {
        "Bao": {
            "Bao prediction": "NaN",
            "Bao recommended hint": "(no hint)"
        }
    },
    {
        "Plan": {
            "Node Type": "Aggregate",
            "Strategy": "Plain",
            "Partial Mode": "Finalize",
            "Parallel Aware": false,
            "Startup Cost": 513497.8,
            "Total Cost": 513497.81,
            "Plan Rows": 1,
            "Plan Width": 8,
            "Actual Startup Time": 5708.632,
            "Actual Total Time": 5768.115,
            "Actual Rows": 1,
            "Actual Loops": 1,
            "Output": [
                "count(*)"
            ],
            "Plans": [
                {
                    "Node Type": "Gather",
                    "Parent Relationship": "Outer",
                    "Parallel Aware": false,
                    "Startup Cost": 513497.17,
                    "Total Cost": 513497.78,
                    "Plan Rows": 6,
                    "Plan Width": 8,
                    "Actual Startup Time": 5654.892,
                    "Actual Total Time": 5768.099,
                    "Actual Rows": 7,
                    "Actual Loops": 1,
                    "Output": [
                        "(PARTIAL count(*))"
                    ],
                    "Workers Planned": 6,
                    "Workers Launched": 6,
                    "Single Copy": false,
                    "Plans": [
                        {
                            "Node Type": "Aggregate",
                            "Strategy": "Plain",
                            "Partial Mode": "Partial",
                            "Parent Relationship": "Outer",
                            "Parallel Aware": false,
                            "Startup Cost": 512497.17,
                            "Total Cost": 512497.18,
                            "Plan Rows": 1,
                            "Plan Width": 8,
                            "Actual Startup Time": 5641.459,
                            "Actual Total Time": 5642.702,
                            "Actual Rows": 1,
                            "Actual Loops": 7,
                            "Output": [
                                "PARTIAL count(*)"
                            ],
                            "Workers": [
                                {
                                    "Worker Number": 0,
                                    "Actual Startup Time": 5638.579,
                                    "Actual Total Time": 5638.584,
                                    "Actual Rows": 1,
                                    "Actual Loops": 1
                                },
                                {
                                    "Worker Number": 1,
                                    "Actual Startup Time": 5638.59,
                                    "Actual Total Time": 5638.595,
                                    "Actual Rows": 1,
                                    "Actual Loops": 1
                                },
                                {
                                    "Worker Number": 2,
                                    "Actual Startup Time": 5642.394,
                                    "Actual Total Time": 5642.399,
                                    "Actual Rows": 1,
                                    "Actual Loops": 1
                                },
                                {
                                    "Worker Number": 3,
                                    "Actual Startup Time": 5638.549,
                                    "Actual Total Time": 5638.554,
                                    "Actual Rows": 1,
                                    "Actual Loops": 1
                                },
                                {
                                    "Worker Number": 4,
                                    "Actual Startup Time": 5638.617,
                                    "Actual Total Time": 5638.622,
                                    "Actual Rows": 1,
                                    "Actual Loops": 1
                                },
                                {
                                    "Worker Number": 5,
                                    "Actual Startup Time": 5638.971,
                                    "Actual Total Time": 5638.976,
                                    "Actual Rows": 1,
                                    "Actual Loops": 1
                                }
                            ],
                            "Plans": [
                                {
                                    "Node Type": "Hash Join",
                                    "Parent Relationship": "Outer",
                                    "Parallel Aware": true,
                                    "Join Type": "Inner",
                                    "Startup Cost": 112506.37,
                                    "Total Cost": 490308.27,
                                    "Plan Rows": 8875560,
                                    "Plan Width": 0,
                                    "Actual Startup Time": 679.515,
                                    "Actual Total Time": 4563.347,
                                    "Actual Rows": 25865990,
                                    "Actual Loops": 7,
                                    "Inner Unique": false,
                                    "Hash Cond": "(ci.movie_id = t.id)",
                                    "Workers": [
                                        {
                                            "Worker Number": 0,
                                            "Actual Startup Time": 677.164,
                                            "Actual Total Time": 4553.557,
                                            "Actual Rows": 23957693,
                                            "Actual Loops": 1
                                        },
                                        {
                                            "Worker Number": 1,
                                            "Actual Startup Time": 677.125,
                                            "Actual Total Time": 4525.207,
                                            "Actual Rows": 24616608,
                                            "Actual Loops": 1
                                        },
                                        {
                                            "Worker Number": 2,
                                            "Actual Startup Time": 677.328,
                                            "Actual Total Time": 4532.539,
                                            "Actual Rows": 24339808,
                                            "Actual Loops": 1
                                        },
                                        {
                                            "Worker Number": 3,
                                            "Actual Startup Time": 677.062,
                                            "Actual Total Time": 4572.669,
                                            "Actual Rows": 27147635,
                                            "Actual Loops": 1
                                        },
                                        {
                                            "Worker Number": 4,
                                            "Actual Startup Time": 677.079,
                                            "Actual Total Time": 4556.867,
                                            "Actual Rows": 27974251,
                                            "Actual Loops": 1
                                        },
                                        {
                                            "Worker Number": 5,
                                            "Actual Startup Time": 677.741,
                                            "Actual Total Time": 4581.526,
                                            "Actual Rows": 26519444,
                                            "Actual Loops": 1
                                        }
                                    ],
                                    "Plans": [
                                        {
                                            "Node Type": "Seq Scan",
                                            "Parent Relationship": "Outer",
                                            "Parallel Aware": true,
                                            "Relation Name": "cast_info",
                                            "Schema": "public",
                                            "Alias": "ci",
                                            "Startup Cost": 0.0,
                                            "Total Cost": 328213.62,
                                            "Plan Rows": 5588656,
                                            "Plan Width": 4,
                                            "Actual Startup Time": 30.293,
                                            "Actual Total Time": 586.657,
                                            "Actual Rows": 4780847,
                                            "Actual Loops": 7,
                                            "Output": [
                                                "ci.id",
                                                "ci.person_id",
                                                "ci.movie_id",
                                                "ci.person_role_id",
                                                "ci.note",
                                                "ci.nr_order",
                                                "ci.role_id"
                                            ],
                                            "Filter": "(ci.person_id > 266989)",
                                            "Rows Removed by Filter": 396917,
                                            "Workers": [
                                                {
                                                    "Worker Number": 0,
                                                    "Actual Startup Time": 30.306,
                                                    "Actual Total Time": 590.402,
                                                    "Actual Rows": 4416735,
                                                    "Actual Loops": 1
                                                },
                                                {
                                                    "Worker Number": 1,
                                                    "Actual Startup Time": 30.298,
                                                    "Actual Total Time": 612.016,
                                                    "Actual Rows": 4516036,
                                                    "Actual Loops": 1
                                                },
                                                {
                                                    "Worker Number": 2,
                                                    "Actual Startup Time": 30.288,
                                                    "Actual Total Time": 613.644,
                                                    "Actual Rows": 4488198,
                                                    "Actual Loops": 1
                                                },
                                                {
                                                    "Worker Number": 3,
                                                    "Actual Startup Time": 30.294,
                                                    "Actual Total Time": 611.199,
                                                    "Actual Rows": 5092238,
                                                    "Actual Loops": 1
                                                },
                                                {
                                                    "Worker Number": 4,
                                                    "Actual Startup Time": 30.294,
                                                    "Actual Total Time": 607.848,
                                                    "Actual Rows": 5156717,
                                                    "Actual Loops": 1
                                                },
                                                {
                                                    "Worker Number": 5,
                                                    "Actual Startup Time": 30.283,
                                                    "Actual Total Time": 584.391,
                                                    "Actual Rows": 4880152,
                                                    "Actual Loops": 1
                                                }
                                            ]
                                        },
                                        {
                                            "Node Type": "Hash",
                                            "Parent Relationship": "Inner",
                                            "Parallel Aware": true,
                                            "Startup Cost": 96315.54,
                                            "Total Cost": 96315.54,
                                            "Plan Rows": 1295266,
                                            "Plan Width": 8,
                                            "Actual Startup Time": 644.487,
                                            "Actual Total Time": 645.728,
                                            "Actual Rows": 573969,
                                            "Actual Loops": 7,
                                            "Output": [
                                                "t.id",
                                                "mk.movie_id"
                                            ],
                                            "Hash Buckets": 4194304,
                                            "Original Hash Buckets": 4194304,
                                            "Hash Batches": 1,
                                            "Original Hash Batches": 1,
                                            "Peak Memory Usage": 190048,
                                            "Workers": [
                                                {
                                                    "Worker Number": 0,
                                                    "Actual Startup Time": 645.961,
                                                    "Actual Total Time": 645.964,
                                                    "Actual Rows": 444495,
                                                    "Actual Loops": 1
                                                },
                                                {
                                                    "Worker Number": 1,
                                                    "Actual Startup Time": 646.054,
                                                    "Actual Total Time": 646.057,
                                                    "Actual Rows": 451800,
                                                    "Actual Loops": 1
                                                },
                                                {
                                                    "Worker Number": 2,
                                                    "Actual Startup Time": 646.085,
                                                    "Actual Total Time": 646.088,
                                                    "Actual Rows": 452022,
                                                    "Actual Loops": 1
                                                },
                                                {
                                                    "Worker Number": 3,
                                                    "Actual Startup Time": 646.034,
                                                    "Actual Total Time": 646.038,
                                                    "Actual Rows": 668348,
                                                    "Actual Loops": 1
                                                },
                                                {
                                                    "Worker Number": 4,
                                                    "Actual Startup Time": 645.978,
                                                    "Actual Total Time": 645.982,
                                                    "Actual Rows": 671998,
                                                    "Actual Loops": 1
                                                },
                                                {
                                                    "Worker Number": 5,
                                                    "Actual Startup Time": 646.433,
                                                    "Actual Total Time": 646.436,
                                                    "Actual Rows": 648553,
                                                    "Actual Loops": 1
                                                }
                                            ],
                                            "Plans": [
                                                {
                                                    "Node Type": "Hash Join",
                                                    "Parent Relationship": "Outer",
                                                    "Parallel Aware": true,
                                                    "Join Type": "Inner",
                                                    "Startup Cost": 50219.81,
                                                    "Total Cost": 96315.54,
                                                    "Plan Rows": 1295266,
                                                    "Plan Width": 8,
                                                    "Actual Startup Time": 255.203,
                                                    "Actual Total Time": 463.218,
                                                    "Actual Rows": 573969,
                                                    "Actual Loops": 7,
                                                    "Output": [
                                                        "t.id",
                                                        "mk.movie_id"
                                                    ],
                                                    "Inner Unique": true,
                                                    "Hash Cond": "(mk.movie_id = t.id)",
                                                    "Workers": [
                                                        {
                                                            "Worker Number": 0,
                                                            "Actual Startup Time": 255.249,
                                                            "Actual Total Time": 462.327,
                                                            "Actual Rows": 444495,
                                                            "Actual Loops": 1
                                                        },
                                                        {
                                                            "Worker Number": 1,
                                                            "Actual Startup Time": 255.262,
                                                            "Actual Total Time": 462.48,
                                                            "Actual Rows": 451800,
                                                            "Actual Loops": 1
                                                        },
                                                        {
                                                            "Worker Number": 2,
                                                            "Actual Startup Time": 255.168,
                                                            "Actual Total Time": 462.995,
                                                            "Actual Rows": 452022,
                                                            "Actual Loops": 1
                                                        },
                                                        {
                                                            "Worker Number": 3,
                                                            "Actual Startup Time": 255.151,
                                                            "Actual Total Time": 461.511,
                                                            "Actual Rows": 668348,
                                                            "Actual Loops": 1
                                                        },
                                                        {
                                                            "Worker Number": 4,
                                                            "Actual Startup Time": 255.192,
                                                            "Actual Total Time": 463.203,
                                                            "Actual Rows": 671998,
                                                            "Actual Loops": 1
                                                        },
                                                        {
                                                            "Worker Number": 5,
                                                            "Actual Startup Time": 255.138,
                                                            "Actual Total Time": 462.057,
                                                            "Actual Rows": 648553,
                                                            "Actual Loops": 1
                                                        }
                                                    ],
                                                    "Plans": [
                                                        {
                                                            "Node Type": "Seq Scan",
                                                            "Parent Relationship": "Outer",
                                                            "Parallel Aware": true,
                                                            "Relation Name": "movie_keyword",
                                                            "Schema": "public",
                                                            "Alias": "mk",
                                                            "Startup Cost": 0.0,
                                                            "Total Cost": 42695.65,
                                                            "Plan Rows": 1295266,
                                                            "Plan Width": 4,
                                                            "Actual Startup Time": 0.029,
                                                            "Actual Total Time": 86.618,
                                                            "Actual Rows": 573969,
                                                            "Actual Loops": 7,
                                                            "Output": [
                                                                "mk.id",
                                                                "mk.movie_id",
                                                                "mk.keyword_id"
                                                            ],
                                                            "Filter": "(mk.keyword_id > 365)",
                                                            "Rows Removed by Filter": 72306,
                                                            "Workers": [
                                                                {
                                                                    "Worker Number": 0,
                                                                    "Actual Startup Time": 0.041,
                                                                    "Actual Total Time": 89.105,
                                                                    "Actual Rows": 444495,
                                                                    "Actual Loops": 1
                                                                },
                                                                {
                                                                    "Worker Number": 1,
                                                                    "Actual Startup Time": 0.028,
                                                                    "Actual Total Time": 89.395,
                                                                    "Actual Rows": 451800,
                                                                    "Actual Loops": 1
                                                                },
                                                                {
                                                                    "Worker Number": 2,
                                                                    "Actual Startup Time": 0.03,
                                                                    "Actual Total Time": 89.436,
                                                                    "Actual Rows": 452022,
                                                                    "Actual Loops": 1
                                                                },
                                                                {
                                                                    "Worker Number": 3,
                                                                    "Actual Startup Time": 0.024,
                                                                    "Actual Total Time": 86.797,
                                                                    "Actual Rows": 668348,
                                                                    "Actual Loops": 1
                                                                },
                                                                {
                                                                    "Worker Number": 4,
                                                                    "Actual Startup Time": 0.021,
                                                                    "Actual Total Time": 86.903,
                                                                    "Actual Rows": 671998,
                                                                    "Actual Loops": 1
                                                                },
                                                                {
                                                                    "Worker Number": 5,
                                                                    "Actual Startup Time": 0.028,
                                                                    "Actual Total Time": 87.082,
                                                                    "Actual Rows": 648553,
                                                                    "Actual Loops": 1
                                                                }
                                                            ]
                                                        },
                                                        {
                                                            "Node Type": "Hash",
                                                            "Parent Relationship": "Inner",
                                                            "Parallel Aware": true,
                                                            "Startup Cost": 42318.81,
                                                            "Total Cost": 42318.81,
                                                            "Plan Rows": 632080,
                                                            "Plan Width": 4,
                                                            "Actual Startup Time": 251.546,
                                                            "Actual Total Time": 251.547,
                                                            "Actual Rows": 361187,
                                                            "Actual Loops": 7,
                                                            "Output": [
                                                                "t.id"
                                                            ],
                                                            "Hash Buckets": 4194304,
                                                            "Original Hash Buckets": 4194304,
                                                            "Hash Batches": 1,
                                                            "Original Hash Batches": 1,
                                                            "Peak Memory Usage": 131776,
                                                            "Workers": [
                                                                {
                                                                    "Worker Number": 0,
                                                                    "Actual Startup Time": 254.871,
                                                                    "Actual Total Time": 254.872,
                                                                    "Actual Rows": 289432,
                                                                    "Actual Loops": 1
                                                                },
                                                                {
                                                                    "Worker Number": 1,
                                                                    "Actual Startup Time": 254.888,
                                                                    "Actual Total Time": 254.889,
                                                                    "Actual Rows": 292571,
                                                                    "Actual Loops": 1
                                                                },
                                                                {
                                                                    "Worker Number": 2,
                                                                    "Actual Startup Time": 255.03,
                                                                    "Actual Total Time": 255.031,
                                                                    "Actual Rows": 291033,
                                                                    "Actual Loops": 1
                                                                },
                                                                {
                                                                    "Worker Number": 3,
                                                                    "Actual Startup Time": 254.96,
                                                                    "Actual Total Time": 254.962,
                                                                    "Actual Rows": 384332,
                                                                    "Actual Loops": 1
                                                                },
                                                                {
                                                                    "Worker Number": 4,
                                                                    "Actual Startup Time": 254.837,
                                                                    "Actual Total Time": 254.838,
                                                                    "Actual Rows": 392647,
                                                                    "Actual Loops": 1
                                                                },
                                                                {
                                                                    "Worker Number": 5,
                                                                    "Actual Startup Time": 254.919,
                                                                    "Actual Total Time": 254.921,
                                                                    "Actual Rows": 374027,
                                                                    "Actual Loops": 1
                                                                }
                                                            ],
                                                            "Plans": [
                                                                {
                                                                    "Node Type": "Seq Scan",
                                                                    "Parent Relationship": "Outer",
                                                                    "Parallel Aware": true,
                                                                    "Relation Name": "title",
                                                                    "Schema": "public",
                                                                    "Alias": "t",
                                                                    "Startup Cost": 0.0,
                                                                    "Total Cost": 42318.81,
                                                                    "Plan Rows": 632080,
                                                                    "Plan Width": 4,
                                                                    "Actual Startup Time": 0.042,
                                                                    "Actual Total Time": 70.852,
                                                                    "Actual Rows": 361187,
                                                                    "Actual Loops": 7,
                                                                    "Output": [
                                                                        "t.id"
                                                                    ],
                                                                    "Workers": [
                                                                        {
                                                                            "Worker Number": 0,
                                                                            "Actual Startup Time": 0.053,
                                                                            "Actual Total Time": 75.774,
                                                                            "Actual Rows": 289432,
                                                                            "Actual Loops": 1
                                                                        },
                                                                        {
                                                                            "Worker Number": 1,
                                                                            "Actual Startup Time": 0.046,
                                                                            "Actual Total Time": 76.6,
                                                                            "Actual Rows": 292571,
                                                                            "Actual Loops": 1
                                                                        },
                                                                        {
                                                                            "Worker Number": 2,
                                                                            "Actual Startup Time": 0.052,
                                                                            "Actual Total Time": 76.165,
                                                                            "Actual Rows": 291033,
                                                                            "Actual Loops": 1
                                                                        },
                                                                        {
                                                                            "Worker Number": 3,
                                                                            "Actual Startup Time": 0.062,
                                                                            "Actual Total Time": 71.042,
                                                                            "Actual Rows": 384332,
                                                                            "Actual Loops": 1
                                                                        },
                                                                        {
                                                                            "Worker Number": 4,
                                                                            "Actual Startup Time": 0.025,
                                                                            "Actual Total Time": 71.489,
                                                                            "Actual Rows": 392647,
                                                                            "Actual Loops": 1
                                                                        },
                                                                        {
                                                                            "Worker Number": 5,
                                                                            "Actual Startup Time": 0.044,
                                                                            "Actual Total Time": 69.626,
                                                                            "Actual Rows": 374027,
                                                                            "Actual Loops": 1
                                                                        }
                                                                    ]
                                                                }
                                                            ]
                                                        }
                                                    ]
                                                }
                                            ]
                                        }
                                    ]
                                }
                            ]
                        }
                    ]
                }
            ]
        },
        "Planning Time": 227.499,
        "Triggers": [],
        "Execution Time": 5768.185
    }
]