[
  {
    "Plan": {
      "Node Type": "Aggregate",
      "Strategy": "Plain",
      "Partial Mode": "Finalize",
      "Parallel Aware": false,
      "Startup Cost": 47015.22,
      "Total Cost": 47015.23,
      "Plan Rows": 1,
      "Plan Width": 8,
      "Actual Startup Time": 133.801,
      "Actual Total Time": 156.001,
      "Actual Rows": 1,
      "Actual Loops": 1,
      "Plans": [
        {
          "Node Type": "Gather",
          "Parent Relationship": "Outer",
          "Parallel Aware": false,
          "Startup Cost": 47014.8,
          "Total Cost": 47015.21,
          "Plan Rows": 4,
          "Plan Width": 8,
          "Actual Startup Time": 133.614,
          "Actual Total Time": 155.988,
          "Actual Rows": 5,
          "Actual Loops": 1,
          "Workers Planned": 4,
          "Workers Launched": 4,
          "Single Copy": false,
          "Plans": [
            {
              "Node Type": "Aggregate",
              "Strategy": "Plain",
              "Partial Mode": "Partial",
              "Parent Relationship": "Outer",
              "Parallel Aware": false,
              "Startup Cost": 46014.8,
              "Total Cost": 46014.81,
              "Plan Rows": 1,
              "Plan Width": 8,
              "Actual Startup Time": 125.308,
              "Actual Total Time": 125.31,
              "Actual Rows": 1,
              "Actual Loops": 5,
              "Plans": [
                {
                  "Node Type": "Seq Scan",
                  "Parent Relationship": "Outer",
                  "Parallel Aware": true,
                  "Relation Name": "title",
                  "Alias": "t",
                  "Startup Cost": 0.0,
                  "Total Cost": 45479.59,
                  "Plan Rows": 214084,
                  "Plan Width": 0,
                  "Actual Startup Time": 0.055,
                  "Actual Total Time": 114.499,
                  "Actual Rows": 153991,
                  "Actual Loops": 5,
                  "Filter": "((kind_id < 7) AND (production_year > 1962))",
                  "Rows Removed by Filter": 351672
                }
              ]
            }
          ]
        }
      ]
    },
    "Planning Time": 0.115,
    "Triggers": [],
    "Execution Time": 156.043
  }
]