[
  {
    "Plan": {
      "Node Type": "Aggregate",
      "Strategy": "Plain",
      "Partial Mode": "Finalize",
      "Parallel Aware": false,
      "Startup Cost": 47017.27,
      "Total Cost": 47017.28,
      "Plan Rows": 1,
      "Plan Width": 8,
      "Actual Startup Time": 107.491,
      "Actual Total Time": 118.971,
      "Actual Rows": 1,
      "Actual Loops": 1,
      "Plans": [
        {
          "Node Type": "Gather",
          "Parent Relationship": "Outer",
          "Parallel Aware": false,
          "Startup Cost": 47016.85,
          "Total Cost": 47017.26,
          "Plan Rows": 4,
          "Plan Width": 8,
          "Actual Startup Time": 107.339,
          "Actual Total Time": 118.961,
          "Actual Rows": 5,
          "Actual Loops": 1,
          "Workers Planned": 4,
          "Workers Launched": 4,
          "Single Copy": false,
          "Plans": [
            {
              "Node Type": "Aggregate",
              "Strategy": "Plain",
              "Partial Mode": "Partial",
              "Parent Relationship": "Outer",
              "Parallel Aware": false,
              "Startup Cost": 46016.85,
              "Total Cost": 46016.86,
              "Plan Rows": 1,
              "Plan Width": 8,
              "Actual Startup Time": 98.2,
              "Actual Total Time": 98.201,
              "Actual Rows": 1,
              "Actual Loops": 5,
              "Plans": [
                {
                  "Node Type": "Seq Scan",
                  "Parent Relationship": "Outer",
                  "Parallel Aware": true,
                  "Relation Name": "title",
                  "Alias": "t",
                  "Startup Cost": 0.0,
                  "Total Cost": 45479.1,
                  "Plan Rows": 215100,
                  "Plan Width": 0,
                  "Actual Startup Time": 0.048,
                  "Actual Total Time": 90.823,
                  "Actual Rows": 153991,
                  "Actual Loops": 5,
                  "Filter": "((kind_id < 7) AND (production_year > 1962))",
                  "Rows Removed by Filter": 351672
                }
              ]
            }
          ]
        }
      ]
    },
    "Planning Time": 0.167,
    "Triggers": [],
    "Execution Time": 119.027
  }
]