[
  {
    "Plan": {
      "Node Type": "Aggregate",
      "Strategy": "Plain",
      "Partial Mode": "Finalize",
      "Parallel Aware": false,
      "Startup Cost": 23478.94,
      "Total Cost": 23478.95,
      "Plan Rows": 1,
      "Plan Width": 8,
      "Actual Startup Time": 58.362,
      "Actual Total Time": 63.97,
      "Actual Rows": 1,
      "Actual Loops": 1,
      "Plans": [
        {
          "Node Type": "Gather",
          "Parent Relationship": "Outer",
          "Parallel Aware": false,
          "Startup Cost": 23478.52,
          "Total Cost": 23478.93,
          "Plan Rows": 4,
          "Plan Width": 8,
          "Actual Startup Time": 58.218,
          "Actual Total Time": 63.964,
          "Actual Rows": 5,
          "Actual Loops": 1,
          "Workers Planned": 4,
          "Workers Launched": 4,
          "Single Copy": false,
          "Plans": [
            {
              "Node Type": "Aggregate",
              "Strategy": "Plain",
              "Partial Mode": "Partial",
              "Parent Relationship": "Outer",
              "Parallel Aware": false,
              "Startup Cost": 22478.52,
              "Total Cost": 22478.53,
              "Plan Rows": 1,
              "Plan Width": 8,
              "Actual Startup Time": 48.425,
              "Actual Total Time": 48.426,
              "Actual Rows": 1,
              "Actual Loops": 5,
              "Plans": [
                {
                  "Node Type": "Index Scan",
                  "Parent Relationship": "Outer",
                  "Parallel Aware": true,
                  "Scan Direction": "Forward",
                  "Index Name": "role_id_cast_info",
                  "Relation Name": "cast_info",
                  "Alias": "ci",
                  "Startup Cost": 0.56,
                  "Total Cost": 22393.76,
                  "Plan Rows": 33904,
                  "Plan Width": 0,
                  "Actual Startup Time": 0.143,
                  "Actual Total Time": 46.39,
                  "Actual Rows": 20320,
                  "Actual Loops": 5,
                  "Index Cond": "(role_id = 6)",
                  "Rows Removed by Index Recheck": 0,
                  "Filter": "(person_id < 607302)",
                  "Rows Removed by Filter": 134415
                }
              ]
            }
          ]
        }
      ]
    },
    "Planning Time": 0.108,
    "Triggers": [],
    "Execution Time": 64.0
  }
]