[
  {
    "Plan": {
      "Node Type": "Aggregate",
      "Strategy": "Plain",
      "Partial Mode": "Finalize",
      "Parallel Aware": false,
      "Startup Cost": 348341.48,
      "Total Cost": 348341.49,
      "Plan Rows": 1,
      "Plan Width": 8,
      "Actual Startup Time": 668.006,
      "Actual Total Time": 710.833,
      "Actual Rows": 1,
      "Actual Loops": 1,
      "Plans": [
        {
          "Node Type": "Gather",
          "Parent Relationship": "Outer",
          "Parallel Aware": false,
          "Startup Cost": 348340.85,
          "Total Cost": 348341.46,
          "Plan Rows": 6,
          "Plan Width": 8,
          "Actual Startup Time": 667.777,
          "Actual Total Time": 710.822,
          "Actual Rows": 7,
          "Actual Loops": 1,
          "Workers Planned": 6,
          "Workers Launched": 6,
          "Single Copy": false,
          "Plans": [
            {
              "Node Type": "Aggregate",
              "Strategy": "Plain",
              "Partial Mode": "Partial",
              "Parent Relationship": "Outer",
              "Parallel Aware": false,
              "Startup Cost": 347340.85,
              "Total Cost": 347340.86,
              "Plan Rows": 1,
              "Plan Width": 8,
              "Actual Startup Time": 658.67,
              "Actual Total Time": 658.672,
              "Actual Rows": 1,
              "Actual Loops": 7,
              "Plans": [
                {
                  "Node Type": "Seq Scan",
                  "Parent Relationship": "Outer",
                  "Parallel Aware": true,
                  "Relation Name": "cast_info",
                  "Alias": "ci",
                  "Startup Cost": 0.0,
                  "Total Cost": 343316.27,
                  "Plan Rows": 1609833,
                  "Plan Width": 0,
                  "Actual Startup Time": 346.607,
                  "Actual Total Time": 621.999,
                  "Actual Rows": 782685,
                  "Actual Loops": 7,
                  "Filter": "((person_id < 2251656) AND (role_id > 2))",
                  "Rows Removed by Filter": 4395079
                }
              ]
            }
          ]
        }
      ]
    },
    "Planning Time": 0.101,
    "Triggers": [],
    "Execution Time": 710.879
  }
]