[
  {
    "Plan": {
      "Node Type": "Aggregate",
      "Strategy": "Plain",
      "Partial Mode": "Finalize",
      "Parallel Aware": false,
      "Startup Cost": 454341.26,
      "Total Cost": 454341.27,
      "Plan Rows": 1,
      "Plan Width": 8,
      "Actual Startup Time": 1647.264,
      "Actual Total Time": 1714.158,
      "Actual Rows": 1,
      "Actual Loops": 1,
      "Plans": [
        {
          "Node Type": "Gather",
          "Parent Relationship": "Outer",
          "Parallel Aware": false,
          "Startup Cost": 454340.64,
          "Total Cost": 454341.25,
          "Plan Rows": 6,
          "Plan Width": 8,
          "Actual Startup Time": 1634.54,
          "Actual Total Time": 1714.146,
          "Actual Rows": 7,
          "Actual Loops": 1,
          "Workers Planned": 6,
          "Workers Launched": 6,
          "Single Copy": false,
          "Plans": [
            {
              "Node Type": "Aggregate",
              "Strategy": "Plain",
              "Partial Mode": "Partial",
              "Parent Relationship": "Outer",
              "Parallel Aware": false,
              "Startup Cost": 453340.64,
              "Total Cost": 453340.65,
              "Plan Rows": 1,
              "Plan Width": 8,
              "Actual Startup Time": 1620.269,
              "Actual Total Time": 1620.522,
              "Actual Rows": 1,
              "Actual Loops": 7,
              "Plans": [
                {
                  "Node Type": "Hash Join",
                  "Parent Relationship": "Outer",
                  "Parallel Aware": true,
                  "Join Type": "Inner",
                  "Startup Cost": 99389.52,
                  "Total Cost": 447310.63,
                  "Plan Rows": 2412001,
                  "Plan Width": 0,
                  "Actual Startup Time": 510.423,
                  "Actual Total Time": 1526.148,
                  "Actual Rows": 2171289,
                  "Actual Loops": 7,
                  "Inner Unique": false,
                  "Hash Cond": "(ci.movie_id = t.id)",
                  "Plans": [
                    {
                      "Node Type": "Seq Scan",
                      "Parent Relationship": "Outer",
                      "Parallel Aware": true,
                      "Relation Name": "cast_info",
                      "Alias": "ci",
                      "Startup Cost": 0.0,
                      "Total Cost": 328162.03,
                      "Plan Rows": 3194254,
                      "Plan Width": 4,
                      "Actual Startup Time": 161.788,
                      "Actual Total Time": 577.076,
                      "Actual Rows": 2730753,
                      "Actual Loops": 7,
                      "Filter": "(person_id > 1692336)",
                      "Rows Removed by Filter": 2447010
                    },
                    {
                      "Node Type": "Hash",
                      "Parent Relationship": "Inner",
                      "Parallel Aware": true,
                      "Startup Cost": 91691.42,
                      "Total Cost": 91691.42,
                      "Plan Rows": 615848,
                      "Plan Width": 8,
                      "Actual Startup Time": 343.851,
                      "Actual Total Time": 344.103,
                      "Actual Rows": 123651,
                      "Actual Loops": 7,
                      "Hash Buckets": 2097152,
                      "Original Hash Buckets": 2097152,
                      "Hash Batches": 1,
                      "Original Hash Batches": 1,
                      "Peak Memory Usage": 50336,
                      "Plans": [
                        {
                          "Node Type": "Hash Join",
                          "Parent Relationship": "Outer",
                          "Parallel Aware": true,
                          "Join Type": "Inner",
                          "Startup Cost": 48813.34,
                          "Total Cost": 91691.42,
                          "Plan Rows": 615848,
                          "Plan Width": 8,
                          "Actual Startup Time": 161.896,
                          "Actual Total Time": 300.279,
                          "Actual Rows": 123651,
                          "Actual Loops": 7,
                          "Inner Unique": true,
                          "Hash Cond": "(mk.movie_id = t.id)",
                          "Plans": [
                            {
                              "Node Type": "Seq Scan",
                              "Parent Relationship": "Outer",
                              "Parallel Aware": true,
                              "Relation Name": "movie_keyword",
                              "Alias": "mk",
                              "Startup Cost": 0.0,
                              "Total Cost": 39047.32,
                              "Plan Rows": 1459332,
                              "Plan Width": 4,
                              "Actual Startup Time": 0.032,
                              "Actual Total Time": 59.466,
                              "Actual Rows": 646276,
                              "Actual Loops": 7
                            },
                            {
                              "Node Type": "Hash",
                              "Parent Relationship": "Inner",
                              "Parallel Aware": true,
                              "Startup Cost": 45479.1,
                              "Total Cost": 45479.1,
                              "Plan Rows": 266739,
                              "Plan Width": 4,
                              "Actual Startup Time": 159.733,
                              "Actual Total Time": 159.734,
                              "Actual Rows": 169029,
                              "Actual Loops": 7,
                              "Hash Buckets": 2097152,
                              "Original Hash Buckets": 2097152,
                              "Hash Batches": 1,
                              "Original Hash Batches": 1,
                              "Peak Memory Usage": 62752,
                              "Plans": [
                                {
                                  "Node Type": "Seq Scan",
                                  "Parent Relationship": "Outer",
                                  "Parallel Aware": true,
                                  "Relation Name": "title",
                                  "Alias": "t",
                                  "Startup Cost": 0.0,
                                  "Total Cost": 45479.1,
                                  "Plan Rows": 266739,
                                  "Plan Width": 4,
                                  "Actual Startup Time": 0.04,
                                  "Actual Total Time": 77.303,
                                  "Actual Rows": 169029,
                                  "Actual Loops": 7,
                                  "Filter": "((kind_id > 3) AND (production_year > 1995))",
                                  "Rows Removed by Filter": 192159
                                }
                              ]
                            }
                          ]
                        }
                      ]
                    }
                  ]
                }
              ]
            }
          ]
        }
      ]
    },
    "Planning Time": 1.236,
    "Triggers": [],
    "Execution Time": 1714.309
  }
]