[
  {
    "Plan": {
      "Node Type": "Aggregate",
      "Strategy": "Plain",
      "Partial Mode": "Finalize",
      "Parallel Aware": false,
      "Startup Cost": 46479.96,
      "Total Cost": 46479.97,
      "Plan Rows": 1,
      "Plan Width": 8,
      "Actual Startup Time": 91.58,
      "Actual Total Time": 103.703,
      "Actual Rows": 1,
      "Actual Loops": 1,
      "Plans": [
        {
          "Node Type": "Gather",
          "Parent Relationship": "Outer",
          "Parallel Aware": false,
          "Startup Cost": 46479.54,
          "Total Cost": 46479.95,
          "Plan Rows": 4,
          "Plan Width": 8,
          "Actual Startup Time": 91.353,
          "Actual Total Time": 103.695,
          "Actual Rows": 5,
          "Actual Loops": 1,
          "Workers Planned": 4,
          "Workers Launched": 4,
          "Single Copy": false,
          "Plans": [
            {
              "Node Type": "Aggregate",
              "Strategy": "Plain",
              "Partial Mode": "Partial",
              "Parent Relationship": "Outer",
              "Parallel Aware": false,
              "Startup Cost": 45479.54,
              "Total Cost": 45479.55,
              "Plan Rows": 1,
              "Plan Width": 8,
              "Actual Startup Time": 83.358,
              "Actual Total Time": 83.36,
              "Actual Rows": 1,
              "Actual Loops": 5,
              "Plans": [
                {
                  "Node Type": "Seq Scan",
                  "Parent Relationship": "Outer",
                  "Parallel Aware": true,
                  "Relation Name": "title",
                  "Alias": "t",
                  "Startup Cost": 0.0,
                  "Total Cost": 45479.1,
                  "Plan Rows": 178,
                  "Plan Width": 0,
                  "Actual Startup Time": 44.27,
                  "Actual Total Time": 83.3,
                  "Actual Rows": 441,
                  "Actual Loops": 5,
                  "Filter": "((kind_id < 7) AND (production_year = 1941))",
                  "Rows Removed by Filter": 505222
                }
              ]
            }
          ]
        }
      ]
    },
    "Planning Time": 0.186,
    "Triggers": [],
    "Execution Time": 103.76
  }
]