{
  "Plan": {
    "Node Type": "Aggregate",
    "Strategy": "Plain",
    "Partial Mode": "Finalize",
    "Parallel Aware": false,
    "Startup Cost": 87821.7,
    "Total Cost": 87821.71,
    "Plan Rows": 1,
    "Plan Width": 8,
    "Actual Startup Time": 278.731,
    "Actual Total Time": 292.807,
    "Actual Rows": 1,
    "Actual Loops": 1,
    "Plans": [
      {
        "Node Type": "Gather",
        "Parent Relationship": "Outer",
        "Parallel Aware": false,
        "Startup Cost": 87821.58,
        "Total Cost": 87821.69,
        "Plan Rows": 1,
        "Plan Width": 8,
        "Actual Startup Time": 277.554,
        "Actual Total Time": 292.799,
        "Actual Rows": 2,
        "Actual Loops": 1,
        "Workers Planned": 1,
        "Workers Launched": 1,
        "Single Copy": false,
        "Plans": [
          {
            "Node Type": "Aggregate",
            "Strategy": "Plain",
            "Partial Mode": "Partial",
            "Parent Relationship": "Outer",
            "Parallel Aware": false,
            "Startup Cost": 86821.58,
            "Total Cost": 86821.59,
            "Plan Rows": 1,
            "Plan Width": 8,
            "Actual Startup Time": 273.021,
            "Actual Total Time": 273.196,
            "Actual Rows": 1,
            "Actual Loops": 2,
            "Plans": [
              {
                "Node Type": "Hash Join",
                "Parent Relationship": "Outer",
                "Parallel Aware": true,
                "Join Type": "Inner",
                "Startup Cost": 61720.04,
                "Total Cost": 86810.86,
                "Plan Rows": 4291,
                "Plan Width": 0,
                "Actual Startup Time": 226.208,
                "Actual Total Time": 272.581,
                "Actual Rows": 10552,
                "Actual Loops": 2,
                "Inner Unique": true,
                "Hash Cond": "(mk.movie_id = t.id)",
                "Plans": [
                  {
                    "Node Type": "Bitmap Heap Scan",
                    "Parent Relationship": "Outer",
                    "Parallel Aware": true,
                    "Relation Name": "movie_keyword",
                    "Alias": "mk",
                    "Startup Cost": 1519.15,
                    "Total Cost": 26499.44,
                    "Plan Rows": 42104,
                    "Plan Width": 4,
                    "Actual Startup Time": 8.89,
                    "Actual Total Time": 42.856,
                    "Actual Rows": 36296,
                    "Actual Loops": 2,
                    "Recheck Cond": "(keyword_id < 66)",
                    "Rows Removed by Index Recheck": 0,
                    "Exact Heap Blocks": 13103,
                    "Lossy Heap Blocks": 0,
                    "Plans": [
                      {
                        "Node Type": "Bitmap Index Scan",
                        "Parent Relationship": "Outer",
                        "Parallel Aware": false,
                        "Index Name": "keyword_id_movie_keyword",
                        "Startup Cost": 0.0,
                        "Total Cost": 1501.25,
                        "Plan Rows": 71576,
                        "Plan Width": 0,
                        "Actual Startup Time": 5.982,
                        "Actual Total Time": 5.982,
                        "Actual Rows": 72592,
                        "Actual Loops": 1,
                        "Index Cond": "(keyword_id < 66)"
                      }
                    ]
                  },
                  {
                    "Node Type": "Hash",
                    "Parent Relationship": "Inner",
                    "Parallel Aware": true,
                    "Startup Cost": 58306.47,
                    "Total Cost": 58306.47,
                    "Plan Rows": 151554,
                    "Plan Width": 4,
                    "Actual Startup Time": 213.984,
                    "Actual Total Time": 213.985,
                    "Actual Rows": 186971,
                    "Actual Loops": 2,
                    "Hash Buckets": 524288,
                    "Original Hash Buckets": 262144,
                    "Hash Batches": 1,
                    "Original Hash Batches": 1,
                    "Peak Memory Usage": 20800,
                    "Plans": [
                      {
                        "Node Type": "Seq Scan",
                        "Parent Relationship": "Outer",
                        "Parallel Aware": true,
                        "Relation Name": "title",
                        "Alias": "t",
                        "Startup Cost": 0.0,
                        "Total Cost": 58306.47,
                        "Plan Rows": 151554,
                        "Plan Width": 4,
                        "Actual Startup Time": 0.076,
                        "Actual Total Time": 154.119,
                        "Actual Rows": 186971,
                        "Actual Loops": 2,
                        "Filter": "((kind_id < 7) AND (production_year < 1989))",
                        "Rows Removed by Filter": 1077185
                      }
                    ]
                  }
                ]
              }
            ]
          }
        ]
      }
    ]
  },
  "Planning Time": 0.553,
  "Triggers": [],
  "Execution Time": 292.898
}