[
    {
        "Bao": {
            "Bao prediction": "NaN",
            "Bao recommended hint": "(no hint)"
        }
    },
    {
        "Plan": {
            "Node Type": "Aggregate",
            "Strategy": "Plain",
            "Partial Mode": "Finalize",
            "Parallel Aware": false,
            "Startup Cost": 32974.1,
            "Total Cost": 32974.11,
            "Plan Rows": 1,
            "Plan Width": 8,
            "Actual Startup Time": 86.493,
            "Actual Total Time": 95.537,
            "Actual Rows": 1,
            "Actual Loops": 1,
            "Output": [
                "count(*)"
            ],
            "Plans": [
                {
                    "Node Type": "Gather",
                    "Parent Relationship": "Outer",
                    "Parallel Aware": false,
                    "Startup Cost": 32973.78,
                    "Total Cost": 32974.09,
                    "Plan Rows": 3,
                    "Plan Width": 8,
                    "Actual Startup Time": 86.353,
                    "Actual Total Time": 95.528,
                    "Actual Rows": 4,
                    "Actual Loops": 1,
                    "Output": [
                        "(PARTIAL count(*))"
                    ],
                    "Workers Planned": 3,
                    "Workers Launched": 3,
                    "Single Copy": false,
                    "Plans": [
                        {
                            "Node Type": "Aggregate",
                            "Strategy": "Plain",
                            "Partial Mode": "Partial",
                            "Parent Relationship": "Outer",
                            "Parallel Aware": false,
                            "Startup Cost": 31973.78,
                            "Total Cost": 31973.79,
                            "Plan Rows": 1,
                            "Plan Width": 8,
                            "Actual Startup Time": 78.015,
                            "Actual Total Time": 78.016,
                            "Actual Rows": 1,
                            "Actual Loops": 4,
                            "Output": [
                                "PARTIAL count(*)"
                            ],
                            "Workers": [
                                {
                                    "Worker Number": 0,
                                    "Actual Startup Time": 75.052,
                                    "Actual Total Time": 75.053,
                                    "Actual Rows": 1,
                                    "Actual Loops": 1
                                },
                                {
                                    "Worker Number": 1,
                                    "Actual Startup Time": 75.397,
                                    "Actual Total Time": 75.398,
                                    "Actual Rows": 1,
                                    "Actual Loops": 1
                                },
                                {
                                    "Worker Number": 2,
                                    "Actual Startup Time": 75.547,
                                    "Actual Total Time": 75.549,
                                    "Actual Rows": 1,
                                    "Actual Loops": 1
                                }
                            ],
                            "Plans": [
                                {
                                    "Node Type": "Seq Scan",
                                    "Parent Relationship": "Outer",
                                    "Parallel Aware": true,
                                    "Relation Name": "movie_companies",
                                    "Schema": "public",
                                    "Alias": "mc",
                                    "Startup Cost": 0.0,
                                    "Total Cost": 31414.82,
                                    "Plan Rows": 223585,
                                    "Plan Width": 0,
                                    "Actual Startup Time": 14.456,
                                    "Actual Total Time": 71.754,
                                    "Actual Rows": 119590,
                                    "Actual Loops": 4,
                                    "Output": [
                                        "id",
                                        "movie_id",
                                        "company_id",
                                        "company_type_id",
                                        "note"
                                    ],
                                    "Filter": "((mc.company_id > 10583) AND (mc.company_type_id = 1))",
                                    "Rows Removed by Filter": 532692,
                                    "Workers": [
                                        {
                                            "Worker Number": 0,
                                            "Actual Startup Time": 11.5,
                                            "Actual Total Time": 69.167,
                                            "Actual Rows": 95663,
                                            "Actual Loops": 1
                                        },
                                        {
                                            "Worker Number": 1,
                                            "Actual Startup Time": 11.847,
                                            "Actual Total Time": 69.481,
                                            "Actual Rows": 95910,
                                            "Actual Loops": 1
                                        },
                                        {
                                            "Worker Number": 2,
                                            "Actual Startup Time": 12.002,
                                            "Actual Total Time": 69.425,
                                            "Actual Rows": 103277,
                                            "Actual Loops": 1
                                        }
                                    ]
                                }
                            ]
                        }
                    ]
                }
            ]
        },
        "Planning Time": 180.292,
        "Triggers": [],
        "Execution Time": 95.584
    }
]