[
  {
    "Plan": {
      "Node Type": "Aggregate",
      "Strategy": "Plain",
      "Partial Mode": "Finalize",
      "Parallel Aware": false,
      "Startup Cost": 438909.99,
      "Total Cost": 438910.0,
      "Plan Rows": 1,
      "Plan Width": 8,
      "Actual Startup Time": 2419.509,
      "Actual Total Time": 2488.288,
      "Actual Rows": 1,
      "Actual Loops": 1,
      "Plans": [
        {
          "Node Type": "Gather",
          "Parent Relationship": "Outer",
          "Parallel Aware": false,
          "Startup Cost": 438909.37,
          "Total Cost": 438909.98,
          "Plan Rows": 6,
          "Plan Width": 8,
          "Actual Startup Time": 2398.271,
          "Actual Total Time": 2488.274,
          "Actual Rows": 7,
          "Actual Loops": 1,
          "Workers Planned": 6,
          "Workers Launched": 6,
          "Single Copy": false,
          "Plans": [
            {
              "Node Type": "Aggregate",
              "Strategy": "Plain",
              "Partial Mode": "Partial",
              "Parent Relationship": "Outer",
              "Parallel Aware": false,
              "Startup Cost": 437909.37,
              "Total Cost": 437909.38,
              "Plan Rows": 1,
              "Plan Width": 8,
              "Actual Startup Time": 2386.459,
              "Actual Total Time": 2386.565,
              "Actual Rows": 1,
              "Actual Loops": 7,
              "Plans": [
                {
                  "Node Type": "Hash Join",
                  "Parent Relationship": "Outer",
                  "Parallel Aware": true,
                  "Join Type": "Inner",
                  "Startup Cost": 93605.64,
                  "Total Cost": 434156.97,
                  "Plan Rows": 1500957,
                  "Plan Width": 0,
                  "Actual Startup Time": 460.889,
                  "Actual Total Time": 2234.1,
                  "Actual Rows": 3593221,
                  "Actual Loops": 7,
                  "Inner Unique": false,
                  "Hash Cond": "(ci.movie_id = t.id)",
                  "Plans": [
                    {
                      "Node Type": "Seq Scan",
                      "Parent Relationship": "Outer",
                      "Parallel Aware": true,
                      "Relation Name": "cast_info",
                      "Alias": "ci",
                      "Startup Cost": 0.0,
                      "Total Cost": 313067.02,
                      "Plan Rows": 6038002,
                      "Plan Width": 4,
                      "Actual Startup Time": 0.031,
                      "Actual Total Time": 537.113,
                      "Actual Rows": 5177763,
                      "Actual Loops": 7
                    },
                    {
                      "Node Type": "Hash",
                      "Parent Relationship": "Inner",
                      "Parallel Aware": true,
                      "Startup Cost": 91071.37,
                      "Total Cost": 91071.37,
                      "Plan Rows": 202741,
                      "Plan Width": 8,
                      "Actual Startup Time": 457.547,
                      "Actual Total Time": 457.651,
                      "Actual Rows": 91377,
                      "Actual Loops": 7,
                      "Hash Buckets": 1048576,
                      "Original Hash Buckets": 1048576,
                      "Hash Batches": 1,
                      "Original Hash Batches": 1,
                      "Peak Memory Usage": 33344,
                      "Plans": [
                        {
                          "Node Type": "Hash Join",
                          "Parent Relationship": "Outer",
                          "Parallel Aware": true,
                          "Join Type": "Inner",
                          "Startup Cost": 63550.92,
                          "Total Cost": 91071.37,
                          "Plan Rows": 202741,
                          "Plan Width": 8,
                          "Actual Startup Time": 314.725,
                          "Actual Total Time": 411.286,
                          "Actual Rows": 91377,
                          "Actual Loops": 7,
                          "Inner Unique": true,
                          "Hash Cond": "(mk.movie_id = t.id)",
                          "Plans": [
                            {
                              "Node Type": "Bitmap Heap Scan",
                              "Parent Relationship": "Outer",
                              "Parallel Aware": true,
                              "Relation Name": "movie_keyword",
                              "Alias": "mk",
                              "Startup Cost": 13331.28,
                              "Total Cost": 40319.53,
                              "Plan Rows": 202741,
                              "Plan Width": 4,
                              "Actual Startup Time": 56.488,
                              "Actual Total Time": 106.105,
                              "Actual Rows": 91377,
                              "Actual Loops": 7,
                              "Recheck Cond": "(keyword_id < 496)",
                              "Rows Removed by Index Recheck": 0,
                              "Exact Heap Blocks": 4159,
                              "Lossy Heap Blocks": 0,
                              "Plans": [
                                {
                                  "Node Type": "Bitmap Index Scan",
                                  "Parent Relationship": "Outer",
                                  "Parallel Aware": false,
                                  "Index Name": "keyword_id_movie_keyword",
                                  "Startup Cost": 0.0,
                                  "Total Cost": 13174.15,
                                  "Plan Rows": 628496,
                                  "Plan Width": 0,
                                  "Actual Startup Time": 50.516,
                                  "Actual Total Time": 50.517,
                                  "Actual Rows": 639638,
                                  "Actual Loops": 1,
                                  "Index Cond": "(keyword_id < 496)"
                                }
                              ]
                            },
                            {
                              "Node Type": "Hash",
                              "Parent Relationship": "Inner",
                              "Parallel Aware": true,
                              "Startup Cost": 42318.73,
                              "Total Cost": 42318.73,
                              "Plan Rows": 632073,
                              "Plan Width": 4,
                              "Actual Startup Time": 253.665,
                              "Actual Total Time": 253.666,
                              "Actual Rows": 361187,
                              "Actual Loops": 7,
                              "Hash Buckets": 4194304,
                              "Original Hash Buckets": 4194304,
                              "Hash Batches": 1,
                              "Original Hash Batches": 1,
                              "Peak Memory Usage": 131776,
                              "Plans": [
                                {
                                  "Node Type": "Seq Scan",
                                  "Parent Relationship": "Outer",
                                  "Parallel Aware": true,
                                  "Relation Name": "title",
                                  "Alias": "t",
                                  "Startup Cost": 0.0,
                                  "Total Cost": 42318.73,
                                  "Plan Rows": 632073,
                                  "Plan Width": 4,
                                  "Actual Startup Time": 0.048,
                                  "Actual Total Time": 71.982,
                                  "Actual Rows": 361187,
                                  "Actual Loops": 7
                                }
                              ]
                            }
                          ]
                        }
                      ]
                    }
                  ]
                }
              ]
            }
          ]
        }
      ]
    },
    "Planning Time": 1.313,
    "Triggers": [],
    "Execution Time": 2488.406
  }
]