[
  {
    "Plan": {
      "Node Type": "Aggregate",
      "Strategy": "Plain",
      "Partial Mode": "Finalize",
      "Parallel Aware": false,
      "Startup Cost": 44842.03,
      "Total Cost": 44842.04,
      "Plan Rows": 1,
      "Plan Width": 8,
      "Actual Startup Time": 116.455,
      "Actual Total Time": 121.708,
      "Actual Rows": 1,
      "Actual Loops": 1,
      "Plans": [
        {
          "Node Type": "Gather",
          "Parent Relationship": "Outer",
          "Parallel Aware": false,
          "Startup Cost": 44841.71,
          "Total Cost": 44842.02,
          "Plan Rows": 3,
          "Plan Width": 8,
          "Actual Startup Time": 116.342,
          "Actual Total Time": 121.702,
          "Actual Rows": 4,
          "Actual Loops": 1,
          "Workers Planned": 3,
          "Workers Launched": 3,
          "Single Copy": false,
          "Plans": [
            {
              "Node Type": "Aggregate",
              "Strategy": "Plain",
              "Partial Mode": "Partial",
              "Parent Relationship": "Outer",
              "Parallel Aware": false,
              "Startup Cost": 43841.71,
              "Total Cost": 43841.72,
              "Plan Rows": 1,
              "Plan Width": 8,
              "Actual Startup Time": 112.486,
              "Actual Total Time": 112.487,
              "Actual Rows": 1,
              "Actual Loops": 4,
              "Plans": [
                {
                  "Node Type": "Seq Scan",
                  "Parent Relationship": "Outer",
                  "Parallel Aware": true,
                  "Relation Name": "movie_keyword",
                  "Alias": "mk",
                  "Startup Cost": 0.0,
                  "Total Cost": 42695.65,
                  "Plan Rows": 458424,
                  "Plan Width": 0,
                  "Actual Startup Time": 0.941,
                  "Actual Total Time": 95.492,
                  "Actual Rows": 348621,
                  "Actual Loops": 4,
                  "Filter": "(keyword_id > 12014)",
                  "Rows Removed by Filter": 782362
                }
              ]
            }
          ]
        }
      ]
    },
    "Planning Time": 0.058,
    "Triggers": [],
    "Execution Time": 121.732
  }
]