[
  {
    "Plan": {
      "Node Type": "Aggregate",
      "Strategy": "Plain",
      "Partial Mode": "Finalize",
      "Parallel Aware": false,
      "Startup Cost": 293146.95,
      "Total Cost": 293146.96,
      "Plan Rows": 1,
      "Plan Width": 8,
      "Actual Startup Time": 1023.431,
      "Actual Total Time": 1060.118,
      "Actual Rows": 1,
      "Actual Loops": 1,
      "Plans": [
        {
          "Node Type": "Gather",
          "Parent Relationship": "Outer",
          "Parallel Aware": false,
          "Startup Cost": 293146.32,
          "Total Cost": 293146.93,
          "Plan Rows": 6,
          "Plan Width": 8,
          "Actual Startup Time": 988.95,
          "Actual Total Time": 1060.106,
          "Actual Rows": 7,
          "Actual Loops": 1,
          "Workers Planned": 6,
          "Workers Launched": 6,
          "Single Copy": false,
          "Plans": [
            {
              "Node Type": "Aggregate",
              "Strategy": "Plain",
              "Partial Mode": "Partial",
              "Parent Relationship": "Outer",
              "Parallel Aware": false,
              "Startup Cost": 292146.32,
              "Total Cost": 292146.33,
              "Plan Rows": 1,
              "Plan Width": 8,
              "Actual Startup Time": 980.03,
              "Actual Total Time": 980.488,
              "Actual Rows": 1,
              "Actual Loops": 7,
              "Plans": [
                {
                  "Node Type": "Hash Join",
                  "Parent Relationship": "Outer",
                  "Parallel Aware": true,
                  "Join Type": "Inner",
                  "Startup Cost": 86020.95,
                  "Total Cost": 290507.39,
                  "Plan Rows": 655572,
                  "Plan Width": 0,
                  "Actual Startup Time": 411.694,
                  "Actual Total Time": 936.64,
                  "Actual Rows": 1021607,
                  "Actual Loops": 7,
                  "Inner Unique": false,
                  "Hash Cond": "(ci.movie_id = t.id)",
                  "Plans": [
                    {
                      "Node Type": "Index Scan",
                      "Parent Relationship": "Outer",
                      "Parallel Aware": true,
                      "Scan Direction": "Forward",
                      "Index Name": "role_id_cast_info",
                      "Relation Name": "cast_info",
                      "Alias": "ci",
                      "Startup Cost": 0.56,
                      "Total Cost": 197699.43,
                      "Plan Rows": 1246088,
                      "Plan Width": 4,
                      "Actual Startup Time": 0.196,
                      "Actual Total Time": 172.379,
                      "Actual Rows": 1064568,
                      "Actual Loops": 7,
                      "Index Cond": "(role_id = 2)",
                      "Rows Removed by Index Recheck": 0
                    },
                    {
                      "Node Type": "Hash",
                      "Parent Relationship": "Inner",
                      "Parallel Aware": true,
                      "Startup Cost": 80656.83,
                      "Total Cost": 80656.83,
                      "Plan Rows": 429084,
                      "Plan Width": 8,
                      "Actual Startup Time": 408.91,
                      "Actual Total Time": 409.366,
                      "Actual Rows": 189287,
                      "Actual Loops": 7,
                      "Hash Buckets": 2097152,
                      "Original Hash Buckets": 2097152,
                      "Hash Batches": 1,
                      "Original Hash Batches": 1,
                      "Peak Memory Usage": 68320,
                      "Plans": [
                        {
                          "Node Type": "Hash Join",
                          "Parent Relationship": "Outer",
                          "Parallel Aware": true,
                          "Join Type": "Inner",
                          "Startup Cost": 50219.81,
                          "Total Cost": 80656.83,
                          "Plan Rows": 429084,
                          "Plan Width": 8,
                          "Actual Startup Time": 227.856,
                          "Actual Total Time": 345.364,
                          "Actual Rows": 189287,
                          "Actual Loops": 7,
                          "Inner Unique": true,
                          "Hash Cond": "(mc.movie_id = t.id)",
                          "Plans": [
                            {
                              "Node Type": "Seq Scan",
                              "Parent Relationship": "Outer",
                              "Parallel Aware": true,
                              "Relation Name": "movie_companies",
                              "Alias": "mc",
                              "Startup Cost": 0.0,
                              "Total Cost": 29310.68,
                              "Plan Rows": 429084,
                              "Plan Width": 4,
                              "Actual Startup Time": 0.026,
                              "Actual Total Time": 43.659,
                              "Actual Rows": 189287,
                              "Actual Loops": 7,
                              "Filter": "(company_id < 11386)",
                              "Rows Removed by Filter": 183445
                            },
                            {
                              "Node Type": "Hash",
                              "Parent Relationship": "Inner",
                              "Parallel Aware": true,
                              "Startup Cost": 42318.81,
                              "Total Cost": 42318.81,
                              "Plan Rows": 632080,
                              "Plan Width": 4,
                              "Actual Startup Time": 224.313,
                              "Actual Total Time": 224.314,
                              "Actual Rows": 361187,
                              "Actual Loops": 7,
                              "Hash Buckets": 4194304,
                              "Original Hash Buckets": 4194304,
                              "Hash Batches": 1,
                              "Original Hash Batches": 1,
                              "Peak Memory Usage": 131840,
                              "Plans": [
                                {
                                  "Node Type": "Seq Scan",
                                  "Parent Relationship": "Outer",
                                  "Parallel Aware": true,
                                  "Relation Name": "title",
                                  "Alias": "t",
                                  "Startup Cost": 0.0,
                                  "Total Cost": 42318.81,
                                  "Plan Rows": 632080,
                                  "Plan Width": 4,
                                  "Actual Startup Time": 0.042,
                                  "Actual Total Time": 63.376,
                                  "Actual Rows": 361187,
                                  "Actual Loops": 7
                                }
                              ]
                            }
                          ]
                        }
                      ]
                    }
                  ]
                }
              ]
            }
          ]
        }
      ]
    },
    "Planning Time": 0.376,
    "Triggers": [],
    "Execution Time": 1060.154
  }
]