[
  {
    "Plan": {
      "Node Type": "Aggregate",
      "Strategy": "Plain",
      "Partial Mode": "Finalize",
      "Parallel Aware": false,
      "Startup Cost": 29562.14,
      "Total Cost": 29562.15,
      "Plan Rows": 1,
      "Plan Width": 8,
      "Actual Startup Time": 28.63,
      "Actual Total Time": 32.865,
      "Actual Rows": 1,
      "Actual Loops": 1,
      "Plans": [
        {
          "Node Type": "Gather",
          "Parent Relationship": "Outer",
          "Parallel Aware": false,
          "Startup Cost": 29561.93,
          "Total Cost": 29562.14,
          "Plan Rows": 2,
          "Plan Width": 8,
          "Actual Startup Time": 28.457,
          "Actual Total Time": 32.857,
          "Actual Rows": 3,
          "Actual Loops": 1,
          "Workers Planned": 2,
          "Workers Launched": 2,
          "Single Copy": false,
          "Plans": [
            {
              "Node Type": "Aggregate",
              "Strategy": "Plain",
              "Partial Mode": "Partial",
              "Parent Relationship": "Outer",
              "Parallel Aware": false,
              "Startup Cost": 28561.93,
              "Total Cost": 28561.94,
              "Plan Rows": 1,
              "Plan Width": 8,
              "Actual Startup Time": 20.341,
              "Actual Total Time": 20.342,
              "Actual Rows": 1,
              "Actual Loops": 3,
              "Plans": [
                {
                  "Node Type": "Nested Loop",
                  "Parent Relationship": "Outer",
                  "Parallel Aware": false,
                  "Join Type": "Inner",
                  "Startup Cost": 123.32,
                  "Total Cost": 28558.45,
                  "Plan Rows": 1392,
                  "Plan Width": 0,
                  "Actual Startup Time": 1.054,
                  "Actual Total Time": 19.935,
                  "Actual Rows": 1491,
                  "Actual Loops": 3,
                  "Inner Unique": true,
                  "Plans": [
                    {
                      "Node Type": "Bitmap Heap Scan",
                      "Parent Relationship": "Outer",
                      "Parallel Aware": true,
                      "Relation Name": "movie_companies",
                      "Alias": "mc",
                      "Startup Cost": 122.89,
                      "Total Cost": 12042.2,
                      "Plan Rows": 2283,
                      "Plan Width": 4,
                      "Actual Startup Time": 0.793,
                      "Actual Total Time": 2.042,
                      "Actual Rows": 1575,
                      "Actual Loops": 3,
                      "Recheck Cond": "(company_id = 394)",
                      "Rows Removed by Index Recheck": 0,
                      "Exact Heap Blocks": 341,
                      "Lossy Heap Blocks": 0,
                      "Plans": [
                        {
                          "Node Type": "Bitmap Index Scan",
                          "Parent Relationship": "Outer",
                          "Parallel Aware": false,
                          "Index Name": "company_id_movie_companies",
                          "Startup Cost": 0.0,
                          "Total Cost": 121.52,
                          "Plan Rows": 5479,
                          "Plan Width": 0,
                          "Actual Startup Time": 1.842,
                          "Actual Total Time": 1.842,
                          "Actual Rows": 4726,
                          "Actual Loops": 1,
                          "Index Cond": "(company_id = 394)"
                        }
                      ]
                    },
                    {
                      "Node Type": "Index Scan",
                      "Parent Relationship": "Inner",
                      "Parallel Aware": false,
                      "Scan Direction": "Forward",
                      "Index Name": "title_pkey",
                      "Relation Name": "title",
                      "Alias": "t",
                      "Startup Cost": 0.43,
                      "Total Cost": 7.23,
                      "Plan Rows": 1,
                      "Plan Width": 4,
                      "Actual Startup Time": 0.01,
                      "Actual Total Time": 0.01,
                      "Actual Rows": 1,
                      "Actual Loops": 4726,
                      "Index Cond": "(id = mc.movie_id)",
                      "Rows Removed by Index Recheck": 0,
                      "Filter": "(kind_id = 7)",
                      "Rows Removed by Filter": 0
                    }
                  ]
                }
              ]
            }
          ]
        }
      ]
    },
    "Planning Time": 0.632,
    "Triggers": [],
    "Execution Time": 32.95
  }
]