[
  {
    "Plan": {
      "Node Type": "Aggregate",
      "Strategy": "Plain",
      "Partial Mode": "Finalize",
      "Parallel Aware": false,
      "Startup Cost": 21355.97,
      "Total Cost": 21355.98,
      "Plan Rows": 1,
      "Plan Width": 8,
      "Actual Startup Time": 27.928,
      "Actual Total Time": 30.607,
      "Actual Rows": 1,
      "Actual Loops": 1,
      "Plans": [
        {
          "Node Type": "Gather",
          "Parent Relationship": "Outer",
          "Parallel Aware": false,
          "Startup Cost": 21355.76,
          "Total Cost": 21355.97,
          "Plan Rows": 2,
          "Plan Width": 8,
          "Actual Startup Time": 27.794,
          "Actual Total Time": 30.598,
          "Actual Rows": 3,
          "Actual Loops": 1,
          "Workers Planned": 2,
          "Workers Launched": 2,
          "Single Copy": false,
          "Plans": [
            {
              "Node Type": "Aggregate",
              "Strategy": "Plain",
              "Partial Mode": "Partial",
              "Parent Relationship": "Outer",
              "Parallel Aware": false,
              "Startup Cost": 20355.76,
              "Total Cost": 20355.77,
              "Plan Rows": 1,
              "Plan Width": 8,
              "Actual Startup Time": 19.535,
              "Actual Total Time": 19.537,
              "Actual Rows": 1,
              "Actual Loops": 3,
              "Plans": [
                {
                  "Node Type": "Nested Loop",
                  "Parent Relationship": "Outer",
                  "Parallel Aware": false,
                  "Join Type": "Inner",
                  "Startup Cost": 80.5,
                  "Total Cost": 20353.5,
                  "Plan Rows": 903,
                  "Plan Width": 0,
                  "Actual Startup Time": 1.186,
                  "Actual Total Time": 19.17,
                  "Actual Rows": 1491,
                  "Actual Loops": 3,
                  "Inner Unique": true,
                  "Plans": [
                    {
                      "Node Type": "Bitmap Heap Scan",
                      "Parent Relationship": "Outer",
                      "Parallel Aware": true,
                      "Relation Name": "movie_companies",
                      "Alias": "mc",
                      "Startup Cost": 80.07,
                      "Total Cost": 9058.61,
                      "Plan Rows": 1486,
                      "Plan Width": 4,
                      "Actual Startup Time": 0.982,
                      "Actual Total Time": 2.408,
                      "Actual Rows": 1575,
                      "Actual Loops": 3,
                      "Recheck Cond": "(company_id = 394)",
                      "Rows Removed by Index Recheck": 0,
                      "Exact Heap Blocks": 341,
                      "Lossy Heap Blocks": 0,
                      "Plans": [
                        {
                          "Node Type": "Bitmap Index Scan",
                          "Parent Relationship": "Outer",
                          "Parallel Aware": false,
                          "Index Name": "company_id_movie_companies",
                          "Startup Cost": 0.0,
                          "Total Cost": 79.18,
                          "Plan Rows": 3566,
                          "Plan Width": 0,
                          "Actual Startup Time": 2.309,
                          "Actual Total Time": 2.309,
                          "Actual Rows": 4726,
                          "Actual Loops": 1,
                          "Index Cond": "(company_id = 394)"
                        }
                      ]
                    },
                    {
                      "Node Type": "Index Scan",
                      "Parent Relationship": "Inner",
                      "Parallel Aware": false,
                      "Scan Direction": "Forward",
                      "Index Name": "title_pkey",
                      "Relation Name": "title",
                      "Alias": "t",
                      "Startup Cost": 0.43,
                      "Total Cost": 7.6,
                      "Plan Rows": 1,
                      "Plan Width": 4,
                      "Actual Startup Time": 0.01,
                      "Actual Total Time": 0.01,
                      "Actual Rows": 1,
                      "Actual Loops": 4726,
                      "Index Cond": "(id = mc.movie_id)",
                      "Rows Removed by Index Recheck": 0,
                      "Filter": "(kind_id = 7)",
                      "Rows Removed by Filter": 0
                    }
                  ]
                }
              ]
            }
          ]
        }
      ]
    },
    "Planning Time": 0.744,
    "Triggers": [],
    "Execution Time": 30.709
  }
]