{
  "Plan": {
    "Node Type": "Aggregate",
    "Strategy": "Plain",
    "Partial Mode": "Finalize",
    "Parallel Aware": false,
    "Startup Cost": 167636.28,
    "Total Cost": 167636.29,
    "Plan Rows": 1,
    "Plan Width": 96,
    "Actual Startup Time": 918.162,
    "Actual Total Time": 934.005,
    "Actual Rows": 1,
    "Actual Loops": 1,
    "Plans": [
      {
        "Node Type": "Gather",
        "Parent Relationship": "Outer",
        "Parallel Aware": false,
        "Startup Cost": 167636.17,
        "Total Cost": 167636.28,
        "Plan Rows": 1,
        "Plan Width": 96,
        "Actual Startup Time": 917.69,
        "Actual Total Time": 933.99,
        "Actual Rows": 2,
        "Actual Loops": 1,
        "Workers Planned": 1,
        "Workers Launched": 1,
        "Single Copy": false,
        "Plans": [
          {
            "Node Type": "Aggregate",
            "Strategy": "Plain",
            "Partial Mode": "Partial",
            "Parent Relationship": "Outer",
            "Parallel Aware": false,
            "Startup Cost": 166636.17,
            "Total Cost": 166636.18,
            "Plan Rows": 1,
            "Plan Width": 96,
            "Actual Startup Time": 910.416,
            "Actual Total Time": 910.438,
            "Actual Rows": 1,
            "Actual Loops": 2,
            "Plans": [
              {
                "Node Type": "Hash Join",
                "Parent Relationship": "Outer",
                "Parallel Aware": true,
                "Join Type": "Inner",
                "Startup Cost": 161140.19,
                "Total Cost": 166636.12,
                "Plan Rows": 6,
                "Plan Width": 60,
                "Actual Startup Time": 885.762,
                "Actual Total Time": 909.695,
                "Actual Rows": 7450,
                "Actual Loops": 2,
                "Inner Unique": false,
                "Hash Cond": "(cn.id = mc.company_id)",
                "Plans": [
                  {
                    "Node Type": "Seq Scan",
                    "Parent Relationship": "Outer",
                    "Parallel Aware": true,
                    "Relation Name": "company_name",
                    "Alias": "cn",
                    "Startup Cost": 0.0,
                    "Total Cost": 4722.92,
                    "Plan Rows": 123678,
                    "Plan Width": 23,
                    "Actual Startup Time": 0.02,
                    "Actual Total Time": 15.952,
                    "Actual Rows": 105016,
                    "Actual Loops": 2,
                    "Filter": "((country_code)::text <> '[pl]'::text)",
                    "Rows Removed by Filter": 12483
                  },
                  {
                    "Node Type": "Hash",
                    "Parent Relationship": "Inner",
                    "Parallel Aware": true,
                    "Startup Cost": 161140.11,
                    "Total Cost": 161140.11,
                    "Plan Rows": 6,
                    "Plan Width": 45,
                    "Actual Startup Time": 884.58,
                    "Actual Total Time": 884.6,
                    "Actual Rows": 7458,
                    "Actual Loops": 2,
                    "Hash Buckets": 16384,
                    "Original Hash Buckets": 1024,
                    "Hash Batches": 1,
                    "Original Hash Batches": 1,
                    "Peak Memory Usage": 1400,
                    "Plans": [
                      {
                        "Node Type": "Hash Join",
                        "Parent Relationship": "Outer",
                        "Parallel Aware": false,
                        "Join Type": "Inner",
                        "Startup Cost": 123062.99,
                        "Total Cost": 161140.11,
                        "Plan Rows": 6,
                        "Plan Width": 45,
                        "Actual Startup Time": 718.078,
                        "Actual Total Time": 875.635,
                        "Actual Rows": 7458,
                        "Actual Loops": 2,
                        "Inner Unique": true,
                        "Hash Cond": "(mc.company_type_id = ct.id)",
                        "Plans": [
                          {
                            "Node Type": "Hash Join",
                            "Parent Relationship": "Outer",
                            "Parallel Aware": true,
                            "Join Type": "Inner",
                            "Startup Cost": 123061.9,
                            "Total Cost": 161138.98,
                            "Plan Rows": 9,
                            "Plan Width": 49,
                            "Actual Startup Time": 717.974,
                            "Actual Total Time": 873.869,
                            "Actual Rows": 7755,
                            "Actual Loops": 2,
                            "Inner Unique": false,
                            "Hash Cond": "(mc.movie_id = ml.movie_id)",
                            "Plans": [
                              {
                                "Node Type": "Seq Scan",
                                "Parent Relationship": "Outer",
                                "Parallel Aware": true,
                                "Relation Name": "movie_companies",
                                "Alias": "mc",
                                "Startup Cost": 0.0,
                                "Total Cost": 34137.82,
                                "Plan Rows": 787804,
                                "Plan Width": 36,
                                "Actual Startup Time": 0.051,
                                "Actual Total Time": 113.822,
                                "Actual Rows": 668570,
                                "Actual Loops": 2,
                                "Filter": "(note IS NOT NULL)",
                                "Rows Removed by Filter": 635994
                              },
                              {
                                "Node Type": "Hash",
                                "Parent Relationship": "Inner",
                                "Parallel Aware": true,
                                "Startup Cost": 123061.7,
                                "Total Cost": 123061.7,
                                "Plan Rows": 16,
                                "Plan Width": 29,
                                "Actual Startup Time": 717.467,
                                "Actual Total Time": 717.482,
                                "Actual Rows": 730,
                                "Actual Loops": 2,
                                "Hash Buckets": 2048,
                                "Original Hash Buckets": 1024,
                                "Hash Batches": 1,
                                "Original Hash Batches": 1,
                                "Peak Memory Usage": 152,
                                "Plans": [
                                  {
                                    "Node Type": "Hash Join",
                                    "Parent Relationship": "Outer",
                                    "Parallel Aware": false,
                                    "Join Type": "Inner",
                                    "Startup Cost": 61726.78,
                                    "Total Cost": 123061.7,
                                    "Plan Rows": 16,
                                    "Plan Width": 29,
                                    "Actual Startup Time": 337.002,
                                    "Actual Total Time": 533.432,
                                    "Actual Rows": 730,
                                    "Actual Loops": 2,
                                    "Inner Unique": true,
                                    "Hash Cond": "(ml.link_type_id = lt.id)",
                                    "Plans": [
                                      {
                                        "Node Type": "Hash Join",
                                        "Parent Relationship": "Outer",
                                        "Parallel Aware": true,
                                        "Join Type": "Inner",
                                        "Startup Cost": 61725.38,
                                        "Total Cost": 123060.24,
                                        "Plan Rows": 16,
                                        "Plan Width": 33,
                                        "Actual Startup Time": 336.902,
                                        "Actual Total Time": 533.225,
                                        "Actual Rows": 730,
                                        "Actual Loops": 2,
                                        "Inner Unique": false,
                                        "Hash Cond": "(t.id = ml.movie_id)",
                                        "Plans": [
                                          {
                                            "Node Type": "Seq Scan",
                                            "Parent Relationship": "Outer",
                                            "Parallel Aware": true,
                                            "Relation Name": "title",
                                            "Alias": "t",
                                            "Startup Cost": 0.0,
                                            "Total Cost": 54589.98,
                                            "Plan Rows": 1348957,
                                            "Plan Width": 21,
                                            "Actual Startup Time": 0.009,
                                            "Actual Total Time": 132.769,
                                            "Actual Rows": 1143636,
                                            "Actual Loops": 2,
                                            "Filter": "(production_year > 1950)",
                                            "Rows Removed by Filter": 120520
                                          },
                                          {
                                            "Node Type": "Hash",
                                            "Parent Relationship": "Inner",
                                            "Parallel Aware": true,
                                            "Startup Cost": 61725.15,
                                            "Total Cost": 61725.15,
                                            "Plan Rows": 18,
                                            "Plan Width": 12,
                                            "Actual Startup Time": 336.432,
                                            "Actual Total Time": 336.439,
                                            "Actual Rows": 730,
                                            "Actual Loops": 2,
                                            "Hash Buckets": 2048,
                                            "Original Hash Buckets": 1024,
                                            "Hash Batches": 1,
                                            "Original Hash Batches": 1,
                                            "Peak Memory Usage": 152,
                                            "Plans": [
                                              {
                                                "Node Type": "Hash Join",
                                                "Parent Relationship": "Outer",
                                                "Parallel Aware": false,
                                                "Join Type": "Inner",
                                                "Startup Cost": 3631.81,
                                                "Total Cost": 61725.15,
                                                "Plan Rows": 18,
                                                "Plan Width": 12,
                                                "Actual Startup Time": 40.013,
                                                "Actual Total Time": 333.561,
                                                "Actual Rows": 730,
                                                "Actual Loops": 2,
                                                "Inner Unique": false,
                                                "Hash Cond": "(mk.movie_id = ml.movie_id)",
                                                "Plans": [
                                                  {
                                                    "Node Type": "Hash Join",
                                                    "Parent Relationship": "Outer",
                                                    "Parallel Aware": false,
                                                    "Join Type": "Inner",
                                                    "Startup Cost": 2793.88,
                                                    "Total Cost": 60844.93,
                                                    "Plan Rows": 59,
                                                    "Plan Width": 4,
                                                    "Actual Startup Time": 20.97,
                                                    "Actual Total Time": 310.734,
                                                    "Actual Rows": 23702,
                                                    "Actual Loops": 2,
                                                    "Inner Unique": true,
                                                    "Hash Cond": "(mk.keyword_id = k.id)",
                                                    "Plans": [
                                                      {
                                                        "Node Type": "Seq Scan",
                                                        "Parent Relationship": "Outer",
                                                        "Parallel Aware": true,
                                                        "Relation Name": "movie_keyword",
                                                        "Alias": "mk",
                                                        "Startup Cost": 0.0,
                                                        "Total Cost": 51065.35,
                                                        "Plan Rows": 2661135,
                                                        "Plan Width": 8,
                                                        "Actual Startup Time": 0.016,
                                                        "Actual Total Time": 152.884,
                                                        "Actual Rows": 2261965,
                                                        "Actual Loops": 2
                                                      },
                                                      {
                                                        "Node Type": "Hash",
                                                        "Parent Relationship": "Inner",
                                                        "Parallel Aware": false,
                                                        "Startup Cost": 2793.84,
                                                        "Total Cost": 2793.84,
                                                        "Plan Rows": 3,
                                                        "Plan Width": 4,
                                                        "Actual Startup Time": 20.887,
                                                        "Actual Total Time": 20.889,
                                                        "Actual Rows": 3,
                                                        "Actual Loops": 2,
                                                        "Hash Buckets": 1024,
                                                        "Original Hash Buckets": 1024,
                                                        "Hash Batches": 1,
                                                        "Original Hash Batches": 1,
                                                        "Peak Memory Usage": 9,
                                                        "Plans": [
                                                          {
                                                            "Node Type": "Seq Scan",
                                                            "Parent Relationship": "Outer",
                                                            "Parallel Aware": false,
                                                            "Relation Name": "keyword",
                                                            "Alias": "k",
                                                            "Startup Cost": 0.0,
                                                            "Total Cost": 2793.84,
                                                            "Plan Rows": 3,
                                                            "Plan Width": 4,
                                                            "Actual Startup Time": 1.149,
                                                            "Actual Total Time": 20.882,
                                                            "Actual Rows": 3,
                                                            "Actual Loops": 2,
                                                            "Filter": "(keyword = ANY ('{sequel,revenge,based-on-novel}'::text[]))",
                                                            "Rows Removed by Filter": 134167
                                                          }
                                                        ]
                                                      }
                                                    ]
                                                  },
                                                  {
                                                    "Node Type": "Hash",
                                                    "Parent Relationship": "Inner",
                                                    "Parallel Aware": false,
                                                    "Startup Cost": 462.97,
                                                    "Total Cost": 462.97,
                                                    "Plan Rows": 29997,
                                                    "Plan Width": 8,
                                                    "Actual Startup Time": 18.748,
                                                    "Actual Total Time": 18.749,
                                                    "Actual Rows": 29997,
                                                    "Actual Loops": 2,
                                                    "Hash Buckets": 32768,
                                                    "Original Hash Buckets": 32768,
                                                    "Hash Batches": 1,
                                                    "Original Hash Batches": 1,
                                                    "Peak Memory Usage": 1428,
                                                    "Plans": [
                                                      {
                                                        "Node Type": "Seq Scan",
                                                        "Parent Relationship": "Outer",
                                                        "Parallel Aware": false,
                                                        "Relation Name": "movie_link",
                                                        "Alias": "ml",
                                                        "Startup Cost": 0.0,
                                                        "Total Cost": 462.97,
                                                        "Plan Rows": 29997,
                                                        "Plan Width": 8,
                                                        "Actual Startup Time": 0.042,
                                                        "Actual Total Time": 9.011,
                                                        "Actual Rows": 29997,
                                                        "Actual Loops": 2
                                                      }
                                                    ]
                                                  }
                                                ]
                                              }
                                            ]
                                          }
                                        ]
                                      },
                                      {
                                        "Node Type": "Hash",
                                        "Parent Relationship": "Inner",
                                        "Parallel Aware": false,
                                        "Startup Cost": 1.18,
                                        "Total Cost": 1.18,
                                        "Plan Rows": 18,
                                        "Plan Width": 4,
                                        "Actual Startup Time": 0.059,
                                        "Actual Total Time": 0.059,
                                        "Actual Rows": 18,
                                        "Actual Loops": 2,
                                        "Hash Buckets": 1024,
                                        "Original Hash Buckets": 1024,
                                        "Hash Batches": 1,
                                        "Original Hash Batches": 1,
                                        "Peak Memory Usage": 9,
                                        "Plans": [
                                          {
                                            "Node Type": "Seq Scan",
                                            "Parent Relationship": "Outer",
                                            "Parallel Aware": false,
                                            "Relation Name": "link_type",
                                            "Alias": "lt",
                                            "Startup Cost": 0.0,
                                            "Total Cost": 1.18,
                                            "Plan Rows": 18,
                                            "Plan Width": 4,
                                            "Actual Startup Time": 0.033,
                                            "Actual Total Time": 0.04,
                                            "Actual Rows": 18,
                                            "Actual Loops": 2
                                          }
                                        ]
                                      }
                                    ]
                                  }
                                ]
                              }
                            ]
                          },
                          {
                            "Node Type": "Hash",
                            "Parent Relationship": "Inner",
                            "Parallel Aware": false,
                            "Startup Cost": 1.05,
                            "Total Cost": 1.05,
                            "Plan Rows": 3,
                            "Plan Width": 4,
                            "Actual Startup Time": 0.072,
                            "Actual Total Time": 0.073,
                            "Actual Rows": 3,
                            "Actual Loops": 2,
                            "Hash Buckets": 1024,
                            "Original Hash Buckets": 1024,
                            "Hash Batches": 1,
                            "Original Hash Batches": 1,
                            "Peak Memory Usage": 9,
                            "Plans": [
                              {
                                "Node Type": "Seq Scan",
                                "Parent Relationship": "Outer",
                                "Parallel Aware": false,
                                "Relation Name": "company_type",
                                "Alias": "ct",
                                "Startup Cost": 0.0,
                                "Total Cost": 1.05,
                                "Plan Rows": 3,
                                "Plan Width": 4,
                                "Actual Startup Time": 0.049,
                                "Actual Total Time": 0.054,
                                "Actual Rows": 3,
                                "Actual Loops": 2,
                                "Filter": "((kind IS NOT NULL) AND ((kind)::text <> 'production companies'::text))",
                                "Rows Removed by Filter": 1
                              }
                            ]
                          }
                        ]
                      }
                    ]
                  }
                ]
              }
            ]
          }
        ]
      }
    ]
  },
  "Planning Time": 1.665,
  "Triggers": [],
  "Execution Time": 934.179
}