[
  {
    "Plan": {
      "Node Type": "Aggregate",
      "Strategy": "Plain",
      "Partial Mode": "Finalize",
      "Parallel Aware": false,
      "Startup Cost": 47259.28,
      "Total Cost": 47259.29,
      "Plan Rows": 1,
      "Plan Width": 8,
      "Actual Startup Time": 181.472,
      "Actual Total Time": 191.137,
      "Actual Rows": 1,
      "Actual Loops": 1,
      "Plans": [
        {
          "Node Type": "Gather",
          "Parent Relationship": "Outer",
          "Parallel Aware": false,
          "Startup Cost": 47258.96,
          "Total Cost": 47259.27,
          "Plan Rows": 3,
          "Plan Width": 8,
          "Actual Startup Time": 181.22,
          "Actual Total Time": 191.129,
          "Actual Rows": 4,
          "Actual Loops": 1,
          "Workers Planned": 3,
          "Workers Launched": 3,
          "Single Copy": false,
          "Plans": [
            {
              "Node Type": "Aggregate",
              "Strategy": "Plain",
              "Partial Mode": "Partial",
              "Parent Relationship": "Outer",
              "Parallel Aware": false,
              "Startup Cost": 46258.96,
              "Total Cost": 46258.97,
              "Plan Rows": 1,
              "Plan Width": 8,
              "Actual Startup Time": 172.709,
              "Actual Total Time": 172.71,
              "Actual Rows": 1,
              "Actual Loops": 4,
              "Plans": [
                {
                  "Node Type": "Seq Scan",
                  "Parent Relationship": "Outer",
                  "Parallel Aware": true,
                  "Relation Name": "movie_keyword",
                  "Alias": "mk",
                  "Startup Cost": 0.0,
                  "Total Cost": 42695.65,
                  "Plan Rows": 1425322,
                  "Plan Width": 0,
                  "Actual Startup Time": 0.076,
                  "Actual Total Time": 122.623,
                  "Actual Rows": 1104893,
                  "Actual Loops": 4,
                  "Filter": "(keyword_id < 81269)",
                  "Rows Removed by Filter": 26090
                }
              ]
            }
          ]
        }
      ]
    },
    "Planning Time": 0.155,
    "Triggers": [],
    "Execution Time": 191.185
  }
]