[
  {
    "Plan": {
      "Node Type": "Aggregate",
      "Strategy": "Plain",
      "Partial Mode": "Finalize",
      "Parallel Aware": false,
      "Startup Cost": 294931.66,
      "Total Cost": 294931.67,
      "Plan Rows": 1,
      "Plan Width": 8,
      "Actual Startup Time": 1651.863,
      "Actual Total Time": 1702.899,
      "Actual Rows": 1,
      "Actual Loops": 1,
      "Plans": [
        {
          "Node Type": "Gather",
          "Parent Relationship": "Outer",
          "Parallel Aware": false,
          "Startup Cost": 294931.14,
          "Total Cost": 294931.65,
          "Plan Rows": 5,
          "Plan Width": 8,
          "Actual Startup Time": 1643.815,
          "Actual Total Time": 1702.885,
          "Actual Rows": 6,
          "Actual Loops": 1,
          "Workers Planned": 5,
          "Workers Launched": 5,
          "Single Copy": false,
          "Plans": [
            {
              "Node Type": "Aggregate",
              "Strategy": "Plain",
              "Partial Mode": "Partial",
              "Parent Relationship": "Outer",
              "Parallel Aware": false,
              "Startup Cost": 293931.14,
              "Total Cost": 293931.15,
              "Plan Rows": 1,
              "Plan Width": 8,
              "Actual Startup Time": 1632.997,
              "Actual Total Time": 1633.108,
              "Actual Rows": 1,
              "Actual Loops": 6,
              "Plans": [
                {
                  "Node Type": "Hash Join",
                  "Parent Relationship": "Outer",
                  "Parallel Aware": true,
                  "Join Type": "Inner",
                  "Startup Cost": 81177.94,
                  "Total Cost": 292406.15,
                  "Plan Rows": 609997,
                  "Plan Width": 0,
                  "Actual Startup Time": 419.365,
                  "Actual Total Time": 1535.283,
                  "Actual Rows": 1993051,
                  "Actual Loops": 6,
                  "Inner Unique": false,
                  "Hash Cond": "(mi.movie_id = t.id)",
                  "Plans": [
                    {
                      "Node Type": "Seq Scan",
                      "Parent Relationship": "Outer",
                      "Parallel Aware": true,
                      "Relation Name": "movie_info",
                      "Alias": "mi",
                      "Startup Cost": 0.0,
                      "Total Cost": 198952.16,
                      "Plan Rows": 2866947,
                      "Plan Width": 4,
                      "Actual Startup Time": 0.02,
                      "Actual Total Time": 398.549,
                      "Actual Rows": 2401178,
                      "Actual Loops": 6,
                      "Filter": "(info_type_id < 105)",
                      "Rows Removed by Filter": 71442
                    },
                    {
                      "Node Type": "Hash",
                      "Parent Relationship": "Inner",
                      "Parallel Aware": true,
                      "Startup Cost": 79496.86,
                      "Total Cost": 79496.86,
                      "Plan Rows": 134486,
                      "Plan Width": 8,
                      "Actual Startup Time": 413.601,
                      "Actual Total Time": 413.71,
                      "Actual Rows": 139979,
                      "Actual Loops": 6,
                      "Hash Buckets": 1048576,
                      "Original Hash Buckets": 1048576,
                      "Hash Batches": 1,
                      "Original Hash Batches": 1,
                      "Peak Memory Usage": 41152,
                      "Plans": [
                        {
                          "Node Type": "Hash Join",
                          "Parent Relationship": "Outer",
                          "Parallel Aware": true,
                          "Join Type": "Inner",
                          "Startup Cost": 33583.94,
                          "Total Cost": 79496.86,
                          "Plan Rows": 134486,
                          "Plan Width": 8,
                          "Actual Startup Time": 134.685,
                          "Actual Total Time": 351.479,
                          "Actual Rows": 139979,
                          "Actual Loops": 6,
                          "Inner Unique": false,
                          "Hash Cond": "(t.id = mc.movie_id)",
                          "Plans": [
                            {
                              "Node Type": "Seq Scan",
                              "Parent Relationship": "Outer",
                              "Parallel Aware": true,
                              "Relation Name": "title",
                              "Alias": "t",
                              "Startup Cost": 0.0,
                              "Total Cost": 42318.73,
                              "Plan Rows": 632073,
                              "Plan Width": 4,
                              "Actual Startup Time": 0.016,
                              "Actual Total Time": 66.188,
                              "Actual Rows": 421385,
                              "Actual Loops": 6
                            },
                            {
                              "Node Type": "Hash",
                              "Parent Relationship": "Inner",
                              "Parallel Aware": true,
                              "Startup Cost": 31414.82,
                              "Total Cost": 31414.82,
                              "Plan Rows": 173530,
                              "Plan Width": 4,
                              "Actual Startup Time": 132.716,
                              "Actual Total Time": 132.717,
                              "Actual Rows": 139979,
                              "Actual Loops": 6,
                              "Hash Buckets": 1048576,
                              "Original Hash Buckets": 1048576,
                              "Hash Batches": 1,
                              "Original Hash Batches": 1,
                              "Peak Memory Usage": 41120,
                              "Plans": [
                                {
                                  "Node Type": "Seq Scan",
                                  "Parent Relationship": "Outer",
                                  "Parallel Aware": true,
                                  "Relation Name": "movie_companies",
                                  "Alias": "mc",
                                  "Startup Cost": 0.0,
                                  "Total Cost": 31414.82,
                                  "Plan Rows": 173530,
                                  "Plan Width": 4,
                                  "Actual Startup Time": 44.598,
                                  "Actual Total Time": 76.533,
                                  "Actual Rows": 139979,
                                  "Actual Loops": 6,
                                  "Filter": "((company_id > 14540) AND (company_type_id > 1))",
                                  "Rows Removed by Filter": 294876
                                }
                              ]
                            }
                          ]
                        }
                      ]
                    }
                  ]
                }
              ]
            }
          ]
        }
      ]
    },
    "Planning Time": 1.455,
    "Triggers": [],
    "Execution Time": 1702.994
  }
]