{
  "Plan": {
    "Node Type": "Aggregate",
    "Strategy": "Plain",
    "Partial Mode": "Finalize",
    "Parallel Aware": false,
    "Startup Cost": 480077.72,
    "Total Cost": 480077.73,
    "Plan Rows": 1,
    "Plan Width": 8,
    "Actual Startup Time": 1375.209,
    "Actual Total Time": 1412.642,
    "Actual Rows": 1,
    "Actual Loops": 1,
    "Plans": [
      {
        "Node Type": "Gather",
        "Parent Relationship": "Outer",
        "Parallel Aware": false,
        "Startup Cost": 480077.6,
        "Total Cost": 480077.71,
        "Plan Rows": 1,
        "Plan Width": 8,
        "Actual Startup Time": 1373.605,
        "Actual Total Time": 1412.635,
        "Actual Rows": 2,
        "Actual Loops": 1,
        "Workers Planned": 1,
        "Workers Launched": 1,
        "Single Copy": false,
        "Plans": [
          {
            "Node Type": "Aggregate",
            "Strategy": "Plain",
            "Partial Mode": "Partial",
            "Parent Relationship": "Outer",
            "Parallel Aware": false,
            "Startup Cost": 479077.6,
            "Total Cost": 479077.61,
            "Plan Rows": 1,
            "Plan Width": 8,
            "Actual Startup Time": 1367.522,
            "Actual Total Time": 1367.526,
            "Actual Rows": 1,
            "Actual Loops": 2,
            "Plans": [
              {
                "Node Type": "Hash Join",
                "Parent Relationship": "Outer",
                "Parallel Aware": true,
                "Join Type": "Inner",
                "Startup Cost": 63314.48,
                "Total Cost": 476058.93,
                "Plan Rows": 1207469,
                "Plan Width": 0,
                "Actual Startup Time": 869.238,
                "Actual Total Time": 1353.287,
                "Actual Rows": 331050,
                "Actual Loops": 2,
                "Inner Unique": true,
                "Hash Cond": "(ci.movie_id = t.id)",
                "Plans": [
                  {
                    "Node Type": "Index Scan",
                    "Parent Relationship": "Outer",
                    "Parallel Aware": true,
                    "Scan Direction": "Forward",
                    "Index Name": "role_id_cast_info",
                    "Relation Name": "cast_info",
                    "Alias": "ci",
                    "Startup Cost": 0.56,
                    "Total Cost": 400977.7,
                    "Plan Rows": 4482778,
                    "Plan Width": 4,
                    "Actual Startup Time": 614.823,
                    "Actual Total Time": 816.018,
                    "Actual Rows": 1243184,
                    "Actual Loops": 2,
                    "Index Cond": "(role_id = 1)",
                    "Rows Removed by Index Recheck": 0,
                    "Filter": "(person_id > 1388500)",
                    "Rows Removed by Filter": 5092160
                  },
                  {
                    "Node Type": "Hash",
                    "Parent Relationship": "Inner",
                    "Parallel Aware": true,
                    "Startup Cost": 58306.47,
                    "Total Cost": 58306.47,
                    "Plan Rows": 400596,
                    "Plan Width": 4,
                    "Actual Startup Time": 245.205,
                    "Actual Total Time": 245.206,
                    "Actual Rows": 369840,
                    "Actual Loops": 2,
                    "Hash Buckets": 1048576,
                    "Original Hash Buckets": 1048576,
                    "Hash Batches": 1,
                    "Original Hash Batches": 1,
                    "Peak Memory Usage": 37152,
                    "Plans": [
                      {
                        "Node Type": "Seq Scan",
                        "Parent Relationship": "Outer",
                        "Parallel Aware": true,
                        "Relation Name": "title",
                        "Alias": "t",
                        "Startup Cost": 0.0,
                        "Total Cost": 58306.47,
                        "Plan Rows": 400596,
                        "Plan Width": 4,
                        "Actual Startup Time": 0.036,
                        "Actual Total Time": 154.691,
                        "Actual Rows": 369840,
                        "Actual Loops": 2,
                        "Filter": "((production_year > 2004) AND (kind_id = 7))",
                        "Rows Removed by Filter": 894316
                      }
                    ]
                  }
                ]
              }
            ]
          }
        ]
      }
    ]
  },
  "Planning Time": 0.638,
  "Triggers": [],
  "Execution Time": 1412.724
}