[
  {
    "Plan": {
      "Node Type": "Aggregate",
      "Strategy": "Plain",
      "Partial Mode": "Finalize",
      "Parallel Aware": false,
      "Startup Cost": 47149.74,
      "Total Cost": 47149.75,
      "Plan Rows": 1,
      "Plan Width": 8,
      "Actual Startup Time": 213.288,
      "Actual Total Time": 223.951,
      "Actual Rows": 1,
      "Actual Loops": 1,
      "Plans": [
        {
          "Node Type": "Gather",
          "Parent Relationship": "Outer",
          "Parallel Aware": false,
          "Startup Cost": 47149.42,
          "Total Cost": 47149.73,
          "Plan Rows": 3,
          "Plan Width": 8,
          "Actual Startup Time": 213.161,
          "Actual Total Time": 223.941,
          "Actual Rows": 4,
          "Actual Loops": 1,
          "Workers Planned": 3,
          "Workers Launched": 3,
          "Single Copy": false,
          "Plans": [
            {
              "Node Type": "Aggregate",
              "Strategy": "Plain",
              "Partial Mode": "Partial",
              "Parent Relationship": "Outer",
              "Parallel Aware": false,
              "Startup Cost": 46149.42,
              "Total Cost": 46149.43,
              "Plan Rows": 1,
              "Plan Width": 8,
              "Actual Startup Time": 203.137,
              "Actual Total Time": 203.139,
              "Actual Rows": 1,
              "Actual Loops": 4,
              "Plans": [
                {
                  "Node Type": "Seq Scan",
                  "Parent Relationship": "Outer",
                  "Parallel Aware": true,
                  "Relation Name": "movie_keyword",
                  "Alias": "mk",
                  "Startup Cost": 0.0,
                  "Total Cost": 42695.65,
                  "Plan Rows": 1381506,
                  "Plan Width": 0,
                  "Actual Startup Time": 0.051,
                  "Actual Total Time": 143.513,
                  "Actual Rows": 1069919,
                  "Actual Loops": 4,
                  "Filter": "(keyword_id < 61254)",
                  "Rows Removed by Filter": 61064
                }
              ]
            }
          ]
        }
      ]
    },
    "Planning Time": 0.196,
    "Triggers": [],
    "Execution Time": 224.014
  }
]