[
  {
    "Plan": {
      "Node Type": "Hash Join",
      "Parallel Aware": false,
      "Join Type": "Inner",
      "Startup Cost": 8284.38,
      "Total Cost": 32311.65,
      "Plan Rows": 2316,
      "Plan Width": 40,
      "Actual Startup Time": 107.787,
      "Actual Total Time": 180.884,
      "Actual Rows": 4712,
      "Actual Loops": 1,
      "Inner Unique": true,
      "Hash Cond": "(mc.company_type_id = ct.id)",
      "Plans": [
        {
          "Node Type": "Nested Loop",
          "Parent Relationship": "Outer",
          "Parallel Aware": false,
          "Join Type": "Inner",
          "Startup Cost": 8283.29,
          "Total Cost": 32298.04,
          "Plan Rows": 2316,
          "Plan Width": 40,
          "Actual Startup Time": 107.68,
          "Actual Total Time": 178.17,
          "Actual Rows": 4712,
          "Actual Loops": 1,
          "Inner Unique": true,
          "Plans": [
            {
              "Node Type": "Hash Join",
              "Parent Relationship": "Outer",
              "Parallel Aware": false,
              "Join Type": "Inner",
              "Startup Cost": 8282.86,
              "Total Cost": 14073.63,
              "Plan Rows": 2316,
              "Plan Width": 40,
              "Actual Startup Time": 107.623,
              "Actual Total Time": 121.681,
              "Actual Rows": 4712,
              "Actual Loops": 1,
              "Inner Unique": true,
              "Hash Cond": "(mc.company_id = cn.id)",
              "Plans": [
                {
                  "Node Type": "Index Scan",
                  "Parent Relationship": "Outer",
                  "Parallel Aware": false,
                  "Scan Direction": "Forward",
                  "Index Name": "company_id_movie_companies",
                  "Relation Name": "movie_companies",
                  "Alias": "mc",
                  "Startup Cost": 0.43,
                  "Total Cost": 5785.12,
                  "Plan Rows": 2316,
                  "Plan Width": 40,
                  "Actual Startup Time": 0.046,
                  "Actual Total Time": 11.675,
                  "Actual Rows": 4712,
                  "Actual Loops": 1,
                  "Index Cond": "(company_id < 6)",
                  "Rows Removed by Index Recheck": 0
                },
                {
                  "Node Type": "Hash",
                  "Parent Relationship": "Inner",
                  "Parallel Aware": false,
                  "Startup Cost": 5344.97,
                  "Total Cost": 5344.97,
                  "Plan Rows": 234997,
                  "Plan Width": 4,
                  "Actual Startup Time": 105.008,
                  "Actual Total Time": 105.008,
                  "Actual Rows": 234997,
                  "Actual Loops": 1,
                  "Hash Buckets": 262144,
                  "Original Hash Buckets": 262144,
                  "Hash Batches": 1,
                  "Original Hash Batches": 1,
                  "Peak Memory Usage": 10310,
                  "Plans": [
                    {
                      "Node Type": "Seq Scan",
                      "Parent Relationship": "Outer",
                      "Parallel Aware": false,
                      "Relation Name": "company_name",
                      "Alias": "cn",
                      "Startup Cost": 0.0,
                      "Total Cost": 5344.97,
                      "Plan Rows": 234997,
                      "Plan Width": 4,
                      "Actual Startup Time": 0.04,
                      "Actual Total Time": 48.52,
                      "Actual Rows": 234997,
                      "Actual Loops": 1
                    }
                  ]
                }
              ]
            },
            {
              "Node Type": "Index Only Scan",
              "Parent Relationship": "Inner",
              "Parallel Aware": false,
              "Scan Direction": "Forward",
              "Index Name": "title_pkey",
              "Relation Name": "title",
              "Alias": "t",
              "Startup Cost": 0.43,
              "Total Cost": 7.87,
              "Plan Rows": 1,
              "Plan Width": 4,
              "Actual Startup Time": 0.011,
              "Actual Total Time": 0.011,
              "Actual Rows": 1,
              "Actual Loops": 4712,
              "Index Cond": "(id = mc.movie_id)",
              "Rows Removed by Index Recheck": 0,
              "Heap Fetches": 4712
            }
          ]
        },
        {
          "Node Type": "Hash",
          "Parent Relationship": "Inner",
          "Parallel Aware": false,
          "Startup Cost": 1.04,
          "Total Cost": 1.04,
          "Plan Rows": 4,
          "Plan Width": 4,
          "Actual Startup Time": 0.038,
          "Actual Total Time": 0.038,
          "Actual Rows": 4,
          "Actual Loops": 1,
          "Hash Buckets": 1024,
          "Original Hash Buckets": 1024,
          "Hash Batches": 1,
          "Original Hash Batches": 1,
          "Peak Memory Usage": 9,
          "Plans": [
            {
              "Node Type": "Seq Scan",
              "Parent Relationship": "Outer",
              "Parallel Aware": false,
              "Relation Name": "company_type",
              "Alias": "ct",
              "Startup Cost": 0.0,
              "Total Cost": 1.04,
              "Plan Rows": 4,
              "Plan Width": 4,
              "Actual Startup Time": 0.012,
              "Actual Total Time": 0.016,
              "Actual Rows": 4,
              "Actual Loops": 1
            }
          ]
        }
      ]
    },
    "Planning Time": 4.391,
    "Triggers": [],
    "Execution Time": 182.007
  }
]