[
  {
    "Plan": {
      "Node Type": "Gather",
      "Parallel Aware": false,
      "Startup Cost": 1001.94,
      "Total Cost": 40047.36,
      "Plan Rows": 2316,
      "Plan Width": 40,
      "Actual Startup Time": 0.976,
      "Actual Total Time": 127.162,
      "Actual Rows": 4712,
      "Actual Loops": 1,
      "Workers Planned": 3,
      "Workers Launched": 3,
      "Single Copy": false,
      "Plans": [
        {
          "Node Type": "Hash Join",
          "Parent Relationship": "Outer",
          "Parallel Aware": false,
          "Join Type": "Inner",
          "Startup Cost": 1.94,
          "Total Cost": 38815.76,
          "Plan Rows": 747,
          "Plan Width": 40,
          "Actual Startup Time": 0.957,
          "Actual Total Time": 104.597,
          "Actual Rows": 1178,
          "Actual Loops": 4,
          "Inner Unique": true,
          "Hash Cond": "(mc.company_type_id = ct.id)",
          "Plans": [
            {
              "Node Type": "Nested Loop",
              "Parent Relationship": "Outer",
              "Parallel Aware": false,
              "Join Type": "Inner",
              "Startup Cost": 0.85,
              "Total Cost": 38810.63,
              "Plan Rows": 747,
              "Plan Width": 40,
              "Actual Startup Time": 0.523,
              "Actual Total Time": 103.23,
              "Actual Rows": 1178,
              "Actual Loops": 4,
              "Inner Unique": true,
              "Plans": [
                {
                  "Node Type": "Nested Loop",
                  "Parent Relationship": "Outer",
                  "Parallel Aware": false,
                  "Join Type": "Inner",
                  "Startup Cost": 0.42,
                  "Total Cost": 32932.55,
                  "Plan Rows": 747,
                  "Plan Width": 40,
                  "Actual Startup Time": 0.345,
                  "Actual Total Time": 80.478,
                  "Actual Rows": 1178,
                  "Actual Loops": 4,
                  "Inner Unique": true,
                  "Plans": [
                    {
                      "Node Type": "Seq Scan",
                      "Parent Relationship": "Outer",
                      "Parallel Aware": true,
                      "Relation Name": "movie_companies",
                      "Alias": "mc",
                      "Startup Cost": 0.0,
                      "Total Cost": 29310.68,
                      "Plan Rows": 747,
                      "Plan Width": 40,
                      "Actual Startup Time": 0.185,
                      "Actual Total Time": 75.048,
                      "Actual Rows": 1178,
                      "Actual Loops": 4,
                      "Filter": "(company_id < 6)",
                      "Rows Removed by Filter": 651104
                    },
                    {
                      "Node Type": "Index Only Scan",
                      "Parent Relationship": "Inner",
                      "Parallel Aware": false,
                      "Scan Direction": "Forward",
                      "Index Name": "company_name_pkey",
                      "Relation Name": "company_name",
                      "Alias": "cn",
                      "Startup Cost": 0.42,
                      "Total Cost": 4.85,
                      "Plan Rows": 1,
                      "Plan Width": 4,
                      "Actual Startup Time": 0.004,
                      "Actual Total Time": 0.004,
                      "Actual Rows": 1,
                      "Actual Loops": 4712,
                      "Index Cond": "(id = mc.company_id)",
                      "Rows Removed by Index Recheck": 0,
                      "Heap Fetches": 4712
                    }
                  ]
                },
                {
                  "Node Type": "Index Only Scan",
                  "Parent Relationship": "Inner",
                  "Parallel Aware": false,
                  "Scan Direction": "Forward",
                  "Index Name": "title_pkey",
                  "Relation Name": "title",
                  "Alias": "t",
                  "Startup Cost": 0.43,
                  "Total Cost": 7.87,
                  "Plan Rows": 1,
                  "Plan Width": 4,
                  "Actual Startup Time": 0.019,
                  "Actual Total Time": 0.019,
                  "Actual Rows": 1,
                  "Actual Loops": 4712,
                  "Index Cond": "(id = mc.movie_id)",
                  "Rows Removed by Index Recheck": 0,
                  "Heap Fetches": 4712
                }
              ]
            },
            {
              "Node Type": "Hash",
              "Parent Relationship": "Inner",
              "Parallel Aware": false,
              "Startup Cost": 1.04,
              "Total Cost": 1.04,
              "Plan Rows": 4,
              "Plan Width": 4,
              "Actual Startup Time": 0.061,
              "Actual Total Time": 0.062,
              "Actual Rows": 4,
              "Actual Loops": 4,
              "Hash Buckets": 1024,
              "Original Hash Buckets": 1024,
              "Hash Batches": 1,
              "Original Hash Batches": 1,
              "Peak Memory Usage": 9,
              "Plans": [
                {
                  "Node Type": "Seq Scan",
                  "Parent Relationship": "Outer",
                  "Parallel Aware": false,
                  "Relation Name": "company_type",
                  "Alias": "ct",
                  "Startup Cost": 0.0,
                  "Total Cost": 1.04,
                  "Plan Rows": 4,
                  "Plan Width": 4,
                  "Actual Startup Time": 0.03,
                  "Actual Total Time": 0.034,
                  "Actual Rows": 4,
                  "Actual Loops": 4
                }
              ]
            }
          ]
        }
      ]
    },
    "Planning Time": 3.087,
    "Triggers": [],
    "Execution Time": 127.728
  }
]