[
    {
        "Bao": {
            "Bao prediction": "NaN",
            "Bao recommended hint": "(no hint)"
        }
    },
    {
        "Plan": {
            "Node Type": "Aggregate",
            "Strategy": "Plain",
            "Partial Mode": "Finalize",
            "Parallel Aware": false,
            "Startup Cost": 72782.18,
            "Total Cost": 72782.19,
            "Plan Rows": 1,
            "Plan Width": 8,
            "Actual Startup Time": 120.691,
            "Actual Total Time": 129.931,
            "Actual Rows": 1,
            "Actual Loops": 1,
            "Output": [
                "count(*)"
            ],
            "Plans": [
                {
                    "Node Type": "Gather",
                    "Parent Relationship": "Outer",
                    "Parallel Aware": false,
                    "Startup Cost": 72781.86,
                    "Total Cost": 72782.17,
                    "Plan Rows": 3,
                    "Plan Width": 8,
                    "Actual Startup Time": 120.353,
                    "Actual Total Time": 129.924,
                    "Actual Rows": 4,
                    "Actual Loops": 1,
                    "Output": [
                        "(PARTIAL count(*))"
                    ],
                    "Workers Planned": 3,
                    "Workers Launched": 3,
                    "Single Copy": false,
                    "Plans": [
                        {
                            "Node Type": "Aggregate",
                            "Strategy": "Plain",
                            "Partial Mode": "Partial",
                            "Parent Relationship": "Outer",
                            "Parallel Aware": false,
                            "Startup Cost": 71781.86,
                            "Total Cost": 71781.87,
                            "Plan Rows": 1,
                            "Plan Width": 8,
                            "Actual Startup Time": 111.679,
                            "Actual Total Time": 111.682,
                            "Actual Rows": 1,
                            "Actual Loops": 4,
                            "Output": [
                                "PARTIAL count(*)"
                            ],
                            "Workers": [
                                {
                                    "Worker Number": 0,
                                    "Actual Startup Time": 108.736,
                                    "Actual Total Time": 108.739,
                                    "Actual Rows": 1,
                                    "Actual Loops": 1
                                },
                                {
                                    "Worker Number": 1,
                                    "Actual Startup Time": 108.685,
                                    "Actual Total Time": 108.688,
                                    "Actual Rows": 1,
                                    "Actual Loops": 1
                                },
                                {
                                    "Worker Number": 2,
                                    "Actual Startup Time": 109.218,
                                    "Actual Total Time": 109.221,
                                    "Actual Rows": 1,
                                    "Actual Loops": 1
                                }
                            ],
                            "Plans": [
                                {
                                    "Node Type": "Hash Join",
                                    "Parent Relationship": "Outer",
                                    "Parallel Aware": true,
                                    "Join Type": "Inner",
                                    "Startup Cost": 46603.36,
                                    "Total Cost": 71781.07,
                                    "Plan Rows": 317,
                                    "Plan Width": 0,
                                    "Actual Startup Time": 94.824,
                                    "Actual Total Time": 111.639,
                                    "Actual Rows": 428,
                                    "Actual Loops": 4,
                                    "Inner Unique": true,
                                    "Hash Cond": "(mk.movie_id = t.id)",
                                    "Workers": [
                                        {
                                            "Worker Number": 0,
                                            "Actual Startup Time": 92.372,
                                            "Actual Total Time": 108.702,
                                            "Actual Rows": 359,
                                            "Actual Loops": 1
                                        },
                                        {
                                            "Worker Number": 1,
                                            "Actual Startup Time": 91.715,
                                            "Actual Total Time": 108.652,
                                            "Actual Rows": 361,
                                            "Actual Loops": 1
                                        },
                                        {
                                            "Worker Number": 2,
                                            "Actual Startup Time": 92.262,
                                            "Actual Total Time": 109.181,
                                            "Actual Rows": 363,
                                            "Actual Loops": 1
                                        }
                                    ],
                                    "Plans": [
                                        {
                                            "Node Type": "Bitmap Heap Scan",
                                            "Parent Relationship": "Outer",
                                            "Parallel Aware": true,
                                            "Relation Name": "movie_keyword",
                                            "Schema": "public",
                                            "Alias": "mk",
                                            "Startup Cost": 949.94,
                                            "Total Cost": 26089.9,
                                            "Plan Rows": 14381,
                                            "Plan Width": 4,
                                            "Actual Startup Time": 4.974,
                                            "Actual Total Time": 19.973,
                                            "Actual Rows": 10118,
                                            "Actual Loops": 4,
                                            "Output": [
                                                "mk.id",
                                                "mk.movie_id",
                                                "mk.keyword_id"
                                            ],
                                            "Recheck Cond": "(mk.keyword_id > 104380)",
                                            "Rows Removed by Index Recheck": 0,
                                            "Exact Heap Blocks": 4533,
                                            "Lossy Heap Blocks": 0,
                                            "Workers": [
                                                {
                                                    "Worker Number": 0,
                                                    "Actual Startup Time": 5.012,
                                                    "Actual Total Time": 20.217,
                                                    "Actual Rows": 7776,
                                                    "Actual Loops": 1
                                                },
                                                {
                                                    "Worker Number": 1,
                                                    "Actual Startup Time": 4.993,
                                                    "Actual Total Time": 20.283,
                                                    "Actual Rows": 8196,
                                                    "Actual Loops": 1
                                                },
                                                {
                                                    "Worker Number": 2,
                                                    "Actual Startup Time": 5.009,
                                                    "Actual Total Time": 20.27,
                                                    "Actual Rows": 7575,
                                                    "Actual Loops": 1
                                                }
                                            ],
                                            "Plans": [
                                                {
                                                    "Node Type": "Bitmap Index Scan",
                                                    "Parent Relationship": "Outer",
                                                    "Parallel Aware": false,
                                                    "Index Name": "keyword_id_movie_keyword",
                                                    "Startup Cost": 0.0,
                                                    "Total Cost": 938.8,
                                                    "Plan Rows": 44582,
                                                    "Plan Width": 0,
                                                    "Actual Startup Time": 3.399,
                                                    "Actual Total Time": 3.4,
                                                    "Actual Rows": 40471,
                                                    "Actual Loops": 1,
                                                    "Index Cond": "(mk.keyword_id > 104380)"
                                                }
                                            ]
                                        },
                                        {
                                            "Node Type": "Hash",
                                            "Parent Relationship": "Inner",
                                            "Parallel Aware": true,
                                            "Startup Cost": 45479.21,
                                            "Total Cost": 45479.21,
                                            "Plan Rows": 13937,
                                            "Plan Width": 4,
                                            "Actual Startup Time": 89.188,
                                            "Actual Total Time": 89.189,
                                            "Actual Rows": 12269,
                                            "Actual Loops": 4,
                                            "Output": [
                                                "t.id"
                                            ],
                                            "Hash Buckets": 65536,
                                            "Original Hash Buckets": 65536,
                                            "Hash Batches": 1,
                                            "Original Hash Batches": 1,
                                            "Peak Memory Usage": 2496,
                                            "Workers": [
                                                {
                                                    "Worker Number": 0,
                                                    "Actual Startup Time": 86.279,
                                                    "Actual Total Time": 86.279,
                                                    "Actual Rows": 11168,
                                                    "Actual Loops": 1
                                                },
                                                {
                                                    "Worker Number": 1,
                                                    "Actual Startup Time": 86.276,
                                                    "Actual Total Time": 86.277,
                                                    "Actual Rows": 11608,
                                                    "Actual Loops": 1
                                                },
                                                {
                                                    "Worker Number": 2,
                                                    "Actual Startup Time": 86.723,
                                                    "Actual Total Time": 86.724,
                                                    "Actual Rows": 11285,
                                                    "Actual Loops": 1
                                                }
                                            ],
                                            "Plans": [
                                                {
                                                    "Node Type": "Seq Scan",
                                                    "Parent Relationship": "Outer",
                                                    "Parallel Aware": true,
                                                    "Relation Name": "title",
                                                    "Schema": "public",
                                                    "Alias": "t",
                                                    "Startup Cost": 0.0,
                                                    "Total Cost": 45479.21,
                                                    "Plan Rows": 13937,
                                                    "Plan Width": 4,
                                                    "Actual Startup Time": 0.105,
                                                    "Actual Total Time": 84.936,
                                                    "Actual Rows": 12269,
                                                    "Actual Loops": 4,
                                                    "Output": [
                                                        "t.id"
                                                    ],
                                                    "Filter": "((t.kind_id < 7) AND (t.production_year = 2010))",
                                                    "Rows Removed by Filter": 619809,
                                                    "Workers": [
                                                        {
                                                            "Worker Number": 0,
                                                            "Actual Startup Time": 0.179,
                                                            "Actual Total Time": 82.283,
                                                            "Actual Rows": 11168,
                                                            "Actual Loops": 1
                                                        },
                                                        {
                                                            "Worker Number": 1,
                                                            "Actual Startup Time": 0.119,
                                                            "Actual Total Time": 82.194,
                                                            "Actual Rows": 11608,
                                                            "Actual Loops": 1
                                                        },
                                                        {
                                                            "Worker Number": 2,
                                                            "Actual Startup Time": 0.072,
                                                            "Actual Total Time": 82.604,
                                                            "Actual Rows": 11285,
                                                            "Actual Loops": 1
                                                        }
                                                    ]
                                                }
                                            ]
                                        }
                                    ]
                                }
                            ]
                        }
                    ]
                }
            ]
        },
        "Planning Time": 204.575,
        "Triggers": [],
        "Execution Time": 130.013
    }
]