[
  {
    "Plan": {
      "Node Type": "Aggregate",
      "Strategy": "Plain",
      "Partial Mode": "Finalize",
      "Parallel Aware": false,
      "Startup Cost": 57727.74,
      "Total Cost": 57727.75,
      "Plan Rows": 1,
      "Plan Width": 8,
      "Actual Startup Time": 104.507,
      "Actual Total Time": 118.356,
      "Actual Rows": 1,
      "Actual Loops": 1,
      "Plans": [
        {
          "Node Type": "Gather",
          "Parent Relationship": "Outer",
          "Parallel Aware": false,
          "Startup Cost": 57727.32,
          "Total Cost": 57727.73,
          "Plan Rows": 4,
          "Plan Width": 8,
          "Actual Startup Time": 104.388,
          "Actual Total Time": 118.349,
          "Actual Rows": 5,
          "Actual Loops": 1,
          "Workers Planned": 4,
          "Workers Launched": 4,
          "Single Copy": false,
          "Plans": [
            {
              "Node Type": "Aggregate",
              "Strategy": "Plain",
              "Partial Mode": "Partial",
              "Parent Relationship": "Outer",
              "Parallel Aware": false,
              "Startup Cost": 56727.32,
              "Total Cost": 56727.33,
              "Plan Rows": 1,
              "Plan Width": 8,
              "Actual Startup Time": 94.423,
              "Actual Total Time": 94.424,
              "Actual Rows": 1,
              "Actual Loops": 5,
              "Plans": [
                {
                  "Node Type": "Nested Loop",
                  "Parent Relationship": "Outer",
                  "Parallel Aware": false,
                  "Join Type": "Inner",
                  "Startup Cost": 0.43,
                  "Total Cost": 56721.83,
                  "Plan Rows": 2199,
                  "Plan Width": 0,
                  "Actual Startup Time": 2.861,
                  "Actual Total Time": 94.108,
                  "Actual Rows": 6125,
                  "Actual Loops": 5,
                  "Inner Unique": false,
                  "Plans": [
                    {
                      "Node Type": "Seq Scan",
                      "Parent Relationship": "Outer",
                      "Parallel Aware": true,
                      "Relation Name": "title",
                      "Alias": "t",
                      "Startup Cost": 0.0,
                      "Total Cost": 45479.1,
                      "Plan Rows": 1248,
                      "Plan Width": 4,
                      "Actual Startup Time": 1.362,
                      "Actual Total Time": 78.874,
                      "Actual Rows": 1347,
                      "Actual Loops": 5,
                      "Filter": "((kind_id < 7) AND (production_year = 1980))",
                      "Rows Removed by Filter": 504315
                    },
                    {
                      "Node Type": "Index Scan",
                      "Parent Relationship": "Inner",
                      "Parallel Aware": false,
                      "Scan Direction": "Forward",
                      "Index Name": "movie_id_movie_keyword",
                      "Relation Name": "movie_keyword",
                      "Alias": "mk",
                      "Startup Cost": 0.43,
                      "Total Cost": 8.56,
                      "Plan Rows": 45,
                      "Plan Width": 4,
                      "Actual Startup Time": 0.01,
                      "Actual Total Time": 0.011,
                      "Actual Rows": 5,
                      "Actual Loops": 6735,
                      "Index Cond": "(movie_id = t.id)",
                      "Rows Removed by Index Recheck": 0,
                      "Filter": "(keyword_id > 56)",
                      "Rows Removed by Filter": 0
                    }
                  ]
                }
              ]
            }
          ]
        }
      ]
    },
    "Planning Time": 0.745,
    "Triggers": [],
    "Execution Time": 118.43
  }
]