{
  "Plan": {
    "Node Type": "Aggregate",
    "Strategy": "Plain",
    "Partial Mode": "Finalize",
    "Parallel Aware": false,
    "Startup Cost": 118136.92,
    "Total Cost": 118136.93,
    "Plan Rows": 1,
    "Plan Width": 8,
    "Actual Startup Time": 414.872,
    "Actual Total Time": 427.699,
    "Actual Rows": 1,
    "Actual Loops": 1,
    "Plans": [
      {
        "Node Type": "Gather",
        "Parent Relationship": "Outer",
        "Parallel Aware": false,
        "Startup Cost": 118136.81,
        "Total Cost": 118136.92,
        "Plan Rows": 1,
        "Plan Width": 8,
        "Actual Startup Time": 414.659,
        "Actual Total Time": 427.691,
        "Actual Rows": 2,
        "Actual Loops": 1,
        "Workers Planned": 1,
        "Workers Launched": 1,
        "Single Copy": false,
        "Plans": [
          {
            "Node Type": "Aggregate",
            "Strategy": "Plain",
            "Partial Mode": "Partial",
            "Parent Relationship": "Outer",
            "Parallel Aware": false,
            "Startup Cost": 117136.81,
            "Total Cost": 117136.82,
            "Plan Rows": 1,
            "Plan Width": 8,
            "Actual Startup Time": 410.876,
            "Actual Total Time": 410.881,
            "Actual Rows": 1,
            "Actual Loops": 2,
            "Plans": [
              {
                "Node Type": "Hash Join",
                "Parent Relationship": "Outer",
                "Parallel Aware": true,
                "Join Type": "Inner",
                "Startup Cost": 56001.66,
                "Total Cost": 117109.81,
                "Plan Rows": 10802,
                "Plan Width": 0,
                "Actual Startup Time": 45.407,
                "Actual Total Time": 405.532,
                "Actual Rows": 99879,
                "Actual Loops": 2,
                "Inner Unique": false,
                "Hash Cond": "(mk.movie_id = t.id)",
                "Plans": [
                  {
                    "Node Type": "Seq Scan",
                    "Parent Relationship": "Outer",
                    "Parallel Aware": true,
                    "Relation Name": "movie_keyword",
                    "Alias": "mk",
                    "Startup Cost": 0.0,
                    "Total Cost": 51065.35,
                    "Plan Rows": 2661135,
                    "Plan Width": 4,
                    "Actual Startup Time": 0.009,
                    "Actual Total Time": 178.544,
                    "Actual Rows": 2261965,
                    "Actual Loops": 2
                  },
                  {
                    "Node Type": "Hash",
                    "Parent Relationship": "Inner",
                    "Parallel Aware": true,
                    "Startup Cost": 55926.19,
                    "Total Cost": 55926.19,
                    "Plan Rows": 6037,
                    "Plan Width": 8,
                    "Actual Startup Time": 41.093,
                    "Actual Total Time": 41.095,
                    "Actual Rows": 4733,
                    "Actual Loops": 2,
                    "Hash Buckets": 16384,
                    "Original Hash Buckets": 16384,
                    "Hash Batches": 1,
                    "Original Hash Batches": 1,
                    "Peak Memory Usage": 544,
                    "Plans": [
                      {
                        "Node Type": "Nested Loop",
                        "Parent Relationship": "Outer",
                        "Parallel Aware": false,
                        "Join Type": "Inner",
                        "Startup Cost": 224.4,
                        "Total Cost": 55926.19,
                        "Plan Rows": 6037,
                        "Plan Width": 8,
                        "Actual Startup Time": 2.899,
                        "Actual Total Time": 39.158,
                        "Actual Rows": 4733,
                        "Actual Loops": 2,
                        "Inner Unique": true,
                        "Plans": [
                          {
                            "Node Type": "Bitmap Heap Scan",
                            "Parent Relationship": "Outer",
                            "Parallel Aware": true,
                            "Relation Name": "movie_companies",
                            "Alias": "mc",
                            "Startup Cost": 223.97,
                            "Total Cost": 16704.99,
                            "Plan Rows": 6037,
                            "Plan Width": 4,
                            "Actual Startup Time": 2.797,
                            "Actual Total Time": 12.919,
                            "Actual Rows": 4733,
                            "Actual Loops": 2,
                            "Recheck Cond": "(company_id = 1451)",
                            "Rows Removed by Index Recheck": 0,
                            "Exact Heap Blocks": 4214,
                            "Lossy Heap Blocks": 0,
                            "Plans": [
                              {
                                "Node Type": "Bitmap Index Scan",
                                "Parent Relationship": "Outer",
                                "Parallel Aware": false,
                                "Index Name": "company_id_movie_companies",
                                "Startup Cost": 0.0,
                                "Total Cost": 221.4,
                                "Plan Rows": 10263,
                                "Plan Width": 0,
                                "Actual Startup Time": 3.317,
                                "Actual Total Time": 3.317,
                                "Actual Rows": 9466,
                                "Actual Loops": 1,
                                "Index Cond": "(company_id = 1451)"
                              }
                            ]
                          },
                          {
                            "Node Type": "Index Only Scan",
                            "Parent Relationship": "Inner",
                            "Parallel Aware": false,
                            "Scan Direction": "Forward",
                            "Index Name": "title_pkey",
                            "Relation Name": "title",
                            "Alias": "t",
                            "Startup Cost": 0.43,
                            "Total Cost": 6.5,
                            "Plan Rows": 1,
                            "Plan Width": 4,
                            "Actual Startup Time": 0.005,
                            "Actual Total Time": 0.005,
                            "Actual Rows": 1,
                            "Actual Loops": 9466,
                            "Index Cond": "(id = mc.movie_id)",
                            "Rows Removed by Index Recheck": 0,
                            "Heap Fetches": 9466
                          }
                        ]
                      }
                    ]
                  }
                ]
              }
            ]
          }
        ]
      }
    ]
  },
  "Planning Time": 0.621,
  "Triggers": [],
  "Execution Time": 427.769
}