[
  {
    "Plan": {
      "Node Type": "Aggregate",
      "Strategy": "Plain",
      "Partial Mode": "Finalize",
      "Parallel Aware": false,
      "Startup Cost": 664185.3,
      "Total Cost": 664185.31,
      "Plan Rows": 1,
      "Plan Width": 8,
      "Actual Startup Time": 8139.556,
      "Actual Total Time": 8247.119,
      "Actual Rows": 1,
      "Actual Loops": 1,
      "Plans": [
        {
          "Node Type": "Gather",
          "Parent Relationship": "Outer",
          "Parallel Aware": false,
          "Startup Cost": 664184.78,
          "Total Cost": 664185.29,
          "Plan Rows": 5,
          "Plan Width": 8,
          "Actual Startup Time": 8076.045,
          "Actual Total Time": 8247.092,
          "Actual Rows": 6,
          "Actual Loops": 1,
          "Workers Planned": 5,
          "Workers Launched": 5,
          "Single Copy": false,
          "Plans": [
            {
              "Node Type": "Aggregate",
              "Strategy": "Plain",
              "Partial Mode": "Partial",
              "Parent Relationship": "Outer",
              "Parallel Aware": false,
              "Startup Cost": 663184.78,
              "Total Cost": 663184.79,
              "Plan Rows": 1,
              "Plan Width": 8,
              "Actual Startup Time": 8030.302,
              "Actual Total Time": 8031.911,
              "Actual Rows": 1,
              "Actual Loops": 6,
              "Plans": [
                {
                  "Node Type": "Hash Join",
                  "Parent Relationship": "Outer",
                  "Parallel Aware": true,
                  "Join Type": "Inner",
                  "Startup Cost": 409794.05,
                  "Total Cost": 634956.74,
                  "Plan Rows": 11291216,
                  "Plan Width": 0,
                  "Actual Startup Time": 2604.843,
                  "Actual Total Time": 7006.932,
                  "Actual Rows": 26705548,
                  "Actual Loops": 6,
                  "Inner Unique": false,
                  "Hash Cond": "(mi.movie_id = t.id)",
                  "Plans": [
                    {
                      "Node Type": "Seq Scan",
                      "Parent Relationship": "Outer",
                      "Parallel Aware": true,
                      "Relation Name": "movie_info",
                      "Alias": "mi",
                      "Startup Cost": 0.0,
                      "Total Cost": 191560.33,
                      "Plan Rows": 2956733,
                      "Plan Width": 4,
                      "Actual Startup Time": 0.028,
                      "Actual Total Time": 289.451,
                      "Actual Rows": 2472620,
                      "Actual Loops": 6
                    },
                    {
                      "Node Type": "Hash",
                      "Parent Relationship": "Inner",
                      "Parallel Aware": true,
                      "Startup Cost": 389679.3,
                      "Total Cost": 389679.3,
                      "Plan Rows": 1609180,
                      "Plan Width": 8,
                      "Actual Startup Time": 2585.75,
                      "Actual Total Time": 2587.355,
                      "Actual Rows": 2111781,
                      "Actual Loops": 6,
                      "Hash Buckets": 16777216,
                      "Original Hash Buckets": 16777216,
                      "Hash Batches": 1,
                      "Original Hash Batches": 1,
                      "Peak Memory Usage": 626816,
                      "Plans": [
                        {
                          "Node Type": "Hash Join",
                          "Parent Relationship": "Outer",
                          "Parallel Aware": true,
                          "Join Type": "Inner",
                          "Startup Cost": 50220.21,
                          "Total Cost": 389679.3,
                          "Plan Rows": 1609180,
                          "Plan Width": 8,
                          "Actual Startup Time": 253.56,
                          "Actual Total Time": 1704.514,
                          "Actual Rows": 2111781,
                          "Actual Loops": 6,
                          "Inner Unique": true,
                          "Hash Cond": "(ci.movie_id = t.id)",
                          "Plans": [
                            {
                              "Node Type": "Index Scan",
                              "Parent Relationship": "Outer",
                              "Parallel Aware": true,
                              "Scan Direction": "Forward",
                              "Index Name": "role_id_cast_info",
                              "Relation Name": "cast_info",
                              "Alias": "ci",
                              "Startup Cost": 0.56,
                              "Total Cost": 335235.55,
                              "Plan Rows": 1609180,
                              "Plan Width": 4,
                              "Actual Startup Time": 0.181,
                              "Actual Total Time": 425.331,
                              "Actual Rows": 2111781,
                              "Actual Loops": 6,
                              "Index Cond": "(role_id = 1)",
                              "Rows Removed by Index Recheck": 0,
                              "Filter": "(person_id < 2870548)",
                              "Rows Removed by Filter": 0
                            },
                            {
                              "Node Type": "Hash",
                              "Parent Relationship": "Inner",
                              "Parallel Aware": true,
                              "Startup Cost": 42318.73,
                              "Total Cost": 42318.73,
                              "Plan Rows": 632073,
                              "Plan Width": 4,
                              "Actual Startup Time": 249.366,
                              "Actual Total Time": 249.368,
                              "Actual Rows": 421385,
                              "Actual Loops": 6,
                              "Hash Buckets": 4194304,
                              "Original Hash Buckets": 4194304,
                              "Hash Batches": 1,
                              "Original Hash Batches": 1,
                              "Peak Memory Usage": 131744,
                              "Plans": [
                                {
                                  "Node Type": "Seq Scan",
                                  "Parent Relationship": "Outer",
                                  "Parallel Aware": true,
                                  "Relation Name": "title",
                                  "Alias": "t",
                                  "Startup Cost": 0.0,
                                  "Total Cost": 42318.73,
                                  "Plan Rows": 632073,
                                  "Plan Width": 4,
                                  "Actual Startup Time": 0.051,
                                  "Actual Total Time": 73.254,
                                  "Actual Rows": 421385,
                                  "Actual Loops": 6
                                }
                              ]
                            }
                          ]
                        }
                      ]
                    }
                  ]
                }
              ]
            }
          ]
        }
      ]
    },
    "Planning Time": 1.334,
    "Triggers": [],
    "Execution Time": 8247.217
  }
]