[
  {
    "Plan": {
      "Node Type": "Aggregate",
      "Strategy": "Plain",
      "Partial Mode": "Finalize",
      "Parallel Aware": false,
      "Startup Cost": 380881.5,
      "Total Cost": 380881.51,
      "Plan Rows": 1,
      "Plan Width": 8,
      "Actual Startup Time": 1803.424,
      "Actual Total Time": 1870.505,
      "Actual Rows": 1,
      "Actual Loops": 1,
      "Plans": [
        {
          "Node Type": "Gather",
          "Parent Relationship": "Outer",
          "Parallel Aware": false,
          "Startup Cost": 380880.88,
          "Total Cost": 380881.49,
          "Plan Rows": 6,
          "Plan Width": 8,
          "Actual Startup Time": 1799.057,
          "Actual Total Time": 1870.495,
          "Actual Rows": 7,
          "Actual Loops": 1,
          "Workers Planned": 6,
          "Workers Launched": 6,
          "Single Copy": false,
          "Plans": [
            {
              "Node Type": "Aggregate",
              "Strategy": "Plain",
              "Partial Mode": "Partial",
              "Parent Relationship": "Outer",
              "Parallel Aware": false,
              "Startup Cost": 379880.88,
              "Total Cost": 379880.89,
              "Plan Rows": 1,
              "Plan Width": 8,
              "Actual Startup Time": 1788.631,
              "Actual Total Time": 1788.634,
              "Actual Rows": 1,
              "Actual Loops": 7,
              "Plans": [
                {
                  "Node Type": "Hash Join",
                  "Parent Relationship": "Outer",
                  "Parallel Aware": true,
                  "Join Type": "Inner",
                  "Startup Cost": 47363.62,
                  "Total Cost": 376280.42,
                  "Plan Rows": 1440183,
                  "Plan Width": 0,
                  "Actual Startup Time": 115.22,
                  "Actual Total Time": 1731.332,
                  "Actual Rows": 1189292,
                  "Actual Loops": 7,
                  "Inner Unique": true,
                  "Hash Cond": "(ci.movie_id = t.id)",
                  "Plans": [
                    {
                      "Node Type": "Seq Scan",
                      "Parent Relationship": "Outer",
                      "Parallel Aware": true,
                      "Relation Name": "cast_info",
                      "Alias": "ci",
                      "Startup Cost": 0.0,
                      "Total Cost": 313067.02,
                      "Plan Rows": 6038002,
                      "Plan Width": 4,
                      "Actual Startup Time": 0.026,
                      "Actual Total Time": 549.035,
                      "Actual Rows": 5177763,
                      "Actual Loops": 7
                    },
                    {
                      "Node Type": "Hash",
                      "Parent Relationship": "Inner",
                      "Parallel Aware": true,
                      "Startup Cost": 45479.1,
                      "Total Cost": 45479.1,
                      "Plan Rows": 150762,
                      "Plan Width": 4,
                      "Actual Startup Time": 112.44,
                      "Actual Total Time": 112.441,
                      "Actual Rows": 72487,
                      "Actual Loops": 7,
                      "Hash Buckets": 1048576,
                      "Original Hash Buckets": 1048576,
                      "Hash Batches": 1,
                      "Original Hash Batches": 1,
                      "Peak Memory Usage": 28128,
                      "Plans": [
                        {
                          "Node Type": "Seq Scan",
                          "Parent Relationship": "Outer",
                          "Parallel Aware": true,
                          "Relation Name": "title",
                          "Alias": "t",
                          "Startup Cost": 0.0,
                          "Total Cost": 45479.1,
                          "Plan Rows": 150762,
                          "Plan Width": 4,
                          "Actual Startup Time": 0.059,
                          "Actual Total Time": 77.754,
                          "Actual Rows": 72487,
                          "Actual Loops": 7,
                          "Filter": "((kind_id < 7) AND (production_year > 1997))",
                          "Rows Removed by Filter": 288701
                        }
                      ]
                    }
                  ]
                }
              ]
            }
          ]
        }
      ]
    },
    "Planning Time": 0.385,
    "Triggers": [],
    "Execution Time": 1870.572
  }
]