{
  "Plan": {
    "Node Type": "Aggregate",
    "Strategy": "Plain",
    "Partial Mode": "Finalize",
    "Parallel Aware": false,
    "Startup Cost": 56403.52,
    "Total Cost": 56403.53,
    "Plan Rows": 1,
    "Plan Width": 8,
    "Actual Startup Time": 220.656,
    "Actual Total Time": 258.04,
    "Actual Rows": 1,
    "Actual Loops": 1,
    "Plans": [
      {
        "Node Type": "Gather",
        "Parent Relationship": "Outer",
        "Parallel Aware": false,
        "Startup Cost": 56403.4,
        "Total Cost": 56403.51,
        "Plan Rows": 1,
        "Plan Width": 8,
        "Actual Startup Time": 220.379,
        "Actual Total Time": 258.031,
        "Actual Rows": 2,
        "Actual Loops": 1,
        "Workers Planned": 1,
        "Workers Launched": 1,
        "Single Copy": false,
        "Plans": [
          {
            "Node Type": "Aggregate",
            "Strategy": "Plain",
            "Partial Mode": "Partial",
            "Parent Relationship": "Outer",
            "Parallel Aware": false,
            "Startup Cost": 55403.4,
            "Total Cost": 55403.41,
            "Plan Rows": 1,
            "Plan Width": 8,
            "Actual Startup Time": 214.341,
            "Actual Total Time": 214.343,
            "Actual Rows": 1,
            "Actual Loops": 2,
            "Plans": [
              {
                "Node Type": "Nested Loop",
                "Parent Relationship": "Outer",
                "Parallel Aware": false,
                "Join Type": "Inner",
                "Startup Cost": 163.73,
                "Total Cost": 55338.57,
                "Plan Rows": 25935,
                "Plan Width": 0,
                "Actual Startup Time": 4.131,
                "Actual Total Time": 201.724,
                "Actual Rows": 220128,
                "Actual Loops": 2,
                "Inner Unique": false,
                "Plans": [
                  {
                    "Node Type": "Nested Loop",
                    "Parent Relationship": "Outer",
                    "Parallel Aware": false,
                    "Join Type": "Inner",
                    "Startup Cost": 163.3,
                    "Total Cost": 46770.0,
                    "Plan Rows": 4435,
                    "Plan Width": 8,
                    "Actual Startup Time": 4.015,
                    "Actual Total Time": 36.828,
                    "Actual Rows": 3390,
                    "Actual Loops": 2,
                    "Inner Unique": true,
                    "Plans": [
                      {
                        "Node Type": "Bitmap Heap Scan",
                        "Parent Relationship": "Outer",
                        "Parallel Aware": true,
                        "Relation Name": "movie_keyword",
                        "Alias": "mk",
                        "Startup Cost": 162.87,
                        "Total Cost": 16220.17,
                        "Plan Rows": 4435,
                        "Plan Width": 4,
                        "Actual Startup Time": 3.863,
                        "Actual Total Time": 14.066,
                        "Actual Rows": 3390,
                        "Actual Loops": 2,
                        "Recheck Cond": "(keyword_id = 1135)",
                        "Rows Removed by Index Recheck": 0,
                        "Exact Heap Blocks": 4514,
                        "Lossy Heap Blocks": 0,
                        "Plans": [
                          {
                            "Node Type": "Bitmap Index Scan",
                            "Parent Relationship": "Outer",
                            "Parallel Aware": false,
                            "Index Name": "keyword_id_movie_keyword",
                            "Startup Cost": 0.0,
                            "Total Cost": 160.98,
                            "Plan Rows": 7540,
                            "Plan Width": 0,
                            "Actual Startup Time": 4.484,
                            "Actual Total Time": 4.485,
                            "Actual Rows": 6780,
                            "Actual Loops": 1,
                            "Index Cond": "(keyword_id = 1135)"
                          }
                        ]
                      },
                      {
                        "Node Type": "Index Only Scan",
                        "Parent Relationship": "Inner",
                        "Parallel Aware": false,
                        "Scan Direction": "Forward",
                        "Index Name": "title_pkey",
                        "Relation Name": "title",
                        "Alias": "t",
                        "Startup Cost": 0.43,
                        "Total Cost": 6.89,
                        "Plan Rows": 1,
                        "Plan Width": 4,
                        "Actual Startup Time": 0.006,
                        "Actual Total Time": 0.006,
                        "Actual Rows": 1,
                        "Actual Loops": 6780,
                        "Index Cond": "(id = mk.movie_id)",
                        "Rows Removed by Index Recheck": 0,
                        "Heap Fetches": 6780
                      }
                    ]
                  },
                  {
                    "Node Type": "Index Only Scan",
                    "Parent Relationship": "Inner",
                    "Parallel Aware": false,
                    "Scan Direction": "Forward",
                    "Index Name": "movie_id_movie_info",
                    "Relation Name": "movie_info",
                    "Alias": "mi",
                    "Startup Cost": 0.43,
                    "Total Cost": 1.51,
                    "Plan Rows": 42,
                    "Plan Width": 4,
                    "Actual Startup Time": 0.009,
                    "Actual Total Time": 0.043,
                    "Actual Rows": 65,
                    "Actual Loops": 6780,
                    "Index Cond": "(movie_id = t.id)",
                    "Rows Removed by Index Recheck": 0,
                    "Heap Fetches": 440255
                  }
                ]
              }
            ]
          }
        ]
      }
    ]
  },
  "Planning Time": 0.956,
  "Triggers": [],
  "Execution Time": 258.144
}