[
  {
    "Plan": {
      "Node Type": "Aggregate",
      "Strategy": "Plain",
      "Partial Mode": "Simple",
      "Parallel Aware": false,
      "Startup Cost": 701806.12,
      "Total Cost": 701806.13,
      "Plan Rows": 1,
      "Plan Width": 64,
      "Actual Startup Time": 5709.326,
      "Actual Total Time": 5709.619,
      "Actual Rows": 1,
      "Actual Loops": 1,
      "Plans": [
        {
          "Node Type": "Merge Join",
          "Parent Relationship": "Outer",
          "Parallel Aware": false,
          "Join Type": "Inner",
          "Startup Cost": 565238.75,
          "Total Cost": 701806.07,
          "Plan Rows": 9,
          "Plan Width": 33,
          "Actual Startup Time": 4291.648,
          "Actual Total Time": 5709.447,
          "Actual Rows": 104,
          "Actual Loops": 1,
          "Inner Unique": false,
          "Merge Cond": "(chn.id = ci.person_role_id)",
          "Plans": [
            {
              "Node Type": "Index Scan",
              "Parent Relationship": "Outer",
              "Parallel Aware": false,
              "Scan Direction": "Forward",
              "Index Name": "char_name_pkey",
              "Relation Name": "char_name",
              "Alias": "chn",
              "Startup Cost": 0.43,
              "Total Cost": 128716.85,
              "Plan Rows": 3140339,
              "Plan Width": 20,
              "Actual Startup Time": 0.013,
              "Actual Total Time": 1283.344,
              "Actual Rows": 2077054,
              "Actual Loops": 1
            },
            {
              "Node Type": "Sort",
              "Parent Relationship": "Inner",
              "Parallel Aware": false,
              "Startup Cost": 565238.32,
              "Total Cost": 565238.34,
              "Plan Rows": 9,
              "Plan Width": 21,
              "Actual Startup Time": 4291.624,
              "Actual Total Time": 4291.977,
              "Actual Rows": 105,
              "Actual Loops": 1,
              "Sort Key": [
                "ci.person_role_id"
              ],
              "Sort Method": "quicksort",
              "Sort Space Used": 33,
              "Sort Space Type": "Memory",
              "Plans": [
                {
                  "Node Type": "Merge Join",
                  "Parent Relationship": "Outer",
                  "Parallel Aware": false,
                  "Join Type": "Inner",
                  "Startup Cost": 565238.02,
                  "Total Cost": 565238.18,
                  "Plan Rows": 9,
                  "Plan Width": 21,
                  "Actual Startup Time": 4291.539,
                  "Actual Total Time": 4291.858,
                  "Actual Rows": 112,
                  "Actual Loops": 1,
                  "Inner Unique": true,
                  "Merge Cond": "(mc.company_type_id = ct.id)",
                  "Plans": [
                    {
                      "Node Type": "Sort",
                      "Parent Relationship": "Outer",
                      "Parallel Aware": false,
                      "Startup Cost": 565236.94,
                      "Total Cost": 565236.96,
                      "Plan Rows": 9,
                      "Plan Width": 25,
                      "Actual Startup Time": 4291.45,
                      "Actual Total Time": 4291.746,
                      "Actual Rows": 112,
                      "Actual Loops": 1,
                      "Sort Key": [
                        "mc.company_type_id"
                      ],
                      "Sort Method": "quicksort",
                      "Sort Space Used": 33,
                      "Sort Space Type": "Memory",
                      "Plans": [
                        {
                          "Node Type": "Merge Join",
                          "Parent Relationship": "Outer",
                          "Parallel Aware": false,
                          "Join Type": "Inner",
                          "Startup Cost": 563185.77,
                          "Total Cost": 565236.8,
                          "Plan Rows": 9,
                          "Plan Width": 25,
                          "Actual Startup Time": 4247.014,
                          "Actual Total Time": 4291.655,
                          "Actual Rows": 112,
                          "Actual Loops": 1,
                          "Inner Unique": false,
                          "Merge Cond": "(t.id = ci.movie_id)",
                          "Plans": [
                            {
                              "Node Type": "Gather Merge",
                              "Parent Relationship": "Outer",
                              "Parallel Aware": false,
                              "Startup Cost": 218397.48,
                              "Total Cost": 220427.59,
                              "Plan Rows": 5877,
                              "Plan Width": 29,
                              "Actual Startup Time": 3048.7,
                              "Actual Total Time": 3140.195,
                              "Actual Rows": 4538,
                              "Actual Loops": 1,
                              "Workers Planned": 4,
                              "Workers Launched": 4,
                              "Plans": [
                                {
                                  "Node Type": "Merge Join",
                                  "Parent Relationship": "Outer",
                                  "Parallel Aware": false,
                                  "Join Type": "Inner",
                                  "Startup Cost": 217397.43,
                                  "Total Cost": 218727.53,
                                  "Plan Rows": 1469,
                                  "Plan Width": 29,
                                  "Actual Startup Time": 2723.061,
                                  "Actual Total Time": 2775.609,
                                  "Actual Rows": 908,
                                  "Actual Loops": 5,
                                  "Inner Unique": false,
                                  "Merge Cond": "(t.id = mc.movie_id)",
                                  "Plans": [
                                    {
                                      "Node Type": "Sort",
                                      "Parent Relationship": "Outer",
                                      "Parallel Aware": false,
                                      "Startup Cost": 66155.97,
                                      "Total Cost": 66776.91,
                                      "Plan Rows": 248376,
                                      "Plan Width": 21,
                                      "Actual Startup Time": 257.959,
                                      "Actual Total Time": 287.369,
                                      "Actual Rows": 202523,
                                      "Actual Loops": 5,
                                      "Sort Key": [
                                        "t.id"
                                      ],
                                      "Sort Method": "quicksort",
                                      "Sort Space Used": 22461,
                                      "Sort Space Type": "Memory",
                                      "Workers": [
                                        {
                                          "Worker Number": 0,
                                          "Sort Method": "quicksort",
                                          "Sort Space Used": 19750,
                                          "Sort Space Type": "Memory"
                                        },
                                        {
                                          "Worker Number": 1,
                                          "Sort Method": "quicksort",
                                          "Sort Space Used": 21224,
                                          "Sort Space Type": "Memory"
                                        },
                                        {
                                          "Worker Number": 2,
                                          "Sort Method": "quicksort",
                                          "Sort Space Used": 16570,
                                          "Sort Space Type": "Memory"
                                        },
                                        {
                                          "Worker Number": 3,
                                          "Sort Method": "quicksort",
                                          "Sort Space Used": 20943,
                                          "Sort Space Type": "Memory"
                                        }
                                      ],
                                      "Plans": [
                                        {
                                          "Node Type": "Seq Scan",
                                          "Parent Relationship": "Outer",
                                          "Parallel Aware": true,
                                          "Relation Name": "title",
                                          "Alias": "t",
                                          "Startup Cost": 0.0,
                                          "Total Cost": 43898.79,
                                          "Plan Rows": 248376,
                                          "Plan Width": 21,
                                          "Actual Startup Time": 0.062,
                                          "Actual Total Time": 172.755,
                                          "Actual Rows": 202584,
                                          "Actual Loops": 5,
                                          "Filter": "(production_year > 2005)",
                                          "Rows Removed by Filter": 303078
                                        }
                                      ]
                                    },
                                    {
                                      "Node Type": "Sort",
                                      "Parent Relationship": "Inner",
                                      "Parallel Aware": false,
                                      "Startup Cost": 151241.43,
                                      "Total Cost": 151278.82,
                                      "Plan Rows": 14955,
                                      "Plan Width": 8,
                                      "Actual Startup Time": 2464.621,
                                      "Actual Total Time": 2465.527,
                                      "Actual Rows": 8790,
                                      "Actual Loops": 5,
                                      "Sort Key": [
                                        "mc.movie_id"
                                      ],
                                      "Sort Method": "quicksort",
                                      "Sort Space Used": 797,
                                      "Sort Space Type": "Memory",
                                      "Workers": [
                                        {
                                          "Worker Number": 0,
                                          "Sort Method": "quicksort",
                                          "Sort Space Used": 797,
                                          "Sort Space Type": "Memory"
                                        },
                                        {
                                          "Worker Number": 1,
                                          "Sort Method": "quicksort",
                                          "Sort Space Used": 797,
                                          "Sort Space Type": "Memory"
                                        },
                                        {
                                          "Worker Number": 2,
                                          "Sort Method": "quicksort",
                                          "Sort Space Used": 797,
                                          "Sort Space Type": "Memory"
                                        },
                                        {
                                          "Worker Number": 3,
                                          "Sort Method": "quicksort",
                                          "Sort Space Used": 797,
                                          "Sort Space Type": "Memory"
                                        }
                                      ],
                                      "Plans": [
                                        {
                                          "Node Type": "Merge Join",
                                          "Parent Relationship": "Outer",
                                          "Parallel Aware": false,
                                          "Join Type": "Inner",
                                          "Startup Cost": 49.73,
                                          "Total Cost": 150204.43,
                                          "Plan Rows": 14955,
                                          "Plan Width": 8,
                                          "Actual Startup Time": 419.193,
                                          "Actual Total Time": 2461.174,
                                          "Actual Rows": 8790,
                                          "Actual Loops": 5,
                                          "Inner Unique": false,
                                          "Merge Cond": "(cn.id = mc.company_id)",
                                          "Plans": [
                                            {
                                              "Node Type": "Index Scan",
                                              "Parent Relationship": "Outer",
                                              "Parallel Aware": false,
                                              "Scan Direction": "Forward",
                                              "Index Name": "company_name_pkey",
                                              "Relation Name": "company_name",
                                              "Alias": "cn",
                                              "Startup Cost": 0.42,
                                              "Total Cost": 12474.79,
                                              "Plan Rows": 1347,
                                              "Plan Width": 4,
                                              "Actual Startup Time": 1.402,
                                              "Actual Total Time": 214.077,
                                              "Actual Rows": 1361,
                                              "Actual Loops": 5,
                                              "Filter": "((country_code)::text = '[ru]'::text)",
                                              "Rows Removed by Filter": 233636
                                            },
                                            {
                                              "Node Type": "Index Scan",
                                              "Parent Relationship": "Inner",
                                              "Parallel Aware": false,
                                              "Scan Direction": "Forward",
                                              "Index Name": "company_id_movie_companies",
                                              "Relation Name": "movie_companies",
                                              "Alias": "mc",
                                              "Startup Cost": 0.43,
                                              "Total Cost": 131053.9,
                                              "Plan Rows": 2609129,
                                              "Plan Width": 12,
                                              "Actual Startup Time": 0.036,
                                              "Actual Total Time": 2037.735,
                                              "Actual Rows": 2608750,
                                              "Actual Loops": 5
                                            }
                                          ]
                                        }
                                      ]
                                    }
                                  ]
                                }
                              ]
                            },
                            {
                              "Node Type": "Sort",
                              "Parent Relationship": "Inner",
                              "Parallel Aware": false,
                              "Startup Cost": 344788.28,
                              "Total Cost": 344792.25,
                              "Plan Rows": 1586,
                              "Plan Width": 8,
                              "Actual Startup Time": 1145.326,
                              "Actual Total Time": 1148.945,
                              "Actual Rows": 25908,
                              "Actual Loops": 1,
                              "Sort Key": [
                                "ci.movie_id"
                              ],
                              "Sort Method": "quicksort",
                              "Sort Space Used": 1981,
                              "Sort Space Type": "Memory",
                              "Plans": [
                                {
                                  "Node Type": "Gather",
                                  "Parent Relationship": "Outer",
                                  "Parallel Aware": false,
                                  "Startup Cost": 344526.87,
                                  "Total Cost": 344703.98,
                                  "Plan Rows": 1586,
                                  "Plan Width": 8,
                                  "Actual Startup Time": 1133.112,
                                  "Actual Total Time": 1138.677,
                                  "Actual Rows": 25874,
                                  "Actual Loops": 1,
                                  "Workers Planned": 6,
                                  "Workers Launched": 6,
                                  "Single Copy": false,
                                  "Plans": [
                                    {
                                      "Node Type": "Merge Join",
                                      "Parent Relationship": "Outer",
                                      "Parallel Aware": false,
                                      "Join Type": "Inner",
                                      "Startup Cost": 343526.87,
                                      "Total Cost": 343545.38,
                                      "Plan Rows": 264,
                                      "Plan Width": 8,
                                      "Actual Startup Time": 1121.335,
                                      "Actual Total Time": 1121.99,
                                      "Actual Rows": 3696,
                                      "Actual Loops": 7,
                                      "Inner Unique": true,
                                      "Merge Cond": "(ci.role_id = rt.id)",
                                      "Plans": [
                                        {
                                          "Node Type": "Sort",
                                          "Parent Relationship": "Outer",
                                          "Parallel Aware": false,
                                          "Startup Cost": 343525.71,
                                          "Total Cost": 343533.64,
                                          "Plan Rows": 3172,
                                          "Plan Width": 12,
                                          "Actual Startup Time": 1121.162,
                                          "Actual Total Time": 1121.325,
                                          "Actual Rows": 3697,
                                          "Actual Loops": 7,
                                          "Sort Key": [
                                            "ci.role_id"
                                          ],
                                          "Sort Method": "quicksort",
                                          "Sort Space Used": 426,
                                          "Sort Space Type": "Memory",
                                          "Workers": [
                                            {
                                              "Worker Number": 0,
                                              "Sort Method": "quicksort",
                                              "Sort Space Used": 267,
                                              "Sort Space Type": "Memory"
                                            },
                                            {
                                              "Worker Number": 1,
                                              "Sort Method": "quicksort",
                                              "Sort Space Used": 417,
                                              "Sort Space Type": "Memory"
                                            },
                                            {
                                              "Worker Number": 2,
                                              "Sort Method": "quicksort",
                                              "Sort Space Used": 261,
                                              "Sort Space Type": "Memory"
                                            },
                                            {
                                              "Worker Number": 3,
                                              "Sort Method": "quicksort",
                                              "Sort Space Used": 440,
                                              "Sort Space Type": "Memory"
                                            },
                                            {
                                              "Worker Number": 4,
                                              "Sort Method": "quicksort",
                                              "Sort Space Used": 422,
                                              "Sort Space Type": "Memory"
                                            },
                                            {
                                              "Worker Number": 5,
                                              "Sort Method": "quicksort",
                                              "Sort Space Used": 437,
                                              "Sort Space Type": "Memory"
                                            }
                                          ],
                                          "Plans": [
                                            {
                                              "Node Type": "Seq Scan",
                                              "Parent Relationship": "Outer",
                                              "Parallel Aware": true,
                                              "Relation Name": "cast_info",
                                              "Alias": "ci",
                                              "Startup Cost": 0.0,
                                              "Total Cost": 343341.24,
                                              "Plan Rows": 3172,
                                              "Plan Width": 12,
                                              "Actual Startup Time": 0.8,
                                              "Actual Total Time": 1119.198,
                                              "Actual Rows": 4613,
                                              "Actual Loops": 7,
                                              "Filter": "((note ~~ '%(voice)%'::text) AND (note ~~ '%(uncredited)%'::text))",
                                              "Rows Removed by Filter": 5173151
                                            }
                                          ]
                                        },
                                        {
                                          "Node Type": "Sort",
                                          "Parent Relationship": "Inner",
                                          "Parallel Aware": false,
                                          "Startup Cost": 1.16,
                                          "Total Cost": 1.16,
                                          "Plan Rows": 1,
                                          "Plan Width": 4,
                                          "Actual Startup Time": 0.155,
                                          "Actual Total Time": 0.156,
                                          "Actual Rows": 1,
                                          "Actual Loops": 7,
                                          "Sort Key": [
                                            "rt.id"
                                          ],
                                          "Sort Method": "quicksort",
                                          "Sort Space Used": 25,
                                          "Sort Space Type": "Memory",
                                          "Workers": [
                                            {
                                              "Worker Number": 0,
                                              "Sort Method": "quicksort",
                                              "Sort Space Used": 25,
                                              "Sort Space Type": "Memory"
                                            },
                                            {
                                              "Worker Number": 1,
                                              "Sort Method": "quicksort",
                                              "Sort Space Used": 25,
                                              "Sort Space Type": "Memory"
                                            },
                                            {
                                              "Worker Number": 2,
                                              "Sort Method": "quicksort",
                                              "Sort Space Used": 25,
                                              "Sort Space Type": "Memory"
                                            },
                                            {
                                              "Worker Number": 3,
                                              "Sort Method": "quicksort",
                                              "Sort Space Used": 25,
                                              "Sort Space Type": "Memory"
                                            },
                                            {
                                              "Worker Number": 4,
                                              "Sort Method": "quicksort",
                                              "Sort Space Used": 25,
                                              "Sort Space Type": "Memory"
                                            },
                                            {
                                              "Worker Number": 5,
                                              "Sort Method": "quicksort",
                                              "Sort Space Used": 25,
                                              "Sort Space Type": "Memory"
                                            }
                                          ],
                                          "Plans": [
                                            {
                                              "Node Type": "Seq Scan",
                                              "Parent Relationship": "Outer",
                                              "Parallel Aware": false,
                                              "Relation Name": "role_type",
                                              "Alias": "rt",
                                              "Startup Cost": 0.0,
                                              "Total Cost": 1.15,
                                              "Plan Rows": 1,
                                              "Plan Width": 4,
                                              "Actual Startup Time": 0.126,
                                              "Actual Total Time": 0.127,
                                              "Actual Rows": 1,
                                              "Actual Loops": 7,
                                              "Filter": "((role)::text = 'actor'::text)",
                                              "Rows Removed by Filter": 11
                                            }
                                          ]
                                        }
                                      ]
                                    }
                                  ]
                                }
                              ]
                            }
                          ]
                        }
                      ]
                    },
                    {
                      "Node Type": "Sort",
                      "Parent Relationship": "Inner",
                      "Parallel Aware": false,
                      "Startup Cost": 1.08,
                      "Total Cost": 1.09,
                      "Plan Rows": 4,
                      "Plan Width": 4,
                      "Actual Startup Time": 0.079,
                      "Actual Total Time": 0.081,
                      "Actual Rows": 2,
                      "Actual Loops": 1,
                      "Sort Key": [
                        "ct.id"
                      ],
                      "Sort Method": "quicksort",
                      "Sort Space Used": 25,
                      "Sort Space Type": "Memory",
                      "Plans": [
                        {
                          "Node Type": "Seq Scan",
                          "Parent Relationship": "Outer",
                          "Parallel Aware": false,
                          "Relation Name": "company_type",
                          "Alias": "ct",
                          "Startup Cost": 0.0,
                          "Total Cost": 1.04,
                          "Plan Rows": 4,
                          "Plan Width": 4,
                          "Actual Startup Time": 0.056,
                          "Actual Total Time": 0.057,
                          "Actual Rows": 4,
                          "Actual Loops": 1
                        }
                      ]
                    }
                  ]
                }
              ]
            }
          ]
        }
      ]
    },
    "Planning Time": 13.773,
    "Triggers": [],
    "Execution Time": 5712.972
  }
]