[
  {
    "Plan": {
      "Node Type": "Aggregate",
      "Strategy": "Plain",
      "Partial Mode": "Finalize",
      "Parallel Aware": false,
      "Startup Cost": 494384.72,
      "Total Cost": 494384.73,
      "Plan Rows": 1,
      "Plan Width": 8,
      "Actual Startup Time": 5148.877,
      "Actual Total Time": 5214.912,
      "Actual Rows": 1,
      "Actual Loops": 1,
      "Plans": [
        {
          "Node Type": "Gather",
          "Parent Relationship": "Outer",
          "Parallel Aware": false,
          "Startup Cost": 494384.1,
          "Total Cost": 494384.71,
          "Plan Rows": 6,
          "Plan Width": 8,
          "Actual Startup Time": 5126.31,
          "Actual Total Time": 5214.895,
          "Actual Rows": 7,
          "Actual Loops": 1,
          "Workers Planned": 6,
          "Workers Launched": 6,
          "Single Copy": false,
          "Plans": [
            {
              "Node Type": "Aggregate",
              "Strategy": "Plain",
              "Partial Mode": "Partial",
              "Parent Relationship": "Outer",
              "Parallel Aware": false,
              "Startup Cost": 493384.1,
              "Total Cost": 493384.11,
              "Plan Rows": 1,
              "Plan Width": 8,
              "Actual Startup Time": 5091.048,
              "Actual Total Time": 5092.134,
              "Actual Rows": 1,
              "Actual Loops": 7,
              "Plans": [
                {
                  "Node Type": "Hash Join",
                  "Parent Relationship": "Outer",
                  "Parallel Aware": true,
                  "Join Type": "Inner",
                  "Startup Cost": 111865.29,
                  "Total Cost": 476535.61,
                  "Plan Rows": 6739395,
                  "Plan Width": 0,
                  "Actual Startup Time": 1070.91,
                  "Actual Total Time": 4202.524,
                  "Actual Rows": 19544867,
                  "Actual Loops": 7,
                  "Inner Unique": false,
                  "Hash Cond": "(ci.movie_id = t.id)",
                  "Plans": [
                    {
                      "Node Type": "Seq Scan",
                      "Parent Relationship": "Outer",
                      "Parallel Aware": true,
                      "Relation Name": "cast_info",
                      "Alias": "ci",
                      "Startup Cost": 0.0,
                      "Total Cost": 328211.39,
                      "Plan Rows": 3925053,
                      "Plan Width": 4,
                      "Actual Startup Time": 236.555,
                      "Actual Total Time": 746.485,
                      "Actual Rows": 3367665,
                      "Actual Loops": 7,
                      "Filter": "(role_id > 1)",
                      "Rows Removed by Filter": 1810098
                    },
                    {
                      "Node Type": "Hash",
                      "Parent Relationship": "Inner",
                      "Parallel Aware": true,
                      "Startup Cost": 94359.84,
                      "Total Cost": 94359.84,
                      "Plan Rows": 1400436,
                      "Plan Width": 8,
                      "Actual Startup Time": 821.381,
                      "Actual Total Time": 822.465,
                      "Actual Rows": 641658,
                      "Actual Loops": 7,
                      "Hash Buckets": 8388608,
                      "Original Hash Buckets": 8388608,
                      "Hash Batches": 1,
                      "Original Hash Batches": 1,
                      "Peak Memory Usage": 241344,
                      "Plans": [
                        {
                          "Node Type": "Hash Join",
                          "Parent Relationship": "Outer",
                          "Parallel Aware": true,
                          "Join Type": "Inner",
                          "Startup Cost": 51481.76,
                          "Total Cost": 94359.84,
                          "Plan Rows": 1400436,
                          "Plan Width": 8,
                          "Actual Startup Time": 310.66,
                          "Actual Total Time": 548.302,
                          "Actual Rows": 641658,
                          "Actual Loops": 7,
                          "Inner Unique": true,
                          "Hash Cond": "(mk.movie_id = t.id)",
                          "Plans": [
                            {
                              "Node Type": "Seq Scan",
                              "Parent Relationship": "Outer",
                              "Parallel Aware": true,
                              "Relation Name": "movie_keyword",
                              "Alias": "mk",
                              "Startup Cost": 0.0,
                              "Total Cost": 39047.32,
                              "Plan Rows": 1459332,
                              "Plan Width": 4,
                              "Actual Startup Time": 0.039,
                              "Actual Total Time": 73.457,
                              "Actual Rows": 646276,
                              "Actual Loops": 7
                            },
                            {
                              "Node Type": "Hash",
                              "Parent Relationship": "Inner",
                              "Parallel Aware": true,
                              "Startup Cost": 43899.32,
                              "Total Cost": 43899.32,
                              "Plan Rows": 606595,
                              "Plan Width": 4,
                              "Actual Startup Time": 305.157,
                              "Actual Total Time": 305.159,
                              "Actual Rows": 346730,
                              "Actual Loops": 7,
                              "Hash Buckets": 4194304,
                              "Original Hash Buckets": 4194304,
                              "Hash Batches": 1,
                              "Original Hash Batches": 1,
                              "Peak Memory Usage": 127808,
                              "Plans": [
                                {
                                  "Node Type": "Seq Scan",
                                  "Parent Relationship": "Outer",
                                  "Parallel Aware": true,
                                  "Relation Name": "title",
                                  "Alias": "t",
                                  "Startup Cost": 0.0,
                                  "Total Cost": 43899.32,
                                  "Plan Rows": 606595,
                                  "Plan Width": 4,
                                  "Actual Startup Time": 0.065,
                                  "Actual Total Time": 94.912,
                                  "Actual Rows": 346730,
                                  "Actual Loops": 7,
                                  "Filter": "(production_year > 1910)",
                                  "Rows Removed by Filter": 14457
                                }
                              ]
                            }
                          ]
                        }
                      ]
                    }
                  ]
                }
              ]
            }
          ]
        }
      ]
    },
    "Planning Time": 1.053,
    "Triggers": [],
    "Execution Time": 5214.99
  }
]