[
  {
    "Plan": {
      "Node Type": "Aggregate",
      "Strategy": "Plain",
      "Partial Mode": "Finalize",
      "Parallel Aware": false,
      "Startup Cost": 441980.82,
      "Total Cost": 441980.83,
      "Plan Rows": 1,
      "Plan Width": 8,
      "Actual Startup Time": 2201.16,
      "Actual Total Time": 2278.887,
      "Actual Rows": 1,
      "Actual Loops": 1,
      "Plans": [
        {
          "Node Type": "Gather",
          "Parent Relationship": "Outer",
          "Parallel Aware": false,
          "Startup Cost": 441980.19,
          "Total Cost": 441980.8,
          "Plan Rows": 6,
          "Plan Width": 8,
          "Actual Startup Time": 2187.421,
          "Actual Total Time": 2278.877,
          "Actual Rows": 7,
          "Actual Loops": 1,
          "Workers Planned": 6,
          "Workers Launched": 6,
          "Single Copy": false,
          "Plans": [
            {
              "Node Type": "Aggregate",
              "Strategy": "Plain",
              "Partial Mode": "Partial",
              "Parent Relationship": "Outer",
              "Parallel Aware": false,
              "Startup Cost": 440980.19,
              "Total Cost": 440980.2,
              "Plan Rows": 1,
              "Plan Width": 8,
              "Actual Startup Time": 2176.542,
              "Actual Total Time": 2176.793,
              "Actual Rows": 1,
              "Actual Loops": 7,
              "Plans": [
                {
                  "Node Type": "Hash Join",
                  "Parent Relationship": "Outer",
                  "Parallel Aware": true,
                  "Join Type": "Inner",
                  "Startup Cost": 83321.16,
                  "Total Cost": 436874.63,
                  "Plan Rows": 1642226,
                  "Plan Width": 0,
                  "Actual Startup Time": 449.139,
                  "Actual Total Time": 2075.709,
                  "Actual Rows": 2468929,
                  "Actual Loops": 7,
                  "Inner Unique": false,
                  "Hash Cond": "(ci.movie_id = t.id)",
                  "Plans": [
                    {
                      "Node Type": "Seq Scan",
                      "Parent Relationship": "Outer",
                      "Parallel Aware": true,
                      "Relation Name": "cast_info",
                      "Alias": "ci",
                      "Startup Cost": 0.0,
                      "Total Cost": 328211.39,
                      "Plan Rows": 5345220,
                      "Plan Width": 4,
                      "Actual Startup Time": 45.906,
                      "Actual Total Time": 606.105,
                      "Actual Rows": 4557604,
                      "Actual Loops": 7,
                      "Filter": "(person_id > 418918)",
                      "Rows Removed by Filter": 620160
                    },
                    {
                      "Node Type": "Hash",
                      "Parent Relationship": "Inner",
                      "Parallel Aware": true,
                      "Startup Cost": 80188.85,
                      "Total Cost": 80188.85,
                      "Plan Rows": 250585,
                      "Plan Width": 8,
                      "Actual Startup Time": 400.272,
                      "Actual Total Time": 400.521,
                      "Actual Rows": 109766,
                      "Actual Loops": 7,
                      "Hash Buckets": 1048576,
                      "Original Hash Buckets": 1048576,
                      "Hash Batches": 1,
                      "Original Hash Batches": 1,
                      "Peak Memory Usage": 38400,
                      "Plans": [
                        {
                          "Node Type": "Hash Join",
                          "Parent Relationship": "Outer",
                          "Parallel Aware": true,
                          "Join Type": "Inner",
                          "Startup Cost": 50220.38,
                          "Total Cost": 80188.85,
                          "Plan Rows": 250585,
                          "Plan Width": 8,
                          "Actual Startup Time": 269.187,
                          "Actual Total Time": 351.871,
                          "Actual Rows": 109766,
                          "Actual Loops": 7,
                          "Inner Unique": true,
                          "Hash Cond": "(mc.movie_id = t.id)",
                          "Plans": [
                            {
                              "Node Type": "Seq Scan",
                              "Parent Relationship": "Outer",
                              "Parallel Aware": true,
                              "Relation Name": "movie_companies",
                              "Alias": "mc",
                              "Startup Cost": 0.0,
                              "Total Cost": 29310.68,
                              "Plan Rows": 250585,
                              "Plan Width": 4,
                              "Actual Startup Time": 9.619,
                              "Actual Total Time": 42.737,
                              "Actual Rows": 109766,
                              "Actual Loops": 7,
                              "Filter": "(company_id > 34204)",
                              "Rows Removed by Filter": 262967
                            },
                            {
                              "Node Type": "Hash",
                              "Parent Relationship": "Inner",
                              "Parallel Aware": true,
                              "Startup Cost": 42319.06,
                              "Total Cost": 42319.06,
                              "Plan Rows": 632106,
                              "Plan Width": 4,
                              "Actual Startup Time": 255.469,
                              "Actual Total Time": 255.471,
                              "Actual Rows": 361187,
                              "Actual Loops": 7,
                              "Hash Buckets": 4194304,
                              "Original Hash Buckets": 4194304,
                              "Hash Batches": 1,
                              "Original Hash Batches": 1,
                              "Peak Memory Usage": 131776,
                              "Plans": [
                                {
                                  "Node Type": "Seq Scan",
                                  "Parent Relationship": "Outer",
                                  "Parallel Aware": true,
                                  "Relation Name": "title",
                                  "Alias": "t",
                                  "Startup Cost": 0.0,
                                  "Total Cost": 42319.06,
                                  "Plan Rows": 632106,
                                  "Plan Width": 4,
                                  "Actual Startup Time": 0.061,
                                  "Actual Total Time": 72.701,
                                  "Actual Rows": 361187,
                                  "Actual Loops": 7
                                }
                              ]
                            }
                          ]
                        }
                      ]
                    }
                  ]
                }
              ]
            }
          ]
        }
      ]
    },
    "Planning Time": 0.645,
    "Triggers": [],
    "Execution Time": 2278.954
  }
]