{
  "Plan": {
    "Node Type": "Aggregate",
    "Strategy": "Plain",
    "Partial Mode": "Finalize",
    "Parallel Aware": false,
    "Startup Cost": 450637.09,
    "Total Cost": 450637.1,
    "Plan Rows": 1,
    "Plan Width": 8,
    "Actual Startup Time": 6358.928,
    "Actual Total Time": 6400.148,
    "Actual Rows": 1,
    "Actual Loops": 1,
    "Plans": [
      {
        "Node Type": "Gather",
        "Parent Relationship": "Outer",
        "Parallel Aware": false,
        "Startup Cost": 450636.98,
        "Total Cost": 450637.09,
        "Plan Rows": 1,
        "Plan Width": 8,
        "Actual Startup Time": 6358.706,
        "Actual Total Time": 6400.138,
        "Actual Rows": 2,
        "Actual Loops": 1,
        "Workers Planned": 1,
        "Workers Launched": 1,
        "Single Copy": false,
        "Plans": [
          {
            "Node Type": "Aggregate",
            "Strategy": "Plain",
            "Partial Mode": "Partial",
            "Parent Relationship": "Outer",
            "Parallel Aware": false,
            "Startup Cost": 449636.98,
            "Total Cost": 449636.99,
            "Plan Rows": 1,
            "Plan Width": 8,
            "Actual Startup Time": 6352.566,
            "Actual Total Time": 6352.567,
            "Actual Rows": 1,
            "Actual Loops": 2,
            "Plans": [
              {
                "Node Type": "Merge Join",
                "Parent Relationship": "Outer",
                "Parallel Aware": false,
                "Join Type": "Inner",
                "Startup Cost": 20.54,
                "Total Cost": 448164.15,
                "Plan Rows": 589132,
                "Plan Width": 0,
                "Actual Startup Time": 1175.776,
                "Actual Total Time": 5873.735,
                "Actual Rows": 12116244,
                "Actual Loops": 2,
                "Inner Unique": false,
                "Merge Cond": "(t.id = mc.movie_id)",
                "Plans": [
                  {
                    "Node Type": "Merge Join",
                    "Parent Relationship": "Outer",
                    "Parallel Aware": false,
                    "Join Type": "Inner",
                    "Startup Cost": 13.88,
                    "Total Cost": 294562.53,
                    "Plan Rows": 570879,
                    "Plan Width": 8,
                    "Actual Startup Time": 861.915,
                    "Actual Total Time": 1839.626,
                    "Actual Rows": 1173106,
                    "Actual Loops": 2,
                    "Inner Unique": true,
                    "Merge Cond": "(mk.movie_id = t.id)",
                    "Plans": [
                      {
                        "Node Type": "Index Scan",
                        "Parent Relationship": "Outer",
                        "Parallel Aware": true,
                        "Scan Direction": "Forward",
                        "Index Name": "movie_id_movie_keyword",
                        "Relation Name": "movie_keyword",
                        "Alias": "mk",
                        "Startup Cost": 0.43,
                        "Total Cost": 165212.95,
                        "Plan Rows": 2176159,
                        "Plan Width": 4,
                        "Actual Startup Time": 0.073,
                        "Actual Total Time": 422.854,
                        "Actual Rows": 1856616,
                        "Actual Loops": 2,
                        "Filter": "(keyword_id < 22705)",
                        "Rows Removed by Filter": 405342
                      },
                      {
                        "Node Type": "Index Scan",
                        "Parent Relationship": "Inner",
                        "Parallel Aware": false,
                        "Scan Direction": "Forward",
                        "Index Name": "title_pkey",
                        "Relation Name": "title",
                        "Alias": "t",
                        "Startup Cost": 0.43,
                        "Total Cost": 116660.7,
                        "Plan Rows": 663256,
                        "Plan Width": 4,
                        "Actual Startup Time": 94.236,
                        "Actual Total Time": 1226.204,
                        "Actual Rows": 661610,
                        "Actual Loops": 2,
                        "Filter": "(kind_id = 1)",
                        "Rows Removed by Filter": 1864076
                      }
                    ]
                  },
                  {
                    "Node Type": "Index Only Scan",
                    "Parent Relationship": "Inner",
                    "Parallel Aware": false,
                    "Scan Direction": "Forward",
                    "Index Name": "movie_id_movie_companies",
                    "Relation Name": "movie_companies",
                    "Alias": "mc",
                    "Startup Cost": 0.43,
                    "Total Cost": 140059.44,
                    "Plan Rows": 2609129,
                    "Plan Width": 4,
                    "Actual Startup Time": 0.046,
                    "Actual Total Time": 2838.475,
                    "Actual Rows": 14350706,
                    "Actual Loops": 2,
                    "Heap Fetches": 28701413
                  }
                ]
              }
            ]
          }
        ]
      }
    ]
  },
  "Planning Time": 1.049,
  "Triggers": [],
  "Execution Time": 6400.274
}