[
  {
    "Plan": {
      "Node Type": "Aggregate",
      "Strategy": "Plain",
      "Partial Mode": "Finalize",
      "Parallel Aware": false,
      "Startup Cost": 545426.79,
      "Total Cost": 545426.8,
      "Plan Rows": 1,
      "Plan Width": 8,
      "Actual Startup Time": 1312.281,
      "Actual Total Time": 1382.687,
      "Actual Rows": 1,
      "Actual Loops": 1,
      "Plans": [
        {
          "Node Type": "Gather",
          "Parent Relationship": "Outer",
          "Parallel Aware": false,
          "Startup Cost": 545426.26,
          "Total Cost": 545426.77,
          "Plan Rows": 5,
          "Plan Width": 8,
          "Actual Startup Time": 1299.824,
          "Actual Total Time": 1382.66,
          "Actual Rows": 6,
          "Actual Loops": 1,
          "Workers Planned": 5,
          "Workers Launched": 5,
          "Single Copy": false,
          "Plans": [
            {
              "Node Type": "Aggregate",
              "Strategy": "Plain",
              "Partial Mode": "Partial",
              "Parent Relationship": "Outer",
              "Parallel Aware": false,
              "Startup Cost": 544426.26,
              "Total Cost": 544426.27,
              "Plan Rows": 1,
              "Plan Width": 8,
              "Actual Startup Time": 1284.161,
              "Actual Total Time": 1284.166,
              "Actual Rows": 1,
              "Actual Loops": 6,
              "Plans": [
                {
                  "Node Type": "Nested Loop",
                  "Parent Relationship": "Outer",
                  "Parallel Aware": false,
                  "Join Type": "Inner",
                  "Startup Cost": 71850.07,
                  "Total Cost": 542815.75,
                  "Plan Rows": 644207,
                  "Plan Width": 0,
                  "Actual Startup Time": 233.283,
                  "Actual Total Time": 1262.217,
                  "Actual Rows": 411696,
                  "Actual Loops": 6,
                  "Inner Unique": false,
                  "Join Filter": "(t.id = ci.movie_id)",
                  "Rows Removed by Join Filter": 0,
                  "Plans": [
                    {
                      "Node Type": "Hash Join",
                      "Parent Relationship": "Outer",
                      "Parallel Aware": true,
                      "Join Type": "Inner",
                      "Startup Cost": 71849.5,
                      "Total Cost": 237655.68,
                      "Plan Rows": 112724,
                      "Plan Width": 8,
                      "Actual Startup Time": 232.917,
                      "Actual Total Time": 349.415,
                      "Actual Rows": 40959,
                      "Actual Loops": 6,
                      "Inner Unique": true,
                      "Hash Cond": "(mi.movie_id = t.id)",
                      "Plans": [
                        {
                          "Node Type": "Bitmap Heap Scan",
                          "Parent Relationship": "Outer",
                          "Parallel Aware": true,
                          "Relation Name": "movie_info",
                          "Alias": "mi",
                          "Startup Cost": 22837.73,
                          "Total Cost": 187982.11,
                          "Plan Rows": 252111,
                          "Plan Width": 4,
                          "Actual Startup Time": 43.749,
                          "Actual Total Time": 73.457,
                          "Actual Rows": 214821,
                          "Actual Loops": 6,
                          "Recheck Cond": "(info_type_id = 2)",
                          "Rows Removed by Index Recheck": 0,
                          "Exact Heap Blocks": 1643,
                          "Lossy Heap Blocks": 0,
                          "Plans": [
                            {
                              "Node Type": "Bitmap Index Scan",
                              "Parent Relationship": "Outer",
                              "Parallel Aware": false,
                              "Index Name": "info_type_id_movie_info",
                              "Startup Cost": 0.0,
                              "Total Cost": 22522.59,
                              "Plan Rows": 1260554,
                              "Plan Width": 0,
                              "Actual Startup Time": 42.309,
                              "Actual Total Time": 42.31,
                              "Actual Rows": 1288928,
                              "Actual Loops": 1,
                              "Index Cond": "(info_type_id = 2)"
                            }
                          ]
                        },
                        {
                          "Node Type": "Hash",
                          "Parent Relationship": "Inner",
                          "Parallel Aware": true,
                          "Startup Cost": 45479.1,
                          "Total Cost": 45479.1,
                          "Plan Rows": 282614,
                          "Plan Width": 4,
                          "Actual Startup Time": 183.73,
                          "Actual Total Time": 183.731,
                          "Actual Rows": 204112,
                          "Actual Loops": 6,
                          "Hash Buckets": 2097152,
                          "Original Hash Buckets": 2097152,
                          "Hash Batches": 1,
                          "Original Hash Batches": 1,
                          "Peak Memory Usage": 64384,
                          "Plans": [
                            {
                              "Node Type": "Seq Scan",
                              "Parent Relationship": "Outer",
                              "Parallel Aware": true,
                              "Relation Name": "title",
                              "Alias": "t",
                              "Startup Cost": 0.0,
                              "Total Cost": 45479.1,
                              "Plan Rows": 282614,
                              "Plan Width": 4,
                              "Actual Startup Time": 0.039,
                              "Actual Total Time": 86.942,
                              "Actual Rows": 204112,
                              "Actual Loops": 6,
                              "Filter": "((production_year > 1985) AND (kind_id = 7))",
                              "Rows Removed by Filter": 217273
                            }
                          ]
                        }
                      ]
                    },
                    {
                      "Node Type": "Index Scan",
                      "Parent Relationship": "Inner",
                      "Parallel Aware": false,
                      "Scan Direction": "Forward",
                      "Index Name": "movie_id_cast_info",
                      "Relation Name": "cast_info",
                      "Alias": "ci",
                      "Startup Cost": 0.56,
                      "Total Cost": 2.52,
                      "Plan Rows": 15,
                      "Plan Width": 4,
                      "Actual Startup Time": 0.011,
                      "Actual Total Time": 0.021,
                      "Actual Rows": 10,
                      "Actual Loops": 245754,
                      "Index Cond": "(movie_id = mi.movie_id)",
                      "Rows Removed by Index Recheck": 0,
                      "Filter": "(person_id > 2222594)",
                      "Rows Removed by Filter": 14
                    }
                  ]
                }
              ]
            }
          ]
        }
      ]
    },
    "Planning Time": 1.39,
    "Triggers": [],
    "Execution Time": 1382.888
  }
]