{
    "Plan": {
        "Node Type": "Aggregate",
        "Strategy": "Plain",
        "Partial Mode": "Finalize",
        "Parallel Aware": false,
        "Startup Cost": 377299.26,
        "Total Cost": 377299.27,
        "Plan Rows": 1,
        "Plan Width": 8,
        "Actual Startup Time": 625.815,
        "Actual Total Time": 672.784,
        "Actual Rows": 1,
        "Actual Loops": 1,
        "Output": [
            "count(*)"
        ],
        "Plans": [
            {
                "Node Type": "Gather",
                "Parent Relationship": "Outer",
                "Parallel Aware": false,
                "Startup Cost": 377298.64,
                "Total Cost": 377299.25,
                "Plan Rows": 6,
                "Plan Width": 8,
                "Actual Startup Time": 621.592,
                "Actual Total Time": 672.776,
                "Actual Rows": 7,
                "Actual Loops": 1,
                "Output": [
                    "(PARTIAL count(*))"
                ],
                "Workers Planned": 6,
                "Workers Launched": 6,
                "Single Copy": false,
                "Plans": [
                    {
                        "Node Type": "Aggregate",
                        "Strategy": "Plain",
                        "Partial Mode": "Partial",
                        "Parent Relationship": "Outer",
                        "Parallel Aware": false,
                        "Startup Cost": 376298.64,
                        "Total Cost": 376298.65,
                        "Plan Rows": 1,
                        "Plan Width": 8,
                        "Actual Startup Time": 610.554,
                        "Actual Total Time": 610.556,
                        "Actual Rows": 1,
                        "Actual Loops": 7,
                        "Output": [
                            "PARTIAL count(*)"
                        ],
                        "Workers": [
                            {
                                "Worker Number": 0,
                                "Actual Startup Time": 608.285,
                                "Actual Total Time": 608.288,
                                "Actual Rows": 1,
                                "Actual Loops": 1
                            },
                            {
                                "Worker Number": 1,
                                "Actual Startup Time": 608.087,
                                "Actual Total Time": 608.089,
                                "Actual Rows": 1,
                                "Actual Loops": 1
                            },
                            {
                                "Worker Number": 2,
                                "Actual Startup Time": 609.038,
                                "Actual Total Time": 609.04,
                                "Actual Rows": 1,
                                "Actual Loops": 1
                            },
                            {
                                "Worker Number": 3,
                                "Actual Startup Time": 609.038,
                                "Actual Total Time": 609.04,
                                "Actual Rows": 1,
                                "Actual Loops": 1
                            },
                            {
                                "Worker Number": 4,
                                "Actual Startup Time": 609.01,
                                "Actual Total Time": 609.013,
                                "Actual Rows": 1,
                                "Actual Loops": 1
                            },
                            {
                                "Worker Number": 5,
                                "Actual Startup Time": 609.73,
                                "Actual Total Time": 609.733,
                                "Actual Rows": 1,
                                "Actual Loops": 1
                            }
                        ],
                        "Plans": [
                            {
                                "Node Type": "Hash Join",
                                "Parent Relationship": "Outer",
                                "Parallel Aware": true,
                                "Join Type": "Inner",
                                "Startup Cost": 47065.75,
                                "Total Cost": 376135.0,
                                "Plan Rows": 65453,
                                "Plan Width": 0,
                                "Actual Startup Time": 492.493,
                                "Actual Total Time": 607.858,
                                "Actual Rows": 62686,
                                "Actual Loops": 7,
                                "Inner Unique": true,
                                "Hash Cond": "(ci.movie_id = t.id)",
                                "Workers": [
                                    {
                                        "Worker Number": 0,
                                        "Actual Startup Time": 490.427,
                                        "Actual Total Time": 605.556,
                                        "Actual Rows": 63376,
                                        "Actual Loops": 1
                                    },
                                    {
                                        "Worker Number": 1,
                                        "Actual Startup Time": 489.963,
                                        "Actual Total Time": 605.701,
                                        "Actual Rows": 54658,
                                        "Actual Loops": 1
                                    },
                                    {
                                        "Worker Number": 2,
                                        "Actual Startup Time": 490.932,
                                        "Actual Total Time": 606.303,
                                        "Actual Rows": 63541,
                                        "Actual Loops": 1
                                    },
                                    {
                                        "Worker Number": 3,
                                        "Actual Startup Time": 490.914,
                                        "Actual Total Time": 606.292,
                                        "Actual Rows": 63617,
                                        "Actual Loops": 1
                                    },
                                    {
                                        "Worker Number": 4,
                                        "Actual Startup Time": 491.245,
                                        "Actual Total Time": 606.279,
                                        "Actual Rows": 63487,
                                        "Actual Loops": 1
                                    },
                                    {
                                        "Worker Number": 5,
                                        "Actual Startup Time": 491.631,
                                        "Actual Total Time": 607.283,
                                        "Actual Rows": 55280,
                                        "Actual Loops": 1
                                    }
                                ],
                                "Plans": [
                                    {
                                        "Node Type": "Seq Scan",
                                        "Parent Relationship": "Outer",
                                        "Parallel Aware": true,
                                        "Relation Name": "cast_info",
                                        "Schema": "public",
                                        "Alias": "ci",
                                        "Startup Cost": 0.0,
                                        "Total Cost": 328213.62,
                                        "Plan Rows": 325959,
                                        "Plan Width": 4,
                                        "Actual Startup Time": 399.319,
                                        "Actual Total Time": 456.084,
                                        "Actual Rows": 294302,
                                        "Actual Loops": 7,
                                        "Output": [
                                            "ci.id",
                                            "ci.person_id",
                                            "ci.movie_id",
                                            "ci.person_role_id",
                                            "ci.note",
                                            "ci.nr_order",
                                            "ci.role_id"
                                        ],
                                        "Filter": "(ci.person_id > 3658305)",
                                        "Rows Removed by Filter": 4883461,
                                        "Workers": [
                                            {
                                                "Worker Number": 0,
                                                "Actual Startup Time": 399.315,
                                                "Actual Total Time": 457.524,
                                                "Actual Rows": 299677,
                                                "Actual Loops": 1
                                            },
                                            {
                                                "Worker Number": 1,
                                                "Actual Startup Time": 399.32,
                                                "Actual Total Time": 454.653,
                                                "Actual Rows": 259882,
                                                "Actual Loops": 1
                                            },
                                            {
                                                "Worker Number": 2,
                                                "Actual Startup Time": 399.314,
                                                "Actual Total Time": 458.013,
                                                "Actual Rows": 299491,
                                                "Actual Loops": 1
                                            },
                                            {
                                                "Worker Number": 3,
                                                "Actual Startup Time": 399.322,
                                                "Actual Total Time": 457.369,
                                                "Actual Rows": 294418,
                                                "Actual Loops": 1
                                            },
                                            {
                                                "Worker Number": 4,
                                                "Actual Startup Time": 399.315,
                                                "Actual Total Time": 457.186,
                                                "Actual Rows": 297855,
                                                "Actual Loops": 1
                                            },
                                            {
                                                "Worker Number": 5,
                                                "Actual Startup Time": 399.323,
                                                "Actual Total Time": 455.079,
                                                "Actual Rows": 258432,
                                                "Actual Loops": 1
                                            }
                                        ]
                                    },
                                    {
                                        "Node Type": "Hash",
                                        "Parent Relationship": "Inner",
                                        "Parallel Aware": true,
                                        "Startup Cost": 45479.21,
                                        "Total Cost": 45479.21,
                                        "Plan Rows": 126923,
                                        "Plan Width": 4,
                                        "Actual Startup Time": 90.663,
                                        "Actual Total Time": 90.664,
                                        "Actual Rows": 53989,
                                        "Actual Loops": 7,
                                        "Output": [
                                            "t.id"
                                        ],
                                        "Hash Buckets": 524288,
                                        "Original Hash Buckets": 524288,
                                        "Hash Batches": 1,
                                        "Original Hash Batches": 1,
                                        "Peak Memory Usage": 19040,
                                        "Workers": [
                                            {
                                                "Worker Number": 0,
                                                "Actual Startup Time": 90.195,
                                                "Actual Total Time": 90.196,
                                                "Actual Rows": 53248,
                                                "Actual Loops": 1
                                            },
                                            {
                                                "Worker Number": 1,
                                                "Actual Startup Time": 89.935,
                                                "Actual Total Time": 89.936,
                                                "Actual Rows": 48386,
                                                "Actual Loops": 1
                                            },
                                            {
                                                "Worker Number": 2,
                                                "Actual Startup Time": 90.952,
                                                "Actual Total Time": 90.953,
                                                "Actual Rows": 53514,
                                                "Actual Loops": 1
                                            },
                                            {
                                                "Worker Number": 3,
                                                "Actual Startup Time": 90.958,
                                                "Actual Total Time": 90.959,
                                                "Actual Rows": 54892,
                                                "Actual Loops": 1
                                            },
                                            {
                                                "Worker Number": 4,
                                                "Actual Startup Time": 90.946,
                                                "Actual Total Time": 90.947,
                                                "Actual Rows": 53748,
                                                "Actual Loops": 1
                                            },
                                            {
                                                "Worker Number": 5,
                                                "Actual Startup Time": 91.63,
                                                "Actual Total Time": 91.63,
                                                "Actual Rows": 47847,
                                                "Actual Loops": 1
                                            }
                                        ],
                                        "Plans": [
                                            {
                                                "Node Type": "Seq Scan",
                                                "Parent Relationship": "Outer",
                                                "Parallel Aware": true,
                                                "Relation Name": "title",
                                                "Schema": "public",
                                                "Alias": "t",
                                                "Startup Cost": 0.0,
                                                "Total Cost": 45479.21,
                                                "Plan Rows": 126923,
                                                "Plan Width": 4,
                                                "Actual Startup Time": 39.528,
                                                "Actual Total Time": 71.389,
                                                "Actual Rows": 53989,
                                                "Actual Loops": 7,
                                                "Output": [
                                                    "t.id"
                                                ],
                                                "Filter": "((t.production_year > 1981) AND (t.kind_id = 1))",
                                                "Rows Removed by Filter": 307199,
                                                "Workers": [
                                                    {
                                                        "Worker Number": 0,
                                                        "Actual Startup Time": 44.835,
                                                        "Actual Total Time": 71.606,
                                                        "Actual Rows": 53248,
                                                        "Actual Loops": 1
                                                    },
                                                    {
                                                        "Worker Number": 1,
                                                        "Actual Startup Time": 45.135,
                                                        "Actual Total Time": 71.245,
                                                        "Actual Rows": 48386,
                                                        "Actual Loops": 1
                                                    },
                                                    {
                                                        "Worker Number": 2,
                                                        "Actual Startup Time": 45.044,
                                                        "Actual Total Time": 71.958,
                                                        "Actual Rows": 53514,
                                                        "Actual Loops": 1
                                                    },
                                                    {
                                                        "Worker Number": 3,
                                                        "Actual Startup Time": 45.081,
                                                        "Actual Total Time": 72.411,
                                                        "Actual Rows": 54892,
                                                        "Actual Loops": 1
                                                    },
                                                    {
                                                        "Worker Number": 4,
                                                        "Actual Startup Time": 45.178,
                                                        "Actual Total Time": 72.041,
                                                        "Actual Rows": 53748,
                                                        "Actual Loops": 1
                                                    },
                                                    {
                                                        "Worker Number": 5,
                                                        "Actual Startup Time": 44.982,
                                                        "Actual Total Time": 70.792,
                                                        "Actual Rows": 47847,
                                                        "Actual Loops": 1
                                                    }
                                                ]
                                            }
                                        ]
                                    }
                                ]
                            }
                        ]
                    }
                ]
            }
        ]
    },
    "Planning Time": 0.715,
    "Triggers": [],
    "Execution Time": 672.87
}