[
  {
    "Plan": {
      "Node Type": "Aggregate",
      "Strategy": "Plain",
      "Partial Mode": "Finalize",
      "Parallel Aware": false,
      "Startup Cost": 94169.97,
      "Total Cost": 94169.98,
      "Plan Rows": 1,
      "Plan Width": 8,
      "Actual Startup Time": 479.575,
      "Actual Total Time": 498.518,
      "Actual Rows": 1,
      "Actual Loops": 1,
      "Plans": [
        {
          "Node Type": "Gather",
          "Parent Relationship": "Outer",
          "Parallel Aware": false,
          "Startup Cost": 94169.65,
          "Total Cost": 94169.96,
          "Plan Rows": 3,
          "Plan Width": 8,
          "Actual Startup Time": 475.436,
          "Actual Total Time": 498.507,
          "Actual Rows": 4,
          "Actual Loops": 1,
          "Workers Planned": 3,
          "Workers Launched": 3,
          "Single Copy": false,
          "Plans": [
            {
              "Node Type": "Aggregate",
              "Strategy": "Plain",
              "Partial Mode": "Partial",
              "Parent Relationship": "Outer",
              "Parallel Aware": false,
              "Startup Cost": 93169.65,
              "Total Cost": 93169.66,
              "Plan Rows": 1,
              "Plan Width": 8,
              "Actual Startup Time": 466.783,
              "Actual Total Time": 466.786,
              "Actual Rows": 1,
              "Actual Loops": 4,
              "Plans": [
                {
                  "Node Type": "Hash Join",
                  "Parent Relationship": "Outer",
                  "Parallel Aware": true,
                  "Join Type": "Inner",
                  "Startup Cost": 46165.97,
                  "Total Cost": 92245.06,
                  "Plan Rows": 369837,
                  "Plan Width": 0,
                  "Actual Startup Time": 190.576,
                  "Actual Total Time": 447.267,
                  "Actual Rows": 399014,
                  "Actual Loops": 4,
                  "Inner Unique": true,
                  "Hash Cond": "(mk.movie_id = t.id)",
                  "Plans": [
                    {
                      "Node Type": "Seq Scan",
                      "Parent Relationship": "Outer",
                      "Parallel Aware": true,
                      "Relation Name": "movie_keyword",
                      "Alias": "mk",
                      "Startup Cost": 0.0,
                      "Total Cost": 42695.65,
                      "Plan Rows": 1288924,
                      "Plan Width": 4,
                      "Actual Startup Time": 0.042,
                      "Actual Total Time": 130.291,
                      "Actual Rows": 995632,
                      "Actual Loops": 4,
                      "Filter": "(keyword_id > 382)",
                      "Rows Removed by Filter": 135350
                    },
                    {
                      "Node Type": "Hash",
                      "Parent Relationship": "Inner",
                      "Parallel Aware": true,
                      "Startup Cost": 43898.92,
                      "Total Cost": 43898.92,
                      "Plan Rows": 181364,
                      "Plan Width": 4,
                      "Actual Startup Time": 185.103,
                      "Actual Total Time": 185.103,
                      "Actual Rows": 182746,
                      "Actual Loops": 4,
                      "Hash Buckets": 1048576,
                      "Original Hash Buckets": 1048576,
                      "Hash Batches": 1,
                      "Original Hash Batches": 1,
                      "Peak Memory Usage": 36832,
                      "Plans": [
                        {
                          "Node Type": "Seq Scan",
                          "Parent Relationship": "Outer",
                          "Parallel Aware": true,
                          "Relation Name": "title",
                          "Alias": "t",
                          "Startup Cost": 0.0,
                          "Total Cost": 43898.92,
                          "Plan Rows": 181364,
                          "Plan Width": 4,
                          "Actual Startup Time": 0.04,
                          "Actual Total Time": 113.016,
                          "Actual Rows": 182746,
                          "Actual Loops": 4,
                          "Filter": "(production_year < 1992)",
                          "Rows Removed by Filter": 449332
                        }
                      ]
                    }
                  ]
                }
              ]
            }
          ]
        }
      ]
    },
    "Planning Time": 0.584,
    "Triggers": [],
    "Execution Time": 498.584
  }
]