{
  "Plan": {
    "Node Type": "Aggregate",
    "Strategy": "Plain",
    "Partial Mode": "Finalize",
    "Parallel Aware": false,
    "Startup Cost": 137169.86,
    "Total Cost": 137169.87,
    "Plan Rows": 1,
    "Plan Width": 8,
    "Actual Startup Time": 598.362,
    "Actual Total Time": 655.982,
    "Actual Rows": 1,
    "Actual Loops": 1,
    "Plans": [
      {
        "Node Type": "Gather",
        "Parent Relationship": "Outer",
        "Parallel Aware": false,
        "Startup Cost": 137169.74,
        "Total Cost": 137169.85,
        "Plan Rows": 1,
        "Plan Width": 8,
        "Actual Startup Time": 597.557,
        "Actual Total Time": 655.975,
        "Actual Rows": 2,
        "Actual Loops": 1,
        "Workers Planned": 1,
        "Workers Launched": 1,
        "Single Copy": false,
        "Plans": [
          {
            "Node Type": "Aggregate",
            "Strategy": "Plain",
            "Partial Mode": "Partial",
            "Parent Relationship": "Outer",
            "Parallel Aware": false,
            "Startup Cost": 136169.74,
            "Total Cost": 136169.75,
            "Plan Rows": 1,
            "Plan Width": 8,
            "Actual Startup Time": 591.181,
            "Actual Total Time": 591.186,
            "Actual Rows": 1,
            "Actual Loops": 2,
            "Plans": [
              {
                "Node Type": "Nested Loop",
                "Parent Relationship": "Outer",
                "Parallel Aware": false,
                "Join Type": "Inner",
                "Startup Cost": 63385.05,
                "Total Cost": 136050.11,
                "Plan Rows": 47855,
                "Plan Width": 0,
                "Actual Startup Time": 180.931,
                "Actual Total Time": 582.965,
                "Actual Rows": 170320,
                "Actual Loops": 2,
                "Inner Unique": false,
                "Join Filter": "(t.id = ci.movie_id)",
                "Rows Removed by Join Filter": 0,
                "Plans": [
                  {
                    "Node Type": "Hash Join",
                    "Parent Relationship": "Outer",
                    "Parallel Aware": true,
                    "Join Type": "Inner",
                    "Startup Cost": 63384.48,
                    "Total Cost": 85847.17,
                    "Plan Rows": 9698,
                    "Plan Width": 8,
                    "Actual Startup Time": 180.854,
                    "Actual Total Time": 232.946,
                    "Actual Rows": 9820,
                    "Actual Loops": 2,
                    "Inner Unique": true,
                    "Hash Cond": "(mc.movie_id = t.id)",
                    "Plans": [
                      {
                        "Node Type": "Bitmap Heap Scan",
                        "Parent Relationship": "Outer",
                        "Parallel Aware": true,
                        "Relation Name": "movie_companies",
                        "Alias": "mc",
                        "Startup Cost": 8943.61,
                        "Total Cost": 30768.89,
                        "Plan Rows": 242822,
                        "Plan Width": 4,
                        "Actual Startup Time": 18.34,
                        "Actual Total Time": 60.816,
                        "Actual Rows": 205176,
                        "Actual Loops": 2,
                        "Recheck Cond": "(company_id < 265)",
                        "Rows Removed by Index Recheck": 0,
                        "Exact Heap Blocks": 10952,
                        "Lossy Heap Blocks": 0,
                        "Plans": [
                          {
                            "Node Type": "Bitmap Index Scan",
                            "Parent Relationship": "Outer",
                            "Parallel Aware": false,
                            "Index Name": "company_id_movie_companies",
                            "Startup Cost": 0.0,
                            "Total Cost": 8840.42,
                            "Plan Rows": 412798,
                            "Plan Width": 0,
                            "Actual Startup Time": 15.672,
                            "Actual Total Time": 15.673,
                            "Actual Rows": 410351,
                            "Actual Loops": 1,
                            "Index Cond": "(company_id < 265)"
                          }
                        ]
                      },
                      {
                        "Node Type": "Hash",
                        "Parent Relationship": "Inner",
                        "Parallel Aware": true,
                        "Startup Cost": 53698.35,
                        "Total Cost": 53698.35,
                        "Plan Rows": 59401,
                        "Plan Width": 4,
                        "Actual Startup Time": 124.505,
                        "Actual Total Time": 124.506,
                        "Actual Rows": 117824,
                        "Actual Loops": 2,
                        "Hash Buckets": 262144,
                        "Original Hash Buckets": 131072,
                        "Hash Batches": 1,
                        "Original Hash Batches": 1,
                        "Peak Memory Usage": 12320,
                        "Plans": [
                          {
                            "Node Type": "Bitmap Heap Scan",
                            "Parent Relationship": "Outer",
                            "Parallel Aware": true,
                            "Relation Name": "title",
                            "Alias": "t",
                            "Startup Cost": 11848.1,
                            "Total Cost": 53698.35,
                            "Plan Rows": 59401,
                            "Plan Width": 4,
                            "Actual Startup Time": 35.717,
                            "Actual Total Time": 97.963,
                            "Actual Rows": 117824,
                            "Actual Loops": 2,
                            "Recheck Cond": "(kind_id = 1)",
                            "Rows Removed by Index Recheck": 0,
                            "Filter": "(production_year < 1972)",
                            "Rows Removed by Filter": 213589,
                            "Exact Heap Blocks": 8489,
                            "Lossy Heap Blocks": 0,
                            "Plans": [
                              {
                                "Node Type": "Bitmap Index Scan",
                                "Parent Relationship": "Outer",
                                "Parallel Aware": false,
                                "Index Name": "kind_id_title",
                                "Startup Cost": 0.0,
                                "Total Cost": 11822.85,
                                "Plan Rows": 663256,
                                "Plan Width": 0,
                                "Actual Startup Time": 37.588,
                                "Actual Total Time": 37.588,
                                "Actual Rows": 662825,
                                "Actual Loops": 1,
                                "Index Cond": "(kind_id = 1)"
                              }
                            ]
                          }
                        ]
                      }
                    ]
                  },
                  {
                    "Node Type": "Index Scan",
                    "Parent Relationship": "Inner",
                    "Parallel Aware": false,
                    "Scan Direction": "Forward",
                    "Index Name": "movie_id_cast_info",
                    "Relation Name": "cast_info",
                    "Alias": "ci",
                    "Startup Cost": 0.56,
                    "Total Cost": 5.01,
                    "Plan Rows": 13,
                    "Plan Width": 4,
                    "Actual Startup Time": 0.005,
                    "Actual Total Time": 0.034,
                    "Actual Rows": 17,
                    "Actual Loops": 19640,
                    "Index Cond": "(movie_id = mc.movie_id)",
                    "Rows Removed by Index Recheck": 0,
                    "Filter": "(role_id < 2)",
                    "Rows Removed by Filter": 15
                  }
                ]
              }
            ]
          }
        ]
      }
    ]
  },
  "Planning Time": 1.024,
  "Triggers": [],
  "Execution Time": 656.118
}