[
    {
        "Bao": {
            "Bao prediction": "NaN",
            "Bao recommended hint": "(no hint)"
        }
    },
    {
        "Plan": {
            "Node Type": "Aggregate",
            "Strategy": "Plain",
            "Partial Mode": "Finalize",
            "Parallel Aware": false,
            "Startup Cost": 391245.25,
            "Total Cost": 391245.26,
            "Plan Rows": 1,
            "Plan Width": 8,
            "Actual Startup Time": 732.44,
            "Actual Total Time": 758.532,
            "Actual Rows": 1,
            "Actual Loops": 1,
            "Output": [
                "count(*)"
            ],
            "Plans": [
                {
                    "Node Type": "Gather",
                    "Parent Relationship": "Outer",
                    "Parallel Aware": false,
                    "Startup Cost": 391244.63,
                    "Total Cost": 391245.24,
                    "Plan Rows": 6,
                    "Plan Width": 8,
                    "Actual Startup Time": 730.629,
                    "Actual Total Time": 758.52,
                    "Actual Rows": 7,
                    "Actual Loops": 1,
                    "Output": [
                        "(PARTIAL count(*))"
                    ],
                    "Workers Planned": 6,
                    "Workers Launched": 6,
                    "Single Copy": false,
                    "Plans": [
                        {
                            "Node Type": "Aggregate",
                            "Strategy": "Plain",
                            "Partial Mode": "Partial",
                            "Parent Relationship": "Outer",
                            "Parallel Aware": false,
                            "Startup Cost": 390244.63,
                            "Total Cost": 390244.64,
                            "Plan Rows": 1,
                            "Plan Width": 8,
                            "Actual Startup Time": 719.655,
                            "Actual Total Time": 719.658,
                            "Actual Rows": 1,
                            "Actual Loops": 7,
                            "Output": [
                                "PARTIAL count(*)"
                            ],
                            "Workers": [
                                {
                                    "Worker Number": 0,
                                    "Actual Startup Time": 716.883,
                                    "Actual Total Time": 716.887,
                                    "Actual Rows": 1,
                                    "Actual Loops": 1
                                },
                                {
                                    "Worker Number": 1,
                                    "Actual Startup Time": 717.685,
                                    "Actual Total Time": 717.688,
                                    "Actual Rows": 1,
                                    "Actual Loops": 1
                                },
                                {
                                    "Worker Number": 2,
                                    "Actual Startup Time": 717.749,
                                    "Actual Total Time": 717.752,
                                    "Actual Rows": 1,
                                    "Actual Loops": 1
                                },
                                {
                                    "Worker Number": 3,
                                    "Actual Startup Time": 718.053,
                                    "Actual Total Time": 718.056,
                                    "Actual Rows": 1,
                                    "Actual Loops": 1
                                },
                                {
                                    "Worker Number": 4,
                                    "Actual Startup Time": 717.902,
                                    "Actual Total Time": 717.906,
                                    "Actual Rows": 1,
                                    "Actual Loops": 1
                                },
                                {
                                    "Worker Number": 5,
                                    "Actual Startup Time": 719.283,
                                    "Actual Total Time": 719.286,
                                    "Actual Rows": 1,
                                    "Actual Loops": 1
                                }
                            ],
                            "Plans": [
                                {
                                    "Node Type": "Hash Join",
                                    "Parent Relationship": "Outer",
                                    "Parallel Aware": true,
                                    "Join Type": "Inner",
                                    "Startup Cost": 46228.92,
                                    "Total Cost": 390145.09,
                                    "Plan Rows": 39816,
                                    "Plan Width": 0,
                                    "Actual Startup Time": 97.055,
                                    "Actual Total Time": 715.295,
                                    "Actual Rows": 61917,
                                    "Actual Loops": 7,
                                    "Inner Unique": true,
                                    "Hash Cond": "(ci.movie_id = t.id)",
                                    "Workers": [
                                        {
                                            "Worker Number": 0,
                                            "Actual Startup Time": 94.752,
                                            "Actual Total Time": 712.544,
                                            "Actual Rows": 55858,
                                            "Actual Loops": 1
                                        },
                                        {
                                            "Worker Number": 1,
                                            "Actual Startup Time": 95.122,
                                            "Actual Total Time": 713.261,
                                            "Actual Rows": 57272,
                                            "Actual Loops": 1
                                        },
                                        {
                                            "Worker Number": 2,
                                            "Actual Startup Time": 95.038,
                                            "Actual Total Time": 713.297,
                                            "Actual Rows": 57368,
                                            "Actual Loops": 1
                                        },
                                        {
                                            "Worker Number": 3,
                                            "Actual Startup Time": 95.373,
                                            "Actual Total Time": 713.668,
                                            "Actual Rows": 56536,
                                            "Actual Loops": 1
                                        },
                                        {
                                            "Worker Number": 4,
                                            "Actual Startup Time": 95.381,
                                            "Actual Total Time": 713.389,
                                            "Actual Rows": 57222,
                                            "Actual Loops": 1
                                        },
                                        {
                                            "Worker Number": 5,
                                            "Actual Startup Time": 96.408,
                                            "Actual Total Time": 714.889,
                                            "Actual Rows": 56829,
                                            "Actual Loops": 1
                                        }
                                    ],
                                    "Plans": [
                                        {
                                            "Node Type": "Index Scan",
                                            "Parent Relationship": "Outer",
                                            "Parallel Aware": true,
                                            "Scan Direction": "Forward",
                                            "Index Name": "role_id_cast_info",
                                            "Relation Name": "cast_info",
                                            "Schema": "public",
                                            "Alias": "ci",
                                            "Startup Cost": 0.56,
                                            "Total Cost": 342814.42,
                                            "Plan Rows": 419926,
                                            "Plan Width": 4,
                                            "Actual Startup Time": 0.075,
                                            "Actual Total Time": 466.347,
                                            "Actual Rows": 759473,
                                            "Actual Loops": 7,
                                            "Output": [
                                                "ci.id",
                                                "ci.person_id",
                                                "ci.movie_id",
                                                "ci.person_role_id",
                                                "ci.note",
                                                "ci.nr_order",
                                                "ci.role_id"
                                            ],
                                            "Index Cond": "(ci.role_id = 1)",
                                            "Rows Removed by Index Recheck": 0,
                                            "Filter": "(ci.person_id < 713413)",
                                            "Rows Removed by Filter": 1050626,
                                            "Workers": [
                                                {
                                                    "Worker Number": 0,
                                                    "Actual Startup Time": 0.064,
                                                    "Actual Total Time": 467.107,
                                                    "Actual Rows": 695370,
                                                    "Actual Loops": 1
                                                },
                                                {
                                                    "Worker Number": 1,
                                                    "Actual Startup Time": 0.064,
                                                    "Actual Total Time": 469.119,
                                                    "Actual Rows": 694592,
                                                    "Actual Loops": 1
                                                },
                                                {
                                                    "Worker Number": 2,
                                                    "Actual Startup Time": 0.052,
                                                    "Actual Total Time": 468.093,
                                                    "Actual Rows": 699660,
                                                    "Actual Loops": 1
                                                },
                                                {
                                                    "Worker Number": 3,
                                                    "Actual Startup Time": 0.065,
                                                    "Actual Total Time": 466.673,
                                                    "Actual Rows": 706681,
                                                    "Actual Loops": 1
                                                },
                                                {
                                                    "Worker Number": 4,
                                                    "Actual Startup Time": 0.102,
                                                    "Actual Total Time": 467.339,
                                                    "Actual Rows": 691860,
                                                    "Actual Loops": 1
                                                },
                                                {
                                                    "Worker Number": 5,
                                                    "Actual Startup Time": 0.138,
                                                    "Actual Total Time": 467.237,
                                                    "Actual Rows": 696540,
                                                    "Actual Loops": 1
                                                }
                                            ]
                                        },
                                        {
                                            "Node Type": "Hash",
                                            "Parent Relationship": "Inner",
                                            "Parallel Aware": true,
                                            "Startup Cost": 45479.21,
                                            "Total Cost": 45479.21,
                                            "Plan Rows": 59932,
                                            "Plan Width": 4,
                                            "Actual Startup Time": 95.3,
                                            "Actual Total Time": 95.301,
                                            "Actual Rows": 28595,
                                            "Actual Loops": 7,
                                            "Output": [
                                                "t.id"
                                            ],
                                            "Hash Buckets": 262144,
                                            "Original Hash Buckets": 262144,
                                            "Hash Batches": 1,
                                            "Original Hash Batches": 1,
                                            "Peak Memory Usage": 10016,
                                            "Workers": [
                                                {
                                                    "Worker Number": 0,
                                                    "Actual Startup Time": 93.547,
                                                    "Actual Total Time": 93.548,
                                                    "Actual Rows": 25437,
                                                    "Actual Loops": 1
                                                },
                                                {
                                                    "Worker Number": 1,
                                                    "Actual Startup Time": 94.363,
                                                    "Actual Total Time": 94.364,
                                                    "Actual Rows": 25807,
                                                    "Actual Loops": 1
                                                },
                                                {
                                                    "Worker Number": 2,
                                                    "Actual Startup Time": 94.475,
                                                    "Actual Total Time": 94.476,
                                                    "Actual Rows": 26391,
                                                    "Actual Loops": 1
                                                },
                                                {
                                                    "Worker Number": 3,
                                                    "Actual Startup Time": 94.771,
                                                    "Actual Total Time": 94.772,
                                                    "Actual Rows": 25561,
                                                    "Actual Loops": 1
                                                },
                                                {
                                                    "Worker Number": 4,
                                                    "Actual Startup Time": 94.723,
                                                    "Actual Total Time": 94.724,
                                                    "Actual Rows": 23395,
                                                    "Actual Loops": 1
                                                },
                                                {
                                                    "Worker Number": 5,
                                                    "Actual Startup Time": 95.78,
                                                    "Actual Total Time": 95.781,
                                                    "Actual Rows": 24276,
                                                    "Actual Loops": 1
                                                }
                                            ],
                                            "Plans": [
                                                {
                                                    "Node Type": "Seq Scan",
                                                    "Parent Relationship": "Outer",
                                                    "Parallel Aware": true,
                                                    "Relation Name": "title",
                                                    "Schema": "public",
                                                    "Alias": "t",
                                                    "Startup Cost": 0.0,
                                                    "Total Cost": 45479.21,
                                                    "Plan Rows": 59932,
                                                    "Plan Width": 4,
                                                    "Actual Startup Time": 43.664,
                                                    "Actual Total Time": 83.382,
                                                    "Actual Rows": 28595,
                                                    "Actual Loops": 7,
                                                    "Output": [
                                                        "t.id"
                                                    ],
                                                    "Filter": "((t.production_year > 2006) AND (t.kind_id = 1))",
                                                    "Rows Removed by Filter": 332592,
                                                    "Workers": [
                                                        {
                                                            "Worker Number": 0,
                                                            "Actual Startup Time": 48.131,
                                                            "Actual Total Time": 82.27,
                                                            "Actual Rows": 25437,
                                                            "Actual Loops": 1
                                                        },
                                                        {
                                                            "Worker Number": 1,
                                                            "Actual Startup Time": 49.14,
                                                            "Actual Total Time": 82.804,
                                                            "Actual Rows": 25807,
                                                            "Actual Loops": 1
                                                        },
                                                        {
                                                            "Worker Number": 2,
                                                            "Actual Startup Time": 49.5,
                                                            "Actual Total Time": 83.325,
                                                            "Actual Rows": 26391,
                                                            "Actual Loops": 1
                                                        },
                                                        {
                                                            "Worker Number": 3,
                                                            "Actual Startup Time": 4.548,
                                                            "Actual Total Time": 83.312,
                                                            "Actual Rows": 25561,
                                                            "Actual Loops": 1
                                                        },
                                                        {
                                                            "Worker Number": 4,
                                                            "Actual Startup Time": 49.523,
                                                            "Actual Total Time": 84.357,
                                                            "Actual Rows": 23395,
                                                            "Actual Loops": 1
                                                        },
                                                        {
                                                            "Worker Number": 5,
                                                            "Actual Startup Time": 50.514,
                                                            "Actual Total Time": 83.819,
                                                            "Actual Rows": 24276,
                                                            "Actual Loops": 1
                                                        }
                                                    ]
                                                }
                                            ]
                                        }
                                    ]
                                }
                            ]
                        }
                    ]
                }
            ]
        },
        "Planning Time": 212.379,
        "Triggers": [],
        "Execution Time": 758.619
    }
]