[
  {
    "Plan": {
      "Node Type": "Aggregate",
      "Strategy": "Plain",
      "Partial Mode": "Finalize",
      "Parallel Aware": false,
      "Startup Cost": 351185.65,
      "Total Cost": 351185.66,
      "Plan Rows": 1,
      "Plan Width": 8,
      "Actual Startup Time": 810.279,
      "Actual Total Time": 871.693,
      "Actual Rows": 1,
      "Actual Loops": 1,
      "Plans": [
        {
          "Node Type": "Gather",
          "Parent Relationship": "Outer",
          "Parallel Aware": false,
          "Startup Cost": 351185.02,
          "Total Cost": 351185.63,
          "Plan Rows": 6,
          "Plan Width": 8,
          "Actual Startup Time": 810.16,
          "Actual Total Time": 871.68,
          "Actual Rows": 7,
          "Actual Loops": 1,
          "Workers Planned": 6,
          "Workers Launched": 6,
          "Single Copy": false,
          "Plans": [
            {
              "Node Type": "Aggregate",
              "Strategy": "Plain",
              "Partial Mode": "Partial",
              "Parent Relationship": "Outer",
              "Parallel Aware": false,
              "Startup Cost": 350185.02,
              "Total Cost": 350185.03,
              "Plan Rows": 1,
              "Plan Width": 8,
              "Actual Startup Time": 800.665,
              "Actual Total Time": 800.666,
              "Actual Rows": 1,
              "Actual Loops": 7,
              "Plans": [
                {
                  "Node Type": "Seq Scan",
                  "Parent Relationship": "Outer",
                  "Parallel Aware": true,
                  "Relation Name": "cast_info",
                  "Alias": "ci",
                  "Startup Cost": 0.0,
                  "Total Cost": 343257.03,
                  "Plan Rows": 2771198,
                  "Plan Width": 0,
                  "Actual Startup Time": 0.052,
                  "Actual Total Time": 674.911,
                  "Actual Rows": 3013986,
                  "Actual Loops": 7,
                  "Filter": "((person_id < 2614884) AND (role_id < 4))",
                  "Rows Removed by Filter": 2163778
                }
              ]
            }
          ]
        }
      ]
    },
    "Planning Time": 0.225,
    "Triggers": [],
    "Execution Time": 871.765
  }
]