[
  {
    "Plan": {
      "Node Type": "Aggregate",
      "Strategy": "Plain",
      "Partial Mode": "Finalize",
      "Parallel Aware": false,
      "Startup Cost": 23423.87,
      "Total Cost": 23423.88,
      "Plan Rows": 1,
      "Plan Width": 8,
      "Actual Startup Time": 47.746,
      "Actual Total Time": 51.765,
      "Actual Rows": 1,
      "Actual Loops": 1,
      "Plans": [
        {
          "Node Type": "Gather",
          "Parent Relationship": "Outer",
          "Parallel Aware": false,
          "Startup Cost": 23423.55,
          "Total Cost": 23423.86,
          "Plan Rows": 3,
          "Plan Width": 8,
          "Actual Startup Time": 47.529,
          "Actual Total Time": 51.759,
          "Actual Rows": 4,
          "Actual Loops": 1,
          "Workers Planned": 3,
          "Workers Launched": 3,
          "Single Copy": false,
          "Plans": [
            {
              "Node Type": "Aggregate",
              "Strategy": "Plain",
              "Partial Mode": "Partial",
              "Parent Relationship": "Outer",
              "Parallel Aware": false,
              "Startup Cost": 22423.55,
              "Total Cost": 22423.56,
              "Plan Rows": 1,
              "Plan Width": 8,
              "Actual Startup Time": 38.953,
              "Actual Total Time": 38.954,
              "Actual Rows": 1,
              "Actual Loops": 4,
              "Plans": [
                {
                  "Node Type": "Bitmap Heap Scan",
                  "Parent Relationship": "Outer",
                  "Parallel Aware": true,
                  "Relation Name": "movie_companies",
                  "Alias": "mc",
                  "Startup Cost": 2970.47,
                  "Total Cost": 22313.04,
                  "Plan Rows": 44205,
                  "Plan Width": 0,
                  "Actual Startup Time": 12.429,
                  "Actual Total Time": 35.716,
                  "Actual Rows": 33425,
                  "Actual Loops": 4,
                  "Recheck Cond": "(company_id > 139422)",
                  "Rows Removed by Index Recheck": 0,
                  "Exact Heap Blocks": 2181,
                  "Lossy Heap Blocks": 0,
                  "Plans": [
                    {
                      "Node Type": "Bitmap Index Scan",
                      "Parent Relationship": "Outer",
                      "Parallel Aware": false,
                      "Index Name": "company_id_movie_companies",
                      "Startup Cost": 0.0,
                      "Total Cost": 2936.21,
                      "Plan Rows": 137037,
                      "Plan Width": 0,
                      "Actual Startup Time": 18.72,
                      "Actual Total Time": 18.72,
                      "Actual Rows": 133700,
                      "Actual Loops": 1,
                      "Index Cond": "(company_id > 139422)"
                    }
                  ]
                }
              ]
            }
          ]
        }
      ]
    },
    "Planning Time": 0.168,
    "Triggers": [],
    "Execution Time": 51.832
  }
]