[
  {
    "Plan": {
      "Node Type": "Aggregate",
      "Strategy": "Plain",
      "Partial Mode": "Finalize",
      "Parallel Aware": false,
      "Startup Cost": 94095.57,
      "Total Cost": 94095.58,
      "Plan Rows": 1,
      "Plan Width": 8,
      "Actual Startup Time": 1049.311,
      "Actual Total Time": 1096.999,
      "Actual Rows": 1,
      "Actual Loops": 1,
      "Plans": [
        {
          "Node Type": "Gather",
          "Parent Relationship": "Outer",
          "Parallel Aware": false,
          "Startup Cost": 94095.26,
          "Total Cost": 94095.57,
          "Plan Rows": 3,
          "Plan Width": 8,
          "Actual Startup Time": 1038.037,
          "Actual Total Time": 1096.988,
          "Actual Rows": 4,
          "Actual Loops": 1,
          "Workers Planned": 3,
          "Workers Launched": 3,
          "Single Copy": false,
          "Plans": [
            {
              "Node Type": "Aggregate",
              "Strategy": "Plain",
              "Partial Mode": "Partial",
              "Parent Relationship": "Outer",
              "Parallel Aware": false,
              "Startup Cost": 93095.26,
              "Total Cost": 93095.27,
              "Plan Rows": 1,
              "Plan Width": 8,
              "Actual Startup Time": 1020.719,
              "Actual Total Time": 1020.723,
              "Actual Rows": 1,
              "Actual Loops": 4,
              "Plans": [
                {
                  "Node Type": "Nested Loop",
                  "Parent Relationship": "Outer",
                  "Parallel Aware": false,
                  "Join Type": "Inner",
                  "Startup Cost": 50221.38,
                  "Total Cost": 92874.87,
                  "Plan Rows": 88154,
                  "Plan Width": 0,
                  "Actual Startup Time": 360.168,
                  "Actual Total Time": 999.673,
                  "Actual Rows": 430487,
                  "Actual Loops": 4,
                  "Inner Unique": false,
                  "Plans": [
                    {
                      "Node Type": "Hash Join",
                      "Parent Relationship": "Outer",
                      "Parallel Aware": true,
                      "Join Type": "Inner",
                      "Startup Cost": 50220.95,
                      "Total Cost": 59357.06,
                      "Plan Rows": 17127,
                      "Plan Width": 8,
                      "Actual Startup Time": 360.067,
                      "Actual Total Time": 427.22,
                      "Actual Rows": 52572,
                      "Actual Loops": 4,
                      "Inner Unique": true,
                      "Hash Cond": "(ci.movie_id = t.id)",
                      "Plans": [
                        {
                          "Node Type": "Index Scan",
                          "Parent Relationship": "Outer",
                          "Parallel Aware": true,
                          "Scan Direction": "Forward",
                          "Index Name": "role_id_cast_info",
                          "Relation Name": "cast_info",
                          "Alias": "ci",
                          "Startup Cost": 0.56,
                          "Total Cost": 9091.72,
                          "Plan Rows": 17127,
                          "Plan Width": 4,
                          "Actual Startup Time": 0.101,
                          "Actual Total Time": 19.227,
                          "Actual Rows": 52572,
                          "Actual Loops": 4,
                          "Index Cond": "(role_id = 11)",
                          "Rows Removed by Index Recheck": 0,
                          "Filter": "(person_id > 3043169)",
                          "Rows Removed by Filter": 26458
                        },
                        {
                          "Node Type": "Hash",
                          "Parent Relationship": "Inner",
                          "Parallel Aware": true,
                          "Startup Cost": 42319.06,
                          "Total Cost": 42319.06,
                          "Plan Rows": 632106,
                          "Plan Width": 4,
                          "Actual Startup Time": 349.153,
                          "Actual Total Time": 349.154,
                          "Actual Rows": 632078,
                          "Actual Loops": 4,
                          "Hash Buckets": 4194304,
                          "Original Hash Buckets": 4194304,
                          "Hash Batches": 1,
                          "Original Hash Batches": 1,
                          "Peak Memory Usage": 131776,
                          "Plans": [
                            {
                              "Node Type": "Seq Scan",
                              "Parent Relationship": "Outer",
                              "Parallel Aware": true,
                              "Relation Name": "title",
                              "Alias": "t",
                              "Startup Cost": 0.0,
                              "Total Cost": 42319.06,
                              "Plan Rows": 632106,
                              "Plan Width": 4,
                              "Actual Startup Time": 0.042,
                              "Actual Total Time": 99.126,
                              "Actual Rows": 632078,
                              "Actual Loops": 4
                            }
                          ]
                        }
                      ]
                    },
                    {
                      "Node Type": "Index Scan",
                      "Parent Relationship": "Inner",
                      "Parallel Aware": false,
                      "Scan Direction": "Forward",
                      "Index Name": "movie_id_movie_info",
                      "Relation Name": "movie_info",
                      "Alias": "mi",
                      "Startup Cost": 0.43,
                      "Total Cost": 1.6,
                      "Plan Rows": 36,
                      "Plan Width": 4,
                      "Actual Startup Time": 0.004,
                      "Actual Total Time": 0.01,
                      "Actual Rows": 8,
                      "Actual Loops": 210286,
                      "Index Cond": "(movie_id = t.id)",
                      "Rows Removed by Index Recheck": 0,
                      "Filter": "(info_type_id < 18)",
                      "Rows Removed by Filter": 2
                    }
                  ]
                }
              ]
            }
          ]
        }
      ]
    },
    "Planning Time": 1.383,
    "Triggers": [],
    "Execution Time": 1097.09
  }
]