[
  {
    "Plan": {
      "Node Type": "Aggregate",
      "Strategy": "Plain",
      "Partial Mode": "Finalize",
      "Parallel Aware": false,
      "Startup Cost": 32696.7,
      "Total Cost": 32696.71,
      "Plan Rows": 1,
      "Plan Width": 8,
      "Actual Startup Time": 73.407,
      "Actual Total Time": 81.517,
      "Actual Rows": 1,
      "Actual Loops": 1,
      "Plans": [
        {
          "Node Type": "Gather",
          "Parent Relationship": "Outer",
          "Parallel Aware": false,
          "Startup Cost": 32696.38,
          "Total Cost": 32696.69,
          "Plan Rows": 3,
          "Plan Width": 8,
          "Actual Startup Time": 73.274,
          "Actual Total Time": 81.507,
          "Actual Rows": 4,
          "Actual Loops": 1,
          "Workers Planned": 3,
          "Workers Launched": 3,
          "Single Copy": false,
          "Plans": [
            {
              "Node Type": "Aggregate",
              "Strategy": "Plain",
              "Partial Mode": "Partial",
              "Parent Relationship": "Outer",
              "Parallel Aware": false,
              "Startup Cost": 31696.38,
              "Total Cost": 31696.39,
              "Plan Rows": 1,
              "Plan Width": 8,
              "Actual Startup Time": 69.643,
              "Actual Total Time": 69.644,
              "Actual Rows": 1,
              "Actual Loops": 4,
              "Plans": [
                {
                  "Node Type": "Seq Scan",
                  "Parent Relationship": "Outer",
                  "Parallel Aware": true,
                  "Relation Name": "movie_companies",
                  "Alias": "mc",
                  "Startup Cost": 0.0,
                  "Total Cost": 31414.82,
                  "Plan Rows": 112626,
                  "Plan Width": 0,
                  "Actual Startup Time": 24.059,
                  "Actual Total Time": 69.129,
                  "Actual Rows": 8958,
                  "Actual Loops": 4,
                  "Filter": "((company_id > 44480) AND (company_type_id < 2))",
                  "Rows Removed by Filter": 643324
                }
              ]
            }
          ]
        }
      ]
    },
    "Planning Time": 0.213,
    "Triggers": [],
    "Execution Time": 81.575
  }
]