{
  "Plan": {
    "Node Type": "Aggregate",
    "Strategy": "Plain",
    "Partial Mode": "Finalize",
    "Parallel Aware": false,
    "Startup Cost": 169118.0,
    "Total Cost": 169118.01,
    "Plan Rows": 1,
    "Plan Width": 8,
    "Actual Startup Time": 1313.93,
    "Actual Total Time": 1328.979,
    "Actual Rows": 1,
    "Actual Loops": 1,
    "Plans": [
      {
        "Node Type": "Gather",
        "Parent Relationship": "Outer",
        "Parallel Aware": false,
        "Startup Cost": 169117.89,
        "Total Cost": 169118.0,
        "Plan Rows": 1,
        "Plan Width": 8,
        "Actual Startup Time": 1311.888,
        "Actual Total Time": 1328.97,
        "Actual Rows": 2,
        "Actual Loops": 1,
        "Workers Planned": 1,
        "Workers Launched": 1,
        "Single Copy": false,
        "Plans": [
          {
            "Node Type": "Aggregate",
            "Strategy": "Plain",
            "Partial Mode": "Partial",
            "Parent Relationship": "Outer",
            "Parallel Aware": false,
            "Startup Cost": 168117.89,
            "Total Cost": 168117.9,
            "Plan Rows": 1,
            "Plan Width": 8,
            "Actual Startup Time": 1305.92,
            "Actual Total Time": 1306.214,
            "Actual Rows": 1,
            "Actual Loops": 2,
            "Plans": [
              {
                "Node Type": "Hash Join",
                "Parent Relationship": "Outer",
                "Parallel Aware": true,
                "Join Type": "Inner",
                "Startup Cost": 102644.4,
                "Total Cost": 166797.0,
                "Plan Rows": 528357,
                "Plan Width": 0,
                "Actual Startup Time": 711.952,
                "Actual Total Time": 1231.833,
                "Actual Rows": 1805432,
                "Actual Loops": 2,
                "Inner Unique": false,
                "Hash Cond": "(mk.movie_id = t.id)",
                "Plans": [
                  {
                    "Node Type": "Seq Scan",
                    "Parent Relationship": "Outer",
                    "Parallel Aware": true,
                    "Relation Name": "movie_keyword",
                    "Alias": "mk",
                    "Startup Cost": 0.0,
                    "Total Cost": 51065.35,
                    "Plan Rows": 2661135,
                    "Plan Width": 4,
                    "Actual Startup Time": 0.017,
                    "Actual Total Time": 167.177,
                    "Actual Rows": 2261965,
                    "Actual Loops": 2
                  },
                  {
                    "Node Type": "Hash",
                    "Parent Relationship": "Inner",
                    "Parallel Aware": true,
                    "Startup Cost": 98953.35,
                    "Total Cost": 98953.35,
                    "Plan Rows": 295284,
                    "Plan Width": 8,
                    "Actual Startup Time": 698.451,
                    "Actual Total Time": 698.742,
                    "Actual Rows": 255408,
                    "Actual Loops": 2,
                    "Hash Buckets": 524288,
                    "Original Hash Buckets": 524288,
                    "Hash Batches": 1,
                    "Original Hash Batches": 1,
                    "Peak Memory Usage": 24096,
                    "Plans": [
                      {
                        "Node Type": "Hash Join",
                        "Parent Relationship": "Outer",
                        "Parallel Aware": true,
                        "Join Type": "Inner",
                        "Startup Cost": 37050.88,
                        "Total Cost": 98953.35,
                        "Plan Rows": 295284,
                        "Plan Width": 8,
                        "Actual Startup Time": 148.149,
                        "Actual Total Time": 625.621,
                        "Actual Rows": 255408,
                        "Actual Loops": 2,
                        "Inner Unique": false,
                        "Hash Cond": "(t.id = mc.movie_id)",
                        "Plans": [
                          {
                            "Node Type": "Seq Scan",
                            "Parent Relationship": "Outer",
                            "Parallel Aware": true,
                            "Relation Name": "title",
                            "Alias": "t",
                            "Startup Cost": 0.0,
                            "Total Cost": 50870.31,
                            "Plan Rows": 1487231,
                            "Plan Width": 4,
                            "Actual Startup Time": 0.009,
                            "Actual Total Time": 126.037,
                            "Actual Rows": 1264156,
                            "Actual Loops": 2
                          },
                          {
                            "Node Type": "Hash",
                            "Parent Relationship": "Inner",
                            "Parallel Aware": true,
                            "Startup Cost": 33359.83,
                            "Total Cost": 33359.83,
                            "Plan Rows": 295284,
                            "Plan Width": 4,
                            "Actual Startup Time": 144.611,
                            "Actual Total Time": 144.612,
                            "Actual Rows": 255408,
                            "Actual Loops": 2,
                            "Hash Buckets": 524288,
                            "Original Hash Buckets": 524288,
                            "Hash Batches": 1,
                            "Original Hash Batches": 1,
                            "Peak Memory Usage": 24096,
                            "Plans": [
                              {
                                "Node Type": "Bitmap Heap Scan",
                                "Parent Relationship": "Outer",
                                "Parallel Aware": true,
                                "Relation Name": "movie_companies",
                                "Alias": "mc",
                                "Startup Cost": 10878.79,
                                "Total Cost": 33359.83,
                                "Plan Rows": 295284,
                                "Plan Width": 4,
                                "Actual Startup Time": 28.728,
                                "Actual Total Time": 79.106,
                                "Actual Rows": 255408,
                                "Actual Loops": 2,
                                "Recheck Cond": "(company_id > 73715)",
                                "Rows Removed by Index Recheck": 0,
                                "Exact Heap Blocks": 4502,
                                "Lossy Heap Blocks": 0,
                                "Plans": [
                                  {
                                    "Node Type": "Bitmap Index Scan",
                                    "Parent Relationship": "Outer",
                                    "Parallel Aware": false,
                                    "Index Name": "company_id_movie_companies",
                                    "Startup Cost": 0.0,
                                    "Total Cost": 10753.3,
                                    "Plan Rows": 501982,
                                    "Plan Width": 0,
                                    "Actual Startup Time": 27.593,
                                    "Actual Total Time": 27.593,
                                    "Actual Rows": 510815,
                                    "Actual Loops": 1,
                                    "Index Cond": "(company_id > 73715)"
                                  }
                                ]
                              }
                            ]
                          }
                        ]
                      }
                    ]
                  }
                ]
              }
            ]
          }
        ]
      }
    ]
  },
  "Planning Time": 1.069,
  "Triggers": [],
  "Execution Time": 1329.085
}