[
  {
    "Plan": {
      "Node Type": "Aggregate",
      "Strategy": "Plain",
      "Partial Mode": "Simple",
      "Parallel Aware": false,
      "Startup Cost": 65719.3,
      "Total Cost": 65719.31,
      "Plan Rows": 1,
      "Plan Width": 96,
      "Actual Startup Time": 405.873,
      "Actual Total Time": 475.358,
      "Actual Rows": 1,
      "Actual Loops": 1,
      "Plans": [
        {
          "Node Type": "Merge Join",
          "Parent Relationship": "Outer",
          "Parallel Aware": false,
          "Join Type": "Inner",
          "Startup Cost": 23875.64,
          "Total Cost": 65719.3,
          "Plan Rows": 1,
          "Plan Width": 48,
          "Actual Startup Time": 405.681,
          "Actual Total Time": 475.325,
          "Actual Rows": 38,
          "Actual Loops": 1,
          "Inner Unique": true,
          "Merge Cond": "(ml.movie_id = t.id)",
          "Plans": [
            {
              "Node Type": "Merge Join",
              "Parent Relationship": "Outer",
              "Parallel Aware": false,
              "Join Type": "Inner",
              "Startup Cost": 23875.21,
              "Total Cost": 56528.11,
              "Plan Rows": 1,
              "Plan Width": 47,
              "Actual Startup Time": 245.963,
              "Actual Total Time": 315.994,
              "Actual Rows": 308,
              "Actual Loops": 1,
              "Inner Unique": false,
              "Merge Cond": "(mi.movie_id = ml.movie_id)",
              "Plans": [
                {
                  "Node Type": "Gather Merge",
                  "Parent Relationship": "Outer",
                  "Parallel Aware": false,
                  "Startup Cost": 1000.51,
                  "Total Cost": 987531.19,
                  "Plan Rows": 126148,
                  "Plan Width": 4,
                  "Actual Startup Time": 16.062,
                  "Actual Total Time": 103.267,
                  "Actual Rows": 2440,
                  "Actual Loops": 1,
                  "Workers Planned": 5,
                  "Workers Launched": 5,
                  "Plans": [
                    {
                      "Node Type": "Index Scan",
                      "Parent Relationship": "Outer",
                      "Parallel Aware": true,
                      "Scan Direction": "Forward",
                      "Index Name": "movie_id_movie_info",
                      "Relation Name": "movie_info",
                      "Alias": "mi",
                      "Startup Cost": 0.43,
                      "Total Cost": 971339.76,
                      "Plan Rows": 25230,
                      "Plan Width": 4,
                      "Actual Startup Time": 1.679,
                      "Actual Total Time": 367.622,
                      "Actual Rows": 588,
                      "Actual Loops": 6,
                      "Filter": "(info = ANY ('{Germany,German}'::text[]))",
                      "Rows Removed by Filter": 133323
                    }
                  ]
                },
                {
                  "Node Type": "Sort",
                  "Parent Relationship": "Inner",
                  "Parallel Aware": false,
                  "Startup Cost": 22874.7,
                  "Total Cost": 22874.7,
                  "Plan Rows": 1,
                  "Plan Width": 43,
                  "Actual Startup Time": 212.215,
                  "Actual Total Time": 212.454,
                  "Actual Rows": 404,
                  "Actual Loops": 1,
                  "Sort Key": [
                    "mc.movie_id"
                  ],
                  "Sort Method": "quicksort",
                  "Sort Space Used": 70,
                  "Sort Space Type": "Memory",
                  "Plans": [
                    {
                      "Node Type": "Merge Join",
                      "Parent Relationship": "Outer",
                      "Parallel Aware": false,
                      "Join Type": "Inner",
                      "Startup Cost": 22834.19,
                      "Total Cost": 22874.69,
                      "Plan Rows": 1,
                      "Plan Width": 43,
                      "Actual Startup Time": 211.941,
                      "Actual Total Time": 212.259,
                      "Actual Rows": 402,
                      "Actual Loops": 1,
                      "Inner Unique": true,
                      "Merge Cond": "(mk.keyword_id = k.id)",
                      "Plans": [
                        {
                          "Node Type": "Sort",
                          "Parent Relationship": "Outer",
                          "Parallel Aware": false,
                          "Startup Cost": 20207.94,
                          "Total Cost": 20228.24,
                          "Plan Rows": 8118,
                          "Plan Width": 47,
                          "Actual Startup Time": 190.371,
                          "Actual Total Time": 190.788,
                          "Actual Rows": 2218,
                          "Actual Loops": 1,
                          "Sort Key": [
                            "mk.keyword_id"
                          ],
                          "Sort Method": "quicksort",
                          "Sort Space Used": 1466,
                          "Sort Space Type": "Memory",
                          "Plans": [
                            {
                              "Node Type": "Merge Join",
                              "Parent Relationship": "Outer",
                              "Parallel Aware": false,
                              "Join Type": "Inner",
                              "Startup Cost": 15440.2,
                              "Total Cost": 19680.81,
                              "Plan Rows": 8118,
                              "Plan Width": 47,
                              "Actual Startup Time": 153.411,
                              "Actual Total Time": 186.078,
                              "Actual Rows": 8713,
                              "Actual Loops": 1,
                              "Inner Unique": false,
                              "Merge Cond": "(mk.movie_id = ml.movie_id)",
                              "Plans": [
                                {
                                  "Node Type": "Index Scan",
                                  "Parent Relationship": "Outer",
                                  "Parallel Aware": false,
                                  "Scan Direction": "Forward",
                                  "Index Name": "movie_id_movie_keyword",
                                  "Relation Name": "movie_keyword",
                                  "Alias": "mk",
                                  "Startup Cost": 0.43,
                                  "Total Cost": 177156.82,
                                  "Plan Rows": 4523930,
                                  "Plan Width": 8,
                                  "Actual Startup Time": 0.037,
                                  "Actual Total Time": 22.7,
                                  "Actual Rows": 82171,
                                  "Actual Loops": 1
                                },
                                {
                                  "Node Type": "Sort",
                                  "Parent Relationship": "Inner",
                                  "Parallel Aware": false,
                                  "Startup Cost": 15439.65,
                                  "Total Cost": 15440.09,
                                  "Plan Rows": 177,
                                  "Plan Width": 39,
                                  "Actual Startup Time": 152.84,
                                  "Actual Total Time": 153.641,
                                  "Actual Rows": 8920,
                                  "Actual Loops": 1,
                                  "Sort Key": [
                                    "mc.movie_id"
                                  ],
                                  "Sort Method": "quicksort",
                                  "Sort Space Used": 148,
                                  "Sort Space Type": "Memory",
                                  "Plans": [
                                    {
                                      "Node Type": "Gather",
                                      "Parent Relationship": "Outer",
                                      "Parallel Aware": false,
                                      "Startup Cost": 15412.21,
                                      "Total Cost": 15433.04,
                                      "Plan Rows": 177,
                                      "Plan Width": 39,
                                      "Actual Startup Time": 146.906,
                                      "Actual Total Time": 152.549,
                                      "Actual Rows": 1152,
                                      "Actual Loops": 1,
                                      "Workers Planned": 1,
                                      "Workers Launched": 1,
                                      "Single Copy": false,
                                      "Plans": [
                                        {
                                          "Node Type": "Merge Join",
                                          "Parent Relationship": "Outer",
                                          "Parallel Aware": false,
                                          "Join Type": "Inner",
                                          "Startup Cost": 14412.21,
                                          "Total Cost": 14415.34,
                                          "Plan Rows": 104,
                                          "Plan Width": 39,
                                          "Actual Startup Time": 145.659,
                                          "Actual Total Time": 145.855,
                                          "Actual Rows": 576,
                                          "Actual Loops": 2,
                                          "Inner Unique": true,
                                          "Merge Cond": "(mc.company_type_id = ct.id)",
                                          "Plans": [
                                            {
                                              "Node Type": "Sort",
                                              "Parent Relationship": "Outer",
                                              "Parallel Aware": false,
                                              "Startup Cost": 14411.15,
                                              "Total Cost": 14412.19,
                                              "Plan Rows": 416,
                                              "Plan Width": 43,
                                              "Actual Startup Time": 145.601,
                                              "Actual Total Time": 145.65,
                                              "Actual Rows": 600,
                                              "Actual Loops": 2,
                                              "Sort Key": [
                                                "mc.company_type_id"
                                              ],
                                              "Sort Method": "quicksort",
                                              "Sort Space Used": 82,
                                              "Sort Space Type": "Memory",
                                              "Workers": [
                                                {
                                                  "Worker Number": 0,
                                                  "Sort Method": "quicksort",
                                                  "Sort Space Used": 84,
                                                  "Sort Space Type": "Memory"
                                                }
                                              ],
                                              "Plans": [
                                                {
                                                  "Node Type": "Merge Join",
                                                  "Parent Relationship": "Outer",
                                                  "Parallel Aware": false,
                                                  "Join Type": "Inner",
                                                  "Startup Cost": 14254.9,
                                                  "Total Cost": 14393.06,
                                                  "Plan Rows": 416,
                                                  "Plan Width": 43,
                                                  "Actual Startup Time": 142.055,
                                                  "Actual Total Time": 145.343,
                                                  "Actual Rows": 600,
                                                  "Actual Loops": 2,
                                                  "Inner Unique": false,
                                                  "Merge Cond": "(cn.id = mc.company_id)",
                                                  "Plans": [
                                                    {
                                                      "Node Type": "Sort",
                                                      "Parent Relationship": "Outer",
                                                      "Parallel Aware": false,
                                                      "Startup Cost": 7037.55,
                                                      "Total Cost": 7093.71,
                                                      "Plan Rows": 22462,
                                                      "Plan Width": 23,
                                                      "Actual Startup Time": 81.266,
                                                      "Actual Total Time": 82.406,
                                                      "Actual Rows": 7102,
                                                      "Actual Loops": 2,
                                                      "Sort Key": [
                                                        "cn.id"
                                                      ],
                                                      "Sort Method": "quicksort",
                                                      "Sort Space Used": 2646,
                                                      "Sort Space Type": "Memory",
                                                      "Workers": [
                                                        {
                                                          "Worker Number": 0,
                                                          "Sort Method": "quicksort",
                                                          "Sort Space Used": 2377,
                                                          "Sort Space Type": "Memory"
                                                        }
                                                      ],
                                                      "Plans": [
                                                        {
                                                          "Node Type": "Seq Scan",
                                                          "Parent Relationship": "Outer",
                                                          "Parallel Aware": true,
                                                          "Relation Name": "company_name",
                                                          "Alias": "cn",
                                                          "Startup Cost": 0.0,
                                                          "Total Cost": 5414.09,
                                                          "Plan Rows": 22462,
                                                          "Plan Width": 23,
                                                          "Actual Startup Time": 0.051,
                                                          "Actual Total Time": 67.828,
                                                          "Actual Rows": 24151,
                                                          "Actual Loops": 2,
                                                          "Filter": "(((country_code)::text <> '[pl]'::text) AND ((name ~~ '%Film%'::text) OR (name ~~ '%Warner%'::text)))",
                                                          "Rows Removed by Filter": 93348
                                                        }
                                                      ]
                                                    },
                                                    {
                                                      "Node Type": "Sort",
                                                      "Parent Relationship": "Inner",
                                                      "Parallel Aware": false,
                                                      "Startup Cost": 7217.34,
                                                      "Total Cost": 7228.2,
                                                      "Plan Rows": 4347,
                                                      "Plan Width": 28,
                                                      "Actual Startup Time": 60.732,
                                                      "Actual Total Time": 61.186,
                                                      "Actual Rows": 5069,
                                                      "Actual Loops": 2,
                                                      "Sort Key": [
                                                        "mc.company_id"
                                                      ],
                                                      "Sort Method": "quicksort",
                                                      "Sort Space Used": 589,
                                                      "Sort Space Type": "Memory",
                                                      "Workers": [
                                                        {
                                                          "Worker Number": 0,
                                                          "Sort Method": "quicksort",
                                                          "Sort Space Used": 589,
                                                          "Sort Space Type": "Memory"
                                                        }
                                                      ],
                                                      "Plans": [
                                                        {
                                                          "Node Type": "Merge Join",
                                                          "Parent Relationship": "Outer",
                                                          "Parallel Aware": false,
                                                          "Join Type": "Inner",
                                                          "Startup Cost": 1618.85,
                                                          "Total Cost": 6954.65,
                                                          "Plan Rows": 4347,
                                                          "Plan Width": 28,
                                                          "Actual Startup Time": 3.506,
                                                          "Actual Total Time": 58.386,
                                                          "Actual Rows": 5069,
                                                          "Actual Loops": 2,
                                                          "Inner Unique": false,
                                                          "Merge Cond": "(mc.movie_id = ml.movie_id)",
                                                          "Plans": [
                                                            {
                                                              "Node Type": "Index Scan",
                                                              "Parent Relationship": "Outer",
                                                              "Parallel Aware": false,
                                                              "Scan Direction": "Forward",
                                                              "Index Name": "movie_id_movie_companies",
                                                              "Relation Name": "movie_companies",
                                                              "Alias": "mc",
                                                              "Startup Cost": 0.43,
                                                              "Total Cost": 140880.84,
                                                              "Plan Rows": 1269863,
                                                              "Plan Width": 12,
                                                              "Actual Startup Time": 0.094,
                                                              "Actual Total Time": 49.36,
                                                              "Actual Rows": 49142,
                                                              "Actual Loops": 2,
                                                              "Filter": "(note IS NULL)",
                                                              "Rows Removed by Filter": 50735
                                                            },
                                                            {
                                                              "Node Type": "Sort",
                                                              "Parent Relationship": "Inner",
                                                              "Parallel Aware": false,
                                                              "Startup Cost": 1618.42,
                                                              "Total Cost": 1622.58,
                                                              "Plan Rows": 1666,
                                                              "Plan Width": 16,
                                                              "Actual Startup Time": 3.286,
                                                              "Actual Total Time": 3.756,
                                                              "Actual Rows": 5369,
                                                              "Actual Loops": 2,
                                                              "Sort Key": [
                                                                "ml.movie_id"
                                                              ],
                                                              "Sort Method": "quicksort",
                                                              "Sort Space Used": 205,
                                                              "Sort Space Type": "Memory",
                                                              "Workers": [
                                                                {
                                                                  "Worker Number": 0,
                                                                  "Sort Method": "quicksort",
                                                                  "Sort Space Used": 205,
                                                                  "Sort Space Type": "Memory"
                                                                }
                                                              ],
                                                              "Plans": [
                                                                {
                                                                  "Node Type": "Merge Join",
                                                                  "Parent Relationship": "Outer",
                                                                  "Parallel Aware": false,
                                                                  "Join Type": "Inner",
                                                                  "Startup Cost": 0.42,
                                                                  "Total Cost": 1529.27,
                                                                  "Plan Rows": 1666,
                                                                  "Plan Width": 16,
                                                                  "Actual Startup Time": 0.087,
                                                                  "Actual Total Time": 2.416,
                                                                  "Actual Rows": 2315,
                                                                  "Actual Loops": 2,
                                                                  "Inner Unique": false,
                                                                  "Merge Cond": "(lt.id = ml.link_type_id)",
                                                                  "Plans": [
                                                                    {
                                                                      "Node Type": "Index Scan",
                                                                      "Parent Relationship": "Outer",
                                                                      "Parallel Aware": false,
                                                                      "Scan Direction": "Forward",
                                                                      "Index Name": "link_type_pkey",
                                                                      "Relation Name": "link_type",
                                                                      "Alias": "lt",
                                                                      "Startup Cost": 0.14,
                                                                      "Total Cost": 12.45,
                                                                      "Plan Rows": 1,
                                                                      "Plan Width": 16,
                                                                      "Actual Startup Time": 0.028,
                                                                      "Actual Total Time": 0.036,
                                                                      "Actual Rows": 2,
                                                                      "Actual Loops": 2,
                                                                      "Filter": "((link)::text ~~ '%follow%'::text)",
                                                                      "Rows Removed by Filter": 16
                                                                    },
                                                                    {
                                                                      "Node Type": "Index Scan",
                                                                      "Parent Relationship": "Inner",
                                                                      "Parallel Aware": false,
                                                                      "Scan Direction": "Forward",
                                                                      "Index Name": "link_type_id_movie_link",
                                                                      "Relation Name": "movie_link",
                                                                      "Alias": "ml",
                                                                      "Startup Cost": 0.29,
                                                                      "Total Cost": 1425.16,
                                                                      "Plan Rows": 29997,
                                                                      "Plan Width": 8,
                                                                      "Actual Startup Time": 0.054,
                                                                      "Actual Total Time": 1.854,
                                                                      "Actual Rows": 2316,
                                                                      "Actual Loops": 2
                                                                    }
                                                                  ]
                                                                }
                                                              ]
                                                            }
                                                          ]
                                                        }
                                                      ]
                                                    }
                                                  ]
                                                }
                                              ]
                                            },
                                            {
                                              "Node Type": "Sort",
                                              "Parent Relationship": "Inner",
                                              "Parallel Aware": false,
                                              "Startup Cost": 1.06,
                                              "Total Cost": 1.06,
                                              "Plan Rows": 1,
                                              "Plan Width": 4,
                                              "Actual Startup Time": 0.048,
                                              "Actual Total Time": 0.049,
                                              "Actual Rows": 1,
                                              "Actual Loops": 2,
                                              "Sort Key": [
                                                "ct.id"
                                              ],
                                              "Sort Method": "quicksort",
                                              "Sort Space Used": 25,
                                              "Sort Space Type": "Memory",
                                              "Workers": [
                                                {
                                                  "Worker Number": 0,
                                                  "Sort Method": "quicksort",
                                                  "Sort Space Used": 25,
                                                  "Sort Space Type": "Memory"
                                                }
                                              ],
                                              "Plans": [
                                                {
                                                  "Node Type": "Seq Scan",
                                                  "Parent Relationship": "Outer",
                                                  "Parallel Aware": false,
                                                  "Relation Name": "company_type",
                                                  "Alias": "ct",
                                                  "Startup Cost": 0.0,
                                                  "Total Cost": 1.05,
                                                  "Plan Rows": 1,
                                                  "Plan Width": 4,
                                                  "Actual Startup Time": 0.031,
                                                  "Actual Total Time": 0.032,
                                                  "Actual Rows": 1,
                                                  "Actual Loops": 2,
                                                  "Filter": "((kind)::text = 'production companies'::text)",
                                                  "Rows Removed by Filter": 3
                                                }
                                              ]
                                            }
                                          ]
                                        }
                                      ]
                                    }
                                  ]
                                }
                              ]
                            }
                          ]
                        },
                        {
                          "Node Type": "Sort",
                          "Parent Relationship": "Inner",
                          "Parallel Aware": false,
                          "Startup Cost": 2626.14,
                          "Total Cost": 2626.14,
                          "Plan Rows": 1,
                          "Plan Width": 4,
                          "Actual Startup Time": 21.179,
                          "Actual Total Time": 21.181,
                          "Actual Rows": 1,
                          "Actual Loops": 1,
                          "Sort Key": [
                            "k.id"
                          ],
                          "Sort Method": "quicksort",
                          "Sort Space Used": 25,
                          "Sort Space Type": "Memory",
                          "Plans": [
                            {
                              "Node Type": "Seq Scan",
                              "Parent Relationship": "Outer",
                              "Parallel Aware": false,
                              "Relation Name": "keyword",
                              "Alias": "k",
                              "Startup Cost": 0.0,
                              "Total Cost": 2626.12,
                              "Plan Rows": 1,
                              "Plan Width": 4,
                              "Actual Startup Time": 1.186,
                              "Actual Total Time": 21.165,
                              "Actual Rows": 1,
                              "Actual Loops": 1,
                              "Filter": "(keyword = 'sequel'::text)",
                              "Rows Removed by Filter": 134169
                            }
                          ]
                        }
                      ]
                    }
                  ]
                }
              ]
            },
            {
              "Node Type": "Index Scan",
              "Parent Relationship": "Inner",
              "Parallel Aware": false,
              "Scan Direction": "Forward",
              "Index Name": "title_pkey",
              "Relation Name": "title",
              "Alias": "t",
              "Startup Cost": 0.43,
              "Total Cost": 122990.13,
              "Plan Rows": 1028282,
              "Plan Width": 21,
              "Actual Startup Time": 0.041,
              "Actual Total Time": 153.599,
              "Actual Rows": 67419,
              "Actual Loops": 1,
              "Filter": "((production_year >= 2000) AND (production_year <= 2010))",
              "Rows Removed by Filter": 71517
            }
          ]
        }
      ]
    },
    "Planning Time": 27.945,
    "Triggers": [],
    "Execution Time": 476.768
  }
]