{
  "Plan": {
    "Node Type": "Aggregate",
    "Strategy": "Plain",
    "Partial Mode": "Finalize",
    "Parallel Aware": false,
    "Startup Cost": 362644.75,
    "Total Cost": 362644.76,
    "Plan Rows": 1,
    "Plan Width": 8,
    "Actual Startup Time": 1107.028,
    "Actual Total Time": 1126.83,
    "Actual Rows": 1,
    "Actual Loops": 1,
    "Plans": [
      {
        "Node Type": "Gather",
        "Parent Relationship": "Outer",
        "Parallel Aware": false,
        "Startup Cost": 362644.64,
        "Total Cost": 362644.75,
        "Plan Rows": 1,
        "Plan Width": 8,
        "Actual Startup Time": 1100.352,
        "Actual Total Time": 1126.819,
        "Actual Rows": 2,
        "Actual Loops": 1,
        "Workers Planned": 1,
        "Workers Launched": 1,
        "Single Copy": false,
        "Plans": [
          {
            "Node Type": "Aggregate",
            "Strategy": "Plain",
            "Partial Mode": "Partial",
            "Parent Relationship": "Outer",
            "Parallel Aware": false,
            "Startup Cost": 361644.64,
            "Total Cost": 361644.65,
            "Plan Rows": 1,
            "Plan Width": 8,
            "Actual Startup Time": 1088.827,
            "Actual Total Time": 1088.831,
            "Actual Rows": 1,
            "Actual Loops": 2,
            "Plans": [
              {
                "Node Type": "Hash Join",
                "Parent Relationship": "Outer",
                "Parallel Aware": true,
                "Join Type": "Inner",
                "Startup Cost": 96437.63,
                "Total Cost": 360827.06,
                "Plan Rows": 327030,
                "Plan Width": 0,
                "Actual Startup Time": 661.767,
                "Actual Total Time": 1057.949,
                "Actual Rows": 602513,
                "Actual Loops": 2,
                "Inner Unique": true,
                "Hash Cond": "(ci.movie_id = t.id)",
                "Plans": [
                  {
                    "Node Type": "Bitmap Heap Scan",
                    "Parent Relationship": "Outer",
                    "Parallel Aware": true,
                    "Relation Name": "cast_info",
                    "Alias": "ci",
                    "Startup Cost": 26976.93,
                    "Total Cost": 290507.91,
                    "Plan Rows": 327030,
                    "Plan Width": 4,
                    "Actual Startup Time": 66.318,
                    "Actual Total Time": 178.398,
                    "Actual Rows": 602513,
                    "Actual Loops": 2,
                    "Recheck Cond": "(person_id > 3828339)",
                    "Rows Removed by Index Recheck": 0,
                    "Filter": "(role_id > 2)",
                    "Rows Removed by Filter": 0,
                    "Exact Heap Blocks": 10060,
                    "Lossy Heap Blocks": 0,
                    "Plans": [
                      {
                        "Node Type": "Bitmap Index Scan",
                        "Parent Relationship": "Outer",
                        "Parallel Aware": false,
                        "Index Name": "person_id_cast_info",
                        "Startup Cost": 0.0,
                        "Total Cost": 26837.94,
                        "Plan Rows": 1228984,
                        "Plan Width": 0,
                        "Actual Startup Time": 62.15,
                        "Actual Total Time": 62.15,
                        "Actual Rows": 1205026,
                        "Actual Loops": 1,
                        "Index Cond": "(person_id > 3828339)"
                      }
                    ]
                  },
                  {
                    "Node Type": "Hash",
                    "Parent Relationship": "Inner",
                    "Parallel Aware": true,
                    "Startup Cost": 50870.31,
                    "Total Cost": 50870.31,
                    "Plan Rows": 1487231,
                    "Plan Width": 4,
                    "Actual Startup Time": 574.154,
                    "Actual Total Time": 574.155,
                    "Actual Rows": 1264156,
                    "Actual Loops": 2,
                    "Hash Buckets": 4194304,
                    "Original Hash Buckets": 4194304,
                    "Hash Batches": 1,
                    "Original Hash Batches": 1,
                    "Peak Memory Usage": 131680,
                    "Plans": [
                      {
                        "Node Type": "Seq Scan",
                        "Parent Relationship": "Outer",
                        "Parallel Aware": true,
                        "Relation Name": "title",
                        "Alias": "t",
                        "Startup Cost": 0.0,
                        "Total Cost": 50870.31,
                        "Plan Rows": 1487231,
                        "Plan Width": 4,
                        "Actual Startup Time": 0.04,
                        "Actual Total Time": 177.123,
                        "Actual Rows": 1264156,
                        "Actual Loops": 2
                      }
                    ]
                  }
                ]
              }
            ]
          }
        ]
      }
    ]
  },
  "Planning Time": 0.692,
  "Triggers": [],
  "Execution Time": 1126.926
}