[
  {
    "Plan": {
      "Node Type": "Aggregate",
      "Strategy": "Plain",
      "Partial Mode": "Simple",
      "Parallel Aware": false,
      "Startup Cost": 48874.54,
      "Total Cost": 48874.55,
      "Plan Rows": 1,
      "Plan Width": 64,
      "Actual Startup Time": 145.763,
      "Actual Total Time": 164.862,
      "Actual Rows": 1,
      "Actual Loops": 1,
      "Plans": [
        {
          "Node Type": "Nested Loop",
          "Parent Relationship": "Outer",
          "Parallel Aware": false,
          "Join Type": "Inner",
          "Startup Cost": 1003.41,
          "Total Cost": 48874.53,
          "Plan Rows": 1,
          "Plan Width": 32,
          "Actual Startup Time": 145.75,
          "Actual Total Time": 164.852,
          "Actual Rows": 1,
          "Actual Loops": 1,
          "Inner Unique": true,
          "Plans": [
            {
              "Node Type": "Nested Loop",
              "Parent Relationship": "Outer",
              "Parallel Aware": false,
              "Join Type": "Inner",
              "Startup Cost": 1003.28,
              "Total Cost": 48874.36,
              "Plan Rows": 1,
              "Plan Width": 36,
              "Actual Startup Time": 145.737,
              "Actual Total Time": 164.839,
              "Actual Rows": 1,
              "Actual Loops": 1,
              "Inner Unique": true,
              "Join Filter": "(ci.person_id = n.id)",
              "Rows Removed by Join Filter": 0,
              "Plans": [
                {
                  "Node Type": "Nested Loop",
                  "Parent Relationship": "Outer",
                  "Parallel Aware": false,
                  "Join Type": "Inner",
                  "Startup Cost": 1002.85,
                  "Total Cost": 48873.58,
                  "Plan Rows": 1,
                  "Plan Width": 29,
                  "Actual Startup Time": 145.678,
                  "Actual Total Time": 164.779,
                  "Actual Rows": 1,
                  "Actual Loops": 1,
                  "Inner Unique": true,
                  "Plans": [
                    {
                      "Node Type": "Nested Loop",
                      "Parent Relationship": "Outer",
                      "Parallel Aware": false,
                      "Join Type": "Inner",
                      "Startup Cost": 1002.7,
                      "Total Cost": 48873.38,
                      "Plan Rows": 1,
                      "Plan Width": 33,
                      "Actual Startup Time": 145.651,
                      "Actual Total Time": 164.75,
                      "Actual Rows": 1,
                      "Actual Loops": 1,
                      "Inner Unique": true,
                      "Plans": [
                        {
                          "Node Type": "Nested Loop",
                          "Parent Relationship": "Outer",
                          "Parallel Aware": false,
                          "Join Type": "Inner",
                          "Startup Cost": 1002.27,
                          "Total Cost": 48872.66,
                          "Plan Rows": 1,
                          "Plan Width": 37,
                          "Actual Startup Time": 145.553,
                          "Actual Total Time": 164.652,
                          "Actual Rows": 1,
                          "Actual Loops": 1,
                          "Inner Unique": false,
                          "Plans": [
                            {
                              "Node Type": "Nested Loop",
                              "Parent Relationship": "Outer",
                              "Parallel Aware": false,
                              "Join Type": "Inner",
                              "Startup Cost": 1001.85,
                              "Total Cost": 48872.09,
                              "Plan Rows": 1,
                              "Plan Width": 33,
                              "Actual Startup Time": 145.403,
                              "Actual Total Time": 164.511,
                              "Actual Rows": 2,
                              "Actual Loops": 1,
                              "Inner Unique": false,
                              "Join Filter": "(t.id = mi.movie_id)",
                              "Rows Removed by Join Filter": 0,
                              "Plans": [
                                {
                                  "Node Type": "Gather",
                                  "Parent Relationship": "Outer",
                                  "Parallel Aware": false,
                                  "Startup Cost": 1001.41,
                                  "Total Cost": 48869.47,
                                  "Plan Rows": 1,
                                  "Plan Width": 41,
                                  "Actual Startup Time": 145.302,
                                  "Actual Total Time": 164.399,
                                  "Actual Rows": 2,
                                  "Actual Loops": 1,
                                  "Workers Planned": 4,
                                  "Workers Launched": 4,
                                  "Single Copy": false,
                                  "Plans": [
                                    {
                                      "Node Type": "Nested Loop",
                                      "Parent Relationship": "Outer",
                                      "Parallel Aware": false,
                                      "Join Type": "Inner",
                                      "Startup Cost": 1.42,
                                      "Total Cost": 47869.37,
                                      "Plan Rows": 1,
                                      "Plan Width": 41,
                                      "Actual Startup Time": 112.972,
                                      "Actual Total Time": 135.418,
                                      "Actual Rows": 0,
                                      "Actual Loops": 5,
                                      "Inner Unique": false,
                                      "Join Filter": "(t.id = ci.movie_id)",
                                      "Rows Removed by Join Filter": 0,
                                      "Plans": [
                                        {
                                          "Node Type": "Nested Loop",
                                          "Parent Relationship": "Outer",
                                          "Parallel Aware": false,
                                          "Join Type": "Inner",
                                          "Startup Cost": 0.85,
                                          "Total Cost": 47855.18,
                                          "Plan Rows": 1,
                                          "Plan Width": 25,
                                          "Actual Startup Time": 112.896,
                                          "Actual Total Time": 135.237,
                                          "Actual Rows": 0,
                                          "Actual Loops": 5,
                                          "Inner Unique": true,
                                          "Plans": [
                                            {
                                              "Node Type": "Nested Loop",
                                              "Parent Relationship": "Outer",
                                              "Parallel Aware": false,
                                              "Join Type": "Inner",
                                              "Startup Cost": 0.43,
                                              "Total Cost": 47853.99,
                                              "Plan Rows": 2,
                                              "Plan Width": 29,
                                              "Actual Startup Time": 112.872,
                                              "Actual Total Time": 135.212,
                                              "Actual Rows": 0,
                                              "Actual Loops": 5,
                                              "Inner Unique": false,
                                              "Plans": [
                                                {
                                                  "Node Type": "Seq Scan",
                                                  "Parent Relationship": "Outer",
                                                  "Parallel Aware": true,
                                                  "Relation Name": "title",
                                                  "Alias": "t",
                                                  "Startup Cost": 0.0,
                                                  "Total Cost": 47059.85,
                                                  "Plan Rows": 38,
                                                  "Plan Width": 21,
                                                  "Actual Startup Time": 112.836,
                                                  "Actual Total Time": 135.175,
                                                  "Actual Rows": 0,
                                                  "Actual Loops": 5,
                                                  "Filter": "((title ~~ '%(#1.13176)%'::text) AND (production_year >= 1996) AND (production_year <= 2013))",
                                                  "Rows Removed by Filter": 505662
                                                },
                                                {
                                                  "Node Type": "Index Scan",
                                                  "Parent Relationship": "Inner",
                                                  "Parallel Aware": false,
                                                  "Scan Direction": "Forward",
                                                  "Index Name": "movie_id_movie_companies",
                                                  "Relation Name": "movie_companies",
                                                  "Alias": "mc",
                                                  "Startup Cost": 0.43,
                                                  "Total Cost": 20.89,
                                                  "Plan Rows": 1,
                                                  "Plan Width": 8,
                                                  "Actual Startup Time": 0.169,
                                                  "Actual Total Time": 0.17,
                                                  "Actual Rows": 1,
                                                  "Actual Loops": 1,
                                                  "Index Cond": "(movie_id = t.id)",
                                                  "Rows Removed by Index Recheck": 0,
                                                  "Filter": "((note ~~ '%(200%)%'::text) AND ((note ~~ '%(USA)%'::text) OR (note ~~ '%(worldwide)%'::text)))",
                                                  "Rows Removed by Filter": 0
                                                }
                                              ]
                                            },
                                            {
                                              "Node Type": "Index Scan",
                                              "Parent Relationship": "Inner",
                                              "Parallel Aware": false,
                                              "Scan Direction": "Forward",
                                              "Index Name": "company_name_pkey",
                                              "Relation Name": "company_name",
                                              "Alias": "cn",
                                              "Startup Cost": 0.42,
                                              "Total Cost": 0.59,
                                              "Plan Rows": 1,
                                              "Plan Width": 4,
                                              "Actual Startup Time": 0.11,
                                              "Actual Total Time": 0.111,
                                              "Actual Rows": 1,
                                              "Actual Loops": 1,
                                              "Index Cond": "(id = mc.company_id)",
                                              "Rows Removed by Index Recheck": 0,
                                              "Filter": "((country_code)::text = '[us]'::text)",
                                              "Rows Removed by Filter": 0
                                            }
                                          ]
                                        },
                                        {
                                          "Node Type": "Index Scan",
                                          "Parent Relationship": "Inner",
                                          "Parallel Aware": false,
                                          "Scan Direction": "Forward",
                                          "Index Name": "movie_id_cast_info",
                                          "Relation Name": "cast_info",
                                          "Alias": "ci",
                                          "Startup Cost": 0.56,
                                          "Total Cost": 14.18,
                                          "Plan Rows": 1,
                                          "Plan Width": 16,
                                          "Actual Startup Time": 0.372,
                                          "Actual Total Time": 0.891,
                                          "Actual Rows": 2,
                                          "Actual Loops": 1,
                                          "Index Cond": "(movie_id = mc.movie_id)",
                                          "Rows Removed by Index Recheck": 0,
                                          "Filter": "(note = '(uncredited)'::text)",
                                          "Rows Removed by Filter": 23
                                        }
                                      ]
                                    }
                                  ]
                                },
                                {
                                  "Node Type": "Index Scan",
                                  "Parent Relationship": "Inner",
                                  "Parallel Aware": false,
                                  "Scan Direction": "Forward",
                                  "Index Name": "movie_id_movie_info",
                                  "Relation Name": "movie_info",
                                  "Alias": "mi",
                                  "Startup Cost": 0.43,
                                  "Total Cost": 2.61,
                                  "Plan Rows": 1,
                                  "Plan Width": 8,
                                  "Actual Startup Time": 0.047,
                                  "Actual Total Time": 0.048,
                                  "Actual Rows": 1,
                                  "Actual Loops": 2,
                                  "Index Cond": "(movie_id = ci.movie_id)",
                                  "Rows Removed by Index Recheck": 0,
                                  "Filter": "((info IS NOT NULL) AND ((info ~~ 'Japan:%2007%'::text) OR (info ~~ 'USA:%2008%'::text)))",
                                  "Rows Removed by Filter": 0
                                }
                              ]
                            },
                            {
                              "Node Type": "Index Only Scan",
                              "Parent Relationship": "Inner",
                              "Parallel Aware": false,
                              "Scan Direction": "Forward",
                              "Index Name": "person_id_aka_name",
                              "Relation Name": "aka_name",
                              "Alias": "an",
                              "Startup Cost": 0.42,
                              "Total Cost": 0.54,
                              "Plan Rows": 2,
                              "Plan Width": 4,
                              "Actual Startup Time": 0.068,
                              "Actual Total Time": 0.068,
                              "Actual Rows": 0,
                              "Actual Loops": 2,
                              "Index Cond": "(person_id = ci.person_id)",
                              "Rows Removed by Index Recheck": 0,
                              "Heap Fetches": 1
                            }
                          ]
                        },
                        {
                          "Node Type": "Index Only Scan",
                          "Parent Relationship": "Inner",
                          "Parallel Aware": false,
                          "Scan Direction": "Forward",
                          "Index Name": "char_name_pkey",
                          "Relation Name": "char_name",
                          "Alias": "chn",
                          "Startup Cost": 0.43,
                          "Total Cost": 0.72,
                          "Plan Rows": 1,
                          "Plan Width": 4,
                          "Actual Startup Time": 0.095,
                          "Actual Total Time": 0.096,
                          "Actual Rows": 1,
                          "Actual Loops": 1,
                          "Index Cond": "(id = ci.person_role_id)",
                          "Rows Removed by Index Recheck": 0,
                          "Heap Fetches": 1
                        }
                      ]
                    },
                    {
                      "Node Type": "Index Scan",
                      "Parent Relationship": "Inner",
                      "Parallel Aware": false,
                      "Scan Direction": "Forward",
                      "Index Name": "info_type_pkey",
                      "Relation Name": "info_type",
                      "Alias": "it",
                      "Startup Cost": 0.14,
                      "Total Cost": 0.17,
                      "Plan Rows": 1,
                      "Plan Width": 4,
                      "Actual Startup Time": 0.025,
                      "Actual Total Time": 0.025,
                      "Actual Rows": 1,
                      "Actual Loops": 1,
                      "Index Cond": "(id = mi.info_type_id)",
                      "Rows Removed by Index Recheck": 0,
                      "Filter": "((info)::text = 'release dates'::text)",
                      "Rows Removed by Filter": 0
                    }
                  ]
                },
                {
                  "Node Type": "Index Scan",
                  "Parent Relationship": "Inner",
                  "Parallel Aware": false,
                  "Scan Direction": "Forward",
                  "Index Name": "name_pkey",
                  "Relation Name": "name",
                  "Alias": "n",
                  "Startup Cost": 0.43,
                  "Total Cost": 0.77,
                  "Plan Rows": 1,
                  "Plan Width": 19,
                  "Actual Startup Time": 0.055,
                  "Actual Total Time": 0.055,
                  "Actual Rows": 1,
                  "Actual Loops": 1,
                  "Index Cond": "(id = an.person_id)",
                  "Rows Removed by Index Recheck": 0,
                  "Filter": "((name ~~ '%Odessa,%'::text) AND ((gender)::text = 'f'::text))",
                  "Rows Removed by Filter": 0
                }
              ]
            },
            {
              "Node Type": "Index Scan",
              "Parent Relationship": "Inner",
              "Parallel Aware": false,
              "Scan Direction": "Forward",
              "Index Name": "role_type_pkey",
              "Relation Name": "role_type",
              "Alias": "rt",
              "Startup Cost": 0.14,
              "Total Cost": 0.16,
              "Plan Rows": 1,
              "Plan Width": 4,
              "Actual Startup Time": 0.01,
              "Actual Total Time": 0.01,
              "Actual Rows": 1,
              "Actual Loops": 1,
              "Index Cond": "(id = ci.role_id)",
              "Rows Removed by Index Recheck": 0,
              "Filter": "((role)::text = 'actress'::text)",
              "Rows Removed by Filter": 0
            }
          ]
        }
      ]
    },
    "Planning Time": 36.903,
    "Triggers": [],
    "Execution Time": 165.15
  }
]