[
    {
        "Bao": {
            "Bao prediction": "NaN",
            "Bao recommended hint": "(no hint)"
        }
    },
    {
        "Plan": {
            "Node Type": "Aggregate",
            "Strategy": "Plain",
            "Partial Mode": "Finalize",
            "Parallel Aware": false,
            "Startup Cost": 30272.14,
            "Total Cost": 30272.15,
            "Plan Rows": 1,
            "Plan Width": 8,
            "Actual Startup Time": 70.18,
            "Actual Total Time": 73.85,
            "Actual Rows": 1,
            "Actual Loops": 1,
            "Output": [
                "count(*)"
            ],
            "Plans": [
                {
                    "Node Type": "Gather",
                    "Parent Relationship": "Outer",
                    "Parallel Aware": false,
                    "Startup Cost": 30271.82,
                    "Total Cost": 30272.13,
                    "Plan Rows": 3,
                    "Plan Width": 8,
                    "Actual Startup Time": 70.038,
                    "Actual Total Time": 73.844,
                    "Actual Rows": 4,
                    "Actual Loops": 1,
                    "Output": [
                        "(PARTIAL count(*))"
                    ],
                    "Workers Planned": 3,
                    "Workers Launched": 3,
                    "Single Copy": false,
                    "Plans": [
                        {
                            "Node Type": "Aggregate",
                            "Strategy": "Plain",
                            "Partial Mode": "Partial",
                            "Parent Relationship": "Outer",
                            "Parallel Aware": false,
                            "Startup Cost": 29271.82,
                            "Total Cost": 29271.83,
                            "Plan Rows": 1,
                            "Plan Width": 8,
                            "Actual Startup Time": 61.543,
                            "Actual Total Time": 61.544,
                            "Actual Rows": 1,
                            "Actual Loops": 4,
                            "Output": [
                                "PARTIAL count(*)"
                            ],
                            "Workers": [
                                {
                                    "Worker Number": 0,
                                    "Actual Startup Time": 58.448,
                                    "Actual Total Time": 58.45,
                                    "Actual Rows": 1,
                                    "Actual Loops": 1
                                },
                                {
                                    "Worker Number": 1,
                                    "Actual Startup Time": 58.812,
                                    "Actual Total Time": 58.814,
                                    "Actual Rows": 1,
                                    "Actual Loops": 1
                                },
                                {
                                    "Worker Number": 2,
                                    "Actual Startup Time": 59.143,
                                    "Actual Total Time": 59.145,
                                    "Actual Rows": 1,
                                    "Actual Loops": 1
                                }
                            ],
                            "Plans": [
                                {
                                    "Node Type": "Bitmap Heap Scan",
                                    "Parent Relationship": "Outer",
                                    "Parallel Aware": true,
                                    "Relation Name": "movie_companies",
                                    "Schema": "public",
                                    "Alias": "mc",
                                    "Startup Cost": 8428.16,
                                    "Total Cost": 29110.98,
                                    "Plan Rows": 64335,
                                    "Plan Width": 0,
                                    "Actual Startup Time": 15.74,
                                    "Actual Total Time": 54.527,
                                    "Actual Rows": 99528,
                                    "Actual Loops": 4,
                                    "Recheck Cond": "(mc.company_id > 82507)",
                                    "Rows Removed by Index Recheck": 0,
                                    "Filter": "(mc.company_type_id > 1)",
                                    "Rows Removed by Filter": 0,
                                    "Exact Heap Blocks": 3345,
                                    "Lossy Heap Blocks": 0,
                                    "Workers": [
                                        {
                                            "Worker Number": 0,
                                            "Actual Startup Time": 12.855,
                                            "Actual Total Time": 52.011,
                                            "Actual Rows": 62750,
                                            "Actual Loops": 1
                                        },
                                        {
                                            "Worker Number": 1,
                                            "Actual Startup Time": 13.03,
                                            "Actual Total Time": 52.657,
                                            "Actual Rows": 66925,
                                            "Actual Loops": 1
                                        },
                                        {
                                            "Worker Number": 2,
                                            "Actual Startup Time": 13.39,
                                            "Actual Total Time": 52.912,
                                            "Actual Rows": 65327,
                                            "Actual Loops": 1
                                        }
                                    ],
                                    "Plans": [
                                        {
                                            "Node Type": "Bitmap Index Scan",
                                            "Parent Relationship": "Outer",
                                            "Parallel Aware": false,
                                            "Index Name": "company_id_movie_companies",
                                            "Startup Cost": 0.0,
                                            "Total Cost": 8378.3,
                                            "Plan Rows": 391183,
                                            "Plan Width": 0,
                                            "Actual Startup Time": 22.676,
                                            "Actual Total Time": 22.677,
                                            "Actual Rows": 398112,
                                            "Actual Loops": 1,
                                            "Index Cond": "(mc.company_id > 82507)"
                                        }
                                    ]
                                }
                            ]
                        }
                    ]
                }
            ]
        },
        "Planning Time": 181.673,
        "Triggers": [],
        "Execution Time": 73.908
    }
]