[
  {
    "Plan": {
      "Node Type": "Aggregate",
      "Strategy": "Plain",
      "Partial Mode": "Finalize",
      "Parallel Aware": false,
      "Startup Cost": 72076.86,
      "Total Cost": 72076.87,
      "Plan Rows": 1,
      "Plan Width": 8,
      "Actual Startup Time": 93.67,
      "Actual Total Time": 105.711,
      "Actual Rows": 1,
      "Actual Loops": 1,
      "Plans": [
        {
          "Node Type": "Gather",
          "Parent Relationship": "Outer",
          "Parallel Aware": false,
          "Startup Cost": 72076.54,
          "Total Cost": 72076.85,
          "Plan Rows": 3,
          "Plan Width": 8,
          "Actual Startup Time": 93.496,
          "Actual Total Time": 105.704,
          "Actual Rows": 4,
          "Actual Loops": 1,
          "Workers Planned": 3,
          "Workers Launched": 3,
          "Single Copy": false,
          "Plans": [
            {
              "Node Type": "Aggregate",
              "Strategy": "Plain",
              "Partial Mode": "Partial",
              "Parent Relationship": "Outer",
              "Parallel Aware": false,
              "Startup Cost": 71076.54,
              "Total Cost": 71076.55,
              "Plan Rows": 1,
              "Plan Width": 8,
              "Actual Startup Time": 84.239,
              "Actual Total Time": 84.241,
              "Actual Rows": 1,
              "Actual Loops": 4,
              "Plans": [
                {
                  "Node Type": "Nested Loop",
                  "Parent Relationship": "Outer",
                  "Parallel Aware": false,
                  "Join Type": "Inner",
                  "Startup Cost": 673.12,
                  "Total Cost": 71064.16,
                  "Plan Rows": 4953,
                  "Plan Width": 0,
                  "Actual Startup Time": 9.629,
                  "Actual Total Time": 83.896,
                  "Actual Rows": 1757,
                  "Actual Loops": 4,
                  "Inner Unique": true,
                  "Plans": [
                    {
                      "Node Type": "Bitmap Heap Scan",
                      "Parent Relationship": "Outer",
                      "Parallel Aware": true,
                      "Relation Name": "movie_keyword",
                      "Alias": "mk",
                      "Startup Cost": 672.69,
                      "Total Cost": 26560.77,
                      "Plan Rows": 10167,
                      "Plan Width": 4,
                      "Actual Startup Time": 9.432,
                      "Actual Total Time": 29.013,
                      "Actual Rows": 7360,
                      "Actual Loops": 4,
                      "Recheck Cond": "(keyword_id = 359)",
                      "Rows Removed by Index Recheck": 0,
                      "Exact Heap Blocks": 6202,
                      "Lossy Heap Blocks": 0,
                      "Plans": [
                        {
                          "Node Type": "Bitmap Index Scan",
                          "Parent Relationship": "Outer",
                          "Parallel Aware": false,
                          "Index Name": "keyword_id_movie_keyword",
                          "Startup Cost": 0.0,
                          "Total Cost": 664.81,
                          "Plan Rows": 31517,
                          "Plan Width": 0,
                          "Actual Startup Time": 12.092,
                          "Actual Total Time": 12.092,
                          "Actual Rows": 29440,
                          "Actual Loops": 1,
                          "Index Cond": "(keyword_id = 359)"
                        }
                      ]
                    },
                    {
                      "Node Type": "Index Scan",
                      "Parent Relationship": "Inner",
                      "Parallel Aware": false,
                      "Scan Direction": "Forward",
                      "Index Name": "title_pkey",
                      "Relation Name": "title",
                      "Alias": "t",
                      "Startup Cost": 0.43,
                      "Total Cost": 4.38,
                      "Plan Rows": 1,
                      "Plan Width": 4,
                      "Actual Startup Time": 0.007,
                      "Actual Total Time": 0.007,
                      "Actual Rows": 0,
                      "Actual Loops": 29440,
                      "Index Cond": "(id = mk.movie_id)",
                      "Rows Removed by Index Recheck": 0,
                      "Filter": "((kind_id > 1) AND (production_year < 2008))",
                      "Rows Removed by Filter": 1
                    }
                  ]
                }
              ]
            }
          ]
        }
      ]
    },
    "Planning Time": 0.618,
    "Triggers": [],
    "Execution Time": 105.8
  }
]