{
  "Plan": {
    "Node Type": "Aggregate",
    "Strategy": "Plain",
    "Partial Mode": "Finalize",
    "Parallel Aware": false,
    "Startup Cost": 114461.34,
    "Total Cost": 114461.35,
    "Plan Rows": 1,
    "Plan Width": 8,
    "Actual Startup Time": 744.502,
    "Actual Total Time": 762.195,
    "Actual Rows": 1,
    "Actual Loops": 1,
    "Plans": [
      {
        "Node Type": "Gather",
        "Parent Relationship": "Outer",
        "Parallel Aware": false,
        "Startup Cost": 114461.23,
        "Total Cost": 114461.34,
        "Plan Rows": 1,
        "Plan Width": 8,
        "Actual Startup Time": 741.061,
        "Actual Total Time": 762.186,
        "Actual Rows": 2,
        "Actual Loops": 1,
        "Workers Planned": 1,
        "Workers Launched": 1,
        "Single Copy": false,
        "Plans": [
          {
            "Node Type": "Aggregate",
            "Strategy": "Plain",
            "Partial Mode": "Partial",
            "Parent Relationship": "Outer",
            "Parallel Aware": false,
            "Startup Cost": 113461.23,
            "Total Cost": 113461.24,
            "Plan Rows": 1,
            "Plan Width": 8,
            "Actual Startup Time": 728.685,
            "Actual Total Time": 728.688,
            "Actual Rows": 1,
            "Actual Loops": 2,
            "Plans": [
              {
                "Node Type": "Hash Join",
                "Parent Relationship": "Outer",
                "Parallel Aware": true,
                "Join Type": "Inner",
                "Startup Cost": 82590.07,
                "Total Cost": 112550.99,
                "Plan Rows": 364094,
                "Plan Width": 0,
                "Actual Startup Time": 571.004,
                "Actual Total Time": 715.049,
                "Actual Rows": 304765,
                "Actual Loops": 2,
                "Inner Unique": true,
                "Hash Cond": "(mk.movie_id = t.id)",
                "Plans": [
                  {
                    "Node Type": "Bitmap Heap Scan",
                    "Parent Relationship": "Outer",
                    "Parallel Aware": true,
                    "Relation Name": "movie_keyword",
                    "Alias": "mk",
                    "Startup Cost": 13129.37,
                    "Total Cost": 42134.55,
                    "Plan Rows": 364094,
                    "Plan Width": 4,
                    "Actual Startup Time": 38.459,
                    "Actual Total Time": 106.851,
                    "Actual Rows": 304765,
                    "Actual Loops": 2,
                    "Recheck Cond": "(keyword_id > 30287)",
                    "Rows Removed by Index Recheck": 0,
                    "Exact Heap Blocks": 11863,
                    "Lossy Heap Blocks": 0,
                    "Plans": [
                      {
                        "Node Type": "Bitmap Index Scan",
                        "Parent Relationship": "Outer",
                        "Parallel Aware": false,
                        "Index Name": "keyword_id_movie_keyword",
                        "Startup Cost": 0.0,
                        "Total Cost": 12974.63,
                        "Plan Rows": 618960,
                        "Plan Width": 0,
                        "Actual Startup Time": 34.985,
                        "Actual Total Time": 34.986,
                        "Actual Rows": 609530,
                        "Actual Loops": 1,
                        "Index Cond": "(keyword_id > 30287)"
                      }
                    ]
                  },
                  {
                    "Node Type": "Hash",
                    "Parent Relationship": "Inner",
                    "Parallel Aware": true,
                    "Startup Cost": 50870.31,
                    "Total Cost": 50870.31,
                    "Plan Rows": 1487231,
                    "Plan Width": 4,
                    "Actual Startup Time": 511.367,
                    "Actual Total Time": 511.368,
                    "Actual Rows": 1264156,
                    "Actual Loops": 2,
                    "Hash Buckets": 4194304,
                    "Original Hash Buckets": 4194304,
                    "Hash Batches": 1,
                    "Original Hash Batches": 1,
                    "Peak Memory Usage": 131712,
                    "Plans": [
                      {
                        "Node Type": "Seq Scan",
                        "Parent Relationship": "Outer",
                        "Parallel Aware": true,
                        "Relation Name": "title",
                        "Alias": "t",
                        "Startup Cost": 0.0,
                        "Total Cost": 50870.31,
                        "Plan Rows": 1487231,
                        "Plan Width": 4,
                        "Actual Startup Time": 0.024,
                        "Actual Total Time": 146.805,
                        "Actual Rows": 1264156,
                        "Actual Loops": 2
                      }
                    ]
                  }
                ]
              }
            ]
          }
        ]
      }
    ]
  },
  "Planning Time": 0.653,
  "Triggers": [],
  "Execution Time": 762.281
}