[
  {
    "Plan": {
      "Node Type": "Aggregate",
      "Strategy": "Plain",
      "Partial Mode": "Finalize",
      "Parallel Aware": false,
      "Startup Cost": 45562.36,
      "Total Cost": 45562.37,
      "Plan Rows": 1,
      "Plan Width": 8,
      "Actual Startup Time": 141.071,
      "Actual Total Time": 151.654,
      "Actual Rows": 1,
      "Actual Loops": 1,
      "Plans": [
        {
          "Node Type": "Gather",
          "Parent Relationship": "Outer",
          "Parallel Aware": false,
          "Startup Cost": 45562.04,
          "Total Cost": 45562.35,
          "Plan Rows": 3,
          "Plan Width": 8,
          "Actual Startup Time": 140.935,
          "Actual Total Time": 151.642,
          "Actual Rows": 4,
          "Actual Loops": 1,
          "Workers Planned": 3,
          "Workers Launched": 3,
          "Single Copy": false,
          "Plans": [
            {
              "Node Type": "Aggregate",
              "Strategy": "Plain",
              "Partial Mode": "Partial",
              "Parent Relationship": "Outer",
              "Parallel Aware": false,
              "Startup Cost": 44562.04,
              "Total Cost": 44562.05,
              "Plan Rows": 1,
              "Plan Width": 8,
              "Actual Startup Time": 137.534,
              "Actual Total Time": 137.535,
              "Actual Rows": 1,
              "Actual Loops": 4,
              "Plans": [
                {
                  "Node Type": "Seq Scan",
                  "Parent Relationship": "Outer",
                  "Parallel Aware": true,
                  "Relation Name": "movie_keyword",
                  "Alias": "mk",
                  "Startup Cost": 0.0,
                  "Total Cost": 42695.65,
                  "Plan Rows": 746556,
                  "Plan Width": 0,
                  "Actual Startup Time": 0.025,
                  "Actual Total Time": 110.778,
                  "Actual Rows": 581612,
                  "Actual Loops": 4,
                  "Filter": "(keyword_id < 5095)",
                  "Rows Removed by Filter": 549370
                }
              ]
            }
          ]
        }
      ]
    },
    "Planning Time": 0.098,
    "Triggers": [],
    "Execution Time": 151.686
  }
]