[
  {
    "Plan": {
      "Node Type": "Aggregate",
      "Strategy": "Plain",
      "Partial Mode": "Finalize",
      "Parallel Aware": false,
      "Startup Cost": 45570.55,
      "Total Cost": 45570.56,
      "Plan Rows": 1,
      "Plan Width": 8,
      "Actual Startup Time": 177.704,
      "Actual Total Time": 185.807,
      "Actual Rows": 1,
      "Actual Loops": 1,
      "Plans": [
        {
          "Node Type": "Gather",
          "Parent Relationship": "Outer",
          "Parallel Aware": false,
          "Startup Cost": 45570.24,
          "Total Cost": 45570.55,
          "Plan Rows": 3,
          "Plan Width": 8,
          "Actual Startup Time": 177.592,
          "Actual Total Time": 185.797,
          "Actual Rows": 4,
          "Actual Loops": 1,
          "Workers Planned": 3,
          "Workers Launched": 3,
          "Single Copy": false,
          "Plans": [
            {
              "Node Type": "Aggregate",
              "Strategy": "Plain",
              "Partial Mode": "Partial",
              "Parent Relationship": "Outer",
              "Parallel Aware": false,
              "Startup Cost": 44570.24,
              "Total Cost": 44570.25,
              "Plan Rows": 1,
              "Plan Width": 8,
              "Actual Startup Time": 169.755,
              "Actual Total Time": 169.756,
              "Actual Rows": 1,
              "Actual Loops": 4,
              "Plans": [
                {
                  "Node Type": "Seq Scan",
                  "Parent Relationship": "Outer",
                  "Parallel Aware": true,
                  "Relation Name": "movie_keyword",
                  "Alias": "mk",
                  "Startup Cost": 0.0,
                  "Total Cost": 42695.65,
                  "Plan Rows": 749833,
                  "Plan Width": 0,
                  "Actual Startup Time": 0.06,
                  "Actual Total Time": 136.825,
                  "Actual Rows": 581612,
                  "Actual Loops": 4,
                  "Filter": "(keyword_id < 5095)",
                  "Rows Removed by Filter": 549370
                }
              ]
            }
          ]
        }
      ]
    },
    "Planning Time": 0.179,
    "Triggers": [],
    "Execution Time": 185.87
  }
]