[
  {
    "Plan": {
      "Node Type": "Aggregate",
      "Strategy": "Plain",
      "Partial Mode": "Finalize",
      "Parallel Aware": false,
      "Startup Cost": 304831.83,
      "Total Cost": 304831.84,
      "Plan Rows": 1,
      "Plan Width": 8,
      "Actual Startup Time": 5576.368,
      "Actual Total Time": 5640.977,
      "Actual Rows": 1,
      "Actual Loops": 1,
      "Plans": [
        {
          "Node Type": "Gather",
          "Parent Relationship": "Outer",
          "Parallel Aware": false,
          "Startup Cost": 304831.3,
          "Total Cost": 304831.81,
          "Plan Rows": 5,
          "Plan Width": 8,
          "Actual Startup Time": 5547.225,
          "Actual Total Time": 5640.967,
          "Actual Rows": 6,
          "Actual Loops": 1,
          "Workers Planned": 5,
          "Workers Launched": 5,
          "Single Copy": false,
          "Plans": [
            {
              "Node Type": "Aggregate",
              "Strategy": "Plain",
              "Partial Mode": "Partial",
              "Parent Relationship": "Outer",
              "Parallel Aware": false,
              "Startup Cost": 303831.3,
              "Total Cost": 303831.31,
              "Plan Rows": 1,
              "Plan Width": 8,
              "Actual Startup Time": 5532.762,
              "Actual Total Time": 5532.77,
              "Actual Rows": 1,
              "Actual Loops": 6,
              "Plans": [
                {
                  "Node Type": "Hash Join",
                  "Parent Relationship": "Outer",
                  "Parallel Aware": true,
                  "Join Type": "Inner",
                  "Startup Cost": 95078.03,
                  "Total Cost": 301240.62,
                  "Plan Rows": 1036273,
                  "Plan Width": 0,
                  "Actual Startup Time": 914.071,
                  "Actual Total Time": 4161.735,
                  "Actual Rows": 26230888,
                  "Actual Loops": 6,
                  "Inner Unique": false,
                  "Hash Cond": "(mi.movie_id = t.id)",
                  "Plans": [
                    {
                      "Node Type": "Seq Scan",
                      "Parent Relationship": "Outer",
                      "Parallel Aware": true,
                      "Relation Name": "movie_info",
                      "Alias": "mi",
                      "Startup Cost": 0.0,
                      "Total Cost": 191685.19,
                      "Plan Rows": 2969219,
                      "Plan Width": 4,
                      "Actual Startup Time": 0.036,
                      "Actual Total Time": 354.351,
                      "Actual Rows": 2472620,
                      "Actual Loops": 6
                    },
                    {
                      "Node Type": "Hash",
                      "Parent Relationship": "Inner",
                      "Parallel Aware": true,
                      "Startup Cost": 91519.83,
                      "Total Cost": 91519.83,
                      "Plan Rows": 284656,
                      "Plan Width": 8,
                      "Actual Startup Time": 894.764,
                      "Actual Total Time": 894.77,
                      "Actual Rows": 363703,
                      "Actual Loops": 6,
                      "Hash Buckets": 4194304,
                      "Original Hash Buckets": 1048576,
                      "Hash Batches": 1,
                      "Original Hash Batches": 1,
                      "Peak Memory Usage": 142816,
                      "Plans": [
                        {
                          "Node Type": "Hash Join",
                          "Parent Relationship": "Outer",
                          "Parallel Aware": true,
                          "Join Type": "Inner",
                          "Startup Cost": 45962.36,
                          "Total Cost": 91519.83,
                          "Plan Rows": 284656,
                          "Plan Width": 8,
                          "Actual Startup Time": 209.381,
                          "Actual Total Time": 415.321,
                          "Actual Rows": 363703,
                          "Actual Loops": 6,
                          "Inner Unique": true,
                          "Hash Cond": "(mk.movie_id = t.id)",
                          "Plans": [
                            {
                              "Node Type": "Seq Scan",
                              "Parent Relationship": "Outer",
                              "Parallel Aware": true,
                              "Relation Name": "movie_keyword",
                              "Alias": "mk",
                              "Startup Cost": 0.0,
                              "Total Cost": 42695.65,
                              "Plan Rows": 1090218,
                              "Plan Width": 4,
                              "Actual Startup Time": 0.021,
                              "Actual Total Time": 120.255,
                              "Actual Rows": 562874,
                              "Actual Loops": 6,
                              "Filter": "(keyword_id < 16264)",
                              "Rows Removed by Filter": 191114
                            },
                            {
                              "Node Type": "Hash",
                              "Parent Relationship": "Inner",
                              "Parallel Aware": true,
                              "Startup Cost": 43899.32,
                              "Total Cost": 43899.32,
                              "Plan Rows": 165043,
                              "Plan Width": 4,
                              "Actual Startup Time": 171.019,
                              "Actual Total Time": 171.02,
                              "Actual Rows": 110471,
                              "Actual Loops": 6,
                              "Hash Buckets": 1048576,
                              "Original Hash Buckets": 1048576,
                              "Hash Batches": 1,
                              "Original Hash Batches": 1,
                              "Peak Memory Usage": 34208,
                              "Plans": [
                                {
                                  "Node Type": "Seq Scan",
                                  "Parent Relationship": "Outer",
                                  "Parallel Aware": true,
                                  "Relation Name": "title",
                                  "Alias": "t",
                                  "Startup Cost": 0.0,
                                  "Total Cost": 43899.32,
                                  "Plan Rows": 165043,
                                  "Plan Width": 4,
                                  "Actual Startup Time": 43.785,
                                  "Actual Total Time": 91.865,
                                  "Actual Rows": 110471,
                                  "Actual Loops": 6,
                                  "Filter": "(kind_id = 1)",
                                  "Rows Removed by Filter": 310914
                                }
                              ]
                            }
                          ]
                        }
                      ]
                    }
                  ]
                }
              ]
            }
          ]
        }
      ]
    },
    "Planning Time": 0.502,
    "Triggers": [],
    "Execution Time": 5641.033
  }
]