[
  {
    "Plan": {
      "Node Type": "Aggregate",
      "Strategy": "Plain",
      "Partial Mode": "Finalize",
      "Parallel Aware": false,
      "Startup Cost": 46784.03,
      "Total Cost": 46784.04,
      "Plan Rows": 1,
      "Plan Width": 8,
      "Actual Startup Time": 103.402,
      "Actual Total Time": 115.919,
      "Actual Rows": 1,
      "Actual Loops": 1,
      "Plans": [
        {
          "Node Type": "Gather",
          "Parent Relationship": "Outer",
          "Parallel Aware": false,
          "Startup Cost": 46783.61,
          "Total Cost": 46784.02,
          "Plan Rows": 4,
          "Plan Width": 8,
          "Actual Startup Time": 103.215,
          "Actual Total Time": 115.91,
          "Actual Rows": 5,
          "Actual Loops": 1,
          "Workers Planned": 4,
          "Workers Launched": 4,
          "Single Copy": false,
          "Plans": [
            {
              "Node Type": "Aggregate",
              "Strategy": "Plain",
              "Partial Mode": "Partial",
              "Parent Relationship": "Outer",
              "Parallel Aware": false,
              "Startup Cost": 45783.61,
              "Total Cost": 45783.62,
              "Plan Rows": 1,
              "Plan Width": 8,
              "Actual Startup Time": 96.442,
              "Actual Total Time": 96.444,
              "Actual Rows": 1,
              "Actual Loops": 5,
              "Plans": [
                {
                  "Node Type": "Seq Scan",
                  "Parent Relationship": "Outer",
                  "Parallel Aware": true,
                  "Relation Name": "title",
                  "Alias": "t",
                  "Startup Cost": 0.0,
                  "Total Cost": 45479.59,
                  "Plan Rows": 121610,
                  "Plan Width": 0,
                  "Actual Startup Time": 0.043,
                  "Actual Total Time": 90.801,
                  "Actual Rows": 114055,
                  "Actual Loops": 5,
                  "Filter": "((kind_id < 4) AND (production_year < 2006))",
                  "Rows Removed by Filter": 391607
                }
              ]
            }
          ]
        }
      ]
    },
    "Planning Time": 0.183,
    "Triggers": [],
    "Execution Time": 115.977
  }
]