{
  "Plan": {
    "Node Type": "Aggregate",
    "Strategy": "Plain",
    "Partial Mode": "Finalize",
    "Parallel Aware": false,
    "Startup Cost": 418698.96,
    "Total Cost": 418698.97,
    "Plan Rows": 1,
    "Plan Width": 8,
    "Actual Startup Time": 1099.354,
    "Actual Total Time": 1118.324,
    "Actual Rows": 1,
    "Actual Loops": 1,
    "Plans": [
      {
        "Node Type": "Gather",
        "Parent Relationship": "Outer",
        "Parallel Aware": false,
        "Startup Cost": 418698.85,
        "Total Cost": 418698.96,
        "Plan Rows": 1,
        "Plan Width": 8,
        "Actual Startup Time": 1096.527,
        "Actual Total Time": 1118.318,
        "Actual Rows": 2,
        "Actual Loops": 1,
        "Workers Planned": 1,
        "Workers Launched": 1,
        "Single Copy": false,
        "Plans": [
          {
            "Node Type": "Aggregate",
            "Strategy": "Plain",
            "Partial Mode": "Partial",
            "Parent Relationship": "Outer",
            "Parallel Aware": false,
            "Startup Cost": 417698.85,
            "Total Cost": 417698.86,
            "Plan Rows": 1,
            "Plan Width": 8,
            "Actual Startup Time": 1087.87,
            "Actual Total Time": 1087.874,
            "Actual Rows": 1,
            "Actual Loops": 2,
            "Plans": [
              {
                "Node Type": "Hash Join",
                "Parent Relationship": "Outer",
                "Parallel Aware": true,
                "Join Type": "Inner",
                "Startup Cost": 135422.19,
                "Total Cost": 415454.41,
                "Plan Rows": 897774,
                "Plan Width": 0,
                "Actual Startup Time": 434.761,
                "Actual Total Time": 1055.445,
                "Actual Rows": 757526,
                "Actual Loops": 2,
                "Inner Unique": true,
                "Hash Cond": "(ci.movie_id = t.id)",
                "Plans": [
                  {
                    "Node Type": "Bitmap Heap Scan",
                    "Parent Relationship": "Outer",
                    "Parallel Aware": true,
                    "Relation Name": "cast_info",
                    "Alias": "ci",
                    "Startup Cost": 67884.28,
                    "Total Cost": 343170.62,
                    "Plan Rows": 1807948,
                    "Plan Width": 4,
                    "Actual Startup Time": 103.383,
                    "Actual Total Time": 256.862,
                    "Actual Rows": 1570712,
                    "Actual Loops": 2,
                    "Recheck Cond": "(person_id < 304287)",
                    "Rows Removed by Index Recheck": 0,
                    "Exact Heap Blocks": 17152,
                    "Lossy Heap Blocks": 0,
                    "Plans": [
                      {
                        "Node Type": "Bitmap Index Scan",
                        "Parent Relationship": "Outer",
                        "Parallel Aware": false,
                        "Index Name": "person_id_cast_info",
                        "Startup Cost": 0.0,
                        "Total Cost": 67115.9,
                        "Plan Rows": 3073511,
                        "Plan Width": 0,
                        "Actual Startup Time": 97.995,
                        "Actual Total Time": 97.996,
                        "Actual Rows": 3141423,
                        "Actual Loops": 1,
                        "Index Cond": "(person_id < 304287)"
                      }
                    ]
                  },
                  {
                    "Node Type": "Hash",
                    "Parent Relationship": "Inner",
                    "Parallel Aware": true,
                    "Startup Cost": 58306.47,
                    "Total Cost": 58306.47,
                    "Plan Rows": 738516,
                    "Plan Width": 4,
                    "Actual Startup Time": 316.641,
                    "Actual Total Time": 316.641,
                    "Actual Rows": 610767,
                    "Actual Loops": 2,
                    "Hash Buckets": 2097152,
                    "Original Hash Buckets": 2097152,
                    "Hash Batches": 1,
                    "Original Hash Batches": 1,
                    "Peak Memory Usage": 64192,
                    "Plans": [
                      {
                        "Node Type": "Seq Scan",
                        "Parent Relationship": "Outer",
                        "Parallel Aware": true,
                        "Relation Name": "title",
                        "Alias": "t",
                        "Startup Cost": 0.0,
                        "Total Cost": 58306.47,
                        "Plan Rows": 738516,
                        "Plan Width": 4,
                        "Actual Startup Time": 0.029,
                        "Actual Total Time": 158.695,
                        "Actual Rows": 610767,
                        "Actual Loops": 2,
                        "Filter": "((production_year < 2011) AND (kind_id = 7))",
                        "Rows Removed by Filter": 653389
                      }
                    ]
                  }
                ]
              }
            ]
          }
        ]
      }
    ]
  },
  "Planning Time": 0.719,
  "Triggers": [],
  "Execution Time": 1118.419
}