{
  "Plan": {
    "Node Type": "Aggregate",
    "Strategy": "Plain",
    "Partial Mode": "Finalize",
    "Parallel Aware": false,
    "Startup Cost": 104093.03,
    "Total Cost": 104093.04,
    "Plan Rows": 1,
    "Plan Width": 8,
    "Actual Startup Time": 587.471,
    "Actual Total Time": 646.87,
    "Actual Rows": 1,
    "Actual Loops": 1,
    "Plans": [
      {
        "Node Type": "Gather",
        "Parent Relationship": "Outer",
        "Parallel Aware": false,
        "Startup Cost": 104092.92,
        "Total Cost": 104093.03,
        "Plan Rows": 1,
        "Plan Width": 8,
        "Actual Startup Time": 586.779,
        "Actual Total Time": 646.861,
        "Actual Rows": 2,
        "Actual Loops": 1,
        "Workers Planned": 1,
        "Workers Launched": 1,
        "Single Copy": false,
        "Plans": [
          {
            "Node Type": "Aggregate",
            "Strategy": "Plain",
            "Partial Mode": "Partial",
            "Parent Relationship": "Outer",
            "Parallel Aware": false,
            "Startup Cost": 103092.92,
            "Total Cost": 103092.93,
            "Plan Rows": 1,
            "Plan Width": 8,
            "Actual Startup Time": 580.951,
            "Actual Total Time": 580.955,
            "Actual Rows": 1,
            "Actual Loops": 2,
            "Plans": [
              {
                "Node Type": "Nested Loop",
                "Parent Relationship": "Outer",
                "Parallel Aware": false,
                "Join Type": "Inner",
                "Startup Cost": 58678.1,
                "Total Cost": 103051.28,
                "Plan Rows": 16654,
                "Plan Width": 0,
                "Actual Startup Time": 151.054,
                "Actual Total Time": 578.122,
                "Actual Rows": 49786,
                "Actual Loops": 2,
                "Inner Unique": false,
                "Join Filter": "(t.id = ci.movie_id)",
                "Rows Removed by Join Filter": 0,
                "Plans": [
                  {
                    "Node Type": "Hash Join",
                    "Parent Relationship": "Outer",
                    "Parallel Aware": true,
                    "Join Type": "Inner",
                    "Startup Cost": 58677.53,
                    "Total Cost": 77471.65,
                    "Plan Rows": 5412,
                    "Plan Width": 8,
                    "Actual Startup Time": 150.955,
                    "Actual Total Time": 235.234,
                    "Actual Rows": 6622,
                    "Actual Loops": 2,
                    "Inner Unique": true,
                    "Hash Cond": "(mi_idx.movie_id = t.id)",
                    "Plans": [
                      {
                        "Node Type": "Seq Scan",
                        "Parent Relationship": "Outer",
                        "Parallel Aware": true,
                        "Relation Name": "movie_info_idx",
                        "Alias": "mi_idx",
                        "Startup Cost": 0.0,
                        "Total Cost": 18082.32,
                        "Plan Rows": 271164,
                        "Plan Width": 4,
                        "Actual Startup Time": 0.036,
                        "Actual Total Time": 50.294,
                        "Actual Rows": 230092,
                        "Actual Loops": 2,
                        "Filter": "(info_type_id > 100)",
                        "Rows Removed by Filter": 459925
                      },
                      {
                        "Node Type": "Hash",
                        "Parent Relationship": "Inner",
                        "Parallel Aware": true,
                        "Startup Cost": 58306.47,
                        "Total Cost": 58306.47,
                        "Plan Rows": 29685,
                        "Plan Width": 4,
                        "Actual Startup Time": 149.516,
                        "Actual Total Time": 149.516,
                        "Actual Rows": 22006,
                        "Actual Loops": 2,
                        "Hash Buckets": 65536,
                        "Original Hash Buckets": 65536,
                        "Hash Batches": 1,
                        "Original Hash Batches": 1,
                        "Peak Memory Usage": 2272,
                        "Plans": [
                          {
                            "Node Type": "Seq Scan",
                            "Parent Relationship": "Outer",
                            "Parallel Aware": true,
                            "Relation Name": "title",
                            "Alias": "t",
                            "Startup Cost": 0.0,
                            "Total Cost": 58306.47,
                            "Plan Rows": 29685,
                            "Plan Width": 4,
                            "Actual Startup Time": 0.177,
                            "Actual Total Time": 142.304,
                            "Actual Rows": 22006,
                            "Actual Loops": 2,
                            "Filter": "((kind_id < 7) AND (production_year = 2009))",
                            "Rows Removed by Filter": 1242150
                          }
                        ]
                      }
                    ]
                  },
                  {
                    "Node Type": "Index Scan",
                    "Parent Relationship": "Inner",
                    "Parallel Aware": false,
                    "Scan Direction": "Forward",
                    "Index Name": "movie_id_cast_info",
                    "Relation Name": "cast_info",
                    "Alias": "ci",
                    "Startup Cost": 0.56,
                    "Total Cost": 4.63,
                    "Plan Rows": 8,
                    "Plan Width": 4,
                    "Actual Startup Time": 0.041,
                    "Actual Total Time": 0.051,
                    "Actual Rows": 8,
                    "Actual Loops": 13245,
                    "Index Cond": "(movie_id = mi_idx.movie_id)",
                    "Rows Removed by Index Recheck": 0,
                    "Filter": "(role_id > 6)",
                    "Rows Removed by Filter": 21
                  }
                ]
              }
            ]
          }
        ]
      }
    ]
  },
  "Planning Time": 0.876,
  "Triggers": [],
  "Execution Time": 646.967
}