[
  {
    "Plan": {
      "Node Type": "Aggregate",
      "Strategy": "Plain",
      "Partial Mode": "Finalize",
      "Parallel Aware": false,
      "Startup Cost": 338096.02,
      "Total Cost": 338096.03,
      "Plan Rows": 1,
      "Plan Width": 8,
      "Actual Startup Time": 712.938,
      "Actual Total Time": 770.715,
      "Actual Rows": 1,
      "Actual Loops": 1,
      "Plans": [
        {
          "Node Type": "Gather",
          "Parent Relationship": "Outer",
          "Parallel Aware": false,
          "Startup Cost": 338095.4,
          "Total Cost": 338096.01,
          "Plan Rows": 6,
          "Plan Width": 8,
          "Actual Startup Time": 712.83,
          "Actual Total Time": 770.705,
          "Actual Rows": 7,
          "Actual Loops": 1,
          "Workers Planned": 6,
          "Workers Launched": 6,
          "Single Copy": false,
          "Plans": [
            {
              "Node Type": "Aggregate",
              "Strategy": "Plain",
              "Partial Mode": "Partial",
              "Parent Relationship": "Outer",
              "Parallel Aware": false,
              "Startup Cost": 337095.4,
              "Total Cost": 337095.41,
              "Plan Rows": 1,
              "Plan Width": 8,
              "Actual Startup Time": 705.408,
              "Actual Total Time": 705.409,
              "Actual Rows": 1,
              "Actual Loops": 7,
              "Plans": [
                {
                  "Node Type": "Seq Scan",
                  "Parent Relationship": "Outer",
                  "Parallel Aware": true,
                  "Relation Name": "cast_info",
                  "Alias": "ci",
                  "Startup Cost": 0.0,
                  "Total Cost": 328162.03,
                  "Plan Rows": 3573348,
                  "Plan Width": 0,
                  "Actual Startup Time": 156.431,
                  "Actual Total Time": 580.005,
                  "Actual Rows": 3066339,
                  "Actual Loops": 7,
                  "Filter": "(person_id > 1457593)",
                  "Rows Removed by Filter": 2111424
                }
              ]
            }
          ]
        }
      ]
    },
    "Planning Time": 0.198,
    "Triggers": [],
    "Execution Time": 770.788
  }
]