[
  {
    "Plan": {
      "Node Type": "Aggregate",
      "Strategy": "Plain",
      "Partial Mode": "Finalize",
      "Parallel Aware": false,
      "Startup Cost": 91296.95,
      "Total Cost": 91296.96,
      "Plan Rows": 1,
      "Plan Width": 8,
      "Actual Startup Time": 293.639,
      "Actual Total Time": 313.238,
      "Actual Rows": 1,
      "Actual Loops": 1,
      "Plans": [
        {
          "Node Type": "Gather",
          "Parent Relationship": "Outer",
          "Parallel Aware": false,
          "Startup Cost": 91296.63,
          "Total Cost": 91296.94,
          "Plan Rows": 3,
          "Plan Width": 8,
          "Actual Startup Time": 292.113,
          "Actual Total Time": 313.229,
          "Actual Rows": 4,
          "Actual Loops": 1,
          "Workers Planned": 3,
          "Workers Launched": 3,
          "Single Copy": false,
          "Plans": [
            {
              "Node Type": "Aggregate",
              "Strategy": "Plain",
              "Partial Mode": "Partial",
              "Parent Relationship": "Outer",
              "Parallel Aware": false,
              "Startup Cost": 90296.63,
              "Total Cost": 90296.64,
              "Plan Rows": 1,
              "Plan Width": 8,
              "Actual Startup Time": 287.23,
              "Actual Total Time": 287.29,
              "Actual Rows": 1,
              "Actual Loops": 4,
              "Plans": [
                {
                  "Node Type": "Hash Join",
                  "Parent Relationship": "Outer",
                  "Parallel Aware": true,
                  "Join Type": "Inner",
                  "Startup Cost": 46210.4,
                  "Total Cost": 90183.98,
                  "Plan Rows": 45060,
                  "Plan Width": 0,
                  "Actual Startup Time": 129.338,
                  "Actual Total Time": 282.069,
                  "Actual Rows": 117552,
                  "Actual Loops": 4,
                  "Inner Unique": true,
                  "Hash Cond": "(mk.movie_id = t.id)",
                  "Plans": [
                    {
                      "Node Type": "Seq Scan",
                      "Parent Relationship": "Outer",
                      "Parallel Aware": true,
                      "Relation Name": "movie_keyword",
                      "Alias": "mk",
                      "Startup Cost": 0.0,
                      "Total Cost": 42695.65,
                      "Plan Rows": 486831,
                      "Plan Width": 4,
                      "Actual Startup Time": 0.026,
                      "Actual Total Time": 100.572,
                      "Actual Rows": 381871,
                      "Actual Loops": 4,
                      "Filter": "(keyword_id < 2217)",
                      "Rows Removed by Filter": 749112
                    },
                    {
                      "Node Type": "Hash",
                      "Parent Relationship": "Inner",
                      "Parallel Aware": true,
                      "Startup Cost": 45479.1,
                      "Total Cost": 45479.1,
                      "Plan Rows": 58504,
                      "Plan Width": 4,
                      "Actual Startup Time": 127.574,
                      "Actual Total Time": 127.575,
                      "Actual Rows": 87411,
                      "Actual Loops": 4,
                      "Hash Buckets": 524288,
                      "Original Hash Buckets": 262144,
                      "Hash Batches": 1,
                      "Original Hash Batches": 1,
                      "Peak Memory Usage": 19872,
                      "Plans": [
                        {
                          "Node Type": "Seq Scan",
                          "Parent Relationship": "Outer",
                          "Parallel Aware": true,
                          "Relation Name": "title",
                          "Alias": "t",
                          "Startup Cost": 0.0,
                          "Total Cost": 45479.1,
                          "Plan Rows": 58504,
                          "Plan Width": 4,
                          "Actual Startup Time": 0.049,
                          "Actual Total Time": 94.42,
                          "Actual Rows": 87411,
                          "Actual Loops": 4,
                          "Filter": "((kind_id < 7) AND (production_year < 1986))",
                          "Rows Removed by Filter": 544667
                        }
                      ]
                    }
                  ]
                }
              ]
            }
          ]
        }
      ]
    },
    "Planning Time": 0.372,
    "Triggers": [],
    "Execution Time": 313.292
  }
]