{
  "Plan": {
    "Node Type": "Aggregate",
    "Strategy": "Plain",
    "Partial Mode": "Finalize",
    "Parallel Aware": false,
    "Startup Cost": 361767.85,
    "Total Cost": 361767.86,
    "Plan Rows": 1,
    "Plan Width": 8,
    "Actual Startup Time": 2341.608,
    "Actual Total Time": 2390.93,
    "Actual Rows": 1,
    "Actual Loops": 1,
    "Plans": [
      {
        "Node Type": "Gather",
        "Parent Relationship": "Outer",
        "Parallel Aware": false,
        "Startup Cost": 361767.73,
        "Total Cost": 361767.84,
        "Plan Rows": 1,
        "Plan Width": 8,
        "Actual Startup Time": 2337.728,
        "Actual Total Time": 2390.92,
        "Actual Rows": 2,
        "Actual Loops": 1,
        "Workers Planned": 1,
        "Workers Launched": 1,
        "Single Copy": false,
        "Plans": [
          {
            "Node Type": "Aggregate",
            "Strategy": "Plain",
            "Partial Mode": "Partial",
            "Parent Relationship": "Outer",
            "Parallel Aware": false,
            "Startup Cost": 360767.73,
            "Total Cost": 360767.74,
            "Plan Rows": 1,
            "Plan Width": 8,
            "Actual Startup Time": 2330.627,
            "Actual Total Time": 2330.63,
            "Actual Rows": 1,
            "Actual Loops": 2,
            "Plans": [
              {
                "Node Type": "Hash Join",
                "Parent Relationship": "Outer",
                "Parallel Aware": true,
                "Join Type": "Inner",
                "Startup Cost": 65896.2,
                "Total Cost": 351900.15,
                "Plan Rows": 3547034,
                "Plan Width": 0,
                "Actual Startup Time": 425.945,
                "Actual Total Time": 2230.544,
                "Actual Rows": 2550976,
                "Actual Loops": 2,
                "Inner Unique": true,
                "Hash Cond": "(mi.movie_id = t.id)",
                "Plans": [
                  {
                    "Node Type": "Seq Scan",
                    "Parent Relationship": "Outer",
                    "Parallel Aware": true,
                    "Relation Name": "movie_info",
                    "Alias": "mi",
                    "Startup Cost": 0.0,
                    "Total Cost": 270696.42,
                    "Plan Rows": 5831431,
                    "Plan Width": 4,
                    "Actual Startup Time": 35.106,
                    "Actual Total Time": 732.082,
                    "Actual Rows": 4955877,
                    "Actual Loops": 2,
                    "Filter": "(info_type_id > 4)",
                    "Rows Removed by Filter": 2461983
                  },
                  {
                    "Node Type": "Hash",
                    "Parent Relationship": "Inner",
                    "Parallel Aware": true,
                    "Startup Cost": 54588.39,
                    "Total Cost": 54588.39,
                    "Plan Rows": 904625,
                    "Plan Width": 4,
                    "Actual Startup Time": 376.355,
                    "Actual Total Time": 376.357,
                    "Actual Rows": 765806,
                    "Actual Loops": 2,
                    "Hash Buckets": 2097152,
                    "Original Hash Buckets": 2097152,
                    "Hash Batches": 1,
                    "Original Hash Batches": 1,
                    "Peak Memory Usage": 76352,
                    "Plans": [
                      {
                        "Node Type": "Seq Scan",
                        "Parent Relationship": "Outer",
                        "Parallel Aware": true,
                        "Relation Name": "title",
                        "Alias": "t",
                        "Startup Cost": 0.0,
                        "Total Cost": 54588.39,
                        "Plan Rows": 904625,
                        "Plan Width": 4,
                        "Actual Startup Time": 0.031,
                        "Actual Total Time": 170.521,
                        "Actual Rows": 765806,
                        "Actual Loops": 2,
                        "Filter": "(production_year > 1997)",
                        "Rows Removed by Filter": 498350
                      }
                    ]
                  }
                ]
              }
            ]
          }
        ]
      }
    ]
  },
  "Planning Time": 0.585,
  "Triggers": [],
  "Execution Time": 2391.003
}