[
  {
    "Plan": {
      "Node Type": "Aggregate",
      "Strategy": "Plain",
      "Partial Mode": "Finalize",
      "Parallel Aware": false,
      "Startup Cost": 46535.69,
      "Total Cost": 46535.7,
      "Plan Rows": 1,
      "Plan Width": 8,
      "Actual Startup Time": 168.979,
      "Actual Total Time": 177.714,
      "Actual Rows": 1,
      "Actual Loops": 1,
      "Plans": [
        {
          "Node Type": "Gather",
          "Parent Relationship": "Outer",
          "Parallel Aware": false,
          "Startup Cost": 46535.37,
          "Total Cost": 46535.68,
          "Plan Rows": 3,
          "Plan Width": 8,
          "Actual Startup Time": 168.802,
          "Actual Total Time": 177.703,
          "Actual Rows": 4,
          "Actual Loops": 1,
          "Workers Planned": 3,
          "Workers Launched": 3,
          "Single Copy": false,
          "Plans": [
            {
              "Node Type": "Aggregate",
              "Strategy": "Plain",
              "Partial Mode": "Partial",
              "Parent Relationship": "Outer",
              "Parallel Aware": false,
              "Startup Cost": 45535.37,
              "Total Cost": 45535.38,
              "Plan Rows": 1,
              "Plan Width": 8,
              "Actual Startup Time": 161.948,
              "Actual Total Time": 161.95,
              "Actual Rows": 1,
              "Actual Loops": 4,
              "Plans": [
                {
                  "Node Type": "Seq Scan",
                  "Parent Relationship": "Outer",
                  "Parallel Aware": true,
                  "Relation Name": "movie_keyword",
                  "Alias": "mk",
                  "Startup Cost": 0.0,
                  "Total Cost": 42695.65,
                  "Plan Rows": 1135888,
                  "Plan Width": 0,
                  "Actual Startup Time": 0.049,
                  "Actual Total Time": 122.042,
                  "Actual Rows": 879744,
                  "Actual Loops": 4,
                  "Filter": "(keyword_id < 18357)",
                  "Rows Removed by Filter": 251238
                }
              ]
            }
          ]
        }
      ]
    },
    "Planning Time": 0.086,
    "Triggers": [],
    "Execution Time": 177.743
  }
]