[
  {
    "Plan": {
      "Node Type": "Aggregate",
      "Strategy": "Plain",
      "Partial Mode": "Finalize",
      "Parallel Aware": false,
      "Startup Cost": 46532.73,
      "Total Cost": 46532.74,
      "Plan Rows": 1,
      "Plan Width": 8,
      "Actual Startup Time": 176.062,
      "Actual Total Time": 186.006,
      "Actual Rows": 1,
      "Actual Loops": 1,
      "Plans": [
        {
          "Node Type": "Gather",
          "Parent Relationship": "Outer",
          "Parallel Aware": false,
          "Startup Cost": 46532.41,
          "Total Cost": 46532.72,
          "Plan Rows": 3,
          "Plan Width": 8,
          "Actual Startup Time": 175.93,
          "Actual Total Time": 185.998,
          "Actual Rows": 4,
          "Actual Loops": 1,
          "Workers Planned": 3,
          "Workers Launched": 3,
          "Single Copy": false,
          "Plans": [
            {
              "Node Type": "Aggregate",
              "Strategy": "Plain",
              "Partial Mode": "Partial",
              "Parent Relationship": "Outer",
              "Parallel Aware": false,
              "Startup Cost": 45532.41,
              "Total Cost": 45532.42,
              "Plan Rows": 1,
              "Plan Width": 8,
              "Actual Startup Time": 169.349,
              "Actual Total Time": 169.351,
              "Actual Rows": 1,
              "Actual Loops": 4,
              "Plans": [
                {
                  "Node Type": "Seq Scan",
                  "Parent Relationship": "Outer",
                  "Parallel Aware": true,
                  "Relation Name": "movie_keyword",
                  "Alias": "mk",
                  "Startup Cost": 0.0,
                  "Total Cost": 42695.65,
                  "Plan Rows": 1134703,
                  "Plan Width": 0,
                  "Actual Startup Time": 0.053,
                  "Actual Total Time": 128.231,
                  "Actual Rows": 879744,
                  "Actual Loops": 4,
                  "Filter": "(keyword_id < 18357)",
                  "Rows Removed by Filter": 251238
                }
              ]
            }
          ]
        }
      ]
    },
    "Planning Time": 0.181,
    "Triggers": [],
    "Execution Time": 186.061
  }
]