{
  "Plan": {
    "Node Type": "Aggregate",
    "Strategy": "Plain",
    "Partial Mode": "Finalize",
    "Parallel Aware": false,
    "Startup Cost": 623335.38,
    "Total Cost": 623335.39,
    "Plan Rows": 1,
    "Plan Width": 8,
    "Actual Startup Time": 2042.319,
    "Actual Total Time": 2080.887,
    "Actual Rows": 1,
    "Actual Loops": 1,
    "Plans": [
      {
        "Node Type": "Gather",
        "Parent Relationship": "Outer",
        "Parallel Aware": false,
        "Startup Cost": 623335.27,
        "Total Cost": 623335.38,
        "Plan Rows": 1,
        "Plan Width": 8,
        "Actual Startup Time": 2040.575,
        "Actual Total Time": 2080.878,
        "Actual Rows": 2,
        "Actual Loops": 1,
        "Workers Planned": 1,
        "Workers Launched": 1,
        "Single Copy": false,
        "Plans": [
          {
            "Node Type": "Aggregate",
            "Strategy": "Plain",
            "Partial Mode": "Partial",
            "Parent Relationship": "Outer",
            "Parallel Aware": false,
            "Startup Cost": 622335.27,
            "Total Cost": 622335.28,
            "Plan Rows": 1,
            "Plan Width": 8,
            "Actual Startup Time": 2034.644,
            "Actual Total Time": 2034.65,
            "Actual Rows": 1,
            "Actual Loops": 2,
            "Plans": [
              {
                "Node Type": "Hash Join",
                "Parent Relationship": "Outer",
                "Parallel Aware": true,
                "Join Type": "Inner",
                "Startup Cost": 578399.98,
                "Total Cost": 621701.93,
                "Plan Rows": 253336,
                "Plan Width": 0,
                "Actual Startup Time": 1693.7,
                "Actual Total Time": 2016.091,
                "Actual Rows": 433760,
                "Actual Loops": 2,
                "Inner Unique": false,
                "Hash Cond": "(mc.movie_id = t.id)",
                "Plans": [
                  {
                    "Node Type": "Seq Scan",
                    "Parent Relationship": "Outer",
                    "Parallel Aware": true,
                    "Relation Name": "movie_companies",
                    "Alias": "mc",
                    "Startup Cost": 0.0,
                    "Total Cost": 34137.82,
                    "Plan Rows": 1534782,
                    "Plan Width": 4,
                    "Actual Startup Time": 0.016,
                    "Actual Total Time": 99.869,
                    "Actual Rows": 1304564,
                    "Actual Loops": 2
                  },
                  {
                    "Node Type": "Hash",
                    "Parent Relationship": "Inner",
                    "Parallel Aware": true,
                    "Startup Cost": 575331.38,
                    "Total Cost": 575331.38,
                    "Plan Rows": 245488,
                    "Plan Width": 8,
                    "Actual Startup Time": 1689.459,
                    "Actual Total Time": 1689.464,
                    "Actual Rows": 218590,
                    "Actual Loops": 2,
                    "Hash Buckets": 524288,
                    "Original Hash Buckets": 524288,
                    "Hash Batches": 1,
                    "Original Hash Batches": 1,
                    "Peak Memory Usage": 21216,
                    "Plans": [
                      {
                        "Node Type": "Hash Join",
                        "Parent Relationship": "Outer",
                        "Parallel Aware": true,
                        "Join Type": "Inner",
                        "Startup Cost": 245929.28,
                        "Total Cost": 575331.38,
                        "Plan Rows": 245488,
                        "Plan Width": 8,
                        "Actual Startup Time": 571.077,
                        "Actual Total Time": 1628.112,
                        "Actual Rows": 218590,
                        "Actual Loops": 2,
                        "Inner Unique": true,
                        "Hash Cond": "(ci.movie_id = t.id)",
                        "Plans": [
                          {
                            "Node Type": "Bitmap Heap Scan",
                            "Parent Relationship": "Outer",
                            "Parallel Aware": true,
                            "Relation Name": "cast_info",
                            "Alias": "ci",
                            "Startup Cost": 190441.11,
                            "Total Cost": 506529.01,
                            "Plan Rows": 5072072,
                            "Plan Width": 4,
                            "Actual Startup Time": 422.358,
                            "Actual Total Time": 884.38,
                            "Actual Rows": 4373334,
                            "Actual Loops": 2,
                            "Recheck Cond": "(person_id < 861526)",
                            "Rows Removed by Index Recheck": 0,
                            "Exact Heap Blocks": 50626,
                            "Lossy Heap Blocks": 0,
                            "Plans": [
                              {
                                "Node Type": "Bitmap Index Scan",
                                "Parent Relationship": "Outer",
                                "Parallel Aware": false,
                                "Index Name": "person_id_cast_info",
                                "Startup Cost": 0.0,
                                "Total Cost": 188285.48,
                                "Plan Rows": 8622522,
                                "Plan Width": 0,
                                "Actual Startup Time": 406.385,
                                "Actual Total Time": 406.385,
                                "Actual Rows": 8746668,
                                "Actual Loops": 1,
                                "Index Cond": "(person_id < 861526)"
                              }
                            ]
                          },
                          {
                            "Node Type": "Hash",
                            "Parent Relationship": "Inner",
                            "Parallel Aware": true,
                            "Startup Cost": 54588.39,
                            "Total Cost": 54588.39,
                            "Plan Rows": 71982,
                            "Plan Width": 4,
                            "Actual Startup Time": 147.921,
                            "Actual Total Time": 147.922,
                            "Actual Rows": 61430,
                            "Actual Loops": 2,
                            "Hash Buckets": 131072,
                            "Original Hash Buckets": 131072,
                            "Hash Batches": 1,
                            "Original Hash Batches": 1,
                            "Peak Memory Usage": 5856,
                            "Plans": [
                              {
                                "Node Type": "Seq Scan",
                                "Parent Relationship": "Outer",
                                "Parallel Aware": true,
                                "Relation Name": "title",
                                "Alias": "t",
                                "Startup Cost": 0.0,
                                "Total Cost": 54588.39,
                                "Plan Rows": 71982,
                                "Plan Width": 4,
                                "Actual Startup Time": 0.031,
                                "Actual Total Time": 131.965,
                                "Actual Rows": 61430,
                                "Actual Loops": 2,
                                "Filter": "(production_year = 2008)",
                                "Rows Removed by Filter": 1202726
                              }
                            ]
                          }
                        ]
                      }
                    ]
                  }
                ]
              }
            ]
          }
        ]
      }
    ]
  },
  "Planning Time": 0.45,
  "Triggers": [],
  "Execution Time": 2080.953
}