{
  "Plan": {
    "Node Type": "Aggregate",
    "Strategy": "Plain",
    "Partial Mode": "Simple",
    "Parallel Aware": false,
    "Startup Cost": 20000395915.18,
    "Total Cost": 20000395915.19,
    "Plan Rows": 1,
    "Plan Width": 64,
    "Actual Startup Time": 3424.242,
    "Actual Total Time": 3493.166,
    "Actual Rows": 1,
    "Actual Loops": 1,
    "Plans": [
      {
        "Node Type": "Gather",
        "Parent Relationship": "Outer",
        "Parallel Aware": false,
        "Startup Cost": 20000166503.18,
        "Total Cost": 20000395915.18,
        "Plan Rows": 1,
        "Plan Width": 23,
        "Actual Startup Time": 3295.115,
        "Actual Total Time": 3492.287,
        "Actual Rows": 5322,
        "Actual Loops": 1,
        "Workers Planned": 5,
        "Workers Launched": 5,
        "Single Copy": false,
        "Plans": [
          {
            "Node Type": "Nested Loop",
            "Parent Relationship": "Outer",
            "Parallel Aware": false,
            "Join Type": "Inner",
            "Startup Cost": 20000165503.18,
            "Total Cost": 20000394915.08,
            "Plan Rows": 1,
            "Plan Width": 23,
            "Actual Startup Time": 3282.135,
            "Actual Total Time": 3406.668,
            "Actual Rows": 887,
            "Actual Loops": 6,
            "Inner Unique": true,
            "Plans": [
              {
                "Node Type": "Hash Join",
                "Parent Relationship": "Outer",
                "Parallel Aware": true,
                "Join Type": "Inner",
                "Startup Cost": 20000165503.03,
                "Total Cost": 20000394914.89,
                "Plan Rows": 1,
                "Plan Width": 27,
                "Actual Startup Time": 2643.48,
                "Actual Total Time": 3404.609,
                "Actual Rows": 1244,
                "Actual Loops": 6,
                "Inner Unique": false,
                "Hash Cond": "(mi.movie_id = t.id)",
                "Plans": [
                  {
                    "Node Type": "Seq Scan",
                    "Parent Relationship": "Outer",
                    "Parallel Aware": true,
                    "Relation Name": "movie_info",
                    "Alias": "mi",
                    "Startup Cost": 0.0,
                    "Total Cost": 228901.28,
                    "Plan Rows": 136153,
                    "Plan Width": 8,
                    "Actual Startup Time": 0.29,
                    "Actual Total Time": 756.822,
                    "Actual Rows": 117779,
                    "Actual Loops": 6,
                    "Filter": "(info = ANY ('{Sweden,Norway,Germany,Denmark,Swedish,Denish,Norwegian,German,USA,American}'::text[]))",
                    "Rows Removed by Filter": 2354841
                  },
                  {
                    "Node Type": "Hash",
                    "Parent Relationship": "Inner",
                    "Parallel Aware": true,
                    "Startup Cost": 20000165503.02,
                    "Total Cost": 20000165503.02,
                    "Plan Rows": 1,
                    "Plan Width": 35,
                    "Actual Startup Time": 2631.603,
                    "Actual Total Time": 2631.614,
                    "Actual Rows": 1345,
                    "Actual Loops": 6,
                    "Hash Buckets": 8192,
                    "Original Hash Buckets": 1024,
                    "Hash Batches": 1,
                    "Original Hash Batches": 1,
                    "Peak Memory Usage": 760,
                    "Plans": [
                      {
                        "Node Type": "Nested Loop",
                        "Parent Relationship": "Outer",
                        "Parallel Aware": false,
                        "Join Type": "Inner",
                        "Startup Cost": 20000075120.5,
                        "Total Cost": 20000165503.02,
                        "Plan Rows": 1,
                        "Plan Width": 35,
                        "Actual Startup Time": 607.176,
                        "Actual Total Time": 2096.652,
                        "Actual Rows": 1345,
                        "Actual Loops": 6,
                        "Inner Unique": true,
                        "Plans": [
                          {
                            "Node Type": "Nested Loop",
                            "Parent Relationship": "Outer",
                            "Parallel Aware": false,
                            "Join Type": "Inner",
                            "Startup Cost": 20000075120.35,
                            "Total Cost": 20000165502.19,
                            "Plan Rows": 5,
                            "Plan Width": 39,
                            "Actual Startup Time": 606.862,
                            "Actual Total Time": 2091.178,
                            "Actual Rows": 3945,
                            "Actual Loops": 6,
                            "Inner Unique": true,
                            "Plans": [
                              {
                                "Node Type": "Nested Loop",
                                "Parent Relationship": "Outer",
                                "Parallel Aware": false,
                                "Join Type": "Inner",
                                "Startup Cost": 10000075119.93,
                                "Total Cost": 10000153492.5,
                                "Plan Rows": 27062,
                                "Plan Width": 43,
                                "Actual Startup Time": 605.283,
                                "Actual Total Time": 966.259,
                                "Actual Rows": 429659,
                                "Actual Loops": 6,
                                "Inner Unique": false,
                                "Join Filter": "(t.id = mk.movie_id)",
                                "Rows Removed by Join Filter": 0,
                                "Plans": [
                                  {
                                    "Node Type": "Merge Join",
                                    "Parent Relationship": "Outer",
                                    "Parallel Aware": false,
                                    "Join Type": "Inner",
                                    "Startup Cost": 75119.5,
                                    "Total Cost": 124019.48,
                                    "Plan Rows": 15125,
                                    "Plan Width": 35,
                                    "Actual Startup Time": 605.156,
                                    "Actual Total Time": 752.341,
                                    "Actual Rows": 33010,
                                    "Actual Loops": 6,
                                    "Inner Unique": false,
                                    "Merge Cond": "(mi_idx.movie_id = t.id)",
                                    "Plans": [
                                      {
                                        "Node Type": "Index Scan",
                                        "Parent Relationship": "Outer",
                                        "Parallel Aware": true,
                                        "Scan Direction": "Forward",
                                        "Index Name": "movie_id_movie_info_idx",
                                        "Relation Name": "movie_info_idx",
                                        "Alias": "mi_idx",
                                        "Startup Cost": 0.43,
                                        "Total Cost": 47010.07,
                                        "Plan Rows": 558940,
                                        "Plan Width": 14,
                                        "Actual Startup Time": 0.111,
                                        "Actual Total Time": 65.605,
                                        "Actual Rows": 222939,
                                        "Actual Loops": 6,
                                        "Filter": "(info < '8.5'::text)",
                                        "Rows Removed by Filter": 7067
                                      },
                                      {
                                        "Node Type": "Sort",
                                        "Parent Relationship": "Inner",
                                        "Parallel Aware": false,
                                        "Startup Cost": 75119.06,
                                        "Total Cost": 75290.12,
                                        "Plan Rows": 68423,
                                        "Plan Width": 21,
                                        "Actual Startup Time": 575.721,
                                        "Actual Total Time": 629.503,
                                        "Actual Rows": 282045,
                                        "Actual Loops": 6,
                                        "Sort Key": [
                                          "t.id"
                                        ],
                                        "Sort Method": "quicksort",
                                        "Sort Space Used": 25535,
                                        "Sort Space Type": "Memory",
                                        "Workers": [
                                          {
                                            "Worker Number": 0,
                                            "Sort Method": "quicksort",
                                            "Sort Space Used": 25535,
                                            "Sort Space Type": "Memory"
                                          },
                                          {
                                            "Worker Number": 1,
                                            "Sort Method": "quicksort",
                                            "Sort Space Used": 25535,
                                            "Sort Space Type": "Memory"
                                          },
                                          {
                                            "Worker Number": 2,
                                            "Sort Method": "quicksort",
                                            "Sort Space Used": 25535,
                                            "Sort Space Type": "Memory"
                                          },
                                          {
                                            "Worker Number": 3,
                                            "Sort Method": "quicksort",
                                            "Sort Space Used": 25535,
                                            "Sort Space Type": "Memory"
                                          },
                                          {
                                            "Worker Number": 4,
                                            "Sort Method": "quicksort",
                                            "Sort Space Used": 25535,
                                            "Sort Space Type": "Memory"
                                          }
                                        ],
                                        "Plans": [
                                          {
                                            "Node Type": "Hash Join",
                                            "Parent Relationship": "Outer",
                                            "Parallel Aware": false,
                                            "Join Type": "Inner",
                                            "Startup Cost": 1.1,
                                            "Total Cost": 69623.94,
                                            "Plan Rows": 68423,
                                            "Plan Width": 21,
                                            "Actual Startup Time": 226.023,
                                            "Actual Total Time": 462.26,
                                            "Actual Rows": 261073,
                                            "Actual Loops": 6,
                                            "Inner Unique": true,
                                            "Hash Cond": "(t.kind_id = kt.id)",
                                            "Plans": [
                                              {
                                                "Node Type": "Seq Scan",
                                                "Parent Relationship": "Outer",
                                                "Parallel Aware": false,
                                                "Relation Name": "title",
                                                "Alias": "t",
                                                "Startup Cost": 0.0,
                                                "Total Cost": 67604.36,
                                                "Plan Rows": 478961,
                                                "Plan Width": 25,
                                                "Actual Startup Time": 0.078,
                                                "Actual Total Time": 394.592,
                                                "Actual Rows": 479601,
                                                "Actual Loops": 6,
                                                "Filter": "(production_year < 1978)",
                                                "Rows Removed by Filter": 2048711
                                              },
                                              {
                                                "Node Type": "Hash",
                                                "Parent Relationship": "Inner",
                                                "Parallel Aware": false,
                                                "Startup Cost": 1.09,
                                                "Total Cost": 1.09,
                                                "Plan Rows": 1,
                                                "Plan Width": 4,
                                                "Actual Startup Time": 0.083,
                                                "Actual Total Time": 0.085,
                                                "Actual Rows": 1,
                                                "Actual Loops": 6,
                                                "Hash Buckets": 1024,
                                                "Original Hash Buckets": 1024,
                                                "Hash Batches": 1,
                                                "Original Hash Batches": 1,
                                                "Peak Memory Usage": 9,
                                                "Plans": [
                                                  {
                                                    "Node Type": "Seq Scan",
                                                    "Parent Relationship": "Outer",
                                                    "Parallel Aware": false,
                                                    "Relation Name": "kind_type",
                                                    "Alias": "kt",
                                                    "Startup Cost": 0.0,
                                                    "Total Cost": 1.09,
                                                    "Plan Rows": 1,
                                                    "Plan Width": 4,
                                                    "Actual Startup Time": 0.052,
                                                    "Actual Total Time": 0.057,
                                                    "Actual Rows": 1,
                                                    "Actual Loops": 6,
                                                    "Filter": "((kind)::text = 'movie'::text)",
                                                    "Rows Removed by Filter": 6
                                                  }
                                                ]
                                              }
                                            ]
                                          }
                                        ]
                                      }
                                    ]
                                  },
                                  {
                                    "Node Type": "Index Scan",
                                    "Parent Relationship": "Inner",
                                    "Parallel Aware": false,
                                    "Scan Direction": "Forward",
                                    "Index Name": "movie_id_movie_keyword",
                                    "Relation Name": "movie_keyword",
                                    "Alias": "mk",
                                    "Startup Cost": 0.43,
                                    "Total Cost": 1.37,
                                    "Plan Rows": 46,
                                    "Plan Width": 8,
                                    "Actual Startup Time": 0.002,
                                    "Actual Total Time": 0.004,
                                    "Actual Rows": 13,
                                    "Actual Loops": 198062,
                                    "Index Cond": "(movie_id = mi_idx.movie_id)",
                                    "Rows Removed by Index Recheck": 0
                                  }
                                ]
                              },
                              {
                                "Node Type": "Index Scan",
                                "Parent Relationship": "Inner",
                                "Parallel Aware": false,
                                "Scan Direction": "Forward",
                                "Index Name": "keyword_pkey",
                                "Relation Name": "keyword",
                                "Alias": "k",
                                "Startup Cost": 0.42,
                                "Total Cost": 0.44,
                                "Plan Rows": 1,
                                "Plan Width": 4,
                                "Actual Startup Time": 0.002,
                                "Actual Total Time": 0.002,
                                "Actual Rows": 0,
                                "Actual Loops": 2577956,
                                "Index Cond": "(id = mk.keyword_id)",
                                "Rows Removed by Index Recheck": 0,
                                "Filter": "(keyword = ANY ('{murder,murder-in-title,blood,violence}'::text[]))",
                                "Rows Removed by Filter": 1
                              }
                            ]
                          },
                          {
                            "Node Type": "Index Scan",
                            "Parent Relationship": "Inner",
                            "Parallel Aware": false,
                            "Scan Direction": "Forward",
                            "Index Name": "info_type_pkey",
                            "Relation Name": "info_type",
                            "Alias": "it2",
                            "Startup Cost": 0.14,
                            "Total Cost": 0.16,
                            "Plan Rows": 1,
                            "Plan Width": 4,
                            "Actual Startup Time": 0.001,
                            "Actual Total Time": 0.001,
                            "Actual Rows": 0,
                            "Actual Loops": 23668,
                            "Index Cond": "(id = mi_idx.info_type_id)",
                            "Rows Removed by Index Recheck": 0,
                            "Filter": "((info)::text = 'rating'::text)",
                            "Rows Removed by Filter": 1
                          }
                        ]
                      }
                    ]
                  }
                ]
              },
              {
                "Node Type": "Index Scan",
                "Parent Relationship": "Inner",
                "Parallel Aware": false,
                "Scan Direction": "Forward",
                "Index Name": "info_type_pkey",
                "Relation Name": "info_type",
                "Alias": "it1",
                "Startup Cost": 0.14,
                "Total Cost": 0.16,
                "Plan Rows": 1,
                "Plan Width": 4,
                "Actual Startup Time": 0.001,
                "Actual Total Time": 0.001,
                "Actual Rows": 1,
                "Actual Loops": 7467,
                "Index Cond": "(id = mi.info_type_id)",
                "Rows Removed by Index Recheck": 0,
                "Filter": "((info)::text = 'countries'::text)",
                "Rows Removed by Filter": 0
              }
            ]
          }
        ]
      }
    ]
  },
  "Planning Time": 13.935,
  "Triggers": [],
  "Execution Time": 3498.518
}