[
  {
    "Plan": {
      "Node Type": "Aggregate",
      "Strategy": "Plain",
      "Partial Mode": "Finalize",
      "Parallel Aware": false,
      "Startup Cost": 239471.54,
      "Total Cost": 239471.55,
      "Plan Rows": 1,
      "Plan Width": 8,
      "Actual Startup Time": 608.859,
      "Actual Total Time": 625.662,
      "Actual Rows": 1,
      "Actual Loops": 1,
      "Plans": [
        {
          "Node Type": "Gather",
          "Parent Relationship": "Outer",
          "Parallel Aware": false,
          "Startup Cost": 239471.02,
          "Total Cost": 239471.53,
          "Plan Rows": 5,
          "Plan Width": 8,
          "Actual Startup Time": 608.07,
          "Actual Total Time": 625.654,
          "Actual Rows": 6,
          "Actual Loops": 1,
          "Workers Planned": 5,
          "Workers Launched": 5,
          "Single Copy": false,
          "Plans": [
            {
              "Node Type": "Aggregate",
              "Strategy": "Plain",
              "Partial Mode": "Partial",
              "Parent Relationship": "Outer",
              "Parallel Aware": false,
              "Startup Cost": 238471.02,
              "Total Cost": 238471.03,
              "Plan Rows": 1,
              "Plan Width": 8,
              "Actual Startup Time": 601.658,
              "Actual Total Time": 601.661,
              "Actual Rows": 1,
              "Actual Loops": 6,
              "Plans": [
                {
                  "Node Type": "Hash Join",
                  "Parent Relationship": "Outer",
                  "Parallel Aware": true,
                  "Join Type": "Inner",
                  "Startup Cost": 38909.01,
                  "Total Cost": 238158.64,
                  "Plan Rows": 124954,
                  "Plan Width": 0,
                  "Actual Startup Time": 61.808,
                  "Actual Total Time": 594.466,
                  "Actual Rows": 146862,
                  "Actual Loops": 6,
                  "Inner Unique": true,
                  "Hash Cond": "(mi.movie_id = t.id)",
                  "Plans": [
                    {
                      "Node Type": "Seq Scan",
                      "Parent Relationship": "Outer",
                      "Parallel Aware": true,
                      "Relation Name": "movie_info",
                      "Alias": "mi",
                      "Startup Cost": 0.0,
                      "Total Cost": 191503.19,
                      "Plan Rows": 2951019,
                      "Plan Width": 4,
                      "Actual Startup Time": 0.022,
                      "Actual Total Time": 261.579,
                      "Actual Rows": 2472620,
                      "Actual Loops": 6
                    },
                    {
                      "Node Type": "Hash",
                      "Parent Relationship": "Inner",
                      "Parallel Aware": true,
                      "Startup Cost": 38574.46,
                      "Total Cost": 38574.46,
                      "Plan Rows": 26764,
                      "Plan Width": 4,
                      "Actual Startup Time": 51.707,
                      "Actual Total Time": 51.708,
                      "Actual Rows": 19653,
                      "Actual Loops": 6,
                      "Hash Buckets": 131072,
                      "Original Hash Buckets": 131072,
                      "Hash Batches": 1,
                      "Original Hash Batches": 1,
                      "Peak Memory Usage": 5728,
                      "Plans": [
                        {
                          "Node Type": "Bitmap Heap Scan",
                          "Parent Relationship": "Outer",
                          "Parallel Aware": true,
                          "Relation Name": "title",
                          "Alias": "t",
                          "Startup Cost": 2133.37,
                          "Total Cost": 38574.46,
                          "Plan Rows": 26764,
                          "Plan Width": 4,
                          "Actual Startup Time": 14.55,
                          "Actual Total Time": 44.209,
                          "Actual Rows": 19653,
                          "Actual Loops": 6,
                          "Recheck Cond": "(kind_id = 4)",
                          "Rows Removed by Index Recheck": 0,
                          "Filter": "(production_year > 1949)",
                          "Rows Removed by Filter": 52,
                          "Exact Heap Blocks": 5051,
                          "Lossy Heap Blocks": 0,
                          "Plans": [
                            {
                              "Node Type": "Bitmap Index Scan",
                              "Parent Relationship": "Outer",
                              "Parallel Aware": false,
                              "Index Name": "kind_id_title",
                              "Startup Cost": 0.0,
                              "Total Cost": 2106.61,
                              "Plan Rows": 118157,
                              "Plan Width": 0,
                              "Actual Startup Time": 13.044,
                              "Actual Total Time": 13.045,
                              "Actual Rows": 118234,
                              "Actual Loops": 1,
                              "Index Cond": "(kind_id = 4)"
                            }
                          ]
                        }
                      ]
                    }
                  ]
                }
              ]
            }
          ]
        }
      ]
    },
    "Planning Time": 0.546,
    "Triggers": [],
    "Execution Time": 625.745
  }
]