[
  {
    "Plan": {
      "Node Type": "Aggregate",
      "Strategy": "Plain",
      "Partial Mode": "Finalize",
      "Parallel Aware": false,
      "Startup Cost": 46954.38,
      "Total Cost": 46954.39,
      "Plan Rows": 1,
      "Plan Width": 8,
      "Actual Startup Time": 183.484,
      "Actual Total Time": 194.37,
      "Actual Rows": 1,
      "Actual Loops": 1,
      "Plans": [
        {
          "Node Type": "Gather",
          "Parent Relationship": "Outer",
          "Parallel Aware": false,
          "Startup Cost": 46954.06,
          "Total Cost": 46954.37,
          "Plan Rows": 3,
          "Plan Width": 8,
          "Actual Startup Time": 183.338,
          "Actual Total Time": 194.361,
          "Actual Rows": 4,
          "Actual Loops": 1,
          "Workers Planned": 3,
          "Workers Launched": 3,
          "Single Copy": false,
          "Plans": [
            {
              "Node Type": "Aggregate",
              "Strategy": "Plain",
              "Partial Mode": "Partial",
              "Parent Relationship": "Outer",
              "Parallel Aware": false,
              "Startup Cost": 45954.06,
              "Total Cost": 45954.07,
              "Plan Rows": 1,
              "Plan Width": 8,
              "Actual Startup Time": 178.071,
              "Actual Total Time": 178.073,
              "Actual Rows": 1,
              "Actual Loops": 4,
              "Plans": [
                {
                  "Node Type": "Seq Scan",
                  "Parent Relationship": "Outer",
                  "Parallel Aware": true,
                  "Relation Name": "movie_keyword",
                  "Alias": "mk",
                  "Startup Cost": 0.0,
                  "Total Cost": 42695.65,
                  "Plan Rows": 1303362,
                  "Plan Width": 0,
                  "Actual Startup Time": 0.042,
                  "Actual Total Time": 128.109,
                  "Actual Rows": 1010932,
                  "Actual Loops": 4,
                  "Filter": "(keyword_id < 37265)",
                  "Rows Removed by Filter": 120050
                }
              ]
            }
          ]
        }
      ]
    },
    "Planning Time": 0.146,
    "Triggers": [],
    "Execution Time": 194.418
  }
]