[
  {
    "Plan": {
      "Node Type": "Aggregate",
      "Strategy": "Plain",
      "Partial Mode": "Finalize",
      "Parallel Aware": false,
      "Startup Cost": 31414.84,
      "Total Cost": 31414.85,
      "Plan Rows": 1,
      "Plan Width": 8,
      "Actual Startup Time": 95.15,
      "Actual Total Time": 103.736,
      "Actual Rows": 1,
      "Actual Loops": 1,
      "Plans": [
        {
          "Node Type": "Gather",
          "Parent Relationship": "Outer",
          "Parallel Aware": false,
          "Startup Cost": 31414.53,
          "Total Cost": 31414.84,
          "Plan Rows": 3,
          "Plan Width": 8,
          "Actual Startup Time": 95.013,
          "Actual Total Time": 103.726,
          "Actual Rows": 4,
          "Actual Loops": 1,
          "Workers Planned": 3,
          "Workers Launched": 3,
          "Single Copy": false,
          "Plans": [
            {
              "Node Type": "Aggregate",
              "Strategy": "Plain",
              "Partial Mode": "Partial",
              "Parent Relationship": "Outer",
              "Parallel Aware": false,
              "Startup Cost": 30414.53,
              "Total Cost": 30414.54,
              "Plan Rows": 1,
              "Plan Width": 8,
              "Actual Startup Time": 91.18,
              "Actual Total Time": 91.181,
              "Actual Rows": 1,
              "Actual Loops": 4,
              "Plans": [
                {
                  "Node Type": "Seq Scan",
                  "Parent Relationship": "Outer",
                  "Parallel Aware": true,
                  "Relation Name": "movie_companies",
                  "Alias": "mc",
                  "Startup Cost": 0.0,
                  "Total Cost": 29310.68,
                  "Plan Rows": 441538,
                  "Plan Width": 0,
                  "Actual Startup Time": 0.02,
                  "Actual Total Time": 74.285,
                  "Actual Rows": 344605,
                  "Actual Loops": 4,
                  "Filter": "(company_id < 11894)",
                  "Rows Removed by Filter": 307677
                }
              ]
            }
          ]
        }
      ]
    },
    "Planning Time": 0.1,
    "Triggers": [],
    "Execution Time": 103.766
  }
]