[
  {
    "Plan": {
      "Node Type": "Aggregate",
      "Strategy": "Plain",
      "Partial Mode": "Finalize",
      "Parallel Aware": false,
      "Startup Cost": 31424.15,
      "Total Cost": 31424.16,
      "Plan Rows": 1,
      "Plan Width": 8,
      "Actual Startup Time": 101.736,
      "Actual Total Time": 110.03,
      "Actual Rows": 1,
      "Actual Loops": 1,
      "Plans": [
        {
          "Node Type": "Gather",
          "Parent Relationship": "Outer",
          "Parallel Aware": false,
          "Startup Cost": 31423.83,
          "Total Cost": 31424.14,
          "Plan Rows": 3,
          "Plan Width": 8,
          "Actual Startup Time": 101.597,
          "Actual Total Time": 110.02,
          "Actual Rows": 4,
          "Actual Loops": 1,
          "Workers Planned": 3,
          "Workers Launched": 3,
          "Single Copy": false,
          "Plans": [
            {
              "Node Type": "Aggregate",
              "Strategy": "Plain",
              "Partial Mode": "Partial",
              "Parent Relationship": "Outer",
              "Parallel Aware": false,
              "Startup Cost": 30423.83,
              "Total Cost": 30423.84,
              "Plan Rows": 1,
              "Plan Width": 8,
              "Actual Startup Time": 96.118,
              "Actual Total Time": 96.119,
              "Actual Rows": 1,
              "Actual Loops": 4,
              "Plans": [
                {
                  "Node Type": "Seq Scan",
                  "Parent Relationship": "Outer",
                  "Parallel Aware": true,
                  "Relation Name": "movie_companies",
                  "Alias": "mc",
                  "Startup Cost": 0.0,
                  "Total Cost": 29310.68,
                  "Plan Rows": 445260,
                  "Plan Width": 0,
                  "Actual Startup Time": 0.039,
                  "Actual Total Time": 77.257,
                  "Actual Rows": 344605,
                  "Actual Loops": 4,
                  "Filter": "(company_id < 11894)",
                  "Rows Removed by Filter": 307677
                }
              ]
            }
          ]
        }
      ]
    },
    "Planning Time": 0.185,
    "Triggers": [],
    "Execution Time": 110.087
  }
]