{
  "Plan": {
    "Node Type": "Aggregate",
    "Strategy": "Plain",
    "Partial Mode": "Finalize",
    "Parallel Aware": false,
    "Startup Cost": 127209.19,
    "Total Cost": 127209.2,
    "Plan Rows": 1,
    "Plan Width": 8,
    "Actual Startup Time": 788.899,
    "Actual Total Time": 808.801,
    "Actual Rows": 1,
    "Actual Loops": 1,
    "Plans": [
      {
        "Node Type": "Gather",
        "Parent Relationship": "Outer",
        "Parallel Aware": false,
        "Startup Cost": 127209.08,
        "Total Cost": 127209.19,
        "Plan Rows": 1,
        "Plan Width": 8,
        "Actual Startup Time": 786.234,
        "Actual Total Time": 808.791,
        "Actual Rows": 2,
        "Actual Loops": 1,
        "Workers Planned": 1,
        "Workers Launched": 1,
        "Single Copy": false,
        "Plans": [
          {
            "Node Type": "Aggregate",
            "Strategy": "Plain",
            "Partial Mode": "Partial",
            "Parent Relationship": "Outer",
            "Parallel Aware": false,
            "Startup Cost": 126209.08,
            "Total Cost": 126209.09,
            "Plan Rows": 1,
            "Plan Width": 8,
            "Actual Startup Time": 780.74,
            "Actual Total Time": 781.063,
            "Actual Rows": 1,
            "Actual Loops": 2,
            "Plans": [
              {
                "Node Type": "Hash Join",
                "Parent Relationship": "Outer",
                "Parallel Aware": true,
                "Join Type": "Inner",
                "Startup Cost": 62159.02,
                "Total Cost": 125165.38,
                "Plan Rows": 417479,
                "Plan Width": 0,
                "Actual Startup Time": 267.049,
                "Actual Total Time": 732.768,
                "Actual Rows": 1022716,
                "Actual Loops": 2,
                "Inner Unique": true,
                "Hash Cond": "(mk.movie_id = t.id)",
                "Plans": [
                  {
                    "Node Type": "Seq Scan",
                    "Parent Relationship": "Outer",
                    "Parallel Aware": true,
                    "Relation Name": "movie_keyword",
                    "Alias": "mk",
                    "Startup Cost": 0.0,
                    "Total Cost": 57718.19,
                    "Plan Rows": 2014539,
                    "Plan Width": 4,
                    "Actual Startup Time": 0.093,
                    "Actual Total Time": 229.607,
                    "Actual Rows": 1704568,
                    "Actual Loops": 2,
                    "Filter": "(keyword_id > 1150)",
                    "Rows Removed by Filter": 557396
                  },
                  {
                    "Node Type": "Hash",
                    "Parent Relationship": "Inner",
                    "Parallel Aware": true,
                    "Startup Cost": 58306.47,
                    "Total Cost": 58306.47,
                    "Plan Rows": 308204,
                    "Plan Width": 4,
                    "Actual Startup Time": 261.0,
                    "Actual Total Time": 261.001,
                    "Actual Rows": 304766,
                    "Actual Loops": 2,
                    "Hash Buckets": 1048576,
                    "Original Hash Buckets": 524288,
                    "Hash Batches": 1,
                    "Original Hash Batches": 1,
                    "Peak Memory Usage": 36160,
                    "Plans": [
                      {
                        "Node Type": "Seq Scan",
                        "Parent Relationship": "Outer",
                        "Parallel Aware": true,
                        "Relation Name": "title",
                        "Alias": "t",
                        "Startup Cost": 0.0,
                        "Total Cost": 58306.47,
                        "Plan Rows": 308204,
                        "Plan Width": 4,
                        "Actual Startup Time": 0.034,
                        "Actual Total Time": 173.327,
                        "Actual Rows": 304766,
                        "Actual Loops": 2,
                        "Filter": "((kind_id < 7) AND (production_year < 2005))",
                        "Rows Removed by Filter": 959390
                      }
                    ]
                  }
                ]
              }
            ]
          }
        ]
      }
    ]
  },
  "Planning Time": 0.528,
  "Triggers": [],
  "Execution Time": 808.859
}