{
    "Plan": {
        "Node Type": "Aggregate",
        "Strategy": "Plain",
        "Partial Mode": "Finalize",
        "Parallel Aware": false,
        "Startup Cost": 678880.13,
        "Total Cost": 678880.14,
        "Plan Rows": 1,
        "Plan Width": 8,
        "Actual Startup Time": 7480.159,
        "Actual Total Time": 7552.136,
        "Actual Rows": 1,
        "Actual Loops": 1,
        "Output": [
            "count(*)"
        ],
        "Plans": [
            {
                "Node Type": "Gather",
                "Parent Relationship": "Outer",
                "Parallel Aware": false,
                "Startup Cost": 678879.5,
                "Total Cost": 678880.11,
                "Plan Rows": 6,
                "Plan Width": 8,
                "Actual Startup Time": 7437.781,
                "Actual Total Time": 7552.122,
                "Actual Rows": 7,
                "Actual Loops": 1,
                "Output": [
                    "(PARTIAL count(*))"
                ],
                "Workers Planned": 6,
                "Workers Launched": 6,
                "Single Copy": false,
                "Plans": [
                    {
                        "Node Type": "Aggregate",
                        "Strategy": "Plain",
                        "Partial Mode": "Partial",
                        "Parent Relationship": "Outer",
                        "Parallel Aware": false,
                        "Startup Cost": 677879.5,
                        "Total Cost": 677879.51,
                        "Plan Rows": 1,
                        "Plan Width": 8,
                        "Actual Startup Time": 7409.151,
                        "Actual Total Time": 7409.811,
                        "Actual Rows": 1,
                        "Actual Loops": 7,
                        "Output": [
                            "PARTIAL count(*)"
                        ],
                        "Workers": [
                            {
                                "Worker Number": 0,
                                "Actual Startup Time": 7403.32,
                                "Actual Total Time": 7403.334,
                                "Actual Rows": 1,
                                "Actual Loops": 1
                            },
                            {
                                "Worker Number": 1,
                                "Actual Startup Time": 7403.327,
                                "Actual Total Time": 7403.334,
                                "Actual Rows": 1,
                                "Actual Loops": 1
                            },
                            {
                                "Worker Number": 2,
                                "Actual Startup Time": 7403.332,
                                "Actual Total Time": 7403.338,
                                "Actual Rows": 1,
                                "Actual Loops": 1
                            },
                            {
                                "Worker Number": 3,
                                "Actual Startup Time": 7403.343,
                                "Actual Total Time": 7403.35,
                                "Actual Rows": 1,
                                "Actual Loops": 1
                            },
                            {
                                "Worker Number": 4,
                                "Actual Startup Time": 7403.343,
                                "Actual Total Time": 7403.35,
                                "Actual Rows": 1,
                                "Actual Loops": 1
                            },
                            {
                                "Worker Number": 5,
                                "Actual Startup Time": 7410.615,
                                "Actual Total Time": 7410.621,
                                "Actual Rows": 1,
                                "Actual Loops": 1
                            }
                        ],
                        "Plans": [
                            {
                                "Node Type": "Hash Join",
                                "Parent Relationship": "Outer",
                                "Parallel Aware": true,
                                "Join Type": "Inner",
                                "Startup Cost": 271409.35,
                                "Total Cost": 644347.14,
                                "Plan Rows": 13412944,
                                "Plan Width": 0,
                                "Actual Startup Time": 1373.586,
                                "Actual Total Time": 6436.856,
                                "Actual Rows": 24841913,
                                "Actual Loops": 7,
                                "Inner Unique": false,
                                "Hash Cond": "(ci.movie_id = t.id)",
                                "Workers": [
                                    {
                                        "Worker Number": 0,
                                        "Actual Startup Time": 1368.76,
                                        "Actual Total Time": 6391.12,
                                        "Actual Rows": 24287629,
                                        "Actual Loops": 1
                                    },
                                    {
                                        "Worker Number": 1,
                                        "Actual Startup Time": 1368.834,
                                        "Actual Total Time": 6461.125,
                                        "Actual Rows": 23775534,
                                        "Actual Loops": 1
                                    },
                                    {
                                        "Worker Number": 2,
                                        "Actual Startup Time": 1368.76,
                                        "Actual Total Time": 6465.065,
                                        "Actual Rows": 23487308,
                                        "Actual Loops": 1
                                    },
                                    {
                                        "Worker Number": 3,
                                        "Actual Startup Time": 1368.759,
                                        "Actual Total Time": 6419.284,
                                        "Actual Rows": 25945941,
                                        "Actual Loops": 1
                                    },
                                    {
                                        "Worker Number": 4,
                                        "Actual Startup Time": 1368.761,
                                        "Actual Total Time": 6418.861,
                                        "Actual Rows": 26044092,
                                        "Actual Loops": 1
                                    },
                                    {
                                        "Worker Number": 5,
                                        "Actual Startup Time": 1369.04,
                                        "Actual Total Time": 6490.222,
                                        "Actual Rows": 24343555,
                                        "Actual Loops": 1
                                    }
                                ],
                                "Plans": [
                                    {
                                        "Node Type": "Seq Scan",
                                        "Parent Relationship": "Outer",
                                        "Parallel Aware": true,
                                        "Relation Name": "cast_info",
                                        "Schema": "public",
                                        "Alias": "ci",
                                        "Startup Cost": 0.0,
                                        "Total Cost": 328213.62,
                                        "Plan Rows": 4772879,
                                        "Plan Width": 4,
                                        "Actual Startup Time": 0.037,
                                        "Actual Total Time": 704.766,
                                        "Actual Rows": 4075958,
                                        "Actual Loops": 7,
                                        "Output": [
                                            "ci.id",
                                            "ci.person_id",
                                            "ci.movie_id",
                                            "ci.person_role_id",
                                            "ci.note",
                                            "ci.nr_order",
                                            "ci.role_id"
                                        ],
                                        "Filter": "(ci.role_id < 7)",
                                        "Rows Removed by Filter": 1101806,
                                        "Workers": [
                                            {
                                                "Worker Number": 0,
                                                "Actual Startup Time": 0.048,
                                                "Actual Total Time": 737.237,
                                                "Actual Rows": 4015762,
                                                "Actual Loops": 1
                                            },
                                            {
                                                "Worker Number": 1,
                                                "Actual Startup Time": 0.043,
                                                "Actual Total Time": 718.805,
                                                "Actual Rows": 3900063,
                                                "Actual Loops": 1
                                            },
                                            {
                                                "Worker Number": 2,
                                                "Actual Startup Time": 0.045,
                                                "Actual Total Time": 717.781,
                                                "Actual Rows": 3841092,
                                                "Actual Loops": 1
                                            },
                                            {
                                                "Worker Number": 3,
                                                "Actual Startup Time": 0.035,
                                                "Actual Total Time": 725.871,
                                                "Actual Rows": 4237274,
                                                "Actual Loops": 1
                                            },
                                            {
                                                "Worker Number": 4,
                                                "Actual Startup Time": 0.034,
                                                "Actual Total Time": 726.812,
                                                "Actual Rows": 4257875,
                                                "Actual Loops": 1
                                            },
                                            {
                                                "Worker Number": 5,
                                                "Actual Startup Time": 0.042,
                                                "Actual Total Time": 709.027,
                                                "Actual Rows": 3952380,
                                                "Actual Loops": 1
                                            }
                                        ]
                                    },
                                    {
                                        "Node Type": "Hash",
                                        "Parent Relationship": "Inner",
                                        "Parallel Aware": true,
                                        "Startup Cost": 253646.36,
                                        "Total Cost": 253646.36,
                                        "Plan Rows": 1421039,
                                        "Plan Width": 8,
                                        "Actual Startup Time": 1363.987,
                                        "Actual Total Time": 1364.645,
                                        "Actual Rows": 893758,
                                        "Actual Loops": 7,
                                        "Output": [
                                            "t.id",
                                            "mi.movie_id"
                                        ],
                                        "Hash Buckets": 8388608,
                                        "Original Hash Buckets": 8388608,
                                        "Hash Batches": 1,
                                        "Original Hash Batches": 1,
                                        "Peak Memory Usage": 310368,
                                        "Workers": [
                                            {
                                                "Worker Number": 0,
                                                "Actual Startup Time": 1367.891,
                                                "Actual Total Time": 1367.903,
                                                "Actual Rows": 732735,
                                                "Actual Loops": 1
                                            },
                                            {
                                                "Worker Number": 1,
                                                "Actual Startup Time": 1367.842,
                                                "Actual Total Time": 1367.847,
                                                "Actual Rows": 702249,
                                                "Actual Loops": 1
                                            },
                                            {
                                                "Worker Number": 2,
                                                "Actual Startup Time": 1367.893,
                                                "Actual Total Time": 1367.898,
                                                "Actual Rows": 697542,
                                                "Actual Loops": 1
                                            },
                                            {
                                                "Worker Number": 3,
                                                "Actual Startup Time": 1367.958,
                                                "Actual Total Time": 1367.963,
                                                "Actual Rows": 1027735,
                                                "Actual Loops": 1
                                            },
                                            {
                                                "Worker Number": 4,
                                                "Actual Startup Time": 1367.94,
                                                "Actual Total Time": 1367.945,
                                                "Actual Rows": 1027317,
                                                "Actual Loops": 1
                                            },
                                            {
                                                "Worker Number": 5,
                                                "Actual Startup Time": 1368.329,
                                                "Actual Total Time": 1368.332,
                                                "Actual Rows": 943546,
                                                "Actual Loops": 1
                                            }
                                        ],
                                        "Plans": [
                                            {
                                                "Node Type": "Hash Join",
                                                "Parent Relationship": "Outer",
                                                "Parallel Aware": true,
                                                "Join Type": "Inner",
                                                "Startup Cost": 49552.03,
                                                "Total Cost": 253646.36,
                                                "Plan Rows": 1421039,
                                                "Plan Width": 8,
                                                "Actual Startup Time": 222.685,
                                                "Actual Total Time": 1010.649,
                                                "Actual Rows": 893758,
                                                "Actual Loops": 7,
                                                "Output": [
                                                    "t.id",
                                                    "mi.movie_id"
                                                ],
                                                "Inner Unique": true,
                                                "Hash Cond": "(mi.movie_id = t.id)",
                                                "Workers": [
                                                    {
                                                        "Worker Number": 0,
                                                        "Actual Startup Time": 222.678,
                                                        "Actual Total Time": 1013.186,
                                                        "Actual Rows": 732735,
                                                        "Actual Loops": 1
                                                    },
                                                    {
                                                        "Worker Number": 1,
                                                        "Actual Startup Time": 222.678,
                                                        "Actual Total Time": 1017.411,
                                                        "Actual Rows": 702249,
                                                        "Actual Loops": 1
                                                    },
                                                    {
                                                        "Worker Number": 2,
                                                        "Actual Startup Time": 222.684,
                                                        "Actual Total Time": 1014.806,
                                                        "Actual Rows": 697542,
                                                        "Actual Loops": 1
                                                    },
                                                    {
                                                        "Worker Number": 3,
                                                        "Actual Startup Time": 222.648,
                                                        "Actual Total Time": 1008.517,
                                                        "Actual Rows": 1027735,
                                                        "Actual Loops": 1
                                                    },
                                                    {
                                                        "Worker Number": 4,
                                                        "Actual Startup Time": 222.652,
                                                        "Actual Total Time": 1009.42,
                                                        "Actual Rows": 1027317,
                                                        "Actual Loops": 1
                                                    },
                                                    {
                                                        "Worker Number": 5,
                                                        "Actual Startup Time": 222.655,
                                                        "Actual Total Time": 1013.258,
                                                        "Actual Rows": 943546,
                                                        "Actual Loops": 1
                                                    }
                                                ],
                                                "Plans": [
                                                    {
                                                        "Node Type": "Seq Scan",
                                                        "Parent Relationship": "Outer",
                                                        "Parallel Aware": true,
                                                        "Relation Name": "movie_info",
                                                        "Schema": "public",
                                                        "Alias": "mi",
                                                        "Startup Cost": 0.0,
                                                        "Total Cost": 198880.74,
                                                        "Plan Rows": 1986127,
                                                        "Plan Width": 4,
                                                        "Actual Startup Time": 15.31,
                                                        "Actual Total Time": 343.91,
                                                        "Actual Rows": 1415965,
                                                        "Actual Loops": 7,
                                                        "Output": [
                                                            "mi.id",
                                                            "mi.movie_id",
                                                            "mi.info_type_id",
                                                            "mi.info",
                                                            "mi.note"
                                                        ],
                                                        "Filter": "(mi.info_type_id > 4)",
                                                        "Rows Removed by Filter": 703424,
                                                        "Workers": [
                                                            {
                                                                "Worker Number": 0,
                                                                "Actual Startup Time": 15.308,
                                                                "Actual Total Time": 366.997,
                                                                "Actual Rows": 1157683,
                                                                "Actual Loops": 1
                                                            },
                                                            {
                                                                "Worker Number": 1,
                                                                "Actual Startup Time": 15.298,
                                                                "Actual Total Time": 364.838,
                                                                "Actual Rows": 1108913,
                                                                "Actual Loops": 1
                                                            },
                                                            {
                                                                "Worker Number": 2,
                                                                "Actual Startup Time": 15.316,
                                                                "Actual Total Time": 363.681,
                                                                "Actual Rows": 1100041,
                                                                "Actual Loops": 1
                                                            },
                                                            {
                                                                "Worker Number": 3,
                                                                "Actual Startup Time": 15.282,
                                                                "Actual Total Time": 340.96,
                                                                "Actual Rows": 1634054,
                                                                "Actual Loops": 1
                                                            },
                                                            {
                                                                "Worker Number": 4,
                                                                "Actual Startup Time": 15.394,
                                                                "Actual Total Time": 342.542,
                                                                "Actual Rows": 1627738,
                                                                "Actual Loops": 1
                                                            },
                                                            {
                                                                "Worker Number": 5,
                                                                "Actual Startup Time": 15.293,
                                                                "Actual Total Time": 341.064,
                                                                "Actual Rows": 1494256,
                                                                "Actual Loops": 1
                                                            }
                                                        ]
                                                    },
                                                    {
                                                        "Node Type": "Hash",
                                                        "Parent Relationship": "Inner",
                                                        "Parallel Aware": true,
                                                        "Startup Cost": 43899.01,
                                                        "Total Cost": 43899.01,
                                                        "Plan Rows": 452242,
                                                        "Plan Width": 4,
                                                        "Actual Startup Time": 205.582,
                                                        "Actual Total Time": 205.583,
                                                        "Actual Rows": 259035,
                                                        "Actual Loops": 7,
                                                        "Output": [
                                                            "t.id"
                                                        ],
                                                        "Hash Buckets": 2097152,
                                                        "Original Hash Buckets": 2097152,
                                                        "Hash Batches": 1,
                                                        "Original Hash Batches": 1,
                                                        "Peak Memory Usage": 87456,
                                                        "Workers": [
                                                            {
                                                                "Worker Number": 0,
                                                                "Actual Startup Time": 207.045,
                                                                "Actual Total Time": 207.046,
                                                                "Actual Rows": 207023,
                                                                "Actual Loops": 1
                                                            },
                                                            {
                                                                "Worker Number": 1,
                                                                "Actual Startup Time": 207.052,
                                                                "Actual Total Time": 207.054,
                                                                "Actual Rows": 198760,
                                                                "Actual Loops": 1
                                                            },
                                                            {
                                                                "Worker Number": 2,
                                                                "Actual Startup Time": 207.039,
                                                                "Actual Total Time": 207.04,
                                                                "Actual Rows": 202097,
                                                                "Actual Loops": 1
                                                            },
                                                            {
                                                                "Worker Number": 3,
                                                                "Actual Startup Time": 207.073,
                                                                "Actual Total Time": 207.074,
                                                                "Actual Rows": 280325,
                                                                "Actual Loops": 1
                                                            },
                                                            {
                                                                "Worker Number": 4,
                                                                "Actual Startup Time": 207.186,
                                                                "Actual Total Time": 207.187,
                                                                "Actual Rows": 275022,
                                                                "Actual Loops": 1
                                                            },
                                                            {
                                                                "Worker Number": 5,
                                                                "Actual Startup Time": 207.06,
                                                                "Actual Total Time": 207.061,
                                                                "Actual Rows": 253684,
                                                                "Actual Loops": 1
                                                            }
                                                        ],
                                                        "Plans": [
                                                            {
                                                                "Node Type": "Seq Scan",
                                                                "Parent Relationship": "Outer",
                                                                "Parallel Aware": true,
                                                                "Relation Name": "title",
                                                                "Schema": "public",
                                                                "Alias": "t",
                                                                "Startup Cost": 0.0,
                                                                "Total Cost": 43899.01,
                                                                "Plan Rows": 452242,
                                                                "Plan Width": 4,
                                                                "Actual Startup Time": 0.066,
                                                                "Actual Total Time": 84.412,
                                                                "Actual Rows": 259035,
                                                                "Actual Loops": 7,
                                                                "Output": [
                                                                    "t.id"
                                                                ],
                                                                "Filter": "(t.production_year > 1987)",
                                                                "Rows Removed by Filter": 102152,
                                                                "Workers": [
                                                                    {
                                                                        "Worker Number": 0,
                                                                        "Actual Startup Time": 0.085,
                                                                        "Actual Total Time": 88.412,
                                                                        "Actual Rows": 207023,
                                                                        "Actual Loops": 1
                                                                    },
                                                                    {
                                                                        "Worker Number": 1,
                                                                        "Actual Startup Time": 0.077,
                                                                        "Actual Total Time": 87.249,
                                                                        "Actual Rows": 198760,
                                                                        "Actual Loops": 1
                                                                    },
                                                                    {
                                                                        "Worker Number": 2,
                                                                        "Actual Startup Time": 0.069,
                                                                        "Actual Total Time": 87.602,
                                                                        "Actual Rows": 202097,
                                                                        "Actual Loops": 1
                                                                    },
                                                                    {
                                                                        "Worker Number": 3,
                                                                        "Actual Startup Time": 0.079,
                                                                        "Actual Total Time": 86.481,
                                                                        "Actual Rows": 280325,
                                                                        "Actual Loops": 1
                                                                    },
                                                                    {
                                                                        "Worker Number": 4,
                                                                        "Actual Startup Time": 0.065,
                                                                        "Actual Total Time": 85.731,
                                                                        "Actual Rows": 275022,
                                                                        "Actual Loops": 1
                                                                    },
                                                                    {
                                                                        "Worker Number": 5,
                                                                        "Actual Startup Time": 0.074,
                                                                        "Actual Total Time": 84.462,
                                                                        "Actual Rows": 253684,
                                                                        "Actual Loops": 1
                                                                    }
                                                                ]
                                                            }
                                                        ]
                                                    }
                                                ]
                                            }
                                        ]
                                    }
                                ]
                            }
                        ]
                    }
                ]
            }
        ]
    },
    "Planning Time": 1.524,
    "Triggers": [],
    "Execution Time": 7552.229
}