[
  {
    "Plan": {
      "Node Type": "Aggregate",
      "Strategy": "Plain",
      "Partial Mode": "Finalize",
      "Parallel Aware": false,
      "Startup Cost": 46505.09,
      "Total Cost": 46505.1,
      "Plan Rows": 1,
      "Plan Width": 8,
      "Actual Startup Time": 168.738,
      "Actual Total Time": 178.366,
      "Actual Rows": 1,
      "Actual Loops": 1,
      "Plans": [
        {
          "Node Type": "Gather",
          "Parent Relationship": "Outer",
          "Parallel Aware": false,
          "Startup Cost": 46504.77,
          "Total Cost": 46505.08,
          "Plan Rows": 3,
          "Plan Width": 8,
          "Actual Startup Time": 168.617,
          "Actual Total Time": 178.358,
          "Actual Rows": 4,
          "Actual Loops": 1,
          "Workers Planned": 3,
          "Workers Launched": 3,
          "Single Copy": false,
          "Plans": [
            {
              "Node Type": "Aggregate",
              "Strategy": "Plain",
              "Partial Mode": "Partial",
              "Parent Relationship": "Outer",
              "Parallel Aware": false,
              "Startup Cost": 45504.77,
              "Total Cost": 45504.78,
              "Plan Rows": 1,
              "Plan Width": 8,
              "Actual Startup Time": 160.318,
              "Actual Total Time": 160.319,
              "Actual Rows": 1,
              "Actual Loops": 4,
              "Plans": [
                {
                  "Node Type": "Seq Scan",
                  "Parent Relationship": "Outer",
                  "Parallel Aware": true,
                  "Relation Name": "movie_keyword",
                  "Alias": "mk",
                  "Startup Cost": 0.0,
                  "Total Cost": 42695.65,
                  "Plan Rows": 1123647,
                  "Plan Width": 0,
                  "Actual Startup Time": 0.057,
                  "Actual Total Time": 121.854,
                  "Actual Rows": 871092,
                  "Actual Loops": 4,
                  "Filter": "(keyword_id < 17054)",
                  "Rows Removed by Filter": 259890
                }
              ]
            }
          ]
        }
      ]
    },
    "Planning Time": 0.141,
    "Triggers": [],
    "Execution Time": 178.412
  }
]