[
  {
    "Plan": {
      "Node Type": "Aggregate",
      "Strategy": "Plain",
      "Partial Mode": "Finalize",
      "Parallel Aware": false,
      "Startup Cost": 27029.44,
      "Total Cost": 27029.45,
      "Plan Rows": 1,
      "Plan Width": 96,
      "Actual Startup Time": 4326.532,
      "Actual Total Time": 4454.959,
      "Actual Rows": 1,
      "Actual Loops": 1,
      "Plans": [
        {
          "Node Type": "Gather",
          "Parent Relationship": "Outer",
          "Parallel Aware": false,
          "Startup Cost": 27029.21,
          "Total Cost": 27029.42,
          "Plan Rows": 2,
          "Plan Width": 96,
          "Actual Startup Time": 4326.52,
          "Actual Total Time": 4454.95,
          "Actual Rows": 3,
          "Actual Loops": 1,
          "Workers Planned": 2,
          "Workers Launched": 2,
          "Single Copy": false,
          "Plans": [
            {
              "Node Type": "Aggregate",
              "Strategy": "Plain",
              "Partial Mode": "Partial",
              "Parent Relationship": "Outer",
              "Parallel Aware": false,
              "Startup Cost": 26029.21,
              "Total Cost": 26029.22,
              "Plan Rows": 1,
              "Plan Width": 96,
              "Actual Startup Time": 4318.43,
              "Actual Total Time": 4318.435,
              "Actual Rows": 1,
              "Actual Loops": 3,
              "Plans": [
                {
                  "Node Type": "Nested Loop",
                  "Parent Relationship": "Outer",
                  "Parallel Aware": false,
                  "Join Type": "Inner",
                  "Startup Cost": 6.71,
                  "Total Cost": 26028.94,
                  "Plan Rows": 36,
                  "Plan Width": 65,
                  "Actual Startup Time": 15.55,
                  "Actual Total Time": 4295.539,
                  "Actual Rows": 125141,
                  "Actual Loops": 3,
                  "Inner Unique": true,
                  "Plans": [
                    {
                      "Node Type": "Nested Loop",
                      "Parent Relationship": "Outer",
                      "Parallel Aware": false,
                      "Join Type": "Inner",
                      "Startup Cost": 6.28,
                      "Total Cost": 25984.66,
                      "Plan Rows": 86,
                      "Plan Width": 69,
                      "Actual Startup Time": 6.441,
                      "Actual Total Time": 3551.012,
                      "Actual Rows": 189958,
                      "Actual Loops": 3,
                      "Inner Unique": false,
                      "Plans": [
                        {
                          "Node Type": "Nested Loop",
                          "Parent Relationship": "Outer",
                          "Parallel Aware": false,
                          "Join Type": "Inner",
                          "Startup Cost": 5.72,
                          "Total Cost": 25943.83,
                          "Plan Rows": 20,
                          "Plan Width": 77,
                          "Actual Startup Time": 2.81,
                          "Actual Total Time": 1790.742,
                          "Actual Rows": 34579,
                          "Actual Loops": 3,
                          "Inner Unique": true,
                          "Join Filter": "(mi.movie_id = t.id)",
                          "Rows Removed by Join Filter": 0,
                          "Plans": [
                            {
                              "Node Type": "Hash Join",
                              "Parent Relationship": "Outer",
                              "Parallel Aware": false,
                              "Join Type": "Inner",
                              "Startup Cost": 5.29,
                              "Total Cost": 25932.02,
                              "Plan Rows": 20,
                              "Plan Width": 56,
                              "Actual Startup Time": 2.67,
                              "Actual Total Time": 1657.044,
                              "Actual Rows": 34579,
                              "Actual Loops": 3,
                              "Inner Unique": true,
                              "Hash Cond": "(mi.info_type_id = it1.id)",
                              "Plans": [
                                {
                                  "Node Type": "Nested Loop",
                                  "Parent Relationship": "Outer",
                                  "Parallel Aware": false,
                                  "Join Type": "Inner",
                                  "Startup Cost": 2.86,
                                  "Total Cost": 25923.31,
                                  "Plan Rows": 2310,
                                  "Plan Width": 60,
                                  "Actual Startup Time": 2.375,
                                  "Actual Total Time": 1646.449,
                                  "Actual Rows": 35279,
                                  "Actual Loops": 3,
                                  "Inner Unique": false,
                                  "Plans": [
                                    {
                                      "Node Type": "Hash Join",
                                      "Parent Relationship": "Outer",
                                      "Parallel Aware": false,
                                      "Join Type": "Inner",
                                      "Startup Cost": 2.43,
                                      "Total Cost": 15253.6,
                                      "Plan Rows": 5089,
                                      "Plan Width": 9,
                                      "Actual Startup Time": 0.122,
                                      "Actual Total Time": 134.809,
                                      "Actual Rows": 153308,
                                      "Actual Loops": 3,
                                      "Inner Unique": true,
                                      "Hash Cond": "(mi_idx.info_type_id = it2.id)",
                                      "Plans": [
                                        {
                                          "Node Type": "Seq Scan",
                                          "Parent Relationship": "Outer",
                                          "Parallel Aware": true,
                                          "Relation Name": "movie_info_idx",
                                          "Alias": "mi_idx",
                                          "Startup Cost": 0.0,
                                          "Total Cost": 13685.15,
                                          "Plan Rows": 575015,
                                          "Plan Width": 13,
                                          "Actual Startup Time": 0.038,
                                          "Actual Total Time": 66.095,
                                          "Actual Rows": 460012,
                                          "Actual Loops": 3
                                        },
                                        {
                                          "Node Type": "Hash",
                                          "Parent Relationship": "Inner",
                                          "Parallel Aware": false,
                                          "Startup Cost": 2.41,
                                          "Total Cost": 2.41,
                                          "Plan Rows": 1,
                                          "Plan Width": 4,
                                          "Actual Startup Time": 0.04,
                                          "Actual Total Time": 0.041,
                                          "Actual Rows": 1,
                                          "Actual Loops": 3,
                                          "Hash Buckets": 1024,
                                          "Original Hash Buckets": 1024,
                                          "Hash Batches": 1,
                                          "Original Hash Batches": 1,
                                          "Peak Memory Usage": 9,
                                          "Plans": [
                                            {
                                              "Node Type": "Seq Scan",
                                              "Parent Relationship": "Outer",
                                              "Parallel Aware": false,
                                              "Relation Name": "info_type",
                                              "Alias": "it2",
                                              "Startup Cost": 0.0,
                                              "Total Cost": 2.41,
                                              "Plan Rows": 1,
                                              "Plan Width": 4,
                                              "Actual Startup Time": 0.025,
                                              "Actual Total Time": 0.028,
                                              "Actual Rows": 1,
                                              "Actual Loops": 3,
                                              "Filter": "((info)::text = 'votes'::text)",
                                              "Rows Removed by Filter": 112
                                            }
                                          ]
                                        }
                                      ]
                                    },
                                    {
                                      "Node Type": "Index Scan",
                                      "Parent Relationship": "Inner",
                                      "Parallel Aware": false,
                                      "Scan Direction": "Forward",
                                      "Index Name": "movie_id_movie_info",
                                      "Relation Name": "movie_info",
                                      "Alias": "mi",
                                      "Startup Cost": 0.43,
                                      "Total Cost": 2.09,
                                      "Plan Rows": 1,
                                      "Plan Width": 51,
                                      "Actual Startup Time": 0.009,
                                      "Actual Total Time": 0.01,
                                      "Actual Rows": 0,
                                      "Actual Loops": 459925,
                                      "Index Cond": "(movie_id = mi_idx.movie_id)",
                                      "Rows Removed by Index Recheck": 0,
                                      "Filter": "(info = ANY ('{Western,Action,Crime,Family,Sci-Fi,Thriller}'::text[]))",
                                      "Rows Removed by Filter": 15
                                    }
                                  ]
                                },
                                {
                                  "Node Type": "Hash",
                                  "Parent Relationship": "Inner",
                                  "Parallel Aware": false,
                                  "Startup Cost": 2.41,
                                  "Total Cost": 2.41,
                                  "Plan Rows": 1,
                                  "Plan Width": 4,
                                  "Actual Startup Time": 0.076,
                                  "Actual Total Time": 0.076,
                                  "Actual Rows": 1,
                                  "Actual Loops": 3,
                                  "Hash Buckets": 1024,
                                  "Original Hash Buckets": 1024,
                                  "Hash Batches": 1,
                                  "Original Hash Batches": 1,
                                  "Peak Memory Usage": 9,
                                  "Plans": [
                                    {
                                      "Node Type": "Seq Scan",
                                      "Parent Relationship": "Outer",
                                      "Parallel Aware": false,
                                      "Relation Name": "info_type",
                                      "Alias": "it1",
                                      "Startup Cost": 0.0,
                                      "Total Cost": 2.41,
                                      "Plan Rows": 1,
                                      "Plan Width": 4,
                                      "Actual Startup Time": 0.046,
                                      "Actual Total Time": 0.06,
                                      "Actual Rows": 1,
                                      "Actual Loops": 3,
                                      "Filter": "((info)::text = 'genres'::text)",
                                      "Rows Removed by Filter": 112
                                    }
                                  ]
                                }
                              ]
                            },
                            {
                              "Node Type": "Index Scan",
                              "Parent Relationship": "Inner",
                              "Parallel Aware": false,
                              "Scan Direction": "Forward",
                              "Index Name": "title_pkey",
                              "Relation Name": "title",
                              "Alias": "t",
                              "Startup Cost": 0.43,
                              "Total Cost": 0.58,
                              "Plan Rows": 1,
                              "Plan Width": 21,
                              "Actual Startup Time": 0.003,
                              "Actual Total Time": 0.003,
                              "Actual Rows": 1,
                              "Actual Loops": 103736,
                              "Index Cond": "(id = mi_idx.movie_id)",
                              "Rows Removed by Index Recheck": 0
                            }
                          ]
                        },
                        {
                          "Node Type": "Index Scan",
                          "Parent Relationship": "Inner",
                          "Parallel Aware": false,
                          "Scan Direction": "Forward",
                          "Index Name": "movie_id_cast_info",
                          "Relation Name": "cast_info",
                          "Alias": "ci",
                          "Startup Cost": 0.56,
                          "Total Cost": 2.0,
                          "Plan Rows": 4,
                          "Plan Width": 8,
                          "Actual Startup Time": 0.022,
                          "Actual Total Time": 0.05,
                          "Actual Rows": 5,
                          "Actual Loops": 103736,
                          "Index Cond": "(movie_id = t.id)",
                          "Rows Removed by Index Recheck": 0,
                          "Filter": "(note = ANY ('{(uncredited),(writer),(voice),\"(executive producer)\",(producer)}'::text[]))",
                          "Rows Removed by Filter": 32
                        }
                      ]
                    },
                    {
                      "Node Type": "Index Scan",
                      "Parent Relationship": "Inner",
                      "Parallel Aware": false,
                      "Scan Direction": "Forward",
                      "Index Name": "name_pkey",
                      "Relation Name": "name",
                      "Alias": "n",
                      "Startup Cost": 0.43,
                      "Total Cost": 0.51,
                      "Plan Rows": 1,
                      "Plan Width": 4,
                      "Actual Startup Time": 0.004,
                      "Actual Total Time": 0.004,
                      "Actual Rows": 1,
                      "Actual Loops": 569875,
                      "Index Cond": "(id = ci.person_id)",
                      "Rows Removed by Index Recheck": 0,
                      "Filter": "((gender)::text = 'm'::text)",
                      "Rows Removed by Filter": 0
                    }
                  ]
                }
              ]
            }
          ]
        }
      ]
    },
    "Planning Time": 14.27,
    "Triggers": [],
    "Execution Time": 4455.571
  }
]