[
  {
    "Plan": {
      "Node Type": "Aggregate",
      "Strategy": "Plain",
      "Partial Mode": "Finalize",
      "Parallel Aware": false,
      "Startup Cost": 337433.57,
      "Total Cost": 337433.58,
      "Plan Rows": 1,
      "Plan Width": 8,
      "Actual Startup Time": 698.213,
      "Actual Total Time": 751.676,
      "Actual Rows": 1,
      "Actual Loops": 1,
      "Plans": [
        {
          "Node Type": "Gather",
          "Parent Relationship": "Outer",
          "Parallel Aware": false,
          "Startup Cost": 337432.95,
          "Total Cost": 337433.55,
          "Plan Rows": 6,
          "Plan Width": 8,
          "Actual Startup Time": 698.077,
          "Actual Total Time": 751.667,
          "Actual Rows": 7,
          "Actual Loops": 1,
          "Workers Planned": 6,
          "Workers Launched": 6,
          "Single Copy": false,
          "Plans": [
            {
              "Node Type": "Aggregate",
              "Strategy": "Plain",
              "Partial Mode": "Partial",
              "Parent Relationship": "Outer",
              "Parallel Aware": false,
              "Startup Cost": 336432.95,
              "Total Cost": 336432.96,
              "Plan Rows": 1,
              "Plan Width": 8,
              "Actual Startup Time": 689.289,
              "Actual Total Time": 689.29,
              "Actual Rows": 1,
              "Actual Loops": 7,
              "Plans": [
                {
                  "Node Type": "Seq Scan",
                  "Parent Relationship": "Outer",
                  "Parallel Aware": true,
                  "Relation Name": "cast_info",
                  "Alias": "ci",
                  "Startup Cost": 0.0,
                  "Total Cost": 328162.03,
                  "Plan Rows": 3308368,
                  "Plan Width": 0,
                  "Actual Startup Time": 171.95,
                  "Actual Total Time": 575.176,
                  "Actual Rows": 2838044,
                  "Actual Loops": 7,
                  "Filter": "(person_id > 1622283)",
                  "Rows Removed by Filter": 2339719
                }
              ]
            }
          ]
        }
      ]
    },
    "Planning Time": 0.193,
    "Triggers": [],
    "Execution Time": 751.748
  }
]