[
  {
    "Plan": {
      "Node Type": "Aggregate",
      "Strategy": "Plain",
      "Partial Mode": "Finalize",
      "Parallel Aware": false,
      "Startup Cost": 46817.88,
      "Total Cost": 46817.89,
      "Plan Rows": 1,
      "Plan Width": 8,
      "Actual Startup Time": 183.826,
      "Actual Total Time": 193.146,
      "Actual Rows": 1,
      "Actual Loops": 1,
      "Plans": [
        {
          "Node Type": "Gather",
          "Parent Relationship": "Outer",
          "Parallel Aware": false,
          "Startup Cost": 46817.56,
          "Total Cost": 46817.87,
          "Plan Rows": 3,
          "Plan Width": 8,
          "Actual Startup Time": 183.708,
          "Actual Total Time": 193.137,
          "Actual Rows": 4,
          "Actual Loops": 1,
          "Workers Planned": 3,
          "Workers Launched": 3,
          "Single Copy": false,
          "Plans": [
            {
              "Node Type": "Aggregate",
              "Strategy": "Plain",
              "Partial Mode": "Partial",
              "Parent Relationship": "Outer",
              "Parallel Aware": false,
              "Startup Cost": 45817.56,
              "Total Cost": 45817.57,
              "Plan Rows": 1,
              "Plan Width": 8,
              "Actual Startup Time": 178.775,
              "Actual Total Time": 178.776,
              "Actual Rows": 1,
              "Actual Loops": 4,
              "Plans": [
                {
                  "Node Type": "Seq Scan",
                  "Parent Relationship": "Outer",
                  "Parallel Aware": true,
                  "Relation Name": "movie_keyword",
                  "Alias": "mk",
                  "Startup Cost": 0.0,
                  "Total Cost": 42695.65,
                  "Plan Rows": 1248763,
                  "Plan Width": 0,
                  "Actual Startup Time": 0.038,
                  "Actual Total Time": 129.396,
                  "Actual Rows": 966462,
                  "Actual Loops": 4,
                  "Filter": "(keyword_id < 28588)",
                  "Rows Removed by Filter": 164520
                }
              ]
            }
          ]
        }
      ]
    },
    "Planning Time": 0.106,
    "Triggers": [],
    "Execution Time": 193.178
  }
]