[
  {
    "Plan": {
      "Node Type": "Aggregate",
      "Strategy": "Plain",
      "Partial Mode": "Finalize",
      "Parallel Aware": false,
      "Startup Cost": 31264.65,
      "Total Cost": 31264.66,
      "Plan Rows": 1,
      "Plan Width": 8,
      "Actual Startup Time": 83.081,
      "Actual Total Time": 88.602,
      "Actual Rows": 1,
      "Actual Loops": 1,
      "Plans": [
        {
          "Node Type": "Gather",
          "Parent Relationship": "Outer",
          "Parallel Aware": false,
          "Startup Cost": 31264.34,
          "Total Cost": 31264.65,
          "Plan Rows": 3,
          "Plan Width": 8,
          "Actual Startup Time": 83.009,
          "Actual Total Time": 88.595,
          "Actual Rows": 4,
          "Actual Loops": 1,
          "Workers Planned": 3,
          "Workers Launched": 3,
          "Single Copy": false,
          "Plans": [
            {
              "Node Type": "Aggregate",
              "Strategy": "Plain",
              "Partial Mode": "Partial",
              "Parent Relationship": "Outer",
              "Parallel Aware": false,
              "Startup Cost": 30264.34,
              "Total Cost": 30264.35,
              "Plan Rows": 1,
              "Plan Width": 8,
              "Actual Startup Time": 79.361,
              "Actual Total Time": 79.362,
              "Actual Rows": 1,
              "Actual Loops": 4,
              "Plans": [
                {
                  "Node Type": "Seq Scan",
                  "Parent Relationship": "Outer",
                  "Parallel Aware": true,
                  "Relation Name": "movie_companies",
                  "Alias": "mc",
                  "Startup Cost": 0.0,
                  "Total Cost": 29310.68,
                  "Plan Rows": 381462,
                  "Plan Width": 0,
                  "Actual Startup Time": 0.024,
                  "Actual Total Time": 64.473,
                  "Actual Rows": 295172,
                  "Actual Loops": 4,
                  "Filter": "(company_id < 10212)",
                  "Rows Removed by Filter": 357110
                }
              ]
            }
          ]
        }
      ]
    },
    "Planning Time": 0.131,
    "Triggers": [],
    "Execution Time": 88.642
  }
]