[
  {
    "Plan": {
      "Node Type": "Aggregate",
      "Strategy": "Plain",
      "Partial Mode": "Finalize",
      "Parallel Aware": false,
      "Startup Cost": 31264.4,
      "Total Cost": 31264.41,
      "Plan Rows": 1,
      "Plan Width": 8,
      "Actual Startup Time": 102.024,
      "Actual Total Time": 110.249,
      "Actual Rows": 1,
      "Actual Loops": 1,
      "Plans": [
        {
          "Node Type": "Gather",
          "Parent Relationship": "Outer",
          "Parallel Aware": false,
          "Startup Cost": 31264.08,
          "Total Cost": 31264.39,
          "Plan Rows": 3,
          "Plan Width": 8,
          "Actual Startup Time": 101.918,
          "Actual Total Time": 110.241,
          "Actual Rows": 4,
          "Actual Loops": 1,
          "Workers Planned": 3,
          "Workers Launched": 3,
          "Single Copy": false,
          "Plans": [
            {
              "Node Type": "Aggregate",
              "Strategy": "Plain",
              "Partial Mode": "Partial",
              "Parent Relationship": "Outer",
              "Parallel Aware": false,
              "Startup Cost": 30264.08,
              "Total Cost": 30264.09,
              "Plan Rows": 1,
              "Plan Width": 8,
              "Actual Startup Time": 95.969,
              "Actual Total Time": 95.97,
              "Actual Rows": 1,
              "Actual Loops": 4,
              "Plans": [
                {
                  "Node Type": "Seq Scan",
                  "Parent Relationship": "Outer",
                  "Parallel Aware": true,
                  "Relation Name": "movie_companies",
                  "Alias": "mc",
                  "Startup Cost": 0.0,
                  "Total Cost": 29310.68,
                  "Plan Rows": 381361,
                  "Plan Width": 0,
                  "Actual Startup Time": 0.034,
                  "Actual Total Time": 78.3,
                  "Actual Rows": 295172,
                  "Actual Loops": 4,
                  "Filter": "(company_id < 10212)",
                  "Rows Removed by Filter": 357110
                }
              ]
            }
          ]
        }
      ]
    },
    "Planning Time": 0.183,
    "Triggers": [],
    "Execution Time": 110.303
  }
]