{
  "Plan": {
    "Node Type": "Aggregate",
    "Strategy": "Plain",
    "Partial Mode": "Finalize",
    "Parallel Aware": false,
    "Startup Cost": 140045.3,
    "Total Cost": 140045.31,
    "Plan Rows": 1,
    "Plan Width": 8,
    "Actual Startup Time": 637.957,
    "Actual Total Time": 650.885,
    "Actual Rows": 1,
    "Actual Loops": 1,
    "Plans": [
      {
        "Node Type": "Gather",
        "Parent Relationship": "Outer",
        "Parallel Aware": false,
        "Startup Cost": 140045.19,
        "Total Cost": 140045.3,
        "Plan Rows": 1,
        "Plan Width": 8,
        "Actual Startup Time": 636.018,
        "Actual Total Time": 650.879,
        "Actual Rows": 2,
        "Actual Loops": 1,
        "Workers Planned": 1,
        "Workers Launched": 1,
        "Single Copy": false,
        "Plans": [
          {
            "Node Type": "Aggregate",
            "Strategy": "Plain",
            "Partial Mode": "Partial",
            "Parent Relationship": "Outer",
            "Parallel Aware": false,
            "Startup Cost": 139045.19,
            "Total Cost": 139045.2,
            "Plan Rows": 1,
            "Plan Width": 8,
            "Actual Startup Time": 629.57,
            "Actual Total Time": 629.576,
            "Actual Rows": 1,
            "Actual Loops": 2,
            "Plans": [
              {
                "Node Type": "Hash Join",
                "Parent Relationship": "Outer",
                "Parallel Aware": true,
                "Join Type": "Inner",
                "Startup Cost": 77782.65,
                "Total Cost": 138836.37,
                "Plan Rows": 83528,
                "Plan Width": 0,
                "Actual Startup Time": 374.591,
                "Actual Total Time": 604.616,
                "Actual Rows": 650029,
                "Actual Loops": 2,
                "Inner Unique": false,
                "Hash Cond": "(mk.movie_id = t.id)",
                "Plans": [
                  {
                    "Node Type": "Seq Scan",
                    "Parent Relationship": "Outer",
                    "Parallel Aware": true,
                    "Relation Name": "movie_keyword",
                    "Alias": "mk",
                    "Startup Cost": 0.0,
                    "Total Cost": 57718.19,
                    "Plan Rows": 758450,
                    "Plan Width": 4,
                    "Actual Startup Time": 0.018,
                    "Actual Total Time": 160.982,
                    "Actual Rows": 649784,
                    "Actual Loops": 2,
                    "Filter": "(keyword_id < 1697)",
                    "Rows Removed by Filter": 1612182
                  },
                  {
                    "Node Type": "Hash",
                    "Parent Relationship": "Inner",
                    "Parallel Aware": true,
                    "Startup Cost": 75735.29,
                    "Total Cost": 75735.29,
                    "Plan Rows": 163789,
                    "Plan Width": 8,
                    "Actual Startup Time": 326.157,
                    "Actual Total Time": 326.161,
                    "Actual Rows": 204944,
                    "Actual Loops": 2,
                    "Hash Buckets": 524288,
                    "Original Hash Buckets": 524288,
                    "Hash Batches": 1,
                    "Original Hash Batches": 1,
                    "Peak Memory Usage": 20160,
                    "Plans": [
                      {
                        "Node Type": "Hash Join",
                        "Parent Relationship": "Outer",
                        "Parallel Aware": true,
                        "Join Type": "Inner",
                        "Startup Cost": 57551.5,
                        "Total Cost": 75735.29,
                        "Plan Rows": 163789,
                        "Plan Width": 8,
                        "Actual Startup Time": 192.75,
                        "Actual Total Time": 288.686,
                        "Actual Rows": 204944,
                        "Actual Loops": 2,
                        "Inner Unique": true,
                        "Hash Cond": "(mi_idx.movie_id = t.id)",
                        "Plans": [
                          {
                            "Node Type": "Seq Scan",
                            "Parent Relationship": "Outer",
                            "Parallel Aware": true,
                            "Relation Name": "movie_info_idx",
                            "Alias": "mi_idx",
                            "Startup Cost": 0.0,
                            "Total Cost": 16052.85,
                            "Plan Rows": 811785,
                            "Plan Width": 4,
                            "Actual Startup Time": 0.019,
                            "Actual Total Time": 50.149,
                            "Actual Rows": 690018,
                            "Actual Loops": 2
                          },
                          {
                            "Node Type": "Hash",
                            "Parent Relationship": "Inner",
                            "Parallel Aware": true,
                            "Startup Cost": 53800.64,
                            "Total Cost": 53800.64,
                            "Plan Rows": 300069,
                            "Plan Width": 4,
                            "Actual Startup Time": 141.597,
                            "Actual Total Time": 141.598,
                            "Actual Rows": 191054,
                            "Actual Loops": 2,
                            "Hash Buckets": 524288,
                            "Original Hash Buckets": 524288,
                            "Hash Batches": 1,
                            "Original Hash Batches": 1,
                            "Peak Memory Usage": 19072,
                            "Plans": [
                              {
                                "Node Type": "Bitmap Heap Scan",
                                "Parent Relationship": "Outer",
                                "Parallel Aware": true,
                                "Relation Name": "title",
                                "Alias": "t",
                                "Startup Cost": 11950.38,
                                "Total Cost": 53800.64,
                                "Plan Rows": 300069,
                                "Plan Width": 4,
                                "Actual Startup Time": 31.583,
                                "Actual Total Time": 98.203,
                                "Actual Rows": 191054,
                                "Actual Loops": 2,
                                "Recheck Cond": "(kind_id = 1)",
                                "Rows Removed by Index Recheck": 0,
                                "Filter": "(production_year > 1980)",
                                "Rows Removed by Filter": 140358,
                                "Exact Heap Blocks": 8160,
                                "Lossy Heap Blocks": 0,
                                "Plans": [
                                  {
                                    "Node Type": "Bitmap Index Scan",
                                    "Parent Relationship": "Outer",
                                    "Parallel Aware": false,
                                    "Index Name": "kind_id_title",
                                    "Startup Cost": 0.0,
                                    "Total Cost": 11822.85,
                                    "Plan Rows": 663256,
                                    "Plan Width": 0,
                                    "Actual Startup Time": 29.476,
                                    "Actual Total Time": 29.476,
                                    "Actual Rows": 662825,
                                    "Actual Loops": 1,
                                    "Index Cond": "(kind_id = 1)"
                                  }
                                ]
                              }
                            ]
                          }
                        ]
                      }
                    ]
                  }
                ]
              }
            ]
          }
        ]
      }
    ]
  },
  "Planning Time": 1.187,
  "Triggers": [],
  "Execution Time": 650.986
}