[
  {
    "Plan": {
      "Node Type": "Aggregate",
      "Strategy": "Plain",
      "Partial Mode": "Finalize",
      "Parallel Aware": false,
      "Startup Cost": 407024.72,
      "Total Cost": 407024.73,
      "Plan Rows": 1,
      "Plan Width": 8,
      "Actual Startup Time": 4071.449,
      "Actual Total Time": 4181.847,
      "Actual Rows": 1,
      "Actual Loops": 1,
      "Plans": [
        {
          "Node Type": "Gather",
          "Parent Relationship": "Outer",
          "Parallel Aware": false,
          "Startup Cost": 407024.2,
          "Total Cost": 407024.71,
          "Plan Rows": 5,
          "Plan Width": 8,
          "Actual Startup Time": 4070.692,
          "Actual Total Time": 4181.835,
          "Actual Rows": 6,
          "Actual Loops": 1,
          "Workers Planned": 5,
          "Workers Launched": 5,
          "Single Copy": false,
          "Plans": [
            {
              "Node Type": "Aggregate",
              "Strategy": "Plain",
              "Partial Mode": "Partial",
              "Parent Relationship": "Outer",
              "Parallel Aware": false,
              "Startup Cost": 406024.2,
              "Total Cost": 406024.21,
              "Plan Rows": 1,
              "Plan Width": 8,
              "Actual Startup Time": 4063.656,
              "Actual Total Time": 4063.663,
              "Actual Rows": 1,
              "Actual Loops": 6,
              "Plans": [
                {
                  "Node Type": "Nested Loop",
                  "Parent Relationship": "Outer",
                  "Parallel Aware": false,
                  "Join Type": "Inner",
                  "Startup Cost": 45759.78,
                  "Total Cost": 404761.01,
                  "Plan Rows": 505278,
                  "Plan Width": 0,
                  "Actual Startup Time": 80.52,
                  "Actual Total Time": 3997.832,
                  "Actual Rows": 1420567,
                  "Actual Loops": 6,
                  "Inner Unique": false,
                  "Join Filter": "(t.id = ci.movie_id)",
                  "Rows Removed by Join Filter": 0,
                  "Plans": [
                    {
                      "Node Type": "Hash Join",
                      "Parent Relationship": "Outer",
                      "Parallel Aware": true,
                      "Join Type": "Inner",
                      "Startup Cost": 45759.21,
                      "Total Cost": 245238.62,
                      "Plan Rows": 105078,
                      "Plan Width": 8,
                      "Actual Startup Time": 80.32,
                      "Actual Total Time": 705.606,
                      "Actual Rows": 123825,
                      "Actual Loops": 6,
                      "Inner Unique": true,
                      "Hash Cond": "(mi.movie_id = t.id)",
                      "Plans": [
                        {
                          "Node Type": "Seq Scan",
                          "Parent Relationship": "Outer",
                          "Parallel Aware": true,
                          "Relation Name": "movie_info",
                          "Alias": "mi",
                          "Startup Cost": 0.0,
                          "Total Cost": 191685.19,
                          "Plan Rows": 2969219,
                          "Plan Width": 4,
                          "Actual Startup Time": 0.031,
                          "Actual Total Time": 270.032,
                          "Actual Rows": 2472620,
                          "Actual Loops": 6
                        },
                        {
                          "Node Type": "Hash",
                          "Parent Relationship": "Inner",
                          "Parallel Aware": true,
                          "Startup Cost": 45479.59,
                          "Total Cost": 45479.59,
                          "Plan Rows": 22370,
                          "Plan Width": 4,
                          "Actual Startup Time": 78.926,
                          "Actual Total Time": 78.928,
                          "Actual Rows": 13498,
                          "Actual Loops": 6,
                          "Hash Buckets": 131072,
                          "Original Hash Buckets": 131072,
                          "Hash Batches": 1,
                          "Original Hash Batches": 1,
                          "Peak Memory Usage": 4288,
                          "Plans": [
                            {
                              "Node Type": "Seq Scan",
                              "Parent Relationship": "Outer",
                              "Parallel Aware": true,
                              "Relation Name": "title",
                              "Alias": "t",
                              "Startup Cost": 0.0,
                              "Total Cost": 45479.59,
                              "Plan Rows": 22370,
                              "Plan Width": 4,
                              "Actual Startup Time": 0.094,
                              "Actual Total Time": 73.466,
                              "Actual Rows": 13498,
                              "Actual Loops": 6,
                              "Filter": "((kind_id < 7) AND (production_year > 2011))",
                              "Rows Removed by Filter": 407887
                            }
                          ]
                        }
                      ]
                    },
                    {
                      "Node Type": "Index Scan",
                      "Parent Relationship": "Inner",
                      "Parallel Aware": false,
                      "Scan Direction": "Forward",
                      "Index Name": "movie_id_cast_info",
                      "Relation Name": "cast_info",
                      "Alias": "ci",
                      "Startup Cost": 0.56,
                      "Total Cost": 1.37,
                      "Plan Rows": 12,
                      "Plan Width": 4,
                      "Actual Startup Time": 0.014,
                      "Actual Total Time": 0.025,
                      "Actual Rows": 11,
                      "Actual Loops": 742951,
                      "Index Cond": "(movie_id = mi.movie_id)",
                      "Rows Removed by Index Recheck": 0,
                      "Filter": "(person_id > 2488640)",
                      "Rows Removed by Filter": 18
                    }
                  ]
                }
              ]
            }
          ]
        }
      ]
    },
    "Planning Time": 0.637,
    "Triggers": [],
    "Execution Time": 4181.918
  }
]