[
    {
        "Bao": {
            "Bao prediction": "NaN",
            "Bao recommended hint": "(no hint)"
        }
    },
    {
        "Plan": {
            "Node Type": "Aggregate",
            "Strategy": "Plain",
            "Partial Mode": "Finalize",
            "Parallel Aware": false,
            "Startup Cost": 130628.75,
            "Total Cost": 130628.76,
            "Plan Rows": 1,
            "Plan Width": 8,
            "Actual Startup Time": 513.622,
            "Actual Total Time": 550.878,
            "Actual Rows": 1,
            "Actual Loops": 1,
            "Output": [
                "count(*)"
            ],
            "Plans": [
                {
                    "Node Type": "Gather",
                    "Parent Relationship": "Outer",
                    "Parallel Aware": false,
                    "Startup Cost": 130628.33,
                    "Total Cost": 130628.74,
                    "Plan Rows": 4,
                    "Plan Width": 8,
                    "Actual Startup Time": 511.972,
                    "Actual Total Time": 550.869,
                    "Actual Rows": 5,
                    "Actual Loops": 1,
                    "Output": [
                        "(PARTIAL count(*))"
                    ],
                    "Workers Planned": 4,
                    "Workers Launched": 4,
                    "Single Copy": false,
                    "Plans": [
                        {
                            "Node Type": "Aggregate",
                            "Strategy": "Plain",
                            "Partial Mode": "Partial",
                            "Parent Relationship": "Outer",
                            "Parallel Aware": false,
                            "Startup Cost": 129628.33,
                            "Total Cost": 129628.34,
                            "Plan Rows": 1,
                            "Plan Width": 8,
                            "Actual Startup Time": 502.467,
                            "Actual Total Time": 502.47,
                            "Actual Rows": 1,
                            "Actual Loops": 5,
                            "Output": [
                                "PARTIAL count(*)"
                            ],
                            "Workers": [
                                {
                                    "Worker Number": 0,
                                    "Actual Startup Time": 499.786,
                                    "Actual Total Time": 499.789,
                                    "Actual Rows": 1,
                                    "Actual Loops": 1
                                },
                                {
                                    "Worker Number": 1,
                                    "Actual Startup Time": 499.996,
                                    "Actual Total Time": 500.0,
                                    "Actual Rows": 1,
                                    "Actual Loops": 1
                                },
                                {
                                    "Worker Number": 2,
                                    "Actual Startup Time": 500.147,
                                    "Actual Total Time": 500.15,
                                    "Actual Rows": 1,
                                    "Actual Loops": 1
                                },
                                {
                                    "Worker Number": 3,
                                    "Actual Startup Time": 500.791,
                                    "Actual Total Time": 500.793,
                                    "Actual Rows": 1,
                                    "Actual Loops": 1
                                }
                            ],
                            "Plans": [
                                {
                                    "Node Type": "Nested Loop",
                                    "Parent Relationship": "Outer",
                                    "Parallel Aware": false,
                                    "Join Type": "Inner",
                                    "Startup Cost": 27248.31,
                                    "Total Cost": 129574.14,
                                    "Plan Rows": 21677,
                                    "Plan Width": 0,
                                    "Actual Startup Time": 73.629,
                                    "Actual Total Time": 493.527,
                                    "Actual Rows": 198701,
                                    "Actual Loops": 5,
                                    "Inner Unique": false,
                                    "Workers": [
                                        {
                                            "Worker Number": 0,
                                            "Actual Startup Time": 71.051,
                                            "Actual Total Time": 491.554,
                                            "Actual Rows": 176515,
                                            "Actual Loops": 1
                                        },
                                        {
                                            "Worker Number": 1,
                                            "Actual Startup Time": 71.289,
                                            "Actual Total Time": 491.713,
                                            "Actual Rows": 176748,
                                            "Actual Loops": 1
                                        },
                                        {
                                            "Worker Number": 2,
                                            "Actual Startup Time": 71.313,
                                            "Actual Total Time": 492.019,
                                            "Actual Rows": 166753,
                                            "Actual Loops": 1
                                        },
                                        {
                                            "Worker Number": 3,
                                            "Actual Startup Time": 71.764,
                                            "Actual Total Time": 492.061,
                                            "Actual Rows": 188568,
                                            "Actual Loops": 1
                                        }
                                    ],
                                    "Plans": [
                                        {
                                            "Node Type": "Hash Join",
                                            "Parent Relationship": "Outer",
                                            "Parallel Aware": true,
                                            "Join Type": "Inner",
                                            "Startup Cost": 27247.88,
                                            "Total Cost": 73899.68,
                                            "Plan Rows": 24594,
                                            "Plan Width": 8,
                                            "Actual Startup Time": 73.478,
                                            "Actual Total Time": 182.407,
                                            "Actual Rows": 18498,
                                            "Actual Loops": 5,
                                            "Output": [
                                                "t.id",
                                                "mc.movie_id"
                                            ],
                                            "Inner Unique": false,
                                            "Hash Cond": "(t.id = mc.movie_id)",
                                            "Workers": [
                                                {
                                                    "Worker Number": 0,
                                                    "Actual Startup Time": 70.816,
                                                    "Actual Total Time": 176.207,
                                                    "Actual Rows": 17286,
                                                    "Actual Loops": 1
                                                },
                                                {
                                                    "Worker Number": 1,
                                                    "Actual Startup Time": 71.019,
                                                    "Actual Total Time": 176.835,
                                                    "Actual Rows": 17236,
                                                    "Actual Loops": 1
                                                },
                                                {
                                                    "Worker Number": 2,
                                                    "Actual Startup Time": 71.197,
                                                    "Actual Total Time": 175.134,
                                                    "Actual Rows": 15568,
                                                    "Actual Loops": 1
                                                },
                                                {
                                                    "Worker Number": 3,
                                                    "Actual Startup Time": 71.705,
                                                    "Actual Total Time": 176.644,
                                                    "Actual Rows": 17386,
                                                    "Actual Loops": 1
                                                }
                                            ],
                                            "Plans": [
                                                {
                                                    "Node Type": "Seq Scan",
                                                    "Parent Relationship": "Outer",
                                                    "Parallel Aware": true,
                                                    "Relation Name": "title",
                                                    "Schema": "public",
                                                    "Alias": "t",
                                                    "Startup Cost": 0.0,
                                                    "Total Cost": 45479.21,
                                                    "Plan Rows": 218652,
                                                    "Plan Width": 4,
                                                    "Actual Startup Time": 0.012,
                                                    "Actual Total Time": 60.529,
                                                    "Actual Rows": 157328,
                                                    "Actual Loops": 5,
                                                    "Output": [
                                                        "t.id",
                                                        "t.title",
                                                        "t.imdb_index",
                                                        "t.kind_id",
                                                        "t.production_year",
                                                        "t.imdb_id",
                                                        "t.phonetic_code",
                                                        "t.episode_of_id",
                                                        "t.season_nr",
                                                        "t.episode_nr",
                                                        "t.series_years",
                                                        "t.md5sum"
                                                    ],
                                                    "Filter": "((t.kind_id < 7) AND (t.production_year > 1958))",
                                                    "Rows Removed by Filter": 348334,
                                                    "Workers": [
                                                        {
                                                            "Worker Number": 0,
                                                            "Actual Startup Time": 0.014,
                                                            "Actual Total Time": 59.974,
                                                            "Actual Rows": 147944,
                                                            "Actual Loops": 1
                                                        },
                                                        {
                                                            "Worker Number": 1,
                                                            "Actual Startup Time": 0.01,
                                                            "Actual Total Time": 59.972,
                                                            "Actual Rows": 147516,
                                                            "Actual Loops": 1
                                                        },
                                                        {
                                                            "Worker Number": 2,
                                                            "Actual Startup Time": 0.021,
                                                            "Actual Total Time": 58.335,
                                                            "Actual Rows": 134679,
                                                            "Actual Loops": 1
                                                        },
                                                        {
                                                            "Worker Number": 3,
                                                            "Actual Startup Time": 0.01,
                                                            "Actual Total Time": 59.522,
                                                            "Actual Rows": 147322,
                                                            "Actual Loops": 1
                                                        }
                                                    ]
                                                },
                                                {
                                                    "Node Type": "Hash",
                                                    "Parent Relationship": "Inner",
                                                    "Parallel Aware": true,
                                                    "Startup Cost": 26101.15,
                                                    "Total Cost": 26101.15,
                                                    "Plan Rows": 91738,
                                                    "Plan Width": 4,
                                                    "Actual Startup Time": 72.005,
                                                    "Actual Total Time": 72.007,
                                                    "Actual Rows": 55776,
                                                    "Actual Loops": 5,
                                                    "Output": [
                                                        "mc.movie_id"
                                                    ],
                                                    "Hash Buckets": 524288,
                                                    "Original Hash Buckets": 524288,
                                                    "Hash Batches": 1,
                                                    "Original Hash Batches": 1,
                                                    "Peak Memory Usage": 15072,
                                                    "Workers": [
                                                        {
                                                            "Worker Number": 0,
                                                            "Actual Startup Time": 70.41,
                                                            "Actual Total Time": 70.411,
                                                            "Actual Rows": 41457,
                                                            "Actual Loops": 1
                                                        },
                                                        {
                                                            "Worker Number": 1,
                                                            "Actual Startup Time": 70.621,
                                                            "Actual Total Time": 70.622,
                                                            "Actual Rows": 39785,
                                                            "Actual Loops": 1
                                                        },
                                                        {
                                                            "Worker Number": 2,
                                                            "Actual Startup Time": 70.778,
                                                            "Actual Total Time": 70.78,
                                                            "Actual Rows": 32360,
                                                            "Actual Loops": 1
                                                        },
                                                        {
                                                            "Worker Number": 3,
                                                            "Actual Startup Time": 71.259,
                                                            "Actual Total Time": 71.26,
                                                            "Actual Rows": 41772,
                                                            "Actual Loops": 1
                                                        }
                                                    ],
                                                    "Plans": [
                                                        {
                                                            "Node Type": "Bitmap Heap Scan",
                                                            "Parent Relationship": "Outer",
                                                            "Parallel Aware": true,
                                                            "Relation Name": "movie_companies",
                                                            "Schema": "public",
                                                            "Alias": "mc",
                                                            "Startup Cost": 6164.43,
                                                            "Total Cost": 26101.15,
                                                            "Plan Rows": 91738,
                                                            "Plan Width": 4,
                                                            "Actual Startup Time": 11.61,
                                                            "Actual Total Time": 50.452,
                                                            "Actual Rows": 55776,
                                                            "Actual Loops": 5,
                                                            "Output": [
                                                                "mc.movie_id"
                                                            ],
                                                            "Recheck Cond": "(mc.company_id < 150)",
                                                            "Rows Removed by Index Recheck": 0,
                                                            "Exact Heap Blocks": 7355,
                                                            "Lossy Heap Blocks": 0,
                                                            "Workers": [
                                                                {
                                                                    "Worker Number": 0,
                                                                    "Actual Startup Time": 10.147,
                                                                    "Actual Total Time": 50.047,
                                                                    "Actual Rows": 41457,
                                                                    "Actual Loops": 1
                                                                },
                                                                {
                                                                    "Worker Number": 1,
                                                                    "Actual Startup Time": 10.307,
                                                                    "Actual Total Time": 50.24,
                                                                    "Actual Rows": 39785,
                                                                    "Actual Loops": 1
                                                                },
                                                                {
                                                                    "Worker Number": 2,
                                                                    "Actual Startup Time": 10.403,
                                                                    "Actual Total Time": 50.211,
                                                                    "Actual Rows": 32360,
                                                                    "Actual Loops": 1
                                                                },
                                                                {
                                                                    "Worker Number": 3,
                                                                    "Actual Startup Time": 10.815,
                                                                    "Actual Total Time": 50.917,
                                                                    "Actual Rows": 41772,
                                                                    "Actual Loops": 1
                                                                }
                                                            ],
                                                            "Plans": [
                                                                {
                                                                    "Node Type": "Bitmap Index Scan",
                                                                    "Parent Relationship": "Outer",
                                                                    "Parallel Aware": false,
                                                                    "Index Name": "company_id_movie_companies",
                                                                    "Startup Cost": 0.0,
                                                                    "Total Cost": 6093.33,
                                                                    "Plan Rows": 284387,
                                                                    "Plan Width": 0,
                                                                    "Actual Startup Time": 13.853,
                                                                    "Actual Total Time": 13.854,
                                                                    "Actual Rows": 278880,
                                                                    "Actual Loops": 1,
                                                                    "Index Cond": "(mc.company_id < 150)"
                                                                }
                                                            ]
                                                        }
                                                    ]
                                                }
                                            ]
                                        },
                                        {
                                            "Node Type": "Index Scan",
                                            "Parent Relationship": "Inner",
                                            "Parallel Aware": false,
                                            "Scan Direction": "Forward",
                                            "Index Name": "movie_id_movie_info",
                                            "Relation Name": "movie_info",
                                            "Schema": "public",
                                            "Alias": "mi",
                                            "Startup Cost": 0.43,
                                            "Total Cost": 2.2,
                                            "Plan Rows": 6,
                                            "Plan Width": 4,
                                            "Actual Startup Time": 0.008,
                                            "Actual Total Time": 0.016,
                                            "Actual Rows": 11,
                                            "Actual Loops": 92490,
                                            "Output": [
                                                "mi.id",
                                                "mi.movie_id",
                                                "mi.info_type_id",
                                                "mi.info",
                                                "mi.note"
                                            ],
                                            "Index Cond": "(mi.movie_id = t.id)",
                                            "Rows Removed by Index Recheck": 0,
                                            "Filter": "(mi.info_type_id > 16)",
                                            "Rows Removed by Filter": 21,
                                            "Workers": [
                                                {
                                                    "Worker Number": 0,
                                                    "Actual Startup Time": 0.01,
                                                    "Actual Total Time": 0.017,
                                                    "Actual Rows": 10,
                                                    "Actual Loops": 17286
                                                },
                                                {
                                                    "Worker Number": 1,
                                                    "Actual Startup Time": 0.01,
                                                    "Actual Total Time": 0.017,
                                                    "Actual Rows": 10,
                                                    "Actual Loops": 17236
                                                },
                                                {
                                                    "Worker Number": 2,
                                                    "Actual Startup Time": 0.011,
                                                    "Actual Total Time": 0.019,
                                                    "Actual Rows": 11,
                                                    "Actual Loops": 15568
                                                },
                                                {
                                                    "Worker Number": 3,
                                                    "Actual Startup Time": 0.009,
                                                    "Actual Total Time": 0.017,
                                                    "Actual Rows": 11,
                                                    "Actual Loops": 17386
                                                }
                                            ]
                                        }
                                    ]
                                }
                            ]
                        }
                    ]
                }
            ]
        },
        "Planning Time": 197.893,
        "Triggers": [],
        "Execution Time": 550.967
    }
]