[
    {
        "Bao": {
            "Bao prediction": "NaN",
            "Bao recommended hint": "(no hint)"
        }
    },
    {
        "Plan": {
            "Node Type": "Aggregate",
            "Strategy": "Plain",
            "Partial Mode": "Simple",
            "Parallel Aware": false,
            "Startup Cost": 25241.79,
            "Total Cost": 25241.8,
            "Plan Rows": 1,
            "Plan Width": 8,
            "Actual Startup Time": 14.807,
            "Actual Total Time": 14.808,
            "Actual Rows": 1,
            "Actual Loops": 1,
            "Output": [
                "count(*)"
            ],
            "Plans": [
                {
                    "Node Type": "Bitmap Heap Scan",
                    "Parent Relationship": "Outer",
                    "Parallel Aware": false,
                    "Relation Name": "title",
                    "Schema": "public",
                    "Alias": "t",
                    "Startup Cost": 222.4,
                    "Total Cost": 25212.33,
                    "Plan Rows": 11784,
                    "Plan Width": 0,
                    "Actual Startup Time": 2.934,
                    "Actual Total Time": 14.036,
                    "Actual Rows": 12434,
                    "Actual Loops": 1,
                    "Recheck Cond": "(t.kind_id = 6)",
                    "Rows Removed by Index Recheck": 0,
                    "Filter": "(t.production_year > 0)",
                    "Rows Removed by Filter": 166,
                    "Exact Heap Blocks": 7903,
                    "Lossy Heap Blocks": 0,
                    "Plans": [
                        {
                            "Node Type": "Bitmap Index Scan",
                            "Parent Relationship": "Outer",
                            "Parallel Aware": false,
                            "Index Name": "kind_id_title",
                            "Startup Cost": 0.0,
                            "Total Cost": 219.45,
                            "Plan Rows": 12136,
                            "Plan Width": 0,
                            "Actual Startup Time": 1.756,
                            "Actual Total Time": 1.757,
                            "Actual Rows": 12600,
                            "Actual Loops": 1,
                            "Index Cond": "(t.kind_id = 6)"
                        }
                    ]
                }
            ]
        },
        "Planning Time": 185.835,
        "Triggers": [],
        "Execution Time": 14.855
    }
]