{
  "Plan": {
    "Node Type": "Aggregate",
    "Strategy": "Plain",
    "Partial Mode": "Finalize",
    "Parallel Aware": false,
    "Startup Cost": 106306.38,
    "Total Cost": 106306.39,
    "Plan Rows": 1,
    "Plan Width": 8,
    "Actual Startup Time": 526.699,
    "Actual Total Time": 542.567,
    "Actual Rows": 1,
    "Actual Loops": 1,
    "Plans": [
      {
        "Node Type": "Gather",
        "Parent Relationship": "Outer",
        "Parallel Aware": false,
        "Startup Cost": 106306.27,
        "Total Cost": 106306.38,
        "Plan Rows": 1,
        "Plan Width": 8,
        "Actual Startup Time": 524.207,
        "Actual Total Time": 542.558,
        "Actual Rows": 2,
        "Actual Loops": 1,
        "Workers Planned": 1,
        "Workers Launched": 1,
        "Single Copy": false,
        "Plans": [
          {
            "Node Type": "Aggregate",
            "Strategy": "Plain",
            "Partial Mode": "Partial",
            "Parent Relationship": "Outer",
            "Parallel Aware": false,
            "Startup Cost": 105306.27,
            "Total Cost": 105306.28,
            "Plan Rows": 1,
            "Plan Width": 8,
            "Actual Startup Time": 518.615,
            "Actual Total Time": 518.619,
            "Actual Rows": 1,
            "Actual Loops": 2,
            "Plans": [
              {
                "Node Type": "Hash Join",
                "Parent Relationship": "Outer",
                "Parallel Aware": true,
                "Join Type": "Inner",
                "Startup Cost": 65248.41,
                "Total Cost": 104759.8,
                "Plan Rows": 218590,
                "Plan Width": 0,
                "Actual Startup Time": 274.576,
                "Actual Total Time": 507.788,
                "Actual Rows": 267116,
                "Actual Loops": 2,
                "Inner Unique": true,
                "Hash Cond": "(mc.movie_id = t.id)",
                "Plans": [
                  {
                    "Node Type": "Seq Scan",
                    "Parent Relationship": "Outer",
                    "Parallel Aware": true,
                    "Relation Name": "movie_companies",
                    "Alias": "mc",
                    "Startup Cost": 0.0,
                    "Total Cost": 37974.77,
                    "Plan Rows": 585379,
                    "Plan Width": 4,
                    "Actual Startup Time": 0.014,
                    "Actual Total Time": 106.962,
                    "Actual Rows": 497421,
                    "Actual Loops": 2,
                    "Filter": "(company_id < 4625)",
                    "Rows Removed by Filter": 807144
                  },
                  {
                    "Node Type": "Hash",
                    "Parent Relationship": "Inner",
                    "Parallel Aware": true,
                    "Startup Cost": 58306.47,
                    "Total Cost": 58306.47,
                    "Plan Rows": 555355,
                    "Plan Width": 4,
                    "Actual Startup Time": 265.504,
                    "Actual Total Time": 265.505,
                    "Actual Rows": 463028,
                    "Actual Loops": 2,
                    "Hash Buckets": 1048576,
                    "Original Hash Buckets": 1048576,
                    "Hash Batches": 1,
                    "Original Hash Batches": 1,
                    "Peak Memory Usage": 44448,
                    "Plans": [
                      {
                        "Node Type": "Seq Scan",
                        "Parent Relationship": "Outer",
                        "Parallel Aware": true,
                        "Relation Name": "title",
                        "Alias": "t",
                        "Startup Cost": 0.0,
                        "Total Cost": 58306.47,
                        "Plan Rows": 555355,
                        "Plan Width": 4,
                        "Actual Startup Time": 0.043,
                        "Actual Total Time": 157.665,
                        "Actual Rows": 463028,
                        "Actual Loops": 2,
                        "Filter": "((kind_id < 7) AND (production_year > 1913))",
                        "Rows Removed by Filter": 801128
                      }
                    ]
                  }
                ]
              }
            ]
          }
        ]
      }
    ]
  },
  "Planning Time": 0.757,
  "Triggers": [],
  "Execution Time": 542.633
}