[
  {
    "Plan": {
      "Node Type": "Aggregate",
      "Strategy": "Plain",
      "Partial Mode": "Finalize",
      "Parallel Aware": false,
      "Startup Cost": 80128.65,
      "Total Cost": 80128.66,
      "Plan Rows": 1,
      "Plan Width": 8,
      "Actual Startup Time": 263.361,
      "Actual Total Time": 278.972,
      "Actual Rows": 1,
      "Actual Loops": 1,
      "Plans": [
        {
          "Node Type": "Gather",
          "Parent Relationship": "Outer",
          "Parallel Aware": false,
          "Startup Cost": 80128.34,
          "Total Cost": 80128.65,
          "Plan Rows": 3,
          "Plan Width": 8,
          "Actual Startup Time": 261.76,
          "Actual Total Time": 278.963,
          "Actual Rows": 4,
          "Actual Loops": 1,
          "Workers Planned": 3,
          "Workers Launched": 3,
          "Single Copy": false,
          "Plans": [
            {
              "Node Type": "Aggregate",
              "Strategy": "Plain",
              "Partial Mode": "Partial",
              "Parent Relationship": "Outer",
              "Parallel Aware": false,
              "Startup Cost": 79128.34,
              "Total Cost": 79128.35,
              "Plan Rows": 1,
              "Plan Width": 8,
              "Actual Startup Time": 252.8,
              "Actual Total Time": 252.803,
              "Actual Rows": 1,
              "Actual Loops": 4,
              "Plans": [
                {
                  "Node Type": "Hash Join",
                  "Parent Relationship": "Outer",
                  "Parallel Aware": true,
                  "Join Type": "Inner",
                  "Startup Cost": 46622.35,
                  "Total Cost": 78996.18,
                  "Plan Rows": 52864,
                  "Plan Width": 0,
                  "Actual Startup Time": 164.534,
                  "Actual Total Time": 251.457,
                  "Actual Rows": 29184,
                  "Actual Loops": 4,
                  "Inner Unique": true,
                  "Hash Cond": "(mc.movie_id = t.id)",
                  "Plans": [
                    {
                      "Node Type": "Seq Scan",
                      "Parent Relationship": "Outer",
                      "Parallel Aware": true,
                      "Relation Name": "movie_companies",
                      "Alias": "mc",
                      "Startup Cost": 0.0,
                      "Total Cost": 31414.82,
                      "Plan Rows": 365337,
                      "Plan Width": 4,
                      "Actual Startup Time": 33.664,
                      "Actual Total Time": 74.077,
                      "Actual Rows": 311972,
                      "Actual Loops": 4,
                      "Filter": "((company_id > 222) AND (company_type_id = 2))",
                      "Rows Removed by Filter": 340310
                    },
                    {
                      "Node Type": "Hash",
                      "Parent Relationship": "Inner",
                      "Parallel Aware": true,
                      "Startup Cost": 45479.1,
                      "Total Cost": 45479.1,
                      "Plan Rows": 91460,
                      "Plan Width": 4,
                      "Actual Startup Time": 126.944,
                      "Actual Total Time": 126.945,
                      "Actual Rows": 64048,
                      "Actual Loops": 4,
                      "Hash Buckets": 524288,
                      "Original Hash Buckets": 524288,
                      "Hash Batches": 1,
                      "Original Hash Batches": 1,
                      "Peak Memory Usage": 14176,
                      "Plans": [
                        {
                          "Node Type": "Seq Scan",
                          "Parent Relationship": "Outer",
                          "Parallel Aware": true,
                          "Relation Name": "title",
                          "Alias": "t",
                          "Startup Cost": 0.0,
                          "Total Cost": 45479.1,
                          "Plan Rows": 91460,
                          "Plan Width": 4,
                          "Actual Startup Time": 0.044,
                          "Actual Total Time": 101.003,
                          "Actual Rows": 64048,
                          "Actual Loops": 4,
                          "Filter": "((kind_id > 4) AND (production_year < 1986))",
                          "Rows Removed by Filter": 568030
                        }
                      ]
                    }
                  ]
                }
              ]
            }
          ]
        }
      ]
    },
    "Planning Time": 0.703,
    "Triggers": [],
    "Execution Time": 279.056
  }
]