{
    "Plan": {
        "Node Type": "Aggregate",
        "Strategy": "Plain",
        "Partial Mode": "Finalize",
        "Parallel Aware": false,
        "Startup Cost": 57760.06,
        "Total Cost": 57760.07,
        "Plan Rows": 1,
        "Plan Width": 8,
        "Actual Startup Time": 198.562,
        "Actual Total Time": 211.446,
        "Actual Rows": 1,
        "Actual Loops": 1,
        "Output": [
            "count(*)"
        ],
        "Plans": [
            {
                "Node Type": "Gather",
                "Parent Relationship": "Outer",
                "Parallel Aware": false,
                "Startup Cost": 57759.75,
                "Total Cost": 57760.06,
                "Plan Rows": 3,
                "Plan Width": 8,
                "Actual Startup Time": 195.994,
                "Actual Total Time": 211.436,
                "Actual Rows": 4,
                "Actual Loops": 1,
                "Output": [
                    "(PARTIAL count(*))"
                ],
                "Workers Planned": 3,
                "Workers Launched": 3,
                "Single Copy": false,
                "Plans": [
                    {
                        "Node Type": "Aggregate",
                        "Strategy": "Plain",
                        "Partial Mode": "Partial",
                        "Parent Relationship": "Outer",
                        "Parallel Aware": false,
                        "Startup Cost": 56759.75,
                        "Total Cost": 56759.76,
                        "Plan Rows": 1,
                        "Plan Width": 8,
                        "Actual Startup Time": 186.563,
                        "Actual Total Time": 186.567,
                        "Actual Rows": 1,
                        "Actual Loops": 4,
                        "Output": [
                            "PARTIAL count(*)"
                        ],
                        "Workers": [
                            {
                                "Worker Number": 0,
                                "Actual Startup Time": 183.663,
                                "Actual Total Time": 183.666,
                                "Actual Rows": 1,
                                "Actual Loops": 1
                            },
                            {
                                "Worker Number": 1,
                                "Actual Startup Time": 183.265,
                                "Actual Total Time": 183.269,
                                "Actual Rows": 1,
                                "Actual Loops": 1
                            },
                            {
                                "Worker Number": 2,
                                "Actual Startup Time": 184.148,
                                "Actual Total Time": 184.151,
                                "Actual Rows": 1,
                                "Actual Loops": 1
                            }
                        ],
                        "Plans": [
                            {
                                "Node Type": "Nested Loop",
                                "Parent Relationship": "Outer",
                                "Parallel Aware": false,
                                "Join Type": "Inner",
                                "Startup Cost": 17513.1,
                                "Total Cost": 56726.81,
                                "Plan Rows": 13174,
                                "Plan Width": 0,
                                "Actual Startup Time": 87.805,
                                "Actual Total Time": 185.425,
                                "Actual Rows": 12647,
                                "Actual Loops": 4,
                                "Inner Unique": true,
                                "Join Filter": "(ci.movie_id = t.id)",
                                "Rows Removed by Join Filter": 0,
                                "Workers": [
                                    {
                                        "Worker Number": 0,
                                        "Actual Startup Time": 84.84,
                                        "Actual Total Time": 182.313,
                                        "Actual Rows": 8000,
                                        "Actual Loops": 1
                                    },
                                    {
                                        "Worker Number": 1,
                                        "Actual Startup Time": 84.602,
                                        "Actual Total Time": 182.179,
                                        "Actual Rows": 11812,
                                        "Actual Loops": 1
                                    },
                                    {
                                        "Worker Number": 2,
                                        "Actual Startup Time": 85.092,
                                        "Actual Total Time": 183.01,
                                        "Actual Rows": 12532,
                                        "Actual Loops": 1
                                    }
                                ],
                                "Plans": [
                                    {
                                        "Node Type": "Hash Join",
                                        "Parent Relationship": "Outer",
                                        "Parallel Aware": true,
                                        "Join Type": "Inner",
                                        "Startup Cost": 17512.67,
                                        "Total Cost": 26640.98,
                                        "Plan Rows": 35297,
                                        "Plan Width": 8,
                                        "Actual Startup Time": 87.738,
                                        "Actual Total Time": 114.879,
                                        "Actual Rows": 12647,
                                        "Actual Loops": 4,
                                        "Output": [
                                            "ci.movie_id",
                                            "mi_idx.movie_id"
                                        ],
                                        "Inner Unique": false,
                                        "Hash Cond": "(ci.movie_id = mi_idx.movie_id)",
                                        "Workers": [
                                            {
                                                "Worker Number": 0,
                                                "Actual Startup Time": 84.743,
                                                "Actual Total Time": 108.299,
                                                "Actual Rows": 8000,
                                                "Actual Loops": 1
                                            },
                                            {
                                                "Worker Number": 1,
                                                "Actual Startup Time": 84.526,
                                                "Actual Total Time": 111.239,
                                                "Actual Rows": 11812,
                                                "Actual Loops": 1
                                            },
                                            {
                                                "Worker Number": 2,
                                                "Actual Startup Time": 85.021,
                                                "Actual Total Time": 110.276,
                                                "Actual Rows": 12532,
                                                "Actual Loops": 1
                                            }
                                        ],
                                        "Plans": [
                                            {
                                                "Node Type": "Index Scan",
                                                "Parent Relationship": "Outer",
                                                "Parallel Aware": true,
                                                "Scan Direction": "Forward",
                                                "Index Name": "role_id_cast_info",
                                                "Relation Name": "cast_info",
                                                "Schema": "public",
                                                "Alias": "ci",
                                                "Startup Cost": 0.56,
                                                "Total Cost": 8709.54,
                                                "Plan Rows": 72604,
                                                "Plan Width": 4,
                                                "Actual Startup Time": 0.078,
                                                "Actual Total Time": 13.377,
                                                "Actual Rows": 22235,
                                                "Actual Loops": 4,
                                                "Output": [
                                                    "ci.id",
                                                    "ci.person_id",
                                                    "ci.movie_id",
                                                    "ci.person_role_id",
                                                    "ci.note",
                                                    "ci.nr_order",
                                                    "ci.role_id"
                                                ],
                                                "Index Cond": "(ci.role_id > 10)",
                                                "Rows Removed by Index Recheck": 0,
                                                "Filter": "(ci.person_id < 2776235)",
                                                "Rows Removed by Filter": 56795,
                                                "Workers": [
                                                    {
                                                        "Worker Number": 0,
                                                        "Actual Startup Time": 0.057,
                                                        "Actual Total Time": 12.151,
                                                        "Actual Rows": 13413,
                                                        "Actual Loops": 1
                                                    },
                                                    {
                                                        "Worker Number": 1,
                                                        "Actual Startup Time": 0.067,
                                                        "Actual Total Time": 13.641,
                                                        "Actual Rows": 21570,
                                                        "Actual Loops": 1
                                                    },
                                                    {
                                                        "Worker Number": 2,
                                                        "Actual Startup Time": 0.088,
                                                        "Actual Total Time": 12.461,
                                                        "Actual Rows": 21085,
                                                        "Actual Loops": 1
                                                    }
                                                ]
                                            },
                                            {
                                                "Node Type": "Hash",
                                                "Parent Relationship": "Inner",
                                                "Parallel Aware": true,
                                                "Startup Cost": 15122.68,
                                                "Total Cost": 15122.68,
                                                "Plan Rows": 191154,
                                                "Plan Width": 4,
                                                "Actual Startup Time": 84.253,
                                                "Actual Total Time": 84.254,
                                                "Actual Rows": 114981,
                                                "Actual Loops": 4,
                                                "Output": [
                                                    "mi_idx.movie_id"
                                                ],
                                                "Hash Buckets": 524288,
                                                "Original Hash Buckets": 524288,
                                                "Hash Batches": 1,
                                                "Original Hash Batches": 1,
                                                "Peak Memory Usage": 22176,
                                                "Workers": [
                                                    {
                                                        "Worker Number": 0,
                                                        "Actual Startup Time": 84.166,
                                                        "Actual Total Time": 84.167,
                                                        "Actual Rows": 87254,
                                                        "Actual Loops": 1
                                                    },
                                                    {
                                                        "Worker Number": 1,
                                                        "Actual Startup Time": 84.08,
                                                        "Actual Total Time": 84.081,
                                                        "Actual Rows": 113747,
                                                        "Actual Loops": 1
                                                    },
                                                    {
                                                        "Worker Number": 2,
                                                        "Actual Startup Time": 84.428,
                                                        "Actual Total Time": 84.429,
                                                        "Actual Rows": 117404,
                                                        "Actual Loops": 1
                                                    }
                                                ],
                                                "Plans": [
                                                    {
                                                        "Node Type": "Seq Scan",
                                                        "Parent Relationship": "Outer",
                                                        "Parallel Aware": true,
                                                        "Relation Name": "movie_info_idx",
                                                        "Schema": "public",
                                                        "Alias": "mi_idx",
                                                        "Startup Cost": 0.0,
                                                        "Total Cost": 15122.68,
                                                        "Plan Rows": 191154,
                                                        "Plan Width": 4,
                                                        "Actual Startup Time": 0.035,
                                                        "Actual Total Time": 43.507,
                                                        "Actual Rows": 114981,
                                                        "Actual Loops": 4,
                                                        "Output": [
                                                            "mi_idx.movie_id"
                                                        ],
                                                        "Filter": "(mi_idx.info_type_id < 100)",
                                                        "Rows Removed by Filter": 230028,
                                                        "Workers": [
                                                            {
                                                                "Worker Number": 0,
                                                                "Actual Startup Time": 0.027,
                                                                "Actual Total Time": 44.813,
                                                                "Actual Rows": 87254,
                                                                "Actual Loops": 1
                                                            },
                                                            {
                                                                "Worker Number": 1,
                                                                "Actual Startup Time": 0.044,
                                                                "Actual Total Time": 44.972,
                                                                "Actual Rows": 113747,
                                                                "Actual Loops": 1
                                                            },
                                                            {
                                                                "Worker Number": 2,
                                                                "Actual Startup Time": 0.047,
                                                                "Actual Total Time": 42.941,
                                                                "Actual Rows": 117404,
                                                                "Actual Loops": 1
                                                            }
                                                        ]
                                                    }
                                                ]
                                            }
                                        ]
                                    },
                                    {
                                        "Node Type": "Index Only Scan",
                                        "Parent Relationship": "Inner",
                                        "Parallel Aware": false,
                                        "Scan Direction": "Forward",
                                        "Index Name": "title_pkey",
                                        "Relation Name": "title",
                                        "Schema": "public",
                                        "Alias": "t",
                                        "Startup Cost": 0.43,
                                        "Total Cost": 0.84,
                                        "Plan Rows": 1,
                                        "Plan Width": 4,
                                        "Actual Startup Time": 0.005,
                                        "Actual Total Time": 0.005,
                                        "Actual Rows": 1,
                                        "Actual Loops": 50589,
                                        "Output": [
                                            "t.id"
                                        ],
                                        "Index Cond": "(t.id = mi_idx.movie_id)",
                                        "Rows Removed by Index Recheck": 0,
                                        "Heap Fetches": 50589,
                                        "Workers": [
                                            {
                                                "Worker Number": 0,
                                                "Actual Startup Time": 0.009,
                                                "Actual Total Time": 0.009,
                                                "Actual Rows": 1,
                                                "Actual Loops": 8000
                                            },
                                            {
                                                "Worker Number": 1,
                                                "Actual Startup Time": 0.006,
                                                "Actual Total Time": 0.006,
                                                "Actual Rows": 1,
                                                "Actual Loops": 11812
                                            },
                                            {
                                                "Worker Number": 2,
                                                "Actual Startup Time": 0.005,
                                                "Actual Total Time": 0.005,
                                                "Actual Rows": 1,
                                                "Actual Loops": 12532
                                            }
                                        ]
                                    }
                                ]
                            }
                        ]
                    }
                ]
            }
        ]
    },
    "Planning Time": 1.508,
    "Triggers": [],
    "Execution Time": 211.587
}