[
  {
    "Plan": {
      "Node Type": "Aggregate",
      "Strategy": "Plain",
      "Partial Mode": "Finalize",
      "Parallel Aware": false,
      "Startup Cost": 420519.44,
      "Total Cost": 420519.45,
      "Plan Rows": 1,
      "Plan Width": 8,
      "Actual Startup Time": 2288.216,
      "Actual Total Time": 2342.544,
      "Actual Rows": 1,
      "Actual Loops": 1,
      "Plans": [
        {
          "Node Type": "Gather",
          "Parent Relationship": "Outer",
          "Parallel Aware": false,
          "Startup Cost": 420518.81,
          "Total Cost": 420519.42,
          "Plan Rows": 6,
          "Plan Width": 8,
          "Actual Startup Time": 2276.95,
          "Actual Total Time": 2342.532,
          "Actual Rows": 7,
          "Actual Loops": 1,
          "Workers Planned": 6,
          "Workers Launched": 6,
          "Single Copy": false,
          "Plans": [
            {
              "Node Type": "Aggregate",
              "Strategy": "Plain",
              "Partial Mode": "Partial",
              "Parent Relationship": "Outer",
              "Parallel Aware": false,
              "Startup Cost": 419518.81,
              "Total Cost": 419518.82,
              "Plan Rows": 1,
              "Plan Width": 8,
              "Actual Startup Time": 2267.231,
              "Actual Total Time": 2267.397,
              "Actual Rows": 1,
              "Actual Loops": 7,
              "Plans": [
                {
                  "Node Type": "Hash Join",
                  "Parent Relationship": "Outer",
                  "Parallel Aware": true,
                  "Join Type": "Inner",
                  "Startup Cost": 78305.29,
                  "Total Cost": 417139.37,
                  "Plan Rows": 951778,
                  "Plan Width": 0,
                  "Actual Startup Time": 301.81,
                  "Actual Total Time": 2153.722,
                  "Actual Rows": 2490882,
                  "Actual Loops": 7,
                  "Inner Unique": false,
                  "Hash Cond": "(ci.movie_id = t.id)",
                  "Plans": [
                    {
                      "Node Type": "Seq Scan",
                      "Parent Relationship": "Outer",
                      "Parallel Aware": true,
                      "Relation Name": "cast_info",
                      "Alias": "ci",
                      "Startup Cost": 0.0,
                      "Total Cost": 313106.51,
                      "Plan Rows": 6041951,
                      "Plan Width": 4,
                      "Actual Startup Time": 0.036,
                      "Actual Total Time": 537.257,
                      "Actual Rows": 5177763,
                      "Actual Loops": 7
                    },
                    {
                      "Node Type": "Hash",
                      "Parent Relationship": "Inner",
                      "Parallel Aware": true,
                      "Startup Cost": 76699.25,
                      "Total Cost": 76699.25,
                      "Plan Rows": 128483,
                      "Plan Width": 8,
                      "Actual Startup Time": 299.434,
                      "Actual Total Time": 299.598,
                      "Actual Rows": 105557,
                      "Actual Loops": 7,
                      "Hash Buckets": 1048576,
                      "Original Hash Buckets": 524288,
                      "Hash Batches": 1,
                      "Original Hash Batches": 1,
                      "Peak Memory Usage": 41312,
                      "Plans": [
                        {
                          "Node Type": "Hash Join",
                          "Parent Relationship": "Outer",
                          "Parallel Aware": true,
                          "Join Type": "Inner",
                          "Startup Cost": 46259.45,
                          "Total Cost": 76699.25,
                          "Plan Rows": 128483,
                          "Plan Width": 8,
                          "Actual Startup Time": 159.905,
                          "Actual Total Time": 243.462,
                          "Actual Rows": 105557,
                          "Actual Loops": 7,
                          "Inner Unique": true,
                          "Hash Cond": "(mc.movie_id = t.id)",
                          "Plans": [
                            {
                              "Node Type": "Seq Scan",
                              "Parent Relationship": "Outer",
                              "Parallel Aware": true,
                              "Relation Name": "movie_companies",
                              "Alias": "mc",
                              "Startup Cost": 0.0,
                              "Total Cost": 29310.68,
                              "Plan Rows": 430142,
                              "Plan Width": 4,
                              "Actual Startup Time": 21.564,
                              "Actual Total Time": 47.272,
                              "Actual Rows": 190698,
                              "Actual Loops": 7,
                              "Filter": "(company_type_id = 2)",
                              "Rows Removed by Filter": 182035
                            },
                            {
                              "Node Type": "Hash",
                              "Parent Relationship": "Inner",
                              "Parallel Aware": true,
                              "Startup Cost": 43899.32,
                              "Total Cost": 43899.32,
                              "Plan Rows": 188810,
                              "Plan Width": 4,
                              "Actual Startup Time": 136.396,
                              "Actual Total Time": 136.397,
                              "Actual Rows": 107668,
                              "Actual Loops": 7,
                              "Hash Buckets": 1048576,
                              "Original Hash Buckets": 1048576,
                              "Hash Batches": 1,
                              "Original Hash Batches": 1,
                              "Peak Memory Usage": 37728,
                              "Plans": [
                                {
                                  "Node Type": "Seq Scan",
                                  "Parent Relationship": "Outer",
                                  "Parallel Aware": true,
                                  "Relation Name": "title",
                                  "Alias": "t",
                                  "Startup Cost": 0.0,
                                  "Total Cost": 43899.32,
                                  "Plan Rows": 188810,
                                  "Plan Width": 4,
                                  "Actual Startup Time": 0.057,
                                  "Actual Total Time": 79.163,
                                  "Actual Rows": 107668,
                                  "Actual Loops": 7,
                                  "Filter": "(kind_id < 3)",
                                  "Rows Removed by Filter": 253519
                                }
                              ]
                            }
                          ]
                        }
                      ]
                    }
                  ]
                }
              ]
            }
          ]
        }
      ]
    },
    "Planning Time": 1.244,
    "Triggers": [],
    "Execution Time": 2342.633
  }
]