[
  {
    "Plan": {
      "Node Type": "Aggregate",
      "Strategy": "Plain",
      "Partial Mode": "Finalize",
      "Parallel Aware": false,
      "Startup Cost": 448902.24,
      "Total Cost": 448902.25,
      "Plan Rows": 1,
      "Plan Width": 8,
      "Actual Startup Time": 1414.364,
      "Actual Total Time": 1514.193,
      "Actual Rows": 1,
      "Actual Loops": 1,
      "Plans": [
        {
          "Node Type": "Gather",
          "Parent Relationship": "Outer",
          "Parallel Aware": false,
          "Startup Cost": 448901.72,
          "Total Cost": 448902.23,
          "Plan Rows": 5,
          "Plan Width": 8,
          "Actual Startup Time": 1413.435,
          "Actual Total Time": 1514.171,
          "Actual Rows": 6,
          "Actual Loops": 1,
          "Workers Planned": 5,
          "Workers Launched": 5,
          "Single Copy": false,
          "Plans": [
            {
              "Node Type": "Aggregate",
              "Strategy": "Plain",
              "Partial Mode": "Partial",
              "Parent Relationship": "Outer",
              "Parallel Aware": false,
              "Startup Cost": 447901.72,
              "Total Cost": 447901.73,
              "Plan Rows": 1,
              "Plan Width": 8,
              "Actual Startup Time": 1402.848,
              "Actual Total Time": 1402.852,
              "Actual Rows": 1,
              "Actual Loops": 6,
              "Plans": [
                {
                  "Node Type": "Nested Loop",
                  "Parent Relationship": "Outer",
                  "Parallel Aware": false,
                  "Join Type": "Inner",
                  "Startup Cost": 45785.44,
                  "Total Cost": 444905.78,
                  "Plan Rows": 1198375,
                  "Plan Width": 0,
                  "Actual Startup Time": 87.394,
                  "Actual Total Time": 1377.111,
                  "Actual Rows": 545363,
                  "Actual Loops": 6,
                  "Inner Unique": false,
                  "Join Filter": "(t.id = ci.movie_id)",
                  "Rows Removed by Join Filter": 0,
                  "Plans": [
                    {
                      "Node Type": "Hash Join",
                      "Parent Relationship": "Outer",
                      "Parallel Aware": true,
                      "Join Type": "Inner",
                      "Startup Cost": 45784.87,
                      "Total Cost": 245106.64,
                      "Plan Rows": 114428,
                      "Plan Width": 8,
                      "Actual Startup Time": 87.239,
                      "Actual Total Time": 651.837,
                      "Actual Rows": 30237,
                      "Actual Loops": 6,
                      "Inner Unique": true,
                      "Hash Cond": "(mi.movie_id = t.id)",
                      "Plans": [
                        {
                          "Node Type": "Seq Scan",
                          "Parent Relationship": "Outer",
                          "Parallel Aware": true,
                          "Relation Name": "movie_info",
                          "Alias": "mi",
                          "Startup Cost": 0.0,
                          "Total Cost": 191560.33,
                          "Plan Rows": 2956733,
                          "Plan Width": 4,
                          "Actual Startup Time": 0.023,
                          "Actual Total Time": 268.928,
                          "Actual Rows": 2472620,
                          "Actual Loops": 6
                        },
                        {
                          "Node Type": "Hash",
                          "Parent Relationship": "Inner",
                          "Parallel Aware": true,
                          "Startup Cost": 45479.1,
                          "Total Cost": 45479.1,
                          "Plan Rows": 24462,
                          "Plan Width": 4,
                          "Actual Startup Time": 84.965,
                          "Actual Total Time": 84.966,
                          "Actual Rows": 18400,
                          "Actual Loops": 6,
                          "Hash Buckets": 131072,
                          "Original Hash Buckets": 131072,
                          "Hash Batches": 1,
                          "Original Hash Batches": 1,
                          "Peak Memory Usage": 5440,
                          "Plans": [
                            {
                              "Node Type": "Seq Scan",
                              "Parent Relationship": "Outer",
                              "Parallel Aware": true,
                              "Relation Name": "title",
                              "Alias": "t",
                              "Startup Cost": 0.0,
                              "Total Cost": 45479.1,
                              "Plan Rows": 24462,
                              "Plan Width": 4,
                              "Actual Startup Time": 0.041,
                              "Actual Total Time": 76.943,
                              "Actual Rows": 18400,
                              "Actual Loops": 6,
                              "Filter": "((kind_id = 7) AND (production_year = 2012))",
                              "Rows Removed by Filter": 402985
                            }
                          ]
                        }
                      ]
                    },
                    {
                      "Node Type": "Index Scan",
                      "Parent Relationship": "Inner",
                      "Parallel Aware": false,
                      "Scan Direction": "Forward",
                      "Index Name": "movie_id_cast_info",
                      "Relation Name": "cast_info",
                      "Alias": "ci",
                      "Startup Cost": 0.56,
                      "Total Cost": 1.41,
                      "Plan Rows": 27,
                      "Plan Width": 4,
                      "Actual Startup Time": 0.007,
                      "Actual Total Time": 0.022,
                      "Actual Rows": 18,
                      "Actual Loops": 181424,
                      "Index Cond": "(movie_id = mi.movie_id)",
                      "Rows Removed by Index Recheck": 0,
                      "Filter": "(person_id > 966393)",
                      "Rows Removed by Filter": 5
                    }
                  ]
                }
              ]
            }
          ]
        }
      ]
    },
    "Planning Time": 1.321,
    "Triggers": [],
    "Execution Time": 1514.304
  }
]