[
  {
    "Plan": {
      "Node Type": "Aggregate",
      "Strategy": "Plain",
      "Partial Mode": "Finalize",
      "Parallel Aware": false,
      "Startup Cost": 46606.44,
      "Total Cost": 46606.45,
      "Plan Rows": 1,
      "Plan Width": 8,
      "Actual Startup Time": 184.905,
      "Actual Total Time": 194.905,
      "Actual Rows": 1,
      "Actual Loops": 1,
      "Plans": [
        {
          "Node Type": "Gather",
          "Parent Relationship": "Outer",
          "Parallel Aware": false,
          "Startup Cost": 46606.12,
          "Total Cost": 46606.43,
          "Plan Rows": 3,
          "Plan Width": 8,
          "Actual Startup Time": 184.756,
          "Actual Total Time": 194.896,
          "Actual Rows": 4,
          "Actual Loops": 1,
          "Workers Planned": 3,
          "Workers Launched": 3,
          "Single Copy": false,
          "Plans": [
            {
              "Node Type": "Aggregate",
              "Strategy": "Plain",
              "Partial Mode": "Partial",
              "Parent Relationship": "Outer",
              "Parallel Aware": false,
              "Startup Cost": 45606.12,
              "Total Cost": 45606.13,
              "Plan Rows": 1,
              "Plan Width": 8,
              "Actual Startup Time": 179.313,
              "Actual Total Time": 179.315,
              "Actual Rows": 1,
              "Actual Loops": 4,
              "Plans": [
                {
                  "Node Type": "Seq Scan",
                  "Parent Relationship": "Outer",
                  "Parallel Aware": true,
                  "Relation Name": "movie_keyword",
                  "Alias": "mk",
                  "Startup Cost": 0.0,
                  "Total Cost": 42695.65,
                  "Plan Rows": 1164187,
                  "Plan Width": 0,
                  "Actual Startup Time": 0.043,
                  "Actual Total Time": 133.625,
                  "Actual Rows": 905793,
                  "Actual Loops": 4,
                  "Filter": "(keyword_id < 20491)",
                  "Rows Removed by Filter": 225190
                }
              ]
            }
          ]
        }
      ]
    },
    "Planning Time": 0.186,
    "Triggers": [],
    "Execution Time": 194.958
  }
]