[
  {
    "Plan": {
      "Node Type": "Aggregate",
      "Strategy": "Plain",
      "Partial Mode": "Finalize",
      "Parallel Aware": false,
      "Startup Cost": 45383.03,
      "Total Cost": 45383.04,
      "Plan Rows": 1,
      "Plan Width": 8,
      "Actual Startup Time": 136.441,
      "Actual Total Time": 146.149,
      "Actual Rows": 1,
      "Actual Loops": 1,
      "Plans": [
        {
          "Node Type": "Gather",
          "Parent Relationship": "Outer",
          "Parallel Aware": false,
          "Startup Cost": 45382.71,
          "Total Cost": 45383.02,
          "Plan Rows": 3,
          "Plan Width": 8,
          "Actual Startup Time": 136.357,
          "Actual Total Time": 146.143,
          "Actual Rows": 4,
          "Actual Loops": 1,
          "Workers Planned": 3,
          "Workers Launched": 3,
          "Single Copy": false,
          "Plans": [
            {
              "Node Type": "Aggregate",
              "Strategy": "Plain",
              "Partial Mode": "Partial",
              "Parent Relationship": "Outer",
              "Parallel Aware": false,
              "Startup Cost": 44382.71,
              "Total Cost": 44382.72,
              "Plan Rows": 1,
              "Plan Width": 8,
              "Actual Startup Time": 131.855,
              "Actual Total Time": 131.856,
              "Actual Rows": 1,
              "Actual Loops": 4,
              "Plans": [
                {
                  "Node Type": "Seq Scan",
                  "Parent Relationship": "Outer",
                  "Parallel Aware": true,
                  "Relation Name": "movie_keyword",
                  "Alias": "mk",
                  "Startup Cost": 0.0,
                  "Total Cost": 42695.65,
                  "Plan Rows": 674822,
                  "Plan Width": 0,
                  "Actual Startup Time": 0.038,
                  "Actual Total Time": 108.303,
                  "Actual Rows": 523804,
                  "Actual Loops": 4,
                  "Filter": "(keyword_id < 3761)",
                  "Rows Removed by Filter": 607178
                }
              ]
            }
          ]
        }
      ]
    },
    "Planning Time": 0.118,
    "Triggers": [],
    "Execution Time": 146.187
  }
]