[
  {
    "Plan": {
      "Node Type": "Aggregate",
      "Strategy": "Plain",
      "Partial Mode": "Finalize",
      "Parallel Aware": false,
      "Startup Cost": 70125.69,
      "Total Cost": 70125.7,
      "Plan Rows": 1,
      "Plan Width": 8,
      "Actual Startup Time": 142.611,
      "Actual Total Time": 156.092,
      "Actual Rows": 1,
      "Actual Loops": 1,
      "Plans": [
        {
          "Node Type": "Gather",
          "Parent Relationship": "Outer",
          "Parallel Aware": false,
          "Startup Cost": 70125.37,
          "Total Cost": 70125.68,
          "Plan Rows": 3,
          "Plan Width": 8,
          "Actual Startup Time": 141.792,
          "Actual Total Time": 156.083,
          "Actual Rows": 4,
          "Actual Loops": 1,
          "Workers Planned": 3,
          "Workers Launched": 3,
          "Single Copy": false,
          "Plans": [
            {
              "Node Type": "Aggregate",
              "Strategy": "Plain",
              "Partial Mode": "Partial",
              "Parent Relationship": "Outer",
              "Parallel Aware": false,
              "Startup Cost": 69125.37,
              "Total Cost": 69125.38,
              "Plan Rows": 1,
              "Plan Width": 8,
              "Actual Startup Time": 131.841,
              "Actual Total Time": 131.845,
              "Actual Rows": 1,
              "Actual Loops": 4,
              "Plans": [
                {
                  "Node Type": "Nested Loop",
                  "Parent Relationship": "Outer",
                  "Parallel Aware": false,
                  "Join Type": "Inner",
                  "Startup Cost": 47600.87,
                  "Total Cost": 69122.33,
                  "Plan Rows": 1214,
                  "Plan Width": 0,
                  "Actual Startup Time": 126.213,
                  "Actual Total Time": 131.785,
                  "Actual Rows": 1056,
                  "Actual Loops": 4,
                  "Inner Unique": false,
                  "Plans": [
                    {
                      "Node Type": "Hash Join",
                      "Parent Relationship": "Outer",
                      "Parallel Aware": true,
                      "Join Type": "Inner",
                      "Startup Cost": 47600.43,
                      "Total Cost": 66751.88,
                      "Plan Rows": 918,
                      "Plan Width": 8,
                      "Actual Startup Time": 125.882,
                      "Actual Total Time": 128.551,
                      "Actual Rows": 1332,
                      "Actual Loops": 4,
                      "Inner Unique": true,
                      "Hash Cond": "(mc.movie_id = t.id)",
                      "Plans": [
                        {
                          "Node Type": "Bitmap Heap Scan",
                          "Parent Relationship": "Outer",
                          "Parallel Aware": true,
                          "Relation Name": "movie_companies",
                          "Alias": "mc",
                          "Startup Cost": 1479.44,
                          "Total Cost": 20601.21,
                          "Plan Rows": 11304,
                          "Plan Width": 4,
                          "Actual Startup Time": 12.747,
                          "Actual Total Time": 14.331,
                          "Actual Rows": 2072,
                          "Actual Loops": 4,
                          "Recheck Cond": "(company_id < 11)",
                          "Rows Removed by Index Recheck": 0,
                          "Filter": "(company_type_id = 2)",
                          "Rows Removed by Filter": 15410,
                          "Exact Heap Blocks": 3682,
                          "Lossy Heap Blocks": 0,
                          "Plans": [
                            {
                              "Node Type": "Bitmap Index Scan",
                              "Parent Relationship": "Outer",
                              "Parallel Aware": false,
                              "Index Name": "company_id_movie_companies",
                              "Startup Cost": 0.0,
                              "Total Cost": 1470.67,
                              "Plan Rows": 68566,
                              "Plan Width": 0,
                              "Actual Startup Time": 3.071,
                              "Actual Total Time": 3.071,
                              "Actual Rows": 69928,
                              "Actual Loops": 1,
                              "Index Cond": "(company_id < 11)"
                            }
                          ]
                        },
                        {
                          "Node Type": "Hash",
                          "Parent Relationship": "Inner",
                          "Parallel Aware": true,
                          "Startup Cost": 45479.59,
                          "Total Cost": 45479.59,
                          "Plan Rows": 51313,
                          "Plan Width": 4,
                          "Actual Startup Time": 110.611,
                          "Actual Total Time": 110.612,
                          "Actual Rows": 28075,
                          "Actual Loops": 4,
                          "Hash Buckets": 262144,
                          "Original Hash Buckets": 262144,
                          "Hash Batches": 1,
                          "Original Hash Batches": 1,
                          "Peak Memory Usage": 6528,
                          "Plans": [
                            {
                              "Node Type": "Seq Scan",
                              "Parent Relationship": "Outer",
                              "Parallel Aware": true,
                              "Relation Name": "title",
                              "Alias": "t",
                              "Startup Cost": 0.0,
                              "Total Cost": 45479.59,
                              "Plan Rows": 51313,
                              "Plan Width": 4,
                              "Actual Startup Time": 0.049,
                              "Actual Total Time": 98.805,
                              "Actual Rows": 28075,
                              "Actual Loops": 4,
                              "Filter": "((production_year < 1969) AND (kind_id = 7))",
                              "Rows Removed by Filter": 604003
                            }
                          ]
                        }
                      ]
                    },
                    {
                      "Node Type": "Index Scan",
                      "Parent Relationship": "Inner",
                      "Parallel Aware": false,
                      "Scan Direction": "Forward",
                      "Index Name": "movie_id_movie_keyword",
                      "Relation Name": "movie_keyword",
                      "Alias": "mk",
                      "Startup Cost": 0.43,
                      "Total Cost": 2.24,
                      "Plan Rows": 34,
                      "Plan Width": 4,
                      "Actual Startup Time": 0.002,
                      "Actual Total Time": 0.002,
                      "Actual Rows": 1,
                      "Actual Loops": 5326,
                      "Index Cond": "(movie_id = t.id)",
                      "Rows Removed by Index Recheck": 0,
                      "Filter": "(keyword_id > 1404)",
                      "Rows Removed by Filter": 0
                    }
                  ]
                }
              ]
            }
          ]
        }
      ]
    },
    "Planning Time": 1.58,
    "Triggers": [],
    "Execution Time": 156.198
  }
]