[
  {
    "Plan": {
      "Node Type": "Aggregate",
      "Strategy": "Plain",
      "Partial Mode": "Finalize",
      "Parallel Aware": false,
      "Startup Cost": 83272.06,
      "Total Cost": 83272.07,
      "Plan Rows": 1,
      "Plan Width": 8,
      "Actual Startup Time": 136.604,
      "Actual Total Time": 159.277,
      "Actual Rows": 1,
      "Actual Loops": 1,
      "Plans": [
        {
          "Node Type": "Gather",
          "Parent Relationship": "Outer",
          "Parallel Aware": false,
          "Startup Cost": 83271.64,
          "Total Cost": 83272.05,
          "Plan Rows": 4,
          "Plan Width": 8,
          "Actual Startup Time": 136.423,
          "Actual Total Time": 159.268,
          "Actual Rows": 5,
          "Actual Loops": 1,
          "Workers Planned": 4,
          "Workers Launched": 4,
          "Single Copy": false,
          "Plans": [
            {
              "Node Type": "Aggregate",
              "Strategy": "Plain",
              "Partial Mode": "Partial",
              "Parent Relationship": "Outer",
              "Parallel Aware": false,
              "Startup Cost": 82271.64,
              "Total Cost": 82271.65,
              "Plan Rows": 1,
              "Plan Width": 8,
              "Actual Startup Time": 128.763,
              "Actual Total Time": 128.765,
              "Actual Rows": 1,
              "Actual Loops": 5,
              "Plans": [
                {
                  "Node Type": "Nested Loop",
                  "Parent Relationship": "Outer",
                  "Parallel Aware": false,
                  "Join Type": "Inner",
                  "Startup Cost": 0.56,
                  "Total Cost": 82261.92,
                  "Plan Rows": 3889,
                  "Plan Width": 0,
                  "Actual Startup Time": 64.67,
                  "Actual Total Time": 128.008,
                  "Actual Rows": 5425,
                  "Actual Loops": 5,
                  "Inner Unique": false,
                  "Plans": [
                    {
                      "Node Type": "Seq Scan",
                      "Parent Relationship": "Outer",
                      "Parallel Aware": true,
                      "Relation Name": "title",
                      "Alias": "t",
                      "Startup Cost": 0.0,
                      "Total Cost": 45479.59,
                      "Plan Rows": 271,
                      "Plan Width": 4,
                      "Actual Startup Time": 64.5,
                      "Actual Total Time": 91.917,
                      "Actual Rows": 555,
                      "Actual Loops": 5,
                      "Filter": "((kind_id < 7) AND (production_year = 1928))",
                      "Rows Removed by Filter": 505108
                    },
                    {
                      "Node Type": "Index Only Scan",
                      "Parent Relationship": "Inner",
                      "Parallel Aware": false,
                      "Scan Direction": "Forward",
                      "Index Name": "movie_id_cast_info",
                      "Relation Name": "cast_info",
                      "Alias": "ci",
                      "Startup Cost": 0.56,
                      "Total Cost": 135.38,
                      "Plan Rows": 35,
                      "Plan Width": 4,
                      "Actual Startup Time": 0.018,
                      "Actual Total Time": 0.063,
                      "Actual Rows": 10,
                      "Actual Loops": 2773,
                      "Index Cond": "(movie_id = t.id)",
                      "Rows Removed by Index Recheck": 0,
                      "Heap Fetches": 27126
                    }
                  ]
                }
              ]
            }
          ]
        }
      ]
    },
    "Planning Time": 0.612,
    "Triggers": [],
    "Execution Time": 159.354
  }
]