{
  "Plan": {
    "Node Type": "Aggregate",
    "Strategy": "Plain",
    "Partial Mode": "Finalize",
    "Parallel Aware": false,
    "Startup Cost": 143357.58,
    "Total Cost": 143357.59,
    "Plan Rows": 1,
    "Plan Width": 8,
    "Actual Startup Time": 1095.878,
    "Actual Total Time": 1113.682,
    "Actual Rows": 1,
    "Actual Loops": 1,
    "Plans": [
      {
        "Node Type": "Gather",
        "Parent Relationship": "Outer",
        "Parallel Aware": false,
        "Startup Cost": 143357.46,
        "Total Cost": 143357.57,
        "Plan Rows": 1,
        "Plan Width": 8,
        "Actual Startup Time": 1091.203,
        "Actual Total Time": 1113.674,
        "Actual Rows": 2,
        "Actual Loops": 1,
        "Workers Planned": 1,
        "Workers Launched": 1,
        "Single Copy": false,
        "Plans": [
          {
            "Node Type": "Aggregate",
            "Strategy": "Plain",
            "Partial Mode": "Partial",
            "Parent Relationship": "Outer",
            "Parallel Aware": false,
            "Startup Cost": 142357.46,
            "Total Cost": 142357.47,
            "Plan Rows": 1,
            "Plan Width": 8,
            "Actual Startup Time": 1085.728,
            "Actual Total Time": 1086.866,
            "Actual Rows": 1,
            "Actual Loops": 2,
            "Plans": [
              {
                "Node Type": "Hash Join",
                "Parent Relationship": "Outer",
                "Parallel Aware": true,
                "Join Type": "Inner",
                "Startup Cost": 106570.67,
                "Total Cost": 142025.38,
                "Plan Rows": 132833,
                "Plan Width": 0,
                "Actual Startup Time": 722.753,
                "Actual Total Time": 1029.765,
                "Actual Rows": 1065148,
                "Actual Loops": 2,
                "Inner Unique": false,
                "Hash Cond": "(mk.movie_id = t.id)",
                "Plans": [
                  {
                    "Node Type": "Bitmap Heap Scan",
                    "Parent Relationship": "Outer",
                    "Parallel Aware": true,
                    "Relation Name": "movie_keyword",
                    "Alias": "mk",
                    "Startup Cost": 22677.96,
                    "Total Cost": 54992.99,
                    "Plan Rows": 628882,
                    "Plan Width": 4,
                    "Actual Startup Time": 60.135,
                    "Actual Total Time": 170.969,
                    "Actual Rows": 541046,
                    "Actual Loops": 2,
                    "Recheck Cond": "(keyword_id < 1091)",
                    "Rows Removed by Index Recheck": 0,
                    "Exact Heap Blocks": 15419,
                    "Lossy Heap Blocks": 0,
                    "Plans": [
                      {
                        "Node Type": "Bitmap Index Scan",
                        "Parent Relationship": "Outer",
                        "Parallel Aware": false,
                        "Index Name": "keyword_id_movie_keyword",
                        "Startup Cost": 0.0,
                        "Total Cost": 22410.68,
                        "Plan Rows": 1069100,
                        "Plan Width": 0,
                        "Actual Startup Time": 56.327,
                        "Actual Total Time": 56.327,
                        "Actual Rows": 1082093,
                        "Actual Loops": 1,
                        "Index Cond": "(keyword_id < 1091)"
                      }
                    ]
                  },
                  {
                    "Node Type": "Hash",
                    "Parent Relationship": "Inner",
                    "Parallel Aware": true,
                    "Startup Cost": 79966.04,
                    "Total Cost": 79966.04,
                    "Plan Rows": 314134,
                    "Plan Width": 8,
                    "Actual Startup Time": 656.168,
                    "Actual Total Time": 657.303,
                    "Actual Rows": 468828,
                    "Actual Loops": 2,
                    "Hash Buckets": 1048576,
                    "Original Hash Buckets": 1048576,
                    "Hash Batches": 1,
                    "Original Hash Batches": 1,
                    "Peak Memory Usage": 44928,
                    "Plans": [
                      {
                        "Node Type": "Hash Join",
                        "Parent Relationship": "Outer",
                        "Parallel Aware": true,
                        "Join Type": "Inner",
                        "Startup Cost": 61782.25,
                        "Total Cost": 79966.04,
                        "Plan Rows": 314134,
                        "Plan Width": 8,
                        "Actual Startup Time": 303.444,
                        "Actual Total Time": 546.004,
                        "Actual Rows": 468828,
                        "Actual Loops": 2,
                        "Inner Unique": true,
                        "Hash Cond": "(mi_idx.movie_id = t.id)",
                        "Plans": [
                          {
                            "Node Type": "Seq Scan",
                            "Parent Relationship": "Outer",
                            "Parallel Aware": true,
                            "Relation Name": "movie_info_idx",
                            "Alias": "mi_idx",
                            "Startup Cost": 0.0,
                            "Total Cost": 16052.85,
                            "Plan Rows": 811785,
                            "Plan Width": 4,
                            "Actual Startup Time": 0.021,
                            "Actual Total Time": 59.994,
                            "Actual Rows": 690018,
                            "Actual Loops": 2
                          },
                          {
                            "Node Type": "Hash",
                            "Parent Relationship": "Inner",
                            "Parallel Aware": true,
                            "Startup Cost": 54588.39,
                            "Total Cost": 54588.39,
                            "Plan Rows": 575509,
                            "Plan Width": 4,
                            "Actual Startup Time": 298.918,
                            "Actual Total Time": 298.919,
                            "Actual Rows": 486224,
                            "Actual Loops": 2,
                            "Hash Buckets": 1048576,
                            "Original Hash Buckets": 1048576,
                            "Hash Batches": 1,
                            "Original Hash Batches": 1,
                            "Peak Memory Usage": 46272,
                            "Plans": [
                              {
                                "Node Type": "Seq Scan",
                                "Parent Relationship": "Outer",
                                "Parallel Aware": true,
                                "Relation Name": "title",
                                "Alias": "t",
                                "Startup Cost": 0.0,
                                "Total Cost": 54588.39,
                                "Plan Rows": 575509,
                                "Plan Width": 4,
                                "Actual Startup Time": 0.035,
                                "Actual Total Time": 167.414,
                                "Actual Rows": 486224,
                                "Actual Loops": 2,
                                "Filter": "(kind_id < 6)",
                                "Rows Removed by Filter": 777932
                              }
                            ]
                          }
                        ]
                      }
                    ]
                  }
                ]
              }
            ]
          }
        ]
      }
    ]
  },
  "Planning Time": 0.586,
  "Triggers": [],
  "Execution Time": 1113.747
}