[
    {
        "Bao": {
            "Bao prediction": "NaN",
            "Bao recommended hint": "(no hint)"
        }
    },
    {
        "Plan": {
            "Node Type": "Aggregate",
            "Strategy": "Plain",
            "Partial Mode": "Finalize",
            "Parallel Aware": false,
            "Startup Cost": 286292.97,
            "Total Cost": 286292.98,
            "Plan Rows": 1,
            "Plan Width": 8,
            "Actual Startup Time": 140.173,
            "Actual Total Time": 144.066,
            "Actual Rows": 1,
            "Actual Loops": 1,
            "Output": [
                "count(*)"
            ],
            "Plans": [
                {
                    "Node Type": "Gather",
                    "Parent Relationship": "Outer",
                    "Parallel Aware": false,
                    "Startup Cost": 286292.34,
                    "Total Cost": 286292.95,
                    "Plan Rows": 6,
                    "Plan Width": 8,
                    "Actual Startup Time": 139.58,
                    "Actual Total Time": 144.058,
                    "Actual Rows": 7,
                    "Actual Loops": 1,
                    "Output": [
                        "(PARTIAL count(*))"
                    ],
                    "Workers Planned": 6,
                    "Workers Launched": 6,
                    "Single Copy": false,
                    "Plans": [
                        {
                            "Node Type": "Aggregate",
                            "Strategy": "Plain",
                            "Partial Mode": "Partial",
                            "Parent Relationship": "Outer",
                            "Parallel Aware": false,
                            "Startup Cost": 285292.34,
                            "Total Cost": 285292.35,
                            "Plan Rows": 1,
                            "Plan Width": 8,
                            "Actual Startup Time": 129.265,
                            "Actual Total Time": 129.266,
                            "Actual Rows": 1,
                            "Actual Loops": 7,
                            "Output": [
                                "PARTIAL count(*)"
                            ],
                            "Workers": [
                                {
                                    "Worker Number": 0,
                                    "Actual Startup Time": 127.052,
                                    "Actual Total Time": 127.053,
                                    "Actual Rows": 1,
                                    "Actual Loops": 1
                                },
                                {
                                    "Worker Number": 1,
                                    "Actual Startup Time": 127.016,
                                    "Actual Total Time": 127.018,
                                    "Actual Rows": 1,
                                    "Actual Loops": 1
                                },
                                {
                                    "Worker Number": 2,
                                    "Actual Startup Time": 127.566,
                                    "Actual Total Time": 127.566,
                                    "Actual Rows": 1,
                                    "Actual Loops": 1
                                },
                                {
                                    "Worker Number": 3,
                                    "Actual Startup Time": 127.945,
                                    "Actual Total Time": 127.946,
                                    "Actual Rows": 1,
                                    "Actual Loops": 1
                                },
                                {
                                    "Worker Number": 4,
                                    "Actual Startup Time": 128.03,
                                    "Actual Total Time": 128.031,
                                    "Actual Rows": 1,
                                    "Actual Loops": 1
                                },
                                {
                                    "Worker Number": 5,
                                    "Actual Startup Time": 128.032,
                                    "Actual Total Time": 128.034,
                                    "Actual Rows": 1,
                                    "Actual Loops": 1
                                }
                            ],
                            "Plans": [
                                {
                                    "Node Type": "Bitmap Heap Scan",
                                    "Parent Relationship": "Outer",
                                    "Parallel Aware": true,
                                    "Relation Name": "cast_info",
                                    "Schema": "public",
                                    "Alias": "ci",
                                    "Startup Cost": 29289.06,
                                    "Total Cost": 284739.63,
                                    "Plan Rows": 221086,
                                    "Plan Width": 0,
                                    "Actual Startup Time": 61.691,
                                    "Actual Total Time": 115.934,
                                    "Actual Rows": 194426,
                                    "Actual Loops": 7,
                                    "Recheck Cond": "(ci.person_id < 135790)",
                                    "Rows Removed by Index Recheck": 0,
                                    "Exact Heap Blocks": 3755,
                                    "Lossy Heap Blocks": 0,
                                    "Workers": [
                                        {
                                            "Worker Number": 0,
                                            "Actual Startup Time": 59.712,
                                            "Actual Total Time": 114.033,
                                            "Actual Rows": 146684,
                                            "Actual Loops": 1
                                        },
                                        {
                                            "Worker Number": 1,
                                            "Actual Startup Time": 59.571,
                                            "Actual Total Time": 114.136,
                                            "Actual Rows": 161248,
                                            "Actual Loops": 1
                                        },
                                        {
                                            "Worker Number": 2,
                                            "Actual Startup Time": 60.173,
                                            "Actual Total Time": 114.583,
                                            "Actual Rows": 189501,
                                            "Actual Loops": 1
                                        },
                                        {
                                            "Worker Number": 3,
                                            "Actual Startup Time": 60.294,
                                            "Actual Total Time": 115.028,
                                            "Actual Rows": 179242,
                                            "Actual Loops": 1
                                        },
                                        {
                                            "Worker Number": 4,
                                            "Actual Startup Time": 60.435,
                                            "Actual Total Time": 114.879,
                                            "Actual Rows": 147749,
                                            "Actual Loops": 1
                                        },
                                        {
                                            "Worker Number": 5,
                                            "Actual Startup Time": 60.435,
                                            "Actual Total Time": 115.367,
                                            "Actual Rows": 153842,
                                            "Actual Loops": 1
                                        }
                                    ],
                                    "Plans": [
                                        {
                                            "Node Type": "Bitmap Index Scan",
                                            "Parent Relationship": "Outer",
                                            "Parallel Aware": false,
                                            "Index Name": "person_id_cast_info",
                                            "Startup Cost": 0.0,
                                            "Total Cost": 28957.43,
                                            "Plan Rows": 1326515,
                                            "Plan Width": 0,
                                            "Actual Startup Time": 69.056,
                                            "Actual Total Time": 69.057,
                                            "Actual Rows": 1360980,
                                            "Actual Loops": 1,
                                            "Index Cond": "(ci.person_id < 135790)"
                                        }
                                    ]
                                }
                            ]
                        }
                    ]
                }
            ]
        },
        "Planning Time": 203.131,
        "Triggers": [],
        "Execution Time": 144.145
    }
]