[
  {
    "Plan": {
      "Node Type": "Aggregate",
      "Strategy": "Plain",
      "Partial Mode": "Finalize",
      "Parallel Aware": false,
      "Startup Cost": 26049.3,
      "Total Cost": 26049.31,
      "Plan Rows": 1,
      "Plan Width": 8,
      "Actual Startup Time": 73.831,
      "Actual Total Time": 77.97,
      "Actual Rows": 1,
      "Actual Loops": 1,
      "Plans": [
        {
          "Node Type": "Gather",
          "Parent Relationship": "Outer",
          "Parallel Aware": false,
          "Startup Cost": 26048.99,
          "Total Cost": 26049.3,
          "Plan Rows": 3,
          "Plan Width": 8,
          "Actual Startup Time": 73.655,
          "Actual Total Time": 77.961,
          "Actual Rows": 4,
          "Actual Loops": 1,
          "Workers Planned": 3,
          "Workers Launched": 3,
          "Single Copy": false,
          "Plans": [
            {
              "Node Type": "Aggregate",
              "Strategy": "Plain",
              "Partial Mode": "Partial",
              "Parent Relationship": "Outer",
              "Parallel Aware": false,
              "Startup Cost": 25048.99,
              "Total Cost": 25049.0,
              "Plan Rows": 1,
              "Plan Width": 8,
              "Actual Startup Time": 67.131,
              "Actual Total Time": 67.132,
              "Actual Rows": 1,
              "Actual Loops": 4,
              "Plans": [
                {
                  "Node Type": "Bitmap Heap Scan",
                  "Parent Relationship": "Outer",
                  "Parallel Aware": true,
                  "Relation Name": "movie_companies",
                  "Alias": "mc",
                  "Startup Cost": 5033.45,
                  "Total Cost": 24953.37,
                  "Plan Rows": 38247,
                  "Plan Width": 0,
                  "Actual Startup Time": 54.464,
                  "Actual Total Time": 66.159,
                  "Actual Rows": 13598,
                  "Actual Loops": 4,
                  "Recheck Cond": "(company_id < 93)",
                  "Rows Removed by Index Recheck": 0,
                  "Filter": "(company_type_id > 1)",
                  "Rows Removed by Filter": 44569,
                  "Exact Heap Blocks": 9501,
                  "Lossy Heap Blocks": 0,
                  "Plans": [
                    {
                      "Node Type": "Bitmap Index Scan",
                      "Parent Relationship": "Outer",
                      "Parallel Aware": false,
                      "Index Name": "company_id_movie_companies",
                      "Startup Cost": 0.0,
                      "Total Cost": 5003.81,
                      "Plan Rows": 233517,
                      "Plan Width": 0,
                      "Actual Startup Time": 24.647,
                      "Actual Total Time": 24.647,
                      "Actual Rows": 232665,
                      "Actual Loops": 1,
                      "Index Cond": "(company_id < 93)"
                    }
                  ]
                }
              ]
            }
          ]
        }
      ]
    },
    "Planning Time": 0.142,
    "Triggers": [],
    "Execution Time": 78.024
  }
]