[
    {
        "Bao": {
            "Bao prediction": "NaN",
            "Bao recommended hint": "(no hint)"
        }
    },
    {
        "Plan": {
            "Node Type": "Aggregate",
            "Strategy": "Plain",
            "Partial Mode": "Finalize",
            "Parallel Aware": false,
            "Startup Cost": 75122.55,
            "Total Cost": 75122.56,
            "Plan Rows": 1,
            "Plan Width": 8,
            "Actual Startup Time": 378.102,
            "Actual Total Time": 394.482,
            "Actual Rows": 1,
            "Actual Loops": 1,
            "Output": [
                "count(*)"
            ],
            "Plans": [
                {
                    "Node Type": "Gather",
                    "Parent Relationship": "Outer",
                    "Parallel Aware": false,
                    "Startup Cost": 75122.13,
                    "Total Cost": 75122.54,
                    "Plan Rows": 4,
                    "Plan Width": 8,
                    "Actual Startup Time": 372.674,
                    "Actual Total Time": 394.464,
                    "Actual Rows": 5,
                    "Actual Loops": 1,
                    "Output": [
                        "(PARTIAL count(*))"
                    ],
                    "Workers Planned": 4,
                    "Workers Launched": 4,
                    "Single Copy": false,
                    "Plans": [
                        {
                            "Node Type": "Aggregate",
                            "Strategy": "Plain",
                            "Partial Mode": "Partial",
                            "Parent Relationship": "Outer",
                            "Parallel Aware": false,
                            "Startup Cost": 74122.13,
                            "Total Cost": 74122.14,
                            "Plan Rows": 1,
                            "Plan Width": 8,
                            "Actual Startup Time": 362.275,
                            "Actual Total Time": 362.281,
                            "Actual Rows": 1,
                            "Actual Loops": 5,
                            "Output": [
                                "PARTIAL count(*)"
                            ],
                            "Workers": [
                                {
                                    "Worker Number": 0,
                                    "Actual Startup Time": 358.883,
                                    "Actual Total Time": 358.888,
                                    "Actual Rows": 1,
                                    "Actual Loops": 1
                                },
                                {
                                    "Worker Number": 1,
                                    "Actual Startup Time": 359.775,
                                    "Actual Total Time": 359.781,
                                    "Actual Rows": 1,
                                    "Actual Loops": 1
                                },
                                {
                                    "Worker Number": 2,
                                    "Actual Startup Time": 359.755,
                                    "Actual Total Time": 359.762,
                                    "Actual Rows": 1,
                                    "Actual Loops": 1
                                },
                                {
                                    "Worker Number": 3,
                                    "Actual Startup Time": 360.869,
                                    "Actual Total Time": 360.874,
                                    "Actual Rows": 1,
                                    "Actual Loops": 1
                                }
                            ],
                            "Plans": [
                                {
                                    "Node Type": "Hash Join",
                                    "Parent Relationship": "Outer",
                                    "Parallel Aware": true,
                                    "Join Type": "Inner",
                                    "Startup Cost": 28190.36,
                                    "Total Cost": 73924.53,
                                    "Plan Rows": 79040,
                                    "Plan Width": 0,
                                    "Actual Startup Time": 240.416,
                                    "Actual Total Time": 357.721,
                                    "Actual Rows": 63344,
                                    "Actual Loops": 5,
                                    "Inner Unique": false,
                                    "Hash Cond": "(t.id = mc.movie_id)",
                                    "Workers": [
                                        {
                                            "Worker Number": 0,
                                            "Actual Startup Time": 238.202,
                                            "Actual Total Time": 354.503,
                                            "Actual Rows": 59892,
                                            "Actual Loops": 1
                                        },
                                        {
                                            "Worker Number": 1,
                                            "Actual Startup Time": 237.428,
                                            "Actual Total Time": 355.131,
                                            "Actual Rows": 61878,
                                            "Actual Loops": 1
                                        },
                                        {
                                            "Worker Number": 2,
                                            "Actual Startup Time": 239.192,
                                            "Actual Total Time": 355.157,
                                            "Actual Rows": 62853,
                                            "Actual Loops": 1
                                        },
                                        {
                                            "Worker Number": 3,
                                            "Actual Startup Time": 237.515,
                                            "Actual Total Time": 356.505,
                                            "Actual Rows": 59215,
                                            "Actual Loops": 1
                                        }
                                    ],
                                    "Plans": [
                                        {
                                            "Node Type": "Seq Scan",
                                            "Parent Relationship": "Outer",
                                            "Parallel Aware": true,
                                            "Relation Name": "title",
                                            "Schema": "public",
                                            "Alias": "t",
                                            "Startup Cost": 0.0,
                                            "Total Cost": 42318.81,
                                            "Plan Rows": 632080,
                                            "Plan Width": 4,
                                            "Actual Startup Time": 0.018,
                                            "Actual Total Time": 102.219,
                                            "Actual Rows": 505662,
                                            "Actual Loops": 5,
                                            "Output": [
                                                "t.id",
                                                "t.title",
                                                "t.imdb_index",
                                                "t.kind_id",
                                                "t.production_year",
                                                "t.imdb_id",
                                                "t.phonetic_code",
                                                "t.episode_of_id",
                                                "t.season_nr",
                                                "t.episode_nr",
                                                "t.series_years",
                                                "t.md5sum"
                                            ],
                                            "Workers": [
                                                {
                                                    "Worker Number": 0,
                                                    "Actual Startup Time": 0.016,
                                                    "Actual Total Time": 103.218,
                                                    "Actual Rows": 466375,
                                                    "Actual Loops": 1
                                                },
                                                {
                                                    "Worker Number": 1,
                                                    "Actual Startup Time": 0.022,
                                                    "Actual Total Time": 107.022,
                                                    "Actual Rows": 492941,
                                                    "Actual Loops": 1
                                                },
                                                {
                                                    "Worker Number": 2,
                                                    "Actual Startup Time": 0.021,
                                                    "Actual Total Time": 108.289,
                                                    "Actual Rows": 503725,
                                                    "Actual Loops": 1
                                                },
                                                {
                                                    "Worker Number": 3,
                                                    "Actual Startup Time": 0.02,
                                                    "Actual Total Time": 104.597,
                                                    "Actual Rows": 469998,
                                                    "Actual Loops": 1
                                                }
                                            ]
                                        },
                                        {
                                            "Node Type": "Hash",
                                            "Parent Relationship": "Inner",
                                            "Parallel Aware": true,
                                            "Startup Cost": 26915.52,
                                            "Total Cost": 26915.52,
                                            "Plan Rows": 101987,
                                            "Plan Width": 4,
                                            "Actual Startup Time": 95.224,
                                            "Actual Total Time": 95.226,
                                            "Actual Rows": 63344,
                                            "Actual Loops": 5,
                                            "Output": [
                                                "mc.movie_id"
                                            ],
                                            "Hash Buckets": 524288,
                                            "Original Hash Buckets": 524288,
                                            "Hash Batches": 1,
                                            "Original Hash Batches": 1,
                                            "Peak Memory Usage": 16576,
                                            "Workers": [
                                                {
                                                    "Worker Number": 0,
                                                    "Actual Startup Time": 93.563,
                                                    "Actual Total Time": 93.565,
                                                    "Actual Rows": 52554,
                                                    "Actual Loops": 1
                                                },
                                                {
                                                    "Worker Number": 1,
                                                    "Actual Startup Time": 94.361,
                                                    "Actual Total Time": 94.363,
                                                    "Actual Rows": 58765,
                                                    "Actual Loops": 1
                                                },
                                                {
                                                    "Worker Number": 2,
                                                    "Actual Startup Time": 94.368,
                                                    "Actual Total Time": 94.371,
                                                    "Actual Rows": 58934,
                                                    "Actual Loops": 1
                                                },
                                                {
                                                    "Worker Number": 3,
                                                    "Actual Startup Time": 95.275,
                                                    "Actual Total Time": 95.277,
                                                    "Actual Rows": 50563,
                                                    "Actual Loops": 1
                                                }
                                            ],
                                            "Plans": [
                                                {
                                                    "Node Type": "Bitmap Heap Scan",
                                                    "Parent Relationship": "Outer",
                                                    "Parallel Aware": true,
                                                    "Relation Name": "movie_companies",
                                                    "Schema": "public",
                                                    "Alias": "mc",
                                                    "Startup Cost": 6850.68,
                                                    "Total Cost": 26915.52,
                                                    "Plan Rows": 101987,
                                                    "Plan Width": 4,
                                                    "Actual Startup Time": 20.542,
                                                    "Actual Total Time": 55.994,
                                                    "Actual Rows": 63344,
                                                    "Actual Loops": 5,
                                                    "Output": [
                                                        "mc.movie_id"
                                                    ],
                                                    "Recheck Cond": "(mc.company_id > 91833)",
                                                    "Rows Removed by Index Recheck": 0,
                                                    "Exact Heap Blocks": 1444,
                                                    "Lossy Heap Blocks": 0,
                                                    "Workers": [
                                                        {
                                                            "Worker Number": 0,
                                                            "Actual Startup Time": 18.873,
                                                            "Actual Total Time": 54.755,
                                                            "Actual Rows": 52554,
                                                            "Actual Loops": 1
                                                        },
                                                        {
                                                            "Worker Number": 1,
                                                            "Actual Startup Time": 19.847,
                                                            "Actual Total Time": 57.253,
                                                            "Actual Rows": 58765,
                                                            "Actual Loops": 1
                                                        },
                                                        {
                                                            "Worker Number": 2,
                                                            "Actual Startup Time": 19.797,
                                                            "Actual Total Time": 57.141,
                                                            "Actual Rows": 58934,
                                                            "Actual Loops": 1
                                                        },
                                                        {
                                                            "Worker Number": 3,
                                                            "Actual Startup Time": 20.569,
                                                            "Actual Total Time": 55.68,
                                                            "Actual Rows": 50563,
                                                            "Actual Loops": 1
                                                        }
                                                    ],
                                                    "Plans": [
                                                        {
                                                            "Node Type": "Bitmap Index Scan",
                                                            "Parent Relationship": "Outer",
                                                            "Parallel Aware": false,
                                                            "Index Name": "company_id_movie_companies",
                                                            "Startup Cost": 0.0,
                                                            "Total Cost": 6771.64,
                                                            "Plan Rows": 316161,
                                                            "Plan Width": 0,
                                                            "Actual Startup Time": 22.551,
                                                            "Actual Total Time": 22.553,
                                                            "Actual Rows": 316720,
                                                            "Actual Loops": 1,
                                                            "Index Cond": "(mc.company_id > 91833)"
                                                        }
                                                    ]
                                                }
                                            ]
                                        }
                                    ]
                                }
                            ]
                        }
                    ]
                }
            ]
        },
        "Planning Time": 301.05,
        "Triggers": [],
        "Execution Time": 394.6
    }
]