[
  {
    "Plan": {
      "Node Type": "Aggregate",
      "Strategy": "Plain",
      "Partial Mode": "Finalize",
      "Parallel Aware": false,
      "Startup Cost": 47198.69,
      "Total Cost": 47198.7,
      "Plan Rows": 1,
      "Plan Width": 8,
      "Actual Startup Time": 168.174,
      "Actual Total Time": 177.206,
      "Actual Rows": 1,
      "Actual Loops": 1,
      "Plans": [
        {
          "Node Type": "Gather",
          "Parent Relationship": "Outer",
          "Parallel Aware": false,
          "Startup Cost": 47198.38,
          "Total Cost": 47198.69,
          "Plan Rows": 3,
          "Plan Width": 8,
          "Actual Startup Time": 167.986,
          "Actual Total Time": 177.196,
          "Actual Rows": 4,
          "Actual Loops": 1,
          "Workers Planned": 3,
          "Workers Launched": 3,
          "Single Copy": false,
          "Plans": [
            {
              "Node Type": "Aggregate",
              "Strategy": "Plain",
              "Partial Mode": "Partial",
              "Parent Relationship": "Outer",
              "Parallel Aware": false,
              "Startup Cost": 46198.38,
              "Total Cost": 46198.39,
              "Plan Rows": 1,
              "Plan Width": 8,
              "Actual Startup Time": 162.954,
              "Actual Total Time": 162.956,
              "Actual Rows": 1,
              "Actual Loops": 4,
              "Plans": [
                {
                  "Node Type": "Seq Scan",
                  "Parent Relationship": "Outer",
                  "Parallel Aware": true,
                  "Relation Name": "movie_keyword",
                  "Alias": "mk",
                  "Startup Cost": 0.0,
                  "Total Cost": 42695.65,
                  "Plan Rows": 1401089,
                  "Plan Width": 0,
                  "Actual Startup Time": 0.041,
                  "Actual Total Time": 117.401,
                  "Actual Rows": 1084402,
                  "Actual Loops": 4,
                  "Filter": "(keyword_id < 71458)",
                  "Rows Removed by Filter": 46580
                }
              ]
            }
          ]
        }
      ]
    },
    "Planning Time": 0.189,
    "Triggers": [],
    "Execution Time": 177.261
  }
]