[
  {
    "Plan": {
      "Node Type": "Aggregate",
      "Strategy": "Plain",
      "Partial Mode": "Finalize",
      "Parallel Aware": false,
      "Startup Cost": 46510.67,
      "Total Cost": 46510.68,
      "Plan Rows": 1,
      "Plan Width": 8,
      "Actual Startup Time": 81.308,
      "Actual Total Time": 91.724,
      "Actual Rows": 1,
      "Actual Loops": 1,
      "Plans": [
        {
          "Node Type": "Gather",
          "Parent Relationship": "Outer",
          "Parallel Aware": false,
          "Startup Cost": 46510.25,
          "Total Cost": 46510.66,
          "Plan Rows": 4,
          "Plan Width": 8,
          "Actual Startup Time": 81.006,
          "Actual Total Time": 91.712,
          "Actual Rows": 5,
          "Actual Loops": 1,
          "Workers Planned": 4,
          "Workers Launched": 4,
          "Single Copy": false,
          "Plans": [
            {
              "Node Type": "Aggregate",
              "Strategy": "Plain",
              "Partial Mode": "Partial",
              "Parent Relationship": "Outer",
              "Parallel Aware": false,
              "Startup Cost": 45510.25,
              "Total Cost": 45510.26,
              "Plan Rows": 1,
              "Plan Width": 8,
              "Actual Startup Time": 75.848,
              "Actual Total Time": 75.849,
              "Actual Rows": 1,
              "Actual Loops": 5,
              "Plans": [
                {
                  "Node Type": "Seq Scan",
                  "Parent Relationship": "Outer",
                  "Parallel Aware": true,
                  "Relation Name": "title",
                  "Alias": "t",
                  "Startup Cost": 0.0,
                  "Total Cost": 45479.59,
                  "Plan Rows": 12266,
                  "Plan Width": 0,
                  "Actual Startup Time": 0.075,
                  "Actual Total Time": 75.251,
                  "Actual Rows": 8802,
                  "Actual Loops": 5,
                  "Filter": "((kind_id < 7) AND (production_year = 2009))",
                  "Rows Removed by Filter": 496860
                }
              ]
            }
          ]
        }
      ]
    },
    "Planning Time": 0.075,
    "Triggers": [],
    "Execution Time": 91.761
  }
]