[
  {
    "Plan": {
      "Node Type": "Aggregate",
      "Strategy": "Plain",
      "Partial Mode": "Finalize",
      "Parallel Aware": false,
      "Startup Cost": 63070.57,
      "Total Cost": 63070.58,
      "Plan Rows": 1,
      "Plan Width": 8,
      "Actual Startup Time": 235.077,
      "Actual Total Time": 249.671,
      "Actual Rows": 1,
      "Actual Loops": 1,
      "Plans": [
        {
          "Node Type": "Gather",
          "Parent Relationship": "Outer",
          "Parallel Aware": false,
          "Startup Cost": 63070.36,
          "Total Cost": 63070.57,
          "Plan Rows": 2,
          "Plan Width": 8,
          "Actual Startup Time": 234.085,
          "Actual Total Time": 249.663,
          "Actual Rows": 3,
          "Actual Loops": 1,
          "Workers Planned": 2,
          "Workers Launched": 2,
          "Single Copy": false,
          "Plans": [
            {
              "Node Type": "Aggregate",
              "Strategy": "Plain",
              "Partial Mode": "Partial",
              "Parent Relationship": "Outer",
              "Parallel Aware": false,
              "Startup Cost": 62070.36,
              "Total Cost": 62070.37,
              "Plan Rows": 1,
              "Plan Width": 8,
              "Actual Startup Time": 226.39,
              "Actual Total Time": 226.393,
              "Actual Rows": 1,
              "Actual Loops": 3,
              "Plans": [
                {
                  "Node Type": "Hash Join",
                  "Parent Relationship": "Outer",
                  "Parallel Aware": true,
                  "Join Type": "Inner",
                  "Startup Cost": 46385.05,
                  "Total Cost": 62014.99,
                  "Plan Rows": 22145,
                  "Plan Width": 0,
                  "Actual Startup Time": 180.613,
                  "Actual Total Time": 225.275,
                  "Actual Rows": 21731,
                  "Actual Loops": 3,
                  "Inner Unique": true,
                  "Hash Cond": "(mi_idx.movie_id = t.id)",
                  "Plans": [
                    {
                      "Node Type": "Seq Scan",
                      "Parent Relationship": "Outer",
                      "Parallel Aware": true,
                      "Relation Name": "movie_info_idx",
                      "Alias": "mi_idx",
                      "Startup Cost": 0.0,
                      "Total Cost": 15122.68,
                      "Plan Rows": 193243,
                      "Plan Width": 4,
                      "Actual Startup Time": 0.033,
                      "Actual Total Time": 43.213,
                      "Actual Rows": 153308,
                      "Actual Loops": 3,
                      "Filter": "(info_type_id = 101)",
                      "Rows Removed by Filter": 306703
                    },
                    {
                      "Node Type": "Hash",
                      "Parent Relationship": "Inner",
                      "Parallel Aware": true,
                      "Startup Cost": 45479.59,
                      "Total Cost": 45479.59,
                      "Plan Rows": 72437,
                      "Plan Width": 4,
                      "Actual Startup Time": 148.886,
                      "Actual Total Time": 148.887,
                      "Actual Rows": 77246,
                      "Actual Loops": 3,
                      "Hash Buckets": 524288,
                      "Original Hash Buckets": 524288,
                      "Hash Batches": 1,
                      "Original Hash Batches": 1,
                      "Peak Memory Usage": 13216,
                      "Plans": [
                        {
                          "Node Type": "Seq Scan",
                          "Parent Relationship": "Outer",
                          "Parallel Aware": true,
                          "Relation Name": "title",
                          "Alias": "t",
                          "Startup Cost": 0.0,
                          "Total Cost": 45479.59,
                          "Plan Rows": 72437,
                          "Plan Width": 4,
                          "Actual Startup Time": 52.784,
                          "Actual Total Time": 126.366,
                          "Actual Rows": 77246,
                          "Actual Loops": 3,
                          "Filter": "((production_year > 2004) AND (kind_id = 1))",
                          "Rows Removed by Filter": 765524
                        }
                      ]
                    }
                  ]
                }
              ]
            }
          ]
        }
      ]
    },
    "Planning Time": 0.696,
    "Triggers": [],
    "Execution Time": 249.743
  }
]