{
  "Plan": {
    "Node Type": "Aggregate",
    "Strategy": "Plain",
    "Partial Mode": "Finalize",
    "Parallel Aware": false,
    "Startup Cost": 341126.45,
    "Total Cost": 341126.46,
    "Plan Rows": 1,
    "Plan Width": 8,
    "Actual Startup Time": 1439.334,
    "Actual Total Time": 1496.618,
    "Actual Rows": 1,
    "Actual Loops": 1,
    "Plans": [
      {
        "Node Type": "Gather",
        "Parent Relationship": "Outer",
        "Parallel Aware": false,
        "Startup Cost": 341126.34,
        "Total Cost": 341126.45,
        "Plan Rows": 1,
        "Plan Width": 8,
        "Actual Startup Time": 1439.043,
        "Actual Total Time": 1496.609,
        "Actual Rows": 2,
        "Actual Loops": 1,
        "Workers Planned": 1,
        "Workers Launched": 1,
        "Single Copy": false,
        "Plans": [
          {
            "Node Type": "Aggregate",
            "Strategy": "Plain",
            "Partial Mode": "Partial",
            "Parent Relationship": "Outer",
            "Parallel Aware": false,
            "Startup Cost": 340126.34,
            "Total Cost": 340126.35,
            "Plan Rows": 1,
            "Plan Width": 8,
            "Actual Startup Time": 1433.601,
            "Actual Total Time": 1433.604,
            "Actual Rows": 1,
            "Actual Loops": 2,
            "Plans": [
              {
                "Node Type": "Hash Join",
                "Parent Relationship": "Outer",
                "Parallel Aware": true,
                "Join Type": "Inner",
                "Startup Cost": 54699.94,
                "Total Cost": 340042.64,
                "Plan Rows": 33478,
                "Plan Width": 0,
                "Actual Startup Time": 152.687,
                "Actual Total Time": 1431.407,
                "Actual Rows": 30795,
                "Actual Loops": 2,
                "Inner Unique": true,
                "Hash Cond": "(mi.movie_id = t.id)",
                "Plans": [
                  {
                    "Node Type": "Seq Scan",
                    "Parent Relationship": "Outer",
                    "Parallel Aware": true,
                    "Relation Name": "movie_info",
                    "Alias": "mi",
                    "Startup Cost": 0.0,
                    "Total Cost": 270696.42,
                    "Plan Rows": 5579529,
                    "Plan Width": 4,
                    "Actual Startup Time": 0.013,
                    "Actual Total Time": 861.803,
                    "Actual Rows": 4782576,
                    "Actual Loops": 2,
                    "Filter": "(info_type_id < 16)",
                    "Rows Removed by Filter": 2635284
                  },
                  {
                    "Node Type": "Hash",
                    "Parent Relationship": "Inner",
                    "Parallel Aware": true,
                    "Startup Cost": 54588.39,
                    "Total Cost": 54588.39,
                    "Plan Rows": 8924,
                    "Plan Width": 4,
                    "Actual Startup Time": 150.737,
                    "Actual Total Time": 150.738,
                    "Actual Rows": 7142,
                    "Actual Loops": 2,
                    "Hash Buckets": 16384,
                    "Original Hash Buckets": 16384,
                    "Hash Batches": 1,
                    "Original Hash Batches": 1,
                    "Peak Memory Usage": 704,
                    "Plans": [
                      {
                        "Node Type": "Seq Scan",
                        "Parent Relationship": "Outer",
                        "Parallel Aware": true,
                        "Relation Name": "title",
                        "Alias": "t",
                        "Startup Cost": 0.0,
                        "Total Cost": 54588.39,
                        "Plan Rows": 8924,
                        "Plan Width": 4,
                        "Actual Startup Time": 0.157,
                        "Actual Total Time": 147.822,
                        "Actual Rows": 7142,
                        "Actual Loops": 2,
                        "Filter": "(production_year = 1973)",
                        "Rows Removed by Filter": 1257014
                      }
                    ]
                  }
                ]
              }
            ]
          }
        ]
      }
    ]
  },
  "Planning Time": 0.363,
  "Triggers": [],
  "Execution Time": 1496.691
}