[
  {
    "Plan": {
      "Node Type": "Aggregate",
      "Strategy": "Plain",
      "Partial Mode": "Finalize",
      "Parallel Aware": false,
      "Startup Cost": 623917.43,
      "Total Cost": 623917.44,
      "Plan Rows": 1,
      "Plan Width": 8,
      "Actual Startup Time": 5821.347,
      "Actual Total Time": 5931.92,
      "Actual Rows": 1,
      "Actual Loops": 1,
      "Plans": [
        {
          "Node Type": "Gather",
          "Parent Relationship": "Outer",
          "Parallel Aware": false,
          "Startup Cost": 623916.9,
          "Total Cost": 623917.41,
          "Plan Rows": 5,
          "Plan Width": 8,
          "Actual Startup Time": 5703.468,
          "Actual Total Time": 5931.902,
          "Actual Rows": 6,
          "Actual Loops": 1,
          "Workers Planned": 5,
          "Workers Launched": 5,
          "Single Copy": false,
          "Plans": [
            {
              "Node Type": "Aggregate",
              "Strategy": "Plain",
              "Partial Mode": "Partial",
              "Parent Relationship": "Outer",
              "Parallel Aware": false,
              "Startup Cost": 622916.9,
              "Total Cost": 622916.91,
              "Plan Rows": 1,
              "Plan Width": 8,
              "Actual Startup Time": 5675.918,
              "Actual Total Time": 5680.169,
              "Actual Rows": 1,
              "Actual Loops": 6,
              "Plans": [
                {
                  "Node Type": "Hash Join",
                  "Parent Relationship": "Outer",
                  "Parallel Aware": true,
                  "Join Type": "Inner",
                  "Startup Cost": 407824.87,
                  "Total Cost": 615998.71,
                  "Plan Rows": 2767278,
                  "Plan Width": 0,
                  "Actual Startup Time": 3027.601,
                  "Actual Total Time": 5102.081,
                  "Actual Rows": 14706092,
                  "Actual Loops": 6,
                  "Inner Unique": false,
                  "Hash Cond": "(mi.movie_id = t.id)",
                  "Plans": [
                    {
                      "Node Type": "Seq Scan",
                      "Parent Relationship": "Outer",
                      "Parallel Aware": true,
                      "Relation Name": "movie_info",
                      "Alias": "mi",
                      "Startup Cost": 0.0,
                      "Total Cost": 198952.16,
                      "Plan Rows": 1229212,
                      "Plan Width": 4,
                      "Actual Startup Time": 16.54,
                      "Actual Total Time": 312.281,
                      "Actual Rows": 1013905,
                      "Actual Loops": 6,
                      "Filter": "(info_type_id > 9)",
                      "Rows Removed by Filter": 1458715
                    },
                    {
                      "Node Type": "Hash",
                      "Parent Relationship": "Inner",
                      "Parallel Aware": true,
                      "Startup Cost": 395966.86,
                      "Total Cost": 395966.86,
                      "Plan Rows": 948641,
                      "Plan Width": 8,
                      "Actual Startup Time": 2999.817,
                      "Actual Total Time": 3004.066,
                      "Actual Rows": 1741760,
                      "Actual Loops": 6,
                      "Hash Buckets": 16777216,
                      "Original Hash Buckets": 8388608,
                      "Hash Batches": 1,
                      "Original Hash Batches": 1,
                      "Peak Memory Usage": 605536,
                      "Plans": [
                        {
                          "Node Type": "Hash Join",
                          "Parent Relationship": "Outer",
                          "Parallel Aware": true,
                          "Join Type": "Inner",
                          "Startup Cost": 50219.64,
                          "Total Cost": 395966.86,
                          "Plan Rows": 948641,
                          "Plan Width": 8,
                          "Actual Startup Time": 640.437,
                          "Actual Total Time": 1930.759,
                          "Actual Rows": 1741760,
                          "Actual Loops": 6,
                          "Inner Unique": true,
                          "Hash Cond": "(ci.movie_id = t.id)",
                          "Plans": [
                            {
                              "Node Type": "Seq Scan",
                              "Parent Relationship": "Outer",
                              "Parallel Aware": true,
                              "Relation Name": "cast_info",
                              "Alias": "ci",
                              "Startup Cost": 0.0,
                              "Total Cost": 343257.03,
                              "Plan Rows": 948641,
                              "Plan Width": 4,
                              "Actual Startup Time": 357.498,
                              "Actual Total Time": 749.946,
                              "Actual Rows": 1741760,
                              "Actual Loops": 6,
                              "Filter": "((person_id > 2426055) AND (role_id > 2))",
                              "Rows Removed by Filter": 4298964
                            },
                            {
                              "Node Type": "Hash",
                              "Parent Relationship": "Inner",
                              "Parallel Aware": true,
                              "Startup Cost": 42318.73,
                              "Total Cost": 42318.73,
                              "Plan Rows": 632073,
                              "Plan Width": 4,
                              "Actual Startup Time": 278.84,
                              "Actual Total Time": 278.842,
                              "Actual Rows": 421385,
                              "Actual Loops": 6,
                              "Hash Buckets": 4194304,
                              "Original Hash Buckets": 4194304,
                              "Hash Batches": 1,
                              "Original Hash Batches": 1,
                              "Peak Memory Usage": 131744,
                              "Plans": [
                                {
                                  "Node Type": "Seq Scan",
                                  "Parent Relationship": "Outer",
                                  "Parallel Aware": true,
                                  "Relation Name": "title",
                                  "Alias": "t",
                                  "Startup Cost": 0.0,
                                  "Total Cost": 42318.73,
                                  "Plan Rows": 632073,
                                  "Plan Width": 4,
                                  "Actual Startup Time": 0.044,
                                  "Actual Total Time": 79.474,
                                  "Actual Rows": 421385,
                                  "Actual Loops": 6
                                }
                              ]
                            }
                          ]
                        }
                      ]
                    }
                  ]
                }
              ]
            }
          ]
        }
      ]
    },
    "Planning Time": 1.339,
    "Triggers": [],
    "Execution Time": 5932.017
  }
]