{
    "Plan": {
        "Node Type": "Aggregate",
        "Strategy": "Plain",
        "Partial Mode": "Finalize",
        "Parallel Aware": false,
        "Startup Cost": 246694.5,
        "Total Cost": 246694.51,
        "Plan Rows": 1,
        "Plan Width": 8,
        "Actual Startup Time": 405.341,
        "Actual Total Time": 446.309,
        "Actual Rows": 1,
        "Actual Loops": 1,
        "Output": [
            "count(*)"
        ],
        "Plans": [
            {
                "Node Type": "Gather",
                "Parent Relationship": "Outer",
                "Parallel Aware": false,
                "Startup Cost": 246693.98,
                "Total Cost": 246694.49,
                "Plan Rows": 5,
                "Plan Width": 8,
                "Actual Startup Time": 404.906,
                "Actual Total Time": 446.299,
                "Actual Rows": 6,
                "Actual Loops": 1,
                "Output": [
                    "(PARTIAL count(*))"
                ],
                "Workers Planned": 5,
                "Workers Launched": 5,
                "Single Copy": false,
                "Plans": [
                    {
                        "Node Type": "Aggregate",
                        "Strategy": "Plain",
                        "Partial Mode": "Partial",
                        "Parent Relationship": "Outer",
                        "Parallel Aware": false,
                        "Startup Cost": 245693.98,
                        "Total Cost": 245693.99,
                        "Plan Rows": 1,
                        "Plan Width": 8,
                        "Actual Startup Time": 394.651,
                        "Actual Total Time": 394.654,
                        "Actual Rows": 1,
                        "Actual Loops": 6,
                        "Output": [
                            "PARTIAL count(*)"
                        ],
                        "Workers": [
                            {
                                "Worker Number": 0,
                                "Actual Startup Time": 392.116,
                                "Actual Total Time": 392.118,
                                "Actual Rows": 1,
                                "Actual Loops": 1
                            },
                            {
                                "Worker Number": 1,
                                "Actual Startup Time": 392.459,
                                "Actual Total Time": 392.462,
                                "Actual Rows": 1,
                                "Actual Loops": 1
                            },
                            {
                                "Worker Number": 2,
                                "Actual Startup Time": 392.412,
                                "Actual Total Time": 392.415,
                                "Actual Rows": 1,
                                "Actual Loops": 1
                            },
                            {
                                "Worker Number": 3,
                                "Actual Startup Time": 393.441,
                                "Actual Total Time": 393.444,
                                "Actual Rows": 1,
                                "Actual Loops": 1
                            },
                            {
                                "Worker Number": 4,
                                "Actual Startup Time": 393.442,
                                "Actual Total Time": 393.445,
                                "Actual Rows": 1,
                                "Actual Loops": 1
                            }
                        ],
                        "Plans": [
                            {
                                "Node Type": "Hash Join",
                                "Parent Relationship": "Outer",
                                "Parallel Aware": true,
                                "Join Type": "Inner",
                                "Startup Cost": 45623.03,
                                "Total Cost": 245673.7,
                                "Plan Rows": 8113,
                                "Plan Width": 0,
                                "Actual Startup Time": 91.169,
                                "Actual Total Time": 393.929,
                                "Actual Rows": 13047,
                                "Actual Loops": 6,
                                "Inner Unique": true,
                                "Hash Cond": "(mi.movie_id = t.id)",
                                "Workers": [
                                    {
                                        "Worker Number": 0,
                                        "Actual Startup Time": 88.724,
                                        "Actual Total Time": 391.399,
                                        "Actual Rows": 12250,
                                        "Actual Loops": 1
                                    },
                                    {
                                        "Worker Number": 1,
                                        "Actual Startup Time": 88.949,
                                        "Actual Total Time": 391.788,
                                        "Actual Rows": 11347,
                                        "Actual Loops": 1
                                    },
                                    {
                                        "Worker Number": 2,
                                        "Actual Startup Time": 88.929,
                                        "Actual Total Time": 391.738,
                                        "Actual Rows": 11292,
                                        "Actual Loops": 1
                                    },
                                    {
                                        "Worker Number": 3,
                                        "Actual Startup Time": 89.879,
                                        "Actual Total Time": 392.718,
                                        "Actual Rows": 12248,
                                        "Actual Loops": 1
                                    },
                                    {
                                        "Worker Number": 4,
                                        "Actual Startup Time": 89.929,
                                        "Actual Total Time": 392.689,
                                        "Actual Rows": 12929,
                                        "Actual Loops": 1
                                    }
                                ],
                                "Plans": [
                                    {
                                        "Node Type": "Seq Scan",
                                        "Parent Relationship": "Outer",
                                        "Parallel Aware": true,
                                        "Relation Name": "movie_info",
                                        "Schema": "public",
                                        "Alias": "mi",
                                        "Startup Cost": 0.0,
                                        "Total Cost": 198880.74,
                                        "Plan Rows": 445687,
                                        "Plan Width": 4,
                                        "Actual Startup Time": 15.202,
                                        "Actual Total Time": 284.581,
                                        "Actual Rows": 372308,
                                        "Actual Loops": 6,
                                        "Output": [
                                            "mi.id",
                                            "mi.movie_id",
                                            "mi.info_type_id",
                                            "mi.info",
                                            "mi.note"
                                        ],
                                        "Filter": "(mi.info_type_id > 16)",
                                        "Rows Removed by Filter": 2100312,
                                        "Workers": [
                                            {
                                                "Worker Number": 0,
                                                "Actual Startup Time": 15.155,
                                                "Actual Total Time": 285.835,
                                                "Actual Rows": 348366,
                                                "Actual Loops": 1
                                            },
                                            {
                                                "Worker Number": 1,
                                                "Actual Startup Time": 15.233,
                                                "Actual Total Time": 286.529,
                                                "Actual Rows": 326020,
                                                "Actual Loops": 1
                                            },
                                            {
                                                "Worker Number": 2,
                                                "Actual Startup Time": 15.146,
                                                "Actual Total Time": 286.396,
                                                "Actual Rows": 321942,
                                                "Actual Loops": 1
                                            },
                                            {
                                                "Worker Number": 3,
                                                "Actual Startup Time": 15.252,
                                                "Actual Total Time": 285.961,
                                                "Actual Rows": 348981,
                                                "Actual Loops": 1
                                            },
                                            {
                                                "Worker Number": 4,
                                                "Actual Startup Time": 15.156,
                                                "Actual Total Time": 285.781,
                                                "Actual Rows": 350858,
                                                "Actual Loops": 1
                                            }
                                        ]
                                    },
                                    {
                                        "Node Type": "Hash",
                                        "Parent Relationship": "Inner",
                                        "Parallel Aware": true,
                                        "Startup Cost": 45479.21,
                                        "Total Cost": 45479.21,
                                        "Plan Rows": 11506,
                                        "Plan Width": 4,
                                        "Actual Startup Time": 74.399,
                                        "Actual Total Time": 74.4,
                                        "Actual Rows": 5915,
                                        "Actual Loops": 6,
                                        "Output": [
                                            "t.id"
                                        ],
                                        "Hash Buckets": 65536,
                                        "Original Hash Buckets": 65536,
                                        "Hash Batches": 1,
                                        "Original Hash Batches": 1,
                                        "Peak Memory Usage": 1952,
                                        "Workers": [
                                            {
                                                "Worker Number": 0,
                                                "Actual Startup Time": 72.617,
                                                "Actual Total Time": 72.618,
                                                "Actual Rows": 5653,
                                                "Actual Loops": 1
                                            },
                                            {
                                                "Worker Number": 1,
                                                "Actual Startup Time": 72.915,
                                                "Actual Total Time": 72.916,
                                                "Actual Rows": 5244,
                                                "Actual Loops": 1
                                            },
                                            {
                                                "Worker Number": 2,
                                                "Actual Startup Time": 72.906,
                                                "Actual Total Time": 72.907,
                                                "Actual Rows": 5059,
                                                "Actual Loops": 1
                                            },
                                            {
                                                "Worker Number": 3,
                                                "Actual Startup Time": 73.857,
                                                "Actual Total Time": 73.858,
                                                "Actual Rows": 5684,
                                                "Actual Loops": 1
                                            },
                                            {
                                                "Worker Number": 4,
                                                "Actual Startup Time": 73.88,
                                                "Actual Total Time": 73.882,
                                                "Actual Rows": 5682,
                                                "Actual Loops": 1
                                            }
                                        ],
                                        "Plans": [
                                            {
                                                "Node Type": "Seq Scan",
                                                "Parent Relationship": "Outer",
                                                "Parallel Aware": true,
                                                "Relation Name": "title",
                                                "Schema": "public",
                                                "Alias": "t",
                                                "Startup Cost": 0.0,
                                                "Total Cost": 45479.21,
                                                "Plan Rows": 11506,
                                                "Plan Width": 4,
                                                "Actual Startup Time": 0.264,
                                                "Actual Total Time": 71.811,
                                                "Actual Rows": 5915,
                                                "Actual Loops": 6,
                                                "Output": [
                                                    "t.id"
                                                ],
                                                "Filter": "((t.kind_id < 7) AND (t.production_year = 2007))",
                                                "Rows Removed by Filter": 415470,
                                                "Workers": [
                                                    {
                                                        "Worker Number": 0,
                                                        "Actual Startup Time": 0.141,
                                                        "Actual Total Time": 70.141,
                                                        "Actual Rows": 5653,
                                                        "Actual Loops": 1
                                                    },
                                                    {
                                                        "Worker Number": 1,
                                                        "Actual Startup Time": 0.313,
                                                        "Actual Total Time": 70.407,
                                                        "Actual Rows": 5244,
                                                        "Actual Loops": 1
                                                    },
                                                    {
                                                        "Worker Number": 2,
                                                        "Actual Startup Time": 0.111,
                                                        "Actual Total Time": 69.998,
                                                        "Actual Rows": 5059,
                                                        "Actual Loops": 1
                                                    },
                                                    {
                                                        "Worker Number": 3,
                                                        "Actual Startup Time": 0.203,
                                                        "Actual Total Time": 71.401,
                                                        "Actual Rows": 5684,
                                                        "Actual Loops": 1
                                                    },
                                                    {
                                                        "Worker Number": 4,
                                                        "Actual Startup Time": 0.667,
                                                        "Actual Total Time": 71.457,
                                                        "Actual Rows": 5682,
                                                        "Actual Loops": 1
                                                    }
                                                ]
                                            }
                                        ]
                                    }
                                ]
                            }
                        ]
                    }
                ]
            }
        ]
    },
    "Planning Time": 0.803,
    "Triggers": [],
    "Execution Time": 446.392
}