[
  {
    "Plan": {
      "Node Type": "Aggregate",
      "Strategy": "Plain",
      "Partial Mode": "Finalize",
      "Parallel Aware": false,
      "Startup Cost": 46430.49,
      "Total Cost": 46430.5,
      "Plan Rows": 1,
      "Plan Width": 8,
      "Actual Startup Time": 174.931,
      "Actual Total Time": 184.712,
      "Actual Rows": 1,
      "Actual Loops": 1,
      "Plans": [
        {
          "Node Type": "Gather",
          "Parent Relationship": "Outer",
          "Parallel Aware": false,
          "Startup Cost": 46430.17,
          "Total Cost": 46430.48,
          "Plan Rows": 3,
          "Plan Width": 8,
          "Actual Startup Time": 174.704,
          "Actual Total Time": 184.701,
          "Actual Rows": 4,
          "Actual Loops": 1,
          "Workers Planned": 3,
          "Workers Launched": 3,
          "Single Copy": false,
          "Plans": [
            {
              "Node Type": "Aggregate",
              "Strategy": "Plain",
              "Partial Mode": "Partial",
              "Parent Relationship": "Outer",
              "Parallel Aware": false,
              "Startup Cost": 45430.17,
              "Total Cost": 45430.18,
              "Plan Rows": 1,
              "Plan Width": 8,
              "Actual Startup Time": 167.99,
              "Actual Total Time": 167.991,
              "Actual Rows": 1,
              "Actual Loops": 4,
              "Plans": [
                {
                  "Node Type": "Seq Scan",
                  "Parent Relationship": "Outer",
                  "Parallel Aware": true,
                  "Relation Name": "movie_keyword",
                  "Alias": "mk",
                  "Startup Cost": 0.0,
                  "Total Cost": 42695.65,
                  "Plan Rows": 1093807,
                  "Plan Width": 0,
                  "Actual Startup Time": 0.171,
                  "Actual Total Time": 127.977,
                  "Actual Rows": 845508,
                  "Actual Loops": 4,
                  "Filter": "(keyword_id > 1294)",
                  "Rows Removed by Filter": 285474
                }
              ]
            }
          ]
        }
      ]
    },
    "Planning Time": 0.216,
    "Triggers": [],
    "Execution Time": 184.768
  }
]