[
  {
    "Plan": {
      "Node Type": "Aggregate",
      "Strategy": "Plain",
      "Partial Mode": "Finalize",
      "Parallel Aware": false,
      "Startup Cost": 47381.08,
      "Total Cost": 47381.09,
      "Plan Rows": 1,
      "Plan Width": 8,
      "Actual Startup Time": 132.755,
      "Actual Total Time": 152.847,
      "Actual Rows": 1,
      "Actual Loops": 1,
      "Plans": [
        {
          "Node Type": "Gather",
          "Parent Relationship": "Outer",
          "Parallel Aware": false,
          "Startup Cost": 47380.66,
          "Total Cost": 47381.07,
          "Plan Rows": 4,
          "Plan Width": 8,
          "Actual Startup Time": 132.518,
          "Actual Total Time": 152.828,
          "Actual Rows": 5,
          "Actual Loops": 1,
          "Workers Planned": 4,
          "Workers Launched": 4,
          "Single Copy": false,
          "Plans": [
            {
              "Node Type": "Aggregate",
              "Strategy": "Plain",
              "Partial Mode": "Partial",
              "Parent Relationship": "Outer",
              "Parallel Aware": false,
              "Startup Cost": 46380.66,
              "Total Cost": 46380.67,
              "Plan Rows": 1,
              "Plan Width": 8,
              "Actual Startup Time": 126.798,
              "Actual Total Time": 126.801,
              "Actual Rows": 1,
              "Actual Loops": 5,
              "Plans": [
                {
                  "Node Type": "Seq Scan",
                  "Parent Relationship": "Outer",
                  "Parallel Aware": true,
                  "Relation Name": "title",
                  "Alias": "t",
                  "Startup Cost": 0.0,
                  "Total Cost": 45479.59,
                  "Plan Rows": 360428,
                  "Plan Width": 0,
                  "Actual Startup Time": 0.032,
                  "Actual Total Time": 109.096,
                  "Actual Rows": 295687,
                  "Actual Loops": 5,
                  "Filter": "((production_year > 1922) AND (kind_id = 7))",
                  "Rows Removed by Filter": 209975
                }
              ]
            }
          ]
        }
      ]
    },
    "Planning Time": 0.193,
    "Triggers": [],
    "Execution Time": 152.915
  }
]