[
  {
    "Plan": {
      "Node Type": "Aggregate",
      "Strategy": "Plain",
      "Partial Mode": "Finalize",
      "Parallel Aware": false,
      "Startup Cost": 91659.85,
      "Total Cost": 91659.86,
      "Plan Rows": 1,
      "Plan Width": 8,
      "Actual Startup Time": 321.56,
      "Actual Total Time": 340.724,
      "Actual Rows": 1,
      "Actual Loops": 1,
      "Plans": [
        {
          "Node Type": "Gather",
          "Parent Relationship": "Outer",
          "Parallel Aware": false,
          "Startup Cost": 91659.53,
          "Total Cost": 91659.84,
          "Plan Rows": 3,
          "Plan Width": 8,
          "Actual Startup Time": 320.134,
          "Actual Total Time": 340.716,
          "Actual Rows": 4,
          "Actual Loops": 1,
          "Workers Planned": 3,
          "Workers Launched": 3,
          "Single Copy": false,
          "Plans": [
            {
              "Node Type": "Aggregate",
              "Strategy": "Plain",
              "Partial Mode": "Partial",
              "Parent Relationship": "Outer",
              "Parallel Aware": false,
              "Startup Cost": 90659.53,
              "Total Cost": 90659.54,
              "Plan Rows": 1,
              "Plan Width": 8,
              "Actual Startup Time": 310.827,
              "Actual Total Time": 310.83,
              "Actual Rows": 1,
              "Actual Loops": 4,
              "Plans": [
                {
                  "Node Type": "Hash Join",
                  "Parent Relationship": "Outer",
                  "Parallel Aware": true,
                  "Join Type": "Inner",
                  "Startup Cost": 44551.03,
                  "Total Cost": 90410.96,
                  "Plan Rows": 99427,
                  "Plan Width": 0,
                  "Actual Startup Time": 123.297,
                  "Actual Total Time": 305.042,
                  "Actual Rows": 142717,
                  "Actual Loops": 4,
                  "Inner Unique": true,
                  "Hash Cond": "(mk.movie_id = t.id)",
                  "Plans": [
                    {
                      "Node Type": "Seq Scan",
                      "Parent Relationship": "Outer",
                      "Parallel Aware": true,
                      "Relation Name": "movie_keyword",
                      "Alias": "mk",
                      "Startup Cost": 0.0,
                      "Total Cost": 42695.65,
                      "Plan Rows": 1205438,
                      "Plan Width": 4,
                      "Actual Startup Time": 0.054,
                      "Actual Total Time": 105.767,
                      "Actual Rows": 933425,
                      "Actual Loops": 4,
                      "Filter": "(keyword_id > 750)",
                      "Rows Removed by Filter": 197558
                    },
                    {
                      "Node Type": "Hash",
                      "Parent Relationship": "Inner",
                      "Parallel Aware": true,
                      "Startup Cost": 43899.32,
                      "Total Cost": 43899.32,
                      "Plan Rows": 52137,
                      "Plan Width": 4,
                      "Actual Startup Time": 120.383,
                      "Actual Total Time": 120.384,
                      "Actual Rows": 55279,
                      "Actual Loops": 4,
                      "Hash Buckets": 262144,
                      "Original Hash Buckets": 262144,
                      "Hash Batches": 1,
                      "Original Hash Batches": 1,
                      "Peak Memory Usage": 10752,
                      "Plans": [
                        {
                          "Node Type": "Seq Scan",
                          "Parent Relationship": "Outer",
                          "Parallel Aware": true,
                          "Relation Name": "title",
                          "Alias": "t",
                          "Startup Cost": 0.0,
                          "Total Cost": 43899.32,
                          "Plan Rows": 52137,
                          "Plan Width": 4,
                          "Actual Startup Time": 0.049,
                          "Actual Total Time": 100.262,
                          "Actual Rows": 55279,
                          "Actual Loops": 4,
                          "Filter": "(production_year < 1958)",
                          "Rows Removed by Filter": 576799
                        }
                      ]
                    }
                  ]
                }
              ]
            }
          ]
        }
      ]
    },
    "Planning Time": 0.609,
    "Triggers": [],
    "Execution Time": 340.824
  }
]