[
  {
    "Plan": {
      "Node Type": "Aggregate",
      "Strategy": "Plain",
      "Partial Mode": "Finalize",
      "Parallel Aware": false,
      "Startup Cost": 93002.54,
      "Total Cost": 93002.55,
      "Plan Rows": 1,
      "Plan Width": 8,
      "Actual Startup Time": 340.334,
      "Actual Total Time": 355.53,
      "Actual Rows": 1,
      "Actual Loops": 1,
      "Plans": [
        {
          "Node Type": "Gather",
          "Parent Relationship": "Outer",
          "Parallel Aware": false,
          "Startup Cost": 93002.23,
          "Total Cost": 93002.54,
          "Plan Rows": 3,
          "Plan Width": 8,
          "Actual Startup Time": 339.612,
          "Actual Total Time": 355.522,
          "Actual Rows": 4,
          "Actual Loops": 1,
          "Workers Planned": 3,
          "Workers Launched": 3,
          "Single Copy": false,
          "Plans": [
            {
              "Node Type": "Aggregate",
              "Strategy": "Plain",
              "Partial Mode": "Partial",
              "Parent Relationship": "Outer",
              "Parallel Aware": false,
              "Startup Cost": 92002.23,
              "Total Cost": 92002.24,
              "Plan Rows": 1,
              "Plan Width": 8,
              "Actual Startup Time": 332.247,
              "Actual Total Time": 332.25,
              "Actual Rows": 1,
              "Actual Loops": 4,
              "Plans": [
                {
                  "Node Type": "Hash Join",
                  "Parent Relationship": "Outer",
                  "Parallel Aware": true,
                  "Join Type": "Inner",
                  "Startup Cost": 45795.56,
                  "Total Cost": 91873.41,
                  "Plan Rows": 51525,
                  "Plan Width": 0,
                  "Actual Startup Time": 119.696,
                  "Actual Total Time": 325.178,
                  "Actual Rows": 159572,
                  "Actual Loops": 4,
                  "Inner Unique": true,
                  "Hash Cond": "(mk.movie_id = t.id)",
                  "Plans": [
                    {
                      "Node Type": "Seq Scan",
                      "Parent Relationship": "Outer",
                      "Parallel Aware": true,
                      "Relation Name": "movie_keyword",
                      "Alias": "mk",
                      "Startup Cost": 0.0,
                      "Total Cost": 42695.65,
                      "Plan Rows": 1288453,
                      "Plan Width": 4,
                      "Actual Startup Time": 0.027,
                      "Actual Total Time": 115.641,
                      "Actual Rows": 998851,
                      "Actual Loops": 4,
                      "Filter": "(keyword_id < 34481)",
                      "Rows Removed by Filter": 132132
                    },
                    {
                      "Node Type": "Hash",
                      "Parent Relationship": "Inner",
                      "Parallel Aware": true,
                      "Startup Cost": 45479.59,
                      "Total Cost": 45479.59,
                      "Plan Rows": 25278,
                      "Plan Width": 4,
                      "Actual Startup Time": 118.169,
                      "Actual Total Time": 118.17,
                      "Actual Rows": 51956,
                      "Actual Loops": 4,
                      "Hash Buckets": 262144,
                      "Original Hash Buckets": 131072,
                      "Hash Batches": 1,
                      "Original Hash Batches": 1,
                      "Peak Memory Usage": 11232,
                      "Plans": [
                        {
                          "Node Type": "Seq Scan",
                          "Parent Relationship": "Outer",
                          "Parallel Aware": true,
                          "Relation Name": "title",
                          "Alias": "t",
                          "Startup Cost": 0.0,
                          "Total Cost": 45479.59,
                          "Plan Rows": 25278,
                          "Plan Width": 4,
                          "Actual Startup Time": 0.39,
                          "Actual Total Time": 96.454,
                          "Actual Rows": 51956,
                          "Actual Loops": 4,
                          "Filter": "((kind_id < 7) AND (production_year < 1963))",
                          "Rows Removed by Filter": 580122
                        }
                      ]
                    }
                  ]
                }
              ]
            }
          ]
        }
      ]
    },
    "Planning Time": 0.39,
    "Triggers": [],
    "Execution Time": 355.582
  }
]