{
  "Plan": {
    "Node Type": "Aggregate",
    "Strategy": "Plain",
    "Partial Mode": "Finalize",
    "Parallel Aware": false,
    "Startup Cost": 117512.6,
    "Total Cost": 117512.61,
    "Plan Rows": 1,
    "Plan Width": 8,
    "Actual Startup Time": 448.248,
    "Actual Total Time": 465.082,
    "Actual Rows": 1,
    "Actual Loops": 1,
    "Plans": [
      {
        "Node Type": "Gather",
        "Parent Relationship": "Outer",
        "Parallel Aware": false,
        "Startup Cost": 117512.48,
        "Total Cost": 117512.59,
        "Plan Rows": 1,
        "Plan Width": 8,
        "Actual Startup Time": 448.113,
        "Actual Total Time": 465.076,
        "Actual Rows": 2,
        "Actual Loops": 1,
        "Workers Planned": 1,
        "Workers Launched": 1,
        "Single Copy": false,
        "Plans": [
          {
            "Node Type": "Aggregate",
            "Strategy": "Plain",
            "Partial Mode": "Partial",
            "Parent Relationship": "Outer",
            "Parallel Aware": false,
            "Startup Cost": 116512.48,
            "Total Cost": 116512.49,
            "Plan Rows": 1,
            "Plan Width": 8,
            "Actual Startup Time": 442.441,
            "Actual Total Time": 442.444,
            "Actual Rows": 1,
            "Actual Loops": 2,
            "Plans": [
              {
                "Node Type": "Hash Join",
                "Parent Relationship": "Outer",
                "Parallel Aware": true,
                "Join Type": "Inner",
                "Startup Cost": 58420.74,
                "Total Cost": 116471.59,
                "Plan Rows": 16359,
                "Plan Width": 0,
                "Actual Startup Time": 143.756,
                "Actual Total Time": 442.013,
                "Actual Rows": 9338,
                "Actual Loops": 2,
                "Inner Unique": true,
                "Hash Cond": "(mk.movie_id = t.id)",
                "Plans": [
                  {
                    "Node Type": "Seq Scan",
                    "Parent Relationship": "Outer",
                    "Parallel Aware": true,
                    "Relation Name": "movie_keyword",
                    "Alias": "mk",
                    "Startup Cost": 0.0,
                    "Total Cost": 51065.35,
                    "Plan Rows": 2661135,
                    "Plan Width": 4,
                    "Actual Startup Time": 0.01,
                    "Actual Total Time": 148.618,
                    "Actual Rows": 2261965,
                    "Actual Loops": 2
                  },
                  {
                    "Node Type": "Hash",
                    "Parent Relationship": "Inner",
                    "Parallel Aware": true,
                    "Startup Cost": 58306.47,
                    "Total Cost": 58306.47,
                    "Plan Rows": 9142,
                    "Plan Width": 4,
                    "Actual Startup Time": 142.437,
                    "Actual Total Time": 142.438,
                    "Actual Rows": 7398,
                    "Actual Loops": 2,
                    "Hash Buckets": 16384,
                    "Original Hash Buckets": 16384,
                    "Hash Batches": 1,
                    "Original Hash Batches": 1,
                    "Peak Memory Usage": 736,
                    "Plans": [
                      {
                        "Node Type": "Seq Scan",
                        "Parent Relationship": "Outer",
                        "Parallel Aware": true,
                        "Relation Name": "title",
                        "Alias": "t",
                        "Startup Cost": 0.0,
                        "Total Cost": 58306.47,
                        "Plan Rows": 9142,
                        "Plan Width": 4,
                        "Actual Startup Time": 0.107,
                        "Actual Total Time": 139.808,
                        "Actual Rows": 7398,
                        "Actual Loops": 2,
                        "Filter": "((kind_id > 1) AND (production_year = 1986))",
                        "Rows Removed by Filter": 1256758
                      }
                    ]
                  }
                ]
              }
            ]
          }
        ]
      }
    ]
  },
  "Planning Time": 0.449,
  "Triggers": [],
  "Execution Time": 465.153
}