{
  "Plan": {
    "Node Type": "Aggregate",
    "Strategy": "Plain",
    "Partial Mode": "Simple",
    "Parallel Aware": false,
    "Startup Cost": 11296.29,
    "Total Cost": 11296.3,
    "Plan Rows": 1,
    "Plan Width": 128,
    "Actual Startup Time": 307.34,
    "Actual Total Time": 307.347,
    "Actual Rows": 1,
    "Actual Loops": 1,
    "Plans": [
      {
        "Node Type": "Nested Loop",
        "Parent Relationship": "Outer",
        "Parallel Aware": false,
        "Join Type": "Inner",
        "Startup Cost": 13.96,
        "Total Cost": 11296.28,
        "Plan Rows": 1,
        "Plan Width": 81,
        "Actual Startup Time": 142.87,
        "Actual Total Time": 307.321,
        "Actual Rows": 16,
        "Actual Loops": 1,
        "Inner Unique": true,
        "Join Filter": "(mi_idx.info_type_id = it2.id)",
        "Rows Removed by Join Filter": 32,
        "Plans": [
          {
            "Node Type": "Nested Loop",
            "Parent Relationship": "Outer",
            "Parallel Aware": false,
            "Join Type": "Inner",
            "Startup Cost": 13.96,
            "Total Cost": 11293.86,
            "Plan Rows": 1,
            "Plan Width": 85,
            "Actual Startup Time": 142.843,
            "Actual Total Time": 306.931,
            "Actual Rows": 48,
            "Actual Loops": 1,
            "Inner Unique": true,
            "Plans": [
              {
                "Node Type": "Nested Loop",
                "Parent Relationship": "Outer",
                "Parallel Aware": false,
                "Join Type": "Inner",
                "Startup Cost": 13.54,
                "Total Cost": 11293.22,
                "Plan Rows": 1,
                "Plan Width": 89,
                "Actual Startup Time": 49.816,
                "Actual Total Time": 306.424,
                "Actual Rows": 174,
                "Actual Loops": 1,
                "Inner Unique": true,
                "Join Filter": "(mi.info_type_id = it1.id)",
                "Rows Removed by Join Filter": 0,
                "Plans": [
                  {
                    "Node Type": "Nested Loop",
                    "Parent Relationship": "Outer",
                    "Parallel Aware": false,
                    "Join Type": "Inner",
                    "Startup Cost": 13.54,
                    "Total Cost": 11290.8,
                    "Plan Rows": 1,
                    "Plan Width": 93,
                    "Actual Startup Time": 49.805,
                    "Actual Total Time": 305.717,
                    "Actual Rows": 174,
                    "Actual Loops": 1,
                    "Inner Unique": false,
                    "Join Filter": "(t.id = mi_idx.movie_id)",
                    "Rows Removed by Join Filter": 0,
                    "Plans": [
                      {
                        "Node Type": "Nested Loop",
                        "Parent Relationship": "Outer",
                        "Parallel Aware": false,
                        "Join Type": "Inner",
                        "Startup Cost": 13.11,
                        "Total Cost": 11290.27,
                        "Plan Rows": 1,
                        "Plan Width": 103,
                        "Actual Startup Time": 49.793,
                        "Actual Total Time": 305.479,
                        "Actual Rows": 58,
                        "Actual Loops": 1,
                        "Inner Unique": false,
                        "Join Filter": "(t.id = mi.movie_id)",
                        "Rows Removed by Join Filter": 0,
                        "Plans": [
                          {
                            "Node Type": "Nested Loop",
                            "Parent Relationship": "Outer",
                            "Parallel Aware": false,
                            "Join Type": "Inner",
                            "Startup Cost": 12.67,
                            "Total Cost": 11288.85,
                            "Plan Rows": 1,
                            "Plan Width": 52,
                            "Actual Startup Time": 49.677,
                            "Actual Total Time": 302.873,
                            "Actual Rows": 34,
                            "Actual Loops": 1,
                            "Inner Unique": true,
                            "Plans": [
                              {
                                "Node Type": "Nested Loop",
                                "Parent Relationship": "Outer",
                                "Parallel Aware": false,
                                "Join Type": "Inner",
                                "Startup Cost": 12.24,
                                "Total Cost": 11288.17,
                                "Plan Rows": 1,
                                "Plan Width": 41,
                                "Actual Startup Time": 49.665,
                                "Actual Total Time": 302.659,
                                "Actual Rows": 34,
                                "Actual Loops": 1,
                                "Inner Unique": false,
                                "Join Filter": "(t.id = ci.movie_id)",
                                "Rows Removed by Join Filter": 0,
                                "Plans": [
                                  {
                                    "Node Type": "Nested Loop",
                                    "Parent Relationship": "Outer",
                                    "Parallel Aware": false,
                                    "Join Type": "Inner",
                                    "Startup Cost": 11.68,
                                    "Total Cost": 11286.44,
                                    "Plan Rows": 1,
                                    "Plan Width": 33,
                                    "Actual Startup Time": 49.551,
                                    "Actual Total Time": 300.787,
                                    "Actual Rows": 17,
                                    "Actual Loops": 1,
                                    "Inner Unique": false,
                                    "Join Filter": "(t.id = mc.movie_id)",
                                    "Rows Removed by Join Filter": 0,
                                    "Plans": [
                                      {
                                        "Node Type": "Nested Loop",
                                        "Parent Relationship": "Outer",
                                        "Parallel Aware": false,
                                        "Join Type": "Inner",
                                        "Startup Cost": 11.25,
                                        "Total Cost": 11285.87,
                                        "Plan Rows": 1,
                                        "Plan Width": 25,
                                        "Actual Startup Time": 36.234,
                                        "Actual Total Time": 300.374,
                                        "Actual Rows": 43,
                                        "Actual Loops": 1,
                                        "Inner Unique": true,
                                        "Plans": [
                                          {
                                            "Node Type": "Nested Loop",
                                            "Parent Relationship": "Outer",
                                            "Parallel Aware": false,
                                            "Join Type": "Inner",
                                            "Startup Cost": 10.82,
                                            "Total Cost": 11168.51,
                                            "Plan Rows": 236,
                                            "Plan Width": 4,
                                            "Actual Startup Time": 9.498,
                                            "Actual Total Time": 112.323,
                                            "Actual Rows": 76714,
                                            "Actual Loops": 1,
                                            "Inner Unique": false,
                                            "Plans": [
                                              {
                                                "Node Type": "Seq Scan",
                                                "Parent Relationship": "Outer",
                                                "Parallel Aware": false,
                                                "Relation Name": "keyword",
                                                "Alias": "k",
                                                "Startup Cost": 0.0,
                                                "Total Cost": 3464.69,
                                                "Plan Rows": 7,
                                                "Plan Width": 4,
                                                "Actual Startup Time": 2.022,
                                                "Actual Total Time": 19.015,
                                                "Actual Rows": 7,
                                                "Actual Loops": 1,
                                                "Filter": "(keyword = ANY ('{murder,violence,blood,gore,death,female-nudity,hospital}'::text[]))",
                                                "Rows Removed by Filter": 134163
                                              },
                                              {
                                                "Node Type": "Bitmap Heap Scan",
                                                "Parent Relationship": "Inner",
                                                "Parallel Aware": false,
                                                "Relation Name": "movie_keyword",
                                                "Alias": "mk",
                                                "Startup Cost": 10.82,
                                                "Total Cost": 1097.47,
                                                "Plan Rows": 308,
                                                "Plan Width": 8,
                                                "Actual Startup Time": 2.424,
                                                "Actual Total Time": 12.398,
                                                "Actual Rows": 10959,
                                                "Actual Loops": 7,
                                                "Recheck Cond": "(keyword_id = k.id)",
                                                "Rows Removed by Index Recheck": 0,
                                                "Exact Heap Blocks": 53234,
                                                "Lossy Heap Blocks": 0,
                                                "Plans": [
                                                  {
                                                    "Node Type": "Bitmap Index Scan",
                                                    "Parent Relationship": "Outer",
                                                    "Parallel Aware": false,
                                                    "Index Name": "keyword_id_movie_keyword",
                                                    "Startup Cost": 0.0,
                                                    "Total Cost": 10.74,
                                                    "Plan Rows": 308,
                                                    "Plan Width": 0,
                                                    "Actual Startup Time": 1.146,
                                                    "Actual Total Time": 1.146,
                                                    "Actual Rows": 10959,
                                                    "Actual Loops": 7,
                                                    "Index Cond": "(keyword_id = k.id)"
                                                  }
                                                ]
                                              }
                                            ]
                                          },
                                          {
                                            "Node Type": "Index Scan",
                                            "Parent Relationship": "Inner",
                                            "Parallel Aware": false,
                                            "Scan Direction": "Forward",
                                            "Index Name": "title_pkey",
                                            "Relation Name": "title",
                                            "Alias": "t",
                                            "Startup Cost": 0.43,
                                            "Total Cost": 0.5,
                                            "Plan Rows": 1,
                                            "Plan Width": 21,
                                            "Actual Startup Time": 0.002,
                                            "Actual Total Time": 0.002,
                                            "Actual Rows": 0,
                                            "Actual Loops": 76714,
                                            "Index Cond": "(id = mk.movie_id)",
                                            "Rows Removed by Index Recheck": 0,
                                            "Filter": "((production_year > 2001) AND ((title ~~ '%Freddy%'::text) OR (title ~~ '%Jason%'::text) OR (title ~~ 'Saw%'::text)))",
                                            "Rows Removed by Filter": 1
                                          }
                                        ]
                                      },
                                      {
                                        "Node Type": "Index Scan",
                                        "Parent Relationship": "Inner",
                                        "Parallel Aware": false,
                                        "Scan Direction": "Forward",
                                        "Index Name": "movie_id_movie_companies",
                                        "Relation Name": "movie_companies",
                                        "Alias": "mc",
                                        "Startup Cost": 0.43,
                                        "Total Cost": 0.56,
                                        "Plan Rows": 1,
                                        "Plan Width": 8,
                                        "Actual Startup Time": 0.008,
                                        "Actual Total Time": 0.009,
                                        "Actual Rows": 0,
                                        "Actual Loops": 43,
                                        "Index Cond": "(movie_id = mk.movie_id)",
                                        "Rows Removed by Index Recheck": 0,
                                        "Filter": "(note ~~ '%(VHS)%'::text)",
                                        "Rows Removed by Filter": 22
                                      }
                                    ]
                                  },
                                  {
                                    "Node Type": "Index Scan",
                                    "Parent Relationship": "Inner",
                                    "Parallel Aware": false,
                                    "Scan Direction": "Forward",
                                    "Index Name": "movie_id_cast_info",
                                    "Relation Name": "cast_info",
                                    "Alias": "ci",
                                    "Startup Cost": 0.56,
                                    "Total Cost": 1.71,
                                    "Plan Rows": 1,
                                    "Plan Width": 8,
                                    "Actual Startup Time": 0.051,
                                    "Actual Total Time": 0.109,
                                    "Actual Rows": 2,
                                    "Actual Loops": 17,
                                    "Index Cond": "(movie_id = mk.movie_id)",
                                    "Rows Removed by Index Recheck": 0,
                                    "Filter": "(note = ANY ('{(writer),\"(head writer)\",\"(written by)\",(story),\"(story editor)\"}'::text[]))",
                                    "Rows Removed by Filter": 113
                                  }
                                ]
                              },
                              {
                                "Node Type": "Index Scan",
                                "Parent Relationship": "Inner",
                                "Parallel Aware": false,
                                "Scan Direction": "Forward",
                                "Index Name": "name_pkey",
                                "Relation Name": "name",
                                "Alias": "n",
                                "Startup Cost": 0.43,
                                "Total Cost": 0.69,
                                "Plan Rows": 1,
                                "Plan Width": 19,
                                "Actual Startup Time": 0.005,
                                "Actual Total Time": 0.006,
                                "Actual Rows": 1,
                                "Actual Loops": 34,
                                "Index Cond": "(id = ci.person_id)",
                                "Rows Removed by Index Recheck": 0,
                                "Filter": "((gender)::text = 'm'::text)",
                                "Rows Removed by Filter": 0
                              }
                            ]
                          },
                          {
                            "Node Type": "Index Scan",
                            "Parent Relationship": "Inner",
                            "Parallel Aware": false,
                            "Scan Direction": "Forward",
                            "Index Name": "movie_id_movie_info",
                            "Relation Name": "movie_info",
                            "Alias": "mi",
                            "Startup Cost": 0.43,
                            "Total Cost": 1.41,
                            "Plan Rows": 1,
                            "Plan Width": 51,
                            "Actual Startup Time": 0.075,
                            "Actual Total Time": 0.076,
                            "Actual Rows": 2,
                            "Actual Loops": 34,
                            "Index Cond": "(movie_id = mk.movie_id)",
                            "Rows Removed by Index Recheck": 0,
                            "Filter": "(info = ANY ('{Horror,Action}'::text[]))",
                            "Rows Removed by Filter": 411
                          }
                        ]
                      },
                      {
                        "Node Type": "Index Scan",
                        "Parent Relationship": "Inner",
                        "Parallel Aware": false,
                        "Scan Direction": "Forward",
                        "Index Name": "movie_id_movie_info_idx",
                        "Relation Name": "movie_info_idx",
                        "Alias": "mi_idx",
                        "Startup Cost": 0.43,
                        "Total Cost": 0.49,
                        "Plan Rows": 3,
                        "Plan Width": 14,
                        "Actual Startup Time": 0.002,
                        "Actual Total Time": 0.003,
                        "Actual Rows": 3,
                        "Actual Loops": 58,
                        "Index Cond": "(movie_id = mk.movie_id)",
                        "Rows Removed by Index Recheck": 0
                      }
                    ]
                  },
                  {
                    "Node Type": "Seq Scan",
                    "Parent Relationship": "Inner",
                    "Parallel Aware": false,
                    "Relation Name": "info_type",
                    "Alias": "it1",
                    "Startup Cost": 0.0,
                    "Total Cost": 2.41,
                    "Plan Rows": 1,
                    "Plan Width": 4,
                    "Actual Startup Time": 0.002,
                    "Actual Total Time": 0.002,
                    "Actual Rows": 1,
                    "Actual Loops": 174,
                    "Filter": "((info)::text = 'genres'::text)",
                    "Rows Removed by Filter": 2
                  }
                ]
              },
              {
                "Node Type": "Index Scan",
                "Parent Relationship": "Inner",
                "Parallel Aware": false,
                "Scan Direction": "Forward",
                "Index Name": "company_name_pkey",
                "Relation Name": "company_name",
                "Alias": "cn",
                "Startup Cost": 0.42,
                "Total Cost": 0.62,
                "Plan Rows": 1,
                "Plan Width": 4,
                "Actual Startup Time": 0.002,
                "Actual Total Time": 0.002,
                "Actual Rows": 0,
                "Actual Loops": 174,
                "Index Cond": "(id = mc.company_id)",
                "Rows Removed by Index Recheck": 0,
                "Filter": "(name ~~ 'PlayArte%'::text)",
                "Rows Removed by Filter": 1
              }
            ]
          },
          {
            "Node Type": "Seq Scan",
            "Parent Relationship": "Inner",
            "Parallel Aware": false,
            "Relation Name": "info_type",
            "Alias": "it2",
            "Startup Cost": 0.0,
            "Total Cost": 2.41,
            "Plan Rows": 1,
            "Plan Width": 4,
            "Actual Startup Time": 0.006,
            "Actual Total Time": 0.006,
            "Actual Rows": 1,
            "Actual Loops": 48,
            "Filter": "((info)::text = 'votes'::text)",
            "Rows Removed by Filter": 108
          }
        ]
      }
    ]
  },
  "Planning Time": 4.097,
  "Triggers": [],
  "Execution Time": 307.539
}