[
    {
        "Bao": {
            "Bao prediction": "NaN",
            "Bao recommended hint": "(no hint)"
        }
    },
    {
        "Plan": {
            "Node Type": "Aggregate",
            "Strategy": "Plain",
            "Partial Mode": "Finalize",
            "Parallel Aware": false,
            "Startup Cost": 348973.96,
            "Total Cost": 348973.97,
            "Plan Rows": 1,
            "Plan Width": 8,
            "Actual Startup Time": 804.977,
            "Actual Total Time": 834.115,
            "Actual Rows": 1,
            "Actual Loops": 1,
            "Output": [
                "count(*)"
            ],
            "Plans": [
                {
                    "Node Type": "Gather",
                    "Parent Relationship": "Outer",
                    "Parallel Aware": false,
                    "Startup Cost": 348973.33,
                    "Total Cost": 348973.94,
                    "Plan Rows": 6,
                    "Plan Width": 8,
                    "Actual Startup Time": 804.842,
                    "Actual Total Time": 834.106,
                    "Actual Rows": 7,
                    "Actual Loops": 1,
                    "Output": [
                        "(PARTIAL count(*))"
                    ],
                    "Workers Planned": 6,
                    "Workers Launched": 6,
                    "Single Copy": false,
                    "Plans": [
                        {
                            "Node Type": "Aggregate",
                            "Strategy": "Plain",
                            "Partial Mode": "Partial",
                            "Parent Relationship": "Outer",
                            "Parallel Aware": false,
                            "Startup Cost": 347973.33,
                            "Total Cost": 347973.34,
                            "Plan Rows": 1,
                            "Plan Width": 8,
                            "Actual Startup Time": 794.814,
                            "Actual Total Time": 794.815,
                            "Actual Rows": 1,
                            "Actual Loops": 7,
                            "Output": [
                                "PARTIAL count(*)"
                            ],
                            "Workers": [
                                {
                                    "Worker Number": 0,
                                    "Actual Startup Time": 792.2,
                                    "Actual Total Time": 792.201,
                                    "Actual Rows": 1,
                                    "Actual Loops": 1
                                },
                                {
                                    "Worker Number": 1,
                                    "Actual Startup Time": 792.741,
                                    "Actual Total Time": 792.742,
                                    "Actual Rows": 1,
                                    "Actual Loops": 1
                                },
                                {
                                    "Worker Number": 2,
                                    "Actual Startup Time": 793.112,
                                    "Actual Total Time": 793.114,
                                    "Actual Rows": 1,
                                    "Actual Loops": 1
                                },
                                {
                                    "Worker Number": 3,
                                    "Actual Startup Time": 793.276,
                                    "Actual Total Time": 793.278,
                                    "Actual Rows": 1,
                                    "Actual Loops": 1
                                },
                                {
                                    "Worker Number": 4,
                                    "Actual Startup Time": 793.975,
                                    "Actual Total Time": 793.977,
                                    "Actual Rows": 1,
                                    "Actual Loops": 1
                                },
                                {
                                    "Worker Number": 5,
                                    "Actual Startup Time": 793.924,
                                    "Actual Total Time": 793.924,
                                    "Actual Rows": 1,
                                    "Actual Loops": 1
                                }
                            ],
                            "Plans": [
                                {
                                    "Node Type": "Seq Scan",
                                    "Parent Relationship": "Outer",
                                    "Parallel Aware": true,
                                    "Relation Name": "cast_info",
                                    "Schema": "public",
                                    "Alias": "ci",
                                    "Startup Cost": 0.0,
                                    "Total Cost": 343318.94,
                                    "Plan Rows": 1861756,
                                    "Plan Width": 0,
                                    "Actual Startup Time": 230.352,
                                    "Actual Total Time": 673.737,
                                    "Actual Rows": 2473369,
                                    "Actual Loops": 7,
                                    "Output": [
                                        "id",
                                        "person_id",
                                        "movie_id",
                                        "person_role_id",
                                        "note",
                                        "nr_order",
                                        "role_id"
                                    ],
                                    "Filter": "((ci.person_id > 1886760) AND (ci.role_id > 1))",
                                    "Rows Removed by Filter": 2704394,
                                    "Workers": [
                                        {
                                            "Worker Number": 0,
                                            "Actual Startup Time": 227.726,
                                            "Actual Total Time": 672.532,
                                            "Actual Rows": 1797530,
                                            "Actual Loops": 1
                                        },
                                        {
                                            "Worker Number": 1,
                                            "Actual Startup Time": 228.284,
                                            "Actual Total Time": 672.778,
                                            "Actual Rows": 1802555,
                                            "Actual Loops": 1
                                        },
                                        {
                                            "Worker Number": 2,
                                            "Actual Startup Time": 228.663,
                                            "Actual Total Time": 673.254,
                                            "Actual Rows": 1792012,
                                            "Actual Loops": 1
                                        },
                                        {
                                            "Worker Number": 3,
                                            "Actual Startup Time": 228.817,
                                            "Actual Total Time": 676.318,
                                            "Actual Rows": 2753099,
                                            "Actual Loops": 1
                                        },
                                        {
                                            "Worker Number": 4,
                                            "Actual Startup Time": 229.502,
                                            "Actual Total Time": 676.624,
                                            "Actual Rows": 2858952,
                                            "Actual Loops": 1
                                        },
                                        {
                                            "Worker Number": 5,
                                            "Actual Startup Time": 229.463,
                                            "Actual Total Time": 676.92,
                                            "Actual Rows": 2824213,
                                            "Actual Loops": 1
                                        }
                                    ]
                                }
                            ]
                        }
                    ]
                }
            ]
        },
        "Planning Time": 177.111,
        "Triggers": [],
        "Execution Time": 834.169
    }
]