[
  {
    "Plan": {
      "Node Type": "Aggregate",
      "Strategy": "Plain",
      "Partial Mode": "Finalize",
      "Parallel Aware": false,
      "Startup Cost": 62968.23,
      "Total Cost": 62968.24,
      "Plan Rows": 1,
      "Plan Width": 8,
      "Actual Startup Time": 231.153,
      "Actual Total Time": 244.384,
      "Actual Rows": 1,
      "Actual Loops": 1,
      "Plans": [
        {
          "Node Type": "Gather",
          "Parent Relationship": "Outer",
          "Parallel Aware": false,
          "Startup Cost": 62968.02,
          "Total Cost": 62968.23,
          "Plan Rows": 2,
          "Plan Width": 8,
          "Actual Startup Time": 230.176,
          "Actual Total Time": 244.377,
          "Actual Rows": 3,
          "Actual Loops": 1,
          "Workers Planned": 2,
          "Workers Launched": 2,
          "Single Copy": false,
          "Plans": [
            {
              "Node Type": "Aggregate",
              "Strategy": "Plain",
              "Partial Mode": "Partial",
              "Parent Relationship": "Outer",
              "Parallel Aware": false,
              "Startup Cost": 61968.02,
              "Total Cost": 61968.03,
              "Plan Rows": 1,
              "Plan Width": 8,
              "Actual Startup Time": 222.354,
              "Actual Total Time": 222.357,
              "Actual Rows": 1,
              "Actual Loops": 3,
              "Plans": [
                {
                  "Node Type": "Hash Join",
                  "Parent Relationship": "Outer",
                  "Parallel Aware": true,
                  "Join Type": "Inner",
                  "Startup Cost": 45794.67,
                  "Total Cost": 61929.52,
                  "Plan Rows": 15400,
                  "Plan Width": 0,
                  "Actual Startup Time": 172.186,
                  "Actual Total Time": 220.873,
                  "Actual Rows": 38138,
                  "Actual Loops": 3,
                  "Inner Unique": true,
                  "Hash Cond": "(mi_idx.movie_id = t.id)",
                  "Plans": [
                    {
                      "Node Type": "Seq Scan",
                      "Parent Relationship": "Outer",
                      "Parallel Aware": true,
                      "Relation Name": "movie_info_idx",
                      "Alias": "mi_idx",
                      "Startup Cost": 0.0,
                      "Total Cost": 15122.68,
                      "Plan Rows": 385585,
                      "Plan Width": 4,
                      "Actual Startup Time": 0.024,
                      "Actual Total Time": 40.625,
                      "Actual Rows": 306703,
                      "Actual Loops": 3,
                      "Filter": "(info_type_id > 99)",
                      "Rows Removed by Filter": 153308
                    },
                    {
                      "Node Type": "Hash",
                      "Parent Relationship": "Inner",
                      "Parallel Aware": true,
                      "Startup Cost": 45479.1,
                      "Total Cost": 45479.1,
                      "Plan Rows": 25246,
                      "Plan Width": 4,
                      "Actual Startup Time": 138.627,
                      "Actual Total Time": 138.627,
                      "Actual Rows": 78549,
                      "Actual Loops": 3,
                      "Hash Buckets": 262144,
                      "Original Hash Buckets": 131072,
                      "Hash Batches": 1,
                      "Original Hash Batches": 1,
                      "Peak Memory Usage": 12352,
                      "Plans": [
                        {
                          "Node Type": "Seq Scan",
                          "Parent Relationship": "Outer",
                          "Parallel Aware": true,
                          "Relation Name": "title",
                          "Alias": "t",
                          "Startup Cost": 0.0,
                          "Total Cost": 45479.1,
                          "Plan Rows": 25246,
                          "Plan Width": 4,
                          "Actual Startup Time": 67.152,
                          "Actual Total Time": 113.456,
                          "Actual Rows": 78549,
                          "Actual Loops": 3,
                          "Filter": "((kind_id < 2) AND (production_year < 1972))",
                          "Rows Removed by Filter": 764222
                        }
                      ]
                    }
                  ]
                }
              ]
            }
          ]
        }
      ]
    },
    "Planning Time": 0.601,
    "Triggers": [],
    "Execution Time": 244.481
  }
]