{
  "Plan": {
    "Node Type": "Aggregate",
    "Strategy": "Plain",
    "Partial Mode": "Finalize",
    "Parallel Aware": false,
    "Startup Cost": 333117.81,
    "Total Cost": 333117.82,
    "Plan Rows": 1,
    "Plan Width": 8,
    "Actual Startup Time": 331.303,
    "Actual Total Time": 341.269,
    "Actual Rows": 1,
    "Actual Loops": 1,
    "Plans": [
      {
        "Node Type": "Gather",
        "Parent Relationship": "Outer",
        "Parallel Aware": false,
        "Startup Cost": 333117.7,
        "Total Cost": 333117.81,
        "Plan Rows": 1,
        "Plan Width": 8,
        "Actual Startup Time": 329.992,
        "Actual Total Time": 341.262,
        "Actual Rows": 2,
        "Actual Loops": 1,
        "Workers Planned": 1,
        "Workers Launched": 1,
        "Single Copy": false,
        "Plans": [
          {
            "Node Type": "Aggregate",
            "Strategy": "Plain",
            "Partial Mode": "Partial",
            "Parent Relationship": "Outer",
            "Parallel Aware": false,
            "Startup Cost": 332117.7,
            "Total Cost": 332117.71,
            "Plan Rows": 1,
            "Plan Width": 8,
            "Actual Startup Time": 324.147,
            "Actual Total Time": 324.15,
            "Actual Rows": 1,
            "Actual Loops": 2,
            "Plans": [
              {
                "Node Type": "Hash Join",
                "Parent Relationship": "Outer",
                "Parallel Aware": true,
                "Join Type": "Inner",
                "Startup Cost": 73660.78,
                "Total Cost": 332046.74,
                "Plan Rows": 28385,
                "Plan Width": 0,
                "Actual Startup Time": 302.339,
                "Actual Total Time": 323.462,
                "Actual Rows": 15385,
                "Actual Loops": 2,
                "Inner Unique": true,
                "Hash Cond": "(ci.movie_id = t.id)",
                "Plans": [
                  {
                    "Node Type": "Bitmap Heap Scan",
                    "Parent Relationship": "Outer",
                    "Parallel Aware": true,
                    "Relation Name": "cast_info",
                    "Alias": "ci",
                    "Startup Cost": 13528.74,
                    "Total Cost": 271664.83,
                    "Plan Rows": 95189,
                    "Plan Width": 4,
                    "Actual Startup Time": 60.41,
                    "Actual Total Time": 67.409,
                    "Actual Rows": 39577,
                    "Actual Loops": 2,
                    "Recheck Cond": "(person_id < 64871)",
                    "Rows Removed by Index Recheck": 0,
                    "Filter": "(role_id > 4)",
                    "Rows Removed by Filter": 261942,
                    "Exact Heap Blocks": 4079,
                    "Lossy Heap Blocks": 0,
                    "Plans": [
                      {
                        "Node Type": "Bitmap Index Scan",
                        "Parent Relationship": "Outer",
                        "Parallel Aware": false,
                        "Index Name": "person_id_cast_info",
                        "Startup Cost": 0.0,
                        "Total Cost": 13488.29,
                        "Plan Rows": 617563,
                        "Plan Width": 0,
                        "Actual Startup Time": 29.709,
                        "Actual Total Time": 29.709,
                        "Actual Rows": 603039,
                        "Actual Loops": 1,
                        "Index Cond": "(person_id < 64871)"
                      }
                    ]
                  },
                  {
                    "Node Type": "Hash",
                    "Parent Relationship": "Inner",
                    "Parallel Aware": true,
                    "Startup Cost": 54588.39,
                    "Total Cost": 54588.39,
                    "Plan Rows": 443492,
                    "Plan Width": 4,
                    "Actual Startup Time": 232.577,
                    "Actual Total Time": 232.577,
                    "Actual Rows": 376838,
                    "Actual Loops": 2,
                    "Hash Buckets": 1048576,
                    "Original Hash Buckets": 1048576,
                    "Hash Batches": 1,
                    "Original Hash Batches": 1,
                    "Peak Memory Usage": 37696,
                    "Plans": [
                      {
                        "Node Type": "Seq Scan",
                        "Parent Relationship": "Outer",
                        "Parallel Aware": true,
                        "Relation Name": "title",
                        "Alias": "t",
                        "Startup Cost": 0.0,
                        "Total Cost": 54588.39,
                        "Plan Rows": 443492,
                        "Plan Width": 4,
                        "Actual Startup Time": 0.033,
                        "Actual Total Time": 141.419,
                        "Actual Rows": 376838,
                        "Actual Loops": 2,
                        "Filter": "(kind_id < 3)",
                        "Rows Removed by Filter": 887318
                      }
                    ]
                  }
                ]
              }
            ]
          }
        ]
      }
    ]
  },
  "Planning Time": 0.727,
  "Triggers": [],
  "Execution Time": 341.357
}