{
  "Plan": {
    "Node Type": "Aggregate",
    "Strategy": "Plain",
    "Partial Mode": "Finalize",
    "Parallel Aware": false,
    "Startup Cost": 134874.2,
    "Total Cost": 134874.21,
    "Plan Rows": 1,
    "Plan Width": 8,
    "Actual Startup Time": 946.628,
    "Actual Total Time": 961.273,
    "Actual Rows": 1,
    "Actual Loops": 1,
    "Plans": [
      {
        "Node Type": "Gather",
        "Parent Relationship": "Outer",
        "Parallel Aware": false,
        "Startup Cost": 134874.09,
        "Total Cost": 134874.2,
        "Plan Rows": 1,
        "Plan Width": 8,
        "Actual Startup Time": 943.924,
        "Actual Total Time": 961.267,
        "Actual Rows": 2,
        "Actual Loops": 1,
        "Workers Planned": 1,
        "Workers Launched": 1,
        "Single Copy": false,
        "Plans": [
          {
            "Node Type": "Aggregate",
            "Strategy": "Plain",
            "Partial Mode": "Partial",
            "Parent Relationship": "Outer",
            "Parallel Aware": false,
            "Startup Cost": 133874.09,
            "Total Cost": 133874.1,
            "Plan Rows": 1,
            "Plan Width": 8,
            "Actual Startup Time": 937.805,
            "Actual Total Time": 937.809,
            "Actual Rows": 1,
            "Actual Loops": 2,
            "Plans": [
              {
                "Node Type": "Hash Join",
                "Parent Relationship": "Outer",
                "Parallel Aware": true,
                "Join Type": "Inner",
                "Startup Cost": 71206.71,
                "Total Cost": 129257.55,
                "Plan Rows": 1846615,
                "Plan Width": 0,
                "Actual Startup Time": 465.385,
                "Actual Total Time": 906.598,
                "Actual Rows": 810848,
                "Actual Loops": 2,
                "Inner Unique": true,
                "Hash Cond": "(mk.movie_id = t.id)",
                "Plans": [
                  {
                    "Node Type": "Seq Scan",
                    "Parent Relationship": "Outer",
                    "Parallel Aware": true,
                    "Relation Name": "movie_keyword",
                    "Alias": "mk",
                    "Startup Cost": 0.0,
                    "Total Cost": 51065.35,
                    "Plan Rows": 2661135,
                    "Plan Width": 4,
                    "Actual Startup Time": 0.014,
                    "Actual Total Time": 156.905,
                    "Actual Rows": 2261965,
                    "Actual Loops": 2
                  },
                  {
                    "Node Type": "Hash",
                    "Parent Relationship": "Inner",
                    "Parallel Aware": true,
                    "Startup Cost": 58306.47,
                    "Total Cost": 58306.47,
                    "Plan Rows": 1032019,
                    "Plan Width": 4,
                    "Actual Startup Time": 452.315,
                    "Actual Total Time": 452.316,
                    "Actual Rows": 899952,
                    "Actual Loops": 2,
                    "Hash Buckets": 2097152,
                    "Original Hash Buckets": 2097152,
                    "Hash Batches": 1,
                    "Original Hash Batches": 1,
                    "Peak Memory Usage": 86816,
                    "Plans": [
                      {
                        "Node Type": "Seq Scan",
                        "Parent Relationship": "Outer",
                        "Parallel Aware": true,
                        "Relation Name": "title",
                        "Alias": "t",
                        "Startup Cost": 0.0,
                        "Total Cost": 58306.47,
                        "Plan Rows": 1032019,
                        "Plan Width": 4,
                        "Actual Startup Time": 0.032,
                        "Actual Total Time": 179.887,
                        "Actual Rows": 899952,
                        "Actual Loops": 2,
                        "Filter": "((kind_id > 1) AND (production_year > 1918))",
                        "Rows Removed by Filter": 364204
                      }
                    ]
                  }
                ]
              }
            ]
          }
        ]
      }
    ]
  },
  "Planning Time": 0.274,
  "Triggers": [],
  "Execution Time": 961.32
}