[
  {
    "Plan": {
      "Node Type": "Aggregate",
      "Strategy": "Plain",
      "Partial Mode": "Finalize",
      "Parallel Aware": false,
      "Startup Cost": 25308.09,
      "Total Cost": 25308.1,
      "Plan Rows": 1,
      "Plan Width": 8,
      "Actual Startup Time": 154.109,
      "Actual Total Time": 190.205,
      "Actual Rows": 1,
      "Actual Loops": 1,
      "Plans": [
        {
          "Node Type": "Gather",
          "Parent Relationship": "Outer",
          "Parallel Aware": false,
          "Startup Cost": 25307.87,
          "Total Cost": 25308.08,
          "Plan Rows": 2,
          "Plan Width": 8,
          "Actual Startup Time": 153.798,
          "Actual Total Time": 190.195,
          "Actual Rows": 3,
          "Actual Loops": 1,
          "Workers Planned": 2,
          "Workers Launched": 2,
          "Single Copy": false,
          "Plans": [
            {
              "Node Type": "Aggregate",
              "Strategy": "Plain",
              "Partial Mode": "Partial",
              "Parent Relationship": "Outer",
              "Parallel Aware": false,
              "Startup Cost": 24307.87,
              "Total Cost": 24307.88,
              "Plan Rows": 1,
              "Plan Width": 8,
              "Actual Startup Time": 149.561,
              "Actual Total Time": 149.564,
              "Actual Rows": 1,
              "Actual Loops": 3,
              "Plans": [
                {
                  "Node Type": "Nested Loop",
                  "Parent Relationship": "Outer",
                  "Parallel Aware": false,
                  "Join Type": "Inner",
                  "Startup Cost": 86.41,
                  "Total Cost": 24297.51,
                  "Plan Rows": 4145,
                  "Plan Width": 0,
                  "Actual Startup Time": 3.015,
                  "Actual Total Time": 149.486,
                  "Actual Rows": 298,
                  "Actual Loops": 3,
                  "Inner Unique": false,
                  "Plans": [
                    {
                      "Node Type": "Nested Loop",
                      "Parent Relationship": "Outer",
                      "Parallel Aware": false,
                      "Join Type": "Inner",
                      "Startup Cost": 85.85,
                      "Total Cost": 21153.37,
                      "Plan Rows": 1558,
                      "Plan Width": 8,
                      "Actual Startup Time": 0.758,
                      "Actual Total Time": 13.883,
                      "Actual Rows": 975,
                      "Actual Loops": 3,
                      "Inner Unique": true,
                      "Plans": [
                        {
                          "Node Type": "Bitmap Heap Scan",
                          "Parent Relationship": "Outer",
                          "Parallel Aware": true,
                          "Relation Name": "movie_companies",
                          "Alias": "mc",
                          "Startup Cost": 85.42,
                          "Total Cost": 9370.2,
                          "Plan Rows": 1558,
                          "Plan Width": 4,
                          "Actual Startup Time": 0.621,
                          "Actual Total Time": 3.846,
                          "Actual Rows": 975,
                          "Actual Loops": 3,
                          "Recheck Cond": "(company_id = 677)",
                          "Rows Removed by Index Recheck": 0,
                          "Exact Heap Blocks": 1200,
                          "Lossy Heap Blocks": 0,
                          "Plans": [
                            {
                              "Node Type": "Bitmap Index Scan",
                              "Parent Relationship": "Outer",
                              "Parallel Aware": false,
                              "Index Name": "company_id_movie_companies",
                              "Startup Cost": 0.0,
                              "Total Cost": 84.48,
                              "Plan Rows": 3740,
                              "Plan Width": 0,
                              "Actual Startup Time": 1.292,
                              "Actual Total Time": 1.293,
                              "Actual Rows": 2926,
                              "Actual Loops": 1,
                              "Index Cond": "(company_id = 677)"
                            }
                          ]
                        },
                        {
                          "Node Type": "Index Only Scan",
                          "Parent Relationship": "Inner",
                          "Parallel Aware": false,
                          "Scan Direction": "Forward",
                          "Index Name": "title_pkey",
                          "Relation Name": "title",
                          "Alias": "t",
                          "Startup Cost": 0.43,
                          "Total Cost": 7.56,
                          "Plan Rows": 1,
                          "Plan Width": 4,
                          "Actual Startup Time": 0.01,
                          "Actual Total Time": 0.01,
                          "Actual Rows": 1,
                          "Actual Loops": 2926,
                          "Index Cond": "(id = mc.movie_id)",
                          "Rows Removed by Index Recheck": 0,
                          "Heap Fetches": 2926
                        }
                      ]
                    },
                    {
                      "Node Type": "Index Scan",
                      "Parent Relationship": "Inner",
                      "Parallel Aware": false,
                      "Scan Direction": "Forward",
                      "Index Name": "movie_id_cast_info",
                      "Relation Name": "cast_info",
                      "Alias": "ci",
                      "Startup Cost": 0.56,
                      "Total Cost": 1.96,
                      "Plan Rows": 6,
                      "Plan Width": 4,
                      "Actual Startup Time": 0.114,
                      "Actual Total Time": 0.138,
                      "Actual Rows": 0,
                      "Actual Loops": 2926,
                      "Index Cond": "(movie_id = t.id)",
                      "Rows Removed by Index Recheck": 0,
                      "Filter": "((person_id > 1700702) AND (role_id < 2))",
                      "Rows Removed by Filter": 45
                    }
                  ]
                }
              ]
            }
          ]
        }
      ]
    },
    "Planning Time": 0.812,
    "Triggers": [],
    "Execution Time": 190.292
  }
]