{
  "Plan": {
    "Node Type": "Aggregate",
    "Strategy": "Plain",
    "Partial Mode": "Finalize",
    "Parallel Aware": false,
    "Startup Cost": 149039.92,
    "Total Cost": 149039.93,
    "Plan Rows": 1,
    "Plan Width": 96,
    "Actual Startup Time": 2170.834,
    "Actual Total Time": 2263.527,
    "Actual Rows": 1,
    "Actual Loops": 1,
    "Plans": [
      {
        "Node Type": "Gather",
        "Parent Relationship": "Outer",
        "Parallel Aware": false,
        "Startup Cost": 149039.81,
        "Total Cost": 149039.92,
        "Plan Rows": 1,
        "Plan Width": 96,
        "Actual Startup Time": 2165.99,
        "Actual Total Time": 2263.511,
        "Actual Rows": 2,
        "Actual Loops": 1,
        "Workers Planned": 1,
        "Workers Launched": 1,
        "Single Copy": false,
        "Plans": [
          {
            "Node Type": "Aggregate",
            "Strategy": "Plain",
            "Partial Mode": "Partial",
            "Parent Relationship": "Outer",
            "Parallel Aware": false,
            "Startup Cost": 148039.81,
            "Total Cost": 148039.82,
            "Plan Rows": 1,
            "Plan Width": 96,
            "Actual Startup Time": 2159.043,
            "Actual Total Time": 2159.061,
            "Actual Rows": 1,
            "Actual Loops": 2,
            "Plans": [
              {
                "Node Type": "Hash Join",
                "Parent Relationship": "Outer",
                "Parallel Aware": false,
                "Join Type": "Inner",
                "Startup Cost": 12744.92,
                "Total Cost": 148033.67,
                "Plan Rows": 818,
                "Plan Width": 48,
                "Actual Startup Time": 1432.263,
                "Actual Total Time": 2121.319,
                "Actual Rows": 338760,
                "Actual Loops": 2,
                "Inner Unique": false,
                "Hash Cond": "(n.id = ci.person_id)",
                "Plans": [
                  {
                    "Node Type": "Seq Scan",
                    "Parent Relationship": "Outer",
                    "Parallel Aware": true,
                    "Relation Name": "name",
                    "Alias": "n",
                    "Startup Cost": 0.0,
                    "Total Cost": 80126.1,
                    "Plan Rows": 2451310,
                    "Plan Width": 19,
                    "Actual Startup Time": 0.038,
                    "Actual Total Time": 184.227,
                    "Actual Rows": 2083746,
                    "Actual Loops": 2
                  },
                  {
                    "Node Type": "Hash",
                    "Parent Relationship": "Inner",
                    "Parallel Aware": false,
                    "Startup Cost": 12727.54,
                    "Total Cost": 12727.54,
                    "Plan Rows": 1390,
                    "Plan Width": 37,
                    "Actual Startup Time": 1431.993,
                    "Actual Total Time": 1432.007,
                    "Actual Rows": 677521,
                    "Actual Loops": 2,
                    "Hash Buckets": 1048576,
                    "Original Hash Buckets": 2048,
                    "Hash Batches": 1,
                    "Original Hash Batches": 1,
                    "Peak Memory Usage": 49903,
                    "Plans": [
                      {
                        "Node Type": "Nested Loop",
                        "Parent Relationship": "Outer",
                        "Parallel Aware": false,
                        "Join Type": "Inner",
                        "Startup Cost": 11.81,
                        "Total Cost": 12727.54,
                        "Plan Rows": 1390,
                        "Plan Width": 37,
                        "Actual Startup Time": 5.557,
                        "Actual Total Time": 1282.882,
                        "Actual Rows": 677521,
                        "Actual Loops": 2,
                        "Inner Unique": false,
                        "Join Filter": "(t.id = ci.movie_id)",
                        "Rows Removed by Join Filter": 0,
                        "Plans": [
                          {
                            "Node Type": "Nested Loop",
                            "Parent Relationship": "Outer",
                            "Parallel Aware": false,
                            "Join Type": "Inner",
                            "Startup Cost": 11.25,
                            "Total Cost": 12540.97,
                            "Plan Rows": 97,
                            "Plan Width": 41,
                            "Actual Startup Time": 5.426,
                            "Actual Total Time": 328.257,
                            "Actual Rows": 11228,
                            "Actual Loops": 2,
                            "Inner Unique": true,
                            "Plans": [
                              {
                                "Node Type": "Nested Loop",
                                "Parent Relationship": "Outer",
                                "Parallel Aware": false,
                                "Join Type": "Inner",
                                "Startup Cost": 10.82,
                                "Total Cost": 12408.72,
                                "Plan Rows": 270,
                                "Plan Width": 20,
                                "Actual Startup Time": 5.078,
                                "Actual Total Time": 115.093,
                                "Actual Rows": 71225,
                                "Actual Loops": 2,
                                "Inner Unique": false,
                                "Plans": [
                                  {
                                    "Node Type": "Seq Scan",
                                    "Parent Relationship": "Outer",
                                    "Parallel Aware": false,
                                    "Relation Name": "keyword",
                                    "Alias": "k",
                                    "Startup Cost": 0.0,
                                    "Total Cost": 3632.4,
                                    "Plan Rows": 8,
                                    "Plan Width": 20,
                                    "Actual Startup Time": 1.71,
                                    "Actual Total Time": 20.993,
                                    "Actual Rows": 7,
                                    "Actual Loops": 2,
                                    "Filter": "(keyword = ANY ('{sequel,fight,blood,marvel-comics,blood,revenge,violence,based-on-novel}'::text[]))",
                                    "Rows Removed by Filter": 134163
                                  },
                                  {
                                    "Node Type": "Bitmap Heap Scan",
                                    "Parent Relationship": "Inner",
                                    "Parallel Aware": false,
                                    "Relation Name": "movie_keyword",
                                    "Alias": "mk",
                                    "Startup Cost": 10.82,
                                    "Total Cost": 1093.96,
                                    "Plan Rows": 308,
                                    "Plan Width": 8,
                                    "Actual Startup Time": 1.859,
                                    "Actual Total Time": 12.425,
                                    "Actual Rows": 10175,
                                    "Actual Loops": 14,
                                    "Recheck Cond": "(keyword_id = k.id)",
                                    "Rows Removed by Index Recheck": 0,
                                    "Exact Heap Blocks": 42940,
                                    "Lossy Heap Blocks": 0,
                                    "Plans": [
                                      {
                                        "Node Type": "Bitmap Index Scan",
                                        "Parent Relationship": "Outer",
                                        "Parallel Aware": false,
                                        "Index Name": "keyword_id_movie_keyword",
                                        "Startup Cost": 0.0,
                                        "Total Cost": 10.74,
                                        "Plan Rows": 308,
                                        "Plan Width": 0,
                                        "Actual Startup Time": 1.066,
                                        "Actual Total Time": 1.066,
                                        "Actual Rows": 10175,
                                        "Actual Loops": 14,
                                        "Index Cond": "(keyword_id = k.id)"
                                      }
                                    ]
                                  }
                                ]
                              },
                              {
                                "Node Type": "Index Scan",
                                "Parent Relationship": "Inner",
                                "Parallel Aware": false,
                                "Scan Direction": "Forward",
                                "Index Name": "title_pkey",
                                "Relation Name": "title",
                                "Alias": "t",
                                "Startup Cost": 0.43,
                                "Total Cost": 0.49,
                                "Plan Rows": 1,
                                "Plan Width": 21,
                                "Actual Startup Time": 0.003,
                                "Actual Total Time": 0.003,
                                "Actual Rows": 0,
                                "Actual Loops": 142450,
                                "Index Cond": "(id = mk.movie_id)",
                                "Rows Removed by Index Recheck": 0,
                                "Filter": "(production_year > 2006)",
                                "Rows Removed by Filter": 1
                              }
                            ]
                          },
                          {
                            "Node Type": "Index Scan",
                            "Parent Relationship": "Inner",
                            "Parallel Aware": false,
                            "Scan Direction": "Forward",
                            "Index Name": "movie_id_cast_info",
                            "Relation Name": "cast_info",
                            "Alias": "ci",
                            "Startup Cost": 0.56,
                            "Total Cost": 1.5,
                            "Plan Rows": 34,
                            "Plan Width": 8,
                            "Actual Startup Time": 0.007,
                            "Actual Total Time": 0.078,
                            "Actual Rows": 60,
                            "Actual Loops": 22456,
                            "Index Cond": "(movie_id = mk.movie_id)",
                            "Rows Removed by Index Recheck": 0
                          }
                        ]
                      }
                    ]
                  }
                ]
              }
            ]
          }
        ]
      }
    ]
  },
  "Planning Time": 0.811,
  "Triggers": [],
  "Execution Time": 2264.029
}