[
  {
    "Plan": {
      "Node Type": "Aggregate",
      "Strategy": "Plain",
      "Partial Mode": "Finalize",
      "Parallel Aware": false,
      "Startup Cost": 63247.18,
      "Total Cost": 63247.19,
      "Plan Rows": 1,
      "Plan Width": 8,
      "Actual Startup Time": 130.61,
      "Actual Total Time": 146.153,
      "Actual Rows": 1,
      "Actual Loops": 1,
      "Plans": [
        {
          "Node Type": "Gather",
          "Parent Relationship": "Outer",
          "Parallel Aware": false,
          "Startup Cost": 63246.76,
          "Total Cost": 63247.17,
          "Plan Rows": 4,
          "Plan Width": 8,
          "Actual Startup Time": 130.445,
          "Actual Total Time": 146.142,
          "Actual Rows": 5,
          "Actual Loops": 1,
          "Workers Planned": 4,
          "Workers Launched": 4,
          "Single Copy": false,
          "Plans": [
            {
              "Node Type": "Aggregate",
              "Strategy": "Plain",
              "Partial Mode": "Partial",
              "Parent Relationship": "Outer",
              "Parallel Aware": false,
              "Startup Cost": 62246.76,
              "Total Cost": 62246.77,
              "Plan Rows": 1,
              "Plan Width": 8,
              "Actual Startup Time": 120.914,
              "Actual Total Time": 120.916,
              "Actual Rows": 1,
              "Actual Loops": 5,
              "Plans": [
                {
                  "Node Type": "Nested Loop",
                  "Parent Relationship": "Outer",
                  "Parallel Aware": false,
                  "Join Type": "Inner",
                  "Startup Cost": 0.43,
                  "Total Cost": 62245.78,
                  "Plan Rows": 392,
                  "Plan Width": 0,
                  "Actual Startup Time": 67.467,
                  "Actual Total Time": 120.744,
                  "Actual Rows": 964,
                  "Actual Loops": 5,
                  "Inner Unique": false,
                  "Plans": [
                    {
                      "Node Type": "Seq Scan",
                      "Parent Relationship": "Outer",
                      "Parallel Aware": true,
                      "Relation Name": "title",
                      "Alias": "t",
                      "Startup Cost": 0.0,
                      "Total Cost": 43899.32,
                      "Plan Rows": 1348,
                      "Plan Width": 4,
                      "Actual Startup Time": 67.292,
                      "Actual Total Time": 102.001,
                      "Actual Rows": 1167,
                      "Actual Loops": 5,
                      "Filter": "(production_year = 1916)",
                      "Rows Removed by Filter": 504495
                    },
                    {
                      "Node Type": "Index Scan",
                      "Parent Relationship": "Inner",
                      "Parallel Aware": false,
                      "Scan Direction": "Forward",
                      "Index Name": "movie_id_movie_companies",
                      "Relation Name": "movie_companies",
                      "Alias": "mc",
                      "Startup Cost": 0.43,
                      "Total Cost": 13.6,
                      "Plan Rows": 1,
                      "Plan Width": 4,
                      "Actual Startup Time": 0.012,
                      "Actual Total Time": 0.015,
                      "Actual Rows": 1,
                      "Actual Loops": 5835,
                      "Index Cond": "(movie_id = t.id)",
                      "Rows Removed by Index Recheck": 0,
                      "Filter": "((company_id > 7772) AND (company_type_id < 2))",
                      "Rows Removed by Filter": 1
                    }
                  ]
                }
              ]
            }
          ]
        }
      ]
    },
    "Planning Time": 0.598,
    "Triggers": [],
    "Execution Time": 146.218
  }
]