{
  "Plan": {
    "Node Type": "Aggregate",
    "Strategy": "Plain",
    "Partial Mode": "Finalize",
    "Parallel Aware": false,
    "Startup Cost": 347259.11,
    "Total Cost": 347259.12,
    "Plan Rows": 1,
    "Plan Width": 8,
    "Actual Startup Time": 2485.895,
    "Actual Total Time": 2534.388,
    "Actual Rows": 1,
    "Actual Loops": 1,
    "Plans": [
      {
        "Node Type": "Gather",
        "Parent Relationship": "Outer",
        "Parallel Aware": false,
        "Startup Cost": 347258.99,
        "Total Cost": 347259.1,
        "Plan Rows": 1,
        "Plan Width": 8,
        "Actual Startup Time": 2484.788,
        "Actual Total Time": 2534.38,
        "Actual Rows": 2,
        "Actual Loops": 1,
        "Workers Planned": 1,
        "Workers Launched": 1,
        "Single Copy": false,
        "Plans": [
          {
            "Node Type": "Aggregate",
            "Strategy": "Plain",
            "Partial Mode": "Partial",
            "Parent Relationship": "Outer",
            "Parallel Aware": false,
            "Startup Cost": 346258.99,
            "Total Cost": 346259.0,
            "Plan Rows": 1,
            "Plan Width": 8,
            "Actual Startup Time": 2479.049,
            "Actual Total Time": 2479.054,
            "Actual Rows": 1,
            "Actual Loops": 2,
            "Plans": [
              {
                "Node Type": "Hash Join",
                "Parent Relationship": "Outer",
                "Parallel Aware": true,
                "Join Type": "Inner",
                "Startup Cost": 60398.21,
                "Total Cost": 344791.28,
                "Plan Rows": 587087,
                "Plan Width": 0,
                "Actual Startup Time": 297.534,
                "Actual Total Time": 2384.445,
                "Actual Rows": 1614290,
                "Actual Loops": 2,
                "Inner Unique": true,
                "Hash Cond": "(mi.movie_id = t.id)",
                "Plans": [
                  {
                    "Node Type": "Seq Scan",
                    "Parent Relationship": "Outer",
                    "Parallel Aware": true,
                    "Relation Name": "movie_info",
                    "Alias": "mi",
                    "Startup Cost": 0.0,
                    "Total Cost": 270696.42,
                    "Plan Rows": 5217764,
                    "Plan Width": 4,
                    "Actual Startup Time": 0.013,
                    "Actual Total Time": 1069.427,
                    "Actual Rows": 4483347,
                    "Actual Loops": 2,
                    "Filter": "(info_type_id < 15)",
                    "Rows Removed by Filter": 2934513
                  },
                  {
                    "Node Type": "Hash",
                    "Parent Relationship": "Inner",
                    "Parallel Aware": true,
                    "Startup Cost": 58306.47,
                    "Total Cost": 58306.47,
                    "Plan Rows": 167339,
                    "Plan Width": 4,
                    "Actual Startup Time": 288.968,
                    "Actual Total Time": 288.969,
                    "Actual Rows": 200746,
                    "Actual Loops": 2,
                    "Hash Buckets": 524288,
                    "Original Hash Buckets": 524288,
                    "Hash Batches": 1,
                    "Original Hash Batches": 1,
                    "Peak Memory Usage": 19840,
                    "Plans": [
                      {
                        "Node Type": "Seq Scan",
                        "Parent Relationship": "Outer",
                        "Parallel Aware": true,
                        "Relation Name": "title",
                        "Alias": "t",
                        "Startup Cost": 0.0,
                        "Total Cost": 58306.47,
                        "Plan Rows": 167339,
                        "Plan Width": 4,
                        "Actual Startup Time": 0.045,
                        "Actual Total Time": 208.755,
                        "Actual Rows": 200746,
                        "Actual Loops": 2,
                        "Filter": "((kind_id < 7) AND (production_year < 1992))",
                        "Rows Removed by Filter": 1063410
                      }
                    ]
                  }
                ]
              }
            ]
          }
        ]
      }
    ]
  },
  "Planning Time": 0.633,
  "Triggers": [],
  "Execution Time": 2534.467
}