[
  {
    "Plan": {
      "Node Type": "Aggregate",
      "Strategy": "Plain",
      "Partial Mode": "Finalize",
      "Parallel Aware": false,
      "Startup Cost": 32373.77,
      "Total Cost": 32373.78,
      "Plan Rows": 1,
      "Plan Width": 8,
      "Actual Startup Time": 135.821,
      "Actual Total Time": 145.726,
      "Actual Rows": 1,
      "Actual Loops": 1,
      "Plans": [
        {
          "Node Type": "Gather",
          "Parent Relationship": "Outer",
          "Parallel Aware": false,
          "Startup Cost": 32373.45,
          "Total Cost": 32373.76,
          "Plan Rows": 3,
          "Plan Width": 8,
          "Actual Startup Time": 135.706,
          "Actual Total Time": 145.717,
          "Actual Rows": 4,
          "Actual Loops": 1,
          "Workers Planned": 3,
          "Workers Launched": 3,
          "Single Copy": false,
          "Plans": [
            {
              "Node Type": "Aggregate",
              "Strategy": "Plain",
              "Partial Mode": "Partial",
              "Parent Relationship": "Outer",
              "Parallel Aware": false,
              "Startup Cost": 31373.45,
              "Total Cost": 31373.46,
              "Plan Rows": 1,
              "Plan Width": 8,
              "Actual Startup Time": 129.322,
              "Actual Total Time": 129.323,
              "Actual Rows": 1,
              "Actual Loops": 4,
              "Plans": [
                {
                  "Node Type": "Seq Scan",
                  "Parent Relationship": "Outer",
                  "Parallel Aware": true,
                  "Relation Name": "movie_companies",
                  "Alias": "mc",
                  "Startup Cost": 0.0,
                  "Total Cost": 29310.68,
                  "Plan Rows": 825109,
                  "Plan Width": 0,
                  "Actual Startup Time": 0.041,
                  "Actual Total Time": 94.868,
                  "Actual Rows": 640140,
                  "Actual Loops": 4,
                  "Filter": "(company_id < 192572)",
                  "Rows Removed by Filter": 12142
                }
              ]
            }
          ]
        }
      ]
    },
    "Planning Time": 0.183,
    "Triggers": [],
    "Execution Time": 145.782
  }
]