{
  "Plan": {
    "Node Type": "Aggregate",
    "Strategy": "Plain",
    "Partial Mode": "Finalize",
    "Parallel Aware": false,
    "Startup Cost": 86950.98,
    "Total Cost": 86950.99,
    "Plan Rows": 1,
    "Plan Width": 8,
    "Actual Startup Time": 223.394,
    "Actual Total Time": 238.823,
    "Actual Rows": 1,
    "Actual Loops": 1,
    "Plans": [
      {
        "Node Type": "Gather",
        "Parent Relationship": "Outer",
        "Parallel Aware": false,
        "Startup Cost": 86950.86,
        "Total Cost": 86950.97,
        "Plan Rows": 1,
        "Plan Width": 8,
        "Actual Startup Time": 222.884,
        "Actual Total Time": 238.815,
        "Actual Rows": 2,
        "Actual Loops": 1,
        "Workers Planned": 1,
        "Workers Launched": 1,
        "Single Copy": false,
        "Plans": [
          {
            "Node Type": "Aggregate",
            "Strategy": "Plain",
            "Partial Mode": "Partial",
            "Parent Relationship": "Outer",
            "Parallel Aware": false,
            "Startup Cost": 85950.86,
            "Total Cost": 85950.87,
            "Plan Rows": 1,
            "Plan Width": 8,
            "Actual Startup Time": 216.833,
            "Actual Total Time": 216.836,
            "Actual Rows": 1,
            "Actual Loops": 2,
            "Plans": [
              {
                "Node Type": "Hash Join",
                "Parent Relationship": "Outer",
                "Parallel Aware": true,
                "Join Type": "Inner",
                "Startup Cost": 64908.83,
                "Total Cost": 85927.63,
                "Plan Rows": 9294,
                "Plan Width": 0,
                "Actual Startup Time": 164.772,
                "Actual Total Time": 216.043,
                "Actual Rows": 17450,
                "Actual Loops": 2,
                "Inner Unique": true,
                "Hash Cond": "(mc.movie_id = t.id)",
                "Plans": [
                  {
                    "Node Type": "Bitmap Heap Scan",
                    "Parent Relationship": "Outer",
                    "Parallel Aware": true,
                    "Relation Name": "movie_companies",
                    "Alias": "mc",
                    "Startup Cost": 5429.88,
                    "Total Cost": 26061.87,
                    "Plan Rows": 147359,
                    "Plan Width": 4,
                    "Actual Startup Time": 14.687,
                    "Actual Total Time": 47.989,
                    "Actual Rows": 124460,
                    "Actual Loops": 2,
                    "Recheck Cond": "(company_id < 119)",
                    "Rows Removed by Index Recheck": 0,
                    "Exact Heap Blocks": 11147,
                    "Lossy Heap Blocks": 0,
                    "Plans": [
                      {
                        "Node Type": "Bitmap Index Scan",
                        "Parent Relationship": "Outer",
                        "Parallel Aware": false,
                        "Index Name": "company_id_movie_companies",
                        "Startup Cost": 0.0,
                        "Total Cost": 5367.26,
                        "Plan Rows": 250510,
                        "Plan Width": 0,
                        "Actual Startup Time": 12.147,
                        "Actual Total Time": 12.148,
                        "Actual Rows": 248921,
                        "Actual Loops": 1,
                        "Index Cond": "(company_id < 119)"
                      }
                    ]
                  },
                  {
                    "Node Type": "Hash",
                    "Parent Relationship": "Inner",
                    "Parallel Aware": true,
                    "Startup Cost": 58306.47,
                    "Total Cost": 58306.47,
                    "Plan Rows": 93798,
                    "Plan Width": 4,
                    "Actual Startup Time": 145.996,
                    "Actual Total Time": 145.997,
                    "Actual Rows": 33039,
                    "Actual Loops": 2,
                    "Hash Buckets": 262144,
                    "Original Hash Buckets": 262144,
                    "Hash Batches": 1,
                    "Original Hash Batches": 1,
                    "Peak Memory Usage": 4672,
                    "Plans": [
                      {
                        "Node Type": "Seq Scan",
                        "Parent Relationship": "Outer",
                        "Parallel Aware": true,
                        "Relation Name": "title",
                        "Alias": "t",
                        "Startup Cost": 0.0,
                        "Total Cost": 58306.47,
                        "Plan Rows": 93798,
                        "Plan Width": 4,
                        "Actual Startup Time": 0.034,
                        "Actual Total Time": 135.302,
                        "Actual Rows": 33039,
                        "Actual Loops": 2,
                        "Filter": "((production_year < 1963) AND (kind_id = 7))",
                        "Rows Removed by Filter": 1231117
                      }
                    ]
                  }
                ]
              }
            ]
          }
        ]
      }
    ]
  },
  "Planning Time": 0.483,
  "Triggers": [],
  "Execution Time": 238.918
}