[
  {
    "Plan": {
      "Node Type": "Aggregate",
      "Strategy": "Plain",
      "Partial Mode": "Finalize",
      "Parallel Aware": false,
      "Startup Cost": 335273.69,
      "Total Cost": 335273.7,
      "Plan Rows": 1,
      "Plan Width": 8,
      "Actual Startup Time": 729.648,
      "Actual Total Time": 776.966,
      "Actual Rows": 1,
      "Actual Loops": 1,
      "Plans": [
        {
          "Node Type": "Gather",
          "Parent Relationship": "Outer",
          "Parallel Aware": false,
          "Startup Cost": 335273.07,
          "Total Cost": 335273.68,
          "Plan Rows": 6,
          "Plan Width": 8,
          "Actual Startup Time": 729.466,
          "Actual Total Time": 776.954,
          "Actual Rows": 7,
          "Actual Loops": 1,
          "Workers Planned": 6,
          "Workers Launched": 6,
          "Single Copy": false,
          "Plans": [
            {
              "Node Type": "Aggregate",
              "Strategy": "Plain",
              "Partial Mode": "Partial",
              "Parent Relationship": "Outer",
              "Parallel Aware": false,
              "Startup Cost": 334273.07,
              "Total Cost": 334273.08,
              "Plan Rows": 1,
              "Plan Width": 8,
              "Actual Startup Time": 721.883,
              "Actual Total Time": 721.886,
              "Actual Rows": 1,
              "Actual Loops": 7,
              "Plans": [
                {
                  "Node Type": "Seq Scan",
                  "Parent Relationship": "Outer",
                  "Parallel Aware": true,
                  "Relation Name": "cast_info",
                  "Alias": "ci",
                  "Startup Cost": 0.0,
                  "Total Cost": 328211.39,
                  "Plan Rows": 2424670,
                  "Plan Width": 0,
                  "Actual Startup Time": 0.049,
                  "Actual Total Time": 610.186,
                  "Actual Rows": 2096824,
                  "Actual Loops": 7,
                  "Filter": "(person_id < 1447154)",
                  "Rows Removed by Filter": 3080939
                }
              ]
            }
          ]
        }
      ]
    },
    "Planning Time": 0.072,
    "Triggers": [],
    "Execution Time": 777.009
  }
]