[
  {
    "Plan": {
      "Node Type": "Aggregate",
      "Strategy": "Plain",
      "Partial Mode": "Finalize",
      "Parallel Aware": false,
      "Startup Cost": 335280.04,
      "Total Cost": 335280.05,
      "Plan Rows": 1,
      "Plan Width": 8,
      "Actual Startup Time": 756.328,
      "Actual Total Time": 820.56,
      "Actual Rows": 1,
      "Actual Loops": 1,
      "Plans": [
        {
          "Node Type": "Gather",
          "Parent Relationship": "Outer",
          "Parallel Aware": false,
          "Startup Cost": 335279.42,
          "Total Cost": 335280.03,
          "Plan Rows": 6,
          "Plan Width": 8,
          "Actual Startup Time": 756.232,
          "Actual Total Time": 820.55,
          "Actual Rows": 7,
          "Actual Loops": 1,
          "Workers Planned": 6,
          "Workers Launched": 6,
          "Single Copy": false,
          "Plans": [
            {
              "Node Type": "Aggregate",
              "Strategy": "Plain",
              "Partial Mode": "Partial",
              "Parent Relationship": "Outer",
              "Parallel Aware": false,
              "Startup Cost": 334279.42,
              "Total Cost": 334279.43,
              "Plan Rows": 1,
              "Plan Width": 8,
              "Actual Startup Time": 747.642,
              "Actual Total Time": 747.643,
              "Actual Rows": 1,
              "Actual Loops": 7,
              "Plans": [
                {
                  "Node Type": "Seq Scan",
                  "Parent Relationship": "Outer",
                  "Parallel Aware": true,
                  "Relation Name": "cast_info",
                  "Alias": "ci",
                  "Startup Cost": 0.0,
                  "Total Cost": 328162.03,
                  "Plan Rows": 2446956,
                  "Plan Width": 0,
                  "Actual Startup Time": 0.046,
                  "Actual Total Time": 638.86,
                  "Actual Rows": 2096824,
                  "Actual Loops": 7,
                  "Filter": "(person_id < 1447154)",
                  "Rows Removed by Filter": 3080939
                }
              ]
            }
          ]
        }
      ]
    },
    "Planning Time": 0.199,
    "Triggers": [],
    "Execution Time": 820.628
  }
]