[
  {
    "Plan": {
      "Node Type": "Aggregate",
      "Strategy": "Plain",
      "Partial Mode": "Finalize",
      "Parallel Aware": false,
      "Startup Cost": 192360.96,
      "Total Cost": 192360.97,
      "Plan Rows": 1,
      "Plan Width": 8,
      "Actual Startup Time": 559.843,
      "Actual Total Time": 579.895,
      "Actual Rows": 1,
      "Actual Loops": 1,
      "Plans": [
        {
          "Node Type": "Gather",
          "Parent Relationship": "Outer",
          "Parallel Aware": false,
          "Startup Cost": 192360.44,
          "Total Cost": 192360.95,
          "Plan Rows": 5,
          "Plan Width": 8,
          "Actual Startup Time": 552.517,
          "Actual Total Time": 579.887,
          "Actual Rows": 6,
          "Actual Loops": 1,
          "Workers Planned": 5,
          "Workers Launched": 5,
          "Single Copy": false,
          "Plans": [
            {
              "Node Type": "Aggregate",
              "Strategy": "Plain",
              "Partial Mode": "Partial",
              "Parent Relationship": "Outer",
              "Parallel Aware": false,
              "Startup Cost": 191360.44,
              "Total Cost": 191360.45,
              "Plan Rows": 1,
              "Plan Width": 8,
              "Actual Startup Time": 541.991,
              "Actual Total Time": 542.146,
              "Actual Rows": 1,
              "Actual Loops": 6,
              "Plans": [
                {
                  "Node Type": "Hash Join",
                  "Parent Relationship": "Outer",
                  "Parallel Aware": true,
                  "Join Type": "Inner",
                  "Startup Cost": 79299.9,
                  "Total Cost": 191089.22,
                  "Plan Rows": 108486,
                  "Plan Width": 0,
                  "Actual Startup Time": 257.748,
                  "Actual Total Time": 530.927,
                  "Actual Rows": 261887,
                  "Actual Loops": 6,
                  "Inner Unique": false,
                  "Hash Cond": "(ci.movie_id = t.id)",
                  "Plans": [
                    {
                      "Node Type": "Index Scan",
                      "Parent Relationship": "Outer",
                      "Parallel Aware": true,
                      "Scan Direction": "Forward",
                      "Index Name": "role_id_cast_info",
                      "Relation Name": "cast_info",
                      "Alias": "ci",
                      "Startup Cost": 0.56,
                      "Total Cost": 108404.92,
                      "Plan Rows": 809334,
                      "Plan Width": 4,
                      "Actual Startup Time": 0.202,
                      "Actual Total Time": 116.501,
                      "Actual Rows": 668006,
                      "Actual Loops": 6,
                      "Index Cond": "(role_id = 3)",
                      "Rows Removed by Index Recheck": 0
                    },
                    {
                      "Node Type": "Hash",
                      "Parent Relationship": "Inner",
                      "Parallel Aware": true,
                      "Startup Cost": 77932.79,
                      "Total Cost": 77932.79,
                      "Plan Rows": 109324,
                      "Plan Width": 8,
                      "Actual Startup Time": 255.041,
                      "Actual Total Time": 255.194,
                      "Actual Rows": 86093,
                      "Actual Loops": 6,
                      "Hash Buckets": 524288,
                      "Original Hash Buckets": 524288,
                      "Hash Batches": 1,
                      "Original Hash Batches": 1,
                      "Peak Memory Usage": 24448,
                      "Plans": [
                        {
                          "Node Type": "Hash Join",
                          "Parent Relationship": "Outer",
                          "Parallel Aware": true,
                          "Join Type": "Inner",
                          "Startup Cost": 47500.35,
                          "Total Cost": 77932.79,
                          "Plan Rows": 109324,
                          "Plan Width": 8,
                          "Actual Startup Time": 152.805,
                          "Actual Total Time": 228.736,
                          "Actual Rows": 86093,
                          "Actual Loops": 6,
                          "Inner Unique": true,
                          "Hash Cond": "(mc.movie_id = t.id)",
                          "Plans": [
                            {
                              "Node Type": "Seq Scan",
                              "Parent Relationship": "Outer",
                              "Parallel Aware": true,
                              "Relation Name": "movie_companies",
                              "Alias": "mc",
                              "Startup Cost": 0.0,
                              "Total Cost": 29310.68,
                              "Plan Rows": 427336,
                              "Plan Width": 4,
                              "Actual Startup Time": 22.18,
                              "Actual Total Time": 49.631,
                              "Actual Rows": 222480,
                              "Actual Loops": 6,
                              "Filter": "(company_type_id = 2)",
                              "Rows Removed by Filter": 212374
                            },
                            {
                              "Node Type": "Hash",
                              "Parent Relationship": "Inner",
                              "Parallel Aware": true,
                              "Startup Cost": 45479.1,
                              "Total Cost": 45479.1,
                              "Plan Rows": 161700,
                              "Plan Width": 4,
                              "Actual Startup Time": 128.599,
                              "Actual Total Time": 128.6,
                              "Actual Rows": 90736,
                              "Actual Loops": 6,
                              "Hash Buckets": 1048576,
                              "Original Hash Buckets": 1048576,
                              "Hash Batches": 1,
                              "Original Hash Batches": 1,
                              "Peak Memory Usage": 29600,
                              "Plans": [
                                {
                                  "Node Type": "Seq Scan",
                                  "Parent Relationship": "Outer",
                                  "Parallel Aware": true,
                                  "Relation Name": "title",
                                  "Alias": "t",
                                  "Startup Cost": 0.0,
                                  "Total Cost": 45479.1,
                                  "Plan Rows": 161700,
                                  "Plan Width": 4,
                                  "Actual Startup Time": 0.059,
                                  "Actual Total Time": 84.161,
                                  "Actual Rows": 90736,
                                  "Actual Loops": 6,
                                  "Filter": "((kind_id < 7) AND (production_year > 1994))",
                                  "Rows Removed by Filter": 330649
                                }
                              ]
                            }
                          ]
                        }
                      ]
                    }
                  ]
                }
              ]
            }
          ]
        }
      ]
    },
    "Planning Time": 1.479,
    "Triggers": [],
    "Execution Time": 579.99
  }
]