[
    {
        "Bao": {
            "Bao prediction": "NaN",
            "Bao recommended hint": "(no hint)"
        }
    },
    {
        "Plan": {
            "Node Type": "Aggregate",
            "Strategy": "Plain",
            "Partial Mode": "Finalize",
            "Parallel Aware": false,
            "Startup Cost": 335034.21,
            "Total Cost": 335034.22,
            "Plan Rows": 1,
            "Plan Width": 8,
            "Actual Startup Time": 774.154,
            "Actual Total Time": 810.066,
            "Actual Rows": 1,
            "Actual Loops": 1,
            "Output": [
                "count(*)"
            ],
            "Plans": [
                {
                    "Node Type": "Gather",
                    "Parent Relationship": "Outer",
                    "Parallel Aware": false,
                    "Startup Cost": 335033.59,
                    "Total Cost": 335034.2,
                    "Plan Rows": 6,
                    "Plan Width": 8,
                    "Actual Startup Time": 774.04,
                    "Actual Total Time": 810.058,
                    "Actual Rows": 7,
                    "Actual Loops": 1,
                    "Output": [
                        "(PARTIAL count(*))"
                    ],
                    "Workers Planned": 6,
                    "Workers Launched": 6,
                    "Single Copy": false,
                    "Plans": [
                        {
                            "Node Type": "Aggregate",
                            "Strategy": "Plain",
                            "Partial Mode": "Partial",
                            "Parent Relationship": "Outer",
                            "Parallel Aware": false,
                            "Startup Cost": 334033.59,
                            "Total Cost": 334033.6,
                            "Plan Rows": 1,
                            "Plan Width": 8,
                            "Actual Startup Time": 763.967,
                            "Actual Total Time": 763.968,
                            "Actual Rows": 1,
                            "Actual Loops": 7,
                            "Output": [
                                "PARTIAL count(*)"
                            ],
                            "Workers": [
                                {
                                    "Worker Number": 0,
                                    "Actual Startup Time": 761.487,
                                    "Actual Total Time": 761.489,
                                    "Actual Rows": 1,
                                    "Actual Loops": 1
                                },
                                {
                                    "Worker Number": 1,
                                    "Actual Startup Time": 761.95,
                                    "Actual Total Time": 761.951,
                                    "Actual Rows": 1,
                                    "Actual Loops": 1
                                },
                                {
                                    "Worker Number": 2,
                                    "Actual Startup Time": 762.187,
                                    "Actual Total Time": 762.189,
                                    "Actual Rows": 1,
                                    "Actual Loops": 1
                                },
                                {
                                    "Worker Number": 3,
                                    "Actual Startup Time": 762.436,
                                    "Actual Total Time": 762.437,
                                    "Actual Rows": 1,
                                    "Actual Loops": 1
                                },
                                {
                                    "Worker Number": 4,
                                    "Actual Startup Time": 762.93,
                                    "Actual Total Time": 762.932,
                                    "Actual Rows": 1,
                                    "Actual Loops": 1
                                },
                                {
                                    "Worker Number": 5,
                                    "Actual Startup Time": 763.192,
                                    "Actual Total Time": 763.193,
                                    "Actual Rows": 1,
                                    "Actual Loops": 1
                                }
                            ],
                            "Plans": [
                                {
                                    "Node Type": "Seq Scan",
                                    "Parent Relationship": "Outer",
                                    "Parallel Aware": true,
                                    "Relation Name": "cast_info",
                                    "Schema": "public",
                                    "Alias": "ci",
                                    "Startup Cost": 0.0,
                                    "Total Cost": 328213.62,
                                    "Plan Rows": 2327988,
                                    "Plan Width": 0,
                                    "Actual Startup Time": 274.495,
                                    "Actual Total Time": 648.419,
                                    "Actual Rows": 2007024,
                                    "Actual Loops": 7,
                                    "Output": [
                                        "id",
                                        "person_id",
                                        "movie_id",
                                        "person_role_id",
                                        "note",
                                        "nr_order",
                                        "role_id"
                                    ],
                                    "Filter": "(ci.person_id > 2261365)",
                                    "Rows Removed by Filter": 3170739,
                                    "Workers": [
                                        {
                                            "Worker Number": 0,
                                            "Actual Startup Time": 272.025,
                                            "Actual Total Time": 648.098,
                                            "Actual Rows": 1710630,
                                            "Actual Loops": 1
                                        },
                                        {
                                            "Worker Number": 1,
                                            "Actual Startup Time": 272.479,
                                            "Actual Total Time": 648.349,
                                            "Actual Rows": 2674575,
                                            "Actual Loops": 1
                                        },
                                        {
                                            "Worker Number": 2,
                                            "Actual Startup Time": 272.732,
                                            "Actual Total Time": 648.709,
                                            "Actual Rows": 1710009,
                                            "Actual Loops": 1
                                        },
                                        {
                                            "Worker Number": 3,
                                            "Actual Startup Time": 272.958,
                                            "Actual Total Time": 653.143,
                                            "Actual Rows": 1655681,
                                            "Actual Loops": 1
                                        },
                                        {
                                            "Worker Number": 4,
                                            "Actual Startup Time": 273.469,
                                            "Actual Total Time": 649.076,
                                            "Actual Rows": 2684109,
                                            "Actual Loops": 1
                                        },
                                        {
                                            "Worker Number": 5,
                                            "Actual Startup Time": 273.702,
                                            "Actual Total Time": 656.864,
                                            "Actual Rows": 1409242,
                                            "Actual Loops": 1
                                        }
                                    ]
                                }
                            ]
                        }
                    ]
                }
            ]
        },
        "Planning Time": 291.469,
        "Triggers": [],
        "Execution Time": 810.132
    }
]