[
  {
    "Plan": {
      "Node Type": "Aggregate",
      "Strategy": "Plain",
      "Partial Mode": "Finalize",
      "Parallel Aware": false,
      "Startup Cost": 45029.18,
      "Total Cost": 45029.19,
      "Plan Rows": 1,
      "Plan Width": 8,
      "Actual Startup Time": 116.433,
      "Actual Total Time": 120.877,
      "Actual Rows": 1,
      "Actual Loops": 1,
      "Plans": [
        {
          "Node Type": "Gather",
          "Parent Relationship": "Outer",
          "Parallel Aware": false,
          "Startup Cost": 45028.86,
          "Total Cost": 45029.17,
          "Plan Rows": 3,
          "Plan Width": 8,
          "Actual Startup Time": 116.365,
          "Actual Total Time": 120.872,
          "Actual Rows": 4,
          "Actual Loops": 1,
          "Workers Planned": 3,
          "Workers Launched": 3,
          "Single Copy": false,
          "Plans": [
            {
              "Node Type": "Aggregate",
              "Strategy": "Plain",
              "Partial Mode": "Partial",
              "Parent Relationship": "Outer",
              "Parallel Aware": false,
              "Startup Cost": 44028.86,
              "Total Cost": 44028.87,
              "Plan Rows": 1,
              "Plan Width": 8,
              "Actual Startup Time": 113.979,
              "Actual Total Time": 113.98,
              "Actual Rows": 1,
              "Actual Loops": 4,
              "Plans": [
                {
                  "Node Type": "Seq Scan",
                  "Parent Relationship": "Outer",
                  "Parallel Aware": true,
                  "Relation Name": "movie_keyword",
                  "Alias": "mk",
                  "Startup Cost": 0.0,
                  "Total Cost": 42695.65,
                  "Plan Rows": 533283,
                  "Plan Width": 0,
                  "Actual Startup Time": 0.522,
                  "Actual Total Time": 94.701,
                  "Actual Rows": 407206,
                  "Actual Loops": 4,
                  "Filter": "(keyword_id > 9135)",
                  "Rows Removed by Filter": 723777
                }
              ]
            }
          ]
        }
      ]
    },
    "Planning Time": 0.074,
    "Triggers": [],
    "Execution Time": 120.901
  }
]