[
  {
    "Plan": {
      "Node Type": "Aggregate",
      "Strategy": "Plain",
      "Partial Mode": "Finalize",
      "Parallel Aware": false,
      "Startup Cost": 33241.74,
      "Total Cost": 33241.75,
      "Plan Rows": 1,
      "Plan Width": 8,
      "Actual Startup Time": 92.346,
      "Actual Total Time": 99.732,
      "Actual Rows": 1,
      "Actual Loops": 1,
      "Plans": [
        {
          "Node Type": "Gather",
          "Parent Relationship": "Outer",
          "Parallel Aware": false,
          "Startup Cost": 33241.42,
          "Total Cost": 33241.73,
          "Plan Rows": 3,
          "Plan Width": 8,
          "Actual Startup Time": 92.241,
          "Actual Total Time": 99.72,
          "Actual Rows": 4,
          "Actual Loops": 1,
          "Workers Planned": 3,
          "Workers Launched": 3,
          "Single Copy": false,
          "Plans": [
            {
              "Node Type": "Aggregate",
              "Strategy": "Plain",
              "Partial Mode": "Partial",
              "Parent Relationship": "Outer",
              "Parallel Aware": false,
              "Startup Cost": 32241.42,
              "Total Cost": 32241.43,
              "Plan Rows": 1,
              "Plan Width": 8,
              "Actual Startup Time": 87.05,
              "Actual Total Time": 87.051,
              "Actual Rows": 1,
              "Actual Loops": 4,
              "Plans": [
                {
                  "Node Type": "Seq Scan",
                  "Parent Relationship": "Outer",
                  "Parallel Aware": true,
                  "Relation Name": "movie_companies",
                  "Alias": "mc",
                  "Startup Cost": 0.0,
                  "Total Cost": 31414.82,
                  "Plan Rows": 330640,
                  "Plan Width": 0,
                  "Actual Startup Time": 0.082,
                  "Actual Total Time": 75.763,
                  "Actual Rows": 226506,
                  "Actual Loops": 4,
                  "Filter": "((company_id > 452) AND (company_type_id = 1))",
                  "Rows Removed by Filter": 425776
                }
              ]
            }
          ]
        }
      ]
    },
    "Planning Time": 0.103,
    "Triggers": [],
    "Execution Time": 99.762
  }
]