[
  {
    "Plan": {
      "Node Type": "Aggregate",
      "Strategy": "Plain",
      "Partial Mode": "Finalize",
      "Parallel Aware": false,
      "Startup Cost": 32762.95,
      "Total Cost": 32762.96,
      "Plan Rows": 1,
      "Plan Width": 8,
      "Actual Startup Time": 83.964,
      "Actual Total Time": 91.758,
      "Actual Rows": 1,
      "Actual Loops": 1,
      "Plans": [
        {
          "Node Type": "Gather",
          "Parent Relationship": "Outer",
          "Parallel Aware": false,
          "Startup Cost": 32762.63,
          "Total Cost": 32762.94,
          "Plan Rows": 3,
          "Plan Width": 8,
          "Actual Startup Time": 83.866,
          "Actual Total Time": 91.752,
          "Actual Rows": 4,
          "Actual Loops": 1,
          "Workers Planned": 3,
          "Workers Launched": 3,
          "Single Copy": false,
          "Plans": [
            {
              "Node Type": "Aggregate",
              "Strategy": "Plain",
              "Partial Mode": "Partial",
              "Parent Relationship": "Outer",
              "Parallel Aware": false,
              "Startup Cost": 31762.63,
              "Total Cost": 31762.64,
              "Plan Rows": 1,
              "Plan Width": 8,
              "Actual Startup Time": 80.045,
              "Actual Total Time": 80.046,
              "Actual Rows": 1,
              "Actual Loops": 4,
              "Plans": [
                {
                  "Node Type": "Seq Scan",
                  "Parent Relationship": "Outer",
                  "Parallel Aware": true,
                  "Relation Name": "movie_companies",
                  "Alias": "mc",
                  "Startup Cost": 0.0,
                  "Total Cost": 31414.82,
                  "Plan Rows": 139126,
                  "Plan Width": 0,
                  "Actual Startup Time": 35.579,
                  "Actual Total Time": 71.489,
                  "Actual Rows": 186929,
                  "Actual Loops": 4,
                  "Filter": "((company_id > 26911) AND (company_type_id > 1))",
                  "Rows Removed by Filter": 465354
                }
              ]
            }
          ]
        }
      ]
    },
    "Planning Time": 0.079,
    "Triggers": [],
    "Execution Time": 91.786
  }
]