[
  {
    "Plan": {
      "Node Type": "Aggregate",
      "Strategy": "Plain",
      "Partial Mode": "Finalize",
      "Parallel Aware": false,
      "Startup Cost": 340386.61,
      "Total Cost": 340386.62,
      "Plan Rows": 1,
      "Plan Width": 8,
      "Actual Startup Time": 1125.841,
      "Actual Total Time": 1191.064,
      "Actual Rows": 1,
      "Actual Loops": 1,
      "Plans": [
        {
          "Node Type": "Gather",
          "Parent Relationship": "Outer",
          "Parallel Aware": false,
          "Startup Cost": 340385.98,
          "Total Cost": 340386.59,
          "Plan Rows": 6,
          "Plan Width": 8,
          "Actual Startup Time": 1125.623,
          "Actual Total Time": 1191.044,
          "Actual Rows": 7,
          "Actual Loops": 1,
          "Workers Planned": 6,
          "Workers Launched": 6,
          "Single Copy": false,
          "Plans": [
            {
              "Node Type": "Aggregate",
              "Strategy": "Plain",
              "Partial Mode": "Partial",
              "Parent Relationship": "Outer",
              "Parallel Aware": false,
              "Startup Cost": 339385.98,
              "Total Cost": 339385.99,
              "Plan Rows": 1,
              "Plan Width": 8,
              "Actual Startup Time": 1116.236,
              "Actual Total Time": 1116.238,
              "Actual Rows": 1,
              "Actual Loops": 7,
              "Plans": [
                {
                  "Node Type": "Seq Scan",
                  "Parent Relationship": "Outer",
                  "Parallel Aware": true,
                  "Relation Name": "cast_info",
                  "Alias": "ci",
                  "Startup Cost": 0.0,
                  "Total Cost": 328211.39,
                  "Plan Rows": 4469836,
                  "Plan Width": 0,
                  "Actual Startup Time": 0.047,
                  "Actual Total Time": 887.463,
                  "Actual Rows": 3837092,
                  "Actual Loops": 7,
                  "Filter": "(role_id < 5)",
                  "Rows Removed by Filter": 1340672
                }
              ]
            }
          ]
        }
      ]
    },
    "Planning Time": 0.098,
    "Triggers": [],
    "Execution Time": 1191.113
  }
]