[
  {
    "Plan": {
      "Node Type": "Aggregate",
      "Strategy": "Plain",
      "Partial Mode": "Finalize",
      "Parallel Aware": false,
      "Startup Cost": 340302.26,
      "Total Cost": 340302.27,
      "Plan Rows": 1,
      "Plan Width": 8,
      "Actual Startup Time": 894.255,
      "Actual Total Time": 951.607,
      "Actual Rows": 1,
      "Actual Loops": 1,
      "Plans": [
        {
          "Node Type": "Gather",
          "Parent Relationship": "Outer",
          "Parallel Aware": false,
          "Startup Cost": 340301.64,
          "Total Cost": 340302.24,
          "Plan Rows": 6,
          "Plan Width": 8,
          "Actual Startup Time": 894.122,
          "Actual Total Time": 951.596,
          "Actual Rows": 7,
          "Actual Loops": 1,
          "Workers Planned": 6,
          "Workers Launched": 6,
          "Single Copy": false,
          "Plans": [
            {
              "Node Type": "Aggregate",
              "Strategy": "Plain",
              "Partial Mode": "Partial",
              "Parent Relationship": "Outer",
              "Parallel Aware": false,
              "Startup Cost": 339301.64,
              "Total Cost": 339301.65,
              "Plan Rows": 1,
              "Plan Width": 8,
              "Actual Startup Time": 885.693,
              "Actual Total Time": 885.694,
              "Actual Rows": 1,
              "Actual Loops": 7,
              "Plans": [
                {
                  "Node Type": "Seq Scan",
                  "Parent Relationship": "Outer",
                  "Parallel Aware": true,
                  "Relation Name": "cast_info",
                  "Alias": "ci",
                  "Startup Cost": 0.0,
                  "Total Cost": 328162.03,
                  "Plan Rows": 4455844,
                  "Plan Width": 0,
                  "Actual Startup Time": 0.043,
                  "Actual Total Time": 714.89,
                  "Actual Rows": 3837092,
                  "Actual Loops": 7,
                  "Filter": "(role_id < 5)",
                  "Rows Removed by Filter": 1340672
                }
              ]
            }
          ]
        }
      ]
    },
    "Planning Time": 0.151,
    "Triggers": [],
    "Execution Time": 951.665
  }
]