[
  {
    "Plan": {
      "Node Type": "Aggregate",
      "Strategy": "Plain",
      "Partial Mode": "Finalize",
      "Parallel Aware": false,
      "Startup Cost": 33442.92,
      "Total Cost": 33442.93,
      "Plan Rows": 1,
      "Plan Width": 8,
      "Actual Startup Time": 94.238,
      "Actual Total Time": 103.056,
      "Actual Rows": 1,
      "Actual Loops": 1,
      "Plans": [
        {
          "Node Type": "Gather",
          "Parent Relationship": "Outer",
          "Parallel Aware": false,
          "Startup Cost": 33442.6,
          "Total Cost": 33442.91,
          "Plan Rows": 3,
          "Plan Width": 8,
          "Actual Startup Time": 94.102,
          "Actual Total Time": 103.047,
          "Actual Rows": 4,
          "Actual Loops": 1,
          "Workers Planned": 3,
          "Workers Launched": 3,
          "Single Copy": false,
          "Plans": [
            {
              "Node Type": "Aggregate",
              "Strategy": "Plain",
              "Partial Mode": "Partial",
              "Parent Relationship": "Outer",
              "Parallel Aware": false,
              "Startup Cost": 32442.6,
              "Total Cost": 32442.61,
              "Plan Rows": 1,
              "Plan Width": 8,
              "Actual Startup Time": 90.572,
              "Actual Total Time": 90.573,
              "Actual Rows": 1,
              "Actual Loops": 4,
              "Plans": [
                {
                  "Node Type": "Seq Scan",
                  "Parent Relationship": "Outer",
                  "Parallel Aware": true,
                  "Relation Name": "movie_companies",
                  "Alias": "mc",
                  "Startup Cost": 0.0,
                  "Total Cost": 31414.82,
                  "Plan Rows": 411114,
                  "Plan Width": 0,
                  "Actual Startup Time": 37.173,
                  "Actual Total Time": 76.836,
                  "Actual Rows": 305351,
                  "Actual Loops": 4,
                  "Filter": "((company_id < 149952) AND (company_type_id = 2))",
                  "Rows Removed by Filter": 346931
                }
              ]
            }
          ]
        }
      ]
    },
    "Planning Time": 0.103,
    "Triggers": [],
    "Execution Time": 103.084
  }
]