[
  {
    "Plan": {
      "Node Type": "Aggregate",
      "Strategy": "Plain",
      "Partial Mode": "Finalize",
      "Parallel Aware": false,
      "Startup Cost": 340329.96,
      "Total Cost": 340329.97,
      "Plan Rows": 1,
      "Plan Width": 8,
      "Actual Startup Time": 890.509,
      "Actual Total Time": 949.168,
      "Actual Rows": 1,
      "Actual Loops": 1,
      "Plans": [
        {
          "Node Type": "Gather",
          "Parent Relationship": "Outer",
          "Parallel Aware": false,
          "Startup Cost": 340329.34,
          "Total Cost": 340329.95,
          "Plan Rows": 6,
          "Plan Width": 8,
          "Actual Startup Time": 890.389,
          "Actual Total Time": 949.158,
          "Actual Rows": 7,
          "Actual Loops": 1,
          "Workers Planned": 6,
          "Workers Launched": 6,
          "Single Copy": false,
          "Plans": [
            {
              "Node Type": "Aggregate",
              "Strategy": "Plain",
              "Partial Mode": "Partial",
              "Parent Relationship": "Outer",
              "Parallel Aware": false,
              "Startup Cost": 339329.34,
              "Total Cost": 339329.35,
              "Plan Rows": 1,
              "Plan Width": 8,
              "Actual Startup Time": 881.836,
              "Actual Total Time": 881.837,
              "Actual Rows": 1,
              "Actual Loops": 7,
              "Plans": [
                {
                  "Node Type": "Seq Scan",
                  "Parent Relationship": "Outer",
                  "Parallel Aware": true,
                  "Relation Name": "cast_info",
                  "Alias": "ci",
                  "Startup Cost": 0.0,
                  "Total Cost": 328162.03,
                  "Plan Rows": 4466924,
                  "Plan Width": 0,
                  "Actual Startup Time": 0.047,
                  "Actual Total Time": 689.859,
                  "Actual Rows": 3844696,
                  "Actual Loops": 7,
                  "Filter": "(person_id < 2768953)",
                  "Rows Removed by Filter": 1333067
                }
              ]
            }
          ]
        }
      ]
    },
    "Planning Time": 0.13,
    "Triggers": [],
    "Execution Time": 949.221
  }
]