{
    "Plan": {
        "Node Type": "Aggregate",
        "Strategy": "Plain",
        "Partial Mode": "Finalize",
        "Parallel Aware": false,
        "Startup Cost": 65819.26,
        "Total Cost": 65819.27,
        "Plan Rows": 1,
        "Plan Width": 8,
        "Actual Startup Time": 443.831,
        "Actual Total Time": 455.616,
        "Actual Rows": 1,
        "Actual Loops": 1,
        "Output": [
            "count(*)"
        ],
        "Plans": [
            {
                "Node Type": "Gather",
                "Parent Relationship": "Outer",
                "Parallel Aware": false,
                "Startup Cost": 65819.05,
                "Total Cost": 65819.26,
                "Plan Rows": 2,
                "Plan Width": 8,
                "Actual Startup Time": 440.523,
                "Actual Total Time": 455.608,
                "Actual Rows": 3,
                "Actual Loops": 1,
                "Output": [
                    "(PARTIAL count(*))"
                ],
                "Workers Planned": 2,
                "Workers Launched": 2,
                "Single Copy": false,
                "Plans": [
                    {
                        "Node Type": "Aggregate",
                        "Strategy": "Plain",
                        "Partial Mode": "Partial",
                        "Parent Relationship": "Outer",
                        "Parallel Aware": false,
                        "Startup Cost": 64819.05,
                        "Total Cost": 64819.06,
                        "Plan Rows": 1,
                        "Plan Width": 8,
                        "Actual Startup Time": 431.389,
                        "Actual Total Time": 431.392,
                        "Actual Rows": 1,
                        "Actual Loops": 3,
                        "Output": [
                            "PARTIAL count(*)"
                        ],
                        "Workers": [
                            {
                                "Worker Number": 0,
                                "Actual Startup Time": 427.423,
                                "Actual Total Time": 427.426,
                                "Actual Rows": 1,
                                "Actual Loops": 1
                            },
                            {
                                "Worker Number": 1,
                                "Actual Startup Time": 426.796,
                                "Actual Total Time": 426.798,
                                "Actual Rows": 1,
                                "Actual Loops": 1
                            }
                        ],
                        "Plans": [
                            {
                                "Node Type": "Hash Join",
                                "Parent Relationship": "Outer",
                                "Parallel Aware": true,
                                "Join Type": "Inner",
                                "Startup Cost": 48743.13,
                                "Total Cost": 63937.69,
                                "Plan Rows": 352542,
                                "Plan Width": 0,
                                "Actual Startup Time": 291.584,
                                "Actual Total Time": 418.136,
                                "Actual Rows": 336894,
                                "Actual Loops": 3,
                                "Inner Unique": true,
                                "Hash Cond": "(mi_idx.movie_id = t.id)",
                                "Workers": [
                                    {
                                        "Worker Number": 0,
                                        "Actual Startup Time": 287.823,
                                        "Actual Total Time": 414.167,
                                        "Actual Rows": 335635,
                                        "Actual Loops": 1
                                    },
                                    {
                                        "Worker Number": 1,
                                        "Actual Startup Time": 287.214,
                                        "Actual Total Time": 413.714,
                                        "Actual Rows": 328018,
                                        "Actual Loops": 1
                                    }
                                ],
                                "Plans": [
                                    {
                                        "Node Type": "Seq Scan",
                                        "Parent Relationship": "Outer",
                                        "Parallel Aware": true,
                                        "Relation Name": "movie_info_idx",
                                        "Schema": "public",
                                        "Alias": "mi_idx",
                                        "Startup Cost": 0.0,
                                        "Total Cost": 13685.15,
                                        "Plan Rows": 575015,
                                        "Plan Width": 4,
                                        "Actual Startup Time": 0.008,
                                        "Actual Total Time": 32.944,
                                        "Actual Rows": 460012,
                                        "Actual Loops": 3,
                                        "Output": [
                                            "mi_idx.id",
                                            "mi_idx.movie_id",
                                            "mi_idx.info_type_id",
                                            "mi_idx.info",
                                            "mi_idx.note"
                                        ],
                                        "Workers": [
                                            {
                                                "Worker Number": 0,
                                                "Actual Startup Time": 0.008,
                                                "Actual Total Time": 33.73,
                                                "Actual Rows": 455341,
                                                "Actual Loops": 1
                                            },
                                            {
                                                "Worker Number": 1,
                                                "Actual Startup Time": 0.009,
                                                "Actual Total Time": 33.892,
                                                "Actual Rows": 449689,
                                                "Actual Loops": 1
                                            }
                                        ]
                                    },
                                    {
                                        "Node Type": "Hash",
                                        "Parent Relationship": "Inner",
                                        "Parallel Aware": true,
                                        "Startup Cost": 43899.01,
                                        "Total Cost": 43899.01,
                                        "Plan Rows": 387530,
                                        "Plan Width": 4,
                                        "Actual Startup Time": 282.112,
                                        "Actual Total Time": 282.112,
                                        "Actual Rows": 517242,
                                        "Actual Loops": 3,
                                        "Output": [
                                            "t.id"
                                        ],
                                        "Hash Buckets": 2097152,
                                        "Original Hash Buckets": 2097152,
                                        "Hash Batches": 1,
                                        "Original Hash Batches": 1,
                                        "Peak Memory Usage": 77120,
                                        "Workers": [
                                            {
                                                "Worker Number": 0,
                                                "Actual Startup Time": 287.544,
                                                "Actual Total Time": 287.545,
                                                "Actual Rows": 494707,
                                                "Actual Loops": 1
                                            },
                                            {
                                                "Worker Number": 1,
                                                "Actual Startup Time": 286.675,
                                                "Actual Total Time": 286.676,
                                                "Actual Rows": 469438,
                                                "Actual Loops": 1
                                            }
                                        ],
                                        "Plans": [
                                            {
                                                "Node Type": "Seq Scan",
                                                "Parent Relationship": "Outer",
                                                "Parallel Aware": true,
                                                "Relation Name": "title",
                                                "Schema": "public",
                                                "Alias": "t",
                                                "Startup Cost": 0.0,
                                                "Total Cost": 43899.01,
                                                "Plan Rows": 387530,
                                                "Plan Width": 4,
                                                "Actual Startup Time": 0.042,
                                                "Actual Total Time": 129.512,
                                                "Actual Rows": 517242,
                                                "Actual Loops": 3,
                                                "Output": [
                                                    "t.id"
                                                ],
                                                "Filter": "(t.production_year < 2007)",
                                                "Rows Removed by Filter": 325528,
                                                "Workers": [
                                                    {
                                                        "Worker Number": 0,
                                                        "Actual Startup Time": 0.036,
                                                        "Actual Total Time": 134.506,
                                                        "Actual Rows": 494707,
                                                        "Actual Loops": 1
                                                    },
                                                    {
                                                        "Worker Number": 1,
                                                        "Actual Startup Time": 0.072,
                                                        "Actual Total Time": 133.161,
                                                        "Actual Rows": 469438,
                                                        "Actual Loops": 1
                                                    }
                                                ]
                                            }
                                        ]
                                    }
                                ]
                            }
                        ]
                    }
                ]
            }
        ]
    },
    "Planning Time": 0.656,
    "Triggers": [],
    "Execution Time": 455.738
}