[
  {
    "Plan": {
      "Node Type": "Aggregate",
      "Strategy": "Plain",
      "Partial Mode": "Finalize",
      "Parallel Aware": false,
      "Startup Cost": 337287.86,
      "Total Cost": 337287.87,
      "Plan Rows": 1,
      "Plan Width": 8,
      "Actual Startup Time": 757.761,
      "Actual Total Time": 812.282,
      "Actual Rows": 1,
      "Actual Loops": 1,
      "Plans": [
        {
          "Node Type": "Gather",
          "Parent Relationship": "Outer",
          "Parallel Aware": false,
          "Startup Cost": 337287.23,
          "Total Cost": 337287.84,
          "Plan Rows": 6,
          "Plan Width": 8,
          "Actual Startup Time": 757.644,
          "Actual Total Time": 812.27,
          "Actual Rows": 7,
          "Actual Loops": 1,
          "Workers Planned": 6,
          "Workers Launched": 6,
          "Single Copy": false,
          "Plans": [
            {
              "Node Type": "Aggregate",
              "Strategy": "Plain",
              "Partial Mode": "Partial",
              "Parent Relationship": "Outer",
              "Parallel Aware": false,
              "Startup Cost": 336287.23,
              "Total Cost": 336287.24,
              "Plan Rows": 1,
              "Plan Width": 8,
              "Actual Startup Time": 750.807,
              "Actual Total Time": 750.808,
              "Actual Rows": 1,
              "Actual Loops": 7,
              "Plans": [
                {
                  "Node Type": "Seq Scan",
                  "Parent Relationship": "Outer",
                  "Parallel Aware": true,
                  "Relation Name": "cast_info",
                  "Alias": "ci",
                  "Startup Cost": 0.0,
                  "Total Cost": 328162.03,
                  "Plan Rows": 3250083,
                  "Plan Width": 0,
                  "Actual Startup Time": 187.717,
                  "Actual Total Time": 625.714,
                  "Actual Rows": 2787228,
                  "Actual Loops": 7,
                  "Filter": "(person_id > 1656242)",
                  "Rows Removed by Filter": 2390536
                }
              ]
            }
          ]
        }
      ]
    },
    "Planning Time": 0.114,
    "Triggers": [],
    "Execution Time": 812.333
  }
]