{
  "Plan": {
    "Node Type": "Aggregate",
    "Strategy": "Plain",
    "Partial Mode": "Finalize",
    "Parallel Aware": false,
    "Startup Cost": 158294.48,
    "Total Cost": 158294.49,
    "Plan Rows": 1,
    "Plan Width": 8,
    "Actual Startup Time": 1014.841,
    "Actual Total Time": 1032.332,
    "Actual Rows": 1,
    "Actual Loops": 1,
    "Plans": [
      {
        "Node Type": "Gather",
        "Parent Relationship": "Outer",
        "Parallel Aware": false,
        "Startup Cost": 158294.37,
        "Total Cost": 158294.48,
        "Plan Rows": 1,
        "Plan Width": 8,
        "Actual Startup Time": 1012.668,
        "Actual Total Time": 1032.322,
        "Actual Rows": 2,
        "Actual Loops": 1,
        "Workers Planned": 1,
        "Workers Launched": 1,
        "Single Copy": false,
        "Plans": [
          {
            "Node Type": "Aggregate",
            "Strategy": "Plain",
            "Partial Mode": "Partial",
            "Parent Relationship": "Outer",
            "Parallel Aware": false,
            "Startup Cost": 157294.37,
            "Total Cost": 157294.38,
            "Plan Rows": 1,
            "Plan Width": 8,
            "Actual Startup Time": 1007.818,
            "Actual Total Time": 1007.823,
            "Actual Rows": 1,
            "Actual Loops": 2,
            "Plans": [
              {
                "Node Type": "Hash Join",
                "Parent Relationship": "Outer",
                "Parallel Aware": true,
                "Join Type": "Inner",
                "Startup Cost": 95112.56,
                "Total Cost": 156955.21,
                "Plan Rows": 135666,
                "Plan Width": 0,
                "Actual Startup Time": 465.483,
                "Actual Total Time": 934.476,
                "Actual Rows": 1366150,
                "Actual Loops": 2,
                "Inner Unique": false,
                "Hash Cond": "(mk.movie_id = t.id)",
                "Plans": [
                  {
                    "Node Type": "Seq Scan",
                    "Parent Relationship": "Outer",
                    "Parallel Aware": true,
                    "Relation Name": "movie_keyword",
                    "Alias": "mk",
                    "Startup Cost": 0.0,
                    "Total Cost": 51065.35,
                    "Plan Rows": 2661135,
                    "Plan Width": 4,
                    "Actual Startup Time": 0.017,
                    "Actual Total Time": 181.174,
                    "Actual Rows": 2261965,
                    "Actual Loops": 2
                  },
                  {
                    "Node Type": "Hash",
                    "Parent Relationship": "Inner",
                    "Parallel Aware": true,
                    "Startup Cost": 94164.81,
                    "Total Cost": 94164.81,
                    "Plan Rows": 75820,
                    "Plan Width": 8,
                    "Actual Startup Time": 416.9,
                    "Actual Total Time": 416.904,
                    "Actual Rows": 140900,
                    "Actual Loops": 2,
                    "Hash Buckets": 524288,
                    "Original Hash Buckets": 131072,
                    "Hash Batches": 1,
                    "Original Hash Batches": 1,
                    "Peak Memory Usage": 18208,
                    "Plans": [
                      {
                        "Node Type": "Hash Join",
                        "Parent Relationship": "Outer",
                        "Parallel Aware": true,
                        "Join Type": "Inner",
                        "Startup Cost": 32150.41,
                        "Total Cost": 94164.81,
                        "Plan Rows": 75820,
                        "Plan Width": 8,
                        "Actual Startup Time": 113.688,
                        "Actual Total Time": 372.875,
                        "Actual Rows": 140900,
                        "Actual Loops": 2,
                        "Inner Unique": false,
                        "Hash Cond": "(t.id = mc.movie_id)",
                        "Plans": [
                          {
                            "Node Type": "Seq Scan",
                            "Parent Relationship": "Outer",
                            "Parallel Aware": true,
                            "Relation Name": "title",
                            "Alias": "t",
                            "Startup Cost": 0.0,
                            "Total Cost": 58306.47,
                            "Plan Rows": 521909,
                            "Plan Width": 4,
                            "Actual Startup Time": 0.013,
                            "Actual Total Time": 143.963,
                            "Actual Rows": 398694,
                            "Actual Loops": 2,
                            "Filter": "((kind_id < 7) AND (production_year > 1955))",
                            "Rows Removed by Filter": 865462
                          },
                          {
                            "Node Type": "Hash",
                            "Parent Relationship": "Inner",
                            "Parallel Aware": true,
                            "Startup Cost": 29449.69,
                            "Total Cost": 29449.69,
                            "Plan Rows": 216057,
                            "Plan Width": 4,
                            "Actual Startup Time": 106.304,
                            "Actual Total Time": 106.305,
                            "Actual Rows": 184718,
                            "Actual Loops": 2,
                            "Hash Buckets": 524288,
                            "Original Hash Buckets": 524288,
                            "Hash Batches": 1,
                            "Original Hash Batches": 1,
                            "Peak Memory Usage": 18592,
                            "Plans": [
                              {
                                "Node Type": "Bitmap Heap Scan",
                                "Parent Relationship": "Outer",
                                "Parallel Aware": true,
                                "Relation Name": "movie_companies",
                                "Alias": "mc",
                                "Startup Cost": 7958.98,
                                "Total Cost": 29449.69,
                                "Plan Rows": 216057,
                                "Plan Width": 4,
                                "Actual Startup Time": 28.285,
                                "Actual Total Time": 67.01,
                                "Actual Rows": 184718,
                                "Actual Loops": 2,
                                "Recheck Cond": "(company_id > 85623)",
                                "Rows Removed by Index Recheck": 0,
                                "Exact Heap Blocks": 3820,
                                "Lossy Heap Blocks": 0,
                                "Plans": [
                                  {
                                    "Node Type": "Bitmap Index Scan",
                                    "Parent Relationship": "Outer",
                                    "Parallel Aware": false,
                                    "Index Name": "company_id_movie_companies",
                                    "Startup Cost": 0.0,
                                    "Total Cost": 7867.16,
                                    "Plan Rows": 367297,
                                    "Plan Width": 0,
                                    "Actual Startup Time": 27.271,
                                    "Actual Total Time": 27.271,
                                    "Actual Rows": 369436,
                                    "Actual Loops": 1,
                                    "Index Cond": "(company_id > 85623)"
                                  }
                                ]
                              }
                            ]
                          }
                        ]
                      }
                    ]
                  }
                ]
              }
            ]
          }
        ]
      }
    ]
  },
  "Planning Time": 0.902,
  "Triggers": [],
  "Execution Time": 1032.435
}