[
  {
    "Plan": {
      "Node Type": "Aggregate",
      "Strategy": "Plain",
      "Partial Mode": "Finalize",
      "Parallel Aware": false,
      "Startup Cost": 44646.44,
      "Total Cost": 44646.45,
      "Plan Rows": 1,
      "Plan Width": 8,
      "Actual Startup Time": 117.686,
      "Actual Total Time": 127.165,
      "Actual Rows": 1,
      "Actual Loops": 1,
      "Plans": [
        {
          "Node Type": "Gather",
          "Parent Relationship": "Outer",
          "Parallel Aware": false,
          "Startup Cost": 44646.12,
          "Total Cost": 44646.43,
          "Plan Rows": 3,
          "Plan Width": 8,
          "Actual Startup Time": 117.572,
          "Actual Total Time": 127.158,
          "Actual Rows": 4,
          "Actual Loops": 1,
          "Workers Planned": 3,
          "Workers Launched": 3,
          "Single Copy": false,
          "Plans": [
            {
              "Node Type": "Aggregate",
              "Strategy": "Plain",
              "Partial Mode": "Partial",
              "Parent Relationship": "Outer",
              "Parallel Aware": false,
              "Startup Cost": 43646.12,
              "Total Cost": 43646.13,
              "Plan Rows": 1,
              "Plan Width": 8,
              "Actual Startup Time": 112.557,
              "Actual Total Time": 112.559,
              "Actual Rows": 1,
              "Actual Loops": 4,
              "Plans": [
                {
                  "Node Type": "Seq Scan",
                  "Parent Relationship": "Outer",
                  "Parallel Aware": true,
                  "Relation Name": "movie_keyword",
                  "Alias": "mk",
                  "Startup Cost": 0.0,
                  "Total Cost": 42695.65,
                  "Plan Rows": 380186,
                  "Plan Width": 0,
                  "Actual Startup Time": 0.037,
                  "Actual Total Time": 98.853,
                  "Actual Rows": 295836,
                  "Actual Loops": 4,
                  "Filter": "(keyword_id < 1402)",
                  "Rows Removed by Filter": 835146
                }
              ]
            }
          ]
        }
      ]
    },
    "Planning Time": 0.07,
    "Triggers": [],
    "Execution Time": 127.189
  }
]