[
  {
    "Plan": {
      "Node Type": "Aggregate",
      "Strategy": "Plain",
      "Partial Mode": "Simple",
      "Parallel Aware": false,
      "Startup Cost": 70000022179.95,
      "Total Cost": 70000022179.96,
      "Plan Rows": 1,
      "Plan Width": 96,
      "Actual Startup Time": 423.014,
      "Actual Total Time": 423.02,
      "Actual Rows": 1,
      "Actual Loops": 1,
      "Plans": [
        {
          "Node Type": "Nested Loop",
          "Parent Relationship": "Outer",
          "Parallel Aware": false,
          "Join Type": "Inner",
          "Startup Cost": 70000006162.52,
          "Total Cost": 70000022179.94,
          "Plan Rows": 1,
          "Plan Width": 41,
          "Actual Startup Time": 59.933,
          "Actual Total Time": 422.838,
          "Actual Rows": 397,
          "Actual Loops": 1,
          "Inner Unique": true,
          "Join Filter": "(mc.company_type_id = ct.id)",
          "Rows Removed by Join Filter": 310,
          "Plans": [
            {
              "Node Type": "Nested Loop",
              "Parent Relationship": "Outer",
              "Parallel Aware": false,
              "Join Type": "Inner",
              "Startup Cost": 60000006162.52,
              "Total Cost": 60000022178.88,
              "Plan Rows": 1,
              "Plan Width": 45,
              "Actual Startup Time": 59.677,
              "Actual Total Time": 420.924,
              "Actual Rows": 707,
              "Actual Loops": 1,
              "Inner Unique": true,
              "Plans": [
                {
                  "Node Type": "Nested Loop",
                  "Parent Relationship": "Outer",
                  "Parallel Aware": false,
                  "Join Type": "Inner",
                  "Startup Cost": 50000006162.09,
                  "Total Cost": 50000022169.99,
                  "Plan Rows": 2,
                  "Plan Width": 30,
                  "Actual Startup Time": 58.042,
                  "Actual Total Time": 406.116,
                  "Actual Rows": 1934,
                  "Actual Loops": 1,
                  "Inner Unique": false,
                  "Plans": [
                    {
                      "Node Type": "Nested Loop",
                      "Parent Relationship": "Outer",
                      "Parallel Aware": false,
                      "Join Type": "Inner",
                      "Startup Cost": 40000006161.54,
                      "Total Cost": 40000022165.32,
                      "Plan Rows": 1,
                      "Plan Width": 34,
                      "Actual Startup Time": 57.982,
                      "Actual Total Time": 394.67,
                      "Actual Rows": 557,
                      "Actual Loops": 1,
                      "Inner Unique": true,
                      "Join Filter": "(mi.info_type_id = it1.id)",
                      "Rows Removed by Join Filter": 0,
                      "Plans": [
                        {
                          "Node Type": "Nested Loop",
                          "Parent Relationship": "Outer",
                          "Parallel Aware": false,
                          "Join Type": "Inner",
                          "Startup Cost": 30000006161.54,
                          "Total Cost": 30000022162.26,
                          "Plan Rows": 43,
                          "Plan Width": 38,
                          "Actual Startup Time": 57.968,
                          "Actual Total Time": 394.357,
                          "Actual Rows": 557,
                          "Actual Loops": 1,
                          "Inner Unique": false,
                          "Plans": [
                            {
                              "Node Type": "Nested Loop",
                              "Parent Relationship": "Outer",
                              "Parallel Aware": false,
                              "Join Type": "Inner",
                              "Startup Cost": 20000006160.3,
                              "Total Cost": 20000021703.54,
                              "Plan Rows": 78,
                              "Plan Width": 30,
                              "Actual Startup Time": 43.85,
                              "Actual Total Time": 232.341,
                              "Actual Rows": 4047,
                              "Actual Loops": 1,
                              "Inner Unique": true,
                              "Plans": [
                                {
                                  "Node Type": "Nested Loop",
                                  "Parent Relationship": "Outer",
                                  "Parallel Aware": false,
                                  "Join Type": "Inner",
                                  "Startup Cost": 10000006159.14,
                                  "Total Cost": 10000019397.6,
                                  "Plan Rows": 446,
                                  "Plan Width": 9,
                                  "Actual Startup Time": 42.259,
                                  "Actual Total Time": 116.144,
                                  "Actual Rows": 15849,
                                  "Actual Loops": 1,
                                  "Inner Unique": false,
                                  "Plans": [
                                    {
                                      "Node Type": "Seq Scan",
                                      "Parent Relationship": "Outer",
                                      "Parallel Aware": false,
                                      "Relation Name": "info_type",
                                      "Alias": "it2",
                                      "Startup Cost": 0.0,
                                      "Total Cost": 2.41,
                                      "Plan Rows": 1,
                                      "Plan Width": 4,
                                      "Actual Startup Time": 0.05,
                                      "Actual Total Time": 0.052,
                                      "Actual Rows": 1,
                                      "Actual Loops": 1,
                                      "Filter": "((info)::text = 'rating'::text)",
                                      "Rows Removed by Filter": 112
                                    },
                                    {
                                      "Node Type": "Bitmap Heap Scan",
                                      "Parent Relationship": "Inner",
                                      "Parallel Aware": false,
                                      "Relation Name": "movie_info_idx",
                                      "Alias": "mi_idx",
                                      "Startup Cost": 6159.14,
                                      "Total Cost": 19269.28,
                                      "Plan Rows": 12591,
                                      "Plan Width": 13,
                                      "Actual Startup Time": 42.201,
                                      "Actual Total Time": 113.886,
                                      "Actual Rows": 15849,
                                      "Actual Loops": 1,
                                      "Recheck Cond": "(info_type_id = it2.id)",
                                      "Rows Removed by Index Recheck": 0,
                                      "Filter": "(info > '8.0'::text)",
                                      "Rows Removed by Filter": 444076,
                                      "Exact Heap Blocks": 7934,
                                      "Lossy Heap Blocks": 0,
                                      "Plans": [
                                        {
                                          "Node Type": "Bitmap Index Scan",
                                          "Parent Relationship": "Outer",
                                          "Parallel Aware": false,
                                          "Index Name": "info_type_id_movie_info_idx",
                                          "Startup Cost": 0.0,
                                          "Total Cost": 6155.99,
                                          "Plan Rows": 345009,
                                          "Plan Width": 0,
                                          "Actual Startup Time": 41.256,
                                          "Actual Total Time": 41.256,
                                          "Actual Rows": 459925,
                                          "Actual Loops": 1,
                                          "Index Cond": "(info_type_id = it2.id)"
                                        }
                                      ]
                                    }
                                  ]
                                },
                                {
                                  "Node Type": "Bitmap Heap Scan",
                                  "Parent Relationship": "Inner",
                                  "Parallel Aware": false,
                                  "Relation Name": "title",
                                  "Alias": "t",
                                  "Startup Cost": 1.15,
                                  "Total Cost": 5.17,
                                  "Plan Rows": 1,
                                  "Plan Width": 21,
                                  "Actual Startup Time": 0.006,
                                  "Actual Total Time": 0.006,
                                  "Actual Rows": 0,
                                  "Actual Loops": 15849,
                                  "Recheck Cond": "(id = mi_idx.movie_id)",
                                  "Rows Removed by Index Recheck": 0,
                                  "Filter": "((production_year >= 2005) AND (production_year <= 2008))",
                                  "Rows Removed by Filter": 1,
                                  "Exact Heap Blocks": 15849,
                                  "Lossy Heap Blocks": 0,
                                  "Plans": [
                                    {
                                      "Node Type": "Bitmap Index Scan",
                                      "Parent Relationship": "Outer",
                                      "Parallel Aware": false,
                                      "Index Name": "title_pkey",
                                      "Startup Cost": 0.0,
                                      "Total Cost": 1.15,
                                      "Plan Rows": 1,
                                      "Plan Width": 0,
                                      "Actual Startup Time": 0.003,
                                      "Actual Total Time": 0.003,
                                      "Actual Rows": 1,
                                      "Actual Loops": 15849,
                                      "Index Cond": "(id = mi_idx.movie_id)"
                                    }
                                  ]
                                }
                              ]
                            },
                            {
                              "Node Type": "Bitmap Heap Scan",
                              "Parent Relationship": "Inner",
                              "Parallel Aware": false,
                              "Relation Name": "movie_info",
                              "Alias": "mi",
                              "Startup Cost": 1.24,
                              "Total Cost": 5.87,
                              "Plan Rows": 1,
                              "Plan Width": 8,
                              "Actual Startup Time": 0.038,
                              "Actual Total Time": 0.038,
                              "Actual Rows": 0,
                              "Actual Loops": 4047,
                              "Recheck Cond": "(movie_id = t.id)",
                              "Rows Removed by Index Recheck": 0,
                              "Filter": "(info = ANY ('{Drama,Horror}'::text[]))",
                              "Rows Removed by Filter": 21,
                              "Exact Heap Blocks": 37968,
                              "Lossy Heap Blocks": 0,
                              "Plans": [
                                {
                                  "Node Type": "Bitmap Index Scan",
                                  "Parent Relationship": "Outer",
                                  "Parallel Aware": false,
                                  "Index Name": "movie_id_movie_info",
                                  "Startup Cost": 0.0,
                                  "Total Cost": 1.24,
                                  "Plan Rows": 42,
                                  "Plan Width": 0,
                                  "Actual Startup Time": 0.013,
                                  "Actual Total Time": 0.013,
                                  "Actual Rows": 22,
                                  "Actual Loops": 4047,
                                  "Index Cond": "(movie_id = t.id)"
                                }
                              ]
                            }
                          ]
                        },
                        {
                          "Node Type": "Materialize",
                          "Parent Relationship": "Inner",
                          "Parallel Aware": false,
                          "Startup Cost": 0.0,
                          "Total Cost": 2.42,
                          "Plan Rows": 1,
                          "Plan Width": 4,
                          "Actual Startup Time": 0.0,
                          "Actual Total Time": 0.0,
                          "Actual Rows": 1,
                          "Actual Loops": 557,
                          "Plans": [
                            {
                              "Node Type": "Seq Scan",
                              "Parent Relationship": "Outer",
                              "Parallel Aware": false,
                              "Relation Name": "info_type",
                              "Alias": "it1",
                              "Startup Cost": 0.0,
                              "Total Cost": 2.41,
                              "Plan Rows": 1,
                              "Plan Width": 4,
                              "Actual Startup Time": 0.008,
                              "Actual Total Time": 0.008,
                              "Actual Rows": 1,
                              "Actual Loops": 1,
                              "Filter": "((info)::text = 'genres'::text)",
                              "Rows Removed by Filter": 2
                            }
                          ]
                        }
                      ]
                    },
                    {
                      "Node Type": "Bitmap Heap Scan",
                      "Parent Relationship": "Inner",
                      "Parallel Aware": false,
                      "Relation Name": "movie_companies",
                      "Alias": "mc",
                      "Startup Cost": 0.55,
                      "Total Cost": 4.62,
                      "Plan Rows": 5,
                      "Plan Width": 12,
                      "Actual Startup Time": 0.016,
                      "Actual Total Time": 0.018,
                      "Actual Rows": 3,
                      "Actual Loops": 557,
                      "Recheck Cond": "(movie_id = t.id)",
                      "Rows Removed by Index Recheck": 0,
                      "Exact Heap Blocks": 682,
                      "Lossy Heap Blocks": 0,
                      "Plans": [
                        {
                          "Node Type": "Bitmap Index Scan",
                          "Parent Relationship": "Outer",
                          "Parallel Aware": false,
                          "Index Name": "movie_id_movie_companies",
                          "Startup Cost": 0.0,
                          "Total Cost": 0.55,
                          "Plan Rows": 5,
                          "Plan Width": 0,
                          "Actual Startup Time": 0.011,
                          "Actual Total Time": 0.011,
                          "Actual Rows": 3,
                          "Actual Loops": 557,
                          "Index Cond": "(movie_id = t.id)"
                        }
                      ]
                    }
                  ]
                },
                {
                  "Node Type": "Bitmap Heap Scan",
                  "Parent Relationship": "Inner",
                  "Parallel Aware": false,
                  "Relation Name": "company_name",
                  "Alias": "cn",
                  "Startup Cost": 0.43,
                  "Total Cost": 4.44,
                  "Plan Rows": 1,
                  "Plan Width": 23,
                  "Actual Startup Time": 0.006,
                  "Actual Total Time": 0.006,
                  "Actual Rows": 0,
                  "Actual Loops": 1934,
                  "Recheck Cond": "(id = mc.company_id)",
                  "Rows Removed by Index Recheck": 0,
                  "Filter": "((country_code)::text = '[us]'::text)",
                  "Rows Removed by Filter": 1,
                  "Exact Heap Blocks": 1934,
                  "Lossy Heap Blocks": 0,
                  "Plans": [
                    {
                      "Node Type": "Bitmap Index Scan",
                      "Parent Relationship": "Outer",
                      "Parallel Aware": false,
                      "Index Name": "company_name_pkey",
                      "Startup Cost": 0.0,
                      "Total Cost": 0.43,
                      "Plan Rows": 1,
                      "Plan Width": 0,
                      "Actual Startup Time": 0.003,
                      "Actual Total Time": 0.003,
                      "Actual Rows": 1,
                      "Actual Loops": 1934,
                      "Index Cond": "(id = mc.company_id)"
                    }
                  ]
                }
              ]
            },
            {
              "Node Type": "Seq Scan",
              "Parent Relationship": "Inner",
              "Parallel Aware": false,
              "Relation Name": "company_type",
              "Alias": "ct",
              "Startup Cost": 0.0,
              "Total Cost": 1.05,
              "Plan Rows": 1,
              "Plan Width": 4,
              "Actual Startup Time": 0.001,
              "Actual Total Time": 0.001,
              "Actual Rows": 1,
              "Actual Loops": 707,
              "Filter": "((kind)::text = 'production companies'::text)",
              "Rows Removed by Filter": 2
            }
          ]
        }
      ]
    },
    "Planning Time": 13.569,
    "Triggers": [],
    "Execution Time": 423.748
  }
]