[
  {
    "Plan": {
      "Node Type": "Aggregate",
      "Strategy": "Plain",
      "Partial Mode": "Finalize",
      "Parallel Aware": false,
      "Startup Cost": 331903.58,
      "Total Cost": 331903.59,
      "Plan Rows": 1,
      "Plan Width": 8,
      "Actual Startup Time": 629.648,
      "Actual Total Time": 675.274,
      "Actual Rows": 1,
      "Actual Loops": 1,
      "Plans": [
        {
          "Node Type": "Gather",
          "Parent Relationship": "Outer",
          "Parallel Aware": false,
          "Startup Cost": 331902.96,
          "Total Cost": 331903.57,
          "Plan Rows": 6,
          "Plan Width": 8,
          "Actual Startup Time": 629.302,
          "Actual Total Time": 675.256,
          "Actual Rows": 7,
          "Actual Loops": 1,
          "Workers Planned": 6,
          "Workers Launched": 6,
          "Single Copy": false,
          "Plans": [
            {
              "Node Type": "Aggregate",
              "Strategy": "Plain",
              "Partial Mode": "Partial",
              "Parent Relationship": "Outer",
              "Parallel Aware": false,
              "Startup Cost": 330902.96,
              "Total Cost": 330902.97,
              "Plan Rows": 1,
              "Plan Width": 8,
              "Actual Startup Time": 620.761,
              "Actual Total Time": 620.763,
              "Actual Rows": 1,
              "Actual Loops": 7,
              "Plans": [
                {
                  "Node Type": "Seq Scan",
                  "Parent Relationship": "Outer",
                  "Parallel Aware": true,
                  "Relation Name": "cast_info",
                  "Alias": "ci",
                  "Startup Cost": 0.0,
                  "Total Cost": 328211.39,
                  "Plan Rows": 1076626,
                  "Plan Width": 0,
                  "Actual Startup Time": 0.052,
                  "Actual Total Time": 571.543,
                  "Actual Rows": 940805,
                  "Actual Loops": 7,
                  "Filter": "(person_id < 636086)",
                  "Rows Removed by Filter": 4236959
                }
              ]
            }
          ]
        }
      ]
    },
    "Planning Time": 0.203,
    "Triggers": [],
    "Execution Time": 675.377
  }
]