[
  {
    "Plan": {
      "Node Type": "Aggregate",
      "Strategy": "Plain",
      "Partial Mode": "Finalize",
      "Parallel Aware": false,
      "Startup Cost": 331823.77,
      "Total Cost": 331823.78,
      "Plan Rows": 1,
      "Plan Width": 8,
      "Actual Startup Time": 595.235,
      "Actual Total Time": 651.804,
      "Actual Rows": 1,
      "Actual Loops": 1,
      "Plans": [
        {
          "Node Type": "Gather",
          "Parent Relationship": "Outer",
          "Parallel Aware": false,
          "Startup Cost": 331823.15,
          "Total Cost": 331823.76,
          "Plan Rows": 6,
          "Plan Width": 8,
          "Actual Startup Time": 595.089,
          "Actual Total Time": 651.794,
          "Actual Rows": 7,
          "Actual Loops": 1,
          "Workers Planned": 6,
          "Workers Launched": 6,
          "Single Copy": false,
          "Plans": [
            {
              "Node Type": "Aggregate",
              "Strategy": "Plain",
              "Partial Mode": "Partial",
              "Parent Relationship": "Outer",
              "Parallel Aware": false,
              "Startup Cost": 330823.15,
              "Total Cost": 330823.16,
              "Plan Rows": 1,
              "Plan Width": 8,
              "Actual Startup Time": 586.609,
              "Actual Total Time": 586.61,
              "Actual Rows": 1,
              "Actual Loops": 7,
              "Plans": [
                {
                  "Node Type": "Seq Scan",
                  "Parent Relationship": "Outer",
                  "Parallel Aware": true,
                  "Relation Name": "cast_info",
                  "Alias": "ci",
                  "Startup Cost": 0.0,
                  "Total Cost": 328162.03,
                  "Plan Rows": 1064448,
                  "Plan Width": 0,
                  "Actual Startup Time": 0.049,
                  "Actual Total Time": 541.137,
                  "Actual Rows": 940805,
                  "Actual Loops": 7,
                  "Filter": "(person_id < 636086)",
                  "Rows Removed by Filter": 4236959
                }
              ]
            }
          ]
        }
      ]
    },
    "Planning Time": 0.194,
    "Triggers": [],
    "Execution Time": 651.876
  }
]