[
    {
        "Bao": {
            "Bao prediction": "NaN",
            "Bao recommended hint": "(no hint)"
        }
    },
    {
        "Plan": {
            "Node Type": "Aggregate",
            "Strategy": "Plain",
            "Partial Mode": "Simple",
            "Parallel Aware": false,
            "Startup Cost": 26755.49,
            "Total Cost": 26755.5,
            "Plan Rows": 1,
            "Plan Width": 8,
            "Actual Startup Time": 22.317,
            "Actual Total Time": 22.319,
            "Actual Rows": 1,
            "Actual Loops": 1,
            "Output": [
                "count(*)"
            ],
            "Plans": [
                {
                    "Node Type": "Bitmap Heap Scan",
                    "Parent Relationship": "Outer",
                    "Parallel Aware": false,
                    "Relation Name": "movie_keyword",
                    "Schema": "public",
                    "Alias": "mk",
                    "Startup Cost": 888.46,
                    "Total Cost": 26650.97,
                    "Plan Rows": 41810,
                    "Plan Width": 0,
                    "Actual Startup Time": 4.238,
                    "Actual Total Time": 20.865,
                    "Actual Rows": 30106,
                    "Actual Loops": 1,
                    "Recheck Cond": "(mk.keyword_id < 37)",
                    "Rows Removed by Index Recheck": 0,
                    "Exact Heap Blocks": 10518,
                    "Lossy Heap Blocks": 0,
                    "Plans": [
                        {
                            "Node Type": "Bitmap Index Scan",
                            "Parent Relationship": "Outer",
                            "Parallel Aware": false,
                            "Index Name": "keyword_id_movie_keyword",
                            "Startup Cost": 0.0,
                            "Total Cost": 878.01,
                            "Plan Rows": 41810,
                            "Plan Width": 0,
                            "Actual Startup Time": 2.646,
                            "Actual Total Time": 2.647,
                            "Actual Rows": 30106,
                            "Actual Loops": 1,
                            "Index Cond": "(mk.keyword_id < 37)"
                        }
                    ]
                }
            ]
        },
        "Planning Time": 196.443,
        "Triggers": [],
        "Execution Time": 22.361
    }
]