[
    {
        "Bao": {
            "Bao prediction": "NaN",
            "Bao recommended hint": "(no hint)"
        }
    },
    {
        "Plan": {
            "Node Type": "Aggregate",
            "Strategy": "Plain",
            "Partial Mode": "Simple",
            "Parallel Aware": false,
            "Startup Cost": 28177.59,
            "Total Cost": 28177.6,
            "Plan Rows": 1,
            "Plan Width": 8,
            "Actual Startup Time": 46.243,
            "Actual Total Time": 46.245,
            "Actual Rows": 1,
            "Actual Loops": 1,
            "Output": [
                "count(*)"
            ],
            "Plans": [
                {
                    "Node Type": "Bitmap Heap Scan",
                    "Parent Relationship": "Outer",
                    "Parallel Aware": false,
                    "Relation Name": "movie_keyword",
                    "Schema": "public",
                    "Alias": "mk",
                    "Startup Cost": 2181.29,
                    "Total Cost": 27920.54,
                    "Plan Rows": 102820,
                    "Plan Width": 0,
                    "Actual Startup Time": 9.713,
                    "Actual Total Time": 42.281,
                    "Actual Rows": 96891,
                    "Actual Loops": 1,
                    "Recheck Cond": "(mk.keyword_id > 83114)",
                    "Rows Removed by Index Recheck": 0,
                    "Exact Heap Blocks": 17106,
                    "Lossy Heap Blocks": 0,
                    "Plans": [
                        {
                            "Node Type": "Bitmap Index Scan",
                            "Parent Relationship": "Outer",
                            "Parallel Aware": false,
                            "Index Name": "keyword_id_movie_keyword",
                            "Startup Cost": 0.0,
                            "Total Cost": 2155.58,
                            "Plan Rows": 102820,
                            "Plan Width": 0,
                            "Actual Startup Time": 6.834,
                            "Actual Total Time": 6.835,
                            "Actual Rows": 96891,
                            "Actual Loops": 1,
                            "Index Cond": "(mk.keyword_id > 83114)"
                        }
                    ]
                }
            ]
        },
        "Planning Time": 229.658,
        "Triggers": [],
        "Execution Time": 46.291
    }
]