{
    "Plan": {
        "Node Type": "Aggregate",
        "Strategy": "Plain",
        "Partial Mode": "Finalize",
        "Parallel Aware": false,
        "Startup Cost": 629155.0,
        "Total Cost": 629155.01,
        "Plan Rows": 1,
        "Plan Width": 8,
        "Actual Startup Time": 5562.315,
        "Actual Total Time": 5658.829,
        "Actual Rows": 1,
        "Actual Loops": 1,
        "Output": [
            "count(*)"
        ],
        "Plans": [
            {
                "Node Type": "Gather",
                "Parent Relationship": "Outer",
                "Parallel Aware": false,
                "Startup Cost": 629154.48,
                "Total Cost": 629154.99,
                "Plan Rows": 5,
                "Plan Width": 8,
                "Actual Startup Time": 5476.604,
                "Actual Total Time": 5658.815,
                "Actual Rows": 6,
                "Actual Loops": 1,
                "Output": [
                    "(PARTIAL count(*))"
                ],
                "Workers Planned": 5,
                "Workers Launched": 5,
                "Single Copy": false,
                "Plans": [
                    {
                        "Node Type": "Aggregate",
                        "Strategy": "Plain",
                        "Partial Mode": "Partial",
                        "Parent Relationship": "Outer",
                        "Parallel Aware": false,
                        "Startup Cost": 628154.48,
                        "Total Cost": 628154.49,
                        "Plan Rows": 1,
                        "Plan Width": 8,
                        "Actual Startup Time": 5441.676,
                        "Actual Total Time": 5441.684,
                        "Actual Rows": 1,
                        "Actual Loops": 6,
                        "Output": [
                            "PARTIAL count(*)"
                        ],
                        "Workers": [
                            {
                                "Worker Number": 0,
                                "Actual Startup Time": 5434.923,
                                "Actual Total Time": 5434.928,
                                "Actual Rows": 1,
                                "Actual Loops": 1
                            },
                            {
                                "Worker Number": 1,
                                "Actual Startup Time": 5434.819,
                                "Actual Total Time": 5434.825,
                                "Actual Rows": 1,
                                "Actual Loops": 1
                            },
                            {
                                "Worker Number": 2,
                                "Actual Startup Time": 5434.899,
                                "Actual Total Time": 5434.909,
                                "Actual Rows": 1,
                                "Actual Loops": 1
                            },
                            {
                                "Worker Number": 3,
                                "Actual Startup Time": 5434.889,
                                "Actual Total Time": 5434.893,
                                "Actual Rows": 1,
                                "Actual Loops": 1
                            },
                            {
                                "Worker Number": 4,
                                "Actual Startup Time": 5434.939,
                                "Actual Total Time": 5434.943,
                                "Actual Rows": 1,
                                "Actual Loops": 1
                            }
                        ],
                        "Plans": [
                            {
                                "Node Type": "Hash Join",
                                "Parent Relationship": "Outer",
                                "Parallel Aware": true,
                                "Join Type": "Inner",
                                "Startup Cost": 394530.32,
                                "Total Cost": 609521.7,
                                "Plan Rows": 7453112,
                                "Plan Width": 0,
                                "Actual Startup Time": 2018.437,
                                "Actual Total Time": 4885.709,
                                "Actual Rows": 14436667,
                                "Actual Loops": 6,
                                "Inner Unique": false,
                                "Hash Cond": "(mi.movie_id = t.id)",
                                "Workers": [
                                    {
                                        "Worker Number": 0,
                                        "Actual Startup Time": 2012.369,
                                        "Actual Total Time": 4904.328,
                                        "Actual Rows": 13739982,
                                        "Actual Loops": 1
                                    },
                                    {
                                        "Worker Number": 1,
                                        "Actual Startup Time": 2012.409,
                                        "Actual Total Time": 4906.105,
                                        "Actual Rows": 13691136,
                                        "Actual Loops": 1
                                    },
                                    {
                                        "Worker Number": 2,
                                        "Actual Startup Time": 2012.408,
                                        "Actual Total Time": 4876.779,
                                        "Actual Rows": 14612562,
                                        "Actual Loops": 1
                                    },
                                    {
                                        "Worker Number": 3,
                                        "Actual Startup Time": 2012.397,
                                        "Actual Total Time": 4870.028,
                                        "Actual Rows": 14909534,
                                        "Actual Loops": 1
                                    },
                                    {
                                        "Worker Number": 4,
                                        "Actual Startup Time": 2012.423,
                                        "Actual Total Time": 4876.24,
                                        "Actual Rows": 14747458,
                                        "Actual Loops": 1
                                    }
                                ],
                                "Plans": [
                                    {
                                        "Node Type": "Seq Scan",
                                        "Parent Relationship": "Outer",
                                        "Parallel Aware": true,
                                        "Relation Name": "movie_info",
                                        "Schema": "public",
                                        "Alias": "mi",
                                        "Startup Cost": 0.0,
                                        "Total Cost": 191503.19,
                                        "Plan Rows": 2951019,
                                        "Plan Width": 4,
                                        "Actual Startup Time": 0.035,
                                        "Actual Total Time": 286.622,
                                        "Actual Rows": 2472620,
                                        "Actual Loops": 6,
                                        "Output": [
                                            "mi.id",
                                            "mi.movie_id",
                                            "mi.info_type_id",
                                            "mi.info",
                                            "mi.note"
                                        ],
                                        "Workers": [
                                            {
                                                "Worker Number": 0,
                                                "Actual Startup Time": 0.05,
                                                "Actual Total Time": 303.866,
                                                "Actual Rows": 2347643,
                                                "Actual Loops": 1
                                            },
                                            {
                                                "Worker Number": 1,
                                                "Actual Startup Time": 0.035,
                                                "Actual Total Time": 303.081,
                                                "Actual Rows": 2324154,
                                                "Actual Loops": 1
                                            },
                                            {
                                                "Worker Number": 2,
                                                "Actual Startup Time": 0.036,
                                                "Actual Total Time": 297.301,
                                                "Actual Rows": 2495030,
                                                "Actual Loops": 1
                                            },
                                            {
                                                "Worker Number": 3,
                                                "Actual Startup Time": 0.038,
                                                "Actual Total Time": 298.924,
                                                "Actual Rows": 2559731,
                                                "Actual Loops": 1
                                            },
                                            {
                                                "Worker Number": 4,
                                                "Actual Startup Time": 0.038,
                                                "Actual Total Time": 297.51,
                                                "Actual Rows": 2537218,
                                                "Actual Loops": 1
                                            }
                                        ]
                                    },
                                    {
                                        "Node Type": "Hash",
                                        "Parent Relationship": "Inner",
                                        "Parallel Aware": true,
                                        "Startup Cost": 381227.1,
                                        "Total Cost": 381227.1,
                                        "Plan Rows": 1064258,
                                        "Plan Width": 8,
                                        "Actual Startup Time": 2006.639,
                                        "Actual Total Time": 2006.644,
                                        "Actual Rows": 1097606,
                                        "Actual Loops": 6,
                                        "Output": [
                                            "t.id",
                                            "ci.movie_id"
                                        ],
                                        "Hash Buckets": 8388608,
                                        "Original Hash Buckets": 8388608,
                                        "Hash Batches": 1,
                                        "Original Hash Batches": 1,
                                        "Peak Memory Usage": 323296,
                                        "Workers": [
                                            {
                                                "Worker Number": 0,
                                                "Actual Startup Time": 2011.643,
                                                "Actual Total Time": 2011.647,
                                                "Actual Rows": 1020996,
                                                "Actual Loops": 1
                                            },
                                            {
                                                "Worker Number": 1,
                                                "Actual Startup Time": 2011.552,
                                                "Actual Total Time": 2011.556,
                                                "Actual Rows": 1018842,
                                                "Actual Loops": 1
                                            },
                                            {
                                                "Worker Number": 2,
                                                "Actual Startup Time": 2011.683,
                                                "Actual Total Time": 2011.692,
                                                "Actual Rows": 1099407,
                                                "Actual Loops": 1
                                            },
                                            {
                                                "Worker Number": 3,
                                                "Actual Startup Time": 2011.666,
                                                "Actual Total Time": 2011.668,
                                                "Actual Rows": 1135046,
                                                "Actual Loops": 1
                                            },
                                            {
                                                "Worker Number": 4,
                                                "Actual Startup Time": 2011.743,
                                                "Actual Total Time": 2011.746,
                                                "Actual Rows": 1130567,
                                                "Actual Loops": 1
                                            }
                                        ],
                                        "Plans": [
                                            {
                                                "Node Type": "Hash Join",
                                                "Parent Relationship": "Outer",
                                                "Parallel Aware": true,
                                                "Join Type": "Inner",
                                                "Startup Cost": 50219.81,
                                                "Total Cost": 381227.1,
                                                "Plan Rows": 1064258,
                                                "Plan Width": 8,
                                                "Actual Startup Time": 283.7,
                                                "Actual Total Time": 1469.236,
                                                "Actual Rows": 1097606,
                                                "Actual Loops": 6,
                                                "Output": [
                                                    "t.id",
                                                    "ci.movie_id"
                                                ],
                                                "Inner Unique": true,
                                                "Hash Cond": "(ci.movie_id = t.id)",
                                                "Workers": [
                                                    {
                                                        "Worker Number": 0,
                                                        "Actual Startup Time": 283.693,
                                                        "Actual Total Time": 1471.935,
                                                        "Actual Rows": 1020996,
                                                        "Actual Loops": 1
                                                    },
                                                    {
                                                        "Worker Number": 1,
                                                        "Actual Startup Time": 283.709,
                                                        "Actual Total Time": 1472.281,
                                                        "Actual Rows": 1018842,
                                                        "Actual Loops": 1
                                                    },
                                                    {
                                                        "Worker Number": 2,
                                                        "Actual Startup Time": 283.584,
                                                        "Actual Total Time": 1471.372,
                                                        "Actual Rows": 1099407,
                                                        "Actual Loops": 1
                                                    },
                                                    {
                                                        "Worker Number": 3,
                                                        "Actual Startup Time": 283.681,
                                                        "Actual Total Time": 1469.124,
                                                        "Actual Rows": 1135046,
                                                        "Actual Loops": 1
                                                    },
                                                    {
                                                        "Worker Number": 4,
                                                        "Actual Startup Time": 283.69,
                                                        "Actual Total Time": 1472.541,
                                                        "Actual Rows": 1130567,
                                                        "Actual Loops": 1
                                                    }
                                                ],
                                                "Plans": [
                                                    {
                                                        "Node Type": "Seq Scan",
                                                        "Parent Relationship": "Outer",
                                                        "Parallel Aware": true,
                                                        "Relation Name": "cast_info",
                                                        "Schema": "public",
                                                        "Alias": "ci",
                                                        "Startup Cost": 0.0,
                                                        "Total Cost": 328213.62,
                                                        "Plan Rows": 1064258,
                                                        "Plan Width": 4,
                                                        "Actual Startup Time": 0.038,
                                                        "Actual Total Time": 590.64,
                                                        "Actual Rows": 1097606,
                                                        "Actual Loops": 6,
                                                        "Output": [
                                                            "ci.id",
                                                            "ci.person_id",
                                                            "ci.movie_id",
                                                            "ci.person_role_id",
                                                            "ci.note",
                                                            "ci.nr_order",
                                                            "ci.role_id"
                                                        ],
                                                        "Filter": "(ci.person_id < 636086)",
                                                        "Rows Removed by Filter": 4943118,
                                                        "Workers": [
                                                            {
                                                                "Worker Number": 0,
                                                                "Actual Startup Time": 0.043,
                                                                "Actual Total Time": 592.745,
                                                                "Actual Rows": 1020996,
                                                                "Actual Loops": 1
                                                            },
                                                            {
                                                                "Worker Number": 1,
                                                                "Actual Startup Time": 0.041,
                                                                "Actual Total Time": 592.274,
                                                                "Actual Rows": 1018842,
                                                                "Actual Loops": 1
                                                            },
                                                            {
                                                                "Worker Number": 2,
                                                                "Actual Startup Time": 0.047,
                                                                "Actual Total Time": 601.239,
                                                                "Actual Rows": 1099407,
                                                                "Actual Loops": 1
                                                            },
                                                            {
                                                                "Worker Number": 3,
                                                                "Actual Startup Time": 0.041,
                                                                "Actual Total Time": 600.734,
                                                                "Actual Rows": 1135046,
                                                                "Actual Loops": 1
                                                            },
                                                            {
                                                                "Worker Number": 4,
                                                                "Actual Startup Time": 0.04,
                                                                "Actual Total Time": 599.428,
                                                                "Actual Rows": 1130567,
                                                                "Actual Loops": 1
                                                            }
                                                        ]
                                                    },
                                                    {
                                                        "Node Type": "Hash",
                                                        "Parent Relationship": "Inner",
                                                        "Parallel Aware": true,
                                                        "Startup Cost": 42318.81,
                                                        "Total Cost": 42318.81,
                                                        "Plan Rows": 632080,
                                                        "Plan Width": 4,
                                                        "Actual Startup Time": 279.538,
                                                        "Actual Total Time": 279.539,
                                                        "Actual Rows": 421385,
                                                        "Actual Loops": 6,
                                                        "Output": [
                                                            "t.id"
                                                        ],
                                                        "Hash Buckets": 4194304,
                                                        "Original Hash Buckets": 4194304,
                                                        "Hash Batches": 1,
                                                        "Original Hash Batches": 1,
                                                        "Peak Memory Usage": 131776,
                                                        "Workers": [
                                                            {
                                                                "Worker Number": 0,
                                                                "Actual Startup Time": 283.337,
                                                                "Actual Total Time": 283.338,
                                                                "Actual Rows": 380953,
                                                                "Actual Loops": 1
                                                            },
                                                            {
                                                                "Worker Number": 1,
                                                                "Actual Startup Time": 283.375,
                                                                "Actual Total Time": 283.376,
                                                                "Actual Rows": 377787,
                                                                "Actual Loops": 1
                                                            },
                                                            {
                                                                "Worker Number": 2,
                                                                "Actual Startup Time": 283.462,
                                                                "Actual Total Time": 283.463,
                                                                "Actual Rows": 400024,
                                                                "Actual Loops": 1
                                                            },
                                                            {
                                                                "Worker Number": 3,
                                                                "Actual Startup Time": 283.322,
                                                                "Actual Total Time": 283.323,
                                                                "Actual Rows": 403154,
                                                                "Actual Loops": 1
                                                            },
                                                            {
                                                                "Worker Number": 4,
                                                                "Actual Startup Time": 283.324,
                                                                "Actual Total Time": 283.325,
                                                                "Actual Rows": 417357,
                                                                "Actual Loops": 1
                                                            }
                                                        ],
                                                        "Plans": [
                                                            {
                                                                "Node Type": "Seq Scan",
                                                                "Parent Relationship": "Outer",
                                                                "Parallel Aware": true,
                                                                "Relation Name": "title",
                                                                "Schema": "public",
                                                                "Alias": "t",
                                                                "Startup Cost": 0.0,
                                                                "Total Cost": 42318.81,
                                                                "Plan Rows": 632080,
                                                                "Plan Width": 4,
                                                                "Actual Startup Time": 0.07,
                                                                "Actual Total Time": 76.309,
                                                                "Actual Rows": 421385,
                                                                "Actual Loops": 6,
                                                                "Output": [
                                                                    "t.id"
                                                                ],
                                                                "Workers": [
                                                                    {
                                                                        "Worker Number": 0,
                                                                        "Actual Startup Time": 0.079,
                                                                        "Actual Total Time": 78.137,
                                                                        "Actual Rows": 380953,
                                                                        "Actual Loops": 1
                                                                    },
                                                                    {
                                                                        "Worker Number": 1,
                                                                        "Actual Startup Time": 0.099,
                                                                        "Actual Total Time": 77.564,
                                                                        "Actual Rows": 377787,
                                                                        "Actual Loops": 1
                                                                    },
                                                                    {
                                                                        "Worker Number": 2,
                                                                        "Actual Startup Time": 0.07,
                                                                        "Actual Total Time": 79.098,
                                                                        "Actual Rows": 400024,
                                                                        "Actual Loops": 1
                                                                    },
                                                                    {
                                                                        "Worker Number": 3,
                                                                        "Actual Startup Time": 0.079,
                                                                        "Actual Total Time": 79.672,
                                                                        "Actual Rows": 403154,
                                                                        "Actual Loops": 1
                                                                    },
                                                                    {
                                                                        "Worker Number": 4,
                                                                        "Actual Startup Time": 0.072,
                                                                        "Actual Total Time": 79.146,
                                                                        "Actual Rows": 417357,
                                                                        "Actual Loops": 1
                                                                    }
                                                                ]
                                                            }
                                                        ]
                                                    }
                                                ]
                                            }
                                        ]
                                    }
                                ]
                            }
                        ]
                    }
                ]
            }
        ]
    },
    "Planning Time": 1.511,
    "Triggers": [],
    "Execution Time": 5658.926
}