[
  {
    "Plan": {
      "Node Type": "Aggregate",
      "Strategy": "Plain",
      "Partial Mode": "Finalize",
      "Parallel Aware": false,
      "Startup Cost": 47028.76,
      "Total Cost": 47028.77,
      "Plan Rows": 1,
      "Plan Width": 8,
      "Actual Startup Time": 108.627,
      "Actual Total Time": 120.37,
      "Actual Rows": 1,
      "Actual Loops": 1,
      "Plans": [
        {
          "Node Type": "Gather",
          "Parent Relationship": "Outer",
          "Parallel Aware": false,
          "Startup Cost": 47028.34,
          "Total Cost": 47028.75,
          "Plan Rows": 4,
          "Plan Width": 8,
          "Actual Startup Time": 108.436,
          "Actual Total Time": 120.357,
          "Actual Rows": 5,
          "Actual Loops": 1,
          "Workers Planned": 4,
          "Workers Launched": 4,
          "Single Copy": false,
          "Plans": [
            {
              "Node Type": "Aggregate",
              "Strategy": "Plain",
              "Partial Mode": "Partial",
              "Parent Relationship": "Outer",
              "Parallel Aware": false,
              "Startup Cost": 46028.34,
              "Total Cost": 46028.35,
              "Plan Rows": 1,
              "Plan Width": 8,
              "Actual Startup Time": 100.95,
              "Actual Total Time": 100.952,
              "Actual Rows": 1,
              "Actual Loops": 5,
              "Plans": [
                {
                  "Node Type": "Seq Scan",
                  "Parent Relationship": "Outer",
                  "Parallel Aware": true,
                  "Relation Name": "title",
                  "Alias": "t",
                  "Startup Cost": 0.0,
                  "Total Cost": 45479.59,
                  "Plan Rows": 219500,
                  "Plan Width": 0,
                  "Actual Startup Time": 0.048,
                  "Actual Total Time": 92.097,
                  "Actual Rows": 159037,
                  "Actual Loops": 5,
                  "Filter": "((kind_id > 1) AND (production_year < 2003))",
                  "Rows Removed by Filter": 346626
                }
              ]
            }
          ]
        }
      ]
    },
    "Planning Time": 0.096,
    "Triggers": [],
    "Execution Time": 120.403
  }
]