[
  {
    "Plan": {
      "Node Type": "Aggregate",
      "Strategy": "Plain",
      "Partial Mode": "Finalize",
      "Parallel Aware": false,
      "Startup Cost": 44818.29,
      "Total Cost": 44818.3,
      "Plan Rows": 1,
      "Plan Width": 8,
      "Actual Startup Time": 154.667,
      "Actual Total Time": 165.701,
      "Actual Rows": 1,
      "Actual Loops": 1,
      "Plans": [
        {
          "Node Type": "Gather",
          "Parent Relationship": "Outer",
          "Parallel Aware": false,
          "Startup Cost": 44817.97,
          "Total Cost": 44818.28,
          "Plan Rows": 3,
          "Plan Width": 8,
          "Actual Startup Time": 154.528,
          "Actual Total Time": 165.689,
          "Actual Rows": 4,
          "Actual Loops": 1,
          "Workers Planned": 3,
          "Workers Launched": 3,
          "Single Copy": false,
          "Plans": [
            {
              "Node Type": "Aggregate",
              "Strategy": "Plain",
              "Partial Mode": "Partial",
              "Parent Relationship": "Outer",
              "Parallel Aware": false,
              "Startup Cost": 43817.97,
              "Total Cost": 43817.98,
              "Plan Rows": 1,
              "Plan Width": 8,
              "Actual Startup Time": 148.829,
              "Actual Total Time": 148.83,
              "Actual Rows": 1,
              "Actual Loops": 4,
              "Plans": [
                {
                  "Node Type": "Seq Scan",
                  "Parent Relationship": "Outer",
                  "Parallel Aware": true,
                  "Relation Name": "movie_keyword",
                  "Alias": "mk",
                  "Startup Cost": 0.0,
                  "Total Cost": 42695.65,
                  "Plan Rows": 448926,
                  "Plan Width": 0,
                  "Actual Startup Time": 0.035,
                  "Actual Total Time": 128.105,
                  "Actual Rows": 346773,
                  "Actual Loops": 4,
                  "Filter": "(keyword_id < 1876)",
                  "Rows Removed by Filter": 784209
                }
              ]
            }
          ]
        }
      ]
    },
    "Planning Time": 0.106,
    "Triggers": [],
    "Execution Time": 165.736
  }
]