{
  "Plan": {
    "Node Type": "Aggregate",
    "Strategy": "Plain",
    "Partial Mode": "Finalize",
    "Parallel Aware": false,
    "Startup Cost": 296666.49,
    "Total Cost": 296666.5,
    "Plan Rows": 1,
    "Plan Width": 8,
    "Actual Startup Time": 1429.731,
    "Actual Total Time": 1493.496,
    "Actual Rows": 1,
    "Actual Loops": 1,
    "Plans": [
      {
        "Node Type": "Gather",
        "Parent Relationship": "Outer",
        "Parallel Aware": false,
        "Startup Cost": 296666.38,
        "Total Cost": 296666.49,
        "Plan Rows": 1,
        "Plan Width": 8,
        "Actual Startup Time": 1429.115,
        "Actual Total Time": 1493.486,
        "Actual Rows": 2,
        "Actual Loops": 1,
        "Workers Planned": 1,
        "Workers Launched": 1,
        "Single Copy": false,
        "Plans": [
          {
            "Node Type": "Aggregate",
            "Strategy": "Plain",
            "Partial Mode": "Partial",
            "Parent Relationship": "Outer",
            "Parallel Aware": false,
            "Startup Cost": 295666.38,
            "Total Cost": 295666.39,
            "Plan Rows": 1,
            "Plan Width": 8,
            "Actual Startup Time": 1423.004,
            "Actual Total Time": 1423.008,
            "Actual Rows": 1,
            "Actual Loops": 2,
            "Plans": [
              {
                "Node Type": "Nested Loop",
                "Parent Relationship": "Outer",
                "Parallel Aware": false,
                "Join Type": "Inner",
                "Startup Cost": 25445.77,
                "Total Cost": 294093.73,
                "Plan Rows": 629058,
                "Plan Width": 0,
                "Actual Startup Time": 85.369,
                "Actual Total Time": 1354.712,
                "Actual Rows": 1626712,
                "Actual Loops": 2,
                "Inner Unique": false,
                "Plans": [
                  {
                    "Node Type": "Hash Join",
                    "Parent Relationship": "Outer",
                    "Parallel Aware": true,
                    "Join Type": "Inner",
                    "Startup Cost": 25445.34,
                    "Total Cost": 86243.67,
                    "Plan Rows": 107581,
                    "Plan Width": 8,
                    "Actual Startup Time": 85.299,
                    "Actual Total Time": 429.375,
                    "Actual Rows": 91209,
                    "Actual Loops": 2,
                    "Inner Unique": false,
                    "Hash Cond": "(t.id = mc.movie_id)",
                    "Plans": [
                      {
                        "Node Type": "Seq Scan",
                        "Parent Relationship": "Outer",
                        "Parallel Aware": true,
                        "Relation Name": "title",
                        "Alias": "t",
                        "Startup Cost": 0.0,
                        "Total Cost": 50870.31,
                        "Plan Rows": 1487231,
                        "Plan Width": 4,
                        "Actual Startup Time": 0.01,
                        "Actual Total Time": 114.619,
                        "Actual Rows": 1264156,
                        "Actual Loops": 2
                      },
                      {
                        "Node Type": "Hash",
                        "Parent Relationship": "Inner",
                        "Parallel Aware": true,
                        "Startup Cost": 24100.58,
                        "Total Cost": 24100.58,
                        "Plan Rows": 107581,
                        "Plan Width": 4,
                        "Actual Startup Time": 81.921,
                        "Actual Total Time": 81.923,
                        "Actual Rows": 91209,
                        "Actual Loops": 2,
                        "Hash Buckets": 262144,
                        "Original Hash Buckets": 262144,
                        "Hash Batches": 1,
                        "Original Hash Batches": 1,
                        "Peak Memory Usage": 9216,
                        "Plans": [
                          {
                            "Node Type": "Bitmap Heap Scan",
                            "Parent Relationship": "Outer",
                            "Parallel Aware": true,
                            "Relation Name": "movie_companies",
                            "Alias": "mc",
                            "Startup Cost": 3965.81,
                            "Total Cost": 24100.58,
                            "Plan Rows": 107581,
                            "Plan Width": 4,
                            "Actual Startup Time": 23.445,
                            "Actual Total Time": 61.195,
                            "Actual Rows": 91209,
                            "Actual Loops": 2,
                            "Recheck Cond": "(company_id < 46)",
                            "Rows Removed by Index Recheck": 0,
                            "Exact Heap Blocks": 10662,
                            "Lossy Heap Blocks": 0,
                            "Plans": [
                              {
                                "Node Type": "Bitmap Index Scan",
                                "Parent Relationship": "Outer",
                                "Parallel Aware": false,
                                "Index Name": "company_id_movie_companies",
                                "Startup Cost": 0.0,
                                "Total Cost": 3920.09,
                                "Plan Rows": 182888,
                                "Plan Width": 0,
                                "Actual Startup Time": 22.12,
                                "Actual Total Time": 22.121,
                                "Actual Rows": 182418,
                                "Actual Loops": 1,
                                "Index Cond": "(company_id < 46)"
                              }
                            ]
                          }
                        ]
                      }
                    ]
                  },
                  {
                    "Node Type": "Index Only Scan",
                    "Parent Relationship": "Inner",
                    "Parallel Aware": false,
                    "Scan Direction": "Forward",
                    "Index Name": "movie_id_movie_info",
                    "Relation Name": "movie_info",
                    "Alias": "mi",
                    "Startup Cost": 0.43,
                    "Total Cost": 1.51,
                    "Plan Rows": 42,
                    "Plan Width": 4,
                    "Actual Startup Time": 0.003,
                    "Actual Total Time": 0.009,
                    "Actual Rows": 18,
                    "Actual Loops": 182418,
                    "Index Cond": "(movie_id = t.id)",
                    "Rows Removed by Index Recheck": 0,
                    "Heap Fetches": 3253423
                  }
                ]
              }
            ]
          }
        ]
      }
    ]
  },
  "Planning Time": 0.942,
  "Triggers": [],
  "Execution Time": 1493.624
}