[
  {
    "Plan": {
      "Node Type": "Aggregate",
      "Strategy": "Plain",
      "Partial Mode": "Finalize",
      "Parallel Aware": false,
      "Startup Cost": 44483.52,
      "Total Cost": 44483.53,
      "Plan Rows": 1,
      "Plan Width": 8,
      "Actual Startup Time": 139.833,
      "Actual Total Time": 149.925,
      "Actual Rows": 1,
      "Actual Loops": 1,
      "Plans": [
        {
          "Node Type": "Gather",
          "Parent Relationship": "Outer",
          "Parallel Aware": false,
          "Startup Cost": 44483.21,
          "Total Cost": 44483.52,
          "Plan Rows": 3,
          "Plan Width": 8,
          "Actual Startup Time": 139.588,
          "Actual Total Time": 149.917,
          "Actual Rows": 4,
          "Actual Loops": 1,
          "Workers Planned": 3,
          "Workers Launched": 3,
          "Single Copy": false,
          "Plans": [
            {
              "Node Type": "Aggregate",
              "Strategy": "Plain",
              "Partial Mode": "Partial",
              "Parent Relationship": "Outer",
              "Parallel Aware": false,
              "Startup Cost": 43483.21,
              "Total Cost": 43483.22,
              "Plan Rows": 1,
              "Plan Width": 8,
              "Actual Startup Time": 132.641,
              "Actual Total Time": 132.642,
              "Actual Rows": 1,
              "Actual Loops": 4,
              "Plans": [
                {
                  "Node Type": "Seq Scan",
                  "Parent Relationship": "Outer",
                  "Parallel Aware": true,
                  "Relation Name": "movie_keyword",
                  "Alias": "mk",
                  "Startup Cost": 0.0,
                  "Total Cost": 42695.65,
                  "Plan Rows": 315021,
                  "Plan Width": 0,
                  "Actual Startup Time": 4.032,
                  "Actual Total Time": 118.643,
                  "Actual Rows": 242710,
                  "Actual Loops": 4,
                  "Filter": "(keyword_id > 19476)",
                  "Rows Removed by Filter": 888272
                }
              ]
            }
          ]
        }
      ]
    },
    "Planning Time": 0.187,
    "Triggers": [],
    "Execution Time": 150.013
  }
]