[
  {
    "Plan": {
      "Node Type": "Aggregate",
      "Strategy": "Plain",
      "Partial Mode": "Simple",
      "Parallel Aware": false,
      "Startup Cost": 11324.1,
      "Total Cost": 11324.11,
      "Plan Rows": 1,
      "Plan Width": 96,
      "Actual Startup Time": 6421.905,
      "Actual Total Time": 6421.917,
      "Actual Rows": 1,
      "Actual Loops": 1,
      "Plans": [
        {
          "Node Type": "Nested Loop",
          "Parent Relationship": "Outer",
          "Parallel Aware": false,
          "Join Type": "Inner",
          "Startup Cost": 7.68,
          "Total Cost": 11324.09,
          "Plan Rows": 1,
          "Plan Width": 38,
          "Actual Startup Time": 31.85,
          "Actual Total Time": 6418.454,
          "Actual Rows": 10760,
          "Actual Loops": 1,
          "Inner Unique": true,
          "Plans": [
            {
              "Node Type": "Nested Loop",
              "Parent Relationship": "Outer",
              "Parallel Aware": false,
              "Join Type": "Inner",
              "Startup Cost": 7.25,
              "Total Cost": 11323.64,
              "Plan Rows": 1,
              "Plan Width": 42,
              "Actual Startup Time": 31.778,
              "Actual Total Time": 6334.349,
              "Actual Rows": 10760,
              "Actual Loops": 1,
              "Inner Unique": true,
              "Plans": [
                {
                  "Node Type": "Nested Loop",
                  "Parent Relationship": "Outer",
                  "Parallel Aware": false,
                  "Join Type": "Inner",
                  "Startup Cost": 6.83,
                  "Total Cost": 11291.59,
                  "Plan Rows": 71,
                  "Plan Width": 46,
                  "Actual Startup Time": 11.388,
                  "Actual Total Time": 3432.161,
                  "Actual Rows": 1640944,
                  "Actual Loops": 1,
                  "Inner Unique": false,
                  "Plans": [
                    {
                      "Node Type": "Nested Loop",
                      "Parent Relationship": "Outer",
                      "Parallel Aware": false,
                      "Join Type": "Inner",
                      "Startup Cost": 6.4,
                      "Total Cost": 11262.67,
                      "Plan Rows": 16,
                      "Plan Width": 58,
                      "Actual Startup Time": 11.297,
                      "Actual Total Time": 2941.599,
                      "Actual Rows": 18286,
                      "Actual Loops": 1,
                      "Inner Unique": true,
                      "Plans": [
                        {
                          "Node Type": "Nested Loop",
                          "Parent Relationship": "Outer",
                          "Parallel Aware": false,
                          "Join Type": "Inner",
                          "Startup Cost": 5.97,
                          "Total Cost": 11113.9,
                          "Plan Rows": 325,
                          "Plan Width": 46,
                          "Actual Startup Time": 0.656,
                          "Actual Total Time": 1736.495,
                          "Actual Rows": 637952,
                          "Actual Loops": 1,
                          "Inner Unique": false,
                          "Plans": [
                            {
                              "Node Type": "Nested Loop",
                              "Parent Relationship": "Outer",
                              "Parallel Aware": false,
                              "Join Type": "Inner",
                              "Startup Cost": 5.41,
                              "Total Cost": 11059.98,
                              "Plan Rows": 22,
                              "Plan Width": 34,
                              "Actual Startup Time": 0.574,
                              "Actual Total Time": 495.817,
                              "Actual Rows": 7509,
                              "Actual Loops": 1,
                              "Inner Unique": false,
                              "Join Filter": "(t.kind_id = kt.id)",
                              "Rows Removed by Join Filter": 12641,
                              "Plans": [
                                {
                                  "Node Type": "Seq Scan",
                                  "Parent Relationship": "Outer",
                                  "Parallel Aware": false,
                                  "Relation Name": "kind_type",
                                  "Alias": "kt",
                                  "Startup Cost": 0.0,
                                  "Total Cost": 1.09,
                                  "Plan Rows": 1,
                                  "Plan Width": 4,
                                  "Actual Startup Time": 0.01,
                                  "Actual Total Time": 0.013,
                                  "Actual Rows": 1,
                                  "Actual Loops": 1,
                                  "Filter": "((kind)::text = 'movie'::text)",
                                  "Rows Removed by Filter": 6
                                },
                                {
                                  "Node Type": "Nested Loop",
                                  "Parent Relationship": "Inner",
                                  "Parallel Aware": false,
                                  "Join Type": "Inner",
                                  "Startup Cost": 5.41,
                                  "Total Cost": 11056.99,
                                  "Plan Rows": 152,
                                  "Plan Width": 38,
                                  "Actual Startup Time": 0.561,
                                  "Actual Total Time": 493.288,
                                  "Actual Rows": 20150,
                                  "Actual Loops": 1,
                                  "Inner Unique": true,
                                  "Join Filter": "(cc.movie_id = t.id)",
                                  "Rows Removed by Join Filter": 0,
                                  "Plans": [
                                    {
                                      "Node Type": "Hash Join",
                                      "Parent Relationship": "Outer",
                                      "Parallel Aware": false,
                                      "Join Type": "Inner",
                                      "Startup Cost": 4.98,
                                      "Total Cost": 10920.02,
                                      "Plan Rows": 231,
                                      "Plan Width": 13,
                                      "Actual Startup Time": 0.288,
                                      "Actual Total Time": 289.643,
                                      "Actual Rows": 61559,
                                      "Actual Loops": 1,
                                      "Inner Unique": true,
                                      "Hash Cond": "(mi_idx.info_type_id = it2.id)",
                                      "Plans": [
                                        {
                                          "Node Type": "Nested Loop",
                                          "Parent Relationship": "Outer",
                                          "Parallel Aware": false,
                                          "Join Type": "Inner",
                                          "Startup Cost": 2.55,
                                          "Total Cost": 10846.61,
                                          "Plan Rows": 26064,
                                          "Plan Width": 17,
                                          "Actual Startup Time": 0.213,
                                          "Actual Total Time": 266.865,
                                          "Actual Rows": 184902,
                                          "Actual Loops": 1,
                                          "Inner Unique": false,
                                          "Plans": [
                                            {
                                              "Node Type": "Hash Join",
                                              "Parent Relationship": "Outer",
                                              "Parallel Aware": false,
                                              "Join Type": "Inner",
                                              "Startup Cost": 2.12,
                                              "Total Cost": 2996.88,
                                              "Plan Rows": 8443,
                                              "Plan Width": 4,
                                              "Actual Startup Time": 0.098,
                                              "Actual Total Time": 47.691,
                                              "Actual Rows": 85941,
                                              "Actual Loops": 1,
                                              "Inner Unique": true,
                                              "Hash Cond": "(cc.status_id = cct2.id)",
                                              "Plans": [
                                                {
                                                  "Node Type": "Hash Join",
                                                  "Parent Relationship": "Outer",
                                                  "Parallel Aware": false,
                                                  "Join Type": "Inner",
                                                  "Startup Cost": 1.06,
                                                  "Total Cost": 2813.24,
                                                  "Plan Rows": 33772,
                                                  "Plan Width": 8,
                                                  "Actual Startup Time": 0.06,
                                                  "Actual Total Time": 33.14,
                                                  "Actual Rows": 85941,
                                                  "Actual Loops": 1,
                                                  "Inner Unique": true,
                                                  "Hash Cond": "(cc.subject_id = cct1.id)",
                                                  "Plans": [
                                                    {
                                                      "Node Type": "Seq Scan",
                                                      "Parent Relationship": "Outer",
                                                      "Parallel Aware": false,
                                                      "Relation Name": "complete_cast",
                                                      "Alias": "cc",
                                                      "Startup Cost": 0.0,
                                                      "Total Cost": 2081.86,
                                                      "Plan Rows": 135086,
                                                      "Plan Width": 12,
                                                      "Actual Startup Time": 0.022,
                                                      "Actual Total Time": 11.948,
                                                      "Actual Rows": 135086,
                                                      "Actual Loops": 1
                                                    },
                                                    {
                                                      "Node Type": "Hash",
                                                      "Parent Relationship": "Inner",
                                                      "Parallel Aware": false,
                                                      "Startup Cost": 1.05,
                                                      "Total Cost": 1.05,
                                                      "Plan Rows": 1,
                                                      "Plan Width": 4,
                                                      "Actual Startup Time": 0.01,
                                                      "Actual Total Time": 0.011,
                                                      "Actual Rows": 1,
                                                      "Actual Loops": 1,
                                                      "Hash Buckets": 1024,
                                                      "Original Hash Buckets": 1024,
                                                      "Hash Batches": 1,
                                                      "Original Hash Batches": 1,
                                                      "Peak Memory Usage": 9,
                                                      "Plans": [
                                                        {
                                                          "Node Type": "Seq Scan",
                                                          "Parent Relationship": "Outer",
                                                          "Parallel Aware": false,
                                                          "Relation Name": "comp_cast_type",
                                                          "Alias": "cct1",
                                                          "Startup Cost": 0.0,
                                                          "Total Cost": 1.05,
                                                          "Plan Rows": 1,
                                                          "Plan Width": 4,
                                                          "Actual Startup Time": 0.005,
                                                          "Actual Total Time": 0.006,
                                                          "Actual Rows": 1,
                                                          "Actual Loops": 1,
                                                          "Filter": "((kind)::text = 'cast'::text)",
                                                          "Rows Removed by Filter": 3
                                                        }
                                                      ]
                                                    }
                                                  ]
                                                },
                                                {
                                                  "Node Type": "Hash",
                                                  "Parent Relationship": "Inner",
                                                  "Parallel Aware": false,
                                                  "Startup Cost": 1.05,
                                                  "Total Cost": 1.05,
                                                  "Plan Rows": 1,
                                                  "Plan Width": 4,
                                                  "Actual Startup Time": 0.013,
                                                  "Actual Total Time": 0.014,
                                                  "Actual Rows": 2,
                                                  "Actual Loops": 1,
                                                  "Hash Buckets": 1024,
                                                  "Original Hash Buckets": 1024,
                                                  "Hash Batches": 1,
                                                  "Original Hash Batches": 1,
                                                  "Peak Memory Usage": 9,
                                                  "Plans": [
                                                    {
                                                      "Node Type": "Seq Scan",
                                                      "Parent Relationship": "Outer",
                                                      "Parallel Aware": false,
                                                      "Relation Name": "comp_cast_type",
                                                      "Alias": "cct2",
                                                      "Startup Cost": 0.0,
                                                      "Total Cost": 1.05,
                                                      "Plan Rows": 1,
                                                      "Plan Width": 4,
                                                      "Actual Startup Time": 0.006,
                                                      "Actual Total Time": 0.008,
                                                      "Actual Rows": 2,
                                                      "Actual Loops": 1,
                                                      "Filter": "((kind)::text ~~ '%complete%'::text)",
                                                      "Rows Removed by Filter": 2
                                                    }
                                                  ]
                                                }
                                              ]
                                            },
                                            {
                                              "Node Type": "Index Scan",
                                              "Parent Relationship": "Inner",
                                              "Parallel Aware": false,
                                              "Scan Direction": "Forward",
                                              "Index Name": "movie_id_movie_info_idx",
                                              "Relation Name": "movie_info_idx",
                                              "Alias": "mi_idx",
                                              "Startup Cost": 0.43,
                                              "Total Cost": 0.9,
                                              "Plan Rows": 3,
                                              "Plan Width": 13,
                                              "Actual Startup Time": 0.002,
                                              "Actual Total Time": 0.002,
                                              "Actual Rows": 2,
                                              "Actual Loops": 85941,
                                              "Index Cond": "(movie_id = cc.movie_id)",
                                              "Rows Removed by Index Recheck": 0
                                            }
                                          ]
                                        },
                                        {
                                          "Node Type": "Hash",
                                          "Parent Relationship": "Inner",
                                          "Parallel Aware": false,
                                          "Startup Cost": 2.41,
                                          "Total Cost": 2.41,
                                          "Plan Rows": 1,
                                          "Plan Width": 4,
                                          "Actual Startup Time": 0.024,
                                          "Actual Total Time": 0.025,
                                          "Actual Rows": 1,
                                          "Actual Loops": 1,
                                          "Hash Buckets": 1024,
                                          "Original Hash Buckets": 1024,
                                          "Hash Batches": 1,
                                          "Original Hash Batches": 1,
                                          "Peak Memory Usage": 9,
                                          "Plans": [
                                            {
                                              "Node Type": "Seq Scan",
                                              "Parent Relationship": "Outer",
                                              "Parallel Aware": false,
                                              "Relation Name": "info_type",
                                              "Alias": "it2",
                                              "Startup Cost": 0.0,
                                              "Total Cost": 2.41,
                                              "Plan Rows": 1,
                                              "Plan Width": 4,
                                              "Actual Startup Time": 0.015,
                                              "Actual Total Time": 0.018,
                                              "Actual Rows": 1,
                                              "Actual Loops": 1,
                                              "Filter": "((info)::text = 'rating'::text)",
                                              "Rows Removed by Filter": 112
                                            }
                                          ]
                                        }
                                      ]
                                    },
                                    {
                                      "Node Type": "Index Scan",
                                      "Parent Relationship": "Inner",
                                      "Parallel Aware": false,
                                      "Scan Direction": "Forward",
                                      "Index Name": "title_pkey",
                                      "Relation Name": "title",
                                      "Alias": "t",
                                      "Startup Cost": 0.43,
                                      "Total Cost": 0.58,
                                      "Plan Rows": 1,
                                      "Plan Width": 25,
                                      "Actual Startup Time": 0.003,
                                      "Actual Total Time": 0.003,
                                      "Actual Rows": 0,
                                      "Actual Loops": 61559,
                                      "Index Cond": "(id = mi_idx.movie_id)",
                                      "Rows Removed by Index Recheck": 0,
                                      "Filter": "(production_year > 1994)",
                                      "Rows Removed by Filter": 1
                                    }
                                  ]
                                }
                              ]
                            },
                            {
                              "Node Type": "Index Scan",
                              "Parent Relationship": "Inner",
                              "Parallel Aware": false,
                              "Scan Direction": "Forward",
                              "Index Name": "movie_id_cast_info",
                              "Relation Name": "cast_info",
                              "Alias": "ci",
                              "Startup Cost": 0.56,
                              "Total Cost": 2.1,
                              "Plan Rows": 35,
                              "Plan Width": 12,
                              "Actual Startup Time": 0.013,
                              "Actual Total Time": 0.154,
                              "Actual Rows": 85,
                              "Actual Loops": 7509,
                              "Index Cond": "(movie_id = t.id)",
                              "Rows Removed by Index Recheck": 0
                            }
                          ]
                        },
                        {
                          "Node Type": "Index Scan",
                          "Parent Relationship": "Inner",
                          "Parallel Aware": false,
                          "Scan Direction": "Forward",
                          "Index Name": "char_name_pkey",
                          "Relation Name": "char_name",
                          "Alias": "chn",
                          "Startup Cost": 0.43,
                          "Total Cost": 0.46,
                          "Plan Rows": 1,
                          "Plan Width": 20,
                          "Actual Startup Time": 0.002,
                          "Actual Total Time": 0.002,
                          "Actual Rows": 0,
                          "Actual Loops": 637952,
                          "Index Cond": "(id = ci.person_role_id)",
                          "Rows Removed by Index Recheck": 0,
                          "Filter": "((name IS NOT NULL) AND ((name ~~ '%man%'::text) OR (name ~~ '%Man%'::text)))",
                          "Rows Removed by Filter": 0
                        }
                      ]
                    },
                    {
                      "Node Type": "Index Scan",
                      "Parent Relationship": "Inner",
                      "Parallel Aware": false,
                      "Scan Direction": "Forward",
                      "Index Name": "movie_id_movie_keyword",
                      "Relation Name": "movie_keyword",
                      "Alias": "mk",
                      "Startup Cost": 0.43,
                      "Total Cost": 1.35,
                      "Plan Rows": 46,
                      "Plan Width": 8,
                      "Actual Startup Time": 0.005,
                      "Actual Total Time": 0.017,
                      "Actual Rows": 90,
                      "Actual Loops": 18286,
                      "Index Cond": "(movie_id = t.id)",
                      "Rows Removed by Index Recheck": 0
                    }
                  ]
                },
                {
                  "Node Type": "Index Scan",
                  "Parent Relationship": "Inner",
                  "Parallel Aware": false,
                  "Scan Direction": "Forward",
                  "Index Name": "keyword_pkey",
                  "Relation Name": "keyword",
                  "Alias": "k",
                  "Startup Cost": 0.42,
                  "Total Cost": 0.45,
                  "Plan Rows": 1,
                  "Plan Width": 4,
                  "Actual Startup Time": 0.002,
                  "Actual Total Time": 0.002,
                  "Actual Rows": 0,
                  "Actual Loops": 1640944,
                  "Index Cond": "(id = mk.keyword_id)",
                  "Rows Removed by Index Recheck": 0,
                  "Filter": "(keyword = ANY ('{hero,marvel-comics,sequel,fight,marvel-comics,computer-animated-movie,violence,marvel-cinematic-universe,web,hand-to-hand-combat}'::text[]))",
                  "Rows Removed by Filter": 1
                }
              ]
            },
            {
              "Node Type": "Index Only Scan",
              "Parent Relationship": "Inner",
              "Parallel Aware": false,
              "Scan Direction": "Forward",
              "Index Name": "name_pkey",
              "Relation Name": "name",
              "Alias": "n",
              "Startup Cost": 0.43,
              "Total Cost": 0.46,
              "Plan Rows": 1,
              "Plan Width": 4,
              "Actual Startup Time": 0.007,
              "Actual Total Time": 0.007,
              "Actual Rows": 1,
              "Actual Loops": 10760,
              "Index Cond": "(id = ci.person_id)",
              "Rows Removed by Index Recheck": 0,
              "Heap Fetches": 10760
            }
          ]
        }
      ]
    },
    "Planning Time": 101.901,
    "Triggers": [],
    "Execution Time": 6422.417
  }
]