[
  {
    "Plan": {
      "Node Type": "Aggregate",
      "Strategy": "Plain",
      "Partial Mode": "Finalize",
      "Parallel Aware": false,
      "Startup Cost": 160639.69,
      "Total Cost": 160639.7,
      "Plan Rows": 1,
      "Plan Width": 8,
      "Actual Startup Time": 127.745,
      "Actual Total Time": 146.757,
      "Actual Rows": 1,
      "Actual Loops": 1,
      "Plans": [
        {
          "Node Type": "Gather",
          "Parent Relationship": "Outer",
          "Parallel Aware": false,
          "Startup Cost": 160639.27,
          "Total Cost": 160639.68,
          "Plan Rows": 4,
          "Plan Width": 8,
          "Actual Startup Time": 127.602,
          "Actual Total Time": 146.749,
          "Actual Rows": 5,
          "Actual Loops": 1,
          "Workers Planned": 4,
          "Workers Launched": 4,
          "Single Copy": false,
          "Plans": [
            {
              "Node Type": "Aggregate",
              "Strategy": "Plain",
              "Partial Mode": "Partial",
              "Parent Relationship": "Outer",
              "Parallel Aware": false,
              "Startup Cost": 159639.27,
              "Total Cost": 159639.28,
              "Plan Rows": 1,
              "Plan Width": 8,
              "Actual Startup Time": 117.6,
              "Actual Total Time": 117.601,
              "Actual Rows": 1,
              "Actual Loops": 5,
              "Plans": [
                {
                  "Node Type": "Nested Loop",
                  "Parent Relationship": "Outer",
                  "Parallel Aware": false,
                  "Join Type": "Inner",
                  "Startup Cost": 0.43,
                  "Total Cost": 159637.75,
                  "Plan Rows": 608,
                  "Plan Width": 0,
                  "Actual Startup Time": 62.689,
                  "Actual Total Time": 117.478,
                  "Actual Rows": 1120,
                  "Actual Loops": 5,
                  "Inner Unique": false,
                  "Plans": [
                    {
                      "Node Type": "Seq Scan",
                      "Parent Relationship": "Outer",
                      "Parallel Aware": true,
                      "Relation Name": "title",
                      "Alias": "t",
                      "Startup Cost": 0.0,
                      "Total Cost": 45479.1,
                      "Plan Rows": 1000,
                      "Plan Width": 4,
                      "Actual Startup Time": 62.488,
                      "Actual Total Time": 85.901,
                      "Actual Rows": 873,
                      "Actual Loops": 5,
                      "Filter": "((kind_id < 2) AND (production_year = 1976))",
                      "Rows Removed by Filter": 504789
                    },
                    {
                      "Node Type": "Index Scan",
                      "Parent Relationship": "Inner",
                      "Parallel Aware": false,
                      "Scan Direction": "Forward",
                      "Index Name": "movie_id_movie_info",
                      "Relation Name": "movie_info",
                      "Alias": "mi",
                      "Startup Cost": 0.43,
                      "Total Cost": 114.12,
                      "Plan Rows": 4,
                      "Plan Width": 4,
                      "Actual Startup Time": 0.035,
                      "Actual Total Time": 0.036,
                      "Actual Rows": 1,
                      "Actual Loops": 4367,
                      "Index Cond": "(movie_id = t.id)",
                      "Rows Removed by Index Recheck": 0,
                      "Filter": "(info_type_id = 3)",
                      "Rows Removed by Filter": 10
                    }
                  ]
                }
              ]
            }
          ]
        }
      ]
    },
    "Planning Time": 0.701,
    "Triggers": [],
    "Execution Time": 146.831
  }
]