[
  {
    "Plan": {
      "Node Type": "Aggregate",
      "Strategy": "Plain",
      "Partial Mode": "Simple",
      "Parallel Aware": false,
      "Startup Cost": 22867.34,
      "Total Cost": 22867.35,
      "Plan Rows": 1,
      "Plan Width": 8,
      "Actual Startup Time": 47.651,
      "Actual Total Time": 47.653,
      "Actual Rows": 1,
      "Actual Loops": 1,
      "Plans": [
        {
          "Node Type": "Bitmap Heap Scan",
          "Parent Relationship": "Outer",
          "Parallel Aware": false,
          "Relation Name": "movie_companies",
          "Alias": "mc",
          "Startup Cost": 2409.93,
          "Total Cost": 22589.44,
          "Plan Rows": 111161,
          "Plan Width": 0,
          "Actual Startup Time": 15.705,
          "Actual Total Time": 39.729,
          "Actual Rows": 105909,
          "Actual Loops": 1,
          "Recheck Cond": "(company_id > 154162)",
          "Rows Removed by Index Recheck": 0,
          "Exact Heap Blocks": 3260,
          "Lossy Heap Blocks": 0,
          "Plans": [
            {
              "Node Type": "Bitmap Index Scan",
              "Parent Relationship": "Outer",
              "Parallel Aware": false,
              "Index Name": "company_id_movie_companies",
              "Startup Cost": 0.0,
              "Total Cost": 2382.14,
              "Plan Rows": 111161,
              "Plan Width": 0,
              "Actual Startup Time": 14.754,
              "Actual Total Time": 14.754,
              "Actual Rows": 105909,
              "Actual Loops": 1,
              "Index Cond": "(company_id > 154162)"
            }
          ]
        }
      ]
    },
    "Planning Time": 0.181,
    "Triggers": [],
    "Execution Time": 47.711
  }
]