[
  {
    "Plan": {
      "Node Type": "Aggregate",
      "Strategy": "Plain",
      "Partial Mode": "Finalize",
      "Parallel Aware": false,
      "Startup Cost": 74247.6,
      "Total Cost": 74247.61,
      "Plan Rows": 1,
      "Plan Width": 8,
      "Actual Startup Time": 270.368,
      "Actual Total Time": 287.027,
      "Actual Rows": 1,
      "Actual Loops": 1,
      "Plans": [
        {
          "Node Type": "Gather",
          "Parent Relationship": "Outer",
          "Parallel Aware": false,
          "Startup Cost": 74247.29,
          "Total Cost": 74247.6,
          "Plan Rows": 3,
          "Plan Width": 8,
          "Actual Startup Time": 267.108,
          "Actual Total Time": 287.019,
          "Actual Rows": 4,
          "Actual Loops": 1,
          "Workers Planned": 3,
          "Workers Launched": 3,
          "Single Copy": false,
          "Plans": [
            {
              "Node Type": "Aggregate",
              "Strategy": "Plain",
              "Partial Mode": "Partial",
              "Parent Relationship": "Outer",
              "Parallel Aware": false,
              "Startup Cost": 73247.29,
              "Total Cost": 73247.3,
              "Plan Rows": 1,
              "Plan Width": 8,
              "Actual Startup Time": 260.068,
              "Actual Total Time": 260.071,
              "Actual Rows": 1,
              "Actual Loops": 4,
              "Plans": [
                {
                  "Node Type": "Hash Join",
                  "Parent Relationship": "Outer",
                  "Parallel Aware": true,
                  "Join Type": "Inner",
                  "Startup Cost": 48437.49,
                  "Total Cost": 73225.73,
                  "Plan Rows": 8622,
                  "Plan Width": 0,
                  "Actual Startup Time": 213.237,
                  "Actual Total Time": 259.103,
                  "Actual Rows": 13864,
                  "Actual Loops": 4,
                  "Inner Unique": true,
                  "Hash Cond": "(mk.movie_id = t.id)",
                  "Plans": [
                    {
                      "Node Type": "Bitmap Heap Scan",
                      "Parent Relationship": "Outer",
                      "Parallel Aware": true,
                      "Relation Name": "movie_keyword",
                      "Alias": "mk",
                      "Startup Cost": 1455.35,
                      "Total Cost": 26185.58,
                      "Plan Rows": 22098,
                      "Plan Width": 4,
                      "Actual Startup Time": 8.317,
                      "Actual Total Time": 41.753,
                      "Actual Rows": 17202,
                      "Actual Loops": 4,
                      "Recheck Cond": "(keyword_id < 59)",
                      "Rows Removed by Index Recheck": 0,
                      "Exact Heap Blocks": 7494,
                      "Lossy Heap Blocks": 0,
                      "Plans": [
                        {
                          "Node Type": "Bitmap Index Scan",
                          "Parent Relationship": "Outer",
                          "Parallel Aware": false,
                          "Index Name": "keyword_id_movie_keyword",
                          "Startup Cost": 0.0,
                          "Total Cost": 1438.22,
                          "Plan Rows": 68505,
                          "Plan Width": 0,
                          "Actual Startup Time": 5.528,
                          "Actual Total Time": 5.529,
                          "Actual Rows": 68809,
                          "Actual Loops": 1,
                          "Index Cond": "(keyword_id < 59)"
                        }
                      ]
                    },
                    {
                      "Node Type": "Hash",
                      "Parent Relationship": "Inner",
                      "Parallel Aware": true,
                      "Startup Cost": 43899.32,
                      "Total Cost": 43899.32,
                      "Plan Rows": 246626,
                      "Plan Width": 4,
                      "Actual Startup Time": 201.582,
                      "Actual Total Time": 201.583,
                      "Actual Rows": 246262,
                      "Actual Loops": 4,
                      "Hash Buckets": 1048576,
                      "Original Hash Buckets": 1048576,
                      "Hash Batches": 1,
                      "Original Hash Batches": 1,
                      "Peak Memory Usage": 46816,
                      "Plans": [
                        {
                          "Node Type": "Seq Scan",
                          "Parent Relationship": "Outer",
                          "Parallel Aware": true,
                          "Relation Name": "title",
                          "Alias": "t",
                          "Startup Cost": 0.0,
                          "Total Cost": 43899.32,
                          "Plan Rows": 246626,
                          "Plan Width": 4,
                          "Actual Startup Time": 0.031,
                          "Actual Total Time": 109.446,
                          "Actual Rows": 246262,
                          "Actual Loops": 4,
                          "Filter": "(kind_id < 7)",
                          "Rows Removed by Filter": 385816
                        }
                      ]
                    }
                  ]
                }
              ]
            }
          ]
        }
      ]
    },
    "Planning Time": 0.409,
    "Triggers": [],
    "Execution Time": 287.084
  }
]