[
  {
    "Plan": {
      "Node Type": "Aggregate",
      "Strategy": "Plain",
      "Partial Mode": "Finalize",
      "Parallel Aware": false,
      "Startup Cost": 74255.23,
      "Total Cost": 74255.24,
      "Plan Rows": 1,
      "Plan Width": 8,
      "Actual Startup Time": 285.334,
      "Actual Total Time": 302.435,
      "Actual Rows": 1,
      "Actual Loops": 1,
      "Plans": [
        {
          "Node Type": "Gather",
          "Parent Relationship": "Outer",
          "Parallel Aware": false,
          "Startup Cost": 74254.91,
          "Total Cost": 74255.22,
          "Plan Rows": 3,
          "Plan Width": 8,
          "Actual Startup Time": 281.247,
          "Actual Total Time": 302.423,
          "Actual Rows": 4,
          "Actual Loops": 1,
          "Workers Planned": 3,
          "Workers Launched": 3,
          "Single Copy": false,
          "Plans": [
            {
              "Node Type": "Aggregate",
              "Strategy": "Plain",
              "Partial Mode": "Partial",
              "Parent Relationship": "Outer",
              "Parallel Aware": false,
              "Startup Cost": 73254.91,
              "Total Cost": 73254.92,
              "Plan Rows": 1,
              "Plan Width": 8,
              "Actual Startup Time": 272.262,
              "Actual Total Time": 272.266,
              "Actual Rows": 1,
              "Actual Loops": 4,
              "Plans": [
                {
                  "Node Type": "Hash Join",
                  "Parent Relationship": "Outer",
                  "Parallel Aware": true,
                  "Join Type": "Inner",
                  "Startup Cost": 48446.4,
                  "Total Cost": 73233.33,
                  "Plan Rows": 8632,
                  "Plan Width": 0,
                  "Actual Startup Time": 227.41,
                  "Actual Total Time": 271.147,
                  "Actual Rows": 13864,
                  "Actual Loops": 4,
                  "Inner Unique": true,
                  "Hash Cond": "(mk.movie_id = t.id)",
                  "Plans": [
                    {
                      "Node Type": "Bitmap Heap Scan",
                      "Parent Relationship": "Outer",
                      "Parallel Aware": true,
                      "Relation Name": "movie_keyword",
                      "Alias": "mk",
                      "Startup Cost": 1449.27,
                      "Total Cost": 26178.42,
                      "Plan Rows": 22012,
                      "Plan Width": 4,
                      "Actual Startup Time": 11.837,
                      "Actual Total Time": 43.198,
                      "Actual Rows": 17202,
                      "Actual Loops": 4,
                      "Recheck Cond": "(keyword_id < 59)",
                      "Rows Removed by Index Recheck": 0,
                      "Exact Heap Blocks": 6980,
                      "Lossy Heap Blocks": 0,
                      "Plans": [
                        {
                          "Node Type": "Bitmap Index Scan",
                          "Parent Relationship": "Outer",
                          "Parallel Aware": false,
                          "Index Name": "keyword_id_movie_keyword",
                          "Startup Cost": 0.0,
                          "Total Cost": 1432.21,
                          "Plan Rows": 68237,
                          "Plan Width": 0,
                          "Actual Startup Time": 7.301,
                          "Actual Total Time": 7.302,
                          "Actual Rows": 68809,
                          "Actual Loops": 1,
                          "Index Cond": "(keyword_id < 59)"
                        }
                      ]
                    },
                    {
                      "Node Type": "Hash",
                      "Parent Relationship": "Inner",
                      "Parallel Aware": true,
                      "Startup Cost": 43898.92,
                      "Total Cost": 43898.92,
                      "Plan Rows": 247857,
                      "Plan Width": 4,
                      "Actual Startup Time": 210.498,
                      "Actual Total Time": 210.499,
                      "Actual Rows": 246262,
                      "Actual Loops": 4,
                      "Hash Buckets": 1048576,
                      "Original Hash Buckets": 1048576,
                      "Hash Batches": 1,
                      "Original Hash Batches": 1,
                      "Peak Memory Usage": 46752,
                      "Plans": [
                        {
                          "Node Type": "Seq Scan",
                          "Parent Relationship": "Outer",
                          "Parallel Aware": true,
                          "Relation Name": "title",
                          "Alias": "t",
                          "Startup Cost": 0.0,
                          "Total Cost": 43898.92,
                          "Plan Rows": 247857,
                          "Plan Width": 4,
                          "Actual Startup Time": 0.04,
                          "Actual Total Time": 115.717,
                          "Actual Rows": 246262,
                          "Actual Loops": 4,
                          "Filter": "(kind_id < 7)",
                          "Rows Removed by Filter": 385816
                        }
                      ]
                    }
                  ]
                }
              ]
            }
          ]
        }
      ]
    },
    "Planning Time": 0.625,
    "Triggers": [],
    "Execution Time": 302.533
  }
]