{
  "Plan": {
    "Node Type": "Aggregate",
    "Strategy": "Plain",
    "Partial Mode": "Finalize",
    "Parallel Aware": false,
    "Startup Cost": 798460.76,
    "Total Cost": 798460.77,
    "Plan Rows": 1,
    "Plan Width": 8,
    "Actual Startup Time": 5287.153,
    "Actual Total Time": 5344.9,
    "Actual Rows": 1,
    "Actual Loops": 1,
    "Plans": [
      {
        "Node Type": "Gather",
        "Parent Relationship": "Outer",
        "Parallel Aware": false,
        "Startup Cost": 798460.64,
        "Total Cost": 798460.75,
        "Plan Rows": 1,
        "Plan Width": 8,
        "Actual Startup Time": 5269.918,
        "Actual Total Time": 5344.892,
        "Actual Rows": 2,
        "Actual Loops": 1,
        "Workers Planned": 1,
        "Workers Launched": 1,
        "Single Copy": false,
        "Plans": [
          {
            "Node Type": "Aggregate",
            "Strategy": "Plain",
            "Partial Mode": "Partial",
            "Parent Relationship": "Outer",
            "Parallel Aware": false,
            "Startup Cost": 797460.64,
            "Total Cost": 797460.65,
            "Plan Rows": 1,
            "Plan Width": 8,
            "Actual Startup Time": 5264.071,
            "Actual Total Time": 5264.076,
            "Actual Rows": 1,
            "Actual Loops": 2,
            "Plans": [
              {
                "Node Type": "Merge Join",
                "Parent Relationship": "Outer",
                "Parallel Aware": false,
                "Join Type": "Inner",
                "Startup Cost": 640401.89,
                "Total Cost": 794577.34,
                "Plan Rows": 1153323,
                "Plan Width": 0,
                "Actual Startup Time": 3821.003,
                "Actual Total Time": 5056.288,
                "Actual Rows": 5425466,
                "Actual Loops": 2,
                "Inner Unique": false,
                "Merge Cond": "(mc.movie_id = t.id)",
                "Plans": [
                  {
                    "Node Type": "Index Only Scan",
                    "Parent Relationship": "Outer",
                    "Parallel Aware": true,
                    "Scan Direction": "Forward",
                    "Index Name": "movie_id_movie_companies",
                    "Relation Name": "movie_companies",
                    "Alias": "mc",
                    "Startup Cost": 0.43,
                    "Total Cost": 129315.97,
                    "Plan Rows": 1534782,
                    "Plan Width": 4,
                    "Actual Startup Time": 0.095,
                    "Actual Total Time": 324.147,
                    "Actual Rows": 1304564,
                    "Actual Loops": 2,
                    "Heap Fetches": 2609129
                  },
                  {
                    "Node Type": "Sort",
                    "Parent Relationship": "Inner",
                    "Parallel Aware": false,
                    "Startup Cost": 640401.27,
                    "Total Cost": 645151.03,
                    "Plan Rows": 1899904,
                    "Plan Width": 8,
                    "Actual Startup Time": 3820.864,
                    "Actual Total Time": 4082.946,
                    "Actual Rows": 7393188,
                    "Actual Loops": 2,
                    "Sort Key": [
                      "mi.movie_id"
                    ],
                    "Sort Method": "quicksort",
                    "Sort Space Used": 245909,
                    "Sort Space Type": "Memory",
                    "Workers": [
                      {
                        "Worker Number": 0,
                        "Sort Method": "quicksort",
                        "Sort Space Used": 245909,
                        "Sort Space Type": "Memory"
                      }
                    ],
                    "Plans": [
                      {
                        "Node Type": "Hash Join",
                        "Parent Relationship": "Outer",
                        "Parallel Aware": false,
                        "Join Type": "Inner",
                        "Startup Cost": 76652.19,
                        "Total Cost": 442265.08,
                        "Plan Rows": 1899904,
                        "Plan Width": 8,
                        "Actual Startup Time": 349.367,
                        "Actual Total Time": 3133.469,
                        "Actual Rows": 3148890,
                        "Actual Loops": 2,
                        "Inner Unique": true,
                        "Hash Cond": "(mi.movie_id = t.id)",
                        "Plans": [
                          {
                            "Node Type": "Seq Scan",
                            "Parent Relationship": "Outer",
                            "Parallel Aware": false,
                            "Relation Name": "movie_info",
                            "Alias": "mi",
                            "Startup Cost": 0.0,
                            "Total Cost": 346788.81,
                            "Plan Rows": 7171063,
                            "Plan Width": 4,
                            "Actual Startup Time": 0.053,
                            "Actual Total Time": 1227.546,
                            "Actual Rows": 7286865,
                            "Actual Loops": 2,
                            "Filter": "(info_type_id < 8)",
                            "Rows Removed by Filter": 7548855
                          },
                          {
                            "Node Type": "Hash",
                            "Parent Relationship": "Inner",
                            "Parallel Aware": false,
                            "Startup Cost": 68279.1,
                            "Total Cost": 68279.1,
                            "Plan Rows": 669847,
                            "Plan Width": 4,
                            "Actual Startup Time": 340.972,
                            "Actual Total Time": 340.974,
                            "Actual Rows": 568150,
                            "Actual Loops": 2,
                            "Hash Buckets": 1048576,
                            "Original Hash Buckets": 1048576,
                            "Hash Batches": 1,
                            "Original Hash Batches": 1,
                            "Peak Memory Usage": 28167,
                            "Plans": [
                              {
                                "Node Type": "Bitmap Heap Scan",
                                "Parent Relationship": "Outer",
                                "Parallel Aware": false,
                                "Relation Name": "title",
                                "Alias": "t",
                                "Startup Cost": 17605.63,
                                "Total Cost": 68279.1,
                                "Plan Rows": 669847,
                                "Plan Width": 4,
                                "Actual Startup Time": 52.988,
                                "Actual Total Time": 221.412,
                                "Actual Rows": 568150,
                                "Actual Loops": 2,
                                "Recheck Cond": "(kind_id < 6)",
                                "Rows Removed by Index Recheck": 0,
                                "Filter": "(production_year > 1991)",
                                "Rows Removed by Filter": 404298,
                                "Exact Heap Blocks": 35472,
                                "Lossy Heap Blocks": 0,
                                "Plans": [
                                  {
                                    "Node Type": "Bitmap Index Scan",
                                    "Parent Relationship": "Outer",
                                    "Parallel Aware": false,
                                    "Index Name": "kind_id_title",
                                    "Startup Cost": 0.0,
                                    "Total Cost": 17438.17,
                                    "Plan Rows": 978365,
                                    "Plan Width": 0,
                                    "Actual Startup Time": 48.083,
                                    "Actual Total Time": 48.084,
                                    "Actual Rows": 972448,
                                    "Actual Loops": 2,
                                    "Index Cond": "(kind_id < 6)"
                                  }
                                ]
                              }
                            ]
                          }
                        ]
                      }
                    ]
                  }
                ]
              }
            ]
          }
        ]
      }
    ]
  },
  "Planning Time": 1.047,
  "Triggers": [],
  "Execution Time": 5371.824
}