[
  {
    "Plan": {
      "Node Type": "Aggregate",
      "Strategy": "Plain",
      "Partial Mode": "Finalize",
      "Parallel Aware": false,
      "Startup Cost": 339963.2,
      "Total Cost": 339963.21,
      "Plan Rows": 1,
      "Plan Width": 8,
      "Actual Startup Time": 404.371,
      "Actual Total Time": 427.164,
      "Actual Rows": 1,
      "Actual Loops": 1,
      "Plans": [
        {
          "Node Type": "Gather",
          "Parent Relationship": "Outer",
          "Parallel Aware": false,
          "Startup Cost": 339962.57,
          "Total Cost": 339963.18,
          "Plan Rows": 6,
          "Plan Width": 8,
          "Actual Startup Time": 404.194,
          "Actual Total Time": 427.156,
          "Actual Rows": 7,
          "Actual Loops": 1,
          "Workers Planned": 6,
          "Workers Launched": 6,
          "Single Copy": false,
          "Plans": [
            {
              "Node Type": "Aggregate",
              "Strategy": "Plain",
              "Partial Mode": "Partial",
              "Parent Relationship": "Outer",
              "Parallel Aware": false,
              "Startup Cost": 338962.57,
              "Total Cost": 338962.58,
              "Plan Rows": 1,
              "Plan Width": 8,
              "Actual Startup Time": 394.312,
              "Actual Total Time": 394.313,
              "Actual Rows": 1,
              "Actual Loops": 7,
              "Plans": [
                {
                  "Node Type": "Index Scan",
                  "Parent Relationship": "Outer",
                  "Parallel Aware": true,
                  "Scan Direction": "Forward",
                  "Index Name": "role_id_cast_info",
                  "Relation Name": "cast_info",
                  "Alias": "ci",
                  "Startup Cost": 0.56,
                  "Total Cost": 335235.55,
                  "Plan Rows": 1490810,
                  "Plan Width": 0,
                  "Actual Startup Time": 213.076,
                  "Actual Total Time": 362.65,
                  "Actual Rows": 750169,
                  "Actual Loops": 7,
                  "Index Cond": "(role_id < 2)",
                  "Rows Removed by Index Recheck": 0,
                  "Filter": "(person_id > 1013295)",
                  "Rows Removed by Filter": 1059929
                }
              ]
            }
          ]
        }
      ]
    },
    "Planning Time": 0.229,
    "Triggers": [],
    "Execution Time": 427.23
  }
]