[
  {
    "Plan": {
      "Node Type": "Aggregate",
      "Strategy": "Plain",
      "Partial Mode": "Finalize",
      "Parallel Aware": false,
      "Startup Cost": 274530.56,
      "Total Cost": 274530.57,
      "Plan Rows": 1,
      "Plan Width": 8,
      "Actual Startup Time": 1058.09,
      "Actual Total Time": 1111.041,
      "Actual Rows": 1,
      "Actual Loops": 1,
      "Plans": [
        {
          "Node Type": "Gather",
          "Parent Relationship": "Outer",
          "Parallel Aware": false,
          "Startup Cost": 274530.04,
          "Total Cost": 274530.55,
          "Plan Rows": 5,
          "Plan Width": 8,
          "Actual Startup Time": 1045.458,
          "Actual Total Time": 1111.029,
          "Actual Rows": 6,
          "Actual Loops": 1,
          "Workers Planned": 5,
          "Workers Launched": 5,
          "Single Copy": false,
          "Plans": [
            {
              "Node Type": "Aggregate",
              "Strategy": "Plain",
              "Partial Mode": "Partial",
              "Parent Relationship": "Outer",
              "Parallel Aware": false,
              "Startup Cost": 273530.04,
              "Total Cost": 273530.05,
              "Plan Rows": 1,
              "Plan Width": 8,
              "Actual Startup Time": 1036.511,
              "Actual Total Time": 1036.605,
              "Actual Rows": 1,
              "Actual Loops": 6,
              "Plans": [
                {
                  "Node Type": "Hash Join",
                  "Parent Relationship": "Outer",
                  "Parallel Aware": true,
                  "Join Type": "Inner",
                  "Startup Cost": 66522.61,
                  "Total Cost": 271959.66,
                  "Plan Rows": 628151,
                  "Plan Width": 0,
                  "Actual Startup Time": 319.344,
                  "Actual Total Time": 1008.651,
                  "Actual Rows": 569258,
                  "Actual Loops": 6,
                  "Inner Unique": false,
                  "Hash Cond": "(mi.movie_id = t.id)",
                  "Plans": [
                    {
                      "Node Type": "Seq Scan",
                      "Parent Relationship": "Outer",
                      "Parallel Aware": true,
                      "Relation Name": "movie_info",
                      "Alias": "mi",
                      "Startup Cost": 0.0,
                      "Total Cost": 191685.19,
                      "Plan Rows": 2969219,
                      "Plan Width": 4,
                      "Actual Startup Time": 0.032,
                      "Actual Total Time": 311.868,
                      "Actual Rows": 2472620,
                      "Actual Loops": 6
                    },
                    {
                      "Node Type": "Hash",
                      "Parent Relationship": "Inner",
                      "Parallel Aware": true,
                      "Startup Cost": 63736.68,
                      "Total Cost": 63736.68,
                      "Plan Rows": 222874,
                      "Plan Width": 8,
                      "Actual Startup Time": 314.899,
                      "Actual Total Time": 314.991,
                      "Actual Rows": 63356,
                      "Actual Loops": 6,
                      "Hash Buckets": 1048576,
                      "Original Hash Buckets": 1048576,
                      "Hash Batches": 1,
                      "Original Hash Batches": 1,
                      "Peak Memory Usage": 23168,
                      "Plans": [
                        {
                          "Node Type": "Hash Join",
                          "Parent Relationship": "Outer",
                          "Parallel Aware": true,
                          "Join Type": "Inner",
                          "Startup Cost": 48542.12,
                          "Total Cost": 63736.68,
                          "Plan Rows": 222874,
                          "Plan Width": 8,
                          "Actual Startup Time": 209.165,
                          "Actual Total Time": 285.098,
                          "Actual Rows": 63356,
                          "Actual Loops": 6,
                          "Inner Unique": true,
                          "Hash Cond": "(mi_idx.movie_id = t.id)",
                          "Plans": [
                            {
                              "Node Type": "Seq Scan",
                              "Parent Relationship": "Outer",
                              "Parallel Aware": true,
                              "Relation Name": "movie_info_idx",
                              "Alias": "mi_idx",
                              "Startup Cost": 0.0,
                              "Total Cost": 13685.15,
                              "Plan Rows": 575015,
                              "Plan Width": 4,
                              "Actual Startup Time": 0.013,
                              "Actual Total Time": 27.003,
                              "Actual Rows": 230006,
                              "Actual Loops": 6
                            },
                            {
                              "Node Type": "Hash",
                              "Parent Relationship": "Inner",
                              "Parallel Aware": true,
                              "Startup Cost": 45479.59,
                              "Total Cost": 45479.59,
                              "Plan Rows": 245003,
                              "Plan Width": 4,
                              "Actual Startup Time": 207.846,
                              "Actual Total Time": 207.848,
                              "Actual Rows": 176265,
                              "Actual Loops": 6,
                              "Hash Buckets": 2097152,
                              "Original Hash Buckets": 1048576,
                              "Hash Batches": 1,
                              "Original Hash Batches": 1,
                              "Peak Memory Usage": 66016,
                              "Plans": [
                                {
                                  "Node Type": "Seq Scan",
                                  "Parent Relationship": "Outer",
                                  "Parallel Aware": true,
                                  "Relation Name": "title",
                                  "Alias": "t",
                                  "Startup Cost": 0.0,
                                  "Total Cost": 45479.59,
                                  "Plan Rows": 245003,
                                  "Plan Width": 4,
                                  "Actual Startup Time": 0.043,
                                  "Actual Total Time": 95.071,
                                  "Actual Rows": 176265,
                                  "Actual Loops": 6,
                                  "Filter": "((kind_id > 1) AND (production_year > 2001))",
                                  "Rows Removed by Filter": 245121
                                }
                              ]
                            }
                          ]
                        }
                      ]
                    }
                  ]
                }
              ]
            }
          ]
        }
      ]
    },
    "Planning Time": 0.476,
    "Triggers": [],
    "Execution Time": 1111.095
  }
]