{
  "Plan": {
    "Node Type": "Aggregate",
    "Strategy": "Plain",
    "Partial Mode": "Finalize",
    "Parallel Aware": false,
    "Startup Cost": 442639.16,
    "Total Cost": 442639.17,
    "Plan Rows": 1,
    "Plan Width": 8,
    "Actual Startup Time": 1419.717,
    "Actual Total Time": 1451.415,
    "Actual Rows": 1,
    "Actual Loops": 1,
    "Plans": [
      {
        "Node Type": "Gather",
        "Parent Relationship": "Outer",
        "Parallel Aware": false,
        "Startup Cost": 442639.05,
        "Total Cost": 442639.16,
        "Plan Rows": 1,
        "Plan Width": 8,
        "Actual Startup Time": 1419.494,
        "Actual Total Time": 1451.406,
        "Actual Rows": 2,
        "Actual Loops": 1,
        "Workers Planned": 1,
        "Workers Launched": 1,
        "Single Copy": false,
        "Plans": [
          {
            "Node Type": "Aggregate",
            "Strategy": "Plain",
            "Partial Mode": "Partial",
            "Parent Relationship": "Outer",
            "Parallel Aware": false,
            "Startup Cost": 441639.05,
            "Total Cost": 441639.06,
            "Plan Rows": 1,
            "Plan Width": 8,
            "Actual Startup Time": 1414.787,
            "Actual Total Time": 1414.791,
            "Actual Rows": 1,
            "Actual Loops": 2,
            "Plans": [
              {
                "Node Type": "Hash Join",
                "Parent Relationship": "Outer",
                "Parallel Aware": true,
                "Join Type": "Inner",
                "Startup Cost": 39506.82,
                "Total Cost": 441401.33,
                "Plan Rows": 95089,
                "Plan Width": 0,
                "Actual Startup Time": 57.037,
                "Actual Total Time": 1413.85,
                "Actual Rows": 12634,
                "Actual Loops": 2,
                "Inner Unique": true,
                "Hash Cond": "(ci.movie_id = t.id)",
                "Plans": [
                  {
                    "Node Type": "Index Scan",
                    "Parent Relationship": "Outer",
                    "Parallel Aware": true,
                    "Scan Direction": "Forward",
                    "Index Name": "role_id_cast_info",
                    "Relation Name": "cast_info",
                    "Alias": "ci",
                    "Startup Cost": 0.56,
                    "Total Cost": 382631.05,
                    "Plan Rows": 7338659,
                    "Plan Width": 4,
                    "Actual Startup Time": 0.055,
                    "Actual Total Time": 856.954,
                    "Actual Rows": 6335344,
                    "Actual Loops": 2,
                    "Index Cond": "(role_id = 1)",
                    "Rows Removed by Index Recheck": 0
                  },
                  {
                    "Node Type": "Hash",
                    "Parent Relationship": "Inner",
                    "Parallel Aware": true,
                    "Startup Cost": 39265.37,
                    "Total Cost": 39265.37,
                    "Plan Rows": 19271,
                    "Plan Width": 4,
                    "Actual Startup Time": 55.123,
                    "Actual Total Time": 55.125,
                    "Actual Rows": 2484,
                    "Actual Loops": 2,
                    "Hash Buckets": 32768,
                    "Original Hash Buckets": 32768,
                    "Hash Batches": 1,
                    "Original Hash Batches": 1,
                    "Peak Memory Usage": 480,
                    "Plans": [
                      {
                        "Node Type": "Bitmap Heap Scan",
                        "Parent Relationship": "Outer",
                        "Parallel Aware": true,
                        "Relation Name": "title",
                        "Alias": "t",
                        "Startup Cost": 2189.13,
                        "Total Cost": 39265.37,
                        "Plan Rows": 19271,
                        "Plan Width": 4,
                        "Actual Startup Time": 19.06,
                        "Actual Total Time": 54.165,
                        "Actual Rows": 2484,
                        "Actual Loops": 2,
                        "Recheck Cond": "(kind_id = 4)",
                        "Rows Removed by Index Recheck": 0,
                        "Filter": "(production_year < 1990)",
                        "Rows Removed by Filter": 56633,
                        "Exact Heap Blocks": 11423,
                        "Lossy Heap Blocks": 0,
                        "Plans": [
                          {
                            "Node Type": "Bitmap Index Scan",
                            "Parent Relationship": "Outer",
                            "Parallel Aware": false,
                            "Index Name": "kind_id_title",
                            "Startup Cost": 0.0,
                            "Total Cost": 2180.94,
                            "Plan Rows": 122201,
                            "Plan Width": 0,
                            "Actual Startup Time": 17.055,
                            "Actual Total Time": 17.055,
                            "Actual Rows": 118234,
                            "Actual Loops": 1,
                            "Index Cond": "(kind_id = 4)"
                          }
                        ]
                      }
                    ]
                  }
                ]
              }
            ]
          }
        ]
      }
    ]
  },
  "Planning Time": 0.546,
  "Triggers": [],
  "Execution Time": 1451.499
}