[
  {
    "Plan": {
      "Node Type": "Aggregate",
      "Strategy": "Plain",
      "Partial Mode": "Finalize",
      "Parallel Aware": false,
      "Startup Cost": 403663.69,
      "Total Cost": 403663.7,
      "Plan Rows": 1,
      "Plan Width": 8,
      "Actual Startup Time": 1832.816,
      "Actual Total Time": 1881.423,
      "Actual Rows": 1,
      "Actual Loops": 1,
      "Plans": [
        {
          "Node Type": "Gather",
          "Parent Relationship": "Outer",
          "Parallel Aware": false,
          "Startup Cost": 403663.06,
          "Total Cost": 403663.67,
          "Plan Rows": 6,
          "Plan Width": 8,
          "Actual Startup Time": 1823.745,
          "Actual Total Time": 1881.402,
          "Actual Rows": 7,
          "Actual Loops": 1,
          "Workers Planned": 6,
          "Workers Launched": 6,
          "Single Copy": false,
          "Plans": [
            {
              "Node Type": "Aggregate",
              "Strategy": "Plain",
              "Partial Mode": "Partial",
              "Parent Relationship": "Outer",
              "Parallel Aware": false,
              "Startup Cost": 402663.06,
              "Total Cost": 402663.07,
              "Plan Rows": 1,
              "Plan Width": 8,
              "Actual Startup Time": 1815.229,
              "Actual Total Time": 1815.232,
              "Actual Rows": 1,
              "Actual Loops": 7,
              "Plans": [
                {
                  "Node Type": "Hash Join",
                  "Parent Relationship": "Outer",
                  "Parallel Aware": true,
                  "Join Type": "Inner",
                  "Startup Cost": 46719.68,
                  "Total Cost": 399459.52,
                  "Plan Rows": 1281418,
                  "Plan Width": 0,
                  "Actual Startup Time": 382.238,
                  "Actual Total Time": 1754.446,
                  "Actual Rows": 1211119,
                  "Actual Loops": 7,
                  "Inner Unique": true,
                  "Hash Cond": "(ci.movie_id = t.id)",
                  "Plans": [
                    {
                      "Node Type": "Seq Scan",
                      "Parent Relationship": "Outer",
                      "Parallel Aware": true,
                      "Relation Name": "cast_info",
                      "Alias": "ci",
                      "Startup Cost": 0.0,
                      "Total Cost": 343316.27,
                      "Plan Rows": 3589924,
                      "Plan Width": 4,
                      "Actual Startup Time": 231.555,
                      "Actual Total Time": 755.181,
                      "Actual Rows": 2934144,
                      "Actual Loops": 7,
                      "Filter": "((person_id < 3500112) AND (role_id > 1))",
                      "Rows Removed by Filter": 2243619
                    },
                    {
                      "Node Type": "Hash",
                      "Parent Relationship": "Inner",
                      "Parallel Aware": true,
                      "Startup Cost": 43899.32,
                      "Total Cost": 43899.32,
                      "Plan Rows": 225629,
                      "Plan Width": 4,
                      "Actual Startup Time": 148.55,
                      "Actual Total Time": 148.55,
                      "Actual Rows": 129213,
                      "Actual Loops": 7,
                      "Hash Buckets": 1048576,
                      "Original Hash Buckets": 1048576,
                      "Hash Batches": 1,
                      "Original Hash Batches": 1,
                      "Peak Memory Usage": 43712,
                      "Plans": [
                        {
                          "Node Type": "Seq Scan",
                          "Parent Relationship": "Outer",
                          "Parallel Aware": true,
                          "Relation Name": "title",
                          "Alias": "t",
                          "Startup Cost": 0.0,
                          "Total Cost": 43899.32,
                          "Plan Rows": 225629,
                          "Plan Width": 4,
                          "Actual Startup Time": 0.033,
                          "Actual Total Time": 85.22,
                          "Actual Rows": 129213,
                          "Actual Loops": 7,
                          "Filter": "(production_year > 2006)",
                          "Rows Removed by Filter": 231974
                        }
                      ]
                    }
                  ]
                }
              ]
            }
          ]
        }
      ]
    },
    "Planning Time": 0.291,
    "Triggers": [],
    "Execution Time": 1881.477
  }
]