[
  {
    "Plan": {
      "Node Type": "Aggregate",
      "Strategy": "Plain",
      "Partial Mode": "Finalize",
      "Parallel Aware": false,
      "Startup Cost": 546592.46,
      "Total Cost": 546592.47,
      "Plan Rows": 1,
      "Plan Width": 64,
      "Actual Startup Time": 3942.573,
      "Actual Total Time": 4084.268,
      "Actual Rows": 1,
      "Actual Loops": 1,
      "Plans": [
        {
          "Node Type": "Gather",
          "Parent Relationship": "Outer",
          "Parallel Aware": false,
          "Startup Cost": 546592.13,
          "Total Cost": 546592.44,
          "Plan Rows": 3,
          "Plan Width": 64,
          "Actual Startup Time": 3937.324,
          "Actual Total Time": 4084.254,
          "Actual Rows": 4,
          "Actual Loops": 1,
          "Workers Planned": 3,
          "Workers Launched": 3,
          "Single Copy": false,
          "Plans": [
            {
              "Node Type": "Aggregate",
              "Strategy": "Plain",
              "Partial Mode": "Partial",
              "Parent Relationship": "Outer",
              "Parallel Aware": false,
              "Startup Cost": 545592.13,
              "Total Cost": 545592.14,
              "Plan Rows": 1,
              "Plan Width": 64,
              "Actual Startup Time": 3925.877,
              "Actual Total Time": 3925.896,
              "Actual Rows": 1,
              "Actual Loops": 4,
              "Plans": [
                {
                  "Node Type": "Hash Join",
                  "Parent Relationship": "Outer",
                  "Parallel Aware": true,
                  "Join Type": "Inner",
                  "Startup Cost": 530197.74,
                  "Total Cost": 545591.66,
                  "Plan Rows": 95,
                  "Plan Width": 33,
                  "Actual Startup Time": 3814.739,
                  "Actual Total Time": 3916.654,
                  "Actual Rows": 90957,
                  "Actual Loops": 4,
                  "Inner Unique": false,
                  "Hash Cond": "(an.person_id = n.id)",
                  "Plans": [
                    {
                      "Node Type": "Seq Scan",
                      "Parent Relationship": "Outer",
                      "Parallel Aware": true,
                      "Relation Name": "aka_name",
                      "Alias": "an",
                      "Startup Cost": 0.0,
                      "Total Cost": 14303.56,
                      "Plan Rows": 290756,
                      "Plan Width": 20,
                      "Actual Startup Time": 0.032,
                      "Actual Total Time": 39.849,
                      "Actual Rows": 225336,
                      "Actual Loops": 4
                    },
                    {
                      "Node Type": "Hash",
                      "Parent Relationship": "Inner",
                      "Parallel Aware": true,
                      "Startup Cost": 530197.34,
                      "Total Cost": 530197.34,
                      "Plan Rows": 32,
                      "Plan Width": 25,
                      "Actual Startup Time": 3812.893,
                      "Actual Total Time": 3812.911,
                      "Actual Rows": 97408,
                      "Actual Loops": 4,
                      "Hash Buckets": 524288,
                      "Original Hash Buckets": 1024,
                      "Hash Batches": 1,
                      "Original Hash Batches": 1,
                      "Peak Memory Usage": 31928,
                      "Plans": [
                        {
                          "Node Type": "Hash Join",
                          "Parent Relationship": "Outer",
                          "Parallel Aware": true,
                          "Join Type": "Inner",
                          "Startup Cost": 460259.45,
                          "Total Cost": 530197.34,
                          "Plan Rows": 32,
                          "Plan Width": 25,
                          "Actual Startup Time": 3338.546,
                          "Actual Total Time": 3741.824,
                          "Actual Rows": 97408,
                          "Actual Loops": 4,
                          "Inner Unique": false,
                          "Hash Cond": "(n.id = ci.person_id)",
                          "Plans": [
                            {
                              "Node Type": "Seq Scan",
                              "Parent Relationship": "Outer",
                              "Parallel Aware": true,
                              "Relation Name": "name",
                              "Alias": "n",
                              "Startup Cost": 0.0,
                              "Total Cost": 66031.07,
                              "Plan Rows": 1041807,
                              "Plan Width": 4,
                              "Actual Startup Time": 0.018,
                              "Actual Total Time": 163.67,
                              "Actual Rows": 1041873,
                              "Actual Loops": 4
                            },
                            {
                              "Node Type": "Hash",
                              "Parent Relationship": "Inner",
                              "Parallel Aware": true,
                              "Startup Cost": 460259.19,
                              "Total Cost": 460259.19,
                              "Plan Rows": 21,
                              "Plan Width": 21,
                              "Actual Startup Time": 3338.416,
                              "Actual Total Time": 3338.431,
                              "Actual Rows": 97408,
                              "Actual Loops": 4,
                              "Hash Buckets": 524288,
                              "Original Hash Buckets": 1024,
                              "Hash Batches": 1,
                              "Original Hash Batches": 1,
                              "Peak Memory Usage": 30520,
                              "Plans": [
                                {
                                  "Node Type": "Hash Join",
                                  "Parent Relationship": "Outer",
                                  "Parallel Aware": true,
                                  "Join Type": "Inner",
                                  "Startup Cost": 124547.46,
                                  "Total Cost": 460259.19,
                                  "Plan Rows": 21,
                                  "Plan Width": 21,
                                  "Actual Startup Time": 818.022,
                                  "Actual Total Time": 3214.701,
                                  "Actual Rows": 97408,
                                  "Actual Loops": 4,
                                  "Inner Unique": false,
                                  "Hash Cond": "(ci.movie_id = t.id)",
                                  "Plans": [
                                    {
                                      "Node Type": "Seq Scan",
                                      "Parent Relationship": "Outer",
                                      "Parallel Aware": true,
                                      "Relation Name": "cast_info",
                                      "Alias": "ci",
                                      "Startup Cost": 0.0,
                                      "Total Cost": 313068.58,
                                      "Plan Rows": 6038158,
                                      "Plan Width": 8,
                                      "Actual Startup Time": 0.016,
                                      "Actual Total Time": 1209.603,
                                      "Actual Rows": 9061086,
                                      "Actual Loops": 4
                                    },
                                    {
                                      "Node Type": "Hash",
                                      "Parent Relationship": "Inner",
                                      "Parallel Aware": true,
                                      "Startup Cost": 124547.44,
                                      "Total Cost": 124547.44,
                                      "Plan Rows": 2,
                                      "Plan Width": 29,
                                      "Actual Startup Time": 817.672,
                                      "Actual Total Time": 817.685,
                                      "Actual Rows": 1966,
                                      "Actual Loops": 4,
                                      "Hash Buckets": 8192,
                                      "Original Hash Buckets": 1024,
                                      "Hash Batches": 1,
                                      "Original Hash Batches": 1,
                                      "Peak Memory Usage": 728,
                                      "Plans": [
                                        {
                                          "Node Type": "Hash Join",
                                          "Parent Relationship": "Outer",
                                          "Parallel Aware": true,
                                          "Join Type": "Inner",
                                          "Startup Cost": 79858.75,
                                          "Total Cost": 124547.44,
                                          "Plan Rows": 2,
                                          "Plan Width": 29,
                                          "Actual Startup Time": 589.871,
                                          "Actual Total Time": 787.072,
                                          "Actual Rows": 1966,
                                          "Actual Loops": 4,
                                          "Inner Unique": false,
                                          "Hash Cond": "(t.id = mk.movie_id)",
                                          "Plans": [
                                            {
                                              "Node Type": "Seq Scan",
                                              "Parent Relationship": "Outer",
                                              "Parallel Aware": true,
                                              "Relation Name": "title",
                                              "Alias": "t",
                                              "Startup Cost": 0.0,
                                              "Total Cost": 42318.49,
                                              "Plan Rows": 632049,
                                              "Plan Width": 21,
                                              "Actual Startup Time": 0.025,
                                              "Actual Total Time": 114.015,
                                              "Actual Rows": 632078,
                                              "Actual Loops": 4
                                            },
                                            {
                                              "Node Type": "Hash",
                                              "Parent Relationship": "Inner",
                                              "Parallel Aware": true,
                                              "Startup Cost": 79858.71,
                                              "Total Cost": 79858.71,
                                              "Plan Rows": 3,
                                              "Plan Width": 8,
                                              "Actual Startup Time": 587.586,
                                              "Actual Total Time": 587.596,
                                              "Actual Rows": 1966,
                                              "Actual Loops": 4,
                                              "Hash Buckets": 8192,
                                              "Original Hash Buckets": 1024,
                                              "Hash Batches": 1,
                                              "Original Hash Batches": 1,
                                              "Peak Memory Usage": 536,
                                              "Plans": [
                                                {
                                                  "Node Type": "Hash Join",
                                                  "Parent Relationship": "Outer",
                                                  "Parallel Aware": true,
                                                  "Join Type": "Inner",
                                                  "Startup Cost": 50303.59,
                                                  "Total Cost": 79858.71,
                                                  "Plan Rows": 3,
                                                  "Plan Width": 8,
                                                  "Actual Startup Time": 351.301,
                                                  "Actual Total Time": 536.619,
                                                  "Actual Rows": 1966,
                                                  "Actual Loops": 4,
                                                  "Inner Unique": false,
                                                  "Hash Cond": "(mc.movie_id = mk.movie_id)",
                                                  "Plans": [
                                                    {
                                                      "Node Type": "Hash Join",
                                                      "Parent Relationship": "Outer",
                                                      "Parallel Aware": true,
                                                      "Join Type": "Inner",
                                                      "Startup Cost": 4799.12,
                                                      "Total Cost": 34215.05,
                                                      "Plan Rows": 37116,
                                                      "Plan Width": 4,
                                                      "Actual Startup Time": 16.847,
                                                      "Actual Total Time": 195.157,
                                                      "Actual Rows": 31094,
                                                      "Actual Loops": 4,
                                                      "Inner Unique": true,
                                                      "Hash Cond": "(mc.company_id = cn.id)",
                                                      "Plans": [
                                                        {
                                                          "Node Type": "Seq Scan",
                                                          "Parent Relationship": "Outer",
                                                          "Parallel Aware": true,
                                                          "Relation Name": "movie_companies",
                                                          "Alias": "mc",
                                                          "Startup Cost": 0.0,
                                                          "Total Cost": 27206.55,
                                                          "Plan Rows": 841655,
                                                          "Plan Width": 8,
                                                          "Actual Startup Time": 0.014,
                                                          "Actual Total Time": 91.309,
                                                          "Actual Rows": 652282,
                                                          "Actual Loops": 4
                                                        },
                                                        {
                                                          "Node Type": "Hash",
                                                          "Parent Relationship": "Inner",
                                                          "Parallel Aware": true,
                                                          "Startup Cost": 4722.92,
                                                          "Total Cost": 4722.92,
                                                          "Plan Rows": 6096,
                                                          "Plan Width": 4,
                                                          "Actual Startup Time": 16.584,
                                                          "Actual Total Time": 16.585,
                                                          "Actual Rows": 2598,
                                                          "Actual Loops": 4,
                                                          "Hash Buckets": 16384,
                                                          "Original Hash Buckets": 16384,
                                                          "Hash Batches": 1,
                                                          "Original Hash Batches": 1,
                                                          "Peak Memory Usage": 576,
                                                          "Plans": [
                                                            {
                                                              "Node Type": "Seq Scan",
                                                              "Parent Relationship": "Outer",
                                                              "Parallel Aware": true,
                                                              "Relation Name": "company_name",
                                                              "Alias": "cn",
                                                              "Startup Cost": 0.0,
                                                              "Total Cost": 4722.92,
                                                              "Plan Rows": 6096,
                                                              "Plan Width": 4,
                                                              "Actual Startup Time": 0.041,
                                                              "Actual Total Time": 14.882,
                                                              "Actual Rows": 2598,
                                                              "Actual Loops": 4,
                                                              "Filter": "((country_code)::text = '[fr]'::text)",
                                                              "Rows Removed by Filter": 56151
                                                            }
                                                          ]
                                                        }
                                                      ]
                                                    },
                                                    {
                                                      "Node Type": "Hash",
                                                      "Parent Relationship": "Inner",
                                                      "Parallel Aware": true,
                                                      "Startup Cost": 45504.33,
                                                      "Total Cost": 45504.33,
                                                      "Plan Rows": 11,
                                                      "Plan Width": 4,
                                                      "Actual Startup Time": 333.515,
                                                      "Actual Total Time": 333.519,
                                                      "Actual Rows": 10460,
                                                      "Actual Loops": 4,
                                                      "Hash Buckets": 65536,
                                                      "Original Hash Buckets": 1024,
                                                      "Hash Batches": 1,
                                                      "Original Hash Batches": 1,
                                                      "Peak Memory Usage": 2712,
                                                      "Plans": [
                                                        {
                                                          "Node Type": "Hash Join",
                                                          "Parent Relationship": "Outer",
                                                          "Parallel Aware": false,
                                                          "Join Type": "Inner",
                                                          "Startup Cost": 2626.14,
                                                          "Total Cost": 45504.33,
                                                          "Plan Rows": 11,
                                                          "Plan Width": 4,
                                                          "Actual Startup Time": 27.889,
                                                          "Actual Total Time": 287.153,
                                                          "Actual Rows": 10460,
                                                          "Actual Loops": 4,
                                                          "Inner Unique": true,
                                                          "Hash Cond": "(mk.keyword_id = k.id)",
                                                          "Plans": [
                                                            {
                                                              "Node Type": "Seq Scan",
                                                              "Parent Relationship": "Outer",
                                                              "Parallel Aware": true,
                                                              "Relation Name": "movie_keyword",
                                                              "Alias": "mk",
                                                              "Startup Cost": 0.0,
                                                              "Total Cost": 39047.32,
                                                              "Plan Rows": 1459332,
                                                              "Plan Width": 8,
                                                              "Actual Startup Time": 0.061,
                                                              "Actual Total Time": 152.33,
                                                              "Actual Rows": 1130982,
                                                              "Actual Loops": 4
                                                            },
                                                            {
                                                              "Node Type": "Hash",
                                                              "Parent Relationship": "Inner",
                                                              "Parallel Aware": false,
                                                              "Startup Cost": 2626.12,
                                                              "Total Cost": 2626.12,
                                                              "Plan Rows": 1,
                                                              "Plan Width": 4,
                                                              "Actual Startup Time": 27.71,
                                                              "Actual Total Time": 27.711,
                                                              "Actual Rows": 1,
                                                              "Actual Loops": 4,
                                                              "Hash Buckets": 1024,
                                                              "Original Hash Buckets": 1024,
                                                              "Hash Batches": 1,
                                                              "Original Hash Batches": 1,
                                                              "Peak Memory Usage": 9,
                                                              "Plans": [
                                                                {
                                                                  "Node Type": "Seq Scan",
                                                                  "Parent Relationship": "Outer",
                                                                  "Parallel Aware": false,
                                                                  "Relation Name": "keyword",
                                                                  "Alias": "k",
                                                                  "Startup Cost": 0.0,
                                                                  "Total Cost": 2626.12,
                                                                  "Plan Rows": 1,
                                                                  "Plan Width": 4,
                                                                  "Actual Startup Time": 2.14,
                                                                  "Actual Total Time": 27.686,
                                                                  "Actual Rows": 1,
                                                                  "Actual Loops": 4,
                                                                  "Filter": "(keyword = 'character-name-in-title'::text)",
                                                                  "Rows Removed by Filter": 134169
                                                                }
                                                              ]
                                                            }
                                                          ]
                                                        }
                                                      ]
                                                    }
                                                  ]
                                                }
                                              ]
                                            }
                                          ]
                                        }
                                      ]
                                    }
                                  ]
                                }
                              ]
                            }
                          ]
                        }
                      ]
                    }
                  ]
                }
              ]
            }
          ]
        }
      ]
    },
    "Planning Time": 18.639,
    "Triggers": [],
    "Execution Time": 4084.773
  }
]