[
    {
        "Bao": {
            "Bao prediction": "NaN",
            "Bao recommended hint": "(no hint)"
        }
    },
    {
        "Plan": {
            "Node Type": "Aggregate",
            "Strategy": "Plain",
            "Partial Mode": "Simple",
            "Parallel Aware": false,
            "Startup Cost": 1194.38,
            "Total Cost": 1194.39,
            "Plan Rows": 1,
            "Plan Width": 8,
            "Actual Startup Time": 5.61,
            "Actual Total Time": 5.615,
            "Actual Rows": 1,
            "Actual Loops": 1,
            "Output": [
                "count(*)"
            ],
            "Plans": [
                {
                    "Node Type": "Nested Loop",
                    "Parent Relationship": "Outer",
                    "Parallel Aware": false,
                    "Join Type": "Inner",
                    "Startup Cost": 281.87,
                    "Total Cost": 1194.38,
                    "Plan Rows": 1,
                    "Plan Width": 0,
                    "Actual Startup Time": 2.507,
                    "Actual Total Time": 5.605,
                    "Actual Rows": 3,
                    "Actual Loops": 1,
                    "Inner Unique": true,
                    "Join Filter": "(mc.movie_id = t.id)",
                    "Rows Removed by Join Filter": 0,
                    "Plans": [
                        {
                            "Node Type": "Hash Join",
                            "Parent Relationship": "Outer",
                            "Parallel Aware": false,
                            "Join Type": "Inner",
                            "Startup Cost": 281.44,
                            "Total Cost": 1185.97,
                            "Plan Rows": 1,
                            "Plan Width": 8,
                            "Actual Startup Time": 2.48,
                            "Actual Total Time": 5.528,
                            "Actual Rows": 3,
                            "Actual Loops": 1,
                            "Output": [
                                "mc.movie_id",
                                "mk.movie_id"
                            ],
                            "Inner Unique": false,
                            "Hash Cond": "(mk.movie_id = mc.movie_id)",
                            "Plans": [
                                {
                                    "Node Type": "Bitmap Heap Scan",
                                    "Parent Relationship": "Outer",
                                    "Parallel Aware": false,
                                    "Relation Name": "movie_keyword",
                                    "Schema": "public",
                                    "Alias": "mk",
                                    "Startup Cost": 6.32,
                                    "Total Cost": 908.7,
                                    "Plan Rows": 244,
                                    "Plan Width": 4,
                                    "Actual Startup Time": 1.018,
                                    "Actual Total Time": 4.587,
                                    "Actual Rows": 1514,
                                    "Actual Loops": 1,
                                    "Output": [
                                        "mk.id",
                                        "mk.movie_id",
                                        "mk.keyword_id"
                                    ],
                                    "Recheck Cond": "(mk.keyword_id = 7861)",
                                    "Rows Removed by Index Recheck": 0,
                                    "Exact Heap Blocks": 1347,
                                    "Lossy Heap Blocks": 0,
                                    "Plans": [
                                        {
                                            "Node Type": "Bitmap Index Scan",
                                            "Parent Relationship": "Outer",
                                            "Parallel Aware": false,
                                            "Index Name": "keyword_id_movie_keyword",
                                            "Startup Cost": 0.0,
                                            "Total Cost": 6.26,
                                            "Plan Rows": 244,
                                            "Plan Width": 0,
                                            "Actual Startup Time": 0.602,
                                            "Actual Total Time": 0.603,
                                            "Actual Rows": 1514,
                                            "Actual Loops": 1,
                                            "Index Cond": "(mk.keyword_id = 7861)"
                                        }
                                    ]
                                },
                                {
                                    "Node Type": "Hash",
                                    "Parent Relationship": "Inner",
                                    "Parallel Aware": false,
                                    "Startup Cost": 273.84,
                                    "Total Cost": 273.84,
                                    "Plan Rows": 102,
                                    "Plan Width": 4,
                                    "Actual Startup Time": 0.514,
                                    "Actual Total Time": 0.515,
                                    "Actual Rows": 182,
                                    "Actual Loops": 1,
                                    "Output": [
                                        "mc.movie_id"
                                    ],
                                    "Hash Buckets": 1024,
                                    "Original Hash Buckets": 1024,
                                    "Hash Batches": 1,
                                    "Original Hash Batches": 1,
                                    "Peak Memory Usage": 15,
                                    "Plans": [
                                        {
                                            "Node Type": "Index Scan",
                                            "Parent Relationship": "Outer",
                                            "Parallel Aware": false,
                                            "Scan Direction": "Forward",
                                            "Index Name": "company_id_movie_companies",
                                            "Relation Name": "movie_companies",
                                            "Schema": "public",
                                            "Alias": "mc",
                                            "Startup Cost": 0.43,
                                            "Total Cost": 273.84,
                                            "Plan Rows": 102,
                                            "Plan Width": 4,
                                            "Actual Startup Time": 0.098,
                                            "Actual Total Time": 0.443,
                                            "Actual Rows": 182,
                                            "Actual Loops": 1,
                                            "Output": [
                                                "mc.movie_id"
                                            ],
                                            "Index Cond": "(mc.company_id = 2614)",
                                            "Rows Removed by Index Recheck": 0
                                        }
                                    ]
                                }
                            ]
                        },
                        {
                            "Node Type": "Index Only Scan",
                            "Parent Relationship": "Inner",
                            "Parallel Aware": false,
                            "Scan Direction": "Forward",
                            "Index Name": "title_pkey",
                            "Relation Name": "title",
                            "Schema": "public",
                            "Alias": "t",
                            "Startup Cost": 0.43,
                            "Total Cost": 8.4,
                            "Plan Rows": 1,
                            "Plan Width": 4,
                            "Actual Startup Time": 0.02,
                            "Actual Total Time": 0.02,
                            "Actual Rows": 1,
                            "Actual Loops": 3,
                            "Output": [
                                "t.id"
                            ],
                            "Index Cond": "(t.id = mk.movie_id)",
                            "Rows Removed by Index Recheck": 0,
                            "Heap Fetches": 3
                        }
                    ]
                }
            ]
        },
        "Planning Time": 209.868,
        "Triggers": [],
        "Execution Time": 5.732
    }
]