[
  {
    "Plan": {
      "Node Type": "Aggregate",
      "Strategy": "Plain",
      "Partial Mode": "Finalize",
      "Parallel Aware": false,
      "Startup Cost": 662952.91,
      "Total Cost": 662952.92,
      "Plan Rows": 1,
      "Plan Width": 8,
      "Actual Startup Time": 7642.248,
      "Actual Total Time": 7727.403,
      "Actual Rows": 1,
      "Actual Loops": 1,
      "Plans": [
        {
          "Node Type": "Gather",
          "Parent Relationship": "Outer",
          "Parallel Aware": false,
          "Startup Cost": 662952.28,
          "Total Cost": 662952.89,
          "Plan Rows": 6,
          "Plan Width": 8,
          "Actual Startup Time": 7591.378,
          "Actual Total Time": 7727.377,
          "Actual Rows": 7,
          "Actual Loops": 1,
          "Workers Planned": 6,
          "Workers Launched": 6,
          "Single Copy": false,
          "Plans": [
            {
              "Node Type": "Aggregate",
              "Strategy": "Plain",
              "Partial Mode": "Partial",
              "Parent Relationship": "Outer",
              "Parallel Aware": false,
              "Startup Cost": 661952.28,
              "Total Cost": 661952.29,
              "Plan Rows": 1,
              "Plan Width": 8,
              "Actual Startup Time": 7558.111,
              "Actual Total Time": 7559.586,
              "Actual Rows": 1,
              "Actual Loops": 7,
              "Plans": [
                {
                  "Node Type": "Hash Join",
                  "Parent Relationship": "Outer",
                  "Parallel Aware": true,
                  "Join Type": "Inner",
                  "Startup Cost": 266391.15,
                  "Total Cost": 628701.4,
                  "Plan Rows": 13300354,
                  "Plan Width": 0,
                  "Actual Startup Time": 1155.296,
                  "Actual Total Time": 6439.542,
                  "Actual Rows": 28729508,
                  "Actual Loops": 7,
                  "Inner Unique": false,
                  "Hash Cond": "(ci.movie_id = t.id)",
                  "Plans": [
                    {
                      "Node Type": "Seq Scan",
                      "Parent Relationship": "Outer",
                      "Parallel Aware": true,
                      "Relation Name": "cast_info",
                      "Alias": "ci",
                      "Startup Cost": 0.0,
                      "Total Cost": 313067.02,
                      "Plan Rows": 6038002,
                      "Plan Width": 4,
                      "Actual Startup Time": 0.019,
                      "Actual Total Time": 505.65,
                      "Actual Rows": 5177763,
                      "Actual Loops": 7
                    },
                    {
                      "Node Type": "Hash",
                      "Parent Relationship": "Inner",
                      "Parallel Aware": true,
                      "Startup Cost": 252468.0,
                      "Total Cost": 252468.0,
                      "Plan Rows": 1113852,
                      "Plan Width": 8,
                      "Actual Startup Time": 1144.711,
                      "Actual Total Time": 1146.184,
                      "Actual Rows": 671281,
                      "Actual Loops": 7,
                      "Hash Buckets": 8388608,
                      "Original Hash Buckets": 8388608,
                      "Hash Batches": 1,
                      "Original Hash Batches": 1,
                      "Peak Memory Usage": 249440,
                      "Plans": [
                        {
                          "Node Type": "Hash Join",
                          "Parent Relationship": "Outer",
                          "Parallel Aware": true,
                          "Join Type": "Inner",
                          "Startup Cost": 48565.59,
                          "Total Cost": 252468.0,
                          "Plan Rows": 1113852,
                          "Plan Width": 8,
                          "Actual Startup Time": 197.726,
                          "Actual Total Time": 868.884,
                          "Actual Rows": 671281,
                          "Actual Loops": 7,
                          "Inner Unique": true,
                          "Hash Cond": "(mi.movie_id = t.id)",
                          "Plans": [
                            {
                              "Node Type": "Seq Scan",
                              "Parent Relationship": "Outer",
                              "Parallel Aware": true,
                              "Relation Name": "movie_info",
                              "Alias": "mi",
                              "Startup Cost": 0.0,
                              "Total Cost": 198952.16,
                              "Plan Rows": 1885804,
                              "Plan Width": 4,
                              "Actual Startup Time": 14.91,
                              "Actual Total Time": 312.373,
                              "Actual Rows": 1346457,
                              "Actual Loops": 7,
                              "Filter": "(info_type_id > 5)",
                              "Rows Removed by Filter": 772931
                            },
                            {
                              "Node Type": "Hash",
                              "Parent Relationship": "Inner",
                              "Parallel Aware": true,
                              "Startup Cost": 43898.92,
                              "Total Cost": 43898.92,
                              "Plan Rows": 373334,
                              "Plan Width": 4,
                              "Actual Startup Time": 181.024,
                              "Actual Total Time": 181.025,
                              "Actual Rows": 212147,
                              "Actual Loops": 7,
                              "Hash Buckets": 2097152,
                              "Original Hash Buckets": 2097152,
                              "Hash Batches": 1,
                              "Original Hash Batches": 1,
                              "Peak Memory Usage": 74560,
                              "Plans": [
                                {
                                  "Node Type": "Seq Scan",
                                  "Parent Relationship": "Outer",
                                  "Parallel Aware": true,
                                  "Relation Name": "title",
                                  "Alias": "t",
                                  "Startup Cost": 0.0,
                                  "Total Cost": 43898.92,
                                  "Plan Rows": 373334,
                                  "Plan Width": 4,
                                  "Actual Startup Time": 0.048,
                                  "Actual Total Time": 79.082,
                                  "Actual Rows": 212147,
                                  "Actual Loops": 7,
                                  "Filter": "(production_year > 1998)",
                                  "Rows Removed by Filter": 149040
                                }
                              ]
                            }
                          ]
                        }
                      ]
                    }
                  ]
                }
              ]
            }
          ]
        }
      ]
    },
    "Planning Time": 1.297,
    "Triggers": [],
    "Execution Time": 7727.498
  }
]