[
  {
    "Plan": {
      "Node Type": "Aggregate",
      "Strategy": "Plain",
      "Partial Mode": "Finalize",
      "Parallel Aware": false,
      "Startup Cost": 46023.17,
      "Total Cost": 46023.18,
      "Plan Rows": 1,
      "Plan Width": 8,
      "Actual Startup Time": 108.157,
      "Actual Total Time": 120.537,
      "Actual Rows": 1,
      "Actual Loops": 1,
      "Plans": [
        {
          "Node Type": "Gather",
          "Parent Relationship": "Outer",
          "Parallel Aware": false,
          "Startup Cost": 46022.75,
          "Total Cost": 46023.16,
          "Plan Rows": 4,
          "Plan Width": 8,
          "Actual Startup Time": 107.956,
          "Actual Total Time": 120.524,
          "Actual Rows": 5,
          "Actual Loops": 1,
          "Workers Planned": 4,
          "Workers Launched": 4,
          "Single Copy": false,
          "Plans": [
            {
              "Node Type": "Aggregate",
              "Strategy": "Plain",
              "Partial Mode": "Partial",
              "Parent Relationship": "Outer",
              "Parallel Aware": false,
              "Startup Cost": 45022.75,
              "Total Cost": 45022.76,
              "Plan Rows": 1,
              "Plan Width": 8,
              "Actual Startup Time": 102.926,
              "Actual Total Time": 102.928,
              "Actual Rows": 1,
              "Actual Loops": 5,
              "Plans": [
                {
                  "Node Type": "Seq Scan",
                  "Parent Relationship": "Outer",
                  "Parallel Aware": true,
                  "Relation Name": "title",
                  "Alias": "t",
                  "Startup Cost": 0.0,
                  "Total Cost": 43899.32,
                  "Plan Rows": 449372,
                  "Plan Width": 0,
                  "Actual Startup Time": 0.029,
                  "Actual Total Time": 87.387,
                  "Actual Rows": 358831,
                  "Actual Loops": 5,
                  "Filter": "(production_year < 2009)",
                  "Rows Removed by Filter": 146832
                }
              ]
            }
          ]
        }
      ]
    },
    "Planning Time": 0.08,
    "Triggers": [],
    "Execution Time": 120.57
  }
]