{
  "Plan": {
    "Node Type": "Aggregate",
    "Strategy": "Plain",
    "Partial Mode": "Finalize",
    "Parallel Aware": false,
    "Startup Cost": 330243.17,
    "Total Cost": 330243.18,
    "Plan Rows": 1,
    "Plan Width": 8,
    "Actual Startup Time": 1799.074,
    "Actual Total Time": 1848.553,
    "Actual Rows": 1,
    "Actual Loops": 1,
    "Plans": [
      {
        "Node Type": "Gather",
        "Parent Relationship": "Outer",
        "Parallel Aware": false,
        "Startup Cost": 330243.06,
        "Total Cost": 330243.17,
        "Plan Rows": 1,
        "Plan Width": 8,
        "Actual Startup Time": 1798.483,
        "Actual Total Time": 1848.545,
        "Actual Rows": 2,
        "Actual Loops": 1,
        "Workers Planned": 1,
        "Workers Launched": 1,
        "Single Copy": false,
        "Plans": [
          {
            "Node Type": "Aggregate",
            "Strategy": "Plain",
            "Partial Mode": "Partial",
            "Parent Relationship": "Outer",
            "Parallel Aware": false,
            "Startup Cost": 329243.06,
            "Total Cost": 329243.07,
            "Plan Rows": 1,
            "Plan Width": 8,
            "Actual Startup Time": 1792.527,
            "Actual Total Time": 1792.53,
            "Actual Rows": 1,
            "Actual Loops": 2,
            "Plans": [
              {
                "Node Type": "Hash Join",
                "Parent Relationship": "Outer",
                "Parallel Aware": true,
                "Join Type": "Inner",
                "Startup Cost": 55911.84,
                "Total Cost": 327695.33,
                "Plan Rows": 619091,
                "Plan Width": 0,
                "Actual Startup Time": 164.511,
                "Actual Total Time": 1749.695,
                "Actual Rows": 1066234,
                "Actual Loops": 2,
                "Inner Unique": true,
                "Hash Cond": "(mi.movie_id = t.id)",
                "Plans": [
                  {
                    "Node Type": "Seq Scan",
                    "Parent Relationship": "Outer",
                    "Parallel Aware": true,
                    "Relation Name": "movie_info",
                    "Alias": "mi",
                    "Startup Cost": 0.0,
                    "Total Cost": 248955.74,
                    "Plan Rows": 8696274,
                    "Plan Width": 4,
                    "Actual Startup Time": 0.01,
                    "Actual Total Time": 642.332,
                    "Actual Rows": 7417860,
                    "Actual Loops": 2
                  },
                  {
                    "Node Type": "Hash",
                    "Parent Relationship": "Inner",
                    "Parallel Aware": true,
                    "Startup Cost": 54588.39,
                    "Total Cost": 54588.39,
                    "Plan Rows": 105876,
                    "Plan Width": 4,
                    "Actual Startup Time": 159.731,
                    "Actual Total Time": 159.732,
                    "Actual Rows": 93895,
                    "Actual Loops": 2,
                    "Hash Buckets": 262144,
                    "Original Hash Buckets": 262144,
                    "Hash Batches": 1,
                    "Original Hash Batches": 1,
                    "Peak Memory Usage": 9440,
                    "Plans": [
                      {
                        "Node Type": "Seq Scan",
                        "Parent Relationship": "Outer",
                        "Parallel Aware": true,
                        "Relation Name": "title",
                        "Alias": "t",
                        "Startup Cost": 0.0,
                        "Total Cost": 54588.39,
                        "Plan Rows": 105876,
                        "Plan Width": 4,
                        "Actual Startup Time": 0.075,
                        "Actual Total Time": 138.161,
                        "Actual Rows": 93895,
                        "Actual Loops": 2,
                        "Filter": "(production_year < 1954)",
                        "Rows Removed by Filter": 1170261
                      }
                    ]
                  }
                ]
              }
            ]
          }
        ]
      }
    ]
  },
  "Planning Time": 0.564,
  "Triggers": [],
  "Execution Time": 1848.631
}