[
  {
    "Plan": {
      "Node Type": "Aggregate",
      "Strategy": "Plain",
      "Partial Mode": "Finalize",
      "Parallel Aware": false,
      "Startup Cost": 332499.57,
      "Total Cost": 332499.58,
      "Plan Rows": 1,
      "Plan Width": 8,
      "Actual Startup Time": 786.736,
      "Actual Total Time": 853.682,
      "Actual Rows": 1,
      "Actual Loops": 1,
      "Plans": [
        {
          "Node Type": "Gather",
          "Parent Relationship": "Outer",
          "Parallel Aware": false,
          "Startup Cost": 332498.95,
          "Total Cost": 332499.56,
          "Plan Rows": 6,
          "Plan Width": 8,
          "Actual Startup Time": 786.528,
          "Actual Total Time": 853.662,
          "Actual Rows": 7,
          "Actual Loops": 1,
          "Workers Planned": 6,
          "Workers Launched": 6,
          "Single Copy": false,
          "Plans": [
            {
              "Node Type": "Aggregate",
              "Strategy": "Plain",
              "Partial Mode": "Partial",
              "Parent Relationship": "Outer",
              "Parallel Aware": false,
              "Startup Cost": 331498.95,
              "Total Cost": 331498.96,
              "Plan Rows": 1,
              "Plan Width": 8,
              "Actual Startup Time": 777.985,
              "Actual Total Time": 777.987,
              "Actual Rows": 1,
              "Actual Loops": 7,
              "Plans": [
                {
                  "Node Type": "Seq Scan",
                  "Parent Relationship": "Outer",
                  "Parallel Aware": true,
                  "Relation Name": "cast_info",
                  "Alias": "ci",
                  "Startup Cost": 0.0,
                  "Total Cost": 328211.39,
                  "Plan Rows": 1315022,
                  "Plan Width": 0,
                  "Actual Startup Time": 0.039,
                  "Actual Total Time": 708.121,
                  "Actual Rows": 1143478,
                  "Actual Loops": 7,
                  "Filter": "(person_id < 782402)",
                  "Rows Removed by Filter": 4034285
                }
              ]
            }
          ]
        }
      ]
    },
    "Planning Time": 0.112,
    "Triggers": [],
    "Execution Time": 853.735
  }
]