[
  {
    "Plan": {
      "Node Type": "Aggregate",
      "Strategy": "Plain",
      "Partial Mode": "Finalize",
      "Parallel Aware": false,
      "Startup Cost": 45934.2,
      "Total Cost": 45934.21,
      "Plan Rows": 1,
      "Plan Width": 8,
      "Actual Startup Time": 175.664,
      "Actual Total Time": 183.297,
      "Actual Rows": 1,
      "Actual Loops": 1,
      "Plans": [
        {
          "Node Type": "Gather",
          "Parent Relationship": "Outer",
          "Parallel Aware": false,
          "Startup Cost": 45933.89,
          "Total Cost": 45934.2,
          "Plan Rows": 3,
          "Plan Width": 8,
          "Actual Startup Time": 175.557,
          "Actual Total Time": 183.289,
          "Actual Rows": 4,
          "Actual Loops": 1,
          "Workers Planned": 3,
          "Workers Launched": 3,
          "Single Copy": false,
          "Plans": [
            {
              "Node Type": "Aggregate",
              "Strategy": "Plain",
              "Partial Mode": "Partial",
              "Parent Relationship": "Outer",
              "Parallel Aware": false,
              "Startup Cost": 44933.89,
              "Total Cost": 44933.9,
              "Plan Rows": 1,
              "Plan Width": 8,
              "Actual Startup Time": 170.37,
              "Actual Total Time": 170.371,
              "Actual Rows": 1,
              "Actual Loops": 4,
              "Plans": [
                {
                  "Node Type": "Seq Scan",
                  "Parent Relationship": "Outer",
                  "Parallel Aware": true,
                  "Relation Name": "movie_keyword",
                  "Alias": "mk",
                  "Startup Cost": 0.0,
                  "Total Cost": 42695.65,
                  "Plan Rows": 895293,
                  "Plan Width": 0,
                  "Actual Startup Time": 0.191,
                  "Actual Total Time": 130.918,
                  "Actual Rows": 693032,
                  "Actual Loops": 4,
                  "Filter": "(keyword_id > 2859)",
                  "Rows Removed by Filter": 437950
                }
              ]
            }
          ]
        }
      ]
    },
    "Planning Time": 0.093,
    "Triggers": [],
    "Execution Time": 183.331
  }
]