[
  {
    "Plan": {
      "Node Type": "Aggregate",
      "Strategy": "Plain",
      "Partial Mode": "Finalize",
      "Parallel Aware": false,
      "Startup Cost": 45941.83,
      "Total Cost": 45941.84,
      "Plan Rows": 1,
      "Plan Width": 8,
      "Actual Startup Time": 157.82,
      "Actual Total Time": 168.144,
      "Actual Rows": 1,
      "Actual Loops": 1,
      "Plans": [
        {
          "Node Type": "Gather",
          "Parent Relationship": "Outer",
          "Parallel Aware": false,
          "Startup Cost": 45941.52,
          "Total Cost": 45941.83,
          "Plan Rows": 3,
          "Plan Width": 8,
          "Actual Startup Time": 157.679,
          "Actual Total Time": 168.134,
          "Actual Rows": 4,
          "Actual Loops": 1,
          "Workers Planned": 3,
          "Workers Launched": 3,
          "Single Copy": false,
          "Plans": [
            {
              "Node Type": "Aggregate",
              "Strategy": "Plain",
              "Partial Mode": "Partial",
              "Parent Relationship": "Outer",
              "Parallel Aware": false,
              "Startup Cost": 44941.52,
              "Total Cost": 44941.53,
              "Plan Rows": 1,
              "Plan Width": 8,
              "Actual Startup Time": 151.095,
              "Actual Total Time": 151.096,
              "Actual Rows": 1,
              "Actual Loops": 4,
              "Plans": [
                {
                  "Node Type": "Seq Scan",
                  "Parent Relationship": "Outer",
                  "Parallel Aware": true,
                  "Relation Name": "movie_keyword",
                  "Alias": "mk",
                  "Startup Cost": 0.0,
                  "Total Cost": 42695.65,
                  "Plan Rows": 898345,
                  "Plan Width": 0,
                  "Actual Startup Time": 0.448,
                  "Actual Total Time": 119.857,
                  "Actual Rows": 693032,
                  "Actual Loops": 4,
                  "Filter": "(keyword_id > 2859)",
                  "Rows Removed by Filter": 437950
                }
              ]
            }
          ]
        }
      ]
    },
    "Planning Time": 0.18,
    "Triggers": [],
    "Execution Time": 168.199
  }
]