[
  {
    "Plan": {
      "Node Type": "Aggregate",
      "Strategy": "Plain",
      "Partial Mode": "Finalize",
      "Parallel Aware": false,
      "Startup Cost": 31400.05,
      "Total Cost": 31400.06,
      "Plan Rows": 1,
      "Plan Width": 8,
      "Actual Startup Time": 118.238,
      "Actual Total Time": 126.077,
      "Actual Rows": 1,
      "Actual Loops": 1,
      "Plans": [
        {
          "Node Type": "Gather",
          "Parent Relationship": "Outer",
          "Parallel Aware": false,
          "Startup Cost": 31399.74,
          "Total Cost": 31400.05,
          "Plan Rows": 3,
          "Plan Width": 8,
          "Actual Startup Time": 118.13,
          "Actual Total Time": 126.069,
          "Actual Rows": 4,
          "Actual Loops": 1,
          "Workers Planned": 3,
          "Workers Launched": 3,
          "Single Copy": false,
          "Plans": [
            {
              "Node Type": "Aggregate",
              "Strategy": "Plain",
              "Partial Mode": "Partial",
              "Parent Relationship": "Outer",
              "Parallel Aware": false,
              "Startup Cost": 30399.74,
              "Total Cost": 30399.75,
              "Plan Rows": 1,
              "Plan Width": 8,
              "Actual Startup Time": 109.402,
              "Actual Total Time": 109.403,
              "Actual Rows": 1,
              "Actual Loops": 4,
              "Plans": [
                {
                  "Node Type": "Seq Scan",
                  "Parent Relationship": "Outer",
                  "Parallel Aware": true,
                  "Relation Name": "movie_companies",
                  "Alias": "mc",
                  "Startup Cost": 0.0,
                  "Total Cost": 29310.68,
                  "Plan Rows": 435622,
                  "Plan Width": 0,
                  "Actual Startup Time": 0.038,
                  "Actual Total Time": 88.245,
                  "Actual Rows": 339445,
                  "Actual Loops": 4,
                  "Filter": "(company_id < 11663)",
                  "Rows Removed by Filter": 312838
                }
              ]
            }
          ]
        }
      ]
    },
    "Planning Time": 0.202,
    "Triggers": [],
    "Execution Time": 126.138
  }
]