[
  {
    "Plan": {
      "Node Type": "Aggregate",
      "Strategy": "Plain",
      "Partial Mode": "Finalize",
      "Parallel Aware": false,
      "Startup Cost": 33218.26,
      "Total Cost": 33218.27,
      "Plan Rows": 1,
      "Plan Width": 8,
      "Actual Startup Time": 96.413,
      "Actual Total Time": 104.162,
      "Actual Rows": 1,
      "Actual Loops": 1,
      "Plans": [
        {
          "Node Type": "Gather",
          "Parent Relationship": "Outer",
          "Parallel Aware": false,
          "Startup Cost": 33217.94,
          "Total Cost": 33218.25,
          "Plan Rows": 3,
          "Plan Width": 8,
          "Actual Startup Time": 96.268,
          "Actual Total Time": 104.145,
          "Actual Rows": 4,
          "Actual Loops": 1,
          "Workers Planned": 3,
          "Workers Launched": 3,
          "Single Copy": false,
          "Plans": [
            {
              "Node Type": "Aggregate",
              "Strategy": "Plain",
              "Partial Mode": "Partial",
              "Parent Relationship": "Outer",
              "Parallel Aware": false,
              "Startup Cost": 32217.94,
              "Total Cost": 32217.95,
              "Plan Rows": 1,
              "Plan Width": 8,
              "Actual Startup Time": 92.448,
              "Actual Total Time": 92.45,
              "Actual Rows": 1,
              "Actual Loops": 4,
              "Plans": [
                {
                  "Node Type": "Seq Scan",
                  "Parent Relationship": "Outer",
                  "Parallel Aware": true,
                  "Relation Name": "movie_companies",
                  "Alias": "mc",
                  "Startup Cost": 0.0,
                  "Total Cost": 31414.82,
                  "Plan Rows": 321249,
                  "Plan Width": 0,
                  "Actual Startup Time": 0.013,
                  "Actual Total Time": 77.616,
                  "Actual Rows": 318562,
                  "Actual Loops": 4,
                  "Filter": "((company_id < 71447) AND (company_type_id < 2))",
                  "Rows Removed by Filter": 333721
                }
              ]
            }
          ]
        }
      ]
    },
    "Planning Time": 0.228,
    "Triggers": [],
    "Execution Time": 104.219
  }
]