[
    {
        "Bao": {
            "Bao prediction": 470.357,
            "Bao recommended hint": "(no hint)"
        }
    },
    {
        "Plan": {
            "Node Type": "Aggregate",
            "Strategy": "Plain",
            "Partial Mode": "Finalize",
            "Parallel Aware": false,
            "Startup Cost": 33474.02,
            "Total Cost": 33474.03,
            "Plan Rows": 1,
            "Plan Width": 8,
            "Actual Startup Time": 133.888,
            "Actual Total Time": 141.56,
            "Actual Rows": 1,
            "Actual Loops": 1,
            "Output": [
                "count(*)"
            ],
            "Plans": [
                {
                    "Node Type": "Gather",
                    "Parent Relationship": "Outer",
                    "Parallel Aware": false,
                    "Startup Cost": 33473.71,
                    "Total Cost": 33474.02,
                    "Plan Rows": 3,
                    "Plan Width": 8,
                    "Actual Startup Time": 133.756,
                    "Actual Total Time": 141.552,
                    "Actual Rows": 4,
                    "Actual Loops": 1,
                    "Output": [
                        "(PARTIAL count(*))"
                    ],
                    "Workers Planned": 3,
                    "Workers Launched": 3,
                    "Single Copy": false,
                    "Plans": [
                        {
                            "Node Type": "Aggregate",
                            "Strategy": "Plain",
                            "Partial Mode": "Partial",
                            "Parent Relationship": "Outer",
                            "Parallel Aware": false,
                            "Startup Cost": 32473.71,
                            "Total Cost": 32473.72,
                            "Plan Rows": 1,
                            "Plan Width": 8,
                            "Actual Startup Time": 126.077,
                            "Actual Total Time": 126.078,
                            "Actual Rows": 1,
                            "Actual Loops": 4,
                            "Output": [
                                "PARTIAL count(*)"
                            ],
                            "Workers": [
                                {
                                    "Worker Number": 0,
                                    "Actual Startup Time": 123.531,
                                    "Actual Total Time": 123.532,
                                    "Actual Rows": 1,
                                    "Actual Loops": 1
                                },
                                {
                                    "Worker Number": 1,
                                    "Actual Startup Time": 123.744,
                                    "Actual Total Time": 123.745,
                                    "Actual Rows": 1,
                                    "Actual Loops": 1
                                },
                                {
                                    "Worker Number": 2,
                                    "Actual Startup Time": 123.84,
                                    "Actual Total Time": 123.84,
                                    "Actual Rows": 1,
                                    "Actual Loops": 1
                                }
                            ],
                            "Plans": [
                                {
                                    "Node Type": "Seq Scan",
                                    "Parent Relationship": "Outer",
                                    "Parallel Aware": true,
                                    "Relation Name": "movie_companies",
                                    "Schema": "public",
                                    "Alias": "mc",
                                    "Startup Cost": 0.0,
                                    "Total Cost": 31414.82,
                                    "Plan Rows": 423555,
                                    "Plan Width": 0,
                                    "Actual Startup Time": 52.515,
                                    "Actual Total Time": 105.369,
                                    "Actual Rows": 324917,
                                    "Actual Loops": 4,
                                    "Output": [
                                        "id",
                                        "movie_id",
                                        "company_id",
                                        "company_type_id",
                                        "note"
                                    ],
                                    "Filter": "((mc.company_id < 203354) AND (mc.company_type_id = 2))",
                                    "Rows Removed by Filter": 327366,
                                    "Workers": [
                                        {
                                            "Worker Number": 0,
                                            "Actual Startup Time": 49.956,
                                            "Actual Total Time": 103.059,
                                            "Actual Rows": 313702,
                                            "Actual Loops": 1
                                        },
                                        {
                                            "Worker Number": 1,
                                            "Actual Startup Time": 50.186,
                                            "Actual Total Time": 103.206,
                                            "Actual Rows": 314919,
                                            "Actual Loops": 1
                                        },
                                        {
                                            "Worker Number": 2,
                                            "Actual Startup Time": 50.276,
                                            "Actual Total Time": 103.686,
                                            "Actual Rows": 308298,
                                            "Actual Loops": 1
                                        }
                                    ]
                                }
                            ]
                        }
                    ]
                }
            ]
        },
        "Planning Time": 1395.362,
        "Triggers": [],
        "Execution Time": 141.643
    }
]