[
  {
    "Plan": {
      "Node Type": "Aggregate",
      "Strategy": "Plain",
      "Partial Mode": "Finalize",
      "Parallel Aware": false,
      "Startup Cost": 44965.7,
      "Total Cost": 44965.71,
      "Plan Rows": 1,
      "Plan Width": 8,
      "Actual Startup Time": 133.565,
      "Actual Total Time": 143.284,
      "Actual Rows": 1,
      "Actual Loops": 1,
      "Plans": [
        {
          "Node Type": "Gather",
          "Parent Relationship": "Outer",
          "Parallel Aware": false,
          "Startup Cost": 44965.38,
          "Total Cost": 44965.69,
          "Plan Rows": 3,
          "Plan Width": 8,
          "Actual Startup Time": 133.457,
          "Actual Total Time": 143.275,
          "Actual Rows": 4,
          "Actual Loops": 1,
          "Workers Planned": 3,
          "Workers Launched": 3,
          "Single Copy": false,
          "Plans": [
            {
              "Node Type": "Aggregate",
              "Strategy": "Plain",
              "Partial Mode": "Partial",
              "Parent Relationship": "Outer",
              "Parallel Aware": false,
              "Startup Cost": 43965.38,
              "Total Cost": 43965.39,
              "Plan Rows": 1,
              "Plan Width": 8,
              "Actual Startup Time": 127.183,
              "Actual Total Time": 127.184,
              "Actual Rows": 1,
              "Actual Loops": 4,
              "Plans": [
                {
                  "Node Type": "Seq Scan",
                  "Parent Relationship": "Outer",
                  "Parallel Aware": true,
                  "Relation Name": "movie_keyword",
                  "Alias": "mk",
                  "Startup Cost": 0.0,
                  "Total Cost": 42695.65,
                  "Plan Rows": 507892,
                  "Plan Width": 0,
                  "Actual Startup Time": 1.476,
                  "Actual Total Time": 107.172,
                  "Actual Rows": 395883,
                  "Actual Loops": 4,
                  "Filter": "(keyword_id > 9833)",
                  "Rows Removed by Filter": 735100
                }
              ]
            }
          ]
        }
      ]
    },
    "Planning Time": 0.175,
    "Triggers": [],
    "Execution Time": 143.337
  }
]